<?xml version="1.0" encoding="UTF-8"?>
<testsuite xmlns:xsi="http://www.w3.org/2001/XMLSchema-instance" xsi:noNamespaceSchemaLocation="https://maven.apache.org/surefire/maven-failsafe-plugin/xsd/failsafe-test-report.xsd" version="3.0.2" name="io.apicurio.tests.serdes.apicurio.AvroSerdeIT" time="104.971" tests="21" errors="0" skipped="2" failures="0">
  <properties>
    <property name="java.specification.version" value="17"/>
    <property name="sun.jnu.encoding" value="UTF-8"/>
    <property name="java.class.path" value="/home/runner/work/apicurio-testing/apicurio-testing/clusters/ci419/namespaces/pg17/tests/integration/apicurio-registry/integration-tests/target/test-classes:/home/runner/work/apicurio-testing/apicurio-testing/clusters/ci419/namespaces/pg17/tests/integration/apicurio-registry/integration-tests/target/apicurio-registry-integration-tests-3.0.12-SNAPSHOT.jar:/home/runner/.m2/repository/io/quarkus/quarkus-junit5/3.20.2/quarkus-junit5-3.20.2.jar:/home/runner/.m2/repository/io/quarkus/quarkus-bootstrap-core/3.20.2/quarkus-bootstrap-core-3.20.2.jar:/home/runner/.m2/repository/io/quarkus/quarkus-classloader-commons/3.20.2/quarkus-classloader-commons-3.20.2.jar:/home/runner/.m2/repository/io/quarkus/quarkus-bootstrap-app-model/3.20.2/quarkus-bootstrap-app-model-3.20.2.jar:/home/runner/.m2/repository/io/smallrye/common/smallrye-common-io/2.12.0/smallrye-common-io-2.12.0.jar:/home/runner/.m2/repository/org/eclipse/sisu/org.eclipse.sisu.inject/0.9.0.M3/org.eclipse.sisu.inject-0.9.0.M3.jar:/home/runner/.m2/repository/io/quarkus/quarkus-test-common/3.20.2/quarkus-test-common-3.20.2.jar:/home/runner/.m2/repository/io/quarkus/quarkus-core-deployment/3.20.2/quarkus-core-deployment-3.20.2.jar:/home/runner/.m2/repository/org/aesh/readline/2.6/readline-2.6.jar:/home/runner/.m2/repository/org/fusesource/jansi/jansi/2.4.0/jansi-2.4.0.jar:/home/runner/.m2/repository/org/aesh/aesh/2.8.2/aesh-2.8.2.jar:/home/runner/.m2/repository/io/quarkus/gizmo/gizmo/1.8.0/gizmo-1.8.0.jar:/home/runner/.m2/repository/org/ow2/asm/asm-util/9.7.1/asm-util-9.7.1.jar:/home/runner/.m2/repository/org/ow2/asm/asm-analysis/9.7.1/asm-analysis-9.7.1.jar:/home/runner/.m2/repository/org/ow2/asm/asm-commons/9.7.1/asm-commons-9.7.1.jar:/home/runner/.m2/repository/org/ow2/asm/asm-tree/9.7.1/asm-tree-9.7.1.jar:/home/runner/.m2/repository/io/quarkus/quarkus-hibernate-validator-spi/3.20.2/quarkus-hibernate-validator-spi-3.20.2.jar:/home/runner/.m2/repository/io/quarkus/quarkus-class-change-agent/3.20.2/quarkus-class-change-agent-3.20.2.jar:/home/runner/.m2/repository/io/quarkus/quarkus-devtools-utilities/3.20.2/quarkus-devtools-utilities-3.20.2.jar:/home/runner/.m2/repository/io/quarkus/quarkus-builder/3.20.2/quarkus-builder-3.20.2.jar:/home/runner/.m2/repository/org/graalvm/sdk/nativeimage/23.1.2/nativeimage-23.1.2.jar:/home/runner/.m2/repository/org/graalvm/sdk/word/23.1.2/word-23.1.2.jar:/home/runner/.m2/repository/io/quarkus/quarkus-bootstrap-maven-resolver/3.20.2/quarkus-bootstrap-maven-resolver-3.20.2.jar:/home/runner/.m2/repository/io/smallrye/beanbag/smallrye-beanbag-maven/1.5.2/smallrye-beanbag-maven-1.5.2.jar:/home/runner/.m2/repository/io/smallrye/beanbag/smallrye-beanbag-sisu/1.5.2/smallrye-beanbag-sisu-1.5.2.jar:/home/runner/.m2/repository/io/smallrye/beanbag/smallrye-beanbag/1.5.2/smallrye-beanbag-1.5.2.jar:/home/runner/.m2/repository/javax/inject/javax.inject/1/javax.inject-1.jar:/home/runner/.m2/repository/org/apache/maven/maven-artifact/3.9.9/maven-artifact-3.9.9.jar:/home/runner/.m2/repository/org/apache/maven/maven-builder-support/3.9.9/maven-builder-support-3.9.9.jar:/home/runner/.m2/repository/org/apache/maven/maven-model/3.9.9/maven-model-3.9.9.jar:/home/runner/.m2/repository/org/apache/maven/maven-model-builder/3.9.9/maven-model-builder-3.9.9.jar:/home/runner/.m2/repository/org/apache/maven/maven-repository-metadata/3.9.9/maven-repository-metadata-3.9.9.jar:/home/runner/.m2/repository/org/apache/maven/maven-settings/3.9.9/maven-settings-3.9.9.jar:/home/runner/.m2/repository/org/apache/maven/resolver/maven-resolver-api/1.9.22/maven-resolver-api-1.9.22.jar:/home/runner/.m2/repository/org/apache/maven/resolver/maven-resolver-impl/1.9.22/maven-resolver-impl-1.9.22.jar:/home/runner/.m2/repository/org/apache/maven/resolver/maven-resolver-named-locks/1.9.22/maven-resolver-named-locks-1.9.22.jar:/home/runner/.m2/repository/org/apache/maven/resolver/maven-resolver-spi/1.9.22/maven-resolver-spi-1.9.22.jar:/home/runner/.m2/repository/org/apache/maven/resolver/maven-resolver-util/1.9.22/maven-resolver-util-1.9.22.jar:/home/runner/.m2/repository/org/apache/maven/resolver/maven-resolver-transport-http/1.9.20/maven-resolver-transport-http-1.9.20.jar:/home/runner/.m2/repository/org/apache/maven/wagon/wagon-provider-api/3.5.3/wagon-provider-api-3.5.3.jar:/home/runner/.m2/repository/org/apache/maven/wagon/wagon-http-shared/3.5.3/wagon-http-shared-3.5.3.jar:/home/runner/.m2/repository/org/codehaus/plexus/plexus-interpolation/1.26/plexus-interpolation-1.26.jar:/home/runner/.m2/repository/org/codehaus/plexus/plexus-utils/3.5.1/plexus-utils-3.5.1.jar:/home/runner/.m2/repository/org/codehaus/plexus/plexus-xml/4.0.1/plexus-xml-4.0.1.jar:/home/runner/.m2/repository/org/apache/maven/maven-xml-impl/4.0.0-alpha-5/maven-xml-impl-4.0.0-alpha-5.jar:/home/runner/.m2/repository/org/apache/maven/maven-api-xml/4.0.0-alpha-5/maven-api-xml-4.0.0-alpha-5.jar:/home/runner/.m2/repository/org/apache/maven/maven-api-meta/4.0.0-alpha-5/maven-api-meta-4.0.0-alpha-5.jar:/home/runner/.m2/repository/org/codehaus/plexus/plexus-cipher/2.0/plexus-cipher-2.0.jar:/home/runner/.m2/repository/org/codehaus/plexus/plexus-sec-dispatcher/2.0/plexus-sec-dispatcher-2.0.jar:/home/runner/.m2/repository/org/apache/maven/maven-embedder/3.9.9/maven-embedder-3.9.9.jar:/home/runner/.m2/repository/org/apache/maven/maven-core/3.9.9/maven-core-3.9.9.jar:/home/runner/.m2/repository/org/codehaus/plexus/plexus-component-annotations/2.1.0/plexus-component-annotations-2.1.0.jar:/home/runner/.m2/repository/org/apache/maven/maven-plugin-api/3.9.9/maven-plugin-api-3.9.9.jar:/home/runner/.m2/repository/org/apache/maven/shared/maven-shared-utils/3.4.2/maven-shared-utils-3.4.2.jar:/home/runner/.m2/repository/com/google/inject/guice/5.1.0/guice-5.1.0.jar:/home/runner/.m2/repository/aopalliance/aopalliance/1.0/aopalliance-1.0.jar:/home/runner/.m2/repository/org/codehaus/plexus/plexus-classworlds/2.6.0/plexus-classworlds-2.6.0.jar:/home/runner/.m2/repository/commons-cli/commons-cli/1.8.0/commons-cli-1.8.0.jar:/home/runner/.m2/repository/org/eclipse/sisu/org.eclipse.sisu.plexus/0.9.0.M3/org.eclipse.sisu.plexus-0.9.0.M3.jar:/home/runner/.m2/repository/org/apache/maven/maven-settings-builder/3.9.9/maven-settings-builder-3.9.9.jar:/home/runner/.m2/repository/org/apache/maven/maven-resolver-provider/3.9.9/maven-resolver-provider-3.9.9.jar:/home/runner/.m2/repository/org/apache/maven/resolver/maven-resolver-connector-basic/1.9.22/maven-resolver-connector-basic-1.9.22.jar:/home/runner/.m2/repository/org/apache/maven/resolver/maven-resolver-transport-wagon/1.9.22/maven-resolver-transport-wagon-1.9.22.jar:/home/runner/.m2/repository/org/apache/maven/wagon/wagon-http/3.5.3/wagon-http-3.5.3.jar:/home/runner/.m2/repository/org/apache/maven/wagon/wagon-file/3.5.3/wagon-file-3.5.3.jar:/home/runner/.m2/repository/io/quarkus/quarkus-bootstrap-gradle-resolver/3.20.2/quarkus-bootstrap-gradle-resolver-3.20.2.jar:/home/runner/.m2/repository/io/smallrye/jandex/3.3.0/jandex-3.3.0.jar:/home/runner/.m2/repository/org/jboss/logging/commons-logging-jboss-logging/1.0.0.Final/commons-logging-jboss-logging-1.0.0.Final.jar:/home/runner/.m2/repository/io/quarkus/quarkus-junit5-config/3.20.2/quarkus-junit5-config-3.20.2.jar:/home/runner/.m2/repository/org/junit/jupiter/junit-jupiter-api/5.12.1/junit-jupiter-api-5.12.1.jar:/home/runner/.m2/repository/io/smallrye/config/smallrye-config/3.11.4/smallrye-config-3.11.4.jar:/home/runner/.m2/repository/io/smallrye/config/smallrye-config-core/3.11.4/smallrye-config-core-3.11.4.jar:/home/runner/.m2/repository/io/smallrye/common/smallrye-common-classloader/2.12.0/smallrye-common-classloader-2.12.0.jar:/home/runner/.m2/repository/io/smallrye/config/smallrye-config-common/3.11.4/smallrye-config-common-3.11.4.jar:/home/runner/.m2/repository/org/junit/jupiter/junit-jupiter/5.12.1/junit-jupiter-5.12.1.jar:/home/runner/.m2/repository/org/junit/jupiter/junit-jupiter-params/5.12.1/junit-jupiter-params-5.12.1.jar:/home/runner/.m2/repository/org/junit/jupiter/junit-jupiter-engine/5.12.1/junit-jupiter-engine-5.12.1.jar:/home/runner/.m2/repository/io/quarkus/quarkus-core/3.20.2/quarkus-core-3.20.2.jar:/home/runner/.m2/repository/jakarta/enterprise/jakarta.enterprise.cdi-api/4.1.0/jakarta.enterprise.cdi-api-4.1.0.jar:/home/runner/.m2/repository/jakarta/enterprise/jakarta.enterprise.lang-model/4.1.0/jakarta.enterprise.lang-model-4.1.0.jar:/home/runner/.m2/repository/jakarta/el/jakarta.el-api/5.0.1/jakarta.el-api-5.0.1.jar:/home/runner/.m2/repository/jakarta/interceptor/jakarta.interceptor-api/2.2.0/jakarta.interceptor-api-2.2.0.jar:/home/runner/.m2/repository/jakarta/inject/jakarta.inject-api/2.0.1/jakarta.inject-api-2.0.1.jar:/home/runner/.m2/repository/io/smallrye/common/smallrye-common-os/2.12.0/smallrye-common-os-2.12.0.jar:/home/runner/.m2/repository/io/quarkus/quarkus-ide-launcher/3.20.2/quarkus-ide-launcher-3.20.2.jar:/home/runner/.m2/repository/io/quarkus/quarkus-development-mode-spi/3.20.2/quarkus-development-mode-spi-3.20.2.jar:/home/runner/.m2/repository/org/jboss/logging/jboss-logging/3.6.1.Final/jboss-logging-3.6.1.Final.jar:/home/runner/.m2/repository/org/jboss/logmanager/jboss-logmanager/3.1.2.Final/jboss-logmanager-3.1.2.Final.jar:/home/runner/.m2/repository/io/smallrye/common/smallrye-common-constraint/2.12.0/smallrye-common-constraint-2.12.0.jar:/home/runner/.m2/repository/io/smallrye/common/smallrye-common-cpu/2.12.0/smallrye-common-cpu-2.12.0.jar:/home/runner/.m2/repository/io/smallrye/common/smallrye-common-expression/2.12.0/smallrye-common-expression-2.12.0.jar:/home/runner/.m2/repository/io/smallrye/common/smallrye-common-net/2.12.0/smallrye-common-net-2.12.0.jar:/home/runner/.m2/repository/io/smallrye/common/smallrye-common-ref/2.12.0/smallrye-common-ref-2.12.0.jar:/home/runner/.m2/repository/jakarta/json/jakarta.json-api/2.1.3/jakarta.json-api-2.1.3.jar:/home/runner/.m2/repository/org/eclipse/parsson/parsson/1.1.7/parsson-1.1.7.jar:/home/runner/.m2/repository/org/jboss/logging/jboss-logging-annotations/3.0.4.Final/jboss-logging-annotations-3.0.4.Final.jar:/home/runner/.m2/repository/org/jboss/threads/jboss-threads/3.8.0.Final/jboss-threads-3.8.0.Final.jar:/home/runner/.m2/repository/io/smallrye/common/smallrye-common-annotation/2.12.0/smallrye-common-annotation-2.12.0.jar:/home/runner/.m2/repository/io/smallrye/common/smallrye-common-function/2.12.0/smallrye-common-function-2.12.0.jar:/home/runner/.m2/repository/org/jboss/slf4j/slf4j-jboss-logmanager/2.0.0.Final/slf4j-jboss-logmanager-2.0.0.Final.jar:/home/runner/.m2/repository/org/wildfly/common/wildfly-common/2.0.1/wildfly-common-2.0.1.jar:/home/runner/.m2/repository/io/quarkus/quarkus-bootstrap-runner/3.20.2/quarkus-bootstrap-runner-3.20.2.jar:/home/runner/.m2/repository/io/github/crac/org-crac/0.1.3/org-crac-0.1.3.jar:/home/runner/.m2/repository/io/quarkus/quarkus-fs-util/0.0.10/quarkus-fs-util-0.0.10.jar:/home/runner/.m2/repository/org/jboss/marshalling/jboss-marshalling/2.2.2.Final/jboss-marshalling-2.2.2.Final.jar:/home/runner/.m2/repository/io/fabric8/kubernetes-client/7.1.0/kubernetes-client-7.1.0.jar:/home/runner/.m2/repository/io/fabric8/kubernetes-client-api/7.1.0/kubernetes-client-api-7.1.0.jar:/home/runner/.m2/repository/io/fabric8/kubernetes-model-core/7.1.0/kubernetes-model-core-7.1.0.jar:/home/runner/.m2/repository/io/fabric8/kubernetes-model-common/7.1.0/kubernetes-model-common-7.1.0.jar:/home/runner/.m2/repository/javax/annotation/javax.annotation-api/1.3.2/javax.annotation-api-1.3.2.jar:/home/runner/.m2/repository/io/fabric8/kubernetes-model-gatewayapi/7.1.0/kubernetes-model-gatewayapi-7.1.0.jar:/home/runner/.m2/repository/io/fabric8/kubernetes-model-resource/7.1.0/kubernetes-model-resource-7.1.0.jar:/home/runner/.m2/repository/io/fabric8/kubernetes-model-rbac/7.1.0/kubernetes-model-rbac-7.1.0.jar:/home/runner/.m2/repository/io/fabric8/kubernetes-model-admissionregistration/7.1.0/kubernetes-model-admissionregistration-7.1.0.jar:/home/runner/.m2/repository/io/fabric8/kubernetes-model-apps/7.1.0/kubernetes-model-apps-7.1.0.jar:/home/runner/.m2/repository/io/fabric8/kubernetes-model-autoscaling/7.1.0/kubernetes-model-autoscaling-7.1.0.jar:/home/runner/.m2/repository/io/fabric8/kubernetes-model-apiextensions/7.1.0/kubernetes-model-apiextensions-7.1.0.jar:/home/runner/.m2/repository/io/fabric8/kubernetes-model-batch/7.1.0/kubernetes-model-batch-7.1.0.jar:/home/runner/.m2/repository/io/fabric8/kubernetes-model-certificates/7.1.0/kubernetes-model-certificates-7.1.0.jar:/home/runner/.m2/repository/io/fabric8/kubernetes-model-coordination/7.1.0/kubernetes-model-coordination-7.1.0.jar:/home/runner/.m2/repository/io/fabric8/kubernetes-model-discovery/7.1.0/kubernetes-model-discovery-7.1.0.jar:/home/runner/.m2/repository/io/fabric8/kubernetes-model-events/7.1.0/kubernetes-model-events-7.1.0.jar:/home/runner/.m2/repository/io/fabric8/kubernetes-model-extensions/7.1.0/kubernetes-model-extensions-7.1.0.jar:/home/runner/.m2/repository/io/fabric8/kubernetes-model-flowcontrol/7.1.0/kubernetes-model-flowcontrol-7.1.0.jar:/home/runner/.m2/repository/io/fabric8/kubernetes-model-networking/7.1.0/kubernetes-model-networking-7.1.0.jar:/home/runner/.m2/repository/io/fabric8/kubernetes-model-metrics/7.1.0/kubernetes-model-metrics-7.1.0.jar:/home/runner/.m2/repository/io/fabric8/kubernetes-model-policy/7.1.0/kubernetes-model-policy-7.1.0.jar:/home/runner/.m2/repository/io/fabric8/kubernetes-model-scheduling/7.1.0/kubernetes-model-scheduling-7.1.0.jar:/home/runner/.m2/repository/io/fabric8/kubernetes-model-storageclass/7.1.0/kubernetes-model-storageclass-7.1.0.jar:/home/runner/.m2/repository/io/fabric8/kubernetes-model-node/7.1.0/kubernetes-model-node-7.1.0.jar:/home/runner/.m2/repository/org/snakeyaml/snakeyaml-engine/2.9/snakeyaml-engine-2.9.jar:/home/runner/.m2/repository/com/fasterxml/jackson/dataformat/jackson-dataformat-yaml/2.18.2/jackson-dataformat-yaml-2.18.2.jar:/home/runner/.m2/repository/com/fasterxml/jackson/datatype/jackson-datatype-jsr310/2.18.2/jackson-datatype-jsr310-2.18.2.jar:/home/runner/.m2/repository/io/fabric8/zjsonpatch/7.1.0/zjsonpatch-7.1.0.jar:/home/runner/.m2/repository/io/fabric8/kubernetes-httpclient-vertx/7.1.0/kubernetes-httpclient-vertx-7.1.0.jar:/home/runner/.m2/repository/io/vertx/vertx-web-client/4.5.16/vertx-web-client-4.5.16.jar:/home/runner/.m2/repository/io/vertx/vertx-web-common/4.5.16/vertx-web-common-4.5.16.jar:/home/runner/.m2/repository/io/vertx/vertx-auth-common/4.5.16/vertx-auth-common-4.5.16.jar:/home/runner/.m2/repository/io/vertx/vertx-uri-template/4.5.16/vertx-uri-template-4.5.16.jar:/home/runner/.m2/repository/io/fabric8/openshift-client/7.1.0/openshift-client-7.1.0.jar:/home/runner/.m2/repository/io/fabric8/openshift-client-api/7.1.0/openshift-client-api-7.1.0.jar:/home/runner/.m2/repository/io/fabric8/openshift-model/7.1.0/openshift-model-7.1.0.jar:/home/runner/.m2/repository/io/fabric8/openshift-model-autoscaling/7.1.0/openshift-model-autoscaling-7.1.0.jar:/home/runner/.m2/repository/io/fabric8/openshift-model-operator/7.1.0/openshift-model-operator-7.1.0.jar:/home/runner/.m2/repository/io/fabric8/openshift-model-operatorhub/7.1.0/openshift-model-operatorhub-7.1.0.jar:/home/runner/.m2/repository/io/fabric8/openshift-model-machine/7.1.0/openshift-model-machine-7.1.0.jar:/home/runner/.m2/repository/io/fabric8/openshift-model-whereabouts/7.1.0/openshift-model-whereabouts-7.1.0.jar:/home/runner/.m2/repository/io/fabric8/openshift-model-monitoring/7.1.0/openshift-model-monitoring-7.1.0.jar:/home/runner/.m2/repository/io/fabric8/openshift-model-storageversionmigrator/7.1.0/openshift-model-storageversionmigrator-7.1.0.jar:/home/runner/.m2/repository/io/fabric8/openshift-model-tuned/7.1.0/openshift-model-tuned-7.1.0.jar:/home/runner/.m2/repository/io/fabric8/openshift-model-console/7.1.0/openshift-model-console-7.1.0.jar:/home/runner/.m2/repository/io/fabric8/openshift-model-config/7.1.0/openshift-model-config-7.1.0.jar:/home/runner/.m2/repository/io/fabric8/openshift-model-machineconfiguration/7.1.0/openshift-model-machineconfiguration-7.1.0.jar:/home/runner/.m2/repository/io/fabric8/openshift-model-miscellaneous/7.1.0/openshift-model-miscellaneous-7.1.0.jar:/home/runner/.m2/repository/io/fabric8/openshift-model-hive/7.1.0/openshift-model-hive-7.1.0.jar:/home/runner/.m2/repository/io/fabric8/openshift-model-installer/7.1.0/openshift-model-installer-7.1.0.jar:/home/runner/.m2/repository/org/junit/platform/junit-platform-launcher/1.12.1/junit-platform-launcher-1.12.1.jar:/home/runner/.m2/repository/org/junit/platform/junit-platform-engine/1.12.1/junit-platform-engine-1.12.1.jar:/home/runner/.m2/repository/org/opentest4j/opentest4j/1.3.0/opentest4j-1.3.0.jar:/home/runner/.m2/repository/org/junit/platform/junit-platform-commons/1.12.1/junit-platform-commons-1.12.1.jar:/home/runner/.m2/repository/org/apiguardian/apiguardian-api/1.1.2/apiguardian-api-1.1.2.jar:/home/runner/.m2/repository/jakarta/ws/rs/jakarta.ws.rs-api/3.1.0/jakarta.ws.rs-api-3.1.0.jar:/home/runner/work/apicurio-testing/apicurio-testing/clusters/ci419/namespaces/pg17/tests/integration/apicurio-registry/java-sdk/target/apicurio-registry-java-sdk-3.0.12-SNAPSHOT.jar:/home/runner/.m2/repository/com/microsoft/kiota/microsoft-kiota-abstractions/1.8.9/microsoft-kiota-abstractions-1.8.9.jar:/home/runner/.m2/repository/io/github/std-uritemplate/std-uritemplate/2.0.0/std-uritemplate-2.0.0.jar:/home/runner/.m2/repository/io/kiota/kiota-http-jdk/0.0.29/kiota-http-jdk-0.0.29.jar:/home/runner/.m2/repository/io/kiota/kiota-http-vertx/0.0.29/kiota-http-vertx-0.0.29.jar:/home/runner/.m2/repository/io/kiota/kiota-serialization-jackson/0.0.29/kiota-serialization-jackson-0.0.29.jar:/home/runner/.m2/repository/com/microsoft/kiota/microsoft-kiota-serialization-text/1.8.9/microsoft-kiota-serialization-text-1.8.9.jar:/home/runner/.m2/repository/com/microsoft/kiota/microsoft-kiota-serialization-form/1.8.9/microsoft-kiota-serialization-form-1.8.9.jar:/home/runner/.m2/repository/com/microsoft/kiota/microsoft-kiota-serialization-multipart/1.8.9/microsoft-kiota-serialization-multipart-1.8.9.jar:/home/runner/.m2/repository/jakarta/annotation/jakarta.annotation-api/3.0.0/jakarta.annotation-api-3.0.0.jar:/home/runner/.m2/repository/io/vertx/vertx-auth-oauth2/4.5.16/vertx-auth-oauth2-4.5.16.jar:/home/runner/work/apicurio-testing/apicurio-testing/clusters/ci419/namespaces/pg17/tests/integration/apicurio-registry/java-sdk-v2/target/apicurio-registry-v2-java-sdk-3.0.12-SNAPSHOT.jar:/home/runner/work/apicurio-testing/apicurio-testing/clusters/ci419/namespaces/pg17/tests/integration/apicurio-registry/utils/kafka/target/apicurio-registry-utils-kafka-3.0.12-SNAPSHOT-tests.jar:/home/runner/.m2/repository/org/eclipse/microprofile/config/microprofile-config-api/3.1/microprofile-config-api-3.1.jar:/home/runner/.m2/repository/org/apache/kafka/kafka-clients/3.9.1/kafka-clients-3.9.1.jar:/home/runner/.m2/repository/com/github/luben/zstd-jni/1.5.6-4/zstd-jni-1.5.6-4.jar:/home/runner/.m2/repository/org/lz4/lz4-java/1.8.0/lz4-java-1.8.0.jar:/home/runner/.m2/repository/org/xerial/snappy/snappy-java/1.1.10.5/snappy-java-1.1.10.5.jar:/home/runner/.m2/repository/org/slf4j/slf4j-api/2.0.6/slf4j-api-2.0.6.jar:/home/runner/work/apicurio-testing/apicurio-testing/clusters/ci419/namespaces/pg17/tests/integration/apicurio-registry/utils/tests/target/apicurio-registry-utils-tests-3.0.12-SNAPSHOT.jar:/home/runner/work/apicurio-testing/apicurio-testing/clusters/ci419/namespaces/pg17/tests/integration/apicurio-registry/common/target/apicurio-registry-common-3.0.12-SNAPSHOT.jar:/home/runner/.m2/repository/jakarta/validation/jakarta.validation-api/3.0.2/jakarta.validation-api-3.0.2.jar:/home/runner/.m2/repository/com/github/dasniko/testcontainers-keycloak/3.8.0/testcontainers-keycloak-3.8.0.jar:/home/runner/.m2/repository/org/testcontainers/testcontainers/1.20.6/testcontainers-1.20.6.jar:/home/runner/.m2/repository/org/rnorth/duct-tape/duct-tape/1.0.8/duct-tape-1.0.8.jar:/home/runner/.m2/repository/com/github/docker-java/docker-java-transport-zerodep/3.4.1/docker-java-transport-zerodep-3.4.1.jar:/home/runner/.m2/repository/com/github/docker-java/docker-java-transport/3.4.1/docker-java-transport-3.4.1.jar:/home/runner/.m2/repository/net/java/dev/jna/jna/5.8.0/jna-5.8.0.jar:/home/runner/.m2/repository/io/quarkus/quarkus-junit4-mock/3.20.2/quarkus-junit4-mock-3.20.2.jar:/home/runner/.m2/repository/org/jboss/shrinkwrap/shrinkwrap-api/2.0.0-beta-2/shrinkwrap-api-2.0.0-beta-2.jar:/home/runner/.m2/repository/org/jboss/shrinkwrap/shrinkwrap-impl-base/2.0.0-beta-2/shrinkwrap-impl-base-2.0.0-beta-2.jar:/home/runner/.m2/repository/org/jboss/shrinkwrap/shrinkwrap-spi/2.0.0-beta-2/shrinkwrap-spi-2.0.0-beta-2.jar:/home/runner/.m2/repository/org/keycloak/keycloak-admin-client/26.0.4/keycloak-admin-client-26.0.4.jar:/home/runner/.m2/repository/org/keycloak/keycloak-client-common-synced/26.0.4/keycloak-client-common-synced-26.0.4.jar:/home/runner/.m2/repository/jakarta/activation/jakarta.activation-api/2.1.3/jakarta.activation-api-2.1.3.jar:/home/runner/.m2/repository/org/eclipse/microprofile/openapi/microprofile-openapi-api/4.0.2/microprofile-openapi-api-4.0.2.jar:/home/runner/.m2/repository/org/jboss/resteasy/resteasy-client/6.2.12.Final/resteasy-client-6.2.12.Final.jar:/home/runner/.m2/repository/org/jboss/resteasy/resteasy-client-api/6.2.12.Final/resteasy-client-api-6.2.12.Final.jar:/home/runner/.m2/repository/org/jboss/resteasy/resteasy-core-spi/6.2.12.Final/resteasy-core-spi-6.2.12.Final.jar:/home/runner/.m2/repository/org/jboss/resteasy/resteasy-core/6.2.12.Final/resteasy-core-6.2.12.Final.jar:/home/runner/.m2/repository/org/eclipse/angus/angus-activation/2.0.2/angus-activation-2.0.2.jar:/home/runner/.m2/repository/com/ibm/async/asyncutil/0.1.0/asyncutil-0.1.0.jar:/home/runner/.m2/repository/org/reactivestreams/reactive-streams/1.0.4/reactive-streams-1.0.4.jar:/home/runner/.m2/repository/org/jboss/resteasy/resteasy-multipart-provider/6.2.12.Final/resteasy-multipart-provider-6.2.12.Final.jar:/home/runner/.m2/repository/jakarta/mail/jakarta.mail-api/2.1.3/jakarta.mail-api-2.1.3.jar:/home/runner/.m2/repository/org/eclipse/angus/angus-mail/2.0.3/angus-mail-2.0.3.jar:/home/runner/.m2/repository/org/apache/james/apache-mime4j-dom/0.8.12/apache-mime4j-dom-0.8.12.jar:/home/runner/.m2/repository/org/apache/james/apache-mime4j-core/0.8.12/apache-mime4j-core-0.8.12.jar:/home/runner/.m2/repository/org/apache/james/apache-mime4j-storage/0.8.12/apache-mime4j-storage-0.8.12.jar:/home/runner/.m2/repository/org/jboss/resteasy/resteasy-jackson2-provider/6.2.12.Final/resteasy-jackson2-provider-6.2.12.Final.jar:/home/runner/.m2/repository/com/fasterxml/jackson/jakarta/rs/jackson-jakarta-rs-base/2.18.2/jackson-jakarta-rs-base-2.18.2.jar:/home/runner/.m2/repository/com/fasterxml/jackson/jakarta/rs/jackson-jakarta-rs-json-provider/2.18.2/jackson-jakarta-rs-json-provider-2.18.2.jar:/home/runner/.m2/repository/com/fasterxml/jackson/module/jackson-module-jakarta-xmlbind-annotations/2.18.2/jackson-module-jakarta-xmlbind-annotations-2.18.2.jar:/home/runner/.m2/repository/com/github/java-json-tools/json-patch/1.13/json-patch-1.13.jar:/home/runner/.m2/repository/com/github/java-json-tools/msg-simple/1.2/msg-simple-1.2.jar:/home/runner/.m2/repository/com/github/java-json-tools/btf/1.3/btf-1.3.jar:/home/runner/.m2/repository/com/github/java-json-tools/jackson-coreutils/2.0/jackson-coreutils-2.0.jar:/home/runner/.m2/repository/org/jboss/resteasy/resteasy-jaxb-provider/6.2.12.Final/resteasy-jaxb-provider-6.2.12.Final.jar:/home/runner/.m2/repository/org/glassfish/jaxb/codemodel/4.0.5/codemodel-4.0.5.jar:/home/runner/.m2/repository/org/glassfish/jaxb/jaxb-core/4.0.5/jaxb-core-4.0.5.jar:/home/runner/.m2/repository/org/glassfish/jaxb/jaxb-jxc/4.0.5/jaxb-jxc-4.0.5.jar:/home/runner/.m2/repository/org/glassfish/jaxb/jaxb-runtime/4.0.5/jaxb-runtime-4.0.5.jar:/home/runner/.m2/repository/org/glassfish/jaxb/txw2/4.0.5/txw2-4.0.5.jar:/home/runner/.m2/repository/org/glassfish/jaxb/jaxb-xjc/4.0.5/jaxb-xjc-4.0.5.jar:/home/runner/.m2/repository/org/glassfish/jaxb/xsom/4.0.5/xsom-4.0.5.jar:/home/runner/.m2/repository/com/sun/istack/istack-commons-runtime/4.1.2/istack-commons-runtime-4.1.2.jar:/home/runner/.m2/repository/com/sun/istack/istack-commons-tools/4.1.2/istack-commons-tools-4.1.2.jar:/home/runner/.m2/repository/com/sun/xml/bind/external/relaxng-datatype/4.0.5/relaxng-datatype-4.0.5.jar:/home/runner/.m2/repository/com/sun/xml/bind/external/rngom/4.0.5/rngom-4.0.5.jar:/home/runner/.m2/repository/org/testcontainers/mssqlserver/1.20.6/mssqlserver-1.20.6.jar:/home/runner/.m2/repository/org/testcontainers/jdbc/1.20.6/jdbc-1.20.6.jar:/home/runner/.m2/repository/org/testcontainers/database-commons/1.20.6/database-commons-1.20.6.jar:/home/runner/.m2/repository/org/testcontainers/mysql/1.20.6/mysql-1.20.6.jar:/home/runner/.m2/repository/io/strimzi/strimzi-test-container/0.111.0/strimzi-test-container-0.111.0.jar:/home/runner/.m2/repository/org/testcontainers/toxiproxy/1.20.6/toxiproxy-1.20.6.jar:/home/runner/.m2/repository/com/github/docker-java/docker-java-api/3.4.1/docker-java-api-3.4.1.jar:/home/runner/.m2/repository/org/apache/logging/log4j/log4j-slf4j-impl/2.19.0/log4j-slf4j-impl-2.19.0.jar:/home/runner/.m2/repository/org/apache/logging/log4j/log4j-api/2.24.3/log4j-api-2.24.3.jar:/home/runner/.m2/repository/org/apache/logging/log4j/log4j-core/2.19.0/log4j-core-2.19.0.jar:/home/runner/.m2/repository/eu/rekawek/toxiproxy/toxiproxy-java/2.1.7/toxiproxy-java-2.1.7.jar:/home/runner/.m2/repository/org/testcontainers/pulsar/1.21.3/pulsar-1.21.3.jar:/home/runner/.m2/repository/io/debezium/debezium-testing-testcontainers/2.7.4.Final/debezium-testing-testcontainers-2.7.4.Final.jar:/home/runner/.m2/repository/org/testcontainers/kafka/1.20.6/kafka-1.20.6.jar:/home/runner/.m2/repository/com/squareup/okhttp3/okhttp/4.8.1/okhttp-4.8.1.jar:/home/runner/.m2/repository/com/squareup/okio/okio/3.10.2/okio-3.10.2.jar:/home/runner/.m2/repository/com/squareup/okio/okio-jvm/3.10.2/okio-jvm-3.10.2.jar:/home/runner/.m2/repository/org/jetbrains/kotlin/kotlin-stdlib/2.0.21/kotlin-stdlib-2.0.21.jar:/home/runner/.m2/repository/org/awaitility/awaitility/4.3.0/awaitility-4.3.0.jar:/home/runner/.m2/repository/org/testcontainers/mongodb/1.20.6/mongodb-1.20.6.jar:/home/runner/.m2/repository/org/testcontainers/mariadb/1.20.6/mariadb-1.20.6.jar:/home/runner/.m2/repository/org/testcontainers/oracle-xe/1.20.6/oracle-xe-1.20.6.jar:/home/runner/.m2/repository/org/testcontainers/postgresql/1.20.6/postgresql-1.20.6.jar:/home/runner/.m2/repository/org/wiremock/wiremock/3.0.1/wiremock-3.0.1.jar:/home/runner/.m2/repository/org/eclipse/jetty/jetty-server/11.0.15/jetty-server-11.0.15.jar:/home/runner/.m2/repository/org/eclipse/jetty/toolchain/jetty-jakarta-servlet-api/5.0.2/jetty-jakarta-servlet-api-5.0.2.jar:/home/runner/.m2/repository/org/eclipse/jetty/jetty-http/11.0.15/jetty-http-11.0.15.jar:/home/runner/.m2/repository/org/eclipse/jetty/jetty-io/11.0.15/jetty-io-11.0.15.jar:/home/runner/.m2/repository/org/eclipse/jetty/jetty-servlet/11.0.15/jetty-servlet-11.0.15.jar:/home/runner/.m2/repository/org/eclipse/jetty/jetty-security/11.0.15/jetty-security-11.0.15.jar:/home/runner/.m2/repository/org/eclipse/jetty/jetty-servlets/11.0.15/jetty-servlets-11.0.15.jar:/home/runner/.m2/repository/org/eclipse/jetty/jetty-util/11.0.15/jetty-util-11.0.15.jar:/home/runner/.m2/repository/org/eclipse/jetty/jetty-webapp/11.0.15/jetty-webapp-11.0.15.jar:/home/runner/.m2/repository/org/eclipse/jetty/jetty-xml/11.0.15/jetty-xml-11.0.15.jar:/home/runner/.m2/repository/org/eclipse/jetty/jetty-proxy/11.0.15/jetty-proxy-11.0.15.jar:/home/runner/.m2/repository/org/eclipse/jetty/jetty-client/11.0.15/jetty-client-11.0.15.jar:/home/runner/.m2/repository/org/eclipse/jetty/http2/http2-server/11.0.15/http2-server-11.0.15.jar:/home/runner/.m2/repository/org/eclipse/jetty/http2/http2-common/11.0.15/http2-common-11.0.15.jar:/home/runner/.m2/repository/org/eclipse/jetty/http2/http2-hpack/11.0.15/http2-hpack-11.0.15.jar:/home/runner/.m2/repository/org/eclipse/jetty/jetty-alpn-server/11.0.15/jetty-alpn-server-11.0.15.jar:/home/runner/.m2/repository/org/eclipse/jetty/jetty-alpn-java-server/11.0.15/jetty-alpn-java-server-11.0.15.jar:/home/runner/.m2/repository/org/eclipse/jetty/jetty-alpn-java-client/11.0.15/jetty-alpn-java-client-11.0.15.jar:/home/runner/.m2/repository/org/eclipse/jetty/jetty-alpn-client/11.0.15/jetty-alpn-client-11.0.15.jar:/home/runner/.m2/repository/org/apache/httpcomponents/client5/httpclient5/5.2.1/httpclient5-5.2.1.jar:/home/runner/.m2/repository/org/apache/httpcomponents/core5/httpcore5/5.2/httpcore5-5.2.jar:/home/runner/.m2/repository/org/apache/httpcomponents/core5/httpcore5-h2/5.2/httpcore5-h2-5.2.jar:/home/runner/.m2/repository/org/xmlunit/xmlunit-core/2.9.1/xmlunit-core-2.9.1.jar:/home/runner/.m2/repository/jakarta/xml/bind/jakarta.xml.bind-api/4.0.2/jakarta.xml.bind-api-4.0.2.jar:/home/runner/.m2/repository/org/xmlunit/xmlunit-legacy/2.9.1/xmlunit-legacy-2.9.1.jar:/home/runner/.m2/repository/org/xmlunit/xmlunit-placeholders/2.9.1/xmlunit-placeholders-2.9.1.jar:/home/runner/.m2/repository/net/javacrumbs/json-unit/json-unit-core/2.38.0/json-unit-core-2.38.0.jar:/home/runner/.m2/repository/org/hamcrest/hamcrest-core/2.2/hamcrest-core-2.2.jar:/home/runner/.m2/repository/com/jayway/jsonpath/json-path/2.8.0/json-path-2.8.0.jar:/home/runner/.m2/repository/net/minidev/json-smart/2.4.10/json-smart-2.4.10.jar:/home/runner/.m2/repository/net/minidev/accessors-smart/2.4.9/accessors-smart-2.4.9.jar:/home/runner/.m2/repository/org/ow2/asm/asm/9.7.1/asm-9.7.1.jar:/home/runner/.m2/repository/net/sf/jopt-simple/jopt-simple/5.0.4/jopt-simple-5.0.4.jar:/home/runner/.m2/repository/com/github/jknack/handlebars/4.3.1/handlebars-4.3.1.jar:/home/runner/.m2/repository/com/github/jknack/handlebars-helpers/4.3.1/handlebars-helpers-4.3.1.jar:/home/runner/.m2/repository/commons-fileupload/commons-fileupload/1.5/commons-fileupload-1.5.jar:/home/runner/.m2/repository/com/networknt/json-schema-validator/1.5.8/json-schema-validator-1.5.8.jar:/home/runner/.m2/repository/com/ethlo/time/itu/1.10.3/itu-1.10.3.jar:/home/runner/.m2/repository/io/quarkus/quarkus-smallrye-jwt-build/3.20.2/quarkus-smallrye-jwt-build-3.20.2.jar:/home/runner/.m2/repository/io/smallrye/smallrye-jwt-build/4.6.2/smallrye-jwt-build-4.6.2.jar:/home/runner/.m2/repository/org/eclipse/microprofile/jwt/microprofile-jwt-auth-api/2.1/microprofile-jwt-auth-api-2.1.jar:/home/runner/.m2/repository/org/bitbucket/b_c/jose4j/0.9.6/jose4j-0.9.6.jar:/home/runner/.m2/repository/io/smallrye/smallrye-jwt-common/4.6.2/smallrye-jwt-common-4.6.2.jar:/home/runner/.m2/repository/io/quarkus/quarkus-jsonp/3.20.2/quarkus-jsonp-3.20.2.jar:/home/runner/.m2/repository/io/quarkus/quarkus-arc/3.20.2/quarkus-arc-3.20.2.jar:/home/runner/.m2/repository/io/quarkus/arc/arc/3.20.2/arc-3.20.2.jar:/home/runner/.m2/repository/jakarta/transaction/jakarta.transaction-api/2.0.1/jakarta.transaction-api-2.0.1.jar:/home/runner/.m2/repository/io/smallrye/reactive/mutiny/2.9.2/mutiny-2.9.2.jar:/home/runner/.m2/repository/org/jctools/jctools-core/4.0.5/jctools-core-4.0.5.jar:/home/runner/.m2/repository/org/eclipse/microprofile/context-propagation/microprofile-context-propagation-api/1.3/microprofile-context-propagation-api-1.3.jar:/home/runner/.m2/repository/io/apicurio/apicurio-common-rest-client-common/0.1.18.Final/apicurio-common-rest-client-common-0.1.18.Final.jar:/home/runner/work/apicurio-testing/apicurio-testing/clusters/ci419/namespaces/pg17/tests/integration/apicurio-registry/utils/maven-plugin/target/apicurio-registry-maven-plugin-3.0.12-SNAPSHOT.jar:/home/runner/.m2/repository/com/fasterxml/jackson/core/jackson-databind/2.18.2/jackson-databind-2.18.2.jar:/home/runner/.m2/repository/org/apache/avro/avro/1.12.0/avro-1.12.0.jar:/home/runner/.m2/repository/com/google/protobuf/protobuf-java/4.31.1/protobuf-java-4.31.1.jar:/home/runner/.m2/repository/com/google/protobuf/protobuf-java-util/4.31.1/protobuf-java-util-4.31.1.jar:/home/runner/.m2/repository/com/google/code/findbugs/jsr305/3.0.2/jsr305-3.0.2.jar:/home/runner/.m2/repository/com/google/code/gson/gson/2.12.1/gson-2.12.1.jar:/home/runner/.m2/repository/com/google/errorprone/error_prone_annotations/2.36.0/error_prone_annotations-2.36.0.jar:/home/runner/.m2/repository/com/google/j2objc/j2objc-annotations/2.8/j2objc-annotations-2.8.jar:/home/runner/work/apicurio-testing/apicurio-testing/clusters/ci419/namespaces/pg17/tests/integration/apicurio-registry/schema-util/util-provider/target/apicurio-registry-schema-util-provider-3.0.12-SNAPSHOT.jar:/home/runner/work/apicurio-testing/apicurio-testing/clusters/ci419/namespaces/pg17/tests/integration/apicurio-registry/schema-util/common/target/apicurio-registry-schema-util-common-3.0.12-SNAPSHOT.jar:/home/runner/.m2/repository/com/fasterxml/jackson/module/jackson-module-parameter-names/2.18.2/jackson-module-parameter-names-2.18.2.jar:/home/runner/.m2/repository/com/fasterxml/jackson/datatype/jackson-datatype-json-org/2.18.2/jackson-datatype-json-org-2.18.2.jar:/home/runner/work/apicurio-testing/apicurio-testing/clusters/ci419/namespaces/pg17/tests/integration/apicurio-registry/schema-util/json/target/apicurio-registry-schema-util-json-3.0.12-SNAPSHOT.jar:/home/runner/.m2/repository/com/github/erosb/everit-json-schema/1.14.5/everit-json-schema-1.14.5.jar:/home/runner/.m2/repository/commons-validator/commons-validator/1.9.0/commons-validator-1.9.0.jar:/home/runner/.m2/repository/commons-digester/commons-digester/2.1/commons-digester-2.1.jar:/home/runner/.m2/repository/commons-collections/commons-collections/3.2.2/commons-collections-3.2.2.jar:/home/runner/.m2/repository/com/damnhandy/handy-uri-templates/2.1.8/handy-uri-templates-2.1.8.jar:/home/runner/.m2/repository/joda-time/joda-time/2.10.2/joda-time-2.10.2.jar:/home/runner/.m2/repository/com/github/erosb/json-sKema/0.20.0/json-sKema-0.20.0.jar:/home/runner/.m2/repository/io/vertx/vertx-json-schema/4.5.16/vertx-json-schema-4.5.16.jar:/home/runner/work/apicurio-testing/apicurio-testing/clusters/ci419/namespaces/pg17/tests/integration/apicurio-registry/schema-util/protobuf/target/apicurio-registry-schema-util-protobuf-3.0.12-SNAPSHOT.jar:/home/runner/work/apicurio-testing/apicurio-testing/clusters/ci419/namespaces/pg17/tests/integration/apicurio-registry/utils/protobuf-schema-utilities/target/apicurio-registry-protobuf-schema-utilities-3.0.12-SNAPSHOT.jar:/home/runner/.m2/repository/com/google/api/grpc/proto-google-common-protos/2.52.0/proto-google-common-protos-2.52.0.jar:/home/runner/.m2/repository/com/squareup/wire/wire-schema-jvm/5.3.3/wire-schema-jvm-5.3.3.jar:/home/runner/.m2/repository/com/palantir/javapoet/javapoet/0.6.0/javapoet-0.6.0.jar:/home/runner/.m2/repository/com/squareup/kotlinpoet-jvm/2.0.0/kotlinpoet-jvm-2.0.0.jar:/home/runner/.m2/repository/org/jetbrains/kotlin/kotlin-reflect/2.0.21/kotlin-reflect-2.0.21.jar:/home/runner/.m2/repository/com/squareup/wire/wire-runtime-jvm/5.3.3/wire-runtime-jvm-5.3.3.jar:/home/runner/.m2/repository/com/ibm/icu/icu4j/76.1/icu4j-76.1.jar:/home/runner/.m2/repository/com/squareup/okio/okio-fakefilesystem/3.10.2/okio-fakefilesystem-3.10.2.jar:/home/runner/.m2/repository/com/squareup/okio/okio-fakefilesystem-jvm/3.10.2/okio-fakefilesystem-jvm-3.10.2.jar:/home/runner/.m2/repository/org/jetbrains/kotlinx/kotlinx-datetime-jvm/0.6.1/kotlinx-datetime-jvm-0.6.1.jar:/home/runner/work/apicurio-testing/apicurio-testing/clusters/ci419/namespaces/pg17/tests/integration/apicurio-registry/schema-util/asyncapi/target/apicurio-registry-schema-util-asyncapi-3.0.12-SNAPSHOT.jar:/home/runner/work/apicurio-testing/apicurio-testing/clusters/ci419/namespaces/pg17/tests/integration/apicurio-registry/schema-util/avro/target/apicurio-registry-schema-util-avro-3.0.12-SNAPSHOT.jar:/home/runner/work/apicurio-testing/apicurio-testing/clusters/ci419/namespaces/pg17/tests/integration/apicurio-registry/schema-util/graphql/target/apicurio-registry-schema-util-graphql-3.0.12-SNAPSHOT.jar:/home/runner/.m2/repository/com/graphql-java/graphql-java/22.4/graphql-java-22.4.jar:/home/runner/.m2/repository/com/graphql-java/java-dataloader/3.3.0/java-dataloader-3.3.0.jar:/home/runner/work/apicurio-testing/apicurio-testing/clusters/ci419/namespaces/pg17/tests/integration/apicurio-registry/schema-util/kconnect/target/apicurio-registry-schema-util-kconnect-3.0.12-SNAPSHOT.jar:/home/runner/work/apicurio-testing/apicurio-testing/clusters/ci419/namespaces/pg17/tests/integration/apicurio-registry/schema-util/openapi/target/apicurio-registry-schema-util-openapi-3.0.12-SNAPSHOT.jar:/home/runner/.m2/repository/io/apicurio/apicurio-data-models/2.2.2/apicurio-data-models-2.2.2.jar:/home/runner/.m2/repository/org/openapitools/openapidiff/openapi-diff-core/2.1.2/openapi-diff-core-2.1.2.jar:/home/runner/.m2/repository/io/swagger/parser/v3/swagger-parser/2.1.28/swagger-parser-2.1.28.jar:/home/runner/.m2/repository/io/swagger/parser/v3/swagger-parser-v2-converter/2.1.28/swagger-parser-v2-converter-2.1.28.jar:/home/runner/.m2/repository/io/swagger/swagger-core/1.6.16/swagger-core-1.6.16.jar:/home/runner/.m2/repository/io/swagger/swagger-models/1.6.16/swagger-models-1.6.16.jar:/home/runner/.m2/repository/io/swagger/swagger-annotations/1.6.16/swagger-annotations-1.6.16.jar:/home/runner/.m2/repository/io/swagger/swagger-parser/1.0.75/swagger-parser-1.0.75.jar:/home/runner/.m2/repository/io/swagger/swagger-parser-safe-url-resolver/1.0.75/swagger-parser-safe-url-resolver-1.0.75.jar:/home/runner/.m2/repository/io/swagger/swagger-compat-spec-parser/1.0.75/swagger-compat-spec-parser-1.0.75.jar:/home/runner/.m2/repository/com/github/java-json-tools/json-schema-validator/2.2.14/json-schema-validator-2.2.14.jar:/home/runner/.m2/repository/com/github/java-json-tools/jackson-coreutils-equivalence/1.0/jackson-coreutils-equivalence-1.0.jar:/home/runner/.m2/repository/com/github/java-json-tools/json-schema-core/1.2.14/json-schema-core-1.2.14.jar:/home/runner/.m2/repository/com/github/java-json-tools/uri-template/0.10/uri-template-0.10.jar:/home/runner/.m2/repository/com/googlecode/libphonenumber/libphonenumber/8.11.1/libphonenumber-8.11.1.jar:/home/runner/.m2/repository/com/j2html/j2html/1.6.0/j2html-1.6.0.jar:/home/runner/.m2/repository/org/apache/commons/commons-collections4/4.5.0/commons-collections4-4.5.0.jar:/home/runner/.m2/repository/org/slf4j/jcl-over-slf4j/2.0.17/jcl-over-slf4j-2.0.17.jar:/home/runner/.m2/repository/io/swagger/parser/v3/swagger-parser-v3/2.1.31/swagger-parser-v3-2.1.31.jar:/home/runner/.m2/repository/io/swagger/core/v3/swagger-models/2.2.34/swagger-models-2.2.34.jar:/home/runner/.m2/repository/io/swagger/core/v3/swagger-core/2.2.34/swagger-core-2.2.34.jar:/home/runner/.m2/repository/io/swagger/parser/v3/swagger-parser-core/2.1.31/swagger-parser-core-2.1.31.jar:/home/runner/.m2/repository/io/swagger/parser/v3/swagger-parser-safe-url-resolver/2.1.31/swagger-parser-safe-url-resolver-2.1.31.jar:/home/runner/work/apicurio-testing/apicurio-testing/clusters/ci419/namespaces/pg17/tests/integration/apicurio-registry/schema-util/wsdl/target/apicurio-registry-schema-util-wsdl-3.0.12-SNAPSHOT.jar:/home/runner/.m2/repository/wsdl4j/wsdl4j/1.6.3/wsdl4j-1.6.3.jar:/home/runner/work/apicurio-testing/apicurio-testing/clusters/ci419/namespaces/pg17/tests/integration/apicurio-registry/schema-util/xml/target/apicurio-registry-schema-util-xml-3.0.12-SNAPSHOT.jar:/home/runner/.m2/repository/org/apache/santuario/xmlsec/4.0.4/xmlsec-4.0.4.jar:/home/runner/.m2/repository/com/fasterxml/woodstox/woodstox-core/7.1.1/woodstox-core-7.1.1.jar:/home/runner/.m2/repository/org/codehaus/woodstox/stax2-api/4.2.2/stax2-api-4.2.2.jar:/home/runner/work/apicurio-testing/apicurio-testing/clusters/ci419/namespaces/pg17/tests/integration/apicurio-registry/schema-util/xsd/target/apicurio-registry-schema-util-xsd-3.0.12-SNAPSHOT.jar:/home/runner/work/apicurio-testing/apicurio-testing/clusters/ci419/namespaces/pg17/tests/integration/apicurio-registry/serdes/kafka/jsonschema-serde/target/apicurio-registry-jsonschema-serde-kafka-3.0.12-SNAPSHOT.jar:/home/runner/work/apicurio-testing/apicurio-testing/clusters/ci419/namespaces/pg17/tests/integration/apicurio-registry/serdes/kafka/serde-kafka-common/target/apicurio-registry-serde-kafka-common-3.0.12-SNAPSHOT.jar:/home/runner/work/apicurio-testing/apicurio-testing/clusters/ci419/namespaces/pg17/tests/integration/apicurio-registry/serdes/generic/serde-common/target/apicurio-registry-serde-common-3.0.12-SNAPSHOT.jar:/home/runner/work/apicurio-testing/apicurio-testing/clusters/ci419/namespaces/pg17/tests/integration/apicurio-registry/serdes/generic/serde-common-jsonschema/target/apicurio-registry-serde-common-jsonschema-3.0.12-SNAPSHOT.jar:/home/runner/.m2/repository/org/json/json/20250107/json-20250107.jar:/home/runner/work/apicurio-testing/apicurio-testing/clusters/ci419/namespaces/pg17/tests/integration/apicurio-registry/serdes/kafka/avro-serde/target/apicurio-registry-avro-serde-kafka-3.0.12-SNAPSHOT.jar:/home/runner/work/apicurio-testing/apicurio-testing/clusters/ci419/namespaces/pg17/tests/integration/apicurio-registry/serdes/generic/serde-common-avro/target/apicurio-registry-serde-common-avro-3.0.12-SNAPSHOT.jar:/home/runner/work/apicurio-testing/apicurio-testing/clusters/ci419/namespaces/pg17/tests/integration/apicurio-registry/serdes/kafka/protobuf-serde/target/apicurio-registry-protobuf-serde-kafka-3.0.12-SNAPSHOT.jar:/home/runner/work/apicurio-testing/apicurio-testing/clusters/ci419/namespaces/pg17/tests/integration/apicurio-registry/serdes/generic/serde-common-protobuf/target/apicurio-registry-serde-common-protobuf-3.0.12-SNAPSHOT.jar:/home/runner/.m2/repository/com/squareup/wire/wire-schema/5.3.3/wire-schema-5.3.3.jar:/home/runner/.m2/repository/com/squareup/wire/wire-runtime/5.3.3/wire-runtime-5.3.3.jar:/home/runner/work/apicurio-testing/apicurio-testing/clusters/ci419/namespaces/pg17/tests/integration/apicurio-registry/serdes/pulsar/avro-serde/target/apicurio-registry-avro-serde-pulsar-3.0.12-SNAPSHOT.jar:/home/runner/.m2/repository/org/apache/pulsar/pulsar-functions-api/3.3.8/pulsar-functions-api-3.3.8.jar:/home/runner/work/apicurio-testing/apicurio-testing/clusters/ci419/namespaces/pg17/tests/integration/apicurio-registry/serdes/nats/avro-serde/target/apicurio-registry-avro-serde-nats-3.0.12-SNAPSHOT.jar:/home/runner/.m2/repository/io/nats/jnats/2.21.4/jnats-2.21.4.jar:/home/runner/.m2/repository/org/bouncycastle/bcprov-lts8on/2.73.7/bcprov-lts8on-2.73.7.jar:/home/runner/.m2/repository/org/jetbrains/annotations/26.0.2/annotations-26.0.2.jar:/home/runner/work/apicurio-testing/apicurio-testing/clusters/ci419/namespaces/pg17/tests/integration/apicurio-registry/utils/converter/target/apicurio-registry-utils-converter-3.0.12-SNAPSHOT.jar:/home/runner/work/apicurio-testing/apicurio-testing/clusters/ci419/namespaces/pg17/tests/integration/apicurio-registry/schema-resolver/target/apicurio-registry-schema-resolver-3.0.12-SNAPSHOT.jar:/home/runner/.m2/repository/org/apache/kafka/connect-api/3.9.1/connect-api-3.9.1.jar:/home/runner/.m2/repository/javax/ws/rs/javax.ws.rs-api/2.1.1/javax.ws.rs-api-2.1.1.jar:/home/runner/.m2/repository/org/apache/kafka/connect-json/3.9.1/connect-json-3.9.1.jar:/home/runner/.m2/repository/com/fasterxml/jackson/datatype/jackson-datatype-jdk8/2.18.2/jackson-datatype-jdk8-2.18.2.jar:/home/runner/.m2/repository/com/fasterxml/jackson/module/jackson-module-afterburner/2.18.2/jackson-module-afterburner-2.18.2.jar:/home/runner/work/apicurio-testing/apicurio-testing/clusters/ci419/namespaces/pg17/tests/integration/apicurio-registry/utils/kafka/target/apicurio-registry-utils-kafka-3.0.12-SNAPSHOT.jar:/home/runner/.m2/repository/org/apache/pulsar/pulsar-client/3.3.8/pulsar-client-3.3.8.jar:/home/runner/.m2/repository/org/apache/pulsar/pulsar-client-api/3.3.8/pulsar-client-api-3.3.8.jar:/home/runner/.m2/repository/org/apache/pulsar/pulsar-client-admin-api/3.3.8/pulsar-client-admin-api-3.3.8.jar:/home/runner/.m2/repository/org/apache/pulsar/bouncy-castle-bc/3.3.8/bouncy-castle-bc-3.3.8-pkg.jar:/home/runner/.m2/repository/org/bouncycastle/bcpkix-jdk18on/1.81/bcpkix-jdk18on-1.81.jar:/home/runner/.m2/repository/org/bouncycastle/bcutil-jdk18on/1.81/bcutil-jdk18on-1.81.jar:/home/runner/.m2/repository/org/bouncycastle/bcprov-jdk18on/1.81/bcprov-jdk18on-1.81.jar:/home/runner/.m2/repository/io/opentelemetry/opentelemetry-api/1.44.1/opentelemetry-api-1.44.1.jar:/home/runner/.m2/repository/io/opentelemetry/opentelemetry-context/1.44.1/opentelemetry-context-1.44.1.jar:/home/runner/.m2/repository/io/opentelemetry/opentelemetry-api-incubator/1.44.1-alpha/opentelemetry-api-incubator-1.44.1-alpha.jar:/home/runner/.m2/repository/com/fasterxml/jackson/core/jackson-annotations/2.18.2/jackson-annotations-2.18.2.jar:/home/runner/.m2/repository/javax/validation/validation-api/1.1.0.Final/validation-api-1.1.0.Final.jar:/home/runner/.m2/repository/org/jspecify/jspecify/1.0.0/jspecify-1.0.0.jar:/home/runner/.m2/repository/org/apache/commons/commons-configuration2/2.12.0/commons-configuration2-2.12.0.jar:/home/runner/.m2/repository/commons-logging/commons-logging/1.3.5/commons-logging-1.3.5.jar:/home/runner/.m2/repository/org/apache/commons/commons-text/1.13.0/commons-text-1.13.0.jar:/home/runner/.m2/repository/io/confluent/kafka-avro-serializer/8.0.0/kafka-avro-serializer-8.0.0.jar:/home/runner/.m2/repository/org/apache/commons/commons-compress/1.27.1/commons-compress-1.27.1.jar:/home/runner/.m2/repository/io/confluent/kafka-schema-serializer/8.0.0/kafka-schema-serializer-8.0.0.jar:/home/runner/.m2/repository/com/fasterxml/jackson/dataformat/jackson-dataformat-csv/2.18.2/jackson-dataformat-csv-2.18.2.jar:/home/runner/.m2/repository/io/confluent/kafka-schema-registry-client/8.0.0/kafka-schema-registry-client-8.0.0.jar:/home/runner/.m2/repository/org/yaml/snakeyaml/2.3/snakeyaml-2.3.jar:/home/runner/.m2/repository/io/swagger/core/v3/swagger-annotations/2.2.29/swagger-annotations-2.2.29.jar:/home/runner/.m2/repository/com/google/guava/guava/33.4.0-jre/guava-33.4.0-jre.jar:/home/runner/.m2/repository/com/google/guava/failureaccess/1.0.1/failureaccess-1.0.1.jar:/home/runner/.m2/repository/org/checkerframework/checker-qual/3.49.0/checker-qual-3.49.0.jar:/home/runner/.m2/repository/io/confluent/logredactor/1.0.13/logredactor-1.0.13.jar:/home/runner/.m2/repository/com/google/re2j/re2j/1.6/re2j-1.6.jar:/home/runner/.m2/repository/io/confluent/logredactor-metrics/1.0.13/logredactor-metrics-1.0.13.jar:/home/runner/.m2/repository/com/eclipsesource/minimal-json/minimal-json/0.9.5/minimal-json-0.9.5.jar:/home/runner/.m2/repository/io/confluent/common-utils/8.0.0/common-utils-8.0.0.jar:/home/runner/.m2/repository/io/confluent/kafka-connect-avro-converter/8.0.0/kafka-connect-avro-converter-8.0.0.jar:/home/runner/.m2/repository/io/confluent/kafka-connect-avro-data/8.0.0/kafka-connect-avro-data-8.0.0.jar:/home/runner/.m2/repository/io/confluent/kafka-schema-converter/8.0.0/kafka-schema-converter-8.0.0.jar:/home/runner/.m2/repository/io/rest-assured/rest-assured/5.5.1/rest-assured-5.5.1.jar:/home/runner/.m2/repository/org/apache/groovy/groovy/4.0.22/groovy-4.0.22.jar:/home/runner/.m2/repository/org/apache/groovy/groovy-xml/4.0.22/groovy-xml-4.0.22.jar:/home/runner/.m2/repository/org/apache/httpcomponents/httpclient/4.5.14/httpclient-4.5.14.jar:/home/runner/.m2/repository/org/apache/httpcomponents/httpcore/4.4.16/httpcore-4.4.16.jar:/home/runner/.m2/repository/org/apache/httpcomponents/httpmime/4.5.14/httpmime-4.5.14.jar:/home/runner/.m2/repository/org/hamcrest/hamcrest/2.2/hamcrest-2.2.jar:/home/runner/.m2/repository/org/ccil/cowan/tagsoup/tagsoup/1.2.1/tagsoup-1.2.1.jar:/home/runner/.m2/repository/io/rest-assured/json-path/5.5.1/json-path-5.5.1.jar:/home/runner/.m2/repository/org/apache/groovy/groovy-json/4.0.22/groovy-json-4.0.22.jar:/home/runner/.m2/repository/io/rest-assured/rest-assured-common/5.5.1/rest-assured-common-5.5.1.jar:/home/runner/.m2/repository/io/rest-assured/xml-path/5.5.1/xml-path-5.5.1.jar:/home/runner/.m2/repository/io/zonky/test/embedded-postgres/2.1.0/embedded-postgres-2.1.0.jar:/home/runner/.m2/repository/io/zonky/test/postgres/embedded-postgres-binaries-windows-amd64/14.15.0/embedded-postgres-binaries-windows-amd64-14.15.0.jar:/home/runner/.m2/repository/io/zonky/test/postgres/embedded-postgres-binaries-darwin-amd64/14.15.0/embedded-postgres-binaries-darwin-amd64-14.15.0.jar:/home/runner/.m2/repository/io/zonky/test/postgres/embedded-postgres-binaries-linux-amd64/14.15.0/embedded-postgres-binaries-linux-amd64-14.15.0.jar:/home/runner/.m2/repository/io/zonky/test/postgres/embedded-postgres-binaries-linux-amd64-alpine/14.15.0/embedded-postgres-binaries-linux-amd64-alpine-14.15.0.jar:/home/runner/.m2/repository/org/apache/commons/commons-lang3/3.17.0/commons-lang3-3.17.0.jar:/home/runner/.m2/repository/org/tukaani/xz/1.10/xz-1.10.jar:/home/runner/.m2/repository/commons-codec/commons-codec/1.19.0/commons-codec-1.19.0.jar:/home/runner/.m2/repository/org/postgresql/postgresql/42.7.7/postgresql-42.7.7.jar:/home/runner/.m2/repository/commons-io/commons-io/2.18.0/commons-io-2.18.0.jar:/home/runner/work/apicurio-testing/apicurio-testing/clusters/ci419/namespaces/pg17/tests/integration/apicurio-registry/utils/importexport/target/apicurio-registry-utils-import-export-3.0.12-SNAPSHOT.jar:/home/runner/.m2/repository/io/vertx/vertx-core/4.5.16/vertx-core-4.5.16.jar:/home/runner/.m2/repository/io/netty/netty-common/4.1.121.Final/netty-common-4.1.121.Final.jar:/home/runner/.m2/repository/io/netty/netty-buffer/4.1.121.Final/netty-buffer-4.1.121.Final.jar:/home/runner/.m2/repository/io/netty/netty-transport/4.1.121.Final/netty-transport-4.1.121.Final.jar:/home/runner/.m2/repository/io/netty/netty-handler/4.1.121.Final/netty-handler-4.1.121.Final.jar:/home/runner/.m2/repository/io/netty/netty-transport-native-unix-common/4.1.121.Final/netty-transport-native-unix-common-4.1.121.Final.jar:/home/runner/.m2/repository/io/netty/netty-codec/4.1.121.Final/netty-codec-4.1.121.Final.jar:/home/runner/.m2/repository/io/netty/netty-handler-proxy/4.1.121.Final/netty-handler-proxy-4.1.121.Final.jar:/home/runner/.m2/repository/io/netty/netty-codec-socks/4.1.121.Final/netty-codec-socks-4.1.121.Final.jar:/home/runner/.m2/repository/io/netty/netty-codec-http/4.1.121.Final/netty-codec-http-4.1.121.Final.jar:/home/runner/.m2/repository/io/netty/netty-codec-http2/4.1.121.Final/netty-codec-http2-4.1.121.Final.jar:/home/runner/.m2/repository/io/netty/netty-resolver/4.1.121.Final/netty-resolver-4.1.121.Final.jar:/home/runner/.m2/repository/io/netty/netty-resolver-dns/4.1.121.Final/netty-resolver-dns-4.1.121.Final.jar:/home/runner/.m2/repository/io/netty/netty-codec-dns/4.1.121.Final/netty-codec-dns-4.1.121.Final.jar:/home/runner/.m2/repository/com/fasterxml/jackson/core/jackson-core/2.18.2/jackson-core-2.18.2.jar:"/>
    <property name="java.vm.vendor" value="Eclipse Adoptium"/>
    <property name="maven.javadoc.skip" value="true"/>
    <property name="sun.arch.data.model" value="64"/>
    <property name="java.vendor.url" value="https://adoptium.net/"/>
    <property name="user.timezone" value="Etc/UTC"/>
    <property name="os.name" value="Linux"/>
    <property name="java.vm.specification.version" value="17"/>
    <property name="sun.java.launcher" value="SUN_STANDARD"/>
    <property name="quarkus.http.test-port" value="80"/>
    <property name="sun.boot.library.path" value="/usr/lib/jvm/temurin-17-jdk-amd64/lib"/>
    <property name="sun.java.command" value="/home/runner/work/apicurio-testing/apicurio-testing/clusters/ci419/namespaces/pg17/tests/integration/apicurio-registry/integration-tests/target/surefire/surefirebooter-20250812171827374_3.jar /home/runner/work/apicurio-testing/apicurio-testing/clusters/ci419/namespaces/pg17/tests/integration/apicurio-registry/integration-tests/target/surefire 2025-08-12T17-18-27_312-jvmRun1 surefire-20250812171827374_1tmp surefire_0-20250812171827374_2tmp"/>
    <property name="maven.home" value="/home/runner/.m2/wrapper/dists/apache-maven-3.9.8-bin/4fnp1ql35bgk2a0p7m31ovbgb0/apache-maven-3.9.8"/>
    <property name="jdk.debug" value="release"/>
    <property name="surefire.test.class.path" value="/home/runner/work/apicurio-testing/apicurio-testing/clusters/ci419/namespaces/pg17/tests/integration/apicurio-registry/integration-tests/target/test-classes:/home/runner/work/apicurio-testing/apicurio-testing/clusters/ci419/namespaces/pg17/tests/integration/apicurio-registry/integration-tests/target/apicurio-registry-integration-tests-3.0.12-SNAPSHOT.jar:/home/runner/.m2/repository/io/quarkus/quarkus-junit5/3.20.2/quarkus-junit5-3.20.2.jar:/home/runner/.m2/repository/io/quarkus/quarkus-bootstrap-core/3.20.2/quarkus-bootstrap-core-3.20.2.jar:/home/runner/.m2/repository/io/quarkus/quarkus-classloader-commons/3.20.2/quarkus-classloader-commons-3.20.2.jar:/home/runner/.m2/repository/io/quarkus/quarkus-bootstrap-app-model/3.20.2/quarkus-bootstrap-app-model-3.20.2.jar:/home/runner/.m2/repository/io/smallrye/common/smallrye-common-io/2.12.0/smallrye-common-io-2.12.0.jar:/home/runner/.m2/repository/org/eclipse/sisu/org.eclipse.sisu.inject/0.9.0.M3/org.eclipse.sisu.inject-0.9.0.M3.jar:/home/runner/.m2/repository/io/quarkus/quarkus-test-common/3.20.2/quarkus-test-common-3.20.2.jar:/home/runner/.m2/repository/io/quarkus/quarkus-core-deployment/3.20.2/quarkus-core-deployment-3.20.2.jar:/home/runner/.m2/repository/org/aesh/readline/2.6/readline-2.6.jar:/home/runner/.m2/repository/org/fusesource/jansi/jansi/2.4.0/jansi-2.4.0.jar:/home/runner/.m2/repository/org/aesh/aesh/2.8.2/aesh-2.8.2.jar:/home/runner/.m2/repository/io/quarkus/gizmo/gizmo/1.8.0/gizmo-1.8.0.jar:/home/runner/.m2/repository/org/ow2/asm/asm-util/9.7.1/asm-util-9.7.1.jar:/home/runner/.m2/repository/org/ow2/asm/asm-analysis/9.7.1/asm-analysis-9.7.1.jar:/home/runner/.m2/repository/org/ow2/asm/asm-commons/9.7.1/asm-commons-9.7.1.jar:/home/runner/.m2/repository/org/ow2/asm/asm-tree/9.7.1/asm-tree-9.7.1.jar:/home/runner/.m2/repository/io/quarkus/quarkus-hibernate-validator-spi/3.20.2/quarkus-hibernate-validator-spi-3.20.2.jar:/home/runner/.m2/repository/io/quarkus/quarkus-class-change-agent/3.20.2/quarkus-class-change-agent-3.20.2.jar:/home/runner/.m2/repository/io/quarkus/quarkus-devtools-utilities/3.20.2/quarkus-devtools-utilities-3.20.2.jar:/home/runner/.m2/repository/io/quarkus/quarkus-builder/3.20.2/quarkus-builder-3.20.2.jar:/home/runner/.m2/repository/org/graalvm/sdk/nativeimage/23.1.2/nativeimage-23.1.2.jar:/home/runner/.m2/repository/org/graalvm/sdk/word/23.1.2/word-23.1.2.jar:/home/runner/.m2/repository/io/quarkus/quarkus-bootstrap-maven-resolver/3.20.2/quarkus-bootstrap-maven-resolver-3.20.2.jar:/home/runner/.m2/repository/io/smallrye/beanbag/smallrye-beanbag-maven/1.5.2/smallrye-beanbag-maven-1.5.2.jar:/home/runner/.m2/repository/io/smallrye/beanbag/smallrye-beanbag-sisu/1.5.2/smallrye-beanbag-sisu-1.5.2.jar:/home/runner/.m2/repository/io/smallrye/beanbag/smallrye-beanbag/1.5.2/smallrye-beanbag-1.5.2.jar:/home/runner/.m2/repository/javax/inject/javax.inject/1/javax.inject-1.jar:/home/runner/.m2/repository/org/apache/maven/maven-artifact/3.9.9/maven-artifact-3.9.9.jar:/home/runner/.m2/repository/org/apache/maven/maven-builder-support/3.9.9/maven-builder-support-3.9.9.jar:/home/runner/.m2/repository/org/apache/maven/maven-model/3.9.9/maven-model-3.9.9.jar:/home/runner/.m2/repository/org/apache/maven/maven-model-builder/3.9.9/maven-model-builder-3.9.9.jar:/home/runner/.m2/repository/org/apache/maven/maven-repository-metadata/3.9.9/maven-repository-metadata-3.9.9.jar:/home/runner/.m2/repository/org/apache/maven/maven-settings/3.9.9/maven-settings-3.9.9.jar:/home/runner/.m2/repository/org/apache/maven/resolver/maven-resolver-api/1.9.22/maven-resolver-api-1.9.22.jar:/home/runner/.m2/repository/org/apache/maven/resolver/maven-resolver-impl/1.9.22/maven-resolver-impl-1.9.22.jar:/home/runner/.m2/repository/org/apache/maven/resolver/maven-resolver-named-locks/1.9.22/maven-resolver-named-locks-1.9.22.jar:/home/runner/.m2/repository/org/apache/maven/resolver/maven-resolver-spi/1.9.22/maven-resolver-spi-1.9.22.jar:/home/runner/.m2/repository/org/apache/maven/resolver/maven-resolver-util/1.9.22/maven-resolver-util-1.9.22.jar:/home/runner/.m2/repository/org/apache/maven/resolver/maven-resolver-transport-http/1.9.20/maven-resolver-transport-http-1.9.20.jar:/home/runner/.m2/repository/org/apache/maven/wagon/wagon-provider-api/3.5.3/wagon-provider-api-3.5.3.jar:/home/runner/.m2/repository/org/apache/maven/wagon/wagon-http-shared/3.5.3/wagon-http-shared-3.5.3.jar:/home/runner/.m2/repository/org/codehaus/plexus/plexus-interpolation/1.26/plexus-interpolation-1.26.jar:/home/runner/.m2/repository/org/codehaus/plexus/plexus-utils/3.5.1/plexus-utils-3.5.1.jar:/home/runner/.m2/repository/org/codehaus/plexus/plexus-xml/4.0.1/plexus-xml-4.0.1.jar:/home/runner/.m2/repository/org/apache/maven/maven-xml-impl/4.0.0-alpha-5/maven-xml-impl-4.0.0-alpha-5.jar:/home/runner/.m2/repository/org/apache/maven/maven-api-xml/4.0.0-alpha-5/maven-api-xml-4.0.0-alpha-5.jar:/home/runner/.m2/repository/org/apache/maven/maven-api-meta/4.0.0-alpha-5/maven-api-meta-4.0.0-alpha-5.jar:/home/runner/.m2/repository/org/codehaus/plexus/plexus-cipher/2.0/plexus-cipher-2.0.jar:/home/runner/.m2/repository/org/codehaus/plexus/plexus-sec-dispatcher/2.0/plexus-sec-dispatcher-2.0.jar:/home/runner/.m2/repository/org/apache/maven/maven-embedder/3.9.9/maven-embedder-3.9.9.jar:/home/runner/.m2/repository/org/apache/maven/maven-core/3.9.9/maven-core-3.9.9.jar:/home/runner/.m2/repository/org/codehaus/plexus/plexus-component-annotations/2.1.0/plexus-component-annotations-2.1.0.jar:/home/runner/.m2/repository/org/apache/maven/maven-plugin-api/3.9.9/maven-plugin-api-3.9.9.jar:/home/runner/.m2/repository/org/apache/maven/shared/maven-shared-utils/3.4.2/maven-shared-utils-3.4.2.jar:/home/runner/.m2/repository/com/google/inject/guice/5.1.0/guice-5.1.0.jar:/home/runner/.m2/repository/aopalliance/aopalliance/1.0/aopalliance-1.0.jar:/home/runner/.m2/repository/org/codehaus/plexus/plexus-classworlds/2.6.0/plexus-classworlds-2.6.0.jar:/home/runner/.m2/repository/commons-cli/commons-cli/1.8.0/commons-cli-1.8.0.jar:/home/runner/.m2/repository/org/eclipse/sisu/org.eclipse.sisu.plexus/0.9.0.M3/org.eclipse.sisu.plexus-0.9.0.M3.jar:/home/runner/.m2/repository/org/apache/maven/maven-settings-builder/3.9.9/maven-settings-builder-3.9.9.jar:/home/runner/.m2/repository/org/apache/maven/maven-resolver-provider/3.9.9/maven-resolver-provider-3.9.9.jar:/home/runner/.m2/repository/org/apache/maven/resolver/maven-resolver-connector-basic/1.9.22/maven-resolver-connector-basic-1.9.22.jar:/home/runner/.m2/repository/org/apache/maven/resolver/maven-resolver-transport-wagon/1.9.22/maven-resolver-transport-wagon-1.9.22.jar:/home/runner/.m2/repository/org/apache/maven/wagon/wagon-http/3.5.3/wagon-http-3.5.3.jar:/home/runner/.m2/repository/org/apache/maven/wagon/wagon-file/3.5.3/wagon-file-3.5.3.jar:/home/runner/.m2/repository/io/quarkus/quarkus-bootstrap-gradle-resolver/3.20.2/quarkus-bootstrap-gradle-resolver-3.20.2.jar:/home/runner/.m2/repository/io/smallrye/jandex/3.3.0/jandex-3.3.0.jar:/home/runner/.m2/repository/org/jboss/logging/commons-logging-jboss-logging/1.0.0.Final/commons-logging-jboss-logging-1.0.0.Final.jar:/home/runner/.m2/repository/io/quarkus/quarkus-junit5-config/3.20.2/quarkus-junit5-config-3.20.2.jar:/home/runner/.m2/repository/org/junit/jupiter/junit-jupiter-api/5.12.1/junit-jupiter-api-5.12.1.jar:/home/runner/.m2/repository/io/smallrye/config/smallrye-config/3.11.4/smallrye-config-3.11.4.jar:/home/runner/.m2/repository/io/smallrye/config/smallrye-config-core/3.11.4/smallrye-config-core-3.11.4.jar:/home/runner/.m2/repository/io/smallrye/common/smallrye-common-classloader/2.12.0/smallrye-common-classloader-2.12.0.jar:/home/runner/.m2/repository/io/smallrye/config/smallrye-config-common/3.11.4/smallrye-config-common-3.11.4.jar:/home/runner/.m2/repository/org/junit/jupiter/junit-jupiter/5.12.1/junit-jupiter-5.12.1.jar:/home/runner/.m2/repository/org/junit/jupiter/junit-jupiter-params/5.12.1/junit-jupiter-params-5.12.1.jar:/home/runner/.m2/repository/org/junit/jupiter/junit-jupiter-engine/5.12.1/junit-jupiter-engine-5.12.1.jar:/home/runner/.m2/repository/io/quarkus/quarkus-core/3.20.2/quarkus-core-3.20.2.jar:/home/runner/.m2/repository/jakarta/enterprise/jakarta.enterprise.cdi-api/4.1.0/jakarta.enterprise.cdi-api-4.1.0.jar:/home/runner/.m2/repository/jakarta/enterprise/jakarta.enterprise.lang-model/4.1.0/jakarta.enterprise.lang-model-4.1.0.jar:/home/runner/.m2/repository/jakarta/el/jakarta.el-api/5.0.1/jakarta.el-api-5.0.1.jar:/home/runner/.m2/repository/jakarta/interceptor/jakarta.interceptor-api/2.2.0/jakarta.interceptor-api-2.2.0.jar:/home/runner/.m2/repository/jakarta/inject/jakarta.inject-api/2.0.1/jakarta.inject-api-2.0.1.jar:/home/runner/.m2/repository/io/smallrye/common/smallrye-common-os/2.12.0/smallrye-common-os-2.12.0.jar:/home/runner/.m2/repository/io/quarkus/quarkus-ide-launcher/3.20.2/quarkus-ide-launcher-3.20.2.jar:/home/runner/.m2/repository/io/quarkus/quarkus-development-mode-spi/3.20.2/quarkus-development-mode-spi-3.20.2.jar:/home/runner/.m2/repository/org/jboss/logging/jboss-logging/3.6.1.Final/jboss-logging-3.6.1.Final.jar:/home/runner/.m2/repository/org/jboss/logmanager/jboss-logmanager/3.1.2.Final/jboss-logmanager-3.1.2.Final.jar:/home/runner/.m2/repository/io/smallrye/common/smallrye-common-constraint/2.12.0/smallrye-common-constraint-2.12.0.jar:/home/runner/.m2/repository/io/smallrye/common/smallrye-common-cpu/2.12.0/smallrye-common-cpu-2.12.0.jar:/home/runner/.m2/repository/io/smallrye/common/smallrye-common-expression/2.12.0/smallrye-common-expression-2.12.0.jar:/home/runner/.m2/repository/io/smallrye/common/smallrye-common-net/2.12.0/smallrye-common-net-2.12.0.jar:/home/runner/.m2/repository/io/smallrye/common/smallrye-common-ref/2.12.0/smallrye-common-ref-2.12.0.jar:/home/runner/.m2/repository/jakarta/json/jakarta.json-api/2.1.3/jakarta.json-api-2.1.3.jar:/home/runner/.m2/repository/org/eclipse/parsson/parsson/1.1.7/parsson-1.1.7.jar:/home/runner/.m2/repository/org/jboss/logging/jboss-logging-annotations/3.0.4.Final/jboss-logging-annotations-3.0.4.Final.jar:/home/runner/.m2/repository/org/jboss/threads/jboss-threads/3.8.0.Final/jboss-threads-3.8.0.Final.jar:/home/runner/.m2/repository/io/smallrye/common/smallrye-common-annotation/2.12.0/smallrye-common-annotation-2.12.0.jar:/home/runner/.m2/repository/io/smallrye/common/smallrye-common-function/2.12.0/smallrye-common-function-2.12.0.jar:/home/runner/.m2/repository/org/jboss/slf4j/slf4j-jboss-logmanager/2.0.0.Final/slf4j-jboss-logmanager-2.0.0.Final.jar:/home/runner/.m2/repository/org/wildfly/common/wildfly-common/2.0.1/wildfly-common-2.0.1.jar:/home/runner/.m2/repository/io/quarkus/quarkus-bootstrap-runner/3.20.2/quarkus-bootstrap-runner-3.20.2.jar:/home/runner/.m2/repository/io/github/crac/org-crac/0.1.3/org-crac-0.1.3.jar:/home/runner/.m2/repository/io/quarkus/quarkus-fs-util/0.0.10/quarkus-fs-util-0.0.10.jar:/home/runner/.m2/repository/org/jboss/marshalling/jboss-marshalling/2.2.2.Final/jboss-marshalling-2.2.2.Final.jar:/home/runner/.m2/repository/io/fabric8/kubernetes-client/7.1.0/kubernetes-client-7.1.0.jar:/home/runner/.m2/repository/io/fabric8/kubernetes-client-api/7.1.0/kubernetes-client-api-7.1.0.jar:/home/runner/.m2/repository/io/fabric8/kubernetes-model-core/7.1.0/kubernetes-model-core-7.1.0.jar:/home/runner/.m2/repository/io/fabric8/kubernetes-model-common/7.1.0/kubernetes-model-common-7.1.0.jar:/home/runner/.m2/repository/javax/annotation/javax.annotation-api/1.3.2/javax.annotation-api-1.3.2.jar:/home/runner/.m2/repository/io/fabric8/kubernetes-model-gatewayapi/7.1.0/kubernetes-model-gatewayapi-7.1.0.jar:/home/runner/.m2/repository/io/fabric8/kubernetes-model-resource/7.1.0/kubernetes-model-resource-7.1.0.jar:/home/runner/.m2/repository/io/fabric8/kubernetes-model-rbac/7.1.0/kubernetes-model-rbac-7.1.0.jar:/home/runner/.m2/repository/io/fabric8/kubernetes-model-admissionregistration/7.1.0/kubernetes-model-admissionregistration-7.1.0.jar:/home/runner/.m2/repository/io/fabric8/kubernetes-model-apps/7.1.0/kubernetes-model-apps-7.1.0.jar:/home/runner/.m2/repository/io/fabric8/kubernetes-model-autoscaling/7.1.0/kubernetes-model-autoscaling-7.1.0.jar:/home/runner/.m2/repository/io/fabric8/kubernetes-model-apiextensions/7.1.0/kubernetes-model-apiextensions-7.1.0.jar:/home/runner/.m2/repository/io/fabric8/kubernetes-model-batch/7.1.0/kubernetes-model-batch-7.1.0.jar:/home/runner/.m2/repository/io/fabric8/kubernetes-model-certificates/7.1.0/kubernetes-model-certificates-7.1.0.jar:/home/runner/.m2/repository/io/fabric8/kubernetes-model-coordination/7.1.0/kubernetes-model-coordination-7.1.0.jar:/home/runner/.m2/repository/io/fabric8/kubernetes-model-discovery/7.1.0/kubernetes-model-discovery-7.1.0.jar:/home/runner/.m2/repository/io/fabric8/kubernetes-model-events/7.1.0/kubernetes-model-events-7.1.0.jar:/home/runner/.m2/repository/io/fabric8/kubernetes-model-extensions/7.1.0/kubernetes-model-extensions-7.1.0.jar:/home/runner/.m2/repository/io/fabric8/kubernetes-model-flowcontrol/7.1.0/kubernetes-model-flowcontrol-7.1.0.jar:/home/runner/.m2/repository/io/fabric8/kubernetes-model-networking/7.1.0/kubernetes-model-networking-7.1.0.jar:/home/runner/.m2/repository/io/fabric8/kubernetes-model-metrics/7.1.0/kubernetes-model-metrics-7.1.0.jar:/home/runner/.m2/repository/io/fabric8/kubernetes-model-policy/7.1.0/kubernetes-model-policy-7.1.0.jar:/home/runner/.m2/repository/io/fabric8/kubernetes-model-scheduling/7.1.0/kubernetes-model-scheduling-7.1.0.jar:/home/runner/.m2/repository/io/fabric8/kubernetes-model-storageclass/7.1.0/kubernetes-model-storageclass-7.1.0.jar:/home/runner/.m2/repository/io/fabric8/kubernetes-model-node/7.1.0/kubernetes-model-node-7.1.0.jar:/home/runner/.m2/repository/org/snakeyaml/snakeyaml-engine/2.9/snakeyaml-engine-2.9.jar:/home/runner/.m2/repository/com/fasterxml/jackson/dataformat/jackson-dataformat-yaml/2.18.2/jackson-dataformat-yaml-2.18.2.jar:/home/runner/.m2/repository/com/fasterxml/jackson/datatype/jackson-datatype-jsr310/2.18.2/jackson-datatype-jsr310-2.18.2.jar:/home/runner/.m2/repository/io/fabric8/zjsonpatch/7.1.0/zjsonpatch-7.1.0.jar:/home/runner/.m2/repository/io/fabric8/kubernetes-httpclient-vertx/7.1.0/kubernetes-httpclient-vertx-7.1.0.jar:/home/runner/.m2/repository/io/vertx/vertx-web-client/4.5.16/vertx-web-client-4.5.16.jar:/home/runner/.m2/repository/io/vertx/vertx-web-common/4.5.16/vertx-web-common-4.5.16.jar:/home/runner/.m2/repository/io/vertx/vertx-auth-common/4.5.16/vertx-auth-common-4.5.16.jar:/home/runner/.m2/repository/io/vertx/vertx-uri-template/4.5.16/vertx-uri-template-4.5.16.jar:/home/runner/.m2/repository/io/fabric8/openshift-client/7.1.0/openshift-client-7.1.0.jar:/home/runner/.m2/repository/io/fabric8/openshift-client-api/7.1.0/openshift-client-api-7.1.0.jar:/home/runner/.m2/repository/io/fabric8/openshift-model/7.1.0/openshift-model-7.1.0.jar:/home/runner/.m2/repository/io/fabric8/openshift-model-autoscaling/7.1.0/openshift-model-autoscaling-7.1.0.jar:/home/runner/.m2/repository/io/fabric8/openshift-model-operator/7.1.0/openshift-model-operator-7.1.0.jar:/home/runner/.m2/repository/io/fabric8/openshift-model-operatorhub/7.1.0/openshift-model-operatorhub-7.1.0.jar:/home/runner/.m2/repository/io/fabric8/openshift-model-machine/7.1.0/openshift-model-machine-7.1.0.jar:/home/runner/.m2/repository/io/fabric8/openshift-model-whereabouts/7.1.0/openshift-model-whereabouts-7.1.0.jar:/home/runner/.m2/repository/io/fabric8/openshift-model-monitoring/7.1.0/openshift-model-monitoring-7.1.0.jar:/home/runner/.m2/repository/io/fabric8/openshift-model-storageversionmigrator/7.1.0/openshift-model-storageversionmigrator-7.1.0.jar:/home/runner/.m2/repository/io/fabric8/openshift-model-tuned/7.1.0/openshift-model-tuned-7.1.0.jar:/home/runner/.m2/repository/io/fabric8/openshift-model-console/7.1.0/openshift-model-console-7.1.0.jar:/home/runner/.m2/repository/io/fabric8/openshift-model-config/7.1.0/openshift-model-config-7.1.0.jar:/home/runner/.m2/repository/io/fabric8/openshift-model-machineconfiguration/7.1.0/openshift-model-machineconfiguration-7.1.0.jar:/home/runner/.m2/repository/io/fabric8/openshift-model-miscellaneous/7.1.0/openshift-model-miscellaneous-7.1.0.jar:/home/runner/.m2/repository/io/fabric8/openshift-model-hive/7.1.0/openshift-model-hive-7.1.0.jar:/home/runner/.m2/repository/io/fabric8/openshift-model-installer/7.1.0/openshift-model-installer-7.1.0.jar:/home/runner/.m2/repository/org/junit/platform/junit-platform-launcher/1.12.1/junit-platform-launcher-1.12.1.jar:/home/runner/.m2/repository/org/junit/platform/junit-platform-engine/1.12.1/junit-platform-engine-1.12.1.jar:/home/runner/.m2/repository/org/opentest4j/opentest4j/1.3.0/opentest4j-1.3.0.jar:/home/runner/.m2/repository/org/junit/platform/junit-platform-commons/1.12.1/junit-platform-commons-1.12.1.jar:/home/runner/.m2/repository/org/apiguardian/apiguardian-api/1.1.2/apiguardian-api-1.1.2.jar:/home/runner/.m2/repository/jakarta/ws/rs/jakarta.ws.rs-api/3.1.0/jakarta.ws.rs-api-3.1.0.jar:/home/runner/work/apicurio-testing/apicurio-testing/clusters/ci419/namespaces/pg17/tests/integration/apicurio-registry/java-sdk/target/apicurio-registry-java-sdk-3.0.12-SNAPSHOT.jar:/home/runner/.m2/repository/com/microsoft/kiota/microsoft-kiota-abstractions/1.8.9/microsoft-kiota-abstractions-1.8.9.jar:/home/runner/.m2/repository/io/github/std-uritemplate/std-uritemplate/2.0.0/std-uritemplate-2.0.0.jar:/home/runner/.m2/repository/io/kiota/kiota-http-jdk/0.0.29/kiota-http-jdk-0.0.29.jar:/home/runner/.m2/repository/io/kiota/kiota-http-vertx/0.0.29/kiota-http-vertx-0.0.29.jar:/home/runner/.m2/repository/io/kiota/kiota-serialization-jackson/0.0.29/kiota-serialization-jackson-0.0.29.jar:/home/runner/.m2/repository/com/microsoft/kiota/microsoft-kiota-serialization-text/1.8.9/microsoft-kiota-serialization-text-1.8.9.jar:/home/runner/.m2/repository/com/microsoft/kiota/microsoft-kiota-serialization-form/1.8.9/microsoft-kiota-serialization-form-1.8.9.jar:/home/runner/.m2/repository/com/microsoft/kiota/microsoft-kiota-serialization-multipart/1.8.9/microsoft-kiota-serialization-multipart-1.8.9.jar:/home/runner/.m2/repository/jakarta/annotation/jakarta.annotation-api/3.0.0/jakarta.annotation-api-3.0.0.jar:/home/runner/.m2/repository/io/vertx/vertx-auth-oauth2/4.5.16/vertx-auth-oauth2-4.5.16.jar:/home/runner/work/apicurio-testing/apicurio-testing/clusters/ci419/namespaces/pg17/tests/integration/apicurio-registry/java-sdk-v2/target/apicurio-registry-v2-java-sdk-3.0.12-SNAPSHOT.jar:/home/runner/work/apicurio-testing/apicurio-testing/clusters/ci419/namespaces/pg17/tests/integration/apicurio-registry/utils/kafka/target/apicurio-registry-utils-kafka-3.0.12-SNAPSHOT-tests.jar:/home/runner/.m2/repository/org/eclipse/microprofile/config/microprofile-config-api/3.1/microprofile-config-api-3.1.jar:/home/runner/.m2/repository/org/apache/kafka/kafka-clients/3.9.1/kafka-clients-3.9.1.jar:/home/runner/.m2/repository/com/github/luben/zstd-jni/1.5.6-4/zstd-jni-1.5.6-4.jar:/home/runner/.m2/repository/org/lz4/lz4-java/1.8.0/lz4-java-1.8.0.jar:/home/runner/.m2/repository/org/xerial/snappy/snappy-java/1.1.10.5/snappy-java-1.1.10.5.jar:/home/runner/.m2/repository/org/slf4j/slf4j-api/2.0.6/slf4j-api-2.0.6.jar:/home/runner/work/apicurio-testing/apicurio-testing/clusters/ci419/namespaces/pg17/tests/integration/apicurio-registry/utils/tests/target/apicurio-registry-utils-tests-3.0.12-SNAPSHOT.jar:/home/runner/work/apicurio-testing/apicurio-testing/clusters/ci419/namespaces/pg17/tests/integration/apicurio-registry/common/target/apicurio-registry-common-3.0.12-SNAPSHOT.jar:/home/runner/.m2/repository/jakarta/validation/jakarta.validation-api/3.0.2/jakarta.validation-api-3.0.2.jar:/home/runner/.m2/repository/com/github/dasniko/testcontainers-keycloak/3.8.0/testcontainers-keycloak-3.8.0.jar:/home/runner/.m2/repository/org/testcontainers/testcontainers/1.20.6/testcontainers-1.20.6.jar:/home/runner/.m2/repository/org/rnorth/duct-tape/duct-tape/1.0.8/duct-tape-1.0.8.jar:/home/runner/.m2/repository/com/github/docker-java/docker-java-transport-zerodep/3.4.1/docker-java-transport-zerodep-3.4.1.jar:/home/runner/.m2/repository/com/github/docker-java/docker-java-transport/3.4.1/docker-java-transport-3.4.1.jar:/home/runner/.m2/repository/net/java/dev/jna/jna/5.8.0/jna-5.8.0.jar:/home/runner/.m2/repository/io/quarkus/quarkus-junit4-mock/3.20.2/quarkus-junit4-mock-3.20.2.jar:/home/runner/.m2/repository/org/jboss/shrinkwrap/shrinkwrap-api/2.0.0-beta-2/shrinkwrap-api-2.0.0-beta-2.jar:/home/runner/.m2/repository/org/jboss/shrinkwrap/shrinkwrap-impl-base/2.0.0-beta-2/shrinkwrap-impl-base-2.0.0-beta-2.jar:/home/runner/.m2/repository/org/jboss/shrinkwrap/shrinkwrap-spi/2.0.0-beta-2/shrinkwrap-spi-2.0.0-beta-2.jar:/home/runner/.m2/repository/org/keycloak/keycloak-admin-client/26.0.4/keycloak-admin-client-26.0.4.jar:/home/runner/.m2/repository/org/keycloak/keycloak-client-common-synced/26.0.4/keycloak-client-common-synced-26.0.4.jar:/home/runner/.m2/repository/jakarta/activation/jakarta.activation-api/2.1.3/jakarta.activation-api-2.1.3.jar:/home/runner/.m2/repository/org/eclipse/microprofile/openapi/microprofile-openapi-api/4.0.2/microprofile-openapi-api-4.0.2.jar:/home/runner/.m2/repository/org/jboss/resteasy/resteasy-client/6.2.12.Final/resteasy-client-6.2.12.Final.jar:/home/runner/.m2/repository/org/jboss/resteasy/resteasy-client-api/6.2.12.Final/resteasy-client-api-6.2.12.Final.jar:/home/runner/.m2/repository/org/jboss/resteasy/resteasy-core-spi/6.2.12.Final/resteasy-core-spi-6.2.12.Final.jar:/home/runner/.m2/repository/org/jboss/resteasy/resteasy-core/6.2.12.Final/resteasy-core-6.2.12.Final.jar:/home/runner/.m2/repository/org/eclipse/angus/angus-activation/2.0.2/angus-activation-2.0.2.jar:/home/runner/.m2/repository/com/ibm/async/asyncutil/0.1.0/asyncutil-0.1.0.jar:/home/runner/.m2/repository/org/reactivestreams/reactive-streams/1.0.4/reactive-streams-1.0.4.jar:/home/runner/.m2/repository/org/jboss/resteasy/resteasy-multipart-provider/6.2.12.Final/resteasy-multipart-provider-6.2.12.Final.jar:/home/runner/.m2/repository/jakarta/mail/jakarta.mail-api/2.1.3/jakarta.mail-api-2.1.3.jar:/home/runner/.m2/repository/org/eclipse/angus/angus-mail/2.0.3/angus-mail-2.0.3.jar:/home/runner/.m2/repository/org/apache/james/apache-mime4j-dom/0.8.12/apache-mime4j-dom-0.8.12.jar:/home/runner/.m2/repository/org/apache/james/apache-mime4j-core/0.8.12/apache-mime4j-core-0.8.12.jar:/home/runner/.m2/repository/org/apache/james/apache-mime4j-storage/0.8.12/apache-mime4j-storage-0.8.12.jar:/home/runner/.m2/repository/org/jboss/resteasy/resteasy-jackson2-provider/6.2.12.Final/resteasy-jackson2-provider-6.2.12.Final.jar:/home/runner/.m2/repository/com/fasterxml/jackson/jakarta/rs/jackson-jakarta-rs-base/2.18.2/jackson-jakarta-rs-base-2.18.2.jar:/home/runner/.m2/repository/com/fasterxml/jackson/jakarta/rs/jackson-jakarta-rs-json-provider/2.18.2/jackson-jakarta-rs-json-provider-2.18.2.jar:/home/runner/.m2/repository/com/fasterxml/jackson/module/jackson-module-jakarta-xmlbind-annotations/2.18.2/jackson-module-jakarta-xmlbind-annotations-2.18.2.jar:/home/runner/.m2/repository/com/github/java-json-tools/json-patch/1.13/json-patch-1.13.jar:/home/runner/.m2/repository/com/github/java-json-tools/msg-simple/1.2/msg-simple-1.2.jar:/home/runner/.m2/repository/com/github/java-json-tools/btf/1.3/btf-1.3.jar:/home/runner/.m2/repository/com/github/java-json-tools/jackson-coreutils/2.0/jackson-coreutils-2.0.jar:/home/runner/.m2/repository/org/jboss/resteasy/resteasy-jaxb-provider/6.2.12.Final/resteasy-jaxb-provider-6.2.12.Final.jar:/home/runner/.m2/repository/org/glassfish/jaxb/codemodel/4.0.5/codemodel-4.0.5.jar:/home/runner/.m2/repository/org/glassfish/jaxb/jaxb-core/4.0.5/jaxb-core-4.0.5.jar:/home/runner/.m2/repository/org/glassfish/jaxb/jaxb-jxc/4.0.5/jaxb-jxc-4.0.5.jar:/home/runner/.m2/repository/org/glassfish/jaxb/jaxb-runtime/4.0.5/jaxb-runtime-4.0.5.jar:/home/runner/.m2/repository/org/glassfish/jaxb/txw2/4.0.5/txw2-4.0.5.jar:/home/runner/.m2/repository/org/glassfish/jaxb/jaxb-xjc/4.0.5/jaxb-xjc-4.0.5.jar:/home/runner/.m2/repository/org/glassfish/jaxb/xsom/4.0.5/xsom-4.0.5.jar:/home/runner/.m2/repository/com/sun/istack/istack-commons-runtime/4.1.2/istack-commons-runtime-4.1.2.jar:/home/runner/.m2/repository/com/sun/istack/istack-commons-tools/4.1.2/istack-commons-tools-4.1.2.jar:/home/runner/.m2/repository/com/sun/xml/bind/external/relaxng-datatype/4.0.5/relaxng-datatype-4.0.5.jar:/home/runner/.m2/repository/com/sun/xml/bind/external/rngom/4.0.5/rngom-4.0.5.jar:/home/runner/.m2/repository/org/testcontainers/mssqlserver/1.20.6/mssqlserver-1.20.6.jar:/home/runner/.m2/repository/org/testcontainers/jdbc/1.20.6/jdbc-1.20.6.jar:/home/runner/.m2/repository/org/testcontainers/database-commons/1.20.6/database-commons-1.20.6.jar:/home/runner/.m2/repository/org/testcontainers/mysql/1.20.6/mysql-1.20.6.jar:/home/runner/.m2/repository/io/strimzi/strimzi-test-container/0.111.0/strimzi-test-container-0.111.0.jar:/home/runner/.m2/repository/org/testcontainers/toxiproxy/1.20.6/toxiproxy-1.20.6.jar:/home/runner/.m2/repository/com/github/docker-java/docker-java-api/3.4.1/docker-java-api-3.4.1.jar:/home/runner/.m2/repository/org/apache/logging/log4j/log4j-slf4j-impl/2.19.0/log4j-slf4j-impl-2.19.0.jar:/home/runner/.m2/repository/org/apache/logging/log4j/log4j-api/2.24.3/log4j-api-2.24.3.jar:/home/runner/.m2/repository/org/apache/logging/log4j/log4j-core/2.19.0/log4j-core-2.19.0.jar:/home/runner/.m2/repository/eu/rekawek/toxiproxy/toxiproxy-java/2.1.7/toxiproxy-java-2.1.7.jar:/home/runner/.m2/repository/org/testcontainers/pulsar/1.21.3/pulsar-1.21.3.jar:/home/runner/.m2/repository/io/debezium/debezium-testing-testcontainers/2.7.4.Final/debezium-testing-testcontainers-2.7.4.Final.jar:/home/runner/.m2/repository/org/testcontainers/kafka/1.20.6/kafka-1.20.6.jar:/home/runner/.m2/repository/com/squareup/okhttp3/okhttp/4.8.1/okhttp-4.8.1.jar:/home/runner/.m2/repository/com/squareup/okio/okio/3.10.2/okio-3.10.2.jar:/home/runner/.m2/repository/com/squareup/okio/okio-jvm/3.10.2/okio-jvm-3.10.2.jar:/home/runner/.m2/repository/org/jetbrains/kotlin/kotlin-stdlib/2.0.21/kotlin-stdlib-2.0.21.jar:/home/runner/.m2/repository/org/awaitility/awaitility/4.3.0/awaitility-4.3.0.jar:/home/runner/.m2/repository/org/testcontainers/mongodb/1.20.6/mongodb-1.20.6.jar:/home/runner/.m2/repository/org/testcontainers/mariadb/1.20.6/mariadb-1.20.6.jar:/home/runner/.m2/repository/org/testcontainers/oracle-xe/1.20.6/oracle-xe-1.20.6.jar:/home/runner/.m2/repository/org/testcontainers/postgresql/1.20.6/postgresql-1.20.6.jar:/home/runner/.m2/repository/org/wiremock/wiremock/3.0.1/wiremock-3.0.1.jar:/home/runner/.m2/repository/org/eclipse/jetty/jetty-server/11.0.15/jetty-server-11.0.15.jar:/home/runner/.m2/repository/org/eclipse/jetty/toolchain/jetty-jakarta-servlet-api/5.0.2/jetty-jakarta-servlet-api-5.0.2.jar:/home/runner/.m2/repository/org/eclipse/jetty/jetty-http/11.0.15/jetty-http-11.0.15.jar:/home/runner/.m2/repository/org/eclipse/jetty/jetty-io/11.0.15/jetty-io-11.0.15.jar:/home/runner/.m2/repository/org/eclipse/jetty/jetty-servlet/11.0.15/jetty-servlet-11.0.15.jar:/home/runner/.m2/repository/org/eclipse/jetty/jetty-security/11.0.15/jetty-security-11.0.15.jar:/home/runner/.m2/repository/org/eclipse/jetty/jetty-servlets/11.0.15/jetty-servlets-11.0.15.jar:/home/runner/.m2/repository/org/eclipse/jetty/jetty-util/11.0.15/jetty-util-11.0.15.jar:/home/runner/.m2/repository/org/eclipse/jetty/jetty-webapp/11.0.15/jetty-webapp-11.0.15.jar:/home/runner/.m2/repository/org/eclipse/jetty/jetty-xml/11.0.15/jetty-xml-11.0.15.jar:/home/runner/.m2/repository/org/eclipse/jetty/jetty-proxy/11.0.15/jetty-proxy-11.0.15.jar:/home/runner/.m2/repository/org/eclipse/jetty/jetty-client/11.0.15/jetty-client-11.0.15.jar:/home/runner/.m2/repository/org/eclipse/jetty/http2/http2-server/11.0.15/http2-server-11.0.15.jar:/home/runner/.m2/repository/org/eclipse/jetty/http2/http2-common/11.0.15/http2-common-11.0.15.jar:/home/runner/.m2/repository/org/eclipse/jetty/http2/http2-hpack/11.0.15/http2-hpack-11.0.15.jar:/home/runner/.m2/repository/org/eclipse/jetty/jetty-alpn-server/11.0.15/jetty-alpn-server-11.0.15.jar:/home/runner/.m2/repository/org/eclipse/jetty/jetty-alpn-java-server/11.0.15/jetty-alpn-java-server-11.0.15.jar:/home/runner/.m2/repository/org/eclipse/jetty/jetty-alpn-java-client/11.0.15/jetty-alpn-java-client-11.0.15.jar:/home/runner/.m2/repository/org/eclipse/jetty/jetty-alpn-client/11.0.15/jetty-alpn-client-11.0.15.jar:/home/runner/.m2/repository/org/apache/httpcomponents/client5/httpclient5/5.2.1/httpclient5-5.2.1.jar:/home/runner/.m2/repository/org/apache/httpcomponents/core5/httpcore5/5.2/httpcore5-5.2.jar:/home/runner/.m2/repository/org/apache/httpcomponents/core5/httpcore5-h2/5.2/httpcore5-h2-5.2.jar:/home/runner/.m2/repository/org/xmlunit/xmlunit-core/2.9.1/xmlunit-core-2.9.1.jar:/home/runner/.m2/repository/jakarta/xml/bind/jakarta.xml.bind-api/4.0.2/jakarta.xml.bind-api-4.0.2.jar:/home/runner/.m2/repository/org/xmlunit/xmlunit-legacy/2.9.1/xmlunit-legacy-2.9.1.jar:/home/runner/.m2/repository/org/xmlunit/xmlunit-placeholders/2.9.1/xmlunit-placeholders-2.9.1.jar:/home/runner/.m2/repository/net/javacrumbs/json-unit/json-unit-core/2.38.0/json-unit-core-2.38.0.jar:/home/runner/.m2/repository/org/hamcrest/hamcrest-core/2.2/hamcrest-core-2.2.jar:/home/runner/.m2/repository/com/jayway/jsonpath/json-path/2.8.0/json-path-2.8.0.jar:/home/runner/.m2/repository/net/minidev/json-smart/2.4.10/json-smart-2.4.10.jar:/home/runner/.m2/repository/net/minidev/accessors-smart/2.4.9/accessors-smart-2.4.9.jar:/home/runner/.m2/repository/org/ow2/asm/asm/9.7.1/asm-9.7.1.jar:/home/runner/.m2/repository/net/sf/jopt-simple/jopt-simple/5.0.4/jopt-simple-5.0.4.jar:/home/runner/.m2/repository/com/github/jknack/handlebars/4.3.1/handlebars-4.3.1.jar:/home/runner/.m2/repository/com/github/jknack/handlebars-helpers/4.3.1/handlebars-helpers-4.3.1.jar:/home/runner/.m2/repository/commons-fileupload/commons-fileupload/1.5/commons-fileupload-1.5.jar:/home/runner/.m2/repository/com/networknt/json-schema-validator/1.5.8/json-schema-validator-1.5.8.jar:/home/runner/.m2/repository/com/ethlo/time/itu/1.10.3/itu-1.10.3.jar:/home/runner/.m2/repository/io/quarkus/quarkus-smallrye-jwt-build/3.20.2/quarkus-smallrye-jwt-build-3.20.2.jar:/home/runner/.m2/repository/io/smallrye/smallrye-jwt-build/4.6.2/smallrye-jwt-build-4.6.2.jar:/home/runner/.m2/repository/org/eclipse/microprofile/jwt/microprofile-jwt-auth-api/2.1/microprofile-jwt-auth-api-2.1.jar:/home/runner/.m2/repository/org/bitbucket/b_c/jose4j/0.9.6/jose4j-0.9.6.jar:/home/runner/.m2/repository/io/smallrye/smallrye-jwt-common/4.6.2/smallrye-jwt-common-4.6.2.jar:/home/runner/.m2/repository/io/quarkus/quarkus-jsonp/3.20.2/quarkus-jsonp-3.20.2.jar:/home/runner/.m2/repository/io/quarkus/quarkus-arc/3.20.2/quarkus-arc-3.20.2.jar:/home/runner/.m2/repository/io/quarkus/arc/arc/3.20.2/arc-3.20.2.jar:/home/runner/.m2/repository/jakarta/transaction/jakarta.transaction-api/2.0.1/jakarta.transaction-api-2.0.1.jar:/home/runner/.m2/repository/io/smallrye/reactive/mutiny/2.9.2/mutiny-2.9.2.jar:/home/runner/.m2/repository/org/jctools/jctools-core/4.0.5/jctools-core-4.0.5.jar:/home/runner/.m2/repository/org/eclipse/microprofile/context-propagation/microprofile-context-propagation-api/1.3/microprofile-context-propagation-api-1.3.jar:/home/runner/.m2/repository/io/apicurio/apicurio-common-rest-client-common/0.1.18.Final/apicurio-common-rest-client-common-0.1.18.Final.jar:/home/runner/work/apicurio-testing/apicurio-testing/clusters/ci419/namespaces/pg17/tests/integration/apicurio-registry/utils/maven-plugin/target/apicurio-registry-maven-plugin-3.0.12-SNAPSHOT.jar:/home/runner/.m2/repository/com/fasterxml/jackson/core/jackson-databind/2.18.2/jackson-databind-2.18.2.jar:/home/runner/.m2/repository/org/apache/avro/avro/1.12.0/avro-1.12.0.jar:/home/runner/.m2/repository/com/google/protobuf/protobuf-java/4.31.1/protobuf-java-4.31.1.jar:/home/runner/.m2/repository/com/google/protobuf/protobuf-java-util/4.31.1/protobuf-java-util-4.31.1.jar:/home/runner/.m2/repository/com/google/code/findbugs/jsr305/3.0.2/jsr305-3.0.2.jar:/home/runner/.m2/repository/com/google/code/gson/gson/2.12.1/gson-2.12.1.jar:/home/runner/.m2/repository/com/google/errorprone/error_prone_annotations/2.36.0/error_prone_annotations-2.36.0.jar:/home/runner/.m2/repository/com/google/j2objc/j2objc-annotations/2.8/j2objc-annotations-2.8.jar:/home/runner/work/apicurio-testing/apicurio-testing/clusters/ci419/namespaces/pg17/tests/integration/apicurio-registry/schema-util/util-provider/target/apicurio-registry-schema-util-provider-3.0.12-SNAPSHOT.jar:/home/runner/work/apicurio-testing/apicurio-testing/clusters/ci419/namespaces/pg17/tests/integration/apicurio-registry/schema-util/common/target/apicurio-registry-schema-util-common-3.0.12-SNAPSHOT.jar:/home/runner/.m2/repository/com/fasterxml/jackson/module/jackson-module-parameter-names/2.18.2/jackson-module-parameter-names-2.18.2.jar:/home/runner/.m2/repository/com/fasterxml/jackson/datatype/jackson-datatype-json-org/2.18.2/jackson-datatype-json-org-2.18.2.jar:/home/runner/work/apicurio-testing/apicurio-testing/clusters/ci419/namespaces/pg17/tests/integration/apicurio-registry/schema-util/json/target/apicurio-registry-schema-util-json-3.0.12-SNAPSHOT.jar:/home/runner/.m2/repository/com/github/erosb/everit-json-schema/1.14.5/everit-json-schema-1.14.5.jar:/home/runner/.m2/repository/commons-validator/commons-validator/1.9.0/commons-validator-1.9.0.jar:/home/runner/.m2/repository/commons-digester/commons-digester/2.1/commons-digester-2.1.jar:/home/runner/.m2/repository/commons-collections/commons-collections/3.2.2/commons-collections-3.2.2.jar:/home/runner/.m2/repository/com/damnhandy/handy-uri-templates/2.1.8/handy-uri-templates-2.1.8.jar:/home/runner/.m2/repository/joda-time/joda-time/2.10.2/joda-time-2.10.2.jar:/home/runner/.m2/repository/com/github/erosb/json-sKema/0.20.0/json-sKema-0.20.0.jar:/home/runner/.m2/repository/io/vertx/vertx-json-schema/4.5.16/vertx-json-schema-4.5.16.jar:/home/runner/work/apicurio-testing/apicurio-testing/clusters/ci419/namespaces/pg17/tests/integration/apicurio-registry/schema-util/protobuf/target/apicurio-registry-schema-util-protobuf-3.0.12-SNAPSHOT.jar:/home/runner/work/apicurio-testing/apicurio-testing/clusters/ci419/namespaces/pg17/tests/integration/apicurio-registry/utils/protobuf-schema-utilities/target/apicurio-registry-protobuf-schema-utilities-3.0.12-SNAPSHOT.jar:/home/runner/.m2/repository/com/google/api/grpc/proto-google-common-protos/2.52.0/proto-google-common-protos-2.52.0.jar:/home/runner/.m2/repository/com/squareup/wire/wire-schema-jvm/5.3.3/wire-schema-jvm-5.3.3.jar:/home/runner/.m2/repository/com/palantir/javapoet/javapoet/0.6.0/javapoet-0.6.0.jar:/home/runner/.m2/repository/com/squareup/kotlinpoet-jvm/2.0.0/kotlinpoet-jvm-2.0.0.jar:/home/runner/.m2/repository/org/jetbrains/kotlin/kotlin-reflect/2.0.21/kotlin-reflect-2.0.21.jar:/home/runner/.m2/repository/com/squareup/wire/wire-runtime-jvm/5.3.3/wire-runtime-jvm-5.3.3.jar:/home/runner/.m2/repository/com/ibm/icu/icu4j/76.1/icu4j-76.1.jar:/home/runner/.m2/repository/com/squareup/okio/okio-fakefilesystem/3.10.2/okio-fakefilesystem-3.10.2.jar:/home/runner/.m2/repository/com/squareup/okio/okio-fakefilesystem-jvm/3.10.2/okio-fakefilesystem-jvm-3.10.2.jar:/home/runner/.m2/repository/org/jetbrains/kotlinx/kotlinx-datetime-jvm/0.6.1/kotlinx-datetime-jvm-0.6.1.jar:/home/runner/work/apicurio-testing/apicurio-testing/clusters/ci419/namespaces/pg17/tests/integration/apicurio-registry/schema-util/asyncapi/target/apicurio-registry-schema-util-asyncapi-3.0.12-SNAPSHOT.jar:/home/runner/work/apicurio-testing/apicurio-testing/clusters/ci419/namespaces/pg17/tests/integration/apicurio-registry/schema-util/avro/target/apicurio-registry-schema-util-avro-3.0.12-SNAPSHOT.jar:/home/runner/work/apicurio-testing/apicurio-testing/clusters/ci419/namespaces/pg17/tests/integration/apicurio-registry/schema-util/graphql/target/apicurio-registry-schema-util-graphql-3.0.12-SNAPSHOT.jar:/home/runner/.m2/repository/com/graphql-java/graphql-java/22.4/graphql-java-22.4.jar:/home/runner/.m2/repository/com/graphql-java/java-dataloader/3.3.0/java-dataloader-3.3.0.jar:/home/runner/work/apicurio-testing/apicurio-testing/clusters/ci419/namespaces/pg17/tests/integration/apicurio-registry/schema-util/kconnect/target/apicurio-registry-schema-util-kconnect-3.0.12-SNAPSHOT.jar:/home/runner/work/apicurio-testing/apicurio-testing/clusters/ci419/namespaces/pg17/tests/integration/apicurio-registry/schema-util/openapi/target/apicurio-registry-schema-util-openapi-3.0.12-SNAPSHOT.jar:/home/runner/.m2/repository/io/apicurio/apicurio-data-models/2.2.2/apicurio-data-models-2.2.2.jar:/home/runner/.m2/repository/org/openapitools/openapidiff/openapi-diff-core/2.1.2/openapi-diff-core-2.1.2.jar:/home/runner/.m2/repository/io/swagger/parser/v3/swagger-parser/2.1.28/swagger-parser-2.1.28.jar:/home/runner/.m2/repository/io/swagger/parser/v3/swagger-parser-v2-converter/2.1.28/swagger-parser-v2-converter-2.1.28.jar:/home/runner/.m2/repository/io/swagger/swagger-core/1.6.16/swagger-core-1.6.16.jar:/home/runner/.m2/repository/io/swagger/swagger-models/1.6.16/swagger-models-1.6.16.jar:/home/runner/.m2/repository/io/swagger/swagger-annotations/1.6.16/swagger-annotations-1.6.16.jar:/home/runner/.m2/repository/io/swagger/swagger-parser/1.0.75/swagger-parser-1.0.75.jar:/home/runner/.m2/repository/io/swagger/swagger-parser-safe-url-resolver/1.0.75/swagger-parser-safe-url-resolver-1.0.75.jar:/home/runner/.m2/repository/io/swagger/swagger-compat-spec-parser/1.0.75/swagger-compat-spec-parser-1.0.75.jar:/home/runner/.m2/repository/com/github/java-json-tools/json-schema-validator/2.2.14/json-schema-validator-2.2.14.jar:/home/runner/.m2/repository/com/github/java-json-tools/jackson-coreutils-equivalence/1.0/jackson-coreutils-equivalence-1.0.jar:/home/runner/.m2/repository/com/github/java-json-tools/json-schema-core/1.2.14/json-schema-core-1.2.14.jar:/home/runner/.m2/repository/com/github/java-json-tools/uri-template/0.10/uri-template-0.10.jar:/home/runner/.m2/repository/com/googlecode/libphonenumber/libphonenumber/8.11.1/libphonenumber-8.11.1.jar:/home/runner/.m2/repository/com/j2html/j2html/1.6.0/j2html-1.6.0.jar:/home/runner/.m2/repository/org/apache/commons/commons-collections4/4.5.0/commons-collections4-4.5.0.jar:/home/runner/.m2/repository/org/slf4j/jcl-over-slf4j/2.0.17/jcl-over-slf4j-2.0.17.jar:/home/runner/.m2/repository/io/swagger/parser/v3/swagger-parser-v3/2.1.31/swagger-parser-v3-2.1.31.jar:/home/runner/.m2/repository/io/swagger/core/v3/swagger-models/2.2.34/swagger-models-2.2.34.jar:/home/runner/.m2/repository/io/swagger/core/v3/swagger-core/2.2.34/swagger-core-2.2.34.jar:/home/runner/.m2/repository/io/swagger/parser/v3/swagger-parser-core/2.1.31/swagger-parser-core-2.1.31.jar:/home/runner/.m2/repository/io/swagger/parser/v3/swagger-parser-safe-url-resolver/2.1.31/swagger-parser-safe-url-resolver-2.1.31.jar:/home/runner/work/apicurio-testing/apicurio-testing/clusters/ci419/namespaces/pg17/tests/integration/apicurio-registry/schema-util/wsdl/target/apicurio-registry-schema-util-wsdl-3.0.12-SNAPSHOT.jar:/home/runner/.m2/repository/wsdl4j/wsdl4j/1.6.3/wsdl4j-1.6.3.jar:/home/runner/work/apicurio-testing/apicurio-testing/clusters/ci419/namespaces/pg17/tests/integration/apicurio-registry/schema-util/xml/target/apicurio-registry-schema-util-xml-3.0.12-SNAPSHOT.jar:/home/runner/.m2/repository/org/apache/santuario/xmlsec/4.0.4/xmlsec-4.0.4.jar:/home/runner/.m2/repository/com/fasterxml/woodstox/woodstox-core/7.1.1/woodstox-core-7.1.1.jar:/home/runner/.m2/repository/org/codehaus/woodstox/stax2-api/4.2.2/stax2-api-4.2.2.jar:/home/runner/work/apicurio-testing/apicurio-testing/clusters/ci419/namespaces/pg17/tests/integration/apicurio-registry/schema-util/xsd/target/apicurio-registry-schema-util-xsd-3.0.12-SNAPSHOT.jar:/home/runner/work/apicurio-testing/apicurio-testing/clusters/ci419/namespaces/pg17/tests/integration/apicurio-registry/serdes/kafka/jsonschema-serde/target/apicurio-registry-jsonschema-serde-kafka-3.0.12-SNAPSHOT.jar:/home/runner/work/apicurio-testing/apicurio-testing/clusters/ci419/namespaces/pg17/tests/integration/apicurio-registry/serdes/kafka/serde-kafka-common/target/apicurio-registry-serde-kafka-common-3.0.12-SNAPSHOT.jar:/home/runner/work/apicurio-testing/apicurio-testing/clusters/ci419/namespaces/pg17/tests/integration/apicurio-registry/serdes/generic/serde-common/target/apicurio-registry-serde-common-3.0.12-SNAPSHOT.jar:/home/runner/work/apicurio-testing/apicurio-testing/clusters/ci419/namespaces/pg17/tests/integration/apicurio-registry/serdes/generic/serde-common-jsonschema/target/apicurio-registry-serde-common-jsonschema-3.0.12-SNAPSHOT.jar:/home/runner/.m2/repository/org/json/json/20250107/json-20250107.jar:/home/runner/work/apicurio-testing/apicurio-testing/clusters/ci419/namespaces/pg17/tests/integration/apicurio-registry/serdes/kafka/avro-serde/target/apicurio-registry-avro-serde-kafka-3.0.12-SNAPSHOT.jar:/home/runner/work/apicurio-testing/apicurio-testing/clusters/ci419/namespaces/pg17/tests/integration/apicurio-registry/serdes/generic/serde-common-avro/target/apicurio-registry-serde-common-avro-3.0.12-SNAPSHOT.jar:/home/runner/work/apicurio-testing/apicurio-testing/clusters/ci419/namespaces/pg17/tests/integration/apicurio-registry/serdes/kafka/protobuf-serde/target/apicurio-registry-protobuf-serde-kafka-3.0.12-SNAPSHOT.jar:/home/runner/work/apicurio-testing/apicurio-testing/clusters/ci419/namespaces/pg17/tests/integration/apicurio-registry/serdes/generic/serde-common-protobuf/target/apicurio-registry-serde-common-protobuf-3.0.12-SNAPSHOT.jar:/home/runner/.m2/repository/com/squareup/wire/wire-schema/5.3.3/wire-schema-5.3.3.jar:/home/runner/.m2/repository/com/squareup/wire/wire-runtime/5.3.3/wire-runtime-5.3.3.jar:/home/runner/work/apicurio-testing/apicurio-testing/clusters/ci419/namespaces/pg17/tests/integration/apicurio-registry/serdes/pulsar/avro-serde/target/apicurio-registry-avro-serde-pulsar-3.0.12-SNAPSHOT.jar:/home/runner/.m2/repository/org/apache/pulsar/pulsar-functions-api/3.3.8/pulsar-functions-api-3.3.8.jar:/home/runner/work/apicurio-testing/apicurio-testing/clusters/ci419/namespaces/pg17/tests/integration/apicurio-registry/serdes/nats/avro-serde/target/apicurio-registry-avro-serde-nats-3.0.12-SNAPSHOT.jar:/home/runner/.m2/repository/io/nats/jnats/2.21.4/jnats-2.21.4.jar:/home/runner/.m2/repository/org/bouncycastle/bcprov-lts8on/2.73.7/bcprov-lts8on-2.73.7.jar:/home/runner/.m2/repository/org/jetbrains/annotations/26.0.2/annotations-26.0.2.jar:/home/runner/work/apicurio-testing/apicurio-testing/clusters/ci419/namespaces/pg17/tests/integration/apicurio-registry/utils/converter/target/apicurio-registry-utils-converter-3.0.12-SNAPSHOT.jar:/home/runner/work/apicurio-testing/apicurio-testing/clusters/ci419/namespaces/pg17/tests/integration/apicurio-registry/schema-resolver/target/apicurio-registry-schema-resolver-3.0.12-SNAPSHOT.jar:/home/runner/.m2/repository/org/apache/kafka/connect-api/3.9.1/connect-api-3.9.1.jar:/home/runner/.m2/repository/javax/ws/rs/javax.ws.rs-api/2.1.1/javax.ws.rs-api-2.1.1.jar:/home/runner/.m2/repository/org/apache/kafka/connect-json/3.9.1/connect-json-3.9.1.jar:/home/runner/.m2/repository/com/fasterxml/jackson/datatype/jackson-datatype-jdk8/2.18.2/jackson-datatype-jdk8-2.18.2.jar:/home/runner/.m2/repository/com/fasterxml/jackson/module/jackson-module-afterburner/2.18.2/jackson-module-afterburner-2.18.2.jar:/home/runner/work/apicurio-testing/apicurio-testing/clusters/ci419/namespaces/pg17/tests/integration/apicurio-registry/utils/kafka/target/apicurio-registry-utils-kafka-3.0.12-SNAPSHOT.jar:/home/runner/.m2/repository/org/apache/pulsar/pulsar-client/3.3.8/pulsar-client-3.3.8.jar:/home/runner/.m2/repository/org/apache/pulsar/pulsar-client-api/3.3.8/pulsar-client-api-3.3.8.jar:/home/runner/.m2/repository/org/apache/pulsar/pulsar-client-admin-api/3.3.8/pulsar-client-admin-api-3.3.8.jar:/home/runner/.m2/repository/org/apache/pulsar/bouncy-castle-bc/3.3.8/bouncy-castle-bc-3.3.8-pkg.jar:/home/runner/.m2/repository/org/bouncycastle/bcpkix-jdk18on/1.81/bcpkix-jdk18on-1.81.jar:/home/runner/.m2/repository/org/bouncycastle/bcutil-jdk18on/1.81/bcutil-jdk18on-1.81.jar:/home/runner/.m2/repository/org/bouncycastle/bcprov-jdk18on/1.81/bcprov-jdk18on-1.81.jar:/home/runner/.m2/repository/io/opentelemetry/opentelemetry-api/1.44.1/opentelemetry-api-1.44.1.jar:/home/runner/.m2/repository/io/opentelemetry/opentelemetry-context/1.44.1/opentelemetry-context-1.44.1.jar:/home/runner/.m2/repository/io/opentelemetry/opentelemetry-api-incubator/1.44.1-alpha/opentelemetry-api-incubator-1.44.1-alpha.jar:/home/runner/.m2/repository/com/fasterxml/jackson/core/jackson-annotations/2.18.2/jackson-annotations-2.18.2.jar:/home/runner/.m2/repository/javax/validation/validation-api/1.1.0.Final/validation-api-1.1.0.Final.jar:/home/runner/.m2/repository/org/jspecify/jspecify/1.0.0/jspecify-1.0.0.jar:/home/runner/.m2/repository/org/apache/commons/commons-configuration2/2.12.0/commons-configuration2-2.12.0.jar:/home/runner/.m2/repository/commons-logging/commons-logging/1.3.5/commons-logging-1.3.5.jar:/home/runner/.m2/repository/org/apache/commons/commons-text/1.13.0/commons-text-1.13.0.jar:/home/runner/.m2/repository/io/confluent/kafka-avro-serializer/8.0.0/kafka-avro-serializer-8.0.0.jar:/home/runner/.m2/repository/org/apache/commons/commons-compress/1.27.1/commons-compress-1.27.1.jar:/home/runner/.m2/repository/io/confluent/kafka-schema-serializer/8.0.0/kafka-schema-serializer-8.0.0.jar:/home/runner/.m2/repository/com/fasterxml/jackson/dataformat/jackson-dataformat-csv/2.18.2/jackson-dataformat-csv-2.18.2.jar:/home/runner/.m2/repository/io/confluent/kafka-schema-registry-client/8.0.0/kafka-schema-registry-client-8.0.0.jar:/home/runner/.m2/repository/org/yaml/snakeyaml/2.3/snakeyaml-2.3.jar:/home/runner/.m2/repository/io/swagger/core/v3/swagger-annotations/2.2.29/swagger-annotations-2.2.29.jar:/home/runner/.m2/repository/com/google/guava/guava/33.4.0-jre/guava-33.4.0-jre.jar:/home/runner/.m2/repository/com/google/guava/failureaccess/1.0.1/failureaccess-1.0.1.jar:/home/runner/.m2/repository/org/checkerframework/checker-qual/3.49.0/checker-qual-3.49.0.jar:/home/runner/.m2/repository/io/confluent/logredactor/1.0.13/logredactor-1.0.13.jar:/home/runner/.m2/repository/com/google/re2j/re2j/1.6/re2j-1.6.jar:/home/runner/.m2/repository/io/confluent/logredactor-metrics/1.0.13/logredactor-metrics-1.0.13.jar:/home/runner/.m2/repository/com/eclipsesource/minimal-json/minimal-json/0.9.5/minimal-json-0.9.5.jar:/home/runner/.m2/repository/io/confluent/common-utils/8.0.0/common-utils-8.0.0.jar:/home/runner/.m2/repository/io/confluent/kafka-connect-avro-converter/8.0.0/kafka-connect-avro-converter-8.0.0.jar:/home/runner/.m2/repository/io/confluent/kafka-connect-avro-data/8.0.0/kafka-connect-avro-data-8.0.0.jar:/home/runner/.m2/repository/io/confluent/kafka-schema-converter/8.0.0/kafka-schema-converter-8.0.0.jar:/home/runner/.m2/repository/io/rest-assured/rest-assured/5.5.1/rest-assured-5.5.1.jar:/home/runner/.m2/repository/org/apache/groovy/groovy/4.0.22/groovy-4.0.22.jar:/home/runner/.m2/repository/org/apache/groovy/groovy-xml/4.0.22/groovy-xml-4.0.22.jar:/home/runner/.m2/repository/org/apache/httpcomponents/httpclient/4.5.14/httpclient-4.5.14.jar:/home/runner/.m2/repository/org/apache/httpcomponents/httpcore/4.4.16/httpcore-4.4.16.jar:/home/runner/.m2/repository/org/apache/httpcomponents/httpmime/4.5.14/httpmime-4.5.14.jar:/home/runner/.m2/repository/org/hamcrest/hamcrest/2.2/hamcrest-2.2.jar:/home/runner/.m2/repository/org/ccil/cowan/tagsoup/tagsoup/1.2.1/tagsoup-1.2.1.jar:/home/runner/.m2/repository/io/rest-assured/json-path/5.5.1/json-path-5.5.1.jar:/home/runner/.m2/repository/org/apache/groovy/groovy-json/4.0.22/groovy-json-4.0.22.jar:/home/runner/.m2/repository/io/rest-assured/rest-assured-common/5.5.1/rest-assured-common-5.5.1.jar:/home/runner/.m2/repository/io/rest-assured/xml-path/5.5.1/xml-path-5.5.1.jar:/home/runner/.m2/repository/io/zonky/test/embedded-postgres/2.1.0/embedded-postgres-2.1.0.jar:/home/runner/.m2/repository/io/zonky/test/postgres/embedded-postgres-binaries-windows-amd64/14.15.0/embedded-postgres-binaries-windows-amd64-14.15.0.jar:/home/runner/.m2/repository/io/zonky/test/postgres/embedded-postgres-binaries-darwin-amd64/14.15.0/embedded-postgres-binaries-darwin-amd64-14.15.0.jar:/home/runner/.m2/repository/io/zonky/test/postgres/embedded-postgres-binaries-linux-amd64/14.15.0/embedded-postgres-binaries-linux-amd64-14.15.0.jar:/home/runner/.m2/repository/io/zonky/test/postgres/embedded-postgres-binaries-linux-amd64-alpine/14.15.0/embedded-postgres-binaries-linux-amd64-alpine-14.15.0.jar:/home/runner/.m2/repository/org/apache/commons/commons-lang3/3.17.0/commons-lang3-3.17.0.jar:/home/runner/.m2/repository/org/tukaani/xz/1.10/xz-1.10.jar:/home/runner/.m2/repository/commons-codec/commons-codec/1.19.0/commons-codec-1.19.0.jar:/home/runner/.m2/repository/org/postgresql/postgresql/42.7.7/postgresql-42.7.7.jar:/home/runner/.m2/repository/commons-io/commons-io/2.18.0/commons-io-2.18.0.jar:/home/runner/work/apicurio-testing/apicurio-testing/clusters/ci419/namespaces/pg17/tests/integration/apicurio-registry/utils/importexport/target/apicurio-registry-utils-import-export-3.0.12-SNAPSHOT.jar:/home/runner/.m2/repository/io/vertx/vertx-core/4.5.16/vertx-core-4.5.16.jar:/home/runner/.m2/repository/io/netty/netty-common/4.1.121.Final/netty-common-4.1.121.Final.jar:/home/runner/.m2/repository/io/netty/netty-buffer/4.1.121.Final/netty-buffer-4.1.121.Final.jar:/home/runner/.m2/repository/io/netty/netty-transport/4.1.121.Final/netty-transport-4.1.121.Final.jar:/home/runner/.m2/repository/io/netty/netty-handler/4.1.121.Final/netty-handler-4.1.121.Final.jar:/home/runner/.m2/repository/io/netty/netty-transport-native-unix-common/4.1.121.Final/netty-transport-native-unix-common-4.1.121.Final.jar:/home/runner/.m2/repository/io/netty/netty-codec/4.1.121.Final/netty-codec-4.1.121.Final.jar:/home/runner/.m2/repository/io/netty/netty-handler-proxy/4.1.121.Final/netty-handler-proxy-4.1.121.Final.jar:/home/runner/.m2/repository/io/netty/netty-codec-socks/4.1.121.Final/netty-codec-socks-4.1.121.Final.jar:/home/runner/.m2/repository/io/netty/netty-codec-http/4.1.121.Final/netty-codec-http-4.1.121.Final.jar:/home/runner/.m2/repository/io/netty/netty-codec-http2/4.1.121.Final/netty-codec-http2-4.1.121.Final.jar:/home/runner/.m2/repository/io/netty/netty-resolver/4.1.121.Final/netty-resolver-4.1.121.Final.jar:/home/runner/.m2/repository/io/netty/netty-resolver-dns/4.1.121.Final/netty-resolver-dns-4.1.121.Final.jar:/home/runner/.m2/repository/io/netty/netty-codec-dns/4.1.121.Final/netty-codec-dns-4.1.121.Final.jar:/home/runner/.m2/repository/com/fasterxml/jackson/core/jackson-core/2.18.2/jackson-core-2.18.2.jar:"/>
    <property name="sun.cpu.endian" value="little"/>
    <property name="user.home" value="/home/runner"/>
    <property name="user.language" value="en"/>
    <property name="jboss.log-version" value="false"/>
    <property name="java.specification.vendor" value="Oracle Corporation"/>
    <property name="java.version.date" value="2025-07-15"/>
    <property name="java.home" value="/usr/lib/jvm/temurin-17-jdk-amd64"/>
    <property name="file.separator" value="/"/>
    <property name="basedir" value="/home/runner/work/apicurio-testing/apicurio-testing/clusters/ci419/namespaces/pg17/tests/integration/apicurio-registry/integration-tests"/>
    <property name="java.vm.compressedOopsMode" value="32-bit"/>
    <property name="line.separator" value="&#10;"/>
    <property name="java.specification.name" value="Java Platform API Specification"/>
    <property name="java.vm.specification.vendor" value="Oracle Corporation"/>
    <property name="quarkus.http.test-host" value="registry-app-pg17.apps.ci419.apicurio-testing.org"/>
    <property name="surefire.real.class.path" value="/home/runner/work/apicurio-testing/apicurio-testing/clusters/ci419/namespaces/pg17/tests/integration/apicurio-registry/integration-tests/target/surefire/surefirebooter-20250812171827374_3.jar"/>
    <property name="sun.management.compiler" value="HotSpot 64-Bit Tiered Compilers"/>
    <property name="org.eclipse.jetty.http.HttpGenerator.STRICT" value="true"/>
    <property name="java.runtime.version" value="17.0.16+8"/>
    <property name="user.name" value="runner"/>
    <property name="path.separator" value=":"/>
    <property name="os.version" value="6.8.0-1031-azure"/>
    <property name="java.runtime.name" value="OpenJDK Runtime Environment"/>
    <property name="file.encoding" value="UTF-8"/>
    <property name="jnidispatch.path" value="/home/runner/.cache/JNA/temp/jna14687867581702545132.tmp"/>
    <property name="java.vm.name" value="OpenJDK 64-Bit Server VM"/>
    <property name="jna.platform.library.path" value="/usr/lib/x86_64-linux-gnu:/lib/x86_64-linux-gnu:/usr/lib64:/lib64:/usr/lib:/lib:/lib32:/usr/local/lib:/usr/lib/x86_64-linux-gnu/libfakeroot"/>
    <property name="java.vendor.version" value="Temurin-17.0.16+8"/>
    <property name="quarkus.oidc.token-path" value="https://keycloak-pg17.apps.ci419.apicurio-testing.org/realms/registry/protocol/openid-connect/token"/>
    <property name="quarkus.http.host" value="registry-app-pg17.apps.ci419.apicurio-testing.org"/>
    <property name="localRepository" value="/home/runner/.m2/repository"/>
    <property name="javax.xml.xpath.XPathFactory:http://java.sun.com/jaxp/xpath/dom" value="com.sun.org.apache.xpath.internal.jaxp.XPathFactoryImpl"/>
    <property name="jna.loaded" value="true"/>
    <property name="java.vendor.url.bug" value="https://github.com/adoptium/adoptium-support/issues"/>
    <property name="jetty.git.hash" value="5bc5e562c8d05c5862505aebe5cf83a61bdbcb96"/>
    <property name="java.io.tmpdir" value="/tmp"/>
    <property name="quarkus.http.test-protocol" value="http"/>
    <property name="java.version" value="17.0.16"/>
    <property name="user.dir" value="/home/runner/work/apicurio-testing/apicurio-testing/clusters/ci419/namespaces/pg17/tests/integration/apicurio-registry/integration-tests"/>
    <property name="os.arch" value="amd64"/>
    <property name="groups" value="( smoke | serdes | acceptance | ui)"/>
    <property name="java.vm.specification.name" value="Java Virtual Machine Specification"/>
    <property name="native.encoding" value="UTF-8"/>
    <property name="java.util.logging.manager" value="org.jboss.logmanager.LogManager"/>
    <property name="java.library.path" value="/usr/java/packages/lib:/usr/lib64:/lib64:/lib:/usr/lib"/>
    <property name="jdk.console" value="java.base"/>
    <property name="java.vm.info" value="mixed mode, sharing"/>
    <property name="java.vendor" value="Eclipse Adoptium"/>
    <property name="java.vm.version" value="17.0.16+8"/>
    <property name="java.specification.maintenance.version" value="1"/>
    <property name="sun.io.unicode.encoding" value="UnicodeLittle"/>
    <property name="javax.xml.transform.TransformerFactory" value="com.sun.org.apache.xalan.internal.xsltc.trax.TransformerFactoryImpl"/>
    <property name="java.class.version" value="61.0"/>
  </properties>
  <testcase name="testGlobalIdInHeaders" classname="io.apicurio.tests.serdes.apicurio.AvroSerdeIT" time="5.934">
    <system-out><![CDATA[**** Registry Base URL: http://registry-app-pg17.apps.ci419.apicurio-testing.org:80
**** Registry Base URL: http://registry-app-pg17.apps.ci419.apicurio-testing.org:80
2025-08-12 17:18:39,077 INFO  [io.api.tes.ser.api.AvroSerdeIT] (main) RestAssured configured with http://registry-app-pg17.apps.ci419.apicurio-testing.org:80/apis/registry/v3
2025-08-12 17:18:39,106 INFO  [io.api.tes.uti.KafkaFacade] (main) Starting kafka container
2025-08-12 17:18:39,140 INFO  [org.tes.ima.PullPolicy] (main) Image pull policy will be performed by: DefaultPullPolicy()
2025-08-12 17:18:39,143 INFO  [org.tes.uti.ImageNameSubstitutor] (main) Image name substitution will be performed by: DefaultImageNameSubstitutor (composite of 'ConfigurationFileImageNameSubstitutor' and 'PrefixingImageNameSubstitutor')
2025-08-12 17:18:39,154 INFO  [org.tes.DockerClientFactory] (main) Testcontainers version: 1.20.6
2025-08-12 17:18:39,641 INFO  [org.tes.doc.DockerClientProviderStrategy] (main) Found Docker environment with local Unix socket (unix:///var/run/docker.sock)
2025-08-12 17:18:39,648 INFO  [org.tes.DockerClientFactory] (main) Docker host IP address is localhost
2025-08-12 17:18:39,666 INFO  [org.tes.DockerClientFactory] (main) Connected to docker: 
  Server Version: 28.0.4
  API Version: 1.48
  Operating System: Ubuntu 22.04.5 LTS
  Total Memory: 7944 MB
2025-08-12 17:18:39,704 INFO  [tc.tes.11.0] (main) Pulling docker image: testcontainers/ryuk:0.11.0. Please be patient; this may take some time but only needs to be done once.
2025-08-12 17:18:40,010 INFO  [tc.tes.11.0] (docker-java-stream--1295187651) Starting to pull image
2025-08-12 17:18:40,030 INFO  [tc.tes.11.0] (docker-java-stream--1295187651) Pulling image layers:  0 pending,  0 downloaded,  0 extracted, (0 bytes/0 bytes)
2025-08-12 17:18:40,239 INFO  [tc.tes.11.0] (docker-java-stream--1295187651) Pulling image layers:  2 pending,  1 downloaded,  0 extracted, (113 KB/? MB)
2025-08-12 17:18:40,252 INFO  [tc.tes.11.0] (docker-java-stream--1295187651) Pulling image layers:  1 pending,  2 downloaded,  0 extracted, (113 KB/? MB)
2025-08-12 17:18:40,277 INFO  [tc.tes.11.0] (docker-java-stream--1295187651) Pulling image layers:  0 pending,  3 downloaded,  0 extracted, (113 KB/10 MB)
2025-08-12 17:18:40,394 INFO  [tc.tes.11.0] (docker-java-stream--1295187651) Pulling image layers:  0 pending,  3 downloaded,  1 extracted, (3 MB/10 MB)
2025-08-12 17:18:40,774 INFO  [tc.tes.11.0] (docker-java-stream--1295187651) Pulling image layers:  0 pending,  3 downloaded,  2 extracted, (4 MB/10 MB)
2025-08-12 17:18:41,469 INFO  [tc.tes.11.0] (docker-java-stream--1295187651) Pulling image layers:  0 pending,  3 downloaded,  3 extracted, (10 MB/10 MB)
2025-08-12 17:18:41,477 INFO  [tc.tes.11.0] (docker-java-stream--1295187651) Pull complete. 3 layers, pulled in 1s (downloaded 10 MB at 10 MB/s)
2025-08-12 17:18:41,477 INFO  [tc.tes.11.0] (main) Image testcontainers/ryuk:0.11.0 pull took PT1.77287556S
2025-08-12 17:18:41,497 INFO  [tc.tes.11.0] (main) Creating container for image: testcontainers/ryuk:0.11.0
2025-08-12 17:18:41,592 INFO  [tc.tes.11.0] (main) Container testcontainers/ryuk:0.11.0 is starting: 14d3b0460f97e393395f842fb637537074245f94f41eecc3005cbb6076d55cc3
2025-08-12 17:18:41,949 INFO  [tc.tes.11.0] (main) Container testcontainers/ryuk:0.11.0 started in PT0.45124052S
2025-08-12 17:18:41,954 INFO  [org.tes.uti.RyukResourceReaper] (main) Ryuk started - will monitor and terminate Testcontainers containers on JVM exit
2025-08-12 17:18:41,954 INFO  [org.tes.DockerClientFactory] (main) Checking the system...
2025-08-12 17:18:41,954 INFO  [org.tes.DockerClientFactory] (main) ✔︎ Docker server version should be at least 1.6.0
2025-08-12 17:18:41,957 INFO  [io.str.tes.con.KafkaVersionService] (main) Latest release of Kafka is:LogicalKafkaVersionEntity{version='4.0.0', image='quay.io/strimzi-test-container/test-container:0.111.0-kafka-4.0.0'}
2025-08-12 17:18:41,958 INFO  [io.str.tes.con.KafkaVersionService] (main) Latest release of Kafka is:LogicalKafkaVersionEntity{version='4.0.0', image='quay.io/strimzi-test-container/test-container:0.111.0-kafka-4.0.0'}
2025-08-12 17:18:41,958 INFO  [io.str.tes.con.KafkaVersionService] (main) No Kafka version specified. Using latest release: 4.0.0
2025-08-12 17:18:41,964 INFO  [tc.qua.io/.111.0-k.0.0] (main) Pulling docker image: quay.io/strimzi-test-container/test-container:0.111.0-kafka-4.0.0. Please be patient; this may take some time but only needs to be done once.
2025-08-12 17:18:42,395 INFO  [tc.qua.io/.111.0-k.0.0] (docker-java-stream--29267298) Starting to pull image
2025-08-12 17:18:42,396 INFO  [tc.qua.io/.111.0-k.0.0] (docker-java-stream--29267298) Pulling image layers:  0 pending,  0 downloaded,  0 extracted, (0 bytes/0 bytes)
2025-08-12 17:18:43,023 INFO  [tc.qua.io/.111.0-k.0.0] (docker-java-stream--29267298) Pulling image layers:  6 pending,  1 downloaded,  0 extracted, (31 MB/? MB)
2025-08-12 17:18:43,232 INFO  [tc.qua.io/.111.0-k.0.0] (docker-java-stream--29267298) Pulling image layers:  5 pending,  2 downloaded,  0 extracted, (42 MB/? MB)
2025-08-12 17:18:43,306 INFO  [tc.qua.io/.111.0-k.0.0] (docker-java-stream--29267298) Pulling image layers:  4 pending,  3 downloaded,  0 extracted, (46 MB/? MB)
2025-08-12 17:18:43,506 INFO  [tc.qua.io/.111.0-k.0.0] (docker-java-stream--29267298) Pulling image layers:  3 pending,  4 downloaded,  0 extracted, (51 MB/? MB)
2025-08-12 17:18:43,635 INFO  [tc.qua.io/.111.0-k.0.0] (docker-java-stream--29267298) Pulling image layers:  2 pending,  5 downloaded,  0 extracted, (60 MB/? MB)
2025-08-12 17:18:44,183 INFO  [tc.qua.io/.111.0-k.0.0] (docker-java-stream--29267298) Pulling image layers:  2 pending,  5 downloaded,  1 extracted, (116 MB/? MB)
2025-08-12 17:18:45,924 INFO  [tc.qua.io/.111.0-k.0.0] (docker-java-stream--29267298) Pulling image layers:  1 pending,  6 downloaded,  1 extracted, (226 MB/? MB)
2025-08-12 17:18:46,345 INFO  [tc.qua.io/.111.0-k.0.0] (docker-java-stream--29267298) Pulling image layers:  0 pending,  7 downloaded,  1 extracted, (241 MB/249 MB)
2025-08-12 17:18:50,439 INFO  [tc.qua.io/.111.0-k.0.0] (docker-java-stream--29267298) Pulling image layers:  0 pending,  7 downloaded,  2 extracted, (241 MB/249 MB)
2025-08-12 17:18:50,475 INFO  [tc.qua.io/.111.0-k.0.0] (docker-java-stream--29267298) Pulling image layers:  0 pending,  7 downloaded,  3 extracted, (241 MB/249 MB)
2025-08-12 17:18:50,494 INFO  [tc.qua.io/.111.0-k.0.0] (docker-java-stream--29267298) Pulling image layers:  0 pending,  7 downloaded,  4 extracted, (241 MB/249 MB)
2025-08-12 17:18:51,605 INFO  [tc.qua.io/.111.0-k.0.0] (docker-java-stream--29267298) Pulling image layers:  0 pending,  7 downloaded,  5 extracted, (247 MB/249 MB)
2025-08-12 17:18:51,659 INFO  [tc.qua.io/.111.0-k.0.0] (docker-java-stream--29267298) Pulling image layers:  0 pending,  7 downloaded,  6 extracted, (249 MB/249 MB)
2025-08-12 17:18:51,675 INFO  [tc.qua.io/.111.0-k.0.0] (docker-java-stream--29267298) Pulling image layers:  0 pending,  7 downloaded,  7 extracted, (249 MB/249 MB)
2025-08-12 17:18:51,682 INFO  [tc.qua.io/.111.0-k.0.0] (docker-java-stream--29267298) Pull complete. 7 layers, pulled in 9s (downloaded 249 MB at 27 MB/s)
2025-08-12 17:18:51,683 INFO  [tc.qua.io/.111.0-k.0.0] (main) Image quay.io/strimzi-test-container/test-container:0.111.0-kafka-4.0.0 pull took PT9.718359228S
2025-08-12 17:18:51,689 INFO  [tc.qua.io/.111.0-k.0.0] (main) Creating container for image: quay.io/strimzi-test-container/test-container:0.111.0-kafka-4.0.0
2025-08-12 17:18:51,765 INFO  [tc.qua.io/.111.0-k.0.0] (main) Container quay.io/strimzi-test-container/test-container:0.111.0-kafka-4.0.0 is starting: 185a270ff9c18b5c115dcb25fc2c53f8eb348abace25a616383842a337398372
2025-08-12 17:18:51,934 INFO  [io.str.tes.con.StrimziKafkaContainer] (main) Mapped port: 32769
2025-08-12 17:18:51,934 WARN  [io.str.tes.con.StrimziKafkaContainer] (main) Node ID is not set. Using broker ID 0 as the default node ID.
2025-08-12 17:18:51,935 INFO  [io.str.tes.con.StrimziKafkaContainer] (main) This is all advertised listeners for Kafka PLAINTEXT://localhost:32769,BROKER1://172.18.0.2:9091,CONTROLLER://broker-0:9094
2025-08-12 17:18:51,967 INFO  [io.str.tes.con.StrimziKafkaContainer] (main) New `cluster.id` has been generated: 4rT39ZSJSJuTKBGDmwdYMA
2025-08-12 17:18:51,968 INFO  [io.str.tes.con.StrimziKafkaContainer] (main) Copying command to 'STARTER_SCRIPT' script.
2025-08-12 17:18:57,454 INFO  [tc.qua.io/.111.0-k.0.0] (main) Container quay.io/strimzi-test-container/test-container:0.111.0-kafka-4.0.0 started in PT5.76567413S
2025-08-12 17:18:57,457 INFO  [io.api.tes.uti.TestSeparator] (main) ############################################################################
2025-08-12 17:18:57,457 INFO  [io.api.tes.uti.TestSeparator] (main) io.apicurio.tests.serdes.apicurio.AvroSerdeIT.testGlobalIdInHeaders-STARTED
2025-08-12 17:18:57,466 INFO  [org.apa.kaf.cli.adm.AdminClientConfig] (main) AdminClientConfig values: 
	auto.include.jmx.reporter = true
	bootstrap.controllers = []
	bootstrap.servers = [PLAINTEXT://localhost:32769]
	client.dns.lookup = use_all_dns_ips
	client.id = 
	connections.max.idle.ms = 10000
	default.api.timeout.ms = 60000
	enable.metrics.push = true
	metadata.max.age.ms = 300000
	metadata.recovery.strategy = none
	metric.reporters = []
	metrics.num.samples = 2
	metrics.recording.level = INFO
	metrics.sample.window.ms = 30000
	receive.buffer.bytes = 65536
	reconnect.backoff.max.ms = 1000
	reconnect.backoff.ms = 50
	request.timeout.ms = 5000
	retries = 2147483647
	retry.backoff.max.ms = 1000
	retry.backoff.ms = 100
	sasl.client.callback.handler.class = null
	sasl.jaas.config = null
	sasl.kerberos.kinit.cmd = /usr/bin/kinit
	sasl.kerberos.min.time.before.relogin = 60000
	sasl.kerberos.service.name = null
	sasl.kerberos.ticket.renew.jitter = 0.05
	sasl.kerberos.ticket.renew.window.factor = 0.8
	sasl.login.callback.handler.class = null
	sasl.login.class = null
	sasl.login.connect.timeout.ms = null
	sasl.login.read.timeout.ms = null
	sasl.login.refresh.buffer.seconds = 300
	sasl.login.refresh.min.period.seconds = 60
	sasl.login.refresh.window.factor = 0.8
	sasl.login.refresh.window.jitter = 0.05
	sasl.login.retry.backoff.max.ms = 10000
	sasl.login.retry.backoff.ms = 100
	sasl.mechanism = GSSAPI
	sasl.oauthbearer.clock.skew.seconds = 30
	sasl.oauthbearer.expected.audience = null
	sasl.oauthbearer.expected.issuer = null
	sasl.oauthbearer.header.urlencode = false
	sasl.oauthbearer.jwks.endpoint.refresh.ms = 3600000
	sasl.oauthbearer.jwks.endpoint.retry.backoff.max.ms = 10000
	sasl.oauthbearer.jwks.endpoint.retry.backoff.ms = 100
	sasl.oauthbearer.jwks.endpoint.url = null
	sasl.oauthbearer.scope.claim.name = scope
	sasl.oauthbearer.sub.claim.name = sub
	sasl.oauthbearer.token.endpoint.url = null
	security.protocol = PLAINTEXT
	security.providers = null
	send.buffer.bytes = 131072
	socket.connection.setup.timeout.max.ms = 30000
	socket.connection.setup.timeout.ms = 10000
	ssl.cipher.suites = null
	ssl.enabled.protocols = [TLSv1.2, TLSv1.3]
	ssl.endpoint.identification.algorithm = https
	ssl.engine.factory.class = null
	ssl.key.password = null
	ssl.keymanager.algorithm = SunX509
	ssl.keystore.certificate.chain = null
	ssl.keystore.key = null
	ssl.keystore.location = null
	ssl.keystore.password = null
	ssl.keystore.type = JKS
	ssl.protocol = TLSv1.3
	ssl.provider = null
	ssl.secure.random.implementation = null
	ssl.trustmanager.algorithm = PKIX
	ssl.truststore.certificates = null
	ssl.truststore.location = null
	ssl.truststore.password = null
	ssl.truststore.type = JKS

2025-08-12 17:18:57,707 INFO  [org.apa.kaf.com.uti.AppInfoParser] (main) Kafka version: 3.9.1
2025-08-12 17:18:57,707 INFO  [org.apa.kaf.com.uti.AppInfoParser] (main) Kafka commitId: f745dfdcee2b9851
2025-08-12 17:18:57,707 INFO  [org.apa.kaf.com.uti.AppInfoParser] (main) Kafka startTimeMs: 1755019137705
**** Registry Base URL: http://registry-app-pg17.apps.ci419.apicurio-testing.org:80
2025-08-12 17:18:57,768 INFO  [org.apa.kaf.cli.pro.ProducerConfig] (main) ProducerConfig values: 
	acks = -1
	auto.include.jmx.reporter = true
	batch.size = 16384
	bootstrap.servers = [PLAINTEXT://localhost:32769]
	buffer.memory = 33554432
	client.dns.lookup = use_all_dns_ips
	client.id = Producer-topic-6cd76a0e_d4f3_4dd9_830c_fd1760cfe605
	compression.gzip.level = -1
	compression.lz4.level = 9
	compression.type = none
	compression.zstd.level = 3
	connections.max.idle.ms = 10000
	delivery.timeout.ms = 120000
	enable.idempotence = true
	enable.metrics.push = true
	interceptor.classes = []
	key.serializer = class org.apache.kafka.common.serialization.StringSerializer
	linger.ms = 0
	max.block.ms = 60000
	max.in.flight.requests.per.connection = 5
	max.request.size = 1048576
	metadata.max.age.ms = 300000
	metadata.max.idle.ms = 300000
	metadata.recovery.strategy = none
	metric.reporters = []
	metrics.num.samples = 2
	metrics.recording.level = INFO
	metrics.sample.window.ms = 30000
	partitioner.adaptive.partitioning.enable = true
	partitioner.availability.timeout.ms = 0
	partitioner.class = null
	partitioner.ignore.keys = false
	receive.buffer.bytes = 32768
	reconnect.backoff.max.ms = 1000
	reconnect.backoff.ms = 50
	request.timeout.ms = 5000
	retries = 2147483647
	retry.backoff.max.ms = 1000
	retry.backoff.ms = 100
	sasl.client.callback.handler.class = null
	sasl.jaas.config = null
	sasl.kerberos.kinit.cmd = /usr/bin/kinit
	sasl.kerberos.min.time.before.relogin = 60000
	sasl.kerberos.service.name = null
	sasl.kerberos.ticket.renew.jitter = 0.05
	sasl.kerberos.ticket.renew.window.factor = 0.8
	sasl.login.callback.handler.class = null
	sasl.login.class = null
	sasl.login.connect.timeout.ms = null
	sasl.login.read.timeout.ms = null
	sasl.login.refresh.buffer.seconds = 300
	sasl.login.refresh.min.period.seconds = 60
	sasl.login.refresh.window.factor = 0.8
	sasl.login.refresh.window.jitter = 0.05
	sasl.login.retry.backoff.max.ms = 10000
	sasl.login.retry.backoff.ms = 100
	sasl.mechanism = GSSAPI
	sasl.oauthbearer.clock.skew.seconds = 30
	sasl.oauthbearer.expected.audience = null
	sasl.oauthbearer.expected.issuer = null
	sasl.oauthbearer.header.urlencode = false
	sasl.oauthbearer.jwks.endpoint.refresh.ms = 3600000
	sasl.oauthbearer.jwks.endpoint.retry.backoff.max.ms = 10000
	sasl.oauthbearer.jwks.endpoint.retry.backoff.ms = 100
	sasl.oauthbearer.jwks.endpoint.url = null
	sasl.oauthbearer.scope.claim.name = scope
	sasl.oauthbearer.sub.claim.name = sub
	sasl.oauthbearer.token.endpoint.url = null
	security.protocol = PLAINTEXT
	security.providers = null
	send.buffer.bytes = 131072
	socket.connection.setup.timeout.max.ms = 30000
	socket.connection.setup.timeout.ms = 10000
	ssl.cipher.suites = null
	ssl.enabled.protocols = [TLSv1.2, TLSv1.3]
	ssl.endpoint.identification.algorithm = https
	ssl.engine.factory.class = null
	ssl.key.password = null
	ssl.keymanager.algorithm = SunX509
	ssl.keystore.certificate.chain = null
	ssl.keystore.key = null
	ssl.keystore.location = null
	ssl.keystore.password = null
	ssl.keystore.type = JKS
	ssl.protocol = TLSv1.3
	ssl.provider = null
	ssl.secure.random.implementation = null
	ssl.trustmanager.algorithm = PKIX
	ssl.truststore.certificates = null
	ssl.truststore.location = null
	ssl.truststore.password = null
	ssl.truststore.type = JKS
	transaction.timeout.ms = 60000
	transactional.id = null
	value.serializer = class io.apicurio.registry.serde.avro.AvroKafkaSerializer

2025-08-12 17:18:57,827 INFO  [org.apa.kaf.com.tel.int.KafkaMetricsCollector] (main) initializing Kafka metrics collector
2025-08-12 17:18:57,854 INFO  [org.apa.kaf.cli.pro.KafkaProducer] (main) [Producer clientId=Producer-topic-6cd76a0e_d4f3_4dd9_830c_fd1760cfe605] Instantiated an idempotent producer.
2025-08-12 17:18:57,906 INFO  [org.apa.kaf.cli.pro.ProducerConfig] (main) These configurations '[apicurio.registry.url, apicurio.registry.auto-register, apicurio.registry.use-id, apicurio.registry.artifact-resolver-strategy]' were supplied but are not used yet.
2025-08-12 17:18:57,907 INFO  [org.apa.kaf.com.uti.AppInfoParser] (main) Kafka version: 3.9.1
2025-08-12 17:18:57,907 INFO  [org.apa.kaf.com.uti.AppInfoParser] (main) Kafka commitId: f745dfdcee2b9851
2025-08-12 17:18:57,907 INFO  [org.apa.kaf.com.uti.AppInfoParser] (main) Kafka startTimeMs: 1755019137907
2025-08-12 17:18:57,908 INFO  [io.api.tes.ser.api.SimpleSerdesTesterBuilder$SimpleSerdesTester] (main) Using producer configuration: {apicurio.registry.url=http://registry-app-pg17.apps.ci419.apicurio-testing.org:80/apis/registry/v3, apicurio.registry.auto-register=true, apicurio.registry.use-id=globalId, apicurio.registry.artifact-resolver-strategy=io.apicurio.registry.serde.strategy.TopicIdStrategy, value.serializer=io.apicurio.registry.serde.avro.AvroKafkaSerializer, request.timeout.ms=5000, acks=all, bootstrap.servers=PLAINTEXT://localhost:32769, connections.max.idle.ms=10000, key.serializer=org.apache.kafka.common.serialization.StringSerializer, client.id=Producer-topic-6cd76a0e_d4f3_4dd9_830c_fd1760cfe605}
2025-08-12 17:18:57,908 INFO  [io.api.tes.ser.api.SimpleSerdesTesterBuilder$SimpleSerdesTester] (main) Using consumer configuration: {apicurio.registry.use-id=globalId}
2025-08-12 17:18:57,916 INFO  [io.api.tes.ser.api.KafkaSerdesTester] (Thread-600) Sending message {"key11755019137740": "value-0"} to topic topic-6cd76a0e_d4f3_4dd9_830c_fd1760cfe605
2025-08-12 17:18:58,196 WARN  [org.apa.kaf.cli.NetworkClient] (kafka-producer-network-thread | Producer-topic-6cd76a0e_d4f3_4dd9_830c_fd1760cfe605) [Producer clientId=Producer-topic-6cd76a0e_d4f3_4dd9_830c_fd1760cfe605] The metadata response from the cluster reported a recoverable issue with correlation id 1 : {topic-6cd76a0e_d4f3_4dd9_830c_fd1760cfe605=UNKNOWN_TOPIC_OR_PARTITION}
2025-08-12 17:18:58,202 INFO  [org.apa.kaf.cli.Metadata] (kafka-producer-network-thread | Producer-topic-6cd76a0e_d4f3_4dd9_830c_fd1760cfe605) [Producer clientId=Producer-topic-6cd76a0e_d4f3_4dd9_830c_fd1760cfe605] Cluster ID: 4rT39ZSJSJuTKBGDmwdYMA
2025-08-12 17:18:58,441 INFO  [org.apa.kaf.cli.pro.int.TransactionManager] (kafka-producer-network-thread | Producer-topic-6cd76a0e_d4f3_4dd9_830c_fd1760cfe605) [Producer clientId=Producer-topic-6cd76a0e_d4f3_4dd9_830c_fd1760cfe605] ProducerId set to 0 with epoch 0
2025-08-12 17:18:58,551 INFO  [io.api.tes.ser.api.KafkaSerdesTester] (Thread-600) Sending message {"key11755019137740": "value-1"} to topic topic-6cd76a0e_d4f3_4dd9_830c_fd1760cfe605
2025-08-12 17:18:58,557 INFO  [io.api.tes.ser.api.KafkaSerdesTester] (Thread-600) Sending message {"key11755019137740": "value-2"} to topic topic-6cd76a0e_d4f3_4dd9_830c_fd1760cfe605
2025-08-12 17:18:58,562 INFO  [io.api.tes.ser.api.KafkaSerdesTester] (Thread-600) Sending message {"key11755019137740": "value-3"} to topic topic-6cd76a0e_d4f3_4dd9_830c_fd1760cfe605
2025-08-12 17:18:58,566 INFO  [io.api.tes.ser.api.KafkaSerdesTester] (Thread-600) Sending message {"key11755019137740": "value-4"} to topic topic-6cd76a0e_d4f3_4dd9_830c_fd1760cfe605
2025-08-12 17:18:58,569 INFO  [io.api.tes.ser.api.KafkaSerdesTester] (Thread-600) Sending message {"key11755019137740": "value-5"} to topic topic-6cd76a0e_d4f3_4dd9_830c_fd1760cfe605
2025-08-12 17:18:58,573 INFO  [io.api.tes.ser.api.KafkaSerdesTester] (Thread-600) Sending message {"key11755019137740": "value-6"} to topic topic-6cd76a0e_d4f3_4dd9_830c_fd1760cfe605
2025-08-12 17:18:58,576 INFO  [io.api.tes.ser.api.KafkaSerdesTester] (Thread-600) Sending message {"key11755019137740": "value-7"} to topic topic-6cd76a0e_d4f3_4dd9_830c_fd1760cfe605
2025-08-12 17:18:58,579 INFO  [io.api.tes.ser.api.KafkaSerdesTester] (Thread-600) Sending message {"key11755019137740": "value-8"} to topic topic-6cd76a0e_d4f3_4dd9_830c_fd1760cfe605
2025-08-12 17:18:58,582 INFO  [io.api.tes.ser.api.KafkaSerdesTester] (Thread-600) Sending message {"key11755019137740": "value-9"} to topic topic-6cd76a0e_d4f3_4dd9_830c_fd1760cfe605
2025-08-12 17:18:58,586 INFO  [io.api.tes.ser.api.KafkaSerdesTester] (Thread-600) Produced 10 messages
2025-08-12 17:18:58,586 INFO  [org.apa.kaf.cli.pro.KafkaProducer] (Thread-600) [Producer clientId=Producer-topic-6cd76a0e_d4f3_4dd9_830c_fd1760cfe605] Closing the Kafka producer with timeoutMillis = 9223372036854775807 ms.
2025-08-12 17:18:58,610 INFO  [org.apa.kaf.com.met.Metrics] (Thread-600) Metrics scheduler closed
2025-08-12 17:18:58,610 INFO  [org.apa.kaf.com.met.Metrics] (Thread-600) Closing reporter org.apache.kafka.common.metrics.JmxReporter
2025-08-12 17:18:58,610 INFO  [org.apa.kaf.com.met.Metrics] (Thread-600) Closing reporter org.apache.kafka.common.telemetry.internals.ClientTelemetryReporter
2025-08-12 17:18:58,611 INFO  [org.apa.kaf.com.met.Metrics] (Thread-600) Metrics reporters closed
2025-08-12 17:18:58,613 INFO  [org.apa.kaf.com.uti.AppInfoParser] (Thread-600) App info kafka.producer for Producer-topic-6cd76a0e_d4f3_4dd9_830c_fd1760cfe605 unregistered
**** Registry Base URL: http://registry-app-pg17.apps.ci419.apicurio-testing.org:80
2025-08-12 17:18:58,671 INFO  [org.apa.kaf.cli.con.ConsumerConfig] (main) ConsumerConfig values: 
	allow.auto.create.topics = true
	auto.commit.interval.ms = 500
	auto.include.jmx.reporter = true
	auto.offset.reset = earliest
	bootstrap.servers = [PLAINTEXT://localhost:32769]
	check.crcs = true
	client.dns.lookup = use_all_dns_ips
	client.id = consumer-Consumer-topic-6cd76a0e_d4f3_4dd9_830c_fd1760cfe605-1
	client.rack = 
	connections.max.idle.ms = 10000
	default.api.timeout.ms = 60000
	enable.auto.commit = true
	enable.metrics.push = true
	exclude.internal.topics = true
	fetch.max.bytes = 52428800
	fetch.max.wait.ms = 500
	fetch.min.bytes = 1
	group.id = Consumer-topic-6cd76a0e_d4f3_4dd9_830c_fd1760cfe605
	group.instance.id = null
	group.protocol = classic
	group.remote.assignor = null
	heartbeat.interval.ms = 3000
	interceptor.classes = []
	internal.leave.group.on.close = true
	internal.throw.on.fetch.stable.offset.unsupported = false
	isolation.level = read_uncommitted
	key.deserializer = class org.apache.kafka.common.serialization.StringDeserializer
	max.partition.fetch.bytes = 1048576
	max.poll.interval.ms = 300000
	max.poll.records = 500
	metadata.max.age.ms = 300000
	metadata.recovery.strategy = none
	metric.reporters = []
	metrics.num.samples = 2
	metrics.recording.level = INFO
	metrics.sample.window.ms = 30000
	partition.assignment.strategy = [class org.apache.kafka.clients.consumer.RangeAssignor, class org.apache.kafka.clients.consumer.CooperativeStickyAssignor]
	receive.buffer.bytes = 65536
	reconnect.backoff.max.ms = 1000
	reconnect.backoff.ms = 50
	request.timeout.ms = 5000
	retry.backoff.max.ms = 1000
	retry.backoff.ms = 100
	sasl.client.callback.handler.class = null
	sasl.jaas.config = null
	sasl.kerberos.kinit.cmd = /usr/bin/kinit
	sasl.kerberos.min.time.before.relogin = 60000
	sasl.kerberos.service.name = null
	sasl.kerberos.ticket.renew.jitter = 0.05
	sasl.kerberos.ticket.renew.window.factor = 0.8
	sasl.login.callback.handler.class = null
	sasl.login.class = null
	sasl.login.connect.timeout.ms = null
	sasl.login.read.timeout.ms = null
	sasl.login.refresh.buffer.seconds = 300
	sasl.login.refresh.min.period.seconds = 60
	sasl.login.refresh.window.factor = 0.8
	sasl.login.refresh.window.jitter = 0.05
	sasl.login.retry.backoff.max.ms = 10000
	sasl.login.retry.backoff.ms = 100
	sasl.mechanism = GSSAPI
	sasl.oauthbearer.clock.skew.seconds = 30
	sasl.oauthbearer.expected.audience = null
	sasl.oauthbearer.expected.issuer = null
	sasl.oauthbearer.header.urlencode = false
	sasl.oauthbearer.jwks.endpoint.refresh.ms = 3600000
	sasl.oauthbearer.jwks.endpoint.retry.backoff.max.ms = 10000
	sasl.oauthbearer.jwks.endpoint.retry.backoff.ms = 100
	sasl.oauthbearer.jwks.endpoint.url = null
	sasl.oauthbearer.scope.claim.name = scope
	sasl.oauthbearer.sub.claim.name = sub
	sasl.oauthbearer.token.endpoint.url = null
	security.protocol = PLAINTEXT
	security.providers = null
	send.buffer.bytes = 131072
	session.timeout.ms = 45000
	socket.connection.setup.timeout.max.ms = 30000
	socket.connection.setup.timeout.ms = 10000
	ssl.cipher.suites = null
	ssl.enabled.protocols = [TLSv1.2, TLSv1.3]
	ssl.endpoint.identification.algorithm = https
	ssl.engine.factory.class = null
	ssl.key.password = null
	ssl.keymanager.algorithm = SunX509
	ssl.keystore.certificate.chain = null
	ssl.keystore.key = null
	ssl.keystore.location = null
	ssl.keystore.password = null
	ssl.keystore.type = JKS
	ssl.protocol = TLSv1.3
	ssl.provider = null
	ssl.secure.random.implementation = null
	ssl.trustmanager.algorithm = PKIX
	ssl.truststore.certificates = null
	ssl.truststore.location = null
	ssl.truststore.password = null
	ssl.truststore.type = JKS
	value.deserializer = class io.apicurio.registry.serde.avro.AvroKafkaDeserializer

2025-08-12 17:18:58,691 INFO  [org.apa.kaf.com.tel.int.KafkaMetricsCollector] (main) initializing Kafka metrics collector
2025-08-12 17:18:58,768 INFO  [org.apa.kaf.cli.con.ConsumerConfig] (main) These configurations '[apicurio.registry.url, apicurio.registry.use-id]' were supplied but are not used yet.
2025-08-12 17:18:58,768 INFO  [org.apa.kaf.com.uti.AppInfoParser] (main) Kafka version: 3.9.1
2025-08-12 17:18:58,768 INFO  [org.apa.kaf.com.uti.AppInfoParser] (main) Kafka commitId: f745dfdcee2b9851
2025-08-12 17:18:58,768 INFO  [org.apa.kaf.com.uti.AppInfoParser] (main) Kafka startTimeMs: 1755019138768
2025-08-12 17:18:58,771 INFO  [org.apa.kaf.cli.con.int.ClassicKafkaConsumer] (Thread-603) [Consumer clientId=consumer-Consumer-topic-6cd76a0e_d4f3_4dd9_830c_fd1760cfe605-1, groupId=Consumer-topic-6cd76a0e_d4f3_4dd9_830c_fd1760cfe605] Subscribed to topic(s): topic-6cd76a0e_d4f3_4dd9_830c_fd1760cfe605
2025-08-12 17:18:58,785 INFO  [org.apa.kaf.cli.Metadata] (Thread-603) [Consumer clientId=consumer-Consumer-topic-6cd76a0e_d4f3_4dd9_830c_fd1760cfe605-1, groupId=Consumer-topic-6cd76a0e_d4f3_4dd9_830c_fd1760cfe605] Cluster ID: 4rT39ZSJSJuTKBGDmwdYMA
2025-08-12 17:18:58,928 INFO  [org.apa.kaf.cli.con.int.ConsumerCoordinator] (Thread-603) [Consumer clientId=consumer-Consumer-topic-6cd76a0e_d4f3_4dd9_830c_fd1760cfe605-1, groupId=Consumer-topic-6cd76a0e_d4f3_4dd9_830c_fd1760cfe605] Discovered group coordinator localhost:32769 (id: 2147483647 rack: null)
2025-08-12 17:18:58,939 INFO  [org.apa.kaf.cli.con.int.ConsumerCoordinator] (Thread-603) [Consumer clientId=consumer-Consumer-topic-6cd76a0e_d4f3_4dd9_830c_fd1760cfe605-1, groupId=Consumer-topic-6cd76a0e_d4f3_4dd9_830c_fd1760cfe605] (Re-)joining group
2025-08-12 17:18:58,961 INFO  [org.apa.kaf.cli.con.int.ConsumerCoordinator] (Thread-603) [Consumer clientId=consumer-Consumer-topic-6cd76a0e_d4f3_4dd9_830c_fd1760cfe605-1, groupId=Consumer-topic-6cd76a0e_d4f3_4dd9_830c_fd1760cfe605] Group coordinator localhost:32769 (id: 2147483647 rack: null) is unavailable or invalid due to cause: error response NOT_COORDINATOR. isDisconnected: false. Rediscovery will be attempted.
2025-08-12 17:18:58,961 INFO  [org.apa.kaf.cli.con.int.ConsumerCoordinator] (Thread-603) [Consumer clientId=consumer-Consumer-topic-6cd76a0e_d4f3_4dd9_830c_fd1760cfe605-1, groupId=Consumer-topic-6cd76a0e_d4f3_4dd9_830c_fd1760cfe605] Requesting disconnect from last known coordinator localhost:32769 (id: 2147483647 rack: null)
2025-08-12 17:18:58,961 INFO  [org.apa.kaf.cli.con.int.ConsumerCoordinator] (Thread-603) [Consumer clientId=consumer-Consumer-topic-6cd76a0e_d4f3_4dd9_830c_fd1760cfe605-1, groupId=Consumer-topic-6cd76a0e_d4f3_4dd9_830c_fd1760cfe605] JoinGroup failed: This is not the correct coordinator. Marking coordinator unknown. Sent generation was Generation{generationId=-1, memberId='', protocol='null'}
2025-08-12 17:18:58,961 INFO  [org.apa.kaf.cli.NetworkClient] (Thread-603) [Consumer clientId=consumer-Consumer-topic-6cd76a0e_d4f3_4dd9_830c_fd1760cfe605-1, groupId=Consumer-topic-6cd76a0e_d4f3_4dd9_830c_fd1760cfe605] Client requested disconnect from node 2147483647
2025-08-12 17:18:58,969 INFO  [org.apa.kaf.cli.con.int.ConsumerCoordinator] (Thread-603) [Consumer clientId=consumer-Consumer-topic-6cd76a0e_d4f3_4dd9_830c_fd1760cfe605-1, groupId=Consumer-topic-6cd76a0e_d4f3_4dd9_830c_fd1760cfe605] Discovered group coordinator localhost:32769 (id: 2147483647 rack: null)
2025-08-12 17:18:58,969 INFO  [org.apa.kaf.cli.con.int.ConsumerCoordinator] (Thread-603) [Consumer clientId=consumer-Consumer-topic-6cd76a0e_d4f3_4dd9_830c_fd1760cfe605-1, groupId=Consumer-topic-6cd76a0e_d4f3_4dd9_830c_fd1760cfe605] Group coordinator localhost:32769 (id: 2147483647 rack: null) is unavailable or invalid due to cause: coordinator unavailable. isDisconnected: false. Rediscovery will be attempted.
2025-08-12 17:18:58,969 INFO  [org.apa.kaf.cli.con.int.ConsumerCoordinator] (Thread-603) [Consumer clientId=consumer-Consumer-topic-6cd76a0e_d4f3_4dd9_830c_fd1760cfe605-1, groupId=Consumer-topic-6cd76a0e_d4f3_4dd9_830c_fd1760cfe605] Requesting disconnect from last known coordinator localhost:32769 (id: 2147483647 rack: null)
2025-08-12 17:18:59,087 INFO  [org.apa.kaf.cli.con.int.ConsumerCoordinator] (Thread-603) [Consumer clientId=consumer-Consumer-topic-6cd76a0e_d4f3_4dd9_830c_fd1760cfe605-1, groupId=Consumer-topic-6cd76a0e_d4f3_4dd9_830c_fd1760cfe605] Discovered group coordinator localhost:32769 (id: 2147483647 rack: null)
2025-08-12 17:18:59,088 INFO  [org.apa.kaf.cli.con.int.ConsumerCoordinator] (Thread-603) [Consumer clientId=consumer-Consumer-topic-6cd76a0e_d4f3_4dd9_830c_fd1760cfe605-1, groupId=Consumer-topic-6cd76a0e_d4f3_4dd9_830c_fd1760cfe605] Request joining group due to: rebalance failed due to 'This is not the correct coordinator.' (NotCoordinatorException)
2025-08-12 17:18:59,091 INFO  [org.apa.kaf.cli.con.int.ConsumerCoordinator] (Thread-603) [Consumer clientId=consumer-Consumer-topic-6cd76a0e_d4f3_4dd9_830c_fd1760cfe605-1, groupId=Consumer-topic-6cd76a0e_d4f3_4dd9_830c_fd1760cfe605] (Re-)joining group
2025-08-12 17:18:59,100 INFO  [org.apa.kaf.cli.con.int.ConsumerCoordinator] (Thread-603) [Consumer clientId=consumer-Consumer-topic-6cd76a0e_d4f3_4dd9_830c_fd1760cfe605-1, groupId=Consumer-topic-6cd76a0e_d4f3_4dd9_830c_fd1760cfe605] Group coordinator localhost:32769 (id: 2147483647 rack: null) is unavailable or invalid due to cause: error response NOT_COORDINATOR. isDisconnected: false. Rediscovery will be attempted.
2025-08-12 17:18:59,100 INFO  [org.apa.kaf.cli.con.int.ConsumerCoordinator] (Thread-603) [Consumer clientId=consumer-Consumer-topic-6cd76a0e_d4f3_4dd9_830c_fd1760cfe605-1, groupId=Consumer-topic-6cd76a0e_d4f3_4dd9_830c_fd1760cfe605] Requesting disconnect from last known coordinator localhost:32769 (id: 2147483647 rack: null)
2025-08-12 17:18:59,101 INFO  [org.apa.kaf.cli.con.int.ConsumerCoordinator] (Thread-603) [Consumer clientId=consumer-Consumer-topic-6cd76a0e_d4f3_4dd9_830c_fd1760cfe605-1, groupId=Consumer-topic-6cd76a0e_d4f3_4dd9_830c_fd1760cfe605] JoinGroup failed: This is not the correct coordinator. Marking coordinator unknown. Sent generation was Generation{generationId=-1, memberId='', protocol='null'}
2025-08-12 17:18:59,101 INFO  [org.apa.kaf.cli.NetworkClient] (Thread-603) [Consumer clientId=consumer-Consumer-topic-6cd76a0e_d4f3_4dd9_830c_fd1760cfe605-1, groupId=Consumer-topic-6cd76a0e_d4f3_4dd9_830c_fd1760cfe605] Client requested disconnect from node 2147483647
2025-08-12 17:18:59,107 INFO  [org.apa.kaf.cli.con.int.ConsumerCoordinator] (Thread-603) [Consumer clientId=consumer-Consumer-topic-6cd76a0e_d4f3_4dd9_830c_fd1760cfe605-1, groupId=Consumer-topic-6cd76a0e_d4f3_4dd9_830c_fd1760cfe605] Discovered group coordinator localhost:32769 (id: 2147483647 rack: null)
2025-08-12 17:18:59,111 INFO  [org.apa.kaf.cli.con.int.ConsumerCoordinator] (Thread-603) [Consumer clientId=consumer-Consumer-topic-6cd76a0e_d4f3_4dd9_830c_fd1760cfe605-1, groupId=Consumer-topic-6cd76a0e_d4f3_4dd9_830c_fd1760cfe605] Group coordinator localhost:32769 (id: 2147483647 rack: null) is unavailable or invalid due to cause: coordinator unavailable. isDisconnected: false. Rediscovery will be attempted.
2025-08-12 17:18:59,111 INFO  [org.apa.kaf.cli.con.int.ConsumerCoordinator] (Thread-603) [Consumer clientId=consumer-Consumer-topic-6cd76a0e_d4f3_4dd9_830c_fd1760cfe605-1, groupId=Consumer-topic-6cd76a0e_d4f3_4dd9_830c_fd1760cfe605] Requesting disconnect from last known coordinator localhost:32769 (id: 2147483647 rack: null)
2025-08-12 17:18:59,227 INFO  [org.apa.kaf.cli.con.int.ConsumerCoordinator] (Thread-603) [Consumer clientId=consumer-Consumer-topic-6cd76a0e_d4f3_4dd9_830c_fd1760cfe605-1, groupId=Consumer-topic-6cd76a0e_d4f3_4dd9_830c_fd1760cfe605] Discovered group coordinator localhost:32769 (id: 2147483647 rack: null)
2025-08-12 17:18:59,229 INFO  [org.apa.kaf.cli.con.int.ConsumerCoordinator] (Thread-603) [Consumer clientId=consumer-Consumer-topic-6cd76a0e_d4f3_4dd9_830c_fd1760cfe605-1, groupId=Consumer-topic-6cd76a0e_d4f3_4dd9_830c_fd1760cfe605] Request joining group due to: rebalance failed due to 'This is not the correct coordinator.' (NotCoordinatorException)
2025-08-12 17:18:59,230 INFO  [org.apa.kaf.cli.con.int.ConsumerCoordinator] (Thread-603) [Consumer clientId=consumer-Consumer-topic-6cd76a0e_d4f3_4dd9_830c_fd1760cfe605-1, groupId=Consumer-topic-6cd76a0e_d4f3_4dd9_830c_fd1760cfe605] (Re-)joining group
2025-08-12 17:18:59,245 INFO  [org.apa.kaf.cli.con.int.ConsumerCoordinator] (Thread-603) [Consumer clientId=consumer-Consumer-topic-6cd76a0e_d4f3_4dd9_830c_fd1760cfe605-1, groupId=Consumer-topic-6cd76a0e_d4f3_4dd9_830c_fd1760cfe605] Group coordinator localhost:32769 (id: 2147483647 rack: null) is unavailable or invalid due to cause: error response NOT_COORDINATOR. isDisconnected: false. Rediscovery will be attempted.
2025-08-12 17:18:59,245 INFO  [org.apa.kaf.cli.con.int.ConsumerCoordinator] (Thread-603) [Consumer clientId=consumer-Consumer-topic-6cd76a0e_d4f3_4dd9_830c_fd1760cfe605-1, groupId=Consumer-topic-6cd76a0e_d4f3_4dd9_830c_fd1760cfe605] Requesting disconnect from last known coordinator localhost:32769 (id: 2147483647 rack: null)
2025-08-12 17:18:59,245 INFO  [org.apa.kaf.cli.con.int.ConsumerCoordinator] (Thread-603) [Consumer clientId=consumer-Consumer-topic-6cd76a0e_d4f3_4dd9_830c_fd1760cfe605-1, groupId=Consumer-topic-6cd76a0e_d4f3_4dd9_830c_fd1760cfe605] JoinGroup failed: This is not the correct coordinator. Marking coordinator unknown. Sent generation was Generation{generationId=-1, memberId='', protocol='null'}
2025-08-12 17:18:59,245 INFO  [org.apa.kaf.cli.NetworkClient] (Thread-603) [Consumer clientId=consumer-Consumer-topic-6cd76a0e_d4f3_4dd9_830c_fd1760cfe605-1, groupId=Consumer-topic-6cd76a0e_d4f3_4dd9_830c_fd1760cfe605] Client requested disconnect from node 2147483647
2025-08-12 17:18:59,256 INFO  [org.apa.kaf.cli.con.int.ConsumerCoordinator] (Thread-603) [Consumer clientId=consumer-Consumer-topic-6cd76a0e_d4f3_4dd9_830c_fd1760cfe605-1, groupId=Consumer-topic-6cd76a0e_d4f3_4dd9_830c_fd1760cfe605] Discovered group coordinator localhost:32769 (id: 2147483647 rack: null)
2025-08-12 17:18:59,256 INFO  [org.apa.kaf.cli.con.int.ConsumerCoordinator] (Thread-603) [Consumer clientId=consumer-Consumer-topic-6cd76a0e_d4f3_4dd9_830c_fd1760cfe605-1, groupId=Consumer-topic-6cd76a0e_d4f3_4dd9_830c_fd1760cfe605] Group coordinator localhost:32769 (id: 2147483647 rack: null) is unavailable or invalid due to cause: coordinator unavailable. isDisconnected: false. Rediscovery will be attempted.
2025-08-12 17:18:59,256 INFO  [org.apa.kaf.cli.con.int.ConsumerCoordinator] (Thread-603) [Consumer clientId=consumer-Consumer-topic-6cd76a0e_d4f3_4dd9_830c_fd1760cfe605-1, groupId=Consumer-topic-6cd76a0e_d4f3_4dd9_830c_fd1760cfe605] Requesting disconnect from last known coordinator localhost:32769 (id: 2147483647 rack: null)
2025-08-12 17:18:59,350 INFO  [org.apa.kaf.cli.con.int.ConsumerCoordinator] (Thread-603) [Consumer clientId=consumer-Consumer-topic-6cd76a0e_d4f3_4dd9_830c_fd1760cfe605-1, groupId=Consumer-topic-6cd76a0e_d4f3_4dd9_830c_fd1760cfe605] Discovered group coordinator localhost:32769 (id: 2147483647 rack: null)
2025-08-12 17:18:59,352 INFO  [org.apa.kaf.cli.con.int.ConsumerCoordinator] (Thread-603) [Consumer clientId=consumer-Consumer-topic-6cd76a0e_d4f3_4dd9_830c_fd1760cfe605-1, groupId=Consumer-topic-6cd76a0e_d4f3_4dd9_830c_fd1760cfe605] Request joining group due to: rebalance failed due to 'This is not the correct coordinator.' (NotCoordinatorException)
2025-08-12 17:18:59,353 INFO  [org.apa.kaf.cli.con.int.ConsumerCoordinator] (Thread-603) [Consumer clientId=consumer-Consumer-topic-6cd76a0e_d4f3_4dd9_830c_fd1760cfe605-1, groupId=Consumer-topic-6cd76a0e_d4f3_4dd9_830c_fd1760cfe605] (Re-)joining group
2025-08-12 17:18:59,359 INFO  [org.apa.kaf.cli.con.int.ConsumerCoordinator] (Thread-603) [Consumer clientId=consumer-Consumer-topic-6cd76a0e_d4f3_4dd9_830c_fd1760cfe605-1, groupId=Consumer-topic-6cd76a0e_d4f3_4dd9_830c_fd1760cfe605] Group coordinator localhost:32769 (id: 2147483647 rack: null) is unavailable or invalid due to cause: error response NOT_COORDINATOR. isDisconnected: false. Rediscovery will be attempted.
2025-08-12 17:18:59,362 INFO  [org.apa.kaf.cli.con.int.ConsumerCoordinator] (Thread-603) [Consumer clientId=consumer-Consumer-topic-6cd76a0e_d4f3_4dd9_830c_fd1760cfe605-1, groupId=Consumer-topic-6cd76a0e_d4f3_4dd9_830c_fd1760cfe605] Requesting disconnect from last known coordinator localhost:32769 (id: 2147483647 rack: null)
2025-08-12 17:18:59,362 INFO  [org.apa.kaf.cli.con.int.ConsumerCoordinator] (Thread-603) [Consumer clientId=consumer-Consumer-topic-6cd76a0e_d4f3_4dd9_830c_fd1760cfe605-1, groupId=Consumer-topic-6cd76a0e_d4f3_4dd9_830c_fd1760cfe605] JoinGroup failed: This is not the correct coordinator. Marking coordinator unknown. Sent generation was Generation{generationId=-1, memberId='', protocol='null'}
2025-08-12 17:18:59,362 INFO  [org.apa.kaf.cli.NetworkClient] (Thread-603) [Consumer clientId=consumer-Consumer-topic-6cd76a0e_d4f3_4dd9_830c_fd1760cfe605-1, groupId=Consumer-topic-6cd76a0e_d4f3_4dd9_830c_fd1760cfe605] Client requested disconnect from node 2147483647
2025-08-12 17:18:59,367 INFO  [org.apa.kaf.cli.con.int.ConsumerCoordinator] (Thread-603) [Consumer clientId=consumer-Consumer-topic-6cd76a0e_d4f3_4dd9_830c_fd1760cfe605-1, groupId=Consumer-topic-6cd76a0e_d4f3_4dd9_830c_fd1760cfe605] Discovered group coordinator localhost:32769 (id: 2147483647 rack: null)
2025-08-12 17:18:59,368 INFO  [org.apa.kaf.cli.con.int.ConsumerCoordinator] (Thread-603) [Consumer clientId=consumer-Consumer-topic-6cd76a0e_d4f3_4dd9_830c_fd1760cfe605-1, groupId=Consumer-topic-6cd76a0e_d4f3_4dd9_830c_fd1760cfe605] Group coordinator localhost:32769 (id: 2147483647 rack: null) is unavailable or invalid due to cause: coordinator unavailable. isDisconnected: false. Rediscovery will be attempted.
2025-08-12 17:18:59,368 INFO  [org.apa.kaf.cli.con.int.ConsumerCoordinator] (Thread-603) [Consumer clientId=consumer-Consumer-topic-6cd76a0e_d4f3_4dd9_830c_fd1760cfe605-1, groupId=Consumer-topic-6cd76a0e_d4f3_4dd9_830c_fd1760cfe605] Requesting disconnect from last known coordinator localhost:32769 (id: 2147483647 rack: null)
2025-08-12 17:18:59,459 INFO  [org.apa.kaf.cli.con.int.ConsumerCoordinator] (Thread-603) [Consumer clientId=consumer-Consumer-topic-6cd76a0e_d4f3_4dd9_830c_fd1760cfe605-1, groupId=Consumer-topic-6cd76a0e_d4f3_4dd9_830c_fd1760cfe605] Discovered group coordinator localhost:32769 (id: 2147483647 rack: null)
2025-08-12 17:18:59,466 INFO  [org.apa.kaf.cli.con.int.ConsumerCoordinator] (Thread-603) [Consumer clientId=consumer-Consumer-topic-6cd76a0e_d4f3_4dd9_830c_fd1760cfe605-1, groupId=Consumer-topic-6cd76a0e_d4f3_4dd9_830c_fd1760cfe605] Request joining group due to: rebalance failed due to 'This is not the correct coordinator.' (NotCoordinatorException)
2025-08-12 17:18:59,466 INFO  [org.apa.kaf.cli.con.int.ConsumerCoordinator] (Thread-603) [Consumer clientId=consumer-Consumer-topic-6cd76a0e_d4f3_4dd9_830c_fd1760cfe605-1, groupId=Consumer-topic-6cd76a0e_d4f3_4dd9_830c_fd1760cfe605] (Re-)joining group
2025-08-12 17:18:59,501 INFO  [org.apa.kaf.cli.con.int.ConsumerCoordinator] (Thread-603) [Consumer clientId=consumer-Consumer-topic-6cd76a0e_d4f3_4dd9_830c_fd1760cfe605-1, groupId=Consumer-topic-6cd76a0e_d4f3_4dd9_830c_fd1760cfe605] JoinGroup failed: Coordinator localhost:32769 (id: 2147483647 rack: null) is loading the group.
2025-08-12 17:18:59,502 INFO  [org.apa.kaf.cli.con.int.ConsumerCoordinator] (Thread-603) [Consumer clientId=consumer-Consumer-topic-6cd76a0e_d4f3_4dd9_830c_fd1760cfe605-1, groupId=Consumer-topic-6cd76a0e_d4f3_4dd9_830c_fd1760cfe605] Request joining group due to: rebalance failed due to 'The coordinator is loading and hence can't process requests.' (CoordinatorLoadInProgressException)
2025-08-12 17:18:59,603 INFO  [org.apa.kaf.cli.con.int.ConsumerCoordinator] (Thread-603) [Consumer clientId=consumer-Consumer-topic-6cd76a0e_d4f3_4dd9_830c_fd1760cfe605-1, groupId=Consumer-topic-6cd76a0e_d4f3_4dd9_830c_fd1760cfe605] (Re-)joining group
2025-08-12 17:18:59,611 INFO  [org.apa.kaf.cli.con.int.ConsumerCoordinator] (Thread-603) [Consumer clientId=consumer-Consumer-topic-6cd76a0e_d4f3_4dd9_830c_fd1760cfe605-1, groupId=Consumer-topic-6cd76a0e_d4f3_4dd9_830c_fd1760cfe605] Request joining group due to: need to re-join with the given member-id: consumer-Consumer-topic-6cd76a0e_d4f3_4dd9_830c_fd1760cfe605-1-0840c036-d33c-4346-a1a0-00402b2b74d2
2025-08-12 17:18:59,611 INFO  [org.apa.kaf.cli.con.int.ConsumerCoordinator] (Thread-603) [Consumer clientId=consumer-Consumer-topic-6cd76a0e_d4f3_4dd9_830c_fd1760cfe605-1, groupId=Consumer-topic-6cd76a0e_d4f3_4dd9_830c_fd1760cfe605] (Re-)joining group
2025-08-12 17:18:59,772 INFO  [io.api.tes.ser.api.KafkaSerdesTester] (Thread-603) None found
2025-08-12 17:19:00,773 INFO  [io.api.tes.ser.api.KafkaSerdesTester] (Thread-603) None found
2025-08-12 17:19:01,774 INFO  [io.api.tes.ser.api.KafkaSerdesTester] (Thread-603) None found
2025-08-12 17:19:02,626 INFO  [org.apa.kaf.cli.con.int.ConsumerCoordinator] (Thread-603) [Consumer clientId=consumer-Consumer-topic-6cd76a0e_d4f3_4dd9_830c_fd1760cfe605-1, groupId=Consumer-topic-6cd76a0e_d4f3_4dd9_830c_fd1760cfe605] Successfully joined group with generation Generation{generationId=1, memberId='consumer-Consumer-topic-6cd76a0e_d4f3_4dd9_830c_fd1760cfe605-1-0840c036-d33c-4346-a1a0-00402b2b74d2', protocol='range'}
2025-08-12 17:19:02,641 INFO  [org.apa.kaf.cli.con.int.ConsumerCoordinator] (Thread-603) [Consumer clientId=consumer-Consumer-topic-6cd76a0e_d4f3_4dd9_830c_fd1760cfe605-1, groupId=Consumer-topic-6cd76a0e_d4f3_4dd9_830c_fd1760cfe605] Finished assignment for group at generation 1: {consumer-Consumer-topic-6cd76a0e_d4f3_4dd9_830c_fd1760cfe605-1-0840c036-d33c-4346-a1a0-00402b2b74d2=Assignment(partitions=[topic-6cd76a0e_d4f3_4dd9_830c_fd1760cfe605-0])}
2025-08-12 17:19:02,666 INFO  [org.apa.kaf.cli.con.int.ConsumerCoordinator] (Thread-603) [Consumer clientId=consumer-Consumer-topic-6cd76a0e_d4f3_4dd9_830c_fd1760cfe605-1, groupId=Consumer-topic-6cd76a0e_d4f3_4dd9_830c_fd1760cfe605] Successfully synced group in generation Generation{generationId=1, memberId='consumer-Consumer-topic-6cd76a0e_d4f3_4dd9_830c_fd1760cfe605-1-0840c036-d33c-4346-a1a0-00402b2b74d2', protocol='range'}
2025-08-12 17:19:02,667 INFO  [org.apa.kaf.cli.con.int.ConsumerCoordinator] (Thread-603) [Consumer clientId=consumer-Consumer-topic-6cd76a0e_d4f3_4dd9_830c_fd1760cfe605-1, groupId=Consumer-topic-6cd76a0e_d4f3_4dd9_830c_fd1760cfe605] Notifying assignor about the new Assignment(partitions=[topic-6cd76a0e_d4f3_4dd9_830c_fd1760cfe605-0])
2025-08-12 17:19:02,672 INFO  [org.apa.kaf.cli.con.int.ConsumerRebalanceListenerInvoker] (Thread-603) [Consumer clientId=consumer-Consumer-topic-6cd76a0e_d4f3_4dd9_830c_fd1760cfe605-1, groupId=Consumer-topic-6cd76a0e_d4f3_4dd9_830c_fd1760cfe605] Adding newly assigned partitions: topic-6cd76a0e_d4f3_4dd9_830c_fd1760cfe605-0
2025-08-12 17:19:02,696 INFO  [org.apa.kaf.cli.con.int.ConsumerCoordinator] (Thread-603) [Consumer clientId=consumer-Consumer-topic-6cd76a0e_d4f3_4dd9_830c_fd1760cfe605-1, groupId=Consumer-topic-6cd76a0e_d4f3_4dd9_830c_fd1760cfe605] Found no committed offset for partition topic-6cd76a0e_d4f3_4dd9_830c_fd1760cfe605-0
2025-08-12 17:19:02,734 INFO  [org.apa.kaf.cli.con.int.SubscriptionState] (Thread-603) [Consumer clientId=consumer-Consumer-topic-6cd76a0e_d4f3_4dd9_830c_fd1760cfe605-1, groupId=Consumer-topic-6cd76a0e_d4f3_4dd9_830c_fd1760cfe605] Resetting offset for partition topic-6cd76a0e_d4f3_4dd9_830c_fd1760cfe605-0 to position FetchPosition{offset=0, offsetEpoch=Optional.empty, currentLeader=LeaderAndEpoch{leader=Optional[localhost:32769 (id: 0 rack: null)], epoch=0}}.
2025-08-12 17:19:02,777 INFO  [io.api.tes.ser.api.KafkaSerdesTester] (Thread-603) None found
2025-08-12 17:19:02,867 INFO  [io.api.tes.ser.api.KafkaSerdesTester] (Thread-603) topic-6cd76a0e_d4f3_4dd9_830c_fd1760cfe605 0 0 {"key11755019137740": "value-0"}
2025-08-12 17:19:02,869 INFO  [io.api.tes.ser.api.KafkaSerdesTester] (Thread-603) topic-6cd76a0e_d4f3_4dd9_830c_fd1760cfe605 0 1 {"key11755019137740": "value-1"}
2025-08-12 17:19:02,871 INFO  [io.api.tes.ser.api.KafkaSerdesTester] (Thread-603) topic-6cd76a0e_d4f3_4dd9_830c_fd1760cfe605 0 2 {"key11755019137740": "value-2"}
2025-08-12 17:19:02,871 INFO  [io.api.tes.ser.api.KafkaSerdesTester] (Thread-603) topic-6cd76a0e_d4f3_4dd9_830c_fd1760cfe605 0 3 {"key11755019137740": "value-3"}
2025-08-12 17:19:02,871 INFO  [io.api.tes.ser.api.KafkaSerdesTester] (Thread-603) topic-6cd76a0e_d4f3_4dd9_830c_fd1760cfe605 0 4 {"key11755019137740": "value-4"}
2025-08-12 17:19:02,871 INFO  [io.api.tes.ser.api.KafkaSerdesTester] (Thread-603) topic-6cd76a0e_d4f3_4dd9_830c_fd1760cfe605 0 5 {"key11755019137740": "value-5"}
2025-08-12 17:19:02,871 INFO  [io.api.tes.ser.api.KafkaSerdesTester] (Thread-603) topic-6cd76a0e_d4f3_4dd9_830c_fd1760cfe605 0 6 {"key11755019137740": "value-6"}
2025-08-12 17:19:02,871 INFO  [io.api.tes.ser.api.KafkaSerdesTester] (Thread-603) topic-6cd76a0e_d4f3_4dd9_830c_fd1760cfe605 0 7 {"key11755019137740": "value-7"}
2025-08-12 17:19:02,872 INFO  [io.api.tes.ser.api.KafkaSerdesTester] (Thread-603) topic-6cd76a0e_d4f3_4dd9_830c_fd1760cfe605 0 8 {"key11755019137740": "value-8"}
2025-08-12 17:19:02,872 INFO  [io.api.tes.ser.api.KafkaSerdesTester] (Thread-603) topic-6cd76a0e_d4f3_4dd9_830c_fd1760cfe605 0 9 {"key11755019137740": "value-9"}
2025-08-12 17:19:02,872 INFO  [io.api.tes.ser.api.KafkaSerdesTester] (Thread-603) Consumed 10 messages
2025-08-12 17:19:02,902 INFO  [org.apa.kaf.cli.con.int.ConsumerRebalanceListenerInvoker] (Thread-603) [Consumer clientId=consumer-Consumer-topic-6cd76a0e_d4f3_4dd9_830c_fd1760cfe605-1, groupId=Consumer-topic-6cd76a0e_d4f3_4dd9_830c_fd1760cfe605] Revoke previously assigned partitions topic-6cd76a0e_d4f3_4dd9_830c_fd1760cfe605-0
2025-08-12 17:19:02,904 INFO  [org.apa.kaf.cli.con.int.ConsumerCoordinator] (Thread-603) [Consumer clientId=consumer-Consumer-topic-6cd76a0e_d4f3_4dd9_830c_fd1760cfe605-1, groupId=Consumer-topic-6cd76a0e_d4f3_4dd9_830c_fd1760cfe605] Member consumer-Consumer-topic-6cd76a0e_d4f3_4dd9_830c_fd1760cfe605-1-0840c036-d33c-4346-a1a0-00402b2b74d2 sending LeaveGroup request to coordinator localhost:32769 (id: 2147483647 rack: null) due to the consumer is being closed
2025-08-12 17:19:02,906 INFO  [org.apa.kaf.cli.con.int.ConsumerCoordinator] (Thread-603) [Consumer clientId=consumer-Consumer-topic-6cd76a0e_d4f3_4dd9_830c_fd1760cfe605-1, groupId=Consumer-topic-6cd76a0e_d4f3_4dd9_830c_fd1760cfe605] Resetting generation and member id due to: consumer pro-actively leaving the group
2025-08-12 17:19:02,906 INFO  [org.apa.kaf.cli.con.int.ConsumerCoordinator] (Thread-603) [Consumer clientId=consumer-Consumer-topic-6cd76a0e_d4f3_4dd9_830c_fd1760cfe605-1, groupId=Consumer-topic-6cd76a0e_d4f3_4dd9_830c_fd1760cfe605] Request joining group due to: consumer pro-actively leaving the group
2025-08-12 17:19:03,383 INFO  [org.apa.kaf.com.met.Metrics] (Thread-603) Metrics scheduler closed
2025-08-12 17:19:03,383 INFO  [org.apa.kaf.com.met.Metrics] (Thread-603) Closing reporter org.apache.kafka.common.metrics.JmxReporter
2025-08-12 17:19:03,383 INFO  [org.apa.kaf.com.met.Metrics] (Thread-603) Closing reporter org.apache.kafka.common.telemetry.internals.ClientTelemetryReporter
2025-08-12 17:19:03,383 INFO  [org.apa.kaf.com.met.Metrics] (Thread-603) Metrics reporters closed
2025-08-12 17:19:03,389 INFO  [org.apa.kaf.com.uti.AppInfoParser] (Thread-603) App info kafka.consumer for consumer-Consumer-topic-6cd76a0e_d4f3_4dd9_830c_fd1760cfe605-1 unregistered
2025-08-12 17:19:03,389 INFO  [io.api.tes.uti.TestSeparator] (main) io.apicurio.tests.serdes.apicurio.AvroSerdeIT.testGlobalIdInHeaders-FINISHED
2025-08-12 17:19:03,389 INFO  [io.api.tes.uti.TestSeparator] (main) ############################################################################
Test passed: testGlobalIdInHeaders
]]></system-out>
  </testcase>
  <testcase name="testSimpleTopicIdStrategyFindLatest" classname="io.apicurio.tests.serdes.apicurio.AvroSerdeIT" time="4.862">
    <system-out><![CDATA[2025-08-12 17:19:03,391 INFO  [io.api.tes.uti.TestSeparator] (main) ############################################################################
2025-08-12 17:19:03,391 INFO  [io.api.tes.uti.TestSeparator] (main) io.apicurio.tests.serdes.apicurio.AvroSerdeIT.testSimpleTopicIdStrategyFindLatest-STARTED
2025-08-12 17:19:03,392 INFO  [io.api.tes.ser.api.AvroSerdeIT] (main) Registering Avro Schema: {"type":"record","name":"myrecordapicurio1","fields":[{"name":"key11755019143392","type":"string"}]}
**** Registry Base URL: http://registry-app-pg17.apps.ci419.apicurio-testing.org:80
2025-08-12 17:19:04,464 INFO  [org.apa.kaf.cli.pro.ProducerConfig] (main) ProducerConfig values: 
	acks = -1
	auto.include.jmx.reporter = true
	batch.size = 16384
	bootstrap.servers = [PLAINTEXT://localhost:32769]
	buffer.memory = 33554432
	client.dns.lookup = use_all_dns_ips
	client.id = Producer-topic-d836a046_8384_49db_9e77_618cadc8e7c4
	compression.gzip.level = -1
	compression.lz4.level = 9
	compression.type = none
	compression.zstd.level = 3
	connections.max.idle.ms = 10000
	delivery.timeout.ms = 120000
	enable.idempotence = true
	enable.metrics.push = true
	interceptor.classes = []
	key.serializer = class org.apache.kafka.common.serialization.StringSerializer
	linger.ms = 0
	max.block.ms = 60000
	max.in.flight.requests.per.connection = 5
	max.request.size = 1048576
	metadata.max.age.ms = 300000
	metadata.max.idle.ms = 300000
	metadata.recovery.strategy = none
	metric.reporters = []
	metrics.num.samples = 2
	metrics.recording.level = INFO
	metrics.sample.window.ms = 30000
	partitioner.adaptive.partitioning.enable = true
	partitioner.availability.timeout.ms = 0
	partitioner.class = null
	partitioner.ignore.keys = false
	receive.buffer.bytes = 32768
	reconnect.backoff.max.ms = 1000
	reconnect.backoff.ms = 50
	request.timeout.ms = 5000
	retries = 2147483647
	retry.backoff.max.ms = 1000
	retry.backoff.ms = 100
	sasl.client.callback.handler.class = null
	sasl.jaas.config = null
	sasl.kerberos.kinit.cmd = /usr/bin/kinit
	sasl.kerberos.min.time.before.relogin = 60000
	sasl.kerberos.service.name = null
	sasl.kerberos.ticket.renew.jitter = 0.05
	sasl.kerberos.ticket.renew.window.factor = 0.8
	sasl.login.callback.handler.class = null
	sasl.login.class = null
	sasl.login.connect.timeout.ms = null
	sasl.login.read.timeout.ms = null
	sasl.login.refresh.buffer.seconds = 300
	sasl.login.refresh.min.period.seconds = 60
	sasl.login.refresh.window.factor = 0.8
	sasl.login.refresh.window.jitter = 0.05
	sasl.login.retry.backoff.max.ms = 10000
	sasl.login.retry.backoff.ms = 100
	sasl.mechanism = GSSAPI
	sasl.oauthbearer.clock.skew.seconds = 30
	sasl.oauthbearer.expected.audience = null
	sasl.oauthbearer.expected.issuer = null
	sasl.oauthbearer.header.urlencode = false
	sasl.oauthbearer.jwks.endpoint.refresh.ms = 3600000
	sasl.oauthbearer.jwks.endpoint.retry.backoff.max.ms = 10000
	sasl.oauthbearer.jwks.endpoint.retry.backoff.ms = 100
	sasl.oauthbearer.jwks.endpoint.url = null
	sasl.oauthbearer.scope.claim.name = scope
	sasl.oauthbearer.sub.claim.name = sub
	sasl.oauthbearer.token.endpoint.url = null
	security.protocol = PLAINTEXT
	security.providers = null
	send.buffer.bytes = 131072
	socket.connection.setup.timeout.max.ms = 30000
	socket.connection.setup.timeout.ms = 10000
	ssl.cipher.suites = null
	ssl.enabled.protocols = [TLSv1.2, TLSv1.3]
	ssl.endpoint.identification.algorithm = https
	ssl.engine.factory.class = null
	ssl.key.password = null
	ssl.keymanager.algorithm = SunX509
	ssl.keystore.certificate.chain = null
	ssl.keystore.key = null
	ssl.keystore.location = null
	ssl.keystore.password = null
	ssl.keystore.type = JKS
	ssl.protocol = TLSv1.3
	ssl.provider = null
	ssl.secure.random.implementation = null
	ssl.trustmanager.algorithm = PKIX
	ssl.truststore.certificates = null
	ssl.truststore.location = null
	ssl.truststore.password = null
	ssl.truststore.type = JKS
	transaction.timeout.ms = 60000
	transactional.id = null
	value.serializer = class io.apicurio.registry.serde.avro.AvroKafkaSerializer

2025-08-12 17:19:04,465 INFO  [org.apa.kaf.com.tel.int.KafkaMetricsCollector] (main) initializing Kafka metrics collector
2025-08-12 17:19:04,469 INFO  [org.apa.kaf.cli.pro.KafkaProducer] (main) [Producer clientId=Producer-topic-d836a046_8384_49db_9e77_618cadc8e7c4] Instantiated an idempotent producer.
2025-08-12 17:19:04,476 INFO  [org.apa.kaf.cli.pro.ProducerConfig] (main) These configurations '[apicurio.registry.find-latest, apicurio.registry.artifact.group-id, apicurio.registry.url, apicurio.registry.artifact-resolver-strategy]' were supplied but are not used yet.
2025-08-12 17:19:04,476 INFO  [org.apa.kaf.com.uti.AppInfoParser] (main) Kafka version: 3.9.1
2025-08-12 17:19:04,476 INFO  [org.apa.kaf.com.uti.AppInfoParser] (main) Kafka commitId: f745dfdcee2b9851
2025-08-12 17:19:04,476 INFO  [org.apa.kaf.com.uti.AppInfoParser] (main) Kafka startTimeMs: 1755019144476
2025-08-12 17:19:04,477 INFO  [io.api.tes.ser.api.SimpleSerdesTesterBuilder$SimpleSerdesTester] (main) Using producer configuration: {apicurio.registry.find-latest=true, apicurio.registry.artifact.group-id=topic-d836a046_8384_49db_9e77_618cadc8e7c4, apicurio.registry.url=http://registry-app-pg17.apps.ci419.apicurio-testing.org:80/apis/registry/v3, apicurio.registry.artifact-resolver-strategy=io.apicurio.registry.serde.strategy.SimpleTopicIdStrategy, value.serializer=io.apicurio.registry.serde.avro.AvroKafkaSerializer, request.timeout.ms=5000, acks=all, bootstrap.servers=PLAINTEXT://localhost:32769, connections.max.idle.ms=10000, key.serializer=org.apache.kafka.common.serialization.StringSerializer, client.id=Producer-topic-d836a046_8384_49db_9e77_618cadc8e7c4}
2025-08-12 17:19:04,477 INFO  [io.api.tes.ser.api.SimpleSerdesTesterBuilder$SimpleSerdesTester] (main) Using consumer configuration: {}
2025-08-12 17:19:04,486 INFO  [io.api.tes.ser.api.KafkaSerdesTester] (Thread-606) Sending message {"key11755019143392": "value-0"} to topic topic-d836a046_8384_49db_9e77_618cadc8e7c4
2025-08-12 17:19:04,487 INFO  [org.apa.kaf.cli.Metadata] (kafka-producer-network-thread | Producer-topic-d836a046_8384_49db_9e77_618cadc8e7c4) [Producer clientId=Producer-topic-d836a046_8384_49db_9e77_618cadc8e7c4] Cluster ID: 4rT39ZSJSJuTKBGDmwdYMA
2025-08-12 17:19:04,492 INFO  [org.apa.kaf.cli.pro.int.TransactionManager] (kafka-producer-network-thread | Producer-topic-d836a046_8384_49db_9e77_618cadc8e7c4) [Producer clientId=Producer-topic-d836a046_8384_49db_9e77_618cadc8e7c4] ProducerId set to 1 with epoch 0
2025-08-12 17:19:04,579 INFO  [io.api.tes.ser.api.KafkaSerdesTester] (Thread-606) Sending message {"key11755019143392": "value-1"} to topic topic-d836a046_8384_49db_9e77_618cadc8e7c4
2025-08-12 17:19:04,582 INFO  [io.api.tes.ser.api.KafkaSerdesTester] (Thread-606) Sending message {"key11755019143392": "value-2"} to topic topic-d836a046_8384_49db_9e77_618cadc8e7c4
2025-08-12 17:19:04,586 INFO  [io.api.tes.ser.api.KafkaSerdesTester] (Thread-606) Sending message {"key11755019143392": "value-3"} to topic topic-d836a046_8384_49db_9e77_618cadc8e7c4
2025-08-12 17:19:04,590 INFO  [io.api.tes.ser.api.KafkaSerdesTester] (Thread-606) Sending message {"key11755019143392": "value-4"} to topic topic-d836a046_8384_49db_9e77_618cadc8e7c4
2025-08-12 17:19:04,594 INFO  [io.api.tes.ser.api.KafkaSerdesTester] (Thread-606) Sending message {"key11755019143392": "value-5"} to topic topic-d836a046_8384_49db_9e77_618cadc8e7c4
2025-08-12 17:19:04,599 INFO  [io.api.tes.ser.api.KafkaSerdesTester] (Thread-606) Sending message {"key11755019143392": "value-6"} to topic topic-d836a046_8384_49db_9e77_618cadc8e7c4
2025-08-12 17:19:04,602 INFO  [io.api.tes.ser.api.KafkaSerdesTester] (Thread-606) Sending message {"key11755019143392": "value-7"} to topic topic-d836a046_8384_49db_9e77_618cadc8e7c4
2025-08-12 17:19:04,610 INFO  [io.api.tes.ser.api.KafkaSerdesTester] (Thread-606) Sending message {"key11755019143392": "value-8"} to topic topic-d836a046_8384_49db_9e77_618cadc8e7c4
2025-08-12 17:19:04,613 INFO  [io.api.tes.ser.api.KafkaSerdesTester] (Thread-606) Sending message {"key11755019143392": "value-9"} to topic topic-d836a046_8384_49db_9e77_618cadc8e7c4
2025-08-12 17:19:04,616 INFO  [io.api.tes.ser.api.KafkaSerdesTester] (Thread-606) Produced 10 messages
2025-08-12 17:19:04,616 INFO  [org.apa.kaf.cli.pro.KafkaProducer] (Thread-606) [Producer clientId=Producer-topic-d836a046_8384_49db_9e77_618cadc8e7c4] Closing the Kafka producer with timeoutMillis = 9223372036854775807 ms.
2025-08-12 17:19:04,624 INFO  [org.apa.kaf.com.met.Metrics] (Thread-606) Metrics scheduler closed
2025-08-12 17:19:04,624 INFO  [org.apa.kaf.com.met.Metrics] (Thread-606) Closing reporter org.apache.kafka.common.metrics.JmxReporter
2025-08-12 17:19:04,624 INFO  [org.apa.kaf.com.met.Metrics] (Thread-606) Closing reporter org.apache.kafka.common.telemetry.internals.ClientTelemetryReporter
2025-08-12 17:19:04,624 INFO  [org.apa.kaf.com.met.Metrics] (Thread-606) Metrics reporters closed
2025-08-12 17:19:04,626 INFO  [org.apa.kaf.com.uti.AppInfoParser] (Thread-606) App info kafka.producer for Producer-topic-d836a046_8384_49db_9e77_618cadc8e7c4 unregistered
**** Registry Base URL: http://registry-app-pg17.apps.ci419.apicurio-testing.org:80
2025-08-12 17:19:04,627 INFO  [org.apa.kaf.cli.con.ConsumerConfig] (main) ConsumerConfig values: 
	allow.auto.create.topics = true
	auto.commit.interval.ms = 500
	auto.include.jmx.reporter = true
	auto.offset.reset = earliest
	bootstrap.servers = [PLAINTEXT://localhost:32769]
	check.crcs = true
	client.dns.lookup = use_all_dns_ips
	client.id = consumer-Consumer-topic-d836a046_8384_49db_9e77_618cadc8e7c4-2
	client.rack = 
	connections.max.idle.ms = 10000
	default.api.timeout.ms = 60000
	enable.auto.commit = true
	enable.metrics.push = true
	exclude.internal.topics = true
	fetch.max.bytes = 52428800
	fetch.max.wait.ms = 500
	fetch.min.bytes = 1
	group.id = Consumer-topic-d836a046_8384_49db_9e77_618cadc8e7c4
	group.instance.id = null
	group.protocol = classic
	group.remote.assignor = null
	heartbeat.interval.ms = 3000
	interceptor.classes = []
	internal.leave.group.on.close = true
	internal.throw.on.fetch.stable.offset.unsupported = false
	isolation.level = read_uncommitted
	key.deserializer = class org.apache.kafka.common.serialization.StringDeserializer
	max.partition.fetch.bytes = 1048576
	max.poll.interval.ms = 300000
	max.poll.records = 500
	metadata.max.age.ms = 300000
	metadata.recovery.strategy = none
	metric.reporters = []
	metrics.num.samples = 2
	metrics.recording.level = INFO
	metrics.sample.window.ms = 30000
	partition.assignment.strategy = [class org.apache.kafka.clients.consumer.RangeAssignor, class org.apache.kafka.clients.consumer.CooperativeStickyAssignor]
	receive.buffer.bytes = 65536
	reconnect.backoff.max.ms = 1000
	reconnect.backoff.ms = 50
	request.timeout.ms = 5000
	retry.backoff.max.ms = 1000
	retry.backoff.ms = 100
	sasl.client.callback.handler.class = null
	sasl.jaas.config = null
	sasl.kerberos.kinit.cmd = /usr/bin/kinit
	sasl.kerberos.min.time.before.relogin = 60000
	sasl.kerberos.service.name = null
	sasl.kerberos.ticket.renew.jitter = 0.05
	sasl.kerberos.ticket.renew.window.factor = 0.8
	sasl.login.callback.handler.class = null
	sasl.login.class = null
	sasl.login.connect.timeout.ms = null
	sasl.login.read.timeout.ms = null
	sasl.login.refresh.buffer.seconds = 300
	sasl.login.refresh.min.period.seconds = 60
	sasl.login.refresh.window.factor = 0.8
	sasl.login.refresh.window.jitter = 0.05
	sasl.login.retry.backoff.max.ms = 10000
	sasl.login.retry.backoff.ms = 100
	sasl.mechanism = GSSAPI
	sasl.oauthbearer.clock.skew.seconds = 30
	sasl.oauthbearer.expected.audience = null
	sasl.oauthbearer.expected.issuer = null
	sasl.oauthbearer.header.urlencode = false
	sasl.oauthbearer.jwks.endpoint.refresh.ms = 3600000
	sasl.oauthbearer.jwks.endpoint.retry.backoff.max.ms = 10000
	sasl.oauthbearer.jwks.endpoint.retry.backoff.ms = 100
	sasl.oauthbearer.jwks.endpoint.url = null
	sasl.oauthbearer.scope.claim.name = scope
	sasl.oauthbearer.sub.claim.name = sub
	sasl.oauthbearer.token.endpoint.url = null
	security.protocol = PLAINTEXT
	security.providers = null
	send.buffer.bytes = 131072
	session.timeout.ms = 45000
	socket.connection.setup.timeout.max.ms = 30000
	socket.connection.setup.timeout.ms = 10000
	ssl.cipher.suites = null
	ssl.enabled.protocols = [TLSv1.2, TLSv1.3]
	ssl.endpoint.identification.algorithm = https
	ssl.engine.factory.class = null
	ssl.key.password = null
	ssl.keymanager.algorithm = SunX509
	ssl.keystore.certificate.chain = null
	ssl.keystore.key = null
	ssl.keystore.location = null
	ssl.keystore.password = null
	ssl.keystore.type = JKS
	ssl.protocol = TLSv1.3
	ssl.provider = null
	ssl.secure.random.implementation = null
	ssl.trustmanager.algorithm = PKIX
	ssl.truststore.certificates = null
	ssl.truststore.location = null
	ssl.truststore.password = null
	ssl.truststore.type = JKS
	value.deserializer = class io.apicurio.registry.serde.avro.AvroKafkaDeserializer

2025-08-12 17:19:04,627 INFO  [org.apa.kaf.com.tel.int.KafkaMetricsCollector] (main) initializing Kafka metrics collector
2025-08-12 17:19:04,655 INFO  [org.apa.kaf.cli.con.ConsumerConfig] (main) These configurations '[apicurio.registry.url]' were supplied but are not used yet.
2025-08-12 17:19:04,655 INFO  [org.apa.kaf.com.uti.AppInfoParser] (main) Kafka version: 3.9.1
2025-08-12 17:19:04,655 INFO  [org.apa.kaf.com.uti.AppInfoParser] (main) Kafka commitId: f745dfdcee2b9851
2025-08-12 17:19:04,655 INFO  [org.apa.kaf.com.uti.AppInfoParser] (main) Kafka startTimeMs: 1755019144655
2025-08-12 17:19:04,657 INFO  [org.apa.kaf.cli.con.int.ClassicKafkaConsumer] (Thread-609) [Consumer clientId=consumer-Consumer-topic-d836a046_8384_49db_9e77_618cadc8e7c4-2, groupId=Consumer-topic-d836a046_8384_49db_9e77_618cadc8e7c4] Subscribed to topic(s): topic-d836a046_8384_49db_9e77_618cadc8e7c4
2025-08-12 17:19:04,668 INFO  [org.apa.kaf.cli.Metadata] (Thread-609) [Consumer clientId=consumer-Consumer-topic-d836a046_8384_49db_9e77_618cadc8e7c4-2, groupId=Consumer-topic-d836a046_8384_49db_9e77_618cadc8e7c4] Cluster ID: 4rT39ZSJSJuTKBGDmwdYMA
2025-08-12 17:19:04,669 INFO  [org.apa.kaf.cli.con.int.ConsumerCoordinator] (Thread-609) [Consumer clientId=consumer-Consumer-topic-d836a046_8384_49db_9e77_618cadc8e7c4-2, groupId=Consumer-topic-d836a046_8384_49db_9e77_618cadc8e7c4] Discovered group coordinator localhost:32769 (id: 2147483647 rack: null)
2025-08-12 17:19:04,672 INFO  [org.apa.kaf.cli.con.int.ConsumerCoordinator] (Thread-609) [Consumer clientId=consumer-Consumer-topic-d836a046_8384_49db_9e77_618cadc8e7c4-2, groupId=Consumer-topic-d836a046_8384_49db_9e77_618cadc8e7c4] (Re-)joining group
2025-08-12 17:19:04,675 INFO  [org.apa.kaf.cli.con.int.ConsumerCoordinator] (Thread-609) [Consumer clientId=consumer-Consumer-topic-d836a046_8384_49db_9e77_618cadc8e7c4-2, groupId=Consumer-topic-d836a046_8384_49db_9e77_618cadc8e7c4] Request joining group due to: need to re-join with the given member-id: consumer-Consumer-topic-d836a046_8384_49db_9e77_618cadc8e7c4-2-809bdda6-311b-4a19-a5ee-27dd83b53b01
2025-08-12 17:19:04,676 INFO  [org.apa.kaf.cli.con.int.ConsumerCoordinator] (Thread-609) [Consumer clientId=consumer-Consumer-topic-d836a046_8384_49db_9e77_618cadc8e7c4-2, groupId=Consumer-topic-d836a046_8384_49db_9e77_618cadc8e7c4] (Re-)joining group
2025-08-12 17:19:05,657 INFO  [io.api.tes.ser.api.KafkaSerdesTester] (Thread-609) None found
2025-08-12 17:19:06,658 INFO  [io.api.tes.ser.api.KafkaSerdesTester] (Thread-609) None found
2025-08-12 17:19:07,658 INFO  [io.api.tes.ser.api.KafkaSerdesTester] (Thread-609) None found
2025-08-12 17:19:07,678 INFO  [org.apa.kaf.cli.con.int.ConsumerCoordinator] (Thread-609) [Consumer clientId=consumer-Consumer-topic-d836a046_8384_49db_9e77_618cadc8e7c4-2, groupId=Consumer-topic-d836a046_8384_49db_9e77_618cadc8e7c4] Successfully joined group with generation Generation{generationId=1, memberId='consumer-Consumer-topic-d836a046_8384_49db_9e77_618cadc8e7c4-2-809bdda6-311b-4a19-a5ee-27dd83b53b01', protocol='range'}
2025-08-12 17:19:07,678 INFO  [org.apa.kaf.cli.con.int.ConsumerCoordinator] (Thread-609) [Consumer clientId=consumer-Consumer-topic-d836a046_8384_49db_9e77_618cadc8e7c4-2, groupId=Consumer-topic-d836a046_8384_49db_9e77_618cadc8e7c4] Finished assignment for group at generation 1: {consumer-Consumer-topic-d836a046_8384_49db_9e77_618cadc8e7c4-2-809bdda6-311b-4a19-a5ee-27dd83b53b01=Assignment(partitions=[topic-d836a046_8384_49db_9e77_618cadc8e7c4-0])}
2025-08-12 17:19:07,686 INFO  [org.apa.kaf.cli.con.int.ConsumerCoordinator] (Thread-609) [Consumer clientId=consumer-Consumer-topic-d836a046_8384_49db_9e77_618cadc8e7c4-2, groupId=Consumer-topic-d836a046_8384_49db_9e77_618cadc8e7c4] Successfully synced group in generation Generation{generationId=1, memberId='consumer-Consumer-topic-d836a046_8384_49db_9e77_618cadc8e7c4-2-809bdda6-311b-4a19-a5ee-27dd83b53b01', protocol='range'}
2025-08-12 17:19:07,687 INFO  [org.apa.kaf.cli.con.int.ConsumerCoordinator] (Thread-609) [Consumer clientId=consumer-Consumer-topic-d836a046_8384_49db_9e77_618cadc8e7c4-2, groupId=Consumer-topic-d836a046_8384_49db_9e77_618cadc8e7c4] Notifying assignor about the new Assignment(partitions=[topic-d836a046_8384_49db_9e77_618cadc8e7c4-0])
2025-08-12 17:19:07,687 INFO  [org.apa.kaf.cli.con.int.ConsumerRebalanceListenerInvoker] (Thread-609) [Consumer clientId=consumer-Consumer-topic-d836a046_8384_49db_9e77_618cadc8e7c4-2, groupId=Consumer-topic-d836a046_8384_49db_9e77_618cadc8e7c4] Adding newly assigned partitions: topic-d836a046_8384_49db_9e77_618cadc8e7c4-0
2025-08-12 17:19:07,689 INFO  [org.apa.kaf.cli.con.int.ConsumerCoordinator] (Thread-609) [Consumer clientId=consumer-Consumer-topic-d836a046_8384_49db_9e77_618cadc8e7c4-2, groupId=Consumer-topic-d836a046_8384_49db_9e77_618cadc8e7c4] Found no committed offset for partition topic-d836a046_8384_49db_9e77_618cadc8e7c4-0
2025-08-12 17:19:07,694 INFO  [org.apa.kaf.cli.con.int.SubscriptionState] (Thread-609) [Consumer clientId=consumer-Consumer-topic-d836a046_8384_49db_9e77_618cadc8e7c4-2, groupId=Consumer-topic-d836a046_8384_49db_9e77_618cadc8e7c4] Resetting offset for partition topic-d836a046_8384_49db_9e77_618cadc8e7c4-0 to position FetchPosition{offset=0, offsetEpoch=Optional.empty, currentLeader=LeaderAndEpoch{leader=Optional[localhost:32769 (id: 0 rack: null)], epoch=0}}.
2025-08-12 17:19:07,741 INFO  [io.api.tes.ser.api.KafkaSerdesTester] (Thread-609) topic-d836a046_8384_49db_9e77_618cadc8e7c4 0 0 {"key11755019143392": "value-0"}
2025-08-12 17:19:07,742 INFO  [io.api.tes.ser.api.KafkaSerdesTester] (Thread-609) topic-d836a046_8384_49db_9e77_618cadc8e7c4 0 1 {"key11755019143392": "value-1"}
2025-08-12 17:19:07,742 INFO  [io.api.tes.ser.api.KafkaSerdesTester] (Thread-609) topic-d836a046_8384_49db_9e77_618cadc8e7c4 0 2 {"key11755019143392": "value-2"}
2025-08-12 17:19:07,742 INFO  [io.api.tes.ser.api.KafkaSerdesTester] (Thread-609) topic-d836a046_8384_49db_9e77_618cadc8e7c4 0 3 {"key11755019143392": "value-3"}
2025-08-12 17:19:07,742 INFO  [io.api.tes.ser.api.KafkaSerdesTester] (Thread-609) topic-d836a046_8384_49db_9e77_618cadc8e7c4 0 4 {"key11755019143392": "value-4"}
2025-08-12 17:19:07,742 INFO  [io.api.tes.ser.api.KafkaSerdesTester] (Thread-609) topic-d836a046_8384_49db_9e77_618cadc8e7c4 0 5 {"key11755019143392": "value-5"}
2025-08-12 17:19:07,742 INFO  [io.api.tes.ser.api.KafkaSerdesTester] (Thread-609) topic-d836a046_8384_49db_9e77_618cadc8e7c4 0 6 {"key11755019143392": "value-6"}
2025-08-12 17:19:07,742 INFO  [io.api.tes.ser.api.KafkaSerdesTester] (Thread-609) topic-d836a046_8384_49db_9e77_618cadc8e7c4 0 7 {"key11755019143392": "value-7"}
2025-08-12 17:19:07,742 INFO  [io.api.tes.ser.api.KafkaSerdesTester] (Thread-609) topic-d836a046_8384_49db_9e77_618cadc8e7c4 0 8 {"key11755019143392": "value-8"}
2025-08-12 17:19:07,742 INFO  [io.api.tes.ser.api.KafkaSerdesTester] (Thread-609) topic-d836a046_8384_49db_9e77_618cadc8e7c4 0 9 {"key11755019143392": "value-9"}
2025-08-12 17:19:07,742 INFO  [io.api.tes.ser.api.KafkaSerdesTester] (Thread-609) Consumed 10 messages
2025-08-12 17:19:07,753 INFO  [org.apa.kaf.cli.con.int.ConsumerRebalanceListenerInvoker] (Thread-609) [Consumer clientId=consumer-Consumer-topic-d836a046_8384_49db_9e77_618cadc8e7c4-2, groupId=Consumer-topic-d836a046_8384_49db_9e77_618cadc8e7c4] Revoke previously assigned partitions topic-d836a046_8384_49db_9e77_618cadc8e7c4-0
2025-08-12 17:19:07,753 INFO  [org.apa.kaf.cli.con.int.ConsumerCoordinator] (Thread-609) [Consumer clientId=consumer-Consumer-topic-d836a046_8384_49db_9e77_618cadc8e7c4-2, groupId=Consumer-topic-d836a046_8384_49db_9e77_618cadc8e7c4] Member consumer-Consumer-topic-d836a046_8384_49db_9e77_618cadc8e7c4-2-809bdda6-311b-4a19-a5ee-27dd83b53b01 sending LeaveGroup request to coordinator localhost:32769 (id: 2147483647 rack: null) due to the consumer is being closed
2025-08-12 17:19:07,753 INFO  [org.apa.kaf.cli.con.int.ConsumerCoordinator] (Thread-609) [Consumer clientId=consumer-Consumer-topic-d836a046_8384_49db_9e77_618cadc8e7c4-2, groupId=Consumer-topic-d836a046_8384_49db_9e77_618cadc8e7c4] Resetting generation and member id due to: consumer pro-actively leaving the group
2025-08-12 17:19:07,754 INFO  [org.apa.kaf.cli.con.int.ConsumerCoordinator] (Thread-609) [Consumer clientId=consumer-Consumer-topic-d836a046_8384_49db_9e77_618cadc8e7c4-2, groupId=Consumer-topic-d836a046_8384_49db_9e77_618cadc8e7c4] Request joining group due to: consumer pro-actively leaving the group
2025-08-12 17:19:08,246 INFO  [org.apa.kaf.com.met.Metrics] (Thread-609) Metrics scheduler closed
2025-08-12 17:19:08,246 INFO  [org.apa.kaf.com.met.Metrics] (Thread-609) Closing reporter org.apache.kafka.common.metrics.JmxReporter
2025-08-12 17:19:08,246 INFO  [org.apa.kaf.com.met.Metrics] (Thread-609) Closing reporter org.apache.kafka.common.telemetry.internals.ClientTelemetryReporter
2025-08-12 17:19:08,246 INFO  [org.apa.kaf.com.met.Metrics] (Thread-609) Metrics reporters closed
2025-08-12 17:19:08,251 INFO  [org.apa.kaf.com.uti.AppInfoParser] (Thread-609) App info kafka.consumer for consumer-Consumer-topic-d836a046_8384_49db_9e77_618cadc8e7c4-2 unregistered
2025-08-12 17:19:08,252 INFO  [io.api.tes.uti.TestSeparator] (main) io.apicurio.tests.serdes.apicurio.AvroSerdeIT.testSimpleTopicIdStrategyFindLatest-FINISHED
2025-08-12 17:19:08,252 INFO  [io.api.tes.uti.TestSeparator] (main) ############################################################################
Test passed: testSimpleTopicIdStrategyFindLatest
]]></system-out>
  </testcase>
  <testcase name="testWrongSchema" classname="io.apicurio.tests.serdes.apicurio.AvroSerdeIT" time="1.168">
    <system-out><![CDATA[2025-08-12 17:19:08,255 INFO  [io.api.tes.uti.TestSeparator] (main) ############################################################################
2025-08-12 17:19:08,255 INFO  [io.api.tes.uti.TestSeparator] (main) io.apicurio.tests.serdes.apicurio.AvroSerdeIT.testWrongSchema-STARTED
**** Registry Base URL: http://registry-app-pg17.apps.ci419.apicurio-testing.org:80
2025-08-12 17:19:09,322 INFO  [org.apa.kaf.cli.pro.ProducerConfig] (main) ProducerConfig values: 
	acks = -1
	auto.include.jmx.reporter = true
	batch.size = 16384
	bootstrap.servers = [PLAINTEXT://localhost:32769]
	buffer.memory = 33554432
	client.dns.lookup = use_all_dns_ips
	client.id = Producer-s0649c381xd61ax4232x8234x40a732a06675
	compression.gzip.level = -1
	compression.lz4.level = 9
	compression.type = none
	compression.zstd.level = 3
	connections.max.idle.ms = 10000
	delivery.timeout.ms = 120000
	enable.idempotence = true
	enable.metrics.push = true
	interceptor.classes = []
	key.serializer = class org.apache.kafka.common.serialization.StringSerializer
	linger.ms = 0
	max.block.ms = 60000
	max.in.flight.requests.per.connection = 5
	max.request.size = 1048576
	metadata.max.age.ms = 300000
	metadata.max.idle.ms = 300000
	metadata.recovery.strategy = none
	metric.reporters = []
	metrics.num.samples = 2
	metrics.recording.level = INFO
	metrics.sample.window.ms = 30000
	partitioner.adaptive.partitioning.enable = true
	partitioner.availability.timeout.ms = 0
	partitioner.class = null
	partitioner.ignore.keys = false
	receive.buffer.bytes = 32768
	reconnect.backoff.max.ms = 1000
	reconnect.backoff.ms = 50
	request.timeout.ms = 5000
	retries = 2147483647
	retry.backoff.max.ms = 1000
	retry.backoff.ms = 100
	sasl.client.callback.handler.class = null
	sasl.jaas.config = null
	sasl.kerberos.kinit.cmd = /usr/bin/kinit
	sasl.kerberos.min.time.before.relogin = 60000
	sasl.kerberos.service.name = null
	sasl.kerberos.ticket.renew.jitter = 0.05
	sasl.kerberos.ticket.renew.window.factor = 0.8
	sasl.login.callback.handler.class = null
	sasl.login.class = null
	sasl.login.connect.timeout.ms = null
	sasl.login.read.timeout.ms = null
	sasl.login.refresh.buffer.seconds = 300
	sasl.login.refresh.min.period.seconds = 60
	sasl.login.refresh.window.factor = 0.8
	sasl.login.refresh.window.jitter = 0.05
	sasl.login.retry.backoff.max.ms = 10000
	sasl.login.retry.backoff.ms = 100
	sasl.mechanism = GSSAPI
	sasl.oauthbearer.clock.skew.seconds = 30
	sasl.oauthbearer.expected.audience = null
	sasl.oauthbearer.expected.issuer = null
	sasl.oauthbearer.header.urlencode = false
	sasl.oauthbearer.jwks.endpoint.refresh.ms = 3600000
	sasl.oauthbearer.jwks.endpoint.retry.backoff.max.ms = 10000
	sasl.oauthbearer.jwks.endpoint.retry.backoff.ms = 100
	sasl.oauthbearer.jwks.endpoint.url = null
	sasl.oauthbearer.scope.claim.name = scope
	sasl.oauthbearer.sub.claim.name = sub
	sasl.oauthbearer.token.endpoint.url = null
	security.protocol = PLAINTEXT
	security.providers = null
	send.buffer.bytes = 131072
	socket.connection.setup.timeout.max.ms = 30000
	socket.connection.setup.timeout.ms = 10000
	ssl.cipher.suites = null
	ssl.enabled.protocols = [TLSv1.2, TLSv1.3]
	ssl.endpoint.identification.algorithm = https
	ssl.engine.factory.class = null
	ssl.key.password = null
	ssl.keymanager.algorithm = SunX509
	ssl.keystore.certificate.chain = null
	ssl.keystore.key = null
	ssl.keystore.location = null
	ssl.keystore.password = null
	ssl.keystore.type = JKS
	ssl.protocol = TLSv1.3
	ssl.provider = null
	ssl.secure.random.implementation = null
	ssl.trustmanager.algorithm = PKIX
	ssl.truststore.certificates = null
	ssl.truststore.location = null
	ssl.truststore.password = null
	ssl.truststore.type = JKS
	transaction.timeout.ms = 60000
	transactional.id = null
	value.serializer = class io.apicurio.registry.serde.avro.AvroKafkaSerializer

2025-08-12 17:19:09,323 INFO  [org.apa.kaf.com.tel.int.KafkaMetricsCollector] (main) initializing Kafka metrics collector
2025-08-12 17:19:09,327 INFO  [org.apa.kaf.cli.pro.KafkaProducer] (main) [Producer clientId=Producer-s0649c381xd61ax4232x8234x40a732a06675] Instantiated an idempotent producer.
2025-08-12 17:19:09,330 INFO  [org.apa.kaf.cli.pro.ProducerConfig] (main) These configurations '[apicurio.registry.find-latest, apicurio.registry.url, apicurio.registry.artifact-resolver-strategy]' were supplied but are not used yet.
2025-08-12 17:19:09,330 INFO  [org.apa.kaf.com.uti.AppInfoParser] (main) Kafka version: 3.9.1
2025-08-12 17:19:09,330 INFO  [org.apa.kaf.com.uti.AppInfoParser] (main) Kafka commitId: f745dfdcee2b9851
2025-08-12 17:19:09,330 INFO  [org.apa.kaf.com.uti.AppInfoParser] (main) Kafka startTimeMs: 1755019149330
2025-08-12 17:19:09,337 INFO  [io.api.tes.ser.api.KafkaSerdesTester] (Thread-612) Sending message {"keyB": "value-0"} to topic s0649c381xd61ax4232x8234x40a732a06675
2025-08-12 17:19:09,337 INFO  [org.apa.kaf.cli.Metadata] (kafka-producer-network-thread | Producer-s0649c381xd61ax4232x8234x40a732a06675) [Producer clientId=Producer-s0649c381xd61ax4232x8234x40a732a06675] Cluster ID: 4rT39ZSJSJuTKBGDmwdYMA
2025-08-12 17:19:09,339 INFO  [org.apa.kaf.cli.pro.int.TransactionManager] (kafka-producer-network-thread | Producer-s0649c381xd61ax4232x8234x40a732a06675) [Producer clientId=Producer-s0649c381xd61ax4232x8234x40a732a06675] ProducerId set to 2 with epoch 0
2025-08-12 17:19:09,410 INFO  [org.apa.kaf.cli.pro.KafkaProducer] (Thread-612) [Producer clientId=Producer-s0649c381xd61ax4232x8234x40a732a06675] Closing the Kafka producer with timeoutMillis = 9223372036854775807 ms.
2025-08-12 17:19:09,416 INFO  [org.apa.kaf.com.met.Metrics] (Thread-612) Metrics scheduler closed
2025-08-12 17:19:09,416 INFO  [org.apa.kaf.com.met.Metrics] (Thread-612) Closing reporter org.apache.kafka.common.metrics.JmxReporter
2025-08-12 17:19:09,416 INFO  [org.apa.kaf.com.met.Metrics] (Thread-612) Closing reporter org.apache.kafka.common.telemetry.internals.ClientTelemetryReporter
2025-08-12 17:19:09,416 INFO  [org.apa.kaf.com.met.Metrics] (Thread-612) Metrics reporters closed
2025-08-12 17:19:09,416 INFO  [org.apa.kaf.com.uti.AppInfoParser] (Thread-612) App info kafka.producer for Producer-s0649c381xd61ax4232x8234x40a732a06675 unregistered
2025-08-12 17:19:09,417 INFO  [io.api.tes.uti.TestSeparator] (main) io.apicurio.tests.serdes.apicurio.AvroSerdeIT.testWrongSchema-FINISHED
2025-08-12 17:19:09,419 INFO  [io.api.tes.uti.TestSeparator] (main) ############################################################################
Test passed: testWrongSchema
]]></system-out>
    <system-err><![CDATA[io.apicurio.registry.rest.client.models.ProblemDetails
	at io.apicurio.registry.rest.client.models.ProblemDetails.createFromDiscriminatorValue(ProblemDetails.java:58)
	at io.kiota.serialization.json.JsonParseNode.getObjectValue(JsonParseNode.java:247)
	at io.kiota.http.vertx.VertXRequestAdapter.lambda$throwIfFailedResponse$0(VertXRequestAdapter.java:400)
	at com.microsoft.kiota.ApiExceptionBuilder.<init>(ApiExceptionBuilder.java:26)
	at io.kiota.http.vertx.VertXRequestAdapter.throwIfFailedResponse(VertXRequestAdapter.java:399)
	at io.kiota.http.vertx.VertXRequestAdapter.send(VertXRequestAdapter.java:170)
	at io.apicurio.registry.rest.client.groups.item.artifacts.item.versions.item.WithVersionExpressionItemRequestBuilder.get(WithVersionExpressionItemRequestBuilder.java:128)
	at io.apicurio.registry.rest.client.groups.item.artifacts.item.versions.item.WithVersionExpressionItemRequestBuilder.get(WithVersionExpressionItemRequestBuilder.java:111)
	at io.apicurio.registry.resolver.client.RegistryClientFacadeImpl.getVersionCoordinatesByGAV(RegistryClientFacadeImpl.java:159)
	at io.apicurio.registry.resolver.DefaultSchemaResolver.resolveByCoordinates(DefaultSchemaResolver.java:352)
	at io.apicurio.registry.resolver.DefaultSchemaResolver.lambda$resolveSchemaByArtifactReferenceCached$6(DefaultSchemaResolver.java:340)
	at io.apicurio.registry.resolver.cache.ERCache.lambda$getValue$0(ERCache.java:174)
	at io.apicurio.registry.resolver.cache.ERCache.retry(ERCache.java:227)
	at io.apicurio.registry.resolver.cache.ERCache.getValue(ERCache.java:173)
	at io.apicurio.registry.resolver.cache.ERCache.getByArtifactCoordinates(ERCache.java:158)
	at io.apicurio.registry.resolver.DefaultSchemaResolver.resolveSchemaByArtifactReferenceCached(DefaultSchemaResolver.java:338)
	at io.apicurio.registry.resolver.DefaultSchemaResolver.resolveSchemaByCoordinates(DefaultSchemaResolver.java:193)
	at io.apicurio.registry.resolver.DefaultSchemaResolver.getSchemaFromRegistry(DefaultSchemaResolver.java:130)
	at io.apicurio.registry.resolver.DefaultSchemaResolver.lambda$resolveSchema$0(DefaultSchemaResolver.java:84)
	at java.base/java.util.Optional.orElseGet(Optional.java:364)
	at io.apicurio.registry.resolver.DefaultSchemaResolver.resolveSchema(DefaultSchemaResolver.java:84)
	at io.apicurio.registry.serde.AbstractSerializer.serializeData(AbstractSerializer.java:62)
	at io.apicurio.registry.serde.KafkaSerializer.serialize(KafkaSerializer.java:77)
	at org.apache.kafka.clients.producer.KafkaProducer.doSend(KafkaProducer.java:1046)
	at org.apache.kafka.clients.producer.KafkaProducer.send(KafkaProducer.java:993)
	at org.apache.kafka.clients.producer.KafkaProducer.send(KafkaProducer.java:875)
	at io.apicurio.tests.serdes.apicurio.KafkaSerdesTester.lambda$produceMessages$3(KafkaSerdesTester.java:138)
	at java.base/java.util.concurrent.CompletableFuture$AsyncSupply.run(CompletableFuture.java:1768)
	at java.base/java.lang.Thread.run(Thread.java:840)
]]></system-err>
  </testcase>
  <testcase name="testAvroJSON" classname="io.apicurio.tests.serdes.apicurio.AvroSerdeIT" time="3.83">
    <system-out><![CDATA[2025-08-12 17:19:09,421 INFO  [io.api.tes.uti.TestSeparator] (main) ############################################################################
2025-08-12 17:19:09,421 INFO  [io.api.tes.uti.TestSeparator] (main) io.apicurio.tests.serdes.apicurio.AvroSerdeIT.testAvroJSON-STARTED
**** Registry Base URL: http://registry-app-pg17.apps.ci419.apicurio-testing.org:80
2025-08-12 17:19:09,428 INFO  [org.apa.kaf.cli.pro.ProducerConfig] (main) ProducerConfig values: 
	acks = -1
	auto.include.jmx.reporter = true
	batch.size = 16384
	bootstrap.servers = [PLAINTEXT://localhost:32769]
	buffer.memory = 33554432
	client.dns.lookup = use_all_dns_ips
	client.id = Producer-topic-99907357_be09_44df_bba7_89256a1ac02a
	compression.gzip.level = -1
	compression.lz4.level = 9
	compression.type = none
	compression.zstd.level = 3
	connections.max.idle.ms = 10000
	delivery.timeout.ms = 120000
	enable.idempotence = true
	enable.metrics.push = true
	interceptor.classes = []
	key.serializer = class org.apache.kafka.common.serialization.StringSerializer
	linger.ms = 0
	max.block.ms = 60000
	max.in.flight.requests.per.connection = 5
	max.request.size = 1048576
	metadata.max.age.ms = 300000
	metadata.max.idle.ms = 300000
	metadata.recovery.strategy = none
	metric.reporters = []
	metrics.num.samples = 2
	metrics.recording.level = INFO
	metrics.sample.window.ms = 30000
	partitioner.adaptive.partitioning.enable = true
	partitioner.availability.timeout.ms = 0
	partitioner.class = null
	partitioner.ignore.keys = false
	receive.buffer.bytes = 32768
	reconnect.backoff.max.ms = 1000
	reconnect.backoff.ms = 50
	request.timeout.ms = 5000
	retries = 2147483647
	retry.backoff.max.ms = 1000
	retry.backoff.ms = 100
	sasl.client.callback.handler.class = null
	sasl.jaas.config = null
	sasl.kerberos.kinit.cmd = /usr/bin/kinit
	sasl.kerberos.min.time.before.relogin = 60000
	sasl.kerberos.service.name = null
	sasl.kerberos.ticket.renew.jitter = 0.05
	sasl.kerberos.ticket.renew.window.factor = 0.8
	sasl.login.callback.handler.class = null
	sasl.login.class = null
	sasl.login.connect.timeout.ms = null
	sasl.login.read.timeout.ms = null
	sasl.login.refresh.buffer.seconds = 300
	sasl.login.refresh.min.period.seconds = 60
	sasl.login.refresh.window.factor = 0.8
	sasl.login.refresh.window.jitter = 0.05
	sasl.login.retry.backoff.max.ms = 10000
	sasl.login.retry.backoff.ms = 100
	sasl.mechanism = GSSAPI
	sasl.oauthbearer.clock.skew.seconds = 30
	sasl.oauthbearer.expected.audience = null
	sasl.oauthbearer.expected.issuer = null
	sasl.oauthbearer.header.urlencode = false
	sasl.oauthbearer.jwks.endpoint.refresh.ms = 3600000
	sasl.oauthbearer.jwks.endpoint.retry.backoff.max.ms = 10000
	sasl.oauthbearer.jwks.endpoint.retry.backoff.ms = 100
	sasl.oauthbearer.jwks.endpoint.url = null
	sasl.oauthbearer.scope.claim.name = scope
	sasl.oauthbearer.sub.claim.name = sub
	sasl.oauthbearer.token.endpoint.url = null
	security.protocol = PLAINTEXT
	security.providers = null
	send.buffer.bytes = 131072
	socket.connection.setup.timeout.max.ms = 30000
	socket.connection.setup.timeout.ms = 10000
	ssl.cipher.suites = null
	ssl.enabled.protocols = [TLSv1.2, TLSv1.3]
	ssl.endpoint.identification.algorithm = https
	ssl.engine.factory.class = null
	ssl.key.password = null
	ssl.keymanager.algorithm = SunX509
	ssl.keystore.certificate.chain = null
	ssl.keystore.key = null
	ssl.keystore.location = null
	ssl.keystore.password = null
	ssl.keystore.type = JKS
	ssl.protocol = TLSv1.3
	ssl.provider = null
	ssl.secure.random.implementation = null
	ssl.trustmanager.algorithm = PKIX
	ssl.truststore.certificates = null
	ssl.truststore.location = null
	ssl.truststore.password = null
	ssl.truststore.type = JKS
	transaction.timeout.ms = 60000
	transactional.id = null
	value.serializer = class io.apicurio.registry.serde.avro.AvroKafkaSerializer

2025-08-12 17:19:09,428 INFO  [org.apa.kaf.com.tel.int.KafkaMetricsCollector] (main) initializing Kafka metrics collector
2025-08-12 17:19:09,439 INFO  [org.apa.kaf.cli.pro.KafkaProducer] (main) [Producer clientId=Producer-topic-99907357_be09_44df_bba7_89256a1ac02a] Instantiated an idempotent producer.
2025-08-12 17:19:09,494 INFO  [org.apa.kaf.cli.pro.ProducerConfig] (main) These configurations '[apicurio.registry.avro.encoding, apicurio.registry.url, apicurio.registry.auto-register, apicurio.registry.artifact-resolver-strategy]' were supplied but are not used yet.
2025-08-12 17:19:09,494 INFO  [org.apa.kaf.com.uti.AppInfoParser] (main) Kafka version: 3.9.1
2025-08-12 17:19:09,494 INFO  [org.apa.kaf.com.uti.AppInfoParser] (main) Kafka commitId: f745dfdcee2b9851
2025-08-12 17:19:09,494 INFO  [org.apa.kaf.com.uti.AppInfoParser] (main) Kafka startTimeMs: 1755019149494
2025-08-12 17:19:09,494 INFO  [io.api.tes.ser.api.SimpleSerdesTesterBuilder$SimpleSerdesTester] (main) Using producer configuration: {apicurio.registry.avro.encoding=JSON, apicurio.registry.url=http://registry-app-pg17.apps.ci419.apicurio-testing.org:80/apis/registry/v3, apicurio.registry.auto-register=true, apicurio.registry.artifact-resolver-strategy=io.apicurio.registry.serde.strategy.TopicIdStrategy, value.serializer=io.apicurio.registry.serde.avro.AvroKafkaSerializer, request.timeout.ms=5000, acks=all, bootstrap.servers=PLAINTEXT://localhost:32769, connections.max.idle.ms=10000, key.serializer=org.apache.kafka.common.serialization.StringSerializer, client.id=Producer-topic-99907357_be09_44df_bba7_89256a1ac02a}
2025-08-12 17:19:09,494 INFO  [io.api.tes.ser.api.SimpleSerdesTesterBuilder$SimpleSerdesTester] (main) Using consumer configuration: {apicurio.registry.avro.encoding=JSON}
2025-08-12 17:19:09,496 INFO  [io.api.tes.ser.api.KafkaSerdesTester] (Thread-615) Sending message {"bar": "value-0"} to topic topic-99907357_be09_44df_bba7_89256a1ac02a
2025-08-12 17:19:09,502 INFO  [org.apa.kaf.cli.Metadata] (kafka-producer-network-thread | Producer-topic-99907357_be09_44df_bba7_89256a1ac02a) [Producer clientId=Producer-topic-99907357_be09_44df_bba7_89256a1ac02a] Cluster ID: 4rT39ZSJSJuTKBGDmwdYMA
2025-08-12 17:19:09,503 INFO  [org.apa.kaf.cli.pro.int.TransactionManager] (kafka-producer-network-thread | Producer-topic-99907357_be09_44df_bba7_89256a1ac02a) [Producer clientId=Producer-topic-99907357_be09_44df_bba7_89256a1ac02a] ProducerId set to 3 with epoch 0
2025-08-12 17:19:09,570 INFO  [io.api.tes.ser.api.KafkaSerdesTester] (Thread-615) Sending message {"bar": "value-1"} to topic topic-99907357_be09_44df_bba7_89256a1ac02a
2025-08-12 17:19:09,573 INFO  [io.api.tes.ser.api.KafkaSerdesTester] (Thread-615) Sending message {"bar": "value-2"} to topic topic-99907357_be09_44df_bba7_89256a1ac02a
2025-08-12 17:19:09,578 INFO  [io.api.tes.ser.api.KafkaSerdesTester] (Thread-615) Sending message {"bar": "value-3"} to topic topic-99907357_be09_44df_bba7_89256a1ac02a
2025-08-12 17:19:09,583 INFO  [io.api.tes.ser.api.KafkaSerdesTester] (Thread-615) Sending message {"bar": "value-4"} to topic topic-99907357_be09_44df_bba7_89256a1ac02a
2025-08-12 17:19:09,588 INFO  [io.api.tes.ser.api.KafkaSerdesTester] (Thread-615) Sending message {"bar": "value-5"} to topic topic-99907357_be09_44df_bba7_89256a1ac02a
2025-08-12 17:19:09,590 INFO  [io.api.tes.ser.api.KafkaSerdesTester] (Thread-615) Sending message {"bar": "value-6"} to topic topic-99907357_be09_44df_bba7_89256a1ac02a
2025-08-12 17:19:09,593 INFO  [io.api.tes.ser.api.KafkaSerdesTester] (Thread-615) Sending message {"bar": "value-7"} to topic topic-99907357_be09_44df_bba7_89256a1ac02a
2025-08-12 17:19:09,595 INFO  [io.api.tes.ser.api.KafkaSerdesTester] (Thread-615) Sending message {"bar": "value-8"} to topic topic-99907357_be09_44df_bba7_89256a1ac02a
2025-08-12 17:19:09,598 INFO  [io.api.tes.ser.api.KafkaSerdesTester] (Thread-615) Sending message {"bar": "value-9"} to topic topic-99907357_be09_44df_bba7_89256a1ac02a
2025-08-12 17:19:09,600 INFO  [io.api.tes.ser.api.KafkaSerdesTester] (Thread-615) Produced 10 messages
2025-08-12 17:19:09,600 INFO  [org.apa.kaf.cli.pro.KafkaProducer] (Thread-615) [Producer clientId=Producer-topic-99907357_be09_44df_bba7_89256a1ac02a] Closing the Kafka producer with timeoutMillis = 9223372036854775807 ms.
2025-08-12 17:19:09,608 INFO  [org.apa.kaf.com.met.Metrics] (Thread-615) Metrics scheduler closed
2025-08-12 17:19:09,608 INFO  [org.apa.kaf.com.met.Metrics] (Thread-615) Closing reporter org.apache.kafka.common.metrics.JmxReporter
2025-08-12 17:19:09,608 INFO  [org.apa.kaf.com.met.Metrics] (Thread-615) Closing reporter org.apache.kafka.common.telemetry.internals.ClientTelemetryReporter
2025-08-12 17:19:09,608 INFO  [org.apa.kaf.com.met.Metrics] (Thread-615) Metrics reporters closed
2025-08-12 17:19:09,609 INFO  [org.apa.kaf.com.uti.AppInfoParser] (Thread-615) App info kafka.producer for Producer-topic-99907357_be09_44df_bba7_89256a1ac02a unregistered
**** Registry Base URL: http://registry-app-pg17.apps.ci419.apicurio-testing.org:80
2025-08-12 17:19:09,646 INFO  [org.apa.kaf.cli.con.ConsumerConfig] (main) ConsumerConfig values: 
	allow.auto.create.topics = true
	auto.commit.interval.ms = 500
	auto.include.jmx.reporter = true
	auto.offset.reset = earliest
	bootstrap.servers = [PLAINTEXT://localhost:32769]
	check.crcs = true
	client.dns.lookup = use_all_dns_ips
	client.id = consumer-Consumer-topic-99907357_be09_44df_bba7_89256a1ac02a-3
	client.rack = 
	connections.max.idle.ms = 10000
	default.api.timeout.ms = 60000
	enable.auto.commit = true
	enable.metrics.push = true
	exclude.internal.topics = true
	fetch.max.bytes = 52428800
	fetch.max.wait.ms = 500
	fetch.min.bytes = 1
	group.id = Consumer-topic-99907357_be09_44df_bba7_89256a1ac02a
	group.instance.id = null
	group.protocol = classic
	group.remote.assignor = null
	heartbeat.interval.ms = 3000
	interceptor.classes = []
	internal.leave.group.on.close = true
	internal.throw.on.fetch.stable.offset.unsupported = false
	isolation.level = read_uncommitted
	key.deserializer = class org.apache.kafka.common.serialization.StringDeserializer
	max.partition.fetch.bytes = 1048576
	max.poll.interval.ms = 300000
	max.poll.records = 500
	metadata.max.age.ms = 300000
	metadata.recovery.strategy = none
	metric.reporters = []
	metrics.num.samples = 2
	metrics.recording.level = INFO
	metrics.sample.window.ms = 30000
	partition.assignment.strategy = [class org.apache.kafka.clients.consumer.RangeAssignor, class org.apache.kafka.clients.consumer.CooperativeStickyAssignor]
	receive.buffer.bytes = 65536
	reconnect.backoff.max.ms = 1000
	reconnect.backoff.ms = 50
	request.timeout.ms = 5000
	retry.backoff.max.ms = 1000
	retry.backoff.ms = 100
	sasl.client.callback.handler.class = null
	sasl.jaas.config = null
	sasl.kerberos.kinit.cmd = /usr/bin/kinit
	sasl.kerberos.min.time.before.relogin = 60000
	sasl.kerberos.service.name = null
	sasl.kerberos.ticket.renew.jitter = 0.05
	sasl.kerberos.ticket.renew.window.factor = 0.8
	sasl.login.callback.handler.class = null
	sasl.login.class = null
	sasl.login.connect.timeout.ms = null
	sasl.login.read.timeout.ms = null
	sasl.login.refresh.buffer.seconds = 300
	sasl.login.refresh.min.period.seconds = 60
	sasl.login.refresh.window.factor = 0.8
	sasl.login.refresh.window.jitter = 0.05
	sasl.login.retry.backoff.max.ms = 10000
	sasl.login.retry.backoff.ms = 100
	sasl.mechanism = GSSAPI
	sasl.oauthbearer.clock.skew.seconds = 30
	sasl.oauthbearer.expected.audience = null
	sasl.oauthbearer.expected.issuer = null
	sasl.oauthbearer.header.urlencode = false
	sasl.oauthbearer.jwks.endpoint.refresh.ms = 3600000
	sasl.oauthbearer.jwks.endpoint.retry.backoff.max.ms = 10000
	sasl.oauthbearer.jwks.endpoint.retry.backoff.ms = 100
	sasl.oauthbearer.jwks.endpoint.url = null
	sasl.oauthbearer.scope.claim.name = scope
	sasl.oauthbearer.sub.claim.name = sub
	sasl.oauthbearer.token.endpoint.url = null
	security.protocol = PLAINTEXT
	security.providers = null
	send.buffer.bytes = 131072
	session.timeout.ms = 45000
	socket.connection.setup.timeout.max.ms = 30000
	socket.connection.setup.timeout.ms = 10000
	ssl.cipher.suites = null
	ssl.enabled.protocols = [TLSv1.2, TLSv1.3]
	ssl.endpoint.identification.algorithm = https
	ssl.engine.factory.class = null
	ssl.key.password = null
	ssl.keymanager.algorithm = SunX509
	ssl.keystore.certificate.chain = null
	ssl.keystore.key = null
	ssl.keystore.location = null
	ssl.keystore.password = null
	ssl.keystore.type = JKS
	ssl.protocol = TLSv1.3
	ssl.provider = null
	ssl.secure.random.implementation = null
	ssl.trustmanager.algorithm = PKIX
	ssl.truststore.certificates = null
	ssl.truststore.location = null
	ssl.truststore.password = null
	ssl.truststore.type = JKS
	value.deserializer = class io.apicurio.registry.serde.avro.AvroKafkaDeserializer

2025-08-12 17:19:09,646 INFO  [org.apa.kaf.com.tel.int.KafkaMetricsCollector] (main) initializing Kafka metrics collector
2025-08-12 17:19:09,654 INFO  [org.apa.kaf.cli.con.ConsumerConfig] (main) These configurations '[apicurio.registry.avro.encoding, apicurio.registry.url]' were supplied but are not used yet.
2025-08-12 17:19:09,654 INFO  [org.apa.kaf.com.uti.AppInfoParser] (main) Kafka version: 3.9.1
2025-08-12 17:19:09,654 INFO  [org.apa.kaf.com.uti.AppInfoParser] (main) Kafka commitId: f745dfdcee2b9851
2025-08-12 17:19:09,654 INFO  [org.apa.kaf.com.uti.AppInfoParser] (main) Kafka startTimeMs: 1755019149654
2025-08-12 17:19:09,654 INFO  [org.apa.kaf.cli.con.int.ClassicKafkaConsumer] (Thread-618) [Consumer clientId=consumer-Consumer-topic-99907357_be09_44df_bba7_89256a1ac02a-3, groupId=Consumer-topic-99907357_be09_44df_bba7_89256a1ac02a] Subscribed to topic(s): topic-99907357_be09_44df_bba7_89256a1ac02a
2025-08-12 17:19:09,662 INFO  [org.apa.kaf.cli.Metadata] (Thread-618) [Consumer clientId=consumer-Consumer-topic-99907357_be09_44df_bba7_89256a1ac02a-3, groupId=Consumer-topic-99907357_be09_44df_bba7_89256a1ac02a] Cluster ID: 4rT39ZSJSJuTKBGDmwdYMA
2025-08-12 17:19:09,666 INFO  [org.apa.kaf.cli.con.int.ConsumerCoordinator] (Thread-618) [Consumer clientId=consumer-Consumer-topic-99907357_be09_44df_bba7_89256a1ac02a-3, groupId=Consumer-topic-99907357_be09_44df_bba7_89256a1ac02a] Discovered group coordinator localhost:32769 (id: 2147483647 rack: null)
2025-08-12 17:19:09,668 INFO  [org.apa.kaf.cli.con.int.ConsumerCoordinator] (Thread-618) [Consumer clientId=consumer-Consumer-topic-99907357_be09_44df_bba7_89256a1ac02a-3, groupId=Consumer-topic-99907357_be09_44df_bba7_89256a1ac02a] (Re-)joining group
2025-08-12 17:19:09,672 INFO  [org.apa.kaf.cli.con.int.ConsumerCoordinator] (Thread-618) [Consumer clientId=consumer-Consumer-topic-99907357_be09_44df_bba7_89256a1ac02a-3, groupId=Consumer-topic-99907357_be09_44df_bba7_89256a1ac02a] Request joining group due to: need to re-join with the given member-id: consumer-Consumer-topic-99907357_be09_44df_bba7_89256a1ac02a-3-8ab617af-f85c-428f-9e97-9e8d53ceee8f
2025-08-12 17:19:09,672 INFO  [org.apa.kaf.cli.con.int.ConsumerCoordinator] (Thread-618) [Consumer clientId=consumer-Consumer-topic-99907357_be09_44df_bba7_89256a1ac02a-3, groupId=Consumer-topic-99907357_be09_44df_bba7_89256a1ac02a] (Re-)joining group
2025-08-12 17:19:10,656 INFO  [io.api.tes.ser.api.KafkaSerdesTester] (Thread-618) None found
2025-08-12 17:19:11,657 INFO  [io.api.tes.ser.api.KafkaSerdesTester] (Thread-618) None found
2025-08-12 17:19:12,657 INFO  [io.api.tes.ser.api.KafkaSerdesTester] (Thread-618) None found
2025-08-12 17:19:12,675 INFO  [org.apa.kaf.cli.con.int.ConsumerCoordinator] (Thread-618) [Consumer clientId=consumer-Consumer-topic-99907357_be09_44df_bba7_89256a1ac02a-3, groupId=Consumer-topic-99907357_be09_44df_bba7_89256a1ac02a] Successfully joined group with generation Generation{generationId=1, memberId='consumer-Consumer-topic-99907357_be09_44df_bba7_89256a1ac02a-3-8ab617af-f85c-428f-9e97-9e8d53ceee8f', protocol='range'}
2025-08-12 17:19:12,676 INFO  [org.apa.kaf.cli.con.int.ConsumerCoordinator] (Thread-618) [Consumer clientId=consumer-Consumer-topic-99907357_be09_44df_bba7_89256a1ac02a-3, groupId=Consumer-topic-99907357_be09_44df_bba7_89256a1ac02a] Finished assignment for group at generation 1: {consumer-Consumer-topic-99907357_be09_44df_bba7_89256a1ac02a-3-8ab617af-f85c-428f-9e97-9e8d53ceee8f=Assignment(partitions=[topic-99907357_be09_44df_bba7_89256a1ac02a-0])}
2025-08-12 17:19:12,683 INFO  [org.apa.kaf.cli.con.int.ConsumerCoordinator] (Thread-618) [Consumer clientId=consumer-Consumer-topic-99907357_be09_44df_bba7_89256a1ac02a-3, groupId=Consumer-topic-99907357_be09_44df_bba7_89256a1ac02a] Successfully synced group in generation Generation{generationId=1, memberId='consumer-Consumer-topic-99907357_be09_44df_bba7_89256a1ac02a-3-8ab617af-f85c-428f-9e97-9e8d53ceee8f', protocol='range'}
2025-08-12 17:19:12,684 INFO  [org.apa.kaf.cli.con.int.ConsumerCoordinator] (Thread-618) [Consumer clientId=consumer-Consumer-topic-99907357_be09_44df_bba7_89256a1ac02a-3, groupId=Consumer-topic-99907357_be09_44df_bba7_89256a1ac02a] Notifying assignor about the new Assignment(partitions=[topic-99907357_be09_44df_bba7_89256a1ac02a-0])
2025-08-12 17:19:12,684 INFO  [org.apa.kaf.cli.con.int.ConsumerRebalanceListenerInvoker] (Thread-618) [Consumer clientId=consumer-Consumer-topic-99907357_be09_44df_bba7_89256a1ac02a-3, groupId=Consumer-topic-99907357_be09_44df_bba7_89256a1ac02a] Adding newly assigned partitions: topic-99907357_be09_44df_bba7_89256a1ac02a-0
2025-08-12 17:19:12,685 INFO  [org.apa.kaf.cli.con.int.ConsumerCoordinator] (Thread-618) [Consumer clientId=consumer-Consumer-topic-99907357_be09_44df_bba7_89256a1ac02a-3, groupId=Consumer-topic-99907357_be09_44df_bba7_89256a1ac02a] Found no committed offset for partition topic-99907357_be09_44df_bba7_89256a1ac02a-0
2025-08-12 17:19:12,692 INFO  [org.apa.kaf.cli.con.int.SubscriptionState] (Thread-618) [Consumer clientId=consumer-Consumer-topic-99907357_be09_44df_bba7_89256a1ac02a-3, groupId=Consumer-topic-99907357_be09_44df_bba7_89256a1ac02a] Resetting offset for partition topic-99907357_be09_44df_bba7_89256a1ac02a-0 to position FetchPosition{offset=0, offsetEpoch=Optional.empty, currentLeader=LeaderAndEpoch{leader=Optional[localhost:32769 (id: 0 rack: null)], epoch=0}}.
2025-08-12 17:19:12,743 INFO  [io.api.tes.ser.api.KafkaSerdesTester] (Thread-618) topic-99907357_be09_44df_bba7_89256a1ac02a 0 0 {"bar": "value-0"}
2025-08-12 17:19:12,743 INFO  [io.api.tes.ser.api.KafkaSerdesTester] (Thread-618) topic-99907357_be09_44df_bba7_89256a1ac02a 0 1 {"bar": "value-1"}
2025-08-12 17:19:12,744 INFO  [io.api.tes.ser.api.KafkaSerdesTester] (Thread-618) topic-99907357_be09_44df_bba7_89256a1ac02a 0 2 {"bar": "value-2"}
2025-08-12 17:19:12,744 INFO  [io.api.tes.ser.api.KafkaSerdesTester] (Thread-618) topic-99907357_be09_44df_bba7_89256a1ac02a 0 3 {"bar": "value-3"}
2025-08-12 17:19:12,744 INFO  [io.api.tes.ser.api.KafkaSerdesTester] (Thread-618) topic-99907357_be09_44df_bba7_89256a1ac02a 0 4 {"bar": "value-4"}
2025-08-12 17:19:12,744 INFO  [io.api.tes.ser.api.KafkaSerdesTester] (Thread-618) topic-99907357_be09_44df_bba7_89256a1ac02a 0 5 {"bar": "value-5"}
2025-08-12 17:19:12,744 INFO  [io.api.tes.ser.api.KafkaSerdesTester] (Thread-618) topic-99907357_be09_44df_bba7_89256a1ac02a 0 6 {"bar": "value-6"}
2025-08-12 17:19:12,744 INFO  [io.api.tes.ser.api.KafkaSerdesTester] (Thread-618) topic-99907357_be09_44df_bba7_89256a1ac02a 0 7 {"bar": "value-7"}
2025-08-12 17:19:12,744 INFO  [io.api.tes.ser.api.KafkaSerdesTester] (Thread-618) topic-99907357_be09_44df_bba7_89256a1ac02a 0 8 {"bar": "value-8"}
2025-08-12 17:19:12,744 INFO  [io.api.tes.ser.api.KafkaSerdesTester] (Thread-618) topic-99907357_be09_44df_bba7_89256a1ac02a 0 9 {"bar": "value-9"}
2025-08-12 17:19:12,745 INFO  [io.api.tes.ser.api.KafkaSerdesTester] (Thread-618) Consumed 10 messages
2025-08-12 17:19:12,753 INFO  [org.apa.kaf.cli.con.int.ConsumerRebalanceListenerInvoker] (Thread-618) [Consumer clientId=consumer-Consumer-topic-99907357_be09_44df_bba7_89256a1ac02a-3, groupId=Consumer-topic-99907357_be09_44df_bba7_89256a1ac02a] Revoke previously assigned partitions topic-99907357_be09_44df_bba7_89256a1ac02a-0
2025-08-12 17:19:12,753 INFO  [org.apa.kaf.cli.con.int.ConsumerCoordinator] (Thread-618) [Consumer clientId=consumer-Consumer-topic-99907357_be09_44df_bba7_89256a1ac02a-3, groupId=Consumer-topic-99907357_be09_44df_bba7_89256a1ac02a] Member consumer-Consumer-topic-99907357_be09_44df_bba7_89256a1ac02a-3-8ab617af-f85c-428f-9e97-9e8d53ceee8f sending LeaveGroup request to coordinator localhost:32769 (id: 2147483647 rack: null) due to the consumer is being closed
2025-08-12 17:19:12,753 INFO  [org.apa.kaf.cli.con.int.ConsumerCoordinator] (Thread-618) [Consumer clientId=consumer-Consumer-topic-99907357_be09_44df_bba7_89256a1ac02a-3, groupId=Consumer-topic-99907357_be09_44df_bba7_89256a1ac02a] Resetting generation and member id due to: consumer pro-actively leaving the group
2025-08-12 17:19:12,753 INFO  [org.apa.kaf.cli.con.int.ConsumerCoordinator] (Thread-618) [Consumer clientId=consumer-Consumer-topic-99907357_be09_44df_bba7_89256a1ac02a-3, groupId=Consumer-topic-99907357_be09_44df_bba7_89256a1ac02a] Request joining group due to: consumer pro-actively leaving the group
2025-08-12 17:19:13,246 INFO  [org.apa.kaf.com.met.Metrics] (Thread-618) Metrics scheduler closed
2025-08-12 17:19:13,246 INFO  [org.apa.kaf.com.met.Metrics] (Thread-618) Closing reporter org.apache.kafka.common.metrics.JmxReporter
2025-08-12 17:19:13,246 INFO  [org.apa.kaf.com.met.Metrics] (Thread-618) Closing reporter org.apache.kafka.common.telemetry.internals.ClientTelemetryReporter
2025-08-12 17:19:13,246 INFO  [org.apa.kaf.com.met.Metrics] (Thread-618) Metrics reporters closed
2025-08-12 17:19:13,249 INFO  [org.apa.kaf.com.uti.AppInfoParser] (Thread-618) App info kafka.consumer for consumer-Consumer-topic-99907357_be09_44df_bba7_89256a1ac02a-3 unregistered
2025-08-12 17:19:13,250 INFO  [io.api.tes.uti.TestSeparator] (main) io.apicurio.tests.serdes.apicurio.AvroSerdeIT.testAvroJSON-FINISHED
2025-08-12 17:19:13,250 INFO  [io.api.tes.uti.TestSeparator] (main) ############################################################################
Test passed: testAvroJSON
]]></system-out>
  </testcase>
  <testcase name="testTopicIdStrategyAutoRegister" classname="io.apicurio.tests.serdes.apicurio.AvroSerdeIT" time="3.811">
    <system-out><![CDATA[2025-08-12 17:19:13,253 INFO  [io.api.tes.uti.TestSeparator] (main) ############################################################################
2025-08-12 17:19:13,253 INFO  [io.api.tes.uti.TestSeparator] (main) io.apicurio.tests.serdes.apicurio.AvroSerdeIT.testTopicIdStrategyAutoRegister-STARTED
**** Registry Base URL: http://registry-app-pg17.apps.ci419.apicurio-testing.org:80
2025-08-12 17:19:13,259 INFO  [org.apa.kaf.cli.pro.ProducerConfig] (main) ProducerConfig values: 
	acks = -1
	auto.include.jmx.reporter = true
	batch.size = 16384
	bootstrap.servers = [PLAINTEXT://localhost:32769]
	buffer.memory = 33554432
	client.dns.lookup = use_all_dns_ips
	client.id = Producer-topic-b50601cd_8e3d_42d1_8764_8fb51a9fb7dc
	compression.gzip.level = -1
	compression.lz4.level = 9
	compression.type = none
	compression.zstd.level = 3
	connections.max.idle.ms = 10000
	delivery.timeout.ms = 120000
	enable.idempotence = true
	enable.metrics.push = true
	interceptor.classes = []
	key.serializer = class org.apache.kafka.common.serialization.StringSerializer
	linger.ms = 0
	max.block.ms = 60000
	max.in.flight.requests.per.connection = 5
	max.request.size = 1048576
	metadata.max.age.ms = 300000
	metadata.max.idle.ms = 300000
	metadata.recovery.strategy = none
	metric.reporters = []
	metrics.num.samples = 2
	metrics.recording.level = INFO
	metrics.sample.window.ms = 30000
	partitioner.adaptive.partitioning.enable = true
	partitioner.availability.timeout.ms = 0
	partitioner.class = null
	partitioner.ignore.keys = false
	receive.buffer.bytes = 32768
	reconnect.backoff.max.ms = 1000
	reconnect.backoff.ms = 50
	request.timeout.ms = 5000
	retries = 2147483647
	retry.backoff.max.ms = 1000
	retry.backoff.ms = 100
	sasl.client.callback.handler.class = null
	sasl.jaas.config = null
	sasl.kerberos.kinit.cmd = /usr/bin/kinit
	sasl.kerberos.min.time.before.relogin = 60000
	sasl.kerberos.service.name = null
	sasl.kerberos.ticket.renew.jitter = 0.05
	sasl.kerberos.ticket.renew.window.factor = 0.8
	sasl.login.callback.handler.class = null
	sasl.login.class = null
	sasl.login.connect.timeout.ms = null
	sasl.login.read.timeout.ms = null
	sasl.login.refresh.buffer.seconds = 300
	sasl.login.refresh.min.period.seconds = 60
	sasl.login.refresh.window.factor = 0.8
	sasl.login.refresh.window.jitter = 0.05
	sasl.login.retry.backoff.max.ms = 10000
	sasl.login.retry.backoff.ms = 100
	sasl.mechanism = GSSAPI
	sasl.oauthbearer.clock.skew.seconds = 30
	sasl.oauthbearer.expected.audience = null
	sasl.oauthbearer.expected.issuer = null
	sasl.oauthbearer.header.urlencode = false
	sasl.oauthbearer.jwks.endpoint.refresh.ms = 3600000
	sasl.oauthbearer.jwks.endpoint.retry.backoff.max.ms = 10000
	sasl.oauthbearer.jwks.endpoint.retry.backoff.ms = 100
	sasl.oauthbearer.jwks.endpoint.url = null
	sasl.oauthbearer.scope.claim.name = scope
	sasl.oauthbearer.sub.claim.name = sub
	sasl.oauthbearer.token.endpoint.url = null
	security.protocol = PLAINTEXT
	security.providers = null
	send.buffer.bytes = 131072
	socket.connection.setup.timeout.max.ms = 30000
	socket.connection.setup.timeout.ms = 10000
	ssl.cipher.suites = null
	ssl.enabled.protocols = [TLSv1.2, TLSv1.3]
	ssl.endpoint.identification.algorithm = https
	ssl.engine.factory.class = null
	ssl.key.password = null
	ssl.keymanager.algorithm = SunX509
	ssl.keystore.certificate.chain = null
	ssl.keystore.key = null
	ssl.keystore.location = null
	ssl.keystore.password = null
	ssl.keystore.type = JKS
	ssl.protocol = TLSv1.3
	ssl.provider = null
	ssl.secure.random.implementation = null
	ssl.trustmanager.algorithm = PKIX
	ssl.truststore.certificates = null
	ssl.truststore.location = null
	ssl.truststore.password = null
	ssl.truststore.type = JKS
	transaction.timeout.ms = 60000
	transactional.id = null
	value.serializer = class io.apicurio.registry.serde.avro.AvroKafkaSerializer

2025-08-12 17:19:13,260 INFO  [org.apa.kaf.com.tel.int.KafkaMetricsCollector] (main) initializing Kafka metrics collector
2025-08-12 17:19:13,264 INFO  [org.apa.kaf.cli.pro.KafkaProducer] (main) [Producer clientId=Producer-topic-b50601cd_8e3d_42d1_8764_8fb51a9fb7dc] Instantiated an idempotent producer.
2025-08-12 17:19:13,279 INFO  [org.apa.kaf.cli.pro.ProducerConfig] (main) These configurations '[apicurio.registry.url, apicurio.registry.auto-register, apicurio.registry.artifact-resolver-strategy]' were supplied but are not used yet.
2025-08-12 17:19:13,279 INFO  [org.apa.kaf.com.uti.AppInfoParser] (main) Kafka version: 3.9.1
2025-08-12 17:19:13,279 INFO  [org.apa.kaf.com.uti.AppInfoParser] (main) Kafka commitId: f745dfdcee2b9851
2025-08-12 17:19:13,279 INFO  [org.apa.kaf.com.uti.AppInfoParser] (main) Kafka startTimeMs: 1755019153279
2025-08-12 17:19:13,282 INFO  [io.api.tes.ser.api.SimpleSerdesTesterBuilder$SimpleSerdesTester] (main) Using producer configuration: {apicurio.registry.url=http://registry-app-pg17.apps.ci419.apicurio-testing.org:80/apis/registry/v3, apicurio.registry.auto-register=true, apicurio.registry.artifact-resolver-strategy=io.apicurio.registry.serde.strategy.TopicIdStrategy, value.serializer=io.apicurio.registry.serde.avro.AvroKafkaSerializer, request.timeout.ms=5000, acks=all, bootstrap.servers=PLAINTEXT://localhost:32769, connections.max.idle.ms=10000, key.serializer=org.apache.kafka.common.serialization.StringSerializer, client.id=Producer-topic-b50601cd_8e3d_42d1_8764_8fb51a9fb7dc}
2025-08-12 17:19:13,282 INFO  [io.api.tes.ser.api.SimpleSerdesTesterBuilder$SimpleSerdesTester] (main) Using consumer configuration: {}
2025-08-12 17:19:13,284 INFO  [io.api.tes.ser.api.KafkaSerdesTester] (Thread-621) Sending message {"key11755019153255": "value-0"} to topic topic-b50601cd_8e3d_42d1_8764_8fb51a9fb7dc
2025-08-12 17:19:13,294 INFO  [org.apa.kaf.cli.Metadata] (kafka-producer-network-thread | Producer-topic-b50601cd_8e3d_42d1_8764_8fb51a9fb7dc) [Producer clientId=Producer-topic-b50601cd_8e3d_42d1_8764_8fb51a9fb7dc] Cluster ID: 4rT39ZSJSJuTKBGDmwdYMA
2025-08-12 17:19:13,296 INFO  [org.apa.kaf.cli.pro.int.TransactionManager] (kafka-producer-network-thread | Producer-topic-b50601cd_8e3d_42d1_8764_8fb51a9fb7dc) [Producer clientId=Producer-topic-b50601cd_8e3d_42d1_8764_8fb51a9fb7dc] ProducerId set to 4 with epoch 0
2025-08-12 17:19:13,353 INFO  [io.api.tes.ser.api.KafkaSerdesTester] (Thread-621) Sending message {"key11755019153255": "value-1"} to topic topic-b50601cd_8e3d_42d1_8764_8fb51a9fb7dc
2025-08-12 17:19:13,357 INFO  [io.api.tes.ser.api.KafkaSerdesTester] (Thread-621) Sending message {"key11755019153255": "value-2"} to topic topic-b50601cd_8e3d_42d1_8764_8fb51a9fb7dc
2025-08-12 17:19:13,360 INFO  [io.api.tes.ser.api.KafkaSerdesTester] (Thread-621) Sending message {"key11755019153255": "value-3"} to topic topic-b50601cd_8e3d_42d1_8764_8fb51a9fb7dc
2025-08-12 17:19:13,366 INFO  [io.api.tes.ser.api.KafkaSerdesTester] (Thread-621) Sending message {"key11755019153255": "value-4"} to topic topic-b50601cd_8e3d_42d1_8764_8fb51a9fb7dc
2025-08-12 17:19:13,370 INFO  [io.api.tes.ser.api.KafkaSerdesTester] (Thread-621) Sending message {"key11755019153255": "value-5"} to topic topic-b50601cd_8e3d_42d1_8764_8fb51a9fb7dc
2025-08-12 17:19:13,374 INFO  [io.api.tes.ser.api.KafkaSerdesTester] (Thread-621) Sending message {"key11755019153255": "value-6"} to topic topic-b50601cd_8e3d_42d1_8764_8fb51a9fb7dc
2025-08-12 17:19:13,377 INFO  [io.api.tes.ser.api.KafkaSerdesTester] (Thread-621) Sending message {"key11755019153255": "value-7"} to topic topic-b50601cd_8e3d_42d1_8764_8fb51a9fb7dc
2025-08-12 17:19:13,379 INFO  [io.api.tes.ser.api.KafkaSerdesTester] (Thread-621) Sending message {"key11755019153255": "value-8"} to topic topic-b50601cd_8e3d_42d1_8764_8fb51a9fb7dc
2025-08-12 17:19:13,381 INFO  [io.api.tes.ser.api.KafkaSerdesTester] (Thread-621) Sending message {"key11755019153255": "value-9"} to topic topic-b50601cd_8e3d_42d1_8764_8fb51a9fb7dc
2025-08-12 17:19:13,384 INFO  [io.api.tes.ser.api.KafkaSerdesTester] (Thread-621) Produced 10 messages
2025-08-12 17:19:13,384 INFO  [org.apa.kaf.cli.pro.KafkaProducer] (Thread-621) [Producer clientId=Producer-topic-b50601cd_8e3d_42d1_8764_8fb51a9fb7dc] Closing the Kafka producer with timeoutMillis = 9223372036854775807 ms.
2025-08-12 17:19:13,388 INFO  [org.apa.kaf.com.met.Metrics] (Thread-621) Metrics scheduler closed
2025-08-12 17:19:13,388 INFO  [org.apa.kaf.com.met.Metrics] (Thread-621) Closing reporter org.apache.kafka.common.metrics.JmxReporter
2025-08-12 17:19:13,388 INFO  [org.apa.kaf.com.met.Metrics] (Thread-621) Closing reporter org.apache.kafka.common.telemetry.internals.ClientTelemetryReporter
2025-08-12 17:19:13,388 INFO  [org.apa.kaf.com.met.Metrics] (Thread-621) Metrics reporters closed
2025-08-12 17:19:13,388 INFO  [org.apa.kaf.com.uti.AppInfoParser] (Thread-621) App info kafka.producer for Producer-topic-b50601cd_8e3d_42d1_8764_8fb51a9fb7dc unregistered
**** Registry Base URL: http://registry-app-pg17.apps.ci419.apicurio-testing.org:80
2025-08-12 17:19:13,427 INFO  [org.apa.kaf.cli.con.ConsumerConfig] (main) ConsumerConfig values: 
	allow.auto.create.topics = true
	auto.commit.interval.ms = 500
	auto.include.jmx.reporter = true
	auto.offset.reset = earliest
	bootstrap.servers = [PLAINTEXT://localhost:32769]
	check.crcs = true
	client.dns.lookup = use_all_dns_ips
	client.id = consumer-Consumer-topic-b50601cd_8e3d_42d1_8764_8fb51a9fb7dc-4
	client.rack = 
	connections.max.idle.ms = 10000
	default.api.timeout.ms = 60000
	enable.auto.commit = true
	enable.metrics.push = true
	exclude.internal.topics = true
	fetch.max.bytes = 52428800
	fetch.max.wait.ms = 500
	fetch.min.bytes = 1
	group.id = Consumer-topic-b50601cd_8e3d_42d1_8764_8fb51a9fb7dc
	group.instance.id = null
	group.protocol = classic
	group.remote.assignor = null
	heartbeat.interval.ms = 3000
	interceptor.classes = []
	internal.leave.group.on.close = true
	internal.throw.on.fetch.stable.offset.unsupported = false
	isolation.level = read_uncommitted
	key.deserializer = class org.apache.kafka.common.serialization.StringDeserializer
	max.partition.fetch.bytes = 1048576
	max.poll.interval.ms = 300000
	max.poll.records = 500
	metadata.max.age.ms = 300000
	metadata.recovery.strategy = none
	metric.reporters = []
	metrics.num.samples = 2
	metrics.recording.level = INFO
	metrics.sample.window.ms = 30000
	partition.assignment.strategy = [class org.apache.kafka.clients.consumer.RangeAssignor, class org.apache.kafka.clients.consumer.CooperativeStickyAssignor]
	receive.buffer.bytes = 65536
	reconnect.backoff.max.ms = 1000
	reconnect.backoff.ms = 50
	request.timeout.ms = 5000
	retry.backoff.max.ms = 1000
	retry.backoff.ms = 100
	sasl.client.callback.handler.class = null
	sasl.jaas.config = null
	sasl.kerberos.kinit.cmd = /usr/bin/kinit
	sasl.kerberos.min.time.before.relogin = 60000
	sasl.kerberos.service.name = null
	sasl.kerberos.ticket.renew.jitter = 0.05
	sasl.kerberos.ticket.renew.window.factor = 0.8
	sasl.login.callback.handler.class = null
	sasl.login.class = null
	sasl.login.connect.timeout.ms = null
	sasl.login.read.timeout.ms = null
	sasl.login.refresh.buffer.seconds = 300
	sasl.login.refresh.min.period.seconds = 60
	sasl.login.refresh.window.factor = 0.8
	sasl.login.refresh.window.jitter = 0.05
	sasl.login.retry.backoff.max.ms = 10000
	sasl.login.retry.backoff.ms = 100
	sasl.mechanism = GSSAPI
	sasl.oauthbearer.clock.skew.seconds = 30
	sasl.oauthbearer.expected.audience = null
	sasl.oauthbearer.expected.issuer = null
	sasl.oauthbearer.header.urlencode = false
	sasl.oauthbearer.jwks.endpoint.refresh.ms = 3600000
	sasl.oauthbearer.jwks.endpoint.retry.backoff.max.ms = 10000
	sasl.oauthbearer.jwks.endpoint.retry.backoff.ms = 100
	sasl.oauthbearer.jwks.endpoint.url = null
	sasl.oauthbearer.scope.claim.name = scope
	sasl.oauthbearer.sub.claim.name = sub
	sasl.oauthbearer.token.endpoint.url = null
	security.protocol = PLAINTEXT
	security.providers = null
	send.buffer.bytes = 131072
	session.timeout.ms = 45000
	socket.connection.setup.timeout.max.ms = 30000
	socket.connection.setup.timeout.ms = 10000
	ssl.cipher.suites = null
	ssl.enabled.protocols = [TLSv1.2, TLSv1.3]
	ssl.endpoint.identification.algorithm = https
	ssl.engine.factory.class = null
	ssl.key.password = null
	ssl.keymanager.algorithm = SunX509
	ssl.keystore.certificate.chain = null
	ssl.keystore.key = null
	ssl.keystore.location = null
	ssl.keystore.password = null
	ssl.keystore.type = JKS
	ssl.protocol = TLSv1.3
	ssl.provider = null
	ssl.secure.random.implementation = null
	ssl.trustmanager.algorithm = PKIX
	ssl.truststore.certificates = null
	ssl.truststore.location = null
	ssl.truststore.password = null
	ssl.truststore.type = JKS
	value.deserializer = class io.apicurio.registry.serde.avro.AvroKafkaDeserializer

2025-08-12 17:19:13,428 INFO  [org.apa.kaf.com.tel.int.KafkaMetricsCollector] (main) initializing Kafka metrics collector
2025-08-12 17:19:13,443 INFO  [org.apa.kaf.cli.con.ConsumerConfig] (main) These configurations '[apicurio.registry.url]' were supplied but are not used yet.
2025-08-12 17:19:13,443 INFO  [org.apa.kaf.com.uti.AppInfoParser] (main) Kafka version: 3.9.1
2025-08-12 17:19:13,443 INFO  [org.apa.kaf.com.uti.AppInfoParser] (main) Kafka commitId: f745dfdcee2b9851
2025-08-12 17:19:13,443 INFO  [org.apa.kaf.com.uti.AppInfoParser] (main) Kafka startTimeMs: 1755019153443
2025-08-12 17:19:13,448 INFO  [org.apa.kaf.cli.con.int.ClassicKafkaConsumer] (Thread-624) [Consumer clientId=consumer-Consumer-topic-b50601cd_8e3d_42d1_8764_8fb51a9fb7dc-4, groupId=Consumer-topic-b50601cd_8e3d_42d1_8764_8fb51a9fb7dc] Subscribed to topic(s): topic-b50601cd_8e3d_42d1_8764_8fb51a9fb7dc
2025-08-12 17:19:13,456 INFO  [org.apa.kaf.cli.Metadata] (Thread-624) [Consumer clientId=consumer-Consumer-topic-b50601cd_8e3d_42d1_8764_8fb51a9fb7dc-4, groupId=Consumer-topic-b50601cd_8e3d_42d1_8764_8fb51a9fb7dc] Cluster ID: 4rT39ZSJSJuTKBGDmwdYMA
2025-08-12 17:19:13,457 INFO  [org.apa.kaf.cli.con.int.ConsumerCoordinator] (Thread-624) [Consumer clientId=consumer-Consumer-topic-b50601cd_8e3d_42d1_8764_8fb51a9fb7dc-4, groupId=Consumer-topic-b50601cd_8e3d_42d1_8764_8fb51a9fb7dc] Discovered group coordinator localhost:32769 (id: 2147483647 rack: null)
2025-08-12 17:19:13,460 INFO  [org.apa.kaf.cli.con.int.ConsumerCoordinator] (Thread-624) [Consumer clientId=consumer-Consumer-topic-b50601cd_8e3d_42d1_8764_8fb51a9fb7dc-4, groupId=Consumer-topic-b50601cd_8e3d_42d1_8764_8fb51a9fb7dc] (Re-)joining group
2025-08-12 17:19:13,463 INFO  [org.apa.kaf.cli.con.int.ConsumerCoordinator] (Thread-624) [Consumer clientId=consumer-Consumer-topic-b50601cd_8e3d_42d1_8764_8fb51a9fb7dc-4, groupId=Consumer-topic-b50601cd_8e3d_42d1_8764_8fb51a9fb7dc] Request joining group due to: need to re-join with the given member-id: consumer-Consumer-topic-b50601cd_8e3d_42d1_8764_8fb51a9fb7dc-4-869b6e2a-9cf9-4c2d-ad91-2f89c253d14d
2025-08-12 17:19:13,463 INFO  [org.apa.kaf.cli.con.int.ConsumerCoordinator] (Thread-624) [Consumer clientId=consumer-Consumer-topic-b50601cd_8e3d_42d1_8764_8fb51a9fb7dc-4, groupId=Consumer-topic-b50601cd_8e3d_42d1_8764_8fb51a9fb7dc] (Re-)joining group
2025-08-12 17:19:14,449 INFO  [io.api.tes.ser.api.KafkaSerdesTester] (Thread-624) None found
2025-08-12 17:19:15,449 INFO  [io.api.tes.ser.api.KafkaSerdesTester] (Thread-624) None found
2025-08-12 17:19:16,450 INFO  [io.api.tes.ser.api.KafkaSerdesTester] (Thread-624) None found
2025-08-12 17:19:16,465 INFO  [org.apa.kaf.cli.con.int.ConsumerCoordinator] (Thread-624) [Consumer clientId=consumer-Consumer-topic-b50601cd_8e3d_42d1_8764_8fb51a9fb7dc-4, groupId=Consumer-topic-b50601cd_8e3d_42d1_8764_8fb51a9fb7dc] Successfully joined group with generation Generation{generationId=1, memberId='consumer-Consumer-topic-b50601cd_8e3d_42d1_8764_8fb51a9fb7dc-4-869b6e2a-9cf9-4c2d-ad91-2f89c253d14d', protocol='range'}
2025-08-12 17:19:16,466 INFO  [org.apa.kaf.cli.con.int.ConsumerCoordinator] (Thread-624) [Consumer clientId=consumer-Consumer-topic-b50601cd_8e3d_42d1_8764_8fb51a9fb7dc-4, groupId=Consumer-topic-b50601cd_8e3d_42d1_8764_8fb51a9fb7dc] Finished assignment for group at generation 1: {consumer-Consumer-topic-b50601cd_8e3d_42d1_8764_8fb51a9fb7dc-4-869b6e2a-9cf9-4c2d-ad91-2f89c253d14d=Assignment(partitions=[topic-b50601cd_8e3d_42d1_8764_8fb51a9fb7dc-0])}
2025-08-12 17:19:16,473 INFO  [org.apa.kaf.cli.con.int.ConsumerCoordinator] (Thread-624) [Consumer clientId=consumer-Consumer-topic-b50601cd_8e3d_42d1_8764_8fb51a9fb7dc-4, groupId=Consumer-topic-b50601cd_8e3d_42d1_8764_8fb51a9fb7dc] Successfully synced group in generation Generation{generationId=1, memberId='consumer-Consumer-topic-b50601cd_8e3d_42d1_8764_8fb51a9fb7dc-4-869b6e2a-9cf9-4c2d-ad91-2f89c253d14d', protocol='range'}
2025-08-12 17:19:16,474 INFO  [org.apa.kaf.cli.con.int.ConsumerCoordinator] (Thread-624) [Consumer clientId=consumer-Consumer-topic-b50601cd_8e3d_42d1_8764_8fb51a9fb7dc-4, groupId=Consumer-topic-b50601cd_8e3d_42d1_8764_8fb51a9fb7dc] Notifying assignor about the new Assignment(partitions=[topic-b50601cd_8e3d_42d1_8764_8fb51a9fb7dc-0])
2025-08-12 17:19:16,474 INFO  [org.apa.kaf.cli.con.int.ConsumerRebalanceListenerInvoker] (Thread-624) [Consumer clientId=consumer-Consumer-topic-b50601cd_8e3d_42d1_8764_8fb51a9fb7dc-4, groupId=Consumer-topic-b50601cd_8e3d_42d1_8764_8fb51a9fb7dc] Adding newly assigned partitions: topic-b50601cd_8e3d_42d1_8764_8fb51a9fb7dc-0
2025-08-12 17:19:16,475 INFO  [org.apa.kaf.cli.con.int.ConsumerCoordinator] (Thread-624) [Consumer clientId=consumer-Consumer-topic-b50601cd_8e3d_42d1_8764_8fb51a9fb7dc-4, groupId=Consumer-topic-b50601cd_8e3d_42d1_8764_8fb51a9fb7dc] Found no committed offset for partition topic-b50601cd_8e3d_42d1_8764_8fb51a9fb7dc-0
2025-08-12 17:19:16,479 INFO  [org.apa.kaf.cli.con.int.SubscriptionState] (Thread-624) [Consumer clientId=consumer-Consumer-topic-b50601cd_8e3d_42d1_8764_8fb51a9fb7dc-4, groupId=Consumer-topic-b50601cd_8e3d_42d1_8764_8fb51a9fb7dc] Resetting offset for partition topic-b50601cd_8e3d_42d1_8764_8fb51a9fb7dc-0 to position FetchPosition{offset=0, offsetEpoch=Optional.empty, currentLeader=LeaderAndEpoch{leader=Optional[localhost:32769 (id: 0 rack: null)], epoch=0}}.
2025-08-12 17:19:16,520 INFO  [io.api.tes.ser.api.KafkaSerdesTester] (Thread-624) topic-b50601cd_8e3d_42d1_8764_8fb51a9fb7dc 0 0 {"key11755019153255": "value-0"}
2025-08-12 17:19:16,520 INFO  [io.api.tes.ser.api.KafkaSerdesTester] (Thread-624) topic-b50601cd_8e3d_42d1_8764_8fb51a9fb7dc 0 1 {"key11755019153255": "value-1"}
2025-08-12 17:19:16,520 INFO  [io.api.tes.ser.api.KafkaSerdesTester] (Thread-624) topic-b50601cd_8e3d_42d1_8764_8fb51a9fb7dc 0 2 {"key11755019153255": "value-2"}
2025-08-12 17:19:16,520 INFO  [io.api.tes.ser.api.KafkaSerdesTester] (Thread-624) topic-b50601cd_8e3d_42d1_8764_8fb51a9fb7dc 0 3 {"key11755019153255": "value-3"}
2025-08-12 17:19:16,520 INFO  [io.api.tes.ser.api.KafkaSerdesTester] (Thread-624) topic-b50601cd_8e3d_42d1_8764_8fb51a9fb7dc 0 4 {"key11755019153255": "value-4"}
2025-08-12 17:19:16,520 INFO  [io.api.tes.ser.api.KafkaSerdesTester] (Thread-624) topic-b50601cd_8e3d_42d1_8764_8fb51a9fb7dc 0 5 {"key11755019153255": "value-5"}
2025-08-12 17:19:16,521 INFO  [io.api.tes.ser.api.KafkaSerdesTester] (Thread-624) topic-b50601cd_8e3d_42d1_8764_8fb51a9fb7dc 0 6 {"key11755019153255": "value-6"}
2025-08-12 17:19:16,521 INFO  [io.api.tes.ser.api.KafkaSerdesTester] (Thread-624) topic-b50601cd_8e3d_42d1_8764_8fb51a9fb7dc 0 7 {"key11755019153255": "value-7"}
2025-08-12 17:19:16,521 INFO  [io.api.tes.ser.api.KafkaSerdesTester] (Thread-624) topic-b50601cd_8e3d_42d1_8764_8fb51a9fb7dc 0 8 {"key11755019153255": "value-8"}
2025-08-12 17:19:16,521 INFO  [io.api.tes.ser.api.KafkaSerdesTester] (Thread-624) topic-b50601cd_8e3d_42d1_8764_8fb51a9fb7dc 0 9 {"key11755019153255": "value-9"}
2025-08-12 17:19:16,521 INFO  [io.api.tes.ser.api.KafkaSerdesTester] (Thread-624) Consumed 10 messages
2025-08-12 17:19:16,529 INFO  [org.apa.kaf.cli.con.int.ConsumerRebalanceListenerInvoker] (Thread-624) [Consumer clientId=consumer-Consumer-topic-b50601cd_8e3d_42d1_8764_8fb51a9fb7dc-4, groupId=Consumer-topic-b50601cd_8e3d_42d1_8764_8fb51a9fb7dc] Revoke previously assigned partitions topic-b50601cd_8e3d_42d1_8764_8fb51a9fb7dc-0
2025-08-12 17:19:16,529 INFO  [org.apa.kaf.cli.con.int.ConsumerCoordinator] (Thread-624) [Consumer clientId=consumer-Consumer-topic-b50601cd_8e3d_42d1_8764_8fb51a9fb7dc-4, groupId=Consumer-topic-b50601cd_8e3d_42d1_8764_8fb51a9fb7dc] Member consumer-Consumer-topic-b50601cd_8e3d_42d1_8764_8fb51a9fb7dc-4-869b6e2a-9cf9-4c2d-ad91-2f89c253d14d sending LeaveGroup request to coordinator localhost:32769 (id: 2147483647 rack: null) due to the consumer is being closed
2025-08-12 17:19:16,529 INFO  [org.apa.kaf.cli.con.int.ConsumerCoordinator] (Thread-624) [Consumer clientId=consumer-Consumer-topic-b50601cd_8e3d_42d1_8764_8fb51a9fb7dc-4, groupId=Consumer-topic-b50601cd_8e3d_42d1_8764_8fb51a9fb7dc] Resetting generation and member id due to: consumer pro-actively leaving the group
2025-08-12 17:19:16,529 INFO  [org.apa.kaf.cli.con.int.ConsumerCoordinator] (Thread-624) [Consumer clientId=consumer-Consumer-topic-b50601cd_8e3d_42d1_8764_8fb51a9fb7dc-4, groupId=Consumer-topic-b50601cd_8e3d_42d1_8764_8fb51a9fb7dc] Request joining group due to: consumer pro-actively leaving the group
2025-08-12 17:19:17,024 INFO  [org.apa.kaf.com.met.Metrics] (Thread-624) Metrics scheduler closed
2025-08-12 17:19:17,024 INFO  [org.apa.kaf.com.met.Metrics] (Thread-624) Closing reporter org.apache.kafka.common.metrics.JmxReporter
2025-08-12 17:19:17,024 INFO  [org.apa.kaf.com.met.Metrics] (Thread-624) Closing reporter org.apache.kafka.common.telemetry.internals.ClientTelemetryReporter
2025-08-12 17:19:17,024 INFO  [org.apa.kaf.com.met.Metrics] (Thread-624) Metrics reporters closed
2025-08-12 17:19:17,027 INFO  [org.apa.kaf.com.uti.AppInfoParser] (Thread-624) App info kafka.consumer for consumer-Consumer-topic-b50601cd_8e3d_42d1_8764_8fb51a9fb7dc-4 unregistered
2025-08-12 17:19:17,061 INFO  [io.api.tes.uti.TestSeparator] (main) io.apicurio.tests.serdes.apicurio.AvroSerdeIT.testTopicIdStrategyAutoRegister-FINISHED
2025-08-12 17:19:17,062 INFO  [io.api.tes.uti.TestSeparator] (main) ############################################################################
Test passed: testTopicIdStrategyAutoRegister
]]></system-out>
  </testcase>
  <testcase name="testRecordIdStrategydFindLatest" classname="io.apicurio.tests.serdes.apicurio.AvroSerdeIT" time="4.778">
    <system-out><![CDATA[2025-08-12 17:19:17,063 INFO  [io.api.tes.uti.TestSeparator] (main) ############################################################################
2025-08-12 17:19:17,063 INFO  [io.api.tes.uti.TestSeparator] (main) io.apicurio.tests.serdes.apicurio.AvroSerdeIT.testRecordIdStrategydFindLatest-STARTED
2025-08-12 17:19:17,064 INFO  [io.api.tes.ser.api.AvroSerdeIT] (main) Registering Avro Schema: {"type":"record","name":"sf66a5883xfb1dx462cxb016x9c031f76283d","namespace":"sfce25ba8xfa4bx4accxbccex38f498c06da0","fields":[{"name":"key11755019157064","type":"string"}]}
**** Registry Base URL: http://registry-app-pg17.apps.ci419.apicurio-testing.org:80
2025-08-12 17:19:18,124 INFO  [org.apa.kaf.cli.pro.ProducerConfig] (main) ProducerConfig values: 
	acks = -1
	auto.include.jmx.reporter = true
	batch.size = 16384
	bootstrap.servers = [PLAINTEXT://localhost:32769]
	buffer.memory = 33554432
	client.dns.lookup = use_all_dns_ips
	client.id = Producer-topic-74e69d6f_cb8b_43d5_9b50_3e71d5d6a5d5
	compression.gzip.level = -1
	compression.lz4.level = 9
	compression.type = none
	compression.zstd.level = 3
	connections.max.idle.ms = 10000
	delivery.timeout.ms = 120000
	enable.idempotence = true
	enable.metrics.push = true
	interceptor.classes = []
	key.serializer = class org.apache.kafka.common.serialization.StringSerializer
	linger.ms = 0
	max.block.ms = 60000
	max.in.flight.requests.per.connection = 5
	max.request.size = 1048576
	metadata.max.age.ms = 300000
	metadata.max.idle.ms = 300000
	metadata.recovery.strategy = none
	metric.reporters = []
	metrics.num.samples = 2
	metrics.recording.level = INFO
	metrics.sample.window.ms = 30000
	partitioner.adaptive.partitioning.enable = true
	partitioner.availability.timeout.ms = 0
	partitioner.class = null
	partitioner.ignore.keys = false
	receive.buffer.bytes = 32768
	reconnect.backoff.max.ms = 1000
	reconnect.backoff.ms = 50
	request.timeout.ms = 5000
	retries = 2147483647
	retry.backoff.max.ms = 1000
	retry.backoff.ms = 100
	sasl.client.callback.handler.class = null
	sasl.jaas.config = null
	sasl.kerberos.kinit.cmd = /usr/bin/kinit
	sasl.kerberos.min.time.before.relogin = 60000
	sasl.kerberos.service.name = null
	sasl.kerberos.ticket.renew.jitter = 0.05
	sasl.kerberos.ticket.renew.window.factor = 0.8
	sasl.login.callback.handler.class = null
	sasl.login.class = null
	sasl.login.connect.timeout.ms = null
	sasl.login.read.timeout.ms = null
	sasl.login.refresh.buffer.seconds = 300
	sasl.login.refresh.min.period.seconds = 60
	sasl.login.refresh.window.factor = 0.8
	sasl.login.refresh.window.jitter = 0.05
	sasl.login.retry.backoff.max.ms = 10000
	sasl.login.retry.backoff.ms = 100
	sasl.mechanism = GSSAPI
	sasl.oauthbearer.clock.skew.seconds = 30
	sasl.oauthbearer.expected.audience = null
	sasl.oauthbearer.expected.issuer = null
	sasl.oauthbearer.header.urlencode = false
	sasl.oauthbearer.jwks.endpoint.refresh.ms = 3600000
	sasl.oauthbearer.jwks.endpoint.retry.backoff.max.ms = 10000
	sasl.oauthbearer.jwks.endpoint.retry.backoff.ms = 100
	sasl.oauthbearer.jwks.endpoint.url = null
	sasl.oauthbearer.scope.claim.name = scope
	sasl.oauthbearer.sub.claim.name = sub
	sasl.oauthbearer.token.endpoint.url = null
	security.protocol = PLAINTEXT
	security.providers = null
	send.buffer.bytes = 131072
	socket.connection.setup.timeout.max.ms = 30000
	socket.connection.setup.timeout.ms = 10000
	ssl.cipher.suites = null
	ssl.enabled.protocols = [TLSv1.2, TLSv1.3]
	ssl.endpoint.identification.algorithm = https
	ssl.engine.factory.class = null
	ssl.key.password = null
	ssl.keymanager.algorithm = SunX509
	ssl.keystore.certificate.chain = null
	ssl.keystore.key = null
	ssl.keystore.location = null
	ssl.keystore.password = null
	ssl.keystore.type = JKS
	ssl.protocol = TLSv1.3
	ssl.provider = null
	ssl.secure.random.implementation = null
	ssl.trustmanager.algorithm = PKIX
	ssl.truststore.certificates = null
	ssl.truststore.location = null
	ssl.truststore.password = null
	ssl.truststore.type = JKS
	transaction.timeout.ms = 60000
	transactional.id = null
	value.serializer = class io.apicurio.registry.serde.avro.AvroKafkaSerializer

2025-08-12 17:19:18,125 INFO  [org.apa.kaf.com.tel.int.KafkaMetricsCollector] (main) initializing Kafka metrics collector
2025-08-12 17:19:18,128 INFO  [org.apa.kaf.cli.pro.KafkaProducer] (main) [Producer clientId=Producer-topic-74e69d6f_cb8b_43d5_9b50_3e71d5d6a5d5] Instantiated an idempotent producer.
2025-08-12 17:19:18,130 INFO  [org.apa.kaf.cli.pro.ProducerConfig] (main) These configurations '[apicurio.registry.find-latest, apicurio.registry.url, apicurio.registry.artifact-resolver-strategy]' were supplied but are not used yet.
2025-08-12 17:19:18,130 INFO  [org.apa.kaf.com.uti.AppInfoParser] (main) Kafka version: 3.9.1
2025-08-12 17:19:18,130 INFO  [org.apa.kaf.com.uti.AppInfoParser] (main) Kafka commitId: f745dfdcee2b9851
2025-08-12 17:19:18,130 INFO  [org.apa.kaf.com.uti.AppInfoParser] (main) Kafka startTimeMs: 1755019158130
2025-08-12 17:19:18,130 INFO  [io.api.tes.ser.api.SimpleSerdesTesterBuilder$SimpleSerdesTester] (main) Using producer configuration: {apicurio.registry.find-latest=true, apicurio.registry.url=http://registry-app-pg17.apps.ci419.apicurio-testing.org:80/apis/registry/v3, apicurio.registry.artifact-resolver-strategy=io.apicurio.registry.serde.avro.strategy.RecordIdStrategy, value.serializer=io.apicurio.registry.serde.avro.AvroKafkaSerializer, request.timeout.ms=5000, acks=all, bootstrap.servers=PLAINTEXT://localhost:32769, connections.max.idle.ms=10000, key.serializer=org.apache.kafka.common.serialization.StringSerializer, client.id=Producer-topic-74e69d6f_cb8b_43d5_9b50_3e71d5d6a5d5}
2025-08-12 17:19:18,131 INFO  [io.api.tes.ser.api.SimpleSerdesTesterBuilder$SimpleSerdesTester] (main) Using consumer configuration: {}
2025-08-12 17:19:18,132 INFO  [io.api.tes.ser.api.KafkaSerdesTester] (Thread-627) Sending message {"key11755019157064": "value-0"} to topic topic-74e69d6f_cb8b_43d5_9b50_3e71d5d6a5d5
2025-08-12 17:19:18,134 INFO  [org.apa.kaf.cli.Metadata] (kafka-producer-network-thread | Producer-topic-74e69d6f_cb8b_43d5_9b50_3e71d5d6a5d5) [Producer clientId=Producer-topic-74e69d6f_cb8b_43d5_9b50_3e71d5d6a5d5] Cluster ID: 4rT39ZSJSJuTKBGDmwdYMA
2025-08-12 17:19:18,136 INFO  [org.apa.kaf.cli.pro.int.TransactionManager] (kafka-producer-network-thread | Producer-topic-74e69d6f_cb8b_43d5_9b50_3e71d5d6a5d5) [Producer clientId=Producer-topic-74e69d6f_cb8b_43d5_9b50_3e71d5d6a5d5] ProducerId set to 5 with epoch 0
2025-08-12 17:19:18,199 INFO  [io.api.tes.ser.api.KafkaSerdesTester] (Thread-627) Sending message {"key11755019157064": "value-1"} to topic topic-74e69d6f_cb8b_43d5_9b50_3e71d5d6a5d5
2025-08-12 17:19:18,203 INFO  [io.api.tes.ser.api.KafkaSerdesTester] (Thread-627) Sending message {"key11755019157064": "value-2"} to topic topic-74e69d6f_cb8b_43d5_9b50_3e71d5d6a5d5
2025-08-12 17:19:18,209 INFO  [io.api.tes.ser.api.KafkaSerdesTester] (Thread-627) Sending message {"key11755019157064": "value-3"} to topic topic-74e69d6f_cb8b_43d5_9b50_3e71d5d6a5d5
2025-08-12 17:19:18,212 INFO  [io.api.tes.ser.api.KafkaSerdesTester] (Thread-627) Sending message {"key11755019157064": "value-4"} to topic topic-74e69d6f_cb8b_43d5_9b50_3e71d5d6a5d5
2025-08-12 17:19:18,216 INFO  [io.api.tes.ser.api.KafkaSerdesTester] (Thread-627) Sending message {"key11755019157064": "value-5"} to topic topic-74e69d6f_cb8b_43d5_9b50_3e71d5d6a5d5
2025-08-12 17:19:18,219 INFO  [io.api.tes.ser.api.KafkaSerdesTester] (Thread-627) Sending message {"key11755019157064": "value-6"} to topic topic-74e69d6f_cb8b_43d5_9b50_3e71d5d6a5d5
2025-08-12 17:19:18,222 INFO  [io.api.tes.ser.api.KafkaSerdesTester] (Thread-627) Sending message {"key11755019157064": "value-7"} to topic topic-74e69d6f_cb8b_43d5_9b50_3e71d5d6a5d5
2025-08-12 17:19:18,227 INFO  [io.api.tes.ser.api.KafkaSerdesTester] (Thread-627) Sending message {"key11755019157064": "value-8"} to topic topic-74e69d6f_cb8b_43d5_9b50_3e71d5d6a5d5
2025-08-12 17:19:18,230 INFO  [io.api.tes.ser.api.KafkaSerdesTester] (Thread-627) Sending message {"key11755019157064": "value-9"} to topic topic-74e69d6f_cb8b_43d5_9b50_3e71d5d6a5d5
2025-08-12 17:19:18,232 INFO  [io.api.tes.ser.api.KafkaSerdesTester] (Thread-627) Produced 10 messages
2025-08-12 17:19:18,232 INFO  [org.apa.kaf.cli.pro.KafkaProducer] (Thread-627) [Producer clientId=Producer-topic-74e69d6f_cb8b_43d5_9b50_3e71d5d6a5d5] Closing the Kafka producer with timeoutMillis = 9223372036854775807 ms.
2025-08-12 17:19:18,235 INFO  [org.apa.kaf.com.met.Metrics] (Thread-627) Metrics scheduler closed
2025-08-12 17:19:18,235 INFO  [org.apa.kaf.com.met.Metrics] (Thread-627) Closing reporter org.apache.kafka.common.metrics.JmxReporter
2025-08-12 17:19:18,235 INFO  [org.apa.kaf.com.met.Metrics] (Thread-627) Closing reporter org.apache.kafka.common.telemetry.internals.ClientTelemetryReporter
2025-08-12 17:19:18,235 INFO  [org.apa.kaf.com.met.Metrics] (Thread-627) Metrics reporters closed
2025-08-12 17:19:18,235 INFO  [org.apa.kaf.com.uti.AppInfoParser] (Thread-627) App info kafka.producer for Producer-topic-74e69d6f_cb8b_43d5_9b50_3e71d5d6a5d5 unregistered
**** Registry Base URL: http://registry-app-pg17.apps.ci419.apicurio-testing.org:80
2025-08-12 17:19:18,236 INFO  [org.apa.kaf.cli.con.ConsumerConfig] (main) ConsumerConfig values: 
	allow.auto.create.topics = true
	auto.commit.interval.ms = 500
	auto.include.jmx.reporter = true
	auto.offset.reset = earliest
	bootstrap.servers = [PLAINTEXT://localhost:32769]
	check.crcs = true
	client.dns.lookup = use_all_dns_ips
	client.id = consumer-Consumer-topic-74e69d6f_cb8b_43d5_9b50_3e71d5d6a5d5-5
	client.rack = 
	connections.max.idle.ms = 10000
	default.api.timeout.ms = 60000
	enable.auto.commit = true
	enable.metrics.push = true
	exclude.internal.topics = true
	fetch.max.bytes = 52428800
	fetch.max.wait.ms = 500
	fetch.min.bytes = 1
	group.id = Consumer-topic-74e69d6f_cb8b_43d5_9b50_3e71d5d6a5d5
	group.instance.id = null
	group.protocol = classic
	group.remote.assignor = null
	heartbeat.interval.ms = 3000
	interceptor.classes = []
	internal.leave.group.on.close = true
	internal.throw.on.fetch.stable.offset.unsupported = false
	isolation.level = read_uncommitted
	key.deserializer = class org.apache.kafka.common.serialization.StringDeserializer
	max.partition.fetch.bytes = 1048576
	max.poll.interval.ms = 300000
	max.poll.records = 500
	metadata.max.age.ms = 300000
	metadata.recovery.strategy = none
	metric.reporters = []
	metrics.num.samples = 2
	metrics.recording.level = INFO
	metrics.sample.window.ms = 30000
	partition.assignment.strategy = [class org.apache.kafka.clients.consumer.RangeAssignor, class org.apache.kafka.clients.consumer.CooperativeStickyAssignor]
	receive.buffer.bytes = 65536
	reconnect.backoff.max.ms = 1000
	reconnect.backoff.ms = 50
	request.timeout.ms = 5000
	retry.backoff.max.ms = 1000
	retry.backoff.ms = 100
	sasl.client.callback.handler.class = null
	sasl.jaas.config = null
	sasl.kerberos.kinit.cmd = /usr/bin/kinit
	sasl.kerberos.min.time.before.relogin = 60000
	sasl.kerberos.service.name = null
	sasl.kerberos.ticket.renew.jitter = 0.05
	sasl.kerberos.ticket.renew.window.factor = 0.8
	sasl.login.callback.handler.class = null
	sasl.login.class = null
	sasl.login.connect.timeout.ms = null
	sasl.login.read.timeout.ms = null
	sasl.login.refresh.buffer.seconds = 300
	sasl.login.refresh.min.period.seconds = 60
	sasl.login.refresh.window.factor = 0.8
	sasl.login.refresh.window.jitter = 0.05
	sasl.login.retry.backoff.max.ms = 10000
	sasl.login.retry.backoff.ms = 100
	sasl.mechanism = GSSAPI
	sasl.oauthbearer.clock.skew.seconds = 30
	sasl.oauthbearer.expected.audience = null
	sasl.oauthbearer.expected.issuer = null
	sasl.oauthbearer.header.urlencode = false
	sasl.oauthbearer.jwks.endpoint.refresh.ms = 3600000
	sasl.oauthbearer.jwks.endpoint.retry.backoff.max.ms = 10000
	sasl.oauthbearer.jwks.endpoint.retry.backoff.ms = 100
	sasl.oauthbearer.jwks.endpoint.url = null
	sasl.oauthbearer.scope.claim.name = scope
	sasl.oauthbearer.sub.claim.name = sub
	sasl.oauthbearer.token.endpoint.url = null
	security.protocol = PLAINTEXT
	security.providers = null
	send.buffer.bytes = 131072
	session.timeout.ms = 45000
	socket.connection.setup.timeout.max.ms = 30000
	socket.connection.setup.timeout.ms = 10000
	ssl.cipher.suites = null
	ssl.enabled.protocols = [TLSv1.2, TLSv1.3]
	ssl.endpoint.identification.algorithm = https
	ssl.engine.factory.class = null
	ssl.key.password = null
	ssl.keymanager.algorithm = SunX509
	ssl.keystore.certificate.chain = null
	ssl.keystore.key = null
	ssl.keystore.location = null
	ssl.keystore.password = null
	ssl.keystore.type = JKS
	ssl.protocol = TLSv1.3
	ssl.provider = null
	ssl.secure.random.implementation = null
	ssl.trustmanager.algorithm = PKIX
	ssl.truststore.certificates = null
	ssl.truststore.location = null
	ssl.truststore.password = null
	ssl.truststore.type = JKS
	value.deserializer = class io.apicurio.registry.serde.avro.AvroKafkaDeserializer

2025-08-12 17:19:18,236 INFO  [org.apa.kaf.com.tel.int.KafkaMetricsCollector] (main) initializing Kafka metrics collector
2025-08-12 17:19:18,248 INFO  [org.apa.kaf.cli.con.ConsumerConfig] (main) These configurations '[apicurio.registry.url]' were supplied but are not used yet.
2025-08-12 17:19:18,249 INFO  [org.apa.kaf.com.uti.AppInfoParser] (main) Kafka version: 3.9.1
2025-08-12 17:19:18,249 INFO  [org.apa.kaf.com.uti.AppInfoParser] (main) Kafka commitId: f745dfdcee2b9851
2025-08-12 17:19:18,249 INFO  [org.apa.kaf.com.uti.AppInfoParser] (main) Kafka startTimeMs: 1755019158249
2025-08-12 17:19:18,251 INFO  [org.apa.kaf.cli.con.int.ClassicKafkaConsumer] (Thread-630) [Consumer clientId=consumer-Consumer-topic-74e69d6f_cb8b_43d5_9b50_3e71d5d6a5d5-5, groupId=Consumer-topic-74e69d6f_cb8b_43d5_9b50_3e71d5d6a5d5] Subscribed to topic(s): topic-74e69d6f_cb8b_43d5_9b50_3e71d5d6a5d5
2025-08-12 17:19:18,261 INFO  [org.apa.kaf.cli.Metadata] (Thread-630) [Consumer clientId=consumer-Consumer-topic-74e69d6f_cb8b_43d5_9b50_3e71d5d6a5d5-5, groupId=Consumer-topic-74e69d6f_cb8b_43d5_9b50_3e71d5d6a5d5] Cluster ID: 4rT39ZSJSJuTKBGDmwdYMA
2025-08-12 17:19:18,265 INFO  [org.apa.kaf.cli.con.int.ConsumerCoordinator] (Thread-630) [Consumer clientId=consumer-Consumer-topic-74e69d6f_cb8b_43d5_9b50_3e71d5d6a5d5-5, groupId=Consumer-topic-74e69d6f_cb8b_43d5_9b50_3e71d5d6a5d5] Discovered group coordinator localhost:32769 (id: 2147483647 rack: null)
2025-08-12 17:19:18,267 INFO  [org.apa.kaf.cli.con.int.ConsumerCoordinator] (Thread-630) [Consumer clientId=consumer-Consumer-topic-74e69d6f_cb8b_43d5_9b50_3e71d5d6a5d5-5, groupId=Consumer-topic-74e69d6f_cb8b_43d5_9b50_3e71d5d6a5d5] (Re-)joining group
2025-08-12 17:19:18,274 INFO  [org.apa.kaf.cli.con.int.ConsumerCoordinator] (Thread-630) [Consumer clientId=consumer-Consumer-topic-74e69d6f_cb8b_43d5_9b50_3e71d5d6a5d5-5, groupId=Consumer-topic-74e69d6f_cb8b_43d5_9b50_3e71d5d6a5d5] Request joining group due to: need to re-join with the given member-id: consumer-Consumer-topic-74e69d6f_cb8b_43d5_9b50_3e71d5d6a5d5-5-4b33d8b4-bc30-44c2-846f-855ecf7b504c
2025-08-12 17:19:18,274 INFO  [org.apa.kaf.cli.con.int.ConsumerCoordinator] (Thread-630) [Consumer clientId=consumer-Consumer-topic-74e69d6f_cb8b_43d5_9b50_3e71d5d6a5d5-5, groupId=Consumer-topic-74e69d6f_cb8b_43d5_9b50_3e71d5d6a5d5] (Re-)joining group
2025-08-12 17:19:19,251 INFO  [io.api.tes.ser.api.KafkaSerdesTester] (Thread-630) None found
2025-08-12 17:19:20,251 INFO  [io.api.tes.ser.api.KafkaSerdesTester] (Thread-630) None found
2025-08-12 17:19:21,252 INFO  [io.api.tes.ser.api.KafkaSerdesTester] (Thread-630) None found
2025-08-12 17:19:21,278 INFO  [org.apa.kaf.cli.con.int.ConsumerCoordinator] (Thread-630) [Consumer clientId=consumer-Consumer-topic-74e69d6f_cb8b_43d5_9b50_3e71d5d6a5d5-5, groupId=Consumer-topic-74e69d6f_cb8b_43d5_9b50_3e71d5d6a5d5] Successfully joined group with generation Generation{generationId=1, memberId='consumer-Consumer-topic-74e69d6f_cb8b_43d5_9b50_3e71d5d6a5d5-5-4b33d8b4-bc30-44c2-846f-855ecf7b504c', protocol='range'}
2025-08-12 17:19:21,278 INFO  [org.apa.kaf.cli.con.int.ConsumerCoordinator] (Thread-630) [Consumer clientId=consumer-Consumer-topic-74e69d6f_cb8b_43d5_9b50_3e71d5d6a5d5-5, groupId=Consumer-topic-74e69d6f_cb8b_43d5_9b50_3e71d5d6a5d5] Finished assignment for group at generation 1: {consumer-Consumer-topic-74e69d6f_cb8b_43d5_9b50_3e71d5d6a5d5-5-4b33d8b4-bc30-44c2-846f-855ecf7b504c=Assignment(partitions=[topic-74e69d6f_cb8b_43d5_9b50_3e71d5d6a5d5-0])}
2025-08-12 17:19:21,286 INFO  [org.apa.kaf.cli.con.int.ConsumerCoordinator] (Thread-630) [Consumer clientId=consumer-Consumer-topic-74e69d6f_cb8b_43d5_9b50_3e71d5d6a5d5-5, groupId=Consumer-topic-74e69d6f_cb8b_43d5_9b50_3e71d5d6a5d5] Successfully synced group in generation Generation{generationId=1, memberId='consumer-Consumer-topic-74e69d6f_cb8b_43d5_9b50_3e71d5d6a5d5-5-4b33d8b4-bc30-44c2-846f-855ecf7b504c', protocol='range'}
2025-08-12 17:19:21,286 INFO  [org.apa.kaf.cli.con.int.ConsumerCoordinator] (Thread-630) [Consumer clientId=consumer-Consumer-topic-74e69d6f_cb8b_43d5_9b50_3e71d5d6a5d5-5, groupId=Consumer-topic-74e69d6f_cb8b_43d5_9b50_3e71d5d6a5d5] Notifying assignor about the new Assignment(partitions=[topic-74e69d6f_cb8b_43d5_9b50_3e71d5d6a5d5-0])
2025-08-12 17:19:21,286 INFO  [org.apa.kaf.cli.con.int.ConsumerRebalanceListenerInvoker] (Thread-630) [Consumer clientId=consumer-Consumer-topic-74e69d6f_cb8b_43d5_9b50_3e71d5d6a5d5-5, groupId=Consumer-topic-74e69d6f_cb8b_43d5_9b50_3e71d5d6a5d5] Adding newly assigned partitions: topic-74e69d6f_cb8b_43d5_9b50_3e71d5d6a5d5-0
2025-08-12 17:19:21,287 INFO  [org.apa.kaf.cli.con.int.ConsumerCoordinator] (Thread-630) [Consumer clientId=consumer-Consumer-topic-74e69d6f_cb8b_43d5_9b50_3e71d5d6a5d5-5, groupId=Consumer-topic-74e69d6f_cb8b_43d5_9b50_3e71d5d6a5d5] Found no committed offset for partition topic-74e69d6f_cb8b_43d5_9b50_3e71d5d6a5d5-0
2025-08-12 17:19:21,288 INFO  [org.apa.kaf.cli.con.int.SubscriptionState] (Thread-630) [Consumer clientId=consumer-Consumer-topic-74e69d6f_cb8b_43d5_9b50_3e71d5d6a5d5-5, groupId=Consumer-topic-74e69d6f_cb8b_43d5_9b50_3e71d5d6a5d5] Resetting offset for partition topic-74e69d6f_cb8b_43d5_9b50_3e71d5d6a5d5-0 to position FetchPosition{offset=0, offsetEpoch=Optional.empty, currentLeader=LeaderAndEpoch{leader=Optional[localhost:32769 (id: 0 rack: null)], epoch=0}}.
2025-08-12 17:19:21,328 INFO  [io.api.tes.ser.api.KafkaSerdesTester] (Thread-630) topic-74e69d6f_cb8b_43d5_9b50_3e71d5d6a5d5 0 0 {"key11755019157064": "value-0"}
2025-08-12 17:19:21,328 INFO  [io.api.tes.ser.api.KafkaSerdesTester] (Thread-630) topic-74e69d6f_cb8b_43d5_9b50_3e71d5d6a5d5 0 1 {"key11755019157064": "value-1"}
2025-08-12 17:19:21,328 INFO  [io.api.tes.ser.api.KafkaSerdesTester] (Thread-630) topic-74e69d6f_cb8b_43d5_9b50_3e71d5d6a5d5 0 2 {"key11755019157064": "value-2"}
2025-08-12 17:19:21,328 INFO  [io.api.tes.ser.api.KafkaSerdesTester] (Thread-630) topic-74e69d6f_cb8b_43d5_9b50_3e71d5d6a5d5 0 3 {"key11755019157064": "value-3"}
2025-08-12 17:19:21,328 INFO  [io.api.tes.ser.api.KafkaSerdesTester] (Thread-630) topic-74e69d6f_cb8b_43d5_9b50_3e71d5d6a5d5 0 4 {"key11755019157064": "value-4"}
2025-08-12 17:19:21,328 INFO  [io.api.tes.ser.api.KafkaSerdesTester] (Thread-630) topic-74e69d6f_cb8b_43d5_9b50_3e71d5d6a5d5 0 5 {"key11755019157064": "value-5"}
2025-08-12 17:19:21,328 INFO  [io.api.tes.ser.api.KafkaSerdesTester] (Thread-630) topic-74e69d6f_cb8b_43d5_9b50_3e71d5d6a5d5 0 6 {"key11755019157064": "value-6"}
2025-08-12 17:19:21,328 INFO  [io.api.tes.ser.api.KafkaSerdesTester] (Thread-630) topic-74e69d6f_cb8b_43d5_9b50_3e71d5d6a5d5 0 7 {"key11755019157064": "value-7"}
2025-08-12 17:19:21,328 INFO  [io.api.tes.ser.api.KafkaSerdesTester] (Thread-630) topic-74e69d6f_cb8b_43d5_9b50_3e71d5d6a5d5 0 8 {"key11755019157064": "value-8"}
2025-08-12 17:19:21,328 INFO  [io.api.tes.ser.api.KafkaSerdesTester] (Thread-630) topic-74e69d6f_cb8b_43d5_9b50_3e71d5d6a5d5 0 9 {"key11755019157064": "value-9"}
2025-08-12 17:19:21,328 INFO  [io.api.tes.ser.api.KafkaSerdesTester] (Thread-630) Consumed 10 messages
2025-08-12 17:19:21,336 INFO  [org.apa.kaf.cli.con.int.ConsumerRebalanceListenerInvoker] (Thread-630) [Consumer clientId=consumer-Consumer-topic-74e69d6f_cb8b_43d5_9b50_3e71d5d6a5d5-5, groupId=Consumer-topic-74e69d6f_cb8b_43d5_9b50_3e71d5d6a5d5] Revoke previously assigned partitions topic-74e69d6f_cb8b_43d5_9b50_3e71d5d6a5d5-0
2025-08-12 17:19:21,336 INFO  [org.apa.kaf.cli.con.int.ConsumerCoordinator] (Thread-630) [Consumer clientId=consumer-Consumer-topic-74e69d6f_cb8b_43d5_9b50_3e71d5d6a5d5-5, groupId=Consumer-topic-74e69d6f_cb8b_43d5_9b50_3e71d5d6a5d5] Member consumer-Consumer-topic-74e69d6f_cb8b_43d5_9b50_3e71d5d6a5d5-5-4b33d8b4-bc30-44c2-846f-855ecf7b504c sending LeaveGroup request to coordinator localhost:32769 (id: 2147483647 rack: null) due to the consumer is being closed
2025-08-12 17:19:21,337 INFO  [org.apa.kaf.cli.con.int.ConsumerCoordinator] (Thread-630) [Consumer clientId=consumer-Consumer-topic-74e69d6f_cb8b_43d5_9b50_3e71d5d6a5d5-5, groupId=Consumer-topic-74e69d6f_cb8b_43d5_9b50_3e71d5d6a5d5] Resetting generation and member id due to: consumer pro-actively leaving the group
2025-08-12 17:19:21,337 INFO  [org.apa.kaf.cli.con.int.ConsumerCoordinator] (Thread-630) [Consumer clientId=consumer-Consumer-topic-74e69d6f_cb8b_43d5_9b50_3e71d5d6a5d5-5, groupId=Consumer-topic-74e69d6f_cb8b_43d5_9b50_3e71d5d6a5d5] Request joining group due to: consumer pro-actively leaving the group
2025-08-12 17:19:21,833 INFO  [org.apa.kaf.com.met.Metrics] (Thread-630) Metrics scheduler closed
2025-08-12 17:19:21,833 INFO  [org.apa.kaf.com.met.Metrics] (Thread-630) Closing reporter org.apache.kafka.common.metrics.JmxReporter
2025-08-12 17:19:21,833 INFO  [org.apa.kaf.com.met.Metrics] (Thread-630) Closing reporter org.apache.kafka.common.telemetry.internals.ClientTelemetryReporter
2025-08-12 17:19:21,833 INFO  [org.apa.kaf.com.met.Metrics] (Thread-630) Metrics reporters closed
2025-08-12 17:19:21,838 INFO  [org.apa.kaf.com.uti.AppInfoParser] (Thread-630) App info kafka.consumer for consumer-Consumer-topic-74e69d6f_cb8b_43d5_9b50_3e71d5d6a5d5-5 unregistered
2025-08-12 17:19:21,840 INFO  [io.api.tes.uti.TestSeparator] (main) io.apicurio.tests.serdes.apicurio.AvroSerdeIT.testRecordIdStrategydFindLatest-FINISHED
2025-08-12 17:19:21,840 INFO  [io.api.tes.uti.TestSeparator] (main) ############################################################################
Test passed: testRecordIdStrategydFindLatest
]]></system-out>
  </testcase>
  <testcase name="testReflectAutoRegister" classname="io.apicurio.tests.serdes.apicurio.AvroSerdeIT" time="3.877">
    <system-out><![CDATA[2025-08-12 17:19:21,842 INFO  [io.api.tes.uti.TestSeparator] (main) ############################################################################
2025-08-12 17:19:21,842 INFO  [io.api.tes.uti.TestSeparator] (main) io.apicurio.tests.serdes.apicurio.AvroSerdeIT.testReflectAutoRegister-STARTED
**** Registry Base URL: http://registry-app-pg17.apps.ci419.apicurio-testing.org:80
2025-08-12 17:19:21,845 INFO  [org.apa.kaf.cli.pro.ProducerConfig] (main) ProducerConfig values: 
	acks = -1
	auto.include.jmx.reporter = true
	batch.size = 16384
	bootstrap.servers = [PLAINTEXT://localhost:32769]
	buffer.memory = 33554432
	client.dns.lookup = use_all_dns_ips
	client.id = Producer-topic-43d78125_15af_49fb_aecc_1989b466123c
	compression.gzip.level = -1
	compression.lz4.level = 9
	compression.type = none
	compression.zstd.level = 3
	connections.max.idle.ms = 10000
	delivery.timeout.ms = 120000
	enable.idempotence = true
	enable.metrics.push = true
	interceptor.classes = []
	key.serializer = class org.apache.kafka.common.serialization.StringSerializer
	linger.ms = 0
	max.block.ms = 60000
	max.in.flight.requests.per.connection = 5
	max.request.size = 1048576
	metadata.max.age.ms = 300000
	metadata.max.idle.ms = 300000
	metadata.recovery.strategy = none
	metric.reporters = []
	metrics.num.samples = 2
	metrics.recording.level = INFO
	metrics.sample.window.ms = 30000
	partitioner.adaptive.partitioning.enable = true
	partitioner.availability.timeout.ms = 0
	partitioner.class = null
	partitioner.ignore.keys = false
	receive.buffer.bytes = 32768
	reconnect.backoff.max.ms = 1000
	reconnect.backoff.ms = 50
	request.timeout.ms = 5000
	retries = 2147483647
	retry.backoff.max.ms = 1000
	retry.backoff.ms = 100
	sasl.client.callback.handler.class = null
	sasl.jaas.config = null
	sasl.kerberos.kinit.cmd = /usr/bin/kinit
	sasl.kerberos.min.time.before.relogin = 60000
	sasl.kerberos.service.name = null
	sasl.kerberos.ticket.renew.jitter = 0.05
	sasl.kerberos.ticket.renew.window.factor = 0.8
	sasl.login.callback.handler.class = null
	sasl.login.class = null
	sasl.login.connect.timeout.ms = null
	sasl.login.read.timeout.ms = null
	sasl.login.refresh.buffer.seconds = 300
	sasl.login.refresh.min.period.seconds = 60
	sasl.login.refresh.window.factor = 0.8
	sasl.login.refresh.window.jitter = 0.05
	sasl.login.retry.backoff.max.ms = 10000
	sasl.login.retry.backoff.ms = 100
	sasl.mechanism = GSSAPI
	sasl.oauthbearer.clock.skew.seconds = 30
	sasl.oauthbearer.expected.audience = null
	sasl.oauthbearer.expected.issuer = null
	sasl.oauthbearer.header.urlencode = false
	sasl.oauthbearer.jwks.endpoint.refresh.ms = 3600000
	sasl.oauthbearer.jwks.endpoint.retry.backoff.max.ms = 10000
	sasl.oauthbearer.jwks.endpoint.retry.backoff.ms = 100
	sasl.oauthbearer.jwks.endpoint.url = null
	sasl.oauthbearer.scope.claim.name = scope
	sasl.oauthbearer.sub.claim.name = sub
	sasl.oauthbearer.token.endpoint.url = null
	security.protocol = PLAINTEXT
	security.providers = null
	send.buffer.bytes = 131072
	socket.connection.setup.timeout.max.ms = 30000
	socket.connection.setup.timeout.ms = 10000
	ssl.cipher.suites = null
	ssl.enabled.protocols = [TLSv1.2, TLSv1.3]
	ssl.endpoint.identification.algorithm = https
	ssl.engine.factory.class = null
	ssl.key.password = null
	ssl.keymanager.algorithm = SunX509
	ssl.keystore.certificate.chain = null
	ssl.keystore.key = null
	ssl.keystore.location = null
	ssl.keystore.password = null
	ssl.keystore.type = JKS
	ssl.protocol = TLSv1.3
	ssl.provider = null
	ssl.secure.random.implementation = null
	ssl.trustmanager.algorithm = PKIX
	ssl.truststore.certificates = null
	ssl.truststore.location = null
	ssl.truststore.password = null
	ssl.truststore.type = JKS
	transaction.timeout.ms = 60000
	transactional.id = null
	value.serializer = class io.apicurio.registry.serde.avro.AvroKafkaSerializer

2025-08-12 17:19:21,845 INFO  [org.apa.kaf.com.tel.int.KafkaMetricsCollector] (main) initializing Kafka metrics collector
2025-08-12 17:19:21,858 INFO  [org.apa.kaf.cli.pro.KafkaProducer] (main) [Producer clientId=Producer-topic-43d78125_15af_49fb_aecc_1989b466123c] Instantiated an idempotent producer.
2025-08-12 17:19:21,861 INFO  [org.apa.kaf.cli.pro.ProducerConfig] (main) These configurations '[apicurio.registry.url, apicurio.registry.auto-register, apicurio.registry.artifact-resolver-strategy, apicurio.registry.avro-datum-provider]' were supplied but are not used yet.
2025-08-12 17:19:21,861 INFO  [org.apa.kaf.com.uti.AppInfoParser] (main) Kafka version: 3.9.1
2025-08-12 17:19:21,861 INFO  [org.apa.kaf.com.uti.AppInfoParser] (main) Kafka commitId: f745dfdcee2b9851
2025-08-12 17:19:21,861 INFO  [org.apa.kaf.com.uti.AppInfoParser] (main) Kafka startTimeMs: 1755019161861
2025-08-12 17:19:21,861 INFO  [io.api.tes.ser.api.SimpleSerdesTesterBuilder$SimpleSerdesTester] (main) Using producer configuration: {apicurio.registry.url=http://registry-app-pg17.apps.ci419.apicurio-testing.org:80/apis/registry/v3, apicurio.registry.auto-register=true, apicurio.registry.artifact-resolver-strategy=io.apicurio.registry.serde.strategy.TopicIdStrategy, value.serializer=io.apicurio.registry.serde.avro.AvroKafkaSerializer, request.timeout.ms=5000, acks=all, bootstrap.servers=PLAINTEXT://localhost:32769, connections.max.idle.ms=10000, key.serializer=org.apache.kafka.common.serialization.StringSerializer, apicurio.registry.avro-datum-provider=io.apicurio.registry.serde.avro.ReflectAvroDatumProvider, client.id=Producer-topic-43d78125_15af_49fb_aecc_1989b466123c}
2025-08-12 17:19:21,861 INFO  [io.api.tes.ser.api.SimpleSerdesTesterBuilder$SimpleSerdesTester] (main) Using consumer configuration: {apicurio.registry.avro-datum-provider=io.apicurio.registry.serde.avro.ReflectAvroDatumProvider}
2025-08-12 17:19:21,863 INFO  [io.api.tes.ser.api.KafkaSerdesTester] (Thread-633) Sending message io.apicurio.tests.common.serdes.TestObject@3dbd29cb to topic topic-43d78125_15af_49fb_aecc_1989b466123c
2025-08-12 17:19:21,868 WARN  [org.apa.kaf.cli.NetworkClient] (kafka-producer-network-thread | Producer-topic-43d78125_15af_49fb_aecc_1989b466123c) [Producer clientId=Producer-topic-43d78125_15af_49fb_aecc_1989b466123c] The metadata response from the cluster reported a recoverable issue with correlation id 1 : {topic-43d78125_15af_49fb_aecc_1989b466123c=UNKNOWN_TOPIC_OR_PARTITION}
2025-08-12 17:19:21,868 INFO  [org.apa.kaf.cli.Metadata] (kafka-producer-network-thread | Producer-topic-43d78125_15af_49fb_aecc_1989b466123c) [Producer clientId=Producer-topic-43d78125_15af_49fb_aecc_1989b466123c] Cluster ID: 4rT39ZSJSJuTKBGDmwdYMA
2025-08-12 17:19:21,869 INFO  [org.apa.kaf.cli.pro.int.TransactionManager] (kafka-producer-network-thread | Producer-topic-43d78125_15af_49fb_aecc_1989b466123c) [Producer clientId=Producer-topic-43d78125_15af_49fb_aecc_1989b466123c] ProducerId set to 6 with epoch 0
2025-08-12 17:19:22,051 INFO  [io.api.tes.ser.api.KafkaSerdesTester] (Thread-633) Sending message io.apicurio.tests.common.serdes.TestObject@3dbd29cb to topic topic-43d78125_15af_49fb_aecc_1989b466123c
2025-08-12 17:19:22,054 INFO  [io.api.tes.ser.api.KafkaSerdesTester] (Thread-633) Sending message io.apicurio.tests.common.serdes.TestObject@3dbd29cb to topic topic-43d78125_15af_49fb_aecc_1989b466123c
2025-08-12 17:19:22,056 INFO  [io.api.tes.ser.api.KafkaSerdesTester] (Thread-633) Sending message io.apicurio.tests.common.serdes.TestObject@3dbd29cb to topic topic-43d78125_15af_49fb_aecc_1989b466123c
2025-08-12 17:19:22,062 INFO  [io.api.tes.ser.api.KafkaSerdesTester] (Thread-633) Sending message io.apicurio.tests.common.serdes.TestObject@3dbd29cb to topic topic-43d78125_15af_49fb_aecc_1989b466123c
2025-08-12 17:19:22,064 INFO  [io.api.tes.ser.api.KafkaSerdesTester] (Thread-633) Sending message io.apicurio.tests.common.serdes.TestObject@3dbd29cb to topic topic-43d78125_15af_49fb_aecc_1989b466123c
2025-08-12 17:19:22,069 INFO  [io.api.tes.ser.api.KafkaSerdesTester] (Thread-633) Sending message io.apicurio.tests.common.serdes.TestObject@3dbd29cb to topic topic-43d78125_15af_49fb_aecc_1989b466123c
2025-08-12 17:19:22,073 INFO  [io.api.tes.ser.api.KafkaSerdesTester] (Thread-633) Sending message io.apicurio.tests.common.serdes.TestObject@3dbd29cb to topic topic-43d78125_15af_49fb_aecc_1989b466123c
2025-08-12 17:19:22,078 INFO  [io.api.tes.ser.api.KafkaSerdesTester] (Thread-633) Sending message io.apicurio.tests.common.serdes.TestObject@3dbd29cb to topic topic-43d78125_15af_49fb_aecc_1989b466123c
2025-08-12 17:19:22,082 INFO  [io.api.tes.ser.api.KafkaSerdesTester] (Thread-633) Sending message io.apicurio.tests.common.serdes.TestObject@3dbd29cb to topic topic-43d78125_15af_49fb_aecc_1989b466123c
2025-08-12 17:19:22,086 INFO  [io.api.tes.ser.api.KafkaSerdesTester] (Thread-633) Produced 10 messages
2025-08-12 17:19:22,086 INFO  [org.apa.kaf.cli.pro.KafkaProducer] (Thread-633) [Producer clientId=Producer-topic-43d78125_15af_49fb_aecc_1989b466123c] Closing the Kafka producer with timeoutMillis = 9223372036854775807 ms.
2025-08-12 17:19:22,093 INFO  [org.apa.kaf.com.met.Metrics] (Thread-633) Metrics scheduler closed
2025-08-12 17:19:22,093 INFO  [org.apa.kaf.com.met.Metrics] (Thread-633) Closing reporter org.apache.kafka.common.metrics.JmxReporter
2025-08-12 17:19:22,093 INFO  [org.apa.kaf.com.met.Metrics] (Thread-633) Closing reporter org.apache.kafka.common.telemetry.internals.ClientTelemetryReporter
2025-08-12 17:19:22,093 INFO  [org.apa.kaf.com.met.Metrics] (Thread-633) Metrics reporters closed
2025-08-12 17:19:22,093 INFO  [org.apa.kaf.com.uti.AppInfoParser] (Thread-633) App info kafka.producer for Producer-topic-43d78125_15af_49fb_aecc_1989b466123c unregistered
**** Registry Base URL: http://registry-app-pg17.apps.ci419.apicurio-testing.org:80
2025-08-12 17:19:22,128 INFO  [org.apa.kaf.cli.con.ConsumerConfig] (main) ConsumerConfig values: 
	allow.auto.create.topics = true
	auto.commit.interval.ms = 500
	auto.include.jmx.reporter = true
	auto.offset.reset = earliest
	bootstrap.servers = [PLAINTEXT://localhost:32769]
	check.crcs = true
	client.dns.lookup = use_all_dns_ips
	client.id = consumer-Consumer-topic-43d78125_15af_49fb_aecc_1989b466123c-6
	client.rack = 
	connections.max.idle.ms = 10000
	default.api.timeout.ms = 60000
	enable.auto.commit = true
	enable.metrics.push = true
	exclude.internal.topics = true
	fetch.max.bytes = 52428800
	fetch.max.wait.ms = 500
	fetch.min.bytes = 1
	group.id = Consumer-topic-43d78125_15af_49fb_aecc_1989b466123c
	group.instance.id = null
	group.protocol = classic
	group.remote.assignor = null
	heartbeat.interval.ms = 3000
	interceptor.classes = []
	internal.leave.group.on.close = true
	internal.throw.on.fetch.stable.offset.unsupported = false
	isolation.level = read_uncommitted
	key.deserializer = class org.apache.kafka.common.serialization.StringDeserializer
	max.partition.fetch.bytes = 1048576
	max.poll.interval.ms = 300000
	max.poll.records = 500
	metadata.max.age.ms = 300000
	metadata.recovery.strategy = none
	metric.reporters = []
	metrics.num.samples = 2
	metrics.recording.level = INFO
	metrics.sample.window.ms = 30000
	partition.assignment.strategy = [class org.apache.kafka.clients.consumer.RangeAssignor, class org.apache.kafka.clients.consumer.CooperativeStickyAssignor]
	receive.buffer.bytes = 65536
	reconnect.backoff.max.ms = 1000
	reconnect.backoff.ms = 50
	request.timeout.ms = 5000
	retry.backoff.max.ms = 1000
	retry.backoff.ms = 100
	sasl.client.callback.handler.class = null
	sasl.jaas.config = null
	sasl.kerberos.kinit.cmd = /usr/bin/kinit
	sasl.kerberos.min.time.before.relogin = 60000
	sasl.kerberos.service.name = null
	sasl.kerberos.ticket.renew.jitter = 0.05
	sasl.kerberos.ticket.renew.window.factor = 0.8
	sasl.login.callback.handler.class = null
	sasl.login.class = null
	sasl.login.connect.timeout.ms = null
	sasl.login.read.timeout.ms = null
	sasl.login.refresh.buffer.seconds = 300
	sasl.login.refresh.min.period.seconds = 60
	sasl.login.refresh.window.factor = 0.8
	sasl.login.refresh.window.jitter = 0.05
	sasl.login.retry.backoff.max.ms = 10000
	sasl.login.retry.backoff.ms = 100
	sasl.mechanism = GSSAPI
	sasl.oauthbearer.clock.skew.seconds = 30
	sasl.oauthbearer.expected.audience = null
	sasl.oauthbearer.expected.issuer = null
	sasl.oauthbearer.header.urlencode = false
	sasl.oauthbearer.jwks.endpoint.refresh.ms = 3600000
	sasl.oauthbearer.jwks.endpoint.retry.backoff.max.ms = 10000
	sasl.oauthbearer.jwks.endpoint.retry.backoff.ms = 100
	sasl.oauthbearer.jwks.endpoint.url = null
	sasl.oauthbearer.scope.claim.name = scope
	sasl.oauthbearer.sub.claim.name = sub
	sasl.oauthbearer.token.endpoint.url = null
	security.protocol = PLAINTEXT
	security.providers = null
	send.buffer.bytes = 131072
	session.timeout.ms = 45000
	socket.connection.setup.timeout.max.ms = 30000
	socket.connection.setup.timeout.ms = 10000
	ssl.cipher.suites = null
	ssl.enabled.protocols = [TLSv1.2, TLSv1.3]
	ssl.endpoint.identification.algorithm = https
	ssl.engine.factory.class = null
	ssl.key.password = null
	ssl.keymanager.algorithm = SunX509
	ssl.keystore.certificate.chain = null
	ssl.keystore.key = null
	ssl.keystore.location = null
	ssl.keystore.password = null
	ssl.keystore.type = JKS
	ssl.protocol = TLSv1.3
	ssl.provider = null
	ssl.secure.random.implementation = null
	ssl.trustmanager.algorithm = PKIX
	ssl.truststore.certificates = null
	ssl.truststore.location = null
	ssl.truststore.password = null
	ssl.truststore.type = JKS
	value.deserializer = class io.apicurio.registry.serde.avro.AvroKafkaDeserializer

2025-08-12 17:19:22,129 INFO  [org.apa.kaf.com.tel.int.KafkaMetricsCollector] (main) initializing Kafka metrics collector
2025-08-12 17:19:22,134 INFO  [org.apa.kaf.cli.con.ConsumerConfig] (main) These configurations '[apicurio.registry.url, apicurio.registry.avro-datum-provider]' were supplied but are not used yet.
2025-08-12 17:19:22,134 INFO  [org.apa.kaf.com.uti.AppInfoParser] (main) Kafka version: 3.9.1
2025-08-12 17:19:22,134 INFO  [org.apa.kaf.com.uti.AppInfoParser] (main) Kafka commitId: f745dfdcee2b9851
2025-08-12 17:19:22,134 INFO  [org.apa.kaf.com.uti.AppInfoParser] (main) Kafka startTimeMs: 1755019162134
2025-08-12 17:19:22,134 INFO  [org.apa.kaf.cli.con.int.ClassicKafkaConsumer] (Thread-636) [Consumer clientId=consumer-Consumer-topic-43d78125_15af_49fb_aecc_1989b466123c-6, groupId=Consumer-topic-43d78125_15af_49fb_aecc_1989b466123c] Subscribed to topic(s): topic-43d78125_15af_49fb_aecc_1989b466123c
2025-08-12 17:19:22,140 INFO  [org.apa.kaf.cli.Metadata] (Thread-636) [Consumer clientId=consumer-Consumer-topic-43d78125_15af_49fb_aecc_1989b466123c-6, groupId=Consumer-topic-43d78125_15af_49fb_aecc_1989b466123c] Cluster ID: 4rT39ZSJSJuTKBGDmwdYMA
2025-08-12 17:19:22,141 INFO  [org.apa.kaf.cli.con.int.ConsumerCoordinator] (Thread-636) [Consumer clientId=consumer-Consumer-topic-43d78125_15af_49fb_aecc_1989b466123c-6, groupId=Consumer-topic-43d78125_15af_49fb_aecc_1989b466123c] Discovered group coordinator localhost:32769 (id: 2147483647 rack: null)
2025-08-12 17:19:22,142 INFO  [org.apa.kaf.cli.con.int.ConsumerCoordinator] (Thread-636) [Consumer clientId=consumer-Consumer-topic-43d78125_15af_49fb_aecc_1989b466123c-6, groupId=Consumer-topic-43d78125_15af_49fb_aecc_1989b466123c] (Re-)joining group
2025-08-12 17:19:22,146 INFO  [org.apa.kaf.cli.con.int.ConsumerCoordinator] (Thread-636) [Consumer clientId=consumer-Consumer-topic-43d78125_15af_49fb_aecc_1989b466123c-6, groupId=Consumer-topic-43d78125_15af_49fb_aecc_1989b466123c] Request joining group due to: need to re-join with the given member-id: consumer-Consumer-topic-43d78125_15af_49fb_aecc_1989b466123c-6-88e5d2c6-eecf-4c76-a5bd-ec26274c26e6
2025-08-12 17:19:22,146 INFO  [org.apa.kaf.cli.con.int.ConsumerCoordinator] (Thread-636) [Consumer clientId=consumer-Consumer-topic-43d78125_15af_49fb_aecc_1989b466123c-6, groupId=Consumer-topic-43d78125_15af_49fb_aecc_1989b466123c] (Re-)joining group
2025-08-12 17:19:23,134 INFO  [io.api.tes.ser.api.KafkaSerdesTester] (Thread-636) None found
2025-08-12 17:19:24,134 INFO  [io.api.tes.ser.api.KafkaSerdesTester] (Thread-636) None found
2025-08-12 17:19:25,135 INFO  [io.api.tes.ser.api.KafkaSerdesTester] (Thread-636) None found
2025-08-12 17:19:25,150 INFO  [org.apa.kaf.cli.con.int.ConsumerCoordinator] (Thread-636) [Consumer clientId=consumer-Consumer-topic-43d78125_15af_49fb_aecc_1989b466123c-6, groupId=Consumer-topic-43d78125_15af_49fb_aecc_1989b466123c] Successfully joined group with generation Generation{generationId=1, memberId='consumer-Consumer-topic-43d78125_15af_49fb_aecc_1989b466123c-6-88e5d2c6-eecf-4c76-a5bd-ec26274c26e6', protocol='range'}
2025-08-12 17:19:25,150 INFO  [org.apa.kaf.cli.con.int.ConsumerCoordinator] (Thread-636) [Consumer clientId=consumer-Consumer-topic-43d78125_15af_49fb_aecc_1989b466123c-6, groupId=Consumer-topic-43d78125_15af_49fb_aecc_1989b466123c] Finished assignment for group at generation 1: {consumer-Consumer-topic-43d78125_15af_49fb_aecc_1989b466123c-6-88e5d2c6-eecf-4c76-a5bd-ec26274c26e6=Assignment(partitions=[topic-43d78125_15af_49fb_aecc_1989b466123c-0])}
2025-08-12 17:19:25,157 INFO  [org.apa.kaf.cli.con.int.ConsumerCoordinator] (Thread-636) [Consumer clientId=consumer-Consumer-topic-43d78125_15af_49fb_aecc_1989b466123c-6, groupId=Consumer-topic-43d78125_15af_49fb_aecc_1989b466123c] Successfully synced group in generation Generation{generationId=1, memberId='consumer-Consumer-topic-43d78125_15af_49fb_aecc_1989b466123c-6-88e5d2c6-eecf-4c76-a5bd-ec26274c26e6', protocol='range'}
2025-08-12 17:19:25,158 INFO  [org.apa.kaf.cli.con.int.ConsumerCoordinator] (Thread-636) [Consumer clientId=consumer-Consumer-topic-43d78125_15af_49fb_aecc_1989b466123c-6, groupId=Consumer-topic-43d78125_15af_49fb_aecc_1989b466123c] Notifying assignor about the new Assignment(partitions=[topic-43d78125_15af_49fb_aecc_1989b466123c-0])
2025-08-12 17:19:25,158 INFO  [org.apa.kaf.cli.con.int.ConsumerRebalanceListenerInvoker] (Thread-636) [Consumer clientId=consumer-Consumer-topic-43d78125_15af_49fb_aecc_1989b466123c-6, groupId=Consumer-topic-43d78125_15af_49fb_aecc_1989b466123c] Adding newly assigned partitions: topic-43d78125_15af_49fb_aecc_1989b466123c-0
2025-08-12 17:19:25,159 INFO  [org.apa.kaf.cli.con.int.ConsumerCoordinator] (Thread-636) [Consumer clientId=consumer-Consumer-topic-43d78125_15af_49fb_aecc_1989b466123c-6, groupId=Consumer-topic-43d78125_15af_49fb_aecc_1989b466123c] Found no committed offset for partition topic-43d78125_15af_49fb_aecc_1989b466123c-0
2025-08-12 17:19:25,164 INFO  [org.apa.kaf.cli.con.int.SubscriptionState] (Thread-636) [Consumer clientId=consumer-Consumer-topic-43d78125_15af_49fb_aecc_1989b466123c-6, groupId=Consumer-topic-43d78125_15af_49fb_aecc_1989b466123c] Resetting offset for partition topic-43d78125_15af_49fb_aecc_1989b466123c-0 to position FetchPosition{offset=0, offsetEpoch=Optional.empty, currentLeader=LeaderAndEpoch{leader=Optional[localhost:32769 (id: 0 rack: null)], epoch=0}}.
2025-08-12 17:19:25,208 INFO  [io.api.tes.ser.api.KafkaSerdesTester] (Thread-636) topic-43d78125_15af_49fb_aecc_1989b466123c 0 0 io.apicurio.tests.common.serdes.TestObject@3dbd29cb
2025-08-12 17:19:25,209 INFO  [io.api.tes.ser.api.KafkaSerdesTester] (Thread-636) topic-43d78125_15af_49fb_aecc_1989b466123c 0 1 io.apicurio.tests.common.serdes.TestObject@3dbd29cb
2025-08-12 17:19:25,209 INFO  [io.api.tes.ser.api.KafkaSerdesTester] (Thread-636) topic-43d78125_15af_49fb_aecc_1989b466123c 0 2 io.apicurio.tests.common.serdes.TestObject@3dbd29cb
2025-08-12 17:19:25,209 INFO  [io.api.tes.ser.api.KafkaSerdesTester] (Thread-636) topic-43d78125_15af_49fb_aecc_1989b466123c 0 3 io.apicurio.tests.common.serdes.TestObject@3dbd29cb
2025-08-12 17:19:25,209 INFO  [io.api.tes.ser.api.KafkaSerdesTester] (Thread-636) topic-43d78125_15af_49fb_aecc_1989b466123c 0 4 io.apicurio.tests.common.serdes.TestObject@3dbd29cb
2025-08-12 17:19:25,209 INFO  [io.api.tes.ser.api.KafkaSerdesTester] (Thread-636) topic-43d78125_15af_49fb_aecc_1989b466123c 0 5 io.apicurio.tests.common.serdes.TestObject@3dbd29cb
2025-08-12 17:19:25,209 INFO  [io.api.tes.ser.api.KafkaSerdesTester] (Thread-636) topic-43d78125_15af_49fb_aecc_1989b466123c 0 6 io.apicurio.tests.common.serdes.TestObject@3dbd29cb
2025-08-12 17:19:25,209 INFO  [io.api.tes.ser.api.KafkaSerdesTester] (Thread-636) topic-43d78125_15af_49fb_aecc_1989b466123c 0 7 io.apicurio.tests.common.serdes.TestObject@3dbd29cb
2025-08-12 17:19:25,209 INFO  [io.api.tes.ser.api.KafkaSerdesTester] (Thread-636) topic-43d78125_15af_49fb_aecc_1989b466123c 0 8 io.apicurio.tests.common.serdes.TestObject@3dbd29cb
2025-08-12 17:19:25,209 INFO  [io.api.tes.ser.api.KafkaSerdesTester] (Thread-636) topic-43d78125_15af_49fb_aecc_1989b466123c 0 9 io.apicurio.tests.common.serdes.TestObject@3dbd29cb
2025-08-12 17:19:25,209 INFO  [io.api.tes.ser.api.KafkaSerdesTester] (Thread-636) Consumed 10 messages
2025-08-12 17:19:25,218 INFO  [org.apa.kaf.cli.con.int.ConsumerRebalanceListenerInvoker] (Thread-636) [Consumer clientId=consumer-Consumer-topic-43d78125_15af_49fb_aecc_1989b466123c-6, groupId=Consumer-topic-43d78125_15af_49fb_aecc_1989b466123c] Revoke previously assigned partitions topic-43d78125_15af_49fb_aecc_1989b466123c-0
2025-08-12 17:19:25,218 INFO  [org.apa.kaf.cli.con.int.ConsumerCoordinator] (Thread-636) [Consumer clientId=consumer-Consumer-topic-43d78125_15af_49fb_aecc_1989b466123c-6, groupId=Consumer-topic-43d78125_15af_49fb_aecc_1989b466123c] Member consumer-Consumer-topic-43d78125_15af_49fb_aecc_1989b466123c-6-88e5d2c6-eecf-4c76-a5bd-ec26274c26e6 sending LeaveGroup request to coordinator localhost:32769 (id: 2147483647 rack: null) due to the consumer is being closed
2025-08-12 17:19:25,218 INFO  [org.apa.kaf.cli.con.int.ConsumerCoordinator] (Thread-636) [Consumer clientId=consumer-Consumer-topic-43d78125_15af_49fb_aecc_1989b466123c-6, groupId=Consumer-topic-43d78125_15af_49fb_aecc_1989b466123c] Resetting generation and member id due to: consumer pro-actively leaving the group
2025-08-12 17:19:25,218 INFO  [org.apa.kaf.cli.con.int.ConsumerCoordinator] (Thread-636) [Consumer clientId=consumer-Consumer-topic-43d78125_15af_49fb_aecc_1989b466123c-6, groupId=Consumer-topic-43d78125_15af_49fb_aecc_1989b466123c] Request joining group due to: consumer pro-actively leaving the group
2025-08-12 17:19:25,714 INFO  [org.apa.kaf.com.met.Metrics] (Thread-636) Metrics scheduler closed
2025-08-12 17:19:25,714 INFO  [org.apa.kaf.com.met.Metrics] (Thread-636) Closing reporter org.apache.kafka.common.metrics.JmxReporter
2025-08-12 17:19:25,714 INFO  [org.apa.kaf.com.met.Metrics] (Thread-636) Closing reporter org.apache.kafka.common.telemetry.internals.ClientTelemetryReporter
2025-08-12 17:19:25,714 INFO  [org.apa.kaf.com.met.Metrics] (Thread-636) Metrics reporters closed
2025-08-12 17:19:25,717 INFO  [org.apa.kaf.com.uti.AppInfoParser] (Thread-636) App info kafka.consumer for consumer-Consumer-topic-43d78125_15af_49fb_aecc_1989b466123c-6 unregistered
2025-08-12 17:19:25,718 INFO  [io.api.tes.uti.TestSeparator] (main) io.apicurio.tests.serdes.apicurio.AvroSerdeIT.testReflectAutoRegister-FINISHED
2025-08-12 17:19:25,718 INFO  [io.api.tes.uti.TestSeparator] (main) ############################################################################
Test passed: testReflectAutoRegister
]]></system-out>
  </testcase>
  <testcase name="testArtifactNotFound" classname="io.apicurio.tests.serdes.apicurio.AvroSerdeIT" time="0.188">
    <system-out><![CDATA[2025-08-12 17:19:25,719 INFO  [io.api.tes.uti.TestSeparator] (main) ############################################################################
2025-08-12 17:19:25,719 INFO  [io.api.tes.uti.TestSeparator] (main) io.apicurio.tests.serdes.apicurio.AvroSerdeIT.testArtifactNotFound-STARTED
**** Registry Base URL: http://registry-app-pg17.apps.ci419.apicurio-testing.org:80
2025-08-12 17:19:25,724 INFO  [org.apa.kaf.cli.pro.ProducerConfig] (main) ProducerConfig values: 
	acks = -1
	auto.include.jmx.reporter = true
	batch.size = 16384
	bootstrap.servers = [PLAINTEXT://localhost:32769]
	buffer.memory = 33554432
	client.dns.lookup = use_all_dns_ips
	client.id = Producer-s05083ca9x8b4fx4f4axbc8bxe001779d7a0c
	compression.gzip.level = -1
	compression.lz4.level = 9
	compression.type = none
	compression.zstd.level = 3
	connections.max.idle.ms = 10000
	delivery.timeout.ms = 120000
	enable.idempotence = true
	enable.metrics.push = true
	interceptor.classes = []
	key.serializer = class org.apache.kafka.common.serialization.StringSerializer
	linger.ms = 0
	max.block.ms = 60000
	max.in.flight.requests.per.connection = 5
	max.request.size = 1048576
	metadata.max.age.ms = 300000
	metadata.max.idle.ms = 300000
	metadata.recovery.strategy = none
	metric.reporters = []
	metrics.num.samples = 2
	metrics.recording.level = INFO
	metrics.sample.window.ms = 30000
	partitioner.adaptive.partitioning.enable = true
	partitioner.availability.timeout.ms = 0
	partitioner.class = null
	partitioner.ignore.keys = false
	receive.buffer.bytes = 32768
	reconnect.backoff.max.ms = 1000
	reconnect.backoff.ms = 50
	request.timeout.ms = 5000
	retries = 2147483647
	retry.backoff.max.ms = 1000
	retry.backoff.ms = 100
	sasl.client.callback.handler.class = null
	sasl.jaas.config = null
	sasl.kerberos.kinit.cmd = /usr/bin/kinit
	sasl.kerberos.min.time.before.relogin = 60000
	sasl.kerberos.service.name = null
	sasl.kerberos.ticket.renew.jitter = 0.05
	sasl.kerberos.ticket.renew.window.factor = 0.8
	sasl.login.callback.handler.class = null
	sasl.login.class = null
	sasl.login.connect.timeout.ms = null
	sasl.login.read.timeout.ms = null
	sasl.login.refresh.buffer.seconds = 300
	sasl.login.refresh.min.period.seconds = 60
	sasl.login.refresh.window.factor = 0.8
	sasl.login.refresh.window.jitter = 0.05
	sasl.login.retry.backoff.max.ms = 10000
	sasl.login.retry.backoff.ms = 100
	sasl.mechanism = GSSAPI
	sasl.oauthbearer.clock.skew.seconds = 30
	sasl.oauthbearer.expected.audience = null
	sasl.oauthbearer.expected.issuer = null
	sasl.oauthbearer.header.urlencode = false
	sasl.oauthbearer.jwks.endpoint.refresh.ms = 3600000
	sasl.oauthbearer.jwks.endpoint.retry.backoff.max.ms = 10000
	sasl.oauthbearer.jwks.endpoint.retry.backoff.ms = 100
	sasl.oauthbearer.jwks.endpoint.url = null
	sasl.oauthbearer.scope.claim.name = scope
	sasl.oauthbearer.sub.claim.name = sub
	sasl.oauthbearer.token.endpoint.url = null
	security.protocol = PLAINTEXT
	security.providers = null
	send.buffer.bytes = 131072
	socket.connection.setup.timeout.max.ms = 30000
	socket.connection.setup.timeout.ms = 10000
	ssl.cipher.suites = null
	ssl.enabled.protocols = [TLSv1.2, TLSv1.3]
	ssl.endpoint.identification.algorithm = https
	ssl.engine.factory.class = null
	ssl.key.password = null
	ssl.keymanager.algorithm = SunX509
	ssl.keystore.certificate.chain = null
	ssl.keystore.key = null
	ssl.keystore.location = null
	ssl.keystore.password = null
	ssl.keystore.type = JKS
	ssl.protocol = TLSv1.3
	ssl.provider = null
	ssl.secure.random.implementation = null
	ssl.trustmanager.algorithm = PKIX
	ssl.truststore.certificates = null
	ssl.truststore.location = null
	ssl.truststore.password = null
	ssl.truststore.type = JKS
	transaction.timeout.ms = 60000
	transactional.id = null
	value.serializer = class io.apicurio.registry.serde.avro.AvroKafkaSerializer

2025-08-12 17:19:25,724 INFO  [org.apa.kaf.com.tel.int.KafkaMetricsCollector] (main) initializing Kafka metrics collector
2025-08-12 17:19:25,729 INFO  [org.apa.kaf.cli.pro.KafkaProducer] (main) [Producer clientId=Producer-s05083ca9x8b4fx4f4axbc8bxe001779d7a0c] Instantiated an idempotent producer.
2025-08-12 17:19:25,731 INFO  [org.apa.kaf.cli.pro.ProducerConfig] (main) These configurations '[apicurio.registry.url, apicurio.registry.artifact-resolver-strategy]' were supplied but are not used yet.
2025-08-12 17:19:25,731 INFO  [org.apa.kaf.com.uti.AppInfoParser] (main) Kafka version: 3.9.1
2025-08-12 17:19:25,731 INFO  [org.apa.kaf.com.uti.AppInfoParser] (main) Kafka commitId: f745dfdcee2b9851
2025-08-12 17:19:25,731 INFO  [org.apa.kaf.com.uti.AppInfoParser] (main) Kafka startTimeMs: 1755019165731
2025-08-12 17:19:25,733 INFO  [io.api.tes.ser.api.KafkaSerdesTester] (Thread-639) Sending message {"keyB": "value-0"} to topic s05083ca9x8b4fx4f4axbc8bxe001779d7a0c
2025-08-12 17:19:25,736 WARN  [org.apa.kaf.cli.NetworkClient] (kafka-producer-network-thread | Producer-s05083ca9x8b4fx4f4axbc8bxe001779d7a0c) [Producer clientId=Producer-s05083ca9x8b4fx4f4axbc8bxe001779d7a0c] The metadata response from the cluster reported a recoverable issue with correlation id 1 : {s05083ca9x8b4fx4f4axbc8bxe001779d7a0c=UNKNOWN_TOPIC_OR_PARTITION}
2025-08-12 17:19:25,736 INFO  [org.apa.kaf.cli.Metadata] (kafka-producer-network-thread | Producer-s05083ca9x8b4fx4f4axbc8bxe001779d7a0c) [Producer clientId=Producer-s05083ca9x8b4fx4f4axbc8bxe001779d7a0c] Cluster ID: 4rT39ZSJSJuTKBGDmwdYMA
2025-08-12 17:19:25,736 INFO  [org.apa.kaf.cli.pro.int.TransactionManager] (kafka-producer-network-thread | Producer-s05083ca9x8b4fx4f4axbc8bxe001779d7a0c) [Producer clientId=Producer-s05083ca9x8b4fx4f4axbc8bxe001779d7a0c] ProducerId set to 7 with epoch 0
2025-08-12 17:19:25,856 INFO  [DefaultSchemaResolver] (Thread-639) Retrieving schema content using string: {"type":"record","name":"myrecord","namespace":"mygroup","fields":[{"name":"keyB","type":"string"}]}
2025-08-12 17:19:25,903 INFO  [org.apa.kaf.cli.pro.KafkaProducer] (Thread-639) [Producer clientId=Producer-s05083ca9x8b4fx4f4axbc8bxe001779d7a0c] Closing the Kafka producer with timeoutMillis = 9223372036854775807 ms.
2025-08-12 17:19:25,905 INFO  [org.apa.kaf.com.met.Metrics] (Thread-639) Metrics scheduler closed
2025-08-12 17:19:25,905 INFO  [org.apa.kaf.com.met.Metrics] (Thread-639) Closing reporter org.apache.kafka.common.metrics.JmxReporter
2025-08-12 17:19:25,905 INFO  [org.apa.kaf.com.met.Metrics] (Thread-639) Closing reporter org.apache.kafka.common.telemetry.internals.ClientTelemetryReporter
2025-08-12 17:19:25,905 INFO  [org.apa.kaf.com.met.Metrics] (Thread-639) Metrics reporters closed
2025-08-12 17:19:25,906 INFO  [org.apa.kaf.com.uti.AppInfoParser] (Thread-639) App info kafka.producer for Producer-s05083ca9x8b4fx4f4axbc8bxe001779d7a0c unregistered
2025-08-12 17:19:25,906 INFO  [io.api.tes.uti.TestSeparator] (main) io.apicurio.tests.serdes.apicurio.AvroSerdeIT.testArtifactNotFound-FINISHED
2025-08-12 17:19:25,906 INFO  [io.api.tes.uti.TestSeparator] (main) ############################################################################
Test passed: testArtifactNotFound
]]></system-out>
    <system-err><![CDATA[java.lang.RuntimeException: Could not resolve artifact reference by content: {"type":"record","name":"myrecord","namespace":"mygroup","fields":[{"name":"keyB","type":"string"}]}&ArtifactReference [groupId=default, artifactId=s05083ca9x8b4fx4f4axbc8bxe001779d7a0c-value, version=null, globalId=null, contentId=null, contentHash=null]
	at io.apicurio.registry.resolver.DefaultSchemaResolver.lambda$handleResolveSchemaByContent$3(DefaultSchemaResolver.java:265)
	at io.apicurio.registry.resolver.cache.ERCache.lambda$getValue$0(ERCache.java:174)
	at io.apicurio.registry.resolver.cache.ERCache.retry(ERCache.java:227)
	at io.apicurio.registry.resolver.cache.ERCache.getValue(ERCache.java:173)
	at io.apicurio.registry.resolver.cache.ERCache.getByContent(ERCache.java:147)
	at io.apicurio.registry.resolver.DefaultSchemaResolver.handleResolveSchemaByContent(DefaultSchemaResolver.java:253)
	at io.apicurio.registry.resolver.DefaultSchemaResolver.getSchemaFromRegistry(DefaultSchemaResolver.java:138)
	at io.apicurio.registry.resolver.DefaultSchemaResolver.lambda$resolveSchema$0(DefaultSchemaResolver.java:84)
	at java.base/java.util.Optional.orElseGet(Optional.java:364)
	at io.apicurio.registry.resolver.DefaultSchemaResolver.resolveSchema(DefaultSchemaResolver.java:84)
	at io.apicurio.registry.serde.AbstractSerializer.serializeData(AbstractSerializer.java:62)
	at io.apicurio.registry.serde.KafkaSerializer.serialize(KafkaSerializer.java:77)
	at org.apache.kafka.clients.producer.KafkaProducer.doSend(KafkaProducer.java:1046)
	at org.apache.kafka.clients.producer.KafkaProducer.send(KafkaProducer.java:993)
	at org.apache.kafka.clients.producer.KafkaProducer.send(KafkaProducer.java:875)
	at io.apicurio.tests.serdes.apicurio.KafkaSerdesTester.lambda$produceMessages$3(KafkaSerdesTester.java:138)
	at java.base/java.util.concurrent.CompletableFuture$AsyncSupply.run(CompletableFuture.java:1768)
	at java.base/java.lang.Thread.run(Thread.java:840)
]]></system-err>
  </testcase>
  <testcase name="testAvroSerDesFailDifferentSchemaByRecordName" classname="io.apicurio.tests.serdes.apicurio.AvroSerdeIT" time="1.101">
    <system-out><![CDATA[2025-08-12 17:19:25,908 INFO  [io.api.tes.uti.TestSeparator] (main) ############################################################################
2025-08-12 17:19:25,909 INFO  [io.api.tes.uti.TestSeparator] (main) io.apicurio.tests.serdes.apicurio.AvroSerdeIT.testAvroSerDesFailDifferentSchemaByRecordName-STARTED
**** Registry Base URL: http://registry-app-pg17.apps.ci419.apicurio-testing.org:80
2025-08-12 17:19:26,966 INFO  [org.apa.kaf.cli.pro.ProducerConfig] (main) ProducerConfig values: 
	acks = -1
	auto.include.jmx.reporter = true
	batch.size = 16384
	bootstrap.servers = [PLAINTEXT://localhost:32769]
	buffer.memory = 33554432
	client.dns.lookup = use_all_dns_ips
	client.id = Producer-topic-8e4d5d38_9fec_4829_867b_e32238cf2453
	compression.gzip.level = -1
	compression.lz4.level = 9
	compression.type = none
	compression.zstd.level = 3
	connections.max.idle.ms = 10000
	delivery.timeout.ms = 120000
	enable.idempotence = true
	enable.metrics.push = true
	interceptor.classes = []
	key.serializer = class org.apache.kafka.common.serialization.StringSerializer
	linger.ms = 0
	max.block.ms = 60000
	max.in.flight.requests.per.connection = 5
	max.request.size = 1048576
	metadata.max.age.ms = 300000
	metadata.max.idle.ms = 300000
	metadata.recovery.strategy = none
	metric.reporters = []
	metrics.num.samples = 2
	metrics.recording.level = INFO
	metrics.sample.window.ms = 30000
	partitioner.adaptive.partitioning.enable = true
	partitioner.availability.timeout.ms = 0
	partitioner.class = null
	partitioner.ignore.keys = false
	receive.buffer.bytes = 32768
	reconnect.backoff.max.ms = 1000
	reconnect.backoff.ms = 50
	request.timeout.ms = 5000
	retries = 2147483647
	retry.backoff.max.ms = 1000
	retry.backoff.ms = 100
	sasl.client.callback.handler.class = null
	sasl.jaas.config = null
	sasl.kerberos.kinit.cmd = /usr/bin/kinit
	sasl.kerberos.min.time.before.relogin = 60000
	sasl.kerberos.service.name = null
	sasl.kerberos.ticket.renew.jitter = 0.05
	sasl.kerberos.ticket.renew.window.factor = 0.8
	sasl.login.callback.handler.class = null
	sasl.login.class = null
	sasl.login.connect.timeout.ms = null
	sasl.login.read.timeout.ms = null
	sasl.login.refresh.buffer.seconds = 300
	sasl.login.refresh.min.period.seconds = 60
	sasl.login.refresh.window.factor = 0.8
	sasl.login.refresh.window.jitter = 0.05
	sasl.login.retry.backoff.max.ms = 10000
	sasl.login.retry.backoff.ms = 100
	sasl.mechanism = GSSAPI
	sasl.oauthbearer.clock.skew.seconds = 30
	sasl.oauthbearer.expected.audience = null
	sasl.oauthbearer.expected.issuer = null
	sasl.oauthbearer.header.urlencode = false
	sasl.oauthbearer.jwks.endpoint.refresh.ms = 3600000
	sasl.oauthbearer.jwks.endpoint.retry.backoff.max.ms = 10000
	sasl.oauthbearer.jwks.endpoint.retry.backoff.ms = 100
	sasl.oauthbearer.jwks.endpoint.url = null
	sasl.oauthbearer.scope.claim.name = scope
	sasl.oauthbearer.sub.claim.name = sub
	sasl.oauthbearer.token.endpoint.url = null
	security.protocol = PLAINTEXT
	security.providers = null
	send.buffer.bytes = 131072
	socket.connection.setup.timeout.max.ms = 30000
	socket.connection.setup.timeout.ms = 10000
	ssl.cipher.suites = null
	ssl.enabled.protocols = [TLSv1.2, TLSv1.3]
	ssl.endpoint.identification.algorithm = https
	ssl.engine.factory.class = null
	ssl.key.password = null
	ssl.keymanager.algorithm = SunX509
	ssl.keystore.certificate.chain = null
	ssl.keystore.key = null
	ssl.keystore.location = null
	ssl.keystore.password = null
	ssl.keystore.type = JKS
	ssl.protocol = TLSv1.3
	ssl.provider = null
	ssl.secure.random.implementation = null
	ssl.trustmanager.algorithm = PKIX
	ssl.truststore.certificates = null
	ssl.truststore.location = null
	ssl.truststore.password = null
	ssl.truststore.type = JKS
	transaction.timeout.ms = 60000
	transactional.id = null
	value.serializer = class io.apicurio.registry.serde.avro.AvroKafkaSerializer

2025-08-12 17:19:26,966 INFO  [org.apa.kaf.com.tel.int.KafkaMetricsCollector] (main) initializing Kafka metrics collector
2025-08-12 17:19:26,969 INFO  [org.apa.kaf.cli.pro.KafkaProducer] (main) [Producer clientId=Producer-topic-8e4d5d38_9fec_4829_867b_e32238cf2453] Instantiated an idempotent producer.
2025-08-12 17:19:26,971 INFO  [org.apa.kaf.cli.pro.ProducerConfig] (main) These configurations '[apicurio.registry.find-latest, apicurio.registry.url, apicurio.registry.artifact-resolver-strategy]' were supplied but are not used yet.
2025-08-12 17:19:26,971 INFO  [org.apa.kaf.com.uti.AppInfoParser] (main) Kafka version: 3.9.1
2025-08-12 17:19:26,971 INFO  [org.apa.kaf.com.uti.AppInfoParser] (main) Kafka commitId: f745dfdcee2b9851
2025-08-12 17:19:26,971 INFO  [org.apa.kaf.com.uti.AppInfoParser] (main) Kafka startTimeMs: 1755019166971
2025-08-12 17:19:26,972 INFO  [io.api.tes.ser.api.KafkaSerdesTester] (Thread-642) Sending message {"keyB": "value-0"} to topic topic-8e4d5d38_9fec_4829_867b_e32238cf2453
2025-08-12 17:19:26,976 INFO  [org.apa.kaf.cli.Metadata] (kafka-producer-network-thread | Producer-topic-8e4d5d38_9fec_4829_867b_e32238cf2453) [Producer clientId=Producer-topic-8e4d5d38_9fec_4829_867b_e32238cf2453] Cluster ID: 4rT39ZSJSJuTKBGDmwdYMA
2025-08-12 17:19:26,977 INFO  [org.apa.kaf.cli.pro.int.TransactionManager] (kafka-producer-network-thread | Producer-topic-8e4d5d38_9fec_4829_867b_e32238cf2453) [Producer clientId=Producer-topic-8e4d5d38_9fec_4829_867b_e32238cf2453] ProducerId set to 8 with epoch 0
2025-08-12 17:19:27,004 INFO  [org.apa.kaf.cli.pro.KafkaProducer] (Thread-642) [Producer clientId=Producer-topic-8e4d5d38_9fec_4829_867b_e32238cf2453] Closing the Kafka producer with timeoutMillis = 9223372036854775807 ms.
2025-08-12 17:19:27,006 INFO  [org.apa.kaf.com.met.Metrics] (Thread-642) Metrics scheduler closed
2025-08-12 17:19:27,006 INFO  [org.apa.kaf.com.met.Metrics] (Thread-642) Closing reporter org.apache.kafka.common.metrics.JmxReporter
2025-08-12 17:19:27,006 INFO  [org.apa.kaf.com.met.Metrics] (Thread-642) Closing reporter org.apache.kafka.common.telemetry.internals.ClientTelemetryReporter
2025-08-12 17:19:27,006 INFO  [org.apa.kaf.com.met.Metrics] (Thread-642) Metrics reporters closed
2025-08-12 17:19:27,006 INFO  [org.apa.kaf.com.uti.AppInfoParser] (Thread-642) App info kafka.producer for Producer-topic-8e4d5d38_9fec_4829_867b_e32238cf2453 unregistered
2025-08-12 17:19:27,007 INFO  [io.api.tes.uti.TestSeparator] (main) io.apicurio.tests.serdes.apicurio.AvroSerdeIT.testAvroSerDesFailDifferentSchemaByRecordName-FINISHED
2025-08-12 17:19:27,007 INFO  [io.api.tes.uti.TestSeparator] (main) ############################################################################
Test passed: testAvroSerDesFailDifferentSchemaByRecordName
]]></system-out>
    <system-err><![CDATA[io.apicurio.registry.rest.client.models.ProblemDetails
	at io.apicurio.registry.rest.client.models.ProblemDetails.createFromDiscriminatorValue(ProblemDetails.java:58)
	at io.kiota.serialization.json.JsonParseNode.getObjectValue(JsonParseNode.java:247)
	at io.kiota.http.vertx.VertXRequestAdapter.lambda$throwIfFailedResponse$0(VertXRequestAdapter.java:400)
	at com.microsoft.kiota.ApiExceptionBuilder.<init>(ApiExceptionBuilder.java:26)
	at io.kiota.http.vertx.VertXRequestAdapter.throwIfFailedResponse(VertXRequestAdapter.java:399)
	at io.kiota.http.vertx.VertXRequestAdapter.send(VertXRequestAdapter.java:170)
	at io.apicurio.registry.rest.client.groups.item.artifacts.item.versions.item.WithVersionExpressionItemRequestBuilder.get(WithVersionExpressionItemRequestBuilder.java:128)
	at io.apicurio.registry.rest.client.groups.item.artifacts.item.versions.item.WithVersionExpressionItemRequestBuilder.get(WithVersionExpressionItemRequestBuilder.java:111)
	at io.apicurio.registry.resolver.client.RegistryClientFacadeImpl.getVersionCoordinatesByGAV(RegistryClientFacadeImpl.java:159)
	at io.apicurio.registry.resolver.DefaultSchemaResolver.resolveByCoordinates(DefaultSchemaResolver.java:352)
	at io.apicurio.registry.resolver.DefaultSchemaResolver.lambda$resolveSchemaByArtifactReferenceCached$6(DefaultSchemaResolver.java:340)
	at io.apicurio.registry.resolver.cache.ERCache.lambda$getValue$0(ERCache.java:174)
	at io.apicurio.registry.resolver.cache.ERCache.retry(ERCache.java:227)
	at io.apicurio.registry.resolver.cache.ERCache.getValue(ERCache.java:173)
	at io.apicurio.registry.resolver.cache.ERCache.getByArtifactCoordinates(ERCache.java:158)
	at io.apicurio.registry.resolver.DefaultSchemaResolver.resolveSchemaByArtifactReferenceCached(DefaultSchemaResolver.java:338)
	at io.apicurio.registry.resolver.DefaultSchemaResolver.resolveSchemaByCoordinates(DefaultSchemaResolver.java:193)
	at io.apicurio.registry.resolver.DefaultSchemaResolver.getSchemaFromRegistry(DefaultSchemaResolver.java:130)
	at io.apicurio.registry.resolver.DefaultSchemaResolver.lambda$resolveSchema$0(DefaultSchemaResolver.java:84)
	at java.base/java.util.Optional.orElseGet(Optional.java:364)
	at io.apicurio.registry.resolver.DefaultSchemaResolver.resolveSchema(DefaultSchemaResolver.java:84)
	at io.apicurio.registry.serde.AbstractSerializer.serializeData(AbstractSerializer.java:62)
	at io.apicurio.registry.serde.KafkaSerializer.serialize(KafkaSerializer.java:77)
	at org.apache.kafka.clients.producer.KafkaProducer.doSend(KafkaProducer.java:1046)
	at org.apache.kafka.clients.producer.KafkaProducer.send(KafkaProducer.java:993)
	at org.apache.kafka.clients.producer.KafkaProducer.send(KafkaProducer.java:875)
	at io.apicurio.tests.serdes.apicurio.KafkaSerdesTester.lambda$produceMessages$3(KafkaSerdesTester.java:138)
	at java.base/java.util.concurrent.CompletableFuture$AsyncSupply.run(CompletableFuture.java:1768)
	at java.base/java.lang.Thread.run(Thread.java:840)
]]></system-err>
  </testcase>
  <testcase name="testTopicIdStrategyFindLatest" classname="io.apicurio.tests.serdes.apicurio.AvroSerdeIT" time="4.743">
    <system-out><![CDATA[2025-08-12 17:19:27,012 INFO  [io.api.tes.uti.TestSeparator] (main) ############################################################################
2025-08-12 17:19:27,012 INFO  [io.api.tes.uti.TestSeparator] (main) io.apicurio.tests.serdes.apicurio.AvroSerdeIT.testTopicIdStrategyFindLatest-STARTED
2025-08-12 17:19:27,015 INFO  [io.api.tes.ser.api.AvroSerdeIT] (main) Registering Avro Schema: {"type":"record","name":"myrecordapicurio1","fields":[{"name":"key11755019167012","type":"string"}]}
**** Registry Base URL: http://registry-app-pg17.apps.ci419.apicurio-testing.org:80
2025-08-12 17:19:28,065 INFO  [org.apa.kaf.cli.pro.ProducerConfig] (main) ProducerConfig values: 
	acks = -1
	auto.include.jmx.reporter = true
	batch.size = 16384
	bootstrap.servers = [PLAINTEXT://localhost:32769]
	buffer.memory = 33554432
	client.dns.lookup = use_all_dns_ips
	client.id = Producer-topic-ea9a3089_3527_466b_903a_eac90d21538c
	compression.gzip.level = -1
	compression.lz4.level = 9
	compression.type = none
	compression.zstd.level = 3
	connections.max.idle.ms = 10000
	delivery.timeout.ms = 120000
	enable.idempotence = true
	enable.metrics.push = true
	interceptor.classes = []
	key.serializer = class org.apache.kafka.common.serialization.StringSerializer
	linger.ms = 0
	max.block.ms = 60000
	max.in.flight.requests.per.connection = 5
	max.request.size = 1048576
	metadata.max.age.ms = 300000
	metadata.max.idle.ms = 300000
	metadata.recovery.strategy = none
	metric.reporters = []
	metrics.num.samples = 2
	metrics.recording.level = INFO
	metrics.sample.window.ms = 30000
	partitioner.adaptive.partitioning.enable = true
	partitioner.availability.timeout.ms = 0
	partitioner.class = null
	partitioner.ignore.keys = false
	receive.buffer.bytes = 32768
	reconnect.backoff.max.ms = 1000
	reconnect.backoff.ms = 50
	request.timeout.ms = 5000
	retries = 2147483647
	retry.backoff.max.ms = 1000
	retry.backoff.ms = 100
	sasl.client.callback.handler.class = null
	sasl.jaas.config = null
	sasl.kerberos.kinit.cmd = /usr/bin/kinit
	sasl.kerberos.min.time.before.relogin = 60000
	sasl.kerberos.service.name = null
	sasl.kerberos.ticket.renew.jitter = 0.05
	sasl.kerberos.ticket.renew.window.factor = 0.8
	sasl.login.callback.handler.class = null
	sasl.login.class = null
	sasl.login.connect.timeout.ms = null
	sasl.login.read.timeout.ms = null
	sasl.login.refresh.buffer.seconds = 300
	sasl.login.refresh.min.period.seconds = 60
	sasl.login.refresh.window.factor = 0.8
	sasl.login.refresh.window.jitter = 0.05
	sasl.login.retry.backoff.max.ms = 10000
	sasl.login.retry.backoff.ms = 100
	sasl.mechanism = GSSAPI
	sasl.oauthbearer.clock.skew.seconds = 30
	sasl.oauthbearer.expected.audience = null
	sasl.oauthbearer.expected.issuer = null
	sasl.oauthbearer.header.urlencode = false
	sasl.oauthbearer.jwks.endpoint.refresh.ms = 3600000
	sasl.oauthbearer.jwks.endpoint.retry.backoff.max.ms = 10000
	sasl.oauthbearer.jwks.endpoint.retry.backoff.ms = 100
	sasl.oauthbearer.jwks.endpoint.url = null
	sasl.oauthbearer.scope.claim.name = scope
	sasl.oauthbearer.sub.claim.name = sub
	sasl.oauthbearer.token.endpoint.url = null
	security.protocol = PLAINTEXT
	security.providers = null
	send.buffer.bytes = 131072
	socket.connection.setup.timeout.max.ms = 30000
	socket.connection.setup.timeout.ms = 10000
	ssl.cipher.suites = null
	ssl.enabled.protocols = [TLSv1.2, TLSv1.3]
	ssl.endpoint.identification.algorithm = https
	ssl.engine.factory.class = null
	ssl.key.password = null
	ssl.keymanager.algorithm = SunX509
	ssl.keystore.certificate.chain = null
	ssl.keystore.key = null
	ssl.keystore.location = null
	ssl.keystore.password = null
	ssl.keystore.type = JKS
	ssl.protocol = TLSv1.3
	ssl.provider = null
	ssl.secure.random.implementation = null
	ssl.trustmanager.algorithm = PKIX
	ssl.truststore.certificates = null
	ssl.truststore.location = null
	ssl.truststore.password = null
	ssl.truststore.type = JKS
	transaction.timeout.ms = 60000
	transactional.id = null
	value.serializer = class io.apicurio.registry.serde.avro.AvroKafkaSerializer

2025-08-12 17:19:28,065 INFO  [org.apa.kaf.com.tel.int.KafkaMetricsCollector] (main) initializing Kafka metrics collector
2025-08-12 17:19:28,068 INFO  [org.apa.kaf.cli.pro.KafkaProducer] (main) [Producer clientId=Producer-topic-ea9a3089_3527_466b_903a_eac90d21538c] Instantiated an idempotent producer.
2025-08-12 17:19:28,070 INFO  [org.apa.kaf.cli.pro.ProducerConfig] (main) These configurations '[apicurio.registry.find-latest, apicurio.registry.url, apicurio.registry.artifact-resolver-strategy]' were supplied but are not used yet.
2025-08-12 17:19:28,070 INFO  [org.apa.kaf.com.uti.AppInfoParser] (main) Kafka version: 3.9.1
2025-08-12 17:19:28,070 INFO  [org.apa.kaf.com.uti.AppInfoParser] (main) Kafka commitId: f745dfdcee2b9851
2025-08-12 17:19:28,070 INFO  [org.apa.kaf.com.uti.AppInfoParser] (main) Kafka startTimeMs: 1755019168070
2025-08-12 17:19:28,070 INFO  [io.api.tes.ser.api.SimpleSerdesTesterBuilder$SimpleSerdesTester] (main) Using producer configuration: {apicurio.registry.find-latest=true, apicurio.registry.url=http://registry-app-pg17.apps.ci419.apicurio-testing.org:80/apis/registry/v3, apicurio.registry.artifact-resolver-strategy=io.apicurio.registry.serde.strategy.TopicIdStrategy, value.serializer=io.apicurio.registry.serde.avro.AvroKafkaSerializer, request.timeout.ms=5000, acks=all, bootstrap.servers=PLAINTEXT://localhost:32769, connections.max.idle.ms=10000, key.serializer=org.apache.kafka.common.serialization.StringSerializer, client.id=Producer-topic-ea9a3089_3527_466b_903a_eac90d21538c}
2025-08-12 17:19:28,070 INFO  [io.api.tes.ser.api.SimpleSerdesTesterBuilder$SimpleSerdesTester] (main) Using consumer configuration: {}
2025-08-12 17:19:28,072 INFO  [io.api.tes.ser.api.KafkaSerdesTester] (Thread-645) Sending message {"key11755019167012": "value-0"} to topic topic-ea9a3089_3527_466b_903a_eac90d21538c
2025-08-12 17:19:28,075 INFO  [org.apa.kaf.cli.Metadata] (kafka-producer-network-thread | Producer-topic-ea9a3089_3527_466b_903a_eac90d21538c) [Producer clientId=Producer-topic-ea9a3089_3527_466b_903a_eac90d21538c] Cluster ID: 4rT39ZSJSJuTKBGDmwdYMA
2025-08-12 17:19:28,076 INFO  [org.apa.kaf.cli.pro.int.TransactionManager] (kafka-producer-network-thread | Producer-topic-ea9a3089_3527_466b_903a_eac90d21538c) [Producer clientId=Producer-topic-ea9a3089_3527_466b_903a_eac90d21538c] ProducerId set to 9 with epoch 0
2025-08-12 17:19:28,134 INFO  [io.api.tes.ser.api.KafkaSerdesTester] (Thread-645) Sending message {"key11755019167012": "value-1"} to topic topic-ea9a3089_3527_466b_903a_eac90d21538c
2025-08-12 17:19:28,136 INFO  [io.api.tes.ser.api.KafkaSerdesTester] (Thread-645) Sending message {"key11755019167012": "value-2"} to topic topic-ea9a3089_3527_466b_903a_eac90d21538c
2025-08-12 17:19:28,139 INFO  [io.api.tes.ser.api.KafkaSerdesTester] (Thread-645) Sending message {"key11755019167012": "value-3"} to topic topic-ea9a3089_3527_466b_903a_eac90d21538c
2025-08-12 17:19:28,141 INFO  [io.api.tes.ser.api.KafkaSerdesTester] (Thread-645) Sending message {"key11755019167012": "value-4"} to topic topic-ea9a3089_3527_466b_903a_eac90d21538c
2025-08-12 17:19:28,142 INFO  [io.api.tes.ser.api.KafkaSerdesTester] (Thread-645) Sending message {"key11755019167012": "value-5"} to topic topic-ea9a3089_3527_466b_903a_eac90d21538c
2025-08-12 17:19:28,145 INFO  [io.api.tes.ser.api.KafkaSerdesTester] (Thread-645) Sending message {"key11755019167012": "value-6"} to topic topic-ea9a3089_3527_466b_903a_eac90d21538c
2025-08-12 17:19:28,147 INFO  [io.api.tes.ser.api.KafkaSerdesTester] (Thread-645) Sending message {"key11755019167012": "value-7"} to topic topic-ea9a3089_3527_466b_903a_eac90d21538c
2025-08-12 17:19:28,149 INFO  [io.api.tes.ser.api.KafkaSerdesTester] (Thread-645) Sending message {"key11755019167012": "value-8"} to topic topic-ea9a3089_3527_466b_903a_eac90d21538c
2025-08-12 17:19:28,151 INFO  [io.api.tes.ser.api.KafkaSerdesTester] (Thread-645) Sending message {"key11755019167012": "value-9"} to topic topic-ea9a3089_3527_466b_903a_eac90d21538c
2025-08-12 17:19:28,154 INFO  [io.api.tes.ser.api.KafkaSerdesTester] (Thread-645) Produced 10 messages
2025-08-12 17:19:28,155 INFO  [org.apa.kaf.cli.pro.KafkaProducer] (Thread-645) [Producer clientId=Producer-topic-ea9a3089_3527_466b_903a_eac90d21538c] Closing the Kafka producer with timeoutMillis = 9223372036854775807 ms.
2025-08-12 17:19:28,157 INFO  [org.apa.kaf.com.met.Metrics] (Thread-645) Metrics scheduler closed
2025-08-12 17:19:28,157 INFO  [org.apa.kaf.com.met.Metrics] (Thread-645) Closing reporter org.apache.kafka.common.metrics.JmxReporter
2025-08-12 17:19:28,157 INFO  [org.apa.kaf.com.met.Metrics] (Thread-645) Closing reporter org.apache.kafka.common.telemetry.internals.ClientTelemetryReporter
2025-08-12 17:19:28,158 INFO  [org.apa.kaf.com.met.Metrics] (Thread-645) Metrics reporters closed
2025-08-12 17:19:28,158 INFO  [org.apa.kaf.com.uti.AppInfoParser] (Thread-645) App info kafka.producer for Producer-topic-ea9a3089_3527_466b_903a_eac90d21538c unregistered
**** Registry Base URL: http://registry-app-pg17.apps.ci419.apicurio-testing.org:80
2025-08-12 17:19:28,159 INFO  [org.apa.kaf.cli.con.ConsumerConfig] (main) ConsumerConfig values: 
	allow.auto.create.topics = true
	auto.commit.interval.ms = 500
	auto.include.jmx.reporter = true
	auto.offset.reset = earliest
	bootstrap.servers = [PLAINTEXT://localhost:32769]
	check.crcs = true
	client.dns.lookup = use_all_dns_ips
	client.id = consumer-Consumer-topic-ea9a3089_3527_466b_903a_eac90d21538c-7
	client.rack = 
	connections.max.idle.ms = 10000
	default.api.timeout.ms = 60000
	enable.auto.commit = true
	enable.metrics.push = true
	exclude.internal.topics = true
	fetch.max.bytes = 52428800
	fetch.max.wait.ms = 500
	fetch.min.bytes = 1
	group.id = Consumer-topic-ea9a3089_3527_466b_903a_eac90d21538c
	group.instance.id = null
	group.protocol = classic
	group.remote.assignor = null
	heartbeat.interval.ms = 3000
	interceptor.classes = []
	internal.leave.group.on.close = true
	internal.throw.on.fetch.stable.offset.unsupported = false
	isolation.level = read_uncommitted
	key.deserializer = class org.apache.kafka.common.serialization.StringDeserializer
	max.partition.fetch.bytes = 1048576
	max.poll.interval.ms = 300000
	max.poll.records = 500
	metadata.max.age.ms = 300000
	metadata.recovery.strategy = none
	metric.reporters = []
	metrics.num.samples = 2
	metrics.recording.level = INFO
	metrics.sample.window.ms = 30000
	partition.assignment.strategy = [class org.apache.kafka.clients.consumer.RangeAssignor, class org.apache.kafka.clients.consumer.CooperativeStickyAssignor]
	receive.buffer.bytes = 65536
	reconnect.backoff.max.ms = 1000
	reconnect.backoff.ms = 50
	request.timeout.ms = 5000
	retry.backoff.max.ms = 1000
	retry.backoff.ms = 100
	sasl.client.callback.handler.class = null
	sasl.jaas.config = null
	sasl.kerberos.kinit.cmd = /usr/bin/kinit
	sasl.kerberos.min.time.before.relogin = 60000
	sasl.kerberos.service.name = null
	sasl.kerberos.ticket.renew.jitter = 0.05
	sasl.kerberos.ticket.renew.window.factor = 0.8
	sasl.login.callback.handler.class = null
	sasl.login.class = null
	sasl.login.connect.timeout.ms = null
	sasl.login.read.timeout.ms = null
	sasl.login.refresh.buffer.seconds = 300
	sasl.login.refresh.min.period.seconds = 60
	sasl.login.refresh.window.factor = 0.8
	sasl.login.refresh.window.jitter = 0.05
	sasl.login.retry.backoff.max.ms = 10000
	sasl.login.retry.backoff.ms = 100
	sasl.mechanism = GSSAPI
	sasl.oauthbearer.clock.skew.seconds = 30
	sasl.oauthbearer.expected.audience = null
	sasl.oauthbearer.expected.issuer = null
	sasl.oauthbearer.header.urlencode = false
	sasl.oauthbearer.jwks.endpoint.refresh.ms = 3600000
	sasl.oauthbearer.jwks.endpoint.retry.backoff.max.ms = 10000
	sasl.oauthbearer.jwks.endpoint.retry.backoff.ms = 100
	sasl.oauthbearer.jwks.endpoint.url = null
	sasl.oauthbearer.scope.claim.name = scope
	sasl.oauthbearer.sub.claim.name = sub
	sasl.oauthbearer.token.endpoint.url = null
	security.protocol = PLAINTEXT
	security.providers = null
	send.buffer.bytes = 131072
	session.timeout.ms = 45000
	socket.connection.setup.timeout.max.ms = 30000
	socket.connection.setup.timeout.ms = 10000
	ssl.cipher.suites = null
	ssl.enabled.protocols = [TLSv1.2, TLSv1.3]
	ssl.endpoint.identification.algorithm = https
	ssl.engine.factory.class = null
	ssl.key.password = null
	ssl.keymanager.algorithm = SunX509
	ssl.keystore.certificate.chain = null
	ssl.keystore.key = null
	ssl.keystore.location = null
	ssl.keystore.password = null
	ssl.keystore.type = JKS
	ssl.protocol = TLSv1.3
	ssl.provider = null
	ssl.secure.random.implementation = null
	ssl.trustmanager.algorithm = PKIX
	ssl.truststore.certificates = null
	ssl.truststore.location = null
	ssl.truststore.password = null
	ssl.truststore.type = JKS
	value.deserializer = class io.apicurio.registry.serde.avro.AvroKafkaDeserializer

2025-08-12 17:19:28,159 INFO  [org.apa.kaf.com.tel.int.KafkaMetricsCollector] (main) initializing Kafka metrics collector
2025-08-12 17:19:28,170 INFO  [org.apa.kaf.cli.con.ConsumerConfig] (main) These configurations '[apicurio.registry.url]' were supplied but are not used yet.
2025-08-12 17:19:28,170 INFO  [org.apa.kaf.com.uti.AppInfoParser] (main) Kafka version: 3.9.1
2025-08-12 17:19:28,170 INFO  [org.apa.kaf.com.uti.AppInfoParser] (main) Kafka commitId: f745dfdcee2b9851
2025-08-12 17:19:28,170 INFO  [org.apa.kaf.com.uti.AppInfoParser] (main) Kafka startTimeMs: 1755019168170
2025-08-12 17:19:28,172 INFO  [org.apa.kaf.cli.con.int.ClassicKafkaConsumer] (Thread-648) [Consumer clientId=consumer-Consumer-topic-ea9a3089_3527_466b_903a_eac90d21538c-7, groupId=Consumer-topic-ea9a3089_3527_466b_903a_eac90d21538c] Subscribed to topic(s): topic-ea9a3089_3527_466b_903a_eac90d21538c
2025-08-12 17:19:28,179 INFO  [org.apa.kaf.cli.Metadata] (Thread-648) [Consumer clientId=consumer-Consumer-topic-ea9a3089_3527_466b_903a_eac90d21538c-7, groupId=Consumer-topic-ea9a3089_3527_466b_903a_eac90d21538c] Cluster ID: 4rT39ZSJSJuTKBGDmwdYMA
2025-08-12 17:19:28,180 INFO  [org.apa.kaf.cli.con.int.ConsumerCoordinator] (Thread-648) [Consumer clientId=consumer-Consumer-topic-ea9a3089_3527_466b_903a_eac90d21538c-7, groupId=Consumer-topic-ea9a3089_3527_466b_903a_eac90d21538c] Discovered group coordinator localhost:32769 (id: 2147483647 rack: null)
2025-08-12 17:19:28,182 INFO  [org.apa.kaf.cli.con.int.ConsumerCoordinator] (Thread-648) [Consumer clientId=consumer-Consumer-topic-ea9a3089_3527_466b_903a_eac90d21538c-7, groupId=Consumer-topic-ea9a3089_3527_466b_903a_eac90d21538c] (Re-)joining group
2025-08-12 17:19:28,186 INFO  [org.apa.kaf.cli.con.int.ConsumerCoordinator] (Thread-648) [Consumer clientId=consumer-Consumer-topic-ea9a3089_3527_466b_903a_eac90d21538c-7, groupId=Consumer-topic-ea9a3089_3527_466b_903a_eac90d21538c] Request joining group due to: need to re-join with the given member-id: consumer-Consumer-topic-ea9a3089_3527_466b_903a_eac90d21538c-7-8f225c32-42bd-4f1a-9213-91828d51cba3
2025-08-12 17:19:28,186 INFO  [org.apa.kaf.cli.con.int.ConsumerCoordinator] (Thread-648) [Consumer clientId=consumer-Consumer-topic-ea9a3089_3527_466b_903a_eac90d21538c-7, groupId=Consumer-topic-ea9a3089_3527_466b_903a_eac90d21538c] (Re-)joining group
2025-08-12 17:19:29,173 INFO  [io.api.tes.ser.api.KafkaSerdesTester] (Thread-648) None found
2025-08-12 17:19:30,173 INFO  [io.api.tes.ser.api.KafkaSerdesTester] (Thread-648) None found
2025-08-12 17:19:31,173 INFO  [io.api.tes.ser.api.KafkaSerdesTester] (Thread-648) None found
2025-08-12 17:19:31,190 INFO  [org.apa.kaf.cli.con.int.ConsumerCoordinator] (Thread-648) [Consumer clientId=consumer-Consumer-topic-ea9a3089_3527_466b_903a_eac90d21538c-7, groupId=Consumer-topic-ea9a3089_3527_466b_903a_eac90d21538c] Successfully joined group with generation Generation{generationId=1, memberId='consumer-Consumer-topic-ea9a3089_3527_466b_903a_eac90d21538c-7-8f225c32-42bd-4f1a-9213-91828d51cba3', protocol='range'}
2025-08-12 17:19:31,191 INFO  [org.apa.kaf.cli.con.int.ConsumerCoordinator] (Thread-648) [Consumer clientId=consumer-Consumer-topic-ea9a3089_3527_466b_903a_eac90d21538c-7, groupId=Consumer-topic-ea9a3089_3527_466b_903a_eac90d21538c] Finished assignment for group at generation 1: {consumer-Consumer-topic-ea9a3089_3527_466b_903a_eac90d21538c-7-8f225c32-42bd-4f1a-9213-91828d51cba3=Assignment(partitions=[topic-ea9a3089_3527_466b_903a_eac90d21538c-0])}
2025-08-12 17:19:31,197 INFO  [org.apa.kaf.cli.con.int.ConsumerCoordinator] (Thread-648) [Consumer clientId=consumer-Consumer-topic-ea9a3089_3527_466b_903a_eac90d21538c-7, groupId=Consumer-topic-ea9a3089_3527_466b_903a_eac90d21538c] Successfully synced group in generation Generation{generationId=1, memberId='consumer-Consumer-topic-ea9a3089_3527_466b_903a_eac90d21538c-7-8f225c32-42bd-4f1a-9213-91828d51cba3', protocol='range'}
2025-08-12 17:19:31,197 INFO  [org.apa.kaf.cli.con.int.ConsumerCoordinator] (Thread-648) [Consumer clientId=consumer-Consumer-topic-ea9a3089_3527_466b_903a_eac90d21538c-7, groupId=Consumer-topic-ea9a3089_3527_466b_903a_eac90d21538c] Notifying assignor about the new Assignment(partitions=[topic-ea9a3089_3527_466b_903a_eac90d21538c-0])
2025-08-12 17:19:31,197 INFO  [org.apa.kaf.cli.con.int.ConsumerRebalanceListenerInvoker] (Thread-648) [Consumer clientId=consumer-Consumer-topic-ea9a3089_3527_466b_903a_eac90d21538c-7, groupId=Consumer-topic-ea9a3089_3527_466b_903a_eac90d21538c] Adding newly assigned partitions: topic-ea9a3089_3527_466b_903a_eac90d21538c-0
2025-08-12 17:19:31,198 INFO  [org.apa.kaf.cli.con.int.ConsumerCoordinator] (Thread-648) [Consumer clientId=consumer-Consumer-topic-ea9a3089_3527_466b_903a_eac90d21538c-7, groupId=Consumer-topic-ea9a3089_3527_466b_903a_eac90d21538c] Found no committed offset for partition topic-ea9a3089_3527_466b_903a_eac90d21538c-0
2025-08-12 17:19:31,201 INFO  [org.apa.kaf.cli.con.int.SubscriptionState] (Thread-648) [Consumer clientId=consumer-Consumer-topic-ea9a3089_3527_466b_903a_eac90d21538c-7, groupId=Consumer-topic-ea9a3089_3527_466b_903a_eac90d21538c] Resetting offset for partition topic-ea9a3089_3527_466b_903a_eac90d21538c-0 to position FetchPosition{offset=0, offsetEpoch=Optional.empty, currentLeader=LeaderAndEpoch{leader=Optional[localhost:32769 (id: 0 rack: null)], epoch=0}}.
2025-08-12 17:19:31,245 INFO  [io.api.tes.ser.api.KafkaSerdesTester] (Thread-648) topic-ea9a3089_3527_466b_903a_eac90d21538c 0 0 {"key11755019167012": "value-0"}
2025-08-12 17:19:31,245 INFO  [io.api.tes.ser.api.KafkaSerdesTester] (Thread-648) topic-ea9a3089_3527_466b_903a_eac90d21538c 0 1 {"key11755019167012": "value-1"}
2025-08-12 17:19:31,245 INFO  [io.api.tes.ser.api.KafkaSerdesTester] (Thread-648) topic-ea9a3089_3527_466b_903a_eac90d21538c 0 2 {"key11755019167012": "value-2"}
2025-08-12 17:19:31,245 INFO  [io.api.tes.ser.api.KafkaSerdesTester] (Thread-648) topic-ea9a3089_3527_466b_903a_eac90d21538c 0 3 {"key11755019167012": "value-3"}
2025-08-12 17:19:31,245 INFO  [io.api.tes.ser.api.KafkaSerdesTester] (Thread-648) topic-ea9a3089_3527_466b_903a_eac90d21538c 0 4 {"key11755019167012": "value-4"}
2025-08-12 17:19:31,246 INFO  [io.api.tes.ser.api.KafkaSerdesTester] (Thread-648) topic-ea9a3089_3527_466b_903a_eac90d21538c 0 5 {"key11755019167012": "value-5"}
2025-08-12 17:19:31,246 INFO  [io.api.tes.ser.api.KafkaSerdesTester] (Thread-648) topic-ea9a3089_3527_466b_903a_eac90d21538c 0 6 {"key11755019167012": "value-6"}
2025-08-12 17:19:31,246 INFO  [io.api.tes.ser.api.KafkaSerdesTester] (Thread-648) topic-ea9a3089_3527_466b_903a_eac90d21538c 0 7 {"key11755019167012": "value-7"}
2025-08-12 17:19:31,246 INFO  [io.api.tes.ser.api.KafkaSerdesTester] (Thread-648) topic-ea9a3089_3527_466b_903a_eac90d21538c 0 8 {"key11755019167012": "value-8"}
2025-08-12 17:19:31,246 INFO  [io.api.tes.ser.api.KafkaSerdesTester] (Thread-648) topic-ea9a3089_3527_466b_903a_eac90d21538c 0 9 {"key11755019167012": "value-9"}
2025-08-12 17:19:31,246 INFO  [io.api.tes.ser.api.KafkaSerdesTester] (Thread-648) Consumed 10 messages
2025-08-12 17:19:31,253 INFO  [org.apa.kaf.cli.con.int.ConsumerRebalanceListenerInvoker] (Thread-648) [Consumer clientId=consumer-Consumer-topic-ea9a3089_3527_466b_903a_eac90d21538c-7, groupId=Consumer-topic-ea9a3089_3527_466b_903a_eac90d21538c] Revoke previously assigned partitions topic-ea9a3089_3527_466b_903a_eac90d21538c-0
2025-08-12 17:19:31,253 INFO  [org.apa.kaf.cli.con.int.ConsumerCoordinator] (Thread-648) [Consumer clientId=consumer-Consumer-topic-ea9a3089_3527_466b_903a_eac90d21538c-7, groupId=Consumer-topic-ea9a3089_3527_466b_903a_eac90d21538c] Member consumer-Consumer-topic-ea9a3089_3527_466b_903a_eac90d21538c-7-8f225c32-42bd-4f1a-9213-91828d51cba3 sending LeaveGroup request to coordinator localhost:32769 (id: 2147483647 rack: null) due to the consumer is being closed
2025-08-12 17:19:31,253 INFO  [org.apa.kaf.cli.con.int.ConsumerCoordinator] (Thread-648) [Consumer clientId=consumer-Consumer-topic-ea9a3089_3527_466b_903a_eac90d21538c-7, groupId=Consumer-topic-ea9a3089_3527_466b_903a_eac90d21538c] Resetting generation and member id due to: consumer pro-actively leaving the group
2025-08-12 17:19:31,253 INFO  [org.apa.kaf.cli.con.int.ConsumerCoordinator] (Thread-648) [Consumer clientId=consumer-Consumer-topic-ea9a3089_3527_466b_903a_eac90d21538c-7, groupId=Consumer-topic-ea9a3089_3527_466b_903a_eac90d21538c] Request joining group due to: consumer pro-actively leaving the group
2025-08-12 17:19:31,748 INFO  [org.apa.kaf.com.met.Metrics] (Thread-648) Metrics scheduler closed
2025-08-12 17:19:31,748 INFO  [org.apa.kaf.com.met.Metrics] (Thread-648) Closing reporter org.apache.kafka.common.metrics.JmxReporter
2025-08-12 17:19:31,748 INFO  [org.apa.kaf.com.met.Metrics] (Thread-648) Closing reporter org.apache.kafka.common.telemetry.internals.ClientTelemetryReporter
2025-08-12 17:19:31,748 INFO  [org.apa.kaf.com.met.Metrics] (Thread-648) Metrics reporters closed
2025-08-12 17:19:31,750 INFO  [org.apa.kaf.com.uti.AppInfoParser] (Thread-648) App info kafka.consumer for consumer-Consumer-topic-ea9a3089_3527_466b_903a_eac90d21538c-7 unregistered
2025-08-12 17:19:31,751 INFO  [io.api.tes.uti.TestSeparator] (main) io.apicurio.tests.serdes.apicurio.AvroSerdeIT.testTopicIdStrategyFindLatest-FINISHED
2025-08-12 17:19:31,751 INFO  [io.api.tes.uti.TestSeparator] (main) ############################################################################
Test passed: testTopicIdStrategyFindLatest
]]></system-out>
  </testcase>
  <testcase name="testAvroUnionWithSpecificReader" classname="io.apicurio.tests.serdes.apicurio.AvroSerdeIT" time="4.002">
    <system-out><![CDATA[2025-08-12 17:19:31,754 INFO  [io.api.tes.uti.TestSeparator] (main) ############################################################################
2025-08-12 17:19:31,754 INFO  [io.api.tes.uti.TestSeparator] (main) io.apicurio.tests.serdes.apicurio.AvroSerdeIT.testAvroUnionWithSpecificReader-STARTED
**** Registry Base URL: http://registry-app-pg17.apps.ci419.apicurio-testing.org:80
2025-08-12 17:19:31,760 INFO  [org.apa.kaf.cli.pro.ProducerConfig] (main) ProducerConfig values: 
	acks = -1
	auto.include.jmx.reporter = true
	batch.size = 16384
	bootstrap.servers = [PLAINTEXT://localhost:32769]
	buffer.memory = 33554432
	client.dns.lookup = use_all_dns_ips
	client.id = Producer-topic-98053591_7b8d_4dbc_9009_1a05afbf9408
	compression.gzip.level = -1
	compression.lz4.level = 9
	compression.type = none
	compression.zstd.level = 3
	connections.max.idle.ms = 10000
	delivery.timeout.ms = 120000
	enable.idempotence = true
	enable.metrics.push = true
	interceptor.classes = []
	key.serializer = class org.apache.kafka.common.serialization.StringSerializer
	linger.ms = 0
	max.block.ms = 60000
	max.in.flight.requests.per.connection = 5
	max.request.size = 1048576
	metadata.max.age.ms = 300000
	metadata.max.idle.ms = 300000
	metadata.recovery.strategy = none
	metric.reporters = []
	metrics.num.samples = 2
	metrics.recording.level = INFO
	metrics.sample.window.ms = 30000
	partitioner.adaptive.partitioning.enable = true
	partitioner.availability.timeout.ms = 0
	partitioner.class = null
	partitioner.ignore.keys = false
	receive.buffer.bytes = 32768
	reconnect.backoff.max.ms = 1000
	reconnect.backoff.ms = 50
	request.timeout.ms = 5000
	retries = 2147483647
	retry.backoff.max.ms = 1000
	retry.backoff.ms = 100
	sasl.client.callback.handler.class = null
	sasl.jaas.config = null
	sasl.kerberos.kinit.cmd = /usr/bin/kinit
	sasl.kerberos.min.time.before.relogin = 60000
	sasl.kerberos.service.name = null
	sasl.kerberos.ticket.renew.jitter = 0.05
	sasl.kerberos.ticket.renew.window.factor = 0.8
	sasl.login.callback.handler.class = null
	sasl.login.class = null
	sasl.login.connect.timeout.ms = null
	sasl.login.read.timeout.ms = null
	sasl.login.refresh.buffer.seconds = 300
	sasl.login.refresh.min.period.seconds = 60
	sasl.login.refresh.window.factor = 0.8
	sasl.login.refresh.window.jitter = 0.05
	sasl.login.retry.backoff.max.ms = 10000
	sasl.login.retry.backoff.ms = 100
	sasl.mechanism = GSSAPI
	sasl.oauthbearer.clock.skew.seconds = 30
	sasl.oauthbearer.expected.audience = null
	sasl.oauthbearer.expected.issuer = null
	sasl.oauthbearer.header.urlencode = false
	sasl.oauthbearer.jwks.endpoint.refresh.ms = 3600000
	sasl.oauthbearer.jwks.endpoint.retry.backoff.max.ms = 10000
	sasl.oauthbearer.jwks.endpoint.retry.backoff.ms = 100
	sasl.oauthbearer.jwks.endpoint.url = null
	sasl.oauthbearer.scope.claim.name = scope
	sasl.oauthbearer.sub.claim.name = sub
	sasl.oauthbearer.token.endpoint.url = null
	security.protocol = PLAINTEXT
	security.providers = null
	send.buffer.bytes = 131072
	socket.connection.setup.timeout.max.ms = 30000
	socket.connection.setup.timeout.ms = 10000
	ssl.cipher.suites = null
	ssl.enabled.protocols = [TLSv1.2, TLSv1.3]
	ssl.endpoint.identification.algorithm = https
	ssl.engine.factory.class = null
	ssl.key.password = null
	ssl.keymanager.algorithm = SunX509
	ssl.keystore.certificate.chain = null
	ssl.keystore.key = null
	ssl.keystore.location = null
	ssl.keystore.password = null
	ssl.keystore.type = JKS
	ssl.protocol = TLSv1.3
	ssl.provider = null
	ssl.secure.random.implementation = null
	ssl.trustmanager.algorithm = PKIX
	ssl.truststore.certificates = null
	ssl.truststore.location = null
	ssl.truststore.password = null
	ssl.truststore.type = JKS
	transaction.timeout.ms = 60000
	transactional.id = null
	value.serializer = class io.apicurio.registry.serde.avro.AvroKafkaSerializer

2025-08-12 17:19:31,760 INFO  [org.apa.kaf.com.tel.int.KafkaMetricsCollector] (main) initializing Kafka metrics collector
2025-08-12 17:19:31,763 INFO  [org.apa.kaf.cli.pro.KafkaProducer] (main) [Producer clientId=Producer-topic-98053591_7b8d_4dbc_9009_1a05afbf9408] Instantiated an idempotent producer.
2025-08-12 17:19:31,766 INFO  [org.apa.kaf.cli.pro.ProducerConfig] (main) These configurations '[apicurio.registry.url, apicurio.registry.auto-register, apicurio.registry.artifact-resolver-strategy]' were supplied but are not used yet.
2025-08-12 17:19:31,766 INFO  [org.apa.kaf.com.uti.AppInfoParser] (main) Kafka version: 3.9.1
2025-08-12 17:19:31,766 INFO  [org.apa.kaf.com.uti.AppInfoParser] (main) Kafka commitId: f745dfdcee2b9851
2025-08-12 17:19:31,766 INFO  [org.apa.kaf.com.uti.AppInfoParser] (main) Kafka startTimeMs: 1755019171766
2025-08-12 17:19:31,766 INFO  [io.api.tes.ser.api.SimpleSerdesTesterBuilder$SimpleSerdesTester] (main) Using producer configuration: {apicurio.registry.url=http://registry-app-pg17.apps.ci419.apicurio-testing.org:80/apis/registry/v3, apicurio.registry.auto-register=true, apicurio.registry.artifact-resolver-strategy=io.apicurio.registry.serde.strategy.TopicIdStrategy, value.serializer=io.apicurio.registry.serde.avro.AvroKafkaSerializer, request.timeout.ms=5000, acks=all, bootstrap.servers=PLAINTEXT://localhost:32769, connections.max.idle.ms=10000, key.serializer=org.apache.kafka.common.serialization.StringSerializer, client.id=Producer-topic-98053591_7b8d_4dbc_9009_1a05afbf9408}
2025-08-12 17:19:31,766 INFO  [io.api.tes.ser.api.SimpleSerdesTesterBuilder$SimpleSerdesTester] (main) Using consumer configuration: {}
2025-08-12 17:19:31,771 INFO  [io.api.tes.ser.api.KafkaSerdesTester] (Thread-651) Sending message {"id": "record-0"} to topic topic-98053591_7b8d_4dbc_9009_1a05afbf9408
2025-08-12 17:19:31,774 WARN  [org.apa.kaf.cli.NetworkClient] (kafka-producer-network-thread | Producer-topic-98053591_7b8d_4dbc_9009_1a05afbf9408) [Producer clientId=Producer-topic-98053591_7b8d_4dbc_9009_1a05afbf9408] The metadata response from the cluster reported a recoverable issue with correlation id 1 : {topic-98053591_7b8d_4dbc_9009_1a05afbf9408=UNKNOWN_TOPIC_OR_PARTITION}
2025-08-12 17:19:31,775 INFO  [org.apa.kaf.cli.Metadata] (kafka-producer-network-thread | Producer-topic-98053591_7b8d_4dbc_9009_1a05afbf9408) [Producer clientId=Producer-topic-98053591_7b8d_4dbc_9009_1a05afbf9408] Cluster ID: 4rT39ZSJSJuTKBGDmwdYMA
2025-08-12 17:19:31,777 INFO  [org.apa.kaf.cli.pro.int.TransactionManager] (kafka-producer-network-thread | Producer-topic-98053591_7b8d_4dbc_9009_1a05afbf9408) [Producer clientId=Producer-topic-98053591_7b8d_4dbc_9009_1a05afbf9408] ProducerId set to 10 with epoch 0
2025-08-12 17:19:31,942 INFO  [io.api.tes.ser.api.KafkaSerdesTester] (Thread-651) Sending message {"value": 1} to topic topic-98053591_7b8d_4dbc_9009_1a05afbf9408
2025-08-12 17:19:32,016 INFO  [io.api.tes.ser.api.KafkaSerdesTester] (Thread-651) Sending message {"active": true} to topic topic-98053591_7b8d_4dbc_9009_1a05afbf9408
2025-08-12 17:19:32,079 INFO  [io.api.tes.ser.api.KafkaSerdesTester] (Thread-651) Sending message {"id": "record-3"} to topic topic-98053591_7b8d_4dbc_9009_1a05afbf9408
2025-08-12 17:19:32,081 INFO  [io.api.tes.ser.api.KafkaSerdesTester] (Thread-651) Sending message {"value": 4} to topic topic-98053591_7b8d_4dbc_9009_1a05afbf9408
2025-08-12 17:19:32,086 INFO  [io.api.tes.ser.api.KafkaSerdesTester] (Thread-651) Sending message {"active": false} to topic topic-98053591_7b8d_4dbc_9009_1a05afbf9408
2025-08-12 17:19:32,088 INFO  [io.api.tes.ser.api.KafkaSerdesTester] (Thread-651) Sending message {"id": "record-6"} to topic topic-98053591_7b8d_4dbc_9009_1a05afbf9408
2025-08-12 17:19:32,089 INFO  [io.api.tes.ser.api.KafkaSerdesTester] (Thread-651) Sending message {"value": 7} to topic topic-98053591_7b8d_4dbc_9009_1a05afbf9408
2025-08-12 17:19:32,091 INFO  [io.api.tes.ser.api.KafkaSerdesTester] (Thread-651) Sending message {"active": true} to topic topic-98053591_7b8d_4dbc_9009_1a05afbf9408
2025-08-12 17:19:32,093 INFO  [io.api.tes.ser.api.KafkaSerdesTester] (Thread-651) Sending message {"id": "record-9"} to topic topic-98053591_7b8d_4dbc_9009_1a05afbf9408
2025-08-12 17:19:32,095 INFO  [io.api.tes.ser.api.KafkaSerdesTester] (Thread-651) Produced 10 messages
2025-08-12 17:19:32,096 INFO  [org.apa.kaf.cli.pro.KafkaProducer] (Thread-651) [Producer clientId=Producer-topic-98053591_7b8d_4dbc_9009_1a05afbf9408] Closing the Kafka producer with timeoutMillis = 9223372036854775807 ms.
2025-08-12 17:19:32,100 INFO  [org.apa.kaf.com.met.Metrics] (Thread-651) Metrics scheduler closed
2025-08-12 17:19:32,100 INFO  [org.apa.kaf.com.met.Metrics] (Thread-651) Closing reporter org.apache.kafka.common.metrics.JmxReporter
2025-08-12 17:19:32,100 INFO  [org.apa.kaf.com.met.Metrics] (Thread-651) Closing reporter org.apache.kafka.common.telemetry.internals.ClientTelemetryReporter
2025-08-12 17:19:32,100 INFO  [org.apa.kaf.com.met.Metrics] (Thread-651) Metrics reporters closed
2025-08-12 17:19:32,100 INFO  [org.apa.kaf.com.uti.AppInfoParser] (Thread-651) App info kafka.producer for Producer-topic-98053591_7b8d_4dbc_9009_1a05afbf9408 unregistered
2025-08-12 17:19:32,127 INFO  [io.api.tes.ser.api.AvroSerdeIT] (main) Artifact topic-98053591_7b8d_4dbc_9009_1a05afbf9408-value found in registry with globalId 25
**** Registry Base URL: http://registry-app-pg17.apps.ci419.apicurio-testing.org:80
2025-08-12 17:19:32,128 INFO  [org.apa.kaf.cli.con.ConsumerConfig] (main) ConsumerConfig values: 
	allow.auto.create.topics = true
	auto.commit.interval.ms = 500
	auto.include.jmx.reporter = true
	auto.offset.reset = earliest
	bootstrap.servers = [PLAINTEXT://localhost:32769]
	check.crcs = true
	client.dns.lookup = use_all_dns_ips
	client.id = consumer-Consumer-topic-98053591_7b8d_4dbc_9009_1a05afbf9408-8
	client.rack = 
	connections.max.idle.ms = 10000
	default.api.timeout.ms = 60000
	enable.auto.commit = true
	enable.metrics.push = true
	exclude.internal.topics = true
	fetch.max.bytes = 52428800
	fetch.max.wait.ms = 500
	fetch.min.bytes = 1
	group.id = Consumer-topic-98053591_7b8d_4dbc_9009_1a05afbf9408
	group.instance.id = null
	group.protocol = classic
	group.remote.assignor = null
	heartbeat.interval.ms = 3000
	interceptor.classes = []
	internal.leave.group.on.close = true
	internal.throw.on.fetch.stable.offset.unsupported = false
	isolation.level = read_uncommitted
	key.deserializer = class org.apache.kafka.common.serialization.StringDeserializer
	max.partition.fetch.bytes = 1048576
	max.poll.interval.ms = 300000
	max.poll.records = 500
	metadata.max.age.ms = 300000
	metadata.recovery.strategy = none
	metric.reporters = []
	metrics.num.samples = 2
	metrics.recording.level = INFO
	metrics.sample.window.ms = 30000
	partition.assignment.strategy = [class org.apache.kafka.clients.consumer.RangeAssignor, class org.apache.kafka.clients.consumer.CooperativeStickyAssignor]
	receive.buffer.bytes = 65536
	reconnect.backoff.max.ms = 1000
	reconnect.backoff.ms = 50
	request.timeout.ms = 5000
	retry.backoff.max.ms = 1000
	retry.backoff.ms = 100
	sasl.client.callback.handler.class = null
	sasl.jaas.config = null
	sasl.kerberos.kinit.cmd = /usr/bin/kinit
	sasl.kerberos.min.time.before.relogin = 60000
	sasl.kerberos.service.name = null
	sasl.kerberos.ticket.renew.jitter = 0.05
	sasl.kerberos.ticket.renew.window.factor = 0.8
	sasl.login.callback.handler.class = null
	sasl.login.class = null
	sasl.login.connect.timeout.ms = null
	sasl.login.read.timeout.ms = null
	sasl.login.refresh.buffer.seconds = 300
	sasl.login.refresh.min.period.seconds = 60
	sasl.login.refresh.window.factor = 0.8
	sasl.login.refresh.window.jitter = 0.05
	sasl.login.retry.backoff.max.ms = 10000
	sasl.login.retry.backoff.ms = 100
	sasl.mechanism = GSSAPI
	sasl.oauthbearer.clock.skew.seconds = 30
	sasl.oauthbearer.expected.audience = null
	sasl.oauthbearer.expected.issuer = null
	sasl.oauthbearer.header.urlencode = false
	sasl.oauthbearer.jwks.endpoint.refresh.ms = 3600000
	sasl.oauthbearer.jwks.endpoint.retry.backoff.max.ms = 10000
	sasl.oauthbearer.jwks.endpoint.retry.backoff.ms = 100
	sasl.oauthbearer.jwks.endpoint.url = null
	sasl.oauthbearer.scope.claim.name = scope
	sasl.oauthbearer.sub.claim.name = sub
	sasl.oauthbearer.token.endpoint.url = null
	security.protocol = PLAINTEXT
	security.providers = null
	send.buffer.bytes = 131072
	session.timeout.ms = 45000
	socket.connection.setup.timeout.max.ms = 30000
	socket.connection.setup.timeout.ms = 10000
	ssl.cipher.suites = null
	ssl.enabled.protocols = [TLSv1.2, TLSv1.3]
	ssl.endpoint.identification.algorithm = https
	ssl.engine.factory.class = null
	ssl.key.password = null
	ssl.keymanager.algorithm = SunX509
	ssl.keystore.certificate.chain = null
	ssl.keystore.key = null
	ssl.keystore.location = null
	ssl.keystore.password = null
	ssl.keystore.type = JKS
	ssl.protocol = TLSv1.3
	ssl.provider = null
	ssl.secure.random.implementation = null
	ssl.trustmanager.algorithm = PKIX
	ssl.truststore.certificates = null
	ssl.truststore.location = null
	ssl.truststore.password = null
	ssl.truststore.type = JKS
	value.deserializer = class io.apicurio.registry.serde.avro.AvroKafkaDeserializer

2025-08-12 17:19:32,128 INFO  [org.apa.kaf.com.tel.int.KafkaMetricsCollector] (main) initializing Kafka metrics collector
2025-08-12 17:19:32,135 INFO  [org.apa.kaf.cli.con.ConsumerConfig] (main) These configurations '[apicurio.registry.url]' were supplied but are not used yet.
2025-08-12 17:19:32,135 INFO  [org.apa.kaf.com.uti.AppInfoParser] (main) Kafka version: 3.9.1
2025-08-12 17:19:32,135 INFO  [org.apa.kaf.com.uti.AppInfoParser] (main) Kafka commitId: f745dfdcee2b9851
2025-08-12 17:19:32,135 INFO  [org.apa.kaf.com.uti.AppInfoParser] (main) Kafka startTimeMs: 1755019172135
2025-08-12 17:19:32,135 INFO  [org.apa.kaf.cli.con.int.ClassicKafkaConsumer] (Thread-654) [Consumer clientId=consumer-Consumer-topic-98053591_7b8d_4dbc_9009_1a05afbf9408-8, groupId=Consumer-topic-98053591_7b8d_4dbc_9009_1a05afbf9408] Subscribed to topic(s): topic-98053591_7b8d_4dbc_9009_1a05afbf9408
2025-08-12 17:19:32,140 INFO  [org.apa.kaf.cli.Metadata] (Thread-654) [Consumer clientId=consumer-Consumer-topic-98053591_7b8d_4dbc_9009_1a05afbf9408-8, groupId=Consumer-topic-98053591_7b8d_4dbc_9009_1a05afbf9408] Cluster ID: 4rT39ZSJSJuTKBGDmwdYMA
2025-08-12 17:19:32,142 INFO  [org.apa.kaf.cli.con.int.ConsumerCoordinator] (Thread-654) [Consumer clientId=consumer-Consumer-topic-98053591_7b8d_4dbc_9009_1a05afbf9408-8, groupId=Consumer-topic-98053591_7b8d_4dbc_9009_1a05afbf9408] Discovered group coordinator localhost:32769 (id: 2147483647 rack: null)
2025-08-12 17:19:32,145 INFO  [org.apa.kaf.cli.con.int.ConsumerCoordinator] (Thread-654) [Consumer clientId=consumer-Consumer-topic-98053591_7b8d_4dbc_9009_1a05afbf9408-8, groupId=Consumer-topic-98053591_7b8d_4dbc_9009_1a05afbf9408] (Re-)joining group
2025-08-12 17:19:32,150 INFO  [org.apa.kaf.cli.con.int.ConsumerCoordinator] (Thread-654) [Consumer clientId=consumer-Consumer-topic-98053591_7b8d_4dbc_9009_1a05afbf9408-8, groupId=Consumer-topic-98053591_7b8d_4dbc_9009_1a05afbf9408] Request joining group due to: need to re-join with the given member-id: consumer-Consumer-topic-98053591_7b8d_4dbc_9009_1a05afbf9408-8-2f3fff78-c3a5-443f-a202-6b973efe7fd1
2025-08-12 17:19:32,150 INFO  [org.apa.kaf.cli.con.int.ConsumerCoordinator] (Thread-654) [Consumer clientId=consumer-Consumer-topic-98053591_7b8d_4dbc_9009_1a05afbf9408-8, groupId=Consumer-topic-98053591_7b8d_4dbc_9009_1a05afbf9408] (Re-)joining group
2025-08-12 17:19:33,135 INFO  [io.api.tes.ser.api.KafkaSerdesTester] (Thread-654) None found
2025-08-12 17:19:34,135 INFO  [io.api.tes.ser.api.KafkaSerdesTester] (Thread-654) None found
2025-08-12 17:19:35,136 INFO  [io.api.tes.ser.api.KafkaSerdesTester] (Thread-654) None found
2025-08-12 17:19:35,152 INFO  [org.apa.kaf.cli.con.int.ConsumerCoordinator] (Thread-654) [Consumer clientId=consumer-Consumer-topic-98053591_7b8d_4dbc_9009_1a05afbf9408-8, groupId=Consumer-topic-98053591_7b8d_4dbc_9009_1a05afbf9408] Successfully joined group with generation Generation{generationId=1, memberId='consumer-Consumer-topic-98053591_7b8d_4dbc_9009_1a05afbf9408-8-2f3fff78-c3a5-443f-a202-6b973efe7fd1', protocol='range'}
2025-08-12 17:19:35,152 INFO  [org.apa.kaf.cli.con.int.ConsumerCoordinator] (Thread-654) [Consumer clientId=consumer-Consumer-topic-98053591_7b8d_4dbc_9009_1a05afbf9408-8, groupId=Consumer-topic-98053591_7b8d_4dbc_9009_1a05afbf9408] Finished assignment for group at generation 1: {consumer-Consumer-topic-98053591_7b8d_4dbc_9009_1a05afbf9408-8-2f3fff78-c3a5-443f-a202-6b973efe7fd1=Assignment(partitions=[topic-98053591_7b8d_4dbc_9009_1a05afbf9408-0])}
2025-08-12 17:19:35,159 INFO  [org.apa.kaf.cli.con.int.ConsumerCoordinator] (Thread-654) [Consumer clientId=consumer-Consumer-topic-98053591_7b8d_4dbc_9009_1a05afbf9408-8, groupId=Consumer-topic-98053591_7b8d_4dbc_9009_1a05afbf9408] Successfully synced group in generation Generation{generationId=1, memberId='consumer-Consumer-topic-98053591_7b8d_4dbc_9009_1a05afbf9408-8-2f3fff78-c3a5-443f-a202-6b973efe7fd1', protocol='range'}
2025-08-12 17:19:35,160 INFO  [org.apa.kaf.cli.con.int.ConsumerCoordinator] (Thread-654) [Consumer clientId=consumer-Consumer-topic-98053591_7b8d_4dbc_9009_1a05afbf9408-8, groupId=Consumer-topic-98053591_7b8d_4dbc_9009_1a05afbf9408] Notifying assignor about the new Assignment(partitions=[topic-98053591_7b8d_4dbc_9009_1a05afbf9408-0])
2025-08-12 17:19:35,160 INFO  [org.apa.kaf.cli.con.int.ConsumerRebalanceListenerInvoker] (Thread-654) [Consumer clientId=consumer-Consumer-topic-98053591_7b8d_4dbc_9009_1a05afbf9408-8, groupId=Consumer-topic-98053591_7b8d_4dbc_9009_1a05afbf9408] Adding newly assigned partitions: topic-98053591_7b8d_4dbc_9009_1a05afbf9408-0
2025-08-12 17:19:35,161 INFO  [org.apa.kaf.cli.con.int.ConsumerCoordinator] (Thread-654) [Consumer clientId=consumer-Consumer-topic-98053591_7b8d_4dbc_9009_1a05afbf9408-8, groupId=Consumer-topic-98053591_7b8d_4dbc_9009_1a05afbf9408] Found no committed offset for partition topic-98053591_7b8d_4dbc_9009_1a05afbf9408-0
2025-08-12 17:19:35,165 INFO  [org.apa.kaf.cli.con.int.SubscriptionState] (Thread-654) [Consumer clientId=consumer-Consumer-topic-98053591_7b8d_4dbc_9009_1a05afbf9408-8, groupId=Consumer-topic-98053591_7b8d_4dbc_9009_1a05afbf9408] Resetting offset for partition topic-98053591_7b8d_4dbc_9009_1a05afbf9408-0 to position FetchPosition{offset=0, offsetEpoch=Optional.empty, currentLeader=LeaderAndEpoch{leader=Optional[localhost:32769 (id: 0 rack: null)], epoch=0}}.
2025-08-12 17:19:35,249 INFO  [io.api.tes.ser.api.KafkaSerdesTester] (Thread-654) topic-98053591_7b8d_4dbc_9009_1a05afbf9408 0 0 {"id": "record-0"}
2025-08-12 17:19:35,249 INFO  [io.api.tes.ser.api.KafkaSerdesTester] (Thread-654) topic-98053591_7b8d_4dbc_9009_1a05afbf9408 0 1 {"value": 1}
2025-08-12 17:19:35,249 INFO  [io.api.tes.ser.api.KafkaSerdesTester] (Thread-654) topic-98053591_7b8d_4dbc_9009_1a05afbf9408 0 2 {"active": true}
2025-08-12 17:19:35,249 INFO  [io.api.tes.ser.api.KafkaSerdesTester] (Thread-654) topic-98053591_7b8d_4dbc_9009_1a05afbf9408 0 3 {"id": "record-3"}
2025-08-12 17:19:35,249 INFO  [io.api.tes.ser.api.KafkaSerdesTester] (Thread-654) topic-98053591_7b8d_4dbc_9009_1a05afbf9408 0 4 {"value": 4}
2025-08-12 17:19:35,249 INFO  [io.api.tes.ser.api.KafkaSerdesTester] (Thread-654) topic-98053591_7b8d_4dbc_9009_1a05afbf9408 0 5 {"active": false}
2025-08-12 17:19:35,249 INFO  [io.api.tes.ser.api.KafkaSerdesTester] (Thread-654) topic-98053591_7b8d_4dbc_9009_1a05afbf9408 0 6 {"id": "record-6"}
2025-08-12 17:19:35,249 INFO  [io.api.tes.ser.api.KafkaSerdesTester] (Thread-654) topic-98053591_7b8d_4dbc_9009_1a05afbf9408 0 7 {"value": 7}
2025-08-12 17:19:35,249 INFO  [io.api.tes.ser.api.KafkaSerdesTester] (Thread-654) topic-98053591_7b8d_4dbc_9009_1a05afbf9408 0 8 {"active": true}
2025-08-12 17:19:35,249 INFO  [io.api.tes.ser.api.KafkaSerdesTester] (Thread-654) topic-98053591_7b8d_4dbc_9009_1a05afbf9408 0 9 {"id": "record-9"}
2025-08-12 17:19:35,249 INFO  [io.api.tes.ser.api.KafkaSerdesTester] (Thread-654) Consumed 10 messages
2025-08-12 17:19:35,256 INFO  [org.apa.kaf.cli.con.int.ConsumerRebalanceListenerInvoker] (Thread-654) [Consumer clientId=consumer-Consumer-topic-98053591_7b8d_4dbc_9009_1a05afbf9408-8, groupId=Consumer-topic-98053591_7b8d_4dbc_9009_1a05afbf9408] Revoke previously assigned partitions topic-98053591_7b8d_4dbc_9009_1a05afbf9408-0
2025-08-12 17:19:35,256 INFO  [org.apa.kaf.cli.con.int.ConsumerCoordinator] (Thread-654) [Consumer clientId=consumer-Consumer-topic-98053591_7b8d_4dbc_9009_1a05afbf9408-8, groupId=Consumer-topic-98053591_7b8d_4dbc_9009_1a05afbf9408] Member consumer-Consumer-topic-98053591_7b8d_4dbc_9009_1a05afbf9408-8-2f3fff78-c3a5-443f-a202-6b973efe7fd1 sending LeaveGroup request to coordinator localhost:32769 (id: 2147483647 rack: null) due to the consumer is being closed
2025-08-12 17:19:35,256 INFO  [org.apa.kaf.cli.con.int.ConsumerCoordinator] (Thread-654) [Consumer clientId=consumer-Consumer-topic-98053591_7b8d_4dbc_9009_1a05afbf9408-8, groupId=Consumer-topic-98053591_7b8d_4dbc_9009_1a05afbf9408] Resetting generation and member id due to: consumer pro-actively leaving the group
2025-08-12 17:19:35,256 INFO  [org.apa.kaf.cli.con.int.ConsumerCoordinator] (Thread-654) [Consumer clientId=consumer-Consumer-topic-98053591_7b8d_4dbc_9009_1a05afbf9408-8, groupId=Consumer-topic-98053591_7b8d_4dbc_9009_1a05afbf9408] Request joining group due to: consumer pro-actively leaving the group
2025-08-12 17:19:35,750 INFO  [org.apa.kaf.com.met.Metrics] (Thread-654) Metrics scheduler closed
2025-08-12 17:19:35,750 INFO  [org.apa.kaf.com.met.Metrics] (Thread-654) Closing reporter org.apache.kafka.common.metrics.JmxReporter
2025-08-12 17:19:35,750 INFO  [org.apa.kaf.com.met.Metrics] (Thread-654) Closing reporter org.apache.kafka.common.telemetry.internals.ClientTelemetryReporter
2025-08-12 17:19:35,750 INFO  [org.apa.kaf.com.met.Metrics] (Thread-654) Metrics reporters closed
2025-08-12 17:19:35,753 INFO  [org.apa.kaf.com.uti.AppInfoParser] (Thread-654) App info kafka.consumer for consumer-Consumer-topic-98053591_7b8d_4dbc_9009_1a05afbf9408-8 unregistered
2025-08-12 17:19:35,753 INFO  [io.api.tes.uti.TestSeparator] (main) io.apicurio.tests.serdes.apicurio.AvroSerdeIT.testAvroUnionWithSpecificReader-FINISHED
2025-08-12 17:19:35,753 INFO  [io.api.tes.uti.TestSeparator] (main) ############################################################################
Test passed: testAvroUnionWithSpecificReader
]]></system-out>
  </testcase>
  <testcase name="testEvolveAvroApicurioReusingClient" classname="io.apicurio.tests.serdes.apicurio.AvroSerdeIT" time="7.073">
    <system-out><![CDATA[2025-08-12 17:19:35,758 INFO  [io.api.tes.uti.TestSeparator] (main) ############################################################################
2025-08-12 17:19:35,758 INFO  [io.api.tes.uti.TestSeparator] (main) io.apicurio.tests.serdes.apicurio.AvroSerdeIT.testEvolveAvroApicurioReusingClient-STARTED
2025-08-12 17:19:35,760 INFO  [io.api.tes.ser.api.AvroSerdeIT] (main) Registering Avro Schema: {"type":"record","name":"s336840ccx24d7x4f4fx9692x6a3215c6da53","namespace":"ns_3a9d3219_5ff9_467f_822f_d471d6768794","fields":[{"name":"key11755019175758","type":"string"}]}
**** Registry Base URL: http://registry-app-pg17.apps.ci419.apicurio-testing.org:80
2025-08-12 17:19:36,840 INFO  [org.apa.kaf.cli.pro.ProducerConfig] (main) ProducerConfig values: 
	acks = -1
	auto.include.jmx.reporter = true
	batch.size = 16384
	bootstrap.servers = [PLAINTEXT://localhost:32769]
	buffer.memory = 33554432
	client.dns.lookup = use_all_dns_ips
	client.id = Producer-topic-749a946a_6ebf_40dc_a405_a2ac6aff6446
	compression.gzip.level = -1
	compression.lz4.level = 9
	compression.type = none
	compression.zstd.level = 3
	connections.max.idle.ms = 10000
	delivery.timeout.ms = 120000
	enable.idempotence = true
	enable.metrics.push = true
	interceptor.classes = []
	key.serializer = class org.apache.kafka.common.serialization.StringSerializer
	linger.ms = 0
	max.block.ms = 60000
	max.in.flight.requests.per.connection = 5
	max.request.size = 1048576
	metadata.max.age.ms = 300000
	metadata.max.idle.ms = 300000
	metadata.recovery.strategy = none
	metric.reporters = []
	metrics.num.samples = 2
	metrics.recording.level = INFO
	metrics.sample.window.ms = 30000
	partitioner.adaptive.partitioning.enable = true
	partitioner.availability.timeout.ms = 0
	partitioner.class = null
	partitioner.ignore.keys = false
	receive.buffer.bytes = 32768
	reconnect.backoff.max.ms = 1000
	reconnect.backoff.ms = 50
	request.timeout.ms = 5000
	retries = 2147483647
	retry.backoff.max.ms = 1000
	retry.backoff.ms = 100
	sasl.client.callback.handler.class = null
	sasl.jaas.config = null
	sasl.kerberos.kinit.cmd = /usr/bin/kinit
	sasl.kerberos.min.time.before.relogin = 60000
	sasl.kerberos.service.name = null
	sasl.kerberos.ticket.renew.jitter = 0.05
	sasl.kerberos.ticket.renew.window.factor = 0.8
	sasl.login.callback.handler.class = null
	sasl.login.class = null
	sasl.login.connect.timeout.ms = null
	sasl.login.read.timeout.ms = null
	sasl.login.refresh.buffer.seconds = 300
	sasl.login.refresh.min.period.seconds = 60
	sasl.login.refresh.window.factor = 0.8
	sasl.login.refresh.window.jitter = 0.05
	sasl.login.retry.backoff.max.ms = 10000
	sasl.login.retry.backoff.ms = 100
	sasl.mechanism = GSSAPI
	sasl.oauthbearer.clock.skew.seconds = 30
	sasl.oauthbearer.expected.audience = null
	sasl.oauthbearer.expected.issuer = null
	sasl.oauthbearer.header.urlencode = false
	sasl.oauthbearer.jwks.endpoint.refresh.ms = 3600000
	sasl.oauthbearer.jwks.endpoint.retry.backoff.max.ms = 10000
	sasl.oauthbearer.jwks.endpoint.retry.backoff.ms = 100
	sasl.oauthbearer.jwks.endpoint.url = null
	sasl.oauthbearer.scope.claim.name = scope
	sasl.oauthbearer.sub.claim.name = sub
	sasl.oauthbearer.token.endpoint.url = null
	security.protocol = PLAINTEXT
	security.providers = null
	send.buffer.bytes = 131072
	socket.connection.setup.timeout.max.ms = 30000
	socket.connection.setup.timeout.ms = 10000
	ssl.cipher.suites = null
	ssl.enabled.protocols = [TLSv1.2, TLSv1.3]
	ssl.endpoint.identification.algorithm = https
	ssl.engine.factory.class = null
	ssl.key.password = null
	ssl.keymanager.algorithm = SunX509
	ssl.keystore.certificate.chain = null
	ssl.keystore.key = null
	ssl.keystore.location = null
	ssl.keystore.password = null
	ssl.keystore.type = JKS
	ssl.protocol = TLSv1.3
	ssl.provider = null
	ssl.secure.random.implementation = null
	ssl.trustmanager.algorithm = PKIX
	ssl.truststore.certificates = null
	ssl.truststore.location = null
	ssl.truststore.password = null
	ssl.truststore.type = JKS
	transaction.timeout.ms = 60000
	transactional.id = null
	value.serializer = class io.apicurio.registry.serde.avro.AvroKafkaSerializer

2025-08-12 17:19:36,840 INFO  [org.apa.kaf.com.tel.int.KafkaMetricsCollector] (main) initializing Kafka metrics collector
2025-08-12 17:19:36,843 INFO  [org.apa.kaf.cli.pro.KafkaProducer] (main) [Producer clientId=Producer-topic-749a946a_6ebf_40dc_a405_a2ac6aff6446] Instantiated an idempotent producer.
2025-08-12 17:19:36,845 INFO  [org.apa.kaf.cli.pro.ProducerConfig] (main) These configurations '[apicurio.registry.url, apicurio.registry.artifact-resolver-strategy]' were supplied but are not used yet.
2025-08-12 17:19:36,845 INFO  [org.apa.kaf.com.uti.AppInfoParser] (main) Kafka version: 3.9.1
2025-08-12 17:19:36,845 INFO  [org.apa.kaf.com.uti.AppInfoParser] (main) Kafka commitId: f745dfdcee2b9851
2025-08-12 17:19:36,845 INFO  [org.apa.kaf.com.uti.AppInfoParser] (main) Kafka startTimeMs: 1755019176845
**** Registry Base URL: http://registry-app-pg17.apps.ci419.apicurio-testing.org:80
2025-08-12 17:19:36,845 INFO  [org.apa.kaf.cli.con.ConsumerConfig] (main) ConsumerConfig values: 
	allow.auto.create.topics = true
	auto.commit.interval.ms = 500
	auto.include.jmx.reporter = true
	auto.offset.reset = earliest
	bootstrap.servers = [PLAINTEXT://localhost:32769]
	check.crcs = true
	client.dns.lookup = use_all_dns_ips
	client.id = consumer-Consumer-topic-749a946a_6ebf_40dc_a405_a2ac6aff6446-9
	client.rack = 
	connections.max.idle.ms = 10000
	default.api.timeout.ms = 60000
	enable.auto.commit = true
	enable.metrics.push = true
	exclude.internal.topics = true
	fetch.max.bytes = 52428800
	fetch.max.wait.ms = 500
	fetch.min.bytes = 1
	group.id = Consumer-topic-749a946a_6ebf_40dc_a405_a2ac6aff6446
	group.instance.id = null
	group.protocol = classic
	group.remote.assignor = null
	heartbeat.interval.ms = 3000
	interceptor.classes = []
	internal.leave.group.on.close = true
	internal.throw.on.fetch.stable.offset.unsupported = false
	isolation.level = read_uncommitted
	key.deserializer = class org.apache.kafka.common.serialization.StringDeserializer
	max.partition.fetch.bytes = 1048576
	max.poll.interval.ms = 300000
	max.poll.records = 500
	metadata.max.age.ms = 300000
	metadata.recovery.strategy = none
	metric.reporters = []
	metrics.num.samples = 2
	metrics.recording.level = INFO
	metrics.sample.window.ms = 30000
	partition.assignment.strategy = [class org.apache.kafka.clients.consumer.RangeAssignor, class org.apache.kafka.clients.consumer.CooperativeStickyAssignor]
	receive.buffer.bytes = 65536
	reconnect.backoff.max.ms = 1000
	reconnect.backoff.ms = 50
	request.timeout.ms = 5000
	retry.backoff.max.ms = 1000
	retry.backoff.ms = 100
	sasl.client.callback.handler.class = null
	sasl.jaas.config = null
	sasl.kerberos.kinit.cmd = /usr/bin/kinit
	sasl.kerberos.min.time.before.relogin = 60000
	sasl.kerberos.service.name = null
	sasl.kerberos.ticket.renew.jitter = 0.05
	sasl.kerberos.ticket.renew.window.factor = 0.8
	sasl.login.callback.handler.class = null
	sasl.login.class = null
	sasl.login.connect.timeout.ms = null
	sasl.login.read.timeout.ms = null
	sasl.login.refresh.buffer.seconds = 300
	sasl.login.refresh.min.period.seconds = 60
	sasl.login.refresh.window.factor = 0.8
	sasl.login.refresh.window.jitter = 0.05
	sasl.login.retry.backoff.max.ms = 10000
	sasl.login.retry.backoff.ms = 100
	sasl.mechanism = GSSAPI
	sasl.oauthbearer.clock.skew.seconds = 30
	sasl.oauthbearer.expected.audience = null
	sasl.oauthbearer.expected.issuer = null
	sasl.oauthbearer.header.urlencode = false
	sasl.oauthbearer.jwks.endpoint.refresh.ms = 3600000
	sasl.oauthbearer.jwks.endpoint.retry.backoff.max.ms = 10000
	sasl.oauthbearer.jwks.endpoint.retry.backoff.ms = 100
	sasl.oauthbearer.jwks.endpoint.url = null
	sasl.oauthbearer.scope.claim.name = scope
	sasl.oauthbearer.sub.claim.name = sub
	sasl.oauthbearer.token.endpoint.url = null
	security.protocol = PLAINTEXT
	security.providers = null
	send.buffer.bytes = 131072
	session.timeout.ms = 45000
	socket.connection.setup.timeout.max.ms = 30000
	socket.connection.setup.timeout.ms = 10000
	ssl.cipher.suites = null
	ssl.enabled.protocols = [TLSv1.2, TLSv1.3]
	ssl.endpoint.identification.algorithm = https
	ssl.engine.factory.class = null
	ssl.key.password = null
	ssl.keymanager.algorithm = SunX509
	ssl.keystore.certificate.chain = null
	ssl.keystore.key = null
	ssl.keystore.location = null
	ssl.keystore.password = null
	ssl.keystore.type = JKS
	ssl.protocol = TLSv1.3
	ssl.provider = null
	ssl.secure.random.implementation = null
	ssl.trustmanager.algorithm = PKIX
	ssl.truststore.certificates = null
	ssl.truststore.location = null
	ssl.truststore.password = null
	ssl.truststore.type = JKS
	value.deserializer = class io.apicurio.registry.serde.avro.AvroKafkaDeserializer

2025-08-12 17:19:36,846 INFO  [org.apa.kaf.com.tel.int.KafkaMetricsCollector] (main) initializing Kafka metrics collector
2025-08-12 17:19:36,852 INFO  [org.apa.kaf.cli.Metadata] (kafka-producer-network-thread | Producer-topic-749a946a_6ebf_40dc_a405_a2ac6aff6446) [Producer clientId=Producer-topic-749a946a_6ebf_40dc_a405_a2ac6aff6446] Cluster ID: 4rT39ZSJSJuTKBGDmwdYMA
2025-08-12 17:19:36,852 INFO  [org.apa.kaf.cli.con.ConsumerConfig] (main) These configurations '[apicurio.registry.url]' were supplied but are not used yet.
2025-08-12 17:19:36,852 INFO  [org.apa.kaf.com.uti.AppInfoParser] (main) Kafka version: 3.9.1
2025-08-12 17:19:36,852 INFO  [org.apa.kaf.com.uti.AppInfoParser] (main) Kafka commitId: f745dfdcee2b9851
2025-08-12 17:19:36,852 INFO  [org.apa.kaf.com.uti.AppInfoParser] (main) Kafka startTimeMs: 1755019176852
2025-08-12 17:19:36,854 INFO  [org.apa.kaf.cli.pro.int.TransactionManager] (kafka-producer-network-thread | Producer-topic-749a946a_6ebf_40dc_a405_a2ac6aff6446) [Producer clientId=Producer-topic-749a946a_6ebf_40dc_a405_a2ac6aff6446] ProducerId set to 11 with epoch 0
2025-08-12 17:19:36,855 INFO  [io.api.tes.ser.api.KafkaSerdesTester] (Thread-659) Sending message {"key11755019175758": "value-0"} to topic topic-749a946a_6ebf_40dc_a405_a2ac6aff6446
2025-08-12 17:19:36,857 INFO  [DefaultSchemaResolver] (Thread-659) Retrieving schema content using string: {"type":"record","name":"s336840ccx24d7x4f4fx9692x6a3215c6da53","namespace":"ns_3a9d3219_5ff9_467f_822f_d471d6768794","fields":[{"name":"key11755019175758","type":"string"}]}
2025-08-12 17:19:36,887 INFO  [io.api.tes.ser.api.KafkaSerdesTester] (Thread-659) Sending message {"key11755019175758": "value-1"} to topic topic-749a946a_6ebf_40dc_a405_a2ac6aff6446
2025-08-12 17:19:36,889 INFO  [io.api.tes.ser.api.KafkaSerdesTester] (Thread-659) Sending message {"key11755019175758": "value-2"} to topic topic-749a946a_6ebf_40dc_a405_a2ac6aff6446
2025-08-12 17:19:36,891 INFO  [io.api.tes.ser.api.KafkaSerdesTester] (Thread-659) Sending message {"key11755019175758": "value-3"} to topic topic-749a946a_6ebf_40dc_a405_a2ac6aff6446
2025-08-12 17:19:36,894 INFO  [io.api.tes.ser.api.KafkaSerdesTester] (Thread-659) Sending message {"key11755019175758": "value-4"} to topic topic-749a946a_6ebf_40dc_a405_a2ac6aff6446
2025-08-12 17:19:36,896 INFO  [io.api.tes.ser.api.KafkaSerdesTester] (Thread-659) Sending message {"key11755019175758": "value-5"} to topic topic-749a946a_6ebf_40dc_a405_a2ac6aff6446
2025-08-12 17:19:36,898 INFO  [io.api.tes.ser.api.KafkaSerdesTester] (Thread-659) Sending message {"key11755019175758": "value-6"} to topic topic-749a946a_6ebf_40dc_a405_a2ac6aff6446
2025-08-12 17:19:36,899 INFO  [io.api.tes.ser.api.KafkaSerdesTester] (Thread-659) Sending message {"key11755019175758": "value-7"} to topic topic-749a946a_6ebf_40dc_a405_a2ac6aff6446
2025-08-12 17:19:36,902 INFO  [io.api.tes.ser.api.KafkaSerdesTester] (Thread-659) Sending message {"key11755019175758": "value-8"} to topic topic-749a946a_6ebf_40dc_a405_a2ac6aff6446
2025-08-12 17:19:36,904 INFO  [io.api.tes.ser.api.KafkaSerdesTester] (Thread-659) Sending message {"key11755019175758": "value-9"} to topic topic-749a946a_6ebf_40dc_a405_a2ac6aff6446
2025-08-12 17:19:36,906 INFO  [io.api.tes.ser.api.KafkaSerdesTester] (Thread-659) Produced 10 messages
2025-08-12 17:19:36,907 INFO  [org.apa.kaf.cli.con.int.ClassicKafkaConsumer] (Thread-660) [Consumer clientId=consumer-Consumer-topic-749a946a_6ebf_40dc_a405_a2ac6aff6446-9, groupId=Consumer-topic-749a946a_6ebf_40dc_a405_a2ac6aff6446] Subscribed to topic(s): topic-749a946a_6ebf_40dc_a405_a2ac6aff6446
2025-08-12 17:19:36,911 INFO  [org.apa.kaf.cli.Metadata] (Thread-660) [Consumer clientId=consumer-Consumer-topic-749a946a_6ebf_40dc_a405_a2ac6aff6446-9, groupId=Consumer-topic-749a946a_6ebf_40dc_a405_a2ac6aff6446] Cluster ID: 4rT39ZSJSJuTKBGDmwdYMA
2025-08-12 17:19:36,911 INFO  [org.apa.kaf.cli.con.int.ConsumerCoordinator] (Thread-660) [Consumer clientId=consumer-Consumer-topic-749a946a_6ebf_40dc_a405_a2ac6aff6446-9, groupId=Consumer-topic-749a946a_6ebf_40dc_a405_a2ac6aff6446] Discovered group coordinator localhost:32769 (id: 2147483647 rack: null)
2025-08-12 17:19:36,912 INFO  [org.apa.kaf.cli.con.int.ConsumerCoordinator] (Thread-660) [Consumer clientId=consumer-Consumer-topic-749a946a_6ebf_40dc_a405_a2ac6aff6446-9, groupId=Consumer-topic-749a946a_6ebf_40dc_a405_a2ac6aff6446] (Re-)joining group
2025-08-12 17:19:36,914 INFO  [org.apa.kaf.cli.con.int.ConsumerCoordinator] (Thread-660) [Consumer clientId=consumer-Consumer-topic-749a946a_6ebf_40dc_a405_a2ac6aff6446-9, groupId=Consumer-topic-749a946a_6ebf_40dc_a405_a2ac6aff6446] Request joining group due to: need to re-join with the given member-id: consumer-Consumer-topic-749a946a_6ebf_40dc_a405_a2ac6aff6446-9-8c34715c-6101-438d-8469-e535c04404b7
2025-08-12 17:19:36,915 INFO  [org.apa.kaf.cli.con.int.ConsumerCoordinator] (Thread-660) [Consumer clientId=consumer-Consumer-topic-749a946a_6ebf_40dc_a405_a2ac6aff6446-9, groupId=Consumer-topic-749a946a_6ebf_40dc_a405_a2ac6aff6446] (Re-)joining group
2025-08-12 17:19:37,907 INFO  [io.api.tes.ser.api.KafkaSerdesTester] (Thread-660) None found
2025-08-12 17:19:38,907 INFO  [io.api.tes.ser.api.KafkaSerdesTester] (Thread-660) None found
2025-08-12 17:19:39,908 INFO  [io.api.tes.ser.api.KafkaSerdesTester] (Thread-660) None found
2025-08-12 17:19:39,916 INFO  [org.apa.kaf.cli.con.int.ConsumerCoordinator] (Thread-660) [Consumer clientId=consumer-Consumer-topic-749a946a_6ebf_40dc_a405_a2ac6aff6446-9, groupId=Consumer-topic-749a946a_6ebf_40dc_a405_a2ac6aff6446] Successfully joined group with generation Generation{generationId=1, memberId='consumer-Consumer-topic-749a946a_6ebf_40dc_a405_a2ac6aff6446-9-8c34715c-6101-438d-8469-e535c04404b7', protocol='range'}
2025-08-12 17:19:39,916 INFO  [org.apa.kaf.cli.con.int.ConsumerCoordinator] (Thread-660) [Consumer clientId=consumer-Consumer-topic-749a946a_6ebf_40dc_a405_a2ac6aff6446-9, groupId=Consumer-topic-749a946a_6ebf_40dc_a405_a2ac6aff6446] Finished assignment for group at generation 1: {consumer-Consumer-topic-749a946a_6ebf_40dc_a405_a2ac6aff6446-9-8c34715c-6101-438d-8469-e535c04404b7=Assignment(partitions=[topic-749a946a_6ebf_40dc_a405_a2ac6aff6446-0])}
2025-08-12 17:19:39,923 INFO  [org.apa.kaf.cli.con.int.ConsumerCoordinator] (Thread-660) [Consumer clientId=consumer-Consumer-topic-749a946a_6ebf_40dc_a405_a2ac6aff6446-9, groupId=Consumer-topic-749a946a_6ebf_40dc_a405_a2ac6aff6446] Successfully synced group in generation Generation{generationId=1, memberId='consumer-Consumer-topic-749a946a_6ebf_40dc_a405_a2ac6aff6446-9-8c34715c-6101-438d-8469-e535c04404b7', protocol='range'}
2025-08-12 17:19:39,923 INFO  [org.apa.kaf.cli.con.int.ConsumerCoordinator] (Thread-660) [Consumer clientId=consumer-Consumer-topic-749a946a_6ebf_40dc_a405_a2ac6aff6446-9, groupId=Consumer-topic-749a946a_6ebf_40dc_a405_a2ac6aff6446] Notifying assignor about the new Assignment(partitions=[topic-749a946a_6ebf_40dc_a405_a2ac6aff6446-0])
2025-08-12 17:19:39,923 INFO  [org.apa.kaf.cli.con.int.ConsumerRebalanceListenerInvoker] (Thread-660) [Consumer clientId=consumer-Consumer-topic-749a946a_6ebf_40dc_a405_a2ac6aff6446-9, groupId=Consumer-topic-749a946a_6ebf_40dc_a405_a2ac6aff6446] Adding newly assigned partitions: topic-749a946a_6ebf_40dc_a405_a2ac6aff6446-0
2025-08-12 17:19:39,924 INFO  [org.apa.kaf.cli.con.int.ConsumerCoordinator] (Thread-660) [Consumer clientId=consumer-Consumer-topic-749a946a_6ebf_40dc_a405_a2ac6aff6446-9, groupId=Consumer-topic-749a946a_6ebf_40dc_a405_a2ac6aff6446] Found no committed offset for partition topic-749a946a_6ebf_40dc_a405_a2ac6aff6446-0
2025-08-12 17:19:39,931 INFO  [org.apa.kaf.cli.con.int.SubscriptionState] (Thread-660) [Consumer clientId=consumer-Consumer-topic-749a946a_6ebf_40dc_a405_a2ac6aff6446-9, groupId=Consumer-topic-749a946a_6ebf_40dc_a405_a2ac6aff6446] Resetting offset for partition topic-749a946a_6ebf_40dc_a405_a2ac6aff6446-0 to position FetchPosition{offset=0, offsetEpoch=Optional.empty, currentLeader=LeaderAndEpoch{leader=Optional[localhost:32769 (id: 0 rack: null)], epoch=0}}.
2025-08-12 17:19:39,975 INFO  [io.api.tes.ser.api.KafkaSerdesTester] (Thread-660) topic-749a946a_6ebf_40dc_a405_a2ac6aff6446 0 0 {"key11755019175758": "value-0"}
2025-08-12 17:19:39,975 INFO  [io.api.tes.ser.api.KafkaSerdesTester] (Thread-660) topic-749a946a_6ebf_40dc_a405_a2ac6aff6446 0 1 {"key11755019175758": "value-1"}
2025-08-12 17:19:39,975 INFO  [io.api.tes.ser.api.KafkaSerdesTester] (Thread-660) topic-749a946a_6ebf_40dc_a405_a2ac6aff6446 0 2 {"key11755019175758": "value-2"}
2025-08-12 17:19:39,975 INFO  [io.api.tes.ser.api.KafkaSerdesTester] (Thread-660) topic-749a946a_6ebf_40dc_a405_a2ac6aff6446 0 3 {"key11755019175758": "value-3"}
2025-08-12 17:19:39,975 INFO  [io.api.tes.ser.api.KafkaSerdesTester] (Thread-660) topic-749a946a_6ebf_40dc_a405_a2ac6aff6446 0 4 {"key11755019175758": "value-4"}
2025-08-12 17:19:39,975 INFO  [io.api.tes.ser.api.KafkaSerdesTester] (Thread-660) topic-749a946a_6ebf_40dc_a405_a2ac6aff6446 0 5 {"key11755019175758": "value-5"}
2025-08-12 17:19:39,975 INFO  [io.api.tes.ser.api.KafkaSerdesTester] (Thread-660) topic-749a946a_6ebf_40dc_a405_a2ac6aff6446 0 6 {"key11755019175758": "value-6"}
2025-08-12 17:19:39,975 INFO  [io.api.tes.ser.api.KafkaSerdesTester] (Thread-660) topic-749a946a_6ebf_40dc_a405_a2ac6aff6446 0 7 {"key11755019175758": "value-7"}
2025-08-12 17:19:39,975 INFO  [io.api.tes.ser.api.KafkaSerdesTester] (Thread-660) topic-749a946a_6ebf_40dc_a405_a2ac6aff6446 0 8 {"key11755019175758": "value-8"}
2025-08-12 17:19:39,975 INFO  [io.api.tes.ser.api.KafkaSerdesTester] (Thread-660) topic-749a946a_6ebf_40dc_a405_a2ac6aff6446 0 9 {"key11755019175758": "value-9"}
2025-08-12 17:19:39,975 INFO  [io.api.tes.ser.api.KafkaSerdesTester] (Thread-660) Consumed 10 messages
2025-08-12 17:19:39,977 INFO  [io.api.tes.ser.api.AvroSerdeIT] (main) Registering Avro Schema 2: {"type":"record","name":"s336840ccx24d7x4f4fx9692x6a3215c6da53","namespace":"ns_3a9d3219_5ff9_467f_822f_d471d6768794","fields":[{"name":"key11755019175758","type":"string"},{"name":"key21755019179977","type":"string"}]}
2025-08-12 17:19:41,041 INFO  [io.api.tes.ser.api.KafkaSerdesTester] (Thread-661) Sending message {"key11755019175758": "value-0", "key21755019179977": "value-0"} to topic topic-749a946a_6ebf_40dc_a405_a2ac6aff6446
2025-08-12 17:19:41,041 INFO  [DefaultSchemaResolver] (Thread-661) Retrieving schema content using string: {"type":"record","name":"s336840ccx24d7x4f4fx9692x6a3215c6da53","namespace":"ns_3a9d3219_5ff9_467f_822f_d471d6768794","fields":[{"name":"key11755019175758","type":"string"},{"name":"key21755019179977","type":"string"}]}
2025-08-12 17:19:41,063 INFO  [io.api.tes.ser.api.KafkaSerdesTester] (Thread-661) Sending message {"key11755019175758": "value-1", "key21755019179977": "value-1"} to topic topic-749a946a_6ebf_40dc_a405_a2ac6aff6446
2025-08-12 17:19:41,065 INFO  [io.api.tes.ser.api.KafkaSerdesTester] (Thread-661) Sending message {"key11755019175758": "value-2", "key21755019179977": "value-2"} to topic topic-749a946a_6ebf_40dc_a405_a2ac6aff6446
2025-08-12 17:19:41,066 INFO  [io.api.tes.ser.api.KafkaSerdesTester] (Thread-661) Sending message {"key11755019175758": "value-3", "key21755019179977": "value-3"} to topic topic-749a946a_6ebf_40dc_a405_a2ac6aff6446
2025-08-12 17:19:41,068 INFO  [io.api.tes.ser.api.KafkaSerdesTester] (Thread-661) Sending message {"key11755019175758": "value-4", "key21755019179977": "value-4"} to topic topic-749a946a_6ebf_40dc_a405_a2ac6aff6446
2025-08-12 17:19:41,069 INFO  [io.api.tes.ser.api.KafkaSerdesTester] (Thread-661) Sending message {"key11755019175758": "value-5", "key21755019179977": "value-5"} to topic topic-749a946a_6ebf_40dc_a405_a2ac6aff6446
2025-08-12 17:19:41,072 INFO  [io.api.tes.ser.api.KafkaSerdesTester] (Thread-661) Sending message {"key11755019175758": "value-6", "key21755019179977": "value-6"} to topic topic-749a946a_6ebf_40dc_a405_a2ac6aff6446
2025-08-12 17:19:41,074 INFO  [io.api.tes.ser.api.KafkaSerdesTester] (Thread-661) Sending message {"key11755019175758": "value-7", "key21755019179977": "value-7"} to topic topic-749a946a_6ebf_40dc_a405_a2ac6aff6446
2025-08-12 17:19:41,075 INFO  [io.api.tes.ser.api.KafkaSerdesTester] (Thread-661) Sending message {"key11755019175758": "value-8", "key21755019179977": "value-8"} to topic topic-749a946a_6ebf_40dc_a405_a2ac6aff6446
2025-08-12 17:19:41,077 INFO  [io.api.tes.ser.api.KafkaSerdesTester] (Thread-661) Sending message {"key11755019175758": "value-9", "key21755019179977": "value-9"} to topic topic-749a946a_6ebf_40dc_a405_a2ac6aff6446
2025-08-12 17:19:41,079 INFO  [io.api.tes.ser.api.KafkaSerdesTester] (Thread-661) Produced 10 messages
2025-08-12 17:19:41,079 INFO  [io.api.tes.ser.api.KafkaSerdesTester] (Thread-662) Sending message {"key11755019175758": "value-0"} to topic topic-749a946a_6ebf_40dc_a405_a2ac6aff6446
2025-08-12 17:19:41,080 INFO  [io.api.tes.ser.api.KafkaSerdesTester] (Thread-662) Sending message {"key11755019175758": "value-1"} to topic topic-749a946a_6ebf_40dc_a405_a2ac6aff6446
2025-08-12 17:19:41,083 INFO  [io.api.tes.ser.api.KafkaSerdesTester] (Thread-662) Sending message {"key11755019175758": "value-2"} to topic topic-749a946a_6ebf_40dc_a405_a2ac6aff6446
2025-08-12 17:19:41,085 INFO  [io.api.tes.ser.api.KafkaSerdesTester] (Thread-662) Sending message {"key11755019175758": "value-3"} to topic topic-749a946a_6ebf_40dc_a405_a2ac6aff6446
2025-08-12 17:19:41,086 INFO  [io.api.tes.ser.api.KafkaSerdesTester] (Thread-662) Sending message {"key11755019175758": "value-4"} to topic topic-749a946a_6ebf_40dc_a405_a2ac6aff6446
2025-08-12 17:19:41,088 INFO  [io.api.tes.ser.api.KafkaSerdesTester] (Thread-662) Sending message {"key11755019175758": "value-5"} to topic topic-749a946a_6ebf_40dc_a405_a2ac6aff6446
2025-08-12 17:19:41,089 INFO  [io.api.tes.ser.api.KafkaSerdesTester] (Thread-662) Sending message {"key11755019175758": "value-6"} to topic topic-749a946a_6ebf_40dc_a405_a2ac6aff6446
2025-08-12 17:19:41,091 INFO  [io.api.tes.ser.api.KafkaSerdesTester] (Thread-662) Sending message {"key11755019175758": "value-7"} to topic topic-749a946a_6ebf_40dc_a405_a2ac6aff6446
2025-08-12 17:19:41,092 INFO  [io.api.tes.ser.api.KafkaSerdesTester] (Thread-662) Sending message {"key11755019175758": "value-8"} to topic topic-749a946a_6ebf_40dc_a405_a2ac6aff6446
2025-08-12 17:19:41,095 INFO  [io.api.tes.ser.api.KafkaSerdesTester] (Thread-662) Sending message {"key11755019175758": "value-9"} to topic topic-749a946a_6ebf_40dc_a405_a2ac6aff6446
2025-08-12 17:19:41,097 INFO  [io.api.tes.ser.api.KafkaSerdesTester] (Thread-662) Produced 10 messages
2025-08-12 17:19:41,098 INFO  [org.apa.kaf.cli.con.int.ClassicKafkaConsumer] (Thread-663) [Consumer clientId=consumer-Consumer-topic-749a946a_6ebf_40dc_a405_a2ac6aff6446-9, groupId=Consumer-topic-749a946a_6ebf_40dc_a405_a2ac6aff6446] Subscribed to topic(s): topic-749a946a_6ebf_40dc_a405_a2ac6aff6446
2025-08-12 17:19:41,130 INFO  [io.api.tes.ser.api.KafkaSerdesTester] (Thread-663) topic-749a946a_6ebf_40dc_a405_a2ac6aff6446 0 10 {"key11755019175758": "value-0", "key21755019179977": "value-0"}
2025-08-12 17:19:41,130 INFO  [io.api.tes.ser.api.KafkaSerdesTester] (Thread-663) topic-749a946a_6ebf_40dc_a405_a2ac6aff6446 0 11 {"key11755019175758": "value-1", "key21755019179977": "value-1"}
2025-08-12 17:19:41,130 INFO  [io.api.tes.ser.api.KafkaSerdesTester] (Thread-663) topic-749a946a_6ebf_40dc_a405_a2ac6aff6446 0 12 {"key11755019175758": "value-2", "key21755019179977": "value-2"}
2025-08-12 17:19:41,130 INFO  [io.api.tes.ser.api.KafkaSerdesTester] (Thread-663) topic-749a946a_6ebf_40dc_a405_a2ac6aff6446 0 13 {"key11755019175758": "value-3", "key21755019179977": "value-3"}
2025-08-12 17:19:41,130 INFO  [io.api.tes.ser.api.KafkaSerdesTester] (Thread-663) topic-749a946a_6ebf_40dc_a405_a2ac6aff6446 0 14 {"key11755019175758": "value-4", "key21755019179977": "value-4"}
2025-08-12 17:19:41,130 INFO  [io.api.tes.ser.api.KafkaSerdesTester] (Thread-663) topic-749a946a_6ebf_40dc_a405_a2ac6aff6446 0 15 {"key11755019175758": "value-5", "key21755019179977": "value-5"}
2025-08-12 17:19:41,130 INFO  [io.api.tes.ser.api.KafkaSerdesTester] (Thread-663) topic-749a946a_6ebf_40dc_a405_a2ac6aff6446 0 16 {"key11755019175758": "value-6", "key21755019179977": "value-6"}
2025-08-12 17:19:41,130 INFO  [io.api.tes.ser.api.KafkaSerdesTester] (Thread-663) topic-749a946a_6ebf_40dc_a405_a2ac6aff6446 0 17 {"key11755019175758": "value-7", "key21755019179977": "value-7"}
2025-08-12 17:19:41,130 INFO  [io.api.tes.ser.api.KafkaSerdesTester] (Thread-663) topic-749a946a_6ebf_40dc_a405_a2ac6aff6446 0 18 {"key11755019175758": "value-8", "key21755019179977": "value-8"}
2025-08-12 17:19:41,130 INFO  [io.api.tes.ser.api.KafkaSerdesTester] (Thread-663) topic-749a946a_6ebf_40dc_a405_a2ac6aff6446 0 19 {"key11755019175758": "value-9", "key21755019179977": "value-9"}
2025-08-12 17:19:41,131 INFO  [io.api.tes.ser.api.KafkaSerdesTester] (Thread-663) topic-749a946a_6ebf_40dc_a405_a2ac6aff6446 0 20 {"key11755019175758": "value-0"}
2025-08-12 17:19:41,131 INFO  [io.api.tes.ser.api.KafkaSerdesTester] (Thread-663) topic-749a946a_6ebf_40dc_a405_a2ac6aff6446 0 21 {"key11755019175758": "value-1"}
2025-08-12 17:19:41,131 INFO  [io.api.tes.ser.api.KafkaSerdesTester] (Thread-663) topic-749a946a_6ebf_40dc_a405_a2ac6aff6446 0 22 {"key11755019175758": "value-2"}
2025-08-12 17:19:41,131 INFO  [io.api.tes.ser.api.KafkaSerdesTester] (Thread-663) topic-749a946a_6ebf_40dc_a405_a2ac6aff6446 0 23 {"key11755019175758": "value-3"}
2025-08-12 17:19:41,131 INFO  [io.api.tes.ser.api.KafkaSerdesTester] (Thread-663) topic-749a946a_6ebf_40dc_a405_a2ac6aff6446 0 24 {"key11755019175758": "value-4"}
2025-08-12 17:19:41,131 INFO  [io.api.tes.ser.api.KafkaSerdesTester] (Thread-663) topic-749a946a_6ebf_40dc_a405_a2ac6aff6446 0 25 {"key11755019175758": "value-5"}
2025-08-12 17:19:41,131 INFO  [io.api.tes.ser.api.KafkaSerdesTester] (Thread-663) topic-749a946a_6ebf_40dc_a405_a2ac6aff6446 0 26 {"key11755019175758": "value-6"}
2025-08-12 17:19:41,131 INFO  [io.api.tes.ser.api.KafkaSerdesTester] (Thread-663) topic-749a946a_6ebf_40dc_a405_a2ac6aff6446 0 27 {"key11755019175758": "value-7"}
2025-08-12 17:19:41,131 INFO  [io.api.tes.ser.api.KafkaSerdesTester] (Thread-663) topic-749a946a_6ebf_40dc_a405_a2ac6aff6446 0 28 {"key11755019175758": "value-8"}
2025-08-12 17:19:41,131 INFO  [io.api.tes.ser.api.KafkaSerdesTester] (Thread-663) topic-749a946a_6ebf_40dc_a405_a2ac6aff6446 0 29 {"key11755019175758": "value-9"}
2025-08-12 17:19:41,131 INFO  [io.api.tes.ser.api.KafkaSerdesTester] (Thread-663) Consumed 20 messages
2025-08-12 17:19:41,132 INFO  [io.api.tes.ser.api.AvroSerdeIT] (main) Registering Avro Schema 3: {"type":"record","name":"s336840ccx24d7x4f4fx9692x6a3215c6da53","namespace":"ns_3a9d3219_5ff9_467f_822f_d471d6768794","fields":[{"name":"key11755019175758","type":"string"},{"name":"key21755019179977","type":"string"},{"name":"key31755019181132","type":"string"}]}
2025-08-12 17:19:42,188 INFO  [io.api.tes.ser.api.KafkaSerdesTester] (Thread-664) Sending message {"key11755019175758": "value-0", "key21755019179977": "value-0", "key31755019181132": "value-0"} to topic topic-749a946a_6ebf_40dc_a405_a2ac6aff6446
2025-08-12 17:19:42,188 INFO  [DefaultSchemaResolver] (Thread-664) Retrieving schema content using string: {"type":"record","name":"s336840ccx24d7x4f4fx9692x6a3215c6da53","namespace":"ns_3a9d3219_5ff9_467f_822f_d471d6768794","fields":[{"name":"key11755019175758","type":"string"},{"name":"key21755019179977","type":"string"},{"name":"key31755019181132","type":"string"}]}
2025-08-12 17:19:42,207 INFO  [io.api.tes.ser.api.KafkaSerdesTester] (Thread-664) Sending message {"key11755019175758": "value-1", "key21755019179977": "value-1", "key31755019181132": "value-1"} to topic topic-749a946a_6ebf_40dc_a405_a2ac6aff6446
2025-08-12 17:19:42,209 INFO  [io.api.tes.ser.api.KafkaSerdesTester] (Thread-664) Sending message {"key11755019175758": "value-2", "key21755019179977": "value-2", "key31755019181132": "value-2"} to topic topic-749a946a_6ebf_40dc_a405_a2ac6aff6446
2025-08-12 17:19:42,211 INFO  [io.api.tes.ser.api.KafkaSerdesTester] (Thread-664) Sending message {"key11755019175758": "value-3", "key21755019179977": "value-3", "key31755019181132": "value-3"} to topic topic-749a946a_6ebf_40dc_a405_a2ac6aff6446
2025-08-12 17:19:42,214 INFO  [io.api.tes.ser.api.KafkaSerdesTester] (Thread-664) Sending message {"key11755019175758": "value-4", "key21755019179977": "value-4", "key31755019181132": "value-4"} to topic topic-749a946a_6ebf_40dc_a405_a2ac6aff6446
2025-08-12 17:19:42,217 INFO  [io.api.tes.ser.api.KafkaSerdesTester] (Thread-664) Sending message {"key11755019175758": "value-5", "key21755019179977": "value-5", "key31755019181132": "value-5"} to topic topic-749a946a_6ebf_40dc_a405_a2ac6aff6446
2025-08-12 17:19:42,222 INFO  [io.api.tes.ser.api.KafkaSerdesTester] (Thread-664) Sending message {"key11755019175758": "value-6", "key21755019179977": "value-6", "key31755019181132": "value-6"} to topic topic-749a946a_6ebf_40dc_a405_a2ac6aff6446
2025-08-12 17:19:42,223 INFO  [io.api.tes.ser.api.KafkaSerdesTester] (Thread-664) Sending message {"key11755019175758": "value-7", "key21755019179977": "value-7", "key31755019181132": "value-7"} to topic topic-749a946a_6ebf_40dc_a405_a2ac6aff6446
2025-08-12 17:19:42,224 INFO  [io.api.tes.ser.api.KafkaSerdesTester] (Thread-664) Sending message {"key11755019175758": "value-8", "key21755019179977": "value-8", "key31755019181132": "value-8"} to topic topic-749a946a_6ebf_40dc_a405_a2ac6aff6446
2025-08-12 17:19:42,229 INFO  [io.api.tes.ser.api.KafkaSerdesTester] (Thread-664) Sending message {"key11755019175758": "value-9", "key21755019179977": "value-9", "key31755019181132": "value-9"} to topic topic-749a946a_6ebf_40dc_a405_a2ac6aff6446
2025-08-12 17:19:42,232 INFO  [io.api.tes.ser.api.KafkaSerdesTester] (Thread-664) Produced 10 messages
2025-08-12 17:19:42,234 INFO  [io.api.tes.ser.api.KafkaSerdesTester] (Thread-665) Sending message {"key11755019175758": "value-0", "key21755019179977": "value-0"} to topic topic-749a946a_6ebf_40dc_a405_a2ac6aff6446
2025-08-12 17:19:42,235 INFO  [io.api.tes.ser.api.KafkaSerdesTester] (Thread-665) Sending message {"key11755019175758": "value-1", "key21755019179977": "value-1"} to topic topic-749a946a_6ebf_40dc_a405_a2ac6aff6446
2025-08-12 17:19:42,238 INFO  [io.api.tes.ser.api.KafkaSerdesTester] (Thread-665) Sending message {"key11755019175758": "value-2", "key21755019179977": "value-2"} to topic topic-749a946a_6ebf_40dc_a405_a2ac6aff6446
2025-08-12 17:19:42,240 INFO  [io.api.tes.ser.api.KafkaSerdesTester] (Thread-665) Sending message {"key11755019175758": "value-3", "key21755019179977": "value-3"} to topic topic-749a946a_6ebf_40dc_a405_a2ac6aff6446
2025-08-12 17:19:42,243 INFO  [io.api.tes.ser.api.KafkaSerdesTester] (Thread-665) Sending message {"key11755019175758": "value-4", "key21755019179977": "value-4"} to topic topic-749a946a_6ebf_40dc_a405_a2ac6aff6446
2025-08-12 17:19:42,246 INFO  [io.api.tes.ser.api.KafkaSerdesTester] (Thread-665) Sending message {"key11755019175758": "value-5", "key21755019179977": "value-5"} to topic topic-749a946a_6ebf_40dc_a405_a2ac6aff6446
2025-08-12 17:19:42,247 INFO  [io.api.tes.ser.api.KafkaSerdesTester] (Thread-665) Sending message {"key11755019175758": "value-6", "key21755019179977": "value-6"} to topic topic-749a946a_6ebf_40dc_a405_a2ac6aff6446
2025-08-12 17:19:42,250 INFO  [io.api.tes.ser.api.KafkaSerdesTester] (Thread-665) Sending message {"key11755019175758": "value-7", "key21755019179977": "value-7"} to topic topic-749a946a_6ebf_40dc_a405_a2ac6aff6446
2025-08-12 17:19:42,257 INFO  [io.api.tes.ser.api.KafkaSerdesTester] (Thread-665) Sending message {"key11755019175758": "value-8", "key21755019179977": "value-8"} to topic topic-749a946a_6ebf_40dc_a405_a2ac6aff6446
2025-08-12 17:19:42,258 INFO  [io.api.tes.ser.api.KafkaSerdesTester] (Thread-665) Sending message {"key11755019175758": "value-9", "key21755019179977": "value-9"} to topic topic-749a946a_6ebf_40dc_a405_a2ac6aff6446
2025-08-12 17:19:42,260 INFO  [io.api.tes.ser.api.KafkaSerdesTester] (Thread-665) Produced 10 messages
2025-08-12 17:19:42,261 INFO  [io.api.tes.ser.api.KafkaSerdesTester] (Thread-666) Sending message {"key11755019175758": "value-0"} to topic topic-749a946a_6ebf_40dc_a405_a2ac6aff6446
2025-08-12 17:19:42,262 INFO  [io.api.tes.ser.api.KafkaSerdesTester] (Thread-666) Sending message {"key11755019175758": "value-1"} to topic topic-749a946a_6ebf_40dc_a405_a2ac6aff6446
2025-08-12 17:19:42,265 INFO  [io.api.tes.ser.api.KafkaSerdesTester] (Thread-666) Sending message {"key11755019175758": "value-2"} to topic topic-749a946a_6ebf_40dc_a405_a2ac6aff6446
2025-08-12 17:19:42,267 INFO  [io.api.tes.ser.api.KafkaSerdesTester] (Thread-666) Sending message {"key11755019175758": "value-3"} to topic topic-749a946a_6ebf_40dc_a405_a2ac6aff6446
2025-08-12 17:19:42,269 INFO  [io.api.tes.ser.api.KafkaSerdesTester] (Thread-666) Sending message {"key11755019175758": "value-4"} to topic topic-749a946a_6ebf_40dc_a405_a2ac6aff6446
2025-08-12 17:19:42,270 INFO  [io.api.tes.ser.api.KafkaSerdesTester] (Thread-666) Sending message {"key11755019175758": "value-5"} to topic topic-749a946a_6ebf_40dc_a405_a2ac6aff6446
2025-08-12 17:19:42,272 INFO  [io.api.tes.ser.api.KafkaSerdesTester] (Thread-666) Sending message {"key11755019175758": "value-6"} to topic topic-749a946a_6ebf_40dc_a405_a2ac6aff6446
2025-08-12 17:19:42,274 INFO  [io.api.tes.ser.api.KafkaSerdesTester] (Thread-666) Sending message {"key11755019175758": "value-7"} to topic topic-749a946a_6ebf_40dc_a405_a2ac6aff6446
2025-08-12 17:19:42,276 INFO  [io.api.tes.ser.api.KafkaSerdesTester] (Thread-666) Sending message {"key11755019175758": "value-8"} to topic topic-749a946a_6ebf_40dc_a405_a2ac6aff6446
2025-08-12 17:19:42,277 INFO  [io.api.tes.ser.api.KafkaSerdesTester] (Thread-666) Sending message {"key11755019175758": "value-9"} to topic topic-749a946a_6ebf_40dc_a405_a2ac6aff6446
2025-08-12 17:19:42,279 INFO  [io.api.tes.ser.api.KafkaSerdesTester] (Thread-666) Produced 10 messages
2025-08-12 17:19:42,280 INFO  [org.apa.kaf.cli.con.int.ClassicKafkaConsumer] (Thread-667) [Consumer clientId=consumer-Consumer-topic-749a946a_6ebf_40dc_a405_a2ac6aff6446-9, groupId=Consumer-topic-749a946a_6ebf_40dc_a405_a2ac6aff6446] Subscribed to topic(s): topic-749a946a_6ebf_40dc_a405_a2ac6aff6446
2025-08-12 17:19:42,323 INFO  [io.api.tes.ser.api.KafkaSerdesTester] (Thread-667) topic-749a946a_6ebf_40dc_a405_a2ac6aff6446 0 30 {"key11755019175758": "value-0", "key21755019179977": "value-0", "key31755019181132": "value-0"}
2025-08-12 17:19:42,323 INFO  [io.api.tes.ser.api.KafkaSerdesTester] (Thread-667) topic-749a946a_6ebf_40dc_a405_a2ac6aff6446 0 31 {"key11755019175758": "value-1", "key21755019179977": "value-1", "key31755019181132": "value-1"}
2025-08-12 17:19:42,323 INFO  [io.api.tes.ser.api.KafkaSerdesTester] (Thread-667) topic-749a946a_6ebf_40dc_a405_a2ac6aff6446 0 32 {"key11755019175758": "value-2", "key21755019179977": "value-2", "key31755019181132": "value-2"}
2025-08-12 17:19:42,323 INFO  [io.api.tes.ser.api.KafkaSerdesTester] (Thread-667) topic-749a946a_6ebf_40dc_a405_a2ac6aff6446 0 33 {"key11755019175758": "value-3", "key21755019179977": "value-3", "key31755019181132": "value-3"}
2025-08-12 17:19:42,323 INFO  [io.api.tes.ser.api.KafkaSerdesTester] (Thread-667) topic-749a946a_6ebf_40dc_a405_a2ac6aff6446 0 34 {"key11755019175758": "value-4", "key21755019179977": "value-4", "key31755019181132": "value-4"}
2025-08-12 17:19:42,323 INFO  [io.api.tes.ser.api.KafkaSerdesTester] (Thread-667) topic-749a946a_6ebf_40dc_a405_a2ac6aff6446 0 35 {"key11755019175758": "value-5", "key21755019179977": "value-5", "key31755019181132": "value-5"}
2025-08-12 17:19:42,323 INFO  [io.api.tes.ser.api.KafkaSerdesTester] (Thread-667) topic-749a946a_6ebf_40dc_a405_a2ac6aff6446 0 36 {"key11755019175758": "value-6", "key21755019179977": "value-6", "key31755019181132": "value-6"}
2025-08-12 17:19:42,325 INFO  [io.api.tes.ser.api.KafkaSerdesTester] (Thread-667) topic-749a946a_6ebf_40dc_a405_a2ac6aff6446 0 37 {"key11755019175758": "value-7", "key21755019179977": "value-7", "key31755019181132": "value-7"}
2025-08-12 17:19:42,325 INFO  [io.api.tes.ser.api.KafkaSerdesTester] (Thread-667) topic-749a946a_6ebf_40dc_a405_a2ac6aff6446 0 38 {"key11755019175758": "value-8", "key21755019179977": "value-8", "key31755019181132": "value-8"}
2025-08-12 17:19:42,325 INFO  [io.api.tes.ser.api.KafkaSerdesTester] (Thread-667) topic-749a946a_6ebf_40dc_a405_a2ac6aff6446 0 39 {"key11755019175758": "value-9", "key21755019179977": "value-9", "key31755019181132": "value-9"}
2025-08-12 17:19:42,325 INFO  [io.api.tes.ser.api.KafkaSerdesTester] (Thread-667) topic-749a946a_6ebf_40dc_a405_a2ac6aff6446 0 40 {"key11755019175758": "value-0", "key21755019179977": "value-0"}
2025-08-12 17:19:42,325 INFO  [io.api.tes.ser.api.KafkaSerdesTester] (Thread-667) topic-749a946a_6ebf_40dc_a405_a2ac6aff6446 0 41 {"key11755019175758": "value-1", "key21755019179977": "value-1"}
2025-08-12 17:19:42,325 INFO  [io.api.tes.ser.api.KafkaSerdesTester] (Thread-667) topic-749a946a_6ebf_40dc_a405_a2ac6aff6446 0 42 {"key11755019175758": "value-2", "key21755019179977": "value-2"}
2025-08-12 17:19:42,325 INFO  [io.api.tes.ser.api.KafkaSerdesTester] (Thread-667) topic-749a946a_6ebf_40dc_a405_a2ac6aff6446 0 43 {"key11755019175758": "value-3", "key21755019179977": "value-3"}
2025-08-12 17:19:42,325 INFO  [io.api.tes.ser.api.KafkaSerdesTester] (Thread-667) topic-749a946a_6ebf_40dc_a405_a2ac6aff6446 0 44 {"key11755019175758": "value-4", "key21755019179977": "value-4"}
2025-08-12 17:19:42,325 INFO  [io.api.tes.ser.api.KafkaSerdesTester] (Thread-667) topic-749a946a_6ebf_40dc_a405_a2ac6aff6446 0 45 {"key11755019175758": "value-5", "key21755019179977": "value-5"}
2025-08-12 17:19:42,325 INFO  [io.api.tes.ser.api.KafkaSerdesTester] (Thread-667) topic-749a946a_6ebf_40dc_a405_a2ac6aff6446 0 46 {"key11755019175758": "value-6", "key21755019179977": "value-6"}
2025-08-12 17:19:42,325 INFO  [io.api.tes.ser.api.KafkaSerdesTester] (Thread-667) topic-749a946a_6ebf_40dc_a405_a2ac6aff6446 0 47 {"key11755019175758": "value-7", "key21755019179977": "value-7"}
2025-08-12 17:19:42,325 INFO  [io.api.tes.ser.api.KafkaSerdesTester] (Thread-667) topic-749a946a_6ebf_40dc_a405_a2ac6aff6446 0 48 {"key11755019175758": "value-8", "key21755019179977": "value-8"}
2025-08-12 17:19:42,325 INFO  [io.api.tes.ser.api.KafkaSerdesTester] (Thread-667) topic-749a946a_6ebf_40dc_a405_a2ac6aff6446 0 49 {"key11755019175758": "value-9", "key21755019179977": "value-9"}
2025-08-12 17:19:42,325 INFO  [io.api.tes.ser.api.KafkaSerdesTester] (Thread-667) topic-749a946a_6ebf_40dc_a405_a2ac6aff6446 0 50 {"key11755019175758": "value-0"}
2025-08-12 17:19:42,326 INFO  [io.api.tes.ser.api.KafkaSerdesTester] (Thread-667) topic-749a946a_6ebf_40dc_a405_a2ac6aff6446 0 51 {"key11755019175758": "value-1"}
2025-08-12 17:19:42,326 INFO  [io.api.tes.ser.api.KafkaSerdesTester] (Thread-667) topic-749a946a_6ebf_40dc_a405_a2ac6aff6446 0 52 {"key11755019175758": "value-2"}
2025-08-12 17:19:42,326 INFO  [io.api.tes.ser.api.KafkaSerdesTester] (Thread-667) topic-749a946a_6ebf_40dc_a405_a2ac6aff6446 0 53 {"key11755019175758": "value-3"}
2025-08-12 17:19:42,326 INFO  [io.api.tes.ser.api.KafkaSerdesTester] (Thread-667) topic-749a946a_6ebf_40dc_a405_a2ac6aff6446 0 54 {"key11755019175758": "value-4"}
2025-08-12 17:19:42,326 INFO  [io.api.tes.ser.api.KafkaSerdesTester] (Thread-667) topic-749a946a_6ebf_40dc_a405_a2ac6aff6446 0 55 {"key11755019175758": "value-5"}
2025-08-12 17:19:42,326 INFO  [io.api.tes.ser.api.KafkaSerdesTester] (Thread-667) topic-749a946a_6ebf_40dc_a405_a2ac6aff6446 0 56 {"key11755019175758": "value-6"}
2025-08-12 17:19:42,326 INFO  [io.api.tes.ser.api.KafkaSerdesTester] (Thread-667) topic-749a946a_6ebf_40dc_a405_a2ac6aff6446 0 57 {"key11755019175758": "value-7"}
2025-08-12 17:19:42,326 INFO  [io.api.tes.ser.api.KafkaSerdesTester] (Thread-667) topic-749a946a_6ebf_40dc_a405_a2ac6aff6446 0 58 {"key11755019175758": "value-8"}
2025-08-12 17:19:42,326 INFO  [io.api.tes.ser.api.KafkaSerdesTester] (Thread-667) topic-749a946a_6ebf_40dc_a405_a2ac6aff6446 0 59 {"key11755019175758": "value-9"}
2025-08-12 17:19:42,326 INFO  [io.api.tes.ser.api.KafkaSerdesTester] (Thread-667) Consumed 30 messages
2025-08-12 17:19:42,326 INFO  [org.apa.kaf.cli.pro.KafkaProducer] (main) [Producer clientId=Producer-topic-749a946a_6ebf_40dc_a405_a2ac6aff6446] Closing the Kafka producer with timeoutMillis = 9223372036854775807 ms.
2025-08-12 17:19:42,333 INFO  [org.apa.kaf.com.met.Metrics] (main) Metrics scheduler closed
2025-08-12 17:19:42,333 INFO  [org.apa.kaf.com.met.Metrics] (main) Closing reporter org.apache.kafka.common.metrics.JmxReporter
2025-08-12 17:19:42,333 INFO  [org.apa.kaf.com.met.Metrics] (main) Closing reporter org.apache.kafka.common.telemetry.internals.ClientTelemetryReporter
2025-08-12 17:19:42,333 INFO  [org.apa.kaf.com.met.Metrics] (main) Metrics reporters closed
2025-08-12 17:19:42,333 INFO  [org.apa.kaf.com.uti.AppInfoParser] (main) App info kafka.producer for Producer-topic-749a946a_6ebf_40dc_a405_a2ac6aff6446 unregistered
2025-08-12 17:19:42,344 INFO  [org.apa.kaf.cli.con.int.ConsumerRebalanceListenerInvoker] (main) [Consumer clientId=consumer-Consumer-topic-749a946a_6ebf_40dc_a405_a2ac6aff6446-9, groupId=Consumer-topic-749a946a_6ebf_40dc_a405_a2ac6aff6446] Revoke previously assigned partitions topic-749a946a_6ebf_40dc_a405_a2ac6aff6446-0
2025-08-12 17:19:42,344 INFO  [org.apa.kaf.cli.con.int.ConsumerCoordinator] (main) [Consumer clientId=consumer-Consumer-topic-749a946a_6ebf_40dc_a405_a2ac6aff6446-9, groupId=Consumer-topic-749a946a_6ebf_40dc_a405_a2ac6aff6446] Member consumer-Consumer-topic-749a946a_6ebf_40dc_a405_a2ac6aff6446-9-8c34715c-6101-438d-8469-e535c04404b7 sending LeaveGroup request to coordinator localhost:32769 (id: 2147483647 rack: null) due to the consumer is being closed
2025-08-12 17:19:42,344 INFO  [org.apa.kaf.cli.con.int.ConsumerCoordinator] (main) [Consumer clientId=consumer-Consumer-topic-749a946a_6ebf_40dc_a405_a2ac6aff6446-9, groupId=Consumer-topic-749a946a_6ebf_40dc_a405_a2ac6aff6446] Resetting generation and member id due to: consumer pro-actively leaving the group
2025-08-12 17:19:42,344 INFO  [org.apa.kaf.cli.con.int.ConsumerCoordinator] (main) [Consumer clientId=consumer-Consumer-topic-749a946a_6ebf_40dc_a405_a2ac6aff6446-9, groupId=Consumer-topic-749a946a_6ebf_40dc_a405_a2ac6aff6446] Request joining group due to: consumer pro-actively leaving the group
2025-08-12 17:19:42,827 INFO  [org.apa.kaf.com.met.Metrics] (main) Metrics scheduler closed
2025-08-12 17:19:42,827 INFO  [org.apa.kaf.com.met.Metrics] (main) Closing reporter org.apache.kafka.common.metrics.JmxReporter
2025-08-12 17:19:42,827 INFO  [org.apa.kaf.com.met.Metrics] (main) Closing reporter org.apache.kafka.common.telemetry.internals.ClientTelemetryReporter
2025-08-12 17:19:42,827 INFO  [org.apa.kaf.com.met.Metrics] (main) Metrics reporters closed
2025-08-12 17:19:42,829 INFO  [org.apa.kaf.com.uti.AppInfoParser] (main) App info kafka.consumer for consumer-Consumer-topic-749a946a_6ebf_40dc_a405_a2ac6aff6446-9 unregistered
2025-08-12 17:19:42,830 INFO  [io.api.tes.uti.TestSeparator] (main) io.apicurio.tests.serdes.apicurio.AvroSerdeIT.testEvolveAvroApicurioReusingClient-FINISHED
2025-08-12 17:19:42,830 INFO  [io.api.tes.uti.TestSeparator] (main) ############################################################################
Test passed: testEvolveAvroApicurioReusingClient
]]></system-out>
  </testcase>
  <testcase name="testProducerUsesDefaultConsumerUsesGlobalId" classname="io.apicurio.tests.serdes.apicurio.AvroSerdeIT" time="0.0">
    <skipped message="void io.apicurio.tests.serdes.apicurio.AvroSerdeIT.testProducerUsesDefaultConsumerUsesGlobalId() throws java.lang.Exception is @Disabled"/>
  </testcase>
  <testcase name="testEvolveAvroApicurio" classname="io.apicurio.tests.serdes.apicurio.AvroSerdeIT" time="14.542">
    <system-out><![CDATA[2025-08-12 17:19:42,836 INFO  [io.api.tes.uti.TestSeparator] (main) ############################################################################
2025-08-12 17:19:42,836 INFO  [io.api.tes.uti.TestSeparator] (main) io.apicurio.tests.serdes.apicurio.AvroSerdeIT.testEvolveAvroApicurio-STARTED
2025-08-12 17:19:42,837 INFO  [io.api.tes.ser.api.AvroSerdeIT] (main) Registering Avro Schema: {"type":"record","name":"s0d87b5d0x197fx4e33xad31xc96904d2caaa","namespace":"ns_56307989_39d8_40b4_8afa_4bd3fc5e66cc","fields":[{"name":"key11755019182836","type":"string"}]}
**** Registry Base URL: http://registry-app-pg17.apps.ci419.apicurio-testing.org:80
2025-08-12 17:19:43,898 INFO  [org.apa.kaf.cli.pro.ProducerConfig] (main) ProducerConfig values: 
	acks = -1
	auto.include.jmx.reporter = true
	batch.size = 16384
	bootstrap.servers = [PLAINTEXT://localhost:32769]
	buffer.memory = 33554432
	client.dns.lookup = use_all_dns_ips
	client.id = Producer-topic-14d34162_07f5_4844_9479_0c8e1b66b1b5
	compression.gzip.level = -1
	compression.lz4.level = 9
	compression.type = none
	compression.zstd.level = 3
	connections.max.idle.ms = 10000
	delivery.timeout.ms = 120000
	enable.idempotence = true
	enable.metrics.push = true
	interceptor.classes = []
	key.serializer = class org.apache.kafka.common.serialization.StringSerializer
	linger.ms = 0
	max.block.ms = 60000
	max.in.flight.requests.per.connection = 5
	max.request.size = 1048576
	metadata.max.age.ms = 300000
	metadata.max.idle.ms = 300000
	metadata.recovery.strategy = none
	metric.reporters = []
	metrics.num.samples = 2
	metrics.recording.level = INFO
	metrics.sample.window.ms = 30000
	partitioner.adaptive.partitioning.enable = true
	partitioner.availability.timeout.ms = 0
	partitioner.class = null
	partitioner.ignore.keys = false
	receive.buffer.bytes = 32768
	reconnect.backoff.max.ms = 1000
	reconnect.backoff.ms = 50
	request.timeout.ms = 5000
	retries = 2147483647
	retry.backoff.max.ms = 1000
	retry.backoff.ms = 100
	sasl.client.callback.handler.class = null
	sasl.jaas.config = null
	sasl.kerberos.kinit.cmd = /usr/bin/kinit
	sasl.kerberos.min.time.before.relogin = 60000
	sasl.kerberos.service.name = null
	sasl.kerberos.ticket.renew.jitter = 0.05
	sasl.kerberos.ticket.renew.window.factor = 0.8
	sasl.login.callback.handler.class = null
	sasl.login.class = null
	sasl.login.connect.timeout.ms = null
	sasl.login.read.timeout.ms = null
	sasl.login.refresh.buffer.seconds = 300
	sasl.login.refresh.min.period.seconds = 60
	sasl.login.refresh.window.factor = 0.8
	sasl.login.refresh.window.jitter = 0.05
	sasl.login.retry.backoff.max.ms = 10000
	sasl.login.retry.backoff.ms = 100
	sasl.mechanism = GSSAPI
	sasl.oauthbearer.clock.skew.seconds = 30
	sasl.oauthbearer.expected.audience = null
	sasl.oauthbearer.expected.issuer = null
	sasl.oauthbearer.header.urlencode = false
	sasl.oauthbearer.jwks.endpoint.refresh.ms = 3600000
	sasl.oauthbearer.jwks.endpoint.retry.backoff.max.ms = 10000
	sasl.oauthbearer.jwks.endpoint.retry.backoff.ms = 100
	sasl.oauthbearer.jwks.endpoint.url = null
	sasl.oauthbearer.scope.claim.name = scope
	sasl.oauthbearer.sub.claim.name = sub
	sasl.oauthbearer.token.endpoint.url = null
	security.protocol = PLAINTEXT
	security.providers = null
	send.buffer.bytes = 131072
	socket.connection.setup.timeout.max.ms = 30000
	socket.connection.setup.timeout.ms = 10000
	ssl.cipher.suites = null
	ssl.enabled.protocols = [TLSv1.2, TLSv1.3]
	ssl.endpoint.identification.algorithm = https
	ssl.engine.factory.class = null
	ssl.key.password = null
	ssl.keymanager.algorithm = SunX509
	ssl.keystore.certificate.chain = null
	ssl.keystore.key = null
	ssl.keystore.location = null
	ssl.keystore.password = null
	ssl.keystore.type = JKS
	ssl.protocol = TLSv1.3
	ssl.provider = null
	ssl.secure.random.implementation = null
	ssl.trustmanager.algorithm = PKIX
	ssl.truststore.certificates = null
	ssl.truststore.location = null
	ssl.truststore.password = null
	ssl.truststore.type = JKS
	transaction.timeout.ms = 60000
	transactional.id = null
	value.serializer = class io.apicurio.registry.serde.avro.AvroKafkaSerializer

2025-08-12 17:19:43,898 INFO  [org.apa.kaf.com.tel.int.KafkaMetricsCollector] (main) initializing Kafka metrics collector
2025-08-12 17:19:43,902 INFO  [org.apa.kaf.cli.pro.KafkaProducer] (main) [Producer clientId=Producer-topic-14d34162_07f5_4844_9479_0c8e1b66b1b5] Instantiated an idempotent producer.
2025-08-12 17:19:43,905 INFO  [org.apa.kaf.cli.pro.ProducerConfig] (main) These configurations '[apicurio.registry.url, apicurio.registry.artifact-resolver-strategy]' were supplied but are not used yet.
2025-08-12 17:19:43,905 INFO  [org.apa.kaf.com.uti.AppInfoParser] (main) Kafka version: 3.9.1
2025-08-12 17:19:43,905 INFO  [org.apa.kaf.com.uti.AppInfoParser] (main) Kafka commitId: f745dfdcee2b9851
2025-08-12 17:19:43,905 INFO  [org.apa.kaf.com.uti.AppInfoParser] (main) Kafka startTimeMs: 1755019183905
**** Registry Base URL: http://registry-app-pg17.apps.ci419.apicurio-testing.org:80
2025-08-12 17:19:43,906 INFO  [org.apa.kaf.cli.con.ConsumerConfig] (main) ConsumerConfig values: 
	allow.auto.create.topics = true
	auto.commit.interval.ms = 500
	auto.include.jmx.reporter = true
	auto.offset.reset = earliest
	bootstrap.servers = [PLAINTEXT://localhost:32769]
	check.crcs = true
	client.dns.lookup = use_all_dns_ips
	client.id = consumer-Consumer-topic-14d34162_07f5_4844_9479_0c8e1b66b1b5-10
	client.rack = 
	connections.max.idle.ms = 10000
	default.api.timeout.ms = 60000
	enable.auto.commit = true
	enable.metrics.push = true
	exclude.internal.topics = true
	fetch.max.bytes = 52428800
	fetch.max.wait.ms = 500
	fetch.min.bytes = 1
	group.id = Consumer-topic-14d34162_07f5_4844_9479_0c8e1b66b1b5
	group.instance.id = null
	group.protocol = classic
	group.remote.assignor = null
	heartbeat.interval.ms = 3000
	interceptor.classes = []
	internal.leave.group.on.close = true
	internal.throw.on.fetch.stable.offset.unsupported = false
	isolation.level = read_uncommitted
	key.deserializer = class org.apache.kafka.common.serialization.StringDeserializer
	max.partition.fetch.bytes = 1048576
	max.poll.interval.ms = 300000
	max.poll.records = 500
	metadata.max.age.ms = 300000
	metadata.recovery.strategy = none
	metric.reporters = []
	metrics.num.samples = 2
	metrics.recording.level = INFO
	metrics.sample.window.ms = 30000
	partition.assignment.strategy = [class org.apache.kafka.clients.consumer.RangeAssignor, class org.apache.kafka.clients.consumer.CooperativeStickyAssignor]
	receive.buffer.bytes = 65536
	reconnect.backoff.max.ms = 1000
	reconnect.backoff.ms = 50
	request.timeout.ms = 5000
	retry.backoff.max.ms = 1000
	retry.backoff.ms = 100
	sasl.client.callback.handler.class = null
	sasl.jaas.config = null
	sasl.kerberos.kinit.cmd = /usr/bin/kinit
	sasl.kerberos.min.time.before.relogin = 60000
	sasl.kerberos.service.name = null
	sasl.kerberos.ticket.renew.jitter = 0.05
	sasl.kerberos.ticket.renew.window.factor = 0.8
	sasl.login.callback.handler.class = null
	sasl.login.class = null
	sasl.login.connect.timeout.ms = null
	sasl.login.read.timeout.ms = null
	sasl.login.refresh.buffer.seconds = 300
	sasl.login.refresh.min.period.seconds = 60
	sasl.login.refresh.window.factor = 0.8
	sasl.login.refresh.window.jitter = 0.05
	sasl.login.retry.backoff.max.ms = 10000
	sasl.login.retry.backoff.ms = 100
	sasl.mechanism = GSSAPI
	sasl.oauthbearer.clock.skew.seconds = 30
	sasl.oauthbearer.expected.audience = null
	sasl.oauthbearer.expected.issuer = null
	sasl.oauthbearer.header.urlencode = false
	sasl.oauthbearer.jwks.endpoint.refresh.ms = 3600000
	sasl.oauthbearer.jwks.endpoint.retry.backoff.max.ms = 10000
	sasl.oauthbearer.jwks.endpoint.retry.backoff.ms = 100
	sasl.oauthbearer.jwks.endpoint.url = null
	sasl.oauthbearer.scope.claim.name = scope
	sasl.oauthbearer.sub.claim.name = sub
	sasl.oauthbearer.token.endpoint.url = null
	security.protocol = PLAINTEXT
	security.providers = null
	send.buffer.bytes = 131072
	session.timeout.ms = 45000
	socket.connection.setup.timeout.max.ms = 30000
	socket.connection.setup.timeout.ms = 10000
	ssl.cipher.suites = null
	ssl.enabled.protocols = [TLSv1.2, TLSv1.3]
	ssl.endpoint.identification.algorithm = https
	ssl.engine.factory.class = null
	ssl.key.password = null
	ssl.keymanager.algorithm = SunX509
	ssl.keystore.certificate.chain = null
	ssl.keystore.key = null
	ssl.keystore.location = null
	ssl.keystore.password = null
	ssl.keystore.type = JKS
	ssl.protocol = TLSv1.3
	ssl.provider = null
	ssl.secure.random.implementation = null
	ssl.trustmanager.algorithm = PKIX
	ssl.truststore.certificates = null
	ssl.truststore.location = null
	ssl.truststore.password = null
	ssl.truststore.type = JKS
	value.deserializer = class io.apicurio.registry.serde.avro.AvroKafkaDeserializer

2025-08-12 17:19:43,906 INFO  [org.apa.kaf.com.tel.int.KafkaMetricsCollector] (main) initializing Kafka metrics collector
2025-08-12 17:19:43,912 INFO  [org.apa.kaf.cli.Metadata] (kafka-producer-network-thread | Producer-topic-14d34162_07f5_4844_9479_0c8e1b66b1b5) [Producer clientId=Producer-topic-14d34162_07f5_4844_9479_0c8e1b66b1b5] Cluster ID: 4rT39ZSJSJuTKBGDmwdYMA
2025-08-12 17:19:43,913 INFO  [org.apa.kaf.cli.pro.int.TransactionManager] (kafka-producer-network-thread | Producer-topic-14d34162_07f5_4844_9479_0c8e1b66b1b5) [Producer clientId=Producer-topic-14d34162_07f5_4844_9479_0c8e1b66b1b5] ProducerId set to 12 with epoch 0
2025-08-12 17:19:43,913 INFO  [org.apa.kaf.cli.con.ConsumerConfig] (main) These configurations '[apicurio.registry.url]' were supplied but are not used yet.
2025-08-12 17:19:43,913 INFO  [org.apa.kaf.com.uti.AppInfoParser] (main) Kafka version: 3.9.1
2025-08-12 17:19:43,913 INFO  [org.apa.kaf.com.uti.AppInfoParser] (main) Kafka commitId: f745dfdcee2b9851
2025-08-12 17:19:43,913 INFO  [org.apa.kaf.com.uti.AppInfoParser] (main) Kafka startTimeMs: 1755019183913
2025-08-12 17:19:43,914 INFO  [io.api.tes.ser.api.KafkaSerdesTester] (Thread-672) Sending message {"key11755019182836": "value-0"} to topic topic-14d34162_07f5_4844_9479_0c8e1b66b1b5
2025-08-12 17:19:43,919 INFO  [DefaultSchemaResolver] (Thread-672) Retrieving schema content using string: {"type":"record","name":"s0d87b5d0x197fx4e33xad31xc96904d2caaa","namespace":"ns_56307989_39d8_40b4_8afa_4bd3fc5e66cc","fields":[{"name":"key11755019182836","type":"string"}]}
2025-08-12 17:19:43,951 INFO  [io.api.tes.ser.api.KafkaSerdesTester] (Thread-672) Sending message {"key11755019182836": "value-1"} to topic topic-14d34162_07f5_4844_9479_0c8e1b66b1b5
2025-08-12 17:19:43,952 INFO  [io.api.tes.ser.api.KafkaSerdesTester] (Thread-672) Sending message {"key11755019182836": "value-2"} to topic topic-14d34162_07f5_4844_9479_0c8e1b66b1b5
2025-08-12 17:19:43,954 INFO  [io.api.tes.ser.api.KafkaSerdesTester] (Thread-672) Sending message {"key11755019182836": "value-3"} to topic topic-14d34162_07f5_4844_9479_0c8e1b66b1b5
2025-08-12 17:19:43,957 INFO  [io.api.tes.ser.api.KafkaSerdesTester] (Thread-672) Sending message {"key11755019182836": "value-4"} to topic topic-14d34162_07f5_4844_9479_0c8e1b66b1b5
2025-08-12 17:19:43,958 INFO  [io.api.tes.ser.api.KafkaSerdesTester] (Thread-672) Sending message {"key11755019182836": "value-5"} to topic topic-14d34162_07f5_4844_9479_0c8e1b66b1b5
2025-08-12 17:19:43,962 INFO  [io.api.tes.ser.api.KafkaSerdesTester] (Thread-672) Sending message {"key11755019182836": "value-6"} to topic topic-14d34162_07f5_4844_9479_0c8e1b66b1b5
2025-08-12 17:19:43,964 INFO  [io.api.tes.ser.api.KafkaSerdesTester] (Thread-672) Sending message {"key11755019182836": "value-7"} to topic topic-14d34162_07f5_4844_9479_0c8e1b66b1b5
2025-08-12 17:19:43,966 INFO  [io.api.tes.ser.api.KafkaSerdesTester] (Thread-672) Sending message {"key11755019182836": "value-8"} to topic topic-14d34162_07f5_4844_9479_0c8e1b66b1b5
2025-08-12 17:19:43,968 INFO  [io.api.tes.ser.api.KafkaSerdesTester] (Thread-672) Sending message {"key11755019182836": "value-9"} to topic topic-14d34162_07f5_4844_9479_0c8e1b66b1b5
2025-08-12 17:19:43,971 INFO  [io.api.tes.ser.api.KafkaSerdesTester] (Thread-672) Produced 10 messages
2025-08-12 17:19:43,971 INFO  [org.apa.kaf.cli.pro.KafkaProducer] (Thread-672) [Producer clientId=Producer-topic-14d34162_07f5_4844_9479_0c8e1b66b1b5] Closing the Kafka producer with timeoutMillis = 9223372036854775807 ms.
2025-08-12 17:19:43,973 INFO  [org.apa.kaf.com.met.Metrics] (Thread-672) Metrics scheduler closed
2025-08-12 17:19:43,973 INFO  [org.apa.kaf.com.met.Metrics] (Thread-672) Closing reporter org.apache.kafka.common.metrics.JmxReporter
2025-08-12 17:19:43,973 INFO  [org.apa.kaf.com.met.Metrics] (Thread-672) Closing reporter org.apache.kafka.common.telemetry.internals.ClientTelemetryReporter
2025-08-12 17:19:43,973 INFO  [org.apa.kaf.com.met.Metrics] (Thread-672) Metrics reporters closed
2025-08-12 17:19:43,974 INFO  [org.apa.kaf.com.uti.AppInfoParser] (Thread-672) App info kafka.producer for Producer-topic-14d34162_07f5_4844_9479_0c8e1b66b1b5 unregistered
2025-08-12 17:19:43,976 INFO  [org.apa.kaf.cli.con.int.ClassicKafkaConsumer] (Thread-673) [Consumer clientId=consumer-Consumer-topic-14d34162_07f5_4844_9479_0c8e1b66b1b5-10, groupId=Consumer-topic-14d34162_07f5_4844_9479_0c8e1b66b1b5] Subscribed to topic(s): topic-14d34162_07f5_4844_9479_0c8e1b66b1b5
2025-08-12 17:19:43,980 INFO  [org.apa.kaf.cli.Metadata] (Thread-673) [Consumer clientId=consumer-Consumer-topic-14d34162_07f5_4844_9479_0c8e1b66b1b5-10, groupId=Consumer-topic-14d34162_07f5_4844_9479_0c8e1b66b1b5] Cluster ID: 4rT39ZSJSJuTKBGDmwdYMA
2025-08-12 17:19:43,982 INFO  [org.apa.kaf.cli.con.int.ConsumerCoordinator] (Thread-673) [Consumer clientId=consumer-Consumer-topic-14d34162_07f5_4844_9479_0c8e1b66b1b5-10, groupId=Consumer-topic-14d34162_07f5_4844_9479_0c8e1b66b1b5] Discovered group coordinator localhost:32769 (id: 2147483647 rack: null)
2025-08-12 17:19:43,983 INFO  [org.apa.kaf.cli.con.int.ConsumerCoordinator] (Thread-673) [Consumer clientId=consumer-Consumer-topic-14d34162_07f5_4844_9479_0c8e1b66b1b5-10, groupId=Consumer-topic-14d34162_07f5_4844_9479_0c8e1b66b1b5] (Re-)joining group
2025-08-12 17:19:43,992 INFO  [org.apa.kaf.cli.con.int.ConsumerCoordinator] (Thread-673) [Consumer clientId=consumer-Consumer-topic-14d34162_07f5_4844_9479_0c8e1b66b1b5-10, groupId=Consumer-topic-14d34162_07f5_4844_9479_0c8e1b66b1b5] Request joining group due to: need to re-join with the given member-id: consumer-Consumer-topic-14d34162_07f5_4844_9479_0c8e1b66b1b5-10-e5056f09-042e-41e0-bc9c-af218ac38fa1
2025-08-12 17:19:43,992 INFO  [org.apa.kaf.cli.con.int.ConsumerCoordinator] (Thread-673) [Consumer clientId=consumer-Consumer-topic-14d34162_07f5_4844_9479_0c8e1b66b1b5-10, groupId=Consumer-topic-14d34162_07f5_4844_9479_0c8e1b66b1b5] (Re-)joining group
2025-08-12 17:19:44,976 INFO  [io.api.tes.ser.api.KafkaSerdesTester] (Thread-673) None found
2025-08-12 17:19:45,976 INFO  [io.api.tes.ser.api.KafkaSerdesTester] (Thread-673) None found
2025-08-12 17:19:46,978 INFO  [io.api.tes.ser.api.KafkaSerdesTester] (Thread-673) None found
2025-08-12 17:19:46,997 INFO  [org.apa.kaf.cli.con.int.ConsumerCoordinator] (Thread-673) [Consumer clientId=consumer-Consumer-topic-14d34162_07f5_4844_9479_0c8e1b66b1b5-10, groupId=Consumer-topic-14d34162_07f5_4844_9479_0c8e1b66b1b5] Successfully joined group with generation Generation{generationId=1, memberId='consumer-Consumer-topic-14d34162_07f5_4844_9479_0c8e1b66b1b5-10-e5056f09-042e-41e0-bc9c-af218ac38fa1', protocol='range'}
2025-08-12 17:19:46,997 INFO  [org.apa.kaf.cli.con.int.ConsumerCoordinator] (Thread-673) [Consumer clientId=consumer-Consumer-topic-14d34162_07f5_4844_9479_0c8e1b66b1b5-10, groupId=Consumer-topic-14d34162_07f5_4844_9479_0c8e1b66b1b5] Finished assignment for group at generation 1: {consumer-Consumer-topic-14d34162_07f5_4844_9479_0c8e1b66b1b5-10-e5056f09-042e-41e0-bc9c-af218ac38fa1=Assignment(partitions=[topic-14d34162_07f5_4844_9479_0c8e1b66b1b5-0])}
2025-08-12 17:19:47,005 INFO  [org.apa.kaf.cli.con.int.ConsumerCoordinator] (Thread-673) [Consumer clientId=consumer-Consumer-topic-14d34162_07f5_4844_9479_0c8e1b66b1b5-10, groupId=Consumer-topic-14d34162_07f5_4844_9479_0c8e1b66b1b5] Successfully synced group in generation Generation{generationId=1, memberId='consumer-Consumer-topic-14d34162_07f5_4844_9479_0c8e1b66b1b5-10-e5056f09-042e-41e0-bc9c-af218ac38fa1', protocol='range'}
2025-08-12 17:19:47,005 INFO  [org.apa.kaf.cli.con.int.ConsumerCoordinator] (Thread-673) [Consumer clientId=consumer-Consumer-topic-14d34162_07f5_4844_9479_0c8e1b66b1b5-10, groupId=Consumer-topic-14d34162_07f5_4844_9479_0c8e1b66b1b5] Notifying assignor about the new Assignment(partitions=[topic-14d34162_07f5_4844_9479_0c8e1b66b1b5-0])
2025-08-12 17:19:47,005 INFO  [org.apa.kaf.cli.con.int.ConsumerRebalanceListenerInvoker] (Thread-673) [Consumer clientId=consumer-Consumer-topic-14d34162_07f5_4844_9479_0c8e1b66b1b5-10, groupId=Consumer-topic-14d34162_07f5_4844_9479_0c8e1b66b1b5] Adding newly assigned partitions: topic-14d34162_07f5_4844_9479_0c8e1b66b1b5-0
2025-08-12 17:19:47,006 INFO  [org.apa.kaf.cli.con.int.ConsumerCoordinator] (Thread-673) [Consumer clientId=consumer-Consumer-topic-14d34162_07f5_4844_9479_0c8e1b66b1b5-10, groupId=Consumer-topic-14d34162_07f5_4844_9479_0c8e1b66b1b5] Found no committed offset for partition topic-14d34162_07f5_4844_9479_0c8e1b66b1b5-0
2025-08-12 17:19:47,011 INFO  [org.apa.kaf.cli.con.int.SubscriptionState] (Thread-673) [Consumer clientId=consumer-Consumer-topic-14d34162_07f5_4844_9479_0c8e1b66b1b5-10, groupId=Consumer-topic-14d34162_07f5_4844_9479_0c8e1b66b1b5] Resetting offset for partition topic-14d34162_07f5_4844_9479_0c8e1b66b1b5-0 to position FetchPosition{offset=0, offsetEpoch=Optional.empty, currentLeader=LeaderAndEpoch{leader=Optional[localhost:32769 (id: 0 rack: null)], epoch=0}}.
2025-08-12 17:19:47,049 INFO  [io.api.tes.ser.api.KafkaSerdesTester] (Thread-673) topic-14d34162_07f5_4844_9479_0c8e1b66b1b5 0 0 {"key11755019182836": "value-0"}
2025-08-12 17:19:47,049 INFO  [io.api.tes.ser.api.KafkaSerdesTester] (Thread-673) topic-14d34162_07f5_4844_9479_0c8e1b66b1b5 0 1 {"key11755019182836": "value-1"}
2025-08-12 17:19:47,049 INFO  [io.api.tes.ser.api.KafkaSerdesTester] (Thread-673) topic-14d34162_07f5_4844_9479_0c8e1b66b1b5 0 2 {"key11755019182836": "value-2"}
2025-08-12 17:19:47,049 INFO  [io.api.tes.ser.api.KafkaSerdesTester] (Thread-673) topic-14d34162_07f5_4844_9479_0c8e1b66b1b5 0 3 {"key11755019182836": "value-3"}
2025-08-12 17:19:47,049 INFO  [io.api.tes.ser.api.KafkaSerdesTester] (Thread-673) topic-14d34162_07f5_4844_9479_0c8e1b66b1b5 0 4 {"key11755019182836": "value-4"}
2025-08-12 17:19:47,050 INFO  [io.api.tes.ser.api.KafkaSerdesTester] (Thread-673) topic-14d34162_07f5_4844_9479_0c8e1b66b1b5 0 5 {"key11755019182836": "value-5"}
2025-08-12 17:19:47,050 INFO  [io.api.tes.ser.api.KafkaSerdesTester] (Thread-673) topic-14d34162_07f5_4844_9479_0c8e1b66b1b5 0 6 {"key11755019182836": "value-6"}
2025-08-12 17:19:47,050 INFO  [io.api.tes.ser.api.KafkaSerdesTester] (Thread-673) topic-14d34162_07f5_4844_9479_0c8e1b66b1b5 0 7 {"key11755019182836": "value-7"}
2025-08-12 17:19:47,050 INFO  [io.api.tes.ser.api.KafkaSerdesTester] (Thread-673) topic-14d34162_07f5_4844_9479_0c8e1b66b1b5 0 8 {"key11755019182836": "value-8"}
2025-08-12 17:19:47,050 INFO  [io.api.tes.ser.api.KafkaSerdesTester] (Thread-673) topic-14d34162_07f5_4844_9479_0c8e1b66b1b5 0 9 {"key11755019182836": "value-9"}
2025-08-12 17:19:47,050 INFO  [io.api.tes.ser.api.KafkaSerdesTester] (Thread-673) Consumed 10 messages
2025-08-12 17:19:47,057 INFO  [org.apa.kaf.cli.con.int.ConsumerRebalanceListenerInvoker] (Thread-673) [Consumer clientId=consumer-Consumer-topic-14d34162_07f5_4844_9479_0c8e1b66b1b5-10, groupId=Consumer-topic-14d34162_07f5_4844_9479_0c8e1b66b1b5] Revoke previously assigned partitions topic-14d34162_07f5_4844_9479_0c8e1b66b1b5-0
2025-08-12 17:19:47,057 INFO  [org.apa.kaf.cli.con.int.ConsumerCoordinator] (Thread-673) [Consumer clientId=consumer-Consumer-topic-14d34162_07f5_4844_9479_0c8e1b66b1b5-10, groupId=Consumer-topic-14d34162_07f5_4844_9479_0c8e1b66b1b5] Member consumer-Consumer-topic-14d34162_07f5_4844_9479_0c8e1b66b1b5-10-e5056f09-042e-41e0-bc9c-af218ac38fa1 sending LeaveGroup request to coordinator localhost:32769 (id: 2147483647 rack: null) due to the consumer is being closed
2025-08-12 17:19:47,057 INFO  [org.apa.kaf.cli.con.int.ConsumerCoordinator] (Thread-673) [Consumer clientId=consumer-Consumer-topic-14d34162_07f5_4844_9479_0c8e1b66b1b5-10, groupId=Consumer-topic-14d34162_07f5_4844_9479_0c8e1b66b1b5] Resetting generation and member id due to: consumer pro-actively leaving the group
2025-08-12 17:19:47,057 INFO  [org.apa.kaf.cli.con.int.ConsumerCoordinator] (Thread-673) [Consumer clientId=consumer-Consumer-topic-14d34162_07f5_4844_9479_0c8e1b66b1b5-10, groupId=Consumer-topic-14d34162_07f5_4844_9479_0c8e1b66b1b5] Request joining group due to: consumer pro-actively leaving the group
2025-08-12 17:19:47,551 INFO  [org.apa.kaf.com.met.Metrics] (Thread-673) Metrics scheduler closed
2025-08-12 17:19:47,551 INFO  [org.apa.kaf.com.met.Metrics] (Thread-673) Closing reporter org.apache.kafka.common.metrics.JmxReporter
2025-08-12 17:19:47,551 INFO  [org.apa.kaf.com.met.Metrics] (Thread-673) Closing reporter org.apache.kafka.common.telemetry.internals.ClientTelemetryReporter
2025-08-12 17:19:47,551 INFO  [org.apa.kaf.com.met.Metrics] (Thread-673) Metrics reporters closed
2025-08-12 17:19:47,553 INFO  [org.apa.kaf.com.uti.AppInfoParser] (Thread-673) App info kafka.consumer for consumer-Consumer-topic-14d34162_07f5_4844_9479_0c8e1b66b1b5-10 unregistered
2025-08-12 17:19:47,554 INFO  [io.api.tes.ser.api.AvroSerdeIT] (main) Registering Avro Schema 2: {"type":"record","name":"s0d87b5d0x197fx4e33xad31xc96904d2caaa","namespace":"ns_56307989_39d8_40b4_8afa_4bd3fc5e66cc","fields":[{"name":"key11755019182836","type":"string"},{"name":"key21755019187554","type":"string"}]}
**** Registry Base URL: http://registry-app-pg17.apps.ci419.apicurio-testing.org:80
2025-08-12 17:19:48,615 INFO  [org.apa.kaf.cli.pro.ProducerConfig] (main) ProducerConfig values: 
	acks = -1
	auto.include.jmx.reporter = true
	batch.size = 16384
	bootstrap.servers = [PLAINTEXT://localhost:32769]
	buffer.memory = 33554432
	client.dns.lookup = use_all_dns_ips
	client.id = Producer-topic-14d34162_07f5_4844_9479_0c8e1b66b1b5
	compression.gzip.level = -1
	compression.lz4.level = 9
	compression.type = none
	compression.zstd.level = 3
	connections.max.idle.ms = 10000
	delivery.timeout.ms = 120000
	enable.idempotence = true
	enable.metrics.push = true
	interceptor.classes = []
	key.serializer = class org.apache.kafka.common.serialization.StringSerializer
	linger.ms = 0
	max.block.ms = 60000
	max.in.flight.requests.per.connection = 5
	max.request.size = 1048576
	metadata.max.age.ms = 300000
	metadata.max.idle.ms = 300000
	metadata.recovery.strategy = none
	metric.reporters = []
	metrics.num.samples = 2
	metrics.recording.level = INFO
	metrics.sample.window.ms = 30000
	partitioner.adaptive.partitioning.enable = true
	partitioner.availability.timeout.ms = 0
	partitioner.class = null
	partitioner.ignore.keys = false
	receive.buffer.bytes = 32768
	reconnect.backoff.max.ms = 1000
	reconnect.backoff.ms = 50
	request.timeout.ms = 5000
	retries = 2147483647
	retry.backoff.max.ms = 1000
	retry.backoff.ms = 100
	sasl.client.callback.handler.class = null
	sasl.jaas.config = null
	sasl.kerberos.kinit.cmd = /usr/bin/kinit
	sasl.kerberos.min.time.before.relogin = 60000
	sasl.kerberos.service.name = null
	sasl.kerberos.ticket.renew.jitter = 0.05
	sasl.kerberos.ticket.renew.window.factor = 0.8
	sasl.login.callback.handler.class = null
	sasl.login.class = null
	sasl.login.connect.timeout.ms = null
	sasl.login.read.timeout.ms = null
	sasl.login.refresh.buffer.seconds = 300
	sasl.login.refresh.min.period.seconds = 60
	sasl.login.refresh.window.factor = 0.8
	sasl.login.refresh.window.jitter = 0.05
	sasl.login.retry.backoff.max.ms = 10000
	sasl.login.retry.backoff.ms = 100
	sasl.mechanism = GSSAPI
	sasl.oauthbearer.clock.skew.seconds = 30
	sasl.oauthbearer.expected.audience = null
	sasl.oauthbearer.expected.issuer = null
	sasl.oauthbearer.header.urlencode = false
	sasl.oauthbearer.jwks.endpoint.refresh.ms = 3600000
	sasl.oauthbearer.jwks.endpoint.retry.backoff.max.ms = 10000
	sasl.oauthbearer.jwks.endpoint.retry.backoff.ms = 100
	sasl.oauthbearer.jwks.endpoint.url = null
	sasl.oauthbearer.scope.claim.name = scope
	sasl.oauthbearer.sub.claim.name = sub
	sasl.oauthbearer.token.endpoint.url = null
	security.protocol = PLAINTEXT
	security.providers = null
	send.buffer.bytes = 131072
	socket.connection.setup.timeout.max.ms = 30000
	socket.connection.setup.timeout.ms = 10000
	ssl.cipher.suites = null
	ssl.enabled.protocols = [TLSv1.2, TLSv1.3]
	ssl.endpoint.identification.algorithm = https
	ssl.engine.factory.class = null
	ssl.key.password = null
	ssl.keymanager.algorithm = SunX509
	ssl.keystore.certificate.chain = null
	ssl.keystore.key = null
	ssl.keystore.location = null
	ssl.keystore.password = null
	ssl.keystore.type = JKS
	ssl.protocol = TLSv1.3
	ssl.provider = null
	ssl.secure.random.implementation = null
	ssl.trustmanager.algorithm = PKIX
	ssl.truststore.certificates = null
	ssl.truststore.location = null
	ssl.truststore.password = null
	ssl.truststore.type = JKS
	transaction.timeout.ms = 60000
	transactional.id = null
	value.serializer = class io.apicurio.registry.serde.avro.AvroKafkaSerializer

2025-08-12 17:19:48,615 INFO  [org.apa.kaf.com.tel.int.KafkaMetricsCollector] (main) initializing Kafka metrics collector
2025-08-12 17:19:48,618 INFO  [org.apa.kaf.cli.pro.KafkaProducer] (main) [Producer clientId=Producer-topic-14d34162_07f5_4844_9479_0c8e1b66b1b5] Instantiated an idempotent producer.
2025-08-12 17:19:48,620 INFO  [org.apa.kaf.cli.pro.ProducerConfig] (main) These configurations '[apicurio.registry.url, apicurio.registry.artifact-resolver-strategy]' were supplied but are not used yet.
2025-08-12 17:19:48,620 INFO  [org.apa.kaf.com.uti.AppInfoParser] (main) Kafka version: 3.9.1
2025-08-12 17:19:48,620 INFO  [org.apa.kaf.com.uti.AppInfoParser] (main) Kafka commitId: f745dfdcee2b9851
2025-08-12 17:19:48,620 INFO  [org.apa.kaf.com.uti.AppInfoParser] (main) Kafka startTimeMs: 1755019188620
2025-08-12 17:19:48,620 INFO  [io.api.tes.ser.api.KafkaSerdesTester] (Thread-676) Sending message {"key11755019182836": "value-0", "key21755019187554": "value-0"} to topic topic-14d34162_07f5_4844_9479_0c8e1b66b1b5
2025-08-12 17:19:48,624 INFO  [org.apa.kaf.cli.Metadata] (kafka-producer-network-thread | Producer-topic-14d34162_07f5_4844_9479_0c8e1b66b1b5) [Producer clientId=Producer-topic-14d34162_07f5_4844_9479_0c8e1b66b1b5] Cluster ID: 4rT39ZSJSJuTKBGDmwdYMA
2025-08-12 17:19:48,624 INFO  [DefaultSchemaResolver] (Thread-676) Retrieving schema content using string: {"type":"record","name":"s0d87b5d0x197fx4e33xad31xc96904d2caaa","namespace":"ns_56307989_39d8_40b4_8afa_4bd3fc5e66cc","fields":[{"name":"key11755019182836","type":"string"},{"name":"key21755019187554","type":"string"}]}
2025-08-12 17:19:48,625 INFO  [org.apa.kaf.cli.pro.int.TransactionManager] (kafka-producer-network-thread | Producer-topic-14d34162_07f5_4844_9479_0c8e1b66b1b5) [Producer clientId=Producer-topic-14d34162_07f5_4844_9479_0c8e1b66b1b5] ProducerId set to 13 with epoch 0
2025-08-12 17:19:48,660 INFO  [io.api.tes.ser.api.KafkaSerdesTester] (Thread-676) Sending message {"key11755019182836": "value-1", "key21755019187554": "value-1"} to topic topic-14d34162_07f5_4844_9479_0c8e1b66b1b5
2025-08-12 17:19:48,666 INFO  [io.api.tes.ser.api.KafkaSerdesTester] (Thread-676) Sending message {"key11755019182836": "value-2", "key21755019187554": "value-2"} to topic topic-14d34162_07f5_4844_9479_0c8e1b66b1b5
2025-08-12 17:19:48,670 INFO  [io.api.tes.ser.api.KafkaSerdesTester] (Thread-676) Sending message {"key11755019182836": "value-3", "key21755019187554": "value-3"} to topic topic-14d34162_07f5_4844_9479_0c8e1b66b1b5
2025-08-12 17:19:48,671 INFO  [io.api.tes.ser.api.KafkaSerdesTester] (Thread-676) Sending message {"key11755019182836": "value-4", "key21755019187554": "value-4"} to topic topic-14d34162_07f5_4844_9479_0c8e1b66b1b5
2025-08-12 17:19:48,677 INFO  [io.api.tes.ser.api.KafkaSerdesTester] (Thread-676) Sending message {"key11755019182836": "value-5", "key21755019187554": "value-5"} to topic topic-14d34162_07f5_4844_9479_0c8e1b66b1b5
2025-08-12 17:19:48,680 INFO  [io.api.tes.ser.api.KafkaSerdesTester] (Thread-676) Sending message {"key11755019182836": "value-6", "key21755019187554": "value-6"} to topic topic-14d34162_07f5_4844_9479_0c8e1b66b1b5
2025-08-12 17:19:48,684 INFO  [io.api.tes.ser.api.KafkaSerdesTester] (Thread-676) Sending message {"key11755019182836": "value-7", "key21755019187554": "value-7"} to topic topic-14d34162_07f5_4844_9479_0c8e1b66b1b5
2025-08-12 17:19:48,687 INFO  [io.api.tes.ser.api.KafkaSerdesTester] (Thread-676) Sending message {"key11755019182836": "value-8", "key21755019187554": "value-8"} to topic topic-14d34162_07f5_4844_9479_0c8e1b66b1b5
2025-08-12 17:19:48,693 INFO  [io.api.tes.ser.api.KafkaSerdesTester] (Thread-676) Sending message {"key11755019182836": "value-9", "key21755019187554": "value-9"} to topic topic-14d34162_07f5_4844_9479_0c8e1b66b1b5
2025-08-12 17:19:48,697 INFO  [io.api.tes.ser.api.KafkaSerdesTester] (Thread-676) Produced 10 messages
2025-08-12 17:19:48,697 INFO  [org.apa.kaf.cli.pro.KafkaProducer] (Thread-676) [Producer clientId=Producer-topic-14d34162_07f5_4844_9479_0c8e1b66b1b5] Closing the Kafka producer with timeoutMillis = 9223372036854775807 ms.
2025-08-12 17:19:48,699 INFO  [org.apa.kaf.com.met.Metrics] (Thread-676) Metrics scheduler closed
2025-08-12 17:19:48,699 INFO  [org.apa.kaf.com.met.Metrics] (Thread-676) Closing reporter org.apache.kafka.common.metrics.JmxReporter
2025-08-12 17:19:48,699 INFO  [org.apa.kaf.com.met.Metrics] (Thread-676) Closing reporter org.apache.kafka.common.telemetry.internals.ClientTelemetryReporter
2025-08-12 17:19:48,699 INFO  [org.apa.kaf.com.met.Metrics] (Thread-676) Metrics reporters closed
2025-08-12 17:19:48,700 INFO  [org.apa.kaf.com.uti.AppInfoParser] (Thread-676) App info kafka.producer for Producer-topic-14d34162_07f5_4844_9479_0c8e1b66b1b5 unregistered
**** Registry Base URL: http://registry-app-pg17.apps.ci419.apicurio-testing.org:80
2025-08-12 17:19:48,702 INFO  [org.apa.kaf.cli.pro.ProducerConfig] (main) ProducerConfig values: 
	acks = -1
	auto.include.jmx.reporter = true
	batch.size = 16384
	bootstrap.servers = [PLAINTEXT://localhost:32769]
	buffer.memory = 33554432
	client.dns.lookup = use_all_dns_ips
	client.id = Producer-topic-14d34162_07f5_4844_9479_0c8e1b66b1b5
	compression.gzip.level = -1
	compression.lz4.level = 9
	compression.type = none
	compression.zstd.level = 3
	connections.max.idle.ms = 10000
	delivery.timeout.ms = 120000
	enable.idempotence = true
	enable.metrics.push = true
	interceptor.classes = []
	key.serializer = class org.apache.kafka.common.serialization.StringSerializer
	linger.ms = 0
	max.block.ms = 60000
	max.in.flight.requests.per.connection = 5
	max.request.size = 1048576
	metadata.max.age.ms = 300000
	metadata.max.idle.ms = 300000
	metadata.recovery.strategy = none
	metric.reporters = []
	metrics.num.samples = 2
	metrics.recording.level = INFO
	metrics.sample.window.ms = 30000
	partitioner.adaptive.partitioning.enable = true
	partitioner.availability.timeout.ms = 0
	partitioner.class = null
	partitioner.ignore.keys = false
	receive.buffer.bytes = 32768
	reconnect.backoff.max.ms = 1000
	reconnect.backoff.ms = 50
	request.timeout.ms = 5000
	retries = 2147483647
	retry.backoff.max.ms = 1000
	retry.backoff.ms = 100
	sasl.client.callback.handler.class = null
	sasl.jaas.config = null
	sasl.kerberos.kinit.cmd = /usr/bin/kinit
	sasl.kerberos.min.time.before.relogin = 60000
	sasl.kerberos.service.name = null
	sasl.kerberos.ticket.renew.jitter = 0.05
	sasl.kerberos.ticket.renew.window.factor = 0.8
	sasl.login.callback.handler.class = null
	sasl.login.class = null
	sasl.login.connect.timeout.ms = null
	sasl.login.read.timeout.ms = null
	sasl.login.refresh.buffer.seconds = 300
	sasl.login.refresh.min.period.seconds = 60
	sasl.login.refresh.window.factor = 0.8
	sasl.login.refresh.window.jitter = 0.05
	sasl.login.retry.backoff.max.ms = 10000
	sasl.login.retry.backoff.ms = 100
	sasl.mechanism = GSSAPI
	sasl.oauthbearer.clock.skew.seconds = 30
	sasl.oauthbearer.expected.audience = null
	sasl.oauthbearer.expected.issuer = null
	sasl.oauthbearer.header.urlencode = false
	sasl.oauthbearer.jwks.endpoint.refresh.ms = 3600000
	sasl.oauthbearer.jwks.endpoint.retry.backoff.max.ms = 10000
	sasl.oauthbearer.jwks.endpoint.retry.backoff.ms = 100
	sasl.oauthbearer.jwks.endpoint.url = null
	sasl.oauthbearer.scope.claim.name = scope
	sasl.oauthbearer.sub.claim.name = sub
	sasl.oauthbearer.token.endpoint.url = null
	security.protocol = PLAINTEXT
	security.providers = null
	send.buffer.bytes = 131072
	socket.connection.setup.timeout.max.ms = 30000
	socket.connection.setup.timeout.ms = 10000
	ssl.cipher.suites = null
	ssl.enabled.protocols = [TLSv1.2, TLSv1.3]
	ssl.endpoint.identification.algorithm = https
	ssl.engine.factory.class = null
	ssl.key.password = null
	ssl.keymanager.algorithm = SunX509
	ssl.keystore.certificate.chain = null
	ssl.keystore.key = null
	ssl.keystore.location = null
	ssl.keystore.password = null
	ssl.keystore.type = JKS
	ssl.protocol = TLSv1.3
	ssl.provider = null
	ssl.secure.random.implementation = null
	ssl.trustmanager.algorithm = PKIX
	ssl.truststore.certificates = null
	ssl.truststore.location = null
	ssl.truststore.password = null
	ssl.truststore.type = JKS
	transaction.timeout.ms = 60000
	transactional.id = null
	value.serializer = class io.apicurio.registry.serde.avro.AvroKafkaSerializer

2025-08-12 17:19:48,702 INFO  [org.apa.kaf.com.tel.int.KafkaMetricsCollector] (main) initializing Kafka metrics collector
2025-08-12 17:19:48,711 INFO  [org.apa.kaf.cli.pro.KafkaProducer] (main) [Producer clientId=Producer-topic-14d34162_07f5_4844_9479_0c8e1b66b1b5] Instantiated an idempotent producer.
2025-08-12 17:19:48,717 INFO  [org.apa.kaf.cli.pro.ProducerConfig] (main) These configurations '[apicurio.registry.url, apicurio.registry.artifact-resolver-strategy]' were supplied but are not used yet.
2025-08-12 17:19:48,717 INFO  [org.apa.kaf.com.uti.AppInfoParser] (main) Kafka version: 3.9.1
2025-08-12 17:19:48,717 INFO  [org.apa.kaf.com.uti.AppInfoParser] (main) Kafka commitId: f745dfdcee2b9851
2025-08-12 17:19:48,717 INFO  [org.apa.kaf.com.uti.AppInfoParser] (main) Kafka startTimeMs: 1755019188717
2025-08-12 17:19:48,719 INFO  [io.api.tes.ser.api.KafkaSerdesTester] (Thread-679) Sending message {"key11755019182836": "value-0"} to topic topic-14d34162_07f5_4844_9479_0c8e1b66b1b5
2025-08-12 17:19:48,724 INFO  [org.apa.kaf.cli.Metadata] (kafka-producer-network-thread | Producer-topic-14d34162_07f5_4844_9479_0c8e1b66b1b5) [Producer clientId=Producer-topic-14d34162_07f5_4844_9479_0c8e1b66b1b5] Cluster ID: 4rT39ZSJSJuTKBGDmwdYMA
2025-08-12 17:19:48,724 INFO  [DefaultSchemaResolver] (Thread-679) Retrieving schema content using string: {"type":"record","name":"s0d87b5d0x197fx4e33xad31xc96904d2caaa","namespace":"ns_56307989_39d8_40b4_8afa_4bd3fc5e66cc","fields":[{"name":"key11755019182836","type":"string"}]}
2025-08-12 17:19:48,726 INFO  [org.apa.kaf.cli.pro.int.TransactionManager] (kafka-producer-network-thread | Producer-topic-14d34162_07f5_4844_9479_0c8e1b66b1b5) [Producer clientId=Producer-topic-14d34162_07f5_4844_9479_0c8e1b66b1b5] ProducerId set to 14 with epoch 0
2025-08-12 17:19:48,760 INFO  [io.api.tes.ser.api.KafkaSerdesTester] (Thread-679) Sending message {"key11755019182836": "value-1"} to topic topic-14d34162_07f5_4844_9479_0c8e1b66b1b5
2025-08-12 17:19:48,761 INFO  [io.api.tes.ser.api.KafkaSerdesTester] (Thread-679) Sending message {"key11755019182836": "value-2"} to topic topic-14d34162_07f5_4844_9479_0c8e1b66b1b5
2025-08-12 17:19:48,763 INFO  [io.api.tes.ser.api.KafkaSerdesTester] (Thread-679) Sending message {"key11755019182836": "value-3"} to topic topic-14d34162_07f5_4844_9479_0c8e1b66b1b5
2025-08-12 17:19:48,764 INFO  [io.api.tes.ser.api.KafkaSerdesTester] (Thread-679) Sending message {"key11755019182836": "value-4"} to topic topic-14d34162_07f5_4844_9479_0c8e1b66b1b5
2025-08-12 17:19:48,765 INFO  [io.api.tes.ser.api.KafkaSerdesTester] (Thread-679) Sending message {"key11755019182836": "value-5"} to topic topic-14d34162_07f5_4844_9479_0c8e1b66b1b5
2025-08-12 17:19:48,766 INFO  [io.api.tes.ser.api.KafkaSerdesTester] (Thread-679) Sending message {"key11755019182836": "value-6"} to topic topic-14d34162_07f5_4844_9479_0c8e1b66b1b5
2025-08-12 17:19:48,767 INFO  [io.api.tes.ser.api.KafkaSerdesTester] (Thread-679) Sending message {"key11755019182836": "value-7"} to topic topic-14d34162_07f5_4844_9479_0c8e1b66b1b5
2025-08-12 17:19:48,771 INFO  [io.api.tes.ser.api.KafkaSerdesTester] (Thread-679) Sending message {"key11755019182836": "value-8"} to topic topic-14d34162_07f5_4844_9479_0c8e1b66b1b5
2025-08-12 17:19:48,776 INFO  [io.api.tes.ser.api.KafkaSerdesTester] (Thread-679) Sending message {"key11755019182836": "value-9"} to topic topic-14d34162_07f5_4844_9479_0c8e1b66b1b5
2025-08-12 17:19:48,779 INFO  [io.api.tes.ser.api.KafkaSerdesTester] (Thread-679) Produced 10 messages
2025-08-12 17:19:48,779 INFO  [org.apa.kaf.cli.pro.KafkaProducer] (Thread-679) [Producer clientId=Producer-topic-14d34162_07f5_4844_9479_0c8e1b66b1b5] Closing the Kafka producer with timeoutMillis = 9223372036854775807 ms.
2025-08-12 17:19:48,781 INFO  [org.apa.kaf.com.met.Metrics] (Thread-679) Metrics scheduler closed
2025-08-12 17:19:48,781 INFO  [org.apa.kaf.com.met.Metrics] (Thread-679) Closing reporter org.apache.kafka.common.metrics.JmxReporter
2025-08-12 17:19:48,781 INFO  [org.apa.kaf.com.met.Metrics] (Thread-679) Closing reporter org.apache.kafka.common.telemetry.internals.ClientTelemetryReporter
2025-08-12 17:19:48,781 INFO  [org.apa.kaf.com.met.Metrics] (Thread-679) Metrics reporters closed
2025-08-12 17:19:48,781 INFO  [org.apa.kaf.com.uti.AppInfoParser] (Thread-679) App info kafka.producer for Producer-topic-14d34162_07f5_4844_9479_0c8e1b66b1b5 unregistered
**** Registry Base URL: http://registry-app-pg17.apps.ci419.apicurio-testing.org:80
2025-08-12 17:19:48,783 INFO  [org.apa.kaf.cli.con.ConsumerConfig] (main) ConsumerConfig values: 
	allow.auto.create.topics = true
	auto.commit.interval.ms = 500
	auto.include.jmx.reporter = true
	auto.offset.reset = earliest
	bootstrap.servers = [PLAINTEXT://localhost:32769]
	check.crcs = true
	client.dns.lookup = use_all_dns_ips
	client.id = consumer-Consumer-topic-14d34162_07f5_4844_9479_0c8e1b66b1b5-11
	client.rack = 
	connections.max.idle.ms = 10000
	default.api.timeout.ms = 60000
	enable.auto.commit = true
	enable.metrics.push = true
	exclude.internal.topics = true
	fetch.max.bytes = 52428800
	fetch.max.wait.ms = 500
	fetch.min.bytes = 1
	group.id = Consumer-topic-14d34162_07f5_4844_9479_0c8e1b66b1b5
	group.instance.id = null
	group.protocol = classic
	group.remote.assignor = null
	heartbeat.interval.ms = 3000
	interceptor.classes = []
	internal.leave.group.on.close = true
	internal.throw.on.fetch.stable.offset.unsupported = false
	isolation.level = read_uncommitted
	key.deserializer = class org.apache.kafka.common.serialization.StringDeserializer
	max.partition.fetch.bytes = 1048576
	max.poll.interval.ms = 300000
	max.poll.records = 500
	metadata.max.age.ms = 300000
	metadata.recovery.strategy = none
	metric.reporters = []
	metrics.num.samples = 2
	metrics.recording.level = INFO
	metrics.sample.window.ms = 30000
	partition.assignment.strategy = [class org.apache.kafka.clients.consumer.RangeAssignor, class org.apache.kafka.clients.consumer.CooperativeStickyAssignor]
	receive.buffer.bytes = 65536
	reconnect.backoff.max.ms = 1000
	reconnect.backoff.ms = 50
	request.timeout.ms = 5000
	retry.backoff.max.ms = 1000
	retry.backoff.ms = 100
	sasl.client.callback.handler.class = null
	sasl.jaas.config = null
	sasl.kerberos.kinit.cmd = /usr/bin/kinit
	sasl.kerberos.min.time.before.relogin = 60000
	sasl.kerberos.service.name = null
	sasl.kerberos.ticket.renew.jitter = 0.05
	sasl.kerberos.ticket.renew.window.factor = 0.8
	sasl.login.callback.handler.class = null
	sasl.login.class = null
	sasl.login.connect.timeout.ms = null
	sasl.login.read.timeout.ms = null
	sasl.login.refresh.buffer.seconds = 300
	sasl.login.refresh.min.period.seconds = 60
	sasl.login.refresh.window.factor = 0.8
	sasl.login.refresh.window.jitter = 0.05
	sasl.login.retry.backoff.max.ms = 10000
	sasl.login.retry.backoff.ms = 100
	sasl.mechanism = GSSAPI
	sasl.oauthbearer.clock.skew.seconds = 30
	sasl.oauthbearer.expected.audience = null
	sasl.oauthbearer.expected.issuer = null
	sasl.oauthbearer.header.urlencode = false
	sasl.oauthbearer.jwks.endpoint.refresh.ms = 3600000
	sasl.oauthbearer.jwks.endpoint.retry.backoff.max.ms = 10000
	sasl.oauthbearer.jwks.endpoint.retry.backoff.ms = 100
	sasl.oauthbearer.jwks.endpoint.url = null
	sasl.oauthbearer.scope.claim.name = scope
	sasl.oauthbearer.sub.claim.name = sub
	sasl.oauthbearer.token.endpoint.url = null
	security.protocol = PLAINTEXT
	security.providers = null
	send.buffer.bytes = 131072
	session.timeout.ms = 45000
	socket.connection.setup.timeout.max.ms = 30000
	socket.connection.setup.timeout.ms = 10000
	ssl.cipher.suites = null
	ssl.enabled.protocols = [TLSv1.2, TLSv1.3]
	ssl.endpoint.identification.algorithm = https
	ssl.engine.factory.class = null
	ssl.key.password = null
	ssl.keymanager.algorithm = SunX509
	ssl.keystore.certificate.chain = null
	ssl.keystore.key = null
	ssl.keystore.location = null
	ssl.keystore.password = null
	ssl.keystore.type = JKS
	ssl.protocol = TLSv1.3
	ssl.provider = null
	ssl.secure.random.implementation = null
	ssl.trustmanager.algorithm = PKIX
	ssl.truststore.certificates = null
	ssl.truststore.location = null
	ssl.truststore.password = null
	ssl.truststore.type = JKS
	value.deserializer = class io.apicurio.registry.serde.avro.AvroKafkaDeserializer

2025-08-12 17:19:48,783 INFO  [org.apa.kaf.com.tel.int.KafkaMetricsCollector] (main) initializing Kafka metrics collector
2025-08-12 17:19:48,796 INFO  [org.apa.kaf.cli.con.ConsumerConfig] (main) These configurations '[apicurio.registry.url]' were supplied but are not used yet.
2025-08-12 17:19:48,796 INFO  [org.apa.kaf.com.uti.AppInfoParser] (main) Kafka version: 3.9.1
2025-08-12 17:19:48,796 INFO  [org.apa.kaf.com.uti.AppInfoParser] (main) Kafka commitId: f745dfdcee2b9851
2025-08-12 17:19:48,796 INFO  [org.apa.kaf.com.uti.AppInfoParser] (main) Kafka startTimeMs: 1755019188796
2025-08-12 17:19:48,796 INFO  [org.apa.kaf.cli.con.int.ClassicKafkaConsumer] (Thread-682) [Consumer clientId=consumer-Consumer-topic-14d34162_07f5_4844_9479_0c8e1b66b1b5-11, groupId=Consumer-topic-14d34162_07f5_4844_9479_0c8e1b66b1b5] Subscribed to topic(s): topic-14d34162_07f5_4844_9479_0c8e1b66b1b5
2025-08-12 17:19:48,803 INFO  [org.apa.kaf.cli.Metadata] (Thread-682) [Consumer clientId=consumer-Consumer-topic-14d34162_07f5_4844_9479_0c8e1b66b1b5-11, groupId=Consumer-topic-14d34162_07f5_4844_9479_0c8e1b66b1b5] Cluster ID: 4rT39ZSJSJuTKBGDmwdYMA
2025-08-12 17:19:48,806 INFO  [org.apa.kaf.cli.con.int.ConsumerCoordinator] (Thread-682) [Consumer clientId=consumer-Consumer-topic-14d34162_07f5_4844_9479_0c8e1b66b1b5-11, groupId=Consumer-topic-14d34162_07f5_4844_9479_0c8e1b66b1b5] Discovered group coordinator localhost:32769 (id: 2147483647 rack: null)
2025-08-12 17:19:48,809 INFO  [org.apa.kaf.cli.con.int.ConsumerCoordinator] (Thread-682) [Consumer clientId=consumer-Consumer-topic-14d34162_07f5_4844_9479_0c8e1b66b1b5-11, groupId=Consumer-topic-14d34162_07f5_4844_9479_0c8e1b66b1b5] (Re-)joining group
2025-08-12 17:19:48,811 INFO  [org.apa.kaf.cli.con.int.ConsumerCoordinator] (Thread-682) [Consumer clientId=consumer-Consumer-topic-14d34162_07f5_4844_9479_0c8e1b66b1b5-11, groupId=Consumer-topic-14d34162_07f5_4844_9479_0c8e1b66b1b5] Request joining group due to: need to re-join with the given member-id: consumer-Consumer-topic-14d34162_07f5_4844_9479_0c8e1b66b1b5-11-b4a19db9-797f-434b-8e4b-b4e805afe5c4
2025-08-12 17:19:48,811 INFO  [org.apa.kaf.cli.con.int.ConsumerCoordinator] (Thread-682) [Consumer clientId=consumer-Consumer-topic-14d34162_07f5_4844_9479_0c8e1b66b1b5-11, groupId=Consumer-topic-14d34162_07f5_4844_9479_0c8e1b66b1b5] (Re-)joining group
2025-08-12 17:19:49,796 INFO  [io.api.tes.ser.api.KafkaSerdesTester] (Thread-682) None found
2025-08-12 17:19:50,796 INFO  [io.api.tes.ser.api.KafkaSerdesTester] (Thread-682) None found
2025-08-12 17:19:51,796 INFO  [io.api.tes.ser.api.KafkaSerdesTester] (Thread-682) None found
2025-08-12 17:19:51,813 INFO  [org.apa.kaf.cli.con.int.ConsumerCoordinator] (Thread-682) [Consumer clientId=consumer-Consumer-topic-14d34162_07f5_4844_9479_0c8e1b66b1b5-11, groupId=Consumer-topic-14d34162_07f5_4844_9479_0c8e1b66b1b5] Successfully joined group with generation Generation{generationId=3, memberId='consumer-Consumer-topic-14d34162_07f5_4844_9479_0c8e1b66b1b5-11-b4a19db9-797f-434b-8e4b-b4e805afe5c4', protocol='range'}
2025-08-12 17:19:51,813 INFO  [org.apa.kaf.cli.con.int.ConsumerCoordinator] (Thread-682) [Consumer clientId=consumer-Consumer-topic-14d34162_07f5_4844_9479_0c8e1b66b1b5-11, groupId=Consumer-topic-14d34162_07f5_4844_9479_0c8e1b66b1b5] Finished assignment for group at generation 3: {consumer-Consumer-topic-14d34162_07f5_4844_9479_0c8e1b66b1b5-11-b4a19db9-797f-434b-8e4b-b4e805afe5c4=Assignment(partitions=[topic-14d34162_07f5_4844_9479_0c8e1b66b1b5-0])}
2025-08-12 17:19:51,820 INFO  [org.apa.kaf.cli.con.int.ConsumerCoordinator] (Thread-682) [Consumer clientId=consumer-Consumer-topic-14d34162_07f5_4844_9479_0c8e1b66b1b5-11, groupId=Consumer-topic-14d34162_07f5_4844_9479_0c8e1b66b1b5] Successfully synced group in generation Generation{generationId=3, memberId='consumer-Consumer-topic-14d34162_07f5_4844_9479_0c8e1b66b1b5-11-b4a19db9-797f-434b-8e4b-b4e805afe5c4', protocol='range'}
2025-08-12 17:19:51,820 INFO  [org.apa.kaf.cli.con.int.ConsumerCoordinator] (Thread-682) [Consumer clientId=consumer-Consumer-topic-14d34162_07f5_4844_9479_0c8e1b66b1b5-11, groupId=Consumer-topic-14d34162_07f5_4844_9479_0c8e1b66b1b5] Notifying assignor about the new Assignment(partitions=[topic-14d34162_07f5_4844_9479_0c8e1b66b1b5-0])
2025-08-12 17:19:51,820 INFO  [org.apa.kaf.cli.con.int.ConsumerRebalanceListenerInvoker] (Thread-682) [Consumer clientId=consumer-Consumer-topic-14d34162_07f5_4844_9479_0c8e1b66b1b5-11, groupId=Consumer-topic-14d34162_07f5_4844_9479_0c8e1b66b1b5] Adding newly assigned partitions: topic-14d34162_07f5_4844_9479_0c8e1b66b1b5-0
2025-08-12 17:19:51,821 INFO  [org.apa.kaf.cli.con.int.ConsumerUtils] (Thread-682) Setting offset for partition topic-14d34162_07f5_4844_9479_0c8e1b66b1b5-0 to the committed offset FetchPosition{offset=10, offsetEpoch=Optional[0], currentLeader=LeaderAndEpoch{leader=Optional[localhost:32769 (id: 0 rack: null)], epoch=0}}
2025-08-12 17:19:51,899 INFO  [io.api.tes.ser.api.KafkaSerdesTester] (Thread-682) topic-14d34162_07f5_4844_9479_0c8e1b66b1b5 0 10 {"key11755019182836": "value-0", "key21755019187554": "value-0"}
2025-08-12 17:19:51,899 INFO  [io.api.tes.ser.api.KafkaSerdesTester] (Thread-682) topic-14d34162_07f5_4844_9479_0c8e1b66b1b5 0 11 {"key11755019182836": "value-1", "key21755019187554": "value-1"}
2025-08-12 17:19:51,899 INFO  [io.api.tes.ser.api.KafkaSerdesTester] (Thread-682) topic-14d34162_07f5_4844_9479_0c8e1b66b1b5 0 12 {"key11755019182836": "value-2", "key21755019187554": "value-2"}
2025-08-12 17:19:51,900 INFO  [io.api.tes.ser.api.KafkaSerdesTester] (Thread-682) topic-14d34162_07f5_4844_9479_0c8e1b66b1b5 0 13 {"key11755019182836": "value-3", "key21755019187554": "value-3"}
2025-08-12 17:19:51,900 INFO  [io.api.tes.ser.api.KafkaSerdesTester] (Thread-682) topic-14d34162_07f5_4844_9479_0c8e1b66b1b5 0 14 {"key11755019182836": "value-4", "key21755019187554": "value-4"}
2025-08-12 17:19:51,900 INFO  [io.api.tes.ser.api.KafkaSerdesTester] (Thread-682) topic-14d34162_07f5_4844_9479_0c8e1b66b1b5 0 15 {"key11755019182836": "value-5", "key21755019187554": "value-5"}
2025-08-12 17:19:51,900 INFO  [io.api.tes.ser.api.KafkaSerdesTester] (Thread-682) topic-14d34162_07f5_4844_9479_0c8e1b66b1b5 0 16 {"key11755019182836": "value-6", "key21755019187554": "value-6"}
2025-08-12 17:19:51,905 INFO  [io.api.tes.ser.api.KafkaSerdesTester] (Thread-682) topic-14d34162_07f5_4844_9479_0c8e1b66b1b5 0 17 {"key11755019182836": "value-7", "key21755019187554": "value-7"}
2025-08-12 17:19:51,905 INFO  [io.api.tes.ser.api.KafkaSerdesTester] (Thread-682) topic-14d34162_07f5_4844_9479_0c8e1b66b1b5 0 18 {"key11755019182836": "value-8", "key21755019187554": "value-8"}
2025-08-12 17:19:51,905 INFO  [io.api.tes.ser.api.KafkaSerdesTester] (Thread-682) topic-14d34162_07f5_4844_9479_0c8e1b66b1b5 0 19 {"key11755019182836": "value-9", "key21755019187554": "value-9"}
2025-08-12 17:19:51,905 INFO  [io.api.tes.ser.api.KafkaSerdesTester] (Thread-682) topic-14d34162_07f5_4844_9479_0c8e1b66b1b5 0 20 {"key11755019182836": "value-0"}
2025-08-12 17:19:51,905 INFO  [io.api.tes.ser.api.KafkaSerdesTester] (Thread-682) topic-14d34162_07f5_4844_9479_0c8e1b66b1b5 0 21 {"key11755019182836": "value-1"}
2025-08-12 17:19:51,905 INFO  [io.api.tes.ser.api.KafkaSerdesTester] (Thread-682) topic-14d34162_07f5_4844_9479_0c8e1b66b1b5 0 22 {"key11755019182836": "value-2"}
2025-08-12 17:19:51,905 INFO  [io.api.tes.ser.api.KafkaSerdesTester] (Thread-682) topic-14d34162_07f5_4844_9479_0c8e1b66b1b5 0 23 {"key11755019182836": "value-3"}
2025-08-12 17:19:51,905 INFO  [io.api.tes.ser.api.KafkaSerdesTester] (Thread-682) topic-14d34162_07f5_4844_9479_0c8e1b66b1b5 0 24 {"key11755019182836": "value-4"}
2025-08-12 17:19:51,905 INFO  [io.api.tes.ser.api.KafkaSerdesTester] (Thread-682) topic-14d34162_07f5_4844_9479_0c8e1b66b1b5 0 25 {"key11755019182836": "value-5"}
2025-08-12 17:19:51,905 INFO  [io.api.tes.ser.api.KafkaSerdesTester] (Thread-682) topic-14d34162_07f5_4844_9479_0c8e1b66b1b5 0 26 {"key11755019182836": "value-6"}
2025-08-12 17:19:51,905 INFO  [io.api.tes.ser.api.KafkaSerdesTester] (Thread-682) topic-14d34162_07f5_4844_9479_0c8e1b66b1b5 0 27 {"key11755019182836": "value-7"}
2025-08-12 17:19:51,905 INFO  [io.api.tes.ser.api.KafkaSerdesTester] (Thread-682) topic-14d34162_07f5_4844_9479_0c8e1b66b1b5 0 28 {"key11755019182836": "value-8"}
2025-08-12 17:19:51,905 INFO  [io.api.tes.ser.api.KafkaSerdesTester] (Thread-682) topic-14d34162_07f5_4844_9479_0c8e1b66b1b5 0 29 {"key11755019182836": "value-9"}
2025-08-12 17:19:51,905 INFO  [io.api.tes.ser.api.KafkaSerdesTester] (Thread-682) Consumed 20 messages
2025-08-12 17:19:51,917 INFO  [org.apa.kaf.cli.con.int.ConsumerRebalanceListenerInvoker] (Thread-682) [Consumer clientId=consumer-Consumer-topic-14d34162_07f5_4844_9479_0c8e1b66b1b5-11, groupId=Consumer-topic-14d34162_07f5_4844_9479_0c8e1b66b1b5] Revoke previously assigned partitions topic-14d34162_07f5_4844_9479_0c8e1b66b1b5-0
2025-08-12 17:19:51,917 INFO  [org.apa.kaf.cli.con.int.ConsumerCoordinator] (Thread-682) [Consumer clientId=consumer-Consumer-topic-14d34162_07f5_4844_9479_0c8e1b66b1b5-11, groupId=Consumer-topic-14d34162_07f5_4844_9479_0c8e1b66b1b5] Member consumer-Consumer-topic-14d34162_07f5_4844_9479_0c8e1b66b1b5-11-b4a19db9-797f-434b-8e4b-b4e805afe5c4 sending LeaveGroup request to coordinator localhost:32769 (id: 2147483647 rack: null) due to the consumer is being closed
2025-08-12 17:19:51,917 INFO  [org.apa.kaf.cli.con.int.ConsumerCoordinator] (Thread-682) [Consumer clientId=consumer-Consumer-topic-14d34162_07f5_4844_9479_0c8e1b66b1b5-11, groupId=Consumer-topic-14d34162_07f5_4844_9479_0c8e1b66b1b5] Resetting generation and member id due to: consumer pro-actively leaving the group
2025-08-12 17:19:51,917 INFO  [org.apa.kaf.cli.con.int.ConsumerCoordinator] (Thread-682) [Consumer clientId=consumer-Consumer-topic-14d34162_07f5_4844_9479_0c8e1b66b1b5-11, groupId=Consumer-topic-14d34162_07f5_4844_9479_0c8e1b66b1b5] Request joining group due to: consumer pro-actively leaving the group
2025-08-12 17:19:52,415 INFO  [org.apa.kaf.com.met.Metrics] (Thread-682) Metrics scheduler closed
2025-08-12 17:19:52,415 INFO  [org.apa.kaf.com.met.Metrics] (Thread-682) Closing reporter org.apache.kafka.common.metrics.JmxReporter
2025-08-12 17:19:52,415 INFO  [org.apa.kaf.com.met.Metrics] (Thread-682) Closing reporter org.apache.kafka.common.telemetry.internals.ClientTelemetryReporter
2025-08-12 17:19:52,415 INFO  [org.apa.kaf.com.met.Metrics] (Thread-682) Metrics reporters closed
2025-08-12 17:19:52,418 INFO  [org.apa.kaf.com.uti.AppInfoParser] (Thread-682) App info kafka.consumer for consumer-Consumer-topic-14d34162_07f5_4844_9479_0c8e1b66b1b5-11 unregistered
2025-08-12 17:19:52,419 INFO  [io.api.tes.ser.api.AvroSerdeIT] (main) Registering Avro Schema 3: {"type":"record","name":"s0d87b5d0x197fx4e33xad31xc96904d2caaa","namespace":"ns_56307989_39d8_40b4_8afa_4bd3fc5e66cc","fields":[{"name":"key11755019182836","type":"string"},{"name":"key21755019187554","type":"string"},{"name":"key31755019192418","type":"string"}]}
**** Registry Base URL: http://registry-app-pg17.apps.ci419.apicurio-testing.org:80
2025-08-12 17:19:53,488 INFO  [org.apa.kaf.cli.pro.ProducerConfig] (main) ProducerConfig values: 
	acks = -1
	auto.include.jmx.reporter = true
	batch.size = 16384
	bootstrap.servers = [PLAINTEXT://localhost:32769]
	buffer.memory = 33554432
	client.dns.lookup = use_all_dns_ips
	client.id = Producer-topic-14d34162_07f5_4844_9479_0c8e1b66b1b5
	compression.gzip.level = -1
	compression.lz4.level = 9
	compression.type = none
	compression.zstd.level = 3
	connections.max.idle.ms = 10000
	delivery.timeout.ms = 120000
	enable.idempotence = true
	enable.metrics.push = true
	interceptor.classes = []
	key.serializer = class org.apache.kafka.common.serialization.StringSerializer
	linger.ms = 0
	max.block.ms = 60000
	max.in.flight.requests.per.connection = 5
	max.request.size = 1048576
	metadata.max.age.ms = 300000
	metadata.max.idle.ms = 300000
	metadata.recovery.strategy = none
	metric.reporters = []
	metrics.num.samples = 2
	metrics.recording.level = INFO
	metrics.sample.window.ms = 30000
	partitioner.adaptive.partitioning.enable = true
	partitioner.availability.timeout.ms = 0
	partitioner.class = null
	partitioner.ignore.keys = false
	receive.buffer.bytes = 32768
	reconnect.backoff.max.ms = 1000
	reconnect.backoff.ms = 50
	request.timeout.ms = 5000
	retries = 2147483647
	retry.backoff.max.ms = 1000
	retry.backoff.ms = 100
	sasl.client.callback.handler.class = null
	sasl.jaas.config = null
	sasl.kerberos.kinit.cmd = /usr/bin/kinit
	sasl.kerberos.min.time.before.relogin = 60000
	sasl.kerberos.service.name = null
	sasl.kerberos.ticket.renew.jitter = 0.05
	sasl.kerberos.ticket.renew.window.factor = 0.8
	sasl.login.callback.handler.class = null
	sasl.login.class = null
	sasl.login.connect.timeout.ms = null
	sasl.login.read.timeout.ms = null
	sasl.login.refresh.buffer.seconds = 300
	sasl.login.refresh.min.period.seconds = 60
	sasl.login.refresh.window.factor = 0.8
	sasl.login.refresh.window.jitter = 0.05
	sasl.login.retry.backoff.max.ms = 10000
	sasl.login.retry.backoff.ms = 100
	sasl.mechanism = GSSAPI
	sasl.oauthbearer.clock.skew.seconds = 30
	sasl.oauthbearer.expected.audience = null
	sasl.oauthbearer.expected.issuer = null
	sasl.oauthbearer.header.urlencode = false
	sasl.oauthbearer.jwks.endpoint.refresh.ms = 3600000
	sasl.oauthbearer.jwks.endpoint.retry.backoff.max.ms = 10000
	sasl.oauthbearer.jwks.endpoint.retry.backoff.ms = 100
	sasl.oauthbearer.jwks.endpoint.url = null
	sasl.oauthbearer.scope.claim.name = scope
	sasl.oauthbearer.sub.claim.name = sub
	sasl.oauthbearer.token.endpoint.url = null
	security.protocol = PLAINTEXT
	security.providers = null
	send.buffer.bytes = 131072
	socket.connection.setup.timeout.max.ms = 30000
	socket.connection.setup.timeout.ms = 10000
	ssl.cipher.suites = null
	ssl.enabled.protocols = [TLSv1.2, TLSv1.3]
	ssl.endpoint.identification.algorithm = https
	ssl.engine.factory.class = null
	ssl.key.password = null
	ssl.keymanager.algorithm = SunX509
	ssl.keystore.certificate.chain = null
	ssl.keystore.key = null
	ssl.keystore.location = null
	ssl.keystore.password = null
	ssl.keystore.type = JKS
	ssl.protocol = TLSv1.3
	ssl.provider = null
	ssl.secure.random.implementation = null
	ssl.trustmanager.algorithm = PKIX
	ssl.truststore.certificates = null
	ssl.truststore.location = null
	ssl.truststore.password = null
	ssl.truststore.type = JKS
	transaction.timeout.ms = 60000
	transactional.id = null
	value.serializer = class io.apicurio.registry.serde.avro.AvroKafkaSerializer

2025-08-12 17:19:53,489 INFO  [org.apa.kaf.com.tel.int.KafkaMetricsCollector] (main) initializing Kafka metrics collector
2025-08-12 17:19:53,492 INFO  [org.apa.kaf.cli.pro.KafkaProducer] (main) [Producer clientId=Producer-topic-14d34162_07f5_4844_9479_0c8e1b66b1b5] Instantiated an idempotent producer.
2025-08-12 17:19:53,494 INFO  [org.apa.kaf.cli.pro.ProducerConfig] (main) These configurations '[apicurio.registry.url, apicurio.registry.artifact-resolver-strategy]' were supplied but are not used yet.
2025-08-12 17:19:53,494 INFO  [org.apa.kaf.com.uti.AppInfoParser] (main) Kafka version: 3.9.1
2025-08-12 17:19:53,494 INFO  [org.apa.kaf.com.uti.AppInfoParser] (main) Kafka commitId: f745dfdcee2b9851
2025-08-12 17:19:53,494 INFO  [org.apa.kaf.com.uti.AppInfoParser] (main) Kafka startTimeMs: 1755019193494
2025-08-12 17:19:53,496 INFO  [io.api.tes.ser.api.KafkaSerdesTester] (Thread-685) Sending message {"key11755019182836": "value-0", "key21755019187554": "value-0", "key31755019192418": "value-0"} to topic topic-14d34162_07f5_4844_9479_0c8e1b66b1b5
2025-08-12 17:19:53,502 INFO  [org.apa.kaf.cli.Metadata] (kafka-producer-network-thread | Producer-topic-14d34162_07f5_4844_9479_0c8e1b66b1b5) [Producer clientId=Producer-topic-14d34162_07f5_4844_9479_0c8e1b66b1b5] Cluster ID: 4rT39ZSJSJuTKBGDmwdYMA
2025-08-12 17:19:53,503 INFO  [org.apa.kaf.cli.pro.int.TransactionManager] (kafka-producer-network-thread | Producer-topic-14d34162_07f5_4844_9479_0c8e1b66b1b5) [Producer clientId=Producer-topic-14d34162_07f5_4844_9479_0c8e1b66b1b5] ProducerId set to 15 with epoch 0
2025-08-12 17:19:53,502 INFO  [DefaultSchemaResolver] (Thread-685) Retrieving schema content using string: {"type":"record","name":"s0d87b5d0x197fx4e33xad31xc96904d2caaa","namespace":"ns_56307989_39d8_40b4_8afa_4bd3fc5e66cc","fields":[{"name":"key11755019182836","type":"string"},{"name":"key21755019187554","type":"string"},{"name":"key31755019192418","type":"string"}]}
2025-08-12 17:19:53,542 INFO  [io.api.tes.ser.api.KafkaSerdesTester] (Thread-685) Sending message {"key11755019182836": "value-1", "key21755019187554": "value-1", "key31755019192418": "value-1"} to topic topic-14d34162_07f5_4844_9479_0c8e1b66b1b5
2025-08-12 17:19:53,544 INFO  [io.api.tes.ser.api.KafkaSerdesTester] (Thread-685) Sending message {"key11755019182836": "value-2", "key21755019187554": "value-2", "key31755019192418": "value-2"} to topic topic-14d34162_07f5_4844_9479_0c8e1b66b1b5
2025-08-12 17:19:53,546 INFO  [io.api.tes.ser.api.KafkaSerdesTester] (Thread-685) Sending message {"key11755019182836": "value-3", "key21755019187554": "value-3", "key31755019192418": "value-3"} to topic topic-14d34162_07f5_4844_9479_0c8e1b66b1b5
2025-08-12 17:19:53,551 INFO  [io.api.tes.ser.api.KafkaSerdesTester] (Thread-685) Sending message {"key11755019182836": "value-4", "key21755019187554": "value-4", "key31755019192418": "value-4"} to topic topic-14d34162_07f5_4844_9479_0c8e1b66b1b5
2025-08-12 17:19:53,552 INFO  [io.api.tes.ser.api.KafkaSerdesTester] (Thread-685) Sending message {"key11755019182836": "value-5", "key21755019187554": "value-5", "key31755019192418": "value-5"} to topic topic-14d34162_07f5_4844_9479_0c8e1b66b1b5
2025-08-12 17:19:53,554 INFO  [io.api.tes.ser.api.KafkaSerdesTester] (Thread-685) Sending message {"key11755019182836": "value-6", "key21755019187554": "value-6", "key31755019192418": "value-6"} to topic topic-14d34162_07f5_4844_9479_0c8e1b66b1b5
2025-08-12 17:19:53,557 INFO  [io.api.tes.ser.api.KafkaSerdesTester] (Thread-685) Sending message {"key11755019182836": "value-7", "key21755019187554": "value-7", "key31755019192418": "value-7"} to topic topic-14d34162_07f5_4844_9479_0c8e1b66b1b5
2025-08-12 17:19:53,560 INFO  [io.api.tes.ser.api.KafkaSerdesTester] (Thread-685) Sending message {"key11755019182836": "value-8", "key21755019187554": "value-8", "key31755019192418": "value-8"} to topic topic-14d34162_07f5_4844_9479_0c8e1b66b1b5
2025-08-12 17:19:53,563 INFO  [io.api.tes.ser.api.KafkaSerdesTester] (Thread-685) Sending message {"key11755019182836": "value-9", "key21755019187554": "value-9", "key31755019192418": "value-9"} to topic topic-14d34162_07f5_4844_9479_0c8e1b66b1b5
2025-08-12 17:19:53,565 INFO  [io.api.tes.ser.api.KafkaSerdesTester] (Thread-685) Produced 10 messages
2025-08-12 17:19:53,565 INFO  [org.apa.kaf.cli.pro.KafkaProducer] (Thread-685) [Producer clientId=Producer-topic-14d34162_07f5_4844_9479_0c8e1b66b1b5] Closing the Kafka producer with timeoutMillis = 9223372036854775807 ms.
2025-08-12 17:19:53,567 INFO  [org.apa.kaf.com.met.Metrics] (Thread-685) Metrics scheduler closed
2025-08-12 17:19:53,567 INFO  [org.apa.kaf.com.met.Metrics] (Thread-685) Closing reporter org.apache.kafka.common.metrics.JmxReporter
2025-08-12 17:19:53,567 INFO  [org.apa.kaf.com.met.Metrics] (Thread-685) Closing reporter org.apache.kafka.common.telemetry.internals.ClientTelemetryReporter
2025-08-12 17:19:53,567 INFO  [org.apa.kaf.com.met.Metrics] (Thread-685) Metrics reporters closed
2025-08-12 17:19:53,568 INFO  [org.apa.kaf.com.uti.AppInfoParser] (Thread-685) App info kafka.producer for Producer-topic-14d34162_07f5_4844_9479_0c8e1b66b1b5 unregistered
**** Registry Base URL: http://registry-app-pg17.apps.ci419.apicurio-testing.org:80
2025-08-12 17:19:53,569 INFO  [org.apa.kaf.cli.pro.ProducerConfig] (main) ProducerConfig values: 
	acks = -1
	auto.include.jmx.reporter = true
	batch.size = 16384
	bootstrap.servers = [PLAINTEXT://localhost:32769]
	buffer.memory = 33554432
	client.dns.lookup = use_all_dns_ips
	client.id = Producer-topic-14d34162_07f5_4844_9479_0c8e1b66b1b5
	compression.gzip.level = -1
	compression.lz4.level = 9
	compression.type = none
	compression.zstd.level = 3
	connections.max.idle.ms = 10000
	delivery.timeout.ms = 120000
	enable.idempotence = true
	enable.metrics.push = true
	interceptor.classes = []
	key.serializer = class org.apache.kafka.common.serialization.StringSerializer
	linger.ms = 0
	max.block.ms = 60000
	max.in.flight.requests.per.connection = 5
	max.request.size = 1048576
	metadata.max.age.ms = 300000
	metadata.max.idle.ms = 300000
	metadata.recovery.strategy = none
	metric.reporters = []
	metrics.num.samples = 2
	metrics.recording.level = INFO
	metrics.sample.window.ms = 30000
	partitioner.adaptive.partitioning.enable = true
	partitioner.availability.timeout.ms = 0
	partitioner.class = null
	partitioner.ignore.keys = false
	receive.buffer.bytes = 32768
	reconnect.backoff.max.ms = 1000
	reconnect.backoff.ms = 50
	request.timeout.ms = 5000
	retries = 2147483647
	retry.backoff.max.ms = 1000
	retry.backoff.ms = 100
	sasl.client.callback.handler.class = null
	sasl.jaas.config = null
	sasl.kerberos.kinit.cmd = /usr/bin/kinit
	sasl.kerberos.min.time.before.relogin = 60000
	sasl.kerberos.service.name = null
	sasl.kerberos.ticket.renew.jitter = 0.05
	sasl.kerberos.ticket.renew.window.factor = 0.8
	sasl.login.callback.handler.class = null
	sasl.login.class = null
	sasl.login.connect.timeout.ms = null
	sasl.login.read.timeout.ms = null
	sasl.login.refresh.buffer.seconds = 300
	sasl.login.refresh.min.period.seconds = 60
	sasl.login.refresh.window.factor = 0.8
	sasl.login.refresh.window.jitter = 0.05
	sasl.login.retry.backoff.max.ms = 10000
	sasl.login.retry.backoff.ms = 100
	sasl.mechanism = GSSAPI
	sasl.oauthbearer.clock.skew.seconds = 30
	sasl.oauthbearer.expected.audience = null
	sasl.oauthbearer.expected.issuer = null
	sasl.oauthbearer.header.urlencode = false
	sasl.oauthbearer.jwks.endpoint.refresh.ms = 3600000
	sasl.oauthbearer.jwks.endpoint.retry.backoff.max.ms = 10000
	sasl.oauthbearer.jwks.endpoint.retry.backoff.ms = 100
	sasl.oauthbearer.jwks.endpoint.url = null
	sasl.oauthbearer.scope.claim.name = scope
	sasl.oauthbearer.sub.claim.name = sub
	sasl.oauthbearer.token.endpoint.url = null
	security.protocol = PLAINTEXT
	security.providers = null
	send.buffer.bytes = 131072
	socket.connection.setup.timeout.max.ms = 30000
	socket.connection.setup.timeout.ms = 10000
	ssl.cipher.suites = null
	ssl.enabled.protocols = [TLSv1.2, TLSv1.3]
	ssl.endpoint.identification.algorithm = https
	ssl.engine.factory.class = null
	ssl.key.password = null
	ssl.keymanager.algorithm = SunX509
	ssl.keystore.certificate.chain = null
	ssl.keystore.key = null
	ssl.keystore.location = null
	ssl.keystore.password = null
	ssl.keystore.type = JKS
	ssl.protocol = TLSv1.3
	ssl.provider = null
	ssl.secure.random.implementation = null
	ssl.trustmanager.algorithm = PKIX
	ssl.truststore.certificates = null
	ssl.truststore.location = null
	ssl.truststore.password = null
	ssl.truststore.type = JKS
	transaction.timeout.ms = 60000
	transactional.id = null
	value.serializer = class io.apicurio.registry.serde.avro.AvroKafkaSerializer

2025-08-12 17:19:53,569 INFO  [org.apa.kaf.com.tel.int.KafkaMetricsCollector] (main) initializing Kafka metrics collector
2025-08-12 17:19:53,577 INFO  [org.apa.kaf.cli.pro.KafkaProducer] (main) [Producer clientId=Producer-topic-14d34162_07f5_4844_9479_0c8e1b66b1b5] Instantiated an idempotent producer.
2025-08-12 17:19:53,579 INFO  [org.apa.kaf.cli.pro.ProducerConfig] (main) These configurations '[apicurio.registry.url, apicurio.registry.artifact-resolver-strategy]' were supplied but are not used yet.
2025-08-12 17:19:53,579 INFO  [org.apa.kaf.com.uti.AppInfoParser] (main) Kafka version: 3.9.1
2025-08-12 17:19:53,579 INFO  [org.apa.kaf.com.uti.AppInfoParser] (main) Kafka commitId: f745dfdcee2b9851
2025-08-12 17:19:53,579 INFO  [org.apa.kaf.com.uti.AppInfoParser] (main) Kafka startTimeMs: 1755019193579
2025-08-12 17:19:53,581 INFO  [io.api.tes.ser.api.KafkaSerdesTester] (Thread-688) Sending message {"key11755019182836": "value-0", "key21755019187554": "value-0"} to topic topic-14d34162_07f5_4844_9479_0c8e1b66b1b5
2025-08-12 17:19:53,585 INFO  [org.apa.kaf.cli.Metadata] (kafka-producer-network-thread | Producer-topic-14d34162_07f5_4844_9479_0c8e1b66b1b5) [Producer clientId=Producer-topic-14d34162_07f5_4844_9479_0c8e1b66b1b5] Cluster ID: 4rT39ZSJSJuTKBGDmwdYMA
2025-08-12 17:19:53,586 INFO  [DefaultSchemaResolver] (Thread-688) Retrieving schema content using string: {"type":"record","name":"s0d87b5d0x197fx4e33xad31xc96904d2caaa","namespace":"ns_56307989_39d8_40b4_8afa_4bd3fc5e66cc","fields":[{"name":"key11755019182836","type":"string"},{"name":"key21755019187554","type":"string"}]}
2025-08-12 17:19:53,588 INFO  [org.apa.kaf.cli.pro.int.TransactionManager] (kafka-producer-network-thread | Producer-topic-14d34162_07f5_4844_9479_0c8e1b66b1b5) [Producer clientId=Producer-topic-14d34162_07f5_4844_9479_0c8e1b66b1b5] ProducerId set to 16 with epoch 0
2025-08-12 17:19:53,618 INFO  [io.api.tes.ser.api.KafkaSerdesTester] (Thread-688) Sending message {"key11755019182836": "value-1", "key21755019187554": "value-1"} to topic topic-14d34162_07f5_4844_9479_0c8e1b66b1b5
2025-08-12 17:19:53,620 INFO  [io.api.tes.ser.api.KafkaSerdesTester] (Thread-688) Sending message {"key11755019182836": "value-2", "key21755019187554": "value-2"} to topic topic-14d34162_07f5_4844_9479_0c8e1b66b1b5
2025-08-12 17:19:53,621 INFO  [io.api.tes.ser.api.KafkaSerdesTester] (Thread-688) Sending message {"key11755019182836": "value-3", "key21755019187554": "value-3"} to topic topic-14d34162_07f5_4844_9479_0c8e1b66b1b5
2025-08-12 17:19:53,625 INFO  [io.api.tes.ser.api.KafkaSerdesTester] (Thread-688) Sending message {"key11755019182836": "value-4", "key21755019187554": "value-4"} to topic topic-14d34162_07f5_4844_9479_0c8e1b66b1b5
2025-08-12 17:19:53,628 INFO  [io.api.tes.ser.api.KafkaSerdesTester] (Thread-688) Sending message {"key11755019182836": "value-5", "key21755019187554": "value-5"} to topic topic-14d34162_07f5_4844_9479_0c8e1b66b1b5
2025-08-12 17:19:53,632 INFO  [io.api.tes.ser.api.KafkaSerdesTester] (Thread-688) Sending message {"key11755019182836": "value-6", "key21755019187554": "value-6"} to topic topic-14d34162_07f5_4844_9479_0c8e1b66b1b5
2025-08-12 17:19:53,633 INFO  [io.api.tes.ser.api.KafkaSerdesTester] (Thread-688) Sending message {"key11755019182836": "value-7", "key21755019187554": "value-7"} to topic topic-14d34162_07f5_4844_9479_0c8e1b66b1b5
2025-08-12 17:19:53,639 INFO  [io.api.tes.ser.api.KafkaSerdesTester] (Thread-688) Sending message {"key11755019182836": "value-8", "key21755019187554": "value-8"} to topic topic-14d34162_07f5_4844_9479_0c8e1b66b1b5
2025-08-12 17:19:53,642 INFO  [io.api.tes.ser.api.KafkaSerdesTester] (Thread-688) Sending message {"key11755019182836": "value-9", "key21755019187554": "value-9"} to topic topic-14d34162_07f5_4844_9479_0c8e1b66b1b5
2025-08-12 17:19:53,644 INFO  [io.api.tes.ser.api.KafkaSerdesTester] (Thread-688) Produced 10 messages
2025-08-12 17:19:53,644 INFO  [org.apa.kaf.cli.pro.KafkaProducer] (Thread-688) [Producer clientId=Producer-topic-14d34162_07f5_4844_9479_0c8e1b66b1b5] Closing the Kafka producer with timeoutMillis = 9223372036854775807 ms.
2025-08-12 17:19:53,647 INFO  [org.apa.kaf.com.met.Metrics] (Thread-688) Metrics scheduler closed
2025-08-12 17:19:53,647 INFO  [org.apa.kaf.com.met.Metrics] (Thread-688) Closing reporter org.apache.kafka.common.metrics.JmxReporter
2025-08-12 17:19:53,647 INFO  [org.apa.kaf.com.met.Metrics] (Thread-688) Closing reporter org.apache.kafka.common.telemetry.internals.ClientTelemetryReporter
2025-08-12 17:19:53,647 INFO  [org.apa.kaf.com.met.Metrics] (Thread-688) Metrics reporters closed
2025-08-12 17:19:53,647 INFO  [org.apa.kaf.com.uti.AppInfoParser] (Thread-688) App info kafka.producer for Producer-topic-14d34162_07f5_4844_9479_0c8e1b66b1b5 unregistered
**** Registry Base URL: http://registry-app-pg17.apps.ci419.apicurio-testing.org:80
2025-08-12 17:19:53,651 INFO  [org.apa.kaf.cli.pro.ProducerConfig] (main) ProducerConfig values: 
	acks = -1
	auto.include.jmx.reporter = true
	batch.size = 16384
	bootstrap.servers = [PLAINTEXT://localhost:32769]
	buffer.memory = 33554432
	client.dns.lookup = use_all_dns_ips
	client.id = Producer-topic-14d34162_07f5_4844_9479_0c8e1b66b1b5
	compression.gzip.level = -1
	compression.lz4.level = 9
	compression.type = none
	compression.zstd.level = 3
	connections.max.idle.ms = 10000
	delivery.timeout.ms = 120000
	enable.idempotence = true
	enable.metrics.push = true
	interceptor.classes = []
	key.serializer = class org.apache.kafka.common.serialization.StringSerializer
	linger.ms = 0
	max.block.ms = 60000
	max.in.flight.requests.per.connection = 5
	max.request.size = 1048576
	metadata.max.age.ms = 300000
	metadata.max.idle.ms = 300000
	metadata.recovery.strategy = none
	metric.reporters = []
	metrics.num.samples = 2
	metrics.recording.level = INFO
	metrics.sample.window.ms = 30000
	partitioner.adaptive.partitioning.enable = true
	partitioner.availability.timeout.ms = 0
	partitioner.class = null
	partitioner.ignore.keys = false
	receive.buffer.bytes = 32768
	reconnect.backoff.max.ms = 1000
	reconnect.backoff.ms = 50
	request.timeout.ms = 5000
	retries = 2147483647
	retry.backoff.max.ms = 1000
	retry.backoff.ms = 100
	sasl.client.callback.handler.class = null
	sasl.jaas.config = null
	sasl.kerberos.kinit.cmd = /usr/bin/kinit
	sasl.kerberos.min.time.before.relogin = 60000
	sasl.kerberos.service.name = null
	sasl.kerberos.ticket.renew.jitter = 0.05
	sasl.kerberos.ticket.renew.window.factor = 0.8
	sasl.login.callback.handler.class = null
	sasl.login.class = null
	sasl.login.connect.timeout.ms = null
	sasl.login.read.timeout.ms = null
	sasl.login.refresh.buffer.seconds = 300
	sasl.login.refresh.min.period.seconds = 60
	sasl.login.refresh.window.factor = 0.8
	sasl.login.refresh.window.jitter = 0.05
	sasl.login.retry.backoff.max.ms = 10000
	sasl.login.retry.backoff.ms = 100
	sasl.mechanism = GSSAPI
	sasl.oauthbearer.clock.skew.seconds = 30
	sasl.oauthbearer.expected.audience = null
	sasl.oauthbearer.expected.issuer = null
	sasl.oauthbearer.header.urlencode = false
	sasl.oauthbearer.jwks.endpoint.refresh.ms = 3600000
	sasl.oauthbearer.jwks.endpoint.retry.backoff.max.ms = 10000
	sasl.oauthbearer.jwks.endpoint.retry.backoff.ms = 100
	sasl.oauthbearer.jwks.endpoint.url = null
	sasl.oauthbearer.scope.claim.name = scope
	sasl.oauthbearer.sub.claim.name = sub
	sasl.oauthbearer.token.endpoint.url = null
	security.protocol = PLAINTEXT
	security.providers = null
	send.buffer.bytes = 131072
	socket.connection.setup.timeout.max.ms = 30000
	socket.connection.setup.timeout.ms = 10000
	ssl.cipher.suites = null
	ssl.enabled.protocols = [TLSv1.2, TLSv1.3]
	ssl.endpoint.identification.algorithm = https
	ssl.engine.factory.class = null
	ssl.key.password = null
	ssl.keymanager.algorithm = SunX509
	ssl.keystore.certificate.chain = null
	ssl.keystore.key = null
	ssl.keystore.location = null
	ssl.keystore.password = null
	ssl.keystore.type = JKS
	ssl.protocol = TLSv1.3
	ssl.provider = null
	ssl.secure.random.implementation = null
	ssl.trustmanager.algorithm = PKIX
	ssl.truststore.certificates = null
	ssl.truststore.location = null
	ssl.truststore.password = null
	ssl.truststore.type = JKS
	transaction.timeout.ms = 60000
	transactional.id = null
	value.serializer = class io.apicurio.registry.serde.avro.AvroKafkaSerializer

2025-08-12 17:19:53,651 INFO  [org.apa.kaf.com.tel.int.KafkaMetricsCollector] (main) initializing Kafka metrics collector
2025-08-12 17:19:53,671 INFO  [org.apa.kaf.cli.pro.KafkaProducer] (main) [Producer clientId=Producer-topic-14d34162_07f5_4844_9479_0c8e1b66b1b5] Instantiated an idempotent producer.
2025-08-12 17:19:53,675 INFO  [org.apa.kaf.cli.pro.ProducerConfig] (main) These configurations '[apicurio.registry.url, apicurio.registry.artifact-resolver-strategy]' were supplied but are not used yet.
2025-08-12 17:19:53,675 INFO  [org.apa.kaf.com.uti.AppInfoParser] (main) Kafka version: 3.9.1
2025-08-12 17:19:53,675 INFO  [org.apa.kaf.com.uti.AppInfoParser] (main) Kafka commitId: f745dfdcee2b9851
2025-08-12 17:19:53,675 INFO  [org.apa.kaf.com.uti.AppInfoParser] (main) Kafka startTimeMs: 1755019193675
2025-08-12 17:19:53,676 INFO  [io.api.tes.ser.api.KafkaSerdesTester] (Thread-691) Sending message {"key11755019182836": "value-0"} to topic topic-14d34162_07f5_4844_9479_0c8e1b66b1b5
2025-08-12 17:19:53,681 INFO  [org.apa.kaf.cli.Metadata] (kafka-producer-network-thread | Producer-topic-14d34162_07f5_4844_9479_0c8e1b66b1b5) [Producer clientId=Producer-topic-14d34162_07f5_4844_9479_0c8e1b66b1b5] Cluster ID: 4rT39ZSJSJuTKBGDmwdYMA
2025-08-12 17:19:53,681 INFO  [DefaultSchemaResolver] (Thread-691) Retrieving schema content using string: {"type":"record","name":"s0d87b5d0x197fx4e33xad31xc96904d2caaa","namespace":"ns_56307989_39d8_40b4_8afa_4bd3fc5e66cc","fields":[{"name":"key11755019182836","type":"string"}]}
2025-08-12 17:19:53,683 INFO  [org.apa.kaf.cli.pro.int.TransactionManager] (kafka-producer-network-thread | Producer-topic-14d34162_07f5_4844_9479_0c8e1b66b1b5) [Producer clientId=Producer-topic-14d34162_07f5_4844_9479_0c8e1b66b1b5] ProducerId set to 17 with epoch 0
2025-08-12 17:19:53,716 INFO  [io.api.tes.ser.api.KafkaSerdesTester] (Thread-691) Sending message {"key11755019182836": "value-1"} to topic topic-14d34162_07f5_4844_9479_0c8e1b66b1b5
2025-08-12 17:19:53,719 INFO  [io.api.tes.ser.api.KafkaSerdesTester] (Thread-691) Sending message {"key11755019182836": "value-2"} to topic topic-14d34162_07f5_4844_9479_0c8e1b66b1b5
2025-08-12 17:19:53,721 INFO  [io.api.tes.ser.api.KafkaSerdesTester] (Thread-691) Sending message {"key11755019182836": "value-3"} to topic topic-14d34162_07f5_4844_9479_0c8e1b66b1b5
2025-08-12 17:19:53,722 INFO  [io.api.tes.ser.api.KafkaSerdesTester] (Thread-691) Sending message {"key11755019182836": "value-4"} to topic topic-14d34162_07f5_4844_9479_0c8e1b66b1b5
2025-08-12 17:19:53,723 INFO  [io.api.tes.ser.api.KafkaSerdesTester] (Thread-691) Sending message {"key11755019182836": "value-5"} to topic topic-14d34162_07f5_4844_9479_0c8e1b66b1b5
2025-08-12 17:19:53,725 INFO  [io.api.tes.ser.api.KafkaSerdesTester] (Thread-691) Sending message {"key11755019182836": "value-6"} to topic topic-14d34162_07f5_4844_9479_0c8e1b66b1b5
2025-08-12 17:19:53,727 INFO  [io.api.tes.ser.api.KafkaSerdesTester] (Thread-691) Sending message {"key11755019182836": "value-7"} to topic topic-14d34162_07f5_4844_9479_0c8e1b66b1b5
2025-08-12 17:19:53,728 INFO  [io.api.tes.ser.api.KafkaSerdesTester] (Thread-691) Sending message {"key11755019182836": "value-8"} to topic topic-14d34162_07f5_4844_9479_0c8e1b66b1b5
2025-08-12 17:19:53,729 INFO  [io.api.tes.ser.api.KafkaSerdesTester] (Thread-691) Sending message {"key11755019182836": "value-9"} to topic topic-14d34162_07f5_4844_9479_0c8e1b66b1b5
2025-08-12 17:19:53,731 INFO  [io.api.tes.ser.api.KafkaSerdesTester] (Thread-691) Produced 10 messages
2025-08-12 17:19:53,731 INFO  [org.apa.kaf.cli.pro.KafkaProducer] (Thread-691) [Producer clientId=Producer-topic-14d34162_07f5_4844_9479_0c8e1b66b1b5] Closing the Kafka producer with timeoutMillis = 9223372036854775807 ms.
2025-08-12 17:19:53,733 INFO  [org.apa.kaf.com.met.Metrics] (Thread-691) Metrics scheduler closed
2025-08-12 17:19:53,734 INFO  [org.apa.kaf.com.met.Metrics] (Thread-691) Closing reporter org.apache.kafka.common.metrics.JmxReporter
2025-08-12 17:19:53,734 INFO  [org.apa.kaf.com.met.Metrics] (Thread-691) Closing reporter org.apache.kafka.common.telemetry.internals.ClientTelemetryReporter
2025-08-12 17:19:53,734 INFO  [org.apa.kaf.com.met.Metrics] (Thread-691) Metrics reporters closed
2025-08-12 17:19:53,734 INFO  [org.apa.kaf.com.uti.AppInfoParser] (Thread-691) App info kafka.producer for Producer-topic-14d34162_07f5_4844_9479_0c8e1b66b1b5 unregistered
**** Registry Base URL: http://registry-app-pg17.apps.ci419.apicurio-testing.org:80
2025-08-12 17:19:53,734 INFO  [org.apa.kaf.cli.con.ConsumerConfig] (main) ConsumerConfig values: 
	allow.auto.create.topics = true
	auto.commit.interval.ms = 500
	auto.include.jmx.reporter = true
	auto.offset.reset = earliest
	bootstrap.servers = [PLAINTEXT://localhost:32769]
	check.crcs = true
	client.dns.lookup = use_all_dns_ips
	client.id = consumer-Consumer-topic-14d34162_07f5_4844_9479_0c8e1b66b1b5-12
	client.rack = 
	connections.max.idle.ms = 10000
	default.api.timeout.ms = 60000
	enable.auto.commit = true
	enable.metrics.push = true
	exclude.internal.topics = true
	fetch.max.bytes = 52428800
	fetch.max.wait.ms = 500
	fetch.min.bytes = 1
	group.id = Consumer-topic-14d34162_07f5_4844_9479_0c8e1b66b1b5
	group.instance.id = null
	group.protocol = classic
	group.remote.assignor = null
	heartbeat.interval.ms = 3000
	interceptor.classes = []
	internal.leave.group.on.close = true
	internal.throw.on.fetch.stable.offset.unsupported = false
	isolation.level = read_uncommitted
	key.deserializer = class org.apache.kafka.common.serialization.StringDeserializer
	max.partition.fetch.bytes = 1048576
	max.poll.interval.ms = 300000
	max.poll.records = 500
	metadata.max.age.ms = 300000
	metadata.recovery.strategy = none
	metric.reporters = []
	metrics.num.samples = 2
	metrics.recording.level = INFO
	metrics.sample.window.ms = 30000
	partition.assignment.strategy = [class org.apache.kafka.clients.consumer.RangeAssignor, class org.apache.kafka.clients.consumer.CooperativeStickyAssignor]
	receive.buffer.bytes = 65536
	reconnect.backoff.max.ms = 1000
	reconnect.backoff.ms = 50
	request.timeout.ms = 5000
	retry.backoff.max.ms = 1000
	retry.backoff.ms = 100
	sasl.client.callback.handler.class = null
	sasl.jaas.config = null
	sasl.kerberos.kinit.cmd = /usr/bin/kinit
	sasl.kerberos.min.time.before.relogin = 60000
	sasl.kerberos.service.name = null
	sasl.kerberos.ticket.renew.jitter = 0.05
	sasl.kerberos.ticket.renew.window.factor = 0.8
	sasl.login.callback.handler.class = null
	sasl.login.class = null
	sasl.login.connect.timeout.ms = null
	sasl.login.read.timeout.ms = null
	sasl.login.refresh.buffer.seconds = 300
	sasl.login.refresh.min.period.seconds = 60
	sasl.login.refresh.window.factor = 0.8
	sasl.login.refresh.window.jitter = 0.05
	sasl.login.retry.backoff.max.ms = 10000
	sasl.login.retry.backoff.ms = 100
	sasl.mechanism = GSSAPI
	sasl.oauthbearer.clock.skew.seconds = 30
	sasl.oauthbearer.expected.audience = null
	sasl.oauthbearer.expected.issuer = null
	sasl.oauthbearer.header.urlencode = false
	sasl.oauthbearer.jwks.endpoint.refresh.ms = 3600000
	sasl.oauthbearer.jwks.endpoint.retry.backoff.max.ms = 10000
	sasl.oauthbearer.jwks.endpoint.retry.backoff.ms = 100
	sasl.oauthbearer.jwks.endpoint.url = null
	sasl.oauthbearer.scope.claim.name = scope
	sasl.oauthbearer.sub.claim.name = sub
	sasl.oauthbearer.token.endpoint.url = null
	security.protocol = PLAINTEXT
	security.providers = null
	send.buffer.bytes = 131072
	session.timeout.ms = 45000
	socket.connection.setup.timeout.max.ms = 30000
	socket.connection.setup.timeout.ms = 10000
	ssl.cipher.suites = null
	ssl.enabled.protocols = [TLSv1.2, TLSv1.3]
	ssl.endpoint.identification.algorithm = https
	ssl.engine.factory.class = null
	ssl.key.password = null
	ssl.keymanager.algorithm = SunX509
	ssl.keystore.certificate.chain = null
	ssl.keystore.key = null
	ssl.keystore.location = null
	ssl.keystore.password = null
	ssl.keystore.type = JKS
	ssl.protocol = TLSv1.3
	ssl.provider = null
	ssl.secure.random.implementation = null
	ssl.trustmanager.algorithm = PKIX
	ssl.truststore.certificates = null
	ssl.truststore.location = null
	ssl.truststore.password = null
	ssl.truststore.type = JKS
	value.deserializer = class io.apicurio.registry.serde.avro.AvroKafkaDeserializer

2025-08-12 17:19:53,735 INFO  [org.apa.kaf.com.tel.int.KafkaMetricsCollector] (main) initializing Kafka metrics collector
2025-08-12 17:19:53,743 INFO  [org.apa.kaf.cli.con.ConsumerConfig] (main) These configurations '[apicurio.registry.url]' were supplied but are not used yet.
2025-08-12 17:19:53,743 INFO  [org.apa.kaf.com.uti.AppInfoParser] (main) Kafka version: 3.9.1
2025-08-12 17:19:53,743 INFO  [org.apa.kaf.com.uti.AppInfoParser] (main) Kafka commitId: f745dfdcee2b9851
2025-08-12 17:19:53,743 INFO  [org.apa.kaf.com.uti.AppInfoParser] (main) Kafka startTimeMs: 1755019193743
2025-08-12 17:19:53,744 INFO  [org.apa.kaf.cli.con.int.ClassicKafkaConsumer] (Thread-694) [Consumer clientId=consumer-Consumer-topic-14d34162_07f5_4844_9479_0c8e1b66b1b5-12, groupId=Consumer-topic-14d34162_07f5_4844_9479_0c8e1b66b1b5] Subscribed to topic(s): topic-14d34162_07f5_4844_9479_0c8e1b66b1b5
2025-08-12 17:19:53,748 INFO  [org.apa.kaf.cli.Metadata] (Thread-694) [Consumer clientId=consumer-Consumer-topic-14d34162_07f5_4844_9479_0c8e1b66b1b5-12, groupId=Consumer-topic-14d34162_07f5_4844_9479_0c8e1b66b1b5] Cluster ID: 4rT39ZSJSJuTKBGDmwdYMA
2025-08-12 17:19:53,749 INFO  [org.apa.kaf.cli.con.int.ConsumerCoordinator] (Thread-694) [Consumer clientId=consumer-Consumer-topic-14d34162_07f5_4844_9479_0c8e1b66b1b5-12, groupId=Consumer-topic-14d34162_07f5_4844_9479_0c8e1b66b1b5] Discovered group coordinator localhost:32769 (id: 2147483647 rack: null)
2025-08-12 17:19:53,750 INFO  [org.apa.kaf.cli.con.int.ConsumerCoordinator] (Thread-694) [Consumer clientId=consumer-Consumer-topic-14d34162_07f5_4844_9479_0c8e1b66b1b5-12, groupId=Consumer-topic-14d34162_07f5_4844_9479_0c8e1b66b1b5] (Re-)joining group
2025-08-12 17:19:53,752 INFO  [org.apa.kaf.cli.con.int.ConsumerCoordinator] (Thread-694) [Consumer clientId=consumer-Consumer-topic-14d34162_07f5_4844_9479_0c8e1b66b1b5-12, groupId=Consumer-topic-14d34162_07f5_4844_9479_0c8e1b66b1b5] Request joining group due to: need to re-join with the given member-id: consumer-Consumer-topic-14d34162_07f5_4844_9479_0c8e1b66b1b5-12-7df0ca20-1ff6-4836-8ca7-c5af49cb6fdf
2025-08-12 17:19:53,752 INFO  [org.apa.kaf.cli.con.int.ConsumerCoordinator] (Thread-694) [Consumer clientId=consumer-Consumer-topic-14d34162_07f5_4844_9479_0c8e1b66b1b5-12, groupId=Consumer-topic-14d34162_07f5_4844_9479_0c8e1b66b1b5] (Re-)joining group
2025-08-12 17:19:54,744 INFO  [io.api.tes.ser.api.KafkaSerdesTester] (Thread-694) None found
2025-08-12 17:19:55,744 INFO  [io.api.tes.ser.api.KafkaSerdesTester] (Thread-694) None found
2025-08-12 17:19:56,744 INFO  [io.api.tes.ser.api.KafkaSerdesTester] (Thread-694) None found
2025-08-12 17:19:56,755 INFO  [org.apa.kaf.cli.con.int.ConsumerCoordinator] (Thread-694) [Consumer clientId=consumer-Consumer-topic-14d34162_07f5_4844_9479_0c8e1b66b1b5-12, groupId=Consumer-topic-14d34162_07f5_4844_9479_0c8e1b66b1b5] Successfully joined group with generation Generation{generationId=5, memberId='consumer-Consumer-topic-14d34162_07f5_4844_9479_0c8e1b66b1b5-12-7df0ca20-1ff6-4836-8ca7-c5af49cb6fdf', protocol='range'}
2025-08-12 17:19:56,755 INFO  [org.apa.kaf.cli.con.int.ConsumerCoordinator] (Thread-694) [Consumer clientId=consumer-Consumer-topic-14d34162_07f5_4844_9479_0c8e1b66b1b5-12, groupId=Consumer-topic-14d34162_07f5_4844_9479_0c8e1b66b1b5] Finished assignment for group at generation 5: {consumer-Consumer-topic-14d34162_07f5_4844_9479_0c8e1b66b1b5-12-7df0ca20-1ff6-4836-8ca7-c5af49cb6fdf=Assignment(partitions=[topic-14d34162_07f5_4844_9479_0c8e1b66b1b5-0])}
2025-08-12 17:19:56,764 INFO  [org.apa.kaf.cli.con.int.ConsumerCoordinator] (Thread-694) [Consumer clientId=consumer-Consumer-topic-14d34162_07f5_4844_9479_0c8e1b66b1b5-12, groupId=Consumer-topic-14d34162_07f5_4844_9479_0c8e1b66b1b5] Successfully synced group in generation Generation{generationId=5, memberId='consumer-Consumer-topic-14d34162_07f5_4844_9479_0c8e1b66b1b5-12-7df0ca20-1ff6-4836-8ca7-c5af49cb6fdf', protocol='range'}
2025-08-12 17:19:56,764 INFO  [org.apa.kaf.cli.con.int.ConsumerCoordinator] (Thread-694) [Consumer clientId=consumer-Consumer-topic-14d34162_07f5_4844_9479_0c8e1b66b1b5-12, groupId=Consumer-topic-14d34162_07f5_4844_9479_0c8e1b66b1b5] Notifying assignor about the new Assignment(partitions=[topic-14d34162_07f5_4844_9479_0c8e1b66b1b5-0])
2025-08-12 17:19:56,764 INFO  [org.apa.kaf.cli.con.int.ConsumerRebalanceListenerInvoker] (Thread-694) [Consumer clientId=consumer-Consumer-topic-14d34162_07f5_4844_9479_0c8e1b66b1b5-12, groupId=Consumer-topic-14d34162_07f5_4844_9479_0c8e1b66b1b5] Adding newly assigned partitions: topic-14d34162_07f5_4844_9479_0c8e1b66b1b5-0
2025-08-12 17:19:56,766 INFO  [org.apa.kaf.cli.con.int.ConsumerUtils] (Thread-694) Setting offset for partition topic-14d34162_07f5_4844_9479_0c8e1b66b1b5-0 to the committed offset FetchPosition{offset=30, offsetEpoch=Optional[0], currentLeader=LeaderAndEpoch{leader=Optional[localhost:32769 (id: 0 rack: null)], epoch=0}}
2025-08-12 17:19:56,871 INFO  [io.api.tes.ser.api.KafkaSerdesTester] (Thread-694) topic-14d34162_07f5_4844_9479_0c8e1b66b1b5 0 30 {"key11755019182836": "value-0", "key21755019187554": "value-0", "key31755019192418": "value-0"}
2025-08-12 17:19:56,871 INFO  [io.api.tes.ser.api.KafkaSerdesTester] (Thread-694) topic-14d34162_07f5_4844_9479_0c8e1b66b1b5 0 31 {"key11755019182836": "value-1", "key21755019187554": "value-1", "key31755019192418": "value-1"}
2025-08-12 17:19:56,871 INFO  [io.api.tes.ser.api.KafkaSerdesTester] (Thread-694) topic-14d34162_07f5_4844_9479_0c8e1b66b1b5 0 32 {"key11755019182836": "value-2", "key21755019187554": "value-2", "key31755019192418": "value-2"}
2025-08-12 17:19:56,871 INFO  [io.api.tes.ser.api.KafkaSerdesTester] (Thread-694) topic-14d34162_07f5_4844_9479_0c8e1b66b1b5 0 33 {"key11755019182836": "value-3", "key21755019187554": "value-3", "key31755019192418": "value-3"}
2025-08-12 17:19:56,871 INFO  [io.api.tes.ser.api.KafkaSerdesTester] (Thread-694) topic-14d34162_07f5_4844_9479_0c8e1b66b1b5 0 34 {"key11755019182836": "value-4", "key21755019187554": "value-4", "key31755019192418": "value-4"}
2025-08-12 17:19:56,871 INFO  [io.api.tes.ser.api.KafkaSerdesTester] (Thread-694) topic-14d34162_07f5_4844_9479_0c8e1b66b1b5 0 35 {"key11755019182836": "value-5", "key21755019187554": "value-5", "key31755019192418": "value-5"}
2025-08-12 17:19:56,871 INFO  [io.api.tes.ser.api.KafkaSerdesTester] (Thread-694) topic-14d34162_07f5_4844_9479_0c8e1b66b1b5 0 36 {"key11755019182836": "value-6", "key21755019187554": "value-6", "key31755019192418": "value-6"}
2025-08-12 17:19:56,871 INFO  [io.api.tes.ser.api.KafkaSerdesTester] (Thread-694) topic-14d34162_07f5_4844_9479_0c8e1b66b1b5 0 37 {"key11755019182836": "value-7", "key21755019187554": "value-7", "key31755019192418": "value-7"}
2025-08-12 17:19:56,871 INFO  [io.api.tes.ser.api.KafkaSerdesTester] (Thread-694) topic-14d34162_07f5_4844_9479_0c8e1b66b1b5 0 38 {"key11755019182836": "value-8", "key21755019187554": "value-8", "key31755019192418": "value-8"}
2025-08-12 17:19:56,871 INFO  [io.api.tes.ser.api.KafkaSerdesTester] (Thread-694) topic-14d34162_07f5_4844_9479_0c8e1b66b1b5 0 39 {"key11755019182836": "value-9", "key21755019187554": "value-9", "key31755019192418": "value-9"}
2025-08-12 17:19:56,871 INFO  [io.api.tes.ser.api.KafkaSerdesTester] (Thread-694) topic-14d34162_07f5_4844_9479_0c8e1b66b1b5 0 40 {"key11755019182836": "value-0", "key21755019187554": "value-0"}
2025-08-12 17:19:56,871 INFO  [io.api.tes.ser.api.KafkaSerdesTester] (Thread-694) topic-14d34162_07f5_4844_9479_0c8e1b66b1b5 0 41 {"key11755019182836": "value-1", "key21755019187554": "value-1"}
2025-08-12 17:19:56,871 INFO  [io.api.tes.ser.api.KafkaSerdesTester] (Thread-694) topic-14d34162_07f5_4844_9479_0c8e1b66b1b5 0 42 {"key11755019182836": "value-2", "key21755019187554": "value-2"}
2025-08-12 17:19:56,871 INFO  [io.api.tes.ser.api.KafkaSerdesTester] (Thread-694) topic-14d34162_07f5_4844_9479_0c8e1b66b1b5 0 43 {"key11755019182836": "value-3", "key21755019187554": "value-3"}
2025-08-12 17:19:56,871 INFO  [io.api.tes.ser.api.KafkaSerdesTester] (Thread-694) topic-14d34162_07f5_4844_9479_0c8e1b66b1b5 0 44 {"key11755019182836": "value-4", "key21755019187554": "value-4"}
2025-08-12 17:19:56,871 INFO  [io.api.tes.ser.api.KafkaSerdesTester] (Thread-694) topic-14d34162_07f5_4844_9479_0c8e1b66b1b5 0 45 {"key11755019182836": "value-5", "key21755019187554": "value-5"}
2025-08-12 17:19:56,871 INFO  [io.api.tes.ser.api.KafkaSerdesTester] (Thread-694) topic-14d34162_07f5_4844_9479_0c8e1b66b1b5 0 46 {"key11755019182836": "value-6", "key21755019187554": "value-6"}
2025-08-12 17:19:56,871 INFO  [io.api.tes.ser.api.KafkaSerdesTester] (Thread-694) topic-14d34162_07f5_4844_9479_0c8e1b66b1b5 0 47 {"key11755019182836": "value-7", "key21755019187554": "value-7"}
2025-08-12 17:19:56,872 INFO  [io.api.tes.ser.api.KafkaSerdesTester] (Thread-694) topic-14d34162_07f5_4844_9479_0c8e1b66b1b5 0 48 {"key11755019182836": "value-8", "key21755019187554": "value-8"}
2025-08-12 17:19:56,872 INFO  [io.api.tes.ser.api.KafkaSerdesTester] (Thread-694) topic-14d34162_07f5_4844_9479_0c8e1b66b1b5 0 49 {"key11755019182836": "value-9", "key21755019187554": "value-9"}
2025-08-12 17:19:56,872 INFO  [io.api.tes.ser.api.KafkaSerdesTester] (Thread-694) topic-14d34162_07f5_4844_9479_0c8e1b66b1b5 0 50 {"key11755019182836": "value-0"}
2025-08-12 17:19:56,872 INFO  [io.api.tes.ser.api.KafkaSerdesTester] (Thread-694) topic-14d34162_07f5_4844_9479_0c8e1b66b1b5 0 51 {"key11755019182836": "value-1"}
2025-08-12 17:19:56,872 INFO  [io.api.tes.ser.api.KafkaSerdesTester] (Thread-694) topic-14d34162_07f5_4844_9479_0c8e1b66b1b5 0 52 {"key11755019182836": "value-2"}
2025-08-12 17:19:56,872 INFO  [io.api.tes.ser.api.KafkaSerdesTester] (Thread-694) topic-14d34162_07f5_4844_9479_0c8e1b66b1b5 0 53 {"key11755019182836": "value-3"}
2025-08-12 17:19:56,872 INFO  [io.api.tes.ser.api.KafkaSerdesTester] (Thread-694) topic-14d34162_07f5_4844_9479_0c8e1b66b1b5 0 54 {"key11755019182836": "value-4"}
2025-08-12 17:19:56,872 INFO  [io.api.tes.ser.api.KafkaSerdesTester] (Thread-694) topic-14d34162_07f5_4844_9479_0c8e1b66b1b5 0 55 {"key11755019182836": "value-5"}
2025-08-12 17:19:56,872 INFO  [io.api.tes.ser.api.KafkaSerdesTester] (Thread-694) topic-14d34162_07f5_4844_9479_0c8e1b66b1b5 0 56 {"key11755019182836": "value-6"}
2025-08-12 17:19:56,872 INFO  [io.api.tes.ser.api.KafkaSerdesTester] (Thread-694) topic-14d34162_07f5_4844_9479_0c8e1b66b1b5 0 57 {"key11755019182836": "value-7"}
2025-08-12 17:19:56,872 INFO  [io.api.tes.ser.api.KafkaSerdesTester] (Thread-694) topic-14d34162_07f5_4844_9479_0c8e1b66b1b5 0 58 {"key11755019182836": "value-8"}
2025-08-12 17:19:56,872 INFO  [io.api.tes.ser.api.KafkaSerdesTester] (Thread-694) topic-14d34162_07f5_4844_9479_0c8e1b66b1b5 0 59 {"key11755019182836": "value-9"}
2025-08-12 17:19:56,872 INFO  [io.api.tes.ser.api.KafkaSerdesTester] (Thread-694) Consumed 30 messages
2025-08-12 17:19:56,879 INFO  [org.apa.kaf.cli.con.int.ConsumerRebalanceListenerInvoker] (Thread-694) [Consumer clientId=consumer-Consumer-topic-14d34162_07f5_4844_9479_0c8e1b66b1b5-12, groupId=Consumer-topic-14d34162_07f5_4844_9479_0c8e1b66b1b5] Revoke previously assigned partitions topic-14d34162_07f5_4844_9479_0c8e1b66b1b5-0
2025-08-12 17:19:56,879 INFO  [org.apa.kaf.cli.con.int.ConsumerCoordinator] (Thread-694) [Consumer clientId=consumer-Consumer-topic-14d34162_07f5_4844_9479_0c8e1b66b1b5-12, groupId=Consumer-topic-14d34162_07f5_4844_9479_0c8e1b66b1b5] Member consumer-Consumer-topic-14d34162_07f5_4844_9479_0c8e1b66b1b5-12-7df0ca20-1ff6-4836-8ca7-c5af49cb6fdf sending LeaveGroup request to coordinator localhost:32769 (id: 2147483647 rack: null) due to the consumer is being closed
2025-08-12 17:19:56,879 INFO  [org.apa.kaf.cli.con.int.ConsumerCoordinator] (Thread-694) [Consumer clientId=consumer-Consumer-topic-14d34162_07f5_4844_9479_0c8e1b66b1b5-12, groupId=Consumer-topic-14d34162_07f5_4844_9479_0c8e1b66b1b5] Resetting generation and member id due to: consumer pro-actively leaving the group
2025-08-12 17:19:56,879 INFO  [org.apa.kaf.cli.con.int.ConsumerCoordinator] (Thread-694) [Consumer clientId=consumer-Consumer-topic-14d34162_07f5_4844_9479_0c8e1b66b1b5-12, groupId=Consumer-topic-14d34162_07f5_4844_9479_0c8e1b66b1b5] Request joining group due to: consumer pro-actively leaving the group
2025-08-12 17:19:57,372 INFO  [org.apa.kaf.com.met.Metrics] (Thread-694) Metrics scheduler closed
2025-08-12 17:19:57,372 INFO  [org.apa.kaf.com.met.Metrics] (Thread-694) Closing reporter org.apache.kafka.common.metrics.JmxReporter
2025-08-12 17:19:57,372 INFO  [org.apa.kaf.com.met.Metrics] (Thread-694) Closing reporter org.apache.kafka.common.telemetry.internals.ClientTelemetryReporter
2025-08-12 17:19:57,372 INFO  [org.apa.kaf.com.met.Metrics] (Thread-694) Metrics reporters closed
2025-08-12 17:19:57,374 INFO  [org.apa.kaf.com.uti.AppInfoParser] (Thread-694) App info kafka.consumer for consumer-Consumer-topic-14d34162_07f5_4844_9479_0c8e1b66b1b5-12 unregistered
2025-08-12 17:19:57,374 INFO  [org.apa.kaf.cli.pro.KafkaProducer] (main) [Producer clientId=Producer-topic-14d34162_07f5_4844_9479_0c8e1b66b1b5] Closing the Kafka producer with timeoutMillis = 9223372036854775807 ms.
2025-08-12 17:19:57,375 INFO  [org.apa.kaf.com.met.Metrics] (main) Metrics scheduler closed
2025-08-12 17:19:57,375 INFO  [org.apa.kaf.com.met.Metrics] (main) Closing reporter org.apache.kafka.common.metrics.JmxReporter
2025-08-12 17:19:57,375 INFO  [org.apa.kaf.com.met.Metrics] (main) Closing reporter org.apache.kafka.common.telemetry.internals.ClientTelemetryReporter
2025-08-12 17:19:57,375 INFO  [org.apa.kaf.com.met.Metrics] (main) Metrics reporters closed
2025-08-12 17:19:57,375 INFO  [org.apa.kaf.com.uti.AppInfoParser] (main) App info kafka.producer for Producer-topic-14d34162_07f5_4844_9479_0c8e1b66b1b5 unregistered
2025-08-12 17:19:57,375 INFO  [io.api.tes.uti.TestSeparator] (main) io.apicurio.tests.serdes.apicurio.AvroSerdeIT.testEvolveAvroApicurio-FINISHED
2025-08-12 17:19:57,375 INFO  [io.api.tes.uti.TestSeparator] (main) ############################################################################
Test passed: testEvolveAvroApicurio
]]></system-out>
  </testcase>
  <testcase name="testTopicRecordIdStrategydFindLatest" classname="io.apicurio.tests.serdes.apicurio.AvroSerdeIT" time="4.734">
    <system-out><![CDATA[2025-08-12 17:19:57,377 INFO  [io.api.tes.uti.TestSeparator] (main) ############################################################################
2025-08-12 17:19:57,377 INFO  [io.api.tes.uti.TestSeparator] (main) io.apicurio.tests.serdes.apicurio.AvroSerdeIT.testTopicRecordIdStrategydFindLatest-STARTED
2025-08-12 17:19:57,378 INFO  [io.api.tes.ser.api.AvroSerdeIT] (main) Registering Avro Schema: {"type":"record","name":"sc06de8d5x2e99x4445xa338xc216e2802928","namespace":"s84f0dc0cxf44cx4552x94f4xd2fb347e3ccf","fields":[{"name":"key11755019197377","type":"string"}]}
**** Registry Base URL: http://registry-app-pg17.apps.ci419.apicurio-testing.org:80
2025-08-12 17:19:58,439 INFO  [org.apa.kaf.cli.pro.ProducerConfig] (main) ProducerConfig values: 
	acks = -1
	auto.include.jmx.reporter = true
	batch.size = 16384
	bootstrap.servers = [PLAINTEXT://localhost:32769]
	buffer.memory = 33554432
	client.dns.lookup = use_all_dns_ips
	client.id = Producer-topic-d02b36a8_e607_45b3_bd9a_dc68362eb338
	compression.gzip.level = -1
	compression.lz4.level = 9
	compression.type = none
	compression.zstd.level = 3
	connections.max.idle.ms = 10000
	delivery.timeout.ms = 120000
	enable.idempotence = true
	enable.metrics.push = true
	interceptor.classes = []
	key.serializer = class org.apache.kafka.common.serialization.StringSerializer
	linger.ms = 0
	max.block.ms = 60000
	max.in.flight.requests.per.connection = 5
	max.request.size = 1048576
	metadata.max.age.ms = 300000
	metadata.max.idle.ms = 300000
	metadata.recovery.strategy = none
	metric.reporters = []
	metrics.num.samples = 2
	metrics.recording.level = INFO
	metrics.sample.window.ms = 30000
	partitioner.adaptive.partitioning.enable = true
	partitioner.availability.timeout.ms = 0
	partitioner.class = null
	partitioner.ignore.keys = false
	receive.buffer.bytes = 32768
	reconnect.backoff.max.ms = 1000
	reconnect.backoff.ms = 50
	request.timeout.ms = 5000
	retries = 2147483647
	retry.backoff.max.ms = 1000
	retry.backoff.ms = 100
	sasl.client.callback.handler.class = null
	sasl.jaas.config = null
	sasl.kerberos.kinit.cmd = /usr/bin/kinit
	sasl.kerberos.min.time.before.relogin = 60000
	sasl.kerberos.service.name = null
	sasl.kerberos.ticket.renew.jitter = 0.05
	sasl.kerberos.ticket.renew.window.factor = 0.8
	sasl.login.callback.handler.class = null
	sasl.login.class = null
	sasl.login.connect.timeout.ms = null
	sasl.login.read.timeout.ms = null
	sasl.login.refresh.buffer.seconds = 300
	sasl.login.refresh.min.period.seconds = 60
	sasl.login.refresh.window.factor = 0.8
	sasl.login.refresh.window.jitter = 0.05
	sasl.login.retry.backoff.max.ms = 10000
	sasl.login.retry.backoff.ms = 100
	sasl.mechanism = GSSAPI
	sasl.oauthbearer.clock.skew.seconds = 30
	sasl.oauthbearer.expected.audience = null
	sasl.oauthbearer.expected.issuer = null
	sasl.oauthbearer.header.urlencode = false
	sasl.oauthbearer.jwks.endpoint.refresh.ms = 3600000
	sasl.oauthbearer.jwks.endpoint.retry.backoff.max.ms = 10000
	sasl.oauthbearer.jwks.endpoint.retry.backoff.ms = 100
	sasl.oauthbearer.jwks.endpoint.url = null
	sasl.oauthbearer.scope.claim.name = scope
	sasl.oauthbearer.sub.claim.name = sub
	sasl.oauthbearer.token.endpoint.url = null
	security.protocol = PLAINTEXT
	security.providers = null
	send.buffer.bytes = 131072
	socket.connection.setup.timeout.max.ms = 30000
	socket.connection.setup.timeout.ms = 10000
	ssl.cipher.suites = null
	ssl.enabled.protocols = [TLSv1.2, TLSv1.3]
	ssl.endpoint.identification.algorithm = https
	ssl.engine.factory.class = null
	ssl.key.password = null
	ssl.keymanager.algorithm = SunX509
	ssl.keystore.certificate.chain = null
	ssl.keystore.key = null
	ssl.keystore.location = null
	ssl.keystore.password = null
	ssl.keystore.type = JKS
	ssl.protocol = TLSv1.3
	ssl.provider = null
	ssl.secure.random.implementation = null
	ssl.trustmanager.algorithm = PKIX
	ssl.truststore.certificates = null
	ssl.truststore.location = null
	ssl.truststore.password = null
	ssl.truststore.type = JKS
	transaction.timeout.ms = 60000
	transactional.id = null
	value.serializer = class io.apicurio.registry.serde.avro.AvroKafkaSerializer

2025-08-12 17:19:58,439 INFO  [org.apa.kaf.com.tel.int.KafkaMetricsCollector] (main) initializing Kafka metrics collector
2025-08-12 17:19:58,442 INFO  [org.apa.kaf.cli.pro.KafkaProducer] (main) [Producer clientId=Producer-topic-d02b36a8_e607_45b3_bd9a_dc68362eb338] Instantiated an idempotent producer.
2025-08-12 17:19:58,444 INFO  [org.apa.kaf.cli.pro.ProducerConfig] (main) These configurations '[apicurio.registry.find-latest, apicurio.registry.url, apicurio.registry.artifact-resolver-strategy]' were supplied but are not used yet.
2025-08-12 17:19:58,444 INFO  [org.apa.kaf.com.uti.AppInfoParser] (main) Kafka version: 3.9.1
2025-08-12 17:19:58,445 INFO  [org.apa.kaf.com.uti.AppInfoParser] (main) Kafka commitId: f745dfdcee2b9851
2025-08-12 17:19:58,445 INFO  [org.apa.kaf.com.uti.AppInfoParser] (main) Kafka startTimeMs: 1755019198444
2025-08-12 17:19:58,445 INFO  [io.api.tes.ser.api.SimpleSerdesTesterBuilder$SimpleSerdesTester] (main) Using producer configuration: {apicurio.registry.find-latest=true, apicurio.registry.url=http://registry-app-pg17.apps.ci419.apicurio-testing.org:80/apis/registry/v3, apicurio.registry.artifact-resolver-strategy=io.apicurio.registry.serde.avro.strategy.TopicRecordIdStrategy, value.serializer=io.apicurio.registry.serde.avro.AvroKafkaSerializer, request.timeout.ms=5000, acks=all, bootstrap.servers=PLAINTEXT://localhost:32769, connections.max.idle.ms=10000, key.serializer=org.apache.kafka.common.serialization.StringSerializer, client.id=Producer-topic-d02b36a8_e607_45b3_bd9a_dc68362eb338}
2025-08-12 17:19:58,445 INFO  [io.api.tes.ser.api.SimpleSerdesTesterBuilder$SimpleSerdesTester] (main) Using consumer configuration: {}
2025-08-12 17:19:58,446 INFO  [io.api.tes.ser.api.KafkaSerdesTester] (Thread-697) Sending message {"key11755019197377": "value-0"} to topic topic-d02b36a8_e607_45b3_bd9a_dc68362eb338
2025-08-12 17:19:58,450 INFO  [org.apa.kaf.cli.Metadata] (kafka-producer-network-thread | Producer-topic-d02b36a8_e607_45b3_bd9a_dc68362eb338) [Producer clientId=Producer-topic-d02b36a8_e607_45b3_bd9a_dc68362eb338] Cluster ID: 4rT39ZSJSJuTKBGDmwdYMA
2025-08-12 17:19:58,451 INFO  [org.apa.kaf.cli.pro.int.TransactionManager] (kafka-producer-network-thread | Producer-topic-d02b36a8_e607_45b3_bd9a_dc68362eb338) [Producer clientId=Producer-topic-d02b36a8_e607_45b3_bd9a_dc68362eb338] ProducerId set to 18 with epoch 0
2025-08-12 17:19:58,509 INFO  [io.api.tes.ser.api.KafkaSerdesTester] (Thread-697) Sending message {"key11755019197377": "value-1"} to topic topic-d02b36a8_e607_45b3_bd9a_dc68362eb338
2025-08-12 17:19:58,511 INFO  [io.api.tes.ser.api.KafkaSerdesTester] (Thread-697) Sending message {"key11755019197377": "value-2"} to topic topic-d02b36a8_e607_45b3_bd9a_dc68362eb338
2025-08-12 17:19:58,514 INFO  [io.api.tes.ser.api.KafkaSerdesTester] (Thread-697) Sending message {"key11755019197377": "value-3"} to topic topic-d02b36a8_e607_45b3_bd9a_dc68362eb338
2025-08-12 17:19:58,515 INFO  [io.api.tes.ser.api.KafkaSerdesTester] (Thread-697) Sending message {"key11755019197377": "value-4"} to topic topic-d02b36a8_e607_45b3_bd9a_dc68362eb338
2025-08-12 17:19:58,516 INFO  [io.api.tes.ser.api.KafkaSerdesTester] (Thread-697) Sending message {"key11755019197377": "value-5"} to topic topic-d02b36a8_e607_45b3_bd9a_dc68362eb338
2025-08-12 17:19:58,517 INFO  [io.api.tes.ser.api.KafkaSerdesTester] (Thread-697) Sending message {"key11755019197377": "value-6"} to topic topic-d02b36a8_e607_45b3_bd9a_dc68362eb338
2025-08-12 17:19:58,519 INFO  [io.api.tes.ser.api.KafkaSerdesTester] (Thread-697) Sending message {"key11755019197377": "value-7"} to topic topic-d02b36a8_e607_45b3_bd9a_dc68362eb338
2025-08-12 17:19:58,521 INFO  [io.api.tes.ser.api.KafkaSerdesTester] (Thread-697) Sending message {"key11755019197377": "value-8"} to topic topic-d02b36a8_e607_45b3_bd9a_dc68362eb338
2025-08-12 17:19:58,524 INFO  [io.api.tes.ser.api.KafkaSerdesTester] (Thread-697) Sending message {"key11755019197377": "value-9"} to topic topic-d02b36a8_e607_45b3_bd9a_dc68362eb338
2025-08-12 17:19:58,525 INFO  [io.api.tes.ser.api.KafkaSerdesTester] (Thread-697) Produced 10 messages
2025-08-12 17:19:58,525 INFO  [org.apa.kaf.cli.pro.KafkaProducer] (Thread-697) [Producer clientId=Producer-topic-d02b36a8_e607_45b3_bd9a_dc68362eb338] Closing the Kafka producer with timeoutMillis = 9223372036854775807 ms.
2025-08-12 17:19:58,526 INFO  [org.apa.kaf.com.met.Metrics] (Thread-697) Metrics scheduler closed
2025-08-12 17:19:58,526 INFO  [org.apa.kaf.com.met.Metrics] (Thread-697) Closing reporter org.apache.kafka.common.metrics.JmxReporter
2025-08-12 17:19:58,526 INFO  [org.apa.kaf.com.met.Metrics] (Thread-697) Closing reporter org.apache.kafka.common.telemetry.internals.ClientTelemetryReporter
2025-08-12 17:19:58,526 INFO  [org.apa.kaf.com.met.Metrics] (Thread-697) Metrics reporters closed
2025-08-12 17:19:58,527 INFO  [org.apa.kaf.com.uti.AppInfoParser] (Thread-697) App info kafka.producer for Producer-topic-d02b36a8_e607_45b3_bd9a_dc68362eb338 unregistered
**** Registry Base URL: http://registry-app-pg17.apps.ci419.apicurio-testing.org:80
2025-08-12 17:19:58,527 INFO  [org.apa.kaf.cli.con.ConsumerConfig] (main) ConsumerConfig values: 
	allow.auto.create.topics = true
	auto.commit.interval.ms = 500
	auto.include.jmx.reporter = true
	auto.offset.reset = earliest
	bootstrap.servers = [PLAINTEXT://localhost:32769]
	check.crcs = true
	client.dns.lookup = use_all_dns_ips
	client.id = consumer-Consumer-topic-d02b36a8_e607_45b3_bd9a_dc68362eb338-13
	client.rack = 
	connections.max.idle.ms = 10000
	default.api.timeout.ms = 60000
	enable.auto.commit = true
	enable.metrics.push = true
	exclude.internal.topics = true
	fetch.max.bytes = 52428800
	fetch.max.wait.ms = 500
	fetch.min.bytes = 1
	group.id = Consumer-topic-d02b36a8_e607_45b3_bd9a_dc68362eb338
	group.instance.id = null
	group.protocol = classic
	group.remote.assignor = null
	heartbeat.interval.ms = 3000
	interceptor.classes = []
	internal.leave.group.on.close = true
	internal.throw.on.fetch.stable.offset.unsupported = false
	isolation.level = read_uncommitted
	key.deserializer = class org.apache.kafka.common.serialization.StringDeserializer
	max.partition.fetch.bytes = 1048576
	max.poll.interval.ms = 300000
	max.poll.records = 500
	metadata.max.age.ms = 300000
	metadata.recovery.strategy = none
	metric.reporters = []
	metrics.num.samples = 2
	metrics.recording.level = INFO
	metrics.sample.window.ms = 30000
	partition.assignment.strategy = [class org.apache.kafka.clients.consumer.RangeAssignor, class org.apache.kafka.clients.consumer.CooperativeStickyAssignor]
	receive.buffer.bytes = 65536
	reconnect.backoff.max.ms = 1000
	reconnect.backoff.ms = 50
	request.timeout.ms = 5000
	retry.backoff.max.ms = 1000
	retry.backoff.ms = 100
	sasl.client.callback.handler.class = null
	sasl.jaas.config = null
	sasl.kerberos.kinit.cmd = /usr/bin/kinit
	sasl.kerberos.min.time.before.relogin = 60000
	sasl.kerberos.service.name = null
	sasl.kerberos.ticket.renew.jitter = 0.05
	sasl.kerberos.ticket.renew.window.factor = 0.8
	sasl.login.callback.handler.class = null
	sasl.login.class = null
	sasl.login.connect.timeout.ms = null
	sasl.login.read.timeout.ms = null
	sasl.login.refresh.buffer.seconds = 300
	sasl.login.refresh.min.period.seconds = 60
	sasl.login.refresh.window.factor = 0.8
	sasl.login.refresh.window.jitter = 0.05
	sasl.login.retry.backoff.max.ms = 10000
	sasl.login.retry.backoff.ms = 100
	sasl.mechanism = GSSAPI
	sasl.oauthbearer.clock.skew.seconds = 30
	sasl.oauthbearer.expected.audience = null
	sasl.oauthbearer.expected.issuer = null
	sasl.oauthbearer.header.urlencode = false
	sasl.oauthbearer.jwks.endpoint.refresh.ms = 3600000
	sasl.oauthbearer.jwks.endpoint.retry.backoff.max.ms = 10000
	sasl.oauthbearer.jwks.endpoint.retry.backoff.ms = 100
	sasl.oauthbearer.jwks.endpoint.url = null
	sasl.oauthbearer.scope.claim.name = scope
	sasl.oauthbearer.sub.claim.name = sub
	sasl.oauthbearer.token.endpoint.url = null
	security.protocol = PLAINTEXT
	security.providers = null
	send.buffer.bytes = 131072
	session.timeout.ms = 45000
	socket.connection.setup.timeout.max.ms = 30000
	socket.connection.setup.timeout.ms = 10000
	ssl.cipher.suites = null
	ssl.enabled.protocols = [TLSv1.2, TLSv1.3]
	ssl.endpoint.identification.algorithm = https
	ssl.engine.factory.class = null
	ssl.key.password = null
	ssl.keymanager.algorithm = SunX509
	ssl.keystore.certificate.chain = null
	ssl.keystore.key = null
	ssl.keystore.location = null
	ssl.keystore.password = null
	ssl.keystore.type = JKS
	ssl.protocol = TLSv1.3
	ssl.provider = null
	ssl.secure.random.implementation = null
	ssl.trustmanager.algorithm = PKIX
	ssl.truststore.certificates = null
	ssl.truststore.location = null
	ssl.truststore.password = null
	ssl.truststore.type = JKS
	value.deserializer = class io.apicurio.registry.serde.avro.AvroKafkaDeserializer

2025-08-12 17:19:58,528 INFO  [org.apa.kaf.com.tel.int.KafkaMetricsCollector] (main) initializing Kafka metrics collector
2025-08-12 17:19:58,533 INFO  [org.apa.kaf.cli.con.ConsumerConfig] (main) These configurations '[apicurio.registry.url]' were supplied but are not used yet.
2025-08-12 17:19:58,533 INFO  [org.apa.kaf.com.uti.AppInfoParser] (main) Kafka version: 3.9.1
2025-08-12 17:19:58,533 INFO  [org.apa.kaf.com.uti.AppInfoParser] (main) Kafka commitId: f745dfdcee2b9851
2025-08-12 17:19:58,533 INFO  [org.apa.kaf.com.uti.AppInfoParser] (main) Kafka startTimeMs: 1755019198533
2025-08-12 17:19:58,534 INFO  [org.apa.kaf.cli.con.int.ClassicKafkaConsumer] (Thread-700) [Consumer clientId=consumer-Consumer-topic-d02b36a8_e607_45b3_bd9a_dc68362eb338-13, groupId=Consumer-topic-d02b36a8_e607_45b3_bd9a_dc68362eb338] Subscribed to topic(s): topic-d02b36a8_e607_45b3_bd9a_dc68362eb338
2025-08-12 17:19:58,537 INFO  [org.apa.kaf.cli.Metadata] (Thread-700) [Consumer clientId=consumer-Consumer-topic-d02b36a8_e607_45b3_bd9a_dc68362eb338-13, groupId=Consumer-topic-d02b36a8_e607_45b3_bd9a_dc68362eb338] Cluster ID: 4rT39ZSJSJuTKBGDmwdYMA
2025-08-12 17:19:58,538 INFO  [org.apa.kaf.cli.con.int.ConsumerCoordinator] (Thread-700) [Consumer clientId=consumer-Consumer-topic-d02b36a8_e607_45b3_bd9a_dc68362eb338-13, groupId=Consumer-topic-d02b36a8_e607_45b3_bd9a_dc68362eb338] Discovered group coordinator localhost:32769 (id: 2147483647 rack: null)
2025-08-12 17:19:58,538 INFO  [org.apa.kaf.cli.con.int.ConsumerCoordinator] (Thread-700) [Consumer clientId=consumer-Consumer-topic-d02b36a8_e607_45b3_bd9a_dc68362eb338-13, groupId=Consumer-topic-d02b36a8_e607_45b3_bd9a_dc68362eb338] (Re-)joining group
2025-08-12 17:19:58,540 INFO  [org.apa.kaf.cli.con.int.ConsumerCoordinator] (Thread-700) [Consumer clientId=consumer-Consumer-topic-d02b36a8_e607_45b3_bd9a_dc68362eb338-13, groupId=Consumer-topic-d02b36a8_e607_45b3_bd9a_dc68362eb338] Request joining group due to: need to re-join with the given member-id: consumer-Consumer-topic-d02b36a8_e607_45b3_bd9a_dc68362eb338-13-dbab6847-b282-4685-9c00-96666983063b
2025-08-12 17:19:58,540 INFO  [org.apa.kaf.cli.con.int.ConsumerCoordinator] (Thread-700) [Consumer clientId=consumer-Consumer-topic-d02b36a8_e607_45b3_bd9a_dc68362eb338-13, groupId=Consumer-topic-d02b36a8_e607_45b3_bd9a_dc68362eb338] (Re-)joining group
2025-08-12 17:19:59,534 INFO  [io.api.tes.ser.api.KafkaSerdesTester] (Thread-700) None found
2025-08-12 17:20:00,534 INFO  [io.api.tes.ser.api.KafkaSerdesTester] (Thread-700) None found
2025-08-12 17:20:01,535 INFO  [io.api.tes.ser.api.KafkaSerdesTester] (Thread-700) None found
2025-08-12 17:20:01,544 INFO  [org.apa.kaf.cli.con.int.ConsumerCoordinator] (Thread-700) [Consumer clientId=consumer-Consumer-topic-d02b36a8_e607_45b3_bd9a_dc68362eb338-13, groupId=Consumer-topic-d02b36a8_e607_45b3_bd9a_dc68362eb338] Successfully joined group with generation Generation{generationId=1, memberId='consumer-Consumer-topic-d02b36a8_e607_45b3_bd9a_dc68362eb338-13-dbab6847-b282-4685-9c00-96666983063b', protocol='range'}
2025-08-12 17:20:01,545 INFO  [org.apa.kaf.cli.con.int.ConsumerCoordinator] (Thread-700) [Consumer clientId=consumer-Consumer-topic-d02b36a8_e607_45b3_bd9a_dc68362eb338-13, groupId=Consumer-topic-d02b36a8_e607_45b3_bd9a_dc68362eb338] Finished assignment for group at generation 1: {consumer-Consumer-topic-d02b36a8_e607_45b3_bd9a_dc68362eb338-13-dbab6847-b282-4685-9c00-96666983063b=Assignment(partitions=[topic-d02b36a8_e607_45b3_bd9a_dc68362eb338-0])}
2025-08-12 17:20:01,551 INFO  [org.apa.kaf.cli.con.int.ConsumerCoordinator] (Thread-700) [Consumer clientId=consumer-Consumer-topic-d02b36a8_e607_45b3_bd9a_dc68362eb338-13, groupId=Consumer-topic-d02b36a8_e607_45b3_bd9a_dc68362eb338] Successfully synced group in generation Generation{generationId=1, memberId='consumer-Consumer-topic-d02b36a8_e607_45b3_bd9a_dc68362eb338-13-dbab6847-b282-4685-9c00-96666983063b', protocol='range'}
2025-08-12 17:20:01,551 INFO  [org.apa.kaf.cli.con.int.ConsumerCoordinator] (Thread-700) [Consumer clientId=consumer-Consumer-topic-d02b36a8_e607_45b3_bd9a_dc68362eb338-13, groupId=Consumer-topic-d02b36a8_e607_45b3_bd9a_dc68362eb338] Notifying assignor about the new Assignment(partitions=[topic-d02b36a8_e607_45b3_bd9a_dc68362eb338-0])
2025-08-12 17:20:01,551 INFO  [org.apa.kaf.cli.con.int.ConsumerRebalanceListenerInvoker] (Thread-700) [Consumer clientId=consumer-Consumer-topic-d02b36a8_e607_45b3_bd9a_dc68362eb338-13, groupId=Consumer-topic-d02b36a8_e607_45b3_bd9a_dc68362eb338] Adding newly assigned partitions: topic-d02b36a8_e607_45b3_bd9a_dc68362eb338-0
2025-08-12 17:20:01,552 INFO  [org.apa.kaf.cli.con.int.ConsumerCoordinator] (Thread-700) [Consumer clientId=consumer-Consumer-topic-d02b36a8_e607_45b3_bd9a_dc68362eb338-13, groupId=Consumer-topic-d02b36a8_e607_45b3_bd9a_dc68362eb338] Found no committed offset for partition topic-d02b36a8_e607_45b3_bd9a_dc68362eb338-0
2025-08-12 17:20:01,556 INFO  [org.apa.kaf.cli.con.int.SubscriptionState] (Thread-700) [Consumer clientId=consumer-Consumer-topic-d02b36a8_e607_45b3_bd9a_dc68362eb338-13, groupId=Consumer-topic-d02b36a8_e607_45b3_bd9a_dc68362eb338] Resetting offset for partition topic-d02b36a8_e607_45b3_bd9a_dc68362eb338-0 to position FetchPosition{offset=0, offsetEpoch=Optional.empty, currentLeader=LeaderAndEpoch{leader=Optional[localhost:32769 (id: 0 rack: null)], epoch=0}}.
2025-08-12 17:20:01,602 INFO  [io.api.tes.ser.api.KafkaSerdesTester] (Thread-700) topic-d02b36a8_e607_45b3_bd9a_dc68362eb338 0 0 {"key11755019197377": "value-0"}
2025-08-12 17:20:01,603 INFO  [io.api.tes.ser.api.KafkaSerdesTester] (Thread-700) topic-d02b36a8_e607_45b3_bd9a_dc68362eb338 0 1 {"key11755019197377": "value-1"}
2025-08-12 17:20:01,603 INFO  [io.api.tes.ser.api.KafkaSerdesTester] (Thread-700) topic-d02b36a8_e607_45b3_bd9a_dc68362eb338 0 2 {"key11755019197377": "value-2"}
2025-08-12 17:20:01,603 INFO  [io.api.tes.ser.api.KafkaSerdesTester] (Thread-700) topic-d02b36a8_e607_45b3_bd9a_dc68362eb338 0 3 {"key11755019197377": "value-3"}
2025-08-12 17:20:01,603 INFO  [io.api.tes.ser.api.KafkaSerdesTester] (Thread-700) topic-d02b36a8_e607_45b3_bd9a_dc68362eb338 0 4 {"key11755019197377": "value-4"}
2025-08-12 17:20:01,603 INFO  [io.api.tes.ser.api.KafkaSerdesTester] (Thread-700) topic-d02b36a8_e607_45b3_bd9a_dc68362eb338 0 5 {"key11755019197377": "value-5"}
2025-08-12 17:20:01,603 INFO  [io.api.tes.ser.api.KafkaSerdesTester] (Thread-700) topic-d02b36a8_e607_45b3_bd9a_dc68362eb338 0 6 {"key11755019197377": "value-6"}
2025-08-12 17:20:01,603 INFO  [io.api.tes.ser.api.KafkaSerdesTester] (Thread-700) topic-d02b36a8_e607_45b3_bd9a_dc68362eb338 0 7 {"key11755019197377": "value-7"}
2025-08-12 17:20:01,603 INFO  [io.api.tes.ser.api.KafkaSerdesTester] (Thread-700) topic-d02b36a8_e607_45b3_bd9a_dc68362eb338 0 8 {"key11755019197377": "value-8"}
2025-08-12 17:20:01,603 INFO  [io.api.tes.ser.api.KafkaSerdesTester] (Thread-700) topic-d02b36a8_e607_45b3_bd9a_dc68362eb338 0 9 {"key11755019197377": "value-9"}
2025-08-12 17:20:01,603 INFO  [io.api.tes.ser.api.KafkaSerdesTester] (Thread-700) Consumed 10 messages
2025-08-12 17:20:01,610 INFO  [org.apa.kaf.cli.con.int.ConsumerRebalanceListenerInvoker] (Thread-700) [Consumer clientId=consumer-Consumer-topic-d02b36a8_e607_45b3_bd9a_dc68362eb338-13, groupId=Consumer-topic-d02b36a8_e607_45b3_bd9a_dc68362eb338] Revoke previously assigned partitions topic-d02b36a8_e607_45b3_bd9a_dc68362eb338-0
2025-08-12 17:20:01,611 INFO  [org.apa.kaf.cli.con.int.ConsumerCoordinator] (Thread-700) [Consumer clientId=consumer-Consumer-topic-d02b36a8_e607_45b3_bd9a_dc68362eb338-13, groupId=Consumer-topic-d02b36a8_e607_45b3_bd9a_dc68362eb338] Member consumer-Consumer-topic-d02b36a8_e607_45b3_bd9a_dc68362eb338-13-dbab6847-b282-4685-9c00-96666983063b sending LeaveGroup request to coordinator localhost:32769 (id: 2147483647 rack: null) due to the consumer is being closed
2025-08-12 17:20:01,611 INFO  [org.apa.kaf.cli.con.int.ConsumerCoordinator] (Thread-700) [Consumer clientId=consumer-Consumer-topic-d02b36a8_e607_45b3_bd9a_dc68362eb338-13, groupId=Consumer-topic-d02b36a8_e607_45b3_bd9a_dc68362eb338] Resetting generation and member id due to: consumer pro-actively leaving the group
2025-08-12 17:20:01,611 INFO  [org.apa.kaf.cli.con.int.ConsumerCoordinator] (Thread-700) [Consumer clientId=consumer-Consumer-topic-d02b36a8_e607_45b3_bd9a_dc68362eb338-13, groupId=Consumer-topic-d02b36a8_e607_45b3_bd9a_dc68362eb338] Request joining group due to: consumer pro-actively leaving the group
2025-08-12 17:20:02,106 INFO  [org.apa.kaf.com.met.Metrics] (Thread-700) Metrics scheduler closed
2025-08-12 17:20:02,106 INFO  [org.apa.kaf.com.met.Metrics] (Thread-700) Closing reporter org.apache.kafka.common.metrics.JmxReporter
2025-08-12 17:20:02,106 INFO  [org.apa.kaf.com.met.Metrics] (Thread-700) Closing reporter org.apache.kafka.common.telemetry.internals.ClientTelemetryReporter
2025-08-12 17:20:02,106 INFO  [org.apa.kaf.com.met.Metrics] (Thread-700) Metrics reporters closed
2025-08-12 17:20:02,109 INFO  [org.apa.kaf.com.uti.AppInfoParser] (Thread-700) App info kafka.consumer for consumer-Consumer-topic-d02b36a8_e607_45b3_bd9a_dc68362eb338-13 unregistered
2025-08-12 17:20:02,110 INFO  [io.api.tes.uti.TestSeparator] (main) io.apicurio.tests.serdes.apicurio.AvroSerdeIT.testTopicRecordIdStrategydFindLatest-FINISHED
2025-08-12 17:20:02,110 INFO  [io.api.tes.uti.TestSeparator] (main) ############################################################################
Test passed: testTopicRecordIdStrategydFindLatest
]]></system-out>
  </testcase>
  <testcase name="testAvroConfluentForMultipleTopics" classname="io.apicurio.tests.serdes.apicurio.AvroSerdeIT" time="12.047">
    <system-out><![CDATA[2025-08-12 17:20:02,112 INFO  [io.api.tes.uti.TestSeparator] (main) ############################################################################
2025-08-12 17:20:02,113 INFO  [io.api.tes.uti.TestSeparator] (main) io.apicurio.tests.serdes.apicurio.AvroSerdeIT.testAvroConfluentForMultipleTopics-STARTED
2025-08-12 17:20:02,114 INFO  [io.api.tes.ser.api.AvroSerdeIT] (main) Registering Avro Schema: {"type":"record","name":"myrecordconfluent","fields":[{"name":"key11755019202113","type":"string"}]}
**** Registry Base URL: http://registry-app-pg17.apps.ci419.apicurio-testing.org:80
2025-08-12 17:20:03,182 INFO  [org.apa.kaf.cli.pro.ProducerConfig] (main) ProducerConfig values: 
	acks = -1
	auto.include.jmx.reporter = true
	batch.size = 16384
	bootstrap.servers = [PLAINTEXT://localhost:32769]
	buffer.memory = 33554432
	client.dns.lookup = use_all_dns_ips
	client.id = Producer-topic-d0380338_1ce7_4046_a029_f086eea7140b
	compression.gzip.level = -1
	compression.lz4.level = 9
	compression.type = none
	compression.zstd.level = 3
	connections.max.idle.ms = 10000
	delivery.timeout.ms = 120000
	enable.idempotence = true
	enable.metrics.push = true
	interceptor.classes = []
	key.serializer = class org.apache.kafka.common.serialization.StringSerializer
	linger.ms = 0
	max.block.ms = 60000
	max.in.flight.requests.per.connection = 5
	max.request.size = 1048576
	metadata.max.age.ms = 300000
	metadata.max.idle.ms = 300000
	metadata.recovery.strategy = none
	metric.reporters = []
	metrics.num.samples = 2
	metrics.recording.level = INFO
	metrics.sample.window.ms = 30000
	partitioner.adaptive.partitioning.enable = true
	partitioner.availability.timeout.ms = 0
	partitioner.class = null
	partitioner.ignore.keys = false
	receive.buffer.bytes = 32768
	reconnect.backoff.max.ms = 1000
	reconnect.backoff.ms = 50
	request.timeout.ms = 5000
	retries = 2147483647
	retry.backoff.max.ms = 1000
	retry.backoff.ms = 100
	sasl.client.callback.handler.class = null
	sasl.jaas.config = null
	sasl.kerberos.kinit.cmd = /usr/bin/kinit
	sasl.kerberos.min.time.before.relogin = 60000
	sasl.kerberos.service.name = null
	sasl.kerberos.ticket.renew.jitter = 0.05
	sasl.kerberos.ticket.renew.window.factor = 0.8
	sasl.login.callback.handler.class = null
	sasl.login.class = null
	sasl.login.connect.timeout.ms = null
	sasl.login.read.timeout.ms = null
	sasl.login.refresh.buffer.seconds = 300
	sasl.login.refresh.min.period.seconds = 60
	sasl.login.refresh.window.factor = 0.8
	sasl.login.refresh.window.jitter = 0.05
	sasl.login.retry.backoff.max.ms = 10000
	sasl.login.retry.backoff.ms = 100
	sasl.mechanism = GSSAPI
	sasl.oauthbearer.clock.skew.seconds = 30
	sasl.oauthbearer.expected.audience = null
	sasl.oauthbearer.expected.issuer = null
	sasl.oauthbearer.header.urlencode = false
	sasl.oauthbearer.jwks.endpoint.refresh.ms = 3600000
	sasl.oauthbearer.jwks.endpoint.retry.backoff.max.ms = 10000
	sasl.oauthbearer.jwks.endpoint.retry.backoff.ms = 100
	sasl.oauthbearer.jwks.endpoint.url = null
	sasl.oauthbearer.scope.claim.name = scope
	sasl.oauthbearer.sub.claim.name = sub
	sasl.oauthbearer.token.endpoint.url = null
	security.protocol = PLAINTEXT
	security.providers = null
	send.buffer.bytes = 131072
	socket.connection.setup.timeout.max.ms = 30000
	socket.connection.setup.timeout.ms = 10000
	ssl.cipher.suites = null
	ssl.enabled.protocols = [TLSv1.2, TLSv1.3]
	ssl.endpoint.identification.algorithm = https
	ssl.engine.factory.class = null
	ssl.key.password = null
	ssl.keymanager.algorithm = SunX509
	ssl.keystore.certificate.chain = null
	ssl.keystore.key = null
	ssl.keystore.location = null
	ssl.keystore.password = null
	ssl.keystore.type = JKS
	ssl.protocol = TLSv1.3
	ssl.provider = null
	ssl.secure.random.implementation = null
	ssl.trustmanager.algorithm = PKIX
	ssl.truststore.certificates = null
	ssl.truststore.location = null
	ssl.truststore.password = null
	ssl.truststore.type = JKS
	transaction.timeout.ms = 60000
	transactional.id = null
	value.serializer = class io.apicurio.registry.serde.avro.AvroKafkaSerializer

2025-08-12 17:20:03,182 INFO  [org.apa.kaf.com.tel.int.KafkaMetricsCollector] (main) initializing Kafka metrics collector
2025-08-12 17:20:03,186 INFO  [org.apa.kaf.cli.pro.KafkaProducer] (main) [Producer clientId=Producer-topic-d0380338_1ce7_4046_a029_f086eea7140b] Instantiated an idempotent producer.
2025-08-12 17:20:03,188 INFO  [org.apa.kaf.cli.pro.ProducerConfig] (main) These configurations '[apicurio.registry.url, apicurio.registry.artifact-resolver-strategy]' were supplied but are not used yet.
2025-08-12 17:20:03,188 INFO  [org.apa.kaf.com.uti.AppInfoParser] (main) Kafka version: 3.9.1
2025-08-12 17:20:03,188 INFO  [org.apa.kaf.com.uti.AppInfoParser] (main) Kafka commitId: f745dfdcee2b9851
2025-08-12 17:20:03,188 INFO  [org.apa.kaf.com.uti.AppInfoParser] (main) Kafka startTimeMs: 1755019203188
**** Registry Base URL: http://registry-app-pg17.apps.ci419.apicurio-testing.org:80
2025-08-12 17:20:03,188 INFO  [org.apa.kaf.cli.pro.ProducerConfig] (main) ProducerConfig values: 
	acks = -1
	auto.include.jmx.reporter = true
	batch.size = 16384
	bootstrap.servers = [PLAINTEXT://localhost:32769]
	buffer.memory = 33554432
	client.dns.lookup = use_all_dns_ips
	client.id = Producer-topic-637caff6_8f1d_4256_bf59_9d49ccee5859
	compression.gzip.level = -1
	compression.lz4.level = 9
	compression.type = none
	compression.zstd.level = 3
	connections.max.idle.ms = 10000
	delivery.timeout.ms = 120000
	enable.idempotence = true
	enable.metrics.push = true
	interceptor.classes = []
	key.serializer = class org.apache.kafka.common.serialization.StringSerializer
	linger.ms = 0
	max.block.ms = 60000
	max.in.flight.requests.per.connection = 5
	max.request.size = 1048576
	metadata.max.age.ms = 300000
	metadata.max.idle.ms = 300000
	metadata.recovery.strategy = none
	metric.reporters = []
	metrics.num.samples = 2
	metrics.recording.level = INFO
	metrics.sample.window.ms = 30000
	partitioner.adaptive.partitioning.enable = true
	partitioner.availability.timeout.ms = 0
	partitioner.class = null
	partitioner.ignore.keys = false
	receive.buffer.bytes = 32768
	reconnect.backoff.max.ms = 1000
	reconnect.backoff.ms = 50
	request.timeout.ms = 5000
	retries = 2147483647
	retry.backoff.max.ms = 1000
	retry.backoff.ms = 100
	sasl.client.callback.handler.class = null
	sasl.jaas.config = null
	sasl.kerberos.kinit.cmd = /usr/bin/kinit
	sasl.kerberos.min.time.before.relogin = 60000
	sasl.kerberos.service.name = null
	sasl.kerberos.ticket.renew.jitter = 0.05
	sasl.kerberos.ticket.renew.window.factor = 0.8
	sasl.login.callback.handler.class = null
	sasl.login.class = null
	sasl.login.connect.timeout.ms = null
	sasl.login.read.timeout.ms = null
	sasl.login.refresh.buffer.seconds = 300
	sasl.login.refresh.min.period.seconds = 60
	sasl.login.refresh.window.factor = 0.8
	sasl.login.refresh.window.jitter = 0.05
	sasl.login.retry.backoff.max.ms = 10000
	sasl.login.retry.backoff.ms = 100
	sasl.mechanism = GSSAPI
	sasl.oauthbearer.clock.skew.seconds = 30
	sasl.oauthbearer.expected.audience = null
	sasl.oauthbearer.expected.issuer = null
	sasl.oauthbearer.header.urlencode = false
	sasl.oauthbearer.jwks.endpoint.refresh.ms = 3600000
	sasl.oauthbearer.jwks.endpoint.retry.backoff.max.ms = 10000
	sasl.oauthbearer.jwks.endpoint.retry.backoff.ms = 100
	sasl.oauthbearer.jwks.endpoint.url = null
	sasl.oauthbearer.scope.claim.name = scope
	sasl.oauthbearer.sub.claim.name = sub
	sasl.oauthbearer.token.endpoint.url = null
	security.protocol = PLAINTEXT
	security.providers = null
	send.buffer.bytes = 131072
	socket.connection.setup.timeout.max.ms = 30000
	socket.connection.setup.timeout.ms = 10000
	ssl.cipher.suites = null
	ssl.enabled.protocols = [TLSv1.2, TLSv1.3]
	ssl.endpoint.identification.algorithm = https
	ssl.engine.factory.class = null
	ssl.key.password = null
	ssl.keymanager.algorithm = SunX509
	ssl.keystore.certificate.chain = null
	ssl.keystore.key = null
	ssl.keystore.location = null
	ssl.keystore.password = null
	ssl.keystore.type = JKS
	ssl.protocol = TLSv1.3
	ssl.provider = null
	ssl.secure.random.implementation = null
	ssl.trustmanager.algorithm = PKIX
	ssl.truststore.certificates = null
	ssl.truststore.location = null
	ssl.truststore.password = null
	ssl.truststore.type = JKS
	transaction.timeout.ms = 60000
	transactional.id = null
	value.serializer = class io.apicurio.registry.serde.avro.AvroKafkaSerializer

2025-08-12 17:20:03,189 INFO  [org.apa.kaf.com.tel.int.KafkaMetricsCollector] (main) initializing Kafka metrics collector
2025-08-12 17:20:03,196 INFO  [org.apa.kaf.cli.Metadata] (kafka-producer-network-thread | Producer-topic-d0380338_1ce7_4046_a029_f086eea7140b) [Producer clientId=Producer-topic-d0380338_1ce7_4046_a029_f086eea7140b] Cluster ID: 4rT39ZSJSJuTKBGDmwdYMA
2025-08-12 17:20:03,197 INFO  [org.apa.kaf.cli.pro.int.TransactionManager] (kafka-producer-network-thread | Producer-topic-d0380338_1ce7_4046_a029_f086eea7140b) [Producer clientId=Producer-topic-d0380338_1ce7_4046_a029_f086eea7140b] ProducerId set to 19 with epoch 0
2025-08-12 17:20:03,198 INFO  [org.apa.kaf.cli.pro.KafkaProducer] (main) [Producer clientId=Producer-topic-637caff6_8f1d_4256_bf59_9d49ccee5859] Instantiated an idempotent producer.
2025-08-12 17:20:03,200 INFO  [org.apa.kaf.cli.pro.ProducerConfig] (main) These configurations '[apicurio.registry.url, apicurio.registry.artifact-resolver-strategy]' were supplied but are not used yet.
2025-08-12 17:20:03,200 INFO  [org.apa.kaf.com.uti.AppInfoParser] (main) Kafka version: 3.9.1
2025-08-12 17:20:03,200 INFO  [org.apa.kaf.com.uti.AppInfoParser] (main) Kafka commitId: f745dfdcee2b9851
2025-08-12 17:20:03,200 INFO  [org.apa.kaf.com.uti.AppInfoParser] (main) Kafka startTimeMs: 1755019203200
**** Registry Base URL: http://registry-app-pg17.apps.ci419.apicurio-testing.org:80
2025-08-12 17:20:03,201 INFO  [org.apa.kaf.cli.pro.ProducerConfig] (main) ProducerConfig values: 
	acks = -1
	auto.include.jmx.reporter = true
	batch.size = 16384
	bootstrap.servers = [PLAINTEXT://localhost:32769]
	buffer.memory = 33554432
	client.dns.lookup = use_all_dns_ips
	client.id = Producer-topic-70573ac9_e9ed_456d_9d5f_0ceb8f8206ad
	compression.gzip.level = -1
	compression.lz4.level = 9
	compression.type = none
	compression.zstd.level = 3
	connections.max.idle.ms = 10000
	delivery.timeout.ms = 120000
	enable.idempotence = true
	enable.metrics.push = true
	interceptor.classes = []
	key.serializer = class org.apache.kafka.common.serialization.StringSerializer
	linger.ms = 0
	max.block.ms = 60000
	max.in.flight.requests.per.connection = 5
	max.request.size = 1048576
	metadata.max.age.ms = 300000
	metadata.max.idle.ms = 300000
	metadata.recovery.strategy = none
	metric.reporters = []
	metrics.num.samples = 2
	metrics.recording.level = INFO
	metrics.sample.window.ms = 30000
	partitioner.adaptive.partitioning.enable = true
	partitioner.availability.timeout.ms = 0
	partitioner.class = null
	partitioner.ignore.keys = false
	receive.buffer.bytes = 32768
	reconnect.backoff.max.ms = 1000
	reconnect.backoff.ms = 50
	request.timeout.ms = 5000
	retries = 2147483647
	retry.backoff.max.ms = 1000
	retry.backoff.ms = 100
	sasl.client.callback.handler.class = null
	sasl.jaas.config = null
	sasl.kerberos.kinit.cmd = /usr/bin/kinit
	sasl.kerberos.min.time.before.relogin = 60000
	sasl.kerberos.service.name = null
	sasl.kerberos.ticket.renew.jitter = 0.05
	sasl.kerberos.ticket.renew.window.factor = 0.8
	sasl.login.callback.handler.class = null
	sasl.login.class = null
	sasl.login.connect.timeout.ms = null
	sasl.login.read.timeout.ms = null
	sasl.login.refresh.buffer.seconds = 300
	sasl.login.refresh.min.period.seconds = 60
	sasl.login.refresh.window.factor = 0.8
	sasl.login.refresh.window.jitter = 0.05
	sasl.login.retry.backoff.max.ms = 10000
	sasl.login.retry.backoff.ms = 100
	sasl.mechanism = GSSAPI
	sasl.oauthbearer.clock.skew.seconds = 30
	sasl.oauthbearer.expected.audience = null
	sasl.oauthbearer.expected.issuer = null
	sasl.oauthbearer.header.urlencode = false
	sasl.oauthbearer.jwks.endpoint.refresh.ms = 3600000
	sasl.oauthbearer.jwks.endpoint.retry.backoff.max.ms = 10000
	sasl.oauthbearer.jwks.endpoint.retry.backoff.ms = 100
	sasl.oauthbearer.jwks.endpoint.url = null
	sasl.oauthbearer.scope.claim.name = scope
	sasl.oauthbearer.sub.claim.name = sub
	sasl.oauthbearer.token.endpoint.url = null
	security.protocol = PLAINTEXT
	security.providers = null
	send.buffer.bytes = 131072
	socket.connection.setup.timeout.max.ms = 30000
	socket.connection.setup.timeout.ms = 10000
	ssl.cipher.suites = null
	ssl.enabled.protocols = [TLSv1.2, TLSv1.3]
	ssl.endpoint.identification.algorithm = https
	ssl.engine.factory.class = null
	ssl.key.password = null
	ssl.keymanager.algorithm = SunX509
	ssl.keystore.certificate.chain = null
	ssl.keystore.key = null
	ssl.keystore.location = null
	ssl.keystore.password = null
	ssl.keystore.type = JKS
	ssl.protocol = TLSv1.3
	ssl.provider = null
	ssl.secure.random.implementation = null
	ssl.trustmanager.algorithm = PKIX
	ssl.truststore.certificates = null
	ssl.truststore.location = null
	ssl.truststore.password = null
	ssl.truststore.type = JKS
	transaction.timeout.ms = 60000
	transactional.id = null
	value.serializer = class io.apicurio.registry.serde.avro.AvroKafkaSerializer

2025-08-12 17:20:03,201 INFO  [org.apa.kaf.com.tel.int.KafkaMetricsCollector] (main) initializing Kafka metrics collector
2025-08-12 17:20:03,205 INFO  [org.apa.kaf.cli.Metadata] (kafka-producer-network-thread | Producer-topic-637caff6_8f1d_4256_bf59_9d49ccee5859) [Producer clientId=Producer-topic-637caff6_8f1d_4256_bf59_9d49ccee5859] Cluster ID: 4rT39ZSJSJuTKBGDmwdYMA
2025-08-12 17:20:03,206 INFO  [org.apa.kaf.cli.pro.int.TransactionManager] (kafka-producer-network-thread | Producer-topic-637caff6_8f1d_4256_bf59_9d49ccee5859) [Producer clientId=Producer-topic-637caff6_8f1d_4256_bf59_9d49ccee5859] ProducerId set to 20 with epoch 0
2025-08-12 17:20:03,214 INFO  [org.apa.kaf.cli.pro.KafkaProducer] (main) [Producer clientId=Producer-topic-70573ac9_e9ed_456d_9d5f_0ceb8f8206ad] Instantiated an idempotent producer.
2025-08-12 17:20:03,217 INFO  [org.apa.kaf.cli.pro.ProducerConfig] (main) These configurations '[apicurio.registry.url, apicurio.registry.artifact-resolver-strategy]' were supplied but are not used yet.
2025-08-12 17:20:03,217 INFO  [org.apa.kaf.com.uti.AppInfoParser] (main) Kafka version: 3.9.1
2025-08-12 17:20:03,217 INFO  [org.apa.kaf.com.uti.AppInfoParser] (main) Kafka commitId: f745dfdcee2b9851
2025-08-12 17:20:03,217 INFO  [org.apa.kaf.com.uti.AppInfoParser] (main) Kafka startTimeMs: 1755019203217
**** Registry Base URL: http://registry-app-pg17.apps.ci419.apicurio-testing.org:80
2025-08-12 17:20:03,218 INFO  [org.apa.kaf.cli.con.ConsumerConfig] (main) ConsumerConfig values: 
	allow.auto.create.topics = true
	auto.commit.interval.ms = 500
	auto.include.jmx.reporter = true
	auto.offset.reset = earliest
	bootstrap.servers = [PLAINTEXT://localhost:32769]
	check.crcs = true
	client.dns.lookup = use_all_dns_ips
	client.id = consumer-Consumer-topic-d0380338_1ce7_4046_a029_f086eea7140b-14
	client.rack = 
	connections.max.idle.ms = 10000
	default.api.timeout.ms = 60000
	enable.auto.commit = true
	enable.metrics.push = true
	exclude.internal.topics = true
	fetch.max.bytes = 52428800
	fetch.max.wait.ms = 500
	fetch.min.bytes = 1
	group.id = Consumer-topic-d0380338_1ce7_4046_a029_f086eea7140b
	group.instance.id = null
	group.protocol = classic
	group.remote.assignor = null
	heartbeat.interval.ms = 3000
	interceptor.classes = []
	internal.leave.group.on.close = true
	internal.throw.on.fetch.stable.offset.unsupported = false
	isolation.level = read_uncommitted
	key.deserializer = class org.apache.kafka.common.serialization.StringDeserializer
	max.partition.fetch.bytes = 1048576
	max.poll.interval.ms = 300000
	max.poll.records = 500
	metadata.max.age.ms = 300000
	metadata.recovery.strategy = none
	metric.reporters = []
	metrics.num.samples = 2
	metrics.recording.level = INFO
	metrics.sample.window.ms = 30000
	partition.assignment.strategy = [class org.apache.kafka.clients.consumer.RangeAssignor, class org.apache.kafka.clients.consumer.CooperativeStickyAssignor]
	receive.buffer.bytes = 65536
	reconnect.backoff.max.ms = 1000
	reconnect.backoff.ms = 50
	request.timeout.ms = 5000
	retry.backoff.max.ms = 1000
	retry.backoff.ms = 100
	sasl.client.callback.handler.class = null
	sasl.jaas.config = null
	sasl.kerberos.kinit.cmd = /usr/bin/kinit
	sasl.kerberos.min.time.before.relogin = 60000
	sasl.kerberos.service.name = null
	sasl.kerberos.ticket.renew.jitter = 0.05
	sasl.kerberos.ticket.renew.window.factor = 0.8
	sasl.login.callback.handler.class = null
	sasl.login.class = null
	sasl.login.connect.timeout.ms = null
	sasl.login.read.timeout.ms = null
	sasl.login.refresh.buffer.seconds = 300
	sasl.login.refresh.min.period.seconds = 60
	sasl.login.refresh.window.factor = 0.8
	sasl.login.refresh.window.jitter = 0.05
	sasl.login.retry.backoff.max.ms = 10000
	sasl.login.retry.backoff.ms = 100
	sasl.mechanism = GSSAPI
	sasl.oauthbearer.clock.skew.seconds = 30
	sasl.oauthbearer.expected.audience = null
	sasl.oauthbearer.expected.issuer = null
	sasl.oauthbearer.header.urlencode = false
	sasl.oauthbearer.jwks.endpoint.refresh.ms = 3600000
	sasl.oauthbearer.jwks.endpoint.retry.backoff.max.ms = 10000
	sasl.oauthbearer.jwks.endpoint.retry.backoff.ms = 100
	sasl.oauthbearer.jwks.endpoint.url = null
	sasl.oauthbearer.scope.claim.name = scope
	sasl.oauthbearer.sub.claim.name = sub
	sasl.oauthbearer.token.endpoint.url = null
	security.protocol = PLAINTEXT
	security.providers = null
	send.buffer.bytes = 131072
	session.timeout.ms = 45000
	socket.connection.setup.timeout.max.ms = 30000
	socket.connection.setup.timeout.ms = 10000
	ssl.cipher.suites = null
	ssl.enabled.protocols = [TLSv1.2, TLSv1.3]
	ssl.endpoint.identification.algorithm = https
	ssl.engine.factory.class = null
	ssl.key.password = null
	ssl.keymanager.algorithm = SunX509
	ssl.keystore.certificate.chain = null
	ssl.keystore.key = null
	ssl.keystore.location = null
	ssl.keystore.password = null
	ssl.keystore.type = JKS
	ssl.protocol = TLSv1.3
	ssl.provider = null
	ssl.secure.random.implementation = null
	ssl.trustmanager.algorithm = PKIX
	ssl.truststore.certificates = null
	ssl.truststore.location = null
	ssl.truststore.password = null
	ssl.truststore.type = JKS
	value.deserializer = class io.apicurio.registry.serde.avro.AvroKafkaDeserializer

2025-08-12 17:20:03,218 INFO  [org.apa.kaf.com.tel.int.KafkaMetricsCollector] (main) initializing Kafka metrics collector
2025-08-12 17:20:03,223 INFO  [org.apa.kaf.cli.Metadata] (kafka-producer-network-thread | Producer-topic-70573ac9_e9ed_456d_9d5f_0ceb8f8206ad) [Producer clientId=Producer-topic-70573ac9_e9ed_456d_9d5f_0ceb8f8206ad] Cluster ID: 4rT39ZSJSJuTKBGDmwdYMA
2025-08-12 17:20:03,225 INFO  [org.apa.kaf.cli.pro.int.TransactionManager] (kafka-producer-network-thread | Producer-topic-70573ac9_e9ed_456d_9d5f_0ceb8f8206ad) [Producer clientId=Producer-topic-70573ac9_e9ed_456d_9d5f_0ceb8f8206ad] ProducerId set to 21 with epoch 0
2025-08-12 17:20:03,230 INFO  [org.apa.kaf.cli.con.ConsumerConfig] (main) These configurations '[apicurio.registry.url]' were supplied but are not used yet.
2025-08-12 17:20:03,230 INFO  [org.apa.kaf.com.uti.AppInfoParser] (main) Kafka version: 3.9.1
2025-08-12 17:20:03,230 INFO  [org.apa.kaf.com.uti.AppInfoParser] (main) Kafka commitId: f745dfdcee2b9851
2025-08-12 17:20:03,230 INFO  [org.apa.kaf.com.uti.AppInfoParser] (main) Kafka startTimeMs: 1755019203230
**** Registry Base URL: http://registry-app-pg17.apps.ci419.apicurio-testing.org:80
2025-08-12 17:20:03,231 INFO  [org.apa.kaf.cli.con.ConsumerConfig] (main) ConsumerConfig values: 
	allow.auto.create.topics = true
	auto.commit.interval.ms = 500
	auto.include.jmx.reporter = true
	auto.offset.reset = earliest
	bootstrap.servers = [PLAINTEXT://localhost:32769]
	check.crcs = true
	client.dns.lookup = use_all_dns_ips
	client.id = consumer-Consumer-topic-637caff6_8f1d_4256_bf59_9d49ccee5859-15
	client.rack = 
	connections.max.idle.ms = 10000
	default.api.timeout.ms = 60000
	enable.auto.commit = true
	enable.metrics.push = true
	exclude.internal.topics = true
	fetch.max.bytes = 52428800
	fetch.max.wait.ms = 500
	fetch.min.bytes = 1
	group.id = Consumer-topic-637caff6_8f1d_4256_bf59_9d49ccee5859
	group.instance.id = null
	group.protocol = classic
	group.remote.assignor = null
	heartbeat.interval.ms = 3000
	interceptor.classes = []
	internal.leave.group.on.close = true
	internal.throw.on.fetch.stable.offset.unsupported = false
	isolation.level = read_uncommitted
	key.deserializer = class org.apache.kafka.common.serialization.StringDeserializer
	max.partition.fetch.bytes = 1048576
	max.poll.interval.ms = 300000
	max.poll.records = 500
	metadata.max.age.ms = 300000
	metadata.recovery.strategy = none
	metric.reporters = []
	metrics.num.samples = 2
	metrics.recording.level = INFO
	metrics.sample.window.ms = 30000
	partition.assignment.strategy = [class org.apache.kafka.clients.consumer.RangeAssignor, class org.apache.kafka.clients.consumer.CooperativeStickyAssignor]
	receive.buffer.bytes = 65536
	reconnect.backoff.max.ms = 1000
	reconnect.backoff.ms = 50
	request.timeout.ms = 5000
	retry.backoff.max.ms = 1000
	retry.backoff.ms = 100
	sasl.client.callback.handler.class = null
	sasl.jaas.config = null
	sasl.kerberos.kinit.cmd = /usr/bin/kinit
	sasl.kerberos.min.time.before.relogin = 60000
	sasl.kerberos.service.name = null
	sasl.kerberos.ticket.renew.jitter = 0.05
	sasl.kerberos.ticket.renew.window.factor = 0.8
	sasl.login.callback.handler.class = null
	sasl.login.class = null
	sasl.login.connect.timeout.ms = null
	sasl.login.read.timeout.ms = null
	sasl.login.refresh.buffer.seconds = 300
	sasl.login.refresh.min.period.seconds = 60
	sasl.login.refresh.window.factor = 0.8
	sasl.login.refresh.window.jitter = 0.05
	sasl.login.retry.backoff.max.ms = 10000
	sasl.login.retry.backoff.ms = 100
	sasl.mechanism = GSSAPI
	sasl.oauthbearer.clock.skew.seconds = 30
	sasl.oauthbearer.expected.audience = null
	sasl.oauthbearer.expected.issuer = null
	sasl.oauthbearer.header.urlencode = false
	sasl.oauthbearer.jwks.endpoint.refresh.ms = 3600000
	sasl.oauthbearer.jwks.endpoint.retry.backoff.max.ms = 10000
	sasl.oauthbearer.jwks.endpoint.retry.backoff.ms = 100
	sasl.oauthbearer.jwks.endpoint.url = null
	sasl.oauthbearer.scope.claim.name = scope
	sasl.oauthbearer.sub.claim.name = sub
	sasl.oauthbearer.token.endpoint.url = null
	security.protocol = PLAINTEXT
	security.providers = null
	send.buffer.bytes = 131072
	session.timeout.ms = 45000
	socket.connection.setup.timeout.max.ms = 30000
	socket.connection.setup.timeout.ms = 10000
	ssl.cipher.suites = null
	ssl.enabled.protocols = [TLSv1.2, TLSv1.3]
	ssl.endpoint.identification.algorithm = https
	ssl.engine.factory.class = null
	ssl.key.password = null
	ssl.keymanager.algorithm = SunX509
	ssl.keystore.certificate.chain = null
	ssl.keystore.key = null
	ssl.keystore.location = null
	ssl.keystore.password = null
	ssl.keystore.type = JKS
	ssl.protocol = TLSv1.3
	ssl.provider = null
	ssl.secure.random.implementation = null
	ssl.trustmanager.algorithm = PKIX
	ssl.truststore.certificates = null
	ssl.truststore.location = null
	ssl.truststore.password = null
	ssl.truststore.type = JKS
	value.deserializer = class io.apicurio.registry.serde.avro.AvroKafkaDeserializer

2025-08-12 17:20:03,231 INFO  [org.apa.kaf.com.tel.int.KafkaMetricsCollector] (main) initializing Kafka metrics collector
2025-08-12 17:20:03,237 INFO  [org.apa.kaf.cli.con.ConsumerConfig] (main) These configurations '[apicurio.registry.url]' were supplied but are not used yet.
2025-08-12 17:20:03,237 INFO  [org.apa.kaf.com.uti.AppInfoParser] (main) Kafka version: 3.9.1
2025-08-12 17:20:03,237 INFO  [org.apa.kaf.com.uti.AppInfoParser] (main) Kafka commitId: f745dfdcee2b9851
2025-08-12 17:20:03,237 INFO  [org.apa.kaf.com.uti.AppInfoParser] (main) Kafka startTimeMs: 1755019203237
**** Registry Base URL: http://registry-app-pg17.apps.ci419.apicurio-testing.org:80
2025-08-12 17:20:03,238 INFO  [org.apa.kaf.cli.con.ConsumerConfig] (main) ConsumerConfig values: 
	allow.auto.create.topics = true
	auto.commit.interval.ms = 500
	auto.include.jmx.reporter = true
	auto.offset.reset = earliest
	bootstrap.servers = [PLAINTEXT://localhost:32769]
	check.crcs = true
	client.dns.lookup = use_all_dns_ips
	client.id = consumer-Consumer-topic-70573ac9_e9ed_456d_9d5f_0ceb8f8206ad-16
	client.rack = 
	connections.max.idle.ms = 10000
	default.api.timeout.ms = 60000
	enable.auto.commit = true
	enable.metrics.push = true
	exclude.internal.topics = true
	fetch.max.bytes = 52428800
	fetch.max.wait.ms = 500
	fetch.min.bytes = 1
	group.id = Consumer-topic-70573ac9_e9ed_456d_9d5f_0ceb8f8206ad
	group.instance.id = null
	group.protocol = classic
	group.remote.assignor = null
	heartbeat.interval.ms = 3000
	interceptor.classes = []
	internal.leave.group.on.close = true
	internal.throw.on.fetch.stable.offset.unsupported = false
	isolation.level = read_uncommitted
	key.deserializer = class org.apache.kafka.common.serialization.StringDeserializer
	max.partition.fetch.bytes = 1048576
	max.poll.interval.ms = 300000
	max.poll.records = 500
	metadata.max.age.ms = 300000
	metadata.recovery.strategy = none
	metric.reporters = []
	metrics.num.samples = 2
	metrics.recording.level = INFO
	metrics.sample.window.ms = 30000
	partition.assignment.strategy = [class org.apache.kafka.clients.consumer.RangeAssignor, class org.apache.kafka.clients.consumer.CooperativeStickyAssignor]
	receive.buffer.bytes = 65536
	reconnect.backoff.max.ms = 1000
	reconnect.backoff.ms = 50
	request.timeout.ms = 5000
	retry.backoff.max.ms = 1000
	retry.backoff.ms = 100
	sasl.client.callback.handler.class = null
	sasl.jaas.config = null
	sasl.kerberos.kinit.cmd = /usr/bin/kinit
	sasl.kerberos.min.time.before.relogin = 60000
	sasl.kerberos.service.name = null
	sasl.kerberos.ticket.renew.jitter = 0.05
	sasl.kerberos.ticket.renew.window.factor = 0.8
	sasl.login.callback.handler.class = null
	sasl.login.class = null
	sasl.login.connect.timeout.ms = null
	sasl.login.read.timeout.ms = null
	sasl.login.refresh.buffer.seconds = 300
	sasl.login.refresh.min.period.seconds = 60
	sasl.login.refresh.window.factor = 0.8
	sasl.login.refresh.window.jitter = 0.05
	sasl.login.retry.backoff.max.ms = 10000
	sasl.login.retry.backoff.ms = 100
	sasl.mechanism = GSSAPI
	sasl.oauthbearer.clock.skew.seconds = 30
	sasl.oauthbearer.expected.audience = null
	sasl.oauthbearer.expected.issuer = null
	sasl.oauthbearer.header.urlencode = false
	sasl.oauthbearer.jwks.endpoint.refresh.ms = 3600000
	sasl.oauthbearer.jwks.endpoint.retry.backoff.max.ms = 10000
	sasl.oauthbearer.jwks.endpoint.retry.backoff.ms = 100
	sasl.oauthbearer.jwks.endpoint.url = null
	sasl.oauthbearer.scope.claim.name = scope
	sasl.oauthbearer.sub.claim.name = sub
	sasl.oauthbearer.token.endpoint.url = null
	security.protocol = PLAINTEXT
	security.providers = null
	send.buffer.bytes = 131072
	session.timeout.ms = 45000
	socket.connection.setup.timeout.max.ms = 30000
	socket.connection.setup.timeout.ms = 10000
	ssl.cipher.suites = null
	ssl.enabled.protocols = [TLSv1.2, TLSv1.3]
	ssl.endpoint.identification.algorithm = https
	ssl.engine.factory.class = null
	ssl.key.password = null
	ssl.keymanager.algorithm = SunX509
	ssl.keystore.certificate.chain = null
	ssl.keystore.key = null
	ssl.keystore.location = null
	ssl.keystore.password = null
	ssl.keystore.type = JKS
	ssl.protocol = TLSv1.3
	ssl.provider = null
	ssl.secure.random.implementation = null
	ssl.trustmanager.algorithm = PKIX
	ssl.truststore.certificates = null
	ssl.truststore.location = null
	ssl.truststore.password = null
	ssl.truststore.type = JKS
	value.deserializer = class io.apicurio.registry.serde.avro.AvroKafkaDeserializer

2025-08-12 17:20:03,238 INFO  [org.apa.kaf.com.tel.int.KafkaMetricsCollector] (main) initializing Kafka metrics collector
2025-08-12 17:20:03,246 INFO  [org.apa.kaf.cli.con.ConsumerConfig] (main) These configurations '[apicurio.registry.url]' were supplied but are not used yet.
2025-08-12 17:20:03,246 INFO  [org.apa.kaf.com.uti.AppInfoParser] (main) Kafka version: 3.9.1
2025-08-12 17:20:03,246 INFO  [org.apa.kaf.com.uti.AppInfoParser] (main) Kafka commitId: f745dfdcee2b9851
2025-08-12 17:20:03,246 INFO  [org.apa.kaf.com.uti.AppInfoParser] (main) Kafka startTimeMs: 1755019203246
2025-08-12 17:20:03,247 INFO  [io.api.tes.ser.api.KafkaSerdesTester] (Thread-713) Sending message {"key11755019202113": "value-0"} to topic topic-d0380338_1ce7_4046_a029_f086eea7140b
2025-08-12 17:20:03,249 INFO  [DefaultSchemaResolver] (Thread-713) Retrieving schema content using string: {"type":"record","name":"myrecordconfluent","fields":[{"name":"key11755019202113","type":"string"}]}
2025-08-12 17:20:03,288 INFO  [io.api.tes.ser.api.KafkaSerdesTester] (Thread-713) Sending message {"key11755019202113": "value-1"} to topic topic-d0380338_1ce7_4046_a029_f086eea7140b
2025-08-12 17:20:03,290 INFO  [io.api.tes.ser.api.KafkaSerdesTester] (Thread-713) Sending message {"key11755019202113": "value-2"} to topic topic-d0380338_1ce7_4046_a029_f086eea7140b
2025-08-12 17:20:03,293 INFO  [io.api.tes.ser.api.KafkaSerdesTester] (Thread-713) Sending message {"key11755019202113": "value-3"} to topic topic-d0380338_1ce7_4046_a029_f086eea7140b
2025-08-12 17:20:03,295 INFO  [io.api.tes.ser.api.KafkaSerdesTester] (Thread-713) Sending message {"key11755019202113": "value-4"} to topic topic-d0380338_1ce7_4046_a029_f086eea7140b
2025-08-12 17:20:03,296 INFO  [io.api.tes.ser.api.KafkaSerdesTester] (Thread-713) Sending message {"key11755019202113": "value-5"} to topic topic-d0380338_1ce7_4046_a029_f086eea7140b
2025-08-12 17:20:03,298 INFO  [io.api.tes.ser.api.KafkaSerdesTester] (Thread-713) Sending message {"key11755019202113": "value-6"} to topic topic-d0380338_1ce7_4046_a029_f086eea7140b
2025-08-12 17:20:03,299 INFO  [io.api.tes.ser.api.KafkaSerdesTester] (Thread-713) Sending message {"key11755019202113": "value-7"} to topic topic-d0380338_1ce7_4046_a029_f086eea7140b
2025-08-12 17:20:03,301 INFO  [io.api.tes.ser.api.KafkaSerdesTester] (Thread-713) Sending message {"key11755019202113": "value-8"} to topic topic-d0380338_1ce7_4046_a029_f086eea7140b
2025-08-12 17:20:03,303 INFO  [io.api.tes.ser.api.KafkaSerdesTester] (Thread-713) Sending message {"key11755019202113": "value-9"} to topic topic-d0380338_1ce7_4046_a029_f086eea7140b
2025-08-12 17:20:03,305 INFO  [io.api.tes.ser.api.KafkaSerdesTester] (Thread-713) Produced 10 messages
2025-08-12 17:20:03,305 INFO  [org.apa.kaf.cli.pro.KafkaProducer] (Thread-713) [Producer clientId=Producer-topic-d0380338_1ce7_4046_a029_f086eea7140b] Closing the Kafka producer with timeoutMillis = 9223372036854775807 ms.
2025-08-12 17:20:03,309 INFO  [org.apa.kaf.com.met.Metrics] (Thread-713) Metrics scheduler closed
2025-08-12 17:20:03,309 INFO  [org.apa.kaf.com.met.Metrics] (Thread-713) Closing reporter org.apache.kafka.common.metrics.JmxReporter
2025-08-12 17:20:03,309 INFO  [org.apa.kaf.com.met.Metrics] (Thread-713) Closing reporter org.apache.kafka.common.telemetry.internals.ClientTelemetryReporter
2025-08-12 17:20:03,309 INFO  [org.apa.kaf.com.met.Metrics] (Thread-713) Metrics reporters closed
2025-08-12 17:20:03,310 INFO  [org.apa.kaf.com.uti.AppInfoParser] (Thread-713) App info kafka.producer for Producer-topic-d0380338_1ce7_4046_a029_f086eea7140b unregistered
2025-08-12 17:20:03,311 INFO  [io.api.tes.ser.api.KafkaSerdesTester] (Thread-714) Sending message {"key11755019202113": "value-0"} to topic topic-637caff6_8f1d_4256_bf59_9d49ccee5859
2025-08-12 17:20:03,318 INFO  [DefaultSchemaResolver] (Thread-714) Retrieving schema content using string: {"type":"record","name":"myrecordconfluent","fields":[{"name":"key11755019202113","type":"string"}]}
2025-08-12 17:20:03,352 INFO  [io.api.tes.ser.api.KafkaSerdesTester] (Thread-714) Sending message {"key11755019202113": "value-1"} to topic topic-637caff6_8f1d_4256_bf59_9d49ccee5859
2025-08-12 17:20:03,354 INFO  [io.api.tes.ser.api.KafkaSerdesTester] (Thread-714) Sending message {"key11755019202113": "value-2"} to topic topic-637caff6_8f1d_4256_bf59_9d49ccee5859
2025-08-12 17:20:03,355 INFO  [io.api.tes.ser.api.KafkaSerdesTester] (Thread-714) Sending message {"key11755019202113": "value-3"} to topic topic-637caff6_8f1d_4256_bf59_9d49ccee5859
2025-08-12 17:20:03,356 INFO  [io.api.tes.ser.api.KafkaSerdesTester] (Thread-714) Sending message {"key11755019202113": "value-4"} to topic topic-637caff6_8f1d_4256_bf59_9d49ccee5859
2025-08-12 17:20:03,359 INFO  [io.api.tes.ser.api.KafkaSerdesTester] (Thread-714) Sending message {"key11755019202113": "value-5"} to topic topic-637caff6_8f1d_4256_bf59_9d49ccee5859
2025-08-12 17:20:03,361 INFO  [io.api.tes.ser.api.KafkaSerdesTester] (Thread-714) Sending message {"key11755019202113": "value-6"} to topic topic-637caff6_8f1d_4256_bf59_9d49ccee5859
2025-08-12 17:20:03,362 INFO  [io.api.tes.ser.api.KafkaSerdesTester] (Thread-714) Sending message {"key11755019202113": "value-7"} to topic topic-637caff6_8f1d_4256_bf59_9d49ccee5859
2025-08-12 17:20:03,364 INFO  [io.api.tes.ser.api.KafkaSerdesTester] (Thread-714) Sending message {"key11755019202113": "value-8"} to topic topic-637caff6_8f1d_4256_bf59_9d49ccee5859
2025-08-12 17:20:03,370 INFO  [io.api.tes.ser.api.KafkaSerdesTester] (Thread-714) Sending message {"key11755019202113": "value-9"} to topic topic-637caff6_8f1d_4256_bf59_9d49ccee5859
2025-08-12 17:20:03,372 INFO  [io.api.tes.ser.api.KafkaSerdesTester] (Thread-714) Produced 10 messages
2025-08-12 17:20:03,372 INFO  [org.apa.kaf.cli.pro.KafkaProducer] (Thread-714) [Producer clientId=Producer-topic-637caff6_8f1d_4256_bf59_9d49ccee5859] Closing the Kafka producer with timeoutMillis = 9223372036854775807 ms.
2025-08-12 17:20:03,375 INFO  [org.apa.kaf.com.met.Metrics] (Thread-714) Metrics scheduler closed
2025-08-12 17:20:03,375 INFO  [org.apa.kaf.com.met.Metrics] (Thread-714) Closing reporter org.apache.kafka.common.metrics.JmxReporter
2025-08-12 17:20:03,375 INFO  [org.apa.kaf.com.met.Metrics] (Thread-714) Closing reporter org.apache.kafka.common.telemetry.internals.ClientTelemetryReporter
2025-08-12 17:20:03,375 INFO  [org.apa.kaf.com.met.Metrics] (Thread-714) Metrics reporters closed
2025-08-12 17:20:03,375 INFO  [org.apa.kaf.com.uti.AppInfoParser] (Thread-714) App info kafka.producer for Producer-topic-637caff6_8f1d_4256_bf59_9d49ccee5859 unregistered
2025-08-12 17:20:03,377 INFO  [io.api.tes.ser.api.KafkaSerdesTester] (Thread-715) Sending message {"key11755019202113": "value-0"} to topic topic-70573ac9_e9ed_456d_9d5f_0ceb8f8206ad
2025-08-12 17:20:03,382 INFO  [DefaultSchemaResolver] (Thread-715) Retrieving schema content using string: {"type":"record","name":"myrecordconfluent","fields":[{"name":"key11755019202113","type":"string"}]}
2025-08-12 17:20:03,418 INFO  [io.api.tes.ser.api.KafkaSerdesTester] (Thread-715) Sending message {"key11755019202113": "value-1"} to topic topic-70573ac9_e9ed_456d_9d5f_0ceb8f8206ad
2025-08-12 17:20:03,419 INFO  [io.api.tes.ser.api.KafkaSerdesTester] (Thread-715) Sending message {"key11755019202113": "value-2"} to topic topic-70573ac9_e9ed_456d_9d5f_0ceb8f8206ad
2025-08-12 17:20:03,420 INFO  [io.api.tes.ser.api.KafkaSerdesTester] (Thread-715) Sending message {"key11755019202113": "value-3"} to topic topic-70573ac9_e9ed_456d_9d5f_0ceb8f8206ad
2025-08-12 17:20:03,422 INFO  [io.api.tes.ser.api.KafkaSerdesTester] (Thread-715) Sending message {"key11755019202113": "value-4"} to topic topic-70573ac9_e9ed_456d_9d5f_0ceb8f8206ad
2025-08-12 17:20:03,424 INFO  [io.api.tes.ser.api.KafkaSerdesTester] (Thread-715) Sending message {"key11755019202113": "value-5"} to topic topic-70573ac9_e9ed_456d_9d5f_0ceb8f8206ad
2025-08-12 17:20:03,425 INFO  [io.api.tes.ser.api.KafkaSerdesTester] (Thread-715) Sending message {"key11755019202113": "value-6"} to topic topic-70573ac9_e9ed_456d_9d5f_0ceb8f8206ad
2025-08-12 17:20:03,427 INFO  [io.api.tes.ser.api.KafkaSerdesTester] (Thread-715) Sending message {"key11755019202113": "value-7"} to topic topic-70573ac9_e9ed_456d_9d5f_0ceb8f8206ad
2025-08-12 17:20:03,429 INFO  [io.api.tes.ser.api.KafkaSerdesTester] (Thread-715) Sending message {"key11755019202113": "value-8"} to topic topic-70573ac9_e9ed_456d_9d5f_0ceb8f8206ad
2025-08-12 17:20:03,431 INFO  [io.api.tes.ser.api.KafkaSerdesTester] (Thread-715) Sending message {"key11755019202113": "value-9"} to topic topic-70573ac9_e9ed_456d_9d5f_0ceb8f8206ad
2025-08-12 17:20:03,432 INFO  [io.api.tes.ser.api.KafkaSerdesTester] (Thread-715) Produced 10 messages
2025-08-12 17:20:03,432 INFO  [org.apa.kaf.cli.pro.KafkaProducer] (Thread-715) [Producer clientId=Producer-topic-70573ac9_e9ed_456d_9d5f_0ceb8f8206ad] Closing the Kafka producer with timeoutMillis = 9223372036854775807 ms.
2025-08-12 17:20:03,434 INFO  [org.apa.kaf.com.met.Metrics] (Thread-715) Metrics scheduler closed
2025-08-12 17:20:03,434 INFO  [org.apa.kaf.com.met.Metrics] (Thread-715) Closing reporter org.apache.kafka.common.metrics.JmxReporter
2025-08-12 17:20:03,435 INFO  [org.apa.kaf.com.met.Metrics] (Thread-715) Closing reporter org.apache.kafka.common.telemetry.internals.ClientTelemetryReporter
2025-08-12 17:20:03,435 INFO  [org.apa.kaf.com.met.Metrics] (Thread-715) Metrics reporters closed
2025-08-12 17:20:03,435 INFO  [org.apa.kaf.com.uti.AppInfoParser] (Thread-715) App info kafka.producer for Producer-topic-70573ac9_e9ed_456d_9d5f_0ceb8f8206ad unregistered
2025-08-12 17:20:03,436 INFO  [org.apa.kaf.cli.con.int.ClassicKafkaConsumer] (Thread-716) [Consumer clientId=consumer-Consumer-topic-d0380338_1ce7_4046_a029_f086eea7140b-14, groupId=Consumer-topic-d0380338_1ce7_4046_a029_f086eea7140b] Subscribed to topic(s): topic-d0380338_1ce7_4046_a029_f086eea7140b
2025-08-12 17:20:03,442 INFO  [org.apa.kaf.cli.Metadata] (Thread-716) [Consumer clientId=consumer-Consumer-topic-d0380338_1ce7_4046_a029_f086eea7140b-14, groupId=Consumer-topic-d0380338_1ce7_4046_a029_f086eea7140b] Cluster ID: 4rT39ZSJSJuTKBGDmwdYMA
2025-08-12 17:20:03,443 INFO  [org.apa.kaf.cli.con.int.ConsumerCoordinator] (Thread-716) [Consumer clientId=consumer-Consumer-topic-d0380338_1ce7_4046_a029_f086eea7140b-14, groupId=Consumer-topic-d0380338_1ce7_4046_a029_f086eea7140b] Discovered group coordinator localhost:32769 (id: 2147483647 rack: null)
2025-08-12 17:20:03,446 INFO  [org.apa.kaf.cli.con.int.ConsumerCoordinator] (Thread-716) [Consumer clientId=consumer-Consumer-topic-d0380338_1ce7_4046_a029_f086eea7140b-14, groupId=Consumer-topic-d0380338_1ce7_4046_a029_f086eea7140b] (Re-)joining group
2025-08-12 17:20:03,453 INFO  [org.apa.kaf.cli.con.int.ConsumerCoordinator] (Thread-716) [Consumer clientId=consumer-Consumer-topic-d0380338_1ce7_4046_a029_f086eea7140b-14, groupId=Consumer-topic-d0380338_1ce7_4046_a029_f086eea7140b] Request joining group due to: need to re-join with the given member-id: consumer-Consumer-topic-d0380338_1ce7_4046_a029_f086eea7140b-14-21ae828c-d33f-4fa4-a67d-76f10acc12fd
2025-08-12 17:20:03,453 INFO  [org.apa.kaf.cli.con.int.ConsumerCoordinator] (Thread-716) [Consumer clientId=consumer-Consumer-topic-d0380338_1ce7_4046_a029_f086eea7140b-14, groupId=Consumer-topic-d0380338_1ce7_4046_a029_f086eea7140b] (Re-)joining group
2025-08-12 17:20:04,436 INFO  [io.api.tes.ser.api.KafkaSerdesTester] (Thread-716) None found
2025-08-12 17:20:05,436 INFO  [io.api.tes.ser.api.KafkaSerdesTester] (Thread-716) None found
2025-08-12 17:20:06,436 INFO  [io.api.tes.ser.api.KafkaSerdesTester] (Thread-716) None found
2025-08-12 17:20:06,455 INFO  [org.apa.kaf.cli.con.int.ConsumerCoordinator] (Thread-716) [Consumer clientId=consumer-Consumer-topic-d0380338_1ce7_4046_a029_f086eea7140b-14, groupId=Consumer-topic-d0380338_1ce7_4046_a029_f086eea7140b] Successfully joined group with generation Generation{generationId=1, memberId='consumer-Consumer-topic-d0380338_1ce7_4046_a029_f086eea7140b-14-21ae828c-d33f-4fa4-a67d-76f10acc12fd', protocol='range'}
2025-08-12 17:20:06,456 INFO  [org.apa.kaf.cli.con.int.ConsumerCoordinator] (Thread-716) [Consumer clientId=consumer-Consumer-topic-d0380338_1ce7_4046_a029_f086eea7140b-14, groupId=Consumer-topic-d0380338_1ce7_4046_a029_f086eea7140b] Finished assignment for group at generation 1: {consumer-Consumer-topic-d0380338_1ce7_4046_a029_f086eea7140b-14-21ae828c-d33f-4fa4-a67d-76f10acc12fd=Assignment(partitions=[topic-d0380338_1ce7_4046_a029_f086eea7140b-0])}
2025-08-12 17:20:06,462 INFO  [org.apa.kaf.cli.con.int.ConsumerCoordinator] (Thread-716) [Consumer clientId=consumer-Consumer-topic-d0380338_1ce7_4046_a029_f086eea7140b-14, groupId=Consumer-topic-d0380338_1ce7_4046_a029_f086eea7140b] Successfully synced group in generation Generation{generationId=1, memberId='consumer-Consumer-topic-d0380338_1ce7_4046_a029_f086eea7140b-14-21ae828c-d33f-4fa4-a67d-76f10acc12fd', protocol='range'}
2025-08-12 17:20:06,463 INFO  [org.apa.kaf.cli.con.int.ConsumerCoordinator] (Thread-716) [Consumer clientId=consumer-Consumer-topic-d0380338_1ce7_4046_a029_f086eea7140b-14, groupId=Consumer-topic-d0380338_1ce7_4046_a029_f086eea7140b] Notifying assignor about the new Assignment(partitions=[topic-d0380338_1ce7_4046_a029_f086eea7140b-0])
2025-08-12 17:20:06,463 INFO  [org.apa.kaf.cli.con.int.ConsumerRebalanceListenerInvoker] (Thread-716) [Consumer clientId=consumer-Consumer-topic-d0380338_1ce7_4046_a029_f086eea7140b-14, groupId=Consumer-topic-d0380338_1ce7_4046_a029_f086eea7140b] Adding newly assigned partitions: topic-d0380338_1ce7_4046_a029_f086eea7140b-0
2025-08-12 17:20:06,463 INFO  [org.apa.kaf.cli.con.int.ConsumerCoordinator] (Thread-716) [Consumer clientId=consumer-Consumer-topic-d0380338_1ce7_4046_a029_f086eea7140b-14, groupId=Consumer-topic-d0380338_1ce7_4046_a029_f086eea7140b] Found no committed offset for partition topic-d0380338_1ce7_4046_a029_f086eea7140b-0
2025-08-12 17:20:06,465 INFO  [org.apa.kaf.cli.con.int.SubscriptionState] (Thread-716) [Consumer clientId=consumer-Consumer-topic-d0380338_1ce7_4046_a029_f086eea7140b-14, groupId=Consumer-topic-d0380338_1ce7_4046_a029_f086eea7140b] Resetting offset for partition topic-d0380338_1ce7_4046_a029_f086eea7140b-0 to position FetchPosition{offset=0, offsetEpoch=Optional.empty, currentLeader=LeaderAndEpoch{leader=Optional[localhost:32769 (id: 0 rack: null)], epoch=0}}.
2025-08-12 17:20:06,504 INFO  [io.api.tes.ser.api.KafkaSerdesTester] (Thread-716) topic-d0380338_1ce7_4046_a029_f086eea7140b 0 0 {"key11755019202113": "value-0"}
2025-08-12 17:20:06,504 INFO  [io.api.tes.ser.api.KafkaSerdesTester] (Thread-716) topic-d0380338_1ce7_4046_a029_f086eea7140b 0 1 {"key11755019202113": "value-1"}
2025-08-12 17:20:06,504 INFO  [io.api.tes.ser.api.KafkaSerdesTester] (Thread-716) topic-d0380338_1ce7_4046_a029_f086eea7140b 0 2 {"key11755019202113": "value-2"}
2025-08-12 17:20:06,504 INFO  [io.api.tes.ser.api.KafkaSerdesTester] (Thread-716) topic-d0380338_1ce7_4046_a029_f086eea7140b 0 3 {"key11755019202113": "value-3"}
2025-08-12 17:20:06,505 INFO  [io.api.tes.ser.api.KafkaSerdesTester] (Thread-716) topic-d0380338_1ce7_4046_a029_f086eea7140b 0 4 {"key11755019202113": "value-4"}
2025-08-12 17:20:06,505 INFO  [io.api.tes.ser.api.KafkaSerdesTester] (Thread-716) topic-d0380338_1ce7_4046_a029_f086eea7140b 0 5 {"key11755019202113": "value-5"}
2025-08-12 17:20:06,505 INFO  [io.api.tes.ser.api.KafkaSerdesTester] (Thread-716) topic-d0380338_1ce7_4046_a029_f086eea7140b 0 6 {"key11755019202113": "value-6"}
2025-08-12 17:20:06,505 INFO  [io.api.tes.ser.api.KafkaSerdesTester] (Thread-716) topic-d0380338_1ce7_4046_a029_f086eea7140b 0 7 {"key11755019202113": "value-7"}
2025-08-12 17:20:06,505 INFO  [io.api.tes.ser.api.KafkaSerdesTester] (Thread-716) topic-d0380338_1ce7_4046_a029_f086eea7140b 0 8 {"key11755019202113": "value-8"}
2025-08-12 17:20:06,505 INFO  [io.api.tes.ser.api.KafkaSerdesTester] (Thread-716) topic-d0380338_1ce7_4046_a029_f086eea7140b 0 9 {"key11755019202113": "value-9"}
2025-08-12 17:20:06,505 INFO  [io.api.tes.ser.api.KafkaSerdesTester] (Thread-716) Consumed 10 messages
2025-08-12 17:20:06,512 INFO  [org.apa.kaf.cli.con.int.ConsumerRebalanceListenerInvoker] (Thread-716) [Consumer clientId=consumer-Consumer-topic-d0380338_1ce7_4046_a029_f086eea7140b-14, groupId=Consumer-topic-d0380338_1ce7_4046_a029_f086eea7140b] Revoke previously assigned partitions topic-d0380338_1ce7_4046_a029_f086eea7140b-0
2025-08-12 17:20:06,513 INFO  [org.apa.kaf.cli.con.int.ConsumerCoordinator] (Thread-716) [Consumer clientId=consumer-Consumer-topic-d0380338_1ce7_4046_a029_f086eea7140b-14, groupId=Consumer-topic-d0380338_1ce7_4046_a029_f086eea7140b] Member consumer-Consumer-topic-d0380338_1ce7_4046_a029_f086eea7140b-14-21ae828c-d33f-4fa4-a67d-76f10acc12fd sending LeaveGroup request to coordinator localhost:32769 (id: 2147483647 rack: null) due to the consumer is being closed
2025-08-12 17:20:06,513 INFO  [org.apa.kaf.cli.con.int.ConsumerCoordinator] (Thread-716) [Consumer clientId=consumer-Consumer-topic-d0380338_1ce7_4046_a029_f086eea7140b-14, groupId=Consumer-topic-d0380338_1ce7_4046_a029_f086eea7140b] Resetting generation and member id due to: consumer pro-actively leaving the group
2025-08-12 17:20:06,513 INFO  [org.apa.kaf.cli.con.int.ConsumerCoordinator] (Thread-716) [Consumer clientId=consumer-Consumer-topic-d0380338_1ce7_4046_a029_f086eea7140b-14, groupId=Consumer-topic-d0380338_1ce7_4046_a029_f086eea7140b] Request joining group due to: consumer pro-actively leaving the group
2025-08-12 17:20:07,006 INFO  [org.apa.kaf.com.met.Metrics] (Thread-716) Metrics scheduler closed
2025-08-12 17:20:07,006 INFO  [org.apa.kaf.com.met.Metrics] (Thread-716) Closing reporter org.apache.kafka.common.metrics.JmxReporter
2025-08-12 17:20:07,006 INFO  [org.apa.kaf.com.met.Metrics] (Thread-716) Closing reporter org.apache.kafka.common.telemetry.internals.ClientTelemetryReporter
2025-08-12 17:20:07,006 INFO  [org.apa.kaf.com.met.Metrics] (Thread-716) Metrics reporters closed
2025-08-12 17:20:07,009 INFO  [org.apa.kaf.com.uti.AppInfoParser] (Thread-716) App info kafka.consumer for consumer-Consumer-topic-d0380338_1ce7_4046_a029_f086eea7140b-14 unregistered
2025-08-12 17:20:07,010 INFO  [org.apa.kaf.cli.con.int.ClassicKafkaConsumer] (Thread-717) [Consumer clientId=consumer-Consumer-topic-637caff6_8f1d_4256_bf59_9d49ccee5859-15, groupId=Consumer-topic-637caff6_8f1d_4256_bf59_9d49ccee5859] Subscribed to topic(s): topic-637caff6_8f1d_4256_bf59_9d49ccee5859
2025-08-12 17:20:07,014 INFO  [org.apa.kaf.cli.Metadata] (Thread-717) [Consumer clientId=consumer-Consumer-topic-637caff6_8f1d_4256_bf59_9d49ccee5859-15, groupId=Consumer-topic-637caff6_8f1d_4256_bf59_9d49ccee5859] Cluster ID: 4rT39ZSJSJuTKBGDmwdYMA
2025-08-12 17:20:07,015 INFO  [org.apa.kaf.cli.con.int.ConsumerCoordinator] (Thread-717) [Consumer clientId=consumer-Consumer-topic-637caff6_8f1d_4256_bf59_9d49ccee5859-15, groupId=Consumer-topic-637caff6_8f1d_4256_bf59_9d49ccee5859] Discovered group coordinator localhost:32769 (id: 2147483647 rack: null)
2025-08-12 17:20:07,016 INFO  [org.apa.kaf.cli.con.int.ConsumerCoordinator] (Thread-717) [Consumer clientId=consumer-Consumer-topic-637caff6_8f1d_4256_bf59_9d49ccee5859-15, groupId=Consumer-topic-637caff6_8f1d_4256_bf59_9d49ccee5859] (Re-)joining group
2025-08-12 17:20:07,018 INFO  [org.apa.kaf.cli.con.int.ConsumerCoordinator] (Thread-717) [Consumer clientId=consumer-Consumer-topic-637caff6_8f1d_4256_bf59_9d49ccee5859-15, groupId=Consumer-topic-637caff6_8f1d_4256_bf59_9d49ccee5859] Request joining group due to: need to re-join with the given member-id: consumer-Consumer-topic-637caff6_8f1d_4256_bf59_9d49ccee5859-15-120f1d7d-f76e-45ad-80bc-7f35fbb6b3d9
2025-08-12 17:20:07,018 INFO  [org.apa.kaf.cli.con.int.ConsumerCoordinator] (Thread-717) [Consumer clientId=consumer-Consumer-topic-637caff6_8f1d_4256_bf59_9d49ccee5859-15, groupId=Consumer-topic-637caff6_8f1d_4256_bf59_9d49ccee5859] (Re-)joining group
2025-08-12 17:20:08,011 INFO  [io.api.tes.ser.api.KafkaSerdesTester] (Thread-717) None found
2025-08-12 17:20:09,011 INFO  [io.api.tes.ser.api.KafkaSerdesTester] (Thread-717) None found
2025-08-12 17:20:10,011 INFO  [io.api.tes.ser.api.KafkaSerdesTester] (Thread-717) None found
2025-08-12 17:20:10,020 INFO  [org.apa.kaf.cli.con.int.ConsumerCoordinator] (Thread-717) [Consumer clientId=consumer-Consumer-topic-637caff6_8f1d_4256_bf59_9d49ccee5859-15, groupId=Consumer-topic-637caff6_8f1d_4256_bf59_9d49ccee5859] Successfully joined group with generation Generation{generationId=1, memberId='consumer-Consumer-topic-637caff6_8f1d_4256_bf59_9d49ccee5859-15-120f1d7d-f76e-45ad-80bc-7f35fbb6b3d9', protocol='range'}
2025-08-12 17:20:10,021 INFO  [org.apa.kaf.cli.con.int.ConsumerCoordinator] (Thread-717) [Consumer clientId=consumer-Consumer-topic-637caff6_8f1d_4256_bf59_9d49ccee5859-15, groupId=Consumer-topic-637caff6_8f1d_4256_bf59_9d49ccee5859] Finished assignment for group at generation 1: {consumer-Consumer-topic-637caff6_8f1d_4256_bf59_9d49ccee5859-15-120f1d7d-f76e-45ad-80bc-7f35fbb6b3d9=Assignment(partitions=[topic-637caff6_8f1d_4256_bf59_9d49ccee5859-0])}
2025-08-12 17:20:10,027 INFO  [org.apa.kaf.cli.con.int.ConsumerCoordinator] (Thread-717) [Consumer clientId=consumer-Consumer-topic-637caff6_8f1d_4256_bf59_9d49ccee5859-15, groupId=Consumer-topic-637caff6_8f1d_4256_bf59_9d49ccee5859] Successfully synced group in generation Generation{generationId=1, memberId='consumer-Consumer-topic-637caff6_8f1d_4256_bf59_9d49ccee5859-15-120f1d7d-f76e-45ad-80bc-7f35fbb6b3d9', protocol='range'}
2025-08-12 17:20:10,028 INFO  [org.apa.kaf.cli.con.int.ConsumerCoordinator] (Thread-717) [Consumer clientId=consumer-Consumer-topic-637caff6_8f1d_4256_bf59_9d49ccee5859-15, groupId=Consumer-topic-637caff6_8f1d_4256_bf59_9d49ccee5859] Notifying assignor about the new Assignment(partitions=[topic-637caff6_8f1d_4256_bf59_9d49ccee5859-0])
2025-08-12 17:20:10,028 INFO  [org.apa.kaf.cli.con.int.ConsumerRebalanceListenerInvoker] (Thread-717) [Consumer clientId=consumer-Consumer-topic-637caff6_8f1d_4256_bf59_9d49ccee5859-15, groupId=Consumer-topic-637caff6_8f1d_4256_bf59_9d49ccee5859] Adding newly assigned partitions: topic-637caff6_8f1d_4256_bf59_9d49ccee5859-0
2025-08-12 17:20:10,029 INFO  [org.apa.kaf.cli.con.int.ConsumerCoordinator] (Thread-717) [Consumer clientId=consumer-Consumer-topic-637caff6_8f1d_4256_bf59_9d49ccee5859-15, groupId=Consumer-topic-637caff6_8f1d_4256_bf59_9d49ccee5859] Found no committed offset for partition topic-637caff6_8f1d_4256_bf59_9d49ccee5859-0
2025-08-12 17:20:10,032 INFO  [org.apa.kaf.cli.con.int.SubscriptionState] (Thread-717) [Consumer clientId=consumer-Consumer-topic-637caff6_8f1d_4256_bf59_9d49ccee5859-15, groupId=Consumer-topic-637caff6_8f1d_4256_bf59_9d49ccee5859] Resetting offset for partition topic-637caff6_8f1d_4256_bf59_9d49ccee5859-0 to position FetchPosition{offset=0, offsetEpoch=Optional.empty, currentLeader=LeaderAndEpoch{leader=Optional[localhost:32769 (id: 0 rack: null)], epoch=0}}.
2025-08-12 17:20:10,081 INFO  [io.api.tes.ser.api.KafkaSerdesTester] (Thread-717) topic-637caff6_8f1d_4256_bf59_9d49ccee5859 0 0 {"key11755019202113": "value-0"}
2025-08-12 17:20:10,081 INFO  [io.api.tes.ser.api.KafkaSerdesTester] (Thread-717) topic-637caff6_8f1d_4256_bf59_9d49ccee5859 0 1 {"key11755019202113": "value-1"}
2025-08-12 17:20:10,081 INFO  [io.api.tes.ser.api.KafkaSerdesTester] (Thread-717) topic-637caff6_8f1d_4256_bf59_9d49ccee5859 0 2 {"key11755019202113": "value-2"}
2025-08-12 17:20:10,081 INFO  [io.api.tes.ser.api.KafkaSerdesTester] (Thread-717) topic-637caff6_8f1d_4256_bf59_9d49ccee5859 0 3 {"key11755019202113": "value-3"}
2025-08-12 17:20:10,081 INFO  [io.api.tes.ser.api.KafkaSerdesTester] (Thread-717) topic-637caff6_8f1d_4256_bf59_9d49ccee5859 0 4 {"key11755019202113": "value-4"}
2025-08-12 17:20:10,081 INFO  [io.api.tes.ser.api.KafkaSerdesTester] (Thread-717) topic-637caff6_8f1d_4256_bf59_9d49ccee5859 0 5 {"key11755019202113": "value-5"}
2025-08-12 17:20:10,081 INFO  [io.api.tes.ser.api.KafkaSerdesTester] (Thread-717) topic-637caff6_8f1d_4256_bf59_9d49ccee5859 0 6 {"key11755019202113": "value-6"}
2025-08-12 17:20:10,081 INFO  [io.api.tes.ser.api.KafkaSerdesTester] (Thread-717) topic-637caff6_8f1d_4256_bf59_9d49ccee5859 0 7 {"key11755019202113": "value-7"}
2025-08-12 17:20:10,081 INFO  [io.api.tes.ser.api.KafkaSerdesTester] (Thread-717) topic-637caff6_8f1d_4256_bf59_9d49ccee5859 0 8 {"key11755019202113": "value-8"}
2025-08-12 17:20:10,081 INFO  [io.api.tes.ser.api.KafkaSerdesTester] (Thread-717) topic-637caff6_8f1d_4256_bf59_9d49ccee5859 0 9 {"key11755019202113": "value-9"}
2025-08-12 17:20:10,081 INFO  [io.api.tes.ser.api.KafkaSerdesTester] (Thread-717) Consumed 10 messages
2025-08-12 17:20:10,088 INFO  [org.apa.kaf.cli.con.int.ConsumerRebalanceListenerInvoker] (Thread-717) [Consumer clientId=consumer-Consumer-topic-637caff6_8f1d_4256_bf59_9d49ccee5859-15, groupId=Consumer-topic-637caff6_8f1d_4256_bf59_9d49ccee5859] Revoke previously assigned partitions topic-637caff6_8f1d_4256_bf59_9d49ccee5859-0
2025-08-12 17:20:10,088 INFO  [org.apa.kaf.cli.con.int.ConsumerCoordinator] (Thread-717) [Consumer clientId=consumer-Consumer-topic-637caff6_8f1d_4256_bf59_9d49ccee5859-15, groupId=Consumer-topic-637caff6_8f1d_4256_bf59_9d49ccee5859] Member consumer-Consumer-topic-637caff6_8f1d_4256_bf59_9d49ccee5859-15-120f1d7d-f76e-45ad-80bc-7f35fbb6b3d9 sending LeaveGroup request to coordinator localhost:32769 (id: 2147483647 rack: null) due to the consumer is being closed
2025-08-12 17:20:10,089 INFO  [org.apa.kaf.cli.con.int.ConsumerCoordinator] (Thread-717) [Consumer clientId=consumer-Consumer-topic-637caff6_8f1d_4256_bf59_9d49ccee5859-15, groupId=Consumer-topic-637caff6_8f1d_4256_bf59_9d49ccee5859] Resetting generation and member id due to: consumer pro-actively leaving the group
2025-08-12 17:20:10,089 INFO  [org.apa.kaf.cli.con.int.ConsumerCoordinator] (Thread-717) [Consumer clientId=consumer-Consumer-topic-637caff6_8f1d_4256_bf59_9d49ccee5859-15, groupId=Consumer-topic-637caff6_8f1d_4256_bf59_9d49ccee5859] Request joining group due to: consumer pro-actively leaving the group
2025-08-12 17:20:10,584 INFO  [org.apa.kaf.com.met.Metrics] (Thread-717) Metrics scheduler closed
2025-08-12 17:20:10,584 INFO  [org.apa.kaf.com.met.Metrics] (Thread-717) Closing reporter org.apache.kafka.common.metrics.JmxReporter
2025-08-12 17:20:10,584 INFO  [org.apa.kaf.com.met.Metrics] (Thread-717) Closing reporter org.apache.kafka.common.telemetry.internals.ClientTelemetryReporter
2025-08-12 17:20:10,584 INFO  [org.apa.kaf.com.met.Metrics] (Thread-717) Metrics reporters closed
2025-08-12 17:20:10,586 INFO  [org.apa.kaf.com.uti.AppInfoParser] (Thread-717) App info kafka.consumer for consumer-Consumer-topic-637caff6_8f1d_4256_bf59_9d49ccee5859-15 unregistered
2025-08-12 17:20:10,587 INFO  [org.apa.kaf.cli.con.int.ClassicKafkaConsumer] (Thread-718) [Consumer clientId=consumer-Consumer-topic-70573ac9_e9ed_456d_9d5f_0ceb8f8206ad-16, groupId=Consumer-topic-70573ac9_e9ed_456d_9d5f_0ceb8f8206ad] Subscribed to topic(s): topic-70573ac9_e9ed_456d_9d5f_0ceb8f8206ad
2025-08-12 17:20:10,594 INFO  [org.apa.kaf.cli.Metadata] (Thread-718) [Consumer clientId=consumer-Consumer-topic-70573ac9_e9ed_456d_9d5f_0ceb8f8206ad-16, groupId=Consumer-topic-70573ac9_e9ed_456d_9d5f_0ceb8f8206ad] Cluster ID: 4rT39ZSJSJuTKBGDmwdYMA
2025-08-12 17:20:10,594 INFO  [org.apa.kaf.cli.con.int.ConsumerCoordinator] (Thread-718) [Consumer clientId=consumer-Consumer-topic-70573ac9_e9ed_456d_9d5f_0ceb8f8206ad-16, groupId=Consumer-topic-70573ac9_e9ed_456d_9d5f_0ceb8f8206ad] Discovered group coordinator localhost:32769 (id: 2147483647 rack: null)
2025-08-12 17:20:10,595 INFO  [org.apa.kaf.cli.con.int.ConsumerCoordinator] (Thread-718) [Consumer clientId=consumer-Consumer-topic-70573ac9_e9ed_456d_9d5f_0ceb8f8206ad-16, groupId=Consumer-topic-70573ac9_e9ed_456d_9d5f_0ceb8f8206ad] (Re-)joining group
2025-08-12 17:20:10,598 INFO  [org.apa.kaf.cli.con.int.ConsumerCoordinator] (Thread-718) [Consumer clientId=consumer-Consumer-topic-70573ac9_e9ed_456d_9d5f_0ceb8f8206ad-16, groupId=Consumer-topic-70573ac9_e9ed_456d_9d5f_0ceb8f8206ad] Request joining group due to: need to re-join with the given member-id: consumer-Consumer-topic-70573ac9_e9ed_456d_9d5f_0ceb8f8206ad-16-9f55e372-bfdf-4a85-b9cb-f3320534a99c
2025-08-12 17:20:10,598 INFO  [org.apa.kaf.cli.con.int.ConsumerCoordinator] (Thread-718) [Consumer clientId=consumer-Consumer-topic-70573ac9_e9ed_456d_9d5f_0ceb8f8206ad-16, groupId=Consumer-topic-70573ac9_e9ed_456d_9d5f_0ceb8f8206ad] (Re-)joining group
2025-08-12 17:20:11,587 INFO  [io.api.tes.ser.api.KafkaSerdesTester] (Thread-718) None found
2025-08-12 17:20:12,587 INFO  [io.api.tes.ser.api.KafkaSerdesTester] (Thread-718) None found
2025-08-12 17:20:13,587 INFO  [io.api.tes.ser.api.KafkaSerdesTester] (Thread-718) None found
2025-08-12 17:20:13,600 INFO  [org.apa.kaf.cli.con.int.ConsumerCoordinator] (Thread-718) [Consumer clientId=consumer-Consumer-topic-70573ac9_e9ed_456d_9d5f_0ceb8f8206ad-16, groupId=Consumer-topic-70573ac9_e9ed_456d_9d5f_0ceb8f8206ad] Successfully joined group with generation Generation{generationId=1, memberId='consumer-Consumer-topic-70573ac9_e9ed_456d_9d5f_0ceb8f8206ad-16-9f55e372-bfdf-4a85-b9cb-f3320534a99c', protocol='range'}
2025-08-12 17:20:13,600 INFO  [org.apa.kaf.cli.con.int.ConsumerCoordinator] (Thread-718) [Consumer clientId=consumer-Consumer-topic-70573ac9_e9ed_456d_9d5f_0ceb8f8206ad-16, groupId=Consumer-topic-70573ac9_e9ed_456d_9d5f_0ceb8f8206ad] Finished assignment for group at generation 1: {consumer-Consumer-topic-70573ac9_e9ed_456d_9d5f_0ceb8f8206ad-16-9f55e372-bfdf-4a85-b9cb-f3320534a99c=Assignment(partitions=[topic-70573ac9_e9ed_456d_9d5f_0ceb8f8206ad-0])}
2025-08-12 17:20:13,606 INFO  [org.apa.kaf.cli.con.int.ConsumerCoordinator] (Thread-718) [Consumer clientId=consumer-Consumer-topic-70573ac9_e9ed_456d_9d5f_0ceb8f8206ad-16, groupId=Consumer-topic-70573ac9_e9ed_456d_9d5f_0ceb8f8206ad] Successfully synced group in generation Generation{generationId=1, memberId='consumer-Consumer-topic-70573ac9_e9ed_456d_9d5f_0ceb8f8206ad-16-9f55e372-bfdf-4a85-b9cb-f3320534a99c', protocol='range'}
2025-08-12 17:20:13,607 INFO  [org.apa.kaf.cli.con.int.ConsumerCoordinator] (Thread-718) [Consumer clientId=consumer-Consumer-topic-70573ac9_e9ed_456d_9d5f_0ceb8f8206ad-16, groupId=Consumer-topic-70573ac9_e9ed_456d_9d5f_0ceb8f8206ad] Notifying assignor about the new Assignment(partitions=[topic-70573ac9_e9ed_456d_9d5f_0ceb8f8206ad-0])
2025-08-12 17:20:13,607 INFO  [org.apa.kaf.cli.con.int.ConsumerRebalanceListenerInvoker] (Thread-718) [Consumer clientId=consumer-Consumer-topic-70573ac9_e9ed_456d_9d5f_0ceb8f8206ad-16, groupId=Consumer-topic-70573ac9_e9ed_456d_9d5f_0ceb8f8206ad] Adding newly assigned partitions: topic-70573ac9_e9ed_456d_9d5f_0ceb8f8206ad-0
2025-08-12 17:20:13,608 INFO  [org.apa.kaf.cli.con.int.ConsumerCoordinator] (Thread-718) [Consumer clientId=consumer-Consumer-topic-70573ac9_e9ed_456d_9d5f_0ceb8f8206ad-16, groupId=Consumer-topic-70573ac9_e9ed_456d_9d5f_0ceb8f8206ad] Found no committed offset for partition topic-70573ac9_e9ed_456d_9d5f_0ceb8f8206ad-0
2025-08-12 17:20:13,612 INFO  [org.apa.kaf.cli.con.int.SubscriptionState] (Thread-718) [Consumer clientId=consumer-Consumer-topic-70573ac9_e9ed_456d_9d5f_0ceb8f8206ad-16, groupId=Consumer-topic-70573ac9_e9ed_456d_9d5f_0ceb8f8206ad] Resetting offset for partition topic-70573ac9_e9ed_456d_9d5f_0ceb8f8206ad-0 to position FetchPosition{offset=0, offsetEpoch=Optional.empty, currentLeader=LeaderAndEpoch{leader=Optional[localhost:32769 (id: 0 rack: null)], epoch=0}}.
2025-08-12 17:20:13,654 INFO  [io.api.tes.ser.api.KafkaSerdesTester] (Thread-718) topic-70573ac9_e9ed_456d_9d5f_0ceb8f8206ad 0 0 {"key11755019202113": "value-0"}
2025-08-12 17:20:13,654 INFO  [io.api.tes.ser.api.KafkaSerdesTester] (Thread-718) topic-70573ac9_e9ed_456d_9d5f_0ceb8f8206ad 0 1 {"key11755019202113": "value-1"}
2025-08-12 17:20:13,654 INFO  [io.api.tes.ser.api.KafkaSerdesTester] (Thread-718) topic-70573ac9_e9ed_456d_9d5f_0ceb8f8206ad 0 2 {"key11755019202113": "value-2"}
2025-08-12 17:20:13,655 INFO  [io.api.tes.ser.api.KafkaSerdesTester] (Thread-718) topic-70573ac9_e9ed_456d_9d5f_0ceb8f8206ad 0 3 {"key11755019202113": "value-3"}
2025-08-12 17:20:13,655 INFO  [io.api.tes.ser.api.KafkaSerdesTester] (Thread-718) topic-70573ac9_e9ed_456d_9d5f_0ceb8f8206ad 0 4 {"key11755019202113": "value-4"}
2025-08-12 17:20:13,655 INFO  [io.api.tes.ser.api.KafkaSerdesTester] (Thread-718) topic-70573ac9_e9ed_456d_9d5f_0ceb8f8206ad 0 5 {"key11755019202113": "value-5"}
2025-08-12 17:20:13,655 INFO  [io.api.tes.ser.api.KafkaSerdesTester] (Thread-718) topic-70573ac9_e9ed_456d_9d5f_0ceb8f8206ad 0 6 {"key11755019202113": "value-6"}
2025-08-12 17:20:13,655 INFO  [io.api.tes.ser.api.KafkaSerdesTester] (Thread-718) topic-70573ac9_e9ed_456d_9d5f_0ceb8f8206ad 0 7 {"key11755019202113": "value-7"}
2025-08-12 17:20:13,655 INFO  [io.api.tes.ser.api.KafkaSerdesTester] (Thread-718) topic-70573ac9_e9ed_456d_9d5f_0ceb8f8206ad 0 8 {"key11755019202113": "value-8"}
2025-08-12 17:20:13,655 INFO  [io.api.tes.ser.api.KafkaSerdesTester] (Thread-718) topic-70573ac9_e9ed_456d_9d5f_0ceb8f8206ad 0 9 {"key11755019202113": "value-9"}
2025-08-12 17:20:13,655 INFO  [io.api.tes.ser.api.KafkaSerdesTester] (Thread-718) Consumed 10 messages
2025-08-12 17:20:13,664 INFO  [org.apa.kaf.cli.con.int.ConsumerRebalanceListenerInvoker] (Thread-718) [Consumer clientId=consumer-Consumer-topic-70573ac9_e9ed_456d_9d5f_0ceb8f8206ad-16, groupId=Consumer-topic-70573ac9_e9ed_456d_9d5f_0ceb8f8206ad] Revoke previously assigned partitions topic-70573ac9_e9ed_456d_9d5f_0ceb8f8206ad-0
2025-08-12 17:20:13,664 INFO  [org.apa.kaf.cli.con.int.ConsumerCoordinator] (Thread-718) [Consumer clientId=consumer-Consumer-topic-70573ac9_e9ed_456d_9d5f_0ceb8f8206ad-16, groupId=Consumer-topic-70573ac9_e9ed_456d_9d5f_0ceb8f8206ad] Member consumer-Consumer-topic-70573ac9_e9ed_456d_9d5f_0ceb8f8206ad-16-9f55e372-bfdf-4a85-b9cb-f3320534a99c sending LeaveGroup request to coordinator localhost:32769 (id: 2147483647 rack: null) due to the consumer is being closed
2025-08-12 17:20:13,664 INFO  [org.apa.kaf.cli.con.int.ConsumerCoordinator] (Thread-718) [Consumer clientId=consumer-Consumer-topic-70573ac9_e9ed_456d_9d5f_0ceb8f8206ad-16, groupId=Consumer-topic-70573ac9_e9ed_456d_9d5f_0ceb8f8206ad] Resetting generation and member id due to: consumer pro-actively leaving the group
2025-08-12 17:20:13,664 INFO  [org.apa.kaf.cli.con.int.ConsumerCoordinator] (Thread-718) [Consumer clientId=consumer-Consumer-topic-70573ac9_e9ed_456d_9d5f_0ceb8f8206ad-16, groupId=Consumer-topic-70573ac9_e9ed_456d_9d5f_0ceb8f8206ad] Request joining group due to: consumer pro-actively leaving the group
2025-08-12 17:20:14,156 INFO  [org.apa.kaf.com.met.Metrics] (Thread-718) Metrics scheduler closed
2025-08-12 17:20:14,156 INFO  [org.apa.kaf.com.met.Metrics] (Thread-718) Closing reporter org.apache.kafka.common.metrics.JmxReporter
2025-08-12 17:20:14,156 INFO  [org.apa.kaf.com.met.Metrics] (Thread-718) Closing reporter org.apache.kafka.common.telemetry.internals.ClientTelemetryReporter
2025-08-12 17:20:14,156 INFO  [org.apa.kaf.com.met.Metrics] (Thread-718) Metrics reporters closed
2025-08-12 17:20:14,158 INFO  [org.apa.kaf.com.uti.AppInfoParser] (Thread-718) App info kafka.consumer for consumer-Consumer-topic-70573ac9_e9ed_456d_9d5f_0ceb8f8206ad-16 unregistered
2025-08-12 17:20:14,159 INFO  [io.api.tes.uti.TestSeparator] (main) io.apicurio.tests.serdes.apicurio.AvroSerdeIT.testAvroConfluentForMultipleTopics-FINISHED
2025-08-12 17:20:14,159 INFO  [io.api.tes.uti.TestSeparator] (main) ############################################################################
Test passed: testAvroConfluentForMultipleTopics
]]></system-out>
  </testcase>
  <testcase name="testFirstRequestFailsRateLimited" classname="io.apicurio.tests.serdes.apicurio.AvroSerdeIT" time="0.994">
    <system-out><![CDATA[2025-08-12 17:20:14,160 INFO  [io.api.tes.uti.TestSeparator] (main) ############################################################################
2025-08-12 17:20:14,160 INFO  [io.api.tes.uti.TestSeparator] (main) io.apicurio.tests.serdes.apicurio.AvroSerdeIT.testFirstRequestFailsRateLimited-STARTED
2025-08-12 17:20:14,664 WARN  [org.ecl.jet.ser.AbstractConnector] (main) Acceptors should be <= availableProcessors: NetworkTrafficServerConnector@ee1493e{HTTP/1.1, (http/1.1, h2c)}{0.0.0.0:0} 
2025-08-12 17:20:14,785 INFO  [org.ecl.jet.ser.Server] (main) jetty-11.0.15; built: 2023-04-11T18:37:53.775Z; git: 5bc5e562c8d05c5862505aebe5cf83a61bdbcb96; jvm 17.0.16+8
2025-08-12 17:20:14,810 INFO  [org.ecl.jet.ser.han.ContextHandler] (main) Started o.e.j.s.ServletContextHandler@32730f12{/__admin,null,AVAILABLE}
2025-08-12 17:20:14,817 INFO  [org.ecl.jet.ser.han.Con.ROOT] (main) RequestHandlerClass from context returned com.github.tomakehurst.wiremock.http.StubRequestHandler. Normalized mapped under returned 'null'
2025-08-12 17:20:14,819 INFO  [org.ecl.jet.ser.han.ContextHandler] (main) Started o.e.j.s.ServletContextHandler@7102b480{/,null,AVAILABLE}
2025-08-12 17:20:14,827 INFO  [org.ecl.jet.ser.AbstractConnector] (main) Started NetworkTrafficServerConnector@ee1493e{HTTP/1.1, (http/1.1, h2c)}{0.0.0.0:32861}
2025-08-12 17:20:14,829 INFO  [org.ecl.jet.ser.Server] (main) Started Server@1898593{STARTING}[11.0.15,sto=1000] @107391ms
**** Registry Base URL: http://registry-app-pg17.apps.ci419.apicurio-testing.org:80
2025-08-12 17:20:14,848 INFO  [org.apa.kaf.cli.pro.ProducerConfig] (main) ProducerConfig values: 
	acks = -1
	auto.include.jmx.reporter = true
	batch.size = 16384
	bootstrap.servers = [PLAINTEXT://localhost:32769]
	buffer.memory = 33554432
	client.dns.lookup = use_all_dns_ips
	client.id = Producer-topic-6150f026_f74b_453f_8ec7_82ab00e46f28
	compression.gzip.level = -1
	compression.lz4.level = 9
	compression.type = none
	compression.zstd.level = 3
	connections.max.idle.ms = 10000
	delivery.timeout.ms = 120000
	enable.idempotence = true
	enable.metrics.push = true
	interceptor.classes = []
	key.serializer = class org.apache.kafka.common.serialization.StringSerializer
	linger.ms = 0
	max.block.ms = 60000
	max.in.flight.requests.per.connection = 5
	max.request.size = 1048576
	metadata.max.age.ms = 300000
	metadata.max.idle.ms = 300000
	metadata.recovery.strategy = none
	metric.reporters = []
	metrics.num.samples = 2
	metrics.recording.level = INFO
	metrics.sample.window.ms = 30000
	partitioner.adaptive.partitioning.enable = true
	partitioner.availability.timeout.ms = 0
	partitioner.class = null
	partitioner.ignore.keys = false
	receive.buffer.bytes = 32768
	reconnect.backoff.max.ms = 1000
	reconnect.backoff.ms = 50
	request.timeout.ms = 5000
	retries = 2147483647
	retry.backoff.max.ms = 1000
	retry.backoff.ms = 100
	sasl.client.callback.handler.class = null
	sasl.jaas.config = null
	sasl.kerberos.kinit.cmd = /usr/bin/kinit
	sasl.kerberos.min.time.before.relogin = 60000
	sasl.kerberos.service.name = null
	sasl.kerberos.ticket.renew.jitter = 0.05
	sasl.kerberos.ticket.renew.window.factor = 0.8
	sasl.login.callback.handler.class = null
	sasl.login.class = null
	sasl.login.connect.timeout.ms = null
	sasl.login.read.timeout.ms = null
	sasl.login.refresh.buffer.seconds = 300
	sasl.login.refresh.min.period.seconds = 60
	sasl.login.refresh.window.factor = 0.8
	sasl.login.refresh.window.jitter = 0.05
	sasl.login.retry.backoff.max.ms = 10000
	sasl.login.retry.backoff.ms = 100
	sasl.mechanism = GSSAPI
	sasl.oauthbearer.clock.skew.seconds = 30
	sasl.oauthbearer.expected.audience = null
	sasl.oauthbearer.expected.issuer = null
	sasl.oauthbearer.header.urlencode = false
	sasl.oauthbearer.jwks.endpoint.refresh.ms = 3600000
	sasl.oauthbearer.jwks.endpoint.retry.backoff.max.ms = 10000
	sasl.oauthbearer.jwks.endpoint.retry.backoff.ms = 100
	sasl.oauthbearer.jwks.endpoint.url = null
	sasl.oauthbearer.scope.claim.name = scope
	sasl.oauthbearer.sub.claim.name = sub
	sasl.oauthbearer.token.endpoint.url = null
	security.protocol = PLAINTEXT
	security.providers = null
	send.buffer.bytes = 131072
	socket.connection.setup.timeout.max.ms = 30000
	socket.connection.setup.timeout.ms = 10000
	ssl.cipher.suites = null
	ssl.enabled.protocols = [TLSv1.2, TLSv1.3]
	ssl.endpoint.identification.algorithm = https
	ssl.engine.factory.class = null
	ssl.key.password = null
	ssl.keymanager.algorithm = SunX509
	ssl.keystore.certificate.chain = null
	ssl.keystore.key = null
	ssl.keystore.location = null
	ssl.keystore.password = null
	ssl.keystore.type = JKS
	ssl.protocol = TLSv1.3
	ssl.provider = null
	ssl.secure.random.implementation = null
	ssl.trustmanager.algorithm = PKIX
	ssl.truststore.certificates = null
	ssl.truststore.location = null
	ssl.truststore.password = null
	ssl.truststore.type = JKS
	transaction.timeout.ms = 60000
	transactional.id = null
	value.serializer = class io.apicurio.registry.serde.avro.AvroKafkaSerializer

2025-08-12 17:20:14,849 INFO  [org.apa.kaf.com.tel.int.KafkaMetricsCollector] (main) initializing Kafka metrics collector
2025-08-12 17:20:14,861 INFO  [org.apa.kaf.cli.pro.KafkaProducer] (main) [Producer clientId=Producer-topic-6150f026_f74b_453f_8ec7_82ab00e46f28] Instantiated an idempotent producer.
2025-08-12 17:20:14,867 INFO  [org.apa.kaf.cli.pro.ProducerConfig] (main) These configurations '[apicurio.registry.url, apicurio.registry.artifact-resolver-strategy]' were supplied but are not used yet.
2025-08-12 17:20:14,867 INFO  [org.apa.kaf.com.uti.AppInfoParser] (main) Kafka version: 3.9.1
2025-08-12 17:20:14,867 INFO  [org.apa.kaf.com.uti.AppInfoParser] (main) Kafka commitId: f745dfdcee2b9851
2025-08-12 17:20:14,867 INFO  [org.apa.kaf.com.uti.AppInfoParser] (main) Kafka startTimeMs: 1755019214867
2025-08-12 17:20:14,868 INFO  [io.api.tes.ser.api.KafkaSerdesTester] (Thread-729) Sending message {"keyB": "value-0"} to topic topic-6150f026_f74b_453f_8ec7_82ab00e46f28
2025-08-12 17:20:14,873 WARN  [org.apa.kaf.cli.NetworkClient] (kafka-producer-network-thread | Producer-topic-6150f026_f74b_453f_8ec7_82ab00e46f28) [Producer clientId=Producer-topic-6150f026_f74b_453f_8ec7_82ab00e46f28] The metadata response from the cluster reported a recoverable issue with correlation id 1 : {topic-6150f026_f74b_453f_8ec7_82ab00e46f28=UNKNOWN_TOPIC_OR_PARTITION}
2025-08-12 17:20:14,873 INFO  [org.apa.kaf.cli.Metadata] (kafka-producer-network-thread | Producer-topic-6150f026_f74b_453f_8ec7_82ab00e46f28) [Producer clientId=Producer-topic-6150f026_f74b_453f_8ec7_82ab00e46f28] Cluster ID: 4rT39ZSJSJuTKBGDmwdYMA
2025-08-12 17:20:14,873 INFO  [org.apa.kaf.cli.pro.int.TransactionManager] (kafka-producer-network-thread | Producer-topic-6150f026_f74b_453f_8ec7_82ab00e46f28) [Producer clientId=Producer-topic-6150f026_f74b_453f_8ec7_82ab00e46f28] ProducerId set to 22 with epoch 0
2025-08-12 17:20:14,995 INFO  [DefaultSchemaResolver] (Thread-729) Retrieving schema content using string: {"type":"record","name":"myrecord","namespace":"mygroup","fields":[{"name":"keyB","type":"string"}]}
2025-08-12 17:20:15,141 INFO  [org.apa.kaf.cli.pro.KafkaProducer] (Thread-729) [Producer clientId=Producer-topic-6150f026_f74b_453f_8ec7_82ab00e46f28] Closing the Kafka producer with timeoutMillis = 9223372036854775807 ms.
2025-08-12 17:20:15,144 INFO  [org.apa.kaf.com.met.Metrics] (Thread-729) Metrics scheduler closed
2025-08-12 17:20:15,144 INFO  [org.apa.kaf.com.met.Metrics] (Thread-729) Closing reporter org.apache.kafka.common.metrics.JmxReporter
2025-08-12 17:20:15,144 INFO  [org.apa.kaf.com.met.Metrics] (Thread-729) Closing reporter org.apache.kafka.common.telemetry.internals.ClientTelemetryReporter
2025-08-12 17:20:15,144 INFO  [org.apa.kaf.com.met.Metrics] (Thread-729) Metrics reporters closed
2025-08-12 17:20:15,144 INFO  [org.apa.kaf.com.uti.AppInfoParser] (Thread-729) App info kafka.producer for Producer-topic-6150f026_f74b_453f_8ec7_82ab00e46f28 unregistered
2025-08-12 17:20:15,147 INFO  [org.ecl.jet.ser.Server] (main) Stopped Server@1898593{STOPPING}[11.0.15,sto=1000]
2025-08-12 17:20:15,148 INFO  [org.ecl.jet.ser.Server] (main) Shutdown Server@1898593{STOPPING}[11.0.15,sto=1000]
2025-08-12 17:20:15,151 INFO  [org.ecl.jet.ser.AbstractConnector] (main) Stopped NetworkTrafficServerConnector@ee1493e{HTTP/1.1, (http/1.1, h2c)}{0.0.0.0:0}
2025-08-12 17:20:15,152 INFO  [org.ecl.jet.ser.han.ContextHandler] (main) Stopped o.e.j.s.ServletContextHandler@7102b480{/,null,STOPPED}
2025-08-12 17:20:15,152 INFO  [org.ecl.jet.ser.han.ContextHandler] (main) Stopped o.e.j.s.ServletContextHandler@32730f12{/__admin,null,STOPPED}
2025-08-12 17:20:15,154 INFO  [io.api.tes.uti.TestSeparator] (main) io.apicurio.tests.serdes.apicurio.AvroSerdeIT.testFirstRequestFailsRateLimited-FINISHED
2025-08-12 17:20:15,154 INFO  [io.api.tes.uti.TestSeparator] (main) ############################################################################
Test passed: testFirstRequestFailsRateLimited
]]></system-out>
    <system-err><![CDATA[com.microsoft.kiota.ApiException: the server returned an unexpected status code and no error class is registered for this code 429
	at com.microsoft.kiota.ApiExceptionBuilder.withMessage(ApiExceptionBuilder.java:45)
	at io.kiota.http.vertx.VertXRequestAdapter.throwIfFailedResponse(VertXRequestAdapter.java:370)
	at io.kiota.http.vertx.VertXRequestAdapter.send(VertXRequestAdapter.java:170)
	at io.apicurio.registry.rest.client.search.versions.VersionsRequestBuilder.post(VersionsRequestBuilder.java:94)
	at io.apicurio.registry.resolver.client.RegistryClientFacadeImpl.searchVersionsByContent(RegistryClientFacadeImpl.java:106)
	at io.apicurio.registry.resolver.DefaultSchemaResolver.lambda$handleResolveSchemaByContent$3(DefaultSchemaResolver.java:258)
	at io.apicurio.registry.resolver.cache.ERCache.lambda$getValue$0(ERCache.java:174)
	at io.apicurio.registry.resolver.cache.ERCache.retry(ERCache.java:227)
	at io.apicurio.registry.resolver.cache.ERCache.getValue(ERCache.java:173)
	at io.apicurio.registry.resolver.cache.ERCache.getByContent(ERCache.java:147)
	at io.apicurio.registry.resolver.DefaultSchemaResolver.handleResolveSchemaByContent(DefaultSchemaResolver.java:253)
	at io.apicurio.registry.resolver.DefaultSchemaResolver.getSchemaFromRegistry(DefaultSchemaResolver.java:138)
	at io.apicurio.registry.resolver.DefaultSchemaResolver.lambda$resolveSchema$0(DefaultSchemaResolver.java:84)
	at java.base/java.util.Optional.orElseGet(Optional.java:364)
	at io.apicurio.registry.resolver.DefaultSchemaResolver.resolveSchema(DefaultSchemaResolver.java:84)
	at io.apicurio.registry.serde.AbstractSerializer.serializeData(AbstractSerializer.java:62)
	at io.apicurio.registry.serde.KafkaSerializer.serialize(KafkaSerializer.java:77)
	at org.apache.kafka.clients.producer.KafkaProducer.doSend(KafkaProducer.java:1046)
	at org.apache.kafka.clients.producer.KafkaProducer.send(KafkaProducer.java:993)
	at org.apache.kafka.clients.producer.KafkaProducer.send(KafkaProducer.java:875)
	at io.apicurio.tests.serdes.apicurio.KafkaSerdesTester.lambda$produceMessages$3(KafkaSerdesTester.java:138)
	at java.base/java.util.concurrent.CompletableFuture$AsyncSupply.run(CompletableFuture.java:1768)
	at java.base/java.lang.Thread.run(Thread.java:840)
]]></system-err>
  </testcase>
  <testcase name="testFirstEmptyFieldConfusedAsMagicByte" classname="io.apicurio.tests.serdes.apicurio.AvroSerdeIT" time="3.852">
    <system-out><![CDATA[2025-08-12 17:20:15,155 INFO  [io.api.tes.uti.TestSeparator] (main) ############################################################################
2025-08-12 17:20:15,155 INFO  [io.api.tes.uti.TestSeparator] (main) io.apicurio.tests.serdes.apicurio.AvroSerdeIT.testFirstEmptyFieldConfusedAsMagicByte-STARTED
**** Registry Base URL: http://registry-app-pg17.apps.ci419.apicurio-testing.org:80
2025-08-12 17:20:15,170 INFO  [org.apa.kaf.cli.pro.ProducerConfig] (main) ProducerConfig values: 
	acks = -1
	auto.include.jmx.reporter = true
	batch.size = 16384
	bootstrap.servers = [PLAINTEXT://localhost:32769]
	buffer.memory = 33554432
	client.dns.lookup = use_all_dns_ips
	client.id = Producer-topic-c377b7f5_75ca_4859_b1cb_81861acca08a
	compression.gzip.level = -1
	compression.lz4.level = 9
	compression.type = none
	compression.zstd.level = 3
	connections.max.idle.ms = 10000
	delivery.timeout.ms = 120000
	enable.idempotence = true
	enable.metrics.push = true
	interceptor.classes = []
	key.serializer = class org.apache.kafka.common.serialization.StringSerializer
	linger.ms = 0
	max.block.ms = 60000
	max.in.flight.requests.per.connection = 5
	max.request.size = 1048576
	metadata.max.age.ms = 300000
	metadata.max.idle.ms = 300000
	metadata.recovery.strategy = none
	metric.reporters = []
	metrics.num.samples = 2
	metrics.recording.level = INFO
	metrics.sample.window.ms = 30000
	partitioner.adaptive.partitioning.enable = true
	partitioner.availability.timeout.ms = 0
	partitioner.class = null
	partitioner.ignore.keys = false
	receive.buffer.bytes = 32768
	reconnect.backoff.max.ms = 1000
	reconnect.backoff.ms = 50
	request.timeout.ms = 5000
	retries = 2147483647
	retry.backoff.max.ms = 1000
	retry.backoff.ms = 100
	sasl.client.callback.handler.class = null
	sasl.jaas.config = null
	sasl.kerberos.kinit.cmd = /usr/bin/kinit
	sasl.kerberos.min.time.before.relogin = 60000
	sasl.kerberos.service.name = null
	sasl.kerberos.ticket.renew.jitter = 0.05
	sasl.kerberos.ticket.renew.window.factor = 0.8
	sasl.login.callback.handler.class = null
	sasl.login.class = null
	sasl.login.connect.timeout.ms = null
	sasl.login.read.timeout.ms = null
	sasl.login.refresh.buffer.seconds = 300
	sasl.login.refresh.min.period.seconds = 60
	sasl.login.refresh.window.factor = 0.8
	sasl.login.refresh.window.jitter = 0.05
	sasl.login.retry.backoff.max.ms = 10000
	sasl.login.retry.backoff.ms = 100
	sasl.mechanism = GSSAPI
	sasl.oauthbearer.clock.skew.seconds = 30
	sasl.oauthbearer.expected.audience = null
	sasl.oauthbearer.expected.issuer = null
	sasl.oauthbearer.header.urlencode = false
	sasl.oauthbearer.jwks.endpoint.refresh.ms = 3600000
	sasl.oauthbearer.jwks.endpoint.retry.backoff.max.ms = 10000
	sasl.oauthbearer.jwks.endpoint.retry.backoff.ms = 100
	sasl.oauthbearer.jwks.endpoint.url = null
	sasl.oauthbearer.scope.claim.name = scope
	sasl.oauthbearer.sub.claim.name = sub
	sasl.oauthbearer.token.endpoint.url = null
	security.protocol = PLAINTEXT
	security.providers = null
	send.buffer.bytes = 131072
	socket.connection.setup.timeout.max.ms = 30000
	socket.connection.setup.timeout.ms = 10000
	ssl.cipher.suites = null
	ssl.enabled.protocols = [TLSv1.2, TLSv1.3]
	ssl.endpoint.identification.algorithm = https
	ssl.engine.factory.class = null
	ssl.key.password = null
	ssl.keymanager.algorithm = SunX509
	ssl.keystore.certificate.chain = null
	ssl.keystore.key = null
	ssl.keystore.location = null
	ssl.keystore.password = null
	ssl.keystore.type = JKS
	ssl.protocol = TLSv1.3
	ssl.provider = null
	ssl.secure.random.implementation = null
	ssl.trustmanager.algorithm = PKIX
	ssl.truststore.certificates = null
	ssl.truststore.location = null
	ssl.truststore.password = null
	ssl.truststore.type = JKS
	transaction.timeout.ms = 60000
	transactional.id = null
	value.serializer = class io.apicurio.registry.serde.avro.AvroKafkaSerializer

2025-08-12 17:20:15,170 INFO  [org.apa.kaf.com.tel.int.KafkaMetricsCollector] (main) initializing Kafka metrics collector
2025-08-12 17:20:15,175 INFO  [org.apa.kaf.cli.pro.KafkaProducer] (main) [Producer clientId=Producer-topic-c377b7f5_75ca_4859_b1cb_81861acca08a] Instantiated an idempotent producer.
2025-08-12 17:20:15,177 INFO  [org.apa.kaf.cli.pro.ProducerConfig] (main) These configurations '[apicurio.registry.url, apicurio.registry.auto-register, apicurio.registry.artifact-resolver-strategy]' were supplied but are not used yet.
2025-08-12 17:20:15,177 INFO  [org.apa.kaf.com.uti.AppInfoParser] (main) Kafka version: 3.9.1
2025-08-12 17:20:15,177 INFO  [org.apa.kaf.com.uti.AppInfoParser] (main) Kafka commitId: f745dfdcee2b9851
2025-08-12 17:20:15,177 INFO  [org.apa.kaf.com.uti.AppInfoParser] (main) Kafka startTimeMs: 1755019215177
2025-08-12 17:20:15,177 INFO  [io.api.tes.ser.api.SimpleSerdesTesterBuilder$SimpleSerdesTester] (main) Using producer configuration: {apicurio.registry.url=http://registry-app-pg17.apps.ci419.apicurio-testing.org:80/apis/registry/v3, apicurio.registry.auto-register=true, apicurio.registry.artifact-resolver-strategy=io.apicurio.registry.serde.strategy.SimpleTopicIdStrategy, value.serializer=io.apicurio.registry.serde.avro.AvroKafkaSerializer, request.timeout.ms=5000, acks=all, bootstrap.servers=PLAINTEXT://localhost:32769, connections.max.idle.ms=10000, key.serializer=org.apache.kafka.common.serialization.StringSerializer, client.id=Producer-topic-c377b7f5_75ca_4859_b1cb_81861acca08a}
2025-08-12 17:20:15,177 INFO  [io.api.tes.ser.api.SimpleSerdesTesterBuilder$SimpleSerdesTester] (main) Using consumer configuration: {}
2025-08-12 17:20:15,178 INFO  [io.api.tes.ser.api.KafkaSerdesTester] (Thread-732) Sending message {"username": null} to topic topic-c377b7f5_75ca_4859_b1cb_81861acca08a
2025-08-12 17:20:15,188 WARN  [org.apa.kaf.cli.NetworkClient] (kafka-producer-network-thread | Producer-topic-c377b7f5_75ca_4859_b1cb_81861acca08a) [Producer clientId=Producer-topic-c377b7f5_75ca_4859_b1cb_81861acca08a] The metadata response from the cluster reported a recoverable issue with correlation id 1 : {topic-c377b7f5_75ca_4859_b1cb_81861acca08a=UNKNOWN_TOPIC_OR_PARTITION}
2025-08-12 17:20:15,188 INFO  [org.apa.kaf.cli.Metadata] (kafka-producer-network-thread | Producer-topic-c377b7f5_75ca_4859_b1cb_81861acca08a) [Producer clientId=Producer-topic-c377b7f5_75ca_4859_b1cb_81861acca08a] Cluster ID: 4rT39ZSJSJuTKBGDmwdYMA
2025-08-12 17:20:15,188 INFO  [org.apa.kaf.cli.pro.int.TransactionManager] (kafka-producer-network-thread | Producer-topic-c377b7f5_75ca_4859_b1cb_81861acca08a) [Producer clientId=Producer-topic-c377b7f5_75ca_4859_b1cb_81861acca08a] ProducerId set to 23 with epoch 0
2025-08-12 17:20:15,359 INFO  [io.api.tes.ser.api.KafkaSerdesTester] (Thread-732) Sending message {"username": null} to topic topic-c377b7f5_75ca_4859_b1cb_81861acca08a
2025-08-12 17:20:15,360 INFO  [io.api.tes.ser.api.KafkaSerdesTester] (Thread-732) Sending message {"username": "value-2"} to topic topic-c377b7f5_75ca_4859_b1cb_81861acca08a
2025-08-12 17:20:15,361 INFO  [io.api.tes.ser.api.KafkaSerdesTester] (Thread-732) Sending message {"username": null} to topic topic-c377b7f5_75ca_4859_b1cb_81861acca08a
2025-08-12 17:20:15,362 INFO  [io.api.tes.ser.api.KafkaSerdesTester] (Thread-732) Sending message {"username": "value-4"} to topic topic-c377b7f5_75ca_4859_b1cb_81861acca08a
2025-08-12 17:20:15,364 INFO  [io.api.tes.ser.api.KafkaSerdesTester] (Thread-732) Sending message {"username": null} to topic topic-c377b7f5_75ca_4859_b1cb_81861acca08a
2025-08-12 17:20:15,365 INFO  [io.api.tes.ser.api.KafkaSerdesTester] (Thread-732) Sending message {"username": "value-6"} to topic topic-c377b7f5_75ca_4859_b1cb_81861acca08a
2025-08-12 17:20:15,370 INFO  [io.api.tes.ser.api.KafkaSerdesTester] (Thread-732) Sending message {"username": null} to topic topic-c377b7f5_75ca_4859_b1cb_81861acca08a
2025-08-12 17:20:15,371 INFO  [io.api.tes.ser.api.KafkaSerdesTester] (Thread-732) Sending message {"username": "value-8"} to topic topic-c377b7f5_75ca_4859_b1cb_81861acca08a
2025-08-12 17:20:15,373 INFO  [io.api.tes.ser.api.KafkaSerdesTester] (Thread-732) Sending message {"username": null} to topic topic-c377b7f5_75ca_4859_b1cb_81861acca08a
2025-08-12 17:20:15,375 INFO  [io.api.tes.ser.api.KafkaSerdesTester] (Thread-732) Produced 10 messages
2025-08-12 17:20:15,375 INFO  [org.apa.kaf.cli.pro.KafkaProducer] (Thread-732) [Producer clientId=Producer-topic-c377b7f5_75ca_4859_b1cb_81861acca08a] Closing the Kafka producer with timeoutMillis = 9223372036854775807 ms.
2025-08-12 17:20:15,377 INFO  [org.apa.kaf.com.met.Metrics] (Thread-732) Metrics scheduler closed
2025-08-12 17:20:15,377 INFO  [org.apa.kaf.com.met.Metrics] (Thread-732) Closing reporter org.apache.kafka.common.metrics.JmxReporter
2025-08-12 17:20:15,377 INFO  [org.apa.kaf.com.met.Metrics] (Thread-732) Closing reporter org.apache.kafka.common.telemetry.internals.ClientTelemetryReporter
2025-08-12 17:20:15,377 INFO  [org.apa.kaf.com.met.Metrics] (Thread-732) Metrics reporters closed
2025-08-12 17:20:15,378 INFO  [org.apa.kaf.com.uti.AppInfoParser] (Thread-732) App info kafka.producer for Producer-topic-c377b7f5_75ca_4859_b1cb_81861acca08a unregistered
**** Registry Base URL: http://registry-app-pg17.apps.ci419.apicurio-testing.org:80
2025-08-12 17:20:15,416 INFO  [org.apa.kaf.cli.con.ConsumerConfig] (main) ConsumerConfig values: 
	allow.auto.create.topics = true
	auto.commit.interval.ms = 500
	auto.include.jmx.reporter = true
	auto.offset.reset = earliest
	bootstrap.servers = [PLAINTEXT://localhost:32769]
	check.crcs = true
	client.dns.lookup = use_all_dns_ips
	client.id = consumer-Consumer-topic-c377b7f5_75ca_4859_b1cb_81861acca08a-17
	client.rack = 
	connections.max.idle.ms = 10000
	default.api.timeout.ms = 60000
	enable.auto.commit = true
	enable.metrics.push = true
	exclude.internal.topics = true
	fetch.max.bytes = 52428800
	fetch.max.wait.ms = 500
	fetch.min.bytes = 1
	group.id = Consumer-topic-c377b7f5_75ca_4859_b1cb_81861acca08a
	group.instance.id = null
	group.protocol = classic
	group.remote.assignor = null
	heartbeat.interval.ms = 3000
	interceptor.classes = []
	internal.leave.group.on.close = true
	internal.throw.on.fetch.stable.offset.unsupported = false
	isolation.level = read_uncommitted
	key.deserializer = class org.apache.kafka.common.serialization.StringDeserializer
	max.partition.fetch.bytes = 1048576
	max.poll.interval.ms = 300000
	max.poll.records = 500
	metadata.max.age.ms = 300000
	metadata.recovery.strategy = none
	metric.reporters = []
	metrics.num.samples = 2
	metrics.recording.level = INFO
	metrics.sample.window.ms = 30000
	partition.assignment.strategy = [class org.apache.kafka.clients.consumer.RangeAssignor, class org.apache.kafka.clients.consumer.CooperativeStickyAssignor]
	receive.buffer.bytes = 65536
	reconnect.backoff.max.ms = 1000
	reconnect.backoff.ms = 50
	request.timeout.ms = 5000
	retry.backoff.max.ms = 1000
	retry.backoff.ms = 100
	sasl.client.callback.handler.class = null
	sasl.jaas.config = null
	sasl.kerberos.kinit.cmd = /usr/bin/kinit
	sasl.kerberos.min.time.before.relogin = 60000
	sasl.kerberos.service.name = null
	sasl.kerberos.ticket.renew.jitter = 0.05
	sasl.kerberos.ticket.renew.window.factor = 0.8
	sasl.login.callback.handler.class = null
	sasl.login.class = null
	sasl.login.connect.timeout.ms = null
	sasl.login.read.timeout.ms = null
	sasl.login.refresh.buffer.seconds = 300
	sasl.login.refresh.min.period.seconds = 60
	sasl.login.refresh.window.factor = 0.8
	sasl.login.refresh.window.jitter = 0.05
	sasl.login.retry.backoff.max.ms = 10000
	sasl.login.retry.backoff.ms = 100
	sasl.mechanism = GSSAPI
	sasl.oauthbearer.clock.skew.seconds = 30
	sasl.oauthbearer.expected.audience = null
	sasl.oauthbearer.expected.issuer = null
	sasl.oauthbearer.header.urlencode = false
	sasl.oauthbearer.jwks.endpoint.refresh.ms = 3600000
	sasl.oauthbearer.jwks.endpoint.retry.backoff.max.ms = 10000
	sasl.oauthbearer.jwks.endpoint.retry.backoff.ms = 100
	sasl.oauthbearer.jwks.endpoint.url = null
	sasl.oauthbearer.scope.claim.name = scope
	sasl.oauthbearer.sub.claim.name = sub
	sasl.oauthbearer.token.endpoint.url = null
	security.protocol = PLAINTEXT
	security.providers = null
	send.buffer.bytes = 131072
	session.timeout.ms = 45000
	socket.connection.setup.timeout.max.ms = 30000
	socket.connection.setup.timeout.ms = 10000
	ssl.cipher.suites = null
	ssl.enabled.protocols = [TLSv1.2, TLSv1.3]
	ssl.endpoint.identification.algorithm = https
	ssl.engine.factory.class = null
	ssl.key.password = null
	ssl.keymanager.algorithm = SunX509
	ssl.keystore.certificate.chain = null
	ssl.keystore.key = null
	ssl.keystore.location = null
	ssl.keystore.password = null
	ssl.keystore.type = JKS
	ssl.protocol = TLSv1.3
	ssl.provider = null
	ssl.secure.random.implementation = null
	ssl.trustmanager.algorithm = PKIX
	ssl.truststore.certificates = null
	ssl.truststore.location = null
	ssl.truststore.password = null
	ssl.truststore.type = JKS
	value.deserializer = class io.apicurio.registry.serde.avro.AvroKafkaDeserializer

2025-08-12 17:20:15,417 INFO  [org.apa.kaf.com.tel.int.KafkaMetricsCollector] (main) initializing Kafka metrics collector
2025-08-12 17:20:15,423 INFO  [org.apa.kaf.cli.con.ConsumerConfig] (main) These configurations '[apicurio.registry.url]' were supplied but are not used yet.
2025-08-12 17:20:15,423 INFO  [org.apa.kaf.com.uti.AppInfoParser] (main) Kafka version: 3.9.1
2025-08-12 17:20:15,423 INFO  [org.apa.kaf.com.uti.AppInfoParser] (main) Kafka commitId: f745dfdcee2b9851
2025-08-12 17:20:15,423 INFO  [org.apa.kaf.com.uti.AppInfoParser] (main) Kafka startTimeMs: 1755019215423
2025-08-12 17:20:15,423 INFO  [org.apa.kaf.cli.con.int.ClassicKafkaConsumer] (Thread-735) [Consumer clientId=consumer-Consumer-topic-c377b7f5_75ca_4859_b1cb_81861acca08a-17, groupId=Consumer-topic-c377b7f5_75ca_4859_b1cb_81861acca08a] Subscribed to topic(s): topic-c377b7f5_75ca_4859_b1cb_81861acca08a
2025-08-12 17:20:15,432 INFO  [org.apa.kaf.cli.Metadata] (Thread-735) [Consumer clientId=consumer-Consumer-topic-c377b7f5_75ca_4859_b1cb_81861acca08a-17, groupId=Consumer-topic-c377b7f5_75ca_4859_b1cb_81861acca08a] Cluster ID: 4rT39ZSJSJuTKBGDmwdYMA
2025-08-12 17:20:15,432 INFO  [org.apa.kaf.cli.con.int.ConsumerCoordinator] (Thread-735) [Consumer clientId=consumer-Consumer-topic-c377b7f5_75ca_4859_b1cb_81861acca08a-17, groupId=Consumer-topic-c377b7f5_75ca_4859_b1cb_81861acca08a] Discovered group coordinator localhost:32769 (id: 2147483647 rack: null)
2025-08-12 17:20:15,435 INFO  [org.apa.kaf.cli.con.int.ConsumerCoordinator] (Thread-735) [Consumer clientId=consumer-Consumer-topic-c377b7f5_75ca_4859_b1cb_81861acca08a-17, groupId=Consumer-topic-c377b7f5_75ca_4859_b1cb_81861acca08a] (Re-)joining group
2025-08-12 17:20:15,440 INFO  [org.apa.kaf.cli.con.int.ConsumerCoordinator] (Thread-735) [Consumer clientId=consumer-Consumer-topic-c377b7f5_75ca_4859_b1cb_81861acca08a-17, groupId=Consumer-topic-c377b7f5_75ca_4859_b1cb_81861acca08a] Request joining group due to: need to re-join with the given member-id: consumer-Consumer-topic-c377b7f5_75ca_4859_b1cb_81861acca08a-17-3b4d6657-5925-45b6-8ec7-584e5f623bc0
2025-08-12 17:20:15,440 INFO  [org.apa.kaf.cli.con.int.ConsumerCoordinator] (Thread-735) [Consumer clientId=consumer-Consumer-topic-c377b7f5_75ca_4859_b1cb_81861acca08a-17, groupId=Consumer-topic-c377b7f5_75ca_4859_b1cb_81861acca08a] (Re-)joining group
2025-08-12 17:20:16,424 INFO  [io.api.tes.ser.api.KafkaSerdesTester] (Thread-735) None found
2025-08-12 17:20:17,424 INFO  [io.api.tes.ser.api.KafkaSerdesTester] (Thread-735) None found
2025-08-12 17:20:18,424 INFO  [io.api.tes.ser.api.KafkaSerdesTester] (Thread-735) None found
2025-08-12 17:20:18,443 INFO  [org.apa.kaf.cli.con.int.ConsumerCoordinator] (Thread-735) [Consumer clientId=consumer-Consumer-topic-c377b7f5_75ca_4859_b1cb_81861acca08a-17, groupId=Consumer-topic-c377b7f5_75ca_4859_b1cb_81861acca08a] Successfully joined group with generation Generation{generationId=1, memberId='consumer-Consumer-topic-c377b7f5_75ca_4859_b1cb_81861acca08a-17-3b4d6657-5925-45b6-8ec7-584e5f623bc0', protocol='range'}
2025-08-12 17:20:18,443 INFO  [org.apa.kaf.cli.con.int.ConsumerCoordinator] (Thread-735) [Consumer clientId=consumer-Consumer-topic-c377b7f5_75ca_4859_b1cb_81861acca08a-17, groupId=Consumer-topic-c377b7f5_75ca_4859_b1cb_81861acca08a] Finished assignment for group at generation 1: {consumer-Consumer-topic-c377b7f5_75ca_4859_b1cb_81861acca08a-17-3b4d6657-5925-45b6-8ec7-584e5f623bc0=Assignment(partitions=[topic-c377b7f5_75ca_4859_b1cb_81861acca08a-0])}
2025-08-12 17:20:18,451 INFO  [org.apa.kaf.cli.con.int.ConsumerCoordinator] (Thread-735) [Consumer clientId=consumer-Consumer-topic-c377b7f5_75ca_4859_b1cb_81861acca08a-17, groupId=Consumer-topic-c377b7f5_75ca_4859_b1cb_81861acca08a] Successfully synced group in generation Generation{generationId=1, memberId='consumer-Consumer-topic-c377b7f5_75ca_4859_b1cb_81861acca08a-17-3b4d6657-5925-45b6-8ec7-584e5f623bc0', protocol='range'}
2025-08-12 17:20:18,451 INFO  [org.apa.kaf.cli.con.int.ConsumerCoordinator] (Thread-735) [Consumer clientId=consumer-Consumer-topic-c377b7f5_75ca_4859_b1cb_81861acca08a-17, groupId=Consumer-topic-c377b7f5_75ca_4859_b1cb_81861acca08a] Notifying assignor about the new Assignment(partitions=[topic-c377b7f5_75ca_4859_b1cb_81861acca08a-0])
2025-08-12 17:20:18,451 INFO  [org.apa.kaf.cli.con.int.ConsumerRebalanceListenerInvoker] (Thread-735) [Consumer clientId=consumer-Consumer-topic-c377b7f5_75ca_4859_b1cb_81861acca08a-17, groupId=Consumer-topic-c377b7f5_75ca_4859_b1cb_81861acca08a] Adding newly assigned partitions: topic-c377b7f5_75ca_4859_b1cb_81861acca08a-0
2025-08-12 17:20:18,452 INFO  [org.apa.kaf.cli.con.int.ConsumerCoordinator] (Thread-735) [Consumer clientId=consumer-Consumer-topic-c377b7f5_75ca_4859_b1cb_81861acca08a-17, groupId=Consumer-topic-c377b7f5_75ca_4859_b1cb_81861acca08a] Found no committed offset for partition topic-c377b7f5_75ca_4859_b1cb_81861acca08a-0
2025-08-12 17:20:18,456 INFO  [org.apa.kaf.cli.con.int.SubscriptionState] (Thread-735) [Consumer clientId=consumer-Consumer-topic-c377b7f5_75ca_4859_b1cb_81861acca08a-17, groupId=Consumer-topic-c377b7f5_75ca_4859_b1cb_81861acca08a] Resetting offset for partition topic-c377b7f5_75ca_4859_b1cb_81861acca08a-0 to position FetchPosition{offset=0, offsetEpoch=Optional.empty, currentLeader=LeaderAndEpoch{leader=Optional[localhost:32769 (id: 0 rack: null)], epoch=0}}.
2025-08-12 17:20:18,498 INFO  [io.api.tes.ser.api.KafkaSerdesTester] (Thread-735) topic-c377b7f5_75ca_4859_b1cb_81861acca08a 0 0 {"username": null}
2025-08-12 17:20:18,498 INFO  [io.api.tes.ser.api.KafkaSerdesTester] (Thread-735) topic-c377b7f5_75ca_4859_b1cb_81861acca08a 0 1 {"username": null}
2025-08-12 17:20:18,498 INFO  [io.api.tes.ser.api.KafkaSerdesTester] (Thread-735) topic-c377b7f5_75ca_4859_b1cb_81861acca08a 0 2 {"username": "value-2"}
2025-08-12 17:20:18,498 INFO  [io.api.tes.ser.api.KafkaSerdesTester] (Thread-735) topic-c377b7f5_75ca_4859_b1cb_81861acca08a 0 3 {"username": null}
2025-08-12 17:20:18,498 INFO  [io.api.tes.ser.api.KafkaSerdesTester] (Thread-735) topic-c377b7f5_75ca_4859_b1cb_81861acca08a 0 4 {"username": "value-4"}
2025-08-12 17:20:18,498 INFO  [io.api.tes.ser.api.KafkaSerdesTester] (Thread-735) topic-c377b7f5_75ca_4859_b1cb_81861acca08a 0 5 {"username": null}
2025-08-12 17:20:18,498 INFO  [io.api.tes.ser.api.KafkaSerdesTester] (Thread-735) topic-c377b7f5_75ca_4859_b1cb_81861acca08a 0 6 {"username": "value-6"}
2025-08-12 17:20:18,498 INFO  [io.api.tes.ser.api.KafkaSerdesTester] (Thread-735) topic-c377b7f5_75ca_4859_b1cb_81861acca08a 0 7 {"username": null}
2025-08-12 17:20:18,498 INFO  [io.api.tes.ser.api.KafkaSerdesTester] (Thread-735) topic-c377b7f5_75ca_4859_b1cb_81861acca08a 0 8 {"username": "value-8"}
2025-08-12 17:20:18,498 INFO  [io.api.tes.ser.api.KafkaSerdesTester] (Thread-735) topic-c377b7f5_75ca_4859_b1cb_81861acca08a 0 9 {"username": null}
2025-08-12 17:20:18,498 INFO  [io.api.tes.ser.api.KafkaSerdesTester] (Thread-735) Consumed 10 messages
2025-08-12 17:20:18,506 INFO  [org.apa.kaf.cli.con.int.ConsumerRebalanceListenerInvoker] (Thread-735) [Consumer clientId=consumer-Consumer-topic-c377b7f5_75ca_4859_b1cb_81861acca08a-17, groupId=Consumer-topic-c377b7f5_75ca_4859_b1cb_81861acca08a] Revoke previously assigned partitions topic-c377b7f5_75ca_4859_b1cb_81861acca08a-0
2025-08-12 17:20:18,506 INFO  [org.apa.kaf.cli.con.int.ConsumerCoordinator] (Thread-735) [Consumer clientId=consumer-Consumer-topic-c377b7f5_75ca_4859_b1cb_81861acca08a-17, groupId=Consumer-topic-c377b7f5_75ca_4859_b1cb_81861acca08a] Member consumer-Consumer-topic-c377b7f5_75ca_4859_b1cb_81861acca08a-17-3b4d6657-5925-45b6-8ec7-584e5f623bc0 sending LeaveGroup request to coordinator localhost:32769 (id: 2147483647 rack: null) due to the consumer is being closed
2025-08-12 17:20:18,506 INFO  [org.apa.kaf.cli.con.int.ConsumerCoordinator] (Thread-735) [Consumer clientId=consumer-Consumer-topic-c377b7f5_75ca_4859_b1cb_81861acca08a-17, groupId=Consumer-topic-c377b7f5_75ca_4859_b1cb_81861acca08a] Resetting generation and member id due to: consumer pro-actively leaving the group
2025-08-12 17:20:18,506 INFO  [org.apa.kaf.cli.con.int.ConsumerCoordinator] (Thread-735) [Consumer clientId=consumer-Consumer-topic-c377b7f5_75ca_4859_b1cb_81861acca08a-17, groupId=Consumer-topic-c377b7f5_75ca_4859_b1cb_81861acca08a] Request joining group due to: consumer pro-actively leaving the group
2025-08-12 17:20:19,002 INFO  [org.apa.kaf.com.met.Metrics] (Thread-735) Metrics scheduler closed
2025-08-12 17:20:19,002 INFO  [org.apa.kaf.com.met.Metrics] (Thread-735) Closing reporter org.apache.kafka.common.metrics.JmxReporter
2025-08-12 17:20:19,002 INFO  [org.apa.kaf.com.met.Metrics] (Thread-735) Closing reporter org.apache.kafka.common.telemetry.internals.ClientTelemetryReporter
2025-08-12 17:20:19,002 INFO  [org.apa.kaf.com.met.Metrics] (Thread-735) Metrics reporters closed
2025-08-12 17:20:19,005 INFO  [org.apa.kaf.com.uti.AppInfoParser] (Thread-735) App info kafka.consumer for consumer-Consumer-topic-c377b7f5_75ca_4859_b1cb_81861acca08a-17 unregistered
2025-08-12 17:20:19,005 INFO  [io.api.tes.uti.TestSeparator] (main) io.apicurio.tests.serdes.apicurio.AvroSerdeIT.testFirstEmptyFieldConfusedAsMagicByte-FINISHED
2025-08-12 17:20:19,005 INFO  [io.api.tes.uti.TestSeparator] (main) ############################################################################
Test passed: testFirstEmptyFieldConfusedAsMagicByte
]]></system-out>
  </testcase>
  <testcase name="testAvroSerDesFailDifferentSchemaByContent" classname="io.apicurio.tests.serdes.apicurio.AvroSerdeIT" time="1.107">
    <system-out><![CDATA[2025-08-12 17:20:19,007 INFO  [io.api.tes.uti.TestSeparator] (main) ############################################################################
2025-08-12 17:20:19,007 INFO  [io.api.tes.uti.TestSeparator] (main) io.apicurio.tests.serdes.apicurio.AvroSerdeIT.testAvroSerDesFailDifferentSchemaByContent-STARTED
**** Registry Base URL: http://registry-app-pg17.apps.ci419.apicurio-testing.org:80
2025-08-12 17:20:20,062 INFO  [org.apa.kaf.cli.pro.ProducerConfig] (main) ProducerConfig values: 
	acks = -1
	auto.include.jmx.reporter = true
	batch.size = 16384
	bootstrap.servers = [PLAINTEXT://localhost:32769]
	buffer.memory = 33554432
	client.dns.lookup = use_all_dns_ips
	client.id = Producer-topic-608ecd46_3b81_44c5_9ef3_a221404767f8
	compression.gzip.level = -1
	compression.lz4.level = 9
	compression.type = none
	compression.zstd.level = 3
	connections.max.idle.ms = 10000
	delivery.timeout.ms = 120000
	enable.idempotence = true
	enable.metrics.push = true
	interceptor.classes = []
	key.serializer = class org.apache.kafka.common.serialization.StringSerializer
	linger.ms = 0
	max.block.ms = 60000
	max.in.flight.requests.per.connection = 5
	max.request.size = 1048576
	metadata.max.age.ms = 300000
	metadata.max.idle.ms = 300000
	metadata.recovery.strategy = none
	metric.reporters = []
	metrics.num.samples = 2
	metrics.recording.level = INFO
	metrics.sample.window.ms = 30000
	partitioner.adaptive.partitioning.enable = true
	partitioner.availability.timeout.ms = 0
	partitioner.class = null
	partitioner.ignore.keys = false
	receive.buffer.bytes = 32768
	reconnect.backoff.max.ms = 1000
	reconnect.backoff.ms = 50
	request.timeout.ms = 5000
	retries = 2147483647
	retry.backoff.max.ms = 1000
	retry.backoff.ms = 100
	sasl.client.callback.handler.class = null
	sasl.jaas.config = null
	sasl.kerberos.kinit.cmd = /usr/bin/kinit
	sasl.kerberos.min.time.before.relogin = 60000
	sasl.kerberos.service.name = null
	sasl.kerberos.ticket.renew.jitter = 0.05
	sasl.kerberos.ticket.renew.window.factor = 0.8
	sasl.login.callback.handler.class = null
	sasl.login.class = null
	sasl.login.connect.timeout.ms = null
	sasl.login.read.timeout.ms = null
	sasl.login.refresh.buffer.seconds = 300
	sasl.login.refresh.min.period.seconds = 60
	sasl.login.refresh.window.factor = 0.8
	sasl.login.refresh.window.jitter = 0.05
	sasl.login.retry.backoff.max.ms = 10000
	sasl.login.retry.backoff.ms = 100
	sasl.mechanism = GSSAPI
	sasl.oauthbearer.clock.skew.seconds = 30
	sasl.oauthbearer.expected.audience = null
	sasl.oauthbearer.expected.issuer = null
	sasl.oauthbearer.header.urlencode = false
	sasl.oauthbearer.jwks.endpoint.refresh.ms = 3600000
	sasl.oauthbearer.jwks.endpoint.retry.backoff.max.ms = 10000
	sasl.oauthbearer.jwks.endpoint.retry.backoff.ms = 100
	sasl.oauthbearer.jwks.endpoint.url = null
	sasl.oauthbearer.scope.claim.name = scope
	sasl.oauthbearer.sub.claim.name = sub
	sasl.oauthbearer.token.endpoint.url = null
	security.protocol = PLAINTEXT
	security.providers = null
	send.buffer.bytes = 131072
	socket.connection.setup.timeout.max.ms = 30000
	socket.connection.setup.timeout.ms = 10000
	ssl.cipher.suites = null
	ssl.enabled.protocols = [TLSv1.2, TLSv1.3]
	ssl.endpoint.identification.algorithm = https
	ssl.engine.factory.class = null
	ssl.key.password = null
	ssl.keymanager.algorithm = SunX509
	ssl.keystore.certificate.chain = null
	ssl.keystore.key = null
	ssl.keystore.location = null
	ssl.keystore.password = null
	ssl.keystore.type = JKS
	ssl.protocol = TLSv1.3
	ssl.provider = null
	ssl.secure.random.implementation = null
	ssl.trustmanager.algorithm = PKIX
	ssl.truststore.certificates = null
	ssl.truststore.location = null
	ssl.truststore.password = null
	ssl.truststore.type = JKS
	transaction.timeout.ms = 60000
	transactional.id = null
	value.serializer = class io.apicurio.registry.serde.avro.AvroKafkaSerializer

2025-08-12 17:20:20,062 INFO  [org.apa.kaf.com.tel.int.KafkaMetricsCollector] (main) initializing Kafka metrics collector
2025-08-12 17:20:20,065 INFO  [org.apa.kaf.cli.pro.KafkaProducer] (main) [Producer clientId=Producer-topic-608ecd46_3b81_44c5_9ef3_a221404767f8] Instantiated an idempotent producer.
2025-08-12 17:20:20,068 INFO  [org.apa.kaf.cli.pro.ProducerConfig] (main) These configurations '[apicurio.registry.url, apicurio.registry.artifact-resolver-strategy]' were supplied but are not used yet.
2025-08-12 17:20:20,068 INFO  [org.apa.kaf.com.uti.AppInfoParser] (main) Kafka version: 3.9.1
2025-08-12 17:20:20,068 INFO  [org.apa.kaf.com.uti.AppInfoParser] (main) Kafka commitId: f745dfdcee2b9851
2025-08-12 17:20:20,068 INFO  [org.apa.kaf.com.uti.AppInfoParser] (main) Kafka startTimeMs: 1755019220068
2025-08-12 17:20:20,069 INFO  [io.api.tes.ser.api.KafkaSerdesTester] (Thread-738) Sending message {"keyB": "value-0"} to topic topic-608ecd46_3b81_44c5_9ef3_a221404767f8
2025-08-12 17:20:20,072 INFO  [org.apa.kaf.cli.Metadata] (kafka-producer-network-thread | Producer-topic-608ecd46_3b81_44c5_9ef3_a221404767f8) [Producer clientId=Producer-topic-608ecd46_3b81_44c5_9ef3_a221404767f8] Cluster ID: 4rT39ZSJSJuTKBGDmwdYMA
2025-08-12 17:20:20,072 INFO  [org.apa.kaf.cli.pro.int.TransactionManager] (kafka-producer-network-thread | Producer-topic-608ecd46_3b81_44c5_9ef3_a221404767f8) [Producer clientId=Producer-topic-608ecd46_3b81_44c5_9ef3_a221404767f8] ProducerId set to 24 with epoch 0
2025-08-12 17:20:20,072 INFO  [DefaultSchemaResolver] (Thread-738) Retrieving schema content using string: {"type":"record","name":"sbe75b2e5x3517x48b5x998fxfc591be71678","namespace":"s9cb4aa50xf9f8x4db3x912dx13b3cb75a01b","fields":[{"name":"keyB","type":"string"}]}
2025-08-12 17:20:20,110 INFO  [org.apa.kaf.cli.pro.KafkaProducer] (Thread-738) [Producer clientId=Producer-topic-608ecd46_3b81_44c5_9ef3_a221404767f8] Closing the Kafka producer with timeoutMillis = 9223372036854775807 ms.
2025-08-12 17:20:20,112 INFO  [org.apa.kaf.com.met.Metrics] (Thread-738) Metrics scheduler closed
2025-08-12 17:20:20,112 INFO  [org.apa.kaf.com.met.Metrics] (Thread-738) Closing reporter org.apache.kafka.common.metrics.JmxReporter
2025-08-12 17:20:20,112 INFO  [org.apa.kaf.com.met.Metrics] (Thread-738) Closing reporter org.apache.kafka.common.telemetry.internals.ClientTelemetryReporter
2025-08-12 17:20:20,112 INFO  [org.apa.kaf.com.met.Metrics] (Thread-738) Metrics reporters closed
2025-08-12 17:20:20,112 INFO  [org.apa.kaf.com.uti.AppInfoParser] (Thread-738) App info kafka.producer for Producer-topic-608ecd46_3b81_44c5_9ef3_a221404767f8 unregistered
2025-08-12 17:20:20,113 INFO  [io.api.tes.uti.TestSeparator] (main) io.apicurio.tests.serdes.apicurio.AvroSerdeIT.testAvroSerDesFailDifferentSchemaByContent-FINISHED
2025-08-12 17:20:20,113 INFO  [io.api.tes.uti.TestSeparator] (main) ############################################################################
Test passed: testAvroSerDesFailDifferentSchemaByContent
]]></system-out>
    <system-err><![CDATA[java.lang.RuntimeException: Could not resolve artifact reference by content: {"type":"record","name":"sbe75b2e5x3517x48b5x998fxfc591be71678","namespace":"s9cb4aa50xf9f8x4db3x912dx13b3cb75a01b","fields":[{"name":"keyB","type":"string"}]}&ArtifactReference [groupId=s9cb4aa50xf9f8x4db3x912dx13b3cb75a01b, artifactId=sbe75b2e5x3517x48b5x998fxfc591be71678, version=null, globalId=null, contentId=null, contentHash=null]
	at io.apicurio.registry.resolver.DefaultSchemaResolver.lambda$handleResolveSchemaByContent$3(DefaultSchemaResolver.java:265)
	at io.apicurio.registry.resolver.cache.ERCache.lambda$getValue$0(ERCache.java:174)
	at io.apicurio.registry.resolver.cache.ERCache.retry(ERCache.java:227)
	at io.apicurio.registry.resolver.cache.ERCache.getValue(ERCache.java:173)
	at io.apicurio.registry.resolver.cache.ERCache.getByContent(ERCache.java:147)
	at io.apicurio.registry.resolver.DefaultSchemaResolver.handleResolveSchemaByContent(DefaultSchemaResolver.java:253)
	at io.apicurio.registry.resolver.DefaultSchemaResolver.getSchemaFromRegistry(DefaultSchemaResolver.java:138)
	at io.apicurio.registry.resolver.DefaultSchemaResolver.lambda$resolveSchema$0(DefaultSchemaResolver.java:84)
	at java.base/java.util.Optional.orElseGet(Optional.java:364)
	at io.apicurio.registry.resolver.DefaultSchemaResolver.resolveSchema(DefaultSchemaResolver.java:84)
	at io.apicurio.registry.serde.AbstractSerializer.serializeData(AbstractSerializer.java:62)
	at io.apicurio.registry.serde.KafkaSerializer.serialize(KafkaSerializer.java:77)
	at org.apache.kafka.clients.producer.KafkaProducer.doSend(KafkaProducer.java:1046)
	at org.apache.kafka.clients.producer.KafkaProducer.send(KafkaProducer.java:993)
	at org.apache.kafka.clients.producer.KafkaProducer.send(KafkaProducer.java:875)
	at io.apicurio.tests.serdes.apicurio.KafkaSerdesTester.lambda$produceMessages$3(KafkaSerdesTester.java:138)
	at java.base/java.util.concurrent.CompletableFuture$AsyncSupply.run(CompletableFuture.java:1768)
	at java.base/java.lang.Thread.run(Thread.java:840)
]]></system-err>
  </testcase>
  <testcase name="testGlobalIdInBody" classname="io.apicurio.tests.serdes.apicurio.AvroSerdeIT" time="3.823">
    <system-out><![CDATA[2025-08-12 17:20:20,118 INFO  [io.api.tes.uti.TestSeparator] (main) ############################################################################
2025-08-12 17:20:20,118 INFO  [io.api.tes.uti.TestSeparator] (main) io.apicurio.tests.serdes.apicurio.AvroSerdeIT.testGlobalIdInBody-STARTED
**** Registry Base URL: http://registry-app-pg17.apps.ci419.apicurio-testing.org:80
2025-08-12 17:20:20,121 INFO  [org.apa.kaf.cli.pro.ProducerConfig] (main) ProducerConfig values: 
	acks = -1
	auto.include.jmx.reporter = true
	batch.size = 16384
	bootstrap.servers = [PLAINTEXT://localhost:32769]
	buffer.memory = 33554432
	client.dns.lookup = use_all_dns_ips
	client.id = Producer-topic-3e1ab5a6_ae4d_43f4_88eb_3307725dde46
	compression.gzip.level = -1
	compression.lz4.level = 9
	compression.type = none
	compression.zstd.level = 3
	connections.max.idle.ms = 10000
	delivery.timeout.ms = 120000
	enable.idempotence = true
	enable.metrics.push = true
	interceptor.classes = []
	key.serializer = class org.apache.kafka.common.serialization.StringSerializer
	linger.ms = 0
	max.block.ms = 60000
	max.in.flight.requests.per.connection = 5
	max.request.size = 1048576
	metadata.max.age.ms = 300000
	metadata.max.idle.ms = 300000
	metadata.recovery.strategy = none
	metric.reporters = []
	metrics.num.samples = 2
	metrics.recording.level = INFO
	metrics.sample.window.ms = 30000
	partitioner.adaptive.partitioning.enable = true
	partitioner.availability.timeout.ms = 0
	partitioner.class = null
	partitioner.ignore.keys = false
	receive.buffer.bytes = 32768
	reconnect.backoff.max.ms = 1000
	reconnect.backoff.ms = 50
	request.timeout.ms = 5000
	retries = 2147483647
	retry.backoff.max.ms = 1000
	retry.backoff.ms = 100
	sasl.client.callback.handler.class = null
	sasl.jaas.config = null
	sasl.kerberos.kinit.cmd = /usr/bin/kinit
	sasl.kerberos.min.time.before.relogin = 60000
	sasl.kerberos.service.name = null
	sasl.kerberos.ticket.renew.jitter = 0.05
	sasl.kerberos.ticket.renew.window.factor = 0.8
	sasl.login.callback.handler.class = null
	sasl.login.class = null
	sasl.login.connect.timeout.ms = null
	sasl.login.read.timeout.ms = null
	sasl.login.refresh.buffer.seconds = 300
	sasl.login.refresh.min.period.seconds = 60
	sasl.login.refresh.window.factor = 0.8
	sasl.login.refresh.window.jitter = 0.05
	sasl.login.retry.backoff.max.ms = 10000
	sasl.login.retry.backoff.ms = 100
	sasl.mechanism = GSSAPI
	sasl.oauthbearer.clock.skew.seconds = 30
	sasl.oauthbearer.expected.audience = null
	sasl.oauthbearer.expected.issuer = null
	sasl.oauthbearer.header.urlencode = false
	sasl.oauthbearer.jwks.endpoint.refresh.ms = 3600000
	sasl.oauthbearer.jwks.endpoint.retry.backoff.max.ms = 10000
	sasl.oauthbearer.jwks.endpoint.retry.backoff.ms = 100
	sasl.oauthbearer.jwks.endpoint.url = null
	sasl.oauthbearer.scope.claim.name = scope
	sasl.oauthbearer.sub.claim.name = sub
	sasl.oauthbearer.token.endpoint.url = null
	security.protocol = PLAINTEXT
	security.providers = null
	send.buffer.bytes = 131072
	socket.connection.setup.timeout.max.ms = 30000
	socket.connection.setup.timeout.ms = 10000
	ssl.cipher.suites = null
	ssl.enabled.protocols = [TLSv1.2, TLSv1.3]
	ssl.endpoint.identification.algorithm = https
	ssl.engine.factory.class = null
	ssl.key.password = null
	ssl.keymanager.algorithm = SunX509
	ssl.keystore.certificate.chain = null
	ssl.keystore.key = null
	ssl.keystore.location = null
	ssl.keystore.password = null
	ssl.keystore.type = JKS
	ssl.protocol = TLSv1.3
	ssl.provider = null
	ssl.secure.random.implementation = null
	ssl.trustmanager.algorithm = PKIX
	ssl.truststore.certificates = null
	ssl.truststore.location = null
	ssl.truststore.password = null
	ssl.truststore.type = JKS
	transaction.timeout.ms = 60000
	transactional.id = null
	value.serializer = class io.apicurio.registry.serde.avro.AvroKafkaSerializer

2025-08-12 17:20:20,124 INFO  [org.apa.kaf.com.tel.int.KafkaMetricsCollector] (main) initializing Kafka metrics collector
2025-08-12 17:20:20,131 INFO  [org.apa.kaf.cli.pro.KafkaProducer] (main) [Producer clientId=Producer-topic-3e1ab5a6_ae4d_43f4_88eb_3307725dde46] Instantiated an idempotent producer.
2025-08-12 17:20:20,133 INFO  [org.apa.kaf.cli.pro.ProducerConfig] (main) These configurations '[apicurio.registry.url, apicurio.registry.auto-register, apicurio.registry.use-id, apicurio.registry.artifact-resolver-strategy]' were supplied but are not used yet.
2025-08-12 17:20:20,133 INFO  [org.apa.kaf.com.uti.AppInfoParser] (main) Kafka version: 3.9.1
2025-08-12 17:20:20,133 INFO  [org.apa.kaf.com.uti.AppInfoParser] (main) Kafka commitId: f745dfdcee2b9851
2025-08-12 17:20:20,133 INFO  [org.apa.kaf.com.uti.AppInfoParser] (main) Kafka startTimeMs: 1755019220133
2025-08-12 17:20:20,133 INFO  [io.api.tes.ser.api.SimpleSerdesTesterBuilder$SimpleSerdesTester] (main) Using producer configuration: {apicurio.registry.url=http://registry-app-pg17.apps.ci419.apicurio-testing.org:80/apis/registry/v3, apicurio.registry.auto-register=true, apicurio.registry.use-id=globalId, apicurio.registry.artifact-resolver-strategy=io.apicurio.registry.serde.strategy.TopicIdStrategy, value.serializer=io.apicurio.registry.serde.avro.AvroKafkaSerializer, request.timeout.ms=5000, acks=all, bootstrap.servers=PLAINTEXT://localhost:32769, connections.max.idle.ms=10000, key.serializer=org.apache.kafka.common.serialization.StringSerializer, client.id=Producer-topic-3e1ab5a6_ae4d_43f4_88eb_3307725dde46}
2025-08-12 17:20:20,133 INFO  [io.api.tes.ser.api.SimpleSerdesTesterBuilder$SimpleSerdesTester] (main) Using consumer configuration: {apicurio.registry.use-id=globalId}
2025-08-12 17:20:20,134 INFO  [io.api.tes.ser.api.KafkaSerdesTester] (Thread-741) Sending message {"key11755019220119": "value-0"} to topic topic-3e1ab5a6_ae4d_43f4_88eb_3307725dde46
2025-08-12 17:20:20,142 WARN  [org.apa.kaf.cli.NetworkClient] (kafka-producer-network-thread | Producer-topic-3e1ab5a6_ae4d_43f4_88eb_3307725dde46) [Producer clientId=Producer-topic-3e1ab5a6_ae4d_43f4_88eb_3307725dde46] The metadata response from the cluster reported a recoverable issue with correlation id 1 : {topic-3e1ab5a6_ae4d_43f4_88eb_3307725dde46=UNKNOWN_TOPIC_OR_PARTITION}
2025-08-12 17:20:20,142 INFO  [org.apa.kaf.cli.Metadata] (kafka-producer-network-thread | Producer-topic-3e1ab5a6_ae4d_43f4_88eb_3307725dde46) [Producer clientId=Producer-topic-3e1ab5a6_ae4d_43f4_88eb_3307725dde46] Cluster ID: 4rT39ZSJSJuTKBGDmwdYMA
2025-08-12 17:20:20,142 INFO  [org.apa.kaf.cli.pro.int.TransactionManager] (kafka-producer-network-thread | Producer-topic-3e1ab5a6_ae4d_43f4_88eb_3307725dde46) [Producer clientId=Producer-topic-3e1ab5a6_ae4d_43f4_88eb_3307725dde46] ProducerId set to 25 with epoch 0
2025-08-12 17:20:20,309 INFO  [io.api.tes.ser.api.KafkaSerdesTester] (Thread-741) Sending message {"key11755019220119": "value-1"} to topic topic-3e1ab5a6_ae4d_43f4_88eb_3307725dde46
2025-08-12 17:20:20,311 INFO  [io.api.tes.ser.api.KafkaSerdesTester] (Thread-741) Sending message {"key11755019220119": "value-2"} to topic topic-3e1ab5a6_ae4d_43f4_88eb_3307725dde46
2025-08-12 17:20:20,313 INFO  [io.api.tes.ser.api.KafkaSerdesTester] (Thread-741) Sending message {"key11755019220119": "value-3"} to topic topic-3e1ab5a6_ae4d_43f4_88eb_3307725dde46
2025-08-12 17:20:20,315 INFO  [io.api.tes.ser.api.KafkaSerdesTester] (Thread-741) Sending message {"key11755019220119": "value-4"} to topic topic-3e1ab5a6_ae4d_43f4_88eb_3307725dde46
2025-08-12 17:20:20,316 INFO  [io.api.tes.ser.api.KafkaSerdesTester] (Thread-741) Sending message {"key11755019220119": "value-5"} to topic topic-3e1ab5a6_ae4d_43f4_88eb_3307725dde46
2025-08-12 17:20:20,320 INFO  [io.api.tes.ser.api.KafkaSerdesTester] (Thread-741) Sending message {"key11755019220119": "value-6"} to topic topic-3e1ab5a6_ae4d_43f4_88eb_3307725dde46
2025-08-12 17:20:20,323 INFO  [io.api.tes.ser.api.KafkaSerdesTester] (Thread-741) Sending message {"key11755019220119": "value-7"} to topic topic-3e1ab5a6_ae4d_43f4_88eb_3307725dde46
2025-08-12 17:20:20,324 INFO  [io.api.tes.ser.api.KafkaSerdesTester] (Thread-741) Sending message {"key11755019220119": "value-8"} to topic topic-3e1ab5a6_ae4d_43f4_88eb_3307725dde46
2025-08-12 17:20:20,325 INFO  [io.api.tes.ser.api.KafkaSerdesTester] (Thread-741) Sending message {"key11755019220119": "value-9"} to topic topic-3e1ab5a6_ae4d_43f4_88eb_3307725dde46
2025-08-12 17:20:20,326 INFO  [io.api.tes.ser.api.KafkaSerdesTester] (Thread-741) Produced 10 messages
2025-08-12 17:20:20,326 INFO  [org.apa.kaf.cli.pro.KafkaProducer] (Thread-741) [Producer clientId=Producer-topic-3e1ab5a6_ae4d_43f4_88eb_3307725dde46] Closing the Kafka producer with timeoutMillis = 9223372036854775807 ms.
2025-08-12 17:20:20,331 INFO  [org.apa.kaf.com.met.Metrics] (Thread-741) Metrics scheduler closed
2025-08-12 17:20:20,331 INFO  [org.apa.kaf.com.met.Metrics] (Thread-741) Closing reporter org.apache.kafka.common.metrics.JmxReporter
2025-08-12 17:20:20,331 INFO  [org.apa.kaf.com.met.Metrics] (Thread-741) Closing reporter org.apache.kafka.common.telemetry.internals.ClientTelemetryReporter
2025-08-12 17:20:20,331 INFO  [org.apa.kaf.com.met.Metrics] (Thread-741) Metrics reporters closed
2025-08-12 17:20:20,331 INFO  [org.apa.kaf.com.uti.AppInfoParser] (Thread-741) App info kafka.producer for Producer-topic-3e1ab5a6_ae4d_43f4_88eb_3307725dde46 unregistered
**** Registry Base URL: http://registry-app-pg17.apps.ci419.apicurio-testing.org:80
2025-08-12 17:20:20,362 INFO  [org.apa.kaf.cli.con.ConsumerConfig] (main) ConsumerConfig values: 
	allow.auto.create.topics = true
	auto.commit.interval.ms = 500
	auto.include.jmx.reporter = true
	auto.offset.reset = earliest
	bootstrap.servers = [PLAINTEXT://localhost:32769]
	check.crcs = true
	client.dns.lookup = use_all_dns_ips
	client.id = consumer-Consumer-topic-3e1ab5a6_ae4d_43f4_88eb_3307725dde46-18
	client.rack = 
	connections.max.idle.ms = 10000
	default.api.timeout.ms = 60000
	enable.auto.commit = true
	enable.metrics.push = true
	exclude.internal.topics = true
	fetch.max.bytes = 52428800
	fetch.max.wait.ms = 500
	fetch.min.bytes = 1
	group.id = Consumer-topic-3e1ab5a6_ae4d_43f4_88eb_3307725dde46
	group.instance.id = null
	group.protocol = classic
	group.remote.assignor = null
	heartbeat.interval.ms = 3000
	interceptor.classes = []
	internal.leave.group.on.close = true
	internal.throw.on.fetch.stable.offset.unsupported = false
	isolation.level = read_uncommitted
	key.deserializer = class org.apache.kafka.common.serialization.StringDeserializer
	max.partition.fetch.bytes = 1048576
	max.poll.interval.ms = 300000
	max.poll.records = 500
	metadata.max.age.ms = 300000
	metadata.recovery.strategy = none
	metric.reporters = []
	metrics.num.samples = 2
	metrics.recording.level = INFO
	metrics.sample.window.ms = 30000
	partition.assignment.strategy = [class org.apache.kafka.clients.consumer.RangeAssignor, class org.apache.kafka.clients.consumer.CooperativeStickyAssignor]
	receive.buffer.bytes = 65536
	reconnect.backoff.max.ms = 1000
	reconnect.backoff.ms = 50
	request.timeout.ms = 5000
	retry.backoff.max.ms = 1000
	retry.backoff.ms = 100
	sasl.client.callback.handler.class = null
	sasl.jaas.config = null
	sasl.kerberos.kinit.cmd = /usr/bin/kinit
	sasl.kerberos.min.time.before.relogin = 60000
	sasl.kerberos.service.name = null
	sasl.kerberos.ticket.renew.jitter = 0.05
	sasl.kerberos.ticket.renew.window.factor = 0.8
	sasl.login.callback.handler.class = null
	sasl.login.class = null
	sasl.login.connect.timeout.ms = null
	sasl.login.read.timeout.ms = null
	sasl.login.refresh.buffer.seconds = 300
	sasl.login.refresh.min.period.seconds = 60
	sasl.login.refresh.window.factor = 0.8
	sasl.login.refresh.window.jitter = 0.05
	sasl.login.retry.backoff.max.ms = 10000
	sasl.login.retry.backoff.ms = 100
	sasl.mechanism = GSSAPI
	sasl.oauthbearer.clock.skew.seconds = 30
	sasl.oauthbearer.expected.audience = null
	sasl.oauthbearer.expected.issuer = null
	sasl.oauthbearer.header.urlencode = false
	sasl.oauthbearer.jwks.endpoint.refresh.ms = 3600000
	sasl.oauthbearer.jwks.endpoint.retry.backoff.max.ms = 10000
	sasl.oauthbearer.jwks.endpoint.retry.backoff.ms = 100
	sasl.oauthbearer.jwks.endpoint.url = null
	sasl.oauthbearer.scope.claim.name = scope
	sasl.oauthbearer.sub.claim.name = sub
	sasl.oauthbearer.token.endpoint.url = null
	security.protocol = PLAINTEXT
	security.providers = null
	send.buffer.bytes = 131072
	session.timeout.ms = 45000
	socket.connection.setup.timeout.max.ms = 30000
	socket.connection.setup.timeout.ms = 10000
	ssl.cipher.suites = null
	ssl.enabled.protocols = [TLSv1.2, TLSv1.3]
	ssl.endpoint.identification.algorithm = https
	ssl.engine.factory.class = null
	ssl.key.password = null
	ssl.keymanager.algorithm = SunX509
	ssl.keystore.certificate.chain = null
	ssl.keystore.key = null
	ssl.keystore.location = null
	ssl.keystore.password = null
	ssl.keystore.type = JKS
	ssl.protocol = TLSv1.3
	ssl.provider = null
	ssl.secure.random.implementation = null
	ssl.trustmanager.algorithm = PKIX
	ssl.truststore.certificates = null
	ssl.truststore.location = null
	ssl.truststore.password = null
	ssl.truststore.type = JKS
	value.deserializer = class io.apicurio.registry.serde.avro.AvroKafkaDeserializer

2025-08-12 17:20:20,362 INFO  [org.apa.kaf.com.tel.int.KafkaMetricsCollector] (main) initializing Kafka metrics collector
2025-08-12 17:20:20,367 INFO  [org.apa.kaf.cli.con.ConsumerConfig] (main) These configurations '[apicurio.registry.url, apicurio.registry.use-id]' were supplied but are not used yet.
2025-08-12 17:20:20,367 INFO  [org.apa.kaf.com.uti.AppInfoParser] (main) Kafka version: 3.9.1
2025-08-12 17:20:20,367 INFO  [org.apa.kaf.com.uti.AppInfoParser] (main) Kafka commitId: f745dfdcee2b9851
2025-08-12 17:20:20,367 INFO  [org.apa.kaf.com.uti.AppInfoParser] (main) Kafka startTimeMs: 1755019220367
2025-08-12 17:20:20,368 INFO  [org.apa.kaf.cli.con.int.ClassicKafkaConsumer] (Thread-744) [Consumer clientId=consumer-Consumer-topic-3e1ab5a6_ae4d_43f4_88eb_3307725dde46-18, groupId=Consumer-topic-3e1ab5a6_ae4d_43f4_88eb_3307725dde46] Subscribed to topic(s): topic-3e1ab5a6_ae4d_43f4_88eb_3307725dde46
2025-08-12 17:20:20,372 INFO  [org.apa.kaf.cli.Metadata] (Thread-744) [Consumer clientId=consumer-Consumer-topic-3e1ab5a6_ae4d_43f4_88eb_3307725dde46-18, groupId=Consumer-topic-3e1ab5a6_ae4d_43f4_88eb_3307725dde46] Cluster ID: 4rT39ZSJSJuTKBGDmwdYMA
2025-08-12 17:20:20,374 INFO  [org.apa.kaf.cli.con.int.ConsumerCoordinator] (Thread-744) [Consumer clientId=consumer-Consumer-topic-3e1ab5a6_ae4d_43f4_88eb_3307725dde46-18, groupId=Consumer-topic-3e1ab5a6_ae4d_43f4_88eb_3307725dde46] Discovered group coordinator localhost:32769 (id: 2147483647 rack: null)
2025-08-12 17:20:20,375 INFO  [org.apa.kaf.cli.con.int.ConsumerCoordinator] (Thread-744) [Consumer clientId=consumer-Consumer-topic-3e1ab5a6_ae4d_43f4_88eb_3307725dde46-18, groupId=Consumer-topic-3e1ab5a6_ae4d_43f4_88eb_3307725dde46] (Re-)joining group
2025-08-12 17:20:20,378 INFO  [org.apa.kaf.cli.con.int.ConsumerCoordinator] (Thread-744) [Consumer clientId=consumer-Consumer-topic-3e1ab5a6_ae4d_43f4_88eb_3307725dde46-18, groupId=Consumer-topic-3e1ab5a6_ae4d_43f4_88eb_3307725dde46] Request joining group due to: need to re-join with the given member-id: consumer-Consumer-topic-3e1ab5a6_ae4d_43f4_88eb_3307725dde46-18-a04ed951-4b91-4104-b120-711d5f292fc6
2025-08-12 17:20:20,378 INFO  [org.apa.kaf.cli.con.int.ConsumerCoordinator] (Thread-744) [Consumer clientId=consumer-Consumer-topic-3e1ab5a6_ae4d_43f4_88eb_3307725dde46-18, groupId=Consumer-topic-3e1ab5a6_ae4d_43f4_88eb_3307725dde46] (Re-)joining group
2025-08-12 17:20:21,368 INFO  [io.api.tes.ser.api.KafkaSerdesTester] (Thread-744) None found
2025-08-12 17:20:22,369 INFO  [io.api.tes.ser.api.KafkaSerdesTester] (Thread-744) None found
2025-08-12 17:20:23,369 INFO  [io.api.tes.ser.api.KafkaSerdesTester] (Thread-744) None found
2025-08-12 17:20:23,380 INFO  [org.apa.kaf.cli.con.int.ConsumerCoordinator] (Thread-744) [Consumer clientId=consumer-Consumer-topic-3e1ab5a6_ae4d_43f4_88eb_3307725dde46-18, groupId=Consumer-topic-3e1ab5a6_ae4d_43f4_88eb_3307725dde46] Successfully joined group with generation Generation{generationId=1, memberId='consumer-Consumer-topic-3e1ab5a6_ae4d_43f4_88eb_3307725dde46-18-a04ed951-4b91-4104-b120-711d5f292fc6', protocol='range'}
2025-08-12 17:20:23,380 INFO  [org.apa.kaf.cli.con.int.ConsumerCoordinator] (Thread-744) [Consumer clientId=consumer-Consumer-topic-3e1ab5a6_ae4d_43f4_88eb_3307725dde46-18, groupId=Consumer-topic-3e1ab5a6_ae4d_43f4_88eb_3307725dde46] Finished assignment for group at generation 1: {consumer-Consumer-topic-3e1ab5a6_ae4d_43f4_88eb_3307725dde46-18-a04ed951-4b91-4104-b120-711d5f292fc6=Assignment(partitions=[topic-3e1ab5a6_ae4d_43f4_88eb_3307725dde46-0])}
2025-08-12 17:20:23,387 INFO  [org.apa.kaf.cli.con.int.ConsumerCoordinator] (Thread-744) [Consumer clientId=consumer-Consumer-topic-3e1ab5a6_ae4d_43f4_88eb_3307725dde46-18, groupId=Consumer-topic-3e1ab5a6_ae4d_43f4_88eb_3307725dde46] Successfully synced group in generation Generation{generationId=1, memberId='consumer-Consumer-topic-3e1ab5a6_ae4d_43f4_88eb_3307725dde46-18-a04ed951-4b91-4104-b120-711d5f292fc6', protocol='range'}
2025-08-12 17:20:23,387 INFO  [org.apa.kaf.cli.con.int.ConsumerCoordinator] (Thread-744) [Consumer clientId=consumer-Consumer-topic-3e1ab5a6_ae4d_43f4_88eb_3307725dde46-18, groupId=Consumer-topic-3e1ab5a6_ae4d_43f4_88eb_3307725dde46] Notifying assignor about the new Assignment(partitions=[topic-3e1ab5a6_ae4d_43f4_88eb_3307725dde46-0])
2025-08-12 17:20:23,387 INFO  [org.apa.kaf.cli.con.int.ConsumerRebalanceListenerInvoker] (Thread-744) [Consumer clientId=consumer-Consumer-topic-3e1ab5a6_ae4d_43f4_88eb_3307725dde46-18, groupId=Consumer-topic-3e1ab5a6_ae4d_43f4_88eb_3307725dde46] Adding newly assigned partitions: topic-3e1ab5a6_ae4d_43f4_88eb_3307725dde46-0
2025-08-12 17:20:23,388 INFO  [org.apa.kaf.cli.con.int.ConsumerCoordinator] (Thread-744) [Consumer clientId=consumer-Consumer-topic-3e1ab5a6_ae4d_43f4_88eb_3307725dde46-18, groupId=Consumer-topic-3e1ab5a6_ae4d_43f4_88eb_3307725dde46] Found no committed offset for partition topic-3e1ab5a6_ae4d_43f4_88eb_3307725dde46-0
2025-08-12 17:20:23,390 INFO  [org.apa.kaf.cli.con.int.SubscriptionState] (Thread-744) [Consumer clientId=consumer-Consumer-topic-3e1ab5a6_ae4d_43f4_88eb_3307725dde46-18, groupId=Consumer-topic-3e1ab5a6_ae4d_43f4_88eb_3307725dde46] Resetting offset for partition topic-3e1ab5a6_ae4d_43f4_88eb_3307725dde46-0 to position FetchPosition{offset=0, offsetEpoch=Optional.empty, currentLeader=LeaderAndEpoch{leader=Optional[localhost:32769 (id: 0 rack: null)], epoch=0}}.
2025-08-12 17:20:23,433 INFO  [io.api.tes.ser.api.KafkaSerdesTester] (Thread-744) topic-3e1ab5a6_ae4d_43f4_88eb_3307725dde46 0 0 {"key11755019220119": "value-0"}
2025-08-12 17:20:23,433 INFO  [io.api.tes.ser.api.KafkaSerdesTester] (Thread-744) topic-3e1ab5a6_ae4d_43f4_88eb_3307725dde46 0 1 {"key11755019220119": "value-1"}
2025-08-12 17:20:23,433 INFO  [io.api.tes.ser.api.KafkaSerdesTester] (Thread-744) topic-3e1ab5a6_ae4d_43f4_88eb_3307725dde46 0 2 {"key11755019220119": "value-2"}
2025-08-12 17:20:23,433 INFO  [io.api.tes.ser.api.KafkaSerdesTester] (Thread-744) topic-3e1ab5a6_ae4d_43f4_88eb_3307725dde46 0 3 {"key11755019220119": "value-3"}
2025-08-12 17:20:23,433 INFO  [io.api.tes.ser.api.KafkaSerdesTester] (Thread-744) topic-3e1ab5a6_ae4d_43f4_88eb_3307725dde46 0 4 {"key11755019220119": "value-4"}
2025-08-12 17:20:23,433 INFO  [io.api.tes.ser.api.KafkaSerdesTester] (Thread-744) topic-3e1ab5a6_ae4d_43f4_88eb_3307725dde46 0 5 {"key11755019220119": "value-5"}
2025-08-12 17:20:23,433 INFO  [io.api.tes.ser.api.KafkaSerdesTester] (Thread-744) topic-3e1ab5a6_ae4d_43f4_88eb_3307725dde46 0 6 {"key11755019220119": "value-6"}
2025-08-12 17:20:23,433 INFO  [io.api.tes.ser.api.KafkaSerdesTester] (Thread-744) topic-3e1ab5a6_ae4d_43f4_88eb_3307725dde46 0 7 {"key11755019220119": "value-7"}
2025-08-12 17:20:23,433 INFO  [io.api.tes.ser.api.KafkaSerdesTester] (Thread-744) topic-3e1ab5a6_ae4d_43f4_88eb_3307725dde46 0 8 {"key11755019220119": "value-8"}
2025-08-12 17:20:23,433 INFO  [io.api.tes.ser.api.KafkaSerdesTester] (Thread-744) topic-3e1ab5a6_ae4d_43f4_88eb_3307725dde46 0 9 {"key11755019220119": "value-9"}
2025-08-12 17:20:23,433 INFO  [io.api.tes.ser.api.KafkaSerdesTester] (Thread-744) Consumed 10 messages
2025-08-12 17:20:23,439 INFO  [org.apa.kaf.cli.con.int.ConsumerRebalanceListenerInvoker] (Thread-744) [Consumer clientId=consumer-Consumer-topic-3e1ab5a6_ae4d_43f4_88eb_3307725dde46-18, groupId=Consumer-topic-3e1ab5a6_ae4d_43f4_88eb_3307725dde46] Revoke previously assigned partitions topic-3e1ab5a6_ae4d_43f4_88eb_3307725dde46-0
2025-08-12 17:20:23,439 INFO  [org.apa.kaf.cli.con.int.ConsumerCoordinator] (Thread-744) [Consumer clientId=consumer-Consumer-topic-3e1ab5a6_ae4d_43f4_88eb_3307725dde46-18, groupId=Consumer-topic-3e1ab5a6_ae4d_43f4_88eb_3307725dde46] Member consumer-Consumer-topic-3e1ab5a6_ae4d_43f4_88eb_3307725dde46-18-a04ed951-4b91-4104-b120-711d5f292fc6 sending LeaveGroup request to coordinator localhost:32769 (id: 2147483647 rack: null) due to the consumer is being closed
2025-08-12 17:20:23,440 INFO  [org.apa.kaf.cli.con.int.ConsumerCoordinator] (Thread-744) [Consumer clientId=consumer-Consumer-topic-3e1ab5a6_ae4d_43f4_88eb_3307725dde46-18, groupId=Consumer-topic-3e1ab5a6_ae4d_43f4_88eb_3307725dde46] Resetting generation and member id due to: consumer pro-actively leaving the group
2025-08-12 17:20:23,440 INFO  [org.apa.kaf.cli.con.int.ConsumerCoordinator] (Thread-744) [Consumer clientId=consumer-Consumer-topic-3e1ab5a6_ae4d_43f4_88eb_3307725dde46-18, groupId=Consumer-topic-3e1ab5a6_ae4d_43f4_88eb_3307725dde46] Request joining group due to: consumer pro-actively leaving the group
2025-08-12 17:20:23,935 INFO  [org.apa.kaf.com.met.Metrics] (Thread-744) Metrics scheduler closed
2025-08-12 17:20:23,935 INFO  [org.apa.kaf.com.met.Metrics] (Thread-744) Closing reporter org.apache.kafka.common.metrics.JmxReporter
2025-08-12 17:20:23,935 INFO  [org.apa.kaf.com.met.Metrics] (Thread-744) Closing reporter org.apache.kafka.common.telemetry.internals.ClientTelemetryReporter
2025-08-12 17:20:23,935 INFO  [org.apa.kaf.com.met.Metrics] (Thread-744) Metrics reporters closed
2025-08-12 17:20:23,937 INFO  [org.apa.kaf.com.uti.AppInfoParser] (Thread-744) App info kafka.consumer for consumer-Consumer-topic-3e1ab5a6_ae4d_43f4_88eb_3307725dde46-18 unregistered
2025-08-12 17:20:23,938 INFO  [io.api.tes.uti.TestSeparator] (main) io.apicurio.tests.serdes.apicurio.AvroSerdeIT.testGlobalIdInBody-FINISHED
2025-08-12 17:20:23,938 INFO  [io.api.tes.uti.TestSeparator] (main) ############################################################################
Test passed: testGlobalIdInBody
]]></system-out>
  </testcase>
  <testcase name="testProducerUsesGlobalIdConsumerUsesDefault" classname="io.apicurio.tests.serdes.apicurio.AvroSerdeIT" time="0.0">
    <skipped message="void io.apicurio.tests.serdes.apicurio.AvroSerdeIT.testProducerUsesGlobalIdConsumerUsesDefault() throws java.lang.Exception is @Disabled"/>
  </testcase>
</testsuite>