<?xml version="1.0" encoding="UTF-8"?>
<testsuite xmlns:xsi="http://www.w3.org/2001/XMLSchema-instance" xsi:noNamespaceSchemaLocation="https://maven.apache.org/surefire/maven-failsafe-plugin/xsd/failsafe-test-report.xsd" version="3.0.2" name="io.apicurio.tests.serdes.apicurio.AvroSerdeIT" time="109.329" tests="21" errors="0" skipped="2" failures="0">
  <properties>
    <property name="java.specification.version" value="17"/>
    <property name="sun.jnu.encoding" value="UTF-8"/>
    <property name="java.class.path" value="/home/runner/work/apicurio-testing/apicurio-testing/clusters/ci419/namespaces/ksql043/tests/integration/apicurio-registry/integration-tests/target/test-classes:/home/runner/work/apicurio-testing/apicurio-testing/clusters/ci419/namespaces/ksql043/tests/integration/apicurio-registry/integration-tests/target/apicurio-registry-integration-tests-3.0.12-SNAPSHOT.jar:/home/runner/.m2/repository/io/quarkus/quarkus-junit5/3.20.2/quarkus-junit5-3.20.2.jar:/home/runner/.m2/repository/io/quarkus/quarkus-bootstrap-core/3.20.2/quarkus-bootstrap-core-3.20.2.jar:/home/runner/.m2/repository/io/quarkus/quarkus-classloader-commons/3.20.2/quarkus-classloader-commons-3.20.2.jar:/home/runner/.m2/repository/io/quarkus/quarkus-bootstrap-app-model/3.20.2/quarkus-bootstrap-app-model-3.20.2.jar:/home/runner/.m2/repository/io/smallrye/common/smallrye-common-io/2.12.0/smallrye-common-io-2.12.0.jar:/home/runner/.m2/repository/org/eclipse/sisu/org.eclipse.sisu.inject/0.9.0.M3/org.eclipse.sisu.inject-0.9.0.M3.jar:/home/runner/.m2/repository/io/quarkus/quarkus-test-common/3.20.2/quarkus-test-common-3.20.2.jar:/home/runner/.m2/repository/io/quarkus/quarkus-core-deployment/3.20.2/quarkus-core-deployment-3.20.2.jar:/home/runner/.m2/repository/org/aesh/readline/2.6/readline-2.6.jar:/home/runner/.m2/repository/org/fusesource/jansi/jansi/2.4.0/jansi-2.4.0.jar:/home/runner/.m2/repository/org/aesh/aesh/2.8.2/aesh-2.8.2.jar:/home/runner/.m2/repository/io/quarkus/gizmo/gizmo/1.8.0/gizmo-1.8.0.jar:/home/runner/.m2/repository/org/ow2/asm/asm-util/9.7.1/asm-util-9.7.1.jar:/home/runner/.m2/repository/org/ow2/asm/asm-analysis/9.7.1/asm-analysis-9.7.1.jar:/home/runner/.m2/repository/org/ow2/asm/asm-commons/9.7.1/asm-commons-9.7.1.jar:/home/runner/.m2/repository/org/ow2/asm/asm-tree/9.7.1/asm-tree-9.7.1.jar:/home/runner/.m2/repository/io/quarkus/quarkus-hibernate-validator-spi/3.20.2/quarkus-hibernate-validator-spi-3.20.2.jar:/home/runner/.m2/repository/io/quarkus/quarkus-class-change-agent/3.20.2/quarkus-class-change-agent-3.20.2.jar:/home/runner/.m2/repository/io/quarkus/quarkus-devtools-utilities/3.20.2/quarkus-devtools-utilities-3.20.2.jar:/home/runner/.m2/repository/io/quarkus/quarkus-builder/3.20.2/quarkus-builder-3.20.2.jar:/home/runner/.m2/repository/org/graalvm/sdk/nativeimage/23.1.2/nativeimage-23.1.2.jar:/home/runner/.m2/repository/org/graalvm/sdk/word/23.1.2/word-23.1.2.jar:/home/runner/.m2/repository/io/quarkus/quarkus-bootstrap-maven-resolver/3.20.2/quarkus-bootstrap-maven-resolver-3.20.2.jar:/home/runner/.m2/repository/io/smallrye/beanbag/smallrye-beanbag-maven/1.5.2/smallrye-beanbag-maven-1.5.2.jar:/home/runner/.m2/repository/io/smallrye/beanbag/smallrye-beanbag-sisu/1.5.2/smallrye-beanbag-sisu-1.5.2.jar:/home/runner/.m2/repository/io/smallrye/beanbag/smallrye-beanbag/1.5.2/smallrye-beanbag-1.5.2.jar:/home/runner/.m2/repository/javax/inject/javax.inject/1/javax.inject-1.jar:/home/runner/.m2/repository/org/apache/maven/maven-artifact/3.9.9/maven-artifact-3.9.9.jar:/home/runner/.m2/repository/org/apache/maven/maven-builder-support/3.9.9/maven-builder-support-3.9.9.jar:/home/runner/.m2/repository/org/apache/maven/maven-model/3.9.9/maven-model-3.9.9.jar:/home/runner/.m2/repository/org/apache/maven/maven-model-builder/3.9.9/maven-model-builder-3.9.9.jar:/home/runner/.m2/repository/org/apache/maven/maven-repository-metadata/3.9.9/maven-repository-metadata-3.9.9.jar:/home/runner/.m2/repository/org/apache/maven/maven-settings/3.9.9/maven-settings-3.9.9.jar:/home/runner/.m2/repository/org/apache/maven/resolver/maven-resolver-api/1.9.22/maven-resolver-api-1.9.22.jar:/home/runner/.m2/repository/org/apache/maven/resolver/maven-resolver-impl/1.9.22/maven-resolver-impl-1.9.22.jar:/home/runner/.m2/repository/org/apache/maven/resolver/maven-resolver-named-locks/1.9.22/maven-resolver-named-locks-1.9.22.jar:/home/runner/.m2/repository/org/apache/maven/resolver/maven-resolver-spi/1.9.22/maven-resolver-spi-1.9.22.jar:/home/runner/.m2/repository/org/apache/maven/resolver/maven-resolver-util/1.9.22/maven-resolver-util-1.9.22.jar:/home/runner/.m2/repository/org/apache/maven/resolver/maven-resolver-transport-http/1.9.20/maven-resolver-transport-http-1.9.20.jar:/home/runner/.m2/repository/org/apache/maven/wagon/wagon-provider-api/3.5.3/wagon-provider-api-3.5.3.jar:/home/runner/.m2/repository/org/apache/maven/wagon/wagon-http-shared/3.5.3/wagon-http-shared-3.5.3.jar:/home/runner/.m2/repository/org/codehaus/plexus/plexus-interpolation/1.26/plexus-interpolation-1.26.jar:/home/runner/.m2/repository/org/codehaus/plexus/plexus-utils/3.5.1/plexus-utils-3.5.1.jar:/home/runner/.m2/repository/org/codehaus/plexus/plexus-xml/4.0.1/plexus-xml-4.0.1.jar:/home/runner/.m2/repository/org/apache/maven/maven-xml-impl/4.0.0-alpha-5/maven-xml-impl-4.0.0-alpha-5.jar:/home/runner/.m2/repository/org/apache/maven/maven-api-xml/4.0.0-alpha-5/maven-api-xml-4.0.0-alpha-5.jar:/home/runner/.m2/repository/org/apache/maven/maven-api-meta/4.0.0-alpha-5/maven-api-meta-4.0.0-alpha-5.jar:/home/runner/.m2/repository/org/codehaus/plexus/plexus-cipher/2.0/plexus-cipher-2.0.jar:/home/runner/.m2/repository/org/codehaus/plexus/plexus-sec-dispatcher/2.0/plexus-sec-dispatcher-2.0.jar:/home/runner/.m2/repository/org/apache/maven/maven-embedder/3.9.9/maven-embedder-3.9.9.jar:/home/runner/.m2/repository/org/apache/maven/maven-core/3.9.9/maven-core-3.9.9.jar:/home/runner/.m2/repository/org/codehaus/plexus/plexus-component-annotations/2.1.0/plexus-component-annotations-2.1.0.jar:/home/runner/.m2/repository/org/apache/maven/maven-plugin-api/3.9.9/maven-plugin-api-3.9.9.jar:/home/runner/.m2/repository/org/apache/maven/shared/maven-shared-utils/3.4.2/maven-shared-utils-3.4.2.jar:/home/runner/.m2/repository/com/google/inject/guice/5.1.0/guice-5.1.0.jar:/home/runner/.m2/repository/aopalliance/aopalliance/1.0/aopalliance-1.0.jar:/home/runner/.m2/repository/org/codehaus/plexus/plexus-classworlds/2.6.0/plexus-classworlds-2.6.0.jar:/home/runner/.m2/repository/commons-cli/commons-cli/1.8.0/commons-cli-1.8.0.jar:/home/runner/.m2/repository/org/eclipse/sisu/org.eclipse.sisu.plexus/0.9.0.M3/org.eclipse.sisu.plexus-0.9.0.M3.jar:/home/runner/.m2/repository/org/apache/maven/maven-settings-builder/3.9.9/maven-settings-builder-3.9.9.jar:/home/runner/.m2/repository/org/apache/maven/maven-resolver-provider/3.9.9/maven-resolver-provider-3.9.9.jar:/home/runner/.m2/repository/org/apache/maven/resolver/maven-resolver-connector-basic/1.9.22/maven-resolver-connector-basic-1.9.22.jar:/home/runner/.m2/repository/org/apache/maven/resolver/maven-resolver-transport-wagon/1.9.22/maven-resolver-transport-wagon-1.9.22.jar:/home/runner/.m2/repository/org/apache/maven/wagon/wagon-http/3.5.3/wagon-http-3.5.3.jar:/home/runner/.m2/repository/org/apache/maven/wagon/wagon-file/3.5.3/wagon-file-3.5.3.jar:/home/runner/.m2/repository/io/quarkus/quarkus-bootstrap-gradle-resolver/3.20.2/quarkus-bootstrap-gradle-resolver-3.20.2.jar:/home/runner/.m2/repository/io/smallrye/jandex/3.3.0/jandex-3.3.0.jar:/home/runner/.m2/repository/org/jboss/logging/commons-logging-jboss-logging/1.0.0.Final/commons-logging-jboss-logging-1.0.0.Final.jar:/home/runner/.m2/repository/io/quarkus/quarkus-junit5-config/3.20.2/quarkus-junit5-config-3.20.2.jar:/home/runner/.m2/repository/org/junit/jupiter/junit-jupiter-api/5.12.1/junit-jupiter-api-5.12.1.jar:/home/runner/.m2/repository/io/smallrye/config/smallrye-config/3.11.4/smallrye-config-3.11.4.jar:/home/runner/.m2/repository/io/smallrye/config/smallrye-config-core/3.11.4/smallrye-config-core-3.11.4.jar:/home/runner/.m2/repository/io/smallrye/common/smallrye-common-classloader/2.12.0/smallrye-common-classloader-2.12.0.jar:/home/runner/.m2/repository/io/smallrye/config/smallrye-config-common/3.11.4/smallrye-config-common-3.11.4.jar:/home/runner/.m2/repository/org/junit/jupiter/junit-jupiter/5.12.1/junit-jupiter-5.12.1.jar:/home/runner/.m2/repository/org/junit/jupiter/junit-jupiter-params/5.12.1/junit-jupiter-params-5.12.1.jar:/home/runner/.m2/repository/org/junit/jupiter/junit-jupiter-engine/5.12.1/junit-jupiter-engine-5.12.1.jar:/home/runner/.m2/repository/io/quarkus/quarkus-core/3.20.2/quarkus-core-3.20.2.jar:/home/runner/.m2/repository/jakarta/enterprise/jakarta.enterprise.cdi-api/4.1.0/jakarta.enterprise.cdi-api-4.1.0.jar:/home/runner/.m2/repository/jakarta/enterprise/jakarta.enterprise.lang-model/4.1.0/jakarta.enterprise.lang-model-4.1.0.jar:/home/runner/.m2/repository/jakarta/el/jakarta.el-api/5.0.1/jakarta.el-api-5.0.1.jar:/home/runner/.m2/repository/jakarta/interceptor/jakarta.interceptor-api/2.2.0/jakarta.interceptor-api-2.2.0.jar:/home/runner/.m2/repository/jakarta/inject/jakarta.inject-api/2.0.1/jakarta.inject-api-2.0.1.jar:/home/runner/.m2/repository/io/smallrye/common/smallrye-common-os/2.12.0/smallrye-common-os-2.12.0.jar:/home/runner/.m2/repository/io/quarkus/quarkus-ide-launcher/3.20.2/quarkus-ide-launcher-3.20.2.jar:/home/runner/.m2/repository/io/quarkus/quarkus-development-mode-spi/3.20.2/quarkus-development-mode-spi-3.20.2.jar:/home/runner/.m2/repository/org/jboss/logging/jboss-logging/3.6.1.Final/jboss-logging-3.6.1.Final.jar:/home/runner/.m2/repository/org/jboss/logmanager/jboss-logmanager/3.1.2.Final/jboss-logmanager-3.1.2.Final.jar:/home/runner/.m2/repository/io/smallrye/common/smallrye-common-constraint/2.12.0/smallrye-common-constraint-2.12.0.jar:/home/runner/.m2/repository/io/smallrye/common/smallrye-common-cpu/2.12.0/smallrye-common-cpu-2.12.0.jar:/home/runner/.m2/repository/io/smallrye/common/smallrye-common-expression/2.12.0/smallrye-common-expression-2.12.0.jar:/home/runner/.m2/repository/io/smallrye/common/smallrye-common-net/2.12.0/smallrye-common-net-2.12.0.jar:/home/runner/.m2/repository/io/smallrye/common/smallrye-common-ref/2.12.0/smallrye-common-ref-2.12.0.jar:/home/runner/.m2/repository/jakarta/json/jakarta.json-api/2.1.3/jakarta.json-api-2.1.3.jar:/home/runner/.m2/repository/org/eclipse/parsson/parsson/1.1.7/parsson-1.1.7.jar:/home/runner/.m2/repository/org/jboss/logging/jboss-logging-annotations/3.0.4.Final/jboss-logging-annotations-3.0.4.Final.jar:/home/runner/.m2/repository/org/jboss/threads/jboss-threads/3.8.0.Final/jboss-threads-3.8.0.Final.jar:/home/runner/.m2/repository/io/smallrye/common/smallrye-common-annotation/2.12.0/smallrye-common-annotation-2.12.0.jar:/home/runner/.m2/repository/io/smallrye/common/smallrye-common-function/2.12.0/smallrye-common-function-2.12.0.jar:/home/runner/.m2/repository/org/jboss/slf4j/slf4j-jboss-logmanager/2.0.0.Final/slf4j-jboss-logmanager-2.0.0.Final.jar:/home/runner/.m2/repository/org/wildfly/common/wildfly-common/2.0.1/wildfly-common-2.0.1.jar:/home/runner/.m2/repository/io/quarkus/quarkus-bootstrap-runner/3.20.2/quarkus-bootstrap-runner-3.20.2.jar:/home/runner/.m2/repository/io/github/crac/org-crac/0.1.3/org-crac-0.1.3.jar:/home/runner/.m2/repository/io/quarkus/quarkus-fs-util/0.0.10/quarkus-fs-util-0.0.10.jar:/home/runner/.m2/repository/org/jboss/marshalling/jboss-marshalling/2.2.2.Final/jboss-marshalling-2.2.2.Final.jar:/home/runner/.m2/repository/io/fabric8/kubernetes-client/7.1.0/kubernetes-client-7.1.0.jar:/home/runner/.m2/repository/io/fabric8/kubernetes-client-api/7.1.0/kubernetes-client-api-7.1.0.jar:/home/runner/.m2/repository/io/fabric8/kubernetes-model-core/7.1.0/kubernetes-model-core-7.1.0.jar:/home/runner/.m2/repository/io/fabric8/kubernetes-model-common/7.1.0/kubernetes-model-common-7.1.0.jar:/home/runner/.m2/repository/javax/annotation/javax.annotation-api/1.3.2/javax.annotation-api-1.3.2.jar:/home/runner/.m2/repository/io/fabric8/kubernetes-model-gatewayapi/7.1.0/kubernetes-model-gatewayapi-7.1.0.jar:/home/runner/.m2/repository/io/fabric8/kubernetes-model-resource/7.1.0/kubernetes-model-resource-7.1.0.jar:/home/runner/.m2/repository/io/fabric8/kubernetes-model-rbac/7.1.0/kubernetes-model-rbac-7.1.0.jar:/home/runner/.m2/repository/io/fabric8/kubernetes-model-admissionregistration/7.1.0/kubernetes-model-admissionregistration-7.1.0.jar:/home/runner/.m2/repository/io/fabric8/kubernetes-model-apps/7.1.0/kubernetes-model-apps-7.1.0.jar:/home/runner/.m2/repository/io/fabric8/kubernetes-model-autoscaling/7.1.0/kubernetes-model-autoscaling-7.1.0.jar:/home/runner/.m2/repository/io/fabric8/kubernetes-model-apiextensions/7.1.0/kubernetes-model-apiextensions-7.1.0.jar:/home/runner/.m2/repository/io/fabric8/kubernetes-model-batch/7.1.0/kubernetes-model-batch-7.1.0.jar:/home/runner/.m2/repository/io/fabric8/kubernetes-model-certificates/7.1.0/kubernetes-model-certificates-7.1.0.jar:/home/runner/.m2/repository/io/fabric8/kubernetes-model-coordination/7.1.0/kubernetes-model-coordination-7.1.0.jar:/home/runner/.m2/repository/io/fabric8/kubernetes-model-discovery/7.1.0/kubernetes-model-discovery-7.1.0.jar:/home/runner/.m2/repository/io/fabric8/kubernetes-model-events/7.1.0/kubernetes-model-events-7.1.0.jar:/home/runner/.m2/repository/io/fabric8/kubernetes-model-extensions/7.1.0/kubernetes-model-extensions-7.1.0.jar:/home/runner/.m2/repository/io/fabric8/kubernetes-model-flowcontrol/7.1.0/kubernetes-model-flowcontrol-7.1.0.jar:/home/runner/.m2/repository/io/fabric8/kubernetes-model-networking/7.1.0/kubernetes-model-networking-7.1.0.jar:/home/runner/.m2/repository/io/fabric8/kubernetes-model-metrics/7.1.0/kubernetes-model-metrics-7.1.0.jar:/home/runner/.m2/repository/io/fabric8/kubernetes-model-policy/7.1.0/kubernetes-model-policy-7.1.0.jar:/home/runner/.m2/repository/io/fabric8/kubernetes-model-scheduling/7.1.0/kubernetes-model-scheduling-7.1.0.jar:/home/runner/.m2/repository/io/fabric8/kubernetes-model-storageclass/7.1.0/kubernetes-model-storageclass-7.1.0.jar:/home/runner/.m2/repository/io/fabric8/kubernetes-model-node/7.1.0/kubernetes-model-node-7.1.0.jar:/home/runner/.m2/repository/org/snakeyaml/snakeyaml-engine/2.9/snakeyaml-engine-2.9.jar:/home/runner/.m2/repository/com/fasterxml/jackson/dataformat/jackson-dataformat-yaml/2.18.2/jackson-dataformat-yaml-2.18.2.jar:/home/runner/.m2/repository/com/fasterxml/jackson/datatype/jackson-datatype-jsr310/2.18.2/jackson-datatype-jsr310-2.18.2.jar:/home/runner/.m2/repository/io/fabric8/zjsonpatch/7.1.0/zjsonpatch-7.1.0.jar:/home/runner/.m2/repository/io/fabric8/kubernetes-httpclient-vertx/7.1.0/kubernetes-httpclient-vertx-7.1.0.jar:/home/runner/.m2/repository/io/vertx/vertx-web-client/4.5.16/vertx-web-client-4.5.16.jar:/home/runner/.m2/repository/io/vertx/vertx-web-common/4.5.16/vertx-web-common-4.5.16.jar:/home/runner/.m2/repository/io/vertx/vertx-auth-common/4.5.16/vertx-auth-common-4.5.16.jar:/home/runner/.m2/repository/io/vertx/vertx-uri-template/4.5.16/vertx-uri-template-4.5.16.jar:/home/runner/.m2/repository/io/fabric8/openshift-client/7.1.0/openshift-client-7.1.0.jar:/home/runner/.m2/repository/io/fabric8/openshift-client-api/7.1.0/openshift-client-api-7.1.0.jar:/home/runner/.m2/repository/io/fabric8/openshift-model/7.1.0/openshift-model-7.1.0.jar:/home/runner/.m2/repository/io/fabric8/openshift-model-autoscaling/7.1.0/openshift-model-autoscaling-7.1.0.jar:/home/runner/.m2/repository/io/fabric8/openshift-model-operator/7.1.0/openshift-model-operator-7.1.0.jar:/home/runner/.m2/repository/io/fabric8/openshift-model-operatorhub/7.1.0/openshift-model-operatorhub-7.1.0.jar:/home/runner/.m2/repository/io/fabric8/openshift-model-machine/7.1.0/openshift-model-machine-7.1.0.jar:/home/runner/.m2/repository/io/fabric8/openshift-model-whereabouts/7.1.0/openshift-model-whereabouts-7.1.0.jar:/home/runner/.m2/repository/io/fabric8/openshift-model-monitoring/7.1.0/openshift-model-monitoring-7.1.0.jar:/home/runner/.m2/repository/io/fabric8/openshift-model-storageversionmigrator/7.1.0/openshift-model-storageversionmigrator-7.1.0.jar:/home/runner/.m2/repository/io/fabric8/openshift-model-tuned/7.1.0/openshift-model-tuned-7.1.0.jar:/home/runner/.m2/repository/io/fabric8/openshift-model-console/7.1.0/openshift-model-console-7.1.0.jar:/home/runner/.m2/repository/io/fabric8/openshift-model-config/7.1.0/openshift-model-config-7.1.0.jar:/home/runner/.m2/repository/io/fabric8/openshift-model-machineconfiguration/7.1.0/openshift-model-machineconfiguration-7.1.0.jar:/home/runner/.m2/repository/io/fabric8/openshift-model-miscellaneous/7.1.0/openshift-model-miscellaneous-7.1.0.jar:/home/runner/.m2/repository/io/fabric8/openshift-model-hive/7.1.0/openshift-model-hive-7.1.0.jar:/home/runner/.m2/repository/io/fabric8/openshift-model-installer/7.1.0/openshift-model-installer-7.1.0.jar:/home/runner/.m2/repository/org/junit/platform/junit-platform-launcher/1.12.1/junit-platform-launcher-1.12.1.jar:/home/runner/.m2/repository/org/junit/platform/junit-platform-engine/1.12.1/junit-platform-engine-1.12.1.jar:/home/runner/.m2/repository/org/opentest4j/opentest4j/1.3.0/opentest4j-1.3.0.jar:/home/runner/.m2/repository/org/junit/platform/junit-platform-commons/1.12.1/junit-platform-commons-1.12.1.jar:/home/runner/.m2/repository/org/apiguardian/apiguardian-api/1.1.2/apiguardian-api-1.1.2.jar:/home/runner/.m2/repository/jakarta/ws/rs/jakarta.ws.rs-api/3.1.0/jakarta.ws.rs-api-3.1.0.jar:/home/runner/work/apicurio-testing/apicurio-testing/clusters/ci419/namespaces/ksql043/tests/integration/apicurio-registry/java-sdk/target/apicurio-registry-java-sdk-3.0.12-SNAPSHOT.jar:/home/runner/.m2/repository/com/microsoft/kiota/microsoft-kiota-abstractions/1.8.9/microsoft-kiota-abstractions-1.8.9.jar:/home/runner/.m2/repository/io/github/std-uritemplate/std-uritemplate/2.0.0/std-uritemplate-2.0.0.jar:/home/runner/.m2/repository/io/kiota/kiota-http-jdk/0.0.29/kiota-http-jdk-0.0.29.jar:/home/runner/.m2/repository/io/kiota/kiota-http-vertx/0.0.29/kiota-http-vertx-0.0.29.jar:/home/runner/.m2/repository/io/kiota/kiota-serialization-jackson/0.0.29/kiota-serialization-jackson-0.0.29.jar:/home/runner/.m2/repository/com/microsoft/kiota/microsoft-kiota-serialization-text/1.8.9/microsoft-kiota-serialization-text-1.8.9.jar:/home/runner/.m2/repository/com/microsoft/kiota/microsoft-kiota-serialization-form/1.8.9/microsoft-kiota-serialization-form-1.8.9.jar:/home/runner/.m2/repository/com/microsoft/kiota/microsoft-kiota-serialization-multipart/1.8.9/microsoft-kiota-serialization-multipart-1.8.9.jar:/home/runner/.m2/repository/jakarta/annotation/jakarta.annotation-api/3.0.0/jakarta.annotation-api-3.0.0.jar:/home/runner/.m2/repository/io/vertx/vertx-auth-oauth2/4.5.16/vertx-auth-oauth2-4.5.16.jar:/home/runner/work/apicurio-testing/apicurio-testing/clusters/ci419/namespaces/ksql043/tests/integration/apicurio-registry/java-sdk-v2/target/apicurio-registry-v2-java-sdk-3.0.12-SNAPSHOT.jar:/home/runner/work/apicurio-testing/apicurio-testing/clusters/ci419/namespaces/ksql043/tests/integration/apicurio-registry/utils/kafka/target/apicurio-registry-utils-kafka-3.0.12-SNAPSHOT-tests.jar:/home/runner/.m2/repository/org/eclipse/microprofile/config/microprofile-config-api/3.1/microprofile-config-api-3.1.jar:/home/runner/.m2/repository/org/apache/kafka/kafka-clients/3.9.1/kafka-clients-3.9.1.jar:/home/runner/.m2/repository/com/github/luben/zstd-jni/1.5.6-4/zstd-jni-1.5.6-4.jar:/home/runner/.m2/repository/org/lz4/lz4-java/1.8.0/lz4-java-1.8.0.jar:/home/runner/.m2/repository/org/xerial/snappy/snappy-java/1.1.10.5/snappy-java-1.1.10.5.jar:/home/runner/.m2/repository/org/slf4j/slf4j-api/2.0.6/slf4j-api-2.0.6.jar:/home/runner/work/apicurio-testing/apicurio-testing/clusters/ci419/namespaces/ksql043/tests/integration/apicurio-registry/utils/tests/target/apicurio-registry-utils-tests-3.0.12-SNAPSHOT.jar:/home/runner/work/apicurio-testing/apicurio-testing/clusters/ci419/namespaces/ksql043/tests/integration/apicurio-registry/common/target/apicurio-registry-common-3.0.12-SNAPSHOT.jar:/home/runner/.m2/repository/jakarta/validation/jakarta.validation-api/3.0.2/jakarta.validation-api-3.0.2.jar:/home/runner/.m2/repository/com/github/dasniko/testcontainers-keycloak/3.8.0/testcontainers-keycloak-3.8.0.jar:/home/runner/.m2/repository/org/testcontainers/testcontainers/1.20.6/testcontainers-1.20.6.jar:/home/runner/.m2/repository/org/rnorth/duct-tape/duct-tape/1.0.8/duct-tape-1.0.8.jar:/home/runner/.m2/repository/com/github/docker-java/docker-java-transport-zerodep/3.4.1/docker-java-transport-zerodep-3.4.1.jar:/home/runner/.m2/repository/com/github/docker-java/docker-java-transport/3.4.1/docker-java-transport-3.4.1.jar:/home/runner/.m2/repository/net/java/dev/jna/jna/5.8.0/jna-5.8.0.jar:/home/runner/.m2/repository/io/quarkus/quarkus-junit4-mock/3.20.2/quarkus-junit4-mock-3.20.2.jar:/home/runner/.m2/repository/org/jboss/shrinkwrap/shrinkwrap-api/2.0.0-beta-2/shrinkwrap-api-2.0.0-beta-2.jar:/home/runner/.m2/repository/org/jboss/shrinkwrap/shrinkwrap-impl-base/2.0.0-beta-2/shrinkwrap-impl-base-2.0.0-beta-2.jar:/home/runner/.m2/repository/org/jboss/shrinkwrap/shrinkwrap-spi/2.0.0-beta-2/shrinkwrap-spi-2.0.0-beta-2.jar:/home/runner/.m2/repository/org/keycloak/keycloak-admin-client/26.0.4/keycloak-admin-client-26.0.4.jar:/home/runner/.m2/repository/org/keycloak/keycloak-client-common-synced/26.0.4/keycloak-client-common-synced-26.0.4.jar:/home/runner/.m2/repository/jakarta/activation/jakarta.activation-api/2.1.3/jakarta.activation-api-2.1.3.jar:/home/runner/.m2/repository/org/eclipse/microprofile/openapi/microprofile-openapi-api/4.0.2/microprofile-openapi-api-4.0.2.jar:/home/runner/.m2/repository/org/jboss/resteasy/resteasy-client/6.2.12.Final/resteasy-client-6.2.12.Final.jar:/home/runner/.m2/repository/org/jboss/resteasy/resteasy-client-api/6.2.12.Final/resteasy-client-api-6.2.12.Final.jar:/home/runner/.m2/repository/org/jboss/resteasy/resteasy-core-spi/6.2.12.Final/resteasy-core-spi-6.2.12.Final.jar:/home/runner/.m2/repository/org/jboss/resteasy/resteasy-core/6.2.12.Final/resteasy-core-6.2.12.Final.jar:/home/runner/.m2/repository/org/eclipse/angus/angus-activation/2.0.2/angus-activation-2.0.2.jar:/home/runner/.m2/repository/com/ibm/async/asyncutil/0.1.0/asyncutil-0.1.0.jar:/home/runner/.m2/repository/org/reactivestreams/reactive-streams/1.0.4/reactive-streams-1.0.4.jar:/home/runner/.m2/repository/org/jboss/resteasy/resteasy-multipart-provider/6.2.12.Final/resteasy-multipart-provider-6.2.12.Final.jar:/home/runner/.m2/repository/jakarta/mail/jakarta.mail-api/2.1.3/jakarta.mail-api-2.1.3.jar:/home/runner/.m2/repository/org/eclipse/angus/angus-mail/2.0.3/angus-mail-2.0.3.jar:/home/runner/.m2/repository/org/apache/james/apache-mime4j-dom/0.8.12/apache-mime4j-dom-0.8.12.jar:/home/runner/.m2/repository/org/apache/james/apache-mime4j-core/0.8.12/apache-mime4j-core-0.8.12.jar:/home/runner/.m2/repository/org/apache/james/apache-mime4j-storage/0.8.12/apache-mime4j-storage-0.8.12.jar:/home/runner/.m2/repository/org/jboss/resteasy/resteasy-jackson2-provider/6.2.12.Final/resteasy-jackson2-provider-6.2.12.Final.jar:/home/runner/.m2/repository/com/fasterxml/jackson/jakarta/rs/jackson-jakarta-rs-base/2.18.2/jackson-jakarta-rs-base-2.18.2.jar:/home/runner/.m2/repository/com/fasterxml/jackson/jakarta/rs/jackson-jakarta-rs-json-provider/2.18.2/jackson-jakarta-rs-json-provider-2.18.2.jar:/home/runner/.m2/repository/com/fasterxml/jackson/module/jackson-module-jakarta-xmlbind-annotations/2.18.2/jackson-module-jakarta-xmlbind-annotations-2.18.2.jar:/home/runner/.m2/repository/com/github/java-json-tools/json-patch/1.13/json-patch-1.13.jar:/home/runner/.m2/repository/com/github/java-json-tools/msg-simple/1.2/msg-simple-1.2.jar:/home/runner/.m2/repository/com/github/java-json-tools/btf/1.3/btf-1.3.jar:/home/runner/.m2/repository/com/github/java-json-tools/jackson-coreutils/2.0/jackson-coreutils-2.0.jar:/home/runner/.m2/repository/org/jboss/resteasy/resteasy-jaxb-provider/6.2.12.Final/resteasy-jaxb-provider-6.2.12.Final.jar:/home/runner/.m2/repository/org/glassfish/jaxb/codemodel/4.0.5/codemodel-4.0.5.jar:/home/runner/.m2/repository/org/glassfish/jaxb/jaxb-core/4.0.5/jaxb-core-4.0.5.jar:/home/runner/.m2/repository/org/glassfish/jaxb/jaxb-jxc/4.0.5/jaxb-jxc-4.0.5.jar:/home/runner/.m2/repository/org/glassfish/jaxb/jaxb-runtime/4.0.5/jaxb-runtime-4.0.5.jar:/home/runner/.m2/repository/org/glassfish/jaxb/txw2/4.0.5/txw2-4.0.5.jar:/home/runner/.m2/repository/org/glassfish/jaxb/jaxb-xjc/4.0.5/jaxb-xjc-4.0.5.jar:/home/runner/.m2/repository/org/glassfish/jaxb/xsom/4.0.5/xsom-4.0.5.jar:/home/runner/.m2/repository/com/sun/istack/istack-commons-runtime/4.1.2/istack-commons-runtime-4.1.2.jar:/home/runner/.m2/repository/com/sun/istack/istack-commons-tools/4.1.2/istack-commons-tools-4.1.2.jar:/home/runner/.m2/repository/com/sun/xml/bind/external/relaxng-datatype/4.0.5/relaxng-datatype-4.0.5.jar:/home/runner/.m2/repository/com/sun/xml/bind/external/rngom/4.0.5/rngom-4.0.5.jar:/home/runner/.m2/repository/org/testcontainers/mssqlserver/1.20.6/mssqlserver-1.20.6.jar:/home/runner/.m2/repository/org/testcontainers/jdbc/1.20.6/jdbc-1.20.6.jar:/home/runner/.m2/repository/org/testcontainers/database-commons/1.20.6/database-commons-1.20.6.jar:/home/runner/.m2/repository/org/testcontainers/mysql/1.20.6/mysql-1.20.6.jar:/home/runner/.m2/repository/io/strimzi/strimzi-test-container/0.111.0/strimzi-test-container-0.111.0.jar:/home/runner/.m2/repository/org/testcontainers/toxiproxy/1.20.6/toxiproxy-1.20.6.jar:/home/runner/.m2/repository/com/github/docker-java/docker-java-api/3.4.1/docker-java-api-3.4.1.jar:/home/runner/.m2/repository/org/apache/logging/log4j/log4j-slf4j-impl/2.19.0/log4j-slf4j-impl-2.19.0.jar:/home/runner/.m2/repository/org/apache/logging/log4j/log4j-api/2.24.3/log4j-api-2.24.3.jar:/home/runner/.m2/repository/org/apache/logging/log4j/log4j-core/2.19.0/log4j-core-2.19.0.jar:/home/runner/.m2/repository/eu/rekawek/toxiproxy/toxiproxy-java/2.1.7/toxiproxy-java-2.1.7.jar:/home/runner/.m2/repository/org/testcontainers/pulsar/1.21.3/pulsar-1.21.3.jar:/home/runner/.m2/repository/io/debezium/debezium-testing-testcontainers/2.7.4.Final/debezium-testing-testcontainers-2.7.4.Final.jar:/home/runner/.m2/repository/org/testcontainers/kafka/1.20.6/kafka-1.20.6.jar:/home/runner/.m2/repository/com/squareup/okhttp3/okhttp/4.8.1/okhttp-4.8.1.jar:/home/runner/.m2/repository/com/squareup/okio/okio/3.10.2/okio-3.10.2.jar:/home/runner/.m2/repository/com/squareup/okio/okio-jvm/3.10.2/okio-jvm-3.10.2.jar:/home/runner/.m2/repository/org/jetbrains/kotlin/kotlin-stdlib/2.0.21/kotlin-stdlib-2.0.21.jar:/home/runner/.m2/repository/org/awaitility/awaitility/4.3.0/awaitility-4.3.0.jar:/home/runner/.m2/repository/org/testcontainers/mongodb/1.20.6/mongodb-1.20.6.jar:/home/runner/.m2/repository/org/testcontainers/mariadb/1.20.6/mariadb-1.20.6.jar:/home/runner/.m2/repository/org/testcontainers/oracle-xe/1.20.6/oracle-xe-1.20.6.jar:/home/runner/.m2/repository/org/testcontainers/postgresql/1.20.6/postgresql-1.20.6.jar:/home/runner/.m2/repository/org/wiremock/wiremock/3.0.1/wiremock-3.0.1.jar:/home/runner/.m2/repository/org/eclipse/jetty/jetty-server/11.0.15/jetty-server-11.0.15.jar:/home/runner/.m2/repository/org/eclipse/jetty/toolchain/jetty-jakarta-servlet-api/5.0.2/jetty-jakarta-servlet-api-5.0.2.jar:/home/runner/.m2/repository/org/eclipse/jetty/jetty-http/11.0.15/jetty-http-11.0.15.jar:/home/runner/.m2/repository/org/eclipse/jetty/jetty-io/11.0.15/jetty-io-11.0.15.jar:/home/runner/.m2/repository/org/eclipse/jetty/jetty-servlet/11.0.15/jetty-servlet-11.0.15.jar:/home/runner/.m2/repository/org/eclipse/jetty/jetty-security/11.0.15/jetty-security-11.0.15.jar:/home/runner/.m2/repository/org/eclipse/jetty/jetty-servlets/11.0.15/jetty-servlets-11.0.15.jar:/home/runner/.m2/repository/org/eclipse/jetty/jetty-util/11.0.15/jetty-util-11.0.15.jar:/home/runner/.m2/repository/org/eclipse/jetty/jetty-webapp/11.0.15/jetty-webapp-11.0.15.jar:/home/runner/.m2/repository/org/eclipse/jetty/jetty-xml/11.0.15/jetty-xml-11.0.15.jar:/home/runner/.m2/repository/org/eclipse/jetty/jetty-proxy/11.0.15/jetty-proxy-11.0.15.jar:/home/runner/.m2/repository/org/eclipse/jetty/jetty-client/11.0.15/jetty-client-11.0.15.jar:/home/runner/.m2/repository/org/eclipse/jetty/http2/http2-server/11.0.15/http2-server-11.0.15.jar:/home/runner/.m2/repository/org/eclipse/jetty/http2/http2-common/11.0.15/http2-common-11.0.15.jar:/home/runner/.m2/repository/org/eclipse/jetty/http2/http2-hpack/11.0.15/http2-hpack-11.0.15.jar:/home/runner/.m2/repository/org/eclipse/jetty/jetty-alpn-server/11.0.15/jetty-alpn-server-11.0.15.jar:/home/runner/.m2/repository/org/eclipse/jetty/jetty-alpn-java-server/11.0.15/jetty-alpn-java-server-11.0.15.jar:/home/runner/.m2/repository/org/eclipse/jetty/jetty-alpn-java-client/11.0.15/jetty-alpn-java-client-11.0.15.jar:/home/runner/.m2/repository/org/eclipse/jetty/jetty-alpn-client/11.0.15/jetty-alpn-client-11.0.15.jar:/home/runner/.m2/repository/org/apache/httpcomponents/client5/httpclient5/5.2.1/httpclient5-5.2.1.jar:/home/runner/.m2/repository/org/apache/httpcomponents/core5/httpcore5/5.2/httpcore5-5.2.jar:/home/runner/.m2/repository/org/apache/httpcomponents/core5/httpcore5-h2/5.2/httpcore5-h2-5.2.jar:/home/runner/.m2/repository/org/xmlunit/xmlunit-core/2.9.1/xmlunit-core-2.9.1.jar:/home/runner/.m2/repository/jakarta/xml/bind/jakarta.xml.bind-api/4.0.2/jakarta.xml.bind-api-4.0.2.jar:/home/runner/.m2/repository/org/xmlunit/xmlunit-legacy/2.9.1/xmlunit-legacy-2.9.1.jar:/home/runner/.m2/repository/org/xmlunit/xmlunit-placeholders/2.9.1/xmlunit-placeholders-2.9.1.jar:/home/runner/.m2/repository/net/javacrumbs/json-unit/json-unit-core/2.38.0/json-unit-core-2.38.0.jar:/home/runner/.m2/repository/org/hamcrest/hamcrest-core/2.2/hamcrest-core-2.2.jar:/home/runner/.m2/repository/com/jayway/jsonpath/json-path/2.8.0/json-path-2.8.0.jar:/home/runner/.m2/repository/net/minidev/json-smart/2.4.10/json-smart-2.4.10.jar:/home/runner/.m2/repository/net/minidev/accessors-smart/2.4.9/accessors-smart-2.4.9.jar:/home/runner/.m2/repository/org/ow2/asm/asm/9.7.1/asm-9.7.1.jar:/home/runner/.m2/repository/net/sf/jopt-simple/jopt-simple/5.0.4/jopt-simple-5.0.4.jar:/home/runner/.m2/repository/com/github/jknack/handlebars/4.3.1/handlebars-4.3.1.jar:/home/runner/.m2/repository/com/github/jknack/handlebars-helpers/4.3.1/handlebars-helpers-4.3.1.jar:/home/runner/.m2/repository/commons-fileupload/commons-fileupload/1.5/commons-fileupload-1.5.jar:/home/runner/.m2/repository/com/networknt/json-schema-validator/1.5.8/json-schema-validator-1.5.8.jar:/home/runner/.m2/repository/com/ethlo/time/itu/1.10.3/itu-1.10.3.jar:/home/runner/.m2/repository/io/quarkus/quarkus-smallrye-jwt-build/3.20.2/quarkus-smallrye-jwt-build-3.20.2.jar:/home/runner/.m2/repository/io/smallrye/smallrye-jwt-build/4.6.2/smallrye-jwt-build-4.6.2.jar:/home/runner/.m2/repository/org/eclipse/microprofile/jwt/microprofile-jwt-auth-api/2.1/microprofile-jwt-auth-api-2.1.jar:/home/runner/.m2/repository/org/bitbucket/b_c/jose4j/0.9.6/jose4j-0.9.6.jar:/home/runner/.m2/repository/io/smallrye/smallrye-jwt-common/4.6.2/smallrye-jwt-common-4.6.2.jar:/home/runner/.m2/repository/io/quarkus/quarkus-jsonp/3.20.2/quarkus-jsonp-3.20.2.jar:/home/runner/.m2/repository/io/quarkus/quarkus-arc/3.20.2/quarkus-arc-3.20.2.jar:/home/runner/.m2/repository/io/quarkus/arc/arc/3.20.2/arc-3.20.2.jar:/home/runner/.m2/repository/jakarta/transaction/jakarta.transaction-api/2.0.1/jakarta.transaction-api-2.0.1.jar:/home/runner/.m2/repository/io/smallrye/reactive/mutiny/2.9.2/mutiny-2.9.2.jar:/home/runner/.m2/repository/org/jctools/jctools-core/4.0.5/jctools-core-4.0.5.jar:/home/runner/.m2/repository/org/eclipse/microprofile/context-propagation/microprofile-context-propagation-api/1.3/microprofile-context-propagation-api-1.3.jar:/home/runner/.m2/repository/io/apicurio/apicurio-common-rest-client-common/0.1.18.Final/apicurio-common-rest-client-common-0.1.18.Final.jar:/home/runner/work/apicurio-testing/apicurio-testing/clusters/ci419/namespaces/ksql043/tests/integration/apicurio-registry/utils/maven-plugin/target/apicurio-registry-maven-plugin-3.0.12-SNAPSHOT.jar:/home/runner/.m2/repository/com/fasterxml/jackson/core/jackson-databind/2.18.2/jackson-databind-2.18.2.jar:/home/runner/.m2/repository/org/apache/avro/avro/1.12.0/avro-1.12.0.jar:/home/runner/.m2/repository/com/google/protobuf/protobuf-java/4.31.1/protobuf-java-4.31.1.jar:/home/runner/.m2/repository/com/google/protobuf/protobuf-java-util/4.31.1/protobuf-java-util-4.31.1.jar:/home/runner/.m2/repository/com/google/code/findbugs/jsr305/3.0.2/jsr305-3.0.2.jar:/home/runner/.m2/repository/com/google/code/gson/gson/2.12.1/gson-2.12.1.jar:/home/runner/.m2/repository/com/google/errorprone/error_prone_annotations/2.36.0/error_prone_annotations-2.36.0.jar:/home/runner/.m2/repository/com/google/j2objc/j2objc-annotations/2.8/j2objc-annotations-2.8.jar:/home/runner/work/apicurio-testing/apicurio-testing/clusters/ci419/namespaces/ksql043/tests/integration/apicurio-registry/schema-util/util-provider/target/apicurio-registry-schema-util-provider-3.0.12-SNAPSHOT.jar:/home/runner/work/apicurio-testing/apicurio-testing/clusters/ci419/namespaces/ksql043/tests/integration/apicurio-registry/schema-util/common/target/apicurio-registry-schema-util-common-3.0.12-SNAPSHOT.jar:/home/runner/.m2/repository/com/fasterxml/jackson/module/jackson-module-parameter-names/2.18.2/jackson-module-parameter-names-2.18.2.jar:/home/runner/.m2/repository/com/fasterxml/jackson/datatype/jackson-datatype-json-org/2.18.2/jackson-datatype-json-org-2.18.2.jar:/home/runner/work/apicurio-testing/apicurio-testing/clusters/ci419/namespaces/ksql043/tests/integration/apicurio-registry/schema-util/json/target/apicurio-registry-schema-util-json-3.0.12-SNAPSHOT.jar:/home/runner/.m2/repository/com/github/erosb/everit-json-schema/1.14.5/everit-json-schema-1.14.5.jar:/home/runner/.m2/repository/commons-validator/commons-validator/1.9.0/commons-validator-1.9.0.jar:/home/runner/.m2/repository/commons-digester/commons-digester/2.1/commons-digester-2.1.jar:/home/runner/.m2/repository/commons-collections/commons-collections/3.2.2/commons-collections-3.2.2.jar:/home/runner/.m2/repository/com/damnhandy/handy-uri-templates/2.1.8/handy-uri-templates-2.1.8.jar:/home/runner/.m2/repository/joda-time/joda-time/2.10.2/joda-time-2.10.2.jar:/home/runner/.m2/repository/com/github/erosb/json-sKema/0.20.0/json-sKema-0.20.0.jar:/home/runner/.m2/repository/io/vertx/vertx-json-schema/4.5.16/vertx-json-schema-4.5.16.jar:/home/runner/work/apicurio-testing/apicurio-testing/clusters/ci419/namespaces/ksql043/tests/integration/apicurio-registry/schema-util/protobuf/target/apicurio-registry-schema-util-protobuf-3.0.12-SNAPSHOT.jar:/home/runner/work/apicurio-testing/apicurio-testing/clusters/ci419/namespaces/ksql043/tests/integration/apicurio-registry/utils/protobuf-schema-utilities/target/apicurio-registry-protobuf-schema-utilities-3.0.12-SNAPSHOT.jar:/home/runner/.m2/repository/com/google/api/grpc/proto-google-common-protos/2.52.0/proto-google-common-protos-2.52.0.jar:/home/runner/.m2/repository/com/squareup/wire/wire-schema-jvm/5.3.3/wire-schema-jvm-5.3.3.jar:/home/runner/.m2/repository/com/palantir/javapoet/javapoet/0.6.0/javapoet-0.6.0.jar:/home/runner/.m2/repository/com/squareup/kotlinpoet-jvm/2.0.0/kotlinpoet-jvm-2.0.0.jar:/home/runner/.m2/repository/org/jetbrains/kotlin/kotlin-reflect/2.0.21/kotlin-reflect-2.0.21.jar:/home/runner/.m2/repository/com/squareup/wire/wire-runtime-jvm/5.3.3/wire-runtime-jvm-5.3.3.jar:/home/runner/.m2/repository/com/ibm/icu/icu4j/76.1/icu4j-76.1.jar:/home/runner/.m2/repository/com/squareup/okio/okio-fakefilesystem/3.10.2/okio-fakefilesystem-3.10.2.jar:/home/runner/.m2/repository/com/squareup/okio/okio-fakefilesystem-jvm/3.10.2/okio-fakefilesystem-jvm-3.10.2.jar:/home/runner/.m2/repository/org/jetbrains/kotlinx/kotlinx-datetime-jvm/0.6.1/kotlinx-datetime-jvm-0.6.1.jar:/home/runner/work/apicurio-testing/apicurio-testing/clusters/ci419/namespaces/ksql043/tests/integration/apicurio-registry/schema-util/asyncapi/target/apicurio-registry-schema-util-asyncapi-3.0.12-SNAPSHOT.jar:/home/runner/work/apicurio-testing/apicurio-testing/clusters/ci419/namespaces/ksql043/tests/integration/apicurio-registry/schema-util/avro/target/apicurio-registry-schema-util-avro-3.0.12-SNAPSHOT.jar:/home/runner/work/apicurio-testing/apicurio-testing/clusters/ci419/namespaces/ksql043/tests/integration/apicurio-registry/schema-util/graphql/target/apicurio-registry-schema-util-graphql-3.0.12-SNAPSHOT.jar:/home/runner/.m2/repository/com/graphql-java/graphql-java/22.4/graphql-java-22.4.jar:/home/runner/.m2/repository/com/graphql-java/java-dataloader/3.3.0/java-dataloader-3.3.0.jar:/home/runner/work/apicurio-testing/apicurio-testing/clusters/ci419/namespaces/ksql043/tests/integration/apicurio-registry/schema-util/kconnect/target/apicurio-registry-schema-util-kconnect-3.0.12-SNAPSHOT.jar:/home/runner/work/apicurio-testing/apicurio-testing/clusters/ci419/namespaces/ksql043/tests/integration/apicurio-registry/schema-util/openapi/target/apicurio-registry-schema-util-openapi-3.0.12-SNAPSHOT.jar:/home/runner/.m2/repository/io/apicurio/apicurio-data-models/2.2.2/apicurio-data-models-2.2.2.jar:/home/runner/.m2/repository/org/openapitools/openapidiff/openapi-diff-core/2.1.2/openapi-diff-core-2.1.2.jar:/home/runner/.m2/repository/io/swagger/parser/v3/swagger-parser/2.1.28/swagger-parser-2.1.28.jar:/home/runner/.m2/repository/io/swagger/parser/v3/swagger-parser-v2-converter/2.1.28/swagger-parser-v2-converter-2.1.28.jar:/home/runner/.m2/repository/io/swagger/swagger-core/1.6.16/swagger-core-1.6.16.jar:/home/runner/.m2/repository/io/swagger/swagger-models/1.6.16/swagger-models-1.6.16.jar:/home/runner/.m2/repository/io/swagger/swagger-annotations/1.6.16/swagger-annotations-1.6.16.jar:/home/runner/.m2/repository/io/swagger/swagger-parser/1.0.75/swagger-parser-1.0.75.jar:/home/runner/.m2/repository/io/swagger/swagger-parser-safe-url-resolver/1.0.75/swagger-parser-safe-url-resolver-1.0.75.jar:/home/runner/.m2/repository/io/swagger/swagger-compat-spec-parser/1.0.75/swagger-compat-spec-parser-1.0.75.jar:/home/runner/.m2/repository/com/github/java-json-tools/json-schema-validator/2.2.14/json-schema-validator-2.2.14.jar:/home/runner/.m2/repository/com/github/java-json-tools/jackson-coreutils-equivalence/1.0/jackson-coreutils-equivalence-1.0.jar:/home/runner/.m2/repository/com/github/java-json-tools/json-schema-core/1.2.14/json-schema-core-1.2.14.jar:/home/runner/.m2/repository/com/github/java-json-tools/uri-template/0.10/uri-template-0.10.jar:/home/runner/.m2/repository/com/googlecode/libphonenumber/libphonenumber/8.11.1/libphonenumber-8.11.1.jar:/home/runner/.m2/repository/com/j2html/j2html/1.6.0/j2html-1.6.0.jar:/home/runner/.m2/repository/org/apache/commons/commons-collections4/4.5.0/commons-collections4-4.5.0.jar:/home/runner/.m2/repository/org/slf4j/jcl-over-slf4j/2.0.17/jcl-over-slf4j-2.0.17.jar:/home/runner/.m2/repository/io/swagger/parser/v3/swagger-parser-v3/2.1.31/swagger-parser-v3-2.1.31.jar:/home/runner/.m2/repository/io/swagger/core/v3/swagger-models/2.2.34/swagger-models-2.2.34.jar:/home/runner/.m2/repository/io/swagger/core/v3/swagger-core/2.2.34/swagger-core-2.2.34.jar:/home/runner/.m2/repository/io/swagger/parser/v3/swagger-parser-core/2.1.31/swagger-parser-core-2.1.31.jar:/home/runner/.m2/repository/io/swagger/parser/v3/swagger-parser-safe-url-resolver/2.1.31/swagger-parser-safe-url-resolver-2.1.31.jar:/home/runner/work/apicurio-testing/apicurio-testing/clusters/ci419/namespaces/ksql043/tests/integration/apicurio-registry/schema-util/wsdl/target/apicurio-registry-schema-util-wsdl-3.0.12-SNAPSHOT.jar:/home/runner/.m2/repository/wsdl4j/wsdl4j/1.6.3/wsdl4j-1.6.3.jar:/home/runner/work/apicurio-testing/apicurio-testing/clusters/ci419/namespaces/ksql043/tests/integration/apicurio-registry/schema-util/xml/target/apicurio-registry-schema-util-xml-3.0.12-SNAPSHOT.jar:/home/runner/.m2/repository/org/apache/santuario/xmlsec/4.0.4/xmlsec-4.0.4.jar:/home/runner/.m2/repository/com/fasterxml/woodstox/woodstox-core/7.1.1/woodstox-core-7.1.1.jar:/home/runner/.m2/repository/org/codehaus/woodstox/stax2-api/4.2.2/stax2-api-4.2.2.jar:/home/runner/work/apicurio-testing/apicurio-testing/clusters/ci419/namespaces/ksql043/tests/integration/apicurio-registry/schema-util/xsd/target/apicurio-registry-schema-util-xsd-3.0.12-SNAPSHOT.jar:/home/runner/work/apicurio-testing/apicurio-testing/clusters/ci419/namespaces/ksql043/tests/integration/apicurio-registry/serdes/kafka/jsonschema-serde/target/apicurio-registry-jsonschema-serde-kafka-3.0.12-SNAPSHOT.jar:/home/runner/work/apicurio-testing/apicurio-testing/clusters/ci419/namespaces/ksql043/tests/integration/apicurio-registry/serdes/kafka/serde-kafka-common/target/apicurio-registry-serde-kafka-common-3.0.12-SNAPSHOT.jar:/home/runner/work/apicurio-testing/apicurio-testing/clusters/ci419/namespaces/ksql043/tests/integration/apicurio-registry/serdes/generic/serde-common/target/apicurio-registry-serde-common-3.0.12-SNAPSHOT.jar:/home/runner/work/apicurio-testing/apicurio-testing/clusters/ci419/namespaces/ksql043/tests/integration/apicurio-registry/serdes/generic/serde-common-jsonschema/target/apicurio-registry-serde-common-jsonschema-3.0.12-SNAPSHOT.jar:/home/runner/.m2/repository/org/json/json/20250107/json-20250107.jar:/home/runner/work/apicurio-testing/apicurio-testing/clusters/ci419/namespaces/ksql043/tests/integration/apicurio-registry/serdes/kafka/avro-serde/target/apicurio-registry-avro-serde-kafka-3.0.12-SNAPSHOT.jar:/home/runner/work/apicurio-testing/apicurio-testing/clusters/ci419/namespaces/ksql043/tests/integration/apicurio-registry/serdes/generic/serde-common-avro/target/apicurio-registry-serde-common-avro-3.0.12-SNAPSHOT.jar:/home/runner/work/apicurio-testing/apicurio-testing/clusters/ci419/namespaces/ksql043/tests/integration/apicurio-registry/serdes/kafka/protobuf-serde/target/apicurio-registry-protobuf-serde-kafka-3.0.12-SNAPSHOT.jar:/home/runner/work/apicurio-testing/apicurio-testing/clusters/ci419/namespaces/ksql043/tests/integration/apicurio-registry/serdes/generic/serde-common-protobuf/target/apicurio-registry-serde-common-protobuf-3.0.12-SNAPSHOT.jar:/home/runner/.m2/repository/com/squareup/wire/wire-schema/5.3.3/wire-schema-5.3.3.jar:/home/runner/.m2/repository/com/squareup/wire/wire-runtime/5.3.3/wire-runtime-5.3.3.jar:/home/runner/work/apicurio-testing/apicurio-testing/clusters/ci419/namespaces/ksql043/tests/integration/apicurio-registry/serdes/pulsar/avro-serde/target/apicurio-registry-avro-serde-pulsar-3.0.12-SNAPSHOT.jar:/home/runner/.m2/repository/org/apache/pulsar/pulsar-functions-api/3.3.8/pulsar-functions-api-3.3.8.jar:/home/runner/work/apicurio-testing/apicurio-testing/clusters/ci419/namespaces/ksql043/tests/integration/apicurio-registry/serdes/nats/avro-serde/target/apicurio-registry-avro-serde-nats-3.0.12-SNAPSHOT.jar:/home/runner/.m2/repository/io/nats/jnats/2.21.4/jnats-2.21.4.jar:/home/runner/.m2/repository/org/bouncycastle/bcprov-lts8on/2.73.7/bcprov-lts8on-2.73.7.jar:/home/runner/.m2/repository/org/jetbrains/annotations/26.0.2/annotations-26.0.2.jar:/home/runner/work/apicurio-testing/apicurio-testing/clusters/ci419/namespaces/ksql043/tests/integration/apicurio-registry/utils/converter/target/apicurio-registry-utils-converter-3.0.12-SNAPSHOT.jar:/home/runner/work/apicurio-testing/apicurio-testing/clusters/ci419/namespaces/ksql043/tests/integration/apicurio-registry/schema-resolver/target/apicurio-registry-schema-resolver-3.0.12-SNAPSHOT.jar:/home/runner/.m2/repository/org/apache/kafka/connect-api/3.9.1/connect-api-3.9.1.jar:/home/runner/.m2/repository/javax/ws/rs/javax.ws.rs-api/2.1.1/javax.ws.rs-api-2.1.1.jar:/home/runner/.m2/repository/org/apache/kafka/connect-json/3.9.1/connect-json-3.9.1.jar:/home/runner/.m2/repository/com/fasterxml/jackson/datatype/jackson-datatype-jdk8/2.18.2/jackson-datatype-jdk8-2.18.2.jar:/home/runner/.m2/repository/com/fasterxml/jackson/module/jackson-module-afterburner/2.18.2/jackson-module-afterburner-2.18.2.jar:/home/runner/work/apicurio-testing/apicurio-testing/clusters/ci419/namespaces/ksql043/tests/integration/apicurio-registry/utils/kafka/target/apicurio-registry-utils-kafka-3.0.12-SNAPSHOT.jar:/home/runner/.m2/repository/org/apache/pulsar/pulsar-client/3.3.8/pulsar-client-3.3.8.jar:/home/runner/.m2/repository/org/apache/pulsar/pulsar-client-api/3.3.8/pulsar-client-api-3.3.8.jar:/home/runner/.m2/repository/org/apache/pulsar/pulsar-client-admin-api/3.3.8/pulsar-client-admin-api-3.3.8.jar:/home/runner/.m2/repository/org/apache/pulsar/bouncy-castle-bc/3.3.8/bouncy-castle-bc-3.3.8-pkg.jar:/home/runner/.m2/repository/org/bouncycastle/bcpkix-jdk18on/1.81/bcpkix-jdk18on-1.81.jar:/home/runner/.m2/repository/org/bouncycastle/bcutil-jdk18on/1.81/bcutil-jdk18on-1.81.jar:/home/runner/.m2/repository/org/bouncycastle/bcprov-jdk18on/1.81/bcprov-jdk18on-1.81.jar:/home/runner/.m2/repository/io/opentelemetry/opentelemetry-api/1.44.1/opentelemetry-api-1.44.1.jar:/home/runner/.m2/repository/io/opentelemetry/opentelemetry-context/1.44.1/opentelemetry-context-1.44.1.jar:/home/runner/.m2/repository/io/opentelemetry/opentelemetry-api-incubator/1.44.1-alpha/opentelemetry-api-incubator-1.44.1-alpha.jar:/home/runner/.m2/repository/com/fasterxml/jackson/core/jackson-annotations/2.18.2/jackson-annotations-2.18.2.jar:/home/runner/.m2/repository/javax/validation/validation-api/1.1.0.Final/validation-api-1.1.0.Final.jar:/home/runner/.m2/repository/org/jspecify/jspecify/1.0.0/jspecify-1.0.0.jar:/home/runner/.m2/repository/org/apache/commons/commons-configuration2/2.12.0/commons-configuration2-2.12.0.jar:/home/runner/.m2/repository/commons-logging/commons-logging/1.3.5/commons-logging-1.3.5.jar:/home/runner/.m2/repository/org/apache/commons/commons-text/1.13.0/commons-text-1.13.0.jar:/home/runner/.m2/repository/io/confluent/kafka-avro-serializer/8.0.0/kafka-avro-serializer-8.0.0.jar:/home/runner/.m2/repository/org/apache/commons/commons-compress/1.27.1/commons-compress-1.27.1.jar:/home/runner/.m2/repository/io/confluent/kafka-schema-serializer/8.0.0/kafka-schema-serializer-8.0.0.jar:/home/runner/.m2/repository/com/fasterxml/jackson/dataformat/jackson-dataformat-csv/2.18.2/jackson-dataformat-csv-2.18.2.jar:/home/runner/.m2/repository/io/confluent/kafka-schema-registry-client/8.0.0/kafka-schema-registry-client-8.0.0.jar:/home/runner/.m2/repository/org/yaml/snakeyaml/2.3/snakeyaml-2.3.jar:/home/runner/.m2/repository/io/swagger/core/v3/swagger-annotations/2.2.29/swagger-annotations-2.2.29.jar:/home/runner/.m2/repository/com/google/guava/guava/33.4.0-jre/guava-33.4.0-jre.jar:/home/runner/.m2/repository/com/google/guava/failureaccess/1.0.1/failureaccess-1.0.1.jar:/home/runner/.m2/repository/org/checkerframework/checker-qual/3.49.0/checker-qual-3.49.0.jar:/home/runner/.m2/repository/io/confluent/logredactor/1.0.13/logredactor-1.0.13.jar:/home/runner/.m2/repository/com/google/re2j/re2j/1.6/re2j-1.6.jar:/home/runner/.m2/repository/io/confluent/logredactor-metrics/1.0.13/logredactor-metrics-1.0.13.jar:/home/runner/.m2/repository/com/eclipsesource/minimal-json/minimal-json/0.9.5/minimal-json-0.9.5.jar:/home/runner/.m2/repository/io/confluent/common-utils/8.0.0/common-utils-8.0.0.jar:/home/runner/.m2/repository/io/confluent/kafka-connect-avro-converter/8.0.0/kafka-connect-avro-converter-8.0.0.jar:/home/runner/.m2/repository/io/confluent/kafka-connect-avro-data/8.0.0/kafka-connect-avro-data-8.0.0.jar:/home/runner/.m2/repository/io/confluent/kafka-schema-converter/8.0.0/kafka-schema-converter-8.0.0.jar:/home/runner/.m2/repository/io/rest-assured/rest-assured/5.5.1/rest-assured-5.5.1.jar:/home/runner/.m2/repository/org/apache/groovy/groovy/4.0.22/groovy-4.0.22.jar:/home/runner/.m2/repository/org/apache/groovy/groovy-xml/4.0.22/groovy-xml-4.0.22.jar:/home/runner/.m2/repository/org/apache/httpcomponents/httpclient/4.5.14/httpclient-4.5.14.jar:/home/runner/.m2/repository/org/apache/httpcomponents/httpcore/4.4.16/httpcore-4.4.16.jar:/home/runner/.m2/repository/org/apache/httpcomponents/httpmime/4.5.14/httpmime-4.5.14.jar:/home/runner/.m2/repository/org/hamcrest/hamcrest/2.2/hamcrest-2.2.jar:/home/runner/.m2/repository/org/ccil/cowan/tagsoup/tagsoup/1.2.1/tagsoup-1.2.1.jar:/home/runner/.m2/repository/io/rest-assured/json-path/5.5.1/json-path-5.5.1.jar:/home/runner/.m2/repository/org/apache/groovy/groovy-json/4.0.22/groovy-json-4.0.22.jar:/home/runner/.m2/repository/io/rest-assured/rest-assured-common/5.5.1/rest-assured-common-5.5.1.jar:/home/runner/.m2/repository/io/rest-assured/xml-path/5.5.1/xml-path-5.5.1.jar:/home/runner/.m2/repository/io/zonky/test/embedded-postgres/2.1.0/embedded-postgres-2.1.0.jar:/home/runner/.m2/repository/io/zonky/test/postgres/embedded-postgres-binaries-windows-amd64/14.15.0/embedded-postgres-binaries-windows-amd64-14.15.0.jar:/home/runner/.m2/repository/io/zonky/test/postgres/embedded-postgres-binaries-darwin-amd64/14.15.0/embedded-postgres-binaries-darwin-amd64-14.15.0.jar:/home/runner/.m2/repository/io/zonky/test/postgres/embedded-postgres-binaries-linux-amd64/14.15.0/embedded-postgres-binaries-linux-amd64-14.15.0.jar:/home/runner/.m2/repository/io/zonky/test/postgres/embedded-postgres-binaries-linux-amd64-alpine/14.15.0/embedded-postgres-binaries-linux-amd64-alpine-14.15.0.jar:/home/runner/.m2/repository/org/apache/commons/commons-lang3/3.17.0/commons-lang3-3.17.0.jar:/home/runner/.m2/repository/org/tukaani/xz/1.10/xz-1.10.jar:/home/runner/.m2/repository/commons-codec/commons-codec/1.19.0/commons-codec-1.19.0.jar:/home/runner/.m2/repository/org/postgresql/postgresql/42.7.7/postgresql-42.7.7.jar:/home/runner/.m2/repository/commons-io/commons-io/2.18.0/commons-io-2.18.0.jar:/home/runner/work/apicurio-testing/apicurio-testing/clusters/ci419/namespaces/ksql043/tests/integration/apicurio-registry/utils/importexport/target/apicurio-registry-utils-import-export-3.0.12-SNAPSHOT.jar:/home/runner/.m2/repository/io/vertx/vertx-core/4.5.16/vertx-core-4.5.16.jar:/home/runner/.m2/repository/io/netty/netty-common/4.1.121.Final/netty-common-4.1.121.Final.jar:/home/runner/.m2/repository/io/netty/netty-buffer/4.1.121.Final/netty-buffer-4.1.121.Final.jar:/home/runner/.m2/repository/io/netty/netty-transport/4.1.121.Final/netty-transport-4.1.121.Final.jar:/home/runner/.m2/repository/io/netty/netty-handler/4.1.121.Final/netty-handler-4.1.121.Final.jar:/home/runner/.m2/repository/io/netty/netty-transport-native-unix-common/4.1.121.Final/netty-transport-native-unix-common-4.1.121.Final.jar:/home/runner/.m2/repository/io/netty/netty-codec/4.1.121.Final/netty-codec-4.1.121.Final.jar:/home/runner/.m2/repository/io/netty/netty-handler-proxy/4.1.121.Final/netty-handler-proxy-4.1.121.Final.jar:/home/runner/.m2/repository/io/netty/netty-codec-socks/4.1.121.Final/netty-codec-socks-4.1.121.Final.jar:/home/runner/.m2/repository/io/netty/netty-codec-http/4.1.121.Final/netty-codec-http-4.1.121.Final.jar:/home/runner/.m2/repository/io/netty/netty-codec-http2/4.1.121.Final/netty-codec-http2-4.1.121.Final.jar:/home/runner/.m2/repository/io/netty/netty-resolver/4.1.121.Final/netty-resolver-4.1.121.Final.jar:/home/runner/.m2/repository/io/netty/netty-resolver-dns/4.1.121.Final/netty-resolver-dns-4.1.121.Final.jar:/home/runner/.m2/repository/io/netty/netty-codec-dns/4.1.121.Final/netty-codec-dns-4.1.121.Final.jar:/home/runner/.m2/repository/com/fasterxml/jackson/core/jackson-core/2.18.2/jackson-core-2.18.2.jar:"/>
    <property name="java.vm.vendor" value="Eclipse Adoptium"/>
    <property name="maven.javadoc.skip" value="true"/>
    <property name="sun.arch.data.model" value="64"/>
    <property name="java.vendor.url" value="https://adoptium.net/"/>
    <property name="user.timezone" value="Etc/UTC"/>
    <property name="os.name" value="Linux"/>
    <property name="java.vm.specification.version" value="17"/>
    <property name="sun.java.launcher" value="SUN_STANDARD"/>
    <property name="quarkus.http.test-port" value="80"/>
    <property name="sun.boot.library.path" value="/usr/lib/jvm/temurin-17-jdk-amd64/lib"/>
    <property name="sun.java.command" value="/home/runner/work/apicurio-testing/apicurio-testing/clusters/ci419/namespaces/ksql043/tests/integration/apicurio-registry/integration-tests/target/surefire/surefirebooter-20250812145519881_3.jar /home/runner/work/apicurio-testing/apicurio-testing/clusters/ci419/namespaces/ksql043/tests/integration/apicurio-registry/integration-tests/target/surefire 2025-08-12T14-55-19_769-jvmRun1 surefire-20250812145519881_1tmp surefire_0-20250812145519881_2tmp"/>
    <property name="maven.home" value="/home/runner/.m2/wrapper/dists/apache-maven-3.9.8-bin/4fnp1ql35bgk2a0p7m31ovbgb0/apache-maven-3.9.8"/>
    <property name="jdk.debug" value="release"/>
    <property name="surefire.test.class.path" value="/home/runner/work/apicurio-testing/apicurio-testing/clusters/ci419/namespaces/ksql043/tests/integration/apicurio-registry/integration-tests/target/test-classes:/home/runner/work/apicurio-testing/apicurio-testing/clusters/ci419/namespaces/ksql043/tests/integration/apicurio-registry/integration-tests/target/apicurio-registry-integration-tests-3.0.12-SNAPSHOT.jar:/home/runner/.m2/repository/io/quarkus/quarkus-junit5/3.20.2/quarkus-junit5-3.20.2.jar:/home/runner/.m2/repository/io/quarkus/quarkus-bootstrap-core/3.20.2/quarkus-bootstrap-core-3.20.2.jar:/home/runner/.m2/repository/io/quarkus/quarkus-classloader-commons/3.20.2/quarkus-classloader-commons-3.20.2.jar:/home/runner/.m2/repository/io/quarkus/quarkus-bootstrap-app-model/3.20.2/quarkus-bootstrap-app-model-3.20.2.jar:/home/runner/.m2/repository/io/smallrye/common/smallrye-common-io/2.12.0/smallrye-common-io-2.12.0.jar:/home/runner/.m2/repository/org/eclipse/sisu/org.eclipse.sisu.inject/0.9.0.M3/org.eclipse.sisu.inject-0.9.0.M3.jar:/home/runner/.m2/repository/io/quarkus/quarkus-test-common/3.20.2/quarkus-test-common-3.20.2.jar:/home/runner/.m2/repository/io/quarkus/quarkus-core-deployment/3.20.2/quarkus-core-deployment-3.20.2.jar:/home/runner/.m2/repository/org/aesh/readline/2.6/readline-2.6.jar:/home/runner/.m2/repository/org/fusesource/jansi/jansi/2.4.0/jansi-2.4.0.jar:/home/runner/.m2/repository/org/aesh/aesh/2.8.2/aesh-2.8.2.jar:/home/runner/.m2/repository/io/quarkus/gizmo/gizmo/1.8.0/gizmo-1.8.0.jar:/home/runner/.m2/repository/org/ow2/asm/asm-util/9.7.1/asm-util-9.7.1.jar:/home/runner/.m2/repository/org/ow2/asm/asm-analysis/9.7.1/asm-analysis-9.7.1.jar:/home/runner/.m2/repository/org/ow2/asm/asm-commons/9.7.1/asm-commons-9.7.1.jar:/home/runner/.m2/repository/org/ow2/asm/asm-tree/9.7.1/asm-tree-9.7.1.jar:/home/runner/.m2/repository/io/quarkus/quarkus-hibernate-validator-spi/3.20.2/quarkus-hibernate-validator-spi-3.20.2.jar:/home/runner/.m2/repository/io/quarkus/quarkus-class-change-agent/3.20.2/quarkus-class-change-agent-3.20.2.jar:/home/runner/.m2/repository/io/quarkus/quarkus-devtools-utilities/3.20.2/quarkus-devtools-utilities-3.20.2.jar:/home/runner/.m2/repository/io/quarkus/quarkus-builder/3.20.2/quarkus-builder-3.20.2.jar:/home/runner/.m2/repository/org/graalvm/sdk/nativeimage/23.1.2/nativeimage-23.1.2.jar:/home/runner/.m2/repository/org/graalvm/sdk/word/23.1.2/word-23.1.2.jar:/home/runner/.m2/repository/io/quarkus/quarkus-bootstrap-maven-resolver/3.20.2/quarkus-bootstrap-maven-resolver-3.20.2.jar:/home/runner/.m2/repository/io/smallrye/beanbag/smallrye-beanbag-maven/1.5.2/smallrye-beanbag-maven-1.5.2.jar:/home/runner/.m2/repository/io/smallrye/beanbag/smallrye-beanbag-sisu/1.5.2/smallrye-beanbag-sisu-1.5.2.jar:/home/runner/.m2/repository/io/smallrye/beanbag/smallrye-beanbag/1.5.2/smallrye-beanbag-1.5.2.jar:/home/runner/.m2/repository/javax/inject/javax.inject/1/javax.inject-1.jar:/home/runner/.m2/repository/org/apache/maven/maven-artifact/3.9.9/maven-artifact-3.9.9.jar:/home/runner/.m2/repository/org/apache/maven/maven-builder-support/3.9.9/maven-builder-support-3.9.9.jar:/home/runner/.m2/repository/org/apache/maven/maven-model/3.9.9/maven-model-3.9.9.jar:/home/runner/.m2/repository/org/apache/maven/maven-model-builder/3.9.9/maven-model-builder-3.9.9.jar:/home/runner/.m2/repository/org/apache/maven/maven-repository-metadata/3.9.9/maven-repository-metadata-3.9.9.jar:/home/runner/.m2/repository/org/apache/maven/maven-settings/3.9.9/maven-settings-3.9.9.jar:/home/runner/.m2/repository/org/apache/maven/resolver/maven-resolver-api/1.9.22/maven-resolver-api-1.9.22.jar:/home/runner/.m2/repository/org/apache/maven/resolver/maven-resolver-impl/1.9.22/maven-resolver-impl-1.9.22.jar:/home/runner/.m2/repository/org/apache/maven/resolver/maven-resolver-named-locks/1.9.22/maven-resolver-named-locks-1.9.22.jar:/home/runner/.m2/repository/org/apache/maven/resolver/maven-resolver-spi/1.9.22/maven-resolver-spi-1.9.22.jar:/home/runner/.m2/repository/org/apache/maven/resolver/maven-resolver-util/1.9.22/maven-resolver-util-1.9.22.jar:/home/runner/.m2/repository/org/apache/maven/resolver/maven-resolver-transport-http/1.9.20/maven-resolver-transport-http-1.9.20.jar:/home/runner/.m2/repository/org/apache/maven/wagon/wagon-provider-api/3.5.3/wagon-provider-api-3.5.3.jar:/home/runner/.m2/repository/org/apache/maven/wagon/wagon-http-shared/3.5.3/wagon-http-shared-3.5.3.jar:/home/runner/.m2/repository/org/codehaus/plexus/plexus-interpolation/1.26/plexus-interpolation-1.26.jar:/home/runner/.m2/repository/org/codehaus/plexus/plexus-utils/3.5.1/plexus-utils-3.5.1.jar:/home/runner/.m2/repository/org/codehaus/plexus/plexus-xml/4.0.1/plexus-xml-4.0.1.jar:/home/runner/.m2/repository/org/apache/maven/maven-xml-impl/4.0.0-alpha-5/maven-xml-impl-4.0.0-alpha-5.jar:/home/runner/.m2/repository/org/apache/maven/maven-api-xml/4.0.0-alpha-5/maven-api-xml-4.0.0-alpha-5.jar:/home/runner/.m2/repository/org/apache/maven/maven-api-meta/4.0.0-alpha-5/maven-api-meta-4.0.0-alpha-5.jar:/home/runner/.m2/repository/org/codehaus/plexus/plexus-cipher/2.0/plexus-cipher-2.0.jar:/home/runner/.m2/repository/org/codehaus/plexus/plexus-sec-dispatcher/2.0/plexus-sec-dispatcher-2.0.jar:/home/runner/.m2/repository/org/apache/maven/maven-embedder/3.9.9/maven-embedder-3.9.9.jar:/home/runner/.m2/repository/org/apache/maven/maven-core/3.9.9/maven-core-3.9.9.jar:/home/runner/.m2/repository/org/codehaus/plexus/plexus-component-annotations/2.1.0/plexus-component-annotations-2.1.0.jar:/home/runner/.m2/repository/org/apache/maven/maven-plugin-api/3.9.9/maven-plugin-api-3.9.9.jar:/home/runner/.m2/repository/org/apache/maven/shared/maven-shared-utils/3.4.2/maven-shared-utils-3.4.2.jar:/home/runner/.m2/repository/com/google/inject/guice/5.1.0/guice-5.1.0.jar:/home/runner/.m2/repository/aopalliance/aopalliance/1.0/aopalliance-1.0.jar:/home/runner/.m2/repository/org/codehaus/plexus/plexus-classworlds/2.6.0/plexus-classworlds-2.6.0.jar:/home/runner/.m2/repository/commons-cli/commons-cli/1.8.0/commons-cli-1.8.0.jar:/home/runner/.m2/repository/org/eclipse/sisu/org.eclipse.sisu.plexus/0.9.0.M3/org.eclipse.sisu.plexus-0.9.0.M3.jar:/home/runner/.m2/repository/org/apache/maven/maven-settings-builder/3.9.9/maven-settings-builder-3.9.9.jar:/home/runner/.m2/repository/org/apache/maven/maven-resolver-provider/3.9.9/maven-resolver-provider-3.9.9.jar:/home/runner/.m2/repository/org/apache/maven/resolver/maven-resolver-connector-basic/1.9.22/maven-resolver-connector-basic-1.9.22.jar:/home/runner/.m2/repository/org/apache/maven/resolver/maven-resolver-transport-wagon/1.9.22/maven-resolver-transport-wagon-1.9.22.jar:/home/runner/.m2/repository/org/apache/maven/wagon/wagon-http/3.5.3/wagon-http-3.5.3.jar:/home/runner/.m2/repository/org/apache/maven/wagon/wagon-file/3.5.3/wagon-file-3.5.3.jar:/home/runner/.m2/repository/io/quarkus/quarkus-bootstrap-gradle-resolver/3.20.2/quarkus-bootstrap-gradle-resolver-3.20.2.jar:/home/runner/.m2/repository/io/smallrye/jandex/3.3.0/jandex-3.3.0.jar:/home/runner/.m2/repository/org/jboss/logging/commons-logging-jboss-logging/1.0.0.Final/commons-logging-jboss-logging-1.0.0.Final.jar:/home/runner/.m2/repository/io/quarkus/quarkus-junit5-config/3.20.2/quarkus-junit5-config-3.20.2.jar:/home/runner/.m2/repository/org/junit/jupiter/junit-jupiter-api/5.12.1/junit-jupiter-api-5.12.1.jar:/home/runner/.m2/repository/io/smallrye/config/smallrye-config/3.11.4/smallrye-config-3.11.4.jar:/home/runner/.m2/repository/io/smallrye/config/smallrye-config-core/3.11.4/smallrye-config-core-3.11.4.jar:/home/runner/.m2/repository/io/smallrye/common/smallrye-common-classloader/2.12.0/smallrye-common-classloader-2.12.0.jar:/home/runner/.m2/repository/io/smallrye/config/smallrye-config-common/3.11.4/smallrye-config-common-3.11.4.jar:/home/runner/.m2/repository/org/junit/jupiter/junit-jupiter/5.12.1/junit-jupiter-5.12.1.jar:/home/runner/.m2/repository/org/junit/jupiter/junit-jupiter-params/5.12.1/junit-jupiter-params-5.12.1.jar:/home/runner/.m2/repository/org/junit/jupiter/junit-jupiter-engine/5.12.1/junit-jupiter-engine-5.12.1.jar:/home/runner/.m2/repository/io/quarkus/quarkus-core/3.20.2/quarkus-core-3.20.2.jar:/home/runner/.m2/repository/jakarta/enterprise/jakarta.enterprise.cdi-api/4.1.0/jakarta.enterprise.cdi-api-4.1.0.jar:/home/runner/.m2/repository/jakarta/enterprise/jakarta.enterprise.lang-model/4.1.0/jakarta.enterprise.lang-model-4.1.0.jar:/home/runner/.m2/repository/jakarta/el/jakarta.el-api/5.0.1/jakarta.el-api-5.0.1.jar:/home/runner/.m2/repository/jakarta/interceptor/jakarta.interceptor-api/2.2.0/jakarta.interceptor-api-2.2.0.jar:/home/runner/.m2/repository/jakarta/inject/jakarta.inject-api/2.0.1/jakarta.inject-api-2.0.1.jar:/home/runner/.m2/repository/io/smallrye/common/smallrye-common-os/2.12.0/smallrye-common-os-2.12.0.jar:/home/runner/.m2/repository/io/quarkus/quarkus-ide-launcher/3.20.2/quarkus-ide-launcher-3.20.2.jar:/home/runner/.m2/repository/io/quarkus/quarkus-development-mode-spi/3.20.2/quarkus-development-mode-spi-3.20.2.jar:/home/runner/.m2/repository/org/jboss/logging/jboss-logging/3.6.1.Final/jboss-logging-3.6.1.Final.jar:/home/runner/.m2/repository/org/jboss/logmanager/jboss-logmanager/3.1.2.Final/jboss-logmanager-3.1.2.Final.jar:/home/runner/.m2/repository/io/smallrye/common/smallrye-common-constraint/2.12.0/smallrye-common-constraint-2.12.0.jar:/home/runner/.m2/repository/io/smallrye/common/smallrye-common-cpu/2.12.0/smallrye-common-cpu-2.12.0.jar:/home/runner/.m2/repository/io/smallrye/common/smallrye-common-expression/2.12.0/smallrye-common-expression-2.12.0.jar:/home/runner/.m2/repository/io/smallrye/common/smallrye-common-net/2.12.0/smallrye-common-net-2.12.0.jar:/home/runner/.m2/repository/io/smallrye/common/smallrye-common-ref/2.12.0/smallrye-common-ref-2.12.0.jar:/home/runner/.m2/repository/jakarta/json/jakarta.json-api/2.1.3/jakarta.json-api-2.1.3.jar:/home/runner/.m2/repository/org/eclipse/parsson/parsson/1.1.7/parsson-1.1.7.jar:/home/runner/.m2/repository/org/jboss/logging/jboss-logging-annotations/3.0.4.Final/jboss-logging-annotations-3.0.4.Final.jar:/home/runner/.m2/repository/org/jboss/threads/jboss-threads/3.8.0.Final/jboss-threads-3.8.0.Final.jar:/home/runner/.m2/repository/io/smallrye/common/smallrye-common-annotation/2.12.0/smallrye-common-annotation-2.12.0.jar:/home/runner/.m2/repository/io/smallrye/common/smallrye-common-function/2.12.0/smallrye-common-function-2.12.0.jar:/home/runner/.m2/repository/org/jboss/slf4j/slf4j-jboss-logmanager/2.0.0.Final/slf4j-jboss-logmanager-2.0.0.Final.jar:/home/runner/.m2/repository/org/wildfly/common/wildfly-common/2.0.1/wildfly-common-2.0.1.jar:/home/runner/.m2/repository/io/quarkus/quarkus-bootstrap-runner/3.20.2/quarkus-bootstrap-runner-3.20.2.jar:/home/runner/.m2/repository/io/github/crac/org-crac/0.1.3/org-crac-0.1.3.jar:/home/runner/.m2/repository/io/quarkus/quarkus-fs-util/0.0.10/quarkus-fs-util-0.0.10.jar:/home/runner/.m2/repository/org/jboss/marshalling/jboss-marshalling/2.2.2.Final/jboss-marshalling-2.2.2.Final.jar:/home/runner/.m2/repository/io/fabric8/kubernetes-client/7.1.0/kubernetes-client-7.1.0.jar:/home/runner/.m2/repository/io/fabric8/kubernetes-client-api/7.1.0/kubernetes-client-api-7.1.0.jar:/home/runner/.m2/repository/io/fabric8/kubernetes-model-core/7.1.0/kubernetes-model-core-7.1.0.jar:/home/runner/.m2/repository/io/fabric8/kubernetes-model-common/7.1.0/kubernetes-model-common-7.1.0.jar:/home/runner/.m2/repository/javax/annotation/javax.annotation-api/1.3.2/javax.annotation-api-1.3.2.jar:/home/runner/.m2/repository/io/fabric8/kubernetes-model-gatewayapi/7.1.0/kubernetes-model-gatewayapi-7.1.0.jar:/home/runner/.m2/repository/io/fabric8/kubernetes-model-resource/7.1.0/kubernetes-model-resource-7.1.0.jar:/home/runner/.m2/repository/io/fabric8/kubernetes-model-rbac/7.1.0/kubernetes-model-rbac-7.1.0.jar:/home/runner/.m2/repository/io/fabric8/kubernetes-model-admissionregistration/7.1.0/kubernetes-model-admissionregistration-7.1.0.jar:/home/runner/.m2/repository/io/fabric8/kubernetes-model-apps/7.1.0/kubernetes-model-apps-7.1.0.jar:/home/runner/.m2/repository/io/fabric8/kubernetes-model-autoscaling/7.1.0/kubernetes-model-autoscaling-7.1.0.jar:/home/runner/.m2/repository/io/fabric8/kubernetes-model-apiextensions/7.1.0/kubernetes-model-apiextensions-7.1.0.jar:/home/runner/.m2/repository/io/fabric8/kubernetes-model-batch/7.1.0/kubernetes-model-batch-7.1.0.jar:/home/runner/.m2/repository/io/fabric8/kubernetes-model-certificates/7.1.0/kubernetes-model-certificates-7.1.0.jar:/home/runner/.m2/repository/io/fabric8/kubernetes-model-coordination/7.1.0/kubernetes-model-coordination-7.1.0.jar:/home/runner/.m2/repository/io/fabric8/kubernetes-model-discovery/7.1.0/kubernetes-model-discovery-7.1.0.jar:/home/runner/.m2/repository/io/fabric8/kubernetes-model-events/7.1.0/kubernetes-model-events-7.1.0.jar:/home/runner/.m2/repository/io/fabric8/kubernetes-model-extensions/7.1.0/kubernetes-model-extensions-7.1.0.jar:/home/runner/.m2/repository/io/fabric8/kubernetes-model-flowcontrol/7.1.0/kubernetes-model-flowcontrol-7.1.0.jar:/home/runner/.m2/repository/io/fabric8/kubernetes-model-networking/7.1.0/kubernetes-model-networking-7.1.0.jar:/home/runner/.m2/repository/io/fabric8/kubernetes-model-metrics/7.1.0/kubernetes-model-metrics-7.1.0.jar:/home/runner/.m2/repository/io/fabric8/kubernetes-model-policy/7.1.0/kubernetes-model-policy-7.1.0.jar:/home/runner/.m2/repository/io/fabric8/kubernetes-model-scheduling/7.1.0/kubernetes-model-scheduling-7.1.0.jar:/home/runner/.m2/repository/io/fabric8/kubernetes-model-storageclass/7.1.0/kubernetes-model-storageclass-7.1.0.jar:/home/runner/.m2/repository/io/fabric8/kubernetes-model-node/7.1.0/kubernetes-model-node-7.1.0.jar:/home/runner/.m2/repository/org/snakeyaml/snakeyaml-engine/2.9/snakeyaml-engine-2.9.jar:/home/runner/.m2/repository/com/fasterxml/jackson/dataformat/jackson-dataformat-yaml/2.18.2/jackson-dataformat-yaml-2.18.2.jar:/home/runner/.m2/repository/com/fasterxml/jackson/datatype/jackson-datatype-jsr310/2.18.2/jackson-datatype-jsr310-2.18.2.jar:/home/runner/.m2/repository/io/fabric8/zjsonpatch/7.1.0/zjsonpatch-7.1.0.jar:/home/runner/.m2/repository/io/fabric8/kubernetes-httpclient-vertx/7.1.0/kubernetes-httpclient-vertx-7.1.0.jar:/home/runner/.m2/repository/io/vertx/vertx-web-client/4.5.16/vertx-web-client-4.5.16.jar:/home/runner/.m2/repository/io/vertx/vertx-web-common/4.5.16/vertx-web-common-4.5.16.jar:/home/runner/.m2/repository/io/vertx/vertx-auth-common/4.5.16/vertx-auth-common-4.5.16.jar:/home/runner/.m2/repository/io/vertx/vertx-uri-template/4.5.16/vertx-uri-template-4.5.16.jar:/home/runner/.m2/repository/io/fabric8/openshift-client/7.1.0/openshift-client-7.1.0.jar:/home/runner/.m2/repository/io/fabric8/openshift-client-api/7.1.0/openshift-client-api-7.1.0.jar:/home/runner/.m2/repository/io/fabric8/openshift-model/7.1.0/openshift-model-7.1.0.jar:/home/runner/.m2/repository/io/fabric8/openshift-model-autoscaling/7.1.0/openshift-model-autoscaling-7.1.0.jar:/home/runner/.m2/repository/io/fabric8/openshift-model-operator/7.1.0/openshift-model-operator-7.1.0.jar:/home/runner/.m2/repository/io/fabric8/openshift-model-operatorhub/7.1.0/openshift-model-operatorhub-7.1.0.jar:/home/runner/.m2/repository/io/fabric8/openshift-model-machine/7.1.0/openshift-model-machine-7.1.0.jar:/home/runner/.m2/repository/io/fabric8/openshift-model-whereabouts/7.1.0/openshift-model-whereabouts-7.1.0.jar:/home/runner/.m2/repository/io/fabric8/openshift-model-monitoring/7.1.0/openshift-model-monitoring-7.1.0.jar:/home/runner/.m2/repository/io/fabric8/openshift-model-storageversionmigrator/7.1.0/openshift-model-storageversionmigrator-7.1.0.jar:/home/runner/.m2/repository/io/fabric8/openshift-model-tuned/7.1.0/openshift-model-tuned-7.1.0.jar:/home/runner/.m2/repository/io/fabric8/openshift-model-console/7.1.0/openshift-model-console-7.1.0.jar:/home/runner/.m2/repository/io/fabric8/openshift-model-config/7.1.0/openshift-model-config-7.1.0.jar:/home/runner/.m2/repository/io/fabric8/openshift-model-machineconfiguration/7.1.0/openshift-model-machineconfiguration-7.1.0.jar:/home/runner/.m2/repository/io/fabric8/openshift-model-miscellaneous/7.1.0/openshift-model-miscellaneous-7.1.0.jar:/home/runner/.m2/repository/io/fabric8/openshift-model-hive/7.1.0/openshift-model-hive-7.1.0.jar:/home/runner/.m2/repository/io/fabric8/openshift-model-installer/7.1.0/openshift-model-installer-7.1.0.jar:/home/runner/.m2/repository/org/junit/platform/junit-platform-launcher/1.12.1/junit-platform-launcher-1.12.1.jar:/home/runner/.m2/repository/org/junit/platform/junit-platform-engine/1.12.1/junit-platform-engine-1.12.1.jar:/home/runner/.m2/repository/org/opentest4j/opentest4j/1.3.0/opentest4j-1.3.0.jar:/home/runner/.m2/repository/org/junit/platform/junit-platform-commons/1.12.1/junit-platform-commons-1.12.1.jar:/home/runner/.m2/repository/org/apiguardian/apiguardian-api/1.1.2/apiguardian-api-1.1.2.jar:/home/runner/.m2/repository/jakarta/ws/rs/jakarta.ws.rs-api/3.1.0/jakarta.ws.rs-api-3.1.0.jar:/home/runner/work/apicurio-testing/apicurio-testing/clusters/ci419/namespaces/ksql043/tests/integration/apicurio-registry/java-sdk/target/apicurio-registry-java-sdk-3.0.12-SNAPSHOT.jar:/home/runner/.m2/repository/com/microsoft/kiota/microsoft-kiota-abstractions/1.8.9/microsoft-kiota-abstractions-1.8.9.jar:/home/runner/.m2/repository/io/github/std-uritemplate/std-uritemplate/2.0.0/std-uritemplate-2.0.0.jar:/home/runner/.m2/repository/io/kiota/kiota-http-jdk/0.0.29/kiota-http-jdk-0.0.29.jar:/home/runner/.m2/repository/io/kiota/kiota-http-vertx/0.0.29/kiota-http-vertx-0.0.29.jar:/home/runner/.m2/repository/io/kiota/kiota-serialization-jackson/0.0.29/kiota-serialization-jackson-0.0.29.jar:/home/runner/.m2/repository/com/microsoft/kiota/microsoft-kiota-serialization-text/1.8.9/microsoft-kiota-serialization-text-1.8.9.jar:/home/runner/.m2/repository/com/microsoft/kiota/microsoft-kiota-serialization-form/1.8.9/microsoft-kiota-serialization-form-1.8.9.jar:/home/runner/.m2/repository/com/microsoft/kiota/microsoft-kiota-serialization-multipart/1.8.9/microsoft-kiota-serialization-multipart-1.8.9.jar:/home/runner/.m2/repository/jakarta/annotation/jakarta.annotation-api/3.0.0/jakarta.annotation-api-3.0.0.jar:/home/runner/.m2/repository/io/vertx/vertx-auth-oauth2/4.5.16/vertx-auth-oauth2-4.5.16.jar:/home/runner/work/apicurio-testing/apicurio-testing/clusters/ci419/namespaces/ksql043/tests/integration/apicurio-registry/java-sdk-v2/target/apicurio-registry-v2-java-sdk-3.0.12-SNAPSHOT.jar:/home/runner/work/apicurio-testing/apicurio-testing/clusters/ci419/namespaces/ksql043/tests/integration/apicurio-registry/utils/kafka/target/apicurio-registry-utils-kafka-3.0.12-SNAPSHOT-tests.jar:/home/runner/.m2/repository/org/eclipse/microprofile/config/microprofile-config-api/3.1/microprofile-config-api-3.1.jar:/home/runner/.m2/repository/org/apache/kafka/kafka-clients/3.9.1/kafka-clients-3.9.1.jar:/home/runner/.m2/repository/com/github/luben/zstd-jni/1.5.6-4/zstd-jni-1.5.6-4.jar:/home/runner/.m2/repository/org/lz4/lz4-java/1.8.0/lz4-java-1.8.0.jar:/home/runner/.m2/repository/org/xerial/snappy/snappy-java/1.1.10.5/snappy-java-1.1.10.5.jar:/home/runner/.m2/repository/org/slf4j/slf4j-api/2.0.6/slf4j-api-2.0.6.jar:/home/runner/work/apicurio-testing/apicurio-testing/clusters/ci419/namespaces/ksql043/tests/integration/apicurio-registry/utils/tests/target/apicurio-registry-utils-tests-3.0.12-SNAPSHOT.jar:/home/runner/work/apicurio-testing/apicurio-testing/clusters/ci419/namespaces/ksql043/tests/integration/apicurio-registry/common/target/apicurio-registry-common-3.0.12-SNAPSHOT.jar:/home/runner/.m2/repository/jakarta/validation/jakarta.validation-api/3.0.2/jakarta.validation-api-3.0.2.jar:/home/runner/.m2/repository/com/github/dasniko/testcontainers-keycloak/3.8.0/testcontainers-keycloak-3.8.0.jar:/home/runner/.m2/repository/org/testcontainers/testcontainers/1.20.6/testcontainers-1.20.6.jar:/home/runner/.m2/repository/org/rnorth/duct-tape/duct-tape/1.0.8/duct-tape-1.0.8.jar:/home/runner/.m2/repository/com/github/docker-java/docker-java-transport-zerodep/3.4.1/docker-java-transport-zerodep-3.4.1.jar:/home/runner/.m2/repository/com/github/docker-java/docker-java-transport/3.4.1/docker-java-transport-3.4.1.jar:/home/runner/.m2/repository/net/java/dev/jna/jna/5.8.0/jna-5.8.0.jar:/home/runner/.m2/repository/io/quarkus/quarkus-junit4-mock/3.20.2/quarkus-junit4-mock-3.20.2.jar:/home/runner/.m2/repository/org/jboss/shrinkwrap/shrinkwrap-api/2.0.0-beta-2/shrinkwrap-api-2.0.0-beta-2.jar:/home/runner/.m2/repository/org/jboss/shrinkwrap/shrinkwrap-impl-base/2.0.0-beta-2/shrinkwrap-impl-base-2.0.0-beta-2.jar:/home/runner/.m2/repository/org/jboss/shrinkwrap/shrinkwrap-spi/2.0.0-beta-2/shrinkwrap-spi-2.0.0-beta-2.jar:/home/runner/.m2/repository/org/keycloak/keycloak-admin-client/26.0.4/keycloak-admin-client-26.0.4.jar:/home/runner/.m2/repository/org/keycloak/keycloak-client-common-synced/26.0.4/keycloak-client-common-synced-26.0.4.jar:/home/runner/.m2/repository/jakarta/activation/jakarta.activation-api/2.1.3/jakarta.activation-api-2.1.3.jar:/home/runner/.m2/repository/org/eclipse/microprofile/openapi/microprofile-openapi-api/4.0.2/microprofile-openapi-api-4.0.2.jar:/home/runner/.m2/repository/org/jboss/resteasy/resteasy-client/6.2.12.Final/resteasy-client-6.2.12.Final.jar:/home/runner/.m2/repository/org/jboss/resteasy/resteasy-client-api/6.2.12.Final/resteasy-client-api-6.2.12.Final.jar:/home/runner/.m2/repository/org/jboss/resteasy/resteasy-core-spi/6.2.12.Final/resteasy-core-spi-6.2.12.Final.jar:/home/runner/.m2/repository/org/jboss/resteasy/resteasy-core/6.2.12.Final/resteasy-core-6.2.12.Final.jar:/home/runner/.m2/repository/org/eclipse/angus/angus-activation/2.0.2/angus-activation-2.0.2.jar:/home/runner/.m2/repository/com/ibm/async/asyncutil/0.1.0/asyncutil-0.1.0.jar:/home/runner/.m2/repository/org/reactivestreams/reactive-streams/1.0.4/reactive-streams-1.0.4.jar:/home/runner/.m2/repository/org/jboss/resteasy/resteasy-multipart-provider/6.2.12.Final/resteasy-multipart-provider-6.2.12.Final.jar:/home/runner/.m2/repository/jakarta/mail/jakarta.mail-api/2.1.3/jakarta.mail-api-2.1.3.jar:/home/runner/.m2/repository/org/eclipse/angus/angus-mail/2.0.3/angus-mail-2.0.3.jar:/home/runner/.m2/repository/org/apache/james/apache-mime4j-dom/0.8.12/apache-mime4j-dom-0.8.12.jar:/home/runner/.m2/repository/org/apache/james/apache-mime4j-core/0.8.12/apache-mime4j-core-0.8.12.jar:/home/runner/.m2/repository/org/apache/james/apache-mime4j-storage/0.8.12/apache-mime4j-storage-0.8.12.jar:/home/runner/.m2/repository/org/jboss/resteasy/resteasy-jackson2-provider/6.2.12.Final/resteasy-jackson2-provider-6.2.12.Final.jar:/home/runner/.m2/repository/com/fasterxml/jackson/jakarta/rs/jackson-jakarta-rs-base/2.18.2/jackson-jakarta-rs-base-2.18.2.jar:/home/runner/.m2/repository/com/fasterxml/jackson/jakarta/rs/jackson-jakarta-rs-json-provider/2.18.2/jackson-jakarta-rs-json-provider-2.18.2.jar:/home/runner/.m2/repository/com/fasterxml/jackson/module/jackson-module-jakarta-xmlbind-annotations/2.18.2/jackson-module-jakarta-xmlbind-annotations-2.18.2.jar:/home/runner/.m2/repository/com/github/java-json-tools/json-patch/1.13/json-patch-1.13.jar:/home/runner/.m2/repository/com/github/java-json-tools/msg-simple/1.2/msg-simple-1.2.jar:/home/runner/.m2/repository/com/github/java-json-tools/btf/1.3/btf-1.3.jar:/home/runner/.m2/repository/com/github/java-json-tools/jackson-coreutils/2.0/jackson-coreutils-2.0.jar:/home/runner/.m2/repository/org/jboss/resteasy/resteasy-jaxb-provider/6.2.12.Final/resteasy-jaxb-provider-6.2.12.Final.jar:/home/runner/.m2/repository/org/glassfish/jaxb/codemodel/4.0.5/codemodel-4.0.5.jar:/home/runner/.m2/repository/org/glassfish/jaxb/jaxb-core/4.0.5/jaxb-core-4.0.5.jar:/home/runner/.m2/repository/org/glassfish/jaxb/jaxb-jxc/4.0.5/jaxb-jxc-4.0.5.jar:/home/runner/.m2/repository/org/glassfish/jaxb/jaxb-runtime/4.0.5/jaxb-runtime-4.0.5.jar:/home/runner/.m2/repository/org/glassfish/jaxb/txw2/4.0.5/txw2-4.0.5.jar:/home/runner/.m2/repository/org/glassfish/jaxb/jaxb-xjc/4.0.5/jaxb-xjc-4.0.5.jar:/home/runner/.m2/repository/org/glassfish/jaxb/xsom/4.0.5/xsom-4.0.5.jar:/home/runner/.m2/repository/com/sun/istack/istack-commons-runtime/4.1.2/istack-commons-runtime-4.1.2.jar:/home/runner/.m2/repository/com/sun/istack/istack-commons-tools/4.1.2/istack-commons-tools-4.1.2.jar:/home/runner/.m2/repository/com/sun/xml/bind/external/relaxng-datatype/4.0.5/relaxng-datatype-4.0.5.jar:/home/runner/.m2/repository/com/sun/xml/bind/external/rngom/4.0.5/rngom-4.0.5.jar:/home/runner/.m2/repository/org/testcontainers/mssqlserver/1.20.6/mssqlserver-1.20.6.jar:/home/runner/.m2/repository/org/testcontainers/jdbc/1.20.6/jdbc-1.20.6.jar:/home/runner/.m2/repository/org/testcontainers/database-commons/1.20.6/database-commons-1.20.6.jar:/home/runner/.m2/repository/org/testcontainers/mysql/1.20.6/mysql-1.20.6.jar:/home/runner/.m2/repository/io/strimzi/strimzi-test-container/0.111.0/strimzi-test-container-0.111.0.jar:/home/runner/.m2/repository/org/testcontainers/toxiproxy/1.20.6/toxiproxy-1.20.6.jar:/home/runner/.m2/repository/com/github/docker-java/docker-java-api/3.4.1/docker-java-api-3.4.1.jar:/home/runner/.m2/repository/org/apache/logging/log4j/log4j-slf4j-impl/2.19.0/log4j-slf4j-impl-2.19.0.jar:/home/runner/.m2/repository/org/apache/logging/log4j/log4j-api/2.24.3/log4j-api-2.24.3.jar:/home/runner/.m2/repository/org/apache/logging/log4j/log4j-core/2.19.0/log4j-core-2.19.0.jar:/home/runner/.m2/repository/eu/rekawek/toxiproxy/toxiproxy-java/2.1.7/toxiproxy-java-2.1.7.jar:/home/runner/.m2/repository/org/testcontainers/pulsar/1.21.3/pulsar-1.21.3.jar:/home/runner/.m2/repository/io/debezium/debezium-testing-testcontainers/2.7.4.Final/debezium-testing-testcontainers-2.7.4.Final.jar:/home/runner/.m2/repository/org/testcontainers/kafka/1.20.6/kafka-1.20.6.jar:/home/runner/.m2/repository/com/squareup/okhttp3/okhttp/4.8.1/okhttp-4.8.1.jar:/home/runner/.m2/repository/com/squareup/okio/okio/3.10.2/okio-3.10.2.jar:/home/runner/.m2/repository/com/squareup/okio/okio-jvm/3.10.2/okio-jvm-3.10.2.jar:/home/runner/.m2/repository/org/jetbrains/kotlin/kotlin-stdlib/2.0.21/kotlin-stdlib-2.0.21.jar:/home/runner/.m2/repository/org/awaitility/awaitility/4.3.0/awaitility-4.3.0.jar:/home/runner/.m2/repository/org/testcontainers/mongodb/1.20.6/mongodb-1.20.6.jar:/home/runner/.m2/repository/org/testcontainers/mariadb/1.20.6/mariadb-1.20.6.jar:/home/runner/.m2/repository/org/testcontainers/oracle-xe/1.20.6/oracle-xe-1.20.6.jar:/home/runner/.m2/repository/org/testcontainers/postgresql/1.20.6/postgresql-1.20.6.jar:/home/runner/.m2/repository/org/wiremock/wiremock/3.0.1/wiremock-3.0.1.jar:/home/runner/.m2/repository/org/eclipse/jetty/jetty-server/11.0.15/jetty-server-11.0.15.jar:/home/runner/.m2/repository/org/eclipse/jetty/toolchain/jetty-jakarta-servlet-api/5.0.2/jetty-jakarta-servlet-api-5.0.2.jar:/home/runner/.m2/repository/org/eclipse/jetty/jetty-http/11.0.15/jetty-http-11.0.15.jar:/home/runner/.m2/repository/org/eclipse/jetty/jetty-io/11.0.15/jetty-io-11.0.15.jar:/home/runner/.m2/repository/org/eclipse/jetty/jetty-servlet/11.0.15/jetty-servlet-11.0.15.jar:/home/runner/.m2/repository/org/eclipse/jetty/jetty-security/11.0.15/jetty-security-11.0.15.jar:/home/runner/.m2/repository/org/eclipse/jetty/jetty-servlets/11.0.15/jetty-servlets-11.0.15.jar:/home/runner/.m2/repository/org/eclipse/jetty/jetty-util/11.0.15/jetty-util-11.0.15.jar:/home/runner/.m2/repository/org/eclipse/jetty/jetty-webapp/11.0.15/jetty-webapp-11.0.15.jar:/home/runner/.m2/repository/org/eclipse/jetty/jetty-xml/11.0.15/jetty-xml-11.0.15.jar:/home/runner/.m2/repository/org/eclipse/jetty/jetty-proxy/11.0.15/jetty-proxy-11.0.15.jar:/home/runner/.m2/repository/org/eclipse/jetty/jetty-client/11.0.15/jetty-client-11.0.15.jar:/home/runner/.m2/repository/org/eclipse/jetty/http2/http2-server/11.0.15/http2-server-11.0.15.jar:/home/runner/.m2/repository/org/eclipse/jetty/http2/http2-common/11.0.15/http2-common-11.0.15.jar:/home/runner/.m2/repository/org/eclipse/jetty/http2/http2-hpack/11.0.15/http2-hpack-11.0.15.jar:/home/runner/.m2/repository/org/eclipse/jetty/jetty-alpn-server/11.0.15/jetty-alpn-server-11.0.15.jar:/home/runner/.m2/repository/org/eclipse/jetty/jetty-alpn-java-server/11.0.15/jetty-alpn-java-server-11.0.15.jar:/home/runner/.m2/repository/org/eclipse/jetty/jetty-alpn-java-client/11.0.15/jetty-alpn-java-client-11.0.15.jar:/home/runner/.m2/repository/org/eclipse/jetty/jetty-alpn-client/11.0.15/jetty-alpn-client-11.0.15.jar:/home/runner/.m2/repository/org/apache/httpcomponents/client5/httpclient5/5.2.1/httpclient5-5.2.1.jar:/home/runner/.m2/repository/org/apache/httpcomponents/core5/httpcore5/5.2/httpcore5-5.2.jar:/home/runner/.m2/repository/org/apache/httpcomponents/core5/httpcore5-h2/5.2/httpcore5-h2-5.2.jar:/home/runner/.m2/repository/org/xmlunit/xmlunit-core/2.9.1/xmlunit-core-2.9.1.jar:/home/runner/.m2/repository/jakarta/xml/bind/jakarta.xml.bind-api/4.0.2/jakarta.xml.bind-api-4.0.2.jar:/home/runner/.m2/repository/org/xmlunit/xmlunit-legacy/2.9.1/xmlunit-legacy-2.9.1.jar:/home/runner/.m2/repository/org/xmlunit/xmlunit-placeholders/2.9.1/xmlunit-placeholders-2.9.1.jar:/home/runner/.m2/repository/net/javacrumbs/json-unit/json-unit-core/2.38.0/json-unit-core-2.38.0.jar:/home/runner/.m2/repository/org/hamcrest/hamcrest-core/2.2/hamcrest-core-2.2.jar:/home/runner/.m2/repository/com/jayway/jsonpath/json-path/2.8.0/json-path-2.8.0.jar:/home/runner/.m2/repository/net/minidev/json-smart/2.4.10/json-smart-2.4.10.jar:/home/runner/.m2/repository/net/minidev/accessors-smart/2.4.9/accessors-smart-2.4.9.jar:/home/runner/.m2/repository/org/ow2/asm/asm/9.7.1/asm-9.7.1.jar:/home/runner/.m2/repository/net/sf/jopt-simple/jopt-simple/5.0.4/jopt-simple-5.0.4.jar:/home/runner/.m2/repository/com/github/jknack/handlebars/4.3.1/handlebars-4.3.1.jar:/home/runner/.m2/repository/com/github/jknack/handlebars-helpers/4.3.1/handlebars-helpers-4.3.1.jar:/home/runner/.m2/repository/commons-fileupload/commons-fileupload/1.5/commons-fileupload-1.5.jar:/home/runner/.m2/repository/com/networknt/json-schema-validator/1.5.8/json-schema-validator-1.5.8.jar:/home/runner/.m2/repository/com/ethlo/time/itu/1.10.3/itu-1.10.3.jar:/home/runner/.m2/repository/io/quarkus/quarkus-smallrye-jwt-build/3.20.2/quarkus-smallrye-jwt-build-3.20.2.jar:/home/runner/.m2/repository/io/smallrye/smallrye-jwt-build/4.6.2/smallrye-jwt-build-4.6.2.jar:/home/runner/.m2/repository/org/eclipse/microprofile/jwt/microprofile-jwt-auth-api/2.1/microprofile-jwt-auth-api-2.1.jar:/home/runner/.m2/repository/org/bitbucket/b_c/jose4j/0.9.6/jose4j-0.9.6.jar:/home/runner/.m2/repository/io/smallrye/smallrye-jwt-common/4.6.2/smallrye-jwt-common-4.6.2.jar:/home/runner/.m2/repository/io/quarkus/quarkus-jsonp/3.20.2/quarkus-jsonp-3.20.2.jar:/home/runner/.m2/repository/io/quarkus/quarkus-arc/3.20.2/quarkus-arc-3.20.2.jar:/home/runner/.m2/repository/io/quarkus/arc/arc/3.20.2/arc-3.20.2.jar:/home/runner/.m2/repository/jakarta/transaction/jakarta.transaction-api/2.0.1/jakarta.transaction-api-2.0.1.jar:/home/runner/.m2/repository/io/smallrye/reactive/mutiny/2.9.2/mutiny-2.9.2.jar:/home/runner/.m2/repository/org/jctools/jctools-core/4.0.5/jctools-core-4.0.5.jar:/home/runner/.m2/repository/org/eclipse/microprofile/context-propagation/microprofile-context-propagation-api/1.3/microprofile-context-propagation-api-1.3.jar:/home/runner/.m2/repository/io/apicurio/apicurio-common-rest-client-common/0.1.18.Final/apicurio-common-rest-client-common-0.1.18.Final.jar:/home/runner/work/apicurio-testing/apicurio-testing/clusters/ci419/namespaces/ksql043/tests/integration/apicurio-registry/utils/maven-plugin/target/apicurio-registry-maven-plugin-3.0.12-SNAPSHOT.jar:/home/runner/.m2/repository/com/fasterxml/jackson/core/jackson-databind/2.18.2/jackson-databind-2.18.2.jar:/home/runner/.m2/repository/org/apache/avro/avro/1.12.0/avro-1.12.0.jar:/home/runner/.m2/repository/com/google/protobuf/protobuf-java/4.31.1/protobuf-java-4.31.1.jar:/home/runner/.m2/repository/com/google/protobuf/protobuf-java-util/4.31.1/protobuf-java-util-4.31.1.jar:/home/runner/.m2/repository/com/google/code/findbugs/jsr305/3.0.2/jsr305-3.0.2.jar:/home/runner/.m2/repository/com/google/code/gson/gson/2.12.1/gson-2.12.1.jar:/home/runner/.m2/repository/com/google/errorprone/error_prone_annotations/2.36.0/error_prone_annotations-2.36.0.jar:/home/runner/.m2/repository/com/google/j2objc/j2objc-annotations/2.8/j2objc-annotations-2.8.jar:/home/runner/work/apicurio-testing/apicurio-testing/clusters/ci419/namespaces/ksql043/tests/integration/apicurio-registry/schema-util/util-provider/target/apicurio-registry-schema-util-provider-3.0.12-SNAPSHOT.jar:/home/runner/work/apicurio-testing/apicurio-testing/clusters/ci419/namespaces/ksql043/tests/integration/apicurio-registry/schema-util/common/target/apicurio-registry-schema-util-common-3.0.12-SNAPSHOT.jar:/home/runner/.m2/repository/com/fasterxml/jackson/module/jackson-module-parameter-names/2.18.2/jackson-module-parameter-names-2.18.2.jar:/home/runner/.m2/repository/com/fasterxml/jackson/datatype/jackson-datatype-json-org/2.18.2/jackson-datatype-json-org-2.18.2.jar:/home/runner/work/apicurio-testing/apicurio-testing/clusters/ci419/namespaces/ksql043/tests/integration/apicurio-registry/schema-util/json/target/apicurio-registry-schema-util-json-3.0.12-SNAPSHOT.jar:/home/runner/.m2/repository/com/github/erosb/everit-json-schema/1.14.5/everit-json-schema-1.14.5.jar:/home/runner/.m2/repository/commons-validator/commons-validator/1.9.0/commons-validator-1.9.0.jar:/home/runner/.m2/repository/commons-digester/commons-digester/2.1/commons-digester-2.1.jar:/home/runner/.m2/repository/commons-collections/commons-collections/3.2.2/commons-collections-3.2.2.jar:/home/runner/.m2/repository/com/damnhandy/handy-uri-templates/2.1.8/handy-uri-templates-2.1.8.jar:/home/runner/.m2/repository/joda-time/joda-time/2.10.2/joda-time-2.10.2.jar:/home/runner/.m2/repository/com/github/erosb/json-sKema/0.20.0/json-sKema-0.20.0.jar:/home/runner/.m2/repository/io/vertx/vertx-json-schema/4.5.16/vertx-json-schema-4.5.16.jar:/home/runner/work/apicurio-testing/apicurio-testing/clusters/ci419/namespaces/ksql043/tests/integration/apicurio-registry/schema-util/protobuf/target/apicurio-registry-schema-util-protobuf-3.0.12-SNAPSHOT.jar:/home/runner/work/apicurio-testing/apicurio-testing/clusters/ci419/namespaces/ksql043/tests/integration/apicurio-registry/utils/protobuf-schema-utilities/target/apicurio-registry-protobuf-schema-utilities-3.0.12-SNAPSHOT.jar:/home/runner/.m2/repository/com/google/api/grpc/proto-google-common-protos/2.52.0/proto-google-common-protos-2.52.0.jar:/home/runner/.m2/repository/com/squareup/wire/wire-schema-jvm/5.3.3/wire-schema-jvm-5.3.3.jar:/home/runner/.m2/repository/com/palantir/javapoet/javapoet/0.6.0/javapoet-0.6.0.jar:/home/runner/.m2/repository/com/squareup/kotlinpoet-jvm/2.0.0/kotlinpoet-jvm-2.0.0.jar:/home/runner/.m2/repository/org/jetbrains/kotlin/kotlin-reflect/2.0.21/kotlin-reflect-2.0.21.jar:/home/runner/.m2/repository/com/squareup/wire/wire-runtime-jvm/5.3.3/wire-runtime-jvm-5.3.3.jar:/home/runner/.m2/repository/com/ibm/icu/icu4j/76.1/icu4j-76.1.jar:/home/runner/.m2/repository/com/squareup/okio/okio-fakefilesystem/3.10.2/okio-fakefilesystem-3.10.2.jar:/home/runner/.m2/repository/com/squareup/okio/okio-fakefilesystem-jvm/3.10.2/okio-fakefilesystem-jvm-3.10.2.jar:/home/runner/.m2/repository/org/jetbrains/kotlinx/kotlinx-datetime-jvm/0.6.1/kotlinx-datetime-jvm-0.6.1.jar:/home/runner/work/apicurio-testing/apicurio-testing/clusters/ci419/namespaces/ksql043/tests/integration/apicurio-registry/schema-util/asyncapi/target/apicurio-registry-schema-util-asyncapi-3.0.12-SNAPSHOT.jar:/home/runner/work/apicurio-testing/apicurio-testing/clusters/ci419/namespaces/ksql043/tests/integration/apicurio-registry/schema-util/avro/target/apicurio-registry-schema-util-avro-3.0.12-SNAPSHOT.jar:/home/runner/work/apicurio-testing/apicurio-testing/clusters/ci419/namespaces/ksql043/tests/integration/apicurio-registry/schema-util/graphql/target/apicurio-registry-schema-util-graphql-3.0.12-SNAPSHOT.jar:/home/runner/.m2/repository/com/graphql-java/graphql-java/22.4/graphql-java-22.4.jar:/home/runner/.m2/repository/com/graphql-java/java-dataloader/3.3.0/java-dataloader-3.3.0.jar:/home/runner/work/apicurio-testing/apicurio-testing/clusters/ci419/namespaces/ksql043/tests/integration/apicurio-registry/schema-util/kconnect/target/apicurio-registry-schema-util-kconnect-3.0.12-SNAPSHOT.jar:/home/runner/work/apicurio-testing/apicurio-testing/clusters/ci419/namespaces/ksql043/tests/integration/apicurio-registry/schema-util/openapi/target/apicurio-registry-schema-util-openapi-3.0.12-SNAPSHOT.jar:/home/runner/.m2/repository/io/apicurio/apicurio-data-models/2.2.2/apicurio-data-models-2.2.2.jar:/home/runner/.m2/repository/org/openapitools/openapidiff/openapi-diff-core/2.1.2/openapi-diff-core-2.1.2.jar:/home/runner/.m2/repository/io/swagger/parser/v3/swagger-parser/2.1.28/swagger-parser-2.1.28.jar:/home/runner/.m2/repository/io/swagger/parser/v3/swagger-parser-v2-converter/2.1.28/swagger-parser-v2-converter-2.1.28.jar:/home/runner/.m2/repository/io/swagger/swagger-core/1.6.16/swagger-core-1.6.16.jar:/home/runner/.m2/repository/io/swagger/swagger-models/1.6.16/swagger-models-1.6.16.jar:/home/runner/.m2/repository/io/swagger/swagger-annotations/1.6.16/swagger-annotations-1.6.16.jar:/home/runner/.m2/repository/io/swagger/swagger-parser/1.0.75/swagger-parser-1.0.75.jar:/home/runner/.m2/repository/io/swagger/swagger-parser-safe-url-resolver/1.0.75/swagger-parser-safe-url-resolver-1.0.75.jar:/home/runner/.m2/repository/io/swagger/swagger-compat-spec-parser/1.0.75/swagger-compat-spec-parser-1.0.75.jar:/home/runner/.m2/repository/com/github/java-json-tools/json-schema-validator/2.2.14/json-schema-validator-2.2.14.jar:/home/runner/.m2/repository/com/github/java-json-tools/jackson-coreutils-equivalence/1.0/jackson-coreutils-equivalence-1.0.jar:/home/runner/.m2/repository/com/github/java-json-tools/json-schema-core/1.2.14/json-schema-core-1.2.14.jar:/home/runner/.m2/repository/com/github/java-json-tools/uri-template/0.10/uri-template-0.10.jar:/home/runner/.m2/repository/com/googlecode/libphonenumber/libphonenumber/8.11.1/libphonenumber-8.11.1.jar:/home/runner/.m2/repository/com/j2html/j2html/1.6.0/j2html-1.6.0.jar:/home/runner/.m2/repository/org/apache/commons/commons-collections4/4.5.0/commons-collections4-4.5.0.jar:/home/runner/.m2/repository/org/slf4j/jcl-over-slf4j/2.0.17/jcl-over-slf4j-2.0.17.jar:/home/runner/.m2/repository/io/swagger/parser/v3/swagger-parser-v3/2.1.31/swagger-parser-v3-2.1.31.jar:/home/runner/.m2/repository/io/swagger/core/v3/swagger-models/2.2.34/swagger-models-2.2.34.jar:/home/runner/.m2/repository/io/swagger/core/v3/swagger-core/2.2.34/swagger-core-2.2.34.jar:/home/runner/.m2/repository/io/swagger/parser/v3/swagger-parser-core/2.1.31/swagger-parser-core-2.1.31.jar:/home/runner/.m2/repository/io/swagger/parser/v3/swagger-parser-safe-url-resolver/2.1.31/swagger-parser-safe-url-resolver-2.1.31.jar:/home/runner/work/apicurio-testing/apicurio-testing/clusters/ci419/namespaces/ksql043/tests/integration/apicurio-registry/schema-util/wsdl/target/apicurio-registry-schema-util-wsdl-3.0.12-SNAPSHOT.jar:/home/runner/.m2/repository/wsdl4j/wsdl4j/1.6.3/wsdl4j-1.6.3.jar:/home/runner/work/apicurio-testing/apicurio-testing/clusters/ci419/namespaces/ksql043/tests/integration/apicurio-registry/schema-util/xml/target/apicurio-registry-schema-util-xml-3.0.12-SNAPSHOT.jar:/home/runner/.m2/repository/org/apache/santuario/xmlsec/4.0.4/xmlsec-4.0.4.jar:/home/runner/.m2/repository/com/fasterxml/woodstox/woodstox-core/7.1.1/woodstox-core-7.1.1.jar:/home/runner/.m2/repository/org/codehaus/woodstox/stax2-api/4.2.2/stax2-api-4.2.2.jar:/home/runner/work/apicurio-testing/apicurio-testing/clusters/ci419/namespaces/ksql043/tests/integration/apicurio-registry/schema-util/xsd/target/apicurio-registry-schema-util-xsd-3.0.12-SNAPSHOT.jar:/home/runner/work/apicurio-testing/apicurio-testing/clusters/ci419/namespaces/ksql043/tests/integration/apicurio-registry/serdes/kafka/jsonschema-serde/target/apicurio-registry-jsonschema-serde-kafka-3.0.12-SNAPSHOT.jar:/home/runner/work/apicurio-testing/apicurio-testing/clusters/ci419/namespaces/ksql043/tests/integration/apicurio-registry/serdes/kafka/serde-kafka-common/target/apicurio-registry-serde-kafka-common-3.0.12-SNAPSHOT.jar:/home/runner/work/apicurio-testing/apicurio-testing/clusters/ci419/namespaces/ksql043/tests/integration/apicurio-registry/serdes/generic/serde-common/target/apicurio-registry-serde-common-3.0.12-SNAPSHOT.jar:/home/runner/work/apicurio-testing/apicurio-testing/clusters/ci419/namespaces/ksql043/tests/integration/apicurio-registry/serdes/generic/serde-common-jsonschema/target/apicurio-registry-serde-common-jsonschema-3.0.12-SNAPSHOT.jar:/home/runner/.m2/repository/org/json/json/20250107/json-20250107.jar:/home/runner/work/apicurio-testing/apicurio-testing/clusters/ci419/namespaces/ksql043/tests/integration/apicurio-registry/serdes/kafka/avro-serde/target/apicurio-registry-avro-serde-kafka-3.0.12-SNAPSHOT.jar:/home/runner/work/apicurio-testing/apicurio-testing/clusters/ci419/namespaces/ksql043/tests/integration/apicurio-registry/serdes/generic/serde-common-avro/target/apicurio-registry-serde-common-avro-3.0.12-SNAPSHOT.jar:/home/runner/work/apicurio-testing/apicurio-testing/clusters/ci419/namespaces/ksql043/tests/integration/apicurio-registry/serdes/kafka/protobuf-serde/target/apicurio-registry-protobuf-serde-kafka-3.0.12-SNAPSHOT.jar:/home/runner/work/apicurio-testing/apicurio-testing/clusters/ci419/namespaces/ksql043/tests/integration/apicurio-registry/serdes/generic/serde-common-protobuf/target/apicurio-registry-serde-common-protobuf-3.0.12-SNAPSHOT.jar:/home/runner/.m2/repository/com/squareup/wire/wire-schema/5.3.3/wire-schema-5.3.3.jar:/home/runner/.m2/repository/com/squareup/wire/wire-runtime/5.3.3/wire-runtime-5.3.3.jar:/home/runner/work/apicurio-testing/apicurio-testing/clusters/ci419/namespaces/ksql043/tests/integration/apicurio-registry/serdes/pulsar/avro-serde/target/apicurio-registry-avro-serde-pulsar-3.0.12-SNAPSHOT.jar:/home/runner/.m2/repository/org/apache/pulsar/pulsar-functions-api/3.3.8/pulsar-functions-api-3.3.8.jar:/home/runner/work/apicurio-testing/apicurio-testing/clusters/ci419/namespaces/ksql043/tests/integration/apicurio-registry/serdes/nats/avro-serde/target/apicurio-registry-avro-serde-nats-3.0.12-SNAPSHOT.jar:/home/runner/.m2/repository/io/nats/jnats/2.21.4/jnats-2.21.4.jar:/home/runner/.m2/repository/org/bouncycastle/bcprov-lts8on/2.73.7/bcprov-lts8on-2.73.7.jar:/home/runner/.m2/repository/org/jetbrains/annotations/26.0.2/annotations-26.0.2.jar:/home/runner/work/apicurio-testing/apicurio-testing/clusters/ci419/namespaces/ksql043/tests/integration/apicurio-registry/utils/converter/target/apicurio-registry-utils-converter-3.0.12-SNAPSHOT.jar:/home/runner/work/apicurio-testing/apicurio-testing/clusters/ci419/namespaces/ksql043/tests/integration/apicurio-registry/schema-resolver/target/apicurio-registry-schema-resolver-3.0.12-SNAPSHOT.jar:/home/runner/.m2/repository/org/apache/kafka/connect-api/3.9.1/connect-api-3.9.1.jar:/home/runner/.m2/repository/javax/ws/rs/javax.ws.rs-api/2.1.1/javax.ws.rs-api-2.1.1.jar:/home/runner/.m2/repository/org/apache/kafka/connect-json/3.9.1/connect-json-3.9.1.jar:/home/runner/.m2/repository/com/fasterxml/jackson/datatype/jackson-datatype-jdk8/2.18.2/jackson-datatype-jdk8-2.18.2.jar:/home/runner/.m2/repository/com/fasterxml/jackson/module/jackson-module-afterburner/2.18.2/jackson-module-afterburner-2.18.2.jar:/home/runner/work/apicurio-testing/apicurio-testing/clusters/ci419/namespaces/ksql043/tests/integration/apicurio-registry/utils/kafka/target/apicurio-registry-utils-kafka-3.0.12-SNAPSHOT.jar:/home/runner/.m2/repository/org/apache/pulsar/pulsar-client/3.3.8/pulsar-client-3.3.8.jar:/home/runner/.m2/repository/org/apache/pulsar/pulsar-client-api/3.3.8/pulsar-client-api-3.3.8.jar:/home/runner/.m2/repository/org/apache/pulsar/pulsar-client-admin-api/3.3.8/pulsar-client-admin-api-3.3.8.jar:/home/runner/.m2/repository/org/apache/pulsar/bouncy-castle-bc/3.3.8/bouncy-castle-bc-3.3.8-pkg.jar:/home/runner/.m2/repository/org/bouncycastle/bcpkix-jdk18on/1.81/bcpkix-jdk18on-1.81.jar:/home/runner/.m2/repository/org/bouncycastle/bcutil-jdk18on/1.81/bcutil-jdk18on-1.81.jar:/home/runner/.m2/repository/org/bouncycastle/bcprov-jdk18on/1.81/bcprov-jdk18on-1.81.jar:/home/runner/.m2/repository/io/opentelemetry/opentelemetry-api/1.44.1/opentelemetry-api-1.44.1.jar:/home/runner/.m2/repository/io/opentelemetry/opentelemetry-context/1.44.1/opentelemetry-context-1.44.1.jar:/home/runner/.m2/repository/io/opentelemetry/opentelemetry-api-incubator/1.44.1-alpha/opentelemetry-api-incubator-1.44.1-alpha.jar:/home/runner/.m2/repository/com/fasterxml/jackson/core/jackson-annotations/2.18.2/jackson-annotations-2.18.2.jar:/home/runner/.m2/repository/javax/validation/validation-api/1.1.0.Final/validation-api-1.1.0.Final.jar:/home/runner/.m2/repository/org/jspecify/jspecify/1.0.0/jspecify-1.0.0.jar:/home/runner/.m2/repository/org/apache/commons/commons-configuration2/2.12.0/commons-configuration2-2.12.0.jar:/home/runner/.m2/repository/commons-logging/commons-logging/1.3.5/commons-logging-1.3.5.jar:/home/runner/.m2/repository/org/apache/commons/commons-text/1.13.0/commons-text-1.13.0.jar:/home/runner/.m2/repository/io/confluent/kafka-avro-serializer/8.0.0/kafka-avro-serializer-8.0.0.jar:/home/runner/.m2/repository/org/apache/commons/commons-compress/1.27.1/commons-compress-1.27.1.jar:/home/runner/.m2/repository/io/confluent/kafka-schema-serializer/8.0.0/kafka-schema-serializer-8.0.0.jar:/home/runner/.m2/repository/com/fasterxml/jackson/dataformat/jackson-dataformat-csv/2.18.2/jackson-dataformat-csv-2.18.2.jar:/home/runner/.m2/repository/io/confluent/kafka-schema-registry-client/8.0.0/kafka-schema-registry-client-8.0.0.jar:/home/runner/.m2/repository/org/yaml/snakeyaml/2.3/snakeyaml-2.3.jar:/home/runner/.m2/repository/io/swagger/core/v3/swagger-annotations/2.2.29/swagger-annotations-2.2.29.jar:/home/runner/.m2/repository/com/google/guava/guava/33.4.0-jre/guava-33.4.0-jre.jar:/home/runner/.m2/repository/com/google/guava/failureaccess/1.0.1/failureaccess-1.0.1.jar:/home/runner/.m2/repository/org/checkerframework/checker-qual/3.49.0/checker-qual-3.49.0.jar:/home/runner/.m2/repository/io/confluent/logredactor/1.0.13/logredactor-1.0.13.jar:/home/runner/.m2/repository/com/google/re2j/re2j/1.6/re2j-1.6.jar:/home/runner/.m2/repository/io/confluent/logredactor-metrics/1.0.13/logredactor-metrics-1.0.13.jar:/home/runner/.m2/repository/com/eclipsesource/minimal-json/minimal-json/0.9.5/minimal-json-0.9.5.jar:/home/runner/.m2/repository/io/confluent/common-utils/8.0.0/common-utils-8.0.0.jar:/home/runner/.m2/repository/io/confluent/kafka-connect-avro-converter/8.0.0/kafka-connect-avro-converter-8.0.0.jar:/home/runner/.m2/repository/io/confluent/kafka-connect-avro-data/8.0.0/kafka-connect-avro-data-8.0.0.jar:/home/runner/.m2/repository/io/confluent/kafka-schema-converter/8.0.0/kafka-schema-converter-8.0.0.jar:/home/runner/.m2/repository/io/rest-assured/rest-assured/5.5.1/rest-assured-5.5.1.jar:/home/runner/.m2/repository/org/apache/groovy/groovy/4.0.22/groovy-4.0.22.jar:/home/runner/.m2/repository/org/apache/groovy/groovy-xml/4.0.22/groovy-xml-4.0.22.jar:/home/runner/.m2/repository/org/apache/httpcomponents/httpclient/4.5.14/httpclient-4.5.14.jar:/home/runner/.m2/repository/org/apache/httpcomponents/httpcore/4.4.16/httpcore-4.4.16.jar:/home/runner/.m2/repository/org/apache/httpcomponents/httpmime/4.5.14/httpmime-4.5.14.jar:/home/runner/.m2/repository/org/hamcrest/hamcrest/2.2/hamcrest-2.2.jar:/home/runner/.m2/repository/org/ccil/cowan/tagsoup/tagsoup/1.2.1/tagsoup-1.2.1.jar:/home/runner/.m2/repository/io/rest-assured/json-path/5.5.1/json-path-5.5.1.jar:/home/runner/.m2/repository/org/apache/groovy/groovy-json/4.0.22/groovy-json-4.0.22.jar:/home/runner/.m2/repository/io/rest-assured/rest-assured-common/5.5.1/rest-assured-common-5.5.1.jar:/home/runner/.m2/repository/io/rest-assured/xml-path/5.5.1/xml-path-5.5.1.jar:/home/runner/.m2/repository/io/zonky/test/embedded-postgres/2.1.0/embedded-postgres-2.1.0.jar:/home/runner/.m2/repository/io/zonky/test/postgres/embedded-postgres-binaries-windows-amd64/14.15.0/embedded-postgres-binaries-windows-amd64-14.15.0.jar:/home/runner/.m2/repository/io/zonky/test/postgres/embedded-postgres-binaries-darwin-amd64/14.15.0/embedded-postgres-binaries-darwin-amd64-14.15.0.jar:/home/runner/.m2/repository/io/zonky/test/postgres/embedded-postgres-binaries-linux-amd64/14.15.0/embedded-postgres-binaries-linux-amd64-14.15.0.jar:/home/runner/.m2/repository/io/zonky/test/postgres/embedded-postgres-binaries-linux-amd64-alpine/14.15.0/embedded-postgres-binaries-linux-amd64-alpine-14.15.0.jar:/home/runner/.m2/repository/org/apache/commons/commons-lang3/3.17.0/commons-lang3-3.17.0.jar:/home/runner/.m2/repository/org/tukaani/xz/1.10/xz-1.10.jar:/home/runner/.m2/repository/commons-codec/commons-codec/1.19.0/commons-codec-1.19.0.jar:/home/runner/.m2/repository/org/postgresql/postgresql/42.7.7/postgresql-42.7.7.jar:/home/runner/.m2/repository/commons-io/commons-io/2.18.0/commons-io-2.18.0.jar:/home/runner/work/apicurio-testing/apicurio-testing/clusters/ci419/namespaces/ksql043/tests/integration/apicurio-registry/utils/importexport/target/apicurio-registry-utils-import-export-3.0.12-SNAPSHOT.jar:/home/runner/.m2/repository/io/vertx/vertx-core/4.5.16/vertx-core-4.5.16.jar:/home/runner/.m2/repository/io/netty/netty-common/4.1.121.Final/netty-common-4.1.121.Final.jar:/home/runner/.m2/repository/io/netty/netty-buffer/4.1.121.Final/netty-buffer-4.1.121.Final.jar:/home/runner/.m2/repository/io/netty/netty-transport/4.1.121.Final/netty-transport-4.1.121.Final.jar:/home/runner/.m2/repository/io/netty/netty-handler/4.1.121.Final/netty-handler-4.1.121.Final.jar:/home/runner/.m2/repository/io/netty/netty-transport-native-unix-common/4.1.121.Final/netty-transport-native-unix-common-4.1.121.Final.jar:/home/runner/.m2/repository/io/netty/netty-codec/4.1.121.Final/netty-codec-4.1.121.Final.jar:/home/runner/.m2/repository/io/netty/netty-handler-proxy/4.1.121.Final/netty-handler-proxy-4.1.121.Final.jar:/home/runner/.m2/repository/io/netty/netty-codec-socks/4.1.121.Final/netty-codec-socks-4.1.121.Final.jar:/home/runner/.m2/repository/io/netty/netty-codec-http/4.1.121.Final/netty-codec-http-4.1.121.Final.jar:/home/runner/.m2/repository/io/netty/netty-codec-http2/4.1.121.Final/netty-codec-http2-4.1.121.Final.jar:/home/runner/.m2/repository/io/netty/netty-resolver/4.1.121.Final/netty-resolver-4.1.121.Final.jar:/home/runner/.m2/repository/io/netty/netty-resolver-dns/4.1.121.Final/netty-resolver-dns-4.1.121.Final.jar:/home/runner/.m2/repository/io/netty/netty-codec-dns/4.1.121.Final/netty-codec-dns-4.1.121.Final.jar:/home/runner/.m2/repository/com/fasterxml/jackson/core/jackson-core/2.18.2/jackson-core-2.18.2.jar:"/>
    <property name="sun.cpu.endian" value="little"/>
    <property name="user.home" value="/home/runner"/>
    <property name="user.language" value="en"/>
    <property name="jboss.log-version" value="false"/>
    <property name="java.specification.vendor" value="Oracle Corporation"/>
    <property name="java.version.date" value="2025-07-15"/>
    <property name="java.home" value="/usr/lib/jvm/temurin-17-jdk-amd64"/>
    <property name="file.separator" value="/"/>
    <property name="basedir" value="/home/runner/work/apicurio-testing/apicurio-testing/clusters/ci419/namespaces/ksql043/tests/integration/apicurio-registry/integration-tests"/>
    <property name="java.vm.compressedOopsMode" value="32-bit"/>
    <property name="line.separator" value="&#10;"/>
    <property name="java.specification.name" value="Java Platform API Specification"/>
    <property name="java.vm.specification.vendor" value="Oracle Corporation"/>
    <property name="quarkus.http.test-host" value="registry-app-ksql043.apps.ci419.apicurio-testing.org"/>
    <property name="surefire.real.class.path" value="/home/runner/work/apicurio-testing/apicurio-testing/clusters/ci419/namespaces/ksql043/tests/integration/apicurio-registry/integration-tests/target/surefire/surefirebooter-20250812145519881_3.jar"/>
    <property name="sun.management.compiler" value="HotSpot 64-Bit Tiered Compilers"/>
    <property name="org.eclipse.jetty.http.HttpGenerator.STRICT" value="true"/>
    <property name="java.runtime.version" value="17.0.16+8"/>
    <property name="user.name" value="runner"/>
    <property name="path.separator" value=":"/>
    <property name="os.version" value="6.8.0-1031-azure"/>
    <property name="java.runtime.name" value="OpenJDK Runtime Environment"/>
    <property name="file.encoding" value="UTF-8"/>
    <property name="jnidispatch.path" value="/home/runner/.cache/JNA/temp/jna2139074991159892417.tmp"/>
    <property name="java.vm.name" value="OpenJDK 64-Bit Server VM"/>
    <property name="jna.platform.library.path" value="/usr/lib/x86_64-linux-gnu:/lib/x86_64-linux-gnu:/usr/lib64:/lib64:/usr/lib:/lib:/lib32:/usr/local/lib:/usr/lib/x86_64-linux-gnu/libfakeroot"/>
    <property name="java.vendor.version" value="Temurin-17.0.16+8"/>
    <property name="quarkus.oidc.token-path" value="https://keycloak-ksql043.apps.ci419.apicurio-testing.org/realms/registry/protocol/openid-connect/token"/>
    <property name="quarkus.http.host" value="registry-app-ksql043.apps.ci419.apicurio-testing.org"/>
    <property name="localRepository" value="/home/runner/.m2/repository"/>
    <property name="javax.xml.xpath.XPathFactory:http://java.sun.com/jaxp/xpath/dom" value="com.sun.org.apache.xpath.internal.jaxp.XPathFactoryImpl"/>
    <property name="jna.loaded" value="true"/>
    <property name="java.vendor.url.bug" value="https://github.com/adoptium/adoptium-support/issues"/>
    <property name="jetty.git.hash" value="5bc5e562c8d05c5862505aebe5cf83a61bdbcb96"/>
    <property name="java.io.tmpdir" value="/tmp"/>
    <property name="quarkus.http.test-protocol" value="http"/>
    <property name="java.version" value="17.0.16"/>
    <property name="user.dir" value="/home/runner/work/apicurio-testing/apicurio-testing/clusters/ci419/namespaces/ksql043/tests/integration/apicurio-registry/integration-tests"/>
    <property name="os.arch" value="amd64"/>
    <property name="groups" value="( smoke | serdes | acceptance | ui)"/>
    <property name="java.vm.specification.name" value="Java Virtual Machine Specification"/>
    <property name="native.encoding" value="UTF-8"/>
    <property name="java.util.logging.manager" value="org.jboss.logmanager.LogManager"/>
    <property name="java.library.path" value="/usr/java/packages/lib:/usr/lib64:/lib64:/lib:/usr/lib"/>
    <property name="jdk.console" value="java.base"/>
    <property name="java.vm.info" value="mixed mode, sharing"/>
    <property name="java.vendor" value="Eclipse Adoptium"/>
    <property name="java.vm.version" value="17.0.16+8"/>
    <property name="java.specification.maintenance.version" value="1"/>
    <property name="sun.io.unicode.encoding" value="UnicodeLittle"/>
    <property name="javax.xml.transform.TransformerFactory" value="com.sun.org.apache.xalan.internal.xsltc.trax.TransformerFactoryImpl"/>
    <property name="java.class.version" value="61.0"/>
  </properties>
  <testcase name="testGlobalIdInHeaders" classname="io.apicurio.tests.serdes.apicurio.AvroSerdeIT" time="6.139">
    <system-out><![CDATA[**** Registry Base URL: http://registry-app-ksql043.apps.ci419.apicurio-testing.org:80
**** Registry Base URL: http://registry-app-ksql043.apps.ci419.apicurio-testing.org:80
2025-08-12 14:55:32,935 INFO  [io.api.tes.ser.api.AvroSerdeIT] (main) RestAssured configured with http://registry-app-ksql043.apps.ci419.apicurio-testing.org:80/apis/registry/v3
2025-08-12 14:55:33,016 INFO  [io.api.tes.uti.KafkaFacade] (main) Starting kafka container
2025-08-12 14:55:33,052 INFO  [org.tes.ima.PullPolicy] (main) Image pull policy will be performed by: DefaultPullPolicy()
2025-08-12 14:55:33,055 INFO  [org.tes.uti.ImageNameSubstitutor] (main) Image name substitution will be performed by: DefaultImageNameSubstitutor (composite of 'ConfigurationFileImageNameSubstitutor' and 'PrefixingImageNameSubstitutor')
2025-08-12 14:55:33,066 INFO  [org.tes.DockerClientFactory] (main) Testcontainers version: 1.20.6
2025-08-12 14:55:33,558 INFO  [org.tes.doc.DockerClientProviderStrategy] (main) Found Docker environment with local Unix socket (unix:///var/run/docker.sock)
2025-08-12 14:55:33,566 INFO  [org.tes.DockerClientFactory] (main) Docker host IP address is localhost
2025-08-12 14:55:33,590 INFO  [org.tes.DockerClientFactory] (main) Connected to docker: 
  Server Version: 28.0.4
  API Version: 1.48
  Operating System: Ubuntu 22.04.5 LTS
  Total Memory: 7944 MB
2025-08-12 14:55:33,630 INFO  [tc.tes.11.0] (main) Pulling docker image: testcontainers/ryuk:0.11.0. Please be patient; this may take some time but only needs to be done once.
2025-08-12 14:55:34,859 INFO  [tc.tes.11.0] (docker-java-stream--1295187651) Starting to pull image
2025-08-12 14:55:34,876 INFO  [tc.tes.11.0] (docker-java-stream--1295187651) Pulling image layers:  0 pending,  0 downloaded,  0 extracted, (0 bytes/0 bytes)
2025-08-12 14:55:35,278 INFO  [tc.tes.11.0] (docker-java-stream--1295187651) Pulling image layers:  2 pending,  1 downloaded,  0 extracted, (878 KB/? MB)
2025-08-12 14:55:35,328 INFO  [tc.tes.11.0] (docker-java-stream--1295187651) Pulling image layers:  1 pending,  2 downloaded,  0 extracted, (4 MB/? MB)
2025-08-12 14:55:35,456 INFO  [tc.tes.11.0] (docker-java-stream--1295187651) Pulling image layers:  1 pending,  2 downloaded,  1 extracted, (6 MB/? MB)
2025-08-12 14:55:35,470 INFO  [tc.tes.11.0] (docker-java-stream--1295187651) Pulling image layers:  0 pending,  3 downloaded,  1 extracted, (10 MB/10 MB)
2025-08-12 14:55:36,459 INFO  [tc.tes.11.0] (docker-java-stream--1295187651) Pulling image layers:  0 pending,  3 downloaded,  2 extracted, (10 MB/10 MB)
2025-08-12 14:55:36,515 INFO  [tc.tes.11.0] (docker-java-stream--1295187651) Pulling image layers:  0 pending,  3 downloaded,  3 extracted, (10 MB/10 MB)
2025-08-12 14:55:36,523 INFO  [tc.tes.11.0] (docker-java-stream--1295187651) Pull complete. 3 layers, pulled in 1s (downloaded 10 MB at 10 MB/s)
2025-08-12 14:55:36,523 INFO  [tc.tes.11.0] (main) Image testcontainers/ryuk:0.11.0 pull took PT2.892620186S
2025-08-12 14:55:36,541 INFO  [tc.tes.11.0] (main) Creating container for image: testcontainers/ryuk:0.11.0
2025-08-12 14:55:36,620 INFO  [tc.tes.11.0] (main) Container testcontainers/ryuk:0.11.0 is starting: 004a87e1598668020a0bf4611ffb0c95c59eef865d8d86f07b6f4689e58c446d
2025-08-12 14:55:36,903 INFO  [tc.tes.11.0] (main) Container testcontainers/ryuk:0.11.0 started in PT0.361552564S
2025-08-12 14:55:36,908 INFO  [org.tes.uti.RyukResourceReaper] (main) Ryuk started - will monitor and terminate Testcontainers containers on JVM exit
2025-08-12 14:55:36,908 INFO  [org.tes.DockerClientFactory] (main) Checking the system...
2025-08-12 14:55:36,909 INFO  [org.tes.DockerClientFactory] (main) ✔︎ Docker server version should be at least 1.6.0
2025-08-12 14:55:36,912 INFO  [io.str.tes.con.KafkaVersionService] (main) Latest release of Kafka is:LogicalKafkaVersionEntity{version='4.0.0', image='quay.io/strimzi-test-container/test-container:0.111.0-kafka-4.0.0'}
2025-08-12 14:55:36,912 INFO  [io.str.tes.con.KafkaVersionService] (main) Latest release of Kafka is:LogicalKafkaVersionEntity{version='4.0.0', image='quay.io/strimzi-test-container/test-container:0.111.0-kafka-4.0.0'}
2025-08-12 14:55:36,912 INFO  [io.str.tes.con.KafkaVersionService] (main) No Kafka version specified. Using latest release: 4.0.0
2025-08-12 14:55:36,917 INFO  [tc.qua.io/.111.0-k.0.0] (main) Pulling docker image: quay.io/strimzi-test-container/test-container:0.111.0-kafka-4.0.0. Please be patient; this may take some time but only needs to be done once.
2025-08-12 14:55:37,765 INFO  [tc.qua.io/.111.0-k.0.0] (docker-java-stream--29267298) Starting to pull image
2025-08-12 14:55:37,766 INFO  [tc.qua.io/.111.0-k.0.0] (docker-java-stream--29267298) Pulling image layers:  0 pending,  0 downloaded,  0 extracted, (0 bytes/0 bytes)
2025-08-12 14:55:38,556 INFO  [tc.qua.io/.111.0-k.0.0] (docker-java-stream--29267298) Pulling image layers:  6 pending,  1 downloaded,  0 extracted, (1 MB/? MB)
2025-08-12 14:55:38,811 INFO  [tc.qua.io/.111.0-k.0.0] (docker-java-stream--29267298) Pulling image layers:  5 pending,  2 downloaded,  0 extracted, (50 MB/? MB)
2025-08-12 14:55:38,916 INFO  [tc.qua.io/.111.0-k.0.0] (docker-java-stream--29267298) Pulling image layers:  4 pending,  3 downloaded,  0 extracted, (72 MB/? MB)
2025-08-12 14:55:39,354 INFO  [tc.qua.io/.111.0-k.0.0] (docker-java-stream--29267298) Pulling image layers:  3 pending,  4 downloaded,  0 extracted, (120 MB/? MB)
2025-08-12 14:55:39,392 INFO  [tc.qua.io/.111.0-k.0.0] (docker-java-stream--29267298) Pulling image layers:  2 pending,  5 downloaded,  0 extracted, (126 MB/? MB)
2025-08-12 14:55:39,651 INFO  [tc.qua.io/.111.0-k.0.0] (docker-java-stream--29267298) Pulling image layers:  1 pending,  6 downloaded,  0 extracted, (149 MB/? MB)
2025-08-12 14:55:40,147 INFO  [tc.qua.io/.111.0-k.0.0] (docker-java-stream--29267298) Pulling image layers:  1 pending,  6 downloaded,  1 extracted, (204 MB/? MB)
2025-08-12 14:55:40,446 INFO  [tc.qua.io/.111.0-k.0.0] (docker-java-stream--29267298) Pulling image layers:  0 pending,  7 downloaded,  1 extracted, (238 MB/249 MB)
2025-08-12 14:55:44,316 INFO  [tc.qua.io/.111.0-k.0.0] (docker-java-stream--29267298) Pulling image layers:  0 pending,  7 downloaded,  2 extracted, (242 MB/249 MB)
2025-08-12 14:55:44,356 INFO  [tc.qua.io/.111.0-k.0.0] (docker-java-stream--29267298) Pulling image layers:  0 pending,  7 downloaded,  3 extracted, (244 MB/249 MB)
2025-08-12 14:55:44,378 INFO  [tc.qua.io/.111.0-k.0.0] (docker-java-stream--29267298) Pulling image layers:  0 pending,  7 downloaded,  4 extracted, (244 MB/249 MB)
2025-08-12 14:55:45,481 INFO  [tc.qua.io/.111.0-k.0.0] (docker-java-stream--29267298) Pulling image layers:  0 pending,  7 downloaded,  5 extracted, (248 MB/249 MB)
2025-08-12 14:55:45,521 INFO  [tc.qua.io/.111.0-k.0.0] (docker-java-stream--29267298) Pulling image layers:  0 pending,  7 downloaded,  6 extracted, (249 MB/249 MB)
2025-08-12 14:55:45,535 INFO  [tc.qua.io/.111.0-k.0.0] (docker-java-stream--29267298) Pulling image layers:  0 pending,  7 downloaded,  7 extracted, (249 MB/249 MB)
2025-08-12 14:55:45,547 INFO  [tc.qua.io/.111.0-k.0.0] (docker-java-stream--29267298) Pull complete. 7 layers, pulled in 7s (downloaded 249 MB at 35 MB/s)
2025-08-12 14:55:45,547 INFO  [tc.qua.io/.111.0-k.0.0] (main) Image quay.io/strimzi-test-container/test-container:0.111.0-kafka-4.0.0 pull took PT8.630178664S
2025-08-12 14:55:45,551 INFO  [tc.qua.io/.111.0-k.0.0] (main) Creating container for image: quay.io/strimzi-test-container/test-container:0.111.0-kafka-4.0.0
2025-08-12 14:55:45,625 INFO  [tc.qua.io/.111.0-k.0.0] (main) Container quay.io/strimzi-test-container/test-container:0.111.0-kafka-4.0.0 is starting: 50f357be97efcddf6733c0ac688d881f797ef5af0136cad1833e0b6d5be613f9
2025-08-12 14:55:45,787 INFO  [io.str.tes.con.StrimziKafkaContainer] (main) Mapped port: 32769
2025-08-12 14:55:45,787 WARN  [io.str.tes.con.StrimziKafkaContainer] (main) Node ID is not set. Using broker ID 0 as the default node ID.
2025-08-12 14:55:45,788 INFO  [io.str.tes.con.StrimziKafkaContainer] (main) This is all advertised listeners for Kafka PLAINTEXT://localhost:32769,BROKER1://172.18.0.2:9091,CONTROLLER://broker-0:9094
2025-08-12 14:55:45,821 INFO  [io.str.tes.con.StrimziKafkaContainer] (main) New `cluster.id` has been generated: 0yZUVcJRR-Oeoz-b4JS1zQ
2025-08-12 14:55:45,823 INFO  [io.str.tes.con.StrimziKafkaContainer] (main) Copying command to 'STARTER_SCRIPT' script.
2025-08-12 14:55:51,113 INFO  [tc.qua.io/.111.0-k.0.0] (main) Container quay.io/strimzi-test-container/test-container:0.111.0-kafka-4.0.0 started in PT5.562016707S
2025-08-12 14:55:51,117 INFO  [io.api.tes.uti.TestSeparator] (main) ############################################################################
2025-08-12 14:55:51,118 INFO  [io.api.tes.uti.TestSeparator] (main) io.apicurio.tests.serdes.apicurio.AvroSerdeIT.testGlobalIdInHeaders-STARTED
2025-08-12 14:55:51,141 INFO  [org.apa.kaf.cli.adm.AdminClientConfig] (main) AdminClientConfig values: 
	auto.include.jmx.reporter = true
	bootstrap.controllers = []
	bootstrap.servers = [PLAINTEXT://localhost:32769]
	client.dns.lookup = use_all_dns_ips
	client.id = 
	connections.max.idle.ms = 10000
	default.api.timeout.ms = 60000
	enable.metrics.push = true
	metadata.max.age.ms = 300000
	metadata.recovery.strategy = none
	metric.reporters = []
	metrics.num.samples = 2
	metrics.recording.level = INFO
	metrics.sample.window.ms = 30000
	receive.buffer.bytes = 65536
	reconnect.backoff.max.ms = 1000
	reconnect.backoff.ms = 50
	request.timeout.ms = 5000
	retries = 2147483647
	retry.backoff.max.ms = 1000
	retry.backoff.ms = 100
	sasl.client.callback.handler.class = null
	sasl.jaas.config = null
	sasl.kerberos.kinit.cmd = /usr/bin/kinit
	sasl.kerberos.min.time.before.relogin = 60000
	sasl.kerberos.service.name = null
	sasl.kerberos.ticket.renew.jitter = 0.05
	sasl.kerberos.ticket.renew.window.factor = 0.8
	sasl.login.callback.handler.class = null
	sasl.login.class = null
	sasl.login.connect.timeout.ms = null
	sasl.login.read.timeout.ms = null
	sasl.login.refresh.buffer.seconds = 300
	sasl.login.refresh.min.period.seconds = 60
	sasl.login.refresh.window.factor = 0.8
	sasl.login.refresh.window.jitter = 0.05
	sasl.login.retry.backoff.max.ms = 10000
	sasl.login.retry.backoff.ms = 100
	sasl.mechanism = GSSAPI
	sasl.oauthbearer.clock.skew.seconds = 30
	sasl.oauthbearer.expected.audience = null
	sasl.oauthbearer.expected.issuer = null
	sasl.oauthbearer.header.urlencode = false
	sasl.oauthbearer.jwks.endpoint.refresh.ms = 3600000
	sasl.oauthbearer.jwks.endpoint.retry.backoff.max.ms = 10000
	sasl.oauthbearer.jwks.endpoint.retry.backoff.ms = 100
	sasl.oauthbearer.jwks.endpoint.url = null
	sasl.oauthbearer.scope.claim.name = scope
	sasl.oauthbearer.sub.claim.name = sub
	sasl.oauthbearer.token.endpoint.url = null
	security.protocol = PLAINTEXT
	security.providers = null
	send.buffer.bytes = 131072
	socket.connection.setup.timeout.max.ms = 30000
	socket.connection.setup.timeout.ms = 10000
	ssl.cipher.suites = null
	ssl.enabled.protocols = [TLSv1.2, TLSv1.3]
	ssl.endpoint.identification.algorithm = https
	ssl.engine.factory.class = null
	ssl.key.password = null
	ssl.keymanager.algorithm = SunX509
	ssl.keystore.certificate.chain = null
	ssl.keystore.key = null
	ssl.keystore.location = null
	ssl.keystore.password = null
	ssl.keystore.type = JKS
	ssl.protocol = TLSv1.3
	ssl.provider = null
	ssl.secure.random.implementation = null
	ssl.trustmanager.algorithm = PKIX
	ssl.truststore.certificates = null
	ssl.truststore.location = null
	ssl.truststore.password = null
	ssl.truststore.type = JKS

2025-08-12 14:55:51,371 INFO  [org.apa.kaf.com.uti.AppInfoParser] (main) Kafka version: 3.9.1
2025-08-12 14:55:51,371 INFO  [org.apa.kaf.com.uti.AppInfoParser] (main) Kafka commitId: f745dfdcee2b9851
2025-08-12 14:55:51,372 INFO  [org.apa.kaf.com.uti.AppInfoParser] (main) Kafka startTimeMs: 1755010551370
**** Registry Base URL: http://registry-app-ksql043.apps.ci419.apicurio-testing.org:80
2025-08-12 14:55:51,427 INFO  [org.apa.kaf.cli.pro.ProducerConfig] (main) ProducerConfig values: 
	acks = -1
	auto.include.jmx.reporter = true
	batch.size = 16384
	bootstrap.servers = [PLAINTEXT://localhost:32769]
	buffer.memory = 33554432
	client.dns.lookup = use_all_dns_ips
	client.id = Producer-topic-a5a2a265_b942_4632_bc2b_1cb0a383d9e4
	compression.gzip.level = -1
	compression.lz4.level = 9
	compression.type = none
	compression.zstd.level = 3
	connections.max.idle.ms = 10000
	delivery.timeout.ms = 120000
	enable.idempotence = true
	enable.metrics.push = true
	interceptor.classes = []
	key.serializer = class org.apache.kafka.common.serialization.StringSerializer
	linger.ms = 0
	max.block.ms = 60000
	max.in.flight.requests.per.connection = 5
	max.request.size = 1048576
	metadata.max.age.ms = 300000
	metadata.max.idle.ms = 300000
	metadata.recovery.strategy = none
	metric.reporters = []
	metrics.num.samples = 2
	metrics.recording.level = INFO
	metrics.sample.window.ms = 30000
	partitioner.adaptive.partitioning.enable = true
	partitioner.availability.timeout.ms = 0
	partitioner.class = null
	partitioner.ignore.keys = false
	receive.buffer.bytes = 32768
	reconnect.backoff.max.ms = 1000
	reconnect.backoff.ms = 50
	request.timeout.ms = 5000
	retries = 2147483647
	retry.backoff.max.ms = 1000
	retry.backoff.ms = 100
	sasl.client.callback.handler.class = null
	sasl.jaas.config = null
	sasl.kerberos.kinit.cmd = /usr/bin/kinit
	sasl.kerberos.min.time.before.relogin = 60000
	sasl.kerberos.service.name = null
	sasl.kerberos.ticket.renew.jitter = 0.05
	sasl.kerberos.ticket.renew.window.factor = 0.8
	sasl.login.callback.handler.class = null
	sasl.login.class = null
	sasl.login.connect.timeout.ms = null
	sasl.login.read.timeout.ms = null
	sasl.login.refresh.buffer.seconds = 300
	sasl.login.refresh.min.period.seconds = 60
	sasl.login.refresh.window.factor = 0.8
	sasl.login.refresh.window.jitter = 0.05
	sasl.login.retry.backoff.max.ms = 10000
	sasl.login.retry.backoff.ms = 100
	sasl.mechanism = GSSAPI
	sasl.oauthbearer.clock.skew.seconds = 30
	sasl.oauthbearer.expected.audience = null
	sasl.oauthbearer.expected.issuer = null
	sasl.oauthbearer.header.urlencode = false
	sasl.oauthbearer.jwks.endpoint.refresh.ms = 3600000
	sasl.oauthbearer.jwks.endpoint.retry.backoff.max.ms = 10000
	sasl.oauthbearer.jwks.endpoint.retry.backoff.ms = 100
	sasl.oauthbearer.jwks.endpoint.url = null
	sasl.oauthbearer.scope.claim.name = scope
	sasl.oauthbearer.sub.claim.name = sub
	sasl.oauthbearer.token.endpoint.url = null
	security.protocol = PLAINTEXT
	security.providers = null
	send.buffer.bytes = 131072
	socket.connection.setup.timeout.max.ms = 30000
	socket.connection.setup.timeout.ms = 10000
	ssl.cipher.suites = null
	ssl.enabled.protocols = [TLSv1.2, TLSv1.3]
	ssl.endpoint.identification.algorithm = https
	ssl.engine.factory.class = null
	ssl.key.password = null
	ssl.keymanager.algorithm = SunX509
	ssl.keystore.certificate.chain = null
	ssl.keystore.key = null
	ssl.keystore.location = null
	ssl.keystore.password = null
	ssl.keystore.type = JKS
	ssl.protocol = TLSv1.3
	ssl.provider = null
	ssl.secure.random.implementation = null
	ssl.trustmanager.algorithm = PKIX
	ssl.truststore.certificates = null
	ssl.truststore.location = null
	ssl.truststore.password = null
	ssl.truststore.type = JKS
	transaction.timeout.ms = 60000
	transactional.id = null
	value.serializer = class io.apicurio.registry.serde.avro.AvroKafkaSerializer

2025-08-12 14:55:51,465 INFO  [org.apa.kaf.com.tel.int.KafkaMetricsCollector] (main) initializing Kafka metrics collector
2025-08-12 14:55:51,486 INFO  [org.apa.kaf.cli.pro.KafkaProducer] (main) [Producer clientId=Producer-topic-a5a2a265_b942_4632_bc2b_1cb0a383d9e4] Instantiated an idempotent producer.
2025-08-12 14:55:51,532 INFO  [org.apa.kaf.cli.pro.ProducerConfig] (main) These configurations '[apicurio.registry.url, apicurio.registry.auto-register, apicurio.registry.use-id, apicurio.registry.artifact-resolver-strategy]' were supplied but are not used yet.
2025-08-12 14:55:51,532 INFO  [org.apa.kaf.com.uti.AppInfoParser] (main) Kafka version: 3.9.1
2025-08-12 14:55:51,532 INFO  [org.apa.kaf.com.uti.AppInfoParser] (main) Kafka commitId: f745dfdcee2b9851
2025-08-12 14:55:51,532 INFO  [org.apa.kaf.com.uti.AppInfoParser] (main) Kafka startTimeMs: 1755010551532
2025-08-12 14:55:51,535 INFO  [io.api.tes.ser.api.SimpleSerdesTesterBuilder$SimpleSerdesTester] (main) Using producer configuration: {apicurio.registry.url=http://registry-app-ksql043.apps.ci419.apicurio-testing.org:80/apis/registry/v3, apicurio.registry.auto-register=true, apicurio.registry.use-id=globalId, apicurio.registry.artifact-resolver-strategy=io.apicurio.registry.serde.strategy.TopicIdStrategy, value.serializer=io.apicurio.registry.serde.avro.AvroKafkaSerializer, request.timeout.ms=5000, acks=all, bootstrap.servers=PLAINTEXT://localhost:32769, connections.max.idle.ms=10000, key.serializer=org.apache.kafka.common.serialization.StringSerializer, client.id=Producer-topic-a5a2a265_b942_4632_bc2b_1cb0a383d9e4}
2025-08-12 14:55:51,535 INFO  [io.api.tes.ser.api.SimpleSerdesTesterBuilder$SimpleSerdesTester] (main) Using consumer configuration: {apicurio.registry.use-id=globalId}
2025-08-12 14:55:51,540 INFO  [io.api.tes.ser.api.KafkaSerdesTester] (Thread-600) Sending message {"key11755010551406": "value-0"} to topic topic-a5a2a265_b942_4632_bc2b_1cb0a383d9e4
2025-08-12 14:55:52,045 WARN  [org.apa.kaf.cli.NetworkClient] (kafka-producer-network-thread | Producer-topic-a5a2a265_b942_4632_bc2b_1cb0a383d9e4) [Producer clientId=Producer-topic-a5a2a265_b942_4632_bc2b_1cb0a383d9e4] The metadata response from the cluster reported a recoverable issue with correlation id 1 : {topic-a5a2a265_b942_4632_bc2b_1cb0a383d9e4=UNKNOWN_TOPIC_OR_PARTITION}
2025-08-12 14:55:52,048 INFO  [org.apa.kaf.cli.Metadata] (kafka-producer-network-thread | Producer-topic-a5a2a265_b942_4632_bc2b_1cb0a383d9e4) [Producer clientId=Producer-topic-a5a2a265_b942_4632_bc2b_1cb0a383d9e4] Cluster ID: 0yZUVcJRR-Oeoz-b4JS1zQ
2025-08-12 14:55:52,169 INFO  [org.apa.kaf.cli.pro.int.TransactionManager] (kafka-producer-network-thread | Producer-topic-a5a2a265_b942_4632_bc2b_1cb0a383d9e4) [Producer clientId=Producer-topic-a5a2a265_b942_4632_bc2b_1cb0a383d9e4] ProducerId set to 0 with epoch 0
2025-08-12 14:55:52,401 INFO  [io.api.tes.ser.api.KafkaSerdesTester] (Thread-600) Sending message {"key11755010551406": "value-1"} to topic topic-a5a2a265_b942_4632_bc2b_1cb0a383d9e4
2025-08-12 14:55:52,415 INFO  [io.api.tes.ser.api.KafkaSerdesTester] (Thread-600) Sending message {"key11755010551406": "value-2"} to topic topic-a5a2a265_b942_4632_bc2b_1cb0a383d9e4
2025-08-12 14:55:52,425 INFO  [io.api.tes.ser.api.KafkaSerdesTester] (Thread-600) Sending message {"key11755010551406": "value-3"} to topic topic-a5a2a265_b942_4632_bc2b_1cb0a383d9e4
2025-08-12 14:55:52,430 INFO  [io.api.tes.ser.api.KafkaSerdesTester] (Thread-600) Sending message {"key11755010551406": "value-4"} to topic topic-a5a2a265_b942_4632_bc2b_1cb0a383d9e4
2025-08-12 14:55:52,434 INFO  [io.api.tes.ser.api.KafkaSerdesTester] (Thread-600) Sending message {"key11755010551406": "value-5"} to topic topic-a5a2a265_b942_4632_bc2b_1cb0a383d9e4
2025-08-12 14:55:52,438 INFO  [io.api.tes.ser.api.KafkaSerdesTester] (Thread-600) Sending message {"key11755010551406": "value-6"} to topic topic-a5a2a265_b942_4632_bc2b_1cb0a383d9e4
2025-08-12 14:55:52,441 INFO  [io.api.tes.ser.api.KafkaSerdesTester] (Thread-600) Sending message {"key11755010551406": "value-7"} to topic topic-a5a2a265_b942_4632_bc2b_1cb0a383d9e4
2025-08-12 14:55:52,444 INFO  [io.api.tes.ser.api.KafkaSerdesTester] (Thread-600) Sending message {"key11755010551406": "value-8"} to topic topic-a5a2a265_b942_4632_bc2b_1cb0a383d9e4
2025-08-12 14:55:52,451 INFO  [io.api.tes.ser.api.KafkaSerdesTester] (Thread-600) Sending message {"key11755010551406": "value-9"} to topic topic-a5a2a265_b942_4632_bc2b_1cb0a383d9e4
2025-08-12 14:55:52,454 INFO  [io.api.tes.ser.api.KafkaSerdesTester] (Thread-600) Produced 10 messages
2025-08-12 14:55:52,455 INFO  [org.apa.kaf.cli.pro.KafkaProducer] (Thread-600) [Producer clientId=Producer-topic-a5a2a265_b942_4632_bc2b_1cb0a383d9e4] Closing the Kafka producer with timeoutMillis = 9223372036854775807 ms.
2025-08-12 14:55:52,468 INFO  [org.apa.kaf.com.met.Metrics] (Thread-600) Metrics scheduler closed
2025-08-12 14:55:52,468 INFO  [org.apa.kaf.com.met.Metrics] (Thread-600) Closing reporter org.apache.kafka.common.metrics.JmxReporter
2025-08-12 14:55:52,468 INFO  [org.apa.kaf.com.met.Metrics] (Thread-600) Closing reporter org.apache.kafka.common.telemetry.internals.ClientTelemetryReporter
2025-08-12 14:55:52,468 INFO  [org.apa.kaf.com.met.Metrics] (Thread-600) Metrics reporters closed
2025-08-12 14:55:52,469 INFO  [org.apa.kaf.com.uti.AppInfoParser] (Thread-600) App info kafka.producer for Producer-topic-a5a2a265_b942_4632_bc2b_1cb0a383d9e4 unregistered
**** Registry Base URL: http://registry-app-ksql043.apps.ci419.apicurio-testing.org:80
2025-08-12 14:55:52,592 INFO  [org.apa.kaf.cli.con.ConsumerConfig] (main) ConsumerConfig values: 
	allow.auto.create.topics = true
	auto.commit.interval.ms = 500
	auto.include.jmx.reporter = true
	auto.offset.reset = earliest
	bootstrap.servers = [PLAINTEXT://localhost:32769]
	check.crcs = true
	client.dns.lookup = use_all_dns_ips
	client.id = consumer-Consumer-topic-a5a2a265_b942_4632_bc2b_1cb0a383d9e4-1
	client.rack = 
	connections.max.idle.ms = 10000
	default.api.timeout.ms = 60000
	enable.auto.commit = true
	enable.metrics.push = true
	exclude.internal.topics = true
	fetch.max.bytes = 52428800
	fetch.max.wait.ms = 500
	fetch.min.bytes = 1
	group.id = Consumer-topic-a5a2a265_b942_4632_bc2b_1cb0a383d9e4
	group.instance.id = null
	group.protocol = classic
	group.remote.assignor = null
	heartbeat.interval.ms = 3000
	interceptor.classes = []
	internal.leave.group.on.close = true
	internal.throw.on.fetch.stable.offset.unsupported = false
	isolation.level = read_uncommitted
	key.deserializer = class org.apache.kafka.common.serialization.StringDeserializer
	max.partition.fetch.bytes = 1048576
	max.poll.interval.ms = 300000
	max.poll.records = 500
	metadata.max.age.ms = 300000
	metadata.recovery.strategy = none
	metric.reporters = []
	metrics.num.samples = 2
	metrics.recording.level = INFO
	metrics.sample.window.ms = 30000
	partition.assignment.strategy = [class org.apache.kafka.clients.consumer.RangeAssignor, class org.apache.kafka.clients.consumer.CooperativeStickyAssignor]
	receive.buffer.bytes = 65536
	reconnect.backoff.max.ms = 1000
	reconnect.backoff.ms = 50
	request.timeout.ms = 5000
	retry.backoff.max.ms = 1000
	retry.backoff.ms = 100
	sasl.client.callback.handler.class = null
	sasl.jaas.config = null
	sasl.kerberos.kinit.cmd = /usr/bin/kinit
	sasl.kerberos.min.time.before.relogin = 60000
	sasl.kerberos.service.name = null
	sasl.kerberos.ticket.renew.jitter = 0.05
	sasl.kerberos.ticket.renew.window.factor = 0.8
	sasl.login.callback.handler.class = null
	sasl.login.class = null
	sasl.login.connect.timeout.ms = null
	sasl.login.read.timeout.ms = null
	sasl.login.refresh.buffer.seconds = 300
	sasl.login.refresh.min.period.seconds = 60
	sasl.login.refresh.window.factor = 0.8
	sasl.login.refresh.window.jitter = 0.05
	sasl.login.retry.backoff.max.ms = 10000
	sasl.login.retry.backoff.ms = 100
	sasl.mechanism = GSSAPI
	sasl.oauthbearer.clock.skew.seconds = 30
	sasl.oauthbearer.expected.audience = null
	sasl.oauthbearer.expected.issuer = null
	sasl.oauthbearer.header.urlencode = false
	sasl.oauthbearer.jwks.endpoint.refresh.ms = 3600000
	sasl.oauthbearer.jwks.endpoint.retry.backoff.max.ms = 10000
	sasl.oauthbearer.jwks.endpoint.retry.backoff.ms = 100
	sasl.oauthbearer.jwks.endpoint.url = null
	sasl.oauthbearer.scope.claim.name = scope
	sasl.oauthbearer.sub.claim.name = sub
	sasl.oauthbearer.token.endpoint.url = null
	security.protocol = PLAINTEXT
	security.providers = null
	send.buffer.bytes = 131072
	session.timeout.ms = 45000
	socket.connection.setup.timeout.max.ms = 30000
	socket.connection.setup.timeout.ms = 10000
	ssl.cipher.suites = null
	ssl.enabled.protocols = [TLSv1.2, TLSv1.3]
	ssl.endpoint.identification.algorithm = https
	ssl.engine.factory.class = null
	ssl.key.password = null
	ssl.keymanager.algorithm = SunX509
	ssl.keystore.certificate.chain = null
	ssl.keystore.key = null
	ssl.keystore.location = null
	ssl.keystore.password = null
	ssl.keystore.type = JKS
	ssl.protocol = TLSv1.3
	ssl.provider = null
	ssl.secure.random.implementation = null
	ssl.trustmanager.algorithm = PKIX
	ssl.truststore.certificates = null
	ssl.truststore.location = null
	ssl.truststore.password = null
	ssl.truststore.type = JKS
	value.deserializer = class io.apicurio.registry.serde.avro.AvroKafkaDeserializer

2025-08-12 14:55:52,604 INFO  [org.apa.kaf.com.tel.int.KafkaMetricsCollector] (main) initializing Kafka metrics collector
2025-08-12 14:55:52,651 INFO  [org.apa.kaf.cli.con.ConsumerConfig] (main) These configurations '[apicurio.registry.url, apicurio.registry.use-id]' were supplied but are not used yet.
2025-08-12 14:55:52,652 INFO  [org.apa.kaf.com.uti.AppInfoParser] (main) Kafka version: 3.9.1
2025-08-12 14:55:52,652 INFO  [org.apa.kaf.com.uti.AppInfoParser] (main) Kafka commitId: f745dfdcee2b9851
2025-08-12 14:55:52,652 INFO  [org.apa.kaf.com.uti.AppInfoParser] (main) Kafka startTimeMs: 1755010552652
2025-08-12 14:55:52,656 INFO  [org.apa.kaf.cli.con.int.ClassicKafkaConsumer] (Thread-603) [Consumer clientId=consumer-Consumer-topic-a5a2a265_b942_4632_bc2b_1cb0a383d9e4-1, groupId=Consumer-topic-a5a2a265_b942_4632_bc2b_1cb0a383d9e4] Subscribed to topic(s): topic-a5a2a265_b942_4632_bc2b_1cb0a383d9e4
2025-08-12 14:55:52,669 INFO  [org.apa.kaf.cli.Metadata] (Thread-603) [Consumer clientId=consumer-Consumer-topic-a5a2a265_b942_4632_bc2b_1cb0a383d9e4-1, groupId=Consumer-topic-a5a2a265_b942_4632_bc2b_1cb0a383d9e4] Cluster ID: 0yZUVcJRR-Oeoz-b4JS1zQ
2025-08-12 14:55:52,806 INFO  [org.apa.kaf.cli.con.int.ConsumerCoordinator] (Thread-603) [Consumer clientId=consumer-Consumer-topic-a5a2a265_b942_4632_bc2b_1cb0a383d9e4-1, groupId=Consumer-topic-a5a2a265_b942_4632_bc2b_1cb0a383d9e4] Discovered group coordinator localhost:32769 (id: 2147483647 rack: null)
2025-08-12 14:55:52,817 INFO  [org.apa.kaf.cli.con.int.ConsumerCoordinator] (Thread-603) [Consumer clientId=consumer-Consumer-topic-a5a2a265_b942_4632_bc2b_1cb0a383d9e4-1, groupId=Consumer-topic-a5a2a265_b942_4632_bc2b_1cb0a383d9e4] (Re-)joining group
2025-08-12 14:55:52,856 INFO  [org.apa.kaf.cli.con.int.ConsumerCoordinator] (Thread-603) [Consumer clientId=consumer-Consumer-topic-a5a2a265_b942_4632_bc2b_1cb0a383d9e4-1, groupId=Consumer-topic-a5a2a265_b942_4632_bc2b_1cb0a383d9e4] Group coordinator localhost:32769 (id: 2147483647 rack: null) is unavailable or invalid due to cause: error response NOT_COORDINATOR. isDisconnected: false. Rediscovery will be attempted.
2025-08-12 14:55:52,857 INFO  [org.apa.kaf.cli.con.int.ConsumerCoordinator] (Thread-603) [Consumer clientId=consumer-Consumer-topic-a5a2a265_b942_4632_bc2b_1cb0a383d9e4-1, groupId=Consumer-topic-a5a2a265_b942_4632_bc2b_1cb0a383d9e4] Requesting disconnect from last known coordinator localhost:32769 (id: 2147483647 rack: null)
2025-08-12 14:55:52,857 INFO  [org.apa.kaf.cli.con.int.ConsumerCoordinator] (Thread-603) [Consumer clientId=consumer-Consumer-topic-a5a2a265_b942_4632_bc2b_1cb0a383d9e4-1, groupId=Consumer-topic-a5a2a265_b942_4632_bc2b_1cb0a383d9e4] JoinGroup failed: This is not the correct coordinator. Marking coordinator unknown. Sent generation was Generation{generationId=-1, memberId='', protocol='null'}
2025-08-12 14:55:52,857 INFO  [org.apa.kaf.cli.NetworkClient] (Thread-603) [Consumer clientId=consumer-Consumer-topic-a5a2a265_b942_4632_bc2b_1cb0a383d9e4-1, groupId=Consumer-topic-a5a2a265_b942_4632_bc2b_1cb0a383d9e4] Client requested disconnect from node 2147483647
2025-08-12 14:55:52,862 INFO  [org.apa.kaf.cli.con.int.ConsumerCoordinator] (Thread-603) [Consumer clientId=consumer-Consumer-topic-a5a2a265_b942_4632_bc2b_1cb0a383d9e4-1, groupId=Consumer-topic-a5a2a265_b942_4632_bc2b_1cb0a383d9e4] Discovered group coordinator localhost:32769 (id: 2147483647 rack: null)
2025-08-12 14:55:52,862 INFO  [org.apa.kaf.cli.con.int.ConsumerCoordinator] (Thread-603) [Consumer clientId=consumer-Consumer-topic-a5a2a265_b942_4632_bc2b_1cb0a383d9e4-1, groupId=Consumer-topic-a5a2a265_b942_4632_bc2b_1cb0a383d9e4] Group coordinator localhost:32769 (id: 2147483647 rack: null) is unavailable or invalid due to cause: coordinator unavailable. isDisconnected: false. Rediscovery will be attempted.
2025-08-12 14:55:52,863 INFO  [org.apa.kaf.cli.con.int.ConsumerCoordinator] (Thread-603) [Consumer clientId=consumer-Consumer-topic-a5a2a265_b942_4632_bc2b_1cb0a383d9e4-1, groupId=Consumer-topic-a5a2a265_b942_4632_bc2b_1cb0a383d9e4] Requesting disconnect from last known coordinator localhost:32769 (id: 2147483647 rack: null)
2025-08-12 14:55:52,972 INFO  [org.apa.kaf.cli.con.int.ConsumerCoordinator] (Thread-603) [Consumer clientId=consumer-Consumer-topic-a5a2a265_b942_4632_bc2b_1cb0a383d9e4-1, groupId=Consumer-topic-a5a2a265_b942_4632_bc2b_1cb0a383d9e4] Discovered group coordinator localhost:32769 (id: 2147483647 rack: null)
2025-08-12 14:55:52,975 INFO  [org.apa.kaf.cli.con.int.ConsumerCoordinator] (Thread-603) [Consumer clientId=consumer-Consumer-topic-a5a2a265_b942_4632_bc2b_1cb0a383d9e4-1, groupId=Consumer-topic-a5a2a265_b942_4632_bc2b_1cb0a383d9e4] Request joining group due to: rebalance failed due to 'This is not the correct coordinator.' (NotCoordinatorException)
2025-08-12 14:55:52,976 INFO  [org.apa.kaf.cli.con.int.ConsumerCoordinator] (Thread-603) [Consumer clientId=consumer-Consumer-topic-a5a2a265_b942_4632_bc2b_1cb0a383d9e4-1, groupId=Consumer-topic-a5a2a265_b942_4632_bc2b_1cb0a383d9e4] (Re-)joining group
2025-08-12 14:55:52,984 INFO  [org.apa.kaf.cli.con.int.ConsumerCoordinator] (Thread-603) [Consumer clientId=consumer-Consumer-topic-a5a2a265_b942_4632_bc2b_1cb0a383d9e4-1, groupId=Consumer-topic-a5a2a265_b942_4632_bc2b_1cb0a383d9e4] Group coordinator localhost:32769 (id: 2147483647 rack: null) is unavailable or invalid due to cause: error response NOT_COORDINATOR. isDisconnected: false. Rediscovery will be attempted.
2025-08-12 14:55:52,984 INFO  [org.apa.kaf.cli.con.int.ConsumerCoordinator] (Thread-603) [Consumer clientId=consumer-Consumer-topic-a5a2a265_b942_4632_bc2b_1cb0a383d9e4-1, groupId=Consumer-topic-a5a2a265_b942_4632_bc2b_1cb0a383d9e4] Requesting disconnect from last known coordinator localhost:32769 (id: 2147483647 rack: null)
2025-08-12 14:55:52,984 INFO  [org.apa.kaf.cli.con.int.ConsumerCoordinator] (Thread-603) [Consumer clientId=consumer-Consumer-topic-a5a2a265_b942_4632_bc2b_1cb0a383d9e4-1, groupId=Consumer-topic-a5a2a265_b942_4632_bc2b_1cb0a383d9e4] JoinGroup failed: This is not the correct coordinator. Marking coordinator unknown. Sent generation was Generation{generationId=-1, memberId='', protocol='null'}
2025-08-12 14:55:52,984 INFO  [org.apa.kaf.cli.NetworkClient] (Thread-603) [Consumer clientId=consumer-Consumer-topic-a5a2a265_b942_4632_bc2b_1cb0a383d9e4-1, groupId=Consumer-topic-a5a2a265_b942_4632_bc2b_1cb0a383d9e4] Client requested disconnect from node 2147483647
2025-08-12 14:55:52,991 INFO  [org.apa.kaf.cli.con.int.ConsumerCoordinator] (Thread-603) [Consumer clientId=consumer-Consumer-topic-a5a2a265_b942_4632_bc2b_1cb0a383d9e4-1, groupId=Consumer-topic-a5a2a265_b942_4632_bc2b_1cb0a383d9e4] Discovered group coordinator localhost:32769 (id: 2147483647 rack: null)
2025-08-12 14:55:52,991 INFO  [org.apa.kaf.cli.con.int.ConsumerCoordinator] (Thread-603) [Consumer clientId=consumer-Consumer-topic-a5a2a265_b942_4632_bc2b_1cb0a383d9e4-1, groupId=Consumer-topic-a5a2a265_b942_4632_bc2b_1cb0a383d9e4] Group coordinator localhost:32769 (id: 2147483647 rack: null) is unavailable or invalid due to cause: coordinator unavailable. isDisconnected: false. Rediscovery will be attempted.
2025-08-12 14:55:52,991 INFO  [org.apa.kaf.cli.con.int.ConsumerCoordinator] (Thread-603) [Consumer clientId=consumer-Consumer-topic-a5a2a265_b942_4632_bc2b_1cb0a383d9e4-1, groupId=Consumer-topic-a5a2a265_b942_4632_bc2b_1cb0a383d9e4] Requesting disconnect from last known coordinator localhost:32769 (id: 2147483647 rack: null)
2025-08-12 14:55:53,080 INFO  [org.apa.kaf.cli.con.int.ConsumerCoordinator] (Thread-603) [Consumer clientId=consumer-Consumer-topic-a5a2a265_b942_4632_bc2b_1cb0a383d9e4-1, groupId=Consumer-topic-a5a2a265_b942_4632_bc2b_1cb0a383d9e4] Discovered group coordinator localhost:32769 (id: 2147483647 rack: null)
2025-08-12 14:55:53,082 INFO  [org.apa.kaf.cli.con.int.ConsumerCoordinator] (Thread-603) [Consumer clientId=consumer-Consumer-topic-a5a2a265_b942_4632_bc2b_1cb0a383d9e4-1, groupId=Consumer-topic-a5a2a265_b942_4632_bc2b_1cb0a383d9e4] Request joining group due to: rebalance failed due to 'This is not the correct coordinator.' (NotCoordinatorException)
2025-08-12 14:55:53,083 INFO  [org.apa.kaf.cli.con.int.ConsumerCoordinator] (Thread-603) [Consumer clientId=consumer-Consumer-topic-a5a2a265_b942_4632_bc2b_1cb0a383d9e4-1, groupId=Consumer-topic-a5a2a265_b942_4632_bc2b_1cb0a383d9e4] (Re-)joining group
2025-08-12 14:55:53,092 INFO  [org.apa.kaf.cli.con.int.ConsumerCoordinator] (Thread-603) [Consumer clientId=consumer-Consumer-topic-a5a2a265_b942_4632_bc2b_1cb0a383d9e4-1, groupId=Consumer-topic-a5a2a265_b942_4632_bc2b_1cb0a383d9e4] Group coordinator localhost:32769 (id: 2147483647 rack: null) is unavailable or invalid due to cause: error response NOT_COORDINATOR. isDisconnected: false. Rediscovery will be attempted.
2025-08-12 14:55:53,092 INFO  [org.apa.kaf.cli.con.int.ConsumerCoordinator] (Thread-603) [Consumer clientId=consumer-Consumer-topic-a5a2a265_b942_4632_bc2b_1cb0a383d9e4-1, groupId=Consumer-topic-a5a2a265_b942_4632_bc2b_1cb0a383d9e4] Requesting disconnect from last known coordinator localhost:32769 (id: 2147483647 rack: null)
2025-08-12 14:55:53,092 INFO  [org.apa.kaf.cli.con.int.ConsumerCoordinator] (Thread-603) [Consumer clientId=consumer-Consumer-topic-a5a2a265_b942_4632_bc2b_1cb0a383d9e4-1, groupId=Consumer-topic-a5a2a265_b942_4632_bc2b_1cb0a383d9e4] JoinGroup failed: This is not the correct coordinator. Marking coordinator unknown. Sent generation was Generation{generationId=-1, memberId='', protocol='null'}
2025-08-12 14:55:53,093 INFO  [org.apa.kaf.cli.NetworkClient] (Thread-603) [Consumer clientId=consumer-Consumer-topic-a5a2a265_b942_4632_bc2b_1cb0a383d9e4-1, groupId=Consumer-topic-a5a2a265_b942_4632_bc2b_1cb0a383d9e4] Client requested disconnect from node 2147483647
2025-08-12 14:55:53,097 INFO  [org.apa.kaf.cli.con.int.ConsumerCoordinator] (Thread-603) [Consumer clientId=consumer-Consumer-topic-a5a2a265_b942_4632_bc2b_1cb0a383d9e4-1, groupId=Consumer-topic-a5a2a265_b942_4632_bc2b_1cb0a383d9e4] Discovered group coordinator localhost:32769 (id: 2147483647 rack: null)
2025-08-12 14:55:53,098 INFO  [org.apa.kaf.cli.con.int.ConsumerCoordinator] (Thread-603) [Consumer clientId=consumer-Consumer-topic-a5a2a265_b942_4632_bc2b_1cb0a383d9e4-1, groupId=Consumer-topic-a5a2a265_b942_4632_bc2b_1cb0a383d9e4] Group coordinator localhost:32769 (id: 2147483647 rack: null) is unavailable or invalid due to cause: coordinator unavailable. isDisconnected: false. Rediscovery will be attempted.
2025-08-12 14:55:53,098 INFO  [org.apa.kaf.cli.con.int.ConsumerCoordinator] (Thread-603) [Consumer clientId=consumer-Consumer-topic-a5a2a265_b942_4632_bc2b_1cb0a383d9e4-1, groupId=Consumer-topic-a5a2a265_b942_4632_bc2b_1cb0a383d9e4] Requesting disconnect from last known coordinator localhost:32769 (id: 2147483647 rack: null)
2025-08-12 14:55:53,186 INFO  [org.apa.kaf.cli.con.int.ConsumerCoordinator] (Thread-603) [Consumer clientId=consumer-Consumer-topic-a5a2a265_b942_4632_bc2b_1cb0a383d9e4-1, groupId=Consumer-topic-a5a2a265_b942_4632_bc2b_1cb0a383d9e4] Discovered group coordinator localhost:32769 (id: 2147483647 rack: null)
2025-08-12 14:55:53,187 INFO  [org.apa.kaf.cli.con.int.ConsumerCoordinator] (Thread-603) [Consumer clientId=consumer-Consumer-topic-a5a2a265_b942_4632_bc2b_1cb0a383d9e4-1, groupId=Consumer-topic-a5a2a265_b942_4632_bc2b_1cb0a383d9e4] Request joining group due to: rebalance failed due to 'This is not the correct coordinator.' (NotCoordinatorException)
2025-08-12 14:55:53,189 INFO  [org.apa.kaf.cli.con.int.ConsumerCoordinator] (Thread-603) [Consumer clientId=consumer-Consumer-topic-a5a2a265_b942_4632_bc2b_1cb0a383d9e4-1, groupId=Consumer-topic-a5a2a265_b942_4632_bc2b_1cb0a383d9e4] (Re-)joining group
2025-08-12 14:55:53,194 INFO  [org.apa.kaf.cli.con.int.ConsumerCoordinator] (Thread-603) [Consumer clientId=consumer-Consumer-topic-a5a2a265_b942_4632_bc2b_1cb0a383d9e4-1, groupId=Consumer-topic-a5a2a265_b942_4632_bc2b_1cb0a383d9e4] Group coordinator localhost:32769 (id: 2147483647 rack: null) is unavailable or invalid due to cause: error response NOT_COORDINATOR. isDisconnected: false. Rediscovery will be attempted.
2025-08-12 14:55:53,195 INFO  [org.apa.kaf.cli.con.int.ConsumerCoordinator] (Thread-603) [Consumer clientId=consumer-Consumer-topic-a5a2a265_b942_4632_bc2b_1cb0a383d9e4-1, groupId=Consumer-topic-a5a2a265_b942_4632_bc2b_1cb0a383d9e4] Requesting disconnect from last known coordinator localhost:32769 (id: 2147483647 rack: null)
2025-08-12 14:55:53,195 INFO  [org.apa.kaf.cli.con.int.ConsumerCoordinator] (Thread-603) [Consumer clientId=consumer-Consumer-topic-a5a2a265_b942_4632_bc2b_1cb0a383d9e4-1, groupId=Consumer-topic-a5a2a265_b942_4632_bc2b_1cb0a383d9e4] JoinGroup failed: This is not the correct coordinator. Marking coordinator unknown. Sent generation was Generation{generationId=-1, memberId='', protocol='null'}
2025-08-12 14:55:53,195 INFO  [org.apa.kaf.cli.NetworkClient] (Thread-603) [Consumer clientId=consumer-Consumer-topic-a5a2a265_b942_4632_bc2b_1cb0a383d9e4-1, groupId=Consumer-topic-a5a2a265_b942_4632_bc2b_1cb0a383d9e4] Client requested disconnect from node 2147483647
2025-08-12 14:55:53,198 INFO  [org.apa.kaf.cli.con.int.ConsumerCoordinator] (Thread-603) [Consumer clientId=consumer-Consumer-topic-a5a2a265_b942_4632_bc2b_1cb0a383d9e4-1, groupId=Consumer-topic-a5a2a265_b942_4632_bc2b_1cb0a383d9e4] Discovered group coordinator localhost:32769 (id: 2147483647 rack: null)
2025-08-12 14:55:53,198 INFO  [org.apa.kaf.cli.con.int.ConsumerCoordinator] (Thread-603) [Consumer clientId=consumer-Consumer-topic-a5a2a265_b942_4632_bc2b_1cb0a383d9e4-1, groupId=Consumer-topic-a5a2a265_b942_4632_bc2b_1cb0a383d9e4] Group coordinator localhost:32769 (id: 2147483647 rack: null) is unavailable or invalid due to cause: coordinator unavailable. isDisconnected: false. Rediscovery will be attempted.
2025-08-12 14:55:53,200 INFO  [org.apa.kaf.cli.con.int.ConsumerCoordinator] (Thread-603) [Consumer clientId=consumer-Consumer-topic-a5a2a265_b942_4632_bc2b_1cb0a383d9e4-1, groupId=Consumer-topic-a5a2a265_b942_4632_bc2b_1cb0a383d9e4] Requesting disconnect from last known coordinator localhost:32769 (id: 2147483647 rack: null)
2025-08-12 14:55:53,301 INFO  [org.apa.kaf.cli.con.int.ConsumerCoordinator] (Thread-603) [Consumer clientId=consumer-Consumer-topic-a5a2a265_b942_4632_bc2b_1cb0a383d9e4-1, groupId=Consumer-topic-a5a2a265_b942_4632_bc2b_1cb0a383d9e4] Discovered group coordinator localhost:32769 (id: 2147483647 rack: null)
2025-08-12 14:55:53,303 INFO  [org.apa.kaf.cli.con.int.ConsumerCoordinator] (Thread-603) [Consumer clientId=consumer-Consumer-topic-a5a2a265_b942_4632_bc2b_1cb0a383d9e4-1, groupId=Consumer-topic-a5a2a265_b942_4632_bc2b_1cb0a383d9e4] Request joining group due to: rebalance failed due to 'This is not the correct coordinator.' (NotCoordinatorException)
2025-08-12 14:55:53,305 INFO  [org.apa.kaf.cli.con.int.ConsumerCoordinator] (Thread-603) [Consumer clientId=consumer-Consumer-topic-a5a2a265_b942_4632_bc2b_1cb0a383d9e4-1, groupId=Consumer-topic-a5a2a265_b942_4632_bc2b_1cb0a383d9e4] (Re-)joining group
2025-08-12 14:55:53,344 INFO  [org.apa.kaf.cli.con.int.ConsumerCoordinator] (Thread-603) [Consumer clientId=consumer-Consumer-topic-a5a2a265_b942_4632_bc2b_1cb0a383d9e4-1, groupId=Consumer-topic-a5a2a265_b942_4632_bc2b_1cb0a383d9e4] JoinGroup failed: Coordinator localhost:32769 (id: 2147483647 rack: null) is loading the group.
2025-08-12 14:55:53,345 INFO  [org.apa.kaf.cli.con.int.ConsumerCoordinator] (Thread-603) [Consumer clientId=consumer-Consumer-topic-a5a2a265_b942_4632_bc2b_1cb0a383d9e4-1, groupId=Consumer-topic-a5a2a265_b942_4632_bc2b_1cb0a383d9e4] Request joining group due to: rebalance failed due to 'The coordinator is loading and hence can't process requests.' (CoordinatorLoadInProgressException)
2025-08-12 14:55:53,447 INFO  [org.apa.kaf.cli.con.int.ConsumerCoordinator] (Thread-603) [Consumer clientId=consumer-Consumer-topic-a5a2a265_b942_4632_bc2b_1cb0a383d9e4-1, groupId=Consumer-topic-a5a2a265_b942_4632_bc2b_1cb0a383d9e4] (Re-)joining group
2025-08-12 14:55:53,456 INFO  [org.apa.kaf.cli.con.int.ConsumerCoordinator] (Thread-603) [Consumer clientId=consumer-Consumer-topic-a5a2a265_b942_4632_bc2b_1cb0a383d9e4-1, groupId=Consumer-topic-a5a2a265_b942_4632_bc2b_1cb0a383d9e4] Request joining group due to: need to re-join with the given member-id: consumer-Consumer-topic-a5a2a265_b942_4632_bc2b_1cb0a383d9e4-1-dc00ae5b-5c0a-44a7-af65-76ce60cf514e
2025-08-12 14:55:53,457 INFO  [org.apa.kaf.cli.con.int.ConsumerCoordinator] (Thread-603) [Consumer clientId=consumer-Consumer-topic-a5a2a265_b942_4632_bc2b_1cb0a383d9e4-1, groupId=Consumer-topic-a5a2a265_b942_4632_bc2b_1cb0a383d9e4] (Re-)joining group
2025-08-12 14:55:53,657 INFO  [io.api.tes.ser.api.KafkaSerdesTester] (Thread-603) None found
2025-08-12 14:55:54,657 INFO  [io.api.tes.ser.api.KafkaSerdesTester] (Thread-603) None found
2025-08-12 14:55:55,658 INFO  [io.api.tes.ser.api.KafkaSerdesTester] (Thread-603) None found
2025-08-12 14:55:56,475 INFO  [org.apa.kaf.cli.con.int.ConsumerCoordinator] (Thread-603) [Consumer clientId=consumer-Consumer-topic-a5a2a265_b942_4632_bc2b_1cb0a383d9e4-1, groupId=Consumer-topic-a5a2a265_b942_4632_bc2b_1cb0a383d9e4] Successfully joined group with generation Generation{generationId=1, memberId='consumer-Consumer-topic-a5a2a265_b942_4632_bc2b_1cb0a383d9e4-1-dc00ae5b-5c0a-44a7-af65-76ce60cf514e', protocol='range'}
2025-08-12 14:55:56,487 INFO  [org.apa.kaf.cli.con.int.ConsumerCoordinator] (Thread-603) [Consumer clientId=consumer-Consumer-topic-a5a2a265_b942_4632_bc2b_1cb0a383d9e4-1, groupId=Consumer-topic-a5a2a265_b942_4632_bc2b_1cb0a383d9e4] Finished assignment for group at generation 1: {consumer-Consumer-topic-a5a2a265_b942_4632_bc2b_1cb0a383d9e4-1-dc00ae5b-5c0a-44a7-af65-76ce60cf514e=Assignment(partitions=[topic-a5a2a265_b942_4632_bc2b_1cb0a383d9e4-0])}
2025-08-12 14:55:56,519 INFO  [org.apa.kaf.cli.con.int.ConsumerCoordinator] (Thread-603) [Consumer clientId=consumer-Consumer-topic-a5a2a265_b942_4632_bc2b_1cb0a383d9e4-1, groupId=Consumer-topic-a5a2a265_b942_4632_bc2b_1cb0a383d9e4] Successfully synced group in generation Generation{generationId=1, memberId='consumer-Consumer-topic-a5a2a265_b942_4632_bc2b_1cb0a383d9e4-1-dc00ae5b-5c0a-44a7-af65-76ce60cf514e', protocol='range'}
2025-08-12 14:55:56,519 INFO  [org.apa.kaf.cli.con.int.ConsumerCoordinator] (Thread-603) [Consumer clientId=consumer-Consumer-topic-a5a2a265_b942_4632_bc2b_1cb0a383d9e4-1, groupId=Consumer-topic-a5a2a265_b942_4632_bc2b_1cb0a383d9e4] Notifying assignor about the new Assignment(partitions=[topic-a5a2a265_b942_4632_bc2b_1cb0a383d9e4-0])
2025-08-12 14:55:56,525 INFO  [org.apa.kaf.cli.con.int.ConsumerRebalanceListenerInvoker] (Thread-603) [Consumer clientId=consumer-Consumer-topic-a5a2a265_b942_4632_bc2b_1cb0a383d9e4-1, groupId=Consumer-topic-a5a2a265_b942_4632_bc2b_1cb0a383d9e4] Adding newly assigned partitions: topic-a5a2a265_b942_4632_bc2b_1cb0a383d9e4-0
2025-08-12 14:55:56,542 INFO  [org.apa.kaf.cli.con.int.ConsumerCoordinator] (Thread-603) [Consumer clientId=consumer-Consumer-topic-a5a2a265_b942_4632_bc2b_1cb0a383d9e4-1, groupId=Consumer-topic-a5a2a265_b942_4632_bc2b_1cb0a383d9e4] Found no committed offset for partition topic-a5a2a265_b942_4632_bc2b_1cb0a383d9e4-0
2025-08-12 14:55:56,562 INFO  [org.apa.kaf.cli.con.int.SubscriptionState] (Thread-603) [Consumer clientId=consumer-Consumer-topic-a5a2a265_b942_4632_bc2b_1cb0a383d9e4-1, groupId=Consumer-topic-a5a2a265_b942_4632_bc2b_1cb0a383d9e4] Resetting offset for partition topic-a5a2a265_b942_4632_bc2b_1cb0a383d9e4-0 to position FetchPosition{offset=0, offsetEpoch=Optional.empty, currentLeader=LeaderAndEpoch{leader=Optional[localhost:32769 (id: 0 rack: null)], epoch=0}}.
2025-08-12 14:55:56,730 INFO  [io.api.tes.ser.api.KafkaSerdesTester] (Thread-603) topic-a5a2a265_b942_4632_bc2b_1cb0a383d9e4 0 0 {"key11755010551406": "value-0"}
2025-08-12 14:55:56,730 INFO  [io.api.tes.ser.api.KafkaSerdesTester] (Thread-603) topic-a5a2a265_b942_4632_bc2b_1cb0a383d9e4 0 1 {"key11755010551406": "value-1"}
2025-08-12 14:55:56,730 INFO  [io.api.tes.ser.api.KafkaSerdesTester] (Thread-603) topic-a5a2a265_b942_4632_bc2b_1cb0a383d9e4 0 2 {"key11755010551406": "value-2"}
2025-08-12 14:55:56,730 INFO  [io.api.tes.ser.api.KafkaSerdesTester] (Thread-603) topic-a5a2a265_b942_4632_bc2b_1cb0a383d9e4 0 3 {"key11755010551406": "value-3"}
2025-08-12 14:55:56,730 INFO  [io.api.tes.ser.api.KafkaSerdesTester] (Thread-603) topic-a5a2a265_b942_4632_bc2b_1cb0a383d9e4 0 4 {"key11755010551406": "value-4"}
2025-08-12 14:55:56,730 INFO  [io.api.tes.ser.api.KafkaSerdesTester] (Thread-603) topic-a5a2a265_b942_4632_bc2b_1cb0a383d9e4 0 5 {"key11755010551406": "value-5"}
2025-08-12 14:55:56,732 INFO  [io.api.tes.ser.api.KafkaSerdesTester] (Thread-603) topic-a5a2a265_b942_4632_bc2b_1cb0a383d9e4 0 6 {"key11755010551406": "value-6"}
2025-08-12 14:55:56,733 INFO  [io.api.tes.ser.api.KafkaSerdesTester] (Thread-603) topic-a5a2a265_b942_4632_bc2b_1cb0a383d9e4 0 7 {"key11755010551406": "value-7"}
2025-08-12 14:55:56,733 INFO  [io.api.tes.ser.api.KafkaSerdesTester] (Thread-603) topic-a5a2a265_b942_4632_bc2b_1cb0a383d9e4 0 8 {"key11755010551406": "value-8"}
2025-08-12 14:55:56,733 INFO  [io.api.tes.ser.api.KafkaSerdesTester] (Thread-603) topic-a5a2a265_b942_4632_bc2b_1cb0a383d9e4 0 9 {"key11755010551406": "value-9"}
2025-08-12 14:55:56,733 INFO  [io.api.tes.ser.api.KafkaSerdesTester] (Thread-603) Consumed 10 messages
2025-08-12 14:55:56,761 INFO  [org.apa.kaf.cli.con.int.ConsumerRebalanceListenerInvoker] (Thread-603) [Consumer clientId=consumer-Consumer-topic-a5a2a265_b942_4632_bc2b_1cb0a383d9e4-1, groupId=Consumer-topic-a5a2a265_b942_4632_bc2b_1cb0a383d9e4] Revoke previously assigned partitions topic-a5a2a265_b942_4632_bc2b_1cb0a383d9e4-0
2025-08-12 14:55:56,761 INFO  [org.apa.kaf.cli.con.int.ConsumerCoordinator] (Thread-603) [Consumer clientId=consumer-Consumer-topic-a5a2a265_b942_4632_bc2b_1cb0a383d9e4-1, groupId=Consumer-topic-a5a2a265_b942_4632_bc2b_1cb0a383d9e4] Member consumer-Consumer-topic-a5a2a265_b942_4632_bc2b_1cb0a383d9e4-1-dc00ae5b-5c0a-44a7-af65-76ce60cf514e sending LeaveGroup request to coordinator localhost:32769 (id: 2147483647 rack: null) due to the consumer is being closed
2025-08-12 14:55:56,766 INFO  [org.apa.kaf.cli.con.int.ConsumerCoordinator] (Thread-603) [Consumer clientId=consumer-Consumer-topic-a5a2a265_b942_4632_bc2b_1cb0a383d9e4-1, groupId=Consumer-topic-a5a2a265_b942_4632_bc2b_1cb0a383d9e4] Resetting generation and member id due to: consumer pro-actively leaving the group
2025-08-12 14:55:56,766 INFO  [org.apa.kaf.cli.con.int.ConsumerCoordinator] (Thread-603) [Consumer clientId=consumer-Consumer-topic-a5a2a265_b942_4632_bc2b_1cb0a383d9e4-1, groupId=Consumer-topic-a5a2a265_b942_4632_bc2b_1cb0a383d9e4] Request joining group due to: consumer pro-actively leaving the group
2025-08-12 14:55:57,242 INFO  [org.apa.kaf.com.met.Metrics] (Thread-603) Metrics scheduler closed
2025-08-12 14:55:57,243 INFO  [org.apa.kaf.com.met.Metrics] (Thread-603) Closing reporter org.apache.kafka.common.metrics.JmxReporter
2025-08-12 14:55:57,243 INFO  [org.apa.kaf.com.met.Metrics] (Thread-603) Closing reporter org.apache.kafka.common.telemetry.internals.ClientTelemetryReporter
2025-08-12 14:55:57,243 INFO  [org.apa.kaf.com.met.Metrics] (Thread-603) Metrics reporters closed
2025-08-12 14:55:57,251 INFO  [org.apa.kaf.com.uti.AppInfoParser] (Thread-603) App info kafka.consumer for consumer-Consumer-topic-a5a2a265_b942_4632_bc2b_1cb0a383d9e4-1 unregistered
2025-08-12 14:55:57,253 INFO  [io.api.tes.uti.TestSeparator] (main) io.apicurio.tests.serdes.apicurio.AvroSerdeIT.testGlobalIdInHeaders-FINISHED
2025-08-12 14:55:57,253 INFO  [io.api.tes.uti.TestSeparator] (main) ############################################################################
Test passed: testGlobalIdInHeaders
]]></system-out>
  </testcase>
  <testcase name="testSimpleTopicIdStrategyFindLatest" classname="io.apicurio.tests.serdes.apicurio.AvroSerdeIT" time="5.072">
    <system-out><![CDATA[2025-08-12 14:55:57,255 INFO  [io.api.tes.uti.TestSeparator] (main) ############################################################################
2025-08-12 14:55:57,255 INFO  [io.api.tes.uti.TestSeparator] (main) io.apicurio.tests.serdes.apicurio.AvroSerdeIT.testSimpleTopicIdStrategyFindLatest-STARTED
2025-08-12 14:55:57,259 INFO  [io.api.tes.ser.api.AvroSerdeIT] (main) Registering Avro Schema: {"type":"record","name":"myrecordapicurio1","fields":[{"name":"key11755010557257","type":"string"}]}
**** Registry Base URL: http://registry-app-ksql043.apps.ci419.apicurio-testing.org:80
2025-08-12 14:55:58,388 INFO  [org.apa.kaf.cli.pro.ProducerConfig] (main) ProducerConfig values: 
	acks = -1
	auto.include.jmx.reporter = true
	batch.size = 16384
	bootstrap.servers = [PLAINTEXT://localhost:32769]
	buffer.memory = 33554432
	client.dns.lookup = use_all_dns_ips
	client.id = Producer-topic-774dcb2e_e3c7_48b2_94d7_94047d99bc92
	compression.gzip.level = -1
	compression.lz4.level = 9
	compression.type = none
	compression.zstd.level = 3
	connections.max.idle.ms = 10000
	delivery.timeout.ms = 120000
	enable.idempotence = true
	enable.metrics.push = true
	interceptor.classes = []
	key.serializer = class org.apache.kafka.common.serialization.StringSerializer
	linger.ms = 0
	max.block.ms = 60000
	max.in.flight.requests.per.connection = 5
	max.request.size = 1048576
	metadata.max.age.ms = 300000
	metadata.max.idle.ms = 300000
	metadata.recovery.strategy = none
	metric.reporters = []
	metrics.num.samples = 2
	metrics.recording.level = INFO
	metrics.sample.window.ms = 30000
	partitioner.adaptive.partitioning.enable = true
	partitioner.availability.timeout.ms = 0
	partitioner.class = null
	partitioner.ignore.keys = false
	receive.buffer.bytes = 32768
	reconnect.backoff.max.ms = 1000
	reconnect.backoff.ms = 50
	request.timeout.ms = 5000
	retries = 2147483647
	retry.backoff.max.ms = 1000
	retry.backoff.ms = 100
	sasl.client.callback.handler.class = null
	sasl.jaas.config = null
	sasl.kerberos.kinit.cmd = /usr/bin/kinit
	sasl.kerberos.min.time.before.relogin = 60000
	sasl.kerberos.service.name = null
	sasl.kerberos.ticket.renew.jitter = 0.05
	sasl.kerberos.ticket.renew.window.factor = 0.8
	sasl.login.callback.handler.class = null
	sasl.login.class = null
	sasl.login.connect.timeout.ms = null
	sasl.login.read.timeout.ms = null
	sasl.login.refresh.buffer.seconds = 300
	sasl.login.refresh.min.period.seconds = 60
	sasl.login.refresh.window.factor = 0.8
	sasl.login.refresh.window.jitter = 0.05
	sasl.login.retry.backoff.max.ms = 10000
	sasl.login.retry.backoff.ms = 100
	sasl.mechanism = GSSAPI
	sasl.oauthbearer.clock.skew.seconds = 30
	sasl.oauthbearer.expected.audience = null
	sasl.oauthbearer.expected.issuer = null
	sasl.oauthbearer.header.urlencode = false
	sasl.oauthbearer.jwks.endpoint.refresh.ms = 3600000
	sasl.oauthbearer.jwks.endpoint.retry.backoff.max.ms = 10000
	sasl.oauthbearer.jwks.endpoint.retry.backoff.ms = 100
	sasl.oauthbearer.jwks.endpoint.url = null
	sasl.oauthbearer.scope.claim.name = scope
	sasl.oauthbearer.sub.claim.name = sub
	sasl.oauthbearer.token.endpoint.url = null
	security.protocol = PLAINTEXT
	security.providers = null
	send.buffer.bytes = 131072
	socket.connection.setup.timeout.max.ms = 30000
	socket.connection.setup.timeout.ms = 10000
	ssl.cipher.suites = null
	ssl.enabled.protocols = [TLSv1.2, TLSv1.3]
	ssl.endpoint.identification.algorithm = https
	ssl.engine.factory.class = null
	ssl.key.password = null
	ssl.keymanager.algorithm = SunX509
	ssl.keystore.certificate.chain = null
	ssl.keystore.key = null
	ssl.keystore.location = null
	ssl.keystore.password = null
	ssl.keystore.type = JKS
	ssl.protocol = TLSv1.3
	ssl.provider = null
	ssl.secure.random.implementation = null
	ssl.trustmanager.algorithm = PKIX
	ssl.truststore.certificates = null
	ssl.truststore.location = null
	ssl.truststore.password = null
	ssl.truststore.type = JKS
	transaction.timeout.ms = 60000
	transactional.id = null
	value.serializer = class io.apicurio.registry.serde.avro.AvroKafkaSerializer

2025-08-12 14:55:58,388 INFO  [org.apa.kaf.com.tel.int.KafkaMetricsCollector] (main) initializing Kafka metrics collector
2025-08-12 14:55:58,392 INFO  [org.apa.kaf.cli.pro.KafkaProducer] (main) [Producer clientId=Producer-topic-774dcb2e_e3c7_48b2_94d7_94047d99bc92] Instantiated an idempotent producer.
2025-08-12 14:55:58,404 INFO  [org.apa.kaf.cli.pro.ProducerConfig] (main) These configurations '[apicurio.registry.find-latest, apicurio.registry.artifact.group-id, apicurio.registry.url, apicurio.registry.artifact-resolver-strategy]' were supplied but are not used yet.
2025-08-12 14:55:58,405 INFO  [org.apa.kaf.com.uti.AppInfoParser] (main) Kafka version: 3.9.1
2025-08-12 14:55:58,405 INFO  [org.apa.kaf.com.uti.AppInfoParser] (main) Kafka commitId: f745dfdcee2b9851
2025-08-12 14:55:58,405 INFO  [org.apa.kaf.com.uti.AppInfoParser] (main) Kafka startTimeMs: 1755010558405
2025-08-12 14:55:58,405 INFO  [io.api.tes.ser.api.SimpleSerdesTesterBuilder$SimpleSerdesTester] (main) Using producer configuration: {apicurio.registry.find-latest=true, apicurio.registry.artifact.group-id=topic-774dcb2e_e3c7_48b2_94d7_94047d99bc92, apicurio.registry.url=http://registry-app-ksql043.apps.ci419.apicurio-testing.org:80/apis/registry/v3, apicurio.registry.artifact-resolver-strategy=io.apicurio.registry.serde.strategy.SimpleTopicIdStrategy, value.serializer=io.apicurio.registry.serde.avro.AvroKafkaSerializer, request.timeout.ms=5000, acks=all, bootstrap.servers=PLAINTEXT://localhost:32769, connections.max.idle.ms=10000, key.serializer=org.apache.kafka.common.serialization.StringSerializer, client.id=Producer-topic-774dcb2e_e3c7_48b2_94d7_94047d99bc92}
2025-08-12 14:55:58,405 INFO  [io.api.tes.ser.api.SimpleSerdesTesterBuilder$SimpleSerdesTester] (main) Using consumer configuration: {}
2025-08-12 14:55:58,406 INFO  [io.api.tes.ser.api.KafkaSerdesTester] (Thread-606) Sending message {"key11755010557257": "value-0"} to topic topic-774dcb2e_e3c7_48b2_94d7_94047d99bc92
2025-08-12 14:55:58,413 INFO  [org.apa.kaf.cli.Metadata] (kafka-producer-network-thread | Producer-topic-774dcb2e_e3c7_48b2_94d7_94047d99bc92) [Producer clientId=Producer-topic-774dcb2e_e3c7_48b2_94d7_94047d99bc92] Cluster ID: 0yZUVcJRR-Oeoz-b4JS1zQ
2025-08-12 14:55:58,414 INFO  [org.apa.kaf.cli.pro.int.TransactionManager] (kafka-producer-network-thread | Producer-topic-774dcb2e_e3c7_48b2_94d7_94047d99bc92) [Producer clientId=Producer-topic-774dcb2e_e3c7_48b2_94d7_94047d99bc92] ProducerId set to 1 with epoch 0
2025-08-12 14:55:58,572 INFO  [io.api.tes.ser.api.KafkaSerdesTester] (Thread-606) Sending message {"key11755010557257": "value-1"} to topic topic-774dcb2e_e3c7_48b2_94d7_94047d99bc92
2025-08-12 14:55:58,576 INFO  [io.api.tes.ser.api.KafkaSerdesTester] (Thread-606) Sending message {"key11755010557257": "value-2"} to topic topic-774dcb2e_e3c7_48b2_94d7_94047d99bc92
2025-08-12 14:55:58,580 INFO  [io.api.tes.ser.api.KafkaSerdesTester] (Thread-606) Sending message {"key11755010557257": "value-3"} to topic topic-774dcb2e_e3c7_48b2_94d7_94047d99bc92
2025-08-12 14:55:58,582 INFO  [io.api.tes.ser.api.KafkaSerdesTester] (Thread-606) Sending message {"key11755010557257": "value-4"} to topic topic-774dcb2e_e3c7_48b2_94d7_94047d99bc92
2025-08-12 14:55:58,587 INFO  [io.api.tes.ser.api.KafkaSerdesTester] (Thread-606) Sending message {"key11755010557257": "value-5"} to topic topic-774dcb2e_e3c7_48b2_94d7_94047d99bc92
2025-08-12 14:55:58,592 INFO  [io.api.tes.ser.api.KafkaSerdesTester] (Thread-606) Sending message {"key11755010557257": "value-6"} to topic topic-774dcb2e_e3c7_48b2_94d7_94047d99bc92
2025-08-12 14:55:58,595 INFO  [io.api.tes.ser.api.KafkaSerdesTester] (Thread-606) Sending message {"key11755010557257": "value-7"} to topic topic-774dcb2e_e3c7_48b2_94d7_94047d99bc92
2025-08-12 14:55:58,600 INFO  [io.api.tes.ser.api.KafkaSerdesTester] (Thread-606) Sending message {"key11755010557257": "value-8"} to topic topic-774dcb2e_e3c7_48b2_94d7_94047d99bc92
2025-08-12 14:55:58,602 INFO  [io.api.tes.ser.api.KafkaSerdesTester] (Thread-606) Sending message {"key11755010557257": "value-9"} to topic topic-774dcb2e_e3c7_48b2_94d7_94047d99bc92
2025-08-12 14:55:58,605 INFO  [io.api.tes.ser.api.KafkaSerdesTester] (Thread-606) Produced 10 messages
2025-08-12 14:55:58,605 INFO  [org.apa.kaf.cli.pro.KafkaProducer] (Thread-606) [Producer clientId=Producer-topic-774dcb2e_e3c7_48b2_94d7_94047d99bc92] Closing the Kafka producer with timeoutMillis = 9223372036854775807 ms.
2025-08-12 14:55:58,612 INFO  [org.apa.kaf.com.met.Metrics] (Thread-606) Metrics scheduler closed
2025-08-12 14:55:58,613 INFO  [org.apa.kaf.com.met.Metrics] (Thread-606) Closing reporter org.apache.kafka.common.metrics.JmxReporter
2025-08-12 14:55:58,613 INFO  [org.apa.kaf.com.met.Metrics] (Thread-606) Closing reporter org.apache.kafka.common.telemetry.internals.ClientTelemetryReporter
2025-08-12 14:55:58,613 INFO  [org.apa.kaf.com.met.Metrics] (Thread-606) Metrics reporters closed
2025-08-12 14:55:58,613 INFO  [org.apa.kaf.com.uti.AppInfoParser] (Thread-606) App info kafka.producer for Producer-topic-774dcb2e_e3c7_48b2_94d7_94047d99bc92 unregistered
**** Registry Base URL: http://registry-app-ksql043.apps.ci419.apicurio-testing.org:80
2025-08-12 14:55:58,616 INFO  [org.apa.kaf.cli.con.ConsumerConfig] (main) ConsumerConfig values: 
	allow.auto.create.topics = true
	auto.commit.interval.ms = 500
	auto.include.jmx.reporter = true
	auto.offset.reset = earliest
	bootstrap.servers = [PLAINTEXT://localhost:32769]
	check.crcs = true
	client.dns.lookup = use_all_dns_ips
	client.id = consumer-Consumer-topic-774dcb2e_e3c7_48b2_94d7_94047d99bc92-2
	client.rack = 
	connections.max.idle.ms = 10000
	default.api.timeout.ms = 60000
	enable.auto.commit = true
	enable.metrics.push = true
	exclude.internal.topics = true
	fetch.max.bytes = 52428800
	fetch.max.wait.ms = 500
	fetch.min.bytes = 1
	group.id = Consumer-topic-774dcb2e_e3c7_48b2_94d7_94047d99bc92
	group.instance.id = null
	group.protocol = classic
	group.remote.assignor = null
	heartbeat.interval.ms = 3000
	interceptor.classes = []
	internal.leave.group.on.close = true
	internal.throw.on.fetch.stable.offset.unsupported = false
	isolation.level = read_uncommitted
	key.deserializer = class org.apache.kafka.common.serialization.StringDeserializer
	max.partition.fetch.bytes = 1048576
	max.poll.interval.ms = 300000
	max.poll.records = 500
	metadata.max.age.ms = 300000
	metadata.recovery.strategy = none
	metric.reporters = []
	metrics.num.samples = 2
	metrics.recording.level = INFO
	metrics.sample.window.ms = 30000
	partition.assignment.strategy = [class org.apache.kafka.clients.consumer.RangeAssignor, class org.apache.kafka.clients.consumer.CooperativeStickyAssignor]
	receive.buffer.bytes = 65536
	reconnect.backoff.max.ms = 1000
	reconnect.backoff.ms = 50
	request.timeout.ms = 5000
	retry.backoff.max.ms = 1000
	retry.backoff.ms = 100
	sasl.client.callback.handler.class = null
	sasl.jaas.config = null
	sasl.kerberos.kinit.cmd = /usr/bin/kinit
	sasl.kerberos.min.time.before.relogin = 60000
	sasl.kerberos.service.name = null
	sasl.kerberos.ticket.renew.jitter = 0.05
	sasl.kerberos.ticket.renew.window.factor = 0.8
	sasl.login.callback.handler.class = null
	sasl.login.class = null
	sasl.login.connect.timeout.ms = null
	sasl.login.read.timeout.ms = null
	sasl.login.refresh.buffer.seconds = 300
	sasl.login.refresh.min.period.seconds = 60
	sasl.login.refresh.window.factor = 0.8
	sasl.login.refresh.window.jitter = 0.05
	sasl.login.retry.backoff.max.ms = 10000
	sasl.login.retry.backoff.ms = 100
	sasl.mechanism = GSSAPI
	sasl.oauthbearer.clock.skew.seconds = 30
	sasl.oauthbearer.expected.audience = null
	sasl.oauthbearer.expected.issuer = null
	sasl.oauthbearer.header.urlencode = false
	sasl.oauthbearer.jwks.endpoint.refresh.ms = 3600000
	sasl.oauthbearer.jwks.endpoint.retry.backoff.max.ms = 10000
	sasl.oauthbearer.jwks.endpoint.retry.backoff.ms = 100
	sasl.oauthbearer.jwks.endpoint.url = null
	sasl.oauthbearer.scope.claim.name = scope
	sasl.oauthbearer.sub.claim.name = sub
	sasl.oauthbearer.token.endpoint.url = null
	security.protocol = PLAINTEXT
	security.providers = null
	send.buffer.bytes = 131072
	session.timeout.ms = 45000
	socket.connection.setup.timeout.max.ms = 30000
	socket.connection.setup.timeout.ms = 10000
	ssl.cipher.suites = null
	ssl.enabled.protocols = [TLSv1.2, TLSv1.3]
	ssl.endpoint.identification.algorithm = https
	ssl.engine.factory.class = null
	ssl.key.password = null
	ssl.keymanager.algorithm = SunX509
	ssl.keystore.certificate.chain = null
	ssl.keystore.key = null
	ssl.keystore.location = null
	ssl.keystore.password = null
	ssl.keystore.type = JKS
	ssl.protocol = TLSv1.3
	ssl.provider = null
	ssl.secure.random.implementation = null
	ssl.trustmanager.algorithm = PKIX
	ssl.truststore.certificates = null
	ssl.truststore.location = null
	ssl.truststore.password = null
	ssl.truststore.type = JKS
	value.deserializer = class io.apicurio.registry.serde.avro.AvroKafkaDeserializer

2025-08-12 14:55:58,616 INFO  [org.apa.kaf.com.tel.int.KafkaMetricsCollector] (main) initializing Kafka metrics collector
2025-08-12 14:55:58,632 INFO  [org.apa.kaf.cli.con.ConsumerConfig] (main) These configurations '[apicurio.registry.url]' were supplied but are not used yet.
2025-08-12 14:55:58,632 INFO  [org.apa.kaf.com.uti.AppInfoParser] (main) Kafka version: 3.9.1
2025-08-12 14:55:58,632 INFO  [org.apa.kaf.com.uti.AppInfoParser] (main) Kafka commitId: f745dfdcee2b9851
2025-08-12 14:55:58,632 INFO  [org.apa.kaf.com.uti.AppInfoParser] (main) Kafka startTimeMs: 1755010558632
2025-08-12 14:55:58,634 INFO  [org.apa.kaf.cli.con.int.ClassicKafkaConsumer] (Thread-609) [Consumer clientId=consumer-Consumer-topic-774dcb2e_e3c7_48b2_94d7_94047d99bc92-2, groupId=Consumer-topic-774dcb2e_e3c7_48b2_94d7_94047d99bc92] Subscribed to topic(s): topic-774dcb2e_e3c7_48b2_94d7_94047d99bc92
2025-08-12 14:55:58,643 INFO  [org.apa.kaf.cli.Metadata] (Thread-609) [Consumer clientId=consumer-Consumer-topic-774dcb2e_e3c7_48b2_94d7_94047d99bc92-2, groupId=Consumer-topic-774dcb2e_e3c7_48b2_94d7_94047d99bc92] Cluster ID: 0yZUVcJRR-Oeoz-b4JS1zQ
2025-08-12 14:55:58,645 INFO  [org.apa.kaf.cli.con.int.ConsumerCoordinator] (Thread-609) [Consumer clientId=consumer-Consumer-topic-774dcb2e_e3c7_48b2_94d7_94047d99bc92-2, groupId=Consumer-topic-774dcb2e_e3c7_48b2_94d7_94047d99bc92] Discovered group coordinator localhost:32769 (id: 2147483647 rack: null)
2025-08-12 14:55:58,649 INFO  [org.apa.kaf.cli.con.int.ConsumerCoordinator] (Thread-609) [Consumer clientId=consumer-Consumer-topic-774dcb2e_e3c7_48b2_94d7_94047d99bc92-2, groupId=Consumer-topic-774dcb2e_e3c7_48b2_94d7_94047d99bc92] (Re-)joining group
2025-08-12 14:55:58,653 INFO  [org.apa.kaf.cli.con.int.ConsumerCoordinator] (Thread-609) [Consumer clientId=consumer-Consumer-topic-774dcb2e_e3c7_48b2_94d7_94047d99bc92-2, groupId=Consumer-topic-774dcb2e_e3c7_48b2_94d7_94047d99bc92] Request joining group due to: need to re-join with the given member-id: consumer-Consumer-topic-774dcb2e_e3c7_48b2_94d7_94047d99bc92-2-16fb49bb-4b04-4302-a07e-d8739fa245f7
2025-08-12 14:55:58,653 INFO  [org.apa.kaf.cli.con.int.ConsumerCoordinator] (Thread-609) [Consumer clientId=consumer-Consumer-topic-774dcb2e_e3c7_48b2_94d7_94047d99bc92-2, groupId=Consumer-topic-774dcb2e_e3c7_48b2_94d7_94047d99bc92] (Re-)joining group
2025-08-12 14:55:59,634 INFO  [io.api.tes.ser.api.KafkaSerdesTester] (Thread-609) None found
2025-08-12 14:56:00,636 INFO  [io.api.tes.ser.api.KafkaSerdesTester] (Thread-609) None found
2025-08-12 14:56:01,637 INFO  [io.api.tes.ser.api.KafkaSerdesTester] (Thread-609) None found
2025-08-12 14:56:01,655 INFO  [org.apa.kaf.cli.con.int.ConsumerCoordinator] (Thread-609) [Consumer clientId=consumer-Consumer-topic-774dcb2e_e3c7_48b2_94d7_94047d99bc92-2, groupId=Consumer-topic-774dcb2e_e3c7_48b2_94d7_94047d99bc92] Successfully joined group with generation Generation{generationId=1, memberId='consumer-Consumer-topic-774dcb2e_e3c7_48b2_94d7_94047d99bc92-2-16fb49bb-4b04-4302-a07e-d8739fa245f7', protocol='range'}
2025-08-12 14:56:01,656 INFO  [org.apa.kaf.cli.con.int.ConsumerCoordinator] (Thread-609) [Consumer clientId=consumer-Consumer-topic-774dcb2e_e3c7_48b2_94d7_94047d99bc92-2, groupId=Consumer-topic-774dcb2e_e3c7_48b2_94d7_94047d99bc92] Finished assignment for group at generation 1: {consumer-Consumer-topic-774dcb2e_e3c7_48b2_94d7_94047d99bc92-2-16fb49bb-4b04-4302-a07e-d8739fa245f7=Assignment(partitions=[topic-774dcb2e_e3c7_48b2_94d7_94047d99bc92-0])}
2025-08-12 14:56:01,664 INFO  [org.apa.kaf.cli.con.int.ConsumerCoordinator] (Thread-609) [Consumer clientId=consumer-Consumer-topic-774dcb2e_e3c7_48b2_94d7_94047d99bc92-2, groupId=Consumer-topic-774dcb2e_e3c7_48b2_94d7_94047d99bc92] Successfully synced group in generation Generation{generationId=1, memberId='consumer-Consumer-topic-774dcb2e_e3c7_48b2_94d7_94047d99bc92-2-16fb49bb-4b04-4302-a07e-d8739fa245f7', protocol='range'}
2025-08-12 14:56:01,665 INFO  [org.apa.kaf.cli.con.int.ConsumerCoordinator] (Thread-609) [Consumer clientId=consumer-Consumer-topic-774dcb2e_e3c7_48b2_94d7_94047d99bc92-2, groupId=Consumer-topic-774dcb2e_e3c7_48b2_94d7_94047d99bc92] Notifying assignor about the new Assignment(partitions=[topic-774dcb2e_e3c7_48b2_94d7_94047d99bc92-0])
2025-08-12 14:56:01,665 INFO  [org.apa.kaf.cli.con.int.ConsumerRebalanceListenerInvoker] (Thread-609) [Consumer clientId=consumer-Consumer-topic-774dcb2e_e3c7_48b2_94d7_94047d99bc92-2, groupId=Consumer-topic-774dcb2e_e3c7_48b2_94d7_94047d99bc92] Adding newly assigned partitions: topic-774dcb2e_e3c7_48b2_94d7_94047d99bc92-0
2025-08-12 14:56:01,670 INFO  [org.apa.kaf.cli.con.int.ConsumerCoordinator] (Thread-609) [Consumer clientId=consumer-Consumer-topic-774dcb2e_e3c7_48b2_94d7_94047d99bc92-2, groupId=Consumer-topic-774dcb2e_e3c7_48b2_94d7_94047d99bc92] Found no committed offset for partition topic-774dcb2e_e3c7_48b2_94d7_94047d99bc92-0
2025-08-12 14:56:01,675 INFO  [org.apa.kaf.cli.con.int.SubscriptionState] (Thread-609) [Consumer clientId=consumer-Consumer-topic-774dcb2e_e3c7_48b2_94d7_94047d99bc92-2, groupId=Consumer-topic-774dcb2e_e3c7_48b2_94d7_94047d99bc92] Resetting offset for partition topic-774dcb2e_e3c7_48b2_94d7_94047d99bc92-0 to position FetchPosition{offset=0, offsetEpoch=Optional.empty, currentLeader=LeaderAndEpoch{leader=Optional[localhost:32769 (id: 0 rack: null)], epoch=0}}.
2025-08-12 14:56:01,812 INFO  [io.api.tes.ser.api.KafkaSerdesTester] (Thread-609) topic-774dcb2e_e3c7_48b2_94d7_94047d99bc92 0 0 {"key11755010557257": "value-0"}
2025-08-12 14:56:01,813 INFO  [io.api.tes.ser.api.KafkaSerdesTester] (Thread-609) topic-774dcb2e_e3c7_48b2_94d7_94047d99bc92 0 1 {"key11755010557257": "value-1"}
2025-08-12 14:56:01,813 INFO  [io.api.tes.ser.api.KafkaSerdesTester] (Thread-609) topic-774dcb2e_e3c7_48b2_94d7_94047d99bc92 0 2 {"key11755010557257": "value-2"}
2025-08-12 14:56:01,813 INFO  [io.api.tes.ser.api.KafkaSerdesTester] (Thread-609) topic-774dcb2e_e3c7_48b2_94d7_94047d99bc92 0 3 {"key11755010557257": "value-3"}
2025-08-12 14:56:01,813 INFO  [io.api.tes.ser.api.KafkaSerdesTester] (Thread-609) topic-774dcb2e_e3c7_48b2_94d7_94047d99bc92 0 4 {"key11755010557257": "value-4"}
2025-08-12 14:56:01,813 INFO  [io.api.tes.ser.api.KafkaSerdesTester] (Thread-609) topic-774dcb2e_e3c7_48b2_94d7_94047d99bc92 0 5 {"key11755010557257": "value-5"}
2025-08-12 14:56:01,813 INFO  [io.api.tes.ser.api.KafkaSerdesTester] (Thread-609) topic-774dcb2e_e3c7_48b2_94d7_94047d99bc92 0 6 {"key11755010557257": "value-6"}
2025-08-12 14:56:01,813 INFO  [io.api.tes.ser.api.KafkaSerdesTester] (Thread-609) topic-774dcb2e_e3c7_48b2_94d7_94047d99bc92 0 7 {"key11755010557257": "value-7"}
2025-08-12 14:56:01,813 INFO  [io.api.tes.ser.api.KafkaSerdesTester] (Thread-609) topic-774dcb2e_e3c7_48b2_94d7_94047d99bc92 0 8 {"key11755010557257": "value-8"}
2025-08-12 14:56:01,814 INFO  [io.api.tes.ser.api.KafkaSerdesTester] (Thread-609) topic-774dcb2e_e3c7_48b2_94d7_94047d99bc92 0 9 {"key11755010557257": "value-9"}
2025-08-12 14:56:01,814 INFO  [io.api.tes.ser.api.KafkaSerdesTester] (Thread-609) Consumed 10 messages
2025-08-12 14:56:01,825 INFO  [org.apa.kaf.cli.con.int.ConsumerRebalanceListenerInvoker] (Thread-609) [Consumer clientId=consumer-Consumer-topic-774dcb2e_e3c7_48b2_94d7_94047d99bc92-2, groupId=Consumer-topic-774dcb2e_e3c7_48b2_94d7_94047d99bc92] Revoke previously assigned partitions topic-774dcb2e_e3c7_48b2_94d7_94047d99bc92-0
2025-08-12 14:56:01,825 INFO  [org.apa.kaf.cli.con.int.ConsumerCoordinator] (Thread-609) [Consumer clientId=consumer-Consumer-topic-774dcb2e_e3c7_48b2_94d7_94047d99bc92-2, groupId=Consumer-topic-774dcb2e_e3c7_48b2_94d7_94047d99bc92] Member consumer-Consumer-topic-774dcb2e_e3c7_48b2_94d7_94047d99bc92-2-16fb49bb-4b04-4302-a07e-d8739fa245f7 sending LeaveGroup request to coordinator localhost:32769 (id: 2147483647 rack: null) due to the consumer is being closed
2025-08-12 14:56:01,826 INFO  [org.apa.kaf.cli.con.int.ConsumerCoordinator] (Thread-609) [Consumer clientId=consumer-Consumer-topic-774dcb2e_e3c7_48b2_94d7_94047d99bc92-2, groupId=Consumer-topic-774dcb2e_e3c7_48b2_94d7_94047d99bc92] Resetting generation and member id due to: consumer pro-actively leaving the group
2025-08-12 14:56:01,826 INFO  [org.apa.kaf.cli.con.int.ConsumerCoordinator] (Thread-609) [Consumer clientId=consumer-Consumer-topic-774dcb2e_e3c7_48b2_94d7_94047d99bc92-2, groupId=Consumer-topic-774dcb2e_e3c7_48b2_94d7_94047d99bc92] Request joining group due to: consumer pro-actively leaving the group
2025-08-12 14:56:02,318 INFO  [org.apa.kaf.com.met.Metrics] (Thread-609) Metrics scheduler closed
2025-08-12 14:56:02,318 INFO  [org.apa.kaf.com.met.Metrics] (Thread-609) Closing reporter org.apache.kafka.common.metrics.JmxReporter
2025-08-12 14:56:02,318 INFO  [org.apa.kaf.com.met.Metrics] (Thread-609) Closing reporter org.apache.kafka.common.telemetry.internals.ClientTelemetryReporter
2025-08-12 14:56:02,319 INFO  [org.apa.kaf.com.met.Metrics] (Thread-609) Metrics reporters closed
2025-08-12 14:56:02,325 INFO  [org.apa.kaf.com.uti.AppInfoParser] (Thread-609) App info kafka.consumer for consumer-Consumer-topic-774dcb2e_e3c7_48b2_94d7_94047d99bc92-2 unregistered
2025-08-12 14:56:02,325 INFO  [io.api.tes.uti.TestSeparator] (main) io.apicurio.tests.serdes.apicurio.AvroSerdeIT.testSimpleTopicIdStrategyFindLatest-FINISHED
2025-08-12 14:56:02,325 INFO  [io.api.tes.uti.TestSeparator] (main) ############################################################################
Test passed: testSimpleTopicIdStrategyFindLatest
]]></system-out>
  </testcase>
  <testcase name="testWrongSchema" classname="io.apicurio.tests.serdes.apicurio.AvroSerdeIT" time="1.282">
    <system-out><![CDATA[2025-08-12 14:56:02,327 INFO  [io.api.tes.uti.TestSeparator] (main) ############################################################################
2025-08-12 14:56:02,327 INFO  [io.api.tes.uti.TestSeparator] (main) io.apicurio.tests.serdes.apicurio.AvroSerdeIT.testWrongSchema-STARTED
**** Registry Base URL: http://registry-app-ksql043.apps.ci419.apicurio-testing.org:80
2025-08-12 14:56:03,476 INFO  [org.apa.kaf.cli.pro.ProducerConfig] (main) ProducerConfig values: 
	acks = -1
	auto.include.jmx.reporter = true
	batch.size = 16384
	bootstrap.servers = [PLAINTEXT://localhost:32769]
	buffer.memory = 33554432
	client.dns.lookup = use_all_dns_ips
	client.id = Producer-s62047640x3060x456bx96dexa23c9ed1b6d1
	compression.gzip.level = -1
	compression.lz4.level = 9
	compression.type = none
	compression.zstd.level = 3
	connections.max.idle.ms = 10000
	delivery.timeout.ms = 120000
	enable.idempotence = true
	enable.metrics.push = true
	interceptor.classes = []
	key.serializer = class org.apache.kafka.common.serialization.StringSerializer
	linger.ms = 0
	max.block.ms = 60000
	max.in.flight.requests.per.connection = 5
	max.request.size = 1048576
	metadata.max.age.ms = 300000
	metadata.max.idle.ms = 300000
	metadata.recovery.strategy = none
	metric.reporters = []
	metrics.num.samples = 2
	metrics.recording.level = INFO
	metrics.sample.window.ms = 30000
	partitioner.adaptive.partitioning.enable = true
	partitioner.availability.timeout.ms = 0
	partitioner.class = null
	partitioner.ignore.keys = false
	receive.buffer.bytes = 32768
	reconnect.backoff.max.ms = 1000
	reconnect.backoff.ms = 50
	request.timeout.ms = 5000
	retries = 2147483647
	retry.backoff.max.ms = 1000
	retry.backoff.ms = 100
	sasl.client.callback.handler.class = null
	sasl.jaas.config = null
	sasl.kerberos.kinit.cmd = /usr/bin/kinit
	sasl.kerberos.min.time.before.relogin = 60000
	sasl.kerberos.service.name = null
	sasl.kerberos.ticket.renew.jitter = 0.05
	sasl.kerberos.ticket.renew.window.factor = 0.8
	sasl.login.callback.handler.class = null
	sasl.login.class = null
	sasl.login.connect.timeout.ms = null
	sasl.login.read.timeout.ms = null
	sasl.login.refresh.buffer.seconds = 300
	sasl.login.refresh.min.period.seconds = 60
	sasl.login.refresh.window.factor = 0.8
	sasl.login.refresh.window.jitter = 0.05
	sasl.login.retry.backoff.max.ms = 10000
	sasl.login.retry.backoff.ms = 100
	sasl.mechanism = GSSAPI
	sasl.oauthbearer.clock.skew.seconds = 30
	sasl.oauthbearer.expected.audience = null
	sasl.oauthbearer.expected.issuer = null
	sasl.oauthbearer.header.urlencode = false
	sasl.oauthbearer.jwks.endpoint.refresh.ms = 3600000
	sasl.oauthbearer.jwks.endpoint.retry.backoff.max.ms = 10000
	sasl.oauthbearer.jwks.endpoint.retry.backoff.ms = 100
	sasl.oauthbearer.jwks.endpoint.url = null
	sasl.oauthbearer.scope.claim.name = scope
	sasl.oauthbearer.sub.claim.name = sub
	sasl.oauthbearer.token.endpoint.url = null
	security.protocol = PLAINTEXT
	security.providers = null
	send.buffer.bytes = 131072
	socket.connection.setup.timeout.max.ms = 30000
	socket.connection.setup.timeout.ms = 10000
	ssl.cipher.suites = null
	ssl.enabled.protocols = [TLSv1.2, TLSv1.3]
	ssl.endpoint.identification.algorithm = https
	ssl.engine.factory.class = null
	ssl.key.password = null
	ssl.keymanager.algorithm = SunX509
	ssl.keystore.certificate.chain = null
	ssl.keystore.key = null
	ssl.keystore.location = null
	ssl.keystore.password = null
	ssl.keystore.type = JKS
	ssl.protocol = TLSv1.3
	ssl.provider = null
	ssl.secure.random.implementation = null
	ssl.trustmanager.algorithm = PKIX
	ssl.truststore.certificates = null
	ssl.truststore.location = null
	ssl.truststore.password = null
	ssl.truststore.type = JKS
	transaction.timeout.ms = 60000
	transactional.id = null
	value.serializer = class io.apicurio.registry.serde.avro.AvroKafkaSerializer

2025-08-12 14:56:03,476 INFO  [org.apa.kaf.com.tel.int.KafkaMetricsCollector] (main) initializing Kafka metrics collector
2025-08-12 14:56:03,480 INFO  [org.apa.kaf.cli.pro.KafkaProducer] (main) [Producer clientId=Producer-s62047640x3060x456bx96dexa23c9ed1b6d1] Instantiated an idempotent producer.
2025-08-12 14:56:03,485 INFO  [org.apa.kaf.cli.pro.ProducerConfig] (main) These configurations '[apicurio.registry.find-latest, apicurio.registry.url, apicurio.registry.artifact-resolver-strategy]' were supplied but are not used yet.
2025-08-12 14:56:03,485 INFO  [org.apa.kaf.com.uti.AppInfoParser] (main) Kafka version: 3.9.1
2025-08-12 14:56:03,485 INFO  [org.apa.kaf.com.uti.AppInfoParser] (main) Kafka commitId: f745dfdcee2b9851
2025-08-12 14:56:03,485 INFO  [org.apa.kaf.com.uti.AppInfoParser] (main) Kafka startTimeMs: 1755010563485
2025-08-12 14:56:03,491 INFO  [io.api.tes.ser.api.KafkaSerdesTester] (Thread-612) Sending message {"keyB": "value-0"} to topic s62047640x3060x456bx96dexa23c9ed1b6d1
2025-08-12 14:56:03,495 INFO  [org.apa.kaf.cli.Metadata] (kafka-producer-network-thread | Producer-s62047640x3060x456bx96dexa23c9ed1b6d1) [Producer clientId=Producer-s62047640x3060x456bx96dexa23c9ed1b6d1] Cluster ID: 0yZUVcJRR-Oeoz-b4JS1zQ
2025-08-12 14:56:03,498 INFO  [org.apa.kaf.cli.pro.int.TransactionManager] (kafka-producer-network-thread | Producer-s62047640x3060x456bx96dexa23c9ed1b6d1) [Producer clientId=Producer-s62047640x3060x456bx96dexa23c9ed1b6d1] ProducerId set to 2 with epoch 0
2025-08-12 14:56:03,599 INFO  [org.apa.kaf.cli.pro.KafkaProducer] (Thread-612) [Producer clientId=Producer-s62047640x3060x456bx96dexa23c9ed1b6d1] Closing the Kafka producer with timeoutMillis = 9223372036854775807 ms.
2025-08-12 14:56:03,605 INFO  [org.apa.kaf.com.met.Metrics] (Thread-612) Metrics scheduler closed
2025-08-12 14:56:03,606 INFO  [org.apa.kaf.com.met.Metrics] (Thread-612) Closing reporter org.apache.kafka.common.metrics.JmxReporter
2025-08-12 14:56:03,606 INFO  [org.apa.kaf.com.met.Metrics] (Thread-612) Closing reporter org.apache.kafka.common.telemetry.internals.ClientTelemetryReporter
2025-08-12 14:56:03,606 INFO  [org.apa.kaf.com.met.Metrics] (Thread-612) Metrics reporters closed
2025-08-12 14:56:03,607 INFO  [org.apa.kaf.com.uti.AppInfoParser] (Thread-612) App info kafka.producer for Producer-s62047640x3060x456bx96dexa23c9ed1b6d1 unregistered
2025-08-12 14:56:03,608 INFO  [io.api.tes.uti.TestSeparator] (main) io.apicurio.tests.serdes.apicurio.AvroSerdeIT.testWrongSchema-FINISHED
2025-08-12 14:56:03,608 INFO  [io.api.tes.uti.TestSeparator] (main) ############################################################################
Test passed: testWrongSchema
]]></system-out>
    <system-err><![CDATA[io.apicurio.registry.rest.client.models.ProblemDetails
	at io.apicurio.registry.rest.client.models.ProblemDetails.createFromDiscriminatorValue(ProblemDetails.java:58)
	at io.kiota.serialization.json.JsonParseNode.getObjectValue(JsonParseNode.java:247)
	at io.kiota.http.vertx.VertXRequestAdapter.lambda$throwIfFailedResponse$0(VertXRequestAdapter.java:400)
	at com.microsoft.kiota.ApiExceptionBuilder.<init>(ApiExceptionBuilder.java:26)
	at io.kiota.http.vertx.VertXRequestAdapter.throwIfFailedResponse(VertXRequestAdapter.java:399)
	at io.kiota.http.vertx.VertXRequestAdapter.send(VertXRequestAdapter.java:170)
	at io.apicurio.registry.rest.client.groups.item.artifacts.item.versions.item.WithVersionExpressionItemRequestBuilder.get(WithVersionExpressionItemRequestBuilder.java:128)
	at io.apicurio.registry.rest.client.groups.item.artifacts.item.versions.item.WithVersionExpressionItemRequestBuilder.get(WithVersionExpressionItemRequestBuilder.java:111)
	at io.apicurio.registry.resolver.client.RegistryClientFacadeImpl.getVersionCoordinatesByGAV(RegistryClientFacadeImpl.java:159)
	at io.apicurio.registry.resolver.DefaultSchemaResolver.resolveByCoordinates(DefaultSchemaResolver.java:352)
	at io.apicurio.registry.resolver.DefaultSchemaResolver.lambda$resolveSchemaByArtifactReferenceCached$6(DefaultSchemaResolver.java:340)
	at io.apicurio.registry.resolver.cache.ERCache.lambda$getValue$0(ERCache.java:174)
	at io.apicurio.registry.resolver.cache.ERCache.retry(ERCache.java:227)
	at io.apicurio.registry.resolver.cache.ERCache.getValue(ERCache.java:173)
	at io.apicurio.registry.resolver.cache.ERCache.getByArtifactCoordinates(ERCache.java:158)
	at io.apicurio.registry.resolver.DefaultSchemaResolver.resolveSchemaByArtifactReferenceCached(DefaultSchemaResolver.java:338)
	at io.apicurio.registry.resolver.DefaultSchemaResolver.resolveSchemaByCoordinates(DefaultSchemaResolver.java:193)
	at io.apicurio.registry.resolver.DefaultSchemaResolver.getSchemaFromRegistry(DefaultSchemaResolver.java:130)
	at io.apicurio.registry.resolver.DefaultSchemaResolver.lambda$resolveSchema$0(DefaultSchemaResolver.java:84)
	at java.base/java.util.Optional.orElseGet(Optional.java:364)
	at io.apicurio.registry.resolver.DefaultSchemaResolver.resolveSchema(DefaultSchemaResolver.java:84)
	at io.apicurio.registry.serde.AbstractSerializer.serializeData(AbstractSerializer.java:62)
	at io.apicurio.registry.serde.KafkaSerializer.serialize(KafkaSerializer.java:77)
	at org.apache.kafka.clients.producer.KafkaProducer.doSend(KafkaProducer.java:1046)
	at org.apache.kafka.clients.producer.KafkaProducer.send(KafkaProducer.java:993)
	at org.apache.kafka.clients.producer.KafkaProducer.send(KafkaProducer.java:875)
	at io.apicurio.tests.serdes.apicurio.KafkaSerdesTester.lambda$produceMessages$3(KafkaSerdesTester.java:138)
	at java.base/java.util.concurrent.CompletableFuture$AsyncSupply.run(CompletableFuture.java:1768)
	at java.base/java.lang.Thread.run(Thread.java:840)
]]></system-err>
  </testcase>
  <testcase name="testAvroJSON" classname="io.apicurio.tests.serdes.apicurio.AvroSerdeIT" time="4.053">
    <system-out><![CDATA[2025-08-12 14:56:03,614 INFO  [io.api.tes.uti.TestSeparator] (main) ############################################################################
2025-08-12 14:56:03,614 INFO  [io.api.tes.uti.TestSeparator] (main) io.apicurio.tests.serdes.apicurio.AvroSerdeIT.testAvroJSON-STARTED
**** Registry Base URL: http://registry-app-ksql043.apps.ci419.apicurio-testing.org:80
2025-08-12 14:56:03,620 INFO  [org.apa.kaf.cli.pro.ProducerConfig] (main) ProducerConfig values: 
	acks = -1
	auto.include.jmx.reporter = true
	batch.size = 16384
	bootstrap.servers = [PLAINTEXT://localhost:32769]
	buffer.memory = 33554432
	client.dns.lookup = use_all_dns_ips
	client.id = Producer-topic-937706be_8217_41c7_ae45_97c9c8b2b627
	compression.gzip.level = -1
	compression.lz4.level = 9
	compression.type = none
	compression.zstd.level = 3
	connections.max.idle.ms = 10000
	delivery.timeout.ms = 120000
	enable.idempotence = true
	enable.metrics.push = true
	interceptor.classes = []
	key.serializer = class org.apache.kafka.common.serialization.StringSerializer
	linger.ms = 0
	max.block.ms = 60000
	max.in.flight.requests.per.connection = 5
	max.request.size = 1048576
	metadata.max.age.ms = 300000
	metadata.max.idle.ms = 300000
	metadata.recovery.strategy = none
	metric.reporters = []
	metrics.num.samples = 2
	metrics.recording.level = INFO
	metrics.sample.window.ms = 30000
	partitioner.adaptive.partitioning.enable = true
	partitioner.availability.timeout.ms = 0
	partitioner.class = null
	partitioner.ignore.keys = false
	receive.buffer.bytes = 32768
	reconnect.backoff.max.ms = 1000
	reconnect.backoff.ms = 50
	request.timeout.ms = 5000
	retries = 2147483647
	retry.backoff.max.ms = 1000
	retry.backoff.ms = 100
	sasl.client.callback.handler.class = null
	sasl.jaas.config = null
	sasl.kerberos.kinit.cmd = /usr/bin/kinit
	sasl.kerberos.min.time.before.relogin = 60000
	sasl.kerberos.service.name = null
	sasl.kerberos.ticket.renew.jitter = 0.05
	sasl.kerberos.ticket.renew.window.factor = 0.8
	sasl.login.callback.handler.class = null
	sasl.login.class = null
	sasl.login.connect.timeout.ms = null
	sasl.login.read.timeout.ms = null
	sasl.login.refresh.buffer.seconds = 300
	sasl.login.refresh.min.period.seconds = 60
	sasl.login.refresh.window.factor = 0.8
	sasl.login.refresh.window.jitter = 0.05
	sasl.login.retry.backoff.max.ms = 10000
	sasl.login.retry.backoff.ms = 100
	sasl.mechanism = GSSAPI
	sasl.oauthbearer.clock.skew.seconds = 30
	sasl.oauthbearer.expected.audience = null
	sasl.oauthbearer.expected.issuer = null
	sasl.oauthbearer.header.urlencode = false
	sasl.oauthbearer.jwks.endpoint.refresh.ms = 3600000
	sasl.oauthbearer.jwks.endpoint.retry.backoff.max.ms = 10000
	sasl.oauthbearer.jwks.endpoint.retry.backoff.ms = 100
	sasl.oauthbearer.jwks.endpoint.url = null
	sasl.oauthbearer.scope.claim.name = scope
	sasl.oauthbearer.sub.claim.name = sub
	sasl.oauthbearer.token.endpoint.url = null
	security.protocol = PLAINTEXT
	security.providers = null
	send.buffer.bytes = 131072
	socket.connection.setup.timeout.max.ms = 30000
	socket.connection.setup.timeout.ms = 10000
	ssl.cipher.suites = null
	ssl.enabled.protocols = [TLSv1.2, TLSv1.3]
	ssl.endpoint.identification.algorithm = https
	ssl.engine.factory.class = null
	ssl.key.password = null
	ssl.keymanager.algorithm = SunX509
	ssl.keystore.certificate.chain = null
	ssl.keystore.key = null
	ssl.keystore.location = null
	ssl.keystore.password = null
	ssl.keystore.type = JKS
	ssl.protocol = TLSv1.3
	ssl.provider = null
	ssl.secure.random.implementation = null
	ssl.trustmanager.algorithm = PKIX
	ssl.truststore.certificates = null
	ssl.truststore.location = null
	ssl.truststore.password = null
	ssl.truststore.type = JKS
	transaction.timeout.ms = 60000
	transactional.id = null
	value.serializer = class io.apicurio.registry.serde.avro.AvroKafkaSerializer

2025-08-12 14:56:03,623 INFO  [org.apa.kaf.com.tel.int.KafkaMetricsCollector] (main) initializing Kafka metrics collector
2025-08-12 14:56:03,636 INFO  [org.apa.kaf.cli.pro.KafkaProducer] (main) [Producer clientId=Producer-topic-937706be_8217_41c7_ae45_97c9c8b2b627] Instantiated an idempotent producer.
2025-08-12 14:56:03,642 INFO  [org.apa.kaf.cli.pro.ProducerConfig] (main) These configurations '[apicurio.registry.avro.encoding, apicurio.registry.url, apicurio.registry.auto-register, apicurio.registry.artifact-resolver-strategy]' were supplied but are not used yet.
2025-08-12 14:56:03,642 INFO  [org.apa.kaf.com.uti.AppInfoParser] (main) Kafka version: 3.9.1
2025-08-12 14:56:03,643 INFO  [org.apa.kaf.com.uti.AppInfoParser] (main) Kafka commitId: f745dfdcee2b9851
2025-08-12 14:56:03,643 INFO  [org.apa.kaf.com.uti.AppInfoParser] (main) Kafka startTimeMs: 1755010563642
2025-08-12 14:56:03,643 INFO  [io.api.tes.ser.api.SimpleSerdesTesterBuilder$SimpleSerdesTester] (main) Using producer configuration: {apicurio.registry.avro.encoding=JSON, apicurio.registry.url=http://registry-app-ksql043.apps.ci419.apicurio-testing.org:80/apis/registry/v3, apicurio.registry.auto-register=true, apicurio.registry.artifact-resolver-strategy=io.apicurio.registry.serde.strategy.TopicIdStrategy, value.serializer=io.apicurio.registry.serde.avro.AvroKafkaSerializer, request.timeout.ms=5000, acks=all, bootstrap.servers=PLAINTEXT://localhost:32769, connections.max.idle.ms=10000, key.serializer=org.apache.kafka.common.serialization.StringSerializer, client.id=Producer-topic-937706be_8217_41c7_ae45_97c9c8b2b627}
2025-08-12 14:56:03,643 INFO  [io.api.tes.ser.api.SimpleSerdesTesterBuilder$SimpleSerdesTester] (main) Using consumer configuration: {apicurio.registry.avro.encoding=JSON}
2025-08-12 14:56:03,644 INFO  [io.api.tes.ser.api.KafkaSerdesTester] (Thread-615) Sending message {"bar": "value-0"} to topic topic-937706be_8217_41c7_ae45_97c9c8b2b627
2025-08-12 14:56:03,649 WARN  [org.apa.kaf.cli.NetworkClient] (kafka-producer-network-thread | Producer-topic-937706be_8217_41c7_ae45_97c9c8b2b627) [Producer clientId=Producer-topic-937706be_8217_41c7_ae45_97c9c8b2b627] The metadata response from the cluster reported a recoverable issue with correlation id 1 : {topic-937706be_8217_41c7_ae45_97c9c8b2b627=UNKNOWN_TOPIC_OR_PARTITION}
2025-08-12 14:56:03,649 INFO  [org.apa.kaf.cli.Metadata] (kafka-producer-network-thread | Producer-topic-937706be_8217_41c7_ae45_97c9c8b2b627) [Producer clientId=Producer-topic-937706be_8217_41c7_ae45_97c9c8b2b627] Cluster ID: 0yZUVcJRR-Oeoz-b4JS1zQ
2025-08-12 14:56:03,651 INFO  [org.apa.kaf.cli.pro.int.TransactionManager] (kafka-producer-network-thread | Producer-topic-937706be_8217_41c7_ae45_97c9c8b2b627) [Producer clientId=Producer-topic-937706be_8217_41c7_ae45_97c9c8b2b627] ProducerId set to 3 with epoch 0
2025-08-12 14:56:03,891 INFO  [io.api.tes.ser.api.KafkaSerdesTester] (Thread-615) Sending message {"bar": "value-1"} to topic topic-937706be_8217_41c7_ae45_97c9c8b2b627
2025-08-12 14:56:03,896 INFO  [io.api.tes.ser.api.KafkaSerdesTester] (Thread-615) Sending message {"bar": "value-2"} to topic topic-937706be_8217_41c7_ae45_97c9c8b2b627
2025-08-12 14:56:03,899 INFO  [io.api.tes.ser.api.KafkaSerdesTester] (Thread-615) Sending message {"bar": "value-3"} to topic topic-937706be_8217_41c7_ae45_97c9c8b2b627
2025-08-12 14:56:03,901 INFO  [io.api.tes.ser.api.KafkaSerdesTester] (Thread-615) Sending message {"bar": "value-4"} to topic topic-937706be_8217_41c7_ae45_97c9c8b2b627
2025-08-12 14:56:03,904 INFO  [io.api.tes.ser.api.KafkaSerdesTester] (Thread-615) Sending message {"bar": "value-5"} to topic topic-937706be_8217_41c7_ae45_97c9c8b2b627
2025-08-12 14:56:03,905 INFO  [io.api.tes.ser.api.KafkaSerdesTester] (Thread-615) Sending message {"bar": "value-6"} to topic topic-937706be_8217_41c7_ae45_97c9c8b2b627
2025-08-12 14:56:03,908 INFO  [io.api.tes.ser.api.KafkaSerdesTester] (Thread-615) Sending message {"bar": "value-7"} to topic topic-937706be_8217_41c7_ae45_97c9c8b2b627
2025-08-12 14:56:03,910 INFO  [io.api.tes.ser.api.KafkaSerdesTester] (Thread-615) Sending message {"bar": "value-8"} to topic topic-937706be_8217_41c7_ae45_97c9c8b2b627
2025-08-12 14:56:03,913 INFO  [io.api.tes.ser.api.KafkaSerdesTester] (Thread-615) Sending message {"bar": "value-9"} to topic topic-937706be_8217_41c7_ae45_97c9c8b2b627
2025-08-12 14:56:03,916 INFO  [io.api.tes.ser.api.KafkaSerdesTester] (Thread-615) Produced 10 messages
2025-08-12 14:56:03,916 INFO  [org.apa.kaf.cli.pro.KafkaProducer] (Thread-615) [Producer clientId=Producer-topic-937706be_8217_41c7_ae45_97c9c8b2b627] Closing the Kafka producer with timeoutMillis = 9223372036854775807 ms.
2025-08-12 14:56:03,921 INFO  [org.apa.kaf.com.met.Metrics] (Thread-615) Metrics scheduler closed
2025-08-12 14:56:03,921 INFO  [org.apa.kaf.com.met.Metrics] (Thread-615) Closing reporter org.apache.kafka.common.metrics.JmxReporter
2025-08-12 14:56:03,921 INFO  [org.apa.kaf.com.met.Metrics] (Thread-615) Closing reporter org.apache.kafka.common.telemetry.internals.ClientTelemetryReporter
2025-08-12 14:56:03,921 INFO  [org.apa.kaf.com.met.Metrics] (Thread-615) Metrics reporters closed
2025-08-12 14:56:03,922 INFO  [org.apa.kaf.com.uti.AppInfoParser] (Thread-615) App info kafka.producer for Producer-topic-937706be_8217_41c7_ae45_97c9c8b2b627 unregistered
**** Registry Base URL: http://registry-app-ksql043.apps.ci419.apicurio-testing.org:80
2025-08-12 14:56:03,997 INFO  [org.apa.kaf.cli.con.ConsumerConfig] (main) ConsumerConfig values: 
	allow.auto.create.topics = true
	auto.commit.interval.ms = 500
	auto.include.jmx.reporter = true
	auto.offset.reset = earliest
	bootstrap.servers = [PLAINTEXT://localhost:32769]
	check.crcs = true
	client.dns.lookup = use_all_dns_ips
	client.id = consumer-Consumer-topic-937706be_8217_41c7_ae45_97c9c8b2b627-3
	client.rack = 
	connections.max.idle.ms = 10000
	default.api.timeout.ms = 60000
	enable.auto.commit = true
	enable.metrics.push = true
	exclude.internal.topics = true
	fetch.max.bytes = 52428800
	fetch.max.wait.ms = 500
	fetch.min.bytes = 1
	group.id = Consumer-topic-937706be_8217_41c7_ae45_97c9c8b2b627
	group.instance.id = null
	group.protocol = classic
	group.remote.assignor = null
	heartbeat.interval.ms = 3000
	interceptor.classes = []
	internal.leave.group.on.close = true
	internal.throw.on.fetch.stable.offset.unsupported = false
	isolation.level = read_uncommitted
	key.deserializer = class org.apache.kafka.common.serialization.StringDeserializer
	max.partition.fetch.bytes = 1048576
	max.poll.interval.ms = 300000
	max.poll.records = 500
	metadata.max.age.ms = 300000
	metadata.recovery.strategy = none
	metric.reporters = []
	metrics.num.samples = 2
	metrics.recording.level = INFO
	metrics.sample.window.ms = 30000
	partition.assignment.strategy = [class org.apache.kafka.clients.consumer.RangeAssignor, class org.apache.kafka.clients.consumer.CooperativeStickyAssignor]
	receive.buffer.bytes = 65536
	reconnect.backoff.max.ms = 1000
	reconnect.backoff.ms = 50
	request.timeout.ms = 5000
	retry.backoff.max.ms = 1000
	retry.backoff.ms = 100
	sasl.client.callback.handler.class = null
	sasl.jaas.config = null
	sasl.kerberos.kinit.cmd = /usr/bin/kinit
	sasl.kerberos.min.time.before.relogin = 60000
	sasl.kerberos.service.name = null
	sasl.kerberos.ticket.renew.jitter = 0.05
	sasl.kerberos.ticket.renew.window.factor = 0.8
	sasl.login.callback.handler.class = null
	sasl.login.class = null
	sasl.login.connect.timeout.ms = null
	sasl.login.read.timeout.ms = null
	sasl.login.refresh.buffer.seconds = 300
	sasl.login.refresh.min.period.seconds = 60
	sasl.login.refresh.window.factor = 0.8
	sasl.login.refresh.window.jitter = 0.05
	sasl.login.retry.backoff.max.ms = 10000
	sasl.login.retry.backoff.ms = 100
	sasl.mechanism = GSSAPI
	sasl.oauthbearer.clock.skew.seconds = 30
	sasl.oauthbearer.expected.audience = null
	sasl.oauthbearer.expected.issuer = null
	sasl.oauthbearer.header.urlencode = false
	sasl.oauthbearer.jwks.endpoint.refresh.ms = 3600000
	sasl.oauthbearer.jwks.endpoint.retry.backoff.max.ms = 10000
	sasl.oauthbearer.jwks.endpoint.retry.backoff.ms = 100
	sasl.oauthbearer.jwks.endpoint.url = null
	sasl.oauthbearer.scope.claim.name = scope
	sasl.oauthbearer.sub.claim.name = sub
	sasl.oauthbearer.token.endpoint.url = null
	security.protocol = PLAINTEXT
	security.providers = null
	send.buffer.bytes = 131072
	session.timeout.ms = 45000
	socket.connection.setup.timeout.max.ms = 30000
	socket.connection.setup.timeout.ms = 10000
	ssl.cipher.suites = null
	ssl.enabled.protocols = [TLSv1.2, TLSv1.3]
	ssl.endpoint.identification.algorithm = https
	ssl.engine.factory.class = null
	ssl.key.password = null
	ssl.keymanager.algorithm = SunX509
	ssl.keystore.certificate.chain = null
	ssl.keystore.key = null
	ssl.keystore.location = null
	ssl.keystore.password = null
	ssl.keystore.type = JKS
	ssl.protocol = TLSv1.3
	ssl.provider = null
	ssl.secure.random.implementation = null
	ssl.trustmanager.algorithm = PKIX
	ssl.truststore.certificates = null
	ssl.truststore.location = null
	ssl.truststore.password = null
	ssl.truststore.type = JKS
	value.deserializer = class io.apicurio.registry.serde.avro.AvroKafkaDeserializer

2025-08-12 14:56:03,997 INFO  [org.apa.kaf.com.tel.int.KafkaMetricsCollector] (main) initializing Kafka metrics collector
2025-08-12 14:56:04,004 INFO  [org.apa.kaf.cli.con.ConsumerConfig] (main) These configurations '[apicurio.registry.avro.encoding, apicurio.registry.url]' were supplied but are not used yet.
2025-08-12 14:56:04,004 INFO  [org.apa.kaf.com.uti.AppInfoParser] (main) Kafka version: 3.9.1
2025-08-12 14:56:04,004 INFO  [org.apa.kaf.com.uti.AppInfoParser] (main) Kafka commitId: f745dfdcee2b9851
2025-08-12 14:56:04,005 INFO  [org.apa.kaf.com.uti.AppInfoParser] (main) Kafka startTimeMs: 1755010564004
2025-08-12 14:56:04,005 INFO  [org.apa.kaf.cli.con.int.ClassicKafkaConsumer] (Thread-618) [Consumer clientId=consumer-Consumer-topic-937706be_8217_41c7_ae45_97c9c8b2b627-3, groupId=Consumer-topic-937706be_8217_41c7_ae45_97c9c8b2b627] Subscribed to topic(s): topic-937706be_8217_41c7_ae45_97c9c8b2b627
2025-08-12 14:56:04,012 INFO  [org.apa.kaf.cli.Metadata] (Thread-618) [Consumer clientId=consumer-Consumer-topic-937706be_8217_41c7_ae45_97c9c8b2b627-3, groupId=Consumer-topic-937706be_8217_41c7_ae45_97c9c8b2b627] Cluster ID: 0yZUVcJRR-Oeoz-b4JS1zQ
2025-08-12 14:56:04,014 INFO  [org.apa.kaf.cli.con.int.ConsumerCoordinator] (Thread-618) [Consumer clientId=consumer-Consumer-topic-937706be_8217_41c7_ae45_97c9c8b2b627-3, groupId=Consumer-topic-937706be_8217_41c7_ae45_97c9c8b2b627] Discovered group coordinator localhost:32769 (id: 2147483647 rack: null)
2025-08-12 14:56:04,017 INFO  [org.apa.kaf.cli.con.int.ConsumerCoordinator] (Thread-618) [Consumer clientId=consumer-Consumer-topic-937706be_8217_41c7_ae45_97c9c8b2b627-3, groupId=Consumer-topic-937706be_8217_41c7_ae45_97c9c8b2b627] (Re-)joining group
2025-08-12 14:56:04,020 INFO  [org.apa.kaf.cli.con.int.ConsumerCoordinator] (Thread-618) [Consumer clientId=consumer-Consumer-topic-937706be_8217_41c7_ae45_97c9c8b2b627-3, groupId=Consumer-topic-937706be_8217_41c7_ae45_97c9c8b2b627] Request joining group due to: need to re-join with the given member-id: consumer-Consumer-topic-937706be_8217_41c7_ae45_97c9c8b2b627-3-973abb93-5307-4c69-b636-4a46a2817355
2025-08-12 14:56:04,020 INFO  [org.apa.kaf.cli.con.int.ConsumerCoordinator] (Thread-618) [Consumer clientId=consumer-Consumer-topic-937706be_8217_41c7_ae45_97c9c8b2b627-3, groupId=Consumer-topic-937706be_8217_41c7_ae45_97c9c8b2b627] (Re-)joining group
2025-08-12 14:56:05,005 INFO  [io.api.tes.ser.api.KafkaSerdesTester] (Thread-618) None found
2025-08-12 14:56:06,007 INFO  [io.api.tes.ser.api.KafkaSerdesTester] (Thread-618) None found
2025-08-12 14:56:07,007 INFO  [io.api.tes.ser.api.KafkaSerdesTester] (Thread-618) None found
2025-08-12 14:56:07,022 INFO  [org.apa.kaf.cli.con.int.ConsumerCoordinator] (Thread-618) [Consumer clientId=consumer-Consumer-topic-937706be_8217_41c7_ae45_97c9c8b2b627-3, groupId=Consumer-topic-937706be_8217_41c7_ae45_97c9c8b2b627] Successfully joined group with generation Generation{generationId=1, memberId='consumer-Consumer-topic-937706be_8217_41c7_ae45_97c9c8b2b627-3-973abb93-5307-4c69-b636-4a46a2817355', protocol='range'}
2025-08-12 14:56:07,023 INFO  [org.apa.kaf.cli.con.int.ConsumerCoordinator] (Thread-618) [Consumer clientId=consumer-Consumer-topic-937706be_8217_41c7_ae45_97c9c8b2b627-3, groupId=Consumer-topic-937706be_8217_41c7_ae45_97c9c8b2b627] Finished assignment for group at generation 1: {consumer-Consumer-topic-937706be_8217_41c7_ae45_97c9c8b2b627-3-973abb93-5307-4c69-b636-4a46a2817355=Assignment(partitions=[topic-937706be_8217_41c7_ae45_97c9c8b2b627-0])}
2025-08-12 14:56:07,030 INFO  [org.apa.kaf.cli.con.int.ConsumerCoordinator] (Thread-618) [Consumer clientId=consumer-Consumer-topic-937706be_8217_41c7_ae45_97c9c8b2b627-3, groupId=Consumer-topic-937706be_8217_41c7_ae45_97c9c8b2b627] Successfully synced group in generation Generation{generationId=1, memberId='consumer-Consumer-topic-937706be_8217_41c7_ae45_97c9c8b2b627-3-973abb93-5307-4c69-b636-4a46a2817355', protocol='range'}
2025-08-12 14:56:07,030 INFO  [org.apa.kaf.cli.con.int.ConsumerCoordinator] (Thread-618) [Consumer clientId=consumer-Consumer-topic-937706be_8217_41c7_ae45_97c9c8b2b627-3, groupId=Consumer-topic-937706be_8217_41c7_ae45_97c9c8b2b627] Notifying assignor about the new Assignment(partitions=[topic-937706be_8217_41c7_ae45_97c9c8b2b627-0])
2025-08-12 14:56:07,030 INFO  [org.apa.kaf.cli.con.int.ConsumerRebalanceListenerInvoker] (Thread-618) [Consumer clientId=consumer-Consumer-topic-937706be_8217_41c7_ae45_97c9c8b2b627-3, groupId=Consumer-topic-937706be_8217_41c7_ae45_97c9c8b2b627] Adding newly assigned partitions: topic-937706be_8217_41c7_ae45_97c9c8b2b627-0
2025-08-12 14:56:07,035 INFO  [org.apa.kaf.cli.con.int.ConsumerCoordinator] (Thread-618) [Consumer clientId=consumer-Consumer-topic-937706be_8217_41c7_ae45_97c9c8b2b627-3, groupId=Consumer-topic-937706be_8217_41c7_ae45_97c9c8b2b627] Found no committed offset for partition topic-937706be_8217_41c7_ae45_97c9c8b2b627-0
2025-08-12 14:56:07,041 INFO  [org.apa.kaf.cli.con.int.SubscriptionState] (Thread-618) [Consumer clientId=consumer-Consumer-topic-937706be_8217_41c7_ae45_97c9c8b2b627-3, groupId=Consumer-topic-937706be_8217_41c7_ae45_97c9c8b2b627] Resetting offset for partition topic-937706be_8217_41c7_ae45_97c9c8b2b627-0 to position FetchPosition{offset=0, offsetEpoch=Optional.empty, currentLeader=LeaderAndEpoch{leader=Optional[localhost:32769 (id: 0 rack: null)], epoch=0}}.
2025-08-12 14:56:07,153 INFO  [io.api.tes.ser.api.KafkaSerdesTester] (Thread-618) topic-937706be_8217_41c7_ae45_97c9c8b2b627 0 0 {"bar": "value-0"}
2025-08-12 14:56:07,153 INFO  [io.api.tes.ser.api.KafkaSerdesTester] (Thread-618) topic-937706be_8217_41c7_ae45_97c9c8b2b627 0 1 {"bar": "value-1"}
2025-08-12 14:56:07,154 INFO  [io.api.tes.ser.api.KafkaSerdesTester] (Thread-618) topic-937706be_8217_41c7_ae45_97c9c8b2b627 0 2 {"bar": "value-2"}
2025-08-12 14:56:07,154 INFO  [io.api.tes.ser.api.KafkaSerdesTester] (Thread-618) topic-937706be_8217_41c7_ae45_97c9c8b2b627 0 3 {"bar": "value-3"}
2025-08-12 14:56:07,154 INFO  [io.api.tes.ser.api.KafkaSerdesTester] (Thread-618) topic-937706be_8217_41c7_ae45_97c9c8b2b627 0 4 {"bar": "value-4"}
2025-08-12 14:56:07,154 INFO  [io.api.tes.ser.api.KafkaSerdesTester] (Thread-618) topic-937706be_8217_41c7_ae45_97c9c8b2b627 0 5 {"bar": "value-5"}
2025-08-12 14:56:07,154 INFO  [io.api.tes.ser.api.KafkaSerdesTester] (Thread-618) topic-937706be_8217_41c7_ae45_97c9c8b2b627 0 6 {"bar": "value-6"}
2025-08-12 14:56:07,154 INFO  [io.api.tes.ser.api.KafkaSerdesTester] (Thread-618) topic-937706be_8217_41c7_ae45_97c9c8b2b627 0 7 {"bar": "value-7"}
2025-08-12 14:56:07,154 INFO  [io.api.tes.ser.api.KafkaSerdesTester] (Thread-618) topic-937706be_8217_41c7_ae45_97c9c8b2b627 0 8 {"bar": "value-8"}
2025-08-12 14:56:07,154 INFO  [io.api.tes.ser.api.KafkaSerdesTester] (Thread-618) topic-937706be_8217_41c7_ae45_97c9c8b2b627 0 9 {"bar": "value-9"}
2025-08-12 14:56:07,154 INFO  [io.api.tes.ser.api.KafkaSerdesTester] (Thread-618) Consumed 10 messages
2025-08-12 14:56:07,162 INFO  [org.apa.kaf.cli.con.int.ConsumerRebalanceListenerInvoker] (Thread-618) [Consumer clientId=consumer-Consumer-topic-937706be_8217_41c7_ae45_97c9c8b2b627-3, groupId=Consumer-topic-937706be_8217_41c7_ae45_97c9c8b2b627] Revoke previously assigned partitions topic-937706be_8217_41c7_ae45_97c9c8b2b627-0
2025-08-12 14:56:07,162 INFO  [org.apa.kaf.cli.con.int.ConsumerCoordinator] (Thread-618) [Consumer clientId=consumer-Consumer-topic-937706be_8217_41c7_ae45_97c9c8b2b627-3, groupId=Consumer-topic-937706be_8217_41c7_ae45_97c9c8b2b627] Member consumer-Consumer-topic-937706be_8217_41c7_ae45_97c9c8b2b627-3-973abb93-5307-4c69-b636-4a46a2817355 sending LeaveGroup request to coordinator localhost:32769 (id: 2147483647 rack: null) due to the consumer is being closed
2025-08-12 14:56:07,163 INFO  [org.apa.kaf.cli.con.int.ConsumerCoordinator] (Thread-618) [Consumer clientId=consumer-Consumer-topic-937706be_8217_41c7_ae45_97c9c8b2b627-3, groupId=Consumer-topic-937706be_8217_41c7_ae45_97c9c8b2b627] Resetting generation and member id due to: consumer pro-actively leaving the group
2025-08-12 14:56:07,163 INFO  [org.apa.kaf.cli.con.int.ConsumerCoordinator] (Thread-618) [Consumer clientId=consumer-Consumer-topic-937706be_8217_41c7_ae45_97c9c8b2b627-3, groupId=Consumer-topic-937706be_8217_41c7_ae45_97c9c8b2b627] Request joining group due to: consumer pro-actively leaving the group
2025-08-12 14:56:07,658 INFO  [org.apa.kaf.com.met.Metrics] (Thread-618) Metrics scheduler closed
2025-08-12 14:56:07,658 INFO  [org.apa.kaf.com.met.Metrics] (Thread-618) Closing reporter org.apache.kafka.common.metrics.JmxReporter
2025-08-12 14:56:07,658 INFO  [org.apa.kaf.com.met.Metrics] (Thread-618) Closing reporter org.apache.kafka.common.telemetry.internals.ClientTelemetryReporter
2025-08-12 14:56:07,658 INFO  [org.apa.kaf.com.met.Metrics] (Thread-618) Metrics reporters closed
2025-08-12 14:56:07,661 INFO  [org.apa.kaf.com.uti.AppInfoParser] (Thread-618) App info kafka.consumer for consumer-Consumer-topic-937706be_8217_41c7_ae45_97c9c8b2b627-3 unregistered
2025-08-12 14:56:07,662 INFO  [io.api.tes.uti.TestSeparator] (main) io.apicurio.tests.serdes.apicurio.AvroSerdeIT.testAvroJSON-FINISHED
2025-08-12 14:56:07,662 INFO  [io.api.tes.uti.TestSeparator] (main) ############################################################################
Test passed: testAvroJSON
]]></system-out>
  </testcase>
  <testcase name="testTopicIdStrategyAutoRegister" classname="io.apicurio.tests.serdes.apicurio.AvroSerdeIT" time="4.119">
    <system-out><![CDATA[2025-08-12 14:56:07,665 INFO  [io.api.tes.uti.TestSeparator] (main) ############################################################################
2025-08-12 14:56:07,666 INFO  [io.api.tes.uti.TestSeparator] (main) io.apicurio.tests.serdes.apicurio.AvroSerdeIT.testTopicIdStrategyAutoRegister-STARTED
**** Registry Base URL: http://registry-app-ksql043.apps.ci419.apicurio-testing.org:80
2025-08-12 14:56:07,675 INFO  [org.apa.kaf.cli.pro.ProducerConfig] (main) ProducerConfig values: 
	acks = -1
	auto.include.jmx.reporter = true
	batch.size = 16384
	bootstrap.servers = [PLAINTEXT://localhost:32769]
	buffer.memory = 33554432
	client.dns.lookup = use_all_dns_ips
	client.id = Producer-topic-16907198_c7f2_49e6_8d10_486b0a2d871f
	compression.gzip.level = -1
	compression.lz4.level = 9
	compression.type = none
	compression.zstd.level = 3
	connections.max.idle.ms = 10000
	delivery.timeout.ms = 120000
	enable.idempotence = true
	enable.metrics.push = true
	interceptor.classes = []
	key.serializer = class org.apache.kafka.common.serialization.StringSerializer
	linger.ms = 0
	max.block.ms = 60000
	max.in.flight.requests.per.connection = 5
	max.request.size = 1048576
	metadata.max.age.ms = 300000
	metadata.max.idle.ms = 300000
	metadata.recovery.strategy = none
	metric.reporters = []
	metrics.num.samples = 2
	metrics.recording.level = INFO
	metrics.sample.window.ms = 30000
	partitioner.adaptive.partitioning.enable = true
	partitioner.availability.timeout.ms = 0
	partitioner.class = null
	partitioner.ignore.keys = false
	receive.buffer.bytes = 32768
	reconnect.backoff.max.ms = 1000
	reconnect.backoff.ms = 50
	request.timeout.ms = 5000
	retries = 2147483647
	retry.backoff.max.ms = 1000
	retry.backoff.ms = 100
	sasl.client.callback.handler.class = null
	sasl.jaas.config = null
	sasl.kerberos.kinit.cmd = /usr/bin/kinit
	sasl.kerberos.min.time.before.relogin = 60000
	sasl.kerberos.service.name = null
	sasl.kerberos.ticket.renew.jitter = 0.05
	sasl.kerberos.ticket.renew.window.factor = 0.8
	sasl.login.callback.handler.class = null
	sasl.login.class = null
	sasl.login.connect.timeout.ms = null
	sasl.login.read.timeout.ms = null
	sasl.login.refresh.buffer.seconds = 300
	sasl.login.refresh.min.period.seconds = 60
	sasl.login.refresh.window.factor = 0.8
	sasl.login.refresh.window.jitter = 0.05
	sasl.login.retry.backoff.max.ms = 10000
	sasl.login.retry.backoff.ms = 100
	sasl.mechanism = GSSAPI
	sasl.oauthbearer.clock.skew.seconds = 30
	sasl.oauthbearer.expected.audience = null
	sasl.oauthbearer.expected.issuer = null
	sasl.oauthbearer.header.urlencode = false
	sasl.oauthbearer.jwks.endpoint.refresh.ms = 3600000
	sasl.oauthbearer.jwks.endpoint.retry.backoff.max.ms = 10000
	sasl.oauthbearer.jwks.endpoint.retry.backoff.ms = 100
	sasl.oauthbearer.jwks.endpoint.url = null
	sasl.oauthbearer.scope.claim.name = scope
	sasl.oauthbearer.sub.claim.name = sub
	sasl.oauthbearer.token.endpoint.url = null
	security.protocol = PLAINTEXT
	security.providers = null
	send.buffer.bytes = 131072
	socket.connection.setup.timeout.max.ms = 30000
	socket.connection.setup.timeout.ms = 10000
	ssl.cipher.suites = null
	ssl.enabled.protocols = [TLSv1.2, TLSv1.3]
	ssl.endpoint.identification.algorithm = https
	ssl.engine.factory.class = null
	ssl.key.password = null
	ssl.keymanager.algorithm = SunX509
	ssl.keystore.certificate.chain = null
	ssl.keystore.key = null
	ssl.keystore.location = null
	ssl.keystore.password = null
	ssl.keystore.type = JKS
	ssl.protocol = TLSv1.3
	ssl.provider = null
	ssl.secure.random.implementation = null
	ssl.trustmanager.algorithm = PKIX
	ssl.truststore.certificates = null
	ssl.truststore.location = null
	ssl.truststore.password = null
	ssl.truststore.type = JKS
	transaction.timeout.ms = 60000
	transactional.id = null
	value.serializer = class io.apicurio.registry.serde.avro.AvroKafkaSerializer

2025-08-12 14:56:07,675 INFO  [org.apa.kaf.com.tel.int.KafkaMetricsCollector] (main) initializing Kafka metrics collector
2025-08-12 14:56:07,681 INFO  [org.apa.kaf.cli.pro.KafkaProducer] (main) [Producer clientId=Producer-topic-16907198_c7f2_49e6_8d10_486b0a2d871f] Instantiated an idempotent producer.
2025-08-12 14:56:07,684 INFO  [org.apa.kaf.cli.pro.ProducerConfig] (main) These configurations '[apicurio.registry.url, apicurio.registry.auto-register, apicurio.registry.artifact-resolver-strategy]' were supplied but are not used yet.
2025-08-12 14:56:07,684 INFO  [org.apa.kaf.com.uti.AppInfoParser] (main) Kafka version: 3.9.1
2025-08-12 14:56:07,684 INFO  [org.apa.kaf.com.uti.AppInfoParser] (main) Kafka commitId: f745dfdcee2b9851
2025-08-12 14:56:07,684 INFO  [org.apa.kaf.com.uti.AppInfoParser] (main) Kafka startTimeMs: 1755010567684
2025-08-12 14:56:07,685 INFO  [io.api.tes.ser.api.SimpleSerdesTesterBuilder$SimpleSerdesTester] (main) Using producer configuration: {apicurio.registry.url=http://registry-app-ksql043.apps.ci419.apicurio-testing.org:80/apis/registry/v3, apicurio.registry.auto-register=true, apicurio.registry.artifact-resolver-strategy=io.apicurio.registry.serde.strategy.TopicIdStrategy, value.serializer=io.apicurio.registry.serde.avro.AvroKafkaSerializer, request.timeout.ms=5000, acks=all, bootstrap.servers=PLAINTEXT://localhost:32769, connections.max.idle.ms=10000, key.serializer=org.apache.kafka.common.serialization.StringSerializer, client.id=Producer-topic-16907198_c7f2_49e6_8d10_486b0a2d871f}
2025-08-12 14:56:07,685 INFO  [io.api.tes.ser.api.SimpleSerdesTesterBuilder$SimpleSerdesTester] (main) Using consumer configuration: {}
2025-08-12 14:56:07,688 INFO  [io.api.tes.ser.api.KafkaSerdesTester] (Thread-621) Sending message {"key11755010567666": "value-0"} to topic topic-16907198_c7f2_49e6_8d10_486b0a2d871f
2025-08-12 14:56:07,692 WARN  [org.apa.kaf.cli.NetworkClient] (kafka-producer-network-thread | Producer-topic-16907198_c7f2_49e6_8d10_486b0a2d871f) [Producer clientId=Producer-topic-16907198_c7f2_49e6_8d10_486b0a2d871f] The metadata response from the cluster reported a recoverable issue with correlation id 1 : {topic-16907198_c7f2_49e6_8d10_486b0a2d871f=UNKNOWN_TOPIC_OR_PARTITION}
2025-08-12 14:56:07,692 INFO  [org.apa.kaf.cli.Metadata] (kafka-producer-network-thread | Producer-topic-16907198_c7f2_49e6_8d10_486b0a2d871f) [Producer clientId=Producer-topic-16907198_c7f2_49e6_8d10_486b0a2d871f] Cluster ID: 0yZUVcJRR-Oeoz-b4JS1zQ
2025-08-12 14:56:07,693 INFO  [org.apa.kaf.cli.pro.int.TransactionManager] (kafka-producer-network-thread | Producer-topic-16907198_c7f2_49e6_8d10_486b0a2d871f) [Producer clientId=Producer-topic-16907198_c7f2_49e6_8d10_486b0a2d871f] ProducerId set to 4 with epoch 0
2025-08-12 14:56:07,946 INFO  [io.api.tes.ser.api.KafkaSerdesTester] (Thread-621) Sending message {"key11755010567666": "value-1"} to topic topic-16907198_c7f2_49e6_8d10_486b0a2d871f
2025-08-12 14:56:07,949 INFO  [io.api.tes.ser.api.KafkaSerdesTester] (Thread-621) Sending message {"key11755010567666": "value-2"} to topic topic-16907198_c7f2_49e6_8d10_486b0a2d871f
2025-08-12 14:56:07,952 INFO  [io.api.tes.ser.api.KafkaSerdesTester] (Thread-621) Sending message {"key11755010567666": "value-3"} to topic topic-16907198_c7f2_49e6_8d10_486b0a2d871f
2025-08-12 14:56:07,954 INFO  [io.api.tes.ser.api.KafkaSerdesTester] (Thread-621) Sending message {"key11755010567666": "value-4"} to topic topic-16907198_c7f2_49e6_8d10_486b0a2d871f
2025-08-12 14:56:07,956 INFO  [io.api.tes.ser.api.KafkaSerdesTester] (Thread-621) Sending message {"key11755010567666": "value-5"} to topic topic-16907198_c7f2_49e6_8d10_486b0a2d871f
2025-08-12 14:56:07,958 INFO  [io.api.tes.ser.api.KafkaSerdesTester] (Thread-621) Sending message {"key11755010567666": "value-6"} to topic topic-16907198_c7f2_49e6_8d10_486b0a2d871f
2025-08-12 14:56:07,960 INFO  [io.api.tes.ser.api.KafkaSerdesTester] (Thread-621) Sending message {"key11755010567666": "value-7"} to topic topic-16907198_c7f2_49e6_8d10_486b0a2d871f
2025-08-12 14:56:07,963 INFO  [io.api.tes.ser.api.KafkaSerdesTester] (Thread-621) Sending message {"key11755010567666": "value-8"} to topic topic-16907198_c7f2_49e6_8d10_486b0a2d871f
2025-08-12 14:56:07,966 INFO  [io.api.tes.ser.api.KafkaSerdesTester] (Thread-621) Sending message {"key11755010567666": "value-9"} to topic topic-16907198_c7f2_49e6_8d10_486b0a2d871f
2025-08-12 14:56:07,969 INFO  [io.api.tes.ser.api.KafkaSerdesTester] (Thread-621) Produced 10 messages
2025-08-12 14:56:07,969 INFO  [org.apa.kaf.cli.pro.KafkaProducer] (Thread-621) [Producer clientId=Producer-topic-16907198_c7f2_49e6_8d10_486b0a2d871f] Closing the Kafka producer with timeoutMillis = 9223372036854775807 ms.
2025-08-12 14:56:07,971 INFO  [org.apa.kaf.com.met.Metrics] (Thread-621) Metrics scheduler closed
2025-08-12 14:56:07,971 INFO  [org.apa.kaf.com.met.Metrics] (Thread-621) Closing reporter org.apache.kafka.common.metrics.JmxReporter
2025-08-12 14:56:07,972 INFO  [org.apa.kaf.com.met.Metrics] (Thread-621) Closing reporter org.apache.kafka.common.telemetry.internals.ClientTelemetryReporter
2025-08-12 14:56:07,972 INFO  [org.apa.kaf.com.met.Metrics] (Thread-621) Metrics reporters closed
2025-08-12 14:56:07,972 INFO  [org.apa.kaf.com.uti.AppInfoParser] (Thread-621) App info kafka.producer for Producer-topic-16907198_c7f2_49e6_8d10_486b0a2d871f unregistered
**** Registry Base URL: http://registry-app-ksql043.apps.ci419.apicurio-testing.org:80
2025-08-12 14:56:08,048 INFO  [org.apa.kaf.cli.con.ConsumerConfig] (main) ConsumerConfig values: 
	allow.auto.create.topics = true
	auto.commit.interval.ms = 500
	auto.include.jmx.reporter = true
	auto.offset.reset = earliest
	bootstrap.servers = [PLAINTEXT://localhost:32769]
	check.crcs = true
	client.dns.lookup = use_all_dns_ips
	client.id = consumer-Consumer-topic-16907198_c7f2_49e6_8d10_486b0a2d871f-4
	client.rack = 
	connections.max.idle.ms = 10000
	default.api.timeout.ms = 60000
	enable.auto.commit = true
	enable.metrics.push = true
	exclude.internal.topics = true
	fetch.max.bytes = 52428800
	fetch.max.wait.ms = 500
	fetch.min.bytes = 1
	group.id = Consumer-topic-16907198_c7f2_49e6_8d10_486b0a2d871f
	group.instance.id = null
	group.protocol = classic
	group.remote.assignor = null
	heartbeat.interval.ms = 3000
	interceptor.classes = []
	internal.leave.group.on.close = true
	internal.throw.on.fetch.stable.offset.unsupported = false
	isolation.level = read_uncommitted
	key.deserializer = class org.apache.kafka.common.serialization.StringDeserializer
	max.partition.fetch.bytes = 1048576
	max.poll.interval.ms = 300000
	max.poll.records = 500
	metadata.max.age.ms = 300000
	metadata.recovery.strategy = none
	metric.reporters = []
	metrics.num.samples = 2
	metrics.recording.level = INFO
	metrics.sample.window.ms = 30000
	partition.assignment.strategy = [class org.apache.kafka.clients.consumer.RangeAssignor, class org.apache.kafka.clients.consumer.CooperativeStickyAssignor]
	receive.buffer.bytes = 65536
	reconnect.backoff.max.ms = 1000
	reconnect.backoff.ms = 50
	request.timeout.ms = 5000
	retry.backoff.max.ms = 1000
	retry.backoff.ms = 100
	sasl.client.callback.handler.class = null
	sasl.jaas.config = null
	sasl.kerberos.kinit.cmd = /usr/bin/kinit
	sasl.kerberos.min.time.before.relogin = 60000
	sasl.kerberos.service.name = null
	sasl.kerberos.ticket.renew.jitter = 0.05
	sasl.kerberos.ticket.renew.window.factor = 0.8
	sasl.login.callback.handler.class = null
	sasl.login.class = null
	sasl.login.connect.timeout.ms = null
	sasl.login.read.timeout.ms = null
	sasl.login.refresh.buffer.seconds = 300
	sasl.login.refresh.min.period.seconds = 60
	sasl.login.refresh.window.factor = 0.8
	sasl.login.refresh.window.jitter = 0.05
	sasl.login.retry.backoff.max.ms = 10000
	sasl.login.retry.backoff.ms = 100
	sasl.mechanism = GSSAPI
	sasl.oauthbearer.clock.skew.seconds = 30
	sasl.oauthbearer.expected.audience = null
	sasl.oauthbearer.expected.issuer = null
	sasl.oauthbearer.header.urlencode = false
	sasl.oauthbearer.jwks.endpoint.refresh.ms = 3600000
	sasl.oauthbearer.jwks.endpoint.retry.backoff.max.ms = 10000
	sasl.oauthbearer.jwks.endpoint.retry.backoff.ms = 100
	sasl.oauthbearer.jwks.endpoint.url = null
	sasl.oauthbearer.scope.claim.name = scope
	sasl.oauthbearer.sub.claim.name = sub
	sasl.oauthbearer.token.endpoint.url = null
	security.protocol = PLAINTEXT
	security.providers = null
	send.buffer.bytes = 131072
	session.timeout.ms = 45000
	socket.connection.setup.timeout.max.ms = 30000
	socket.connection.setup.timeout.ms = 10000
	ssl.cipher.suites = null
	ssl.enabled.protocols = [TLSv1.2, TLSv1.3]
	ssl.endpoint.identification.algorithm = https
	ssl.engine.factory.class = null
	ssl.key.password = null
	ssl.keymanager.algorithm = SunX509
	ssl.keystore.certificate.chain = null
	ssl.keystore.key = null
	ssl.keystore.location = null
	ssl.keystore.password = null
	ssl.keystore.type = JKS
	ssl.protocol = TLSv1.3
	ssl.provider = null
	ssl.secure.random.implementation = null
	ssl.trustmanager.algorithm = PKIX
	ssl.truststore.certificates = null
	ssl.truststore.location = null
	ssl.truststore.password = null
	ssl.truststore.type = JKS
	value.deserializer = class io.apicurio.registry.serde.avro.AvroKafkaDeserializer

2025-08-12 14:56:08,049 INFO  [org.apa.kaf.com.tel.int.KafkaMetricsCollector] (main) initializing Kafka metrics collector
2025-08-12 14:56:08,057 INFO  [org.apa.kaf.cli.con.ConsumerConfig] (main) These configurations '[apicurio.registry.url]' were supplied but are not used yet.
2025-08-12 14:56:08,057 INFO  [org.apa.kaf.com.uti.AppInfoParser] (main) Kafka version: 3.9.1
2025-08-12 14:56:08,058 INFO  [org.apa.kaf.com.uti.AppInfoParser] (main) Kafka commitId: f745dfdcee2b9851
2025-08-12 14:56:08,058 INFO  [org.apa.kaf.com.uti.AppInfoParser] (main) Kafka startTimeMs: 1755010568057
2025-08-12 14:56:08,058 INFO  [org.apa.kaf.cli.con.int.ClassicKafkaConsumer] (Thread-624) [Consumer clientId=consumer-Consumer-topic-16907198_c7f2_49e6_8d10_486b0a2d871f-4, groupId=Consumer-topic-16907198_c7f2_49e6_8d10_486b0a2d871f] Subscribed to topic(s): topic-16907198_c7f2_49e6_8d10_486b0a2d871f
2025-08-12 14:56:08,066 INFO  [org.apa.kaf.cli.Metadata] (Thread-624) [Consumer clientId=consumer-Consumer-topic-16907198_c7f2_49e6_8d10_486b0a2d871f-4, groupId=Consumer-topic-16907198_c7f2_49e6_8d10_486b0a2d871f] Cluster ID: 0yZUVcJRR-Oeoz-b4JS1zQ
2025-08-12 14:56:08,067 INFO  [org.apa.kaf.cli.con.int.ConsumerCoordinator] (Thread-624) [Consumer clientId=consumer-Consumer-topic-16907198_c7f2_49e6_8d10_486b0a2d871f-4, groupId=Consumer-topic-16907198_c7f2_49e6_8d10_486b0a2d871f] Discovered group coordinator localhost:32769 (id: 2147483647 rack: null)
2025-08-12 14:56:08,069 INFO  [org.apa.kaf.cli.con.int.ConsumerCoordinator] (Thread-624) [Consumer clientId=consumer-Consumer-topic-16907198_c7f2_49e6_8d10_486b0a2d871f-4, groupId=Consumer-topic-16907198_c7f2_49e6_8d10_486b0a2d871f] (Re-)joining group
2025-08-12 14:56:08,075 INFO  [org.apa.kaf.cli.con.int.ConsumerCoordinator] (Thread-624) [Consumer clientId=consumer-Consumer-topic-16907198_c7f2_49e6_8d10_486b0a2d871f-4, groupId=Consumer-topic-16907198_c7f2_49e6_8d10_486b0a2d871f] Request joining group due to: need to re-join with the given member-id: consumer-Consumer-topic-16907198_c7f2_49e6_8d10_486b0a2d871f-4-e059a80e-df78-4459-a3c9-5428d095d4bf
2025-08-12 14:56:08,076 INFO  [org.apa.kaf.cli.con.int.ConsumerCoordinator] (Thread-624) [Consumer clientId=consumer-Consumer-topic-16907198_c7f2_49e6_8d10_486b0a2d871f-4, groupId=Consumer-topic-16907198_c7f2_49e6_8d10_486b0a2d871f] (Re-)joining group
2025-08-12 14:56:09,058 INFO  [io.api.tes.ser.api.KafkaSerdesTester] (Thread-624) None found
2025-08-12 14:56:10,059 INFO  [io.api.tes.ser.api.KafkaSerdesTester] (Thread-624) None found
2025-08-12 14:56:11,060 INFO  [io.api.tes.ser.api.KafkaSerdesTester] (Thread-624) None found
2025-08-12 14:56:11,079 INFO  [org.apa.kaf.cli.con.int.ConsumerCoordinator] (Thread-624) [Consumer clientId=consumer-Consumer-topic-16907198_c7f2_49e6_8d10_486b0a2d871f-4, groupId=Consumer-topic-16907198_c7f2_49e6_8d10_486b0a2d871f] Successfully joined group with generation Generation{generationId=1, memberId='consumer-Consumer-topic-16907198_c7f2_49e6_8d10_486b0a2d871f-4-e059a80e-df78-4459-a3c9-5428d095d4bf', protocol='range'}
2025-08-12 14:56:11,079 INFO  [org.apa.kaf.cli.con.int.ConsumerCoordinator] (Thread-624) [Consumer clientId=consumer-Consumer-topic-16907198_c7f2_49e6_8d10_486b0a2d871f-4, groupId=Consumer-topic-16907198_c7f2_49e6_8d10_486b0a2d871f] Finished assignment for group at generation 1: {consumer-Consumer-topic-16907198_c7f2_49e6_8d10_486b0a2d871f-4-e059a80e-df78-4459-a3c9-5428d095d4bf=Assignment(partitions=[topic-16907198_c7f2_49e6_8d10_486b0a2d871f-0])}
2025-08-12 14:56:11,087 INFO  [org.apa.kaf.cli.con.int.ConsumerCoordinator] (Thread-624) [Consumer clientId=consumer-Consumer-topic-16907198_c7f2_49e6_8d10_486b0a2d871f-4, groupId=Consumer-topic-16907198_c7f2_49e6_8d10_486b0a2d871f] Successfully synced group in generation Generation{generationId=1, memberId='consumer-Consumer-topic-16907198_c7f2_49e6_8d10_486b0a2d871f-4-e059a80e-df78-4459-a3c9-5428d095d4bf', protocol='range'}
2025-08-12 14:56:11,087 INFO  [org.apa.kaf.cli.con.int.ConsumerCoordinator] (Thread-624) [Consumer clientId=consumer-Consumer-topic-16907198_c7f2_49e6_8d10_486b0a2d871f-4, groupId=Consumer-topic-16907198_c7f2_49e6_8d10_486b0a2d871f] Notifying assignor about the new Assignment(partitions=[topic-16907198_c7f2_49e6_8d10_486b0a2d871f-0])
2025-08-12 14:56:11,087 INFO  [org.apa.kaf.cli.con.int.ConsumerRebalanceListenerInvoker] (Thread-624) [Consumer clientId=consumer-Consumer-topic-16907198_c7f2_49e6_8d10_486b0a2d871f-4, groupId=Consumer-topic-16907198_c7f2_49e6_8d10_486b0a2d871f] Adding newly assigned partitions: topic-16907198_c7f2_49e6_8d10_486b0a2d871f-0
2025-08-12 14:56:11,089 INFO  [org.apa.kaf.cli.con.int.ConsumerCoordinator] (Thread-624) [Consumer clientId=consumer-Consumer-topic-16907198_c7f2_49e6_8d10_486b0a2d871f-4, groupId=Consumer-topic-16907198_c7f2_49e6_8d10_486b0a2d871f] Found no committed offset for partition topic-16907198_c7f2_49e6_8d10_486b0a2d871f-0
2025-08-12 14:56:11,090 INFO  [org.apa.kaf.cli.con.int.SubscriptionState] (Thread-624) [Consumer clientId=consumer-Consumer-topic-16907198_c7f2_49e6_8d10_486b0a2d871f-4, groupId=Consumer-topic-16907198_c7f2_49e6_8d10_486b0a2d871f] Resetting offset for partition topic-16907198_c7f2_49e6_8d10_486b0a2d871f-0 to position FetchPosition{offset=0, offsetEpoch=Optional.empty, currentLeader=LeaderAndEpoch{leader=Optional[localhost:32769 (id: 0 rack: null)], epoch=0}}.
2025-08-12 14:56:11,200 INFO  [io.api.tes.ser.api.KafkaSerdesTester] (Thread-624) topic-16907198_c7f2_49e6_8d10_486b0a2d871f 0 0 {"key11755010567666": "value-0"}
2025-08-12 14:56:11,200 INFO  [io.api.tes.ser.api.KafkaSerdesTester] (Thread-624) topic-16907198_c7f2_49e6_8d10_486b0a2d871f 0 1 {"key11755010567666": "value-1"}
2025-08-12 14:56:11,200 INFO  [io.api.tes.ser.api.KafkaSerdesTester] (Thread-624) topic-16907198_c7f2_49e6_8d10_486b0a2d871f 0 2 {"key11755010567666": "value-2"}
2025-08-12 14:56:11,200 INFO  [io.api.tes.ser.api.KafkaSerdesTester] (Thread-624) topic-16907198_c7f2_49e6_8d10_486b0a2d871f 0 3 {"key11755010567666": "value-3"}
2025-08-12 14:56:11,200 INFO  [io.api.tes.ser.api.KafkaSerdesTester] (Thread-624) topic-16907198_c7f2_49e6_8d10_486b0a2d871f 0 4 {"key11755010567666": "value-4"}
2025-08-12 14:56:11,200 INFO  [io.api.tes.ser.api.KafkaSerdesTester] (Thread-624) topic-16907198_c7f2_49e6_8d10_486b0a2d871f 0 5 {"key11755010567666": "value-5"}
2025-08-12 14:56:11,200 INFO  [io.api.tes.ser.api.KafkaSerdesTester] (Thread-624) topic-16907198_c7f2_49e6_8d10_486b0a2d871f 0 6 {"key11755010567666": "value-6"}
2025-08-12 14:56:11,200 INFO  [io.api.tes.ser.api.KafkaSerdesTester] (Thread-624) topic-16907198_c7f2_49e6_8d10_486b0a2d871f 0 7 {"key11755010567666": "value-7"}
2025-08-12 14:56:11,200 INFO  [io.api.tes.ser.api.KafkaSerdesTester] (Thread-624) topic-16907198_c7f2_49e6_8d10_486b0a2d871f 0 8 {"key11755010567666": "value-8"}
2025-08-12 14:56:11,200 INFO  [io.api.tes.ser.api.KafkaSerdesTester] (Thread-624) topic-16907198_c7f2_49e6_8d10_486b0a2d871f 0 9 {"key11755010567666": "value-9"}
2025-08-12 14:56:11,201 INFO  [io.api.tes.ser.api.KafkaSerdesTester] (Thread-624) Consumed 10 messages
2025-08-12 14:56:11,209 INFO  [org.apa.kaf.cli.con.int.ConsumerRebalanceListenerInvoker] (Thread-624) [Consumer clientId=consumer-Consumer-topic-16907198_c7f2_49e6_8d10_486b0a2d871f-4, groupId=Consumer-topic-16907198_c7f2_49e6_8d10_486b0a2d871f] Revoke previously assigned partitions topic-16907198_c7f2_49e6_8d10_486b0a2d871f-0
2025-08-12 14:56:11,209 INFO  [org.apa.kaf.cli.con.int.ConsumerCoordinator] (Thread-624) [Consumer clientId=consumer-Consumer-topic-16907198_c7f2_49e6_8d10_486b0a2d871f-4, groupId=Consumer-topic-16907198_c7f2_49e6_8d10_486b0a2d871f] Member consumer-Consumer-topic-16907198_c7f2_49e6_8d10_486b0a2d871f-4-e059a80e-df78-4459-a3c9-5428d095d4bf sending LeaveGroup request to coordinator localhost:32769 (id: 2147483647 rack: null) due to the consumer is being closed
2025-08-12 14:56:11,209 INFO  [org.apa.kaf.cli.con.int.ConsumerCoordinator] (Thread-624) [Consumer clientId=consumer-Consumer-topic-16907198_c7f2_49e6_8d10_486b0a2d871f-4, groupId=Consumer-topic-16907198_c7f2_49e6_8d10_486b0a2d871f] Resetting generation and member id due to: consumer pro-actively leaving the group
2025-08-12 14:56:11,209 INFO  [org.apa.kaf.cli.con.int.ConsumerCoordinator] (Thread-624) [Consumer clientId=consumer-Consumer-topic-16907198_c7f2_49e6_8d10_486b0a2d871f-4, groupId=Consumer-topic-16907198_c7f2_49e6_8d10_486b0a2d871f] Request joining group due to: consumer pro-actively leaving the group
2025-08-12 14:56:11,705 INFO  [org.apa.kaf.com.met.Metrics] (Thread-624) Metrics scheduler closed
2025-08-12 14:56:11,705 INFO  [org.apa.kaf.com.met.Metrics] (Thread-624) Closing reporter org.apache.kafka.common.metrics.JmxReporter
2025-08-12 14:56:11,706 INFO  [org.apa.kaf.com.met.Metrics] (Thread-624) Closing reporter org.apache.kafka.common.telemetry.internals.ClientTelemetryReporter
2025-08-12 14:56:11,706 INFO  [org.apa.kaf.com.met.Metrics] (Thread-624) Metrics reporters closed
2025-08-12 14:56:11,709 INFO  [org.apa.kaf.com.uti.AppInfoParser] (Thread-624) App info kafka.consumer for consumer-Consumer-topic-16907198_c7f2_49e6_8d10_486b0a2d871f-4 unregistered
2025-08-12 14:56:11,781 INFO  [io.api.tes.uti.TestSeparator] (main) io.apicurio.tests.serdes.apicurio.AvroSerdeIT.testTopicIdStrategyAutoRegister-FINISHED
2025-08-12 14:56:11,781 INFO  [io.api.tes.uti.TestSeparator] (main) ############################################################################
Test passed: testTopicIdStrategyAutoRegister
]]></system-out>
  </testcase>
  <testcase name="testRecordIdStrategydFindLatest" classname="io.apicurio.tests.serdes.apicurio.AvroSerdeIT" time="4.979">
    <system-out><![CDATA[2025-08-12 14:56:11,783 INFO  [io.api.tes.uti.TestSeparator] (main) ############################################################################
2025-08-12 14:56:11,783 INFO  [io.api.tes.uti.TestSeparator] (main) io.apicurio.tests.serdes.apicurio.AvroSerdeIT.testRecordIdStrategydFindLatest-STARTED
2025-08-12 14:56:11,784 INFO  [io.api.tes.ser.api.AvroSerdeIT] (main) Registering Avro Schema: {"type":"record","name":"s7f4a8f0fx0ab1x4313xaf93x08b6e9e87137","namespace":"sc97f3be3x6ecax4420x94a7xec2852d268cb","fields":[{"name":"key11755010571783","type":"string"}]}
**** Registry Base URL: http://registry-app-ksql043.apps.ci419.apicurio-testing.org:80
2025-08-12 14:56:12,903 INFO  [org.apa.kaf.cli.pro.ProducerConfig] (main) ProducerConfig values: 
	acks = -1
	auto.include.jmx.reporter = true
	batch.size = 16384
	bootstrap.servers = [PLAINTEXT://localhost:32769]
	buffer.memory = 33554432
	client.dns.lookup = use_all_dns_ips
	client.id = Producer-topic-098e3181_d434_4d34_81f5_32ecc860ed67
	compression.gzip.level = -1
	compression.lz4.level = 9
	compression.type = none
	compression.zstd.level = 3
	connections.max.idle.ms = 10000
	delivery.timeout.ms = 120000
	enable.idempotence = true
	enable.metrics.push = true
	interceptor.classes = []
	key.serializer = class org.apache.kafka.common.serialization.StringSerializer
	linger.ms = 0
	max.block.ms = 60000
	max.in.flight.requests.per.connection = 5
	max.request.size = 1048576
	metadata.max.age.ms = 300000
	metadata.max.idle.ms = 300000
	metadata.recovery.strategy = none
	metric.reporters = []
	metrics.num.samples = 2
	metrics.recording.level = INFO
	metrics.sample.window.ms = 30000
	partitioner.adaptive.partitioning.enable = true
	partitioner.availability.timeout.ms = 0
	partitioner.class = null
	partitioner.ignore.keys = false
	receive.buffer.bytes = 32768
	reconnect.backoff.max.ms = 1000
	reconnect.backoff.ms = 50
	request.timeout.ms = 5000
	retries = 2147483647
	retry.backoff.max.ms = 1000
	retry.backoff.ms = 100
	sasl.client.callback.handler.class = null
	sasl.jaas.config = null
	sasl.kerberos.kinit.cmd = /usr/bin/kinit
	sasl.kerberos.min.time.before.relogin = 60000
	sasl.kerberos.service.name = null
	sasl.kerberos.ticket.renew.jitter = 0.05
	sasl.kerberos.ticket.renew.window.factor = 0.8
	sasl.login.callback.handler.class = null
	sasl.login.class = null
	sasl.login.connect.timeout.ms = null
	sasl.login.read.timeout.ms = null
	sasl.login.refresh.buffer.seconds = 300
	sasl.login.refresh.min.period.seconds = 60
	sasl.login.refresh.window.factor = 0.8
	sasl.login.refresh.window.jitter = 0.05
	sasl.login.retry.backoff.max.ms = 10000
	sasl.login.retry.backoff.ms = 100
	sasl.mechanism = GSSAPI
	sasl.oauthbearer.clock.skew.seconds = 30
	sasl.oauthbearer.expected.audience = null
	sasl.oauthbearer.expected.issuer = null
	sasl.oauthbearer.header.urlencode = false
	sasl.oauthbearer.jwks.endpoint.refresh.ms = 3600000
	sasl.oauthbearer.jwks.endpoint.retry.backoff.max.ms = 10000
	sasl.oauthbearer.jwks.endpoint.retry.backoff.ms = 100
	sasl.oauthbearer.jwks.endpoint.url = null
	sasl.oauthbearer.scope.claim.name = scope
	sasl.oauthbearer.sub.claim.name = sub
	sasl.oauthbearer.token.endpoint.url = null
	security.protocol = PLAINTEXT
	security.providers = null
	send.buffer.bytes = 131072
	socket.connection.setup.timeout.max.ms = 30000
	socket.connection.setup.timeout.ms = 10000
	ssl.cipher.suites = null
	ssl.enabled.protocols = [TLSv1.2, TLSv1.3]
	ssl.endpoint.identification.algorithm = https
	ssl.engine.factory.class = null
	ssl.key.password = null
	ssl.keymanager.algorithm = SunX509
	ssl.keystore.certificate.chain = null
	ssl.keystore.key = null
	ssl.keystore.location = null
	ssl.keystore.password = null
	ssl.keystore.type = JKS
	ssl.protocol = TLSv1.3
	ssl.provider = null
	ssl.secure.random.implementation = null
	ssl.trustmanager.algorithm = PKIX
	ssl.truststore.certificates = null
	ssl.truststore.location = null
	ssl.truststore.password = null
	ssl.truststore.type = JKS
	transaction.timeout.ms = 60000
	transactional.id = null
	value.serializer = class io.apicurio.registry.serde.avro.AvroKafkaSerializer

2025-08-12 14:56:12,904 INFO  [org.apa.kaf.com.tel.int.KafkaMetricsCollector] (main) initializing Kafka metrics collector
2025-08-12 14:56:12,908 INFO  [org.apa.kaf.cli.pro.KafkaProducer] (main) [Producer clientId=Producer-topic-098e3181_d434_4d34_81f5_32ecc860ed67] Instantiated an idempotent producer.
2025-08-12 14:56:12,910 INFO  [org.apa.kaf.cli.pro.ProducerConfig] (main) These configurations '[apicurio.registry.find-latest, apicurio.registry.url, apicurio.registry.artifact-resolver-strategy]' were supplied but are not used yet.
2025-08-12 14:56:12,910 INFO  [org.apa.kaf.com.uti.AppInfoParser] (main) Kafka version: 3.9.1
2025-08-12 14:56:12,910 INFO  [org.apa.kaf.com.uti.AppInfoParser] (main) Kafka commitId: f745dfdcee2b9851
2025-08-12 14:56:12,910 INFO  [org.apa.kaf.com.uti.AppInfoParser] (main) Kafka startTimeMs: 1755010572910
2025-08-12 14:56:12,911 INFO  [io.api.tes.ser.api.SimpleSerdesTesterBuilder$SimpleSerdesTester] (main) Using producer configuration: {apicurio.registry.find-latest=true, apicurio.registry.url=http://registry-app-ksql043.apps.ci419.apicurio-testing.org:80/apis/registry/v3, apicurio.registry.artifact-resolver-strategy=io.apicurio.registry.serde.avro.strategy.RecordIdStrategy, value.serializer=io.apicurio.registry.serde.avro.AvroKafkaSerializer, request.timeout.ms=5000, acks=all, bootstrap.servers=PLAINTEXT://localhost:32769, connections.max.idle.ms=10000, key.serializer=org.apache.kafka.common.serialization.StringSerializer, client.id=Producer-topic-098e3181_d434_4d34_81f5_32ecc860ed67}
2025-08-12 14:56:12,911 INFO  [io.api.tes.ser.api.SimpleSerdesTesterBuilder$SimpleSerdesTester] (main) Using consumer configuration: {}
2025-08-12 14:56:12,913 INFO  [io.api.tes.ser.api.KafkaSerdesTester] (Thread-627) Sending message {"key11755010571783": "value-0"} to topic topic-098e3181_d434_4d34_81f5_32ecc860ed67
2025-08-12 14:56:12,917 INFO  [org.apa.kaf.cli.Metadata] (kafka-producer-network-thread | Producer-topic-098e3181_d434_4d34_81f5_32ecc860ed67) [Producer clientId=Producer-topic-098e3181_d434_4d34_81f5_32ecc860ed67] Cluster ID: 0yZUVcJRR-Oeoz-b4JS1zQ
2025-08-12 14:56:12,918 INFO  [org.apa.kaf.cli.pro.int.TransactionManager] (kafka-producer-network-thread | Producer-topic-098e3181_d434_4d34_81f5_32ecc860ed67) [Producer clientId=Producer-topic-098e3181_d434_4d34_81f5_32ecc860ed67] ProducerId set to 5 with epoch 0
2025-08-12 14:56:13,057 INFO  [io.api.tes.ser.api.KafkaSerdesTester] (Thread-627) Sending message {"key11755010571783": "value-1"} to topic topic-098e3181_d434_4d34_81f5_32ecc860ed67
2025-08-12 14:56:13,059 INFO  [io.api.tes.ser.api.KafkaSerdesTester] (Thread-627) Sending message {"key11755010571783": "value-2"} to topic topic-098e3181_d434_4d34_81f5_32ecc860ed67
2025-08-12 14:56:13,061 INFO  [io.api.tes.ser.api.KafkaSerdesTester] (Thread-627) Sending message {"key11755010571783": "value-3"} to topic topic-098e3181_d434_4d34_81f5_32ecc860ed67
2025-08-12 14:56:13,063 INFO  [io.api.tes.ser.api.KafkaSerdesTester] (Thread-627) Sending message {"key11755010571783": "value-4"} to topic topic-098e3181_d434_4d34_81f5_32ecc860ed67
2025-08-12 14:56:13,071 INFO  [io.api.tes.ser.api.KafkaSerdesTester] (Thread-627) Sending message {"key11755010571783": "value-5"} to topic topic-098e3181_d434_4d34_81f5_32ecc860ed67
2025-08-12 14:56:13,074 INFO  [io.api.tes.ser.api.KafkaSerdesTester] (Thread-627) Sending message {"key11755010571783": "value-6"} to topic topic-098e3181_d434_4d34_81f5_32ecc860ed67
2025-08-12 14:56:13,076 INFO  [io.api.tes.ser.api.KafkaSerdesTester] (Thread-627) Sending message {"key11755010571783": "value-7"} to topic topic-098e3181_d434_4d34_81f5_32ecc860ed67
2025-08-12 14:56:13,078 INFO  [io.api.tes.ser.api.KafkaSerdesTester] (Thread-627) Sending message {"key11755010571783": "value-8"} to topic topic-098e3181_d434_4d34_81f5_32ecc860ed67
2025-08-12 14:56:13,080 INFO  [io.api.tes.ser.api.KafkaSerdesTester] (Thread-627) Sending message {"key11755010571783": "value-9"} to topic topic-098e3181_d434_4d34_81f5_32ecc860ed67
2025-08-12 14:56:13,083 INFO  [io.api.tes.ser.api.KafkaSerdesTester] (Thread-627) Produced 10 messages
2025-08-12 14:56:13,083 INFO  [org.apa.kaf.cli.pro.KafkaProducer] (Thread-627) [Producer clientId=Producer-topic-098e3181_d434_4d34_81f5_32ecc860ed67] Closing the Kafka producer with timeoutMillis = 9223372036854775807 ms.
2025-08-12 14:56:13,085 INFO  [org.apa.kaf.com.met.Metrics] (Thread-627) Metrics scheduler closed
2025-08-12 14:56:13,085 INFO  [org.apa.kaf.com.met.Metrics] (Thread-627) Closing reporter org.apache.kafka.common.metrics.JmxReporter
2025-08-12 14:56:13,085 INFO  [org.apa.kaf.com.met.Metrics] (Thread-627) Closing reporter org.apache.kafka.common.telemetry.internals.ClientTelemetryReporter
2025-08-12 14:56:13,085 INFO  [org.apa.kaf.com.met.Metrics] (Thread-627) Metrics reporters closed
2025-08-12 14:56:13,086 INFO  [org.apa.kaf.com.uti.AppInfoParser] (Thread-627) App info kafka.producer for Producer-topic-098e3181_d434_4d34_81f5_32ecc860ed67 unregistered
**** Registry Base URL: http://registry-app-ksql043.apps.ci419.apicurio-testing.org:80
2025-08-12 14:56:13,086 INFO  [org.apa.kaf.cli.con.ConsumerConfig] (main) ConsumerConfig values: 
	allow.auto.create.topics = true
	auto.commit.interval.ms = 500
	auto.include.jmx.reporter = true
	auto.offset.reset = earliest
	bootstrap.servers = [PLAINTEXT://localhost:32769]
	check.crcs = true
	client.dns.lookup = use_all_dns_ips
	client.id = consumer-Consumer-topic-098e3181_d434_4d34_81f5_32ecc860ed67-5
	client.rack = 
	connections.max.idle.ms = 10000
	default.api.timeout.ms = 60000
	enable.auto.commit = true
	enable.metrics.push = true
	exclude.internal.topics = true
	fetch.max.bytes = 52428800
	fetch.max.wait.ms = 500
	fetch.min.bytes = 1
	group.id = Consumer-topic-098e3181_d434_4d34_81f5_32ecc860ed67
	group.instance.id = null
	group.protocol = classic
	group.remote.assignor = null
	heartbeat.interval.ms = 3000
	interceptor.classes = []
	internal.leave.group.on.close = true
	internal.throw.on.fetch.stable.offset.unsupported = false
	isolation.level = read_uncommitted
	key.deserializer = class org.apache.kafka.common.serialization.StringDeserializer
	max.partition.fetch.bytes = 1048576
	max.poll.interval.ms = 300000
	max.poll.records = 500
	metadata.max.age.ms = 300000
	metadata.recovery.strategy = none
	metric.reporters = []
	metrics.num.samples = 2
	metrics.recording.level = INFO
	metrics.sample.window.ms = 30000
	partition.assignment.strategy = [class org.apache.kafka.clients.consumer.RangeAssignor, class org.apache.kafka.clients.consumer.CooperativeStickyAssignor]
	receive.buffer.bytes = 65536
	reconnect.backoff.max.ms = 1000
	reconnect.backoff.ms = 50
	request.timeout.ms = 5000
	retry.backoff.max.ms = 1000
	retry.backoff.ms = 100
	sasl.client.callback.handler.class = null
	sasl.jaas.config = null
	sasl.kerberos.kinit.cmd = /usr/bin/kinit
	sasl.kerberos.min.time.before.relogin = 60000
	sasl.kerberos.service.name = null
	sasl.kerberos.ticket.renew.jitter = 0.05
	sasl.kerberos.ticket.renew.window.factor = 0.8
	sasl.login.callback.handler.class = null
	sasl.login.class = null
	sasl.login.connect.timeout.ms = null
	sasl.login.read.timeout.ms = null
	sasl.login.refresh.buffer.seconds = 300
	sasl.login.refresh.min.period.seconds = 60
	sasl.login.refresh.window.factor = 0.8
	sasl.login.refresh.window.jitter = 0.05
	sasl.login.retry.backoff.max.ms = 10000
	sasl.login.retry.backoff.ms = 100
	sasl.mechanism = GSSAPI
	sasl.oauthbearer.clock.skew.seconds = 30
	sasl.oauthbearer.expected.audience = null
	sasl.oauthbearer.expected.issuer = null
	sasl.oauthbearer.header.urlencode = false
	sasl.oauthbearer.jwks.endpoint.refresh.ms = 3600000
	sasl.oauthbearer.jwks.endpoint.retry.backoff.max.ms = 10000
	sasl.oauthbearer.jwks.endpoint.retry.backoff.ms = 100
	sasl.oauthbearer.jwks.endpoint.url = null
	sasl.oauthbearer.scope.claim.name = scope
	sasl.oauthbearer.sub.claim.name = sub
	sasl.oauthbearer.token.endpoint.url = null
	security.protocol = PLAINTEXT
	security.providers = null
	send.buffer.bytes = 131072
	session.timeout.ms = 45000
	socket.connection.setup.timeout.max.ms = 30000
	socket.connection.setup.timeout.ms = 10000
	ssl.cipher.suites = null
	ssl.enabled.protocols = [TLSv1.2, TLSv1.3]
	ssl.endpoint.identification.algorithm = https
	ssl.engine.factory.class = null
	ssl.key.password = null
	ssl.keymanager.algorithm = SunX509
	ssl.keystore.certificate.chain = null
	ssl.keystore.key = null
	ssl.keystore.location = null
	ssl.keystore.password = null
	ssl.keystore.type = JKS
	ssl.protocol = TLSv1.3
	ssl.provider = null
	ssl.secure.random.implementation = null
	ssl.trustmanager.algorithm = PKIX
	ssl.truststore.certificates = null
	ssl.truststore.location = null
	ssl.truststore.password = null
	ssl.truststore.type = JKS
	value.deserializer = class io.apicurio.registry.serde.avro.AvroKafkaDeserializer

2025-08-12 14:56:13,087 INFO  [org.apa.kaf.com.tel.int.KafkaMetricsCollector] (main) initializing Kafka metrics collector
2025-08-12 14:56:13,095 INFO  [org.apa.kaf.cli.con.ConsumerConfig] (main) These configurations '[apicurio.registry.url]' were supplied but are not used yet.
2025-08-12 14:56:13,095 INFO  [org.apa.kaf.com.uti.AppInfoParser] (main) Kafka version: 3.9.1
2025-08-12 14:56:13,095 INFO  [org.apa.kaf.com.uti.AppInfoParser] (main) Kafka commitId: f745dfdcee2b9851
2025-08-12 14:56:13,095 INFO  [org.apa.kaf.com.uti.AppInfoParser] (main) Kafka startTimeMs: 1755010573095
2025-08-12 14:56:13,096 INFO  [org.apa.kaf.cli.con.int.ClassicKafkaConsumer] (Thread-630) [Consumer clientId=consumer-Consumer-topic-098e3181_d434_4d34_81f5_32ecc860ed67-5, groupId=Consumer-topic-098e3181_d434_4d34_81f5_32ecc860ed67] Subscribed to topic(s): topic-098e3181_d434_4d34_81f5_32ecc860ed67
2025-08-12 14:56:13,105 INFO  [org.apa.kaf.cli.Metadata] (Thread-630) [Consumer clientId=consumer-Consumer-topic-098e3181_d434_4d34_81f5_32ecc860ed67-5, groupId=Consumer-topic-098e3181_d434_4d34_81f5_32ecc860ed67] Cluster ID: 0yZUVcJRR-Oeoz-b4JS1zQ
2025-08-12 14:56:13,109 INFO  [org.apa.kaf.cli.con.int.ConsumerCoordinator] (Thread-630) [Consumer clientId=consumer-Consumer-topic-098e3181_d434_4d34_81f5_32ecc860ed67-5, groupId=Consumer-topic-098e3181_d434_4d34_81f5_32ecc860ed67] Discovered group coordinator localhost:32769 (id: 2147483647 rack: null)
2025-08-12 14:56:13,112 INFO  [org.apa.kaf.cli.con.int.ConsumerCoordinator] (Thread-630) [Consumer clientId=consumer-Consumer-topic-098e3181_d434_4d34_81f5_32ecc860ed67-5, groupId=Consumer-topic-098e3181_d434_4d34_81f5_32ecc860ed67] (Re-)joining group
2025-08-12 14:56:13,116 INFO  [org.apa.kaf.cli.con.int.ConsumerCoordinator] (Thread-630) [Consumer clientId=consumer-Consumer-topic-098e3181_d434_4d34_81f5_32ecc860ed67-5, groupId=Consumer-topic-098e3181_d434_4d34_81f5_32ecc860ed67] Request joining group due to: need to re-join with the given member-id: consumer-Consumer-topic-098e3181_d434_4d34_81f5_32ecc860ed67-5-ab653998-5277-4d17-9431-48d7c0429baa
2025-08-12 14:56:13,117 INFO  [org.apa.kaf.cli.con.int.ConsumerCoordinator] (Thread-630) [Consumer clientId=consumer-Consumer-topic-098e3181_d434_4d34_81f5_32ecc860ed67-5, groupId=Consumer-topic-098e3181_d434_4d34_81f5_32ecc860ed67] (Re-)joining group
2025-08-12 14:56:14,096 INFO  [io.api.tes.ser.api.KafkaSerdesTester] (Thread-630) None found
2025-08-12 14:56:15,097 INFO  [io.api.tes.ser.api.KafkaSerdesTester] (Thread-630) None found
2025-08-12 14:56:16,097 INFO  [io.api.tes.ser.api.KafkaSerdesTester] (Thread-630) None found
2025-08-12 14:56:16,119 INFO  [org.apa.kaf.cli.con.int.ConsumerCoordinator] (Thread-630) [Consumer clientId=consumer-Consumer-topic-098e3181_d434_4d34_81f5_32ecc860ed67-5, groupId=Consumer-topic-098e3181_d434_4d34_81f5_32ecc860ed67] Successfully joined group with generation Generation{generationId=1, memberId='consumer-Consumer-topic-098e3181_d434_4d34_81f5_32ecc860ed67-5-ab653998-5277-4d17-9431-48d7c0429baa', protocol='range'}
2025-08-12 14:56:16,119 INFO  [org.apa.kaf.cli.con.int.ConsumerCoordinator] (Thread-630) [Consumer clientId=consumer-Consumer-topic-098e3181_d434_4d34_81f5_32ecc860ed67-5, groupId=Consumer-topic-098e3181_d434_4d34_81f5_32ecc860ed67] Finished assignment for group at generation 1: {consumer-Consumer-topic-098e3181_d434_4d34_81f5_32ecc860ed67-5-ab653998-5277-4d17-9431-48d7c0429baa=Assignment(partitions=[topic-098e3181_d434_4d34_81f5_32ecc860ed67-0])}
2025-08-12 14:56:16,127 INFO  [org.apa.kaf.cli.con.int.ConsumerCoordinator] (Thread-630) [Consumer clientId=consumer-Consumer-topic-098e3181_d434_4d34_81f5_32ecc860ed67-5, groupId=Consumer-topic-098e3181_d434_4d34_81f5_32ecc860ed67] Successfully synced group in generation Generation{generationId=1, memberId='consumer-Consumer-topic-098e3181_d434_4d34_81f5_32ecc860ed67-5-ab653998-5277-4d17-9431-48d7c0429baa', protocol='range'}
2025-08-12 14:56:16,127 INFO  [org.apa.kaf.cli.con.int.ConsumerCoordinator] (Thread-630) [Consumer clientId=consumer-Consumer-topic-098e3181_d434_4d34_81f5_32ecc860ed67-5, groupId=Consumer-topic-098e3181_d434_4d34_81f5_32ecc860ed67] Notifying assignor about the new Assignment(partitions=[topic-098e3181_d434_4d34_81f5_32ecc860ed67-0])
2025-08-12 14:56:16,127 INFO  [org.apa.kaf.cli.con.int.ConsumerRebalanceListenerInvoker] (Thread-630) [Consumer clientId=consumer-Consumer-topic-098e3181_d434_4d34_81f5_32ecc860ed67-5, groupId=Consumer-topic-098e3181_d434_4d34_81f5_32ecc860ed67] Adding newly assigned partitions: topic-098e3181_d434_4d34_81f5_32ecc860ed67-0
2025-08-12 14:56:16,128 INFO  [org.apa.kaf.cli.con.int.ConsumerCoordinator] (Thread-630) [Consumer clientId=consumer-Consumer-topic-098e3181_d434_4d34_81f5_32ecc860ed67-5, groupId=Consumer-topic-098e3181_d434_4d34_81f5_32ecc860ed67] Found no committed offset for partition topic-098e3181_d434_4d34_81f5_32ecc860ed67-0
2025-08-12 14:56:16,132 INFO  [org.apa.kaf.cli.con.int.SubscriptionState] (Thread-630) [Consumer clientId=consumer-Consumer-topic-098e3181_d434_4d34_81f5_32ecc860ed67-5, groupId=Consumer-topic-098e3181_d434_4d34_81f5_32ecc860ed67] Resetting offset for partition topic-098e3181_d434_4d34_81f5_32ecc860ed67-0 to position FetchPosition{offset=0, offsetEpoch=Optional.empty, currentLeader=LeaderAndEpoch{leader=Optional[localhost:32769 (id: 0 rack: null)], epoch=0}}.
2025-08-12 14:56:16,253 INFO  [io.api.tes.ser.api.KafkaSerdesTester] (Thread-630) topic-098e3181_d434_4d34_81f5_32ecc860ed67 0 0 {"key11755010571783": "value-0"}
2025-08-12 14:56:16,253 INFO  [io.api.tes.ser.api.KafkaSerdesTester] (Thread-630) topic-098e3181_d434_4d34_81f5_32ecc860ed67 0 1 {"key11755010571783": "value-1"}
2025-08-12 14:56:16,253 INFO  [io.api.tes.ser.api.KafkaSerdesTester] (Thread-630) topic-098e3181_d434_4d34_81f5_32ecc860ed67 0 2 {"key11755010571783": "value-2"}
2025-08-12 14:56:16,253 INFO  [io.api.tes.ser.api.KafkaSerdesTester] (Thread-630) topic-098e3181_d434_4d34_81f5_32ecc860ed67 0 3 {"key11755010571783": "value-3"}
2025-08-12 14:56:16,253 INFO  [io.api.tes.ser.api.KafkaSerdesTester] (Thread-630) topic-098e3181_d434_4d34_81f5_32ecc860ed67 0 4 {"key11755010571783": "value-4"}
2025-08-12 14:56:16,253 INFO  [io.api.tes.ser.api.KafkaSerdesTester] (Thread-630) topic-098e3181_d434_4d34_81f5_32ecc860ed67 0 5 {"key11755010571783": "value-5"}
2025-08-12 14:56:16,253 INFO  [io.api.tes.ser.api.KafkaSerdesTester] (Thread-630) topic-098e3181_d434_4d34_81f5_32ecc860ed67 0 6 {"key11755010571783": "value-6"}
2025-08-12 14:56:16,253 INFO  [io.api.tes.ser.api.KafkaSerdesTester] (Thread-630) topic-098e3181_d434_4d34_81f5_32ecc860ed67 0 7 {"key11755010571783": "value-7"}
2025-08-12 14:56:16,253 INFO  [io.api.tes.ser.api.KafkaSerdesTester] (Thread-630) topic-098e3181_d434_4d34_81f5_32ecc860ed67 0 8 {"key11755010571783": "value-8"}
2025-08-12 14:56:16,253 INFO  [io.api.tes.ser.api.KafkaSerdesTester] (Thread-630) topic-098e3181_d434_4d34_81f5_32ecc860ed67 0 9 {"key11755010571783": "value-9"}
2025-08-12 14:56:16,253 INFO  [io.api.tes.ser.api.KafkaSerdesTester] (Thread-630) Consumed 10 messages
2025-08-12 14:56:16,261 INFO  [org.apa.kaf.cli.con.int.ConsumerRebalanceListenerInvoker] (Thread-630) [Consumer clientId=consumer-Consumer-topic-098e3181_d434_4d34_81f5_32ecc860ed67-5, groupId=Consumer-topic-098e3181_d434_4d34_81f5_32ecc860ed67] Revoke previously assigned partitions topic-098e3181_d434_4d34_81f5_32ecc860ed67-0
2025-08-12 14:56:16,261 INFO  [org.apa.kaf.cli.con.int.ConsumerCoordinator] (Thread-630) [Consumer clientId=consumer-Consumer-topic-098e3181_d434_4d34_81f5_32ecc860ed67-5, groupId=Consumer-topic-098e3181_d434_4d34_81f5_32ecc860ed67] Member consumer-Consumer-topic-098e3181_d434_4d34_81f5_32ecc860ed67-5-ab653998-5277-4d17-9431-48d7c0429baa sending LeaveGroup request to coordinator localhost:32769 (id: 2147483647 rack: null) due to the consumer is being closed
2025-08-12 14:56:16,261 INFO  [org.apa.kaf.cli.con.int.ConsumerCoordinator] (Thread-630) [Consumer clientId=consumer-Consumer-topic-098e3181_d434_4d34_81f5_32ecc860ed67-5, groupId=Consumer-topic-098e3181_d434_4d34_81f5_32ecc860ed67] Resetting generation and member id due to: consumer pro-actively leaving the group
2025-08-12 14:56:16,261 INFO  [org.apa.kaf.cli.con.int.ConsumerCoordinator] (Thread-630) [Consumer clientId=consumer-Consumer-topic-098e3181_d434_4d34_81f5_32ecc860ed67-5, groupId=Consumer-topic-098e3181_d434_4d34_81f5_32ecc860ed67] Request joining group due to: consumer pro-actively leaving the group
2025-08-12 14:56:16,756 INFO  [org.apa.kaf.com.met.Metrics] (Thread-630) Metrics scheduler closed
2025-08-12 14:56:16,756 INFO  [org.apa.kaf.com.met.Metrics] (Thread-630) Closing reporter org.apache.kafka.common.metrics.JmxReporter
2025-08-12 14:56:16,756 INFO  [org.apa.kaf.com.met.Metrics] (Thread-630) Closing reporter org.apache.kafka.common.telemetry.internals.ClientTelemetryReporter
2025-08-12 14:56:16,756 INFO  [org.apa.kaf.com.met.Metrics] (Thread-630) Metrics reporters closed
2025-08-12 14:56:16,759 INFO  [org.apa.kaf.com.uti.AppInfoParser] (Thread-630) App info kafka.consumer for consumer-Consumer-topic-098e3181_d434_4d34_81f5_32ecc860ed67-5 unregistered
2025-08-12 14:56:16,761 INFO  [io.api.tes.uti.TestSeparator] (main) io.apicurio.tests.serdes.apicurio.AvroSerdeIT.testRecordIdStrategydFindLatest-FINISHED
2025-08-12 14:56:16,761 INFO  [io.api.tes.uti.TestSeparator] (main) ############################################################################
Test passed: testRecordIdStrategydFindLatest
]]></system-out>
  </testcase>
  <testcase name="testReflectAutoRegister" classname="io.apicurio.tests.serdes.apicurio.AvroSerdeIT" time="4.099">
    <system-out><![CDATA[2025-08-12 14:56:16,765 INFO  [io.api.tes.uti.TestSeparator] (main) ############################################################################
2025-08-12 14:56:16,766 INFO  [io.api.tes.uti.TestSeparator] (main) io.apicurio.tests.serdes.apicurio.AvroSerdeIT.testReflectAutoRegister-STARTED
**** Registry Base URL: http://registry-app-ksql043.apps.ci419.apicurio-testing.org:80
2025-08-12 14:56:16,770 INFO  [org.apa.kaf.cli.pro.ProducerConfig] (main) ProducerConfig values: 
	acks = -1
	auto.include.jmx.reporter = true
	batch.size = 16384
	bootstrap.servers = [PLAINTEXT://localhost:32769]
	buffer.memory = 33554432
	client.dns.lookup = use_all_dns_ips
	client.id = Producer-topic-53e859ea_67e8_4af6_ba05_bdb157ae3459
	compression.gzip.level = -1
	compression.lz4.level = 9
	compression.type = none
	compression.zstd.level = 3
	connections.max.idle.ms = 10000
	delivery.timeout.ms = 120000
	enable.idempotence = true
	enable.metrics.push = true
	interceptor.classes = []
	key.serializer = class org.apache.kafka.common.serialization.StringSerializer
	linger.ms = 0
	max.block.ms = 60000
	max.in.flight.requests.per.connection = 5
	max.request.size = 1048576
	metadata.max.age.ms = 300000
	metadata.max.idle.ms = 300000
	metadata.recovery.strategy = none
	metric.reporters = []
	metrics.num.samples = 2
	metrics.recording.level = INFO
	metrics.sample.window.ms = 30000
	partitioner.adaptive.partitioning.enable = true
	partitioner.availability.timeout.ms = 0
	partitioner.class = null
	partitioner.ignore.keys = false
	receive.buffer.bytes = 32768
	reconnect.backoff.max.ms = 1000
	reconnect.backoff.ms = 50
	request.timeout.ms = 5000
	retries = 2147483647
	retry.backoff.max.ms = 1000
	retry.backoff.ms = 100
	sasl.client.callback.handler.class = null
	sasl.jaas.config = null
	sasl.kerberos.kinit.cmd = /usr/bin/kinit
	sasl.kerberos.min.time.before.relogin = 60000
	sasl.kerberos.service.name = null
	sasl.kerberos.ticket.renew.jitter = 0.05
	sasl.kerberos.ticket.renew.window.factor = 0.8
	sasl.login.callback.handler.class = null
	sasl.login.class = null
	sasl.login.connect.timeout.ms = null
	sasl.login.read.timeout.ms = null
	sasl.login.refresh.buffer.seconds = 300
	sasl.login.refresh.min.period.seconds = 60
	sasl.login.refresh.window.factor = 0.8
	sasl.login.refresh.window.jitter = 0.05
	sasl.login.retry.backoff.max.ms = 10000
	sasl.login.retry.backoff.ms = 100
	sasl.mechanism = GSSAPI
	sasl.oauthbearer.clock.skew.seconds = 30
	sasl.oauthbearer.expected.audience = null
	sasl.oauthbearer.expected.issuer = null
	sasl.oauthbearer.header.urlencode = false
	sasl.oauthbearer.jwks.endpoint.refresh.ms = 3600000
	sasl.oauthbearer.jwks.endpoint.retry.backoff.max.ms = 10000
	sasl.oauthbearer.jwks.endpoint.retry.backoff.ms = 100
	sasl.oauthbearer.jwks.endpoint.url = null
	sasl.oauthbearer.scope.claim.name = scope
	sasl.oauthbearer.sub.claim.name = sub
	sasl.oauthbearer.token.endpoint.url = null
	security.protocol = PLAINTEXT
	security.providers = null
	send.buffer.bytes = 131072
	socket.connection.setup.timeout.max.ms = 30000
	socket.connection.setup.timeout.ms = 10000
	ssl.cipher.suites = null
	ssl.enabled.protocols = [TLSv1.2, TLSv1.3]
	ssl.endpoint.identification.algorithm = https
	ssl.engine.factory.class = null
	ssl.key.password = null
	ssl.keymanager.algorithm = SunX509
	ssl.keystore.certificate.chain = null
	ssl.keystore.key = null
	ssl.keystore.location = null
	ssl.keystore.password = null
	ssl.keystore.type = JKS
	ssl.protocol = TLSv1.3
	ssl.provider = null
	ssl.secure.random.implementation = null
	ssl.trustmanager.algorithm = PKIX
	ssl.truststore.certificates = null
	ssl.truststore.location = null
	ssl.truststore.password = null
	ssl.truststore.type = JKS
	transaction.timeout.ms = 60000
	transactional.id = null
	value.serializer = class io.apicurio.registry.serde.avro.AvroKafkaSerializer

2025-08-12 14:56:16,771 INFO  [org.apa.kaf.com.tel.int.KafkaMetricsCollector] (main) initializing Kafka metrics collector
2025-08-12 14:56:16,784 INFO  [org.apa.kaf.cli.pro.KafkaProducer] (main) [Producer clientId=Producer-topic-53e859ea_67e8_4af6_ba05_bdb157ae3459] Instantiated an idempotent producer.
2025-08-12 14:56:16,786 INFO  [org.apa.kaf.cli.pro.ProducerConfig] (main) These configurations '[apicurio.registry.url, apicurio.registry.auto-register, apicurio.registry.artifact-resolver-strategy, apicurio.registry.avro-datum-provider]' were supplied but are not used yet.
2025-08-12 14:56:16,787 INFO  [org.apa.kaf.com.uti.AppInfoParser] (main) Kafka version: 3.9.1
2025-08-12 14:56:16,787 INFO  [org.apa.kaf.com.uti.AppInfoParser] (main) Kafka commitId: f745dfdcee2b9851
2025-08-12 14:56:16,787 INFO  [org.apa.kaf.com.uti.AppInfoParser] (main) Kafka startTimeMs: 1755010576787
2025-08-12 14:56:16,787 INFO  [io.api.tes.ser.api.SimpleSerdesTesterBuilder$SimpleSerdesTester] (main) Using producer configuration: {apicurio.registry.url=http://registry-app-ksql043.apps.ci419.apicurio-testing.org:80/apis/registry/v3, apicurio.registry.auto-register=true, apicurio.registry.artifact-resolver-strategy=io.apicurio.registry.serde.strategy.TopicIdStrategy, value.serializer=io.apicurio.registry.serde.avro.AvroKafkaSerializer, request.timeout.ms=5000, acks=all, bootstrap.servers=PLAINTEXT://localhost:32769, connections.max.idle.ms=10000, key.serializer=org.apache.kafka.common.serialization.StringSerializer, apicurio.registry.avro-datum-provider=io.apicurio.registry.serde.avro.ReflectAvroDatumProvider, client.id=Producer-topic-53e859ea_67e8_4af6_ba05_bdb157ae3459}
2025-08-12 14:56:16,787 INFO  [io.api.tes.ser.api.SimpleSerdesTesterBuilder$SimpleSerdesTester] (main) Using consumer configuration: {apicurio.registry.avro-datum-provider=io.apicurio.registry.serde.avro.ReflectAvroDatumProvider}
2025-08-12 14:56:16,789 INFO  [io.api.tes.ser.api.KafkaSerdesTester] (Thread-633) Sending message io.apicurio.tests.common.serdes.TestObject@3dbd29cb to topic topic-53e859ea_67e8_4af6_ba05_bdb157ae3459
2025-08-12 14:56:16,795 WARN  [org.apa.kaf.cli.NetworkClient] (kafka-producer-network-thread | Producer-topic-53e859ea_67e8_4af6_ba05_bdb157ae3459) [Producer clientId=Producer-topic-53e859ea_67e8_4af6_ba05_bdb157ae3459] The metadata response from the cluster reported a recoverable issue with correlation id 1 : {topic-53e859ea_67e8_4af6_ba05_bdb157ae3459=UNKNOWN_TOPIC_OR_PARTITION}
2025-08-12 14:56:16,795 INFO  [org.apa.kaf.cli.Metadata] (kafka-producer-network-thread | Producer-topic-53e859ea_67e8_4af6_ba05_bdb157ae3459) [Producer clientId=Producer-topic-53e859ea_67e8_4af6_ba05_bdb157ae3459] Cluster ID: 0yZUVcJRR-Oeoz-b4JS1zQ
2025-08-12 14:56:16,796 INFO  [org.apa.kaf.cli.pro.int.TransactionManager] (kafka-producer-network-thread | Producer-topic-53e859ea_67e8_4af6_ba05_bdb157ae3459) [Producer clientId=Producer-topic-53e859ea_67e8_4af6_ba05_bdb157ae3459] ProducerId set to 6 with epoch 0
2025-08-12 14:56:17,054 INFO  [io.api.tes.ser.api.KafkaSerdesTester] (Thread-633) Sending message io.apicurio.tests.common.serdes.TestObject@3dbd29cb to topic topic-53e859ea_67e8_4af6_ba05_bdb157ae3459
2025-08-12 14:56:17,061 INFO  [io.api.tes.ser.api.KafkaSerdesTester] (Thread-633) Sending message io.apicurio.tests.common.serdes.TestObject@3dbd29cb to topic topic-53e859ea_67e8_4af6_ba05_bdb157ae3459
2025-08-12 14:56:17,065 INFO  [io.api.tes.ser.api.KafkaSerdesTester] (Thread-633) Sending message io.apicurio.tests.common.serdes.TestObject@3dbd29cb to topic topic-53e859ea_67e8_4af6_ba05_bdb157ae3459
2025-08-12 14:56:17,067 INFO  [io.api.tes.ser.api.KafkaSerdesTester] (Thread-633) Sending message io.apicurio.tests.common.serdes.TestObject@3dbd29cb to topic topic-53e859ea_67e8_4af6_ba05_bdb157ae3459
2025-08-12 14:56:17,073 INFO  [io.api.tes.ser.api.KafkaSerdesTester] (Thread-633) Sending message io.apicurio.tests.common.serdes.TestObject@3dbd29cb to topic topic-53e859ea_67e8_4af6_ba05_bdb157ae3459
2025-08-12 14:56:17,075 INFO  [io.api.tes.ser.api.KafkaSerdesTester] (Thread-633) Sending message io.apicurio.tests.common.serdes.TestObject@3dbd29cb to topic topic-53e859ea_67e8_4af6_ba05_bdb157ae3459
2025-08-12 14:56:17,078 INFO  [io.api.tes.ser.api.KafkaSerdesTester] (Thread-633) Sending message io.apicurio.tests.common.serdes.TestObject@3dbd29cb to topic topic-53e859ea_67e8_4af6_ba05_bdb157ae3459
2025-08-12 14:56:17,083 INFO  [io.api.tes.ser.api.KafkaSerdesTester] (Thread-633) Sending message io.apicurio.tests.common.serdes.TestObject@3dbd29cb to topic topic-53e859ea_67e8_4af6_ba05_bdb157ae3459
2025-08-12 14:56:17,089 INFO  [io.api.tes.ser.api.KafkaSerdesTester] (Thread-633) Sending message io.apicurio.tests.common.serdes.TestObject@3dbd29cb to topic topic-53e859ea_67e8_4af6_ba05_bdb157ae3459
2025-08-12 14:56:17,090 INFO  [io.api.tes.ser.api.KafkaSerdesTester] (Thread-633) Produced 10 messages
2025-08-12 14:56:17,092 INFO  [org.apa.kaf.cli.pro.KafkaProducer] (Thread-633) [Producer clientId=Producer-topic-53e859ea_67e8_4af6_ba05_bdb157ae3459] Closing the Kafka producer with timeoutMillis = 9223372036854775807 ms.
2025-08-12 14:56:17,095 INFO  [org.apa.kaf.com.met.Metrics] (Thread-633) Metrics scheduler closed
2025-08-12 14:56:17,095 INFO  [org.apa.kaf.com.met.Metrics] (Thread-633) Closing reporter org.apache.kafka.common.metrics.JmxReporter
2025-08-12 14:56:17,095 INFO  [org.apa.kaf.com.met.Metrics] (Thread-633) Closing reporter org.apache.kafka.common.telemetry.internals.ClientTelemetryReporter
2025-08-12 14:56:17,095 INFO  [org.apa.kaf.com.met.Metrics] (Thread-633) Metrics reporters closed
2025-08-12 14:56:17,095 INFO  [org.apa.kaf.com.uti.AppInfoParser] (Thread-633) App info kafka.producer for Producer-topic-53e859ea_67e8_4af6_ba05_bdb157ae3459 unregistered
**** Registry Base URL: http://registry-app-ksql043.apps.ci419.apicurio-testing.org:80
2025-08-12 14:56:17,207 INFO  [org.apa.kaf.cli.con.ConsumerConfig] (main) ConsumerConfig values: 
	allow.auto.create.topics = true
	auto.commit.interval.ms = 500
	auto.include.jmx.reporter = true
	auto.offset.reset = earliest
	bootstrap.servers = [PLAINTEXT://localhost:32769]
	check.crcs = true
	client.dns.lookup = use_all_dns_ips
	client.id = consumer-Consumer-topic-53e859ea_67e8_4af6_ba05_bdb157ae3459-6
	client.rack = 
	connections.max.idle.ms = 10000
	default.api.timeout.ms = 60000
	enable.auto.commit = true
	enable.metrics.push = true
	exclude.internal.topics = true
	fetch.max.bytes = 52428800
	fetch.max.wait.ms = 500
	fetch.min.bytes = 1
	group.id = Consumer-topic-53e859ea_67e8_4af6_ba05_bdb157ae3459
	group.instance.id = null
	group.protocol = classic
	group.remote.assignor = null
	heartbeat.interval.ms = 3000
	interceptor.classes = []
	internal.leave.group.on.close = true
	internal.throw.on.fetch.stable.offset.unsupported = false
	isolation.level = read_uncommitted
	key.deserializer = class org.apache.kafka.common.serialization.StringDeserializer
	max.partition.fetch.bytes = 1048576
	max.poll.interval.ms = 300000
	max.poll.records = 500
	metadata.max.age.ms = 300000
	metadata.recovery.strategy = none
	metric.reporters = []
	metrics.num.samples = 2
	metrics.recording.level = INFO
	metrics.sample.window.ms = 30000
	partition.assignment.strategy = [class org.apache.kafka.clients.consumer.RangeAssignor, class org.apache.kafka.clients.consumer.CooperativeStickyAssignor]
	receive.buffer.bytes = 65536
	reconnect.backoff.max.ms = 1000
	reconnect.backoff.ms = 50
	request.timeout.ms = 5000
	retry.backoff.max.ms = 1000
	retry.backoff.ms = 100
	sasl.client.callback.handler.class = null
	sasl.jaas.config = null
	sasl.kerberos.kinit.cmd = /usr/bin/kinit
	sasl.kerberos.min.time.before.relogin = 60000
	sasl.kerberos.service.name = null
	sasl.kerberos.ticket.renew.jitter = 0.05
	sasl.kerberos.ticket.renew.window.factor = 0.8
	sasl.login.callback.handler.class = null
	sasl.login.class = null
	sasl.login.connect.timeout.ms = null
	sasl.login.read.timeout.ms = null
	sasl.login.refresh.buffer.seconds = 300
	sasl.login.refresh.min.period.seconds = 60
	sasl.login.refresh.window.factor = 0.8
	sasl.login.refresh.window.jitter = 0.05
	sasl.login.retry.backoff.max.ms = 10000
	sasl.login.retry.backoff.ms = 100
	sasl.mechanism = GSSAPI
	sasl.oauthbearer.clock.skew.seconds = 30
	sasl.oauthbearer.expected.audience = null
	sasl.oauthbearer.expected.issuer = null
	sasl.oauthbearer.header.urlencode = false
	sasl.oauthbearer.jwks.endpoint.refresh.ms = 3600000
	sasl.oauthbearer.jwks.endpoint.retry.backoff.max.ms = 10000
	sasl.oauthbearer.jwks.endpoint.retry.backoff.ms = 100
	sasl.oauthbearer.jwks.endpoint.url = null
	sasl.oauthbearer.scope.claim.name = scope
	sasl.oauthbearer.sub.claim.name = sub
	sasl.oauthbearer.token.endpoint.url = null
	security.protocol = PLAINTEXT
	security.providers = null
	send.buffer.bytes = 131072
	session.timeout.ms = 45000
	socket.connection.setup.timeout.max.ms = 30000
	socket.connection.setup.timeout.ms = 10000
	ssl.cipher.suites = null
	ssl.enabled.protocols = [TLSv1.2, TLSv1.3]
	ssl.endpoint.identification.algorithm = https
	ssl.engine.factory.class = null
	ssl.key.password = null
	ssl.keymanager.algorithm = SunX509
	ssl.keystore.certificate.chain = null
	ssl.keystore.key = null
	ssl.keystore.location = null
	ssl.keystore.password = null
	ssl.keystore.type = JKS
	ssl.protocol = TLSv1.3
	ssl.provider = null
	ssl.secure.random.implementation = null
	ssl.trustmanager.algorithm = PKIX
	ssl.truststore.certificates = null
	ssl.truststore.location = null
	ssl.truststore.password = null
	ssl.truststore.type = JKS
	value.deserializer = class io.apicurio.registry.serde.avro.AvroKafkaDeserializer

2025-08-12 14:56:17,207 INFO  [org.apa.kaf.com.tel.int.KafkaMetricsCollector] (main) initializing Kafka metrics collector
2025-08-12 14:56:17,212 INFO  [org.apa.kaf.cli.con.ConsumerConfig] (main) These configurations '[apicurio.registry.url, apicurio.registry.avro-datum-provider]' were supplied but are not used yet.
2025-08-12 14:56:17,212 INFO  [org.apa.kaf.com.uti.AppInfoParser] (main) Kafka version: 3.9.1
2025-08-12 14:56:17,212 INFO  [org.apa.kaf.com.uti.AppInfoParser] (main) Kafka commitId: f745dfdcee2b9851
2025-08-12 14:56:17,212 INFO  [org.apa.kaf.com.uti.AppInfoParser] (main) Kafka startTimeMs: 1755010577212
2025-08-12 14:56:17,213 INFO  [org.apa.kaf.cli.con.int.ClassicKafkaConsumer] (Thread-636) [Consumer clientId=consumer-Consumer-topic-53e859ea_67e8_4af6_ba05_bdb157ae3459-6, groupId=Consumer-topic-53e859ea_67e8_4af6_ba05_bdb157ae3459] Subscribed to topic(s): topic-53e859ea_67e8_4af6_ba05_bdb157ae3459
2025-08-12 14:56:17,219 INFO  [org.apa.kaf.cli.Metadata] (Thread-636) [Consumer clientId=consumer-Consumer-topic-53e859ea_67e8_4af6_ba05_bdb157ae3459-6, groupId=Consumer-topic-53e859ea_67e8_4af6_ba05_bdb157ae3459] Cluster ID: 0yZUVcJRR-Oeoz-b4JS1zQ
2025-08-12 14:56:17,220 INFO  [org.apa.kaf.cli.con.int.ConsumerCoordinator] (Thread-636) [Consumer clientId=consumer-Consumer-topic-53e859ea_67e8_4af6_ba05_bdb157ae3459-6, groupId=Consumer-topic-53e859ea_67e8_4af6_ba05_bdb157ae3459] Discovered group coordinator localhost:32769 (id: 2147483647 rack: null)
2025-08-12 14:56:17,222 INFO  [org.apa.kaf.cli.con.int.ConsumerCoordinator] (Thread-636) [Consumer clientId=consumer-Consumer-topic-53e859ea_67e8_4af6_ba05_bdb157ae3459-6, groupId=Consumer-topic-53e859ea_67e8_4af6_ba05_bdb157ae3459] (Re-)joining group
2025-08-12 14:56:17,225 INFO  [org.apa.kaf.cli.con.int.ConsumerCoordinator] (Thread-636) [Consumer clientId=consumer-Consumer-topic-53e859ea_67e8_4af6_ba05_bdb157ae3459-6, groupId=Consumer-topic-53e859ea_67e8_4af6_ba05_bdb157ae3459] Request joining group due to: need to re-join with the given member-id: consumer-Consumer-topic-53e859ea_67e8_4af6_ba05_bdb157ae3459-6-eadb1fb9-69ba-415e-a75b-f565f3ea49e4
2025-08-12 14:56:17,225 INFO  [org.apa.kaf.cli.con.int.ConsumerCoordinator] (Thread-636) [Consumer clientId=consumer-Consumer-topic-53e859ea_67e8_4af6_ba05_bdb157ae3459-6, groupId=Consumer-topic-53e859ea_67e8_4af6_ba05_bdb157ae3459] (Re-)joining group
2025-08-12 14:56:18,213 INFO  [io.api.tes.ser.api.KafkaSerdesTester] (Thread-636) None found
2025-08-12 14:56:19,214 INFO  [io.api.tes.ser.api.KafkaSerdesTester] (Thread-636) None found
2025-08-12 14:56:20,214 INFO  [io.api.tes.ser.api.KafkaSerdesTester] (Thread-636) None found
2025-08-12 14:56:20,227 INFO  [org.apa.kaf.cli.con.int.ConsumerCoordinator] (Thread-636) [Consumer clientId=consumer-Consumer-topic-53e859ea_67e8_4af6_ba05_bdb157ae3459-6, groupId=Consumer-topic-53e859ea_67e8_4af6_ba05_bdb157ae3459] Successfully joined group with generation Generation{generationId=1, memberId='consumer-Consumer-topic-53e859ea_67e8_4af6_ba05_bdb157ae3459-6-eadb1fb9-69ba-415e-a75b-f565f3ea49e4', protocol='range'}
2025-08-12 14:56:20,227 INFO  [org.apa.kaf.cli.con.int.ConsumerCoordinator] (Thread-636) [Consumer clientId=consumer-Consumer-topic-53e859ea_67e8_4af6_ba05_bdb157ae3459-6, groupId=Consumer-topic-53e859ea_67e8_4af6_ba05_bdb157ae3459] Finished assignment for group at generation 1: {consumer-Consumer-topic-53e859ea_67e8_4af6_ba05_bdb157ae3459-6-eadb1fb9-69ba-415e-a75b-f565f3ea49e4=Assignment(partitions=[topic-53e859ea_67e8_4af6_ba05_bdb157ae3459-0])}
2025-08-12 14:56:20,234 INFO  [org.apa.kaf.cli.con.int.ConsumerCoordinator] (Thread-636) [Consumer clientId=consumer-Consumer-topic-53e859ea_67e8_4af6_ba05_bdb157ae3459-6, groupId=Consumer-topic-53e859ea_67e8_4af6_ba05_bdb157ae3459] Successfully synced group in generation Generation{generationId=1, memberId='consumer-Consumer-topic-53e859ea_67e8_4af6_ba05_bdb157ae3459-6-eadb1fb9-69ba-415e-a75b-f565f3ea49e4', protocol='range'}
2025-08-12 14:56:20,235 INFO  [org.apa.kaf.cli.con.int.ConsumerCoordinator] (Thread-636) [Consumer clientId=consumer-Consumer-topic-53e859ea_67e8_4af6_ba05_bdb157ae3459-6, groupId=Consumer-topic-53e859ea_67e8_4af6_ba05_bdb157ae3459] Notifying assignor about the new Assignment(partitions=[topic-53e859ea_67e8_4af6_ba05_bdb157ae3459-0])
2025-08-12 14:56:20,235 INFO  [org.apa.kaf.cli.con.int.ConsumerRebalanceListenerInvoker] (Thread-636) [Consumer clientId=consumer-Consumer-topic-53e859ea_67e8_4af6_ba05_bdb157ae3459-6, groupId=Consumer-topic-53e859ea_67e8_4af6_ba05_bdb157ae3459] Adding newly assigned partitions: topic-53e859ea_67e8_4af6_ba05_bdb157ae3459-0
2025-08-12 14:56:20,236 INFO  [org.apa.kaf.cli.con.int.ConsumerCoordinator] (Thread-636) [Consumer clientId=consumer-Consumer-topic-53e859ea_67e8_4af6_ba05_bdb157ae3459-6, groupId=Consumer-topic-53e859ea_67e8_4af6_ba05_bdb157ae3459] Found no committed offset for partition topic-53e859ea_67e8_4af6_ba05_bdb157ae3459-0
2025-08-12 14:56:20,240 INFO  [org.apa.kaf.cli.con.int.SubscriptionState] (Thread-636) [Consumer clientId=consumer-Consumer-topic-53e859ea_67e8_4af6_ba05_bdb157ae3459-6, groupId=Consumer-topic-53e859ea_67e8_4af6_ba05_bdb157ae3459] Resetting offset for partition topic-53e859ea_67e8_4af6_ba05_bdb157ae3459-0 to position FetchPosition{offset=0, offsetEpoch=Optional.empty, currentLeader=LeaderAndEpoch{leader=Optional[localhost:32769 (id: 0 rack: null)], epoch=0}}.
2025-08-12 14:56:20,352 INFO  [io.api.tes.ser.api.KafkaSerdesTester] (Thread-636) topic-53e859ea_67e8_4af6_ba05_bdb157ae3459 0 0 io.apicurio.tests.common.serdes.TestObject@3dbd29cb
2025-08-12 14:56:20,353 INFO  [io.api.tes.ser.api.KafkaSerdesTester] (Thread-636) topic-53e859ea_67e8_4af6_ba05_bdb157ae3459 0 1 io.apicurio.tests.common.serdes.TestObject@3dbd29cb
2025-08-12 14:56:20,354 INFO  [io.api.tes.ser.api.KafkaSerdesTester] (Thread-636) topic-53e859ea_67e8_4af6_ba05_bdb157ae3459 0 2 io.apicurio.tests.common.serdes.TestObject@3dbd29cb
2025-08-12 14:56:20,354 INFO  [io.api.tes.ser.api.KafkaSerdesTester] (Thread-636) topic-53e859ea_67e8_4af6_ba05_bdb157ae3459 0 3 io.apicurio.tests.common.serdes.TestObject@3dbd29cb
2025-08-12 14:56:20,354 INFO  [io.api.tes.ser.api.KafkaSerdesTester] (Thread-636) topic-53e859ea_67e8_4af6_ba05_bdb157ae3459 0 4 io.apicurio.tests.common.serdes.TestObject@3dbd29cb
2025-08-12 14:56:20,354 INFO  [io.api.tes.ser.api.KafkaSerdesTester] (Thread-636) topic-53e859ea_67e8_4af6_ba05_bdb157ae3459 0 5 io.apicurio.tests.common.serdes.TestObject@3dbd29cb
2025-08-12 14:56:20,354 INFO  [io.api.tes.ser.api.KafkaSerdesTester] (Thread-636) topic-53e859ea_67e8_4af6_ba05_bdb157ae3459 0 6 io.apicurio.tests.common.serdes.TestObject@3dbd29cb
2025-08-12 14:56:20,354 INFO  [io.api.tes.ser.api.KafkaSerdesTester] (Thread-636) topic-53e859ea_67e8_4af6_ba05_bdb157ae3459 0 7 io.apicurio.tests.common.serdes.TestObject@3dbd29cb
2025-08-12 14:56:20,354 INFO  [io.api.tes.ser.api.KafkaSerdesTester] (Thread-636) topic-53e859ea_67e8_4af6_ba05_bdb157ae3459 0 8 io.apicurio.tests.common.serdes.TestObject@3dbd29cb
2025-08-12 14:56:20,354 INFO  [io.api.tes.ser.api.KafkaSerdesTester] (Thread-636) topic-53e859ea_67e8_4af6_ba05_bdb157ae3459 0 9 io.apicurio.tests.common.serdes.TestObject@3dbd29cb
2025-08-12 14:56:20,354 INFO  [io.api.tes.ser.api.KafkaSerdesTester] (Thread-636) Consumed 10 messages
2025-08-12 14:56:20,362 INFO  [org.apa.kaf.cli.con.int.ConsumerRebalanceListenerInvoker] (Thread-636) [Consumer clientId=consumer-Consumer-topic-53e859ea_67e8_4af6_ba05_bdb157ae3459-6, groupId=Consumer-topic-53e859ea_67e8_4af6_ba05_bdb157ae3459] Revoke previously assigned partitions topic-53e859ea_67e8_4af6_ba05_bdb157ae3459-0
2025-08-12 14:56:20,362 INFO  [org.apa.kaf.cli.con.int.ConsumerCoordinator] (Thread-636) [Consumer clientId=consumer-Consumer-topic-53e859ea_67e8_4af6_ba05_bdb157ae3459-6, groupId=Consumer-topic-53e859ea_67e8_4af6_ba05_bdb157ae3459] Member consumer-Consumer-topic-53e859ea_67e8_4af6_ba05_bdb157ae3459-6-eadb1fb9-69ba-415e-a75b-f565f3ea49e4 sending LeaveGroup request to coordinator localhost:32769 (id: 2147483647 rack: null) due to the consumer is being closed
2025-08-12 14:56:20,362 INFO  [org.apa.kaf.cli.con.int.ConsumerCoordinator] (Thread-636) [Consumer clientId=consumer-Consumer-topic-53e859ea_67e8_4af6_ba05_bdb157ae3459-6, groupId=Consumer-topic-53e859ea_67e8_4af6_ba05_bdb157ae3459] Resetting generation and member id due to: consumer pro-actively leaving the group
2025-08-12 14:56:20,362 INFO  [org.apa.kaf.cli.con.int.ConsumerCoordinator] (Thread-636) [Consumer clientId=consumer-Consumer-topic-53e859ea_67e8_4af6_ba05_bdb157ae3459-6, groupId=Consumer-topic-53e859ea_67e8_4af6_ba05_bdb157ae3459] Request joining group due to: consumer pro-actively leaving the group
2025-08-12 14:56:20,856 INFO  [org.apa.kaf.com.met.Metrics] (Thread-636) Metrics scheduler closed
2025-08-12 14:56:20,856 INFO  [org.apa.kaf.com.met.Metrics] (Thread-636) Closing reporter org.apache.kafka.common.metrics.JmxReporter
2025-08-12 14:56:20,856 INFO  [org.apa.kaf.com.met.Metrics] (Thread-636) Closing reporter org.apache.kafka.common.telemetry.internals.ClientTelemetryReporter
2025-08-12 14:56:20,856 INFO  [org.apa.kaf.com.met.Metrics] (Thread-636) Metrics reporters closed
2025-08-12 14:56:20,859 INFO  [org.apa.kaf.com.uti.AppInfoParser] (Thread-636) App info kafka.consumer for consumer-Consumer-topic-53e859ea_67e8_4af6_ba05_bdb157ae3459-6 unregistered
2025-08-12 14:56:20,860 INFO  [io.api.tes.uti.TestSeparator] (main) io.apicurio.tests.serdes.apicurio.AvroSerdeIT.testReflectAutoRegister-FINISHED
2025-08-12 14:56:20,861 INFO  [io.api.tes.uti.TestSeparator] (main) ############################################################################
Test passed: testReflectAutoRegister
]]></system-out>
  </testcase>
  <testcase name="testArtifactNotFound" classname="io.apicurio.tests.serdes.apicurio.AvroSerdeIT" time="0.282">
    <system-out><![CDATA[2025-08-12 14:56:20,862 INFO  [io.api.tes.uti.TestSeparator] (main) ############################################################################
2025-08-12 14:56:20,862 INFO  [io.api.tes.uti.TestSeparator] (main) io.apicurio.tests.serdes.apicurio.AvroSerdeIT.testArtifactNotFound-STARTED
**** Registry Base URL: http://registry-app-ksql043.apps.ci419.apicurio-testing.org:80
2025-08-12 14:56:20,870 INFO  [org.apa.kaf.cli.pro.ProducerConfig] (main) ProducerConfig values: 
	acks = -1
	auto.include.jmx.reporter = true
	batch.size = 16384
	bootstrap.servers = [PLAINTEXT://localhost:32769]
	buffer.memory = 33554432
	client.dns.lookup = use_all_dns_ips
	client.id = Producer-s895517e1xc84ex4fdbxb9d2x17b2156acffd
	compression.gzip.level = -1
	compression.lz4.level = 9
	compression.type = none
	compression.zstd.level = 3
	connections.max.idle.ms = 10000
	delivery.timeout.ms = 120000
	enable.idempotence = true
	enable.metrics.push = true
	interceptor.classes = []
	key.serializer = class org.apache.kafka.common.serialization.StringSerializer
	linger.ms = 0
	max.block.ms = 60000
	max.in.flight.requests.per.connection = 5
	max.request.size = 1048576
	metadata.max.age.ms = 300000
	metadata.max.idle.ms = 300000
	metadata.recovery.strategy = none
	metric.reporters = []
	metrics.num.samples = 2
	metrics.recording.level = INFO
	metrics.sample.window.ms = 30000
	partitioner.adaptive.partitioning.enable = true
	partitioner.availability.timeout.ms = 0
	partitioner.class = null
	partitioner.ignore.keys = false
	receive.buffer.bytes = 32768
	reconnect.backoff.max.ms = 1000
	reconnect.backoff.ms = 50
	request.timeout.ms = 5000
	retries = 2147483647
	retry.backoff.max.ms = 1000
	retry.backoff.ms = 100
	sasl.client.callback.handler.class = null
	sasl.jaas.config = null
	sasl.kerberos.kinit.cmd = /usr/bin/kinit
	sasl.kerberos.min.time.before.relogin = 60000
	sasl.kerberos.service.name = null
	sasl.kerberos.ticket.renew.jitter = 0.05
	sasl.kerberos.ticket.renew.window.factor = 0.8
	sasl.login.callback.handler.class = null
	sasl.login.class = null
	sasl.login.connect.timeout.ms = null
	sasl.login.read.timeout.ms = null
	sasl.login.refresh.buffer.seconds = 300
	sasl.login.refresh.min.period.seconds = 60
	sasl.login.refresh.window.factor = 0.8
	sasl.login.refresh.window.jitter = 0.05
	sasl.login.retry.backoff.max.ms = 10000
	sasl.login.retry.backoff.ms = 100
	sasl.mechanism = GSSAPI
	sasl.oauthbearer.clock.skew.seconds = 30
	sasl.oauthbearer.expected.audience = null
	sasl.oauthbearer.expected.issuer = null
	sasl.oauthbearer.header.urlencode = false
	sasl.oauthbearer.jwks.endpoint.refresh.ms = 3600000
	sasl.oauthbearer.jwks.endpoint.retry.backoff.max.ms = 10000
	sasl.oauthbearer.jwks.endpoint.retry.backoff.ms = 100
	sasl.oauthbearer.jwks.endpoint.url = null
	sasl.oauthbearer.scope.claim.name = scope
	sasl.oauthbearer.sub.claim.name = sub
	sasl.oauthbearer.token.endpoint.url = null
	security.protocol = PLAINTEXT
	security.providers = null
	send.buffer.bytes = 131072
	socket.connection.setup.timeout.max.ms = 30000
	socket.connection.setup.timeout.ms = 10000
	ssl.cipher.suites = null
	ssl.enabled.protocols = [TLSv1.2, TLSv1.3]
	ssl.endpoint.identification.algorithm = https
	ssl.engine.factory.class = null
	ssl.key.password = null
	ssl.keymanager.algorithm = SunX509
	ssl.keystore.certificate.chain = null
	ssl.keystore.key = null
	ssl.keystore.location = null
	ssl.keystore.password = null
	ssl.keystore.type = JKS
	ssl.protocol = TLSv1.3
	ssl.provider = null
	ssl.secure.random.implementation = null
	ssl.trustmanager.algorithm = PKIX
	ssl.truststore.certificates = null
	ssl.truststore.location = null
	ssl.truststore.password = null
	ssl.truststore.type = JKS
	transaction.timeout.ms = 60000
	transactional.id = null
	value.serializer = class io.apicurio.registry.serde.avro.AvroKafkaSerializer

2025-08-12 14:56:20,870 INFO  [org.apa.kaf.com.tel.int.KafkaMetricsCollector] (main) initializing Kafka metrics collector
2025-08-12 14:56:20,874 INFO  [org.apa.kaf.cli.pro.KafkaProducer] (main) [Producer clientId=Producer-s895517e1xc84ex4fdbxb9d2x17b2156acffd] Instantiated an idempotent producer.
2025-08-12 14:56:20,876 INFO  [org.apa.kaf.cli.pro.ProducerConfig] (main) These configurations '[apicurio.registry.url, apicurio.registry.artifact-resolver-strategy]' were supplied but are not used yet.
2025-08-12 14:56:20,876 INFO  [org.apa.kaf.com.uti.AppInfoParser] (main) Kafka version: 3.9.1
2025-08-12 14:56:20,876 INFO  [org.apa.kaf.com.uti.AppInfoParser] (main) Kafka commitId: f745dfdcee2b9851
2025-08-12 14:56:20,876 INFO  [org.apa.kaf.com.uti.AppInfoParser] (main) Kafka startTimeMs: 1755010580876
2025-08-12 14:56:20,877 INFO  [io.api.tes.ser.api.KafkaSerdesTester] (Thread-639) Sending message {"keyB": "value-0"} to topic s895517e1xc84ex4fdbxb9d2x17b2156acffd
2025-08-12 14:56:20,880 WARN  [org.apa.kaf.cli.NetworkClient] (kafka-producer-network-thread | Producer-s895517e1xc84ex4fdbxb9d2x17b2156acffd) [Producer clientId=Producer-s895517e1xc84ex4fdbxb9d2x17b2156acffd] The metadata response from the cluster reported a recoverable issue with correlation id 1 : {s895517e1xc84ex4fdbxb9d2x17b2156acffd=UNKNOWN_TOPIC_OR_PARTITION}
2025-08-12 14:56:20,880 INFO  [org.apa.kaf.cli.Metadata] (kafka-producer-network-thread | Producer-s895517e1xc84ex4fdbxb9d2x17b2156acffd) [Producer clientId=Producer-s895517e1xc84ex4fdbxb9d2x17b2156acffd] Cluster ID: 0yZUVcJRR-Oeoz-b4JS1zQ
2025-08-12 14:56:20,880 INFO  [org.apa.kaf.cli.pro.int.TransactionManager] (kafka-producer-network-thread | Producer-s895517e1xc84ex4fdbxb9d2x17b2156acffd) [Producer clientId=Producer-s895517e1xc84ex4fdbxb9d2x17b2156acffd] ProducerId set to 7 with epoch 0
2025-08-12 14:56:21,002 INFO  [DefaultSchemaResolver] (Thread-639) Retrieving schema content using string: {"type":"record","name":"myrecord","namespace":"mygroup","fields":[{"name":"keyB","type":"string"}]}
2025-08-12 14:56:21,136 INFO  [org.apa.kaf.cli.pro.KafkaProducer] (Thread-639) [Producer clientId=Producer-s895517e1xc84ex4fdbxb9d2x17b2156acffd] Closing the Kafka producer with timeoutMillis = 9223372036854775807 ms.
2025-08-12 14:56:21,140 INFO  [org.apa.kaf.com.met.Metrics] (Thread-639) Metrics scheduler closed
2025-08-12 14:56:21,140 INFO  [org.apa.kaf.com.met.Metrics] (Thread-639) Closing reporter org.apache.kafka.common.metrics.JmxReporter
2025-08-12 14:56:21,140 INFO  [org.apa.kaf.com.met.Metrics] (Thread-639) Closing reporter org.apache.kafka.common.telemetry.internals.ClientTelemetryReporter
2025-08-12 14:56:21,140 INFO  [org.apa.kaf.com.met.Metrics] (Thread-639) Metrics reporters closed
2025-08-12 14:56:21,141 INFO  [org.apa.kaf.com.uti.AppInfoParser] (Thread-639) App info kafka.producer for Producer-s895517e1xc84ex4fdbxb9d2x17b2156acffd unregistered
2025-08-12 14:56:21,144 INFO  [io.api.tes.uti.TestSeparator] (main) io.apicurio.tests.serdes.apicurio.AvroSerdeIT.testArtifactNotFound-FINISHED
2025-08-12 14:56:21,144 INFO  [io.api.tes.uti.TestSeparator] (main) ############################################################################
Test passed: testArtifactNotFound
]]></system-out>
    <system-err><![CDATA[java.lang.RuntimeException: Could not resolve artifact reference by content: {"type":"record","name":"myrecord","namespace":"mygroup","fields":[{"name":"keyB","type":"string"}]}&ArtifactReference [groupId=default, artifactId=s895517e1xc84ex4fdbxb9d2x17b2156acffd-value, version=null, globalId=null, contentId=null, contentHash=null]
	at io.apicurio.registry.resolver.DefaultSchemaResolver.lambda$handleResolveSchemaByContent$3(DefaultSchemaResolver.java:265)
	at io.apicurio.registry.resolver.cache.ERCache.lambda$getValue$0(ERCache.java:174)
	at io.apicurio.registry.resolver.cache.ERCache.retry(ERCache.java:227)
	at io.apicurio.registry.resolver.cache.ERCache.getValue(ERCache.java:173)
	at io.apicurio.registry.resolver.cache.ERCache.getByContent(ERCache.java:147)
	at io.apicurio.registry.resolver.DefaultSchemaResolver.handleResolveSchemaByContent(DefaultSchemaResolver.java:253)
	at io.apicurio.registry.resolver.DefaultSchemaResolver.getSchemaFromRegistry(DefaultSchemaResolver.java:138)
	at io.apicurio.registry.resolver.DefaultSchemaResolver.lambda$resolveSchema$0(DefaultSchemaResolver.java:84)
	at java.base/java.util.Optional.orElseGet(Optional.java:364)
	at io.apicurio.registry.resolver.DefaultSchemaResolver.resolveSchema(DefaultSchemaResolver.java:84)
	at io.apicurio.registry.serde.AbstractSerializer.serializeData(AbstractSerializer.java:62)
	at io.apicurio.registry.serde.KafkaSerializer.serialize(KafkaSerializer.java:77)
	at org.apache.kafka.clients.producer.KafkaProducer.doSend(KafkaProducer.java:1046)
	at org.apache.kafka.clients.producer.KafkaProducer.send(KafkaProducer.java:993)
	at org.apache.kafka.clients.producer.KafkaProducer.send(KafkaProducer.java:875)
	at io.apicurio.tests.serdes.apicurio.KafkaSerdesTester.lambda$produceMessages$3(KafkaSerdesTester.java:138)
	at java.base/java.util.concurrent.CompletableFuture$AsyncSupply.run(CompletableFuture.java:1768)
	at java.base/java.lang.Thread.run(Thread.java:840)
]]></system-err>
  </testcase>
  <testcase name="testAvroSerDesFailDifferentSchemaByRecordName" classname="io.apicurio.tests.serdes.apicurio.AvroSerdeIT" time="1.242">
    <system-out><![CDATA[2025-08-12 14:56:21,145 INFO  [io.api.tes.uti.TestSeparator] (main) ############################################################################
2025-08-12 14:56:21,145 INFO  [io.api.tes.uti.TestSeparator] (main) io.apicurio.tests.serdes.apicurio.AvroSerdeIT.testAvroSerDesFailDifferentSchemaByRecordName-STARTED
**** Registry Base URL: http://registry-app-ksql043.apps.ci419.apicurio-testing.org:80
2025-08-12 14:56:22,289 INFO  [org.apa.kaf.cli.pro.ProducerConfig] (main) ProducerConfig values: 
	acks = -1
	auto.include.jmx.reporter = true
	batch.size = 16384
	bootstrap.servers = [PLAINTEXT://localhost:32769]
	buffer.memory = 33554432
	client.dns.lookup = use_all_dns_ips
	client.id = Producer-topic-cf9007ec_de11_42c1_97e9_943f9f9066f6
	compression.gzip.level = -1
	compression.lz4.level = 9
	compression.type = none
	compression.zstd.level = 3
	connections.max.idle.ms = 10000
	delivery.timeout.ms = 120000
	enable.idempotence = true
	enable.metrics.push = true
	interceptor.classes = []
	key.serializer = class org.apache.kafka.common.serialization.StringSerializer
	linger.ms = 0
	max.block.ms = 60000
	max.in.flight.requests.per.connection = 5
	max.request.size = 1048576
	metadata.max.age.ms = 300000
	metadata.max.idle.ms = 300000
	metadata.recovery.strategy = none
	metric.reporters = []
	metrics.num.samples = 2
	metrics.recording.level = INFO
	metrics.sample.window.ms = 30000
	partitioner.adaptive.partitioning.enable = true
	partitioner.availability.timeout.ms = 0
	partitioner.class = null
	partitioner.ignore.keys = false
	receive.buffer.bytes = 32768
	reconnect.backoff.max.ms = 1000
	reconnect.backoff.ms = 50
	request.timeout.ms = 5000
	retries = 2147483647
	retry.backoff.max.ms = 1000
	retry.backoff.ms = 100
	sasl.client.callback.handler.class = null
	sasl.jaas.config = null
	sasl.kerberos.kinit.cmd = /usr/bin/kinit
	sasl.kerberos.min.time.before.relogin = 60000
	sasl.kerberos.service.name = null
	sasl.kerberos.ticket.renew.jitter = 0.05
	sasl.kerberos.ticket.renew.window.factor = 0.8
	sasl.login.callback.handler.class = null
	sasl.login.class = null
	sasl.login.connect.timeout.ms = null
	sasl.login.read.timeout.ms = null
	sasl.login.refresh.buffer.seconds = 300
	sasl.login.refresh.min.period.seconds = 60
	sasl.login.refresh.window.factor = 0.8
	sasl.login.refresh.window.jitter = 0.05
	sasl.login.retry.backoff.max.ms = 10000
	sasl.login.retry.backoff.ms = 100
	sasl.mechanism = GSSAPI
	sasl.oauthbearer.clock.skew.seconds = 30
	sasl.oauthbearer.expected.audience = null
	sasl.oauthbearer.expected.issuer = null
	sasl.oauthbearer.header.urlencode = false
	sasl.oauthbearer.jwks.endpoint.refresh.ms = 3600000
	sasl.oauthbearer.jwks.endpoint.retry.backoff.max.ms = 10000
	sasl.oauthbearer.jwks.endpoint.retry.backoff.ms = 100
	sasl.oauthbearer.jwks.endpoint.url = null
	sasl.oauthbearer.scope.claim.name = scope
	sasl.oauthbearer.sub.claim.name = sub
	sasl.oauthbearer.token.endpoint.url = null
	security.protocol = PLAINTEXT
	security.providers = null
	send.buffer.bytes = 131072
	socket.connection.setup.timeout.max.ms = 30000
	socket.connection.setup.timeout.ms = 10000
	ssl.cipher.suites = null
	ssl.enabled.protocols = [TLSv1.2, TLSv1.3]
	ssl.endpoint.identification.algorithm = https
	ssl.engine.factory.class = null
	ssl.key.password = null
	ssl.keymanager.algorithm = SunX509
	ssl.keystore.certificate.chain = null
	ssl.keystore.key = null
	ssl.keystore.location = null
	ssl.keystore.password = null
	ssl.keystore.type = JKS
	ssl.protocol = TLSv1.3
	ssl.provider = null
	ssl.secure.random.implementation = null
	ssl.trustmanager.algorithm = PKIX
	ssl.truststore.certificates = null
	ssl.truststore.location = null
	ssl.truststore.password = null
	ssl.truststore.type = JKS
	transaction.timeout.ms = 60000
	transactional.id = null
	value.serializer = class io.apicurio.registry.serde.avro.AvroKafkaSerializer

2025-08-12 14:56:22,289 INFO  [org.apa.kaf.com.tel.int.KafkaMetricsCollector] (main) initializing Kafka metrics collector
2025-08-12 14:56:22,294 INFO  [org.apa.kaf.cli.pro.KafkaProducer] (main) [Producer clientId=Producer-topic-cf9007ec_de11_42c1_97e9_943f9f9066f6] Instantiated an idempotent producer.
2025-08-12 14:56:22,296 INFO  [org.apa.kaf.cli.pro.ProducerConfig] (main) These configurations '[apicurio.registry.find-latest, apicurio.registry.url, apicurio.registry.artifact-resolver-strategy]' were supplied but are not used yet.
2025-08-12 14:56:22,296 INFO  [org.apa.kaf.com.uti.AppInfoParser] (main) Kafka version: 3.9.1
2025-08-12 14:56:22,296 INFO  [org.apa.kaf.com.uti.AppInfoParser] (main) Kafka commitId: f745dfdcee2b9851
2025-08-12 14:56:22,296 INFO  [org.apa.kaf.com.uti.AppInfoParser] (main) Kafka startTimeMs: 1755010582296
2025-08-12 14:56:22,298 INFO  [io.api.tes.ser.api.KafkaSerdesTester] (Thread-642) Sending message {"keyB": "value-0"} to topic topic-cf9007ec_de11_42c1_97e9_943f9f9066f6
2025-08-12 14:56:22,303 INFO  [org.apa.kaf.cli.Metadata] (kafka-producer-network-thread | Producer-topic-cf9007ec_de11_42c1_97e9_943f9f9066f6) [Producer clientId=Producer-topic-cf9007ec_de11_42c1_97e9_943f9f9066f6] Cluster ID: 0yZUVcJRR-Oeoz-b4JS1zQ
2025-08-12 14:56:22,304 INFO  [org.apa.kaf.cli.pro.int.TransactionManager] (kafka-producer-network-thread | Producer-topic-cf9007ec_de11_42c1_97e9_943f9f9066f6) [Producer clientId=Producer-topic-cf9007ec_de11_42c1_97e9_943f9f9066f6] ProducerId set to 8 with epoch 0
2025-08-12 14:56:22,384 INFO  [org.apa.kaf.cli.pro.KafkaProducer] (Thread-642) [Producer clientId=Producer-topic-cf9007ec_de11_42c1_97e9_943f9f9066f6] Closing the Kafka producer with timeoutMillis = 9223372036854775807 ms.
2025-08-12 14:56:22,386 INFO  [org.apa.kaf.com.met.Metrics] (Thread-642) Metrics scheduler closed
2025-08-12 14:56:22,386 INFO  [org.apa.kaf.com.met.Metrics] (Thread-642) Closing reporter org.apache.kafka.common.metrics.JmxReporter
2025-08-12 14:56:22,386 INFO  [org.apa.kaf.com.met.Metrics] (Thread-642) Closing reporter org.apache.kafka.common.telemetry.internals.ClientTelemetryReporter
2025-08-12 14:56:22,386 INFO  [org.apa.kaf.com.met.Metrics] (Thread-642) Metrics reporters closed
2025-08-12 14:56:22,386 INFO  [org.apa.kaf.com.uti.AppInfoParser] (Thread-642) App info kafka.producer for Producer-topic-cf9007ec_de11_42c1_97e9_943f9f9066f6 unregistered
2025-08-12 14:56:22,387 INFO  [io.api.tes.uti.TestSeparator] (main) io.apicurio.tests.serdes.apicurio.AvroSerdeIT.testAvroSerDesFailDifferentSchemaByRecordName-FINISHED
2025-08-12 14:56:22,387 INFO  [io.api.tes.uti.TestSeparator] (main) ############################################################################
Test passed: testAvroSerDesFailDifferentSchemaByRecordName
]]></system-out>
    <system-err><![CDATA[io.apicurio.registry.rest.client.models.ProblemDetails
	at io.apicurio.registry.rest.client.models.ProblemDetails.createFromDiscriminatorValue(ProblemDetails.java:58)
	at io.kiota.serialization.json.JsonParseNode.getObjectValue(JsonParseNode.java:247)
	at io.kiota.http.vertx.VertXRequestAdapter.lambda$throwIfFailedResponse$0(VertXRequestAdapter.java:400)
	at com.microsoft.kiota.ApiExceptionBuilder.<init>(ApiExceptionBuilder.java:26)
	at io.kiota.http.vertx.VertXRequestAdapter.throwIfFailedResponse(VertXRequestAdapter.java:399)
	at io.kiota.http.vertx.VertXRequestAdapter.send(VertXRequestAdapter.java:170)
	at io.apicurio.registry.rest.client.groups.item.artifacts.item.versions.item.WithVersionExpressionItemRequestBuilder.get(WithVersionExpressionItemRequestBuilder.java:128)
	at io.apicurio.registry.rest.client.groups.item.artifacts.item.versions.item.WithVersionExpressionItemRequestBuilder.get(WithVersionExpressionItemRequestBuilder.java:111)
	at io.apicurio.registry.resolver.client.RegistryClientFacadeImpl.getVersionCoordinatesByGAV(RegistryClientFacadeImpl.java:159)
	at io.apicurio.registry.resolver.DefaultSchemaResolver.resolveByCoordinates(DefaultSchemaResolver.java:352)
	at io.apicurio.registry.resolver.DefaultSchemaResolver.lambda$resolveSchemaByArtifactReferenceCached$6(DefaultSchemaResolver.java:340)
	at io.apicurio.registry.resolver.cache.ERCache.lambda$getValue$0(ERCache.java:174)
	at io.apicurio.registry.resolver.cache.ERCache.retry(ERCache.java:227)
	at io.apicurio.registry.resolver.cache.ERCache.getValue(ERCache.java:173)
	at io.apicurio.registry.resolver.cache.ERCache.getByArtifactCoordinates(ERCache.java:158)
	at io.apicurio.registry.resolver.DefaultSchemaResolver.resolveSchemaByArtifactReferenceCached(DefaultSchemaResolver.java:338)
	at io.apicurio.registry.resolver.DefaultSchemaResolver.resolveSchemaByCoordinates(DefaultSchemaResolver.java:193)
	at io.apicurio.registry.resolver.DefaultSchemaResolver.getSchemaFromRegistry(DefaultSchemaResolver.java:130)
	at io.apicurio.registry.resolver.DefaultSchemaResolver.lambda$resolveSchema$0(DefaultSchemaResolver.java:84)
	at java.base/java.util.Optional.orElseGet(Optional.java:364)
	at io.apicurio.registry.resolver.DefaultSchemaResolver.resolveSchema(DefaultSchemaResolver.java:84)
	at io.apicurio.registry.serde.AbstractSerializer.serializeData(AbstractSerializer.java:62)
	at io.apicurio.registry.serde.KafkaSerializer.serialize(KafkaSerializer.java:77)
	at org.apache.kafka.clients.producer.KafkaProducer.doSend(KafkaProducer.java:1046)
	at org.apache.kafka.clients.producer.KafkaProducer.send(KafkaProducer.java:993)
	at org.apache.kafka.clients.producer.KafkaProducer.send(KafkaProducer.java:875)
	at io.apicurio.tests.serdes.apicurio.KafkaSerdesTester.lambda$produceMessages$3(KafkaSerdesTester.java:138)
	at java.base/java.util.concurrent.CompletableFuture$AsyncSupply.run(CompletableFuture.java:1768)
	at java.base/java.lang.Thread.run(Thread.java:840)
]]></system-err>
  </testcase>
  <testcase name="testTopicIdStrategyFindLatest" classname="io.apicurio.tests.serdes.apicurio.AvroSerdeIT" time="5.0">
    <system-out><![CDATA[2025-08-12 14:56:22,390 INFO  [io.api.tes.uti.TestSeparator] (main) ############################################################################
2025-08-12 14:56:22,390 INFO  [io.api.tes.uti.TestSeparator] (main) io.apicurio.tests.serdes.apicurio.AvroSerdeIT.testTopicIdStrategyFindLatest-STARTED
2025-08-12 14:56:22,391 INFO  [io.api.tes.ser.api.AvroSerdeIT] (main) Registering Avro Schema: {"type":"record","name":"myrecordapicurio1","fields":[{"name":"key11755010582390","type":"string"}]}
**** Registry Base URL: http://registry-app-ksql043.apps.ci419.apicurio-testing.org:80
2025-08-12 14:56:23,502 INFO  [org.apa.kaf.cli.pro.ProducerConfig] (main) ProducerConfig values: 
	acks = -1
	auto.include.jmx.reporter = true
	batch.size = 16384
	bootstrap.servers = [PLAINTEXT://localhost:32769]
	buffer.memory = 33554432
	client.dns.lookup = use_all_dns_ips
	client.id = Producer-topic-7829e781_0f98_4762_b809_b6e0a03b9d8a
	compression.gzip.level = -1
	compression.lz4.level = 9
	compression.type = none
	compression.zstd.level = 3
	connections.max.idle.ms = 10000
	delivery.timeout.ms = 120000
	enable.idempotence = true
	enable.metrics.push = true
	interceptor.classes = []
	key.serializer = class org.apache.kafka.common.serialization.StringSerializer
	linger.ms = 0
	max.block.ms = 60000
	max.in.flight.requests.per.connection = 5
	max.request.size = 1048576
	metadata.max.age.ms = 300000
	metadata.max.idle.ms = 300000
	metadata.recovery.strategy = none
	metric.reporters = []
	metrics.num.samples = 2
	metrics.recording.level = INFO
	metrics.sample.window.ms = 30000
	partitioner.adaptive.partitioning.enable = true
	partitioner.availability.timeout.ms = 0
	partitioner.class = null
	partitioner.ignore.keys = false
	receive.buffer.bytes = 32768
	reconnect.backoff.max.ms = 1000
	reconnect.backoff.ms = 50
	request.timeout.ms = 5000
	retries = 2147483647
	retry.backoff.max.ms = 1000
	retry.backoff.ms = 100
	sasl.client.callback.handler.class = null
	sasl.jaas.config = null
	sasl.kerberos.kinit.cmd = /usr/bin/kinit
	sasl.kerberos.min.time.before.relogin = 60000
	sasl.kerberos.service.name = null
	sasl.kerberos.ticket.renew.jitter = 0.05
	sasl.kerberos.ticket.renew.window.factor = 0.8
	sasl.login.callback.handler.class = null
	sasl.login.class = null
	sasl.login.connect.timeout.ms = null
	sasl.login.read.timeout.ms = null
	sasl.login.refresh.buffer.seconds = 300
	sasl.login.refresh.min.period.seconds = 60
	sasl.login.refresh.window.factor = 0.8
	sasl.login.refresh.window.jitter = 0.05
	sasl.login.retry.backoff.max.ms = 10000
	sasl.login.retry.backoff.ms = 100
	sasl.mechanism = GSSAPI
	sasl.oauthbearer.clock.skew.seconds = 30
	sasl.oauthbearer.expected.audience = null
	sasl.oauthbearer.expected.issuer = null
	sasl.oauthbearer.header.urlencode = false
	sasl.oauthbearer.jwks.endpoint.refresh.ms = 3600000
	sasl.oauthbearer.jwks.endpoint.retry.backoff.max.ms = 10000
	sasl.oauthbearer.jwks.endpoint.retry.backoff.ms = 100
	sasl.oauthbearer.jwks.endpoint.url = null
	sasl.oauthbearer.scope.claim.name = scope
	sasl.oauthbearer.sub.claim.name = sub
	sasl.oauthbearer.token.endpoint.url = null
	security.protocol = PLAINTEXT
	security.providers = null
	send.buffer.bytes = 131072
	socket.connection.setup.timeout.max.ms = 30000
	socket.connection.setup.timeout.ms = 10000
	ssl.cipher.suites = null
	ssl.enabled.protocols = [TLSv1.2, TLSv1.3]
	ssl.endpoint.identification.algorithm = https
	ssl.engine.factory.class = null
	ssl.key.password = null
	ssl.keymanager.algorithm = SunX509
	ssl.keystore.certificate.chain = null
	ssl.keystore.key = null
	ssl.keystore.location = null
	ssl.keystore.password = null
	ssl.keystore.type = JKS
	ssl.protocol = TLSv1.3
	ssl.provider = null
	ssl.secure.random.implementation = null
	ssl.trustmanager.algorithm = PKIX
	ssl.truststore.certificates = null
	ssl.truststore.location = null
	ssl.truststore.password = null
	ssl.truststore.type = JKS
	transaction.timeout.ms = 60000
	transactional.id = null
	value.serializer = class io.apicurio.registry.serde.avro.AvroKafkaSerializer

2025-08-12 14:56:23,502 INFO  [org.apa.kaf.com.tel.int.KafkaMetricsCollector] (main) initializing Kafka metrics collector
2025-08-12 14:56:23,505 INFO  [org.apa.kaf.cli.pro.KafkaProducer] (main) [Producer clientId=Producer-topic-7829e781_0f98_4762_b809_b6e0a03b9d8a] Instantiated an idempotent producer.
2025-08-12 14:56:23,507 INFO  [org.apa.kaf.cli.pro.ProducerConfig] (main) These configurations '[apicurio.registry.find-latest, apicurio.registry.url, apicurio.registry.artifact-resolver-strategy]' were supplied but are not used yet.
2025-08-12 14:56:23,507 INFO  [org.apa.kaf.com.uti.AppInfoParser] (main) Kafka version: 3.9.1
2025-08-12 14:56:23,507 INFO  [org.apa.kaf.com.uti.AppInfoParser] (main) Kafka commitId: f745dfdcee2b9851
2025-08-12 14:56:23,508 INFO  [org.apa.kaf.com.uti.AppInfoParser] (main) Kafka startTimeMs: 1755010583507
2025-08-12 14:56:23,508 INFO  [io.api.tes.ser.api.SimpleSerdesTesterBuilder$SimpleSerdesTester] (main) Using producer configuration: {apicurio.registry.find-latest=true, apicurio.registry.url=http://registry-app-ksql043.apps.ci419.apicurio-testing.org:80/apis/registry/v3, apicurio.registry.artifact-resolver-strategy=io.apicurio.registry.serde.strategy.TopicIdStrategy, value.serializer=io.apicurio.registry.serde.avro.AvroKafkaSerializer, request.timeout.ms=5000, acks=all, bootstrap.servers=PLAINTEXT://localhost:32769, connections.max.idle.ms=10000, key.serializer=org.apache.kafka.common.serialization.StringSerializer, client.id=Producer-topic-7829e781_0f98_4762_b809_b6e0a03b9d8a}
2025-08-12 14:56:23,508 INFO  [io.api.tes.ser.api.SimpleSerdesTesterBuilder$SimpleSerdesTester] (main) Using consumer configuration: {}
2025-08-12 14:56:23,510 INFO  [io.api.tes.ser.api.KafkaSerdesTester] (Thread-645) Sending message {"key11755010582390": "value-0"} to topic topic-7829e781_0f98_4762_b809_b6e0a03b9d8a
2025-08-12 14:56:23,514 INFO  [org.apa.kaf.cli.Metadata] (kafka-producer-network-thread | Producer-topic-7829e781_0f98_4762_b809_b6e0a03b9d8a) [Producer clientId=Producer-topic-7829e781_0f98_4762_b809_b6e0a03b9d8a] Cluster ID: 0yZUVcJRR-Oeoz-b4JS1zQ
2025-08-12 14:56:23,515 INFO  [org.apa.kaf.cli.pro.int.TransactionManager] (kafka-producer-network-thread | Producer-topic-7829e781_0f98_4762_b809_b6e0a03b9d8a) [Producer clientId=Producer-topic-7829e781_0f98_4762_b809_b6e0a03b9d8a] ProducerId set to 9 with epoch 0
2025-08-12 14:56:23,688 INFO  [io.api.tes.ser.api.KafkaSerdesTester] (Thread-645) Sending message {"key11755010582390": "value-1"} to topic topic-7829e781_0f98_4762_b809_b6e0a03b9d8a
2025-08-12 14:56:23,690 INFO  [io.api.tes.ser.api.KafkaSerdesTester] (Thread-645) Sending message {"key11755010582390": "value-2"} to topic topic-7829e781_0f98_4762_b809_b6e0a03b9d8a
2025-08-12 14:56:23,692 INFO  [io.api.tes.ser.api.KafkaSerdesTester] (Thread-645) Sending message {"key11755010582390": "value-3"} to topic topic-7829e781_0f98_4762_b809_b6e0a03b9d8a
2025-08-12 14:56:23,694 INFO  [io.api.tes.ser.api.KafkaSerdesTester] (Thread-645) Sending message {"key11755010582390": "value-4"} to topic topic-7829e781_0f98_4762_b809_b6e0a03b9d8a
2025-08-12 14:56:23,695 INFO  [io.api.tes.ser.api.KafkaSerdesTester] (Thread-645) Sending message {"key11755010582390": "value-5"} to topic topic-7829e781_0f98_4762_b809_b6e0a03b9d8a
2025-08-12 14:56:23,697 INFO  [io.api.tes.ser.api.KafkaSerdesTester] (Thread-645) Sending message {"key11755010582390": "value-6"} to topic topic-7829e781_0f98_4762_b809_b6e0a03b9d8a
2025-08-12 14:56:23,700 INFO  [io.api.tes.ser.api.KafkaSerdesTester] (Thread-645) Sending message {"key11755010582390": "value-7"} to topic topic-7829e781_0f98_4762_b809_b6e0a03b9d8a
2025-08-12 14:56:23,703 INFO  [io.api.tes.ser.api.KafkaSerdesTester] (Thread-645) Sending message {"key11755010582390": "value-8"} to topic topic-7829e781_0f98_4762_b809_b6e0a03b9d8a
2025-08-12 14:56:23,706 INFO  [io.api.tes.ser.api.KafkaSerdesTester] (Thread-645) Sending message {"key11755010582390": "value-9"} to topic topic-7829e781_0f98_4762_b809_b6e0a03b9d8a
2025-08-12 14:56:23,707 INFO  [io.api.tes.ser.api.KafkaSerdesTester] (Thread-645) Produced 10 messages
2025-08-12 14:56:23,707 INFO  [org.apa.kaf.cli.pro.KafkaProducer] (Thread-645) [Producer clientId=Producer-topic-7829e781_0f98_4762_b809_b6e0a03b9d8a] Closing the Kafka producer with timeoutMillis = 9223372036854775807 ms.
2025-08-12 14:56:23,710 INFO  [org.apa.kaf.com.met.Metrics] (Thread-645) Metrics scheduler closed
2025-08-12 14:56:23,710 INFO  [org.apa.kaf.com.met.Metrics] (Thread-645) Closing reporter org.apache.kafka.common.metrics.JmxReporter
2025-08-12 14:56:23,711 INFO  [org.apa.kaf.com.met.Metrics] (Thread-645) Closing reporter org.apache.kafka.common.telemetry.internals.ClientTelemetryReporter
2025-08-12 14:56:23,711 INFO  [org.apa.kaf.com.met.Metrics] (Thread-645) Metrics reporters closed
2025-08-12 14:56:23,711 INFO  [org.apa.kaf.com.uti.AppInfoParser] (Thread-645) App info kafka.producer for Producer-topic-7829e781_0f98_4762_b809_b6e0a03b9d8a unregistered
**** Registry Base URL: http://registry-app-ksql043.apps.ci419.apicurio-testing.org:80
2025-08-12 14:56:23,711 INFO  [org.apa.kaf.cli.con.ConsumerConfig] (main) ConsumerConfig values: 
	allow.auto.create.topics = true
	auto.commit.interval.ms = 500
	auto.include.jmx.reporter = true
	auto.offset.reset = earliest
	bootstrap.servers = [PLAINTEXT://localhost:32769]
	check.crcs = true
	client.dns.lookup = use_all_dns_ips
	client.id = consumer-Consumer-topic-7829e781_0f98_4762_b809_b6e0a03b9d8a-7
	client.rack = 
	connections.max.idle.ms = 10000
	default.api.timeout.ms = 60000
	enable.auto.commit = true
	enable.metrics.push = true
	exclude.internal.topics = true
	fetch.max.bytes = 52428800
	fetch.max.wait.ms = 500
	fetch.min.bytes = 1
	group.id = Consumer-topic-7829e781_0f98_4762_b809_b6e0a03b9d8a
	group.instance.id = null
	group.protocol = classic
	group.remote.assignor = null
	heartbeat.interval.ms = 3000
	interceptor.classes = []
	internal.leave.group.on.close = true
	internal.throw.on.fetch.stable.offset.unsupported = false
	isolation.level = read_uncommitted
	key.deserializer = class org.apache.kafka.common.serialization.StringDeserializer
	max.partition.fetch.bytes = 1048576
	max.poll.interval.ms = 300000
	max.poll.records = 500
	metadata.max.age.ms = 300000
	metadata.recovery.strategy = none
	metric.reporters = []
	metrics.num.samples = 2
	metrics.recording.level = INFO
	metrics.sample.window.ms = 30000
	partition.assignment.strategy = [class org.apache.kafka.clients.consumer.RangeAssignor, class org.apache.kafka.clients.consumer.CooperativeStickyAssignor]
	receive.buffer.bytes = 65536
	reconnect.backoff.max.ms = 1000
	reconnect.backoff.ms = 50
	request.timeout.ms = 5000
	retry.backoff.max.ms = 1000
	retry.backoff.ms = 100
	sasl.client.callback.handler.class = null
	sasl.jaas.config = null
	sasl.kerberos.kinit.cmd = /usr/bin/kinit
	sasl.kerberos.min.time.before.relogin = 60000
	sasl.kerberos.service.name = null
	sasl.kerberos.ticket.renew.jitter = 0.05
	sasl.kerberos.ticket.renew.window.factor = 0.8
	sasl.login.callback.handler.class = null
	sasl.login.class = null
	sasl.login.connect.timeout.ms = null
	sasl.login.read.timeout.ms = null
	sasl.login.refresh.buffer.seconds = 300
	sasl.login.refresh.min.period.seconds = 60
	sasl.login.refresh.window.factor = 0.8
	sasl.login.refresh.window.jitter = 0.05
	sasl.login.retry.backoff.max.ms = 10000
	sasl.login.retry.backoff.ms = 100
	sasl.mechanism = GSSAPI
	sasl.oauthbearer.clock.skew.seconds = 30
	sasl.oauthbearer.expected.audience = null
	sasl.oauthbearer.expected.issuer = null
	sasl.oauthbearer.header.urlencode = false
	sasl.oauthbearer.jwks.endpoint.refresh.ms = 3600000
	sasl.oauthbearer.jwks.endpoint.retry.backoff.max.ms = 10000
	sasl.oauthbearer.jwks.endpoint.retry.backoff.ms = 100
	sasl.oauthbearer.jwks.endpoint.url = null
	sasl.oauthbearer.scope.claim.name = scope
	sasl.oauthbearer.sub.claim.name = sub
	sasl.oauthbearer.token.endpoint.url = null
	security.protocol = PLAINTEXT
	security.providers = null
	send.buffer.bytes = 131072
	session.timeout.ms = 45000
	socket.connection.setup.timeout.max.ms = 30000
	socket.connection.setup.timeout.ms = 10000
	ssl.cipher.suites = null
	ssl.enabled.protocols = [TLSv1.2, TLSv1.3]
	ssl.endpoint.identification.algorithm = https
	ssl.engine.factory.class = null
	ssl.key.password = null
	ssl.keymanager.algorithm = SunX509
	ssl.keystore.certificate.chain = null
	ssl.keystore.key = null
	ssl.keystore.location = null
	ssl.keystore.password = null
	ssl.keystore.type = JKS
	ssl.protocol = TLSv1.3
	ssl.provider = null
	ssl.secure.random.implementation = null
	ssl.trustmanager.algorithm = PKIX
	ssl.truststore.certificates = null
	ssl.truststore.location = null
	ssl.truststore.password = null
	ssl.truststore.type = JKS
	value.deserializer = class io.apicurio.registry.serde.avro.AvroKafkaDeserializer

2025-08-12 14:56:23,712 INFO  [org.apa.kaf.com.tel.int.KafkaMetricsCollector] (main) initializing Kafka metrics collector
2025-08-12 14:56:23,723 INFO  [org.apa.kaf.cli.con.ConsumerConfig] (main) These configurations '[apicurio.registry.url]' were supplied but are not used yet.
2025-08-12 14:56:23,723 INFO  [org.apa.kaf.com.uti.AppInfoParser] (main) Kafka version: 3.9.1
2025-08-12 14:56:23,723 INFO  [org.apa.kaf.com.uti.AppInfoParser] (main) Kafka commitId: f745dfdcee2b9851
2025-08-12 14:56:23,723 INFO  [org.apa.kaf.com.uti.AppInfoParser] (main) Kafka startTimeMs: 1755010583723
2025-08-12 14:56:23,724 INFO  [org.apa.kaf.cli.con.int.ClassicKafkaConsumer] (Thread-648) [Consumer clientId=consumer-Consumer-topic-7829e781_0f98_4762_b809_b6e0a03b9d8a-7, groupId=Consumer-topic-7829e781_0f98_4762_b809_b6e0a03b9d8a] Subscribed to topic(s): topic-7829e781_0f98_4762_b809_b6e0a03b9d8a
2025-08-12 14:56:23,730 INFO  [org.apa.kaf.cli.Metadata] (Thread-648) [Consumer clientId=consumer-Consumer-topic-7829e781_0f98_4762_b809_b6e0a03b9d8a-7, groupId=Consumer-topic-7829e781_0f98_4762_b809_b6e0a03b9d8a] Cluster ID: 0yZUVcJRR-Oeoz-b4JS1zQ
2025-08-12 14:56:23,731 INFO  [org.apa.kaf.cli.con.int.ConsumerCoordinator] (Thread-648) [Consumer clientId=consumer-Consumer-topic-7829e781_0f98_4762_b809_b6e0a03b9d8a-7, groupId=Consumer-topic-7829e781_0f98_4762_b809_b6e0a03b9d8a] Discovered group coordinator localhost:32769 (id: 2147483647 rack: null)
2025-08-12 14:56:23,733 INFO  [org.apa.kaf.cli.con.int.ConsumerCoordinator] (Thread-648) [Consumer clientId=consumer-Consumer-topic-7829e781_0f98_4762_b809_b6e0a03b9d8a-7, groupId=Consumer-topic-7829e781_0f98_4762_b809_b6e0a03b9d8a] (Re-)joining group
2025-08-12 14:56:23,739 INFO  [org.apa.kaf.cli.con.int.ConsumerCoordinator] (Thread-648) [Consumer clientId=consumer-Consumer-topic-7829e781_0f98_4762_b809_b6e0a03b9d8a-7, groupId=Consumer-topic-7829e781_0f98_4762_b809_b6e0a03b9d8a] Request joining group due to: need to re-join with the given member-id: consumer-Consumer-topic-7829e781_0f98_4762_b809_b6e0a03b9d8a-7-3a7e2d04-631b-4617-9ee8-c5fcacfd5ee7
2025-08-12 14:56:23,739 INFO  [org.apa.kaf.cli.con.int.ConsumerCoordinator] (Thread-648) [Consumer clientId=consumer-Consumer-topic-7829e781_0f98_4762_b809_b6e0a03b9d8a-7, groupId=Consumer-topic-7829e781_0f98_4762_b809_b6e0a03b9d8a] (Re-)joining group
2025-08-12 14:56:24,725 INFO  [io.api.tes.ser.api.KafkaSerdesTester] (Thread-648) None found
2025-08-12 14:56:25,725 INFO  [io.api.tes.ser.api.KafkaSerdesTester] (Thread-648) None found
2025-08-12 14:56:26,726 INFO  [io.api.tes.ser.api.KafkaSerdesTester] (Thread-648) None found
2025-08-12 14:56:26,741 INFO  [org.apa.kaf.cli.con.int.ConsumerCoordinator] (Thread-648) [Consumer clientId=consumer-Consumer-topic-7829e781_0f98_4762_b809_b6e0a03b9d8a-7, groupId=Consumer-topic-7829e781_0f98_4762_b809_b6e0a03b9d8a] Successfully joined group with generation Generation{generationId=1, memberId='consumer-Consumer-topic-7829e781_0f98_4762_b809_b6e0a03b9d8a-7-3a7e2d04-631b-4617-9ee8-c5fcacfd5ee7', protocol='range'}
2025-08-12 14:56:26,741 INFO  [org.apa.kaf.cli.con.int.ConsumerCoordinator] (Thread-648) [Consumer clientId=consumer-Consumer-topic-7829e781_0f98_4762_b809_b6e0a03b9d8a-7, groupId=Consumer-topic-7829e781_0f98_4762_b809_b6e0a03b9d8a] Finished assignment for group at generation 1: {consumer-Consumer-topic-7829e781_0f98_4762_b809_b6e0a03b9d8a-7-3a7e2d04-631b-4617-9ee8-c5fcacfd5ee7=Assignment(partitions=[topic-7829e781_0f98_4762_b809_b6e0a03b9d8a-0])}
2025-08-12 14:56:26,748 INFO  [org.apa.kaf.cli.con.int.ConsumerCoordinator] (Thread-648) [Consumer clientId=consumer-Consumer-topic-7829e781_0f98_4762_b809_b6e0a03b9d8a-7, groupId=Consumer-topic-7829e781_0f98_4762_b809_b6e0a03b9d8a] Successfully synced group in generation Generation{generationId=1, memberId='consumer-Consumer-topic-7829e781_0f98_4762_b809_b6e0a03b9d8a-7-3a7e2d04-631b-4617-9ee8-c5fcacfd5ee7', protocol='range'}
2025-08-12 14:56:26,748 INFO  [org.apa.kaf.cli.con.int.ConsumerCoordinator] (Thread-648) [Consumer clientId=consumer-Consumer-topic-7829e781_0f98_4762_b809_b6e0a03b9d8a-7, groupId=Consumer-topic-7829e781_0f98_4762_b809_b6e0a03b9d8a] Notifying assignor about the new Assignment(partitions=[topic-7829e781_0f98_4762_b809_b6e0a03b9d8a-0])
2025-08-12 14:56:26,749 INFO  [org.apa.kaf.cli.con.int.ConsumerRebalanceListenerInvoker] (Thread-648) [Consumer clientId=consumer-Consumer-topic-7829e781_0f98_4762_b809_b6e0a03b9d8a-7, groupId=Consumer-topic-7829e781_0f98_4762_b809_b6e0a03b9d8a] Adding newly assigned partitions: topic-7829e781_0f98_4762_b809_b6e0a03b9d8a-0
2025-08-12 14:56:26,750 INFO  [org.apa.kaf.cli.con.int.ConsumerCoordinator] (Thread-648) [Consumer clientId=consumer-Consumer-topic-7829e781_0f98_4762_b809_b6e0a03b9d8a-7, groupId=Consumer-topic-7829e781_0f98_4762_b809_b6e0a03b9d8a] Found no committed offset for partition topic-7829e781_0f98_4762_b809_b6e0a03b9d8a-0
2025-08-12 14:56:26,754 INFO  [org.apa.kaf.cli.con.int.SubscriptionState] (Thread-648) [Consumer clientId=consumer-Consumer-topic-7829e781_0f98_4762_b809_b6e0a03b9d8a-7, groupId=Consumer-topic-7829e781_0f98_4762_b809_b6e0a03b9d8a] Resetting offset for partition topic-7829e781_0f98_4762_b809_b6e0a03b9d8a-0 to position FetchPosition{offset=0, offsetEpoch=Optional.empty, currentLeader=LeaderAndEpoch{leader=Optional[localhost:32769 (id: 0 rack: null)], epoch=0}}.
2025-08-12 14:56:26,881 INFO  [io.api.tes.ser.api.KafkaSerdesTester] (Thread-648) topic-7829e781_0f98_4762_b809_b6e0a03b9d8a 0 0 {"key11755010582390": "value-0"}
2025-08-12 14:56:26,881 INFO  [io.api.tes.ser.api.KafkaSerdesTester] (Thread-648) topic-7829e781_0f98_4762_b809_b6e0a03b9d8a 0 1 {"key11755010582390": "value-1"}
2025-08-12 14:56:26,881 INFO  [io.api.tes.ser.api.KafkaSerdesTester] (Thread-648) topic-7829e781_0f98_4762_b809_b6e0a03b9d8a 0 2 {"key11755010582390": "value-2"}
2025-08-12 14:56:26,881 INFO  [io.api.tes.ser.api.KafkaSerdesTester] (Thread-648) topic-7829e781_0f98_4762_b809_b6e0a03b9d8a 0 3 {"key11755010582390": "value-3"}
2025-08-12 14:56:26,881 INFO  [io.api.tes.ser.api.KafkaSerdesTester] (Thread-648) topic-7829e781_0f98_4762_b809_b6e0a03b9d8a 0 4 {"key11755010582390": "value-4"}
2025-08-12 14:56:26,881 INFO  [io.api.tes.ser.api.KafkaSerdesTester] (Thread-648) topic-7829e781_0f98_4762_b809_b6e0a03b9d8a 0 5 {"key11755010582390": "value-5"}
2025-08-12 14:56:26,881 INFO  [io.api.tes.ser.api.KafkaSerdesTester] (Thread-648) topic-7829e781_0f98_4762_b809_b6e0a03b9d8a 0 6 {"key11755010582390": "value-6"}
2025-08-12 14:56:26,881 INFO  [io.api.tes.ser.api.KafkaSerdesTester] (Thread-648) topic-7829e781_0f98_4762_b809_b6e0a03b9d8a 0 7 {"key11755010582390": "value-7"}
2025-08-12 14:56:26,881 INFO  [io.api.tes.ser.api.KafkaSerdesTester] (Thread-648) topic-7829e781_0f98_4762_b809_b6e0a03b9d8a 0 8 {"key11755010582390": "value-8"}
2025-08-12 14:56:26,881 INFO  [io.api.tes.ser.api.KafkaSerdesTester] (Thread-648) topic-7829e781_0f98_4762_b809_b6e0a03b9d8a 0 9 {"key11755010582390": "value-9"}
2025-08-12 14:56:26,881 INFO  [io.api.tes.ser.api.KafkaSerdesTester] (Thread-648) Consumed 10 messages
2025-08-12 14:56:26,888 INFO  [org.apa.kaf.cli.con.int.ConsumerRebalanceListenerInvoker] (Thread-648) [Consumer clientId=consumer-Consumer-topic-7829e781_0f98_4762_b809_b6e0a03b9d8a-7, groupId=Consumer-topic-7829e781_0f98_4762_b809_b6e0a03b9d8a] Revoke previously assigned partitions topic-7829e781_0f98_4762_b809_b6e0a03b9d8a-0
2025-08-12 14:56:26,889 INFO  [org.apa.kaf.cli.con.int.ConsumerCoordinator] (Thread-648) [Consumer clientId=consumer-Consumer-topic-7829e781_0f98_4762_b809_b6e0a03b9d8a-7, groupId=Consumer-topic-7829e781_0f98_4762_b809_b6e0a03b9d8a] Member consumer-Consumer-topic-7829e781_0f98_4762_b809_b6e0a03b9d8a-7-3a7e2d04-631b-4617-9ee8-c5fcacfd5ee7 sending LeaveGroup request to coordinator localhost:32769 (id: 2147483647 rack: null) due to the consumer is being closed
2025-08-12 14:56:26,889 INFO  [org.apa.kaf.cli.con.int.ConsumerCoordinator] (Thread-648) [Consumer clientId=consumer-Consumer-topic-7829e781_0f98_4762_b809_b6e0a03b9d8a-7, groupId=Consumer-topic-7829e781_0f98_4762_b809_b6e0a03b9d8a] Resetting generation and member id due to: consumer pro-actively leaving the group
2025-08-12 14:56:26,889 INFO  [org.apa.kaf.cli.con.int.ConsumerCoordinator] (Thread-648) [Consumer clientId=consumer-Consumer-topic-7829e781_0f98_4762_b809_b6e0a03b9d8a-7, groupId=Consumer-topic-7829e781_0f98_4762_b809_b6e0a03b9d8a] Request joining group due to: consumer pro-actively leaving the group
2025-08-12 14:56:27,384 INFO  [org.apa.kaf.com.met.Metrics] (Thread-648) Metrics scheduler closed
2025-08-12 14:56:27,384 INFO  [org.apa.kaf.com.met.Metrics] (Thread-648) Closing reporter org.apache.kafka.common.metrics.JmxReporter
2025-08-12 14:56:27,384 INFO  [org.apa.kaf.com.met.Metrics] (Thread-648) Closing reporter org.apache.kafka.common.telemetry.internals.ClientTelemetryReporter
2025-08-12 14:56:27,384 INFO  [org.apa.kaf.com.met.Metrics] (Thread-648) Metrics reporters closed
2025-08-12 14:56:27,387 INFO  [org.apa.kaf.com.uti.AppInfoParser] (Thread-648) App info kafka.consumer for consumer-Consumer-topic-7829e781_0f98_4762_b809_b6e0a03b9d8a-7 unregistered
2025-08-12 14:56:27,387 INFO  [io.api.tes.uti.TestSeparator] (main) io.apicurio.tests.serdes.apicurio.AvroSerdeIT.testTopicIdStrategyFindLatest-FINISHED
2025-08-12 14:56:27,388 INFO  [io.api.tes.uti.TestSeparator] (main) ############################################################################
Test passed: testTopicIdStrategyFindLatest
]]></system-out>
  </testcase>
  <testcase name="testAvroUnionWithSpecificReader" classname="io.apicurio.tests.serdes.apicurio.AvroSerdeIT" time="4.439">
    <system-out><![CDATA[2025-08-12 14:56:27,392 INFO  [io.api.tes.uti.TestSeparator] (main) ############################################################################
2025-08-12 14:56:27,392 INFO  [io.api.tes.uti.TestSeparator] (main) io.apicurio.tests.serdes.apicurio.AvroSerdeIT.testAvroUnionWithSpecificReader-STARTED
**** Registry Base URL: http://registry-app-ksql043.apps.ci419.apicurio-testing.org:80
2025-08-12 14:56:27,397 INFO  [org.apa.kaf.cli.pro.ProducerConfig] (main) ProducerConfig values: 
	acks = -1
	auto.include.jmx.reporter = true
	batch.size = 16384
	bootstrap.servers = [PLAINTEXT://localhost:32769]
	buffer.memory = 33554432
	client.dns.lookup = use_all_dns_ips
	client.id = Producer-topic-3ed72318_b149_4c09_a4cd_7e1e9c917017
	compression.gzip.level = -1
	compression.lz4.level = 9
	compression.type = none
	compression.zstd.level = 3
	connections.max.idle.ms = 10000
	delivery.timeout.ms = 120000
	enable.idempotence = true
	enable.metrics.push = true
	interceptor.classes = []
	key.serializer = class org.apache.kafka.common.serialization.StringSerializer
	linger.ms = 0
	max.block.ms = 60000
	max.in.flight.requests.per.connection = 5
	max.request.size = 1048576
	metadata.max.age.ms = 300000
	metadata.max.idle.ms = 300000
	metadata.recovery.strategy = none
	metric.reporters = []
	metrics.num.samples = 2
	metrics.recording.level = INFO
	metrics.sample.window.ms = 30000
	partitioner.adaptive.partitioning.enable = true
	partitioner.availability.timeout.ms = 0
	partitioner.class = null
	partitioner.ignore.keys = false
	receive.buffer.bytes = 32768
	reconnect.backoff.max.ms = 1000
	reconnect.backoff.ms = 50
	request.timeout.ms = 5000
	retries = 2147483647
	retry.backoff.max.ms = 1000
	retry.backoff.ms = 100
	sasl.client.callback.handler.class = null
	sasl.jaas.config = null
	sasl.kerberos.kinit.cmd = /usr/bin/kinit
	sasl.kerberos.min.time.before.relogin = 60000
	sasl.kerberos.service.name = null
	sasl.kerberos.ticket.renew.jitter = 0.05
	sasl.kerberos.ticket.renew.window.factor = 0.8
	sasl.login.callback.handler.class = null
	sasl.login.class = null
	sasl.login.connect.timeout.ms = null
	sasl.login.read.timeout.ms = null
	sasl.login.refresh.buffer.seconds = 300
	sasl.login.refresh.min.period.seconds = 60
	sasl.login.refresh.window.factor = 0.8
	sasl.login.refresh.window.jitter = 0.05
	sasl.login.retry.backoff.max.ms = 10000
	sasl.login.retry.backoff.ms = 100
	sasl.mechanism = GSSAPI
	sasl.oauthbearer.clock.skew.seconds = 30
	sasl.oauthbearer.expected.audience = null
	sasl.oauthbearer.expected.issuer = null
	sasl.oauthbearer.header.urlencode = false
	sasl.oauthbearer.jwks.endpoint.refresh.ms = 3600000
	sasl.oauthbearer.jwks.endpoint.retry.backoff.max.ms = 10000
	sasl.oauthbearer.jwks.endpoint.retry.backoff.ms = 100
	sasl.oauthbearer.jwks.endpoint.url = null
	sasl.oauthbearer.scope.claim.name = scope
	sasl.oauthbearer.sub.claim.name = sub
	sasl.oauthbearer.token.endpoint.url = null
	security.protocol = PLAINTEXT
	security.providers = null
	send.buffer.bytes = 131072
	socket.connection.setup.timeout.max.ms = 30000
	socket.connection.setup.timeout.ms = 10000
	ssl.cipher.suites = null
	ssl.enabled.protocols = [TLSv1.2, TLSv1.3]
	ssl.endpoint.identification.algorithm = https
	ssl.engine.factory.class = null
	ssl.key.password = null
	ssl.keymanager.algorithm = SunX509
	ssl.keystore.certificate.chain = null
	ssl.keystore.key = null
	ssl.keystore.location = null
	ssl.keystore.password = null
	ssl.keystore.type = JKS
	ssl.protocol = TLSv1.3
	ssl.provider = null
	ssl.secure.random.implementation = null
	ssl.trustmanager.algorithm = PKIX
	ssl.truststore.certificates = null
	ssl.truststore.location = null
	ssl.truststore.password = null
	ssl.truststore.type = JKS
	transaction.timeout.ms = 60000
	transactional.id = null
	value.serializer = class io.apicurio.registry.serde.avro.AvroKafkaSerializer

2025-08-12 14:56:27,400 INFO  [org.apa.kaf.com.tel.int.KafkaMetricsCollector] (main) initializing Kafka metrics collector
2025-08-12 14:56:27,405 INFO  [org.apa.kaf.cli.pro.KafkaProducer] (main) [Producer clientId=Producer-topic-3ed72318_b149_4c09_a4cd_7e1e9c917017] Instantiated an idempotent producer.
2025-08-12 14:56:27,406 INFO  [org.apa.kaf.cli.pro.ProducerConfig] (main) These configurations '[apicurio.registry.url, apicurio.registry.auto-register, apicurio.registry.artifact-resolver-strategy]' were supplied but are not used yet.
2025-08-12 14:56:27,407 INFO  [org.apa.kaf.com.uti.AppInfoParser] (main) Kafka version: 3.9.1
2025-08-12 14:56:27,407 INFO  [org.apa.kaf.com.uti.AppInfoParser] (main) Kafka commitId: f745dfdcee2b9851
2025-08-12 14:56:27,407 INFO  [org.apa.kaf.com.uti.AppInfoParser] (main) Kafka startTimeMs: 1755010587407
2025-08-12 14:56:27,407 INFO  [io.api.tes.ser.api.SimpleSerdesTesterBuilder$SimpleSerdesTester] (main) Using producer configuration: {apicurio.registry.url=http://registry-app-ksql043.apps.ci419.apicurio-testing.org:80/apis/registry/v3, apicurio.registry.auto-register=true, apicurio.registry.artifact-resolver-strategy=io.apicurio.registry.serde.strategy.TopicIdStrategy, value.serializer=io.apicurio.registry.serde.avro.AvroKafkaSerializer, request.timeout.ms=5000, acks=all, bootstrap.servers=PLAINTEXT://localhost:32769, connections.max.idle.ms=10000, key.serializer=org.apache.kafka.common.serialization.StringSerializer, client.id=Producer-topic-3ed72318_b149_4c09_a4cd_7e1e9c917017}
2025-08-12 14:56:27,407 INFO  [io.api.tes.ser.api.SimpleSerdesTesterBuilder$SimpleSerdesTester] (main) Using consumer configuration: {}
2025-08-12 14:56:27,407 INFO  [io.api.tes.ser.api.KafkaSerdesTester] (Thread-651) Sending message {"id": "record-0"} to topic topic-3ed72318_b149_4c09_a4cd_7e1e9c917017
2025-08-12 14:56:27,413 WARN  [org.apa.kaf.cli.NetworkClient] (kafka-producer-network-thread | Producer-topic-3ed72318_b149_4c09_a4cd_7e1e9c917017) [Producer clientId=Producer-topic-3ed72318_b149_4c09_a4cd_7e1e9c917017] The metadata response from the cluster reported a recoverable issue with correlation id 1 : {topic-3ed72318_b149_4c09_a4cd_7e1e9c917017=UNKNOWN_TOPIC_OR_PARTITION}
2025-08-12 14:56:27,413 INFO  [org.apa.kaf.cli.Metadata] (kafka-producer-network-thread | Producer-topic-3ed72318_b149_4c09_a4cd_7e1e9c917017) [Producer clientId=Producer-topic-3ed72318_b149_4c09_a4cd_7e1e9c917017] Cluster ID: 0yZUVcJRR-Oeoz-b4JS1zQ
2025-08-12 14:56:27,415 INFO  [org.apa.kaf.cli.pro.int.TransactionManager] (kafka-producer-network-thread | Producer-topic-3ed72318_b149_4c09_a4cd_7e1e9c917017) [Producer clientId=Producer-topic-3ed72318_b149_4c09_a4cd_7e1e9c917017] ProducerId set to 10 with epoch 0
2025-08-12 14:56:27,658 INFO  [io.api.tes.ser.api.KafkaSerdesTester] (Thread-651) Sending message {"value": 1} to topic topic-3ed72318_b149_4c09_a4cd_7e1e9c917017
2025-08-12 14:56:27,748 INFO  [io.api.tes.ser.api.KafkaSerdesTester] (Thread-651) Sending message {"active": true} to topic topic-3ed72318_b149_4c09_a4cd_7e1e9c917017
2025-08-12 14:56:27,836 INFO  [io.api.tes.ser.api.KafkaSerdesTester] (Thread-651) Sending message {"id": "record-3"} to topic topic-3ed72318_b149_4c09_a4cd_7e1e9c917017
2025-08-12 14:56:27,838 INFO  [io.api.tes.ser.api.KafkaSerdesTester] (Thread-651) Sending message {"value": 4} to topic topic-3ed72318_b149_4c09_a4cd_7e1e9c917017
2025-08-12 14:56:27,840 INFO  [io.api.tes.ser.api.KafkaSerdesTester] (Thread-651) Sending message {"active": false} to topic topic-3ed72318_b149_4c09_a4cd_7e1e9c917017
2025-08-12 14:56:27,843 INFO  [io.api.tes.ser.api.KafkaSerdesTester] (Thread-651) Sending message {"id": "record-6"} to topic topic-3ed72318_b149_4c09_a4cd_7e1e9c917017
2025-08-12 14:56:27,846 INFO  [io.api.tes.ser.api.KafkaSerdesTester] (Thread-651) Sending message {"value": 7} to topic topic-3ed72318_b149_4c09_a4cd_7e1e9c917017
2025-08-12 14:56:27,848 INFO  [io.api.tes.ser.api.KafkaSerdesTester] (Thread-651) Sending message {"active": true} to topic topic-3ed72318_b149_4c09_a4cd_7e1e9c917017
2025-08-12 14:56:27,850 INFO  [io.api.tes.ser.api.KafkaSerdesTester] (Thread-651) Sending message {"id": "record-9"} to topic topic-3ed72318_b149_4c09_a4cd_7e1e9c917017
2025-08-12 14:56:27,852 INFO  [io.api.tes.ser.api.KafkaSerdesTester] (Thread-651) Produced 10 messages
2025-08-12 14:56:27,852 INFO  [org.apa.kaf.cli.pro.KafkaProducer] (Thread-651) [Producer clientId=Producer-topic-3ed72318_b149_4c09_a4cd_7e1e9c917017] Closing the Kafka producer with timeoutMillis = 9223372036854775807 ms.
2025-08-12 14:56:27,856 INFO  [org.apa.kaf.com.met.Metrics] (Thread-651) Metrics scheduler closed
2025-08-12 14:56:27,856 INFO  [org.apa.kaf.com.met.Metrics] (Thread-651) Closing reporter org.apache.kafka.common.metrics.JmxReporter
2025-08-12 14:56:27,856 INFO  [org.apa.kaf.com.met.Metrics] (Thread-651) Closing reporter org.apache.kafka.common.telemetry.internals.ClientTelemetryReporter
2025-08-12 14:56:27,857 INFO  [org.apa.kaf.com.met.Metrics] (Thread-651) Metrics reporters closed
2025-08-12 14:56:27,857 INFO  [org.apa.kaf.com.uti.AppInfoParser] (Thread-651) App info kafka.producer for Producer-topic-3ed72318_b149_4c09_a4cd_7e1e9c917017 unregistered
2025-08-12 14:56:27,896 INFO  [io.api.tes.ser.api.AvroSerdeIT] (main) Artifact topic-3ed72318_b149_4c09_a4cd_7e1e9c917017-value found in registry with globalId 25
**** Registry Base URL: http://registry-app-ksql043.apps.ci419.apicurio-testing.org:80
2025-08-12 14:56:27,897 INFO  [org.apa.kaf.cli.con.ConsumerConfig] (main) ConsumerConfig values: 
	allow.auto.create.topics = true
	auto.commit.interval.ms = 500
	auto.include.jmx.reporter = true
	auto.offset.reset = earliest
	bootstrap.servers = [PLAINTEXT://localhost:32769]
	check.crcs = true
	client.dns.lookup = use_all_dns_ips
	client.id = consumer-Consumer-topic-3ed72318_b149_4c09_a4cd_7e1e9c917017-8
	client.rack = 
	connections.max.idle.ms = 10000
	default.api.timeout.ms = 60000
	enable.auto.commit = true
	enable.metrics.push = true
	exclude.internal.topics = true
	fetch.max.bytes = 52428800
	fetch.max.wait.ms = 500
	fetch.min.bytes = 1
	group.id = Consumer-topic-3ed72318_b149_4c09_a4cd_7e1e9c917017
	group.instance.id = null
	group.protocol = classic
	group.remote.assignor = null
	heartbeat.interval.ms = 3000
	interceptor.classes = []
	internal.leave.group.on.close = true
	internal.throw.on.fetch.stable.offset.unsupported = false
	isolation.level = read_uncommitted
	key.deserializer = class org.apache.kafka.common.serialization.StringDeserializer
	max.partition.fetch.bytes = 1048576
	max.poll.interval.ms = 300000
	max.poll.records = 500
	metadata.max.age.ms = 300000
	metadata.recovery.strategy = none
	metric.reporters = []
	metrics.num.samples = 2
	metrics.recording.level = INFO
	metrics.sample.window.ms = 30000
	partition.assignment.strategy = [class org.apache.kafka.clients.consumer.RangeAssignor, class org.apache.kafka.clients.consumer.CooperativeStickyAssignor]
	receive.buffer.bytes = 65536
	reconnect.backoff.max.ms = 1000
	reconnect.backoff.ms = 50
	request.timeout.ms = 5000
	retry.backoff.max.ms = 1000
	retry.backoff.ms = 100
	sasl.client.callback.handler.class = null
	sasl.jaas.config = null
	sasl.kerberos.kinit.cmd = /usr/bin/kinit
	sasl.kerberos.min.time.before.relogin = 60000
	sasl.kerberos.service.name = null
	sasl.kerberos.ticket.renew.jitter = 0.05
	sasl.kerberos.ticket.renew.window.factor = 0.8
	sasl.login.callback.handler.class = null
	sasl.login.class = null
	sasl.login.connect.timeout.ms = null
	sasl.login.read.timeout.ms = null
	sasl.login.refresh.buffer.seconds = 300
	sasl.login.refresh.min.period.seconds = 60
	sasl.login.refresh.window.factor = 0.8
	sasl.login.refresh.window.jitter = 0.05
	sasl.login.retry.backoff.max.ms = 10000
	sasl.login.retry.backoff.ms = 100
	sasl.mechanism = GSSAPI
	sasl.oauthbearer.clock.skew.seconds = 30
	sasl.oauthbearer.expected.audience = null
	sasl.oauthbearer.expected.issuer = null
	sasl.oauthbearer.header.urlencode = false
	sasl.oauthbearer.jwks.endpoint.refresh.ms = 3600000
	sasl.oauthbearer.jwks.endpoint.retry.backoff.max.ms = 10000
	sasl.oauthbearer.jwks.endpoint.retry.backoff.ms = 100
	sasl.oauthbearer.jwks.endpoint.url = null
	sasl.oauthbearer.scope.claim.name = scope
	sasl.oauthbearer.sub.claim.name = sub
	sasl.oauthbearer.token.endpoint.url = null
	security.protocol = PLAINTEXT
	security.providers = null
	send.buffer.bytes = 131072
	session.timeout.ms = 45000
	socket.connection.setup.timeout.max.ms = 30000
	socket.connection.setup.timeout.ms = 10000
	ssl.cipher.suites = null
	ssl.enabled.protocols = [TLSv1.2, TLSv1.3]
	ssl.endpoint.identification.algorithm = https
	ssl.engine.factory.class = null
	ssl.key.password = null
	ssl.keymanager.algorithm = SunX509
	ssl.keystore.certificate.chain = null
	ssl.keystore.key = null
	ssl.keystore.location = null
	ssl.keystore.password = null
	ssl.keystore.type = JKS
	ssl.protocol = TLSv1.3
	ssl.provider = null
	ssl.secure.random.implementation = null
	ssl.trustmanager.algorithm = PKIX
	ssl.truststore.certificates = null
	ssl.truststore.location = null
	ssl.truststore.password = null
	ssl.truststore.type = JKS
	value.deserializer = class io.apicurio.registry.serde.avro.AvroKafkaDeserializer

2025-08-12 14:56:27,897 INFO  [org.apa.kaf.com.tel.int.KafkaMetricsCollector] (main) initializing Kafka metrics collector
2025-08-12 14:56:27,902 INFO  [org.apa.kaf.cli.con.ConsumerConfig] (main) These configurations '[apicurio.registry.url]' were supplied but are not used yet.
2025-08-12 14:56:27,902 INFO  [org.apa.kaf.com.uti.AppInfoParser] (main) Kafka version: 3.9.1
2025-08-12 14:56:27,902 INFO  [org.apa.kaf.com.uti.AppInfoParser] (main) Kafka commitId: f745dfdcee2b9851
2025-08-12 14:56:27,902 INFO  [org.apa.kaf.com.uti.AppInfoParser] (main) Kafka startTimeMs: 1755010587902
2025-08-12 14:56:27,902 INFO  [org.apa.kaf.cli.con.int.ClassicKafkaConsumer] (Thread-654) [Consumer clientId=consumer-Consumer-topic-3ed72318_b149_4c09_a4cd_7e1e9c917017-8, groupId=Consumer-topic-3ed72318_b149_4c09_a4cd_7e1e9c917017] Subscribed to topic(s): topic-3ed72318_b149_4c09_a4cd_7e1e9c917017
2025-08-12 14:56:27,912 INFO  [org.apa.kaf.cli.Metadata] (Thread-654) [Consumer clientId=consumer-Consumer-topic-3ed72318_b149_4c09_a4cd_7e1e9c917017-8, groupId=Consumer-topic-3ed72318_b149_4c09_a4cd_7e1e9c917017] Cluster ID: 0yZUVcJRR-Oeoz-b4JS1zQ
2025-08-12 14:56:27,913 INFO  [org.apa.kaf.cli.con.int.ConsumerCoordinator] (Thread-654) [Consumer clientId=consumer-Consumer-topic-3ed72318_b149_4c09_a4cd_7e1e9c917017-8, groupId=Consumer-topic-3ed72318_b149_4c09_a4cd_7e1e9c917017] Discovered group coordinator localhost:32769 (id: 2147483647 rack: null)
2025-08-12 14:56:27,915 INFO  [org.apa.kaf.cli.con.int.ConsumerCoordinator] (Thread-654) [Consumer clientId=consumer-Consumer-topic-3ed72318_b149_4c09_a4cd_7e1e9c917017-8, groupId=Consumer-topic-3ed72318_b149_4c09_a4cd_7e1e9c917017] (Re-)joining group
2025-08-12 14:56:27,920 INFO  [org.apa.kaf.cli.con.int.ConsumerCoordinator] (Thread-654) [Consumer clientId=consumer-Consumer-topic-3ed72318_b149_4c09_a4cd_7e1e9c917017-8, groupId=Consumer-topic-3ed72318_b149_4c09_a4cd_7e1e9c917017] Request joining group due to: need to re-join with the given member-id: consumer-Consumer-topic-3ed72318_b149_4c09_a4cd_7e1e9c917017-8-b234d333-d921-4246-8010-d218e387ead2
2025-08-12 14:56:27,920 INFO  [org.apa.kaf.cli.con.int.ConsumerCoordinator] (Thread-654) [Consumer clientId=consumer-Consumer-topic-3ed72318_b149_4c09_a4cd_7e1e9c917017-8, groupId=Consumer-topic-3ed72318_b149_4c09_a4cd_7e1e9c917017] (Re-)joining group
2025-08-12 14:56:28,902 INFO  [io.api.tes.ser.api.KafkaSerdesTester] (Thread-654) None found
2025-08-12 14:56:29,902 INFO  [io.api.tes.ser.api.KafkaSerdesTester] (Thread-654) None found
2025-08-12 14:56:30,903 INFO  [io.api.tes.ser.api.KafkaSerdesTester] (Thread-654) None found
2025-08-12 14:56:30,922 INFO  [org.apa.kaf.cli.con.int.ConsumerCoordinator] (Thread-654) [Consumer clientId=consumer-Consumer-topic-3ed72318_b149_4c09_a4cd_7e1e9c917017-8, groupId=Consumer-topic-3ed72318_b149_4c09_a4cd_7e1e9c917017] Successfully joined group with generation Generation{generationId=1, memberId='consumer-Consumer-topic-3ed72318_b149_4c09_a4cd_7e1e9c917017-8-b234d333-d921-4246-8010-d218e387ead2', protocol='range'}
2025-08-12 14:56:30,923 INFO  [org.apa.kaf.cli.con.int.ConsumerCoordinator] (Thread-654) [Consumer clientId=consumer-Consumer-topic-3ed72318_b149_4c09_a4cd_7e1e9c917017-8, groupId=Consumer-topic-3ed72318_b149_4c09_a4cd_7e1e9c917017] Finished assignment for group at generation 1: {consumer-Consumer-topic-3ed72318_b149_4c09_a4cd_7e1e9c917017-8-b234d333-d921-4246-8010-d218e387ead2=Assignment(partitions=[topic-3ed72318_b149_4c09_a4cd_7e1e9c917017-0])}
2025-08-12 14:56:30,929 INFO  [org.apa.kaf.cli.con.int.ConsumerCoordinator] (Thread-654) [Consumer clientId=consumer-Consumer-topic-3ed72318_b149_4c09_a4cd_7e1e9c917017-8, groupId=Consumer-topic-3ed72318_b149_4c09_a4cd_7e1e9c917017] Successfully synced group in generation Generation{generationId=1, memberId='consumer-Consumer-topic-3ed72318_b149_4c09_a4cd_7e1e9c917017-8-b234d333-d921-4246-8010-d218e387ead2', protocol='range'}
2025-08-12 14:56:30,930 INFO  [org.apa.kaf.cli.con.int.ConsumerCoordinator] (Thread-654) [Consumer clientId=consumer-Consumer-topic-3ed72318_b149_4c09_a4cd_7e1e9c917017-8, groupId=Consumer-topic-3ed72318_b149_4c09_a4cd_7e1e9c917017] Notifying assignor about the new Assignment(partitions=[topic-3ed72318_b149_4c09_a4cd_7e1e9c917017-0])
2025-08-12 14:56:30,930 INFO  [org.apa.kaf.cli.con.int.ConsumerRebalanceListenerInvoker] (Thread-654) [Consumer clientId=consumer-Consumer-topic-3ed72318_b149_4c09_a4cd_7e1e9c917017-8, groupId=Consumer-topic-3ed72318_b149_4c09_a4cd_7e1e9c917017] Adding newly assigned partitions: topic-3ed72318_b149_4c09_a4cd_7e1e9c917017-0
2025-08-12 14:56:30,931 INFO  [org.apa.kaf.cli.con.int.ConsumerCoordinator] (Thread-654) [Consumer clientId=consumer-Consumer-topic-3ed72318_b149_4c09_a4cd_7e1e9c917017-8, groupId=Consumer-topic-3ed72318_b149_4c09_a4cd_7e1e9c917017] Found no committed offset for partition topic-3ed72318_b149_4c09_a4cd_7e1e9c917017-0
2025-08-12 14:56:30,937 INFO  [org.apa.kaf.cli.con.int.SubscriptionState] (Thread-654) [Consumer clientId=consumer-Consumer-topic-3ed72318_b149_4c09_a4cd_7e1e9c917017-8, groupId=Consumer-topic-3ed72318_b149_4c09_a4cd_7e1e9c917017] Resetting offset for partition topic-3ed72318_b149_4c09_a4cd_7e1e9c917017-0 to position FetchPosition{offset=0, offsetEpoch=Optional.empty, currentLeader=LeaderAndEpoch{leader=Optional[localhost:32769 (id: 0 rack: null)], epoch=0}}.
2025-08-12 14:56:31,321 INFO  [io.api.tes.ser.api.KafkaSerdesTester] (Thread-654) topic-3ed72318_b149_4c09_a4cd_7e1e9c917017 0 0 {"id": "record-0"}
2025-08-12 14:56:31,321 INFO  [io.api.tes.ser.api.KafkaSerdesTester] (Thread-654) topic-3ed72318_b149_4c09_a4cd_7e1e9c917017 0 1 {"value": 1}
2025-08-12 14:56:31,321 INFO  [io.api.tes.ser.api.KafkaSerdesTester] (Thread-654) topic-3ed72318_b149_4c09_a4cd_7e1e9c917017 0 2 {"active": true}
2025-08-12 14:56:31,321 INFO  [io.api.tes.ser.api.KafkaSerdesTester] (Thread-654) topic-3ed72318_b149_4c09_a4cd_7e1e9c917017 0 3 {"id": "record-3"}
2025-08-12 14:56:31,321 INFO  [io.api.tes.ser.api.KafkaSerdesTester] (Thread-654) topic-3ed72318_b149_4c09_a4cd_7e1e9c917017 0 4 {"value": 4}
2025-08-12 14:56:31,321 INFO  [io.api.tes.ser.api.KafkaSerdesTester] (Thread-654) topic-3ed72318_b149_4c09_a4cd_7e1e9c917017 0 5 {"active": false}
2025-08-12 14:56:31,321 INFO  [io.api.tes.ser.api.KafkaSerdesTester] (Thread-654) topic-3ed72318_b149_4c09_a4cd_7e1e9c917017 0 6 {"id": "record-6"}
2025-08-12 14:56:31,321 INFO  [io.api.tes.ser.api.KafkaSerdesTester] (Thread-654) topic-3ed72318_b149_4c09_a4cd_7e1e9c917017 0 7 {"value": 7}
2025-08-12 14:56:31,321 INFO  [io.api.tes.ser.api.KafkaSerdesTester] (Thread-654) topic-3ed72318_b149_4c09_a4cd_7e1e9c917017 0 8 {"active": true}
2025-08-12 14:56:31,321 INFO  [io.api.tes.ser.api.KafkaSerdesTester] (Thread-654) topic-3ed72318_b149_4c09_a4cd_7e1e9c917017 0 9 {"id": "record-9"}
2025-08-12 14:56:31,322 INFO  [io.api.tes.ser.api.KafkaSerdesTester] (Thread-654) Consumed 10 messages
2025-08-12 14:56:31,328 INFO  [org.apa.kaf.cli.con.int.ConsumerRebalanceListenerInvoker] (Thread-654) [Consumer clientId=consumer-Consumer-topic-3ed72318_b149_4c09_a4cd_7e1e9c917017-8, groupId=Consumer-topic-3ed72318_b149_4c09_a4cd_7e1e9c917017] Revoke previously assigned partitions topic-3ed72318_b149_4c09_a4cd_7e1e9c917017-0
2025-08-12 14:56:31,328 INFO  [org.apa.kaf.cli.con.int.ConsumerCoordinator] (Thread-654) [Consumer clientId=consumer-Consumer-topic-3ed72318_b149_4c09_a4cd_7e1e9c917017-8, groupId=Consumer-topic-3ed72318_b149_4c09_a4cd_7e1e9c917017] Member consumer-Consumer-topic-3ed72318_b149_4c09_a4cd_7e1e9c917017-8-b234d333-d921-4246-8010-d218e387ead2 sending LeaveGroup request to coordinator localhost:32769 (id: 2147483647 rack: null) due to the consumer is being closed
2025-08-12 14:56:31,328 INFO  [org.apa.kaf.cli.con.int.ConsumerCoordinator] (Thread-654) [Consumer clientId=consumer-Consumer-topic-3ed72318_b149_4c09_a4cd_7e1e9c917017-8, groupId=Consumer-topic-3ed72318_b149_4c09_a4cd_7e1e9c917017] Resetting generation and member id due to: consumer pro-actively leaving the group
2025-08-12 14:56:31,328 INFO  [org.apa.kaf.cli.con.int.ConsumerCoordinator] (Thread-654) [Consumer clientId=consumer-Consumer-topic-3ed72318_b149_4c09_a4cd_7e1e9c917017-8, groupId=Consumer-topic-3ed72318_b149_4c09_a4cd_7e1e9c917017] Request joining group due to: consumer pro-actively leaving the group
2025-08-12 14:56:31,824 INFO  [org.apa.kaf.com.met.Metrics] (Thread-654) Metrics scheduler closed
2025-08-12 14:56:31,824 INFO  [org.apa.kaf.com.met.Metrics] (Thread-654) Closing reporter org.apache.kafka.common.metrics.JmxReporter
2025-08-12 14:56:31,824 INFO  [org.apa.kaf.com.met.Metrics] (Thread-654) Closing reporter org.apache.kafka.common.telemetry.internals.ClientTelemetryReporter
2025-08-12 14:56:31,824 INFO  [org.apa.kaf.com.met.Metrics] (Thread-654) Metrics reporters closed
2025-08-12 14:56:31,827 INFO  [org.apa.kaf.com.uti.AppInfoParser] (Thread-654) App info kafka.consumer for consumer-Consumer-topic-3ed72318_b149_4c09_a4cd_7e1e9c917017-8 unregistered
2025-08-12 14:56:31,828 INFO  [io.api.tes.uti.TestSeparator] (main) io.apicurio.tests.serdes.apicurio.AvroSerdeIT.testAvroUnionWithSpecificReader-FINISHED
2025-08-12 14:56:31,829 INFO  [io.api.tes.uti.TestSeparator] (main) ############################################################################
Test passed: testAvroUnionWithSpecificReader
]]></system-out>
  </testcase>
  <testcase name="testEvolveAvroApicurioReusingClient" classname="io.apicurio.tests.serdes.apicurio.AvroSerdeIT" time="7.506">
    <system-out><![CDATA[2025-08-12 14:56:31,831 INFO  [io.api.tes.uti.TestSeparator] (main) ############################################################################
2025-08-12 14:56:31,831 INFO  [io.api.tes.uti.TestSeparator] (main) io.apicurio.tests.serdes.apicurio.AvroSerdeIT.testEvolveAvroApicurioReusingClient-STARTED
2025-08-12 14:56:31,832 INFO  [io.api.tes.ser.api.AvroSerdeIT] (main) Registering Avro Schema: {"type":"record","name":"sd7423b25x8175x4934x9bc0xf18dc3b905e1","namespace":"ns_c44dbff5_1cca_4c23_ab34_b8b881c563ac","fields":[{"name":"key11755010591832","type":"string"}]}
**** Registry Base URL: http://registry-app-ksql043.apps.ci419.apicurio-testing.org:80
2025-08-12 14:56:32,949 INFO  [org.apa.kaf.cli.pro.ProducerConfig] (main) ProducerConfig values: 
	acks = -1
	auto.include.jmx.reporter = true
	batch.size = 16384
	bootstrap.servers = [PLAINTEXT://localhost:32769]
	buffer.memory = 33554432
	client.dns.lookup = use_all_dns_ips
	client.id = Producer-topic-2f41cb69_4468_4581_9d57_32fd8599c48e
	compression.gzip.level = -1
	compression.lz4.level = 9
	compression.type = none
	compression.zstd.level = 3
	connections.max.idle.ms = 10000
	delivery.timeout.ms = 120000
	enable.idempotence = true
	enable.metrics.push = true
	interceptor.classes = []
	key.serializer = class org.apache.kafka.common.serialization.StringSerializer
	linger.ms = 0
	max.block.ms = 60000
	max.in.flight.requests.per.connection = 5
	max.request.size = 1048576
	metadata.max.age.ms = 300000
	metadata.max.idle.ms = 300000
	metadata.recovery.strategy = none
	metric.reporters = []
	metrics.num.samples = 2
	metrics.recording.level = INFO
	metrics.sample.window.ms = 30000
	partitioner.adaptive.partitioning.enable = true
	partitioner.availability.timeout.ms = 0
	partitioner.class = null
	partitioner.ignore.keys = false
	receive.buffer.bytes = 32768
	reconnect.backoff.max.ms = 1000
	reconnect.backoff.ms = 50
	request.timeout.ms = 5000
	retries = 2147483647
	retry.backoff.max.ms = 1000
	retry.backoff.ms = 100
	sasl.client.callback.handler.class = null
	sasl.jaas.config = null
	sasl.kerberos.kinit.cmd = /usr/bin/kinit
	sasl.kerberos.min.time.before.relogin = 60000
	sasl.kerberos.service.name = null
	sasl.kerberos.ticket.renew.jitter = 0.05
	sasl.kerberos.ticket.renew.window.factor = 0.8
	sasl.login.callback.handler.class = null
	sasl.login.class = null
	sasl.login.connect.timeout.ms = null
	sasl.login.read.timeout.ms = null
	sasl.login.refresh.buffer.seconds = 300
	sasl.login.refresh.min.period.seconds = 60
	sasl.login.refresh.window.factor = 0.8
	sasl.login.refresh.window.jitter = 0.05
	sasl.login.retry.backoff.max.ms = 10000
	sasl.login.retry.backoff.ms = 100
	sasl.mechanism = GSSAPI
	sasl.oauthbearer.clock.skew.seconds = 30
	sasl.oauthbearer.expected.audience = null
	sasl.oauthbearer.expected.issuer = null
	sasl.oauthbearer.header.urlencode = false
	sasl.oauthbearer.jwks.endpoint.refresh.ms = 3600000
	sasl.oauthbearer.jwks.endpoint.retry.backoff.max.ms = 10000
	sasl.oauthbearer.jwks.endpoint.retry.backoff.ms = 100
	sasl.oauthbearer.jwks.endpoint.url = null
	sasl.oauthbearer.scope.claim.name = scope
	sasl.oauthbearer.sub.claim.name = sub
	sasl.oauthbearer.token.endpoint.url = null
	security.protocol = PLAINTEXT
	security.providers = null
	send.buffer.bytes = 131072
	socket.connection.setup.timeout.max.ms = 30000
	socket.connection.setup.timeout.ms = 10000
	ssl.cipher.suites = null
	ssl.enabled.protocols = [TLSv1.2, TLSv1.3]
	ssl.endpoint.identification.algorithm = https
	ssl.engine.factory.class = null
	ssl.key.password = null
	ssl.keymanager.algorithm = SunX509
	ssl.keystore.certificate.chain = null
	ssl.keystore.key = null
	ssl.keystore.location = null
	ssl.keystore.password = null
	ssl.keystore.type = JKS
	ssl.protocol = TLSv1.3
	ssl.provider = null
	ssl.secure.random.implementation = null
	ssl.trustmanager.algorithm = PKIX
	ssl.truststore.certificates = null
	ssl.truststore.location = null
	ssl.truststore.password = null
	ssl.truststore.type = JKS
	transaction.timeout.ms = 60000
	transactional.id = null
	value.serializer = class io.apicurio.registry.serde.avro.AvroKafkaSerializer

2025-08-12 14:56:32,950 INFO  [org.apa.kaf.com.tel.int.KafkaMetricsCollector] (main) initializing Kafka metrics collector
2025-08-12 14:56:32,952 INFO  [org.apa.kaf.cli.pro.KafkaProducer] (main) [Producer clientId=Producer-topic-2f41cb69_4468_4581_9d57_32fd8599c48e] Instantiated an idempotent producer.
2025-08-12 14:56:32,954 INFO  [org.apa.kaf.cli.pro.ProducerConfig] (main) These configurations '[apicurio.registry.url, apicurio.registry.artifact-resolver-strategy]' were supplied but are not used yet.
2025-08-12 14:56:32,954 INFO  [org.apa.kaf.com.uti.AppInfoParser] (main) Kafka version: 3.9.1
2025-08-12 14:56:32,954 INFO  [org.apa.kaf.com.uti.AppInfoParser] (main) Kafka commitId: f745dfdcee2b9851
2025-08-12 14:56:32,954 INFO  [org.apa.kaf.com.uti.AppInfoParser] (main) Kafka startTimeMs: 1755010592954
**** Registry Base URL: http://registry-app-ksql043.apps.ci419.apicurio-testing.org:80
2025-08-12 14:56:32,955 INFO  [org.apa.kaf.cli.con.ConsumerConfig] (main) ConsumerConfig values: 
	allow.auto.create.topics = true
	auto.commit.interval.ms = 500
	auto.include.jmx.reporter = true
	auto.offset.reset = earliest
	bootstrap.servers = [PLAINTEXT://localhost:32769]
	check.crcs = true
	client.dns.lookup = use_all_dns_ips
	client.id = consumer-Consumer-topic-2f41cb69_4468_4581_9d57_32fd8599c48e-9
	client.rack = 
	connections.max.idle.ms = 10000
	default.api.timeout.ms = 60000
	enable.auto.commit = true
	enable.metrics.push = true
	exclude.internal.topics = true
	fetch.max.bytes = 52428800
	fetch.max.wait.ms = 500
	fetch.min.bytes = 1
	group.id = Consumer-topic-2f41cb69_4468_4581_9d57_32fd8599c48e
	group.instance.id = null
	group.protocol = classic
	group.remote.assignor = null
	heartbeat.interval.ms = 3000
	interceptor.classes = []
	internal.leave.group.on.close = true
	internal.throw.on.fetch.stable.offset.unsupported = false
	isolation.level = read_uncommitted
	key.deserializer = class org.apache.kafka.common.serialization.StringDeserializer
	max.partition.fetch.bytes = 1048576
	max.poll.interval.ms = 300000
	max.poll.records = 500
	metadata.max.age.ms = 300000
	metadata.recovery.strategy = none
	metric.reporters = []
	metrics.num.samples = 2
	metrics.recording.level = INFO
	metrics.sample.window.ms = 30000
	partition.assignment.strategy = [class org.apache.kafka.clients.consumer.RangeAssignor, class org.apache.kafka.clients.consumer.CooperativeStickyAssignor]
	receive.buffer.bytes = 65536
	reconnect.backoff.max.ms = 1000
	reconnect.backoff.ms = 50
	request.timeout.ms = 5000
	retry.backoff.max.ms = 1000
	retry.backoff.ms = 100
	sasl.client.callback.handler.class = null
	sasl.jaas.config = null
	sasl.kerberos.kinit.cmd = /usr/bin/kinit
	sasl.kerberos.min.time.before.relogin = 60000
	sasl.kerberos.service.name = null
	sasl.kerberos.ticket.renew.jitter = 0.05
	sasl.kerberos.ticket.renew.window.factor = 0.8
	sasl.login.callback.handler.class = null
	sasl.login.class = null
	sasl.login.connect.timeout.ms = null
	sasl.login.read.timeout.ms = null
	sasl.login.refresh.buffer.seconds = 300
	sasl.login.refresh.min.period.seconds = 60
	sasl.login.refresh.window.factor = 0.8
	sasl.login.refresh.window.jitter = 0.05
	sasl.login.retry.backoff.max.ms = 10000
	sasl.login.retry.backoff.ms = 100
	sasl.mechanism = GSSAPI
	sasl.oauthbearer.clock.skew.seconds = 30
	sasl.oauthbearer.expected.audience = null
	sasl.oauthbearer.expected.issuer = null
	sasl.oauthbearer.header.urlencode = false
	sasl.oauthbearer.jwks.endpoint.refresh.ms = 3600000
	sasl.oauthbearer.jwks.endpoint.retry.backoff.max.ms = 10000
	sasl.oauthbearer.jwks.endpoint.retry.backoff.ms = 100
	sasl.oauthbearer.jwks.endpoint.url = null
	sasl.oauthbearer.scope.claim.name = scope
	sasl.oauthbearer.sub.claim.name = sub
	sasl.oauthbearer.token.endpoint.url = null
	security.protocol = PLAINTEXT
	security.providers = null
	send.buffer.bytes = 131072
	session.timeout.ms = 45000
	socket.connection.setup.timeout.max.ms = 30000
	socket.connection.setup.timeout.ms = 10000
	ssl.cipher.suites = null
	ssl.enabled.protocols = [TLSv1.2, TLSv1.3]
	ssl.endpoint.identification.algorithm = https
	ssl.engine.factory.class = null
	ssl.key.password = null
	ssl.keymanager.algorithm = SunX509
	ssl.keystore.certificate.chain = null
	ssl.keystore.key = null
	ssl.keystore.location = null
	ssl.keystore.password = null
	ssl.keystore.type = JKS
	ssl.protocol = TLSv1.3
	ssl.provider = null
	ssl.secure.random.implementation = null
	ssl.trustmanager.algorithm = PKIX
	ssl.truststore.certificates = null
	ssl.truststore.location = null
	ssl.truststore.password = null
	ssl.truststore.type = JKS
	value.deserializer = class io.apicurio.registry.serde.avro.AvroKafkaDeserializer

2025-08-12 14:56:32,955 INFO  [org.apa.kaf.com.tel.int.KafkaMetricsCollector] (main) initializing Kafka metrics collector
2025-08-12 14:56:32,963 INFO  [org.apa.kaf.cli.Metadata] (kafka-producer-network-thread | Producer-topic-2f41cb69_4468_4581_9d57_32fd8599c48e) [Producer clientId=Producer-topic-2f41cb69_4468_4581_9d57_32fd8599c48e] Cluster ID: 0yZUVcJRR-Oeoz-b4JS1zQ
2025-08-12 14:56:32,966 INFO  [org.apa.kaf.cli.pro.int.TransactionManager] (kafka-producer-network-thread | Producer-topic-2f41cb69_4468_4581_9d57_32fd8599c48e) [Producer clientId=Producer-topic-2f41cb69_4468_4581_9d57_32fd8599c48e] ProducerId set to 11 with epoch 0
2025-08-12 14:56:32,966 INFO  [org.apa.kaf.cli.con.ConsumerConfig] (main) These configurations '[apicurio.registry.url]' were supplied but are not used yet.
2025-08-12 14:56:32,966 INFO  [org.apa.kaf.com.uti.AppInfoParser] (main) Kafka version: 3.9.1
2025-08-12 14:56:32,966 INFO  [org.apa.kaf.com.uti.AppInfoParser] (main) Kafka commitId: f745dfdcee2b9851
2025-08-12 14:56:32,966 INFO  [org.apa.kaf.com.uti.AppInfoParser] (main) Kafka startTimeMs: 1755010592966
2025-08-12 14:56:32,969 INFO  [io.api.tes.ser.api.KafkaSerdesTester] (Thread-659) Sending message {"key11755010591832": "value-0"} to topic topic-2f41cb69_4468_4581_9d57_32fd8599c48e
2025-08-12 14:56:32,988 INFO  [DefaultSchemaResolver] (Thread-659) Retrieving schema content using string: {"type":"record","name":"sd7423b25x8175x4934x9bc0xf18dc3b905e1","namespace":"ns_c44dbff5_1cca_4c23_ab34_b8b881c563ac","fields":[{"name":"key11755010591832","type":"string"}]}
2025-08-12 14:56:33,072 INFO  [io.api.tes.ser.api.KafkaSerdesTester] (Thread-659) Sending message {"key11755010591832": "value-1"} to topic topic-2f41cb69_4468_4581_9d57_32fd8599c48e
2025-08-12 14:56:33,073 INFO  [io.api.tes.ser.api.KafkaSerdesTester] (Thread-659) Sending message {"key11755010591832": "value-2"} to topic topic-2f41cb69_4468_4581_9d57_32fd8599c48e
2025-08-12 14:56:33,075 INFO  [io.api.tes.ser.api.KafkaSerdesTester] (Thread-659) Sending message {"key11755010591832": "value-3"} to topic topic-2f41cb69_4468_4581_9d57_32fd8599c48e
2025-08-12 14:56:33,077 INFO  [io.api.tes.ser.api.KafkaSerdesTester] (Thread-659) Sending message {"key11755010591832": "value-4"} to topic topic-2f41cb69_4468_4581_9d57_32fd8599c48e
2025-08-12 14:56:33,079 INFO  [io.api.tes.ser.api.KafkaSerdesTester] (Thread-659) Sending message {"key11755010591832": "value-5"} to topic topic-2f41cb69_4468_4581_9d57_32fd8599c48e
2025-08-12 14:56:33,081 INFO  [io.api.tes.ser.api.KafkaSerdesTester] (Thread-659) Sending message {"key11755010591832": "value-6"} to topic topic-2f41cb69_4468_4581_9d57_32fd8599c48e
2025-08-12 14:56:33,082 INFO  [io.api.tes.ser.api.KafkaSerdesTester] (Thread-659) Sending message {"key11755010591832": "value-7"} to topic topic-2f41cb69_4468_4581_9d57_32fd8599c48e
2025-08-12 14:56:33,085 INFO  [io.api.tes.ser.api.KafkaSerdesTester] (Thread-659) Sending message {"key11755010591832": "value-8"} to topic topic-2f41cb69_4468_4581_9d57_32fd8599c48e
2025-08-12 14:56:33,087 INFO  [io.api.tes.ser.api.KafkaSerdesTester] (Thread-659) Sending message {"key11755010591832": "value-9"} to topic topic-2f41cb69_4468_4581_9d57_32fd8599c48e
2025-08-12 14:56:33,088 INFO  [io.api.tes.ser.api.KafkaSerdesTester] (Thread-659) Produced 10 messages
2025-08-12 14:56:33,089 INFO  [org.apa.kaf.cli.con.int.ClassicKafkaConsumer] (Thread-660) [Consumer clientId=consumer-Consumer-topic-2f41cb69_4468_4581_9d57_32fd8599c48e-9, groupId=Consumer-topic-2f41cb69_4468_4581_9d57_32fd8599c48e] Subscribed to topic(s): topic-2f41cb69_4468_4581_9d57_32fd8599c48e
2025-08-12 14:56:33,092 INFO  [org.apa.kaf.cli.Metadata] (Thread-660) [Consumer clientId=consumer-Consumer-topic-2f41cb69_4468_4581_9d57_32fd8599c48e-9, groupId=Consumer-topic-2f41cb69_4468_4581_9d57_32fd8599c48e] Cluster ID: 0yZUVcJRR-Oeoz-b4JS1zQ
2025-08-12 14:56:33,093 INFO  [org.apa.kaf.cli.con.int.ConsumerCoordinator] (Thread-660) [Consumer clientId=consumer-Consumer-topic-2f41cb69_4468_4581_9d57_32fd8599c48e-9, groupId=Consumer-topic-2f41cb69_4468_4581_9d57_32fd8599c48e] Discovered group coordinator localhost:32769 (id: 2147483647 rack: null)
2025-08-12 14:56:33,094 INFO  [org.apa.kaf.cli.con.int.ConsumerCoordinator] (Thread-660) [Consumer clientId=consumer-Consumer-topic-2f41cb69_4468_4581_9d57_32fd8599c48e-9, groupId=Consumer-topic-2f41cb69_4468_4581_9d57_32fd8599c48e] (Re-)joining group
2025-08-12 14:56:33,096 INFO  [org.apa.kaf.cli.con.int.ConsumerCoordinator] (Thread-660) [Consumer clientId=consumer-Consumer-topic-2f41cb69_4468_4581_9d57_32fd8599c48e-9, groupId=Consumer-topic-2f41cb69_4468_4581_9d57_32fd8599c48e] Request joining group due to: need to re-join with the given member-id: consumer-Consumer-topic-2f41cb69_4468_4581_9d57_32fd8599c48e-9-194b6ce3-21c0-4545-bf6f-d910a99e166f
2025-08-12 14:56:33,096 INFO  [org.apa.kaf.cli.con.int.ConsumerCoordinator] (Thread-660) [Consumer clientId=consumer-Consumer-topic-2f41cb69_4468_4581_9d57_32fd8599c48e-9, groupId=Consumer-topic-2f41cb69_4468_4581_9d57_32fd8599c48e] (Re-)joining group
2025-08-12 14:56:34,090 INFO  [io.api.tes.ser.api.KafkaSerdesTester] (Thread-660) None found
2025-08-12 14:56:35,090 INFO  [io.api.tes.ser.api.KafkaSerdesTester] (Thread-660) None found
2025-08-12 14:56:36,090 INFO  [io.api.tes.ser.api.KafkaSerdesTester] (Thread-660) None found
2025-08-12 14:56:36,098 INFO  [org.apa.kaf.cli.con.int.ConsumerCoordinator] (Thread-660) [Consumer clientId=consumer-Consumer-topic-2f41cb69_4468_4581_9d57_32fd8599c48e-9, groupId=Consumer-topic-2f41cb69_4468_4581_9d57_32fd8599c48e] Successfully joined group with generation Generation{generationId=1, memberId='consumer-Consumer-topic-2f41cb69_4468_4581_9d57_32fd8599c48e-9-194b6ce3-21c0-4545-bf6f-d910a99e166f', protocol='range'}
2025-08-12 14:56:36,098 INFO  [org.apa.kaf.cli.con.int.ConsumerCoordinator] (Thread-660) [Consumer clientId=consumer-Consumer-topic-2f41cb69_4468_4581_9d57_32fd8599c48e-9, groupId=Consumer-topic-2f41cb69_4468_4581_9d57_32fd8599c48e] Finished assignment for group at generation 1: {consumer-Consumer-topic-2f41cb69_4468_4581_9d57_32fd8599c48e-9-194b6ce3-21c0-4545-bf6f-d910a99e166f=Assignment(partitions=[topic-2f41cb69_4468_4581_9d57_32fd8599c48e-0])}
2025-08-12 14:56:36,105 INFO  [org.apa.kaf.cli.con.int.ConsumerCoordinator] (Thread-660) [Consumer clientId=consumer-Consumer-topic-2f41cb69_4468_4581_9d57_32fd8599c48e-9, groupId=Consumer-topic-2f41cb69_4468_4581_9d57_32fd8599c48e] Successfully synced group in generation Generation{generationId=1, memberId='consumer-Consumer-topic-2f41cb69_4468_4581_9d57_32fd8599c48e-9-194b6ce3-21c0-4545-bf6f-d910a99e166f', protocol='range'}
2025-08-12 14:56:36,105 INFO  [org.apa.kaf.cli.con.int.ConsumerCoordinator] (Thread-660) [Consumer clientId=consumer-Consumer-topic-2f41cb69_4468_4581_9d57_32fd8599c48e-9, groupId=Consumer-topic-2f41cb69_4468_4581_9d57_32fd8599c48e] Notifying assignor about the new Assignment(partitions=[topic-2f41cb69_4468_4581_9d57_32fd8599c48e-0])
2025-08-12 14:56:36,105 INFO  [org.apa.kaf.cli.con.int.ConsumerRebalanceListenerInvoker] (Thread-660) [Consumer clientId=consumer-Consumer-topic-2f41cb69_4468_4581_9d57_32fd8599c48e-9, groupId=Consumer-topic-2f41cb69_4468_4581_9d57_32fd8599c48e] Adding newly assigned partitions: topic-2f41cb69_4468_4581_9d57_32fd8599c48e-0
2025-08-12 14:56:36,106 INFO  [org.apa.kaf.cli.con.int.ConsumerCoordinator] (Thread-660) [Consumer clientId=consumer-Consumer-topic-2f41cb69_4468_4581_9d57_32fd8599c48e-9, groupId=Consumer-topic-2f41cb69_4468_4581_9d57_32fd8599c48e] Found no committed offset for partition topic-2f41cb69_4468_4581_9d57_32fd8599c48e-0
2025-08-12 14:56:36,110 INFO  [org.apa.kaf.cli.con.int.SubscriptionState] (Thread-660) [Consumer clientId=consumer-Consumer-topic-2f41cb69_4468_4581_9d57_32fd8599c48e-9, groupId=Consumer-topic-2f41cb69_4468_4581_9d57_32fd8599c48e] Resetting offset for partition topic-2f41cb69_4468_4581_9d57_32fd8599c48e-0 to position FetchPosition{offset=0, offsetEpoch=Optional.empty, currentLeader=LeaderAndEpoch{leader=Optional[localhost:32769 (id: 0 rack: null)], epoch=0}}.
2025-08-12 14:56:36,232 INFO  [io.api.tes.ser.api.KafkaSerdesTester] (Thread-660) topic-2f41cb69_4468_4581_9d57_32fd8599c48e 0 0 {"key11755010591832": "value-0"}
2025-08-12 14:56:36,232 INFO  [io.api.tes.ser.api.KafkaSerdesTester] (Thread-660) topic-2f41cb69_4468_4581_9d57_32fd8599c48e 0 1 {"key11755010591832": "value-1"}
2025-08-12 14:56:36,232 INFO  [io.api.tes.ser.api.KafkaSerdesTester] (Thread-660) topic-2f41cb69_4468_4581_9d57_32fd8599c48e 0 2 {"key11755010591832": "value-2"}
2025-08-12 14:56:36,232 INFO  [io.api.tes.ser.api.KafkaSerdesTester] (Thread-660) topic-2f41cb69_4468_4581_9d57_32fd8599c48e 0 3 {"key11755010591832": "value-3"}
2025-08-12 14:56:36,232 INFO  [io.api.tes.ser.api.KafkaSerdesTester] (Thread-660) topic-2f41cb69_4468_4581_9d57_32fd8599c48e 0 4 {"key11755010591832": "value-4"}
2025-08-12 14:56:36,232 INFO  [io.api.tes.ser.api.KafkaSerdesTester] (Thread-660) topic-2f41cb69_4468_4581_9d57_32fd8599c48e 0 5 {"key11755010591832": "value-5"}
2025-08-12 14:56:36,232 INFO  [io.api.tes.ser.api.KafkaSerdesTester] (Thread-660) topic-2f41cb69_4468_4581_9d57_32fd8599c48e 0 6 {"key11755010591832": "value-6"}
2025-08-12 14:56:36,232 INFO  [io.api.tes.ser.api.KafkaSerdesTester] (Thread-660) topic-2f41cb69_4468_4581_9d57_32fd8599c48e 0 7 {"key11755010591832": "value-7"}
2025-08-12 14:56:36,232 INFO  [io.api.tes.ser.api.KafkaSerdesTester] (Thread-660) topic-2f41cb69_4468_4581_9d57_32fd8599c48e 0 8 {"key11755010591832": "value-8"}
2025-08-12 14:56:36,232 INFO  [io.api.tes.ser.api.KafkaSerdesTester] (Thread-660) topic-2f41cb69_4468_4581_9d57_32fd8599c48e 0 9 {"key11755010591832": "value-9"}
2025-08-12 14:56:36,232 INFO  [io.api.tes.ser.api.KafkaSerdesTester] (Thread-660) Consumed 10 messages
2025-08-12 14:56:36,233 INFO  [io.api.tes.ser.api.AvroSerdeIT] (main) Registering Avro Schema 2: {"type":"record","name":"sd7423b25x8175x4934x9bc0xf18dc3b905e1","namespace":"ns_c44dbff5_1cca_4c23_ab34_b8b881c563ac","fields":[{"name":"key11755010591832","type":"string"},{"name":"key21755010596233","type":"string"}]}
2025-08-12 14:56:37,341 INFO  [io.api.tes.ser.api.KafkaSerdesTester] (Thread-661) Sending message {"key11755010591832": "value-0", "key21755010596233": "value-0"} to topic topic-2f41cb69_4468_4581_9d57_32fd8599c48e
2025-08-12 14:56:37,341 INFO  [DefaultSchemaResolver] (Thread-661) Retrieving schema content using string: {"type":"record","name":"sd7423b25x8175x4934x9bc0xf18dc3b905e1","namespace":"ns_c44dbff5_1cca_4c23_ab34_b8b881c563ac","fields":[{"name":"key11755010591832","type":"string"},{"name":"key21755010596233","type":"string"}]}
2025-08-12 14:56:37,395 INFO  [io.api.tes.ser.api.KafkaSerdesTester] (Thread-661) Sending message {"key11755010591832": "value-1", "key21755010596233": "value-1"} to topic topic-2f41cb69_4468_4581_9d57_32fd8599c48e
2025-08-12 14:56:37,397 INFO  [io.api.tes.ser.api.KafkaSerdesTester] (Thread-661) Sending message {"key11755010591832": "value-2", "key21755010596233": "value-2"} to topic topic-2f41cb69_4468_4581_9d57_32fd8599c48e
2025-08-12 14:56:37,400 INFO  [io.api.tes.ser.api.KafkaSerdesTester] (Thread-661) Sending message {"key11755010591832": "value-3", "key21755010596233": "value-3"} to topic topic-2f41cb69_4468_4581_9d57_32fd8599c48e
2025-08-12 14:56:37,402 INFO  [io.api.tes.ser.api.KafkaSerdesTester] (Thread-661) Sending message {"key11755010591832": "value-4", "key21755010596233": "value-4"} to topic topic-2f41cb69_4468_4581_9d57_32fd8599c48e
2025-08-12 14:56:37,404 INFO  [io.api.tes.ser.api.KafkaSerdesTester] (Thread-661) Sending message {"key11755010591832": "value-5", "key21755010596233": "value-5"} to topic topic-2f41cb69_4468_4581_9d57_32fd8599c48e
2025-08-12 14:56:37,407 INFO  [io.api.tes.ser.api.KafkaSerdesTester] (Thread-661) Sending message {"key11755010591832": "value-6", "key21755010596233": "value-6"} to topic topic-2f41cb69_4468_4581_9d57_32fd8599c48e
2025-08-12 14:56:37,410 INFO  [io.api.tes.ser.api.KafkaSerdesTester] (Thread-661) Sending message {"key11755010591832": "value-7", "key21755010596233": "value-7"} to topic topic-2f41cb69_4468_4581_9d57_32fd8599c48e
2025-08-12 14:56:37,414 INFO  [io.api.tes.ser.api.KafkaSerdesTester] (Thread-661) Sending message {"key11755010591832": "value-8", "key21755010596233": "value-8"} to topic topic-2f41cb69_4468_4581_9d57_32fd8599c48e
2025-08-12 14:56:37,416 INFO  [io.api.tes.ser.api.KafkaSerdesTester] (Thread-661) Sending message {"key11755010591832": "value-9", "key21755010596233": "value-9"} to topic topic-2f41cb69_4468_4581_9d57_32fd8599c48e
2025-08-12 14:56:37,418 INFO  [io.api.tes.ser.api.KafkaSerdesTester] (Thread-661) Produced 10 messages
2025-08-12 14:56:37,418 INFO  [io.api.tes.ser.api.KafkaSerdesTester] (Thread-662) Sending message {"key11755010591832": "value-0"} to topic topic-2f41cb69_4468_4581_9d57_32fd8599c48e
2025-08-12 14:56:37,420 INFO  [io.api.tes.ser.api.KafkaSerdesTester] (Thread-662) Sending message {"key11755010591832": "value-1"} to topic topic-2f41cb69_4468_4581_9d57_32fd8599c48e
2025-08-12 14:56:37,421 INFO  [io.api.tes.ser.api.KafkaSerdesTester] (Thread-662) Sending message {"key11755010591832": "value-2"} to topic topic-2f41cb69_4468_4581_9d57_32fd8599c48e
2025-08-12 14:56:37,423 INFO  [io.api.tes.ser.api.KafkaSerdesTester] (Thread-662) Sending message {"key11755010591832": "value-3"} to topic topic-2f41cb69_4468_4581_9d57_32fd8599c48e
2025-08-12 14:56:37,425 INFO  [io.api.tes.ser.api.KafkaSerdesTester] (Thread-662) Sending message {"key11755010591832": "value-4"} to topic topic-2f41cb69_4468_4581_9d57_32fd8599c48e
2025-08-12 14:56:37,426 INFO  [io.api.tes.ser.api.KafkaSerdesTester] (Thread-662) Sending message {"key11755010591832": "value-5"} to topic topic-2f41cb69_4468_4581_9d57_32fd8599c48e
2025-08-12 14:56:37,427 INFO  [io.api.tes.ser.api.KafkaSerdesTester] (Thread-662) Sending message {"key11755010591832": "value-6"} to topic topic-2f41cb69_4468_4581_9d57_32fd8599c48e
2025-08-12 14:56:37,429 INFO  [io.api.tes.ser.api.KafkaSerdesTester] (Thread-662) Sending message {"key11755010591832": "value-7"} to topic topic-2f41cb69_4468_4581_9d57_32fd8599c48e
2025-08-12 14:56:37,430 INFO  [io.api.tes.ser.api.KafkaSerdesTester] (Thread-662) Sending message {"key11755010591832": "value-8"} to topic topic-2f41cb69_4468_4581_9d57_32fd8599c48e
2025-08-12 14:56:37,437 INFO  [io.api.tes.ser.api.KafkaSerdesTester] (Thread-662) Sending message {"key11755010591832": "value-9"} to topic topic-2f41cb69_4468_4581_9d57_32fd8599c48e
2025-08-12 14:56:37,439 INFO  [io.api.tes.ser.api.KafkaSerdesTester] (Thread-662) Produced 10 messages
2025-08-12 14:56:37,440 INFO  [org.apa.kaf.cli.con.int.ClassicKafkaConsumer] (Thread-663) [Consumer clientId=consumer-Consumer-topic-2f41cb69_4468_4581_9d57_32fd8599c48e-9, groupId=Consumer-topic-2f41cb69_4468_4581_9d57_32fd8599c48e] Subscribed to topic(s): topic-2f41cb69_4468_4581_9d57_32fd8599c48e
2025-08-12 14:56:37,527 INFO  [io.api.tes.ser.api.KafkaSerdesTester] (Thread-663) topic-2f41cb69_4468_4581_9d57_32fd8599c48e 0 10 {"key11755010591832": "value-0", "key21755010596233": "value-0"}
2025-08-12 14:56:37,528 INFO  [io.api.tes.ser.api.KafkaSerdesTester] (Thread-663) topic-2f41cb69_4468_4581_9d57_32fd8599c48e 0 11 {"key11755010591832": "value-1", "key21755010596233": "value-1"}
2025-08-12 14:56:37,528 INFO  [io.api.tes.ser.api.KafkaSerdesTester] (Thread-663) topic-2f41cb69_4468_4581_9d57_32fd8599c48e 0 12 {"key11755010591832": "value-2", "key21755010596233": "value-2"}
2025-08-12 14:56:37,528 INFO  [io.api.tes.ser.api.KafkaSerdesTester] (Thread-663) topic-2f41cb69_4468_4581_9d57_32fd8599c48e 0 13 {"key11755010591832": "value-3", "key21755010596233": "value-3"}
2025-08-12 14:56:37,528 INFO  [io.api.tes.ser.api.KafkaSerdesTester] (Thread-663) topic-2f41cb69_4468_4581_9d57_32fd8599c48e 0 14 {"key11755010591832": "value-4", "key21755010596233": "value-4"}
2025-08-12 14:56:37,528 INFO  [io.api.tes.ser.api.KafkaSerdesTester] (Thread-663) topic-2f41cb69_4468_4581_9d57_32fd8599c48e 0 15 {"key11755010591832": "value-5", "key21755010596233": "value-5"}
2025-08-12 14:56:37,528 INFO  [io.api.tes.ser.api.KafkaSerdesTester] (Thread-663) topic-2f41cb69_4468_4581_9d57_32fd8599c48e 0 16 {"key11755010591832": "value-6", "key21755010596233": "value-6"}
2025-08-12 14:56:37,529 INFO  [io.api.tes.ser.api.KafkaSerdesTester] (Thread-663) topic-2f41cb69_4468_4581_9d57_32fd8599c48e 0 17 {"key11755010591832": "value-7", "key21755010596233": "value-7"}
2025-08-12 14:56:37,529 INFO  [io.api.tes.ser.api.KafkaSerdesTester] (Thread-663) topic-2f41cb69_4468_4581_9d57_32fd8599c48e 0 18 {"key11755010591832": "value-8", "key21755010596233": "value-8"}
2025-08-12 14:56:37,529 INFO  [io.api.tes.ser.api.KafkaSerdesTester] (Thread-663) topic-2f41cb69_4468_4581_9d57_32fd8599c48e 0 19 {"key11755010591832": "value-9", "key21755010596233": "value-9"}
2025-08-12 14:56:37,529 INFO  [io.api.tes.ser.api.KafkaSerdesTester] (Thread-663) topic-2f41cb69_4468_4581_9d57_32fd8599c48e 0 20 {"key11755010591832": "value-0"}
2025-08-12 14:56:37,529 INFO  [io.api.tes.ser.api.KafkaSerdesTester] (Thread-663) topic-2f41cb69_4468_4581_9d57_32fd8599c48e 0 21 {"key11755010591832": "value-1"}
2025-08-12 14:56:37,529 INFO  [io.api.tes.ser.api.KafkaSerdesTester] (Thread-663) topic-2f41cb69_4468_4581_9d57_32fd8599c48e 0 22 {"key11755010591832": "value-2"}
2025-08-12 14:56:37,529 INFO  [io.api.tes.ser.api.KafkaSerdesTester] (Thread-663) topic-2f41cb69_4468_4581_9d57_32fd8599c48e 0 23 {"key11755010591832": "value-3"}
2025-08-12 14:56:37,529 INFO  [io.api.tes.ser.api.KafkaSerdesTester] (Thread-663) topic-2f41cb69_4468_4581_9d57_32fd8599c48e 0 24 {"key11755010591832": "value-4"}
2025-08-12 14:56:37,529 INFO  [io.api.tes.ser.api.KafkaSerdesTester] (Thread-663) topic-2f41cb69_4468_4581_9d57_32fd8599c48e 0 25 {"key11755010591832": "value-5"}
2025-08-12 14:56:37,529 INFO  [io.api.tes.ser.api.KafkaSerdesTester] (Thread-663) topic-2f41cb69_4468_4581_9d57_32fd8599c48e 0 26 {"key11755010591832": "value-6"}
2025-08-12 14:56:37,529 INFO  [io.api.tes.ser.api.KafkaSerdesTester] (Thread-663) topic-2f41cb69_4468_4581_9d57_32fd8599c48e 0 27 {"key11755010591832": "value-7"}
2025-08-12 14:56:37,529 INFO  [io.api.tes.ser.api.KafkaSerdesTester] (Thread-663) topic-2f41cb69_4468_4581_9d57_32fd8599c48e 0 28 {"key11755010591832": "value-8"}
2025-08-12 14:56:37,529 INFO  [io.api.tes.ser.api.KafkaSerdesTester] (Thread-663) topic-2f41cb69_4468_4581_9d57_32fd8599c48e 0 29 {"key11755010591832": "value-9"}
2025-08-12 14:56:37,529 INFO  [io.api.tes.ser.api.KafkaSerdesTester] (Thread-663) Consumed 20 messages
2025-08-12 14:56:37,530 INFO  [io.api.tes.ser.api.AvroSerdeIT] (main) Registering Avro Schema 3: {"type":"record","name":"sd7423b25x8175x4934x9bc0xf18dc3b905e1","namespace":"ns_c44dbff5_1cca_4c23_ab34_b8b881c563ac","fields":[{"name":"key11755010591832","type":"string"},{"name":"key21755010596233","type":"string"},{"name":"key31755010597529","type":"string"}]}
2025-08-12 14:56:38,636 INFO  [io.api.tes.ser.api.KafkaSerdesTester] (Thread-664) Sending message {"key11755010591832": "value-0", "key21755010596233": "value-0", "key31755010597529": "value-0"} to topic topic-2f41cb69_4468_4581_9d57_32fd8599c48e
2025-08-12 14:56:38,636 INFO  [DefaultSchemaResolver] (Thread-664) Retrieving schema content using string: {"type":"record","name":"sd7423b25x8175x4934x9bc0xf18dc3b905e1","namespace":"ns_c44dbff5_1cca_4c23_ab34_b8b881c563ac","fields":[{"name":"key11755010591832","type":"string"},{"name":"key21755010596233","type":"string"},{"name":"key31755010597529","type":"string"}]}
2025-08-12 14:56:38,682 INFO  [io.api.tes.ser.api.KafkaSerdesTester] (Thread-664) Sending message {"key11755010591832": "value-1", "key21755010596233": "value-1", "key31755010597529": "value-1"} to topic topic-2f41cb69_4468_4581_9d57_32fd8599c48e
2025-08-12 14:56:38,684 INFO  [io.api.tes.ser.api.KafkaSerdesTester] (Thread-664) Sending message {"key11755010591832": "value-2", "key21755010596233": "value-2", "key31755010597529": "value-2"} to topic topic-2f41cb69_4468_4581_9d57_32fd8599c48e
2025-08-12 14:56:38,686 INFO  [io.api.tes.ser.api.KafkaSerdesTester] (Thread-664) Sending message {"key11755010591832": "value-3", "key21755010596233": "value-3", "key31755010597529": "value-3"} to topic topic-2f41cb69_4468_4581_9d57_32fd8599c48e
2025-08-12 14:56:38,693 INFO  [io.api.tes.ser.api.KafkaSerdesTester] (Thread-664) Sending message {"key11755010591832": "value-4", "key21755010596233": "value-4", "key31755010597529": "value-4"} to topic topic-2f41cb69_4468_4581_9d57_32fd8599c48e
2025-08-12 14:56:38,696 INFO  [io.api.tes.ser.api.KafkaSerdesTester] (Thread-664) Sending message {"key11755010591832": "value-5", "key21755010596233": "value-5", "key31755010597529": "value-5"} to topic topic-2f41cb69_4468_4581_9d57_32fd8599c48e
2025-08-12 14:56:38,697 INFO  [io.api.tes.ser.api.KafkaSerdesTester] (Thread-664) Sending message {"key11755010591832": "value-6", "key21755010596233": "value-6", "key31755010597529": "value-6"} to topic topic-2f41cb69_4468_4581_9d57_32fd8599c48e
2025-08-12 14:56:38,700 INFO  [io.api.tes.ser.api.KafkaSerdesTester] (Thread-664) Sending message {"key11755010591832": "value-7", "key21755010596233": "value-7", "key31755010597529": "value-7"} to topic topic-2f41cb69_4468_4581_9d57_32fd8599c48e
2025-08-12 14:56:38,701 INFO  [io.api.tes.ser.api.KafkaSerdesTester] (Thread-664) Sending message {"key11755010591832": "value-8", "key21755010596233": "value-8", "key31755010597529": "value-8"} to topic topic-2f41cb69_4468_4581_9d57_32fd8599c48e
2025-08-12 14:56:38,703 INFO  [io.api.tes.ser.api.KafkaSerdesTester] (Thread-664) Sending message {"key11755010591832": "value-9", "key21755010596233": "value-9", "key31755010597529": "value-9"} to topic topic-2f41cb69_4468_4581_9d57_32fd8599c48e
2025-08-12 14:56:38,704 INFO  [io.api.tes.ser.api.KafkaSerdesTester] (Thread-664) Produced 10 messages
2025-08-12 14:56:38,704 INFO  [io.api.tes.ser.api.KafkaSerdesTester] (Thread-665) Sending message {"key11755010591832": "value-0", "key21755010596233": "value-0"} to topic topic-2f41cb69_4468_4581_9d57_32fd8599c48e
2025-08-12 14:56:38,707 INFO  [io.api.tes.ser.api.KafkaSerdesTester] (Thread-665) Sending message {"key11755010591832": "value-1", "key21755010596233": "value-1"} to topic topic-2f41cb69_4468_4581_9d57_32fd8599c48e
2025-08-12 14:56:38,708 INFO  [io.api.tes.ser.api.KafkaSerdesTester] (Thread-665) Sending message {"key11755010591832": "value-2", "key21755010596233": "value-2"} to topic topic-2f41cb69_4468_4581_9d57_32fd8599c48e
2025-08-12 14:56:38,709 INFO  [io.api.tes.ser.api.KafkaSerdesTester] (Thread-665) Sending message {"key11755010591832": "value-3", "key21755010596233": "value-3"} to topic topic-2f41cb69_4468_4581_9d57_32fd8599c48e
2025-08-12 14:56:38,711 INFO  [io.api.tes.ser.api.KafkaSerdesTester] (Thread-665) Sending message {"key11755010591832": "value-4", "key21755010596233": "value-4"} to topic topic-2f41cb69_4468_4581_9d57_32fd8599c48e
2025-08-12 14:56:38,712 INFO  [io.api.tes.ser.api.KafkaSerdesTester] (Thread-665) Sending message {"key11755010591832": "value-5", "key21755010596233": "value-5"} to topic topic-2f41cb69_4468_4581_9d57_32fd8599c48e
2025-08-12 14:56:38,714 INFO  [io.api.tes.ser.api.KafkaSerdesTester] (Thread-665) Sending message {"key11755010591832": "value-6", "key21755010596233": "value-6"} to topic topic-2f41cb69_4468_4581_9d57_32fd8599c48e
2025-08-12 14:56:38,715 INFO  [io.api.tes.ser.api.KafkaSerdesTester] (Thread-665) Sending message {"key11755010591832": "value-7", "key21755010596233": "value-7"} to topic topic-2f41cb69_4468_4581_9d57_32fd8599c48e
2025-08-12 14:56:38,720 INFO  [io.api.tes.ser.api.KafkaSerdesTester] (Thread-665) Sending message {"key11755010591832": "value-8", "key21755010596233": "value-8"} to topic topic-2f41cb69_4468_4581_9d57_32fd8599c48e
2025-08-12 14:56:38,721 INFO  [io.api.tes.ser.api.KafkaSerdesTester] (Thread-665) Sending message {"key11755010591832": "value-9", "key21755010596233": "value-9"} to topic topic-2f41cb69_4468_4581_9d57_32fd8599c48e
2025-08-12 14:56:38,723 INFO  [io.api.tes.ser.api.KafkaSerdesTester] (Thread-665) Produced 10 messages
2025-08-12 14:56:38,724 INFO  [io.api.tes.ser.api.KafkaSerdesTester] (Thread-666) Sending message {"key11755010591832": "value-0"} to topic topic-2f41cb69_4468_4581_9d57_32fd8599c48e
2025-08-12 14:56:38,725 INFO  [io.api.tes.ser.api.KafkaSerdesTester] (Thread-666) Sending message {"key11755010591832": "value-1"} to topic topic-2f41cb69_4468_4581_9d57_32fd8599c48e
2025-08-12 14:56:38,727 INFO  [io.api.tes.ser.api.KafkaSerdesTester] (Thread-666) Sending message {"key11755010591832": "value-2"} to topic topic-2f41cb69_4468_4581_9d57_32fd8599c48e
2025-08-12 14:56:38,728 INFO  [io.api.tes.ser.api.KafkaSerdesTester] (Thread-666) Sending message {"key11755010591832": "value-3"} to topic topic-2f41cb69_4468_4581_9d57_32fd8599c48e
2025-08-12 14:56:38,730 INFO  [io.api.tes.ser.api.KafkaSerdesTester] (Thread-666) Sending message {"key11755010591832": "value-4"} to topic topic-2f41cb69_4468_4581_9d57_32fd8599c48e
2025-08-12 14:56:38,731 INFO  [io.api.tes.ser.api.KafkaSerdesTester] (Thread-666) Sending message {"key11755010591832": "value-5"} to topic topic-2f41cb69_4468_4581_9d57_32fd8599c48e
2025-08-12 14:56:38,732 INFO  [io.api.tes.ser.api.KafkaSerdesTester] (Thread-666) Sending message {"key11755010591832": "value-6"} to topic topic-2f41cb69_4468_4581_9d57_32fd8599c48e
2025-08-12 14:56:38,734 INFO  [io.api.tes.ser.api.KafkaSerdesTester] (Thread-666) Sending message {"key11755010591832": "value-7"} to topic topic-2f41cb69_4468_4581_9d57_32fd8599c48e
2025-08-12 14:56:38,735 INFO  [io.api.tes.ser.api.KafkaSerdesTester] (Thread-666) Sending message {"key11755010591832": "value-8"} to topic topic-2f41cb69_4468_4581_9d57_32fd8599c48e
2025-08-12 14:56:38,738 INFO  [io.api.tes.ser.api.KafkaSerdesTester] (Thread-666) Sending message {"key11755010591832": "value-9"} to topic topic-2f41cb69_4468_4581_9d57_32fd8599c48e
2025-08-12 14:56:38,740 INFO  [io.api.tes.ser.api.KafkaSerdesTester] (Thread-666) Produced 10 messages
2025-08-12 14:56:38,742 INFO  [org.apa.kaf.cli.con.int.ClassicKafkaConsumer] (Thread-667) [Consumer clientId=consumer-Consumer-topic-2f41cb69_4468_4581_9d57_32fd8599c48e-9, groupId=Consumer-topic-2f41cb69_4468_4581_9d57_32fd8599c48e] Subscribed to topic(s): topic-2f41cb69_4468_4581_9d57_32fd8599c48e
2025-08-12 14:56:38,827 INFO  [io.api.tes.ser.api.KafkaSerdesTester] (Thread-667) topic-2f41cb69_4468_4581_9d57_32fd8599c48e 0 30 {"key11755010591832": "value-0", "key21755010596233": "value-0", "key31755010597529": "value-0"}
2025-08-12 14:56:38,827 INFO  [io.api.tes.ser.api.KafkaSerdesTester] (Thread-667) topic-2f41cb69_4468_4581_9d57_32fd8599c48e 0 31 {"key11755010591832": "value-1", "key21755010596233": "value-1", "key31755010597529": "value-1"}
2025-08-12 14:56:38,828 INFO  [io.api.tes.ser.api.KafkaSerdesTester] (Thread-667) topic-2f41cb69_4468_4581_9d57_32fd8599c48e 0 32 {"key11755010591832": "value-2", "key21755010596233": "value-2", "key31755010597529": "value-2"}
2025-08-12 14:56:38,828 INFO  [io.api.tes.ser.api.KafkaSerdesTester] (Thread-667) topic-2f41cb69_4468_4581_9d57_32fd8599c48e 0 33 {"key11755010591832": "value-3", "key21755010596233": "value-3", "key31755010597529": "value-3"}
2025-08-12 14:56:38,828 INFO  [io.api.tes.ser.api.KafkaSerdesTester] (Thread-667) topic-2f41cb69_4468_4581_9d57_32fd8599c48e 0 34 {"key11755010591832": "value-4", "key21755010596233": "value-4", "key31755010597529": "value-4"}
2025-08-12 14:56:38,828 INFO  [io.api.tes.ser.api.KafkaSerdesTester] (Thread-667) topic-2f41cb69_4468_4581_9d57_32fd8599c48e 0 35 {"key11755010591832": "value-5", "key21755010596233": "value-5", "key31755010597529": "value-5"}
2025-08-12 14:56:38,828 INFO  [io.api.tes.ser.api.KafkaSerdesTester] (Thread-667) topic-2f41cb69_4468_4581_9d57_32fd8599c48e 0 36 {"key11755010591832": "value-6", "key21755010596233": "value-6", "key31755010597529": "value-6"}
2025-08-12 14:56:38,828 INFO  [io.api.tes.ser.api.KafkaSerdesTester] (Thread-667) topic-2f41cb69_4468_4581_9d57_32fd8599c48e 0 37 {"key11755010591832": "value-7", "key21755010596233": "value-7", "key31755010597529": "value-7"}
2025-08-12 14:56:38,828 INFO  [io.api.tes.ser.api.KafkaSerdesTester] (Thread-667) topic-2f41cb69_4468_4581_9d57_32fd8599c48e 0 38 {"key11755010591832": "value-8", "key21755010596233": "value-8", "key31755010597529": "value-8"}
2025-08-12 14:56:38,828 INFO  [io.api.tes.ser.api.KafkaSerdesTester] (Thread-667) topic-2f41cb69_4468_4581_9d57_32fd8599c48e 0 39 {"key11755010591832": "value-9", "key21755010596233": "value-9", "key31755010597529": "value-9"}
2025-08-12 14:56:38,828 INFO  [io.api.tes.ser.api.KafkaSerdesTester] (Thread-667) topic-2f41cb69_4468_4581_9d57_32fd8599c48e 0 40 {"key11755010591832": "value-0", "key21755010596233": "value-0"}
2025-08-12 14:56:38,828 INFO  [io.api.tes.ser.api.KafkaSerdesTester] (Thread-667) topic-2f41cb69_4468_4581_9d57_32fd8599c48e 0 41 {"key11755010591832": "value-1", "key21755010596233": "value-1"}
2025-08-12 14:56:38,828 INFO  [io.api.tes.ser.api.KafkaSerdesTester] (Thread-667) topic-2f41cb69_4468_4581_9d57_32fd8599c48e 0 42 {"key11755010591832": "value-2", "key21755010596233": "value-2"}
2025-08-12 14:56:38,828 INFO  [io.api.tes.ser.api.KafkaSerdesTester] (Thread-667) topic-2f41cb69_4468_4581_9d57_32fd8599c48e 0 43 {"key11755010591832": "value-3", "key21755010596233": "value-3"}
2025-08-12 14:56:38,829 INFO  [io.api.tes.ser.api.KafkaSerdesTester] (Thread-667) topic-2f41cb69_4468_4581_9d57_32fd8599c48e 0 44 {"key11755010591832": "value-4", "key21755010596233": "value-4"}
2025-08-12 14:56:38,829 INFO  [io.api.tes.ser.api.KafkaSerdesTester] (Thread-667) topic-2f41cb69_4468_4581_9d57_32fd8599c48e 0 45 {"key11755010591832": "value-5", "key21755010596233": "value-5"}
2025-08-12 14:56:38,829 INFO  [io.api.tes.ser.api.KafkaSerdesTester] (Thread-667) topic-2f41cb69_4468_4581_9d57_32fd8599c48e 0 46 {"key11755010591832": "value-6", "key21755010596233": "value-6"}
2025-08-12 14:56:38,829 INFO  [io.api.tes.ser.api.KafkaSerdesTester] (Thread-667) topic-2f41cb69_4468_4581_9d57_32fd8599c48e 0 47 {"key11755010591832": "value-7", "key21755010596233": "value-7"}
2025-08-12 14:56:38,830 INFO  [io.api.tes.ser.api.KafkaSerdesTester] (Thread-667) topic-2f41cb69_4468_4581_9d57_32fd8599c48e 0 48 {"key11755010591832": "value-8", "key21755010596233": "value-8"}
2025-08-12 14:56:38,830 INFO  [io.api.tes.ser.api.KafkaSerdesTester] (Thread-667) topic-2f41cb69_4468_4581_9d57_32fd8599c48e 0 49 {"key11755010591832": "value-9", "key21755010596233": "value-9"}
2025-08-12 14:56:38,830 INFO  [io.api.tes.ser.api.KafkaSerdesTester] (Thread-667) topic-2f41cb69_4468_4581_9d57_32fd8599c48e 0 50 {"key11755010591832": "value-0"}
2025-08-12 14:56:38,830 INFO  [io.api.tes.ser.api.KafkaSerdesTester] (Thread-667) topic-2f41cb69_4468_4581_9d57_32fd8599c48e 0 51 {"key11755010591832": "value-1"}
2025-08-12 14:56:38,830 INFO  [io.api.tes.ser.api.KafkaSerdesTester] (Thread-667) topic-2f41cb69_4468_4581_9d57_32fd8599c48e 0 52 {"key11755010591832": "value-2"}
2025-08-12 14:56:38,830 INFO  [io.api.tes.ser.api.KafkaSerdesTester] (Thread-667) topic-2f41cb69_4468_4581_9d57_32fd8599c48e 0 53 {"key11755010591832": "value-3"}
2025-08-12 14:56:38,830 INFO  [io.api.tes.ser.api.KafkaSerdesTester] (Thread-667) topic-2f41cb69_4468_4581_9d57_32fd8599c48e 0 54 {"key11755010591832": "value-4"}
2025-08-12 14:56:38,830 INFO  [io.api.tes.ser.api.KafkaSerdesTester] (Thread-667) topic-2f41cb69_4468_4581_9d57_32fd8599c48e 0 55 {"key11755010591832": "value-5"}
2025-08-12 14:56:38,830 INFO  [io.api.tes.ser.api.KafkaSerdesTester] (Thread-667) topic-2f41cb69_4468_4581_9d57_32fd8599c48e 0 56 {"key11755010591832": "value-6"}
2025-08-12 14:56:38,830 INFO  [io.api.tes.ser.api.KafkaSerdesTester] (Thread-667) topic-2f41cb69_4468_4581_9d57_32fd8599c48e 0 57 {"key11755010591832": "value-7"}
2025-08-12 14:56:38,830 INFO  [io.api.tes.ser.api.KafkaSerdesTester] (Thread-667) topic-2f41cb69_4468_4581_9d57_32fd8599c48e 0 58 {"key11755010591832": "value-8"}
2025-08-12 14:56:38,830 INFO  [io.api.tes.ser.api.KafkaSerdesTester] (Thread-667) topic-2f41cb69_4468_4581_9d57_32fd8599c48e 0 59 {"key11755010591832": "value-9"}
2025-08-12 14:56:38,830 INFO  [io.api.tes.ser.api.KafkaSerdesTester] (Thread-667) Consumed 30 messages
2025-08-12 14:56:38,831 INFO  [org.apa.kaf.cli.pro.KafkaProducer] (main) [Producer clientId=Producer-topic-2f41cb69_4468_4581_9d57_32fd8599c48e] Closing the Kafka producer with timeoutMillis = 9223372036854775807 ms.
2025-08-12 14:56:38,833 INFO  [org.apa.kaf.com.met.Metrics] (main) Metrics scheduler closed
2025-08-12 14:56:38,833 INFO  [org.apa.kaf.com.met.Metrics] (main) Closing reporter org.apache.kafka.common.metrics.JmxReporter
2025-08-12 14:56:38,833 INFO  [org.apa.kaf.com.met.Metrics] (main) Closing reporter org.apache.kafka.common.telemetry.internals.ClientTelemetryReporter
2025-08-12 14:56:38,833 INFO  [org.apa.kaf.com.met.Metrics] (main) Metrics reporters closed
2025-08-12 14:56:38,834 INFO  [org.apa.kaf.com.uti.AppInfoParser] (main) App info kafka.producer for Producer-topic-2f41cb69_4468_4581_9d57_32fd8599c48e unregistered
2025-08-12 14:56:38,842 INFO  [org.apa.kaf.cli.con.int.ConsumerRebalanceListenerInvoker] (main) [Consumer clientId=consumer-Consumer-topic-2f41cb69_4468_4581_9d57_32fd8599c48e-9, groupId=Consumer-topic-2f41cb69_4468_4581_9d57_32fd8599c48e] Revoke previously assigned partitions topic-2f41cb69_4468_4581_9d57_32fd8599c48e-0
2025-08-12 14:56:38,842 INFO  [org.apa.kaf.cli.con.int.ConsumerCoordinator] (main) [Consumer clientId=consumer-Consumer-topic-2f41cb69_4468_4581_9d57_32fd8599c48e-9, groupId=Consumer-topic-2f41cb69_4468_4581_9d57_32fd8599c48e] Member consumer-Consumer-topic-2f41cb69_4468_4581_9d57_32fd8599c48e-9-194b6ce3-21c0-4545-bf6f-d910a99e166f sending LeaveGroup request to coordinator localhost:32769 (id: 2147483647 rack: null) due to the consumer is being closed
2025-08-12 14:56:38,843 INFO  [org.apa.kaf.cli.con.int.ConsumerCoordinator] (main) [Consumer clientId=consumer-Consumer-topic-2f41cb69_4468_4581_9d57_32fd8599c48e-9, groupId=Consumer-topic-2f41cb69_4468_4581_9d57_32fd8599c48e] Resetting generation and member id due to: consumer pro-actively leaving the group
2025-08-12 14:56:38,843 INFO  [org.apa.kaf.cli.con.int.ConsumerCoordinator] (main) [Consumer clientId=consumer-Consumer-topic-2f41cb69_4468_4581_9d57_32fd8599c48e-9, groupId=Consumer-topic-2f41cb69_4468_4581_9d57_32fd8599c48e] Request joining group due to: consumer pro-actively leaving the group
2025-08-12 14:56:39,333 INFO  [org.apa.kaf.com.met.Metrics] (main) Metrics scheduler closed
2025-08-12 14:56:39,333 INFO  [org.apa.kaf.com.met.Metrics] (main) Closing reporter org.apache.kafka.common.metrics.JmxReporter
2025-08-12 14:56:39,333 INFO  [org.apa.kaf.com.met.Metrics] (main) Closing reporter org.apache.kafka.common.telemetry.internals.ClientTelemetryReporter
2025-08-12 14:56:39,333 INFO  [org.apa.kaf.com.met.Metrics] (main) Metrics reporters closed
2025-08-12 14:56:39,335 INFO  [org.apa.kaf.com.uti.AppInfoParser] (main) App info kafka.consumer for consumer-Consumer-topic-2f41cb69_4468_4581_9d57_32fd8599c48e-9 unregistered
2025-08-12 14:56:39,336 INFO  [io.api.tes.uti.TestSeparator] (main) io.apicurio.tests.serdes.apicurio.AvroSerdeIT.testEvolveAvroApicurioReusingClient-FINISHED
2025-08-12 14:56:39,336 INFO  [io.api.tes.uti.TestSeparator] (main) ############################################################################
Test passed: testEvolveAvroApicurioReusingClient
]]></system-out>
  </testcase>
  <testcase name="testProducerUsesDefaultConsumerUsesGlobalId" classname="io.apicurio.tests.serdes.apicurio.AvroSerdeIT" time="0.0">
    <skipped message="void io.apicurio.tests.serdes.apicurio.AvroSerdeIT.testProducerUsesDefaultConsumerUsesGlobalId() throws java.lang.Exception is @Disabled"/>
  </testcase>
  <testcase name="testEvolveAvroApicurio" classname="io.apicurio.tests.serdes.apicurio.AvroSerdeIT" time="15.208">
    <system-out><![CDATA[2025-08-12 14:56:39,341 INFO  [io.api.tes.uti.TestSeparator] (main) ############################################################################
2025-08-12 14:56:39,341 INFO  [io.api.tes.uti.TestSeparator] (main) io.apicurio.tests.serdes.apicurio.AvroSerdeIT.testEvolveAvroApicurio-STARTED
2025-08-12 14:56:39,342 INFO  [io.api.tes.ser.api.AvroSerdeIT] (main) Registering Avro Schema: {"type":"record","name":"s02aa2e6dxbb0cx479fxaa61xd2bdc3f0d191","namespace":"ns_59a29109_7ee6_419b_9d08_be0273ac0a77","fields":[{"name":"key11755010599342","type":"string"}]}
**** Registry Base URL: http://registry-app-ksql043.apps.ci419.apicurio-testing.org:80
2025-08-12 14:56:40,460 INFO  [org.apa.kaf.cli.pro.ProducerConfig] (main) ProducerConfig values: 
	acks = -1
	auto.include.jmx.reporter = true
	batch.size = 16384
	bootstrap.servers = [PLAINTEXT://localhost:32769]
	buffer.memory = 33554432
	client.dns.lookup = use_all_dns_ips
	client.id = Producer-topic-3c873bfa_e749_4377_af38_c385b7f94e91
	compression.gzip.level = -1
	compression.lz4.level = 9
	compression.type = none
	compression.zstd.level = 3
	connections.max.idle.ms = 10000
	delivery.timeout.ms = 120000
	enable.idempotence = true
	enable.metrics.push = true
	interceptor.classes = []
	key.serializer = class org.apache.kafka.common.serialization.StringSerializer
	linger.ms = 0
	max.block.ms = 60000
	max.in.flight.requests.per.connection = 5
	max.request.size = 1048576
	metadata.max.age.ms = 300000
	metadata.max.idle.ms = 300000
	metadata.recovery.strategy = none
	metric.reporters = []
	metrics.num.samples = 2
	metrics.recording.level = INFO
	metrics.sample.window.ms = 30000
	partitioner.adaptive.partitioning.enable = true
	partitioner.availability.timeout.ms = 0
	partitioner.class = null
	partitioner.ignore.keys = false
	receive.buffer.bytes = 32768
	reconnect.backoff.max.ms = 1000
	reconnect.backoff.ms = 50
	request.timeout.ms = 5000
	retries = 2147483647
	retry.backoff.max.ms = 1000
	retry.backoff.ms = 100
	sasl.client.callback.handler.class = null
	sasl.jaas.config = null
	sasl.kerberos.kinit.cmd = /usr/bin/kinit
	sasl.kerberos.min.time.before.relogin = 60000
	sasl.kerberos.service.name = null
	sasl.kerberos.ticket.renew.jitter = 0.05
	sasl.kerberos.ticket.renew.window.factor = 0.8
	sasl.login.callback.handler.class = null
	sasl.login.class = null
	sasl.login.connect.timeout.ms = null
	sasl.login.read.timeout.ms = null
	sasl.login.refresh.buffer.seconds = 300
	sasl.login.refresh.min.period.seconds = 60
	sasl.login.refresh.window.factor = 0.8
	sasl.login.refresh.window.jitter = 0.05
	sasl.login.retry.backoff.max.ms = 10000
	sasl.login.retry.backoff.ms = 100
	sasl.mechanism = GSSAPI
	sasl.oauthbearer.clock.skew.seconds = 30
	sasl.oauthbearer.expected.audience = null
	sasl.oauthbearer.expected.issuer = null
	sasl.oauthbearer.header.urlencode = false
	sasl.oauthbearer.jwks.endpoint.refresh.ms = 3600000
	sasl.oauthbearer.jwks.endpoint.retry.backoff.max.ms = 10000
	sasl.oauthbearer.jwks.endpoint.retry.backoff.ms = 100
	sasl.oauthbearer.jwks.endpoint.url = null
	sasl.oauthbearer.scope.claim.name = scope
	sasl.oauthbearer.sub.claim.name = sub
	sasl.oauthbearer.token.endpoint.url = null
	security.protocol = PLAINTEXT
	security.providers = null
	send.buffer.bytes = 131072
	socket.connection.setup.timeout.max.ms = 30000
	socket.connection.setup.timeout.ms = 10000
	ssl.cipher.suites = null
	ssl.enabled.protocols = [TLSv1.2, TLSv1.3]
	ssl.endpoint.identification.algorithm = https
	ssl.engine.factory.class = null
	ssl.key.password = null
	ssl.keymanager.algorithm = SunX509
	ssl.keystore.certificate.chain = null
	ssl.keystore.key = null
	ssl.keystore.location = null
	ssl.keystore.password = null
	ssl.keystore.type = JKS
	ssl.protocol = TLSv1.3
	ssl.provider = null
	ssl.secure.random.implementation = null
	ssl.trustmanager.algorithm = PKIX
	ssl.truststore.certificates = null
	ssl.truststore.location = null
	ssl.truststore.password = null
	ssl.truststore.type = JKS
	transaction.timeout.ms = 60000
	transactional.id = null
	value.serializer = class io.apicurio.registry.serde.avro.AvroKafkaSerializer

2025-08-12 14:56:40,460 INFO  [org.apa.kaf.com.tel.int.KafkaMetricsCollector] (main) initializing Kafka metrics collector
2025-08-12 14:56:40,463 INFO  [org.apa.kaf.cli.pro.KafkaProducer] (main) [Producer clientId=Producer-topic-3c873bfa_e749_4377_af38_c385b7f94e91] Instantiated an idempotent producer.
2025-08-12 14:56:40,465 INFO  [org.apa.kaf.cli.pro.ProducerConfig] (main) These configurations '[apicurio.registry.url, apicurio.registry.artifact-resolver-strategy]' were supplied but are not used yet.
2025-08-12 14:56:40,466 INFO  [org.apa.kaf.com.uti.AppInfoParser] (main) Kafka version: 3.9.1
2025-08-12 14:56:40,466 INFO  [org.apa.kaf.com.uti.AppInfoParser] (main) Kafka commitId: f745dfdcee2b9851
2025-08-12 14:56:40,466 INFO  [org.apa.kaf.com.uti.AppInfoParser] (main) Kafka startTimeMs: 1755010600465
**** Registry Base URL: http://registry-app-ksql043.apps.ci419.apicurio-testing.org:80
2025-08-12 14:56:40,466 INFO  [org.apa.kaf.cli.con.ConsumerConfig] (main) ConsumerConfig values: 
	allow.auto.create.topics = true
	auto.commit.interval.ms = 500
	auto.include.jmx.reporter = true
	auto.offset.reset = earliest
	bootstrap.servers = [PLAINTEXT://localhost:32769]
	check.crcs = true
	client.dns.lookup = use_all_dns_ips
	client.id = consumer-Consumer-topic-3c873bfa_e749_4377_af38_c385b7f94e91-10
	client.rack = 
	connections.max.idle.ms = 10000
	default.api.timeout.ms = 60000
	enable.auto.commit = true
	enable.metrics.push = true
	exclude.internal.topics = true
	fetch.max.bytes = 52428800
	fetch.max.wait.ms = 500
	fetch.min.bytes = 1
	group.id = Consumer-topic-3c873bfa_e749_4377_af38_c385b7f94e91
	group.instance.id = null
	group.protocol = classic
	group.remote.assignor = null
	heartbeat.interval.ms = 3000
	interceptor.classes = []
	internal.leave.group.on.close = true
	internal.throw.on.fetch.stable.offset.unsupported = false
	isolation.level = read_uncommitted
	key.deserializer = class org.apache.kafka.common.serialization.StringDeserializer
	max.partition.fetch.bytes = 1048576
	max.poll.interval.ms = 300000
	max.poll.records = 500
	metadata.max.age.ms = 300000
	metadata.recovery.strategy = none
	metric.reporters = []
	metrics.num.samples = 2
	metrics.recording.level = INFO
	metrics.sample.window.ms = 30000
	partition.assignment.strategy = [class org.apache.kafka.clients.consumer.RangeAssignor, class org.apache.kafka.clients.consumer.CooperativeStickyAssignor]
	receive.buffer.bytes = 65536
	reconnect.backoff.max.ms = 1000
	reconnect.backoff.ms = 50
	request.timeout.ms = 5000
	retry.backoff.max.ms = 1000
	retry.backoff.ms = 100
	sasl.client.callback.handler.class = null
	sasl.jaas.config = null
	sasl.kerberos.kinit.cmd = /usr/bin/kinit
	sasl.kerberos.min.time.before.relogin = 60000
	sasl.kerberos.service.name = null
	sasl.kerberos.ticket.renew.jitter = 0.05
	sasl.kerberos.ticket.renew.window.factor = 0.8
	sasl.login.callback.handler.class = null
	sasl.login.class = null
	sasl.login.connect.timeout.ms = null
	sasl.login.read.timeout.ms = null
	sasl.login.refresh.buffer.seconds = 300
	sasl.login.refresh.min.period.seconds = 60
	sasl.login.refresh.window.factor = 0.8
	sasl.login.refresh.window.jitter = 0.05
	sasl.login.retry.backoff.max.ms = 10000
	sasl.login.retry.backoff.ms = 100
	sasl.mechanism = GSSAPI
	sasl.oauthbearer.clock.skew.seconds = 30
	sasl.oauthbearer.expected.audience = null
	sasl.oauthbearer.expected.issuer = null
	sasl.oauthbearer.header.urlencode = false
	sasl.oauthbearer.jwks.endpoint.refresh.ms = 3600000
	sasl.oauthbearer.jwks.endpoint.retry.backoff.max.ms = 10000
	sasl.oauthbearer.jwks.endpoint.retry.backoff.ms = 100
	sasl.oauthbearer.jwks.endpoint.url = null
	sasl.oauthbearer.scope.claim.name = scope
	sasl.oauthbearer.sub.claim.name = sub
	sasl.oauthbearer.token.endpoint.url = null
	security.protocol = PLAINTEXT
	security.providers = null
	send.buffer.bytes = 131072
	session.timeout.ms = 45000
	socket.connection.setup.timeout.max.ms = 30000
	socket.connection.setup.timeout.ms = 10000
	ssl.cipher.suites = null
	ssl.enabled.protocols = [TLSv1.2, TLSv1.3]
	ssl.endpoint.identification.algorithm = https
	ssl.engine.factory.class = null
	ssl.key.password = null
	ssl.keymanager.algorithm = SunX509
	ssl.keystore.certificate.chain = null
	ssl.keystore.key = null
	ssl.keystore.location = null
	ssl.keystore.password = null
	ssl.keystore.type = JKS
	ssl.protocol = TLSv1.3
	ssl.provider = null
	ssl.secure.random.implementation = null
	ssl.trustmanager.algorithm = PKIX
	ssl.truststore.certificates = null
	ssl.truststore.location = null
	ssl.truststore.password = null
	ssl.truststore.type = JKS
	value.deserializer = class io.apicurio.registry.serde.avro.AvroKafkaDeserializer

2025-08-12 14:56:40,466 INFO  [org.apa.kaf.com.tel.int.KafkaMetricsCollector] (main) initializing Kafka metrics collector
2025-08-12 14:56:40,475 INFO  [org.apa.kaf.cli.Metadata] (kafka-producer-network-thread | Producer-topic-3c873bfa_e749_4377_af38_c385b7f94e91) [Producer clientId=Producer-topic-3c873bfa_e749_4377_af38_c385b7f94e91] Cluster ID: 0yZUVcJRR-Oeoz-b4JS1zQ
2025-08-12 14:56:40,476 INFO  [org.apa.kaf.cli.pro.int.TransactionManager] (kafka-producer-network-thread | Producer-topic-3c873bfa_e749_4377_af38_c385b7f94e91) [Producer clientId=Producer-topic-3c873bfa_e749_4377_af38_c385b7f94e91] ProducerId set to 12 with epoch 0
2025-08-12 14:56:40,478 INFO  [org.apa.kaf.cli.con.ConsumerConfig] (main) These configurations '[apicurio.registry.url]' were supplied but are not used yet.
2025-08-12 14:56:40,478 INFO  [org.apa.kaf.com.uti.AppInfoParser] (main) Kafka version: 3.9.1
2025-08-12 14:56:40,478 INFO  [org.apa.kaf.com.uti.AppInfoParser] (main) Kafka commitId: f745dfdcee2b9851
2025-08-12 14:56:40,478 INFO  [org.apa.kaf.com.uti.AppInfoParser] (main) Kafka startTimeMs: 1755010600478
2025-08-12 14:56:40,480 INFO  [io.api.tes.ser.api.KafkaSerdesTester] (Thread-672) Sending message {"key11755010599342": "value-0"} to topic topic-3c873bfa_e749_4377_af38_c385b7f94e91
2025-08-12 14:56:40,482 INFO  [DefaultSchemaResolver] (Thread-672) Retrieving schema content using string: {"type":"record","name":"s02aa2e6dxbb0cx479fxaa61xd2bdc3f0d191","namespace":"ns_59a29109_7ee6_419b_9d08_be0273ac0a77","fields":[{"name":"key11755010599342","type":"string"}]}
2025-08-12 14:56:40,561 INFO  [io.api.tes.ser.api.KafkaSerdesTester] (Thread-672) Sending message {"key11755010599342": "value-1"} to topic topic-3c873bfa_e749_4377_af38_c385b7f94e91
2025-08-12 14:56:40,563 INFO  [io.api.tes.ser.api.KafkaSerdesTester] (Thread-672) Sending message {"key11755010599342": "value-2"} to topic topic-3c873bfa_e749_4377_af38_c385b7f94e91
2025-08-12 14:56:40,565 INFO  [io.api.tes.ser.api.KafkaSerdesTester] (Thread-672) Sending message {"key11755010599342": "value-3"} to topic topic-3c873bfa_e749_4377_af38_c385b7f94e91
2025-08-12 14:56:40,566 INFO  [io.api.tes.ser.api.KafkaSerdesTester] (Thread-672) Sending message {"key11755010599342": "value-4"} to topic topic-3c873bfa_e749_4377_af38_c385b7f94e91
2025-08-12 14:56:40,568 INFO  [io.api.tes.ser.api.KafkaSerdesTester] (Thread-672) Sending message {"key11755010599342": "value-5"} to topic topic-3c873bfa_e749_4377_af38_c385b7f94e91
2025-08-12 14:56:40,570 INFO  [io.api.tes.ser.api.KafkaSerdesTester] (Thread-672) Sending message {"key11755010599342": "value-6"} to topic topic-3c873bfa_e749_4377_af38_c385b7f94e91
2025-08-12 14:56:40,573 INFO  [io.api.tes.ser.api.KafkaSerdesTester] (Thread-672) Sending message {"key11755010599342": "value-7"} to topic topic-3c873bfa_e749_4377_af38_c385b7f94e91
2025-08-12 14:56:40,574 INFO  [io.api.tes.ser.api.KafkaSerdesTester] (Thread-672) Sending message {"key11755010599342": "value-8"} to topic topic-3c873bfa_e749_4377_af38_c385b7f94e91
2025-08-12 14:56:40,575 INFO  [io.api.tes.ser.api.KafkaSerdesTester] (Thread-672) Sending message {"key11755010599342": "value-9"} to topic topic-3c873bfa_e749_4377_af38_c385b7f94e91
2025-08-12 14:56:40,579 INFO  [io.api.tes.ser.api.KafkaSerdesTester] (Thread-672) Produced 10 messages
2025-08-12 14:56:40,579 INFO  [org.apa.kaf.cli.pro.KafkaProducer] (Thread-672) [Producer clientId=Producer-topic-3c873bfa_e749_4377_af38_c385b7f94e91] Closing the Kafka producer with timeoutMillis = 9223372036854775807 ms.
2025-08-12 14:56:40,581 INFO  [org.apa.kaf.com.met.Metrics] (Thread-672) Metrics scheduler closed
2025-08-12 14:56:40,582 INFO  [org.apa.kaf.com.met.Metrics] (Thread-672) Closing reporter org.apache.kafka.common.metrics.JmxReporter
2025-08-12 14:56:40,582 INFO  [org.apa.kaf.com.met.Metrics] (Thread-672) Closing reporter org.apache.kafka.common.telemetry.internals.ClientTelemetryReporter
2025-08-12 14:56:40,582 INFO  [org.apa.kaf.com.met.Metrics] (Thread-672) Metrics reporters closed
2025-08-12 14:56:40,582 INFO  [org.apa.kaf.com.uti.AppInfoParser] (Thread-672) App info kafka.producer for Producer-topic-3c873bfa_e749_4377_af38_c385b7f94e91 unregistered
2025-08-12 14:56:40,585 INFO  [org.apa.kaf.cli.con.int.ClassicKafkaConsumer] (Thread-673) [Consumer clientId=consumer-Consumer-topic-3c873bfa_e749_4377_af38_c385b7f94e91-10, groupId=Consumer-topic-3c873bfa_e749_4377_af38_c385b7f94e91] Subscribed to topic(s): topic-3c873bfa_e749_4377_af38_c385b7f94e91
2025-08-12 14:56:40,592 INFO  [org.apa.kaf.cli.Metadata] (Thread-673) [Consumer clientId=consumer-Consumer-topic-3c873bfa_e749_4377_af38_c385b7f94e91-10, groupId=Consumer-topic-3c873bfa_e749_4377_af38_c385b7f94e91] Cluster ID: 0yZUVcJRR-Oeoz-b4JS1zQ
2025-08-12 14:56:40,593 INFO  [org.apa.kaf.cli.con.int.ConsumerCoordinator] (Thread-673) [Consumer clientId=consumer-Consumer-topic-3c873bfa_e749_4377_af38_c385b7f94e91-10, groupId=Consumer-topic-3c873bfa_e749_4377_af38_c385b7f94e91] Discovered group coordinator localhost:32769 (id: 2147483647 rack: null)
2025-08-12 14:56:40,594 INFO  [org.apa.kaf.cli.con.int.ConsumerCoordinator] (Thread-673) [Consumer clientId=consumer-Consumer-topic-3c873bfa_e749_4377_af38_c385b7f94e91-10, groupId=Consumer-topic-3c873bfa_e749_4377_af38_c385b7f94e91] (Re-)joining group
2025-08-12 14:56:40,598 INFO  [org.apa.kaf.cli.con.int.ConsumerCoordinator] (Thread-673) [Consumer clientId=consumer-Consumer-topic-3c873bfa_e749_4377_af38_c385b7f94e91-10, groupId=Consumer-topic-3c873bfa_e749_4377_af38_c385b7f94e91] Request joining group due to: need to re-join with the given member-id: consumer-Consumer-topic-3c873bfa_e749_4377_af38_c385b7f94e91-10-865ef29f-894e-4db2-b5b0-213f6080d8d0
2025-08-12 14:56:40,599 INFO  [org.apa.kaf.cli.con.int.ConsumerCoordinator] (Thread-673) [Consumer clientId=consumer-Consumer-topic-3c873bfa_e749_4377_af38_c385b7f94e91-10, groupId=Consumer-topic-3c873bfa_e749_4377_af38_c385b7f94e91] (Re-)joining group
2025-08-12 14:56:41,585 INFO  [io.api.tes.ser.api.KafkaSerdesTester] (Thread-673) None found
2025-08-12 14:56:42,585 INFO  [io.api.tes.ser.api.KafkaSerdesTester] (Thread-673) None found
2025-08-12 14:56:43,585 INFO  [io.api.tes.ser.api.KafkaSerdesTester] (Thread-673) None found
2025-08-12 14:56:43,601 INFO  [org.apa.kaf.cli.con.int.ConsumerCoordinator] (Thread-673) [Consumer clientId=consumer-Consumer-topic-3c873bfa_e749_4377_af38_c385b7f94e91-10, groupId=Consumer-topic-3c873bfa_e749_4377_af38_c385b7f94e91] Successfully joined group with generation Generation{generationId=1, memberId='consumer-Consumer-topic-3c873bfa_e749_4377_af38_c385b7f94e91-10-865ef29f-894e-4db2-b5b0-213f6080d8d0', protocol='range'}
2025-08-12 14:56:43,602 INFO  [org.apa.kaf.cli.con.int.ConsumerCoordinator] (Thread-673) [Consumer clientId=consumer-Consumer-topic-3c873bfa_e749_4377_af38_c385b7f94e91-10, groupId=Consumer-topic-3c873bfa_e749_4377_af38_c385b7f94e91] Finished assignment for group at generation 1: {consumer-Consumer-topic-3c873bfa_e749_4377_af38_c385b7f94e91-10-865ef29f-894e-4db2-b5b0-213f6080d8d0=Assignment(partitions=[topic-3c873bfa_e749_4377_af38_c385b7f94e91-0])}
2025-08-12 14:56:43,608 INFO  [org.apa.kaf.cli.con.int.ConsumerCoordinator] (Thread-673) [Consumer clientId=consumer-Consumer-topic-3c873bfa_e749_4377_af38_c385b7f94e91-10, groupId=Consumer-topic-3c873bfa_e749_4377_af38_c385b7f94e91] Successfully synced group in generation Generation{generationId=1, memberId='consumer-Consumer-topic-3c873bfa_e749_4377_af38_c385b7f94e91-10-865ef29f-894e-4db2-b5b0-213f6080d8d0', protocol='range'}
2025-08-12 14:56:43,608 INFO  [org.apa.kaf.cli.con.int.ConsumerCoordinator] (Thread-673) [Consumer clientId=consumer-Consumer-topic-3c873bfa_e749_4377_af38_c385b7f94e91-10, groupId=Consumer-topic-3c873bfa_e749_4377_af38_c385b7f94e91] Notifying assignor about the new Assignment(partitions=[topic-3c873bfa_e749_4377_af38_c385b7f94e91-0])
2025-08-12 14:56:43,609 INFO  [org.apa.kaf.cli.con.int.ConsumerRebalanceListenerInvoker] (Thread-673) [Consumer clientId=consumer-Consumer-topic-3c873bfa_e749_4377_af38_c385b7f94e91-10, groupId=Consumer-topic-3c873bfa_e749_4377_af38_c385b7f94e91] Adding newly assigned partitions: topic-3c873bfa_e749_4377_af38_c385b7f94e91-0
2025-08-12 14:56:43,610 INFO  [org.apa.kaf.cli.con.int.ConsumerCoordinator] (Thread-673) [Consumer clientId=consumer-Consumer-topic-3c873bfa_e749_4377_af38_c385b7f94e91-10, groupId=Consumer-topic-3c873bfa_e749_4377_af38_c385b7f94e91] Found no committed offset for partition topic-3c873bfa_e749_4377_af38_c385b7f94e91-0
2025-08-12 14:56:43,614 INFO  [org.apa.kaf.cli.con.int.SubscriptionState] (Thread-673) [Consumer clientId=consumer-Consumer-topic-3c873bfa_e749_4377_af38_c385b7f94e91-10, groupId=Consumer-topic-3c873bfa_e749_4377_af38_c385b7f94e91] Resetting offset for partition topic-3c873bfa_e749_4377_af38_c385b7f94e91-0 to position FetchPosition{offset=0, offsetEpoch=Optional.empty, currentLeader=LeaderAndEpoch{leader=Optional[localhost:32769 (id: 0 rack: null)], epoch=0}}.
2025-08-12 14:56:43,732 INFO  [io.api.tes.ser.api.KafkaSerdesTester] (Thread-673) topic-3c873bfa_e749_4377_af38_c385b7f94e91 0 0 {"key11755010599342": "value-0"}
2025-08-12 14:56:43,732 INFO  [io.api.tes.ser.api.KafkaSerdesTester] (Thread-673) topic-3c873bfa_e749_4377_af38_c385b7f94e91 0 1 {"key11755010599342": "value-1"}
2025-08-12 14:56:43,732 INFO  [io.api.tes.ser.api.KafkaSerdesTester] (Thread-673) topic-3c873bfa_e749_4377_af38_c385b7f94e91 0 2 {"key11755010599342": "value-2"}
2025-08-12 14:56:43,732 INFO  [io.api.tes.ser.api.KafkaSerdesTester] (Thread-673) topic-3c873bfa_e749_4377_af38_c385b7f94e91 0 3 {"key11755010599342": "value-3"}
2025-08-12 14:56:43,732 INFO  [io.api.tes.ser.api.KafkaSerdesTester] (Thread-673) topic-3c873bfa_e749_4377_af38_c385b7f94e91 0 4 {"key11755010599342": "value-4"}
2025-08-12 14:56:43,732 INFO  [io.api.tes.ser.api.KafkaSerdesTester] (Thread-673) topic-3c873bfa_e749_4377_af38_c385b7f94e91 0 5 {"key11755010599342": "value-5"}
2025-08-12 14:56:43,732 INFO  [io.api.tes.ser.api.KafkaSerdesTester] (Thread-673) topic-3c873bfa_e749_4377_af38_c385b7f94e91 0 6 {"key11755010599342": "value-6"}
2025-08-12 14:56:43,732 INFO  [io.api.tes.ser.api.KafkaSerdesTester] (Thread-673) topic-3c873bfa_e749_4377_af38_c385b7f94e91 0 7 {"key11755010599342": "value-7"}
2025-08-12 14:56:43,732 INFO  [io.api.tes.ser.api.KafkaSerdesTester] (Thread-673) topic-3c873bfa_e749_4377_af38_c385b7f94e91 0 8 {"key11755010599342": "value-8"}
2025-08-12 14:56:43,732 INFO  [io.api.tes.ser.api.KafkaSerdesTester] (Thread-673) topic-3c873bfa_e749_4377_af38_c385b7f94e91 0 9 {"key11755010599342": "value-9"}
2025-08-12 14:56:43,732 INFO  [io.api.tes.ser.api.KafkaSerdesTester] (Thread-673) Consumed 10 messages
2025-08-12 14:56:43,739 INFO  [org.apa.kaf.cli.con.int.ConsumerRebalanceListenerInvoker] (Thread-673) [Consumer clientId=consumer-Consumer-topic-3c873bfa_e749_4377_af38_c385b7f94e91-10, groupId=Consumer-topic-3c873bfa_e749_4377_af38_c385b7f94e91] Revoke previously assigned partitions topic-3c873bfa_e749_4377_af38_c385b7f94e91-0
2025-08-12 14:56:43,739 INFO  [org.apa.kaf.cli.con.int.ConsumerCoordinator] (Thread-673) [Consumer clientId=consumer-Consumer-topic-3c873bfa_e749_4377_af38_c385b7f94e91-10, groupId=Consumer-topic-3c873bfa_e749_4377_af38_c385b7f94e91] Member consumer-Consumer-topic-3c873bfa_e749_4377_af38_c385b7f94e91-10-865ef29f-894e-4db2-b5b0-213f6080d8d0 sending LeaveGroup request to coordinator localhost:32769 (id: 2147483647 rack: null) due to the consumer is being closed
2025-08-12 14:56:43,739 INFO  [org.apa.kaf.cli.con.int.ConsumerCoordinator] (Thread-673) [Consumer clientId=consumer-Consumer-topic-3c873bfa_e749_4377_af38_c385b7f94e91-10, groupId=Consumer-topic-3c873bfa_e749_4377_af38_c385b7f94e91] Resetting generation and member id due to: consumer pro-actively leaving the group
2025-08-12 14:56:43,739 INFO  [org.apa.kaf.cli.con.int.ConsumerCoordinator] (Thread-673) [Consumer clientId=consumer-Consumer-topic-3c873bfa_e749_4377_af38_c385b7f94e91-10, groupId=Consumer-topic-3c873bfa_e749_4377_af38_c385b7f94e91] Request joining group due to: consumer pro-actively leaving the group
2025-08-12 14:56:44,234 INFO  [org.apa.kaf.com.met.Metrics] (Thread-673) Metrics scheduler closed
2025-08-12 14:56:44,234 INFO  [org.apa.kaf.com.met.Metrics] (Thread-673) Closing reporter org.apache.kafka.common.metrics.JmxReporter
2025-08-12 14:56:44,234 INFO  [org.apa.kaf.com.met.Metrics] (Thread-673) Closing reporter org.apache.kafka.common.telemetry.internals.ClientTelemetryReporter
2025-08-12 14:56:44,234 INFO  [org.apa.kaf.com.met.Metrics] (Thread-673) Metrics reporters closed
2025-08-12 14:56:44,236 INFO  [org.apa.kaf.com.uti.AppInfoParser] (Thread-673) App info kafka.consumer for consumer-Consumer-topic-3c873bfa_e749_4377_af38_c385b7f94e91-10 unregistered
2025-08-12 14:56:44,237 INFO  [io.api.tes.ser.api.AvroSerdeIT] (main) Registering Avro Schema 2: {"type":"record","name":"s02aa2e6dxbb0cx479fxaa61xd2bdc3f0d191","namespace":"ns_59a29109_7ee6_419b_9d08_be0273ac0a77","fields":[{"name":"key11755010599342","type":"string"},{"name":"key21755010604237","type":"string"}]}
**** Registry Base URL: http://registry-app-ksql043.apps.ci419.apicurio-testing.org:80
2025-08-12 14:56:45,349 INFO  [org.apa.kaf.cli.pro.ProducerConfig] (main) ProducerConfig values: 
	acks = -1
	auto.include.jmx.reporter = true
	batch.size = 16384
	bootstrap.servers = [PLAINTEXT://localhost:32769]
	buffer.memory = 33554432
	client.dns.lookup = use_all_dns_ips
	client.id = Producer-topic-3c873bfa_e749_4377_af38_c385b7f94e91
	compression.gzip.level = -1
	compression.lz4.level = 9
	compression.type = none
	compression.zstd.level = 3
	connections.max.idle.ms = 10000
	delivery.timeout.ms = 120000
	enable.idempotence = true
	enable.metrics.push = true
	interceptor.classes = []
	key.serializer = class org.apache.kafka.common.serialization.StringSerializer
	linger.ms = 0
	max.block.ms = 60000
	max.in.flight.requests.per.connection = 5
	max.request.size = 1048576
	metadata.max.age.ms = 300000
	metadata.max.idle.ms = 300000
	metadata.recovery.strategy = none
	metric.reporters = []
	metrics.num.samples = 2
	metrics.recording.level = INFO
	metrics.sample.window.ms = 30000
	partitioner.adaptive.partitioning.enable = true
	partitioner.availability.timeout.ms = 0
	partitioner.class = null
	partitioner.ignore.keys = false
	receive.buffer.bytes = 32768
	reconnect.backoff.max.ms = 1000
	reconnect.backoff.ms = 50
	request.timeout.ms = 5000
	retries = 2147483647
	retry.backoff.max.ms = 1000
	retry.backoff.ms = 100
	sasl.client.callback.handler.class = null
	sasl.jaas.config = null
	sasl.kerberos.kinit.cmd = /usr/bin/kinit
	sasl.kerberos.min.time.before.relogin = 60000
	sasl.kerberos.service.name = null
	sasl.kerberos.ticket.renew.jitter = 0.05
	sasl.kerberos.ticket.renew.window.factor = 0.8
	sasl.login.callback.handler.class = null
	sasl.login.class = null
	sasl.login.connect.timeout.ms = null
	sasl.login.read.timeout.ms = null
	sasl.login.refresh.buffer.seconds = 300
	sasl.login.refresh.min.period.seconds = 60
	sasl.login.refresh.window.factor = 0.8
	sasl.login.refresh.window.jitter = 0.05
	sasl.login.retry.backoff.max.ms = 10000
	sasl.login.retry.backoff.ms = 100
	sasl.mechanism = GSSAPI
	sasl.oauthbearer.clock.skew.seconds = 30
	sasl.oauthbearer.expected.audience = null
	sasl.oauthbearer.expected.issuer = null
	sasl.oauthbearer.header.urlencode = false
	sasl.oauthbearer.jwks.endpoint.refresh.ms = 3600000
	sasl.oauthbearer.jwks.endpoint.retry.backoff.max.ms = 10000
	sasl.oauthbearer.jwks.endpoint.retry.backoff.ms = 100
	sasl.oauthbearer.jwks.endpoint.url = null
	sasl.oauthbearer.scope.claim.name = scope
	sasl.oauthbearer.sub.claim.name = sub
	sasl.oauthbearer.token.endpoint.url = null
	security.protocol = PLAINTEXT
	security.providers = null
	send.buffer.bytes = 131072
	socket.connection.setup.timeout.max.ms = 30000
	socket.connection.setup.timeout.ms = 10000
	ssl.cipher.suites = null
	ssl.enabled.protocols = [TLSv1.2, TLSv1.3]
	ssl.endpoint.identification.algorithm = https
	ssl.engine.factory.class = null
	ssl.key.password = null
	ssl.keymanager.algorithm = SunX509
	ssl.keystore.certificate.chain = null
	ssl.keystore.key = null
	ssl.keystore.location = null
	ssl.keystore.password = null
	ssl.keystore.type = JKS
	ssl.protocol = TLSv1.3
	ssl.provider = null
	ssl.secure.random.implementation = null
	ssl.trustmanager.algorithm = PKIX
	ssl.truststore.certificates = null
	ssl.truststore.location = null
	ssl.truststore.password = null
	ssl.truststore.type = JKS
	transaction.timeout.ms = 60000
	transactional.id = null
	value.serializer = class io.apicurio.registry.serde.avro.AvroKafkaSerializer

2025-08-12 14:56:45,350 INFO  [org.apa.kaf.com.tel.int.KafkaMetricsCollector] (main) initializing Kafka metrics collector
2025-08-12 14:56:45,353 INFO  [org.apa.kaf.cli.pro.KafkaProducer] (main) [Producer clientId=Producer-topic-3c873bfa_e749_4377_af38_c385b7f94e91] Instantiated an idempotent producer.
2025-08-12 14:56:45,354 INFO  [org.apa.kaf.cli.pro.ProducerConfig] (main) These configurations '[apicurio.registry.url, apicurio.registry.artifact-resolver-strategy]' were supplied but are not used yet.
2025-08-12 14:56:45,354 INFO  [org.apa.kaf.com.uti.AppInfoParser] (main) Kafka version: 3.9.1
2025-08-12 14:56:45,354 INFO  [org.apa.kaf.com.uti.AppInfoParser] (main) Kafka commitId: f745dfdcee2b9851
2025-08-12 14:56:45,354 INFO  [org.apa.kaf.com.uti.AppInfoParser] (main) Kafka startTimeMs: 1755010605354
2025-08-12 14:56:45,356 INFO  [io.api.tes.ser.api.KafkaSerdesTester] (Thread-676) Sending message {"key11755010599342": "value-0", "key21755010604237": "value-0"} to topic topic-3c873bfa_e749_4377_af38_c385b7f94e91
2025-08-12 14:56:45,360 INFO  [org.apa.kaf.cli.Metadata] (kafka-producer-network-thread | Producer-topic-3c873bfa_e749_4377_af38_c385b7f94e91) [Producer clientId=Producer-topic-3c873bfa_e749_4377_af38_c385b7f94e91] Cluster ID: 0yZUVcJRR-Oeoz-b4JS1zQ
2025-08-12 14:56:45,361 INFO  [org.apa.kaf.cli.pro.int.TransactionManager] (kafka-producer-network-thread | Producer-topic-3c873bfa_e749_4377_af38_c385b7f94e91) [Producer clientId=Producer-topic-3c873bfa_e749_4377_af38_c385b7f94e91] ProducerId set to 13 with epoch 0
2025-08-12 14:56:45,361 INFO  [DefaultSchemaResolver] (Thread-676) Retrieving schema content using string: {"type":"record","name":"s02aa2e6dxbb0cx479fxaa61xd2bdc3f0d191","namespace":"ns_59a29109_7ee6_419b_9d08_be0273ac0a77","fields":[{"name":"key11755010599342","type":"string"},{"name":"key21755010604237","type":"string"}]}
2025-08-12 14:56:45,436 INFO  [io.api.tes.ser.api.KafkaSerdesTester] (Thread-676) Sending message {"key11755010599342": "value-1", "key21755010604237": "value-1"} to topic topic-3c873bfa_e749_4377_af38_c385b7f94e91
2025-08-12 14:56:45,438 INFO  [io.api.tes.ser.api.KafkaSerdesTester] (Thread-676) Sending message {"key11755010599342": "value-2", "key21755010604237": "value-2"} to topic topic-3c873bfa_e749_4377_af38_c385b7f94e91
2025-08-12 14:56:45,440 INFO  [io.api.tes.ser.api.KafkaSerdesTester] (Thread-676) Sending message {"key11755010599342": "value-3", "key21755010604237": "value-3"} to topic topic-3c873bfa_e749_4377_af38_c385b7f94e91
2025-08-12 14:56:45,442 INFO  [io.api.tes.ser.api.KafkaSerdesTester] (Thread-676) Sending message {"key11755010599342": "value-4", "key21755010604237": "value-4"} to topic topic-3c873bfa_e749_4377_af38_c385b7f94e91
2025-08-12 14:56:45,443 INFO  [io.api.tes.ser.api.KafkaSerdesTester] (Thread-676) Sending message {"key11755010599342": "value-5", "key21755010604237": "value-5"} to topic topic-3c873bfa_e749_4377_af38_c385b7f94e91
2025-08-12 14:56:45,444 INFO  [io.api.tes.ser.api.KafkaSerdesTester] (Thread-676) Sending message {"key11755010599342": "value-6", "key21755010604237": "value-6"} to topic topic-3c873bfa_e749_4377_af38_c385b7f94e91
2025-08-12 14:56:45,446 INFO  [io.api.tes.ser.api.KafkaSerdesTester] (Thread-676) Sending message {"key11755010599342": "value-7", "key21755010604237": "value-7"} to topic topic-3c873bfa_e749_4377_af38_c385b7f94e91
2025-08-12 14:56:45,447 INFO  [io.api.tes.ser.api.KafkaSerdesTester] (Thread-676) Sending message {"key11755010599342": "value-8", "key21755010604237": "value-8"} to topic topic-3c873bfa_e749_4377_af38_c385b7f94e91
2025-08-12 14:56:45,449 INFO  [io.api.tes.ser.api.KafkaSerdesTester] (Thread-676) Sending message {"key11755010599342": "value-9", "key21755010604237": "value-9"} to topic topic-3c873bfa_e749_4377_af38_c385b7f94e91
2025-08-12 14:56:45,450 INFO  [io.api.tes.ser.api.KafkaSerdesTester] (Thread-676) Produced 10 messages
2025-08-12 14:56:45,450 INFO  [org.apa.kaf.cli.pro.KafkaProducer] (Thread-676) [Producer clientId=Producer-topic-3c873bfa_e749_4377_af38_c385b7f94e91] Closing the Kafka producer with timeoutMillis = 9223372036854775807 ms.
2025-08-12 14:56:45,453 INFO  [org.apa.kaf.com.met.Metrics] (Thread-676) Metrics scheduler closed
2025-08-12 14:56:45,453 INFO  [org.apa.kaf.com.met.Metrics] (Thread-676) Closing reporter org.apache.kafka.common.metrics.JmxReporter
2025-08-12 14:56:45,453 INFO  [org.apa.kaf.com.met.Metrics] (Thread-676) Closing reporter org.apache.kafka.common.telemetry.internals.ClientTelemetryReporter
2025-08-12 14:56:45,453 INFO  [org.apa.kaf.com.met.Metrics] (Thread-676) Metrics reporters closed
2025-08-12 14:56:45,453 INFO  [org.apa.kaf.com.uti.AppInfoParser] (Thread-676) App info kafka.producer for Producer-topic-3c873bfa_e749_4377_af38_c385b7f94e91 unregistered
**** Registry Base URL: http://registry-app-ksql043.apps.ci419.apicurio-testing.org:80
2025-08-12 14:56:45,454 INFO  [org.apa.kaf.cli.pro.ProducerConfig] (main) ProducerConfig values: 
	acks = -1
	auto.include.jmx.reporter = true
	batch.size = 16384
	bootstrap.servers = [PLAINTEXT://localhost:32769]
	buffer.memory = 33554432
	client.dns.lookup = use_all_dns_ips
	client.id = Producer-topic-3c873bfa_e749_4377_af38_c385b7f94e91
	compression.gzip.level = -1
	compression.lz4.level = 9
	compression.type = none
	compression.zstd.level = 3
	connections.max.idle.ms = 10000
	delivery.timeout.ms = 120000
	enable.idempotence = true
	enable.metrics.push = true
	interceptor.classes = []
	key.serializer = class org.apache.kafka.common.serialization.StringSerializer
	linger.ms = 0
	max.block.ms = 60000
	max.in.flight.requests.per.connection = 5
	max.request.size = 1048576
	metadata.max.age.ms = 300000
	metadata.max.idle.ms = 300000
	metadata.recovery.strategy = none
	metric.reporters = []
	metrics.num.samples = 2
	metrics.recording.level = INFO
	metrics.sample.window.ms = 30000
	partitioner.adaptive.partitioning.enable = true
	partitioner.availability.timeout.ms = 0
	partitioner.class = null
	partitioner.ignore.keys = false
	receive.buffer.bytes = 32768
	reconnect.backoff.max.ms = 1000
	reconnect.backoff.ms = 50
	request.timeout.ms = 5000
	retries = 2147483647
	retry.backoff.max.ms = 1000
	retry.backoff.ms = 100
	sasl.client.callback.handler.class = null
	sasl.jaas.config = null
	sasl.kerberos.kinit.cmd = /usr/bin/kinit
	sasl.kerberos.min.time.before.relogin = 60000
	sasl.kerberos.service.name = null
	sasl.kerberos.ticket.renew.jitter = 0.05
	sasl.kerberos.ticket.renew.window.factor = 0.8
	sasl.login.callback.handler.class = null
	sasl.login.class = null
	sasl.login.connect.timeout.ms = null
	sasl.login.read.timeout.ms = null
	sasl.login.refresh.buffer.seconds = 300
	sasl.login.refresh.min.period.seconds = 60
	sasl.login.refresh.window.factor = 0.8
	sasl.login.refresh.window.jitter = 0.05
	sasl.login.retry.backoff.max.ms = 10000
	sasl.login.retry.backoff.ms = 100
	sasl.mechanism = GSSAPI
	sasl.oauthbearer.clock.skew.seconds = 30
	sasl.oauthbearer.expected.audience = null
	sasl.oauthbearer.expected.issuer = null
	sasl.oauthbearer.header.urlencode = false
	sasl.oauthbearer.jwks.endpoint.refresh.ms = 3600000
	sasl.oauthbearer.jwks.endpoint.retry.backoff.max.ms = 10000
	sasl.oauthbearer.jwks.endpoint.retry.backoff.ms = 100
	sasl.oauthbearer.jwks.endpoint.url = null
	sasl.oauthbearer.scope.claim.name = scope
	sasl.oauthbearer.sub.claim.name = sub
	sasl.oauthbearer.token.endpoint.url = null
	security.protocol = PLAINTEXT
	security.providers = null
	send.buffer.bytes = 131072
	socket.connection.setup.timeout.max.ms = 30000
	socket.connection.setup.timeout.ms = 10000
	ssl.cipher.suites = null
	ssl.enabled.protocols = [TLSv1.2, TLSv1.3]
	ssl.endpoint.identification.algorithm = https
	ssl.engine.factory.class = null
	ssl.key.password = null
	ssl.keymanager.algorithm = SunX509
	ssl.keystore.certificate.chain = null
	ssl.keystore.key = null
	ssl.keystore.location = null
	ssl.keystore.password = null
	ssl.keystore.type = JKS
	ssl.protocol = TLSv1.3
	ssl.provider = null
	ssl.secure.random.implementation = null
	ssl.trustmanager.algorithm = PKIX
	ssl.truststore.certificates = null
	ssl.truststore.location = null
	ssl.truststore.password = null
	ssl.truststore.type = JKS
	transaction.timeout.ms = 60000
	transactional.id = null
	value.serializer = class io.apicurio.registry.serde.avro.AvroKafkaSerializer

2025-08-12 14:56:45,454 INFO  [org.apa.kaf.com.tel.int.KafkaMetricsCollector] (main) initializing Kafka metrics collector
2025-08-12 14:56:45,458 INFO  [org.apa.kaf.cli.pro.KafkaProducer] (main) [Producer clientId=Producer-topic-3c873bfa_e749_4377_af38_c385b7f94e91] Instantiated an idempotent producer.
2025-08-12 14:56:45,469 INFO  [org.apa.kaf.cli.pro.ProducerConfig] (main) These configurations '[apicurio.registry.url, apicurio.registry.artifact-resolver-strategy]' were supplied but are not used yet.
2025-08-12 14:56:45,469 INFO  [org.apa.kaf.com.uti.AppInfoParser] (main) Kafka version: 3.9.1
2025-08-12 14:56:45,469 INFO  [org.apa.kaf.com.uti.AppInfoParser] (main) Kafka commitId: f745dfdcee2b9851
2025-08-12 14:56:45,469 INFO  [org.apa.kaf.com.uti.AppInfoParser] (main) Kafka startTimeMs: 1755010605469
2025-08-12 14:56:45,470 INFO  [io.api.tes.ser.api.KafkaSerdesTester] (Thread-679) Sending message {"key11755010599342": "value-0"} to topic topic-3c873bfa_e749_4377_af38_c385b7f94e91
2025-08-12 14:56:45,472 INFO  [org.apa.kaf.cli.Metadata] (kafka-producer-network-thread | Producer-topic-3c873bfa_e749_4377_af38_c385b7f94e91) [Producer clientId=Producer-topic-3c873bfa_e749_4377_af38_c385b7f94e91] Cluster ID: 0yZUVcJRR-Oeoz-b4JS1zQ
2025-08-12 14:56:45,473 INFO  [org.apa.kaf.cli.pro.int.TransactionManager] (kafka-producer-network-thread | Producer-topic-3c873bfa_e749_4377_af38_c385b7f94e91) [Producer clientId=Producer-topic-3c873bfa_e749_4377_af38_c385b7f94e91] ProducerId set to 14 with epoch 0
2025-08-12 14:56:45,473 INFO  [DefaultSchemaResolver] (Thread-679) Retrieving schema content using string: {"type":"record","name":"s02aa2e6dxbb0cx479fxaa61xd2bdc3f0d191","namespace":"ns_59a29109_7ee6_419b_9d08_be0273ac0a77","fields":[{"name":"key11755010599342","type":"string"}]}
2025-08-12 14:56:45,549 INFO  [io.api.tes.ser.api.KafkaSerdesTester] (Thread-679) Sending message {"key11755010599342": "value-1"} to topic topic-3c873bfa_e749_4377_af38_c385b7f94e91
2025-08-12 14:56:45,551 INFO  [io.api.tes.ser.api.KafkaSerdesTester] (Thread-679) Sending message {"key11755010599342": "value-2"} to topic topic-3c873bfa_e749_4377_af38_c385b7f94e91
2025-08-12 14:56:45,552 INFO  [io.api.tes.ser.api.KafkaSerdesTester] (Thread-679) Sending message {"key11755010599342": "value-3"} to topic topic-3c873bfa_e749_4377_af38_c385b7f94e91
2025-08-12 14:56:45,553 INFO  [io.api.tes.ser.api.KafkaSerdesTester] (Thread-679) Sending message {"key11755010599342": "value-4"} to topic topic-3c873bfa_e749_4377_af38_c385b7f94e91
2025-08-12 14:56:45,554 INFO  [io.api.tes.ser.api.KafkaSerdesTester] (Thread-679) Sending message {"key11755010599342": "value-5"} to topic topic-3c873bfa_e749_4377_af38_c385b7f94e91
2025-08-12 14:56:45,556 INFO  [io.api.tes.ser.api.KafkaSerdesTester] (Thread-679) Sending message {"key11755010599342": "value-6"} to topic topic-3c873bfa_e749_4377_af38_c385b7f94e91
2025-08-12 14:56:45,557 INFO  [io.api.tes.ser.api.KafkaSerdesTester] (Thread-679) Sending message {"key11755010599342": "value-7"} to topic topic-3c873bfa_e749_4377_af38_c385b7f94e91
2025-08-12 14:56:45,558 INFO  [io.api.tes.ser.api.KafkaSerdesTester] (Thread-679) Sending message {"key11755010599342": "value-8"} to topic topic-3c873bfa_e749_4377_af38_c385b7f94e91
2025-08-12 14:56:45,559 INFO  [io.api.tes.ser.api.KafkaSerdesTester] (Thread-679) Sending message {"key11755010599342": "value-9"} to topic topic-3c873bfa_e749_4377_af38_c385b7f94e91
2025-08-12 14:56:45,560 INFO  [io.api.tes.ser.api.KafkaSerdesTester] (Thread-679) Produced 10 messages
2025-08-12 14:56:45,561 INFO  [org.apa.kaf.cli.pro.KafkaProducer] (Thread-679) [Producer clientId=Producer-topic-3c873bfa_e749_4377_af38_c385b7f94e91] Closing the Kafka producer with timeoutMillis = 9223372036854775807 ms.
2025-08-12 14:56:45,563 INFO  [org.apa.kaf.com.met.Metrics] (Thread-679) Metrics scheduler closed
2025-08-12 14:56:45,563 INFO  [org.apa.kaf.com.met.Metrics] (Thread-679) Closing reporter org.apache.kafka.common.metrics.JmxReporter
2025-08-12 14:56:45,563 INFO  [org.apa.kaf.com.met.Metrics] (Thread-679) Closing reporter org.apache.kafka.common.telemetry.internals.ClientTelemetryReporter
2025-08-12 14:56:45,563 INFO  [org.apa.kaf.com.met.Metrics] (Thread-679) Metrics reporters closed
2025-08-12 14:56:45,563 INFO  [org.apa.kaf.com.uti.AppInfoParser] (Thread-679) App info kafka.producer for Producer-topic-3c873bfa_e749_4377_af38_c385b7f94e91 unregistered
**** Registry Base URL: http://registry-app-ksql043.apps.ci419.apicurio-testing.org:80
2025-08-12 14:56:45,564 INFO  [org.apa.kaf.cli.con.ConsumerConfig] (main) ConsumerConfig values: 
	allow.auto.create.topics = true
	auto.commit.interval.ms = 500
	auto.include.jmx.reporter = true
	auto.offset.reset = earliest
	bootstrap.servers = [PLAINTEXT://localhost:32769]
	check.crcs = true
	client.dns.lookup = use_all_dns_ips
	client.id = consumer-Consumer-topic-3c873bfa_e749_4377_af38_c385b7f94e91-11
	client.rack = 
	connections.max.idle.ms = 10000
	default.api.timeout.ms = 60000
	enable.auto.commit = true
	enable.metrics.push = true
	exclude.internal.topics = true
	fetch.max.bytes = 52428800
	fetch.max.wait.ms = 500
	fetch.min.bytes = 1
	group.id = Consumer-topic-3c873bfa_e749_4377_af38_c385b7f94e91
	group.instance.id = null
	group.protocol = classic
	group.remote.assignor = null
	heartbeat.interval.ms = 3000
	interceptor.classes = []
	internal.leave.group.on.close = true
	internal.throw.on.fetch.stable.offset.unsupported = false
	isolation.level = read_uncommitted
	key.deserializer = class org.apache.kafka.common.serialization.StringDeserializer
	max.partition.fetch.bytes = 1048576
	max.poll.interval.ms = 300000
	max.poll.records = 500
	metadata.max.age.ms = 300000
	metadata.recovery.strategy = none
	metric.reporters = []
	metrics.num.samples = 2
	metrics.recording.level = INFO
	metrics.sample.window.ms = 30000
	partition.assignment.strategy = [class org.apache.kafka.clients.consumer.RangeAssignor, class org.apache.kafka.clients.consumer.CooperativeStickyAssignor]
	receive.buffer.bytes = 65536
	reconnect.backoff.max.ms = 1000
	reconnect.backoff.ms = 50
	request.timeout.ms = 5000
	retry.backoff.max.ms = 1000
	retry.backoff.ms = 100
	sasl.client.callback.handler.class = null
	sasl.jaas.config = null
	sasl.kerberos.kinit.cmd = /usr/bin/kinit
	sasl.kerberos.min.time.before.relogin = 60000
	sasl.kerberos.service.name = null
	sasl.kerberos.ticket.renew.jitter = 0.05
	sasl.kerberos.ticket.renew.window.factor = 0.8
	sasl.login.callback.handler.class = null
	sasl.login.class = null
	sasl.login.connect.timeout.ms = null
	sasl.login.read.timeout.ms = null
	sasl.login.refresh.buffer.seconds = 300
	sasl.login.refresh.min.period.seconds = 60
	sasl.login.refresh.window.factor = 0.8
	sasl.login.refresh.window.jitter = 0.05
	sasl.login.retry.backoff.max.ms = 10000
	sasl.login.retry.backoff.ms = 100
	sasl.mechanism = GSSAPI
	sasl.oauthbearer.clock.skew.seconds = 30
	sasl.oauthbearer.expected.audience = null
	sasl.oauthbearer.expected.issuer = null
	sasl.oauthbearer.header.urlencode = false
	sasl.oauthbearer.jwks.endpoint.refresh.ms = 3600000
	sasl.oauthbearer.jwks.endpoint.retry.backoff.max.ms = 10000
	sasl.oauthbearer.jwks.endpoint.retry.backoff.ms = 100
	sasl.oauthbearer.jwks.endpoint.url = null
	sasl.oauthbearer.scope.claim.name = scope
	sasl.oauthbearer.sub.claim.name = sub
	sasl.oauthbearer.token.endpoint.url = null
	security.protocol = PLAINTEXT
	security.providers = null
	send.buffer.bytes = 131072
	session.timeout.ms = 45000
	socket.connection.setup.timeout.max.ms = 30000
	socket.connection.setup.timeout.ms = 10000
	ssl.cipher.suites = null
	ssl.enabled.protocols = [TLSv1.2, TLSv1.3]
	ssl.endpoint.identification.algorithm = https
	ssl.engine.factory.class = null
	ssl.key.password = null
	ssl.keymanager.algorithm = SunX509
	ssl.keystore.certificate.chain = null
	ssl.keystore.key = null
	ssl.keystore.location = null
	ssl.keystore.password = null
	ssl.keystore.type = JKS
	ssl.protocol = TLSv1.3
	ssl.provider = null
	ssl.secure.random.implementation = null
	ssl.trustmanager.algorithm = PKIX
	ssl.truststore.certificates = null
	ssl.truststore.location = null
	ssl.truststore.password = null
	ssl.truststore.type = JKS
	value.deserializer = class io.apicurio.registry.serde.avro.AvroKafkaDeserializer

2025-08-12 14:56:45,564 INFO  [org.apa.kaf.com.tel.int.KafkaMetricsCollector] (main) initializing Kafka metrics collector
2025-08-12 14:56:45,571 INFO  [org.apa.kaf.cli.con.ConsumerConfig] (main) These configurations '[apicurio.registry.url]' were supplied but are not used yet.
2025-08-12 14:56:45,571 INFO  [org.apa.kaf.com.uti.AppInfoParser] (main) Kafka version: 3.9.1
2025-08-12 14:56:45,571 INFO  [org.apa.kaf.com.uti.AppInfoParser] (main) Kafka commitId: f745dfdcee2b9851
2025-08-12 14:56:45,571 INFO  [org.apa.kaf.com.uti.AppInfoParser] (main) Kafka startTimeMs: 1755010605571
2025-08-12 14:56:45,571 INFO  [org.apa.kaf.cli.con.int.ClassicKafkaConsumer] (Thread-682) [Consumer clientId=consumer-Consumer-topic-3c873bfa_e749_4377_af38_c385b7f94e91-11, groupId=Consumer-topic-3c873bfa_e749_4377_af38_c385b7f94e91] Subscribed to topic(s): topic-3c873bfa_e749_4377_af38_c385b7f94e91
2025-08-12 14:56:45,576 INFO  [org.apa.kaf.cli.Metadata] (Thread-682) [Consumer clientId=consumer-Consumer-topic-3c873bfa_e749_4377_af38_c385b7f94e91-11, groupId=Consumer-topic-3c873bfa_e749_4377_af38_c385b7f94e91] Cluster ID: 0yZUVcJRR-Oeoz-b4JS1zQ
2025-08-12 14:56:45,581 INFO  [org.apa.kaf.cli.con.int.ConsumerCoordinator] (Thread-682) [Consumer clientId=consumer-Consumer-topic-3c873bfa_e749_4377_af38_c385b7f94e91-11, groupId=Consumer-topic-3c873bfa_e749_4377_af38_c385b7f94e91] Discovered group coordinator localhost:32769 (id: 2147483647 rack: null)
2025-08-12 14:56:45,584 INFO  [org.apa.kaf.cli.con.int.ConsumerCoordinator] (Thread-682) [Consumer clientId=consumer-Consumer-topic-3c873bfa_e749_4377_af38_c385b7f94e91-11, groupId=Consumer-topic-3c873bfa_e749_4377_af38_c385b7f94e91] (Re-)joining group
2025-08-12 14:56:45,594 INFO  [org.apa.kaf.cli.con.int.ConsumerCoordinator] (Thread-682) [Consumer clientId=consumer-Consumer-topic-3c873bfa_e749_4377_af38_c385b7f94e91-11, groupId=Consumer-topic-3c873bfa_e749_4377_af38_c385b7f94e91] Request joining group due to: need to re-join with the given member-id: consumer-Consumer-topic-3c873bfa_e749_4377_af38_c385b7f94e91-11-3ffcbcdc-9b5f-4b5a-84c1-97bb759def1a
2025-08-12 14:56:45,594 INFO  [org.apa.kaf.cli.con.int.ConsumerCoordinator] (Thread-682) [Consumer clientId=consumer-Consumer-topic-3c873bfa_e749_4377_af38_c385b7f94e91-11, groupId=Consumer-topic-3c873bfa_e749_4377_af38_c385b7f94e91] (Re-)joining group
2025-08-12 14:56:46,571 INFO  [io.api.tes.ser.api.KafkaSerdesTester] (Thread-682) None found
2025-08-12 14:56:47,571 INFO  [io.api.tes.ser.api.KafkaSerdesTester] (Thread-682) None found
2025-08-12 14:56:48,571 INFO  [io.api.tes.ser.api.KafkaSerdesTester] (Thread-682) None found
2025-08-12 14:56:48,602 INFO  [org.apa.kaf.cli.con.int.ConsumerCoordinator] (Thread-682) [Consumer clientId=consumer-Consumer-topic-3c873bfa_e749_4377_af38_c385b7f94e91-11, groupId=Consumer-topic-3c873bfa_e749_4377_af38_c385b7f94e91] Successfully joined group with generation Generation{generationId=3, memberId='consumer-Consumer-topic-3c873bfa_e749_4377_af38_c385b7f94e91-11-3ffcbcdc-9b5f-4b5a-84c1-97bb759def1a', protocol='range'}
2025-08-12 14:56:48,603 INFO  [org.apa.kaf.cli.con.int.ConsumerCoordinator] (Thread-682) [Consumer clientId=consumer-Consumer-topic-3c873bfa_e749_4377_af38_c385b7f94e91-11, groupId=Consumer-topic-3c873bfa_e749_4377_af38_c385b7f94e91] Finished assignment for group at generation 3: {consumer-Consumer-topic-3c873bfa_e749_4377_af38_c385b7f94e91-11-3ffcbcdc-9b5f-4b5a-84c1-97bb759def1a=Assignment(partitions=[topic-3c873bfa_e749_4377_af38_c385b7f94e91-0])}
2025-08-12 14:56:48,609 INFO  [org.apa.kaf.cli.con.int.ConsumerCoordinator] (Thread-682) [Consumer clientId=consumer-Consumer-topic-3c873bfa_e749_4377_af38_c385b7f94e91-11, groupId=Consumer-topic-3c873bfa_e749_4377_af38_c385b7f94e91] Successfully synced group in generation Generation{generationId=3, memberId='consumer-Consumer-topic-3c873bfa_e749_4377_af38_c385b7f94e91-11-3ffcbcdc-9b5f-4b5a-84c1-97bb759def1a', protocol='range'}
2025-08-12 14:56:48,610 INFO  [org.apa.kaf.cli.con.int.ConsumerCoordinator] (Thread-682) [Consumer clientId=consumer-Consumer-topic-3c873bfa_e749_4377_af38_c385b7f94e91-11, groupId=Consumer-topic-3c873bfa_e749_4377_af38_c385b7f94e91] Notifying assignor about the new Assignment(partitions=[topic-3c873bfa_e749_4377_af38_c385b7f94e91-0])
2025-08-12 14:56:48,610 INFO  [org.apa.kaf.cli.con.int.ConsumerRebalanceListenerInvoker] (Thread-682) [Consumer clientId=consumer-Consumer-topic-3c873bfa_e749_4377_af38_c385b7f94e91-11, groupId=Consumer-topic-3c873bfa_e749_4377_af38_c385b7f94e91] Adding newly assigned partitions: topic-3c873bfa_e749_4377_af38_c385b7f94e91-0
2025-08-12 14:56:48,611 INFO  [org.apa.kaf.cli.con.int.ConsumerUtils] (Thread-682) Setting offset for partition topic-3c873bfa_e749_4377_af38_c385b7f94e91-0 to the committed offset FetchPosition{offset=10, offsetEpoch=Optional[0], currentLeader=LeaderAndEpoch{leader=Optional[localhost:32769 (id: 0 rack: null)], epoch=0}}
2025-08-12 14:56:48,818 INFO  [io.api.tes.ser.api.KafkaSerdesTester] (Thread-682) topic-3c873bfa_e749_4377_af38_c385b7f94e91 0 10 {"key11755010599342": "value-0", "key21755010604237": "value-0"}
2025-08-12 14:56:48,818 INFO  [io.api.tes.ser.api.KafkaSerdesTester] (Thread-682) topic-3c873bfa_e749_4377_af38_c385b7f94e91 0 11 {"key11755010599342": "value-1", "key21755010604237": "value-1"}
2025-08-12 14:56:48,818 INFO  [io.api.tes.ser.api.KafkaSerdesTester] (Thread-682) topic-3c873bfa_e749_4377_af38_c385b7f94e91 0 12 {"key11755010599342": "value-2", "key21755010604237": "value-2"}
2025-08-12 14:56:48,818 INFO  [io.api.tes.ser.api.KafkaSerdesTester] (Thread-682) topic-3c873bfa_e749_4377_af38_c385b7f94e91 0 13 {"key11755010599342": "value-3", "key21755010604237": "value-3"}
2025-08-12 14:56:48,818 INFO  [io.api.tes.ser.api.KafkaSerdesTester] (Thread-682) topic-3c873bfa_e749_4377_af38_c385b7f94e91 0 14 {"key11755010599342": "value-4", "key21755010604237": "value-4"}
2025-08-12 14:56:48,818 INFO  [io.api.tes.ser.api.KafkaSerdesTester] (Thread-682) topic-3c873bfa_e749_4377_af38_c385b7f94e91 0 15 {"key11755010599342": "value-5", "key21755010604237": "value-5"}
2025-08-12 14:56:48,819 INFO  [io.api.tes.ser.api.KafkaSerdesTester] (Thread-682) topic-3c873bfa_e749_4377_af38_c385b7f94e91 0 16 {"key11755010599342": "value-6", "key21755010604237": "value-6"}
2025-08-12 14:56:48,819 INFO  [io.api.tes.ser.api.KafkaSerdesTester] (Thread-682) topic-3c873bfa_e749_4377_af38_c385b7f94e91 0 17 {"key11755010599342": "value-7", "key21755010604237": "value-7"}
2025-08-12 14:56:48,819 INFO  [io.api.tes.ser.api.KafkaSerdesTester] (Thread-682) topic-3c873bfa_e749_4377_af38_c385b7f94e91 0 18 {"key11755010599342": "value-8", "key21755010604237": "value-8"}
2025-08-12 14:56:48,819 INFO  [io.api.tes.ser.api.KafkaSerdesTester] (Thread-682) topic-3c873bfa_e749_4377_af38_c385b7f94e91 0 19 {"key11755010599342": "value-9", "key21755010604237": "value-9"}
2025-08-12 14:56:48,819 INFO  [io.api.tes.ser.api.KafkaSerdesTester] (Thread-682) topic-3c873bfa_e749_4377_af38_c385b7f94e91 0 20 {"key11755010599342": "value-0"}
2025-08-12 14:56:48,819 INFO  [io.api.tes.ser.api.KafkaSerdesTester] (Thread-682) topic-3c873bfa_e749_4377_af38_c385b7f94e91 0 21 {"key11755010599342": "value-1"}
2025-08-12 14:56:48,819 INFO  [io.api.tes.ser.api.KafkaSerdesTester] (Thread-682) topic-3c873bfa_e749_4377_af38_c385b7f94e91 0 22 {"key11755010599342": "value-2"}
2025-08-12 14:56:48,819 INFO  [io.api.tes.ser.api.KafkaSerdesTester] (Thread-682) topic-3c873bfa_e749_4377_af38_c385b7f94e91 0 23 {"key11755010599342": "value-3"}
2025-08-12 14:56:48,819 INFO  [io.api.tes.ser.api.KafkaSerdesTester] (Thread-682) topic-3c873bfa_e749_4377_af38_c385b7f94e91 0 24 {"key11755010599342": "value-4"}
2025-08-12 14:56:48,819 INFO  [io.api.tes.ser.api.KafkaSerdesTester] (Thread-682) topic-3c873bfa_e749_4377_af38_c385b7f94e91 0 25 {"key11755010599342": "value-5"}
2025-08-12 14:56:48,819 INFO  [io.api.tes.ser.api.KafkaSerdesTester] (Thread-682) topic-3c873bfa_e749_4377_af38_c385b7f94e91 0 26 {"key11755010599342": "value-6"}
2025-08-12 14:56:48,819 INFO  [io.api.tes.ser.api.KafkaSerdesTester] (Thread-682) topic-3c873bfa_e749_4377_af38_c385b7f94e91 0 27 {"key11755010599342": "value-7"}
2025-08-12 14:56:48,819 INFO  [io.api.tes.ser.api.KafkaSerdesTester] (Thread-682) topic-3c873bfa_e749_4377_af38_c385b7f94e91 0 28 {"key11755010599342": "value-8"}
2025-08-12 14:56:48,819 INFO  [io.api.tes.ser.api.KafkaSerdesTester] (Thread-682) topic-3c873bfa_e749_4377_af38_c385b7f94e91 0 29 {"key11755010599342": "value-9"}
2025-08-12 14:56:48,819 INFO  [io.api.tes.ser.api.KafkaSerdesTester] (Thread-682) Consumed 20 messages
2025-08-12 14:56:48,827 INFO  [org.apa.kaf.cli.con.int.ConsumerRebalanceListenerInvoker] (Thread-682) [Consumer clientId=consumer-Consumer-topic-3c873bfa_e749_4377_af38_c385b7f94e91-11, groupId=Consumer-topic-3c873bfa_e749_4377_af38_c385b7f94e91] Revoke previously assigned partitions topic-3c873bfa_e749_4377_af38_c385b7f94e91-0
2025-08-12 14:56:48,827 INFO  [org.apa.kaf.cli.con.int.ConsumerCoordinator] (Thread-682) [Consumer clientId=consumer-Consumer-topic-3c873bfa_e749_4377_af38_c385b7f94e91-11, groupId=Consumer-topic-3c873bfa_e749_4377_af38_c385b7f94e91] Member consumer-Consumer-topic-3c873bfa_e749_4377_af38_c385b7f94e91-11-3ffcbcdc-9b5f-4b5a-84c1-97bb759def1a sending LeaveGroup request to coordinator localhost:32769 (id: 2147483647 rack: null) due to the consumer is being closed
2025-08-12 14:56:48,827 INFO  [org.apa.kaf.cli.con.int.ConsumerCoordinator] (Thread-682) [Consumer clientId=consumer-Consumer-topic-3c873bfa_e749_4377_af38_c385b7f94e91-11, groupId=Consumer-topic-3c873bfa_e749_4377_af38_c385b7f94e91] Resetting generation and member id due to: consumer pro-actively leaving the group
2025-08-12 14:56:48,827 INFO  [org.apa.kaf.cli.con.int.ConsumerCoordinator] (Thread-682) [Consumer clientId=consumer-Consumer-topic-3c873bfa_e749_4377_af38_c385b7f94e91-11, groupId=Consumer-topic-3c873bfa_e749_4377_af38_c385b7f94e91] Request joining group due to: consumer pro-actively leaving the group
2025-08-12 14:56:49,322 INFO  [org.apa.kaf.com.met.Metrics] (Thread-682) Metrics scheduler closed
2025-08-12 14:56:49,322 INFO  [org.apa.kaf.com.met.Metrics] (Thread-682) Closing reporter org.apache.kafka.common.metrics.JmxReporter
2025-08-12 14:56:49,322 INFO  [org.apa.kaf.com.met.Metrics] (Thread-682) Closing reporter org.apache.kafka.common.telemetry.internals.ClientTelemetryReporter
2025-08-12 14:56:49,322 INFO  [org.apa.kaf.com.met.Metrics] (Thread-682) Metrics reporters closed
2025-08-12 14:56:49,325 INFO  [org.apa.kaf.com.uti.AppInfoParser] (Thread-682) App info kafka.consumer for consumer-Consumer-topic-3c873bfa_e749_4377_af38_c385b7f94e91-11 unregistered
2025-08-12 14:56:49,326 INFO  [io.api.tes.ser.api.AvroSerdeIT] (main) Registering Avro Schema 3: {"type":"record","name":"s02aa2e6dxbb0cx479fxaa61xd2bdc3f0d191","namespace":"ns_59a29109_7ee6_419b_9d08_be0273ac0a77","fields":[{"name":"key11755010599342","type":"string"},{"name":"key21755010604237","type":"string"},{"name":"key31755010609325","type":"string"}]}
**** Registry Base URL: http://registry-app-ksql043.apps.ci419.apicurio-testing.org:80
2025-08-12 14:56:50,432 INFO  [org.apa.kaf.cli.pro.ProducerConfig] (main) ProducerConfig values: 
	acks = -1
	auto.include.jmx.reporter = true
	batch.size = 16384
	bootstrap.servers = [PLAINTEXT://localhost:32769]
	buffer.memory = 33554432
	client.dns.lookup = use_all_dns_ips
	client.id = Producer-topic-3c873bfa_e749_4377_af38_c385b7f94e91
	compression.gzip.level = -1
	compression.lz4.level = 9
	compression.type = none
	compression.zstd.level = 3
	connections.max.idle.ms = 10000
	delivery.timeout.ms = 120000
	enable.idempotence = true
	enable.metrics.push = true
	interceptor.classes = []
	key.serializer = class org.apache.kafka.common.serialization.StringSerializer
	linger.ms = 0
	max.block.ms = 60000
	max.in.flight.requests.per.connection = 5
	max.request.size = 1048576
	metadata.max.age.ms = 300000
	metadata.max.idle.ms = 300000
	metadata.recovery.strategy = none
	metric.reporters = []
	metrics.num.samples = 2
	metrics.recording.level = INFO
	metrics.sample.window.ms = 30000
	partitioner.adaptive.partitioning.enable = true
	partitioner.availability.timeout.ms = 0
	partitioner.class = null
	partitioner.ignore.keys = false
	receive.buffer.bytes = 32768
	reconnect.backoff.max.ms = 1000
	reconnect.backoff.ms = 50
	request.timeout.ms = 5000
	retries = 2147483647
	retry.backoff.max.ms = 1000
	retry.backoff.ms = 100
	sasl.client.callback.handler.class = null
	sasl.jaas.config = null
	sasl.kerberos.kinit.cmd = /usr/bin/kinit
	sasl.kerberos.min.time.before.relogin = 60000
	sasl.kerberos.service.name = null
	sasl.kerberos.ticket.renew.jitter = 0.05
	sasl.kerberos.ticket.renew.window.factor = 0.8
	sasl.login.callback.handler.class = null
	sasl.login.class = null
	sasl.login.connect.timeout.ms = null
	sasl.login.read.timeout.ms = null
	sasl.login.refresh.buffer.seconds = 300
	sasl.login.refresh.min.period.seconds = 60
	sasl.login.refresh.window.factor = 0.8
	sasl.login.refresh.window.jitter = 0.05
	sasl.login.retry.backoff.max.ms = 10000
	sasl.login.retry.backoff.ms = 100
	sasl.mechanism = GSSAPI
	sasl.oauthbearer.clock.skew.seconds = 30
	sasl.oauthbearer.expected.audience = null
	sasl.oauthbearer.expected.issuer = null
	sasl.oauthbearer.header.urlencode = false
	sasl.oauthbearer.jwks.endpoint.refresh.ms = 3600000
	sasl.oauthbearer.jwks.endpoint.retry.backoff.max.ms = 10000
	sasl.oauthbearer.jwks.endpoint.retry.backoff.ms = 100
	sasl.oauthbearer.jwks.endpoint.url = null
	sasl.oauthbearer.scope.claim.name = scope
	sasl.oauthbearer.sub.claim.name = sub
	sasl.oauthbearer.token.endpoint.url = null
	security.protocol = PLAINTEXT
	security.providers = null
	send.buffer.bytes = 131072
	socket.connection.setup.timeout.max.ms = 30000
	socket.connection.setup.timeout.ms = 10000
	ssl.cipher.suites = null
	ssl.enabled.protocols = [TLSv1.2, TLSv1.3]
	ssl.endpoint.identification.algorithm = https
	ssl.engine.factory.class = null
	ssl.key.password = null
	ssl.keymanager.algorithm = SunX509
	ssl.keystore.certificate.chain = null
	ssl.keystore.key = null
	ssl.keystore.location = null
	ssl.keystore.password = null
	ssl.keystore.type = JKS
	ssl.protocol = TLSv1.3
	ssl.provider = null
	ssl.secure.random.implementation = null
	ssl.trustmanager.algorithm = PKIX
	ssl.truststore.certificates = null
	ssl.truststore.location = null
	ssl.truststore.password = null
	ssl.truststore.type = JKS
	transaction.timeout.ms = 60000
	transactional.id = null
	value.serializer = class io.apicurio.registry.serde.avro.AvroKafkaSerializer

2025-08-12 14:56:50,433 INFO  [org.apa.kaf.com.tel.int.KafkaMetricsCollector] (main) initializing Kafka metrics collector
2025-08-12 14:56:50,438 INFO  [org.apa.kaf.cli.pro.KafkaProducer] (main) [Producer clientId=Producer-topic-3c873bfa_e749_4377_af38_c385b7f94e91] Instantiated an idempotent producer.
2025-08-12 14:56:50,441 INFO  [org.apa.kaf.cli.pro.ProducerConfig] (main) These configurations '[apicurio.registry.url, apicurio.registry.artifact-resolver-strategy]' were supplied but are not used yet.
2025-08-12 14:56:50,441 INFO  [org.apa.kaf.com.uti.AppInfoParser] (main) Kafka version: 3.9.1
2025-08-12 14:56:50,441 INFO  [org.apa.kaf.com.uti.AppInfoParser] (main) Kafka commitId: f745dfdcee2b9851
2025-08-12 14:56:50,441 INFO  [org.apa.kaf.com.uti.AppInfoParser] (main) Kafka startTimeMs: 1755010610441
2025-08-12 14:56:50,443 INFO  [io.api.tes.ser.api.KafkaSerdesTester] (Thread-685) Sending message {"key11755010599342": "value-0", "key21755010604237": "value-0", "key31755010609325": "value-0"} to topic topic-3c873bfa_e749_4377_af38_c385b7f94e91
2025-08-12 14:56:50,446 INFO  [org.apa.kaf.cli.Metadata] (kafka-producer-network-thread | Producer-topic-3c873bfa_e749_4377_af38_c385b7f94e91) [Producer clientId=Producer-topic-3c873bfa_e749_4377_af38_c385b7f94e91] Cluster ID: 0yZUVcJRR-Oeoz-b4JS1zQ
2025-08-12 14:56:50,446 INFO  [DefaultSchemaResolver] (Thread-685) Retrieving schema content using string: {"type":"record","name":"s02aa2e6dxbb0cx479fxaa61xd2bdc3f0d191","namespace":"ns_59a29109_7ee6_419b_9d08_be0273ac0a77","fields":[{"name":"key11755010599342","type":"string"},{"name":"key21755010604237","type":"string"},{"name":"key31755010609325","type":"string"}]}
2025-08-12 14:56:50,447 INFO  [org.apa.kaf.cli.pro.int.TransactionManager] (kafka-producer-network-thread | Producer-topic-3c873bfa_e749_4377_af38_c385b7f94e91) [Producer clientId=Producer-topic-3c873bfa_e749_4377_af38_c385b7f94e91] ProducerId set to 15 with epoch 0
2025-08-12 14:56:50,529 INFO  [io.api.tes.ser.api.KafkaSerdesTester] (Thread-685) Sending message {"key11755010599342": "value-1", "key21755010604237": "value-1", "key31755010609325": "value-1"} to topic topic-3c873bfa_e749_4377_af38_c385b7f94e91
2025-08-12 14:56:50,531 INFO  [io.api.tes.ser.api.KafkaSerdesTester] (Thread-685) Sending message {"key11755010599342": "value-2", "key21755010604237": "value-2", "key31755010609325": "value-2"} to topic topic-3c873bfa_e749_4377_af38_c385b7f94e91
2025-08-12 14:56:50,532 INFO  [io.api.tes.ser.api.KafkaSerdesTester] (Thread-685) Sending message {"key11755010599342": "value-3", "key21755010604237": "value-3", "key31755010609325": "value-3"} to topic topic-3c873bfa_e749_4377_af38_c385b7f94e91
2025-08-12 14:56:50,533 INFO  [io.api.tes.ser.api.KafkaSerdesTester] (Thread-685) Sending message {"key11755010599342": "value-4", "key21755010604237": "value-4", "key31755010609325": "value-4"} to topic topic-3c873bfa_e749_4377_af38_c385b7f94e91
2025-08-12 14:56:50,535 INFO  [io.api.tes.ser.api.KafkaSerdesTester] (Thread-685) Sending message {"key11755010599342": "value-5", "key21755010604237": "value-5", "key31755010609325": "value-5"} to topic topic-3c873bfa_e749_4377_af38_c385b7f94e91
2025-08-12 14:56:50,538 INFO  [io.api.tes.ser.api.KafkaSerdesTester] (Thread-685) Sending message {"key11755010599342": "value-6", "key21755010604237": "value-6", "key31755010609325": "value-6"} to topic topic-3c873bfa_e749_4377_af38_c385b7f94e91
2025-08-12 14:56:50,539 INFO  [io.api.tes.ser.api.KafkaSerdesTester] (Thread-685) Sending message {"key11755010599342": "value-7", "key21755010604237": "value-7", "key31755010609325": "value-7"} to topic topic-3c873bfa_e749_4377_af38_c385b7f94e91
2025-08-12 14:56:50,542 INFO  [io.api.tes.ser.api.KafkaSerdesTester] (Thread-685) Sending message {"key11755010599342": "value-8", "key21755010604237": "value-8", "key31755010609325": "value-8"} to topic topic-3c873bfa_e749_4377_af38_c385b7f94e91
2025-08-12 14:56:50,543 INFO  [io.api.tes.ser.api.KafkaSerdesTester] (Thread-685) Sending message {"key11755010599342": "value-9", "key21755010604237": "value-9", "key31755010609325": "value-9"} to topic topic-3c873bfa_e749_4377_af38_c385b7f94e91
2025-08-12 14:56:50,545 INFO  [io.api.tes.ser.api.KafkaSerdesTester] (Thread-685) Produced 10 messages
2025-08-12 14:56:50,545 INFO  [org.apa.kaf.cli.pro.KafkaProducer] (Thread-685) [Producer clientId=Producer-topic-3c873bfa_e749_4377_af38_c385b7f94e91] Closing the Kafka producer with timeoutMillis = 9223372036854775807 ms.
2025-08-12 14:56:50,548 INFO  [org.apa.kaf.com.met.Metrics] (Thread-685) Metrics scheduler closed
2025-08-12 14:56:50,548 INFO  [org.apa.kaf.com.met.Metrics] (Thread-685) Closing reporter org.apache.kafka.common.metrics.JmxReporter
2025-08-12 14:56:50,548 INFO  [org.apa.kaf.com.met.Metrics] (Thread-685) Closing reporter org.apache.kafka.common.telemetry.internals.ClientTelemetryReporter
2025-08-12 14:56:50,548 INFO  [org.apa.kaf.com.met.Metrics] (Thread-685) Metrics reporters closed
2025-08-12 14:56:50,548 INFO  [org.apa.kaf.com.uti.AppInfoParser] (Thread-685) App info kafka.producer for Producer-topic-3c873bfa_e749_4377_af38_c385b7f94e91 unregistered
**** Registry Base URL: http://registry-app-ksql043.apps.ci419.apicurio-testing.org:80
2025-08-12 14:56:50,548 INFO  [org.apa.kaf.cli.pro.ProducerConfig] (main) ProducerConfig values: 
	acks = -1
	auto.include.jmx.reporter = true
	batch.size = 16384
	bootstrap.servers = [PLAINTEXT://localhost:32769]
	buffer.memory = 33554432
	client.dns.lookup = use_all_dns_ips
	client.id = Producer-topic-3c873bfa_e749_4377_af38_c385b7f94e91
	compression.gzip.level = -1
	compression.lz4.level = 9
	compression.type = none
	compression.zstd.level = 3
	connections.max.idle.ms = 10000
	delivery.timeout.ms = 120000
	enable.idempotence = true
	enable.metrics.push = true
	interceptor.classes = []
	key.serializer = class org.apache.kafka.common.serialization.StringSerializer
	linger.ms = 0
	max.block.ms = 60000
	max.in.flight.requests.per.connection = 5
	max.request.size = 1048576
	metadata.max.age.ms = 300000
	metadata.max.idle.ms = 300000
	metadata.recovery.strategy = none
	metric.reporters = []
	metrics.num.samples = 2
	metrics.recording.level = INFO
	metrics.sample.window.ms = 30000
	partitioner.adaptive.partitioning.enable = true
	partitioner.availability.timeout.ms = 0
	partitioner.class = null
	partitioner.ignore.keys = false
	receive.buffer.bytes = 32768
	reconnect.backoff.max.ms = 1000
	reconnect.backoff.ms = 50
	request.timeout.ms = 5000
	retries = 2147483647
	retry.backoff.max.ms = 1000
	retry.backoff.ms = 100
	sasl.client.callback.handler.class = null
	sasl.jaas.config = null
	sasl.kerberos.kinit.cmd = /usr/bin/kinit
	sasl.kerberos.min.time.before.relogin = 60000
	sasl.kerberos.service.name = null
	sasl.kerberos.ticket.renew.jitter = 0.05
	sasl.kerberos.ticket.renew.window.factor = 0.8
	sasl.login.callback.handler.class = null
	sasl.login.class = null
	sasl.login.connect.timeout.ms = null
	sasl.login.read.timeout.ms = null
	sasl.login.refresh.buffer.seconds = 300
	sasl.login.refresh.min.period.seconds = 60
	sasl.login.refresh.window.factor = 0.8
	sasl.login.refresh.window.jitter = 0.05
	sasl.login.retry.backoff.max.ms = 10000
	sasl.login.retry.backoff.ms = 100
	sasl.mechanism = GSSAPI
	sasl.oauthbearer.clock.skew.seconds = 30
	sasl.oauthbearer.expected.audience = null
	sasl.oauthbearer.expected.issuer = null
	sasl.oauthbearer.header.urlencode = false
	sasl.oauthbearer.jwks.endpoint.refresh.ms = 3600000
	sasl.oauthbearer.jwks.endpoint.retry.backoff.max.ms = 10000
	sasl.oauthbearer.jwks.endpoint.retry.backoff.ms = 100
	sasl.oauthbearer.jwks.endpoint.url = null
	sasl.oauthbearer.scope.claim.name = scope
	sasl.oauthbearer.sub.claim.name = sub
	sasl.oauthbearer.token.endpoint.url = null
	security.protocol = PLAINTEXT
	security.providers = null
	send.buffer.bytes = 131072
	socket.connection.setup.timeout.max.ms = 30000
	socket.connection.setup.timeout.ms = 10000
	ssl.cipher.suites = null
	ssl.enabled.protocols = [TLSv1.2, TLSv1.3]
	ssl.endpoint.identification.algorithm = https
	ssl.engine.factory.class = null
	ssl.key.password = null
	ssl.keymanager.algorithm = SunX509
	ssl.keystore.certificate.chain = null
	ssl.keystore.key = null
	ssl.keystore.location = null
	ssl.keystore.password = null
	ssl.keystore.type = JKS
	ssl.protocol = TLSv1.3
	ssl.provider = null
	ssl.secure.random.implementation = null
	ssl.trustmanager.algorithm = PKIX
	ssl.truststore.certificates = null
	ssl.truststore.location = null
	ssl.truststore.password = null
	ssl.truststore.type = JKS
	transaction.timeout.ms = 60000
	transactional.id = null
	value.serializer = class io.apicurio.registry.serde.avro.AvroKafkaSerializer

2025-08-12 14:56:50,549 INFO  [org.apa.kaf.com.tel.int.KafkaMetricsCollector] (main) initializing Kafka metrics collector
2025-08-12 14:56:50,556 INFO  [org.apa.kaf.cli.pro.KafkaProducer] (main) [Producer clientId=Producer-topic-3c873bfa_e749_4377_af38_c385b7f94e91] Instantiated an idempotent producer.
2025-08-12 14:56:50,560 INFO  [org.apa.kaf.cli.pro.ProducerConfig] (main) These configurations '[apicurio.registry.url, apicurio.registry.artifact-resolver-strategy]' were supplied but are not used yet.
2025-08-12 14:56:50,560 INFO  [org.apa.kaf.com.uti.AppInfoParser] (main) Kafka version: 3.9.1
2025-08-12 14:56:50,560 INFO  [org.apa.kaf.com.uti.AppInfoParser] (main) Kafka commitId: f745dfdcee2b9851
2025-08-12 14:56:50,560 INFO  [org.apa.kaf.com.uti.AppInfoParser] (main) Kafka startTimeMs: 1755010610560
2025-08-12 14:56:50,561 INFO  [io.api.tes.ser.api.KafkaSerdesTester] (Thread-688) Sending message {"key11755010599342": "value-0", "key21755010604237": "value-0"} to topic topic-3c873bfa_e749_4377_af38_c385b7f94e91
2025-08-12 14:56:50,564 INFO  [org.apa.kaf.cli.Metadata] (kafka-producer-network-thread | Producer-topic-3c873bfa_e749_4377_af38_c385b7f94e91) [Producer clientId=Producer-topic-3c873bfa_e749_4377_af38_c385b7f94e91] Cluster ID: 0yZUVcJRR-Oeoz-b4JS1zQ
2025-08-12 14:56:50,565 INFO  [DefaultSchemaResolver] (Thread-688) Retrieving schema content using string: {"type":"record","name":"s02aa2e6dxbb0cx479fxaa61xd2bdc3f0d191","namespace":"ns_59a29109_7ee6_419b_9d08_be0273ac0a77","fields":[{"name":"key11755010599342","type":"string"},{"name":"key21755010604237","type":"string"}]}
2025-08-12 14:56:50,565 INFO  [org.apa.kaf.cli.pro.int.TransactionManager] (kafka-producer-network-thread | Producer-topic-3c873bfa_e749_4377_af38_c385b7f94e91) [Producer clientId=Producer-topic-3c873bfa_e749_4377_af38_c385b7f94e91] ProducerId set to 16 with epoch 0
2025-08-12 14:56:50,639 INFO  [io.api.tes.ser.api.KafkaSerdesTester] (Thread-688) Sending message {"key11755010599342": "value-1", "key21755010604237": "value-1"} to topic topic-3c873bfa_e749_4377_af38_c385b7f94e91
2025-08-12 14:56:50,643 INFO  [io.api.tes.ser.api.KafkaSerdesTester] (Thread-688) Sending message {"key11755010599342": "value-2", "key21755010604237": "value-2"} to topic topic-3c873bfa_e749_4377_af38_c385b7f94e91
2025-08-12 14:56:50,647 INFO  [io.api.tes.ser.api.KafkaSerdesTester] (Thread-688) Sending message {"key11755010599342": "value-3", "key21755010604237": "value-3"} to topic topic-3c873bfa_e749_4377_af38_c385b7f94e91
2025-08-12 14:56:50,649 INFO  [io.api.tes.ser.api.KafkaSerdesTester] (Thread-688) Sending message {"key11755010599342": "value-4", "key21755010604237": "value-4"} to topic topic-3c873bfa_e749_4377_af38_c385b7f94e91
2025-08-12 14:56:50,651 INFO  [io.api.tes.ser.api.KafkaSerdesTester] (Thread-688) Sending message {"key11755010599342": "value-5", "key21755010604237": "value-5"} to topic topic-3c873bfa_e749_4377_af38_c385b7f94e91
2025-08-12 14:56:50,653 INFO  [io.api.tes.ser.api.KafkaSerdesTester] (Thread-688) Sending message {"key11755010599342": "value-6", "key21755010604237": "value-6"} to topic topic-3c873bfa_e749_4377_af38_c385b7f94e91
2025-08-12 14:56:50,654 INFO  [io.api.tes.ser.api.KafkaSerdesTester] (Thread-688) Sending message {"key11755010599342": "value-7", "key21755010604237": "value-7"} to topic topic-3c873bfa_e749_4377_af38_c385b7f94e91
2025-08-12 14:56:50,656 INFO  [io.api.tes.ser.api.KafkaSerdesTester] (Thread-688) Sending message {"key11755010599342": "value-8", "key21755010604237": "value-8"} to topic topic-3c873bfa_e749_4377_af38_c385b7f94e91
2025-08-12 14:56:50,658 INFO  [io.api.tes.ser.api.KafkaSerdesTester] (Thread-688) Sending message {"key11755010599342": "value-9", "key21755010604237": "value-9"} to topic topic-3c873bfa_e749_4377_af38_c385b7f94e91
2025-08-12 14:56:50,659 INFO  [io.api.tes.ser.api.KafkaSerdesTester] (Thread-688) Produced 10 messages
2025-08-12 14:56:50,659 INFO  [org.apa.kaf.cli.pro.KafkaProducer] (Thread-688) [Producer clientId=Producer-topic-3c873bfa_e749_4377_af38_c385b7f94e91] Closing the Kafka producer with timeoutMillis = 9223372036854775807 ms.
2025-08-12 14:56:50,661 INFO  [org.apa.kaf.com.met.Metrics] (Thread-688) Metrics scheduler closed
2025-08-12 14:56:50,661 INFO  [org.apa.kaf.com.met.Metrics] (Thread-688) Closing reporter org.apache.kafka.common.metrics.JmxReporter
2025-08-12 14:56:50,661 INFO  [org.apa.kaf.com.met.Metrics] (Thread-688) Closing reporter org.apache.kafka.common.telemetry.internals.ClientTelemetryReporter
2025-08-12 14:56:50,661 INFO  [org.apa.kaf.com.met.Metrics] (Thread-688) Metrics reporters closed
2025-08-12 14:56:50,661 INFO  [org.apa.kaf.com.uti.AppInfoParser] (Thread-688) App info kafka.producer for Producer-topic-3c873bfa_e749_4377_af38_c385b7f94e91 unregistered
**** Registry Base URL: http://registry-app-ksql043.apps.ci419.apicurio-testing.org:80
2025-08-12 14:56:50,663 INFO  [org.apa.kaf.cli.pro.ProducerConfig] (main) ProducerConfig values: 
	acks = -1
	auto.include.jmx.reporter = true
	batch.size = 16384
	bootstrap.servers = [PLAINTEXT://localhost:32769]
	buffer.memory = 33554432
	client.dns.lookup = use_all_dns_ips
	client.id = Producer-topic-3c873bfa_e749_4377_af38_c385b7f94e91
	compression.gzip.level = -1
	compression.lz4.level = 9
	compression.type = none
	compression.zstd.level = 3
	connections.max.idle.ms = 10000
	delivery.timeout.ms = 120000
	enable.idempotence = true
	enable.metrics.push = true
	interceptor.classes = []
	key.serializer = class org.apache.kafka.common.serialization.StringSerializer
	linger.ms = 0
	max.block.ms = 60000
	max.in.flight.requests.per.connection = 5
	max.request.size = 1048576
	metadata.max.age.ms = 300000
	metadata.max.idle.ms = 300000
	metadata.recovery.strategy = none
	metric.reporters = []
	metrics.num.samples = 2
	metrics.recording.level = INFO
	metrics.sample.window.ms = 30000
	partitioner.adaptive.partitioning.enable = true
	partitioner.availability.timeout.ms = 0
	partitioner.class = null
	partitioner.ignore.keys = false
	receive.buffer.bytes = 32768
	reconnect.backoff.max.ms = 1000
	reconnect.backoff.ms = 50
	request.timeout.ms = 5000
	retries = 2147483647
	retry.backoff.max.ms = 1000
	retry.backoff.ms = 100
	sasl.client.callback.handler.class = null
	sasl.jaas.config = null
	sasl.kerberos.kinit.cmd = /usr/bin/kinit
	sasl.kerberos.min.time.before.relogin = 60000
	sasl.kerberos.service.name = null
	sasl.kerberos.ticket.renew.jitter = 0.05
	sasl.kerberos.ticket.renew.window.factor = 0.8
	sasl.login.callback.handler.class = null
	sasl.login.class = null
	sasl.login.connect.timeout.ms = null
	sasl.login.read.timeout.ms = null
	sasl.login.refresh.buffer.seconds = 300
	sasl.login.refresh.min.period.seconds = 60
	sasl.login.refresh.window.factor = 0.8
	sasl.login.refresh.window.jitter = 0.05
	sasl.login.retry.backoff.max.ms = 10000
	sasl.login.retry.backoff.ms = 100
	sasl.mechanism = GSSAPI
	sasl.oauthbearer.clock.skew.seconds = 30
	sasl.oauthbearer.expected.audience = null
	sasl.oauthbearer.expected.issuer = null
	sasl.oauthbearer.header.urlencode = false
	sasl.oauthbearer.jwks.endpoint.refresh.ms = 3600000
	sasl.oauthbearer.jwks.endpoint.retry.backoff.max.ms = 10000
	sasl.oauthbearer.jwks.endpoint.retry.backoff.ms = 100
	sasl.oauthbearer.jwks.endpoint.url = null
	sasl.oauthbearer.scope.claim.name = scope
	sasl.oauthbearer.sub.claim.name = sub
	sasl.oauthbearer.token.endpoint.url = null
	security.protocol = PLAINTEXT
	security.providers = null
	send.buffer.bytes = 131072
	socket.connection.setup.timeout.max.ms = 30000
	socket.connection.setup.timeout.ms = 10000
	ssl.cipher.suites = null
	ssl.enabled.protocols = [TLSv1.2, TLSv1.3]
	ssl.endpoint.identification.algorithm = https
	ssl.engine.factory.class = null
	ssl.key.password = null
	ssl.keymanager.algorithm = SunX509
	ssl.keystore.certificate.chain = null
	ssl.keystore.key = null
	ssl.keystore.location = null
	ssl.keystore.password = null
	ssl.keystore.type = JKS
	ssl.protocol = TLSv1.3
	ssl.provider = null
	ssl.secure.random.implementation = null
	ssl.trustmanager.algorithm = PKIX
	ssl.truststore.certificates = null
	ssl.truststore.location = null
	ssl.truststore.password = null
	ssl.truststore.type = JKS
	transaction.timeout.ms = 60000
	transactional.id = null
	value.serializer = class io.apicurio.registry.serde.avro.AvroKafkaSerializer

2025-08-12 14:56:50,663 INFO  [org.apa.kaf.com.tel.int.KafkaMetricsCollector] (main) initializing Kafka metrics collector
2025-08-12 14:56:50,670 INFO  [org.apa.kaf.cli.pro.KafkaProducer] (main) [Producer clientId=Producer-topic-3c873bfa_e749_4377_af38_c385b7f94e91] Instantiated an idempotent producer.
2025-08-12 14:56:50,672 INFO  [org.apa.kaf.cli.pro.ProducerConfig] (main) These configurations '[apicurio.registry.url, apicurio.registry.artifact-resolver-strategy]' were supplied but are not used yet.
2025-08-12 14:56:50,672 INFO  [org.apa.kaf.com.uti.AppInfoParser] (main) Kafka version: 3.9.1
2025-08-12 14:56:50,672 INFO  [org.apa.kaf.com.uti.AppInfoParser] (main) Kafka commitId: f745dfdcee2b9851
2025-08-12 14:56:50,672 INFO  [org.apa.kaf.com.uti.AppInfoParser] (main) Kafka startTimeMs: 1755010610672
2025-08-12 14:56:50,674 INFO  [io.api.tes.ser.api.KafkaSerdesTester] (Thread-691) Sending message {"key11755010599342": "value-0"} to topic topic-3c873bfa_e749_4377_af38_c385b7f94e91
2025-08-12 14:56:50,676 INFO  [org.apa.kaf.cli.Metadata] (kafka-producer-network-thread | Producer-topic-3c873bfa_e749_4377_af38_c385b7f94e91) [Producer clientId=Producer-topic-3c873bfa_e749_4377_af38_c385b7f94e91] Cluster ID: 0yZUVcJRR-Oeoz-b4JS1zQ
2025-08-12 14:56:50,676 INFO  [DefaultSchemaResolver] (Thread-691) Retrieving schema content using string: {"type":"record","name":"s02aa2e6dxbb0cx479fxaa61xd2bdc3f0d191","namespace":"ns_59a29109_7ee6_419b_9d08_be0273ac0a77","fields":[{"name":"key11755010599342","type":"string"}]}
2025-08-12 14:56:50,679 INFO  [org.apa.kaf.cli.pro.int.TransactionManager] (kafka-producer-network-thread | Producer-topic-3c873bfa_e749_4377_af38_c385b7f94e91) [Producer clientId=Producer-topic-3c873bfa_e749_4377_af38_c385b7f94e91] ProducerId set to 17 with epoch 0
2025-08-12 14:56:50,746 INFO  [io.api.tes.ser.api.KafkaSerdesTester] (Thread-691) Sending message {"key11755010599342": "value-1"} to topic topic-3c873bfa_e749_4377_af38_c385b7f94e91
2025-08-12 14:56:50,751 INFO  [io.api.tes.ser.api.KafkaSerdesTester] (Thread-691) Sending message {"key11755010599342": "value-2"} to topic topic-3c873bfa_e749_4377_af38_c385b7f94e91
2025-08-12 14:56:50,754 INFO  [io.api.tes.ser.api.KafkaSerdesTester] (Thread-691) Sending message {"key11755010599342": "value-3"} to topic topic-3c873bfa_e749_4377_af38_c385b7f94e91
2025-08-12 14:56:50,755 INFO  [io.api.tes.ser.api.KafkaSerdesTester] (Thread-691) Sending message {"key11755010599342": "value-4"} to topic topic-3c873bfa_e749_4377_af38_c385b7f94e91
2025-08-12 14:56:50,757 INFO  [io.api.tes.ser.api.KafkaSerdesTester] (Thread-691) Sending message {"key11755010599342": "value-5"} to topic topic-3c873bfa_e749_4377_af38_c385b7f94e91
2025-08-12 14:56:50,760 INFO  [io.api.tes.ser.api.KafkaSerdesTester] (Thread-691) Sending message {"key11755010599342": "value-6"} to topic topic-3c873bfa_e749_4377_af38_c385b7f94e91
2025-08-12 14:56:50,778 INFO  [io.api.tes.ser.api.KafkaSerdesTester] (Thread-691) Sending message {"key11755010599342": "value-7"} to topic topic-3c873bfa_e749_4377_af38_c385b7f94e91
2025-08-12 14:56:50,779 INFO  [io.api.tes.ser.api.KafkaSerdesTester] (Thread-691) Sending message {"key11755010599342": "value-8"} to topic topic-3c873bfa_e749_4377_af38_c385b7f94e91
2025-08-12 14:56:50,781 INFO  [io.api.tes.ser.api.KafkaSerdesTester] (Thread-691) Sending message {"key11755010599342": "value-9"} to topic topic-3c873bfa_e749_4377_af38_c385b7f94e91
2025-08-12 14:56:50,783 INFO  [io.api.tes.ser.api.KafkaSerdesTester] (Thread-691) Produced 10 messages
2025-08-12 14:56:50,783 INFO  [org.apa.kaf.cli.pro.KafkaProducer] (Thread-691) [Producer clientId=Producer-topic-3c873bfa_e749_4377_af38_c385b7f94e91] Closing the Kafka producer with timeoutMillis = 9223372036854775807 ms.
2025-08-12 14:56:50,785 INFO  [org.apa.kaf.com.met.Metrics] (Thread-691) Metrics scheduler closed
2025-08-12 14:56:50,785 INFO  [org.apa.kaf.com.met.Metrics] (Thread-691) Closing reporter org.apache.kafka.common.metrics.JmxReporter
2025-08-12 14:56:50,785 INFO  [org.apa.kaf.com.met.Metrics] (Thread-691) Closing reporter org.apache.kafka.common.telemetry.internals.ClientTelemetryReporter
2025-08-12 14:56:50,785 INFO  [org.apa.kaf.com.met.Metrics] (Thread-691) Metrics reporters closed
2025-08-12 14:56:50,785 INFO  [org.apa.kaf.com.uti.AppInfoParser] (Thread-691) App info kafka.producer for Producer-topic-3c873bfa_e749_4377_af38_c385b7f94e91 unregistered
**** Registry Base URL: http://registry-app-ksql043.apps.ci419.apicurio-testing.org:80
2025-08-12 14:56:50,786 INFO  [org.apa.kaf.cli.con.ConsumerConfig] (main) ConsumerConfig values: 
	allow.auto.create.topics = true
	auto.commit.interval.ms = 500
	auto.include.jmx.reporter = true
	auto.offset.reset = earliest
	bootstrap.servers = [PLAINTEXT://localhost:32769]
	check.crcs = true
	client.dns.lookup = use_all_dns_ips
	client.id = consumer-Consumer-topic-3c873bfa_e749_4377_af38_c385b7f94e91-12
	client.rack = 
	connections.max.idle.ms = 10000
	default.api.timeout.ms = 60000
	enable.auto.commit = true
	enable.metrics.push = true
	exclude.internal.topics = true
	fetch.max.bytes = 52428800
	fetch.max.wait.ms = 500
	fetch.min.bytes = 1
	group.id = Consumer-topic-3c873bfa_e749_4377_af38_c385b7f94e91
	group.instance.id = null
	group.protocol = classic
	group.remote.assignor = null
	heartbeat.interval.ms = 3000
	interceptor.classes = []
	internal.leave.group.on.close = true
	internal.throw.on.fetch.stable.offset.unsupported = false
	isolation.level = read_uncommitted
	key.deserializer = class org.apache.kafka.common.serialization.StringDeserializer
	max.partition.fetch.bytes = 1048576
	max.poll.interval.ms = 300000
	max.poll.records = 500
	metadata.max.age.ms = 300000
	metadata.recovery.strategy = none
	metric.reporters = []
	metrics.num.samples = 2
	metrics.recording.level = INFO
	metrics.sample.window.ms = 30000
	partition.assignment.strategy = [class org.apache.kafka.clients.consumer.RangeAssignor, class org.apache.kafka.clients.consumer.CooperativeStickyAssignor]
	receive.buffer.bytes = 65536
	reconnect.backoff.max.ms = 1000
	reconnect.backoff.ms = 50
	request.timeout.ms = 5000
	retry.backoff.max.ms = 1000
	retry.backoff.ms = 100
	sasl.client.callback.handler.class = null
	sasl.jaas.config = null
	sasl.kerberos.kinit.cmd = /usr/bin/kinit
	sasl.kerberos.min.time.before.relogin = 60000
	sasl.kerberos.service.name = null
	sasl.kerberos.ticket.renew.jitter = 0.05
	sasl.kerberos.ticket.renew.window.factor = 0.8
	sasl.login.callback.handler.class = null
	sasl.login.class = null
	sasl.login.connect.timeout.ms = null
	sasl.login.read.timeout.ms = null
	sasl.login.refresh.buffer.seconds = 300
	sasl.login.refresh.min.period.seconds = 60
	sasl.login.refresh.window.factor = 0.8
	sasl.login.refresh.window.jitter = 0.05
	sasl.login.retry.backoff.max.ms = 10000
	sasl.login.retry.backoff.ms = 100
	sasl.mechanism = GSSAPI
	sasl.oauthbearer.clock.skew.seconds = 30
	sasl.oauthbearer.expected.audience = null
	sasl.oauthbearer.expected.issuer = null
	sasl.oauthbearer.header.urlencode = false
	sasl.oauthbearer.jwks.endpoint.refresh.ms = 3600000
	sasl.oauthbearer.jwks.endpoint.retry.backoff.max.ms = 10000
	sasl.oauthbearer.jwks.endpoint.retry.backoff.ms = 100
	sasl.oauthbearer.jwks.endpoint.url = null
	sasl.oauthbearer.scope.claim.name = scope
	sasl.oauthbearer.sub.claim.name = sub
	sasl.oauthbearer.token.endpoint.url = null
	security.protocol = PLAINTEXT
	security.providers = null
	send.buffer.bytes = 131072
	session.timeout.ms = 45000
	socket.connection.setup.timeout.max.ms = 30000
	socket.connection.setup.timeout.ms = 10000
	ssl.cipher.suites = null
	ssl.enabled.protocols = [TLSv1.2, TLSv1.3]
	ssl.endpoint.identification.algorithm = https
	ssl.engine.factory.class = null
	ssl.key.password = null
	ssl.keymanager.algorithm = SunX509
	ssl.keystore.certificate.chain = null
	ssl.keystore.key = null
	ssl.keystore.location = null
	ssl.keystore.password = null
	ssl.keystore.type = JKS
	ssl.protocol = TLSv1.3
	ssl.provider = null
	ssl.secure.random.implementation = null
	ssl.trustmanager.algorithm = PKIX
	ssl.truststore.certificates = null
	ssl.truststore.location = null
	ssl.truststore.password = null
	ssl.truststore.type = JKS
	value.deserializer = class io.apicurio.registry.serde.avro.AvroKafkaDeserializer

2025-08-12 14:56:50,786 INFO  [org.apa.kaf.com.tel.int.KafkaMetricsCollector] (main) initializing Kafka metrics collector
2025-08-12 14:56:50,794 INFO  [org.apa.kaf.cli.con.ConsumerConfig] (main) These configurations '[apicurio.registry.url]' were supplied but are not used yet.
2025-08-12 14:56:50,794 INFO  [org.apa.kaf.com.uti.AppInfoParser] (main) Kafka version: 3.9.1
2025-08-12 14:56:50,794 INFO  [org.apa.kaf.com.uti.AppInfoParser] (main) Kafka commitId: f745dfdcee2b9851
2025-08-12 14:56:50,794 INFO  [org.apa.kaf.com.uti.AppInfoParser] (main) Kafka startTimeMs: 1755010610794
2025-08-12 14:56:50,795 INFO  [org.apa.kaf.cli.con.int.ClassicKafkaConsumer] (Thread-694) [Consumer clientId=consumer-Consumer-topic-3c873bfa_e749_4377_af38_c385b7f94e91-12, groupId=Consumer-topic-3c873bfa_e749_4377_af38_c385b7f94e91] Subscribed to topic(s): topic-3c873bfa_e749_4377_af38_c385b7f94e91
2025-08-12 14:56:50,799 INFO  [org.apa.kaf.cli.Metadata] (Thread-694) [Consumer clientId=consumer-Consumer-topic-3c873bfa_e749_4377_af38_c385b7f94e91-12, groupId=Consumer-topic-3c873bfa_e749_4377_af38_c385b7f94e91] Cluster ID: 0yZUVcJRR-Oeoz-b4JS1zQ
2025-08-12 14:56:50,799 INFO  [org.apa.kaf.cli.con.int.ConsumerCoordinator] (Thread-694) [Consumer clientId=consumer-Consumer-topic-3c873bfa_e749_4377_af38_c385b7f94e91-12, groupId=Consumer-topic-3c873bfa_e749_4377_af38_c385b7f94e91] Discovered group coordinator localhost:32769 (id: 2147483647 rack: null)
2025-08-12 14:56:50,800 INFO  [org.apa.kaf.cli.con.int.ConsumerCoordinator] (Thread-694) [Consumer clientId=consumer-Consumer-topic-3c873bfa_e749_4377_af38_c385b7f94e91-12, groupId=Consumer-topic-3c873bfa_e749_4377_af38_c385b7f94e91] (Re-)joining group
2025-08-12 14:56:50,802 INFO  [org.apa.kaf.cli.con.int.ConsumerCoordinator] (Thread-694) [Consumer clientId=consumer-Consumer-topic-3c873bfa_e749_4377_af38_c385b7f94e91-12, groupId=Consumer-topic-3c873bfa_e749_4377_af38_c385b7f94e91] Request joining group due to: need to re-join with the given member-id: consumer-Consumer-topic-3c873bfa_e749_4377_af38_c385b7f94e91-12-cc20cb77-bcb1-4b8a-be89-6c5ba0b84fa0
2025-08-12 14:56:50,803 INFO  [org.apa.kaf.cli.con.int.ConsumerCoordinator] (Thread-694) [Consumer clientId=consumer-Consumer-topic-3c873bfa_e749_4377_af38_c385b7f94e91-12, groupId=Consumer-topic-3c873bfa_e749_4377_af38_c385b7f94e91] (Re-)joining group
2025-08-12 14:56:51,796 INFO  [io.api.tes.ser.api.KafkaSerdesTester] (Thread-694) None found
2025-08-12 14:56:52,796 INFO  [io.api.tes.ser.api.KafkaSerdesTester] (Thread-694) None found
2025-08-12 14:56:53,796 INFO  [io.api.tes.ser.api.KafkaSerdesTester] (Thread-694) None found
2025-08-12 14:56:53,805 INFO  [org.apa.kaf.cli.con.int.ConsumerCoordinator] (Thread-694) [Consumer clientId=consumer-Consumer-topic-3c873bfa_e749_4377_af38_c385b7f94e91-12, groupId=Consumer-topic-3c873bfa_e749_4377_af38_c385b7f94e91] Successfully joined group with generation Generation{generationId=5, memberId='consumer-Consumer-topic-3c873bfa_e749_4377_af38_c385b7f94e91-12-cc20cb77-bcb1-4b8a-be89-6c5ba0b84fa0', protocol='range'}
2025-08-12 14:56:53,805 INFO  [org.apa.kaf.cli.con.int.ConsumerCoordinator] (Thread-694) [Consumer clientId=consumer-Consumer-topic-3c873bfa_e749_4377_af38_c385b7f94e91-12, groupId=Consumer-topic-3c873bfa_e749_4377_af38_c385b7f94e91] Finished assignment for group at generation 5: {consumer-Consumer-topic-3c873bfa_e749_4377_af38_c385b7f94e91-12-cc20cb77-bcb1-4b8a-be89-6c5ba0b84fa0=Assignment(partitions=[topic-3c873bfa_e749_4377_af38_c385b7f94e91-0])}
2025-08-12 14:56:53,812 INFO  [org.apa.kaf.cli.con.int.ConsumerCoordinator] (Thread-694) [Consumer clientId=consumer-Consumer-topic-3c873bfa_e749_4377_af38_c385b7f94e91-12, groupId=Consumer-topic-3c873bfa_e749_4377_af38_c385b7f94e91] Successfully synced group in generation Generation{generationId=5, memberId='consumer-Consumer-topic-3c873bfa_e749_4377_af38_c385b7f94e91-12-cc20cb77-bcb1-4b8a-be89-6c5ba0b84fa0', protocol='range'}
2025-08-12 14:56:53,812 INFO  [org.apa.kaf.cli.con.int.ConsumerCoordinator] (Thread-694) [Consumer clientId=consumer-Consumer-topic-3c873bfa_e749_4377_af38_c385b7f94e91-12, groupId=Consumer-topic-3c873bfa_e749_4377_af38_c385b7f94e91] Notifying assignor about the new Assignment(partitions=[topic-3c873bfa_e749_4377_af38_c385b7f94e91-0])
2025-08-12 14:56:53,812 INFO  [org.apa.kaf.cli.con.int.ConsumerRebalanceListenerInvoker] (Thread-694) [Consumer clientId=consumer-Consumer-topic-3c873bfa_e749_4377_af38_c385b7f94e91-12, groupId=Consumer-topic-3c873bfa_e749_4377_af38_c385b7f94e91] Adding newly assigned partitions: topic-3c873bfa_e749_4377_af38_c385b7f94e91-0
2025-08-12 14:56:53,813 INFO  [org.apa.kaf.cli.con.int.ConsumerUtils] (Thread-694) Setting offset for partition topic-3c873bfa_e749_4377_af38_c385b7f94e91-0 to the committed offset FetchPosition{offset=30, offsetEpoch=Optional[0], currentLeader=LeaderAndEpoch{leader=Optional[localhost:32769 (id: 0 rack: null)], epoch=0}}
2025-08-12 14:56:54,045 INFO  [io.api.tes.ser.api.KafkaSerdesTester] (Thread-694) topic-3c873bfa_e749_4377_af38_c385b7f94e91 0 30 {"key11755010599342": "value-0", "key21755010604237": "value-0", "key31755010609325": "value-0"}
2025-08-12 14:56:54,045 INFO  [io.api.tes.ser.api.KafkaSerdesTester] (Thread-694) topic-3c873bfa_e749_4377_af38_c385b7f94e91 0 31 {"key11755010599342": "value-1", "key21755010604237": "value-1", "key31755010609325": "value-1"}
2025-08-12 14:56:54,045 INFO  [io.api.tes.ser.api.KafkaSerdesTester] (Thread-694) topic-3c873bfa_e749_4377_af38_c385b7f94e91 0 32 {"key11755010599342": "value-2", "key21755010604237": "value-2", "key31755010609325": "value-2"}
2025-08-12 14:56:54,045 INFO  [io.api.tes.ser.api.KafkaSerdesTester] (Thread-694) topic-3c873bfa_e749_4377_af38_c385b7f94e91 0 33 {"key11755010599342": "value-3", "key21755010604237": "value-3", "key31755010609325": "value-3"}
2025-08-12 14:56:54,045 INFO  [io.api.tes.ser.api.KafkaSerdesTester] (Thread-694) topic-3c873bfa_e749_4377_af38_c385b7f94e91 0 34 {"key11755010599342": "value-4", "key21755010604237": "value-4", "key31755010609325": "value-4"}
2025-08-12 14:56:54,045 INFO  [io.api.tes.ser.api.KafkaSerdesTester] (Thread-694) topic-3c873bfa_e749_4377_af38_c385b7f94e91 0 35 {"key11755010599342": "value-5", "key21755010604237": "value-5", "key31755010609325": "value-5"}
2025-08-12 14:56:54,045 INFO  [io.api.tes.ser.api.KafkaSerdesTester] (Thread-694) topic-3c873bfa_e749_4377_af38_c385b7f94e91 0 36 {"key11755010599342": "value-6", "key21755010604237": "value-6", "key31755010609325": "value-6"}
2025-08-12 14:56:54,045 INFO  [io.api.tes.ser.api.KafkaSerdesTester] (Thread-694) topic-3c873bfa_e749_4377_af38_c385b7f94e91 0 37 {"key11755010599342": "value-7", "key21755010604237": "value-7", "key31755010609325": "value-7"}
2025-08-12 14:56:54,046 INFO  [io.api.tes.ser.api.KafkaSerdesTester] (Thread-694) topic-3c873bfa_e749_4377_af38_c385b7f94e91 0 38 {"key11755010599342": "value-8", "key21755010604237": "value-8", "key31755010609325": "value-8"}
2025-08-12 14:56:54,046 INFO  [io.api.tes.ser.api.KafkaSerdesTester] (Thread-694) topic-3c873bfa_e749_4377_af38_c385b7f94e91 0 39 {"key11755010599342": "value-9", "key21755010604237": "value-9", "key31755010609325": "value-9"}
2025-08-12 14:56:54,046 INFO  [io.api.tes.ser.api.KafkaSerdesTester] (Thread-694) topic-3c873bfa_e749_4377_af38_c385b7f94e91 0 40 {"key11755010599342": "value-0", "key21755010604237": "value-0"}
2025-08-12 14:56:54,046 INFO  [io.api.tes.ser.api.KafkaSerdesTester] (Thread-694) topic-3c873bfa_e749_4377_af38_c385b7f94e91 0 41 {"key11755010599342": "value-1", "key21755010604237": "value-1"}
2025-08-12 14:56:54,046 INFO  [io.api.tes.ser.api.KafkaSerdesTester] (Thread-694) topic-3c873bfa_e749_4377_af38_c385b7f94e91 0 42 {"key11755010599342": "value-2", "key21755010604237": "value-2"}
2025-08-12 14:56:54,046 INFO  [io.api.tes.ser.api.KafkaSerdesTester] (Thread-694) topic-3c873bfa_e749_4377_af38_c385b7f94e91 0 43 {"key11755010599342": "value-3", "key21755010604237": "value-3"}
2025-08-12 14:56:54,046 INFO  [io.api.tes.ser.api.KafkaSerdesTester] (Thread-694) topic-3c873bfa_e749_4377_af38_c385b7f94e91 0 44 {"key11755010599342": "value-4", "key21755010604237": "value-4"}
2025-08-12 14:56:54,046 INFO  [io.api.tes.ser.api.KafkaSerdesTester] (Thread-694) topic-3c873bfa_e749_4377_af38_c385b7f94e91 0 45 {"key11755010599342": "value-5", "key21755010604237": "value-5"}
2025-08-12 14:56:54,046 INFO  [io.api.tes.ser.api.KafkaSerdesTester] (Thread-694) topic-3c873bfa_e749_4377_af38_c385b7f94e91 0 46 {"key11755010599342": "value-6", "key21755010604237": "value-6"}
2025-08-12 14:56:54,046 INFO  [io.api.tes.ser.api.KafkaSerdesTester] (Thread-694) topic-3c873bfa_e749_4377_af38_c385b7f94e91 0 47 {"key11755010599342": "value-7", "key21755010604237": "value-7"}
2025-08-12 14:56:54,046 INFO  [io.api.tes.ser.api.KafkaSerdesTester] (Thread-694) topic-3c873bfa_e749_4377_af38_c385b7f94e91 0 48 {"key11755010599342": "value-8", "key21755010604237": "value-8"}
2025-08-12 14:56:54,046 INFO  [io.api.tes.ser.api.KafkaSerdesTester] (Thread-694) topic-3c873bfa_e749_4377_af38_c385b7f94e91 0 49 {"key11755010599342": "value-9", "key21755010604237": "value-9"}
2025-08-12 14:56:54,046 INFO  [io.api.tes.ser.api.KafkaSerdesTester] (Thread-694) topic-3c873bfa_e749_4377_af38_c385b7f94e91 0 50 {"key11755010599342": "value-0"}
2025-08-12 14:56:54,046 INFO  [io.api.tes.ser.api.KafkaSerdesTester] (Thread-694) topic-3c873bfa_e749_4377_af38_c385b7f94e91 0 51 {"key11755010599342": "value-1"}
2025-08-12 14:56:54,046 INFO  [io.api.tes.ser.api.KafkaSerdesTester] (Thread-694) topic-3c873bfa_e749_4377_af38_c385b7f94e91 0 52 {"key11755010599342": "value-2"}
2025-08-12 14:56:54,046 INFO  [io.api.tes.ser.api.KafkaSerdesTester] (Thread-694) topic-3c873bfa_e749_4377_af38_c385b7f94e91 0 53 {"key11755010599342": "value-3"}
2025-08-12 14:56:54,046 INFO  [io.api.tes.ser.api.KafkaSerdesTester] (Thread-694) topic-3c873bfa_e749_4377_af38_c385b7f94e91 0 54 {"key11755010599342": "value-4"}
2025-08-12 14:56:54,046 INFO  [io.api.tes.ser.api.KafkaSerdesTester] (Thread-694) topic-3c873bfa_e749_4377_af38_c385b7f94e91 0 55 {"key11755010599342": "value-5"}
2025-08-12 14:56:54,046 INFO  [io.api.tes.ser.api.KafkaSerdesTester] (Thread-694) topic-3c873bfa_e749_4377_af38_c385b7f94e91 0 56 {"key11755010599342": "value-6"}
2025-08-12 14:56:54,046 INFO  [io.api.tes.ser.api.KafkaSerdesTester] (Thread-694) topic-3c873bfa_e749_4377_af38_c385b7f94e91 0 57 {"key11755010599342": "value-7"}
2025-08-12 14:56:54,046 INFO  [io.api.tes.ser.api.KafkaSerdesTester] (Thread-694) topic-3c873bfa_e749_4377_af38_c385b7f94e91 0 58 {"key11755010599342": "value-8"}
2025-08-12 14:56:54,046 INFO  [io.api.tes.ser.api.KafkaSerdesTester] (Thread-694) topic-3c873bfa_e749_4377_af38_c385b7f94e91 0 59 {"key11755010599342": "value-9"}
2025-08-12 14:56:54,047 INFO  [io.api.tes.ser.api.KafkaSerdesTester] (Thread-694) Consumed 30 messages
2025-08-12 14:56:54,053 INFO  [org.apa.kaf.cli.con.int.ConsumerRebalanceListenerInvoker] (Thread-694) [Consumer clientId=consumer-Consumer-topic-3c873bfa_e749_4377_af38_c385b7f94e91-12, groupId=Consumer-topic-3c873bfa_e749_4377_af38_c385b7f94e91] Revoke previously assigned partitions topic-3c873bfa_e749_4377_af38_c385b7f94e91-0
2025-08-12 14:56:54,053 INFO  [org.apa.kaf.cli.con.int.ConsumerCoordinator] (Thread-694) [Consumer clientId=consumer-Consumer-topic-3c873bfa_e749_4377_af38_c385b7f94e91-12, groupId=Consumer-topic-3c873bfa_e749_4377_af38_c385b7f94e91] Member consumer-Consumer-topic-3c873bfa_e749_4377_af38_c385b7f94e91-12-cc20cb77-bcb1-4b8a-be89-6c5ba0b84fa0 sending LeaveGroup request to coordinator localhost:32769 (id: 2147483647 rack: null) due to the consumer is being closed
2025-08-12 14:56:54,053 INFO  [org.apa.kaf.cli.con.int.ConsumerCoordinator] (Thread-694) [Consumer clientId=consumer-Consumer-topic-3c873bfa_e749_4377_af38_c385b7f94e91-12, groupId=Consumer-topic-3c873bfa_e749_4377_af38_c385b7f94e91] Resetting generation and member id due to: consumer pro-actively leaving the group
2025-08-12 14:56:54,053 INFO  [org.apa.kaf.cli.con.int.ConsumerCoordinator] (Thread-694) [Consumer clientId=consumer-Consumer-topic-3c873bfa_e749_4377_af38_c385b7f94e91-12, groupId=Consumer-topic-3c873bfa_e749_4377_af38_c385b7f94e91] Request joining group due to: consumer pro-actively leaving the group
2025-08-12 14:56:54,546 INFO  [org.apa.kaf.com.met.Metrics] (Thread-694) Metrics scheduler closed
2025-08-12 14:56:54,547 INFO  [org.apa.kaf.com.met.Metrics] (Thread-694) Closing reporter org.apache.kafka.common.metrics.JmxReporter
2025-08-12 14:56:54,547 INFO  [org.apa.kaf.com.met.Metrics] (Thread-694) Closing reporter org.apache.kafka.common.telemetry.internals.ClientTelemetryReporter
2025-08-12 14:56:54,547 INFO  [org.apa.kaf.com.met.Metrics] (Thread-694) Metrics reporters closed
2025-08-12 14:56:54,549 INFO  [org.apa.kaf.com.uti.AppInfoParser] (Thread-694) App info kafka.consumer for consumer-Consumer-topic-3c873bfa_e749_4377_af38_c385b7f94e91-12 unregistered
2025-08-12 14:56:54,549 INFO  [org.apa.kaf.cli.pro.KafkaProducer] (main) [Producer clientId=Producer-topic-3c873bfa_e749_4377_af38_c385b7f94e91] Closing the Kafka producer with timeoutMillis = 9223372036854775807 ms.
2025-08-12 14:56:54,549 INFO  [org.apa.kaf.com.met.Metrics] (main) Metrics scheduler closed
2025-08-12 14:56:54,549 INFO  [org.apa.kaf.com.met.Metrics] (main) Closing reporter org.apache.kafka.common.metrics.JmxReporter
2025-08-12 14:56:54,549 INFO  [org.apa.kaf.com.met.Metrics] (main) Closing reporter org.apache.kafka.common.telemetry.internals.ClientTelemetryReporter
2025-08-12 14:56:54,549 INFO  [org.apa.kaf.com.met.Metrics] (main) Metrics reporters closed
2025-08-12 14:56:54,549 INFO  [org.apa.kaf.com.uti.AppInfoParser] (main) App info kafka.producer for Producer-topic-3c873bfa_e749_4377_af38_c385b7f94e91 unregistered
2025-08-12 14:56:54,549 INFO  [io.api.tes.uti.TestSeparator] (main) io.apicurio.tests.serdes.apicurio.AvroSerdeIT.testEvolveAvroApicurio-FINISHED
2025-08-12 14:56:54,549 INFO  [io.api.tes.uti.TestSeparator] (main) ############################################################################
Test passed: testEvolveAvroApicurio
]]></system-out>
  </testcase>
  <testcase name="testTopicRecordIdStrategydFindLatest" classname="io.apicurio.tests.serdes.apicurio.AvroSerdeIT" time="4.963">
    <system-out><![CDATA[2025-08-12 14:56:54,553 INFO  [io.api.tes.uti.TestSeparator] (main) ############################################################################
2025-08-12 14:56:54,553 INFO  [io.api.tes.uti.TestSeparator] (main) io.apicurio.tests.serdes.apicurio.AvroSerdeIT.testTopicRecordIdStrategydFindLatest-STARTED
2025-08-12 14:56:54,554 INFO  [io.api.tes.ser.api.AvroSerdeIT] (main) Registering Avro Schema: {"type":"record","name":"se4f688adxf30fx4c9axa5cax7d85a668766f","namespace":"sc9632daaxe91fx4f05xbc6bx617b6852fa0e","fields":[{"name":"key11755010614553","type":"string"}]}
**** Registry Base URL: http://registry-app-ksql043.apps.ci419.apicurio-testing.org:80
2025-08-12 14:56:55,673 INFO  [org.apa.kaf.cli.pro.ProducerConfig] (main) ProducerConfig values: 
	acks = -1
	auto.include.jmx.reporter = true
	batch.size = 16384
	bootstrap.servers = [PLAINTEXT://localhost:32769]
	buffer.memory = 33554432
	client.dns.lookup = use_all_dns_ips
	client.id = Producer-topic-b480d3c3_1dc2_4d8a_9bc8_a491a8430fb0
	compression.gzip.level = -1
	compression.lz4.level = 9
	compression.type = none
	compression.zstd.level = 3
	connections.max.idle.ms = 10000
	delivery.timeout.ms = 120000
	enable.idempotence = true
	enable.metrics.push = true
	interceptor.classes = []
	key.serializer = class org.apache.kafka.common.serialization.StringSerializer
	linger.ms = 0
	max.block.ms = 60000
	max.in.flight.requests.per.connection = 5
	max.request.size = 1048576
	metadata.max.age.ms = 300000
	metadata.max.idle.ms = 300000
	metadata.recovery.strategy = none
	metric.reporters = []
	metrics.num.samples = 2
	metrics.recording.level = INFO
	metrics.sample.window.ms = 30000
	partitioner.adaptive.partitioning.enable = true
	partitioner.availability.timeout.ms = 0
	partitioner.class = null
	partitioner.ignore.keys = false
	receive.buffer.bytes = 32768
	reconnect.backoff.max.ms = 1000
	reconnect.backoff.ms = 50
	request.timeout.ms = 5000
	retries = 2147483647
	retry.backoff.max.ms = 1000
	retry.backoff.ms = 100
	sasl.client.callback.handler.class = null
	sasl.jaas.config = null
	sasl.kerberos.kinit.cmd = /usr/bin/kinit
	sasl.kerberos.min.time.before.relogin = 60000
	sasl.kerberos.service.name = null
	sasl.kerberos.ticket.renew.jitter = 0.05
	sasl.kerberos.ticket.renew.window.factor = 0.8
	sasl.login.callback.handler.class = null
	sasl.login.class = null
	sasl.login.connect.timeout.ms = null
	sasl.login.read.timeout.ms = null
	sasl.login.refresh.buffer.seconds = 300
	sasl.login.refresh.min.period.seconds = 60
	sasl.login.refresh.window.factor = 0.8
	sasl.login.refresh.window.jitter = 0.05
	sasl.login.retry.backoff.max.ms = 10000
	sasl.login.retry.backoff.ms = 100
	sasl.mechanism = GSSAPI
	sasl.oauthbearer.clock.skew.seconds = 30
	sasl.oauthbearer.expected.audience = null
	sasl.oauthbearer.expected.issuer = null
	sasl.oauthbearer.header.urlencode = false
	sasl.oauthbearer.jwks.endpoint.refresh.ms = 3600000
	sasl.oauthbearer.jwks.endpoint.retry.backoff.max.ms = 10000
	sasl.oauthbearer.jwks.endpoint.retry.backoff.ms = 100
	sasl.oauthbearer.jwks.endpoint.url = null
	sasl.oauthbearer.scope.claim.name = scope
	sasl.oauthbearer.sub.claim.name = sub
	sasl.oauthbearer.token.endpoint.url = null
	security.protocol = PLAINTEXT
	security.providers = null
	send.buffer.bytes = 131072
	socket.connection.setup.timeout.max.ms = 30000
	socket.connection.setup.timeout.ms = 10000
	ssl.cipher.suites = null
	ssl.enabled.protocols = [TLSv1.2, TLSv1.3]
	ssl.endpoint.identification.algorithm = https
	ssl.engine.factory.class = null
	ssl.key.password = null
	ssl.keymanager.algorithm = SunX509
	ssl.keystore.certificate.chain = null
	ssl.keystore.key = null
	ssl.keystore.location = null
	ssl.keystore.password = null
	ssl.keystore.type = JKS
	ssl.protocol = TLSv1.3
	ssl.provider = null
	ssl.secure.random.implementation = null
	ssl.trustmanager.algorithm = PKIX
	ssl.truststore.certificates = null
	ssl.truststore.location = null
	ssl.truststore.password = null
	ssl.truststore.type = JKS
	transaction.timeout.ms = 60000
	transactional.id = null
	value.serializer = class io.apicurio.registry.serde.avro.AvroKafkaSerializer

2025-08-12 14:56:55,673 INFO  [org.apa.kaf.com.tel.int.KafkaMetricsCollector] (main) initializing Kafka metrics collector
2025-08-12 14:56:55,676 INFO  [org.apa.kaf.cli.pro.KafkaProducer] (main) [Producer clientId=Producer-topic-b480d3c3_1dc2_4d8a_9bc8_a491a8430fb0] Instantiated an idempotent producer.
2025-08-12 14:56:55,677 INFO  [org.apa.kaf.cli.pro.ProducerConfig] (main) These configurations '[apicurio.registry.find-latest, apicurio.registry.url, apicurio.registry.artifact-resolver-strategy]' were supplied but are not used yet.
2025-08-12 14:56:55,677 INFO  [org.apa.kaf.com.uti.AppInfoParser] (main) Kafka version: 3.9.1
2025-08-12 14:56:55,677 INFO  [org.apa.kaf.com.uti.AppInfoParser] (main) Kafka commitId: f745dfdcee2b9851
2025-08-12 14:56:55,677 INFO  [org.apa.kaf.com.uti.AppInfoParser] (main) Kafka startTimeMs: 1755010615677
2025-08-12 14:56:55,678 INFO  [io.api.tes.ser.api.SimpleSerdesTesterBuilder$SimpleSerdesTester] (main) Using producer configuration: {apicurio.registry.find-latest=true, apicurio.registry.url=http://registry-app-ksql043.apps.ci419.apicurio-testing.org:80/apis/registry/v3, apicurio.registry.artifact-resolver-strategy=io.apicurio.registry.serde.avro.strategy.TopicRecordIdStrategy, value.serializer=io.apicurio.registry.serde.avro.AvroKafkaSerializer, request.timeout.ms=5000, acks=all, bootstrap.servers=PLAINTEXT://localhost:32769, connections.max.idle.ms=10000, key.serializer=org.apache.kafka.common.serialization.StringSerializer, client.id=Producer-topic-b480d3c3_1dc2_4d8a_9bc8_a491a8430fb0}
2025-08-12 14:56:55,678 INFO  [io.api.tes.ser.api.SimpleSerdesTesterBuilder$SimpleSerdesTester] (main) Using consumer configuration: {}
2025-08-12 14:56:55,678 INFO  [io.api.tes.ser.api.KafkaSerdesTester] (Thread-697) Sending message {"key11755010614553": "value-0"} to topic topic-b480d3c3_1dc2_4d8a_9bc8_a491a8430fb0
2025-08-12 14:56:55,681 INFO  [org.apa.kaf.cli.Metadata] (kafka-producer-network-thread | Producer-topic-b480d3c3_1dc2_4d8a_9bc8_a491a8430fb0) [Producer clientId=Producer-topic-b480d3c3_1dc2_4d8a_9bc8_a491a8430fb0] Cluster ID: 0yZUVcJRR-Oeoz-b4JS1zQ
2025-08-12 14:56:55,681 INFO  [org.apa.kaf.cli.pro.int.TransactionManager] (kafka-producer-network-thread | Producer-topic-b480d3c3_1dc2_4d8a_9bc8_a491a8430fb0) [Producer clientId=Producer-topic-b480d3c3_1dc2_4d8a_9bc8_a491a8430fb0] ProducerId set to 18 with epoch 0
2025-08-12 14:56:55,826 INFO  [io.api.tes.ser.api.KafkaSerdesTester] (Thread-697) Sending message {"key11755010614553": "value-1"} to topic topic-b480d3c3_1dc2_4d8a_9bc8_a491a8430fb0
2025-08-12 14:56:55,827 INFO  [io.api.tes.ser.api.KafkaSerdesTester] (Thread-697) Sending message {"key11755010614553": "value-2"} to topic topic-b480d3c3_1dc2_4d8a_9bc8_a491a8430fb0
2025-08-12 14:56:55,831 INFO  [io.api.tes.ser.api.KafkaSerdesTester] (Thread-697) Sending message {"key11755010614553": "value-3"} to topic topic-b480d3c3_1dc2_4d8a_9bc8_a491a8430fb0
2025-08-12 14:56:55,834 INFO  [io.api.tes.ser.api.KafkaSerdesTester] (Thread-697) Sending message {"key11755010614553": "value-4"} to topic topic-b480d3c3_1dc2_4d8a_9bc8_a491a8430fb0
2025-08-12 14:56:55,836 INFO  [io.api.tes.ser.api.KafkaSerdesTester] (Thread-697) Sending message {"key11755010614553": "value-5"} to topic topic-b480d3c3_1dc2_4d8a_9bc8_a491a8430fb0
2025-08-12 14:56:55,838 INFO  [io.api.tes.ser.api.KafkaSerdesTester] (Thread-697) Sending message {"key11755010614553": "value-6"} to topic topic-b480d3c3_1dc2_4d8a_9bc8_a491a8430fb0
2025-08-12 14:56:55,840 INFO  [io.api.tes.ser.api.KafkaSerdesTester] (Thread-697) Sending message {"key11755010614553": "value-7"} to topic topic-b480d3c3_1dc2_4d8a_9bc8_a491a8430fb0
2025-08-12 14:56:55,843 INFO  [io.api.tes.ser.api.KafkaSerdesTester] (Thread-697) Sending message {"key11755010614553": "value-8"} to topic topic-b480d3c3_1dc2_4d8a_9bc8_a491a8430fb0
2025-08-12 14:56:55,846 INFO  [io.api.tes.ser.api.KafkaSerdesTester] (Thread-697) Sending message {"key11755010614553": "value-9"} to topic topic-b480d3c3_1dc2_4d8a_9bc8_a491a8430fb0
2025-08-12 14:56:55,847 INFO  [io.api.tes.ser.api.KafkaSerdesTester] (Thread-697) Produced 10 messages
2025-08-12 14:56:55,847 INFO  [org.apa.kaf.cli.pro.KafkaProducer] (Thread-697) [Producer clientId=Producer-topic-b480d3c3_1dc2_4d8a_9bc8_a491a8430fb0] Closing the Kafka producer with timeoutMillis = 9223372036854775807 ms.
2025-08-12 14:56:55,849 INFO  [org.apa.kaf.com.met.Metrics] (Thread-697) Metrics scheduler closed
2025-08-12 14:56:55,849 INFO  [org.apa.kaf.com.met.Metrics] (Thread-697) Closing reporter org.apache.kafka.common.metrics.JmxReporter
2025-08-12 14:56:55,849 INFO  [org.apa.kaf.com.met.Metrics] (Thread-697) Closing reporter org.apache.kafka.common.telemetry.internals.ClientTelemetryReporter
2025-08-12 14:56:55,849 INFO  [org.apa.kaf.com.met.Metrics] (Thread-697) Metrics reporters closed
2025-08-12 14:56:55,849 INFO  [org.apa.kaf.com.uti.AppInfoParser] (Thread-697) App info kafka.producer for Producer-topic-b480d3c3_1dc2_4d8a_9bc8_a491a8430fb0 unregistered
**** Registry Base URL: http://registry-app-ksql043.apps.ci419.apicurio-testing.org:80
2025-08-12 14:56:55,850 INFO  [org.apa.kaf.cli.con.ConsumerConfig] (main) ConsumerConfig values: 
	allow.auto.create.topics = true
	auto.commit.interval.ms = 500
	auto.include.jmx.reporter = true
	auto.offset.reset = earliest
	bootstrap.servers = [PLAINTEXT://localhost:32769]
	check.crcs = true
	client.dns.lookup = use_all_dns_ips
	client.id = consumer-Consumer-topic-b480d3c3_1dc2_4d8a_9bc8_a491a8430fb0-13
	client.rack = 
	connections.max.idle.ms = 10000
	default.api.timeout.ms = 60000
	enable.auto.commit = true
	enable.metrics.push = true
	exclude.internal.topics = true
	fetch.max.bytes = 52428800
	fetch.max.wait.ms = 500
	fetch.min.bytes = 1
	group.id = Consumer-topic-b480d3c3_1dc2_4d8a_9bc8_a491a8430fb0
	group.instance.id = null
	group.protocol = classic
	group.remote.assignor = null
	heartbeat.interval.ms = 3000
	interceptor.classes = []
	internal.leave.group.on.close = true
	internal.throw.on.fetch.stable.offset.unsupported = false
	isolation.level = read_uncommitted
	key.deserializer = class org.apache.kafka.common.serialization.StringDeserializer
	max.partition.fetch.bytes = 1048576
	max.poll.interval.ms = 300000
	max.poll.records = 500
	metadata.max.age.ms = 300000
	metadata.recovery.strategy = none
	metric.reporters = []
	metrics.num.samples = 2
	metrics.recording.level = INFO
	metrics.sample.window.ms = 30000
	partition.assignment.strategy = [class org.apache.kafka.clients.consumer.RangeAssignor, class org.apache.kafka.clients.consumer.CooperativeStickyAssignor]
	receive.buffer.bytes = 65536
	reconnect.backoff.max.ms = 1000
	reconnect.backoff.ms = 50
	request.timeout.ms = 5000
	retry.backoff.max.ms = 1000
	retry.backoff.ms = 100
	sasl.client.callback.handler.class = null
	sasl.jaas.config = null
	sasl.kerberos.kinit.cmd = /usr/bin/kinit
	sasl.kerberos.min.time.before.relogin = 60000
	sasl.kerberos.service.name = null
	sasl.kerberos.ticket.renew.jitter = 0.05
	sasl.kerberos.ticket.renew.window.factor = 0.8
	sasl.login.callback.handler.class = null
	sasl.login.class = null
	sasl.login.connect.timeout.ms = null
	sasl.login.read.timeout.ms = null
	sasl.login.refresh.buffer.seconds = 300
	sasl.login.refresh.min.period.seconds = 60
	sasl.login.refresh.window.factor = 0.8
	sasl.login.refresh.window.jitter = 0.05
	sasl.login.retry.backoff.max.ms = 10000
	sasl.login.retry.backoff.ms = 100
	sasl.mechanism = GSSAPI
	sasl.oauthbearer.clock.skew.seconds = 30
	sasl.oauthbearer.expected.audience = null
	sasl.oauthbearer.expected.issuer = null
	sasl.oauthbearer.header.urlencode = false
	sasl.oauthbearer.jwks.endpoint.refresh.ms = 3600000
	sasl.oauthbearer.jwks.endpoint.retry.backoff.max.ms = 10000
	sasl.oauthbearer.jwks.endpoint.retry.backoff.ms = 100
	sasl.oauthbearer.jwks.endpoint.url = null
	sasl.oauthbearer.scope.claim.name = scope
	sasl.oauthbearer.sub.claim.name = sub
	sasl.oauthbearer.token.endpoint.url = null
	security.protocol = PLAINTEXT
	security.providers = null
	send.buffer.bytes = 131072
	session.timeout.ms = 45000
	socket.connection.setup.timeout.max.ms = 30000
	socket.connection.setup.timeout.ms = 10000
	ssl.cipher.suites = null
	ssl.enabled.protocols = [TLSv1.2, TLSv1.3]
	ssl.endpoint.identification.algorithm = https
	ssl.engine.factory.class = null
	ssl.key.password = null
	ssl.keymanager.algorithm = SunX509
	ssl.keystore.certificate.chain = null
	ssl.keystore.key = null
	ssl.keystore.location = null
	ssl.keystore.password = null
	ssl.keystore.type = JKS
	ssl.protocol = TLSv1.3
	ssl.provider = null
	ssl.secure.random.implementation = null
	ssl.trustmanager.algorithm = PKIX
	ssl.truststore.certificates = null
	ssl.truststore.location = null
	ssl.truststore.password = null
	ssl.truststore.type = JKS
	value.deserializer = class io.apicurio.registry.serde.avro.AvroKafkaDeserializer

2025-08-12 14:56:55,851 INFO  [org.apa.kaf.com.tel.int.KafkaMetricsCollector] (main) initializing Kafka metrics collector
2025-08-12 14:56:55,857 INFO  [org.apa.kaf.cli.con.ConsumerConfig] (main) These configurations '[apicurio.registry.url]' were supplied but are not used yet.
2025-08-12 14:56:55,857 INFO  [org.apa.kaf.com.uti.AppInfoParser] (main) Kafka version: 3.9.1
2025-08-12 14:56:55,857 INFO  [org.apa.kaf.com.uti.AppInfoParser] (main) Kafka commitId: f745dfdcee2b9851
2025-08-12 14:56:55,857 INFO  [org.apa.kaf.com.uti.AppInfoParser] (main) Kafka startTimeMs: 1755010615857
2025-08-12 14:56:55,858 INFO  [org.apa.kaf.cli.con.int.ClassicKafkaConsumer] (Thread-700) [Consumer clientId=consumer-Consumer-topic-b480d3c3_1dc2_4d8a_9bc8_a491a8430fb0-13, groupId=Consumer-topic-b480d3c3_1dc2_4d8a_9bc8_a491a8430fb0] Subscribed to topic(s): topic-b480d3c3_1dc2_4d8a_9bc8_a491a8430fb0
2025-08-12 14:56:55,864 INFO  [org.apa.kaf.cli.Metadata] (Thread-700) [Consumer clientId=consumer-Consumer-topic-b480d3c3_1dc2_4d8a_9bc8_a491a8430fb0-13, groupId=Consumer-topic-b480d3c3_1dc2_4d8a_9bc8_a491a8430fb0] Cluster ID: 0yZUVcJRR-Oeoz-b4JS1zQ
2025-08-12 14:56:55,865 INFO  [org.apa.kaf.cli.con.int.ConsumerCoordinator] (Thread-700) [Consumer clientId=consumer-Consumer-topic-b480d3c3_1dc2_4d8a_9bc8_a491a8430fb0-13, groupId=Consumer-topic-b480d3c3_1dc2_4d8a_9bc8_a491a8430fb0] Discovered group coordinator localhost:32769 (id: 2147483647 rack: null)
2025-08-12 14:56:55,868 INFO  [org.apa.kaf.cli.con.int.ConsumerCoordinator] (Thread-700) [Consumer clientId=consumer-Consumer-topic-b480d3c3_1dc2_4d8a_9bc8_a491a8430fb0-13, groupId=Consumer-topic-b480d3c3_1dc2_4d8a_9bc8_a491a8430fb0] (Re-)joining group
2025-08-12 14:56:55,875 INFO  [org.apa.kaf.cli.con.int.ConsumerCoordinator] (Thread-700) [Consumer clientId=consumer-Consumer-topic-b480d3c3_1dc2_4d8a_9bc8_a491a8430fb0-13, groupId=Consumer-topic-b480d3c3_1dc2_4d8a_9bc8_a491a8430fb0] Request joining group due to: need to re-join with the given member-id: consumer-Consumer-topic-b480d3c3_1dc2_4d8a_9bc8_a491a8430fb0-13-da202662-8e3d-4f2d-b9b2-93b5ad24e98e
2025-08-12 14:56:55,875 INFO  [org.apa.kaf.cli.con.int.ConsumerCoordinator] (Thread-700) [Consumer clientId=consumer-Consumer-topic-b480d3c3_1dc2_4d8a_9bc8_a491a8430fb0-13, groupId=Consumer-topic-b480d3c3_1dc2_4d8a_9bc8_a491a8430fb0] (Re-)joining group
2025-08-12 14:56:56,859 INFO  [io.api.tes.ser.api.KafkaSerdesTester] (Thread-700) None found
2025-08-12 14:56:57,859 INFO  [io.api.tes.ser.api.KafkaSerdesTester] (Thread-700) None found
2025-08-12 14:56:58,860 INFO  [io.api.tes.ser.api.KafkaSerdesTester] (Thread-700) None found
2025-08-12 14:56:58,878 INFO  [org.apa.kaf.cli.con.int.ConsumerCoordinator] (Thread-700) [Consumer clientId=consumer-Consumer-topic-b480d3c3_1dc2_4d8a_9bc8_a491a8430fb0-13, groupId=Consumer-topic-b480d3c3_1dc2_4d8a_9bc8_a491a8430fb0] Successfully joined group with generation Generation{generationId=1, memberId='consumer-Consumer-topic-b480d3c3_1dc2_4d8a_9bc8_a491a8430fb0-13-da202662-8e3d-4f2d-b9b2-93b5ad24e98e', protocol='range'}
2025-08-12 14:56:58,878 INFO  [org.apa.kaf.cli.con.int.ConsumerCoordinator] (Thread-700) [Consumer clientId=consumer-Consumer-topic-b480d3c3_1dc2_4d8a_9bc8_a491a8430fb0-13, groupId=Consumer-topic-b480d3c3_1dc2_4d8a_9bc8_a491a8430fb0] Finished assignment for group at generation 1: {consumer-Consumer-topic-b480d3c3_1dc2_4d8a_9bc8_a491a8430fb0-13-da202662-8e3d-4f2d-b9b2-93b5ad24e98e=Assignment(partitions=[topic-b480d3c3_1dc2_4d8a_9bc8_a491a8430fb0-0])}
2025-08-12 14:56:58,885 INFO  [org.apa.kaf.cli.con.int.ConsumerCoordinator] (Thread-700) [Consumer clientId=consumer-Consumer-topic-b480d3c3_1dc2_4d8a_9bc8_a491a8430fb0-13, groupId=Consumer-topic-b480d3c3_1dc2_4d8a_9bc8_a491a8430fb0] Successfully synced group in generation Generation{generationId=1, memberId='consumer-Consumer-topic-b480d3c3_1dc2_4d8a_9bc8_a491a8430fb0-13-da202662-8e3d-4f2d-b9b2-93b5ad24e98e', protocol='range'}
2025-08-12 14:56:58,885 INFO  [org.apa.kaf.cli.con.int.ConsumerCoordinator] (Thread-700) [Consumer clientId=consumer-Consumer-topic-b480d3c3_1dc2_4d8a_9bc8_a491a8430fb0-13, groupId=Consumer-topic-b480d3c3_1dc2_4d8a_9bc8_a491a8430fb0] Notifying assignor about the new Assignment(partitions=[topic-b480d3c3_1dc2_4d8a_9bc8_a491a8430fb0-0])
2025-08-12 14:56:58,885 INFO  [org.apa.kaf.cli.con.int.ConsumerRebalanceListenerInvoker] (Thread-700) [Consumer clientId=consumer-Consumer-topic-b480d3c3_1dc2_4d8a_9bc8_a491a8430fb0-13, groupId=Consumer-topic-b480d3c3_1dc2_4d8a_9bc8_a491a8430fb0] Adding newly assigned partitions: topic-b480d3c3_1dc2_4d8a_9bc8_a491a8430fb0-0
2025-08-12 14:56:58,886 INFO  [org.apa.kaf.cli.con.int.ConsumerCoordinator] (Thread-700) [Consumer clientId=consumer-Consumer-topic-b480d3c3_1dc2_4d8a_9bc8_a491a8430fb0-13, groupId=Consumer-topic-b480d3c3_1dc2_4d8a_9bc8_a491a8430fb0] Found no committed offset for partition topic-b480d3c3_1dc2_4d8a_9bc8_a491a8430fb0-0
2025-08-12 14:56:58,889 INFO  [org.apa.kaf.cli.con.int.SubscriptionState] (Thread-700) [Consumer clientId=consumer-Consumer-topic-b480d3c3_1dc2_4d8a_9bc8_a491a8430fb0-13, groupId=Consumer-topic-b480d3c3_1dc2_4d8a_9bc8_a491a8430fb0] Resetting offset for partition topic-b480d3c3_1dc2_4d8a_9bc8_a491a8430fb0-0 to position FetchPosition{offset=0, offsetEpoch=Optional.empty, currentLeader=LeaderAndEpoch{leader=Optional[localhost:32769 (id: 0 rack: null)], epoch=0}}.
2025-08-12 14:56:59,006 INFO  [io.api.tes.ser.api.KafkaSerdesTester] (Thread-700) topic-b480d3c3_1dc2_4d8a_9bc8_a491a8430fb0 0 0 {"key11755010614553": "value-0"}
2025-08-12 14:56:59,006 INFO  [io.api.tes.ser.api.KafkaSerdesTester] (Thread-700) topic-b480d3c3_1dc2_4d8a_9bc8_a491a8430fb0 0 1 {"key11755010614553": "value-1"}
2025-08-12 14:56:59,006 INFO  [io.api.tes.ser.api.KafkaSerdesTester] (Thread-700) topic-b480d3c3_1dc2_4d8a_9bc8_a491a8430fb0 0 2 {"key11755010614553": "value-2"}
2025-08-12 14:56:59,006 INFO  [io.api.tes.ser.api.KafkaSerdesTester] (Thread-700) topic-b480d3c3_1dc2_4d8a_9bc8_a491a8430fb0 0 3 {"key11755010614553": "value-3"}
2025-08-12 14:56:59,006 INFO  [io.api.tes.ser.api.KafkaSerdesTester] (Thread-700) topic-b480d3c3_1dc2_4d8a_9bc8_a491a8430fb0 0 4 {"key11755010614553": "value-4"}
2025-08-12 14:56:59,006 INFO  [io.api.tes.ser.api.KafkaSerdesTester] (Thread-700) topic-b480d3c3_1dc2_4d8a_9bc8_a491a8430fb0 0 5 {"key11755010614553": "value-5"}
2025-08-12 14:56:59,006 INFO  [io.api.tes.ser.api.KafkaSerdesTester] (Thread-700) topic-b480d3c3_1dc2_4d8a_9bc8_a491a8430fb0 0 6 {"key11755010614553": "value-6"}
2025-08-12 14:56:59,006 INFO  [io.api.tes.ser.api.KafkaSerdesTester] (Thread-700) topic-b480d3c3_1dc2_4d8a_9bc8_a491a8430fb0 0 7 {"key11755010614553": "value-7"}
2025-08-12 14:56:59,006 INFO  [io.api.tes.ser.api.KafkaSerdesTester] (Thread-700) topic-b480d3c3_1dc2_4d8a_9bc8_a491a8430fb0 0 8 {"key11755010614553": "value-8"}
2025-08-12 14:56:59,006 INFO  [io.api.tes.ser.api.KafkaSerdesTester] (Thread-700) topic-b480d3c3_1dc2_4d8a_9bc8_a491a8430fb0 0 9 {"key11755010614553": "value-9"}
2025-08-12 14:56:59,006 INFO  [io.api.tes.ser.api.KafkaSerdesTester] (Thread-700) Consumed 10 messages
2025-08-12 14:56:59,013 INFO  [org.apa.kaf.cli.con.int.ConsumerRebalanceListenerInvoker] (Thread-700) [Consumer clientId=consumer-Consumer-topic-b480d3c3_1dc2_4d8a_9bc8_a491a8430fb0-13, groupId=Consumer-topic-b480d3c3_1dc2_4d8a_9bc8_a491a8430fb0] Revoke previously assigned partitions topic-b480d3c3_1dc2_4d8a_9bc8_a491a8430fb0-0
2025-08-12 14:56:59,013 INFO  [org.apa.kaf.cli.con.int.ConsumerCoordinator] (Thread-700) [Consumer clientId=consumer-Consumer-topic-b480d3c3_1dc2_4d8a_9bc8_a491a8430fb0-13, groupId=Consumer-topic-b480d3c3_1dc2_4d8a_9bc8_a491a8430fb0] Member consumer-Consumer-topic-b480d3c3_1dc2_4d8a_9bc8_a491a8430fb0-13-da202662-8e3d-4f2d-b9b2-93b5ad24e98e sending LeaveGroup request to coordinator localhost:32769 (id: 2147483647 rack: null) due to the consumer is being closed
2025-08-12 14:56:59,014 INFO  [org.apa.kaf.cli.con.int.ConsumerCoordinator] (Thread-700) [Consumer clientId=consumer-Consumer-topic-b480d3c3_1dc2_4d8a_9bc8_a491a8430fb0-13, groupId=Consumer-topic-b480d3c3_1dc2_4d8a_9bc8_a491a8430fb0] Resetting generation and member id due to: consumer pro-actively leaving the group
2025-08-12 14:56:59,014 INFO  [org.apa.kaf.cli.con.int.ConsumerCoordinator] (Thread-700) [Consumer clientId=consumer-Consumer-topic-b480d3c3_1dc2_4d8a_9bc8_a491a8430fb0-13, groupId=Consumer-topic-b480d3c3_1dc2_4d8a_9bc8_a491a8430fb0] Request joining group due to: consumer pro-actively leaving the group
2025-08-12 14:56:59,510 INFO  [org.apa.kaf.com.met.Metrics] (Thread-700) Metrics scheduler closed
2025-08-12 14:56:59,510 INFO  [org.apa.kaf.com.met.Metrics] (Thread-700) Closing reporter org.apache.kafka.common.metrics.JmxReporter
2025-08-12 14:56:59,510 INFO  [org.apa.kaf.com.met.Metrics] (Thread-700) Closing reporter org.apache.kafka.common.telemetry.internals.ClientTelemetryReporter
2025-08-12 14:56:59,510 INFO  [org.apa.kaf.com.met.Metrics] (Thread-700) Metrics reporters closed
2025-08-12 14:56:59,512 INFO  [org.apa.kaf.com.uti.AppInfoParser] (Thread-700) App info kafka.consumer for consumer-Consumer-topic-b480d3c3_1dc2_4d8a_9bc8_a491a8430fb0-13 unregistered
2025-08-12 14:56:59,512 INFO  [io.api.tes.uti.TestSeparator] (main) io.apicurio.tests.serdes.apicurio.AvroSerdeIT.testTopicRecordIdStrategydFindLatest-FINISHED
2025-08-12 14:56:59,512 INFO  [io.api.tes.uti.TestSeparator] (main) ############################################################################
Test passed: testTopicRecordIdStrategydFindLatest
]]></system-out>
  </testcase>
  <testcase name="testAvroConfluentForMultipleTopics" classname="io.apicurio.tests.serdes.apicurio.AvroSerdeIT" time="12.395">
    <system-out><![CDATA[2025-08-12 14:56:59,517 INFO  [io.api.tes.uti.TestSeparator] (main) ############################################################################
2025-08-12 14:56:59,517 INFO  [io.api.tes.uti.TestSeparator] (main) io.apicurio.tests.serdes.apicurio.AvroSerdeIT.testAvroConfluentForMultipleTopics-STARTED
2025-08-12 14:56:59,518 INFO  [io.api.tes.ser.api.AvroSerdeIT] (main) Registering Avro Schema: {"type":"record","name":"myrecordconfluent","fields":[{"name":"key11755010619518","type":"string"}]}
**** Registry Base URL: http://registry-app-ksql043.apps.ci419.apicurio-testing.org:80
2025-08-12 14:57:00,636 INFO  [org.apa.kaf.cli.pro.ProducerConfig] (main) ProducerConfig values: 
	acks = -1
	auto.include.jmx.reporter = true
	batch.size = 16384
	bootstrap.servers = [PLAINTEXT://localhost:32769]
	buffer.memory = 33554432
	client.dns.lookup = use_all_dns_ips
	client.id = Producer-topic-9c34d87c_6dcc_43ca_ba0a_24fcbfcd4a46
	compression.gzip.level = -1
	compression.lz4.level = 9
	compression.type = none
	compression.zstd.level = 3
	connections.max.idle.ms = 10000
	delivery.timeout.ms = 120000
	enable.idempotence = true
	enable.metrics.push = true
	interceptor.classes = []
	key.serializer = class org.apache.kafka.common.serialization.StringSerializer
	linger.ms = 0
	max.block.ms = 60000
	max.in.flight.requests.per.connection = 5
	max.request.size = 1048576
	metadata.max.age.ms = 300000
	metadata.max.idle.ms = 300000
	metadata.recovery.strategy = none
	metric.reporters = []
	metrics.num.samples = 2
	metrics.recording.level = INFO
	metrics.sample.window.ms = 30000
	partitioner.adaptive.partitioning.enable = true
	partitioner.availability.timeout.ms = 0
	partitioner.class = null
	partitioner.ignore.keys = false
	receive.buffer.bytes = 32768
	reconnect.backoff.max.ms = 1000
	reconnect.backoff.ms = 50
	request.timeout.ms = 5000
	retries = 2147483647
	retry.backoff.max.ms = 1000
	retry.backoff.ms = 100
	sasl.client.callback.handler.class = null
	sasl.jaas.config = null
	sasl.kerberos.kinit.cmd = /usr/bin/kinit
	sasl.kerberos.min.time.before.relogin = 60000
	sasl.kerberos.service.name = null
	sasl.kerberos.ticket.renew.jitter = 0.05
	sasl.kerberos.ticket.renew.window.factor = 0.8
	sasl.login.callback.handler.class = null
	sasl.login.class = null
	sasl.login.connect.timeout.ms = null
	sasl.login.read.timeout.ms = null
	sasl.login.refresh.buffer.seconds = 300
	sasl.login.refresh.min.period.seconds = 60
	sasl.login.refresh.window.factor = 0.8
	sasl.login.refresh.window.jitter = 0.05
	sasl.login.retry.backoff.max.ms = 10000
	sasl.login.retry.backoff.ms = 100
	sasl.mechanism = GSSAPI
	sasl.oauthbearer.clock.skew.seconds = 30
	sasl.oauthbearer.expected.audience = null
	sasl.oauthbearer.expected.issuer = null
	sasl.oauthbearer.header.urlencode = false
	sasl.oauthbearer.jwks.endpoint.refresh.ms = 3600000
	sasl.oauthbearer.jwks.endpoint.retry.backoff.max.ms = 10000
	sasl.oauthbearer.jwks.endpoint.retry.backoff.ms = 100
	sasl.oauthbearer.jwks.endpoint.url = null
	sasl.oauthbearer.scope.claim.name = scope
	sasl.oauthbearer.sub.claim.name = sub
	sasl.oauthbearer.token.endpoint.url = null
	security.protocol = PLAINTEXT
	security.providers = null
	send.buffer.bytes = 131072
	socket.connection.setup.timeout.max.ms = 30000
	socket.connection.setup.timeout.ms = 10000
	ssl.cipher.suites = null
	ssl.enabled.protocols = [TLSv1.2, TLSv1.3]
	ssl.endpoint.identification.algorithm = https
	ssl.engine.factory.class = null
	ssl.key.password = null
	ssl.keymanager.algorithm = SunX509
	ssl.keystore.certificate.chain = null
	ssl.keystore.key = null
	ssl.keystore.location = null
	ssl.keystore.password = null
	ssl.keystore.type = JKS
	ssl.protocol = TLSv1.3
	ssl.provider = null
	ssl.secure.random.implementation = null
	ssl.trustmanager.algorithm = PKIX
	ssl.truststore.certificates = null
	ssl.truststore.location = null
	ssl.truststore.password = null
	ssl.truststore.type = JKS
	transaction.timeout.ms = 60000
	transactional.id = null
	value.serializer = class io.apicurio.registry.serde.avro.AvroKafkaSerializer

2025-08-12 14:57:00,636 INFO  [org.apa.kaf.com.tel.int.KafkaMetricsCollector] (main) initializing Kafka metrics collector
2025-08-12 14:57:00,643 INFO  [org.apa.kaf.cli.pro.KafkaProducer] (main) [Producer clientId=Producer-topic-9c34d87c_6dcc_43ca_ba0a_24fcbfcd4a46] Instantiated an idempotent producer.
2025-08-12 14:57:00,645 INFO  [org.apa.kaf.cli.pro.ProducerConfig] (main) These configurations '[apicurio.registry.url, apicurio.registry.artifact-resolver-strategy]' were supplied but are not used yet.
2025-08-12 14:57:00,645 INFO  [org.apa.kaf.com.uti.AppInfoParser] (main) Kafka version: 3.9.1
2025-08-12 14:57:00,645 INFO  [org.apa.kaf.com.uti.AppInfoParser] (main) Kafka commitId: f745dfdcee2b9851
2025-08-12 14:57:00,645 INFO  [org.apa.kaf.com.uti.AppInfoParser] (main) Kafka startTimeMs: 1755010620645
**** Registry Base URL: http://registry-app-ksql043.apps.ci419.apicurio-testing.org:80
2025-08-12 14:57:00,645 INFO  [org.apa.kaf.cli.pro.ProducerConfig] (main) ProducerConfig values: 
	acks = -1
	auto.include.jmx.reporter = true
	batch.size = 16384
	bootstrap.servers = [PLAINTEXT://localhost:32769]
	buffer.memory = 33554432
	client.dns.lookup = use_all_dns_ips
	client.id = Producer-topic-71d54ab0_1043_4d5b_b4dd_fe2c9edfcf93
	compression.gzip.level = -1
	compression.lz4.level = 9
	compression.type = none
	compression.zstd.level = 3
	connections.max.idle.ms = 10000
	delivery.timeout.ms = 120000
	enable.idempotence = true
	enable.metrics.push = true
	interceptor.classes = []
	key.serializer = class org.apache.kafka.common.serialization.StringSerializer
	linger.ms = 0
	max.block.ms = 60000
	max.in.flight.requests.per.connection = 5
	max.request.size = 1048576
	metadata.max.age.ms = 300000
	metadata.max.idle.ms = 300000
	metadata.recovery.strategy = none
	metric.reporters = []
	metrics.num.samples = 2
	metrics.recording.level = INFO
	metrics.sample.window.ms = 30000
	partitioner.adaptive.partitioning.enable = true
	partitioner.availability.timeout.ms = 0
	partitioner.class = null
	partitioner.ignore.keys = false
	receive.buffer.bytes = 32768
	reconnect.backoff.max.ms = 1000
	reconnect.backoff.ms = 50
	request.timeout.ms = 5000
	retries = 2147483647
	retry.backoff.max.ms = 1000
	retry.backoff.ms = 100
	sasl.client.callback.handler.class = null
	sasl.jaas.config = null
	sasl.kerberos.kinit.cmd = /usr/bin/kinit
	sasl.kerberos.min.time.before.relogin = 60000
	sasl.kerberos.service.name = null
	sasl.kerberos.ticket.renew.jitter = 0.05
	sasl.kerberos.ticket.renew.window.factor = 0.8
	sasl.login.callback.handler.class = null
	sasl.login.class = null
	sasl.login.connect.timeout.ms = null
	sasl.login.read.timeout.ms = null
	sasl.login.refresh.buffer.seconds = 300
	sasl.login.refresh.min.period.seconds = 60
	sasl.login.refresh.window.factor = 0.8
	sasl.login.refresh.window.jitter = 0.05
	sasl.login.retry.backoff.max.ms = 10000
	sasl.login.retry.backoff.ms = 100
	sasl.mechanism = GSSAPI
	sasl.oauthbearer.clock.skew.seconds = 30
	sasl.oauthbearer.expected.audience = null
	sasl.oauthbearer.expected.issuer = null
	sasl.oauthbearer.header.urlencode = false
	sasl.oauthbearer.jwks.endpoint.refresh.ms = 3600000
	sasl.oauthbearer.jwks.endpoint.retry.backoff.max.ms = 10000
	sasl.oauthbearer.jwks.endpoint.retry.backoff.ms = 100
	sasl.oauthbearer.jwks.endpoint.url = null
	sasl.oauthbearer.scope.claim.name = scope
	sasl.oauthbearer.sub.claim.name = sub
	sasl.oauthbearer.token.endpoint.url = null
	security.protocol = PLAINTEXT
	security.providers = null
	send.buffer.bytes = 131072
	socket.connection.setup.timeout.max.ms = 30000
	socket.connection.setup.timeout.ms = 10000
	ssl.cipher.suites = null
	ssl.enabled.protocols = [TLSv1.2, TLSv1.3]
	ssl.endpoint.identification.algorithm = https
	ssl.engine.factory.class = null
	ssl.key.password = null
	ssl.keymanager.algorithm = SunX509
	ssl.keystore.certificate.chain = null
	ssl.keystore.key = null
	ssl.keystore.location = null
	ssl.keystore.password = null
	ssl.keystore.type = JKS
	ssl.protocol = TLSv1.3
	ssl.provider = null
	ssl.secure.random.implementation = null
	ssl.trustmanager.algorithm = PKIX
	ssl.truststore.certificates = null
	ssl.truststore.location = null
	ssl.truststore.password = null
	ssl.truststore.type = JKS
	transaction.timeout.ms = 60000
	transactional.id = null
	value.serializer = class io.apicurio.registry.serde.avro.AvroKafkaSerializer

2025-08-12 14:57:00,646 INFO  [org.apa.kaf.com.tel.int.KafkaMetricsCollector] (main) initializing Kafka metrics collector
2025-08-12 14:57:00,651 INFO  [org.apa.kaf.cli.pro.KafkaProducer] (main) [Producer clientId=Producer-topic-71d54ab0_1043_4d5b_b4dd_fe2c9edfcf93] Instantiated an idempotent producer.
2025-08-12 14:57:00,653 INFO  [org.apa.kaf.cli.Metadata] (kafka-producer-network-thread | Producer-topic-9c34d87c_6dcc_43ca_ba0a_24fcbfcd4a46) [Producer clientId=Producer-topic-9c34d87c_6dcc_43ca_ba0a_24fcbfcd4a46] Cluster ID: 0yZUVcJRR-Oeoz-b4JS1zQ
2025-08-12 14:57:00,654 INFO  [org.apa.kaf.cli.pro.ProducerConfig] (main) These configurations '[apicurio.registry.url, apicurio.registry.artifact-resolver-strategy]' were supplied but are not used yet.
2025-08-12 14:57:00,654 INFO  [org.apa.kaf.com.uti.AppInfoParser] (main) Kafka version: 3.9.1
2025-08-12 14:57:00,654 INFO  [org.apa.kaf.com.uti.AppInfoParser] (main) Kafka commitId: f745dfdcee2b9851
2025-08-12 14:57:00,654 INFO  [org.apa.kaf.com.uti.AppInfoParser] (main) Kafka startTimeMs: 1755010620654
**** Registry Base URL: http://registry-app-ksql043.apps.ci419.apicurio-testing.org:80
2025-08-12 14:57:00,655 INFO  [org.apa.kaf.cli.pro.ProducerConfig] (main) ProducerConfig values: 
	acks = -1
	auto.include.jmx.reporter = true
	batch.size = 16384
	bootstrap.servers = [PLAINTEXT://localhost:32769]
	buffer.memory = 33554432
	client.dns.lookup = use_all_dns_ips
	client.id = Producer-topic-fcdc20cf_e8b9_4e83_b5d2_8789dfe02f46
	compression.gzip.level = -1
	compression.lz4.level = 9
	compression.type = none
	compression.zstd.level = 3
	connections.max.idle.ms = 10000
	delivery.timeout.ms = 120000
	enable.idempotence = true
	enable.metrics.push = true
	interceptor.classes = []
	key.serializer = class org.apache.kafka.common.serialization.StringSerializer
	linger.ms = 0
	max.block.ms = 60000
	max.in.flight.requests.per.connection = 5
	max.request.size = 1048576
	metadata.max.age.ms = 300000
	metadata.max.idle.ms = 300000
	metadata.recovery.strategy = none
	metric.reporters = []
	metrics.num.samples = 2
	metrics.recording.level = INFO
	metrics.sample.window.ms = 30000
	partitioner.adaptive.partitioning.enable = true
	partitioner.availability.timeout.ms = 0
	partitioner.class = null
	partitioner.ignore.keys = false
	receive.buffer.bytes = 32768
	reconnect.backoff.max.ms = 1000
	reconnect.backoff.ms = 50
	request.timeout.ms = 5000
	retries = 2147483647
	retry.backoff.max.ms = 1000
	retry.backoff.ms = 100
	sasl.client.callback.handler.class = null
	sasl.jaas.config = null
	sasl.kerberos.kinit.cmd = /usr/bin/kinit
	sasl.kerberos.min.time.before.relogin = 60000
	sasl.kerberos.service.name = null
	sasl.kerberos.ticket.renew.jitter = 0.05
	sasl.kerberos.ticket.renew.window.factor = 0.8
	sasl.login.callback.handler.class = null
	sasl.login.class = null
	sasl.login.connect.timeout.ms = null
	sasl.login.read.timeout.ms = null
	sasl.login.refresh.buffer.seconds = 300
	sasl.login.refresh.min.period.seconds = 60
	sasl.login.refresh.window.factor = 0.8
	sasl.login.refresh.window.jitter = 0.05
	sasl.login.retry.backoff.max.ms = 10000
	sasl.login.retry.backoff.ms = 100
	sasl.mechanism = GSSAPI
	sasl.oauthbearer.clock.skew.seconds = 30
	sasl.oauthbearer.expected.audience = null
	sasl.oauthbearer.expected.issuer = null
	sasl.oauthbearer.header.urlencode = false
	sasl.oauthbearer.jwks.endpoint.refresh.ms = 3600000
	sasl.oauthbearer.jwks.endpoint.retry.backoff.max.ms = 10000
	sasl.oauthbearer.jwks.endpoint.retry.backoff.ms = 100
	sasl.oauthbearer.jwks.endpoint.url = null
	sasl.oauthbearer.scope.claim.name = scope
	sasl.oauthbearer.sub.claim.name = sub
	sasl.oauthbearer.token.endpoint.url = null
	security.protocol = PLAINTEXT
	security.providers = null
	send.buffer.bytes = 131072
	socket.connection.setup.timeout.max.ms = 30000
	socket.connection.setup.timeout.ms = 10000
	ssl.cipher.suites = null
	ssl.enabled.protocols = [TLSv1.2, TLSv1.3]
	ssl.endpoint.identification.algorithm = https
	ssl.engine.factory.class = null
	ssl.key.password = null
	ssl.keymanager.algorithm = SunX509
	ssl.keystore.certificate.chain = null
	ssl.keystore.key = null
	ssl.keystore.location = null
	ssl.keystore.password = null
	ssl.keystore.type = JKS
	ssl.protocol = TLSv1.3
	ssl.provider = null
	ssl.secure.random.implementation = null
	ssl.trustmanager.algorithm = PKIX
	ssl.truststore.certificates = null
	ssl.truststore.location = null
	ssl.truststore.password = null
	ssl.truststore.type = JKS
	transaction.timeout.ms = 60000
	transactional.id = null
	value.serializer = class io.apicurio.registry.serde.avro.AvroKafkaSerializer

2025-08-12 14:57:00,655 INFO  [org.apa.kaf.com.tel.int.KafkaMetricsCollector] (main) initializing Kafka metrics collector
2025-08-12 14:57:00,656 INFO  [org.apa.kaf.cli.pro.int.TransactionManager] (kafka-producer-network-thread | Producer-topic-9c34d87c_6dcc_43ca_ba0a_24fcbfcd4a46) [Producer clientId=Producer-topic-9c34d87c_6dcc_43ca_ba0a_24fcbfcd4a46] ProducerId set to 19 with epoch 0
2025-08-12 14:57:00,660 INFO  [org.apa.kaf.cli.Metadata] (kafka-producer-network-thread | Producer-topic-71d54ab0_1043_4d5b_b4dd_fe2c9edfcf93) [Producer clientId=Producer-topic-71d54ab0_1043_4d5b_b4dd_fe2c9edfcf93] Cluster ID: 0yZUVcJRR-Oeoz-b4JS1zQ
2025-08-12 14:57:00,661 INFO  [org.apa.kaf.cli.pro.int.TransactionManager] (kafka-producer-network-thread | Producer-topic-71d54ab0_1043_4d5b_b4dd_fe2c9edfcf93) [Producer clientId=Producer-topic-71d54ab0_1043_4d5b_b4dd_fe2c9edfcf93] ProducerId set to 20 with epoch 0
2025-08-12 14:57:00,670 INFO  [org.apa.kaf.cli.pro.KafkaProducer] (main) [Producer clientId=Producer-topic-fcdc20cf_e8b9_4e83_b5d2_8789dfe02f46] Instantiated an idempotent producer.
2025-08-12 14:57:00,672 INFO  [org.apa.kaf.cli.pro.ProducerConfig] (main) These configurations '[apicurio.registry.url, apicurio.registry.artifact-resolver-strategy]' were supplied but are not used yet.
2025-08-12 14:57:00,672 INFO  [org.apa.kaf.com.uti.AppInfoParser] (main) Kafka version: 3.9.1
2025-08-12 14:57:00,672 INFO  [org.apa.kaf.com.uti.AppInfoParser] (main) Kafka commitId: f745dfdcee2b9851
2025-08-12 14:57:00,672 INFO  [org.apa.kaf.com.uti.AppInfoParser] (main) Kafka startTimeMs: 1755010620672
**** Registry Base URL: http://registry-app-ksql043.apps.ci419.apicurio-testing.org:80
2025-08-12 14:57:00,673 INFO  [org.apa.kaf.cli.con.ConsumerConfig] (main) ConsumerConfig values: 
	allow.auto.create.topics = true
	auto.commit.interval.ms = 500
	auto.include.jmx.reporter = true
	auto.offset.reset = earliest
	bootstrap.servers = [PLAINTEXT://localhost:32769]
	check.crcs = true
	client.dns.lookup = use_all_dns_ips
	client.id = consumer-Consumer-topic-9c34d87c_6dcc_43ca_ba0a_24fcbfcd4a46-14
	client.rack = 
	connections.max.idle.ms = 10000
	default.api.timeout.ms = 60000
	enable.auto.commit = true
	enable.metrics.push = true
	exclude.internal.topics = true
	fetch.max.bytes = 52428800
	fetch.max.wait.ms = 500
	fetch.min.bytes = 1
	group.id = Consumer-topic-9c34d87c_6dcc_43ca_ba0a_24fcbfcd4a46
	group.instance.id = null
	group.protocol = classic
	group.remote.assignor = null
	heartbeat.interval.ms = 3000
	interceptor.classes = []
	internal.leave.group.on.close = true
	internal.throw.on.fetch.stable.offset.unsupported = false
	isolation.level = read_uncommitted
	key.deserializer = class org.apache.kafka.common.serialization.StringDeserializer
	max.partition.fetch.bytes = 1048576
	max.poll.interval.ms = 300000
	max.poll.records = 500
	metadata.max.age.ms = 300000
	metadata.recovery.strategy = none
	metric.reporters = []
	metrics.num.samples = 2
	metrics.recording.level = INFO
	metrics.sample.window.ms = 30000
	partition.assignment.strategy = [class org.apache.kafka.clients.consumer.RangeAssignor, class org.apache.kafka.clients.consumer.CooperativeStickyAssignor]
	receive.buffer.bytes = 65536
	reconnect.backoff.max.ms = 1000
	reconnect.backoff.ms = 50
	request.timeout.ms = 5000
	retry.backoff.max.ms = 1000
	retry.backoff.ms = 100
	sasl.client.callback.handler.class = null
	sasl.jaas.config = null
	sasl.kerberos.kinit.cmd = /usr/bin/kinit
	sasl.kerberos.min.time.before.relogin = 60000
	sasl.kerberos.service.name = null
	sasl.kerberos.ticket.renew.jitter = 0.05
	sasl.kerberos.ticket.renew.window.factor = 0.8
	sasl.login.callback.handler.class = null
	sasl.login.class = null
	sasl.login.connect.timeout.ms = null
	sasl.login.read.timeout.ms = null
	sasl.login.refresh.buffer.seconds = 300
	sasl.login.refresh.min.period.seconds = 60
	sasl.login.refresh.window.factor = 0.8
	sasl.login.refresh.window.jitter = 0.05
	sasl.login.retry.backoff.max.ms = 10000
	sasl.login.retry.backoff.ms = 100
	sasl.mechanism = GSSAPI
	sasl.oauthbearer.clock.skew.seconds = 30
	sasl.oauthbearer.expected.audience = null
	sasl.oauthbearer.expected.issuer = null
	sasl.oauthbearer.header.urlencode = false
	sasl.oauthbearer.jwks.endpoint.refresh.ms = 3600000
	sasl.oauthbearer.jwks.endpoint.retry.backoff.max.ms = 10000
	sasl.oauthbearer.jwks.endpoint.retry.backoff.ms = 100
	sasl.oauthbearer.jwks.endpoint.url = null
	sasl.oauthbearer.scope.claim.name = scope
	sasl.oauthbearer.sub.claim.name = sub
	sasl.oauthbearer.token.endpoint.url = null
	security.protocol = PLAINTEXT
	security.providers = null
	send.buffer.bytes = 131072
	session.timeout.ms = 45000
	socket.connection.setup.timeout.max.ms = 30000
	socket.connection.setup.timeout.ms = 10000
	ssl.cipher.suites = null
	ssl.enabled.protocols = [TLSv1.2, TLSv1.3]
	ssl.endpoint.identification.algorithm = https
	ssl.engine.factory.class = null
	ssl.key.password = null
	ssl.keymanager.algorithm = SunX509
	ssl.keystore.certificate.chain = null
	ssl.keystore.key = null
	ssl.keystore.location = null
	ssl.keystore.password = null
	ssl.keystore.type = JKS
	ssl.protocol = TLSv1.3
	ssl.provider = null
	ssl.secure.random.implementation = null
	ssl.trustmanager.algorithm = PKIX
	ssl.truststore.certificates = null
	ssl.truststore.location = null
	ssl.truststore.password = null
	ssl.truststore.type = JKS
	value.deserializer = class io.apicurio.registry.serde.avro.AvroKafkaDeserializer

2025-08-12 14:57:00,673 INFO  [org.apa.kaf.com.tel.int.KafkaMetricsCollector] (main) initializing Kafka metrics collector
2025-08-12 14:57:00,678 INFO  [org.apa.kaf.cli.Metadata] (kafka-producer-network-thread | Producer-topic-fcdc20cf_e8b9_4e83_b5d2_8789dfe02f46) [Producer clientId=Producer-topic-fcdc20cf_e8b9_4e83_b5d2_8789dfe02f46] Cluster ID: 0yZUVcJRR-Oeoz-b4JS1zQ
2025-08-12 14:57:00,678 INFO  [org.apa.kaf.cli.pro.int.TransactionManager] (kafka-producer-network-thread | Producer-topic-fcdc20cf_e8b9_4e83_b5d2_8789dfe02f46) [Producer clientId=Producer-topic-fcdc20cf_e8b9_4e83_b5d2_8789dfe02f46] ProducerId set to 21 with epoch 0
2025-08-12 14:57:00,681 INFO  [org.apa.kaf.cli.con.ConsumerConfig] (main) These configurations '[apicurio.registry.url]' were supplied but are not used yet.
2025-08-12 14:57:00,681 INFO  [org.apa.kaf.com.uti.AppInfoParser] (main) Kafka version: 3.9.1
2025-08-12 14:57:00,681 INFO  [org.apa.kaf.com.uti.AppInfoParser] (main) Kafka commitId: f745dfdcee2b9851
2025-08-12 14:57:00,681 INFO  [org.apa.kaf.com.uti.AppInfoParser] (main) Kafka startTimeMs: 1755010620681
**** Registry Base URL: http://registry-app-ksql043.apps.ci419.apicurio-testing.org:80
2025-08-12 14:57:00,682 INFO  [org.apa.kaf.cli.con.ConsumerConfig] (main) ConsumerConfig values: 
	allow.auto.create.topics = true
	auto.commit.interval.ms = 500
	auto.include.jmx.reporter = true
	auto.offset.reset = earliest
	bootstrap.servers = [PLAINTEXT://localhost:32769]
	check.crcs = true
	client.dns.lookup = use_all_dns_ips
	client.id = consumer-Consumer-topic-71d54ab0_1043_4d5b_b4dd_fe2c9edfcf93-15
	client.rack = 
	connections.max.idle.ms = 10000
	default.api.timeout.ms = 60000
	enable.auto.commit = true
	enable.metrics.push = true
	exclude.internal.topics = true
	fetch.max.bytes = 52428800
	fetch.max.wait.ms = 500
	fetch.min.bytes = 1
	group.id = Consumer-topic-71d54ab0_1043_4d5b_b4dd_fe2c9edfcf93
	group.instance.id = null
	group.protocol = classic
	group.remote.assignor = null
	heartbeat.interval.ms = 3000
	interceptor.classes = []
	internal.leave.group.on.close = true
	internal.throw.on.fetch.stable.offset.unsupported = false
	isolation.level = read_uncommitted
	key.deserializer = class org.apache.kafka.common.serialization.StringDeserializer
	max.partition.fetch.bytes = 1048576
	max.poll.interval.ms = 300000
	max.poll.records = 500
	metadata.max.age.ms = 300000
	metadata.recovery.strategy = none
	metric.reporters = []
	metrics.num.samples = 2
	metrics.recording.level = INFO
	metrics.sample.window.ms = 30000
	partition.assignment.strategy = [class org.apache.kafka.clients.consumer.RangeAssignor, class org.apache.kafka.clients.consumer.CooperativeStickyAssignor]
	receive.buffer.bytes = 65536
	reconnect.backoff.max.ms = 1000
	reconnect.backoff.ms = 50
	request.timeout.ms = 5000
	retry.backoff.max.ms = 1000
	retry.backoff.ms = 100
	sasl.client.callback.handler.class = null
	sasl.jaas.config = null
	sasl.kerberos.kinit.cmd = /usr/bin/kinit
	sasl.kerberos.min.time.before.relogin = 60000
	sasl.kerberos.service.name = null
	sasl.kerberos.ticket.renew.jitter = 0.05
	sasl.kerberos.ticket.renew.window.factor = 0.8
	sasl.login.callback.handler.class = null
	sasl.login.class = null
	sasl.login.connect.timeout.ms = null
	sasl.login.read.timeout.ms = null
	sasl.login.refresh.buffer.seconds = 300
	sasl.login.refresh.min.period.seconds = 60
	sasl.login.refresh.window.factor = 0.8
	sasl.login.refresh.window.jitter = 0.05
	sasl.login.retry.backoff.max.ms = 10000
	sasl.login.retry.backoff.ms = 100
	sasl.mechanism = GSSAPI
	sasl.oauthbearer.clock.skew.seconds = 30
	sasl.oauthbearer.expected.audience = null
	sasl.oauthbearer.expected.issuer = null
	sasl.oauthbearer.header.urlencode = false
	sasl.oauthbearer.jwks.endpoint.refresh.ms = 3600000
	sasl.oauthbearer.jwks.endpoint.retry.backoff.max.ms = 10000
	sasl.oauthbearer.jwks.endpoint.retry.backoff.ms = 100
	sasl.oauthbearer.jwks.endpoint.url = null
	sasl.oauthbearer.scope.claim.name = scope
	sasl.oauthbearer.sub.claim.name = sub
	sasl.oauthbearer.token.endpoint.url = null
	security.protocol = PLAINTEXT
	security.providers = null
	send.buffer.bytes = 131072
	session.timeout.ms = 45000
	socket.connection.setup.timeout.max.ms = 30000
	socket.connection.setup.timeout.ms = 10000
	ssl.cipher.suites = null
	ssl.enabled.protocols = [TLSv1.2, TLSv1.3]
	ssl.endpoint.identification.algorithm = https
	ssl.engine.factory.class = null
	ssl.key.password = null
	ssl.keymanager.algorithm = SunX509
	ssl.keystore.certificate.chain = null
	ssl.keystore.key = null
	ssl.keystore.location = null
	ssl.keystore.password = null
	ssl.keystore.type = JKS
	ssl.protocol = TLSv1.3
	ssl.provider = null
	ssl.secure.random.implementation = null
	ssl.trustmanager.algorithm = PKIX
	ssl.truststore.certificates = null
	ssl.truststore.location = null
	ssl.truststore.password = null
	ssl.truststore.type = JKS
	value.deserializer = class io.apicurio.registry.serde.avro.AvroKafkaDeserializer

2025-08-12 14:57:00,682 INFO  [org.apa.kaf.com.tel.int.KafkaMetricsCollector] (main) initializing Kafka metrics collector
2025-08-12 14:57:00,687 INFO  [org.apa.kaf.cli.con.ConsumerConfig] (main) These configurations '[apicurio.registry.url]' were supplied but are not used yet.
2025-08-12 14:57:00,687 INFO  [org.apa.kaf.com.uti.AppInfoParser] (main) Kafka version: 3.9.1
2025-08-12 14:57:00,687 INFO  [org.apa.kaf.com.uti.AppInfoParser] (main) Kafka commitId: f745dfdcee2b9851
2025-08-12 14:57:00,687 INFO  [org.apa.kaf.com.uti.AppInfoParser] (main) Kafka startTimeMs: 1755010620687
**** Registry Base URL: http://registry-app-ksql043.apps.ci419.apicurio-testing.org:80
2025-08-12 14:57:00,688 INFO  [org.apa.kaf.cli.con.ConsumerConfig] (main) ConsumerConfig values: 
	allow.auto.create.topics = true
	auto.commit.interval.ms = 500
	auto.include.jmx.reporter = true
	auto.offset.reset = earliest
	bootstrap.servers = [PLAINTEXT://localhost:32769]
	check.crcs = true
	client.dns.lookup = use_all_dns_ips
	client.id = consumer-Consumer-topic-fcdc20cf_e8b9_4e83_b5d2_8789dfe02f46-16
	client.rack = 
	connections.max.idle.ms = 10000
	default.api.timeout.ms = 60000
	enable.auto.commit = true
	enable.metrics.push = true
	exclude.internal.topics = true
	fetch.max.bytes = 52428800
	fetch.max.wait.ms = 500
	fetch.min.bytes = 1
	group.id = Consumer-topic-fcdc20cf_e8b9_4e83_b5d2_8789dfe02f46
	group.instance.id = null
	group.protocol = classic
	group.remote.assignor = null
	heartbeat.interval.ms = 3000
	interceptor.classes = []
	internal.leave.group.on.close = true
	internal.throw.on.fetch.stable.offset.unsupported = false
	isolation.level = read_uncommitted
	key.deserializer = class org.apache.kafka.common.serialization.StringDeserializer
	max.partition.fetch.bytes = 1048576
	max.poll.interval.ms = 300000
	max.poll.records = 500
	metadata.max.age.ms = 300000
	metadata.recovery.strategy = none
	metric.reporters = []
	metrics.num.samples = 2
	metrics.recording.level = INFO
	metrics.sample.window.ms = 30000
	partition.assignment.strategy = [class org.apache.kafka.clients.consumer.RangeAssignor, class org.apache.kafka.clients.consumer.CooperativeStickyAssignor]
	receive.buffer.bytes = 65536
	reconnect.backoff.max.ms = 1000
	reconnect.backoff.ms = 50
	request.timeout.ms = 5000
	retry.backoff.max.ms = 1000
	retry.backoff.ms = 100
	sasl.client.callback.handler.class = null
	sasl.jaas.config = null
	sasl.kerberos.kinit.cmd = /usr/bin/kinit
	sasl.kerberos.min.time.before.relogin = 60000
	sasl.kerberos.service.name = null
	sasl.kerberos.ticket.renew.jitter = 0.05
	sasl.kerberos.ticket.renew.window.factor = 0.8
	sasl.login.callback.handler.class = null
	sasl.login.class = null
	sasl.login.connect.timeout.ms = null
	sasl.login.read.timeout.ms = null
	sasl.login.refresh.buffer.seconds = 300
	sasl.login.refresh.min.period.seconds = 60
	sasl.login.refresh.window.factor = 0.8
	sasl.login.refresh.window.jitter = 0.05
	sasl.login.retry.backoff.max.ms = 10000
	sasl.login.retry.backoff.ms = 100
	sasl.mechanism = GSSAPI
	sasl.oauthbearer.clock.skew.seconds = 30
	sasl.oauthbearer.expected.audience = null
	sasl.oauthbearer.expected.issuer = null
	sasl.oauthbearer.header.urlencode = false
	sasl.oauthbearer.jwks.endpoint.refresh.ms = 3600000
	sasl.oauthbearer.jwks.endpoint.retry.backoff.max.ms = 10000
	sasl.oauthbearer.jwks.endpoint.retry.backoff.ms = 100
	sasl.oauthbearer.jwks.endpoint.url = null
	sasl.oauthbearer.scope.claim.name = scope
	sasl.oauthbearer.sub.claim.name = sub
	sasl.oauthbearer.token.endpoint.url = null
	security.protocol = PLAINTEXT
	security.providers = null
	send.buffer.bytes = 131072
	session.timeout.ms = 45000
	socket.connection.setup.timeout.max.ms = 30000
	socket.connection.setup.timeout.ms = 10000
	ssl.cipher.suites = null
	ssl.enabled.protocols = [TLSv1.2, TLSv1.3]
	ssl.endpoint.identification.algorithm = https
	ssl.engine.factory.class = null
	ssl.key.password = null
	ssl.keymanager.algorithm = SunX509
	ssl.keystore.certificate.chain = null
	ssl.keystore.key = null
	ssl.keystore.location = null
	ssl.keystore.password = null
	ssl.keystore.type = JKS
	ssl.protocol = TLSv1.3
	ssl.provider = null
	ssl.secure.random.implementation = null
	ssl.trustmanager.algorithm = PKIX
	ssl.truststore.certificates = null
	ssl.truststore.location = null
	ssl.truststore.password = null
	ssl.truststore.type = JKS
	value.deserializer = class io.apicurio.registry.serde.avro.AvroKafkaDeserializer

2025-08-12 14:57:00,688 INFO  [org.apa.kaf.com.tel.int.KafkaMetricsCollector] (main) initializing Kafka metrics collector
2025-08-12 14:57:00,695 INFO  [org.apa.kaf.cli.con.ConsumerConfig] (main) These configurations '[apicurio.registry.url]' were supplied but are not used yet.
2025-08-12 14:57:00,695 INFO  [org.apa.kaf.com.uti.AppInfoParser] (main) Kafka version: 3.9.1
2025-08-12 14:57:00,695 INFO  [org.apa.kaf.com.uti.AppInfoParser] (main) Kafka commitId: f745dfdcee2b9851
2025-08-12 14:57:00,695 INFO  [org.apa.kaf.com.uti.AppInfoParser] (main) Kafka startTimeMs: 1755010620695
2025-08-12 14:57:00,697 INFO  [io.api.tes.ser.api.KafkaSerdesTester] (Thread-713) Sending message {"key11755010619518": "value-0"} to topic topic-9c34d87c_6dcc_43ca_ba0a_24fcbfcd4a46
2025-08-12 14:57:00,699 INFO  [DefaultSchemaResolver] (Thread-713) Retrieving schema content using string: {"type":"record","name":"myrecordconfluent","fields":[{"name":"key11755010619518","type":"string"}]}
2025-08-12 14:57:00,783 INFO  [io.api.tes.ser.api.KafkaSerdesTester] (Thread-713) Sending message {"key11755010619518": "value-1"} to topic topic-9c34d87c_6dcc_43ca_ba0a_24fcbfcd4a46
2025-08-12 14:57:00,785 INFO  [io.api.tes.ser.api.KafkaSerdesTester] (Thread-713) Sending message {"key11755010619518": "value-2"} to topic topic-9c34d87c_6dcc_43ca_ba0a_24fcbfcd4a46
2025-08-12 14:57:00,787 INFO  [io.api.tes.ser.api.KafkaSerdesTester] (Thread-713) Sending message {"key11755010619518": "value-3"} to topic topic-9c34d87c_6dcc_43ca_ba0a_24fcbfcd4a46
2025-08-12 14:57:00,789 INFO  [io.api.tes.ser.api.KafkaSerdesTester] (Thread-713) Sending message {"key11755010619518": "value-4"} to topic topic-9c34d87c_6dcc_43ca_ba0a_24fcbfcd4a46
2025-08-12 14:57:00,790 INFO  [io.api.tes.ser.api.KafkaSerdesTester] (Thread-713) Sending message {"key11755010619518": "value-5"} to topic topic-9c34d87c_6dcc_43ca_ba0a_24fcbfcd4a46
2025-08-12 14:57:00,791 INFO  [io.api.tes.ser.api.KafkaSerdesTester] (Thread-713) Sending message {"key11755010619518": "value-6"} to topic topic-9c34d87c_6dcc_43ca_ba0a_24fcbfcd4a46
2025-08-12 14:57:00,792 INFO  [io.api.tes.ser.api.KafkaSerdesTester] (Thread-713) Sending message {"key11755010619518": "value-7"} to topic topic-9c34d87c_6dcc_43ca_ba0a_24fcbfcd4a46
2025-08-12 14:57:00,793 INFO  [io.api.tes.ser.api.KafkaSerdesTester] (Thread-713) Sending message {"key11755010619518": "value-8"} to topic topic-9c34d87c_6dcc_43ca_ba0a_24fcbfcd4a46
2025-08-12 14:57:00,794 INFO  [io.api.tes.ser.api.KafkaSerdesTester] (Thread-713) Sending message {"key11755010619518": "value-9"} to topic topic-9c34d87c_6dcc_43ca_ba0a_24fcbfcd4a46
2025-08-12 14:57:00,796 INFO  [io.api.tes.ser.api.KafkaSerdesTester] (Thread-713) Produced 10 messages
2025-08-12 14:57:00,796 INFO  [org.apa.kaf.cli.pro.KafkaProducer] (Thread-713) [Producer clientId=Producer-topic-9c34d87c_6dcc_43ca_ba0a_24fcbfcd4a46] Closing the Kafka producer with timeoutMillis = 9223372036854775807 ms.
2025-08-12 14:57:00,798 INFO  [org.apa.kaf.com.met.Metrics] (Thread-713) Metrics scheduler closed
2025-08-12 14:57:00,798 INFO  [org.apa.kaf.com.met.Metrics] (Thread-713) Closing reporter org.apache.kafka.common.metrics.JmxReporter
2025-08-12 14:57:00,798 INFO  [org.apa.kaf.com.met.Metrics] (Thread-713) Closing reporter org.apache.kafka.common.telemetry.internals.ClientTelemetryReporter
2025-08-12 14:57:00,798 INFO  [org.apa.kaf.com.met.Metrics] (Thread-713) Metrics reporters closed
2025-08-12 14:57:00,798 INFO  [org.apa.kaf.com.uti.AppInfoParser] (Thread-713) App info kafka.producer for Producer-topic-9c34d87c_6dcc_43ca_ba0a_24fcbfcd4a46 unregistered
2025-08-12 14:57:00,801 INFO  [io.api.tes.ser.api.KafkaSerdesTester] (Thread-714) Sending message {"key11755010619518": "value-0"} to topic topic-71d54ab0_1043_4d5b_b4dd_fe2c9edfcf93
2025-08-12 14:57:00,806 INFO  [DefaultSchemaResolver] (Thread-714) Retrieving schema content using string: {"type":"record","name":"myrecordconfluent","fields":[{"name":"key11755010619518","type":"string"}]}
2025-08-12 14:57:00,891 INFO  [io.api.tes.ser.api.KafkaSerdesTester] (Thread-714) Sending message {"key11755010619518": "value-1"} to topic topic-71d54ab0_1043_4d5b_b4dd_fe2c9edfcf93
2025-08-12 14:57:00,892 INFO  [io.api.tes.ser.api.KafkaSerdesTester] (Thread-714) Sending message {"key11755010619518": "value-2"} to topic topic-71d54ab0_1043_4d5b_b4dd_fe2c9edfcf93
2025-08-12 14:57:00,893 INFO  [io.api.tes.ser.api.KafkaSerdesTester] (Thread-714) Sending message {"key11755010619518": "value-3"} to topic topic-71d54ab0_1043_4d5b_b4dd_fe2c9edfcf93
2025-08-12 14:57:00,894 INFO  [io.api.tes.ser.api.KafkaSerdesTester] (Thread-714) Sending message {"key11755010619518": "value-4"} to topic topic-71d54ab0_1043_4d5b_b4dd_fe2c9edfcf93
2025-08-12 14:57:00,896 INFO  [io.api.tes.ser.api.KafkaSerdesTester] (Thread-714) Sending message {"key11755010619518": "value-5"} to topic topic-71d54ab0_1043_4d5b_b4dd_fe2c9edfcf93
2025-08-12 14:57:00,898 INFO  [io.api.tes.ser.api.KafkaSerdesTester] (Thread-714) Sending message {"key11755010619518": "value-6"} to topic topic-71d54ab0_1043_4d5b_b4dd_fe2c9edfcf93
2025-08-12 14:57:00,899 INFO  [io.api.tes.ser.api.KafkaSerdesTester] (Thread-714) Sending message {"key11755010619518": "value-7"} to topic topic-71d54ab0_1043_4d5b_b4dd_fe2c9edfcf93
2025-08-12 14:57:00,901 INFO  [io.api.tes.ser.api.KafkaSerdesTester] (Thread-714) Sending message {"key11755010619518": "value-8"} to topic topic-71d54ab0_1043_4d5b_b4dd_fe2c9edfcf93
2025-08-12 14:57:00,902 INFO  [io.api.tes.ser.api.KafkaSerdesTester] (Thread-714) Sending message {"key11755010619518": "value-9"} to topic topic-71d54ab0_1043_4d5b_b4dd_fe2c9edfcf93
2025-08-12 14:57:00,904 INFO  [io.api.tes.ser.api.KafkaSerdesTester] (Thread-714) Produced 10 messages
2025-08-12 14:57:00,904 INFO  [org.apa.kaf.cli.pro.KafkaProducer] (Thread-714) [Producer clientId=Producer-topic-71d54ab0_1043_4d5b_b4dd_fe2c9edfcf93] Closing the Kafka producer with timeoutMillis = 9223372036854775807 ms.
2025-08-12 14:57:00,907 INFO  [org.apa.kaf.com.met.Metrics] (Thread-714) Metrics scheduler closed
2025-08-12 14:57:00,907 INFO  [org.apa.kaf.com.met.Metrics] (Thread-714) Closing reporter org.apache.kafka.common.metrics.JmxReporter
2025-08-12 14:57:00,907 INFO  [org.apa.kaf.com.met.Metrics] (Thread-714) Closing reporter org.apache.kafka.common.telemetry.internals.ClientTelemetryReporter
2025-08-12 14:57:00,907 INFO  [org.apa.kaf.com.met.Metrics] (Thread-714) Metrics reporters closed
2025-08-12 14:57:00,907 INFO  [org.apa.kaf.com.uti.AppInfoParser] (Thread-714) App info kafka.producer for Producer-topic-71d54ab0_1043_4d5b_b4dd_fe2c9edfcf93 unregistered
2025-08-12 14:57:00,908 INFO  [io.api.tes.ser.api.KafkaSerdesTester] (Thread-715) Sending message {"key11755010619518": "value-0"} to topic topic-fcdc20cf_e8b9_4e83_b5d2_8789dfe02f46
2025-08-12 14:57:00,915 INFO  [DefaultSchemaResolver] (Thread-715) Retrieving schema content using string: {"type":"record","name":"myrecordconfluent","fields":[{"name":"key11755010619518","type":"string"}]}
2025-08-12 14:57:00,989 INFO  [io.api.tes.ser.api.KafkaSerdesTester] (Thread-715) Sending message {"key11755010619518": "value-1"} to topic topic-fcdc20cf_e8b9_4e83_b5d2_8789dfe02f46
2025-08-12 14:57:00,991 INFO  [io.api.tes.ser.api.KafkaSerdesTester] (Thread-715) Sending message {"key11755010619518": "value-2"} to topic topic-fcdc20cf_e8b9_4e83_b5d2_8789dfe02f46
2025-08-12 14:57:00,992 INFO  [io.api.tes.ser.api.KafkaSerdesTester] (Thread-715) Sending message {"key11755010619518": "value-3"} to topic topic-fcdc20cf_e8b9_4e83_b5d2_8789dfe02f46
2025-08-12 14:57:00,994 INFO  [io.api.tes.ser.api.KafkaSerdesTester] (Thread-715) Sending message {"key11755010619518": "value-4"} to topic topic-fcdc20cf_e8b9_4e83_b5d2_8789dfe02f46
2025-08-12 14:57:00,997 INFO  [io.api.tes.ser.api.KafkaSerdesTester] (Thread-715) Sending message {"key11755010619518": "value-5"} to topic topic-fcdc20cf_e8b9_4e83_b5d2_8789dfe02f46
2025-08-12 14:57:00,999 INFO  [io.api.tes.ser.api.KafkaSerdesTester] (Thread-715) Sending message {"key11755010619518": "value-6"} to topic topic-fcdc20cf_e8b9_4e83_b5d2_8789dfe02f46
2025-08-12 14:57:01,000 INFO  [io.api.tes.ser.api.KafkaSerdesTester] (Thread-715) Sending message {"key11755010619518": "value-7"} to topic topic-fcdc20cf_e8b9_4e83_b5d2_8789dfe02f46
2025-08-12 14:57:01,003 INFO  [io.api.tes.ser.api.KafkaSerdesTester] (Thread-715) Sending message {"key11755010619518": "value-8"} to topic topic-fcdc20cf_e8b9_4e83_b5d2_8789dfe02f46
2025-08-12 14:57:01,005 INFO  [io.api.tes.ser.api.KafkaSerdesTester] (Thread-715) Sending message {"key11755010619518": "value-9"} to topic topic-fcdc20cf_e8b9_4e83_b5d2_8789dfe02f46
2025-08-12 14:57:01,007 INFO  [io.api.tes.ser.api.KafkaSerdesTester] (Thread-715) Produced 10 messages
2025-08-12 14:57:01,007 INFO  [org.apa.kaf.cli.pro.KafkaProducer] (Thread-715) [Producer clientId=Producer-topic-fcdc20cf_e8b9_4e83_b5d2_8789dfe02f46] Closing the Kafka producer with timeoutMillis = 9223372036854775807 ms.
2025-08-12 14:57:01,009 INFO  [org.apa.kaf.com.met.Metrics] (Thread-715) Metrics scheduler closed
2025-08-12 14:57:01,009 INFO  [org.apa.kaf.com.met.Metrics] (Thread-715) Closing reporter org.apache.kafka.common.metrics.JmxReporter
2025-08-12 14:57:01,010 INFO  [org.apa.kaf.com.met.Metrics] (Thread-715) Closing reporter org.apache.kafka.common.telemetry.internals.ClientTelemetryReporter
2025-08-12 14:57:01,010 INFO  [org.apa.kaf.com.met.Metrics] (Thread-715) Metrics reporters closed
2025-08-12 14:57:01,010 INFO  [org.apa.kaf.com.uti.AppInfoParser] (Thread-715) App info kafka.producer for Producer-topic-fcdc20cf_e8b9_4e83_b5d2_8789dfe02f46 unregistered
2025-08-12 14:57:01,011 INFO  [org.apa.kaf.cli.con.int.ClassicKafkaConsumer] (Thread-716) [Consumer clientId=consumer-Consumer-topic-9c34d87c_6dcc_43ca_ba0a_24fcbfcd4a46-14, groupId=Consumer-topic-9c34d87c_6dcc_43ca_ba0a_24fcbfcd4a46] Subscribed to topic(s): topic-9c34d87c_6dcc_43ca_ba0a_24fcbfcd4a46
2025-08-12 14:57:01,016 INFO  [org.apa.kaf.cli.Metadata] (Thread-716) [Consumer clientId=consumer-Consumer-topic-9c34d87c_6dcc_43ca_ba0a_24fcbfcd4a46-14, groupId=Consumer-topic-9c34d87c_6dcc_43ca_ba0a_24fcbfcd4a46] Cluster ID: 0yZUVcJRR-Oeoz-b4JS1zQ
2025-08-12 14:57:01,016 INFO  [org.apa.kaf.cli.con.int.ConsumerCoordinator] (Thread-716) [Consumer clientId=consumer-Consumer-topic-9c34d87c_6dcc_43ca_ba0a_24fcbfcd4a46-14, groupId=Consumer-topic-9c34d87c_6dcc_43ca_ba0a_24fcbfcd4a46] Discovered group coordinator localhost:32769 (id: 2147483647 rack: null)
2025-08-12 14:57:01,017 INFO  [org.apa.kaf.cli.con.int.ConsumerCoordinator] (Thread-716) [Consumer clientId=consumer-Consumer-topic-9c34d87c_6dcc_43ca_ba0a_24fcbfcd4a46-14, groupId=Consumer-topic-9c34d87c_6dcc_43ca_ba0a_24fcbfcd4a46] (Re-)joining group
2025-08-12 14:57:01,020 INFO  [org.apa.kaf.cli.con.int.ConsumerCoordinator] (Thread-716) [Consumer clientId=consumer-Consumer-topic-9c34d87c_6dcc_43ca_ba0a_24fcbfcd4a46-14, groupId=Consumer-topic-9c34d87c_6dcc_43ca_ba0a_24fcbfcd4a46] Request joining group due to: need to re-join with the given member-id: consumer-Consumer-topic-9c34d87c_6dcc_43ca_ba0a_24fcbfcd4a46-14-2b350d9f-2e6f-48b2-8b82-fa8ad11bb2f1
2025-08-12 14:57:01,020 INFO  [org.apa.kaf.cli.con.int.ConsumerCoordinator] (Thread-716) [Consumer clientId=consumer-Consumer-topic-9c34d87c_6dcc_43ca_ba0a_24fcbfcd4a46-14, groupId=Consumer-topic-9c34d87c_6dcc_43ca_ba0a_24fcbfcd4a46] (Re-)joining group
2025-08-12 14:57:02,011 INFO  [io.api.tes.ser.api.KafkaSerdesTester] (Thread-716) None found
2025-08-12 14:57:03,011 INFO  [io.api.tes.ser.api.KafkaSerdesTester] (Thread-716) None found
2025-08-12 14:57:04,011 INFO  [io.api.tes.ser.api.KafkaSerdesTester] (Thread-716) None found
2025-08-12 14:57:04,022 INFO  [org.apa.kaf.cli.con.int.ConsumerCoordinator] (Thread-716) [Consumer clientId=consumer-Consumer-topic-9c34d87c_6dcc_43ca_ba0a_24fcbfcd4a46-14, groupId=Consumer-topic-9c34d87c_6dcc_43ca_ba0a_24fcbfcd4a46] Successfully joined group with generation Generation{generationId=1, memberId='consumer-Consumer-topic-9c34d87c_6dcc_43ca_ba0a_24fcbfcd4a46-14-2b350d9f-2e6f-48b2-8b82-fa8ad11bb2f1', protocol='range'}
2025-08-12 14:57:04,022 INFO  [org.apa.kaf.cli.con.int.ConsumerCoordinator] (Thread-716) [Consumer clientId=consumer-Consumer-topic-9c34d87c_6dcc_43ca_ba0a_24fcbfcd4a46-14, groupId=Consumer-topic-9c34d87c_6dcc_43ca_ba0a_24fcbfcd4a46] Finished assignment for group at generation 1: {consumer-Consumer-topic-9c34d87c_6dcc_43ca_ba0a_24fcbfcd4a46-14-2b350d9f-2e6f-48b2-8b82-fa8ad11bb2f1=Assignment(partitions=[topic-9c34d87c_6dcc_43ca_ba0a_24fcbfcd4a46-0])}
2025-08-12 14:57:04,029 INFO  [org.apa.kaf.cli.con.int.ConsumerCoordinator] (Thread-716) [Consumer clientId=consumer-Consumer-topic-9c34d87c_6dcc_43ca_ba0a_24fcbfcd4a46-14, groupId=Consumer-topic-9c34d87c_6dcc_43ca_ba0a_24fcbfcd4a46] Successfully synced group in generation Generation{generationId=1, memberId='consumer-Consumer-topic-9c34d87c_6dcc_43ca_ba0a_24fcbfcd4a46-14-2b350d9f-2e6f-48b2-8b82-fa8ad11bb2f1', protocol='range'}
2025-08-12 14:57:04,029 INFO  [org.apa.kaf.cli.con.int.ConsumerCoordinator] (Thread-716) [Consumer clientId=consumer-Consumer-topic-9c34d87c_6dcc_43ca_ba0a_24fcbfcd4a46-14, groupId=Consumer-topic-9c34d87c_6dcc_43ca_ba0a_24fcbfcd4a46] Notifying assignor about the new Assignment(partitions=[topic-9c34d87c_6dcc_43ca_ba0a_24fcbfcd4a46-0])
2025-08-12 14:57:04,029 INFO  [org.apa.kaf.cli.con.int.ConsumerRebalanceListenerInvoker] (Thread-716) [Consumer clientId=consumer-Consumer-topic-9c34d87c_6dcc_43ca_ba0a_24fcbfcd4a46-14, groupId=Consumer-topic-9c34d87c_6dcc_43ca_ba0a_24fcbfcd4a46] Adding newly assigned partitions: topic-9c34d87c_6dcc_43ca_ba0a_24fcbfcd4a46-0
2025-08-12 14:57:04,030 INFO  [org.apa.kaf.cli.con.int.ConsumerCoordinator] (Thread-716) [Consumer clientId=consumer-Consumer-topic-9c34d87c_6dcc_43ca_ba0a_24fcbfcd4a46-14, groupId=Consumer-topic-9c34d87c_6dcc_43ca_ba0a_24fcbfcd4a46] Found no committed offset for partition topic-9c34d87c_6dcc_43ca_ba0a_24fcbfcd4a46-0
2025-08-12 14:57:04,034 INFO  [org.apa.kaf.cli.con.int.SubscriptionState] (Thread-716) [Consumer clientId=consumer-Consumer-topic-9c34d87c_6dcc_43ca_ba0a_24fcbfcd4a46-14, groupId=Consumer-topic-9c34d87c_6dcc_43ca_ba0a_24fcbfcd4a46] Resetting offset for partition topic-9c34d87c_6dcc_43ca_ba0a_24fcbfcd4a46-0 to position FetchPosition{offset=0, offsetEpoch=Optional.empty, currentLeader=LeaderAndEpoch{leader=Optional[localhost:32769 (id: 0 rack: null)], epoch=0}}.
2025-08-12 14:57:04,134 INFO  [io.api.tes.ser.api.KafkaSerdesTester] (Thread-716) topic-9c34d87c_6dcc_43ca_ba0a_24fcbfcd4a46 0 0 {"key11755010619518": "value-0"}
2025-08-12 14:57:04,134 INFO  [io.api.tes.ser.api.KafkaSerdesTester] (Thread-716) topic-9c34d87c_6dcc_43ca_ba0a_24fcbfcd4a46 0 1 {"key11755010619518": "value-1"}
2025-08-12 14:57:04,134 INFO  [io.api.tes.ser.api.KafkaSerdesTester] (Thread-716) topic-9c34d87c_6dcc_43ca_ba0a_24fcbfcd4a46 0 2 {"key11755010619518": "value-2"}
2025-08-12 14:57:04,135 INFO  [io.api.tes.ser.api.KafkaSerdesTester] (Thread-716) topic-9c34d87c_6dcc_43ca_ba0a_24fcbfcd4a46 0 3 {"key11755010619518": "value-3"}
2025-08-12 14:57:04,135 INFO  [io.api.tes.ser.api.KafkaSerdesTester] (Thread-716) topic-9c34d87c_6dcc_43ca_ba0a_24fcbfcd4a46 0 4 {"key11755010619518": "value-4"}
2025-08-12 14:57:04,135 INFO  [io.api.tes.ser.api.KafkaSerdesTester] (Thread-716) topic-9c34d87c_6dcc_43ca_ba0a_24fcbfcd4a46 0 5 {"key11755010619518": "value-5"}
2025-08-12 14:57:04,135 INFO  [io.api.tes.ser.api.KafkaSerdesTester] (Thread-716) topic-9c34d87c_6dcc_43ca_ba0a_24fcbfcd4a46 0 6 {"key11755010619518": "value-6"}
2025-08-12 14:57:04,135 INFO  [io.api.tes.ser.api.KafkaSerdesTester] (Thread-716) topic-9c34d87c_6dcc_43ca_ba0a_24fcbfcd4a46 0 7 {"key11755010619518": "value-7"}
2025-08-12 14:57:04,135 INFO  [io.api.tes.ser.api.KafkaSerdesTester] (Thread-716) topic-9c34d87c_6dcc_43ca_ba0a_24fcbfcd4a46 0 8 {"key11755010619518": "value-8"}
2025-08-12 14:57:04,135 INFO  [io.api.tes.ser.api.KafkaSerdesTester] (Thread-716) topic-9c34d87c_6dcc_43ca_ba0a_24fcbfcd4a46 0 9 {"key11755010619518": "value-9"}
2025-08-12 14:57:04,135 INFO  [io.api.tes.ser.api.KafkaSerdesTester] (Thread-716) Consumed 10 messages
2025-08-12 14:57:04,144 INFO  [org.apa.kaf.cli.con.int.ConsumerRebalanceListenerInvoker] (Thread-716) [Consumer clientId=consumer-Consumer-topic-9c34d87c_6dcc_43ca_ba0a_24fcbfcd4a46-14, groupId=Consumer-topic-9c34d87c_6dcc_43ca_ba0a_24fcbfcd4a46] Revoke previously assigned partitions topic-9c34d87c_6dcc_43ca_ba0a_24fcbfcd4a46-0
2025-08-12 14:57:04,144 INFO  [org.apa.kaf.cli.con.int.ConsumerCoordinator] (Thread-716) [Consumer clientId=consumer-Consumer-topic-9c34d87c_6dcc_43ca_ba0a_24fcbfcd4a46-14, groupId=Consumer-topic-9c34d87c_6dcc_43ca_ba0a_24fcbfcd4a46] Member consumer-Consumer-topic-9c34d87c_6dcc_43ca_ba0a_24fcbfcd4a46-14-2b350d9f-2e6f-48b2-8b82-fa8ad11bb2f1 sending LeaveGroup request to coordinator localhost:32769 (id: 2147483647 rack: null) due to the consumer is being closed
2025-08-12 14:57:04,144 INFO  [org.apa.kaf.cli.con.int.ConsumerCoordinator] (Thread-716) [Consumer clientId=consumer-Consumer-topic-9c34d87c_6dcc_43ca_ba0a_24fcbfcd4a46-14, groupId=Consumer-topic-9c34d87c_6dcc_43ca_ba0a_24fcbfcd4a46] Resetting generation and member id due to: consumer pro-actively leaving the group
2025-08-12 14:57:04,144 INFO  [org.apa.kaf.cli.con.int.ConsumerCoordinator] (Thread-716) [Consumer clientId=consumer-Consumer-topic-9c34d87c_6dcc_43ca_ba0a_24fcbfcd4a46-14, groupId=Consumer-topic-9c34d87c_6dcc_43ca_ba0a_24fcbfcd4a46] Request joining group due to: consumer pro-actively leaving the group
2025-08-12 14:57:04,637 INFO  [org.apa.kaf.com.met.Metrics] (Thread-716) Metrics scheduler closed
2025-08-12 14:57:04,637 INFO  [org.apa.kaf.com.met.Metrics] (Thread-716) Closing reporter org.apache.kafka.common.metrics.JmxReporter
2025-08-12 14:57:04,637 INFO  [org.apa.kaf.com.met.Metrics] (Thread-716) Closing reporter org.apache.kafka.common.telemetry.internals.ClientTelemetryReporter
2025-08-12 14:57:04,637 INFO  [org.apa.kaf.com.met.Metrics] (Thread-716) Metrics reporters closed
2025-08-12 14:57:04,639 INFO  [org.apa.kaf.com.uti.AppInfoParser] (Thread-716) App info kafka.consumer for consumer-Consumer-topic-9c34d87c_6dcc_43ca_ba0a_24fcbfcd4a46-14 unregistered
2025-08-12 14:57:04,641 INFO  [org.apa.kaf.cli.con.int.ClassicKafkaConsumer] (Thread-717) [Consumer clientId=consumer-Consumer-topic-71d54ab0_1043_4d5b_b4dd_fe2c9edfcf93-15, groupId=Consumer-topic-71d54ab0_1043_4d5b_b4dd_fe2c9edfcf93] Subscribed to topic(s): topic-71d54ab0_1043_4d5b_b4dd_fe2c9edfcf93
2025-08-12 14:57:04,646 INFO  [org.apa.kaf.cli.Metadata] (Thread-717) [Consumer clientId=consumer-Consumer-topic-71d54ab0_1043_4d5b_b4dd_fe2c9edfcf93-15, groupId=Consumer-topic-71d54ab0_1043_4d5b_b4dd_fe2c9edfcf93] Cluster ID: 0yZUVcJRR-Oeoz-b4JS1zQ
2025-08-12 14:57:04,647 INFO  [org.apa.kaf.cli.con.int.ConsumerCoordinator] (Thread-717) [Consumer clientId=consumer-Consumer-topic-71d54ab0_1043_4d5b_b4dd_fe2c9edfcf93-15, groupId=Consumer-topic-71d54ab0_1043_4d5b_b4dd_fe2c9edfcf93] Discovered group coordinator localhost:32769 (id: 2147483647 rack: null)
2025-08-12 14:57:04,648 INFO  [org.apa.kaf.cli.con.int.ConsumerCoordinator] (Thread-717) [Consumer clientId=consumer-Consumer-topic-71d54ab0_1043_4d5b_b4dd_fe2c9edfcf93-15, groupId=Consumer-topic-71d54ab0_1043_4d5b_b4dd_fe2c9edfcf93] (Re-)joining group
2025-08-12 14:57:04,651 INFO  [org.apa.kaf.cli.con.int.ConsumerCoordinator] (Thread-717) [Consumer clientId=consumer-Consumer-topic-71d54ab0_1043_4d5b_b4dd_fe2c9edfcf93-15, groupId=Consumer-topic-71d54ab0_1043_4d5b_b4dd_fe2c9edfcf93] Request joining group due to: need to re-join with the given member-id: consumer-Consumer-topic-71d54ab0_1043_4d5b_b4dd_fe2c9edfcf93-15-4a40b5b2-c218-4cef-8dbf-66b8b9b66631
2025-08-12 14:57:04,651 INFO  [org.apa.kaf.cli.con.int.ConsumerCoordinator] (Thread-717) [Consumer clientId=consumer-Consumer-topic-71d54ab0_1043_4d5b_b4dd_fe2c9edfcf93-15, groupId=Consumer-topic-71d54ab0_1043_4d5b_b4dd_fe2c9edfcf93] (Re-)joining group
2025-08-12 14:57:05,641 INFO  [io.api.tes.ser.api.KafkaSerdesTester] (Thread-717) None found
2025-08-12 14:57:06,641 INFO  [io.api.tes.ser.api.KafkaSerdesTester] (Thread-717) None found
2025-08-12 14:57:07,641 INFO  [io.api.tes.ser.api.KafkaSerdesTester] (Thread-717) None found
2025-08-12 14:57:07,653 INFO  [org.apa.kaf.cli.con.int.ConsumerCoordinator] (Thread-717) [Consumer clientId=consumer-Consumer-topic-71d54ab0_1043_4d5b_b4dd_fe2c9edfcf93-15, groupId=Consumer-topic-71d54ab0_1043_4d5b_b4dd_fe2c9edfcf93] Successfully joined group with generation Generation{generationId=1, memberId='consumer-Consumer-topic-71d54ab0_1043_4d5b_b4dd_fe2c9edfcf93-15-4a40b5b2-c218-4cef-8dbf-66b8b9b66631', protocol='range'}
2025-08-12 14:57:07,653 INFO  [org.apa.kaf.cli.con.int.ConsumerCoordinator] (Thread-717) [Consumer clientId=consumer-Consumer-topic-71d54ab0_1043_4d5b_b4dd_fe2c9edfcf93-15, groupId=Consumer-topic-71d54ab0_1043_4d5b_b4dd_fe2c9edfcf93] Finished assignment for group at generation 1: {consumer-Consumer-topic-71d54ab0_1043_4d5b_b4dd_fe2c9edfcf93-15-4a40b5b2-c218-4cef-8dbf-66b8b9b66631=Assignment(partitions=[topic-71d54ab0_1043_4d5b_b4dd_fe2c9edfcf93-0])}
2025-08-12 14:57:07,660 INFO  [org.apa.kaf.cli.con.int.ConsumerCoordinator] (Thread-717) [Consumer clientId=consumer-Consumer-topic-71d54ab0_1043_4d5b_b4dd_fe2c9edfcf93-15, groupId=Consumer-topic-71d54ab0_1043_4d5b_b4dd_fe2c9edfcf93] Successfully synced group in generation Generation{generationId=1, memberId='consumer-Consumer-topic-71d54ab0_1043_4d5b_b4dd_fe2c9edfcf93-15-4a40b5b2-c218-4cef-8dbf-66b8b9b66631', protocol='range'}
2025-08-12 14:57:07,660 INFO  [org.apa.kaf.cli.con.int.ConsumerCoordinator] (Thread-717) [Consumer clientId=consumer-Consumer-topic-71d54ab0_1043_4d5b_b4dd_fe2c9edfcf93-15, groupId=Consumer-topic-71d54ab0_1043_4d5b_b4dd_fe2c9edfcf93] Notifying assignor about the new Assignment(partitions=[topic-71d54ab0_1043_4d5b_b4dd_fe2c9edfcf93-0])
2025-08-12 14:57:07,660 INFO  [org.apa.kaf.cli.con.int.ConsumerRebalanceListenerInvoker] (Thread-717) [Consumer clientId=consumer-Consumer-topic-71d54ab0_1043_4d5b_b4dd_fe2c9edfcf93-15, groupId=Consumer-topic-71d54ab0_1043_4d5b_b4dd_fe2c9edfcf93] Adding newly assigned partitions: topic-71d54ab0_1043_4d5b_b4dd_fe2c9edfcf93-0
2025-08-12 14:57:07,661 INFO  [org.apa.kaf.cli.con.int.ConsumerCoordinator] (Thread-717) [Consumer clientId=consumer-Consumer-topic-71d54ab0_1043_4d5b_b4dd_fe2c9edfcf93-15, groupId=Consumer-topic-71d54ab0_1043_4d5b_b4dd_fe2c9edfcf93] Found no committed offset for partition topic-71d54ab0_1043_4d5b_b4dd_fe2c9edfcf93-0
2025-08-12 14:57:07,664 INFO  [org.apa.kaf.cli.con.int.SubscriptionState] (Thread-717) [Consumer clientId=consumer-Consumer-topic-71d54ab0_1043_4d5b_b4dd_fe2c9edfcf93-15, groupId=Consumer-topic-71d54ab0_1043_4d5b_b4dd_fe2c9edfcf93] Resetting offset for partition topic-71d54ab0_1043_4d5b_b4dd_fe2c9edfcf93-0 to position FetchPosition{offset=0, offsetEpoch=Optional.empty, currentLeader=LeaderAndEpoch{leader=Optional[localhost:32769 (id: 0 rack: null)], epoch=0}}.
2025-08-12 14:57:07,768 INFO  [io.api.tes.ser.api.KafkaSerdesTester] (Thread-717) topic-71d54ab0_1043_4d5b_b4dd_fe2c9edfcf93 0 0 {"key11755010619518": "value-0"}
2025-08-12 14:57:07,768 INFO  [io.api.tes.ser.api.KafkaSerdesTester] (Thread-717) topic-71d54ab0_1043_4d5b_b4dd_fe2c9edfcf93 0 1 {"key11755010619518": "value-1"}
2025-08-12 14:57:07,768 INFO  [io.api.tes.ser.api.KafkaSerdesTester] (Thread-717) topic-71d54ab0_1043_4d5b_b4dd_fe2c9edfcf93 0 2 {"key11755010619518": "value-2"}
2025-08-12 14:57:07,768 INFO  [io.api.tes.ser.api.KafkaSerdesTester] (Thread-717) topic-71d54ab0_1043_4d5b_b4dd_fe2c9edfcf93 0 3 {"key11755010619518": "value-3"}
2025-08-12 14:57:07,768 INFO  [io.api.tes.ser.api.KafkaSerdesTester] (Thread-717) topic-71d54ab0_1043_4d5b_b4dd_fe2c9edfcf93 0 4 {"key11755010619518": "value-4"}
2025-08-12 14:57:07,768 INFO  [io.api.tes.ser.api.KafkaSerdesTester] (Thread-717) topic-71d54ab0_1043_4d5b_b4dd_fe2c9edfcf93 0 5 {"key11755010619518": "value-5"}
2025-08-12 14:57:07,768 INFO  [io.api.tes.ser.api.KafkaSerdesTester] (Thread-717) topic-71d54ab0_1043_4d5b_b4dd_fe2c9edfcf93 0 6 {"key11755010619518": "value-6"}
2025-08-12 14:57:07,768 INFO  [io.api.tes.ser.api.KafkaSerdesTester] (Thread-717) topic-71d54ab0_1043_4d5b_b4dd_fe2c9edfcf93 0 7 {"key11755010619518": "value-7"}
2025-08-12 14:57:07,768 INFO  [io.api.tes.ser.api.KafkaSerdesTester] (Thread-717) topic-71d54ab0_1043_4d5b_b4dd_fe2c9edfcf93 0 8 {"key11755010619518": "value-8"}
2025-08-12 14:57:07,768 INFO  [io.api.tes.ser.api.KafkaSerdesTester] (Thread-717) topic-71d54ab0_1043_4d5b_b4dd_fe2c9edfcf93 0 9 {"key11755010619518": "value-9"}
2025-08-12 14:57:07,768 INFO  [io.api.tes.ser.api.KafkaSerdesTester] (Thread-717) Consumed 10 messages
2025-08-12 14:57:07,775 INFO  [org.apa.kaf.cli.con.int.ConsumerRebalanceListenerInvoker] (Thread-717) [Consumer clientId=consumer-Consumer-topic-71d54ab0_1043_4d5b_b4dd_fe2c9edfcf93-15, groupId=Consumer-topic-71d54ab0_1043_4d5b_b4dd_fe2c9edfcf93] Revoke previously assigned partitions topic-71d54ab0_1043_4d5b_b4dd_fe2c9edfcf93-0
2025-08-12 14:57:07,776 INFO  [org.apa.kaf.cli.con.int.ConsumerCoordinator] (Thread-717) [Consumer clientId=consumer-Consumer-topic-71d54ab0_1043_4d5b_b4dd_fe2c9edfcf93-15, groupId=Consumer-topic-71d54ab0_1043_4d5b_b4dd_fe2c9edfcf93] Member consumer-Consumer-topic-71d54ab0_1043_4d5b_b4dd_fe2c9edfcf93-15-4a40b5b2-c218-4cef-8dbf-66b8b9b66631 sending LeaveGroup request to coordinator localhost:32769 (id: 2147483647 rack: null) due to the consumer is being closed
2025-08-12 14:57:07,776 INFO  [org.apa.kaf.cli.con.int.ConsumerCoordinator] (Thread-717) [Consumer clientId=consumer-Consumer-topic-71d54ab0_1043_4d5b_b4dd_fe2c9edfcf93-15, groupId=Consumer-topic-71d54ab0_1043_4d5b_b4dd_fe2c9edfcf93] Resetting generation and member id due to: consumer pro-actively leaving the group
2025-08-12 14:57:07,776 INFO  [org.apa.kaf.cli.con.int.ConsumerCoordinator] (Thread-717) [Consumer clientId=consumer-Consumer-topic-71d54ab0_1043_4d5b_b4dd_fe2c9edfcf93-15, groupId=Consumer-topic-71d54ab0_1043_4d5b_b4dd_fe2c9edfcf93] Request joining group due to: consumer pro-actively leaving the group
2025-08-12 14:57:08,270 INFO  [org.apa.kaf.com.met.Metrics] (Thread-717) Metrics scheduler closed
2025-08-12 14:57:08,271 INFO  [org.apa.kaf.com.met.Metrics] (Thread-717) Closing reporter org.apache.kafka.common.metrics.JmxReporter
2025-08-12 14:57:08,271 INFO  [org.apa.kaf.com.met.Metrics] (Thread-717) Closing reporter org.apache.kafka.common.telemetry.internals.ClientTelemetryReporter
2025-08-12 14:57:08,271 INFO  [org.apa.kaf.com.met.Metrics] (Thread-717) Metrics reporters closed
2025-08-12 14:57:08,272 INFO  [org.apa.kaf.com.uti.AppInfoParser] (Thread-717) App info kafka.consumer for consumer-Consumer-topic-71d54ab0_1043_4d5b_b4dd_fe2c9edfcf93-15 unregistered
2025-08-12 14:57:08,273 INFO  [org.apa.kaf.cli.con.int.ClassicKafkaConsumer] (Thread-718) [Consumer clientId=consumer-Consumer-topic-fcdc20cf_e8b9_4e83_b5d2_8789dfe02f46-16, groupId=Consumer-topic-fcdc20cf_e8b9_4e83_b5d2_8789dfe02f46] Subscribed to topic(s): topic-fcdc20cf_e8b9_4e83_b5d2_8789dfe02f46
2025-08-12 14:57:08,279 INFO  [org.apa.kaf.cli.Metadata] (Thread-718) [Consumer clientId=consumer-Consumer-topic-fcdc20cf_e8b9_4e83_b5d2_8789dfe02f46-16, groupId=Consumer-topic-fcdc20cf_e8b9_4e83_b5d2_8789dfe02f46] Cluster ID: 0yZUVcJRR-Oeoz-b4JS1zQ
2025-08-12 14:57:08,279 INFO  [org.apa.kaf.cli.con.int.ConsumerCoordinator] (Thread-718) [Consumer clientId=consumer-Consumer-topic-fcdc20cf_e8b9_4e83_b5d2_8789dfe02f46-16, groupId=Consumer-topic-fcdc20cf_e8b9_4e83_b5d2_8789dfe02f46] Discovered group coordinator localhost:32769 (id: 2147483647 rack: null)
2025-08-12 14:57:08,281 INFO  [org.apa.kaf.cli.con.int.ConsumerCoordinator] (Thread-718) [Consumer clientId=consumer-Consumer-topic-fcdc20cf_e8b9_4e83_b5d2_8789dfe02f46-16, groupId=Consumer-topic-fcdc20cf_e8b9_4e83_b5d2_8789dfe02f46] (Re-)joining group
2025-08-12 14:57:08,284 INFO  [org.apa.kaf.cli.con.int.ConsumerCoordinator] (Thread-718) [Consumer clientId=consumer-Consumer-topic-fcdc20cf_e8b9_4e83_b5d2_8789dfe02f46-16, groupId=Consumer-topic-fcdc20cf_e8b9_4e83_b5d2_8789dfe02f46] Request joining group due to: need to re-join with the given member-id: consumer-Consumer-topic-fcdc20cf_e8b9_4e83_b5d2_8789dfe02f46-16-e380576b-0c19-4cb5-9526-0bf6e663aa8b
2025-08-12 14:57:08,284 INFO  [org.apa.kaf.cli.con.int.ConsumerCoordinator] (Thread-718) [Consumer clientId=consumer-Consumer-topic-fcdc20cf_e8b9_4e83_b5d2_8789dfe02f46-16, groupId=Consumer-topic-fcdc20cf_e8b9_4e83_b5d2_8789dfe02f46] (Re-)joining group
2025-08-12 14:57:09,273 INFO  [io.api.tes.ser.api.KafkaSerdesTester] (Thread-718) None found
2025-08-12 14:57:10,273 INFO  [io.api.tes.ser.api.KafkaSerdesTester] (Thread-718) None found
2025-08-12 14:57:11,273 INFO  [io.api.tes.ser.api.KafkaSerdesTester] (Thread-718) None found
2025-08-12 14:57:11,287 INFO  [org.apa.kaf.cli.con.int.ConsumerCoordinator] (Thread-718) [Consumer clientId=consumer-Consumer-topic-fcdc20cf_e8b9_4e83_b5d2_8789dfe02f46-16, groupId=Consumer-topic-fcdc20cf_e8b9_4e83_b5d2_8789dfe02f46] Successfully joined group with generation Generation{generationId=1, memberId='consumer-Consumer-topic-fcdc20cf_e8b9_4e83_b5d2_8789dfe02f46-16-e380576b-0c19-4cb5-9526-0bf6e663aa8b', protocol='range'}
2025-08-12 14:57:11,287 INFO  [org.apa.kaf.cli.con.int.ConsumerCoordinator] (Thread-718) [Consumer clientId=consumer-Consumer-topic-fcdc20cf_e8b9_4e83_b5d2_8789dfe02f46-16, groupId=Consumer-topic-fcdc20cf_e8b9_4e83_b5d2_8789dfe02f46] Finished assignment for group at generation 1: {consumer-Consumer-topic-fcdc20cf_e8b9_4e83_b5d2_8789dfe02f46-16-e380576b-0c19-4cb5-9526-0bf6e663aa8b=Assignment(partitions=[topic-fcdc20cf_e8b9_4e83_b5d2_8789dfe02f46-0])}
2025-08-12 14:57:11,294 INFO  [org.apa.kaf.cli.con.int.ConsumerCoordinator] (Thread-718) [Consumer clientId=consumer-Consumer-topic-fcdc20cf_e8b9_4e83_b5d2_8789dfe02f46-16, groupId=Consumer-topic-fcdc20cf_e8b9_4e83_b5d2_8789dfe02f46] Successfully synced group in generation Generation{generationId=1, memberId='consumer-Consumer-topic-fcdc20cf_e8b9_4e83_b5d2_8789dfe02f46-16-e380576b-0c19-4cb5-9526-0bf6e663aa8b', protocol='range'}
2025-08-12 14:57:11,294 INFO  [org.apa.kaf.cli.con.int.ConsumerCoordinator] (Thread-718) [Consumer clientId=consumer-Consumer-topic-fcdc20cf_e8b9_4e83_b5d2_8789dfe02f46-16, groupId=Consumer-topic-fcdc20cf_e8b9_4e83_b5d2_8789dfe02f46] Notifying assignor about the new Assignment(partitions=[topic-fcdc20cf_e8b9_4e83_b5d2_8789dfe02f46-0])
2025-08-12 14:57:11,294 INFO  [org.apa.kaf.cli.con.int.ConsumerRebalanceListenerInvoker] (Thread-718) [Consumer clientId=consumer-Consumer-topic-fcdc20cf_e8b9_4e83_b5d2_8789dfe02f46-16, groupId=Consumer-topic-fcdc20cf_e8b9_4e83_b5d2_8789dfe02f46] Adding newly assigned partitions: topic-fcdc20cf_e8b9_4e83_b5d2_8789dfe02f46-0
2025-08-12 14:57:11,295 INFO  [org.apa.kaf.cli.con.int.ConsumerCoordinator] (Thread-718) [Consumer clientId=consumer-Consumer-topic-fcdc20cf_e8b9_4e83_b5d2_8789dfe02f46-16, groupId=Consumer-topic-fcdc20cf_e8b9_4e83_b5d2_8789dfe02f46] Found no committed offset for partition topic-fcdc20cf_e8b9_4e83_b5d2_8789dfe02f46-0
2025-08-12 14:57:11,299 INFO  [org.apa.kaf.cli.con.int.SubscriptionState] (Thread-718) [Consumer clientId=consumer-Consumer-topic-fcdc20cf_e8b9_4e83_b5d2_8789dfe02f46-16, groupId=Consumer-topic-fcdc20cf_e8b9_4e83_b5d2_8789dfe02f46] Resetting offset for partition topic-fcdc20cf_e8b9_4e83_b5d2_8789dfe02f46-0 to position FetchPosition{offset=0, offsetEpoch=Optional.empty, currentLeader=LeaderAndEpoch{leader=Optional[localhost:32769 (id: 0 rack: null)], epoch=0}}.
2025-08-12 14:57:11,404 INFO  [io.api.tes.ser.api.KafkaSerdesTester] (Thread-718) topic-fcdc20cf_e8b9_4e83_b5d2_8789dfe02f46 0 0 {"key11755010619518": "value-0"}
2025-08-12 14:57:11,405 INFO  [io.api.tes.ser.api.KafkaSerdesTester] (Thread-718) topic-fcdc20cf_e8b9_4e83_b5d2_8789dfe02f46 0 1 {"key11755010619518": "value-1"}
2025-08-12 14:57:11,405 INFO  [io.api.tes.ser.api.KafkaSerdesTester] (Thread-718) topic-fcdc20cf_e8b9_4e83_b5d2_8789dfe02f46 0 2 {"key11755010619518": "value-2"}
2025-08-12 14:57:11,405 INFO  [io.api.tes.ser.api.KafkaSerdesTester] (Thread-718) topic-fcdc20cf_e8b9_4e83_b5d2_8789dfe02f46 0 3 {"key11755010619518": "value-3"}
2025-08-12 14:57:11,405 INFO  [io.api.tes.ser.api.KafkaSerdesTester] (Thread-718) topic-fcdc20cf_e8b9_4e83_b5d2_8789dfe02f46 0 4 {"key11755010619518": "value-4"}
2025-08-12 14:57:11,405 INFO  [io.api.tes.ser.api.KafkaSerdesTester] (Thread-718) topic-fcdc20cf_e8b9_4e83_b5d2_8789dfe02f46 0 5 {"key11755010619518": "value-5"}
2025-08-12 14:57:11,405 INFO  [io.api.tes.ser.api.KafkaSerdesTester] (Thread-718) topic-fcdc20cf_e8b9_4e83_b5d2_8789dfe02f46 0 6 {"key11755010619518": "value-6"}
2025-08-12 14:57:11,405 INFO  [io.api.tes.ser.api.KafkaSerdesTester] (Thread-718) topic-fcdc20cf_e8b9_4e83_b5d2_8789dfe02f46 0 7 {"key11755010619518": "value-7"}
2025-08-12 14:57:11,405 INFO  [io.api.tes.ser.api.KafkaSerdesTester] (Thread-718) topic-fcdc20cf_e8b9_4e83_b5d2_8789dfe02f46 0 8 {"key11755010619518": "value-8"}
2025-08-12 14:57:11,405 INFO  [io.api.tes.ser.api.KafkaSerdesTester] (Thread-718) topic-fcdc20cf_e8b9_4e83_b5d2_8789dfe02f46 0 9 {"key11755010619518": "value-9"}
2025-08-12 14:57:11,405 INFO  [io.api.tes.ser.api.KafkaSerdesTester] (Thread-718) Consumed 10 messages
2025-08-12 14:57:11,412 INFO  [org.apa.kaf.cli.con.int.ConsumerRebalanceListenerInvoker] (Thread-718) [Consumer clientId=consumer-Consumer-topic-fcdc20cf_e8b9_4e83_b5d2_8789dfe02f46-16, groupId=Consumer-topic-fcdc20cf_e8b9_4e83_b5d2_8789dfe02f46] Revoke previously assigned partitions topic-fcdc20cf_e8b9_4e83_b5d2_8789dfe02f46-0
2025-08-12 14:57:11,412 INFO  [org.apa.kaf.cli.con.int.ConsumerCoordinator] (Thread-718) [Consumer clientId=consumer-Consumer-topic-fcdc20cf_e8b9_4e83_b5d2_8789dfe02f46-16, groupId=Consumer-topic-fcdc20cf_e8b9_4e83_b5d2_8789dfe02f46] Member consumer-Consumer-topic-fcdc20cf_e8b9_4e83_b5d2_8789dfe02f46-16-e380576b-0c19-4cb5-9526-0bf6e663aa8b sending LeaveGroup request to coordinator localhost:32769 (id: 2147483647 rack: null) due to the consumer is being closed
2025-08-12 14:57:11,412 INFO  [org.apa.kaf.cli.con.int.ConsumerCoordinator] (Thread-718) [Consumer clientId=consumer-Consumer-topic-fcdc20cf_e8b9_4e83_b5d2_8789dfe02f46-16, groupId=Consumer-topic-fcdc20cf_e8b9_4e83_b5d2_8789dfe02f46] Resetting generation and member id due to: consumer pro-actively leaving the group
2025-08-12 14:57:11,412 INFO  [org.apa.kaf.cli.con.int.ConsumerCoordinator] (Thread-718) [Consumer clientId=consumer-Consumer-topic-fcdc20cf_e8b9_4e83_b5d2_8789dfe02f46-16, groupId=Consumer-topic-fcdc20cf_e8b9_4e83_b5d2_8789dfe02f46] Request joining group due to: consumer pro-actively leaving the group
2025-08-12 14:57:11,906 INFO  [org.apa.kaf.com.met.Metrics] (Thread-718) Metrics scheduler closed
2025-08-12 14:57:11,906 INFO  [org.apa.kaf.com.met.Metrics] (Thread-718) Closing reporter org.apache.kafka.common.metrics.JmxReporter
2025-08-12 14:57:11,906 INFO  [org.apa.kaf.com.met.Metrics] (Thread-718) Closing reporter org.apache.kafka.common.telemetry.internals.ClientTelemetryReporter
2025-08-12 14:57:11,907 INFO  [org.apa.kaf.com.met.Metrics] (Thread-718) Metrics reporters closed
2025-08-12 14:57:11,908 INFO  [org.apa.kaf.com.uti.AppInfoParser] (Thread-718) App info kafka.consumer for consumer-Consumer-topic-fcdc20cf_e8b9_4e83_b5d2_8789dfe02f46-16 unregistered
2025-08-12 14:57:11,909 INFO  [io.api.tes.uti.TestSeparator] (main) io.apicurio.tests.serdes.apicurio.AvroSerdeIT.testAvroConfluentForMultipleTopics-FINISHED
2025-08-12 14:57:11,909 INFO  [io.api.tes.uti.TestSeparator] (main) ############################################################################
Test passed: testAvroConfluentForMultipleTopics
]]></system-out>
  </testcase>
  <testcase name="testFirstRequestFailsRateLimited" classname="io.apicurio.tests.serdes.apicurio.AvroSerdeIT" time="1.004">
    <system-out><![CDATA[2025-08-12 14:57:11,912 INFO  [io.api.tes.uti.TestSeparator] (main) ############################################################################
2025-08-12 14:57:11,912 INFO  [io.api.tes.uti.TestSeparator] (main) io.apicurio.tests.serdes.apicurio.AvroSerdeIT.testFirstRequestFailsRateLimited-STARTED
2025-08-12 14:57:12,325 WARN  [org.ecl.jet.ser.AbstractConnector] (main) Acceptors should be <= availableProcessors: NetworkTrafficServerConnector@50859a18{HTTP/1.1, (http/1.1, h2c)}{0.0.0.0:0} 
2025-08-12 14:57:12,441 INFO  [org.ecl.jet.ser.Server] (main) jetty-11.0.15; built: 2023-04-11T18:37:53.775Z; git: 5bc5e562c8d05c5862505aebe5cf83a61bdbcb96; jvm 17.0.16+8
2025-08-12 14:57:12,482 INFO  [org.ecl.jet.ser.han.ContextHandler] (main) Started o.e.j.s.ServletContextHandler@64f514d2{/__admin,null,AVAILABLE}
2025-08-12 14:57:12,489 INFO  [org.ecl.jet.ser.han.Con.ROOT] (main) RequestHandlerClass from context returned com.github.tomakehurst.wiremock.http.StubRequestHandler. Normalized mapped under returned 'null'
2025-08-12 14:57:12,490 INFO  [org.ecl.jet.ser.han.ContextHandler] (main) Started o.e.j.s.ServletContextHandler@2de1a93d{/,null,AVAILABLE}
2025-08-12 14:57:12,496 INFO  [org.ecl.jet.ser.AbstractConnector] (main) Started NetworkTrafficServerConnector@50859a18{HTTP/1.1, (http/1.1, h2c)}{0.0.0.0:35361}
2025-08-12 14:57:12,497 INFO  [org.ecl.jet.ser.Server] (main) Started Server@71ca6a60{STARTING}[11.0.15,sto=1000] @112511ms
**** Registry Base URL: http://registry-app-ksql043.apps.ci419.apicurio-testing.org:80
2025-08-12 14:57:12,510 INFO  [org.apa.kaf.cli.pro.ProducerConfig] (main) ProducerConfig values: 
	acks = -1
	auto.include.jmx.reporter = true
	batch.size = 16384
	bootstrap.servers = [PLAINTEXT://localhost:32769]
	buffer.memory = 33554432
	client.dns.lookup = use_all_dns_ips
	client.id = Producer-topic-4ed1c82d_8053_4063_8284_61986f205558
	compression.gzip.level = -1
	compression.lz4.level = 9
	compression.type = none
	compression.zstd.level = 3
	connections.max.idle.ms = 10000
	delivery.timeout.ms = 120000
	enable.idempotence = true
	enable.metrics.push = true
	interceptor.classes = []
	key.serializer = class org.apache.kafka.common.serialization.StringSerializer
	linger.ms = 0
	max.block.ms = 60000
	max.in.flight.requests.per.connection = 5
	max.request.size = 1048576
	metadata.max.age.ms = 300000
	metadata.max.idle.ms = 300000
	metadata.recovery.strategy = none
	metric.reporters = []
	metrics.num.samples = 2
	metrics.recording.level = INFO
	metrics.sample.window.ms = 30000
	partitioner.adaptive.partitioning.enable = true
	partitioner.availability.timeout.ms = 0
	partitioner.class = null
	partitioner.ignore.keys = false
	receive.buffer.bytes = 32768
	reconnect.backoff.max.ms = 1000
	reconnect.backoff.ms = 50
	request.timeout.ms = 5000
	retries = 2147483647
	retry.backoff.max.ms = 1000
	retry.backoff.ms = 100
	sasl.client.callback.handler.class = null
	sasl.jaas.config = null
	sasl.kerberos.kinit.cmd = /usr/bin/kinit
	sasl.kerberos.min.time.before.relogin = 60000
	sasl.kerberos.service.name = null
	sasl.kerberos.ticket.renew.jitter = 0.05
	sasl.kerberos.ticket.renew.window.factor = 0.8
	sasl.login.callback.handler.class = null
	sasl.login.class = null
	sasl.login.connect.timeout.ms = null
	sasl.login.read.timeout.ms = null
	sasl.login.refresh.buffer.seconds = 300
	sasl.login.refresh.min.period.seconds = 60
	sasl.login.refresh.window.factor = 0.8
	sasl.login.refresh.window.jitter = 0.05
	sasl.login.retry.backoff.max.ms = 10000
	sasl.login.retry.backoff.ms = 100
	sasl.mechanism = GSSAPI
	sasl.oauthbearer.clock.skew.seconds = 30
	sasl.oauthbearer.expected.audience = null
	sasl.oauthbearer.expected.issuer = null
	sasl.oauthbearer.header.urlencode = false
	sasl.oauthbearer.jwks.endpoint.refresh.ms = 3600000
	sasl.oauthbearer.jwks.endpoint.retry.backoff.max.ms = 10000
	sasl.oauthbearer.jwks.endpoint.retry.backoff.ms = 100
	sasl.oauthbearer.jwks.endpoint.url = null
	sasl.oauthbearer.scope.claim.name = scope
	sasl.oauthbearer.sub.claim.name = sub
	sasl.oauthbearer.token.endpoint.url = null
	security.protocol = PLAINTEXT
	security.providers = null
	send.buffer.bytes = 131072
	socket.connection.setup.timeout.max.ms = 30000
	socket.connection.setup.timeout.ms = 10000
	ssl.cipher.suites = null
	ssl.enabled.protocols = [TLSv1.2, TLSv1.3]
	ssl.endpoint.identification.algorithm = https
	ssl.engine.factory.class = null
	ssl.key.password = null
	ssl.keymanager.algorithm = SunX509
	ssl.keystore.certificate.chain = null
	ssl.keystore.key = null
	ssl.keystore.location = null
	ssl.keystore.password = null
	ssl.keystore.type = JKS
	ssl.protocol = TLSv1.3
	ssl.provider = null
	ssl.secure.random.implementation = null
	ssl.trustmanager.algorithm = PKIX
	ssl.truststore.certificates = null
	ssl.truststore.location = null
	ssl.truststore.password = null
	ssl.truststore.type = JKS
	transaction.timeout.ms = 60000
	transactional.id = null
	value.serializer = class io.apicurio.registry.serde.avro.AvroKafkaSerializer

2025-08-12 14:57:12,511 INFO  [org.apa.kaf.com.tel.int.KafkaMetricsCollector] (main) initializing Kafka metrics collector
2025-08-12 14:57:12,514 INFO  [org.apa.kaf.cli.pro.KafkaProducer] (main) [Producer clientId=Producer-topic-4ed1c82d_8053_4063_8284_61986f205558] Instantiated an idempotent producer.
2025-08-12 14:57:12,516 INFO  [org.apa.kaf.cli.pro.ProducerConfig] (main) These configurations '[apicurio.registry.url, apicurio.registry.artifact-resolver-strategy]' were supplied but are not used yet.
2025-08-12 14:57:12,516 INFO  [org.apa.kaf.com.uti.AppInfoParser] (main) Kafka version: 3.9.1
2025-08-12 14:57:12,516 INFO  [org.apa.kaf.com.uti.AppInfoParser] (main) Kafka commitId: f745dfdcee2b9851
2025-08-12 14:57:12,516 INFO  [org.apa.kaf.com.uti.AppInfoParser] (main) Kafka startTimeMs: 1755010632516
2025-08-12 14:57:12,519 INFO  [io.api.tes.ser.api.KafkaSerdesTester] (Thread-729) Sending message {"keyB": "value-0"} to topic topic-4ed1c82d_8053_4063_8284_61986f205558
2025-08-12 14:57:12,528 WARN  [org.apa.kaf.cli.NetworkClient] (kafka-producer-network-thread | Producer-topic-4ed1c82d_8053_4063_8284_61986f205558) [Producer clientId=Producer-topic-4ed1c82d_8053_4063_8284_61986f205558] The metadata response from the cluster reported a recoverable issue with correlation id 1 : {topic-4ed1c82d_8053_4063_8284_61986f205558=UNKNOWN_TOPIC_OR_PARTITION}
2025-08-12 14:57:12,528 INFO  [org.apa.kaf.cli.Metadata] (kafka-producer-network-thread | Producer-topic-4ed1c82d_8053_4063_8284_61986f205558) [Producer clientId=Producer-topic-4ed1c82d_8053_4063_8284_61986f205558] Cluster ID: 0yZUVcJRR-Oeoz-b4JS1zQ
2025-08-12 14:57:12,528 INFO  [org.apa.kaf.cli.pro.int.TransactionManager] (kafka-producer-network-thread | Producer-topic-4ed1c82d_8053_4063_8284_61986f205558) [Producer clientId=Producer-topic-4ed1c82d_8053_4063_8284_61986f205558] ProducerId set to 22 with epoch 0
2025-08-12 14:57:12,644 INFO  [DefaultSchemaResolver] (Thread-729) Retrieving schema content using string: {"type":"record","name":"myrecord","namespace":"mygroup","fields":[{"name":"keyB","type":"string"}]}
2025-08-12 14:57:12,893 INFO  [org.apa.kaf.cli.pro.KafkaProducer] (Thread-729) [Producer clientId=Producer-topic-4ed1c82d_8053_4063_8284_61986f205558] Closing the Kafka producer with timeoutMillis = 9223372036854775807 ms.
2025-08-12 14:57:12,897 INFO  [org.apa.kaf.com.met.Metrics] (Thread-729) Metrics scheduler closed
2025-08-12 14:57:12,897 INFO  [org.apa.kaf.com.met.Metrics] (Thread-729) Closing reporter org.apache.kafka.common.metrics.JmxReporter
2025-08-12 14:57:12,897 INFO  [org.apa.kaf.com.met.Metrics] (Thread-729) Closing reporter org.apache.kafka.common.telemetry.internals.ClientTelemetryReporter
2025-08-12 14:57:12,897 INFO  [org.apa.kaf.com.met.Metrics] (Thread-729) Metrics reporters closed
2025-08-12 14:57:12,897 INFO  [org.apa.kaf.com.uti.AppInfoParser] (Thread-729) App info kafka.producer for Producer-topic-4ed1c82d_8053_4063_8284_61986f205558 unregistered
2025-08-12 14:57:12,902 INFO  [org.ecl.jet.ser.Server] (main) Stopped Server@71ca6a60{STOPPING}[11.0.15,sto=1000]
2025-08-12 14:57:12,902 INFO  [org.ecl.jet.ser.Server] (main) Shutdown Server@71ca6a60{STOPPING}[11.0.15,sto=1000]
2025-08-12 14:57:12,909 INFO  [org.ecl.jet.ser.AbstractConnector] (main) Stopped NetworkTrafficServerConnector@50859a18{HTTP/1.1, (http/1.1, h2c)}{0.0.0.0:0}
2025-08-12 14:57:12,910 INFO  [org.ecl.jet.ser.han.ContextHandler] (main) Stopped o.e.j.s.ServletContextHandler@2de1a93d{/,null,STOPPED}
2025-08-12 14:57:12,911 INFO  [org.ecl.jet.ser.han.ContextHandler] (main) Stopped o.e.j.s.ServletContextHandler@64f514d2{/__admin,null,STOPPED}
2025-08-12 14:57:12,914 INFO  [io.api.tes.uti.TestSeparator] (main) io.apicurio.tests.serdes.apicurio.AvroSerdeIT.testFirstRequestFailsRateLimited-FINISHED
2025-08-12 14:57:12,914 INFO  [io.api.tes.uti.TestSeparator] (main) ############################################################################
Test passed: testFirstRequestFailsRateLimited
]]></system-out>
    <system-err><![CDATA[com.microsoft.kiota.ApiException: the server returned an unexpected status code and no error class is registered for this code 429
	at com.microsoft.kiota.ApiExceptionBuilder.withMessage(ApiExceptionBuilder.java:45)
	at io.kiota.http.vertx.VertXRequestAdapter.throwIfFailedResponse(VertXRequestAdapter.java:370)
	at io.kiota.http.vertx.VertXRequestAdapter.send(VertXRequestAdapter.java:170)
	at io.apicurio.registry.rest.client.search.versions.VersionsRequestBuilder.post(VersionsRequestBuilder.java:94)
	at io.apicurio.registry.resolver.client.RegistryClientFacadeImpl.searchVersionsByContent(RegistryClientFacadeImpl.java:106)
	at io.apicurio.registry.resolver.DefaultSchemaResolver.lambda$handleResolveSchemaByContent$3(DefaultSchemaResolver.java:258)
	at io.apicurio.registry.resolver.cache.ERCache.lambda$getValue$0(ERCache.java:174)
	at io.apicurio.registry.resolver.cache.ERCache.retry(ERCache.java:227)
	at io.apicurio.registry.resolver.cache.ERCache.getValue(ERCache.java:173)
	at io.apicurio.registry.resolver.cache.ERCache.getByContent(ERCache.java:147)
	at io.apicurio.registry.resolver.DefaultSchemaResolver.handleResolveSchemaByContent(DefaultSchemaResolver.java:253)
	at io.apicurio.registry.resolver.DefaultSchemaResolver.getSchemaFromRegistry(DefaultSchemaResolver.java:138)
	at io.apicurio.registry.resolver.DefaultSchemaResolver.lambda$resolveSchema$0(DefaultSchemaResolver.java:84)
	at java.base/java.util.Optional.orElseGet(Optional.java:364)
	at io.apicurio.registry.resolver.DefaultSchemaResolver.resolveSchema(DefaultSchemaResolver.java:84)
	at io.apicurio.registry.serde.AbstractSerializer.serializeData(AbstractSerializer.java:62)
	at io.apicurio.registry.serde.KafkaSerializer.serialize(KafkaSerializer.java:77)
	at org.apache.kafka.clients.producer.KafkaProducer.doSend(KafkaProducer.java:1046)
	at org.apache.kafka.clients.producer.KafkaProducer.send(KafkaProducer.java:993)
	at org.apache.kafka.clients.producer.KafkaProducer.send(KafkaProducer.java:875)
	at io.apicurio.tests.serdes.apicurio.KafkaSerdesTester.lambda$produceMessages$3(KafkaSerdesTester.java:138)
	at java.base/java.util.concurrent.CompletableFuture$AsyncSupply.run(CompletableFuture.java:1768)
	at java.base/java.lang.Thread.run(Thread.java:840)
]]></system-err>
  </testcase>
  <testcase name="testFirstEmptyFieldConfusedAsMagicByte" classname="io.apicurio.tests.serdes.apicurio.AvroSerdeIT" time="4.03">
    <system-out><![CDATA[2025-08-12 14:57:12,920 INFO  [io.api.tes.uti.TestSeparator] (main) ############################################################################
2025-08-12 14:57:12,920 INFO  [io.api.tes.uti.TestSeparator] (main) io.apicurio.tests.serdes.apicurio.AvroSerdeIT.testFirstEmptyFieldConfusedAsMagicByte-STARTED
**** Registry Base URL: http://registry-app-ksql043.apps.ci419.apicurio-testing.org:80
2025-08-12 14:57:12,929 INFO  [org.apa.kaf.cli.pro.ProducerConfig] (main) ProducerConfig values: 
	acks = -1
	auto.include.jmx.reporter = true
	batch.size = 16384
	bootstrap.servers = [PLAINTEXT://localhost:32769]
	buffer.memory = 33554432
	client.dns.lookup = use_all_dns_ips
	client.id = Producer-topic-d3092516_2d24_47dc_84e3_66af831c7104
	compression.gzip.level = -1
	compression.lz4.level = 9
	compression.type = none
	compression.zstd.level = 3
	connections.max.idle.ms = 10000
	delivery.timeout.ms = 120000
	enable.idempotence = true
	enable.metrics.push = true
	interceptor.classes = []
	key.serializer = class org.apache.kafka.common.serialization.StringSerializer
	linger.ms = 0
	max.block.ms = 60000
	max.in.flight.requests.per.connection = 5
	max.request.size = 1048576
	metadata.max.age.ms = 300000
	metadata.max.idle.ms = 300000
	metadata.recovery.strategy = none
	metric.reporters = []
	metrics.num.samples = 2
	metrics.recording.level = INFO
	metrics.sample.window.ms = 30000
	partitioner.adaptive.partitioning.enable = true
	partitioner.availability.timeout.ms = 0
	partitioner.class = null
	partitioner.ignore.keys = false
	receive.buffer.bytes = 32768
	reconnect.backoff.max.ms = 1000
	reconnect.backoff.ms = 50
	request.timeout.ms = 5000
	retries = 2147483647
	retry.backoff.max.ms = 1000
	retry.backoff.ms = 100
	sasl.client.callback.handler.class = null
	sasl.jaas.config = null
	sasl.kerberos.kinit.cmd = /usr/bin/kinit
	sasl.kerberos.min.time.before.relogin = 60000
	sasl.kerberos.service.name = null
	sasl.kerberos.ticket.renew.jitter = 0.05
	sasl.kerberos.ticket.renew.window.factor = 0.8
	sasl.login.callback.handler.class = null
	sasl.login.class = null
	sasl.login.connect.timeout.ms = null
	sasl.login.read.timeout.ms = null
	sasl.login.refresh.buffer.seconds = 300
	sasl.login.refresh.min.period.seconds = 60
	sasl.login.refresh.window.factor = 0.8
	sasl.login.refresh.window.jitter = 0.05
	sasl.login.retry.backoff.max.ms = 10000
	sasl.login.retry.backoff.ms = 100
	sasl.mechanism = GSSAPI
	sasl.oauthbearer.clock.skew.seconds = 30
	sasl.oauthbearer.expected.audience = null
	sasl.oauthbearer.expected.issuer = null
	sasl.oauthbearer.header.urlencode = false
	sasl.oauthbearer.jwks.endpoint.refresh.ms = 3600000
	sasl.oauthbearer.jwks.endpoint.retry.backoff.max.ms = 10000
	sasl.oauthbearer.jwks.endpoint.retry.backoff.ms = 100
	sasl.oauthbearer.jwks.endpoint.url = null
	sasl.oauthbearer.scope.claim.name = scope
	sasl.oauthbearer.sub.claim.name = sub
	sasl.oauthbearer.token.endpoint.url = null
	security.protocol = PLAINTEXT
	security.providers = null
	send.buffer.bytes = 131072
	socket.connection.setup.timeout.max.ms = 30000
	socket.connection.setup.timeout.ms = 10000
	ssl.cipher.suites = null
	ssl.enabled.protocols = [TLSv1.2, TLSv1.3]
	ssl.endpoint.identification.algorithm = https
	ssl.engine.factory.class = null
	ssl.key.password = null
	ssl.keymanager.algorithm = SunX509
	ssl.keystore.certificate.chain = null
	ssl.keystore.key = null
	ssl.keystore.location = null
	ssl.keystore.password = null
	ssl.keystore.type = JKS
	ssl.protocol = TLSv1.3
	ssl.provider = null
	ssl.secure.random.implementation = null
	ssl.trustmanager.algorithm = PKIX
	ssl.truststore.certificates = null
	ssl.truststore.location = null
	ssl.truststore.password = null
	ssl.truststore.type = JKS
	transaction.timeout.ms = 60000
	transactional.id = null
	value.serializer = class io.apicurio.registry.serde.avro.AvroKafkaSerializer

2025-08-12 14:57:12,931 INFO  [org.apa.kaf.com.tel.int.KafkaMetricsCollector] (main) initializing Kafka metrics collector
2025-08-12 14:57:12,939 INFO  [org.apa.kaf.cli.pro.KafkaProducer] (main) [Producer clientId=Producer-topic-d3092516_2d24_47dc_84e3_66af831c7104] Instantiated an idempotent producer.
2025-08-12 14:57:12,941 INFO  [org.apa.kaf.cli.pro.ProducerConfig] (main) These configurations '[apicurio.registry.url, apicurio.registry.auto-register, apicurio.registry.artifact-resolver-strategy]' were supplied but are not used yet.
2025-08-12 14:57:12,942 INFO  [org.apa.kaf.com.uti.AppInfoParser] (main) Kafka version: 3.9.1
2025-08-12 14:57:12,942 INFO  [org.apa.kaf.com.uti.AppInfoParser] (main) Kafka commitId: f745dfdcee2b9851
2025-08-12 14:57:12,942 INFO  [org.apa.kaf.com.uti.AppInfoParser] (main) Kafka startTimeMs: 1755010632942
2025-08-12 14:57:12,942 INFO  [io.api.tes.ser.api.SimpleSerdesTesterBuilder$SimpleSerdesTester] (main) Using producer configuration: {apicurio.registry.url=http://registry-app-ksql043.apps.ci419.apicurio-testing.org:80/apis/registry/v3, apicurio.registry.auto-register=true, apicurio.registry.artifact-resolver-strategy=io.apicurio.registry.serde.strategy.SimpleTopicIdStrategy, value.serializer=io.apicurio.registry.serde.avro.AvroKafkaSerializer, request.timeout.ms=5000, acks=all, bootstrap.servers=PLAINTEXT://localhost:32769, connections.max.idle.ms=10000, key.serializer=org.apache.kafka.common.serialization.StringSerializer, client.id=Producer-topic-d3092516_2d24_47dc_84e3_66af831c7104}
2025-08-12 14:57:12,942 INFO  [io.api.tes.ser.api.SimpleSerdesTesterBuilder$SimpleSerdesTester] (main) Using consumer configuration: {}
2025-08-12 14:57:12,944 INFO  [io.api.tes.ser.api.KafkaSerdesTester] (Thread-732) Sending message {"username": null} to topic topic-d3092516_2d24_47dc_84e3_66af831c7104
2025-08-12 14:57:12,950 WARN  [org.apa.kaf.cli.NetworkClient] (kafka-producer-network-thread | Producer-topic-d3092516_2d24_47dc_84e3_66af831c7104) [Producer clientId=Producer-topic-d3092516_2d24_47dc_84e3_66af831c7104] The metadata response from the cluster reported a recoverable issue with correlation id 1 : {topic-d3092516_2d24_47dc_84e3_66af831c7104=UNKNOWN_TOPIC_OR_PARTITION}
2025-08-12 14:57:12,951 INFO  [org.apa.kaf.cli.Metadata] (kafka-producer-network-thread | Producer-topic-d3092516_2d24_47dc_84e3_66af831c7104) [Producer clientId=Producer-topic-d3092516_2d24_47dc_84e3_66af831c7104] Cluster ID: 0yZUVcJRR-Oeoz-b4JS1zQ
2025-08-12 14:57:12,952 INFO  [org.apa.kaf.cli.pro.int.TransactionManager] (kafka-producer-network-thread | Producer-topic-d3092516_2d24_47dc_84e3_66af831c7104) [Producer clientId=Producer-topic-d3092516_2d24_47dc_84e3_66af831c7104] ProducerId set to 23 with epoch 0
2025-08-12 14:57:13,193 INFO  [io.api.tes.ser.api.KafkaSerdesTester] (Thread-732) Sending message {"username": null} to topic topic-d3092516_2d24_47dc_84e3_66af831c7104
2025-08-12 14:57:13,194 INFO  [io.api.tes.ser.api.KafkaSerdesTester] (Thread-732) Sending message {"username": "value-2"} to topic topic-d3092516_2d24_47dc_84e3_66af831c7104
2025-08-12 14:57:13,195 INFO  [io.api.tes.ser.api.KafkaSerdesTester] (Thread-732) Sending message {"username": null} to topic topic-d3092516_2d24_47dc_84e3_66af831c7104
2025-08-12 14:57:13,196 INFO  [io.api.tes.ser.api.KafkaSerdesTester] (Thread-732) Sending message {"username": "value-4"} to topic topic-d3092516_2d24_47dc_84e3_66af831c7104
2025-08-12 14:57:13,198 INFO  [io.api.tes.ser.api.KafkaSerdesTester] (Thread-732) Sending message {"username": null} to topic topic-d3092516_2d24_47dc_84e3_66af831c7104
2025-08-12 14:57:13,199 INFO  [io.api.tes.ser.api.KafkaSerdesTester] (Thread-732) Sending message {"username": "value-6"} to topic topic-d3092516_2d24_47dc_84e3_66af831c7104
2025-08-12 14:57:13,200 INFO  [io.api.tes.ser.api.KafkaSerdesTester] (Thread-732) Sending message {"username": null} to topic topic-d3092516_2d24_47dc_84e3_66af831c7104
2025-08-12 14:57:13,203 INFO  [io.api.tes.ser.api.KafkaSerdesTester] (Thread-732) Sending message {"username": "value-8"} to topic topic-d3092516_2d24_47dc_84e3_66af831c7104
2025-08-12 14:57:13,205 INFO  [io.api.tes.ser.api.KafkaSerdesTester] (Thread-732) Sending message {"username": null} to topic topic-d3092516_2d24_47dc_84e3_66af831c7104
2025-08-12 14:57:13,207 INFO  [io.api.tes.ser.api.KafkaSerdesTester] (Thread-732) Produced 10 messages
2025-08-12 14:57:13,207 INFO  [org.apa.kaf.cli.pro.KafkaProducer] (Thread-732) [Producer clientId=Producer-topic-d3092516_2d24_47dc_84e3_66af831c7104] Closing the Kafka producer with timeoutMillis = 9223372036854775807 ms.
2025-08-12 14:57:13,210 INFO  [org.apa.kaf.com.met.Metrics] (Thread-732) Metrics scheduler closed
2025-08-12 14:57:13,210 INFO  [org.apa.kaf.com.met.Metrics] (Thread-732) Closing reporter org.apache.kafka.common.metrics.JmxReporter
2025-08-12 14:57:13,210 INFO  [org.apa.kaf.com.met.Metrics] (Thread-732) Closing reporter org.apache.kafka.common.telemetry.internals.ClientTelemetryReporter
2025-08-12 14:57:13,211 INFO  [org.apa.kaf.com.met.Metrics] (Thread-732) Metrics reporters closed
2025-08-12 14:57:13,211 INFO  [org.apa.kaf.com.uti.AppInfoParser] (Thread-732) App info kafka.producer for Producer-topic-d3092516_2d24_47dc_84e3_66af831c7104 unregistered
**** Registry Base URL: http://registry-app-ksql043.apps.ci419.apicurio-testing.org:80
2025-08-12 14:57:13,283 INFO  [org.apa.kaf.cli.con.ConsumerConfig] (main) ConsumerConfig values: 
	allow.auto.create.topics = true
	auto.commit.interval.ms = 500
	auto.include.jmx.reporter = true
	auto.offset.reset = earliest
	bootstrap.servers = [PLAINTEXT://localhost:32769]
	check.crcs = true
	client.dns.lookup = use_all_dns_ips
	client.id = consumer-Consumer-topic-d3092516_2d24_47dc_84e3_66af831c7104-17
	client.rack = 
	connections.max.idle.ms = 10000
	default.api.timeout.ms = 60000
	enable.auto.commit = true
	enable.metrics.push = true
	exclude.internal.topics = true
	fetch.max.bytes = 52428800
	fetch.max.wait.ms = 500
	fetch.min.bytes = 1
	group.id = Consumer-topic-d3092516_2d24_47dc_84e3_66af831c7104
	group.instance.id = null
	group.protocol = classic
	group.remote.assignor = null
	heartbeat.interval.ms = 3000
	interceptor.classes = []
	internal.leave.group.on.close = true
	internal.throw.on.fetch.stable.offset.unsupported = false
	isolation.level = read_uncommitted
	key.deserializer = class org.apache.kafka.common.serialization.StringDeserializer
	max.partition.fetch.bytes = 1048576
	max.poll.interval.ms = 300000
	max.poll.records = 500
	metadata.max.age.ms = 300000
	metadata.recovery.strategy = none
	metric.reporters = []
	metrics.num.samples = 2
	metrics.recording.level = INFO
	metrics.sample.window.ms = 30000
	partition.assignment.strategy = [class org.apache.kafka.clients.consumer.RangeAssignor, class org.apache.kafka.clients.consumer.CooperativeStickyAssignor]
	receive.buffer.bytes = 65536
	reconnect.backoff.max.ms = 1000
	reconnect.backoff.ms = 50
	request.timeout.ms = 5000
	retry.backoff.max.ms = 1000
	retry.backoff.ms = 100
	sasl.client.callback.handler.class = null
	sasl.jaas.config = null
	sasl.kerberos.kinit.cmd = /usr/bin/kinit
	sasl.kerberos.min.time.before.relogin = 60000
	sasl.kerberos.service.name = null
	sasl.kerberos.ticket.renew.jitter = 0.05
	sasl.kerberos.ticket.renew.window.factor = 0.8
	sasl.login.callback.handler.class = null
	sasl.login.class = null
	sasl.login.connect.timeout.ms = null
	sasl.login.read.timeout.ms = null
	sasl.login.refresh.buffer.seconds = 300
	sasl.login.refresh.min.period.seconds = 60
	sasl.login.refresh.window.factor = 0.8
	sasl.login.refresh.window.jitter = 0.05
	sasl.login.retry.backoff.max.ms = 10000
	sasl.login.retry.backoff.ms = 100
	sasl.mechanism = GSSAPI
	sasl.oauthbearer.clock.skew.seconds = 30
	sasl.oauthbearer.expected.audience = null
	sasl.oauthbearer.expected.issuer = null
	sasl.oauthbearer.header.urlencode = false
	sasl.oauthbearer.jwks.endpoint.refresh.ms = 3600000
	sasl.oauthbearer.jwks.endpoint.retry.backoff.max.ms = 10000
	sasl.oauthbearer.jwks.endpoint.retry.backoff.ms = 100
	sasl.oauthbearer.jwks.endpoint.url = null
	sasl.oauthbearer.scope.claim.name = scope
	sasl.oauthbearer.sub.claim.name = sub
	sasl.oauthbearer.token.endpoint.url = null
	security.protocol = PLAINTEXT
	security.providers = null
	send.buffer.bytes = 131072
	session.timeout.ms = 45000
	socket.connection.setup.timeout.max.ms = 30000
	socket.connection.setup.timeout.ms = 10000
	ssl.cipher.suites = null
	ssl.enabled.protocols = [TLSv1.2, TLSv1.3]
	ssl.endpoint.identification.algorithm = https
	ssl.engine.factory.class = null
	ssl.key.password = null
	ssl.keymanager.algorithm = SunX509
	ssl.keystore.certificate.chain = null
	ssl.keystore.key = null
	ssl.keystore.location = null
	ssl.keystore.password = null
	ssl.keystore.type = JKS
	ssl.protocol = TLSv1.3
	ssl.provider = null
	ssl.secure.random.implementation = null
	ssl.trustmanager.algorithm = PKIX
	ssl.truststore.certificates = null
	ssl.truststore.location = null
	ssl.truststore.password = null
	ssl.truststore.type = JKS
	value.deserializer = class io.apicurio.registry.serde.avro.AvroKafkaDeserializer

2025-08-12 14:57:13,284 INFO  [org.apa.kaf.com.tel.int.KafkaMetricsCollector] (main) initializing Kafka metrics collector
2025-08-12 14:57:13,288 INFO  [org.apa.kaf.cli.con.ConsumerConfig] (main) These configurations '[apicurio.registry.url]' were supplied but are not used yet.
2025-08-12 14:57:13,288 INFO  [org.apa.kaf.com.uti.AppInfoParser] (main) Kafka version: 3.9.1
2025-08-12 14:57:13,288 INFO  [org.apa.kaf.com.uti.AppInfoParser] (main) Kafka commitId: f745dfdcee2b9851
2025-08-12 14:57:13,288 INFO  [org.apa.kaf.com.uti.AppInfoParser] (main) Kafka startTimeMs: 1755010633288
2025-08-12 14:57:13,289 INFO  [org.apa.kaf.cli.con.int.ClassicKafkaConsumer] (Thread-735) [Consumer clientId=consumer-Consumer-topic-d3092516_2d24_47dc_84e3_66af831c7104-17, groupId=Consumer-topic-d3092516_2d24_47dc_84e3_66af831c7104] Subscribed to topic(s): topic-d3092516_2d24_47dc_84e3_66af831c7104
2025-08-12 14:57:13,292 INFO  [org.apa.kaf.cli.Metadata] (Thread-735) [Consumer clientId=consumer-Consumer-topic-d3092516_2d24_47dc_84e3_66af831c7104-17, groupId=Consumer-topic-d3092516_2d24_47dc_84e3_66af831c7104] Cluster ID: 0yZUVcJRR-Oeoz-b4JS1zQ
2025-08-12 14:57:13,293 INFO  [org.apa.kaf.cli.con.int.ConsumerCoordinator] (Thread-735) [Consumer clientId=consumer-Consumer-topic-d3092516_2d24_47dc_84e3_66af831c7104-17, groupId=Consumer-topic-d3092516_2d24_47dc_84e3_66af831c7104] Discovered group coordinator localhost:32769 (id: 2147483647 rack: null)
2025-08-12 14:57:13,294 INFO  [org.apa.kaf.cli.con.int.ConsumerCoordinator] (Thread-735) [Consumer clientId=consumer-Consumer-topic-d3092516_2d24_47dc_84e3_66af831c7104-17, groupId=Consumer-topic-d3092516_2d24_47dc_84e3_66af831c7104] (Re-)joining group
2025-08-12 14:57:13,297 INFO  [org.apa.kaf.cli.con.int.ConsumerCoordinator] (Thread-735) [Consumer clientId=consumer-Consumer-topic-d3092516_2d24_47dc_84e3_66af831c7104-17, groupId=Consumer-topic-d3092516_2d24_47dc_84e3_66af831c7104] Request joining group due to: need to re-join with the given member-id: consumer-Consumer-topic-d3092516_2d24_47dc_84e3_66af831c7104-17-712cb0ed-0310-4a80-a86d-6b1a06e710ed
2025-08-12 14:57:13,297 INFO  [org.apa.kaf.cli.con.int.ConsumerCoordinator] (Thread-735) [Consumer clientId=consumer-Consumer-topic-d3092516_2d24_47dc_84e3_66af831c7104-17, groupId=Consumer-topic-d3092516_2d24_47dc_84e3_66af831c7104] (Re-)joining group
2025-08-12 14:57:14,289 INFO  [io.api.tes.ser.api.KafkaSerdesTester] (Thread-735) None found
2025-08-12 14:57:15,290 INFO  [io.api.tes.ser.api.KafkaSerdesTester] (Thread-735) None found
2025-08-12 14:57:16,290 INFO  [io.api.tes.ser.api.KafkaSerdesTester] (Thread-735) None found
2025-08-12 14:57:16,299 INFO  [org.apa.kaf.cli.con.int.ConsumerCoordinator] (Thread-735) [Consumer clientId=consumer-Consumer-topic-d3092516_2d24_47dc_84e3_66af831c7104-17, groupId=Consumer-topic-d3092516_2d24_47dc_84e3_66af831c7104] Successfully joined group with generation Generation{generationId=1, memberId='consumer-Consumer-topic-d3092516_2d24_47dc_84e3_66af831c7104-17-712cb0ed-0310-4a80-a86d-6b1a06e710ed', protocol='range'}
2025-08-12 14:57:16,300 INFO  [org.apa.kaf.cli.con.int.ConsumerCoordinator] (Thread-735) [Consumer clientId=consumer-Consumer-topic-d3092516_2d24_47dc_84e3_66af831c7104-17, groupId=Consumer-topic-d3092516_2d24_47dc_84e3_66af831c7104] Finished assignment for group at generation 1: {consumer-Consumer-topic-d3092516_2d24_47dc_84e3_66af831c7104-17-712cb0ed-0310-4a80-a86d-6b1a06e710ed=Assignment(partitions=[topic-d3092516_2d24_47dc_84e3_66af831c7104-0])}
2025-08-12 14:57:16,307 INFO  [org.apa.kaf.cli.con.int.ConsumerCoordinator] (Thread-735) [Consumer clientId=consumer-Consumer-topic-d3092516_2d24_47dc_84e3_66af831c7104-17, groupId=Consumer-topic-d3092516_2d24_47dc_84e3_66af831c7104] Successfully synced group in generation Generation{generationId=1, memberId='consumer-Consumer-topic-d3092516_2d24_47dc_84e3_66af831c7104-17-712cb0ed-0310-4a80-a86d-6b1a06e710ed', protocol='range'}
2025-08-12 14:57:16,307 INFO  [org.apa.kaf.cli.con.int.ConsumerCoordinator] (Thread-735) [Consumer clientId=consumer-Consumer-topic-d3092516_2d24_47dc_84e3_66af831c7104-17, groupId=Consumer-topic-d3092516_2d24_47dc_84e3_66af831c7104] Notifying assignor about the new Assignment(partitions=[topic-d3092516_2d24_47dc_84e3_66af831c7104-0])
2025-08-12 14:57:16,308 INFO  [org.apa.kaf.cli.con.int.ConsumerRebalanceListenerInvoker] (Thread-735) [Consumer clientId=consumer-Consumer-topic-d3092516_2d24_47dc_84e3_66af831c7104-17, groupId=Consumer-topic-d3092516_2d24_47dc_84e3_66af831c7104] Adding newly assigned partitions: topic-d3092516_2d24_47dc_84e3_66af831c7104-0
2025-08-12 14:57:16,308 INFO  [org.apa.kaf.cli.con.int.ConsumerCoordinator] (Thread-735) [Consumer clientId=consumer-Consumer-topic-d3092516_2d24_47dc_84e3_66af831c7104-17, groupId=Consumer-topic-d3092516_2d24_47dc_84e3_66af831c7104] Found no committed offset for partition topic-d3092516_2d24_47dc_84e3_66af831c7104-0
2025-08-12 14:57:16,314 INFO  [org.apa.kaf.cli.con.int.SubscriptionState] (Thread-735) [Consumer clientId=consumer-Consumer-topic-d3092516_2d24_47dc_84e3_66af831c7104-17, groupId=Consumer-topic-d3092516_2d24_47dc_84e3_66af831c7104] Resetting offset for partition topic-d3092516_2d24_47dc_84e3_66af831c7104-0 to position FetchPosition{offset=0, offsetEpoch=Optional.empty, currentLeader=LeaderAndEpoch{leader=Optional[localhost:32769 (id: 0 rack: null)], epoch=0}}.
2025-08-12 14:57:16,438 INFO  [io.api.tes.ser.api.KafkaSerdesTester] (Thread-735) topic-d3092516_2d24_47dc_84e3_66af831c7104 0 0 {"username": null}
2025-08-12 14:57:16,438 INFO  [io.api.tes.ser.api.KafkaSerdesTester] (Thread-735) topic-d3092516_2d24_47dc_84e3_66af831c7104 0 1 {"username": null}
2025-08-12 14:57:16,438 INFO  [io.api.tes.ser.api.KafkaSerdesTester] (Thread-735) topic-d3092516_2d24_47dc_84e3_66af831c7104 0 2 {"username": "value-2"}
2025-08-12 14:57:16,438 INFO  [io.api.tes.ser.api.KafkaSerdesTester] (Thread-735) topic-d3092516_2d24_47dc_84e3_66af831c7104 0 3 {"username": null}
2025-08-12 14:57:16,438 INFO  [io.api.tes.ser.api.KafkaSerdesTester] (Thread-735) topic-d3092516_2d24_47dc_84e3_66af831c7104 0 4 {"username": "value-4"}
2025-08-12 14:57:16,438 INFO  [io.api.tes.ser.api.KafkaSerdesTester] (Thread-735) topic-d3092516_2d24_47dc_84e3_66af831c7104 0 5 {"username": null}
2025-08-12 14:57:16,438 INFO  [io.api.tes.ser.api.KafkaSerdesTester] (Thread-735) topic-d3092516_2d24_47dc_84e3_66af831c7104 0 6 {"username": "value-6"}
2025-08-12 14:57:16,438 INFO  [io.api.tes.ser.api.KafkaSerdesTester] (Thread-735) topic-d3092516_2d24_47dc_84e3_66af831c7104 0 7 {"username": null}
2025-08-12 14:57:16,438 INFO  [io.api.tes.ser.api.KafkaSerdesTester] (Thread-735) topic-d3092516_2d24_47dc_84e3_66af831c7104 0 8 {"username": "value-8"}
2025-08-12 14:57:16,438 INFO  [io.api.tes.ser.api.KafkaSerdesTester] (Thread-735) topic-d3092516_2d24_47dc_84e3_66af831c7104 0 9 {"username": null}
2025-08-12 14:57:16,438 INFO  [io.api.tes.ser.api.KafkaSerdesTester] (Thread-735) Consumed 10 messages
2025-08-12 14:57:16,446 INFO  [org.apa.kaf.cli.con.int.ConsumerRebalanceListenerInvoker] (Thread-735) [Consumer clientId=consumer-Consumer-topic-d3092516_2d24_47dc_84e3_66af831c7104-17, groupId=Consumer-topic-d3092516_2d24_47dc_84e3_66af831c7104] Revoke previously assigned partitions topic-d3092516_2d24_47dc_84e3_66af831c7104-0
2025-08-12 14:57:16,446 INFO  [org.apa.kaf.cli.con.int.ConsumerCoordinator] (Thread-735) [Consumer clientId=consumer-Consumer-topic-d3092516_2d24_47dc_84e3_66af831c7104-17, groupId=Consumer-topic-d3092516_2d24_47dc_84e3_66af831c7104] Member consumer-Consumer-topic-d3092516_2d24_47dc_84e3_66af831c7104-17-712cb0ed-0310-4a80-a86d-6b1a06e710ed sending LeaveGroup request to coordinator localhost:32769 (id: 2147483647 rack: null) due to the consumer is being closed
2025-08-12 14:57:16,446 INFO  [org.apa.kaf.cli.con.int.ConsumerCoordinator] (Thread-735) [Consumer clientId=consumer-Consumer-topic-d3092516_2d24_47dc_84e3_66af831c7104-17, groupId=Consumer-topic-d3092516_2d24_47dc_84e3_66af831c7104] Resetting generation and member id due to: consumer pro-actively leaving the group
2025-08-12 14:57:16,446 INFO  [org.apa.kaf.cli.con.int.ConsumerCoordinator] (Thread-735) [Consumer clientId=consumer-Consumer-topic-d3092516_2d24_47dc_84e3_66af831c7104-17, groupId=Consumer-topic-d3092516_2d24_47dc_84e3_66af831c7104] Request joining group due to: consumer pro-actively leaving the group
2025-08-12 14:57:16,941 INFO  [org.apa.kaf.com.met.Metrics] (Thread-735) Metrics scheduler closed
2025-08-12 14:57:16,941 INFO  [org.apa.kaf.com.met.Metrics] (Thread-735) Closing reporter org.apache.kafka.common.metrics.JmxReporter
2025-08-12 14:57:16,941 INFO  [org.apa.kaf.com.met.Metrics] (Thread-735) Closing reporter org.apache.kafka.common.telemetry.internals.ClientTelemetryReporter
2025-08-12 14:57:16,941 INFO  [org.apa.kaf.com.met.Metrics] (Thread-735) Metrics reporters closed
2025-08-12 14:57:16,943 INFO  [org.apa.kaf.com.uti.AppInfoParser] (Thread-735) App info kafka.consumer for consumer-Consumer-topic-d3092516_2d24_47dc_84e3_66af831c7104-17 unregistered
2025-08-12 14:57:16,943 INFO  [io.api.tes.uti.TestSeparator] (main) io.apicurio.tests.serdes.apicurio.AvroSerdeIT.testFirstEmptyFieldConfusedAsMagicByte-FINISHED
2025-08-12 14:57:16,944 INFO  [io.api.tes.uti.TestSeparator] (main) ############################################################################
Test passed: testFirstEmptyFieldConfusedAsMagicByte
]]></system-out>
  </testcase>
  <testcase name="testAvroSerDesFailDifferentSchemaByContent" classname="io.apicurio.tests.serdes.apicurio.AvroSerdeIT" time="1.248">
    <system-out><![CDATA[2025-08-12 14:57:16,945 INFO  [io.api.tes.uti.TestSeparator] (main) ############################################################################
2025-08-12 14:57:16,945 INFO  [io.api.tes.uti.TestSeparator] (main) io.apicurio.tests.serdes.apicurio.AvroSerdeIT.testAvroSerDesFailDifferentSchemaByContent-STARTED
**** Registry Base URL: http://registry-app-ksql043.apps.ci419.apicurio-testing.org:80
2025-08-12 14:57:18,071 INFO  [org.apa.kaf.cli.pro.ProducerConfig] (main) ProducerConfig values: 
	acks = -1
	auto.include.jmx.reporter = true
	batch.size = 16384
	bootstrap.servers = [PLAINTEXT://localhost:32769]
	buffer.memory = 33554432
	client.dns.lookup = use_all_dns_ips
	client.id = Producer-topic-061826da_2fda_4109_9d5f_bcd5c0c77e00
	compression.gzip.level = -1
	compression.lz4.level = 9
	compression.type = none
	compression.zstd.level = 3
	connections.max.idle.ms = 10000
	delivery.timeout.ms = 120000
	enable.idempotence = true
	enable.metrics.push = true
	interceptor.classes = []
	key.serializer = class org.apache.kafka.common.serialization.StringSerializer
	linger.ms = 0
	max.block.ms = 60000
	max.in.flight.requests.per.connection = 5
	max.request.size = 1048576
	metadata.max.age.ms = 300000
	metadata.max.idle.ms = 300000
	metadata.recovery.strategy = none
	metric.reporters = []
	metrics.num.samples = 2
	metrics.recording.level = INFO
	metrics.sample.window.ms = 30000
	partitioner.adaptive.partitioning.enable = true
	partitioner.availability.timeout.ms = 0
	partitioner.class = null
	partitioner.ignore.keys = false
	receive.buffer.bytes = 32768
	reconnect.backoff.max.ms = 1000
	reconnect.backoff.ms = 50
	request.timeout.ms = 5000
	retries = 2147483647
	retry.backoff.max.ms = 1000
	retry.backoff.ms = 100
	sasl.client.callback.handler.class = null
	sasl.jaas.config = null
	sasl.kerberos.kinit.cmd = /usr/bin/kinit
	sasl.kerberos.min.time.before.relogin = 60000
	sasl.kerberos.service.name = null
	sasl.kerberos.ticket.renew.jitter = 0.05
	sasl.kerberos.ticket.renew.window.factor = 0.8
	sasl.login.callback.handler.class = null
	sasl.login.class = null
	sasl.login.connect.timeout.ms = null
	sasl.login.read.timeout.ms = null
	sasl.login.refresh.buffer.seconds = 300
	sasl.login.refresh.min.period.seconds = 60
	sasl.login.refresh.window.factor = 0.8
	sasl.login.refresh.window.jitter = 0.05
	sasl.login.retry.backoff.max.ms = 10000
	sasl.login.retry.backoff.ms = 100
	sasl.mechanism = GSSAPI
	sasl.oauthbearer.clock.skew.seconds = 30
	sasl.oauthbearer.expected.audience = null
	sasl.oauthbearer.expected.issuer = null
	sasl.oauthbearer.header.urlencode = false
	sasl.oauthbearer.jwks.endpoint.refresh.ms = 3600000
	sasl.oauthbearer.jwks.endpoint.retry.backoff.max.ms = 10000
	sasl.oauthbearer.jwks.endpoint.retry.backoff.ms = 100
	sasl.oauthbearer.jwks.endpoint.url = null
	sasl.oauthbearer.scope.claim.name = scope
	sasl.oauthbearer.sub.claim.name = sub
	sasl.oauthbearer.token.endpoint.url = null
	security.protocol = PLAINTEXT
	security.providers = null
	send.buffer.bytes = 131072
	socket.connection.setup.timeout.max.ms = 30000
	socket.connection.setup.timeout.ms = 10000
	ssl.cipher.suites = null
	ssl.enabled.protocols = [TLSv1.2, TLSv1.3]
	ssl.endpoint.identification.algorithm = https
	ssl.engine.factory.class = null
	ssl.key.password = null
	ssl.keymanager.algorithm = SunX509
	ssl.keystore.certificate.chain = null
	ssl.keystore.key = null
	ssl.keystore.location = null
	ssl.keystore.password = null
	ssl.keystore.type = JKS
	ssl.protocol = TLSv1.3
	ssl.provider = null
	ssl.secure.random.implementation = null
	ssl.trustmanager.algorithm = PKIX
	ssl.truststore.certificates = null
	ssl.truststore.location = null
	ssl.truststore.password = null
	ssl.truststore.type = JKS
	transaction.timeout.ms = 60000
	transactional.id = null
	value.serializer = class io.apicurio.registry.serde.avro.AvroKafkaSerializer

2025-08-12 14:57:18,071 INFO  [org.apa.kaf.com.tel.int.KafkaMetricsCollector] (main) initializing Kafka metrics collector
2025-08-12 14:57:18,075 INFO  [org.apa.kaf.cli.pro.KafkaProducer] (main) [Producer clientId=Producer-topic-061826da_2fda_4109_9d5f_bcd5c0c77e00] Instantiated an idempotent producer.
2025-08-12 14:57:18,076 INFO  [org.apa.kaf.cli.pro.ProducerConfig] (main) These configurations '[apicurio.registry.url, apicurio.registry.artifact-resolver-strategy]' were supplied but are not used yet.
2025-08-12 14:57:18,076 INFO  [org.apa.kaf.com.uti.AppInfoParser] (main) Kafka version: 3.9.1
2025-08-12 14:57:18,076 INFO  [org.apa.kaf.com.uti.AppInfoParser] (main) Kafka commitId: f745dfdcee2b9851
2025-08-12 14:57:18,077 INFO  [org.apa.kaf.com.uti.AppInfoParser] (main) Kafka startTimeMs: 1755010638076
2025-08-12 14:57:18,078 INFO  [io.api.tes.ser.api.KafkaSerdesTester] (Thread-738) Sending message {"keyB": "value-0"} to topic topic-061826da_2fda_4109_9d5f_bcd5c0c77e00
2025-08-12 14:57:18,079 INFO  [org.apa.kaf.cli.Metadata] (kafka-producer-network-thread | Producer-topic-061826da_2fda_4109_9d5f_bcd5c0c77e00) [Producer clientId=Producer-topic-061826da_2fda_4109_9d5f_bcd5c0c77e00] Cluster ID: 0yZUVcJRR-Oeoz-b4JS1zQ
2025-08-12 14:57:18,079 INFO  [org.apa.kaf.cli.pro.int.TransactionManager] (kafka-producer-network-thread | Producer-topic-061826da_2fda_4109_9d5f_bcd5c0c77e00) [Producer clientId=Producer-topic-061826da_2fda_4109_9d5f_bcd5c0c77e00] ProducerId set to 24 with epoch 0
2025-08-12 14:57:18,081 INFO  [DefaultSchemaResolver] (Thread-738) Retrieving schema content using string: {"type":"record","name":"s7776ed66xdf96x4d14x87c9x5a646902e795","namespace":"s1d71b420x54e8x4e52x8eb0xaa6cccdbd1d3","fields":[{"name":"keyB","type":"string"}]}
2025-08-12 14:57:18,187 INFO  [org.apa.kaf.cli.pro.KafkaProducer] (Thread-738) [Producer clientId=Producer-topic-061826da_2fda_4109_9d5f_bcd5c0c77e00] Closing the Kafka producer with timeoutMillis = 9223372036854775807 ms.
2025-08-12 14:57:18,190 INFO  [org.apa.kaf.com.met.Metrics] (Thread-738) Metrics scheduler closed
2025-08-12 14:57:18,190 INFO  [org.apa.kaf.com.met.Metrics] (Thread-738) Closing reporter org.apache.kafka.common.metrics.JmxReporter
2025-08-12 14:57:18,190 INFO  [org.apa.kaf.com.met.Metrics] (Thread-738) Closing reporter org.apache.kafka.common.telemetry.internals.ClientTelemetryReporter
2025-08-12 14:57:18,190 INFO  [org.apa.kaf.com.met.Metrics] (Thread-738) Metrics reporters closed
2025-08-12 14:57:18,191 INFO  [org.apa.kaf.com.uti.AppInfoParser] (Thread-738) App info kafka.producer for Producer-topic-061826da_2fda_4109_9d5f_bcd5c0c77e00 unregistered
2025-08-12 14:57:18,191 INFO  [io.api.tes.uti.TestSeparator] (main) io.apicurio.tests.serdes.apicurio.AvroSerdeIT.testAvroSerDesFailDifferentSchemaByContent-FINISHED
2025-08-12 14:57:18,191 INFO  [io.api.tes.uti.TestSeparator] (main) ############################################################################
Test passed: testAvroSerDesFailDifferentSchemaByContent
]]></system-out>
    <system-err><![CDATA[java.lang.RuntimeException: Could not resolve artifact reference by content: {"type":"record","name":"s7776ed66xdf96x4d14x87c9x5a646902e795","namespace":"s1d71b420x54e8x4e52x8eb0xaa6cccdbd1d3","fields":[{"name":"keyB","type":"string"}]}&ArtifactReference [groupId=s1d71b420x54e8x4e52x8eb0xaa6cccdbd1d3, artifactId=s7776ed66xdf96x4d14x87c9x5a646902e795, version=null, globalId=null, contentId=null, contentHash=null]
	at io.apicurio.registry.resolver.DefaultSchemaResolver.lambda$handleResolveSchemaByContent$3(DefaultSchemaResolver.java:265)
	at io.apicurio.registry.resolver.cache.ERCache.lambda$getValue$0(ERCache.java:174)
	at io.apicurio.registry.resolver.cache.ERCache.retry(ERCache.java:227)
	at io.apicurio.registry.resolver.cache.ERCache.getValue(ERCache.java:173)
	at io.apicurio.registry.resolver.cache.ERCache.getByContent(ERCache.java:147)
	at io.apicurio.registry.resolver.DefaultSchemaResolver.handleResolveSchemaByContent(DefaultSchemaResolver.java:253)
	at io.apicurio.registry.resolver.DefaultSchemaResolver.getSchemaFromRegistry(DefaultSchemaResolver.java:138)
	at io.apicurio.registry.resolver.DefaultSchemaResolver.lambda$resolveSchema$0(DefaultSchemaResolver.java:84)
	at java.base/java.util.Optional.orElseGet(Optional.java:364)
	at io.apicurio.registry.resolver.DefaultSchemaResolver.resolveSchema(DefaultSchemaResolver.java:84)
	at io.apicurio.registry.serde.AbstractSerializer.serializeData(AbstractSerializer.java:62)
	at io.apicurio.registry.serde.KafkaSerializer.serialize(KafkaSerializer.java:77)
	at org.apache.kafka.clients.producer.KafkaProducer.doSend(KafkaProducer.java:1046)
	at org.apache.kafka.clients.producer.KafkaProducer.send(KafkaProducer.java:993)
	at org.apache.kafka.clients.producer.KafkaProducer.send(KafkaProducer.java:875)
	at io.apicurio.tests.serdes.apicurio.KafkaSerdesTester.lambda$produceMessages$3(KafkaSerdesTester.java:138)
	at java.base/java.util.concurrent.CompletableFuture$AsyncSupply.run(CompletableFuture.java:1768)
	at java.base/java.lang.Thread.run(Thread.java:840)
]]></system-err>
  </testcase>
  <testcase name="testGlobalIdInBody" classname="io.apicurio.tests.serdes.apicurio.AvroSerdeIT" time="4.007">
    <system-out><![CDATA[2025-08-12 14:57:18,196 INFO  [io.api.tes.uti.TestSeparator] (main) ############################################################################
2025-08-12 14:57:18,196 INFO  [io.api.tes.uti.TestSeparator] (main) io.apicurio.tests.serdes.apicurio.AvroSerdeIT.testGlobalIdInBody-STARTED
**** Registry Base URL: http://registry-app-ksql043.apps.ci419.apicurio-testing.org:80
2025-08-12 14:57:18,200 INFO  [org.apa.kaf.cli.pro.ProducerConfig] (main) ProducerConfig values: 
	acks = -1
	auto.include.jmx.reporter = true
	batch.size = 16384
	bootstrap.servers = [PLAINTEXT://localhost:32769]
	buffer.memory = 33554432
	client.dns.lookup = use_all_dns_ips
	client.id = Producer-topic-e7b655c5_9ed1_4d5b_bc3e_eeb32580b391
	compression.gzip.level = -1
	compression.lz4.level = 9
	compression.type = none
	compression.zstd.level = 3
	connections.max.idle.ms = 10000
	delivery.timeout.ms = 120000
	enable.idempotence = true
	enable.metrics.push = true
	interceptor.classes = []
	key.serializer = class org.apache.kafka.common.serialization.StringSerializer
	linger.ms = 0
	max.block.ms = 60000
	max.in.flight.requests.per.connection = 5
	max.request.size = 1048576
	metadata.max.age.ms = 300000
	metadata.max.idle.ms = 300000
	metadata.recovery.strategy = none
	metric.reporters = []
	metrics.num.samples = 2
	metrics.recording.level = INFO
	metrics.sample.window.ms = 30000
	partitioner.adaptive.partitioning.enable = true
	partitioner.availability.timeout.ms = 0
	partitioner.class = null
	partitioner.ignore.keys = false
	receive.buffer.bytes = 32768
	reconnect.backoff.max.ms = 1000
	reconnect.backoff.ms = 50
	request.timeout.ms = 5000
	retries = 2147483647
	retry.backoff.max.ms = 1000
	retry.backoff.ms = 100
	sasl.client.callback.handler.class = null
	sasl.jaas.config = null
	sasl.kerberos.kinit.cmd = /usr/bin/kinit
	sasl.kerberos.min.time.before.relogin = 60000
	sasl.kerberos.service.name = null
	sasl.kerberos.ticket.renew.jitter = 0.05
	sasl.kerberos.ticket.renew.window.factor = 0.8
	sasl.login.callback.handler.class = null
	sasl.login.class = null
	sasl.login.connect.timeout.ms = null
	sasl.login.read.timeout.ms = null
	sasl.login.refresh.buffer.seconds = 300
	sasl.login.refresh.min.period.seconds = 60
	sasl.login.refresh.window.factor = 0.8
	sasl.login.refresh.window.jitter = 0.05
	sasl.login.retry.backoff.max.ms = 10000
	sasl.login.retry.backoff.ms = 100
	sasl.mechanism = GSSAPI
	sasl.oauthbearer.clock.skew.seconds = 30
	sasl.oauthbearer.expected.audience = null
	sasl.oauthbearer.expected.issuer = null
	sasl.oauthbearer.header.urlencode = false
	sasl.oauthbearer.jwks.endpoint.refresh.ms = 3600000
	sasl.oauthbearer.jwks.endpoint.retry.backoff.max.ms = 10000
	sasl.oauthbearer.jwks.endpoint.retry.backoff.ms = 100
	sasl.oauthbearer.jwks.endpoint.url = null
	sasl.oauthbearer.scope.claim.name = scope
	sasl.oauthbearer.sub.claim.name = sub
	sasl.oauthbearer.token.endpoint.url = null
	security.protocol = PLAINTEXT
	security.providers = null
	send.buffer.bytes = 131072
	socket.connection.setup.timeout.max.ms = 30000
	socket.connection.setup.timeout.ms = 10000
	ssl.cipher.suites = null
	ssl.enabled.protocols = [TLSv1.2, TLSv1.3]
	ssl.endpoint.identification.algorithm = https
	ssl.engine.factory.class = null
	ssl.key.password = null
	ssl.keymanager.algorithm = SunX509
	ssl.keystore.certificate.chain = null
	ssl.keystore.key = null
	ssl.keystore.location = null
	ssl.keystore.password = null
	ssl.keystore.type = JKS
	ssl.protocol = TLSv1.3
	ssl.provider = null
	ssl.secure.random.implementation = null
	ssl.trustmanager.algorithm = PKIX
	ssl.truststore.certificates = null
	ssl.truststore.location = null
	ssl.truststore.password = null
	ssl.truststore.type = JKS
	transaction.timeout.ms = 60000
	transactional.id = null
	value.serializer = class io.apicurio.registry.serde.avro.AvroKafkaSerializer

2025-08-12 14:57:18,202 INFO  [org.apa.kaf.com.tel.int.KafkaMetricsCollector] (main) initializing Kafka metrics collector
2025-08-12 14:57:18,207 INFO  [org.apa.kaf.cli.pro.KafkaProducer] (main) [Producer clientId=Producer-topic-e7b655c5_9ed1_4d5b_bc3e_eeb32580b391] Instantiated an idempotent producer.
2025-08-12 14:57:18,208 INFO  [org.apa.kaf.cli.pro.ProducerConfig] (main) These configurations '[apicurio.registry.url, apicurio.registry.auto-register, apicurio.registry.use-id, apicurio.registry.artifact-resolver-strategy]' were supplied but are not used yet.
2025-08-12 14:57:18,208 INFO  [org.apa.kaf.com.uti.AppInfoParser] (main) Kafka version: 3.9.1
2025-08-12 14:57:18,208 INFO  [org.apa.kaf.com.uti.AppInfoParser] (main) Kafka commitId: f745dfdcee2b9851
2025-08-12 14:57:18,208 INFO  [org.apa.kaf.com.uti.AppInfoParser] (main) Kafka startTimeMs: 1755010638208
2025-08-12 14:57:18,209 INFO  [io.api.tes.ser.api.SimpleSerdesTesterBuilder$SimpleSerdesTester] (main) Using producer configuration: {apicurio.registry.url=http://registry-app-ksql043.apps.ci419.apicurio-testing.org:80/apis/registry/v3, apicurio.registry.auto-register=true, apicurio.registry.use-id=globalId, apicurio.registry.artifact-resolver-strategy=io.apicurio.registry.serde.strategy.TopicIdStrategy, value.serializer=io.apicurio.registry.serde.avro.AvroKafkaSerializer, request.timeout.ms=5000, acks=all, bootstrap.servers=PLAINTEXT://localhost:32769, connections.max.idle.ms=10000, key.serializer=org.apache.kafka.common.serialization.StringSerializer, client.id=Producer-topic-e7b655c5_9ed1_4d5b_bc3e_eeb32580b391}
2025-08-12 14:57:18,209 INFO  [io.api.tes.ser.api.SimpleSerdesTesterBuilder$SimpleSerdesTester] (main) Using consumer configuration: {apicurio.registry.use-id=globalId}
2025-08-12 14:57:18,209 INFO  [io.api.tes.ser.api.KafkaSerdesTester] (Thread-741) Sending message {"key11755010638196": "value-0"} to topic topic-e7b655c5_9ed1_4d5b_bc3e_eeb32580b391
2025-08-12 14:57:18,214 INFO  [org.apa.kaf.cli.Metadata] (kafka-producer-network-thread | Producer-topic-e7b655c5_9ed1_4d5b_bc3e_eeb32580b391) [Producer clientId=Producer-topic-e7b655c5_9ed1_4d5b_bc3e_eeb32580b391] Cluster ID: 0yZUVcJRR-Oeoz-b4JS1zQ
2025-08-12 14:57:18,216 INFO  [org.apa.kaf.cli.pro.int.TransactionManager] (kafka-producer-network-thread | Producer-topic-e7b655c5_9ed1_4d5b_bc3e_eeb32580b391) [Producer clientId=Producer-topic-e7b655c5_9ed1_4d5b_bc3e_eeb32580b391] ProducerId set to 25 with epoch 0
2025-08-12 14:57:18,220 WARN  [org.apa.kaf.cli.NetworkClient] (kafka-producer-network-thread | Producer-topic-e7b655c5_9ed1_4d5b_bc3e_eeb32580b391) [Producer clientId=Producer-topic-e7b655c5_9ed1_4d5b_bc3e_eeb32580b391] The metadata response from the cluster reported a recoverable issue with correlation id 4 : {topic-e7b655c5_9ed1_4d5b_bc3e_eeb32580b391=UNKNOWN_TOPIC_OR_PARTITION}
2025-08-12 14:57:18,466 INFO  [io.api.tes.ser.api.KafkaSerdesTester] (Thread-741) Sending message {"key11755010638196": "value-1"} to topic topic-e7b655c5_9ed1_4d5b_bc3e_eeb32580b391
2025-08-12 14:57:18,468 INFO  [io.api.tes.ser.api.KafkaSerdesTester] (Thread-741) Sending message {"key11755010638196": "value-2"} to topic topic-e7b655c5_9ed1_4d5b_bc3e_eeb32580b391
2025-08-12 14:57:18,470 INFO  [io.api.tes.ser.api.KafkaSerdesTester] (Thread-741) Sending message {"key11755010638196": "value-3"} to topic topic-e7b655c5_9ed1_4d5b_bc3e_eeb32580b391
2025-08-12 14:57:18,472 INFO  [io.api.tes.ser.api.KafkaSerdesTester] (Thread-741) Sending message {"key11755010638196": "value-4"} to topic topic-e7b655c5_9ed1_4d5b_bc3e_eeb32580b391
2025-08-12 14:57:18,475 INFO  [io.api.tes.ser.api.KafkaSerdesTester] (Thread-741) Sending message {"key11755010638196": "value-5"} to topic topic-e7b655c5_9ed1_4d5b_bc3e_eeb32580b391
2025-08-12 14:57:18,477 INFO  [io.api.tes.ser.api.KafkaSerdesTester] (Thread-741) Sending message {"key11755010638196": "value-6"} to topic topic-e7b655c5_9ed1_4d5b_bc3e_eeb32580b391
2025-08-12 14:57:18,482 INFO  [io.api.tes.ser.api.KafkaSerdesTester] (Thread-741) Sending message {"key11755010638196": "value-7"} to topic topic-e7b655c5_9ed1_4d5b_bc3e_eeb32580b391
2025-08-12 14:57:18,485 INFO  [io.api.tes.ser.api.KafkaSerdesTester] (Thread-741) Sending message {"key11755010638196": "value-8"} to topic topic-e7b655c5_9ed1_4d5b_bc3e_eeb32580b391
2025-08-12 14:57:18,486 INFO  [io.api.tes.ser.api.KafkaSerdesTester] (Thread-741) Sending message {"key11755010638196": "value-9"} to topic topic-e7b655c5_9ed1_4d5b_bc3e_eeb32580b391
2025-08-12 14:57:18,490 INFO  [io.api.tes.ser.api.KafkaSerdesTester] (Thread-741) Produced 10 messages
2025-08-12 14:57:18,490 INFO  [org.apa.kaf.cli.pro.KafkaProducer] (Thread-741) [Producer clientId=Producer-topic-e7b655c5_9ed1_4d5b_bc3e_eeb32580b391] Closing the Kafka producer with timeoutMillis = 9223372036854775807 ms.
2025-08-12 14:57:18,492 INFO  [org.apa.kaf.com.met.Metrics] (Thread-741) Metrics scheduler closed
2025-08-12 14:57:18,492 INFO  [org.apa.kaf.com.met.Metrics] (Thread-741) Closing reporter org.apache.kafka.common.metrics.JmxReporter
2025-08-12 14:57:18,492 INFO  [org.apa.kaf.com.met.Metrics] (Thread-741) Closing reporter org.apache.kafka.common.telemetry.internals.ClientTelemetryReporter
2025-08-12 14:57:18,492 INFO  [org.apa.kaf.com.met.Metrics] (Thread-741) Metrics reporters closed
2025-08-12 14:57:18,493 INFO  [org.apa.kaf.com.uti.AppInfoParser] (Thread-741) App info kafka.producer for Producer-topic-e7b655c5_9ed1_4d5b_bc3e_eeb32580b391 unregistered
**** Registry Base URL: http://registry-app-ksql043.apps.ci419.apicurio-testing.org:80
2025-08-12 14:57:18,566 INFO  [org.apa.kaf.cli.con.ConsumerConfig] (main) ConsumerConfig values: 
	allow.auto.create.topics = true
	auto.commit.interval.ms = 500
	auto.include.jmx.reporter = true
	auto.offset.reset = earliest
	bootstrap.servers = [PLAINTEXT://localhost:32769]
	check.crcs = true
	client.dns.lookup = use_all_dns_ips
	client.id = consumer-Consumer-topic-e7b655c5_9ed1_4d5b_bc3e_eeb32580b391-18
	client.rack = 
	connections.max.idle.ms = 10000
	default.api.timeout.ms = 60000
	enable.auto.commit = true
	enable.metrics.push = true
	exclude.internal.topics = true
	fetch.max.bytes = 52428800
	fetch.max.wait.ms = 500
	fetch.min.bytes = 1
	group.id = Consumer-topic-e7b655c5_9ed1_4d5b_bc3e_eeb32580b391
	group.instance.id = null
	group.protocol = classic
	group.remote.assignor = null
	heartbeat.interval.ms = 3000
	interceptor.classes = []
	internal.leave.group.on.close = true
	internal.throw.on.fetch.stable.offset.unsupported = false
	isolation.level = read_uncommitted
	key.deserializer = class org.apache.kafka.common.serialization.StringDeserializer
	max.partition.fetch.bytes = 1048576
	max.poll.interval.ms = 300000
	max.poll.records = 500
	metadata.max.age.ms = 300000
	metadata.recovery.strategy = none
	metric.reporters = []
	metrics.num.samples = 2
	metrics.recording.level = INFO
	metrics.sample.window.ms = 30000
	partition.assignment.strategy = [class org.apache.kafka.clients.consumer.RangeAssignor, class org.apache.kafka.clients.consumer.CooperativeStickyAssignor]
	receive.buffer.bytes = 65536
	reconnect.backoff.max.ms = 1000
	reconnect.backoff.ms = 50
	request.timeout.ms = 5000
	retry.backoff.max.ms = 1000
	retry.backoff.ms = 100
	sasl.client.callback.handler.class = null
	sasl.jaas.config = null
	sasl.kerberos.kinit.cmd = /usr/bin/kinit
	sasl.kerberos.min.time.before.relogin = 60000
	sasl.kerberos.service.name = null
	sasl.kerberos.ticket.renew.jitter = 0.05
	sasl.kerberos.ticket.renew.window.factor = 0.8
	sasl.login.callback.handler.class = null
	sasl.login.class = null
	sasl.login.connect.timeout.ms = null
	sasl.login.read.timeout.ms = null
	sasl.login.refresh.buffer.seconds = 300
	sasl.login.refresh.min.period.seconds = 60
	sasl.login.refresh.window.factor = 0.8
	sasl.login.refresh.window.jitter = 0.05
	sasl.login.retry.backoff.max.ms = 10000
	sasl.login.retry.backoff.ms = 100
	sasl.mechanism = GSSAPI
	sasl.oauthbearer.clock.skew.seconds = 30
	sasl.oauthbearer.expected.audience = null
	sasl.oauthbearer.expected.issuer = null
	sasl.oauthbearer.header.urlencode = false
	sasl.oauthbearer.jwks.endpoint.refresh.ms = 3600000
	sasl.oauthbearer.jwks.endpoint.retry.backoff.max.ms = 10000
	sasl.oauthbearer.jwks.endpoint.retry.backoff.ms = 100
	sasl.oauthbearer.jwks.endpoint.url = null
	sasl.oauthbearer.scope.claim.name = scope
	sasl.oauthbearer.sub.claim.name = sub
	sasl.oauthbearer.token.endpoint.url = null
	security.protocol = PLAINTEXT
	security.providers = null
	send.buffer.bytes = 131072
	session.timeout.ms = 45000
	socket.connection.setup.timeout.max.ms = 30000
	socket.connection.setup.timeout.ms = 10000
	ssl.cipher.suites = null
	ssl.enabled.protocols = [TLSv1.2, TLSv1.3]
	ssl.endpoint.identification.algorithm = https
	ssl.engine.factory.class = null
	ssl.key.password = null
	ssl.keymanager.algorithm = SunX509
	ssl.keystore.certificate.chain = null
	ssl.keystore.key = null
	ssl.keystore.location = null
	ssl.keystore.password = null
	ssl.keystore.type = JKS
	ssl.protocol = TLSv1.3
	ssl.provider = null
	ssl.secure.random.implementation = null
	ssl.trustmanager.algorithm = PKIX
	ssl.truststore.certificates = null
	ssl.truststore.location = null
	ssl.truststore.password = null
	ssl.truststore.type = JKS
	value.deserializer = class io.apicurio.registry.serde.avro.AvroKafkaDeserializer

2025-08-12 14:57:18,566 INFO  [org.apa.kaf.com.tel.int.KafkaMetricsCollector] (main) initializing Kafka metrics collector
2025-08-12 14:57:18,572 INFO  [org.apa.kaf.cli.con.ConsumerConfig] (main) These configurations '[apicurio.registry.url, apicurio.registry.use-id]' were supplied but are not used yet.
2025-08-12 14:57:18,572 INFO  [org.apa.kaf.com.uti.AppInfoParser] (main) Kafka version: 3.9.1
2025-08-12 14:57:18,572 INFO  [org.apa.kaf.com.uti.AppInfoParser] (main) Kafka commitId: f745dfdcee2b9851
2025-08-12 14:57:18,572 INFO  [org.apa.kaf.com.uti.AppInfoParser] (main) Kafka startTimeMs: 1755010638572
2025-08-12 14:57:18,572 INFO  [org.apa.kaf.cli.con.int.ClassicKafkaConsumer] (Thread-744) [Consumer clientId=consumer-Consumer-topic-e7b655c5_9ed1_4d5b_bc3e_eeb32580b391-18, groupId=Consumer-topic-e7b655c5_9ed1_4d5b_bc3e_eeb32580b391] Subscribed to topic(s): topic-e7b655c5_9ed1_4d5b_bc3e_eeb32580b391
2025-08-12 14:57:18,576 INFO  [org.apa.kaf.cli.Metadata] (Thread-744) [Consumer clientId=consumer-Consumer-topic-e7b655c5_9ed1_4d5b_bc3e_eeb32580b391-18, groupId=Consumer-topic-e7b655c5_9ed1_4d5b_bc3e_eeb32580b391] Cluster ID: 0yZUVcJRR-Oeoz-b4JS1zQ
2025-08-12 14:57:18,577 INFO  [org.apa.kaf.cli.con.int.ConsumerCoordinator] (Thread-744) [Consumer clientId=consumer-Consumer-topic-e7b655c5_9ed1_4d5b_bc3e_eeb32580b391-18, groupId=Consumer-topic-e7b655c5_9ed1_4d5b_bc3e_eeb32580b391] Discovered group coordinator localhost:32769 (id: 2147483647 rack: null)
2025-08-12 14:57:18,580 INFO  [org.apa.kaf.cli.con.int.ConsumerCoordinator] (Thread-744) [Consumer clientId=consumer-Consumer-topic-e7b655c5_9ed1_4d5b_bc3e_eeb32580b391-18, groupId=Consumer-topic-e7b655c5_9ed1_4d5b_bc3e_eeb32580b391] (Re-)joining group
2025-08-12 14:57:18,582 INFO  [org.apa.kaf.cli.con.int.ConsumerCoordinator] (Thread-744) [Consumer clientId=consumer-Consumer-topic-e7b655c5_9ed1_4d5b_bc3e_eeb32580b391-18, groupId=Consumer-topic-e7b655c5_9ed1_4d5b_bc3e_eeb32580b391] Request joining group due to: need to re-join with the given member-id: consumer-Consumer-topic-e7b655c5_9ed1_4d5b_bc3e_eeb32580b391-18-e6214ac2-5080-499a-b832-0b06f389e0f0
2025-08-12 14:57:18,582 INFO  [org.apa.kaf.cli.con.int.ConsumerCoordinator] (Thread-744) [Consumer clientId=consumer-Consumer-topic-e7b655c5_9ed1_4d5b_bc3e_eeb32580b391-18, groupId=Consumer-topic-e7b655c5_9ed1_4d5b_bc3e_eeb32580b391] (Re-)joining group
2025-08-12 14:57:19,572 INFO  [io.api.tes.ser.api.KafkaSerdesTester] (Thread-744) None found
2025-08-12 14:57:20,572 INFO  [io.api.tes.ser.api.KafkaSerdesTester] (Thread-744) None found
2025-08-12 14:57:21,572 INFO  [io.api.tes.ser.api.KafkaSerdesTester] (Thread-744) None found
2025-08-12 14:57:21,583 INFO  [org.apa.kaf.cli.con.int.ConsumerCoordinator] (Thread-744) [Consumer clientId=consumer-Consumer-topic-e7b655c5_9ed1_4d5b_bc3e_eeb32580b391-18, groupId=Consumer-topic-e7b655c5_9ed1_4d5b_bc3e_eeb32580b391] Successfully joined group with generation Generation{generationId=1, memberId='consumer-Consumer-topic-e7b655c5_9ed1_4d5b_bc3e_eeb32580b391-18-e6214ac2-5080-499a-b832-0b06f389e0f0', protocol='range'}
2025-08-12 14:57:21,583 INFO  [org.apa.kaf.cli.con.int.ConsumerCoordinator] (Thread-744) [Consumer clientId=consumer-Consumer-topic-e7b655c5_9ed1_4d5b_bc3e_eeb32580b391-18, groupId=Consumer-topic-e7b655c5_9ed1_4d5b_bc3e_eeb32580b391] Finished assignment for group at generation 1: {consumer-Consumer-topic-e7b655c5_9ed1_4d5b_bc3e_eeb32580b391-18-e6214ac2-5080-499a-b832-0b06f389e0f0=Assignment(partitions=[topic-e7b655c5_9ed1_4d5b_bc3e_eeb32580b391-0])}
2025-08-12 14:57:21,589 INFO  [org.apa.kaf.cli.con.int.ConsumerCoordinator] (Thread-744) [Consumer clientId=consumer-Consumer-topic-e7b655c5_9ed1_4d5b_bc3e_eeb32580b391-18, groupId=Consumer-topic-e7b655c5_9ed1_4d5b_bc3e_eeb32580b391] Successfully synced group in generation Generation{generationId=1, memberId='consumer-Consumer-topic-e7b655c5_9ed1_4d5b_bc3e_eeb32580b391-18-e6214ac2-5080-499a-b832-0b06f389e0f0', protocol='range'}
2025-08-12 14:57:21,590 INFO  [org.apa.kaf.cli.con.int.ConsumerCoordinator] (Thread-744) [Consumer clientId=consumer-Consumer-topic-e7b655c5_9ed1_4d5b_bc3e_eeb32580b391-18, groupId=Consumer-topic-e7b655c5_9ed1_4d5b_bc3e_eeb32580b391] Notifying assignor about the new Assignment(partitions=[topic-e7b655c5_9ed1_4d5b_bc3e_eeb32580b391-0])
2025-08-12 14:57:21,590 INFO  [org.apa.kaf.cli.con.int.ConsumerRebalanceListenerInvoker] (Thread-744) [Consumer clientId=consumer-Consumer-topic-e7b655c5_9ed1_4d5b_bc3e_eeb32580b391-18, groupId=Consumer-topic-e7b655c5_9ed1_4d5b_bc3e_eeb32580b391] Adding newly assigned partitions: topic-e7b655c5_9ed1_4d5b_bc3e_eeb32580b391-0
2025-08-12 14:57:21,590 INFO  [org.apa.kaf.cli.con.int.ConsumerCoordinator] (Thread-744) [Consumer clientId=consumer-Consumer-topic-e7b655c5_9ed1_4d5b_bc3e_eeb32580b391-18, groupId=Consumer-topic-e7b655c5_9ed1_4d5b_bc3e_eeb32580b391] Found no committed offset for partition topic-e7b655c5_9ed1_4d5b_bc3e_eeb32580b391-0
2025-08-12 14:57:21,593 INFO  [org.apa.kaf.cli.con.int.SubscriptionState] (Thread-744) [Consumer clientId=consumer-Consumer-topic-e7b655c5_9ed1_4d5b_bc3e_eeb32580b391-18, groupId=Consumer-topic-e7b655c5_9ed1_4d5b_bc3e_eeb32580b391] Resetting offset for partition topic-e7b655c5_9ed1_4d5b_bc3e_eeb32580b391-0 to position FetchPosition{offset=0, offsetEpoch=Optional.empty, currentLeader=LeaderAndEpoch{leader=Optional[localhost:32769 (id: 0 rack: null)], epoch=0}}.
2025-08-12 14:57:21,694 INFO  [io.api.tes.ser.api.KafkaSerdesTester] (Thread-744) topic-e7b655c5_9ed1_4d5b_bc3e_eeb32580b391 0 0 {"key11755010638196": "value-0"}
2025-08-12 14:57:21,694 INFO  [io.api.tes.ser.api.KafkaSerdesTester] (Thread-744) topic-e7b655c5_9ed1_4d5b_bc3e_eeb32580b391 0 1 {"key11755010638196": "value-1"}
2025-08-12 14:57:21,694 INFO  [io.api.tes.ser.api.KafkaSerdesTester] (Thread-744) topic-e7b655c5_9ed1_4d5b_bc3e_eeb32580b391 0 2 {"key11755010638196": "value-2"}
2025-08-12 14:57:21,694 INFO  [io.api.tes.ser.api.KafkaSerdesTester] (Thread-744) topic-e7b655c5_9ed1_4d5b_bc3e_eeb32580b391 0 3 {"key11755010638196": "value-3"}
2025-08-12 14:57:21,694 INFO  [io.api.tes.ser.api.KafkaSerdesTester] (Thread-744) topic-e7b655c5_9ed1_4d5b_bc3e_eeb32580b391 0 4 {"key11755010638196": "value-4"}
2025-08-12 14:57:21,694 INFO  [io.api.tes.ser.api.KafkaSerdesTester] (Thread-744) topic-e7b655c5_9ed1_4d5b_bc3e_eeb32580b391 0 5 {"key11755010638196": "value-5"}
2025-08-12 14:57:21,694 INFO  [io.api.tes.ser.api.KafkaSerdesTester] (Thread-744) topic-e7b655c5_9ed1_4d5b_bc3e_eeb32580b391 0 6 {"key11755010638196": "value-6"}
2025-08-12 14:57:21,694 INFO  [io.api.tes.ser.api.KafkaSerdesTester] (Thread-744) topic-e7b655c5_9ed1_4d5b_bc3e_eeb32580b391 0 7 {"key11755010638196": "value-7"}
2025-08-12 14:57:21,694 INFO  [io.api.tes.ser.api.KafkaSerdesTester] (Thread-744) topic-e7b655c5_9ed1_4d5b_bc3e_eeb32580b391 0 8 {"key11755010638196": "value-8"}
2025-08-12 14:57:21,694 INFO  [io.api.tes.ser.api.KafkaSerdesTester] (Thread-744) topic-e7b655c5_9ed1_4d5b_bc3e_eeb32580b391 0 9 {"key11755010638196": "value-9"}
2025-08-12 14:57:21,694 INFO  [io.api.tes.ser.api.KafkaSerdesTester] (Thread-744) Consumed 10 messages
2025-08-12 14:57:21,701 INFO  [org.apa.kaf.cli.con.int.ConsumerRebalanceListenerInvoker] (Thread-744) [Consumer clientId=consumer-Consumer-topic-e7b655c5_9ed1_4d5b_bc3e_eeb32580b391-18, groupId=Consumer-topic-e7b655c5_9ed1_4d5b_bc3e_eeb32580b391] Revoke previously assigned partitions topic-e7b655c5_9ed1_4d5b_bc3e_eeb32580b391-0
2025-08-12 14:57:21,701 INFO  [org.apa.kaf.cli.con.int.ConsumerCoordinator] (Thread-744) [Consumer clientId=consumer-Consumer-topic-e7b655c5_9ed1_4d5b_bc3e_eeb32580b391-18, groupId=Consumer-topic-e7b655c5_9ed1_4d5b_bc3e_eeb32580b391] Member consumer-Consumer-topic-e7b655c5_9ed1_4d5b_bc3e_eeb32580b391-18-e6214ac2-5080-499a-b832-0b06f389e0f0 sending LeaveGroup request to coordinator localhost:32769 (id: 2147483647 rack: null) due to the consumer is being closed
2025-08-12 14:57:21,701 INFO  [org.apa.kaf.cli.con.int.ConsumerCoordinator] (Thread-744) [Consumer clientId=consumer-Consumer-topic-e7b655c5_9ed1_4d5b_bc3e_eeb32580b391-18, groupId=Consumer-topic-e7b655c5_9ed1_4d5b_bc3e_eeb32580b391] Resetting generation and member id due to: consumer pro-actively leaving the group
2025-08-12 14:57:21,701 INFO  [org.apa.kaf.cli.con.int.ConsumerCoordinator] (Thread-744) [Consumer clientId=consumer-Consumer-topic-e7b655c5_9ed1_4d5b_bc3e_eeb32580b391-18, groupId=Consumer-topic-e7b655c5_9ed1_4d5b_bc3e_eeb32580b391] Request joining group due to: consumer pro-actively leaving the group
2025-08-12 14:57:22,197 INFO  [org.apa.kaf.com.met.Metrics] (Thread-744) Metrics scheduler closed
2025-08-12 14:57:22,197 INFO  [org.apa.kaf.com.met.Metrics] (Thread-744) Closing reporter org.apache.kafka.common.metrics.JmxReporter
2025-08-12 14:57:22,197 INFO  [org.apa.kaf.com.met.Metrics] (Thread-744) Closing reporter org.apache.kafka.common.telemetry.internals.ClientTelemetryReporter
2025-08-12 14:57:22,197 INFO  [org.apa.kaf.com.met.Metrics] (Thread-744) Metrics reporters closed
2025-08-12 14:57:22,198 INFO  [org.apa.kaf.com.uti.AppInfoParser] (Thread-744) App info kafka.consumer for consumer-Consumer-topic-e7b655c5_9ed1_4d5b_bc3e_eeb32580b391-18 unregistered
2025-08-12 14:57:22,199 INFO  [io.api.tes.uti.TestSeparator] (main) io.apicurio.tests.serdes.apicurio.AvroSerdeIT.testGlobalIdInBody-FINISHED
2025-08-12 14:57:22,199 INFO  [io.api.tes.uti.TestSeparator] (main) ############################################################################
Test passed: testGlobalIdInBody
]]></system-out>
  </testcase>
  <testcase name="testProducerUsesGlobalIdConsumerUsesDefault" classname="io.apicurio.tests.serdes.apicurio.AvroSerdeIT" time="0.0">
    <skipped message="void io.apicurio.tests.serdes.apicurio.AvroSerdeIT.testProducerUsesGlobalIdConsumerUsesDefault() throws java.lang.Exception is @Disabled"/>
  </testcase>
</testsuite>