<?xml version="1.0" encoding="UTF-8"?>
<testsuite xmlns:xsi="http://www.w3.org/2001/XMLSchema-instance" xsi:noNamespaceSchemaLocation="https://maven.apache.org/surefire/maven-failsafe-plugin/xsd/failsafe-test-report.xsd" version="3.0.2" name="io.apicurio.tests.serdes.apicurio.AvroSerdeIT" time="103.003" tests="21" errors="0" skipped="2" failures="0">
  <properties>
    <property name="java.specification.version" value="17"/>
    <property name="sun.jnu.encoding" value="UTF-8"/>
    <property name="java.class.path" value="/home/runner/work/apicurio-testing/apicurio-testing/clusters/ci419/namespaces/ksql047/tests/integration/apicurio-registry/integration-tests/target/test-classes:/home/runner/work/apicurio-testing/apicurio-testing/clusters/ci419/namespaces/ksql047/tests/integration/apicurio-registry/integration-tests/target/apicurio-registry-integration-tests-3.0.12-SNAPSHOT.jar:/home/runner/.m2/repository/io/quarkus/quarkus-junit5/3.20.2/quarkus-junit5-3.20.2.jar:/home/runner/.m2/repository/io/quarkus/quarkus-bootstrap-core/3.20.2/quarkus-bootstrap-core-3.20.2.jar:/home/runner/.m2/repository/io/quarkus/quarkus-classloader-commons/3.20.2/quarkus-classloader-commons-3.20.2.jar:/home/runner/.m2/repository/io/quarkus/quarkus-bootstrap-app-model/3.20.2/quarkus-bootstrap-app-model-3.20.2.jar:/home/runner/.m2/repository/io/smallrye/common/smallrye-common-io/2.12.0/smallrye-common-io-2.12.0.jar:/home/runner/.m2/repository/org/eclipse/sisu/org.eclipse.sisu.inject/0.9.0.M3/org.eclipse.sisu.inject-0.9.0.M3.jar:/home/runner/.m2/repository/io/quarkus/quarkus-test-common/3.20.2/quarkus-test-common-3.20.2.jar:/home/runner/.m2/repository/io/quarkus/quarkus-core-deployment/3.20.2/quarkus-core-deployment-3.20.2.jar:/home/runner/.m2/repository/org/aesh/readline/2.6/readline-2.6.jar:/home/runner/.m2/repository/org/fusesource/jansi/jansi/2.4.0/jansi-2.4.0.jar:/home/runner/.m2/repository/org/aesh/aesh/2.8.2/aesh-2.8.2.jar:/home/runner/.m2/repository/io/quarkus/gizmo/gizmo/1.8.0/gizmo-1.8.0.jar:/home/runner/.m2/repository/org/ow2/asm/asm-util/9.7.1/asm-util-9.7.1.jar:/home/runner/.m2/repository/org/ow2/asm/asm-analysis/9.7.1/asm-analysis-9.7.1.jar:/home/runner/.m2/repository/org/ow2/asm/asm-commons/9.7.1/asm-commons-9.7.1.jar:/home/runner/.m2/repository/org/ow2/asm/asm-tree/9.7.1/asm-tree-9.7.1.jar:/home/runner/.m2/repository/io/quarkus/quarkus-hibernate-validator-spi/3.20.2/quarkus-hibernate-validator-spi-3.20.2.jar:/home/runner/.m2/repository/io/quarkus/quarkus-class-change-agent/3.20.2/quarkus-class-change-agent-3.20.2.jar:/home/runner/.m2/repository/io/quarkus/quarkus-devtools-utilities/3.20.2/quarkus-devtools-utilities-3.20.2.jar:/home/runner/.m2/repository/io/quarkus/quarkus-builder/3.20.2/quarkus-builder-3.20.2.jar:/home/runner/.m2/repository/org/graalvm/sdk/nativeimage/23.1.2/nativeimage-23.1.2.jar:/home/runner/.m2/repository/org/graalvm/sdk/word/23.1.2/word-23.1.2.jar:/home/runner/.m2/repository/io/quarkus/quarkus-bootstrap-maven-resolver/3.20.2/quarkus-bootstrap-maven-resolver-3.20.2.jar:/home/runner/.m2/repository/io/smallrye/beanbag/smallrye-beanbag-maven/1.5.2/smallrye-beanbag-maven-1.5.2.jar:/home/runner/.m2/repository/io/smallrye/beanbag/smallrye-beanbag-sisu/1.5.2/smallrye-beanbag-sisu-1.5.2.jar:/home/runner/.m2/repository/io/smallrye/beanbag/smallrye-beanbag/1.5.2/smallrye-beanbag-1.5.2.jar:/home/runner/.m2/repository/javax/inject/javax.inject/1/javax.inject-1.jar:/home/runner/.m2/repository/org/apache/maven/maven-artifact/3.9.9/maven-artifact-3.9.9.jar:/home/runner/.m2/repository/org/apache/maven/maven-builder-support/3.9.9/maven-builder-support-3.9.9.jar:/home/runner/.m2/repository/org/apache/maven/maven-model/3.9.9/maven-model-3.9.9.jar:/home/runner/.m2/repository/org/apache/maven/maven-model-builder/3.9.9/maven-model-builder-3.9.9.jar:/home/runner/.m2/repository/org/apache/maven/maven-repository-metadata/3.9.9/maven-repository-metadata-3.9.9.jar:/home/runner/.m2/repository/org/apache/maven/maven-settings/3.9.9/maven-settings-3.9.9.jar:/home/runner/.m2/repository/org/apache/maven/resolver/maven-resolver-api/1.9.22/maven-resolver-api-1.9.22.jar:/home/runner/.m2/repository/org/apache/maven/resolver/maven-resolver-impl/1.9.22/maven-resolver-impl-1.9.22.jar:/home/runner/.m2/repository/org/apache/maven/resolver/maven-resolver-named-locks/1.9.22/maven-resolver-named-locks-1.9.22.jar:/home/runner/.m2/repository/org/apache/maven/resolver/maven-resolver-spi/1.9.22/maven-resolver-spi-1.9.22.jar:/home/runner/.m2/repository/org/apache/maven/resolver/maven-resolver-util/1.9.22/maven-resolver-util-1.9.22.jar:/home/runner/.m2/repository/org/apache/maven/resolver/maven-resolver-transport-http/1.9.20/maven-resolver-transport-http-1.9.20.jar:/home/runner/.m2/repository/org/apache/maven/wagon/wagon-provider-api/3.5.3/wagon-provider-api-3.5.3.jar:/home/runner/.m2/repository/org/apache/maven/wagon/wagon-http-shared/3.5.3/wagon-http-shared-3.5.3.jar:/home/runner/.m2/repository/org/codehaus/plexus/plexus-interpolation/1.26/plexus-interpolation-1.26.jar:/home/runner/.m2/repository/org/codehaus/plexus/plexus-utils/3.5.1/plexus-utils-3.5.1.jar:/home/runner/.m2/repository/org/codehaus/plexus/plexus-xml/4.0.1/plexus-xml-4.0.1.jar:/home/runner/.m2/repository/org/apache/maven/maven-xml-impl/4.0.0-alpha-5/maven-xml-impl-4.0.0-alpha-5.jar:/home/runner/.m2/repository/org/apache/maven/maven-api-xml/4.0.0-alpha-5/maven-api-xml-4.0.0-alpha-5.jar:/home/runner/.m2/repository/org/apache/maven/maven-api-meta/4.0.0-alpha-5/maven-api-meta-4.0.0-alpha-5.jar:/home/runner/.m2/repository/org/codehaus/plexus/plexus-cipher/2.0/plexus-cipher-2.0.jar:/home/runner/.m2/repository/org/codehaus/plexus/plexus-sec-dispatcher/2.0/plexus-sec-dispatcher-2.0.jar:/home/runner/.m2/repository/org/apache/maven/maven-embedder/3.9.9/maven-embedder-3.9.9.jar:/home/runner/.m2/repository/org/apache/maven/maven-core/3.9.9/maven-core-3.9.9.jar:/home/runner/.m2/repository/org/codehaus/plexus/plexus-component-annotations/2.1.0/plexus-component-annotations-2.1.0.jar:/home/runner/.m2/repository/org/apache/maven/maven-plugin-api/3.9.9/maven-plugin-api-3.9.9.jar:/home/runner/.m2/repository/org/apache/maven/shared/maven-shared-utils/3.4.2/maven-shared-utils-3.4.2.jar:/home/runner/.m2/repository/com/google/inject/guice/5.1.0/guice-5.1.0.jar:/home/runner/.m2/repository/aopalliance/aopalliance/1.0/aopalliance-1.0.jar:/home/runner/.m2/repository/org/codehaus/plexus/plexus-classworlds/2.6.0/plexus-classworlds-2.6.0.jar:/home/runner/.m2/repository/commons-cli/commons-cli/1.8.0/commons-cli-1.8.0.jar:/home/runner/.m2/repository/org/eclipse/sisu/org.eclipse.sisu.plexus/0.9.0.M3/org.eclipse.sisu.plexus-0.9.0.M3.jar:/home/runner/.m2/repository/org/apache/maven/maven-settings-builder/3.9.9/maven-settings-builder-3.9.9.jar:/home/runner/.m2/repository/org/apache/maven/maven-resolver-provider/3.9.9/maven-resolver-provider-3.9.9.jar:/home/runner/.m2/repository/org/apache/maven/resolver/maven-resolver-connector-basic/1.9.22/maven-resolver-connector-basic-1.9.22.jar:/home/runner/.m2/repository/org/apache/maven/resolver/maven-resolver-transport-wagon/1.9.22/maven-resolver-transport-wagon-1.9.22.jar:/home/runner/.m2/repository/org/apache/maven/wagon/wagon-http/3.5.3/wagon-http-3.5.3.jar:/home/runner/.m2/repository/org/apache/maven/wagon/wagon-file/3.5.3/wagon-file-3.5.3.jar:/home/runner/.m2/repository/io/quarkus/quarkus-bootstrap-gradle-resolver/3.20.2/quarkus-bootstrap-gradle-resolver-3.20.2.jar:/home/runner/.m2/repository/io/smallrye/jandex/3.3.0/jandex-3.3.0.jar:/home/runner/.m2/repository/org/jboss/logging/commons-logging-jboss-logging/1.0.0.Final/commons-logging-jboss-logging-1.0.0.Final.jar:/home/runner/.m2/repository/io/quarkus/quarkus-junit5-config/3.20.2/quarkus-junit5-config-3.20.2.jar:/home/runner/.m2/repository/org/junit/jupiter/junit-jupiter-api/5.12.1/junit-jupiter-api-5.12.1.jar:/home/runner/.m2/repository/io/smallrye/config/smallrye-config/3.11.4/smallrye-config-3.11.4.jar:/home/runner/.m2/repository/io/smallrye/config/smallrye-config-core/3.11.4/smallrye-config-core-3.11.4.jar:/home/runner/.m2/repository/io/smallrye/common/smallrye-common-classloader/2.12.0/smallrye-common-classloader-2.12.0.jar:/home/runner/.m2/repository/io/smallrye/config/smallrye-config-common/3.11.4/smallrye-config-common-3.11.4.jar:/home/runner/.m2/repository/org/junit/jupiter/junit-jupiter/5.12.1/junit-jupiter-5.12.1.jar:/home/runner/.m2/repository/org/junit/jupiter/junit-jupiter-params/5.12.1/junit-jupiter-params-5.12.1.jar:/home/runner/.m2/repository/org/junit/jupiter/junit-jupiter-engine/5.12.1/junit-jupiter-engine-5.12.1.jar:/home/runner/.m2/repository/io/quarkus/quarkus-core/3.20.2/quarkus-core-3.20.2.jar:/home/runner/.m2/repository/jakarta/enterprise/jakarta.enterprise.cdi-api/4.1.0/jakarta.enterprise.cdi-api-4.1.0.jar:/home/runner/.m2/repository/jakarta/enterprise/jakarta.enterprise.lang-model/4.1.0/jakarta.enterprise.lang-model-4.1.0.jar:/home/runner/.m2/repository/jakarta/el/jakarta.el-api/5.0.1/jakarta.el-api-5.0.1.jar:/home/runner/.m2/repository/jakarta/interceptor/jakarta.interceptor-api/2.2.0/jakarta.interceptor-api-2.2.0.jar:/home/runner/.m2/repository/jakarta/inject/jakarta.inject-api/2.0.1/jakarta.inject-api-2.0.1.jar:/home/runner/.m2/repository/io/smallrye/common/smallrye-common-os/2.12.0/smallrye-common-os-2.12.0.jar:/home/runner/.m2/repository/io/quarkus/quarkus-ide-launcher/3.20.2/quarkus-ide-launcher-3.20.2.jar:/home/runner/.m2/repository/io/quarkus/quarkus-development-mode-spi/3.20.2/quarkus-development-mode-spi-3.20.2.jar:/home/runner/.m2/repository/org/jboss/logging/jboss-logging/3.6.1.Final/jboss-logging-3.6.1.Final.jar:/home/runner/.m2/repository/org/jboss/logmanager/jboss-logmanager/3.1.2.Final/jboss-logmanager-3.1.2.Final.jar:/home/runner/.m2/repository/io/smallrye/common/smallrye-common-constraint/2.12.0/smallrye-common-constraint-2.12.0.jar:/home/runner/.m2/repository/io/smallrye/common/smallrye-common-cpu/2.12.0/smallrye-common-cpu-2.12.0.jar:/home/runner/.m2/repository/io/smallrye/common/smallrye-common-expression/2.12.0/smallrye-common-expression-2.12.0.jar:/home/runner/.m2/repository/io/smallrye/common/smallrye-common-net/2.12.0/smallrye-common-net-2.12.0.jar:/home/runner/.m2/repository/io/smallrye/common/smallrye-common-ref/2.12.0/smallrye-common-ref-2.12.0.jar:/home/runner/.m2/repository/jakarta/json/jakarta.json-api/2.1.3/jakarta.json-api-2.1.3.jar:/home/runner/.m2/repository/org/eclipse/parsson/parsson/1.1.7/parsson-1.1.7.jar:/home/runner/.m2/repository/org/jboss/logging/jboss-logging-annotations/3.0.4.Final/jboss-logging-annotations-3.0.4.Final.jar:/home/runner/.m2/repository/org/jboss/threads/jboss-threads/3.8.0.Final/jboss-threads-3.8.0.Final.jar:/home/runner/.m2/repository/io/smallrye/common/smallrye-common-annotation/2.12.0/smallrye-common-annotation-2.12.0.jar:/home/runner/.m2/repository/io/smallrye/common/smallrye-common-function/2.12.0/smallrye-common-function-2.12.0.jar:/home/runner/.m2/repository/org/jboss/slf4j/slf4j-jboss-logmanager/2.0.0.Final/slf4j-jboss-logmanager-2.0.0.Final.jar:/home/runner/.m2/repository/org/wildfly/common/wildfly-common/2.0.1/wildfly-common-2.0.1.jar:/home/runner/.m2/repository/io/quarkus/quarkus-bootstrap-runner/3.20.2/quarkus-bootstrap-runner-3.20.2.jar:/home/runner/.m2/repository/io/github/crac/org-crac/0.1.3/org-crac-0.1.3.jar:/home/runner/.m2/repository/io/quarkus/quarkus-fs-util/0.0.10/quarkus-fs-util-0.0.10.jar:/home/runner/.m2/repository/org/jboss/marshalling/jboss-marshalling/2.2.2.Final/jboss-marshalling-2.2.2.Final.jar:/home/runner/.m2/repository/io/fabric8/kubernetes-client/7.1.0/kubernetes-client-7.1.0.jar:/home/runner/.m2/repository/io/fabric8/kubernetes-client-api/7.1.0/kubernetes-client-api-7.1.0.jar:/home/runner/.m2/repository/io/fabric8/kubernetes-model-core/7.1.0/kubernetes-model-core-7.1.0.jar:/home/runner/.m2/repository/io/fabric8/kubernetes-model-common/7.1.0/kubernetes-model-common-7.1.0.jar:/home/runner/.m2/repository/javax/annotation/javax.annotation-api/1.3.2/javax.annotation-api-1.3.2.jar:/home/runner/.m2/repository/io/fabric8/kubernetes-model-gatewayapi/7.1.0/kubernetes-model-gatewayapi-7.1.0.jar:/home/runner/.m2/repository/io/fabric8/kubernetes-model-resource/7.1.0/kubernetes-model-resource-7.1.0.jar:/home/runner/.m2/repository/io/fabric8/kubernetes-model-rbac/7.1.0/kubernetes-model-rbac-7.1.0.jar:/home/runner/.m2/repository/io/fabric8/kubernetes-model-admissionregistration/7.1.0/kubernetes-model-admissionregistration-7.1.0.jar:/home/runner/.m2/repository/io/fabric8/kubernetes-model-apps/7.1.0/kubernetes-model-apps-7.1.0.jar:/home/runner/.m2/repository/io/fabric8/kubernetes-model-autoscaling/7.1.0/kubernetes-model-autoscaling-7.1.0.jar:/home/runner/.m2/repository/io/fabric8/kubernetes-model-apiextensions/7.1.0/kubernetes-model-apiextensions-7.1.0.jar:/home/runner/.m2/repository/io/fabric8/kubernetes-model-batch/7.1.0/kubernetes-model-batch-7.1.0.jar:/home/runner/.m2/repository/io/fabric8/kubernetes-model-certificates/7.1.0/kubernetes-model-certificates-7.1.0.jar:/home/runner/.m2/repository/io/fabric8/kubernetes-model-coordination/7.1.0/kubernetes-model-coordination-7.1.0.jar:/home/runner/.m2/repository/io/fabric8/kubernetes-model-discovery/7.1.0/kubernetes-model-discovery-7.1.0.jar:/home/runner/.m2/repository/io/fabric8/kubernetes-model-events/7.1.0/kubernetes-model-events-7.1.0.jar:/home/runner/.m2/repository/io/fabric8/kubernetes-model-extensions/7.1.0/kubernetes-model-extensions-7.1.0.jar:/home/runner/.m2/repository/io/fabric8/kubernetes-model-flowcontrol/7.1.0/kubernetes-model-flowcontrol-7.1.0.jar:/home/runner/.m2/repository/io/fabric8/kubernetes-model-networking/7.1.0/kubernetes-model-networking-7.1.0.jar:/home/runner/.m2/repository/io/fabric8/kubernetes-model-metrics/7.1.0/kubernetes-model-metrics-7.1.0.jar:/home/runner/.m2/repository/io/fabric8/kubernetes-model-policy/7.1.0/kubernetes-model-policy-7.1.0.jar:/home/runner/.m2/repository/io/fabric8/kubernetes-model-scheduling/7.1.0/kubernetes-model-scheduling-7.1.0.jar:/home/runner/.m2/repository/io/fabric8/kubernetes-model-storageclass/7.1.0/kubernetes-model-storageclass-7.1.0.jar:/home/runner/.m2/repository/io/fabric8/kubernetes-model-node/7.1.0/kubernetes-model-node-7.1.0.jar:/home/runner/.m2/repository/org/snakeyaml/snakeyaml-engine/2.9/snakeyaml-engine-2.9.jar:/home/runner/.m2/repository/com/fasterxml/jackson/dataformat/jackson-dataformat-yaml/2.18.2/jackson-dataformat-yaml-2.18.2.jar:/home/runner/.m2/repository/com/fasterxml/jackson/datatype/jackson-datatype-jsr310/2.18.2/jackson-datatype-jsr310-2.18.2.jar:/home/runner/.m2/repository/io/fabric8/zjsonpatch/7.1.0/zjsonpatch-7.1.0.jar:/home/runner/.m2/repository/io/fabric8/kubernetes-httpclient-vertx/7.1.0/kubernetes-httpclient-vertx-7.1.0.jar:/home/runner/.m2/repository/io/vertx/vertx-web-client/4.5.16/vertx-web-client-4.5.16.jar:/home/runner/.m2/repository/io/vertx/vertx-web-common/4.5.16/vertx-web-common-4.5.16.jar:/home/runner/.m2/repository/io/vertx/vertx-auth-common/4.5.16/vertx-auth-common-4.5.16.jar:/home/runner/.m2/repository/io/vertx/vertx-uri-template/4.5.16/vertx-uri-template-4.5.16.jar:/home/runner/.m2/repository/io/fabric8/openshift-client/7.1.0/openshift-client-7.1.0.jar:/home/runner/.m2/repository/io/fabric8/openshift-client-api/7.1.0/openshift-client-api-7.1.0.jar:/home/runner/.m2/repository/io/fabric8/openshift-model/7.1.0/openshift-model-7.1.0.jar:/home/runner/.m2/repository/io/fabric8/openshift-model-autoscaling/7.1.0/openshift-model-autoscaling-7.1.0.jar:/home/runner/.m2/repository/io/fabric8/openshift-model-operator/7.1.0/openshift-model-operator-7.1.0.jar:/home/runner/.m2/repository/io/fabric8/openshift-model-operatorhub/7.1.0/openshift-model-operatorhub-7.1.0.jar:/home/runner/.m2/repository/io/fabric8/openshift-model-machine/7.1.0/openshift-model-machine-7.1.0.jar:/home/runner/.m2/repository/io/fabric8/openshift-model-whereabouts/7.1.0/openshift-model-whereabouts-7.1.0.jar:/home/runner/.m2/repository/io/fabric8/openshift-model-monitoring/7.1.0/openshift-model-monitoring-7.1.0.jar:/home/runner/.m2/repository/io/fabric8/openshift-model-storageversionmigrator/7.1.0/openshift-model-storageversionmigrator-7.1.0.jar:/home/runner/.m2/repository/io/fabric8/openshift-model-tuned/7.1.0/openshift-model-tuned-7.1.0.jar:/home/runner/.m2/repository/io/fabric8/openshift-model-console/7.1.0/openshift-model-console-7.1.0.jar:/home/runner/.m2/repository/io/fabric8/openshift-model-config/7.1.0/openshift-model-config-7.1.0.jar:/home/runner/.m2/repository/io/fabric8/openshift-model-machineconfiguration/7.1.0/openshift-model-machineconfiguration-7.1.0.jar:/home/runner/.m2/repository/io/fabric8/openshift-model-miscellaneous/7.1.0/openshift-model-miscellaneous-7.1.0.jar:/home/runner/.m2/repository/io/fabric8/openshift-model-hive/7.1.0/openshift-model-hive-7.1.0.jar:/home/runner/.m2/repository/io/fabric8/openshift-model-installer/7.1.0/openshift-model-installer-7.1.0.jar:/home/runner/.m2/repository/org/junit/platform/junit-platform-launcher/1.12.1/junit-platform-launcher-1.12.1.jar:/home/runner/.m2/repository/org/junit/platform/junit-platform-engine/1.12.1/junit-platform-engine-1.12.1.jar:/home/runner/.m2/repository/org/opentest4j/opentest4j/1.3.0/opentest4j-1.3.0.jar:/home/runner/.m2/repository/org/junit/platform/junit-platform-commons/1.12.1/junit-platform-commons-1.12.1.jar:/home/runner/.m2/repository/org/apiguardian/apiguardian-api/1.1.2/apiguardian-api-1.1.2.jar:/home/runner/.m2/repository/jakarta/ws/rs/jakarta.ws.rs-api/3.1.0/jakarta.ws.rs-api-3.1.0.jar:/home/runner/work/apicurio-testing/apicurio-testing/clusters/ci419/namespaces/ksql047/tests/integration/apicurio-registry/java-sdk/target/apicurio-registry-java-sdk-3.0.12-SNAPSHOT.jar:/home/runner/.m2/repository/com/microsoft/kiota/microsoft-kiota-abstractions/1.8.9/microsoft-kiota-abstractions-1.8.9.jar:/home/runner/.m2/repository/io/github/std-uritemplate/std-uritemplate/2.0.0/std-uritemplate-2.0.0.jar:/home/runner/.m2/repository/io/kiota/kiota-http-jdk/0.0.29/kiota-http-jdk-0.0.29.jar:/home/runner/.m2/repository/io/kiota/kiota-http-vertx/0.0.29/kiota-http-vertx-0.0.29.jar:/home/runner/.m2/repository/io/kiota/kiota-serialization-jackson/0.0.29/kiota-serialization-jackson-0.0.29.jar:/home/runner/.m2/repository/com/microsoft/kiota/microsoft-kiota-serialization-text/1.8.9/microsoft-kiota-serialization-text-1.8.9.jar:/home/runner/.m2/repository/com/microsoft/kiota/microsoft-kiota-serialization-form/1.8.9/microsoft-kiota-serialization-form-1.8.9.jar:/home/runner/.m2/repository/com/microsoft/kiota/microsoft-kiota-serialization-multipart/1.8.9/microsoft-kiota-serialization-multipart-1.8.9.jar:/home/runner/.m2/repository/jakarta/annotation/jakarta.annotation-api/3.0.0/jakarta.annotation-api-3.0.0.jar:/home/runner/.m2/repository/io/vertx/vertx-auth-oauth2/4.5.16/vertx-auth-oauth2-4.5.16.jar:/home/runner/work/apicurio-testing/apicurio-testing/clusters/ci419/namespaces/ksql047/tests/integration/apicurio-registry/java-sdk-v2/target/apicurio-registry-v2-java-sdk-3.0.12-SNAPSHOT.jar:/home/runner/work/apicurio-testing/apicurio-testing/clusters/ci419/namespaces/ksql047/tests/integration/apicurio-registry/utils/kafka/target/apicurio-registry-utils-kafka-3.0.12-SNAPSHOT-tests.jar:/home/runner/.m2/repository/org/eclipse/microprofile/config/microprofile-config-api/3.1/microprofile-config-api-3.1.jar:/home/runner/.m2/repository/org/apache/kafka/kafka-clients/3.9.1/kafka-clients-3.9.1.jar:/home/runner/.m2/repository/com/github/luben/zstd-jni/1.5.6-4/zstd-jni-1.5.6-4.jar:/home/runner/.m2/repository/org/lz4/lz4-java/1.8.0/lz4-java-1.8.0.jar:/home/runner/.m2/repository/org/xerial/snappy/snappy-java/1.1.10.5/snappy-java-1.1.10.5.jar:/home/runner/.m2/repository/org/slf4j/slf4j-api/2.0.6/slf4j-api-2.0.6.jar:/home/runner/work/apicurio-testing/apicurio-testing/clusters/ci419/namespaces/ksql047/tests/integration/apicurio-registry/utils/tests/target/apicurio-registry-utils-tests-3.0.12-SNAPSHOT.jar:/home/runner/work/apicurio-testing/apicurio-testing/clusters/ci419/namespaces/ksql047/tests/integration/apicurio-registry/common/target/apicurio-registry-common-3.0.12-SNAPSHOT.jar:/home/runner/.m2/repository/jakarta/validation/jakarta.validation-api/3.0.2/jakarta.validation-api-3.0.2.jar:/home/runner/.m2/repository/com/github/dasniko/testcontainers-keycloak/3.8.0/testcontainers-keycloak-3.8.0.jar:/home/runner/.m2/repository/org/testcontainers/testcontainers/1.20.6/testcontainers-1.20.6.jar:/home/runner/.m2/repository/org/rnorth/duct-tape/duct-tape/1.0.8/duct-tape-1.0.8.jar:/home/runner/.m2/repository/com/github/docker-java/docker-java-transport-zerodep/3.4.1/docker-java-transport-zerodep-3.4.1.jar:/home/runner/.m2/repository/com/github/docker-java/docker-java-transport/3.4.1/docker-java-transport-3.4.1.jar:/home/runner/.m2/repository/net/java/dev/jna/jna/5.8.0/jna-5.8.0.jar:/home/runner/.m2/repository/io/quarkus/quarkus-junit4-mock/3.20.2/quarkus-junit4-mock-3.20.2.jar:/home/runner/.m2/repository/org/jboss/shrinkwrap/shrinkwrap-api/2.0.0-beta-2/shrinkwrap-api-2.0.0-beta-2.jar:/home/runner/.m2/repository/org/jboss/shrinkwrap/shrinkwrap-impl-base/2.0.0-beta-2/shrinkwrap-impl-base-2.0.0-beta-2.jar:/home/runner/.m2/repository/org/jboss/shrinkwrap/shrinkwrap-spi/2.0.0-beta-2/shrinkwrap-spi-2.0.0-beta-2.jar:/home/runner/.m2/repository/org/keycloak/keycloak-admin-client/26.0.4/keycloak-admin-client-26.0.4.jar:/home/runner/.m2/repository/org/keycloak/keycloak-client-common-synced/26.0.4/keycloak-client-common-synced-26.0.4.jar:/home/runner/.m2/repository/jakarta/activation/jakarta.activation-api/2.1.3/jakarta.activation-api-2.1.3.jar:/home/runner/.m2/repository/org/eclipse/microprofile/openapi/microprofile-openapi-api/4.0.2/microprofile-openapi-api-4.0.2.jar:/home/runner/.m2/repository/org/jboss/resteasy/resteasy-client/6.2.12.Final/resteasy-client-6.2.12.Final.jar:/home/runner/.m2/repository/org/jboss/resteasy/resteasy-client-api/6.2.12.Final/resteasy-client-api-6.2.12.Final.jar:/home/runner/.m2/repository/org/jboss/resteasy/resteasy-core-spi/6.2.12.Final/resteasy-core-spi-6.2.12.Final.jar:/home/runner/.m2/repository/org/jboss/resteasy/resteasy-core/6.2.12.Final/resteasy-core-6.2.12.Final.jar:/home/runner/.m2/repository/org/eclipse/angus/angus-activation/2.0.2/angus-activation-2.0.2.jar:/home/runner/.m2/repository/com/ibm/async/asyncutil/0.1.0/asyncutil-0.1.0.jar:/home/runner/.m2/repository/org/reactivestreams/reactive-streams/1.0.4/reactive-streams-1.0.4.jar:/home/runner/.m2/repository/org/jboss/resteasy/resteasy-multipart-provider/6.2.12.Final/resteasy-multipart-provider-6.2.12.Final.jar:/home/runner/.m2/repository/jakarta/mail/jakarta.mail-api/2.1.3/jakarta.mail-api-2.1.3.jar:/home/runner/.m2/repository/org/eclipse/angus/angus-mail/2.0.3/angus-mail-2.0.3.jar:/home/runner/.m2/repository/org/apache/james/apache-mime4j-dom/0.8.12/apache-mime4j-dom-0.8.12.jar:/home/runner/.m2/repository/org/apache/james/apache-mime4j-core/0.8.12/apache-mime4j-core-0.8.12.jar:/home/runner/.m2/repository/org/apache/james/apache-mime4j-storage/0.8.12/apache-mime4j-storage-0.8.12.jar:/home/runner/.m2/repository/org/jboss/resteasy/resteasy-jackson2-provider/6.2.12.Final/resteasy-jackson2-provider-6.2.12.Final.jar:/home/runner/.m2/repository/com/fasterxml/jackson/jakarta/rs/jackson-jakarta-rs-base/2.18.2/jackson-jakarta-rs-base-2.18.2.jar:/home/runner/.m2/repository/com/fasterxml/jackson/jakarta/rs/jackson-jakarta-rs-json-provider/2.18.2/jackson-jakarta-rs-json-provider-2.18.2.jar:/home/runner/.m2/repository/com/fasterxml/jackson/module/jackson-module-jakarta-xmlbind-annotations/2.18.2/jackson-module-jakarta-xmlbind-annotations-2.18.2.jar:/home/runner/.m2/repository/com/github/java-json-tools/json-patch/1.13/json-patch-1.13.jar:/home/runner/.m2/repository/com/github/java-json-tools/msg-simple/1.2/msg-simple-1.2.jar:/home/runner/.m2/repository/com/github/java-json-tools/btf/1.3/btf-1.3.jar:/home/runner/.m2/repository/com/github/java-json-tools/jackson-coreutils/2.0/jackson-coreutils-2.0.jar:/home/runner/.m2/repository/org/jboss/resteasy/resteasy-jaxb-provider/6.2.12.Final/resteasy-jaxb-provider-6.2.12.Final.jar:/home/runner/.m2/repository/org/glassfish/jaxb/codemodel/4.0.5/codemodel-4.0.5.jar:/home/runner/.m2/repository/org/glassfish/jaxb/jaxb-core/4.0.5/jaxb-core-4.0.5.jar:/home/runner/.m2/repository/org/glassfish/jaxb/jaxb-jxc/4.0.5/jaxb-jxc-4.0.5.jar:/home/runner/.m2/repository/org/glassfish/jaxb/jaxb-runtime/4.0.5/jaxb-runtime-4.0.5.jar:/home/runner/.m2/repository/org/glassfish/jaxb/txw2/4.0.5/txw2-4.0.5.jar:/home/runner/.m2/repository/org/glassfish/jaxb/jaxb-xjc/4.0.5/jaxb-xjc-4.0.5.jar:/home/runner/.m2/repository/org/glassfish/jaxb/xsom/4.0.5/xsom-4.0.5.jar:/home/runner/.m2/repository/com/sun/istack/istack-commons-runtime/4.1.2/istack-commons-runtime-4.1.2.jar:/home/runner/.m2/repository/com/sun/istack/istack-commons-tools/4.1.2/istack-commons-tools-4.1.2.jar:/home/runner/.m2/repository/com/sun/xml/bind/external/relaxng-datatype/4.0.5/relaxng-datatype-4.0.5.jar:/home/runner/.m2/repository/com/sun/xml/bind/external/rngom/4.0.5/rngom-4.0.5.jar:/home/runner/.m2/repository/org/testcontainers/mssqlserver/1.20.6/mssqlserver-1.20.6.jar:/home/runner/.m2/repository/org/testcontainers/jdbc/1.20.6/jdbc-1.20.6.jar:/home/runner/.m2/repository/org/testcontainers/database-commons/1.20.6/database-commons-1.20.6.jar:/home/runner/.m2/repository/org/testcontainers/mysql/1.20.6/mysql-1.20.6.jar:/home/runner/.m2/repository/io/strimzi/strimzi-test-container/0.111.0/strimzi-test-container-0.111.0.jar:/home/runner/.m2/repository/org/testcontainers/toxiproxy/1.20.6/toxiproxy-1.20.6.jar:/home/runner/.m2/repository/com/github/docker-java/docker-java-api/3.4.1/docker-java-api-3.4.1.jar:/home/runner/.m2/repository/org/apache/logging/log4j/log4j-slf4j-impl/2.19.0/log4j-slf4j-impl-2.19.0.jar:/home/runner/.m2/repository/org/apache/logging/log4j/log4j-api/2.24.3/log4j-api-2.24.3.jar:/home/runner/.m2/repository/org/apache/logging/log4j/log4j-core/2.19.0/log4j-core-2.19.0.jar:/home/runner/.m2/repository/eu/rekawek/toxiproxy/toxiproxy-java/2.1.7/toxiproxy-java-2.1.7.jar:/home/runner/.m2/repository/org/testcontainers/pulsar/1.21.3/pulsar-1.21.3.jar:/home/runner/.m2/repository/io/debezium/debezium-testing-testcontainers/2.7.4.Final/debezium-testing-testcontainers-2.7.4.Final.jar:/home/runner/.m2/repository/org/testcontainers/kafka/1.20.6/kafka-1.20.6.jar:/home/runner/.m2/repository/com/squareup/okhttp3/okhttp/4.8.1/okhttp-4.8.1.jar:/home/runner/.m2/repository/com/squareup/okio/okio/3.10.2/okio-3.10.2.jar:/home/runner/.m2/repository/com/squareup/okio/okio-jvm/3.10.2/okio-jvm-3.10.2.jar:/home/runner/.m2/repository/org/jetbrains/kotlin/kotlin-stdlib/2.0.21/kotlin-stdlib-2.0.21.jar:/home/runner/.m2/repository/org/awaitility/awaitility/4.3.0/awaitility-4.3.0.jar:/home/runner/.m2/repository/org/testcontainers/mongodb/1.20.6/mongodb-1.20.6.jar:/home/runner/.m2/repository/org/testcontainers/mariadb/1.20.6/mariadb-1.20.6.jar:/home/runner/.m2/repository/org/testcontainers/oracle-xe/1.20.6/oracle-xe-1.20.6.jar:/home/runner/.m2/repository/org/testcontainers/postgresql/1.20.6/postgresql-1.20.6.jar:/home/runner/.m2/repository/org/wiremock/wiremock/3.0.1/wiremock-3.0.1.jar:/home/runner/.m2/repository/org/eclipse/jetty/jetty-server/11.0.15/jetty-server-11.0.15.jar:/home/runner/.m2/repository/org/eclipse/jetty/toolchain/jetty-jakarta-servlet-api/5.0.2/jetty-jakarta-servlet-api-5.0.2.jar:/home/runner/.m2/repository/org/eclipse/jetty/jetty-http/11.0.15/jetty-http-11.0.15.jar:/home/runner/.m2/repository/org/eclipse/jetty/jetty-io/11.0.15/jetty-io-11.0.15.jar:/home/runner/.m2/repository/org/eclipse/jetty/jetty-servlet/11.0.15/jetty-servlet-11.0.15.jar:/home/runner/.m2/repository/org/eclipse/jetty/jetty-security/11.0.15/jetty-security-11.0.15.jar:/home/runner/.m2/repository/org/eclipse/jetty/jetty-servlets/11.0.15/jetty-servlets-11.0.15.jar:/home/runner/.m2/repository/org/eclipse/jetty/jetty-util/11.0.15/jetty-util-11.0.15.jar:/home/runner/.m2/repository/org/eclipse/jetty/jetty-webapp/11.0.15/jetty-webapp-11.0.15.jar:/home/runner/.m2/repository/org/eclipse/jetty/jetty-xml/11.0.15/jetty-xml-11.0.15.jar:/home/runner/.m2/repository/org/eclipse/jetty/jetty-proxy/11.0.15/jetty-proxy-11.0.15.jar:/home/runner/.m2/repository/org/eclipse/jetty/jetty-client/11.0.15/jetty-client-11.0.15.jar:/home/runner/.m2/repository/org/eclipse/jetty/http2/http2-server/11.0.15/http2-server-11.0.15.jar:/home/runner/.m2/repository/org/eclipse/jetty/http2/http2-common/11.0.15/http2-common-11.0.15.jar:/home/runner/.m2/repository/org/eclipse/jetty/http2/http2-hpack/11.0.15/http2-hpack-11.0.15.jar:/home/runner/.m2/repository/org/eclipse/jetty/jetty-alpn-server/11.0.15/jetty-alpn-server-11.0.15.jar:/home/runner/.m2/repository/org/eclipse/jetty/jetty-alpn-java-server/11.0.15/jetty-alpn-java-server-11.0.15.jar:/home/runner/.m2/repository/org/eclipse/jetty/jetty-alpn-java-client/11.0.15/jetty-alpn-java-client-11.0.15.jar:/home/runner/.m2/repository/org/eclipse/jetty/jetty-alpn-client/11.0.15/jetty-alpn-client-11.0.15.jar:/home/runner/.m2/repository/org/apache/httpcomponents/client5/httpclient5/5.2.1/httpclient5-5.2.1.jar:/home/runner/.m2/repository/org/apache/httpcomponents/core5/httpcore5/5.2/httpcore5-5.2.jar:/home/runner/.m2/repository/org/apache/httpcomponents/core5/httpcore5-h2/5.2/httpcore5-h2-5.2.jar:/home/runner/.m2/repository/org/xmlunit/xmlunit-core/2.9.1/xmlunit-core-2.9.1.jar:/home/runner/.m2/repository/jakarta/xml/bind/jakarta.xml.bind-api/4.0.2/jakarta.xml.bind-api-4.0.2.jar:/home/runner/.m2/repository/org/xmlunit/xmlunit-legacy/2.9.1/xmlunit-legacy-2.9.1.jar:/home/runner/.m2/repository/org/xmlunit/xmlunit-placeholders/2.9.1/xmlunit-placeholders-2.9.1.jar:/home/runner/.m2/repository/net/javacrumbs/json-unit/json-unit-core/2.38.0/json-unit-core-2.38.0.jar:/home/runner/.m2/repository/org/hamcrest/hamcrest-core/2.2/hamcrest-core-2.2.jar:/home/runner/.m2/repository/com/jayway/jsonpath/json-path/2.8.0/json-path-2.8.0.jar:/home/runner/.m2/repository/net/minidev/json-smart/2.4.10/json-smart-2.4.10.jar:/home/runner/.m2/repository/net/minidev/accessors-smart/2.4.9/accessors-smart-2.4.9.jar:/home/runner/.m2/repository/org/ow2/asm/asm/9.7.1/asm-9.7.1.jar:/home/runner/.m2/repository/net/sf/jopt-simple/jopt-simple/5.0.4/jopt-simple-5.0.4.jar:/home/runner/.m2/repository/com/github/jknack/handlebars/4.3.1/handlebars-4.3.1.jar:/home/runner/.m2/repository/com/github/jknack/handlebars-helpers/4.3.1/handlebars-helpers-4.3.1.jar:/home/runner/.m2/repository/commons-fileupload/commons-fileupload/1.5/commons-fileupload-1.5.jar:/home/runner/.m2/repository/com/networknt/json-schema-validator/1.5.8/json-schema-validator-1.5.8.jar:/home/runner/.m2/repository/com/ethlo/time/itu/1.10.3/itu-1.10.3.jar:/home/runner/.m2/repository/io/quarkus/quarkus-smallrye-jwt-build/3.20.2/quarkus-smallrye-jwt-build-3.20.2.jar:/home/runner/.m2/repository/io/smallrye/smallrye-jwt-build/4.6.2/smallrye-jwt-build-4.6.2.jar:/home/runner/.m2/repository/org/eclipse/microprofile/jwt/microprofile-jwt-auth-api/2.1/microprofile-jwt-auth-api-2.1.jar:/home/runner/.m2/repository/org/bitbucket/b_c/jose4j/0.9.6/jose4j-0.9.6.jar:/home/runner/.m2/repository/io/smallrye/smallrye-jwt-common/4.6.2/smallrye-jwt-common-4.6.2.jar:/home/runner/.m2/repository/io/quarkus/quarkus-jsonp/3.20.2/quarkus-jsonp-3.20.2.jar:/home/runner/.m2/repository/io/quarkus/quarkus-arc/3.20.2/quarkus-arc-3.20.2.jar:/home/runner/.m2/repository/io/quarkus/arc/arc/3.20.2/arc-3.20.2.jar:/home/runner/.m2/repository/jakarta/transaction/jakarta.transaction-api/2.0.1/jakarta.transaction-api-2.0.1.jar:/home/runner/.m2/repository/io/smallrye/reactive/mutiny/2.9.2/mutiny-2.9.2.jar:/home/runner/.m2/repository/org/jctools/jctools-core/4.0.5/jctools-core-4.0.5.jar:/home/runner/.m2/repository/org/eclipse/microprofile/context-propagation/microprofile-context-propagation-api/1.3/microprofile-context-propagation-api-1.3.jar:/home/runner/.m2/repository/io/apicurio/apicurio-common-rest-client-common/0.1.18.Final/apicurio-common-rest-client-common-0.1.18.Final.jar:/home/runner/work/apicurio-testing/apicurio-testing/clusters/ci419/namespaces/ksql047/tests/integration/apicurio-registry/utils/maven-plugin/target/apicurio-registry-maven-plugin-3.0.12-SNAPSHOT.jar:/home/runner/.m2/repository/com/fasterxml/jackson/core/jackson-databind/2.18.2/jackson-databind-2.18.2.jar:/home/runner/.m2/repository/org/apache/avro/avro/1.12.0/avro-1.12.0.jar:/home/runner/.m2/repository/com/google/protobuf/protobuf-java/4.31.1/protobuf-java-4.31.1.jar:/home/runner/.m2/repository/com/google/protobuf/protobuf-java-util/4.31.1/protobuf-java-util-4.31.1.jar:/home/runner/.m2/repository/com/google/code/findbugs/jsr305/3.0.2/jsr305-3.0.2.jar:/home/runner/.m2/repository/com/google/code/gson/gson/2.12.1/gson-2.12.1.jar:/home/runner/.m2/repository/com/google/errorprone/error_prone_annotations/2.36.0/error_prone_annotations-2.36.0.jar:/home/runner/.m2/repository/com/google/j2objc/j2objc-annotations/2.8/j2objc-annotations-2.8.jar:/home/runner/work/apicurio-testing/apicurio-testing/clusters/ci419/namespaces/ksql047/tests/integration/apicurio-registry/schema-util/util-provider/target/apicurio-registry-schema-util-provider-3.0.12-SNAPSHOT.jar:/home/runner/work/apicurio-testing/apicurio-testing/clusters/ci419/namespaces/ksql047/tests/integration/apicurio-registry/schema-util/common/target/apicurio-registry-schema-util-common-3.0.12-SNAPSHOT.jar:/home/runner/.m2/repository/com/fasterxml/jackson/module/jackson-module-parameter-names/2.18.2/jackson-module-parameter-names-2.18.2.jar:/home/runner/.m2/repository/com/fasterxml/jackson/datatype/jackson-datatype-json-org/2.18.2/jackson-datatype-json-org-2.18.2.jar:/home/runner/work/apicurio-testing/apicurio-testing/clusters/ci419/namespaces/ksql047/tests/integration/apicurio-registry/schema-util/json/target/apicurio-registry-schema-util-json-3.0.12-SNAPSHOT.jar:/home/runner/.m2/repository/com/github/erosb/everit-json-schema/1.14.5/everit-json-schema-1.14.5.jar:/home/runner/.m2/repository/commons-validator/commons-validator/1.9.0/commons-validator-1.9.0.jar:/home/runner/.m2/repository/commons-digester/commons-digester/2.1/commons-digester-2.1.jar:/home/runner/.m2/repository/commons-collections/commons-collections/3.2.2/commons-collections-3.2.2.jar:/home/runner/.m2/repository/com/damnhandy/handy-uri-templates/2.1.8/handy-uri-templates-2.1.8.jar:/home/runner/.m2/repository/joda-time/joda-time/2.10.2/joda-time-2.10.2.jar:/home/runner/.m2/repository/com/github/erosb/json-sKema/0.20.0/json-sKema-0.20.0.jar:/home/runner/.m2/repository/io/vertx/vertx-json-schema/4.5.16/vertx-json-schema-4.5.16.jar:/home/runner/work/apicurio-testing/apicurio-testing/clusters/ci419/namespaces/ksql047/tests/integration/apicurio-registry/schema-util/protobuf/target/apicurio-registry-schema-util-protobuf-3.0.12-SNAPSHOT.jar:/home/runner/work/apicurio-testing/apicurio-testing/clusters/ci419/namespaces/ksql047/tests/integration/apicurio-registry/utils/protobuf-schema-utilities/target/apicurio-registry-protobuf-schema-utilities-3.0.12-SNAPSHOT.jar:/home/runner/.m2/repository/com/google/api/grpc/proto-google-common-protos/2.52.0/proto-google-common-protos-2.52.0.jar:/home/runner/.m2/repository/com/squareup/wire/wire-schema-jvm/5.3.3/wire-schema-jvm-5.3.3.jar:/home/runner/.m2/repository/com/palantir/javapoet/javapoet/0.6.0/javapoet-0.6.0.jar:/home/runner/.m2/repository/com/squareup/kotlinpoet-jvm/2.0.0/kotlinpoet-jvm-2.0.0.jar:/home/runner/.m2/repository/org/jetbrains/kotlin/kotlin-reflect/2.0.21/kotlin-reflect-2.0.21.jar:/home/runner/.m2/repository/com/squareup/wire/wire-runtime-jvm/5.3.3/wire-runtime-jvm-5.3.3.jar:/home/runner/.m2/repository/com/ibm/icu/icu4j/76.1/icu4j-76.1.jar:/home/runner/.m2/repository/com/squareup/okio/okio-fakefilesystem/3.10.2/okio-fakefilesystem-3.10.2.jar:/home/runner/.m2/repository/com/squareup/okio/okio-fakefilesystem-jvm/3.10.2/okio-fakefilesystem-jvm-3.10.2.jar:/home/runner/.m2/repository/org/jetbrains/kotlinx/kotlinx-datetime-jvm/0.6.1/kotlinx-datetime-jvm-0.6.1.jar:/home/runner/work/apicurio-testing/apicurio-testing/clusters/ci419/namespaces/ksql047/tests/integration/apicurio-registry/schema-util/asyncapi/target/apicurio-registry-schema-util-asyncapi-3.0.12-SNAPSHOT.jar:/home/runner/work/apicurio-testing/apicurio-testing/clusters/ci419/namespaces/ksql047/tests/integration/apicurio-registry/schema-util/avro/target/apicurio-registry-schema-util-avro-3.0.12-SNAPSHOT.jar:/home/runner/work/apicurio-testing/apicurio-testing/clusters/ci419/namespaces/ksql047/tests/integration/apicurio-registry/schema-util/graphql/target/apicurio-registry-schema-util-graphql-3.0.12-SNAPSHOT.jar:/home/runner/.m2/repository/com/graphql-java/graphql-java/22.4/graphql-java-22.4.jar:/home/runner/.m2/repository/com/graphql-java/java-dataloader/3.3.0/java-dataloader-3.3.0.jar:/home/runner/work/apicurio-testing/apicurio-testing/clusters/ci419/namespaces/ksql047/tests/integration/apicurio-registry/schema-util/kconnect/target/apicurio-registry-schema-util-kconnect-3.0.12-SNAPSHOT.jar:/home/runner/work/apicurio-testing/apicurio-testing/clusters/ci419/namespaces/ksql047/tests/integration/apicurio-registry/schema-util/openapi/target/apicurio-registry-schema-util-openapi-3.0.12-SNAPSHOT.jar:/home/runner/.m2/repository/io/apicurio/apicurio-data-models/2.2.2/apicurio-data-models-2.2.2.jar:/home/runner/.m2/repository/org/openapitools/openapidiff/openapi-diff-core/2.1.2/openapi-diff-core-2.1.2.jar:/home/runner/.m2/repository/io/swagger/parser/v3/swagger-parser/2.1.28/swagger-parser-2.1.28.jar:/home/runner/.m2/repository/io/swagger/parser/v3/swagger-parser-v2-converter/2.1.28/swagger-parser-v2-converter-2.1.28.jar:/home/runner/.m2/repository/io/swagger/swagger-core/1.6.16/swagger-core-1.6.16.jar:/home/runner/.m2/repository/io/swagger/swagger-models/1.6.16/swagger-models-1.6.16.jar:/home/runner/.m2/repository/io/swagger/swagger-annotations/1.6.16/swagger-annotations-1.6.16.jar:/home/runner/.m2/repository/io/swagger/swagger-parser/1.0.75/swagger-parser-1.0.75.jar:/home/runner/.m2/repository/io/swagger/swagger-parser-safe-url-resolver/1.0.75/swagger-parser-safe-url-resolver-1.0.75.jar:/home/runner/.m2/repository/io/swagger/swagger-compat-spec-parser/1.0.75/swagger-compat-spec-parser-1.0.75.jar:/home/runner/.m2/repository/com/github/java-json-tools/json-schema-validator/2.2.14/json-schema-validator-2.2.14.jar:/home/runner/.m2/repository/com/github/java-json-tools/jackson-coreutils-equivalence/1.0/jackson-coreutils-equivalence-1.0.jar:/home/runner/.m2/repository/com/github/java-json-tools/json-schema-core/1.2.14/json-schema-core-1.2.14.jar:/home/runner/.m2/repository/com/github/java-json-tools/uri-template/0.10/uri-template-0.10.jar:/home/runner/.m2/repository/com/googlecode/libphonenumber/libphonenumber/8.11.1/libphonenumber-8.11.1.jar:/home/runner/.m2/repository/com/j2html/j2html/1.6.0/j2html-1.6.0.jar:/home/runner/.m2/repository/org/apache/commons/commons-collections4/4.5.0/commons-collections4-4.5.0.jar:/home/runner/.m2/repository/org/slf4j/jcl-over-slf4j/2.0.17/jcl-over-slf4j-2.0.17.jar:/home/runner/.m2/repository/io/swagger/parser/v3/swagger-parser-v3/2.1.31/swagger-parser-v3-2.1.31.jar:/home/runner/.m2/repository/io/swagger/core/v3/swagger-models/2.2.34/swagger-models-2.2.34.jar:/home/runner/.m2/repository/io/swagger/core/v3/swagger-core/2.2.34/swagger-core-2.2.34.jar:/home/runner/.m2/repository/io/swagger/parser/v3/swagger-parser-core/2.1.31/swagger-parser-core-2.1.31.jar:/home/runner/.m2/repository/io/swagger/parser/v3/swagger-parser-safe-url-resolver/2.1.31/swagger-parser-safe-url-resolver-2.1.31.jar:/home/runner/work/apicurio-testing/apicurio-testing/clusters/ci419/namespaces/ksql047/tests/integration/apicurio-registry/schema-util/wsdl/target/apicurio-registry-schema-util-wsdl-3.0.12-SNAPSHOT.jar:/home/runner/.m2/repository/wsdl4j/wsdl4j/1.6.3/wsdl4j-1.6.3.jar:/home/runner/work/apicurio-testing/apicurio-testing/clusters/ci419/namespaces/ksql047/tests/integration/apicurio-registry/schema-util/xml/target/apicurio-registry-schema-util-xml-3.0.12-SNAPSHOT.jar:/home/runner/.m2/repository/org/apache/santuario/xmlsec/4.0.4/xmlsec-4.0.4.jar:/home/runner/.m2/repository/com/fasterxml/woodstox/woodstox-core/7.1.1/woodstox-core-7.1.1.jar:/home/runner/.m2/repository/org/codehaus/woodstox/stax2-api/4.2.2/stax2-api-4.2.2.jar:/home/runner/work/apicurio-testing/apicurio-testing/clusters/ci419/namespaces/ksql047/tests/integration/apicurio-registry/schema-util/xsd/target/apicurio-registry-schema-util-xsd-3.0.12-SNAPSHOT.jar:/home/runner/work/apicurio-testing/apicurio-testing/clusters/ci419/namespaces/ksql047/tests/integration/apicurio-registry/serdes/kafka/jsonschema-serde/target/apicurio-registry-jsonschema-serde-kafka-3.0.12-SNAPSHOT.jar:/home/runner/work/apicurio-testing/apicurio-testing/clusters/ci419/namespaces/ksql047/tests/integration/apicurio-registry/serdes/kafka/serde-kafka-common/target/apicurio-registry-serde-kafka-common-3.0.12-SNAPSHOT.jar:/home/runner/work/apicurio-testing/apicurio-testing/clusters/ci419/namespaces/ksql047/tests/integration/apicurio-registry/serdes/generic/serde-common/target/apicurio-registry-serde-common-3.0.12-SNAPSHOT.jar:/home/runner/work/apicurio-testing/apicurio-testing/clusters/ci419/namespaces/ksql047/tests/integration/apicurio-registry/serdes/generic/serde-common-jsonschema/target/apicurio-registry-serde-common-jsonschema-3.0.12-SNAPSHOT.jar:/home/runner/.m2/repository/org/json/json/20250107/json-20250107.jar:/home/runner/work/apicurio-testing/apicurio-testing/clusters/ci419/namespaces/ksql047/tests/integration/apicurio-registry/serdes/kafka/avro-serde/target/apicurio-registry-avro-serde-kafka-3.0.12-SNAPSHOT.jar:/home/runner/work/apicurio-testing/apicurio-testing/clusters/ci419/namespaces/ksql047/tests/integration/apicurio-registry/serdes/generic/serde-common-avro/target/apicurio-registry-serde-common-avro-3.0.12-SNAPSHOT.jar:/home/runner/work/apicurio-testing/apicurio-testing/clusters/ci419/namespaces/ksql047/tests/integration/apicurio-registry/serdes/kafka/protobuf-serde/target/apicurio-registry-protobuf-serde-kafka-3.0.12-SNAPSHOT.jar:/home/runner/work/apicurio-testing/apicurio-testing/clusters/ci419/namespaces/ksql047/tests/integration/apicurio-registry/serdes/generic/serde-common-protobuf/target/apicurio-registry-serde-common-protobuf-3.0.12-SNAPSHOT.jar:/home/runner/.m2/repository/com/squareup/wire/wire-schema/5.3.3/wire-schema-5.3.3.jar:/home/runner/.m2/repository/com/squareup/wire/wire-runtime/5.3.3/wire-runtime-5.3.3.jar:/home/runner/work/apicurio-testing/apicurio-testing/clusters/ci419/namespaces/ksql047/tests/integration/apicurio-registry/serdes/pulsar/avro-serde/target/apicurio-registry-avro-serde-pulsar-3.0.12-SNAPSHOT.jar:/home/runner/.m2/repository/org/apache/pulsar/pulsar-functions-api/3.3.8/pulsar-functions-api-3.3.8.jar:/home/runner/work/apicurio-testing/apicurio-testing/clusters/ci419/namespaces/ksql047/tests/integration/apicurio-registry/serdes/nats/avro-serde/target/apicurio-registry-avro-serde-nats-3.0.12-SNAPSHOT.jar:/home/runner/.m2/repository/io/nats/jnats/2.21.4/jnats-2.21.4.jar:/home/runner/.m2/repository/org/bouncycastle/bcprov-lts8on/2.73.7/bcprov-lts8on-2.73.7.jar:/home/runner/.m2/repository/org/jetbrains/annotations/26.0.2/annotations-26.0.2.jar:/home/runner/work/apicurio-testing/apicurio-testing/clusters/ci419/namespaces/ksql047/tests/integration/apicurio-registry/utils/converter/target/apicurio-registry-utils-converter-3.0.12-SNAPSHOT.jar:/home/runner/work/apicurio-testing/apicurio-testing/clusters/ci419/namespaces/ksql047/tests/integration/apicurio-registry/schema-resolver/target/apicurio-registry-schema-resolver-3.0.12-SNAPSHOT.jar:/home/runner/.m2/repository/org/apache/kafka/connect-api/3.9.1/connect-api-3.9.1.jar:/home/runner/.m2/repository/javax/ws/rs/javax.ws.rs-api/2.1.1/javax.ws.rs-api-2.1.1.jar:/home/runner/.m2/repository/org/apache/kafka/connect-json/3.9.1/connect-json-3.9.1.jar:/home/runner/.m2/repository/com/fasterxml/jackson/datatype/jackson-datatype-jdk8/2.18.2/jackson-datatype-jdk8-2.18.2.jar:/home/runner/.m2/repository/com/fasterxml/jackson/module/jackson-module-afterburner/2.18.2/jackson-module-afterburner-2.18.2.jar:/home/runner/work/apicurio-testing/apicurio-testing/clusters/ci419/namespaces/ksql047/tests/integration/apicurio-registry/utils/kafka/target/apicurio-registry-utils-kafka-3.0.12-SNAPSHOT.jar:/home/runner/.m2/repository/org/apache/pulsar/pulsar-client/3.3.8/pulsar-client-3.3.8.jar:/home/runner/.m2/repository/org/apache/pulsar/pulsar-client-api/3.3.8/pulsar-client-api-3.3.8.jar:/home/runner/.m2/repository/org/apache/pulsar/pulsar-client-admin-api/3.3.8/pulsar-client-admin-api-3.3.8.jar:/home/runner/.m2/repository/org/apache/pulsar/bouncy-castle-bc/3.3.8/bouncy-castle-bc-3.3.8-pkg.jar:/home/runner/.m2/repository/org/bouncycastle/bcpkix-jdk18on/1.81/bcpkix-jdk18on-1.81.jar:/home/runner/.m2/repository/org/bouncycastle/bcutil-jdk18on/1.81/bcutil-jdk18on-1.81.jar:/home/runner/.m2/repository/org/bouncycastle/bcprov-jdk18on/1.81/bcprov-jdk18on-1.81.jar:/home/runner/.m2/repository/io/opentelemetry/opentelemetry-api/1.44.1/opentelemetry-api-1.44.1.jar:/home/runner/.m2/repository/io/opentelemetry/opentelemetry-context/1.44.1/opentelemetry-context-1.44.1.jar:/home/runner/.m2/repository/io/opentelemetry/opentelemetry-api-incubator/1.44.1-alpha/opentelemetry-api-incubator-1.44.1-alpha.jar:/home/runner/.m2/repository/com/fasterxml/jackson/core/jackson-annotations/2.18.2/jackson-annotations-2.18.2.jar:/home/runner/.m2/repository/javax/validation/validation-api/1.1.0.Final/validation-api-1.1.0.Final.jar:/home/runner/.m2/repository/org/jspecify/jspecify/1.0.0/jspecify-1.0.0.jar:/home/runner/.m2/repository/org/apache/commons/commons-configuration2/2.12.0/commons-configuration2-2.12.0.jar:/home/runner/.m2/repository/commons-logging/commons-logging/1.3.5/commons-logging-1.3.5.jar:/home/runner/.m2/repository/org/apache/commons/commons-text/1.13.0/commons-text-1.13.0.jar:/home/runner/.m2/repository/io/confluent/kafka-avro-serializer/8.0.0/kafka-avro-serializer-8.0.0.jar:/home/runner/.m2/repository/org/apache/commons/commons-compress/1.27.1/commons-compress-1.27.1.jar:/home/runner/.m2/repository/io/confluent/kafka-schema-serializer/8.0.0/kafka-schema-serializer-8.0.0.jar:/home/runner/.m2/repository/com/fasterxml/jackson/dataformat/jackson-dataformat-csv/2.18.2/jackson-dataformat-csv-2.18.2.jar:/home/runner/.m2/repository/io/confluent/kafka-schema-registry-client/8.0.0/kafka-schema-registry-client-8.0.0.jar:/home/runner/.m2/repository/org/yaml/snakeyaml/2.3/snakeyaml-2.3.jar:/home/runner/.m2/repository/io/swagger/core/v3/swagger-annotations/2.2.29/swagger-annotations-2.2.29.jar:/home/runner/.m2/repository/com/google/guava/guava/33.4.0-jre/guava-33.4.0-jre.jar:/home/runner/.m2/repository/com/google/guava/failureaccess/1.0.1/failureaccess-1.0.1.jar:/home/runner/.m2/repository/org/checkerframework/checker-qual/3.49.0/checker-qual-3.49.0.jar:/home/runner/.m2/repository/io/confluent/logredactor/1.0.13/logredactor-1.0.13.jar:/home/runner/.m2/repository/com/google/re2j/re2j/1.6/re2j-1.6.jar:/home/runner/.m2/repository/io/confluent/logredactor-metrics/1.0.13/logredactor-metrics-1.0.13.jar:/home/runner/.m2/repository/com/eclipsesource/minimal-json/minimal-json/0.9.5/minimal-json-0.9.5.jar:/home/runner/.m2/repository/io/confluent/common-utils/8.0.0/common-utils-8.0.0.jar:/home/runner/.m2/repository/io/confluent/kafka-connect-avro-converter/8.0.0/kafka-connect-avro-converter-8.0.0.jar:/home/runner/.m2/repository/io/confluent/kafka-connect-avro-data/8.0.0/kafka-connect-avro-data-8.0.0.jar:/home/runner/.m2/repository/io/confluent/kafka-schema-converter/8.0.0/kafka-schema-converter-8.0.0.jar:/home/runner/.m2/repository/io/rest-assured/rest-assured/5.5.1/rest-assured-5.5.1.jar:/home/runner/.m2/repository/org/apache/groovy/groovy/4.0.22/groovy-4.0.22.jar:/home/runner/.m2/repository/org/apache/groovy/groovy-xml/4.0.22/groovy-xml-4.0.22.jar:/home/runner/.m2/repository/org/apache/httpcomponents/httpclient/4.5.14/httpclient-4.5.14.jar:/home/runner/.m2/repository/org/apache/httpcomponents/httpcore/4.4.16/httpcore-4.4.16.jar:/home/runner/.m2/repository/org/apache/httpcomponents/httpmime/4.5.14/httpmime-4.5.14.jar:/home/runner/.m2/repository/org/hamcrest/hamcrest/2.2/hamcrest-2.2.jar:/home/runner/.m2/repository/org/ccil/cowan/tagsoup/tagsoup/1.2.1/tagsoup-1.2.1.jar:/home/runner/.m2/repository/io/rest-assured/json-path/5.5.1/json-path-5.5.1.jar:/home/runner/.m2/repository/org/apache/groovy/groovy-json/4.0.22/groovy-json-4.0.22.jar:/home/runner/.m2/repository/io/rest-assured/rest-assured-common/5.5.1/rest-assured-common-5.5.1.jar:/home/runner/.m2/repository/io/rest-assured/xml-path/5.5.1/xml-path-5.5.1.jar:/home/runner/.m2/repository/io/zonky/test/embedded-postgres/2.1.0/embedded-postgres-2.1.0.jar:/home/runner/.m2/repository/io/zonky/test/postgres/embedded-postgres-binaries-windows-amd64/14.15.0/embedded-postgres-binaries-windows-amd64-14.15.0.jar:/home/runner/.m2/repository/io/zonky/test/postgres/embedded-postgres-binaries-darwin-amd64/14.15.0/embedded-postgres-binaries-darwin-amd64-14.15.0.jar:/home/runner/.m2/repository/io/zonky/test/postgres/embedded-postgres-binaries-linux-amd64/14.15.0/embedded-postgres-binaries-linux-amd64-14.15.0.jar:/home/runner/.m2/repository/io/zonky/test/postgres/embedded-postgres-binaries-linux-amd64-alpine/14.15.0/embedded-postgres-binaries-linux-amd64-alpine-14.15.0.jar:/home/runner/.m2/repository/org/apache/commons/commons-lang3/3.17.0/commons-lang3-3.17.0.jar:/home/runner/.m2/repository/org/tukaani/xz/1.10/xz-1.10.jar:/home/runner/.m2/repository/commons-codec/commons-codec/1.19.0/commons-codec-1.19.0.jar:/home/runner/.m2/repository/org/postgresql/postgresql/42.7.7/postgresql-42.7.7.jar:/home/runner/.m2/repository/commons-io/commons-io/2.18.0/commons-io-2.18.0.jar:/home/runner/work/apicurio-testing/apicurio-testing/clusters/ci419/namespaces/ksql047/tests/integration/apicurio-registry/utils/importexport/target/apicurio-registry-utils-import-export-3.0.12-SNAPSHOT.jar:/home/runner/.m2/repository/io/vertx/vertx-core/4.5.16/vertx-core-4.5.16.jar:/home/runner/.m2/repository/io/netty/netty-common/4.1.121.Final/netty-common-4.1.121.Final.jar:/home/runner/.m2/repository/io/netty/netty-buffer/4.1.121.Final/netty-buffer-4.1.121.Final.jar:/home/runner/.m2/repository/io/netty/netty-transport/4.1.121.Final/netty-transport-4.1.121.Final.jar:/home/runner/.m2/repository/io/netty/netty-handler/4.1.121.Final/netty-handler-4.1.121.Final.jar:/home/runner/.m2/repository/io/netty/netty-transport-native-unix-common/4.1.121.Final/netty-transport-native-unix-common-4.1.121.Final.jar:/home/runner/.m2/repository/io/netty/netty-codec/4.1.121.Final/netty-codec-4.1.121.Final.jar:/home/runner/.m2/repository/io/netty/netty-handler-proxy/4.1.121.Final/netty-handler-proxy-4.1.121.Final.jar:/home/runner/.m2/repository/io/netty/netty-codec-socks/4.1.121.Final/netty-codec-socks-4.1.121.Final.jar:/home/runner/.m2/repository/io/netty/netty-codec-http/4.1.121.Final/netty-codec-http-4.1.121.Final.jar:/home/runner/.m2/repository/io/netty/netty-codec-http2/4.1.121.Final/netty-codec-http2-4.1.121.Final.jar:/home/runner/.m2/repository/io/netty/netty-resolver/4.1.121.Final/netty-resolver-4.1.121.Final.jar:/home/runner/.m2/repository/io/netty/netty-resolver-dns/4.1.121.Final/netty-resolver-dns-4.1.121.Final.jar:/home/runner/.m2/repository/io/netty/netty-codec-dns/4.1.121.Final/netty-codec-dns-4.1.121.Final.jar:/home/runner/.m2/repository/com/fasterxml/jackson/core/jackson-core/2.18.2/jackson-core-2.18.2.jar:"/>
    <property name="java.vm.vendor" value="Eclipse Adoptium"/>
    <property name="maven.javadoc.skip" value="true"/>
    <property name="sun.arch.data.model" value="64"/>
    <property name="java.vendor.url" value="https://adoptium.net/"/>
    <property name="user.timezone" value="Etc/UTC"/>
    <property name="os.name" value="Linux"/>
    <property name="java.vm.specification.version" value="17"/>
    <property name="sun.java.launcher" value="SUN_STANDARD"/>
    <property name="quarkus.http.test-port" value="80"/>
    <property name="sun.boot.library.path" value="/usr/lib/jvm/temurin-17-jdk-amd64/lib"/>
    <property name="sun.java.command" value="/home/runner/work/apicurio-testing/apicurio-testing/clusters/ci419/namespaces/ksql047/tests/integration/apicurio-registry/integration-tests/target/surefire/surefirebooter-20250812145209741_3.jar /home/runner/work/apicurio-testing/apicurio-testing/clusters/ci419/namespaces/ksql047/tests/integration/apicurio-registry/integration-tests/target/surefire 2025-08-12T14-52-09_661-jvmRun1 surefire-20250812145209741_1tmp surefire_0-20250812145209741_2tmp"/>
    <property name="maven.home" value="/home/runner/.m2/wrapper/dists/apache-maven-3.9.8-bin/4fnp1ql35bgk2a0p7m31ovbgb0/apache-maven-3.9.8"/>
    <property name="jdk.debug" value="release"/>
    <property name="surefire.test.class.path" value="/home/runner/work/apicurio-testing/apicurio-testing/clusters/ci419/namespaces/ksql047/tests/integration/apicurio-registry/integration-tests/target/test-classes:/home/runner/work/apicurio-testing/apicurio-testing/clusters/ci419/namespaces/ksql047/tests/integration/apicurio-registry/integration-tests/target/apicurio-registry-integration-tests-3.0.12-SNAPSHOT.jar:/home/runner/.m2/repository/io/quarkus/quarkus-junit5/3.20.2/quarkus-junit5-3.20.2.jar:/home/runner/.m2/repository/io/quarkus/quarkus-bootstrap-core/3.20.2/quarkus-bootstrap-core-3.20.2.jar:/home/runner/.m2/repository/io/quarkus/quarkus-classloader-commons/3.20.2/quarkus-classloader-commons-3.20.2.jar:/home/runner/.m2/repository/io/quarkus/quarkus-bootstrap-app-model/3.20.2/quarkus-bootstrap-app-model-3.20.2.jar:/home/runner/.m2/repository/io/smallrye/common/smallrye-common-io/2.12.0/smallrye-common-io-2.12.0.jar:/home/runner/.m2/repository/org/eclipse/sisu/org.eclipse.sisu.inject/0.9.0.M3/org.eclipse.sisu.inject-0.9.0.M3.jar:/home/runner/.m2/repository/io/quarkus/quarkus-test-common/3.20.2/quarkus-test-common-3.20.2.jar:/home/runner/.m2/repository/io/quarkus/quarkus-core-deployment/3.20.2/quarkus-core-deployment-3.20.2.jar:/home/runner/.m2/repository/org/aesh/readline/2.6/readline-2.6.jar:/home/runner/.m2/repository/org/fusesource/jansi/jansi/2.4.0/jansi-2.4.0.jar:/home/runner/.m2/repository/org/aesh/aesh/2.8.2/aesh-2.8.2.jar:/home/runner/.m2/repository/io/quarkus/gizmo/gizmo/1.8.0/gizmo-1.8.0.jar:/home/runner/.m2/repository/org/ow2/asm/asm-util/9.7.1/asm-util-9.7.1.jar:/home/runner/.m2/repository/org/ow2/asm/asm-analysis/9.7.1/asm-analysis-9.7.1.jar:/home/runner/.m2/repository/org/ow2/asm/asm-commons/9.7.1/asm-commons-9.7.1.jar:/home/runner/.m2/repository/org/ow2/asm/asm-tree/9.7.1/asm-tree-9.7.1.jar:/home/runner/.m2/repository/io/quarkus/quarkus-hibernate-validator-spi/3.20.2/quarkus-hibernate-validator-spi-3.20.2.jar:/home/runner/.m2/repository/io/quarkus/quarkus-class-change-agent/3.20.2/quarkus-class-change-agent-3.20.2.jar:/home/runner/.m2/repository/io/quarkus/quarkus-devtools-utilities/3.20.2/quarkus-devtools-utilities-3.20.2.jar:/home/runner/.m2/repository/io/quarkus/quarkus-builder/3.20.2/quarkus-builder-3.20.2.jar:/home/runner/.m2/repository/org/graalvm/sdk/nativeimage/23.1.2/nativeimage-23.1.2.jar:/home/runner/.m2/repository/org/graalvm/sdk/word/23.1.2/word-23.1.2.jar:/home/runner/.m2/repository/io/quarkus/quarkus-bootstrap-maven-resolver/3.20.2/quarkus-bootstrap-maven-resolver-3.20.2.jar:/home/runner/.m2/repository/io/smallrye/beanbag/smallrye-beanbag-maven/1.5.2/smallrye-beanbag-maven-1.5.2.jar:/home/runner/.m2/repository/io/smallrye/beanbag/smallrye-beanbag-sisu/1.5.2/smallrye-beanbag-sisu-1.5.2.jar:/home/runner/.m2/repository/io/smallrye/beanbag/smallrye-beanbag/1.5.2/smallrye-beanbag-1.5.2.jar:/home/runner/.m2/repository/javax/inject/javax.inject/1/javax.inject-1.jar:/home/runner/.m2/repository/org/apache/maven/maven-artifact/3.9.9/maven-artifact-3.9.9.jar:/home/runner/.m2/repository/org/apache/maven/maven-builder-support/3.9.9/maven-builder-support-3.9.9.jar:/home/runner/.m2/repository/org/apache/maven/maven-model/3.9.9/maven-model-3.9.9.jar:/home/runner/.m2/repository/org/apache/maven/maven-model-builder/3.9.9/maven-model-builder-3.9.9.jar:/home/runner/.m2/repository/org/apache/maven/maven-repository-metadata/3.9.9/maven-repository-metadata-3.9.9.jar:/home/runner/.m2/repository/org/apache/maven/maven-settings/3.9.9/maven-settings-3.9.9.jar:/home/runner/.m2/repository/org/apache/maven/resolver/maven-resolver-api/1.9.22/maven-resolver-api-1.9.22.jar:/home/runner/.m2/repository/org/apache/maven/resolver/maven-resolver-impl/1.9.22/maven-resolver-impl-1.9.22.jar:/home/runner/.m2/repository/org/apache/maven/resolver/maven-resolver-named-locks/1.9.22/maven-resolver-named-locks-1.9.22.jar:/home/runner/.m2/repository/org/apache/maven/resolver/maven-resolver-spi/1.9.22/maven-resolver-spi-1.9.22.jar:/home/runner/.m2/repository/org/apache/maven/resolver/maven-resolver-util/1.9.22/maven-resolver-util-1.9.22.jar:/home/runner/.m2/repository/org/apache/maven/resolver/maven-resolver-transport-http/1.9.20/maven-resolver-transport-http-1.9.20.jar:/home/runner/.m2/repository/org/apache/maven/wagon/wagon-provider-api/3.5.3/wagon-provider-api-3.5.3.jar:/home/runner/.m2/repository/org/apache/maven/wagon/wagon-http-shared/3.5.3/wagon-http-shared-3.5.3.jar:/home/runner/.m2/repository/org/codehaus/plexus/plexus-interpolation/1.26/plexus-interpolation-1.26.jar:/home/runner/.m2/repository/org/codehaus/plexus/plexus-utils/3.5.1/plexus-utils-3.5.1.jar:/home/runner/.m2/repository/org/codehaus/plexus/plexus-xml/4.0.1/plexus-xml-4.0.1.jar:/home/runner/.m2/repository/org/apache/maven/maven-xml-impl/4.0.0-alpha-5/maven-xml-impl-4.0.0-alpha-5.jar:/home/runner/.m2/repository/org/apache/maven/maven-api-xml/4.0.0-alpha-5/maven-api-xml-4.0.0-alpha-5.jar:/home/runner/.m2/repository/org/apache/maven/maven-api-meta/4.0.0-alpha-5/maven-api-meta-4.0.0-alpha-5.jar:/home/runner/.m2/repository/org/codehaus/plexus/plexus-cipher/2.0/plexus-cipher-2.0.jar:/home/runner/.m2/repository/org/codehaus/plexus/plexus-sec-dispatcher/2.0/plexus-sec-dispatcher-2.0.jar:/home/runner/.m2/repository/org/apache/maven/maven-embedder/3.9.9/maven-embedder-3.9.9.jar:/home/runner/.m2/repository/org/apache/maven/maven-core/3.9.9/maven-core-3.9.9.jar:/home/runner/.m2/repository/org/codehaus/plexus/plexus-component-annotations/2.1.0/plexus-component-annotations-2.1.0.jar:/home/runner/.m2/repository/org/apache/maven/maven-plugin-api/3.9.9/maven-plugin-api-3.9.9.jar:/home/runner/.m2/repository/org/apache/maven/shared/maven-shared-utils/3.4.2/maven-shared-utils-3.4.2.jar:/home/runner/.m2/repository/com/google/inject/guice/5.1.0/guice-5.1.0.jar:/home/runner/.m2/repository/aopalliance/aopalliance/1.0/aopalliance-1.0.jar:/home/runner/.m2/repository/org/codehaus/plexus/plexus-classworlds/2.6.0/plexus-classworlds-2.6.0.jar:/home/runner/.m2/repository/commons-cli/commons-cli/1.8.0/commons-cli-1.8.0.jar:/home/runner/.m2/repository/org/eclipse/sisu/org.eclipse.sisu.plexus/0.9.0.M3/org.eclipse.sisu.plexus-0.9.0.M3.jar:/home/runner/.m2/repository/org/apache/maven/maven-settings-builder/3.9.9/maven-settings-builder-3.9.9.jar:/home/runner/.m2/repository/org/apache/maven/maven-resolver-provider/3.9.9/maven-resolver-provider-3.9.9.jar:/home/runner/.m2/repository/org/apache/maven/resolver/maven-resolver-connector-basic/1.9.22/maven-resolver-connector-basic-1.9.22.jar:/home/runner/.m2/repository/org/apache/maven/resolver/maven-resolver-transport-wagon/1.9.22/maven-resolver-transport-wagon-1.9.22.jar:/home/runner/.m2/repository/org/apache/maven/wagon/wagon-http/3.5.3/wagon-http-3.5.3.jar:/home/runner/.m2/repository/org/apache/maven/wagon/wagon-file/3.5.3/wagon-file-3.5.3.jar:/home/runner/.m2/repository/io/quarkus/quarkus-bootstrap-gradle-resolver/3.20.2/quarkus-bootstrap-gradle-resolver-3.20.2.jar:/home/runner/.m2/repository/io/smallrye/jandex/3.3.0/jandex-3.3.0.jar:/home/runner/.m2/repository/org/jboss/logging/commons-logging-jboss-logging/1.0.0.Final/commons-logging-jboss-logging-1.0.0.Final.jar:/home/runner/.m2/repository/io/quarkus/quarkus-junit5-config/3.20.2/quarkus-junit5-config-3.20.2.jar:/home/runner/.m2/repository/org/junit/jupiter/junit-jupiter-api/5.12.1/junit-jupiter-api-5.12.1.jar:/home/runner/.m2/repository/io/smallrye/config/smallrye-config/3.11.4/smallrye-config-3.11.4.jar:/home/runner/.m2/repository/io/smallrye/config/smallrye-config-core/3.11.4/smallrye-config-core-3.11.4.jar:/home/runner/.m2/repository/io/smallrye/common/smallrye-common-classloader/2.12.0/smallrye-common-classloader-2.12.0.jar:/home/runner/.m2/repository/io/smallrye/config/smallrye-config-common/3.11.4/smallrye-config-common-3.11.4.jar:/home/runner/.m2/repository/org/junit/jupiter/junit-jupiter/5.12.1/junit-jupiter-5.12.1.jar:/home/runner/.m2/repository/org/junit/jupiter/junit-jupiter-params/5.12.1/junit-jupiter-params-5.12.1.jar:/home/runner/.m2/repository/org/junit/jupiter/junit-jupiter-engine/5.12.1/junit-jupiter-engine-5.12.1.jar:/home/runner/.m2/repository/io/quarkus/quarkus-core/3.20.2/quarkus-core-3.20.2.jar:/home/runner/.m2/repository/jakarta/enterprise/jakarta.enterprise.cdi-api/4.1.0/jakarta.enterprise.cdi-api-4.1.0.jar:/home/runner/.m2/repository/jakarta/enterprise/jakarta.enterprise.lang-model/4.1.0/jakarta.enterprise.lang-model-4.1.0.jar:/home/runner/.m2/repository/jakarta/el/jakarta.el-api/5.0.1/jakarta.el-api-5.0.1.jar:/home/runner/.m2/repository/jakarta/interceptor/jakarta.interceptor-api/2.2.0/jakarta.interceptor-api-2.2.0.jar:/home/runner/.m2/repository/jakarta/inject/jakarta.inject-api/2.0.1/jakarta.inject-api-2.0.1.jar:/home/runner/.m2/repository/io/smallrye/common/smallrye-common-os/2.12.0/smallrye-common-os-2.12.0.jar:/home/runner/.m2/repository/io/quarkus/quarkus-ide-launcher/3.20.2/quarkus-ide-launcher-3.20.2.jar:/home/runner/.m2/repository/io/quarkus/quarkus-development-mode-spi/3.20.2/quarkus-development-mode-spi-3.20.2.jar:/home/runner/.m2/repository/org/jboss/logging/jboss-logging/3.6.1.Final/jboss-logging-3.6.1.Final.jar:/home/runner/.m2/repository/org/jboss/logmanager/jboss-logmanager/3.1.2.Final/jboss-logmanager-3.1.2.Final.jar:/home/runner/.m2/repository/io/smallrye/common/smallrye-common-constraint/2.12.0/smallrye-common-constraint-2.12.0.jar:/home/runner/.m2/repository/io/smallrye/common/smallrye-common-cpu/2.12.0/smallrye-common-cpu-2.12.0.jar:/home/runner/.m2/repository/io/smallrye/common/smallrye-common-expression/2.12.0/smallrye-common-expression-2.12.0.jar:/home/runner/.m2/repository/io/smallrye/common/smallrye-common-net/2.12.0/smallrye-common-net-2.12.0.jar:/home/runner/.m2/repository/io/smallrye/common/smallrye-common-ref/2.12.0/smallrye-common-ref-2.12.0.jar:/home/runner/.m2/repository/jakarta/json/jakarta.json-api/2.1.3/jakarta.json-api-2.1.3.jar:/home/runner/.m2/repository/org/eclipse/parsson/parsson/1.1.7/parsson-1.1.7.jar:/home/runner/.m2/repository/org/jboss/logging/jboss-logging-annotations/3.0.4.Final/jboss-logging-annotations-3.0.4.Final.jar:/home/runner/.m2/repository/org/jboss/threads/jboss-threads/3.8.0.Final/jboss-threads-3.8.0.Final.jar:/home/runner/.m2/repository/io/smallrye/common/smallrye-common-annotation/2.12.0/smallrye-common-annotation-2.12.0.jar:/home/runner/.m2/repository/io/smallrye/common/smallrye-common-function/2.12.0/smallrye-common-function-2.12.0.jar:/home/runner/.m2/repository/org/jboss/slf4j/slf4j-jboss-logmanager/2.0.0.Final/slf4j-jboss-logmanager-2.0.0.Final.jar:/home/runner/.m2/repository/org/wildfly/common/wildfly-common/2.0.1/wildfly-common-2.0.1.jar:/home/runner/.m2/repository/io/quarkus/quarkus-bootstrap-runner/3.20.2/quarkus-bootstrap-runner-3.20.2.jar:/home/runner/.m2/repository/io/github/crac/org-crac/0.1.3/org-crac-0.1.3.jar:/home/runner/.m2/repository/io/quarkus/quarkus-fs-util/0.0.10/quarkus-fs-util-0.0.10.jar:/home/runner/.m2/repository/org/jboss/marshalling/jboss-marshalling/2.2.2.Final/jboss-marshalling-2.2.2.Final.jar:/home/runner/.m2/repository/io/fabric8/kubernetes-client/7.1.0/kubernetes-client-7.1.0.jar:/home/runner/.m2/repository/io/fabric8/kubernetes-client-api/7.1.0/kubernetes-client-api-7.1.0.jar:/home/runner/.m2/repository/io/fabric8/kubernetes-model-core/7.1.0/kubernetes-model-core-7.1.0.jar:/home/runner/.m2/repository/io/fabric8/kubernetes-model-common/7.1.0/kubernetes-model-common-7.1.0.jar:/home/runner/.m2/repository/javax/annotation/javax.annotation-api/1.3.2/javax.annotation-api-1.3.2.jar:/home/runner/.m2/repository/io/fabric8/kubernetes-model-gatewayapi/7.1.0/kubernetes-model-gatewayapi-7.1.0.jar:/home/runner/.m2/repository/io/fabric8/kubernetes-model-resource/7.1.0/kubernetes-model-resource-7.1.0.jar:/home/runner/.m2/repository/io/fabric8/kubernetes-model-rbac/7.1.0/kubernetes-model-rbac-7.1.0.jar:/home/runner/.m2/repository/io/fabric8/kubernetes-model-admissionregistration/7.1.0/kubernetes-model-admissionregistration-7.1.0.jar:/home/runner/.m2/repository/io/fabric8/kubernetes-model-apps/7.1.0/kubernetes-model-apps-7.1.0.jar:/home/runner/.m2/repository/io/fabric8/kubernetes-model-autoscaling/7.1.0/kubernetes-model-autoscaling-7.1.0.jar:/home/runner/.m2/repository/io/fabric8/kubernetes-model-apiextensions/7.1.0/kubernetes-model-apiextensions-7.1.0.jar:/home/runner/.m2/repository/io/fabric8/kubernetes-model-batch/7.1.0/kubernetes-model-batch-7.1.0.jar:/home/runner/.m2/repository/io/fabric8/kubernetes-model-certificates/7.1.0/kubernetes-model-certificates-7.1.0.jar:/home/runner/.m2/repository/io/fabric8/kubernetes-model-coordination/7.1.0/kubernetes-model-coordination-7.1.0.jar:/home/runner/.m2/repository/io/fabric8/kubernetes-model-discovery/7.1.0/kubernetes-model-discovery-7.1.0.jar:/home/runner/.m2/repository/io/fabric8/kubernetes-model-events/7.1.0/kubernetes-model-events-7.1.0.jar:/home/runner/.m2/repository/io/fabric8/kubernetes-model-extensions/7.1.0/kubernetes-model-extensions-7.1.0.jar:/home/runner/.m2/repository/io/fabric8/kubernetes-model-flowcontrol/7.1.0/kubernetes-model-flowcontrol-7.1.0.jar:/home/runner/.m2/repository/io/fabric8/kubernetes-model-networking/7.1.0/kubernetes-model-networking-7.1.0.jar:/home/runner/.m2/repository/io/fabric8/kubernetes-model-metrics/7.1.0/kubernetes-model-metrics-7.1.0.jar:/home/runner/.m2/repository/io/fabric8/kubernetes-model-policy/7.1.0/kubernetes-model-policy-7.1.0.jar:/home/runner/.m2/repository/io/fabric8/kubernetes-model-scheduling/7.1.0/kubernetes-model-scheduling-7.1.0.jar:/home/runner/.m2/repository/io/fabric8/kubernetes-model-storageclass/7.1.0/kubernetes-model-storageclass-7.1.0.jar:/home/runner/.m2/repository/io/fabric8/kubernetes-model-node/7.1.0/kubernetes-model-node-7.1.0.jar:/home/runner/.m2/repository/org/snakeyaml/snakeyaml-engine/2.9/snakeyaml-engine-2.9.jar:/home/runner/.m2/repository/com/fasterxml/jackson/dataformat/jackson-dataformat-yaml/2.18.2/jackson-dataformat-yaml-2.18.2.jar:/home/runner/.m2/repository/com/fasterxml/jackson/datatype/jackson-datatype-jsr310/2.18.2/jackson-datatype-jsr310-2.18.2.jar:/home/runner/.m2/repository/io/fabric8/zjsonpatch/7.1.0/zjsonpatch-7.1.0.jar:/home/runner/.m2/repository/io/fabric8/kubernetes-httpclient-vertx/7.1.0/kubernetes-httpclient-vertx-7.1.0.jar:/home/runner/.m2/repository/io/vertx/vertx-web-client/4.5.16/vertx-web-client-4.5.16.jar:/home/runner/.m2/repository/io/vertx/vertx-web-common/4.5.16/vertx-web-common-4.5.16.jar:/home/runner/.m2/repository/io/vertx/vertx-auth-common/4.5.16/vertx-auth-common-4.5.16.jar:/home/runner/.m2/repository/io/vertx/vertx-uri-template/4.5.16/vertx-uri-template-4.5.16.jar:/home/runner/.m2/repository/io/fabric8/openshift-client/7.1.0/openshift-client-7.1.0.jar:/home/runner/.m2/repository/io/fabric8/openshift-client-api/7.1.0/openshift-client-api-7.1.0.jar:/home/runner/.m2/repository/io/fabric8/openshift-model/7.1.0/openshift-model-7.1.0.jar:/home/runner/.m2/repository/io/fabric8/openshift-model-autoscaling/7.1.0/openshift-model-autoscaling-7.1.0.jar:/home/runner/.m2/repository/io/fabric8/openshift-model-operator/7.1.0/openshift-model-operator-7.1.0.jar:/home/runner/.m2/repository/io/fabric8/openshift-model-operatorhub/7.1.0/openshift-model-operatorhub-7.1.0.jar:/home/runner/.m2/repository/io/fabric8/openshift-model-machine/7.1.0/openshift-model-machine-7.1.0.jar:/home/runner/.m2/repository/io/fabric8/openshift-model-whereabouts/7.1.0/openshift-model-whereabouts-7.1.0.jar:/home/runner/.m2/repository/io/fabric8/openshift-model-monitoring/7.1.0/openshift-model-monitoring-7.1.0.jar:/home/runner/.m2/repository/io/fabric8/openshift-model-storageversionmigrator/7.1.0/openshift-model-storageversionmigrator-7.1.0.jar:/home/runner/.m2/repository/io/fabric8/openshift-model-tuned/7.1.0/openshift-model-tuned-7.1.0.jar:/home/runner/.m2/repository/io/fabric8/openshift-model-console/7.1.0/openshift-model-console-7.1.0.jar:/home/runner/.m2/repository/io/fabric8/openshift-model-config/7.1.0/openshift-model-config-7.1.0.jar:/home/runner/.m2/repository/io/fabric8/openshift-model-machineconfiguration/7.1.0/openshift-model-machineconfiguration-7.1.0.jar:/home/runner/.m2/repository/io/fabric8/openshift-model-miscellaneous/7.1.0/openshift-model-miscellaneous-7.1.0.jar:/home/runner/.m2/repository/io/fabric8/openshift-model-hive/7.1.0/openshift-model-hive-7.1.0.jar:/home/runner/.m2/repository/io/fabric8/openshift-model-installer/7.1.0/openshift-model-installer-7.1.0.jar:/home/runner/.m2/repository/org/junit/platform/junit-platform-launcher/1.12.1/junit-platform-launcher-1.12.1.jar:/home/runner/.m2/repository/org/junit/platform/junit-platform-engine/1.12.1/junit-platform-engine-1.12.1.jar:/home/runner/.m2/repository/org/opentest4j/opentest4j/1.3.0/opentest4j-1.3.0.jar:/home/runner/.m2/repository/org/junit/platform/junit-platform-commons/1.12.1/junit-platform-commons-1.12.1.jar:/home/runner/.m2/repository/org/apiguardian/apiguardian-api/1.1.2/apiguardian-api-1.1.2.jar:/home/runner/.m2/repository/jakarta/ws/rs/jakarta.ws.rs-api/3.1.0/jakarta.ws.rs-api-3.1.0.jar:/home/runner/work/apicurio-testing/apicurio-testing/clusters/ci419/namespaces/ksql047/tests/integration/apicurio-registry/java-sdk/target/apicurio-registry-java-sdk-3.0.12-SNAPSHOT.jar:/home/runner/.m2/repository/com/microsoft/kiota/microsoft-kiota-abstractions/1.8.9/microsoft-kiota-abstractions-1.8.9.jar:/home/runner/.m2/repository/io/github/std-uritemplate/std-uritemplate/2.0.0/std-uritemplate-2.0.0.jar:/home/runner/.m2/repository/io/kiota/kiota-http-jdk/0.0.29/kiota-http-jdk-0.0.29.jar:/home/runner/.m2/repository/io/kiota/kiota-http-vertx/0.0.29/kiota-http-vertx-0.0.29.jar:/home/runner/.m2/repository/io/kiota/kiota-serialization-jackson/0.0.29/kiota-serialization-jackson-0.0.29.jar:/home/runner/.m2/repository/com/microsoft/kiota/microsoft-kiota-serialization-text/1.8.9/microsoft-kiota-serialization-text-1.8.9.jar:/home/runner/.m2/repository/com/microsoft/kiota/microsoft-kiota-serialization-form/1.8.9/microsoft-kiota-serialization-form-1.8.9.jar:/home/runner/.m2/repository/com/microsoft/kiota/microsoft-kiota-serialization-multipart/1.8.9/microsoft-kiota-serialization-multipart-1.8.9.jar:/home/runner/.m2/repository/jakarta/annotation/jakarta.annotation-api/3.0.0/jakarta.annotation-api-3.0.0.jar:/home/runner/.m2/repository/io/vertx/vertx-auth-oauth2/4.5.16/vertx-auth-oauth2-4.5.16.jar:/home/runner/work/apicurio-testing/apicurio-testing/clusters/ci419/namespaces/ksql047/tests/integration/apicurio-registry/java-sdk-v2/target/apicurio-registry-v2-java-sdk-3.0.12-SNAPSHOT.jar:/home/runner/work/apicurio-testing/apicurio-testing/clusters/ci419/namespaces/ksql047/tests/integration/apicurio-registry/utils/kafka/target/apicurio-registry-utils-kafka-3.0.12-SNAPSHOT-tests.jar:/home/runner/.m2/repository/org/eclipse/microprofile/config/microprofile-config-api/3.1/microprofile-config-api-3.1.jar:/home/runner/.m2/repository/org/apache/kafka/kafka-clients/3.9.1/kafka-clients-3.9.1.jar:/home/runner/.m2/repository/com/github/luben/zstd-jni/1.5.6-4/zstd-jni-1.5.6-4.jar:/home/runner/.m2/repository/org/lz4/lz4-java/1.8.0/lz4-java-1.8.0.jar:/home/runner/.m2/repository/org/xerial/snappy/snappy-java/1.1.10.5/snappy-java-1.1.10.5.jar:/home/runner/.m2/repository/org/slf4j/slf4j-api/2.0.6/slf4j-api-2.0.6.jar:/home/runner/work/apicurio-testing/apicurio-testing/clusters/ci419/namespaces/ksql047/tests/integration/apicurio-registry/utils/tests/target/apicurio-registry-utils-tests-3.0.12-SNAPSHOT.jar:/home/runner/work/apicurio-testing/apicurio-testing/clusters/ci419/namespaces/ksql047/tests/integration/apicurio-registry/common/target/apicurio-registry-common-3.0.12-SNAPSHOT.jar:/home/runner/.m2/repository/jakarta/validation/jakarta.validation-api/3.0.2/jakarta.validation-api-3.0.2.jar:/home/runner/.m2/repository/com/github/dasniko/testcontainers-keycloak/3.8.0/testcontainers-keycloak-3.8.0.jar:/home/runner/.m2/repository/org/testcontainers/testcontainers/1.20.6/testcontainers-1.20.6.jar:/home/runner/.m2/repository/org/rnorth/duct-tape/duct-tape/1.0.8/duct-tape-1.0.8.jar:/home/runner/.m2/repository/com/github/docker-java/docker-java-transport-zerodep/3.4.1/docker-java-transport-zerodep-3.4.1.jar:/home/runner/.m2/repository/com/github/docker-java/docker-java-transport/3.4.1/docker-java-transport-3.4.1.jar:/home/runner/.m2/repository/net/java/dev/jna/jna/5.8.0/jna-5.8.0.jar:/home/runner/.m2/repository/io/quarkus/quarkus-junit4-mock/3.20.2/quarkus-junit4-mock-3.20.2.jar:/home/runner/.m2/repository/org/jboss/shrinkwrap/shrinkwrap-api/2.0.0-beta-2/shrinkwrap-api-2.0.0-beta-2.jar:/home/runner/.m2/repository/org/jboss/shrinkwrap/shrinkwrap-impl-base/2.0.0-beta-2/shrinkwrap-impl-base-2.0.0-beta-2.jar:/home/runner/.m2/repository/org/jboss/shrinkwrap/shrinkwrap-spi/2.0.0-beta-2/shrinkwrap-spi-2.0.0-beta-2.jar:/home/runner/.m2/repository/org/keycloak/keycloak-admin-client/26.0.4/keycloak-admin-client-26.0.4.jar:/home/runner/.m2/repository/org/keycloak/keycloak-client-common-synced/26.0.4/keycloak-client-common-synced-26.0.4.jar:/home/runner/.m2/repository/jakarta/activation/jakarta.activation-api/2.1.3/jakarta.activation-api-2.1.3.jar:/home/runner/.m2/repository/org/eclipse/microprofile/openapi/microprofile-openapi-api/4.0.2/microprofile-openapi-api-4.0.2.jar:/home/runner/.m2/repository/org/jboss/resteasy/resteasy-client/6.2.12.Final/resteasy-client-6.2.12.Final.jar:/home/runner/.m2/repository/org/jboss/resteasy/resteasy-client-api/6.2.12.Final/resteasy-client-api-6.2.12.Final.jar:/home/runner/.m2/repository/org/jboss/resteasy/resteasy-core-spi/6.2.12.Final/resteasy-core-spi-6.2.12.Final.jar:/home/runner/.m2/repository/org/jboss/resteasy/resteasy-core/6.2.12.Final/resteasy-core-6.2.12.Final.jar:/home/runner/.m2/repository/org/eclipse/angus/angus-activation/2.0.2/angus-activation-2.0.2.jar:/home/runner/.m2/repository/com/ibm/async/asyncutil/0.1.0/asyncutil-0.1.0.jar:/home/runner/.m2/repository/org/reactivestreams/reactive-streams/1.0.4/reactive-streams-1.0.4.jar:/home/runner/.m2/repository/org/jboss/resteasy/resteasy-multipart-provider/6.2.12.Final/resteasy-multipart-provider-6.2.12.Final.jar:/home/runner/.m2/repository/jakarta/mail/jakarta.mail-api/2.1.3/jakarta.mail-api-2.1.3.jar:/home/runner/.m2/repository/org/eclipse/angus/angus-mail/2.0.3/angus-mail-2.0.3.jar:/home/runner/.m2/repository/org/apache/james/apache-mime4j-dom/0.8.12/apache-mime4j-dom-0.8.12.jar:/home/runner/.m2/repository/org/apache/james/apache-mime4j-core/0.8.12/apache-mime4j-core-0.8.12.jar:/home/runner/.m2/repository/org/apache/james/apache-mime4j-storage/0.8.12/apache-mime4j-storage-0.8.12.jar:/home/runner/.m2/repository/org/jboss/resteasy/resteasy-jackson2-provider/6.2.12.Final/resteasy-jackson2-provider-6.2.12.Final.jar:/home/runner/.m2/repository/com/fasterxml/jackson/jakarta/rs/jackson-jakarta-rs-base/2.18.2/jackson-jakarta-rs-base-2.18.2.jar:/home/runner/.m2/repository/com/fasterxml/jackson/jakarta/rs/jackson-jakarta-rs-json-provider/2.18.2/jackson-jakarta-rs-json-provider-2.18.2.jar:/home/runner/.m2/repository/com/fasterxml/jackson/module/jackson-module-jakarta-xmlbind-annotations/2.18.2/jackson-module-jakarta-xmlbind-annotations-2.18.2.jar:/home/runner/.m2/repository/com/github/java-json-tools/json-patch/1.13/json-patch-1.13.jar:/home/runner/.m2/repository/com/github/java-json-tools/msg-simple/1.2/msg-simple-1.2.jar:/home/runner/.m2/repository/com/github/java-json-tools/btf/1.3/btf-1.3.jar:/home/runner/.m2/repository/com/github/java-json-tools/jackson-coreutils/2.0/jackson-coreutils-2.0.jar:/home/runner/.m2/repository/org/jboss/resteasy/resteasy-jaxb-provider/6.2.12.Final/resteasy-jaxb-provider-6.2.12.Final.jar:/home/runner/.m2/repository/org/glassfish/jaxb/codemodel/4.0.5/codemodel-4.0.5.jar:/home/runner/.m2/repository/org/glassfish/jaxb/jaxb-core/4.0.5/jaxb-core-4.0.5.jar:/home/runner/.m2/repository/org/glassfish/jaxb/jaxb-jxc/4.0.5/jaxb-jxc-4.0.5.jar:/home/runner/.m2/repository/org/glassfish/jaxb/jaxb-runtime/4.0.5/jaxb-runtime-4.0.5.jar:/home/runner/.m2/repository/org/glassfish/jaxb/txw2/4.0.5/txw2-4.0.5.jar:/home/runner/.m2/repository/org/glassfish/jaxb/jaxb-xjc/4.0.5/jaxb-xjc-4.0.5.jar:/home/runner/.m2/repository/org/glassfish/jaxb/xsom/4.0.5/xsom-4.0.5.jar:/home/runner/.m2/repository/com/sun/istack/istack-commons-runtime/4.1.2/istack-commons-runtime-4.1.2.jar:/home/runner/.m2/repository/com/sun/istack/istack-commons-tools/4.1.2/istack-commons-tools-4.1.2.jar:/home/runner/.m2/repository/com/sun/xml/bind/external/relaxng-datatype/4.0.5/relaxng-datatype-4.0.5.jar:/home/runner/.m2/repository/com/sun/xml/bind/external/rngom/4.0.5/rngom-4.0.5.jar:/home/runner/.m2/repository/org/testcontainers/mssqlserver/1.20.6/mssqlserver-1.20.6.jar:/home/runner/.m2/repository/org/testcontainers/jdbc/1.20.6/jdbc-1.20.6.jar:/home/runner/.m2/repository/org/testcontainers/database-commons/1.20.6/database-commons-1.20.6.jar:/home/runner/.m2/repository/org/testcontainers/mysql/1.20.6/mysql-1.20.6.jar:/home/runner/.m2/repository/io/strimzi/strimzi-test-container/0.111.0/strimzi-test-container-0.111.0.jar:/home/runner/.m2/repository/org/testcontainers/toxiproxy/1.20.6/toxiproxy-1.20.6.jar:/home/runner/.m2/repository/com/github/docker-java/docker-java-api/3.4.1/docker-java-api-3.4.1.jar:/home/runner/.m2/repository/org/apache/logging/log4j/log4j-slf4j-impl/2.19.0/log4j-slf4j-impl-2.19.0.jar:/home/runner/.m2/repository/org/apache/logging/log4j/log4j-api/2.24.3/log4j-api-2.24.3.jar:/home/runner/.m2/repository/org/apache/logging/log4j/log4j-core/2.19.0/log4j-core-2.19.0.jar:/home/runner/.m2/repository/eu/rekawek/toxiproxy/toxiproxy-java/2.1.7/toxiproxy-java-2.1.7.jar:/home/runner/.m2/repository/org/testcontainers/pulsar/1.21.3/pulsar-1.21.3.jar:/home/runner/.m2/repository/io/debezium/debezium-testing-testcontainers/2.7.4.Final/debezium-testing-testcontainers-2.7.4.Final.jar:/home/runner/.m2/repository/org/testcontainers/kafka/1.20.6/kafka-1.20.6.jar:/home/runner/.m2/repository/com/squareup/okhttp3/okhttp/4.8.1/okhttp-4.8.1.jar:/home/runner/.m2/repository/com/squareup/okio/okio/3.10.2/okio-3.10.2.jar:/home/runner/.m2/repository/com/squareup/okio/okio-jvm/3.10.2/okio-jvm-3.10.2.jar:/home/runner/.m2/repository/org/jetbrains/kotlin/kotlin-stdlib/2.0.21/kotlin-stdlib-2.0.21.jar:/home/runner/.m2/repository/org/awaitility/awaitility/4.3.0/awaitility-4.3.0.jar:/home/runner/.m2/repository/org/testcontainers/mongodb/1.20.6/mongodb-1.20.6.jar:/home/runner/.m2/repository/org/testcontainers/mariadb/1.20.6/mariadb-1.20.6.jar:/home/runner/.m2/repository/org/testcontainers/oracle-xe/1.20.6/oracle-xe-1.20.6.jar:/home/runner/.m2/repository/org/testcontainers/postgresql/1.20.6/postgresql-1.20.6.jar:/home/runner/.m2/repository/org/wiremock/wiremock/3.0.1/wiremock-3.0.1.jar:/home/runner/.m2/repository/org/eclipse/jetty/jetty-server/11.0.15/jetty-server-11.0.15.jar:/home/runner/.m2/repository/org/eclipse/jetty/toolchain/jetty-jakarta-servlet-api/5.0.2/jetty-jakarta-servlet-api-5.0.2.jar:/home/runner/.m2/repository/org/eclipse/jetty/jetty-http/11.0.15/jetty-http-11.0.15.jar:/home/runner/.m2/repository/org/eclipse/jetty/jetty-io/11.0.15/jetty-io-11.0.15.jar:/home/runner/.m2/repository/org/eclipse/jetty/jetty-servlet/11.0.15/jetty-servlet-11.0.15.jar:/home/runner/.m2/repository/org/eclipse/jetty/jetty-security/11.0.15/jetty-security-11.0.15.jar:/home/runner/.m2/repository/org/eclipse/jetty/jetty-servlets/11.0.15/jetty-servlets-11.0.15.jar:/home/runner/.m2/repository/org/eclipse/jetty/jetty-util/11.0.15/jetty-util-11.0.15.jar:/home/runner/.m2/repository/org/eclipse/jetty/jetty-webapp/11.0.15/jetty-webapp-11.0.15.jar:/home/runner/.m2/repository/org/eclipse/jetty/jetty-xml/11.0.15/jetty-xml-11.0.15.jar:/home/runner/.m2/repository/org/eclipse/jetty/jetty-proxy/11.0.15/jetty-proxy-11.0.15.jar:/home/runner/.m2/repository/org/eclipse/jetty/jetty-client/11.0.15/jetty-client-11.0.15.jar:/home/runner/.m2/repository/org/eclipse/jetty/http2/http2-server/11.0.15/http2-server-11.0.15.jar:/home/runner/.m2/repository/org/eclipse/jetty/http2/http2-common/11.0.15/http2-common-11.0.15.jar:/home/runner/.m2/repository/org/eclipse/jetty/http2/http2-hpack/11.0.15/http2-hpack-11.0.15.jar:/home/runner/.m2/repository/org/eclipse/jetty/jetty-alpn-server/11.0.15/jetty-alpn-server-11.0.15.jar:/home/runner/.m2/repository/org/eclipse/jetty/jetty-alpn-java-server/11.0.15/jetty-alpn-java-server-11.0.15.jar:/home/runner/.m2/repository/org/eclipse/jetty/jetty-alpn-java-client/11.0.15/jetty-alpn-java-client-11.0.15.jar:/home/runner/.m2/repository/org/eclipse/jetty/jetty-alpn-client/11.0.15/jetty-alpn-client-11.0.15.jar:/home/runner/.m2/repository/org/apache/httpcomponents/client5/httpclient5/5.2.1/httpclient5-5.2.1.jar:/home/runner/.m2/repository/org/apache/httpcomponents/core5/httpcore5/5.2/httpcore5-5.2.jar:/home/runner/.m2/repository/org/apache/httpcomponents/core5/httpcore5-h2/5.2/httpcore5-h2-5.2.jar:/home/runner/.m2/repository/org/xmlunit/xmlunit-core/2.9.1/xmlunit-core-2.9.1.jar:/home/runner/.m2/repository/jakarta/xml/bind/jakarta.xml.bind-api/4.0.2/jakarta.xml.bind-api-4.0.2.jar:/home/runner/.m2/repository/org/xmlunit/xmlunit-legacy/2.9.1/xmlunit-legacy-2.9.1.jar:/home/runner/.m2/repository/org/xmlunit/xmlunit-placeholders/2.9.1/xmlunit-placeholders-2.9.1.jar:/home/runner/.m2/repository/net/javacrumbs/json-unit/json-unit-core/2.38.0/json-unit-core-2.38.0.jar:/home/runner/.m2/repository/org/hamcrest/hamcrest-core/2.2/hamcrest-core-2.2.jar:/home/runner/.m2/repository/com/jayway/jsonpath/json-path/2.8.0/json-path-2.8.0.jar:/home/runner/.m2/repository/net/minidev/json-smart/2.4.10/json-smart-2.4.10.jar:/home/runner/.m2/repository/net/minidev/accessors-smart/2.4.9/accessors-smart-2.4.9.jar:/home/runner/.m2/repository/org/ow2/asm/asm/9.7.1/asm-9.7.1.jar:/home/runner/.m2/repository/net/sf/jopt-simple/jopt-simple/5.0.4/jopt-simple-5.0.4.jar:/home/runner/.m2/repository/com/github/jknack/handlebars/4.3.1/handlebars-4.3.1.jar:/home/runner/.m2/repository/com/github/jknack/handlebars-helpers/4.3.1/handlebars-helpers-4.3.1.jar:/home/runner/.m2/repository/commons-fileupload/commons-fileupload/1.5/commons-fileupload-1.5.jar:/home/runner/.m2/repository/com/networknt/json-schema-validator/1.5.8/json-schema-validator-1.5.8.jar:/home/runner/.m2/repository/com/ethlo/time/itu/1.10.3/itu-1.10.3.jar:/home/runner/.m2/repository/io/quarkus/quarkus-smallrye-jwt-build/3.20.2/quarkus-smallrye-jwt-build-3.20.2.jar:/home/runner/.m2/repository/io/smallrye/smallrye-jwt-build/4.6.2/smallrye-jwt-build-4.6.2.jar:/home/runner/.m2/repository/org/eclipse/microprofile/jwt/microprofile-jwt-auth-api/2.1/microprofile-jwt-auth-api-2.1.jar:/home/runner/.m2/repository/org/bitbucket/b_c/jose4j/0.9.6/jose4j-0.9.6.jar:/home/runner/.m2/repository/io/smallrye/smallrye-jwt-common/4.6.2/smallrye-jwt-common-4.6.2.jar:/home/runner/.m2/repository/io/quarkus/quarkus-jsonp/3.20.2/quarkus-jsonp-3.20.2.jar:/home/runner/.m2/repository/io/quarkus/quarkus-arc/3.20.2/quarkus-arc-3.20.2.jar:/home/runner/.m2/repository/io/quarkus/arc/arc/3.20.2/arc-3.20.2.jar:/home/runner/.m2/repository/jakarta/transaction/jakarta.transaction-api/2.0.1/jakarta.transaction-api-2.0.1.jar:/home/runner/.m2/repository/io/smallrye/reactive/mutiny/2.9.2/mutiny-2.9.2.jar:/home/runner/.m2/repository/org/jctools/jctools-core/4.0.5/jctools-core-4.0.5.jar:/home/runner/.m2/repository/org/eclipse/microprofile/context-propagation/microprofile-context-propagation-api/1.3/microprofile-context-propagation-api-1.3.jar:/home/runner/.m2/repository/io/apicurio/apicurio-common-rest-client-common/0.1.18.Final/apicurio-common-rest-client-common-0.1.18.Final.jar:/home/runner/work/apicurio-testing/apicurio-testing/clusters/ci419/namespaces/ksql047/tests/integration/apicurio-registry/utils/maven-plugin/target/apicurio-registry-maven-plugin-3.0.12-SNAPSHOT.jar:/home/runner/.m2/repository/com/fasterxml/jackson/core/jackson-databind/2.18.2/jackson-databind-2.18.2.jar:/home/runner/.m2/repository/org/apache/avro/avro/1.12.0/avro-1.12.0.jar:/home/runner/.m2/repository/com/google/protobuf/protobuf-java/4.31.1/protobuf-java-4.31.1.jar:/home/runner/.m2/repository/com/google/protobuf/protobuf-java-util/4.31.1/protobuf-java-util-4.31.1.jar:/home/runner/.m2/repository/com/google/code/findbugs/jsr305/3.0.2/jsr305-3.0.2.jar:/home/runner/.m2/repository/com/google/code/gson/gson/2.12.1/gson-2.12.1.jar:/home/runner/.m2/repository/com/google/errorprone/error_prone_annotations/2.36.0/error_prone_annotations-2.36.0.jar:/home/runner/.m2/repository/com/google/j2objc/j2objc-annotations/2.8/j2objc-annotations-2.8.jar:/home/runner/work/apicurio-testing/apicurio-testing/clusters/ci419/namespaces/ksql047/tests/integration/apicurio-registry/schema-util/util-provider/target/apicurio-registry-schema-util-provider-3.0.12-SNAPSHOT.jar:/home/runner/work/apicurio-testing/apicurio-testing/clusters/ci419/namespaces/ksql047/tests/integration/apicurio-registry/schema-util/common/target/apicurio-registry-schema-util-common-3.0.12-SNAPSHOT.jar:/home/runner/.m2/repository/com/fasterxml/jackson/module/jackson-module-parameter-names/2.18.2/jackson-module-parameter-names-2.18.2.jar:/home/runner/.m2/repository/com/fasterxml/jackson/datatype/jackson-datatype-json-org/2.18.2/jackson-datatype-json-org-2.18.2.jar:/home/runner/work/apicurio-testing/apicurio-testing/clusters/ci419/namespaces/ksql047/tests/integration/apicurio-registry/schema-util/json/target/apicurio-registry-schema-util-json-3.0.12-SNAPSHOT.jar:/home/runner/.m2/repository/com/github/erosb/everit-json-schema/1.14.5/everit-json-schema-1.14.5.jar:/home/runner/.m2/repository/commons-validator/commons-validator/1.9.0/commons-validator-1.9.0.jar:/home/runner/.m2/repository/commons-digester/commons-digester/2.1/commons-digester-2.1.jar:/home/runner/.m2/repository/commons-collections/commons-collections/3.2.2/commons-collections-3.2.2.jar:/home/runner/.m2/repository/com/damnhandy/handy-uri-templates/2.1.8/handy-uri-templates-2.1.8.jar:/home/runner/.m2/repository/joda-time/joda-time/2.10.2/joda-time-2.10.2.jar:/home/runner/.m2/repository/com/github/erosb/json-sKema/0.20.0/json-sKema-0.20.0.jar:/home/runner/.m2/repository/io/vertx/vertx-json-schema/4.5.16/vertx-json-schema-4.5.16.jar:/home/runner/work/apicurio-testing/apicurio-testing/clusters/ci419/namespaces/ksql047/tests/integration/apicurio-registry/schema-util/protobuf/target/apicurio-registry-schema-util-protobuf-3.0.12-SNAPSHOT.jar:/home/runner/work/apicurio-testing/apicurio-testing/clusters/ci419/namespaces/ksql047/tests/integration/apicurio-registry/utils/protobuf-schema-utilities/target/apicurio-registry-protobuf-schema-utilities-3.0.12-SNAPSHOT.jar:/home/runner/.m2/repository/com/google/api/grpc/proto-google-common-protos/2.52.0/proto-google-common-protos-2.52.0.jar:/home/runner/.m2/repository/com/squareup/wire/wire-schema-jvm/5.3.3/wire-schema-jvm-5.3.3.jar:/home/runner/.m2/repository/com/palantir/javapoet/javapoet/0.6.0/javapoet-0.6.0.jar:/home/runner/.m2/repository/com/squareup/kotlinpoet-jvm/2.0.0/kotlinpoet-jvm-2.0.0.jar:/home/runner/.m2/repository/org/jetbrains/kotlin/kotlin-reflect/2.0.21/kotlin-reflect-2.0.21.jar:/home/runner/.m2/repository/com/squareup/wire/wire-runtime-jvm/5.3.3/wire-runtime-jvm-5.3.3.jar:/home/runner/.m2/repository/com/ibm/icu/icu4j/76.1/icu4j-76.1.jar:/home/runner/.m2/repository/com/squareup/okio/okio-fakefilesystem/3.10.2/okio-fakefilesystem-3.10.2.jar:/home/runner/.m2/repository/com/squareup/okio/okio-fakefilesystem-jvm/3.10.2/okio-fakefilesystem-jvm-3.10.2.jar:/home/runner/.m2/repository/org/jetbrains/kotlinx/kotlinx-datetime-jvm/0.6.1/kotlinx-datetime-jvm-0.6.1.jar:/home/runner/work/apicurio-testing/apicurio-testing/clusters/ci419/namespaces/ksql047/tests/integration/apicurio-registry/schema-util/asyncapi/target/apicurio-registry-schema-util-asyncapi-3.0.12-SNAPSHOT.jar:/home/runner/work/apicurio-testing/apicurio-testing/clusters/ci419/namespaces/ksql047/tests/integration/apicurio-registry/schema-util/avro/target/apicurio-registry-schema-util-avro-3.0.12-SNAPSHOT.jar:/home/runner/work/apicurio-testing/apicurio-testing/clusters/ci419/namespaces/ksql047/tests/integration/apicurio-registry/schema-util/graphql/target/apicurio-registry-schema-util-graphql-3.0.12-SNAPSHOT.jar:/home/runner/.m2/repository/com/graphql-java/graphql-java/22.4/graphql-java-22.4.jar:/home/runner/.m2/repository/com/graphql-java/java-dataloader/3.3.0/java-dataloader-3.3.0.jar:/home/runner/work/apicurio-testing/apicurio-testing/clusters/ci419/namespaces/ksql047/tests/integration/apicurio-registry/schema-util/kconnect/target/apicurio-registry-schema-util-kconnect-3.0.12-SNAPSHOT.jar:/home/runner/work/apicurio-testing/apicurio-testing/clusters/ci419/namespaces/ksql047/tests/integration/apicurio-registry/schema-util/openapi/target/apicurio-registry-schema-util-openapi-3.0.12-SNAPSHOT.jar:/home/runner/.m2/repository/io/apicurio/apicurio-data-models/2.2.2/apicurio-data-models-2.2.2.jar:/home/runner/.m2/repository/org/openapitools/openapidiff/openapi-diff-core/2.1.2/openapi-diff-core-2.1.2.jar:/home/runner/.m2/repository/io/swagger/parser/v3/swagger-parser/2.1.28/swagger-parser-2.1.28.jar:/home/runner/.m2/repository/io/swagger/parser/v3/swagger-parser-v2-converter/2.1.28/swagger-parser-v2-converter-2.1.28.jar:/home/runner/.m2/repository/io/swagger/swagger-core/1.6.16/swagger-core-1.6.16.jar:/home/runner/.m2/repository/io/swagger/swagger-models/1.6.16/swagger-models-1.6.16.jar:/home/runner/.m2/repository/io/swagger/swagger-annotations/1.6.16/swagger-annotations-1.6.16.jar:/home/runner/.m2/repository/io/swagger/swagger-parser/1.0.75/swagger-parser-1.0.75.jar:/home/runner/.m2/repository/io/swagger/swagger-parser-safe-url-resolver/1.0.75/swagger-parser-safe-url-resolver-1.0.75.jar:/home/runner/.m2/repository/io/swagger/swagger-compat-spec-parser/1.0.75/swagger-compat-spec-parser-1.0.75.jar:/home/runner/.m2/repository/com/github/java-json-tools/json-schema-validator/2.2.14/json-schema-validator-2.2.14.jar:/home/runner/.m2/repository/com/github/java-json-tools/jackson-coreutils-equivalence/1.0/jackson-coreutils-equivalence-1.0.jar:/home/runner/.m2/repository/com/github/java-json-tools/json-schema-core/1.2.14/json-schema-core-1.2.14.jar:/home/runner/.m2/repository/com/github/java-json-tools/uri-template/0.10/uri-template-0.10.jar:/home/runner/.m2/repository/com/googlecode/libphonenumber/libphonenumber/8.11.1/libphonenumber-8.11.1.jar:/home/runner/.m2/repository/com/j2html/j2html/1.6.0/j2html-1.6.0.jar:/home/runner/.m2/repository/org/apache/commons/commons-collections4/4.5.0/commons-collections4-4.5.0.jar:/home/runner/.m2/repository/org/slf4j/jcl-over-slf4j/2.0.17/jcl-over-slf4j-2.0.17.jar:/home/runner/.m2/repository/io/swagger/parser/v3/swagger-parser-v3/2.1.31/swagger-parser-v3-2.1.31.jar:/home/runner/.m2/repository/io/swagger/core/v3/swagger-models/2.2.34/swagger-models-2.2.34.jar:/home/runner/.m2/repository/io/swagger/core/v3/swagger-core/2.2.34/swagger-core-2.2.34.jar:/home/runner/.m2/repository/io/swagger/parser/v3/swagger-parser-core/2.1.31/swagger-parser-core-2.1.31.jar:/home/runner/.m2/repository/io/swagger/parser/v3/swagger-parser-safe-url-resolver/2.1.31/swagger-parser-safe-url-resolver-2.1.31.jar:/home/runner/work/apicurio-testing/apicurio-testing/clusters/ci419/namespaces/ksql047/tests/integration/apicurio-registry/schema-util/wsdl/target/apicurio-registry-schema-util-wsdl-3.0.12-SNAPSHOT.jar:/home/runner/.m2/repository/wsdl4j/wsdl4j/1.6.3/wsdl4j-1.6.3.jar:/home/runner/work/apicurio-testing/apicurio-testing/clusters/ci419/namespaces/ksql047/tests/integration/apicurio-registry/schema-util/xml/target/apicurio-registry-schema-util-xml-3.0.12-SNAPSHOT.jar:/home/runner/.m2/repository/org/apache/santuario/xmlsec/4.0.4/xmlsec-4.0.4.jar:/home/runner/.m2/repository/com/fasterxml/woodstox/woodstox-core/7.1.1/woodstox-core-7.1.1.jar:/home/runner/.m2/repository/org/codehaus/woodstox/stax2-api/4.2.2/stax2-api-4.2.2.jar:/home/runner/work/apicurio-testing/apicurio-testing/clusters/ci419/namespaces/ksql047/tests/integration/apicurio-registry/schema-util/xsd/target/apicurio-registry-schema-util-xsd-3.0.12-SNAPSHOT.jar:/home/runner/work/apicurio-testing/apicurio-testing/clusters/ci419/namespaces/ksql047/tests/integration/apicurio-registry/serdes/kafka/jsonschema-serde/target/apicurio-registry-jsonschema-serde-kafka-3.0.12-SNAPSHOT.jar:/home/runner/work/apicurio-testing/apicurio-testing/clusters/ci419/namespaces/ksql047/tests/integration/apicurio-registry/serdes/kafka/serde-kafka-common/target/apicurio-registry-serde-kafka-common-3.0.12-SNAPSHOT.jar:/home/runner/work/apicurio-testing/apicurio-testing/clusters/ci419/namespaces/ksql047/tests/integration/apicurio-registry/serdes/generic/serde-common/target/apicurio-registry-serde-common-3.0.12-SNAPSHOT.jar:/home/runner/work/apicurio-testing/apicurio-testing/clusters/ci419/namespaces/ksql047/tests/integration/apicurio-registry/serdes/generic/serde-common-jsonschema/target/apicurio-registry-serde-common-jsonschema-3.0.12-SNAPSHOT.jar:/home/runner/.m2/repository/org/json/json/20250107/json-20250107.jar:/home/runner/work/apicurio-testing/apicurio-testing/clusters/ci419/namespaces/ksql047/tests/integration/apicurio-registry/serdes/kafka/avro-serde/target/apicurio-registry-avro-serde-kafka-3.0.12-SNAPSHOT.jar:/home/runner/work/apicurio-testing/apicurio-testing/clusters/ci419/namespaces/ksql047/tests/integration/apicurio-registry/serdes/generic/serde-common-avro/target/apicurio-registry-serde-common-avro-3.0.12-SNAPSHOT.jar:/home/runner/work/apicurio-testing/apicurio-testing/clusters/ci419/namespaces/ksql047/tests/integration/apicurio-registry/serdes/kafka/protobuf-serde/target/apicurio-registry-protobuf-serde-kafka-3.0.12-SNAPSHOT.jar:/home/runner/work/apicurio-testing/apicurio-testing/clusters/ci419/namespaces/ksql047/tests/integration/apicurio-registry/serdes/generic/serde-common-protobuf/target/apicurio-registry-serde-common-protobuf-3.0.12-SNAPSHOT.jar:/home/runner/.m2/repository/com/squareup/wire/wire-schema/5.3.3/wire-schema-5.3.3.jar:/home/runner/.m2/repository/com/squareup/wire/wire-runtime/5.3.3/wire-runtime-5.3.3.jar:/home/runner/work/apicurio-testing/apicurio-testing/clusters/ci419/namespaces/ksql047/tests/integration/apicurio-registry/serdes/pulsar/avro-serde/target/apicurio-registry-avro-serde-pulsar-3.0.12-SNAPSHOT.jar:/home/runner/.m2/repository/org/apache/pulsar/pulsar-functions-api/3.3.8/pulsar-functions-api-3.3.8.jar:/home/runner/work/apicurio-testing/apicurio-testing/clusters/ci419/namespaces/ksql047/tests/integration/apicurio-registry/serdes/nats/avro-serde/target/apicurio-registry-avro-serde-nats-3.0.12-SNAPSHOT.jar:/home/runner/.m2/repository/io/nats/jnats/2.21.4/jnats-2.21.4.jar:/home/runner/.m2/repository/org/bouncycastle/bcprov-lts8on/2.73.7/bcprov-lts8on-2.73.7.jar:/home/runner/.m2/repository/org/jetbrains/annotations/26.0.2/annotations-26.0.2.jar:/home/runner/work/apicurio-testing/apicurio-testing/clusters/ci419/namespaces/ksql047/tests/integration/apicurio-registry/utils/converter/target/apicurio-registry-utils-converter-3.0.12-SNAPSHOT.jar:/home/runner/work/apicurio-testing/apicurio-testing/clusters/ci419/namespaces/ksql047/tests/integration/apicurio-registry/schema-resolver/target/apicurio-registry-schema-resolver-3.0.12-SNAPSHOT.jar:/home/runner/.m2/repository/org/apache/kafka/connect-api/3.9.1/connect-api-3.9.1.jar:/home/runner/.m2/repository/javax/ws/rs/javax.ws.rs-api/2.1.1/javax.ws.rs-api-2.1.1.jar:/home/runner/.m2/repository/org/apache/kafka/connect-json/3.9.1/connect-json-3.9.1.jar:/home/runner/.m2/repository/com/fasterxml/jackson/datatype/jackson-datatype-jdk8/2.18.2/jackson-datatype-jdk8-2.18.2.jar:/home/runner/.m2/repository/com/fasterxml/jackson/module/jackson-module-afterburner/2.18.2/jackson-module-afterburner-2.18.2.jar:/home/runner/work/apicurio-testing/apicurio-testing/clusters/ci419/namespaces/ksql047/tests/integration/apicurio-registry/utils/kafka/target/apicurio-registry-utils-kafka-3.0.12-SNAPSHOT.jar:/home/runner/.m2/repository/org/apache/pulsar/pulsar-client/3.3.8/pulsar-client-3.3.8.jar:/home/runner/.m2/repository/org/apache/pulsar/pulsar-client-api/3.3.8/pulsar-client-api-3.3.8.jar:/home/runner/.m2/repository/org/apache/pulsar/pulsar-client-admin-api/3.3.8/pulsar-client-admin-api-3.3.8.jar:/home/runner/.m2/repository/org/apache/pulsar/bouncy-castle-bc/3.3.8/bouncy-castle-bc-3.3.8-pkg.jar:/home/runner/.m2/repository/org/bouncycastle/bcpkix-jdk18on/1.81/bcpkix-jdk18on-1.81.jar:/home/runner/.m2/repository/org/bouncycastle/bcutil-jdk18on/1.81/bcutil-jdk18on-1.81.jar:/home/runner/.m2/repository/org/bouncycastle/bcprov-jdk18on/1.81/bcprov-jdk18on-1.81.jar:/home/runner/.m2/repository/io/opentelemetry/opentelemetry-api/1.44.1/opentelemetry-api-1.44.1.jar:/home/runner/.m2/repository/io/opentelemetry/opentelemetry-context/1.44.1/opentelemetry-context-1.44.1.jar:/home/runner/.m2/repository/io/opentelemetry/opentelemetry-api-incubator/1.44.1-alpha/opentelemetry-api-incubator-1.44.1-alpha.jar:/home/runner/.m2/repository/com/fasterxml/jackson/core/jackson-annotations/2.18.2/jackson-annotations-2.18.2.jar:/home/runner/.m2/repository/javax/validation/validation-api/1.1.0.Final/validation-api-1.1.0.Final.jar:/home/runner/.m2/repository/org/jspecify/jspecify/1.0.0/jspecify-1.0.0.jar:/home/runner/.m2/repository/org/apache/commons/commons-configuration2/2.12.0/commons-configuration2-2.12.0.jar:/home/runner/.m2/repository/commons-logging/commons-logging/1.3.5/commons-logging-1.3.5.jar:/home/runner/.m2/repository/org/apache/commons/commons-text/1.13.0/commons-text-1.13.0.jar:/home/runner/.m2/repository/io/confluent/kafka-avro-serializer/8.0.0/kafka-avro-serializer-8.0.0.jar:/home/runner/.m2/repository/org/apache/commons/commons-compress/1.27.1/commons-compress-1.27.1.jar:/home/runner/.m2/repository/io/confluent/kafka-schema-serializer/8.0.0/kafka-schema-serializer-8.0.0.jar:/home/runner/.m2/repository/com/fasterxml/jackson/dataformat/jackson-dataformat-csv/2.18.2/jackson-dataformat-csv-2.18.2.jar:/home/runner/.m2/repository/io/confluent/kafka-schema-registry-client/8.0.0/kafka-schema-registry-client-8.0.0.jar:/home/runner/.m2/repository/org/yaml/snakeyaml/2.3/snakeyaml-2.3.jar:/home/runner/.m2/repository/io/swagger/core/v3/swagger-annotations/2.2.29/swagger-annotations-2.2.29.jar:/home/runner/.m2/repository/com/google/guava/guava/33.4.0-jre/guava-33.4.0-jre.jar:/home/runner/.m2/repository/com/google/guava/failureaccess/1.0.1/failureaccess-1.0.1.jar:/home/runner/.m2/repository/org/checkerframework/checker-qual/3.49.0/checker-qual-3.49.0.jar:/home/runner/.m2/repository/io/confluent/logredactor/1.0.13/logredactor-1.0.13.jar:/home/runner/.m2/repository/com/google/re2j/re2j/1.6/re2j-1.6.jar:/home/runner/.m2/repository/io/confluent/logredactor-metrics/1.0.13/logredactor-metrics-1.0.13.jar:/home/runner/.m2/repository/com/eclipsesource/minimal-json/minimal-json/0.9.5/minimal-json-0.9.5.jar:/home/runner/.m2/repository/io/confluent/common-utils/8.0.0/common-utils-8.0.0.jar:/home/runner/.m2/repository/io/confluent/kafka-connect-avro-converter/8.0.0/kafka-connect-avro-converter-8.0.0.jar:/home/runner/.m2/repository/io/confluent/kafka-connect-avro-data/8.0.0/kafka-connect-avro-data-8.0.0.jar:/home/runner/.m2/repository/io/confluent/kafka-schema-converter/8.0.0/kafka-schema-converter-8.0.0.jar:/home/runner/.m2/repository/io/rest-assured/rest-assured/5.5.1/rest-assured-5.5.1.jar:/home/runner/.m2/repository/org/apache/groovy/groovy/4.0.22/groovy-4.0.22.jar:/home/runner/.m2/repository/org/apache/groovy/groovy-xml/4.0.22/groovy-xml-4.0.22.jar:/home/runner/.m2/repository/org/apache/httpcomponents/httpclient/4.5.14/httpclient-4.5.14.jar:/home/runner/.m2/repository/org/apache/httpcomponents/httpcore/4.4.16/httpcore-4.4.16.jar:/home/runner/.m2/repository/org/apache/httpcomponents/httpmime/4.5.14/httpmime-4.5.14.jar:/home/runner/.m2/repository/org/hamcrest/hamcrest/2.2/hamcrest-2.2.jar:/home/runner/.m2/repository/org/ccil/cowan/tagsoup/tagsoup/1.2.1/tagsoup-1.2.1.jar:/home/runner/.m2/repository/io/rest-assured/json-path/5.5.1/json-path-5.5.1.jar:/home/runner/.m2/repository/org/apache/groovy/groovy-json/4.0.22/groovy-json-4.0.22.jar:/home/runner/.m2/repository/io/rest-assured/rest-assured-common/5.5.1/rest-assured-common-5.5.1.jar:/home/runner/.m2/repository/io/rest-assured/xml-path/5.5.1/xml-path-5.5.1.jar:/home/runner/.m2/repository/io/zonky/test/embedded-postgres/2.1.0/embedded-postgres-2.1.0.jar:/home/runner/.m2/repository/io/zonky/test/postgres/embedded-postgres-binaries-windows-amd64/14.15.0/embedded-postgres-binaries-windows-amd64-14.15.0.jar:/home/runner/.m2/repository/io/zonky/test/postgres/embedded-postgres-binaries-darwin-amd64/14.15.0/embedded-postgres-binaries-darwin-amd64-14.15.0.jar:/home/runner/.m2/repository/io/zonky/test/postgres/embedded-postgres-binaries-linux-amd64/14.15.0/embedded-postgres-binaries-linux-amd64-14.15.0.jar:/home/runner/.m2/repository/io/zonky/test/postgres/embedded-postgres-binaries-linux-amd64-alpine/14.15.0/embedded-postgres-binaries-linux-amd64-alpine-14.15.0.jar:/home/runner/.m2/repository/org/apache/commons/commons-lang3/3.17.0/commons-lang3-3.17.0.jar:/home/runner/.m2/repository/org/tukaani/xz/1.10/xz-1.10.jar:/home/runner/.m2/repository/commons-codec/commons-codec/1.19.0/commons-codec-1.19.0.jar:/home/runner/.m2/repository/org/postgresql/postgresql/42.7.7/postgresql-42.7.7.jar:/home/runner/.m2/repository/commons-io/commons-io/2.18.0/commons-io-2.18.0.jar:/home/runner/work/apicurio-testing/apicurio-testing/clusters/ci419/namespaces/ksql047/tests/integration/apicurio-registry/utils/importexport/target/apicurio-registry-utils-import-export-3.0.12-SNAPSHOT.jar:/home/runner/.m2/repository/io/vertx/vertx-core/4.5.16/vertx-core-4.5.16.jar:/home/runner/.m2/repository/io/netty/netty-common/4.1.121.Final/netty-common-4.1.121.Final.jar:/home/runner/.m2/repository/io/netty/netty-buffer/4.1.121.Final/netty-buffer-4.1.121.Final.jar:/home/runner/.m2/repository/io/netty/netty-transport/4.1.121.Final/netty-transport-4.1.121.Final.jar:/home/runner/.m2/repository/io/netty/netty-handler/4.1.121.Final/netty-handler-4.1.121.Final.jar:/home/runner/.m2/repository/io/netty/netty-transport-native-unix-common/4.1.121.Final/netty-transport-native-unix-common-4.1.121.Final.jar:/home/runner/.m2/repository/io/netty/netty-codec/4.1.121.Final/netty-codec-4.1.121.Final.jar:/home/runner/.m2/repository/io/netty/netty-handler-proxy/4.1.121.Final/netty-handler-proxy-4.1.121.Final.jar:/home/runner/.m2/repository/io/netty/netty-codec-socks/4.1.121.Final/netty-codec-socks-4.1.121.Final.jar:/home/runner/.m2/repository/io/netty/netty-codec-http/4.1.121.Final/netty-codec-http-4.1.121.Final.jar:/home/runner/.m2/repository/io/netty/netty-codec-http2/4.1.121.Final/netty-codec-http2-4.1.121.Final.jar:/home/runner/.m2/repository/io/netty/netty-resolver/4.1.121.Final/netty-resolver-4.1.121.Final.jar:/home/runner/.m2/repository/io/netty/netty-resolver-dns/4.1.121.Final/netty-resolver-dns-4.1.121.Final.jar:/home/runner/.m2/repository/io/netty/netty-codec-dns/4.1.121.Final/netty-codec-dns-4.1.121.Final.jar:/home/runner/.m2/repository/com/fasterxml/jackson/core/jackson-core/2.18.2/jackson-core-2.18.2.jar:"/>
    <property name="sun.cpu.endian" value="little"/>
    <property name="user.home" value="/home/runner"/>
    <property name="user.language" value="en"/>
    <property name="jboss.log-version" value="false"/>
    <property name="java.specification.vendor" value="Oracle Corporation"/>
    <property name="java.version.date" value="2025-07-15"/>
    <property name="java.home" value="/usr/lib/jvm/temurin-17-jdk-amd64"/>
    <property name="file.separator" value="/"/>
    <property name="basedir" value="/home/runner/work/apicurio-testing/apicurio-testing/clusters/ci419/namespaces/ksql047/tests/integration/apicurio-registry/integration-tests"/>
    <property name="java.vm.compressedOopsMode" value="32-bit"/>
    <property name="line.separator" value="&#10;"/>
    <property name="java.specification.name" value="Java Platform API Specification"/>
    <property name="java.vm.specification.vendor" value="Oracle Corporation"/>
    <property name="quarkus.http.test-host" value="registry-app-ksql047.apps.ci419.apicurio-testing.org"/>
    <property name="surefire.real.class.path" value="/home/runner/work/apicurio-testing/apicurio-testing/clusters/ci419/namespaces/ksql047/tests/integration/apicurio-registry/integration-tests/target/surefire/surefirebooter-20250812145209741_3.jar"/>
    <property name="sun.management.compiler" value="HotSpot 64-Bit Tiered Compilers"/>
    <property name="org.eclipse.jetty.http.HttpGenerator.STRICT" value="true"/>
    <property name="java.runtime.version" value="17.0.16+8"/>
    <property name="user.name" value="runner"/>
    <property name="path.separator" value=":"/>
    <property name="os.version" value="6.8.0-1031-azure"/>
    <property name="java.runtime.name" value="OpenJDK Runtime Environment"/>
    <property name="file.encoding" value="UTF-8"/>
    <property name="jnidispatch.path" value="/home/runner/.cache/JNA/temp/jna12920702672929129334.tmp"/>
    <property name="java.vm.name" value="OpenJDK 64-Bit Server VM"/>
    <property name="jna.platform.library.path" value="/usr/lib/x86_64-linux-gnu:/lib/x86_64-linux-gnu:/usr/lib64:/lib64:/usr/lib:/lib:/lib32:/usr/local/lib:/usr/lib/x86_64-linux-gnu/libfakeroot"/>
    <property name="java.vendor.version" value="Temurin-17.0.16+8"/>
    <property name="quarkus.oidc.token-path" value="https://keycloak-ksql047.apps.ci419.apicurio-testing.org/realms/registry/protocol/openid-connect/token"/>
    <property name="quarkus.http.host" value="registry-app-ksql047.apps.ci419.apicurio-testing.org"/>
    <property name="localRepository" value="/home/runner/.m2/repository"/>
    <property name="javax.xml.xpath.XPathFactory:http://java.sun.com/jaxp/xpath/dom" value="com.sun.org.apache.xpath.internal.jaxp.XPathFactoryImpl"/>
    <property name="jna.loaded" value="true"/>
    <property name="java.vendor.url.bug" value="https://github.com/adoptium/adoptium-support/issues"/>
    <property name="jetty.git.hash" value="5bc5e562c8d05c5862505aebe5cf83a61bdbcb96"/>
    <property name="java.io.tmpdir" value="/tmp"/>
    <property name="quarkus.http.test-protocol" value="http"/>
    <property name="java.version" value="17.0.16"/>
    <property name="user.dir" value="/home/runner/work/apicurio-testing/apicurio-testing/clusters/ci419/namespaces/ksql047/tests/integration/apicurio-registry/integration-tests"/>
    <property name="os.arch" value="amd64"/>
    <property name="groups" value="( smoke | serdes | acceptance | ui)"/>
    <property name="java.vm.specification.name" value="Java Virtual Machine Specification"/>
    <property name="native.encoding" value="UTF-8"/>
    <property name="java.util.logging.manager" value="org.jboss.logmanager.LogManager"/>
    <property name="java.library.path" value="/usr/java/packages/lib:/usr/lib64:/lib64:/lib:/usr/lib"/>
    <property name="jdk.console" value="java.base"/>
    <property name="java.vm.info" value="mixed mode, sharing"/>
    <property name="java.vendor" value="Eclipse Adoptium"/>
    <property name="java.vm.version" value="17.0.16+8"/>
    <property name="java.specification.maintenance.version" value="1"/>
    <property name="sun.io.unicode.encoding" value="UnicodeLittle"/>
    <property name="javax.xml.transform.TransformerFactory" value="com.sun.org.apache.xalan.internal.xsltc.trax.TransformerFactoryImpl"/>
    <property name="java.class.version" value="61.0"/>
  </properties>
  <testcase name="testGlobalIdInHeaders" classname="io.apicurio.tests.serdes.apicurio.AvroSerdeIT" time="5.878">
    <system-out><![CDATA[**** Registry Base URL: http://registry-app-ksql047.apps.ci419.apicurio-testing.org:80
**** Registry Base URL: http://registry-app-ksql047.apps.ci419.apicurio-testing.org:80
2025-08-12 14:52:21,910 INFO  [io.api.tes.ser.api.AvroSerdeIT] (main) RestAssured configured with http://registry-app-ksql047.apps.ci419.apicurio-testing.org:80/apis/registry/v3
2025-08-12 14:52:21,951 INFO  [io.api.tes.uti.KafkaFacade] (main) Starting kafka container
2025-08-12 14:52:21,987 INFO  [org.tes.ima.PullPolicy] (main) Image pull policy will be performed by: DefaultPullPolicy()
2025-08-12 14:52:21,990 INFO  [org.tes.uti.ImageNameSubstitutor] (main) Image name substitution will be performed by: DefaultImageNameSubstitutor (composite of 'ConfigurationFileImageNameSubstitutor' and 'PrefixingImageNameSubstitutor')
2025-08-12 14:52:22,002 INFO  [org.tes.DockerClientFactory] (main) Testcontainers version: 1.20.6
2025-08-12 14:52:22,517 INFO  [org.tes.doc.DockerClientProviderStrategy] (main) Found Docker environment with local Unix socket (unix:///var/run/docker.sock)
2025-08-12 14:52:22,526 INFO  [org.tes.DockerClientFactory] (main) Docker host IP address is localhost
2025-08-12 14:52:22,545 INFO  [org.tes.DockerClientFactory] (main) Connected to docker: 
  Server Version: 28.0.4
  API Version: 1.48
  Operating System: Ubuntu 22.04.5 LTS
  Total Memory: 7944 MB
2025-08-12 14:52:22,586 INFO  [tc.tes.11.0] (main) Pulling docker image: testcontainers/ryuk:0.11.0. Please be patient; this may take some time but only needs to be done once.
2025-08-12 14:52:22,848 INFO  [tc.tes.11.0] (docker-java-stream--1295187651) Starting to pull image
2025-08-12 14:52:22,870 INFO  [tc.tes.11.0] (docker-java-stream--1295187651) Pulling image layers:  0 pending,  0 downloaded,  0 extracted, (0 bytes/0 bytes)
2025-08-12 14:52:23,014 INFO  [tc.tes.11.0] (docker-java-stream--1295187651) Pulling image layers:  2 pending,  1 downloaded,  0 extracted, (879 KB/? MB)
2025-08-12 14:52:23,049 INFO  [tc.tes.11.0] (docker-java-stream--1295187651) Pulling image layers:  1 pending,  2 downloaded,  0 extracted, (879 KB/? MB)
2025-08-12 14:52:23,125 INFO  [tc.tes.11.0] (docker-java-stream--1295187651) Pulling image layers:  0 pending,  3 downloaded,  0 extracted, (7 MB/10 MB)
2025-08-12 14:52:23,180 INFO  [tc.tes.11.0] (docker-java-stream--1295187651) Pulling image layers:  0 pending,  3 downloaded,  1 extracted, (10 MB/10 MB)
2025-08-12 14:52:23,300 INFO  [tc.tes.11.0] (docker-java-stream--1295187651) Pulling image layers:  0 pending,  3 downloaded,  2 extracted, (10 MB/10 MB)
2025-08-12 14:52:24,218 INFO  [tc.tes.11.0] (docker-java-stream--1295187651) Pulling image layers:  0 pending,  3 downloaded,  3 extracted, (10 MB/10 MB)
2025-08-12 14:52:24,228 INFO  [tc.tes.11.0] (docker-java-stream--1295187651) Pull complete. 3 layers, pulled in 1s (downloaded 10 MB at 10 MB/s)
2025-08-12 14:52:24,229 INFO  [tc.tes.11.0] (main) Image testcontainers/ryuk:0.11.0 pull took PT1.642331333S
2025-08-12 14:52:24,249 INFO  [tc.tes.11.0] (main) Creating container for image: testcontainers/ryuk:0.11.0
2025-08-12 14:52:24,332 INFO  [tc.tes.11.0] (main) Container testcontainers/ryuk:0.11.0 is starting: 929e8fb9b089ef80c2fca38c3875921dcf2c371e536f99b665df9cdffceba624
2025-08-12 14:52:24,741 INFO  [tc.tes.11.0] (main) Container testcontainers/ryuk:0.11.0 started in PT0.492098235S
2025-08-12 14:52:24,746 INFO  [org.tes.uti.RyukResourceReaper] (main) Ryuk started - will monitor and terminate Testcontainers containers on JVM exit
2025-08-12 14:52:24,747 INFO  [org.tes.DockerClientFactory] (main) Checking the system...
2025-08-12 14:52:24,748 INFO  [org.tes.DockerClientFactory] (main) ✔︎ Docker server version should be at least 1.6.0
2025-08-12 14:52:24,750 INFO  [io.str.tes.con.KafkaVersionService] (main) Latest release of Kafka is:LogicalKafkaVersionEntity{version='4.0.0', image='quay.io/strimzi-test-container/test-container:0.111.0-kafka-4.0.0'}
2025-08-12 14:52:24,751 INFO  [io.str.tes.con.KafkaVersionService] (main) Latest release of Kafka is:LogicalKafkaVersionEntity{version='4.0.0', image='quay.io/strimzi-test-container/test-container:0.111.0-kafka-4.0.0'}
2025-08-12 14:52:24,751 INFO  [io.str.tes.con.KafkaVersionService] (main) No Kafka version specified. Using latest release: 4.0.0
2025-08-12 14:52:24,756 INFO  [tc.qua.io/.111.0-k.0.0] (main) Pulling docker image: quay.io/strimzi-test-container/test-container:0.111.0-kafka-4.0.0. Please be patient; this may take some time but only needs to be done once.
2025-08-12 14:52:25,104 INFO  [tc.qua.io/.111.0-k.0.0] (docker-java-stream--29267298) Starting to pull image
2025-08-12 14:52:25,105 INFO  [tc.qua.io/.111.0-k.0.0] (docker-java-stream--29267298) Pulling image layers:  0 pending,  0 downloaded,  0 extracted, (0 bytes/0 bytes)
2025-08-12 14:52:25,420 INFO  [tc.qua.io/.111.0-k.0.0] (docker-java-stream--29267298) Pulling image layers:  6 pending,  1 downloaded,  0 extracted, (549 KB/? MB)
2025-08-12 14:52:25,655 INFO  [tc.qua.io/.111.0-k.0.0] (docker-java-stream--29267298) Pulling image layers:  5 pending,  2 downloaded,  0 extracted, (30 MB/? MB)
2025-08-12 14:52:25,905 INFO  [tc.qua.io/.111.0-k.0.0] (docker-java-stream--29267298) Pulling image layers:  4 pending,  3 downloaded,  0 extracted, (55 MB/? MB)
2025-08-12 14:52:26,229 INFO  [tc.qua.io/.111.0-k.0.0] (docker-java-stream--29267298) Pulling image layers:  3 pending,  4 downloaded,  0 extracted, (81 MB/? MB)
2025-08-12 14:52:26,369 INFO  [tc.qua.io/.111.0-k.0.0] (docker-java-stream--29267298) Pulling image layers:  2 pending,  5 downloaded,  0 extracted, (95 MB/? MB)
2025-08-12 14:52:26,774 INFO  [tc.qua.io/.111.0-k.0.0] (docker-java-stream--29267298) Pulling image layers:  1 pending,  6 downloaded,  0 extracted, (159 MB/? MB)
2025-08-12 14:52:27,138 INFO  [tc.qua.io/.111.0-k.0.0] (docker-java-stream--29267298) Pulling image layers:  1 pending,  6 downloaded,  1 extracted, (187 MB/? MB)
2025-08-12 14:52:27,989 INFO  [tc.qua.io/.111.0-k.0.0] (docker-java-stream--29267298) Pulling image layers:  0 pending,  7 downloaded,  1 extracted, (241 MB/249 MB)
2025-08-12 14:52:31,079 INFO  [tc.qua.io/.111.0-k.0.0] (docker-java-stream--29267298) Pulling image layers:  0 pending,  7 downloaded,  2 extracted, (242 MB/249 MB)
2025-08-12 14:52:31,121 INFO  [tc.qua.io/.111.0-k.0.0] (docker-java-stream--29267298) Pulling image layers:  0 pending,  7 downloaded,  3 extracted, (245 MB/249 MB)
2025-08-12 14:52:31,140 INFO  [tc.qua.io/.111.0-k.0.0] (docker-java-stream--29267298) Pulling image layers:  0 pending,  7 downloaded,  4 extracted, (245 MB/249 MB)
2025-08-12 14:52:32,286 INFO  [tc.qua.io/.111.0-k.0.0] (docker-java-stream--29267298) Pulling image layers:  0 pending,  7 downloaded,  5 extracted, (247 MB/249 MB)
2025-08-12 14:52:32,323 INFO  [tc.qua.io/.111.0-k.0.0] (docker-java-stream--29267298) Pulling image layers:  0 pending,  7 downloaded,  6 extracted, (249 MB/249 MB)
2025-08-12 14:52:32,338 INFO  [tc.qua.io/.111.0-k.0.0] (docker-java-stream--29267298) Pulling image layers:  0 pending,  7 downloaded,  7 extracted, (249 MB/249 MB)
2025-08-12 14:52:32,347 INFO  [tc.qua.io/.111.0-k.0.0] (docker-java-stream--29267298) Pull complete. 7 layers, pulled in 7s (downloaded 249 MB at 35 MB/s)
2025-08-12 14:52:32,347 INFO  [tc.qua.io/.111.0-k.0.0] (main) Image quay.io/strimzi-test-container/test-container:0.111.0-kafka-4.0.0 pull took PT7.590907247S
2025-08-12 14:52:32,351 INFO  [tc.qua.io/.111.0-k.0.0] (main) Creating container for image: quay.io/strimzi-test-container/test-container:0.111.0-kafka-4.0.0
2025-08-12 14:52:32,424 INFO  [tc.qua.io/.111.0-k.0.0] (main) Container quay.io/strimzi-test-container/test-container:0.111.0-kafka-4.0.0 is starting: 09cf73ff12448f1c872a6063dc04530378e5496bf9c601a299f7135ddee74da8
2025-08-12 14:52:32,618 INFO  [io.str.tes.con.StrimziKafkaContainer] (main) Mapped port: 32769
2025-08-12 14:52:32,619 WARN  [io.str.tes.con.StrimziKafkaContainer] (main) Node ID is not set. Using broker ID 0 as the default node ID.
2025-08-12 14:52:32,619 INFO  [io.str.tes.con.StrimziKafkaContainer] (main) This is all advertised listeners for Kafka PLAINTEXT://localhost:32769,BROKER1://172.18.0.2:9091,CONTROLLER://broker-0:9094
2025-08-12 14:52:32,650 INFO  [io.str.tes.con.StrimziKafkaContainer] (main) New `cluster.id` has been generated: XZZUcOHpSnyflE0hmwIDCg
2025-08-12 14:52:32,651 INFO  [io.str.tes.con.StrimziKafkaContainer] (main) Copying command to 'STARTER_SCRIPT' script.
2025-08-12 14:52:38,102 INFO  [tc.qua.io/.111.0-k.0.0] (main) Container quay.io/strimzi-test-container/test-container:0.111.0-kafka-4.0.0 started in PT5.750583514S
2025-08-12 14:52:38,103 INFO  [io.api.tes.uti.TestSeparator] (main) ############################################################################
2025-08-12 14:52:38,104 INFO  [io.api.tes.uti.TestSeparator] (main) io.apicurio.tests.serdes.apicurio.AvroSerdeIT.testGlobalIdInHeaders-STARTED
2025-08-12 14:52:38,117 INFO  [org.apa.kaf.cli.adm.AdminClientConfig] (main) AdminClientConfig values: 
	auto.include.jmx.reporter = true
	bootstrap.controllers = []
	bootstrap.servers = [PLAINTEXT://localhost:32769]
	client.dns.lookup = use_all_dns_ips
	client.id = 
	connections.max.idle.ms = 10000
	default.api.timeout.ms = 60000
	enable.metrics.push = true
	metadata.max.age.ms = 300000
	metadata.recovery.strategy = none
	metric.reporters = []
	metrics.num.samples = 2
	metrics.recording.level = INFO
	metrics.sample.window.ms = 30000
	receive.buffer.bytes = 65536
	reconnect.backoff.max.ms = 1000
	reconnect.backoff.ms = 50
	request.timeout.ms = 5000
	retries = 2147483647
	retry.backoff.max.ms = 1000
	retry.backoff.ms = 100
	sasl.client.callback.handler.class = null
	sasl.jaas.config = null
	sasl.kerberos.kinit.cmd = /usr/bin/kinit
	sasl.kerberos.min.time.before.relogin = 60000
	sasl.kerberos.service.name = null
	sasl.kerberos.ticket.renew.jitter = 0.05
	sasl.kerberos.ticket.renew.window.factor = 0.8
	sasl.login.callback.handler.class = null
	sasl.login.class = null
	sasl.login.connect.timeout.ms = null
	sasl.login.read.timeout.ms = null
	sasl.login.refresh.buffer.seconds = 300
	sasl.login.refresh.min.period.seconds = 60
	sasl.login.refresh.window.factor = 0.8
	sasl.login.refresh.window.jitter = 0.05
	sasl.login.retry.backoff.max.ms = 10000
	sasl.login.retry.backoff.ms = 100
	sasl.mechanism = GSSAPI
	sasl.oauthbearer.clock.skew.seconds = 30
	sasl.oauthbearer.expected.audience = null
	sasl.oauthbearer.expected.issuer = null
	sasl.oauthbearer.header.urlencode = false
	sasl.oauthbearer.jwks.endpoint.refresh.ms = 3600000
	sasl.oauthbearer.jwks.endpoint.retry.backoff.max.ms = 10000
	sasl.oauthbearer.jwks.endpoint.retry.backoff.ms = 100
	sasl.oauthbearer.jwks.endpoint.url = null
	sasl.oauthbearer.scope.claim.name = scope
	sasl.oauthbearer.sub.claim.name = sub
	sasl.oauthbearer.token.endpoint.url = null
	security.protocol = PLAINTEXT
	security.providers = null
	send.buffer.bytes = 131072
	socket.connection.setup.timeout.max.ms = 30000
	socket.connection.setup.timeout.ms = 10000
	ssl.cipher.suites = null
	ssl.enabled.protocols = [TLSv1.2, TLSv1.3]
	ssl.endpoint.identification.algorithm = https
	ssl.engine.factory.class = null
	ssl.key.password = null
	ssl.keymanager.algorithm = SunX509
	ssl.keystore.certificate.chain = null
	ssl.keystore.key = null
	ssl.keystore.location = null
	ssl.keystore.password = null
	ssl.keystore.type = JKS
	ssl.protocol = TLSv1.3
	ssl.provider = null
	ssl.secure.random.implementation = null
	ssl.trustmanager.algorithm = PKIX
	ssl.truststore.certificates = null
	ssl.truststore.location = null
	ssl.truststore.password = null
	ssl.truststore.type = JKS

2025-08-12 14:52:38,269 INFO  [org.apa.kaf.com.uti.AppInfoParser] (main) Kafka version: 3.9.1
2025-08-12 14:52:38,269 INFO  [org.apa.kaf.com.uti.AppInfoParser] (main) Kafka commitId: f745dfdcee2b9851
2025-08-12 14:52:38,270 INFO  [org.apa.kaf.com.uti.AppInfoParser] (main) Kafka startTimeMs: 1755010358268
**** Registry Base URL: http://registry-app-ksql047.apps.ci419.apicurio-testing.org:80
2025-08-12 14:52:38,332 INFO  [org.apa.kaf.cli.pro.ProducerConfig] (main) ProducerConfig values: 
	acks = -1
	auto.include.jmx.reporter = true
	batch.size = 16384
	bootstrap.servers = [PLAINTEXT://localhost:32769]
	buffer.memory = 33554432
	client.dns.lookup = use_all_dns_ips
	client.id = Producer-topic-955c2eff_c87f_4888_8933_4889d5cffe13
	compression.gzip.level = -1
	compression.lz4.level = 9
	compression.type = none
	compression.zstd.level = 3
	connections.max.idle.ms = 10000
	delivery.timeout.ms = 120000
	enable.idempotence = true
	enable.metrics.push = true
	interceptor.classes = []
	key.serializer = class org.apache.kafka.common.serialization.StringSerializer
	linger.ms = 0
	max.block.ms = 60000
	max.in.flight.requests.per.connection = 5
	max.request.size = 1048576
	metadata.max.age.ms = 300000
	metadata.max.idle.ms = 300000
	metadata.recovery.strategy = none
	metric.reporters = []
	metrics.num.samples = 2
	metrics.recording.level = INFO
	metrics.sample.window.ms = 30000
	partitioner.adaptive.partitioning.enable = true
	partitioner.availability.timeout.ms = 0
	partitioner.class = null
	partitioner.ignore.keys = false
	receive.buffer.bytes = 32768
	reconnect.backoff.max.ms = 1000
	reconnect.backoff.ms = 50
	request.timeout.ms = 5000
	retries = 2147483647
	retry.backoff.max.ms = 1000
	retry.backoff.ms = 100
	sasl.client.callback.handler.class = null
	sasl.jaas.config = null
	sasl.kerberos.kinit.cmd = /usr/bin/kinit
	sasl.kerberos.min.time.before.relogin = 60000
	sasl.kerberos.service.name = null
	sasl.kerberos.ticket.renew.jitter = 0.05
	sasl.kerberos.ticket.renew.window.factor = 0.8
	sasl.login.callback.handler.class = null
	sasl.login.class = null
	sasl.login.connect.timeout.ms = null
	sasl.login.read.timeout.ms = null
	sasl.login.refresh.buffer.seconds = 300
	sasl.login.refresh.min.period.seconds = 60
	sasl.login.refresh.window.factor = 0.8
	sasl.login.refresh.window.jitter = 0.05
	sasl.login.retry.backoff.max.ms = 10000
	sasl.login.retry.backoff.ms = 100
	sasl.mechanism = GSSAPI
	sasl.oauthbearer.clock.skew.seconds = 30
	sasl.oauthbearer.expected.audience = null
	sasl.oauthbearer.expected.issuer = null
	sasl.oauthbearer.header.urlencode = false
	sasl.oauthbearer.jwks.endpoint.refresh.ms = 3600000
	sasl.oauthbearer.jwks.endpoint.retry.backoff.max.ms = 10000
	sasl.oauthbearer.jwks.endpoint.retry.backoff.ms = 100
	sasl.oauthbearer.jwks.endpoint.url = null
	sasl.oauthbearer.scope.claim.name = scope
	sasl.oauthbearer.sub.claim.name = sub
	sasl.oauthbearer.token.endpoint.url = null
	security.protocol = PLAINTEXT
	security.providers = null
	send.buffer.bytes = 131072
	socket.connection.setup.timeout.max.ms = 30000
	socket.connection.setup.timeout.ms = 10000
	ssl.cipher.suites = null
	ssl.enabled.protocols = [TLSv1.2, TLSv1.3]
	ssl.endpoint.identification.algorithm = https
	ssl.engine.factory.class = null
	ssl.key.password = null
	ssl.keymanager.algorithm = SunX509
	ssl.keystore.certificate.chain = null
	ssl.keystore.key = null
	ssl.keystore.location = null
	ssl.keystore.password = null
	ssl.keystore.type = JKS
	ssl.protocol = TLSv1.3
	ssl.provider = null
	ssl.secure.random.implementation = null
	ssl.trustmanager.algorithm = PKIX
	ssl.truststore.certificates = null
	ssl.truststore.location = null
	ssl.truststore.password = null
	ssl.truststore.type = JKS
	transaction.timeout.ms = 60000
	transactional.id = null
	value.serializer = class io.apicurio.registry.serde.avro.AvroKafkaSerializer

2025-08-12 14:52:38,429 INFO  [org.apa.kaf.com.tel.int.KafkaMetricsCollector] (main) initializing Kafka metrics collector
2025-08-12 14:52:38,466 INFO  [org.apa.kaf.cli.pro.KafkaProducer] (main) [Producer clientId=Producer-topic-955c2eff_c87f_4888_8933_4889d5cffe13] Instantiated an idempotent producer.
2025-08-12 14:52:38,524 INFO  [org.apa.kaf.cli.pro.ProducerConfig] (main) These configurations '[apicurio.registry.url, apicurio.registry.auto-register, apicurio.registry.use-id, apicurio.registry.artifact-resolver-strategy]' were supplied but are not used yet.
2025-08-12 14:52:38,526 INFO  [org.apa.kaf.com.uti.AppInfoParser] (main) Kafka version: 3.9.1
2025-08-12 14:52:38,526 INFO  [org.apa.kaf.com.uti.AppInfoParser] (main) Kafka commitId: f745dfdcee2b9851
2025-08-12 14:52:38,526 INFO  [org.apa.kaf.com.uti.AppInfoParser] (main) Kafka startTimeMs: 1755010358526
2025-08-12 14:52:38,527 INFO  [io.api.tes.ser.api.SimpleSerdesTesterBuilder$SimpleSerdesTester] (main) Using producer configuration: {apicurio.registry.url=http://registry-app-ksql047.apps.ci419.apicurio-testing.org:80/apis/registry/v3, apicurio.registry.auto-register=true, apicurio.registry.use-id=globalId, apicurio.registry.artifact-resolver-strategy=io.apicurio.registry.serde.strategy.TopicIdStrategy, value.serializer=io.apicurio.registry.serde.avro.AvroKafkaSerializer, request.timeout.ms=5000, acks=all, bootstrap.servers=PLAINTEXT://localhost:32769, connections.max.idle.ms=10000, key.serializer=org.apache.kafka.common.serialization.StringSerializer, client.id=Producer-topic-955c2eff_c87f_4888_8933_4889d5cffe13}
2025-08-12 14:52:38,527 INFO  [io.api.tes.ser.api.SimpleSerdesTesterBuilder$SimpleSerdesTester] (main) Using consumer configuration: {apicurio.registry.use-id=globalId}
2025-08-12 14:52:38,536 INFO  [io.api.tes.ser.api.KafkaSerdesTester] (Thread-600) Sending message {"key11755010358302": "value-0"} to topic topic-955c2eff_c87f_4888_8933_4889d5cffe13
2025-08-12 14:52:38,880 WARN  [org.apa.kaf.cli.NetworkClient] (kafka-producer-network-thread | Producer-topic-955c2eff_c87f_4888_8933_4889d5cffe13) [Producer clientId=Producer-topic-955c2eff_c87f_4888_8933_4889d5cffe13] The metadata response from the cluster reported a recoverable issue with correlation id 1 : {topic-955c2eff_c87f_4888_8933_4889d5cffe13=UNKNOWN_TOPIC_OR_PARTITION}
2025-08-12 14:52:38,881 INFO  [org.apa.kaf.cli.Metadata] (kafka-producer-network-thread | Producer-topic-955c2eff_c87f_4888_8933_4889d5cffe13) [Producer clientId=Producer-topic-955c2eff_c87f_4888_8933_4889d5cffe13] Cluster ID: XZZUcOHpSnyflE0hmwIDCg
2025-08-12 14:52:39,117 INFO  [org.apa.kaf.cli.pro.int.TransactionManager] (kafka-producer-network-thread | Producer-topic-955c2eff_c87f_4888_8933_4889d5cffe13) [Producer clientId=Producer-topic-955c2eff_c87f_4888_8933_4889d5cffe13] ProducerId set to 0 with epoch 0
2025-08-12 14:52:39,262 INFO  [io.api.tes.ser.api.KafkaSerdesTester] (Thread-600) Sending message {"key11755010358302": "value-1"} to topic topic-955c2eff_c87f_4888_8933_4889d5cffe13
2025-08-12 14:52:39,270 INFO  [io.api.tes.ser.api.KafkaSerdesTester] (Thread-600) Sending message {"key11755010358302": "value-2"} to topic topic-955c2eff_c87f_4888_8933_4889d5cffe13
2025-08-12 14:52:39,275 INFO  [io.api.tes.ser.api.KafkaSerdesTester] (Thread-600) Sending message {"key11755010358302": "value-3"} to topic topic-955c2eff_c87f_4888_8933_4889d5cffe13
2025-08-12 14:52:39,284 INFO  [io.api.tes.ser.api.KafkaSerdesTester] (Thread-600) Sending message {"key11755010358302": "value-4"} to topic topic-955c2eff_c87f_4888_8933_4889d5cffe13
2025-08-12 14:52:39,289 INFO  [io.api.tes.ser.api.KafkaSerdesTester] (Thread-600) Sending message {"key11755010358302": "value-5"} to topic topic-955c2eff_c87f_4888_8933_4889d5cffe13
2025-08-12 14:52:39,296 INFO  [io.api.tes.ser.api.KafkaSerdesTester] (Thread-600) Sending message {"key11755010358302": "value-6"} to topic topic-955c2eff_c87f_4888_8933_4889d5cffe13
2025-08-12 14:52:39,301 INFO  [io.api.tes.ser.api.KafkaSerdesTester] (Thread-600) Sending message {"key11755010358302": "value-7"} to topic topic-955c2eff_c87f_4888_8933_4889d5cffe13
2025-08-12 14:52:39,308 INFO  [io.api.tes.ser.api.KafkaSerdesTester] (Thread-600) Sending message {"key11755010358302": "value-8"} to topic topic-955c2eff_c87f_4888_8933_4889d5cffe13
2025-08-12 14:52:39,312 INFO  [io.api.tes.ser.api.KafkaSerdesTester] (Thread-600) Sending message {"key11755010358302": "value-9"} to topic topic-955c2eff_c87f_4888_8933_4889d5cffe13
2025-08-12 14:52:39,316 INFO  [io.api.tes.ser.api.KafkaSerdesTester] (Thread-600) Produced 10 messages
2025-08-12 14:52:39,317 INFO  [org.apa.kaf.cli.pro.KafkaProducer] (Thread-600) [Producer clientId=Producer-topic-955c2eff_c87f_4888_8933_4889d5cffe13] Closing the Kafka producer with timeoutMillis = 9223372036854775807 ms.
2025-08-12 14:52:39,339 INFO  [org.apa.kaf.com.met.Metrics] (Thread-600) Metrics scheduler closed
2025-08-12 14:52:39,339 INFO  [org.apa.kaf.com.met.Metrics] (Thread-600) Closing reporter org.apache.kafka.common.metrics.JmxReporter
2025-08-12 14:52:39,340 INFO  [org.apa.kaf.com.met.Metrics] (Thread-600) Closing reporter org.apache.kafka.common.telemetry.internals.ClientTelemetryReporter
2025-08-12 14:52:39,340 INFO  [org.apa.kaf.com.met.Metrics] (Thread-600) Metrics reporters closed
2025-08-12 14:52:39,341 INFO  [org.apa.kaf.com.uti.AppInfoParser] (Thread-600) App info kafka.producer for Producer-topic-955c2eff_c87f_4888_8933_4889d5cffe13 unregistered
**** Registry Base URL: http://registry-app-ksql047.apps.ci419.apicurio-testing.org:80
2025-08-12 14:52:39,394 INFO  [org.apa.kaf.cli.con.ConsumerConfig] (main) ConsumerConfig values: 
	allow.auto.create.topics = true
	auto.commit.interval.ms = 500
	auto.include.jmx.reporter = true
	auto.offset.reset = earliest
	bootstrap.servers = [PLAINTEXT://localhost:32769]
	check.crcs = true
	client.dns.lookup = use_all_dns_ips
	client.id = consumer-Consumer-topic-955c2eff_c87f_4888_8933_4889d5cffe13-1
	client.rack = 
	connections.max.idle.ms = 10000
	default.api.timeout.ms = 60000
	enable.auto.commit = true
	enable.metrics.push = true
	exclude.internal.topics = true
	fetch.max.bytes = 52428800
	fetch.max.wait.ms = 500
	fetch.min.bytes = 1
	group.id = Consumer-topic-955c2eff_c87f_4888_8933_4889d5cffe13
	group.instance.id = null
	group.protocol = classic
	group.remote.assignor = null
	heartbeat.interval.ms = 3000
	interceptor.classes = []
	internal.leave.group.on.close = true
	internal.throw.on.fetch.stable.offset.unsupported = false
	isolation.level = read_uncommitted
	key.deserializer = class org.apache.kafka.common.serialization.StringDeserializer
	max.partition.fetch.bytes = 1048576
	max.poll.interval.ms = 300000
	max.poll.records = 500
	metadata.max.age.ms = 300000
	metadata.recovery.strategy = none
	metric.reporters = []
	metrics.num.samples = 2
	metrics.recording.level = INFO
	metrics.sample.window.ms = 30000
	partition.assignment.strategy = [class org.apache.kafka.clients.consumer.RangeAssignor, class org.apache.kafka.clients.consumer.CooperativeStickyAssignor]
	receive.buffer.bytes = 65536
	reconnect.backoff.max.ms = 1000
	reconnect.backoff.ms = 50
	request.timeout.ms = 5000
	retry.backoff.max.ms = 1000
	retry.backoff.ms = 100
	sasl.client.callback.handler.class = null
	sasl.jaas.config = null
	sasl.kerberos.kinit.cmd = /usr/bin/kinit
	sasl.kerberos.min.time.before.relogin = 60000
	sasl.kerberos.service.name = null
	sasl.kerberos.ticket.renew.jitter = 0.05
	sasl.kerberos.ticket.renew.window.factor = 0.8
	sasl.login.callback.handler.class = null
	sasl.login.class = null
	sasl.login.connect.timeout.ms = null
	sasl.login.read.timeout.ms = null
	sasl.login.refresh.buffer.seconds = 300
	sasl.login.refresh.min.period.seconds = 60
	sasl.login.refresh.window.factor = 0.8
	sasl.login.refresh.window.jitter = 0.05
	sasl.login.retry.backoff.max.ms = 10000
	sasl.login.retry.backoff.ms = 100
	sasl.mechanism = GSSAPI
	sasl.oauthbearer.clock.skew.seconds = 30
	sasl.oauthbearer.expected.audience = null
	sasl.oauthbearer.expected.issuer = null
	sasl.oauthbearer.header.urlencode = false
	sasl.oauthbearer.jwks.endpoint.refresh.ms = 3600000
	sasl.oauthbearer.jwks.endpoint.retry.backoff.max.ms = 10000
	sasl.oauthbearer.jwks.endpoint.retry.backoff.ms = 100
	sasl.oauthbearer.jwks.endpoint.url = null
	sasl.oauthbearer.scope.claim.name = scope
	sasl.oauthbearer.sub.claim.name = sub
	sasl.oauthbearer.token.endpoint.url = null
	security.protocol = PLAINTEXT
	security.providers = null
	send.buffer.bytes = 131072
	session.timeout.ms = 45000
	socket.connection.setup.timeout.max.ms = 30000
	socket.connection.setup.timeout.ms = 10000
	ssl.cipher.suites = null
	ssl.enabled.protocols = [TLSv1.2, TLSv1.3]
	ssl.endpoint.identification.algorithm = https
	ssl.engine.factory.class = null
	ssl.key.password = null
	ssl.keymanager.algorithm = SunX509
	ssl.keystore.certificate.chain = null
	ssl.keystore.key = null
	ssl.keystore.location = null
	ssl.keystore.password = null
	ssl.keystore.type = JKS
	ssl.protocol = TLSv1.3
	ssl.provider = null
	ssl.secure.random.implementation = null
	ssl.trustmanager.algorithm = PKIX
	ssl.truststore.certificates = null
	ssl.truststore.location = null
	ssl.truststore.password = null
	ssl.truststore.type = JKS
	value.deserializer = class io.apicurio.registry.serde.avro.AvroKafkaDeserializer

2025-08-12 14:52:39,419 INFO  [org.apa.kaf.com.tel.int.KafkaMetricsCollector] (main) initializing Kafka metrics collector
2025-08-12 14:52:39,475 INFO  [org.apa.kaf.cli.con.ConsumerConfig] (main) These configurations '[apicurio.registry.url, apicurio.registry.use-id]' were supplied but are not used yet.
2025-08-12 14:52:39,476 INFO  [org.apa.kaf.com.uti.AppInfoParser] (main) Kafka version: 3.9.1
2025-08-12 14:52:39,476 INFO  [org.apa.kaf.com.uti.AppInfoParser] (main) Kafka commitId: f745dfdcee2b9851
2025-08-12 14:52:39,476 INFO  [org.apa.kaf.com.uti.AppInfoParser] (main) Kafka startTimeMs: 1755010359476
2025-08-12 14:52:39,479 INFO  [org.apa.kaf.cli.con.int.ClassicKafkaConsumer] (Thread-603) [Consumer clientId=consumer-Consumer-topic-955c2eff_c87f_4888_8933_4889d5cffe13-1, groupId=Consumer-topic-955c2eff_c87f_4888_8933_4889d5cffe13] Subscribed to topic(s): topic-955c2eff_c87f_4888_8933_4889d5cffe13
2025-08-12 14:52:39,498 INFO  [org.apa.kaf.cli.Metadata] (Thread-603) [Consumer clientId=consumer-Consumer-topic-955c2eff_c87f_4888_8933_4889d5cffe13-1, groupId=Consumer-topic-955c2eff_c87f_4888_8933_4889d5cffe13] Cluster ID: XZZUcOHpSnyflE0hmwIDCg
2025-08-12 14:52:39,642 INFO  [org.apa.kaf.cli.con.int.ConsumerCoordinator] (Thread-603) [Consumer clientId=consumer-Consumer-topic-955c2eff_c87f_4888_8933_4889d5cffe13-1, groupId=Consumer-topic-955c2eff_c87f_4888_8933_4889d5cffe13] Discovered group coordinator localhost:32769 (id: 2147483647 rack: null)
2025-08-12 14:52:39,656 INFO  [org.apa.kaf.cli.con.int.ConsumerCoordinator] (Thread-603) [Consumer clientId=consumer-Consumer-topic-955c2eff_c87f_4888_8933_4889d5cffe13-1, groupId=Consumer-topic-955c2eff_c87f_4888_8933_4889d5cffe13] (Re-)joining group
2025-08-12 14:52:39,696 INFO  [org.apa.kaf.cli.con.int.ConsumerCoordinator] (Thread-603) [Consumer clientId=consumer-Consumer-topic-955c2eff_c87f_4888_8933_4889d5cffe13-1, groupId=Consumer-topic-955c2eff_c87f_4888_8933_4889d5cffe13] Group coordinator localhost:32769 (id: 2147483647 rack: null) is unavailable or invalid due to cause: error response NOT_COORDINATOR. isDisconnected: false. Rediscovery will be attempted.
2025-08-12 14:52:39,696 INFO  [org.apa.kaf.cli.con.int.ConsumerCoordinator] (Thread-603) [Consumer clientId=consumer-Consumer-topic-955c2eff_c87f_4888_8933_4889d5cffe13-1, groupId=Consumer-topic-955c2eff_c87f_4888_8933_4889d5cffe13] Requesting disconnect from last known coordinator localhost:32769 (id: 2147483647 rack: null)
2025-08-12 14:52:39,697 INFO  [org.apa.kaf.cli.con.int.ConsumerCoordinator] (Thread-603) [Consumer clientId=consumer-Consumer-topic-955c2eff_c87f_4888_8933_4889d5cffe13-1, groupId=Consumer-topic-955c2eff_c87f_4888_8933_4889d5cffe13] JoinGroup failed: This is not the correct coordinator. Marking coordinator unknown. Sent generation was Generation{generationId=-1, memberId='', protocol='null'}
2025-08-12 14:52:39,697 INFO  [org.apa.kaf.cli.NetworkClient] (Thread-603) [Consumer clientId=consumer-Consumer-topic-955c2eff_c87f_4888_8933_4889d5cffe13-1, groupId=Consumer-topic-955c2eff_c87f_4888_8933_4889d5cffe13] Client requested disconnect from node 2147483647
2025-08-12 14:52:39,702 INFO  [org.apa.kaf.cli.con.int.ConsumerCoordinator] (Thread-603) [Consumer clientId=consumer-Consumer-topic-955c2eff_c87f_4888_8933_4889d5cffe13-1, groupId=Consumer-topic-955c2eff_c87f_4888_8933_4889d5cffe13] Discovered group coordinator localhost:32769 (id: 2147483647 rack: null)
2025-08-12 14:52:39,704 INFO  [org.apa.kaf.cli.con.int.ConsumerCoordinator] (Thread-603) [Consumer clientId=consumer-Consumer-topic-955c2eff_c87f_4888_8933_4889d5cffe13-1, groupId=Consumer-topic-955c2eff_c87f_4888_8933_4889d5cffe13] Group coordinator localhost:32769 (id: 2147483647 rack: null) is unavailable or invalid due to cause: coordinator unavailable. isDisconnected: false. Rediscovery will be attempted.
2025-08-12 14:52:39,705 INFO  [org.apa.kaf.cli.con.int.ConsumerCoordinator] (Thread-603) [Consumer clientId=consumer-Consumer-topic-955c2eff_c87f_4888_8933_4889d5cffe13-1, groupId=Consumer-topic-955c2eff_c87f_4888_8933_4889d5cffe13] Requesting disconnect from last known coordinator localhost:32769 (id: 2147483647 rack: null)
2025-08-12 14:52:39,802 INFO  [org.apa.kaf.cli.con.int.ConsumerCoordinator] (Thread-603) [Consumer clientId=consumer-Consumer-topic-955c2eff_c87f_4888_8933_4889d5cffe13-1, groupId=Consumer-topic-955c2eff_c87f_4888_8933_4889d5cffe13] Discovered group coordinator localhost:32769 (id: 2147483647 rack: null)
2025-08-12 14:52:39,804 INFO  [org.apa.kaf.cli.con.int.ConsumerCoordinator] (Thread-603) [Consumer clientId=consumer-Consumer-topic-955c2eff_c87f_4888_8933_4889d5cffe13-1, groupId=Consumer-topic-955c2eff_c87f_4888_8933_4889d5cffe13] Request joining group due to: rebalance failed due to 'This is not the correct coordinator.' (NotCoordinatorException)
2025-08-12 14:52:39,805 INFO  [org.apa.kaf.cli.con.int.ConsumerCoordinator] (Thread-603) [Consumer clientId=consumer-Consumer-topic-955c2eff_c87f_4888_8933_4889d5cffe13-1, groupId=Consumer-topic-955c2eff_c87f_4888_8933_4889d5cffe13] (Re-)joining group
2025-08-12 14:52:39,809 INFO  [org.apa.kaf.cli.con.int.ConsumerCoordinator] (Thread-603) [Consumer clientId=consumer-Consumer-topic-955c2eff_c87f_4888_8933_4889d5cffe13-1, groupId=Consumer-topic-955c2eff_c87f_4888_8933_4889d5cffe13] Group coordinator localhost:32769 (id: 2147483647 rack: null) is unavailable or invalid due to cause: error response NOT_COORDINATOR. isDisconnected: false. Rediscovery will be attempted.
2025-08-12 14:52:39,811 INFO  [org.apa.kaf.cli.con.int.ConsumerCoordinator] (Thread-603) [Consumer clientId=consumer-Consumer-topic-955c2eff_c87f_4888_8933_4889d5cffe13-1, groupId=Consumer-topic-955c2eff_c87f_4888_8933_4889d5cffe13] Requesting disconnect from last known coordinator localhost:32769 (id: 2147483647 rack: null)
2025-08-12 14:52:39,811 INFO  [org.apa.kaf.cli.con.int.ConsumerCoordinator] (Thread-603) [Consumer clientId=consumer-Consumer-topic-955c2eff_c87f_4888_8933_4889d5cffe13-1, groupId=Consumer-topic-955c2eff_c87f_4888_8933_4889d5cffe13] JoinGroup failed: This is not the correct coordinator. Marking coordinator unknown. Sent generation was Generation{generationId=-1, memberId='', protocol='null'}
2025-08-12 14:52:39,811 INFO  [org.apa.kaf.cli.NetworkClient] (Thread-603) [Consumer clientId=consumer-Consumer-topic-955c2eff_c87f_4888_8933_4889d5cffe13-1, groupId=Consumer-topic-955c2eff_c87f_4888_8933_4889d5cffe13] Client requested disconnect from node 2147483647
2025-08-12 14:52:39,816 INFO  [org.apa.kaf.cli.con.int.ConsumerCoordinator] (Thread-603) [Consumer clientId=consumer-Consumer-topic-955c2eff_c87f_4888_8933_4889d5cffe13-1, groupId=Consumer-topic-955c2eff_c87f_4888_8933_4889d5cffe13] Discovered group coordinator localhost:32769 (id: 2147483647 rack: null)
2025-08-12 14:52:39,816 INFO  [org.apa.kaf.cli.con.int.ConsumerCoordinator] (Thread-603) [Consumer clientId=consumer-Consumer-topic-955c2eff_c87f_4888_8933_4889d5cffe13-1, groupId=Consumer-topic-955c2eff_c87f_4888_8933_4889d5cffe13] Group coordinator localhost:32769 (id: 2147483647 rack: null) is unavailable or invalid due to cause: coordinator unavailable. isDisconnected: false. Rediscovery will be attempted.
2025-08-12 14:52:39,816 INFO  [org.apa.kaf.cli.con.int.ConsumerCoordinator] (Thread-603) [Consumer clientId=consumer-Consumer-topic-955c2eff_c87f_4888_8933_4889d5cffe13-1, groupId=Consumer-topic-955c2eff_c87f_4888_8933_4889d5cffe13] Requesting disconnect from last known coordinator localhost:32769 (id: 2147483647 rack: null)
2025-08-12 14:52:39,922 INFO  [org.apa.kaf.cli.con.int.ConsumerCoordinator] (Thread-603) [Consumer clientId=consumer-Consumer-topic-955c2eff_c87f_4888_8933_4889d5cffe13-1, groupId=Consumer-topic-955c2eff_c87f_4888_8933_4889d5cffe13] Discovered group coordinator localhost:32769 (id: 2147483647 rack: null)
2025-08-12 14:52:39,924 INFO  [org.apa.kaf.cli.con.int.ConsumerCoordinator] (Thread-603) [Consumer clientId=consumer-Consumer-topic-955c2eff_c87f_4888_8933_4889d5cffe13-1, groupId=Consumer-topic-955c2eff_c87f_4888_8933_4889d5cffe13] Request joining group due to: rebalance failed due to 'This is not the correct coordinator.' (NotCoordinatorException)
2025-08-12 14:52:39,927 INFO  [org.apa.kaf.cli.con.int.ConsumerCoordinator] (Thread-603) [Consumer clientId=consumer-Consumer-topic-955c2eff_c87f_4888_8933_4889d5cffe13-1, groupId=Consumer-topic-955c2eff_c87f_4888_8933_4889d5cffe13] (Re-)joining group
2025-08-12 14:52:39,938 INFO  [org.apa.kaf.cli.con.int.ConsumerCoordinator] (Thread-603) [Consumer clientId=consumer-Consumer-topic-955c2eff_c87f_4888_8933_4889d5cffe13-1, groupId=Consumer-topic-955c2eff_c87f_4888_8933_4889d5cffe13] Group coordinator localhost:32769 (id: 2147483647 rack: null) is unavailable or invalid due to cause: error response NOT_COORDINATOR. isDisconnected: false. Rediscovery will be attempted.
2025-08-12 14:52:39,939 INFO  [org.apa.kaf.cli.con.int.ConsumerCoordinator] (Thread-603) [Consumer clientId=consumer-Consumer-topic-955c2eff_c87f_4888_8933_4889d5cffe13-1, groupId=Consumer-topic-955c2eff_c87f_4888_8933_4889d5cffe13] Requesting disconnect from last known coordinator localhost:32769 (id: 2147483647 rack: null)
2025-08-12 14:52:39,939 INFO  [org.apa.kaf.cli.con.int.ConsumerCoordinator] (Thread-603) [Consumer clientId=consumer-Consumer-topic-955c2eff_c87f_4888_8933_4889d5cffe13-1, groupId=Consumer-topic-955c2eff_c87f_4888_8933_4889d5cffe13] JoinGroup failed: This is not the correct coordinator. Marking coordinator unknown. Sent generation was Generation{generationId=-1, memberId='', protocol='null'}
2025-08-12 14:52:39,939 INFO  [org.apa.kaf.cli.NetworkClient] (Thread-603) [Consumer clientId=consumer-Consumer-topic-955c2eff_c87f_4888_8933_4889d5cffe13-1, groupId=Consumer-topic-955c2eff_c87f_4888_8933_4889d5cffe13] Client requested disconnect from node 2147483647
2025-08-12 14:52:39,947 INFO  [org.apa.kaf.cli.con.int.ConsumerCoordinator] (Thread-603) [Consumer clientId=consumer-Consumer-topic-955c2eff_c87f_4888_8933_4889d5cffe13-1, groupId=Consumer-topic-955c2eff_c87f_4888_8933_4889d5cffe13] Discovered group coordinator localhost:32769 (id: 2147483647 rack: null)
2025-08-12 14:52:39,947 INFO  [org.apa.kaf.cli.con.int.ConsumerCoordinator] (Thread-603) [Consumer clientId=consumer-Consumer-topic-955c2eff_c87f_4888_8933_4889d5cffe13-1, groupId=Consumer-topic-955c2eff_c87f_4888_8933_4889d5cffe13] Group coordinator localhost:32769 (id: 2147483647 rack: null) is unavailable or invalid due to cause: coordinator unavailable. isDisconnected: false. Rediscovery will be attempted.
2025-08-12 14:52:39,947 INFO  [org.apa.kaf.cli.con.int.ConsumerCoordinator] (Thread-603) [Consumer clientId=consumer-Consumer-topic-955c2eff_c87f_4888_8933_4889d5cffe13-1, groupId=Consumer-topic-955c2eff_c87f_4888_8933_4889d5cffe13] Requesting disconnect from last known coordinator localhost:32769 (id: 2147483647 rack: null)
2025-08-12 14:52:40,044 INFO  [org.apa.kaf.cli.con.int.ConsumerCoordinator] (Thread-603) [Consumer clientId=consumer-Consumer-topic-955c2eff_c87f_4888_8933_4889d5cffe13-1, groupId=Consumer-topic-955c2eff_c87f_4888_8933_4889d5cffe13] Discovered group coordinator localhost:32769 (id: 2147483647 rack: null)
2025-08-12 14:52:40,048 INFO  [org.apa.kaf.cli.con.int.ConsumerCoordinator] (Thread-603) [Consumer clientId=consumer-Consumer-topic-955c2eff_c87f_4888_8933_4889d5cffe13-1, groupId=Consumer-topic-955c2eff_c87f_4888_8933_4889d5cffe13] Request joining group due to: rebalance failed due to 'This is not the correct coordinator.' (NotCoordinatorException)
2025-08-12 14:52:40,048 INFO  [org.apa.kaf.cli.con.int.ConsumerCoordinator] (Thread-603) [Consumer clientId=consumer-Consumer-topic-955c2eff_c87f_4888_8933_4889d5cffe13-1, groupId=Consumer-topic-955c2eff_c87f_4888_8933_4889d5cffe13] (Re-)joining group
2025-08-12 14:52:40,060 INFO  [org.apa.kaf.cli.con.int.ConsumerCoordinator] (Thread-603) [Consumer clientId=consumer-Consumer-topic-955c2eff_c87f_4888_8933_4889d5cffe13-1, groupId=Consumer-topic-955c2eff_c87f_4888_8933_4889d5cffe13] Group coordinator localhost:32769 (id: 2147483647 rack: null) is unavailable or invalid due to cause: error response NOT_COORDINATOR. isDisconnected: false. Rediscovery will be attempted.
2025-08-12 14:52:40,060 INFO  [org.apa.kaf.cli.con.int.ConsumerCoordinator] (Thread-603) [Consumer clientId=consumer-Consumer-topic-955c2eff_c87f_4888_8933_4889d5cffe13-1, groupId=Consumer-topic-955c2eff_c87f_4888_8933_4889d5cffe13] Requesting disconnect from last known coordinator localhost:32769 (id: 2147483647 rack: null)
2025-08-12 14:52:40,060 INFO  [org.apa.kaf.cli.con.int.ConsumerCoordinator] (Thread-603) [Consumer clientId=consumer-Consumer-topic-955c2eff_c87f_4888_8933_4889d5cffe13-1, groupId=Consumer-topic-955c2eff_c87f_4888_8933_4889d5cffe13] JoinGroup failed: This is not the correct coordinator. Marking coordinator unknown. Sent generation was Generation{generationId=-1, memberId='', protocol='null'}
2025-08-12 14:52:40,061 INFO  [org.apa.kaf.cli.NetworkClient] (Thread-603) [Consumer clientId=consumer-Consumer-topic-955c2eff_c87f_4888_8933_4889d5cffe13-1, groupId=Consumer-topic-955c2eff_c87f_4888_8933_4889d5cffe13] Client requested disconnect from node 2147483647
2025-08-12 14:52:40,066 INFO  [org.apa.kaf.cli.con.int.ConsumerCoordinator] (Thread-603) [Consumer clientId=consumer-Consumer-topic-955c2eff_c87f_4888_8933_4889d5cffe13-1, groupId=Consumer-topic-955c2eff_c87f_4888_8933_4889d5cffe13] Discovered group coordinator localhost:32769 (id: 2147483647 rack: null)
2025-08-12 14:52:40,067 INFO  [org.apa.kaf.cli.con.int.ConsumerCoordinator] (Thread-603) [Consumer clientId=consumer-Consumer-topic-955c2eff_c87f_4888_8933_4889d5cffe13-1, groupId=Consumer-topic-955c2eff_c87f_4888_8933_4889d5cffe13] Group coordinator localhost:32769 (id: 2147483647 rack: null) is unavailable or invalid due to cause: coordinator unavailable. isDisconnected: false. Rediscovery will be attempted.
2025-08-12 14:52:40,067 INFO  [org.apa.kaf.cli.con.int.ConsumerCoordinator] (Thread-603) [Consumer clientId=consumer-Consumer-topic-955c2eff_c87f_4888_8933_4889d5cffe13-1, groupId=Consumer-topic-955c2eff_c87f_4888_8933_4889d5cffe13] Requesting disconnect from last known coordinator localhost:32769 (id: 2147483647 rack: null)
2025-08-12 14:52:40,185 INFO  [org.apa.kaf.cli.con.int.ConsumerCoordinator] (Thread-603) [Consumer clientId=consumer-Consumer-topic-955c2eff_c87f_4888_8933_4889d5cffe13-1, groupId=Consumer-topic-955c2eff_c87f_4888_8933_4889d5cffe13] Discovered group coordinator localhost:32769 (id: 2147483647 rack: null)
2025-08-12 14:52:40,187 INFO  [org.apa.kaf.cli.con.int.ConsumerCoordinator] (Thread-603) [Consumer clientId=consumer-Consumer-topic-955c2eff_c87f_4888_8933_4889d5cffe13-1, groupId=Consumer-topic-955c2eff_c87f_4888_8933_4889d5cffe13] Request joining group due to: rebalance failed due to 'This is not the correct coordinator.' (NotCoordinatorException)
2025-08-12 14:52:40,190 INFO  [org.apa.kaf.cli.con.int.ConsumerCoordinator] (Thread-603) [Consumer clientId=consumer-Consumer-topic-955c2eff_c87f_4888_8933_4889d5cffe13-1, groupId=Consumer-topic-955c2eff_c87f_4888_8933_4889d5cffe13] (Re-)joining group
2025-08-12 14:52:40,214 INFO  [org.apa.kaf.cli.con.int.ConsumerCoordinator] (Thread-603) [Consumer clientId=consumer-Consumer-topic-955c2eff_c87f_4888_8933_4889d5cffe13-1, groupId=Consumer-topic-955c2eff_c87f_4888_8933_4889d5cffe13] Request joining group due to: need to re-join with the given member-id: consumer-Consumer-topic-955c2eff_c87f_4888_8933_4889d5cffe13-1-7e672f60-3622-4fc3-8ebf-ee9b203096f3
2025-08-12 14:52:40,214 INFO  [org.apa.kaf.cli.con.int.ConsumerCoordinator] (Thread-603) [Consumer clientId=consumer-Consumer-topic-955c2eff_c87f_4888_8933_4889d5cffe13-1, groupId=Consumer-topic-955c2eff_c87f_4888_8933_4889d5cffe13] (Re-)joining group
2025-08-12 14:52:40,480 INFO  [io.api.tes.ser.api.KafkaSerdesTester] (Thread-603) None found
2025-08-12 14:52:41,480 INFO  [io.api.tes.ser.api.KafkaSerdesTester] (Thread-603) None found
2025-08-12 14:52:42,480 INFO  [io.api.tes.ser.api.KafkaSerdesTester] (Thread-603) None found
2025-08-12 14:52:43,239 INFO  [org.apa.kaf.cli.con.int.ConsumerCoordinator] (Thread-603) [Consumer clientId=consumer-Consumer-topic-955c2eff_c87f_4888_8933_4889d5cffe13-1, groupId=Consumer-topic-955c2eff_c87f_4888_8933_4889d5cffe13] Successfully joined group with generation Generation{generationId=1, memberId='consumer-Consumer-topic-955c2eff_c87f_4888_8933_4889d5cffe13-1-7e672f60-3622-4fc3-8ebf-ee9b203096f3', protocol='range'}
2025-08-12 14:52:43,249 INFO  [org.apa.kaf.cli.con.int.ConsumerCoordinator] (Thread-603) [Consumer clientId=consumer-Consumer-topic-955c2eff_c87f_4888_8933_4889d5cffe13-1, groupId=Consumer-topic-955c2eff_c87f_4888_8933_4889d5cffe13] Finished assignment for group at generation 1: {consumer-Consumer-topic-955c2eff_c87f_4888_8933_4889d5cffe13-1-7e672f60-3622-4fc3-8ebf-ee9b203096f3=Assignment(partitions=[topic-955c2eff_c87f_4888_8933_4889d5cffe13-0])}
2025-08-12 14:52:43,263 INFO  [org.apa.kaf.cli.con.int.ConsumerCoordinator] (Thread-603) [Consumer clientId=consumer-Consumer-topic-955c2eff_c87f_4888_8933_4889d5cffe13-1, groupId=Consumer-topic-955c2eff_c87f_4888_8933_4889d5cffe13] Successfully synced group in generation Generation{generationId=1, memberId='consumer-Consumer-topic-955c2eff_c87f_4888_8933_4889d5cffe13-1-7e672f60-3622-4fc3-8ebf-ee9b203096f3', protocol='range'}
2025-08-12 14:52:43,267 INFO  [org.apa.kaf.cli.con.int.ConsumerCoordinator] (Thread-603) [Consumer clientId=consumer-Consumer-topic-955c2eff_c87f_4888_8933_4889d5cffe13-1, groupId=Consumer-topic-955c2eff_c87f_4888_8933_4889d5cffe13] Notifying assignor about the new Assignment(partitions=[topic-955c2eff_c87f_4888_8933_4889d5cffe13-0])
2025-08-12 14:52:43,271 INFO  [org.apa.kaf.cli.con.int.ConsumerRebalanceListenerInvoker] (Thread-603) [Consumer clientId=consumer-Consumer-topic-955c2eff_c87f_4888_8933_4889d5cffe13-1, groupId=Consumer-topic-955c2eff_c87f_4888_8933_4889d5cffe13] Adding newly assigned partitions: topic-955c2eff_c87f_4888_8933_4889d5cffe13-0
2025-08-12 14:52:43,304 INFO  [org.apa.kaf.cli.con.int.ConsumerCoordinator] (Thread-603) [Consumer clientId=consumer-Consumer-topic-955c2eff_c87f_4888_8933_4889d5cffe13-1, groupId=Consumer-topic-955c2eff_c87f_4888_8933_4889d5cffe13] Found no committed offset for partition topic-955c2eff_c87f_4888_8933_4889d5cffe13-0
2025-08-12 14:52:43,333 INFO  [org.apa.kaf.cli.con.int.SubscriptionState] (Thread-603) [Consumer clientId=consumer-Consumer-topic-955c2eff_c87f_4888_8933_4889d5cffe13-1, groupId=Consumer-topic-955c2eff_c87f_4888_8933_4889d5cffe13] Resetting offset for partition topic-955c2eff_c87f_4888_8933_4889d5cffe13-0 to position FetchPosition{offset=0, offsetEpoch=Optional.empty, currentLeader=LeaderAndEpoch{leader=Optional[localhost:32769 (id: 0 rack: null)], epoch=0}}.
2025-08-12 14:52:43,446 INFO  [io.api.tes.ser.api.KafkaSerdesTester] (Thread-603) topic-955c2eff_c87f_4888_8933_4889d5cffe13 0 0 {"key11755010358302": "value-0"}
2025-08-12 14:52:43,447 INFO  [io.api.tes.ser.api.KafkaSerdesTester] (Thread-603) topic-955c2eff_c87f_4888_8933_4889d5cffe13 0 1 {"key11755010358302": "value-1"}
2025-08-12 14:52:43,448 INFO  [io.api.tes.ser.api.KafkaSerdesTester] (Thread-603) topic-955c2eff_c87f_4888_8933_4889d5cffe13 0 2 {"key11755010358302": "value-2"}
2025-08-12 14:52:43,448 INFO  [io.api.tes.ser.api.KafkaSerdesTester] (Thread-603) topic-955c2eff_c87f_4888_8933_4889d5cffe13 0 3 {"key11755010358302": "value-3"}
2025-08-12 14:52:43,448 INFO  [io.api.tes.ser.api.KafkaSerdesTester] (Thread-603) topic-955c2eff_c87f_4888_8933_4889d5cffe13 0 4 {"key11755010358302": "value-4"}
2025-08-12 14:52:43,448 INFO  [io.api.tes.ser.api.KafkaSerdesTester] (Thread-603) topic-955c2eff_c87f_4888_8933_4889d5cffe13 0 5 {"key11755010358302": "value-5"}
2025-08-12 14:52:43,448 INFO  [io.api.tes.ser.api.KafkaSerdesTester] (Thread-603) topic-955c2eff_c87f_4888_8933_4889d5cffe13 0 6 {"key11755010358302": "value-6"}
2025-08-12 14:52:43,448 INFO  [io.api.tes.ser.api.KafkaSerdesTester] (Thread-603) topic-955c2eff_c87f_4888_8933_4889d5cffe13 0 7 {"key11755010358302": "value-7"}
2025-08-12 14:52:43,448 INFO  [io.api.tes.ser.api.KafkaSerdesTester] (Thread-603) topic-955c2eff_c87f_4888_8933_4889d5cffe13 0 8 {"key11755010358302": "value-8"}
2025-08-12 14:52:43,448 INFO  [io.api.tes.ser.api.KafkaSerdesTester] (Thread-603) topic-955c2eff_c87f_4888_8933_4889d5cffe13 0 9 {"key11755010358302": "value-9"}
2025-08-12 14:52:43,449 INFO  [io.api.tes.ser.api.KafkaSerdesTester] (Thread-603) Consumed 10 messages
2025-08-12 14:52:43,490 INFO  [org.apa.kaf.cli.con.int.ConsumerRebalanceListenerInvoker] (Thread-603) [Consumer clientId=consumer-Consumer-topic-955c2eff_c87f_4888_8933_4889d5cffe13-1, groupId=Consumer-topic-955c2eff_c87f_4888_8933_4889d5cffe13] Revoke previously assigned partitions topic-955c2eff_c87f_4888_8933_4889d5cffe13-0
2025-08-12 14:52:43,490 INFO  [org.apa.kaf.cli.con.int.ConsumerCoordinator] (Thread-603) [Consumer clientId=consumer-Consumer-topic-955c2eff_c87f_4888_8933_4889d5cffe13-1, groupId=Consumer-topic-955c2eff_c87f_4888_8933_4889d5cffe13] Member consumer-Consumer-topic-955c2eff_c87f_4888_8933_4889d5cffe13-1-7e672f60-3622-4fc3-8ebf-ee9b203096f3 sending LeaveGroup request to coordinator localhost:32769 (id: 2147483647 rack: null) due to the consumer is being closed
2025-08-12 14:52:43,494 INFO  [org.apa.kaf.cli.con.int.ConsumerCoordinator] (Thread-603) [Consumer clientId=consumer-Consumer-topic-955c2eff_c87f_4888_8933_4889d5cffe13-1, groupId=Consumer-topic-955c2eff_c87f_4888_8933_4889d5cffe13] Resetting generation and member id due to: consumer pro-actively leaving the group
2025-08-12 14:52:43,494 INFO  [org.apa.kaf.cli.con.int.ConsumerCoordinator] (Thread-603) [Consumer clientId=consumer-Consumer-topic-955c2eff_c87f_4888_8933_4889d5cffe13-1, groupId=Consumer-topic-955c2eff_c87f_4888_8933_4889d5cffe13] Request joining group due to: consumer pro-actively leaving the group
2025-08-12 14:52:43,969 INFO  [org.apa.kaf.com.met.Metrics] (Thread-603) Metrics scheduler closed
2025-08-12 14:52:43,969 INFO  [org.apa.kaf.com.met.Metrics] (Thread-603) Closing reporter org.apache.kafka.common.metrics.JmxReporter
2025-08-12 14:52:43,970 INFO  [org.apa.kaf.com.met.Metrics] (Thread-603) Closing reporter org.apache.kafka.common.telemetry.internals.ClientTelemetryReporter
2025-08-12 14:52:43,970 INFO  [org.apa.kaf.com.met.Metrics] (Thread-603) Metrics reporters closed
2025-08-12 14:52:43,978 INFO  [org.apa.kaf.com.uti.AppInfoParser] (Thread-603) App info kafka.consumer for consumer-Consumer-topic-955c2eff_c87f_4888_8933_4889d5cffe13-1 unregistered
2025-08-12 14:52:43,980 INFO  [io.api.tes.uti.TestSeparator] (main) io.apicurio.tests.serdes.apicurio.AvroSerdeIT.testGlobalIdInHeaders-FINISHED
2025-08-12 14:52:43,980 INFO  [io.api.tes.uti.TestSeparator] (main) ############################################################################
Test passed: testGlobalIdInHeaders
]]></system-out>
  </testcase>
  <testcase name="testSimpleTopicIdStrategyFindLatest" classname="io.apicurio.tests.serdes.apicurio.AvroSerdeIT" time="4.852">
    <system-out><![CDATA[2025-08-12 14:52:43,986 INFO  [io.api.tes.uti.TestSeparator] (main) ############################################################################
2025-08-12 14:52:43,986 INFO  [io.api.tes.uti.TestSeparator] (main) io.apicurio.tests.serdes.apicurio.AvroSerdeIT.testSimpleTopicIdStrategyFindLatest-STARTED
2025-08-12 14:52:43,987 INFO  [io.api.tes.ser.api.AvroSerdeIT] (main) Registering Avro Schema: {"type":"record","name":"myrecordapicurio1","fields":[{"name":"key11755010363986","type":"string"}]}
**** Registry Base URL: http://registry-app-ksql047.apps.ci419.apicurio-testing.org:80
2025-08-12 14:52:45,066 INFO  [org.apa.kaf.cli.pro.ProducerConfig] (main) ProducerConfig values: 
	acks = -1
	auto.include.jmx.reporter = true
	batch.size = 16384
	bootstrap.servers = [PLAINTEXT://localhost:32769]
	buffer.memory = 33554432
	client.dns.lookup = use_all_dns_ips
	client.id = Producer-topic-d1f643a6_e553_4864_a713_f2b67f629241
	compression.gzip.level = -1
	compression.lz4.level = 9
	compression.type = none
	compression.zstd.level = 3
	connections.max.idle.ms = 10000
	delivery.timeout.ms = 120000
	enable.idempotence = true
	enable.metrics.push = true
	interceptor.classes = []
	key.serializer = class org.apache.kafka.common.serialization.StringSerializer
	linger.ms = 0
	max.block.ms = 60000
	max.in.flight.requests.per.connection = 5
	max.request.size = 1048576
	metadata.max.age.ms = 300000
	metadata.max.idle.ms = 300000
	metadata.recovery.strategy = none
	metric.reporters = []
	metrics.num.samples = 2
	metrics.recording.level = INFO
	metrics.sample.window.ms = 30000
	partitioner.adaptive.partitioning.enable = true
	partitioner.availability.timeout.ms = 0
	partitioner.class = null
	partitioner.ignore.keys = false
	receive.buffer.bytes = 32768
	reconnect.backoff.max.ms = 1000
	reconnect.backoff.ms = 50
	request.timeout.ms = 5000
	retries = 2147483647
	retry.backoff.max.ms = 1000
	retry.backoff.ms = 100
	sasl.client.callback.handler.class = null
	sasl.jaas.config = null
	sasl.kerberos.kinit.cmd = /usr/bin/kinit
	sasl.kerberos.min.time.before.relogin = 60000
	sasl.kerberos.service.name = null
	sasl.kerberos.ticket.renew.jitter = 0.05
	sasl.kerberos.ticket.renew.window.factor = 0.8
	sasl.login.callback.handler.class = null
	sasl.login.class = null
	sasl.login.connect.timeout.ms = null
	sasl.login.read.timeout.ms = null
	sasl.login.refresh.buffer.seconds = 300
	sasl.login.refresh.min.period.seconds = 60
	sasl.login.refresh.window.factor = 0.8
	sasl.login.refresh.window.jitter = 0.05
	sasl.login.retry.backoff.max.ms = 10000
	sasl.login.retry.backoff.ms = 100
	sasl.mechanism = GSSAPI
	sasl.oauthbearer.clock.skew.seconds = 30
	sasl.oauthbearer.expected.audience = null
	sasl.oauthbearer.expected.issuer = null
	sasl.oauthbearer.header.urlencode = false
	sasl.oauthbearer.jwks.endpoint.refresh.ms = 3600000
	sasl.oauthbearer.jwks.endpoint.retry.backoff.max.ms = 10000
	sasl.oauthbearer.jwks.endpoint.retry.backoff.ms = 100
	sasl.oauthbearer.jwks.endpoint.url = null
	sasl.oauthbearer.scope.claim.name = scope
	sasl.oauthbearer.sub.claim.name = sub
	sasl.oauthbearer.token.endpoint.url = null
	security.protocol = PLAINTEXT
	security.providers = null
	send.buffer.bytes = 131072
	socket.connection.setup.timeout.max.ms = 30000
	socket.connection.setup.timeout.ms = 10000
	ssl.cipher.suites = null
	ssl.enabled.protocols = [TLSv1.2, TLSv1.3]
	ssl.endpoint.identification.algorithm = https
	ssl.engine.factory.class = null
	ssl.key.password = null
	ssl.keymanager.algorithm = SunX509
	ssl.keystore.certificate.chain = null
	ssl.keystore.key = null
	ssl.keystore.location = null
	ssl.keystore.password = null
	ssl.keystore.type = JKS
	ssl.protocol = TLSv1.3
	ssl.provider = null
	ssl.secure.random.implementation = null
	ssl.trustmanager.algorithm = PKIX
	ssl.truststore.certificates = null
	ssl.truststore.location = null
	ssl.truststore.password = null
	ssl.truststore.type = JKS
	transaction.timeout.ms = 60000
	transactional.id = null
	value.serializer = class io.apicurio.registry.serde.avro.AvroKafkaSerializer

2025-08-12 14:52:45,068 INFO  [org.apa.kaf.com.tel.int.KafkaMetricsCollector] (main) initializing Kafka metrics collector
2025-08-12 14:52:45,073 INFO  [org.apa.kaf.cli.pro.KafkaProducer] (main) [Producer clientId=Producer-topic-d1f643a6_e553_4864_a713_f2b67f629241] Instantiated an idempotent producer.
2025-08-12 14:52:45,084 INFO  [org.apa.kaf.cli.pro.ProducerConfig] (main) These configurations '[apicurio.registry.find-latest, apicurio.registry.artifact.group-id, apicurio.registry.url, apicurio.registry.artifact-resolver-strategy]' were supplied but are not used yet.
2025-08-12 14:52:45,084 INFO  [org.apa.kaf.com.uti.AppInfoParser] (main) Kafka version: 3.9.1
2025-08-12 14:52:45,084 INFO  [org.apa.kaf.com.uti.AppInfoParser] (main) Kafka commitId: f745dfdcee2b9851
2025-08-12 14:52:45,084 INFO  [org.apa.kaf.com.uti.AppInfoParser] (main) Kafka startTimeMs: 1755010365084
2025-08-12 14:52:45,084 INFO  [io.api.tes.ser.api.SimpleSerdesTesterBuilder$SimpleSerdesTester] (main) Using producer configuration: {apicurio.registry.find-latest=true, apicurio.registry.artifact.group-id=topic-d1f643a6_e553_4864_a713_f2b67f629241, apicurio.registry.url=http://registry-app-ksql047.apps.ci419.apicurio-testing.org:80/apis/registry/v3, apicurio.registry.artifact-resolver-strategy=io.apicurio.registry.serde.strategy.SimpleTopicIdStrategy, value.serializer=io.apicurio.registry.serde.avro.AvroKafkaSerializer, request.timeout.ms=5000, acks=all, bootstrap.servers=PLAINTEXT://localhost:32769, connections.max.idle.ms=10000, key.serializer=org.apache.kafka.common.serialization.StringSerializer, client.id=Producer-topic-d1f643a6_e553_4864_a713_f2b67f629241}
2025-08-12 14:52:45,085 INFO  [io.api.tes.ser.api.SimpleSerdesTesterBuilder$SimpleSerdesTester] (main) Using consumer configuration: {}
2025-08-12 14:52:45,089 INFO  [io.api.tes.ser.api.KafkaSerdesTester] (Thread-606) Sending message {"key11755010363986": "value-0"} to topic topic-d1f643a6_e553_4864_a713_f2b67f629241
2025-08-12 14:52:45,093 INFO  [org.apa.kaf.cli.Metadata] (kafka-producer-network-thread | Producer-topic-d1f643a6_e553_4864_a713_f2b67f629241) [Producer clientId=Producer-topic-d1f643a6_e553_4864_a713_f2b67f629241] Cluster ID: XZZUcOHpSnyflE0hmwIDCg
2025-08-12 14:52:45,096 INFO  [org.apa.kaf.cli.pro.int.TransactionManager] (kafka-producer-network-thread | Producer-topic-d1f643a6_e553_4864_a713_f2b67f629241) [Producer clientId=Producer-topic-d1f643a6_e553_4864_a713_f2b67f629241] ProducerId set to 1 with epoch 0
2025-08-12 14:52:45,167 INFO  [io.api.tes.ser.api.KafkaSerdesTester] (Thread-606) Sending message {"key11755010363986": "value-1"} to topic topic-d1f643a6_e553_4864_a713_f2b67f629241
2025-08-12 14:52:45,171 INFO  [io.api.tes.ser.api.KafkaSerdesTester] (Thread-606) Sending message {"key11755010363986": "value-2"} to topic topic-d1f643a6_e553_4864_a713_f2b67f629241
2025-08-12 14:52:45,175 INFO  [io.api.tes.ser.api.KafkaSerdesTester] (Thread-606) Sending message {"key11755010363986": "value-3"} to topic topic-d1f643a6_e553_4864_a713_f2b67f629241
2025-08-12 14:52:45,178 INFO  [io.api.tes.ser.api.KafkaSerdesTester] (Thread-606) Sending message {"key11755010363986": "value-4"} to topic topic-d1f643a6_e553_4864_a713_f2b67f629241
2025-08-12 14:52:45,181 INFO  [io.api.tes.ser.api.KafkaSerdesTester] (Thread-606) Sending message {"key11755010363986": "value-5"} to topic topic-d1f643a6_e553_4864_a713_f2b67f629241
2025-08-12 14:52:45,183 INFO  [io.api.tes.ser.api.KafkaSerdesTester] (Thread-606) Sending message {"key11755010363986": "value-6"} to topic topic-d1f643a6_e553_4864_a713_f2b67f629241
2025-08-12 14:52:45,186 INFO  [io.api.tes.ser.api.KafkaSerdesTester] (Thread-606) Sending message {"key11755010363986": "value-7"} to topic topic-d1f643a6_e553_4864_a713_f2b67f629241
2025-08-12 14:52:45,188 INFO  [io.api.tes.ser.api.KafkaSerdesTester] (Thread-606) Sending message {"key11755010363986": "value-8"} to topic topic-d1f643a6_e553_4864_a713_f2b67f629241
2025-08-12 14:52:45,190 INFO  [io.api.tes.ser.api.KafkaSerdesTester] (Thread-606) Sending message {"key11755010363986": "value-9"} to topic topic-d1f643a6_e553_4864_a713_f2b67f629241
2025-08-12 14:52:45,194 INFO  [io.api.tes.ser.api.KafkaSerdesTester] (Thread-606) Produced 10 messages
2025-08-12 14:52:45,194 INFO  [org.apa.kaf.cli.pro.KafkaProducer] (Thread-606) [Producer clientId=Producer-topic-d1f643a6_e553_4864_a713_f2b67f629241] Closing the Kafka producer with timeoutMillis = 9223372036854775807 ms.
2025-08-12 14:52:45,200 INFO  [org.apa.kaf.com.met.Metrics] (Thread-606) Metrics scheduler closed
2025-08-12 14:52:45,201 INFO  [org.apa.kaf.com.met.Metrics] (Thread-606) Closing reporter org.apache.kafka.common.metrics.JmxReporter
2025-08-12 14:52:45,201 INFO  [org.apa.kaf.com.met.Metrics] (Thread-606) Closing reporter org.apache.kafka.common.telemetry.internals.ClientTelemetryReporter
2025-08-12 14:52:45,201 INFO  [org.apa.kaf.com.met.Metrics] (Thread-606) Metrics reporters closed
2025-08-12 14:52:45,202 INFO  [org.apa.kaf.com.uti.AppInfoParser] (Thread-606) App info kafka.producer for Producer-topic-d1f643a6_e553_4864_a713_f2b67f629241 unregistered
**** Registry Base URL: http://registry-app-ksql047.apps.ci419.apicurio-testing.org:80
2025-08-12 14:52:45,202 INFO  [org.apa.kaf.cli.con.ConsumerConfig] (main) ConsumerConfig values: 
	allow.auto.create.topics = true
	auto.commit.interval.ms = 500
	auto.include.jmx.reporter = true
	auto.offset.reset = earliest
	bootstrap.servers = [PLAINTEXT://localhost:32769]
	check.crcs = true
	client.dns.lookup = use_all_dns_ips
	client.id = consumer-Consumer-topic-d1f643a6_e553_4864_a713_f2b67f629241-2
	client.rack = 
	connections.max.idle.ms = 10000
	default.api.timeout.ms = 60000
	enable.auto.commit = true
	enable.metrics.push = true
	exclude.internal.topics = true
	fetch.max.bytes = 52428800
	fetch.max.wait.ms = 500
	fetch.min.bytes = 1
	group.id = Consumer-topic-d1f643a6_e553_4864_a713_f2b67f629241
	group.instance.id = null
	group.protocol = classic
	group.remote.assignor = null
	heartbeat.interval.ms = 3000
	interceptor.classes = []
	internal.leave.group.on.close = true
	internal.throw.on.fetch.stable.offset.unsupported = false
	isolation.level = read_uncommitted
	key.deserializer = class org.apache.kafka.common.serialization.StringDeserializer
	max.partition.fetch.bytes = 1048576
	max.poll.interval.ms = 300000
	max.poll.records = 500
	metadata.max.age.ms = 300000
	metadata.recovery.strategy = none
	metric.reporters = []
	metrics.num.samples = 2
	metrics.recording.level = INFO
	metrics.sample.window.ms = 30000
	partition.assignment.strategy = [class org.apache.kafka.clients.consumer.RangeAssignor, class org.apache.kafka.clients.consumer.CooperativeStickyAssignor]
	receive.buffer.bytes = 65536
	reconnect.backoff.max.ms = 1000
	reconnect.backoff.ms = 50
	request.timeout.ms = 5000
	retry.backoff.max.ms = 1000
	retry.backoff.ms = 100
	sasl.client.callback.handler.class = null
	sasl.jaas.config = null
	sasl.kerberos.kinit.cmd = /usr/bin/kinit
	sasl.kerberos.min.time.before.relogin = 60000
	sasl.kerberos.service.name = null
	sasl.kerberos.ticket.renew.jitter = 0.05
	sasl.kerberos.ticket.renew.window.factor = 0.8
	sasl.login.callback.handler.class = null
	sasl.login.class = null
	sasl.login.connect.timeout.ms = null
	sasl.login.read.timeout.ms = null
	sasl.login.refresh.buffer.seconds = 300
	sasl.login.refresh.min.period.seconds = 60
	sasl.login.refresh.window.factor = 0.8
	sasl.login.refresh.window.jitter = 0.05
	sasl.login.retry.backoff.max.ms = 10000
	sasl.login.retry.backoff.ms = 100
	sasl.mechanism = GSSAPI
	sasl.oauthbearer.clock.skew.seconds = 30
	sasl.oauthbearer.expected.audience = null
	sasl.oauthbearer.expected.issuer = null
	sasl.oauthbearer.header.urlencode = false
	sasl.oauthbearer.jwks.endpoint.refresh.ms = 3600000
	sasl.oauthbearer.jwks.endpoint.retry.backoff.max.ms = 10000
	sasl.oauthbearer.jwks.endpoint.retry.backoff.ms = 100
	sasl.oauthbearer.jwks.endpoint.url = null
	sasl.oauthbearer.scope.claim.name = scope
	sasl.oauthbearer.sub.claim.name = sub
	sasl.oauthbearer.token.endpoint.url = null
	security.protocol = PLAINTEXT
	security.providers = null
	send.buffer.bytes = 131072
	session.timeout.ms = 45000
	socket.connection.setup.timeout.max.ms = 30000
	socket.connection.setup.timeout.ms = 10000
	ssl.cipher.suites = null
	ssl.enabled.protocols = [TLSv1.2, TLSv1.3]
	ssl.endpoint.identification.algorithm = https
	ssl.engine.factory.class = null
	ssl.key.password = null
	ssl.keymanager.algorithm = SunX509
	ssl.keystore.certificate.chain = null
	ssl.keystore.key = null
	ssl.keystore.location = null
	ssl.keystore.password = null
	ssl.keystore.type = JKS
	ssl.protocol = TLSv1.3
	ssl.provider = null
	ssl.secure.random.implementation = null
	ssl.trustmanager.algorithm = PKIX
	ssl.truststore.certificates = null
	ssl.truststore.location = null
	ssl.truststore.password = null
	ssl.truststore.type = JKS
	value.deserializer = class io.apicurio.registry.serde.avro.AvroKafkaDeserializer

2025-08-12 14:52:45,204 INFO  [org.apa.kaf.com.tel.int.KafkaMetricsCollector] (main) initializing Kafka metrics collector
2025-08-12 14:52:45,222 INFO  [org.apa.kaf.cli.con.ConsumerConfig] (main) These configurations '[apicurio.registry.url]' were supplied but are not used yet.
2025-08-12 14:52:45,222 INFO  [org.apa.kaf.com.uti.AppInfoParser] (main) Kafka version: 3.9.1
2025-08-12 14:52:45,222 INFO  [org.apa.kaf.com.uti.AppInfoParser] (main) Kafka commitId: f745dfdcee2b9851
2025-08-12 14:52:45,222 INFO  [org.apa.kaf.com.uti.AppInfoParser] (main) Kafka startTimeMs: 1755010365222
2025-08-12 14:52:45,227 INFO  [org.apa.kaf.cli.con.int.ClassicKafkaConsumer] (Thread-609) [Consumer clientId=consumer-Consumer-topic-d1f643a6_e553_4864_a713_f2b67f629241-2, groupId=Consumer-topic-d1f643a6_e553_4864_a713_f2b67f629241] Subscribed to topic(s): topic-d1f643a6_e553_4864_a713_f2b67f629241
2025-08-12 14:52:45,238 INFO  [org.apa.kaf.cli.Metadata] (Thread-609) [Consumer clientId=consumer-Consumer-topic-d1f643a6_e553_4864_a713_f2b67f629241-2, groupId=Consumer-topic-d1f643a6_e553_4864_a713_f2b67f629241] Cluster ID: XZZUcOHpSnyflE0hmwIDCg
2025-08-12 14:52:45,240 INFO  [org.apa.kaf.cli.con.int.ConsumerCoordinator] (Thread-609) [Consumer clientId=consumer-Consumer-topic-d1f643a6_e553_4864_a713_f2b67f629241-2, groupId=Consumer-topic-d1f643a6_e553_4864_a713_f2b67f629241] Discovered group coordinator localhost:32769 (id: 2147483647 rack: null)
2025-08-12 14:52:45,243 INFO  [org.apa.kaf.cli.con.int.ConsumerCoordinator] (Thread-609) [Consumer clientId=consumer-Consumer-topic-d1f643a6_e553_4864_a713_f2b67f629241-2, groupId=Consumer-topic-d1f643a6_e553_4864_a713_f2b67f629241] (Re-)joining group
2025-08-12 14:52:45,247 INFO  [org.apa.kaf.cli.con.int.ConsumerCoordinator] (Thread-609) [Consumer clientId=consumer-Consumer-topic-d1f643a6_e553_4864_a713_f2b67f629241-2, groupId=Consumer-topic-d1f643a6_e553_4864_a713_f2b67f629241] Request joining group due to: need to re-join with the given member-id: consumer-Consumer-topic-d1f643a6_e553_4864_a713_f2b67f629241-2-2148b6c9-1b56-4710-a369-0a7ee54eeef1
2025-08-12 14:52:45,247 INFO  [org.apa.kaf.cli.con.int.ConsumerCoordinator] (Thread-609) [Consumer clientId=consumer-Consumer-topic-d1f643a6_e553_4864_a713_f2b67f629241-2, groupId=Consumer-topic-d1f643a6_e553_4864_a713_f2b67f629241] (Re-)joining group
2025-08-12 14:52:46,228 INFO  [io.api.tes.ser.api.KafkaSerdesTester] (Thread-609) None found
2025-08-12 14:52:47,229 INFO  [io.api.tes.ser.api.KafkaSerdesTester] (Thread-609) None found
2025-08-12 14:52:48,230 INFO  [io.api.tes.ser.api.KafkaSerdesTester] (Thread-609) None found
2025-08-12 14:52:48,251 INFO  [org.apa.kaf.cli.con.int.ConsumerCoordinator] (Thread-609) [Consumer clientId=consumer-Consumer-topic-d1f643a6_e553_4864_a713_f2b67f629241-2, groupId=Consumer-topic-d1f643a6_e553_4864_a713_f2b67f629241] Successfully joined group with generation Generation{generationId=1, memberId='consumer-Consumer-topic-d1f643a6_e553_4864_a713_f2b67f629241-2-2148b6c9-1b56-4710-a369-0a7ee54eeef1', protocol='range'}
2025-08-12 14:52:48,252 INFO  [org.apa.kaf.cli.con.int.ConsumerCoordinator] (Thread-609) [Consumer clientId=consumer-Consumer-topic-d1f643a6_e553_4864_a713_f2b67f629241-2, groupId=Consumer-topic-d1f643a6_e553_4864_a713_f2b67f629241] Finished assignment for group at generation 1: {consumer-Consumer-topic-d1f643a6_e553_4864_a713_f2b67f629241-2-2148b6c9-1b56-4710-a369-0a7ee54eeef1=Assignment(partitions=[topic-d1f643a6_e553_4864_a713_f2b67f629241-0])}
2025-08-12 14:52:48,260 INFO  [org.apa.kaf.cli.con.int.ConsumerCoordinator] (Thread-609) [Consumer clientId=consumer-Consumer-topic-d1f643a6_e553_4864_a713_f2b67f629241-2, groupId=Consumer-topic-d1f643a6_e553_4864_a713_f2b67f629241] Successfully synced group in generation Generation{generationId=1, memberId='consumer-Consumer-topic-d1f643a6_e553_4864_a713_f2b67f629241-2-2148b6c9-1b56-4710-a369-0a7ee54eeef1', protocol='range'}
2025-08-12 14:52:48,260 INFO  [org.apa.kaf.cli.con.int.ConsumerCoordinator] (Thread-609) [Consumer clientId=consumer-Consumer-topic-d1f643a6_e553_4864_a713_f2b67f629241-2, groupId=Consumer-topic-d1f643a6_e553_4864_a713_f2b67f629241] Notifying assignor about the new Assignment(partitions=[topic-d1f643a6_e553_4864_a713_f2b67f629241-0])
2025-08-12 14:52:48,261 INFO  [org.apa.kaf.cli.con.int.ConsumerRebalanceListenerInvoker] (Thread-609) [Consumer clientId=consumer-Consumer-topic-d1f643a6_e553_4864_a713_f2b67f629241-2, groupId=Consumer-topic-d1f643a6_e553_4864_a713_f2b67f629241] Adding newly assigned partitions: topic-d1f643a6_e553_4864_a713_f2b67f629241-0
2025-08-12 14:52:48,262 INFO  [org.apa.kaf.cli.con.int.ConsumerCoordinator] (Thread-609) [Consumer clientId=consumer-Consumer-topic-d1f643a6_e553_4864_a713_f2b67f629241-2, groupId=Consumer-topic-d1f643a6_e553_4864_a713_f2b67f629241] Found no committed offset for partition topic-d1f643a6_e553_4864_a713_f2b67f629241-0
2025-08-12 14:52:48,272 INFO  [org.apa.kaf.cli.con.int.SubscriptionState] (Thread-609) [Consumer clientId=consumer-Consumer-topic-d1f643a6_e553_4864_a713_f2b67f629241-2, groupId=Consumer-topic-d1f643a6_e553_4864_a713_f2b67f629241] Resetting offset for partition topic-d1f643a6_e553_4864_a713_f2b67f629241-0 to position FetchPosition{offset=0, offsetEpoch=Optional.empty, currentLeader=LeaderAndEpoch{leader=Optional[localhost:32769 (id: 0 rack: null)], epoch=0}}.
2025-08-12 14:52:48,322 INFO  [io.api.tes.ser.api.KafkaSerdesTester] (Thread-609) topic-d1f643a6_e553_4864_a713_f2b67f629241 0 0 {"key11755010363986": "value-0"}
2025-08-12 14:52:48,323 INFO  [io.api.tes.ser.api.KafkaSerdesTester] (Thread-609) topic-d1f643a6_e553_4864_a713_f2b67f629241 0 1 {"key11755010363986": "value-1"}
2025-08-12 14:52:48,323 INFO  [io.api.tes.ser.api.KafkaSerdesTester] (Thread-609) topic-d1f643a6_e553_4864_a713_f2b67f629241 0 2 {"key11755010363986": "value-2"}
2025-08-12 14:52:48,323 INFO  [io.api.tes.ser.api.KafkaSerdesTester] (Thread-609) topic-d1f643a6_e553_4864_a713_f2b67f629241 0 3 {"key11755010363986": "value-3"}
2025-08-12 14:52:48,323 INFO  [io.api.tes.ser.api.KafkaSerdesTester] (Thread-609) topic-d1f643a6_e553_4864_a713_f2b67f629241 0 4 {"key11755010363986": "value-4"}
2025-08-12 14:52:48,323 INFO  [io.api.tes.ser.api.KafkaSerdesTester] (Thread-609) topic-d1f643a6_e553_4864_a713_f2b67f629241 0 5 {"key11755010363986": "value-5"}
2025-08-12 14:52:48,323 INFO  [io.api.tes.ser.api.KafkaSerdesTester] (Thread-609) topic-d1f643a6_e553_4864_a713_f2b67f629241 0 6 {"key11755010363986": "value-6"}
2025-08-12 14:52:48,323 INFO  [io.api.tes.ser.api.KafkaSerdesTester] (Thread-609) topic-d1f643a6_e553_4864_a713_f2b67f629241 0 7 {"key11755010363986": "value-7"}
2025-08-12 14:52:48,323 INFO  [io.api.tes.ser.api.KafkaSerdesTester] (Thread-609) topic-d1f643a6_e553_4864_a713_f2b67f629241 0 8 {"key11755010363986": "value-8"}
2025-08-12 14:52:48,324 INFO  [io.api.tes.ser.api.KafkaSerdesTester] (Thread-609) topic-d1f643a6_e553_4864_a713_f2b67f629241 0 9 {"key11755010363986": "value-9"}
2025-08-12 14:52:48,324 INFO  [io.api.tes.ser.api.KafkaSerdesTester] (Thread-609) Consumed 10 messages
2025-08-12 14:52:48,333 INFO  [org.apa.kaf.cli.con.int.ConsumerRebalanceListenerInvoker] (Thread-609) [Consumer clientId=consumer-Consumer-topic-d1f643a6_e553_4864_a713_f2b67f629241-2, groupId=Consumer-topic-d1f643a6_e553_4864_a713_f2b67f629241] Revoke previously assigned partitions topic-d1f643a6_e553_4864_a713_f2b67f629241-0
2025-08-12 14:52:48,333 INFO  [org.apa.kaf.cli.con.int.ConsumerCoordinator] (Thread-609) [Consumer clientId=consumer-Consumer-topic-d1f643a6_e553_4864_a713_f2b67f629241-2, groupId=Consumer-topic-d1f643a6_e553_4864_a713_f2b67f629241] Member consumer-Consumer-topic-d1f643a6_e553_4864_a713_f2b67f629241-2-2148b6c9-1b56-4710-a369-0a7ee54eeef1 sending LeaveGroup request to coordinator localhost:32769 (id: 2147483647 rack: null) due to the consumer is being closed
2025-08-12 14:52:48,335 INFO  [org.apa.kaf.cli.con.int.ConsumerCoordinator] (Thread-609) [Consumer clientId=consumer-Consumer-topic-d1f643a6_e553_4864_a713_f2b67f629241-2, groupId=Consumer-topic-d1f643a6_e553_4864_a713_f2b67f629241] Resetting generation and member id due to: consumer pro-actively leaving the group
2025-08-12 14:52:48,335 INFO  [org.apa.kaf.cli.con.int.ConsumerCoordinator] (Thread-609) [Consumer clientId=consumer-Consumer-topic-d1f643a6_e553_4864_a713_f2b67f629241-2, groupId=Consumer-topic-d1f643a6_e553_4864_a713_f2b67f629241] Request joining group due to: consumer pro-actively leaving the group
2025-08-12 14:52:48,826 INFO  [org.apa.kaf.com.met.Metrics] (Thread-609) Metrics scheduler closed
2025-08-12 14:52:48,826 INFO  [org.apa.kaf.com.met.Metrics] (Thread-609) Closing reporter org.apache.kafka.common.metrics.JmxReporter
2025-08-12 14:52:48,826 INFO  [org.apa.kaf.com.met.Metrics] (Thread-609) Closing reporter org.apache.kafka.common.telemetry.internals.ClientTelemetryReporter
2025-08-12 14:52:48,826 INFO  [org.apa.kaf.com.met.Metrics] (Thread-609) Metrics reporters closed
2025-08-12 14:52:48,832 INFO  [org.apa.kaf.com.uti.AppInfoParser] (Thread-609) App info kafka.consumer for consumer-Consumer-topic-d1f643a6_e553_4864_a713_f2b67f629241-2 unregistered
2025-08-12 14:52:48,832 INFO  [io.api.tes.uti.TestSeparator] (main) io.apicurio.tests.serdes.apicurio.AvroSerdeIT.testSimpleTopicIdStrategyFindLatest-FINISHED
2025-08-12 14:52:48,832 INFO  [io.api.tes.uti.TestSeparator] (main) ############################################################################
Test passed: testSimpleTopicIdStrategyFindLatest
]]></system-out>
  </testcase>
  <testcase name="testWrongSchema" classname="io.apicurio.tests.serdes.apicurio.AvroSerdeIT" time="1.163">
    <system-out><![CDATA[2025-08-12 14:52:48,839 INFO  [io.api.tes.uti.TestSeparator] (main) ############################################################################
2025-08-12 14:52:48,839 INFO  [io.api.tes.uti.TestSeparator] (main) io.apicurio.tests.serdes.apicurio.AvroSerdeIT.testWrongSchema-STARTED
**** Registry Base URL: http://registry-app-ksql047.apps.ci419.apicurio-testing.org:80
2025-08-12 14:52:49,928 INFO  [org.apa.kaf.cli.pro.ProducerConfig] (main) ProducerConfig values: 
	acks = -1
	auto.include.jmx.reporter = true
	batch.size = 16384
	bootstrap.servers = [PLAINTEXT://localhost:32769]
	buffer.memory = 33554432
	client.dns.lookup = use_all_dns_ips
	client.id = Producer-s90d7bed0x79e6x4ba6xb2baxdcee56a52698
	compression.gzip.level = -1
	compression.lz4.level = 9
	compression.type = none
	compression.zstd.level = 3
	connections.max.idle.ms = 10000
	delivery.timeout.ms = 120000
	enable.idempotence = true
	enable.metrics.push = true
	interceptor.classes = []
	key.serializer = class org.apache.kafka.common.serialization.StringSerializer
	linger.ms = 0
	max.block.ms = 60000
	max.in.flight.requests.per.connection = 5
	max.request.size = 1048576
	metadata.max.age.ms = 300000
	metadata.max.idle.ms = 300000
	metadata.recovery.strategy = none
	metric.reporters = []
	metrics.num.samples = 2
	metrics.recording.level = INFO
	metrics.sample.window.ms = 30000
	partitioner.adaptive.partitioning.enable = true
	partitioner.availability.timeout.ms = 0
	partitioner.class = null
	partitioner.ignore.keys = false
	receive.buffer.bytes = 32768
	reconnect.backoff.max.ms = 1000
	reconnect.backoff.ms = 50
	request.timeout.ms = 5000
	retries = 2147483647
	retry.backoff.max.ms = 1000
	retry.backoff.ms = 100
	sasl.client.callback.handler.class = null
	sasl.jaas.config = null
	sasl.kerberos.kinit.cmd = /usr/bin/kinit
	sasl.kerberos.min.time.before.relogin = 60000
	sasl.kerberos.service.name = null
	sasl.kerberos.ticket.renew.jitter = 0.05
	sasl.kerberos.ticket.renew.window.factor = 0.8
	sasl.login.callback.handler.class = null
	sasl.login.class = null
	sasl.login.connect.timeout.ms = null
	sasl.login.read.timeout.ms = null
	sasl.login.refresh.buffer.seconds = 300
	sasl.login.refresh.min.period.seconds = 60
	sasl.login.refresh.window.factor = 0.8
	sasl.login.refresh.window.jitter = 0.05
	sasl.login.retry.backoff.max.ms = 10000
	sasl.login.retry.backoff.ms = 100
	sasl.mechanism = GSSAPI
	sasl.oauthbearer.clock.skew.seconds = 30
	sasl.oauthbearer.expected.audience = null
	sasl.oauthbearer.expected.issuer = null
	sasl.oauthbearer.header.urlencode = false
	sasl.oauthbearer.jwks.endpoint.refresh.ms = 3600000
	sasl.oauthbearer.jwks.endpoint.retry.backoff.max.ms = 10000
	sasl.oauthbearer.jwks.endpoint.retry.backoff.ms = 100
	sasl.oauthbearer.jwks.endpoint.url = null
	sasl.oauthbearer.scope.claim.name = scope
	sasl.oauthbearer.sub.claim.name = sub
	sasl.oauthbearer.token.endpoint.url = null
	security.protocol = PLAINTEXT
	security.providers = null
	send.buffer.bytes = 131072
	socket.connection.setup.timeout.max.ms = 30000
	socket.connection.setup.timeout.ms = 10000
	ssl.cipher.suites = null
	ssl.enabled.protocols = [TLSv1.2, TLSv1.3]
	ssl.endpoint.identification.algorithm = https
	ssl.engine.factory.class = null
	ssl.key.password = null
	ssl.keymanager.algorithm = SunX509
	ssl.keystore.certificate.chain = null
	ssl.keystore.key = null
	ssl.keystore.location = null
	ssl.keystore.password = null
	ssl.keystore.type = JKS
	ssl.protocol = TLSv1.3
	ssl.provider = null
	ssl.secure.random.implementation = null
	ssl.trustmanager.algorithm = PKIX
	ssl.truststore.certificates = null
	ssl.truststore.location = null
	ssl.truststore.password = null
	ssl.truststore.type = JKS
	transaction.timeout.ms = 60000
	transactional.id = null
	value.serializer = class io.apicurio.registry.serde.avro.AvroKafkaSerializer

2025-08-12 14:52:49,929 INFO  [org.apa.kaf.com.tel.int.KafkaMetricsCollector] (main) initializing Kafka metrics collector
2025-08-12 14:52:49,933 INFO  [org.apa.kaf.cli.pro.KafkaProducer] (main) [Producer clientId=Producer-s90d7bed0x79e6x4ba6xb2baxdcee56a52698] Instantiated an idempotent producer.
2025-08-12 14:52:49,936 INFO  [org.apa.kaf.cli.pro.ProducerConfig] (main) These configurations '[apicurio.registry.find-latest, apicurio.registry.url, apicurio.registry.artifact-resolver-strategy]' were supplied but are not used yet.
2025-08-12 14:52:49,936 INFO  [org.apa.kaf.com.uti.AppInfoParser] (main) Kafka version: 3.9.1
2025-08-12 14:52:49,936 INFO  [org.apa.kaf.com.uti.AppInfoParser] (main) Kafka commitId: f745dfdcee2b9851
2025-08-12 14:52:49,936 INFO  [org.apa.kaf.com.uti.AppInfoParser] (main) Kafka startTimeMs: 1755010369936
2025-08-12 14:52:49,941 INFO  [io.api.tes.ser.api.KafkaSerdesTester] (Thread-612) Sending message {"keyB": "value-0"} to topic s90d7bed0x79e6x4ba6xb2baxdcee56a52698
2025-08-12 14:52:49,946 INFO  [org.apa.kaf.cli.Metadata] (kafka-producer-network-thread | Producer-s90d7bed0x79e6x4ba6xb2baxdcee56a52698) [Producer clientId=Producer-s90d7bed0x79e6x4ba6xb2baxdcee56a52698] Cluster ID: XZZUcOHpSnyflE0hmwIDCg
2025-08-12 14:52:49,948 INFO  [org.apa.kaf.cli.pro.int.TransactionManager] (kafka-producer-network-thread | Producer-s90d7bed0x79e6x4ba6xb2baxdcee56a52698) [Producer clientId=Producer-s90d7bed0x79e6x4ba6xb2baxdcee56a52698] ProducerId set to 2 with epoch 0
2025-08-12 14:52:49,990 INFO  [org.apa.kaf.cli.pro.KafkaProducer] (Thread-612) [Producer clientId=Producer-s90d7bed0x79e6x4ba6xb2baxdcee56a52698] Closing the Kafka producer with timeoutMillis = 9223372036854775807 ms.
2025-08-12 14:52:49,994 INFO  [org.apa.kaf.com.met.Metrics] (Thread-612) Metrics scheduler closed
2025-08-12 14:52:49,994 INFO  [org.apa.kaf.com.met.Metrics] (Thread-612) Closing reporter org.apache.kafka.common.metrics.JmxReporter
2025-08-12 14:52:49,994 INFO  [org.apa.kaf.com.met.Metrics] (Thread-612) Closing reporter org.apache.kafka.common.telemetry.internals.ClientTelemetryReporter
2025-08-12 14:52:49,995 INFO  [org.apa.kaf.com.met.Metrics] (Thread-612) Metrics reporters closed
2025-08-12 14:52:49,995 INFO  [org.apa.kaf.com.uti.AppInfoParser] (Thread-612) App info kafka.producer for Producer-s90d7bed0x79e6x4ba6xb2baxdcee56a52698 unregistered
2025-08-12 14:52:49,996 INFO  [io.api.tes.uti.TestSeparator] (main) io.apicurio.tests.serdes.apicurio.AvroSerdeIT.testWrongSchema-FINISHED
2025-08-12 14:52:49,996 INFO  [io.api.tes.uti.TestSeparator] (main) ############################################################################
Test passed: testWrongSchema
]]></system-out>
    <system-err><![CDATA[io.apicurio.registry.rest.client.models.ProblemDetails
	at io.apicurio.registry.rest.client.models.ProblemDetails.createFromDiscriminatorValue(ProblemDetails.java:58)
	at io.kiota.serialization.json.JsonParseNode.getObjectValue(JsonParseNode.java:247)
	at io.kiota.http.vertx.VertXRequestAdapter.lambda$throwIfFailedResponse$0(VertXRequestAdapter.java:400)
	at com.microsoft.kiota.ApiExceptionBuilder.<init>(ApiExceptionBuilder.java:26)
	at io.kiota.http.vertx.VertXRequestAdapter.throwIfFailedResponse(VertXRequestAdapter.java:399)
	at io.kiota.http.vertx.VertXRequestAdapter.send(VertXRequestAdapter.java:170)
	at io.apicurio.registry.rest.client.groups.item.artifacts.item.versions.item.WithVersionExpressionItemRequestBuilder.get(WithVersionExpressionItemRequestBuilder.java:128)
	at io.apicurio.registry.rest.client.groups.item.artifacts.item.versions.item.WithVersionExpressionItemRequestBuilder.get(WithVersionExpressionItemRequestBuilder.java:111)
	at io.apicurio.registry.resolver.client.RegistryClientFacadeImpl.getVersionCoordinatesByGAV(RegistryClientFacadeImpl.java:159)
	at io.apicurio.registry.resolver.DefaultSchemaResolver.resolveByCoordinates(DefaultSchemaResolver.java:352)
	at io.apicurio.registry.resolver.DefaultSchemaResolver.lambda$resolveSchemaByArtifactReferenceCached$6(DefaultSchemaResolver.java:340)
	at io.apicurio.registry.resolver.cache.ERCache.lambda$getValue$0(ERCache.java:174)
	at io.apicurio.registry.resolver.cache.ERCache.retry(ERCache.java:227)
	at io.apicurio.registry.resolver.cache.ERCache.getValue(ERCache.java:173)
	at io.apicurio.registry.resolver.cache.ERCache.getByArtifactCoordinates(ERCache.java:158)
	at io.apicurio.registry.resolver.DefaultSchemaResolver.resolveSchemaByArtifactReferenceCached(DefaultSchemaResolver.java:338)
	at io.apicurio.registry.resolver.DefaultSchemaResolver.resolveSchemaByCoordinates(DefaultSchemaResolver.java:193)
	at io.apicurio.registry.resolver.DefaultSchemaResolver.getSchemaFromRegistry(DefaultSchemaResolver.java:130)
	at io.apicurio.registry.resolver.DefaultSchemaResolver.lambda$resolveSchema$0(DefaultSchemaResolver.java:84)
	at java.base/java.util.Optional.orElseGet(Optional.java:364)
	at io.apicurio.registry.resolver.DefaultSchemaResolver.resolveSchema(DefaultSchemaResolver.java:84)
	at io.apicurio.registry.serde.AbstractSerializer.serializeData(AbstractSerializer.java:62)
	at io.apicurio.registry.serde.KafkaSerializer.serialize(KafkaSerializer.java:77)
	at org.apache.kafka.clients.producer.KafkaProducer.doSend(KafkaProducer.java:1046)
	at org.apache.kafka.clients.producer.KafkaProducer.send(KafkaProducer.java:993)
	at org.apache.kafka.clients.producer.KafkaProducer.send(KafkaProducer.java:875)
	at io.apicurio.tests.serdes.apicurio.KafkaSerdesTester.lambda$produceMessages$3(KafkaSerdesTester.java:138)
	at java.base/java.util.concurrent.CompletableFuture$AsyncSupply.run(CompletableFuture.java:1768)
	at java.base/java.lang.Thread.run(Thread.java:840)
]]></system-err>
  </testcase>
  <testcase name="testAvroJSON" classname="io.apicurio.tests.serdes.apicurio.AvroSerdeIT" time="3.931">
    <system-out><![CDATA[2025-08-12 14:52:50,006 INFO  [io.api.tes.uti.TestSeparator] (main) ############################################################################
2025-08-12 14:52:50,006 INFO  [io.api.tes.uti.TestSeparator] (main) io.apicurio.tests.serdes.apicurio.AvroSerdeIT.testAvroJSON-STARTED
**** Registry Base URL: http://registry-app-ksql047.apps.ci419.apicurio-testing.org:80
2025-08-12 14:52:50,013 INFO  [org.apa.kaf.cli.pro.ProducerConfig] (main) ProducerConfig values: 
	acks = -1
	auto.include.jmx.reporter = true
	batch.size = 16384
	bootstrap.servers = [PLAINTEXT://localhost:32769]
	buffer.memory = 33554432
	client.dns.lookup = use_all_dns_ips
	client.id = Producer-topic-5ca4f440_e6b8_443c_bbc1_0a8136e9f6f9
	compression.gzip.level = -1
	compression.lz4.level = 9
	compression.type = none
	compression.zstd.level = 3
	connections.max.idle.ms = 10000
	delivery.timeout.ms = 120000
	enable.idempotence = true
	enable.metrics.push = true
	interceptor.classes = []
	key.serializer = class org.apache.kafka.common.serialization.StringSerializer
	linger.ms = 0
	max.block.ms = 60000
	max.in.flight.requests.per.connection = 5
	max.request.size = 1048576
	metadata.max.age.ms = 300000
	metadata.max.idle.ms = 300000
	metadata.recovery.strategy = none
	metric.reporters = []
	metrics.num.samples = 2
	metrics.recording.level = INFO
	metrics.sample.window.ms = 30000
	partitioner.adaptive.partitioning.enable = true
	partitioner.availability.timeout.ms = 0
	partitioner.class = null
	partitioner.ignore.keys = false
	receive.buffer.bytes = 32768
	reconnect.backoff.max.ms = 1000
	reconnect.backoff.ms = 50
	request.timeout.ms = 5000
	retries = 2147483647
	retry.backoff.max.ms = 1000
	retry.backoff.ms = 100
	sasl.client.callback.handler.class = null
	sasl.jaas.config = null
	sasl.kerberos.kinit.cmd = /usr/bin/kinit
	sasl.kerberos.min.time.before.relogin = 60000
	sasl.kerberos.service.name = null
	sasl.kerberos.ticket.renew.jitter = 0.05
	sasl.kerberos.ticket.renew.window.factor = 0.8
	sasl.login.callback.handler.class = null
	sasl.login.class = null
	sasl.login.connect.timeout.ms = null
	sasl.login.read.timeout.ms = null
	sasl.login.refresh.buffer.seconds = 300
	sasl.login.refresh.min.period.seconds = 60
	sasl.login.refresh.window.factor = 0.8
	sasl.login.refresh.window.jitter = 0.05
	sasl.login.retry.backoff.max.ms = 10000
	sasl.login.retry.backoff.ms = 100
	sasl.mechanism = GSSAPI
	sasl.oauthbearer.clock.skew.seconds = 30
	sasl.oauthbearer.expected.audience = null
	sasl.oauthbearer.expected.issuer = null
	sasl.oauthbearer.header.urlencode = false
	sasl.oauthbearer.jwks.endpoint.refresh.ms = 3600000
	sasl.oauthbearer.jwks.endpoint.retry.backoff.max.ms = 10000
	sasl.oauthbearer.jwks.endpoint.retry.backoff.ms = 100
	sasl.oauthbearer.jwks.endpoint.url = null
	sasl.oauthbearer.scope.claim.name = scope
	sasl.oauthbearer.sub.claim.name = sub
	sasl.oauthbearer.token.endpoint.url = null
	security.protocol = PLAINTEXT
	security.providers = null
	send.buffer.bytes = 131072
	socket.connection.setup.timeout.max.ms = 30000
	socket.connection.setup.timeout.ms = 10000
	ssl.cipher.suites = null
	ssl.enabled.protocols = [TLSv1.2, TLSv1.3]
	ssl.endpoint.identification.algorithm = https
	ssl.engine.factory.class = null
	ssl.key.password = null
	ssl.keymanager.algorithm = SunX509
	ssl.keystore.certificate.chain = null
	ssl.keystore.key = null
	ssl.keystore.location = null
	ssl.keystore.password = null
	ssl.keystore.type = JKS
	ssl.protocol = TLSv1.3
	ssl.provider = null
	ssl.secure.random.implementation = null
	ssl.trustmanager.algorithm = PKIX
	ssl.truststore.certificates = null
	ssl.truststore.location = null
	ssl.truststore.password = null
	ssl.truststore.type = JKS
	transaction.timeout.ms = 60000
	transactional.id = null
	value.serializer = class io.apicurio.registry.serde.avro.AvroKafkaSerializer

2025-08-12 14:52:50,013 INFO  [org.apa.kaf.com.tel.int.KafkaMetricsCollector] (main) initializing Kafka metrics collector
2025-08-12 14:52:50,020 INFO  [org.apa.kaf.cli.pro.KafkaProducer] (main) [Producer clientId=Producer-topic-5ca4f440_e6b8_443c_bbc1_0a8136e9f6f9] Instantiated an idempotent producer.
2025-08-12 14:52:50,025 INFO  [org.apa.kaf.cli.pro.ProducerConfig] (main) These configurations '[apicurio.registry.avro.encoding, apicurio.registry.url, apicurio.registry.auto-register, apicurio.registry.artifact-resolver-strategy]' were supplied but are not used yet.
2025-08-12 14:52:50,025 INFO  [org.apa.kaf.com.uti.AppInfoParser] (main) Kafka version: 3.9.1
2025-08-12 14:52:50,025 INFO  [org.apa.kaf.com.uti.AppInfoParser] (main) Kafka commitId: f745dfdcee2b9851
2025-08-12 14:52:50,025 INFO  [org.apa.kaf.com.uti.AppInfoParser] (main) Kafka startTimeMs: 1755010370025
2025-08-12 14:52:50,025 INFO  [io.api.tes.ser.api.SimpleSerdesTesterBuilder$SimpleSerdesTester] (main) Using producer configuration: {apicurio.registry.avro.encoding=JSON, apicurio.registry.url=http://registry-app-ksql047.apps.ci419.apicurio-testing.org:80/apis/registry/v3, apicurio.registry.auto-register=true, apicurio.registry.artifact-resolver-strategy=io.apicurio.registry.serde.strategy.TopicIdStrategy, value.serializer=io.apicurio.registry.serde.avro.AvroKafkaSerializer, request.timeout.ms=5000, acks=all, bootstrap.servers=PLAINTEXT://localhost:32769, connections.max.idle.ms=10000, key.serializer=org.apache.kafka.common.serialization.StringSerializer, client.id=Producer-topic-5ca4f440_e6b8_443c_bbc1_0a8136e9f6f9}
2025-08-12 14:52:50,025 INFO  [io.api.tes.ser.api.SimpleSerdesTesterBuilder$SimpleSerdesTester] (main) Using consumer configuration: {apicurio.registry.avro.encoding=JSON}
2025-08-12 14:52:50,029 INFO  [io.api.tes.ser.api.KafkaSerdesTester] (Thread-615) Sending message {"bar": "value-0"} to topic topic-5ca4f440_e6b8_443c_bbc1_0a8136e9f6f9
2025-08-12 14:52:50,036 WARN  [org.apa.kaf.cli.NetworkClient] (kafka-producer-network-thread | Producer-topic-5ca4f440_e6b8_443c_bbc1_0a8136e9f6f9) [Producer clientId=Producer-topic-5ca4f440_e6b8_443c_bbc1_0a8136e9f6f9] The metadata response from the cluster reported a recoverable issue with correlation id 1 : {topic-5ca4f440_e6b8_443c_bbc1_0a8136e9f6f9=UNKNOWN_TOPIC_OR_PARTITION}
2025-08-12 14:52:50,036 INFO  [org.apa.kaf.cli.Metadata] (kafka-producer-network-thread | Producer-topic-5ca4f440_e6b8_443c_bbc1_0a8136e9f6f9) [Producer clientId=Producer-topic-5ca4f440_e6b8_443c_bbc1_0a8136e9f6f9] Cluster ID: XZZUcOHpSnyflE0hmwIDCg
2025-08-12 14:52:50,042 INFO  [org.apa.kaf.cli.pro.int.TransactionManager] (kafka-producer-network-thread | Producer-topic-5ca4f440_e6b8_443c_bbc1_0a8136e9f6f9) [Producer clientId=Producer-topic-5ca4f440_e6b8_443c_bbc1_0a8136e9f6f9] ProducerId set to 3 with epoch 0
2025-08-12 14:52:50,239 INFO  [io.api.tes.ser.api.KafkaSerdesTester] (Thread-615) Sending message {"bar": "value-1"} to topic topic-5ca4f440_e6b8_443c_bbc1_0a8136e9f6f9
2025-08-12 14:52:50,243 INFO  [io.api.tes.ser.api.KafkaSerdesTester] (Thread-615) Sending message {"bar": "value-2"} to topic topic-5ca4f440_e6b8_443c_bbc1_0a8136e9f6f9
2025-08-12 14:52:50,251 INFO  [io.api.tes.ser.api.KafkaSerdesTester] (Thread-615) Sending message {"bar": "value-3"} to topic topic-5ca4f440_e6b8_443c_bbc1_0a8136e9f6f9
2025-08-12 14:52:50,255 INFO  [io.api.tes.ser.api.KafkaSerdesTester] (Thread-615) Sending message {"bar": "value-4"} to topic topic-5ca4f440_e6b8_443c_bbc1_0a8136e9f6f9
2025-08-12 14:52:50,261 INFO  [io.api.tes.ser.api.KafkaSerdesTester] (Thread-615) Sending message {"bar": "value-5"} to topic topic-5ca4f440_e6b8_443c_bbc1_0a8136e9f6f9
2025-08-12 14:52:50,267 INFO  [io.api.tes.ser.api.KafkaSerdesTester] (Thread-615) Sending message {"bar": "value-6"} to topic topic-5ca4f440_e6b8_443c_bbc1_0a8136e9f6f9
2025-08-12 14:52:50,272 INFO  [io.api.tes.ser.api.KafkaSerdesTester] (Thread-615) Sending message {"bar": "value-7"} to topic topic-5ca4f440_e6b8_443c_bbc1_0a8136e9f6f9
2025-08-12 14:52:50,280 INFO  [io.api.tes.ser.api.KafkaSerdesTester] (Thread-615) Sending message {"bar": "value-8"} to topic topic-5ca4f440_e6b8_443c_bbc1_0a8136e9f6f9
2025-08-12 14:52:50,285 INFO  [io.api.tes.ser.api.KafkaSerdesTester] (Thread-615) Sending message {"bar": "value-9"} to topic topic-5ca4f440_e6b8_443c_bbc1_0a8136e9f6f9
2025-08-12 14:52:50,288 INFO  [io.api.tes.ser.api.KafkaSerdesTester] (Thread-615) Produced 10 messages
2025-08-12 14:52:50,288 INFO  [org.apa.kaf.cli.pro.KafkaProducer] (Thread-615) [Producer clientId=Producer-topic-5ca4f440_e6b8_443c_bbc1_0a8136e9f6f9] Closing the Kafka producer with timeoutMillis = 9223372036854775807 ms.
2025-08-12 14:52:50,294 INFO  [org.apa.kaf.com.met.Metrics] (Thread-615) Metrics scheduler closed
2025-08-12 14:52:50,295 INFO  [org.apa.kaf.com.met.Metrics] (Thread-615) Closing reporter org.apache.kafka.common.metrics.JmxReporter
2025-08-12 14:52:50,295 INFO  [org.apa.kaf.com.met.Metrics] (Thread-615) Closing reporter org.apache.kafka.common.telemetry.internals.ClientTelemetryReporter
2025-08-12 14:52:50,295 INFO  [org.apa.kaf.com.met.Metrics] (Thread-615) Metrics reporters closed
2025-08-12 14:52:50,295 INFO  [org.apa.kaf.com.uti.AppInfoParser] (Thread-615) App info kafka.producer for Producer-topic-5ca4f440_e6b8_443c_bbc1_0a8136e9f6f9 unregistered
**** Registry Base URL: http://registry-app-ksql047.apps.ci419.apicurio-testing.org:80
2025-08-12 14:52:50,328 INFO  [org.apa.kaf.cli.con.ConsumerConfig] (main) ConsumerConfig values: 
	allow.auto.create.topics = true
	auto.commit.interval.ms = 500
	auto.include.jmx.reporter = true
	auto.offset.reset = earliest
	bootstrap.servers = [PLAINTEXT://localhost:32769]
	check.crcs = true
	client.dns.lookup = use_all_dns_ips
	client.id = consumer-Consumer-topic-5ca4f440_e6b8_443c_bbc1_0a8136e9f6f9-3
	client.rack = 
	connections.max.idle.ms = 10000
	default.api.timeout.ms = 60000
	enable.auto.commit = true
	enable.metrics.push = true
	exclude.internal.topics = true
	fetch.max.bytes = 52428800
	fetch.max.wait.ms = 500
	fetch.min.bytes = 1
	group.id = Consumer-topic-5ca4f440_e6b8_443c_bbc1_0a8136e9f6f9
	group.instance.id = null
	group.protocol = classic
	group.remote.assignor = null
	heartbeat.interval.ms = 3000
	interceptor.classes = []
	internal.leave.group.on.close = true
	internal.throw.on.fetch.stable.offset.unsupported = false
	isolation.level = read_uncommitted
	key.deserializer = class org.apache.kafka.common.serialization.StringDeserializer
	max.partition.fetch.bytes = 1048576
	max.poll.interval.ms = 300000
	max.poll.records = 500
	metadata.max.age.ms = 300000
	metadata.recovery.strategy = none
	metric.reporters = []
	metrics.num.samples = 2
	metrics.recording.level = INFO
	metrics.sample.window.ms = 30000
	partition.assignment.strategy = [class org.apache.kafka.clients.consumer.RangeAssignor, class org.apache.kafka.clients.consumer.CooperativeStickyAssignor]
	receive.buffer.bytes = 65536
	reconnect.backoff.max.ms = 1000
	reconnect.backoff.ms = 50
	request.timeout.ms = 5000
	retry.backoff.max.ms = 1000
	retry.backoff.ms = 100
	sasl.client.callback.handler.class = null
	sasl.jaas.config = null
	sasl.kerberos.kinit.cmd = /usr/bin/kinit
	sasl.kerberos.min.time.before.relogin = 60000
	sasl.kerberos.service.name = null
	sasl.kerberos.ticket.renew.jitter = 0.05
	sasl.kerberos.ticket.renew.window.factor = 0.8
	sasl.login.callback.handler.class = null
	sasl.login.class = null
	sasl.login.connect.timeout.ms = null
	sasl.login.read.timeout.ms = null
	sasl.login.refresh.buffer.seconds = 300
	sasl.login.refresh.min.period.seconds = 60
	sasl.login.refresh.window.factor = 0.8
	sasl.login.refresh.window.jitter = 0.05
	sasl.login.retry.backoff.max.ms = 10000
	sasl.login.retry.backoff.ms = 100
	sasl.mechanism = GSSAPI
	sasl.oauthbearer.clock.skew.seconds = 30
	sasl.oauthbearer.expected.audience = null
	sasl.oauthbearer.expected.issuer = null
	sasl.oauthbearer.header.urlencode = false
	sasl.oauthbearer.jwks.endpoint.refresh.ms = 3600000
	sasl.oauthbearer.jwks.endpoint.retry.backoff.max.ms = 10000
	sasl.oauthbearer.jwks.endpoint.retry.backoff.ms = 100
	sasl.oauthbearer.jwks.endpoint.url = null
	sasl.oauthbearer.scope.claim.name = scope
	sasl.oauthbearer.sub.claim.name = sub
	sasl.oauthbearer.token.endpoint.url = null
	security.protocol = PLAINTEXT
	security.providers = null
	send.buffer.bytes = 131072
	session.timeout.ms = 45000
	socket.connection.setup.timeout.max.ms = 30000
	socket.connection.setup.timeout.ms = 10000
	ssl.cipher.suites = null
	ssl.enabled.protocols = [TLSv1.2, TLSv1.3]
	ssl.endpoint.identification.algorithm = https
	ssl.engine.factory.class = null
	ssl.key.password = null
	ssl.keymanager.algorithm = SunX509
	ssl.keystore.certificate.chain = null
	ssl.keystore.key = null
	ssl.keystore.location = null
	ssl.keystore.password = null
	ssl.keystore.type = JKS
	ssl.protocol = TLSv1.3
	ssl.provider = null
	ssl.secure.random.implementation = null
	ssl.trustmanager.algorithm = PKIX
	ssl.truststore.certificates = null
	ssl.truststore.location = null
	ssl.truststore.password = null
	ssl.truststore.type = JKS
	value.deserializer = class io.apicurio.registry.serde.avro.AvroKafkaDeserializer

2025-08-12 14:52:50,329 INFO  [org.apa.kaf.com.tel.int.KafkaMetricsCollector] (main) initializing Kafka metrics collector
2025-08-12 14:52:50,337 INFO  [org.apa.kaf.cli.con.ConsumerConfig] (main) These configurations '[apicurio.registry.avro.encoding, apicurio.registry.url]' were supplied but are not used yet.
2025-08-12 14:52:50,338 INFO  [org.apa.kaf.com.uti.AppInfoParser] (main) Kafka version: 3.9.1
2025-08-12 14:52:50,338 INFO  [org.apa.kaf.com.uti.AppInfoParser] (main) Kafka commitId: f745dfdcee2b9851
2025-08-12 14:52:50,338 INFO  [org.apa.kaf.com.uti.AppInfoParser] (main) Kafka startTimeMs: 1755010370338
2025-08-12 14:52:50,338 INFO  [org.apa.kaf.cli.con.int.ClassicKafkaConsumer] (Thread-618) [Consumer clientId=consumer-Consumer-topic-5ca4f440_e6b8_443c_bbc1_0a8136e9f6f9-3, groupId=Consumer-topic-5ca4f440_e6b8_443c_bbc1_0a8136e9f6f9] Subscribed to topic(s): topic-5ca4f440_e6b8_443c_bbc1_0a8136e9f6f9
2025-08-12 14:52:50,344 INFO  [org.apa.kaf.cli.Metadata] (Thread-618) [Consumer clientId=consumer-Consumer-topic-5ca4f440_e6b8_443c_bbc1_0a8136e9f6f9-3, groupId=Consumer-topic-5ca4f440_e6b8_443c_bbc1_0a8136e9f6f9] Cluster ID: XZZUcOHpSnyflE0hmwIDCg
2025-08-12 14:52:50,348 INFO  [org.apa.kaf.cli.con.int.ConsumerCoordinator] (Thread-618) [Consumer clientId=consumer-Consumer-topic-5ca4f440_e6b8_443c_bbc1_0a8136e9f6f9-3, groupId=Consumer-topic-5ca4f440_e6b8_443c_bbc1_0a8136e9f6f9] Discovered group coordinator localhost:32769 (id: 2147483647 rack: null)
2025-08-12 14:52:50,351 INFO  [org.apa.kaf.cli.con.int.ConsumerCoordinator] (Thread-618) [Consumer clientId=consumer-Consumer-topic-5ca4f440_e6b8_443c_bbc1_0a8136e9f6f9-3, groupId=Consumer-topic-5ca4f440_e6b8_443c_bbc1_0a8136e9f6f9] (Re-)joining group
2025-08-12 14:52:50,356 INFO  [org.apa.kaf.cli.con.int.ConsumerCoordinator] (Thread-618) [Consumer clientId=consumer-Consumer-topic-5ca4f440_e6b8_443c_bbc1_0a8136e9f6f9-3, groupId=Consumer-topic-5ca4f440_e6b8_443c_bbc1_0a8136e9f6f9] Request joining group due to: need to re-join with the given member-id: consumer-Consumer-topic-5ca4f440_e6b8_443c_bbc1_0a8136e9f6f9-3-366f96c9-849b-4103-966d-21686b5f9239
2025-08-12 14:52:50,356 INFO  [org.apa.kaf.cli.con.int.ConsumerCoordinator] (Thread-618) [Consumer clientId=consumer-Consumer-topic-5ca4f440_e6b8_443c_bbc1_0a8136e9f6f9-3, groupId=Consumer-topic-5ca4f440_e6b8_443c_bbc1_0a8136e9f6f9] (Re-)joining group
2025-08-12 14:52:51,339 INFO  [io.api.tes.ser.api.KafkaSerdesTester] (Thread-618) None found
2025-08-12 14:52:52,339 INFO  [io.api.tes.ser.api.KafkaSerdesTester] (Thread-618) None found
2025-08-12 14:52:53,339 INFO  [io.api.tes.ser.api.KafkaSerdesTester] (Thread-618) None found
2025-08-12 14:52:53,358 INFO  [org.apa.kaf.cli.con.int.ConsumerCoordinator] (Thread-618) [Consumer clientId=consumer-Consumer-topic-5ca4f440_e6b8_443c_bbc1_0a8136e9f6f9-3, groupId=Consumer-topic-5ca4f440_e6b8_443c_bbc1_0a8136e9f6f9] Successfully joined group with generation Generation{generationId=1, memberId='consumer-Consumer-topic-5ca4f440_e6b8_443c_bbc1_0a8136e9f6f9-3-366f96c9-849b-4103-966d-21686b5f9239', protocol='range'}
2025-08-12 14:52:53,359 INFO  [org.apa.kaf.cli.con.int.ConsumerCoordinator] (Thread-618) [Consumer clientId=consumer-Consumer-topic-5ca4f440_e6b8_443c_bbc1_0a8136e9f6f9-3, groupId=Consumer-topic-5ca4f440_e6b8_443c_bbc1_0a8136e9f6f9] Finished assignment for group at generation 1: {consumer-Consumer-topic-5ca4f440_e6b8_443c_bbc1_0a8136e9f6f9-3-366f96c9-849b-4103-966d-21686b5f9239=Assignment(partitions=[topic-5ca4f440_e6b8_443c_bbc1_0a8136e9f6f9-0])}
2025-08-12 14:52:53,366 INFO  [org.apa.kaf.cli.con.int.ConsumerCoordinator] (Thread-618) [Consumer clientId=consumer-Consumer-topic-5ca4f440_e6b8_443c_bbc1_0a8136e9f6f9-3, groupId=Consumer-topic-5ca4f440_e6b8_443c_bbc1_0a8136e9f6f9] Successfully synced group in generation Generation{generationId=1, memberId='consumer-Consumer-topic-5ca4f440_e6b8_443c_bbc1_0a8136e9f6f9-3-366f96c9-849b-4103-966d-21686b5f9239', protocol='range'}
2025-08-12 14:52:53,367 INFO  [org.apa.kaf.cli.con.int.ConsumerCoordinator] (Thread-618) [Consumer clientId=consumer-Consumer-topic-5ca4f440_e6b8_443c_bbc1_0a8136e9f6f9-3, groupId=Consumer-topic-5ca4f440_e6b8_443c_bbc1_0a8136e9f6f9] Notifying assignor about the new Assignment(partitions=[topic-5ca4f440_e6b8_443c_bbc1_0a8136e9f6f9-0])
2025-08-12 14:52:53,367 INFO  [org.apa.kaf.cli.con.int.ConsumerRebalanceListenerInvoker] (Thread-618) [Consumer clientId=consumer-Consumer-topic-5ca4f440_e6b8_443c_bbc1_0a8136e9f6f9-3, groupId=Consumer-topic-5ca4f440_e6b8_443c_bbc1_0a8136e9f6f9] Adding newly assigned partitions: topic-5ca4f440_e6b8_443c_bbc1_0a8136e9f6f9-0
2025-08-12 14:52:53,368 INFO  [org.apa.kaf.cli.con.int.ConsumerCoordinator] (Thread-618) [Consumer clientId=consumer-Consumer-topic-5ca4f440_e6b8_443c_bbc1_0a8136e9f6f9-3, groupId=Consumer-topic-5ca4f440_e6b8_443c_bbc1_0a8136e9f6f9] Found no committed offset for partition topic-5ca4f440_e6b8_443c_bbc1_0a8136e9f6f9-0
2025-08-12 14:52:53,373 INFO  [org.apa.kaf.cli.con.int.SubscriptionState] (Thread-618) [Consumer clientId=consumer-Consumer-topic-5ca4f440_e6b8_443c_bbc1_0a8136e9f6f9-3, groupId=Consumer-topic-5ca4f440_e6b8_443c_bbc1_0a8136e9f6f9] Resetting offset for partition topic-5ca4f440_e6b8_443c_bbc1_0a8136e9f6f9-0 to position FetchPosition{offset=0, offsetEpoch=Optional.empty, currentLeader=LeaderAndEpoch{leader=Optional[localhost:32769 (id: 0 rack: null)], epoch=0}}.
2025-08-12 14:52:53,417 INFO  [io.api.tes.ser.api.KafkaSerdesTester] (Thread-618) topic-5ca4f440_e6b8_443c_bbc1_0a8136e9f6f9 0 0 {"bar": "value-0"}
2025-08-12 14:52:53,417 INFO  [io.api.tes.ser.api.KafkaSerdesTester] (Thread-618) topic-5ca4f440_e6b8_443c_bbc1_0a8136e9f6f9 0 1 {"bar": "value-1"}
2025-08-12 14:52:53,417 INFO  [io.api.tes.ser.api.KafkaSerdesTester] (Thread-618) topic-5ca4f440_e6b8_443c_bbc1_0a8136e9f6f9 0 2 {"bar": "value-2"}
2025-08-12 14:52:53,417 INFO  [io.api.tes.ser.api.KafkaSerdesTester] (Thread-618) topic-5ca4f440_e6b8_443c_bbc1_0a8136e9f6f9 0 3 {"bar": "value-3"}
2025-08-12 14:52:53,417 INFO  [io.api.tes.ser.api.KafkaSerdesTester] (Thread-618) topic-5ca4f440_e6b8_443c_bbc1_0a8136e9f6f9 0 4 {"bar": "value-4"}
2025-08-12 14:52:53,418 INFO  [io.api.tes.ser.api.KafkaSerdesTester] (Thread-618) topic-5ca4f440_e6b8_443c_bbc1_0a8136e9f6f9 0 5 {"bar": "value-5"}
2025-08-12 14:52:53,418 INFO  [io.api.tes.ser.api.KafkaSerdesTester] (Thread-618) topic-5ca4f440_e6b8_443c_bbc1_0a8136e9f6f9 0 6 {"bar": "value-6"}
2025-08-12 14:52:53,418 INFO  [io.api.tes.ser.api.KafkaSerdesTester] (Thread-618) topic-5ca4f440_e6b8_443c_bbc1_0a8136e9f6f9 0 7 {"bar": "value-7"}
2025-08-12 14:52:53,418 INFO  [io.api.tes.ser.api.KafkaSerdesTester] (Thread-618) topic-5ca4f440_e6b8_443c_bbc1_0a8136e9f6f9 0 8 {"bar": "value-8"}
2025-08-12 14:52:53,418 INFO  [io.api.tes.ser.api.KafkaSerdesTester] (Thread-618) topic-5ca4f440_e6b8_443c_bbc1_0a8136e9f6f9 0 9 {"bar": "value-9"}
2025-08-12 14:52:53,418 INFO  [io.api.tes.ser.api.KafkaSerdesTester] (Thread-618) Consumed 10 messages
2025-08-12 14:52:53,427 INFO  [org.apa.kaf.cli.con.int.ConsumerRebalanceListenerInvoker] (Thread-618) [Consumer clientId=consumer-Consumer-topic-5ca4f440_e6b8_443c_bbc1_0a8136e9f6f9-3, groupId=Consumer-topic-5ca4f440_e6b8_443c_bbc1_0a8136e9f6f9] Revoke previously assigned partitions topic-5ca4f440_e6b8_443c_bbc1_0a8136e9f6f9-0
2025-08-12 14:52:53,428 INFO  [org.apa.kaf.cli.con.int.ConsumerCoordinator] (Thread-618) [Consumer clientId=consumer-Consumer-topic-5ca4f440_e6b8_443c_bbc1_0a8136e9f6f9-3, groupId=Consumer-topic-5ca4f440_e6b8_443c_bbc1_0a8136e9f6f9] Member consumer-Consumer-topic-5ca4f440_e6b8_443c_bbc1_0a8136e9f6f9-3-366f96c9-849b-4103-966d-21686b5f9239 sending LeaveGroup request to coordinator localhost:32769 (id: 2147483647 rack: null) due to the consumer is being closed
2025-08-12 14:52:53,428 INFO  [org.apa.kaf.cli.con.int.ConsumerCoordinator] (Thread-618) [Consumer clientId=consumer-Consumer-topic-5ca4f440_e6b8_443c_bbc1_0a8136e9f6f9-3, groupId=Consumer-topic-5ca4f440_e6b8_443c_bbc1_0a8136e9f6f9] Resetting generation and member id due to: consumer pro-actively leaving the group
2025-08-12 14:52:53,428 INFO  [org.apa.kaf.cli.con.int.ConsumerCoordinator] (Thread-618) [Consumer clientId=consumer-Consumer-topic-5ca4f440_e6b8_443c_bbc1_0a8136e9f6f9-3, groupId=Consumer-topic-5ca4f440_e6b8_443c_bbc1_0a8136e9f6f9] Request joining group due to: consumer pro-actively leaving the group
2025-08-12 14:52:53,922 INFO  [org.apa.kaf.com.met.Metrics] (Thread-618) Metrics scheduler closed
2025-08-12 14:52:53,922 INFO  [org.apa.kaf.com.met.Metrics] (Thread-618) Closing reporter org.apache.kafka.common.metrics.JmxReporter
2025-08-12 14:52:53,922 INFO  [org.apa.kaf.com.met.Metrics] (Thread-618) Closing reporter org.apache.kafka.common.telemetry.internals.ClientTelemetryReporter
2025-08-12 14:52:53,923 INFO  [org.apa.kaf.com.met.Metrics] (Thread-618) Metrics reporters closed
2025-08-12 14:52:53,927 INFO  [org.apa.kaf.com.uti.AppInfoParser] (Thread-618) App info kafka.consumer for consumer-Consumer-topic-5ca4f440_e6b8_443c_bbc1_0a8136e9f6f9-3 unregistered
2025-08-12 14:52:53,928 INFO  [io.api.tes.uti.TestSeparator] (main) io.apicurio.tests.serdes.apicurio.AvroSerdeIT.testAvroJSON-FINISHED
2025-08-12 14:52:53,928 INFO  [io.api.tes.uti.TestSeparator] (main) ############################################################################
Test passed: testAvroJSON
]]></system-out>
  </testcase>
  <testcase name="testTopicIdStrategyAutoRegister" classname="io.apicurio.tests.serdes.apicurio.AvroSerdeIT" time="3.885">
    <system-out><![CDATA[2025-08-12 14:52:53,929 INFO  [io.api.tes.uti.TestSeparator] (main) ############################################################################
2025-08-12 14:52:53,929 INFO  [io.api.tes.uti.TestSeparator] (main) io.apicurio.tests.serdes.apicurio.AvroSerdeIT.testTopicIdStrategyAutoRegister-STARTED
**** Registry Base URL: http://registry-app-ksql047.apps.ci419.apicurio-testing.org:80
2025-08-12 14:52:53,933 INFO  [org.apa.kaf.cli.pro.ProducerConfig] (main) ProducerConfig values: 
	acks = -1
	auto.include.jmx.reporter = true
	batch.size = 16384
	bootstrap.servers = [PLAINTEXT://localhost:32769]
	buffer.memory = 33554432
	client.dns.lookup = use_all_dns_ips
	client.id = Producer-topic-6b43e6b2_6b09_4398_9e2a_746271935629
	compression.gzip.level = -1
	compression.lz4.level = 9
	compression.type = none
	compression.zstd.level = 3
	connections.max.idle.ms = 10000
	delivery.timeout.ms = 120000
	enable.idempotence = true
	enable.metrics.push = true
	interceptor.classes = []
	key.serializer = class org.apache.kafka.common.serialization.StringSerializer
	linger.ms = 0
	max.block.ms = 60000
	max.in.flight.requests.per.connection = 5
	max.request.size = 1048576
	metadata.max.age.ms = 300000
	metadata.max.idle.ms = 300000
	metadata.recovery.strategy = none
	metric.reporters = []
	metrics.num.samples = 2
	metrics.recording.level = INFO
	metrics.sample.window.ms = 30000
	partitioner.adaptive.partitioning.enable = true
	partitioner.availability.timeout.ms = 0
	partitioner.class = null
	partitioner.ignore.keys = false
	receive.buffer.bytes = 32768
	reconnect.backoff.max.ms = 1000
	reconnect.backoff.ms = 50
	request.timeout.ms = 5000
	retries = 2147483647
	retry.backoff.max.ms = 1000
	retry.backoff.ms = 100
	sasl.client.callback.handler.class = null
	sasl.jaas.config = null
	sasl.kerberos.kinit.cmd = /usr/bin/kinit
	sasl.kerberos.min.time.before.relogin = 60000
	sasl.kerberos.service.name = null
	sasl.kerberos.ticket.renew.jitter = 0.05
	sasl.kerberos.ticket.renew.window.factor = 0.8
	sasl.login.callback.handler.class = null
	sasl.login.class = null
	sasl.login.connect.timeout.ms = null
	sasl.login.read.timeout.ms = null
	sasl.login.refresh.buffer.seconds = 300
	sasl.login.refresh.min.period.seconds = 60
	sasl.login.refresh.window.factor = 0.8
	sasl.login.refresh.window.jitter = 0.05
	sasl.login.retry.backoff.max.ms = 10000
	sasl.login.retry.backoff.ms = 100
	sasl.mechanism = GSSAPI
	sasl.oauthbearer.clock.skew.seconds = 30
	sasl.oauthbearer.expected.audience = null
	sasl.oauthbearer.expected.issuer = null
	sasl.oauthbearer.header.urlencode = false
	sasl.oauthbearer.jwks.endpoint.refresh.ms = 3600000
	sasl.oauthbearer.jwks.endpoint.retry.backoff.max.ms = 10000
	sasl.oauthbearer.jwks.endpoint.retry.backoff.ms = 100
	sasl.oauthbearer.jwks.endpoint.url = null
	sasl.oauthbearer.scope.claim.name = scope
	sasl.oauthbearer.sub.claim.name = sub
	sasl.oauthbearer.token.endpoint.url = null
	security.protocol = PLAINTEXT
	security.providers = null
	send.buffer.bytes = 131072
	socket.connection.setup.timeout.max.ms = 30000
	socket.connection.setup.timeout.ms = 10000
	ssl.cipher.suites = null
	ssl.enabled.protocols = [TLSv1.2, TLSv1.3]
	ssl.endpoint.identification.algorithm = https
	ssl.engine.factory.class = null
	ssl.key.password = null
	ssl.keymanager.algorithm = SunX509
	ssl.keystore.certificate.chain = null
	ssl.keystore.key = null
	ssl.keystore.location = null
	ssl.keystore.password = null
	ssl.keystore.type = JKS
	ssl.protocol = TLSv1.3
	ssl.provider = null
	ssl.secure.random.implementation = null
	ssl.trustmanager.algorithm = PKIX
	ssl.truststore.certificates = null
	ssl.truststore.location = null
	ssl.truststore.password = null
	ssl.truststore.type = JKS
	transaction.timeout.ms = 60000
	transactional.id = null
	value.serializer = class io.apicurio.registry.serde.avro.AvroKafkaSerializer

2025-08-12 14:52:53,937 INFO  [org.apa.kaf.com.tel.int.KafkaMetricsCollector] (main) initializing Kafka metrics collector
2025-08-12 14:52:53,942 INFO  [org.apa.kaf.cli.pro.KafkaProducer] (main) [Producer clientId=Producer-topic-6b43e6b2_6b09_4398_9e2a_746271935629] Instantiated an idempotent producer.
2025-08-12 14:52:53,948 INFO  [org.apa.kaf.cli.pro.ProducerConfig] (main) These configurations '[apicurio.registry.url, apicurio.registry.auto-register, apicurio.registry.artifact-resolver-strategy]' were supplied but are not used yet.
2025-08-12 14:52:53,948 INFO  [org.apa.kaf.com.uti.AppInfoParser] (main) Kafka version: 3.9.1
2025-08-12 14:52:53,948 INFO  [org.apa.kaf.com.uti.AppInfoParser] (main) Kafka commitId: f745dfdcee2b9851
2025-08-12 14:52:53,948 INFO  [org.apa.kaf.com.uti.AppInfoParser] (main) Kafka startTimeMs: 1755010373948
2025-08-12 14:52:53,949 INFO  [io.api.tes.ser.api.SimpleSerdesTesterBuilder$SimpleSerdesTester] (main) Using producer configuration: {apicurio.registry.url=http://registry-app-ksql047.apps.ci419.apicurio-testing.org:80/apis/registry/v3, apicurio.registry.auto-register=true, apicurio.registry.artifact-resolver-strategy=io.apicurio.registry.serde.strategy.TopicIdStrategy, value.serializer=io.apicurio.registry.serde.avro.AvroKafkaSerializer, request.timeout.ms=5000, acks=all, bootstrap.servers=PLAINTEXT://localhost:32769, connections.max.idle.ms=10000, key.serializer=org.apache.kafka.common.serialization.StringSerializer, client.id=Producer-topic-6b43e6b2_6b09_4398_9e2a_746271935629}
2025-08-12 14:52:53,949 INFO  [io.api.tes.ser.api.SimpleSerdesTesterBuilder$SimpleSerdesTester] (main) Using consumer configuration: {}
2025-08-12 14:52:53,952 INFO  [io.api.tes.ser.api.KafkaSerdesTester] (Thread-621) Sending message {"key11755010373932": "value-0"} to topic topic-6b43e6b2_6b09_4398_9e2a_746271935629
2025-08-12 14:52:53,957 WARN  [org.apa.kaf.cli.NetworkClient] (kafka-producer-network-thread | Producer-topic-6b43e6b2_6b09_4398_9e2a_746271935629) [Producer clientId=Producer-topic-6b43e6b2_6b09_4398_9e2a_746271935629] The metadata response from the cluster reported a recoverable issue with correlation id 1 : {topic-6b43e6b2_6b09_4398_9e2a_746271935629=UNKNOWN_TOPIC_OR_PARTITION}
2025-08-12 14:52:53,957 INFO  [org.apa.kaf.cli.Metadata] (kafka-producer-network-thread | Producer-topic-6b43e6b2_6b09_4398_9e2a_746271935629) [Producer clientId=Producer-topic-6b43e6b2_6b09_4398_9e2a_746271935629] Cluster ID: XZZUcOHpSnyflE0hmwIDCg
2025-08-12 14:52:53,957 INFO  [org.apa.kaf.cli.pro.int.TransactionManager] (kafka-producer-network-thread | Producer-topic-6b43e6b2_6b09_4398_9e2a_746271935629) [Producer clientId=Producer-topic-6b43e6b2_6b09_4398_9e2a_746271935629] ProducerId set to 4 with epoch 0
2025-08-12 14:52:54,141 INFO  [io.api.tes.ser.api.KafkaSerdesTester] (Thread-621) Sending message {"key11755010373932": "value-1"} to topic topic-6b43e6b2_6b09_4398_9e2a_746271935629
2025-08-12 14:52:54,144 INFO  [io.api.tes.ser.api.KafkaSerdesTester] (Thread-621) Sending message {"key11755010373932": "value-2"} to topic topic-6b43e6b2_6b09_4398_9e2a_746271935629
2025-08-12 14:52:54,146 INFO  [io.api.tes.ser.api.KafkaSerdesTester] (Thread-621) Sending message {"key11755010373932": "value-3"} to topic topic-6b43e6b2_6b09_4398_9e2a_746271935629
2025-08-12 14:52:54,148 INFO  [io.api.tes.ser.api.KafkaSerdesTester] (Thread-621) Sending message {"key11755010373932": "value-4"} to topic topic-6b43e6b2_6b09_4398_9e2a_746271935629
2025-08-12 14:52:54,150 INFO  [io.api.tes.ser.api.KafkaSerdesTester] (Thread-621) Sending message {"key11755010373932": "value-5"} to topic topic-6b43e6b2_6b09_4398_9e2a_746271935629
2025-08-12 14:52:54,152 INFO  [io.api.tes.ser.api.KafkaSerdesTester] (Thread-621) Sending message {"key11755010373932": "value-6"} to topic topic-6b43e6b2_6b09_4398_9e2a_746271935629
2025-08-12 14:52:54,153 INFO  [io.api.tes.ser.api.KafkaSerdesTester] (Thread-621) Sending message {"key11755010373932": "value-7"} to topic topic-6b43e6b2_6b09_4398_9e2a_746271935629
2025-08-12 14:52:54,156 INFO  [io.api.tes.ser.api.KafkaSerdesTester] (Thread-621) Sending message {"key11755010373932": "value-8"} to topic topic-6b43e6b2_6b09_4398_9e2a_746271935629
2025-08-12 14:52:54,158 INFO  [io.api.tes.ser.api.KafkaSerdesTester] (Thread-621) Sending message {"key11755010373932": "value-9"} to topic topic-6b43e6b2_6b09_4398_9e2a_746271935629
2025-08-12 14:52:54,161 INFO  [io.api.tes.ser.api.KafkaSerdesTester] (Thread-621) Produced 10 messages
2025-08-12 14:52:54,161 INFO  [org.apa.kaf.cli.pro.KafkaProducer] (Thread-621) [Producer clientId=Producer-topic-6b43e6b2_6b09_4398_9e2a_746271935629] Closing the Kafka producer with timeoutMillis = 9223372036854775807 ms.
2025-08-12 14:52:54,165 INFO  [org.apa.kaf.com.met.Metrics] (Thread-621) Metrics scheduler closed
2025-08-12 14:52:54,165 INFO  [org.apa.kaf.com.met.Metrics] (Thread-621) Closing reporter org.apache.kafka.common.metrics.JmxReporter
2025-08-12 14:52:54,165 INFO  [org.apa.kaf.com.met.Metrics] (Thread-621) Closing reporter org.apache.kafka.common.telemetry.internals.ClientTelemetryReporter
2025-08-12 14:52:54,165 INFO  [org.apa.kaf.com.met.Metrics] (Thread-621) Metrics reporters closed
2025-08-12 14:52:54,165 INFO  [org.apa.kaf.com.uti.AppInfoParser] (Thread-621) App info kafka.producer for Producer-topic-6b43e6b2_6b09_4398_9e2a_746271935629 unregistered
**** Registry Base URL: http://registry-app-ksql047.apps.ci419.apicurio-testing.org:80
2025-08-12 14:52:54,195 INFO  [org.apa.kaf.cli.con.ConsumerConfig] (main) ConsumerConfig values: 
	allow.auto.create.topics = true
	auto.commit.interval.ms = 500
	auto.include.jmx.reporter = true
	auto.offset.reset = earliest
	bootstrap.servers = [PLAINTEXT://localhost:32769]
	check.crcs = true
	client.dns.lookup = use_all_dns_ips
	client.id = consumer-Consumer-topic-6b43e6b2_6b09_4398_9e2a_746271935629-4
	client.rack = 
	connections.max.idle.ms = 10000
	default.api.timeout.ms = 60000
	enable.auto.commit = true
	enable.metrics.push = true
	exclude.internal.topics = true
	fetch.max.bytes = 52428800
	fetch.max.wait.ms = 500
	fetch.min.bytes = 1
	group.id = Consumer-topic-6b43e6b2_6b09_4398_9e2a_746271935629
	group.instance.id = null
	group.protocol = classic
	group.remote.assignor = null
	heartbeat.interval.ms = 3000
	interceptor.classes = []
	internal.leave.group.on.close = true
	internal.throw.on.fetch.stable.offset.unsupported = false
	isolation.level = read_uncommitted
	key.deserializer = class org.apache.kafka.common.serialization.StringDeserializer
	max.partition.fetch.bytes = 1048576
	max.poll.interval.ms = 300000
	max.poll.records = 500
	metadata.max.age.ms = 300000
	metadata.recovery.strategy = none
	metric.reporters = []
	metrics.num.samples = 2
	metrics.recording.level = INFO
	metrics.sample.window.ms = 30000
	partition.assignment.strategy = [class org.apache.kafka.clients.consumer.RangeAssignor, class org.apache.kafka.clients.consumer.CooperativeStickyAssignor]
	receive.buffer.bytes = 65536
	reconnect.backoff.max.ms = 1000
	reconnect.backoff.ms = 50
	request.timeout.ms = 5000
	retry.backoff.max.ms = 1000
	retry.backoff.ms = 100
	sasl.client.callback.handler.class = null
	sasl.jaas.config = null
	sasl.kerberos.kinit.cmd = /usr/bin/kinit
	sasl.kerberos.min.time.before.relogin = 60000
	sasl.kerberos.service.name = null
	sasl.kerberos.ticket.renew.jitter = 0.05
	sasl.kerberos.ticket.renew.window.factor = 0.8
	sasl.login.callback.handler.class = null
	sasl.login.class = null
	sasl.login.connect.timeout.ms = null
	sasl.login.read.timeout.ms = null
	sasl.login.refresh.buffer.seconds = 300
	sasl.login.refresh.min.period.seconds = 60
	sasl.login.refresh.window.factor = 0.8
	sasl.login.refresh.window.jitter = 0.05
	sasl.login.retry.backoff.max.ms = 10000
	sasl.login.retry.backoff.ms = 100
	sasl.mechanism = GSSAPI
	sasl.oauthbearer.clock.skew.seconds = 30
	sasl.oauthbearer.expected.audience = null
	sasl.oauthbearer.expected.issuer = null
	sasl.oauthbearer.header.urlencode = false
	sasl.oauthbearer.jwks.endpoint.refresh.ms = 3600000
	sasl.oauthbearer.jwks.endpoint.retry.backoff.max.ms = 10000
	sasl.oauthbearer.jwks.endpoint.retry.backoff.ms = 100
	sasl.oauthbearer.jwks.endpoint.url = null
	sasl.oauthbearer.scope.claim.name = scope
	sasl.oauthbearer.sub.claim.name = sub
	sasl.oauthbearer.token.endpoint.url = null
	security.protocol = PLAINTEXT
	security.providers = null
	send.buffer.bytes = 131072
	session.timeout.ms = 45000
	socket.connection.setup.timeout.max.ms = 30000
	socket.connection.setup.timeout.ms = 10000
	ssl.cipher.suites = null
	ssl.enabled.protocols = [TLSv1.2, TLSv1.3]
	ssl.endpoint.identification.algorithm = https
	ssl.engine.factory.class = null
	ssl.key.password = null
	ssl.keymanager.algorithm = SunX509
	ssl.keystore.certificate.chain = null
	ssl.keystore.key = null
	ssl.keystore.location = null
	ssl.keystore.password = null
	ssl.keystore.type = JKS
	ssl.protocol = TLSv1.3
	ssl.provider = null
	ssl.secure.random.implementation = null
	ssl.trustmanager.algorithm = PKIX
	ssl.truststore.certificates = null
	ssl.truststore.location = null
	ssl.truststore.password = null
	ssl.truststore.type = JKS
	value.deserializer = class io.apicurio.registry.serde.avro.AvroKafkaDeserializer

2025-08-12 14:52:54,196 INFO  [org.apa.kaf.com.tel.int.KafkaMetricsCollector] (main) initializing Kafka metrics collector
2025-08-12 14:52:54,203 INFO  [org.apa.kaf.cli.con.ConsumerConfig] (main) These configurations '[apicurio.registry.url]' were supplied but are not used yet.
2025-08-12 14:52:54,203 INFO  [org.apa.kaf.com.uti.AppInfoParser] (main) Kafka version: 3.9.1
2025-08-12 14:52:54,203 INFO  [org.apa.kaf.com.uti.AppInfoParser] (main) Kafka commitId: f745dfdcee2b9851
2025-08-12 14:52:54,203 INFO  [org.apa.kaf.com.uti.AppInfoParser] (main) Kafka startTimeMs: 1755010374203
2025-08-12 14:52:54,205 INFO  [org.apa.kaf.cli.con.int.ClassicKafkaConsumer] (Thread-624) [Consumer clientId=consumer-Consumer-topic-6b43e6b2_6b09_4398_9e2a_746271935629-4, groupId=Consumer-topic-6b43e6b2_6b09_4398_9e2a_746271935629] Subscribed to topic(s): topic-6b43e6b2_6b09_4398_9e2a_746271935629
2025-08-12 14:52:54,214 INFO  [org.apa.kaf.cli.Metadata] (Thread-624) [Consumer clientId=consumer-Consumer-topic-6b43e6b2_6b09_4398_9e2a_746271935629-4, groupId=Consumer-topic-6b43e6b2_6b09_4398_9e2a_746271935629] Cluster ID: XZZUcOHpSnyflE0hmwIDCg
2025-08-12 14:52:54,216 INFO  [org.apa.kaf.cli.con.int.ConsumerCoordinator] (Thread-624) [Consumer clientId=consumer-Consumer-topic-6b43e6b2_6b09_4398_9e2a_746271935629-4, groupId=Consumer-topic-6b43e6b2_6b09_4398_9e2a_746271935629] Discovered group coordinator localhost:32769 (id: 2147483647 rack: null)
2025-08-12 14:52:54,219 INFO  [org.apa.kaf.cli.con.int.ConsumerCoordinator] (Thread-624) [Consumer clientId=consumer-Consumer-topic-6b43e6b2_6b09_4398_9e2a_746271935629-4, groupId=Consumer-topic-6b43e6b2_6b09_4398_9e2a_746271935629] (Re-)joining group
2025-08-12 14:52:54,222 INFO  [org.apa.kaf.cli.con.int.ConsumerCoordinator] (Thread-624) [Consumer clientId=consumer-Consumer-topic-6b43e6b2_6b09_4398_9e2a_746271935629-4, groupId=Consumer-topic-6b43e6b2_6b09_4398_9e2a_746271935629] Request joining group due to: need to re-join with the given member-id: consumer-Consumer-topic-6b43e6b2_6b09_4398_9e2a_746271935629-4-64dcc542-fb58-4131-94fc-c3e245fdd7d6
2025-08-12 14:52:54,223 INFO  [org.apa.kaf.cli.con.int.ConsumerCoordinator] (Thread-624) [Consumer clientId=consumer-Consumer-topic-6b43e6b2_6b09_4398_9e2a_746271935629-4, groupId=Consumer-topic-6b43e6b2_6b09_4398_9e2a_746271935629] (Re-)joining group
2025-08-12 14:52:55,205 INFO  [io.api.tes.ser.api.KafkaSerdesTester] (Thread-624) None found
2025-08-12 14:52:56,206 INFO  [io.api.tes.ser.api.KafkaSerdesTester] (Thread-624) None found
2025-08-12 14:52:57,207 INFO  [io.api.tes.ser.api.KafkaSerdesTester] (Thread-624) None found
2025-08-12 14:52:57,226 INFO  [org.apa.kaf.cli.con.int.ConsumerCoordinator] (Thread-624) [Consumer clientId=consumer-Consumer-topic-6b43e6b2_6b09_4398_9e2a_746271935629-4, groupId=Consumer-topic-6b43e6b2_6b09_4398_9e2a_746271935629] Successfully joined group with generation Generation{generationId=1, memberId='consumer-Consumer-topic-6b43e6b2_6b09_4398_9e2a_746271935629-4-64dcc542-fb58-4131-94fc-c3e245fdd7d6', protocol='range'}
2025-08-12 14:52:57,226 INFO  [org.apa.kaf.cli.con.int.ConsumerCoordinator] (Thread-624) [Consumer clientId=consumer-Consumer-topic-6b43e6b2_6b09_4398_9e2a_746271935629-4, groupId=Consumer-topic-6b43e6b2_6b09_4398_9e2a_746271935629] Finished assignment for group at generation 1: {consumer-Consumer-topic-6b43e6b2_6b09_4398_9e2a_746271935629-4-64dcc542-fb58-4131-94fc-c3e245fdd7d6=Assignment(partitions=[topic-6b43e6b2_6b09_4398_9e2a_746271935629-0])}
2025-08-12 14:52:57,234 INFO  [org.apa.kaf.cli.con.int.ConsumerCoordinator] (Thread-624) [Consumer clientId=consumer-Consumer-topic-6b43e6b2_6b09_4398_9e2a_746271935629-4, groupId=Consumer-topic-6b43e6b2_6b09_4398_9e2a_746271935629] Successfully synced group in generation Generation{generationId=1, memberId='consumer-Consumer-topic-6b43e6b2_6b09_4398_9e2a_746271935629-4-64dcc542-fb58-4131-94fc-c3e245fdd7d6', protocol='range'}
2025-08-12 14:52:57,235 INFO  [org.apa.kaf.cli.con.int.ConsumerCoordinator] (Thread-624) [Consumer clientId=consumer-Consumer-topic-6b43e6b2_6b09_4398_9e2a_746271935629-4, groupId=Consumer-topic-6b43e6b2_6b09_4398_9e2a_746271935629] Notifying assignor about the new Assignment(partitions=[topic-6b43e6b2_6b09_4398_9e2a_746271935629-0])
2025-08-12 14:52:57,235 INFO  [org.apa.kaf.cli.con.int.ConsumerRebalanceListenerInvoker] (Thread-624) [Consumer clientId=consumer-Consumer-topic-6b43e6b2_6b09_4398_9e2a_746271935629-4, groupId=Consumer-topic-6b43e6b2_6b09_4398_9e2a_746271935629] Adding newly assigned partitions: topic-6b43e6b2_6b09_4398_9e2a_746271935629-0
2025-08-12 14:52:57,236 INFO  [org.apa.kaf.cli.con.int.ConsumerCoordinator] (Thread-624) [Consumer clientId=consumer-Consumer-topic-6b43e6b2_6b09_4398_9e2a_746271935629-4, groupId=Consumer-topic-6b43e6b2_6b09_4398_9e2a_746271935629] Found no committed offset for partition topic-6b43e6b2_6b09_4398_9e2a_746271935629-0
2025-08-12 14:52:57,241 INFO  [org.apa.kaf.cli.con.int.SubscriptionState] (Thread-624) [Consumer clientId=consumer-Consumer-topic-6b43e6b2_6b09_4398_9e2a_746271935629-4, groupId=Consumer-topic-6b43e6b2_6b09_4398_9e2a_746271935629] Resetting offset for partition topic-6b43e6b2_6b09_4398_9e2a_746271935629-0 to position FetchPosition{offset=0, offsetEpoch=Optional.empty, currentLeader=LeaderAndEpoch{leader=Optional[localhost:32769 (id: 0 rack: null)], epoch=0}}.
2025-08-12 14:52:57,276 INFO  [io.api.tes.ser.api.KafkaSerdesTester] (Thread-624) topic-6b43e6b2_6b09_4398_9e2a_746271935629 0 0 {"key11755010373932": "value-0"}
2025-08-12 14:52:57,278 INFO  [io.api.tes.ser.api.KafkaSerdesTester] (Thread-624) topic-6b43e6b2_6b09_4398_9e2a_746271935629 0 1 {"key11755010373932": "value-1"}
2025-08-12 14:52:57,278 INFO  [io.api.tes.ser.api.KafkaSerdesTester] (Thread-624) topic-6b43e6b2_6b09_4398_9e2a_746271935629 0 2 {"key11755010373932": "value-2"}
2025-08-12 14:52:57,278 INFO  [io.api.tes.ser.api.KafkaSerdesTester] (Thread-624) topic-6b43e6b2_6b09_4398_9e2a_746271935629 0 3 {"key11755010373932": "value-3"}
2025-08-12 14:52:57,278 INFO  [io.api.tes.ser.api.KafkaSerdesTester] (Thread-624) topic-6b43e6b2_6b09_4398_9e2a_746271935629 0 4 {"key11755010373932": "value-4"}
2025-08-12 14:52:57,278 INFO  [io.api.tes.ser.api.KafkaSerdesTester] (Thread-624) topic-6b43e6b2_6b09_4398_9e2a_746271935629 0 5 {"key11755010373932": "value-5"}
2025-08-12 14:52:57,278 INFO  [io.api.tes.ser.api.KafkaSerdesTester] (Thread-624) topic-6b43e6b2_6b09_4398_9e2a_746271935629 0 6 {"key11755010373932": "value-6"}
2025-08-12 14:52:57,278 INFO  [io.api.tes.ser.api.KafkaSerdesTester] (Thread-624) topic-6b43e6b2_6b09_4398_9e2a_746271935629 0 7 {"key11755010373932": "value-7"}
2025-08-12 14:52:57,278 INFO  [io.api.tes.ser.api.KafkaSerdesTester] (Thread-624) topic-6b43e6b2_6b09_4398_9e2a_746271935629 0 8 {"key11755010373932": "value-8"}
2025-08-12 14:52:57,279 INFO  [io.api.tes.ser.api.KafkaSerdesTester] (Thread-624) topic-6b43e6b2_6b09_4398_9e2a_746271935629 0 9 {"key11755010373932": "value-9"}
2025-08-12 14:52:57,279 INFO  [io.api.tes.ser.api.KafkaSerdesTester] (Thread-624) Consumed 10 messages
2025-08-12 14:52:57,287 INFO  [org.apa.kaf.cli.con.int.ConsumerRebalanceListenerInvoker] (Thread-624) [Consumer clientId=consumer-Consumer-topic-6b43e6b2_6b09_4398_9e2a_746271935629-4, groupId=Consumer-topic-6b43e6b2_6b09_4398_9e2a_746271935629] Revoke previously assigned partitions topic-6b43e6b2_6b09_4398_9e2a_746271935629-0
2025-08-12 14:52:57,287 INFO  [org.apa.kaf.cli.con.int.ConsumerCoordinator] (Thread-624) [Consumer clientId=consumer-Consumer-topic-6b43e6b2_6b09_4398_9e2a_746271935629-4, groupId=Consumer-topic-6b43e6b2_6b09_4398_9e2a_746271935629] Member consumer-Consumer-topic-6b43e6b2_6b09_4398_9e2a_746271935629-4-64dcc542-fb58-4131-94fc-c3e245fdd7d6 sending LeaveGroup request to coordinator localhost:32769 (id: 2147483647 rack: null) due to the consumer is being closed
2025-08-12 14:52:57,287 INFO  [org.apa.kaf.cli.con.int.ConsumerCoordinator] (Thread-624) [Consumer clientId=consumer-Consumer-topic-6b43e6b2_6b09_4398_9e2a_746271935629-4, groupId=Consumer-topic-6b43e6b2_6b09_4398_9e2a_746271935629] Resetting generation and member id due to: consumer pro-actively leaving the group
2025-08-12 14:52:57,287 INFO  [org.apa.kaf.cli.con.int.ConsumerCoordinator] (Thread-624) [Consumer clientId=consumer-Consumer-topic-6b43e6b2_6b09_4398_9e2a_746271935629-4, groupId=Consumer-topic-6b43e6b2_6b09_4398_9e2a_746271935629] Request joining group due to: consumer pro-actively leaving the group
2025-08-12 14:52:57,780 INFO  [org.apa.kaf.com.met.Metrics] (Thread-624) Metrics scheduler closed
2025-08-12 14:52:57,780 INFO  [org.apa.kaf.com.met.Metrics] (Thread-624) Closing reporter org.apache.kafka.common.metrics.JmxReporter
2025-08-12 14:52:57,780 INFO  [org.apa.kaf.com.met.Metrics] (Thread-624) Closing reporter org.apache.kafka.common.telemetry.internals.ClientTelemetryReporter
2025-08-12 14:52:57,780 INFO  [org.apa.kaf.com.met.Metrics] (Thread-624) Metrics reporters closed
2025-08-12 14:52:57,783 INFO  [org.apa.kaf.com.uti.AppInfoParser] (Thread-624) App info kafka.consumer for consumer-Consumer-topic-6b43e6b2_6b09_4398_9e2a_746271935629-4 unregistered
2025-08-12 14:52:57,812 INFO  [io.api.tes.uti.TestSeparator] (main) io.apicurio.tests.serdes.apicurio.AvroSerdeIT.testTopicIdStrategyAutoRegister-FINISHED
2025-08-12 14:52:57,812 INFO  [io.api.tes.uti.TestSeparator] (main) ############################################################################
Test passed: testTopicIdStrategyAutoRegister
]]></system-out>
  </testcase>
  <testcase name="testRecordIdStrategydFindLatest" classname="io.apicurio.tests.serdes.apicurio.AvroSerdeIT" time="4.787">
    <system-out><![CDATA[2025-08-12 14:52:57,814 INFO  [io.api.tes.uti.TestSeparator] (main) ############################################################################
2025-08-12 14:52:57,814 INFO  [io.api.tes.uti.TestSeparator] (main) io.apicurio.tests.serdes.apicurio.AvroSerdeIT.testRecordIdStrategydFindLatest-STARTED
2025-08-12 14:52:57,816 INFO  [io.api.tes.ser.api.AvroSerdeIT] (main) Registering Avro Schema: {"type":"record","name":"s99371d04x81eax4b73x8e23x8824d480acfd","namespace":"s287dfdbex20e6x440cxb85fx7d63c701108e","fields":[{"name":"key11755010377815","type":"string"}]}
**** Registry Base URL: http://registry-app-ksql047.apps.ci419.apicurio-testing.org:80
2025-08-12 14:52:58,883 INFO  [org.apa.kaf.cli.pro.ProducerConfig] (main) ProducerConfig values: 
	acks = -1
	auto.include.jmx.reporter = true
	batch.size = 16384
	bootstrap.servers = [PLAINTEXT://localhost:32769]
	buffer.memory = 33554432
	client.dns.lookup = use_all_dns_ips
	client.id = Producer-topic-0dafe7b3_04ed_4a1f_82f5_e1c176bff057
	compression.gzip.level = -1
	compression.lz4.level = 9
	compression.type = none
	compression.zstd.level = 3
	connections.max.idle.ms = 10000
	delivery.timeout.ms = 120000
	enable.idempotence = true
	enable.metrics.push = true
	interceptor.classes = []
	key.serializer = class org.apache.kafka.common.serialization.StringSerializer
	linger.ms = 0
	max.block.ms = 60000
	max.in.flight.requests.per.connection = 5
	max.request.size = 1048576
	metadata.max.age.ms = 300000
	metadata.max.idle.ms = 300000
	metadata.recovery.strategy = none
	metric.reporters = []
	metrics.num.samples = 2
	metrics.recording.level = INFO
	metrics.sample.window.ms = 30000
	partitioner.adaptive.partitioning.enable = true
	partitioner.availability.timeout.ms = 0
	partitioner.class = null
	partitioner.ignore.keys = false
	receive.buffer.bytes = 32768
	reconnect.backoff.max.ms = 1000
	reconnect.backoff.ms = 50
	request.timeout.ms = 5000
	retries = 2147483647
	retry.backoff.max.ms = 1000
	retry.backoff.ms = 100
	sasl.client.callback.handler.class = null
	sasl.jaas.config = null
	sasl.kerberos.kinit.cmd = /usr/bin/kinit
	sasl.kerberos.min.time.before.relogin = 60000
	sasl.kerberos.service.name = null
	sasl.kerberos.ticket.renew.jitter = 0.05
	sasl.kerberos.ticket.renew.window.factor = 0.8
	sasl.login.callback.handler.class = null
	sasl.login.class = null
	sasl.login.connect.timeout.ms = null
	sasl.login.read.timeout.ms = null
	sasl.login.refresh.buffer.seconds = 300
	sasl.login.refresh.min.period.seconds = 60
	sasl.login.refresh.window.factor = 0.8
	sasl.login.refresh.window.jitter = 0.05
	sasl.login.retry.backoff.max.ms = 10000
	sasl.login.retry.backoff.ms = 100
	sasl.mechanism = GSSAPI
	sasl.oauthbearer.clock.skew.seconds = 30
	sasl.oauthbearer.expected.audience = null
	sasl.oauthbearer.expected.issuer = null
	sasl.oauthbearer.header.urlencode = false
	sasl.oauthbearer.jwks.endpoint.refresh.ms = 3600000
	sasl.oauthbearer.jwks.endpoint.retry.backoff.max.ms = 10000
	sasl.oauthbearer.jwks.endpoint.retry.backoff.ms = 100
	sasl.oauthbearer.jwks.endpoint.url = null
	sasl.oauthbearer.scope.claim.name = scope
	sasl.oauthbearer.sub.claim.name = sub
	sasl.oauthbearer.token.endpoint.url = null
	security.protocol = PLAINTEXT
	security.providers = null
	send.buffer.bytes = 131072
	socket.connection.setup.timeout.max.ms = 30000
	socket.connection.setup.timeout.ms = 10000
	ssl.cipher.suites = null
	ssl.enabled.protocols = [TLSv1.2, TLSv1.3]
	ssl.endpoint.identification.algorithm = https
	ssl.engine.factory.class = null
	ssl.key.password = null
	ssl.keymanager.algorithm = SunX509
	ssl.keystore.certificate.chain = null
	ssl.keystore.key = null
	ssl.keystore.location = null
	ssl.keystore.password = null
	ssl.keystore.type = JKS
	ssl.protocol = TLSv1.3
	ssl.provider = null
	ssl.secure.random.implementation = null
	ssl.trustmanager.algorithm = PKIX
	ssl.truststore.certificates = null
	ssl.truststore.location = null
	ssl.truststore.password = null
	ssl.truststore.type = JKS
	transaction.timeout.ms = 60000
	transactional.id = null
	value.serializer = class io.apicurio.registry.serde.avro.AvroKafkaSerializer

2025-08-12 14:52:58,883 INFO  [org.apa.kaf.com.tel.int.KafkaMetricsCollector] (main) initializing Kafka metrics collector
2025-08-12 14:52:58,887 INFO  [org.apa.kaf.cli.pro.KafkaProducer] (main) [Producer clientId=Producer-topic-0dafe7b3_04ed_4a1f_82f5_e1c176bff057] Instantiated an idempotent producer.
2025-08-12 14:52:58,889 INFO  [org.apa.kaf.cli.pro.ProducerConfig] (main) These configurations '[apicurio.registry.find-latest, apicurio.registry.url, apicurio.registry.artifact-resolver-strategy]' were supplied but are not used yet.
2025-08-12 14:52:58,889 INFO  [org.apa.kaf.com.uti.AppInfoParser] (main) Kafka version: 3.9.1
2025-08-12 14:52:58,889 INFO  [org.apa.kaf.com.uti.AppInfoParser] (main) Kafka commitId: f745dfdcee2b9851
2025-08-12 14:52:58,889 INFO  [org.apa.kaf.com.uti.AppInfoParser] (main) Kafka startTimeMs: 1755010378889
2025-08-12 14:52:58,889 INFO  [io.api.tes.ser.api.SimpleSerdesTesterBuilder$SimpleSerdesTester] (main) Using producer configuration: {apicurio.registry.find-latest=true, apicurio.registry.url=http://registry-app-ksql047.apps.ci419.apicurio-testing.org:80/apis/registry/v3, apicurio.registry.artifact-resolver-strategy=io.apicurio.registry.serde.avro.strategy.RecordIdStrategy, value.serializer=io.apicurio.registry.serde.avro.AvroKafkaSerializer, request.timeout.ms=5000, acks=all, bootstrap.servers=PLAINTEXT://localhost:32769, connections.max.idle.ms=10000, key.serializer=org.apache.kafka.common.serialization.StringSerializer, client.id=Producer-topic-0dafe7b3_04ed_4a1f_82f5_e1c176bff057}
2025-08-12 14:52:58,889 INFO  [io.api.tes.ser.api.SimpleSerdesTesterBuilder$SimpleSerdesTester] (main) Using consumer configuration: {}
2025-08-12 14:52:58,891 INFO  [io.api.tes.ser.api.KafkaSerdesTester] (Thread-627) Sending message {"key11755010377815": "value-0"} to topic topic-0dafe7b3_04ed_4a1f_82f5_e1c176bff057
2025-08-12 14:52:58,895 INFO  [org.apa.kaf.cli.Metadata] (kafka-producer-network-thread | Producer-topic-0dafe7b3_04ed_4a1f_82f5_e1c176bff057) [Producer clientId=Producer-topic-0dafe7b3_04ed_4a1f_82f5_e1c176bff057] Cluster ID: XZZUcOHpSnyflE0hmwIDCg
2025-08-12 14:52:58,895 INFO  [org.apa.kaf.cli.pro.int.TransactionManager] (kafka-producer-network-thread | Producer-topic-0dafe7b3_04ed_4a1f_82f5_e1c176bff057) [Producer clientId=Producer-topic-0dafe7b3_04ed_4a1f_82f5_e1c176bff057] ProducerId set to 5 with epoch 0
2025-08-12 14:52:58,948 INFO  [io.api.tes.ser.api.KafkaSerdesTester] (Thread-627) Sending message {"key11755010377815": "value-1"} to topic topic-0dafe7b3_04ed_4a1f_82f5_e1c176bff057
2025-08-12 14:52:58,950 INFO  [io.api.tes.ser.api.KafkaSerdesTester] (Thread-627) Sending message {"key11755010377815": "value-2"} to topic topic-0dafe7b3_04ed_4a1f_82f5_e1c176bff057
2025-08-12 14:52:58,955 INFO  [io.api.tes.ser.api.KafkaSerdesTester] (Thread-627) Sending message {"key11755010377815": "value-3"} to topic topic-0dafe7b3_04ed_4a1f_82f5_e1c176bff057
2025-08-12 14:52:58,958 INFO  [io.api.tes.ser.api.KafkaSerdesTester] (Thread-627) Sending message {"key11755010377815": "value-4"} to topic topic-0dafe7b3_04ed_4a1f_82f5_e1c176bff057
2025-08-12 14:52:58,962 INFO  [io.api.tes.ser.api.KafkaSerdesTester] (Thread-627) Sending message {"key11755010377815": "value-5"} to topic topic-0dafe7b3_04ed_4a1f_82f5_e1c176bff057
2025-08-12 14:52:58,964 INFO  [io.api.tes.ser.api.KafkaSerdesTester] (Thread-627) Sending message {"key11755010377815": "value-6"} to topic topic-0dafe7b3_04ed_4a1f_82f5_e1c176bff057
2025-08-12 14:52:58,967 INFO  [io.api.tes.ser.api.KafkaSerdesTester] (Thread-627) Sending message {"key11755010377815": "value-7"} to topic topic-0dafe7b3_04ed_4a1f_82f5_e1c176bff057
2025-08-12 14:52:58,969 INFO  [io.api.tes.ser.api.KafkaSerdesTester] (Thread-627) Sending message {"key11755010377815": "value-8"} to topic topic-0dafe7b3_04ed_4a1f_82f5_e1c176bff057
2025-08-12 14:52:58,972 INFO  [io.api.tes.ser.api.KafkaSerdesTester] (Thread-627) Sending message {"key11755010377815": "value-9"} to topic topic-0dafe7b3_04ed_4a1f_82f5_e1c176bff057
2025-08-12 14:52:58,975 INFO  [io.api.tes.ser.api.KafkaSerdesTester] (Thread-627) Produced 10 messages
2025-08-12 14:52:58,975 INFO  [org.apa.kaf.cli.pro.KafkaProducer] (Thread-627) [Producer clientId=Producer-topic-0dafe7b3_04ed_4a1f_82f5_e1c176bff057] Closing the Kafka producer with timeoutMillis = 9223372036854775807 ms.
2025-08-12 14:52:58,978 INFO  [org.apa.kaf.com.met.Metrics] (Thread-627) Metrics scheduler closed
2025-08-12 14:52:58,978 INFO  [org.apa.kaf.com.met.Metrics] (Thread-627) Closing reporter org.apache.kafka.common.metrics.JmxReporter
2025-08-12 14:52:58,978 INFO  [org.apa.kaf.com.met.Metrics] (Thread-627) Closing reporter org.apache.kafka.common.telemetry.internals.ClientTelemetryReporter
2025-08-12 14:52:58,978 INFO  [org.apa.kaf.com.met.Metrics] (Thread-627) Metrics reporters closed
2025-08-12 14:52:58,978 INFO  [org.apa.kaf.com.uti.AppInfoParser] (Thread-627) App info kafka.producer for Producer-topic-0dafe7b3_04ed_4a1f_82f5_e1c176bff057 unregistered
**** Registry Base URL: http://registry-app-ksql047.apps.ci419.apicurio-testing.org:80
2025-08-12 14:52:58,981 INFO  [org.apa.kaf.cli.con.ConsumerConfig] (main) ConsumerConfig values: 
	allow.auto.create.topics = true
	auto.commit.interval.ms = 500
	auto.include.jmx.reporter = true
	auto.offset.reset = earliest
	bootstrap.servers = [PLAINTEXT://localhost:32769]
	check.crcs = true
	client.dns.lookup = use_all_dns_ips
	client.id = consumer-Consumer-topic-0dafe7b3_04ed_4a1f_82f5_e1c176bff057-5
	client.rack = 
	connections.max.idle.ms = 10000
	default.api.timeout.ms = 60000
	enable.auto.commit = true
	enable.metrics.push = true
	exclude.internal.topics = true
	fetch.max.bytes = 52428800
	fetch.max.wait.ms = 500
	fetch.min.bytes = 1
	group.id = Consumer-topic-0dafe7b3_04ed_4a1f_82f5_e1c176bff057
	group.instance.id = null
	group.protocol = classic
	group.remote.assignor = null
	heartbeat.interval.ms = 3000
	interceptor.classes = []
	internal.leave.group.on.close = true
	internal.throw.on.fetch.stable.offset.unsupported = false
	isolation.level = read_uncommitted
	key.deserializer = class org.apache.kafka.common.serialization.StringDeserializer
	max.partition.fetch.bytes = 1048576
	max.poll.interval.ms = 300000
	max.poll.records = 500
	metadata.max.age.ms = 300000
	metadata.recovery.strategy = none
	metric.reporters = []
	metrics.num.samples = 2
	metrics.recording.level = INFO
	metrics.sample.window.ms = 30000
	partition.assignment.strategy = [class org.apache.kafka.clients.consumer.RangeAssignor, class org.apache.kafka.clients.consumer.CooperativeStickyAssignor]
	receive.buffer.bytes = 65536
	reconnect.backoff.max.ms = 1000
	reconnect.backoff.ms = 50
	request.timeout.ms = 5000
	retry.backoff.max.ms = 1000
	retry.backoff.ms = 100
	sasl.client.callback.handler.class = null
	sasl.jaas.config = null
	sasl.kerberos.kinit.cmd = /usr/bin/kinit
	sasl.kerberos.min.time.before.relogin = 60000
	sasl.kerberos.service.name = null
	sasl.kerberos.ticket.renew.jitter = 0.05
	sasl.kerberos.ticket.renew.window.factor = 0.8
	sasl.login.callback.handler.class = null
	sasl.login.class = null
	sasl.login.connect.timeout.ms = null
	sasl.login.read.timeout.ms = null
	sasl.login.refresh.buffer.seconds = 300
	sasl.login.refresh.min.period.seconds = 60
	sasl.login.refresh.window.factor = 0.8
	sasl.login.refresh.window.jitter = 0.05
	sasl.login.retry.backoff.max.ms = 10000
	sasl.login.retry.backoff.ms = 100
	sasl.mechanism = GSSAPI
	sasl.oauthbearer.clock.skew.seconds = 30
	sasl.oauthbearer.expected.audience = null
	sasl.oauthbearer.expected.issuer = null
	sasl.oauthbearer.header.urlencode = false
	sasl.oauthbearer.jwks.endpoint.refresh.ms = 3600000
	sasl.oauthbearer.jwks.endpoint.retry.backoff.max.ms = 10000
	sasl.oauthbearer.jwks.endpoint.retry.backoff.ms = 100
	sasl.oauthbearer.jwks.endpoint.url = null
	sasl.oauthbearer.scope.claim.name = scope
	sasl.oauthbearer.sub.claim.name = sub
	sasl.oauthbearer.token.endpoint.url = null
	security.protocol = PLAINTEXT
	security.providers = null
	send.buffer.bytes = 131072
	session.timeout.ms = 45000
	socket.connection.setup.timeout.max.ms = 30000
	socket.connection.setup.timeout.ms = 10000
	ssl.cipher.suites = null
	ssl.enabled.protocols = [TLSv1.2, TLSv1.3]
	ssl.endpoint.identification.algorithm = https
	ssl.engine.factory.class = null
	ssl.key.password = null
	ssl.keymanager.algorithm = SunX509
	ssl.keystore.certificate.chain = null
	ssl.keystore.key = null
	ssl.keystore.location = null
	ssl.keystore.password = null
	ssl.keystore.type = JKS
	ssl.protocol = TLSv1.3
	ssl.provider = null
	ssl.secure.random.implementation = null
	ssl.trustmanager.algorithm = PKIX
	ssl.truststore.certificates = null
	ssl.truststore.location = null
	ssl.truststore.password = null
	ssl.truststore.type = JKS
	value.deserializer = class io.apicurio.registry.serde.avro.AvroKafkaDeserializer

2025-08-12 14:52:58,983 INFO  [org.apa.kaf.com.tel.int.KafkaMetricsCollector] (main) initializing Kafka metrics collector
2025-08-12 14:52:58,996 INFO  [org.apa.kaf.cli.con.ConsumerConfig] (main) These configurations '[apicurio.registry.url]' were supplied but are not used yet.
2025-08-12 14:52:58,996 INFO  [org.apa.kaf.com.uti.AppInfoParser] (main) Kafka version: 3.9.1
2025-08-12 14:52:58,996 INFO  [org.apa.kaf.com.uti.AppInfoParser] (main) Kafka commitId: f745dfdcee2b9851
2025-08-12 14:52:58,996 INFO  [org.apa.kaf.com.uti.AppInfoParser] (main) Kafka startTimeMs: 1755010378996
2025-08-12 14:52:59,000 INFO  [org.apa.kaf.cli.con.int.ClassicKafkaConsumer] (Thread-630) [Consumer clientId=consumer-Consumer-topic-0dafe7b3_04ed_4a1f_82f5_e1c176bff057-5, groupId=Consumer-topic-0dafe7b3_04ed_4a1f_82f5_e1c176bff057] Subscribed to topic(s): topic-0dafe7b3_04ed_4a1f_82f5_e1c176bff057
2025-08-12 14:52:59,013 INFO  [org.apa.kaf.cli.Metadata] (Thread-630) [Consumer clientId=consumer-Consumer-topic-0dafe7b3_04ed_4a1f_82f5_e1c176bff057-5, groupId=Consumer-topic-0dafe7b3_04ed_4a1f_82f5_e1c176bff057] Cluster ID: XZZUcOHpSnyflE0hmwIDCg
2025-08-12 14:52:59,013 INFO  [org.apa.kaf.cli.con.int.ConsumerCoordinator] (Thread-630) [Consumer clientId=consumer-Consumer-topic-0dafe7b3_04ed_4a1f_82f5_e1c176bff057-5, groupId=Consumer-topic-0dafe7b3_04ed_4a1f_82f5_e1c176bff057] Discovered group coordinator localhost:32769 (id: 2147483647 rack: null)
2025-08-12 14:52:59,023 INFO  [org.apa.kaf.cli.con.int.ConsumerCoordinator] (Thread-630) [Consumer clientId=consumer-Consumer-topic-0dafe7b3_04ed_4a1f_82f5_e1c176bff057-5, groupId=Consumer-topic-0dafe7b3_04ed_4a1f_82f5_e1c176bff057] (Re-)joining group
2025-08-12 14:52:59,029 INFO  [org.apa.kaf.cli.con.int.ConsumerCoordinator] (Thread-630) [Consumer clientId=consumer-Consumer-topic-0dafe7b3_04ed_4a1f_82f5_e1c176bff057-5, groupId=Consumer-topic-0dafe7b3_04ed_4a1f_82f5_e1c176bff057] Request joining group due to: need to re-join with the given member-id: consumer-Consumer-topic-0dafe7b3_04ed_4a1f_82f5_e1c176bff057-5-79894ece-3e2a-4da2-8ecf-54f58dbd490a
2025-08-12 14:52:59,031 INFO  [org.apa.kaf.cli.con.int.ConsumerCoordinator] (Thread-630) [Consumer clientId=consumer-Consumer-topic-0dafe7b3_04ed_4a1f_82f5_e1c176bff057-5, groupId=Consumer-topic-0dafe7b3_04ed_4a1f_82f5_e1c176bff057] (Re-)joining group
2025-08-12 14:53:00,000 INFO  [io.api.tes.ser.api.KafkaSerdesTester] (Thread-630) None found
2025-08-12 14:53:01,001 INFO  [io.api.tes.ser.api.KafkaSerdesTester] (Thread-630) None found
2025-08-12 14:53:02,002 INFO  [io.api.tes.ser.api.KafkaSerdesTester] (Thread-630) None found
2025-08-12 14:53:02,033 INFO  [org.apa.kaf.cli.con.int.ConsumerCoordinator] (Thread-630) [Consumer clientId=consumer-Consumer-topic-0dafe7b3_04ed_4a1f_82f5_e1c176bff057-5, groupId=Consumer-topic-0dafe7b3_04ed_4a1f_82f5_e1c176bff057] Successfully joined group with generation Generation{generationId=1, memberId='consumer-Consumer-topic-0dafe7b3_04ed_4a1f_82f5_e1c176bff057-5-79894ece-3e2a-4da2-8ecf-54f58dbd490a', protocol='range'}
2025-08-12 14:53:02,034 INFO  [org.apa.kaf.cli.con.int.ConsumerCoordinator] (Thread-630) [Consumer clientId=consumer-Consumer-topic-0dafe7b3_04ed_4a1f_82f5_e1c176bff057-5, groupId=Consumer-topic-0dafe7b3_04ed_4a1f_82f5_e1c176bff057] Finished assignment for group at generation 1: {consumer-Consumer-topic-0dafe7b3_04ed_4a1f_82f5_e1c176bff057-5-79894ece-3e2a-4da2-8ecf-54f58dbd490a=Assignment(partitions=[topic-0dafe7b3_04ed_4a1f_82f5_e1c176bff057-0])}
2025-08-12 14:53:02,041 INFO  [org.apa.kaf.cli.con.int.ConsumerCoordinator] (Thread-630) [Consumer clientId=consumer-Consumer-topic-0dafe7b3_04ed_4a1f_82f5_e1c176bff057-5, groupId=Consumer-topic-0dafe7b3_04ed_4a1f_82f5_e1c176bff057] Successfully synced group in generation Generation{generationId=1, memberId='consumer-Consumer-topic-0dafe7b3_04ed_4a1f_82f5_e1c176bff057-5-79894ece-3e2a-4da2-8ecf-54f58dbd490a', protocol='range'}
2025-08-12 14:53:02,042 INFO  [org.apa.kaf.cli.con.int.ConsumerCoordinator] (Thread-630) [Consumer clientId=consumer-Consumer-topic-0dafe7b3_04ed_4a1f_82f5_e1c176bff057-5, groupId=Consumer-topic-0dafe7b3_04ed_4a1f_82f5_e1c176bff057] Notifying assignor about the new Assignment(partitions=[topic-0dafe7b3_04ed_4a1f_82f5_e1c176bff057-0])
2025-08-12 14:53:02,042 INFO  [org.apa.kaf.cli.con.int.ConsumerRebalanceListenerInvoker] (Thread-630) [Consumer clientId=consumer-Consumer-topic-0dafe7b3_04ed_4a1f_82f5_e1c176bff057-5, groupId=Consumer-topic-0dafe7b3_04ed_4a1f_82f5_e1c176bff057] Adding newly assigned partitions: topic-0dafe7b3_04ed_4a1f_82f5_e1c176bff057-0
2025-08-12 14:53:02,044 INFO  [org.apa.kaf.cli.con.int.ConsumerCoordinator] (Thread-630) [Consumer clientId=consumer-Consumer-topic-0dafe7b3_04ed_4a1f_82f5_e1c176bff057-5, groupId=Consumer-topic-0dafe7b3_04ed_4a1f_82f5_e1c176bff057] Found no committed offset for partition topic-0dafe7b3_04ed_4a1f_82f5_e1c176bff057-0
2025-08-12 14:53:02,051 INFO  [org.apa.kaf.cli.con.int.SubscriptionState] (Thread-630) [Consumer clientId=consumer-Consumer-topic-0dafe7b3_04ed_4a1f_82f5_e1c176bff057-5, groupId=Consumer-topic-0dafe7b3_04ed_4a1f_82f5_e1c176bff057] Resetting offset for partition topic-0dafe7b3_04ed_4a1f_82f5_e1c176bff057-0 to position FetchPosition{offset=0, offsetEpoch=Optional.empty, currentLeader=LeaderAndEpoch{leader=Optional[localhost:32769 (id: 0 rack: null)], epoch=0}}.
2025-08-12 14:53:02,091 INFO  [io.api.tes.ser.api.KafkaSerdesTester] (Thread-630) topic-0dafe7b3_04ed_4a1f_82f5_e1c176bff057 0 0 {"key11755010377815": "value-0"}
2025-08-12 14:53:02,091 INFO  [io.api.tes.ser.api.KafkaSerdesTester] (Thread-630) topic-0dafe7b3_04ed_4a1f_82f5_e1c176bff057 0 1 {"key11755010377815": "value-1"}
2025-08-12 14:53:02,091 INFO  [io.api.tes.ser.api.KafkaSerdesTester] (Thread-630) topic-0dafe7b3_04ed_4a1f_82f5_e1c176bff057 0 2 {"key11755010377815": "value-2"}
2025-08-12 14:53:02,091 INFO  [io.api.tes.ser.api.KafkaSerdesTester] (Thread-630) topic-0dafe7b3_04ed_4a1f_82f5_e1c176bff057 0 3 {"key11755010377815": "value-3"}
2025-08-12 14:53:02,091 INFO  [io.api.tes.ser.api.KafkaSerdesTester] (Thread-630) topic-0dafe7b3_04ed_4a1f_82f5_e1c176bff057 0 4 {"key11755010377815": "value-4"}
2025-08-12 14:53:02,091 INFO  [io.api.tes.ser.api.KafkaSerdesTester] (Thread-630) topic-0dafe7b3_04ed_4a1f_82f5_e1c176bff057 0 5 {"key11755010377815": "value-5"}
2025-08-12 14:53:02,091 INFO  [io.api.tes.ser.api.KafkaSerdesTester] (Thread-630) topic-0dafe7b3_04ed_4a1f_82f5_e1c176bff057 0 6 {"key11755010377815": "value-6"}
2025-08-12 14:53:02,091 INFO  [io.api.tes.ser.api.KafkaSerdesTester] (Thread-630) topic-0dafe7b3_04ed_4a1f_82f5_e1c176bff057 0 7 {"key11755010377815": "value-7"}
2025-08-12 14:53:02,091 INFO  [io.api.tes.ser.api.KafkaSerdesTester] (Thread-630) topic-0dafe7b3_04ed_4a1f_82f5_e1c176bff057 0 8 {"key11755010377815": "value-8"}
2025-08-12 14:53:02,092 INFO  [io.api.tes.ser.api.KafkaSerdesTester] (Thread-630) topic-0dafe7b3_04ed_4a1f_82f5_e1c176bff057 0 9 {"key11755010377815": "value-9"}
2025-08-12 14:53:02,092 INFO  [io.api.tes.ser.api.KafkaSerdesTester] (Thread-630) Consumed 10 messages
2025-08-12 14:53:02,099 INFO  [org.apa.kaf.cli.con.int.ConsumerRebalanceListenerInvoker] (Thread-630) [Consumer clientId=consumer-Consumer-topic-0dafe7b3_04ed_4a1f_82f5_e1c176bff057-5, groupId=Consumer-topic-0dafe7b3_04ed_4a1f_82f5_e1c176bff057] Revoke previously assigned partitions topic-0dafe7b3_04ed_4a1f_82f5_e1c176bff057-0
2025-08-12 14:53:02,099 INFO  [org.apa.kaf.cli.con.int.ConsumerCoordinator] (Thread-630) [Consumer clientId=consumer-Consumer-topic-0dafe7b3_04ed_4a1f_82f5_e1c176bff057-5, groupId=Consumer-topic-0dafe7b3_04ed_4a1f_82f5_e1c176bff057] Member consumer-Consumer-topic-0dafe7b3_04ed_4a1f_82f5_e1c176bff057-5-79894ece-3e2a-4da2-8ecf-54f58dbd490a sending LeaveGroup request to coordinator localhost:32769 (id: 2147483647 rack: null) due to the consumer is being closed
2025-08-12 14:53:02,099 INFO  [org.apa.kaf.cli.con.int.ConsumerCoordinator] (Thread-630) [Consumer clientId=consumer-Consumer-topic-0dafe7b3_04ed_4a1f_82f5_e1c176bff057-5, groupId=Consumer-topic-0dafe7b3_04ed_4a1f_82f5_e1c176bff057] Resetting generation and member id due to: consumer pro-actively leaving the group
2025-08-12 14:53:02,099 INFO  [org.apa.kaf.cli.con.int.ConsumerCoordinator] (Thread-630) [Consumer clientId=consumer-Consumer-topic-0dafe7b3_04ed_4a1f_82f5_e1c176bff057-5, groupId=Consumer-topic-0dafe7b3_04ed_4a1f_82f5_e1c176bff057] Request joining group due to: consumer pro-actively leaving the group
2025-08-12 14:53:02,594 INFO  [org.apa.kaf.com.met.Metrics] (Thread-630) Metrics scheduler closed
2025-08-12 14:53:02,595 INFO  [org.apa.kaf.com.met.Metrics] (Thread-630) Closing reporter org.apache.kafka.common.metrics.JmxReporter
2025-08-12 14:53:02,595 INFO  [org.apa.kaf.com.met.Metrics] (Thread-630) Closing reporter org.apache.kafka.common.telemetry.internals.ClientTelemetryReporter
2025-08-12 14:53:02,595 INFO  [org.apa.kaf.com.met.Metrics] (Thread-630) Metrics reporters closed
2025-08-12 14:53:02,599 INFO  [org.apa.kaf.com.uti.AppInfoParser] (Thread-630) App info kafka.consumer for consumer-Consumer-topic-0dafe7b3_04ed_4a1f_82f5_e1c176bff057-5 unregistered
2025-08-12 14:53:02,600 INFO  [io.api.tes.uti.TestSeparator] (main) io.apicurio.tests.serdes.apicurio.AvroSerdeIT.testRecordIdStrategydFindLatest-FINISHED
2025-08-12 14:53:02,600 INFO  [io.api.tes.uti.TestSeparator] (main) ############################################################################
Test passed: testRecordIdStrategydFindLatest
]]></system-out>
  </testcase>
  <testcase name="testReflectAutoRegister" classname="io.apicurio.tests.serdes.apicurio.AvroSerdeIT" time="3.893">
    <system-out><![CDATA[2025-08-12 14:53:02,603 INFO  [io.api.tes.uti.TestSeparator] (main) ############################################################################
2025-08-12 14:53:02,603 INFO  [io.api.tes.uti.TestSeparator] (main) io.apicurio.tests.serdes.apicurio.AvroSerdeIT.testReflectAutoRegister-STARTED
**** Registry Base URL: http://registry-app-ksql047.apps.ci419.apicurio-testing.org:80
2025-08-12 14:53:02,605 INFO  [org.apa.kaf.cli.pro.ProducerConfig] (main) ProducerConfig values: 
	acks = -1
	auto.include.jmx.reporter = true
	batch.size = 16384
	bootstrap.servers = [PLAINTEXT://localhost:32769]
	buffer.memory = 33554432
	client.dns.lookup = use_all_dns_ips
	client.id = Producer-topic-d4373bfc_ef58_496c_9ff6_f57564bb4ae1
	compression.gzip.level = -1
	compression.lz4.level = 9
	compression.type = none
	compression.zstd.level = 3
	connections.max.idle.ms = 10000
	delivery.timeout.ms = 120000
	enable.idempotence = true
	enable.metrics.push = true
	interceptor.classes = []
	key.serializer = class org.apache.kafka.common.serialization.StringSerializer
	linger.ms = 0
	max.block.ms = 60000
	max.in.flight.requests.per.connection = 5
	max.request.size = 1048576
	metadata.max.age.ms = 300000
	metadata.max.idle.ms = 300000
	metadata.recovery.strategy = none
	metric.reporters = []
	metrics.num.samples = 2
	metrics.recording.level = INFO
	metrics.sample.window.ms = 30000
	partitioner.adaptive.partitioning.enable = true
	partitioner.availability.timeout.ms = 0
	partitioner.class = null
	partitioner.ignore.keys = false
	receive.buffer.bytes = 32768
	reconnect.backoff.max.ms = 1000
	reconnect.backoff.ms = 50
	request.timeout.ms = 5000
	retries = 2147483647
	retry.backoff.max.ms = 1000
	retry.backoff.ms = 100
	sasl.client.callback.handler.class = null
	sasl.jaas.config = null
	sasl.kerberos.kinit.cmd = /usr/bin/kinit
	sasl.kerberos.min.time.before.relogin = 60000
	sasl.kerberos.service.name = null
	sasl.kerberos.ticket.renew.jitter = 0.05
	sasl.kerberos.ticket.renew.window.factor = 0.8
	sasl.login.callback.handler.class = null
	sasl.login.class = null
	sasl.login.connect.timeout.ms = null
	sasl.login.read.timeout.ms = null
	sasl.login.refresh.buffer.seconds = 300
	sasl.login.refresh.min.period.seconds = 60
	sasl.login.refresh.window.factor = 0.8
	sasl.login.refresh.window.jitter = 0.05
	sasl.login.retry.backoff.max.ms = 10000
	sasl.login.retry.backoff.ms = 100
	sasl.mechanism = GSSAPI
	sasl.oauthbearer.clock.skew.seconds = 30
	sasl.oauthbearer.expected.audience = null
	sasl.oauthbearer.expected.issuer = null
	sasl.oauthbearer.header.urlencode = false
	sasl.oauthbearer.jwks.endpoint.refresh.ms = 3600000
	sasl.oauthbearer.jwks.endpoint.retry.backoff.max.ms = 10000
	sasl.oauthbearer.jwks.endpoint.retry.backoff.ms = 100
	sasl.oauthbearer.jwks.endpoint.url = null
	sasl.oauthbearer.scope.claim.name = scope
	sasl.oauthbearer.sub.claim.name = sub
	sasl.oauthbearer.token.endpoint.url = null
	security.protocol = PLAINTEXT
	security.providers = null
	send.buffer.bytes = 131072
	socket.connection.setup.timeout.max.ms = 30000
	socket.connection.setup.timeout.ms = 10000
	ssl.cipher.suites = null
	ssl.enabled.protocols = [TLSv1.2, TLSv1.3]
	ssl.endpoint.identification.algorithm = https
	ssl.engine.factory.class = null
	ssl.key.password = null
	ssl.keymanager.algorithm = SunX509
	ssl.keystore.certificate.chain = null
	ssl.keystore.key = null
	ssl.keystore.location = null
	ssl.keystore.password = null
	ssl.keystore.type = JKS
	ssl.protocol = TLSv1.3
	ssl.provider = null
	ssl.secure.random.implementation = null
	ssl.trustmanager.algorithm = PKIX
	ssl.truststore.certificates = null
	ssl.truststore.location = null
	ssl.truststore.password = null
	ssl.truststore.type = JKS
	transaction.timeout.ms = 60000
	transactional.id = null
	value.serializer = class io.apicurio.registry.serde.avro.AvroKafkaSerializer

2025-08-12 14:53:02,605 INFO  [org.apa.kaf.com.tel.int.KafkaMetricsCollector] (main) initializing Kafka metrics collector
2025-08-12 14:53:02,624 INFO  [org.apa.kaf.cli.pro.KafkaProducer] (main) [Producer clientId=Producer-topic-d4373bfc_ef58_496c_9ff6_f57564bb4ae1] Instantiated an idempotent producer.
2025-08-12 14:53:02,626 INFO  [org.apa.kaf.cli.pro.ProducerConfig] (main) These configurations '[apicurio.registry.url, apicurio.registry.auto-register, apicurio.registry.artifact-resolver-strategy, apicurio.registry.avro-datum-provider]' were supplied but are not used yet.
2025-08-12 14:53:02,627 INFO  [org.apa.kaf.com.uti.AppInfoParser] (main) Kafka version: 3.9.1
2025-08-12 14:53:02,627 INFO  [org.apa.kaf.com.uti.AppInfoParser] (main) Kafka commitId: f745dfdcee2b9851
2025-08-12 14:53:02,627 INFO  [org.apa.kaf.com.uti.AppInfoParser] (main) Kafka startTimeMs: 1755010382626
2025-08-12 14:53:02,627 INFO  [io.api.tes.ser.api.SimpleSerdesTesterBuilder$SimpleSerdesTester] (main) Using producer configuration: {apicurio.registry.url=http://registry-app-ksql047.apps.ci419.apicurio-testing.org:80/apis/registry/v3, apicurio.registry.auto-register=true, apicurio.registry.artifact-resolver-strategy=io.apicurio.registry.serde.strategy.TopicIdStrategy, value.serializer=io.apicurio.registry.serde.avro.AvroKafkaSerializer, request.timeout.ms=5000, acks=all, bootstrap.servers=PLAINTEXT://localhost:32769, connections.max.idle.ms=10000, key.serializer=org.apache.kafka.common.serialization.StringSerializer, apicurio.registry.avro-datum-provider=io.apicurio.registry.serde.avro.ReflectAvroDatumProvider, client.id=Producer-topic-d4373bfc_ef58_496c_9ff6_f57564bb4ae1}
2025-08-12 14:53:02,627 INFO  [io.api.tes.ser.api.SimpleSerdesTesterBuilder$SimpleSerdesTester] (main) Using consumer configuration: {apicurio.registry.avro-datum-provider=io.apicurio.registry.serde.avro.ReflectAvroDatumProvider}
2025-08-12 14:53:02,627 INFO  [io.api.tes.ser.api.KafkaSerdesTester] (Thread-633) Sending message io.apicurio.tests.common.serdes.TestObject@3dbd29cb to topic topic-d4373bfc_ef58_496c_9ff6_f57564bb4ae1
2025-08-12 14:53:02,632 WARN  [org.apa.kaf.cli.NetworkClient] (kafka-producer-network-thread | Producer-topic-d4373bfc_ef58_496c_9ff6_f57564bb4ae1) [Producer clientId=Producer-topic-d4373bfc_ef58_496c_9ff6_f57564bb4ae1] The metadata response from the cluster reported a recoverable issue with correlation id 1 : {topic-d4373bfc_ef58_496c_9ff6_f57564bb4ae1=UNKNOWN_TOPIC_OR_PARTITION}
2025-08-12 14:53:02,632 INFO  [org.apa.kaf.cli.Metadata] (kafka-producer-network-thread | Producer-topic-d4373bfc_ef58_496c_9ff6_f57564bb4ae1) [Producer clientId=Producer-topic-d4373bfc_ef58_496c_9ff6_f57564bb4ae1] Cluster ID: XZZUcOHpSnyflE0hmwIDCg
2025-08-12 14:53:02,632 INFO  [org.apa.kaf.cli.pro.int.TransactionManager] (kafka-producer-network-thread | Producer-topic-d4373bfc_ef58_496c_9ff6_f57564bb4ae1) [Producer clientId=Producer-topic-d4373bfc_ef58_496c_9ff6_f57564bb4ae1] ProducerId set to 6 with epoch 0
2025-08-12 14:53:02,837 INFO  [io.api.tes.ser.api.KafkaSerdesTester] (Thread-633) Sending message io.apicurio.tests.common.serdes.TestObject@3dbd29cb to topic topic-d4373bfc_ef58_496c_9ff6_f57564bb4ae1
2025-08-12 14:53:02,840 INFO  [io.api.tes.ser.api.KafkaSerdesTester] (Thread-633) Sending message io.apicurio.tests.common.serdes.TestObject@3dbd29cb to topic topic-d4373bfc_ef58_496c_9ff6_f57564bb4ae1
2025-08-12 14:53:02,842 INFO  [io.api.tes.ser.api.KafkaSerdesTester] (Thread-633) Sending message io.apicurio.tests.common.serdes.TestObject@3dbd29cb to topic topic-d4373bfc_ef58_496c_9ff6_f57564bb4ae1
2025-08-12 14:53:02,844 INFO  [io.api.tes.ser.api.KafkaSerdesTester] (Thread-633) Sending message io.apicurio.tests.common.serdes.TestObject@3dbd29cb to topic topic-d4373bfc_ef58_496c_9ff6_f57564bb4ae1
2025-08-12 14:53:02,847 INFO  [io.api.tes.ser.api.KafkaSerdesTester] (Thread-633) Sending message io.apicurio.tests.common.serdes.TestObject@3dbd29cb to topic topic-d4373bfc_ef58_496c_9ff6_f57564bb4ae1
2025-08-12 14:53:02,849 INFO  [io.api.tes.ser.api.KafkaSerdesTester] (Thread-633) Sending message io.apicurio.tests.common.serdes.TestObject@3dbd29cb to topic topic-d4373bfc_ef58_496c_9ff6_f57564bb4ae1
2025-08-12 14:53:02,853 INFO  [io.api.tes.ser.api.KafkaSerdesTester] (Thread-633) Sending message io.apicurio.tests.common.serdes.TestObject@3dbd29cb to topic topic-d4373bfc_ef58_496c_9ff6_f57564bb4ae1
2025-08-12 14:53:02,856 INFO  [io.api.tes.ser.api.KafkaSerdesTester] (Thread-633) Sending message io.apicurio.tests.common.serdes.TestObject@3dbd29cb to topic topic-d4373bfc_ef58_496c_9ff6_f57564bb4ae1
2025-08-12 14:53:02,859 INFO  [io.api.tes.ser.api.KafkaSerdesTester] (Thread-633) Sending message io.apicurio.tests.common.serdes.TestObject@3dbd29cb to topic topic-d4373bfc_ef58_496c_9ff6_f57564bb4ae1
2025-08-12 14:53:02,861 INFO  [io.api.tes.ser.api.KafkaSerdesTester] (Thread-633) Produced 10 messages
2025-08-12 14:53:02,861 INFO  [org.apa.kaf.cli.pro.KafkaProducer] (Thread-633) [Producer clientId=Producer-topic-d4373bfc_ef58_496c_9ff6_f57564bb4ae1] Closing the Kafka producer with timeoutMillis = 9223372036854775807 ms.
2025-08-12 14:53:02,865 INFO  [org.apa.kaf.com.met.Metrics] (Thread-633) Metrics scheduler closed
2025-08-12 14:53:02,865 INFO  [org.apa.kaf.com.met.Metrics] (Thread-633) Closing reporter org.apache.kafka.common.metrics.JmxReporter
2025-08-12 14:53:02,865 INFO  [org.apa.kaf.com.met.Metrics] (Thread-633) Closing reporter org.apache.kafka.common.telemetry.internals.ClientTelemetryReporter
2025-08-12 14:53:02,865 INFO  [org.apa.kaf.com.met.Metrics] (Thread-633) Metrics reporters closed
2025-08-12 14:53:02,865 INFO  [org.apa.kaf.com.uti.AppInfoParser] (Thread-633) App info kafka.producer for Producer-topic-d4373bfc_ef58_496c_9ff6_f57564bb4ae1 unregistered
**** Registry Base URL: http://registry-app-ksql047.apps.ci419.apicurio-testing.org:80
2025-08-12 14:53:02,896 INFO  [org.apa.kaf.cli.con.ConsumerConfig] (main) ConsumerConfig values: 
	allow.auto.create.topics = true
	auto.commit.interval.ms = 500
	auto.include.jmx.reporter = true
	auto.offset.reset = earliest
	bootstrap.servers = [PLAINTEXT://localhost:32769]
	check.crcs = true
	client.dns.lookup = use_all_dns_ips
	client.id = consumer-Consumer-topic-d4373bfc_ef58_496c_9ff6_f57564bb4ae1-6
	client.rack = 
	connections.max.idle.ms = 10000
	default.api.timeout.ms = 60000
	enable.auto.commit = true
	enable.metrics.push = true
	exclude.internal.topics = true
	fetch.max.bytes = 52428800
	fetch.max.wait.ms = 500
	fetch.min.bytes = 1
	group.id = Consumer-topic-d4373bfc_ef58_496c_9ff6_f57564bb4ae1
	group.instance.id = null
	group.protocol = classic
	group.remote.assignor = null
	heartbeat.interval.ms = 3000
	interceptor.classes = []
	internal.leave.group.on.close = true
	internal.throw.on.fetch.stable.offset.unsupported = false
	isolation.level = read_uncommitted
	key.deserializer = class org.apache.kafka.common.serialization.StringDeserializer
	max.partition.fetch.bytes = 1048576
	max.poll.interval.ms = 300000
	max.poll.records = 500
	metadata.max.age.ms = 300000
	metadata.recovery.strategy = none
	metric.reporters = []
	metrics.num.samples = 2
	metrics.recording.level = INFO
	metrics.sample.window.ms = 30000
	partition.assignment.strategy = [class org.apache.kafka.clients.consumer.RangeAssignor, class org.apache.kafka.clients.consumer.CooperativeStickyAssignor]
	receive.buffer.bytes = 65536
	reconnect.backoff.max.ms = 1000
	reconnect.backoff.ms = 50
	request.timeout.ms = 5000
	retry.backoff.max.ms = 1000
	retry.backoff.ms = 100
	sasl.client.callback.handler.class = null
	sasl.jaas.config = null
	sasl.kerberos.kinit.cmd = /usr/bin/kinit
	sasl.kerberos.min.time.before.relogin = 60000
	sasl.kerberos.service.name = null
	sasl.kerberos.ticket.renew.jitter = 0.05
	sasl.kerberos.ticket.renew.window.factor = 0.8
	sasl.login.callback.handler.class = null
	sasl.login.class = null
	sasl.login.connect.timeout.ms = null
	sasl.login.read.timeout.ms = null
	sasl.login.refresh.buffer.seconds = 300
	sasl.login.refresh.min.period.seconds = 60
	sasl.login.refresh.window.factor = 0.8
	sasl.login.refresh.window.jitter = 0.05
	sasl.login.retry.backoff.max.ms = 10000
	sasl.login.retry.backoff.ms = 100
	sasl.mechanism = GSSAPI
	sasl.oauthbearer.clock.skew.seconds = 30
	sasl.oauthbearer.expected.audience = null
	sasl.oauthbearer.expected.issuer = null
	sasl.oauthbearer.header.urlencode = false
	sasl.oauthbearer.jwks.endpoint.refresh.ms = 3600000
	sasl.oauthbearer.jwks.endpoint.retry.backoff.max.ms = 10000
	sasl.oauthbearer.jwks.endpoint.retry.backoff.ms = 100
	sasl.oauthbearer.jwks.endpoint.url = null
	sasl.oauthbearer.scope.claim.name = scope
	sasl.oauthbearer.sub.claim.name = sub
	sasl.oauthbearer.token.endpoint.url = null
	security.protocol = PLAINTEXT
	security.providers = null
	send.buffer.bytes = 131072
	session.timeout.ms = 45000
	socket.connection.setup.timeout.max.ms = 30000
	socket.connection.setup.timeout.ms = 10000
	ssl.cipher.suites = null
	ssl.enabled.protocols = [TLSv1.2, TLSv1.3]
	ssl.endpoint.identification.algorithm = https
	ssl.engine.factory.class = null
	ssl.key.password = null
	ssl.keymanager.algorithm = SunX509
	ssl.keystore.certificate.chain = null
	ssl.keystore.key = null
	ssl.keystore.location = null
	ssl.keystore.password = null
	ssl.keystore.type = JKS
	ssl.protocol = TLSv1.3
	ssl.provider = null
	ssl.secure.random.implementation = null
	ssl.trustmanager.algorithm = PKIX
	ssl.truststore.certificates = null
	ssl.truststore.location = null
	ssl.truststore.password = null
	ssl.truststore.type = JKS
	value.deserializer = class io.apicurio.registry.serde.avro.AvroKafkaDeserializer

2025-08-12 14:53:02,896 INFO  [org.apa.kaf.com.tel.int.KafkaMetricsCollector] (main) initializing Kafka metrics collector
2025-08-12 14:53:02,909 INFO  [org.apa.kaf.cli.con.ConsumerConfig] (main) These configurations '[apicurio.registry.url, apicurio.registry.avro-datum-provider]' were supplied but are not used yet.
2025-08-12 14:53:02,909 INFO  [org.apa.kaf.com.uti.AppInfoParser] (main) Kafka version: 3.9.1
2025-08-12 14:53:02,909 INFO  [org.apa.kaf.com.uti.AppInfoParser] (main) Kafka commitId: f745dfdcee2b9851
2025-08-12 14:53:02,910 INFO  [org.apa.kaf.com.uti.AppInfoParser] (main) Kafka startTimeMs: 1755010382909
2025-08-12 14:53:02,910 INFO  [org.apa.kaf.cli.con.int.ClassicKafkaConsumer] (Thread-636) [Consumer clientId=consumer-Consumer-topic-d4373bfc_ef58_496c_9ff6_f57564bb4ae1-6, groupId=Consumer-topic-d4373bfc_ef58_496c_9ff6_f57564bb4ae1] Subscribed to topic(s): topic-d4373bfc_ef58_496c_9ff6_f57564bb4ae1
2025-08-12 14:53:02,921 INFO  [org.apa.kaf.cli.Metadata] (Thread-636) [Consumer clientId=consumer-Consumer-topic-d4373bfc_ef58_496c_9ff6_f57564bb4ae1-6, groupId=Consumer-topic-d4373bfc_ef58_496c_9ff6_f57564bb4ae1] Cluster ID: XZZUcOHpSnyflE0hmwIDCg
2025-08-12 14:53:02,925 INFO  [org.apa.kaf.cli.con.int.ConsumerCoordinator] (Thread-636) [Consumer clientId=consumer-Consumer-topic-d4373bfc_ef58_496c_9ff6_f57564bb4ae1-6, groupId=Consumer-topic-d4373bfc_ef58_496c_9ff6_f57564bb4ae1] Discovered group coordinator localhost:32769 (id: 2147483647 rack: null)
2025-08-12 14:53:02,926 INFO  [org.apa.kaf.cli.con.int.ConsumerCoordinator] (Thread-636) [Consumer clientId=consumer-Consumer-topic-d4373bfc_ef58_496c_9ff6_f57564bb4ae1-6, groupId=Consumer-topic-d4373bfc_ef58_496c_9ff6_f57564bb4ae1] (Re-)joining group
2025-08-12 14:53:02,934 INFO  [org.apa.kaf.cli.con.int.ConsumerCoordinator] (Thread-636) [Consumer clientId=consumer-Consumer-topic-d4373bfc_ef58_496c_9ff6_f57564bb4ae1-6, groupId=Consumer-topic-d4373bfc_ef58_496c_9ff6_f57564bb4ae1] Request joining group due to: need to re-join with the given member-id: consumer-Consumer-topic-d4373bfc_ef58_496c_9ff6_f57564bb4ae1-6-33b302a1-d973-49e0-a039-cb9b1173fc83
2025-08-12 14:53:02,934 INFO  [org.apa.kaf.cli.con.int.ConsumerCoordinator] (Thread-636) [Consumer clientId=consumer-Consumer-topic-d4373bfc_ef58_496c_9ff6_f57564bb4ae1-6, groupId=Consumer-topic-d4373bfc_ef58_496c_9ff6_f57564bb4ae1] (Re-)joining group
2025-08-12 14:53:03,910 INFO  [io.api.tes.ser.api.KafkaSerdesTester] (Thread-636) None found
2025-08-12 14:53:04,910 INFO  [io.api.tes.ser.api.KafkaSerdesTester] (Thread-636) None found
2025-08-12 14:53:05,911 INFO  [io.api.tes.ser.api.KafkaSerdesTester] (Thread-636) None found
2025-08-12 14:53:05,937 INFO  [org.apa.kaf.cli.con.int.ConsumerCoordinator] (Thread-636) [Consumer clientId=consumer-Consumer-topic-d4373bfc_ef58_496c_9ff6_f57564bb4ae1-6, groupId=Consumer-topic-d4373bfc_ef58_496c_9ff6_f57564bb4ae1] Successfully joined group with generation Generation{generationId=1, memberId='consumer-Consumer-topic-d4373bfc_ef58_496c_9ff6_f57564bb4ae1-6-33b302a1-d973-49e0-a039-cb9b1173fc83', protocol='range'}
2025-08-12 14:53:05,937 INFO  [org.apa.kaf.cli.con.int.ConsumerCoordinator] (Thread-636) [Consumer clientId=consumer-Consumer-topic-d4373bfc_ef58_496c_9ff6_f57564bb4ae1-6, groupId=Consumer-topic-d4373bfc_ef58_496c_9ff6_f57564bb4ae1] Finished assignment for group at generation 1: {consumer-Consumer-topic-d4373bfc_ef58_496c_9ff6_f57564bb4ae1-6-33b302a1-d973-49e0-a039-cb9b1173fc83=Assignment(partitions=[topic-d4373bfc_ef58_496c_9ff6_f57564bb4ae1-0])}
2025-08-12 14:53:05,944 INFO  [org.apa.kaf.cli.con.int.ConsumerCoordinator] (Thread-636) [Consumer clientId=consumer-Consumer-topic-d4373bfc_ef58_496c_9ff6_f57564bb4ae1-6, groupId=Consumer-topic-d4373bfc_ef58_496c_9ff6_f57564bb4ae1] Successfully synced group in generation Generation{generationId=1, memberId='consumer-Consumer-topic-d4373bfc_ef58_496c_9ff6_f57564bb4ae1-6-33b302a1-d973-49e0-a039-cb9b1173fc83', protocol='range'}
2025-08-12 14:53:05,945 INFO  [org.apa.kaf.cli.con.int.ConsumerCoordinator] (Thread-636) [Consumer clientId=consumer-Consumer-topic-d4373bfc_ef58_496c_9ff6_f57564bb4ae1-6, groupId=Consumer-topic-d4373bfc_ef58_496c_9ff6_f57564bb4ae1] Notifying assignor about the new Assignment(partitions=[topic-d4373bfc_ef58_496c_9ff6_f57564bb4ae1-0])
2025-08-12 14:53:05,945 INFO  [org.apa.kaf.cli.con.int.ConsumerRebalanceListenerInvoker] (Thread-636) [Consumer clientId=consumer-Consumer-topic-d4373bfc_ef58_496c_9ff6_f57564bb4ae1-6, groupId=Consumer-topic-d4373bfc_ef58_496c_9ff6_f57564bb4ae1] Adding newly assigned partitions: topic-d4373bfc_ef58_496c_9ff6_f57564bb4ae1-0
2025-08-12 14:53:05,946 INFO  [org.apa.kaf.cli.con.int.ConsumerCoordinator] (Thread-636) [Consumer clientId=consumer-Consumer-topic-d4373bfc_ef58_496c_9ff6_f57564bb4ae1-6, groupId=Consumer-topic-d4373bfc_ef58_496c_9ff6_f57564bb4ae1] Found no committed offset for partition topic-d4373bfc_ef58_496c_9ff6_f57564bb4ae1-0
2025-08-12 14:53:05,947 INFO  [org.apa.kaf.cli.con.int.SubscriptionState] (Thread-636) [Consumer clientId=consumer-Consumer-topic-d4373bfc_ef58_496c_9ff6_f57564bb4ae1-6, groupId=Consumer-topic-d4373bfc_ef58_496c_9ff6_f57564bb4ae1] Resetting offset for partition topic-d4373bfc_ef58_496c_9ff6_f57564bb4ae1-0 to position FetchPosition{offset=0, offsetEpoch=Optional.empty, currentLeader=LeaderAndEpoch{leader=Optional[localhost:32769 (id: 0 rack: null)], epoch=0}}.
2025-08-12 14:53:05,986 INFO  [io.api.tes.ser.api.KafkaSerdesTester] (Thread-636) topic-d4373bfc_ef58_496c_9ff6_f57564bb4ae1 0 0 io.apicurio.tests.common.serdes.TestObject@3dbd29cb
2025-08-12 14:53:05,986 INFO  [io.api.tes.ser.api.KafkaSerdesTester] (Thread-636) topic-d4373bfc_ef58_496c_9ff6_f57564bb4ae1 0 1 io.apicurio.tests.common.serdes.TestObject@3dbd29cb
2025-08-12 14:53:05,987 INFO  [io.api.tes.ser.api.KafkaSerdesTester] (Thread-636) topic-d4373bfc_ef58_496c_9ff6_f57564bb4ae1 0 2 io.apicurio.tests.common.serdes.TestObject@3dbd29cb
2025-08-12 14:53:05,987 INFO  [io.api.tes.ser.api.KafkaSerdesTester] (Thread-636) topic-d4373bfc_ef58_496c_9ff6_f57564bb4ae1 0 3 io.apicurio.tests.common.serdes.TestObject@3dbd29cb
2025-08-12 14:53:05,987 INFO  [io.api.tes.ser.api.KafkaSerdesTester] (Thread-636) topic-d4373bfc_ef58_496c_9ff6_f57564bb4ae1 0 4 io.apicurio.tests.common.serdes.TestObject@3dbd29cb
2025-08-12 14:53:05,987 INFO  [io.api.tes.ser.api.KafkaSerdesTester] (Thread-636) topic-d4373bfc_ef58_496c_9ff6_f57564bb4ae1 0 5 io.apicurio.tests.common.serdes.TestObject@3dbd29cb
2025-08-12 14:53:05,987 INFO  [io.api.tes.ser.api.KafkaSerdesTester] (Thread-636) topic-d4373bfc_ef58_496c_9ff6_f57564bb4ae1 0 6 io.apicurio.tests.common.serdes.TestObject@3dbd29cb
2025-08-12 14:53:05,987 INFO  [io.api.tes.ser.api.KafkaSerdesTester] (Thread-636) topic-d4373bfc_ef58_496c_9ff6_f57564bb4ae1 0 7 io.apicurio.tests.common.serdes.TestObject@3dbd29cb
2025-08-12 14:53:05,987 INFO  [io.api.tes.ser.api.KafkaSerdesTester] (Thread-636) topic-d4373bfc_ef58_496c_9ff6_f57564bb4ae1 0 8 io.apicurio.tests.common.serdes.TestObject@3dbd29cb
2025-08-12 14:53:05,987 INFO  [io.api.tes.ser.api.KafkaSerdesTester] (Thread-636) topic-d4373bfc_ef58_496c_9ff6_f57564bb4ae1 0 9 io.apicurio.tests.common.serdes.TestObject@3dbd29cb
2025-08-12 14:53:05,987 INFO  [io.api.tes.ser.api.KafkaSerdesTester] (Thread-636) Consumed 10 messages
2025-08-12 14:53:05,996 INFO  [org.apa.kaf.cli.con.int.ConsumerRebalanceListenerInvoker] (Thread-636) [Consumer clientId=consumer-Consumer-topic-d4373bfc_ef58_496c_9ff6_f57564bb4ae1-6, groupId=Consumer-topic-d4373bfc_ef58_496c_9ff6_f57564bb4ae1] Revoke previously assigned partitions topic-d4373bfc_ef58_496c_9ff6_f57564bb4ae1-0
2025-08-12 14:53:05,996 INFO  [org.apa.kaf.cli.con.int.ConsumerCoordinator] (Thread-636) [Consumer clientId=consumer-Consumer-topic-d4373bfc_ef58_496c_9ff6_f57564bb4ae1-6, groupId=Consumer-topic-d4373bfc_ef58_496c_9ff6_f57564bb4ae1] Member consumer-Consumer-topic-d4373bfc_ef58_496c_9ff6_f57564bb4ae1-6-33b302a1-d973-49e0-a039-cb9b1173fc83 sending LeaveGroup request to coordinator localhost:32769 (id: 2147483647 rack: null) due to the consumer is being closed
2025-08-12 14:53:05,998 INFO  [org.apa.kaf.cli.con.int.ConsumerCoordinator] (Thread-636) [Consumer clientId=consumer-Consumer-topic-d4373bfc_ef58_496c_9ff6_f57564bb4ae1-6, groupId=Consumer-topic-d4373bfc_ef58_496c_9ff6_f57564bb4ae1] Resetting generation and member id due to: consumer pro-actively leaving the group
2025-08-12 14:53:05,998 INFO  [org.apa.kaf.cli.con.int.ConsumerCoordinator] (Thread-636) [Consumer clientId=consumer-Consumer-topic-d4373bfc_ef58_496c_9ff6_f57564bb4ae1-6, groupId=Consumer-topic-d4373bfc_ef58_496c_9ff6_f57564bb4ae1] Request joining group due to: consumer pro-actively leaving the group
2025-08-12 14:53:06,490 INFO  [org.apa.kaf.com.met.Metrics] (Thread-636) Metrics scheduler closed
2025-08-12 14:53:06,490 INFO  [org.apa.kaf.com.met.Metrics] (Thread-636) Closing reporter org.apache.kafka.common.metrics.JmxReporter
2025-08-12 14:53:06,490 INFO  [org.apa.kaf.com.met.Metrics] (Thread-636) Closing reporter org.apache.kafka.common.telemetry.internals.ClientTelemetryReporter
2025-08-12 14:53:06,490 INFO  [org.apa.kaf.com.met.Metrics] (Thread-636) Metrics reporters closed
2025-08-12 14:53:06,493 INFO  [org.apa.kaf.com.uti.AppInfoParser] (Thread-636) App info kafka.consumer for consumer-Consumer-topic-d4373bfc_ef58_496c_9ff6_f57564bb4ae1-6 unregistered
2025-08-12 14:53:06,494 INFO  [io.api.tes.uti.TestSeparator] (main) io.apicurio.tests.serdes.apicurio.AvroSerdeIT.testReflectAutoRegister-FINISHED
2025-08-12 14:53:06,494 INFO  [io.api.tes.uti.TestSeparator] (main) ############################################################################
Test passed: testReflectAutoRegister
]]></system-out>
  </testcase>
  <testcase name="testArtifactNotFound" classname="io.apicurio.tests.serdes.apicurio.AvroSerdeIT" time="0.194">
    <system-out><![CDATA[2025-08-12 14:53:06,495 INFO  [io.api.tes.uti.TestSeparator] (main) ############################################################################
2025-08-12 14:53:06,495 INFO  [io.api.tes.uti.TestSeparator] (main) io.apicurio.tests.serdes.apicurio.AvroSerdeIT.testArtifactNotFound-STARTED
**** Registry Base URL: http://registry-app-ksql047.apps.ci419.apicurio-testing.org:80
2025-08-12 14:53:06,498 INFO  [org.apa.kaf.cli.pro.ProducerConfig] (main) ProducerConfig values: 
	acks = -1
	auto.include.jmx.reporter = true
	batch.size = 16384
	bootstrap.servers = [PLAINTEXT://localhost:32769]
	buffer.memory = 33554432
	client.dns.lookup = use_all_dns_ips
	client.id = Producer-s5067b9d7x2d04x4798x943ex316dcd85d2b1
	compression.gzip.level = -1
	compression.lz4.level = 9
	compression.type = none
	compression.zstd.level = 3
	connections.max.idle.ms = 10000
	delivery.timeout.ms = 120000
	enable.idempotence = true
	enable.metrics.push = true
	interceptor.classes = []
	key.serializer = class org.apache.kafka.common.serialization.StringSerializer
	linger.ms = 0
	max.block.ms = 60000
	max.in.flight.requests.per.connection = 5
	max.request.size = 1048576
	metadata.max.age.ms = 300000
	metadata.max.idle.ms = 300000
	metadata.recovery.strategy = none
	metric.reporters = []
	metrics.num.samples = 2
	metrics.recording.level = INFO
	metrics.sample.window.ms = 30000
	partitioner.adaptive.partitioning.enable = true
	partitioner.availability.timeout.ms = 0
	partitioner.class = null
	partitioner.ignore.keys = false
	receive.buffer.bytes = 32768
	reconnect.backoff.max.ms = 1000
	reconnect.backoff.ms = 50
	request.timeout.ms = 5000
	retries = 2147483647
	retry.backoff.max.ms = 1000
	retry.backoff.ms = 100
	sasl.client.callback.handler.class = null
	sasl.jaas.config = null
	sasl.kerberos.kinit.cmd = /usr/bin/kinit
	sasl.kerberos.min.time.before.relogin = 60000
	sasl.kerberos.service.name = null
	sasl.kerberos.ticket.renew.jitter = 0.05
	sasl.kerberos.ticket.renew.window.factor = 0.8
	sasl.login.callback.handler.class = null
	sasl.login.class = null
	sasl.login.connect.timeout.ms = null
	sasl.login.read.timeout.ms = null
	sasl.login.refresh.buffer.seconds = 300
	sasl.login.refresh.min.period.seconds = 60
	sasl.login.refresh.window.factor = 0.8
	sasl.login.refresh.window.jitter = 0.05
	sasl.login.retry.backoff.max.ms = 10000
	sasl.login.retry.backoff.ms = 100
	sasl.mechanism = GSSAPI
	sasl.oauthbearer.clock.skew.seconds = 30
	sasl.oauthbearer.expected.audience = null
	sasl.oauthbearer.expected.issuer = null
	sasl.oauthbearer.header.urlencode = false
	sasl.oauthbearer.jwks.endpoint.refresh.ms = 3600000
	sasl.oauthbearer.jwks.endpoint.retry.backoff.max.ms = 10000
	sasl.oauthbearer.jwks.endpoint.retry.backoff.ms = 100
	sasl.oauthbearer.jwks.endpoint.url = null
	sasl.oauthbearer.scope.claim.name = scope
	sasl.oauthbearer.sub.claim.name = sub
	sasl.oauthbearer.token.endpoint.url = null
	security.protocol = PLAINTEXT
	security.providers = null
	send.buffer.bytes = 131072
	socket.connection.setup.timeout.max.ms = 30000
	socket.connection.setup.timeout.ms = 10000
	ssl.cipher.suites = null
	ssl.enabled.protocols = [TLSv1.2, TLSv1.3]
	ssl.endpoint.identification.algorithm = https
	ssl.engine.factory.class = null
	ssl.key.password = null
	ssl.keymanager.algorithm = SunX509
	ssl.keystore.certificate.chain = null
	ssl.keystore.key = null
	ssl.keystore.location = null
	ssl.keystore.password = null
	ssl.keystore.type = JKS
	ssl.protocol = TLSv1.3
	ssl.provider = null
	ssl.secure.random.implementation = null
	ssl.trustmanager.algorithm = PKIX
	ssl.truststore.certificates = null
	ssl.truststore.location = null
	ssl.truststore.password = null
	ssl.truststore.type = JKS
	transaction.timeout.ms = 60000
	transactional.id = null
	value.serializer = class io.apicurio.registry.serde.avro.AvroKafkaSerializer

2025-08-12 14:53:06,498 INFO  [org.apa.kaf.com.tel.int.KafkaMetricsCollector] (main) initializing Kafka metrics collector
2025-08-12 14:53:06,506 INFO  [org.apa.kaf.cli.pro.KafkaProducer] (main) [Producer clientId=Producer-s5067b9d7x2d04x4798x943ex316dcd85d2b1] Instantiated an idempotent producer.
2025-08-12 14:53:06,509 INFO  [org.apa.kaf.cli.pro.ProducerConfig] (main) These configurations '[apicurio.registry.url, apicurio.registry.artifact-resolver-strategy]' were supplied but are not used yet.
2025-08-12 14:53:06,509 INFO  [org.apa.kaf.com.uti.AppInfoParser] (main) Kafka version: 3.9.1
2025-08-12 14:53:06,510 INFO  [org.apa.kaf.com.uti.AppInfoParser] (main) Kafka commitId: f745dfdcee2b9851
2025-08-12 14:53:06,510 INFO  [org.apa.kaf.com.uti.AppInfoParser] (main) Kafka startTimeMs: 1755010386509
2025-08-12 14:53:06,511 INFO  [io.api.tes.ser.api.KafkaSerdesTester] (Thread-639) Sending message {"keyB": "value-0"} to topic s5067b9d7x2d04x4798x943ex316dcd85d2b1
2025-08-12 14:53:06,516 WARN  [org.apa.kaf.cli.NetworkClient] (kafka-producer-network-thread | Producer-s5067b9d7x2d04x4798x943ex316dcd85d2b1) [Producer clientId=Producer-s5067b9d7x2d04x4798x943ex316dcd85d2b1] The metadata response from the cluster reported a recoverable issue with correlation id 1 : {s5067b9d7x2d04x4798x943ex316dcd85d2b1=UNKNOWN_TOPIC_OR_PARTITION}
2025-08-12 14:53:06,516 INFO  [org.apa.kaf.cli.Metadata] (kafka-producer-network-thread | Producer-s5067b9d7x2d04x4798x943ex316dcd85d2b1) [Producer clientId=Producer-s5067b9d7x2d04x4798x943ex316dcd85d2b1] Cluster ID: XZZUcOHpSnyflE0hmwIDCg
2025-08-12 14:53:06,516 INFO  [org.apa.kaf.cli.pro.int.TransactionManager] (kafka-producer-network-thread | Producer-s5067b9d7x2d04x4798x943ex316dcd85d2b1) [Producer clientId=Producer-s5067b9d7x2d04x4798x943ex316dcd85d2b1] ProducerId set to 7 with epoch 0
2025-08-12 14:53:06,638 INFO  [DefaultSchemaResolver] (Thread-639) Retrieving schema content using string: {"type":"record","name":"myrecord","namespace":"mygroup","fields":[{"name":"keyB","type":"string"}]}
2025-08-12 14:53:06,682 INFO  [org.apa.kaf.cli.pro.KafkaProducer] (Thread-639) [Producer clientId=Producer-s5067b9d7x2d04x4798x943ex316dcd85d2b1] Closing the Kafka producer with timeoutMillis = 9223372036854775807 ms.
2025-08-12 14:53:06,687 INFO  [org.apa.kaf.com.met.Metrics] (Thread-639) Metrics scheduler closed
2025-08-12 14:53:06,687 INFO  [org.apa.kaf.com.met.Metrics] (Thread-639) Closing reporter org.apache.kafka.common.metrics.JmxReporter
2025-08-12 14:53:06,687 INFO  [org.apa.kaf.com.met.Metrics] (Thread-639) Closing reporter org.apache.kafka.common.telemetry.internals.ClientTelemetryReporter
2025-08-12 14:53:06,687 INFO  [org.apa.kaf.com.met.Metrics] (Thread-639) Metrics reporters closed
2025-08-12 14:53:06,688 INFO  [org.apa.kaf.com.uti.AppInfoParser] (Thread-639) App info kafka.producer for Producer-s5067b9d7x2d04x4798x943ex316dcd85d2b1 unregistered
2025-08-12 14:53:06,689 INFO  [io.api.tes.uti.TestSeparator] (main) io.apicurio.tests.serdes.apicurio.AvroSerdeIT.testArtifactNotFound-FINISHED
2025-08-12 14:53:06,689 INFO  [io.api.tes.uti.TestSeparator] (main) ############################################################################
Test passed: testArtifactNotFound
]]></system-out>
    <system-err><![CDATA[java.lang.RuntimeException: Could not resolve artifact reference by content: {"type":"record","name":"myrecord","namespace":"mygroup","fields":[{"name":"keyB","type":"string"}]}&ArtifactReference [groupId=default, artifactId=s5067b9d7x2d04x4798x943ex316dcd85d2b1-value, version=null, globalId=null, contentId=null, contentHash=null]
	at io.apicurio.registry.resolver.DefaultSchemaResolver.lambda$handleResolveSchemaByContent$3(DefaultSchemaResolver.java:265)
	at io.apicurio.registry.resolver.cache.ERCache.lambda$getValue$0(ERCache.java:174)
	at io.apicurio.registry.resolver.cache.ERCache.retry(ERCache.java:227)
	at io.apicurio.registry.resolver.cache.ERCache.getValue(ERCache.java:173)
	at io.apicurio.registry.resolver.cache.ERCache.getByContent(ERCache.java:147)
	at io.apicurio.registry.resolver.DefaultSchemaResolver.handleResolveSchemaByContent(DefaultSchemaResolver.java:253)
	at io.apicurio.registry.resolver.DefaultSchemaResolver.getSchemaFromRegistry(DefaultSchemaResolver.java:138)
	at io.apicurio.registry.resolver.DefaultSchemaResolver.lambda$resolveSchema$0(DefaultSchemaResolver.java:84)
	at java.base/java.util.Optional.orElseGet(Optional.java:364)
	at io.apicurio.registry.resolver.DefaultSchemaResolver.resolveSchema(DefaultSchemaResolver.java:84)
	at io.apicurio.registry.serde.AbstractSerializer.serializeData(AbstractSerializer.java:62)
	at io.apicurio.registry.serde.KafkaSerializer.serialize(KafkaSerializer.java:77)
	at org.apache.kafka.clients.producer.KafkaProducer.doSend(KafkaProducer.java:1046)
	at org.apache.kafka.clients.producer.KafkaProducer.send(KafkaProducer.java:993)
	at org.apache.kafka.clients.producer.KafkaProducer.send(KafkaProducer.java:875)
	at io.apicurio.tests.serdes.apicurio.KafkaSerdesTester.lambda$produceMessages$3(KafkaSerdesTester.java:138)
	at java.base/java.util.concurrent.CompletableFuture$AsyncSupply.run(CompletableFuture.java:1768)
	at java.base/java.lang.Thread.run(Thread.java:840)
]]></system-err>
  </testcase>
  <testcase name="testAvroSerDesFailDifferentSchemaByRecordName" classname="io.apicurio.tests.serdes.apicurio.AvroSerdeIT" time="1.147">
    <system-out><![CDATA[2025-08-12 14:53:06,690 INFO  [io.api.tes.uti.TestSeparator] (main) ############################################################################
2025-08-12 14:53:06,690 INFO  [io.api.tes.uti.TestSeparator] (main) io.apicurio.tests.serdes.apicurio.AvroSerdeIT.testAvroSerDesFailDifferentSchemaByRecordName-STARTED
**** Registry Base URL: http://registry-app-ksql047.apps.ci419.apicurio-testing.org:80
2025-08-12 14:53:07,781 INFO  [org.apa.kaf.cli.pro.ProducerConfig] (main) ProducerConfig values: 
	acks = -1
	auto.include.jmx.reporter = true
	batch.size = 16384
	bootstrap.servers = [PLAINTEXT://localhost:32769]
	buffer.memory = 33554432
	client.dns.lookup = use_all_dns_ips
	client.id = Producer-topic-d9039d73_43e7_4eb1_a254_76846b085c5a
	compression.gzip.level = -1
	compression.lz4.level = 9
	compression.type = none
	compression.zstd.level = 3
	connections.max.idle.ms = 10000
	delivery.timeout.ms = 120000
	enable.idempotence = true
	enable.metrics.push = true
	interceptor.classes = []
	key.serializer = class org.apache.kafka.common.serialization.StringSerializer
	linger.ms = 0
	max.block.ms = 60000
	max.in.flight.requests.per.connection = 5
	max.request.size = 1048576
	metadata.max.age.ms = 300000
	metadata.max.idle.ms = 300000
	metadata.recovery.strategy = none
	metric.reporters = []
	metrics.num.samples = 2
	metrics.recording.level = INFO
	metrics.sample.window.ms = 30000
	partitioner.adaptive.partitioning.enable = true
	partitioner.availability.timeout.ms = 0
	partitioner.class = null
	partitioner.ignore.keys = false
	receive.buffer.bytes = 32768
	reconnect.backoff.max.ms = 1000
	reconnect.backoff.ms = 50
	request.timeout.ms = 5000
	retries = 2147483647
	retry.backoff.max.ms = 1000
	retry.backoff.ms = 100
	sasl.client.callback.handler.class = null
	sasl.jaas.config = null
	sasl.kerberos.kinit.cmd = /usr/bin/kinit
	sasl.kerberos.min.time.before.relogin = 60000
	sasl.kerberos.service.name = null
	sasl.kerberos.ticket.renew.jitter = 0.05
	sasl.kerberos.ticket.renew.window.factor = 0.8
	sasl.login.callback.handler.class = null
	sasl.login.class = null
	sasl.login.connect.timeout.ms = null
	sasl.login.read.timeout.ms = null
	sasl.login.refresh.buffer.seconds = 300
	sasl.login.refresh.min.period.seconds = 60
	sasl.login.refresh.window.factor = 0.8
	sasl.login.refresh.window.jitter = 0.05
	sasl.login.retry.backoff.max.ms = 10000
	sasl.login.retry.backoff.ms = 100
	sasl.mechanism = GSSAPI
	sasl.oauthbearer.clock.skew.seconds = 30
	sasl.oauthbearer.expected.audience = null
	sasl.oauthbearer.expected.issuer = null
	sasl.oauthbearer.header.urlencode = false
	sasl.oauthbearer.jwks.endpoint.refresh.ms = 3600000
	sasl.oauthbearer.jwks.endpoint.retry.backoff.max.ms = 10000
	sasl.oauthbearer.jwks.endpoint.retry.backoff.ms = 100
	sasl.oauthbearer.jwks.endpoint.url = null
	sasl.oauthbearer.scope.claim.name = scope
	sasl.oauthbearer.sub.claim.name = sub
	sasl.oauthbearer.token.endpoint.url = null
	security.protocol = PLAINTEXT
	security.providers = null
	send.buffer.bytes = 131072
	socket.connection.setup.timeout.max.ms = 30000
	socket.connection.setup.timeout.ms = 10000
	ssl.cipher.suites = null
	ssl.enabled.protocols = [TLSv1.2, TLSv1.3]
	ssl.endpoint.identification.algorithm = https
	ssl.engine.factory.class = null
	ssl.key.password = null
	ssl.keymanager.algorithm = SunX509
	ssl.keystore.certificate.chain = null
	ssl.keystore.key = null
	ssl.keystore.location = null
	ssl.keystore.password = null
	ssl.keystore.type = JKS
	ssl.protocol = TLSv1.3
	ssl.provider = null
	ssl.secure.random.implementation = null
	ssl.trustmanager.algorithm = PKIX
	ssl.truststore.certificates = null
	ssl.truststore.location = null
	ssl.truststore.password = null
	ssl.truststore.type = JKS
	transaction.timeout.ms = 60000
	transactional.id = null
	value.serializer = class io.apicurio.registry.serde.avro.AvroKafkaSerializer

2025-08-12 14:53:07,782 INFO  [org.apa.kaf.com.tel.int.KafkaMetricsCollector] (main) initializing Kafka metrics collector
2025-08-12 14:53:07,785 INFO  [org.apa.kaf.cli.pro.KafkaProducer] (main) [Producer clientId=Producer-topic-d9039d73_43e7_4eb1_a254_76846b085c5a] Instantiated an idempotent producer.
2025-08-12 14:53:07,788 INFO  [org.apa.kaf.cli.pro.ProducerConfig] (main) These configurations '[apicurio.registry.find-latest, apicurio.registry.url, apicurio.registry.artifact-resolver-strategy]' were supplied but are not used yet.
2025-08-12 14:53:07,788 INFO  [org.apa.kaf.com.uti.AppInfoParser] (main) Kafka version: 3.9.1
2025-08-12 14:53:07,788 INFO  [org.apa.kaf.com.uti.AppInfoParser] (main) Kafka commitId: f745dfdcee2b9851
2025-08-12 14:53:07,790 INFO  [org.apa.kaf.com.uti.AppInfoParser] (main) Kafka startTimeMs: 1755010387788
2025-08-12 14:53:07,793 INFO  [io.api.tes.ser.api.KafkaSerdesTester] (Thread-642) Sending message {"keyB": "value-0"} to topic topic-d9039d73_43e7_4eb1_a254_76846b085c5a
2025-08-12 14:53:07,795 INFO  [org.apa.kaf.cli.Metadata] (kafka-producer-network-thread | Producer-topic-d9039d73_43e7_4eb1_a254_76846b085c5a) [Producer clientId=Producer-topic-d9039d73_43e7_4eb1_a254_76846b085c5a] Cluster ID: XZZUcOHpSnyflE0hmwIDCg
2025-08-12 14:53:07,797 INFO  [org.apa.kaf.cli.pro.int.TransactionManager] (kafka-producer-network-thread | Producer-topic-d9039d73_43e7_4eb1_a254_76846b085c5a) [Producer clientId=Producer-topic-d9039d73_43e7_4eb1_a254_76846b085c5a] ProducerId set to 8 with epoch 0
2025-08-12 14:53:07,832 INFO  [org.apa.kaf.cli.pro.KafkaProducer] (Thread-642) [Producer clientId=Producer-topic-d9039d73_43e7_4eb1_a254_76846b085c5a] Closing the Kafka producer with timeoutMillis = 9223372036854775807 ms.
2025-08-12 14:53:07,836 INFO  [org.apa.kaf.com.met.Metrics] (Thread-642) Metrics scheduler closed
2025-08-12 14:53:07,836 INFO  [org.apa.kaf.com.met.Metrics] (Thread-642) Closing reporter org.apache.kafka.common.metrics.JmxReporter
2025-08-12 14:53:07,836 INFO  [org.apa.kaf.com.met.Metrics] (Thread-642) Closing reporter org.apache.kafka.common.telemetry.internals.ClientTelemetryReporter
2025-08-12 14:53:07,836 INFO  [org.apa.kaf.com.met.Metrics] (Thread-642) Metrics reporters closed
2025-08-12 14:53:07,836 INFO  [org.apa.kaf.com.uti.AppInfoParser] (Thread-642) App info kafka.producer for Producer-topic-d9039d73_43e7_4eb1_a254_76846b085c5a unregistered
2025-08-12 14:53:07,837 INFO  [io.api.tes.uti.TestSeparator] (main) io.apicurio.tests.serdes.apicurio.AvroSerdeIT.testAvroSerDesFailDifferentSchemaByRecordName-FINISHED
2025-08-12 14:53:07,837 INFO  [io.api.tes.uti.TestSeparator] (main) ############################################################################
Test passed: testAvroSerDesFailDifferentSchemaByRecordName
]]></system-out>
    <system-err><![CDATA[io.apicurio.registry.rest.client.models.ProblemDetails
	at io.apicurio.registry.rest.client.models.ProblemDetails.createFromDiscriminatorValue(ProblemDetails.java:58)
	at io.kiota.serialization.json.JsonParseNode.getObjectValue(JsonParseNode.java:247)
	at io.kiota.http.vertx.VertXRequestAdapter.lambda$throwIfFailedResponse$0(VertXRequestAdapter.java:400)
	at com.microsoft.kiota.ApiExceptionBuilder.<init>(ApiExceptionBuilder.java:26)
	at io.kiota.http.vertx.VertXRequestAdapter.throwIfFailedResponse(VertXRequestAdapter.java:399)
	at io.kiota.http.vertx.VertXRequestAdapter.send(VertXRequestAdapter.java:170)
	at io.apicurio.registry.rest.client.groups.item.artifacts.item.versions.item.WithVersionExpressionItemRequestBuilder.get(WithVersionExpressionItemRequestBuilder.java:128)
	at io.apicurio.registry.rest.client.groups.item.artifacts.item.versions.item.WithVersionExpressionItemRequestBuilder.get(WithVersionExpressionItemRequestBuilder.java:111)
	at io.apicurio.registry.resolver.client.RegistryClientFacadeImpl.getVersionCoordinatesByGAV(RegistryClientFacadeImpl.java:159)
	at io.apicurio.registry.resolver.DefaultSchemaResolver.resolveByCoordinates(DefaultSchemaResolver.java:352)
	at io.apicurio.registry.resolver.DefaultSchemaResolver.lambda$resolveSchemaByArtifactReferenceCached$6(DefaultSchemaResolver.java:340)
	at io.apicurio.registry.resolver.cache.ERCache.lambda$getValue$0(ERCache.java:174)
	at io.apicurio.registry.resolver.cache.ERCache.retry(ERCache.java:227)
	at io.apicurio.registry.resolver.cache.ERCache.getValue(ERCache.java:173)
	at io.apicurio.registry.resolver.cache.ERCache.getByArtifactCoordinates(ERCache.java:158)
	at io.apicurio.registry.resolver.DefaultSchemaResolver.resolveSchemaByArtifactReferenceCached(DefaultSchemaResolver.java:338)
	at io.apicurio.registry.resolver.DefaultSchemaResolver.resolveSchemaByCoordinates(DefaultSchemaResolver.java:193)
	at io.apicurio.registry.resolver.DefaultSchemaResolver.getSchemaFromRegistry(DefaultSchemaResolver.java:130)
	at io.apicurio.registry.resolver.DefaultSchemaResolver.lambda$resolveSchema$0(DefaultSchemaResolver.java:84)
	at java.base/java.util.Optional.orElseGet(Optional.java:364)
	at io.apicurio.registry.resolver.DefaultSchemaResolver.resolveSchema(DefaultSchemaResolver.java:84)
	at io.apicurio.registry.serde.AbstractSerializer.serializeData(AbstractSerializer.java:62)
	at io.apicurio.registry.serde.KafkaSerializer.serialize(KafkaSerializer.java:77)
	at org.apache.kafka.clients.producer.KafkaProducer.doSend(KafkaProducer.java:1046)
	at org.apache.kafka.clients.producer.KafkaProducer.send(KafkaProducer.java:993)
	at org.apache.kafka.clients.producer.KafkaProducer.send(KafkaProducer.java:875)
	at io.apicurio.tests.serdes.apicurio.KafkaSerdesTester.lambda$produceMessages$3(KafkaSerdesTester.java:138)
	at java.base/java.util.concurrent.CompletableFuture$AsyncSupply.run(CompletableFuture.java:1768)
	at java.base/java.lang.Thread.run(Thread.java:840)
]]></system-err>
  </testcase>
  <testcase name="testTopicIdStrategyFindLatest" classname="io.apicurio.tests.serdes.apicurio.AvroSerdeIT" time="4.803">
    <system-out><![CDATA[2025-08-12 14:53:07,840 INFO  [io.api.tes.uti.TestSeparator] (main) ############################################################################
2025-08-12 14:53:07,840 INFO  [io.api.tes.uti.TestSeparator] (main) io.apicurio.tests.serdes.apicurio.AvroSerdeIT.testTopicIdStrategyFindLatest-STARTED
2025-08-12 14:53:07,844 INFO  [io.api.tes.ser.api.AvroSerdeIT] (main) Registering Avro Schema: {"type":"record","name":"myrecordapicurio1","fields":[{"name":"key11755010387841","type":"string"}]}
**** Registry Base URL: http://registry-app-ksql047.apps.ci419.apicurio-testing.org:80
2025-08-12 14:53:08,915 INFO  [org.apa.kaf.cli.pro.ProducerConfig] (main) ProducerConfig values: 
	acks = -1
	auto.include.jmx.reporter = true
	batch.size = 16384
	bootstrap.servers = [PLAINTEXT://localhost:32769]
	buffer.memory = 33554432
	client.dns.lookup = use_all_dns_ips
	client.id = Producer-topic-462f8f9b_b9ca_4752_925f_20ac91b9ad54
	compression.gzip.level = -1
	compression.lz4.level = 9
	compression.type = none
	compression.zstd.level = 3
	connections.max.idle.ms = 10000
	delivery.timeout.ms = 120000
	enable.idempotence = true
	enable.metrics.push = true
	interceptor.classes = []
	key.serializer = class org.apache.kafka.common.serialization.StringSerializer
	linger.ms = 0
	max.block.ms = 60000
	max.in.flight.requests.per.connection = 5
	max.request.size = 1048576
	metadata.max.age.ms = 300000
	metadata.max.idle.ms = 300000
	metadata.recovery.strategy = none
	metric.reporters = []
	metrics.num.samples = 2
	metrics.recording.level = INFO
	metrics.sample.window.ms = 30000
	partitioner.adaptive.partitioning.enable = true
	partitioner.availability.timeout.ms = 0
	partitioner.class = null
	partitioner.ignore.keys = false
	receive.buffer.bytes = 32768
	reconnect.backoff.max.ms = 1000
	reconnect.backoff.ms = 50
	request.timeout.ms = 5000
	retries = 2147483647
	retry.backoff.max.ms = 1000
	retry.backoff.ms = 100
	sasl.client.callback.handler.class = null
	sasl.jaas.config = null
	sasl.kerberos.kinit.cmd = /usr/bin/kinit
	sasl.kerberos.min.time.before.relogin = 60000
	sasl.kerberos.service.name = null
	sasl.kerberos.ticket.renew.jitter = 0.05
	sasl.kerberos.ticket.renew.window.factor = 0.8
	sasl.login.callback.handler.class = null
	sasl.login.class = null
	sasl.login.connect.timeout.ms = null
	sasl.login.read.timeout.ms = null
	sasl.login.refresh.buffer.seconds = 300
	sasl.login.refresh.min.period.seconds = 60
	sasl.login.refresh.window.factor = 0.8
	sasl.login.refresh.window.jitter = 0.05
	sasl.login.retry.backoff.max.ms = 10000
	sasl.login.retry.backoff.ms = 100
	sasl.mechanism = GSSAPI
	sasl.oauthbearer.clock.skew.seconds = 30
	sasl.oauthbearer.expected.audience = null
	sasl.oauthbearer.expected.issuer = null
	sasl.oauthbearer.header.urlencode = false
	sasl.oauthbearer.jwks.endpoint.refresh.ms = 3600000
	sasl.oauthbearer.jwks.endpoint.retry.backoff.max.ms = 10000
	sasl.oauthbearer.jwks.endpoint.retry.backoff.ms = 100
	sasl.oauthbearer.jwks.endpoint.url = null
	sasl.oauthbearer.scope.claim.name = scope
	sasl.oauthbearer.sub.claim.name = sub
	sasl.oauthbearer.token.endpoint.url = null
	security.protocol = PLAINTEXT
	security.providers = null
	send.buffer.bytes = 131072
	socket.connection.setup.timeout.max.ms = 30000
	socket.connection.setup.timeout.ms = 10000
	ssl.cipher.suites = null
	ssl.enabled.protocols = [TLSv1.2, TLSv1.3]
	ssl.endpoint.identification.algorithm = https
	ssl.engine.factory.class = null
	ssl.key.password = null
	ssl.keymanager.algorithm = SunX509
	ssl.keystore.certificate.chain = null
	ssl.keystore.key = null
	ssl.keystore.location = null
	ssl.keystore.password = null
	ssl.keystore.type = JKS
	ssl.protocol = TLSv1.3
	ssl.provider = null
	ssl.secure.random.implementation = null
	ssl.trustmanager.algorithm = PKIX
	ssl.truststore.certificates = null
	ssl.truststore.location = null
	ssl.truststore.password = null
	ssl.truststore.type = JKS
	transaction.timeout.ms = 60000
	transactional.id = null
	value.serializer = class io.apicurio.registry.serde.avro.AvroKafkaSerializer

2025-08-12 14:53:08,915 INFO  [org.apa.kaf.com.tel.int.KafkaMetricsCollector] (main) initializing Kafka metrics collector
2025-08-12 14:53:08,919 INFO  [org.apa.kaf.cli.pro.KafkaProducer] (main) [Producer clientId=Producer-topic-462f8f9b_b9ca_4752_925f_20ac91b9ad54] Instantiated an idempotent producer.
2025-08-12 14:53:08,921 INFO  [org.apa.kaf.cli.pro.ProducerConfig] (main) These configurations '[apicurio.registry.find-latest, apicurio.registry.url, apicurio.registry.artifact-resolver-strategy]' were supplied but are not used yet.
2025-08-12 14:53:08,921 INFO  [org.apa.kaf.com.uti.AppInfoParser] (main) Kafka version: 3.9.1
2025-08-12 14:53:08,921 INFO  [org.apa.kaf.com.uti.AppInfoParser] (main) Kafka commitId: f745dfdcee2b9851
2025-08-12 14:53:08,921 INFO  [org.apa.kaf.com.uti.AppInfoParser] (main) Kafka startTimeMs: 1755010388921
2025-08-12 14:53:08,921 INFO  [io.api.tes.ser.api.SimpleSerdesTesterBuilder$SimpleSerdesTester] (main) Using producer configuration: {apicurio.registry.find-latest=true, apicurio.registry.url=http://registry-app-ksql047.apps.ci419.apicurio-testing.org:80/apis/registry/v3, apicurio.registry.artifact-resolver-strategy=io.apicurio.registry.serde.strategy.TopicIdStrategy, value.serializer=io.apicurio.registry.serde.avro.AvroKafkaSerializer, request.timeout.ms=5000, acks=all, bootstrap.servers=PLAINTEXT://localhost:32769, connections.max.idle.ms=10000, key.serializer=org.apache.kafka.common.serialization.StringSerializer, client.id=Producer-topic-462f8f9b_b9ca_4752_925f_20ac91b9ad54}
2025-08-12 14:53:08,921 INFO  [io.api.tes.ser.api.SimpleSerdesTesterBuilder$SimpleSerdesTester] (main) Using consumer configuration: {}
2025-08-12 14:53:08,922 INFO  [io.api.tes.ser.api.KafkaSerdesTester] (Thread-645) Sending message {"key11755010387841": "value-0"} to topic topic-462f8f9b_b9ca_4752_925f_20ac91b9ad54
2025-08-12 14:53:08,926 INFO  [org.apa.kaf.cli.Metadata] (kafka-producer-network-thread | Producer-topic-462f8f9b_b9ca_4752_925f_20ac91b9ad54) [Producer clientId=Producer-topic-462f8f9b_b9ca_4752_925f_20ac91b9ad54] Cluster ID: XZZUcOHpSnyflE0hmwIDCg
2025-08-12 14:53:08,930 INFO  [org.apa.kaf.cli.pro.int.TransactionManager] (kafka-producer-network-thread | Producer-topic-462f8f9b_b9ca_4752_925f_20ac91b9ad54) [Producer clientId=Producer-topic-462f8f9b_b9ca_4752_925f_20ac91b9ad54] ProducerId set to 9 with epoch 0
2025-08-12 14:53:08,977 INFO  [io.api.tes.ser.api.KafkaSerdesTester] (Thread-645) Sending message {"key11755010387841": "value-1"} to topic topic-462f8f9b_b9ca_4752_925f_20ac91b9ad54
2025-08-12 14:53:08,981 INFO  [io.api.tes.ser.api.KafkaSerdesTester] (Thread-645) Sending message {"key11755010387841": "value-2"} to topic topic-462f8f9b_b9ca_4752_925f_20ac91b9ad54
2025-08-12 14:53:08,983 INFO  [io.api.tes.ser.api.KafkaSerdesTester] (Thread-645) Sending message {"key11755010387841": "value-3"} to topic topic-462f8f9b_b9ca_4752_925f_20ac91b9ad54
2025-08-12 14:53:08,989 INFO  [io.api.tes.ser.api.KafkaSerdesTester] (Thread-645) Sending message {"key11755010387841": "value-4"} to topic topic-462f8f9b_b9ca_4752_925f_20ac91b9ad54
2025-08-12 14:53:08,995 INFO  [io.api.tes.ser.api.KafkaSerdesTester] (Thread-645) Sending message {"key11755010387841": "value-5"} to topic topic-462f8f9b_b9ca_4752_925f_20ac91b9ad54
2025-08-12 14:53:09,000 INFO  [io.api.tes.ser.api.KafkaSerdesTester] (Thread-645) Sending message {"key11755010387841": "value-6"} to topic topic-462f8f9b_b9ca_4752_925f_20ac91b9ad54
2025-08-12 14:53:09,008 INFO  [io.api.tes.ser.api.KafkaSerdesTester] (Thread-645) Sending message {"key11755010387841": "value-7"} to topic topic-462f8f9b_b9ca_4752_925f_20ac91b9ad54
2025-08-12 14:53:09,016 INFO  [io.api.tes.ser.api.KafkaSerdesTester] (Thread-645) Sending message {"key11755010387841": "value-8"} to topic topic-462f8f9b_b9ca_4752_925f_20ac91b9ad54
2025-08-12 14:53:09,022 INFO  [io.api.tes.ser.api.KafkaSerdesTester] (Thread-645) Sending message {"key11755010387841": "value-9"} to topic topic-462f8f9b_b9ca_4752_925f_20ac91b9ad54
2025-08-12 14:53:09,028 INFO  [io.api.tes.ser.api.KafkaSerdesTester] (Thread-645) Produced 10 messages
2025-08-12 14:53:09,028 INFO  [org.apa.kaf.cli.pro.KafkaProducer] (Thread-645) [Producer clientId=Producer-topic-462f8f9b_b9ca_4752_925f_20ac91b9ad54] Closing the Kafka producer with timeoutMillis = 9223372036854775807 ms.
2025-08-12 14:53:09,033 INFO  [org.apa.kaf.com.met.Metrics] (Thread-645) Metrics scheduler closed
2025-08-12 14:53:09,033 INFO  [org.apa.kaf.com.met.Metrics] (Thread-645) Closing reporter org.apache.kafka.common.metrics.JmxReporter
2025-08-12 14:53:09,033 INFO  [org.apa.kaf.com.met.Metrics] (Thread-645) Closing reporter org.apache.kafka.common.telemetry.internals.ClientTelemetryReporter
2025-08-12 14:53:09,033 INFO  [org.apa.kaf.com.met.Metrics] (Thread-645) Metrics reporters closed
2025-08-12 14:53:09,034 INFO  [org.apa.kaf.com.uti.AppInfoParser] (Thread-645) App info kafka.producer for Producer-topic-462f8f9b_b9ca_4752_925f_20ac91b9ad54 unregistered
**** Registry Base URL: http://registry-app-ksql047.apps.ci419.apicurio-testing.org:80
2025-08-12 14:53:09,034 INFO  [org.apa.kaf.cli.con.ConsumerConfig] (main) ConsumerConfig values: 
	allow.auto.create.topics = true
	auto.commit.interval.ms = 500
	auto.include.jmx.reporter = true
	auto.offset.reset = earliest
	bootstrap.servers = [PLAINTEXT://localhost:32769]
	check.crcs = true
	client.dns.lookup = use_all_dns_ips
	client.id = consumer-Consumer-topic-462f8f9b_b9ca_4752_925f_20ac91b9ad54-7
	client.rack = 
	connections.max.idle.ms = 10000
	default.api.timeout.ms = 60000
	enable.auto.commit = true
	enable.metrics.push = true
	exclude.internal.topics = true
	fetch.max.bytes = 52428800
	fetch.max.wait.ms = 500
	fetch.min.bytes = 1
	group.id = Consumer-topic-462f8f9b_b9ca_4752_925f_20ac91b9ad54
	group.instance.id = null
	group.protocol = classic
	group.remote.assignor = null
	heartbeat.interval.ms = 3000
	interceptor.classes = []
	internal.leave.group.on.close = true
	internal.throw.on.fetch.stable.offset.unsupported = false
	isolation.level = read_uncommitted
	key.deserializer = class org.apache.kafka.common.serialization.StringDeserializer
	max.partition.fetch.bytes = 1048576
	max.poll.interval.ms = 300000
	max.poll.records = 500
	metadata.max.age.ms = 300000
	metadata.recovery.strategy = none
	metric.reporters = []
	metrics.num.samples = 2
	metrics.recording.level = INFO
	metrics.sample.window.ms = 30000
	partition.assignment.strategy = [class org.apache.kafka.clients.consumer.RangeAssignor, class org.apache.kafka.clients.consumer.CooperativeStickyAssignor]
	receive.buffer.bytes = 65536
	reconnect.backoff.max.ms = 1000
	reconnect.backoff.ms = 50
	request.timeout.ms = 5000
	retry.backoff.max.ms = 1000
	retry.backoff.ms = 100
	sasl.client.callback.handler.class = null
	sasl.jaas.config = null
	sasl.kerberos.kinit.cmd = /usr/bin/kinit
	sasl.kerberos.min.time.before.relogin = 60000
	sasl.kerberos.service.name = null
	sasl.kerberos.ticket.renew.jitter = 0.05
	sasl.kerberos.ticket.renew.window.factor = 0.8
	sasl.login.callback.handler.class = null
	sasl.login.class = null
	sasl.login.connect.timeout.ms = null
	sasl.login.read.timeout.ms = null
	sasl.login.refresh.buffer.seconds = 300
	sasl.login.refresh.min.period.seconds = 60
	sasl.login.refresh.window.factor = 0.8
	sasl.login.refresh.window.jitter = 0.05
	sasl.login.retry.backoff.max.ms = 10000
	sasl.login.retry.backoff.ms = 100
	sasl.mechanism = GSSAPI
	sasl.oauthbearer.clock.skew.seconds = 30
	sasl.oauthbearer.expected.audience = null
	sasl.oauthbearer.expected.issuer = null
	sasl.oauthbearer.header.urlencode = false
	sasl.oauthbearer.jwks.endpoint.refresh.ms = 3600000
	sasl.oauthbearer.jwks.endpoint.retry.backoff.max.ms = 10000
	sasl.oauthbearer.jwks.endpoint.retry.backoff.ms = 100
	sasl.oauthbearer.jwks.endpoint.url = null
	sasl.oauthbearer.scope.claim.name = scope
	sasl.oauthbearer.sub.claim.name = sub
	sasl.oauthbearer.token.endpoint.url = null
	security.protocol = PLAINTEXT
	security.providers = null
	send.buffer.bytes = 131072
	session.timeout.ms = 45000
	socket.connection.setup.timeout.max.ms = 30000
	socket.connection.setup.timeout.ms = 10000
	ssl.cipher.suites = null
	ssl.enabled.protocols = [TLSv1.2, TLSv1.3]
	ssl.endpoint.identification.algorithm = https
	ssl.engine.factory.class = null
	ssl.key.password = null
	ssl.keymanager.algorithm = SunX509
	ssl.keystore.certificate.chain = null
	ssl.keystore.key = null
	ssl.keystore.location = null
	ssl.keystore.password = null
	ssl.keystore.type = JKS
	ssl.protocol = TLSv1.3
	ssl.provider = null
	ssl.secure.random.implementation = null
	ssl.trustmanager.algorithm = PKIX
	ssl.truststore.certificates = null
	ssl.truststore.location = null
	ssl.truststore.password = null
	ssl.truststore.type = JKS
	value.deserializer = class io.apicurio.registry.serde.avro.AvroKafkaDeserializer

2025-08-12 14:53:09,035 INFO  [org.apa.kaf.com.tel.int.KafkaMetricsCollector] (main) initializing Kafka metrics collector
2025-08-12 14:53:09,057 INFO  [org.apa.kaf.cli.con.ConsumerConfig] (main) These configurations '[apicurio.registry.url]' were supplied but are not used yet.
2025-08-12 14:53:09,059 INFO  [org.apa.kaf.com.uti.AppInfoParser] (main) Kafka version: 3.9.1
2025-08-12 14:53:09,059 INFO  [org.apa.kaf.com.uti.AppInfoParser] (main) Kafka commitId: f745dfdcee2b9851
2025-08-12 14:53:09,059 INFO  [org.apa.kaf.com.uti.AppInfoParser] (main) Kafka startTimeMs: 1755010389059
2025-08-12 14:53:09,060 INFO  [org.apa.kaf.cli.con.int.ClassicKafkaConsumer] (Thread-648) [Consumer clientId=consumer-Consumer-topic-462f8f9b_b9ca_4752_925f_20ac91b9ad54-7, groupId=Consumer-topic-462f8f9b_b9ca_4752_925f_20ac91b9ad54] Subscribed to topic(s): topic-462f8f9b_b9ca_4752_925f_20ac91b9ad54
2025-08-12 14:53:09,067 INFO  [org.apa.kaf.cli.Metadata] (Thread-648) [Consumer clientId=consumer-Consumer-topic-462f8f9b_b9ca_4752_925f_20ac91b9ad54-7, groupId=Consumer-topic-462f8f9b_b9ca_4752_925f_20ac91b9ad54] Cluster ID: XZZUcOHpSnyflE0hmwIDCg
2025-08-12 14:53:09,068 INFO  [org.apa.kaf.cli.con.int.ConsumerCoordinator] (Thread-648) [Consumer clientId=consumer-Consumer-topic-462f8f9b_b9ca_4752_925f_20ac91b9ad54-7, groupId=Consumer-topic-462f8f9b_b9ca_4752_925f_20ac91b9ad54] Discovered group coordinator localhost:32769 (id: 2147483647 rack: null)
2025-08-12 14:53:09,071 INFO  [org.apa.kaf.cli.con.int.ConsumerCoordinator] (Thread-648) [Consumer clientId=consumer-Consumer-topic-462f8f9b_b9ca_4752_925f_20ac91b9ad54-7, groupId=Consumer-topic-462f8f9b_b9ca_4752_925f_20ac91b9ad54] (Re-)joining group
2025-08-12 14:53:09,077 INFO  [org.apa.kaf.cli.con.int.ConsumerCoordinator] (Thread-648) [Consumer clientId=consumer-Consumer-topic-462f8f9b_b9ca_4752_925f_20ac91b9ad54-7, groupId=Consumer-topic-462f8f9b_b9ca_4752_925f_20ac91b9ad54] Request joining group due to: need to re-join with the given member-id: consumer-Consumer-topic-462f8f9b_b9ca_4752_925f_20ac91b9ad54-7-e385bcd2-5c5e-4e70-b61d-469883ad93e8
2025-08-12 14:53:09,077 INFO  [org.apa.kaf.cli.con.int.ConsumerCoordinator] (Thread-648) [Consumer clientId=consumer-Consumer-topic-462f8f9b_b9ca_4752_925f_20ac91b9ad54-7, groupId=Consumer-topic-462f8f9b_b9ca_4752_925f_20ac91b9ad54] (Re-)joining group
2025-08-12 14:53:10,060 INFO  [io.api.tes.ser.api.KafkaSerdesTester] (Thread-648) None found
2025-08-12 14:53:11,061 INFO  [io.api.tes.ser.api.KafkaSerdesTester] (Thread-648) None found
2025-08-12 14:53:12,061 INFO  [io.api.tes.ser.api.KafkaSerdesTester] (Thread-648) None found
2025-08-12 14:53:12,080 INFO  [org.apa.kaf.cli.con.int.ConsumerCoordinator] (Thread-648) [Consumer clientId=consumer-Consumer-topic-462f8f9b_b9ca_4752_925f_20ac91b9ad54-7, groupId=Consumer-topic-462f8f9b_b9ca_4752_925f_20ac91b9ad54] Successfully joined group with generation Generation{generationId=1, memberId='consumer-Consumer-topic-462f8f9b_b9ca_4752_925f_20ac91b9ad54-7-e385bcd2-5c5e-4e70-b61d-469883ad93e8', protocol='range'}
2025-08-12 14:53:12,081 INFO  [org.apa.kaf.cli.con.int.ConsumerCoordinator] (Thread-648) [Consumer clientId=consumer-Consumer-topic-462f8f9b_b9ca_4752_925f_20ac91b9ad54-7, groupId=Consumer-topic-462f8f9b_b9ca_4752_925f_20ac91b9ad54] Finished assignment for group at generation 1: {consumer-Consumer-topic-462f8f9b_b9ca_4752_925f_20ac91b9ad54-7-e385bcd2-5c5e-4e70-b61d-469883ad93e8=Assignment(partitions=[topic-462f8f9b_b9ca_4752_925f_20ac91b9ad54-0])}
2025-08-12 14:53:12,089 INFO  [org.apa.kaf.cli.con.int.ConsumerCoordinator] (Thread-648) [Consumer clientId=consumer-Consumer-topic-462f8f9b_b9ca_4752_925f_20ac91b9ad54-7, groupId=Consumer-topic-462f8f9b_b9ca_4752_925f_20ac91b9ad54] Successfully synced group in generation Generation{generationId=1, memberId='consumer-Consumer-topic-462f8f9b_b9ca_4752_925f_20ac91b9ad54-7-e385bcd2-5c5e-4e70-b61d-469883ad93e8', protocol='range'}
2025-08-12 14:53:12,089 INFO  [org.apa.kaf.cli.con.int.ConsumerCoordinator] (Thread-648) [Consumer clientId=consumer-Consumer-topic-462f8f9b_b9ca_4752_925f_20ac91b9ad54-7, groupId=Consumer-topic-462f8f9b_b9ca_4752_925f_20ac91b9ad54] Notifying assignor about the new Assignment(partitions=[topic-462f8f9b_b9ca_4752_925f_20ac91b9ad54-0])
2025-08-12 14:53:12,089 INFO  [org.apa.kaf.cli.con.int.ConsumerRebalanceListenerInvoker] (Thread-648) [Consumer clientId=consumer-Consumer-topic-462f8f9b_b9ca_4752_925f_20ac91b9ad54-7, groupId=Consumer-topic-462f8f9b_b9ca_4752_925f_20ac91b9ad54] Adding newly assigned partitions: topic-462f8f9b_b9ca_4752_925f_20ac91b9ad54-0
2025-08-12 14:53:12,090 INFO  [org.apa.kaf.cli.con.int.ConsumerCoordinator] (Thread-648) [Consumer clientId=consumer-Consumer-topic-462f8f9b_b9ca_4752_925f_20ac91b9ad54-7, groupId=Consumer-topic-462f8f9b_b9ca_4752_925f_20ac91b9ad54] Found no committed offset for partition topic-462f8f9b_b9ca_4752_925f_20ac91b9ad54-0
2025-08-12 14:53:12,094 INFO  [org.apa.kaf.cli.con.int.SubscriptionState] (Thread-648) [Consumer clientId=consumer-Consumer-topic-462f8f9b_b9ca_4752_925f_20ac91b9ad54-7, groupId=Consumer-topic-462f8f9b_b9ca_4752_925f_20ac91b9ad54] Resetting offset for partition topic-462f8f9b_b9ca_4752_925f_20ac91b9ad54-0 to position FetchPosition{offset=0, offsetEpoch=Optional.empty, currentLeader=LeaderAndEpoch{leader=Optional[localhost:32769 (id: 0 rack: null)], epoch=0}}.
2025-08-12 14:53:12,132 INFO  [io.api.tes.ser.api.KafkaSerdesTester] (Thread-648) topic-462f8f9b_b9ca_4752_925f_20ac91b9ad54 0 0 {"key11755010387841": "value-0"}
2025-08-12 14:53:12,132 INFO  [io.api.tes.ser.api.KafkaSerdesTester] (Thread-648) topic-462f8f9b_b9ca_4752_925f_20ac91b9ad54 0 1 {"key11755010387841": "value-1"}
2025-08-12 14:53:12,132 INFO  [io.api.tes.ser.api.KafkaSerdesTester] (Thread-648) topic-462f8f9b_b9ca_4752_925f_20ac91b9ad54 0 2 {"key11755010387841": "value-2"}
2025-08-12 14:53:12,132 INFO  [io.api.tes.ser.api.KafkaSerdesTester] (Thread-648) topic-462f8f9b_b9ca_4752_925f_20ac91b9ad54 0 3 {"key11755010387841": "value-3"}
2025-08-12 14:53:12,132 INFO  [io.api.tes.ser.api.KafkaSerdesTester] (Thread-648) topic-462f8f9b_b9ca_4752_925f_20ac91b9ad54 0 4 {"key11755010387841": "value-4"}
2025-08-12 14:53:12,132 INFO  [io.api.tes.ser.api.KafkaSerdesTester] (Thread-648) topic-462f8f9b_b9ca_4752_925f_20ac91b9ad54 0 5 {"key11755010387841": "value-5"}
2025-08-12 14:53:12,132 INFO  [io.api.tes.ser.api.KafkaSerdesTester] (Thread-648) topic-462f8f9b_b9ca_4752_925f_20ac91b9ad54 0 6 {"key11755010387841": "value-6"}
2025-08-12 14:53:12,132 INFO  [io.api.tes.ser.api.KafkaSerdesTester] (Thread-648) topic-462f8f9b_b9ca_4752_925f_20ac91b9ad54 0 7 {"key11755010387841": "value-7"}
2025-08-12 14:53:12,133 INFO  [io.api.tes.ser.api.KafkaSerdesTester] (Thread-648) topic-462f8f9b_b9ca_4752_925f_20ac91b9ad54 0 8 {"key11755010387841": "value-8"}
2025-08-12 14:53:12,133 INFO  [io.api.tes.ser.api.KafkaSerdesTester] (Thread-648) topic-462f8f9b_b9ca_4752_925f_20ac91b9ad54 0 9 {"key11755010387841": "value-9"}
2025-08-12 14:53:12,133 INFO  [io.api.tes.ser.api.KafkaSerdesTester] (Thread-648) Consumed 10 messages
2025-08-12 14:53:12,141 INFO  [org.apa.kaf.cli.con.int.ConsumerRebalanceListenerInvoker] (Thread-648) [Consumer clientId=consumer-Consumer-topic-462f8f9b_b9ca_4752_925f_20ac91b9ad54-7, groupId=Consumer-topic-462f8f9b_b9ca_4752_925f_20ac91b9ad54] Revoke previously assigned partitions topic-462f8f9b_b9ca_4752_925f_20ac91b9ad54-0
2025-08-12 14:53:12,141 INFO  [org.apa.kaf.cli.con.int.ConsumerCoordinator] (Thread-648) [Consumer clientId=consumer-Consumer-topic-462f8f9b_b9ca_4752_925f_20ac91b9ad54-7, groupId=Consumer-topic-462f8f9b_b9ca_4752_925f_20ac91b9ad54] Member consumer-Consumer-topic-462f8f9b_b9ca_4752_925f_20ac91b9ad54-7-e385bcd2-5c5e-4e70-b61d-469883ad93e8 sending LeaveGroup request to coordinator localhost:32769 (id: 2147483647 rack: null) due to the consumer is being closed
2025-08-12 14:53:12,142 INFO  [org.apa.kaf.cli.con.int.ConsumerCoordinator] (Thread-648) [Consumer clientId=consumer-Consumer-topic-462f8f9b_b9ca_4752_925f_20ac91b9ad54-7, groupId=Consumer-topic-462f8f9b_b9ca_4752_925f_20ac91b9ad54] Resetting generation and member id due to: consumer pro-actively leaving the group
2025-08-12 14:53:12,142 INFO  [org.apa.kaf.cli.con.int.ConsumerCoordinator] (Thread-648) [Consumer clientId=consumer-Consumer-topic-462f8f9b_b9ca_4752_925f_20ac91b9ad54-7, groupId=Consumer-topic-462f8f9b_b9ca_4752_925f_20ac91b9ad54] Request joining group due to: consumer pro-actively leaving the group
2025-08-12 14:53:12,635 INFO  [org.apa.kaf.com.met.Metrics] (Thread-648) Metrics scheduler closed
2025-08-12 14:53:12,636 INFO  [org.apa.kaf.com.met.Metrics] (Thread-648) Closing reporter org.apache.kafka.common.metrics.JmxReporter
2025-08-12 14:53:12,636 INFO  [org.apa.kaf.com.met.Metrics] (Thread-648) Closing reporter org.apache.kafka.common.telemetry.internals.ClientTelemetryReporter
2025-08-12 14:53:12,636 INFO  [org.apa.kaf.com.met.Metrics] (Thread-648) Metrics reporters closed
2025-08-12 14:53:12,641 INFO  [org.apa.kaf.com.uti.AppInfoParser] (Thread-648) App info kafka.consumer for consumer-Consumer-topic-462f8f9b_b9ca_4752_925f_20ac91b9ad54-7 unregistered
2025-08-12 14:53:12,641 INFO  [io.api.tes.uti.TestSeparator] (main) io.apicurio.tests.serdes.apicurio.AvroSerdeIT.testTopicIdStrategyFindLatest-FINISHED
2025-08-12 14:53:12,641 INFO  [io.api.tes.uti.TestSeparator] (main) ############################################################################
Test passed: testTopicIdStrategyFindLatest
]]></system-out>
  </testcase>
  <testcase name="testAvroUnionWithSpecificReader" classname="io.apicurio.tests.serdes.apicurio.AvroSerdeIT" time="4.021">
    <system-out><![CDATA[2025-08-12 14:53:12,643 INFO  [io.api.tes.uti.TestSeparator] (main) ############################################################################
2025-08-12 14:53:12,643 INFO  [io.api.tes.uti.TestSeparator] (main) io.apicurio.tests.serdes.apicurio.AvroSerdeIT.testAvroUnionWithSpecificReader-STARTED
**** Registry Base URL: http://registry-app-ksql047.apps.ci419.apicurio-testing.org:80
2025-08-12 14:53:12,648 INFO  [org.apa.kaf.cli.pro.ProducerConfig] (main) ProducerConfig values: 
	acks = -1
	auto.include.jmx.reporter = true
	batch.size = 16384
	bootstrap.servers = [PLAINTEXT://localhost:32769]
	buffer.memory = 33554432
	client.dns.lookup = use_all_dns_ips
	client.id = Producer-topic-e8404b8e_dd6f_4dae_b6dd_b962f7d07ba9
	compression.gzip.level = -1
	compression.lz4.level = 9
	compression.type = none
	compression.zstd.level = 3
	connections.max.idle.ms = 10000
	delivery.timeout.ms = 120000
	enable.idempotence = true
	enable.metrics.push = true
	interceptor.classes = []
	key.serializer = class org.apache.kafka.common.serialization.StringSerializer
	linger.ms = 0
	max.block.ms = 60000
	max.in.flight.requests.per.connection = 5
	max.request.size = 1048576
	metadata.max.age.ms = 300000
	metadata.max.idle.ms = 300000
	metadata.recovery.strategy = none
	metric.reporters = []
	metrics.num.samples = 2
	metrics.recording.level = INFO
	metrics.sample.window.ms = 30000
	partitioner.adaptive.partitioning.enable = true
	partitioner.availability.timeout.ms = 0
	partitioner.class = null
	partitioner.ignore.keys = false
	receive.buffer.bytes = 32768
	reconnect.backoff.max.ms = 1000
	reconnect.backoff.ms = 50
	request.timeout.ms = 5000
	retries = 2147483647
	retry.backoff.max.ms = 1000
	retry.backoff.ms = 100
	sasl.client.callback.handler.class = null
	sasl.jaas.config = null
	sasl.kerberos.kinit.cmd = /usr/bin/kinit
	sasl.kerberos.min.time.before.relogin = 60000
	sasl.kerberos.service.name = null
	sasl.kerberos.ticket.renew.jitter = 0.05
	sasl.kerberos.ticket.renew.window.factor = 0.8
	sasl.login.callback.handler.class = null
	sasl.login.class = null
	sasl.login.connect.timeout.ms = null
	sasl.login.read.timeout.ms = null
	sasl.login.refresh.buffer.seconds = 300
	sasl.login.refresh.min.period.seconds = 60
	sasl.login.refresh.window.factor = 0.8
	sasl.login.refresh.window.jitter = 0.05
	sasl.login.retry.backoff.max.ms = 10000
	sasl.login.retry.backoff.ms = 100
	sasl.mechanism = GSSAPI
	sasl.oauthbearer.clock.skew.seconds = 30
	sasl.oauthbearer.expected.audience = null
	sasl.oauthbearer.expected.issuer = null
	sasl.oauthbearer.header.urlencode = false
	sasl.oauthbearer.jwks.endpoint.refresh.ms = 3600000
	sasl.oauthbearer.jwks.endpoint.retry.backoff.max.ms = 10000
	sasl.oauthbearer.jwks.endpoint.retry.backoff.ms = 100
	sasl.oauthbearer.jwks.endpoint.url = null
	sasl.oauthbearer.scope.claim.name = scope
	sasl.oauthbearer.sub.claim.name = sub
	sasl.oauthbearer.token.endpoint.url = null
	security.protocol = PLAINTEXT
	security.providers = null
	send.buffer.bytes = 131072
	socket.connection.setup.timeout.max.ms = 30000
	socket.connection.setup.timeout.ms = 10000
	ssl.cipher.suites = null
	ssl.enabled.protocols = [TLSv1.2, TLSv1.3]
	ssl.endpoint.identification.algorithm = https
	ssl.engine.factory.class = null
	ssl.key.password = null
	ssl.keymanager.algorithm = SunX509
	ssl.keystore.certificate.chain = null
	ssl.keystore.key = null
	ssl.keystore.location = null
	ssl.keystore.password = null
	ssl.keystore.type = JKS
	ssl.protocol = TLSv1.3
	ssl.provider = null
	ssl.secure.random.implementation = null
	ssl.trustmanager.algorithm = PKIX
	ssl.truststore.certificates = null
	ssl.truststore.location = null
	ssl.truststore.password = null
	ssl.truststore.type = JKS
	transaction.timeout.ms = 60000
	transactional.id = null
	value.serializer = class io.apicurio.registry.serde.avro.AvroKafkaSerializer

2025-08-12 14:53:12,649 INFO  [org.apa.kaf.com.tel.int.KafkaMetricsCollector] (main) initializing Kafka metrics collector
2025-08-12 14:53:12,659 INFO  [org.apa.kaf.cli.pro.KafkaProducer] (main) [Producer clientId=Producer-topic-e8404b8e_dd6f_4dae_b6dd_b962f7d07ba9] Instantiated an idempotent producer.
2025-08-12 14:53:12,665 INFO  [org.apa.kaf.cli.pro.ProducerConfig] (main) These configurations '[apicurio.registry.url, apicurio.registry.auto-register, apicurio.registry.artifact-resolver-strategy]' were supplied but are not used yet.
2025-08-12 14:53:12,665 INFO  [org.apa.kaf.com.uti.AppInfoParser] (main) Kafka version: 3.9.1
2025-08-12 14:53:12,665 INFO  [org.apa.kaf.com.uti.AppInfoParser] (main) Kafka commitId: f745dfdcee2b9851
2025-08-12 14:53:12,665 INFO  [org.apa.kaf.com.uti.AppInfoParser] (main) Kafka startTimeMs: 1755010392665
2025-08-12 14:53:12,666 INFO  [io.api.tes.ser.api.SimpleSerdesTesterBuilder$SimpleSerdesTester] (main) Using producer configuration: {apicurio.registry.url=http://registry-app-ksql047.apps.ci419.apicurio-testing.org:80/apis/registry/v3, apicurio.registry.auto-register=true, apicurio.registry.artifact-resolver-strategy=io.apicurio.registry.serde.strategy.TopicIdStrategy, value.serializer=io.apicurio.registry.serde.avro.AvroKafkaSerializer, request.timeout.ms=5000, acks=all, bootstrap.servers=PLAINTEXT://localhost:32769, connections.max.idle.ms=10000, key.serializer=org.apache.kafka.common.serialization.StringSerializer, client.id=Producer-topic-e8404b8e_dd6f_4dae_b6dd_b962f7d07ba9}
2025-08-12 14:53:12,666 INFO  [io.api.tes.ser.api.SimpleSerdesTesterBuilder$SimpleSerdesTester] (main) Using consumer configuration: {}
2025-08-12 14:53:12,669 INFO  [io.api.tes.ser.api.KafkaSerdesTester] (Thread-651) Sending message {"id": "record-0"} to topic topic-e8404b8e_dd6f_4dae_b6dd_b962f7d07ba9
2025-08-12 14:53:12,670 INFO  [org.apa.kaf.cli.Metadata] (kafka-producer-network-thread | Producer-topic-e8404b8e_dd6f_4dae_b6dd_b962f7d07ba9) [Producer clientId=Producer-topic-e8404b8e_dd6f_4dae_b6dd_b962f7d07ba9] Cluster ID: XZZUcOHpSnyflE0hmwIDCg
2025-08-12 14:53:12,670 INFO  [org.apa.kaf.cli.pro.int.TransactionManager] (kafka-producer-network-thread | Producer-topic-e8404b8e_dd6f_4dae_b6dd_b962f7d07ba9) [Producer clientId=Producer-topic-e8404b8e_dd6f_4dae_b6dd_b962f7d07ba9] ProducerId set to 10 with epoch 0
2025-08-12 14:53:12,684 WARN  [org.apa.kaf.cli.NetworkClient] (kafka-producer-network-thread | Producer-topic-e8404b8e_dd6f_4dae_b6dd_b962f7d07ba9) [Producer clientId=Producer-topic-e8404b8e_dd6f_4dae_b6dd_b962f7d07ba9] The metadata response from the cluster reported a recoverable issue with correlation id 5 : {topic-e8404b8e_dd6f_4dae_b6dd_b962f7d07ba9=UNKNOWN_TOPIC_OR_PARTITION}
2025-08-12 14:53:12,874 INFO  [io.api.tes.ser.api.KafkaSerdesTester] (Thread-651) Sending message {"value": 1} to topic topic-e8404b8e_dd6f_4dae_b6dd_b962f7d07ba9
2025-08-12 14:53:12,936 INFO  [io.api.tes.ser.api.KafkaSerdesTester] (Thread-651) Sending message {"active": true} to topic topic-e8404b8e_dd6f_4dae_b6dd_b962f7d07ba9
2025-08-12 14:53:12,998 INFO  [io.api.tes.ser.api.KafkaSerdesTester] (Thread-651) Sending message {"id": "record-3"} to topic topic-e8404b8e_dd6f_4dae_b6dd_b962f7d07ba9
2025-08-12 14:53:13,001 INFO  [io.api.tes.ser.api.KafkaSerdesTester] (Thread-651) Sending message {"value": 4} to topic topic-e8404b8e_dd6f_4dae_b6dd_b962f7d07ba9
2025-08-12 14:53:13,004 INFO  [io.api.tes.ser.api.KafkaSerdesTester] (Thread-651) Sending message {"active": false} to topic topic-e8404b8e_dd6f_4dae_b6dd_b962f7d07ba9
2025-08-12 14:53:13,008 INFO  [io.api.tes.ser.api.KafkaSerdesTester] (Thread-651) Sending message {"id": "record-6"} to topic topic-e8404b8e_dd6f_4dae_b6dd_b962f7d07ba9
2025-08-12 14:53:13,011 INFO  [io.api.tes.ser.api.KafkaSerdesTester] (Thread-651) Sending message {"value": 7} to topic topic-e8404b8e_dd6f_4dae_b6dd_b962f7d07ba9
2025-08-12 14:53:13,014 INFO  [io.api.tes.ser.api.KafkaSerdesTester] (Thread-651) Sending message {"active": true} to topic topic-e8404b8e_dd6f_4dae_b6dd_b962f7d07ba9
2025-08-12 14:53:13,016 INFO  [io.api.tes.ser.api.KafkaSerdesTester] (Thread-651) Sending message {"id": "record-9"} to topic topic-e8404b8e_dd6f_4dae_b6dd_b962f7d07ba9
2025-08-12 14:53:13,019 INFO  [io.api.tes.ser.api.KafkaSerdesTester] (Thread-651) Produced 10 messages
2025-08-12 14:53:13,019 INFO  [org.apa.kaf.cli.pro.KafkaProducer] (Thread-651) [Producer clientId=Producer-topic-e8404b8e_dd6f_4dae_b6dd_b962f7d07ba9] Closing the Kafka producer with timeoutMillis = 9223372036854775807 ms.
2025-08-12 14:53:13,021 INFO  [org.apa.kaf.com.met.Metrics] (Thread-651) Metrics scheduler closed
2025-08-12 14:53:13,021 INFO  [org.apa.kaf.com.met.Metrics] (Thread-651) Closing reporter org.apache.kafka.common.metrics.JmxReporter
2025-08-12 14:53:13,021 INFO  [org.apa.kaf.com.met.Metrics] (Thread-651) Closing reporter org.apache.kafka.common.telemetry.internals.ClientTelemetryReporter
2025-08-12 14:53:13,021 INFO  [org.apa.kaf.com.met.Metrics] (Thread-651) Metrics reporters closed
2025-08-12 14:53:13,022 INFO  [org.apa.kaf.com.uti.AppInfoParser] (Thread-651) App info kafka.producer for Producer-topic-e8404b8e_dd6f_4dae_b6dd_b962f7d07ba9 unregistered
2025-08-12 14:53:13,043 INFO  [io.api.tes.ser.api.AvroSerdeIT] (main) Artifact topic-e8404b8e_dd6f_4dae_b6dd_b962f7d07ba9-value found in registry with globalId 25
**** Registry Base URL: http://registry-app-ksql047.apps.ci419.apicurio-testing.org:80
2025-08-12 14:53:13,044 INFO  [org.apa.kaf.cli.con.ConsumerConfig] (main) ConsumerConfig values: 
	allow.auto.create.topics = true
	auto.commit.interval.ms = 500
	auto.include.jmx.reporter = true
	auto.offset.reset = earliest
	bootstrap.servers = [PLAINTEXT://localhost:32769]
	check.crcs = true
	client.dns.lookup = use_all_dns_ips
	client.id = consumer-Consumer-topic-e8404b8e_dd6f_4dae_b6dd_b962f7d07ba9-8
	client.rack = 
	connections.max.idle.ms = 10000
	default.api.timeout.ms = 60000
	enable.auto.commit = true
	enable.metrics.push = true
	exclude.internal.topics = true
	fetch.max.bytes = 52428800
	fetch.max.wait.ms = 500
	fetch.min.bytes = 1
	group.id = Consumer-topic-e8404b8e_dd6f_4dae_b6dd_b962f7d07ba9
	group.instance.id = null
	group.protocol = classic
	group.remote.assignor = null
	heartbeat.interval.ms = 3000
	interceptor.classes = []
	internal.leave.group.on.close = true
	internal.throw.on.fetch.stable.offset.unsupported = false
	isolation.level = read_uncommitted
	key.deserializer = class org.apache.kafka.common.serialization.StringDeserializer
	max.partition.fetch.bytes = 1048576
	max.poll.interval.ms = 300000
	max.poll.records = 500
	metadata.max.age.ms = 300000
	metadata.recovery.strategy = none
	metric.reporters = []
	metrics.num.samples = 2
	metrics.recording.level = INFO
	metrics.sample.window.ms = 30000
	partition.assignment.strategy = [class org.apache.kafka.clients.consumer.RangeAssignor, class org.apache.kafka.clients.consumer.CooperativeStickyAssignor]
	receive.buffer.bytes = 65536
	reconnect.backoff.max.ms = 1000
	reconnect.backoff.ms = 50
	request.timeout.ms = 5000
	retry.backoff.max.ms = 1000
	retry.backoff.ms = 100
	sasl.client.callback.handler.class = null
	sasl.jaas.config = null
	sasl.kerberos.kinit.cmd = /usr/bin/kinit
	sasl.kerberos.min.time.before.relogin = 60000
	sasl.kerberos.service.name = null
	sasl.kerberos.ticket.renew.jitter = 0.05
	sasl.kerberos.ticket.renew.window.factor = 0.8
	sasl.login.callback.handler.class = null
	sasl.login.class = null
	sasl.login.connect.timeout.ms = null
	sasl.login.read.timeout.ms = null
	sasl.login.refresh.buffer.seconds = 300
	sasl.login.refresh.min.period.seconds = 60
	sasl.login.refresh.window.factor = 0.8
	sasl.login.refresh.window.jitter = 0.05
	sasl.login.retry.backoff.max.ms = 10000
	sasl.login.retry.backoff.ms = 100
	sasl.mechanism = GSSAPI
	sasl.oauthbearer.clock.skew.seconds = 30
	sasl.oauthbearer.expected.audience = null
	sasl.oauthbearer.expected.issuer = null
	sasl.oauthbearer.header.urlencode = false
	sasl.oauthbearer.jwks.endpoint.refresh.ms = 3600000
	sasl.oauthbearer.jwks.endpoint.retry.backoff.max.ms = 10000
	sasl.oauthbearer.jwks.endpoint.retry.backoff.ms = 100
	sasl.oauthbearer.jwks.endpoint.url = null
	sasl.oauthbearer.scope.claim.name = scope
	sasl.oauthbearer.sub.claim.name = sub
	sasl.oauthbearer.token.endpoint.url = null
	security.protocol = PLAINTEXT
	security.providers = null
	send.buffer.bytes = 131072
	session.timeout.ms = 45000
	socket.connection.setup.timeout.max.ms = 30000
	socket.connection.setup.timeout.ms = 10000
	ssl.cipher.suites = null
	ssl.enabled.protocols = [TLSv1.2, TLSv1.3]
	ssl.endpoint.identification.algorithm = https
	ssl.engine.factory.class = null
	ssl.key.password = null
	ssl.keymanager.algorithm = SunX509
	ssl.keystore.certificate.chain = null
	ssl.keystore.key = null
	ssl.keystore.location = null
	ssl.keystore.password = null
	ssl.keystore.type = JKS
	ssl.protocol = TLSv1.3
	ssl.provider = null
	ssl.secure.random.implementation = null
	ssl.trustmanager.algorithm = PKIX
	ssl.truststore.certificates = null
	ssl.truststore.location = null
	ssl.truststore.password = null
	ssl.truststore.type = JKS
	value.deserializer = class io.apicurio.registry.serde.avro.AvroKafkaDeserializer

2025-08-12 14:53:13,044 INFO  [org.apa.kaf.com.tel.int.KafkaMetricsCollector] (main) initializing Kafka metrics collector
2025-08-12 14:53:13,049 INFO  [org.apa.kaf.cli.con.ConsumerConfig] (main) These configurations '[apicurio.registry.url]' were supplied but are not used yet.
2025-08-12 14:53:13,049 INFO  [org.apa.kaf.com.uti.AppInfoParser] (main) Kafka version: 3.9.1
2025-08-12 14:53:13,049 INFO  [org.apa.kaf.com.uti.AppInfoParser] (main) Kafka commitId: f745dfdcee2b9851
2025-08-12 14:53:13,049 INFO  [org.apa.kaf.com.uti.AppInfoParser] (main) Kafka startTimeMs: 1755010393049
2025-08-12 14:53:13,049 INFO  [org.apa.kaf.cli.con.int.ClassicKafkaConsumer] (Thread-654) [Consumer clientId=consumer-Consumer-topic-e8404b8e_dd6f_4dae_b6dd_b962f7d07ba9-8, groupId=Consumer-topic-e8404b8e_dd6f_4dae_b6dd_b962f7d07ba9] Subscribed to topic(s): topic-e8404b8e_dd6f_4dae_b6dd_b962f7d07ba9
2025-08-12 14:53:13,054 INFO  [org.apa.kaf.cli.Metadata] (Thread-654) [Consumer clientId=consumer-Consumer-topic-e8404b8e_dd6f_4dae_b6dd_b962f7d07ba9-8, groupId=Consumer-topic-e8404b8e_dd6f_4dae_b6dd_b962f7d07ba9] Cluster ID: XZZUcOHpSnyflE0hmwIDCg
2025-08-12 14:53:13,055 INFO  [org.apa.kaf.cli.con.int.ConsumerCoordinator] (Thread-654) [Consumer clientId=consumer-Consumer-topic-e8404b8e_dd6f_4dae_b6dd_b962f7d07ba9-8, groupId=Consumer-topic-e8404b8e_dd6f_4dae_b6dd_b962f7d07ba9] Discovered group coordinator localhost:32769 (id: 2147483647 rack: null)
2025-08-12 14:53:13,057 INFO  [org.apa.kaf.cli.con.int.ConsumerCoordinator] (Thread-654) [Consumer clientId=consumer-Consumer-topic-e8404b8e_dd6f_4dae_b6dd_b962f7d07ba9-8, groupId=Consumer-topic-e8404b8e_dd6f_4dae_b6dd_b962f7d07ba9] (Re-)joining group
2025-08-12 14:53:13,061 INFO  [org.apa.kaf.cli.con.int.ConsumerCoordinator] (Thread-654) [Consumer clientId=consumer-Consumer-topic-e8404b8e_dd6f_4dae_b6dd_b962f7d07ba9-8, groupId=Consumer-topic-e8404b8e_dd6f_4dae_b6dd_b962f7d07ba9] Request joining group due to: need to re-join with the given member-id: consumer-Consumer-topic-e8404b8e_dd6f_4dae_b6dd_b962f7d07ba9-8-67d91381-77ff-481d-bee5-1af47d24cf7a
2025-08-12 14:53:13,061 INFO  [org.apa.kaf.cli.con.int.ConsumerCoordinator] (Thread-654) [Consumer clientId=consumer-Consumer-topic-e8404b8e_dd6f_4dae_b6dd_b962f7d07ba9-8, groupId=Consumer-topic-e8404b8e_dd6f_4dae_b6dd_b962f7d07ba9] (Re-)joining group
2025-08-12 14:53:14,049 INFO  [io.api.tes.ser.api.KafkaSerdesTester] (Thread-654) None found
2025-08-12 14:53:15,049 INFO  [io.api.tes.ser.api.KafkaSerdesTester] (Thread-654) None found
2025-08-12 14:53:16,050 INFO  [io.api.tes.ser.api.KafkaSerdesTester] (Thread-654) None found
2025-08-12 14:53:16,064 INFO  [org.apa.kaf.cli.con.int.ConsumerCoordinator] (Thread-654) [Consumer clientId=consumer-Consumer-topic-e8404b8e_dd6f_4dae_b6dd_b962f7d07ba9-8, groupId=Consumer-topic-e8404b8e_dd6f_4dae_b6dd_b962f7d07ba9] Successfully joined group with generation Generation{generationId=1, memberId='consumer-Consumer-topic-e8404b8e_dd6f_4dae_b6dd_b962f7d07ba9-8-67d91381-77ff-481d-bee5-1af47d24cf7a', protocol='range'}
2025-08-12 14:53:16,065 INFO  [org.apa.kaf.cli.con.int.ConsumerCoordinator] (Thread-654) [Consumer clientId=consumer-Consumer-topic-e8404b8e_dd6f_4dae_b6dd_b962f7d07ba9-8, groupId=Consumer-topic-e8404b8e_dd6f_4dae_b6dd_b962f7d07ba9] Finished assignment for group at generation 1: {consumer-Consumer-topic-e8404b8e_dd6f_4dae_b6dd_b962f7d07ba9-8-67d91381-77ff-481d-bee5-1af47d24cf7a=Assignment(partitions=[topic-e8404b8e_dd6f_4dae_b6dd_b962f7d07ba9-0])}
2025-08-12 14:53:16,071 INFO  [org.apa.kaf.cli.con.int.ConsumerCoordinator] (Thread-654) [Consumer clientId=consumer-Consumer-topic-e8404b8e_dd6f_4dae_b6dd_b962f7d07ba9-8, groupId=Consumer-topic-e8404b8e_dd6f_4dae_b6dd_b962f7d07ba9] Successfully synced group in generation Generation{generationId=1, memberId='consumer-Consumer-topic-e8404b8e_dd6f_4dae_b6dd_b962f7d07ba9-8-67d91381-77ff-481d-bee5-1af47d24cf7a', protocol='range'}
2025-08-12 14:53:16,071 INFO  [org.apa.kaf.cli.con.int.ConsumerCoordinator] (Thread-654) [Consumer clientId=consumer-Consumer-topic-e8404b8e_dd6f_4dae_b6dd_b962f7d07ba9-8, groupId=Consumer-topic-e8404b8e_dd6f_4dae_b6dd_b962f7d07ba9] Notifying assignor about the new Assignment(partitions=[topic-e8404b8e_dd6f_4dae_b6dd_b962f7d07ba9-0])
2025-08-12 14:53:16,071 INFO  [org.apa.kaf.cli.con.int.ConsumerRebalanceListenerInvoker] (Thread-654) [Consumer clientId=consumer-Consumer-topic-e8404b8e_dd6f_4dae_b6dd_b962f7d07ba9-8, groupId=Consumer-topic-e8404b8e_dd6f_4dae_b6dd_b962f7d07ba9] Adding newly assigned partitions: topic-e8404b8e_dd6f_4dae_b6dd_b962f7d07ba9-0
2025-08-12 14:53:16,073 INFO  [org.apa.kaf.cli.con.int.ConsumerCoordinator] (Thread-654) [Consumer clientId=consumer-Consumer-topic-e8404b8e_dd6f_4dae_b6dd_b962f7d07ba9-8, groupId=Consumer-topic-e8404b8e_dd6f_4dae_b6dd_b962f7d07ba9] Found no committed offset for partition topic-e8404b8e_dd6f_4dae_b6dd_b962f7d07ba9-0
2025-08-12 14:53:16,077 INFO  [org.apa.kaf.cli.con.int.SubscriptionState] (Thread-654) [Consumer clientId=consumer-Consumer-topic-e8404b8e_dd6f_4dae_b6dd_b962f7d07ba9-8, groupId=Consumer-topic-e8404b8e_dd6f_4dae_b6dd_b962f7d07ba9] Resetting offset for partition topic-e8404b8e_dd6f_4dae_b6dd_b962f7d07ba9-0 to position FetchPosition{offset=0, offsetEpoch=Optional.empty, currentLeader=LeaderAndEpoch{leader=Optional[localhost:32769 (id: 0 rack: null)], epoch=0}}.
2025-08-12 14:53:16,156 INFO  [io.api.tes.ser.api.KafkaSerdesTester] (Thread-654) topic-e8404b8e_dd6f_4dae_b6dd_b962f7d07ba9 0 0 {"id": "record-0"}
2025-08-12 14:53:16,157 INFO  [io.api.tes.ser.api.KafkaSerdesTester] (Thread-654) topic-e8404b8e_dd6f_4dae_b6dd_b962f7d07ba9 0 1 {"value": 1}
2025-08-12 14:53:16,157 INFO  [io.api.tes.ser.api.KafkaSerdesTester] (Thread-654) topic-e8404b8e_dd6f_4dae_b6dd_b962f7d07ba9 0 2 {"active": true}
2025-08-12 14:53:16,157 INFO  [io.api.tes.ser.api.KafkaSerdesTester] (Thread-654) topic-e8404b8e_dd6f_4dae_b6dd_b962f7d07ba9 0 3 {"id": "record-3"}
2025-08-12 14:53:16,157 INFO  [io.api.tes.ser.api.KafkaSerdesTester] (Thread-654) topic-e8404b8e_dd6f_4dae_b6dd_b962f7d07ba9 0 4 {"value": 4}
2025-08-12 14:53:16,157 INFO  [io.api.tes.ser.api.KafkaSerdesTester] (Thread-654) topic-e8404b8e_dd6f_4dae_b6dd_b962f7d07ba9 0 5 {"active": false}
2025-08-12 14:53:16,157 INFO  [io.api.tes.ser.api.KafkaSerdesTester] (Thread-654) topic-e8404b8e_dd6f_4dae_b6dd_b962f7d07ba9 0 6 {"id": "record-6"}
2025-08-12 14:53:16,157 INFO  [io.api.tes.ser.api.KafkaSerdesTester] (Thread-654) topic-e8404b8e_dd6f_4dae_b6dd_b962f7d07ba9 0 7 {"value": 7}
2025-08-12 14:53:16,157 INFO  [io.api.tes.ser.api.KafkaSerdesTester] (Thread-654) topic-e8404b8e_dd6f_4dae_b6dd_b962f7d07ba9 0 8 {"active": true}
2025-08-12 14:53:16,157 INFO  [io.api.tes.ser.api.KafkaSerdesTester] (Thread-654) topic-e8404b8e_dd6f_4dae_b6dd_b962f7d07ba9 0 9 {"id": "record-9"}
2025-08-12 14:53:16,157 INFO  [io.api.tes.ser.api.KafkaSerdesTester] (Thread-654) Consumed 10 messages
2025-08-12 14:53:16,165 INFO  [org.apa.kaf.cli.con.int.ConsumerRebalanceListenerInvoker] (Thread-654) [Consumer clientId=consumer-Consumer-topic-e8404b8e_dd6f_4dae_b6dd_b962f7d07ba9-8, groupId=Consumer-topic-e8404b8e_dd6f_4dae_b6dd_b962f7d07ba9] Revoke previously assigned partitions topic-e8404b8e_dd6f_4dae_b6dd_b962f7d07ba9-0
2025-08-12 14:53:16,165 INFO  [org.apa.kaf.cli.con.int.ConsumerCoordinator] (Thread-654) [Consumer clientId=consumer-Consumer-topic-e8404b8e_dd6f_4dae_b6dd_b962f7d07ba9-8, groupId=Consumer-topic-e8404b8e_dd6f_4dae_b6dd_b962f7d07ba9] Member consumer-Consumer-topic-e8404b8e_dd6f_4dae_b6dd_b962f7d07ba9-8-67d91381-77ff-481d-bee5-1af47d24cf7a sending LeaveGroup request to coordinator localhost:32769 (id: 2147483647 rack: null) due to the consumer is being closed
2025-08-12 14:53:16,165 INFO  [org.apa.kaf.cli.con.int.ConsumerCoordinator] (Thread-654) [Consumer clientId=consumer-Consumer-topic-e8404b8e_dd6f_4dae_b6dd_b962f7d07ba9-8, groupId=Consumer-topic-e8404b8e_dd6f_4dae_b6dd_b962f7d07ba9] Resetting generation and member id due to: consumer pro-actively leaving the group
2025-08-12 14:53:16,165 INFO  [org.apa.kaf.cli.con.int.ConsumerCoordinator] (Thread-654) [Consumer clientId=consumer-Consumer-topic-e8404b8e_dd6f_4dae_b6dd_b962f7d07ba9-8, groupId=Consumer-topic-e8404b8e_dd6f_4dae_b6dd_b962f7d07ba9] Request joining group due to: consumer pro-actively leaving the group
2025-08-12 14:53:16,659 INFO  [org.apa.kaf.com.met.Metrics] (Thread-654) Metrics scheduler closed
2025-08-12 14:53:16,659 INFO  [org.apa.kaf.com.met.Metrics] (Thread-654) Closing reporter org.apache.kafka.common.metrics.JmxReporter
2025-08-12 14:53:16,659 INFO  [org.apa.kaf.com.met.Metrics] (Thread-654) Closing reporter org.apache.kafka.common.telemetry.internals.ClientTelemetryReporter
2025-08-12 14:53:16,659 INFO  [org.apa.kaf.com.met.Metrics] (Thread-654) Metrics reporters closed
2025-08-12 14:53:16,662 INFO  [org.apa.kaf.com.uti.AppInfoParser] (Thread-654) App info kafka.consumer for consumer-Consumer-topic-e8404b8e_dd6f_4dae_b6dd_b962f7d07ba9-8 unregistered
2025-08-12 14:53:16,663 INFO  [io.api.tes.uti.TestSeparator] (main) io.apicurio.tests.serdes.apicurio.AvroSerdeIT.testAvroUnionWithSpecificReader-FINISHED
2025-08-12 14:53:16,663 INFO  [io.api.tes.uti.TestSeparator] (main) ############################################################################
Test passed: testAvroUnionWithSpecificReader
]]></system-out>
  </testcase>
  <testcase name="testEvolveAvroApicurioReusingClient" classname="io.apicurio.tests.serdes.apicurio.AvroSerdeIT" time="7.169">
    <system-out><![CDATA[2025-08-12 14:53:16,666 INFO  [io.api.tes.uti.TestSeparator] (main) ############################################################################
2025-08-12 14:53:16,666 INFO  [io.api.tes.uti.TestSeparator] (main) io.apicurio.tests.serdes.apicurio.AvroSerdeIT.testEvolveAvroApicurioReusingClient-STARTED
2025-08-12 14:53:16,669 INFO  [io.api.tes.ser.api.AvroSerdeIT] (main) Registering Avro Schema: {"type":"record","name":"s2a4acab6xbbc4x4666xb6aaxd9f40511c4ef","namespace":"ns_e6cc8616_a068_4012_8f80_b33c881ef3b7","fields":[{"name":"key11755010396667","type":"string"}]}
**** Registry Base URL: http://registry-app-ksql047.apps.ci419.apicurio-testing.org:80
2025-08-12 14:53:17,739 INFO  [org.apa.kaf.cli.pro.ProducerConfig] (main) ProducerConfig values: 
	acks = -1
	auto.include.jmx.reporter = true
	batch.size = 16384
	bootstrap.servers = [PLAINTEXT://localhost:32769]
	buffer.memory = 33554432
	client.dns.lookup = use_all_dns_ips
	client.id = Producer-topic-6a702666_7cca_441e_9a02_b97435a269da
	compression.gzip.level = -1
	compression.lz4.level = 9
	compression.type = none
	compression.zstd.level = 3
	connections.max.idle.ms = 10000
	delivery.timeout.ms = 120000
	enable.idempotence = true
	enable.metrics.push = true
	interceptor.classes = []
	key.serializer = class org.apache.kafka.common.serialization.StringSerializer
	linger.ms = 0
	max.block.ms = 60000
	max.in.flight.requests.per.connection = 5
	max.request.size = 1048576
	metadata.max.age.ms = 300000
	metadata.max.idle.ms = 300000
	metadata.recovery.strategy = none
	metric.reporters = []
	metrics.num.samples = 2
	metrics.recording.level = INFO
	metrics.sample.window.ms = 30000
	partitioner.adaptive.partitioning.enable = true
	partitioner.availability.timeout.ms = 0
	partitioner.class = null
	partitioner.ignore.keys = false
	receive.buffer.bytes = 32768
	reconnect.backoff.max.ms = 1000
	reconnect.backoff.ms = 50
	request.timeout.ms = 5000
	retries = 2147483647
	retry.backoff.max.ms = 1000
	retry.backoff.ms = 100
	sasl.client.callback.handler.class = null
	sasl.jaas.config = null
	sasl.kerberos.kinit.cmd = /usr/bin/kinit
	sasl.kerberos.min.time.before.relogin = 60000
	sasl.kerberos.service.name = null
	sasl.kerberos.ticket.renew.jitter = 0.05
	sasl.kerberos.ticket.renew.window.factor = 0.8
	sasl.login.callback.handler.class = null
	sasl.login.class = null
	sasl.login.connect.timeout.ms = null
	sasl.login.read.timeout.ms = null
	sasl.login.refresh.buffer.seconds = 300
	sasl.login.refresh.min.period.seconds = 60
	sasl.login.refresh.window.factor = 0.8
	sasl.login.refresh.window.jitter = 0.05
	sasl.login.retry.backoff.max.ms = 10000
	sasl.login.retry.backoff.ms = 100
	sasl.mechanism = GSSAPI
	sasl.oauthbearer.clock.skew.seconds = 30
	sasl.oauthbearer.expected.audience = null
	sasl.oauthbearer.expected.issuer = null
	sasl.oauthbearer.header.urlencode = false
	sasl.oauthbearer.jwks.endpoint.refresh.ms = 3600000
	sasl.oauthbearer.jwks.endpoint.retry.backoff.max.ms = 10000
	sasl.oauthbearer.jwks.endpoint.retry.backoff.ms = 100
	sasl.oauthbearer.jwks.endpoint.url = null
	sasl.oauthbearer.scope.claim.name = scope
	sasl.oauthbearer.sub.claim.name = sub
	sasl.oauthbearer.token.endpoint.url = null
	security.protocol = PLAINTEXT
	security.providers = null
	send.buffer.bytes = 131072
	socket.connection.setup.timeout.max.ms = 30000
	socket.connection.setup.timeout.ms = 10000
	ssl.cipher.suites = null
	ssl.enabled.protocols = [TLSv1.2, TLSv1.3]
	ssl.endpoint.identification.algorithm = https
	ssl.engine.factory.class = null
	ssl.key.password = null
	ssl.keymanager.algorithm = SunX509
	ssl.keystore.certificate.chain = null
	ssl.keystore.key = null
	ssl.keystore.location = null
	ssl.keystore.password = null
	ssl.keystore.type = JKS
	ssl.protocol = TLSv1.3
	ssl.provider = null
	ssl.secure.random.implementation = null
	ssl.trustmanager.algorithm = PKIX
	ssl.truststore.certificates = null
	ssl.truststore.location = null
	ssl.truststore.password = null
	ssl.truststore.type = JKS
	transaction.timeout.ms = 60000
	transactional.id = null
	value.serializer = class io.apicurio.registry.serde.avro.AvroKafkaSerializer

2025-08-12 14:53:17,739 INFO  [org.apa.kaf.com.tel.int.KafkaMetricsCollector] (main) initializing Kafka metrics collector
2025-08-12 14:53:17,743 INFO  [org.apa.kaf.cli.pro.KafkaProducer] (main) [Producer clientId=Producer-topic-6a702666_7cca_441e_9a02_b97435a269da] Instantiated an idempotent producer.
2025-08-12 14:53:17,744 INFO  [org.apa.kaf.cli.pro.ProducerConfig] (main) These configurations '[apicurio.registry.url, apicurio.registry.artifact-resolver-strategy]' were supplied but are not used yet.
2025-08-12 14:53:17,751 INFO  [org.apa.kaf.com.uti.AppInfoParser] (main) Kafka version: 3.9.1
2025-08-12 14:53:17,751 INFO  [org.apa.kaf.com.uti.AppInfoParser] (main) Kafka commitId: f745dfdcee2b9851
2025-08-12 14:53:17,751 INFO  [org.apa.kaf.com.uti.AppInfoParser] (main) Kafka startTimeMs: 1755010397744
**** Registry Base URL: http://registry-app-ksql047.apps.ci419.apicurio-testing.org:80
2025-08-12 14:53:17,752 INFO  [org.apa.kaf.cli.con.ConsumerConfig] (main) ConsumerConfig values: 
	allow.auto.create.topics = true
	auto.commit.interval.ms = 500
	auto.include.jmx.reporter = true
	auto.offset.reset = earliest
	bootstrap.servers = [PLAINTEXT://localhost:32769]
	check.crcs = true
	client.dns.lookup = use_all_dns_ips
	client.id = consumer-Consumer-topic-6a702666_7cca_441e_9a02_b97435a269da-9
	client.rack = 
	connections.max.idle.ms = 10000
	default.api.timeout.ms = 60000
	enable.auto.commit = true
	enable.metrics.push = true
	exclude.internal.topics = true
	fetch.max.bytes = 52428800
	fetch.max.wait.ms = 500
	fetch.min.bytes = 1
	group.id = Consumer-topic-6a702666_7cca_441e_9a02_b97435a269da
	group.instance.id = null
	group.protocol = classic
	group.remote.assignor = null
	heartbeat.interval.ms = 3000
	interceptor.classes = []
	internal.leave.group.on.close = true
	internal.throw.on.fetch.stable.offset.unsupported = false
	isolation.level = read_uncommitted
	key.deserializer = class org.apache.kafka.common.serialization.StringDeserializer
	max.partition.fetch.bytes = 1048576
	max.poll.interval.ms = 300000
	max.poll.records = 500
	metadata.max.age.ms = 300000
	metadata.recovery.strategy = none
	metric.reporters = []
	metrics.num.samples = 2
	metrics.recording.level = INFO
	metrics.sample.window.ms = 30000
	partition.assignment.strategy = [class org.apache.kafka.clients.consumer.RangeAssignor, class org.apache.kafka.clients.consumer.CooperativeStickyAssignor]
	receive.buffer.bytes = 65536
	reconnect.backoff.max.ms = 1000
	reconnect.backoff.ms = 50
	request.timeout.ms = 5000
	retry.backoff.max.ms = 1000
	retry.backoff.ms = 100
	sasl.client.callback.handler.class = null
	sasl.jaas.config = null
	sasl.kerberos.kinit.cmd = /usr/bin/kinit
	sasl.kerberos.min.time.before.relogin = 60000
	sasl.kerberos.service.name = null
	sasl.kerberos.ticket.renew.jitter = 0.05
	sasl.kerberos.ticket.renew.window.factor = 0.8
	sasl.login.callback.handler.class = null
	sasl.login.class = null
	sasl.login.connect.timeout.ms = null
	sasl.login.read.timeout.ms = null
	sasl.login.refresh.buffer.seconds = 300
	sasl.login.refresh.min.period.seconds = 60
	sasl.login.refresh.window.factor = 0.8
	sasl.login.refresh.window.jitter = 0.05
	sasl.login.retry.backoff.max.ms = 10000
	sasl.login.retry.backoff.ms = 100
	sasl.mechanism = GSSAPI
	sasl.oauthbearer.clock.skew.seconds = 30
	sasl.oauthbearer.expected.audience = null
	sasl.oauthbearer.expected.issuer = null
	sasl.oauthbearer.header.urlencode = false
	sasl.oauthbearer.jwks.endpoint.refresh.ms = 3600000
	sasl.oauthbearer.jwks.endpoint.retry.backoff.max.ms = 10000
	sasl.oauthbearer.jwks.endpoint.retry.backoff.ms = 100
	sasl.oauthbearer.jwks.endpoint.url = null
	sasl.oauthbearer.scope.claim.name = scope
	sasl.oauthbearer.sub.claim.name = sub
	sasl.oauthbearer.token.endpoint.url = null
	security.protocol = PLAINTEXT
	security.providers = null
	send.buffer.bytes = 131072
	session.timeout.ms = 45000
	socket.connection.setup.timeout.max.ms = 30000
	socket.connection.setup.timeout.ms = 10000
	ssl.cipher.suites = null
	ssl.enabled.protocols = [TLSv1.2, TLSv1.3]
	ssl.endpoint.identification.algorithm = https
	ssl.engine.factory.class = null
	ssl.key.password = null
	ssl.keymanager.algorithm = SunX509
	ssl.keystore.certificate.chain = null
	ssl.keystore.key = null
	ssl.keystore.location = null
	ssl.keystore.password = null
	ssl.keystore.type = JKS
	ssl.protocol = TLSv1.3
	ssl.provider = null
	ssl.secure.random.implementation = null
	ssl.trustmanager.algorithm = PKIX
	ssl.truststore.certificates = null
	ssl.truststore.location = null
	ssl.truststore.password = null
	ssl.truststore.type = JKS
	value.deserializer = class io.apicurio.registry.serde.avro.AvroKafkaDeserializer

2025-08-12 14:53:17,752 INFO  [org.apa.kaf.com.tel.int.KafkaMetricsCollector] (main) initializing Kafka metrics collector
2025-08-12 14:53:17,757 INFO  [org.apa.kaf.cli.Metadata] (kafka-producer-network-thread | Producer-topic-6a702666_7cca_441e_9a02_b97435a269da) [Producer clientId=Producer-topic-6a702666_7cca_441e_9a02_b97435a269da] Cluster ID: XZZUcOHpSnyflE0hmwIDCg
2025-08-12 14:53:17,758 INFO  [org.apa.kaf.cli.pro.int.TransactionManager] (kafka-producer-network-thread | Producer-topic-6a702666_7cca_441e_9a02_b97435a269da) [Producer clientId=Producer-topic-6a702666_7cca_441e_9a02_b97435a269da] ProducerId set to 11 with epoch 0
2025-08-12 14:53:17,764 INFO  [org.apa.kaf.cli.con.ConsumerConfig] (main) These configurations '[apicurio.registry.url]' were supplied but are not used yet.
2025-08-12 14:53:17,764 INFO  [org.apa.kaf.com.uti.AppInfoParser] (main) Kafka version: 3.9.1
2025-08-12 14:53:17,764 INFO  [org.apa.kaf.com.uti.AppInfoParser] (main) Kafka commitId: f745dfdcee2b9851
2025-08-12 14:53:17,764 INFO  [org.apa.kaf.com.uti.AppInfoParser] (main) Kafka startTimeMs: 1755010397764
2025-08-12 14:53:17,767 INFO  [io.api.tes.ser.api.KafkaSerdesTester] (Thread-659) Sending message {"key11755010396667": "value-0"} to topic topic-6a702666_7cca_441e_9a02_b97435a269da
2025-08-12 14:53:17,773 INFO  [DefaultSchemaResolver] (Thread-659) Retrieving schema content using string: {"type":"record","name":"s2a4acab6xbbc4x4666xb6aaxd9f40511c4ef","namespace":"ns_e6cc8616_a068_4012_8f80_b33c881ef3b7","fields":[{"name":"key11755010396667","type":"string"}]}
2025-08-12 14:53:17,802 INFO  [io.api.tes.ser.api.KafkaSerdesTester] (Thread-659) Sending message {"key11755010396667": "value-1"} to topic topic-6a702666_7cca_441e_9a02_b97435a269da
2025-08-12 14:53:17,804 INFO  [io.api.tes.ser.api.KafkaSerdesTester] (Thread-659) Sending message {"key11755010396667": "value-2"} to topic topic-6a702666_7cca_441e_9a02_b97435a269da
2025-08-12 14:53:17,806 INFO  [io.api.tes.ser.api.KafkaSerdesTester] (Thread-659) Sending message {"key11755010396667": "value-3"} to topic topic-6a702666_7cca_441e_9a02_b97435a269da
2025-08-12 14:53:17,808 INFO  [io.api.tes.ser.api.KafkaSerdesTester] (Thread-659) Sending message {"key11755010396667": "value-4"} to topic topic-6a702666_7cca_441e_9a02_b97435a269da
2025-08-12 14:53:17,810 INFO  [io.api.tes.ser.api.KafkaSerdesTester] (Thread-659) Sending message {"key11755010396667": "value-5"} to topic topic-6a702666_7cca_441e_9a02_b97435a269da
2025-08-12 14:53:17,812 INFO  [io.api.tes.ser.api.KafkaSerdesTester] (Thread-659) Sending message {"key11755010396667": "value-6"} to topic topic-6a702666_7cca_441e_9a02_b97435a269da
2025-08-12 14:53:17,819 INFO  [io.api.tes.ser.api.KafkaSerdesTester] (Thread-659) Sending message {"key11755010396667": "value-7"} to topic topic-6a702666_7cca_441e_9a02_b97435a269da
2025-08-12 14:53:17,822 INFO  [io.api.tes.ser.api.KafkaSerdesTester] (Thread-659) Sending message {"key11755010396667": "value-8"} to topic topic-6a702666_7cca_441e_9a02_b97435a269da
2025-08-12 14:53:17,824 INFO  [io.api.tes.ser.api.KafkaSerdesTester] (Thread-659) Sending message {"key11755010396667": "value-9"} to topic topic-6a702666_7cca_441e_9a02_b97435a269da
2025-08-12 14:53:17,832 INFO  [io.api.tes.ser.api.KafkaSerdesTester] (Thread-659) Produced 10 messages
2025-08-12 14:53:17,834 INFO  [org.apa.kaf.cli.con.int.ClassicKafkaConsumer] (Thread-660) [Consumer clientId=consumer-Consumer-topic-6a702666_7cca_441e_9a02_b97435a269da-9, groupId=Consumer-topic-6a702666_7cca_441e_9a02_b97435a269da] Subscribed to topic(s): topic-6a702666_7cca_441e_9a02_b97435a269da
2025-08-12 14:53:17,841 INFO  [org.apa.kaf.cli.Metadata] (Thread-660) [Consumer clientId=consumer-Consumer-topic-6a702666_7cca_441e_9a02_b97435a269da-9, groupId=Consumer-topic-6a702666_7cca_441e_9a02_b97435a269da] Cluster ID: XZZUcOHpSnyflE0hmwIDCg
2025-08-12 14:53:17,844 INFO  [org.apa.kaf.cli.con.int.ConsumerCoordinator] (Thread-660) [Consumer clientId=consumer-Consumer-topic-6a702666_7cca_441e_9a02_b97435a269da-9, groupId=Consumer-topic-6a702666_7cca_441e_9a02_b97435a269da] Discovered group coordinator localhost:32769 (id: 2147483647 rack: null)
2025-08-12 14:53:17,849 INFO  [org.apa.kaf.cli.con.int.ConsumerCoordinator] (Thread-660) [Consumer clientId=consumer-Consumer-topic-6a702666_7cca_441e_9a02_b97435a269da-9, groupId=Consumer-topic-6a702666_7cca_441e_9a02_b97435a269da] (Re-)joining group
2025-08-12 14:53:17,851 INFO  [org.apa.kaf.cli.con.int.ConsumerCoordinator] (Thread-660) [Consumer clientId=consumer-Consumer-topic-6a702666_7cca_441e_9a02_b97435a269da-9, groupId=Consumer-topic-6a702666_7cca_441e_9a02_b97435a269da] Request joining group due to: need to re-join with the given member-id: consumer-Consumer-topic-6a702666_7cca_441e_9a02_b97435a269da-9-ffe7e142-7435-42cf-b5e7-b1e42b90d26b
2025-08-12 14:53:17,852 INFO  [org.apa.kaf.cli.con.int.ConsumerCoordinator] (Thread-660) [Consumer clientId=consumer-Consumer-topic-6a702666_7cca_441e_9a02_b97435a269da-9, groupId=Consumer-topic-6a702666_7cca_441e_9a02_b97435a269da] (Re-)joining group
2025-08-12 14:53:18,834 INFO  [io.api.tes.ser.api.KafkaSerdesTester] (Thread-660) None found
2025-08-12 14:53:19,834 INFO  [io.api.tes.ser.api.KafkaSerdesTester] (Thread-660) None found
2025-08-12 14:53:20,834 INFO  [io.api.tes.ser.api.KafkaSerdesTester] (Thread-660) None found
2025-08-12 14:53:20,854 INFO  [org.apa.kaf.cli.con.int.ConsumerCoordinator] (Thread-660) [Consumer clientId=consumer-Consumer-topic-6a702666_7cca_441e_9a02_b97435a269da-9, groupId=Consumer-topic-6a702666_7cca_441e_9a02_b97435a269da] Successfully joined group with generation Generation{generationId=1, memberId='consumer-Consumer-topic-6a702666_7cca_441e_9a02_b97435a269da-9-ffe7e142-7435-42cf-b5e7-b1e42b90d26b', protocol='range'}
2025-08-12 14:53:20,855 INFO  [org.apa.kaf.cli.con.int.ConsumerCoordinator] (Thread-660) [Consumer clientId=consumer-Consumer-topic-6a702666_7cca_441e_9a02_b97435a269da-9, groupId=Consumer-topic-6a702666_7cca_441e_9a02_b97435a269da] Finished assignment for group at generation 1: {consumer-Consumer-topic-6a702666_7cca_441e_9a02_b97435a269da-9-ffe7e142-7435-42cf-b5e7-b1e42b90d26b=Assignment(partitions=[topic-6a702666_7cca_441e_9a02_b97435a269da-0])}
2025-08-12 14:53:20,861 INFO  [org.apa.kaf.cli.con.int.ConsumerCoordinator] (Thread-660) [Consumer clientId=consumer-Consumer-topic-6a702666_7cca_441e_9a02_b97435a269da-9, groupId=Consumer-topic-6a702666_7cca_441e_9a02_b97435a269da] Successfully synced group in generation Generation{generationId=1, memberId='consumer-Consumer-topic-6a702666_7cca_441e_9a02_b97435a269da-9-ffe7e142-7435-42cf-b5e7-b1e42b90d26b', protocol='range'}
2025-08-12 14:53:20,861 INFO  [org.apa.kaf.cli.con.int.ConsumerCoordinator] (Thread-660) [Consumer clientId=consumer-Consumer-topic-6a702666_7cca_441e_9a02_b97435a269da-9, groupId=Consumer-topic-6a702666_7cca_441e_9a02_b97435a269da] Notifying assignor about the new Assignment(partitions=[topic-6a702666_7cca_441e_9a02_b97435a269da-0])
2025-08-12 14:53:20,861 INFO  [org.apa.kaf.cli.con.int.ConsumerRebalanceListenerInvoker] (Thread-660) [Consumer clientId=consumer-Consumer-topic-6a702666_7cca_441e_9a02_b97435a269da-9, groupId=Consumer-topic-6a702666_7cca_441e_9a02_b97435a269da] Adding newly assigned partitions: topic-6a702666_7cca_441e_9a02_b97435a269da-0
2025-08-12 14:53:20,862 INFO  [org.apa.kaf.cli.con.int.ConsumerCoordinator] (Thread-660) [Consumer clientId=consumer-Consumer-topic-6a702666_7cca_441e_9a02_b97435a269da-9, groupId=Consumer-topic-6a702666_7cca_441e_9a02_b97435a269da] Found no committed offset for partition topic-6a702666_7cca_441e_9a02_b97435a269da-0
2025-08-12 14:53:20,870 INFO  [org.apa.kaf.cli.con.int.SubscriptionState] (Thread-660) [Consumer clientId=consumer-Consumer-topic-6a702666_7cca_441e_9a02_b97435a269da-9, groupId=Consumer-topic-6a702666_7cca_441e_9a02_b97435a269da] Resetting offset for partition topic-6a702666_7cca_441e_9a02_b97435a269da-0 to position FetchPosition{offset=0, offsetEpoch=Optional.empty, currentLeader=LeaderAndEpoch{leader=Optional[localhost:32769 (id: 0 rack: null)], epoch=0}}.
2025-08-12 14:53:20,991 INFO  [io.api.tes.ser.api.KafkaSerdesTester] (Thread-660) topic-6a702666_7cca_441e_9a02_b97435a269da 0 0 {"key11755010396667": "value-0"}
2025-08-12 14:53:20,991 INFO  [io.api.tes.ser.api.KafkaSerdesTester] (Thread-660) topic-6a702666_7cca_441e_9a02_b97435a269da 0 1 {"key11755010396667": "value-1"}
2025-08-12 14:53:20,991 INFO  [io.api.tes.ser.api.KafkaSerdesTester] (Thread-660) topic-6a702666_7cca_441e_9a02_b97435a269da 0 2 {"key11755010396667": "value-2"}
2025-08-12 14:53:20,991 INFO  [io.api.tes.ser.api.KafkaSerdesTester] (Thread-660) topic-6a702666_7cca_441e_9a02_b97435a269da 0 3 {"key11755010396667": "value-3"}
2025-08-12 14:53:20,992 INFO  [io.api.tes.ser.api.KafkaSerdesTester] (Thread-660) topic-6a702666_7cca_441e_9a02_b97435a269da 0 4 {"key11755010396667": "value-4"}
2025-08-12 14:53:20,992 INFO  [io.api.tes.ser.api.KafkaSerdesTester] (Thread-660) topic-6a702666_7cca_441e_9a02_b97435a269da 0 5 {"key11755010396667": "value-5"}
2025-08-12 14:53:20,992 INFO  [io.api.tes.ser.api.KafkaSerdesTester] (Thread-660) topic-6a702666_7cca_441e_9a02_b97435a269da 0 6 {"key11755010396667": "value-6"}
2025-08-12 14:53:20,992 INFO  [io.api.tes.ser.api.KafkaSerdesTester] (Thread-660) topic-6a702666_7cca_441e_9a02_b97435a269da 0 7 {"key11755010396667": "value-7"}
2025-08-12 14:53:20,992 INFO  [io.api.tes.ser.api.KafkaSerdesTester] (Thread-660) topic-6a702666_7cca_441e_9a02_b97435a269da 0 8 {"key11755010396667": "value-8"}
2025-08-12 14:53:20,992 INFO  [io.api.tes.ser.api.KafkaSerdesTester] (Thread-660) topic-6a702666_7cca_441e_9a02_b97435a269da 0 9 {"key11755010396667": "value-9"}
2025-08-12 14:53:20,992 INFO  [io.api.tes.ser.api.KafkaSerdesTester] (Thread-660) Consumed 10 messages
2025-08-12 14:53:20,992 INFO  [io.api.tes.ser.api.AvroSerdeIT] (main) Registering Avro Schema 2: {"type":"record","name":"s2a4acab6xbbc4x4666xb6aaxd9f40511c4ef","namespace":"ns_e6cc8616_a068_4012_8f80_b33c881ef3b7","fields":[{"name":"key11755010396667","type":"string"},{"name":"key21755010400992","type":"string"}]}
2025-08-12 14:53:22,054 INFO  [io.api.tes.ser.api.KafkaSerdesTester] (Thread-661) Sending message {"key11755010396667": "value-0", "key21755010400992": "value-0"} to topic topic-6a702666_7cca_441e_9a02_b97435a269da
2025-08-12 14:53:22,054 INFO  [DefaultSchemaResolver] (Thread-661) Retrieving schema content using string: {"type":"record","name":"s2a4acab6xbbc4x4666xb6aaxd9f40511c4ef","namespace":"ns_e6cc8616_a068_4012_8f80_b33c881ef3b7","fields":[{"name":"key11755010396667","type":"string"},{"name":"key21755010400992","type":"string"}]}
2025-08-12 14:53:22,082 INFO  [io.api.tes.ser.api.KafkaSerdesTester] (Thread-661) Sending message {"key11755010396667": "value-1", "key21755010400992": "value-1"} to topic topic-6a702666_7cca_441e_9a02_b97435a269da
2025-08-12 14:53:22,084 INFO  [io.api.tes.ser.api.KafkaSerdesTester] (Thread-661) Sending message {"key11755010396667": "value-2", "key21755010400992": "value-2"} to topic topic-6a702666_7cca_441e_9a02_b97435a269da
2025-08-12 14:53:22,088 INFO  [io.api.tes.ser.api.KafkaSerdesTester] (Thread-661) Sending message {"key11755010396667": "value-3", "key21755010400992": "value-3"} to topic topic-6a702666_7cca_441e_9a02_b97435a269da
2025-08-12 14:53:22,091 INFO  [io.api.tes.ser.api.KafkaSerdesTester] (Thread-661) Sending message {"key11755010396667": "value-4", "key21755010400992": "value-4"} to topic topic-6a702666_7cca_441e_9a02_b97435a269da
2025-08-12 14:53:22,095 INFO  [io.api.tes.ser.api.KafkaSerdesTester] (Thread-661) Sending message {"key11755010396667": "value-5", "key21755010400992": "value-5"} to topic topic-6a702666_7cca_441e_9a02_b97435a269da
2025-08-12 14:53:22,099 INFO  [io.api.tes.ser.api.KafkaSerdesTester] (Thread-661) Sending message {"key11755010396667": "value-6", "key21755010400992": "value-6"} to topic topic-6a702666_7cca_441e_9a02_b97435a269da
2025-08-12 14:53:22,102 INFO  [io.api.tes.ser.api.KafkaSerdesTester] (Thread-661) Sending message {"key11755010396667": "value-7", "key21755010400992": "value-7"} to topic topic-6a702666_7cca_441e_9a02_b97435a269da
2025-08-12 14:53:22,106 INFO  [io.api.tes.ser.api.KafkaSerdesTester] (Thread-661) Sending message {"key11755010396667": "value-8", "key21755010400992": "value-8"} to topic topic-6a702666_7cca_441e_9a02_b97435a269da
2025-08-12 14:53:22,108 INFO  [io.api.tes.ser.api.KafkaSerdesTester] (Thread-661) Sending message {"key11755010396667": "value-9", "key21755010400992": "value-9"} to topic topic-6a702666_7cca_441e_9a02_b97435a269da
2025-08-12 14:53:22,110 INFO  [io.api.tes.ser.api.KafkaSerdesTester] (Thread-661) Produced 10 messages
2025-08-12 14:53:22,110 INFO  [io.api.tes.ser.api.KafkaSerdesTester] (Thread-662) Sending message {"key11755010396667": "value-0"} to topic topic-6a702666_7cca_441e_9a02_b97435a269da
2025-08-12 14:53:22,112 INFO  [io.api.tes.ser.api.KafkaSerdesTester] (Thread-662) Sending message {"key11755010396667": "value-1"} to topic topic-6a702666_7cca_441e_9a02_b97435a269da
2025-08-12 14:53:22,114 INFO  [io.api.tes.ser.api.KafkaSerdesTester] (Thread-662) Sending message {"key11755010396667": "value-2"} to topic topic-6a702666_7cca_441e_9a02_b97435a269da
2025-08-12 14:53:22,115 INFO  [io.api.tes.ser.api.KafkaSerdesTester] (Thread-662) Sending message {"key11755010396667": "value-3"} to topic topic-6a702666_7cca_441e_9a02_b97435a269da
2025-08-12 14:53:22,116 INFO  [io.api.tes.ser.api.KafkaSerdesTester] (Thread-662) Sending message {"key11755010396667": "value-4"} to topic topic-6a702666_7cca_441e_9a02_b97435a269da
2025-08-12 14:53:22,118 INFO  [io.api.tes.ser.api.KafkaSerdesTester] (Thread-662) Sending message {"key11755010396667": "value-5"} to topic topic-6a702666_7cca_441e_9a02_b97435a269da
2025-08-12 14:53:22,119 INFO  [io.api.tes.ser.api.KafkaSerdesTester] (Thread-662) Sending message {"key11755010396667": "value-6"} to topic topic-6a702666_7cca_441e_9a02_b97435a269da
2025-08-12 14:53:22,122 INFO  [io.api.tes.ser.api.KafkaSerdesTester] (Thread-662) Sending message {"key11755010396667": "value-7"} to topic topic-6a702666_7cca_441e_9a02_b97435a269da
2025-08-12 14:53:22,124 INFO  [io.api.tes.ser.api.KafkaSerdesTester] (Thread-662) Sending message {"key11755010396667": "value-8"} to topic topic-6a702666_7cca_441e_9a02_b97435a269da
2025-08-12 14:53:22,126 INFO  [io.api.tes.ser.api.KafkaSerdesTester] (Thread-662) Sending message {"key11755010396667": "value-9"} to topic topic-6a702666_7cca_441e_9a02_b97435a269da
2025-08-12 14:53:22,127 INFO  [io.api.tes.ser.api.KafkaSerdesTester] (Thread-662) Produced 10 messages
2025-08-12 14:53:22,131 INFO  [org.apa.kaf.cli.con.int.ClassicKafkaConsumer] (Thread-663) [Consumer clientId=consumer-Consumer-topic-6a702666_7cca_441e_9a02_b97435a269da-9, groupId=Consumer-topic-6a702666_7cca_441e_9a02_b97435a269da] Subscribed to topic(s): topic-6a702666_7cca_441e_9a02_b97435a269da
2025-08-12 14:53:22,160 INFO  [io.api.tes.ser.api.KafkaSerdesTester] (Thread-663) topic-6a702666_7cca_441e_9a02_b97435a269da 0 10 {"key11755010396667": "value-0", "key21755010400992": "value-0"}
2025-08-12 14:53:22,160 INFO  [io.api.tes.ser.api.KafkaSerdesTester] (Thread-663) topic-6a702666_7cca_441e_9a02_b97435a269da 0 11 {"key11755010396667": "value-1", "key21755010400992": "value-1"}
2025-08-12 14:53:22,160 INFO  [io.api.tes.ser.api.KafkaSerdesTester] (Thread-663) topic-6a702666_7cca_441e_9a02_b97435a269da 0 12 {"key11755010396667": "value-2", "key21755010400992": "value-2"}
2025-08-12 14:53:22,160 INFO  [io.api.tes.ser.api.KafkaSerdesTester] (Thread-663) topic-6a702666_7cca_441e_9a02_b97435a269da 0 13 {"key11755010396667": "value-3", "key21755010400992": "value-3"}
2025-08-12 14:53:22,160 INFO  [io.api.tes.ser.api.KafkaSerdesTester] (Thread-663) topic-6a702666_7cca_441e_9a02_b97435a269da 0 14 {"key11755010396667": "value-4", "key21755010400992": "value-4"}
2025-08-12 14:53:22,160 INFO  [io.api.tes.ser.api.KafkaSerdesTester] (Thread-663) topic-6a702666_7cca_441e_9a02_b97435a269da 0 15 {"key11755010396667": "value-5", "key21755010400992": "value-5"}
2025-08-12 14:53:22,161 INFO  [io.api.tes.ser.api.KafkaSerdesTester] (Thread-663) topic-6a702666_7cca_441e_9a02_b97435a269da 0 16 {"key11755010396667": "value-6", "key21755010400992": "value-6"}
2025-08-12 14:53:22,161 INFO  [io.api.tes.ser.api.KafkaSerdesTester] (Thread-663) topic-6a702666_7cca_441e_9a02_b97435a269da 0 17 {"key11755010396667": "value-7", "key21755010400992": "value-7"}
2025-08-12 14:53:22,162 INFO  [io.api.tes.ser.api.KafkaSerdesTester] (Thread-663) topic-6a702666_7cca_441e_9a02_b97435a269da 0 18 {"key11755010396667": "value-8", "key21755010400992": "value-8"}
2025-08-12 14:53:22,162 INFO  [io.api.tes.ser.api.KafkaSerdesTester] (Thread-663) topic-6a702666_7cca_441e_9a02_b97435a269da 0 19 {"key11755010396667": "value-9", "key21755010400992": "value-9"}
2025-08-12 14:53:22,162 INFO  [io.api.tes.ser.api.KafkaSerdesTester] (Thread-663) topic-6a702666_7cca_441e_9a02_b97435a269da 0 20 {"key11755010396667": "value-0"}
2025-08-12 14:53:22,162 INFO  [io.api.tes.ser.api.KafkaSerdesTester] (Thread-663) topic-6a702666_7cca_441e_9a02_b97435a269da 0 21 {"key11755010396667": "value-1"}
2025-08-12 14:53:22,162 INFO  [io.api.tes.ser.api.KafkaSerdesTester] (Thread-663) topic-6a702666_7cca_441e_9a02_b97435a269da 0 22 {"key11755010396667": "value-2"}
2025-08-12 14:53:22,162 INFO  [io.api.tes.ser.api.KafkaSerdesTester] (Thread-663) topic-6a702666_7cca_441e_9a02_b97435a269da 0 23 {"key11755010396667": "value-3"}
2025-08-12 14:53:22,162 INFO  [io.api.tes.ser.api.KafkaSerdesTester] (Thread-663) topic-6a702666_7cca_441e_9a02_b97435a269da 0 24 {"key11755010396667": "value-4"}
2025-08-12 14:53:22,162 INFO  [io.api.tes.ser.api.KafkaSerdesTester] (Thread-663) topic-6a702666_7cca_441e_9a02_b97435a269da 0 25 {"key11755010396667": "value-5"}
2025-08-12 14:53:22,162 INFO  [io.api.tes.ser.api.KafkaSerdesTester] (Thread-663) topic-6a702666_7cca_441e_9a02_b97435a269da 0 26 {"key11755010396667": "value-6"}
2025-08-12 14:53:22,162 INFO  [io.api.tes.ser.api.KafkaSerdesTester] (Thread-663) topic-6a702666_7cca_441e_9a02_b97435a269da 0 27 {"key11755010396667": "value-7"}
2025-08-12 14:53:22,162 INFO  [io.api.tes.ser.api.KafkaSerdesTester] (Thread-663) topic-6a702666_7cca_441e_9a02_b97435a269da 0 28 {"key11755010396667": "value-8"}
2025-08-12 14:53:22,162 INFO  [io.api.tes.ser.api.KafkaSerdesTester] (Thread-663) topic-6a702666_7cca_441e_9a02_b97435a269da 0 29 {"key11755010396667": "value-9"}
2025-08-12 14:53:22,162 INFO  [io.api.tes.ser.api.KafkaSerdesTester] (Thread-663) Consumed 20 messages
2025-08-12 14:53:22,164 INFO  [io.api.tes.ser.api.AvroSerdeIT] (main) Registering Avro Schema 3: {"type":"record","name":"s2a4acab6xbbc4x4666xb6aaxd9f40511c4ef","namespace":"ns_e6cc8616_a068_4012_8f80_b33c881ef3b7","fields":[{"name":"key11755010396667","type":"string"},{"name":"key21755010400992","type":"string"},{"name":"key31755010402164","type":"string"}]}
2025-08-12 14:53:23,221 INFO  [io.api.tes.ser.api.KafkaSerdesTester] (Thread-664) Sending message {"key11755010396667": "value-0", "key21755010400992": "value-0", "key31755010402164": "value-0"} to topic topic-6a702666_7cca_441e_9a02_b97435a269da
2025-08-12 14:53:23,222 INFO  [DefaultSchemaResolver] (Thread-664) Retrieving schema content using string: {"type":"record","name":"s2a4acab6xbbc4x4666xb6aaxd9f40511c4ef","namespace":"ns_e6cc8616_a068_4012_8f80_b33c881ef3b7","fields":[{"name":"key11755010396667","type":"string"},{"name":"key21755010400992","type":"string"},{"name":"key31755010402164","type":"string"}]}
2025-08-12 14:53:23,242 INFO  [io.api.tes.ser.api.KafkaSerdesTester] (Thread-664) Sending message {"key11755010396667": "value-1", "key21755010400992": "value-1", "key31755010402164": "value-1"} to topic topic-6a702666_7cca_441e_9a02_b97435a269da
2025-08-12 14:53:23,245 INFO  [io.api.tes.ser.api.KafkaSerdesTester] (Thread-664) Sending message {"key11755010396667": "value-2", "key21755010400992": "value-2", "key31755010402164": "value-2"} to topic topic-6a702666_7cca_441e_9a02_b97435a269da
2025-08-12 14:53:23,247 INFO  [io.api.tes.ser.api.KafkaSerdesTester] (Thread-664) Sending message {"key11755010396667": "value-3", "key21755010400992": "value-3", "key31755010402164": "value-3"} to topic topic-6a702666_7cca_441e_9a02_b97435a269da
2025-08-12 14:53:23,249 INFO  [io.api.tes.ser.api.KafkaSerdesTester] (Thread-664) Sending message {"key11755010396667": "value-4", "key21755010400992": "value-4", "key31755010402164": "value-4"} to topic topic-6a702666_7cca_441e_9a02_b97435a269da
2025-08-12 14:53:23,251 INFO  [io.api.tes.ser.api.KafkaSerdesTester] (Thread-664) Sending message {"key11755010396667": "value-5", "key21755010400992": "value-5", "key31755010402164": "value-5"} to topic topic-6a702666_7cca_441e_9a02_b97435a269da
2025-08-12 14:53:23,252 INFO  [io.api.tes.ser.api.KafkaSerdesTester] (Thread-664) Sending message {"key11755010396667": "value-6", "key21755010400992": "value-6", "key31755010402164": "value-6"} to topic topic-6a702666_7cca_441e_9a02_b97435a269da
2025-08-12 14:53:23,253 INFO  [io.api.tes.ser.api.KafkaSerdesTester] (Thread-664) Sending message {"key11755010396667": "value-7", "key21755010400992": "value-7", "key31755010402164": "value-7"} to topic topic-6a702666_7cca_441e_9a02_b97435a269da
2025-08-12 14:53:23,255 INFO  [io.api.tes.ser.api.KafkaSerdesTester] (Thread-664) Sending message {"key11755010396667": "value-8", "key21755010400992": "value-8", "key31755010402164": "value-8"} to topic topic-6a702666_7cca_441e_9a02_b97435a269da
2025-08-12 14:53:23,257 INFO  [io.api.tes.ser.api.KafkaSerdesTester] (Thread-664) Sending message {"key11755010396667": "value-9", "key21755010400992": "value-9", "key31755010402164": "value-9"} to topic topic-6a702666_7cca_441e_9a02_b97435a269da
2025-08-12 14:53:23,258 INFO  [io.api.tes.ser.api.KafkaSerdesTester] (Thread-664) Produced 10 messages
2025-08-12 14:53:23,258 INFO  [io.api.tes.ser.api.KafkaSerdesTester] (Thread-665) Sending message {"key11755010396667": "value-0", "key21755010400992": "value-0"} to topic topic-6a702666_7cca_441e_9a02_b97435a269da
2025-08-12 14:53:23,260 INFO  [io.api.tes.ser.api.KafkaSerdesTester] (Thread-665) Sending message {"key11755010396667": "value-1", "key21755010400992": "value-1"} to topic topic-6a702666_7cca_441e_9a02_b97435a269da
2025-08-12 14:53:23,262 INFO  [io.api.tes.ser.api.KafkaSerdesTester] (Thread-665) Sending message {"key11755010396667": "value-2", "key21755010400992": "value-2"} to topic topic-6a702666_7cca_441e_9a02_b97435a269da
2025-08-12 14:53:23,263 INFO  [io.api.tes.ser.api.KafkaSerdesTester] (Thread-665) Sending message {"key11755010396667": "value-3", "key21755010400992": "value-3"} to topic topic-6a702666_7cca_441e_9a02_b97435a269da
2025-08-12 14:53:23,264 INFO  [io.api.tes.ser.api.KafkaSerdesTester] (Thread-665) Sending message {"key11755010396667": "value-4", "key21755010400992": "value-4"} to topic topic-6a702666_7cca_441e_9a02_b97435a269da
2025-08-12 14:53:23,266 INFO  [io.api.tes.ser.api.KafkaSerdesTester] (Thread-665) Sending message {"key11755010396667": "value-5", "key21755010400992": "value-5"} to topic topic-6a702666_7cca_441e_9a02_b97435a269da
2025-08-12 14:53:23,267 INFO  [io.api.tes.ser.api.KafkaSerdesTester] (Thread-665) Sending message {"key11755010396667": "value-6", "key21755010400992": "value-6"} to topic topic-6a702666_7cca_441e_9a02_b97435a269da
2025-08-12 14:53:23,268 INFO  [io.api.tes.ser.api.KafkaSerdesTester] (Thread-665) Sending message {"key11755010396667": "value-7", "key21755010400992": "value-7"} to topic topic-6a702666_7cca_441e_9a02_b97435a269da
2025-08-12 14:53:23,275 INFO  [io.api.tes.ser.api.KafkaSerdesTester] (Thread-665) Sending message {"key11755010396667": "value-8", "key21755010400992": "value-8"} to topic topic-6a702666_7cca_441e_9a02_b97435a269da
2025-08-12 14:53:23,277 INFO  [io.api.tes.ser.api.KafkaSerdesTester] (Thread-665) Sending message {"key11755010396667": "value-9", "key21755010400992": "value-9"} to topic topic-6a702666_7cca_441e_9a02_b97435a269da
2025-08-12 14:53:23,278 INFO  [io.api.tes.ser.api.KafkaSerdesTester] (Thread-665) Produced 10 messages
2025-08-12 14:53:23,279 INFO  [io.api.tes.ser.api.KafkaSerdesTester] (Thread-666) Sending message {"key11755010396667": "value-0"} to topic topic-6a702666_7cca_441e_9a02_b97435a269da
2025-08-12 14:53:23,281 INFO  [io.api.tes.ser.api.KafkaSerdesTester] (Thread-666) Sending message {"key11755010396667": "value-1"} to topic topic-6a702666_7cca_441e_9a02_b97435a269da
2025-08-12 14:53:23,282 INFO  [io.api.tes.ser.api.KafkaSerdesTester] (Thread-666) Sending message {"key11755010396667": "value-2"} to topic topic-6a702666_7cca_441e_9a02_b97435a269da
2025-08-12 14:53:23,284 INFO  [io.api.tes.ser.api.KafkaSerdesTester] (Thread-666) Sending message {"key11755010396667": "value-3"} to topic topic-6a702666_7cca_441e_9a02_b97435a269da
2025-08-12 14:53:23,286 INFO  [io.api.tes.ser.api.KafkaSerdesTester] (Thread-666) Sending message {"key11755010396667": "value-4"} to topic topic-6a702666_7cca_441e_9a02_b97435a269da
2025-08-12 14:53:23,287 INFO  [io.api.tes.ser.api.KafkaSerdesTester] (Thread-666) Sending message {"key11755010396667": "value-5"} to topic topic-6a702666_7cca_441e_9a02_b97435a269da
2025-08-12 14:53:23,288 INFO  [io.api.tes.ser.api.KafkaSerdesTester] (Thread-666) Sending message {"key11755010396667": "value-6"} to topic topic-6a702666_7cca_441e_9a02_b97435a269da
2025-08-12 14:53:23,290 INFO  [io.api.tes.ser.api.KafkaSerdesTester] (Thread-666) Sending message {"key11755010396667": "value-7"} to topic topic-6a702666_7cca_441e_9a02_b97435a269da
2025-08-12 14:53:23,291 INFO  [io.api.tes.ser.api.KafkaSerdesTester] (Thread-666) Sending message {"key11755010396667": "value-8"} to topic topic-6a702666_7cca_441e_9a02_b97435a269da
2025-08-12 14:53:23,294 INFO  [io.api.tes.ser.api.KafkaSerdesTester] (Thread-666) Sending message {"key11755010396667": "value-9"} to topic topic-6a702666_7cca_441e_9a02_b97435a269da
2025-08-12 14:53:23,297 INFO  [io.api.tes.ser.api.KafkaSerdesTester] (Thread-666) Produced 10 messages
2025-08-12 14:53:23,298 INFO  [org.apa.kaf.cli.con.int.ClassicKafkaConsumer] (Thread-667) [Consumer clientId=consumer-Consumer-topic-6a702666_7cca_441e_9a02_b97435a269da-9, groupId=Consumer-topic-6a702666_7cca_441e_9a02_b97435a269da] Subscribed to topic(s): topic-6a702666_7cca_441e_9a02_b97435a269da
2025-08-12 14:53:23,328 INFO  [io.api.tes.ser.api.KafkaSerdesTester] (Thread-667) topic-6a702666_7cca_441e_9a02_b97435a269da 0 30 {"key11755010396667": "value-0", "key21755010400992": "value-0", "key31755010402164": "value-0"}
2025-08-12 14:53:23,328 INFO  [io.api.tes.ser.api.KafkaSerdesTester] (Thread-667) topic-6a702666_7cca_441e_9a02_b97435a269da 0 31 {"key11755010396667": "value-1", "key21755010400992": "value-1", "key31755010402164": "value-1"}
2025-08-12 14:53:23,329 INFO  [io.api.tes.ser.api.KafkaSerdesTester] (Thread-667) topic-6a702666_7cca_441e_9a02_b97435a269da 0 32 {"key11755010396667": "value-2", "key21755010400992": "value-2", "key31755010402164": "value-2"}
2025-08-12 14:53:23,329 INFO  [io.api.tes.ser.api.KafkaSerdesTester] (Thread-667) topic-6a702666_7cca_441e_9a02_b97435a269da 0 33 {"key11755010396667": "value-3", "key21755010400992": "value-3", "key31755010402164": "value-3"}
2025-08-12 14:53:23,329 INFO  [io.api.tes.ser.api.KafkaSerdesTester] (Thread-667) topic-6a702666_7cca_441e_9a02_b97435a269da 0 34 {"key11755010396667": "value-4", "key21755010400992": "value-4", "key31755010402164": "value-4"}
2025-08-12 14:53:23,329 INFO  [io.api.tes.ser.api.KafkaSerdesTester] (Thread-667) topic-6a702666_7cca_441e_9a02_b97435a269da 0 35 {"key11755010396667": "value-5", "key21755010400992": "value-5", "key31755010402164": "value-5"}
2025-08-12 14:53:23,329 INFO  [io.api.tes.ser.api.KafkaSerdesTester] (Thread-667) topic-6a702666_7cca_441e_9a02_b97435a269da 0 36 {"key11755010396667": "value-6", "key21755010400992": "value-6", "key31755010402164": "value-6"}
2025-08-12 14:53:23,330 INFO  [io.api.tes.ser.api.KafkaSerdesTester] (Thread-667) topic-6a702666_7cca_441e_9a02_b97435a269da 0 37 {"key11755010396667": "value-7", "key21755010400992": "value-7", "key31755010402164": "value-7"}
2025-08-12 14:53:23,330 INFO  [io.api.tes.ser.api.KafkaSerdesTester] (Thread-667) topic-6a702666_7cca_441e_9a02_b97435a269da 0 38 {"key11755010396667": "value-8", "key21755010400992": "value-8", "key31755010402164": "value-8"}
2025-08-12 14:53:23,330 INFO  [io.api.tes.ser.api.KafkaSerdesTester] (Thread-667) topic-6a702666_7cca_441e_9a02_b97435a269da 0 39 {"key11755010396667": "value-9", "key21755010400992": "value-9", "key31755010402164": "value-9"}
2025-08-12 14:53:23,330 INFO  [io.api.tes.ser.api.KafkaSerdesTester] (Thread-667) topic-6a702666_7cca_441e_9a02_b97435a269da 0 40 {"key11755010396667": "value-0", "key21755010400992": "value-0"}
2025-08-12 14:53:23,330 INFO  [io.api.tes.ser.api.KafkaSerdesTester] (Thread-667) topic-6a702666_7cca_441e_9a02_b97435a269da 0 41 {"key11755010396667": "value-1", "key21755010400992": "value-1"}
2025-08-12 14:53:23,330 INFO  [io.api.tes.ser.api.KafkaSerdesTester] (Thread-667) topic-6a702666_7cca_441e_9a02_b97435a269da 0 42 {"key11755010396667": "value-2", "key21755010400992": "value-2"}
2025-08-12 14:53:23,330 INFO  [io.api.tes.ser.api.KafkaSerdesTester] (Thread-667) topic-6a702666_7cca_441e_9a02_b97435a269da 0 43 {"key11755010396667": "value-3", "key21755010400992": "value-3"}
2025-08-12 14:53:23,330 INFO  [io.api.tes.ser.api.KafkaSerdesTester] (Thread-667) topic-6a702666_7cca_441e_9a02_b97435a269da 0 44 {"key11755010396667": "value-4", "key21755010400992": "value-4"}
2025-08-12 14:53:23,330 INFO  [io.api.tes.ser.api.KafkaSerdesTester] (Thread-667) topic-6a702666_7cca_441e_9a02_b97435a269da 0 45 {"key11755010396667": "value-5", "key21755010400992": "value-5"}
2025-08-12 14:53:23,330 INFO  [io.api.tes.ser.api.KafkaSerdesTester] (Thread-667) topic-6a702666_7cca_441e_9a02_b97435a269da 0 46 {"key11755010396667": "value-6", "key21755010400992": "value-6"}
2025-08-12 14:53:23,330 INFO  [io.api.tes.ser.api.KafkaSerdesTester] (Thread-667) topic-6a702666_7cca_441e_9a02_b97435a269da 0 47 {"key11755010396667": "value-7", "key21755010400992": "value-7"}
2025-08-12 14:53:23,330 INFO  [io.api.tes.ser.api.KafkaSerdesTester] (Thread-667) topic-6a702666_7cca_441e_9a02_b97435a269da 0 48 {"key11755010396667": "value-8", "key21755010400992": "value-8"}
2025-08-12 14:53:23,330 INFO  [io.api.tes.ser.api.KafkaSerdesTester] (Thread-667) topic-6a702666_7cca_441e_9a02_b97435a269da 0 49 {"key11755010396667": "value-9", "key21755010400992": "value-9"}
2025-08-12 14:53:23,330 INFO  [io.api.tes.ser.api.KafkaSerdesTester] (Thread-667) topic-6a702666_7cca_441e_9a02_b97435a269da 0 50 {"key11755010396667": "value-0"}
2025-08-12 14:53:23,330 INFO  [io.api.tes.ser.api.KafkaSerdesTester] (Thread-667) topic-6a702666_7cca_441e_9a02_b97435a269da 0 51 {"key11755010396667": "value-1"}
2025-08-12 14:53:23,330 INFO  [io.api.tes.ser.api.KafkaSerdesTester] (Thread-667) topic-6a702666_7cca_441e_9a02_b97435a269da 0 52 {"key11755010396667": "value-2"}
2025-08-12 14:53:23,330 INFO  [io.api.tes.ser.api.KafkaSerdesTester] (Thread-667) topic-6a702666_7cca_441e_9a02_b97435a269da 0 53 {"key11755010396667": "value-3"}
2025-08-12 14:53:23,330 INFO  [io.api.tes.ser.api.KafkaSerdesTester] (Thread-667) topic-6a702666_7cca_441e_9a02_b97435a269da 0 54 {"key11755010396667": "value-4"}
2025-08-12 14:53:23,330 INFO  [io.api.tes.ser.api.KafkaSerdesTester] (Thread-667) topic-6a702666_7cca_441e_9a02_b97435a269da 0 55 {"key11755010396667": "value-5"}
2025-08-12 14:53:23,330 INFO  [io.api.tes.ser.api.KafkaSerdesTester] (Thread-667) topic-6a702666_7cca_441e_9a02_b97435a269da 0 56 {"key11755010396667": "value-6"}
2025-08-12 14:53:23,330 INFO  [io.api.tes.ser.api.KafkaSerdesTester] (Thread-667) topic-6a702666_7cca_441e_9a02_b97435a269da 0 57 {"key11755010396667": "value-7"}
2025-08-12 14:53:23,330 INFO  [io.api.tes.ser.api.KafkaSerdesTester] (Thread-667) topic-6a702666_7cca_441e_9a02_b97435a269da 0 58 {"key11755010396667": "value-8"}
2025-08-12 14:53:23,330 INFO  [io.api.tes.ser.api.KafkaSerdesTester] (Thread-667) topic-6a702666_7cca_441e_9a02_b97435a269da 0 59 {"key11755010396667": "value-9"}
2025-08-12 14:53:23,330 INFO  [io.api.tes.ser.api.KafkaSerdesTester] (Thread-667) Consumed 30 messages
2025-08-12 14:53:23,331 INFO  [org.apa.kaf.cli.pro.KafkaProducer] (main) [Producer clientId=Producer-topic-6a702666_7cca_441e_9a02_b97435a269da] Closing the Kafka producer with timeoutMillis = 9223372036854775807 ms.
2025-08-12 14:53:23,333 INFO  [org.apa.kaf.com.met.Metrics] (main) Metrics scheduler closed
2025-08-12 14:53:23,333 INFO  [org.apa.kaf.com.met.Metrics] (main) Closing reporter org.apache.kafka.common.metrics.JmxReporter
2025-08-12 14:53:23,333 INFO  [org.apa.kaf.com.met.Metrics] (main) Closing reporter org.apache.kafka.common.telemetry.internals.ClientTelemetryReporter
2025-08-12 14:53:23,333 INFO  [org.apa.kaf.com.met.Metrics] (main) Metrics reporters closed
2025-08-12 14:53:23,333 INFO  [org.apa.kaf.com.uti.AppInfoParser] (main) App info kafka.producer for Producer-topic-6a702666_7cca_441e_9a02_b97435a269da unregistered
2025-08-12 14:53:23,344 INFO  [org.apa.kaf.cli.con.int.ConsumerRebalanceListenerInvoker] (main) [Consumer clientId=consumer-Consumer-topic-6a702666_7cca_441e_9a02_b97435a269da-9, groupId=Consumer-topic-6a702666_7cca_441e_9a02_b97435a269da] Revoke previously assigned partitions topic-6a702666_7cca_441e_9a02_b97435a269da-0
2025-08-12 14:53:23,344 INFO  [org.apa.kaf.cli.con.int.ConsumerCoordinator] (main) [Consumer clientId=consumer-Consumer-topic-6a702666_7cca_441e_9a02_b97435a269da-9, groupId=Consumer-topic-6a702666_7cca_441e_9a02_b97435a269da] Member consumer-Consumer-topic-6a702666_7cca_441e_9a02_b97435a269da-9-ffe7e142-7435-42cf-b5e7-b1e42b90d26b sending LeaveGroup request to coordinator localhost:32769 (id: 2147483647 rack: null) due to the consumer is being closed
2025-08-12 14:53:23,344 INFO  [org.apa.kaf.cli.con.int.ConsumerCoordinator] (main) [Consumer clientId=consumer-Consumer-topic-6a702666_7cca_441e_9a02_b97435a269da-9, groupId=Consumer-topic-6a702666_7cca_441e_9a02_b97435a269da] Resetting generation and member id due to: consumer pro-actively leaving the group
2025-08-12 14:53:23,345 INFO  [org.apa.kaf.cli.con.int.ConsumerCoordinator] (main) [Consumer clientId=consumer-Consumer-topic-6a702666_7cca_441e_9a02_b97435a269da-9, groupId=Consumer-topic-6a702666_7cca_441e_9a02_b97435a269da] Request joining group due to: consumer pro-actively leaving the group
2025-08-12 14:53:23,831 INFO  [org.apa.kaf.com.met.Metrics] (main) Metrics scheduler closed
2025-08-12 14:53:23,831 INFO  [org.apa.kaf.com.met.Metrics] (main) Closing reporter org.apache.kafka.common.metrics.JmxReporter
2025-08-12 14:53:23,831 INFO  [org.apa.kaf.com.met.Metrics] (main) Closing reporter org.apache.kafka.common.telemetry.internals.ClientTelemetryReporter
2025-08-12 14:53:23,831 INFO  [org.apa.kaf.com.met.Metrics] (main) Metrics reporters closed
2025-08-12 14:53:23,833 INFO  [org.apa.kaf.com.uti.AppInfoParser] (main) App info kafka.consumer for consumer-Consumer-topic-6a702666_7cca_441e_9a02_b97435a269da-9 unregistered
2025-08-12 14:53:23,834 INFO  [io.api.tes.uti.TestSeparator] (main) io.apicurio.tests.serdes.apicurio.AvroSerdeIT.testEvolveAvroApicurioReusingClient-FINISHED
2025-08-12 14:53:23,834 INFO  [io.api.tes.uti.TestSeparator] (main) ############################################################################
Test passed: testEvolveAvroApicurioReusingClient
]]></system-out>
  </testcase>
  <testcase name="testProducerUsesDefaultConsumerUsesGlobalId" classname="io.apicurio.tests.serdes.apicurio.AvroSerdeIT" time="0.0">
    <skipped message="void io.apicurio.tests.serdes.apicurio.AvroSerdeIT.testProducerUsesDefaultConsumerUsesGlobalId() throws java.lang.Exception is @Disabled"/>
  </testcase>
  <testcase name="testEvolveAvroApicurio" classname="io.apicurio.tests.serdes.apicurio.AvroSerdeIT" time="14.453">
    <system-out><![CDATA[2025-08-12 14:53:23,837 INFO  [io.api.tes.uti.TestSeparator] (main) ############################################################################
2025-08-12 14:53:23,837 INFO  [io.api.tes.uti.TestSeparator] (main) io.apicurio.tests.serdes.apicurio.AvroSerdeIT.testEvolveAvroApicurio-STARTED
2025-08-12 14:53:23,838 INFO  [io.api.tes.ser.api.AvroSerdeIT] (main) Registering Avro Schema: {"type":"record","name":"s5b547f25x52a0x4357xb551xde38646ba831","namespace":"ns_0fc7c4e9_e7c8_4d6d_8a8c_4963a4629963","fields":[{"name":"key11755010403838","type":"string"}]}
**** Registry Base URL: http://registry-app-ksql047.apps.ci419.apicurio-testing.org:80
2025-08-12 14:53:24,914 INFO  [org.apa.kaf.cli.pro.ProducerConfig] (main) ProducerConfig values: 
	acks = -1
	auto.include.jmx.reporter = true
	batch.size = 16384
	bootstrap.servers = [PLAINTEXT://localhost:32769]
	buffer.memory = 33554432
	client.dns.lookup = use_all_dns_ips
	client.id = Producer-topic-f449b8e6_ab0f_4d9a_993f_5720f50f6709
	compression.gzip.level = -1
	compression.lz4.level = 9
	compression.type = none
	compression.zstd.level = 3
	connections.max.idle.ms = 10000
	delivery.timeout.ms = 120000
	enable.idempotence = true
	enable.metrics.push = true
	interceptor.classes = []
	key.serializer = class org.apache.kafka.common.serialization.StringSerializer
	linger.ms = 0
	max.block.ms = 60000
	max.in.flight.requests.per.connection = 5
	max.request.size = 1048576
	metadata.max.age.ms = 300000
	metadata.max.idle.ms = 300000
	metadata.recovery.strategy = none
	metric.reporters = []
	metrics.num.samples = 2
	metrics.recording.level = INFO
	metrics.sample.window.ms = 30000
	partitioner.adaptive.partitioning.enable = true
	partitioner.availability.timeout.ms = 0
	partitioner.class = null
	partitioner.ignore.keys = false
	receive.buffer.bytes = 32768
	reconnect.backoff.max.ms = 1000
	reconnect.backoff.ms = 50
	request.timeout.ms = 5000
	retries = 2147483647
	retry.backoff.max.ms = 1000
	retry.backoff.ms = 100
	sasl.client.callback.handler.class = null
	sasl.jaas.config = null
	sasl.kerberos.kinit.cmd = /usr/bin/kinit
	sasl.kerberos.min.time.before.relogin = 60000
	sasl.kerberos.service.name = null
	sasl.kerberos.ticket.renew.jitter = 0.05
	sasl.kerberos.ticket.renew.window.factor = 0.8
	sasl.login.callback.handler.class = null
	sasl.login.class = null
	sasl.login.connect.timeout.ms = null
	sasl.login.read.timeout.ms = null
	sasl.login.refresh.buffer.seconds = 300
	sasl.login.refresh.min.period.seconds = 60
	sasl.login.refresh.window.factor = 0.8
	sasl.login.refresh.window.jitter = 0.05
	sasl.login.retry.backoff.max.ms = 10000
	sasl.login.retry.backoff.ms = 100
	sasl.mechanism = GSSAPI
	sasl.oauthbearer.clock.skew.seconds = 30
	sasl.oauthbearer.expected.audience = null
	sasl.oauthbearer.expected.issuer = null
	sasl.oauthbearer.header.urlencode = false
	sasl.oauthbearer.jwks.endpoint.refresh.ms = 3600000
	sasl.oauthbearer.jwks.endpoint.retry.backoff.max.ms = 10000
	sasl.oauthbearer.jwks.endpoint.retry.backoff.ms = 100
	sasl.oauthbearer.jwks.endpoint.url = null
	sasl.oauthbearer.scope.claim.name = scope
	sasl.oauthbearer.sub.claim.name = sub
	sasl.oauthbearer.token.endpoint.url = null
	security.protocol = PLAINTEXT
	security.providers = null
	send.buffer.bytes = 131072
	socket.connection.setup.timeout.max.ms = 30000
	socket.connection.setup.timeout.ms = 10000
	ssl.cipher.suites = null
	ssl.enabled.protocols = [TLSv1.2, TLSv1.3]
	ssl.endpoint.identification.algorithm = https
	ssl.engine.factory.class = null
	ssl.key.password = null
	ssl.keymanager.algorithm = SunX509
	ssl.keystore.certificate.chain = null
	ssl.keystore.key = null
	ssl.keystore.location = null
	ssl.keystore.password = null
	ssl.keystore.type = JKS
	ssl.protocol = TLSv1.3
	ssl.provider = null
	ssl.secure.random.implementation = null
	ssl.trustmanager.algorithm = PKIX
	ssl.truststore.certificates = null
	ssl.truststore.location = null
	ssl.truststore.password = null
	ssl.truststore.type = JKS
	transaction.timeout.ms = 60000
	transactional.id = null
	value.serializer = class io.apicurio.registry.serde.avro.AvroKafkaSerializer

2025-08-12 14:53:24,915 INFO  [org.apa.kaf.com.tel.int.KafkaMetricsCollector] (main) initializing Kafka metrics collector
2025-08-12 14:53:24,918 INFO  [org.apa.kaf.cli.pro.KafkaProducer] (main) [Producer clientId=Producer-topic-f449b8e6_ab0f_4d9a_993f_5720f50f6709] Instantiated an idempotent producer.
2025-08-12 14:53:24,921 INFO  [org.apa.kaf.cli.pro.ProducerConfig] (main) These configurations '[apicurio.registry.url, apicurio.registry.artifact-resolver-strategy]' were supplied but are not used yet.
2025-08-12 14:53:24,921 INFO  [org.apa.kaf.com.uti.AppInfoParser] (main) Kafka version: 3.9.1
2025-08-12 14:53:24,921 INFO  [org.apa.kaf.com.uti.AppInfoParser] (main) Kafka commitId: f745dfdcee2b9851
2025-08-12 14:53:24,921 INFO  [org.apa.kaf.com.uti.AppInfoParser] (main) Kafka startTimeMs: 1755010404921
**** Registry Base URL: http://registry-app-ksql047.apps.ci419.apicurio-testing.org:80
2025-08-12 14:53:24,924 INFO  [org.apa.kaf.cli.con.ConsumerConfig] (main) ConsumerConfig values: 
	allow.auto.create.topics = true
	auto.commit.interval.ms = 500
	auto.include.jmx.reporter = true
	auto.offset.reset = earliest
	bootstrap.servers = [PLAINTEXT://localhost:32769]
	check.crcs = true
	client.dns.lookup = use_all_dns_ips
	client.id = consumer-Consumer-topic-f449b8e6_ab0f_4d9a_993f_5720f50f6709-10
	client.rack = 
	connections.max.idle.ms = 10000
	default.api.timeout.ms = 60000
	enable.auto.commit = true
	enable.metrics.push = true
	exclude.internal.topics = true
	fetch.max.bytes = 52428800
	fetch.max.wait.ms = 500
	fetch.min.bytes = 1
	group.id = Consumer-topic-f449b8e6_ab0f_4d9a_993f_5720f50f6709
	group.instance.id = null
	group.protocol = classic
	group.remote.assignor = null
	heartbeat.interval.ms = 3000
	interceptor.classes = []
	internal.leave.group.on.close = true
	internal.throw.on.fetch.stable.offset.unsupported = false
	isolation.level = read_uncommitted
	key.deserializer = class org.apache.kafka.common.serialization.StringDeserializer
	max.partition.fetch.bytes = 1048576
	max.poll.interval.ms = 300000
	max.poll.records = 500
	metadata.max.age.ms = 300000
	metadata.recovery.strategy = none
	metric.reporters = []
	metrics.num.samples = 2
	metrics.recording.level = INFO
	metrics.sample.window.ms = 30000
	partition.assignment.strategy = [class org.apache.kafka.clients.consumer.RangeAssignor, class org.apache.kafka.clients.consumer.CooperativeStickyAssignor]
	receive.buffer.bytes = 65536
	reconnect.backoff.max.ms = 1000
	reconnect.backoff.ms = 50
	request.timeout.ms = 5000
	retry.backoff.max.ms = 1000
	retry.backoff.ms = 100
	sasl.client.callback.handler.class = null
	sasl.jaas.config = null
	sasl.kerberos.kinit.cmd = /usr/bin/kinit
	sasl.kerberos.min.time.before.relogin = 60000
	sasl.kerberos.service.name = null
	sasl.kerberos.ticket.renew.jitter = 0.05
	sasl.kerberos.ticket.renew.window.factor = 0.8
	sasl.login.callback.handler.class = null
	sasl.login.class = null
	sasl.login.connect.timeout.ms = null
	sasl.login.read.timeout.ms = null
	sasl.login.refresh.buffer.seconds = 300
	sasl.login.refresh.min.period.seconds = 60
	sasl.login.refresh.window.factor = 0.8
	sasl.login.refresh.window.jitter = 0.05
	sasl.login.retry.backoff.max.ms = 10000
	sasl.login.retry.backoff.ms = 100
	sasl.mechanism = GSSAPI
	sasl.oauthbearer.clock.skew.seconds = 30
	sasl.oauthbearer.expected.audience = null
	sasl.oauthbearer.expected.issuer = null
	sasl.oauthbearer.header.urlencode = false
	sasl.oauthbearer.jwks.endpoint.refresh.ms = 3600000
	sasl.oauthbearer.jwks.endpoint.retry.backoff.max.ms = 10000
	sasl.oauthbearer.jwks.endpoint.retry.backoff.ms = 100
	sasl.oauthbearer.jwks.endpoint.url = null
	sasl.oauthbearer.scope.claim.name = scope
	sasl.oauthbearer.sub.claim.name = sub
	sasl.oauthbearer.token.endpoint.url = null
	security.protocol = PLAINTEXT
	security.providers = null
	send.buffer.bytes = 131072
	session.timeout.ms = 45000
	socket.connection.setup.timeout.max.ms = 30000
	socket.connection.setup.timeout.ms = 10000
	ssl.cipher.suites = null
	ssl.enabled.protocols = [TLSv1.2, TLSv1.3]
	ssl.endpoint.identification.algorithm = https
	ssl.engine.factory.class = null
	ssl.key.password = null
	ssl.keymanager.algorithm = SunX509
	ssl.keystore.certificate.chain = null
	ssl.keystore.key = null
	ssl.keystore.location = null
	ssl.keystore.password = null
	ssl.keystore.type = JKS
	ssl.protocol = TLSv1.3
	ssl.provider = null
	ssl.secure.random.implementation = null
	ssl.trustmanager.algorithm = PKIX
	ssl.truststore.certificates = null
	ssl.truststore.location = null
	ssl.truststore.password = null
	ssl.truststore.type = JKS
	value.deserializer = class io.apicurio.registry.serde.avro.AvroKafkaDeserializer

2025-08-12 14:53:24,924 INFO  [org.apa.kaf.com.tel.int.KafkaMetricsCollector] (main) initializing Kafka metrics collector
2025-08-12 14:53:24,928 INFO  [org.apa.kaf.cli.Metadata] (kafka-producer-network-thread | Producer-topic-f449b8e6_ab0f_4d9a_993f_5720f50f6709) [Producer clientId=Producer-topic-f449b8e6_ab0f_4d9a_993f_5720f50f6709] Cluster ID: XZZUcOHpSnyflE0hmwIDCg
2025-08-12 14:53:24,931 INFO  [org.apa.kaf.cli.pro.int.TransactionManager] (kafka-producer-network-thread | Producer-topic-f449b8e6_ab0f_4d9a_993f_5720f50f6709) [Producer clientId=Producer-topic-f449b8e6_ab0f_4d9a_993f_5720f50f6709] ProducerId set to 12 with epoch 0
2025-08-12 14:53:24,935 INFO  [org.apa.kaf.cli.con.ConsumerConfig] (main) These configurations '[apicurio.registry.url]' were supplied but are not used yet.
2025-08-12 14:53:24,935 INFO  [org.apa.kaf.com.uti.AppInfoParser] (main) Kafka version: 3.9.1
2025-08-12 14:53:24,935 INFO  [org.apa.kaf.com.uti.AppInfoParser] (main) Kafka commitId: f745dfdcee2b9851
2025-08-12 14:53:24,935 INFO  [org.apa.kaf.com.uti.AppInfoParser] (main) Kafka startTimeMs: 1755010404935
2025-08-12 14:53:24,936 INFO  [io.api.tes.ser.api.KafkaSerdesTester] (Thread-672) Sending message {"key11755010403838": "value-0"} to topic topic-f449b8e6_ab0f_4d9a_993f_5720f50f6709
2025-08-12 14:53:24,938 INFO  [DefaultSchemaResolver] (Thread-672) Retrieving schema content using string: {"type":"record","name":"s5b547f25x52a0x4357xb551xde38646ba831","namespace":"ns_0fc7c4e9_e7c8_4d6d_8a8c_4963a4629963","fields":[{"name":"key11755010403838","type":"string"}]}
2025-08-12 14:53:24,972 INFO  [io.api.tes.ser.api.KafkaSerdesTester] (Thread-672) Sending message {"key11755010403838": "value-1"} to topic topic-f449b8e6_ab0f_4d9a_993f_5720f50f6709
2025-08-12 14:53:24,975 INFO  [io.api.tes.ser.api.KafkaSerdesTester] (Thread-672) Sending message {"key11755010403838": "value-2"} to topic topic-f449b8e6_ab0f_4d9a_993f_5720f50f6709
2025-08-12 14:53:24,977 INFO  [io.api.tes.ser.api.KafkaSerdesTester] (Thread-672) Sending message {"key11755010403838": "value-3"} to topic topic-f449b8e6_ab0f_4d9a_993f_5720f50f6709
2025-08-12 14:53:24,979 INFO  [io.api.tes.ser.api.KafkaSerdesTester] (Thread-672) Sending message {"key11755010403838": "value-4"} to topic topic-f449b8e6_ab0f_4d9a_993f_5720f50f6709
2025-08-12 14:53:24,981 INFO  [io.api.tes.ser.api.KafkaSerdesTester] (Thread-672) Sending message {"key11755010403838": "value-5"} to topic topic-f449b8e6_ab0f_4d9a_993f_5720f50f6709
2025-08-12 14:53:24,983 INFO  [io.api.tes.ser.api.KafkaSerdesTester] (Thread-672) Sending message {"key11755010403838": "value-6"} to topic topic-f449b8e6_ab0f_4d9a_993f_5720f50f6709
2025-08-12 14:53:24,984 INFO  [io.api.tes.ser.api.KafkaSerdesTester] (Thread-672) Sending message {"key11755010403838": "value-7"} to topic topic-f449b8e6_ab0f_4d9a_993f_5720f50f6709
2025-08-12 14:53:24,986 INFO  [io.api.tes.ser.api.KafkaSerdesTester] (Thread-672) Sending message {"key11755010403838": "value-8"} to topic topic-f449b8e6_ab0f_4d9a_993f_5720f50f6709
2025-08-12 14:53:24,988 INFO  [io.api.tes.ser.api.KafkaSerdesTester] (Thread-672) Sending message {"key11755010403838": "value-9"} to topic topic-f449b8e6_ab0f_4d9a_993f_5720f50f6709
2025-08-12 14:53:24,989 INFO  [io.api.tes.ser.api.KafkaSerdesTester] (Thread-672) Produced 10 messages
2025-08-12 14:53:24,990 INFO  [org.apa.kaf.cli.pro.KafkaProducer] (Thread-672) [Producer clientId=Producer-topic-f449b8e6_ab0f_4d9a_993f_5720f50f6709] Closing the Kafka producer with timeoutMillis = 9223372036854775807 ms.
2025-08-12 14:53:24,992 INFO  [org.apa.kaf.com.met.Metrics] (Thread-672) Metrics scheduler closed
2025-08-12 14:53:24,992 INFO  [org.apa.kaf.com.met.Metrics] (Thread-672) Closing reporter org.apache.kafka.common.metrics.JmxReporter
2025-08-12 14:53:24,992 INFO  [org.apa.kaf.com.met.Metrics] (Thread-672) Closing reporter org.apache.kafka.common.telemetry.internals.ClientTelemetryReporter
2025-08-12 14:53:24,992 INFO  [org.apa.kaf.com.met.Metrics] (Thread-672) Metrics reporters closed
2025-08-12 14:53:24,993 INFO  [org.apa.kaf.com.uti.AppInfoParser] (Thread-672) App info kafka.producer for Producer-topic-f449b8e6_ab0f_4d9a_993f_5720f50f6709 unregistered
2025-08-12 14:53:24,994 INFO  [org.apa.kaf.cli.con.int.ClassicKafkaConsumer] (Thread-673) [Consumer clientId=consumer-Consumer-topic-f449b8e6_ab0f_4d9a_993f_5720f50f6709-10, groupId=Consumer-topic-f449b8e6_ab0f_4d9a_993f_5720f50f6709] Subscribed to topic(s): topic-f449b8e6_ab0f_4d9a_993f_5720f50f6709
2025-08-12 14:53:25,004 INFO  [org.apa.kaf.cli.Metadata] (Thread-673) [Consumer clientId=consumer-Consumer-topic-f449b8e6_ab0f_4d9a_993f_5720f50f6709-10, groupId=Consumer-topic-f449b8e6_ab0f_4d9a_993f_5720f50f6709] Cluster ID: XZZUcOHpSnyflE0hmwIDCg
2025-08-12 14:53:25,006 INFO  [org.apa.kaf.cli.con.int.ConsumerCoordinator] (Thread-673) [Consumer clientId=consumer-Consumer-topic-f449b8e6_ab0f_4d9a_993f_5720f50f6709-10, groupId=Consumer-topic-f449b8e6_ab0f_4d9a_993f_5720f50f6709] Discovered group coordinator localhost:32769 (id: 2147483647 rack: null)
2025-08-12 14:53:25,010 INFO  [org.apa.kaf.cli.con.int.ConsumerCoordinator] (Thread-673) [Consumer clientId=consumer-Consumer-topic-f449b8e6_ab0f_4d9a_993f_5720f50f6709-10, groupId=Consumer-topic-f449b8e6_ab0f_4d9a_993f_5720f50f6709] (Re-)joining group
2025-08-12 14:53:25,022 INFO  [org.apa.kaf.cli.con.int.ConsumerCoordinator] (Thread-673) [Consumer clientId=consumer-Consumer-topic-f449b8e6_ab0f_4d9a_993f_5720f50f6709-10, groupId=Consumer-topic-f449b8e6_ab0f_4d9a_993f_5720f50f6709] Request joining group due to: need to re-join with the given member-id: consumer-Consumer-topic-f449b8e6_ab0f_4d9a_993f_5720f50f6709-10-1f409283-de87-4963-b0e0-5dfe83ceaa64
2025-08-12 14:53:25,022 INFO  [org.apa.kaf.cli.con.int.ConsumerCoordinator] (Thread-673) [Consumer clientId=consumer-Consumer-topic-f449b8e6_ab0f_4d9a_993f_5720f50f6709-10, groupId=Consumer-topic-f449b8e6_ab0f_4d9a_993f_5720f50f6709] (Re-)joining group
2025-08-12 14:53:25,995 INFO  [io.api.tes.ser.api.KafkaSerdesTester] (Thread-673) None found
2025-08-12 14:53:26,996 INFO  [io.api.tes.ser.api.KafkaSerdesTester] (Thread-673) None found
2025-08-12 14:53:27,996 INFO  [io.api.tes.ser.api.KafkaSerdesTester] (Thread-673) None found
2025-08-12 14:53:28,025 INFO  [org.apa.kaf.cli.con.int.ConsumerCoordinator] (Thread-673) [Consumer clientId=consumer-Consumer-topic-f449b8e6_ab0f_4d9a_993f_5720f50f6709-10, groupId=Consumer-topic-f449b8e6_ab0f_4d9a_993f_5720f50f6709] Successfully joined group with generation Generation{generationId=1, memberId='consumer-Consumer-topic-f449b8e6_ab0f_4d9a_993f_5720f50f6709-10-1f409283-de87-4963-b0e0-5dfe83ceaa64', protocol='range'}
2025-08-12 14:53:28,026 INFO  [org.apa.kaf.cli.con.int.ConsumerCoordinator] (Thread-673) [Consumer clientId=consumer-Consumer-topic-f449b8e6_ab0f_4d9a_993f_5720f50f6709-10, groupId=Consumer-topic-f449b8e6_ab0f_4d9a_993f_5720f50f6709] Finished assignment for group at generation 1: {consumer-Consumer-topic-f449b8e6_ab0f_4d9a_993f_5720f50f6709-10-1f409283-de87-4963-b0e0-5dfe83ceaa64=Assignment(partitions=[topic-f449b8e6_ab0f_4d9a_993f_5720f50f6709-0])}
2025-08-12 14:53:28,033 INFO  [org.apa.kaf.cli.con.int.ConsumerCoordinator] (Thread-673) [Consumer clientId=consumer-Consumer-topic-f449b8e6_ab0f_4d9a_993f_5720f50f6709-10, groupId=Consumer-topic-f449b8e6_ab0f_4d9a_993f_5720f50f6709] Successfully synced group in generation Generation{generationId=1, memberId='consumer-Consumer-topic-f449b8e6_ab0f_4d9a_993f_5720f50f6709-10-1f409283-de87-4963-b0e0-5dfe83ceaa64', protocol='range'}
2025-08-12 14:53:28,034 INFO  [org.apa.kaf.cli.con.int.ConsumerCoordinator] (Thread-673) [Consumer clientId=consumer-Consumer-topic-f449b8e6_ab0f_4d9a_993f_5720f50f6709-10, groupId=Consumer-topic-f449b8e6_ab0f_4d9a_993f_5720f50f6709] Notifying assignor about the new Assignment(partitions=[topic-f449b8e6_ab0f_4d9a_993f_5720f50f6709-0])
2025-08-12 14:53:28,039 INFO  [org.apa.kaf.cli.con.int.ConsumerRebalanceListenerInvoker] (Thread-673) [Consumer clientId=consumer-Consumer-topic-f449b8e6_ab0f_4d9a_993f_5720f50f6709-10, groupId=Consumer-topic-f449b8e6_ab0f_4d9a_993f_5720f50f6709] Adding newly assigned partitions: topic-f449b8e6_ab0f_4d9a_993f_5720f50f6709-0
2025-08-12 14:53:28,041 INFO  [org.apa.kaf.cli.con.int.ConsumerCoordinator] (Thread-673) [Consumer clientId=consumer-Consumer-topic-f449b8e6_ab0f_4d9a_993f_5720f50f6709-10, groupId=Consumer-topic-f449b8e6_ab0f_4d9a_993f_5720f50f6709] Found no committed offset for partition topic-f449b8e6_ab0f_4d9a_993f_5720f50f6709-0
2025-08-12 14:53:28,048 INFO  [org.apa.kaf.cli.con.int.SubscriptionState] (Thread-673) [Consumer clientId=consumer-Consumer-topic-f449b8e6_ab0f_4d9a_993f_5720f50f6709-10, groupId=Consumer-topic-f449b8e6_ab0f_4d9a_993f_5720f50f6709] Resetting offset for partition topic-f449b8e6_ab0f_4d9a_993f_5720f50f6709-0 to position FetchPosition{offset=0, offsetEpoch=Optional.empty, currentLeader=LeaderAndEpoch{leader=Optional[localhost:32769 (id: 0 rack: null)], epoch=0}}.
2025-08-12 14:53:28,082 INFO  [io.api.tes.ser.api.KafkaSerdesTester] (Thread-673) topic-f449b8e6_ab0f_4d9a_993f_5720f50f6709 0 0 {"key11755010403838": "value-0"}
2025-08-12 14:53:28,082 INFO  [io.api.tes.ser.api.KafkaSerdesTester] (Thread-673) topic-f449b8e6_ab0f_4d9a_993f_5720f50f6709 0 1 {"key11755010403838": "value-1"}
2025-08-12 14:53:28,082 INFO  [io.api.tes.ser.api.KafkaSerdesTester] (Thread-673) topic-f449b8e6_ab0f_4d9a_993f_5720f50f6709 0 2 {"key11755010403838": "value-2"}
2025-08-12 14:53:28,082 INFO  [io.api.tes.ser.api.KafkaSerdesTester] (Thread-673) topic-f449b8e6_ab0f_4d9a_993f_5720f50f6709 0 3 {"key11755010403838": "value-3"}
2025-08-12 14:53:28,082 INFO  [io.api.tes.ser.api.KafkaSerdesTester] (Thread-673) topic-f449b8e6_ab0f_4d9a_993f_5720f50f6709 0 4 {"key11755010403838": "value-4"}
2025-08-12 14:53:28,082 INFO  [io.api.tes.ser.api.KafkaSerdesTester] (Thread-673) topic-f449b8e6_ab0f_4d9a_993f_5720f50f6709 0 5 {"key11755010403838": "value-5"}
2025-08-12 14:53:28,082 INFO  [io.api.tes.ser.api.KafkaSerdesTester] (Thread-673) topic-f449b8e6_ab0f_4d9a_993f_5720f50f6709 0 6 {"key11755010403838": "value-6"}
2025-08-12 14:53:28,082 INFO  [io.api.tes.ser.api.KafkaSerdesTester] (Thread-673) topic-f449b8e6_ab0f_4d9a_993f_5720f50f6709 0 7 {"key11755010403838": "value-7"}
2025-08-12 14:53:28,082 INFO  [io.api.tes.ser.api.KafkaSerdesTester] (Thread-673) topic-f449b8e6_ab0f_4d9a_993f_5720f50f6709 0 8 {"key11755010403838": "value-8"}
2025-08-12 14:53:28,082 INFO  [io.api.tes.ser.api.KafkaSerdesTester] (Thread-673) topic-f449b8e6_ab0f_4d9a_993f_5720f50f6709 0 9 {"key11755010403838": "value-9"}
2025-08-12 14:53:28,082 INFO  [io.api.tes.ser.api.KafkaSerdesTester] (Thread-673) Consumed 10 messages
2025-08-12 14:53:28,089 INFO  [org.apa.kaf.cli.con.int.ConsumerRebalanceListenerInvoker] (Thread-673) [Consumer clientId=consumer-Consumer-topic-f449b8e6_ab0f_4d9a_993f_5720f50f6709-10, groupId=Consumer-topic-f449b8e6_ab0f_4d9a_993f_5720f50f6709] Revoke previously assigned partitions topic-f449b8e6_ab0f_4d9a_993f_5720f50f6709-0
2025-08-12 14:53:28,089 INFO  [org.apa.kaf.cli.con.int.ConsumerCoordinator] (Thread-673) [Consumer clientId=consumer-Consumer-topic-f449b8e6_ab0f_4d9a_993f_5720f50f6709-10, groupId=Consumer-topic-f449b8e6_ab0f_4d9a_993f_5720f50f6709] Member consumer-Consumer-topic-f449b8e6_ab0f_4d9a_993f_5720f50f6709-10-1f409283-de87-4963-b0e0-5dfe83ceaa64 sending LeaveGroup request to coordinator localhost:32769 (id: 2147483647 rack: null) due to the consumer is being closed
2025-08-12 14:53:28,090 INFO  [org.apa.kaf.cli.con.int.ConsumerCoordinator] (Thread-673) [Consumer clientId=consumer-Consumer-topic-f449b8e6_ab0f_4d9a_993f_5720f50f6709-10, groupId=Consumer-topic-f449b8e6_ab0f_4d9a_993f_5720f50f6709] Resetting generation and member id due to: consumer pro-actively leaving the group
2025-08-12 14:53:28,090 INFO  [org.apa.kaf.cli.con.int.ConsumerCoordinator] (Thread-673) [Consumer clientId=consumer-Consumer-topic-f449b8e6_ab0f_4d9a_993f_5720f50f6709-10, groupId=Consumer-topic-f449b8e6_ab0f_4d9a_993f_5720f50f6709] Request joining group due to: consumer pro-actively leaving the group
2025-08-12 14:53:28,585 INFO  [org.apa.kaf.com.met.Metrics] (Thread-673) Metrics scheduler closed
2025-08-12 14:53:28,585 INFO  [org.apa.kaf.com.met.Metrics] (Thread-673) Closing reporter org.apache.kafka.common.metrics.JmxReporter
2025-08-12 14:53:28,585 INFO  [org.apa.kaf.com.met.Metrics] (Thread-673) Closing reporter org.apache.kafka.common.telemetry.internals.ClientTelemetryReporter
2025-08-12 14:53:28,585 INFO  [org.apa.kaf.com.met.Metrics] (Thread-673) Metrics reporters closed
2025-08-12 14:53:28,587 INFO  [org.apa.kaf.com.uti.AppInfoParser] (Thread-673) App info kafka.consumer for consumer-Consumer-topic-f449b8e6_ab0f_4d9a_993f_5720f50f6709-10 unregistered
2025-08-12 14:53:28,587 INFO  [io.api.tes.ser.api.AvroSerdeIT] (main) Registering Avro Schema 2: {"type":"record","name":"s5b547f25x52a0x4357xb551xde38646ba831","namespace":"ns_0fc7c4e9_e7c8_4d6d_8a8c_4963a4629963","fields":[{"name":"key11755010403838","type":"string"},{"name":"key21755010408587","type":"string"}]}
**** Registry Base URL: http://registry-app-ksql047.apps.ci419.apicurio-testing.org:80
2025-08-12 14:53:29,650 INFO  [org.apa.kaf.cli.pro.ProducerConfig] (main) ProducerConfig values: 
	acks = -1
	auto.include.jmx.reporter = true
	batch.size = 16384
	bootstrap.servers = [PLAINTEXT://localhost:32769]
	buffer.memory = 33554432
	client.dns.lookup = use_all_dns_ips
	client.id = Producer-topic-f449b8e6_ab0f_4d9a_993f_5720f50f6709
	compression.gzip.level = -1
	compression.lz4.level = 9
	compression.type = none
	compression.zstd.level = 3
	connections.max.idle.ms = 10000
	delivery.timeout.ms = 120000
	enable.idempotence = true
	enable.metrics.push = true
	interceptor.classes = []
	key.serializer = class org.apache.kafka.common.serialization.StringSerializer
	linger.ms = 0
	max.block.ms = 60000
	max.in.flight.requests.per.connection = 5
	max.request.size = 1048576
	metadata.max.age.ms = 300000
	metadata.max.idle.ms = 300000
	metadata.recovery.strategy = none
	metric.reporters = []
	metrics.num.samples = 2
	metrics.recording.level = INFO
	metrics.sample.window.ms = 30000
	partitioner.adaptive.partitioning.enable = true
	partitioner.availability.timeout.ms = 0
	partitioner.class = null
	partitioner.ignore.keys = false
	receive.buffer.bytes = 32768
	reconnect.backoff.max.ms = 1000
	reconnect.backoff.ms = 50
	request.timeout.ms = 5000
	retries = 2147483647
	retry.backoff.max.ms = 1000
	retry.backoff.ms = 100
	sasl.client.callback.handler.class = null
	sasl.jaas.config = null
	sasl.kerberos.kinit.cmd = /usr/bin/kinit
	sasl.kerberos.min.time.before.relogin = 60000
	sasl.kerberos.service.name = null
	sasl.kerberos.ticket.renew.jitter = 0.05
	sasl.kerberos.ticket.renew.window.factor = 0.8
	sasl.login.callback.handler.class = null
	sasl.login.class = null
	sasl.login.connect.timeout.ms = null
	sasl.login.read.timeout.ms = null
	sasl.login.refresh.buffer.seconds = 300
	sasl.login.refresh.min.period.seconds = 60
	sasl.login.refresh.window.factor = 0.8
	sasl.login.refresh.window.jitter = 0.05
	sasl.login.retry.backoff.max.ms = 10000
	sasl.login.retry.backoff.ms = 100
	sasl.mechanism = GSSAPI
	sasl.oauthbearer.clock.skew.seconds = 30
	sasl.oauthbearer.expected.audience = null
	sasl.oauthbearer.expected.issuer = null
	sasl.oauthbearer.header.urlencode = false
	sasl.oauthbearer.jwks.endpoint.refresh.ms = 3600000
	sasl.oauthbearer.jwks.endpoint.retry.backoff.max.ms = 10000
	sasl.oauthbearer.jwks.endpoint.retry.backoff.ms = 100
	sasl.oauthbearer.jwks.endpoint.url = null
	sasl.oauthbearer.scope.claim.name = scope
	sasl.oauthbearer.sub.claim.name = sub
	sasl.oauthbearer.token.endpoint.url = null
	security.protocol = PLAINTEXT
	security.providers = null
	send.buffer.bytes = 131072
	socket.connection.setup.timeout.max.ms = 30000
	socket.connection.setup.timeout.ms = 10000
	ssl.cipher.suites = null
	ssl.enabled.protocols = [TLSv1.2, TLSv1.3]
	ssl.endpoint.identification.algorithm = https
	ssl.engine.factory.class = null
	ssl.key.password = null
	ssl.keymanager.algorithm = SunX509
	ssl.keystore.certificate.chain = null
	ssl.keystore.key = null
	ssl.keystore.location = null
	ssl.keystore.password = null
	ssl.keystore.type = JKS
	ssl.protocol = TLSv1.3
	ssl.provider = null
	ssl.secure.random.implementation = null
	ssl.trustmanager.algorithm = PKIX
	ssl.truststore.certificates = null
	ssl.truststore.location = null
	ssl.truststore.password = null
	ssl.truststore.type = JKS
	transaction.timeout.ms = 60000
	transactional.id = null
	value.serializer = class io.apicurio.registry.serde.avro.AvroKafkaSerializer

2025-08-12 14:53:29,651 INFO  [org.apa.kaf.com.tel.int.KafkaMetricsCollector] (main) initializing Kafka metrics collector
2025-08-12 14:53:29,654 INFO  [org.apa.kaf.cli.pro.KafkaProducer] (main) [Producer clientId=Producer-topic-f449b8e6_ab0f_4d9a_993f_5720f50f6709] Instantiated an idempotent producer.
2025-08-12 14:53:29,656 INFO  [org.apa.kaf.cli.pro.ProducerConfig] (main) These configurations '[apicurio.registry.url, apicurio.registry.artifact-resolver-strategy]' were supplied but are not used yet.
2025-08-12 14:53:29,656 INFO  [org.apa.kaf.com.uti.AppInfoParser] (main) Kafka version: 3.9.1
2025-08-12 14:53:29,656 INFO  [org.apa.kaf.com.uti.AppInfoParser] (main) Kafka commitId: f745dfdcee2b9851
2025-08-12 14:53:29,656 INFO  [org.apa.kaf.com.uti.AppInfoParser] (main) Kafka startTimeMs: 1755010409656
2025-08-12 14:53:29,657 INFO  [io.api.tes.ser.api.KafkaSerdesTester] (Thread-676) Sending message {"key11755010403838": "value-0", "key21755010408587": "value-0"} to topic topic-f449b8e6_ab0f_4d9a_993f_5720f50f6709
2025-08-12 14:53:29,660 INFO  [org.apa.kaf.cli.Metadata] (kafka-producer-network-thread | Producer-topic-f449b8e6_ab0f_4d9a_993f_5720f50f6709) [Producer clientId=Producer-topic-f449b8e6_ab0f_4d9a_993f_5720f50f6709] Cluster ID: XZZUcOHpSnyflE0hmwIDCg
2025-08-12 14:53:29,661 INFO  [DefaultSchemaResolver] (Thread-676) Retrieving schema content using string: {"type":"record","name":"s5b547f25x52a0x4357xb551xde38646ba831","namespace":"ns_0fc7c4e9_e7c8_4d6d_8a8c_4963a4629963","fields":[{"name":"key11755010403838","type":"string"},{"name":"key21755010408587","type":"string"}]}
2025-08-12 14:53:29,661 INFO  [org.apa.kaf.cli.pro.int.TransactionManager] (kafka-producer-network-thread | Producer-topic-f449b8e6_ab0f_4d9a_993f_5720f50f6709) [Producer clientId=Producer-topic-f449b8e6_ab0f_4d9a_993f_5720f50f6709] ProducerId set to 13 with epoch 0
2025-08-12 14:53:29,689 INFO  [io.api.tes.ser.api.KafkaSerdesTester] (Thread-676) Sending message {"key11755010403838": "value-1", "key21755010408587": "value-1"} to topic topic-f449b8e6_ab0f_4d9a_993f_5720f50f6709
2025-08-12 14:53:29,690 INFO  [io.api.tes.ser.api.KafkaSerdesTester] (Thread-676) Sending message {"key11755010403838": "value-2", "key21755010408587": "value-2"} to topic topic-f449b8e6_ab0f_4d9a_993f_5720f50f6709
2025-08-12 14:53:29,695 INFO  [io.api.tes.ser.api.KafkaSerdesTester] (Thread-676) Sending message {"key11755010403838": "value-3", "key21755010408587": "value-3"} to topic topic-f449b8e6_ab0f_4d9a_993f_5720f50f6709
2025-08-12 14:53:29,697 INFO  [io.api.tes.ser.api.KafkaSerdesTester] (Thread-676) Sending message {"key11755010403838": "value-4", "key21755010408587": "value-4"} to topic topic-f449b8e6_ab0f_4d9a_993f_5720f50f6709
2025-08-12 14:53:29,699 INFO  [io.api.tes.ser.api.KafkaSerdesTester] (Thread-676) Sending message {"key11755010403838": "value-5", "key21755010408587": "value-5"} to topic topic-f449b8e6_ab0f_4d9a_993f_5720f50f6709
2025-08-12 14:53:29,701 INFO  [io.api.tes.ser.api.KafkaSerdesTester] (Thread-676) Sending message {"key11755010403838": "value-6", "key21755010408587": "value-6"} to topic topic-f449b8e6_ab0f_4d9a_993f_5720f50f6709
2025-08-12 14:53:29,703 INFO  [io.api.tes.ser.api.KafkaSerdesTester] (Thread-676) Sending message {"key11755010403838": "value-7", "key21755010408587": "value-7"} to topic topic-f449b8e6_ab0f_4d9a_993f_5720f50f6709
2025-08-12 14:53:29,704 INFO  [io.api.tes.ser.api.KafkaSerdesTester] (Thread-676) Sending message {"key11755010403838": "value-8", "key21755010408587": "value-8"} to topic topic-f449b8e6_ab0f_4d9a_993f_5720f50f6709
2025-08-12 14:53:29,705 INFO  [io.api.tes.ser.api.KafkaSerdesTester] (Thread-676) Sending message {"key11755010403838": "value-9", "key21755010408587": "value-9"} to topic topic-f449b8e6_ab0f_4d9a_993f_5720f50f6709
2025-08-12 14:53:29,706 INFO  [io.api.tes.ser.api.KafkaSerdesTester] (Thread-676) Produced 10 messages
2025-08-12 14:53:29,706 INFO  [org.apa.kaf.cli.pro.KafkaProducer] (Thread-676) [Producer clientId=Producer-topic-f449b8e6_ab0f_4d9a_993f_5720f50f6709] Closing the Kafka producer with timeoutMillis = 9223372036854775807 ms.
2025-08-12 14:53:29,708 INFO  [org.apa.kaf.com.met.Metrics] (Thread-676) Metrics scheduler closed
2025-08-12 14:53:29,708 INFO  [org.apa.kaf.com.met.Metrics] (Thread-676) Closing reporter org.apache.kafka.common.metrics.JmxReporter
2025-08-12 14:53:29,708 INFO  [org.apa.kaf.com.met.Metrics] (Thread-676) Closing reporter org.apache.kafka.common.telemetry.internals.ClientTelemetryReporter
2025-08-12 14:53:29,708 INFO  [org.apa.kaf.com.met.Metrics] (Thread-676) Metrics reporters closed
2025-08-12 14:53:29,708 INFO  [org.apa.kaf.com.uti.AppInfoParser] (Thread-676) App info kafka.producer for Producer-topic-f449b8e6_ab0f_4d9a_993f_5720f50f6709 unregistered
**** Registry Base URL: http://registry-app-ksql047.apps.ci419.apicurio-testing.org:80
2025-08-12 14:53:29,709 INFO  [org.apa.kaf.cli.pro.ProducerConfig] (main) ProducerConfig values: 
	acks = -1
	auto.include.jmx.reporter = true
	batch.size = 16384
	bootstrap.servers = [PLAINTEXT://localhost:32769]
	buffer.memory = 33554432
	client.dns.lookup = use_all_dns_ips
	client.id = Producer-topic-f449b8e6_ab0f_4d9a_993f_5720f50f6709
	compression.gzip.level = -1
	compression.lz4.level = 9
	compression.type = none
	compression.zstd.level = 3
	connections.max.idle.ms = 10000
	delivery.timeout.ms = 120000
	enable.idempotence = true
	enable.metrics.push = true
	interceptor.classes = []
	key.serializer = class org.apache.kafka.common.serialization.StringSerializer
	linger.ms = 0
	max.block.ms = 60000
	max.in.flight.requests.per.connection = 5
	max.request.size = 1048576
	metadata.max.age.ms = 300000
	metadata.max.idle.ms = 300000
	metadata.recovery.strategy = none
	metric.reporters = []
	metrics.num.samples = 2
	metrics.recording.level = INFO
	metrics.sample.window.ms = 30000
	partitioner.adaptive.partitioning.enable = true
	partitioner.availability.timeout.ms = 0
	partitioner.class = null
	partitioner.ignore.keys = false
	receive.buffer.bytes = 32768
	reconnect.backoff.max.ms = 1000
	reconnect.backoff.ms = 50
	request.timeout.ms = 5000
	retries = 2147483647
	retry.backoff.max.ms = 1000
	retry.backoff.ms = 100
	sasl.client.callback.handler.class = null
	sasl.jaas.config = null
	sasl.kerberos.kinit.cmd = /usr/bin/kinit
	sasl.kerberos.min.time.before.relogin = 60000
	sasl.kerberos.service.name = null
	sasl.kerberos.ticket.renew.jitter = 0.05
	sasl.kerberos.ticket.renew.window.factor = 0.8
	sasl.login.callback.handler.class = null
	sasl.login.class = null
	sasl.login.connect.timeout.ms = null
	sasl.login.read.timeout.ms = null
	sasl.login.refresh.buffer.seconds = 300
	sasl.login.refresh.min.period.seconds = 60
	sasl.login.refresh.window.factor = 0.8
	sasl.login.refresh.window.jitter = 0.05
	sasl.login.retry.backoff.max.ms = 10000
	sasl.login.retry.backoff.ms = 100
	sasl.mechanism = GSSAPI
	sasl.oauthbearer.clock.skew.seconds = 30
	sasl.oauthbearer.expected.audience = null
	sasl.oauthbearer.expected.issuer = null
	sasl.oauthbearer.header.urlencode = false
	sasl.oauthbearer.jwks.endpoint.refresh.ms = 3600000
	sasl.oauthbearer.jwks.endpoint.retry.backoff.max.ms = 10000
	sasl.oauthbearer.jwks.endpoint.retry.backoff.ms = 100
	sasl.oauthbearer.jwks.endpoint.url = null
	sasl.oauthbearer.scope.claim.name = scope
	sasl.oauthbearer.sub.claim.name = sub
	sasl.oauthbearer.token.endpoint.url = null
	security.protocol = PLAINTEXT
	security.providers = null
	send.buffer.bytes = 131072
	socket.connection.setup.timeout.max.ms = 30000
	socket.connection.setup.timeout.ms = 10000
	ssl.cipher.suites = null
	ssl.enabled.protocols = [TLSv1.2, TLSv1.3]
	ssl.endpoint.identification.algorithm = https
	ssl.engine.factory.class = null
	ssl.key.password = null
	ssl.keymanager.algorithm = SunX509
	ssl.keystore.certificate.chain = null
	ssl.keystore.key = null
	ssl.keystore.location = null
	ssl.keystore.password = null
	ssl.keystore.type = JKS
	ssl.protocol = TLSv1.3
	ssl.provider = null
	ssl.secure.random.implementation = null
	ssl.trustmanager.algorithm = PKIX
	ssl.truststore.certificates = null
	ssl.truststore.location = null
	ssl.truststore.password = null
	ssl.truststore.type = JKS
	transaction.timeout.ms = 60000
	transactional.id = null
	value.serializer = class io.apicurio.registry.serde.avro.AvroKafkaSerializer

2025-08-12 14:53:29,709 INFO  [org.apa.kaf.com.tel.int.KafkaMetricsCollector] (main) initializing Kafka metrics collector
2025-08-12 14:53:29,713 INFO  [org.apa.kaf.cli.pro.KafkaProducer] (main) [Producer clientId=Producer-topic-f449b8e6_ab0f_4d9a_993f_5720f50f6709] Instantiated an idempotent producer.
2025-08-12 14:53:29,715 INFO  [org.apa.kaf.cli.pro.ProducerConfig] (main) These configurations '[apicurio.registry.url, apicurio.registry.artifact-resolver-strategy]' were supplied but are not used yet.
2025-08-12 14:53:29,715 INFO  [org.apa.kaf.com.uti.AppInfoParser] (main) Kafka version: 3.9.1
2025-08-12 14:53:29,715 INFO  [org.apa.kaf.com.uti.AppInfoParser] (main) Kafka commitId: f745dfdcee2b9851
2025-08-12 14:53:29,715 INFO  [org.apa.kaf.com.uti.AppInfoParser] (main) Kafka startTimeMs: 1755010409715
2025-08-12 14:53:29,717 INFO  [io.api.tes.ser.api.KafkaSerdesTester] (Thread-679) Sending message {"key11755010403838": "value-0"} to topic topic-f449b8e6_ab0f_4d9a_993f_5720f50f6709
2025-08-12 14:53:29,720 INFO  [org.apa.kaf.cli.Metadata] (kafka-producer-network-thread | Producer-topic-f449b8e6_ab0f_4d9a_993f_5720f50f6709) [Producer clientId=Producer-topic-f449b8e6_ab0f_4d9a_993f_5720f50f6709] Cluster ID: XZZUcOHpSnyflE0hmwIDCg
2025-08-12 14:53:29,720 INFO  [DefaultSchemaResolver] (Thread-679) Retrieving schema content using string: {"type":"record","name":"s5b547f25x52a0x4357xb551xde38646ba831","namespace":"ns_0fc7c4e9_e7c8_4d6d_8a8c_4963a4629963","fields":[{"name":"key11755010403838","type":"string"}]}
2025-08-12 14:53:29,721 INFO  [org.apa.kaf.cli.pro.int.TransactionManager] (kafka-producer-network-thread | Producer-topic-f449b8e6_ab0f_4d9a_993f_5720f50f6709) [Producer clientId=Producer-topic-f449b8e6_ab0f_4d9a_993f_5720f50f6709] ProducerId set to 14 with epoch 0
2025-08-12 14:53:29,750 INFO  [io.api.tes.ser.api.KafkaSerdesTester] (Thread-679) Sending message {"key11755010403838": "value-1"} to topic topic-f449b8e6_ab0f_4d9a_993f_5720f50f6709
2025-08-12 14:53:29,752 INFO  [io.api.tes.ser.api.KafkaSerdesTester] (Thread-679) Sending message {"key11755010403838": "value-2"} to topic topic-f449b8e6_ab0f_4d9a_993f_5720f50f6709
2025-08-12 14:53:29,753 INFO  [io.api.tes.ser.api.KafkaSerdesTester] (Thread-679) Sending message {"key11755010403838": "value-3"} to topic topic-f449b8e6_ab0f_4d9a_993f_5720f50f6709
2025-08-12 14:53:29,755 INFO  [io.api.tes.ser.api.KafkaSerdesTester] (Thread-679) Sending message {"key11755010403838": "value-4"} to topic topic-f449b8e6_ab0f_4d9a_993f_5720f50f6709
2025-08-12 14:53:29,756 INFO  [io.api.tes.ser.api.KafkaSerdesTester] (Thread-679) Sending message {"key11755010403838": "value-5"} to topic topic-f449b8e6_ab0f_4d9a_993f_5720f50f6709
2025-08-12 14:53:29,759 INFO  [io.api.tes.ser.api.KafkaSerdesTester] (Thread-679) Sending message {"key11755010403838": "value-6"} to topic topic-f449b8e6_ab0f_4d9a_993f_5720f50f6709
2025-08-12 14:53:29,761 INFO  [io.api.tes.ser.api.KafkaSerdesTester] (Thread-679) Sending message {"key11755010403838": "value-7"} to topic topic-f449b8e6_ab0f_4d9a_993f_5720f50f6709
2025-08-12 14:53:29,762 INFO  [io.api.tes.ser.api.KafkaSerdesTester] (Thread-679) Sending message {"key11755010403838": "value-8"} to topic topic-f449b8e6_ab0f_4d9a_993f_5720f50f6709
2025-08-12 14:53:29,764 INFO  [io.api.tes.ser.api.KafkaSerdesTester] (Thread-679) Sending message {"key11755010403838": "value-9"} to topic topic-f449b8e6_ab0f_4d9a_993f_5720f50f6709
2025-08-12 14:53:29,765 INFO  [io.api.tes.ser.api.KafkaSerdesTester] (Thread-679) Produced 10 messages
2025-08-12 14:53:29,765 INFO  [org.apa.kaf.cli.pro.KafkaProducer] (Thread-679) [Producer clientId=Producer-topic-f449b8e6_ab0f_4d9a_993f_5720f50f6709] Closing the Kafka producer with timeoutMillis = 9223372036854775807 ms.
2025-08-12 14:53:29,767 INFO  [org.apa.kaf.com.met.Metrics] (Thread-679) Metrics scheduler closed
2025-08-12 14:53:29,767 INFO  [org.apa.kaf.com.met.Metrics] (Thread-679) Closing reporter org.apache.kafka.common.metrics.JmxReporter
2025-08-12 14:53:29,768 INFO  [org.apa.kaf.com.met.Metrics] (Thread-679) Closing reporter org.apache.kafka.common.telemetry.internals.ClientTelemetryReporter
2025-08-12 14:53:29,768 INFO  [org.apa.kaf.com.met.Metrics] (Thread-679) Metrics reporters closed
2025-08-12 14:53:29,768 INFO  [org.apa.kaf.com.uti.AppInfoParser] (Thread-679) App info kafka.producer for Producer-topic-f449b8e6_ab0f_4d9a_993f_5720f50f6709 unregistered
**** Registry Base URL: http://registry-app-ksql047.apps.ci419.apicurio-testing.org:80
2025-08-12 14:53:29,768 INFO  [org.apa.kaf.cli.con.ConsumerConfig] (main) ConsumerConfig values: 
	allow.auto.create.topics = true
	auto.commit.interval.ms = 500
	auto.include.jmx.reporter = true
	auto.offset.reset = earliest
	bootstrap.servers = [PLAINTEXT://localhost:32769]
	check.crcs = true
	client.dns.lookup = use_all_dns_ips
	client.id = consumer-Consumer-topic-f449b8e6_ab0f_4d9a_993f_5720f50f6709-11
	client.rack = 
	connections.max.idle.ms = 10000
	default.api.timeout.ms = 60000
	enable.auto.commit = true
	enable.metrics.push = true
	exclude.internal.topics = true
	fetch.max.bytes = 52428800
	fetch.max.wait.ms = 500
	fetch.min.bytes = 1
	group.id = Consumer-topic-f449b8e6_ab0f_4d9a_993f_5720f50f6709
	group.instance.id = null
	group.protocol = classic
	group.remote.assignor = null
	heartbeat.interval.ms = 3000
	interceptor.classes = []
	internal.leave.group.on.close = true
	internal.throw.on.fetch.stable.offset.unsupported = false
	isolation.level = read_uncommitted
	key.deserializer = class org.apache.kafka.common.serialization.StringDeserializer
	max.partition.fetch.bytes = 1048576
	max.poll.interval.ms = 300000
	max.poll.records = 500
	metadata.max.age.ms = 300000
	metadata.recovery.strategy = none
	metric.reporters = []
	metrics.num.samples = 2
	metrics.recording.level = INFO
	metrics.sample.window.ms = 30000
	partition.assignment.strategy = [class org.apache.kafka.clients.consumer.RangeAssignor, class org.apache.kafka.clients.consumer.CooperativeStickyAssignor]
	receive.buffer.bytes = 65536
	reconnect.backoff.max.ms = 1000
	reconnect.backoff.ms = 50
	request.timeout.ms = 5000
	retry.backoff.max.ms = 1000
	retry.backoff.ms = 100
	sasl.client.callback.handler.class = null
	sasl.jaas.config = null
	sasl.kerberos.kinit.cmd = /usr/bin/kinit
	sasl.kerberos.min.time.before.relogin = 60000
	sasl.kerberos.service.name = null
	sasl.kerberos.ticket.renew.jitter = 0.05
	sasl.kerberos.ticket.renew.window.factor = 0.8
	sasl.login.callback.handler.class = null
	sasl.login.class = null
	sasl.login.connect.timeout.ms = null
	sasl.login.read.timeout.ms = null
	sasl.login.refresh.buffer.seconds = 300
	sasl.login.refresh.min.period.seconds = 60
	sasl.login.refresh.window.factor = 0.8
	sasl.login.refresh.window.jitter = 0.05
	sasl.login.retry.backoff.max.ms = 10000
	sasl.login.retry.backoff.ms = 100
	sasl.mechanism = GSSAPI
	sasl.oauthbearer.clock.skew.seconds = 30
	sasl.oauthbearer.expected.audience = null
	sasl.oauthbearer.expected.issuer = null
	sasl.oauthbearer.header.urlencode = false
	sasl.oauthbearer.jwks.endpoint.refresh.ms = 3600000
	sasl.oauthbearer.jwks.endpoint.retry.backoff.max.ms = 10000
	sasl.oauthbearer.jwks.endpoint.retry.backoff.ms = 100
	sasl.oauthbearer.jwks.endpoint.url = null
	sasl.oauthbearer.scope.claim.name = scope
	sasl.oauthbearer.sub.claim.name = sub
	sasl.oauthbearer.token.endpoint.url = null
	security.protocol = PLAINTEXT
	security.providers = null
	send.buffer.bytes = 131072
	session.timeout.ms = 45000
	socket.connection.setup.timeout.max.ms = 30000
	socket.connection.setup.timeout.ms = 10000
	ssl.cipher.suites = null
	ssl.enabled.protocols = [TLSv1.2, TLSv1.3]
	ssl.endpoint.identification.algorithm = https
	ssl.engine.factory.class = null
	ssl.key.password = null
	ssl.keymanager.algorithm = SunX509
	ssl.keystore.certificate.chain = null
	ssl.keystore.key = null
	ssl.keystore.location = null
	ssl.keystore.password = null
	ssl.keystore.type = JKS
	ssl.protocol = TLSv1.3
	ssl.provider = null
	ssl.secure.random.implementation = null
	ssl.trustmanager.algorithm = PKIX
	ssl.truststore.certificates = null
	ssl.truststore.location = null
	ssl.truststore.password = null
	ssl.truststore.type = JKS
	value.deserializer = class io.apicurio.registry.serde.avro.AvroKafkaDeserializer

2025-08-12 14:53:29,769 INFO  [org.apa.kaf.com.tel.int.KafkaMetricsCollector] (main) initializing Kafka metrics collector
2025-08-12 14:53:29,776 INFO  [org.apa.kaf.cli.con.ConsumerConfig] (main) These configurations '[apicurio.registry.url]' were supplied but are not used yet.
2025-08-12 14:53:29,776 INFO  [org.apa.kaf.com.uti.AppInfoParser] (main) Kafka version: 3.9.1
2025-08-12 14:53:29,776 INFO  [org.apa.kaf.com.uti.AppInfoParser] (main) Kafka commitId: f745dfdcee2b9851
2025-08-12 14:53:29,776 INFO  [org.apa.kaf.com.uti.AppInfoParser] (main) Kafka startTimeMs: 1755010409776
2025-08-12 14:53:29,777 INFO  [org.apa.kaf.cli.con.int.ClassicKafkaConsumer] (Thread-682) [Consumer clientId=consumer-Consumer-topic-f449b8e6_ab0f_4d9a_993f_5720f50f6709-11, groupId=Consumer-topic-f449b8e6_ab0f_4d9a_993f_5720f50f6709] Subscribed to topic(s): topic-f449b8e6_ab0f_4d9a_993f_5720f50f6709
2025-08-12 14:53:29,780 INFO  [org.apa.kaf.cli.Metadata] (Thread-682) [Consumer clientId=consumer-Consumer-topic-f449b8e6_ab0f_4d9a_993f_5720f50f6709-11, groupId=Consumer-topic-f449b8e6_ab0f_4d9a_993f_5720f50f6709] Cluster ID: XZZUcOHpSnyflE0hmwIDCg
2025-08-12 14:53:29,782 INFO  [org.apa.kaf.cli.con.int.ConsumerCoordinator] (Thread-682) [Consumer clientId=consumer-Consumer-topic-f449b8e6_ab0f_4d9a_993f_5720f50f6709-11, groupId=Consumer-topic-f449b8e6_ab0f_4d9a_993f_5720f50f6709] Discovered group coordinator localhost:32769 (id: 2147483647 rack: null)
2025-08-12 14:53:29,783 INFO  [org.apa.kaf.cli.con.int.ConsumerCoordinator] (Thread-682) [Consumer clientId=consumer-Consumer-topic-f449b8e6_ab0f_4d9a_993f_5720f50f6709-11, groupId=Consumer-topic-f449b8e6_ab0f_4d9a_993f_5720f50f6709] (Re-)joining group
2025-08-12 14:53:29,786 INFO  [org.apa.kaf.cli.con.int.ConsumerCoordinator] (Thread-682) [Consumer clientId=consumer-Consumer-topic-f449b8e6_ab0f_4d9a_993f_5720f50f6709-11, groupId=Consumer-topic-f449b8e6_ab0f_4d9a_993f_5720f50f6709] Request joining group due to: need to re-join with the given member-id: consumer-Consumer-topic-f449b8e6_ab0f_4d9a_993f_5720f50f6709-11-7f2576d1-96a6-4caa-898a-04b396f0dd89
2025-08-12 14:53:29,786 INFO  [org.apa.kaf.cli.con.int.ConsumerCoordinator] (Thread-682) [Consumer clientId=consumer-Consumer-topic-f449b8e6_ab0f_4d9a_993f_5720f50f6709-11, groupId=Consumer-topic-f449b8e6_ab0f_4d9a_993f_5720f50f6709] (Re-)joining group
2025-08-12 14:53:30,777 INFO  [io.api.tes.ser.api.KafkaSerdesTester] (Thread-682) None found
2025-08-12 14:53:31,777 INFO  [io.api.tes.ser.api.KafkaSerdesTester] (Thread-682) None found
2025-08-12 14:53:32,777 INFO  [io.api.tes.ser.api.KafkaSerdesTester] (Thread-682) None found
2025-08-12 14:53:32,789 INFO  [org.apa.kaf.cli.con.int.ConsumerCoordinator] (Thread-682) [Consumer clientId=consumer-Consumer-topic-f449b8e6_ab0f_4d9a_993f_5720f50f6709-11, groupId=Consumer-topic-f449b8e6_ab0f_4d9a_993f_5720f50f6709] Successfully joined group with generation Generation{generationId=3, memberId='consumer-Consumer-topic-f449b8e6_ab0f_4d9a_993f_5720f50f6709-11-7f2576d1-96a6-4caa-898a-04b396f0dd89', protocol='range'}
2025-08-12 14:53:32,789 INFO  [org.apa.kaf.cli.con.int.ConsumerCoordinator] (Thread-682) [Consumer clientId=consumer-Consumer-topic-f449b8e6_ab0f_4d9a_993f_5720f50f6709-11, groupId=Consumer-topic-f449b8e6_ab0f_4d9a_993f_5720f50f6709] Finished assignment for group at generation 3: {consumer-Consumer-topic-f449b8e6_ab0f_4d9a_993f_5720f50f6709-11-7f2576d1-96a6-4caa-898a-04b396f0dd89=Assignment(partitions=[topic-f449b8e6_ab0f_4d9a_993f_5720f50f6709-0])}
2025-08-12 14:53:32,797 INFO  [org.apa.kaf.cli.con.int.ConsumerCoordinator] (Thread-682) [Consumer clientId=consumer-Consumer-topic-f449b8e6_ab0f_4d9a_993f_5720f50f6709-11, groupId=Consumer-topic-f449b8e6_ab0f_4d9a_993f_5720f50f6709] Successfully synced group in generation Generation{generationId=3, memberId='consumer-Consumer-topic-f449b8e6_ab0f_4d9a_993f_5720f50f6709-11-7f2576d1-96a6-4caa-898a-04b396f0dd89', protocol='range'}
2025-08-12 14:53:32,797 INFO  [org.apa.kaf.cli.con.int.ConsumerCoordinator] (Thread-682) [Consumer clientId=consumer-Consumer-topic-f449b8e6_ab0f_4d9a_993f_5720f50f6709-11, groupId=Consumer-topic-f449b8e6_ab0f_4d9a_993f_5720f50f6709] Notifying assignor about the new Assignment(partitions=[topic-f449b8e6_ab0f_4d9a_993f_5720f50f6709-0])
2025-08-12 14:53:32,797 INFO  [org.apa.kaf.cli.con.int.ConsumerRebalanceListenerInvoker] (Thread-682) [Consumer clientId=consumer-Consumer-topic-f449b8e6_ab0f_4d9a_993f_5720f50f6709-11, groupId=Consumer-topic-f449b8e6_ab0f_4d9a_993f_5720f50f6709] Adding newly assigned partitions: topic-f449b8e6_ab0f_4d9a_993f_5720f50f6709-0
2025-08-12 14:53:32,798 INFO  [org.apa.kaf.cli.con.int.ConsumerUtils] (Thread-682) Setting offset for partition topic-f449b8e6_ab0f_4d9a_993f_5720f50f6709-0 to the committed offset FetchPosition{offset=10, offsetEpoch=Optional[0], currentLeader=LeaderAndEpoch{leader=Optional[localhost:32769 (id: 0 rack: null)], epoch=0}}
2025-08-12 14:53:32,877 INFO  [io.api.tes.ser.api.KafkaSerdesTester] (Thread-682) topic-f449b8e6_ab0f_4d9a_993f_5720f50f6709 0 10 {"key11755010403838": "value-0", "key21755010408587": "value-0"}
2025-08-12 14:53:32,877 INFO  [io.api.tes.ser.api.KafkaSerdesTester] (Thread-682) topic-f449b8e6_ab0f_4d9a_993f_5720f50f6709 0 11 {"key11755010403838": "value-1", "key21755010408587": "value-1"}
2025-08-12 14:53:32,877 INFO  [io.api.tes.ser.api.KafkaSerdesTester] (Thread-682) topic-f449b8e6_ab0f_4d9a_993f_5720f50f6709 0 12 {"key11755010403838": "value-2", "key21755010408587": "value-2"}
2025-08-12 14:53:32,877 INFO  [io.api.tes.ser.api.KafkaSerdesTester] (Thread-682) topic-f449b8e6_ab0f_4d9a_993f_5720f50f6709 0 13 {"key11755010403838": "value-3", "key21755010408587": "value-3"}
2025-08-12 14:53:32,877 INFO  [io.api.tes.ser.api.KafkaSerdesTester] (Thread-682) topic-f449b8e6_ab0f_4d9a_993f_5720f50f6709 0 14 {"key11755010403838": "value-4", "key21755010408587": "value-4"}
2025-08-12 14:53:32,877 INFO  [io.api.tes.ser.api.KafkaSerdesTester] (Thread-682) topic-f449b8e6_ab0f_4d9a_993f_5720f50f6709 0 15 {"key11755010403838": "value-5", "key21755010408587": "value-5"}
2025-08-12 14:53:32,877 INFO  [io.api.tes.ser.api.KafkaSerdesTester] (Thread-682) topic-f449b8e6_ab0f_4d9a_993f_5720f50f6709 0 16 {"key11755010403838": "value-6", "key21755010408587": "value-6"}
2025-08-12 14:53:32,877 INFO  [io.api.tes.ser.api.KafkaSerdesTester] (Thread-682) topic-f449b8e6_ab0f_4d9a_993f_5720f50f6709 0 17 {"key11755010403838": "value-7", "key21755010408587": "value-7"}
2025-08-12 14:53:32,877 INFO  [io.api.tes.ser.api.KafkaSerdesTester] (Thread-682) topic-f449b8e6_ab0f_4d9a_993f_5720f50f6709 0 18 {"key11755010403838": "value-8", "key21755010408587": "value-8"}
2025-08-12 14:53:32,877 INFO  [io.api.tes.ser.api.KafkaSerdesTester] (Thread-682) topic-f449b8e6_ab0f_4d9a_993f_5720f50f6709 0 19 {"key11755010403838": "value-9", "key21755010408587": "value-9"}
2025-08-12 14:53:32,877 INFO  [io.api.tes.ser.api.KafkaSerdesTester] (Thread-682) topic-f449b8e6_ab0f_4d9a_993f_5720f50f6709 0 20 {"key11755010403838": "value-0"}
2025-08-12 14:53:32,877 INFO  [io.api.tes.ser.api.KafkaSerdesTester] (Thread-682) topic-f449b8e6_ab0f_4d9a_993f_5720f50f6709 0 21 {"key11755010403838": "value-1"}
2025-08-12 14:53:32,877 INFO  [io.api.tes.ser.api.KafkaSerdesTester] (Thread-682) topic-f449b8e6_ab0f_4d9a_993f_5720f50f6709 0 22 {"key11755010403838": "value-2"}
2025-08-12 14:53:32,877 INFO  [io.api.tes.ser.api.KafkaSerdesTester] (Thread-682) topic-f449b8e6_ab0f_4d9a_993f_5720f50f6709 0 23 {"key11755010403838": "value-3"}
2025-08-12 14:53:32,877 INFO  [io.api.tes.ser.api.KafkaSerdesTester] (Thread-682) topic-f449b8e6_ab0f_4d9a_993f_5720f50f6709 0 24 {"key11755010403838": "value-4"}
2025-08-12 14:53:32,877 INFO  [io.api.tes.ser.api.KafkaSerdesTester] (Thread-682) topic-f449b8e6_ab0f_4d9a_993f_5720f50f6709 0 25 {"key11755010403838": "value-5"}
2025-08-12 14:53:32,877 INFO  [io.api.tes.ser.api.KafkaSerdesTester] (Thread-682) topic-f449b8e6_ab0f_4d9a_993f_5720f50f6709 0 26 {"key11755010403838": "value-6"}
2025-08-12 14:53:32,877 INFO  [io.api.tes.ser.api.KafkaSerdesTester] (Thread-682) topic-f449b8e6_ab0f_4d9a_993f_5720f50f6709 0 27 {"key11755010403838": "value-7"}
2025-08-12 14:53:32,877 INFO  [io.api.tes.ser.api.KafkaSerdesTester] (Thread-682) topic-f449b8e6_ab0f_4d9a_993f_5720f50f6709 0 28 {"key11755010403838": "value-8"}
2025-08-12 14:53:32,877 INFO  [io.api.tes.ser.api.KafkaSerdesTester] (Thread-682) topic-f449b8e6_ab0f_4d9a_993f_5720f50f6709 0 29 {"key11755010403838": "value-9"}
2025-08-12 14:53:32,877 INFO  [io.api.tes.ser.api.KafkaSerdesTester] (Thread-682) Consumed 20 messages
2025-08-12 14:53:32,885 INFO  [org.apa.kaf.cli.con.int.ConsumerRebalanceListenerInvoker] (Thread-682) [Consumer clientId=consumer-Consumer-topic-f449b8e6_ab0f_4d9a_993f_5720f50f6709-11, groupId=Consumer-topic-f449b8e6_ab0f_4d9a_993f_5720f50f6709] Revoke previously assigned partitions topic-f449b8e6_ab0f_4d9a_993f_5720f50f6709-0
2025-08-12 14:53:32,885 INFO  [org.apa.kaf.cli.con.int.ConsumerCoordinator] (Thread-682) [Consumer clientId=consumer-Consumer-topic-f449b8e6_ab0f_4d9a_993f_5720f50f6709-11, groupId=Consumer-topic-f449b8e6_ab0f_4d9a_993f_5720f50f6709] Member consumer-Consumer-topic-f449b8e6_ab0f_4d9a_993f_5720f50f6709-11-7f2576d1-96a6-4caa-898a-04b396f0dd89 sending LeaveGroup request to coordinator localhost:32769 (id: 2147483647 rack: null) due to the consumer is being closed
2025-08-12 14:53:32,886 INFO  [org.apa.kaf.cli.con.int.ConsumerCoordinator] (Thread-682) [Consumer clientId=consumer-Consumer-topic-f449b8e6_ab0f_4d9a_993f_5720f50f6709-11, groupId=Consumer-topic-f449b8e6_ab0f_4d9a_993f_5720f50f6709] Resetting generation and member id due to: consumer pro-actively leaving the group
2025-08-12 14:53:32,886 INFO  [org.apa.kaf.cli.con.int.ConsumerCoordinator] (Thread-682) [Consumer clientId=consumer-Consumer-topic-f449b8e6_ab0f_4d9a_993f_5720f50f6709-11, groupId=Consumer-topic-f449b8e6_ab0f_4d9a_993f_5720f50f6709] Request joining group due to: consumer pro-actively leaving the group
2025-08-12 14:53:33,380 INFO  [org.apa.kaf.com.met.Metrics] (Thread-682) Metrics scheduler closed
2025-08-12 14:53:33,380 INFO  [org.apa.kaf.com.met.Metrics] (Thread-682) Closing reporter org.apache.kafka.common.metrics.JmxReporter
2025-08-12 14:53:33,380 INFO  [org.apa.kaf.com.met.Metrics] (Thread-682) Closing reporter org.apache.kafka.common.telemetry.internals.ClientTelemetryReporter
2025-08-12 14:53:33,380 INFO  [org.apa.kaf.com.met.Metrics] (Thread-682) Metrics reporters closed
2025-08-12 14:53:33,386 INFO  [org.apa.kaf.com.uti.AppInfoParser] (Thread-682) App info kafka.consumer for consumer-Consumer-topic-f449b8e6_ab0f_4d9a_993f_5720f50f6709-11 unregistered
2025-08-12 14:53:33,387 INFO  [io.api.tes.ser.api.AvroSerdeIT] (main) Registering Avro Schema 3: {"type":"record","name":"s5b547f25x52a0x4357xb551xde38646ba831","namespace":"ns_0fc7c4e9_e7c8_4d6d_8a8c_4963a4629963","fields":[{"name":"key11755010403838","type":"string"},{"name":"key21755010408587","type":"string"},{"name":"key31755010413387","type":"string"}]}
**** Registry Base URL: http://registry-app-ksql047.apps.ci419.apicurio-testing.org:80
2025-08-12 14:53:34,450 INFO  [org.apa.kaf.cli.pro.ProducerConfig] (main) ProducerConfig values: 
	acks = -1
	auto.include.jmx.reporter = true
	batch.size = 16384
	bootstrap.servers = [PLAINTEXT://localhost:32769]
	buffer.memory = 33554432
	client.dns.lookup = use_all_dns_ips
	client.id = Producer-topic-f449b8e6_ab0f_4d9a_993f_5720f50f6709
	compression.gzip.level = -1
	compression.lz4.level = 9
	compression.type = none
	compression.zstd.level = 3
	connections.max.idle.ms = 10000
	delivery.timeout.ms = 120000
	enable.idempotence = true
	enable.metrics.push = true
	interceptor.classes = []
	key.serializer = class org.apache.kafka.common.serialization.StringSerializer
	linger.ms = 0
	max.block.ms = 60000
	max.in.flight.requests.per.connection = 5
	max.request.size = 1048576
	metadata.max.age.ms = 300000
	metadata.max.idle.ms = 300000
	metadata.recovery.strategy = none
	metric.reporters = []
	metrics.num.samples = 2
	metrics.recording.level = INFO
	metrics.sample.window.ms = 30000
	partitioner.adaptive.partitioning.enable = true
	partitioner.availability.timeout.ms = 0
	partitioner.class = null
	partitioner.ignore.keys = false
	receive.buffer.bytes = 32768
	reconnect.backoff.max.ms = 1000
	reconnect.backoff.ms = 50
	request.timeout.ms = 5000
	retries = 2147483647
	retry.backoff.max.ms = 1000
	retry.backoff.ms = 100
	sasl.client.callback.handler.class = null
	sasl.jaas.config = null
	sasl.kerberos.kinit.cmd = /usr/bin/kinit
	sasl.kerberos.min.time.before.relogin = 60000
	sasl.kerberos.service.name = null
	sasl.kerberos.ticket.renew.jitter = 0.05
	sasl.kerberos.ticket.renew.window.factor = 0.8
	sasl.login.callback.handler.class = null
	sasl.login.class = null
	sasl.login.connect.timeout.ms = null
	sasl.login.read.timeout.ms = null
	sasl.login.refresh.buffer.seconds = 300
	sasl.login.refresh.min.period.seconds = 60
	sasl.login.refresh.window.factor = 0.8
	sasl.login.refresh.window.jitter = 0.05
	sasl.login.retry.backoff.max.ms = 10000
	sasl.login.retry.backoff.ms = 100
	sasl.mechanism = GSSAPI
	sasl.oauthbearer.clock.skew.seconds = 30
	sasl.oauthbearer.expected.audience = null
	sasl.oauthbearer.expected.issuer = null
	sasl.oauthbearer.header.urlencode = false
	sasl.oauthbearer.jwks.endpoint.refresh.ms = 3600000
	sasl.oauthbearer.jwks.endpoint.retry.backoff.max.ms = 10000
	sasl.oauthbearer.jwks.endpoint.retry.backoff.ms = 100
	sasl.oauthbearer.jwks.endpoint.url = null
	sasl.oauthbearer.scope.claim.name = scope
	sasl.oauthbearer.sub.claim.name = sub
	sasl.oauthbearer.token.endpoint.url = null
	security.protocol = PLAINTEXT
	security.providers = null
	send.buffer.bytes = 131072
	socket.connection.setup.timeout.max.ms = 30000
	socket.connection.setup.timeout.ms = 10000
	ssl.cipher.suites = null
	ssl.enabled.protocols = [TLSv1.2, TLSv1.3]
	ssl.endpoint.identification.algorithm = https
	ssl.engine.factory.class = null
	ssl.key.password = null
	ssl.keymanager.algorithm = SunX509
	ssl.keystore.certificate.chain = null
	ssl.keystore.key = null
	ssl.keystore.location = null
	ssl.keystore.password = null
	ssl.keystore.type = JKS
	ssl.protocol = TLSv1.3
	ssl.provider = null
	ssl.secure.random.implementation = null
	ssl.trustmanager.algorithm = PKIX
	ssl.truststore.certificates = null
	ssl.truststore.location = null
	ssl.truststore.password = null
	ssl.truststore.type = JKS
	transaction.timeout.ms = 60000
	transactional.id = null
	value.serializer = class io.apicurio.registry.serde.avro.AvroKafkaSerializer

2025-08-12 14:53:34,450 INFO  [org.apa.kaf.com.tel.int.KafkaMetricsCollector] (main) initializing Kafka metrics collector
2025-08-12 14:53:34,454 INFO  [org.apa.kaf.cli.pro.KafkaProducer] (main) [Producer clientId=Producer-topic-f449b8e6_ab0f_4d9a_993f_5720f50f6709] Instantiated an idempotent producer.
2025-08-12 14:53:34,458 INFO  [org.apa.kaf.cli.pro.ProducerConfig] (main) These configurations '[apicurio.registry.url, apicurio.registry.artifact-resolver-strategy]' were supplied but are not used yet.
2025-08-12 14:53:34,458 INFO  [org.apa.kaf.com.uti.AppInfoParser] (main) Kafka version: 3.9.1
2025-08-12 14:53:34,458 INFO  [org.apa.kaf.com.uti.AppInfoParser] (main) Kafka commitId: f745dfdcee2b9851
2025-08-12 14:53:34,458 INFO  [org.apa.kaf.com.uti.AppInfoParser] (main) Kafka startTimeMs: 1755010414458
2025-08-12 14:53:34,458 INFO  [io.api.tes.ser.api.KafkaSerdesTester] (Thread-685) Sending message {"key11755010403838": "value-0", "key21755010408587": "value-0", "key31755010413387": "value-0"} to topic topic-f449b8e6_ab0f_4d9a_993f_5720f50f6709
2025-08-12 14:53:34,463 INFO  [org.apa.kaf.cli.Metadata] (kafka-producer-network-thread | Producer-topic-f449b8e6_ab0f_4d9a_993f_5720f50f6709) [Producer clientId=Producer-topic-f449b8e6_ab0f_4d9a_993f_5720f50f6709] Cluster ID: XZZUcOHpSnyflE0hmwIDCg
2025-08-12 14:53:34,463 INFO  [org.apa.kaf.cli.pro.int.TransactionManager] (kafka-producer-network-thread | Producer-topic-f449b8e6_ab0f_4d9a_993f_5720f50f6709) [Producer clientId=Producer-topic-f449b8e6_ab0f_4d9a_993f_5720f50f6709] ProducerId set to 15 with epoch 0
2025-08-12 14:53:34,464 INFO  [DefaultSchemaResolver] (Thread-685) Retrieving schema content using string: {"type":"record","name":"s5b547f25x52a0x4357xb551xde38646ba831","namespace":"ns_0fc7c4e9_e7c8_4d6d_8a8c_4963a4629963","fields":[{"name":"key11755010403838","type":"string"},{"name":"key21755010408587","type":"string"},{"name":"key31755010413387","type":"string"}]}
2025-08-12 14:53:34,490 INFO  [io.api.tes.ser.api.KafkaSerdesTester] (Thread-685) Sending message {"key11755010403838": "value-1", "key21755010408587": "value-1", "key31755010413387": "value-1"} to topic topic-f449b8e6_ab0f_4d9a_993f_5720f50f6709
2025-08-12 14:53:34,492 INFO  [io.api.tes.ser.api.KafkaSerdesTester] (Thread-685) Sending message {"key11755010403838": "value-2", "key21755010408587": "value-2", "key31755010413387": "value-2"} to topic topic-f449b8e6_ab0f_4d9a_993f_5720f50f6709
2025-08-12 14:53:34,493 INFO  [io.api.tes.ser.api.KafkaSerdesTester] (Thread-685) Sending message {"key11755010403838": "value-3", "key21755010408587": "value-3", "key31755010413387": "value-3"} to topic topic-f449b8e6_ab0f_4d9a_993f_5720f50f6709
2025-08-12 14:53:34,495 INFO  [io.api.tes.ser.api.KafkaSerdesTester] (Thread-685) Sending message {"key11755010403838": "value-4", "key21755010408587": "value-4", "key31755010413387": "value-4"} to topic topic-f449b8e6_ab0f_4d9a_993f_5720f50f6709
2025-08-12 14:53:34,497 INFO  [io.api.tes.ser.api.KafkaSerdesTester] (Thread-685) Sending message {"key11755010403838": "value-5", "key21755010408587": "value-5", "key31755010413387": "value-5"} to topic topic-f449b8e6_ab0f_4d9a_993f_5720f50f6709
2025-08-12 14:53:34,500 INFO  [io.api.tes.ser.api.KafkaSerdesTester] (Thread-685) Sending message {"key11755010403838": "value-6", "key21755010408587": "value-6", "key31755010413387": "value-6"} to topic topic-f449b8e6_ab0f_4d9a_993f_5720f50f6709
2025-08-12 14:53:34,502 INFO  [io.api.tes.ser.api.KafkaSerdesTester] (Thread-685) Sending message {"key11755010403838": "value-7", "key21755010408587": "value-7", "key31755010413387": "value-7"} to topic topic-f449b8e6_ab0f_4d9a_993f_5720f50f6709
2025-08-12 14:53:34,504 INFO  [io.api.tes.ser.api.KafkaSerdesTester] (Thread-685) Sending message {"key11755010403838": "value-8", "key21755010408587": "value-8", "key31755010413387": "value-8"} to topic topic-f449b8e6_ab0f_4d9a_993f_5720f50f6709
2025-08-12 14:53:34,505 INFO  [io.api.tes.ser.api.KafkaSerdesTester] (Thread-685) Sending message {"key11755010403838": "value-9", "key21755010408587": "value-9", "key31755010413387": "value-9"} to topic topic-f449b8e6_ab0f_4d9a_993f_5720f50f6709
2025-08-12 14:53:34,507 INFO  [io.api.tes.ser.api.KafkaSerdesTester] (Thread-685) Produced 10 messages
2025-08-12 14:53:34,507 INFO  [org.apa.kaf.cli.pro.KafkaProducer] (Thread-685) [Producer clientId=Producer-topic-f449b8e6_ab0f_4d9a_993f_5720f50f6709] Closing the Kafka producer with timeoutMillis = 9223372036854775807 ms.
2025-08-12 14:53:34,509 INFO  [org.apa.kaf.com.met.Metrics] (Thread-685) Metrics scheduler closed
2025-08-12 14:53:34,509 INFO  [org.apa.kaf.com.met.Metrics] (Thread-685) Closing reporter org.apache.kafka.common.metrics.JmxReporter
2025-08-12 14:53:34,509 INFO  [org.apa.kaf.com.met.Metrics] (Thread-685) Closing reporter org.apache.kafka.common.telemetry.internals.ClientTelemetryReporter
2025-08-12 14:53:34,509 INFO  [org.apa.kaf.com.met.Metrics] (Thread-685) Metrics reporters closed
2025-08-12 14:53:34,509 INFO  [org.apa.kaf.com.uti.AppInfoParser] (Thread-685) App info kafka.producer for Producer-topic-f449b8e6_ab0f_4d9a_993f_5720f50f6709 unregistered
**** Registry Base URL: http://registry-app-ksql047.apps.ci419.apicurio-testing.org:80
2025-08-12 14:53:34,510 INFO  [org.apa.kaf.cli.pro.ProducerConfig] (main) ProducerConfig values: 
	acks = -1
	auto.include.jmx.reporter = true
	batch.size = 16384
	bootstrap.servers = [PLAINTEXT://localhost:32769]
	buffer.memory = 33554432
	client.dns.lookup = use_all_dns_ips
	client.id = Producer-topic-f449b8e6_ab0f_4d9a_993f_5720f50f6709
	compression.gzip.level = -1
	compression.lz4.level = 9
	compression.type = none
	compression.zstd.level = 3
	connections.max.idle.ms = 10000
	delivery.timeout.ms = 120000
	enable.idempotence = true
	enable.metrics.push = true
	interceptor.classes = []
	key.serializer = class org.apache.kafka.common.serialization.StringSerializer
	linger.ms = 0
	max.block.ms = 60000
	max.in.flight.requests.per.connection = 5
	max.request.size = 1048576
	metadata.max.age.ms = 300000
	metadata.max.idle.ms = 300000
	metadata.recovery.strategy = none
	metric.reporters = []
	metrics.num.samples = 2
	metrics.recording.level = INFO
	metrics.sample.window.ms = 30000
	partitioner.adaptive.partitioning.enable = true
	partitioner.availability.timeout.ms = 0
	partitioner.class = null
	partitioner.ignore.keys = false
	receive.buffer.bytes = 32768
	reconnect.backoff.max.ms = 1000
	reconnect.backoff.ms = 50
	request.timeout.ms = 5000
	retries = 2147483647
	retry.backoff.max.ms = 1000
	retry.backoff.ms = 100
	sasl.client.callback.handler.class = null
	sasl.jaas.config = null
	sasl.kerberos.kinit.cmd = /usr/bin/kinit
	sasl.kerberos.min.time.before.relogin = 60000
	sasl.kerberos.service.name = null
	sasl.kerberos.ticket.renew.jitter = 0.05
	sasl.kerberos.ticket.renew.window.factor = 0.8
	sasl.login.callback.handler.class = null
	sasl.login.class = null
	sasl.login.connect.timeout.ms = null
	sasl.login.read.timeout.ms = null
	sasl.login.refresh.buffer.seconds = 300
	sasl.login.refresh.min.period.seconds = 60
	sasl.login.refresh.window.factor = 0.8
	sasl.login.refresh.window.jitter = 0.05
	sasl.login.retry.backoff.max.ms = 10000
	sasl.login.retry.backoff.ms = 100
	sasl.mechanism = GSSAPI
	sasl.oauthbearer.clock.skew.seconds = 30
	sasl.oauthbearer.expected.audience = null
	sasl.oauthbearer.expected.issuer = null
	sasl.oauthbearer.header.urlencode = false
	sasl.oauthbearer.jwks.endpoint.refresh.ms = 3600000
	sasl.oauthbearer.jwks.endpoint.retry.backoff.max.ms = 10000
	sasl.oauthbearer.jwks.endpoint.retry.backoff.ms = 100
	sasl.oauthbearer.jwks.endpoint.url = null
	sasl.oauthbearer.scope.claim.name = scope
	sasl.oauthbearer.sub.claim.name = sub
	sasl.oauthbearer.token.endpoint.url = null
	security.protocol = PLAINTEXT
	security.providers = null
	send.buffer.bytes = 131072
	socket.connection.setup.timeout.max.ms = 30000
	socket.connection.setup.timeout.ms = 10000
	ssl.cipher.suites = null
	ssl.enabled.protocols = [TLSv1.2, TLSv1.3]
	ssl.endpoint.identification.algorithm = https
	ssl.engine.factory.class = null
	ssl.key.password = null
	ssl.keymanager.algorithm = SunX509
	ssl.keystore.certificate.chain = null
	ssl.keystore.key = null
	ssl.keystore.location = null
	ssl.keystore.password = null
	ssl.keystore.type = JKS
	ssl.protocol = TLSv1.3
	ssl.provider = null
	ssl.secure.random.implementation = null
	ssl.trustmanager.algorithm = PKIX
	ssl.truststore.certificates = null
	ssl.truststore.location = null
	ssl.truststore.password = null
	ssl.truststore.type = JKS
	transaction.timeout.ms = 60000
	transactional.id = null
	value.serializer = class io.apicurio.registry.serde.avro.AvroKafkaSerializer

2025-08-12 14:53:34,510 INFO  [org.apa.kaf.com.tel.int.KafkaMetricsCollector] (main) initializing Kafka metrics collector
2025-08-12 14:53:34,514 INFO  [org.apa.kaf.cli.pro.KafkaProducer] (main) [Producer clientId=Producer-topic-f449b8e6_ab0f_4d9a_993f_5720f50f6709] Instantiated an idempotent producer.
2025-08-12 14:53:34,518 INFO  [org.apa.kaf.cli.pro.ProducerConfig] (main) These configurations '[apicurio.registry.url, apicurio.registry.artifact-resolver-strategy]' were supplied but are not used yet.
2025-08-12 14:53:34,518 INFO  [org.apa.kaf.com.uti.AppInfoParser] (main) Kafka version: 3.9.1
2025-08-12 14:53:34,518 INFO  [org.apa.kaf.com.uti.AppInfoParser] (main) Kafka commitId: f745dfdcee2b9851
2025-08-12 14:53:34,518 INFO  [org.apa.kaf.com.uti.AppInfoParser] (main) Kafka startTimeMs: 1755010414518
2025-08-12 14:53:34,521 INFO  [io.api.tes.ser.api.KafkaSerdesTester] (Thread-688) Sending message {"key11755010403838": "value-0", "key21755010408587": "value-0"} to topic topic-f449b8e6_ab0f_4d9a_993f_5720f50f6709
2025-08-12 14:53:34,525 INFO  [org.apa.kaf.cli.Metadata] (kafka-producer-network-thread | Producer-topic-f449b8e6_ab0f_4d9a_993f_5720f50f6709) [Producer clientId=Producer-topic-f449b8e6_ab0f_4d9a_993f_5720f50f6709] Cluster ID: XZZUcOHpSnyflE0hmwIDCg
2025-08-12 14:53:34,525 INFO  [DefaultSchemaResolver] (Thread-688) Retrieving schema content using string: {"type":"record","name":"s5b547f25x52a0x4357xb551xde38646ba831","namespace":"ns_0fc7c4e9_e7c8_4d6d_8a8c_4963a4629963","fields":[{"name":"key11755010403838","type":"string"},{"name":"key21755010408587","type":"string"}]}
2025-08-12 14:53:34,526 INFO  [org.apa.kaf.cli.pro.int.TransactionManager] (kafka-producer-network-thread | Producer-topic-f449b8e6_ab0f_4d9a_993f_5720f50f6709) [Producer clientId=Producer-topic-f449b8e6_ab0f_4d9a_993f_5720f50f6709] ProducerId set to 16 with epoch 0
2025-08-12 14:53:34,570 INFO  [io.api.tes.ser.api.KafkaSerdesTester] (Thread-688) Sending message {"key11755010403838": "value-1", "key21755010408587": "value-1"} to topic topic-f449b8e6_ab0f_4d9a_993f_5720f50f6709
2025-08-12 14:53:34,576 INFO  [io.api.tes.ser.api.KafkaSerdesTester] (Thread-688) Sending message {"key11755010403838": "value-2", "key21755010408587": "value-2"} to topic topic-f449b8e6_ab0f_4d9a_993f_5720f50f6709
2025-08-12 14:53:34,577 INFO  [io.api.tes.ser.api.KafkaSerdesTester] (Thread-688) Sending message {"key11755010403838": "value-3", "key21755010408587": "value-3"} to topic topic-f449b8e6_ab0f_4d9a_993f_5720f50f6709
2025-08-12 14:53:34,579 INFO  [io.api.tes.ser.api.KafkaSerdesTester] (Thread-688) Sending message {"key11755010403838": "value-4", "key21755010408587": "value-4"} to topic topic-f449b8e6_ab0f_4d9a_993f_5720f50f6709
2025-08-12 14:53:34,581 INFO  [io.api.tes.ser.api.KafkaSerdesTester] (Thread-688) Sending message {"key11755010403838": "value-5", "key21755010408587": "value-5"} to topic topic-f449b8e6_ab0f_4d9a_993f_5720f50f6709
2025-08-12 14:53:34,582 INFO  [io.api.tes.ser.api.KafkaSerdesTester] (Thread-688) Sending message {"key11755010403838": "value-6", "key21755010408587": "value-6"} to topic topic-f449b8e6_ab0f_4d9a_993f_5720f50f6709
2025-08-12 14:53:34,584 INFO  [io.api.tes.ser.api.KafkaSerdesTester] (Thread-688) Sending message {"key11755010403838": "value-7", "key21755010408587": "value-7"} to topic topic-f449b8e6_ab0f_4d9a_993f_5720f50f6709
2025-08-12 14:53:34,586 INFO  [io.api.tes.ser.api.KafkaSerdesTester] (Thread-688) Sending message {"key11755010403838": "value-8", "key21755010408587": "value-8"} to topic topic-f449b8e6_ab0f_4d9a_993f_5720f50f6709
2025-08-12 14:53:34,588 INFO  [io.api.tes.ser.api.KafkaSerdesTester] (Thread-688) Sending message {"key11755010403838": "value-9", "key21755010408587": "value-9"} to topic topic-f449b8e6_ab0f_4d9a_993f_5720f50f6709
2025-08-12 14:53:34,591 INFO  [io.api.tes.ser.api.KafkaSerdesTester] (Thread-688) Produced 10 messages
2025-08-12 14:53:34,591 INFO  [org.apa.kaf.cli.pro.KafkaProducer] (Thread-688) [Producer clientId=Producer-topic-f449b8e6_ab0f_4d9a_993f_5720f50f6709] Closing the Kafka producer with timeoutMillis = 9223372036854775807 ms.
2025-08-12 14:53:34,593 INFO  [org.apa.kaf.com.met.Metrics] (Thread-688) Metrics scheduler closed
2025-08-12 14:53:34,593 INFO  [org.apa.kaf.com.met.Metrics] (Thread-688) Closing reporter org.apache.kafka.common.metrics.JmxReporter
2025-08-12 14:53:34,593 INFO  [org.apa.kaf.com.met.Metrics] (Thread-688) Closing reporter org.apache.kafka.common.telemetry.internals.ClientTelemetryReporter
2025-08-12 14:53:34,593 INFO  [org.apa.kaf.com.met.Metrics] (Thread-688) Metrics reporters closed
2025-08-12 14:53:34,594 INFO  [org.apa.kaf.com.uti.AppInfoParser] (Thread-688) App info kafka.producer for Producer-topic-f449b8e6_ab0f_4d9a_993f_5720f50f6709 unregistered
**** Registry Base URL: http://registry-app-ksql047.apps.ci419.apicurio-testing.org:80
2025-08-12 14:53:34,595 INFO  [org.apa.kaf.cli.pro.ProducerConfig] (main) ProducerConfig values: 
	acks = -1
	auto.include.jmx.reporter = true
	batch.size = 16384
	bootstrap.servers = [PLAINTEXT://localhost:32769]
	buffer.memory = 33554432
	client.dns.lookup = use_all_dns_ips
	client.id = Producer-topic-f449b8e6_ab0f_4d9a_993f_5720f50f6709
	compression.gzip.level = -1
	compression.lz4.level = 9
	compression.type = none
	compression.zstd.level = 3
	connections.max.idle.ms = 10000
	delivery.timeout.ms = 120000
	enable.idempotence = true
	enable.metrics.push = true
	interceptor.classes = []
	key.serializer = class org.apache.kafka.common.serialization.StringSerializer
	linger.ms = 0
	max.block.ms = 60000
	max.in.flight.requests.per.connection = 5
	max.request.size = 1048576
	metadata.max.age.ms = 300000
	metadata.max.idle.ms = 300000
	metadata.recovery.strategy = none
	metric.reporters = []
	metrics.num.samples = 2
	metrics.recording.level = INFO
	metrics.sample.window.ms = 30000
	partitioner.adaptive.partitioning.enable = true
	partitioner.availability.timeout.ms = 0
	partitioner.class = null
	partitioner.ignore.keys = false
	receive.buffer.bytes = 32768
	reconnect.backoff.max.ms = 1000
	reconnect.backoff.ms = 50
	request.timeout.ms = 5000
	retries = 2147483647
	retry.backoff.max.ms = 1000
	retry.backoff.ms = 100
	sasl.client.callback.handler.class = null
	sasl.jaas.config = null
	sasl.kerberos.kinit.cmd = /usr/bin/kinit
	sasl.kerberos.min.time.before.relogin = 60000
	sasl.kerberos.service.name = null
	sasl.kerberos.ticket.renew.jitter = 0.05
	sasl.kerberos.ticket.renew.window.factor = 0.8
	sasl.login.callback.handler.class = null
	sasl.login.class = null
	sasl.login.connect.timeout.ms = null
	sasl.login.read.timeout.ms = null
	sasl.login.refresh.buffer.seconds = 300
	sasl.login.refresh.min.period.seconds = 60
	sasl.login.refresh.window.factor = 0.8
	sasl.login.refresh.window.jitter = 0.05
	sasl.login.retry.backoff.max.ms = 10000
	sasl.login.retry.backoff.ms = 100
	sasl.mechanism = GSSAPI
	sasl.oauthbearer.clock.skew.seconds = 30
	sasl.oauthbearer.expected.audience = null
	sasl.oauthbearer.expected.issuer = null
	sasl.oauthbearer.header.urlencode = false
	sasl.oauthbearer.jwks.endpoint.refresh.ms = 3600000
	sasl.oauthbearer.jwks.endpoint.retry.backoff.max.ms = 10000
	sasl.oauthbearer.jwks.endpoint.retry.backoff.ms = 100
	sasl.oauthbearer.jwks.endpoint.url = null
	sasl.oauthbearer.scope.claim.name = scope
	sasl.oauthbearer.sub.claim.name = sub
	sasl.oauthbearer.token.endpoint.url = null
	security.protocol = PLAINTEXT
	security.providers = null
	send.buffer.bytes = 131072
	socket.connection.setup.timeout.max.ms = 30000
	socket.connection.setup.timeout.ms = 10000
	ssl.cipher.suites = null
	ssl.enabled.protocols = [TLSv1.2, TLSv1.3]
	ssl.endpoint.identification.algorithm = https
	ssl.engine.factory.class = null
	ssl.key.password = null
	ssl.keymanager.algorithm = SunX509
	ssl.keystore.certificate.chain = null
	ssl.keystore.key = null
	ssl.keystore.location = null
	ssl.keystore.password = null
	ssl.keystore.type = JKS
	ssl.protocol = TLSv1.3
	ssl.provider = null
	ssl.secure.random.implementation = null
	ssl.trustmanager.algorithm = PKIX
	ssl.truststore.certificates = null
	ssl.truststore.location = null
	ssl.truststore.password = null
	ssl.truststore.type = JKS
	transaction.timeout.ms = 60000
	transactional.id = null
	value.serializer = class io.apicurio.registry.serde.avro.AvroKafkaSerializer

2025-08-12 14:53:34,595 INFO  [org.apa.kaf.com.tel.int.KafkaMetricsCollector] (main) initializing Kafka metrics collector
2025-08-12 14:53:34,601 INFO  [org.apa.kaf.cli.pro.KafkaProducer] (main) [Producer clientId=Producer-topic-f449b8e6_ab0f_4d9a_993f_5720f50f6709] Instantiated an idempotent producer.
2025-08-12 14:53:34,604 INFO  [org.apa.kaf.cli.pro.ProducerConfig] (main) These configurations '[apicurio.registry.url, apicurio.registry.artifact-resolver-strategy]' were supplied but are not used yet.
2025-08-12 14:53:34,604 INFO  [org.apa.kaf.com.uti.AppInfoParser] (main) Kafka version: 3.9.1
2025-08-12 14:53:34,604 INFO  [org.apa.kaf.com.uti.AppInfoParser] (main) Kafka commitId: f745dfdcee2b9851
2025-08-12 14:53:34,604 INFO  [org.apa.kaf.com.uti.AppInfoParser] (main) Kafka startTimeMs: 1755010414604
2025-08-12 14:53:34,607 INFO  [io.api.tes.ser.api.KafkaSerdesTester] (Thread-691) Sending message {"key11755010403838": "value-0"} to topic topic-f449b8e6_ab0f_4d9a_993f_5720f50f6709
2025-08-12 14:53:34,609 INFO  [org.apa.kaf.cli.Metadata] (kafka-producer-network-thread | Producer-topic-f449b8e6_ab0f_4d9a_993f_5720f50f6709) [Producer clientId=Producer-topic-f449b8e6_ab0f_4d9a_993f_5720f50f6709] Cluster ID: XZZUcOHpSnyflE0hmwIDCg
2025-08-12 14:53:34,610 INFO  [DefaultSchemaResolver] (Thread-691) Retrieving schema content using string: {"type":"record","name":"s5b547f25x52a0x4357xb551xde38646ba831","namespace":"ns_0fc7c4e9_e7c8_4d6d_8a8c_4963a4629963","fields":[{"name":"key11755010403838","type":"string"}]}
2025-08-12 14:53:34,611 INFO  [org.apa.kaf.cli.pro.int.TransactionManager] (kafka-producer-network-thread | Producer-topic-f449b8e6_ab0f_4d9a_993f_5720f50f6709) [Producer clientId=Producer-topic-f449b8e6_ab0f_4d9a_993f_5720f50f6709] ProducerId set to 17 with epoch 0
2025-08-12 14:53:34,637 INFO  [io.api.tes.ser.api.KafkaSerdesTester] (Thread-691) Sending message {"key11755010403838": "value-1"} to topic topic-f449b8e6_ab0f_4d9a_993f_5720f50f6709
2025-08-12 14:53:34,641 INFO  [io.api.tes.ser.api.KafkaSerdesTester] (Thread-691) Sending message {"key11755010403838": "value-2"} to topic topic-f449b8e6_ab0f_4d9a_993f_5720f50f6709
2025-08-12 14:53:34,645 INFO  [io.api.tes.ser.api.KafkaSerdesTester] (Thread-691) Sending message {"key11755010403838": "value-3"} to topic topic-f449b8e6_ab0f_4d9a_993f_5720f50f6709
2025-08-12 14:53:34,646 INFO  [io.api.tes.ser.api.KafkaSerdesTester] (Thread-691) Sending message {"key11755010403838": "value-4"} to topic topic-f449b8e6_ab0f_4d9a_993f_5720f50f6709
2025-08-12 14:53:34,648 INFO  [io.api.tes.ser.api.KafkaSerdesTester] (Thread-691) Sending message {"key11755010403838": "value-5"} to topic topic-f449b8e6_ab0f_4d9a_993f_5720f50f6709
2025-08-12 14:53:34,650 INFO  [io.api.tes.ser.api.KafkaSerdesTester] (Thread-691) Sending message {"key11755010403838": "value-6"} to topic topic-f449b8e6_ab0f_4d9a_993f_5720f50f6709
2025-08-12 14:53:34,651 INFO  [io.api.tes.ser.api.KafkaSerdesTester] (Thread-691) Sending message {"key11755010403838": "value-7"} to topic topic-f449b8e6_ab0f_4d9a_993f_5720f50f6709
2025-08-12 14:53:34,652 INFO  [io.api.tes.ser.api.KafkaSerdesTester] (Thread-691) Sending message {"key11755010403838": "value-8"} to topic topic-f449b8e6_ab0f_4d9a_993f_5720f50f6709
2025-08-12 14:53:34,654 INFO  [io.api.tes.ser.api.KafkaSerdesTester] (Thread-691) Sending message {"key11755010403838": "value-9"} to topic topic-f449b8e6_ab0f_4d9a_993f_5720f50f6709
2025-08-12 14:53:34,657 INFO  [io.api.tes.ser.api.KafkaSerdesTester] (Thread-691) Produced 10 messages
2025-08-12 14:53:34,657 INFO  [org.apa.kaf.cli.pro.KafkaProducer] (Thread-691) [Producer clientId=Producer-topic-f449b8e6_ab0f_4d9a_993f_5720f50f6709] Closing the Kafka producer with timeoutMillis = 9223372036854775807 ms.
2025-08-12 14:53:34,659 INFO  [org.apa.kaf.com.met.Metrics] (Thread-691) Metrics scheduler closed
2025-08-12 14:53:34,659 INFO  [org.apa.kaf.com.met.Metrics] (Thread-691) Closing reporter org.apache.kafka.common.metrics.JmxReporter
2025-08-12 14:53:34,659 INFO  [org.apa.kaf.com.met.Metrics] (Thread-691) Closing reporter org.apache.kafka.common.telemetry.internals.ClientTelemetryReporter
2025-08-12 14:53:34,659 INFO  [org.apa.kaf.com.met.Metrics] (Thread-691) Metrics reporters closed
2025-08-12 14:53:34,660 INFO  [org.apa.kaf.com.uti.AppInfoParser] (Thread-691) App info kafka.producer for Producer-topic-f449b8e6_ab0f_4d9a_993f_5720f50f6709 unregistered
**** Registry Base URL: http://registry-app-ksql047.apps.ci419.apicurio-testing.org:80
2025-08-12 14:53:34,660 INFO  [org.apa.kaf.cli.con.ConsumerConfig] (main) ConsumerConfig values: 
	allow.auto.create.topics = true
	auto.commit.interval.ms = 500
	auto.include.jmx.reporter = true
	auto.offset.reset = earliest
	bootstrap.servers = [PLAINTEXT://localhost:32769]
	check.crcs = true
	client.dns.lookup = use_all_dns_ips
	client.id = consumer-Consumer-topic-f449b8e6_ab0f_4d9a_993f_5720f50f6709-12
	client.rack = 
	connections.max.idle.ms = 10000
	default.api.timeout.ms = 60000
	enable.auto.commit = true
	enable.metrics.push = true
	exclude.internal.topics = true
	fetch.max.bytes = 52428800
	fetch.max.wait.ms = 500
	fetch.min.bytes = 1
	group.id = Consumer-topic-f449b8e6_ab0f_4d9a_993f_5720f50f6709
	group.instance.id = null
	group.protocol = classic
	group.remote.assignor = null
	heartbeat.interval.ms = 3000
	interceptor.classes = []
	internal.leave.group.on.close = true
	internal.throw.on.fetch.stable.offset.unsupported = false
	isolation.level = read_uncommitted
	key.deserializer = class org.apache.kafka.common.serialization.StringDeserializer
	max.partition.fetch.bytes = 1048576
	max.poll.interval.ms = 300000
	max.poll.records = 500
	metadata.max.age.ms = 300000
	metadata.recovery.strategy = none
	metric.reporters = []
	metrics.num.samples = 2
	metrics.recording.level = INFO
	metrics.sample.window.ms = 30000
	partition.assignment.strategy = [class org.apache.kafka.clients.consumer.RangeAssignor, class org.apache.kafka.clients.consumer.CooperativeStickyAssignor]
	receive.buffer.bytes = 65536
	reconnect.backoff.max.ms = 1000
	reconnect.backoff.ms = 50
	request.timeout.ms = 5000
	retry.backoff.max.ms = 1000
	retry.backoff.ms = 100
	sasl.client.callback.handler.class = null
	sasl.jaas.config = null
	sasl.kerberos.kinit.cmd = /usr/bin/kinit
	sasl.kerberos.min.time.before.relogin = 60000
	sasl.kerberos.service.name = null
	sasl.kerberos.ticket.renew.jitter = 0.05
	sasl.kerberos.ticket.renew.window.factor = 0.8
	sasl.login.callback.handler.class = null
	sasl.login.class = null
	sasl.login.connect.timeout.ms = null
	sasl.login.read.timeout.ms = null
	sasl.login.refresh.buffer.seconds = 300
	sasl.login.refresh.min.period.seconds = 60
	sasl.login.refresh.window.factor = 0.8
	sasl.login.refresh.window.jitter = 0.05
	sasl.login.retry.backoff.max.ms = 10000
	sasl.login.retry.backoff.ms = 100
	sasl.mechanism = GSSAPI
	sasl.oauthbearer.clock.skew.seconds = 30
	sasl.oauthbearer.expected.audience = null
	sasl.oauthbearer.expected.issuer = null
	sasl.oauthbearer.header.urlencode = false
	sasl.oauthbearer.jwks.endpoint.refresh.ms = 3600000
	sasl.oauthbearer.jwks.endpoint.retry.backoff.max.ms = 10000
	sasl.oauthbearer.jwks.endpoint.retry.backoff.ms = 100
	sasl.oauthbearer.jwks.endpoint.url = null
	sasl.oauthbearer.scope.claim.name = scope
	sasl.oauthbearer.sub.claim.name = sub
	sasl.oauthbearer.token.endpoint.url = null
	security.protocol = PLAINTEXT
	security.providers = null
	send.buffer.bytes = 131072
	session.timeout.ms = 45000
	socket.connection.setup.timeout.max.ms = 30000
	socket.connection.setup.timeout.ms = 10000
	ssl.cipher.suites = null
	ssl.enabled.protocols = [TLSv1.2, TLSv1.3]
	ssl.endpoint.identification.algorithm = https
	ssl.engine.factory.class = null
	ssl.key.password = null
	ssl.keymanager.algorithm = SunX509
	ssl.keystore.certificate.chain = null
	ssl.keystore.key = null
	ssl.keystore.location = null
	ssl.keystore.password = null
	ssl.keystore.type = JKS
	ssl.protocol = TLSv1.3
	ssl.provider = null
	ssl.secure.random.implementation = null
	ssl.trustmanager.algorithm = PKIX
	ssl.truststore.certificates = null
	ssl.truststore.location = null
	ssl.truststore.password = null
	ssl.truststore.type = JKS
	value.deserializer = class io.apicurio.registry.serde.avro.AvroKafkaDeserializer

2025-08-12 14:53:34,661 INFO  [org.apa.kaf.com.tel.int.KafkaMetricsCollector] (main) initializing Kafka metrics collector
2025-08-12 14:53:34,672 INFO  [org.apa.kaf.cli.con.ConsumerConfig] (main) These configurations '[apicurio.registry.url]' were supplied but are not used yet.
2025-08-12 14:53:34,672 INFO  [org.apa.kaf.com.uti.AppInfoParser] (main) Kafka version: 3.9.1
2025-08-12 14:53:34,672 INFO  [org.apa.kaf.com.uti.AppInfoParser] (main) Kafka commitId: f745dfdcee2b9851
2025-08-12 14:53:34,672 INFO  [org.apa.kaf.com.uti.AppInfoParser] (main) Kafka startTimeMs: 1755010414672
2025-08-12 14:53:34,675 INFO  [org.apa.kaf.cli.con.int.ClassicKafkaConsumer] (Thread-694) [Consumer clientId=consumer-Consumer-topic-f449b8e6_ab0f_4d9a_993f_5720f50f6709-12, groupId=Consumer-topic-f449b8e6_ab0f_4d9a_993f_5720f50f6709] Subscribed to topic(s): topic-f449b8e6_ab0f_4d9a_993f_5720f50f6709
2025-08-12 14:53:34,680 INFO  [org.apa.kaf.cli.Metadata] (Thread-694) [Consumer clientId=consumer-Consumer-topic-f449b8e6_ab0f_4d9a_993f_5720f50f6709-12, groupId=Consumer-topic-f449b8e6_ab0f_4d9a_993f_5720f50f6709] Cluster ID: XZZUcOHpSnyflE0hmwIDCg
2025-08-12 14:53:34,682 INFO  [org.apa.kaf.cli.con.int.ConsumerCoordinator] (Thread-694) [Consumer clientId=consumer-Consumer-topic-f449b8e6_ab0f_4d9a_993f_5720f50f6709-12, groupId=Consumer-topic-f449b8e6_ab0f_4d9a_993f_5720f50f6709] Discovered group coordinator localhost:32769 (id: 2147483647 rack: null)
2025-08-12 14:53:34,683 INFO  [org.apa.kaf.cli.con.int.ConsumerCoordinator] (Thread-694) [Consumer clientId=consumer-Consumer-topic-f449b8e6_ab0f_4d9a_993f_5720f50f6709-12, groupId=Consumer-topic-f449b8e6_ab0f_4d9a_993f_5720f50f6709] (Re-)joining group
2025-08-12 14:53:34,688 INFO  [org.apa.kaf.cli.con.int.ConsumerCoordinator] (Thread-694) [Consumer clientId=consumer-Consumer-topic-f449b8e6_ab0f_4d9a_993f_5720f50f6709-12, groupId=Consumer-topic-f449b8e6_ab0f_4d9a_993f_5720f50f6709] Request joining group due to: need to re-join with the given member-id: consumer-Consumer-topic-f449b8e6_ab0f_4d9a_993f_5720f50f6709-12-aecc8657-a424-4fd7-877e-49e537f6ba53
2025-08-12 14:53:34,688 INFO  [org.apa.kaf.cli.con.int.ConsumerCoordinator] (Thread-694) [Consumer clientId=consumer-Consumer-topic-f449b8e6_ab0f_4d9a_993f_5720f50f6709-12, groupId=Consumer-topic-f449b8e6_ab0f_4d9a_993f_5720f50f6709] (Re-)joining group
2025-08-12 14:53:35,675 INFO  [io.api.tes.ser.api.KafkaSerdesTester] (Thread-694) None found
2025-08-12 14:53:36,675 INFO  [io.api.tes.ser.api.KafkaSerdesTester] (Thread-694) None found
2025-08-12 14:53:37,676 INFO  [io.api.tes.ser.api.KafkaSerdesTester] (Thread-694) None found
2025-08-12 14:53:37,691 INFO  [org.apa.kaf.cli.con.int.ConsumerCoordinator] (Thread-694) [Consumer clientId=consumer-Consumer-topic-f449b8e6_ab0f_4d9a_993f_5720f50f6709-12, groupId=Consumer-topic-f449b8e6_ab0f_4d9a_993f_5720f50f6709] Successfully joined group with generation Generation{generationId=5, memberId='consumer-Consumer-topic-f449b8e6_ab0f_4d9a_993f_5720f50f6709-12-aecc8657-a424-4fd7-877e-49e537f6ba53', protocol='range'}
2025-08-12 14:53:37,692 INFO  [org.apa.kaf.cli.con.int.ConsumerCoordinator] (Thread-694) [Consumer clientId=consumer-Consumer-topic-f449b8e6_ab0f_4d9a_993f_5720f50f6709-12, groupId=Consumer-topic-f449b8e6_ab0f_4d9a_993f_5720f50f6709] Finished assignment for group at generation 5: {consumer-Consumer-topic-f449b8e6_ab0f_4d9a_993f_5720f50f6709-12-aecc8657-a424-4fd7-877e-49e537f6ba53=Assignment(partitions=[topic-f449b8e6_ab0f_4d9a_993f_5720f50f6709-0])}
2025-08-12 14:53:37,699 INFO  [org.apa.kaf.cli.con.int.ConsumerCoordinator] (Thread-694) [Consumer clientId=consumer-Consumer-topic-f449b8e6_ab0f_4d9a_993f_5720f50f6709-12, groupId=Consumer-topic-f449b8e6_ab0f_4d9a_993f_5720f50f6709] Successfully synced group in generation Generation{generationId=5, memberId='consumer-Consumer-topic-f449b8e6_ab0f_4d9a_993f_5720f50f6709-12-aecc8657-a424-4fd7-877e-49e537f6ba53', protocol='range'}
2025-08-12 14:53:37,699 INFO  [org.apa.kaf.cli.con.int.ConsumerCoordinator] (Thread-694) [Consumer clientId=consumer-Consumer-topic-f449b8e6_ab0f_4d9a_993f_5720f50f6709-12, groupId=Consumer-topic-f449b8e6_ab0f_4d9a_993f_5720f50f6709] Notifying assignor about the new Assignment(partitions=[topic-f449b8e6_ab0f_4d9a_993f_5720f50f6709-0])
2025-08-12 14:53:37,699 INFO  [org.apa.kaf.cli.con.int.ConsumerRebalanceListenerInvoker] (Thread-694) [Consumer clientId=consumer-Consumer-topic-f449b8e6_ab0f_4d9a_993f_5720f50f6709-12, groupId=Consumer-topic-f449b8e6_ab0f_4d9a_993f_5720f50f6709] Adding newly assigned partitions: topic-f449b8e6_ab0f_4d9a_993f_5720f50f6709-0
2025-08-12 14:53:37,700 INFO  [org.apa.kaf.cli.con.int.ConsumerUtils] (Thread-694) Setting offset for partition topic-f449b8e6_ab0f_4d9a_993f_5720f50f6709-0 to the committed offset FetchPosition{offset=30, offsetEpoch=Optional[0], currentLeader=LeaderAndEpoch{leader=Optional[localhost:32769 (id: 0 rack: null)], epoch=0}}
2025-08-12 14:53:37,782 INFO  [io.api.tes.ser.api.KafkaSerdesTester] (Thread-694) topic-f449b8e6_ab0f_4d9a_993f_5720f50f6709 0 30 {"key11755010403838": "value-0", "key21755010408587": "value-0", "key31755010413387": "value-0"}
2025-08-12 14:53:37,782 INFO  [io.api.tes.ser.api.KafkaSerdesTester] (Thread-694) topic-f449b8e6_ab0f_4d9a_993f_5720f50f6709 0 31 {"key11755010403838": "value-1", "key21755010408587": "value-1", "key31755010413387": "value-1"}
2025-08-12 14:53:37,782 INFO  [io.api.tes.ser.api.KafkaSerdesTester] (Thread-694) topic-f449b8e6_ab0f_4d9a_993f_5720f50f6709 0 32 {"key11755010403838": "value-2", "key21755010408587": "value-2", "key31755010413387": "value-2"}
2025-08-12 14:53:37,782 INFO  [io.api.tes.ser.api.KafkaSerdesTester] (Thread-694) topic-f449b8e6_ab0f_4d9a_993f_5720f50f6709 0 33 {"key11755010403838": "value-3", "key21755010408587": "value-3", "key31755010413387": "value-3"}
2025-08-12 14:53:37,782 INFO  [io.api.tes.ser.api.KafkaSerdesTester] (Thread-694) topic-f449b8e6_ab0f_4d9a_993f_5720f50f6709 0 34 {"key11755010403838": "value-4", "key21755010408587": "value-4", "key31755010413387": "value-4"}
2025-08-12 14:53:37,783 INFO  [io.api.tes.ser.api.KafkaSerdesTester] (Thread-694) topic-f449b8e6_ab0f_4d9a_993f_5720f50f6709 0 35 {"key11755010403838": "value-5", "key21755010408587": "value-5", "key31755010413387": "value-5"}
2025-08-12 14:53:37,783 INFO  [io.api.tes.ser.api.KafkaSerdesTester] (Thread-694) topic-f449b8e6_ab0f_4d9a_993f_5720f50f6709 0 36 {"key11755010403838": "value-6", "key21755010408587": "value-6", "key31755010413387": "value-6"}
2025-08-12 14:53:37,783 INFO  [io.api.tes.ser.api.KafkaSerdesTester] (Thread-694) topic-f449b8e6_ab0f_4d9a_993f_5720f50f6709 0 37 {"key11755010403838": "value-7", "key21755010408587": "value-7", "key31755010413387": "value-7"}
2025-08-12 14:53:37,783 INFO  [io.api.tes.ser.api.KafkaSerdesTester] (Thread-694) topic-f449b8e6_ab0f_4d9a_993f_5720f50f6709 0 38 {"key11755010403838": "value-8", "key21755010408587": "value-8", "key31755010413387": "value-8"}
2025-08-12 14:53:37,783 INFO  [io.api.tes.ser.api.KafkaSerdesTester] (Thread-694) topic-f449b8e6_ab0f_4d9a_993f_5720f50f6709 0 39 {"key11755010403838": "value-9", "key21755010408587": "value-9", "key31755010413387": "value-9"}
2025-08-12 14:53:37,783 INFO  [io.api.tes.ser.api.KafkaSerdesTester] (Thread-694) topic-f449b8e6_ab0f_4d9a_993f_5720f50f6709 0 40 {"key11755010403838": "value-0", "key21755010408587": "value-0"}
2025-08-12 14:53:37,783 INFO  [io.api.tes.ser.api.KafkaSerdesTester] (Thread-694) topic-f449b8e6_ab0f_4d9a_993f_5720f50f6709 0 41 {"key11755010403838": "value-1", "key21755010408587": "value-1"}
2025-08-12 14:53:37,783 INFO  [io.api.tes.ser.api.KafkaSerdesTester] (Thread-694) topic-f449b8e6_ab0f_4d9a_993f_5720f50f6709 0 42 {"key11755010403838": "value-2", "key21755010408587": "value-2"}
2025-08-12 14:53:37,783 INFO  [io.api.tes.ser.api.KafkaSerdesTester] (Thread-694) topic-f449b8e6_ab0f_4d9a_993f_5720f50f6709 0 43 {"key11755010403838": "value-3", "key21755010408587": "value-3"}
2025-08-12 14:53:37,783 INFO  [io.api.tes.ser.api.KafkaSerdesTester] (Thread-694) topic-f449b8e6_ab0f_4d9a_993f_5720f50f6709 0 44 {"key11755010403838": "value-4", "key21755010408587": "value-4"}
2025-08-12 14:53:37,783 INFO  [io.api.tes.ser.api.KafkaSerdesTester] (Thread-694) topic-f449b8e6_ab0f_4d9a_993f_5720f50f6709 0 45 {"key11755010403838": "value-5", "key21755010408587": "value-5"}
2025-08-12 14:53:37,783 INFO  [io.api.tes.ser.api.KafkaSerdesTester] (Thread-694) topic-f449b8e6_ab0f_4d9a_993f_5720f50f6709 0 46 {"key11755010403838": "value-6", "key21755010408587": "value-6"}
2025-08-12 14:53:37,783 INFO  [io.api.tes.ser.api.KafkaSerdesTester] (Thread-694) topic-f449b8e6_ab0f_4d9a_993f_5720f50f6709 0 47 {"key11755010403838": "value-7", "key21755010408587": "value-7"}
2025-08-12 14:53:37,783 INFO  [io.api.tes.ser.api.KafkaSerdesTester] (Thread-694) topic-f449b8e6_ab0f_4d9a_993f_5720f50f6709 0 48 {"key11755010403838": "value-8", "key21755010408587": "value-8"}
2025-08-12 14:53:37,783 INFO  [io.api.tes.ser.api.KafkaSerdesTester] (Thread-694) topic-f449b8e6_ab0f_4d9a_993f_5720f50f6709 0 49 {"key11755010403838": "value-9", "key21755010408587": "value-9"}
2025-08-12 14:53:37,783 INFO  [io.api.tes.ser.api.KafkaSerdesTester] (Thread-694) topic-f449b8e6_ab0f_4d9a_993f_5720f50f6709 0 50 {"key11755010403838": "value-0"}
2025-08-12 14:53:37,783 INFO  [io.api.tes.ser.api.KafkaSerdesTester] (Thread-694) topic-f449b8e6_ab0f_4d9a_993f_5720f50f6709 0 51 {"key11755010403838": "value-1"}
2025-08-12 14:53:37,783 INFO  [io.api.tes.ser.api.KafkaSerdesTester] (Thread-694) topic-f449b8e6_ab0f_4d9a_993f_5720f50f6709 0 52 {"key11755010403838": "value-2"}
2025-08-12 14:53:37,783 INFO  [io.api.tes.ser.api.KafkaSerdesTester] (Thread-694) topic-f449b8e6_ab0f_4d9a_993f_5720f50f6709 0 53 {"key11755010403838": "value-3"}
2025-08-12 14:53:37,783 INFO  [io.api.tes.ser.api.KafkaSerdesTester] (Thread-694) topic-f449b8e6_ab0f_4d9a_993f_5720f50f6709 0 54 {"key11755010403838": "value-4"}
2025-08-12 14:53:37,783 INFO  [io.api.tes.ser.api.KafkaSerdesTester] (Thread-694) topic-f449b8e6_ab0f_4d9a_993f_5720f50f6709 0 55 {"key11755010403838": "value-5"}
2025-08-12 14:53:37,784 INFO  [io.api.tes.ser.api.KafkaSerdesTester] (Thread-694) topic-f449b8e6_ab0f_4d9a_993f_5720f50f6709 0 56 {"key11755010403838": "value-6"}
2025-08-12 14:53:37,784 INFO  [io.api.tes.ser.api.KafkaSerdesTester] (Thread-694) topic-f449b8e6_ab0f_4d9a_993f_5720f50f6709 0 57 {"key11755010403838": "value-7"}
2025-08-12 14:53:37,784 INFO  [io.api.tes.ser.api.KafkaSerdesTester] (Thread-694) topic-f449b8e6_ab0f_4d9a_993f_5720f50f6709 0 58 {"key11755010403838": "value-8"}
2025-08-12 14:53:37,784 INFO  [io.api.tes.ser.api.KafkaSerdesTester] (Thread-694) topic-f449b8e6_ab0f_4d9a_993f_5720f50f6709 0 59 {"key11755010403838": "value-9"}
2025-08-12 14:53:37,784 INFO  [io.api.tes.ser.api.KafkaSerdesTester] (Thread-694) Consumed 30 messages
2025-08-12 14:53:37,793 INFO  [org.apa.kaf.cli.con.int.ConsumerRebalanceListenerInvoker] (Thread-694) [Consumer clientId=consumer-Consumer-topic-f449b8e6_ab0f_4d9a_993f_5720f50f6709-12, groupId=Consumer-topic-f449b8e6_ab0f_4d9a_993f_5720f50f6709] Revoke previously assigned partitions topic-f449b8e6_ab0f_4d9a_993f_5720f50f6709-0
2025-08-12 14:53:37,793 INFO  [org.apa.kaf.cli.con.int.ConsumerCoordinator] (Thread-694) [Consumer clientId=consumer-Consumer-topic-f449b8e6_ab0f_4d9a_993f_5720f50f6709-12, groupId=Consumer-topic-f449b8e6_ab0f_4d9a_993f_5720f50f6709] Member consumer-Consumer-topic-f449b8e6_ab0f_4d9a_993f_5720f50f6709-12-aecc8657-a424-4fd7-877e-49e537f6ba53 sending LeaveGroup request to coordinator localhost:32769 (id: 2147483647 rack: null) due to the consumer is being closed
2025-08-12 14:53:37,793 INFO  [org.apa.kaf.cli.con.int.ConsumerCoordinator] (Thread-694) [Consumer clientId=consumer-Consumer-topic-f449b8e6_ab0f_4d9a_993f_5720f50f6709-12, groupId=Consumer-topic-f449b8e6_ab0f_4d9a_993f_5720f50f6709] Resetting generation and member id due to: consumer pro-actively leaving the group
2025-08-12 14:53:37,793 INFO  [org.apa.kaf.cli.con.int.ConsumerCoordinator] (Thread-694) [Consumer clientId=consumer-Consumer-topic-f449b8e6_ab0f_4d9a_993f_5720f50f6709-12, groupId=Consumer-topic-f449b8e6_ab0f_4d9a_993f_5720f50f6709] Request joining group due to: consumer pro-actively leaving the group
2025-08-12 14:53:38,287 INFO  [org.apa.kaf.com.met.Metrics] (Thread-694) Metrics scheduler closed
2025-08-12 14:53:38,287 INFO  [org.apa.kaf.com.met.Metrics] (Thread-694) Closing reporter org.apache.kafka.common.metrics.JmxReporter
2025-08-12 14:53:38,287 INFO  [org.apa.kaf.com.met.Metrics] (Thread-694) Closing reporter org.apache.kafka.common.telemetry.internals.ClientTelemetryReporter
2025-08-12 14:53:38,287 INFO  [org.apa.kaf.com.met.Metrics] (Thread-694) Metrics reporters closed
2025-08-12 14:53:38,289 INFO  [org.apa.kaf.com.uti.AppInfoParser] (Thread-694) App info kafka.consumer for consumer-Consumer-topic-f449b8e6_ab0f_4d9a_993f_5720f50f6709-12 unregistered
2025-08-12 14:53:38,289 INFO  [org.apa.kaf.cli.pro.KafkaProducer] (main) [Producer clientId=Producer-topic-f449b8e6_ab0f_4d9a_993f_5720f50f6709] Closing the Kafka producer with timeoutMillis = 9223372036854775807 ms.
2025-08-12 14:53:38,289 INFO  [org.apa.kaf.com.met.Metrics] (main) Metrics scheduler closed
2025-08-12 14:53:38,289 INFO  [org.apa.kaf.com.met.Metrics] (main) Closing reporter org.apache.kafka.common.metrics.JmxReporter
2025-08-12 14:53:38,289 INFO  [org.apa.kaf.com.met.Metrics] (main) Closing reporter org.apache.kafka.common.telemetry.internals.ClientTelemetryReporter
2025-08-12 14:53:38,289 INFO  [org.apa.kaf.com.met.Metrics] (main) Metrics reporters closed
2025-08-12 14:53:38,289 INFO  [org.apa.kaf.com.uti.AppInfoParser] (main) App info kafka.producer for Producer-topic-f449b8e6_ab0f_4d9a_993f_5720f50f6709 unregistered
2025-08-12 14:53:38,290 INFO  [io.api.tes.uti.TestSeparator] (main) io.apicurio.tests.serdes.apicurio.AvroSerdeIT.testEvolveAvroApicurio-FINISHED
2025-08-12 14:53:38,290 INFO  [io.api.tes.uti.TestSeparator] (main) ############################################################################
Test passed: testEvolveAvroApicurio
]]></system-out>
  </testcase>
  <testcase name="testTopicRecordIdStrategydFindLatest" classname="io.apicurio.tests.serdes.apicurio.AvroSerdeIT" time="4.743">
    <system-out><![CDATA[2025-08-12 14:53:38,291 INFO  [io.api.tes.uti.TestSeparator] (main) ############################################################################
2025-08-12 14:53:38,291 INFO  [io.api.tes.uti.TestSeparator] (main) io.apicurio.tests.serdes.apicurio.AvroSerdeIT.testTopicRecordIdStrategydFindLatest-STARTED
2025-08-12 14:53:38,292 INFO  [io.api.tes.ser.api.AvroSerdeIT] (main) Registering Avro Schema: {"type":"record","name":"sfad15909x4f53x4cedx8b7ex8a2412e33999","namespace":"s0ce1bf4cx9e07x4d9fxba8cxa7633e8d8773","fields":[{"name":"key11755010418292","type":"string"}]}
**** Registry Base URL: http://registry-app-ksql047.apps.ci419.apicurio-testing.org:80
2025-08-12 14:53:39,363 INFO  [org.apa.kaf.cli.pro.ProducerConfig] (main) ProducerConfig values: 
	acks = -1
	auto.include.jmx.reporter = true
	batch.size = 16384
	bootstrap.servers = [PLAINTEXT://localhost:32769]
	buffer.memory = 33554432
	client.dns.lookup = use_all_dns_ips
	client.id = Producer-topic-fab96b48_61e6_43f8_8542_b2a6d5e2afc3
	compression.gzip.level = -1
	compression.lz4.level = 9
	compression.type = none
	compression.zstd.level = 3
	connections.max.idle.ms = 10000
	delivery.timeout.ms = 120000
	enable.idempotence = true
	enable.metrics.push = true
	interceptor.classes = []
	key.serializer = class org.apache.kafka.common.serialization.StringSerializer
	linger.ms = 0
	max.block.ms = 60000
	max.in.flight.requests.per.connection = 5
	max.request.size = 1048576
	metadata.max.age.ms = 300000
	metadata.max.idle.ms = 300000
	metadata.recovery.strategy = none
	metric.reporters = []
	metrics.num.samples = 2
	metrics.recording.level = INFO
	metrics.sample.window.ms = 30000
	partitioner.adaptive.partitioning.enable = true
	partitioner.availability.timeout.ms = 0
	partitioner.class = null
	partitioner.ignore.keys = false
	receive.buffer.bytes = 32768
	reconnect.backoff.max.ms = 1000
	reconnect.backoff.ms = 50
	request.timeout.ms = 5000
	retries = 2147483647
	retry.backoff.max.ms = 1000
	retry.backoff.ms = 100
	sasl.client.callback.handler.class = null
	sasl.jaas.config = null
	sasl.kerberos.kinit.cmd = /usr/bin/kinit
	sasl.kerberos.min.time.before.relogin = 60000
	sasl.kerberos.service.name = null
	sasl.kerberos.ticket.renew.jitter = 0.05
	sasl.kerberos.ticket.renew.window.factor = 0.8
	sasl.login.callback.handler.class = null
	sasl.login.class = null
	sasl.login.connect.timeout.ms = null
	sasl.login.read.timeout.ms = null
	sasl.login.refresh.buffer.seconds = 300
	sasl.login.refresh.min.period.seconds = 60
	sasl.login.refresh.window.factor = 0.8
	sasl.login.refresh.window.jitter = 0.05
	sasl.login.retry.backoff.max.ms = 10000
	sasl.login.retry.backoff.ms = 100
	sasl.mechanism = GSSAPI
	sasl.oauthbearer.clock.skew.seconds = 30
	sasl.oauthbearer.expected.audience = null
	sasl.oauthbearer.expected.issuer = null
	sasl.oauthbearer.header.urlencode = false
	sasl.oauthbearer.jwks.endpoint.refresh.ms = 3600000
	sasl.oauthbearer.jwks.endpoint.retry.backoff.max.ms = 10000
	sasl.oauthbearer.jwks.endpoint.retry.backoff.ms = 100
	sasl.oauthbearer.jwks.endpoint.url = null
	sasl.oauthbearer.scope.claim.name = scope
	sasl.oauthbearer.sub.claim.name = sub
	sasl.oauthbearer.token.endpoint.url = null
	security.protocol = PLAINTEXT
	security.providers = null
	send.buffer.bytes = 131072
	socket.connection.setup.timeout.max.ms = 30000
	socket.connection.setup.timeout.ms = 10000
	ssl.cipher.suites = null
	ssl.enabled.protocols = [TLSv1.2, TLSv1.3]
	ssl.endpoint.identification.algorithm = https
	ssl.engine.factory.class = null
	ssl.key.password = null
	ssl.keymanager.algorithm = SunX509
	ssl.keystore.certificate.chain = null
	ssl.keystore.key = null
	ssl.keystore.location = null
	ssl.keystore.password = null
	ssl.keystore.type = JKS
	ssl.protocol = TLSv1.3
	ssl.provider = null
	ssl.secure.random.implementation = null
	ssl.trustmanager.algorithm = PKIX
	ssl.truststore.certificates = null
	ssl.truststore.location = null
	ssl.truststore.password = null
	ssl.truststore.type = JKS
	transaction.timeout.ms = 60000
	transactional.id = null
	value.serializer = class io.apicurio.registry.serde.avro.AvroKafkaSerializer

2025-08-12 14:53:39,363 INFO  [org.apa.kaf.com.tel.int.KafkaMetricsCollector] (main) initializing Kafka metrics collector
2025-08-12 14:53:39,366 INFO  [org.apa.kaf.cli.pro.KafkaProducer] (main) [Producer clientId=Producer-topic-fab96b48_61e6_43f8_8542_b2a6d5e2afc3] Instantiated an idempotent producer.
2025-08-12 14:53:39,367 INFO  [org.apa.kaf.cli.pro.ProducerConfig] (main) These configurations '[apicurio.registry.find-latest, apicurio.registry.url, apicurio.registry.artifact-resolver-strategy]' were supplied but are not used yet.
2025-08-12 14:53:39,368 INFO  [org.apa.kaf.com.uti.AppInfoParser] (main) Kafka version: 3.9.1
2025-08-12 14:53:39,368 INFO  [org.apa.kaf.com.uti.AppInfoParser] (main) Kafka commitId: f745dfdcee2b9851
2025-08-12 14:53:39,368 INFO  [org.apa.kaf.com.uti.AppInfoParser] (main) Kafka startTimeMs: 1755010419367
2025-08-12 14:53:39,368 INFO  [io.api.tes.ser.api.SimpleSerdesTesterBuilder$SimpleSerdesTester] (main) Using producer configuration: {apicurio.registry.find-latest=true, apicurio.registry.url=http://registry-app-ksql047.apps.ci419.apicurio-testing.org:80/apis/registry/v3, apicurio.registry.artifact-resolver-strategy=io.apicurio.registry.serde.avro.strategy.TopicRecordIdStrategy, value.serializer=io.apicurio.registry.serde.avro.AvroKafkaSerializer, request.timeout.ms=5000, acks=all, bootstrap.servers=PLAINTEXT://localhost:32769, connections.max.idle.ms=10000, key.serializer=org.apache.kafka.common.serialization.StringSerializer, client.id=Producer-topic-fab96b48_61e6_43f8_8542_b2a6d5e2afc3}
2025-08-12 14:53:39,368 INFO  [io.api.tes.ser.api.SimpleSerdesTesterBuilder$SimpleSerdesTester] (main) Using consumer configuration: {}
2025-08-12 14:53:39,368 INFO  [io.api.tes.ser.api.KafkaSerdesTester] (Thread-697) Sending message {"key11755010418292": "value-0"} to topic topic-fab96b48_61e6_43f8_8542_b2a6d5e2afc3
2025-08-12 14:53:39,371 INFO  [org.apa.kaf.cli.Metadata] (kafka-producer-network-thread | Producer-topic-fab96b48_61e6_43f8_8542_b2a6d5e2afc3) [Producer clientId=Producer-topic-fab96b48_61e6_43f8_8542_b2a6d5e2afc3] Cluster ID: XZZUcOHpSnyflE0hmwIDCg
2025-08-12 14:53:39,371 INFO  [org.apa.kaf.cli.pro.int.TransactionManager] (kafka-producer-network-thread | Producer-topic-fab96b48_61e6_43f8_8542_b2a6d5e2afc3) [Producer clientId=Producer-topic-fab96b48_61e6_43f8_8542_b2a6d5e2afc3] ProducerId set to 18 with epoch 0
2025-08-12 14:53:39,421 INFO  [io.api.tes.ser.api.KafkaSerdesTester] (Thread-697) Sending message {"key11755010418292": "value-1"} to topic topic-fab96b48_61e6_43f8_8542_b2a6d5e2afc3
2025-08-12 14:53:39,422 INFO  [io.api.tes.ser.api.KafkaSerdesTester] (Thread-697) Sending message {"key11755010418292": "value-2"} to topic topic-fab96b48_61e6_43f8_8542_b2a6d5e2afc3
2025-08-12 14:53:39,424 INFO  [io.api.tes.ser.api.KafkaSerdesTester] (Thread-697) Sending message {"key11755010418292": "value-3"} to topic topic-fab96b48_61e6_43f8_8542_b2a6d5e2afc3
2025-08-12 14:53:39,426 INFO  [io.api.tes.ser.api.KafkaSerdesTester] (Thread-697) Sending message {"key11755010418292": "value-4"} to topic topic-fab96b48_61e6_43f8_8542_b2a6d5e2afc3
2025-08-12 14:53:39,428 INFO  [io.api.tes.ser.api.KafkaSerdesTester] (Thread-697) Sending message {"key11755010418292": "value-5"} to topic topic-fab96b48_61e6_43f8_8542_b2a6d5e2afc3
2025-08-12 14:53:39,429 INFO  [io.api.tes.ser.api.KafkaSerdesTester] (Thread-697) Sending message {"key11755010418292": "value-6"} to topic topic-fab96b48_61e6_43f8_8542_b2a6d5e2afc3
2025-08-12 14:53:39,431 INFO  [io.api.tes.ser.api.KafkaSerdesTester] (Thread-697) Sending message {"key11755010418292": "value-7"} to topic topic-fab96b48_61e6_43f8_8542_b2a6d5e2afc3
2025-08-12 14:53:39,434 INFO  [io.api.tes.ser.api.KafkaSerdesTester] (Thread-697) Sending message {"key11755010418292": "value-8"} to topic topic-fab96b48_61e6_43f8_8542_b2a6d5e2afc3
2025-08-12 14:53:39,437 INFO  [io.api.tes.ser.api.KafkaSerdesTester] (Thread-697) Sending message {"key11755010418292": "value-9"} to topic topic-fab96b48_61e6_43f8_8542_b2a6d5e2afc3
2025-08-12 14:53:39,438 INFO  [io.api.tes.ser.api.KafkaSerdesTester] (Thread-697) Produced 10 messages
2025-08-12 14:53:39,438 INFO  [org.apa.kaf.cli.pro.KafkaProducer] (Thread-697) [Producer clientId=Producer-topic-fab96b48_61e6_43f8_8542_b2a6d5e2afc3] Closing the Kafka producer with timeoutMillis = 9223372036854775807 ms.
2025-08-12 14:53:39,439 INFO  [org.apa.kaf.com.met.Metrics] (Thread-697) Metrics scheduler closed
2025-08-12 14:53:39,439 INFO  [org.apa.kaf.com.met.Metrics] (Thread-697) Closing reporter org.apache.kafka.common.metrics.JmxReporter
2025-08-12 14:53:39,440 INFO  [org.apa.kaf.com.met.Metrics] (Thread-697) Closing reporter org.apache.kafka.common.telemetry.internals.ClientTelemetryReporter
2025-08-12 14:53:39,440 INFO  [org.apa.kaf.com.met.Metrics] (Thread-697) Metrics reporters closed
2025-08-12 14:53:39,440 INFO  [org.apa.kaf.com.uti.AppInfoParser] (Thread-697) App info kafka.producer for Producer-topic-fab96b48_61e6_43f8_8542_b2a6d5e2afc3 unregistered
**** Registry Base URL: http://registry-app-ksql047.apps.ci419.apicurio-testing.org:80
2025-08-12 14:53:39,440 INFO  [org.apa.kaf.cli.con.ConsumerConfig] (main) ConsumerConfig values: 
	allow.auto.create.topics = true
	auto.commit.interval.ms = 500
	auto.include.jmx.reporter = true
	auto.offset.reset = earliest
	bootstrap.servers = [PLAINTEXT://localhost:32769]
	check.crcs = true
	client.dns.lookup = use_all_dns_ips
	client.id = consumer-Consumer-topic-fab96b48_61e6_43f8_8542_b2a6d5e2afc3-13
	client.rack = 
	connections.max.idle.ms = 10000
	default.api.timeout.ms = 60000
	enable.auto.commit = true
	enable.metrics.push = true
	exclude.internal.topics = true
	fetch.max.bytes = 52428800
	fetch.max.wait.ms = 500
	fetch.min.bytes = 1
	group.id = Consumer-topic-fab96b48_61e6_43f8_8542_b2a6d5e2afc3
	group.instance.id = null
	group.protocol = classic
	group.remote.assignor = null
	heartbeat.interval.ms = 3000
	interceptor.classes = []
	internal.leave.group.on.close = true
	internal.throw.on.fetch.stable.offset.unsupported = false
	isolation.level = read_uncommitted
	key.deserializer = class org.apache.kafka.common.serialization.StringDeserializer
	max.partition.fetch.bytes = 1048576
	max.poll.interval.ms = 300000
	max.poll.records = 500
	metadata.max.age.ms = 300000
	metadata.recovery.strategy = none
	metric.reporters = []
	metrics.num.samples = 2
	metrics.recording.level = INFO
	metrics.sample.window.ms = 30000
	partition.assignment.strategy = [class org.apache.kafka.clients.consumer.RangeAssignor, class org.apache.kafka.clients.consumer.CooperativeStickyAssignor]
	receive.buffer.bytes = 65536
	reconnect.backoff.max.ms = 1000
	reconnect.backoff.ms = 50
	request.timeout.ms = 5000
	retry.backoff.max.ms = 1000
	retry.backoff.ms = 100
	sasl.client.callback.handler.class = null
	sasl.jaas.config = null
	sasl.kerberos.kinit.cmd = /usr/bin/kinit
	sasl.kerberos.min.time.before.relogin = 60000
	sasl.kerberos.service.name = null
	sasl.kerberos.ticket.renew.jitter = 0.05
	sasl.kerberos.ticket.renew.window.factor = 0.8
	sasl.login.callback.handler.class = null
	sasl.login.class = null
	sasl.login.connect.timeout.ms = null
	sasl.login.read.timeout.ms = null
	sasl.login.refresh.buffer.seconds = 300
	sasl.login.refresh.min.period.seconds = 60
	sasl.login.refresh.window.factor = 0.8
	sasl.login.refresh.window.jitter = 0.05
	sasl.login.retry.backoff.max.ms = 10000
	sasl.login.retry.backoff.ms = 100
	sasl.mechanism = GSSAPI
	sasl.oauthbearer.clock.skew.seconds = 30
	sasl.oauthbearer.expected.audience = null
	sasl.oauthbearer.expected.issuer = null
	sasl.oauthbearer.header.urlencode = false
	sasl.oauthbearer.jwks.endpoint.refresh.ms = 3600000
	sasl.oauthbearer.jwks.endpoint.retry.backoff.max.ms = 10000
	sasl.oauthbearer.jwks.endpoint.retry.backoff.ms = 100
	sasl.oauthbearer.jwks.endpoint.url = null
	sasl.oauthbearer.scope.claim.name = scope
	sasl.oauthbearer.sub.claim.name = sub
	sasl.oauthbearer.token.endpoint.url = null
	security.protocol = PLAINTEXT
	security.providers = null
	send.buffer.bytes = 131072
	session.timeout.ms = 45000
	socket.connection.setup.timeout.max.ms = 30000
	socket.connection.setup.timeout.ms = 10000
	ssl.cipher.suites = null
	ssl.enabled.protocols = [TLSv1.2, TLSv1.3]
	ssl.endpoint.identification.algorithm = https
	ssl.engine.factory.class = null
	ssl.key.password = null
	ssl.keymanager.algorithm = SunX509
	ssl.keystore.certificate.chain = null
	ssl.keystore.key = null
	ssl.keystore.location = null
	ssl.keystore.password = null
	ssl.keystore.type = JKS
	ssl.protocol = TLSv1.3
	ssl.provider = null
	ssl.secure.random.implementation = null
	ssl.trustmanager.algorithm = PKIX
	ssl.truststore.certificates = null
	ssl.truststore.location = null
	ssl.truststore.password = null
	ssl.truststore.type = JKS
	value.deserializer = class io.apicurio.registry.serde.avro.AvroKafkaDeserializer

2025-08-12 14:53:39,441 INFO  [org.apa.kaf.com.tel.int.KafkaMetricsCollector] (main) initializing Kafka metrics collector
2025-08-12 14:53:39,448 INFO  [org.apa.kaf.cli.con.ConsumerConfig] (main) These configurations '[apicurio.registry.url]' were supplied but are not used yet.
2025-08-12 14:53:39,448 INFO  [org.apa.kaf.com.uti.AppInfoParser] (main) Kafka version: 3.9.1
2025-08-12 14:53:39,448 INFO  [org.apa.kaf.com.uti.AppInfoParser] (main) Kafka commitId: f745dfdcee2b9851
2025-08-12 14:53:39,448 INFO  [org.apa.kaf.com.uti.AppInfoParser] (main) Kafka startTimeMs: 1755010419448
2025-08-12 14:53:39,449 INFO  [org.apa.kaf.cli.con.int.ClassicKafkaConsumer] (Thread-700) [Consumer clientId=consumer-Consumer-topic-fab96b48_61e6_43f8_8542_b2a6d5e2afc3-13, groupId=Consumer-topic-fab96b48_61e6_43f8_8542_b2a6d5e2afc3] Subscribed to topic(s): topic-fab96b48_61e6_43f8_8542_b2a6d5e2afc3
2025-08-12 14:53:39,459 INFO  [org.apa.kaf.cli.Metadata] (Thread-700) [Consumer clientId=consumer-Consumer-topic-fab96b48_61e6_43f8_8542_b2a6d5e2afc3-13, groupId=Consumer-topic-fab96b48_61e6_43f8_8542_b2a6d5e2afc3] Cluster ID: XZZUcOHpSnyflE0hmwIDCg
2025-08-12 14:53:39,460 INFO  [org.apa.kaf.cli.con.int.ConsumerCoordinator] (Thread-700) [Consumer clientId=consumer-Consumer-topic-fab96b48_61e6_43f8_8542_b2a6d5e2afc3-13, groupId=Consumer-topic-fab96b48_61e6_43f8_8542_b2a6d5e2afc3] Discovered group coordinator localhost:32769 (id: 2147483647 rack: null)
2025-08-12 14:53:39,461 INFO  [org.apa.kaf.cli.con.int.ConsumerCoordinator] (Thread-700) [Consumer clientId=consumer-Consumer-topic-fab96b48_61e6_43f8_8542_b2a6d5e2afc3-13, groupId=Consumer-topic-fab96b48_61e6_43f8_8542_b2a6d5e2afc3] (Re-)joining group
2025-08-12 14:53:39,468 INFO  [org.apa.kaf.cli.con.int.ConsumerCoordinator] (Thread-700) [Consumer clientId=consumer-Consumer-topic-fab96b48_61e6_43f8_8542_b2a6d5e2afc3-13, groupId=Consumer-topic-fab96b48_61e6_43f8_8542_b2a6d5e2afc3] Request joining group due to: need to re-join with the given member-id: consumer-Consumer-topic-fab96b48_61e6_43f8_8542_b2a6d5e2afc3-13-facc3014-10eb-4a9f-9571-d57763de81f8
2025-08-12 14:53:39,469 INFO  [org.apa.kaf.cli.con.int.ConsumerCoordinator] (Thread-700) [Consumer clientId=consumer-Consumer-topic-fab96b48_61e6_43f8_8542_b2a6d5e2afc3-13, groupId=Consumer-topic-fab96b48_61e6_43f8_8542_b2a6d5e2afc3] (Re-)joining group
2025-08-12 14:53:40,449 INFO  [io.api.tes.ser.api.KafkaSerdesTester] (Thread-700) None found
2025-08-12 14:53:41,449 INFO  [io.api.tes.ser.api.KafkaSerdesTester] (Thread-700) None found
2025-08-12 14:53:42,449 INFO  [io.api.tes.ser.api.KafkaSerdesTester] (Thread-700) None found
2025-08-12 14:53:42,472 INFO  [org.apa.kaf.cli.con.int.ConsumerCoordinator] (Thread-700) [Consumer clientId=consumer-Consumer-topic-fab96b48_61e6_43f8_8542_b2a6d5e2afc3-13, groupId=Consumer-topic-fab96b48_61e6_43f8_8542_b2a6d5e2afc3] Successfully joined group with generation Generation{generationId=1, memberId='consumer-Consumer-topic-fab96b48_61e6_43f8_8542_b2a6d5e2afc3-13-facc3014-10eb-4a9f-9571-d57763de81f8', protocol='range'}
2025-08-12 14:53:42,472 INFO  [org.apa.kaf.cli.con.int.ConsumerCoordinator] (Thread-700) [Consumer clientId=consumer-Consumer-topic-fab96b48_61e6_43f8_8542_b2a6d5e2afc3-13, groupId=Consumer-topic-fab96b48_61e6_43f8_8542_b2a6d5e2afc3] Finished assignment for group at generation 1: {consumer-Consumer-topic-fab96b48_61e6_43f8_8542_b2a6d5e2afc3-13-facc3014-10eb-4a9f-9571-d57763de81f8=Assignment(partitions=[topic-fab96b48_61e6_43f8_8542_b2a6d5e2afc3-0])}
2025-08-12 14:53:42,479 INFO  [org.apa.kaf.cli.con.int.ConsumerCoordinator] (Thread-700) [Consumer clientId=consumer-Consumer-topic-fab96b48_61e6_43f8_8542_b2a6d5e2afc3-13, groupId=Consumer-topic-fab96b48_61e6_43f8_8542_b2a6d5e2afc3] Successfully synced group in generation Generation{generationId=1, memberId='consumer-Consumer-topic-fab96b48_61e6_43f8_8542_b2a6d5e2afc3-13-facc3014-10eb-4a9f-9571-d57763de81f8', protocol='range'}
2025-08-12 14:53:42,479 INFO  [org.apa.kaf.cli.con.int.ConsumerCoordinator] (Thread-700) [Consumer clientId=consumer-Consumer-topic-fab96b48_61e6_43f8_8542_b2a6d5e2afc3-13, groupId=Consumer-topic-fab96b48_61e6_43f8_8542_b2a6d5e2afc3] Notifying assignor about the new Assignment(partitions=[topic-fab96b48_61e6_43f8_8542_b2a6d5e2afc3-0])
2025-08-12 14:53:42,480 INFO  [org.apa.kaf.cli.con.int.ConsumerRebalanceListenerInvoker] (Thread-700) [Consumer clientId=consumer-Consumer-topic-fab96b48_61e6_43f8_8542_b2a6d5e2afc3-13, groupId=Consumer-topic-fab96b48_61e6_43f8_8542_b2a6d5e2afc3] Adding newly assigned partitions: topic-fab96b48_61e6_43f8_8542_b2a6d5e2afc3-0
2025-08-12 14:53:42,481 INFO  [org.apa.kaf.cli.con.int.ConsumerCoordinator] (Thread-700) [Consumer clientId=consumer-Consumer-topic-fab96b48_61e6_43f8_8542_b2a6d5e2afc3-13, groupId=Consumer-topic-fab96b48_61e6_43f8_8542_b2a6d5e2afc3] Found no committed offset for partition topic-fab96b48_61e6_43f8_8542_b2a6d5e2afc3-0
2025-08-12 14:53:42,484 INFO  [org.apa.kaf.cli.con.int.SubscriptionState] (Thread-700) [Consumer clientId=consumer-Consumer-topic-fab96b48_61e6_43f8_8542_b2a6d5e2afc3-13, groupId=Consumer-topic-fab96b48_61e6_43f8_8542_b2a6d5e2afc3] Resetting offset for partition topic-fab96b48_61e6_43f8_8542_b2a6d5e2afc3-0 to position FetchPosition{offset=0, offsetEpoch=Optional.empty, currentLeader=LeaderAndEpoch{leader=Optional[localhost:32769 (id: 0 rack: null)], epoch=0}}.
2025-08-12 14:53:42,530 INFO  [io.api.tes.ser.api.KafkaSerdesTester] (Thread-700) topic-fab96b48_61e6_43f8_8542_b2a6d5e2afc3 0 0 {"key11755010418292": "value-0"}
2025-08-12 14:53:42,530 INFO  [io.api.tes.ser.api.KafkaSerdesTester] (Thread-700) topic-fab96b48_61e6_43f8_8542_b2a6d5e2afc3 0 1 {"key11755010418292": "value-1"}
2025-08-12 14:53:42,530 INFO  [io.api.tes.ser.api.KafkaSerdesTester] (Thread-700) topic-fab96b48_61e6_43f8_8542_b2a6d5e2afc3 0 2 {"key11755010418292": "value-2"}
2025-08-12 14:53:42,530 INFO  [io.api.tes.ser.api.KafkaSerdesTester] (Thread-700) topic-fab96b48_61e6_43f8_8542_b2a6d5e2afc3 0 3 {"key11755010418292": "value-3"}
2025-08-12 14:53:42,530 INFO  [io.api.tes.ser.api.KafkaSerdesTester] (Thread-700) topic-fab96b48_61e6_43f8_8542_b2a6d5e2afc3 0 4 {"key11755010418292": "value-4"}
2025-08-12 14:53:42,530 INFO  [io.api.tes.ser.api.KafkaSerdesTester] (Thread-700) topic-fab96b48_61e6_43f8_8542_b2a6d5e2afc3 0 5 {"key11755010418292": "value-5"}
2025-08-12 14:53:42,530 INFO  [io.api.tes.ser.api.KafkaSerdesTester] (Thread-700) topic-fab96b48_61e6_43f8_8542_b2a6d5e2afc3 0 6 {"key11755010418292": "value-6"}
2025-08-12 14:53:42,530 INFO  [io.api.tes.ser.api.KafkaSerdesTester] (Thread-700) topic-fab96b48_61e6_43f8_8542_b2a6d5e2afc3 0 7 {"key11755010418292": "value-7"}
2025-08-12 14:53:42,530 INFO  [io.api.tes.ser.api.KafkaSerdesTester] (Thread-700) topic-fab96b48_61e6_43f8_8542_b2a6d5e2afc3 0 8 {"key11755010418292": "value-8"}
2025-08-12 14:53:42,530 INFO  [io.api.tes.ser.api.KafkaSerdesTester] (Thread-700) topic-fab96b48_61e6_43f8_8542_b2a6d5e2afc3 0 9 {"key11755010418292": "value-9"}
2025-08-12 14:53:42,530 INFO  [io.api.tes.ser.api.KafkaSerdesTester] (Thread-700) Consumed 10 messages
2025-08-12 14:53:42,537 INFO  [org.apa.kaf.cli.con.int.ConsumerRebalanceListenerInvoker] (Thread-700) [Consumer clientId=consumer-Consumer-topic-fab96b48_61e6_43f8_8542_b2a6d5e2afc3-13, groupId=Consumer-topic-fab96b48_61e6_43f8_8542_b2a6d5e2afc3] Revoke previously assigned partitions topic-fab96b48_61e6_43f8_8542_b2a6d5e2afc3-0
2025-08-12 14:53:42,538 INFO  [org.apa.kaf.cli.con.int.ConsumerCoordinator] (Thread-700) [Consumer clientId=consumer-Consumer-topic-fab96b48_61e6_43f8_8542_b2a6d5e2afc3-13, groupId=Consumer-topic-fab96b48_61e6_43f8_8542_b2a6d5e2afc3] Member consumer-Consumer-topic-fab96b48_61e6_43f8_8542_b2a6d5e2afc3-13-facc3014-10eb-4a9f-9571-d57763de81f8 sending LeaveGroup request to coordinator localhost:32769 (id: 2147483647 rack: null) due to the consumer is being closed
2025-08-12 14:53:42,538 INFO  [org.apa.kaf.cli.con.int.ConsumerCoordinator] (Thread-700) [Consumer clientId=consumer-Consumer-topic-fab96b48_61e6_43f8_8542_b2a6d5e2afc3-13, groupId=Consumer-topic-fab96b48_61e6_43f8_8542_b2a6d5e2afc3] Resetting generation and member id due to: consumer pro-actively leaving the group
2025-08-12 14:53:42,538 INFO  [org.apa.kaf.cli.con.int.ConsumerCoordinator] (Thread-700) [Consumer clientId=consumer-Consumer-topic-fab96b48_61e6_43f8_8542_b2a6d5e2afc3-13, groupId=Consumer-topic-fab96b48_61e6_43f8_8542_b2a6d5e2afc3] Request joining group due to: consumer pro-actively leaving the group
2025-08-12 14:53:43,032 INFO  [org.apa.kaf.com.met.Metrics] (Thread-700) Metrics scheduler closed
2025-08-12 14:53:43,032 INFO  [org.apa.kaf.com.met.Metrics] (Thread-700) Closing reporter org.apache.kafka.common.metrics.JmxReporter
2025-08-12 14:53:43,032 INFO  [org.apa.kaf.com.met.Metrics] (Thread-700) Closing reporter org.apache.kafka.common.telemetry.internals.ClientTelemetryReporter
2025-08-12 14:53:43,032 INFO  [org.apa.kaf.com.met.Metrics] (Thread-700) Metrics reporters closed
2025-08-12 14:53:43,034 INFO  [org.apa.kaf.com.uti.AppInfoParser] (Thread-700) App info kafka.consumer for consumer-Consumer-topic-fab96b48_61e6_43f8_8542_b2a6d5e2afc3-13 unregistered
2025-08-12 14:53:43,034 INFO  [io.api.tes.uti.TestSeparator] (main) io.apicurio.tests.serdes.apicurio.AvroSerdeIT.testTopicRecordIdStrategydFindLatest-FINISHED
2025-08-12 14:53:43,034 INFO  [io.api.tes.uti.TestSeparator] (main) ############################################################################
Test passed: testTopicRecordIdStrategydFindLatest
]]></system-out>
  </testcase>
  <testcase name="testAvroConfluentForMultipleTopics" classname="io.apicurio.tests.serdes.apicurio.AvroSerdeIT" time="12.008">
    <system-out><![CDATA[2025-08-12 14:53:43,037 INFO  [io.api.tes.uti.TestSeparator] (main) ############################################################################
2025-08-12 14:53:43,037 INFO  [io.api.tes.uti.TestSeparator] (main) io.apicurio.tests.serdes.apicurio.AvroSerdeIT.testAvroConfluentForMultipleTopics-STARTED
2025-08-12 14:53:43,037 INFO  [io.api.tes.ser.api.AvroSerdeIT] (main) Registering Avro Schema: {"type":"record","name":"myrecordconfluent","fields":[{"name":"key11755010423037","type":"string"}]}
**** Registry Base URL: http://registry-app-ksql047.apps.ci419.apicurio-testing.org:80
2025-08-12 14:53:44,107 INFO  [org.apa.kaf.cli.pro.ProducerConfig] (main) ProducerConfig values: 
	acks = -1
	auto.include.jmx.reporter = true
	batch.size = 16384
	bootstrap.servers = [PLAINTEXT://localhost:32769]
	buffer.memory = 33554432
	client.dns.lookup = use_all_dns_ips
	client.id = Producer-topic-39663f2c_f38e_4cd0_8b99_79500f65e98a
	compression.gzip.level = -1
	compression.lz4.level = 9
	compression.type = none
	compression.zstd.level = 3
	connections.max.idle.ms = 10000
	delivery.timeout.ms = 120000
	enable.idempotence = true
	enable.metrics.push = true
	interceptor.classes = []
	key.serializer = class org.apache.kafka.common.serialization.StringSerializer
	linger.ms = 0
	max.block.ms = 60000
	max.in.flight.requests.per.connection = 5
	max.request.size = 1048576
	metadata.max.age.ms = 300000
	metadata.max.idle.ms = 300000
	metadata.recovery.strategy = none
	metric.reporters = []
	metrics.num.samples = 2
	metrics.recording.level = INFO
	metrics.sample.window.ms = 30000
	partitioner.adaptive.partitioning.enable = true
	partitioner.availability.timeout.ms = 0
	partitioner.class = null
	partitioner.ignore.keys = false
	receive.buffer.bytes = 32768
	reconnect.backoff.max.ms = 1000
	reconnect.backoff.ms = 50
	request.timeout.ms = 5000
	retries = 2147483647
	retry.backoff.max.ms = 1000
	retry.backoff.ms = 100
	sasl.client.callback.handler.class = null
	sasl.jaas.config = null
	sasl.kerberos.kinit.cmd = /usr/bin/kinit
	sasl.kerberos.min.time.before.relogin = 60000
	sasl.kerberos.service.name = null
	sasl.kerberos.ticket.renew.jitter = 0.05
	sasl.kerberos.ticket.renew.window.factor = 0.8
	sasl.login.callback.handler.class = null
	sasl.login.class = null
	sasl.login.connect.timeout.ms = null
	sasl.login.read.timeout.ms = null
	sasl.login.refresh.buffer.seconds = 300
	sasl.login.refresh.min.period.seconds = 60
	sasl.login.refresh.window.factor = 0.8
	sasl.login.refresh.window.jitter = 0.05
	sasl.login.retry.backoff.max.ms = 10000
	sasl.login.retry.backoff.ms = 100
	sasl.mechanism = GSSAPI
	sasl.oauthbearer.clock.skew.seconds = 30
	sasl.oauthbearer.expected.audience = null
	sasl.oauthbearer.expected.issuer = null
	sasl.oauthbearer.header.urlencode = false
	sasl.oauthbearer.jwks.endpoint.refresh.ms = 3600000
	sasl.oauthbearer.jwks.endpoint.retry.backoff.max.ms = 10000
	sasl.oauthbearer.jwks.endpoint.retry.backoff.ms = 100
	sasl.oauthbearer.jwks.endpoint.url = null
	sasl.oauthbearer.scope.claim.name = scope
	sasl.oauthbearer.sub.claim.name = sub
	sasl.oauthbearer.token.endpoint.url = null
	security.protocol = PLAINTEXT
	security.providers = null
	send.buffer.bytes = 131072
	socket.connection.setup.timeout.max.ms = 30000
	socket.connection.setup.timeout.ms = 10000
	ssl.cipher.suites = null
	ssl.enabled.protocols = [TLSv1.2, TLSv1.3]
	ssl.endpoint.identification.algorithm = https
	ssl.engine.factory.class = null
	ssl.key.password = null
	ssl.keymanager.algorithm = SunX509
	ssl.keystore.certificate.chain = null
	ssl.keystore.key = null
	ssl.keystore.location = null
	ssl.keystore.password = null
	ssl.keystore.type = JKS
	ssl.protocol = TLSv1.3
	ssl.provider = null
	ssl.secure.random.implementation = null
	ssl.trustmanager.algorithm = PKIX
	ssl.truststore.certificates = null
	ssl.truststore.location = null
	ssl.truststore.password = null
	ssl.truststore.type = JKS
	transaction.timeout.ms = 60000
	transactional.id = null
	value.serializer = class io.apicurio.registry.serde.avro.AvroKafkaSerializer

2025-08-12 14:53:44,107 INFO  [org.apa.kaf.com.tel.int.KafkaMetricsCollector] (main) initializing Kafka metrics collector
2025-08-12 14:53:44,111 INFO  [org.apa.kaf.cli.pro.KafkaProducer] (main) [Producer clientId=Producer-topic-39663f2c_f38e_4cd0_8b99_79500f65e98a] Instantiated an idempotent producer.
2025-08-12 14:53:44,113 INFO  [org.apa.kaf.cli.pro.ProducerConfig] (main) These configurations '[apicurio.registry.url, apicurio.registry.artifact-resolver-strategy]' were supplied but are not used yet.
2025-08-12 14:53:44,113 INFO  [org.apa.kaf.com.uti.AppInfoParser] (main) Kafka version: 3.9.1
2025-08-12 14:53:44,113 INFO  [org.apa.kaf.com.uti.AppInfoParser] (main) Kafka commitId: f745dfdcee2b9851
2025-08-12 14:53:44,113 INFO  [org.apa.kaf.com.uti.AppInfoParser] (main) Kafka startTimeMs: 1755010424113
**** Registry Base URL: http://registry-app-ksql047.apps.ci419.apicurio-testing.org:80
2025-08-12 14:53:44,114 INFO  [org.apa.kaf.cli.pro.ProducerConfig] (main) ProducerConfig values: 
	acks = -1
	auto.include.jmx.reporter = true
	batch.size = 16384
	bootstrap.servers = [PLAINTEXT://localhost:32769]
	buffer.memory = 33554432
	client.dns.lookup = use_all_dns_ips
	client.id = Producer-topic-73ab94cf_2692_46bf_b147_b52f27b24139
	compression.gzip.level = -1
	compression.lz4.level = 9
	compression.type = none
	compression.zstd.level = 3
	connections.max.idle.ms = 10000
	delivery.timeout.ms = 120000
	enable.idempotence = true
	enable.metrics.push = true
	interceptor.classes = []
	key.serializer = class org.apache.kafka.common.serialization.StringSerializer
	linger.ms = 0
	max.block.ms = 60000
	max.in.flight.requests.per.connection = 5
	max.request.size = 1048576
	metadata.max.age.ms = 300000
	metadata.max.idle.ms = 300000
	metadata.recovery.strategy = none
	metric.reporters = []
	metrics.num.samples = 2
	metrics.recording.level = INFO
	metrics.sample.window.ms = 30000
	partitioner.adaptive.partitioning.enable = true
	partitioner.availability.timeout.ms = 0
	partitioner.class = null
	partitioner.ignore.keys = false
	receive.buffer.bytes = 32768
	reconnect.backoff.max.ms = 1000
	reconnect.backoff.ms = 50
	request.timeout.ms = 5000
	retries = 2147483647
	retry.backoff.max.ms = 1000
	retry.backoff.ms = 100
	sasl.client.callback.handler.class = null
	sasl.jaas.config = null
	sasl.kerberos.kinit.cmd = /usr/bin/kinit
	sasl.kerberos.min.time.before.relogin = 60000
	sasl.kerberos.service.name = null
	sasl.kerberos.ticket.renew.jitter = 0.05
	sasl.kerberos.ticket.renew.window.factor = 0.8
	sasl.login.callback.handler.class = null
	sasl.login.class = null
	sasl.login.connect.timeout.ms = null
	sasl.login.read.timeout.ms = null
	sasl.login.refresh.buffer.seconds = 300
	sasl.login.refresh.min.period.seconds = 60
	sasl.login.refresh.window.factor = 0.8
	sasl.login.refresh.window.jitter = 0.05
	sasl.login.retry.backoff.max.ms = 10000
	sasl.login.retry.backoff.ms = 100
	sasl.mechanism = GSSAPI
	sasl.oauthbearer.clock.skew.seconds = 30
	sasl.oauthbearer.expected.audience = null
	sasl.oauthbearer.expected.issuer = null
	sasl.oauthbearer.header.urlencode = false
	sasl.oauthbearer.jwks.endpoint.refresh.ms = 3600000
	sasl.oauthbearer.jwks.endpoint.retry.backoff.max.ms = 10000
	sasl.oauthbearer.jwks.endpoint.retry.backoff.ms = 100
	sasl.oauthbearer.jwks.endpoint.url = null
	sasl.oauthbearer.scope.claim.name = scope
	sasl.oauthbearer.sub.claim.name = sub
	sasl.oauthbearer.token.endpoint.url = null
	security.protocol = PLAINTEXT
	security.providers = null
	send.buffer.bytes = 131072
	socket.connection.setup.timeout.max.ms = 30000
	socket.connection.setup.timeout.ms = 10000
	ssl.cipher.suites = null
	ssl.enabled.protocols = [TLSv1.2, TLSv1.3]
	ssl.endpoint.identification.algorithm = https
	ssl.engine.factory.class = null
	ssl.key.password = null
	ssl.keymanager.algorithm = SunX509
	ssl.keystore.certificate.chain = null
	ssl.keystore.key = null
	ssl.keystore.location = null
	ssl.keystore.password = null
	ssl.keystore.type = JKS
	ssl.protocol = TLSv1.3
	ssl.provider = null
	ssl.secure.random.implementation = null
	ssl.trustmanager.algorithm = PKIX
	ssl.truststore.certificates = null
	ssl.truststore.location = null
	ssl.truststore.password = null
	ssl.truststore.type = JKS
	transaction.timeout.ms = 60000
	transactional.id = null
	value.serializer = class io.apicurio.registry.serde.avro.AvroKafkaSerializer

2025-08-12 14:53:44,115 INFO  [org.apa.kaf.com.tel.int.KafkaMetricsCollector] (main) initializing Kafka metrics collector
2025-08-12 14:53:44,116 INFO  [org.apa.kaf.cli.Metadata] (kafka-producer-network-thread | Producer-topic-39663f2c_f38e_4cd0_8b99_79500f65e98a) [Producer clientId=Producer-topic-39663f2c_f38e_4cd0_8b99_79500f65e98a] Cluster ID: XZZUcOHpSnyflE0hmwIDCg
2025-08-12 14:53:44,116 INFO  [org.apa.kaf.cli.pro.int.TransactionManager] (kafka-producer-network-thread | Producer-topic-39663f2c_f38e_4cd0_8b99_79500f65e98a) [Producer clientId=Producer-topic-39663f2c_f38e_4cd0_8b99_79500f65e98a] ProducerId set to 19 with epoch 0
2025-08-12 14:53:44,119 INFO  [org.apa.kaf.cli.pro.KafkaProducer] (main) [Producer clientId=Producer-topic-73ab94cf_2692_46bf_b147_b52f27b24139] Instantiated an idempotent producer.
2025-08-12 14:53:44,122 INFO  [org.apa.kaf.cli.pro.ProducerConfig] (main) These configurations '[apicurio.registry.url, apicurio.registry.artifact-resolver-strategy]' were supplied but are not used yet.
2025-08-12 14:53:44,122 INFO  [org.apa.kaf.com.uti.AppInfoParser] (main) Kafka version: 3.9.1
2025-08-12 14:53:44,122 INFO  [org.apa.kaf.com.uti.AppInfoParser] (main) Kafka commitId: f745dfdcee2b9851
2025-08-12 14:53:44,122 INFO  [org.apa.kaf.com.uti.AppInfoParser] (main) Kafka startTimeMs: 1755010424122
**** Registry Base URL: http://registry-app-ksql047.apps.ci419.apicurio-testing.org:80
2025-08-12 14:53:44,122 INFO  [org.apa.kaf.cli.pro.ProducerConfig] (main) ProducerConfig values: 
	acks = -1
	auto.include.jmx.reporter = true
	batch.size = 16384
	bootstrap.servers = [PLAINTEXT://localhost:32769]
	buffer.memory = 33554432
	client.dns.lookup = use_all_dns_ips
	client.id = Producer-topic-623a60f8_89c3_4977_919b_1872038b254d
	compression.gzip.level = -1
	compression.lz4.level = 9
	compression.type = none
	compression.zstd.level = 3
	connections.max.idle.ms = 10000
	delivery.timeout.ms = 120000
	enable.idempotence = true
	enable.metrics.push = true
	interceptor.classes = []
	key.serializer = class org.apache.kafka.common.serialization.StringSerializer
	linger.ms = 0
	max.block.ms = 60000
	max.in.flight.requests.per.connection = 5
	max.request.size = 1048576
	metadata.max.age.ms = 300000
	metadata.max.idle.ms = 300000
	metadata.recovery.strategy = none
	metric.reporters = []
	metrics.num.samples = 2
	metrics.recording.level = INFO
	metrics.sample.window.ms = 30000
	partitioner.adaptive.partitioning.enable = true
	partitioner.availability.timeout.ms = 0
	partitioner.class = null
	partitioner.ignore.keys = false
	receive.buffer.bytes = 32768
	reconnect.backoff.max.ms = 1000
	reconnect.backoff.ms = 50
	request.timeout.ms = 5000
	retries = 2147483647
	retry.backoff.max.ms = 1000
	retry.backoff.ms = 100
	sasl.client.callback.handler.class = null
	sasl.jaas.config = null
	sasl.kerberos.kinit.cmd = /usr/bin/kinit
	sasl.kerberos.min.time.before.relogin = 60000
	sasl.kerberos.service.name = null
	sasl.kerberos.ticket.renew.jitter = 0.05
	sasl.kerberos.ticket.renew.window.factor = 0.8
	sasl.login.callback.handler.class = null
	sasl.login.class = null
	sasl.login.connect.timeout.ms = null
	sasl.login.read.timeout.ms = null
	sasl.login.refresh.buffer.seconds = 300
	sasl.login.refresh.min.period.seconds = 60
	sasl.login.refresh.window.factor = 0.8
	sasl.login.refresh.window.jitter = 0.05
	sasl.login.retry.backoff.max.ms = 10000
	sasl.login.retry.backoff.ms = 100
	sasl.mechanism = GSSAPI
	sasl.oauthbearer.clock.skew.seconds = 30
	sasl.oauthbearer.expected.audience = null
	sasl.oauthbearer.expected.issuer = null
	sasl.oauthbearer.header.urlencode = false
	sasl.oauthbearer.jwks.endpoint.refresh.ms = 3600000
	sasl.oauthbearer.jwks.endpoint.retry.backoff.max.ms = 10000
	sasl.oauthbearer.jwks.endpoint.retry.backoff.ms = 100
	sasl.oauthbearer.jwks.endpoint.url = null
	sasl.oauthbearer.scope.claim.name = scope
	sasl.oauthbearer.sub.claim.name = sub
	sasl.oauthbearer.token.endpoint.url = null
	security.protocol = PLAINTEXT
	security.providers = null
	send.buffer.bytes = 131072
	socket.connection.setup.timeout.max.ms = 30000
	socket.connection.setup.timeout.ms = 10000
	ssl.cipher.suites = null
	ssl.enabled.protocols = [TLSv1.2, TLSv1.3]
	ssl.endpoint.identification.algorithm = https
	ssl.engine.factory.class = null
	ssl.key.password = null
	ssl.keymanager.algorithm = SunX509
	ssl.keystore.certificate.chain = null
	ssl.keystore.key = null
	ssl.keystore.location = null
	ssl.keystore.password = null
	ssl.keystore.type = JKS
	ssl.protocol = TLSv1.3
	ssl.provider = null
	ssl.secure.random.implementation = null
	ssl.trustmanager.algorithm = PKIX
	ssl.truststore.certificates = null
	ssl.truststore.location = null
	ssl.truststore.password = null
	ssl.truststore.type = JKS
	transaction.timeout.ms = 60000
	transactional.id = null
	value.serializer = class io.apicurio.registry.serde.avro.AvroKafkaSerializer

2025-08-12 14:53:44,122 INFO  [org.apa.kaf.com.tel.int.KafkaMetricsCollector] (main) initializing Kafka metrics collector
2025-08-12 14:53:44,129 INFO  [org.apa.kaf.cli.Metadata] (kafka-producer-network-thread | Producer-topic-73ab94cf_2692_46bf_b147_b52f27b24139) [Producer clientId=Producer-topic-73ab94cf_2692_46bf_b147_b52f27b24139] Cluster ID: XZZUcOHpSnyflE0hmwIDCg
2025-08-12 14:53:44,129 INFO  [org.apa.kaf.cli.pro.int.TransactionManager] (kafka-producer-network-thread | Producer-topic-73ab94cf_2692_46bf_b147_b52f27b24139) [Producer clientId=Producer-topic-73ab94cf_2692_46bf_b147_b52f27b24139] ProducerId set to 20 with epoch 0
2025-08-12 14:53:44,131 INFO  [org.apa.kaf.cli.pro.KafkaProducer] (main) [Producer clientId=Producer-topic-623a60f8_89c3_4977_919b_1872038b254d] Instantiated an idempotent producer.
2025-08-12 14:53:44,138 INFO  [org.apa.kaf.cli.pro.ProducerConfig] (main) These configurations '[apicurio.registry.url, apicurio.registry.artifact-resolver-strategy]' were supplied but are not used yet.
2025-08-12 14:53:44,138 INFO  [org.apa.kaf.com.uti.AppInfoParser] (main) Kafka version: 3.9.1
2025-08-12 14:53:44,138 INFO  [org.apa.kaf.com.uti.AppInfoParser] (main) Kafka commitId: f745dfdcee2b9851
2025-08-12 14:53:44,138 INFO  [org.apa.kaf.com.uti.AppInfoParser] (main) Kafka startTimeMs: 1755010424138
**** Registry Base URL: http://registry-app-ksql047.apps.ci419.apicurio-testing.org:80
2025-08-12 14:53:44,138 INFO  [org.apa.kaf.cli.con.ConsumerConfig] (main) ConsumerConfig values: 
	allow.auto.create.topics = true
	auto.commit.interval.ms = 500
	auto.include.jmx.reporter = true
	auto.offset.reset = earliest
	bootstrap.servers = [PLAINTEXT://localhost:32769]
	check.crcs = true
	client.dns.lookup = use_all_dns_ips
	client.id = consumer-Consumer-topic-39663f2c_f38e_4cd0_8b99_79500f65e98a-14
	client.rack = 
	connections.max.idle.ms = 10000
	default.api.timeout.ms = 60000
	enable.auto.commit = true
	enable.metrics.push = true
	exclude.internal.topics = true
	fetch.max.bytes = 52428800
	fetch.max.wait.ms = 500
	fetch.min.bytes = 1
	group.id = Consumer-topic-39663f2c_f38e_4cd0_8b99_79500f65e98a
	group.instance.id = null
	group.protocol = classic
	group.remote.assignor = null
	heartbeat.interval.ms = 3000
	interceptor.classes = []
	internal.leave.group.on.close = true
	internal.throw.on.fetch.stable.offset.unsupported = false
	isolation.level = read_uncommitted
	key.deserializer = class org.apache.kafka.common.serialization.StringDeserializer
	max.partition.fetch.bytes = 1048576
	max.poll.interval.ms = 300000
	max.poll.records = 500
	metadata.max.age.ms = 300000
	metadata.recovery.strategy = none
	metric.reporters = []
	metrics.num.samples = 2
	metrics.recording.level = INFO
	metrics.sample.window.ms = 30000
	partition.assignment.strategy = [class org.apache.kafka.clients.consumer.RangeAssignor, class org.apache.kafka.clients.consumer.CooperativeStickyAssignor]
	receive.buffer.bytes = 65536
	reconnect.backoff.max.ms = 1000
	reconnect.backoff.ms = 50
	request.timeout.ms = 5000
	retry.backoff.max.ms = 1000
	retry.backoff.ms = 100
	sasl.client.callback.handler.class = null
	sasl.jaas.config = null
	sasl.kerberos.kinit.cmd = /usr/bin/kinit
	sasl.kerberos.min.time.before.relogin = 60000
	sasl.kerberos.service.name = null
	sasl.kerberos.ticket.renew.jitter = 0.05
	sasl.kerberos.ticket.renew.window.factor = 0.8
	sasl.login.callback.handler.class = null
	sasl.login.class = null
	sasl.login.connect.timeout.ms = null
	sasl.login.read.timeout.ms = null
	sasl.login.refresh.buffer.seconds = 300
	sasl.login.refresh.min.period.seconds = 60
	sasl.login.refresh.window.factor = 0.8
	sasl.login.refresh.window.jitter = 0.05
	sasl.login.retry.backoff.max.ms = 10000
	sasl.login.retry.backoff.ms = 100
	sasl.mechanism = GSSAPI
	sasl.oauthbearer.clock.skew.seconds = 30
	sasl.oauthbearer.expected.audience = null
	sasl.oauthbearer.expected.issuer = null
	sasl.oauthbearer.header.urlencode = false
	sasl.oauthbearer.jwks.endpoint.refresh.ms = 3600000
	sasl.oauthbearer.jwks.endpoint.retry.backoff.max.ms = 10000
	sasl.oauthbearer.jwks.endpoint.retry.backoff.ms = 100
	sasl.oauthbearer.jwks.endpoint.url = null
	sasl.oauthbearer.scope.claim.name = scope
	sasl.oauthbearer.sub.claim.name = sub
	sasl.oauthbearer.token.endpoint.url = null
	security.protocol = PLAINTEXT
	security.providers = null
	send.buffer.bytes = 131072
	session.timeout.ms = 45000
	socket.connection.setup.timeout.max.ms = 30000
	socket.connection.setup.timeout.ms = 10000
	ssl.cipher.suites = null
	ssl.enabled.protocols = [TLSv1.2, TLSv1.3]
	ssl.endpoint.identification.algorithm = https
	ssl.engine.factory.class = null
	ssl.key.password = null
	ssl.keymanager.algorithm = SunX509
	ssl.keystore.certificate.chain = null
	ssl.keystore.key = null
	ssl.keystore.location = null
	ssl.keystore.password = null
	ssl.keystore.type = JKS
	ssl.protocol = TLSv1.3
	ssl.provider = null
	ssl.secure.random.implementation = null
	ssl.trustmanager.algorithm = PKIX
	ssl.truststore.certificates = null
	ssl.truststore.location = null
	ssl.truststore.password = null
	ssl.truststore.type = JKS
	value.deserializer = class io.apicurio.registry.serde.avro.AvroKafkaDeserializer

2025-08-12 14:53:44,139 INFO  [org.apa.kaf.com.tel.int.KafkaMetricsCollector] (main) initializing Kafka metrics collector
2025-08-12 14:53:44,145 INFO  [org.apa.kaf.cli.Metadata] (kafka-producer-network-thread | Producer-topic-623a60f8_89c3_4977_919b_1872038b254d) [Producer clientId=Producer-topic-623a60f8_89c3_4977_919b_1872038b254d] Cluster ID: XZZUcOHpSnyflE0hmwIDCg
2025-08-12 14:53:44,145 INFO  [org.apa.kaf.cli.pro.int.TransactionManager] (kafka-producer-network-thread | Producer-topic-623a60f8_89c3_4977_919b_1872038b254d) [Producer clientId=Producer-topic-623a60f8_89c3_4977_919b_1872038b254d] ProducerId set to 21 with epoch 0
2025-08-12 14:53:44,149 INFO  [org.apa.kaf.cli.con.ConsumerConfig] (main) These configurations '[apicurio.registry.url]' were supplied but are not used yet.
2025-08-12 14:53:44,149 INFO  [org.apa.kaf.com.uti.AppInfoParser] (main) Kafka version: 3.9.1
2025-08-12 14:53:44,149 INFO  [org.apa.kaf.com.uti.AppInfoParser] (main) Kafka commitId: f745dfdcee2b9851
2025-08-12 14:53:44,149 INFO  [org.apa.kaf.com.uti.AppInfoParser] (main) Kafka startTimeMs: 1755010424149
**** Registry Base URL: http://registry-app-ksql047.apps.ci419.apicurio-testing.org:80
2025-08-12 14:53:44,149 INFO  [org.apa.kaf.cli.con.ConsumerConfig] (main) ConsumerConfig values: 
	allow.auto.create.topics = true
	auto.commit.interval.ms = 500
	auto.include.jmx.reporter = true
	auto.offset.reset = earliest
	bootstrap.servers = [PLAINTEXT://localhost:32769]
	check.crcs = true
	client.dns.lookup = use_all_dns_ips
	client.id = consumer-Consumer-topic-73ab94cf_2692_46bf_b147_b52f27b24139-15
	client.rack = 
	connections.max.idle.ms = 10000
	default.api.timeout.ms = 60000
	enable.auto.commit = true
	enable.metrics.push = true
	exclude.internal.topics = true
	fetch.max.bytes = 52428800
	fetch.max.wait.ms = 500
	fetch.min.bytes = 1
	group.id = Consumer-topic-73ab94cf_2692_46bf_b147_b52f27b24139
	group.instance.id = null
	group.protocol = classic
	group.remote.assignor = null
	heartbeat.interval.ms = 3000
	interceptor.classes = []
	internal.leave.group.on.close = true
	internal.throw.on.fetch.stable.offset.unsupported = false
	isolation.level = read_uncommitted
	key.deserializer = class org.apache.kafka.common.serialization.StringDeserializer
	max.partition.fetch.bytes = 1048576
	max.poll.interval.ms = 300000
	max.poll.records = 500
	metadata.max.age.ms = 300000
	metadata.recovery.strategy = none
	metric.reporters = []
	metrics.num.samples = 2
	metrics.recording.level = INFO
	metrics.sample.window.ms = 30000
	partition.assignment.strategy = [class org.apache.kafka.clients.consumer.RangeAssignor, class org.apache.kafka.clients.consumer.CooperativeStickyAssignor]
	receive.buffer.bytes = 65536
	reconnect.backoff.max.ms = 1000
	reconnect.backoff.ms = 50
	request.timeout.ms = 5000
	retry.backoff.max.ms = 1000
	retry.backoff.ms = 100
	sasl.client.callback.handler.class = null
	sasl.jaas.config = null
	sasl.kerberos.kinit.cmd = /usr/bin/kinit
	sasl.kerberos.min.time.before.relogin = 60000
	sasl.kerberos.service.name = null
	sasl.kerberos.ticket.renew.jitter = 0.05
	sasl.kerberos.ticket.renew.window.factor = 0.8
	sasl.login.callback.handler.class = null
	sasl.login.class = null
	sasl.login.connect.timeout.ms = null
	sasl.login.read.timeout.ms = null
	sasl.login.refresh.buffer.seconds = 300
	sasl.login.refresh.min.period.seconds = 60
	sasl.login.refresh.window.factor = 0.8
	sasl.login.refresh.window.jitter = 0.05
	sasl.login.retry.backoff.max.ms = 10000
	sasl.login.retry.backoff.ms = 100
	sasl.mechanism = GSSAPI
	sasl.oauthbearer.clock.skew.seconds = 30
	sasl.oauthbearer.expected.audience = null
	sasl.oauthbearer.expected.issuer = null
	sasl.oauthbearer.header.urlencode = false
	sasl.oauthbearer.jwks.endpoint.refresh.ms = 3600000
	sasl.oauthbearer.jwks.endpoint.retry.backoff.max.ms = 10000
	sasl.oauthbearer.jwks.endpoint.retry.backoff.ms = 100
	sasl.oauthbearer.jwks.endpoint.url = null
	sasl.oauthbearer.scope.claim.name = scope
	sasl.oauthbearer.sub.claim.name = sub
	sasl.oauthbearer.token.endpoint.url = null
	security.protocol = PLAINTEXT
	security.providers = null
	send.buffer.bytes = 131072
	session.timeout.ms = 45000
	socket.connection.setup.timeout.max.ms = 30000
	socket.connection.setup.timeout.ms = 10000
	ssl.cipher.suites = null
	ssl.enabled.protocols = [TLSv1.2, TLSv1.3]
	ssl.endpoint.identification.algorithm = https
	ssl.engine.factory.class = null
	ssl.key.password = null
	ssl.keymanager.algorithm = SunX509
	ssl.keystore.certificate.chain = null
	ssl.keystore.key = null
	ssl.keystore.location = null
	ssl.keystore.password = null
	ssl.keystore.type = JKS
	ssl.protocol = TLSv1.3
	ssl.provider = null
	ssl.secure.random.implementation = null
	ssl.trustmanager.algorithm = PKIX
	ssl.truststore.certificates = null
	ssl.truststore.location = null
	ssl.truststore.password = null
	ssl.truststore.type = JKS
	value.deserializer = class io.apicurio.registry.serde.avro.AvroKafkaDeserializer

2025-08-12 14:53:44,150 INFO  [org.apa.kaf.com.tel.int.KafkaMetricsCollector] (main) initializing Kafka metrics collector
2025-08-12 14:53:44,156 INFO  [org.apa.kaf.cli.con.ConsumerConfig] (main) These configurations '[apicurio.registry.url]' were supplied but are not used yet.
2025-08-12 14:53:44,156 INFO  [org.apa.kaf.com.uti.AppInfoParser] (main) Kafka version: 3.9.1
2025-08-12 14:53:44,156 INFO  [org.apa.kaf.com.uti.AppInfoParser] (main) Kafka commitId: f745dfdcee2b9851
2025-08-12 14:53:44,156 INFO  [org.apa.kaf.com.uti.AppInfoParser] (main) Kafka startTimeMs: 1755010424156
**** Registry Base URL: http://registry-app-ksql047.apps.ci419.apicurio-testing.org:80
2025-08-12 14:53:44,157 INFO  [org.apa.kaf.cli.con.ConsumerConfig] (main) ConsumerConfig values: 
	allow.auto.create.topics = true
	auto.commit.interval.ms = 500
	auto.include.jmx.reporter = true
	auto.offset.reset = earliest
	bootstrap.servers = [PLAINTEXT://localhost:32769]
	check.crcs = true
	client.dns.lookup = use_all_dns_ips
	client.id = consumer-Consumer-topic-623a60f8_89c3_4977_919b_1872038b254d-16
	client.rack = 
	connections.max.idle.ms = 10000
	default.api.timeout.ms = 60000
	enable.auto.commit = true
	enable.metrics.push = true
	exclude.internal.topics = true
	fetch.max.bytes = 52428800
	fetch.max.wait.ms = 500
	fetch.min.bytes = 1
	group.id = Consumer-topic-623a60f8_89c3_4977_919b_1872038b254d
	group.instance.id = null
	group.protocol = classic
	group.remote.assignor = null
	heartbeat.interval.ms = 3000
	interceptor.classes = []
	internal.leave.group.on.close = true
	internal.throw.on.fetch.stable.offset.unsupported = false
	isolation.level = read_uncommitted
	key.deserializer = class org.apache.kafka.common.serialization.StringDeserializer
	max.partition.fetch.bytes = 1048576
	max.poll.interval.ms = 300000
	max.poll.records = 500
	metadata.max.age.ms = 300000
	metadata.recovery.strategy = none
	metric.reporters = []
	metrics.num.samples = 2
	metrics.recording.level = INFO
	metrics.sample.window.ms = 30000
	partition.assignment.strategy = [class org.apache.kafka.clients.consumer.RangeAssignor, class org.apache.kafka.clients.consumer.CooperativeStickyAssignor]
	receive.buffer.bytes = 65536
	reconnect.backoff.max.ms = 1000
	reconnect.backoff.ms = 50
	request.timeout.ms = 5000
	retry.backoff.max.ms = 1000
	retry.backoff.ms = 100
	sasl.client.callback.handler.class = null
	sasl.jaas.config = null
	sasl.kerberos.kinit.cmd = /usr/bin/kinit
	sasl.kerberos.min.time.before.relogin = 60000
	sasl.kerberos.service.name = null
	sasl.kerberos.ticket.renew.jitter = 0.05
	sasl.kerberos.ticket.renew.window.factor = 0.8
	sasl.login.callback.handler.class = null
	sasl.login.class = null
	sasl.login.connect.timeout.ms = null
	sasl.login.read.timeout.ms = null
	sasl.login.refresh.buffer.seconds = 300
	sasl.login.refresh.min.period.seconds = 60
	sasl.login.refresh.window.factor = 0.8
	sasl.login.refresh.window.jitter = 0.05
	sasl.login.retry.backoff.max.ms = 10000
	sasl.login.retry.backoff.ms = 100
	sasl.mechanism = GSSAPI
	sasl.oauthbearer.clock.skew.seconds = 30
	sasl.oauthbearer.expected.audience = null
	sasl.oauthbearer.expected.issuer = null
	sasl.oauthbearer.header.urlencode = false
	sasl.oauthbearer.jwks.endpoint.refresh.ms = 3600000
	sasl.oauthbearer.jwks.endpoint.retry.backoff.max.ms = 10000
	sasl.oauthbearer.jwks.endpoint.retry.backoff.ms = 100
	sasl.oauthbearer.jwks.endpoint.url = null
	sasl.oauthbearer.scope.claim.name = scope
	sasl.oauthbearer.sub.claim.name = sub
	sasl.oauthbearer.token.endpoint.url = null
	security.protocol = PLAINTEXT
	security.providers = null
	send.buffer.bytes = 131072
	session.timeout.ms = 45000
	socket.connection.setup.timeout.max.ms = 30000
	socket.connection.setup.timeout.ms = 10000
	ssl.cipher.suites = null
	ssl.enabled.protocols = [TLSv1.2, TLSv1.3]
	ssl.endpoint.identification.algorithm = https
	ssl.engine.factory.class = null
	ssl.key.password = null
	ssl.keymanager.algorithm = SunX509
	ssl.keystore.certificate.chain = null
	ssl.keystore.key = null
	ssl.keystore.location = null
	ssl.keystore.password = null
	ssl.keystore.type = JKS
	ssl.protocol = TLSv1.3
	ssl.provider = null
	ssl.secure.random.implementation = null
	ssl.trustmanager.algorithm = PKIX
	ssl.truststore.certificates = null
	ssl.truststore.location = null
	ssl.truststore.password = null
	ssl.truststore.type = JKS
	value.deserializer = class io.apicurio.registry.serde.avro.AvroKafkaDeserializer

2025-08-12 14:53:44,157 INFO  [org.apa.kaf.com.tel.int.KafkaMetricsCollector] (main) initializing Kafka metrics collector
2025-08-12 14:53:44,163 INFO  [org.apa.kaf.cli.con.ConsumerConfig] (main) These configurations '[apicurio.registry.url]' were supplied but are not used yet.
2025-08-12 14:53:44,163 INFO  [org.apa.kaf.com.uti.AppInfoParser] (main) Kafka version: 3.9.1
2025-08-12 14:53:44,163 INFO  [org.apa.kaf.com.uti.AppInfoParser] (main) Kafka commitId: f745dfdcee2b9851
2025-08-12 14:53:44,163 INFO  [org.apa.kaf.com.uti.AppInfoParser] (main) Kafka startTimeMs: 1755010424163
2025-08-12 14:53:44,164 INFO  [io.api.tes.ser.api.KafkaSerdesTester] (Thread-713) Sending message {"key11755010423037": "value-0"} to topic topic-39663f2c_f38e_4cd0_8b99_79500f65e98a
2025-08-12 14:53:44,168 INFO  [DefaultSchemaResolver] (Thread-713) Retrieving schema content using string: {"type":"record","name":"myrecordconfluent","fields":[{"name":"key11755010423037","type":"string"}]}
2025-08-12 14:53:44,194 INFO  [io.api.tes.ser.api.KafkaSerdesTester] (Thread-713) Sending message {"key11755010423037": "value-1"} to topic topic-39663f2c_f38e_4cd0_8b99_79500f65e98a
2025-08-12 14:53:44,196 INFO  [io.api.tes.ser.api.KafkaSerdesTester] (Thread-713) Sending message {"key11755010423037": "value-2"} to topic topic-39663f2c_f38e_4cd0_8b99_79500f65e98a
2025-08-12 14:53:44,197 INFO  [io.api.tes.ser.api.KafkaSerdesTester] (Thread-713) Sending message {"key11755010423037": "value-3"} to topic topic-39663f2c_f38e_4cd0_8b99_79500f65e98a
2025-08-12 14:53:44,198 INFO  [io.api.tes.ser.api.KafkaSerdesTester] (Thread-713) Sending message {"key11755010423037": "value-4"} to topic topic-39663f2c_f38e_4cd0_8b99_79500f65e98a
2025-08-12 14:53:44,199 INFO  [io.api.tes.ser.api.KafkaSerdesTester] (Thread-713) Sending message {"key11755010423037": "value-5"} to topic topic-39663f2c_f38e_4cd0_8b99_79500f65e98a
2025-08-12 14:53:44,200 INFO  [io.api.tes.ser.api.KafkaSerdesTester] (Thread-713) Sending message {"key11755010423037": "value-6"} to topic topic-39663f2c_f38e_4cd0_8b99_79500f65e98a
2025-08-12 14:53:44,201 INFO  [io.api.tes.ser.api.KafkaSerdesTester] (Thread-713) Sending message {"key11755010423037": "value-7"} to topic topic-39663f2c_f38e_4cd0_8b99_79500f65e98a
2025-08-12 14:53:44,202 INFO  [io.api.tes.ser.api.KafkaSerdesTester] (Thread-713) Sending message {"key11755010423037": "value-8"} to topic topic-39663f2c_f38e_4cd0_8b99_79500f65e98a
2025-08-12 14:53:44,204 INFO  [io.api.tes.ser.api.KafkaSerdesTester] (Thread-713) Sending message {"key11755010423037": "value-9"} to topic topic-39663f2c_f38e_4cd0_8b99_79500f65e98a
2025-08-12 14:53:44,205 INFO  [io.api.tes.ser.api.KafkaSerdesTester] (Thread-713) Produced 10 messages
2025-08-12 14:53:44,205 INFO  [org.apa.kaf.cli.pro.KafkaProducer] (Thread-713) [Producer clientId=Producer-topic-39663f2c_f38e_4cd0_8b99_79500f65e98a] Closing the Kafka producer with timeoutMillis = 9223372036854775807 ms.
2025-08-12 14:53:44,207 INFO  [org.apa.kaf.com.met.Metrics] (Thread-713) Metrics scheduler closed
2025-08-12 14:53:44,207 INFO  [org.apa.kaf.com.met.Metrics] (Thread-713) Closing reporter org.apache.kafka.common.metrics.JmxReporter
2025-08-12 14:53:44,207 INFO  [org.apa.kaf.com.met.Metrics] (Thread-713) Closing reporter org.apache.kafka.common.telemetry.internals.ClientTelemetryReporter
2025-08-12 14:53:44,207 INFO  [org.apa.kaf.com.met.Metrics] (Thread-713) Metrics reporters closed
2025-08-12 14:53:44,207 INFO  [org.apa.kaf.com.uti.AppInfoParser] (Thread-713) App info kafka.producer for Producer-topic-39663f2c_f38e_4cd0_8b99_79500f65e98a unregistered
2025-08-12 14:53:44,209 INFO  [io.api.tes.ser.api.KafkaSerdesTester] (Thread-714) Sending message {"key11755010423037": "value-0"} to topic topic-73ab94cf_2692_46bf_b147_b52f27b24139
2025-08-12 14:53:44,215 INFO  [DefaultSchemaResolver] (Thread-714) Retrieving schema content using string: {"type":"record","name":"myrecordconfluent","fields":[{"name":"key11755010423037","type":"string"}]}
2025-08-12 14:53:44,242 INFO  [io.api.tes.ser.api.KafkaSerdesTester] (Thread-714) Sending message {"key11755010423037": "value-1"} to topic topic-73ab94cf_2692_46bf_b147_b52f27b24139
2025-08-12 14:53:44,244 INFO  [io.api.tes.ser.api.KafkaSerdesTester] (Thread-714) Sending message {"key11755010423037": "value-2"} to topic topic-73ab94cf_2692_46bf_b147_b52f27b24139
2025-08-12 14:53:44,245 INFO  [io.api.tes.ser.api.KafkaSerdesTester] (Thread-714) Sending message {"key11755010423037": "value-3"} to topic topic-73ab94cf_2692_46bf_b147_b52f27b24139
2025-08-12 14:53:44,246 INFO  [io.api.tes.ser.api.KafkaSerdesTester] (Thread-714) Sending message {"key11755010423037": "value-4"} to topic topic-73ab94cf_2692_46bf_b147_b52f27b24139
2025-08-12 14:53:44,248 INFO  [io.api.tes.ser.api.KafkaSerdesTester] (Thread-714) Sending message {"key11755010423037": "value-5"} to topic topic-73ab94cf_2692_46bf_b147_b52f27b24139
2025-08-12 14:53:44,250 INFO  [io.api.tes.ser.api.KafkaSerdesTester] (Thread-714) Sending message {"key11755010423037": "value-6"} to topic topic-73ab94cf_2692_46bf_b147_b52f27b24139
2025-08-12 14:53:44,251 INFO  [io.api.tes.ser.api.KafkaSerdesTester] (Thread-714) Sending message {"key11755010423037": "value-7"} to topic topic-73ab94cf_2692_46bf_b147_b52f27b24139
2025-08-12 14:53:44,253 INFO  [io.api.tes.ser.api.KafkaSerdesTester] (Thread-714) Sending message {"key11755010423037": "value-8"} to topic topic-73ab94cf_2692_46bf_b147_b52f27b24139
2025-08-12 14:53:44,254 INFO  [io.api.tes.ser.api.KafkaSerdesTester] (Thread-714) Sending message {"key11755010423037": "value-9"} to topic topic-73ab94cf_2692_46bf_b147_b52f27b24139
2025-08-12 14:53:44,256 INFO  [io.api.tes.ser.api.KafkaSerdesTester] (Thread-714) Produced 10 messages
2025-08-12 14:53:44,256 INFO  [org.apa.kaf.cli.pro.KafkaProducer] (Thread-714) [Producer clientId=Producer-topic-73ab94cf_2692_46bf_b147_b52f27b24139] Closing the Kafka producer with timeoutMillis = 9223372036854775807 ms.
2025-08-12 14:53:44,258 INFO  [org.apa.kaf.com.met.Metrics] (Thread-714) Metrics scheduler closed
2025-08-12 14:53:44,258 INFO  [org.apa.kaf.com.met.Metrics] (Thread-714) Closing reporter org.apache.kafka.common.metrics.JmxReporter
2025-08-12 14:53:44,258 INFO  [org.apa.kaf.com.met.Metrics] (Thread-714) Closing reporter org.apache.kafka.common.telemetry.internals.ClientTelemetryReporter
2025-08-12 14:53:44,258 INFO  [org.apa.kaf.com.met.Metrics] (Thread-714) Metrics reporters closed
2025-08-12 14:53:44,259 INFO  [org.apa.kaf.com.uti.AppInfoParser] (Thread-714) App info kafka.producer for Producer-topic-73ab94cf_2692_46bf_b147_b52f27b24139 unregistered
2025-08-12 14:53:44,260 INFO  [io.api.tes.ser.api.KafkaSerdesTester] (Thread-715) Sending message {"key11755010423037": "value-0"} to topic topic-623a60f8_89c3_4977_919b_1872038b254d
2025-08-12 14:53:44,267 INFO  [DefaultSchemaResolver] (Thread-715) Retrieving schema content using string: {"type":"record","name":"myrecordconfluent","fields":[{"name":"key11755010423037","type":"string"}]}
2025-08-12 14:53:44,310 INFO  [io.api.tes.ser.api.KafkaSerdesTester] (Thread-715) Sending message {"key11755010423037": "value-1"} to topic topic-623a60f8_89c3_4977_919b_1872038b254d
2025-08-12 14:53:44,313 INFO  [io.api.tes.ser.api.KafkaSerdesTester] (Thread-715) Sending message {"key11755010423037": "value-2"} to topic topic-623a60f8_89c3_4977_919b_1872038b254d
2025-08-12 14:53:44,316 INFO  [io.api.tes.ser.api.KafkaSerdesTester] (Thread-715) Sending message {"key11755010423037": "value-3"} to topic topic-623a60f8_89c3_4977_919b_1872038b254d
2025-08-12 14:53:44,322 INFO  [io.api.tes.ser.api.KafkaSerdesTester] (Thread-715) Sending message {"key11755010423037": "value-4"} to topic topic-623a60f8_89c3_4977_919b_1872038b254d
2025-08-12 14:53:44,325 INFO  [io.api.tes.ser.api.KafkaSerdesTester] (Thread-715) Sending message {"key11755010423037": "value-5"} to topic topic-623a60f8_89c3_4977_919b_1872038b254d
2025-08-12 14:53:44,327 INFO  [io.api.tes.ser.api.KafkaSerdesTester] (Thread-715) Sending message {"key11755010423037": "value-6"} to topic topic-623a60f8_89c3_4977_919b_1872038b254d
2025-08-12 14:53:44,331 INFO  [io.api.tes.ser.api.KafkaSerdesTester] (Thread-715) Sending message {"key11755010423037": "value-7"} to topic topic-623a60f8_89c3_4977_919b_1872038b254d
2025-08-12 14:53:44,333 INFO  [io.api.tes.ser.api.KafkaSerdesTester] (Thread-715) Sending message {"key11755010423037": "value-8"} to topic topic-623a60f8_89c3_4977_919b_1872038b254d
2025-08-12 14:53:44,335 INFO  [io.api.tes.ser.api.KafkaSerdesTester] (Thread-715) Sending message {"key11755010423037": "value-9"} to topic topic-623a60f8_89c3_4977_919b_1872038b254d
2025-08-12 14:53:44,337 INFO  [io.api.tes.ser.api.KafkaSerdesTester] (Thread-715) Produced 10 messages
2025-08-12 14:53:44,337 INFO  [org.apa.kaf.cli.pro.KafkaProducer] (Thread-715) [Producer clientId=Producer-topic-623a60f8_89c3_4977_919b_1872038b254d] Closing the Kafka producer with timeoutMillis = 9223372036854775807 ms.
2025-08-12 14:53:44,342 INFO  [org.apa.kaf.com.met.Metrics] (Thread-715) Metrics scheduler closed
2025-08-12 14:53:44,342 INFO  [org.apa.kaf.com.met.Metrics] (Thread-715) Closing reporter org.apache.kafka.common.metrics.JmxReporter
2025-08-12 14:53:44,342 INFO  [org.apa.kaf.com.met.Metrics] (Thread-715) Closing reporter org.apache.kafka.common.telemetry.internals.ClientTelemetryReporter
2025-08-12 14:53:44,342 INFO  [org.apa.kaf.com.met.Metrics] (Thread-715) Metrics reporters closed
2025-08-12 14:53:44,342 INFO  [org.apa.kaf.com.uti.AppInfoParser] (Thread-715) App info kafka.producer for Producer-topic-623a60f8_89c3_4977_919b_1872038b254d unregistered
2025-08-12 14:53:44,344 INFO  [org.apa.kaf.cli.con.int.ClassicKafkaConsumer] (Thread-716) [Consumer clientId=consumer-Consumer-topic-39663f2c_f38e_4cd0_8b99_79500f65e98a-14, groupId=Consumer-topic-39663f2c_f38e_4cd0_8b99_79500f65e98a] Subscribed to topic(s): topic-39663f2c_f38e_4cd0_8b99_79500f65e98a
2025-08-12 14:53:44,349 INFO  [org.apa.kaf.cli.Metadata] (Thread-716) [Consumer clientId=consumer-Consumer-topic-39663f2c_f38e_4cd0_8b99_79500f65e98a-14, groupId=Consumer-topic-39663f2c_f38e_4cd0_8b99_79500f65e98a] Cluster ID: XZZUcOHpSnyflE0hmwIDCg
2025-08-12 14:53:44,352 INFO  [org.apa.kaf.cli.con.int.ConsumerCoordinator] (Thread-716) [Consumer clientId=consumer-Consumer-topic-39663f2c_f38e_4cd0_8b99_79500f65e98a-14, groupId=Consumer-topic-39663f2c_f38e_4cd0_8b99_79500f65e98a] Discovered group coordinator localhost:32769 (id: 2147483647 rack: null)
2025-08-12 14:53:44,355 INFO  [org.apa.kaf.cli.con.int.ConsumerCoordinator] (Thread-716) [Consumer clientId=consumer-Consumer-topic-39663f2c_f38e_4cd0_8b99_79500f65e98a-14, groupId=Consumer-topic-39663f2c_f38e_4cd0_8b99_79500f65e98a] (Re-)joining group
2025-08-12 14:53:44,358 INFO  [org.apa.kaf.cli.con.int.ConsumerCoordinator] (Thread-716) [Consumer clientId=consumer-Consumer-topic-39663f2c_f38e_4cd0_8b99_79500f65e98a-14, groupId=Consumer-topic-39663f2c_f38e_4cd0_8b99_79500f65e98a] Request joining group due to: need to re-join with the given member-id: consumer-Consumer-topic-39663f2c_f38e_4cd0_8b99_79500f65e98a-14-39d84d21-e259-43ed-bf70-7d2601fa8b44
2025-08-12 14:53:44,359 INFO  [org.apa.kaf.cli.con.int.ConsumerCoordinator] (Thread-716) [Consumer clientId=consumer-Consumer-topic-39663f2c_f38e_4cd0_8b99_79500f65e98a-14, groupId=Consumer-topic-39663f2c_f38e_4cd0_8b99_79500f65e98a] (Re-)joining group
2025-08-12 14:53:45,344 INFO  [io.api.tes.ser.api.KafkaSerdesTester] (Thread-716) None found
2025-08-12 14:53:46,345 INFO  [io.api.tes.ser.api.KafkaSerdesTester] (Thread-716) None found
2025-08-12 14:53:47,345 INFO  [io.api.tes.ser.api.KafkaSerdesTester] (Thread-716) None found
2025-08-12 14:53:47,361 INFO  [org.apa.kaf.cli.con.int.ConsumerCoordinator] (Thread-716) [Consumer clientId=consumer-Consumer-topic-39663f2c_f38e_4cd0_8b99_79500f65e98a-14, groupId=Consumer-topic-39663f2c_f38e_4cd0_8b99_79500f65e98a] Successfully joined group with generation Generation{generationId=1, memberId='consumer-Consumer-topic-39663f2c_f38e_4cd0_8b99_79500f65e98a-14-39d84d21-e259-43ed-bf70-7d2601fa8b44', protocol='range'}
2025-08-12 14:53:47,361 INFO  [org.apa.kaf.cli.con.int.ConsumerCoordinator] (Thread-716) [Consumer clientId=consumer-Consumer-topic-39663f2c_f38e_4cd0_8b99_79500f65e98a-14, groupId=Consumer-topic-39663f2c_f38e_4cd0_8b99_79500f65e98a] Finished assignment for group at generation 1: {consumer-Consumer-topic-39663f2c_f38e_4cd0_8b99_79500f65e98a-14-39d84d21-e259-43ed-bf70-7d2601fa8b44=Assignment(partitions=[topic-39663f2c_f38e_4cd0_8b99_79500f65e98a-0])}
2025-08-12 14:53:47,368 INFO  [org.apa.kaf.cli.con.int.ConsumerCoordinator] (Thread-716) [Consumer clientId=consumer-Consumer-topic-39663f2c_f38e_4cd0_8b99_79500f65e98a-14, groupId=Consumer-topic-39663f2c_f38e_4cd0_8b99_79500f65e98a] Successfully synced group in generation Generation{generationId=1, memberId='consumer-Consumer-topic-39663f2c_f38e_4cd0_8b99_79500f65e98a-14-39d84d21-e259-43ed-bf70-7d2601fa8b44', protocol='range'}
2025-08-12 14:53:47,368 INFO  [org.apa.kaf.cli.con.int.ConsumerCoordinator] (Thread-716) [Consumer clientId=consumer-Consumer-topic-39663f2c_f38e_4cd0_8b99_79500f65e98a-14, groupId=Consumer-topic-39663f2c_f38e_4cd0_8b99_79500f65e98a] Notifying assignor about the new Assignment(partitions=[topic-39663f2c_f38e_4cd0_8b99_79500f65e98a-0])
2025-08-12 14:53:47,368 INFO  [org.apa.kaf.cli.con.int.ConsumerRebalanceListenerInvoker] (Thread-716) [Consumer clientId=consumer-Consumer-topic-39663f2c_f38e_4cd0_8b99_79500f65e98a-14, groupId=Consumer-topic-39663f2c_f38e_4cd0_8b99_79500f65e98a] Adding newly assigned partitions: topic-39663f2c_f38e_4cd0_8b99_79500f65e98a-0
2025-08-12 14:53:47,369 INFO  [org.apa.kaf.cli.con.int.ConsumerCoordinator] (Thread-716) [Consumer clientId=consumer-Consumer-topic-39663f2c_f38e_4cd0_8b99_79500f65e98a-14, groupId=Consumer-topic-39663f2c_f38e_4cd0_8b99_79500f65e98a] Found no committed offset for partition topic-39663f2c_f38e_4cd0_8b99_79500f65e98a-0
2025-08-12 14:53:47,370 INFO  [org.apa.kaf.cli.con.int.SubscriptionState] (Thread-716) [Consumer clientId=consumer-Consumer-topic-39663f2c_f38e_4cd0_8b99_79500f65e98a-14, groupId=Consumer-topic-39663f2c_f38e_4cd0_8b99_79500f65e98a] Resetting offset for partition topic-39663f2c_f38e_4cd0_8b99_79500f65e98a-0 to position FetchPosition{offset=0, offsetEpoch=Optional.empty, currentLeader=LeaderAndEpoch{leader=Optional[localhost:32769 (id: 0 rack: null)], epoch=0}}.
2025-08-12 14:53:47,405 INFO  [io.api.tes.ser.api.KafkaSerdesTester] (Thread-716) topic-39663f2c_f38e_4cd0_8b99_79500f65e98a 0 0 {"key11755010423037": "value-0"}
2025-08-12 14:53:47,405 INFO  [io.api.tes.ser.api.KafkaSerdesTester] (Thread-716) topic-39663f2c_f38e_4cd0_8b99_79500f65e98a 0 1 {"key11755010423037": "value-1"}
2025-08-12 14:53:47,405 INFO  [io.api.tes.ser.api.KafkaSerdesTester] (Thread-716) topic-39663f2c_f38e_4cd0_8b99_79500f65e98a 0 2 {"key11755010423037": "value-2"}
2025-08-12 14:53:47,405 INFO  [io.api.tes.ser.api.KafkaSerdesTester] (Thread-716) topic-39663f2c_f38e_4cd0_8b99_79500f65e98a 0 3 {"key11755010423037": "value-3"}
2025-08-12 14:53:47,406 INFO  [io.api.tes.ser.api.KafkaSerdesTester] (Thread-716) topic-39663f2c_f38e_4cd0_8b99_79500f65e98a 0 4 {"key11755010423037": "value-4"}
2025-08-12 14:53:47,406 INFO  [io.api.tes.ser.api.KafkaSerdesTester] (Thread-716) topic-39663f2c_f38e_4cd0_8b99_79500f65e98a 0 5 {"key11755010423037": "value-5"}
2025-08-12 14:53:47,406 INFO  [io.api.tes.ser.api.KafkaSerdesTester] (Thread-716) topic-39663f2c_f38e_4cd0_8b99_79500f65e98a 0 6 {"key11755010423037": "value-6"}
2025-08-12 14:53:47,406 INFO  [io.api.tes.ser.api.KafkaSerdesTester] (Thread-716) topic-39663f2c_f38e_4cd0_8b99_79500f65e98a 0 7 {"key11755010423037": "value-7"}
2025-08-12 14:53:47,406 INFO  [io.api.tes.ser.api.KafkaSerdesTester] (Thread-716) topic-39663f2c_f38e_4cd0_8b99_79500f65e98a 0 8 {"key11755010423037": "value-8"}
2025-08-12 14:53:47,406 INFO  [io.api.tes.ser.api.KafkaSerdesTester] (Thread-716) topic-39663f2c_f38e_4cd0_8b99_79500f65e98a 0 9 {"key11755010423037": "value-9"}
2025-08-12 14:53:47,406 INFO  [io.api.tes.ser.api.KafkaSerdesTester] (Thread-716) Consumed 10 messages
2025-08-12 14:53:47,414 INFO  [org.apa.kaf.cli.con.int.ConsumerRebalanceListenerInvoker] (Thread-716) [Consumer clientId=consumer-Consumer-topic-39663f2c_f38e_4cd0_8b99_79500f65e98a-14, groupId=Consumer-topic-39663f2c_f38e_4cd0_8b99_79500f65e98a] Revoke previously assigned partitions topic-39663f2c_f38e_4cd0_8b99_79500f65e98a-0
2025-08-12 14:53:47,414 INFO  [org.apa.kaf.cli.con.int.ConsumerCoordinator] (Thread-716) [Consumer clientId=consumer-Consumer-topic-39663f2c_f38e_4cd0_8b99_79500f65e98a-14, groupId=Consumer-topic-39663f2c_f38e_4cd0_8b99_79500f65e98a] Member consumer-Consumer-topic-39663f2c_f38e_4cd0_8b99_79500f65e98a-14-39d84d21-e259-43ed-bf70-7d2601fa8b44 sending LeaveGroup request to coordinator localhost:32769 (id: 2147483647 rack: null) due to the consumer is being closed
2025-08-12 14:53:47,414 INFO  [org.apa.kaf.cli.con.int.ConsumerCoordinator] (Thread-716) [Consumer clientId=consumer-Consumer-topic-39663f2c_f38e_4cd0_8b99_79500f65e98a-14, groupId=Consumer-topic-39663f2c_f38e_4cd0_8b99_79500f65e98a] Resetting generation and member id due to: consumer pro-actively leaving the group
2025-08-12 14:53:47,414 INFO  [org.apa.kaf.cli.con.int.ConsumerCoordinator] (Thread-716) [Consumer clientId=consumer-Consumer-topic-39663f2c_f38e_4cd0_8b99_79500f65e98a-14, groupId=Consumer-topic-39663f2c_f38e_4cd0_8b99_79500f65e98a] Request joining group due to: consumer pro-actively leaving the group
2025-08-12 14:53:47,908 INFO  [org.apa.kaf.com.met.Metrics] (Thread-716) Metrics scheduler closed
2025-08-12 14:53:47,908 INFO  [org.apa.kaf.com.met.Metrics] (Thread-716) Closing reporter org.apache.kafka.common.metrics.JmxReporter
2025-08-12 14:53:47,908 INFO  [org.apa.kaf.com.met.Metrics] (Thread-716) Closing reporter org.apache.kafka.common.telemetry.internals.ClientTelemetryReporter
2025-08-12 14:53:47,908 INFO  [org.apa.kaf.com.met.Metrics] (Thread-716) Metrics reporters closed
2025-08-12 14:53:47,910 INFO  [org.apa.kaf.com.uti.AppInfoParser] (Thread-716) App info kafka.consumer for consumer-Consumer-topic-39663f2c_f38e_4cd0_8b99_79500f65e98a-14 unregistered
2025-08-12 14:53:47,911 INFO  [org.apa.kaf.cli.con.int.ClassicKafkaConsumer] (Thread-717) [Consumer clientId=consumer-Consumer-topic-73ab94cf_2692_46bf_b147_b52f27b24139-15, groupId=Consumer-topic-73ab94cf_2692_46bf_b147_b52f27b24139] Subscribed to topic(s): topic-73ab94cf_2692_46bf_b147_b52f27b24139
2025-08-12 14:53:47,916 INFO  [org.apa.kaf.cli.Metadata] (Thread-717) [Consumer clientId=consumer-Consumer-topic-73ab94cf_2692_46bf_b147_b52f27b24139-15, groupId=Consumer-topic-73ab94cf_2692_46bf_b147_b52f27b24139] Cluster ID: XZZUcOHpSnyflE0hmwIDCg
2025-08-12 14:53:47,916 INFO  [org.apa.kaf.cli.con.int.ConsumerCoordinator] (Thread-717) [Consumer clientId=consumer-Consumer-topic-73ab94cf_2692_46bf_b147_b52f27b24139-15, groupId=Consumer-topic-73ab94cf_2692_46bf_b147_b52f27b24139] Discovered group coordinator localhost:32769 (id: 2147483647 rack: null)
2025-08-12 14:53:47,917 INFO  [org.apa.kaf.cli.con.int.ConsumerCoordinator] (Thread-717) [Consumer clientId=consumer-Consumer-topic-73ab94cf_2692_46bf_b147_b52f27b24139-15, groupId=Consumer-topic-73ab94cf_2692_46bf_b147_b52f27b24139] (Re-)joining group
2025-08-12 14:53:47,919 INFO  [org.apa.kaf.cli.con.int.ConsumerCoordinator] (Thread-717) [Consumer clientId=consumer-Consumer-topic-73ab94cf_2692_46bf_b147_b52f27b24139-15, groupId=Consumer-topic-73ab94cf_2692_46bf_b147_b52f27b24139] Request joining group due to: need to re-join with the given member-id: consumer-Consumer-topic-73ab94cf_2692_46bf_b147_b52f27b24139-15-4cfad0b8-58cf-4a69-adf0-480e839dc161
2025-08-12 14:53:47,919 INFO  [org.apa.kaf.cli.con.int.ConsumerCoordinator] (Thread-717) [Consumer clientId=consumer-Consumer-topic-73ab94cf_2692_46bf_b147_b52f27b24139-15, groupId=Consumer-topic-73ab94cf_2692_46bf_b147_b52f27b24139] (Re-)joining group
2025-08-12 14:53:48,913 INFO  [io.api.tes.ser.api.KafkaSerdesTester] (Thread-717) None found
2025-08-12 14:53:49,914 INFO  [io.api.tes.ser.api.KafkaSerdesTester] (Thread-717) None found
2025-08-12 14:53:50,915 INFO  [io.api.tes.ser.api.KafkaSerdesTester] (Thread-717) None found
2025-08-12 14:53:50,921 INFO  [org.apa.kaf.cli.con.int.ConsumerCoordinator] (Thread-717) [Consumer clientId=consumer-Consumer-topic-73ab94cf_2692_46bf_b147_b52f27b24139-15, groupId=Consumer-topic-73ab94cf_2692_46bf_b147_b52f27b24139] Successfully joined group with generation Generation{generationId=1, memberId='consumer-Consumer-topic-73ab94cf_2692_46bf_b147_b52f27b24139-15-4cfad0b8-58cf-4a69-adf0-480e839dc161', protocol='range'}
2025-08-12 14:53:50,922 INFO  [org.apa.kaf.cli.con.int.ConsumerCoordinator] (Thread-717) [Consumer clientId=consumer-Consumer-topic-73ab94cf_2692_46bf_b147_b52f27b24139-15, groupId=Consumer-topic-73ab94cf_2692_46bf_b147_b52f27b24139] Finished assignment for group at generation 1: {consumer-Consumer-topic-73ab94cf_2692_46bf_b147_b52f27b24139-15-4cfad0b8-58cf-4a69-adf0-480e839dc161=Assignment(partitions=[topic-73ab94cf_2692_46bf_b147_b52f27b24139-0])}
2025-08-12 14:53:50,929 INFO  [org.apa.kaf.cli.con.int.ConsumerCoordinator] (Thread-717) [Consumer clientId=consumer-Consumer-topic-73ab94cf_2692_46bf_b147_b52f27b24139-15, groupId=Consumer-topic-73ab94cf_2692_46bf_b147_b52f27b24139] Successfully synced group in generation Generation{generationId=1, memberId='consumer-Consumer-topic-73ab94cf_2692_46bf_b147_b52f27b24139-15-4cfad0b8-58cf-4a69-adf0-480e839dc161', protocol='range'}
2025-08-12 14:53:50,929 INFO  [org.apa.kaf.cli.con.int.ConsumerCoordinator] (Thread-717) [Consumer clientId=consumer-Consumer-topic-73ab94cf_2692_46bf_b147_b52f27b24139-15, groupId=Consumer-topic-73ab94cf_2692_46bf_b147_b52f27b24139] Notifying assignor about the new Assignment(partitions=[topic-73ab94cf_2692_46bf_b147_b52f27b24139-0])
2025-08-12 14:53:50,929 INFO  [org.apa.kaf.cli.con.int.ConsumerRebalanceListenerInvoker] (Thread-717) [Consumer clientId=consumer-Consumer-topic-73ab94cf_2692_46bf_b147_b52f27b24139-15, groupId=Consumer-topic-73ab94cf_2692_46bf_b147_b52f27b24139] Adding newly assigned partitions: topic-73ab94cf_2692_46bf_b147_b52f27b24139-0
2025-08-12 14:53:50,930 INFO  [org.apa.kaf.cli.con.int.ConsumerCoordinator] (Thread-717) [Consumer clientId=consumer-Consumer-topic-73ab94cf_2692_46bf_b147_b52f27b24139-15, groupId=Consumer-topic-73ab94cf_2692_46bf_b147_b52f27b24139] Found no committed offset for partition topic-73ab94cf_2692_46bf_b147_b52f27b24139-0
2025-08-12 14:53:50,933 INFO  [org.apa.kaf.cli.con.int.SubscriptionState] (Thread-717) [Consumer clientId=consumer-Consumer-topic-73ab94cf_2692_46bf_b147_b52f27b24139-15, groupId=Consumer-topic-73ab94cf_2692_46bf_b147_b52f27b24139] Resetting offset for partition topic-73ab94cf_2692_46bf_b147_b52f27b24139-0 to position FetchPosition{offset=0, offsetEpoch=Optional.empty, currentLeader=LeaderAndEpoch{leader=Optional[localhost:32769 (id: 0 rack: null)], epoch=0}}.
2025-08-12 14:53:50,967 INFO  [io.api.tes.ser.api.KafkaSerdesTester] (Thread-717) topic-73ab94cf_2692_46bf_b147_b52f27b24139 0 0 {"key11755010423037": "value-0"}
2025-08-12 14:53:50,967 INFO  [io.api.tes.ser.api.KafkaSerdesTester] (Thread-717) topic-73ab94cf_2692_46bf_b147_b52f27b24139 0 1 {"key11755010423037": "value-1"}
2025-08-12 14:53:50,967 INFO  [io.api.tes.ser.api.KafkaSerdesTester] (Thread-717) topic-73ab94cf_2692_46bf_b147_b52f27b24139 0 2 {"key11755010423037": "value-2"}
2025-08-12 14:53:50,967 INFO  [io.api.tes.ser.api.KafkaSerdesTester] (Thread-717) topic-73ab94cf_2692_46bf_b147_b52f27b24139 0 3 {"key11755010423037": "value-3"}
2025-08-12 14:53:50,967 INFO  [io.api.tes.ser.api.KafkaSerdesTester] (Thread-717) topic-73ab94cf_2692_46bf_b147_b52f27b24139 0 4 {"key11755010423037": "value-4"}
2025-08-12 14:53:50,967 INFO  [io.api.tes.ser.api.KafkaSerdesTester] (Thread-717) topic-73ab94cf_2692_46bf_b147_b52f27b24139 0 5 {"key11755010423037": "value-5"}
2025-08-12 14:53:50,967 INFO  [io.api.tes.ser.api.KafkaSerdesTester] (Thread-717) topic-73ab94cf_2692_46bf_b147_b52f27b24139 0 6 {"key11755010423037": "value-6"}
2025-08-12 14:53:50,968 INFO  [io.api.tes.ser.api.KafkaSerdesTester] (Thread-717) topic-73ab94cf_2692_46bf_b147_b52f27b24139 0 7 {"key11755010423037": "value-7"}
2025-08-12 14:53:50,968 INFO  [io.api.tes.ser.api.KafkaSerdesTester] (Thread-717) topic-73ab94cf_2692_46bf_b147_b52f27b24139 0 8 {"key11755010423037": "value-8"}
2025-08-12 14:53:50,968 INFO  [io.api.tes.ser.api.KafkaSerdesTester] (Thread-717) topic-73ab94cf_2692_46bf_b147_b52f27b24139 0 9 {"key11755010423037": "value-9"}
2025-08-12 14:53:50,968 INFO  [io.api.tes.ser.api.KafkaSerdesTester] (Thread-717) Consumed 10 messages
2025-08-12 14:53:50,975 INFO  [org.apa.kaf.cli.con.int.ConsumerRebalanceListenerInvoker] (Thread-717) [Consumer clientId=consumer-Consumer-topic-73ab94cf_2692_46bf_b147_b52f27b24139-15, groupId=Consumer-topic-73ab94cf_2692_46bf_b147_b52f27b24139] Revoke previously assigned partitions topic-73ab94cf_2692_46bf_b147_b52f27b24139-0
2025-08-12 14:53:50,975 INFO  [org.apa.kaf.cli.con.int.ConsumerCoordinator] (Thread-717) [Consumer clientId=consumer-Consumer-topic-73ab94cf_2692_46bf_b147_b52f27b24139-15, groupId=Consumer-topic-73ab94cf_2692_46bf_b147_b52f27b24139] Member consumer-Consumer-topic-73ab94cf_2692_46bf_b147_b52f27b24139-15-4cfad0b8-58cf-4a69-adf0-480e839dc161 sending LeaveGroup request to coordinator localhost:32769 (id: 2147483647 rack: null) due to the consumer is being closed
2025-08-12 14:53:50,975 INFO  [org.apa.kaf.cli.con.int.ConsumerCoordinator] (Thread-717) [Consumer clientId=consumer-Consumer-topic-73ab94cf_2692_46bf_b147_b52f27b24139-15, groupId=Consumer-topic-73ab94cf_2692_46bf_b147_b52f27b24139] Resetting generation and member id due to: consumer pro-actively leaving the group
2025-08-12 14:53:50,975 INFO  [org.apa.kaf.cli.con.int.ConsumerCoordinator] (Thread-717) [Consumer clientId=consumer-Consumer-topic-73ab94cf_2692_46bf_b147_b52f27b24139-15, groupId=Consumer-topic-73ab94cf_2692_46bf_b147_b52f27b24139] Request joining group due to: consumer pro-actively leaving the group
2025-08-12 14:53:51,470 INFO  [org.apa.kaf.com.met.Metrics] (Thread-717) Metrics scheduler closed
2025-08-12 14:53:51,470 INFO  [org.apa.kaf.com.met.Metrics] (Thread-717) Closing reporter org.apache.kafka.common.metrics.JmxReporter
2025-08-12 14:53:51,470 INFO  [org.apa.kaf.com.met.Metrics] (Thread-717) Closing reporter org.apache.kafka.common.telemetry.internals.ClientTelemetryReporter
2025-08-12 14:53:51,470 INFO  [org.apa.kaf.com.met.Metrics] (Thread-717) Metrics reporters closed
2025-08-12 14:53:51,472 INFO  [org.apa.kaf.com.uti.AppInfoParser] (Thread-717) App info kafka.consumer for consumer-Consumer-topic-73ab94cf_2692_46bf_b147_b52f27b24139-15 unregistered
2025-08-12 14:53:51,472 INFO  [org.apa.kaf.cli.con.int.ClassicKafkaConsumer] (Thread-718) [Consumer clientId=consumer-Consumer-topic-623a60f8_89c3_4977_919b_1872038b254d-16, groupId=Consumer-topic-623a60f8_89c3_4977_919b_1872038b254d] Subscribed to topic(s): topic-623a60f8_89c3_4977_919b_1872038b254d
2025-08-12 14:53:51,478 INFO  [org.apa.kaf.cli.Metadata] (Thread-718) [Consumer clientId=consumer-Consumer-topic-623a60f8_89c3_4977_919b_1872038b254d-16, groupId=Consumer-topic-623a60f8_89c3_4977_919b_1872038b254d] Cluster ID: XZZUcOHpSnyflE0hmwIDCg
2025-08-12 14:53:51,479 INFO  [org.apa.kaf.cli.con.int.ConsumerCoordinator] (Thread-718) [Consumer clientId=consumer-Consumer-topic-623a60f8_89c3_4977_919b_1872038b254d-16, groupId=Consumer-topic-623a60f8_89c3_4977_919b_1872038b254d] Discovered group coordinator localhost:32769 (id: 2147483647 rack: null)
2025-08-12 14:53:51,480 INFO  [org.apa.kaf.cli.con.int.ConsumerCoordinator] (Thread-718) [Consumer clientId=consumer-Consumer-topic-623a60f8_89c3_4977_919b_1872038b254d-16, groupId=Consumer-topic-623a60f8_89c3_4977_919b_1872038b254d] (Re-)joining group
2025-08-12 14:53:51,482 INFO  [org.apa.kaf.cli.con.int.ConsumerCoordinator] (Thread-718) [Consumer clientId=consumer-Consumer-topic-623a60f8_89c3_4977_919b_1872038b254d-16, groupId=Consumer-topic-623a60f8_89c3_4977_919b_1872038b254d] Request joining group due to: need to re-join with the given member-id: consumer-Consumer-topic-623a60f8_89c3_4977_919b_1872038b254d-16-677f71b9-66c2-464a-b3af-e7227941cc09
2025-08-12 14:53:51,482 INFO  [org.apa.kaf.cli.con.int.ConsumerCoordinator] (Thread-718) [Consumer clientId=consumer-Consumer-topic-623a60f8_89c3_4977_919b_1872038b254d-16, groupId=Consumer-topic-623a60f8_89c3_4977_919b_1872038b254d] (Re-)joining group
2025-08-12 14:53:52,472 INFO  [io.api.tes.ser.api.KafkaSerdesTester] (Thread-718) None found
2025-08-12 14:53:53,472 INFO  [io.api.tes.ser.api.KafkaSerdesTester] (Thread-718) None found
2025-08-12 14:53:54,472 INFO  [io.api.tes.ser.api.KafkaSerdesTester] (Thread-718) None found
2025-08-12 14:53:54,484 INFO  [org.apa.kaf.cli.con.int.ConsumerCoordinator] (Thread-718) [Consumer clientId=consumer-Consumer-topic-623a60f8_89c3_4977_919b_1872038b254d-16, groupId=Consumer-topic-623a60f8_89c3_4977_919b_1872038b254d] Successfully joined group with generation Generation{generationId=1, memberId='consumer-Consumer-topic-623a60f8_89c3_4977_919b_1872038b254d-16-677f71b9-66c2-464a-b3af-e7227941cc09', protocol='range'}
2025-08-12 14:53:54,484 INFO  [org.apa.kaf.cli.con.int.ConsumerCoordinator] (Thread-718) [Consumer clientId=consumer-Consumer-topic-623a60f8_89c3_4977_919b_1872038b254d-16, groupId=Consumer-topic-623a60f8_89c3_4977_919b_1872038b254d] Finished assignment for group at generation 1: {consumer-Consumer-topic-623a60f8_89c3_4977_919b_1872038b254d-16-677f71b9-66c2-464a-b3af-e7227941cc09=Assignment(partitions=[topic-623a60f8_89c3_4977_919b_1872038b254d-0])}
2025-08-12 14:53:54,491 INFO  [org.apa.kaf.cli.con.int.ConsumerCoordinator] (Thread-718) [Consumer clientId=consumer-Consumer-topic-623a60f8_89c3_4977_919b_1872038b254d-16, groupId=Consumer-topic-623a60f8_89c3_4977_919b_1872038b254d] Successfully synced group in generation Generation{generationId=1, memberId='consumer-Consumer-topic-623a60f8_89c3_4977_919b_1872038b254d-16-677f71b9-66c2-464a-b3af-e7227941cc09', protocol='range'}
2025-08-12 14:53:54,491 INFO  [org.apa.kaf.cli.con.int.ConsumerCoordinator] (Thread-718) [Consumer clientId=consumer-Consumer-topic-623a60f8_89c3_4977_919b_1872038b254d-16, groupId=Consumer-topic-623a60f8_89c3_4977_919b_1872038b254d] Notifying assignor about the new Assignment(partitions=[topic-623a60f8_89c3_4977_919b_1872038b254d-0])
2025-08-12 14:53:54,491 INFO  [org.apa.kaf.cli.con.int.ConsumerRebalanceListenerInvoker] (Thread-718) [Consumer clientId=consumer-Consumer-topic-623a60f8_89c3_4977_919b_1872038b254d-16, groupId=Consumer-topic-623a60f8_89c3_4977_919b_1872038b254d] Adding newly assigned partitions: topic-623a60f8_89c3_4977_919b_1872038b254d-0
2025-08-12 14:53:54,492 INFO  [org.apa.kaf.cli.con.int.ConsumerCoordinator] (Thread-718) [Consumer clientId=consumer-Consumer-topic-623a60f8_89c3_4977_919b_1872038b254d-16, groupId=Consumer-topic-623a60f8_89c3_4977_919b_1872038b254d] Found no committed offset for partition topic-623a60f8_89c3_4977_919b_1872038b254d-0
2025-08-12 14:53:54,496 INFO  [org.apa.kaf.cli.con.int.SubscriptionState] (Thread-718) [Consumer clientId=consumer-Consumer-topic-623a60f8_89c3_4977_919b_1872038b254d-16, groupId=Consumer-topic-623a60f8_89c3_4977_919b_1872038b254d] Resetting offset for partition topic-623a60f8_89c3_4977_919b_1872038b254d-0 to position FetchPosition{offset=0, offsetEpoch=Optional.empty, currentLeader=LeaderAndEpoch{leader=Optional[localhost:32769 (id: 0 rack: null)], epoch=0}}.
2025-08-12 14:53:54,536 INFO  [io.api.tes.ser.api.KafkaSerdesTester] (Thread-718) topic-623a60f8_89c3_4977_919b_1872038b254d 0 0 {"key11755010423037": "value-0"}
2025-08-12 14:53:54,536 INFO  [io.api.tes.ser.api.KafkaSerdesTester] (Thread-718) topic-623a60f8_89c3_4977_919b_1872038b254d 0 1 {"key11755010423037": "value-1"}
2025-08-12 14:53:54,536 INFO  [io.api.tes.ser.api.KafkaSerdesTester] (Thread-718) topic-623a60f8_89c3_4977_919b_1872038b254d 0 2 {"key11755010423037": "value-2"}
2025-08-12 14:53:54,536 INFO  [io.api.tes.ser.api.KafkaSerdesTester] (Thread-718) topic-623a60f8_89c3_4977_919b_1872038b254d 0 3 {"key11755010423037": "value-3"}
2025-08-12 14:53:54,536 INFO  [io.api.tes.ser.api.KafkaSerdesTester] (Thread-718) topic-623a60f8_89c3_4977_919b_1872038b254d 0 4 {"key11755010423037": "value-4"}
2025-08-12 14:53:54,536 INFO  [io.api.tes.ser.api.KafkaSerdesTester] (Thread-718) topic-623a60f8_89c3_4977_919b_1872038b254d 0 5 {"key11755010423037": "value-5"}
2025-08-12 14:53:54,537 INFO  [io.api.tes.ser.api.KafkaSerdesTester] (Thread-718) topic-623a60f8_89c3_4977_919b_1872038b254d 0 6 {"key11755010423037": "value-6"}
2025-08-12 14:53:54,537 INFO  [io.api.tes.ser.api.KafkaSerdesTester] (Thread-718) topic-623a60f8_89c3_4977_919b_1872038b254d 0 7 {"key11755010423037": "value-7"}
2025-08-12 14:53:54,537 INFO  [io.api.tes.ser.api.KafkaSerdesTester] (Thread-718) topic-623a60f8_89c3_4977_919b_1872038b254d 0 8 {"key11755010423037": "value-8"}
2025-08-12 14:53:54,537 INFO  [io.api.tes.ser.api.KafkaSerdesTester] (Thread-718) topic-623a60f8_89c3_4977_919b_1872038b254d 0 9 {"key11755010423037": "value-9"}
2025-08-12 14:53:54,537 INFO  [io.api.tes.ser.api.KafkaSerdesTester] (Thread-718) Consumed 10 messages
2025-08-12 14:53:54,543 INFO  [org.apa.kaf.cli.con.int.ConsumerRebalanceListenerInvoker] (Thread-718) [Consumer clientId=consumer-Consumer-topic-623a60f8_89c3_4977_919b_1872038b254d-16, groupId=Consumer-topic-623a60f8_89c3_4977_919b_1872038b254d] Revoke previously assigned partitions topic-623a60f8_89c3_4977_919b_1872038b254d-0
2025-08-12 14:53:54,544 INFO  [org.apa.kaf.cli.con.int.ConsumerCoordinator] (Thread-718) [Consumer clientId=consumer-Consumer-topic-623a60f8_89c3_4977_919b_1872038b254d-16, groupId=Consumer-topic-623a60f8_89c3_4977_919b_1872038b254d] Member consumer-Consumer-topic-623a60f8_89c3_4977_919b_1872038b254d-16-677f71b9-66c2-464a-b3af-e7227941cc09 sending LeaveGroup request to coordinator localhost:32769 (id: 2147483647 rack: null) due to the consumer is being closed
2025-08-12 14:53:54,546 INFO  [org.apa.kaf.cli.con.int.ConsumerCoordinator] (Thread-718) [Consumer clientId=consumer-Consumer-topic-623a60f8_89c3_4977_919b_1872038b254d-16, groupId=Consumer-topic-623a60f8_89c3_4977_919b_1872038b254d] Resetting generation and member id due to: consumer pro-actively leaving the group
2025-08-12 14:53:54,546 INFO  [org.apa.kaf.cli.con.int.ConsumerCoordinator] (Thread-718) [Consumer clientId=consumer-Consumer-topic-623a60f8_89c3_4977_919b_1872038b254d-16, groupId=Consumer-topic-623a60f8_89c3_4977_919b_1872038b254d] Request joining group due to: consumer pro-actively leaving the group
2025-08-12 14:53:55,036 INFO  [org.apa.kaf.com.met.Metrics] (Thread-718) Metrics scheduler closed
2025-08-12 14:53:55,036 INFO  [org.apa.kaf.com.met.Metrics] (Thread-718) Closing reporter org.apache.kafka.common.metrics.JmxReporter
2025-08-12 14:53:55,036 INFO  [org.apa.kaf.com.met.Metrics] (Thread-718) Closing reporter org.apache.kafka.common.telemetry.internals.ClientTelemetryReporter
2025-08-12 14:53:55,037 INFO  [org.apa.kaf.com.met.Metrics] (Thread-718) Metrics reporters closed
2025-08-12 14:53:55,039 INFO  [org.apa.kaf.com.uti.AppInfoParser] (Thread-718) App info kafka.consumer for consumer-Consumer-topic-623a60f8_89c3_4977_919b_1872038b254d-16 unregistered
2025-08-12 14:53:55,040 INFO  [io.api.tes.uti.TestSeparator] (main) io.apicurio.tests.serdes.apicurio.AvroSerdeIT.testAvroConfluentForMultipleTopics-FINISHED
2025-08-12 14:53:55,040 INFO  [io.api.tes.uti.TestSeparator] (main) ############################################################################
Test passed: testAvroConfluentForMultipleTopics
]]></system-out>
  </testcase>
  <testcase name="testFirstRequestFailsRateLimited" classname="io.apicurio.tests.serdes.apicurio.AvroSerdeIT" time="0.904">
    <system-out><![CDATA[2025-08-12 14:53:55,044 INFO  [io.api.tes.uti.TestSeparator] (main) ############################################################################
2025-08-12 14:53:55,044 INFO  [io.api.tes.uti.TestSeparator] (main) io.apicurio.tests.serdes.apicurio.AvroSerdeIT.testFirstRequestFailsRateLimited-STARTED
2025-08-12 14:53:55,497 WARN  [org.ecl.jet.ser.AbstractConnector] (main) Acceptors should be <= availableProcessors: NetworkTrafficServerConnector@16023bb2{HTTP/1.1, (http/1.1, h2c)}{0.0.0.0:0} 
2025-08-12 14:53:55,602 INFO  [org.ecl.jet.ser.Server] (main) jetty-11.0.15; built: 2023-04-11T18:37:53.775Z; git: 5bc5e562c8d05c5862505aebe5cf83a61bdbcb96; jvm 17.0.16+8
2025-08-12 14:53:55,624 INFO  [org.ecl.jet.ser.han.ContextHandler] (main) Started o.e.j.s.ServletContextHandler@3b05fba2{/__admin,null,AVAILABLE}
2025-08-12 14:53:55,632 INFO  [org.ecl.jet.ser.han.Con.ROOT] (main) RequestHandlerClass from context returned com.github.tomakehurst.wiremock.http.StubRequestHandler. Normalized mapped under returned 'null'
2025-08-12 14:53:55,633 INFO  [org.ecl.jet.ser.han.ContextHandler] (main) Started o.e.j.s.ServletContextHandler@4193b8a5{/,null,AVAILABLE}
2025-08-12 14:53:55,640 INFO  [org.ecl.jet.ser.AbstractConnector] (main) Started NetworkTrafficServerConnector@16023bb2{HTTP/1.1, (http/1.1, h2c)}{0.0.0.0:44475}
2025-08-12 14:53:55,642 INFO  [org.ecl.jet.ser.Server] (main) Started Server@4e02800b{STARTING}[11.0.15,sto=1000] @105837ms
**** Registry Base URL: http://registry-app-ksql047.apps.ci419.apicurio-testing.org:80
2025-08-12 14:53:55,651 INFO  [org.apa.kaf.cli.pro.ProducerConfig] (main) ProducerConfig values: 
	acks = -1
	auto.include.jmx.reporter = true
	batch.size = 16384
	bootstrap.servers = [PLAINTEXT://localhost:32769]
	buffer.memory = 33554432
	client.dns.lookup = use_all_dns_ips
	client.id = Producer-topic-2798fb97_d185_41f1_be55_7e07967c533d
	compression.gzip.level = -1
	compression.lz4.level = 9
	compression.type = none
	compression.zstd.level = 3
	connections.max.idle.ms = 10000
	delivery.timeout.ms = 120000
	enable.idempotence = true
	enable.metrics.push = true
	interceptor.classes = []
	key.serializer = class org.apache.kafka.common.serialization.StringSerializer
	linger.ms = 0
	max.block.ms = 60000
	max.in.flight.requests.per.connection = 5
	max.request.size = 1048576
	metadata.max.age.ms = 300000
	metadata.max.idle.ms = 300000
	metadata.recovery.strategy = none
	metric.reporters = []
	metrics.num.samples = 2
	metrics.recording.level = INFO
	metrics.sample.window.ms = 30000
	partitioner.adaptive.partitioning.enable = true
	partitioner.availability.timeout.ms = 0
	partitioner.class = null
	partitioner.ignore.keys = false
	receive.buffer.bytes = 32768
	reconnect.backoff.max.ms = 1000
	reconnect.backoff.ms = 50
	request.timeout.ms = 5000
	retries = 2147483647
	retry.backoff.max.ms = 1000
	retry.backoff.ms = 100
	sasl.client.callback.handler.class = null
	sasl.jaas.config = null
	sasl.kerberos.kinit.cmd = /usr/bin/kinit
	sasl.kerberos.min.time.before.relogin = 60000
	sasl.kerberos.service.name = null
	sasl.kerberos.ticket.renew.jitter = 0.05
	sasl.kerberos.ticket.renew.window.factor = 0.8
	sasl.login.callback.handler.class = null
	sasl.login.class = null
	sasl.login.connect.timeout.ms = null
	sasl.login.read.timeout.ms = null
	sasl.login.refresh.buffer.seconds = 300
	sasl.login.refresh.min.period.seconds = 60
	sasl.login.refresh.window.factor = 0.8
	sasl.login.refresh.window.jitter = 0.05
	sasl.login.retry.backoff.max.ms = 10000
	sasl.login.retry.backoff.ms = 100
	sasl.mechanism = GSSAPI
	sasl.oauthbearer.clock.skew.seconds = 30
	sasl.oauthbearer.expected.audience = null
	sasl.oauthbearer.expected.issuer = null
	sasl.oauthbearer.header.urlencode = false
	sasl.oauthbearer.jwks.endpoint.refresh.ms = 3600000
	sasl.oauthbearer.jwks.endpoint.retry.backoff.max.ms = 10000
	sasl.oauthbearer.jwks.endpoint.retry.backoff.ms = 100
	sasl.oauthbearer.jwks.endpoint.url = null
	sasl.oauthbearer.scope.claim.name = scope
	sasl.oauthbearer.sub.claim.name = sub
	sasl.oauthbearer.token.endpoint.url = null
	security.protocol = PLAINTEXT
	security.providers = null
	send.buffer.bytes = 131072
	socket.connection.setup.timeout.max.ms = 30000
	socket.connection.setup.timeout.ms = 10000
	ssl.cipher.suites = null
	ssl.enabled.protocols = [TLSv1.2, TLSv1.3]
	ssl.endpoint.identification.algorithm = https
	ssl.engine.factory.class = null
	ssl.key.password = null
	ssl.keymanager.algorithm = SunX509
	ssl.keystore.certificate.chain = null
	ssl.keystore.key = null
	ssl.keystore.location = null
	ssl.keystore.password = null
	ssl.keystore.type = JKS
	ssl.protocol = TLSv1.3
	ssl.provider = null
	ssl.secure.random.implementation = null
	ssl.trustmanager.algorithm = PKIX
	ssl.truststore.certificates = null
	ssl.truststore.location = null
	ssl.truststore.password = null
	ssl.truststore.type = JKS
	transaction.timeout.ms = 60000
	transactional.id = null
	value.serializer = class io.apicurio.registry.serde.avro.AvroKafkaSerializer

2025-08-12 14:53:55,651 INFO  [org.apa.kaf.com.tel.int.KafkaMetricsCollector] (main) initializing Kafka metrics collector
2025-08-12 14:53:55,654 INFO  [org.apa.kaf.cli.pro.KafkaProducer] (main) [Producer clientId=Producer-topic-2798fb97_d185_41f1_be55_7e07967c533d] Instantiated an idempotent producer.
2025-08-12 14:53:55,656 INFO  [org.apa.kaf.cli.pro.ProducerConfig] (main) These configurations '[apicurio.registry.url, apicurio.registry.artifact-resolver-strategy]' were supplied but are not used yet.
2025-08-12 14:53:55,656 INFO  [org.apa.kaf.com.uti.AppInfoParser] (main) Kafka version: 3.9.1
2025-08-12 14:53:55,656 INFO  [org.apa.kaf.com.uti.AppInfoParser] (main) Kafka commitId: f745dfdcee2b9851
2025-08-12 14:53:55,656 INFO  [org.apa.kaf.com.uti.AppInfoParser] (main) Kafka startTimeMs: 1755010435656
2025-08-12 14:53:55,660 INFO  [io.api.tes.ser.api.KafkaSerdesTester] (Thread-729) Sending message {"keyB": "value-0"} to topic topic-2798fb97_d185_41f1_be55_7e07967c533d
2025-08-12 14:53:55,660 INFO  [org.apa.kaf.cli.Metadata] (kafka-producer-network-thread | Producer-topic-2798fb97_d185_41f1_be55_7e07967c533d) [Producer clientId=Producer-topic-2798fb97_d185_41f1_be55_7e07967c533d] Cluster ID: XZZUcOHpSnyflE0hmwIDCg
2025-08-12 14:53:55,660 INFO  [org.apa.kaf.cli.pro.int.TransactionManager] (kafka-producer-network-thread | Producer-topic-2798fb97_d185_41f1_be55_7e07967c533d) [Producer clientId=Producer-topic-2798fb97_d185_41f1_be55_7e07967c533d] ProducerId set to 22 with epoch 0
2025-08-12 14:53:55,664 WARN  [org.apa.kaf.cli.NetworkClient] (kafka-producer-network-thread | Producer-topic-2798fb97_d185_41f1_be55_7e07967c533d) [Producer clientId=Producer-topic-2798fb97_d185_41f1_be55_7e07967c533d] The metadata response from the cluster reported a recoverable issue with correlation id 5 : {topic-2798fb97_d185_41f1_be55_7e07967c533d=UNKNOWN_TOPIC_OR_PARTITION}
2025-08-12 14:53:55,773 INFO  [DefaultSchemaResolver] (Thread-729) Retrieving schema content using string: {"type":"record","name":"myrecord","namespace":"mygroup","fields":[{"name":"keyB","type":"string"}]}
2025-08-12 14:53:55,930 INFO  [org.apa.kaf.cli.pro.KafkaProducer] (Thread-729) [Producer clientId=Producer-topic-2798fb97_d185_41f1_be55_7e07967c533d] Closing the Kafka producer with timeoutMillis = 9223372036854775807 ms.
2025-08-12 14:53:55,933 INFO  [org.apa.kaf.com.met.Metrics] (Thread-729) Metrics scheduler closed
2025-08-12 14:53:55,933 INFO  [org.apa.kaf.com.met.Metrics] (Thread-729) Closing reporter org.apache.kafka.common.metrics.JmxReporter
2025-08-12 14:53:55,933 INFO  [org.apa.kaf.com.met.Metrics] (Thread-729) Closing reporter org.apache.kafka.common.telemetry.internals.ClientTelemetryReporter
2025-08-12 14:53:55,933 INFO  [org.apa.kaf.com.met.Metrics] (Thread-729) Metrics reporters closed
2025-08-12 14:53:55,936 INFO  [org.apa.kaf.com.uti.AppInfoParser] (Thread-729) App info kafka.producer for Producer-topic-2798fb97_d185_41f1_be55_7e07967c533d unregistered
2025-08-12 14:53:55,936 INFO  [org.ecl.jet.ser.Server] (main) Stopped Server@4e02800b{STOPPING}[11.0.15,sto=1000]
2025-08-12 14:53:55,937 INFO  [org.ecl.jet.ser.Server] (main) Shutdown Server@4e02800b{STOPPING}[11.0.15,sto=1000]
2025-08-12 14:53:55,941 INFO  [org.ecl.jet.ser.AbstractConnector] (main) Stopped NetworkTrafficServerConnector@16023bb2{HTTP/1.1, (http/1.1, h2c)}{0.0.0.0:0}
2025-08-12 14:53:55,944 INFO  [org.ecl.jet.ser.han.ContextHandler] (main) Stopped o.e.j.s.ServletContextHandler@4193b8a5{/,null,STOPPED}
2025-08-12 14:53:55,944 INFO  [org.ecl.jet.ser.han.ContextHandler] (main) Stopped o.e.j.s.ServletContextHandler@3b05fba2{/__admin,null,STOPPED}
2025-08-12 14:53:55,947 INFO  [io.api.tes.uti.TestSeparator] (main) io.apicurio.tests.serdes.apicurio.AvroSerdeIT.testFirstRequestFailsRateLimited-FINISHED
2025-08-12 14:53:55,947 INFO  [io.api.tes.uti.TestSeparator] (main) ############################################################################
Test passed: testFirstRequestFailsRateLimited
]]></system-out>
    <system-err><![CDATA[com.microsoft.kiota.ApiException: the server returned an unexpected status code and no error class is registered for this code 429
	at com.microsoft.kiota.ApiExceptionBuilder.withMessage(ApiExceptionBuilder.java:45)
	at io.kiota.http.vertx.VertXRequestAdapter.throwIfFailedResponse(VertXRequestAdapter.java:370)
	at io.kiota.http.vertx.VertXRequestAdapter.send(VertXRequestAdapter.java:170)
	at io.apicurio.registry.rest.client.search.versions.VersionsRequestBuilder.post(VersionsRequestBuilder.java:94)
	at io.apicurio.registry.resolver.client.RegistryClientFacadeImpl.searchVersionsByContent(RegistryClientFacadeImpl.java:106)
	at io.apicurio.registry.resolver.DefaultSchemaResolver.lambda$handleResolveSchemaByContent$3(DefaultSchemaResolver.java:258)
	at io.apicurio.registry.resolver.cache.ERCache.lambda$getValue$0(ERCache.java:174)
	at io.apicurio.registry.resolver.cache.ERCache.retry(ERCache.java:227)
	at io.apicurio.registry.resolver.cache.ERCache.getValue(ERCache.java:173)
	at io.apicurio.registry.resolver.cache.ERCache.getByContent(ERCache.java:147)
	at io.apicurio.registry.resolver.DefaultSchemaResolver.handleResolveSchemaByContent(DefaultSchemaResolver.java:253)
	at io.apicurio.registry.resolver.DefaultSchemaResolver.getSchemaFromRegistry(DefaultSchemaResolver.java:138)
	at io.apicurio.registry.resolver.DefaultSchemaResolver.lambda$resolveSchema$0(DefaultSchemaResolver.java:84)
	at java.base/java.util.Optional.orElseGet(Optional.java:364)
	at io.apicurio.registry.resolver.DefaultSchemaResolver.resolveSchema(DefaultSchemaResolver.java:84)
	at io.apicurio.registry.serde.AbstractSerializer.serializeData(AbstractSerializer.java:62)
	at io.apicurio.registry.serde.KafkaSerializer.serialize(KafkaSerializer.java:77)
	at org.apache.kafka.clients.producer.KafkaProducer.doSend(KafkaProducer.java:1046)
	at org.apache.kafka.clients.producer.KafkaProducer.send(KafkaProducer.java:993)
	at org.apache.kafka.clients.producer.KafkaProducer.send(KafkaProducer.java:875)
	at io.apicurio.tests.serdes.apicurio.KafkaSerdesTester.lambda$produceMessages$3(KafkaSerdesTester.java:138)
	at java.base/java.util.concurrent.CompletableFuture$AsyncSupply.run(CompletableFuture.java:1768)
	at java.base/java.lang.Thread.run(Thread.java:840)
]]></system-err>
  </testcase>
  <testcase name="testFirstEmptyFieldConfusedAsMagicByte" classname="io.apicurio.tests.serdes.apicurio.AvroSerdeIT" time="3.857">
    <system-out><![CDATA[2025-08-12 14:53:55,952 INFO  [io.api.tes.uti.TestSeparator] (main) ############################################################################
2025-08-12 14:53:55,952 INFO  [io.api.tes.uti.TestSeparator] (main) io.apicurio.tests.serdes.apicurio.AvroSerdeIT.testFirstEmptyFieldConfusedAsMagicByte-STARTED
**** Registry Base URL: http://registry-app-ksql047.apps.ci419.apicurio-testing.org:80
2025-08-12 14:53:55,957 INFO  [org.apa.kaf.cli.pro.ProducerConfig] (main) ProducerConfig values: 
	acks = -1
	auto.include.jmx.reporter = true
	batch.size = 16384
	bootstrap.servers = [PLAINTEXT://localhost:32769]
	buffer.memory = 33554432
	client.dns.lookup = use_all_dns_ips
	client.id = Producer-topic-d3edcf87_ca94_491e_9a1e_a0286032a387
	compression.gzip.level = -1
	compression.lz4.level = 9
	compression.type = none
	compression.zstd.level = 3
	connections.max.idle.ms = 10000
	delivery.timeout.ms = 120000
	enable.idempotence = true
	enable.metrics.push = true
	interceptor.classes = []
	key.serializer = class org.apache.kafka.common.serialization.StringSerializer
	linger.ms = 0
	max.block.ms = 60000
	max.in.flight.requests.per.connection = 5
	max.request.size = 1048576
	metadata.max.age.ms = 300000
	metadata.max.idle.ms = 300000
	metadata.recovery.strategy = none
	metric.reporters = []
	metrics.num.samples = 2
	metrics.recording.level = INFO
	metrics.sample.window.ms = 30000
	partitioner.adaptive.partitioning.enable = true
	partitioner.availability.timeout.ms = 0
	partitioner.class = null
	partitioner.ignore.keys = false
	receive.buffer.bytes = 32768
	reconnect.backoff.max.ms = 1000
	reconnect.backoff.ms = 50
	request.timeout.ms = 5000
	retries = 2147483647
	retry.backoff.max.ms = 1000
	retry.backoff.ms = 100
	sasl.client.callback.handler.class = null
	sasl.jaas.config = null
	sasl.kerberos.kinit.cmd = /usr/bin/kinit
	sasl.kerberos.min.time.before.relogin = 60000
	sasl.kerberos.service.name = null
	sasl.kerberos.ticket.renew.jitter = 0.05
	sasl.kerberos.ticket.renew.window.factor = 0.8
	sasl.login.callback.handler.class = null
	sasl.login.class = null
	sasl.login.connect.timeout.ms = null
	sasl.login.read.timeout.ms = null
	sasl.login.refresh.buffer.seconds = 300
	sasl.login.refresh.min.period.seconds = 60
	sasl.login.refresh.window.factor = 0.8
	sasl.login.refresh.window.jitter = 0.05
	sasl.login.retry.backoff.max.ms = 10000
	sasl.login.retry.backoff.ms = 100
	sasl.mechanism = GSSAPI
	sasl.oauthbearer.clock.skew.seconds = 30
	sasl.oauthbearer.expected.audience = null
	sasl.oauthbearer.expected.issuer = null
	sasl.oauthbearer.header.urlencode = false
	sasl.oauthbearer.jwks.endpoint.refresh.ms = 3600000
	sasl.oauthbearer.jwks.endpoint.retry.backoff.max.ms = 10000
	sasl.oauthbearer.jwks.endpoint.retry.backoff.ms = 100
	sasl.oauthbearer.jwks.endpoint.url = null
	sasl.oauthbearer.scope.claim.name = scope
	sasl.oauthbearer.sub.claim.name = sub
	sasl.oauthbearer.token.endpoint.url = null
	security.protocol = PLAINTEXT
	security.providers = null
	send.buffer.bytes = 131072
	socket.connection.setup.timeout.max.ms = 30000
	socket.connection.setup.timeout.ms = 10000
	ssl.cipher.suites = null
	ssl.enabled.protocols = [TLSv1.2, TLSv1.3]
	ssl.endpoint.identification.algorithm = https
	ssl.engine.factory.class = null
	ssl.key.password = null
	ssl.keymanager.algorithm = SunX509
	ssl.keystore.certificate.chain = null
	ssl.keystore.key = null
	ssl.keystore.location = null
	ssl.keystore.password = null
	ssl.keystore.type = JKS
	ssl.protocol = TLSv1.3
	ssl.provider = null
	ssl.secure.random.implementation = null
	ssl.trustmanager.algorithm = PKIX
	ssl.truststore.certificates = null
	ssl.truststore.location = null
	ssl.truststore.password = null
	ssl.truststore.type = JKS
	transaction.timeout.ms = 60000
	transactional.id = null
	value.serializer = class io.apicurio.registry.serde.avro.AvroKafkaSerializer

2025-08-12 14:53:55,957 INFO  [org.apa.kaf.com.tel.int.KafkaMetricsCollector] (main) initializing Kafka metrics collector
2025-08-12 14:53:55,965 INFO  [org.apa.kaf.cli.pro.KafkaProducer] (main) [Producer clientId=Producer-topic-d3edcf87_ca94_491e_9a1e_a0286032a387] Instantiated an idempotent producer.
2025-08-12 14:53:55,967 INFO  [org.apa.kaf.cli.pro.ProducerConfig] (main) These configurations '[apicurio.registry.url, apicurio.registry.auto-register, apicurio.registry.artifact-resolver-strategy]' were supplied but are not used yet.
2025-08-12 14:53:55,967 INFO  [org.apa.kaf.com.uti.AppInfoParser] (main) Kafka version: 3.9.1
2025-08-12 14:53:55,967 INFO  [org.apa.kaf.com.uti.AppInfoParser] (main) Kafka commitId: f745dfdcee2b9851
2025-08-12 14:53:55,967 INFO  [org.apa.kaf.com.uti.AppInfoParser] (main) Kafka startTimeMs: 1755010435967
2025-08-12 14:53:55,967 INFO  [io.api.tes.ser.api.SimpleSerdesTesterBuilder$SimpleSerdesTester] (main) Using producer configuration: {apicurio.registry.url=http://registry-app-ksql047.apps.ci419.apicurio-testing.org:80/apis/registry/v3, apicurio.registry.auto-register=true, apicurio.registry.artifact-resolver-strategy=io.apicurio.registry.serde.strategy.SimpleTopicIdStrategy, value.serializer=io.apicurio.registry.serde.avro.AvroKafkaSerializer, request.timeout.ms=5000, acks=all, bootstrap.servers=PLAINTEXT://localhost:32769, connections.max.idle.ms=10000, key.serializer=org.apache.kafka.common.serialization.StringSerializer, client.id=Producer-topic-d3edcf87_ca94_491e_9a1e_a0286032a387}
2025-08-12 14:53:55,967 INFO  [io.api.tes.ser.api.SimpleSerdesTesterBuilder$SimpleSerdesTester] (main) Using consumer configuration: {}
2025-08-12 14:53:55,968 INFO  [io.api.tes.ser.api.KafkaSerdesTester] (Thread-732) Sending message {"username": null} to topic topic-d3edcf87_ca94_491e_9a1e_a0286032a387
2025-08-12 14:53:55,973 WARN  [org.apa.kaf.cli.NetworkClient] (kafka-producer-network-thread | Producer-topic-d3edcf87_ca94_491e_9a1e_a0286032a387) [Producer clientId=Producer-topic-d3edcf87_ca94_491e_9a1e_a0286032a387] The metadata response from the cluster reported a recoverable issue with correlation id 1 : {topic-d3edcf87_ca94_491e_9a1e_a0286032a387=UNKNOWN_TOPIC_OR_PARTITION}
2025-08-12 14:53:55,973 INFO  [org.apa.kaf.cli.Metadata] (kafka-producer-network-thread | Producer-topic-d3edcf87_ca94_491e_9a1e_a0286032a387) [Producer clientId=Producer-topic-d3edcf87_ca94_491e_9a1e_a0286032a387] Cluster ID: XZZUcOHpSnyflE0hmwIDCg
2025-08-12 14:53:55,974 INFO  [org.apa.kaf.cli.pro.int.TransactionManager] (kafka-producer-network-thread | Producer-topic-d3edcf87_ca94_491e_9a1e_a0286032a387) [Producer clientId=Producer-topic-d3edcf87_ca94_491e_9a1e_a0286032a387] ProducerId set to 23 with epoch 0
2025-08-12 14:53:56,167 INFO  [io.api.tes.ser.api.KafkaSerdesTester] (Thread-732) Sending message {"username": null} to topic topic-d3edcf87_ca94_491e_9a1e_a0286032a387
2025-08-12 14:53:56,169 INFO  [io.api.tes.ser.api.KafkaSerdesTester] (Thread-732) Sending message {"username": "value-2"} to topic topic-d3edcf87_ca94_491e_9a1e_a0286032a387
2025-08-12 14:53:56,171 INFO  [io.api.tes.ser.api.KafkaSerdesTester] (Thread-732) Sending message {"username": null} to topic topic-d3edcf87_ca94_491e_9a1e_a0286032a387
2025-08-12 14:53:56,174 INFO  [io.api.tes.ser.api.KafkaSerdesTester] (Thread-732) Sending message {"username": "value-4"} to topic topic-d3edcf87_ca94_491e_9a1e_a0286032a387
2025-08-12 14:53:56,175 INFO  [io.api.tes.ser.api.KafkaSerdesTester] (Thread-732) Sending message {"username": null} to topic topic-d3edcf87_ca94_491e_9a1e_a0286032a387
2025-08-12 14:53:56,179 INFO  [io.api.tes.ser.api.KafkaSerdesTester] (Thread-732) Sending message {"username": "value-6"} to topic topic-d3edcf87_ca94_491e_9a1e_a0286032a387
2025-08-12 14:53:56,180 INFO  [io.api.tes.ser.api.KafkaSerdesTester] (Thread-732) Sending message {"username": null} to topic topic-d3edcf87_ca94_491e_9a1e_a0286032a387
2025-08-12 14:53:56,182 INFO  [io.api.tes.ser.api.KafkaSerdesTester] (Thread-732) Sending message {"username": "value-8"} to topic topic-d3edcf87_ca94_491e_9a1e_a0286032a387
2025-08-12 14:53:56,186 INFO  [io.api.tes.ser.api.KafkaSerdesTester] (Thread-732) Sending message {"username": null} to topic topic-d3edcf87_ca94_491e_9a1e_a0286032a387
2025-08-12 14:53:56,187 INFO  [io.api.tes.ser.api.KafkaSerdesTester] (Thread-732) Produced 10 messages
2025-08-12 14:53:56,187 INFO  [org.apa.kaf.cli.pro.KafkaProducer] (Thread-732) [Producer clientId=Producer-topic-d3edcf87_ca94_491e_9a1e_a0286032a387] Closing the Kafka producer with timeoutMillis = 9223372036854775807 ms.
2025-08-12 14:53:56,190 INFO  [org.apa.kaf.com.met.Metrics] (Thread-732) Metrics scheduler closed
2025-08-12 14:53:56,190 INFO  [org.apa.kaf.com.met.Metrics] (Thread-732) Closing reporter org.apache.kafka.common.metrics.JmxReporter
2025-08-12 14:53:56,190 INFO  [org.apa.kaf.com.met.Metrics] (Thread-732) Closing reporter org.apache.kafka.common.telemetry.internals.ClientTelemetryReporter
2025-08-12 14:53:56,190 INFO  [org.apa.kaf.com.met.Metrics] (Thread-732) Metrics reporters closed
2025-08-12 14:53:56,190 INFO  [org.apa.kaf.com.uti.AppInfoParser] (Thread-732) App info kafka.producer for Producer-topic-d3edcf87_ca94_491e_9a1e_a0286032a387 unregistered
**** Registry Base URL: http://registry-app-ksql047.apps.ci419.apicurio-testing.org:80
2025-08-12 14:53:56,224 INFO  [org.apa.kaf.cli.con.ConsumerConfig] (main) ConsumerConfig values: 
	allow.auto.create.topics = true
	auto.commit.interval.ms = 500
	auto.include.jmx.reporter = true
	auto.offset.reset = earliest
	bootstrap.servers = [PLAINTEXT://localhost:32769]
	check.crcs = true
	client.dns.lookup = use_all_dns_ips
	client.id = consumer-Consumer-topic-d3edcf87_ca94_491e_9a1e_a0286032a387-17
	client.rack = 
	connections.max.idle.ms = 10000
	default.api.timeout.ms = 60000
	enable.auto.commit = true
	enable.metrics.push = true
	exclude.internal.topics = true
	fetch.max.bytes = 52428800
	fetch.max.wait.ms = 500
	fetch.min.bytes = 1
	group.id = Consumer-topic-d3edcf87_ca94_491e_9a1e_a0286032a387
	group.instance.id = null
	group.protocol = classic
	group.remote.assignor = null
	heartbeat.interval.ms = 3000
	interceptor.classes = []
	internal.leave.group.on.close = true
	internal.throw.on.fetch.stable.offset.unsupported = false
	isolation.level = read_uncommitted
	key.deserializer = class org.apache.kafka.common.serialization.StringDeserializer
	max.partition.fetch.bytes = 1048576
	max.poll.interval.ms = 300000
	max.poll.records = 500
	metadata.max.age.ms = 300000
	metadata.recovery.strategy = none
	metric.reporters = []
	metrics.num.samples = 2
	metrics.recording.level = INFO
	metrics.sample.window.ms = 30000
	partition.assignment.strategy = [class org.apache.kafka.clients.consumer.RangeAssignor, class org.apache.kafka.clients.consumer.CooperativeStickyAssignor]
	receive.buffer.bytes = 65536
	reconnect.backoff.max.ms = 1000
	reconnect.backoff.ms = 50
	request.timeout.ms = 5000
	retry.backoff.max.ms = 1000
	retry.backoff.ms = 100
	sasl.client.callback.handler.class = null
	sasl.jaas.config = null
	sasl.kerberos.kinit.cmd = /usr/bin/kinit
	sasl.kerberos.min.time.before.relogin = 60000
	sasl.kerberos.service.name = null
	sasl.kerberos.ticket.renew.jitter = 0.05
	sasl.kerberos.ticket.renew.window.factor = 0.8
	sasl.login.callback.handler.class = null
	sasl.login.class = null
	sasl.login.connect.timeout.ms = null
	sasl.login.read.timeout.ms = null
	sasl.login.refresh.buffer.seconds = 300
	sasl.login.refresh.min.period.seconds = 60
	sasl.login.refresh.window.factor = 0.8
	sasl.login.refresh.window.jitter = 0.05
	sasl.login.retry.backoff.max.ms = 10000
	sasl.login.retry.backoff.ms = 100
	sasl.mechanism = GSSAPI
	sasl.oauthbearer.clock.skew.seconds = 30
	sasl.oauthbearer.expected.audience = null
	sasl.oauthbearer.expected.issuer = null
	sasl.oauthbearer.header.urlencode = false
	sasl.oauthbearer.jwks.endpoint.refresh.ms = 3600000
	sasl.oauthbearer.jwks.endpoint.retry.backoff.max.ms = 10000
	sasl.oauthbearer.jwks.endpoint.retry.backoff.ms = 100
	sasl.oauthbearer.jwks.endpoint.url = null
	sasl.oauthbearer.scope.claim.name = scope
	sasl.oauthbearer.sub.claim.name = sub
	sasl.oauthbearer.token.endpoint.url = null
	security.protocol = PLAINTEXT
	security.providers = null
	send.buffer.bytes = 131072
	session.timeout.ms = 45000
	socket.connection.setup.timeout.max.ms = 30000
	socket.connection.setup.timeout.ms = 10000
	ssl.cipher.suites = null
	ssl.enabled.protocols = [TLSv1.2, TLSv1.3]
	ssl.endpoint.identification.algorithm = https
	ssl.engine.factory.class = null
	ssl.key.password = null
	ssl.keymanager.algorithm = SunX509
	ssl.keystore.certificate.chain = null
	ssl.keystore.key = null
	ssl.keystore.location = null
	ssl.keystore.password = null
	ssl.keystore.type = JKS
	ssl.protocol = TLSv1.3
	ssl.provider = null
	ssl.secure.random.implementation = null
	ssl.trustmanager.algorithm = PKIX
	ssl.truststore.certificates = null
	ssl.truststore.location = null
	ssl.truststore.password = null
	ssl.truststore.type = JKS
	value.deserializer = class io.apicurio.registry.serde.avro.AvroKafkaDeserializer

2025-08-12 14:53:56,224 INFO  [org.apa.kaf.com.tel.int.KafkaMetricsCollector] (main) initializing Kafka metrics collector
2025-08-12 14:53:56,233 INFO  [org.apa.kaf.cli.con.ConsumerConfig] (main) These configurations '[apicurio.registry.url]' were supplied but are not used yet.
2025-08-12 14:53:56,233 INFO  [org.apa.kaf.com.uti.AppInfoParser] (main) Kafka version: 3.9.1
2025-08-12 14:53:56,233 INFO  [org.apa.kaf.com.uti.AppInfoParser] (main) Kafka commitId: f745dfdcee2b9851
2025-08-12 14:53:56,233 INFO  [org.apa.kaf.com.uti.AppInfoParser] (main) Kafka startTimeMs: 1755010436233
2025-08-12 14:53:56,234 INFO  [org.apa.kaf.cli.con.int.ClassicKafkaConsumer] (Thread-735) [Consumer clientId=consumer-Consumer-topic-d3edcf87_ca94_491e_9a1e_a0286032a387-17, groupId=Consumer-topic-d3edcf87_ca94_491e_9a1e_a0286032a387] Subscribed to topic(s): topic-d3edcf87_ca94_491e_9a1e_a0286032a387
2025-08-12 14:53:56,242 INFO  [org.apa.kaf.cli.Metadata] (Thread-735) [Consumer clientId=consumer-Consumer-topic-d3edcf87_ca94_491e_9a1e_a0286032a387-17, groupId=Consumer-topic-d3edcf87_ca94_491e_9a1e_a0286032a387] Cluster ID: XZZUcOHpSnyflE0hmwIDCg
2025-08-12 14:53:56,244 INFO  [org.apa.kaf.cli.con.int.ConsumerCoordinator] (Thread-735) [Consumer clientId=consumer-Consumer-topic-d3edcf87_ca94_491e_9a1e_a0286032a387-17, groupId=Consumer-topic-d3edcf87_ca94_491e_9a1e_a0286032a387] Discovered group coordinator localhost:32769 (id: 2147483647 rack: null)
2025-08-12 14:53:56,246 INFO  [org.apa.kaf.cli.con.int.ConsumerCoordinator] (Thread-735) [Consumer clientId=consumer-Consumer-topic-d3edcf87_ca94_491e_9a1e_a0286032a387-17, groupId=Consumer-topic-d3edcf87_ca94_491e_9a1e_a0286032a387] (Re-)joining group
2025-08-12 14:53:56,253 INFO  [org.apa.kaf.cli.con.int.ConsumerCoordinator] (Thread-735) [Consumer clientId=consumer-Consumer-topic-d3edcf87_ca94_491e_9a1e_a0286032a387-17, groupId=Consumer-topic-d3edcf87_ca94_491e_9a1e_a0286032a387] Request joining group due to: need to re-join with the given member-id: consumer-Consumer-topic-d3edcf87_ca94_491e_9a1e_a0286032a387-17-77e5f5b2-e9a3-4658-b95c-8c5f828b98e8
2025-08-12 14:53:56,253 INFO  [org.apa.kaf.cli.con.int.ConsumerCoordinator] (Thread-735) [Consumer clientId=consumer-Consumer-topic-d3edcf87_ca94_491e_9a1e_a0286032a387-17, groupId=Consumer-topic-d3edcf87_ca94_491e_9a1e_a0286032a387] (Re-)joining group
2025-08-12 14:53:57,235 INFO  [io.api.tes.ser.api.KafkaSerdesTester] (Thread-735) None found
2025-08-12 14:53:58,235 INFO  [io.api.tes.ser.api.KafkaSerdesTester] (Thread-735) None found
2025-08-12 14:53:59,235 INFO  [io.api.tes.ser.api.KafkaSerdesTester] (Thread-735) None found
2025-08-12 14:53:59,254 INFO  [org.apa.kaf.cli.con.int.ConsumerCoordinator] (Thread-735) [Consumer clientId=consumer-Consumer-topic-d3edcf87_ca94_491e_9a1e_a0286032a387-17, groupId=Consumer-topic-d3edcf87_ca94_491e_9a1e_a0286032a387] Successfully joined group with generation Generation{generationId=1, memberId='consumer-Consumer-topic-d3edcf87_ca94_491e_9a1e_a0286032a387-17-77e5f5b2-e9a3-4658-b95c-8c5f828b98e8', protocol='range'}
2025-08-12 14:53:59,254 INFO  [org.apa.kaf.cli.con.int.ConsumerCoordinator] (Thread-735) [Consumer clientId=consumer-Consumer-topic-d3edcf87_ca94_491e_9a1e_a0286032a387-17, groupId=Consumer-topic-d3edcf87_ca94_491e_9a1e_a0286032a387] Finished assignment for group at generation 1: {consumer-Consumer-topic-d3edcf87_ca94_491e_9a1e_a0286032a387-17-77e5f5b2-e9a3-4658-b95c-8c5f828b98e8=Assignment(partitions=[topic-d3edcf87_ca94_491e_9a1e_a0286032a387-0])}
2025-08-12 14:53:59,261 INFO  [org.apa.kaf.cli.con.int.ConsumerCoordinator] (Thread-735) [Consumer clientId=consumer-Consumer-topic-d3edcf87_ca94_491e_9a1e_a0286032a387-17, groupId=Consumer-topic-d3edcf87_ca94_491e_9a1e_a0286032a387] Successfully synced group in generation Generation{generationId=1, memberId='consumer-Consumer-topic-d3edcf87_ca94_491e_9a1e_a0286032a387-17-77e5f5b2-e9a3-4658-b95c-8c5f828b98e8', protocol='range'}
2025-08-12 14:53:59,262 INFO  [org.apa.kaf.cli.con.int.ConsumerCoordinator] (Thread-735) [Consumer clientId=consumer-Consumer-topic-d3edcf87_ca94_491e_9a1e_a0286032a387-17, groupId=Consumer-topic-d3edcf87_ca94_491e_9a1e_a0286032a387] Notifying assignor about the new Assignment(partitions=[topic-d3edcf87_ca94_491e_9a1e_a0286032a387-0])
2025-08-12 14:53:59,262 INFO  [org.apa.kaf.cli.con.int.ConsumerRebalanceListenerInvoker] (Thread-735) [Consumer clientId=consumer-Consumer-topic-d3edcf87_ca94_491e_9a1e_a0286032a387-17, groupId=Consumer-topic-d3edcf87_ca94_491e_9a1e_a0286032a387] Adding newly assigned partitions: topic-d3edcf87_ca94_491e_9a1e_a0286032a387-0
2025-08-12 14:53:59,263 INFO  [org.apa.kaf.cli.con.int.ConsumerCoordinator] (Thread-735) [Consumer clientId=consumer-Consumer-topic-d3edcf87_ca94_491e_9a1e_a0286032a387-17, groupId=Consumer-topic-d3edcf87_ca94_491e_9a1e_a0286032a387] Found no committed offset for partition topic-d3edcf87_ca94_491e_9a1e_a0286032a387-0
2025-08-12 14:53:59,265 INFO  [org.apa.kaf.cli.con.int.SubscriptionState] (Thread-735) [Consumer clientId=consumer-Consumer-topic-d3edcf87_ca94_491e_9a1e_a0286032a387-17, groupId=Consumer-topic-d3edcf87_ca94_491e_9a1e_a0286032a387] Resetting offset for partition topic-d3edcf87_ca94_491e_9a1e_a0286032a387-0 to position FetchPosition{offset=0, offsetEpoch=Optional.empty, currentLeader=LeaderAndEpoch{leader=Optional[localhost:32769 (id: 0 rack: null)], epoch=0}}.
2025-08-12 14:53:59,300 INFO  [io.api.tes.ser.api.KafkaSerdesTester] (Thread-735) topic-d3edcf87_ca94_491e_9a1e_a0286032a387 0 0 {"username": null}
2025-08-12 14:53:59,300 INFO  [io.api.tes.ser.api.KafkaSerdesTester] (Thread-735) topic-d3edcf87_ca94_491e_9a1e_a0286032a387 0 1 {"username": null}
2025-08-12 14:53:59,300 INFO  [io.api.tes.ser.api.KafkaSerdesTester] (Thread-735) topic-d3edcf87_ca94_491e_9a1e_a0286032a387 0 2 {"username": "value-2"}
2025-08-12 14:53:59,301 INFO  [io.api.tes.ser.api.KafkaSerdesTester] (Thread-735) topic-d3edcf87_ca94_491e_9a1e_a0286032a387 0 3 {"username": null}
2025-08-12 14:53:59,301 INFO  [io.api.tes.ser.api.KafkaSerdesTester] (Thread-735) topic-d3edcf87_ca94_491e_9a1e_a0286032a387 0 4 {"username": "value-4"}
2025-08-12 14:53:59,301 INFO  [io.api.tes.ser.api.KafkaSerdesTester] (Thread-735) topic-d3edcf87_ca94_491e_9a1e_a0286032a387 0 5 {"username": null}
2025-08-12 14:53:59,301 INFO  [io.api.tes.ser.api.KafkaSerdesTester] (Thread-735) topic-d3edcf87_ca94_491e_9a1e_a0286032a387 0 6 {"username": "value-6"}
2025-08-12 14:53:59,301 INFO  [io.api.tes.ser.api.KafkaSerdesTester] (Thread-735) topic-d3edcf87_ca94_491e_9a1e_a0286032a387 0 7 {"username": null}
2025-08-12 14:53:59,301 INFO  [io.api.tes.ser.api.KafkaSerdesTester] (Thread-735) topic-d3edcf87_ca94_491e_9a1e_a0286032a387 0 8 {"username": "value-8"}
2025-08-12 14:53:59,301 INFO  [io.api.tes.ser.api.KafkaSerdesTester] (Thread-735) topic-d3edcf87_ca94_491e_9a1e_a0286032a387 0 9 {"username": null}
2025-08-12 14:53:59,301 INFO  [io.api.tes.ser.api.KafkaSerdesTester] (Thread-735) Consumed 10 messages
2025-08-12 14:53:59,310 INFO  [org.apa.kaf.cli.con.int.ConsumerRebalanceListenerInvoker] (Thread-735) [Consumer clientId=consumer-Consumer-topic-d3edcf87_ca94_491e_9a1e_a0286032a387-17, groupId=Consumer-topic-d3edcf87_ca94_491e_9a1e_a0286032a387] Revoke previously assigned partitions topic-d3edcf87_ca94_491e_9a1e_a0286032a387-0
2025-08-12 14:53:59,310 INFO  [org.apa.kaf.cli.con.int.ConsumerCoordinator] (Thread-735) [Consumer clientId=consumer-Consumer-topic-d3edcf87_ca94_491e_9a1e_a0286032a387-17, groupId=Consumer-topic-d3edcf87_ca94_491e_9a1e_a0286032a387] Member consumer-Consumer-topic-d3edcf87_ca94_491e_9a1e_a0286032a387-17-77e5f5b2-e9a3-4658-b95c-8c5f828b98e8 sending LeaveGroup request to coordinator localhost:32769 (id: 2147483647 rack: null) due to the consumer is being closed
2025-08-12 14:53:59,310 INFO  [org.apa.kaf.cli.con.int.ConsumerCoordinator] (Thread-735) [Consumer clientId=consumer-Consumer-topic-d3edcf87_ca94_491e_9a1e_a0286032a387-17, groupId=Consumer-topic-d3edcf87_ca94_491e_9a1e_a0286032a387] Resetting generation and member id due to: consumer pro-actively leaving the group
2025-08-12 14:53:59,310 INFO  [org.apa.kaf.cli.con.int.ConsumerCoordinator] (Thread-735) [Consumer clientId=consumer-Consumer-topic-d3edcf87_ca94_491e_9a1e_a0286032a387-17, groupId=Consumer-topic-d3edcf87_ca94_491e_9a1e_a0286032a387] Request joining group due to: consumer pro-actively leaving the group
2025-08-12 14:53:59,804 INFO  [org.apa.kaf.com.met.Metrics] (Thread-735) Metrics scheduler closed
2025-08-12 14:53:59,804 INFO  [org.apa.kaf.com.met.Metrics] (Thread-735) Closing reporter org.apache.kafka.common.metrics.JmxReporter
2025-08-12 14:53:59,804 INFO  [org.apa.kaf.com.met.Metrics] (Thread-735) Closing reporter org.apache.kafka.common.telemetry.internals.ClientTelemetryReporter
2025-08-12 14:53:59,804 INFO  [org.apa.kaf.com.met.Metrics] (Thread-735) Metrics reporters closed
2025-08-12 14:53:59,806 INFO  [org.apa.kaf.com.uti.AppInfoParser] (Thread-735) App info kafka.consumer for consumer-Consumer-topic-d3edcf87_ca94_491e_9a1e_a0286032a387-17 unregistered
2025-08-12 14:53:59,807 INFO  [io.api.tes.uti.TestSeparator] (main) io.apicurio.tests.serdes.apicurio.AvroSerdeIT.testFirstEmptyFieldConfusedAsMagicByte-FINISHED
2025-08-12 14:53:59,807 INFO  [io.api.tes.uti.TestSeparator] (main) ############################################################################
Test passed: testFirstEmptyFieldConfusedAsMagicByte
]]></system-out>
  </testcase>
  <testcase name="testAvroSerDesFailDifferentSchemaByContent" classname="io.apicurio.tests.serdes.apicurio.AvroSerdeIT" time="1.131">
    <system-out><![CDATA[2025-08-12 14:53:59,810 INFO  [io.api.tes.uti.TestSeparator] (main) ############################################################################
2025-08-12 14:53:59,810 INFO  [io.api.tes.uti.TestSeparator] (main) io.apicurio.tests.serdes.apicurio.AvroSerdeIT.testAvroSerDesFailDifferentSchemaByContent-STARTED
**** Registry Base URL: http://registry-app-ksql047.apps.ci419.apicurio-testing.org:80
2025-08-12 14:54:00,883 INFO  [org.apa.kaf.cli.pro.ProducerConfig] (main) ProducerConfig values: 
	acks = -1
	auto.include.jmx.reporter = true
	batch.size = 16384
	bootstrap.servers = [PLAINTEXT://localhost:32769]
	buffer.memory = 33554432
	client.dns.lookup = use_all_dns_ips
	client.id = Producer-topic-e5c6464c_104f_4ed9_9828_ef7007a7fbed
	compression.gzip.level = -1
	compression.lz4.level = 9
	compression.type = none
	compression.zstd.level = 3
	connections.max.idle.ms = 10000
	delivery.timeout.ms = 120000
	enable.idempotence = true
	enable.metrics.push = true
	interceptor.classes = []
	key.serializer = class org.apache.kafka.common.serialization.StringSerializer
	linger.ms = 0
	max.block.ms = 60000
	max.in.flight.requests.per.connection = 5
	max.request.size = 1048576
	metadata.max.age.ms = 300000
	metadata.max.idle.ms = 300000
	metadata.recovery.strategy = none
	metric.reporters = []
	metrics.num.samples = 2
	metrics.recording.level = INFO
	metrics.sample.window.ms = 30000
	partitioner.adaptive.partitioning.enable = true
	partitioner.availability.timeout.ms = 0
	partitioner.class = null
	partitioner.ignore.keys = false
	receive.buffer.bytes = 32768
	reconnect.backoff.max.ms = 1000
	reconnect.backoff.ms = 50
	request.timeout.ms = 5000
	retries = 2147483647
	retry.backoff.max.ms = 1000
	retry.backoff.ms = 100
	sasl.client.callback.handler.class = null
	sasl.jaas.config = null
	sasl.kerberos.kinit.cmd = /usr/bin/kinit
	sasl.kerberos.min.time.before.relogin = 60000
	sasl.kerberos.service.name = null
	sasl.kerberos.ticket.renew.jitter = 0.05
	sasl.kerberos.ticket.renew.window.factor = 0.8
	sasl.login.callback.handler.class = null
	sasl.login.class = null
	sasl.login.connect.timeout.ms = null
	sasl.login.read.timeout.ms = null
	sasl.login.refresh.buffer.seconds = 300
	sasl.login.refresh.min.period.seconds = 60
	sasl.login.refresh.window.factor = 0.8
	sasl.login.refresh.window.jitter = 0.05
	sasl.login.retry.backoff.max.ms = 10000
	sasl.login.retry.backoff.ms = 100
	sasl.mechanism = GSSAPI
	sasl.oauthbearer.clock.skew.seconds = 30
	sasl.oauthbearer.expected.audience = null
	sasl.oauthbearer.expected.issuer = null
	sasl.oauthbearer.header.urlencode = false
	sasl.oauthbearer.jwks.endpoint.refresh.ms = 3600000
	sasl.oauthbearer.jwks.endpoint.retry.backoff.max.ms = 10000
	sasl.oauthbearer.jwks.endpoint.retry.backoff.ms = 100
	sasl.oauthbearer.jwks.endpoint.url = null
	sasl.oauthbearer.scope.claim.name = scope
	sasl.oauthbearer.sub.claim.name = sub
	sasl.oauthbearer.token.endpoint.url = null
	security.protocol = PLAINTEXT
	security.providers = null
	send.buffer.bytes = 131072
	socket.connection.setup.timeout.max.ms = 30000
	socket.connection.setup.timeout.ms = 10000
	ssl.cipher.suites = null
	ssl.enabled.protocols = [TLSv1.2, TLSv1.3]
	ssl.endpoint.identification.algorithm = https
	ssl.engine.factory.class = null
	ssl.key.password = null
	ssl.keymanager.algorithm = SunX509
	ssl.keystore.certificate.chain = null
	ssl.keystore.key = null
	ssl.keystore.location = null
	ssl.keystore.password = null
	ssl.keystore.type = JKS
	ssl.protocol = TLSv1.3
	ssl.provider = null
	ssl.secure.random.implementation = null
	ssl.trustmanager.algorithm = PKIX
	ssl.truststore.certificates = null
	ssl.truststore.location = null
	ssl.truststore.password = null
	ssl.truststore.type = JKS
	transaction.timeout.ms = 60000
	transactional.id = null
	value.serializer = class io.apicurio.registry.serde.avro.AvroKafkaSerializer

2025-08-12 14:54:00,883 INFO  [org.apa.kaf.com.tel.int.KafkaMetricsCollector] (main) initializing Kafka metrics collector
2025-08-12 14:54:00,887 INFO  [org.apa.kaf.cli.pro.KafkaProducer] (main) [Producer clientId=Producer-topic-e5c6464c_104f_4ed9_9828_ef7007a7fbed] Instantiated an idempotent producer.
2025-08-12 14:54:00,888 INFO  [org.apa.kaf.cli.pro.ProducerConfig] (main) These configurations '[apicurio.registry.url, apicurio.registry.artifact-resolver-strategy]' were supplied but are not used yet.
2025-08-12 14:54:00,888 INFO  [org.apa.kaf.com.uti.AppInfoParser] (main) Kafka version: 3.9.1
2025-08-12 14:54:00,888 INFO  [org.apa.kaf.com.uti.AppInfoParser] (main) Kafka commitId: f745dfdcee2b9851
2025-08-12 14:54:00,888 INFO  [org.apa.kaf.com.uti.AppInfoParser] (main) Kafka startTimeMs: 1755010440888
2025-08-12 14:54:00,890 INFO  [io.api.tes.ser.api.KafkaSerdesTester] (Thread-738) Sending message {"keyB": "value-0"} to topic topic-e5c6464c_104f_4ed9_9828_ef7007a7fbed
2025-08-12 14:54:00,893 INFO  [org.apa.kaf.cli.Metadata] (kafka-producer-network-thread | Producer-topic-e5c6464c_104f_4ed9_9828_ef7007a7fbed) [Producer clientId=Producer-topic-e5c6464c_104f_4ed9_9828_ef7007a7fbed] Cluster ID: XZZUcOHpSnyflE0hmwIDCg
2025-08-12 14:54:00,895 INFO  [DefaultSchemaResolver] (Thread-738) Retrieving schema content using string: {"type":"record","name":"s3fe07796x1b1cx4905x90a7x93e75732f183","namespace":"s834c264bx659fx4766xbbe4x6f04c13db898","fields":[{"name":"keyB","type":"string"}]}
2025-08-12 14:54:00,896 INFO  [org.apa.kaf.cli.pro.int.TransactionManager] (kafka-producer-network-thread | Producer-topic-e5c6464c_104f_4ed9_9828_ef7007a7fbed) [Producer clientId=Producer-topic-e5c6464c_104f_4ed9_9828_ef7007a7fbed] ProducerId set to 24 with epoch 0
2025-08-12 14:54:00,930 INFO  [org.apa.kaf.cli.pro.KafkaProducer] (Thread-738) [Producer clientId=Producer-topic-e5c6464c_104f_4ed9_9828_ef7007a7fbed] Closing the Kafka producer with timeoutMillis = 9223372036854775807 ms.
2025-08-12 14:54:00,934 INFO  [org.apa.kaf.com.met.Metrics] (Thread-738) Metrics scheduler closed
2025-08-12 14:54:00,934 INFO  [org.apa.kaf.com.met.Metrics] (Thread-738) Closing reporter org.apache.kafka.common.metrics.JmxReporter
2025-08-12 14:54:00,937 INFO  [org.apa.kaf.com.met.Metrics] (Thread-738) Closing reporter org.apache.kafka.common.telemetry.internals.ClientTelemetryReporter
2025-08-12 14:54:00,937 INFO  [org.apa.kaf.com.met.Metrics] (Thread-738) Metrics reporters closed
2025-08-12 14:54:00,937 INFO  [org.apa.kaf.com.uti.AppInfoParser] (Thread-738) App info kafka.producer for Producer-topic-e5c6464c_104f_4ed9_9828_ef7007a7fbed unregistered
2025-08-12 14:54:00,938 INFO  [io.api.tes.uti.TestSeparator] (main) io.apicurio.tests.serdes.apicurio.AvroSerdeIT.testAvroSerDesFailDifferentSchemaByContent-FINISHED
2025-08-12 14:54:00,938 INFO  [io.api.tes.uti.TestSeparator] (main) ############################################################################
Test passed: testAvroSerDesFailDifferentSchemaByContent
]]></system-out>
    <system-err><![CDATA[java.lang.RuntimeException: Could not resolve artifact reference by content: {"type":"record","name":"s3fe07796x1b1cx4905x90a7x93e75732f183","namespace":"s834c264bx659fx4766xbbe4x6f04c13db898","fields":[{"name":"keyB","type":"string"}]}&ArtifactReference [groupId=s834c264bx659fx4766xbbe4x6f04c13db898, artifactId=s3fe07796x1b1cx4905x90a7x93e75732f183, version=null, globalId=null, contentId=null, contentHash=null]
	at io.apicurio.registry.resolver.DefaultSchemaResolver.lambda$handleResolveSchemaByContent$3(DefaultSchemaResolver.java:265)
	at io.apicurio.registry.resolver.cache.ERCache.lambda$getValue$0(ERCache.java:174)
	at io.apicurio.registry.resolver.cache.ERCache.retry(ERCache.java:227)
	at io.apicurio.registry.resolver.cache.ERCache.getValue(ERCache.java:173)
	at io.apicurio.registry.resolver.cache.ERCache.getByContent(ERCache.java:147)
	at io.apicurio.registry.resolver.DefaultSchemaResolver.handleResolveSchemaByContent(DefaultSchemaResolver.java:253)
	at io.apicurio.registry.resolver.DefaultSchemaResolver.getSchemaFromRegistry(DefaultSchemaResolver.java:138)
	at io.apicurio.registry.resolver.DefaultSchemaResolver.lambda$resolveSchema$0(DefaultSchemaResolver.java:84)
	at java.base/java.util.Optional.orElseGet(Optional.java:364)
	at io.apicurio.registry.resolver.DefaultSchemaResolver.resolveSchema(DefaultSchemaResolver.java:84)
	at io.apicurio.registry.serde.AbstractSerializer.serializeData(AbstractSerializer.java:62)
	at io.apicurio.registry.serde.KafkaSerializer.serialize(KafkaSerializer.java:77)
	at org.apache.kafka.clients.producer.KafkaProducer.doSend(KafkaProducer.java:1046)
	at org.apache.kafka.clients.producer.KafkaProducer.send(KafkaProducer.java:993)
	at org.apache.kafka.clients.producer.KafkaProducer.send(KafkaProducer.java:875)
	at io.apicurio.tests.serdes.apicurio.KafkaSerdesTester.lambda$produceMessages$3(KafkaSerdesTester.java:138)
	at java.base/java.util.concurrent.CompletableFuture$AsyncSupply.run(CompletableFuture.java:1768)
	at java.base/java.lang.Thread.run(Thread.java:840)
]]></system-err>
  </testcase>
  <testcase name="testGlobalIdInBody" classname="io.apicurio.tests.serdes.apicurio.AvroSerdeIT" time="3.836">
    <system-out><![CDATA[2025-08-12 14:54:00,942 INFO  [io.api.tes.uti.TestSeparator] (main) ############################################################################
2025-08-12 14:54:00,942 INFO  [io.api.tes.uti.TestSeparator] (main) io.apicurio.tests.serdes.apicurio.AvroSerdeIT.testGlobalIdInBody-STARTED
**** Registry Base URL: http://registry-app-ksql047.apps.ci419.apicurio-testing.org:80
2025-08-12 14:54:00,948 INFO  [org.apa.kaf.cli.pro.ProducerConfig] (main) ProducerConfig values: 
	acks = -1
	auto.include.jmx.reporter = true
	batch.size = 16384
	bootstrap.servers = [PLAINTEXT://localhost:32769]
	buffer.memory = 33554432
	client.dns.lookup = use_all_dns_ips
	client.id = Producer-topic-aa47d756_553c_4d40_a0fb_268780a903c0
	compression.gzip.level = -1
	compression.lz4.level = 9
	compression.type = none
	compression.zstd.level = 3
	connections.max.idle.ms = 10000
	delivery.timeout.ms = 120000
	enable.idempotence = true
	enable.metrics.push = true
	interceptor.classes = []
	key.serializer = class org.apache.kafka.common.serialization.StringSerializer
	linger.ms = 0
	max.block.ms = 60000
	max.in.flight.requests.per.connection = 5
	max.request.size = 1048576
	metadata.max.age.ms = 300000
	metadata.max.idle.ms = 300000
	metadata.recovery.strategy = none
	metric.reporters = []
	metrics.num.samples = 2
	metrics.recording.level = INFO
	metrics.sample.window.ms = 30000
	partitioner.adaptive.partitioning.enable = true
	partitioner.availability.timeout.ms = 0
	partitioner.class = null
	partitioner.ignore.keys = false
	receive.buffer.bytes = 32768
	reconnect.backoff.max.ms = 1000
	reconnect.backoff.ms = 50
	request.timeout.ms = 5000
	retries = 2147483647
	retry.backoff.max.ms = 1000
	retry.backoff.ms = 100
	sasl.client.callback.handler.class = null
	sasl.jaas.config = null
	sasl.kerberos.kinit.cmd = /usr/bin/kinit
	sasl.kerberos.min.time.before.relogin = 60000
	sasl.kerberos.service.name = null
	sasl.kerberos.ticket.renew.jitter = 0.05
	sasl.kerberos.ticket.renew.window.factor = 0.8
	sasl.login.callback.handler.class = null
	sasl.login.class = null
	sasl.login.connect.timeout.ms = null
	sasl.login.read.timeout.ms = null
	sasl.login.refresh.buffer.seconds = 300
	sasl.login.refresh.min.period.seconds = 60
	sasl.login.refresh.window.factor = 0.8
	sasl.login.refresh.window.jitter = 0.05
	sasl.login.retry.backoff.max.ms = 10000
	sasl.login.retry.backoff.ms = 100
	sasl.mechanism = GSSAPI
	sasl.oauthbearer.clock.skew.seconds = 30
	sasl.oauthbearer.expected.audience = null
	sasl.oauthbearer.expected.issuer = null
	sasl.oauthbearer.header.urlencode = false
	sasl.oauthbearer.jwks.endpoint.refresh.ms = 3600000
	sasl.oauthbearer.jwks.endpoint.retry.backoff.max.ms = 10000
	sasl.oauthbearer.jwks.endpoint.retry.backoff.ms = 100
	sasl.oauthbearer.jwks.endpoint.url = null
	sasl.oauthbearer.scope.claim.name = scope
	sasl.oauthbearer.sub.claim.name = sub
	sasl.oauthbearer.token.endpoint.url = null
	security.protocol = PLAINTEXT
	security.providers = null
	send.buffer.bytes = 131072
	socket.connection.setup.timeout.max.ms = 30000
	socket.connection.setup.timeout.ms = 10000
	ssl.cipher.suites = null
	ssl.enabled.protocols = [TLSv1.2, TLSv1.3]
	ssl.endpoint.identification.algorithm = https
	ssl.engine.factory.class = null
	ssl.key.password = null
	ssl.keymanager.algorithm = SunX509
	ssl.keystore.certificate.chain = null
	ssl.keystore.key = null
	ssl.keystore.location = null
	ssl.keystore.password = null
	ssl.keystore.type = JKS
	ssl.protocol = TLSv1.3
	ssl.provider = null
	ssl.secure.random.implementation = null
	ssl.trustmanager.algorithm = PKIX
	ssl.truststore.certificates = null
	ssl.truststore.location = null
	ssl.truststore.password = null
	ssl.truststore.type = JKS
	transaction.timeout.ms = 60000
	transactional.id = null
	value.serializer = class io.apicurio.registry.serde.avro.AvroKafkaSerializer

2025-08-12 14:54:00,949 INFO  [org.apa.kaf.com.tel.int.KafkaMetricsCollector] (main) initializing Kafka metrics collector
2025-08-12 14:54:00,960 INFO  [org.apa.kaf.cli.pro.KafkaProducer] (main) [Producer clientId=Producer-topic-aa47d756_553c_4d40_a0fb_268780a903c0] Instantiated an idempotent producer.
2025-08-12 14:54:00,962 INFO  [org.apa.kaf.cli.pro.ProducerConfig] (main) These configurations '[apicurio.registry.url, apicurio.registry.auto-register, apicurio.registry.use-id, apicurio.registry.artifact-resolver-strategy]' were supplied but are not used yet.
2025-08-12 14:54:00,962 INFO  [org.apa.kaf.com.uti.AppInfoParser] (main) Kafka version: 3.9.1
2025-08-12 14:54:00,962 INFO  [org.apa.kaf.com.uti.AppInfoParser] (main) Kafka commitId: f745dfdcee2b9851
2025-08-12 14:54:00,962 INFO  [org.apa.kaf.com.uti.AppInfoParser] (main) Kafka startTimeMs: 1755010440962
2025-08-12 14:54:00,962 INFO  [io.api.tes.ser.api.SimpleSerdesTesterBuilder$SimpleSerdesTester] (main) Using producer configuration: {apicurio.registry.url=http://registry-app-ksql047.apps.ci419.apicurio-testing.org:80/apis/registry/v3, apicurio.registry.auto-register=true, apicurio.registry.use-id=globalId, apicurio.registry.artifact-resolver-strategy=io.apicurio.registry.serde.strategy.TopicIdStrategy, value.serializer=io.apicurio.registry.serde.avro.AvroKafkaSerializer, request.timeout.ms=5000, acks=all, bootstrap.servers=PLAINTEXT://localhost:32769, connections.max.idle.ms=10000, key.serializer=org.apache.kafka.common.serialization.StringSerializer, client.id=Producer-topic-aa47d756_553c_4d40_a0fb_268780a903c0}
2025-08-12 14:54:00,962 INFO  [io.api.tes.ser.api.SimpleSerdesTesterBuilder$SimpleSerdesTester] (main) Using consumer configuration: {apicurio.registry.use-id=globalId}
2025-08-12 14:54:00,963 INFO  [io.api.tes.ser.api.KafkaSerdesTester] (Thread-741) Sending message {"key11755010440942": "value-0"} to topic topic-aa47d756_553c_4d40_a0fb_268780a903c0
2025-08-12 14:54:00,971 WARN  [org.apa.kaf.cli.NetworkClient] (kafka-producer-network-thread | Producer-topic-aa47d756_553c_4d40_a0fb_268780a903c0) [Producer clientId=Producer-topic-aa47d756_553c_4d40_a0fb_268780a903c0] The metadata response from the cluster reported a recoverable issue with correlation id 1 : {topic-aa47d756_553c_4d40_a0fb_268780a903c0=UNKNOWN_TOPIC_OR_PARTITION}
2025-08-12 14:54:00,972 INFO  [org.apa.kaf.cli.Metadata] (kafka-producer-network-thread | Producer-topic-aa47d756_553c_4d40_a0fb_268780a903c0) [Producer clientId=Producer-topic-aa47d756_553c_4d40_a0fb_268780a903c0] Cluster ID: XZZUcOHpSnyflE0hmwIDCg
2025-08-12 14:54:00,972 INFO  [org.apa.kaf.cli.pro.int.TransactionManager] (kafka-producer-network-thread | Producer-topic-aa47d756_553c_4d40_a0fb_268780a903c0) [Producer clientId=Producer-topic-aa47d756_553c_4d40_a0fb_268780a903c0] ProducerId set to 25 with epoch 0
2025-08-12 14:54:01,158 INFO  [io.api.tes.ser.api.KafkaSerdesTester] (Thread-741) Sending message {"key11755010440942": "value-1"} to topic topic-aa47d756_553c_4d40_a0fb_268780a903c0
2025-08-12 14:54:01,160 INFO  [io.api.tes.ser.api.KafkaSerdesTester] (Thread-741) Sending message {"key11755010440942": "value-2"} to topic topic-aa47d756_553c_4d40_a0fb_268780a903c0
2025-08-12 14:54:01,161 INFO  [io.api.tes.ser.api.KafkaSerdesTester] (Thread-741) Sending message {"key11755010440942": "value-3"} to topic topic-aa47d756_553c_4d40_a0fb_268780a903c0
2025-08-12 14:54:01,162 INFO  [io.api.tes.ser.api.KafkaSerdesTester] (Thread-741) Sending message {"key11755010440942": "value-4"} to topic topic-aa47d756_553c_4d40_a0fb_268780a903c0
2025-08-12 14:54:01,164 INFO  [io.api.tes.ser.api.KafkaSerdesTester] (Thread-741) Sending message {"key11755010440942": "value-5"} to topic topic-aa47d756_553c_4d40_a0fb_268780a903c0
2025-08-12 14:54:01,169 INFO  [io.api.tes.ser.api.KafkaSerdesTester] (Thread-741) Sending message {"key11755010440942": "value-6"} to topic topic-aa47d756_553c_4d40_a0fb_268780a903c0
2025-08-12 14:54:01,171 INFO  [io.api.tes.ser.api.KafkaSerdesTester] (Thread-741) Sending message {"key11755010440942": "value-7"} to topic topic-aa47d756_553c_4d40_a0fb_268780a903c0
2025-08-12 14:54:01,173 INFO  [io.api.tes.ser.api.KafkaSerdesTester] (Thread-741) Sending message {"key11755010440942": "value-8"} to topic topic-aa47d756_553c_4d40_a0fb_268780a903c0
2025-08-12 14:54:01,174 INFO  [io.api.tes.ser.api.KafkaSerdesTester] (Thread-741) Sending message {"key11755010440942": "value-9"} to topic topic-aa47d756_553c_4d40_a0fb_268780a903c0
2025-08-12 14:54:01,176 INFO  [io.api.tes.ser.api.KafkaSerdesTester] (Thread-741) Produced 10 messages
2025-08-12 14:54:01,176 INFO  [org.apa.kaf.cli.pro.KafkaProducer] (Thread-741) [Producer clientId=Producer-topic-aa47d756_553c_4d40_a0fb_268780a903c0] Closing the Kafka producer with timeoutMillis = 9223372036854775807 ms.
2025-08-12 14:54:01,178 INFO  [org.apa.kaf.com.met.Metrics] (Thread-741) Metrics scheduler closed
2025-08-12 14:54:01,178 INFO  [org.apa.kaf.com.met.Metrics] (Thread-741) Closing reporter org.apache.kafka.common.metrics.JmxReporter
2025-08-12 14:54:01,178 INFO  [org.apa.kaf.com.met.Metrics] (Thread-741) Closing reporter org.apache.kafka.common.telemetry.internals.ClientTelemetryReporter
2025-08-12 14:54:01,178 INFO  [org.apa.kaf.com.met.Metrics] (Thread-741) Metrics reporters closed
2025-08-12 14:54:01,178 INFO  [org.apa.kaf.com.uti.AppInfoParser] (Thread-741) App info kafka.producer for Producer-topic-aa47d756_553c_4d40_a0fb_268780a903c0 unregistered
**** Registry Base URL: http://registry-app-ksql047.apps.ci419.apicurio-testing.org:80
2025-08-12 14:54:01,207 INFO  [org.apa.kaf.cli.con.ConsumerConfig] (main) ConsumerConfig values: 
	allow.auto.create.topics = true
	auto.commit.interval.ms = 500
	auto.include.jmx.reporter = true
	auto.offset.reset = earliest
	bootstrap.servers = [PLAINTEXT://localhost:32769]
	check.crcs = true
	client.dns.lookup = use_all_dns_ips
	client.id = consumer-Consumer-topic-aa47d756_553c_4d40_a0fb_268780a903c0-18
	client.rack = 
	connections.max.idle.ms = 10000
	default.api.timeout.ms = 60000
	enable.auto.commit = true
	enable.metrics.push = true
	exclude.internal.topics = true
	fetch.max.bytes = 52428800
	fetch.max.wait.ms = 500
	fetch.min.bytes = 1
	group.id = Consumer-topic-aa47d756_553c_4d40_a0fb_268780a903c0
	group.instance.id = null
	group.protocol = classic
	group.remote.assignor = null
	heartbeat.interval.ms = 3000
	interceptor.classes = []
	internal.leave.group.on.close = true
	internal.throw.on.fetch.stable.offset.unsupported = false
	isolation.level = read_uncommitted
	key.deserializer = class org.apache.kafka.common.serialization.StringDeserializer
	max.partition.fetch.bytes = 1048576
	max.poll.interval.ms = 300000
	max.poll.records = 500
	metadata.max.age.ms = 300000
	metadata.recovery.strategy = none
	metric.reporters = []
	metrics.num.samples = 2
	metrics.recording.level = INFO
	metrics.sample.window.ms = 30000
	partition.assignment.strategy = [class org.apache.kafka.clients.consumer.RangeAssignor, class org.apache.kafka.clients.consumer.CooperativeStickyAssignor]
	receive.buffer.bytes = 65536
	reconnect.backoff.max.ms = 1000
	reconnect.backoff.ms = 50
	request.timeout.ms = 5000
	retry.backoff.max.ms = 1000
	retry.backoff.ms = 100
	sasl.client.callback.handler.class = null
	sasl.jaas.config = null
	sasl.kerberos.kinit.cmd = /usr/bin/kinit
	sasl.kerberos.min.time.before.relogin = 60000
	sasl.kerberos.service.name = null
	sasl.kerberos.ticket.renew.jitter = 0.05
	sasl.kerberos.ticket.renew.window.factor = 0.8
	sasl.login.callback.handler.class = null
	sasl.login.class = null
	sasl.login.connect.timeout.ms = null
	sasl.login.read.timeout.ms = null
	sasl.login.refresh.buffer.seconds = 300
	sasl.login.refresh.min.period.seconds = 60
	sasl.login.refresh.window.factor = 0.8
	sasl.login.refresh.window.jitter = 0.05
	sasl.login.retry.backoff.max.ms = 10000
	sasl.login.retry.backoff.ms = 100
	sasl.mechanism = GSSAPI
	sasl.oauthbearer.clock.skew.seconds = 30
	sasl.oauthbearer.expected.audience = null
	sasl.oauthbearer.expected.issuer = null
	sasl.oauthbearer.header.urlencode = false
	sasl.oauthbearer.jwks.endpoint.refresh.ms = 3600000
	sasl.oauthbearer.jwks.endpoint.retry.backoff.max.ms = 10000
	sasl.oauthbearer.jwks.endpoint.retry.backoff.ms = 100
	sasl.oauthbearer.jwks.endpoint.url = null
	sasl.oauthbearer.scope.claim.name = scope
	sasl.oauthbearer.sub.claim.name = sub
	sasl.oauthbearer.token.endpoint.url = null
	security.protocol = PLAINTEXT
	security.providers = null
	send.buffer.bytes = 131072
	session.timeout.ms = 45000
	socket.connection.setup.timeout.max.ms = 30000
	socket.connection.setup.timeout.ms = 10000
	ssl.cipher.suites = null
	ssl.enabled.protocols = [TLSv1.2, TLSv1.3]
	ssl.endpoint.identification.algorithm = https
	ssl.engine.factory.class = null
	ssl.key.password = null
	ssl.keymanager.algorithm = SunX509
	ssl.keystore.certificate.chain = null
	ssl.keystore.key = null
	ssl.keystore.location = null
	ssl.keystore.password = null
	ssl.keystore.type = JKS
	ssl.protocol = TLSv1.3
	ssl.provider = null
	ssl.secure.random.implementation = null
	ssl.trustmanager.algorithm = PKIX
	ssl.truststore.certificates = null
	ssl.truststore.location = null
	ssl.truststore.password = null
	ssl.truststore.type = JKS
	value.deserializer = class io.apicurio.registry.serde.avro.AvroKafkaDeserializer

2025-08-12 14:54:01,207 INFO  [org.apa.kaf.com.tel.int.KafkaMetricsCollector] (main) initializing Kafka metrics collector
2025-08-12 14:54:01,212 INFO  [org.apa.kaf.cli.con.ConsumerConfig] (main) These configurations '[apicurio.registry.url, apicurio.registry.use-id]' were supplied but are not used yet.
2025-08-12 14:54:01,212 INFO  [org.apa.kaf.com.uti.AppInfoParser] (main) Kafka version: 3.9.1
2025-08-12 14:54:01,212 INFO  [org.apa.kaf.com.uti.AppInfoParser] (main) Kafka commitId: f745dfdcee2b9851
2025-08-12 14:54:01,212 INFO  [org.apa.kaf.com.uti.AppInfoParser] (main) Kafka startTimeMs: 1755010441212
2025-08-12 14:54:01,213 INFO  [org.apa.kaf.cli.con.int.ClassicKafkaConsumer] (Thread-744) [Consumer clientId=consumer-Consumer-topic-aa47d756_553c_4d40_a0fb_268780a903c0-18, groupId=Consumer-topic-aa47d756_553c_4d40_a0fb_268780a903c0] Subscribed to topic(s): topic-aa47d756_553c_4d40_a0fb_268780a903c0
2025-08-12 14:54:01,217 INFO  [org.apa.kaf.cli.Metadata] (Thread-744) [Consumer clientId=consumer-Consumer-topic-aa47d756_553c_4d40_a0fb_268780a903c0-18, groupId=Consumer-topic-aa47d756_553c_4d40_a0fb_268780a903c0] Cluster ID: XZZUcOHpSnyflE0hmwIDCg
2025-08-12 14:54:01,217 INFO  [org.apa.kaf.cli.con.int.ConsumerCoordinator] (Thread-744) [Consumer clientId=consumer-Consumer-topic-aa47d756_553c_4d40_a0fb_268780a903c0-18, groupId=Consumer-topic-aa47d756_553c_4d40_a0fb_268780a903c0] Discovered group coordinator localhost:32769 (id: 2147483647 rack: null)
2025-08-12 14:54:01,219 INFO  [org.apa.kaf.cli.con.int.ConsumerCoordinator] (Thread-744) [Consumer clientId=consumer-Consumer-topic-aa47d756_553c_4d40_a0fb_268780a903c0-18, groupId=Consumer-topic-aa47d756_553c_4d40_a0fb_268780a903c0] (Re-)joining group
2025-08-12 14:54:01,221 INFO  [org.apa.kaf.cli.con.int.ConsumerCoordinator] (Thread-744) [Consumer clientId=consumer-Consumer-topic-aa47d756_553c_4d40_a0fb_268780a903c0-18, groupId=Consumer-topic-aa47d756_553c_4d40_a0fb_268780a903c0] Request joining group due to: need to re-join with the given member-id: consumer-Consumer-topic-aa47d756_553c_4d40_a0fb_268780a903c0-18-67efcd7f-431a-4182-940b-23cbff9fb544
2025-08-12 14:54:01,221 INFO  [org.apa.kaf.cli.con.int.ConsumerCoordinator] (Thread-744) [Consumer clientId=consumer-Consumer-topic-aa47d756_553c_4d40_a0fb_268780a903c0-18, groupId=Consumer-topic-aa47d756_553c_4d40_a0fb_268780a903c0] (Re-)joining group
2025-08-12 14:54:02,213 INFO  [io.api.tes.ser.api.KafkaSerdesTester] (Thread-744) None found
2025-08-12 14:54:03,213 INFO  [io.api.tes.ser.api.KafkaSerdesTester] (Thread-744) None found
2025-08-12 14:54:04,213 INFO  [io.api.tes.ser.api.KafkaSerdesTester] (Thread-744) None found
2025-08-12 14:54:04,223 INFO  [org.apa.kaf.cli.con.int.ConsumerCoordinator] (Thread-744) [Consumer clientId=consumer-Consumer-topic-aa47d756_553c_4d40_a0fb_268780a903c0-18, groupId=Consumer-topic-aa47d756_553c_4d40_a0fb_268780a903c0] Successfully joined group with generation Generation{generationId=1, memberId='consumer-Consumer-topic-aa47d756_553c_4d40_a0fb_268780a903c0-18-67efcd7f-431a-4182-940b-23cbff9fb544', protocol='range'}
2025-08-12 14:54:04,223 INFO  [org.apa.kaf.cli.con.int.ConsumerCoordinator] (Thread-744) [Consumer clientId=consumer-Consumer-topic-aa47d756_553c_4d40_a0fb_268780a903c0-18, groupId=Consumer-topic-aa47d756_553c_4d40_a0fb_268780a903c0] Finished assignment for group at generation 1: {consumer-Consumer-topic-aa47d756_553c_4d40_a0fb_268780a903c0-18-67efcd7f-431a-4182-940b-23cbff9fb544=Assignment(partitions=[topic-aa47d756_553c_4d40_a0fb_268780a903c0-0])}
2025-08-12 14:54:04,230 INFO  [org.apa.kaf.cli.con.int.ConsumerCoordinator] (Thread-744) [Consumer clientId=consumer-Consumer-topic-aa47d756_553c_4d40_a0fb_268780a903c0-18, groupId=Consumer-topic-aa47d756_553c_4d40_a0fb_268780a903c0] Successfully synced group in generation Generation{generationId=1, memberId='consumer-Consumer-topic-aa47d756_553c_4d40_a0fb_268780a903c0-18-67efcd7f-431a-4182-940b-23cbff9fb544', protocol='range'}
2025-08-12 14:54:04,230 INFO  [org.apa.kaf.cli.con.int.ConsumerCoordinator] (Thread-744) [Consumer clientId=consumer-Consumer-topic-aa47d756_553c_4d40_a0fb_268780a903c0-18, groupId=Consumer-topic-aa47d756_553c_4d40_a0fb_268780a903c0] Notifying assignor about the new Assignment(partitions=[topic-aa47d756_553c_4d40_a0fb_268780a903c0-0])
2025-08-12 14:54:04,230 INFO  [org.apa.kaf.cli.con.int.ConsumerRebalanceListenerInvoker] (Thread-744) [Consumer clientId=consumer-Consumer-topic-aa47d756_553c_4d40_a0fb_268780a903c0-18, groupId=Consumer-topic-aa47d756_553c_4d40_a0fb_268780a903c0] Adding newly assigned partitions: topic-aa47d756_553c_4d40_a0fb_268780a903c0-0
2025-08-12 14:54:04,231 INFO  [org.apa.kaf.cli.con.int.ConsumerCoordinator] (Thread-744) [Consumer clientId=consumer-Consumer-topic-aa47d756_553c_4d40_a0fb_268780a903c0-18, groupId=Consumer-topic-aa47d756_553c_4d40_a0fb_268780a903c0] Found no committed offset for partition topic-aa47d756_553c_4d40_a0fb_268780a903c0-0
2025-08-12 14:54:04,233 INFO  [org.apa.kaf.cli.con.int.SubscriptionState] (Thread-744) [Consumer clientId=consumer-Consumer-topic-aa47d756_553c_4d40_a0fb_268780a903c0-18, groupId=Consumer-topic-aa47d756_553c_4d40_a0fb_268780a903c0] Resetting offset for partition topic-aa47d756_553c_4d40_a0fb_268780a903c0-0 to position FetchPosition{offset=0, offsetEpoch=Optional.empty, currentLeader=LeaderAndEpoch{leader=Optional[localhost:32769 (id: 0 rack: null)], epoch=0}}.
2025-08-12 14:54:04,271 INFO  [io.api.tes.ser.api.KafkaSerdesTester] (Thread-744) topic-aa47d756_553c_4d40_a0fb_268780a903c0 0 0 {"key11755010440942": "value-0"}
2025-08-12 14:54:04,271 INFO  [io.api.tes.ser.api.KafkaSerdesTester] (Thread-744) topic-aa47d756_553c_4d40_a0fb_268780a903c0 0 1 {"key11755010440942": "value-1"}
2025-08-12 14:54:04,272 INFO  [io.api.tes.ser.api.KafkaSerdesTester] (Thread-744) topic-aa47d756_553c_4d40_a0fb_268780a903c0 0 2 {"key11755010440942": "value-2"}
2025-08-12 14:54:04,272 INFO  [io.api.tes.ser.api.KafkaSerdesTester] (Thread-744) topic-aa47d756_553c_4d40_a0fb_268780a903c0 0 3 {"key11755010440942": "value-3"}
2025-08-12 14:54:04,272 INFO  [io.api.tes.ser.api.KafkaSerdesTester] (Thread-744) topic-aa47d756_553c_4d40_a0fb_268780a903c0 0 4 {"key11755010440942": "value-4"}
2025-08-12 14:54:04,272 INFO  [io.api.tes.ser.api.KafkaSerdesTester] (Thread-744) topic-aa47d756_553c_4d40_a0fb_268780a903c0 0 5 {"key11755010440942": "value-5"}
2025-08-12 14:54:04,272 INFO  [io.api.tes.ser.api.KafkaSerdesTester] (Thread-744) topic-aa47d756_553c_4d40_a0fb_268780a903c0 0 6 {"key11755010440942": "value-6"}
2025-08-12 14:54:04,272 INFO  [io.api.tes.ser.api.KafkaSerdesTester] (Thread-744) topic-aa47d756_553c_4d40_a0fb_268780a903c0 0 7 {"key11755010440942": "value-7"}
2025-08-12 14:54:04,272 INFO  [io.api.tes.ser.api.KafkaSerdesTester] (Thread-744) topic-aa47d756_553c_4d40_a0fb_268780a903c0 0 8 {"key11755010440942": "value-8"}
2025-08-12 14:54:04,272 INFO  [io.api.tes.ser.api.KafkaSerdesTester] (Thread-744) topic-aa47d756_553c_4d40_a0fb_268780a903c0 0 9 {"key11755010440942": "value-9"}
2025-08-12 14:54:04,272 INFO  [io.api.tes.ser.api.KafkaSerdesTester] (Thread-744) Consumed 10 messages
2025-08-12 14:54:04,278 INFO  [org.apa.kaf.cli.con.int.ConsumerRebalanceListenerInvoker] (Thread-744) [Consumer clientId=consumer-Consumer-topic-aa47d756_553c_4d40_a0fb_268780a903c0-18, groupId=Consumer-topic-aa47d756_553c_4d40_a0fb_268780a903c0] Revoke previously assigned partitions topic-aa47d756_553c_4d40_a0fb_268780a903c0-0
2025-08-12 14:54:04,278 INFO  [org.apa.kaf.cli.con.int.ConsumerCoordinator] (Thread-744) [Consumer clientId=consumer-Consumer-topic-aa47d756_553c_4d40_a0fb_268780a903c0-18, groupId=Consumer-topic-aa47d756_553c_4d40_a0fb_268780a903c0] Member consumer-Consumer-topic-aa47d756_553c_4d40_a0fb_268780a903c0-18-67efcd7f-431a-4182-940b-23cbff9fb544 sending LeaveGroup request to coordinator localhost:32769 (id: 2147483647 rack: null) due to the consumer is being closed
2025-08-12 14:54:04,278 INFO  [org.apa.kaf.cli.con.int.ConsumerCoordinator] (Thread-744) [Consumer clientId=consumer-Consumer-topic-aa47d756_553c_4d40_a0fb_268780a903c0-18, groupId=Consumer-topic-aa47d756_553c_4d40_a0fb_268780a903c0] Resetting generation and member id due to: consumer pro-actively leaving the group
2025-08-12 14:54:04,278 INFO  [org.apa.kaf.cli.con.int.ConsumerCoordinator] (Thread-744) [Consumer clientId=consumer-Consumer-topic-aa47d756_553c_4d40_a0fb_268780a903c0-18, groupId=Consumer-topic-aa47d756_553c_4d40_a0fb_268780a903c0] Request joining group due to: consumer pro-actively leaving the group
2025-08-12 14:54:04,773 INFO  [org.apa.kaf.com.met.Metrics] (Thread-744) Metrics scheduler closed
2025-08-12 14:54:04,773 INFO  [org.apa.kaf.com.met.Metrics] (Thread-744) Closing reporter org.apache.kafka.common.metrics.JmxReporter
2025-08-12 14:54:04,773 INFO  [org.apa.kaf.com.met.Metrics] (Thread-744) Closing reporter org.apache.kafka.common.telemetry.internals.ClientTelemetryReporter
2025-08-12 14:54:04,773 INFO  [org.apa.kaf.com.met.Metrics] (Thread-744) Metrics reporters closed
2025-08-12 14:54:04,775 INFO  [org.apa.kaf.com.uti.AppInfoParser] (Thread-744) App info kafka.consumer for consumer-Consumer-topic-aa47d756_553c_4d40_a0fb_268780a903c0-18 unregistered
2025-08-12 14:54:04,776 INFO  [io.api.tes.uti.TestSeparator] (main) io.apicurio.tests.serdes.apicurio.AvroSerdeIT.testGlobalIdInBody-FINISHED
2025-08-12 14:54:04,776 INFO  [io.api.tes.uti.TestSeparator] (main) ############################################################################
Test passed: testGlobalIdInBody
]]></system-out>
  </testcase>
  <testcase name="testProducerUsesGlobalIdConsumerUsesDefault" classname="io.apicurio.tests.serdes.apicurio.AvroSerdeIT" time="0.0">
    <skipped message="void io.apicurio.tests.serdes.apicurio.AvroSerdeIT.testProducerUsesGlobalIdConsumerUsesDefault() throws java.lang.Exception is @Disabled"/>
  </testcase>
</testsuite>