<?xml version="1.0" encoding="UTF-8"?>
<testsuite xmlns:xsi="http://www.w3.org/2001/XMLSchema-instance" xsi:noNamespaceSchemaLocation="https://maven.apache.org/surefire/maven-failsafe-plugin/xsd/failsafe-test-report.xsd" version="3.0.2" name="io.apicurio.tests.serdes.apicurio.AvroSerdeIT" time="117.338" tests="21" errors="0" skipped="2" failures="0">
  <properties>
    <property name="java.specification.version" value="17"/>
    <property name="sun.jnu.encoding" value="UTF-8"/>
    <property name="java.class.path" value="/home/runner/work/apicurio-testing/apicurio-testing/clusters/ci419/namespaces/mysql/tests/integration/apicurio-registry/integration-tests/target/test-classes:/home/runner/work/apicurio-testing/apicurio-testing/clusters/ci419/namespaces/mysql/tests/integration/apicurio-registry/integration-tests/target/apicurio-registry-integration-tests-3.0.12-SNAPSHOT.jar:/home/runner/.m2/repository/io/quarkus/quarkus-junit5/3.20.2/quarkus-junit5-3.20.2.jar:/home/runner/.m2/repository/io/quarkus/quarkus-bootstrap-core/3.20.2/quarkus-bootstrap-core-3.20.2.jar:/home/runner/.m2/repository/io/quarkus/quarkus-classloader-commons/3.20.2/quarkus-classloader-commons-3.20.2.jar:/home/runner/.m2/repository/io/quarkus/quarkus-bootstrap-app-model/3.20.2/quarkus-bootstrap-app-model-3.20.2.jar:/home/runner/.m2/repository/io/smallrye/common/smallrye-common-io/2.12.0/smallrye-common-io-2.12.0.jar:/home/runner/.m2/repository/org/eclipse/sisu/org.eclipse.sisu.inject/0.9.0.M3/org.eclipse.sisu.inject-0.9.0.M3.jar:/home/runner/.m2/repository/io/quarkus/quarkus-test-common/3.20.2/quarkus-test-common-3.20.2.jar:/home/runner/.m2/repository/io/quarkus/quarkus-core-deployment/3.20.2/quarkus-core-deployment-3.20.2.jar:/home/runner/.m2/repository/org/aesh/readline/2.6/readline-2.6.jar:/home/runner/.m2/repository/org/fusesource/jansi/jansi/2.4.0/jansi-2.4.0.jar:/home/runner/.m2/repository/org/aesh/aesh/2.8.2/aesh-2.8.2.jar:/home/runner/.m2/repository/io/quarkus/gizmo/gizmo/1.8.0/gizmo-1.8.0.jar:/home/runner/.m2/repository/org/ow2/asm/asm-util/9.7.1/asm-util-9.7.1.jar:/home/runner/.m2/repository/org/ow2/asm/asm-analysis/9.7.1/asm-analysis-9.7.1.jar:/home/runner/.m2/repository/org/ow2/asm/asm-commons/9.7.1/asm-commons-9.7.1.jar:/home/runner/.m2/repository/org/ow2/asm/asm-tree/9.7.1/asm-tree-9.7.1.jar:/home/runner/.m2/repository/io/quarkus/quarkus-hibernate-validator-spi/3.20.2/quarkus-hibernate-validator-spi-3.20.2.jar:/home/runner/.m2/repository/io/quarkus/quarkus-class-change-agent/3.20.2/quarkus-class-change-agent-3.20.2.jar:/home/runner/.m2/repository/io/quarkus/quarkus-devtools-utilities/3.20.2/quarkus-devtools-utilities-3.20.2.jar:/home/runner/.m2/repository/io/quarkus/quarkus-builder/3.20.2/quarkus-builder-3.20.2.jar:/home/runner/.m2/repository/org/graalvm/sdk/nativeimage/23.1.2/nativeimage-23.1.2.jar:/home/runner/.m2/repository/org/graalvm/sdk/word/23.1.2/word-23.1.2.jar:/home/runner/.m2/repository/io/quarkus/quarkus-bootstrap-maven-resolver/3.20.2/quarkus-bootstrap-maven-resolver-3.20.2.jar:/home/runner/.m2/repository/io/smallrye/beanbag/smallrye-beanbag-maven/1.5.2/smallrye-beanbag-maven-1.5.2.jar:/home/runner/.m2/repository/io/smallrye/beanbag/smallrye-beanbag-sisu/1.5.2/smallrye-beanbag-sisu-1.5.2.jar:/home/runner/.m2/repository/io/smallrye/beanbag/smallrye-beanbag/1.5.2/smallrye-beanbag-1.5.2.jar:/home/runner/.m2/repository/javax/inject/javax.inject/1/javax.inject-1.jar:/home/runner/.m2/repository/org/apache/maven/maven-artifact/3.9.9/maven-artifact-3.9.9.jar:/home/runner/.m2/repository/org/apache/maven/maven-builder-support/3.9.9/maven-builder-support-3.9.9.jar:/home/runner/.m2/repository/org/apache/maven/maven-model/3.9.9/maven-model-3.9.9.jar:/home/runner/.m2/repository/org/apache/maven/maven-model-builder/3.9.9/maven-model-builder-3.9.9.jar:/home/runner/.m2/repository/org/apache/maven/maven-repository-metadata/3.9.9/maven-repository-metadata-3.9.9.jar:/home/runner/.m2/repository/org/apache/maven/maven-settings/3.9.9/maven-settings-3.9.9.jar:/home/runner/.m2/repository/org/apache/maven/resolver/maven-resolver-api/1.9.22/maven-resolver-api-1.9.22.jar:/home/runner/.m2/repository/org/apache/maven/resolver/maven-resolver-impl/1.9.22/maven-resolver-impl-1.9.22.jar:/home/runner/.m2/repository/org/apache/maven/resolver/maven-resolver-named-locks/1.9.22/maven-resolver-named-locks-1.9.22.jar:/home/runner/.m2/repository/org/apache/maven/resolver/maven-resolver-spi/1.9.22/maven-resolver-spi-1.9.22.jar:/home/runner/.m2/repository/org/apache/maven/resolver/maven-resolver-util/1.9.22/maven-resolver-util-1.9.22.jar:/home/runner/.m2/repository/org/apache/maven/resolver/maven-resolver-transport-http/1.9.20/maven-resolver-transport-http-1.9.20.jar:/home/runner/.m2/repository/org/apache/maven/wagon/wagon-provider-api/3.5.3/wagon-provider-api-3.5.3.jar:/home/runner/.m2/repository/org/apache/maven/wagon/wagon-http-shared/3.5.3/wagon-http-shared-3.5.3.jar:/home/runner/.m2/repository/org/codehaus/plexus/plexus-interpolation/1.26/plexus-interpolation-1.26.jar:/home/runner/.m2/repository/org/codehaus/plexus/plexus-utils/3.5.1/plexus-utils-3.5.1.jar:/home/runner/.m2/repository/org/codehaus/plexus/plexus-xml/4.0.1/plexus-xml-4.0.1.jar:/home/runner/.m2/repository/org/apache/maven/maven-xml-impl/4.0.0-alpha-5/maven-xml-impl-4.0.0-alpha-5.jar:/home/runner/.m2/repository/org/apache/maven/maven-api-xml/4.0.0-alpha-5/maven-api-xml-4.0.0-alpha-5.jar:/home/runner/.m2/repository/org/apache/maven/maven-api-meta/4.0.0-alpha-5/maven-api-meta-4.0.0-alpha-5.jar:/home/runner/.m2/repository/org/codehaus/plexus/plexus-cipher/2.0/plexus-cipher-2.0.jar:/home/runner/.m2/repository/org/codehaus/plexus/plexus-sec-dispatcher/2.0/plexus-sec-dispatcher-2.0.jar:/home/runner/.m2/repository/org/apache/maven/maven-embedder/3.9.9/maven-embedder-3.9.9.jar:/home/runner/.m2/repository/org/apache/maven/maven-core/3.9.9/maven-core-3.9.9.jar:/home/runner/.m2/repository/org/codehaus/plexus/plexus-component-annotations/2.1.0/plexus-component-annotations-2.1.0.jar:/home/runner/.m2/repository/org/apache/maven/maven-plugin-api/3.9.9/maven-plugin-api-3.9.9.jar:/home/runner/.m2/repository/org/apache/maven/shared/maven-shared-utils/3.4.2/maven-shared-utils-3.4.2.jar:/home/runner/.m2/repository/com/google/inject/guice/5.1.0/guice-5.1.0.jar:/home/runner/.m2/repository/aopalliance/aopalliance/1.0/aopalliance-1.0.jar:/home/runner/.m2/repository/org/codehaus/plexus/plexus-classworlds/2.6.0/plexus-classworlds-2.6.0.jar:/home/runner/.m2/repository/commons-cli/commons-cli/1.8.0/commons-cli-1.8.0.jar:/home/runner/.m2/repository/org/eclipse/sisu/org.eclipse.sisu.plexus/0.9.0.M3/org.eclipse.sisu.plexus-0.9.0.M3.jar:/home/runner/.m2/repository/org/apache/maven/maven-settings-builder/3.9.9/maven-settings-builder-3.9.9.jar:/home/runner/.m2/repository/org/apache/maven/maven-resolver-provider/3.9.9/maven-resolver-provider-3.9.9.jar:/home/runner/.m2/repository/org/apache/maven/resolver/maven-resolver-connector-basic/1.9.22/maven-resolver-connector-basic-1.9.22.jar:/home/runner/.m2/repository/org/apache/maven/resolver/maven-resolver-transport-wagon/1.9.22/maven-resolver-transport-wagon-1.9.22.jar:/home/runner/.m2/repository/org/apache/maven/wagon/wagon-http/3.5.3/wagon-http-3.5.3.jar:/home/runner/.m2/repository/org/apache/maven/wagon/wagon-file/3.5.3/wagon-file-3.5.3.jar:/home/runner/.m2/repository/io/quarkus/quarkus-bootstrap-gradle-resolver/3.20.2/quarkus-bootstrap-gradle-resolver-3.20.2.jar:/home/runner/.m2/repository/io/smallrye/jandex/3.3.0/jandex-3.3.0.jar:/home/runner/.m2/repository/org/jboss/logging/commons-logging-jboss-logging/1.0.0.Final/commons-logging-jboss-logging-1.0.0.Final.jar:/home/runner/.m2/repository/io/quarkus/quarkus-junit5-config/3.20.2/quarkus-junit5-config-3.20.2.jar:/home/runner/.m2/repository/org/junit/jupiter/junit-jupiter-api/5.12.1/junit-jupiter-api-5.12.1.jar:/home/runner/.m2/repository/io/smallrye/config/smallrye-config/3.11.4/smallrye-config-3.11.4.jar:/home/runner/.m2/repository/io/smallrye/config/smallrye-config-core/3.11.4/smallrye-config-core-3.11.4.jar:/home/runner/.m2/repository/io/smallrye/common/smallrye-common-classloader/2.12.0/smallrye-common-classloader-2.12.0.jar:/home/runner/.m2/repository/io/smallrye/config/smallrye-config-common/3.11.4/smallrye-config-common-3.11.4.jar:/home/runner/.m2/repository/org/junit/jupiter/junit-jupiter/5.12.1/junit-jupiter-5.12.1.jar:/home/runner/.m2/repository/org/junit/jupiter/junit-jupiter-params/5.12.1/junit-jupiter-params-5.12.1.jar:/home/runner/.m2/repository/org/junit/jupiter/junit-jupiter-engine/5.12.1/junit-jupiter-engine-5.12.1.jar:/home/runner/.m2/repository/io/quarkus/quarkus-core/3.20.2/quarkus-core-3.20.2.jar:/home/runner/.m2/repository/jakarta/enterprise/jakarta.enterprise.cdi-api/4.1.0/jakarta.enterprise.cdi-api-4.1.0.jar:/home/runner/.m2/repository/jakarta/enterprise/jakarta.enterprise.lang-model/4.1.0/jakarta.enterprise.lang-model-4.1.0.jar:/home/runner/.m2/repository/jakarta/el/jakarta.el-api/5.0.1/jakarta.el-api-5.0.1.jar:/home/runner/.m2/repository/jakarta/interceptor/jakarta.interceptor-api/2.2.0/jakarta.interceptor-api-2.2.0.jar:/home/runner/.m2/repository/jakarta/inject/jakarta.inject-api/2.0.1/jakarta.inject-api-2.0.1.jar:/home/runner/.m2/repository/io/smallrye/common/smallrye-common-os/2.12.0/smallrye-common-os-2.12.0.jar:/home/runner/.m2/repository/io/quarkus/quarkus-ide-launcher/3.20.2/quarkus-ide-launcher-3.20.2.jar:/home/runner/.m2/repository/io/quarkus/quarkus-development-mode-spi/3.20.2/quarkus-development-mode-spi-3.20.2.jar:/home/runner/.m2/repository/org/jboss/logging/jboss-logging/3.6.1.Final/jboss-logging-3.6.1.Final.jar:/home/runner/.m2/repository/org/jboss/logmanager/jboss-logmanager/3.1.2.Final/jboss-logmanager-3.1.2.Final.jar:/home/runner/.m2/repository/io/smallrye/common/smallrye-common-constraint/2.12.0/smallrye-common-constraint-2.12.0.jar:/home/runner/.m2/repository/io/smallrye/common/smallrye-common-cpu/2.12.0/smallrye-common-cpu-2.12.0.jar:/home/runner/.m2/repository/io/smallrye/common/smallrye-common-expression/2.12.0/smallrye-common-expression-2.12.0.jar:/home/runner/.m2/repository/io/smallrye/common/smallrye-common-net/2.12.0/smallrye-common-net-2.12.0.jar:/home/runner/.m2/repository/io/smallrye/common/smallrye-common-ref/2.12.0/smallrye-common-ref-2.12.0.jar:/home/runner/.m2/repository/jakarta/json/jakarta.json-api/2.1.3/jakarta.json-api-2.1.3.jar:/home/runner/.m2/repository/org/eclipse/parsson/parsson/1.1.7/parsson-1.1.7.jar:/home/runner/.m2/repository/org/jboss/logging/jboss-logging-annotations/3.0.4.Final/jboss-logging-annotations-3.0.4.Final.jar:/home/runner/.m2/repository/org/jboss/threads/jboss-threads/3.8.0.Final/jboss-threads-3.8.0.Final.jar:/home/runner/.m2/repository/io/smallrye/common/smallrye-common-annotation/2.12.0/smallrye-common-annotation-2.12.0.jar:/home/runner/.m2/repository/io/smallrye/common/smallrye-common-function/2.12.0/smallrye-common-function-2.12.0.jar:/home/runner/.m2/repository/org/jboss/slf4j/slf4j-jboss-logmanager/2.0.0.Final/slf4j-jboss-logmanager-2.0.0.Final.jar:/home/runner/.m2/repository/org/wildfly/common/wildfly-common/2.0.1/wildfly-common-2.0.1.jar:/home/runner/.m2/repository/io/quarkus/quarkus-bootstrap-runner/3.20.2/quarkus-bootstrap-runner-3.20.2.jar:/home/runner/.m2/repository/io/github/crac/org-crac/0.1.3/org-crac-0.1.3.jar:/home/runner/.m2/repository/io/quarkus/quarkus-fs-util/0.0.10/quarkus-fs-util-0.0.10.jar:/home/runner/.m2/repository/org/jboss/marshalling/jboss-marshalling/2.2.2.Final/jboss-marshalling-2.2.2.Final.jar:/home/runner/.m2/repository/io/fabric8/kubernetes-client/7.1.0/kubernetes-client-7.1.0.jar:/home/runner/.m2/repository/io/fabric8/kubernetes-client-api/7.1.0/kubernetes-client-api-7.1.0.jar:/home/runner/.m2/repository/io/fabric8/kubernetes-model-core/7.1.0/kubernetes-model-core-7.1.0.jar:/home/runner/.m2/repository/io/fabric8/kubernetes-model-common/7.1.0/kubernetes-model-common-7.1.0.jar:/home/runner/.m2/repository/javax/annotation/javax.annotation-api/1.3.2/javax.annotation-api-1.3.2.jar:/home/runner/.m2/repository/io/fabric8/kubernetes-model-gatewayapi/7.1.0/kubernetes-model-gatewayapi-7.1.0.jar:/home/runner/.m2/repository/io/fabric8/kubernetes-model-resource/7.1.0/kubernetes-model-resource-7.1.0.jar:/home/runner/.m2/repository/io/fabric8/kubernetes-model-rbac/7.1.0/kubernetes-model-rbac-7.1.0.jar:/home/runner/.m2/repository/io/fabric8/kubernetes-model-admissionregistration/7.1.0/kubernetes-model-admissionregistration-7.1.0.jar:/home/runner/.m2/repository/io/fabric8/kubernetes-model-apps/7.1.0/kubernetes-model-apps-7.1.0.jar:/home/runner/.m2/repository/io/fabric8/kubernetes-model-autoscaling/7.1.0/kubernetes-model-autoscaling-7.1.0.jar:/home/runner/.m2/repository/io/fabric8/kubernetes-model-apiextensions/7.1.0/kubernetes-model-apiextensions-7.1.0.jar:/home/runner/.m2/repository/io/fabric8/kubernetes-model-batch/7.1.0/kubernetes-model-batch-7.1.0.jar:/home/runner/.m2/repository/io/fabric8/kubernetes-model-certificates/7.1.0/kubernetes-model-certificates-7.1.0.jar:/home/runner/.m2/repository/io/fabric8/kubernetes-model-coordination/7.1.0/kubernetes-model-coordination-7.1.0.jar:/home/runner/.m2/repository/io/fabric8/kubernetes-model-discovery/7.1.0/kubernetes-model-discovery-7.1.0.jar:/home/runner/.m2/repository/io/fabric8/kubernetes-model-events/7.1.0/kubernetes-model-events-7.1.0.jar:/home/runner/.m2/repository/io/fabric8/kubernetes-model-extensions/7.1.0/kubernetes-model-extensions-7.1.0.jar:/home/runner/.m2/repository/io/fabric8/kubernetes-model-flowcontrol/7.1.0/kubernetes-model-flowcontrol-7.1.0.jar:/home/runner/.m2/repository/io/fabric8/kubernetes-model-networking/7.1.0/kubernetes-model-networking-7.1.0.jar:/home/runner/.m2/repository/io/fabric8/kubernetes-model-metrics/7.1.0/kubernetes-model-metrics-7.1.0.jar:/home/runner/.m2/repository/io/fabric8/kubernetes-model-policy/7.1.0/kubernetes-model-policy-7.1.0.jar:/home/runner/.m2/repository/io/fabric8/kubernetes-model-scheduling/7.1.0/kubernetes-model-scheduling-7.1.0.jar:/home/runner/.m2/repository/io/fabric8/kubernetes-model-storageclass/7.1.0/kubernetes-model-storageclass-7.1.0.jar:/home/runner/.m2/repository/io/fabric8/kubernetes-model-node/7.1.0/kubernetes-model-node-7.1.0.jar:/home/runner/.m2/repository/org/snakeyaml/snakeyaml-engine/2.9/snakeyaml-engine-2.9.jar:/home/runner/.m2/repository/com/fasterxml/jackson/dataformat/jackson-dataformat-yaml/2.18.2/jackson-dataformat-yaml-2.18.2.jar:/home/runner/.m2/repository/com/fasterxml/jackson/datatype/jackson-datatype-jsr310/2.18.2/jackson-datatype-jsr310-2.18.2.jar:/home/runner/.m2/repository/io/fabric8/zjsonpatch/7.1.0/zjsonpatch-7.1.0.jar:/home/runner/.m2/repository/io/fabric8/kubernetes-httpclient-vertx/7.1.0/kubernetes-httpclient-vertx-7.1.0.jar:/home/runner/.m2/repository/io/vertx/vertx-web-client/4.5.16/vertx-web-client-4.5.16.jar:/home/runner/.m2/repository/io/vertx/vertx-web-common/4.5.16/vertx-web-common-4.5.16.jar:/home/runner/.m2/repository/io/vertx/vertx-auth-common/4.5.16/vertx-auth-common-4.5.16.jar:/home/runner/.m2/repository/io/vertx/vertx-uri-template/4.5.16/vertx-uri-template-4.5.16.jar:/home/runner/.m2/repository/io/fabric8/openshift-client/7.1.0/openshift-client-7.1.0.jar:/home/runner/.m2/repository/io/fabric8/openshift-client-api/7.1.0/openshift-client-api-7.1.0.jar:/home/runner/.m2/repository/io/fabric8/openshift-model/7.1.0/openshift-model-7.1.0.jar:/home/runner/.m2/repository/io/fabric8/openshift-model-autoscaling/7.1.0/openshift-model-autoscaling-7.1.0.jar:/home/runner/.m2/repository/io/fabric8/openshift-model-operator/7.1.0/openshift-model-operator-7.1.0.jar:/home/runner/.m2/repository/io/fabric8/openshift-model-operatorhub/7.1.0/openshift-model-operatorhub-7.1.0.jar:/home/runner/.m2/repository/io/fabric8/openshift-model-machine/7.1.0/openshift-model-machine-7.1.0.jar:/home/runner/.m2/repository/io/fabric8/openshift-model-whereabouts/7.1.0/openshift-model-whereabouts-7.1.0.jar:/home/runner/.m2/repository/io/fabric8/openshift-model-monitoring/7.1.0/openshift-model-monitoring-7.1.0.jar:/home/runner/.m2/repository/io/fabric8/openshift-model-storageversionmigrator/7.1.0/openshift-model-storageversionmigrator-7.1.0.jar:/home/runner/.m2/repository/io/fabric8/openshift-model-tuned/7.1.0/openshift-model-tuned-7.1.0.jar:/home/runner/.m2/repository/io/fabric8/openshift-model-console/7.1.0/openshift-model-console-7.1.0.jar:/home/runner/.m2/repository/io/fabric8/openshift-model-config/7.1.0/openshift-model-config-7.1.0.jar:/home/runner/.m2/repository/io/fabric8/openshift-model-machineconfiguration/7.1.0/openshift-model-machineconfiguration-7.1.0.jar:/home/runner/.m2/repository/io/fabric8/openshift-model-miscellaneous/7.1.0/openshift-model-miscellaneous-7.1.0.jar:/home/runner/.m2/repository/io/fabric8/openshift-model-hive/7.1.0/openshift-model-hive-7.1.0.jar:/home/runner/.m2/repository/io/fabric8/openshift-model-installer/7.1.0/openshift-model-installer-7.1.0.jar:/home/runner/.m2/repository/org/junit/platform/junit-platform-launcher/1.12.1/junit-platform-launcher-1.12.1.jar:/home/runner/.m2/repository/org/junit/platform/junit-platform-engine/1.12.1/junit-platform-engine-1.12.1.jar:/home/runner/.m2/repository/org/opentest4j/opentest4j/1.3.0/opentest4j-1.3.0.jar:/home/runner/.m2/repository/org/junit/platform/junit-platform-commons/1.12.1/junit-platform-commons-1.12.1.jar:/home/runner/.m2/repository/org/apiguardian/apiguardian-api/1.1.2/apiguardian-api-1.1.2.jar:/home/runner/.m2/repository/jakarta/ws/rs/jakarta.ws.rs-api/3.1.0/jakarta.ws.rs-api-3.1.0.jar:/home/runner/work/apicurio-testing/apicurio-testing/clusters/ci419/namespaces/mysql/tests/integration/apicurio-registry/java-sdk/target/apicurio-registry-java-sdk-3.0.12-SNAPSHOT.jar:/home/runner/.m2/repository/com/microsoft/kiota/microsoft-kiota-abstractions/1.8.9/microsoft-kiota-abstractions-1.8.9.jar:/home/runner/.m2/repository/io/github/std-uritemplate/std-uritemplate/2.0.0/std-uritemplate-2.0.0.jar:/home/runner/.m2/repository/io/kiota/kiota-http-jdk/0.0.29/kiota-http-jdk-0.0.29.jar:/home/runner/.m2/repository/io/kiota/kiota-http-vertx/0.0.29/kiota-http-vertx-0.0.29.jar:/home/runner/.m2/repository/io/kiota/kiota-serialization-jackson/0.0.29/kiota-serialization-jackson-0.0.29.jar:/home/runner/.m2/repository/com/microsoft/kiota/microsoft-kiota-serialization-text/1.8.9/microsoft-kiota-serialization-text-1.8.9.jar:/home/runner/.m2/repository/com/microsoft/kiota/microsoft-kiota-serialization-form/1.8.9/microsoft-kiota-serialization-form-1.8.9.jar:/home/runner/.m2/repository/com/microsoft/kiota/microsoft-kiota-serialization-multipart/1.8.9/microsoft-kiota-serialization-multipart-1.8.9.jar:/home/runner/.m2/repository/jakarta/annotation/jakarta.annotation-api/3.0.0/jakarta.annotation-api-3.0.0.jar:/home/runner/.m2/repository/io/vertx/vertx-auth-oauth2/4.5.16/vertx-auth-oauth2-4.5.16.jar:/home/runner/work/apicurio-testing/apicurio-testing/clusters/ci419/namespaces/mysql/tests/integration/apicurio-registry/java-sdk-v2/target/apicurio-registry-v2-java-sdk-3.0.12-SNAPSHOT.jar:/home/runner/work/apicurio-testing/apicurio-testing/clusters/ci419/namespaces/mysql/tests/integration/apicurio-registry/utils/kafka/target/apicurio-registry-utils-kafka-3.0.12-SNAPSHOT-tests.jar:/home/runner/.m2/repository/org/eclipse/microprofile/config/microprofile-config-api/3.1/microprofile-config-api-3.1.jar:/home/runner/.m2/repository/org/apache/kafka/kafka-clients/3.9.1/kafka-clients-3.9.1.jar:/home/runner/.m2/repository/com/github/luben/zstd-jni/1.5.6-4/zstd-jni-1.5.6-4.jar:/home/runner/.m2/repository/org/lz4/lz4-java/1.8.0/lz4-java-1.8.0.jar:/home/runner/.m2/repository/org/xerial/snappy/snappy-java/1.1.10.5/snappy-java-1.1.10.5.jar:/home/runner/.m2/repository/org/slf4j/slf4j-api/2.0.6/slf4j-api-2.0.6.jar:/home/runner/work/apicurio-testing/apicurio-testing/clusters/ci419/namespaces/mysql/tests/integration/apicurio-registry/utils/tests/target/apicurio-registry-utils-tests-3.0.12-SNAPSHOT.jar:/home/runner/work/apicurio-testing/apicurio-testing/clusters/ci419/namespaces/mysql/tests/integration/apicurio-registry/common/target/apicurio-registry-common-3.0.12-SNAPSHOT.jar:/home/runner/.m2/repository/jakarta/validation/jakarta.validation-api/3.0.2/jakarta.validation-api-3.0.2.jar:/home/runner/.m2/repository/com/github/dasniko/testcontainers-keycloak/3.8.0/testcontainers-keycloak-3.8.0.jar:/home/runner/.m2/repository/org/testcontainers/testcontainers/1.20.6/testcontainers-1.20.6.jar:/home/runner/.m2/repository/org/rnorth/duct-tape/duct-tape/1.0.8/duct-tape-1.0.8.jar:/home/runner/.m2/repository/com/github/docker-java/docker-java-transport-zerodep/3.4.1/docker-java-transport-zerodep-3.4.1.jar:/home/runner/.m2/repository/com/github/docker-java/docker-java-transport/3.4.1/docker-java-transport-3.4.1.jar:/home/runner/.m2/repository/net/java/dev/jna/jna/5.8.0/jna-5.8.0.jar:/home/runner/.m2/repository/io/quarkus/quarkus-junit4-mock/3.20.2/quarkus-junit4-mock-3.20.2.jar:/home/runner/.m2/repository/org/jboss/shrinkwrap/shrinkwrap-api/2.0.0-beta-2/shrinkwrap-api-2.0.0-beta-2.jar:/home/runner/.m2/repository/org/jboss/shrinkwrap/shrinkwrap-impl-base/2.0.0-beta-2/shrinkwrap-impl-base-2.0.0-beta-2.jar:/home/runner/.m2/repository/org/jboss/shrinkwrap/shrinkwrap-spi/2.0.0-beta-2/shrinkwrap-spi-2.0.0-beta-2.jar:/home/runner/.m2/repository/org/keycloak/keycloak-admin-client/26.0.4/keycloak-admin-client-26.0.4.jar:/home/runner/.m2/repository/org/keycloak/keycloak-client-common-synced/26.0.4/keycloak-client-common-synced-26.0.4.jar:/home/runner/.m2/repository/jakarta/activation/jakarta.activation-api/2.1.3/jakarta.activation-api-2.1.3.jar:/home/runner/.m2/repository/org/eclipse/microprofile/openapi/microprofile-openapi-api/4.0.2/microprofile-openapi-api-4.0.2.jar:/home/runner/.m2/repository/org/jboss/resteasy/resteasy-client/6.2.12.Final/resteasy-client-6.2.12.Final.jar:/home/runner/.m2/repository/org/jboss/resteasy/resteasy-client-api/6.2.12.Final/resteasy-client-api-6.2.12.Final.jar:/home/runner/.m2/repository/org/jboss/resteasy/resteasy-core-spi/6.2.12.Final/resteasy-core-spi-6.2.12.Final.jar:/home/runner/.m2/repository/org/jboss/resteasy/resteasy-core/6.2.12.Final/resteasy-core-6.2.12.Final.jar:/home/runner/.m2/repository/org/eclipse/angus/angus-activation/2.0.2/angus-activation-2.0.2.jar:/home/runner/.m2/repository/com/ibm/async/asyncutil/0.1.0/asyncutil-0.1.0.jar:/home/runner/.m2/repository/org/reactivestreams/reactive-streams/1.0.4/reactive-streams-1.0.4.jar:/home/runner/.m2/repository/org/jboss/resteasy/resteasy-multipart-provider/6.2.12.Final/resteasy-multipart-provider-6.2.12.Final.jar:/home/runner/.m2/repository/jakarta/mail/jakarta.mail-api/2.1.3/jakarta.mail-api-2.1.3.jar:/home/runner/.m2/repository/org/eclipse/angus/angus-mail/2.0.3/angus-mail-2.0.3.jar:/home/runner/.m2/repository/org/apache/james/apache-mime4j-dom/0.8.12/apache-mime4j-dom-0.8.12.jar:/home/runner/.m2/repository/org/apache/james/apache-mime4j-core/0.8.12/apache-mime4j-core-0.8.12.jar:/home/runner/.m2/repository/org/apache/james/apache-mime4j-storage/0.8.12/apache-mime4j-storage-0.8.12.jar:/home/runner/.m2/repository/org/jboss/resteasy/resteasy-jackson2-provider/6.2.12.Final/resteasy-jackson2-provider-6.2.12.Final.jar:/home/runner/.m2/repository/com/fasterxml/jackson/jakarta/rs/jackson-jakarta-rs-base/2.18.2/jackson-jakarta-rs-base-2.18.2.jar:/home/runner/.m2/repository/com/fasterxml/jackson/jakarta/rs/jackson-jakarta-rs-json-provider/2.18.2/jackson-jakarta-rs-json-provider-2.18.2.jar:/home/runner/.m2/repository/com/fasterxml/jackson/module/jackson-module-jakarta-xmlbind-annotations/2.18.2/jackson-module-jakarta-xmlbind-annotations-2.18.2.jar:/home/runner/.m2/repository/com/github/java-json-tools/json-patch/1.13/json-patch-1.13.jar:/home/runner/.m2/repository/com/github/java-json-tools/msg-simple/1.2/msg-simple-1.2.jar:/home/runner/.m2/repository/com/github/java-json-tools/btf/1.3/btf-1.3.jar:/home/runner/.m2/repository/com/github/java-json-tools/jackson-coreutils/2.0/jackson-coreutils-2.0.jar:/home/runner/.m2/repository/org/jboss/resteasy/resteasy-jaxb-provider/6.2.12.Final/resteasy-jaxb-provider-6.2.12.Final.jar:/home/runner/.m2/repository/org/glassfish/jaxb/codemodel/4.0.5/codemodel-4.0.5.jar:/home/runner/.m2/repository/org/glassfish/jaxb/jaxb-core/4.0.5/jaxb-core-4.0.5.jar:/home/runner/.m2/repository/org/glassfish/jaxb/jaxb-jxc/4.0.5/jaxb-jxc-4.0.5.jar:/home/runner/.m2/repository/org/glassfish/jaxb/jaxb-runtime/4.0.5/jaxb-runtime-4.0.5.jar:/home/runner/.m2/repository/org/glassfish/jaxb/txw2/4.0.5/txw2-4.0.5.jar:/home/runner/.m2/repository/org/glassfish/jaxb/jaxb-xjc/4.0.5/jaxb-xjc-4.0.5.jar:/home/runner/.m2/repository/org/glassfish/jaxb/xsom/4.0.5/xsom-4.0.5.jar:/home/runner/.m2/repository/com/sun/istack/istack-commons-runtime/4.1.2/istack-commons-runtime-4.1.2.jar:/home/runner/.m2/repository/com/sun/istack/istack-commons-tools/4.1.2/istack-commons-tools-4.1.2.jar:/home/runner/.m2/repository/com/sun/xml/bind/external/relaxng-datatype/4.0.5/relaxng-datatype-4.0.5.jar:/home/runner/.m2/repository/com/sun/xml/bind/external/rngom/4.0.5/rngom-4.0.5.jar:/home/runner/.m2/repository/org/testcontainers/mssqlserver/1.20.6/mssqlserver-1.20.6.jar:/home/runner/.m2/repository/org/testcontainers/jdbc/1.20.6/jdbc-1.20.6.jar:/home/runner/.m2/repository/org/testcontainers/database-commons/1.20.6/database-commons-1.20.6.jar:/home/runner/.m2/repository/org/testcontainers/mysql/1.20.6/mysql-1.20.6.jar:/home/runner/.m2/repository/io/strimzi/strimzi-test-container/0.111.0/strimzi-test-container-0.111.0.jar:/home/runner/.m2/repository/org/testcontainers/toxiproxy/1.20.6/toxiproxy-1.20.6.jar:/home/runner/.m2/repository/com/github/docker-java/docker-java-api/3.4.1/docker-java-api-3.4.1.jar:/home/runner/.m2/repository/org/apache/logging/log4j/log4j-slf4j-impl/2.19.0/log4j-slf4j-impl-2.19.0.jar:/home/runner/.m2/repository/org/apache/logging/log4j/log4j-api/2.24.3/log4j-api-2.24.3.jar:/home/runner/.m2/repository/org/apache/logging/log4j/log4j-core/2.19.0/log4j-core-2.19.0.jar:/home/runner/.m2/repository/eu/rekawek/toxiproxy/toxiproxy-java/2.1.7/toxiproxy-java-2.1.7.jar:/home/runner/.m2/repository/org/testcontainers/pulsar/1.21.3/pulsar-1.21.3.jar:/home/runner/.m2/repository/io/debezium/debezium-testing-testcontainers/2.7.4.Final/debezium-testing-testcontainers-2.7.4.Final.jar:/home/runner/.m2/repository/org/testcontainers/kafka/1.20.6/kafka-1.20.6.jar:/home/runner/.m2/repository/com/squareup/okhttp3/okhttp/4.8.1/okhttp-4.8.1.jar:/home/runner/.m2/repository/com/squareup/okio/okio/3.10.2/okio-3.10.2.jar:/home/runner/.m2/repository/com/squareup/okio/okio-jvm/3.10.2/okio-jvm-3.10.2.jar:/home/runner/.m2/repository/org/jetbrains/kotlin/kotlin-stdlib/2.0.21/kotlin-stdlib-2.0.21.jar:/home/runner/.m2/repository/org/awaitility/awaitility/4.3.0/awaitility-4.3.0.jar:/home/runner/.m2/repository/org/testcontainers/mongodb/1.20.6/mongodb-1.20.6.jar:/home/runner/.m2/repository/org/testcontainers/mariadb/1.20.6/mariadb-1.20.6.jar:/home/runner/.m2/repository/org/testcontainers/oracle-xe/1.20.6/oracle-xe-1.20.6.jar:/home/runner/.m2/repository/org/testcontainers/postgresql/1.20.6/postgresql-1.20.6.jar:/home/runner/.m2/repository/org/wiremock/wiremock/3.0.1/wiremock-3.0.1.jar:/home/runner/.m2/repository/org/eclipse/jetty/jetty-server/11.0.15/jetty-server-11.0.15.jar:/home/runner/.m2/repository/org/eclipse/jetty/toolchain/jetty-jakarta-servlet-api/5.0.2/jetty-jakarta-servlet-api-5.0.2.jar:/home/runner/.m2/repository/org/eclipse/jetty/jetty-http/11.0.15/jetty-http-11.0.15.jar:/home/runner/.m2/repository/org/eclipse/jetty/jetty-io/11.0.15/jetty-io-11.0.15.jar:/home/runner/.m2/repository/org/eclipse/jetty/jetty-servlet/11.0.15/jetty-servlet-11.0.15.jar:/home/runner/.m2/repository/org/eclipse/jetty/jetty-security/11.0.15/jetty-security-11.0.15.jar:/home/runner/.m2/repository/org/eclipse/jetty/jetty-servlets/11.0.15/jetty-servlets-11.0.15.jar:/home/runner/.m2/repository/org/eclipse/jetty/jetty-util/11.0.15/jetty-util-11.0.15.jar:/home/runner/.m2/repository/org/eclipse/jetty/jetty-webapp/11.0.15/jetty-webapp-11.0.15.jar:/home/runner/.m2/repository/org/eclipse/jetty/jetty-xml/11.0.15/jetty-xml-11.0.15.jar:/home/runner/.m2/repository/org/eclipse/jetty/jetty-proxy/11.0.15/jetty-proxy-11.0.15.jar:/home/runner/.m2/repository/org/eclipse/jetty/jetty-client/11.0.15/jetty-client-11.0.15.jar:/home/runner/.m2/repository/org/eclipse/jetty/http2/http2-server/11.0.15/http2-server-11.0.15.jar:/home/runner/.m2/repository/org/eclipse/jetty/http2/http2-common/11.0.15/http2-common-11.0.15.jar:/home/runner/.m2/repository/org/eclipse/jetty/http2/http2-hpack/11.0.15/http2-hpack-11.0.15.jar:/home/runner/.m2/repository/org/eclipse/jetty/jetty-alpn-server/11.0.15/jetty-alpn-server-11.0.15.jar:/home/runner/.m2/repository/org/eclipse/jetty/jetty-alpn-java-server/11.0.15/jetty-alpn-java-server-11.0.15.jar:/home/runner/.m2/repository/org/eclipse/jetty/jetty-alpn-java-client/11.0.15/jetty-alpn-java-client-11.0.15.jar:/home/runner/.m2/repository/org/eclipse/jetty/jetty-alpn-client/11.0.15/jetty-alpn-client-11.0.15.jar:/home/runner/.m2/repository/org/apache/httpcomponents/client5/httpclient5/5.2.1/httpclient5-5.2.1.jar:/home/runner/.m2/repository/org/apache/httpcomponents/core5/httpcore5/5.2/httpcore5-5.2.jar:/home/runner/.m2/repository/org/apache/httpcomponents/core5/httpcore5-h2/5.2/httpcore5-h2-5.2.jar:/home/runner/.m2/repository/org/xmlunit/xmlunit-core/2.9.1/xmlunit-core-2.9.1.jar:/home/runner/.m2/repository/jakarta/xml/bind/jakarta.xml.bind-api/4.0.2/jakarta.xml.bind-api-4.0.2.jar:/home/runner/.m2/repository/org/xmlunit/xmlunit-legacy/2.9.1/xmlunit-legacy-2.9.1.jar:/home/runner/.m2/repository/org/xmlunit/xmlunit-placeholders/2.9.1/xmlunit-placeholders-2.9.1.jar:/home/runner/.m2/repository/net/javacrumbs/json-unit/json-unit-core/2.38.0/json-unit-core-2.38.0.jar:/home/runner/.m2/repository/org/hamcrest/hamcrest-core/2.2/hamcrest-core-2.2.jar:/home/runner/.m2/repository/com/jayway/jsonpath/json-path/2.8.0/json-path-2.8.0.jar:/home/runner/.m2/repository/net/minidev/json-smart/2.4.10/json-smart-2.4.10.jar:/home/runner/.m2/repository/net/minidev/accessors-smart/2.4.9/accessors-smart-2.4.9.jar:/home/runner/.m2/repository/org/ow2/asm/asm/9.7.1/asm-9.7.1.jar:/home/runner/.m2/repository/net/sf/jopt-simple/jopt-simple/5.0.4/jopt-simple-5.0.4.jar:/home/runner/.m2/repository/com/github/jknack/handlebars/4.3.1/handlebars-4.3.1.jar:/home/runner/.m2/repository/com/github/jknack/handlebars-helpers/4.3.1/handlebars-helpers-4.3.1.jar:/home/runner/.m2/repository/commons-fileupload/commons-fileupload/1.5/commons-fileupload-1.5.jar:/home/runner/.m2/repository/com/networknt/json-schema-validator/1.5.8/json-schema-validator-1.5.8.jar:/home/runner/.m2/repository/com/ethlo/time/itu/1.10.3/itu-1.10.3.jar:/home/runner/.m2/repository/io/quarkus/quarkus-smallrye-jwt-build/3.20.2/quarkus-smallrye-jwt-build-3.20.2.jar:/home/runner/.m2/repository/io/smallrye/smallrye-jwt-build/4.6.2/smallrye-jwt-build-4.6.2.jar:/home/runner/.m2/repository/org/eclipse/microprofile/jwt/microprofile-jwt-auth-api/2.1/microprofile-jwt-auth-api-2.1.jar:/home/runner/.m2/repository/org/bitbucket/b_c/jose4j/0.9.6/jose4j-0.9.6.jar:/home/runner/.m2/repository/io/smallrye/smallrye-jwt-common/4.6.2/smallrye-jwt-common-4.6.2.jar:/home/runner/.m2/repository/io/quarkus/quarkus-jsonp/3.20.2/quarkus-jsonp-3.20.2.jar:/home/runner/.m2/repository/io/quarkus/quarkus-arc/3.20.2/quarkus-arc-3.20.2.jar:/home/runner/.m2/repository/io/quarkus/arc/arc/3.20.2/arc-3.20.2.jar:/home/runner/.m2/repository/jakarta/transaction/jakarta.transaction-api/2.0.1/jakarta.transaction-api-2.0.1.jar:/home/runner/.m2/repository/io/smallrye/reactive/mutiny/2.9.2/mutiny-2.9.2.jar:/home/runner/.m2/repository/org/jctools/jctools-core/4.0.5/jctools-core-4.0.5.jar:/home/runner/.m2/repository/org/eclipse/microprofile/context-propagation/microprofile-context-propagation-api/1.3/microprofile-context-propagation-api-1.3.jar:/home/runner/.m2/repository/io/apicurio/apicurio-common-rest-client-common/0.1.18.Final/apicurio-common-rest-client-common-0.1.18.Final.jar:/home/runner/work/apicurio-testing/apicurio-testing/clusters/ci419/namespaces/mysql/tests/integration/apicurio-registry/utils/maven-plugin/target/apicurio-registry-maven-plugin-3.0.12-SNAPSHOT.jar:/home/runner/.m2/repository/com/fasterxml/jackson/core/jackson-databind/2.18.2/jackson-databind-2.18.2.jar:/home/runner/.m2/repository/org/apache/avro/avro/1.12.0/avro-1.12.0.jar:/home/runner/.m2/repository/com/google/protobuf/protobuf-java/4.31.1/protobuf-java-4.31.1.jar:/home/runner/.m2/repository/com/google/protobuf/protobuf-java-util/4.31.1/protobuf-java-util-4.31.1.jar:/home/runner/.m2/repository/com/google/code/findbugs/jsr305/3.0.2/jsr305-3.0.2.jar:/home/runner/.m2/repository/com/google/code/gson/gson/2.12.1/gson-2.12.1.jar:/home/runner/.m2/repository/com/google/errorprone/error_prone_annotations/2.36.0/error_prone_annotations-2.36.0.jar:/home/runner/.m2/repository/com/google/j2objc/j2objc-annotations/2.8/j2objc-annotations-2.8.jar:/home/runner/work/apicurio-testing/apicurio-testing/clusters/ci419/namespaces/mysql/tests/integration/apicurio-registry/schema-util/util-provider/target/apicurio-registry-schema-util-provider-3.0.12-SNAPSHOT.jar:/home/runner/work/apicurio-testing/apicurio-testing/clusters/ci419/namespaces/mysql/tests/integration/apicurio-registry/schema-util/common/target/apicurio-registry-schema-util-common-3.0.12-SNAPSHOT.jar:/home/runner/.m2/repository/com/fasterxml/jackson/module/jackson-module-parameter-names/2.18.2/jackson-module-parameter-names-2.18.2.jar:/home/runner/.m2/repository/com/fasterxml/jackson/datatype/jackson-datatype-json-org/2.18.2/jackson-datatype-json-org-2.18.2.jar:/home/runner/work/apicurio-testing/apicurio-testing/clusters/ci419/namespaces/mysql/tests/integration/apicurio-registry/schema-util/json/target/apicurio-registry-schema-util-json-3.0.12-SNAPSHOT.jar:/home/runner/.m2/repository/com/github/erosb/everit-json-schema/1.14.5/everit-json-schema-1.14.5.jar:/home/runner/.m2/repository/commons-validator/commons-validator/1.9.0/commons-validator-1.9.0.jar:/home/runner/.m2/repository/commons-digester/commons-digester/2.1/commons-digester-2.1.jar:/home/runner/.m2/repository/commons-collections/commons-collections/3.2.2/commons-collections-3.2.2.jar:/home/runner/.m2/repository/com/damnhandy/handy-uri-templates/2.1.8/handy-uri-templates-2.1.8.jar:/home/runner/.m2/repository/joda-time/joda-time/2.10.2/joda-time-2.10.2.jar:/home/runner/.m2/repository/com/github/erosb/json-sKema/0.20.0/json-sKema-0.20.0.jar:/home/runner/.m2/repository/io/vertx/vertx-json-schema/4.5.16/vertx-json-schema-4.5.16.jar:/home/runner/work/apicurio-testing/apicurio-testing/clusters/ci419/namespaces/mysql/tests/integration/apicurio-registry/schema-util/protobuf/target/apicurio-registry-schema-util-protobuf-3.0.12-SNAPSHOT.jar:/home/runner/work/apicurio-testing/apicurio-testing/clusters/ci419/namespaces/mysql/tests/integration/apicurio-registry/utils/protobuf-schema-utilities/target/apicurio-registry-protobuf-schema-utilities-3.0.12-SNAPSHOT.jar:/home/runner/.m2/repository/com/google/api/grpc/proto-google-common-protos/2.52.0/proto-google-common-protos-2.52.0.jar:/home/runner/.m2/repository/com/squareup/wire/wire-schema-jvm/5.3.3/wire-schema-jvm-5.3.3.jar:/home/runner/.m2/repository/com/palantir/javapoet/javapoet/0.6.0/javapoet-0.6.0.jar:/home/runner/.m2/repository/com/squareup/kotlinpoet-jvm/2.0.0/kotlinpoet-jvm-2.0.0.jar:/home/runner/.m2/repository/org/jetbrains/kotlin/kotlin-reflect/2.0.21/kotlin-reflect-2.0.21.jar:/home/runner/.m2/repository/com/squareup/wire/wire-runtime-jvm/5.3.3/wire-runtime-jvm-5.3.3.jar:/home/runner/.m2/repository/com/ibm/icu/icu4j/76.1/icu4j-76.1.jar:/home/runner/.m2/repository/com/squareup/okio/okio-fakefilesystem/3.10.2/okio-fakefilesystem-3.10.2.jar:/home/runner/.m2/repository/com/squareup/okio/okio-fakefilesystem-jvm/3.10.2/okio-fakefilesystem-jvm-3.10.2.jar:/home/runner/.m2/repository/org/jetbrains/kotlinx/kotlinx-datetime-jvm/0.6.1/kotlinx-datetime-jvm-0.6.1.jar:/home/runner/work/apicurio-testing/apicurio-testing/clusters/ci419/namespaces/mysql/tests/integration/apicurio-registry/schema-util/asyncapi/target/apicurio-registry-schema-util-asyncapi-3.0.12-SNAPSHOT.jar:/home/runner/work/apicurio-testing/apicurio-testing/clusters/ci419/namespaces/mysql/tests/integration/apicurio-registry/schema-util/avro/target/apicurio-registry-schema-util-avro-3.0.12-SNAPSHOT.jar:/home/runner/work/apicurio-testing/apicurio-testing/clusters/ci419/namespaces/mysql/tests/integration/apicurio-registry/schema-util/graphql/target/apicurio-registry-schema-util-graphql-3.0.12-SNAPSHOT.jar:/home/runner/.m2/repository/com/graphql-java/graphql-java/22.4/graphql-java-22.4.jar:/home/runner/.m2/repository/com/graphql-java/java-dataloader/3.3.0/java-dataloader-3.3.0.jar:/home/runner/work/apicurio-testing/apicurio-testing/clusters/ci419/namespaces/mysql/tests/integration/apicurio-registry/schema-util/kconnect/target/apicurio-registry-schema-util-kconnect-3.0.12-SNAPSHOT.jar:/home/runner/work/apicurio-testing/apicurio-testing/clusters/ci419/namespaces/mysql/tests/integration/apicurio-registry/schema-util/openapi/target/apicurio-registry-schema-util-openapi-3.0.12-SNAPSHOT.jar:/home/runner/.m2/repository/io/apicurio/apicurio-data-models/2.2.2/apicurio-data-models-2.2.2.jar:/home/runner/.m2/repository/org/openapitools/openapidiff/openapi-diff-core/2.1.2/openapi-diff-core-2.1.2.jar:/home/runner/.m2/repository/io/swagger/parser/v3/swagger-parser/2.1.28/swagger-parser-2.1.28.jar:/home/runner/.m2/repository/io/swagger/parser/v3/swagger-parser-v2-converter/2.1.28/swagger-parser-v2-converter-2.1.28.jar:/home/runner/.m2/repository/io/swagger/swagger-core/1.6.16/swagger-core-1.6.16.jar:/home/runner/.m2/repository/io/swagger/swagger-models/1.6.16/swagger-models-1.6.16.jar:/home/runner/.m2/repository/io/swagger/swagger-annotations/1.6.16/swagger-annotations-1.6.16.jar:/home/runner/.m2/repository/io/swagger/swagger-parser/1.0.75/swagger-parser-1.0.75.jar:/home/runner/.m2/repository/io/swagger/swagger-parser-safe-url-resolver/1.0.75/swagger-parser-safe-url-resolver-1.0.75.jar:/home/runner/.m2/repository/io/swagger/swagger-compat-spec-parser/1.0.75/swagger-compat-spec-parser-1.0.75.jar:/home/runner/.m2/repository/com/github/java-json-tools/json-schema-validator/2.2.14/json-schema-validator-2.2.14.jar:/home/runner/.m2/repository/com/github/java-json-tools/jackson-coreutils-equivalence/1.0/jackson-coreutils-equivalence-1.0.jar:/home/runner/.m2/repository/com/github/java-json-tools/json-schema-core/1.2.14/json-schema-core-1.2.14.jar:/home/runner/.m2/repository/com/github/java-json-tools/uri-template/0.10/uri-template-0.10.jar:/home/runner/.m2/repository/com/googlecode/libphonenumber/libphonenumber/8.11.1/libphonenumber-8.11.1.jar:/home/runner/.m2/repository/com/j2html/j2html/1.6.0/j2html-1.6.0.jar:/home/runner/.m2/repository/org/apache/commons/commons-collections4/4.5.0/commons-collections4-4.5.0.jar:/home/runner/.m2/repository/org/slf4j/jcl-over-slf4j/2.0.17/jcl-over-slf4j-2.0.17.jar:/home/runner/.m2/repository/io/swagger/parser/v3/swagger-parser-v3/2.1.31/swagger-parser-v3-2.1.31.jar:/home/runner/.m2/repository/io/swagger/core/v3/swagger-models/2.2.34/swagger-models-2.2.34.jar:/home/runner/.m2/repository/io/swagger/core/v3/swagger-core/2.2.34/swagger-core-2.2.34.jar:/home/runner/.m2/repository/io/swagger/parser/v3/swagger-parser-core/2.1.31/swagger-parser-core-2.1.31.jar:/home/runner/.m2/repository/io/swagger/parser/v3/swagger-parser-safe-url-resolver/2.1.31/swagger-parser-safe-url-resolver-2.1.31.jar:/home/runner/work/apicurio-testing/apicurio-testing/clusters/ci419/namespaces/mysql/tests/integration/apicurio-registry/schema-util/wsdl/target/apicurio-registry-schema-util-wsdl-3.0.12-SNAPSHOT.jar:/home/runner/.m2/repository/wsdl4j/wsdl4j/1.6.3/wsdl4j-1.6.3.jar:/home/runner/work/apicurio-testing/apicurio-testing/clusters/ci419/namespaces/mysql/tests/integration/apicurio-registry/schema-util/xml/target/apicurio-registry-schema-util-xml-3.0.12-SNAPSHOT.jar:/home/runner/.m2/repository/org/apache/santuario/xmlsec/4.0.4/xmlsec-4.0.4.jar:/home/runner/.m2/repository/com/fasterxml/woodstox/woodstox-core/7.1.1/woodstox-core-7.1.1.jar:/home/runner/.m2/repository/org/codehaus/woodstox/stax2-api/4.2.2/stax2-api-4.2.2.jar:/home/runner/work/apicurio-testing/apicurio-testing/clusters/ci419/namespaces/mysql/tests/integration/apicurio-registry/schema-util/xsd/target/apicurio-registry-schema-util-xsd-3.0.12-SNAPSHOT.jar:/home/runner/work/apicurio-testing/apicurio-testing/clusters/ci419/namespaces/mysql/tests/integration/apicurio-registry/serdes/kafka/jsonschema-serde/target/apicurio-registry-jsonschema-serde-kafka-3.0.12-SNAPSHOT.jar:/home/runner/work/apicurio-testing/apicurio-testing/clusters/ci419/namespaces/mysql/tests/integration/apicurio-registry/serdes/kafka/serde-kafka-common/target/apicurio-registry-serde-kafka-common-3.0.12-SNAPSHOT.jar:/home/runner/work/apicurio-testing/apicurio-testing/clusters/ci419/namespaces/mysql/tests/integration/apicurio-registry/serdes/generic/serde-common/target/apicurio-registry-serde-common-3.0.12-SNAPSHOT.jar:/home/runner/work/apicurio-testing/apicurio-testing/clusters/ci419/namespaces/mysql/tests/integration/apicurio-registry/serdes/generic/serde-common-jsonschema/target/apicurio-registry-serde-common-jsonschema-3.0.12-SNAPSHOT.jar:/home/runner/.m2/repository/org/json/json/20250107/json-20250107.jar:/home/runner/work/apicurio-testing/apicurio-testing/clusters/ci419/namespaces/mysql/tests/integration/apicurio-registry/serdes/kafka/avro-serde/target/apicurio-registry-avro-serde-kafka-3.0.12-SNAPSHOT.jar:/home/runner/work/apicurio-testing/apicurio-testing/clusters/ci419/namespaces/mysql/tests/integration/apicurio-registry/serdes/generic/serde-common-avro/target/apicurio-registry-serde-common-avro-3.0.12-SNAPSHOT.jar:/home/runner/work/apicurio-testing/apicurio-testing/clusters/ci419/namespaces/mysql/tests/integration/apicurio-registry/serdes/kafka/protobuf-serde/target/apicurio-registry-protobuf-serde-kafka-3.0.12-SNAPSHOT.jar:/home/runner/work/apicurio-testing/apicurio-testing/clusters/ci419/namespaces/mysql/tests/integration/apicurio-registry/serdes/generic/serde-common-protobuf/target/apicurio-registry-serde-common-protobuf-3.0.12-SNAPSHOT.jar:/home/runner/.m2/repository/com/squareup/wire/wire-schema/5.3.3/wire-schema-5.3.3.jar:/home/runner/.m2/repository/com/squareup/wire/wire-runtime/5.3.3/wire-runtime-5.3.3.jar:/home/runner/work/apicurio-testing/apicurio-testing/clusters/ci419/namespaces/mysql/tests/integration/apicurio-registry/serdes/pulsar/avro-serde/target/apicurio-registry-avro-serde-pulsar-3.0.12-SNAPSHOT.jar:/home/runner/.m2/repository/org/apache/pulsar/pulsar-functions-api/3.3.8/pulsar-functions-api-3.3.8.jar:/home/runner/work/apicurio-testing/apicurio-testing/clusters/ci419/namespaces/mysql/tests/integration/apicurio-registry/serdes/nats/avro-serde/target/apicurio-registry-avro-serde-nats-3.0.12-SNAPSHOT.jar:/home/runner/.m2/repository/io/nats/jnats/2.21.4/jnats-2.21.4.jar:/home/runner/.m2/repository/org/bouncycastle/bcprov-lts8on/2.73.7/bcprov-lts8on-2.73.7.jar:/home/runner/.m2/repository/org/jetbrains/annotations/26.0.2/annotations-26.0.2.jar:/home/runner/work/apicurio-testing/apicurio-testing/clusters/ci419/namespaces/mysql/tests/integration/apicurio-registry/utils/converter/target/apicurio-registry-utils-converter-3.0.12-SNAPSHOT.jar:/home/runner/work/apicurio-testing/apicurio-testing/clusters/ci419/namespaces/mysql/tests/integration/apicurio-registry/schema-resolver/target/apicurio-registry-schema-resolver-3.0.12-SNAPSHOT.jar:/home/runner/.m2/repository/org/apache/kafka/connect-api/3.9.1/connect-api-3.9.1.jar:/home/runner/.m2/repository/javax/ws/rs/javax.ws.rs-api/2.1.1/javax.ws.rs-api-2.1.1.jar:/home/runner/.m2/repository/org/apache/kafka/connect-json/3.9.1/connect-json-3.9.1.jar:/home/runner/.m2/repository/com/fasterxml/jackson/datatype/jackson-datatype-jdk8/2.18.2/jackson-datatype-jdk8-2.18.2.jar:/home/runner/.m2/repository/com/fasterxml/jackson/module/jackson-module-afterburner/2.18.2/jackson-module-afterburner-2.18.2.jar:/home/runner/work/apicurio-testing/apicurio-testing/clusters/ci419/namespaces/mysql/tests/integration/apicurio-registry/utils/kafka/target/apicurio-registry-utils-kafka-3.0.12-SNAPSHOT.jar:/home/runner/.m2/repository/org/apache/pulsar/pulsar-client/3.3.8/pulsar-client-3.3.8.jar:/home/runner/.m2/repository/org/apache/pulsar/pulsar-client-api/3.3.8/pulsar-client-api-3.3.8.jar:/home/runner/.m2/repository/org/apache/pulsar/pulsar-client-admin-api/3.3.8/pulsar-client-admin-api-3.3.8.jar:/home/runner/.m2/repository/org/apache/pulsar/bouncy-castle-bc/3.3.8/bouncy-castle-bc-3.3.8-pkg.jar:/home/runner/.m2/repository/org/bouncycastle/bcpkix-jdk18on/1.81/bcpkix-jdk18on-1.81.jar:/home/runner/.m2/repository/org/bouncycastle/bcutil-jdk18on/1.81/bcutil-jdk18on-1.81.jar:/home/runner/.m2/repository/org/bouncycastle/bcprov-jdk18on/1.81/bcprov-jdk18on-1.81.jar:/home/runner/.m2/repository/io/opentelemetry/opentelemetry-api/1.44.1/opentelemetry-api-1.44.1.jar:/home/runner/.m2/repository/io/opentelemetry/opentelemetry-context/1.44.1/opentelemetry-context-1.44.1.jar:/home/runner/.m2/repository/io/opentelemetry/opentelemetry-api-incubator/1.44.1-alpha/opentelemetry-api-incubator-1.44.1-alpha.jar:/home/runner/.m2/repository/com/fasterxml/jackson/core/jackson-annotations/2.18.2/jackson-annotations-2.18.2.jar:/home/runner/.m2/repository/javax/validation/validation-api/1.1.0.Final/validation-api-1.1.0.Final.jar:/home/runner/.m2/repository/org/jspecify/jspecify/1.0.0/jspecify-1.0.0.jar:/home/runner/.m2/repository/org/apache/commons/commons-configuration2/2.12.0/commons-configuration2-2.12.0.jar:/home/runner/.m2/repository/commons-logging/commons-logging/1.3.5/commons-logging-1.3.5.jar:/home/runner/.m2/repository/org/apache/commons/commons-text/1.13.0/commons-text-1.13.0.jar:/home/runner/.m2/repository/io/confluent/kafka-avro-serializer/8.0.0/kafka-avro-serializer-8.0.0.jar:/home/runner/.m2/repository/org/apache/commons/commons-compress/1.27.1/commons-compress-1.27.1.jar:/home/runner/.m2/repository/io/confluent/kafka-schema-serializer/8.0.0/kafka-schema-serializer-8.0.0.jar:/home/runner/.m2/repository/com/fasterxml/jackson/dataformat/jackson-dataformat-csv/2.18.2/jackson-dataformat-csv-2.18.2.jar:/home/runner/.m2/repository/io/confluent/kafka-schema-registry-client/8.0.0/kafka-schema-registry-client-8.0.0.jar:/home/runner/.m2/repository/org/yaml/snakeyaml/2.3/snakeyaml-2.3.jar:/home/runner/.m2/repository/io/swagger/core/v3/swagger-annotations/2.2.29/swagger-annotations-2.2.29.jar:/home/runner/.m2/repository/com/google/guava/guava/33.4.0-jre/guava-33.4.0-jre.jar:/home/runner/.m2/repository/com/google/guava/failureaccess/1.0.1/failureaccess-1.0.1.jar:/home/runner/.m2/repository/org/checkerframework/checker-qual/3.49.0/checker-qual-3.49.0.jar:/home/runner/.m2/repository/io/confluent/logredactor/1.0.13/logredactor-1.0.13.jar:/home/runner/.m2/repository/com/google/re2j/re2j/1.6/re2j-1.6.jar:/home/runner/.m2/repository/io/confluent/logredactor-metrics/1.0.13/logredactor-metrics-1.0.13.jar:/home/runner/.m2/repository/com/eclipsesource/minimal-json/minimal-json/0.9.5/minimal-json-0.9.5.jar:/home/runner/.m2/repository/io/confluent/common-utils/8.0.0/common-utils-8.0.0.jar:/home/runner/.m2/repository/io/confluent/kafka-connect-avro-converter/8.0.0/kafka-connect-avro-converter-8.0.0.jar:/home/runner/.m2/repository/io/confluent/kafka-connect-avro-data/8.0.0/kafka-connect-avro-data-8.0.0.jar:/home/runner/.m2/repository/io/confluent/kafka-schema-converter/8.0.0/kafka-schema-converter-8.0.0.jar:/home/runner/.m2/repository/io/rest-assured/rest-assured/5.5.1/rest-assured-5.5.1.jar:/home/runner/.m2/repository/org/apache/groovy/groovy/4.0.22/groovy-4.0.22.jar:/home/runner/.m2/repository/org/apache/groovy/groovy-xml/4.0.22/groovy-xml-4.0.22.jar:/home/runner/.m2/repository/org/apache/httpcomponents/httpclient/4.5.14/httpclient-4.5.14.jar:/home/runner/.m2/repository/org/apache/httpcomponents/httpcore/4.4.16/httpcore-4.4.16.jar:/home/runner/.m2/repository/org/apache/httpcomponents/httpmime/4.5.14/httpmime-4.5.14.jar:/home/runner/.m2/repository/org/hamcrest/hamcrest/2.2/hamcrest-2.2.jar:/home/runner/.m2/repository/org/ccil/cowan/tagsoup/tagsoup/1.2.1/tagsoup-1.2.1.jar:/home/runner/.m2/repository/io/rest-assured/json-path/5.5.1/json-path-5.5.1.jar:/home/runner/.m2/repository/org/apache/groovy/groovy-json/4.0.22/groovy-json-4.0.22.jar:/home/runner/.m2/repository/io/rest-assured/rest-assured-common/5.5.1/rest-assured-common-5.5.1.jar:/home/runner/.m2/repository/io/rest-assured/xml-path/5.5.1/xml-path-5.5.1.jar:/home/runner/.m2/repository/io/zonky/test/embedded-postgres/2.1.0/embedded-postgres-2.1.0.jar:/home/runner/.m2/repository/io/zonky/test/postgres/embedded-postgres-binaries-windows-amd64/14.15.0/embedded-postgres-binaries-windows-amd64-14.15.0.jar:/home/runner/.m2/repository/io/zonky/test/postgres/embedded-postgres-binaries-darwin-amd64/14.15.0/embedded-postgres-binaries-darwin-amd64-14.15.0.jar:/home/runner/.m2/repository/io/zonky/test/postgres/embedded-postgres-binaries-linux-amd64/14.15.0/embedded-postgres-binaries-linux-amd64-14.15.0.jar:/home/runner/.m2/repository/io/zonky/test/postgres/embedded-postgres-binaries-linux-amd64-alpine/14.15.0/embedded-postgres-binaries-linux-amd64-alpine-14.15.0.jar:/home/runner/.m2/repository/org/apache/commons/commons-lang3/3.17.0/commons-lang3-3.17.0.jar:/home/runner/.m2/repository/org/tukaani/xz/1.10/xz-1.10.jar:/home/runner/.m2/repository/commons-codec/commons-codec/1.19.0/commons-codec-1.19.0.jar:/home/runner/.m2/repository/org/postgresql/postgresql/42.7.7/postgresql-42.7.7.jar:/home/runner/.m2/repository/commons-io/commons-io/2.18.0/commons-io-2.18.0.jar:/home/runner/work/apicurio-testing/apicurio-testing/clusters/ci419/namespaces/mysql/tests/integration/apicurio-registry/utils/importexport/target/apicurio-registry-utils-import-export-3.0.12-SNAPSHOT.jar:/home/runner/.m2/repository/io/vertx/vertx-core/4.5.16/vertx-core-4.5.16.jar:/home/runner/.m2/repository/io/netty/netty-common/4.1.121.Final/netty-common-4.1.121.Final.jar:/home/runner/.m2/repository/io/netty/netty-buffer/4.1.121.Final/netty-buffer-4.1.121.Final.jar:/home/runner/.m2/repository/io/netty/netty-transport/4.1.121.Final/netty-transport-4.1.121.Final.jar:/home/runner/.m2/repository/io/netty/netty-handler/4.1.121.Final/netty-handler-4.1.121.Final.jar:/home/runner/.m2/repository/io/netty/netty-transport-native-unix-common/4.1.121.Final/netty-transport-native-unix-common-4.1.121.Final.jar:/home/runner/.m2/repository/io/netty/netty-codec/4.1.121.Final/netty-codec-4.1.121.Final.jar:/home/runner/.m2/repository/io/netty/netty-handler-proxy/4.1.121.Final/netty-handler-proxy-4.1.121.Final.jar:/home/runner/.m2/repository/io/netty/netty-codec-socks/4.1.121.Final/netty-codec-socks-4.1.121.Final.jar:/home/runner/.m2/repository/io/netty/netty-codec-http/4.1.121.Final/netty-codec-http-4.1.121.Final.jar:/home/runner/.m2/repository/io/netty/netty-codec-http2/4.1.121.Final/netty-codec-http2-4.1.121.Final.jar:/home/runner/.m2/repository/io/netty/netty-resolver/4.1.121.Final/netty-resolver-4.1.121.Final.jar:/home/runner/.m2/repository/io/netty/netty-resolver-dns/4.1.121.Final/netty-resolver-dns-4.1.121.Final.jar:/home/runner/.m2/repository/io/netty/netty-codec-dns/4.1.121.Final/netty-codec-dns-4.1.121.Final.jar:/home/runner/.m2/repository/com/fasterxml/jackson/core/jackson-core/2.18.2/jackson-core-2.18.2.jar:"/>
    <property name="java.vm.vendor" value="Eclipse Adoptium"/>
    <property name="maven.javadoc.skip" value="true"/>
    <property name="sun.arch.data.model" value="64"/>
    <property name="java.vendor.url" value="https://adoptium.net/"/>
    <property name="user.timezone" value="Etc/UTC"/>
    <property name="os.name" value="Linux"/>
    <property name="java.vm.specification.version" value="17"/>
    <property name="sun.java.launcher" value="SUN_STANDARD"/>
    <property name="quarkus.http.test-port" value="80"/>
    <property name="sun.boot.library.path" value="/usr/lib/jvm/temurin-17-jdk-amd64/lib"/>
    <property name="sun.java.command" value="/home/runner/work/apicurio-testing/apicurio-testing/clusters/ci419/namespaces/mysql/tests/integration/apicurio-registry/integration-tests/target/surefire/surefirebooter-20250813164125806_3.jar /home/runner/work/apicurio-testing/apicurio-testing/clusters/ci419/namespaces/mysql/tests/integration/apicurio-registry/integration-tests/target/surefire 2025-08-13T16-41-25_687-jvmRun1 surefire-20250813164125806_1tmp surefire_0-20250813164125806_2tmp"/>
    <property name="maven.home" value="/home/runner/.m2/wrapper/dists/apache-maven-3.9.8-bin/4fnp1ql35bgk2a0p7m31ovbgb0/apache-maven-3.9.8"/>
    <property name="jdk.debug" value="release"/>
    <property name="surefire.test.class.path" value="/home/runner/work/apicurio-testing/apicurio-testing/clusters/ci419/namespaces/mysql/tests/integration/apicurio-registry/integration-tests/target/test-classes:/home/runner/work/apicurio-testing/apicurio-testing/clusters/ci419/namespaces/mysql/tests/integration/apicurio-registry/integration-tests/target/apicurio-registry-integration-tests-3.0.12-SNAPSHOT.jar:/home/runner/.m2/repository/io/quarkus/quarkus-junit5/3.20.2/quarkus-junit5-3.20.2.jar:/home/runner/.m2/repository/io/quarkus/quarkus-bootstrap-core/3.20.2/quarkus-bootstrap-core-3.20.2.jar:/home/runner/.m2/repository/io/quarkus/quarkus-classloader-commons/3.20.2/quarkus-classloader-commons-3.20.2.jar:/home/runner/.m2/repository/io/quarkus/quarkus-bootstrap-app-model/3.20.2/quarkus-bootstrap-app-model-3.20.2.jar:/home/runner/.m2/repository/io/smallrye/common/smallrye-common-io/2.12.0/smallrye-common-io-2.12.0.jar:/home/runner/.m2/repository/org/eclipse/sisu/org.eclipse.sisu.inject/0.9.0.M3/org.eclipse.sisu.inject-0.9.0.M3.jar:/home/runner/.m2/repository/io/quarkus/quarkus-test-common/3.20.2/quarkus-test-common-3.20.2.jar:/home/runner/.m2/repository/io/quarkus/quarkus-core-deployment/3.20.2/quarkus-core-deployment-3.20.2.jar:/home/runner/.m2/repository/org/aesh/readline/2.6/readline-2.6.jar:/home/runner/.m2/repository/org/fusesource/jansi/jansi/2.4.0/jansi-2.4.0.jar:/home/runner/.m2/repository/org/aesh/aesh/2.8.2/aesh-2.8.2.jar:/home/runner/.m2/repository/io/quarkus/gizmo/gizmo/1.8.0/gizmo-1.8.0.jar:/home/runner/.m2/repository/org/ow2/asm/asm-util/9.7.1/asm-util-9.7.1.jar:/home/runner/.m2/repository/org/ow2/asm/asm-analysis/9.7.1/asm-analysis-9.7.1.jar:/home/runner/.m2/repository/org/ow2/asm/asm-commons/9.7.1/asm-commons-9.7.1.jar:/home/runner/.m2/repository/org/ow2/asm/asm-tree/9.7.1/asm-tree-9.7.1.jar:/home/runner/.m2/repository/io/quarkus/quarkus-hibernate-validator-spi/3.20.2/quarkus-hibernate-validator-spi-3.20.2.jar:/home/runner/.m2/repository/io/quarkus/quarkus-class-change-agent/3.20.2/quarkus-class-change-agent-3.20.2.jar:/home/runner/.m2/repository/io/quarkus/quarkus-devtools-utilities/3.20.2/quarkus-devtools-utilities-3.20.2.jar:/home/runner/.m2/repository/io/quarkus/quarkus-builder/3.20.2/quarkus-builder-3.20.2.jar:/home/runner/.m2/repository/org/graalvm/sdk/nativeimage/23.1.2/nativeimage-23.1.2.jar:/home/runner/.m2/repository/org/graalvm/sdk/word/23.1.2/word-23.1.2.jar:/home/runner/.m2/repository/io/quarkus/quarkus-bootstrap-maven-resolver/3.20.2/quarkus-bootstrap-maven-resolver-3.20.2.jar:/home/runner/.m2/repository/io/smallrye/beanbag/smallrye-beanbag-maven/1.5.2/smallrye-beanbag-maven-1.5.2.jar:/home/runner/.m2/repository/io/smallrye/beanbag/smallrye-beanbag-sisu/1.5.2/smallrye-beanbag-sisu-1.5.2.jar:/home/runner/.m2/repository/io/smallrye/beanbag/smallrye-beanbag/1.5.2/smallrye-beanbag-1.5.2.jar:/home/runner/.m2/repository/javax/inject/javax.inject/1/javax.inject-1.jar:/home/runner/.m2/repository/org/apache/maven/maven-artifact/3.9.9/maven-artifact-3.9.9.jar:/home/runner/.m2/repository/org/apache/maven/maven-builder-support/3.9.9/maven-builder-support-3.9.9.jar:/home/runner/.m2/repository/org/apache/maven/maven-model/3.9.9/maven-model-3.9.9.jar:/home/runner/.m2/repository/org/apache/maven/maven-model-builder/3.9.9/maven-model-builder-3.9.9.jar:/home/runner/.m2/repository/org/apache/maven/maven-repository-metadata/3.9.9/maven-repository-metadata-3.9.9.jar:/home/runner/.m2/repository/org/apache/maven/maven-settings/3.9.9/maven-settings-3.9.9.jar:/home/runner/.m2/repository/org/apache/maven/resolver/maven-resolver-api/1.9.22/maven-resolver-api-1.9.22.jar:/home/runner/.m2/repository/org/apache/maven/resolver/maven-resolver-impl/1.9.22/maven-resolver-impl-1.9.22.jar:/home/runner/.m2/repository/org/apache/maven/resolver/maven-resolver-named-locks/1.9.22/maven-resolver-named-locks-1.9.22.jar:/home/runner/.m2/repository/org/apache/maven/resolver/maven-resolver-spi/1.9.22/maven-resolver-spi-1.9.22.jar:/home/runner/.m2/repository/org/apache/maven/resolver/maven-resolver-util/1.9.22/maven-resolver-util-1.9.22.jar:/home/runner/.m2/repository/org/apache/maven/resolver/maven-resolver-transport-http/1.9.20/maven-resolver-transport-http-1.9.20.jar:/home/runner/.m2/repository/org/apache/maven/wagon/wagon-provider-api/3.5.3/wagon-provider-api-3.5.3.jar:/home/runner/.m2/repository/org/apache/maven/wagon/wagon-http-shared/3.5.3/wagon-http-shared-3.5.3.jar:/home/runner/.m2/repository/org/codehaus/plexus/plexus-interpolation/1.26/plexus-interpolation-1.26.jar:/home/runner/.m2/repository/org/codehaus/plexus/plexus-utils/3.5.1/plexus-utils-3.5.1.jar:/home/runner/.m2/repository/org/codehaus/plexus/plexus-xml/4.0.1/plexus-xml-4.0.1.jar:/home/runner/.m2/repository/org/apache/maven/maven-xml-impl/4.0.0-alpha-5/maven-xml-impl-4.0.0-alpha-5.jar:/home/runner/.m2/repository/org/apache/maven/maven-api-xml/4.0.0-alpha-5/maven-api-xml-4.0.0-alpha-5.jar:/home/runner/.m2/repository/org/apache/maven/maven-api-meta/4.0.0-alpha-5/maven-api-meta-4.0.0-alpha-5.jar:/home/runner/.m2/repository/org/codehaus/plexus/plexus-cipher/2.0/plexus-cipher-2.0.jar:/home/runner/.m2/repository/org/codehaus/plexus/plexus-sec-dispatcher/2.0/plexus-sec-dispatcher-2.0.jar:/home/runner/.m2/repository/org/apache/maven/maven-embedder/3.9.9/maven-embedder-3.9.9.jar:/home/runner/.m2/repository/org/apache/maven/maven-core/3.9.9/maven-core-3.9.9.jar:/home/runner/.m2/repository/org/codehaus/plexus/plexus-component-annotations/2.1.0/plexus-component-annotations-2.1.0.jar:/home/runner/.m2/repository/org/apache/maven/maven-plugin-api/3.9.9/maven-plugin-api-3.9.9.jar:/home/runner/.m2/repository/org/apache/maven/shared/maven-shared-utils/3.4.2/maven-shared-utils-3.4.2.jar:/home/runner/.m2/repository/com/google/inject/guice/5.1.0/guice-5.1.0.jar:/home/runner/.m2/repository/aopalliance/aopalliance/1.0/aopalliance-1.0.jar:/home/runner/.m2/repository/org/codehaus/plexus/plexus-classworlds/2.6.0/plexus-classworlds-2.6.0.jar:/home/runner/.m2/repository/commons-cli/commons-cli/1.8.0/commons-cli-1.8.0.jar:/home/runner/.m2/repository/org/eclipse/sisu/org.eclipse.sisu.plexus/0.9.0.M3/org.eclipse.sisu.plexus-0.9.0.M3.jar:/home/runner/.m2/repository/org/apache/maven/maven-settings-builder/3.9.9/maven-settings-builder-3.9.9.jar:/home/runner/.m2/repository/org/apache/maven/maven-resolver-provider/3.9.9/maven-resolver-provider-3.9.9.jar:/home/runner/.m2/repository/org/apache/maven/resolver/maven-resolver-connector-basic/1.9.22/maven-resolver-connector-basic-1.9.22.jar:/home/runner/.m2/repository/org/apache/maven/resolver/maven-resolver-transport-wagon/1.9.22/maven-resolver-transport-wagon-1.9.22.jar:/home/runner/.m2/repository/org/apache/maven/wagon/wagon-http/3.5.3/wagon-http-3.5.3.jar:/home/runner/.m2/repository/org/apache/maven/wagon/wagon-file/3.5.3/wagon-file-3.5.3.jar:/home/runner/.m2/repository/io/quarkus/quarkus-bootstrap-gradle-resolver/3.20.2/quarkus-bootstrap-gradle-resolver-3.20.2.jar:/home/runner/.m2/repository/io/smallrye/jandex/3.3.0/jandex-3.3.0.jar:/home/runner/.m2/repository/org/jboss/logging/commons-logging-jboss-logging/1.0.0.Final/commons-logging-jboss-logging-1.0.0.Final.jar:/home/runner/.m2/repository/io/quarkus/quarkus-junit5-config/3.20.2/quarkus-junit5-config-3.20.2.jar:/home/runner/.m2/repository/org/junit/jupiter/junit-jupiter-api/5.12.1/junit-jupiter-api-5.12.1.jar:/home/runner/.m2/repository/io/smallrye/config/smallrye-config/3.11.4/smallrye-config-3.11.4.jar:/home/runner/.m2/repository/io/smallrye/config/smallrye-config-core/3.11.4/smallrye-config-core-3.11.4.jar:/home/runner/.m2/repository/io/smallrye/common/smallrye-common-classloader/2.12.0/smallrye-common-classloader-2.12.0.jar:/home/runner/.m2/repository/io/smallrye/config/smallrye-config-common/3.11.4/smallrye-config-common-3.11.4.jar:/home/runner/.m2/repository/org/junit/jupiter/junit-jupiter/5.12.1/junit-jupiter-5.12.1.jar:/home/runner/.m2/repository/org/junit/jupiter/junit-jupiter-params/5.12.1/junit-jupiter-params-5.12.1.jar:/home/runner/.m2/repository/org/junit/jupiter/junit-jupiter-engine/5.12.1/junit-jupiter-engine-5.12.1.jar:/home/runner/.m2/repository/io/quarkus/quarkus-core/3.20.2/quarkus-core-3.20.2.jar:/home/runner/.m2/repository/jakarta/enterprise/jakarta.enterprise.cdi-api/4.1.0/jakarta.enterprise.cdi-api-4.1.0.jar:/home/runner/.m2/repository/jakarta/enterprise/jakarta.enterprise.lang-model/4.1.0/jakarta.enterprise.lang-model-4.1.0.jar:/home/runner/.m2/repository/jakarta/el/jakarta.el-api/5.0.1/jakarta.el-api-5.0.1.jar:/home/runner/.m2/repository/jakarta/interceptor/jakarta.interceptor-api/2.2.0/jakarta.interceptor-api-2.2.0.jar:/home/runner/.m2/repository/jakarta/inject/jakarta.inject-api/2.0.1/jakarta.inject-api-2.0.1.jar:/home/runner/.m2/repository/io/smallrye/common/smallrye-common-os/2.12.0/smallrye-common-os-2.12.0.jar:/home/runner/.m2/repository/io/quarkus/quarkus-ide-launcher/3.20.2/quarkus-ide-launcher-3.20.2.jar:/home/runner/.m2/repository/io/quarkus/quarkus-development-mode-spi/3.20.2/quarkus-development-mode-spi-3.20.2.jar:/home/runner/.m2/repository/org/jboss/logging/jboss-logging/3.6.1.Final/jboss-logging-3.6.1.Final.jar:/home/runner/.m2/repository/org/jboss/logmanager/jboss-logmanager/3.1.2.Final/jboss-logmanager-3.1.2.Final.jar:/home/runner/.m2/repository/io/smallrye/common/smallrye-common-constraint/2.12.0/smallrye-common-constraint-2.12.0.jar:/home/runner/.m2/repository/io/smallrye/common/smallrye-common-cpu/2.12.0/smallrye-common-cpu-2.12.0.jar:/home/runner/.m2/repository/io/smallrye/common/smallrye-common-expression/2.12.0/smallrye-common-expression-2.12.0.jar:/home/runner/.m2/repository/io/smallrye/common/smallrye-common-net/2.12.0/smallrye-common-net-2.12.0.jar:/home/runner/.m2/repository/io/smallrye/common/smallrye-common-ref/2.12.0/smallrye-common-ref-2.12.0.jar:/home/runner/.m2/repository/jakarta/json/jakarta.json-api/2.1.3/jakarta.json-api-2.1.3.jar:/home/runner/.m2/repository/org/eclipse/parsson/parsson/1.1.7/parsson-1.1.7.jar:/home/runner/.m2/repository/org/jboss/logging/jboss-logging-annotations/3.0.4.Final/jboss-logging-annotations-3.0.4.Final.jar:/home/runner/.m2/repository/org/jboss/threads/jboss-threads/3.8.0.Final/jboss-threads-3.8.0.Final.jar:/home/runner/.m2/repository/io/smallrye/common/smallrye-common-annotation/2.12.0/smallrye-common-annotation-2.12.0.jar:/home/runner/.m2/repository/io/smallrye/common/smallrye-common-function/2.12.0/smallrye-common-function-2.12.0.jar:/home/runner/.m2/repository/org/jboss/slf4j/slf4j-jboss-logmanager/2.0.0.Final/slf4j-jboss-logmanager-2.0.0.Final.jar:/home/runner/.m2/repository/org/wildfly/common/wildfly-common/2.0.1/wildfly-common-2.0.1.jar:/home/runner/.m2/repository/io/quarkus/quarkus-bootstrap-runner/3.20.2/quarkus-bootstrap-runner-3.20.2.jar:/home/runner/.m2/repository/io/github/crac/org-crac/0.1.3/org-crac-0.1.3.jar:/home/runner/.m2/repository/io/quarkus/quarkus-fs-util/0.0.10/quarkus-fs-util-0.0.10.jar:/home/runner/.m2/repository/org/jboss/marshalling/jboss-marshalling/2.2.2.Final/jboss-marshalling-2.2.2.Final.jar:/home/runner/.m2/repository/io/fabric8/kubernetes-client/7.1.0/kubernetes-client-7.1.0.jar:/home/runner/.m2/repository/io/fabric8/kubernetes-client-api/7.1.0/kubernetes-client-api-7.1.0.jar:/home/runner/.m2/repository/io/fabric8/kubernetes-model-core/7.1.0/kubernetes-model-core-7.1.0.jar:/home/runner/.m2/repository/io/fabric8/kubernetes-model-common/7.1.0/kubernetes-model-common-7.1.0.jar:/home/runner/.m2/repository/javax/annotation/javax.annotation-api/1.3.2/javax.annotation-api-1.3.2.jar:/home/runner/.m2/repository/io/fabric8/kubernetes-model-gatewayapi/7.1.0/kubernetes-model-gatewayapi-7.1.0.jar:/home/runner/.m2/repository/io/fabric8/kubernetes-model-resource/7.1.0/kubernetes-model-resource-7.1.0.jar:/home/runner/.m2/repository/io/fabric8/kubernetes-model-rbac/7.1.0/kubernetes-model-rbac-7.1.0.jar:/home/runner/.m2/repository/io/fabric8/kubernetes-model-admissionregistration/7.1.0/kubernetes-model-admissionregistration-7.1.0.jar:/home/runner/.m2/repository/io/fabric8/kubernetes-model-apps/7.1.0/kubernetes-model-apps-7.1.0.jar:/home/runner/.m2/repository/io/fabric8/kubernetes-model-autoscaling/7.1.0/kubernetes-model-autoscaling-7.1.0.jar:/home/runner/.m2/repository/io/fabric8/kubernetes-model-apiextensions/7.1.0/kubernetes-model-apiextensions-7.1.0.jar:/home/runner/.m2/repository/io/fabric8/kubernetes-model-batch/7.1.0/kubernetes-model-batch-7.1.0.jar:/home/runner/.m2/repository/io/fabric8/kubernetes-model-certificates/7.1.0/kubernetes-model-certificates-7.1.0.jar:/home/runner/.m2/repository/io/fabric8/kubernetes-model-coordination/7.1.0/kubernetes-model-coordination-7.1.0.jar:/home/runner/.m2/repository/io/fabric8/kubernetes-model-discovery/7.1.0/kubernetes-model-discovery-7.1.0.jar:/home/runner/.m2/repository/io/fabric8/kubernetes-model-events/7.1.0/kubernetes-model-events-7.1.0.jar:/home/runner/.m2/repository/io/fabric8/kubernetes-model-extensions/7.1.0/kubernetes-model-extensions-7.1.0.jar:/home/runner/.m2/repository/io/fabric8/kubernetes-model-flowcontrol/7.1.0/kubernetes-model-flowcontrol-7.1.0.jar:/home/runner/.m2/repository/io/fabric8/kubernetes-model-networking/7.1.0/kubernetes-model-networking-7.1.0.jar:/home/runner/.m2/repository/io/fabric8/kubernetes-model-metrics/7.1.0/kubernetes-model-metrics-7.1.0.jar:/home/runner/.m2/repository/io/fabric8/kubernetes-model-policy/7.1.0/kubernetes-model-policy-7.1.0.jar:/home/runner/.m2/repository/io/fabric8/kubernetes-model-scheduling/7.1.0/kubernetes-model-scheduling-7.1.0.jar:/home/runner/.m2/repository/io/fabric8/kubernetes-model-storageclass/7.1.0/kubernetes-model-storageclass-7.1.0.jar:/home/runner/.m2/repository/io/fabric8/kubernetes-model-node/7.1.0/kubernetes-model-node-7.1.0.jar:/home/runner/.m2/repository/org/snakeyaml/snakeyaml-engine/2.9/snakeyaml-engine-2.9.jar:/home/runner/.m2/repository/com/fasterxml/jackson/dataformat/jackson-dataformat-yaml/2.18.2/jackson-dataformat-yaml-2.18.2.jar:/home/runner/.m2/repository/com/fasterxml/jackson/datatype/jackson-datatype-jsr310/2.18.2/jackson-datatype-jsr310-2.18.2.jar:/home/runner/.m2/repository/io/fabric8/zjsonpatch/7.1.0/zjsonpatch-7.1.0.jar:/home/runner/.m2/repository/io/fabric8/kubernetes-httpclient-vertx/7.1.0/kubernetes-httpclient-vertx-7.1.0.jar:/home/runner/.m2/repository/io/vertx/vertx-web-client/4.5.16/vertx-web-client-4.5.16.jar:/home/runner/.m2/repository/io/vertx/vertx-web-common/4.5.16/vertx-web-common-4.5.16.jar:/home/runner/.m2/repository/io/vertx/vertx-auth-common/4.5.16/vertx-auth-common-4.5.16.jar:/home/runner/.m2/repository/io/vertx/vertx-uri-template/4.5.16/vertx-uri-template-4.5.16.jar:/home/runner/.m2/repository/io/fabric8/openshift-client/7.1.0/openshift-client-7.1.0.jar:/home/runner/.m2/repository/io/fabric8/openshift-client-api/7.1.0/openshift-client-api-7.1.0.jar:/home/runner/.m2/repository/io/fabric8/openshift-model/7.1.0/openshift-model-7.1.0.jar:/home/runner/.m2/repository/io/fabric8/openshift-model-autoscaling/7.1.0/openshift-model-autoscaling-7.1.0.jar:/home/runner/.m2/repository/io/fabric8/openshift-model-operator/7.1.0/openshift-model-operator-7.1.0.jar:/home/runner/.m2/repository/io/fabric8/openshift-model-operatorhub/7.1.0/openshift-model-operatorhub-7.1.0.jar:/home/runner/.m2/repository/io/fabric8/openshift-model-machine/7.1.0/openshift-model-machine-7.1.0.jar:/home/runner/.m2/repository/io/fabric8/openshift-model-whereabouts/7.1.0/openshift-model-whereabouts-7.1.0.jar:/home/runner/.m2/repository/io/fabric8/openshift-model-monitoring/7.1.0/openshift-model-monitoring-7.1.0.jar:/home/runner/.m2/repository/io/fabric8/openshift-model-storageversionmigrator/7.1.0/openshift-model-storageversionmigrator-7.1.0.jar:/home/runner/.m2/repository/io/fabric8/openshift-model-tuned/7.1.0/openshift-model-tuned-7.1.0.jar:/home/runner/.m2/repository/io/fabric8/openshift-model-console/7.1.0/openshift-model-console-7.1.0.jar:/home/runner/.m2/repository/io/fabric8/openshift-model-config/7.1.0/openshift-model-config-7.1.0.jar:/home/runner/.m2/repository/io/fabric8/openshift-model-machineconfiguration/7.1.0/openshift-model-machineconfiguration-7.1.0.jar:/home/runner/.m2/repository/io/fabric8/openshift-model-miscellaneous/7.1.0/openshift-model-miscellaneous-7.1.0.jar:/home/runner/.m2/repository/io/fabric8/openshift-model-hive/7.1.0/openshift-model-hive-7.1.0.jar:/home/runner/.m2/repository/io/fabric8/openshift-model-installer/7.1.0/openshift-model-installer-7.1.0.jar:/home/runner/.m2/repository/org/junit/platform/junit-platform-launcher/1.12.1/junit-platform-launcher-1.12.1.jar:/home/runner/.m2/repository/org/junit/platform/junit-platform-engine/1.12.1/junit-platform-engine-1.12.1.jar:/home/runner/.m2/repository/org/opentest4j/opentest4j/1.3.0/opentest4j-1.3.0.jar:/home/runner/.m2/repository/org/junit/platform/junit-platform-commons/1.12.1/junit-platform-commons-1.12.1.jar:/home/runner/.m2/repository/org/apiguardian/apiguardian-api/1.1.2/apiguardian-api-1.1.2.jar:/home/runner/.m2/repository/jakarta/ws/rs/jakarta.ws.rs-api/3.1.0/jakarta.ws.rs-api-3.1.0.jar:/home/runner/work/apicurio-testing/apicurio-testing/clusters/ci419/namespaces/mysql/tests/integration/apicurio-registry/java-sdk/target/apicurio-registry-java-sdk-3.0.12-SNAPSHOT.jar:/home/runner/.m2/repository/com/microsoft/kiota/microsoft-kiota-abstractions/1.8.9/microsoft-kiota-abstractions-1.8.9.jar:/home/runner/.m2/repository/io/github/std-uritemplate/std-uritemplate/2.0.0/std-uritemplate-2.0.0.jar:/home/runner/.m2/repository/io/kiota/kiota-http-jdk/0.0.29/kiota-http-jdk-0.0.29.jar:/home/runner/.m2/repository/io/kiota/kiota-http-vertx/0.0.29/kiota-http-vertx-0.0.29.jar:/home/runner/.m2/repository/io/kiota/kiota-serialization-jackson/0.0.29/kiota-serialization-jackson-0.0.29.jar:/home/runner/.m2/repository/com/microsoft/kiota/microsoft-kiota-serialization-text/1.8.9/microsoft-kiota-serialization-text-1.8.9.jar:/home/runner/.m2/repository/com/microsoft/kiota/microsoft-kiota-serialization-form/1.8.9/microsoft-kiota-serialization-form-1.8.9.jar:/home/runner/.m2/repository/com/microsoft/kiota/microsoft-kiota-serialization-multipart/1.8.9/microsoft-kiota-serialization-multipart-1.8.9.jar:/home/runner/.m2/repository/jakarta/annotation/jakarta.annotation-api/3.0.0/jakarta.annotation-api-3.0.0.jar:/home/runner/.m2/repository/io/vertx/vertx-auth-oauth2/4.5.16/vertx-auth-oauth2-4.5.16.jar:/home/runner/work/apicurio-testing/apicurio-testing/clusters/ci419/namespaces/mysql/tests/integration/apicurio-registry/java-sdk-v2/target/apicurio-registry-v2-java-sdk-3.0.12-SNAPSHOT.jar:/home/runner/work/apicurio-testing/apicurio-testing/clusters/ci419/namespaces/mysql/tests/integration/apicurio-registry/utils/kafka/target/apicurio-registry-utils-kafka-3.0.12-SNAPSHOT-tests.jar:/home/runner/.m2/repository/org/eclipse/microprofile/config/microprofile-config-api/3.1/microprofile-config-api-3.1.jar:/home/runner/.m2/repository/org/apache/kafka/kafka-clients/3.9.1/kafka-clients-3.9.1.jar:/home/runner/.m2/repository/com/github/luben/zstd-jni/1.5.6-4/zstd-jni-1.5.6-4.jar:/home/runner/.m2/repository/org/lz4/lz4-java/1.8.0/lz4-java-1.8.0.jar:/home/runner/.m2/repository/org/xerial/snappy/snappy-java/1.1.10.5/snappy-java-1.1.10.5.jar:/home/runner/.m2/repository/org/slf4j/slf4j-api/2.0.6/slf4j-api-2.0.6.jar:/home/runner/work/apicurio-testing/apicurio-testing/clusters/ci419/namespaces/mysql/tests/integration/apicurio-registry/utils/tests/target/apicurio-registry-utils-tests-3.0.12-SNAPSHOT.jar:/home/runner/work/apicurio-testing/apicurio-testing/clusters/ci419/namespaces/mysql/tests/integration/apicurio-registry/common/target/apicurio-registry-common-3.0.12-SNAPSHOT.jar:/home/runner/.m2/repository/jakarta/validation/jakarta.validation-api/3.0.2/jakarta.validation-api-3.0.2.jar:/home/runner/.m2/repository/com/github/dasniko/testcontainers-keycloak/3.8.0/testcontainers-keycloak-3.8.0.jar:/home/runner/.m2/repository/org/testcontainers/testcontainers/1.20.6/testcontainers-1.20.6.jar:/home/runner/.m2/repository/org/rnorth/duct-tape/duct-tape/1.0.8/duct-tape-1.0.8.jar:/home/runner/.m2/repository/com/github/docker-java/docker-java-transport-zerodep/3.4.1/docker-java-transport-zerodep-3.4.1.jar:/home/runner/.m2/repository/com/github/docker-java/docker-java-transport/3.4.1/docker-java-transport-3.4.1.jar:/home/runner/.m2/repository/net/java/dev/jna/jna/5.8.0/jna-5.8.0.jar:/home/runner/.m2/repository/io/quarkus/quarkus-junit4-mock/3.20.2/quarkus-junit4-mock-3.20.2.jar:/home/runner/.m2/repository/org/jboss/shrinkwrap/shrinkwrap-api/2.0.0-beta-2/shrinkwrap-api-2.0.0-beta-2.jar:/home/runner/.m2/repository/org/jboss/shrinkwrap/shrinkwrap-impl-base/2.0.0-beta-2/shrinkwrap-impl-base-2.0.0-beta-2.jar:/home/runner/.m2/repository/org/jboss/shrinkwrap/shrinkwrap-spi/2.0.0-beta-2/shrinkwrap-spi-2.0.0-beta-2.jar:/home/runner/.m2/repository/org/keycloak/keycloak-admin-client/26.0.4/keycloak-admin-client-26.0.4.jar:/home/runner/.m2/repository/org/keycloak/keycloak-client-common-synced/26.0.4/keycloak-client-common-synced-26.0.4.jar:/home/runner/.m2/repository/jakarta/activation/jakarta.activation-api/2.1.3/jakarta.activation-api-2.1.3.jar:/home/runner/.m2/repository/org/eclipse/microprofile/openapi/microprofile-openapi-api/4.0.2/microprofile-openapi-api-4.0.2.jar:/home/runner/.m2/repository/org/jboss/resteasy/resteasy-client/6.2.12.Final/resteasy-client-6.2.12.Final.jar:/home/runner/.m2/repository/org/jboss/resteasy/resteasy-client-api/6.2.12.Final/resteasy-client-api-6.2.12.Final.jar:/home/runner/.m2/repository/org/jboss/resteasy/resteasy-core-spi/6.2.12.Final/resteasy-core-spi-6.2.12.Final.jar:/home/runner/.m2/repository/org/jboss/resteasy/resteasy-core/6.2.12.Final/resteasy-core-6.2.12.Final.jar:/home/runner/.m2/repository/org/eclipse/angus/angus-activation/2.0.2/angus-activation-2.0.2.jar:/home/runner/.m2/repository/com/ibm/async/asyncutil/0.1.0/asyncutil-0.1.0.jar:/home/runner/.m2/repository/org/reactivestreams/reactive-streams/1.0.4/reactive-streams-1.0.4.jar:/home/runner/.m2/repository/org/jboss/resteasy/resteasy-multipart-provider/6.2.12.Final/resteasy-multipart-provider-6.2.12.Final.jar:/home/runner/.m2/repository/jakarta/mail/jakarta.mail-api/2.1.3/jakarta.mail-api-2.1.3.jar:/home/runner/.m2/repository/org/eclipse/angus/angus-mail/2.0.3/angus-mail-2.0.3.jar:/home/runner/.m2/repository/org/apache/james/apache-mime4j-dom/0.8.12/apache-mime4j-dom-0.8.12.jar:/home/runner/.m2/repository/org/apache/james/apache-mime4j-core/0.8.12/apache-mime4j-core-0.8.12.jar:/home/runner/.m2/repository/org/apache/james/apache-mime4j-storage/0.8.12/apache-mime4j-storage-0.8.12.jar:/home/runner/.m2/repository/org/jboss/resteasy/resteasy-jackson2-provider/6.2.12.Final/resteasy-jackson2-provider-6.2.12.Final.jar:/home/runner/.m2/repository/com/fasterxml/jackson/jakarta/rs/jackson-jakarta-rs-base/2.18.2/jackson-jakarta-rs-base-2.18.2.jar:/home/runner/.m2/repository/com/fasterxml/jackson/jakarta/rs/jackson-jakarta-rs-json-provider/2.18.2/jackson-jakarta-rs-json-provider-2.18.2.jar:/home/runner/.m2/repository/com/fasterxml/jackson/module/jackson-module-jakarta-xmlbind-annotations/2.18.2/jackson-module-jakarta-xmlbind-annotations-2.18.2.jar:/home/runner/.m2/repository/com/github/java-json-tools/json-patch/1.13/json-patch-1.13.jar:/home/runner/.m2/repository/com/github/java-json-tools/msg-simple/1.2/msg-simple-1.2.jar:/home/runner/.m2/repository/com/github/java-json-tools/btf/1.3/btf-1.3.jar:/home/runner/.m2/repository/com/github/java-json-tools/jackson-coreutils/2.0/jackson-coreutils-2.0.jar:/home/runner/.m2/repository/org/jboss/resteasy/resteasy-jaxb-provider/6.2.12.Final/resteasy-jaxb-provider-6.2.12.Final.jar:/home/runner/.m2/repository/org/glassfish/jaxb/codemodel/4.0.5/codemodel-4.0.5.jar:/home/runner/.m2/repository/org/glassfish/jaxb/jaxb-core/4.0.5/jaxb-core-4.0.5.jar:/home/runner/.m2/repository/org/glassfish/jaxb/jaxb-jxc/4.0.5/jaxb-jxc-4.0.5.jar:/home/runner/.m2/repository/org/glassfish/jaxb/jaxb-runtime/4.0.5/jaxb-runtime-4.0.5.jar:/home/runner/.m2/repository/org/glassfish/jaxb/txw2/4.0.5/txw2-4.0.5.jar:/home/runner/.m2/repository/org/glassfish/jaxb/jaxb-xjc/4.0.5/jaxb-xjc-4.0.5.jar:/home/runner/.m2/repository/org/glassfish/jaxb/xsom/4.0.5/xsom-4.0.5.jar:/home/runner/.m2/repository/com/sun/istack/istack-commons-runtime/4.1.2/istack-commons-runtime-4.1.2.jar:/home/runner/.m2/repository/com/sun/istack/istack-commons-tools/4.1.2/istack-commons-tools-4.1.2.jar:/home/runner/.m2/repository/com/sun/xml/bind/external/relaxng-datatype/4.0.5/relaxng-datatype-4.0.5.jar:/home/runner/.m2/repository/com/sun/xml/bind/external/rngom/4.0.5/rngom-4.0.5.jar:/home/runner/.m2/repository/org/testcontainers/mssqlserver/1.20.6/mssqlserver-1.20.6.jar:/home/runner/.m2/repository/org/testcontainers/jdbc/1.20.6/jdbc-1.20.6.jar:/home/runner/.m2/repository/org/testcontainers/database-commons/1.20.6/database-commons-1.20.6.jar:/home/runner/.m2/repository/org/testcontainers/mysql/1.20.6/mysql-1.20.6.jar:/home/runner/.m2/repository/io/strimzi/strimzi-test-container/0.111.0/strimzi-test-container-0.111.0.jar:/home/runner/.m2/repository/org/testcontainers/toxiproxy/1.20.6/toxiproxy-1.20.6.jar:/home/runner/.m2/repository/com/github/docker-java/docker-java-api/3.4.1/docker-java-api-3.4.1.jar:/home/runner/.m2/repository/org/apache/logging/log4j/log4j-slf4j-impl/2.19.0/log4j-slf4j-impl-2.19.0.jar:/home/runner/.m2/repository/org/apache/logging/log4j/log4j-api/2.24.3/log4j-api-2.24.3.jar:/home/runner/.m2/repository/org/apache/logging/log4j/log4j-core/2.19.0/log4j-core-2.19.0.jar:/home/runner/.m2/repository/eu/rekawek/toxiproxy/toxiproxy-java/2.1.7/toxiproxy-java-2.1.7.jar:/home/runner/.m2/repository/org/testcontainers/pulsar/1.21.3/pulsar-1.21.3.jar:/home/runner/.m2/repository/io/debezium/debezium-testing-testcontainers/2.7.4.Final/debezium-testing-testcontainers-2.7.4.Final.jar:/home/runner/.m2/repository/org/testcontainers/kafka/1.20.6/kafka-1.20.6.jar:/home/runner/.m2/repository/com/squareup/okhttp3/okhttp/4.8.1/okhttp-4.8.1.jar:/home/runner/.m2/repository/com/squareup/okio/okio/3.10.2/okio-3.10.2.jar:/home/runner/.m2/repository/com/squareup/okio/okio-jvm/3.10.2/okio-jvm-3.10.2.jar:/home/runner/.m2/repository/org/jetbrains/kotlin/kotlin-stdlib/2.0.21/kotlin-stdlib-2.0.21.jar:/home/runner/.m2/repository/org/awaitility/awaitility/4.3.0/awaitility-4.3.0.jar:/home/runner/.m2/repository/org/testcontainers/mongodb/1.20.6/mongodb-1.20.6.jar:/home/runner/.m2/repository/org/testcontainers/mariadb/1.20.6/mariadb-1.20.6.jar:/home/runner/.m2/repository/org/testcontainers/oracle-xe/1.20.6/oracle-xe-1.20.6.jar:/home/runner/.m2/repository/org/testcontainers/postgresql/1.20.6/postgresql-1.20.6.jar:/home/runner/.m2/repository/org/wiremock/wiremock/3.0.1/wiremock-3.0.1.jar:/home/runner/.m2/repository/org/eclipse/jetty/jetty-server/11.0.15/jetty-server-11.0.15.jar:/home/runner/.m2/repository/org/eclipse/jetty/toolchain/jetty-jakarta-servlet-api/5.0.2/jetty-jakarta-servlet-api-5.0.2.jar:/home/runner/.m2/repository/org/eclipse/jetty/jetty-http/11.0.15/jetty-http-11.0.15.jar:/home/runner/.m2/repository/org/eclipse/jetty/jetty-io/11.0.15/jetty-io-11.0.15.jar:/home/runner/.m2/repository/org/eclipse/jetty/jetty-servlet/11.0.15/jetty-servlet-11.0.15.jar:/home/runner/.m2/repository/org/eclipse/jetty/jetty-security/11.0.15/jetty-security-11.0.15.jar:/home/runner/.m2/repository/org/eclipse/jetty/jetty-servlets/11.0.15/jetty-servlets-11.0.15.jar:/home/runner/.m2/repository/org/eclipse/jetty/jetty-util/11.0.15/jetty-util-11.0.15.jar:/home/runner/.m2/repository/org/eclipse/jetty/jetty-webapp/11.0.15/jetty-webapp-11.0.15.jar:/home/runner/.m2/repository/org/eclipse/jetty/jetty-xml/11.0.15/jetty-xml-11.0.15.jar:/home/runner/.m2/repository/org/eclipse/jetty/jetty-proxy/11.0.15/jetty-proxy-11.0.15.jar:/home/runner/.m2/repository/org/eclipse/jetty/jetty-client/11.0.15/jetty-client-11.0.15.jar:/home/runner/.m2/repository/org/eclipse/jetty/http2/http2-server/11.0.15/http2-server-11.0.15.jar:/home/runner/.m2/repository/org/eclipse/jetty/http2/http2-common/11.0.15/http2-common-11.0.15.jar:/home/runner/.m2/repository/org/eclipse/jetty/http2/http2-hpack/11.0.15/http2-hpack-11.0.15.jar:/home/runner/.m2/repository/org/eclipse/jetty/jetty-alpn-server/11.0.15/jetty-alpn-server-11.0.15.jar:/home/runner/.m2/repository/org/eclipse/jetty/jetty-alpn-java-server/11.0.15/jetty-alpn-java-server-11.0.15.jar:/home/runner/.m2/repository/org/eclipse/jetty/jetty-alpn-java-client/11.0.15/jetty-alpn-java-client-11.0.15.jar:/home/runner/.m2/repository/org/eclipse/jetty/jetty-alpn-client/11.0.15/jetty-alpn-client-11.0.15.jar:/home/runner/.m2/repository/org/apache/httpcomponents/client5/httpclient5/5.2.1/httpclient5-5.2.1.jar:/home/runner/.m2/repository/org/apache/httpcomponents/core5/httpcore5/5.2/httpcore5-5.2.jar:/home/runner/.m2/repository/org/apache/httpcomponents/core5/httpcore5-h2/5.2/httpcore5-h2-5.2.jar:/home/runner/.m2/repository/org/xmlunit/xmlunit-core/2.9.1/xmlunit-core-2.9.1.jar:/home/runner/.m2/repository/jakarta/xml/bind/jakarta.xml.bind-api/4.0.2/jakarta.xml.bind-api-4.0.2.jar:/home/runner/.m2/repository/org/xmlunit/xmlunit-legacy/2.9.1/xmlunit-legacy-2.9.1.jar:/home/runner/.m2/repository/org/xmlunit/xmlunit-placeholders/2.9.1/xmlunit-placeholders-2.9.1.jar:/home/runner/.m2/repository/net/javacrumbs/json-unit/json-unit-core/2.38.0/json-unit-core-2.38.0.jar:/home/runner/.m2/repository/org/hamcrest/hamcrest-core/2.2/hamcrest-core-2.2.jar:/home/runner/.m2/repository/com/jayway/jsonpath/json-path/2.8.0/json-path-2.8.0.jar:/home/runner/.m2/repository/net/minidev/json-smart/2.4.10/json-smart-2.4.10.jar:/home/runner/.m2/repository/net/minidev/accessors-smart/2.4.9/accessors-smart-2.4.9.jar:/home/runner/.m2/repository/org/ow2/asm/asm/9.7.1/asm-9.7.1.jar:/home/runner/.m2/repository/net/sf/jopt-simple/jopt-simple/5.0.4/jopt-simple-5.0.4.jar:/home/runner/.m2/repository/com/github/jknack/handlebars/4.3.1/handlebars-4.3.1.jar:/home/runner/.m2/repository/com/github/jknack/handlebars-helpers/4.3.1/handlebars-helpers-4.3.1.jar:/home/runner/.m2/repository/commons-fileupload/commons-fileupload/1.5/commons-fileupload-1.5.jar:/home/runner/.m2/repository/com/networknt/json-schema-validator/1.5.8/json-schema-validator-1.5.8.jar:/home/runner/.m2/repository/com/ethlo/time/itu/1.10.3/itu-1.10.3.jar:/home/runner/.m2/repository/io/quarkus/quarkus-smallrye-jwt-build/3.20.2/quarkus-smallrye-jwt-build-3.20.2.jar:/home/runner/.m2/repository/io/smallrye/smallrye-jwt-build/4.6.2/smallrye-jwt-build-4.6.2.jar:/home/runner/.m2/repository/org/eclipse/microprofile/jwt/microprofile-jwt-auth-api/2.1/microprofile-jwt-auth-api-2.1.jar:/home/runner/.m2/repository/org/bitbucket/b_c/jose4j/0.9.6/jose4j-0.9.6.jar:/home/runner/.m2/repository/io/smallrye/smallrye-jwt-common/4.6.2/smallrye-jwt-common-4.6.2.jar:/home/runner/.m2/repository/io/quarkus/quarkus-jsonp/3.20.2/quarkus-jsonp-3.20.2.jar:/home/runner/.m2/repository/io/quarkus/quarkus-arc/3.20.2/quarkus-arc-3.20.2.jar:/home/runner/.m2/repository/io/quarkus/arc/arc/3.20.2/arc-3.20.2.jar:/home/runner/.m2/repository/jakarta/transaction/jakarta.transaction-api/2.0.1/jakarta.transaction-api-2.0.1.jar:/home/runner/.m2/repository/io/smallrye/reactive/mutiny/2.9.2/mutiny-2.9.2.jar:/home/runner/.m2/repository/org/jctools/jctools-core/4.0.5/jctools-core-4.0.5.jar:/home/runner/.m2/repository/org/eclipse/microprofile/context-propagation/microprofile-context-propagation-api/1.3/microprofile-context-propagation-api-1.3.jar:/home/runner/.m2/repository/io/apicurio/apicurio-common-rest-client-common/0.1.18.Final/apicurio-common-rest-client-common-0.1.18.Final.jar:/home/runner/work/apicurio-testing/apicurio-testing/clusters/ci419/namespaces/mysql/tests/integration/apicurio-registry/utils/maven-plugin/target/apicurio-registry-maven-plugin-3.0.12-SNAPSHOT.jar:/home/runner/.m2/repository/com/fasterxml/jackson/core/jackson-databind/2.18.2/jackson-databind-2.18.2.jar:/home/runner/.m2/repository/org/apache/avro/avro/1.12.0/avro-1.12.0.jar:/home/runner/.m2/repository/com/google/protobuf/protobuf-java/4.31.1/protobuf-java-4.31.1.jar:/home/runner/.m2/repository/com/google/protobuf/protobuf-java-util/4.31.1/protobuf-java-util-4.31.1.jar:/home/runner/.m2/repository/com/google/code/findbugs/jsr305/3.0.2/jsr305-3.0.2.jar:/home/runner/.m2/repository/com/google/code/gson/gson/2.12.1/gson-2.12.1.jar:/home/runner/.m2/repository/com/google/errorprone/error_prone_annotations/2.36.0/error_prone_annotations-2.36.0.jar:/home/runner/.m2/repository/com/google/j2objc/j2objc-annotations/2.8/j2objc-annotations-2.8.jar:/home/runner/work/apicurio-testing/apicurio-testing/clusters/ci419/namespaces/mysql/tests/integration/apicurio-registry/schema-util/util-provider/target/apicurio-registry-schema-util-provider-3.0.12-SNAPSHOT.jar:/home/runner/work/apicurio-testing/apicurio-testing/clusters/ci419/namespaces/mysql/tests/integration/apicurio-registry/schema-util/common/target/apicurio-registry-schema-util-common-3.0.12-SNAPSHOT.jar:/home/runner/.m2/repository/com/fasterxml/jackson/module/jackson-module-parameter-names/2.18.2/jackson-module-parameter-names-2.18.2.jar:/home/runner/.m2/repository/com/fasterxml/jackson/datatype/jackson-datatype-json-org/2.18.2/jackson-datatype-json-org-2.18.2.jar:/home/runner/work/apicurio-testing/apicurio-testing/clusters/ci419/namespaces/mysql/tests/integration/apicurio-registry/schema-util/json/target/apicurio-registry-schema-util-json-3.0.12-SNAPSHOT.jar:/home/runner/.m2/repository/com/github/erosb/everit-json-schema/1.14.5/everit-json-schema-1.14.5.jar:/home/runner/.m2/repository/commons-validator/commons-validator/1.9.0/commons-validator-1.9.0.jar:/home/runner/.m2/repository/commons-digester/commons-digester/2.1/commons-digester-2.1.jar:/home/runner/.m2/repository/commons-collections/commons-collections/3.2.2/commons-collections-3.2.2.jar:/home/runner/.m2/repository/com/damnhandy/handy-uri-templates/2.1.8/handy-uri-templates-2.1.8.jar:/home/runner/.m2/repository/joda-time/joda-time/2.10.2/joda-time-2.10.2.jar:/home/runner/.m2/repository/com/github/erosb/json-sKema/0.20.0/json-sKema-0.20.0.jar:/home/runner/.m2/repository/io/vertx/vertx-json-schema/4.5.16/vertx-json-schema-4.5.16.jar:/home/runner/work/apicurio-testing/apicurio-testing/clusters/ci419/namespaces/mysql/tests/integration/apicurio-registry/schema-util/protobuf/target/apicurio-registry-schema-util-protobuf-3.0.12-SNAPSHOT.jar:/home/runner/work/apicurio-testing/apicurio-testing/clusters/ci419/namespaces/mysql/tests/integration/apicurio-registry/utils/protobuf-schema-utilities/target/apicurio-registry-protobuf-schema-utilities-3.0.12-SNAPSHOT.jar:/home/runner/.m2/repository/com/google/api/grpc/proto-google-common-protos/2.52.0/proto-google-common-protos-2.52.0.jar:/home/runner/.m2/repository/com/squareup/wire/wire-schema-jvm/5.3.3/wire-schema-jvm-5.3.3.jar:/home/runner/.m2/repository/com/palantir/javapoet/javapoet/0.6.0/javapoet-0.6.0.jar:/home/runner/.m2/repository/com/squareup/kotlinpoet-jvm/2.0.0/kotlinpoet-jvm-2.0.0.jar:/home/runner/.m2/repository/org/jetbrains/kotlin/kotlin-reflect/2.0.21/kotlin-reflect-2.0.21.jar:/home/runner/.m2/repository/com/squareup/wire/wire-runtime-jvm/5.3.3/wire-runtime-jvm-5.3.3.jar:/home/runner/.m2/repository/com/ibm/icu/icu4j/76.1/icu4j-76.1.jar:/home/runner/.m2/repository/com/squareup/okio/okio-fakefilesystem/3.10.2/okio-fakefilesystem-3.10.2.jar:/home/runner/.m2/repository/com/squareup/okio/okio-fakefilesystem-jvm/3.10.2/okio-fakefilesystem-jvm-3.10.2.jar:/home/runner/.m2/repository/org/jetbrains/kotlinx/kotlinx-datetime-jvm/0.6.1/kotlinx-datetime-jvm-0.6.1.jar:/home/runner/work/apicurio-testing/apicurio-testing/clusters/ci419/namespaces/mysql/tests/integration/apicurio-registry/schema-util/asyncapi/target/apicurio-registry-schema-util-asyncapi-3.0.12-SNAPSHOT.jar:/home/runner/work/apicurio-testing/apicurio-testing/clusters/ci419/namespaces/mysql/tests/integration/apicurio-registry/schema-util/avro/target/apicurio-registry-schema-util-avro-3.0.12-SNAPSHOT.jar:/home/runner/work/apicurio-testing/apicurio-testing/clusters/ci419/namespaces/mysql/tests/integration/apicurio-registry/schema-util/graphql/target/apicurio-registry-schema-util-graphql-3.0.12-SNAPSHOT.jar:/home/runner/.m2/repository/com/graphql-java/graphql-java/22.4/graphql-java-22.4.jar:/home/runner/.m2/repository/com/graphql-java/java-dataloader/3.3.0/java-dataloader-3.3.0.jar:/home/runner/work/apicurio-testing/apicurio-testing/clusters/ci419/namespaces/mysql/tests/integration/apicurio-registry/schema-util/kconnect/target/apicurio-registry-schema-util-kconnect-3.0.12-SNAPSHOT.jar:/home/runner/work/apicurio-testing/apicurio-testing/clusters/ci419/namespaces/mysql/tests/integration/apicurio-registry/schema-util/openapi/target/apicurio-registry-schema-util-openapi-3.0.12-SNAPSHOT.jar:/home/runner/.m2/repository/io/apicurio/apicurio-data-models/2.2.2/apicurio-data-models-2.2.2.jar:/home/runner/.m2/repository/org/openapitools/openapidiff/openapi-diff-core/2.1.2/openapi-diff-core-2.1.2.jar:/home/runner/.m2/repository/io/swagger/parser/v3/swagger-parser/2.1.28/swagger-parser-2.1.28.jar:/home/runner/.m2/repository/io/swagger/parser/v3/swagger-parser-v2-converter/2.1.28/swagger-parser-v2-converter-2.1.28.jar:/home/runner/.m2/repository/io/swagger/swagger-core/1.6.16/swagger-core-1.6.16.jar:/home/runner/.m2/repository/io/swagger/swagger-models/1.6.16/swagger-models-1.6.16.jar:/home/runner/.m2/repository/io/swagger/swagger-annotations/1.6.16/swagger-annotations-1.6.16.jar:/home/runner/.m2/repository/io/swagger/swagger-parser/1.0.75/swagger-parser-1.0.75.jar:/home/runner/.m2/repository/io/swagger/swagger-parser-safe-url-resolver/1.0.75/swagger-parser-safe-url-resolver-1.0.75.jar:/home/runner/.m2/repository/io/swagger/swagger-compat-spec-parser/1.0.75/swagger-compat-spec-parser-1.0.75.jar:/home/runner/.m2/repository/com/github/java-json-tools/json-schema-validator/2.2.14/json-schema-validator-2.2.14.jar:/home/runner/.m2/repository/com/github/java-json-tools/jackson-coreutils-equivalence/1.0/jackson-coreutils-equivalence-1.0.jar:/home/runner/.m2/repository/com/github/java-json-tools/json-schema-core/1.2.14/json-schema-core-1.2.14.jar:/home/runner/.m2/repository/com/github/java-json-tools/uri-template/0.10/uri-template-0.10.jar:/home/runner/.m2/repository/com/googlecode/libphonenumber/libphonenumber/8.11.1/libphonenumber-8.11.1.jar:/home/runner/.m2/repository/com/j2html/j2html/1.6.0/j2html-1.6.0.jar:/home/runner/.m2/repository/org/apache/commons/commons-collections4/4.5.0/commons-collections4-4.5.0.jar:/home/runner/.m2/repository/org/slf4j/jcl-over-slf4j/2.0.17/jcl-over-slf4j-2.0.17.jar:/home/runner/.m2/repository/io/swagger/parser/v3/swagger-parser-v3/2.1.31/swagger-parser-v3-2.1.31.jar:/home/runner/.m2/repository/io/swagger/core/v3/swagger-models/2.2.34/swagger-models-2.2.34.jar:/home/runner/.m2/repository/io/swagger/core/v3/swagger-core/2.2.34/swagger-core-2.2.34.jar:/home/runner/.m2/repository/io/swagger/parser/v3/swagger-parser-core/2.1.31/swagger-parser-core-2.1.31.jar:/home/runner/.m2/repository/io/swagger/parser/v3/swagger-parser-safe-url-resolver/2.1.31/swagger-parser-safe-url-resolver-2.1.31.jar:/home/runner/work/apicurio-testing/apicurio-testing/clusters/ci419/namespaces/mysql/tests/integration/apicurio-registry/schema-util/wsdl/target/apicurio-registry-schema-util-wsdl-3.0.12-SNAPSHOT.jar:/home/runner/.m2/repository/wsdl4j/wsdl4j/1.6.3/wsdl4j-1.6.3.jar:/home/runner/work/apicurio-testing/apicurio-testing/clusters/ci419/namespaces/mysql/tests/integration/apicurio-registry/schema-util/xml/target/apicurio-registry-schema-util-xml-3.0.12-SNAPSHOT.jar:/home/runner/.m2/repository/org/apache/santuario/xmlsec/4.0.4/xmlsec-4.0.4.jar:/home/runner/.m2/repository/com/fasterxml/woodstox/woodstox-core/7.1.1/woodstox-core-7.1.1.jar:/home/runner/.m2/repository/org/codehaus/woodstox/stax2-api/4.2.2/stax2-api-4.2.2.jar:/home/runner/work/apicurio-testing/apicurio-testing/clusters/ci419/namespaces/mysql/tests/integration/apicurio-registry/schema-util/xsd/target/apicurio-registry-schema-util-xsd-3.0.12-SNAPSHOT.jar:/home/runner/work/apicurio-testing/apicurio-testing/clusters/ci419/namespaces/mysql/tests/integration/apicurio-registry/serdes/kafka/jsonschema-serde/target/apicurio-registry-jsonschema-serde-kafka-3.0.12-SNAPSHOT.jar:/home/runner/work/apicurio-testing/apicurio-testing/clusters/ci419/namespaces/mysql/tests/integration/apicurio-registry/serdes/kafka/serde-kafka-common/target/apicurio-registry-serde-kafka-common-3.0.12-SNAPSHOT.jar:/home/runner/work/apicurio-testing/apicurio-testing/clusters/ci419/namespaces/mysql/tests/integration/apicurio-registry/serdes/generic/serde-common/target/apicurio-registry-serde-common-3.0.12-SNAPSHOT.jar:/home/runner/work/apicurio-testing/apicurio-testing/clusters/ci419/namespaces/mysql/tests/integration/apicurio-registry/serdes/generic/serde-common-jsonschema/target/apicurio-registry-serde-common-jsonschema-3.0.12-SNAPSHOT.jar:/home/runner/.m2/repository/org/json/json/20250107/json-20250107.jar:/home/runner/work/apicurio-testing/apicurio-testing/clusters/ci419/namespaces/mysql/tests/integration/apicurio-registry/serdes/kafka/avro-serde/target/apicurio-registry-avro-serde-kafka-3.0.12-SNAPSHOT.jar:/home/runner/work/apicurio-testing/apicurio-testing/clusters/ci419/namespaces/mysql/tests/integration/apicurio-registry/serdes/generic/serde-common-avro/target/apicurio-registry-serde-common-avro-3.0.12-SNAPSHOT.jar:/home/runner/work/apicurio-testing/apicurio-testing/clusters/ci419/namespaces/mysql/tests/integration/apicurio-registry/serdes/kafka/protobuf-serde/target/apicurio-registry-protobuf-serde-kafka-3.0.12-SNAPSHOT.jar:/home/runner/work/apicurio-testing/apicurio-testing/clusters/ci419/namespaces/mysql/tests/integration/apicurio-registry/serdes/generic/serde-common-protobuf/target/apicurio-registry-serde-common-protobuf-3.0.12-SNAPSHOT.jar:/home/runner/.m2/repository/com/squareup/wire/wire-schema/5.3.3/wire-schema-5.3.3.jar:/home/runner/.m2/repository/com/squareup/wire/wire-runtime/5.3.3/wire-runtime-5.3.3.jar:/home/runner/work/apicurio-testing/apicurio-testing/clusters/ci419/namespaces/mysql/tests/integration/apicurio-registry/serdes/pulsar/avro-serde/target/apicurio-registry-avro-serde-pulsar-3.0.12-SNAPSHOT.jar:/home/runner/.m2/repository/org/apache/pulsar/pulsar-functions-api/3.3.8/pulsar-functions-api-3.3.8.jar:/home/runner/work/apicurio-testing/apicurio-testing/clusters/ci419/namespaces/mysql/tests/integration/apicurio-registry/serdes/nats/avro-serde/target/apicurio-registry-avro-serde-nats-3.0.12-SNAPSHOT.jar:/home/runner/.m2/repository/io/nats/jnats/2.21.4/jnats-2.21.4.jar:/home/runner/.m2/repository/org/bouncycastle/bcprov-lts8on/2.73.7/bcprov-lts8on-2.73.7.jar:/home/runner/.m2/repository/org/jetbrains/annotations/26.0.2/annotations-26.0.2.jar:/home/runner/work/apicurio-testing/apicurio-testing/clusters/ci419/namespaces/mysql/tests/integration/apicurio-registry/utils/converter/target/apicurio-registry-utils-converter-3.0.12-SNAPSHOT.jar:/home/runner/work/apicurio-testing/apicurio-testing/clusters/ci419/namespaces/mysql/tests/integration/apicurio-registry/schema-resolver/target/apicurio-registry-schema-resolver-3.0.12-SNAPSHOT.jar:/home/runner/.m2/repository/org/apache/kafka/connect-api/3.9.1/connect-api-3.9.1.jar:/home/runner/.m2/repository/javax/ws/rs/javax.ws.rs-api/2.1.1/javax.ws.rs-api-2.1.1.jar:/home/runner/.m2/repository/org/apache/kafka/connect-json/3.9.1/connect-json-3.9.1.jar:/home/runner/.m2/repository/com/fasterxml/jackson/datatype/jackson-datatype-jdk8/2.18.2/jackson-datatype-jdk8-2.18.2.jar:/home/runner/.m2/repository/com/fasterxml/jackson/module/jackson-module-afterburner/2.18.2/jackson-module-afterburner-2.18.2.jar:/home/runner/work/apicurio-testing/apicurio-testing/clusters/ci419/namespaces/mysql/tests/integration/apicurio-registry/utils/kafka/target/apicurio-registry-utils-kafka-3.0.12-SNAPSHOT.jar:/home/runner/.m2/repository/org/apache/pulsar/pulsar-client/3.3.8/pulsar-client-3.3.8.jar:/home/runner/.m2/repository/org/apache/pulsar/pulsar-client-api/3.3.8/pulsar-client-api-3.3.8.jar:/home/runner/.m2/repository/org/apache/pulsar/pulsar-client-admin-api/3.3.8/pulsar-client-admin-api-3.3.8.jar:/home/runner/.m2/repository/org/apache/pulsar/bouncy-castle-bc/3.3.8/bouncy-castle-bc-3.3.8-pkg.jar:/home/runner/.m2/repository/org/bouncycastle/bcpkix-jdk18on/1.81/bcpkix-jdk18on-1.81.jar:/home/runner/.m2/repository/org/bouncycastle/bcutil-jdk18on/1.81/bcutil-jdk18on-1.81.jar:/home/runner/.m2/repository/org/bouncycastle/bcprov-jdk18on/1.81/bcprov-jdk18on-1.81.jar:/home/runner/.m2/repository/io/opentelemetry/opentelemetry-api/1.44.1/opentelemetry-api-1.44.1.jar:/home/runner/.m2/repository/io/opentelemetry/opentelemetry-context/1.44.1/opentelemetry-context-1.44.1.jar:/home/runner/.m2/repository/io/opentelemetry/opentelemetry-api-incubator/1.44.1-alpha/opentelemetry-api-incubator-1.44.1-alpha.jar:/home/runner/.m2/repository/com/fasterxml/jackson/core/jackson-annotations/2.18.2/jackson-annotations-2.18.2.jar:/home/runner/.m2/repository/javax/validation/validation-api/1.1.0.Final/validation-api-1.1.0.Final.jar:/home/runner/.m2/repository/org/jspecify/jspecify/1.0.0/jspecify-1.0.0.jar:/home/runner/.m2/repository/org/apache/commons/commons-configuration2/2.12.0/commons-configuration2-2.12.0.jar:/home/runner/.m2/repository/commons-logging/commons-logging/1.3.5/commons-logging-1.3.5.jar:/home/runner/.m2/repository/org/apache/commons/commons-text/1.13.0/commons-text-1.13.0.jar:/home/runner/.m2/repository/io/confluent/kafka-avro-serializer/8.0.0/kafka-avro-serializer-8.0.0.jar:/home/runner/.m2/repository/org/apache/commons/commons-compress/1.27.1/commons-compress-1.27.1.jar:/home/runner/.m2/repository/io/confluent/kafka-schema-serializer/8.0.0/kafka-schema-serializer-8.0.0.jar:/home/runner/.m2/repository/com/fasterxml/jackson/dataformat/jackson-dataformat-csv/2.18.2/jackson-dataformat-csv-2.18.2.jar:/home/runner/.m2/repository/io/confluent/kafka-schema-registry-client/8.0.0/kafka-schema-registry-client-8.0.0.jar:/home/runner/.m2/repository/org/yaml/snakeyaml/2.3/snakeyaml-2.3.jar:/home/runner/.m2/repository/io/swagger/core/v3/swagger-annotations/2.2.29/swagger-annotations-2.2.29.jar:/home/runner/.m2/repository/com/google/guava/guava/33.4.0-jre/guava-33.4.0-jre.jar:/home/runner/.m2/repository/com/google/guava/failureaccess/1.0.1/failureaccess-1.0.1.jar:/home/runner/.m2/repository/org/checkerframework/checker-qual/3.49.0/checker-qual-3.49.0.jar:/home/runner/.m2/repository/io/confluent/logredactor/1.0.13/logredactor-1.0.13.jar:/home/runner/.m2/repository/com/google/re2j/re2j/1.6/re2j-1.6.jar:/home/runner/.m2/repository/io/confluent/logredactor-metrics/1.0.13/logredactor-metrics-1.0.13.jar:/home/runner/.m2/repository/com/eclipsesource/minimal-json/minimal-json/0.9.5/minimal-json-0.9.5.jar:/home/runner/.m2/repository/io/confluent/common-utils/8.0.0/common-utils-8.0.0.jar:/home/runner/.m2/repository/io/confluent/kafka-connect-avro-converter/8.0.0/kafka-connect-avro-converter-8.0.0.jar:/home/runner/.m2/repository/io/confluent/kafka-connect-avro-data/8.0.0/kafka-connect-avro-data-8.0.0.jar:/home/runner/.m2/repository/io/confluent/kafka-schema-converter/8.0.0/kafka-schema-converter-8.0.0.jar:/home/runner/.m2/repository/io/rest-assured/rest-assured/5.5.1/rest-assured-5.5.1.jar:/home/runner/.m2/repository/org/apache/groovy/groovy/4.0.22/groovy-4.0.22.jar:/home/runner/.m2/repository/org/apache/groovy/groovy-xml/4.0.22/groovy-xml-4.0.22.jar:/home/runner/.m2/repository/org/apache/httpcomponents/httpclient/4.5.14/httpclient-4.5.14.jar:/home/runner/.m2/repository/org/apache/httpcomponents/httpcore/4.4.16/httpcore-4.4.16.jar:/home/runner/.m2/repository/org/apache/httpcomponents/httpmime/4.5.14/httpmime-4.5.14.jar:/home/runner/.m2/repository/org/hamcrest/hamcrest/2.2/hamcrest-2.2.jar:/home/runner/.m2/repository/org/ccil/cowan/tagsoup/tagsoup/1.2.1/tagsoup-1.2.1.jar:/home/runner/.m2/repository/io/rest-assured/json-path/5.5.1/json-path-5.5.1.jar:/home/runner/.m2/repository/org/apache/groovy/groovy-json/4.0.22/groovy-json-4.0.22.jar:/home/runner/.m2/repository/io/rest-assured/rest-assured-common/5.5.1/rest-assured-common-5.5.1.jar:/home/runner/.m2/repository/io/rest-assured/xml-path/5.5.1/xml-path-5.5.1.jar:/home/runner/.m2/repository/io/zonky/test/embedded-postgres/2.1.0/embedded-postgres-2.1.0.jar:/home/runner/.m2/repository/io/zonky/test/postgres/embedded-postgres-binaries-windows-amd64/14.15.0/embedded-postgres-binaries-windows-amd64-14.15.0.jar:/home/runner/.m2/repository/io/zonky/test/postgres/embedded-postgres-binaries-darwin-amd64/14.15.0/embedded-postgres-binaries-darwin-amd64-14.15.0.jar:/home/runner/.m2/repository/io/zonky/test/postgres/embedded-postgres-binaries-linux-amd64/14.15.0/embedded-postgres-binaries-linux-amd64-14.15.0.jar:/home/runner/.m2/repository/io/zonky/test/postgres/embedded-postgres-binaries-linux-amd64-alpine/14.15.0/embedded-postgres-binaries-linux-amd64-alpine-14.15.0.jar:/home/runner/.m2/repository/org/apache/commons/commons-lang3/3.17.0/commons-lang3-3.17.0.jar:/home/runner/.m2/repository/org/tukaani/xz/1.10/xz-1.10.jar:/home/runner/.m2/repository/commons-codec/commons-codec/1.19.0/commons-codec-1.19.0.jar:/home/runner/.m2/repository/org/postgresql/postgresql/42.7.7/postgresql-42.7.7.jar:/home/runner/.m2/repository/commons-io/commons-io/2.18.0/commons-io-2.18.0.jar:/home/runner/work/apicurio-testing/apicurio-testing/clusters/ci419/namespaces/mysql/tests/integration/apicurio-registry/utils/importexport/target/apicurio-registry-utils-import-export-3.0.12-SNAPSHOT.jar:/home/runner/.m2/repository/io/vertx/vertx-core/4.5.16/vertx-core-4.5.16.jar:/home/runner/.m2/repository/io/netty/netty-common/4.1.121.Final/netty-common-4.1.121.Final.jar:/home/runner/.m2/repository/io/netty/netty-buffer/4.1.121.Final/netty-buffer-4.1.121.Final.jar:/home/runner/.m2/repository/io/netty/netty-transport/4.1.121.Final/netty-transport-4.1.121.Final.jar:/home/runner/.m2/repository/io/netty/netty-handler/4.1.121.Final/netty-handler-4.1.121.Final.jar:/home/runner/.m2/repository/io/netty/netty-transport-native-unix-common/4.1.121.Final/netty-transport-native-unix-common-4.1.121.Final.jar:/home/runner/.m2/repository/io/netty/netty-codec/4.1.121.Final/netty-codec-4.1.121.Final.jar:/home/runner/.m2/repository/io/netty/netty-handler-proxy/4.1.121.Final/netty-handler-proxy-4.1.121.Final.jar:/home/runner/.m2/repository/io/netty/netty-codec-socks/4.1.121.Final/netty-codec-socks-4.1.121.Final.jar:/home/runner/.m2/repository/io/netty/netty-codec-http/4.1.121.Final/netty-codec-http-4.1.121.Final.jar:/home/runner/.m2/repository/io/netty/netty-codec-http2/4.1.121.Final/netty-codec-http2-4.1.121.Final.jar:/home/runner/.m2/repository/io/netty/netty-resolver/4.1.121.Final/netty-resolver-4.1.121.Final.jar:/home/runner/.m2/repository/io/netty/netty-resolver-dns/4.1.121.Final/netty-resolver-dns-4.1.121.Final.jar:/home/runner/.m2/repository/io/netty/netty-codec-dns/4.1.121.Final/netty-codec-dns-4.1.121.Final.jar:/home/runner/.m2/repository/com/fasterxml/jackson/core/jackson-core/2.18.2/jackson-core-2.18.2.jar:"/>
    <property name="sun.cpu.endian" value="little"/>
    <property name="user.home" value="/home/runner"/>
    <property name="user.language" value="en"/>
    <property name="jboss.log-version" value="false"/>
    <property name="java.specification.vendor" value="Oracle Corporation"/>
    <property name="java.version.date" value="2025-07-15"/>
    <property name="java.home" value="/usr/lib/jvm/temurin-17-jdk-amd64"/>
    <property name="file.separator" value="/"/>
    <property name="basedir" value="/home/runner/work/apicurio-testing/apicurio-testing/clusters/ci419/namespaces/mysql/tests/integration/apicurio-registry/integration-tests"/>
    <property name="java.vm.compressedOopsMode" value="32-bit"/>
    <property name="line.separator" value="&#10;"/>
    <property name="java.specification.name" value="Java Platform API Specification"/>
    <property name="java.vm.specification.vendor" value="Oracle Corporation"/>
    <property name="quarkus.http.test-host" value="registry-app-mysql.apps.ci419.apicurio-testing.org"/>
    <property name="surefire.real.class.path" value="/home/runner/work/apicurio-testing/apicurio-testing/clusters/ci419/namespaces/mysql/tests/integration/apicurio-registry/integration-tests/target/surefire/surefirebooter-20250813164125806_3.jar"/>
    <property name="sun.management.compiler" value="HotSpot 64-Bit Tiered Compilers"/>
    <property name="org.eclipse.jetty.http.HttpGenerator.STRICT" value="true"/>
    <property name="java.runtime.version" value="17.0.16+8"/>
    <property name="user.name" value="runner"/>
    <property name="path.separator" value=":"/>
    <property name="os.version" value="6.8.0-1031-azure"/>
    <property name="java.runtime.name" value="OpenJDK Runtime Environment"/>
    <property name="file.encoding" value="UTF-8"/>
    <property name="jnidispatch.path" value="/home/runner/.cache/JNA/temp/jna17797574117628700509.tmp"/>
    <property name="java.vm.name" value="OpenJDK 64-Bit Server VM"/>
    <property name="jna.platform.library.path" value="/usr/lib/x86_64-linux-gnu:/lib/x86_64-linux-gnu:/usr/lib64:/lib64:/usr/lib:/lib:/lib32:/usr/local/lib:/usr/lib/x86_64-linux-gnu/libfakeroot"/>
    <property name="java.vendor.version" value="Temurin-17.0.16+8"/>
    <property name="quarkus.oidc.token-path" value="https://keycloak-mysql.apps.ci419.apicurio-testing.org/realms/registry/protocol/openid-connect/token"/>
    <property name="quarkus.http.host" value="registry-app-mysql.apps.ci419.apicurio-testing.org"/>
    <property name="localRepository" value="/home/runner/.m2/repository"/>
    <property name="javax.xml.xpath.XPathFactory:http://java.sun.com/jaxp/xpath/dom" value="com.sun.org.apache.xpath.internal.jaxp.XPathFactoryImpl"/>
    <property name="jna.loaded" value="true"/>
    <property name="java.vendor.url.bug" value="https://github.com/adoptium/adoptium-support/issues"/>
    <property name="jetty.git.hash" value="5bc5e562c8d05c5862505aebe5cf83a61bdbcb96"/>
    <property name="java.io.tmpdir" value="/tmp"/>
    <property name="quarkus.http.test-protocol" value="http"/>
    <property name="java.version" value="17.0.16"/>
    <property name="user.dir" value="/home/runner/work/apicurio-testing/apicurio-testing/clusters/ci419/namespaces/mysql/tests/integration/apicurio-registry/integration-tests"/>
    <property name="os.arch" value="amd64"/>
    <property name="groups" value="( smoke | serdes | acceptance | ui)"/>
    <property name="java.vm.specification.name" value="Java Virtual Machine Specification"/>
    <property name="native.encoding" value="UTF-8"/>
    <property name="java.util.logging.manager" value="org.jboss.logmanager.LogManager"/>
    <property name="java.library.path" value="/usr/java/packages/lib:/usr/lib64:/lib64:/lib:/usr/lib"/>
    <property name="jdk.console" value="java.base"/>
    <property name="java.vm.info" value="mixed mode, sharing"/>
    <property name="java.vendor" value="Eclipse Adoptium"/>
    <property name="java.vm.version" value="17.0.16+8"/>
    <property name="java.specification.maintenance.version" value="1"/>
    <property name="sun.io.unicode.encoding" value="UnicodeLittle"/>
    <property name="javax.xml.transform.TransformerFactory" value="com.sun.org.apache.xalan.internal.xsltc.trax.TransformerFactoryImpl"/>
    <property name="java.class.version" value="61.0"/>
  </properties>
  <testcase name="testGlobalIdInHeaders" classname="io.apicurio.tests.serdes.apicurio.AvroSerdeIT" time="6.371">
    <system-out><![CDATA[**** Registry Base URL: http://registry-app-mysql.apps.ci419.apicurio-testing.org:80
**** Registry Base URL: http://registry-app-mysql.apps.ci419.apicurio-testing.org:80
2025-08-13 16:41:40,178 INFO  [io.api.tes.ser.api.AvroSerdeIT] (main) RestAssured configured with http://registry-app-mysql.apps.ci419.apicurio-testing.org:80/apis/registry/v3
2025-08-13 16:41:40,342 INFO  [io.api.tes.uti.KafkaFacade] (main) Starting kafka container
2025-08-13 16:41:40,378 INFO  [org.tes.ima.PullPolicy] (main) Image pull policy will be performed by: DefaultPullPolicy()
2025-08-13 16:41:40,381 INFO  [org.tes.uti.ImageNameSubstitutor] (main) Image name substitution will be performed by: DefaultImageNameSubstitutor (composite of 'ConfigurationFileImageNameSubstitutor' and 'PrefixingImageNameSubstitutor')
2025-08-13 16:41:40,392 INFO  [org.tes.DockerClientFactory] (main) Testcontainers version: 1.20.6
2025-08-13 16:41:40,955 INFO  [org.tes.doc.DockerClientProviderStrategy] (main) Found Docker environment with local Unix socket (unix:///var/run/docker.sock)
2025-08-13 16:41:40,964 INFO  [org.tes.DockerClientFactory] (main) Docker host IP address is localhost
2025-08-13 16:41:40,981 INFO  [org.tes.DockerClientFactory] (main) Connected to docker: 
  Server Version: 28.0.4
  API Version: 1.48
  Operating System: Ubuntu 22.04.5 LTS
  Total Memory: 7944 MB
2025-08-13 16:41:41,029 INFO  [tc.tes.11.0] (main) Pulling docker image: testcontainers/ryuk:0.11.0. Please be patient; this may take some time but only needs to be done once.
2025-08-13 16:41:42,133 INFO  [tc.tes.11.0] (docker-java-stream--1295187651) Starting to pull image
2025-08-13 16:41:42,156 INFO  [tc.tes.11.0] (docker-java-stream--1295187651) Pulling image layers:  0 pending,  0 downloaded,  0 extracted, (0 bytes/0 bytes)
2025-08-13 16:41:42,693 INFO  [tc.tes.11.0] (docker-java-stream--1295187651) Pulling image layers:  2 pending,  1 downloaded,  0 extracted, (114 KB/? MB)
2025-08-13 16:41:42,707 INFO  [tc.tes.11.0] (docker-java-stream--1295187651) Pulling image layers:  1 pending,  2 downloaded,  0 extracted, (142 KB/? MB)
2025-08-13 16:41:42,736 INFO  [tc.tes.11.0] (docker-java-stream--1295187651) Pulling image layers:  0 pending,  3 downloaded,  0 extracted, (142 KB/10 MB)
2025-08-13 16:41:42,820 INFO  [tc.tes.11.0] (docker-java-stream--1295187651) Pulling image layers:  0 pending,  3 downloaded,  1 extracted, (3 MB/10 MB)
2025-08-13 16:41:43,824 INFO  [tc.tes.11.0] (docker-java-stream--1295187651) Pulling image layers:  0 pending,  3 downloaded,  2 extracted, (4 MB/10 MB)
2025-08-13 16:41:43,867 INFO  [tc.tes.11.0] (docker-java-stream--1295187651) Pulling image layers:  0 pending,  3 downloaded,  3 extracted, (10 MB/10 MB)
2025-08-13 16:41:43,875 INFO  [tc.tes.11.0] (docker-java-stream--1295187651) Pull complete. 3 layers, pulled in 1s (downloaded 10 MB at 10 MB/s)
2025-08-13 16:41:43,875 INFO  [tc.tes.11.0] (main) Image testcontainers/ryuk:0.11.0 pull took PT2.846141027S
2025-08-13 16:41:43,910 INFO  [tc.tes.11.0] (main) Creating container for image: testcontainers/ryuk:0.11.0
2025-08-13 16:41:44,006 INFO  [tc.tes.11.0] (main) Container testcontainers/ryuk:0.11.0 is starting: 39318dc0c65f8019e2d4809adc22452f415478b07bc6c302189ddaff1675986a
2025-08-13 16:41:44,416 INFO  [tc.tes.11.0] (main) Container testcontainers/ryuk:0.11.0 started in PT0.506174992S
2025-08-13 16:41:44,421 INFO  [org.tes.uti.RyukResourceReaper] (main) Ryuk started - will monitor and terminate Testcontainers containers on JVM exit
2025-08-13 16:41:44,422 INFO  [org.tes.DockerClientFactory] (main) Checking the system...
2025-08-13 16:41:44,422 INFO  [org.tes.DockerClientFactory] (main) ✔︎ Docker server version should be at least 1.6.0
2025-08-13 16:41:44,426 INFO  [io.str.tes.con.KafkaVersionService] (main) Latest release of Kafka is:LogicalKafkaVersionEntity{version='4.0.0', image='quay.io/strimzi-test-container/test-container:0.111.0-kafka-4.0.0'}
2025-08-13 16:41:44,426 INFO  [io.str.tes.con.KafkaVersionService] (main) Latest release of Kafka is:LogicalKafkaVersionEntity{version='4.0.0', image='quay.io/strimzi-test-container/test-container:0.111.0-kafka-4.0.0'}
2025-08-13 16:41:44,427 INFO  [io.str.tes.con.KafkaVersionService] (main) No Kafka version specified. Using latest release: 4.0.0
2025-08-13 16:41:44,434 INFO  [tc.qua.io/.111.0-k.0.0] (main) Pulling docker image: quay.io/strimzi-test-container/test-container:0.111.0-kafka-4.0.0. Please be patient; this may take some time but only needs to be done once.
2025-08-13 16:41:45,569 INFO  [tc.qua.io/.111.0-k.0.0] (docker-java-stream--29267298) Starting to pull image
2025-08-13 16:41:45,570 INFO  [tc.qua.io/.111.0-k.0.0] (docker-java-stream--29267298) Pulling image layers:  0 pending,  0 downloaded,  0 extracted, (0 bytes/0 bytes)
2025-08-13 16:41:46,163 INFO  [tc.qua.io/.111.0-k.0.0] (docker-java-stream--29267298) Pulling image layers:  6 pending,  1 downloaded,  0 extracted, (935 KB/? MB)
2025-08-13 16:41:46,454 INFO  [tc.qua.io/.111.0-k.0.0] (docker-java-stream--29267298) Pulling image layers:  5 pending,  2 downloaded,  0 extracted, (28 MB/? MB)
2025-08-13 16:41:46,693 INFO  [tc.qua.io/.111.0-k.0.0] (docker-java-stream--29267298) Pulling image layers:  4 pending,  3 downloaded,  0 extracted, (88 MB/? MB)
2025-08-13 16:41:46,986 INFO  [tc.qua.io/.111.0-k.0.0] (docker-java-stream--29267298) Pulling image layers:  3 pending,  4 downloaded,  0 extracted, (142 MB/? MB)
2025-08-13 16:41:46,987 INFO  [tc.qua.io/.111.0-k.0.0] (docker-java-stream--29267298) Pulling image layers:  2 pending,  5 downloaded,  0 extracted, (142 MB/? MB)
2025-08-13 16:41:47,282 INFO  [tc.qua.io/.111.0-k.0.0] (docker-java-stream--29267298) Pulling image layers:  1 pending,  6 downloaded,  0 extracted, (167 MB/? MB)
2025-08-13 16:41:47,859 INFO  [tc.qua.io/.111.0-k.0.0] (docker-java-stream--29267298) Pulling image layers:  0 pending,  7 downloaded,  0 extracted, (236 MB/249 MB)
2025-08-13 16:41:48,021 INFO  [tc.qua.io/.111.0-k.0.0] (docker-java-stream--29267298) Pulling image layers:  0 pending,  7 downloaded,  1 extracted, (236 MB/249 MB)
2025-08-13 16:41:52,208 INFO  [tc.qua.io/.111.0-k.0.0] (docker-java-stream--29267298) Pulling image layers:  0 pending,  7 downloaded,  2 extracted, (236 MB/249 MB)
2025-08-13 16:41:52,241 INFO  [tc.qua.io/.111.0-k.0.0] (docker-java-stream--29267298) Pulling image layers:  0 pending,  7 downloaded,  3 extracted, (239 MB/249 MB)
2025-08-13 16:41:52,259 INFO  [tc.qua.io/.111.0-k.0.0] (docker-java-stream--29267298) Pulling image layers:  0 pending,  7 downloaded,  4 extracted, (239 MB/249 MB)
2025-08-13 16:41:52,998 INFO  [tc.qua.io/.111.0-k.0.0] (docker-java-stream--29267298) Pulling image layers:  0 pending,  7 downloaded,  5 extracted, (249 MB/249 MB)
2025-08-13 16:41:53,388 INFO  [tc.qua.io/.111.0-k.0.0] (docker-java-stream--29267298) Pulling image layers:  0 pending,  7 downloaded,  6 extracted, (249 MB/249 MB)
2025-08-13 16:41:53,401 INFO  [tc.qua.io/.111.0-k.0.0] (docker-java-stream--29267298) Pulling image layers:  0 pending,  7 downloaded,  7 extracted, (249 MB/249 MB)
2025-08-13 16:41:53,410 INFO  [tc.qua.io/.111.0-k.0.0] (main) Image quay.io/strimzi-test-container/test-container:0.111.0-kafka-4.0.0 pull took PT8.975928797S
2025-08-13 16:41:53,410 INFO  [tc.qua.io/.111.0-k.0.0] (docker-java-stream--29267298) Pull complete. 7 layers, pulled in 7s (downloaded 249 MB at 35 MB/s)
2025-08-13 16:41:53,414 INFO  [tc.qua.io/.111.0-k.0.0] (main) Creating container for image: quay.io/strimzi-test-container/test-container:0.111.0-kafka-4.0.0
2025-08-13 16:41:53,489 INFO  [tc.qua.io/.111.0-k.0.0] (main) Container quay.io/strimzi-test-container/test-container:0.111.0-kafka-4.0.0 is starting: b2cb9b3a3330aba18648f937d3592d0a48f8eda5b244f2d76077c92771f914da
2025-08-13 16:41:53,667 INFO  [io.str.tes.con.StrimziKafkaContainer] (main) Mapped port: 32769
2025-08-13 16:41:53,668 WARN  [io.str.tes.con.StrimziKafkaContainer] (main) Node ID is not set. Using broker ID 0 as the default node ID.
2025-08-13 16:41:53,668 INFO  [io.str.tes.con.StrimziKafkaContainer] (main) This is all advertised listeners for Kafka PLAINTEXT://localhost:32769,BROKER1://172.18.0.2:9091,CONTROLLER://broker-0:9094
2025-08-13 16:41:53,702 INFO  [io.str.tes.con.StrimziKafkaContainer] (main) New `cluster.id` has been generated: qKHj6WxtSVqL2ounD9m8uw
2025-08-13 16:41:53,704 INFO  [io.str.tes.con.StrimziKafkaContainer] (main) Copying command to 'STARTER_SCRIPT' script.
2025-08-13 16:41:59,190 INFO  [tc.qua.io/.111.0-k.0.0] (main) Container quay.io/strimzi-test-container/test-container:0.111.0-kafka-4.0.0 started in PT5.776175048S
2025-08-13 16:41:59,192 INFO  [io.api.tes.uti.TestSeparator] (main) ############################################################################
2025-08-13 16:41:59,192 INFO  [io.api.tes.uti.TestSeparator] (main) io.apicurio.tests.serdes.apicurio.AvroSerdeIT.testGlobalIdInHeaders-STARTED
2025-08-13 16:41:59,216 INFO  [org.apa.kaf.cli.adm.AdminClientConfig] (main) AdminClientConfig values: 
	auto.include.jmx.reporter = true
	bootstrap.controllers = []
	bootstrap.servers = [PLAINTEXT://localhost:32769]
	client.dns.lookup = use_all_dns_ips
	client.id = 
	connections.max.idle.ms = 10000
	default.api.timeout.ms = 60000
	enable.metrics.push = true
	metadata.max.age.ms = 300000
	metadata.recovery.strategy = none
	metric.reporters = []
	metrics.num.samples = 2
	metrics.recording.level = INFO
	metrics.sample.window.ms = 30000
	receive.buffer.bytes = 65536
	reconnect.backoff.max.ms = 1000
	reconnect.backoff.ms = 50
	request.timeout.ms = 5000
	retries = 2147483647
	retry.backoff.max.ms = 1000
	retry.backoff.ms = 100
	sasl.client.callback.handler.class = null
	sasl.jaas.config = null
	sasl.kerberos.kinit.cmd = /usr/bin/kinit
	sasl.kerberos.min.time.before.relogin = 60000
	sasl.kerberos.service.name = null
	sasl.kerberos.ticket.renew.jitter = 0.05
	sasl.kerberos.ticket.renew.window.factor = 0.8
	sasl.login.callback.handler.class = null
	sasl.login.class = null
	sasl.login.connect.timeout.ms = null
	sasl.login.read.timeout.ms = null
	sasl.login.refresh.buffer.seconds = 300
	sasl.login.refresh.min.period.seconds = 60
	sasl.login.refresh.window.factor = 0.8
	sasl.login.refresh.window.jitter = 0.05
	sasl.login.retry.backoff.max.ms = 10000
	sasl.login.retry.backoff.ms = 100
	sasl.mechanism = GSSAPI
	sasl.oauthbearer.clock.skew.seconds = 30
	sasl.oauthbearer.expected.audience = null
	sasl.oauthbearer.expected.issuer = null
	sasl.oauthbearer.header.urlencode = false
	sasl.oauthbearer.jwks.endpoint.refresh.ms = 3600000
	sasl.oauthbearer.jwks.endpoint.retry.backoff.max.ms = 10000
	sasl.oauthbearer.jwks.endpoint.retry.backoff.ms = 100
	sasl.oauthbearer.jwks.endpoint.url = null
	sasl.oauthbearer.scope.claim.name = scope
	sasl.oauthbearer.sub.claim.name = sub
	sasl.oauthbearer.token.endpoint.url = null
	security.protocol = PLAINTEXT
	security.providers = null
	send.buffer.bytes = 131072
	socket.connection.setup.timeout.max.ms = 30000
	socket.connection.setup.timeout.ms = 10000
	ssl.cipher.suites = null
	ssl.enabled.protocols = [TLSv1.2, TLSv1.3]
	ssl.endpoint.identification.algorithm = https
	ssl.engine.factory.class = null
	ssl.key.password = null
	ssl.keymanager.algorithm = SunX509
	ssl.keystore.certificate.chain = null
	ssl.keystore.key = null
	ssl.keystore.location = null
	ssl.keystore.password = null
	ssl.keystore.type = JKS
	ssl.protocol = TLSv1.3
	ssl.provider = null
	ssl.secure.random.implementation = null
	ssl.trustmanager.algorithm = PKIX
	ssl.truststore.certificates = null
	ssl.truststore.location = null
	ssl.truststore.password = null
	ssl.truststore.type = JKS

2025-08-13 16:41:59,584 INFO  [org.apa.kaf.com.uti.AppInfoParser] (main) Kafka version: 3.9.1
2025-08-13 16:41:59,584 INFO  [org.apa.kaf.com.uti.AppInfoParser] (main) Kafka commitId: f745dfdcee2b9851
2025-08-13 16:41:59,584 INFO  [org.apa.kaf.com.uti.AppInfoParser] (main) Kafka startTimeMs: 1755103319583
**** Registry Base URL: http://registry-app-mysql.apps.ci419.apicurio-testing.org:80
2025-08-13 16:41:59,646 INFO  [org.apa.kaf.cli.pro.ProducerConfig] (main) ProducerConfig values: 
	acks = -1
	auto.include.jmx.reporter = true
	batch.size = 16384
	bootstrap.servers = [PLAINTEXT://localhost:32769]
	buffer.memory = 33554432
	client.dns.lookup = use_all_dns_ips
	client.id = Producer-topic-c1536b86_abcf_4cd0_911d_a3e35484c1c7
	compression.gzip.level = -1
	compression.lz4.level = 9
	compression.type = none
	compression.zstd.level = 3
	connections.max.idle.ms = 10000
	delivery.timeout.ms = 120000
	enable.idempotence = true
	enable.metrics.push = true
	interceptor.classes = []
	key.serializer = class org.apache.kafka.common.serialization.StringSerializer
	linger.ms = 0
	max.block.ms = 60000
	max.in.flight.requests.per.connection = 5
	max.request.size = 1048576
	metadata.max.age.ms = 300000
	metadata.max.idle.ms = 300000
	metadata.recovery.strategy = none
	metric.reporters = []
	metrics.num.samples = 2
	metrics.recording.level = INFO
	metrics.sample.window.ms = 30000
	partitioner.adaptive.partitioning.enable = true
	partitioner.availability.timeout.ms = 0
	partitioner.class = null
	partitioner.ignore.keys = false
	receive.buffer.bytes = 32768
	reconnect.backoff.max.ms = 1000
	reconnect.backoff.ms = 50
	request.timeout.ms = 5000
	retries = 2147483647
	retry.backoff.max.ms = 1000
	retry.backoff.ms = 100
	sasl.client.callback.handler.class = null
	sasl.jaas.config = null
	sasl.kerberos.kinit.cmd = /usr/bin/kinit
	sasl.kerberos.min.time.before.relogin = 60000
	sasl.kerberos.service.name = null
	sasl.kerberos.ticket.renew.jitter = 0.05
	sasl.kerberos.ticket.renew.window.factor = 0.8
	sasl.login.callback.handler.class = null
	sasl.login.class = null
	sasl.login.connect.timeout.ms = null
	sasl.login.read.timeout.ms = null
	sasl.login.refresh.buffer.seconds = 300
	sasl.login.refresh.min.period.seconds = 60
	sasl.login.refresh.window.factor = 0.8
	sasl.login.refresh.window.jitter = 0.05
	sasl.login.retry.backoff.max.ms = 10000
	sasl.login.retry.backoff.ms = 100
	sasl.mechanism = GSSAPI
	sasl.oauthbearer.clock.skew.seconds = 30
	sasl.oauthbearer.expected.audience = null
	sasl.oauthbearer.expected.issuer = null
	sasl.oauthbearer.header.urlencode = false
	sasl.oauthbearer.jwks.endpoint.refresh.ms = 3600000
	sasl.oauthbearer.jwks.endpoint.retry.backoff.max.ms = 10000
	sasl.oauthbearer.jwks.endpoint.retry.backoff.ms = 100
	sasl.oauthbearer.jwks.endpoint.url = null
	sasl.oauthbearer.scope.claim.name = scope
	sasl.oauthbearer.sub.claim.name = sub
	sasl.oauthbearer.token.endpoint.url = null
	security.protocol = PLAINTEXT
	security.providers = null
	send.buffer.bytes = 131072
	socket.connection.setup.timeout.max.ms = 30000
	socket.connection.setup.timeout.ms = 10000
	ssl.cipher.suites = null
	ssl.enabled.protocols = [TLSv1.2, TLSv1.3]
	ssl.endpoint.identification.algorithm = https
	ssl.engine.factory.class = null
	ssl.key.password = null
	ssl.keymanager.algorithm = SunX509
	ssl.keystore.certificate.chain = null
	ssl.keystore.key = null
	ssl.keystore.location = null
	ssl.keystore.password = null
	ssl.keystore.type = JKS
	ssl.protocol = TLSv1.3
	ssl.provider = null
	ssl.secure.random.implementation = null
	ssl.trustmanager.algorithm = PKIX
	ssl.truststore.certificates = null
	ssl.truststore.location = null
	ssl.truststore.password = null
	ssl.truststore.type = JKS
	transaction.timeout.ms = 60000
	transactional.id = null
	value.serializer = class io.apicurio.registry.serde.avro.AvroKafkaSerializer

2025-08-13 16:41:59,692 INFO  [org.apa.kaf.com.tel.int.KafkaMetricsCollector] (main) initializing Kafka metrics collector
2025-08-13 16:41:59,721 INFO  [org.apa.kaf.cli.pro.KafkaProducer] (main) [Producer clientId=Producer-topic-c1536b86_abcf_4cd0_911d_a3e35484c1c7] Instantiated an idempotent producer.
2025-08-13 16:41:59,745 INFO  [org.apa.kaf.cli.pro.ProducerConfig] (main) These configurations '[apicurio.registry.url, apicurio.registry.auto-register, apicurio.registry.use-id, apicurio.registry.artifact-resolver-strategy]' were supplied but are not used yet.
2025-08-13 16:41:59,746 INFO  [org.apa.kaf.com.uti.AppInfoParser] (main) Kafka version: 3.9.1
2025-08-13 16:41:59,746 INFO  [org.apa.kaf.com.uti.AppInfoParser] (main) Kafka commitId: f745dfdcee2b9851
2025-08-13 16:41:59,746 INFO  [org.apa.kaf.com.uti.AppInfoParser] (main) Kafka startTimeMs: 1755103319746
2025-08-13 16:41:59,746 INFO  [io.api.tes.ser.api.SimpleSerdesTesterBuilder$SimpleSerdesTester] (main) Using producer configuration: {apicurio.registry.url=http://registry-app-mysql.apps.ci419.apicurio-testing.org:80/apis/registry/v3, apicurio.registry.auto-register=true, apicurio.registry.use-id=globalId, apicurio.registry.artifact-resolver-strategy=io.apicurio.registry.serde.strategy.TopicIdStrategy, value.serializer=io.apicurio.registry.serde.avro.AvroKafkaSerializer, request.timeout.ms=5000, acks=all, bootstrap.servers=PLAINTEXT://localhost:32769, connections.max.idle.ms=10000, key.serializer=org.apache.kafka.common.serialization.StringSerializer, client.id=Producer-topic-c1536b86_abcf_4cd0_911d_a3e35484c1c7}
2025-08-13 16:41:59,746 INFO  [io.api.tes.ser.api.SimpleSerdesTesterBuilder$SimpleSerdesTester] (main) Using consumer configuration: {apicurio.registry.use-id=globalId}
2025-08-13 16:41:59,750 INFO  [io.api.tes.ser.api.KafkaSerdesTester] (Thread-600) Sending message {"key11755103319613": "value-0"} to topic topic-c1536b86_abcf_4cd0_911d_a3e35484c1c7
2025-08-13 16:42:00,204 WARN  [org.apa.kaf.cli.NetworkClient] (kafka-producer-network-thread | Producer-topic-c1536b86_abcf_4cd0_911d_a3e35484c1c7) [Producer clientId=Producer-topic-c1536b86_abcf_4cd0_911d_a3e35484c1c7] The metadata response from the cluster reported a recoverable issue with correlation id 1 : {topic-c1536b86_abcf_4cd0_911d_a3e35484c1c7=UNKNOWN_TOPIC_OR_PARTITION}
2025-08-13 16:42:00,205 INFO  [org.apa.kaf.cli.Metadata] (kafka-producer-network-thread | Producer-topic-c1536b86_abcf_4cd0_911d_a3e35484c1c7) [Producer clientId=Producer-topic-c1536b86_abcf_4cd0_911d_a3e35484c1c7] Cluster ID: qKHj6WxtSVqL2ounD9m8uw
2025-08-13 16:42:00,334 INFO  [org.apa.kaf.cli.pro.int.TransactionManager] (kafka-producer-network-thread | Producer-topic-c1536b86_abcf_4cd0_911d_a3e35484c1c7) [Producer clientId=Producer-topic-c1536b86_abcf_4cd0_911d_a3e35484c1c7] ProducerId set to 0 with epoch 0
2025-08-13 16:42:00,598 INFO  [io.api.tes.ser.api.KafkaSerdesTester] (Thread-600) Sending message {"key11755103319613": "value-1"} to topic topic-c1536b86_abcf_4cd0_911d_a3e35484c1c7
2025-08-13 16:42:00,604 INFO  [io.api.tes.ser.api.KafkaSerdesTester] (Thread-600) Sending message {"key11755103319613": "value-2"} to topic topic-c1536b86_abcf_4cd0_911d_a3e35484c1c7
2025-08-13 16:42:00,610 INFO  [io.api.tes.ser.api.KafkaSerdesTester] (Thread-600) Sending message {"key11755103319613": "value-3"} to topic topic-c1536b86_abcf_4cd0_911d_a3e35484c1c7
2025-08-13 16:42:00,614 INFO  [io.api.tes.ser.api.KafkaSerdesTester] (Thread-600) Sending message {"key11755103319613": "value-4"} to topic topic-c1536b86_abcf_4cd0_911d_a3e35484c1c7
2025-08-13 16:42:00,620 INFO  [io.api.tes.ser.api.KafkaSerdesTester] (Thread-600) Sending message {"key11755103319613": "value-5"} to topic topic-c1536b86_abcf_4cd0_911d_a3e35484c1c7
2025-08-13 16:42:00,625 INFO  [io.api.tes.ser.api.KafkaSerdesTester] (Thread-600) Sending message {"key11755103319613": "value-6"} to topic topic-c1536b86_abcf_4cd0_911d_a3e35484c1c7
2025-08-13 16:42:00,629 INFO  [io.api.tes.ser.api.KafkaSerdesTester] (Thread-600) Sending message {"key11755103319613": "value-7"} to topic topic-c1536b86_abcf_4cd0_911d_a3e35484c1c7
2025-08-13 16:42:00,632 INFO  [io.api.tes.ser.api.KafkaSerdesTester] (Thread-600) Sending message {"key11755103319613": "value-8"} to topic topic-c1536b86_abcf_4cd0_911d_a3e35484c1c7
2025-08-13 16:42:00,636 INFO  [io.api.tes.ser.api.KafkaSerdesTester] (Thread-600) Sending message {"key11755103319613": "value-9"} to topic topic-c1536b86_abcf_4cd0_911d_a3e35484c1c7
2025-08-13 16:42:00,639 INFO  [io.api.tes.ser.api.KafkaSerdesTester] (Thread-600) Produced 10 messages
2025-08-13 16:42:00,640 INFO  [org.apa.kaf.cli.pro.KafkaProducer] (Thread-600) [Producer clientId=Producer-topic-c1536b86_abcf_4cd0_911d_a3e35484c1c7] Closing the Kafka producer with timeoutMillis = 9223372036854775807 ms.
2025-08-13 16:42:00,664 INFO  [org.apa.kaf.com.met.Metrics] (Thread-600) Metrics scheduler closed
2025-08-13 16:42:00,664 INFO  [org.apa.kaf.com.met.Metrics] (Thread-600) Closing reporter org.apache.kafka.common.metrics.JmxReporter
2025-08-13 16:42:00,664 INFO  [org.apa.kaf.com.met.Metrics] (Thread-600) Closing reporter org.apache.kafka.common.telemetry.internals.ClientTelemetryReporter
2025-08-13 16:42:00,664 INFO  [org.apa.kaf.com.met.Metrics] (Thread-600) Metrics reporters closed
2025-08-13 16:42:00,668 INFO  [org.apa.kaf.com.uti.AppInfoParser] (Thread-600) App info kafka.producer for Producer-topic-c1536b86_abcf_4cd0_911d_a3e35484c1c7 unregistered
**** Registry Base URL: http://registry-app-mysql.apps.ci419.apicurio-testing.org:80
2025-08-13 16:42:00,853 INFO  [org.apa.kaf.cli.con.ConsumerConfig] (main) ConsumerConfig values: 
	allow.auto.create.topics = true
	auto.commit.interval.ms = 500
	auto.include.jmx.reporter = true
	auto.offset.reset = earliest
	bootstrap.servers = [PLAINTEXT://localhost:32769]
	check.crcs = true
	client.dns.lookup = use_all_dns_ips
	client.id = consumer-Consumer-topic-c1536b86_abcf_4cd0_911d_a3e35484c1c7-1
	client.rack = 
	connections.max.idle.ms = 10000
	default.api.timeout.ms = 60000
	enable.auto.commit = true
	enable.metrics.push = true
	exclude.internal.topics = true
	fetch.max.bytes = 52428800
	fetch.max.wait.ms = 500
	fetch.min.bytes = 1
	group.id = Consumer-topic-c1536b86_abcf_4cd0_911d_a3e35484c1c7
	group.instance.id = null
	group.protocol = classic
	group.remote.assignor = null
	heartbeat.interval.ms = 3000
	interceptor.classes = []
	internal.leave.group.on.close = true
	internal.throw.on.fetch.stable.offset.unsupported = false
	isolation.level = read_uncommitted
	key.deserializer = class org.apache.kafka.common.serialization.StringDeserializer
	max.partition.fetch.bytes = 1048576
	max.poll.interval.ms = 300000
	max.poll.records = 500
	metadata.max.age.ms = 300000
	metadata.recovery.strategy = none
	metric.reporters = []
	metrics.num.samples = 2
	metrics.recording.level = INFO
	metrics.sample.window.ms = 30000
	partition.assignment.strategy = [class org.apache.kafka.clients.consumer.RangeAssignor, class org.apache.kafka.clients.consumer.CooperativeStickyAssignor]
	receive.buffer.bytes = 65536
	reconnect.backoff.max.ms = 1000
	reconnect.backoff.ms = 50
	request.timeout.ms = 5000
	retry.backoff.max.ms = 1000
	retry.backoff.ms = 100
	sasl.client.callback.handler.class = null
	sasl.jaas.config = null
	sasl.kerberos.kinit.cmd = /usr/bin/kinit
	sasl.kerberos.min.time.before.relogin = 60000
	sasl.kerberos.service.name = null
	sasl.kerberos.ticket.renew.jitter = 0.05
	sasl.kerberos.ticket.renew.window.factor = 0.8
	sasl.login.callback.handler.class = null
	sasl.login.class = null
	sasl.login.connect.timeout.ms = null
	sasl.login.read.timeout.ms = null
	sasl.login.refresh.buffer.seconds = 300
	sasl.login.refresh.min.period.seconds = 60
	sasl.login.refresh.window.factor = 0.8
	sasl.login.refresh.window.jitter = 0.05
	sasl.login.retry.backoff.max.ms = 10000
	sasl.login.retry.backoff.ms = 100
	sasl.mechanism = GSSAPI
	sasl.oauthbearer.clock.skew.seconds = 30
	sasl.oauthbearer.expected.audience = null
	sasl.oauthbearer.expected.issuer = null
	sasl.oauthbearer.header.urlencode = false
	sasl.oauthbearer.jwks.endpoint.refresh.ms = 3600000
	sasl.oauthbearer.jwks.endpoint.retry.backoff.max.ms = 10000
	sasl.oauthbearer.jwks.endpoint.retry.backoff.ms = 100
	sasl.oauthbearer.jwks.endpoint.url = null
	sasl.oauthbearer.scope.claim.name = scope
	sasl.oauthbearer.sub.claim.name = sub
	sasl.oauthbearer.token.endpoint.url = null
	security.protocol = PLAINTEXT
	security.providers = null
	send.buffer.bytes = 131072
	session.timeout.ms = 45000
	socket.connection.setup.timeout.max.ms = 30000
	socket.connection.setup.timeout.ms = 10000
	ssl.cipher.suites = null
	ssl.enabled.protocols = [TLSv1.2, TLSv1.3]
	ssl.endpoint.identification.algorithm = https
	ssl.engine.factory.class = null
	ssl.key.password = null
	ssl.keymanager.algorithm = SunX509
	ssl.keystore.certificate.chain = null
	ssl.keystore.key = null
	ssl.keystore.location = null
	ssl.keystore.password = null
	ssl.keystore.type = JKS
	ssl.protocol = TLSv1.3
	ssl.provider = null
	ssl.secure.random.implementation = null
	ssl.trustmanager.algorithm = PKIX
	ssl.truststore.certificates = null
	ssl.truststore.location = null
	ssl.truststore.password = null
	ssl.truststore.type = JKS
	value.deserializer = class io.apicurio.registry.serde.avro.AvroKafkaDeserializer

2025-08-13 16:42:00,861 INFO  [org.apa.kaf.com.tel.int.KafkaMetricsCollector] (main) initializing Kafka metrics collector
2025-08-13 16:42:00,910 INFO  [org.apa.kaf.cli.con.ConsumerConfig] (main) These configurations '[apicurio.registry.url, apicurio.registry.use-id]' were supplied but are not used yet.
2025-08-13 16:42:00,911 INFO  [org.apa.kaf.com.uti.AppInfoParser] (main) Kafka version: 3.9.1
2025-08-13 16:42:00,911 INFO  [org.apa.kaf.com.uti.AppInfoParser] (main) Kafka commitId: f745dfdcee2b9851
2025-08-13 16:42:00,911 INFO  [org.apa.kaf.com.uti.AppInfoParser] (main) Kafka startTimeMs: 1755103320911
2025-08-13 16:42:00,915 INFO  [org.apa.kaf.cli.con.int.ClassicKafkaConsumer] (Thread-603) [Consumer clientId=consumer-Consumer-topic-c1536b86_abcf_4cd0_911d_a3e35484c1c7-1, groupId=Consumer-topic-c1536b86_abcf_4cd0_911d_a3e35484c1c7] Subscribed to topic(s): topic-c1536b86_abcf_4cd0_911d_a3e35484c1c7
2025-08-13 16:42:00,928 INFO  [org.apa.kaf.cli.Metadata] (Thread-603) [Consumer clientId=consumer-Consumer-topic-c1536b86_abcf_4cd0_911d_a3e35484c1c7-1, groupId=Consumer-topic-c1536b86_abcf_4cd0_911d_a3e35484c1c7] Cluster ID: qKHj6WxtSVqL2ounD9m8uw
2025-08-13 16:42:01,062 INFO  [org.apa.kaf.cli.con.int.ConsumerCoordinator] (Thread-603) [Consumer clientId=consumer-Consumer-topic-c1536b86_abcf_4cd0_911d_a3e35484c1c7-1, groupId=Consumer-topic-c1536b86_abcf_4cd0_911d_a3e35484c1c7] Discovered group coordinator localhost:32769 (id: 2147483647 rack: null)
2025-08-13 16:42:01,074 INFO  [org.apa.kaf.cli.con.int.ConsumerCoordinator] (Thread-603) [Consumer clientId=consumer-Consumer-topic-c1536b86_abcf_4cd0_911d_a3e35484c1c7-1, groupId=Consumer-topic-c1536b86_abcf_4cd0_911d_a3e35484c1c7] (Re-)joining group
2025-08-13 16:42:01,113 INFO  [org.apa.kaf.cli.con.int.ConsumerCoordinator] (Thread-603) [Consumer clientId=consumer-Consumer-topic-c1536b86_abcf_4cd0_911d_a3e35484c1c7-1, groupId=Consumer-topic-c1536b86_abcf_4cd0_911d_a3e35484c1c7] Group coordinator localhost:32769 (id: 2147483647 rack: null) is unavailable or invalid due to cause: error response NOT_COORDINATOR. isDisconnected: false. Rediscovery will be attempted.
2025-08-13 16:42:01,114 INFO  [org.apa.kaf.cli.con.int.ConsumerCoordinator] (Thread-603) [Consumer clientId=consumer-Consumer-topic-c1536b86_abcf_4cd0_911d_a3e35484c1c7-1, groupId=Consumer-topic-c1536b86_abcf_4cd0_911d_a3e35484c1c7] Requesting disconnect from last known coordinator localhost:32769 (id: 2147483647 rack: null)
2025-08-13 16:42:01,115 INFO  [org.apa.kaf.cli.con.int.ConsumerCoordinator] (Thread-603) [Consumer clientId=consumer-Consumer-topic-c1536b86_abcf_4cd0_911d_a3e35484c1c7-1, groupId=Consumer-topic-c1536b86_abcf_4cd0_911d_a3e35484c1c7] JoinGroup failed: This is not the correct coordinator. Marking coordinator unknown. Sent generation was Generation{generationId=-1, memberId='', protocol='null'}
2025-08-13 16:42:01,115 INFO  [org.apa.kaf.cli.NetworkClient] (Thread-603) [Consumer clientId=consumer-Consumer-topic-c1536b86_abcf_4cd0_911d_a3e35484c1c7-1, groupId=Consumer-topic-c1536b86_abcf_4cd0_911d_a3e35484c1c7] Client requested disconnect from node 2147483647
2025-08-13 16:42:01,122 INFO  [org.apa.kaf.cli.con.int.ConsumerCoordinator] (Thread-603) [Consumer clientId=consumer-Consumer-topic-c1536b86_abcf_4cd0_911d_a3e35484c1c7-1, groupId=Consumer-topic-c1536b86_abcf_4cd0_911d_a3e35484c1c7] Discovered group coordinator localhost:32769 (id: 2147483647 rack: null)
2025-08-13 16:42:01,122 INFO  [org.apa.kaf.cli.con.int.ConsumerCoordinator] (Thread-603) [Consumer clientId=consumer-Consumer-topic-c1536b86_abcf_4cd0_911d_a3e35484c1c7-1, groupId=Consumer-topic-c1536b86_abcf_4cd0_911d_a3e35484c1c7] Group coordinator localhost:32769 (id: 2147483647 rack: null) is unavailable or invalid due to cause: coordinator unavailable. isDisconnected: false. Rediscovery will be attempted.
2025-08-13 16:42:01,122 INFO  [org.apa.kaf.cli.con.int.ConsumerCoordinator] (Thread-603) [Consumer clientId=consumer-Consumer-topic-c1536b86_abcf_4cd0_911d_a3e35484c1c7-1, groupId=Consumer-topic-c1536b86_abcf_4cd0_911d_a3e35484c1c7] Requesting disconnect from last known coordinator localhost:32769 (id: 2147483647 rack: null)
2025-08-13 16:42:01,249 INFO  [org.apa.kaf.cli.con.int.ConsumerCoordinator] (Thread-603) [Consumer clientId=consumer-Consumer-topic-c1536b86_abcf_4cd0_911d_a3e35484c1c7-1, groupId=Consumer-topic-c1536b86_abcf_4cd0_911d_a3e35484c1c7] Discovered group coordinator localhost:32769 (id: 2147483647 rack: null)
2025-08-13 16:42:01,251 INFO  [org.apa.kaf.cli.con.int.ConsumerCoordinator] (Thread-603) [Consumer clientId=consumer-Consumer-topic-c1536b86_abcf_4cd0_911d_a3e35484c1c7-1, groupId=Consumer-topic-c1536b86_abcf_4cd0_911d_a3e35484c1c7] Request joining group due to: rebalance failed due to 'This is not the correct coordinator.' (NotCoordinatorException)
2025-08-13 16:42:01,252 INFO  [org.apa.kaf.cli.con.int.ConsumerCoordinator] (Thread-603) [Consumer clientId=consumer-Consumer-topic-c1536b86_abcf_4cd0_911d_a3e35484c1c7-1, groupId=Consumer-topic-c1536b86_abcf_4cd0_911d_a3e35484c1c7] (Re-)joining group
2025-08-13 16:42:01,265 INFO  [org.apa.kaf.cli.con.int.ConsumerCoordinator] (Thread-603) [Consumer clientId=consumer-Consumer-topic-c1536b86_abcf_4cd0_911d_a3e35484c1c7-1, groupId=Consumer-topic-c1536b86_abcf_4cd0_911d_a3e35484c1c7] Group coordinator localhost:32769 (id: 2147483647 rack: null) is unavailable or invalid due to cause: error response NOT_COORDINATOR. isDisconnected: false. Rediscovery will be attempted.
2025-08-13 16:42:01,265 INFO  [org.apa.kaf.cli.con.int.ConsumerCoordinator] (Thread-603) [Consumer clientId=consumer-Consumer-topic-c1536b86_abcf_4cd0_911d_a3e35484c1c7-1, groupId=Consumer-topic-c1536b86_abcf_4cd0_911d_a3e35484c1c7] Requesting disconnect from last known coordinator localhost:32769 (id: 2147483647 rack: null)
2025-08-13 16:42:01,265 INFO  [org.apa.kaf.cli.con.int.ConsumerCoordinator] (Thread-603) [Consumer clientId=consumer-Consumer-topic-c1536b86_abcf_4cd0_911d_a3e35484c1c7-1, groupId=Consumer-topic-c1536b86_abcf_4cd0_911d_a3e35484c1c7] JoinGroup failed: This is not the correct coordinator. Marking coordinator unknown. Sent generation was Generation{generationId=-1, memberId='', protocol='null'}
2025-08-13 16:42:01,265 INFO  [org.apa.kaf.cli.NetworkClient] (Thread-603) [Consumer clientId=consumer-Consumer-topic-c1536b86_abcf_4cd0_911d_a3e35484c1c7-1, groupId=Consumer-topic-c1536b86_abcf_4cd0_911d_a3e35484c1c7] Client requested disconnect from node 2147483647
2025-08-13 16:42:01,272 INFO  [org.apa.kaf.cli.con.int.ConsumerCoordinator] (Thread-603) [Consumer clientId=consumer-Consumer-topic-c1536b86_abcf_4cd0_911d_a3e35484c1c7-1, groupId=Consumer-topic-c1536b86_abcf_4cd0_911d_a3e35484c1c7] Discovered group coordinator localhost:32769 (id: 2147483647 rack: null)
2025-08-13 16:42:01,272 INFO  [org.apa.kaf.cli.con.int.ConsumerCoordinator] (Thread-603) [Consumer clientId=consumer-Consumer-topic-c1536b86_abcf_4cd0_911d_a3e35484c1c7-1, groupId=Consumer-topic-c1536b86_abcf_4cd0_911d_a3e35484c1c7] Group coordinator localhost:32769 (id: 2147483647 rack: null) is unavailable or invalid due to cause: coordinator unavailable. isDisconnected: false. Rediscovery will be attempted.
2025-08-13 16:42:01,272 INFO  [org.apa.kaf.cli.con.int.ConsumerCoordinator] (Thread-603) [Consumer clientId=consumer-Consumer-topic-c1536b86_abcf_4cd0_911d_a3e35484c1c7-1, groupId=Consumer-topic-c1536b86_abcf_4cd0_911d_a3e35484c1c7] Requesting disconnect from last known coordinator localhost:32769 (id: 2147483647 rack: null)
2025-08-13 16:42:01,369 INFO  [org.apa.kaf.cli.con.int.ConsumerCoordinator] (Thread-603) [Consumer clientId=consumer-Consumer-topic-c1536b86_abcf_4cd0_911d_a3e35484c1c7-1, groupId=Consumer-topic-c1536b86_abcf_4cd0_911d_a3e35484c1c7] Discovered group coordinator localhost:32769 (id: 2147483647 rack: null)
2025-08-13 16:42:01,372 INFO  [org.apa.kaf.cli.con.int.ConsumerCoordinator] (Thread-603) [Consumer clientId=consumer-Consumer-topic-c1536b86_abcf_4cd0_911d_a3e35484c1c7-1, groupId=Consumer-topic-c1536b86_abcf_4cd0_911d_a3e35484c1c7] Request joining group due to: rebalance failed due to 'This is not the correct coordinator.' (NotCoordinatorException)
2025-08-13 16:42:01,373 INFO  [org.apa.kaf.cli.con.int.ConsumerCoordinator] (Thread-603) [Consumer clientId=consumer-Consumer-topic-c1536b86_abcf_4cd0_911d_a3e35484c1c7-1, groupId=Consumer-topic-c1536b86_abcf_4cd0_911d_a3e35484c1c7] (Re-)joining group
2025-08-13 16:42:01,381 INFO  [org.apa.kaf.cli.con.int.ConsumerCoordinator] (Thread-603) [Consumer clientId=consumer-Consumer-topic-c1536b86_abcf_4cd0_911d_a3e35484c1c7-1, groupId=Consumer-topic-c1536b86_abcf_4cd0_911d_a3e35484c1c7] Group coordinator localhost:32769 (id: 2147483647 rack: null) is unavailable or invalid due to cause: error response NOT_COORDINATOR. isDisconnected: false. Rediscovery will be attempted.
2025-08-13 16:42:01,381 INFO  [org.apa.kaf.cli.con.int.ConsumerCoordinator] (Thread-603) [Consumer clientId=consumer-Consumer-topic-c1536b86_abcf_4cd0_911d_a3e35484c1c7-1, groupId=Consumer-topic-c1536b86_abcf_4cd0_911d_a3e35484c1c7] Requesting disconnect from last known coordinator localhost:32769 (id: 2147483647 rack: null)
2025-08-13 16:42:01,381 INFO  [org.apa.kaf.cli.con.int.ConsumerCoordinator] (Thread-603) [Consumer clientId=consumer-Consumer-topic-c1536b86_abcf_4cd0_911d_a3e35484c1c7-1, groupId=Consumer-topic-c1536b86_abcf_4cd0_911d_a3e35484c1c7] JoinGroup failed: This is not the correct coordinator. Marking coordinator unknown. Sent generation was Generation{generationId=-1, memberId='', protocol='null'}
2025-08-13 16:42:01,381 INFO  [org.apa.kaf.cli.NetworkClient] (Thread-603) [Consumer clientId=consumer-Consumer-topic-c1536b86_abcf_4cd0_911d_a3e35484c1c7-1, groupId=Consumer-topic-c1536b86_abcf_4cd0_911d_a3e35484c1c7] Client requested disconnect from node 2147483647
2025-08-13 16:42:01,389 INFO  [org.apa.kaf.cli.con.int.ConsumerCoordinator] (Thread-603) [Consumer clientId=consumer-Consumer-topic-c1536b86_abcf_4cd0_911d_a3e35484c1c7-1, groupId=Consumer-topic-c1536b86_abcf_4cd0_911d_a3e35484c1c7] Discovered group coordinator localhost:32769 (id: 2147483647 rack: null)
2025-08-13 16:42:01,389 INFO  [org.apa.kaf.cli.con.int.ConsumerCoordinator] (Thread-603) [Consumer clientId=consumer-Consumer-topic-c1536b86_abcf_4cd0_911d_a3e35484c1c7-1, groupId=Consumer-topic-c1536b86_abcf_4cd0_911d_a3e35484c1c7] Group coordinator localhost:32769 (id: 2147483647 rack: null) is unavailable or invalid due to cause: coordinator unavailable. isDisconnected: false. Rediscovery will be attempted.
2025-08-13 16:42:01,389 INFO  [org.apa.kaf.cli.con.int.ConsumerCoordinator] (Thread-603) [Consumer clientId=consumer-Consumer-topic-c1536b86_abcf_4cd0_911d_a3e35484c1c7-1, groupId=Consumer-topic-c1536b86_abcf_4cd0_911d_a3e35484c1c7] Requesting disconnect from last known coordinator localhost:32769 (id: 2147483647 rack: null)
2025-08-13 16:42:01,478 INFO  [org.apa.kaf.cli.con.int.ConsumerCoordinator] (Thread-603) [Consumer clientId=consumer-Consumer-topic-c1536b86_abcf_4cd0_911d_a3e35484c1c7-1, groupId=Consumer-topic-c1536b86_abcf_4cd0_911d_a3e35484c1c7] Discovered group coordinator localhost:32769 (id: 2147483647 rack: null)
2025-08-13 16:42:01,480 INFO  [org.apa.kaf.cli.con.int.ConsumerCoordinator] (Thread-603) [Consumer clientId=consumer-Consumer-topic-c1536b86_abcf_4cd0_911d_a3e35484c1c7-1, groupId=Consumer-topic-c1536b86_abcf_4cd0_911d_a3e35484c1c7] Request joining group due to: rebalance failed due to 'This is not the correct coordinator.' (NotCoordinatorException)
2025-08-13 16:42:01,480 INFO  [org.apa.kaf.cli.con.int.ConsumerCoordinator] (Thread-603) [Consumer clientId=consumer-Consumer-topic-c1536b86_abcf_4cd0_911d_a3e35484c1c7-1, groupId=Consumer-topic-c1536b86_abcf_4cd0_911d_a3e35484c1c7] (Re-)joining group
2025-08-13 16:42:01,489 INFO  [org.apa.kaf.cli.con.int.ConsumerCoordinator] (Thread-603) [Consumer clientId=consumer-Consumer-topic-c1536b86_abcf_4cd0_911d_a3e35484c1c7-1, groupId=Consumer-topic-c1536b86_abcf_4cd0_911d_a3e35484c1c7] Group coordinator localhost:32769 (id: 2147483647 rack: null) is unavailable or invalid due to cause: error response NOT_COORDINATOR. isDisconnected: false. Rediscovery will be attempted.
2025-08-13 16:42:01,490 INFO  [org.apa.kaf.cli.con.int.ConsumerCoordinator] (Thread-603) [Consumer clientId=consumer-Consumer-topic-c1536b86_abcf_4cd0_911d_a3e35484c1c7-1, groupId=Consumer-topic-c1536b86_abcf_4cd0_911d_a3e35484c1c7] Requesting disconnect from last known coordinator localhost:32769 (id: 2147483647 rack: null)
2025-08-13 16:42:01,490 INFO  [org.apa.kaf.cli.con.int.ConsumerCoordinator] (Thread-603) [Consumer clientId=consumer-Consumer-topic-c1536b86_abcf_4cd0_911d_a3e35484c1c7-1, groupId=Consumer-topic-c1536b86_abcf_4cd0_911d_a3e35484c1c7] JoinGroup failed: This is not the correct coordinator. Marking coordinator unknown. Sent generation was Generation{generationId=-1, memberId='', protocol='null'}
2025-08-13 16:42:01,490 INFO  [org.apa.kaf.cli.NetworkClient] (Thread-603) [Consumer clientId=consumer-Consumer-topic-c1536b86_abcf_4cd0_911d_a3e35484c1c7-1, groupId=Consumer-topic-c1536b86_abcf_4cd0_911d_a3e35484c1c7] Client requested disconnect from node 2147483647
2025-08-13 16:42:01,495 INFO  [org.apa.kaf.cli.con.int.ConsumerCoordinator] (Thread-603) [Consumer clientId=consumer-Consumer-topic-c1536b86_abcf_4cd0_911d_a3e35484c1c7-1, groupId=Consumer-topic-c1536b86_abcf_4cd0_911d_a3e35484c1c7] Discovered group coordinator localhost:32769 (id: 2147483647 rack: null)
2025-08-13 16:42:01,496 INFO  [org.apa.kaf.cli.con.int.ConsumerCoordinator] (Thread-603) [Consumer clientId=consumer-Consumer-topic-c1536b86_abcf_4cd0_911d_a3e35484c1c7-1, groupId=Consumer-topic-c1536b86_abcf_4cd0_911d_a3e35484c1c7] Group coordinator localhost:32769 (id: 2147483647 rack: null) is unavailable or invalid due to cause: coordinator unavailable. isDisconnected: false. Rediscovery will be attempted.
2025-08-13 16:42:01,496 INFO  [org.apa.kaf.cli.con.int.ConsumerCoordinator] (Thread-603) [Consumer clientId=consumer-Consumer-topic-c1536b86_abcf_4cd0_911d_a3e35484c1c7-1, groupId=Consumer-topic-c1536b86_abcf_4cd0_911d_a3e35484c1c7] Requesting disconnect from last known coordinator localhost:32769 (id: 2147483647 rack: null)
2025-08-13 16:42:01,581 INFO  [org.apa.kaf.cli.con.int.ConsumerCoordinator] (Thread-603) [Consumer clientId=consumer-Consumer-topic-c1536b86_abcf_4cd0_911d_a3e35484c1c7-1, groupId=Consumer-topic-c1536b86_abcf_4cd0_911d_a3e35484c1c7] Discovered group coordinator localhost:32769 (id: 2147483647 rack: null)
2025-08-13 16:42:01,582 INFO  [org.apa.kaf.cli.con.int.ConsumerCoordinator] (Thread-603) [Consumer clientId=consumer-Consumer-topic-c1536b86_abcf_4cd0_911d_a3e35484c1c7-1, groupId=Consumer-topic-c1536b86_abcf_4cd0_911d_a3e35484c1c7] Request joining group due to: rebalance failed due to 'This is not the correct coordinator.' (NotCoordinatorException)
2025-08-13 16:42:01,583 INFO  [org.apa.kaf.cli.con.int.ConsumerCoordinator] (Thread-603) [Consumer clientId=consumer-Consumer-topic-c1536b86_abcf_4cd0_911d_a3e35484c1c7-1, groupId=Consumer-topic-c1536b86_abcf_4cd0_911d_a3e35484c1c7] (Re-)joining group
2025-08-13 16:42:01,601 INFO  [org.apa.kaf.cli.con.int.ConsumerCoordinator] (Thread-603) [Consumer clientId=consumer-Consumer-topic-c1536b86_abcf_4cd0_911d_a3e35484c1c7-1, groupId=Consumer-topic-c1536b86_abcf_4cd0_911d_a3e35484c1c7] Request joining group due to: need to re-join with the given member-id: consumer-Consumer-topic-c1536b86_abcf_4cd0_911d_a3e35484c1c7-1-93286d87-15c7-481d-b6bd-1963ed184e27
2025-08-13 16:42:01,602 INFO  [org.apa.kaf.cli.con.int.ConsumerCoordinator] (Thread-603) [Consumer clientId=consumer-Consumer-topic-c1536b86_abcf_4cd0_911d_a3e35484c1c7-1, groupId=Consumer-topic-c1536b86_abcf_4cd0_911d_a3e35484c1c7] (Re-)joining group
2025-08-13 16:42:01,916 INFO  [io.api.tes.ser.api.KafkaSerdesTester] (Thread-603) None found
2025-08-13 16:42:02,917 INFO  [io.api.tes.ser.api.KafkaSerdesTester] (Thread-603) None found
2025-08-13 16:42:03,917 INFO  [io.api.tes.ser.api.KafkaSerdesTester] (Thread-603) None found
2025-08-13 16:42:04,626 INFO  [org.apa.kaf.cli.con.int.ConsumerCoordinator] (Thread-603) [Consumer clientId=consumer-Consumer-topic-c1536b86_abcf_4cd0_911d_a3e35484c1c7-1, groupId=Consumer-topic-c1536b86_abcf_4cd0_911d_a3e35484c1c7] Successfully joined group with generation Generation{generationId=1, memberId='consumer-Consumer-topic-c1536b86_abcf_4cd0_911d_a3e35484c1c7-1-93286d87-15c7-481d-b6bd-1963ed184e27', protocol='range'}
2025-08-13 16:42:04,634 INFO  [org.apa.kaf.cli.con.int.ConsumerCoordinator] (Thread-603) [Consumer clientId=consumer-Consumer-topic-c1536b86_abcf_4cd0_911d_a3e35484c1c7-1, groupId=Consumer-topic-c1536b86_abcf_4cd0_911d_a3e35484c1c7] Finished assignment for group at generation 1: {consumer-Consumer-topic-c1536b86_abcf_4cd0_911d_a3e35484c1c7-1-93286d87-15c7-481d-b6bd-1963ed184e27=Assignment(partitions=[topic-c1536b86_abcf_4cd0_911d_a3e35484c1c7-0])}
2025-08-13 16:42:04,655 INFO  [org.apa.kaf.cli.con.int.ConsumerCoordinator] (Thread-603) [Consumer clientId=consumer-Consumer-topic-c1536b86_abcf_4cd0_911d_a3e35484c1c7-1, groupId=Consumer-topic-c1536b86_abcf_4cd0_911d_a3e35484c1c7] Successfully synced group in generation Generation{generationId=1, memberId='consumer-Consumer-topic-c1536b86_abcf_4cd0_911d_a3e35484c1c7-1-93286d87-15c7-481d-b6bd-1963ed184e27', protocol='range'}
2025-08-13 16:42:04,657 INFO  [org.apa.kaf.cli.con.int.ConsumerCoordinator] (Thread-603) [Consumer clientId=consumer-Consumer-topic-c1536b86_abcf_4cd0_911d_a3e35484c1c7-1, groupId=Consumer-topic-c1536b86_abcf_4cd0_911d_a3e35484c1c7] Notifying assignor about the new Assignment(partitions=[topic-c1536b86_abcf_4cd0_911d_a3e35484c1c7-0])
2025-08-13 16:42:04,659 INFO  [org.apa.kaf.cli.con.int.ConsumerRebalanceListenerInvoker] (Thread-603) [Consumer clientId=consumer-Consumer-topic-c1536b86_abcf_4cd0_911d_a3e35484c1c7-1, groupId=Consumer-topic-c1536b86_abcf_4cd0_911d_a3e35484c1c7] Adding newly assigned partitions: topic-c1536b86_abcf_4cd0_911d_a3e35484c1c7-0
2025-08-13 16:42:04,692 INFO  [org.apa.kaf.cli.con.int.ConsumerCoordinator] (Thread-603) [Consumer clientId=consumer-Consumer-topic-c1536b86_abcf_4cd0_911d_a3e35484c1c7-1, groupId=Consumer-topic-c1536b86_abcf_4cd0_911d_a3e35484c1c7] Found no committed offset for partition topic-c1536b86_abcf_4cd0_911d_a3e35484c1c7-0
2025-08-13 16:42:04,716 INFO  [org.apa.kaf.cli.con.int.SubscriptionState] (Thread-603) [Consumer clientId=consumer-Consumer-topic-c1536b86_abcf_4cd0_911d_a3e35484c1c7-1, groupId=Consumer-topic-c1536b86_abcf_4cd0_911d_a3e35484c1c7] Resetting offset for partition topic-c1536b86_abcf_4cd0_911d_a3e35484c1c7-0 to position FetchPosition{offset=0, offsetEpoch=Optional.empty, currentLeader=LeaderAndEpoch{leader=Optional[localhost:32769 (id: 0 rack: null)], epoch=0}}.
2025-08-13 16:42:05,032 INFO  [io.api.tes.ser.api.KafkaSerdesTester] (Thread-603) topic-c1536b86_abcf_4cd0_911d_a3e35484c1c7 0 0 {"key11755103319613": "value-0"}
2025-08-13 16:42:05,033 INFO  [io.api.tes.ser.api.KafkaSerdesTester] (Thread-603) topic-c1536b86_abcf_4cd0_911d_a3e35484c1c7 0 1 {"key11755103319613": "value-1"}
2025-08-13 16:42:05,033 INFO  [io.api.tes.ser.api.KafkaSerdesTester] (Thread-603) topic-c1536b86_abcf_4cd0_911d_a3e35484c1c7 0 2 {"key11755103319613": "value-2"}
2025-08-13 16:42:05,033 INFO  [io.api.tes.ser.api.KafkaSerdesTester] (Thread-603) topic-c1536b86_abcf_4cd0_911d_a3e35484c1c7 0 3 {"key11755103319613": "value-3"}
2025-08-13 16:42:05,033 INFO  [io.api.tes.ser.api.KafkaSerdesTester] (Thread-603) topic-c1536b86_abcf_4cd0_911d_a3e35484c1c7 0 4 {"key11755103319613": "value-4"}
2025-08-13 16:42:05,033 INFO  [io.api.tes.ser.api.KafkaSerdesTester] (Thread-603) topic-c1536b86_abcf_4cd0_911d_a3e35484c1c7 0 5 {"key11755103319613": "value-5"}
2025-08-13 16:42:05,033 INFO  [io.api.tes.ser.api.KafkaSerdesTester] (Thread-603) topic-c1536b86_abcf_4cd0_911d_a3e35484c1c7 0 6 {"key11755103319613": "value-6"}
2025-08-13 16:42:05,033 INFO  [io.api.tes.ser.api.KafkaSerdesTester] (Thread-603) topic-c1536b86_abcf_4cd0_911d_a3e35484c1c7 0 7 {"key11755103319613": "value-7"}
2025-08-13 16:42:05,033 INFO  [io.api.tes.ser.api.KafkaSerdesTester] (Thread-603) topic-c1536b86_abcf_4cd0_911d_a3e35484c1c7 0 8 {"key11755103319613": "value-8"}
2025-08-13 16:42:05,034 INFO  [io.api.tes.ser.api.KafkaSerdesTester] (Thread-603) topic-c1536b86_abcf_4cd0_911d_a3e35484c1c7 0 9 {"key11755103319613": "value-9"}
2025-08-13 16:42:05,034 INFO  [io.api.tes.ser.api.KafkaSerdesTester] (Thread-603) Consumed 10 messages
2025-08-13 16:42:05,057 INFO  [org.apa.kaf.cli.con.int.ConsumerRebalanceListenerInvoker] (Thread-603) [Consumer clientId=consumer-Consumer-topic-c1536b86_abcf_4cd0_911d_a3e35484c1c7-1, groupId=Consumer-topic-c1536b86_abcf_4cd0_911d_a3e35484c1c7] Revoke previously assigned partitions topic-c1536b86_abcf_4cd0_911d_a3e35484c1c7-0
2025-08-13 16:42:05,058 INFO  [org.apa.kaf.cli.con.int.ConsumerCoordinator] (Thread-603) [Consumer clientId=consumer-Consumer-topic-c1536b86_abcf_4cd0_911d_a3e35484c1c7-1, groupId=Consumer-topic-c1536b86_abcf_4cd0_911d_a3e35484c1c7] Member consumer-Consumer-topic-c1536b86_abcf_4cd0_911d_a3e35484c1c7-1-93286d87-15c7-481d-b6bd-1963ed184e27 sending LeaveGroup request to coordinator localhost:32769 (id: 2147483647 rack: null) due to the consumer is being closed
2025-08-13 16:42:05,061 INFO  [org.apa.kaf.cli.con.int.ConsumerCoordinator] (Thread-603) [Consumer clientId=consumer-Consumer-topic-c1536b86_abcf_4cd0_911d_a3e35484c1c7-1, groupId=Consumer-topic-c1536b86_abcf_4cd0_911d_a3e35484c1c7] Resetting generation and member id due to: consumer pro-actively leaving the group
2025-08-13 16:42:05,061 INFO  [org.apa.kaf.cli.con.int.ConsumerCoordinator] (Thread-603) [Consumer clientId=consumer-Consumer-topic-c1536b86_abcf_4cd0_911d_a3e35484c1c7-1, groupId=Consumer-topic-c1536b86_abcf_4cd0_911d_a3e35484c1c7] Request joining group due to: consumer pro-actively leaving the group
2025-08-13 16:42:05,546 INFO  [org.apa.kaf.com.met.Metrics] (Thread-603) Metrics scheduler closed
2025-08-13 16:42:05,546 INFO  [org.apa.kaf.com.met.Metrics] (Thread-603) Closing reporter org.apache.kafka.common.metrics.JmxReporter
2025-08-13 16:42:05,548 INFO  [org.apa.kaf.com.met.Metrics] (Thread-603) Closing reporter org.apache.kafka.common.telemetry.internals.ClientTelemetryReporter
2025-08-13 16:42:05,548 INFO  [org.apa.kaf.com.met.Metrics] (Thread-603) Metrics reporters closed
2025-08-13 16:42:05,561 INFO  [org.apa.kaf.com.uti.AppInfoParser] (Thread-603) App info kafka.consumer for consumer-Consumer-topic-c1536b86_abcf_4cd0_911d_a3e35484c1c7-1 unregistered
2025-08-13 16:42:05,561 INFO  [io.api.tes.uti.TestSeparator] (main) io.apicurio.tests.serdes.apicurio.AvroSerdeIT.testGlobalIdInHeaders-FINISHED
2025-08-13 16:42:05,562 INFO  [io.api.tes.uti.TestSeparator] (main) ############################################################################
Test passed: testGlobalIdInHeaders
]]></system-out>
  </testcase>
  <testcase name="testSimpleTopicIdStrategyFindLatest" classname="io.apicurio.tests.serdes.apicurio.AvroSerdeIT" time="5.463">
    <system-out><![CDATA[2025-08-13 16:42:05,563 INFO  [io.api.tes.uti.TestSeparator] (main) ############################################################################
2025-08-13 16:42:05,567 INFO  [io.api.tes.uti.TestSeparator] (main) io.apicurio.tests.serdes.apicurio.AvroSerdeIT.testSimpleTopicIdStrategyFindLatest-STARTED
2025-08-13 16:42:05,568 INFO  [io.api.tes.ser.api.AvroSerdeIT] (main) Registering Avro Schema: {"type":"record","name":"myrecordapicurio1","fields":[{"name":"key11755103325568","type":"string"}]}
**** Registry Base URL: http://registry-app-mysql.apps.ci419.apicurio-testing.org:80
2025-08-13 16:42:06,775 INFO  [org.apa.kaf.cli.pro.ProducerConfig] (main) ProducerConfig values: 
	acks = -1
	auto.include.jmx.reporter = true
	batch.size = 16384
	bootstrap.servers = [PLAINTEXT://localhost:32769]
	buffer.memory = 33554432
	client.dns.lookup = use_all_dns_ips
	client.id = Producer-topic-0999b01e_a495_4bc9_8c7f_525f57999260
	compression.gzip.level = -1
	compression.lz4.level = 9
	compression.type = none
	compression.zstd.level = 3
	connections.max.idle.ms = 10000
	delivery.timeout.ms = 120000
	enable.idempotence = true
	enable.metrics.push = true
	interceptor.classes = []
	key.serializer = class org.apache.kafka.common.serialization.StringSerializer
	linger.ms = 0
	max.block.ms = 60000
	max.in.flight.requests.per.connection = 5
	max.request.size = 1048576
	metadata.max.age.ms = 300000
	metadata.max.idle.ms = 300000
	metadata.recovery.strategy = none
	metric.reporters = []
	metrics.num.samples = 2
	metrics.recording.level = INFO
	metrics.sample.window.ms = 30000
	partitioner.adaptive.partitioning.enable = true
	partitioner.availability.timeout.ms = 0
	partitioner.class = null
	partitioner.ignore.keys = false
	receive.buffer.bytes = 32768
	reconnect.backoff.max.ms = 1000
	reconnect.backoff.ms = 50
	request.timeout.ms = 5000
	retries = 2147483647
	retry.backoff.max.ms = 1000
	retry.backoff.ms = 100
	sasl.client.callback.handler.class = null
	sasl.jaas.config = null
	sasl.kerberos.kinit.cmd = /usr/bin/kinit
	sasl.kerberos.min.time.before.relogin = 60000
	sasl.kerberos.service.name = null
	sasl.kerberos.ticket.renew.jitter = 0.05
	sasl.kerberos.ticket.renew.window.factor = 0.8
	sasl.login.callback.handler.class = null
	sasl.login.class = null
	sasl.login.connect.timeout.ms = null
	sasl.login.read.timeout.ms = null
	sasl.login.refresh.buffer.seconds = 300
	sasl.login.refresh.min.period.seconds = 60
	sasl.login.refresh.window.factor = 0.8
	sasl.login.refresh.window.jitter = 0.05
	sasl.login.retry.backoff.max.ms = 10000
	sasl.login.retry.backoff.ms = 100
	sasl.mechanism = GSSAPI
	sasl.oauthbearer.clock.skew.seconds = 30
	sasl.oauthbearer.expected.audience = null
	sasl.oauthbearer.expected.issuer = null
	sasl.oauthbearer.header.urlencode = false
	sasl.oauthbearer.jwks.endpoint.refresh.ms = 3600000
	sasl.oauthbearer.jwks.endpoint.retry.backoff.max.ms = 10000
	sasl.oauthbearer.jwks.endpoint.retry.backoff.ms = 100
	sasl.oauthbearer.jwks.endpoint.url = null
	sasl.oauthbearer.scope.claim.name = scope
	sasl.oauthbearer.sub.claim.name = sub
	sasl.oauthbearer.token.endpoint.url = null
	security.protocol = PLAINTEXT
	security.providers = null
	send.buffer.bytes = 131072
	socket.connection.setup.timeout.max.ms = 30000
	socket.connection.setup.timeout.ms = 10000
	ssl.cipher.suites = null
	ssl.enabled.protocols = [TLSv1.2, TLSv1.3]
	ssl.endpoint.identification.algorithm = https
	ssl.engine.factory.class = null
	ssl.key.password = null
	ssl.keymanager.algorithm = SunX509
	ssl.keystore.certificate.chain = null
	ssl.keystore.key = null
	ssl.keystore.location = null
	ssl.keystore.password = null
	ssl.keystore.type = JKS
	ssl.protocol = TLSv1.3
	ssl.provider = null
	ssl.secure.random.implementation = null
	ssl.trustmanager.algorithm = PKIX
	ssl.truststore.certificates = null
	ssl.truststore.location = null
	ssl.truststore.password = null
	ssl.truststore.type = JKS
	transaction.timeout.ms = 60000
	transactional.id = null
	value.serializer = class io.apicurio.registry.serde.avro.AvroKafkaSerializer

2025-08-13 16:42:06,775 INFO  [org.apa.kaf.com.tel.int.KafkaMetricsCollector] (main) initializing Kafka metrics collector
2025-08-13 16:42:06,780 INFO  [org.apa.kaf.cli.pro.KafkaProducer] (main) [Producer clientId=Producer-topic-0999b01e_a495_4bc9_8c7f_525f57999260] Instantiated an idempotent producer.
2025-08-13 16:42:06,789 INFO  [org.apa.kaf.cli.pro.ProducerConfig] (main) These configurations '[apicurio.registry.find-latest, apicurio.registry.artifact.group-id, apicurio.registry.url, apicurio.registry.artifact-resolver-strategy]' were supplied but are not used yet.
2025-08-13 16:42:06,790 INFO  [org.apa.kaf.com.uti.AppInfoParser] (main) Kafka version: 3.9.1
2025-08-13 16:42:06,790 INFO  [org.apa.kaf.com.uti.AppInfoParser] (main) Kafka commitId: f745dfdcee2b9851
2025-08-13 16:42:06,790 INFO  [org.apa.kaf.com.uti.AppInfoParser] (main) Kafka startTimeMs: 1755103326790
2025-08-13 16:42:06,790 INFO  [io.api.tes.ser.api.SimpleSerdesTesterBuilder$SimpleSerdesTester] (main) Using producer configuration: {apicurio.registry.find-latest=true, apicurio.registry.artifact.group-id=topic-0999b01e_a495_4bc9_8c7f_525f57999260, apicurio.registry.url=http://registry-app-mysql.apps.ci419.apicurio-testing.org:80/apis/registry/v3, apicurio.registry.artifact-resolver-strategy=io.apicurio.registry.serde.strategy.SimpleTopicIdStrategy, value.serializer=io.apicurio.registry.serde.avro.AvroKafkaSerializer, request.timeout.ms=5000, acks=all, bootstrap.servers=PLAINTEXT://localhost:32769, connections.max.idle.ms=10000, key.serializer=org.apache.kafka.common.serialization.StringSerializer, client.id=Producer-topic-0999b01e_a495_4bc9_8c7f_525f57999260}
2025-08-13 16:42:06,790 INFO  [io.api.tes.ser.api.SimpleSerdesTesterBuilder$SimpleSerdesTester] (main) Using consumer configuration: {}
2025-08-13 16:42:06,795 INFO  [io.api.tes.ser.api.KafkaSerdesTester] (Thread-606) Sending message {"key11755103325568": "value-0"} to topic topic-0999b01e_a495_4bc9_8c7f_525f57999260
2025-08-13 16:42:06,799 INFO  [org.apa.kaf.cli.Metadata] (kafka-producer-network-thread | Producer-topic-0999b01e_a495_4bc9_8c7f_525f57999260) [Producer clientId=Producer-topic-0999b01e_a495_4bc9_8c7f_525f57999260] Cluster ID: qKHj6WxtSVqL2ounD9m8uw
2025-08-13 16:42:06,801 INFO  [org.apa.kaf.cli.pro.int.TransactionManager] (kafka-producer-network-thread | Producer-topic-0999b01e_a495_4bc9_8c7f_525f57999260) [Producer clientId=Producer-topic-0999b01e_a495_4bc9_8c7f_525f57999260] ProducerId set to 1 with epoch 0
2025-08-13 16:42:07,143 INFO  [io.api.tes.ser.api.KafkaSerdesTester] (Thread-606) Sending message {"key11755103325568": "value-1"} to topic topic-0999b01e_a495_4bc9_8c7f_525f57999260
2025-08-13 16:42:07,147 INFO  [io.api.tes.ser.api.KafkaSerdesTester] (Thread-606) Sending message {"key11755103325568": "value-2"} to topic topic-0999b01e_a495_4bc9_8c7f_525f57999260
2025-08-13 16:42:07,150 INFO  [io.api.tes.ser.api.KafkaSerdesTester] (Thread-606) Sending message {"key11755103325568": "value-3"} to topic topic-0999b01e_a495_4bc9_8c7f_525f57999260
2025-08-13 16:42:07,153 INFO  [io.api.tes.ser.api.KafkaSerdesTester] (Thread-606) Sending message {"key11755103325568": "value-4"} to topic topic-0999b01e_a495_4bc9_8c7f_525f57999260
2025-08-13 16:42:07,157 INFO  [io.api.tes.ser.api.KafkaSerdesTester] (Thread-606) Sending message {"key11755103325568": "value-5"} to topic topic-0999b01e_a495_4bc9_8c7f_525f57999260
2025-08-13 16:42:07,160 INFO  [io.api.tes.ser.api.KafkaSerdesTester] (Thread-606) Sending message {"key11755103325568": "value-6"} to topic topic-0999b01e_a495_4bc9_8c7f_525f57999260
2025-08-13 16:42:07,166 INFO  [io.api.tes.ser.api.KafkaSerdesTester] (Thread-606) Sending message {"key11755103325568": "value-7"} to topic topic-0999b01e_a495_4bc9_8c7f_525f57999260
2025-08-13 16:42:07,170 INFO  [io.api.tes.ser.api.KafkaSerdesTester] (Thread-606) Sending message {"key11755103325568": "value-8"} to topic topic-0999b01e_a495_4bc9_8c7f_525f57999260
2025-08-13 16:42:07,173 INFO  [io.api.tes.ser.api.KafkaSerdesTester] (Thread-606) Sending message {"key11755103325568": "value-9"} to topic topic-0999b01e_a495_4bc9_8c7f_525f57999260
2025-08-13 16:42:07,176 INFO  [io.api.tes.ser.api.KafkaSerdesTester] (Thread-606) Produced 10 messages
2025-08-13 16:42:07,176 INFO  [org.apa.kaf.cli.pro.KafkaProducer] (Thread-606) [Producer clientId=Producer-topic-0999b01e_a495_4bc9_8c7f_525f57999260] Closing the Kafka producer with timeoutMillis = 9223372036854775807 ms.
2025-08-13 16:42:07,181 INFO  [org.apa.kaf.com.met.Metrics] (Thread-606) Metrics scheduler closed
2025-08-13 16:42:07,181 INFO  [org.apa.kaf.com.met.Metrics] (Thread-606) Closing reporter org.apache.kafka.common.metrics.JmxReporter
2025-08-13 16:42:07,181 INFO  [org.apa.kaf.com.met.Metrics] (Thread-606) Closing reporter org.apache.kafka.common.telemetry.internals.ClientTelemetryReporter
2025-08-13 16:42:07,182 INFO  [org.apa.kaf.com.met.Metrics] (Thread-606) Metrics reporters closed
2025-08-13 16:42:07,182 INFO  [org.apa.kaf.com.uti.AppInfoParser] (Thread-606) App info kafka.producer for Producer-topic-0999b01e_a495_4bc9_8c7f_525f57999260 unregistered
**** Registry Base URL: http://registry-app-mysql.apps.ci419.apicurio-testing.org:80
2025-08-13 16:42:07,184 INFO  [org.apa.kaf.cli.con.ConsumerConfig] (main) ConsumerConfig values: 
	allow.auto.create.topics = true
	auto.commit.interval.ms = 500
	auto.include.jmx.reporter = true
	auto.offset.reset = earliest
	bootstrap.servers = [PLAINTEXT://localhost:32769]
	check.crcs = true
	client.dns.lookup = use_all_dns_ips
	client.id = consumer-Consumer-topic-0999b01e_a495_4bc9_8c7f_525f57999260-2
	client.rack = 
	connections.max.idle.ms = 10000
	default.api.timeout.ms = 60000
	enable.auto.commit = true
	enable.metrics.push = true
	exclude.internal.topics = true
	fetch.max.bytes = 52428800
	fetch.max.wait.ms = 500
	fetch.min.bytes = 1
	group.id = Consumer-topic-0999b01e_a495_4bc9_8c7f_525f57999260
	group.instance.id = null
	group.protocol = classic
	group.remote.assignor = null
	heartbeat.interval.ms = 3000
	interceptor.classes = []
	internal.leave.group.on.close = true
	internal.throw.on.fetch.stable.offset.unsupported = false
	isolation.level = read_uncommitted
	key.deserializer = class org.apache.kafka.common.serialization.StringDeserializer
	max.partition.fetch.bytes = 1048576
	max.poll.interval.ms = 300000
	max.poll.records = 500
	metadata.max.age.ms = 300000
	metadata.recovery.strategy = none
	metric.reporters = []
	metrics.num.samples = 2
	metrics.recording.level = INFO
	metrics.sample.window.ms = 30000
	partition.assignment.strategy = [class org.apache.kafka.clients.consumer.RangeAssignor, class org.apache.kafka.clients.consumer.CooperativeStickyAssignor]
	receive.buffer.bytes = 65536
	reconnect.backoff.max.ms = 1000
	reconnect.backoff.ms = 50
	request.timeout.ms = 5000
	retry.backoff.max.ms = 1000
	retry.backoff.ms = 100
	sasl.client.callback.handler.class = null
	sasl.jaas.config = null
	sasl.kerberos.kinit.cmd = /usr/bin/kinit
	sasl.kerberos.min.time.before.relogin = 60000
	sasl.kerberos.service.name = null
	sasl.kerberos.ticket.renew.jitter = 0.05
	sasl.kerberos.ticket.renew.window.factor = 0.8
	sasl.login.callback.handler.class = null
	sasl.login.class = null
	sasl.login.connect.timeout.ms = null
	sasl.login.read.timeout.ms = null
	sasl.login.refresh.buffer.seconds = 300
	sasl.login.refresh.min.period.seconds = 60
	sasl.login.refresh.window.factor = 0.8
	sasl.login.refresh.window.jitter = 0.05
	sasl.login.retry.backoff.max.ms = 10000
	sasl.login.retry.backoff.ms = 100
	sasl.mechanism = GSSAPI
	sasl.oauthbearer.clock.skew.seconds = 30
	sasl.oauthbearer.expected.audience = null
	sasl.oauthbearer.expected.issuer = null
	sasl.oauthbearer.header.urlencode = false
	sasl.oauthbearer.jwks.endpoint.refresh.ms = 3600000
	sasl.oauthbearer.jwks.endpoint.retry.backoff.max.ms = 10000
	sasl.oauthbearer.jwks.endpoint.retry.backoff.ms = 100
	sasl.oauthbearer.jwks.endpoint.url = null
	sasl.oauthbearer.scope.claim.name = scope
	sasl.oauthbearer.sub.claim.name = sub
	sasl.oauthbearer.token.endpoint.url = null
	security.protocol = PLAINTEXT
	security.providers = null
	send.buffer.bytes = 131072
	session.timeout.ms = 45000
	socket.connection.setup.timeout.max.ms = 30000
	socket.connection.setup.timeout.ms = 10000
	ssl.cipher.suites = null
	ssl.enabled.protocols = [TLSv1.2, TLSv1.3]
	ssl.endpoint.identification.algorithm = https
	ssl.engine.factory.class = null
	ssl.key.password = null
	ssl.keymanager.algorithm = SunX509
	ssl.keystore.certificate.chain = null
	ssl.keystore.key = null
	ssl.keystore.location = null
	ssl.keystore.password = null
	ssl.keystore.type = JKS
	ssl.protocol = TLSv1.3
	ssl.provider = null
	ssl.secure.random.implementation = null
	ssl.trustmanager.algorithm = PKIX
	ssl.truststore.certificates = null
	ssl.truststore.location = null
	ssl.truststore.password = null
	ssl.truststore.type = JKS
	value.deserializer = class io.apicurio.registry.serde.avro.AvroKafkaDeserializer

2025-08-13 16:42:07,184 INFO  [org.apa.kaf.com.tel.int.KafkaMetricsCollector] (main) initializing Kafka metrics collector
2025-08-13 16:42:07,214 INFO  [org.apa.kaf.cli.con.ConsumerConfig] (main) These configurations '[apicurio.registry.url]' were supplied but are not used yet.
2025-08-13 16:42:07,215 INFO  [org.apa.kaf.com.uti.AppInfoParser] (main) Kafka version: 3.9.1
2025-08-13 16:42:07,215 INFO  [org.apa.kaf.com.uti.AppInfoParser] (main) Kafka commitId: f745dfdcee2b9851
2025-08-13 16:42:07,215 INFO  [org.apa.kaf.com.uti.AppInfoParser] (main) Kafka startTimeMs: 1755103327215
2025-08-13 16:42:07,216 INFO  [org.apa.kaf.cli.con.int.ClassicKafkaConsumer] (Thread-609) [Consumer clientId=consumer-Consumer-topic-0999b01e_a495_4bc9_8c7f_525f57999260-2, groupId=Consumer-topic-0999b01e_a495_4bc9_8c7f_525f57999260] Subscribed to topic(s): topic-0999b01e_a495_4bc9_8c7f_525f57999260
2025-08-13 16:42:07,231 INFO  [org.apa.kaf.cli.Metadata] (Thread-609) [Consumer clientId=consumer-Consumer-topic-0999b01e_a495_4bc9_8c7f_525f57999260-2, groupId=Consumer-topic-0999b01e_a495_4bc9_8c7f_525f57999260] Cluster ID: qKHj6WxtSVqL2ounD9m8uw
2025-08-13 16:42:07,235 INFO  [org.apa.kaf.cli.con.int.ConsumerCoordinator] (Thread-609) [Consumer clientId=consumer-Consumer-topic-0999b01e_a495_4bc9_8c7f_525f57999260-2, groupId=Consumer-topic-0999b01e_a495_4bc9_8c7f_525f57999260] Discovered group coordinator localhost:32769 (id: 2147483647 rack: null)
2025-08-13 16:42:07,240 INFO  [org.apa.kaf.cli.con.int.ConsumerCoordinator] (Thread-609) [Consumer clientId=consumer-Consumer-topic-0999b01e_a495_4bc9_8c7f_525f57999260-2, groupId=Consumer-topic-0999b01e_a495_4bc9_8c7f_525f57999260] (Re-)joining group
2025-08-13 16:42:07,245 INFO  [org.apa.kaf.cli.con.int.ConsumerCoordinator] (Thread-609) [Consumer clientId=consumer-Consumer-topic-0999b01e_a495_4bc9_8c7f_525f57999260-2, groupId=Consumer-topic-0999b01e_a495_4bc9_8c7f_525f57999260] Request joining group due to: need to re-join with the given member-id: consumer-Consumer-topic-0999b01e_a495_4bc9_8c7f_525f57999260-2-746ebc09-6c4c-4a19-b4aa-579989865769
2025-08-13 16:42:07,245 INFO  [org.apa.kaf.cli.con.int.ConsumerCoordinator] (Thread-609) [Consumer clientId=consumer-Consumer-topic-0999b01e_a495_4bc9_8c7f_525f57999260-2, groupId=Consumer-topic-0999b01e_a495_4bc9_8c7f_525f57999260] (Re-)joining group
2025-08-13 16:42:08,217 INFO  [io.api.tes.ser.api.KafkaSerdesTester] (Thread-609) None found
2025-08-13 16:42:09,218 INFO  [io.api.tes.ser.api.KafkaSerdesTester] (Thread-609) None found
2025-08-13 16:42:10,218 INFO  [io.api.tes.ser.api.KafkaSerdesTester] (Thread-609) None found
2025-08-13 16:42:10,250 INFO  [org.apa.kaf.cli.con.int.ConsumerCoordinator] (Thread-609) [Consumer clientId=consumer-Consumer-topic-0999b01e_a495_4bc9_8c7f_525f57999260-2, groupId=Consumer-topic-0999b01e_a495_4bc9_8c7f_525f57999260] Successfully joined group with generation Generation{generationId=1, memberId='consumer-Consumer-topic-0999b01e_a495_4bc9_8c7f_525f57999260-2-746ebc09-6c4c-4a19-b4aa-579989865769', protocol='range'}
2025-08-13 16:42:10,250 INFO  [org.apa.kaf.cli.con.int.ConsumerCoordinator] (Thread-609) [Consumer clientId=consumer-Consumer-topic-0999b01e_a495_4bc9_8c7f_525f57999260-2, groupId=Consumer-topic-0999b01e_a495_4bc9_8c7f_525f57999260] Finished assignment for group at generation 1: {consumer-Consumer-topic-0999b01e_a495_4bc9_8c7f_525f57999260-2-746ebc09-6c4c-4a19-b4aa-579989865769=Assignment(partitions=[topic-0999b01e_a495_4bc9_8c7f_525f57999260-0])}
2025-08-13 16:42:10,259 INFO  [org.apa.kaf.cli.con.int.ConsumerCoordinator] (Thread-609) [Consumer clientId=consumer-Consumer-topic-0999b01e_a495_4bc9_8c7f_525f57999260-2, groupId=Consumer-topic-0999b01e_a495_4bc9_8c7f_525f57999260] Successfully synced group in generation Generation{generationId=1, memberId='consumer-Consumer-topic-0999b01e_a495_4bc9_8c7f_525f57999260-2-746ebc09-6c4c-4a19-b4aa-579989865769', protocol='range'}
2025-08-13 16:42:10,259 INFO  [org.apa.kaf.cli.con.int.ConsumerCoordinator] (Thread-609) [Consumer clientId=consumer-Consumer-topic-0999b01e_a495_4bc9_8c7f_525f57999260-2, groupId=Consumer-topic-0999b01e_a495_4bc9_8c7f_525f57999260] Notifying assignor about the new Assignment(partitions=[topic-0999b01e_a495_4bc9_8c7f_525f57999260-0])
2025-08-13 16:42:10,259 INFO  [org.apa.kaf.cli.con.int.ConsumerRebalanceListenerInvoker] (Thread-609) [Consumer clientId=consumer-Consumer-topic-0999b01e_a495_4bc9_8c7f_525f57999260-2, groupId=Consumer-topic-0999b01e_a495_4bc9_8c7f_525f57999260] Adding newly assigned partitions: topic-0999b01e_a495_4bc9_8c7f_525f57999260-0
2025-08-13 16:42:10,261 INFO  [org.apa.kaf.cli.con.int.ConsumerCoordinator] (Thread-609) [Consumer clientId=consumer-Consumer-topic-0999b01e_a495_4bc9_8c7f_525f57999260-2, groupId=Consumer-topic-0999b01e_a495_4bc9_8c7f_525f57999260] Found no committed offset for partition topic-0999b01e_a495_4bc9_8c7f_525f57999260-0
2025-08-13 16:42:10,271 INFO  [org.apa.kaf.cli.con.int.SubscriptionState] (Thread-609) [Consumer clientId=consumer-Consumer-topic-0999b01e_a495_4bc9_8c7f_525f57999260-2, groupId=Consumer-topic-0999b01e_a495_4bc9_8c7f_525f57999260] Resetting offset for partition topic-0999b01e_a495_4bc9_8c7f_525f57999260-0 to position FetchPosition{offset=0, offsetEpoch=Optional.empty, currentLeader=LeaderAndEpoch{leader=Optional[localhost:32769 (id: 0 rack: null)], epoch=0}}.
2025-08-13 16:42:10,512 INFO  [io.api.tes.ser.api.KafkaSerdesTester] (Thread-609) topic-0999b01e_a495_4bc9_8c7f_525f57999260 0 0 {"key11755103325568": "value-0"}
2025-08-13 16:42:10,513 INFO  [io.api.tes.ser.api.KafkaSerdesTester] (Thread-609) topic-0999b01e_a495_4bc9_8c7f_525f57999260 0 1 {"key11755103325568": "value-1"}
2025-08-13 16:42:10,513 INFO  [io.api.tes.ser.api.KafkaSerdesTester] (Thread-609) topic-0999b01e_a495_4bc9_8c7f_525f57999260 0 2 {"key11755103325568": "value-2"}
2025-08-13 16:42:10,513 INFO  [io.api.tes.ser.api.KafkaSerdesTester] (Thread-609) topic-0999b01e_a495_4bc9_8c7f_525f57999260 0 3 {"key11755103325568": "value-3"}
2025-08-13 16:42:10,513 INFO  [io.api.tes.ser.api.KafkaSerdesTester] (Thread-609) topic-0999b01e_a495_4bc9_8c7f_525f57999260 0 4 {"key11755103325568": "value-4"}
2025-08-13 16:42:10,513 INFO  [io.api.tes.ser.api.KafkaSerdesTester] (Thread-609) topic-0999b01e_a495_4bc9_8c7f_525f57999260 0 5 {"key11755103325568": "value-5"}
2025-08-13 16:42:10,513 INFO  [io.api.tes.ser.api.KafkaSerdesTester] (Thread-609) topic-0999b01e_a495_4bc9_8c7f_525f57999260 0 6 {"key11755103325568": "value-6"}
2025-08-13 16:42:10,513 INFO  [io.api.tes.ser.api.KafkaSerdesTester] (Thread-609) topic-0999b01e_a495_4bc9_8c7f_525f57999260 0 7 {"key11755103325568": "value-7"}
2025-08-13 16:42:10,513 INFO  [io.api.tes.ser.api.KafkaSerdesTester] (Thread-609) topic-0999b01e_a495_4bc9_8c7f_525f57999260 0 8 {"key11755103325568": "value-8"}
2025-08-13 16:42:10,514 INFO  [io.api.tes.ser.api.KafkaSerdesTester] (Thread-609) topic-0999b01e_a495_4bc9_8c7f_525f57999260 0 9 {"key11755103325568": "value-9"}
2025-08-13 16:42:10,514 INFO  [io.api.tes.ser.api.KafkaSerdesTester] (Thread-609) Consumed 10 messages
2025-08-13 16:42:10,524 INFO  [org.apa.kaf.cli.con.int.ConsumerRebalanceListenerInvoker] (Thread-609) [Consumer clientId=consumer-Consumer-topic-0999b01e_a495_4bc9_8c7f_525f57999260-2, groupId=Consumer-topic-0999b01e_a495_4bc9_8c7f_525f57999260] Revoke previously assigned partitions topic-0999b01e_a495_4bc9_8c7f_525f57999260-0
2025-08-13 16:42:10,524 INFO  [org.apa.kaf.cli.con.int.ConsumerCoordinator] (Thread-609) [Consumer clientId=consumer-Consumer-topic-0999b01e_a495_4bc9_8c7f_525f57999260-2, groupId=Consumer-topic-0999b01e_a495_4bc9_8c7f_525f57999260] Member consumer-Consumer-topic-0999b01e_a495_4bc9_8c7f_525f57999260-2-746ebc09-6c4c-4a19-b4aa-579989865769 sending LeaveGroup request to coordinator localhost:32769 (id: 2147483647 rack: null) due to the consumer is being closed
2025-08-13 16:42:10,524 INFO  [org.apa.kaf.cli.con.int.ConsumerCoordinator] (Thread-609) [Consumer clientId=consumer-Consumer-topic-0999b01e_a495_4bc9_8c7f_525f57999260-2, groupId=Consumer-topic-0999b01e_a495_4bc9_8c7f_525f57999260] Resetting generation and member id due to: consumer pro-actively leaving the group
2025-08-13 16:42:10,525 INFO  [org.apa.kaf.cli.con.int.ConsumerCoordinator] (Thread-609) [Consumer clientId=consumer-Consumer-topic-0999b01e_a495_4bc9_8c7f_525f57999260-2, groupId=Consumer-topic-0999b01e_a495_4bc9_8c7f_525f57999260] Request joining group due to: consumer pro-actively leaving the group
2025-08-13 16:42:11,019 INFO  [org.apa.kaf.com.met.Metrics] (Thread-609) Metrics scheduler closed
2025-08-13 16:42:11,019 INFO  [org.apa.kaf.com.met.Metrics] (Thread-609) Closing reporter org.apache.kafka.common.metrics.JmxReporter
2025-08-13 16:42:11,020 INFO  [org.apa.kaf.com.met.Metrics] (Thread-609) Closing reporter org.apache.kafka.common.telemetry.internals.ClientTelemetryReporter
2025-08-13 16:42:11,020 INFO  [org.apa.kaf.com.met.Metrics] (Thread-609) Metrics reporters closed
2025-08-13 16:42:11,024 INFO  [org.apa.kaf.com.uti.AppInfoParser] (Thread-609) App info kafka.consumer for consumer-Consumer-topic-0999b01e_a495_4bc9_8c7f_525f57999260-2 unregistered
2025-08-13 16:42:11,025 INFO  [io.api.tes.uti.TestSeparator] (main) io.apicurio.tests.serdes.apicurio.AvroSerdeIT.testSimpleTopicIdStrategyFindLatest-FINISHED
2025-08-13 16:42:11,025 INFO  [io.api.tes.uti.TestSeparator] (main) ############################################################################
Test passed: testSimpleTopicIdStrategyFindLatest
]]></system-out>
  </testcase>
  <testcase name="testWrongSchema" classname="io.apicurio.tests.serdes.apicurio.AvroSerdeIT" time="1.418">
    <system-out><![CDATA[2025-08-13 16:42:11,031 INFO  [io.api.tes.uti.TestSeparator] (main) ############################################################################
2025-08-13 16:42:11,031 INFO  [io.api.tes.uti.TestSeparator] (main) io.apicurio.tests.serdes.apicurio.AvroSerdeIT.testWrongSchema-STARTED
**** Registry Base URL: http://registry-app-mysql.apps.ci419.apicurio-testing.org:80
2025-08-13 16:42:12,242 INFO  [org.apa.kaf.cli.pro.ProducerConfig] (main) ProducerConfig values: 
	acks = -1
	auto.include.jmx.reporter = true
	batch.size = 16384
	bootstrap.servers = [PLAINTEXT://localhost:32769]
	buffer.memory = 33554432
	client.dns.lookup = use_all_dns_ips
	client.id = Producer-s1a28d9afxcdd8x45bbxb2c4x6f3254ce3331
	compression.gzip.level = -1
	compression.lz4.level = 9
	compression.type = none
	compression.zstd.level = 3
	connections.max.idle.ms = 10000
	delivery.timeout.ms = 120000
	enable.idempotence = true
	enable.metrics.push = true
	interceptor.classes = []
	key.serializer = class org.apache.kafka.common.serialization.StringSerializer
	linger.ms = 0
	max.block.ms = 60000
	max.in.flight.requests.per.connection = 5
	max.request.size = 1048576
	metadata.max.age.ms = 300000
	metadata.max.idle.ms = 300000
	metadata.recovery.strategy = none
	metric.reporters = []
	metrics.num.samples = 2
	metrics.recording.level = INFO
	metrics.sample.window.ms = 30000
	partitioner.adaptive.partitioning.enable = true
	partitioner.availability.timeout.ms = 0
	partitioner.class = null
	partitioner.ignore.keys = false
	receive.buffer.bytes = 32768
	reconnect.backoff.max.ms = 1000
	reconnect.backoff.ms = 50
	request.timeout.ms = 5000
	retries = 2147483647
	retry.backoff.max.ms = 1000
	retry.backoff.ms = 100
	sasl.client.callback.handler.class = null
	sasl.jaas.config = null
	sasl.kerberos.kinit.cmd = /usr/bin/kinit
	sasl.kerberos.min.time.before.relogin = 60000
	sasl.kerberos.service.name = null
	sasl.kerberos.ticket.renew.jitter = 0.05
	sasl.kerberos.ticket.renew.window.factor = 0.8
	sasl.login.callback.handler.class = null
	sasl.login.class = null
	sasl.login.connect.timeout.ms = null
	sasl.login.read.timeout.ms = null
	sasl.login.refresh.buffer.seconds = 300
	sasl.login.refresh.min.period.seconds = 60
	sasl.login.refresh.window.factor = 0.8
	sasl.login.refresh.window.jitter = 0.05
	sasl.login.retry.backoff.max.ms = 10000
	sasl.login.retry.backoff.ms = 100
	sasl.mechanism = GSSAPI
	sasl.oauthbearer.clock.skew.seconds = 30
	sasl.oauthbearer.expected.audience = null
	sasl.oauthbearer.expected.issuer = null
	sasl.oauthbearer.header.urlencode = false
	sasl.oauthbearer.jwks.endpoint.refresh.ms = 3600000
	sasl.oauthbearer.jwks.endpoint.retry.backoff.max.ms = 10000
	sasl.oauthbearer.jwks.endpoint.retry.backoff.ms = 100
	sasl.oauthbearer.jwks.endpoint.url = null
	sasl.oauthbearer.scope.claim.name = scope
	sasl.oauthbearer.sub.claim.name = sub
	sasl.oauthbearer.token.endpoint.url = null
	security.protocol = PLAINTEXT
	security.providers = null
	send.buffer.bytes = 131072
	socket.connection.setup.timeout.max.ms = 30000
	socket.connection.setup.timeout.ms = 10000
	ssl.cipher.suites = null
	ssl.enabled.protocols = [TLSv1.2, TLSv1.3]
	ssl.endpoint.identification.algorithm = https
	ssl.engine.factory.class = null
	ssl.key.password = null
	ssl.keymanager.algorithm = SunX509
	ssl.keystore.certificate.chain = null
	ssl.keystore.key = null
	ssl.keystore.location = null
	ssl.keystore.password = null
	ssl.keystore.type = JKS
	ssl.protocol = TLSv1.3
	ssl.provider = null
	ssl.secure.random.implementation = null
	ssl.trustmanager.algorithm = PKIX
	ssl.truststore.certificates = null
	ssl.truststore.location = null
	ssl.truststore.password = null
	ssl.truststore.type = JKS
	transaction.timeout.ms = 60000
	transactional.id = null
	value.serializer = class io.apicurio.registry.serde.avro.AvroKafkaSerializer

2025-08-13 16:42:12,243 INFO  [org.apa.kaf.com.tel.int.KafkaMetricsCollector] (main) initializing Kafka metrics collector
2025-08-13 16:42:12,247 INFO  [org.apa.kaf.cli.pro.KafkaProducer] (main) [Producer clientId=Producer-s1a28d9afxcdd8x45bbxb2c4x6f3254ce3331] Instantiated an idempotent producer.
2025-08-13 16:42:12,251 INFO  [org.apa.kaf.cli.pro.ProducerConfig] (main) These configurations '[apicurio.registry.find-latest, apicurio.registry.url, apicurio.registry.artifact-resolver-strategy]' were supplied but are not used yet.
2025-08-13 16:42:12,251 INFO  [org.apa.kaf.com.uti.AppInfoParser] (main) Kafka version: 3.9.1
2025-08-13 16:42:12,253 INFO  [org.apa.kaf.com.uti.AppInfoParser] (main) Kafka commitId: f745dfdcee2b9851
2025-08-13 16:42:12,253 INFO  [org.apa.kaf.com.uti.AppInfoParser] (main) Kafka startTimeMs: 1755103332251
2025-08-13 16:42:12,256 INFO  [io.api.tes.ser.api.KafkaSerdesTester] (Thread-612) Sending message {"keyB": "value-0"} to topic s1a28d9afxcdd8x45bbxb2c4x6f3254ce3331
2025-08-13 16:42:12,262 INFO  [org.apa.kaf.cli.Metadata] (kafka-producer-network-thread | Producer-s1a28d9afxcdd8x45bbxb2c4x6f3254ce3331) [Producer clientId=Producer-s1a28d9afxcdd8x45bbxb2c4x6f3254ce3331] Cluster ID: qKHj6WxtSVqL2ounD9m8uw
2025-08-13 16:42:12,264 INFO  [org.apa.kaf.cli.pro.int.TransactionManager] (kafka-producer-network-thread | Producer-s1a28d9afxcdd8x45bbxb2c4x6f3254ce3331) [Producer clientId=Producer-s1a28d9afxcdd8x45bbxb2c4x6f3254ce3331] ProducerId set to 2 with epoch 0
2025-08-13 16:42:12,438 INFO  [org.apa.kaf.cli.pro.KafkaProducer] (Thread-612) [Producer clientId=Producer-s1a28d9afxcdd8x45bbxb2c4x6f3254ce3331] Closing the Kafka producer with timeoutMillis = 9223372036854775807 ms.
2025-08-13 16:42:12,441 INFO  [org.apa.kaf.com.met.Metrics] (Thread-612) Metrics scheduler closed
2025-08-13 16:42:12,441 INFO  [org.apa.kaf.com.met.Metrics] (Thread-612) Closing reporter org.apache.kafka.common.metrics.JmxReporter
2025-08-13 16:42:12,441 INFO  [org.apa.kaf.com.met.Metrics] (Thread-612) Closing reporter org.apache.kafka.common.telemetry.internals.ClientTelemetryReporter
2025-08-13 16:42:12,441 INFO  [org.apa.kaf.com.met.Metrics] (Thread-612) Metrics reporters closed
2025-08-13 16:42:12,442 INFO  [org.apa.kaf.com.uti.AppInfoParser] (Thread-612) App info kafka.producer for Producer-s1a28d9afxcdd8x45bbxb2c4x6f3254ce3331 unregistered
2025-08-13 16:42:12,443 INFO  [io.api.tes.uti.TestSeparator] (main) io.apicurio.tests.serdes.apicurio.AvroSerdeIT.testWrongSchema-FINISHED
2025-08-13 16:42:12,444 INFO  [io.api.tes.uti.TestSeparator] (main) ############################################################################
Test passed: testWrongSchema
]]></system-out>
    <system-err><![CDATA[io.apicurio.registry.rest.client.models.ProblemDetails
	at io.apicurio.registry.rest.client.models.ProblemDetails.createFromDiscriminatorValue(ProblemDetails.java:58)
	at io.kiota.serialization.json.JsonParseNode.getObjectValue(JsonParseNode.java:247)
	at io.kiota.http.vertx.VertXRequestAdapter.lambda$throwIfFailedResponse$0(VertXRequestAdapter.java:400)
	at com.microsoft.kiota.ApiExceptionBuilder.<init>(ApiExceptionBuilder.java:26)
	at io.kiota.http.vertx.VertXRequestAdapter.throwIfFailedResponse(VertXRequestAdapter.java:399)
	at io.kiota.http.vertx.VertXRequestAdapter.send(VertXRequestAdapter.java:170)
	at io.apicurio.registry.rest.client.groups.item.artifacts.item.versions.item.WithVersionExpressionItemRequestBuilder.get(WithVersionExpressionItemRequestBuilder.java:128)
	at io.apicurio.registry.rest.client.groups.item.artifacts.item.versions.item.WithVersionExpressionItemRequestBuilder.get(WithVersionExpressionItemRequestBuilder.java:111)
	at io.apicurio.registry.resolver.client.RegistryClientFacadeImpl.getVersionCoordinatesByGAV(RegistryClientFacadeImpl.java:159)
	at io.apicurio.registry.resolver.DefaultSchemaResolver.resolveByCoordinates(DefaultSchemaResolver.java:352)
	at io.apicurio.registry.resolver.DefaultSchemaResolver.lambda$resolveSchemaByArtifactReferenceCached$6(DefaultSchemaResolver.java:340)
	at io.apicurio.registry.resolver.cache.ERCache.lambda$getValue$0(ERCache.java:174)
	at io.apicurio.registry.resolver.cache.ERCache.retry(ERCache.java:227)
	at io.apicurio.registry.resolver.cache.ERCache.getValue(ERCache.java:173)
	at io.apicurio.registry.resolver.cache.ERCache.getByArtifactCoordinates(ERCache.java:158)
	at io.apicurio.registry.resolver.DefaultSchemaResolver.resolveSchemaByArtifactReferenceCached(DefaultSchemaResolver.java:338)
	at io.apicurio.registry.resolver.DefaultSchemaResolver.resolveSchemaByCoordinates(DefaultSchemaResolver.java:193)
	at io.apicurio.registry.resolver.DefaultSchemaResolver.getSchemaFromRegistry(DefaultSchemaResolver.java:130)
	at io.apicurio.registry.resolver.DefaultSchemaResolver.lambda$resolveSchema$0(DefaultSchemaResolver.java:84)
	at java.base/java.util.Optional.orElseGet(Optional.java:364)
	at io.apicurio.registry.resolver.DefaultSchemaResolver.resolveSchema(DefaultSchemaResolver.java:84)
	at io.apicurio.registry.serde.AbstractSerializer.serializeData(AbstractSerializer.java:62)
	at io.apicurio.registry.serde.KafkaSerializer.serialize(KafkaSerializer.java:77)
	at org.apache.kafka.clients.producer.KafkaProducer.doSend(KafkaProducer.java:1046)
	at org.apache.kafka.clients.producer.KafkaProducer.send(KafkaProducer.java:993)
	at org.apache.kafka.clients.producer.KafkaProducer.send(KafkaProducer.java:875)
	at io.apicurio.tests.serdes.apicurio.KafkaSerdesTester.lambda$produceMessages$3(KafkaSerdesTester.java:138)
	at java.base/java.util.concurrent.CompletableFuture$AsyncSupply.run(CompletableFuture.java:1768)
	at java.base/java.lang.Thread.run(Thread.java:840)
]]></system-err>
  </testcase>
  <testcase name="testAvroJSON" classname="io.apicurio.tests.serdes.apicurio.AvroSerdeIT" time="4.256">
    <system-out><![CDATA[2025-08-13 16:42:12,445 INFO  [io.api.tes.uti.TestSeparator] (main) ############################################################################
2025-08-13 16:42:12,445 INFO  [io.api.tes.uti.TestSeparator] (main) io.apicurio.tests.serdes.apicurio.AvroSerdeIT.testAvroJSON-STARTED
**** Registry Base URL: http://registry-app-mysql.apps.ci419.apicurio-testing.org:80
2025-08-13 16:42:12,450 INFO  [org.apa.kaf.cli.pro.ProducerConfig] (main) ProducerConfig values: 
	acks = -1
	auto.include.jmx.reporter = true
	batch.size = 16384
	bootstrap.servers = [PLAINTEXT://localhost:32769]
	buffer.memory = 33554432
	client.dns.lookup = use_all_dns_ips
	client.id = Producer-topic-72a81036_81bb_4869_81e4_1e577582ffa2
	compression.gzip.level = -1
	compression.lz4.level = 9
	compression.type = none
	compression.zstd.level = 3
	connections.max.idle.ms = 10000
	delivery.timeout.ms = 120000
	enable.idempotence = true
	enable.metrics.push = true
	interceptor.classes = []
	key.serializer = class org.apache.kafka.common.serialization.StringSerializer
	linger.ms = 0
	max.block.ms = 60000
	max.in.flight.requests.per.connection = 5
	max.request.size = 1048576
	metadata.max.age.ms = 300000
	metadata.max.idle.ms = 300000
	metadata.recovery.strategy = none
	metric.reporters = []
	metrics.num.samples = 2
	metrics.recording.level = INFO
	metrics.sample.window.ms = 30000
	partitioner.adaptive.partitioning.enable = true
	partitioner.availability.timeout.ms = 0
	partitioner.class = null
	partitioner.ignore.keys = false
	receive.buffer.bytes = 32768
	reconnect.backoff.max.ms = 1000
	reconnect.backoff.ms = 50
	request.timeout.ms = 5000
	retries = 2147483647
	retry.backoff.max.ms = 1000
	retry.backoff.ms = 100
	sasl.client.callback.handler.class = null
	sasl.jaas.config = null
	sasl.kerberos.kinit.cmd = /usr/bin/kinit
	sasl.kerberos.min.time.before.relogin = 60000
	sasl.kerberos.service.name = null
	sasl.kerberos.ticket.renew.jitter = 0.05
	sasl.kerberos.ticket.renew.window.factor = 0.8
	sasl.login.callback.handler.class = null
	sasl.login.class = null
	sasl.login.connect.timeout.ms = null
	sasl.login.read.timeout.ms = null
	sasl.login.refresh.buffer.seconds = 300
	sasl.login.refresh.min.period.seconds = 60
	sasl.login.refresh.window.factor = 0.8
	sasl.login.refresh.window.jitter = 0.05
	sasl.login.retry.backoff.max.ms = 10000
	sasl.login.retry.backoff.ms = 100
	sasl.mechanism = GSSAPI
	sasl.oauthbearer.clock.skew.seconds = 30
	sasl.oauthbearer.expected.audience = null
	sasl.oauthbearer.expected.issuer = null
	sasl.oauthbearer.header.urlencode = false
	sasl.oauthbearer.jwks.endpoint.refresh.ms = 3600000
	sasl.oauthbearer.jwks.endpoint.retry.backoff.max.ms = 10000
	sasl.oauthbearer.jwks.endpoint.retry.backoff.ms = 100
	sasl.oauthbearer.jwks.endpoint.url = null
	sasl.oauthbearer.scope.claim.name = scope
	sasl.oauthbearer.sub.claim.name = sub
	sasl.oauthbearer.token.endpoint.url = null
	security.protocol = PLAINTEXT
	security.providers = null
	send.buffer.bytes = 131072
	socket.connection.setup.timeout.max.ms = 30000
	socket.connection.setup.timeout.ms = 10000
	ssl.cipher.suites = null
	ssl.enabled.protocols = [TLSv1.2, TLSv1.3]
	ssl.endpoint.identification.algorithm = https
	ssl.engine.factory.class = null
	ssl.key.password = null
	ssl.keymanager.algorithm = SunX509
	ssl.keystore.certificate.chain = null
	ssl.keystore.key = null
	ssl.keystore.location = null
	ssl.keystore.password = null
	ssl.keystore.type = JKS
	ssl.protocol = TLSv1.3
	ssl.provider = null
	ssl.secure.random.implementation = null
	ssl.trustmanager.algorithm = PKIX
	ssl.truststore.certificates = null
	ssl.truststore.location = null
	ssl.truststore.password = null
	ssl.truststore.type = JKS
	transaction.timeout.ms = 60000
	transactional.id = null
	value.serializer = class io.apicurio.registry.serde.avro.AvroKafkaSerializer

2025-08-13 16:42:12,459 INFO  [org.apa.kaf.com.tel.int.KafkaMetricsCollector] (main) initializing Kafka metrics collector
2025-08-13 16:42:12,476 INFO  [org.apa.kaf.cli.pro.KafkaProducer] (main) [Producer clientId=Producer-topic-72a81036_81bb_4869_81e4_1e577582ffa2] Instantiated an idempotent producer.
2025-08-13 16:42:12,484 INFO  [org.apa.kaf.cli.pro.ProducerConfig] (main) These configurations '[apicurio.registry.avro.encoding, apicurio.registry.url, apicurio.registry.auto-register, apicurio.registry.artifact-resolver-strategy]' were supplied but are not used yet.
2025-08-13 16:42:12,484 INFO  [org.apa.kaf.com.uti.AppInfoParser] (main) Kafka version: 3.9.1
2025-08-13 16:42:12,484 INFO  [org.apa.kaf.com.uti.AppInfoParser] (main) Kafka commitId: f745dfdcee2b9851
2025-08-13 16:42:12,484 INFO  [org.apa.kaf.com.uti.AppInfoParser] (main) Kafka startTimeMs: 1755103332484
2025-08-13 16:42:12,485 INFO  [io.api.tes.ser.api.SimpleSerdesTesterBuilder$SimpleSerdesTester] (main) Using producer configuration: {apicurio.registry.avro.encoding=JSON, apicurio.registry.url=http://registry-app-mysql.apps.ci419.apicurio-testing.org:80/apis/registry/v3, apicurio.registry.auto-register=true, apicurio.registry.artifact-resolver-strategy=io.apicurio.registry.serde.strategy.TopicIdStrategy, value.serializer=io.apicurio.registry.serde.avro.AvroKafkaSerializer, request.timeout.ms=5000, acks=all, bootstrap.servers=PLAINTEXT://localhost:32769, connections.max.idle.ms=10000, key.serializer=org.apache.kafka.common.serialization.StringSerializer, client.id=Producer-topic-72a81036_81bb_4869_81e4_1e577582ffa2}
2025-08-13 16:42:12,485 INFO  [io.api.tes.ser.api.SimpleSerdesTesterBuilder$SimpleSerdesTester] (main) Using consumer configuration: {apicurio.registry.avro.encoding=JSON}
2025-08-13 16:42:12,491 INFO  [io.api.tes.ser.api.KafkaSerdesTester] (Thread-615) Sending message {"bar": "value-0"} to topic topic-72a81036_81bb_4869_81e4_1e577582ffa2
2025-08-13 16:42:12,495 INFO  [org.apa.kaf.cli.Metadata] (kafka-producer-network-thread | Producer-topic-72a81036_81bb_4869_81e4_1e577582ffa2) [Producer clientId=Producer-topic-72a81036_81bb_4869_81e4_1e577582ffa2] Cluster ID: qKHj6WxtSVqL2ounD9m8uw
2025-08-13 16:42:12,496 INFO  [org.apa.kaf.cli.pro.int.TransactionManager] (kafka-producer-network-thread | Producer-topic-72a81036_81bb_4869_81e4_1e577582ffa2) [Producer clientId=Producer-topic-72a81036_81bb_4869_81e4_1e577582ffa2] ProducerId set to 3 with epoch 0
2025-08-13 16:42:12,691 INFO  [io.api.tes.ser.api.KafkaSerdesTester] (Thread-615) Sending message {"bar": "value-1"} to topic topic-72a81036_81bb_4869_81e4_1e577582ffa2
2025-08-13 16:42:12,693 INFO  [io.api.tes.ser.api.KafkaSerdesTester] (Thread-615) Sending message {"bar": "value-2"} to topic topic-72a81036_81bb_4869_81e4_1e577582ffa2
2025-08-13 16:42:12,698 INFO  [io.api.tes.ser.api.KafkaSerdesTester] (Thread-615) Sending message {"bar": "value-3"} to topic topic-72a81036_81bb_4869_81e4_1e577582ffa2
2025-08-13 16:42:12,701 INFO  [io.api.tes.ser.api.KafkaSerdesTester] (Thread-615) Sending message {"bar": "value-4"} to topic topic-72a81036_81bb_4869_81e4_1e577582ffa2
2025-08-13 16:42:12,704 INFO  [io.api.tes.ser.api.KafkaSerdesTester] (Thread-615) Sending message {"bar": "value-5"} to topic topic-72a81036_81bb_4869_81e4_1e577582ffa2
2025-08-13 16:42:12,706 INFO  [io.api.tes.ser.api.KafkaSerdesTester] (Thread-615) Sending message {"bar": "value-6"} to topic topic-72a81036_81bb_4869_81e4_1e577582ffa2
2025-08-13 16:42:12,709 INFO  [io.api.tes.ser.api.KafkaSerdesTester] (Thread-615) Sending message {"bar": "value-7"} to topic topic-72a81036_81bb_4869_81e4_1e577582ffa2
2025-08-13 16:42:12,711 INFO  [io.api.tes.ser.api.KafkaSerdesTester] (Thread-615) Sending message {"bar": "value-8"} to topic topic-72a81036_81bb_4869_81e4_1e577582ffa2
2025-08-13 16:42:12,713 INFO  [io.api.tes.ser.api.KafkaSerdesTester] (Thread-615) Sending message {"bar": "value-9"} to topic topic-72a81036_81bb_4869_81e4_1e577582ffa2
2025-08-13 16:42:12,719 INFO  [io.api.tes.ser.api.KafkaSerdesTester] (Thread-615) Produced 10 messages
2025-08-13 16:42:12,719 INFO  [org.apa.kaf.cli.pro.KafkaProducer] (Thread-615) [Producer clientId=Producer-topic-72a81036_81bb_4869_81e4_1e577582ffa2] Closing the Kafka producer with timeoutMillis = 9223372036854775807 ms.
2025-08-13 16:42:12,724 INFO  [org.apa.kaf.com.met.Metrics] (Thread-615) Metrics scheduler closed
2025-08-13 16:42:12,724 INFO  [org.apa.kaf.com.met.Metrics] (Thread-615) Closing reporter org.apache.kafka.common.metrics.JmxReporter
2025-08-13 16:42:12,724 INFO  [org.apa.kaf.com.met.Metrics] (Thread-615) Closing reporter org.apache.kafka.common.telemetry.internals.ClientTelemetryReporter
2025-08-13 16:42:12,724 INFO  [org.apa.kaf.com.met.Metrics] (Thread-615) Metrics reporters closed
2025-08-13 16:42:12,725 INFO  [org.apa.kaf.com.uti.AppInfoParser] (Thread-615) App info kafka.producer for Producer-topic-72a81036_81bb_4869_81e4_1e577582ffa2 unregistered
**** Registry Base URL: http://registry-app-mysql.apps.ci419.apicurio-testing.org:80
2025-08-13 16:42:12,897 INFO  [org.apa.kaf.cli.con.ConsumerConfig] (main) ConsumerConfig values: 
	allow.auto.create.topics = true
	auto.commit.interval.ms = 500
	auto.include.jmx.reporter = true
	auto.offset.reset = earliest
	bootstrap.servers = [PLAINTEXT://localhost:32769]
	check.crcs = true
	client.dns.lookup = use_all_dns_ips
	client.id = consumer-Consumer-topic-72a81036_81bb_4869_81e4_1e577582ffa2-3
	client.rack = 
	connections.max.idle.ms = 10000
	default.api.timeout.ms = 60000
	enable.auto.commit = true
	enable.metrics.push = true
	exclude.internal.topics = true
	fetch.max.bytes = 52428800
	fetch.max.wait.ms = 500
	fetch.min.bytes = 1
	group.id = Consumer-topic-72a81036_81bb_4869_81e4_1e577582ffa2
	group.instance.id = null
	group.protocol = classic
	group.remote.assignor = null
	heartbeat.interval.ms = 3000
	interceptor.classes = []
	internal.leave.group.on.close = true
	internal.throw.on.fetch.stable.offset.unsupported = false
	isolation.level = read_uncommitted
	key.deserializer = class org.apache.kafka.common.serialization.StringDeserializer
	max.partition.fetch.bytes = 1048576
	max.poll.interval.ms = 300000
	max.poll.records = 500
	metadata.max.age.ms = 300000
	metadata.recovery.strategy = none
	metric.reporters = []
	metrics.num.samples = 2
	metrics.recording.level = INFO
	metrics.sample.window.ms = 30000
	partition.assignment.strategy = [class org.apache.kafka.clients.consumer.RangeAssignor, class org.apache.kafka.clients.consumer.CooperativeStickyAssignor]
	receive.buffer.bytes = 65536
	reconnect.backoff.max.ms = 1000
	reconnect.backoff.ms = 50
	request.timeout.ms = 5000
	retry.backoff.max.ms = 1000
	retry.backoff.ms = 100
	sasl.client.callback.handler.class = null
	sasl.jaas.config = null
	sasl.kerberos.kinit.cmd = /usr/bin/kinit
	sasl.kerberos.min.time.before.relogin = 60000
	sasl.kerberos.service.name = null
	sasl.kerberos.ticket.renew.jitter = 0.05
	sasl.kerberos.ticket.renew.window.factor = 0.8
	sasl.login.callback.handler.class = null
	sasl.login.class = null
	sasl.login.connect.timeout.ms = null
	sasl.login.read.timeout.ms = null
	sasl.login.refresh.buffer.seconds = 300
	sasl.login.refresh.min.period.seconds = 60
	sasl.login.refresh.window.factor = 0.8
	sasl.login.refresh.window.jitter = 0.05
	sasl.login.retry.backoff.max.ms = 10000
	sasl.login.retry.backoff.ms = 100
	sasl.mechanism = GSSAPI
	sasl.oauthbearer.clock.skew.seconds = 30
	sasl.oauthbearer.expected.audience = null
	sasl.oauthbearer.expected.issuer = null
	sasl.oauthbearer.header.urlencode = false
	sasl.oauthbearer.jwks.endpoint.refresh.ms = 3600000
	sasl.oauthbearer.jwks.endpoint.retry.backoff.max.ms = 10000
	sasl.oauthbearer.jwks.endpoint.retry.backoff.ms = 100
	sasl.oauthbearer.jwks.endpoint.url = null
	sasl.oauthbearer.scope.claim.name = scope
	sasl.oauthbearer.sub.claim.name = sub
	sasl.oauthbearer.token.endpoint.url = null
	security.protocol = PLAINTEXT
	security.providers = null
	send.buffer.bytes = 131072
	session.timeout.ms = 45000
	socket.connection.setup.timeout.max.ms = 30000
	socket.connection.setup.timeout.ms = 10000
	ssl.cipher.suites = null
	ssl.enabled.protocols = [TLSv1.2, TLSv1.3]
	ssl.endpoint.identification.algorithm = https
	ssl.engine.factory.class = null
	ssl.key.password = null
	ssl.keymanager.algorithm = SunX509
	ssl.keystore.certificate.chain = null
	ssl.keystore.key = null
	ssl.keystore.location = null
	ssl.keystore.password = null
	ssl.keystore.type = JKS
	ssl.protocol = TLSv1.3
	ssl.provider = null
	ssl.secure.random.implementation = null
	ssl.trustmanager.algorithm = PKIX
	ssl.truststore.certificates = null
	ssl.truststore.location = null
	ssl.truststore.password = null
	ssl.truststore.type = JKS
	value.deserializer = class io.apicurio.registry.serde.avro.AvroKafkaDeserializer

2025-08-13 16:42:12,897 INFO  [org.apa.kaf.com.tel.int.KafkaMetricsCollector] (main) initializing Kafka metrics collector
2025-08-13 16:42:12,903 INFO  [org.apa.kaf.cli.con.ConsumerConfig] (main) These configurations '[apicurio.registry.avro.encoding, apicurio.registry.url]' were supplied but are not used yet.
2025-08-13 16:42:12,903 INFO  [org.apa.kaf.com.uti.AppInfoParser] (main) Kafka version: 3.9.1
2025-08-13 16:42:12,903 INFO  [org.apa.kaf.com.uti.AppInfoParser] (main) Kafka commitId: f745dfdcee2b9851
2025-08-13 16:42:12,903 INFO  [org.apa.kaf.com.uti.AppInfoParser] (main) Kafka startTimeMs: 1755103332903
2025-08-13 16:42:12,905 INFO  [org.apa.kaf.cli.con.int.ClassicKafkaConsumer] (Thread-618) [Consumer clientId=consumer-Consumer-topic-72a81036_81bb_4869_81e4_1e577582ffa2-3, groupId=Consumer-topic-72a81036_81bb_4869_81e4_1e577582ffa2] Subscribed to topic(s): topic-72a81036_81bb_4869_81e4_1e577582ffa2
2025-08-13 16:42:12,913 INFO  [org.apa.kaf.cli.Metadata] (Thread-618) [Consumer clientId=consumer-Consumer-topic-72a81036_81bb_4869_81e4_1e577582ffa2-3, groupId=Consumer-topic-72a81036_81bb_4869_81e4_1e577582ffa2] Cluster ID: qKHj6WxtSVqL2ounD9m8uw
2025-08-13 16:42:12,915 INFO  [org.apa.kaf.cli.con.int.ConsumerCoordinator] (Thread-618) [Consumer clientId=consumer-Consumer-topic-72a81036_81bb_4869_81e4_1e577582ffa2-3, groupId=Consumer-topic-72a81036_81bb_4869_81e4_1e577582ffa2] Discovered group coordinator localhost:32769 (id: 2147483647 rack: null)
2025-08-13 16:42:12,918 INFO  [org.apa.kaf.cli.con.int.ConsumerCoordinator] (Thread-618) [Consumer clientId=consumer-Consumer-topic-72a81036_81bb_4869_81e4_1e577582ffa2-3, groupId=Consumer-topic-72a81036_81bb_4869_81e4_1e577582ffa2] (Re-)joining group
2025-08-13 16:42:12,922 INFO  [org.apa.kaf.cli.con.int.ConsumerCoordinator] (Thread-618) [Consumer clientId=consumer-Consumer-topic-72a81036_81bb_4869_81e4_1e577582ffa2-3, groupId=Consumer-topic-72a81036_81bb_4869_81e4_1e577582ffa2] Request joining group due to: need to re-join with the given member-id: consumer-Consumer-topic-72a81036_81bb_4869_81e4_1e577582ffa2-3-bf658a31-307f-4fde-97c2-51898a7b004a
2025-08-13 16:42:12,923 INFO  [org.apa.kaf.cli.con.int.ConsumerCoordinator] (Thread-618) [Consumer clientId=consumer-Consumer-topic-72a81036_81bb_4869_81e4_1e577582ffa2-3, groupId=Consumer-topic-72a81036_81bb_4869_81e4_1e577582ffa2] (Re-)joining group
2025-08-13 16:42:13,905 INFO  [io.api.tes.ser.api.KafkaSerdesTester] (Thread-618) None found
2025-08-13 16:42:14,906 INFO  [io.api.tes.ser.api.KafkaSerdesTester] (Thread-618) None found
2025-08-13 16:42:15,906 INFO  [io.api.tes.ser.api.KafkaSerdesTester] (Thread-618) None found
2025-08-13 16:42:15,925 INFO  [org.apa.kaf.cli.con.int.ConsumerCoordinator] (Thread-618) [Consumer clientId=consumer-Consumer-topic-72a81036_81bb_4869_81e4_1e577582ffa2-3, groupId=Consumer-topic-72a81036_81bb_4869_81e4_1e577582ffa2] Successfully joined group with generation Generation{generationId=1, memberId='consumer-Consumer-topic-72a81036_81bb_4869_81e4_1e577582ffa2-3-bf658a31-307f-4fde-97c2-51898a7b004a', protocol='range'}
2025-08-13 16:42:15,926 INFO  [org.apa.kaf.cli.con.int.ConsumerCoordinator] (Thread-618) [Consumer clientId=consumer-Consumer-topic-72a81036_81bb_4869_81e4_1e577582ffa2-3, groupId=Consumer-topic-72a81036_81bb_4869_81e4_1e577582ffa2] Finished assignment for group at generation 1: {consumer-Consumer-topic-72a81036_81bb_4869_81e4_1e577582ffa2-3-bf658a31-307f-4fde-97c2-51898a7b004a=Assignment(partitions=[topic-72a81036_81bb_4869_81e4_1e577582ffa2-0])}
2025-08-13 16:42:15,934 INFO  [org.apa.kaf.cli.con.int.ConsumerCoordinator] (Thread-618) [Consumer clientId=consumer-Consumer-topic-72a81036_81bb_4869_81e4_1e577582ffa2-3, groupId=Consumer-topic-72a81036_81bb_4869_81e4_1e577582ffa2] Successfully synced group in generation Generation{generationId=1, memberId='consumer-Consumer-topic-72a81036_81bb_4869_81e4_1e577582ffa2-3-bf658a31-307f-4fde-97c2-51898a7b004a', protocol='range'}
2025-08-13 16:42:15,935 INFO  [org.apa.kaf.cli.con.int.ConsumerCoordinator] (Thread-618) [Consumer clientId=consumer-Consumer-topic-72a81036_81bb_4869_81e4_1e577582ffa2-3, groupId=Consumer-topic-72a81036_81bb_4869_81e4_1e577582ffa2] Notifying assignor about the new Assignment(partitions=[topic-72a81036_81bb_4869_81e4_1e577582ffa2-0])
2025-08-13 16:42:15,935 INFO  [org.apa.kaf.cli.con.int.ConsumerRebalanceListenerInvoker] (Thread-618) [Consumer clientId=consumer-Consumer-topic-72a81036_81bb_4869_81e4_1e577582ffa2-3, groupId=Consumer-topic-72a81036_81bb_4869_81e4_1e577582ffa2] Adding newly assigned partitions: topic-72a81036_81bb_4869_81e4_1e577582ffa2-0
2025-08-13 16:42:15,937 INFO  [org.apa.kaf.cli.con.int.ConsumerCoordinator] (Thread-618) [Consumer clientId=consumer-Consumer-topic-72a81036_81bb_4869_81e4_1e577582ffa2-3, groupId=Consumer-topic-72a81036_81bb_4869_81e4_1e577582ffa2] Found no committed offset for partition topic-72a81036_81bb_4869_81e4_1e577582ffa2-0
2025-08-13 16:42:15,947 INFO  [org.apa.kaf.cli.con.int.SubscriptionState] (Thread-618) [Consumer clientId=consumer-Consumer-topic-72a81036_81bb_4869_81e4_1e577582ffa2-3, groupId=Consumer-topic-72a81036_81bb_4869_81e4_1e577582ffa2] Resetting offset for partition topic-72a81036_81bb_4869_81e4_1e577582ffa2-0 to position FetchPosition{offset=0, offsetEpoch=Optional.empty, currentLeader=LeaderAndEpoch{leader=Optional[localhost:32769 (id: 0 rack: null)], epoch=0}}.
2025-08-13 16:42:16,192 INFO  [io.api.tes.ser.api.KafkaSerdesTester] (Thread-618) topic-72a81036_81bb_4869_81e4_1e577582ffa2 0 0 {"bar": "value-0"}
2025-08-13 16:42:16,192 INFO  [io.api.tes.ser.api.KafkaSerdesTester] (Thread-618) topic-72a81036_81bb_4869_81e4_1e577582ffa2 0 1 {"bar": "value-1"}
2025-08-13 16:42:16,193 INFO  [io.api.tes.ser.api.KafkaSerdesTester] (Thread-618) topic-72a81036_81bb_4869_81e4_1e577582ffa2 0 2 {"bar": "value-2"}
2025-08-13 16:42:16,193 INFO  [io.api.tes.ser.api.KafkaSerdesTester] (Thread-618) topic-72a81036_81bb_4869_81e4_1e577582ffa2 0 3 {"bar": "value-3"}
2025-08-13 16:42:16,193 INFO  [io.api.tes.ser.api.KafkaSerdesTester] (Thread-618) topic-72a81036_81bb_4869_81e4_1e577582ffa2 0 4 {"bar": "value-4"}
2025-08-13 16:42:16,193 INFO  [io.api.tes.ser.api.KafkaSerdesTester] (Thread-618) topic-72a81036_81bb_4869_81e4_1e577582ffa2 0 5 {"bar": "value-5"}
2025-08-13 16:42:16,193 INFO  [io.api.tes.ser.api.KafkaSerdesTester] (Thread-618) topic-72a81036_81bb_4869_81e4_1e577582ffa2 0 6 {"bar": "value-6"}
2025-08-13 16:42:16,193 INFO  [io.api.tes.ser.api.KafkaSerdesTester] (Thread-618) topic-72a81036_81bb_4869_81e4_1e577582ffa2 0 7 {"bar": "value-7"}
2025-08-13 16:42:16,193 INFO  [io.api.tes.ser.api.KafkaSerdesTester] (Thread-618) topic-72a81036_81bb_4869_81e4_1e577582ffa2 0 8 {"bar": "value-8"}
2025-08-13 16:42:16,193 INFO  [io.api.tes.ser.api.KafkaSerdesTester] (Thread-618) topic-72a81036_81bb_4869_81e4_1e577582ffa2 0 9 {"bar": "value-9"}
2025-08-13 16:42:16,193 INFO  [io.api.tes.ser.api.KafkaSerdesTester] (Thread-618) Consumed 10 messages
2025-08-13 16:42:16,202 INFO  [org.apa.kaf.cli.con.int.ConsumerRebalanceListenerInvoker] (Thread-618) [Consumer clientId=consumer-Consumer-topic-72a81036_81bb_4869_81e4_1e577582ffa2-3, groupId=Consumer-topic-72a81036_81bb_4869_81e4_1e577582ffa2] Revoke previously assigned partitions topic-72a81036_81bb_4869_81e4_1e577582ffa2-0
2025-08-13 16:42:16,202 INFO  [org.apa.kaf.cli.con.int.ConsumerCoordinator] (Thread-618) [Consumer clientId=consumer-Consumer-topic-72a81036_81bb_4869_81e4_1e577582ffa2-3, groupId=Consumer-topic-72a81036_81bb_4869_81e4_1e577582ffa2] Member consumer-Consumer-topic-72a81036_81bb_4869_81e4_1e577582ffa2-3-bf658a31-307f-4fde-97c2-51898a7b004a sending LeaveGroup request to coordinator localhost:32769 (id: 2147483647 rack: null) due to the consumer is being closed
2025-08-13 16:42:16,202 INFO  [org.apa.kaf.cli.con.int.ConsumerCoordinator] (Thread-618) [Consumer clientId=consumer-Consumer-topic-72a81036_81bb_4869_81e4_1e577582ffa2-3, groupId=Consumer-topic-72a81036_81bb_4869_81e4_1e577582ffa2] Resetting generation and member id due to: consumer pro-actively leaving the group
2025-08-13 16:42:16,202 INFO  [org.apa.kaf.cli.con.int.ConsumerCoordinator] (Thread-618) [Consumer clientId=consumer-Consumer-topic-72a81036_81bb_4869_81e4_1e577582ffa2-3, groupId=Consumer-topic-72a81036_81bb_4869_81e4_1e577582ffa2] Request joining group due to: consumer pro-actively leaving the group
2025-08-13 16:42:16,696 INFO  [org.apa.kaf.com.met.Metrics] (Thread-618) Metrics scheduler closed
2025-08-13 16:42:16,696 INFO  [org.apa.kaf.com.met.Metrics] (Thread-618) Closing reporter org.apache.kafka.common.metrics.JmxReporter
2025-08-13 16:42:16,696 INFO  [org.apa.kaf.com.met.Metrics] (Thread-618) Closing reporter org.apache.kafka.common.telemetry.internals.ClientTelemetryReporter
2025-08-13 16:42:16,696 INFO  [org.apa.kaf.com.met.Metrics] (Thread-618) Metrics reporters closed
2025-08-13 16:42:16,699 INFO  [org.apa.kaf.com.uti.AppInfoParser] (Thread-618) App info kafka.consumer for consumer-Consumer-topic-72a81036_81bb_4869_81e4_1e577582ffa2-3 unregistered
2025-08-13 16:42:16,700 INFO  [io.api.tes.uti.TestSeparator] (main) io.apicurio.tests.serdes.apicurio.AvroSerdeIT.testAvroJSON-FINISHED
2025-08-13 16:42:16,700 INFO  [io.api.tes.uti.TestSeparator] (main) ############################################################################
Test passed: testAvroJSON
]]></system-out>
  </testcase>
  <testcase name="testTopicIdStrategyAutoRegister" classname="io.apicurio.tests.serdes.apicurio.AvroSerdeIT" time="4.511">
    <system-out><![CDATA[2025-08-13 16:42:16,703 INFO  [io.api.tes.uti.TestSeparator] (main) ############################################################################
2025-08-13 16:42:16,703 INFO  [io.api.tes.uti.TestSeparator] (main) io.apicurio.tests.serdes.apicurio.AvroSerdeIT.testTopicIdStrategyAutoRegister-STARTED
**** Registry Base URL: http://registry-app-mysql.apps.ci419.apicurio-testing.org:80
2025-08-13 16:42:16,705 INFO  [org.apa.kaf.cli.pro.ProducerConfig] (main) ProducerConfig values: 
	acks = -1
	auto.include.jmx.reporter = true
	batch.size = 16384
	bootstrap.servers = [PLAINTEXT://localhost:32769]
	buffer.memory = 33554432
	client.dns.lookup = use_all_dns_ips
	client.id = Producer-topic-7ab20cb4_e9a6_4068_a286_4864e644f2ed
	compression.gzip.level = -1
	compression.lz4.level = 9
	compression.type = none
	compression.zstd.level = 3
	connections.max.idle.ms = 10000
	delivery.timeout.ms = 120000
	enable.idempotence = true
	enable.metrics.push = true
	interceptor.classes = []
	key.serializer = class org.apache.kafka.common.serialization.StringSerializer
	linger.ms = 0
	max.block.ms = 60000
	max.in.flight.requests.per.connection = 5
	max.request.size = 1048576
	metadata.max.age.ms = 300000
	metadata.max.idle.ms = 300000
	metadata.recovery.strategy = none
	metric.reporters = []
	metrics.num.samples = 2
	metrics.recording.level = INFO
	metrics.sample.window.ms = 30000
	partitioner.adaptive.partitioning.enable = true
	partitioner.availability.timeout.ms = 0
	partitioner.class = null
	partitioner.ignore.keys = false
	receive.buffer.bytes = 32768
	reconnect.backoff.max.ms = 1000
	reconnect.backoff.ms = 50
	request.timeout.ms = 5000
	retries = 2147483647
	retry.backoff.max.ms = 1000
	retry.backoff.ms = 100
	sasl.client.callback.handler.class = null
	sasl.jaas.config = null
	sasl.kerberos.kinit.cmd = /usr/bin/kinit
	sasl.kerberos.min.time.before.relogin = 60000
	sasl.kerberos.service.name = null
	sasl.kerberos.ticket.renew.jitter = 0.05
	sasl.kerberos.ticket.renew.window.factor = 0.8
	sasl.login.callback.handler.class = null
	sasl.login.class = null
	sasl.login.connect.timeout.ms = null
	sasl.login.read.timeout.ms = null
	sasl.login.refresh.buffer.seconds = 300
	sasl.login.refresh.min.period.seconds = 60
	sasl.login.refresh.window.factor = 0.8
	sasl.login.refresh.window.jitter = 0.05
	sasl.login.retry.backoff.max.ms = 10000
	sasl.login.retry.backoff.ms = 100
	sasl.mechanism = GSSAPI
	sasl.oauthbearer.clock.skew.seconds = 30
	sasl.oauthbearer.expected.audience = null
	sasl.oauthbearer.expected.issuer = null
	sasl.oauthbearer.header.urlencode = false
	sasl.oauthbearer.jwks.endpoint.refresh.ms = 3600000
	sasl.oauthbearer.jwks.endpoint.retry.backoff.max.ms = 10000
	sasl.oauthbearer.jwks.endpoint.retry.backoff.ms = 100
	sasl.oauthbearer.jwks.endpoint.url = null
	sasl.oauthbearer.scope.claim.name = scope
	sasl.oauthbearer.sub.claim.name = sub
	sasl.oauthbearer.token.endpoint.url = null
	security.protocol = PLAINTEXT
	security.providers = null
	send.buffer.bytes = 131072
	socket.connection.setup.timeout.max.ms = 30000
	socket.connection.setup.timeout.ms = 10000
	ssl.cipher.suites = null
	ssl.enabled.protocols = [TLSv1.2, TLSv1.3]
	ssl.endpoint.identification.algorithm = https
	ssl.engine.factory.class = null
	ssl.key.password = null
	ssl.keymanager.algorithm = SunX509
	ssl.keystore.certificate.chain = null
	ssl.keystore.key = null
	ssl.keystore.location = null
	ssl.keystore.password = null
	ssl.keystore.type = JKS
	ssl.protocol = TLSv1.3
	ssl.provider = null
	ssl.secure.random.implementation = null
	ssl.trustmanager.algorithm = PKIX
	ssl.truststore.certificates = null
	ssl.truststore.location = null
	ssl.truststore.password = null
	ssl.truststore.type = JKS
	transaction.timeout.ms = 60000
	transactional.id = null
	value.serializer = class io.apicurio.registry.serde.avro.AvroKafkaSerializer

2025-08-13 16:42:16,708 INFO  [org.apa.kaf.com.tel.int.KafkaMetricsCollector] (main) initializing Kafka metrics collector
2025-08-13 16:42:16,712 INFO  [org.apa.kaf.cli.pro.KafkaProducer] (main) [Producer clientId=Producer-topic-7ab20cb4_e9a6_4068_a286_4864e644f2ed] Instantiated an idempotent producer.
2025-08-13 16:42:16,715 INFO  [org.apa.kaf.cli.pro.ProducerConfig] (main) These configurations '[apicurio.registry.url, apicurio.registry.auto-register, apicurio.registry.artifact-resolver-strategy]' were supplied but are not used yet.
2025-08-13 16:42:16,715 INFO  [org.apa.kaf.com.uti.AppInfoParser] (main) Kafka version: 3.9.1
2025-08-13 16:42:16,715 INFO  [org.apa.kaf.com.uti.AppInfoParser] (main) Kafka commitId: f745dfdcee2b9851
2025-08-13 16:42:16,715 INFO  [org.apa.kaf.com.uti.AppInfoParser] (main) Kafka startTimeMs: 1755103336715
2025-08-13 16:42:16,716 INFO  [io.api.tes.ser.api.SimpleSerdesTesterBuilder$SimpleSerdesTester] (main) Using producer configuration: {apicurio.registry.url=http://registry-app-mysql.apps.ci419.apicurio-testing.org:80/apis/registry/v3, apicurio.registry.auto-register=true, apicurio.registry.artifact-resolver-strategy=io.apicurio.registry.serde.strategy.TopicIdStrategy, value.serializer=io.apicurio.registry.serde.avro.AvroKafkaSerializer, request.timeout.ms=5000, acks=all, bootstrap.servers=PLAINTEXT://localhost:32769, connections.max.idle.ms=10000, key.serializer=org.apache.kafka.common.serialization.StringSerializer, client.id=Producer-topic-7ab20cb4_e9a6_4068_a286_4864e644f2ed}
2025-08-13 16:42:16,716 INFO  [io.api.tes.ser.api.SimpleSerdesTesterBuilder$SimpleSerdesTester] (main) Using consumer configuration: {}
2025-08-13 16:42:16,719 INFO  [io.api.tes.ser.api.KafkaSerdesTester] (Thread-621) Sending message {"key11755103336703": "value-0"} to topic topic-7ab20cb4_e9a6_4068_a286_4864e644f2ed
2025-08-13 16:42:16,726 WARN  [org.apa.kaf.cli.NetworkClient] (kafka-producer-network-thread | Producer-topic-7ab20cb4_e9a6_4068_a286_4864e644f2ed) [Producer clientId=Producer-topic-7ab20cb4_e9a6_4068_a286_4864e644f2ed] The metadata response from the cluster reported a recoverable issue with correlation id 1 : {topic-7ab20cb4_e9a6_4068_a286_4864e644f2ed=UNKNOWN_TOPIC_OR_PARTITION}
2025-08-13 16:42:16,726 INFO  [org.apa.kaf.cli.Metadata] (kafka-producer-network-thread | Producer-topic-7ab20cb4_e9a6_4068_a286_4864e644f2ed) [Producer clientId=Producer-topic-7ab20cb4_e9a6_4068_a286_4864e644f2ed] Cluster ID: qKHj6WxtSVqL2ounD9m8uw
2025-08-13 16:42:16,728 INFO  [org.apa.kaf.cli.pro.int.TransactionManager] (kafka-producer-network-thread | Producer-topic-7ab20cb4_e9a6_4068_a286_4864e644f2ed) [Producer clientId=Producer-topic-7ab20cb4_e9a6_4068_a286_4864e644f2ed] ProducerId set to 4 with epoch 0
2025-08-13 16:42:17,028 INFO  [io.api.tes.ser.api.KafkaSerdesTester] (Thread-621) Sending message {"key11755103336703": "value-1"} to topic topic-7ab20cb4_e9a6_4068_a286_4864e644f2ed
2025-08-13 16:42:17,031 INFO  [io.api.tes.ser.api.KafkaSerdesTester] (Thread-621) Sending message {"key11755103336703": "value-2"} to topic topic-7ab20cb4_e9a6_4068_a286_4864e644f2ed
2025-08-13 16:42:17,038 INFO  [io.api.tes.ser.api.KafkaSerdesTester] (Thread-621) Sending message {"key11755103336703": "value-3"} to topic topic-7ab20cb4_e9a6_4068_a286_4864e644f2ed
2025-08-13 16:42:17,042 INFO  [io.api.tes.ser.api.KafkaSerdesTester] (Thread-621) Sending message {"key11755103336703": "value-4"} to topic topic-7ab20cb4_e9a6_4068_a286_4864e644f2ed
2025-08-13 16:42:17,045 INFO  [io.api.tes.ser.api.KafkaSerdesTester] (Thread-621) Sending message {"key11755103336703": "value-5"} to topic topic-7ab20cb4_e9a6_4068_a286_4864e644f2ed
2025-08-13 16:42:17,048 INFO  [io.api.tes.ser.api.KafkaSerdesTester] (Thread-621) Sending message {"key11755103336703": "value-6"} to topic topic-7ab20cb4_e9a6_4068_a286_4864e644f2ed
2025-08-13 16:42:17,050 INFO  [io.api.tes.ser.api.KafkaSerdesTester] (Thread-621) Sending message {"key11755103336703": "value-7"} to topic topic-7ab20cb4_e9a6_4068_a286_4864e644f2ed
2025-08-13 16:42:17,052 INFO  [io.api.tes.ser.api.KafkaSerdesTester] (Thread-621) Sending message {"key11755103336703": "value-8"} to topic topic-7ab20cb4_e9a6_4068_a286_4864e644f2ed
2025-08-13 16:42:17,054 INFO  [io.api.tes.ser.api.KafkaSerdesTester] (Thread-621) Sending message {"key11755103336703": "value-9"} to topic topic-7ab20cb4_e9a6_4068_a286_4864e644f2ed
2025-08-13 16:42:17,057 INFO  [io.api.tes.ser.api.KafkaSerdesTester] (Thread-621) Produced 10 messages
2025-08-13 16:42:17,057 INFO  [org.apa.kaf.cli.pro.KafkaProducer] (Thread-621) [Producer clientId=Producer-topic-7ab20cb4_e9a6_4068_a286_4864e644f2ed] Closing the Kafka producer with timeoutMillis = 9223372036854775807 ms.
2025-08-13 16:42:17,059 INFO  [org.apa.kaf.com.met.Metrics] (Thread-621) Metrics scheduler closed
2025-08-13 16:42:17,059 INFO  [org.apa.kaf.com.met.Metrics] (Thread-621) Closing reporter org.apache.kafka.common.metrics.JmxReporter
2025-08-13 16:42:17,059 INFO  [org.apa.kaf.com.met.Metrics] (Thread-621) Closing reporter org.apache.kafka.common.telemetry.internals.ClientTelemetryReporter
2025-08-13 16:42:17,059 INFO  [org.apa.kaf.com.met.Metrics] (Thread-621) Metrics reporters closed
2025-08-13 16:42:17,061 INFO  [org.apa.kaf.com.uti.AppInfoParser] (Thread-621) App info kafka.producer for Producer-topic-7ab20cb4_e9a6_4068_a286_4864e644f2ed unregistered
**** Registry Base URL: http://registry-app-mysql.apps.ci419.apicurio-testing.org:80
2025-08-13 16:42:17,233 INFO  [org.apa.kaf.cli.con.ConsumerConfig] (main) ConsumerConfig values: 
	allow.auto.create.topics = true
	auto.commit.interval.ms = 500
	auto.include.jmx.reporter = true
	auto.offset.reset = earliest
	bootstrap.servers = [PLAINTEXT://localhost:32769]
	check.crcs = true
	client.dns.lookup = use_all_dns_ips
	client.id = consumer-Consumer-topic-7ab20cb4_e9a6_4068_a286_4864e644f2ed-4
	client.rack = 
	connections.max.idle.ms = 10000
	default.api.timeout.ms = 60000
	enable.auto.commit = true
	enable.metrics.push = true
	exclude.internal.topics = true
	fetch.max.bytes = 52428800
	fetch.max.wait.ms = 500
	fetch.min.bytes = 1
	group.id = Consumer-topic-7ab20cb4_e9a6_4068_a286_4864e644f2ed
	group.instance.id = null
	group.protocol = classic
	group.remote.assignor = null
	heartbeat.interval.ms = 3000
	interceptor.classes = []
	internal.leave.group.on.close = true
	internal.throw.on.fetch.stable.offset.unsupported = false
	isolation.level = read_uncommitted
	key.deserializer = class org.apache.kafka.common.serialization.StringDeserializer
	max.partition.fetch.bytes = 1048576
	max.poll.interval.ms = 300000
	max.poll.records = 500
	metadata.max.age.ms = 300000
	metadata.recovery.strategy = none
	metric.reporters = []
	metrics.num.samples = 2
	metrics.recording.level = INFO
	metrics.sample.window.ms = 30000
	partition.assignment.strategy = [class org.apache.kafka.clients.consumer.RangeAssignor, class org.apache.kafka.clients.consumer.CooperativeStickyAssignor]
	receive.buffer.bytes = 65536
	reconnect.backoff.max.ms = 1000
	reconnect.backoff.ms = 50
	request.timeout.ms = 5000
	retry.backoff.max.ms = 1000
	retry.backoff.ms = 100
	sasl.client.callback.handler.class = null
	sasl.jaas.config = null
	sasl.kerberos.kinit.cmd = /usr/bin/kinit
	sasl.kerberos.min.time.before.relogin = 60000
	sasl.kerberos.service.name = null
	sasl.kerberos.ticket.renew.jitter = 0.05
	sasl.kerberos.ticket.renew.window.factor = 0.8
	sasl.login.callback.handler.class = null
	sasl.login.class = null
	sasl.login.connect.timeout.ms = null
	sasl.login.read.timeout.ms = null
	sasl.login.refresh.buffer.seconds = 300
	sasl.login.refresh.min.period.seconds = 60
	sasl.login.refresh.window.factor = 0.8
	sasl.login.refresh.window.jitter = 0.05
	sasl.login.retry.backoff.max.ms = 10000
	sasl.login.retry.backoff.ms = 100
	sasl.mechanism = GSSAPI
	sasl.oauthbearer.clock.skew.seconds = 30
	sasl.oauthbearer.expected.audience = null
	sasl.oauthbearer.expected.issuer = null
	sasl.oauthbearer.header.urlencode = false
	sasl.oauthbearer.jwks.endpoint.refresh.ms = 3600000
	sasl.oauthbearer.jwks.endpoint.retry.backoff.max.ms = 10000
	sasl.oauthbearer.jwks.endpoint.retry.backoff.ms = 100
	sasl.oauthbearer.jwks.endpoint.url = null
	sasl.oauthbearer.scope.claim.name = scope
	sasl.oauthbearer.sub.claim.name = sub
	sasl.oauthbearer.token.endpoint.url = null
	security.protocol = PLAINTEXT
	security.providers = null
	send.buffer.bytes = 131072
	session.timeout.ms = 45000
	socket.connection.setup.timeout.max.ms = 30000
	socket.connection.setup.timeout.ms = 10000
	ssl.cipher.suites = null
	ssl.enabled.protocols = [TLSv1.2, TLSv1.3]
	ssl.endpoint.identification.algorithm = https
	ssl.engine.factory.class = null
	ssl.key.password = null
	ssl.keymanager.algorithm = SunX509
	ssl.keystore.certificate.chain = null
	ssl.keystore.key = null
	ssl.keystore.location = null
	ssl.keystore.password = null
	ssl.keystore.type = JKS
	ssl.protocol = TLSv1.3
	ssl.provider = null
	ssl.secure.random.implementation = null
	ssl.trustmanager.algorithm = PKIX
	ssl.truststore.certificates = null
	ssl.truststore.location = null
	ssl.truststore.password = null
	ssl.truststore.type = JKS
	value.deserializer = class io.apicurio.registry.serde.avro.AvroKafkaDeserializer

2025-08-13 16:42:17,234 INFO  [org.apa.kaf.com.tel.int.KafkaMetricsCollector] (main) initializing Kafka metrics collector
2025-08-13 16:42:17,246 INFO  [org.apa.kaf.cli.con.ConsumerConfig] (main) These configurations '[apicurio.registry.url]' were supplied but are not used yet.
2025-08-13 16:42:17,246 INFO  [org.apa.kaf.com.uti.AppInfoParser] (main) Kafka version: 3.9.1
2025-08-13 16:42:17,246 INFO  [org.apa.kaf.com.uti.AppInfoParser] (main) Kafka commitId: f745dfdcee2b9851
2025-08-13 16:42:17,246 INFO  [org.apa.kaf.com.uti.AppInfoParser] (main) Kafka startTimeMs: 1755103337246
2025-08-13 16:42:17,246 INFO  [org.apa.kaf.cli.con.int.ClassicKafkaConsumer] (Thread-624) [Consumer clientId=consumer-Consumer-topic-7ab20cb4_e9a6_4068_a286_4864e644f2ed-4, groupId=Consumer-topic-7ab20cb4_e9a6_4068_a286_4864e644f2ed] Subscribed to topic(s): topic-7ab20cb4_e9a6_4068_a286_4864e644f2ed
2025-08-13 16:42:17,256 INFO  [org.apa.kaf.cli.Metadata] (Thread-624) [Consumer clientId=consumer-Consumer-topic-7ab20cb4_e9a6_4068_a286_4864e644f2ed-4, groupId=Consumer-topic-7ab20cb4_e9a6_4068_a286_4864e644f2ed] Cluster ID: qKHj6WxtSVqL2ounD9m8uw
2025-08-13 16:42:17,257 INFO  [org.apa.kaf.cli.con.int.ConsumerCoordinator] (Thread-624) [Consumer clientId=consumer-Consumer-topic-7ab20cb4_e9a6_4068_a286_4864e644f2ed-4, groupId=Consumer-topic-7ab20cb4_e9a6_4068_a286_4864e644f2ed] Discovered group coordinator localhost:32769 (id: 2147483647 rack: null)
2025-08-13 16:42:17,259 INFO  [org.apa.kaf.cli.con.int.ConsumerCoordinator] (Thread-624) [Consumer clientId=consumer-Consumer-topic-7ab20cb4_e9a6_4068_a286_4864e644f2ed-4, groupId=Consumer-topic-7ab20cb4_e9a6_4068_a286_4864e644f2ed] (Re-)joining group
2025-08-13 16:42:17,263 INFO  [org.apa.kaf.cli.con.int.ConsumerCoordinator] (Thread-624) [Consumer clientId=consumer-Consumer-topic-7ab20cb4_e9a6_4068_a286_4864e644f2ed-4, groupId=Consumer-topic-7ab20cb4_e9a6_4068_a286_4864e644f2ed] Request joining group due to: need to re-join with the given member-id: consumer-Consumer-topic-7ab20cb4_e9a6_4068_a286_4864e644f2ed-4-4e205eac-0c09-46aa-95e5-21cd95dab5e4
2025-08-13 16:42:17,263 INFO  [org.apa.kaf.cli.con.int.ConsumerCoordinator] (Thread-624) [Consumer clientId=consumer-Consumer-topic-7ab20cb4_e9a6_4068_a286_4864e644f2ed-4, groupId=Consumer-topic-7ab20cb4_e9a6_4068_a286_4864e644f2ed] (Re-)joining group
2025-08-13 16:42:18,247 INFO  [io.api.tes.ser.api.KafkaSerdesTester] (Thread-624) None found
2025-08-13 16:42:19,247 INFO  [io.api.tes.ser.api.KafkaSerdesTester] (Thread-624) None found
2025-08-13 16:42:20,247 INFO  [io.api.tes.ser.api.KafkaSerdesTester] (Thread-624) None found
2025-08-13 16:42:20,266 INFO  [org.apa.kaf.cli.con.int.ConsumerCoordinator] (Thread-624) [Consumer clientId=consumer-Consumer-topic-7ab20cb4_e9a6_4068_a286_4864e644f2ed-4, groupId=Consumer-topic-7ab20cb4_e9a6_4068_a286_4864e644f2ed] Successfully joined group with generation Generation{generationId=1, memberId='consumer-Consumer-topic-7ab20cb4_e9a6_4068_a286_4864e644f2ed-4-4e205eac-0c09-46aa-95e5-21cd95dab5e4', protocol='range'}
2025-08-13 16:42:20,267 INFO  [org.apa.kaf.cli.con.int.ConsumerCoordinator] (Thread-624) [Consumer clientId=consumer-Consumer-topic-7ab20cb4_e9a6_4068_a286_4864e644f2ed-4, groupId=Consumer-topic-7ab20cb4_e9a6_4068_a286_4864e644f2ed] Finished assignment for group at generation 1: {consumer-Consumer-topic-7ab20cb4_e9a6_4068_a286_4864e644f2ed-4-4e205eac-0c09-46aa-95e5-21cd95dab5e4=Assignment(partitions=[topic-7ab20cb4_e9a6_4068_a286_4864e644f2ed-0])}
2025-08-13 16:42:20,274 INFO  [org.apa.kaf.cli.con.int.ConsumerCoordinator] (Thread-624) [Consumer clientId=consumer-Consumer-topic-7ab20cb4_e9a6_4068_a286_4864e644f2ed-4, groupId=Consumer-topic-7ab20cb4_e9a6_4068_a286_4864e644f2ed] Successfully synced group in generation Generation{generationId=1, memberId='consumer-Consumer-topic-7ab20cb4_e9a6_4068_a286_4864e644f2ed-4-4e205eac-0c09-46aa-95e5-21cd95dab5e4', protocol='range'}
2025-08-13 16:42:20,274 INFO  [org.apa.kaf.cli.con.int.ConsumerCoordinator] (Thread-624) [Consumer clientId=consumer-Consumer-topic-7ab20cb4_e9a6_4068_a286_4864e644f2ed-4, groupId=Consumer-topic-7ab20cb4_e9a6_4068_a286_4864e644f2ed] Notifying assignor about the new Assignment(partitions=[topic-7ab20cb4_e9a6_4068_a286_4864e644f2ed-0])
2025-08-13 16:42:20,275 INFO  [org.apa.kaf.cli.con.int.ConsumerRebalanceListenerInvoker] (Thread-624) [Consumer clientId=consumer-Consumer-topic-7ab20cb4_e9a6_4068_a286_4864e644f2ed-4, groupId=Consumer-topic-7ab20cb4_e9a6_4068_a286_4864e644f2ed] Adding newly assigned partitions: topic-7ab20cb4_e9a6_4068_a286_4864e644f2ed-0
2025-08-13 16:42:20,276 INFO  [org.apa.kaf.cli.con.int.ConsumerCoordinator] (Thread-624) [Consumer clientId=consumer-Consumer-topic-7ab20cb4_e9a6_4068_a286_4864e644f2ed-4, groupId=Consumer-topic-7ab20cb4_e9a6_4068_a286_4864e644f2ed] Found no committed offset for partition topic-7ab20cb4_e9a6_4068_a286_4864e644f2ed-0
2025-08-13 16:42:20,280 INFO  [org.apa.kaf.cli.con.int.SubscriptionState] (Thread-624) [Consumer clientId=consumer-Consumer-topic-7ab20cb4_e9a6_4068_a286_4864e644f2ed-4, groupId=Consumer-topic-7ab20cb4_e9a6_4068_a286_4864e644f2ed] Resetting offset for partition topic-7ab20cb4_e9a6_4068_a286_4864e644f2ed-0 to position FetchPosition{offset=0, offsetEpoch=Optional.empty, currentLeader=LeaderAndEpoch{leader=Optional[localhost:32769 (id: 0 rack: null)], epoch=0}}.
2025-08-13 16:42:20,530 INFO  [io.api.tes.ser.api.KafkaSerdesTester] (Thread-624) topic-7ab20cb4_e9a6_4068_a286_4864e644f2ed 0 0 {"key11755103336703": "value-0"}
2025-08-13 16:42:20,530 INFO  [io.api.tes.ser.api.KafkaSerdesTester] (Thread-624) topic-7ab20cb4_e9a6_4068_a286_4864e644f2ed 0 1 {"key11755103336703": "value-1"}
2025-08-13 16:42:20,530 INFO  [io.api.tes.ser.api.KafkaSerdesTester] (Thread-624) topic-7ab20cb4_e9a6_4068_a286_4864e644f2ed 0 2 {"key11755103336703": "value-2"}
2025-08-13 16:42:20,530 INFO  [io.api.tes.ser.api.KafkaSerdesTester] (Thread-624) topic-7ab20cb4_e9a6_4068_a286_4864e644f2ed 0 3 {"key11755103336703": "value-3"}
2025-08-13 16:42:20,531 INFO  [io.api.tes.ser.api.KafkaSerdesTester] (Thread-624) topic-7ab20cb4_e9a6_4068_a286_4864e644f2ed 0 4 {"key11755103336703": "value-4"}
2025-08-13 16:42:20,531 INFO  [io.api.tes.ser.api.KafkaSerdesTester] (Thread-624) topic-7ab20cb4_e9a6_4068_a286_4864e644f2ed 0 5 {"key11755103336703": "value-5"}
2025-08-13 16:42:20,531 INFO  [io.api.tes.ser.api.KafkaSerdesTester] (Thread-624) topic-7ab20cb4_e9a6_4068_a286_4864e644f2ed 0 6 {"key11755103336703": "value-6"}
2025-08-13 16:42:20,531 INFO  [io.api.tes.ser.api.KafkaSerdesTester] (Thread-624) topic-7ab20cb4_e9a6_4068_a286_4864e644f2ed 0 7 {"key11755103336703": "value-7"}
2025-08-13 16:42:20,531 INFO  [io.api.tes.ser.api.KafkaSerdesTester] (Thread-624) topic-7ab20cb4_e9a6_4068_a286_4864e644f2ed 0 8 {"key11755103336703": "value-8"}
2025-08-13 16:42:20,531 INFO  [io.api.tes.ser.api.KafkaSerdesTester] (Thread-624) topic-7ab20cb4_e9a6_4068_a286_4864e644f2ed 0 9 {"key11755103336703": "value-9"}
2025-08-13 16:42:20,531 INFO  [io.api.tes.ser.api.KafkaSerdesTester] (Thread-624) Consumed 10 messages
2025-08-13 16:42:20,540 INFO  [org.apa.kaf.cli.con.int.ConsumerRebalanceListenerInvoker] (Thread-624) [Consumer clientId=consumer-Consumer-topic-7ab20cb4_e9a6_4068_a286_4864e644f2ed-4, groupId=Consumer-topic-7ab20cb4_e9a6_4068_a286_4864e644f2ed] Revoke previously assigned partitions topic-7ab20cb4_e9a6_4068_a286_4864e644f2ed-0
2025-08-13 16:42:20,540 INFO  [org.apa.kaf.cli.con.int.ConsumerCoordinator] (Thread-624) [Consumer clientId=consumer-Consumer-topic-7ab20cb4_e9a6_4068_a286_4864e644f2ed-4, groupId=Consumer-topic-7ab20cb4_e9a6_4068_a286_4864e644f2ed] Member consumer-Consumer-topic-7ab20cb4_e9a6_4068_a286_4864e644f2ed-4-4e205eac-0c09-46aa-95e5-21cd95dab5e4 sending LeaveGroup request to coordinator localhost:32769 (id: 2147483647 rack: null) due to the consumer is being closed
2025-08-13 16:42:20,540 INFO  [org.apa.kaf.cli.con.int.ConsumerCoordinator] (Thread-624) [Consumer clientId=consumer-Consumer-topic-7ab20cb4_e9a6_4068_a286_4864e644f2ed-4, groupId=Consumer-topic-7ab20cb4_e9a6_4068_a286_4864e644f2ed] Resetting generation and member id due to: consumer pro-actively leaving the group
2025-08-13 16:42:20,540 INFO  [org.apa.kaf.cli.con.int.ConsumerCoordinator] (Thread-624) [Consumer clientId=consumer-Consumer-topic-7ab20cb4_e9a6_4068_a286_4864e644f2ed-4, groupId=Consumer-topic-7ab20cb4_e9a6_4068_a286_4864e644f2ed] Request joining group due to: consumer pro-actively leaving the group
2025-08-13 16:42:21,034 INFO  [org.apa.kaf.com.met.Metrics] (Thread-624) Metrics scheduler closed
2025-08-13 16:42:21,034 INFO  [org.apa.kaf.com.met.Metrics] (Thread-624) Closing reporter org.apache.kafka.common.metrics.JmxReporter
2025-08-13 16:42:21,034 INFO  [org.apa.kaf.com.met.Metrics] (Thread-624) Closing reporter org.apache.kafka.common.telemetry.internals.ClientTelemetryReporter
2025-08-13 16:42:21,034 INFO  [org.apa.kaf.com.met.Metrics] (Thread-624) Metrics reporters closed
2025-08-13 16:42:21,037 INFO  [org.apa.kaf.com.uti.AppInfoParser] (Thread-624) App info kafka.consumer for consumer-Consumer-topic-7ab20cb4_e9a6_4068_a286_4864e644f2ed-4 unregistered
2025-08-13 16:42:21,211 INFO  [io.api.tes.uti.TestSeparator] (main) io.apicurio.tests.serdes.apicurio.AvroSerdeIT.testTopicIdStrategyAutoRegister-FINISHED
2025-08-13 16:42:21,211 INFO  [io.api.tes.uti.TestSeparator] (main) ############################################################################
Test passed: testTopicIdStrategyAutoRegister
]]></system-out>
  </testcase>
  <testcase name="testRecordIdStrategydFindLatest" classname="io.apicurio.tests.serdes.apicurio.AvroSerdeIT" time="5.391">
    <system-out><![CDATA[2025-08-13 16:42:21,213 INFO  [io.api.tes.uti.TestSeparator] (main) ############################################################################
2025-08-13 16:42:21,213 INFO  [io.api.tes.uti.TestSeparator] (main) io.apicurio.tests.serdes.apicurio.AvroSerdeIT.testRecordIdStrategydFindLatest-STARTED
2025-08-13 16:42:21,214 INFO  [io.api.tes.ser.api.AvroSerdeIT] (main) Registering Avro Schema: {"type":"record","name":"sb92d9cf3xd911x41caxb0bdx20e0337ccf44","namespace":"sc49f0842x5577x4ed8x8e0cxb38beaec3392","fields":[{"name":"key11755103341213","type":"string"}]}
**** Registry Base URL: http://registry-app-mysql.apps.ci419.apicurio-testing.org:80
2025-08-13 16:42:22,411 INFO  [org.apa.kaf.cli.pro.ProducerConfig] (main) ProducerConfig values: 
	acks = -1
	auto.include.jmx.reporter = true
	batch.size = 16384
	bootstrap.servers = [PLAINTEXT://localhost:32769]
	buffer.memory = 33554432
	client.dns.lookup = use_all_dns_ips
	client.id = Producer-topic-9d2278f3_e105_4de5_8f03_857f9ec12880
	compression.gzip.level = -1
	compression.lz4.level = 9
	compression.type = none
	compression.zstd.level = 3
	connections.max.idle.ms = 10000
	delivery.timeout.ms = 120000
	enable.idempotence = true
	enable.metrics.push = true
	interceptor.classes = []
	key.serializer = class org.apache.kafka.common.serialization.StringSerializer
	linger.ms = 0
	max.block.ms = 60000
	max.in.flight.requests.per.connection = 5
	max.request.size = 1048576
	metadata.max.age.ms = 300000
	metadata.max.idle.ms = 300000
	metadata.recovery.strategy = none
	metric.reporters = []
	metrics.num.samples = 2
	metrics.recording.level = INFO
	metrics.sample.window.ms = 30000
	partitioner.adaptive.partitioning.enable = true
	partitioner.availability.timeout.ms = 0
	partitioner.class = null
	partitioner.ignore.keys = false
	receive.buffer.bytes = 32768
	reconnect.backoff.max.ms = 1000
	reconnect.backoff.ms = 50
	request.timeout.ms = 5000
	retries = 2147483647
	retry.backoff.max.ms = 1000
	retry.backoff.ms = 100
	sasl.client.callback.handler.class = null
	sasl.jaas.config = null
	sasl.kerberos.kinit.cmd = /usr/bin/kinit
	sasl.kerberos.min.time.before.relogin = 60000
	sasl.kerberos.service.name = null
	sasl.kerberos.ticket.renew.jitter = 0.05
	sasl.kerberos.ticket.renew.window.factor = 0.8
	sasl.login.callback.handler.class = null
	sasl.login.class = null
	sasl.login.connect.timeout.ms = null
	sasl.login.read.timeout.ms = null
	sasl.login.refresh.buffer.seconds = 300
	sasl.login.refresh.min.period.seconds = 60
	sasl.login.refresh.window.factor = 0.8
	sasl.login.refresh.window.jitter = 0.05
	sasl.login.retry.backoff.max.ms = 10000
	sasl.login.retry.backoff.ms = 100
	sasl.mechanism = GSSAPI
	sasl.oauthbearer.clock.skew.seconds = 30
	sasl.oauthbearer.expected.audience = null
	sasl.oauthbearer.expected.issuer = null
	sasl.oauthbearer.header.urlencode = false
	sasl.oauthbearer.jwks.endpoint.refresh.ms = 3600000
	sasl.oauthbearer.jwks.endpoint.retry.backoff.max.ms = 10000
	sasl.oauthbearer.jwks.endpoint.retry.backoff.ms = 100
	sasl.oauthbearer.jwks.endpoint.url = null
	sasl.oauthbearer.scope.claim.name = scope
	sasl.oauthbearer.sub.claim.name = sub
	sasl.oauthbearer.token.endpoint.url = null
	security.protocol = PLAINTEXT
	security.providers = null
	send.buffer.bytes = 131072
	socket.connection.setup.timeout.max.ms = 30000
	socket.connection.setup.timeout.ms = 10000
	ssl.cipher.suites = null
	ssl.enabled.protocols = [TLSv1.2, TLSv1.3]
	ssl.endpoint.identification.algorithm = https
	ssl.engine.factory.class = null
	ssl.key.password = null
	ssl.keymanager.algorithm = SunX509
	ssl.keystore.certificate.chain = null
	ssl.keystore.key = null
	ssl.keystore.location = null
	ssl.keystore.password = null
	ssl.keystore.type = JKS
	ssl.protocol = TLSv1.3
	ssl.provider = null
	ssl.secure.random.implementation = null
	ssl.trustmanager.algorithm = PKIX
	ssl.truststore.certificates = null
	ssl.truststore.location = null
	ssl.truststore.password = null
	ssl.truststore.type = JKS
	transaction.timeout.ms = 60000
	transactional.id = null
	value.serializer = class io.apicurio.registry.serde.avro.AvroKafkaSerializer

2025-08-13 16:42:22,412 INFO  [org.apa.kaf.com.tel.int.KafkaMetricsCollector] (main) initializing Kafka metrics collector
2025-08-13 16:42:22,417 INFO  [org.apa.kaf.cli.pro.KafkaProducer] (main) [Producer clientId=Producer-topic-9d2278f3_e105_4de5_8f03_857f9ec12880] Instantiated an idempotent producer.
2025-08-13 16:42:22,420 INFO  [org.apa.kaf.cli.pro.ProducerConfig] (main) These configurations '[apicurio.registry.find-latest, apicurio.registry.url, apicurio.registry.artifact-resolver-strategy]' were supplied but are not used yet.
2025-08-13 16:42:22,420 INFO  [org.apa.kaf.com.uti.AppInfoParser] (main) Kafka version: 3.9.1
2025-08-13 16:42:22,420 INFO  [org.apa.kaf.com.uti.AppInfoParser] (main) Kafka commitId: f745dfdcee2b9851
2025-08-13 16:42:22,421 INFO  [org.apa.kaf.com.uti.AppInfoParser] (main) Kafka startTimeMs: 1755103342420
2025-08-13 16:42:22,422 INFO  [io.api.tes.ser.api.SimpleSerdesTesterBuilder$SimpleSerdesTester] (main) Using producer configuration: {apicurio.registry.find-latest=true, apicurio.registry.url=http://registry-app-mysql.apps.ci419.apicurio-testing.org:80/apis/registry/v3, apicurio.registry.artifact-resolver-strategy=io.apicurio.registry.serde.avro.strategy.RecordIdStrategy, value.serializer=io.apicurio.registry.serde.avro.AvroKafkaSerializer, request.timeout.ms=5000, acks=all, bootstrap.servers=PLAINTEXT://localhost:32769, connections.max.idle.ms=10000, key.serializer=org.apache.kafka.common.serialization.StringSerializer, client.id=Producer-topic-9d2278f3_e105_4de5_8f03_857f9ec12880}
2025-08-13 16:42:22,422 INFO  [io.api.tes.ser.api.SimpleSerdesTesterBuilder$SimpleSerdesTester] (main) Using consumer configuration: {}
2025-08-13 16:42:22,424 INFO  [io.api.tes.ser.api.KafkaSerdesTester] (Thread-627) Sending message {"key11755103341213": "value-0"} to topic topic-9d2278f3_e105_4de5_8f03_857f9ec12880
2025-08-13 16:42:22,428 INFO  [org.apa.kaf.cli.Metadata] (kafka-producer-network-thread | Producer-topic-9d2278f3_e105_4de5_8f03_857f9ec12880) [Producer clientId=Producer-topic-9d2278f3_e105_4de5_8f03_857f9ec12880] Cluster ID: qKHj6WxtSVqL2ounD9m8uw
2025-08-13 16:42:22,431 INFO  [org.apa.kaf.cli.pro.int.TransactionManager] (kafka-producer-network-thread | Producer-topic-9d2278f3_e105_4de5_8f03_857f9ec12880) [Producer clientId=Producer-topic-9d2278f3_e105_4de5_8f03_857f9ec12880] ProducerId set to 5 with epoch 0
2025-08-13 16:42:22,763 INFO  [io.api.tes.ser.api.KafkaSerdesTester] (Thread-627) Sending message {"key11755103341213": "value-1"} to topic topic-9d2278f3_e105_4de5_8f03_857f9ec12880
2025-08-13 16:42:22,767 INFO  [io.api.tes.ser.api.KafkaSerdesTester] (Thread-627) Sending message {"key11755103341213": "value-2"} to topic topic-9d2278f3_e105_4de5_8f03_857f9ec12880
2025-08-13 16:42:22,770 INFO  [io.api.tes.ser.api.KafkaSerdesTester] (Thread-627) Sending message {"key11755103341213": "value-3"} to topic topic-9d2278f3_e105_4de5_8f03_857f9ec12880
2025-08-13 16:42:22,774 INFO  [io.api.tes.ser.api.KafkaSerdesTester] (Thread-627) Sending message {"key11755103341213": "value-4"} to topic topic-9d2278f3_e105_4de5_8f03_857f9ec12880
2025-08-13 16:42:22,777 INFO  [io.api.tes.ser.api.KafkaSerdesTester] (Thread-627) Sending message {"key11755103341213": "value-5"} to topic topic-9d2278f3_e105_4de5_8f03_857f9ec12880
2025-08-13 16:42:22,779 INFO  [io.api.tes.ser.api.KafkaSerdesTester] (Thread-627) Sending message {"key11755103341213": "value-6"} to topic topic-9d2278f3_e105_4de5_8f03_857f9ec12880
2025-08-13 16:42:22,784 INFO  [io.api.tes.ser.api.KafkaSerdesTester] (Thread-627) Sending message {"key11755103341213": "value-7"} to topic topic-9d2278f3_e105_4de5_8f03_857f9ec12880
2025-08-13 16:42:22,787 INFO  [io.api.tes.ser.api.KafkaSerdesTester] (Thread-627) Sending message {"key11755103341213": "value-8"} to topic topic-9d2278f3_e105_4de5_8f03_857f9ec12880
2025-08-13 16:42:22,789 INFO  [io.api.tes.ser.api.KafkaSerdesTester] (Thread-627) Sending message {"key11755103341213": "value-9"} to topic topic-9d2278f3_e105_4de5_8f03_857f9ec12880
2025-08-13 16:42:22,791 INFO  [io.api.tes.ser.api.KafkaSerdesTester] (Thread-627) Produced 10 messages
2025-08-13 16:42:22,791 INFO  [org.apa.kaf.cli.pro.KafkaProducer] (Thread-627) [Producer clientId=Producer-topic-9d2278f3_e105_4de5_8f03_857f9ec12880] Closing the Kafka producer with timeoutMillis = 9223372036854775807 ms.
2025-08-13 16:42:22,795 INFO  [org.apa.kaf.com.met.Metrics] (Thread-627) Metrics scheduler closed
2025-08-13 16:42:22,795 INFO  [org.apa.kaf.com.met.Metrics] (Thread-627) Closing reporter org.apache.kafka.common.metrics.JmxReporter
2025-08-13 16:42:22,795 INFO  [org.apa.kaf.com.met.Metrics] (Thread-627) Closing reporter org.apache.kafka.common.telemetry.internals.ClientTelemetryReporter
2025-08-13 16:42:22,795 INFO  [org.apa.kaf.com.met.Metrics] (Thread-627) Metrics reporters closed
2025-08-13 16:42:22,796 INFO  [org.apa.kaf.com.uti.AppInfoParser] (Thread-627) App info kafka.producer for Producer-topic-9d2278f3_e105_4de5_8f03_857f9ec12880 unregistered
**** Registry Base URL: http://registry-app-mysql.apps.ci419.apicurio-testing.org:80
2025-08-13 16:42:22,797 INFO  [org.apa.kaf.cli.con.ConsumerConfig] (main) ConsumerConfig values: 
	allow.auto.create.topics = true
	auto.commit.interval.ms = 500
	auto.include.jmx.reporter = true
	auto.offset.reset = earliest
	bootstrap.servers = [PLAINTEXT://localhost:32769]
	check.crcs = true
	client.dns.lookup = use_all_dns_ips
	client.id = consumer-Consumer-topic-9d2278f3_e105_4de5_8f03_857f9ec12880-5
	client.rack = 
	connections.max.idle.ms = 10000
	default.api.timeout.ms = 60000
	enable.auto.commit = true
	enable.metrics.push = true
	exclude.internal.topics = true
	fetch.max.bytes = 52428800
	fetch.max.wait.ms = 500
	fetch.min.bytes = 1
	group.id = Consumer-topic-9d2278f3_e105_4de5_8f03_857f9ec12880
	group.instance.id = null
	group.protocol = classic
	group.remote.assignor = null
	heartbeat.interval.ms = 3000
	interceptor.classes = []
	internal.leave.group.on.close = true
	internal.throw.on.fetch.stable.offset.unsupported = false
	isolation.level = read_uncommitted
	key.deserializer = class org.apache.kafka.common.serialization.StringDeserializer
	max.partition.fetch.bytes = 1048576
	max.poll.interval.ms = 300000
	max.poll.records = 500
	metadata.max.age.ms = 300000
	metadata.recovery.strategy = none
	metric.reporters = []
	metrics.num.samples = 2
	metrics.recording.level = INFO
	metrics.sample.window.ms = 30000
	partition.assignment.strategy = [class org.apache.kafka.clients.consumer.RangeAssignor, class org.apache.kafka.clients.consumer.CooperativeStickyAssignor]
	receive.buffer.bytes = 65536
	reconnect.backoff.max.ms = 1000
	reconnect.backoff.ms = 50
	request.timeout.ms = 5000
	retry.backoff.max.ms = 1000
	retry.backoff.ms = 100
	sasl.client.callback.handler.class = null
	sasl.jaas.config = null
	sasl.kerberos.kinit.cmd = /usr/bin/kinit
	sasl.kerberos.min.time.before.relogin = 60000
	sasl.kerberos.service.name = null
	sasl.kerberos.ticket.renew.jitter = 0.05
	sasl.kerberos.ticket.renew.window.factor = 0.8
	sasl.login.callback.handler.class = null
	sasl.login.class = null
	sasl.login.connect.timeout.ms = null
	sasl.login.read.timeout.ms = null
	sasl.login.refresh.buffer.seconds = 300
	sasl.login.refresh.min.period.seconds = 60
	sasl.login.refresh.window.factor = 0.8
	sasl.login.refresh.window.jitter = 0.05
	sasl.login.retry.backoff.max.ms = 10000
	sasl.login.retry.backoff.ms = 100
	sasl.mechanism = GSSAPI
	sasl.oauthbearer.clock.skew.seconds = 30
	sasl.oauthbearer.expected.audience = null
	sasl.oauthbearer.expected.issuer = null
	sasl.oauthbearer.header.urlencode = false
	sasl.oauthbearer.jwks.endpoint.refresh.ms = 3600000
	sasl.oauthbearer.jwks.endpoint.retry.backoff.max.ms = 10000
	sasl.oauthbearer.jwks.endpoint.retry.backoff.ms = 100
	sasl.oauthbearer.jwks.endpoint.url = null
	sasl.oauthbearer.scope.claim.name = scope
	sasl.oauthbearer.sub.claim.name = sub
	sasl.oauthbearer.token.endpoint.url = null
	security.protocol = PLAINTEXT
	security.providers = null
	send.buffer.bytes = 131072
	session.timeout.ms = 45000
	socket.connection.setup.timeout.max.ms = 30000
	socket.connection.setup.timeout.ms = 10000
	ssl.cipher.suites = null
	ssl.enabled.protocols = [TLSv1.2, TLSv1.3]
	ssl.endpoint.identification.algorithm = https
	ssl.engine.factory.class = null
	ssl.key.password = null
	ssl.keymanager.algorithm = SunX509
	ssl.keystore.certificate.chain = null
	ssl.keystore.key = null
	ssl.keystore.location = null
	ssl.keystore.password = null
	ssl.keystore.type = JKS
	ssl.protocol = TLSv1.3
	ssl.provider = null
	ssl.secure.random.implementation = null
	ssl.trustmanager.algorithm = PKIX
	ssl.truststore.certificates = null
	ssl.truststore.location = null
	ssl.truststore.password = null
	ssl.truststore.type = JKS
	value.deserializer = class io.apicurio.registry.serde.avro.AvroKafkaDeserializer

2025-08-13 16:42:22,797 INFO  [org.apa.kaf.com.tel.int.KafkaMetricsCollector] (main) initializing Kafka metrics collector
2025-08-13 16:42:22,808 INFO  [org.apa.kaf.cli.con.ConsumerConfig] (main) These configurations '[apicurio.registry.url]' were supplied but are not used yet.
2025-08-13 16:42:22,808 INFO  [org.apa.kaf.com.uti.AppInfoParser] (main) Kafka version: 3.9.1
2025-08-13 16:42:22,808 INFO  [org.apa.kaf.com.uti.AppInfoParser] (main) Kafka commitId: f745dfdcee2b9851
2025-08-13 16:42:22,809 INFO  [org.apa.kaf.com.uti.AppInfoParser] (main) Kafka startTimeMs: 1755103342808
2025-08-13 16:42:22,809 INFO  [org.apa.kaf.cli.con.int.ClassicKafkaConsumer] (Thread-630) [Consumer clientId=consumer-Consumer-topic-9d2278f3_e105_4de5_8f03_857f9ec12880-5, groupId=Consumer-topic-9d2278f3_e105_4de5_8f03_857f9ec12880] Subscribed to topic(s): topic-9d2278f3_e105_4de5_8f03_857f9ec12880
2025-08-13 16:42:22,817 INFO  [org.apa.kaf.cli.Metadata] (Thread-630) [Consumer clientId=consumer-Consumer-topic-9d2278f3_e105_4de5_8f03_857f9ec12880-5, groupId=Consumer-topic-9d2278f3_e105_4de5_8f03_857f9ec12880] Cluster ID: qKHj6WxtSVqL2ounD9m8uw
2025-08-13 16:42:22,818 INFO  [org.apa.kaf.cli.con.int.ConsumerCoordinator] (Thread-630) [Consumer clientId=consumer-Consumer-topic-9d2278f3_e105_4de5_8f03_857f9ec12880-5, groupId=Consumer-topic-9d2278f3_e105_4de5_8f03_857f9ec12880] Discovered group coordinator localhost:32769 (id: 2147483647 rack: null)
2025-08-13 16:42:22,824 INFO  [org.apa.kaf.cli.con.int.ConsumerCoordinator] (Thread-630) [Consumer clientId=consumer-Consumer-topic-9d2278f3_e105_4de5_8f03_857f9ec12880-5, groupId=Consumer-topic-9d2278f3_e105_4de5_8f03_857f9ec12880] (Re-)joining group
2025-08-13 16:42:22,830 INFO  [org.apa.kaf.cli.con.int.ConsumerCoordinator] (Thread-630) [Consumer clientId=consumer-Consumer-topic-9d2278f3_e105_4de5_8f03_857f9ec12880-5, groupId=Consumer-topic-9d2278f3_e105_4de5_8f03_857f9ec12880] Request joining group due to: need to re-join with the given member-id: consumer-Consumer-topic-9d2278f3_e105_4de5_8f03_857f9ec12880-5-f44856a3-d03f-479f-81b4-6e2a07af2699
2025-08-13 16:42:22,831 INFO  [org.apa.kaf.cli.con.int.ConsumerCoordinator] (Thread-630) [Consumer clientId=consumer-Consumer-topic-9d2278f3_e105_4de5_8f03_857f9ec12880-5, groupId=Consumer-topic-9d2278f3_e105_4de5_8f03_857f9ec12880] (Re-)joining group
2025-08-13 16:42:23,810 INFO  [io.api.tes.ser.api.KafkaSerdesTester] (Thread-630) None found
2025-08-13 16:42:24,811 INFO  [io.api.tes.ser.api.KafkaSerdesTester] (Thread-630) None found
2025-08-13 16:42:25,811 INFO  [io.api.tes.ser.api.KafkaSerdesTester] (Thread-630) None found
2025-08-13 16:42:25,835 INFO  [org.apa.kaf.cli.con.int.ConsumerCoordinator] (Thread-630) [Consumer clientId=consumer-Consumer-topic-9d2278f3_e105_4de5_8f03_857f9ec12880-5, groupId=Consumer-topic-9d2278f3_e105_4de5_8f03_857f9ec12880] Successfully joined group with generation Generation{generationId=1, memberId='consumer-Consumer-topic-9d2278f3_e105_4de5_8f03_857f9ec12880-5-f44856a3-d03f-479f-81b4-6e2a07af2699', protocol='range'}
2025-08-13 16:42:25,836 INFO  [org.apa.kaf.cli.con.int.ConsumerCoordinator] (Thread-630) [Consumer clientId=consumer-Consumer-topic-9d2278f3_e105_4de5_8f03_857f9ec12880-5, groupId=Consumer-topic-9d2278f3_e105_4de5_8f03_857f9ec12880] Finished assignment for group at generation 1: {consumer-Consumer-topic-9d2278f3_e105_4de5_8f03_857f9ec12880-5-f44856a3-d03f-479f-81b4-6e2a07af2699=Assignment(partitions=[topic-9d2278f3_e105_4de5_8f03_857f9ec12880-0])}
2025-08-13 16:42:25,842 INFO  [org.apa.kaf.cli.con.int.ConsumerCoordinator] (Thread-630) [Consumer clientId=consumer-Consumer-topic-9d2278f3_e105_4de5_8f03_857f9ec12880-5, groupId=Consumer-topic-9d2278f3_e105_4de5_8f03_857f9ec12880] Successfully synced group in generation Generation{generationId=1, memberId='consumer-Consumer-topic-9d2278f3_e105_4de5_8f03_857f9ec12880-5-f44856a3-d03f-479f-81b4-6e2a07af2699', protocol='range'}
2025-08-13 16:42:25,843 INFO  [org.apa.kaf.cli.con.int.ConsumerCoordinator] (Thread-630) [Consumer clientId=consumer-Consumer-topic-9d2278f3_e105_4de5_8f03_857f9ec12880-5, groupId=Consumer-topic-9d2278f3_e105_4de5_8f03_857f9ec12880] Notifying assignor about the new Assignment(partitions=[topic-9d2278f3_e105_4de5_8f03_857f9ec12880-0])
2025-08-13 16:42:25,843 INFO  [org.apa.kaf.cli.con.int.ConsumerRebalanceListenerInvoker] (Thread-630) [Consumer clientId=consumer-Consumer-topic-9d2278f3_e105_4de5_8f03_857f9ec12880-5, groupId=Consumer-topic-9d2278f3_e105_4de5_8f03_857f9ec12880] Adding newly assigned partitions: topic-9d2278f3_e105_4de5_8f03_857f9ec12880-0
2025-08-13 16:42:25,846 INFO  [org.apa.kaf.cli.con.int.ConsumerCoordinator] (Thread-630) [Consumer clientId=consumer-Consumer-topic-9d2278f3_e105_4de5_8f03_857f9ec12880-5, groupId=Consumer-topic-9d2278f3_e105_4de5_8f03_857f9ec12880] Found no committed offset for partition topic-9d2278f3_e105_4de5_8f03_857f9ec12880-0
2025-08-13 16:42:25,850 INFO  [org.apa.kaf.cli.con.int.SubscriptionState] (Thread-630) [Consumer clientId=consumer-Consumer-topic-9d2278f3_e105_4de5_8f03_857f9ec12880-5, groupId=Consumer-topic-9d2278f3_e105_4de5_8f03_857f9ec12880] Resetting offset for partition topic-9d2278f3_e105_4de5_8f03_857f9ec12880-0 to position FetchPosition{offset=0, offsetEpoch=Optional.empty, currentLeader=LeaderAndEpoch{leader=Optional[localhost:32769 (id: 0 rack: null)], epoch=0}}.
2025-08-13 16:42:26,094 INFO  [io.api.tes.ser.api.KafkaSerdesTester] (Thread-630) topic-9d2278f3_e105_4de5_8f03_857f9ec12880 0 0 {"key11755103341213": "value-0"}
2025-08-13 16:42:26,094 INFO  [io.api.tes.ser.api.KafkaSerdesTester] (Thread-630) topic-9d2278f3_e105_4de5_8f03_857f9ec12880 0 1 {"key11755103341213": "value-1"}
2025-08-13 16:42:26,094 INFO  [io.api.tes.ser.api.KafkaSerdesTester] (Thread-630) topic-9d2278f3_e105_4de5_8f03_857f9ec12880 0 2 {"key11755103341213": "value-2"}
2025-08-13 16:42:26,094 INFO  [io.api.tes.ser.api.KafkaSerdesTester] (Thread-630) topic-9d2278f3_e105_4de5_8f03_857f9ec12880 0 3 {"key11755103341213": "value-3"}
2025-08-13 16:42:26,094 INFO  [io.api.tes.ser.api.KafkaSerdesTester] (Thread-630) topic-9d2278f3_e105_4de5_8f03_857f9ec12880 0 4 {"key11755103341213": "value-4"}
2025-08-13 16:42:26,094 INFO  [io.api.tes.ser.api.KafkaSerdesTester] (Thread-630) topic-9d2278f3_e105_4de5_8f03_857f9ec12880 0 5 {"key11755103341213": "value-5"}
2025-08-13 16:42:26,094 INFO  [io.api.tes.ser.api.KafkaSerdesTester] (Thread-630) topic-9d2278f3_e105_4de5_8f03_857f9ec12880 0 6 {"key11755103341213": "value-6"}
2025-08-13 16:42:26,094 INFO  [io.api.tes.ser.api.KafkaSerdesTester] (Thread-630) topic-9d2278f3_e105_4de5_8f03_857f9ec12880 0 7 {"key11755103341213": "value-7"}
2025-08-13 16:42:26,094 INFO  [io.api.tes.ser.api.KafkaSerdesTester] (Thread-630) topic-9d2278f3_e105_4de5_8f03_857f9ec12880 0 8 {"key11755103341213": "value-8"}
2025-08-13 16:42:26,094 INFO  [io.api.tes.ser.api.KafkaSerdesTester] (Thread-630) topic-9d2278f3_e105_4de5_8f03_857f9ec12880 0 9 {"key11755103341213": "value-9"}
2025-08-13 16:42:26,094 INFO  [io.api.tes.ser.api.KafkaSerdesTester] (Thread-630) Consumed 10 messages
2025-08-13 16:42:26,102 INFO  [org.apa.kaf.cli.con.int.ConsumerRebalanceListenerInvoker] (Thread-630) [Consumer clientId=consumer-Consumer-topic-9d2278f3_e105_4de5_8f03_857f9ec12880-5, groupId=Consumer-topic-9d2278f3_e105_4de5_8f03_857f9ec12880] Revoke previously assigned partitions topic-9d2278f3_e105_4de5_8f03_857f9ec12880-0
2025-08-13 16:42:26,102 INFO  [org.apa.kaf.cli.con.int.ConsumerCoordinator] (Thread-630) [Consumer clientId=consumer-Consumer-topic-9d2278f3_e105_4de5_8f03_857f9ec12880-5, groupId=Consumer-topic-9d2278f3_e105_4de5_8f03_857f9ec12880] Member consumer-Consumer-topic-9d2278f3_e105_4de5_8f03_857f9ec12880-5-f44856a3-d03f-479f-81b4-6e2a07af2699 sending LeaveGroup request to coordinator localhost:32769 (id: 2147483647 rack: null) due to the consumer is being closed
2025-08-13 16:42:26,102 INFO  [org.apa.kaf.cli.con.int.ConsumerCoordinator] (Thread-630) [Consumer clientId=consumer-Consumer-topic-9d2278f3_e105_4de5_8f03_857f9ec12880-5, groupId=Consumer-topic-9d2278f3_e105_4de5_8f03_857f9ec12880] Resetting generation and member id due to: consumer pro-actively leaving the group
2025-08-13 16:42:26,102 INFO  [org.apa.kaf.cli.con.int.ConsumerCoordinator] (Thread-630) [Consumer clientId=consumer-Consumer-topic-9d2278f3_e105_4de5_8f03_857f9ec12880-5, groupId=Consumer-topic-9d2278f3_e105_4de5_8f03_857f9ec12880] Request joining group due to: consumer pro-actively leaving the group
2025-08-13 16:42:26,598 INFO  [org.apa.kaf.com.met.Metrics] (Thread-630) Metrics scheduler closed
2025-08-13 16:42:26,598 INFO  [org.apa.kaf.com.met.Metrics] (Thread-630) Closing reporter org.apache.kafka.common.metrics.JmxReporter
2025-08-13 16:42:26,598 INFO  [org.apa.kaf.com.met.Metrics] (Thread-630) Closing reporter org.apache.kafka.common.telemetry.internals.ClientTelemetryReporter
2025-08-13 16:42:26,598 INFO  [org.apa.kaf.com.met.Metrics] (Thread-630) Metrics reporters closed
2025-08-13 16:42:26,602 INFO  [org.apa.kaf.com.uti.AppInfoParser] (Thread-630) App info kafka.consumer for consumer-Consumer-topic-9d2278f3_e105_4de5_8f03_857f9ec12880-5 unregistered
2025-08-13 16:42:26,603 INFO  [io.api.tes.uti.TestSeparator] (main) io.apicurio.tests.serdes.apicurio.AvroSerdeIT.testRecordIdStrategydFindLatest-FINISHED
2025-08-13 16:42:26,603 INFO  [io.api.tes.uti.TestSeparator] (main) ############################################################################
Test passed: testRecordIdStrategydFindLatest
]]></system-out>
  </testcase>
  <testcase name="testReflectAutoRegister" classname="io.apicurio.tests.serdes.apicurio.AvroSerdeIT" time="4.345">
    <system-out><![CDATA[2025-08-13 16:42:26,605 INFO  [io.api.tes.uti.TestSeparator] (main) ############################################################################
2025-08-13 16:42:26,605 INFO  [io.api.tes.uti.TestSeparator] (main) io.apicurio.tests.serdes.apicurio.AvroSerdeIT.testReflectAutoRegister-STARTED
**** Registry Base URL: http://registry-app-mysql.apps.ci419.apicurio-testing.org:80
2025-08-13 16:42:26,610 INFO  [org.apa.kaf.cli.pro.ProducerConfig] (main) ProducerConfig values: 
	acks = -1
	auto.include.jmx.reporter = true
	batch.size = 16384
	bootstrap.servers = [PLAINTEXT://localhost:32769]
	buffer.memory = 33554432
	client.dns.lookup = use_all_dns_ips
	client.id = Producer-topic-e17c3f1c_8e3b_40bb_afaa_f85912b97075
	compression.gzip.level = -1
	compression.lz4.level = 9
	compression.type = none
	compression.zstd.level = 3
	connections.max.idle.ms = 10000
	delivery.timeout.ms = 120000
	enable.idempotence = true
	enable.metrics.push = true
	interceptor.classes = []
	key.serializer = class org.apache.kafka.common.serialization.StringSerializer
	linger.ms = 0
	max.block.ms = 60000
	max.in.flight.requests.per.connection = 5
	max.request.size = 1048576
	metadata.max.age.ms = 300000
	metadata.max.idle.ms = 300000
	metadata.recovery.strategy = none
	metric.reporters = []
	metrics.num.samples = 2
	metrics.recording.level = INFO
	metrics.sample.window.ms = 30000
	partitioner.adaptive.partitioning.enable = true
	partitioner.availability.timeout.ms = 0
	partitioner.class = null
	partitioner.ignore.keys = false
	receive.buffer.bytes = 32768
	reconnect.backoff.max.ms = 1000
	reconnect.backoff.ms = 50
	request.timeout.ms = 5000
	retries = 2147483647
	retry.backoff.max.ms = 1000
	retry.backoff.ms = 100
	sasl.client.callback.handler.class = null
	sasl.jaas.config = null
	sasl.kerberos.kinit.cmd = /usr/bin/kinit
	sasl.kerberos.min.time.before.relogin = 60000
	sasl.kerberos.service.name = null
	sasl.kerberos.ticket.renew.jitter = 0.05
	sasl.kerberos.ticket.renew.window.factor = 0.8
	sasl.login.callback.handler.class = null
	sasl.login.class = null
	sasl.login.connect.timeout.ms = null
	sasl.login.read.timeout.ms = null
	sasl.login.refresh.buffer.seconds = 300
	sasl.login.refresh.min.period.seconds = 60
	sasl.login.refresh.window.factor = 0.8
	sasl.login.refresh.window.jitter = 0.05
	sasl.login.retry.backoff.max.ms = 10000
	sasl.login.retry.backoff.ms = 100
	sasl.mechanism = GSSAPI
	sasl.oauthbearer.clock.skew.seconds = 30
	sasl.oauthbearer.expected.audience = null
	sasl.oauthbearer.expected.issuer = null
	sasl.oauthbearer.header.urlencode = false
	sasl.oauthbearer.jwks.endpoint.refresh.ms = 3600000
	sasl.oauthbearer.jwks.endpoint.retry.backoff.max.ms = 10000
	sasl.oauthbearer.jwks.endpoint.retry.backoff.ms = 100
	sasl.oauthbearer.jwks.endpoint.url = null
	sasl.oauthbearer.scope.claim.name = scope
	sasl.oauthbearer.sub.claim.name = sub
	sasl.oauthbearer.token.endpoint.url = null
	security.protocol = PLAINTEXT
	security.providers = null
	send.buffer.bytes = 131072
	socket.connection.setup.timeout.max.ms = 30000
	socket.connection.setup.timeout.ms = 10000
	ssl.cipher.suites = null
	ssl.enabled.protocols = [TLSv1.2, TLSv1.3]
	ssl.endpoint.identification.algorithm = https
	ssl.engine.factory.class = null
	ssl.key.password = null
	ssl.keymanager.algorithm = SunX509
	ssl.keystore.certificate.chain = null
	ssl.keystore.key = null
	ssl.keystore.location = null
	ssl.keystore.password = null
	ssl.keystore.type = JKS
	ssl.protocol = TLSv1.3
	ssl.provider = null
	ssl.secure.random.implementation = null
	ssl.trustmanager.algorithm = PKIX
	ssl.truststore.certificates = null
	ssl.truststore.location = null
	ssl.truststore.password = null
	ssl.truststore.type = JKS
	transaction.timeout.ms = 60000
	transactional.id = null
	value.serializer = class io.apicurio.registry.serde.avro.AvroKafkaSerializer

2025-08-13 16:42:26,611 INFO  [org.apa.kaf.com.tel.int.KafkaMetricsCollector] (main) initializing Kafka metrics collector
2025-08-13 16:42:26,621 INFO  [org.apa.kaf.cli.pro.KafkaProducer] (main) [Producer clientId=Producer-topic-e17c3f1c_8e3b_40bb_afaa_f85912b97075] Instantiated an idempotent producer.
2025-08-13 16:42:26,623 INFO  [org.apa.kaf.cli.pro.ProducerConfig] (main) These configurations '[apicurio.registry.url, apicurio.registry.auto-register, apicurio.registry.artifact-resolver-strategy, apicurio.registry.avro-datum-provider]' were supplied but are not used yet.
2025-08-13 16:42:26,623 INFO  [org.apa.kaf.com.uti.AppInfoParser] (main) Kafka version: 3.9.1
2025-08-13 16:42:26,623 INFO  [org.apa.kaf.com.uti.AppInfoParser] (main) Kafka commitId: f745dfdcee2b9851
2025-08-13 16:42:26,623 INFO  [org.apa.kaf.com.uti.AppInfoParser] (main) Kafka startTimeMs: 1755103346623
2025-08-13 16:42:26,623 INFO  [io.api.tes.ser.api.SimpleSerdesTesterBuilder$SimpleSerdesTester] (main) Using producer configuration: {apicurio.registry.url=http://registry-app-mysql.apps.ci419.apicurio-testing.org:80/apis/registry/v3, apicurio.registry.auto-register=true, apicurio.registry.artifact-resolver-strategy=io.apicurio.registry.serde.strategy.TopicIdStrategy, value.serializer=io.apicurio.registry.serde.avro.AvroKafkaSerializer, request.timeout.ms=5000, acks=all, bootstrap.servers=PLAINTEXT://localhost:32769, connections.max.idle.ms=10000, key.serializer=org.apache.kafka.common.serialization.StringSerializer, apicurio.registry.avro-datum-provider=io.apicurio.registry.serde.avro.ReflectAvroDatumProvider, client.id=Producer-topic-e17c3f1c_8e3b_40bb_afaa_f85912b97075}
2025-08-13 16:42:26,623 INFO  [io.api.tes.ser.api.SimpleSerdesTesterBuilder$SimpleSerdesTester] (main) Using consumer configuration: {apicurio.registry.avro-datum-provider=io.apicurio.registry.serde.avro.ReflectAvroDatumProvider}
2025-08-13 16:42:26,626 INFO  [io.api.tes.ser.api.KafkaSerdesTester] (Thread-633) Sending message io.apicurio.tests.common.serdes.TestObject@3dbd29cb to topic topic-e17c3f1c_8e3b_40bb_afaa_f85912b97075
2025-08-13 16:42:26,628 WARN  [org.apa.kaf.cli.NetworkClient] (kafka-producer-network-thread | Producer-topic-e17c3f1c_8e3b_40bb_afaa_f85912b97075) [Producer clientId=Producer-topic-e17c3f1c_8e3b_40bb_afaa_f85912b97075] The metadata response from the cluster reported a recoverable issue with correlation id 1 : {topic-e17c3f1c_8e3b_40bb_afaa_f85912b97075=UNKNOWN_TOPIC_OR_PARTITION}
2025-08-13 16:42:26,628 INFO  [org.apa.kaf.cli.Metadata] (kafka-producer-network-thread | Producer-topic-e17c3f1c_8e3b_40bb_afaa_f85912b97075) [Producer clientId=Producer-topic-e17c3f1c_8e3b_40bb_afaa_f85912b97075] Cluster ID: qKHj6WxtSVqL2ounD9m8uw
2025-08-13 16:42:26,628 INFO  [org.apa.kaf.cli.pro.int.TransactionManager] (kafka-producer-network-thread | Producer-topic-e17c3f1c_8e3b_40bb_afaa_f85912b97075) [Producer clientId=Producer-topic-e17c3f1c_8e3b_40bb_afaa_f85912b97075] ProducerId set to 6 with epoch 0
2025-08-13 16:42:26,940 INFO  [io.api.tes.ser.api.KafkaSerdesTester] (Thread-633) Sending message io.apicurio.tests.common.serdes.TestObject@3dbd29cb to topic topic-e17c3f1c_8e3b_40bb_afaa_f85912b97075
2025-08-13 16:42:26,944 INFO  [io.api.tes.ser.api.KafkaSerdesTester] (Thread-633) Sending message io.apicurio.tests.common.serdes.TestObject@3dbd29cb to topic topic-e17c3f1c_8e3b_40bb_afaa_f85912b97075
2025-08-13 16:42:26,947 INFO  [io.api.tes.ser.api.KafkaSerdesTester] (Thread-633) Sending message io.apicurio.tests.common.serdes.TestObject@3dbd29cb to topic topic-e17c3f1c_8e3b_40bb_afaa_f85912b97075
2025-08-13 16:42:26,950 INFO  [io.api.tes.ser.api.KafkaSerdesTester] (Thread-633) Sending message io.apicurio.tests.common.serdes.TestObject@3dbd29cb to topic topic-e17c3f1c_8e3b_40bb_afaa_f85912b97075
2025-08-13 16:42:26,952 INFO  [io.api.tes.ser.api.KafkaSerdesTester] (Thread-633) Sending message io.apicurio.tests.common.serdes.TestObject@3dbd29cb to topic topic-e17c3f1c_8e3b_40bb_afaa_f85912b97075
2025-08-13 16:42:26,956 INFO  [io.api.tes.ser.api.KafkaSerdesTester] (Thread-633) Sending message io.apicurio.tests.common.serdes.TestObject@3dbd29cb to topic topic-e17c3f1c_8e3b_40bb_afaa_f85912b97075
2025-08-13 16:42:26,961 INFO  [io.api.tes.ser.api.KafkaSerdesTester] (Thread-633) Sending message io.apicurio.tests.common.serdes.TestObject@3dbd29cb to topic topic-e17c3f1c_8e3b_40bb_afaa_f85912b97075
2025-08-13 16:42:26,963 INFO  [io.api.tes.ser.api.KafkaSerdesTester] (Thread-633) Sending message io.apicurio.tests.common.serdes.TestObject@3dbd29cb to topic topic-e17c3f1c_8e3b_40bb_afaa_f85912b97075
2025-08-13 16:42:26,965 INFO  [io.api.tes.ser.api.KafkaSerdesTester] (Thread-633) Sending message io.apicurio.tests.common.serdes.TestObject@3dbd29cb to topic topic-e17c3f1c_8e3b_40bb_afaa_f85912b97075
2025-08-13 16:42:26,967 INFO  [io.api.tes.ser.api.KafkaSerdesTester] (Thread-633) Produced 10 messages
2025-08-13 16:42:26,968 INFO  [org.apa.kaf.cli.pro.KafkaProducer] (Thread-633) [Producer clientId=Producer-topic-e17c3f1c_8e3b_40bb_afaa_f85912b97075] Closing the Kafka producer with timeoutMillis = 9223372036854775807 ms.
2025-08-13 16:42:26,971 INFO  [org.apa.kaf.com.met.Metrics] (Thread-633) Metrics scheduler closed
2025-08-13 16:42:26,971 INFO  [org.apa.kaf.com.met.Metrics] (Thread-633) Closing reporter org.apache.kafka.common.metrics.JmxReporter
2025-08-13 16:42:26,971 INFO  [org.apa.kaf.com.met.Metrics] (Thread-633) Closing reporter org.apache.kafka.common.telemetry.internals.ClientTelemetryReporter
2025-08-13 16:42:26,971 INFO  [org.apa.kaf.com.met.Metrics] (Thread-633) Metrics reporters closed
2025-08-13 16:42:26,971 INFO  [org.apa.kaf.com.uti.AppInfoParser] (Thread-633) App info kafka.producer for Producer-topic-e17c3f1c_8e3b_40bb_afaa_f85912b97075 unregistered
**** Registry Base URL: http://registry-app-mysql.apps.ci419.apicurio-testing.org:80
2025-08-13 16:42:27,140 INFO  [org.apa.kaf.cli.con.ConsumerConfig] (main) ConsumerConfig values: 
	allow.auto.create.topics = true
	auto.commit.interval.ms = 500
	auto.include.jmx.reporter = true
	auto.offset.reset = earliest
	bootstrap.servers = [PLAINTEXT://localhost:32769]
	check.crcs = true
	client.dns.lookup = use_all_dns_ips
	client.id = consumer-Consumer-topic-e17c3f1c_8e3b_40bb_afaa_f85912b97075-6
	client.rack = 
	connections.max.idle.ms = 10000
	default.api.timeout.ms = 60000
	enable.auto.commit = true
	enable.metrics.push = true
	exclude.internal.topics = true
	fetch.max.bytes = 52428800
	fetch.max.wait.ms = 500
	fetch.min.bytes = 1
	group.id = Consumer-topic-e17c3f1c_8e3b_40bb_afaa_f85912b97075
	group.instance.id = null
	group.protocol = classic
	group.remote.assignor = null
	heartbeat.interval.ms = 3000
	interceptor.classes = []
	internal.leave.group.on.close = true
	internal.throw.on.fetch.stable.offset.unsupported = false
	isolation.level = read_uncommitted
	key.deserializer = class org.apache.kafka.common.serialization.StringDeserializer
	max.partition.fetch.bytes = 1048576
	max.poll.interval.ms = 300000
	max.poll.records = 500
	metadata.max.age.ms = 300000
	metadata.recovery.strategy = none
	metric.reporters = []
	metrics.num.samples = 2
	metrics.recording.level = INFO
	metrics.sample.window.ms = 30000
	partition.assignment.strategy = [class org.apache.kafka.clients.consumer.RangeAssignor, class org.apache.kafka.clients.consumer.CooperativeStickyAssignor]
	receive.buffer.bytes = 65536
	reconnect.backoff.max.ms = 1000
	reconnect.backoff.ms = 50
	request.timeout.ms = 5000
	retry.backoff.max.ms = 1000
	retry.backoff.ms = 100
	sasl.client.callback.handler.class = null
	sasl.jaas.config = null
	sasl.kerberos.kinit.cmd = /usr/bin/kinit
	sasl.kerberos.min.time.before.relogin = 60000
	sasl.kerberos.service.name = null
	sasl.kerberos.ticket.renew.jitter = 0.05
	sasl.kerberos.ticket.renew.window.factor = 0.8
	sasl.login.callback.handler.class = null
	sasl.login.class = null
	sasl.login.connect.timeout.ms = null
	sasl.login.read.timeout.ms = null
	sasl.login.refresh.buffer.seconds = 300
	sasl.login.refresh.min.period.seconds = 60
	sasl.login.refresh.window.factor = 0.8
	sasl.login.refresh.window.jitter = 0.05
	sasl.login.retry.backoff.max.ms = 10000
	sasl.login.retry.backoff.ms = 100
	sasl.mechanism = GSSAPI
	sasl.oauthbearer.clock.skew.seconds = 30
	sasl.oauthbearer.expected.audience = null
	sasl.oauthbearer.expected.issuer = null
	sasl.oauthbearer.header.urlencode = false
	sasl.oauthbearer.jwks.endpoint.refresh.ms = 3600000
	sasl.oauthbearer.jwks.endpoint.retry.backoff.max.ms = 10000
	sasl.oauthbearer.jwks.endpoint.retry.backoff.ms = 100
	sasl.oauthbearer.jwks.endpoint.url = null
	sasl.oauthbearer.scope.claim.name = scope
	sasl.oauthbearer.sub.claim.name = sub
	sasl.oauthbearer.token.endpoint.url = null
	security.protocol = PLAINTEXT
	security.providers = null
	send.buffer.bytes = 131072
	session.timeout.ms = 45000
	socket.connection.setup.timeout.max.ms = 30000
	socket.connection.setup.timeout.ms = 10000
	ssl.cipher.suites = null
	ssl.enabled.protocols = [TLSv1.2, TLSv1.3]
	ssl.endpoint.identification.algorithm = https
	ssl.engine.factory.class = null
	ssl.key.password = null
	ssl.keymanager.algorithm = SunX509
	ssl.keystore.certificate.chain = null
	ssl.keystore.key = null
	ssl.keystore.location = null
	ssl.keystore.password = null
	ssl.keystore.type = JKS
	ssl.protocol = TLSv1.3
	ssl.provider = null
	ssl.secure.random.implementation = null
	ssl.trustmanager.algorithm = PKIX
	ssl.truststore.certificates = null
	ssl.truststore.location = null
	ssl.truststore.password = null
	ssl.truststore.type = JKS
	value.deserializer = class io.apicurio.registry.serde.avro.AvroKafkaDeserializer

2025-08-13 16:42:27,141 INFO  [org.apa.kaf.com.tel.int.KafkaMetricsCollector] (main) initializing Kafka metrics collector
2025-08-13 16:42:27,147 INFO  [org.apa.kaf.cli.con.ConsumerConfig] (main) These configurations '[apicurio.registry.url, apicurio.registry.avro-datum-provider]' were supplied but are not used yet.
2025-08-13 16:42:27,147 INFO  [org.apa.kaf.com.uti.AppInfoParser] (main) Kafka version: 3.9.1
2025-08-13 16:42:27,147 INFO  [org.apa.kaf.com.uti.AppInfoParser] (main) Kafka commitId: f745dfdcee2b9851
2025-08-13 16:42:27,147 INFO  [org.apa.kaf.com.uti.AppInfoParser] (main) Kafka startTimeMs: 1755103347147
2025-08-13 16:42:27,148 INFO  [org.apa.kaf.cli.con.int.ClassicKafkaConsumer] (Thread-636) [Consumer clientId=consumer-Consumer-topic-e17c3f1c_8e3b_40bb_afaa_f85912b97075-6, groupId=Consumer-topic-e17c3f1c_8e3b_40bb_afaa_f85912b97075] Subscribed to topic(s): topic-e17c3f1c_8e3b_40bb_afaa_f85912b97075
2025-08-13 16:42:27,159 INFO  [org.apa.kaf.cli.Metadata] (Thread-636) [Consumer clientId=consumer-Consumer-topic-e17c3f1c_8e3b_40bb_afaa_f85912b97075-6, groupId=Consumer-topic-e17c3f1c_8e3b_40bb_afaa_f85912b97075] Cluster ID: qKHj6WxtSVqL2ounD9m8uw
2025-08-13 16:42:27,162 INFO  [org.apa.kaf.cli.con.int.ConsumerCoordinator] (Thread-636) [Consumer clientId=consumer-Consumer-topic-e17c3f1c_8e3b_40bb_afaa_f85912b97075-6, groupId=Consumer-topic-e17c3f1c_8e3b_40bb_afaa_f85912b97075] Discovered group coordinator localhost:32769 (id: 2147483647 rack: null)
2025-08-13 16:42:27,168 INFO  [org.apa.kaf.cli.con.int.ConsumerCoordinator] (Thread-636) [Consumer clientId=consumer-Consumer-topic-e17c3f1c_8e3b_40bb_afaa_f85912b97075-6, groupId=Consumer-topic-e17c3f1c_8e3b_40bb_afaa_f85912b97075] (Re-)joining group
2025-08-13 16:42:27,172 INFO  [org.apa.kaf.cli.con.int.ConsumerCoordinator] (Thread-636) [Consumer clientId=consumer-Consumer-topic-e17c3f1c_8e3b_40bb_afaa_f85912b97075-6, groupId=Consumer-topic-e17c3f1c_8e3b_40bb_afaa_f85912b97075] Request joining group due to: need to re-join with the given member-id: consumer-Consumer-topic-e17c3f1c_8e3b_40bb_afaa_f85912b97075-6-1941834b-c904-491d-8163-aa8541c3dcc8
2025-08-13 16:42:27,173 INFO  [org.apa.kaf.cli.con.int.ConsumerCoordinator] (Thread-636) [Consumer clientId=consumer-Consumer-topic-e17c3f1c_8e3b_40bb_afaa_f85912b97075-6, groupId=Consumer-topic-e17c3f1c_8e3b_40bb_afaa_f85912b97075] (Re-)joining group
2025-08-13 16:42:28,148 INFO  [io.api.tes.ser.api.KafkaSerdesTester] (Thread-636) None found
2025-08-13 16:42:29,149 INFO  [io.api.tes.ser.api.KafkaSerdesTester] (Thread-636) None found
2025-08-13 16:42:30,149 INFO  [io.api.tes.ser.api.KafkaSerdesTester] (Thread-636) None found
2025-08-13 16:42:30,175 INFO  [org.apa.kaf.cli.con.int.ConsumerCoordinator] (Thread-636) [Consumer clientId=consumer-Consumer-topic-e17c3f1c_8e3b_40bb_afaa_f85912b97075-6, groupId=Consumer-topic-e17c3f1c_8e3b_40bb_afaa_f85912b97075] Successfully joined group with generation Generation{generationId=1, memberId='consumer-Consumer-topic-e17c3f1c_8e3b_40bb_afaa_f85912b97075-6-1941834b-c904-491d-8163-aa8541c3dcc8', protocol='range'}
2025-08-13 16:42:30,176 INFO  [org.apa.kaf.cli.con.int.ConsumerCoordinator] (Thread-636) [Consumer clientId=consumer-Consumer-topic-e17c3f1c_8e3b_40bb_afaa_f85912b97075-6, groupId=Consumer-topic-e17c3f1c_8e3b_40bb_afaa_f85912b97075] Finished assignment for group at generation 1: {consumer-Consumer-topic-e17c3f1c_8e3b_40bb_afaa_f85912b97075-6-1941834b-c904-491d-8163-aa8541c3dcc8=Assignment(partitions=[topic-e17c3f1c_8e3b_40bb_afaa_f85912b97075-0])}
2025-08-13 16:42:30,183 INFO  [org.apa.kaf.cli.con.int.ConsumerCoordinator] (Thread-636) [Consumer clientId=consumer-Consumer-topic-e17c3f1c_8e3b_40bb_afaa_f85912b97075-6, groupId=Consumer-topic-e17c3f1c_8e3b_40bb_afaa_f85912b97075] Successfully synced group in generation Generation{generationId=1, memberId='consumer-Consumer-topic-e17c3f1c_8e3b_40bb_afaa_f85912b97075-6-1941834b-c904-491d-8163-aa8541c3dcc8', protocol='range'}
2025-08-13 16:42:30,183 INFO  [org.apa.kaf.cli.con.int.ConsumerCoordinator] (Thread-636) [Consumer clientId=consumer-Consumer-topic-e17c3f1c_8e3b_40bb_afaa_f85912b97075-6, groupId=Consumer-topic-e17c3f1c_8e3b_40bb_afaa_f85912b97075] Notifying assignor about the new Assignment(partitions=[topic-e17c3f1c_8e3b_40bb_afaa_f85912b97075-0])
2025-08-13 16:42:30,183 INFO  [org.apa.kaf.cli.con.int.ConsumerRebalanceListenerInvoker] (Thread-636) [Consumer clientId=consumer-Consumer-topic-e17c3f1c_8e3b_40bb_afaa_f85912b97075-6, groupId=Consumer-topic-e17c3f1c_8e3b_40bb_afaa_f85912b97075] Adding newly assigned partitions: topic-e17c3f1c_8e3b_40bb_afaa_f85912b97075-0
2025-08-13 16:42:30,184 INFO  [org.apa.kaf.cli.con.int.ConsumerCoordinator] (Thread-636) [Consumer clientId=consumer-Consumer-topic-e17c3f1c_8e3b_40bb_afaa_f85912b97075-6, groupId=Consumer-topic-e17c3f1c_8e3b_40bb_afaa_f85912b97075] Found no committed offset for partition topic-e17c3f1c_8e3b_40bb_afaa_f85912b97075-0
2025-08-13 16:42:30,186 INFO  [org.apa.kaf.cli.con.int.SubscriptionState] (Thread-636) [Consumer clientId=consumer-Consumer-topic-e17c3f1c_8e3b_40bb_afaa_f85912b97075-6, groupId=Consumer-topic-e17c3f1c_8e3b_40bb_afaa_f85912b97075] Resetting offset for partition topic-e17c3f1c_8e3b_40bb_afaa_f85912b97075-0 to position FetchPosition{offset=0, offsetEpoch=Optional.empty, currentLeader=LeaderAndEpoch{leader=Optional[localhost:32769 (id: 0 rack: null)], epoch=0}}.
2025-08-13 16:42:30,442 INFO  [io.api.tes.ser.api.KafkaSerdesTester] (Thread-636) topic-e17c3f1c_8e3b_40bb_afaa_f85912b97075 0 0 io.apicurio.tests.common.serdes.TestObject@3dbd29cb
2025-08-13 16:42:30,442 INFO  [io.api.tes.ser.api.KafkaSerdesTester] (Thread-636) topic-e17c3f1c_8e3b_40bb_afaa_f85912b97075 0 1 io.apicurio.tests.common.serdes.TestObject@3dbd29cb
2025-08-13 16:42:30,442 INFO  [io.api.tes.ser.api.KafkaSerdesTester] (Thread-636) topic-e17c3f1c_8e3b_40bb_afaa_f85912b97075 0 2 io.apicurio.tests.common.serdes.TestObject@3dbd29cb
2025-08-13 16:42:30,442 INFO  [io.api.tes.ser.api.KafkaSerdesTester] (Thread-636) topic-e17c3f1c_8e3b_40bb_afaa_f85912b97075 0 3 io.apicurio.tests.common.serdes.TestObject@3dbd29cb
2025-08-13 16:42:30,442 INFO  [io.api.tes.ser.api.KafkaSerdesTester] (Thread-636) topic-e17c3f1c_8e3b_40bb_afaa_f85912b97075 0 4 io.apicurio.tests.common.serdes.TestObject@3dbd29cb
2025-08-13 16:42:30,442 INFO  [io.api.tes.ser.api.KafkaSerdesTester] (Thread-636) topic-e17c3f1c_8e3b_40bb_afaa_f85912b97075 0 5 io.apicurio.tests.common.serdes.TestObject@3dbd29cb
2025-08-13 16:42:30,442 INFO  [io.api.tes.ser.api.KafkaSerdesTester] (Thread-636) topic-e17c3f1c_8e3b_40bb_afaa_f85912b97075 0 6 io.apicurio.tests.common.serdes.TestObject@3dbd29cb
2025-08-13 16:42:30,442 INFO  [io.api.tes.ser.api.KafkaSerdesTester] (Thread-636) topic-e17c3f1c_8e3b_40bb_afaa_f85912b97075 0 7 io.apicurio.tests.common.serdes.TestObject@3dbd29cb
2025-08-13 16:42:30,442 INFO  [io.api.tes.ser.api.KafkaSerdesTester] (Thread-636) topic-e17c3f1c_8e3b_40bb_afaa_f85912b97075 0 8 io.apicurio.tests.common.serdes.TestObject@3dbd29cb
2025-08-13 16:42:30,442 INFO  [io.api.tes.ser.api.KafkaSerdesTester] (Thread-636) topic-e17c3f1c_8e3b_40bb_afaa_f85912b97075 0 9 io.apicurio.tests.common.serdes.TestObject@3dbd29cb
2025-08-13 16:42:30,442 INFO  [io.api.tes.ser.api.KafkaSerdesTester] (Thread-636) Consumed 10 messages
2025-08-13 16:42:30,450 INFO  [org.apa.kaf.cli.con.int.ConsumerRebalanceListenerInvoker] (Thread-636) [Consumer clientId=consumer-Consumer-topic-e17c3f1c_8e3b_40bb_afaa_f85912b97075-6, groupId=Consumer-topic-e17c3f1c_8e3b_40bb_afaa_f85912b97075] Revoke previously assigned partitions topic-e17c3f1c_8e3b_40bb_afaa_f85912b97075-0
2025-08-13 16:42:30,450 INFO  [org.apa.kaf.cli.con.int.ConsumerCoordinator] (Thread-636) [Consumer clientId=consumer-Consumer-topic-e17c3f1c_8e3b_40bb_afaa_f85912b97075-6, groupId=Consumer-topic-e17c3f1c_8e3b_40bb_afaa_f85912b97075] Member consumer-Consumer-topic-e17c3f1c_8e3b_40bb_afaa_f85912b97075-6-1941834b-c904-491d-8163-aa8541c3dcc8 sending LeaveGroup request to coordinator localhost:32769 (id: 2147483647 rack: null) due to the consumer is being closed
2025-08-13 16:42:30,450 INFO  [org.apa.kaf.cli.con.int.ConsumerCoordinator] (Thread-636) [Consumer clientId=consumer-Consumer-topic-e17c3f1c_8e3b_40bb_afaa_f85912b97075-6, groupId=Consumer-topic-e17c3f1c_8e3b_40bb_afaa_f85912b97075] Resetting generation and member id due to: consumer pro-actively leaving the group
2025-08-13 16:42:30,450 INFO  [org.apa.kaf.cli.con.int.ConsumerCoordinator] (Thread-636) [Consumer clientId=consumer-Consumer-topic-e17c3f1c_8e3b_40bb_afaa_f85912b97075-6, groupId=Consumer-topic-e17c3f1c_8e3b_40bb_afaa_f85912b97075] Request joining group due to: consumer pro-actively leaving the group
2025-08-13 16:42:30,944 INFO  [org.apa.kaf.com.met.Metrics] (Thread-636) Metrics scheduler closed
2025-08-13 16:42:30,945 INFO  [org.apa.kaf.com.met.Metrics] (Thread-636) Closing reporter org.apache.kafka.common.metrics.JmxReporter
2025-08-13 16:42:30,945 INFO  [org.apa.kaf.com.met.Metrics] (Thread-636) Closing reporter org.apache.kafka.common.telemetry.internals.ClientTelemetryReporter
2025-08-13 16:42:30,945 INFO  [org.apa.kaf.com.met.Metrics] (Thread-636) Metrics reporters closed
2025-08-13 16:42:30,947 INFO  [org.apa.kaf.com.uti.AppInfoParser] (Thread-636) App info kafka.consumer for consumer-Consumer-topic-e17c3f1c_8e3b_40bb_afaa_f85912b97075-6 unregistered
2025-08-13 16:42:30,948 INFO  [io.api.tes.uti.TestSeparator] (main) io.apicurio.tests.serdes.apicurio.AvroSerdeIT.testReflectAutoRegister-FINISHED
2025-08-13 16:42:30,948 INFO  [io.api.tes.uti.TestSeparator] (main) ############################################################################
Test passed: testReflectAutoRegister
]]></system-out>
  </testcase>
  <testcase name="testArtifactNotFound" classname="io.apicurio.tests.serdes.apicurio.AvroSerdeIT" time="0.306">
    <system-out><![CDATA[2025-08-13 16:42:30,950 INFO  [io.api.tes.uti.TestSeparator] (main) ############################################################################
2025-08-13 16:42:30,950 INFO  [io.api.tes.uti.TestSeparator] (main) io.apicurio.tests.serdes.apicurio.AvroSerdeIT.testArtifactNotFound-STARTED
**** Registry Base URL: http://registry-app-mysql.apps.ci419.apicurio-testing.org:80
2025-08-13 16:42:30,957 INFO  [org.apa.kaf.cli.pro.ProducerConfig] (main) ProducerConfig values: 
	acks = -1
	auto.include.jmx.reporter = true
	batch.size = 16384
	bootstrap.servers = [PLAINTEXT://localhost:32769]
	buffer.memory = 33554432
	client.dns.lookup = use_all_dns_ips
	client.id = Producer-s5b43d418xa1a2x4293x8027x0a5bc93e8ba2
	compression.gzip.level = -1
	compression.lz4.level = 9
	compression.type = none
	compression.zstd.level = 3
	connections.max.idle.ms = 10000
	delivery.timeout.ms = 120000
	enable.idempotence = true
	enable.metrics.push = true
	interceptor.classes = []
	key.serializer = class org.apache.kafka.common.serialization.StringSerializer
	linger.ms = 0
	max.block.ms = 60000
	max.in.flight.requests.per.connection = 5
	max.request.size = 1048576
	metadata.max.age.ms = 300000
	metadata.max.idle.ms = 300000
	metadata.recovery.strategy = none
	metric.reporters = []
	metrics.num.samples = 2
	metrics.recording.level = INFO
	metrics.sample.window.ms = 30000
	partitioner.adaptive.partitioning.enable = true
	partitioner.availability.timeout.ms = 0
	partitioner.class = null
	partitioner.ignore.keys = false
	receive.buffer.bytes = 32768
	reconnect.backoff.max.ms = 1000
	reconnect.backoff.ms = 50
	request.timeout.ms = 5000
	retries = 2147483647
	retry.backoff.max.ms = 1000
	retry.backoff.ms = 100
	sasl.client.callback.handler.class = null
	sasl.jaas.config = null
	sasl.kerberos.kinit.cmd = /usr/bin/kinit
	sasl.kerberos.min.time.before.relogin = 60000
	sasl.kerberos.service.name = null
	sasl.kerberos.ticket.renew.jitter = 0.05
	sasl.kerberos.ticket.renew.window.factor = 0.8
	sasl.login.callback.handler.class = null
	sasl.login.class = null
	sasl.login.connect.timeout.ms = null
	sasl.login.read.timeout.ms = null
	sasl.login.refresh.buffer.seconds = 300
	sasl.login.refresh.min.period.seconds = 60
	sasl.login.refresh.window.factor = 0.8
	sasl.login.refresh.window.jitter = 0.05
	sasl.login.retry.backoff.max.ms = 10000
	sasl.login.retry.backoff.ms = 100
	sasl.mechanism = GSSAPI
	sasl.oauthbearer.clock.skew.seconds = 30
	sasl.oauthbearer.expected.audience = null
	sasl.oauthbearer.expected.issuer = null
	sasl.oauthbearer.header.urlencode = false
	sasl.oauthbearer.jwks.endpoint.refresh.ms = 3600000
	sasl.oauthbearer.jwks.endpoint.retry.backoff.max.ms = 10000
	sasl.oauthbearer.jwks.endpoint.retry.backoff.ms = 100
	sasl.oauthbearer.jwks.endpoint.url = null
	sasl.oauthbearer.scope.claim.name = scope
	sasl.oauthbearer.sub.claim.name = sub
	sasl.oauthbearer.token.endpoint.url = null
	security.protocol = PLAINTEXT
	security.providers = null
	send.buffer.bytes = 131072
	socket.connection.setup.timeout.max.ms = 30000
	socket.connection.setup.timeout.ms = 10000
	ssl.cipher.suites = null
	ssl.enabled.protocols = [TLSv1.2, TLSv1.3]
	ssl.endpoint.identification.algorithm = https
	ssl.engine.factory.class = null
	ssl.key.password = null
	ssl.keymanager.algorithm = SunX509
	ssl.keystore.certificate.chain = null
	ssl.keystore.key = null
	ssl.keystore.location = null
	ssl.keystore.password = null
	ssl.keystore.type = JKS
	ssl.protocol = TLSv1.3
	ssl.provider = null
	ssl.secure.random.implementation = null
	ssl.trustmanager.algorithm = PKIX
	ssl.truststore.certificates = null
	ssl.truststore.location = null
	ssl.truststore.password = null
	ssl.truststore.type = JKS
	transaction.timeout.ms = 60000
	transactional.id = null
	value.serializer = class io.apicurio.registry.serde.avro.AvroKafkaSerializer

2025-08-13 16:42:30,957 INFO  [org.apa.kaf.com.tel.int.KafkaMetricsCollector] (main) initializing Kafka metrics collector
2025-08-13 16:42:30,966 INFO  [org.apa.kaf.cli.pro.KafkaProducer] (main) [Producer clientId=Producer-s5b43d418xa1a2x4293x8027x0a5bc93e8ba2] Instantiated an idempotent producer.
2025-08-13 16:42:30,972 INFO  [org.apa.kaf.cli.pro.ProducerConfig] (main) These configurations '[apicurio.registry.url, apicurio.registry.artifact-resolver-strategy]' were supplied but are not used yet.
2025-08-13 16:42:30,974 INFO  [org.apa.kaf.com.uti.AppInfoParser] (main) Kafka version: 3.9.1
2025-08-13 16:42:30,974 INFO  [org.apa.kaf.com.uti.AppInfoParser] (main) Kafka commitId: f745dfdcee2b9851
2025-08-13 16:42:30,974 INFO  [org.apa.kaf.com.uti.AppInfoParser] (main) Kafka startTimeMs: 1755103350972
2025-08-13 16:42:30,977 INFO  [io.api.tes.ser.api.KafkaSerdesTester] (Thread-639) Sending message {"keyB": "value-0"} to topic s5b43d418xa1a2x4293x8027x0a5bc93e8ba2
2025-08-13 16:42:30,979 INFO  [org.apa.kaf.cli.Metadata] (kafka-producer-network-thread | Producer-s5b43d418xa1a2x4293x8027x0a5bc93e8ba2) [Producer clientId=Producer-s5b43d418xa1a2x4293x8027x0a5bc93e8ba2] Cluster ID: qKHj6WxtSVqL2ounD9m8uw
2025-08-13 16:42:30,985 INFO  [org.apa.kaf.cli.pro.int.TransactionManager] (kafka-producer-network-thread | Producer-s5b43d418xa1a2x4293x8027x0a5bc93e8ba2) [Producer clientId=Producer-s5b43d418xa1a2x4293x8027x0a5bc93e8ba2] ProducerId set to 7 with epoch 0
2025-08-13 16:42:30,994 INFO  [DefaultSchemaResolver] (Thread-639) Retrieving schema content using string: {"type":"record","name":"myrecord","namespace":"mygroup","fields":[{"name":"keyB","type":"string"}]}
2025-08-13 16:42:31,248 INFO  [org.apa.kaf.cli.pro.KafkaProducer] (Thread-639) [Producer clientId=Producer-s5b43d418xa1a2x4293x8027x0a5bc93e8ba2] Closing the Kafka producer with timeoutMillis = 9223372036854775807 ms.
2025-08-13 16:42:31,252 INFO  [org.apa.kaf.com.met.Metrics] (Thread-639) Metrics scheduler closed
2025-08-13 16:42:31,252 INFO  [org.apa.kaf.com.met.Metrics] (Thread-639) Closing reporter org.apache.kafka.common.metrics.JmxReporter
2025-08-13 16:42:31,252 INFO  [org.apa.kaf.com.met.Metrics] (Thread-639) Closing reporter org.apache.kafka.common.telemetry.internals.ClientTelemetryReporter
2025-08-13 16:42:31,252 INFO  [org.apa.kaf.com.met.Metrics] (Thread-639) Metrics reporters closed
2025-08-13 16:42:31,253 INFO  [org.apa.kaf.com.uti.AppInfoParser] (Thread-639) App info kafka.producer for Producer-s5b43d418xa1a2x4293x8027x0a5bc93e8ba2 unregistered
2025-08-13 16:42:31,255 INFO  [io.api.tes.uti.TestSeparator] (main) io.apicurio.tests.serdes.apicurio.AvroSerdeIT.testArtifactNotFound-FINISHED
2025-08-13 16:42:31,255 INFO  [io.api.tes.uti.TestSeparator] (main) ############################################################################
Test passed: testArtifactNotFound
]]></system-out>
    <system-err><![CDATA[java.lang.RuntimeException: Could not resolve artifact reference by content: {"type":"record","name":"myrecord","namespace":"mygroup","fields":[{"name":"keyB","type":"string"}]}&ArtifactReference [groupId=default, artifactId=s5b43d418xa1a2x4293x8027x0a5bc93e8ba2-value, version=null, globalId=null, contentId=null, contentHash=null]
	at io.apicurio.registry.resolver.DefaultSchemaResolver.lambda$handleResolveSchemaByContent$3(DefaultSchemaResolver.java:265)
	at io.apicurio.registry.resolver.cache.ERCache.lambda$getValue$0(ERCache.java:174)
	at io.apicurio.registry.resolver.cache.ERCache.retry(ERCache.java:227)
	at io.apicurio.registry.resolver.cache.ERCache.getValue(ERCache.java:173)
	at io.apicurio.registry.resolver.cache.ERCache.getByContent(ERCache.java:147)
	at io.apicurio.registry.resolver.DefaultSchemaResolver.handleResolveSchemaByContent(DefaultSchemaResolver.java:253)
	at io.apicurio.registry.resolver.DefaultSchemaResolver.getSchemaFromRegistry(DefaultSchemaResolver.java:138)
	at io.apicurio.registry.resolver.DefaultSchemaResolver.lambda$resolveSchema$0(DefaultSchemaResolver.java:84)
	at java.base/java.util.Optional.orElseGet(Optional.java:364)
	at io.apicurio.registry.resolver.DefaultSchemaResolver.resolveSchema(DefaultSchemaResolver.java:84)
	at io.apicurio.registry.serde.AbstractSerializer.serializeData(AbstractSerializer.java:62)
	at io.apicurio.registry.serde.KafkaSerializer.serialize(KafkaSerializer.java:77)
	at org.apache.kafka.clients.producer.KafkaProducer.doSend(KafkaProducer.java:1046)
	at org.apache.kafka.clients.producer.KafkaProducer.send(KafkaProducer.java:993)
	at org.apache.kafka.clients.producer.KafkaProducer.send(KafkaProducer.java:875)
	at io.apicurio.tests.serdes.apicurio.KafkaSerdesTester.lambda$produceMessages$3(KafkaSerdesTester.java:138)
	at java.base/java.util.concurrent.CompletableFuture$AsyncSupply.run(CompletableFuture.java:1768)
	at java.base/java.lang.Thread.run(Thread.java:840)
]]></system-err>
  </testcase>
  <testcase name="testAvroSerDesFailDifferentSchemaByRecordName" classname="io.apicurio.tests.serdes.apicurio.AvroSerdeIT" time="1.466">
    <system-out><![CDATA[2025-08-13 16:42:31,257 INFO  [io.api.tes.uti.TestSeparator] (main) ############################################################################
2025-08-13 16:42:31,258 INFO  [io.api.tes.uti.TestSeparator] (main) io.apicurio.tests.serdes.apicurio.AvroSerdeIT.testAvroSerDesFailDifferentSchemaByRecordName-STARTED
**** Registry Base URL: http://registry-app-mysql.apps.ci419.apicurio-testing.org:80
2025-08-13 16:42:32,535 INFO  [org.apa.kaf.cli.pro.ProducerConfig] (main) ProducerConfig values: 
	acks = -1
	auto.include.jmx.reporter = true
	batch.size = 16384
	bootstrap.servers = [PLAINTEXT://localhost:32769]
	buffer.memory = 33554432
	client.dns.lookup = use_all_dns_ips
	client.id = Producer-topic-1659a501_84b9_4d54_a0bc_0e60b2224ba1
	compression.gzip.level = -1
	compression.lz4.level = 9
	compression.type = none
	compression.zstd.level = 3
	connections.max.idle.ms = 10000
	delivery.timeout.ms = 120000
	enable.idempotence = true
	enable.metrics.push = true
	interceptor.classes = []
	key.serializer = class org.apache.kafka.common.serialization.StringSerializer
	linger.ms = 0
	max.block.ms = 60000
	max.in.flight.requests.per.connection = 5
	max.request.size = 1048576
	metadata.max.age.ms = 300000
	metadata.max.idle.ms = 300000
	metadata.recovery.strategy = none
	metric.reporters = []
	metrics.num.samples = 2
	metrics.recording.level = INFO
	metrics.sample.window.ms = 30000
	partitioner.adaptive.partitioning.enable = true
	partitioner.availability.timeout.ms = 0
	partitioner.class = null
	partitioner.ignore.keys = false
	receive.buffer.bytes = 32768
	reconnect.backoff.max.ms = 1000
	reconnect.backoff.ms = 50
	request.timeout.ms = 5000
	retries = 2147483647
	retry.backoff.max.ms = 1000
	retry.backoff.ms = 100
	sasl.client.callback.handler.class = null
	sasl.jaas.config = null
	sasl.kerberos.kinit.cmd = /usr/bin/kinit
	sasl.kerberos.min.time.before.relogin = 60000
	sasl.kerberos.service.name = null
	sasl.kerberos.ticket.renew.jitter = 0.05
	sasl.kerberos.ticket.renew.window.factor = 0.8
	sasl.login.callback.handler.class = null
	sasl.login.class = null
	sasl.login.connect.timeout.ms = null
	sasl.login.read.timeout.ms = null
	sasl.login.refresh.buffer.seconds = 300
	sasl.login.refresh.min.period.seconds = 60
	sasl.login.refresh.window.factor = 0.8
	sasl.login.refresh.window.jitter = 0.05
	sasl.login.retry.backoff.max.ms = 10000
	sasl.login.retry.backoff.ms = 100
	sasl.mechanism = GSSAPI
	sasl.oauthbearer.clock.skew.seconds = 30
	sasl.oauthbearer.expected.audience = null
	sasl.oauthbearer.expected.issuer = null
	sasl.oauthbearer.header.urlencode = false
	sasl.oauthbearer.jwks.endpoint.refresh.ms = 3600000
	sasl.oauthbearer.jwks.endpoint.retry.backoff.max.ms = 10000
	sasl.oauthbearer.jwks.endpoint.retry.backoff.ms = 100
	sasl.oauthbearer.jwks.endpoint.url = null
	sasl.oauthbearer.scope.claim.name = scope
	sasl.oauthbearer.sub.claim.name = sub
	sasl.oauthbearer.token.endpoint.url = null
	security.protocol = PLAINTEXT
	security.providers = null
	send.buffer.bytes = 131072
	socket.connection.setup.timeout.max.ms = 30000
	socket.connection.setup.timeout.ms = 10000
	ssl.cipher.suites = null
	ssl.enabled.protocols = [TLSv1.2, TLSv1.3]
	ssl.endpoint.identification.algorithm = https
	ssl.engine.factory.class = null
	ssl.key.password = null
	ssl.keymanager.algorithm = SunX509
	ssl.keystore.certificate.chain = null
	ssl.keystore.key = null
	ssl.keystore.location = null
	ssl.keystore.password = null
	ssl.keystore.type = JKS
	ssl.protocol = TLSv1.3
	ssl.provider = null
	ssl.secure.random.implementation = null
	ssl.trustmanager.algorithm = PKIX
	ssl.truststore.certificates = null
	ssl.truststore.location = null
	ssl.truststore.password = null
	ssl.truststore.type = JKS
	transaction.timeout.ms = 60000
	transactional.id = null
	value.serializer = class io.apicurio.registry.serde.avro.AvroKafkaSerializer

2025-08-13 16:42:32,535 INFO  [org.apa.kaf.com.tel.int.KafkaMetricsCollector] (main) initializing Kafka metrics collector
2025-08-13 16:42:32,540 INFO  [org.apa.kaf.cli.pro.KafkaProducer] (main) [Producer clientId=Producer-topic-1659a501_84b9_4d54_a0bc_0e60b2224ba1] Instantiated an idempotent producer.
2025-08-13 16:42:32,545 INFO  [org.apa.kaf.cli.pro.ProducerConfig] (main) These configurations '[apicurio.registry.find-latest, apicurio.registry.url, apicurio.registry.artifact-resolver-strategy]' were supplied but are not used yet.
2025-08-13 16:42:32,545 INFO  [org.apa.kaf.com.uti.AppInfoParser] (main) Kafka version: 3.9.1
2025-08-13 16:42:32,545 INFO  [org.apa.kaf.com.uti.AppInfoParser] (main) Kafka commitId: f745dfdcee2b9851
2025-08-13 16:42:32,545 INFO  [org.apa.kaf.com.uti.AppInfoParser] (main) Kafka startTimeMs: 1755103352545
2025-08-13 16:42:32,546 INFO  [io.api.tes.ser.api.KafkaSerdesTester] (Thread-642) Sending message {"keyB": "value-0"} to topic topic-1659a501_84b9_4d54_a0bc_0e60b2224ba1
2025-08-13 16:42:32,551 INFO  [org.apa.kaf.cli.Metadata] (kafka-producer-network-thread | Producer-topic-1659a501_84b9_4d54_a0bc_0e60b2224ba1) [Producer clientId=Producer-topic-1659a501_84b9_4d54_a0bc_0e60b2224ba1] Cluster ID: qKHj6WxtSVqL2ounD9m8uw
2025-08-13 16:42:32,554 INFO  [org.apa.kaf.cli.pro.int.TransactionManager] (kafka-producer-network-thread | Producer-topic-1659a501_84b9_4d54_a0bc_0e60b2224ba1) [Producer clientId=Producer-topic-1659a501_84b9_4d54_a0bc_0e60b2224ba1] ProducerId set to 8 with epoch 0
2025-08-13 16:42:32,719 INFO  [org.apa.kaf.cli.pro.KafkaProducer] (Thread-642) [Producer clientId=Producer-topic-1659a501_84b9_4d54_a0bc_0e60b2224ba1] Closing the Kafka producer with timeoutMillis = 9223372036854775807 ms.
2025-08-13 16:42:32,721 INFO  [org.apa.kaf.com.met.Metrics] (Thread-642) Metrics scheduler closed
2025-08-13 16:42:32,721 INFO  [org.apa.kaf.com.met.Metrics] (Thread-642) Closing reporter org.apache.kafka.common.metrics.JmxReporter
2025-08-13 16:42:32,721 INFO  [org.apa.kaf.com.met.Metrics] (Thread-642) Closing reporter org.apache.kafka.common.telemetry.internals.ClientTelemetryReporter
2025-08-13 16:42:32,721 INFO  [org.apa.kaf.com.met.Metrics] (Thread-642) Metrics reporters closed
2025-08-13 16:42:32,721 INFO  [org.apa.kaf.com.uti.AppInfoParser] (Thread-642) App info kafka.producer for Producer-topic-1659a501_84b9_4d54_a0bc_0e60b2224ba1 unregistered
2025-08-13 16:42:32,721 INFO  [io.api.tes.uti.TestSeparator] (main) io.apicurio.tests.serdes.apicurio.AvroSerdeIT.testAvroSerDesFailDifferentSchemaByRecordName-FINISHED
2025-08-13 16:42:32,722 INFO  [io.api.tes.uti.TestSeparator] (main) ############################################################################
Test passed: testAvroSerDesFailDifferentSchemaByRecordName
]]></system-out>
    <system-err><![CDATA[io.apicurio.registry.rest.client.models.ProblemDetails
	at io.apicurio.registry.rest.client.models.ProblemDetails.createFromDiscriminatorValue(ProblemDetails.java:58)
	at io.kiota.serialization.json.JsonParseNode.getObjectValue(JsonParseNode.java:247)
	at io.kiota.http.vertx.VertXRequestAdapter.lambda$throwIfFailedResponse$0(VertXRequestAdapter.java:400)
	at com.microsoft.kiota.ApiExceptionBuilder.<init>(ApiExceptionBuilder.java:26)
	at io.kiota.http.vertx.VertXRequestAdapter.throwIfFailedResponse(VertXRequestAdapter.java:399)
	at io.kiota.http.vertx.VertXRequestAdapter.send(VertXRequestAdapter.java:170)
	at io.apicurio.registry.rest.client.groups.item.artifacts.item.versions.item.WithVersionExpressionItemRequestBuilder.get(WithVersionExpressionItemRequestBuilder.java:128)
	at io.apicurio.registry.rest.client.groups.item.artifacts.item.versions.item.WithVersionExpressionItemRequestBuilder.get(WithVersionExpressionItemRequestBuilder.java:111)
	at io.apicurio.registry.resolver.client.RegistryClientFacadeImpl.getVersionCoordinatesByGAV(RegistryClientFacadeImpl.java:159)
	at io.apicurio.registry.resolver.DefaultSchemaResolver.resolveByCoordinates(DefaultSchemaResolver.java:352)
	at io.apicurio.registry.resolver.DefaultSchemaResolver.lambda$resolveSchemaByArtifactReferenceCached$6(DefaultSchemaResolver.java:340)
	at io.apicurio.registry.resolver.cache.ERCache.lambda$getValue$0(ERCache.java:174)
	at io.apicurio.registry.resolver.cache.ERCache.retry(ERCache.java:227)
	at io.apicurio.registry.resolver.cache.ERCache.getValue(ERCache.java:173)
	at io.apicurio.registry.resolver.cache.ERCache.getByArtifactCoordinates(ERCache.java:158)
	at io.apicurio.registry.resolver.DefaultSchemaResolver.resolveSchemaByArtifactReferenceCached(DefaultSchemaResolver.java:338)
	at io.apicurio.registry.resolver.DefaultSchemaResolver.resolveSchemaByCoordinates(DefaultSchemaResolver.java:193)
	at io.apicurio.registry.resolver.DefaultSchemaResolver.getSchemaFromRegistry(DefaultSchemaResolver.java:130)
	at io.apicurio.registry.resolver.DefaultSchemaResolver.lambda$resolveSchema$0(DefaultSchemaResolver.java:84)
	at java.base/java.util.Optional.orElseGet(Optional.java:364)
	at io.apicurio.registry.resolver.DefaultSchemaResolver.resolveSchema(DefaultSchemaResolver.java:84)
	at io.apicurio.registry.serde.AbstractSerializer.serializeData(AbstractSerializer.java:62)
	at io.apicurio.registry.serde.KafkaSerializer.serialize(KafkaSerializer.java:77)
	at org.apache.kafka.clients.producer.KafkaProducer.doSend(KafkaProducer.java:1046)
	at org.apache.kafka.clients.producer.KafkaProducer.send(KafkaProducer.java:993)
	at org.apache.kafka.clients.producer.KafkaProducer.send(KafkaProducer.java:875)
	at io.apicurio.tests.serdes.apicurio.KafkaSerdesTester.lambda$produceMessages$3(KafkaSerdesTester.java:138)
	at java.base/java.util.concurrent.CompletableFuture$AsyncSupply.run(CompletableFuture.java:1768)
	at java.base/java.lang.Thread.run(Thread.java:840)
]]></system-err>
  </testcase>
  <testcase name="testTopicIdStrategyFindLatest" classname="io.apicurio.tests.serdes.apicurio.AvroSerdeIT" time="5.368">
    <system-out><![CDATA[2025-08-13 16:42:32,723 INFO  [io.api.tes.uti.TestSeparator] (main) ############################################################################
2025-08-13 16:42:32,723 INFO  [io.api.tes.uti.TestSeparator] (main) io.apicurio.tests.serdes.apicurio.AvroSerdeIT.testTopicIdStrategyFindLatest-STARTED
2025-08-13 16:42:32,724 INFO  [io.api.tes.ser.api.AvroSerdeIT] (main) Registering Avro Schema: {"type":"record","name":"myrecordapicurio1","fields":[{"name":"key11755103352724","type":"string"}]}
**** Registry Base URL: http://registry-app-mysql.apps.ci419.apicurio-testing.org:80
2025-08-13 16:42:33,918 INFO  [org.apa.kaf.cli.pro.ProducerConfig] (main) ProducerConfig values: 
	acks = -1
	auto.include.jmx.reporter = true
	batch.size = 16384
	bootstrap.servers = [PLAINTEXT://localhost:32769]
	buffer.memory = 33554432
	client.dns.lookup = use_all_dns_ips
	client.id = Producer-topic-cc653c3f_a3cb_4e06_a9d2_feed4d42534a
	compression.gzip.level = -1
	compression.lz4.level = 9
	compression.type = none
	compression.zstd.level = 3
	connections.max.idle.ms = 10000
	delivery.timeout.ms = 120000
	enable.idempotence = true
	enable.metrics.push = true
	interceptor.classes = []
	key.serializer = class org.apache.kafka.common.serialization.StringSerializer
	linger.ms = 0
	max.block.ms = 60000
	max.in.flight.requests.per.connection = 5
	max.request.size = 1048576
	metadata.max.age.ms = 300000
	metadata.max.idle.ms = 300000
	metadata.recovery.strategy = none
	metric.reporters = []
	metrics.num.samples = 2
	metrics.recording.level = INFO
	metrics.sample.window.ms = 30000
	partitioner.adaptive.partitioning.enable = true
	partitioner.availability.timeout.ms = 0
	partitioner.class = null
	partitioner.ignore.keys = false
	receive.buffer.bytes = 32768
	reconnect.backoff.max.ms = 1000
	reconnect.backoff.ms = 50
	request.timeout.ms = 5000
	retries = 2147483647
	retry.backoff.max.ms = 1000
	retry.backoff.ms = 100
	sasl.client.callback.handler.class = null
	sasl.jaas.config = null
	sasl.kerberos.kinit.cmd = /usr/bin/kinit
	sasl.kerberos.min.time.before.relogin = 60000
	sasl.kerberos.service.name = null
	sasl.kerberos.ticket.renew.jitter = 0.05
	sasl.kerberos.ticket.renew.window.factor = 0.8
	sasl.login.callback.handler.class = null
	sasl.login.class = null
	sasl.login.connect.timeout.ms = null
	sasl.login.read.timeout.ms = null
	sasl.login.refresh.buffer.seconds = 300
	sasl.login.refresh.min.period.seconds = 60
	sasl.login.refresh.window.factor = 0.8
	sasl.login.refresh.window.jitter = 0.05
	sasl.login.retry.backoff.max.ms = 10000
	sasl.login.retry.backoff.ms = 100
	sasl.mechanism = GSSAPI
	sasl.oauthbearer.clock.skew.seconds = 30
	sasl.oauthbearer.expected.audience = null
	sasl.oauthbearer.expected.issuer = null
	sasl.oauthbearer.header.urlencode = false
	sasl.oauthbearer.jwks.endpoint.refresh.ms = 3600000
	sasl.oauthbearer.jwks.endpoint.retry.backoff.max.ms = 10000
	sasl.oauthbearer.jwks.endpoint.retry.backoff.ms = 100
	sasl.oauthbearer.jwks.endpoint.url = null
	sasl.oauthbearer.scope.claim.name = scope
	sasl.oauthbearer.sub.claim.name = sub
	sasl.oauthbearer.token.endpoint.url = null
	security.protocol = PLAINTEXT
	security.providers = null
	send.buffer.bytes = 131072
	socket.connection.setup.timeout.max.ms = 30000
	socket.connection.setup.timeout.ms = 10000
	ssl.cipher.suites = null
	ssl.enabled.protocols = [TLSv1.2, TLSv1.3]
	ssl.endpoint.identification.algorithm = https
	ssl.engine.factory.class = null
	ssl.key.password = null
	ssl.keymanager.algorithm = SunX509
	ssl.keystore.certificate.chain = null
	ssl.keystore.key = null
	ssl.keystore.location = null
	ssl.keystore.password = null
	ssl.keystore.type = JKS
	ssl.protocol = TLSv1.3
	ssl.provider = null
	ssl.secure.random.implementation = null
	ssl.trustmanager.algorithm = PKIX
	ssl.truststore.certificates = null
	ssl.truststore.location = null
	ssl.truststore.password = null
	ssl.truststore.type = JKS
	transaction.timeout.ms = 60000
	transactional.id = null
	value.serializer = class io.apicurio.registry.serde.avro.AvroKafkaSerializer

2025-08-13 16:42:33,919 INFO  [org.apa.kaf.com.tel.int.KafkaMetricsCollector] (main) initializing Kafka metrics collector
2025-08-13 16:42:33,922 INFO  [org.apa.kaf.cli.pro.KafkaProducer] (main) [Producer clientId=Producer-topic-cc653c3f_a3cb_4e06_a9d2_feed4d42534a] Instantiated an idempotent producer.
2025-08-13 16:42:33,927 INFO  [org.apa.kaf.cli.pro.ProducerConfig] (main) These configurations '[apicurio.registry.find-latest, apicurio.registry.url, apicurio.registry.artifact-resolver-strategy]' were supplied but are not used yet.
2025-08-13 16:42:33,927 INFO  [org.apa.kaf.com.uti.AppInfoParser] (main) Kafka version: 3.9.1
2025-08-13 16:42:33,927 INFO  [org.apa.kaf.com.uti.AppInfoParser] (main) Kafka commitId: f745dfdcee2b9851
2025-08-13 16:42:33,927 INFO  [org.apa.kaf.com.uti.AppInfoParser] (main) Kafka startTimeMs: 1755103353927
2025-08-13 16:42:33,927 INFO  [io.api.tes.ser.api.SimpleSerdesTesterBuilder$SimpleSerdesTester] (main) Using producer configuration: {apicurio.registry.find-latest=true, apicurio.registry.url=http://registry-app-mysql.apps.ci419.apicurio-testing.org:80/apis/registry/v3, apicurio.registry.artifact-resolver-strategy=io.apicurio.registry.serde.strategy.TopicIdStrategy, value.serializer=io.apicurio.registry.serde.avro.AvroKafkaSerializer, request.timeout.ms=5000, acks=all, bootstrap.servers=PLAINTEXT://localhost:32769, connections.max.idle.ms=10000, key.serializer=org.apache.kafka.common.serialization.StringSerializer, client.id=Producer-topic-cc653c3f_a3cb_4e06_a9d2_feed4d42534a}
2025-08-13 16:42:33,927 INFO  [io.api.tes.ser.api.SimpleSerdesTesterBuilder$SimpleSerdesTester] (main) Using consumer configuration: {}
2025-08-13 16:42:33,928 INFO  [io.api.tes.ser.api.KafkaSerdesTester] (Thread-645) Sending message {"key11755103352724": "value-0"} to topic topic-cc653c3f_a3cb_4e06_a9d2_feed4d42534a
2025-08-13 16:42:33,934 INFO  [org.apa.kaf.cli.Metadata] (kafka-producer-network-thread | Producer-topic-cc653c3f_a3cb_4e06_a9d2_feed4d42534a) [Producer clientId=Producer-topic-cc653c3f_a3cb_4e06_a9d2_feed4d42534a] Cluster ID: qKHj6WxtSVqL2ounD9m8uw
2025-08-13 16:42:33,935 INFO  [org.apa.kaf.cli.pro.int.TransactionManager] (kafka-producer-network-thread | Producer-topic-cc653c3f_a3cb_4e06_a9d2_feed4d42534a) [Producer clientId=Producer-topic-cc653c3f_a3cb_4e06_a9d2_feed4d42534a] ProducerId set to 9 with epoch 0
2025-08-13 16:42:34,264 INFO  [io.api.tes.ser.api.KafkaSerdesTester] (Thread-645) Sending message {"key11755103352724": "value-1"} to topic topic-cc653c3f_a3cb_4e06_a9d2_feed4d42534a
2025-08-13 16:42:34,266 INFO  [io.api.tes.ser.api.KafkaSerdesTester] (Thread-645) Sending message {"key11755103352724": "value-2"} to topic topic-cc653c3f_a3cb_4e06_a9d2_feed4d42534a
2025-08-13 16:42:34,269 INFO  [io.api.tes.ser.api.KafkaSerdesTester] (Thread-645) Sending message {"key11755103352724": "value-3"} to topic topic-cc653c3f_a3cb_4e06_a9d2_feed4d42534a
2025-08-13 16:42:34,272 INFO  [io.api.tes.ser.api.KafkaSerdesTester] (Thread-645) Sending message {"key11755103352724": "value-4"} to topic topic-cc653c3f_a3cb_4e06_a9d2_feed4d42534a
2025-08-13 16:42:34,274 INFO  [io.api.tes.ser.api.KafkaSerdesTester] (Thread-645) Sending message {"key11755103352724": "value-5"} to topic topic-cc653c3f_a3cb_4e06_a9d2_feed4d42534a
2025-08-13 16:42:34,275 INFO  [io.api.tes.ser.api.KafkaSerdesTester] (Thread-645) Sending message {"key11755103352724": "value-6"} to topic topic-cc653c3f_a3cb_4e06_a9d2_feed4d42534a
2025-08-13 16:42:34,276 INFO  [io.api.tes.ser.api.KafkaSerdesTester] (Thread-645) Sending message {"key11755103352724": "value-7"} to topic topic-cc653c3f_a3cb_4e06_a9d2_feed4d42534a
2025-08-13 16:42:34,278 INFO  [io.api.tes.ser.api.KafkaSerdesTester] (Thread-645) Sending message {"key11755103352724": "value-8"} to topic topic-cc653c3f_a3cb_4e06_a9d2_feed4d42534a
2025-08-13 16:42:34,280 INFO  [io.api.tes.ser.api.KafkaSerdesTester] (Thread-645) Sending message {"key11755103352724": "value-9"} to topic topic-cc653c3f_a3cb_4e06_a9d2_feed4d42534a
2025-08-13 16:42:34,284 INFO  [io.api.tes.ser.api.KafkaSerdesTester] (Thread-645) Produced 10 messages
2025-08-13 16:42:34,284 INFO  [org.apa.kaf.cli.pro.KafkaProducer] (Thread-645) [Producer clientId=Producer-topic-cc653c3f_a3cb_4e06_a9d2_feed4d42534a] Closing the Kafka producer with timeoutMillis = 9223372036854775807 ms.
2025-08-13 16:42:34,287 INFO  [org.apa.kaf.com.met.Metrics] (Thread-645) Metrics scheduler closed
2025-08-13 16:42:34,287 INFO  [org.apa.kaf.com.met.Metrics] (Thread-645) Closing reporter org.apache.kafka.common.metrics.JmxReporter
2025-08-13 16:42:34,287 INFO  [org.apa.kaf.com.met.Metrics] (Thread-645) Closing reporter org.apache.kafka.common.telemetry.internals.ClientTelemetryReporter
2025-08-13 16:42:34,287 INFO  [org.apa.kaf.com.met.Metrics] (Thread-645) Metrics reporters closed
2025-08-13 16:42:34,287 INFO  [org.apa.kaf.com.uti.AppInfoParser] (Thread-645) App info kafka.producer for Producer-topic-cc653c3f_a3cb_4e06_a9d2_feed4d42534a unregistered
**** Registry Base URL: http://registry-app-mysql.apps.ci419.apicurio-testing.org:80
2025-08-13 16:42:34,288 INFO  [org.apa.kaf.cli.con.ConsumerConfig] (main) ConsumerConfig values: 
	allow.auto.create.topics = true
	auto.commit.interval.ms = 500
	auto.include.jmx.reporter = true
	auto.offset.reset = earliest
	bootstrap.servers = [PLAINTEXT://localhost:32769]
	check.crcs = true
	client.dns.lookup = use_all_dns_ips
	client.id = consumer-Consumer-topic-cc653c3f_a3cb_4e06_a9d2_feed4d42534a-7
	client.rack = 
	connections.max.idle.ms = 10000
	default.api.timeout.ms = 60000
	enable.auto.commit = true
	enable.metrics.push = true
	exclude.internal.topics = true
	fetch.max.bytes = 52428800
	fetch.max.wait.ms = 500
	fetch.min.bytes = 1
	group.id = Consumer-topic-cc653c3f_a3cb_4e06_a9d2_feed4d42534a
	group.instance.id = null
	group.protocol = classic
	group.remote.assignor = null
	heartbeat.interval.ms = 3000
	interceptor.classes = []
	internal.leave.group.on.close = true
	internal.throw.on.fetch.stable.offset.unsupported = false
	isolation.level = read_uncommitted
	key.deserializer = class org.apache.kafka.common.serialization.StringDeserializer
	max.partition.fetch.bytes = 1048576
	max.poll.interval.ms = 300000
	max.poll.records = 500
	metadata.max.age.ms = 300000
	metadata.recovery.strategy = none
	metric.reporters = []
	metrics.num.samples = 2
	metrics.recording.level = INFO
	metrics.sample.window.ms = 30000
	partition.assignment.strategy = [class org.apache.kafka.clients.consumer.RangeAssignor, class org.apache.kafka.clients.consumer.CooperativeStickyAssignor]
	receive.buffer.bytes = 65536
	reconnect.backoff.max.ms = 1000
	reconnect.backoff.ms = 50
	request.timeout.ms = 5000
	retry.backoff.max.ms = 1000
	retry.backoff.ms = 100
	sasl.client.callback.handler.class = null
	sasl.jaas.config = null
	sasl.kerberos.kinit.cmd = /usr/bin/kinit
	sasl.kerberos.min.time.before.relogin = 60000
	sasl.kerberos.service.name = null
	sasl.kerberos.ticket.renew.jitter = 0.05
	sasl.kerberos.ticket.renew.window.factor = 0.8
	sasl.login.callback.handler.class = null
	sasl.login.class = null
	sasl.login.connect.timeout.ms = null
	sasl.login.read.timeout.ms = null
	sasl.login.refresh.buffer.seconds = 300
	sasl.login.refresh.min.period.seconds = 60
	sasl.login.refresh.window.factor = 0.8
	sasl.login.refresh.window.jitter = 0.05
	sasl.login.retry.backoff.max.ms = 10000
	sasl.login.retry.backoff.ms = 100
	sasl.mechanism = GSSAPI
	sasl.oauthbearer.clock.skew.seconds = 30
	sasl.oauthbearer.expected.audience = null
	sasl.oauthbearer.expected.issuer = null
	sasl.oauthbearer.header.urlencode = false
	sasl.oauthbearer.jwks.endpoint.refresh.ms = 3600000
	sasl.oauthbearer.jwks.endpoint.retry.backoff.max.ms = 10000
	sasl.oauthbearer.jwks.endpoint.retry.backoff.ms = 100
	sasl.oauthbearer.jwks.endpoint.url = null
	sasl.oauthbearer.scope.claim.name = scope
	sasl.oauthbearer.sub.claim.name = sub
	sasl.oauthbearer.token.endpoint.url = null
	security.protocol = PLAINTEXT
	security.providers = null
	send.buffer.bytes = 131072
	session.timeout.ms = 45000
	socket.connection.setup.timeout.max.ms = 30000
	socket.connection.setup.timeout.ms = 10000
	ssl.cipher.suites = null
	ssl.enabled.protocols = [TLSv1.2, TLSv1.3]
	ssl.endpoint.identification.algorithm = https
	ssl.engine.factory.class = null
	ssl.key.password = null
	ssl.keymanager.algorithm = SunX509
	ssl.keystore.certificate.chain = null
	ssl.keystore.key = null
	ssl.keystore.location = null
	ssl.keystore.password = null
	ssl.keystore.type = JKS
	ssl.protocol = TLSv1.3
	ssl.provider = null
	ssl.secure.random.implementation = null
	ssl.trustmanager.algorithm = PKIX
	ssl.truststore.certificates = null
	ssl.truststore.location = null
	ssl.truststore.password = null
	ssl.truststore.type = JKS
	value.deserializer = class io.apicurio.registry.serde.avro.AvroKafkaDeserializer

2025-08-13 16:42:34,289 INFO  [org.apa.kaf.com.tel.int.KafkaMetricsCollector] (main) initializing Kafka metrics collector
2025-08-13 16:42:34,298 INFO  [org.apa.kaf.cli.con.ConsumerConfig] (main) These configurations '[apicurio.registry.url]' were supplied but are not used yet.
2025-08-13 16:42:34,298 INFO  [org.apa.kaf.com.uti.AppInfoParser] (main) Kafka version: 3.9.1
2025-08-13 16:42:34,298 INFO  [org.apa.kaf.com.uti.AppInfoParser] (main) Kafka commitId: f745dfdcee2b9851
2025-08-13 16:42:34,298 INFO  [org.apa.kaf.com.uti.AppInfoParser] (main) Kafka startTimeMs: 1755103354298
2025-08-13 16:42:34,299 INFO  [org.apa.kaf.cli.con.int.ClassicKafkaConsumer] (Thread-648) [Consumer clientId=consumer-Consumer-topic-cc653c3f_a3cb_4e06_a9d2_feed4d42534a-7, groupId=Consumer-topic-cc653c3f_a3cb_4e06_a9d2_feed4d42534a] Subscribed to topic(s): topic-cc653c3f_a3cb_4e06_a9d2_feed4d42534a
2025-08-13 16:42:34,304 INFO  [org.apa.kaf.cli.Metadata] (Thread-648) [Consumer clientId=consumer-Consumer-topic-cc653c3f_a3cb_4e06_a9d2_feed4d42534a-7, groupId=Consumer-topic-cc653c3f_a3cb_4e06_a9d2_feed4d42534a] Cluster ID: qKHj6WxtSVqL2ounD9m8uw
2025-08-13 16:42:34,305 INFO  [org.apa.kaf.cli.con.int.ConsumerCoordinator] (Thread-648) [Consumer clientId=consumer-Consumer-topic-cc653c3f_a3cb_4e06_a9d2_feed4d42534a-7, groupId=Consumer-topic-cc653c3f_a3cb_4e06_a9d2_feed4d42534a] Discovered group coordinator localhost:32769 (id: 2147483647 rack: null)
2025-08-13 16:42:34,308 INFO  [org.apa.kaf.cli.con.int.ConsumerCoordinator] (Thread-648) [Consumer clientId=consumer-Consumer-topic-cc653c3f_a3cb_4e06_a9d2_feed4d42534a-7, groupId=Consumer-topic-cc653c3f_a3cb_4e06_a9d2_feed4d42534a] (Re-)joining group
2025-08-13 16:42:34,311 INFO  [org.apa.kaf.cli.con.int.ConsumerCoordinator] (Thread-648) [Consumer clientId=consumer-Consumer-topic-cc653c3f_a3cb_4e06_a9d2_feed4d42534a-7, groupId=Consumer-topic-cc653c3f_a3cb_4e06_a9d2_feed4d42534a] Request joining group due to: need to re-join with the given member-id: consumer-Consumer-topic-cc653c3f_a3cb_4e06_a9d2_feed4d42534a-7-edcb1017-d506-4f04-9503-3a839197137f
2025-08-13 16:42:34,312 INFO  [org.apa.kaf.cli.con.int.ConsumerCoordinator] (Thread-648) [Consumer clientId=consumer-Consumer-topic-cc653c3f_a3cb_4e06_a9d2_feed4d42534a-7, groupId=Consumer-topic-cc653c3f_a3cb_4e06_a9d2_feed4d42534a] (Re-)joining group
2025-08-13 16:42:35,300 INFO  [io.api.tes.ser.api.KafkaSerdesTester] (Thread-648) None found
2025-08-13 16:42:36,300 INFO  [io.api.tes.ser.api.KafkaSerdesTester] (Thread-648) None found
2025-08-13 16:42:37,300 INFO  [io.api.tes.ser.api.KafkaSerdesTester] (Thread-648) None found
2025-08-13 16:42:37,315 INFO  [org.apa.kaf.cli.con.int.ConsumerCoordinator] (Thread-648) [Consumer clientId=consumer-Consumer-topic-cc653c3f_a3cb_4e06_a9d2_feed4d42534a-7, groupId=Consumer-topic-cc653c3f_a3cb_4e06_a9d2_feed4d42534a] Successfully joined group with generation Generation{generationId=1, memberId='consumer-Consumer-topic-cc653c3f_a3cb_4e06_a9d2_feed4d42534a-7-edcb1017-d506-4f04-9503-3a839197137f', protocol='range'}
2025-08-13 16:42:37,316 INFO  [org.apa.kaf.cli.con.int.ConsumerCoordinator] (Thread-648) [Consumer clientId=consumer-Consumer-topic-cc653c3f_a3cb_4e06_a9d2_feed4d42534a-7, groupId=Consumer-topic-cc653c3f_a3cb_4e06_a9d2_feed4d42534a] Finished assignment for group at generation 1: {consumer-Consumer-topic-cc653c3f_a3cb_4e06_a9d2_feed4d42534a-7-edcb1017-d506-4f04-9503-3a839197137f=Assignment(partitions=[topic-cc653c3f_a3cb_4e06_a9d2_feed4d42534a-0])}
2025-08-13 16:42:37,323 INFO  [org.apa.kaf.cli.con.int.ConsumerCoordinator] (Thread-648) [Consumer clientId=consumer-Consumer-topic-cc653c3f_a3cb_4e06_a9d2_feed4d42534a-7, groupId=Consumer-topic-cc653c3f_a3cb_4e06_a9d2_feed4d42534a] Successfully synced group in generation Generation{generationId=1, memberId='consumer-Consumer-topic-cc653c3f_a3cb_4e06_a9d2_feed4d42534a-7-edcb1017-d506-4f04-9503-3a839197137f', protocol='range'}
2025-08-13 16:42:37,324 INFO  [org.apa.kaf.cli.con.int.ConsumerCoordinator] (Thread-648) [Consumer clientId=consumer-Consumer-topic-cc653c3f_a3cb_4e06_a9d2_feed4d42534a-7, groupId=Consumer-topic-cc653c3f_a3cb_4e06_a9d2_feed4d42534a] Notifying assignor about the new Assignment(partitions=[topic-cc653c3f_a3cb_4e06_a9d2_feed4d42534a-0])
2025-08-13 16:42:37,324 INFO  [org.apa.kaf.cli.con.int.ConsumerRebalanceListenerInvoker] (Thread-648) [Consumer clientId=consumer-Consumer-topic-cc653c3f_a3cb_4e06_a9d2_feed4d42534a-7, groupId=Consumer-topic-cc653c3f_a3cb_4e06_a9d2_feed4d42534a] Adding newly assigned partitions: topic-cc653c3f_a3cb_4e06_a9d2_feed4d42534a-0
2025-08-13 16:42:37,325 INFO  [org.apa.kaf.cli.con.int.ConsumerCoordinator] (Thread-648) [Consumer clientId=consumer-Consumer-topic-cc653c3f_a3cb_4e06_a9d2_feed4d42534a-7, groupId=Consumer-topic-cc653c3f_a3cb_4e06_a9d2_feed4d42534a] Found no committed offset for partition topic-cc653c3f_a3cb_4e06_a9d2_feed4d42534a-0
2025-08-13 16:42:37,326 INFO  [org.apa.kaf.cli.con.int.SubscriptionState] (Thread-648) [Consumer clientId=consumer-Consumer-topic-cc653c3f_a3cb_4e06_a9d2_feed4d42534a-7, groupId=Consumer-topic-cc653c3f_a3cb_4e06_a9d2_feed4d42534a] Resetting offset for partition topic-cc653c3f_a3cb_4e06_a9d2_feed4d42534a-0 to position FetchPosition{offset=0, offsetEpoch=Optional.empty, currentLeader=LeaderAndEpoch{leader=Optional[localhost:32769 (id: 0 rack: null)], epoch=0}}.
2025-08-13 16:42:37,581 INFO  [io.api.tes.ser.api.KafkaSerdesTester] (Thread-648) topic-cc653c3f_a3cb_4e06_a9d2_feed4d42534a 0 0 {"key11755103352724": "value-0"}
2025-08-13 16:42:37,581 INFO  [io.api.tes.ser.api.KafkaSerdesTester] (Thread-648) topic-cc653c3f_a3cb_4e06_a9d2_feed4d42534a 0 1 {"key11755103352724": "value-1"}
2025-08-13 16:42:37,581 INFO  [io.api.tes.ser.api.KafkaSerdesTester] (Thread-648) topic-cc653c3f_a3cb_4e06_a9d2_feed4d42534a 0 2 {"key11755103352724": "value-2"}
2025-08-13 16:42:37,581 INFO  [io.api.tes.ser.api.KafkaSerdesTester] (Thread-648) topic-cc653c3f_a3cb_4e06_a9d2_feed4d42534a 0 3 {"key11755103352724": "value-3"}
2025-08-13 16:42:37,581 INFO  [io.api.tes.ser.api.KafkaSerdesTester] (Thread-648) topic-cc653c3f_a3cb_4e06_a9d2_feed4d42534a 0 4 {"key11755103352724": "value-4"}
2025-08-13 16:42:37,581 INFO  [io.api.tes.ser.api.KafkaSerdesTester] (Thread-648) topic-cc653c3f_a3cb_4e06_a9d2_feed4d42534a 0 5 {"key11755103352724": "value-5"}
2025-08-13 16:42:37,581 INFO  [io.api.tes.ser.api.KafkaSerdesTester] (Thread-648) topic-cc653c3f_a3cb_4e06_a9d2_feed4d42534a 0 6 {"key11755103352724": "value-6"}
2025-08-13 16:42:37,581 INFO  [io.api.tes.ser.api.KafkaSerdesTester] (Thread-648) topic-cc653c3f_a3cb_4e06_a9d2_feed4d42534a 0 7 {"key11755103352724": "value-7"}
2025-08-13 16:42:37,581 INFO  [io.api.tes.ser.api.KafkaSerdesTester] (Thread-648) topic-cc653c3f_a3cb_4e06_a9d2_feed4d42534a 0 8 {"key11755103352724": "value-8"}
2025-08-13 16:42:37,581 INFO  [io.api.tes.ser.api.KafkaSerdesTester] (Thread-648) topic-cc653c3f_a3cb_4e06_a9d2_feed4d42534a 0 9 {"key11755103352724": "value-9"}
2025-08-13 16:42:37,581 INFO  [io.api.tes.ser.api.KafkaSerdesTester] (Thread-648) Consumed 10 messages
2025-08-13 16:42:37,589 INFO  [org.apa.kaf.cli.con.int.ConsumerRebalanceListenerInvoker] (Thread-648) [Consumer clientId=consumer-Consumer-topic-cc653c3f_a3cb_4e06_a9d2_feed4d42534a-7, groupId=Consumer-topic-cc653c3f_a3cb_4e06_a9d2_feed4d42534a] Revoke previously assigned partitions topic-cc653c3f_a3cb_4e06_a9d2_feed4d42534a-0
2025-08-13 16:42:37,589 INFO  [org.apa.kaf.cli.con.int.ConsumerCoordinator] (Thread-648) [Consumer clientId=consumer-Consumer-topic-cc653c3f_a3cb_4e06_a9d2_feed4d42534a-7, groupId=Consumer-topic-cc653c3f_a3cb_4e06_a9d2_feed4d42534a] Member consumer-Consumer-topic-cc653c3f_a3cb_4e06_a9d2_feed4d42534a-7-edcb1017-d506-4f04-9503-3a839197137f sending LeaveGroup request to coordinator localhost:32769 (id: 2147483647 rack: null) due to the consumer is being closed
2025-08-13 16:42:37,590 INFO  [org.apa.kaf.cli.con.int.ConsumerCoordinator] (Thread-648) [Consumer clientId=consumer-Consumer-topic-cc653c3f_a3cb_4e06_a9d2_feed4d42534a-7, groupId=Consumer-topic-cc653c3f_a3cb_4e06_a9d2_feed4d42534a] Resetting generation and member id due to: consumer pro-actively leaving the group
2025-08-13 16:42:37,590 INFO  [org.apa.kaf.cli.con.int.ConsumerCoordinator] (Thread-648) [Consumer clientId=consumer-Consumer-topic-cc653c3f_a3cb_4e06_a9d2_feed4d42534a-7, groupId=Consumer-topic-cc653c3f_a3cb_4e06_a9d2_feed4d42534a] Request joining group due to: consumer pro-actively leaving the group
2025-08-13 16:42:38,086 INFO  [org.apa.kaf.com.met.Metrics] (Thread-648) Metrics scheduler closed
2025-08-13 16:42:38,086 INFO  [org.apa.kaf.com.met.Metrics] (Thread-648) Closing reporter org.apache.kafka.common.metrics.JmxReporter
2025-08-13 16:42:38,086 INFO  [org.apa.kaf.com.met.Metrics] (Thread-648) Closing reporter org.apache.kafka.common.telemetry.internals.ClientTelemetryReporter
2025-08-13 16:42:38,087 INFO  [org.apa.kaf.com.met.Metrics] (Thread-648) Metrics reporters closed
2025-08-13 16:42:38,089 INFO  [org.apa.kaf.com.uti.AppInfoParser] (Thread-648) App info kafka.consumer for consumer-Consumer-topic-cc653c3f_a3cb_4e06_a9d2_feed4d42534a-7 unregistered
2025-08-13 16:42:38,090 INFO  [io.api.tes.uti.TestSeparator] (main) io.apicurio.tests.serdes.apicurio.AvroSerdeIT.testTopicIdStrategyFindLatest-FINISHED
2025-08-13 16:42:38,090 INFO  [io.api.tes.uti.TestSeparator] (main) ############################################################################
Test passed: testTopicIdStrategyFindLatest
]]></system-out>
  </testcase>
  <testcase name="testAvroUnionWithSpecificReader" classname="io.apicurio.tests.serdes.apicurio.AvroSerdeIT" time="4.86">
    <system-out><![CDATA[2025-08-13 16:42:38,094 INFO  [io.api.tes.uti.TestSeparator] (main) ############################################################################
2025-08-13 16:42:38,094 INFO  [io.api.tes.uti.TestSeparator] (main) io.apicurio.tests.serdes.apicurio.AvroSerdeIT.testAvroUnionWithSpecificReader-STARTED
**** Registry Base URL: http://registry-app-mysql.apps.ci419.apicurio-testing.org:80
2025-08-13 16:42:38,098 INFO  [org.apa.kaf.cli.pro.ProducerConfig] (main) ProducerConfig values: 
	acks = -1
	auto.include.jmx.reporter = true
	batch.size = 16384
	bootstrap.servers = [PLAINTEXT://localhost:32769]
	buffer.memory = 33554432
	client.dns.lookup = use_all_dns_ips
	client.id = Producer-topic-b2276542_e620_4335_8269_83edeffa3493
	compression.gzip.level = -1
	compression.lz4.level = 9
	compression.type = none
	compression.zstd.level = 3
	connections.max.idle.ms = 10000
	delivery.timeout.ms = 120000
	enable.idempotence = true
	enable.metrics.push = true
	interceptor.classes = []
	key.serializer = class org.apache.kafka.common.serialization.StringSerializer
	linger.ms = 0
	max.block.ms = 60000
	max.in.flight.requests.per.connection = 5
	max.request.size = 1048576
	metadata.max.age.ms = 300000
	metadata.max.idle.ms = 300000
	metadata.recovery.strategy = none
	metric.reporters = []
	metrics.num.samples = 2
	metrics.recording.level = INFO
	metrics.sample.window.ms = 30000
	partitioner.adaptive.partitioning.enable = true
	partitioner.availability.timeout.ms = 0
	partitioner.class = null
	partitioner.ignore.keys = false
	receive.buffer.bytes = 32768
	reconnect.backoff.max.ms = 1000
	reconnect.backoff.ms = 50
	request.timeout.ms = 5000
	retries = 2147483647
	retry.backoff.max.ms = 1000
	retry.backoff.ms = 100
	sasl.client.callback.handler.class = null
	sasl.jaas.config = null
	sasl.kerberos.kinit.cmd = /usr/bin/kinit
	sasl.kerberos.min.time.before.relogin = 60000
	sasl.kerberos.service.name = null
	sasl.kerberos.ticket.renew.jitter = 0.05
	sasl.kerberos.ticket.renew.window.factor = 0.8
	sasl.login.callback.handler.class = null
	sasl.login.class = null
	sasl.login.connect.timeout.ms = null
	sasl.login.read.timeout.ms = null
	sasl.login.refresh.buffer.seconds = 300
	sasl.login.refresh.min.period.seconds = 60
	sasl.login.refresh.window.factor = 0.8
	sasl.login.refresh.window.jitter = 0.05
	sasl.login.retry.backoff.max.ms = 10000
	sasl.login.retry.backoff.ms = 100
	sasl.mechanism = GSSAPI
	sasl.oauthbearer.clock.skew.seconds = 30
	sasl.oauthbearer.expected.audience = null
	sasl.oauthbearer.expected.issuer = null
	sasl.oauthbearer.header.urlencode = false
	sasl.oauthbearer.jwks.endpoint.refresh.ms = 3600000
	sasl.oauthbearer.jwks.endpoint.retry.backoff.max.ms = 10000
	sasl.oauthbearer.jwks.endpoint.retry.backoff.ms = 100
	sasl.oauthbearer.jwks.endpoint.url = null
	sasl.oauthbearer.scope.claim.name = scope
	sasl.oauthbearer.sub.claim.name = sub
	sasl.oauthbearer.token.endpoint.url = null
	security.protocol = PLAINTEXT
	security.providers = null
	send.buffer.bytes = 131072
	socket.connection.setup.timeout.max.ms = 30000
	socket.connection.setup.timeout.ms = 10000
	ssl.cipher.suites = null
	ssl.enabled.protocols = [TLSv1.2, TLSv1.3]
	ssl.endpoint.identification.algorithm = https
	ssl.engine.factory.class = null
	ssl.key.password = null
	ssl.keymanager.algorithm = SunX509
	ssl.keystore.certificate.chain = null
	ssl.keystore.key = null
	ssl.keystore.location = null
	ssl.keystore.password = null
	ssl.keystore.type = JKS
	ssl.protocol = TLSv1.3
	ssl.provider = null
	ssl.secure.random.implementation = null
	ssl.trustmanager.algorithm = PKIX
	ssl.truststore.certificates = null
	ssl.truststore.location = null
	ssl.truststore.password = null
	ssl.truststore.type = JKS
	transaction.timeout.ms = 60000
	transactional.id = null
	value.serializer = class io.apicurio.registry.serde.avro.AvroKafkaSerializer

2025-08-13 16:42:38,098 INFO  [org.apa.kaf.com.tel.int.KafkaMetricsCollector] (main) initializing Kafka metrics collector
2025-08-13 16:42:38,101 INFO  [org.apa.kaf.cli.pro.KafkaProducer] (main) [Producer clientId=Producer-topic-b2276542_e620_4335_8269_83edeffa3493] Instantiated an idempotent producer.
2025-08-13 16:42:38,104 INFO  [org.apa.kaf.cli.pro.ProducerConfig] (main) These configurations '[apicurio.registry.url, apicurio.registry.auto-register, apicurio.registry.artifact-resolver-strategy]' were supplied but are not used yet.
2025-08-13 16:42:38,104 INFO  [org.apa.kaf.com.uti.AppInfoParser] (main) Kafka version: 3.9.1
2025-08-13 16:42:38,104 INFO  [org.apa.kaf.com.uti.AppInfoParser] (main) Kafka commitId: f745dfdcee2b9851
2025-08-13 16:42:38,104 INFO  [org.apa.kaf.com.uti.AppInfoParser] (main) Kafka startTimeMs: 1755103358104
2025-08-13 16:42:38,104 INFO  [io.api.tes.ser.api.SimpleSerdesTesterBuilder$SimpleSerdesTester] (main) Using producer configuration: {apicurio.registry.url=http://registry-app-mysql.apps.ci419.apicurio-testing.org:80/apis/registry/v3, apicurio.registry.auto-register=true, apicurio.registry.artifact-resolver-strategy=io.apicurio.registry.serde.strategy.TopicIdStrategy, value.serializer=io.apicurio.registry.serde.avro.AvroKafkaSerializer, request.timeout.ms=5000, acks=all, bootstrap.servers=PLAINTEXT://localhost:32769, connections.max.idle.ms=10000, key.serializer=org.apache.kafka.common.serialization.StringSerializer, client.id=Producer-topic-b2276542_e620_4335_8269_83edeffa3493}
2025-08-13 16:42:38,104 INFO  [io.api.tes.ser.api.SimpleSerdesTesterBuilder$SimpleSerdesTester] (main) Using consumer configuration: {}
2025-08-13 16:42:38,108 INFO  [io.api.tes.ser.api.KafkaSerdesTester] (Thread-651) Sending message {"id": "record-0"} to topic topic-b2276542_e620_4335_8269_83edeffa3493
2025-08-13 16:42:38,111 WARN  [org.apa.kaf.cli.NetworkClient] (kafka-producer-network-thread | Producer-topic-b2276542_e620_4335_8269_83edeffa3493) [Producer clientId=Producer-topic-b2276542_e620_4335_8269_83edeffa3493] The metadata response from the cluster reported a recoverable issue with correlation id 1 : {topic-b2276542_e620_4335_8269_83edeffa3493=UNKNOWN_TOPIC_OR_PARTITION}
2025-08-13 16:42:38,111 INFO  [org.apa.kaf.cli.Metadata] (kafka-producer-network-thread | Producer-topic-b2276542_e620_4335_8269_83edeffa3493) [Producer clientId=Producer-topic-b2276542_e620_4335_8269_83edeffa3493] Cluster ID: qKHj6WxtSVqL2ounD9m8uw
2025-08-13 16:42:38,111 INFO  [org.apa.kaf.cli.pro.int.TransactionManager] (kafka-producer-network-thread | Producer-topic-b2276542_e620_4335_8269_83edeffa3493) [Producer clientId=Producer-topic-b2276542_e620_4335_8269_83edeffa3493] ProducerId set to 10 with epoch 0
2025-08-13 16:42:38,417 INFO  [io.api.tes.ser.api.KafkaSerdesTester] (Thread-651) Sending message {"value": 1} to topic topic-b2276542_e620_4335_8269_83edeffa3493
2025-08-13 16:42:38,567 INFO  [io.api.tes.ser.api.KafkaSerdesTester] (Thread-651) Sending message {"active": true} to topic topic-b2276542_e620_4335_8269_83edeffa3493
2025-08-13 16:42:38,714 INFO  [io.api.tes.ser.api.KafkaSerdesTester] (Thread-651) Sending message {"id": "record-3"} to topic topic-b2276542_e620_4335_8269_83edeffa3493
2025-08-13 16:42:38,716 INFO  [io.api.tes.ser.api.KafkaSerdesTester] (Thread-651) Sending message {"value": 4} to topic topic-b2276542_e620_4335_8269_83edeffa3493
2025-08-13 16:42:38,718 INFO  [io.api.tes.ser.api.KafkaSerdesTester] (Thread-651) Sending message {"active": false} to topic topic-b2276542_e620_4335_8269_83edeffa3493
2025-08-13 16:42:38,720 INFO  [io.api.tes.ser.api.KafkaSerdesTester] (Thread-651) Sending message {"id": "record-6"} to topic topic-b2276542_e620_4335_8269_83edeffa3493
2025-08-13 16:42:38,723 INFO  [io.api.tes.ser.api.KafkaSerdesTester] (Thread-651) Sending message {"value": 7} to topic topic-b2276542_e620_4335_8269_83edeffa3493
2025-08-13 16:42:38,725 INFO  [io.api.tes.ser.api.KafkaSerdesTester] (Thread-651) Sending message {"active": true} to topic topic-b2276542_e620_4335_8269_83edeffa3493
2025-08-13 16:42:38,726 INFO  [io.api.tes.ser.api.KafkaSerdesTester] (Thread-651) Sending message {"id": "record-9"} to topic topic-b2276542_e620_4335_8269_83edeffa3493
2025-08-13 16:42:38,728 INFO  [io.api.tes.ser.api.KafkaSerdesTester] (Thread-651) Produced 10 messages
2025-08-13 16:42:38,728 INFO  [org.apa.kaf.cli.pro.KafkaProducer] (Thread-651) [Producer clientId=Producer-topic-b2276542_e620_4335_8269_83edeffa3493] Closing the Kafka producer with timeoutMillis = 9223372036854775807 ms.
2025-08-13 16:42:38,730 INFO  [org.apa.kaf.com.met.Metrics] (Thread-651) Metrics scheduler closed
2025-08-13 16:42:38,730 INFO  [org.apa.kaf.com.met.Metrics] (Thread-651) Closing reporter org.apache.kafka.common.metrics.JmxReporter
2025-08-13 16:42:38,730 INFO  [org.apa.kaf.com.met.Metrics] (Thread-651) Closing reporter org.apache.kafka.common.telemetry.internals.ClientTelemetryReporter
2025-08-13 16:42:38,730 INFO  [org.apa.kaf.com.met.Metrics] (Thread-651) Metrics reporters closed
2025-08-13 16:42:38,731 INFO  [org.apa.kaf.com.uti.AppInfoParser] (Thread-651) App info kafka.producer for Producer-topic-b2276542_e620_4335_8269_83edeffa3493 unregistered
2025-08-13 16:42:38,816 INFO  [io.api.tes.ser.api.AvroSerdeIT] (main) Artifact topic-b2276542_e620_4335_8269_83edeffa3493-value found in registry with globalId 25
**** Registry Base URL: http://registry-app-mysql.apps.ci419.apicurio-testing.org:80
2025-08-13 16:42:38,816 INFO  [org.apa.kaf.cli.con.ConsumerConfig] (main) ConsumerConfig values: 
	allow.auto.create.topics = true
	auto.commit.interval.ms = 500
	auto.include.jmx.reporter = true
	auto.offset.reset = earliest
	bootstrap.servers = [PLAINTEXT://localhost:32769]
	check.crcs = true
	client.dns.lookup = use_all_dns_ips
	client.id = consumer-Consumer-topic-b2276542_e620_4335_8269_83edeffa3493-8
	client.rack = 
	connections.max.idle.ms = 10000
	default.api.timeout.ms = 60000
	enable.auto.commit = true
	enable.metrics.push = true
	exclude.internal.topics = true
	fetch.max.bytes = 52428800
	fetch.max.wait.ms = 500
	fetch.min.bytes = 1
	group.id = Consumer-topic-b2276542_e620_4335_8269_83edeffa3493
	group.instance.id = null
	group.protocol = classic
	group.remote.assignor = null
	heartbeat.interval.ms = 3000
	interceptor.classes = []
	internal.leave.group.on.close = true
	internal.throw.on.fetch.stable.offset.unsupported = false
	isolation.level = read_uncommitted
	key.deserializer = class org.apache.kafka.common.serialization.StringDeserializer
	max.partition.fetch.bytes = 1048576
	max.poll.interval.ms = 300000
	max.poll.records = 500
	metadata.max.age.ms = 300000
	metadata.recovery.strategy = none
	metric.reporters = []
	metrics.num.samples = 2
	metrics.recording.level = INFO
	metrics.sample.window.ms = 30000
	partition.assignment.strategy = [class org.apache.kafka.clients.consumer.RangeAssignor, class org.apache.kafka.clients.consumer.CooperativeStickyAssignor]
	receive.buffer.bytes = 65536
	reconnect.backoff.max.ms = 1000
	reconnect.backoff.ms = 50
	request.timeout.ms = 5000
	retry.backoff.max.ms = 1000
	retry.backoff.ms = 100
	sasl.client.callback.handler.class = null
	sasl.jaas.config = null
	sasl.kerberos.kinit.cmd = /usr/bin/kinit
	sasl.kerberos.min.time.before.relogin = 60000
	sasl.kerberos.service.name = null
	sasl.kerberos.ticket.renew.jitter = 0.05
	sasl.kerberos.ticket.renew.window.factor = 0.8
	sasl.login.callback.handler.class = null
	sasl.login.class = null
	sasl.login.connect.timeout.ms = null
	sasl.login.read.timeout.ms = null
	sasl.login.refresh.buffer.seconds = 300
	sasl.login.refresh.min.period.seconds = 60
	sasl.login.refresh.window.factor = 0.8
	sasl.login.refresh.window.jitter = 0.05
	sasl.login.retry.backoff.max.ms = 10000
	sasl.login.retry.backoff.ms = 100
	sasl.mechanism = GSSAPI
	sasl.oauthbearer.clock.skew.seconds = 30
	sasl.oauthbearer.expected.audience = null
	sasl.oauthbearer.expected.issuer = null
	sasl.oauthbearer.header.urlencode = false
	sasl.oauthbearer.jwks.endpoint.refresh.ms = 3600000
	sasl.oauthbearer.jwks.endpoint.retry.backoff.max.ms = 10000
	sasl.oauthbearer.jwks.endpoint.retry.backoff.ms = 100
	sasl.oauthbearer.jwks.endpoint.url = null
	sasl.oauthbearer.scope.claim.name = scope
	sasl.oauthbearer.sub.claim.name = sub
	sasl.oauthbearer.token.endpoint.url = null
	security.protocol = PLAINTEXT
	security.providers = null
	send.buffer.bytes = 131072
	session.timeout.ms = 45000
	socket.connection.setup.timeout.max.ms = 30000
	socket.connection.setup.timeout.ms = 10000
	ssl.cipher.suites = null
	ssl.enabled.protocols = [TLSv1.2, TLSv1.3]
	ssl.endpoint.identification.algorithm = https
	ssl.engine.factory.class = null
	ssl.key.password = null
	ssl.keymanager.algorithm = SunX509
	ssl.keystore.certificate.chain = null
	ssl.keystore.key = null
	ssl.keystore.location = null
	ssl.keystore.password = null
	ssl.keystore.type = JKS
	ssl.protocol = TLSv1.3
	ssl.provider = null
	ssl.secure.random.implementation = null
	ssl.trustmanager.algorithm = PKIX
	ssl.truststore.certificates = null
	ssl.truststore.location = null
	ssl.truststore.password = null
	ssl.truststore.type = JKS
	value.deserializer = class io.apicurio.registry.serde.avro.AvroKafkaDeserializer

2025-08-13 16:42:38,817 INFO  [org.apa.kaf.com.tel.int.KafkaMetricsCollector] (main) initializing Kafka metrics collector
2025-08-13 16:42:38,821 INFO  [org.apa.kaf.cli.con.ConsumerConfig] (main) These configurations '[apicurio.registry.url]' were supplied but are not used yet.
2025-08-13 16:42:38,821 INFO  [org.apa.kaf.com.uti.AppInfoParser] (main) Kafka version: 3.9.1
2025-08-13 16:42:38,821 INFO  [org.apa.kaf.com.uti.AppInfoParser] (main) Kafka commitId: f745dfdcee2b9851
2025-08-13 16:42:38,821 INFO  [org.apa.kaf.com.uti.AppInfoParser] (main) Kafka startTimeMs: 1755103358821
2025-08-13 16:42:38,821 INFO  [org.apa.kaf.cli.con.int.ClassicKafkaConsumer] (Thread-654) [Consumer clientId=consumer-Consumer-topic-b2276542_e620_4335_8269_83edeffa3493-8, groupId=Consumer-topic-b2276542_e620_4335_8269_83edeffa3493] Subscribed to topic(s): topic-b2276542_e620_4335_8269_83edeffa3493
2025-08-13 16:42:38,825 INFO  [org.apa.kaf.cli.Metadata] (Thread-654) [Consumer clientId=consumer-Consumer-topic-b2276542_e620_4335_8269_83edeffa3493-8, groupId=Consumer-topic-b2276542_e620_4335_8269_83edeffa3493] Cluster ID: qKHj6WxtSVqL2ounD9m8uw
2025-08-13 16:42:38,826 INFO  [org.apa.kaf.cli.con.int.ConsumerCoordinator] (Thread-654) [Consumer clientId=consumer-Consumer-topic-b2276542_e620_4335_8269_83edeffa3493-8, groupId=Consumer-topic-b2276542_e620_4335_8269_83edeffa3493] Discovered group coordinator localhost:32769 (id: 2147483647 rack: null)
2025-08-13 16:42:38,828 INFO  [org.apa.kaf.cli.con.int.ConsumerCoordinator] (Thread-654) [Consumer clientId=consumer-Consumer-topic-b2276542_e620_4335_8269_83edeffa3493-8, groupId=Consumer-topic-b2276542_e620_4335_8269_83edeffa3493] (Re-)joining group
2025-08-13 16:42:38,833 INFO  [org.apa.kaf.cli.con.int.ConsumerCoordinator] (Thread-654) [Consumer clientId=consumer-Consumer-topic-b2276542_e620_4335_8269_83edeffa3493-8, groupId=Consumer-topic-b2276542_e620_4335_8269_83edeffa3493] Request joining group due to: need to re-join with the given member-id: consumer-Consumer-topic-b2276542_e620_4335_8269_83edeffa3493-8-c0a2eacb-94ec-4d33-8602-06b7484b82ba
2025-08-13 16:42:38,833 INFO  [org.apa.kaf.cli.con.int.ConsumerCoordinator] (Thread-654) [Consumer clientId=consumer-Consumer-topic-b2276542_e620_4335_8269_83edeffa3493-8, groupId=Consumer-topic-b2276542_e620_4335_8269_83edeffa3493] (Re-)joining group
2025-08-13 16:42:39,821 INFO  [io.api.tes.ser.api.KafkaSerdesTester] (Thread-654) None found
2025-08-13 16:42:40,821 INFO  [io.api.tes.ser.api.KafkaSerdesTester] (Thread-654) None found
2025-08-13 16:42:41,822 INFO  [io.api.tes.ser.api.KafkaSerdesTester] (Thread-654) None found
2025-08-13 16:42:41,836 INFO  [org.apa.kaf.cli.con.int.ConsumerCoordinator] (Thread-654) [Consumer clientId=consumer-Consumer-topic-b2276542_e620_4335_8269_83edeffa3493-8, groupId=Consumer-topic-b2276542_e620_4335_8269_83edeffa3493] Successfully joined group with generation Generation{generationId=1, memberId='consumer-Consumer-topic-b2276542_e620_4335_8269_83edeffa3493-8-c0a2eacb-94ec-4d33-8602-06b7484b82ba', protocol='range'}
2025-08-13 16:42:41,837 INFO  [org.apa.kaf.cli.con.int.ConsumerCoordinator] (Thread-654) [Consumer clientId=consumer-Consumer-topic-b2276542_e620_4335_8269_83edeffa3493-8, groupId=Consumer-topic-b2276542_e620_4335_8269_83edeffa3493] Finished assignment for group at generation 1: {consumer-Consumer-topic-b2276542_e620_4335_8269_83edeffa3493-8-c0a2eacb-94ec-4d33-8602-06b7484b82ba=Assignment(partitions=[topic-b2276542_e620_4335_8269_83edeffa3493-0])}
2025-08-13 16:42:41,844 INFO  [org.apa.kaf.cli.con.int.ConsumerCoordinator] (Thread-654) [Consumer clientId=consumer-Consumer-topic-b2276542_e620_4335_8269_83edeffa3493-8, groupId=Consumer-topic-b2276542_e620_4335_8269_83edeffa3493] Successfully synced group in generation Generation{generationId=1, memberId='consumer-Consumer-topic-b2276542_e620_4335_8269_83edeffa3493-8-c0a2eacb-94ec-4d33-8602-06b7484b82ba', protocol='range'}
2025-08-13 16:42:41,844 INFO  [org.apa.kaf.cli.con.int.ConsumerCoordinator] (Thread-654) [Consumer clientId=consumer-Consumer-topic-b2276542_e620_4335_8269_83edeffa3493-8, groupId=Consumer-topic-b2276542_e620_4335_8269_83edeffa3493] Notifying assignor about the new Assignment(partitions=[topic-b2276542_e620_4335_8269_83edeffa3493-0])
2025-08-13 16:42:41,844 INFO  [org.apa.kaf.cli.con.int.ConsumerRebalanceListenerInvoker] (Thread-654) [Consumer clientId=consumer-Consumer-topic-b2276542_e620_4335_8269_83edeffa3493-8, groupId=Consumer-topic-b2276542_e620_4335_8269_83edeffa3493] Adding newly assigned partitions: topic-b2276542_e620_4335_8269_83edeffa3493-0
2025-08-13 16:42:41,847 INFO  [org.apa.kaf.cli.con.int.ConsumerCoordinator] (Thread-654) [Consumer clientId=consumer-Consumer-topic-b2276542_e620_4335_8269_83edeffa3493-8, groupId=Consumer-topic-b2276542_e620_4335_8269_83edeffa3493] Found no committed offset for partition topic-b2276542_e620_4335_8269_83edeffa3493-0
2025-08-13 16:42:41,853 INFO  [org.apa.kaf.cli.con.int.SubscriptionState] (Thread-654) [Consumer clientId=consumer-Consumer-topic-b2276542_e620_4335_8269_83edeffa3493-8, groupId=Consumer-topic-b2276542_e620_4335_8269_83edeffa3493] Resetting offset for partition topic-b2276542_e620_4335_8269_83edeffa3493-0 to position FetchPosition{offset=0, offsetEpoch=Optional.empty, currentLeader=LeaderAndEpoch{leader=Optional[localhost:32769 (id: 0 rack: null)], epoch=0}}.
2025-08-13 16:42:42,443 INFO  [io.api.tes.ser.api.KafkaSerdesTester] (Thread-654) topic-b2276542_e620_4335_8269_83edeffa3493 0 0 {"id": "record-0"}
2025-08-13 16:42:42,443 INFO  [io.api.tes.ser.api.KafkaSerdesTester] (Thread-654) topic-b2276542_e620_4335_8269_83edeffa3493 0 1 {"value": 1}
2025-08-13 16:42:42,443 INFO  [io.api.tes.ser.api.KafkaSerdesTester] (Thread-654) topic-b2276542_e620_4335_8269_83edeffa3493 0 2 {"active": true}
2025-08-13 16:42:42,443 INFO  [io.api.tes.ser.api.KafkaSerdesTester] (Thread-654) topic-b2276542_e620_4335_8269_83edeffa3493 0 3 {"id": "record-3"}
2025-08-13 16:42:42,443 INFO  [io.api.tes.ser.api.KafkaSerdesTester] (Thread-654) topic-b2276542_e620_4335_8269_83edeffa3493 0 4 {"value": 4}
2025-08-13 16:42:42,443 INFO  [io.api.tes.ser.api.KafkaSerdesTester] (Thread-654) topic-b2276542_e620_4335_8269_83edeffa3493 0 5 {"active": false}
2025-08-13 16:42:42,445 INFO  [io.api.tes.ser.api.KafkaSerdesTester] (Thread-654) topic-b2276542_e620_4335_8269_83edeffa3493 0 6 {"id": "record-6"}
2025-08-13 16:42:42,445 INFO  [io.api.tes.ser.api.KafkaSerdesTester] (Thread-654) topic-b2276542_e620_4335_8269_83edeffa3493 0 7 {"value": 7}
2025-08-13 16:42:42,445 INFO  [io.api.tes.ser.api.KafkaSerdesTester] (Thread-654) topic-b2276542_e620_4335_8269_83edeffa3493 0 8 {"active": true}
2025-08-13 16:42:42,445 INFO  [io.api.tes.ser.api.KafkaSerdesTester] (Thread-654) topic-b2276542_e620_4335_8269_83edeffa3493 0 9 {"id": "record-9"}
2025-08-13 16:42:42,445 INFO  [io.api.tes.ser.api.KafkaSerdesTester] (Thread-654) Consumed 10 messages
2025-08-13 16:42:42,452 INFO  [org.apa.kaf.cli.con.int.ConsumerRebalanceListenerInvoker] (Thread-654) [Consumer clientId=consumer-Consumer-topic-b2276542_e620_4335_8269_83edeffa3493-8, groupId=Consumer-topic-b2276542_e620_4335_8269_83edeffa3493] Revoke previously assigned partitions topic-b2276542_e620_4335_8269_83edeffa3493-0
2025-08-13 16:42:42,452 INFO  [org.apa.kaf.cli.con.int.ConsumerCoordinator] (Thread-654) [Consumer clientId=consumer-Consumer-topic-b2276542_e620_4335_8269_83edeffa3493-8, groupId=Consumer-topic-b2276542_e620_4335_8269_83edeffa3493] Member consumer-Consumer-topic-b2276542_e620_4335_8269_83edeffa3493-8-c0a2eacb-94ec-4d33-8602-06b7484b82ba sending LeaveGroup request to coordinator localhost:32769 (id: 2147483647 rack: null) due to the consumer is being closed
2025-08-13 16:42:42,453 INFO  [org.apa.kaf.cli.con.int.ConsumerCoordinator] (Thread-654) [Consumer clientId=consumer-Consumer-topic-b2276542_e620_4335_8269_83edeffa3493-8, groupId=Consumer-topic-b2276542_e620_4335_8269_83edeffa3493] Resetting generation and member id due to: consumer pro-actively leaving the group
2025-08-13 16:42:42,453 INFO  [org.apa.kaf.cli.con.int.ConsumerCoordinator] (Thread-654) [Consumer clientId=consumer-Consumer-topic-b2276542_e620_4335_8269_83edeffa3493-8, groupId=Consumer-topic-b2276542_e620_4335_8269_83edeffa3493] Request joining group due to: consumer pro-actively leaving the group
2025-08-13 16:42:42,947 INFO  [org.apa.kaf.com.met.Metrics] (Thread-654) Metrics scheduler closed
2025-08-13 16:42:42,947 INFO  [org.apa.kaf.com.met.Metrics] (Thread-654) Closing reporter org.apache.kafka.common.metrics.JmxReporter
2025-08-13 16:42:42,947 INFO  [org.apa.kaf.com.met.Metrics] (Thread-654) Closing reporter org.apache.kafka.common.telemetry.internals.ClientTelemetryReporter
2025-08-13 16:42:42,947 INFO  [org.apa.kaf.com.met.Metrics] (Thread-654) Metrics reporters closed
2025-08-13 16:42:42,949 INFO  [org.apa.kaf.com.uti.AppInfoParser] (Thread-654) App info kafka.consumer for consumer-Consumer-topic-b2276542_e620_4335_8269_83edeffa3493-8 unregistered
2025-08-13 16:42:42,951 INFO  [io.api.tes.uti.TestSeparator] (main) io.apicurio.tests.serdes.apicurio.AvroSerdeIT.testAvroUnionWithSpecificReader-FINISHED
2025-08-13 16:42:42,951 INFO  [io.api.tes.uti.TestSeparator] (main) ############################################################################
Test passed: testAvroUnionWithSpecificReader
]]></system-out>
  </testcase>
  <testcase name="testEvolveAvroApicurioReusingClient" classname="io.apicurio.tests.serdes.apicurio.AvroSerdeIT" time="8.227">
    <system-out><![CDATA[2025-08-13 16:42:42,953 INFO  [io.api.tes.uti.TestSeparator] (main) ############################################################################
2025-08-13 16:42:42,953 INFO  [io.api.tes.uti.TestSeparator] (main) io.apicurio.tests.serdes.apicurio.AvroSerdeIT.testEvolveAvroApicurioReusingClient-STARTED
2025-08-13 16:42:42,956 INFO  [io.api.tes.ser.api.AvroSerdeIT] (main) Registering Avro Schema: {"type":"record","name":"s7bf429bcx280dx4c6fx878ax9fdc9d5ed374","namespace":"ns_37609665_d615_46ef_a7cf_61237b836778","fields":[{"name":"key11755103362953","type":"string"}]}
**** Registry Base URL: http://registry-app-mysql.apps.ci419.apicurio-testing.org:80
2025-08-13 16:42:44,162 INFO  [org.apa.kaf.cli.pro.ProducerConfig] (main) ProducerConfig values: 
	acks = -1
	auto.include.jmx.reporter = true
	batch.size = 16384
	bootstrap.servers = [PLAINTEXT://localhost:32769]
	buffer.memory = 33554432
	client.dns.lookup = use_all_dns_ips
	client.id = Producer-topic-10b47bdf_b762_45dc_bc1f_00a9f63a35fd
	compression.gzip.level = -1
	compression.lz4.level = 9
	compression.type = none
	compression.zstd.level = 3
	connections.max.idle.ms = 10000
	delivery.timeout.ms = 120000
	enable.idempotence = true
	enable.metrics.push = true
	interceptor.classes = []
	key.serializer = class org.apache.kafka.common.serialization.StringSerializer
	linger.ms = 0
	max.block.ms = 60000
	max.in.flight.requests.per.connection = 5
	max.request.size = 1048576
	metadata.max.age.ms = 300000
	metadata.max.idle.ms = 300000
	metadata.recovery.strategy = none
	metric.reporters = []
	metrics.num.samples = 2
	metrics.recording.level = INFO
	metrics.sample.window.ms = 30000
	partitioner.adaptive.partitioning.enable = true
	partitioner.availability.timeout.ms = 0
	partitioner.class = null
	partitioner.ignore.keys = false
	receive.buffer.bytes = 32768
	reconnect.backoff.max.ms = 1000
	reconnect.backoff.ms = 50
	request.timeout.ms = 5000
	retries = 2147483647
	retry.backoff.max.ms = 1000
	retry.backoff.ms = 100
	sasl.client.callback.handler.class = null
	sasl.jaas.config = null
	sasl.kerberos.kinit.cmd = /usr/bin/kinit
	sasl.kerberos.min.time.before.relogin = 60000
	sasl.kerberos.service.name = null
	sasl.kerberos.ticket.renew.jitter = 0.05
	sasl.kerberos.ticket.renew.window.factor = 0.8
	sasl.login.callback.handler.class = null
	sasl.login.class = null
	sasl.login.connect.timeout.ms = null
	sasl.login.read.timeout.ms = null
	sasl.login.refresh.buffer.seconds = 300
	sasl.login.refresh.min.period.seconds = 60
	sasl.login.refresh.window.factor = 0.8
	sasl.login.refresh.window.jitter = 0.05
	sasl.login.retry.backoff.max.ms = 10000
	sasl.login.retry.backoff.ms = 100
	sasl.mechanism = GSSAPI
	sasl.oauthbearer.clock.skew.seconds = 30
	sasl.oauthbearer.expected.audience = null
	sasl.oauthbearer.expected.issuer = null
	sasl.oauthbearer.header.urlencode = false
	sasl.oauthbearer.jwks.endpoint.refresh.ms = 3600000
	sasl.oauthbearer.jwks.endpoint.retry.backoff.max.ms = 10000
	sasl.oauthbearer.jwks.endpoint.retry.backoff.ms = 100
	sasl.oauthbearer.jwks.endpoint.url = null
	sasl.oauthbearer.scope.claim.name = scope
	sasl.oauthbearer.sub.claim.name = sub
	sasl.oauthbearer.token.endpoint.url = null
	security.protocol = PLAINTEXT
	security.providers = null
	send.buffer.bytes = 131072
	socket.connection.setup.timeout.max.ms = 30000
	socket.connection.setup.timeout.ms = 10000
	ssl.cipher.suites = null
	ssl.enabled.protocols = [TLSv1.2, TLSv1.3]
	ssl.endpoint.identification.algorithm = https
	ssl.engine.factory.class = null
	ssl.key.password = null
	ssl.keymanager.algorithm = SunX509
	ssl.keystore.certificate.chain = null
	ssl.keystore.key = null
	ssl.keystore.location = null
	ssl.keystore.password = null
	ssl.keystore.type = JKS
	ssl.protocol = TLSv1.3
	ssl.provider = null
	ssl.secure.random.implementation = null
	ssl.trustmanager.algorithm = PKIX
	ssl.truststore.certificates = null
	ssl.truststore.location = null
	ssl.truststore.password = null
	ssl.truststore.type = JKS
	transaction.timeout.ms = 60000
	transactional.id = null
	value.serializer = class io.apicurio.registry.serde.avro.AvroKafkaSerializer

2025-08-13 16:42:44,162 INFO  [org.apa.kaf.com.tel.int.KafkaMetricsCollector] (main) initializing Kafka metrics collector
2025-08-13 16:42:44,165 INFO  [org.apa.kaf.cli.pro.KafkaProducer] (main) [Producer clientId=Producer-topic-10b47bdf_b762_45dc_bc1f_00a9f63a35fd] Instantiated an idempotent producer.
2025-08-13 16:42:44,167 INFO  [org.apa.kaf.cli.pro.ProducerConfig] (main) These configurations '[apicurio.registry.url, apicurio.registry.artifact-resolver-strategy]' were supplied but are not used yet.
2025-08-13 16:42:44,167 INFO  [org.apa.kaf.com.uti.AppInfoParser] (main) Kafka version: 3.9.1
2025-08-13 16:42:44,167 INFO  [org.apa.kaf.com.uti.AppInfoParser] (main) Kafka commitId: f745dfdcee2b9851
2025-08-13 16:42:44,167 INFO  [org.apa.kaf.com.uti.AppInfoParser] (main) Kafka startTimeMs: 1755103364167
**** Registry Base URL: http://registry-app-mysql.apps.ci419.apicurio-testing.org:80
2025-08-13 16:42:44,168 INFO  [org.apa.kaf.cli.con.ConsumerConfig] (main) ConsumerConfig values: 
	allow.auto.create.topics = true
	auto.commit.interval.ms = 500
	auto.include.jmx.reporter = true
	auto.offset.reset = earliest
	bootstrap.servers = [PLAINTEXT://localhost:32769]
	check.crcs = true
	client.dns.lookup = use_all_dns_ips
	client.id = consumer-Consumer-topic-10b47bdf_b762_45dc_bc1f_00a9f63a35fd-9
	client.rack = 
	connections.max.idle.ms = 10000
	default.api.timeout.ms = 60000
	enable.auto.commit = true
	enable.metrics.push = true
	exclude.internal.topics = true
	fetch.max.bytes = 52428800
	fetch.max.wait.ms = 500
	fetch.min.bytes = 1
	group.id = Consumer-topic-10b47bdf_b762_45dc_bc1f_00a9f63a35fd
	group.instance.id = null
	group.protocol = classic
	group.remote.assignor = null
	heartbeat.interval.ms = 3000
	interceptor.classes = []
	internal.leave.group.on.close = true
	internal.throw.on.fetch.stable.offset.unsupported = false
	isolation.level = read_uncommitted
	key.deserializer = class org.apache.kafka.common.serialization.StringDeserializer
	max.partition.fetch.bytes = 1048576
	max.poll.interval.ms = 300000
	max.poll.records = 500
	metadata.max.age.ms = 300000
	metadata.recovery.strategy = none
	metric.reporters = []
	metrics.num.samples = 2
	metrics.recording.level = INFO
	metrics.sample.window.ms = 30000
	partition.assignment.strategy = [class org.apache.kafka.clients.consumer.RangeAssignor, class org.apache.kafka.clients.consumer.CooperativeStickyAssignor]
	receive.buffer.bytes = 65536
	reconnect.backoff.max.ms = 1000
	reconnect.backoff.ms = 50
	request.timeout.ms = 5000
	retry.backoff.max.ms = 1000
	retry.backoff.ms = 100
	sasl.client.callback.handler.class = null
	sasl.jaas.config = null
	sasl.kerberos.kinit.cmd = /usr/bin/kinit
	sasl.kerberos.min.time.before.relogin = 60000
	sasl.kerberos.service.name = null
	sasl.kerberos.ticket.renew.jitter = 0.05
	sasl.kerberos.ticket.renew.window.factor = 0.8
	sasl.login.callback.handler.class = null
	sasl.login.class = null
	sasl.login.connect.timeout.ms = null
	sasl.login.read.timeout.ms = null
	sasl.login.refresh.buffer.seconds = 300
	sasl.login.refresh.min.period.seconds = 60
	sasl.login.refresh.window.factor = 0.8
	sasl.login.refresh.window.jitter = 0.05
	sasl.login.retry.backoff.max.ms = 10000
	sasl.login.retry.backoff.ms = 100
	sasl.mechanism = GSSAPI
	sasl.oauthbearer.clock.skew.seconds = 30
	sasl.oauthbearer.expected.audience = null
	sasl.oauthbearer.expected.issuer = null
	sasl.oauthbearer.header.urlencode = false
	sasl.oauthbearer.jwks.endpoint.refresh.ms = 3600000
	sasl.oauthbearer.jwks.endpoint.retry.backoff.max.ms = 10000
	sasl.oauthbearer.jwks.endpoint.retry.backoff.ms = 100
	sasl.oauthbearer.jwks.endpoint.url = null
	sasl.oauthbearer.scope.claim.name = scope
	sasl.oauthbearer.sub.claim.name = sub
	sasl.oauthbearer.token.endpoint.url = null
	security.protocol = PLAINTEXT
	security.providers = null
	send.buffer.bytes = 131072
	session.timeout.ms = 45000
	socket.connection.setup.timeout.max.ms = 30000
	socket.connection.setup.timeout.ms = 10000
	ssl.cipher.suites = null
	ssl.enabled.protocols = [TLSv1.2, TLSv1.3]
	ssl.endpoint.identification.algorithm = https
	ssl.engine.factory.class = null
	ssl.key.password = null
	ssl.keymanager.algorithm = SunX509
	ssl.keystore.certificate.chain = null
	ssl.keystore.key = null
	ssl.keystore.location = null
	ssl.keystore.password = null
	ssl.keystore.type = JKS
	ssl.protocol = TLSv1.3
	ssl.provider = null
	ssl.secure.random.implementation = null
	ssl.trustmanager.algorithm = PKIX
	ssl.truststore.certificates = null
	ssl.truststore.location = null
	ssl.truststore.password = null
	ssl.truststore.type = JKS
	value.deserializer = class io.apicurio.registry.serde.avro.AvroKafkaDeserializer

2025-08-13 16:42:44,168 INFO  [org.apa.kaf.com.tel.int.KafkaMetricsCollector] (main) initializing Kafka metrics collector
2025-08-13 16:42:44,175 INFO  [org.apa.kaf.cli.Metadata] (kafka-producer-network-thread | Producer-topic-10b47bdf_b762_45dc_bc1f_00a9f63a35fd) [Producer clientId=Producer-topic-10b47bdf_b762_45dc_bc1f_00a9f63a35fd] Cluster ID: qKHj6WxtSVqL2ounD9m8uw
2025-08-13 16:42:44,175 INFO  [org.apa.kaf.cli.pro.int.TransactionManager] (kafka-producer-network-thread | Producer-topic-10b47bdf_b762_45dc_bc1f_00a9f63a35fd) [Producer clientId=Producer-topic-10b47bdf_b762_45dc_bc1f_00a9f63a35fd] ProducerId set to 11 with epoch 0
2025-08-13 16:42:44,180 INFO  [org.apa.kaf.cli.con.ConsumerConfig] (main) These configurations '[apicurio.registry.url]' were supplied but are not used yet.
2025-08-13 16:42:44,180 INFO  [org.apa.kaf.com.uti.AppInfoParser] (main) Kafka version: 3.9.1
2025-08-13 16:42:44,180 INFO  [org.apa.kaf.com.uti.AppInfoParser] (main) Kafka commitId: f745dfdcee2b9851
2025-08-13 16:42:44,180 INFO  [org.apa.kaf.com.uti.AppInfoParser] (main) Kafka startTimeMs: 1755103364180
2025-08-13 16:42:44,187 INFO  [io.api.tes.ser.api.KafkaSerdesTester] (Thread-659) Sending message {"key11755103362953": "value-0"} to topic topic-10b47bdf_b762_45dc_bc1f_00a9f63a35fd
2025-08-13 16:42:44,197 INFO  [DefaultSchemaResolver] (Thread-659) Retrieving schema content using string: {"type":"record","name":"s7bf429bcx280dx4c6fx878ax9fdc9d5ed374","namespace":"ns_37609665_d615_46ef_a7cf_61237b836778","fields":[{"name":"key11755103362953","type":"string"}]}
2025-08-13 16:42:44,360 INFO  [io.api.tes.ser.api.KafkaSerdesTester] (Thread-659) Sending message {"key11755103362953": "value-1"} to topic topic-10b47bdf_b762_45dc_bc1f_00a9f63a35fd
2025-08-13 16:42:44,362 INFO  [io.api.tes.ser.api.KafkaSerdesTester] (Thread-659) Sending message {"key11755103362953": "value-2"} to topic topic-10b47bdf_b762_45dc_bc1f_00a9f63a35fd
2025-08-13 16:42:44,363 INFO  [io.api.tes.ser.api.KafkaSerdesTester] (Thread-659) Sending message {"key11755103362953": "value-3"} to topic topic-10b47bdf_b762_45dc_bc1f_00a9f63a35fd
2025-08-13 16:42:44,366 INFO  [io.api.tes.ser.api.KafkaSerdesTester] (Thread-659) Sending message {"key11755103362953": "value-4"} to topic topic-10b47bdf_b762_45dc_bc1f_00a9f63a35fd
2025-08-13 16:42:44,369 INFO  [io.api.tes.ser.api.KafkaSerdesTester] (Thread-659) Sending message {"key11755103362953": "value-5"} to topic topic-10b47bdf_b762_45dc_bc1f_00a9f63a35fd
2025-08-13 16:42:44,372 INFO  [io.api.tes.ser.api.KafkaSerdesTester] (Thread-659) Sending message {"key11755103362953": "value-6"} to topic topic-10b47bdf_b762_45dc_bc1f_00a9f63a35fd
2025-08-13 16:42:44,373 INFO  [io.api.tes.ser.api.KafkaSerdesTester] (Thread-659) Sending message {"key11755103362953": "value-7"} to topic topic-10b47bdf_b762_45dc_bc1f_00a9f63a35fd
2025-08-13 16:42:44,375 INFO  [io.api.tes.ser.api.KafkaSerdesTester] (Thread-659) Sending message {"key11755103362953": "value-8"} to topic topic-10b47bdf_b762_45dc_bc1f_00a9f63a35fd
2025-08-13 16:42:44,378 INFO  [io.api.tes.ser.api.KafkaSerdesTester] (Thread-659) Sending message {"key11755103362953": "value-9"} to topic topic-10b47bdf_b762_45dc_bc1f_00a9f63a35fd
2025-08-13 16:42:44,380 INFO  [io.api.tes.ser.api.KafkaSerdesTester] (Thread-659) Produced 10 messages
2025-08-13 16:42:44,380 INFO  [org.apa.kaf.cli.con.int.ClassicKafkaConsumer] (Thread-660) [Consumer clientId=consumer-Consumer-topic-10b47bdf_b762_45dc_bc1f_00a9f63a35fd-9, groupId=Consumer-topic-10b47bdf_b762_45dc_bc1f_00a9f63a35fd] Subscribed to topic(s): topic-10b47bdf_b762_45dc_bc1f_00a9f63a35fd
2025-08-13 16:42:44,386 INFO  [org.apa.kaf.cli.Metadata] (Thread-660) [Consumer clientId=consumer-Consumer-topic-10b47bdf_b762_45dc_bc1f_00a9f63a35fd-9, groupId=Consumer-topic-10b47bdf_b762_45dc_bc1f_00a9f63a35fd] Cluster ID: qKHj6WxtSVqL2ounD9m8uw
2025-08-13 16:42:44,387 INFO  [org.apa.kaf.cli.con.int.ConsumerCoordinator] (Thread-660) [Consumer clientId=consumer-Consumer-topic-10b47bdf_b762_45dc_bc1f_00a9f63a35fd-9, groupId=Consumer-topic-10b47bdf_b762_45dc_bc1f_00a9f63a35fd] Discovered group coordinator localhost:32769 (id: 2147483647 rack: null)
2025-08-13 16:42:44,389 INFO  [org.apa.kaf.cli.con.int.ConsumerCoordinator] (Thread-660) [Consumer clientId=consumer-Consumer-topic-10b47bdf_b762_45dc_bc1f_00a9f63a35fd-9, groupId=Consumer-topic-10b47bdf_b762_45dc_bc1f_00a9f63a35fd] (Re-)joining group
2025-08-13 16:42:44,392 INFO  [org.apa.kaf.cli.con.int.ConsumerCoordinator] (Thread-660) [Consumer clientId=consumer-Consumer-topic-10b47bdf_b762_45dc_bc1f_00a9f63a35fd-9, groupId=Consumer-topic-10b47bdf_b762_45dc_bc1f_00a9f63a35fd] Request joining group due to: need to re-join with the given member-id: consumer-Consumer-topic-10b47bdf_b762_45dc_bc1f_00a9f63a35fd-9-72e9f58b-086b-447b-923d-1047899ec55b
2025-08-13 16:42:44,392 INFO  [org.apa.kaf.cli.con.int.ConsumerCoordinator] (Thread-660) [Consumer clientId=consumer-Consumer-topic-10b47bdf_b762_45dc_bc1f_00a9f63a35fd-9, groupId=Consumer-topic-10b47bdf_b762_45dc_bc1f_00a9f63a35fd] (Re-)joining group
2025-08-13 16:42:45,381 INFO  [io.api.tes.ser.api.KafkaSerdesTester] (Thread-660) None found
2025-08-13 16:42:46,381 INFO  [io.api.tes.ser.api.KafkaSerdesTester] (Thread-660) None found
2025-08-13 16:42:47,381 INFO  [io.api.tes.ser.api.KafkaSerdesTester] (Thread-660) None found
2025-08-13 16:42:47,394 INFO  [org.apa.kaf.cli.con.int.ConsumerCoordinator] (Thread-660) [Consumer clientId=consumer-Consumer-topic-10b47bdf_b762_45dc_bc1f_00a9f63a35fd-9, groupId=Consumer-topic-10b47bdf_b762_45dc_bc1f_00a9f63a35fd] Successfully joined group with generation Generation{generationId=1, memberId='consumer-Consumer-topic-10b47bdf_b762_45dc_bc1f_00a9f63a35fd-9-72e9f58b-086b-447b-923d-1047899ec55b', protocol='range'}
2025-08-13 16:42:47,394 INFO  [org.apa.kaf.cli.con.int.ConsumerCoordinator] (Thread-660) [Consumer clientId=consumer-Consumer-topic-10b47bdf_b762_45dc_bc1f_00a9f63a35fd-9, groupId=Consumer-topic-10b47bdf_b762_45dc_bc1f_00a9f63a35fd] Finished assignment for group at generation 1: {consumer-Consumer-topic-10b47bdf_b762_45dc_bc1f_00a9f63a35fd-9-72e9f58b-086b-447b-923d-1047899ec55b=Assignment(partitions=[topic-10b47bdf_b762_45dc_bc1f_00a9f63a35fd-0])}
2025-08-13 16:42:47,401 INFO  [org.apa.kaf.cli.con.int.ConsumerCoordinator] (Thread-660) [Consumer clientId=consumer-Consumer-topic-10b47bdf_b762_45dc_bc1f_00a9f63a35fd-9, groupId=Consumer-topic-10b47bdf_b762_45dc_bc1f_00a9f63a35fd] Successfully synced group in generation Generation{generationId=1, memberId='consumer-Consumer-topic-10b47bdf_b762_45dc_bc1f_00a9f63a35fd-9-72e9f58b-086b-447b-923d-1047899ec55b', protocol='range'}
2025-08-13 16:42:47,402 INFO  [org.apa.kaf.cli.con.int.ConsumerCoordinator] (Thread-660) [Consumer clientId=consumer-Consumer-topic-10b47bdf_b762_45dc_bc1f_00a9f63a35fd-9, groupId=Consumer-topic-10b47bdf_b762_45dc_bc1f_00a9f63a35fd] Notifying assignor about the new Assignment(partitions=[topic-10b47bdf_b762_45dc_bc1f_00a9f63a35fd-0])
2025-08-13 16:42:47,402 INFO  [org.apa.kaf.cli.con.int.ConsumerRebalanceListenerInvoker] (Thread-660) [Consumer clientId=consumer-Consumer-topic-10b47bdf_b762_45dc_bc1f_00a9f63a35fd-9, groupId=Consumer-topic-10b47bdf_b762_45dc_bc1f_00a9f63a35fd] Adding newly assigned partitions: topic-10b47bdf_b762_45dc_bc1f_00a9f63a35fd-0
2025-08-13 16:42:47,402 INFO  [org.apa.kaf.cli.con.int.ConsumerCoordinator] (Thread-660) [Consumer clientId=consumer-Consumer-topic-10b47bdf_b762_45dc_bc1f_00a9f63a35fd-9, groupId=Consumer-topic-10b47bdf_b762_45dc_bc1f_00a9f63a35fd] Found no committed offset for partition topic-10b47bdf_b762_45dc_bc1f_00a9f63a35fd-0
2025-08-13 16:42:47,407 INFO  [org.apa.kaf.cli.con.int.SubscriptionState] (Thread-660) [Consumer clientId=consumer-Consumer-topic-10b47bdf_b762_45dc_bc1f_00a9f63a35fd-9, groupId=Consumer-topic-10b47bdf_b762_45dc_bc1f_00a9f63a35fd] Resetting offset for partition topic-10b47bdf_b762_45dc_bc1f_00a9f63a35fd-0 to position FetchPosition{offset=0, offsetEpoch=Optional.empty, currentLeader=LeaderAndEpoch{leader=Optional[localhost:32769 (id: 0 rack: null)], epoch=0}}.
2025-08-13 16:42:47,646 INFO  [io.api.tes.ser.api.KafkaSerdesTester] (Thread-660) topic-10b47bdf_b762_45dc_bc1f_00a9f63a35fd 0 0 {"key11755103362953": "value-0"}
2025-08-13 16:42:47,646 INFO  [io.api.tes.ser.api.KafkaSerdesTester] (Thread-660) topic-10b47bdf_b762_45dc_bc1f_00a9f63a35fd 0 1 {"key11755103362953": "value-1"}
2025-08-13 16:42:47,646 INFO  [io.api.tes.ser.api.KafkaSerdesTester] (Thread-660) topic-10b47bdf_b762_45dc_bc1f_00a9f63a35fd 0 2 {"key11755103362953": "value-2"}
2025-08-13 16:42:47,646 INFO  [io.api.tes.ser.api.KafkaSerdesTester] (Thread-660) topic-10b47bdf_b762_45dc_bc1f_00a9f63a35fd 0 3 {"key11755103362953": "value-3"}
2025-08-13 16:42:47,646 INFO  [io.api.tes.ser.api.KafkaSerdesTester] (Thread-660) topic-10b47bdf_b762_45dc_bc1f_00a9f63a35fd 0 4 {"key11755103362953": "value-4"}
2025-08-13 16:42:47,646 INFO  [io.api.tes.ser.api.KafkaSerdesTester] (Thread-660) topic-10b47bdf_b762_45dc_bc1f_00a9f63a35fd 0 5 {"key11755103362953": "value-5"}
2025-08-13 16:42:47,646 INFO  [io.api.tes.ser.api.KafkaSerdesTester] (Thread-660) topic-10b47bdf_b762_45dc_bc1f_00a9f63a35fd 0 6 {"key11755103362953": "value-6"}
2025-08-13 16:42:47,647 INFO  [io.api.tes.ser.api.KafkaSerdesTester] (Thread-660) topic-10b47bdf_b762_45dc_bc1f_00a9f63a35fd 0 7 {"key11755103362953": "value-7"}
2025-08-13 16:42:47,647 INFO  [io.api.tes.ser.api.KafkaSerdesTester] (Thread-660) topic-10b47bdf_b762_45dc_bc1f_00a9f63a35fd 0 8 {"key11755103362953": "value-8"}
2025-08-13 16:42:47,647 INFO  [io.api.tes.ser.api.KafkaSerdesTester] (Thread-660) topic-10b47bdf_b762_45dc_bc1f_00a9f63a35fd 0 9 {"key11755103362953": "value-9"}
2025-08-13 16:42:47,647 INFO  [io.api.tes.ser.api.KafkaSerdesTester] (Thread-660) Consumed 10 messages
2025-08-13 16:42:47,647 INFO  [io.api.tes.ser.api.AvroSerdeIT] (main) Registering Avro Schema 2: {"type":"record","name":"s7bf429bcx280dx4c6fx878ax9fdc9d5ed374","namespace":"ns_37609665_d615_46ef_a7cf_61237b836778","fields":[{"name":"key11755103362953","type":"string"},{"name":"key21755103367647","type":"string"}]}
2025-08-13 16:42:48,853 INFO  [io.api.tes.ser.api.KafkaSerdesTester] (Thread-661) Sending message {"key11755103362953": "value-0", "key21755103367647": "value-0"} to topic topic-10b47bdf_b762_45dc_bc1f_00a9f63a35fd
2025-08-13 16:42:48,853 INFO  [DefaultSchemaResolver] (Thread-661) Retrieving schema content using string: {"type":"record","name":"s7bf429bcx280dx4c6fx878ax9fdc9d5ed374","namespace":"ns_37609665_d615_46ef_a7cf_61237b836778","fields":[{"name":"key11755103362953","type":"string"},{"name":"key21755103367647","type":"string"}]}
2025-08-13 16:42:48,942 INFO  [io.api.tes.ser.api.KafkaSerdesTester] (Thread-661) Sending message {"key11755103362953": "value-1", "key21755103367647": "value-1"} to topic topic-10b47bdf_b762_45dc_bc1f_00a9f63a35fd
2025-08-13 16:42:48,944 INFO  [io.api.tes.ser.api.KafkaSerdesTester] (Thread-661) Sending message {"key11755103362953": "value-2", "key21755103367647": "value-2"} to topic topic-10b47bdf_b762_45dc_bc1f_00a9f63a35fd
2025-08-13 16:42:48,945 INFO  [io.api.tes.ser.api.KafkaSerdesTester] (Thread-661) Sending message {"key11755103362953": "value-3", "key21755103367647": "value-3"} to topic topic-10b47bdf_b762_45dc_bc1f_00a9f63a35fd
2025-08-13 16:42:48,947 INFO  [io.api.tes.ser.api.KafkaSerdesTester] (Thread-661) Sending message {"key11755103362953": "value-4", "key21755103367647": "value-4"} to topic topic-10b47bdf_b762_45dc_bc1f_00a9f63a35fd
2025-08-13 16:42:48,948 INFO  [io.api.tes.ser.api.KafkaSerdesTester] (Thread-661) Sending message {"key11755103362953": "value-5", "key21755103367647": "value-5"} to topic topic-10b47bdf_b762_45dc_bc1f_00a9f63a35fd
2025-08-13 16:42:48,952 INFO  [io.api.tes.ser.api.KafkaSerdesTester] (Thread-661) Sending message {"key11755103362953": "value-6", "key21755103367647": "value-6"} to topic topic-10b47bdf_b762_45dc_bc1f_00a9f63a35fd
2025-08-13 16:42:48,954 INFO  [io.api.tes.ser.api.KafkaSerdesTester] (Thread-661) Sending message {"key11755103362953": "value-7", "key21755103367647": "value-7"} to topic topic-10b47bdf_b762_45dc_bc1f_00a9f63a35fd
2025-08-13 16:42:48,956 INFO  [io.api.tes.ser.api.KafkaSerdesTester] (Thread-661) Sending message {"key11755103362953": "value-8", "key21755103367647": "value-8"} to topic topic-10b47bdf_b762_45dc_bc1f_00a9f63a35fd
2025-08-13 16:42:48,958 INFO  [io.api.tes.ser.api.KafkaSerdesTester] (Thread-661) Sending message {"key11755103362953": "value-9", "key21755103367647": "value-9"} to topic topic-10b47bdf_b762_45dc_bc1f_00a9f63a35fd
2025-08-13 16:42:48,962 INFO  [io.api.tes.ser.api.KafkaSerdesTester] (Thread-661) Produced 10 messages
2025-08-13 16:42:48,964 INFO  [io.api.tes.ser.api.KafkaSerdesTester] (Thread-662) Sending message {"key11755103362953": "value-0"} to topic topic-10b47bdf_b762_45dc_bc1f_00a9f63a35fd
2025-08-13 16:42:48,968 INFO  [io.api.tes.ser.api.KafkaSerdesTester] (Thread-662) Sending message {"key11755103362953": "value-1"} to topic topic-10b47bdf_b762_45dc_bc1f_00a9f63a35fd
2025-08-13 16:42:48,972 INFO  [io.api.tes.ser.api.KafkaSerdesTester] (Thread-662) Sending message {"key11755103362953": "value-2"} to topic topic-10b47bdf_b762_45dc_bc1f_00a9f63a35fd
2025-08-13 16:42:48,977 INFO  [io.api.tes.ser.api.KafkaSerdesTester] (Thread-662) Sending message {"key11755103362953": "value-3"} to topic topic-10b47bdf_b762_45dc_bc1f_00a9f63a35fd
2025-08-13 16:42:48,979 INFO  [io.api.tes.ser.api.KafkaSerdesTester] (Thread-662) Sending message {"key11755103362953": "value-4"} to topic topic-10b47bdf_b762_45dc_bc1f_00a9f63a35fd
2025-08-13 16:42:48,981 INFO  [io.api.tes.ser.api.KafkaSerdesTester] (Thread-662) Sending message {"key11755103362953": "value-5"} to topic topic-10b47bdf_b762_45dc_bc1f_00a9f63a35fd
2025-08-13 16:42:48,985 INFO  [io.api.tes.ser.api.KafkaSerdesTester] (Thread-662) Sending message {"key11755103362953": "value-6"} to topic topic-10b47bdf_b762_45dc_bc1f_00a9f63a35fd
2025-08-13 16:42:48,987 INFO  [io.api.tes.ser.api.KafkaSerdesTester] (Thread-662) Sending message {"key11755103362953": "value-7"} to topic topic-10b47bdf_b762_45dc_bc1f_00a9f63a35fd
2025-08-13 16:42:48,989 INFO  [io.api.tes.ser.api.KafkaSerdesTester] (Thread-662) Sending message {"key11755103362953": "value-8"} to topic topic-10b47bdf_b762_45dc_bc1f_00a9f63a35fd
2025-08-13 16:42:48,991 INFO  [io.api.tes.ser.api.KafkaSerdesTester] (Thread-662) Sending message {"key11755103362953": "value-9"} to topic topic-10b47bdf_b762_45dc_bc1f_00a9f63a35fd
2025-08-13 16:42:48,992 INFO  [io.api.tes.ser.api.KafkaSerdesTester] (Thread-662) Produced 10 messages
2025-08-13 16:42:48,993 INFO  [org.apa.kaf.cli.con.int.ClassicKafkaConsumer] (Thread-663) [Consumer clientId=consumer-Consumer-topic-10b47bdf_b762_45dc_bc1f_00a9f63a35fd-9, groupId=Consumer-topic-10b47bdf_b762_45dc_bc1f_00a9f63a35fd] Subscribed to topic(s): topic-10b47bdf_b762_45dc_bc1f_00a9f63a35fd
2025-08-13 16:42:49,159 INFO  [io.api.tes.ser.api.KafkaSerdesTester] (Thread-663) topic-10b47bdf_b762_45dc_bc1f_00a9f63a35fd 0 10 {"key11755103362953": "value-0", "key21755103367647": "value-0"}
2025-08-13 16:42:49,159 INFO  [io.api.tes.ser.api.KafkaSerdesTester] (Thread-663) topic-10b47bdf_b762_45dc_bc1f_00a9f63a35fd 0 11 {"key11755103362953": "value-1", "key21755103367647": "value-1"}
2025-08-13 16:42:49,159 INFO  [io.api.tes.ser.api.KafkaSerdesTester] (Thread-663) topic-10b47bdf_b762_45dc_bc1f_00a9f63a35fd 0 12 {"key11755103362953": "value-2", "key21755103367647": "value-2"}
2025-08-13 16:42:49,159 INFO  [io.api.tes.ser.api.KafkaSerdesTester] (Thread-663) topic-10b47bdf_b762_45dc_bc1f_00a9f63a35fd 0 13 {"key11755103362953": "value-3", "key21755103367647": "value-3"}
2025-08-13 16:42:49,159 INFO  [io.api.tes.ser.api.KafkaSerdesTester] (Thread-663) topic-10b47bdf_b762_45dc_bc1f_00a9f63a35fd 0 14 {"key11755103362953": "value-4", "key21755103367647": "value-4"}
2025-08-13 16:42:49,159 INFO  [io.api.tes.ser.api.KafkaSerdesTester] (Thread-663) topic-10b47bdf_b762_45dc_bc1f_00a9f63a35fd 0 15 {"key11755103362953": "value-5", "key21755103367647": "value-5"}
2025-08-13 16:42:49,159 INFO  [io.api.tes.ser.api.KafkaSerdesTester] (Thread-663) topic-10b47bdf_b762_45dc_bc1f_00a9f63a35fd 0 16 {"key11755103362953": "value-6", "key21755103367647": "value-6"}
2025-08-13 16:42:49,159 INFO  [io.api.tes.ser.api.KafkaSerdesTester] (Thread-663) topic-10b47bdf_b762_45dc_bc1f_00a9f63a35fd 0 17 {"key11755103362953": "value-7", "key21755103367647": "value-7"}
2025-08-13 16:42:49,159 INFO  [io.api.tes.ser.api.KafkaSerdesTester] (Thread-663) topic-10b47bdf_b762_45dc_bc1f_00a9f63a35fd 0 18 {"key11755103362953": "value-8", "key21755103367647": "value-8"}
2025-08-13 16:42:49,159 INFO  [io.api.tes.ser.api.KafkaSerdesTester] (Thread-663) topic-10b47bdf_b762_45dc_bc1f_00a9f63a35fd 0 19 {"key11755103362953": "value-9", "key21755103367647": "value-9"}
2025-08-13 16:42:49,159 INFO  [io.api.tes.ser.api.KafkaSerdesTester] (Thread-663) topic-10b47bdf_b762_45dc_bc1f_00a9f63a35fd 0 20 {"key11755103362953": "value-0"}
2025-08-13 16:42:49,159 INFO  [io.api.tes.ser.api.KafkaSerdesTester] (Thread-663) topic-10b47bdf_b762_45dc_bc1f_00a9f63a35fd 0 21 {"key11755103362953": "value-1"}
2025-08-13 16:42:49,159 INFO  [io.api.tes.ser.api.KafkaSerdesTester] (Thread-663) topic-10b47bdf_b762_45dc_bc1f_00a9f63a35fd 0 22 {"key11755103362953": "value-2"}
2025-08-13 16:42:49,160 INFO  [io.api.tes.ser.api.KafkaSerdesTester] (Thread-663) topic-10b47bdf_b762_45dc_bc1f_00a9f63a35fd 0 23 {"key11755103362953": "value-3"}
2025-08-13 16:42:49,160 INFO  [io.api.tes.ser.api.KafkaSerdesTester] (Thread-663) topic-10b47bdf_b762_45dc_bc1f_00a9f63a35fd 0 24 {"key11755103362953": "value-4"}
2025-08-13 16:42:49,160 INFO  [io.api.tes.ser.api.KafkaSerdesTester] (Thread-663) topic-10b47bdf_b762_45dc_bc1f_00a9f63a35fd 0 25 {"key11755103362953": "value-5"}
2025-08-13 16:42:49,160 INFO  [io.api.tes.ser.api.KafkaSerdesTester] (Thread-663) topic-10b47bdf_b762_45dc_bc1f_00a9f63a35fd 0 26 {"key11755103362953": "value-6"}
2025-08-13 16:42:49,160 INFO  [io.api.tes.ser.api.KafkaSerdesTester] (Thread-663) topic-10b47bdf_b762_45dc_bc1f_00a9f63a35fd 0 27 {"key11755103362953": "value-7"}
2025-08-13 16:42:49,160 INFO  [io.api.tes.ser.api.KafkaSerdesTester] (Thread-663) topic-10b47bdf_b762_45dc_bc1f_00a9f63a35fd 0 28 {"key11755103362953": "value-8"}
2025-08-13 16:42:49,161 INFO  [io.api.tes.ser.api.KafkaSerdesTester] (Thread-663) topic-10b47bdf_b762_45dc_bc1f_00a9f63a35fd 0 29 {"key11755103362953": "value-9"}
2025-08-13 16:42:49,161 INFO  [io.api.tes.ser.api.KafkaSerdesTester] (Thread-663) Consumed 20 messages
2025-08-13 16:42:49,162 INFO  [io.api.tes.ser.api.AvroSerdeIT] (main) Registering Avro Schema 3: {"type":"record","name":"s7bf429bcx280dx4c6fx878ax9fdc9d5ed374","namespace":"ns_37609665_d615_46ef_a7cf_61237b836778","fields":[{"name":"key11755103362953","type":"string"},{"name":"key21755103367647","type":"string"},{"name":"key31755103369161","type":"string"}]}
2025-08-13 16:42:50,361 INFO  [io.api.tes.ser.api.KafkaSerdesTester] (Thread-664) Sending message {"key11755103362953": "value-0", "key21755103367647": "value-0", "key31755103369161": "value-0"} to topic topic-10b47bdf_b762_45dc_bc1f_00a9f63a35fd
2025-08-13 16:42:50,362 INFO  [DefaultSchemaResolver] (Thread-664) Retrieving schema content using string: {"type":"record","name":"s7bf429bcx280dx4c6fx878ax9fdc9d5ed374","namespace":"ns_37609665_d615_46ef_a7cf_61237b836778","fields":[{"name":"key11755103362953","type":"string"},{"name":"key21755103367647","type":"string"},{"name":"key31755103369161","type":"string"}]}
2025-08-13 16:42:50,449 INFO  [io.api.tes.ser.api.KafkaSerdesTester] (Thread-664) Sending message {"key11755103362953": "value-1", "key21755103367647": "value-1", "key31755103369161": "value-1"} to topic topic-10b47bdf_b762_45dc_bc1f_00a9f63a35fd
2025-08-13 16:42:50,451 INFO  [io.api.tes.ser.api.KafkaSerdesTester] (Thread-664) Sending message {"key11755103362953": "value-2", "key21755103367647": "value-2", "key31755103369161": "value-2"} to topic topic-10b47bdf_b762_45dc_bc1f_00a9f63a35fd
2025-08-13 16:42:50,452 INFO  [io.api.tes.ser.api.KafkaSerdesTester] (Thread-664) Sending message {"key11755103362953": "value-3", "key21755103367647": "value-3", "key31755103369161": "value-3"} to topic topic-10b47bdf_b762_45dc_bc1f_00a9f63a35fd
2025-08-13 16:42:50,455 INFO  [io.api.tes.ser.api.KafkaSerdesTester] (Thread-664) Sending message {"key11755103362953": "value-4", "key21755103367647": "value-4", "key31755103369161": "value-4"} to topic topic-10b47bdf_b762_45dc_bc1f_00a9f63a35fd
2025-08-13 16:42:50,456 INFO  [io.api.tes.ser.api.KafkaSerdesTester] (Thread-664) Sending message {"key11755103362953": "value-5", "key21755103367647": "value-5", "key31755103369161": "value-5"} to topic topic-10b47bdf_b762_45dc_bc1f_00a9f63a35fd
2025-08-13 16:42:50,458 INFO  [io.api.tes.ser.api.KafkaSerdesTester] (Thread-664) Sending message {"key11755103362953": "value-6", "key21755103367647": "value-6", "key31755103369161": "value-6"} to topic topic-10b47bdf_b762_45dc_bc1f_00a9f63a35fd
2025-08-13 16:42:50,460 INFO  [io.api.tes.ser.api.KafkaSerdesTester] (Thread-664) Sending message {"key11755103362953": "value-7", "key21755103367647": "value-7", "key31755103369161": "value-7"} to topic topic-10b47bdf_b762_45dc_bc1f_00a9f63a35fd
2025-08-13 16:42:50,462 INFO  [io.api.tes.ser.api.KafkaSerdesTester] (Thread-664) Sending message {"key11755103362953": "value-8", "key21755103367647": "value-8", "key31755103369161": "value-8"} to topic topic-10b47bdf_b762_45dc_bc1f_00a9f63a35fd
2025-08-13 16:42:50,463 INFO  [io.api.tes.ser.api.KafkaSerdesTester] (Thread-664) Sending message {"key11755103362953": "value-9", "key21755103367647": "value-9", "key31755103369161": "value-9"} to topic topic-10b47bdf_b762_45dc_bc1f_00a9f63a35fd
2025-08-13 16:42:50,464 INFO  [io.api.tes.ser.api.KafkaSerdesTester] (Thread-664) Produced 10 messages
2025-08-13 16:42:50,465 INFO  [io.api.tes.ser.api.KafkaSerdesTester] (Thread-665) Sending message {"key11755103362953": "value-0", "key21755103367647": "value-0"} to topic topic-10b47bdf_b762_45dc_bc1f_00a9f63a35fd
2025-08-13 16:42:50,466 INFO  [io.api.tes.ser.api.KafkaSerdesTester] (Thread-665) Sending message {"key11755103362953": "value-1", "key21755103367647": "value-1"} to topic topic-10b47bdf_b762_45dc_bc1f_00a9f63a35fd
2025-08-13 16:42:50,468 INFO  [io.api.tes.ser.api.KafkaSerdesTester] (Thread-665) Sending message {"key11755103362953": "value-2", "key21755103367647": "value-2"} to topic topic-10b47bdf_b762_45dc_bc1f_00a9f63a35fd
2025-08-13 16:42:50,471 INFO  [io.api.tes.ser.api.KafkaSerdesTester] (Thread-665) Sending message {"key11755103362953": "value-3", "key21755103367647": "value-3"} to topic topic-10b47bdf_b762_45dc_bc1f_00a9f63a35fd
2025-08-13 16:42:50,472 INFO  [io.api.tes.ser.api.KafkaSerdesTester] (Thread-665) Sending message {"key11755103362953": "value-4", "key21755103367647": "value-4"} to topic topic-10b47bdf_b762_45dc_bc1f_00a9f63a35fd
2025-08-13 16:42:50,474 INFO  [io.api.tes.ser.api.KafkaSerdesTester] (Thread-665) Sending message {"key11755103362953": "value-5", "key21755103367647": "value-5"} to topic topic-10b47bdf_b762_45dc_bc1f_00a9f63a35fd
2025-08-13 16:42:50,475 INFO  [io.api.tes.ser.api.KafkaSerdesTester] (Thread-665) Sending message {"key11755103362953": "value-6", "key21755103367647": "value-6"} to topic topic-10b47bdf_b762_45dc_bc1f_00a9f63a35fd
2025-08-13 16:42:50,477 INFO  [io.api.tes.ser.api.KafkaSerdesTester] (Thread-665) Sending message {"key11755103362953": "value-7", "key21755103367647": "value-7"} to topic topic-10b47bdf_b762_45dc_bc1f_00a9f63a35fd
2025-08-13 16:42:50,481 INFO  [io.api.tes.ser.api.KafkaSerdesTester] (Thread-665) Sending message {"key11755103362953": "value-8", "key21755103367647": "value-8"} to topic topic-10b47bdf_b762_45dc_bc1f_00a9f63a35fd
2025-08-13 16:42:50,482 INFO  [io.api.tes.ser.api.KafkaSerdesTester] (Thread-665) Sending message {"key11755103362953": "value-9", "key21755103367647": "value-9"} to topic topic-10b47bdf_b762_45dc_bc1f_00a9f63a35fd
2025-08-13 16:42:50,484 INFO  [io.api.tes.ser.api.KafkaSerdesTester] (Thread-665) Produced 10 messages
2025-08-13 16:42:50,485 INFO  [io.api.tes.ser.api.KafkaSerdesTester] (Thread-666) Sending message {"key11755103362953": "value-0"} to topic topic-10b47bdf_b762_45dc_bc1f_00a9f63a35fd
2025-08-13 16:42:50,487 INFO  [io.api.tes.ser.api.KafkaSerdesTester] (Thread-666) Sending message {"key11755103362953": "value-1"} to topic topic-10b47bdf_b762_45dc_bc1f_00a9f63a35fd
2025-08-13 16:42:50,488 INFO  [io.api.tes.ser.api.KafkaSerdesTester] (Thread-666) Sending message {"key11755103362953": "value-2"} to topic topic-10b47bdf_b762_45dc_bc1f_00a9f63a35fd
2025-08-13 16:42:50,490 INFO  [io.api.tes.ser.api.KafkaSerdesTester] (Thread-666) Sending message {"key11755103362953": "value-3"} to topic topic-10b47bdf_b762_45dc_bc1f_00a9f63a35fd
2025-08-13 16:42:50,495 INFO  [io.api.tes.ser.api.KafkaSerdesTester] (Thread-666) Sending message {"key11755103362953": "value-4"} to topic topic-10b47bdf_b762_45dc_bc1f_00a9f63a35fd
2025-08-13 16:42:50,497 INFO  [io.api.tes.ser.api.KafkaSerdesTester] (Thread-666) Sending message {"key11755103362953": "value-5"} to topic topic-10b47bdf_b762_45dc_bc1f_00a9f63a35fd
2025-08-13 16:42:50,498 INFO  [io.api.tes.ser.api.KafkaSerdesTester] (Thread-666) Sending message {"key11755103362953": "value-6"} to topic topic-10b47bdf_b762_45dc_bc1f_00a9f63a35fd
2025-08-13 16:42:50,500 INFO  [io.api.tes.ser.api.KafkaSerdesTester] (Thread-666) Sending message {"key11755103362953": "value-7"} to topic topic-10b47bdf_b762_45dc_bc1f_00a9f63a35fd
2025-08-13 16:42:50,501 INFO  [io.api.tes.ser.api.KafkaSerdesTester] (Thread-666) Sending message {"key11755103362953": "value-8"} to topic topic-10b47bdf_b762_45dc_bc1f_00a9f63a35fd
2025-08-13 16:42:50,503 INFO  [io.api.tes.ser.api.KafkaSerdesTester] (Thread-666) Sending message {"key11755103362953": "value-9"} to topic topic-10b47bdf_b762_45dc_bc1f_00a9f63a35fd
2025-08-13 16:42:50,505 INFO  [io.api.tes.ser.api.KafkaSerdesTester] (Thread-666) Produced 10 messages
2025-08-13 16:42:50,507 INFO  [org.apa.kaf.cli.con.int.ClassicKafkaConsumer] (Thread-667) [Consumer clientId=consumer-Consumer-topic-10b47bdf_b762_45dc_bc1f_00a9f63a35fd-9, groupId=Consumer-topic-10b47bdf_b762_45dc_bc1f_00a9f63a35fd] Subscribed to topic(s): topic-10b47bdf_b762_45dc_bc1f_00a9f63a35fd
2025-08-13 16:42:50,672 INFO  [io.api.tes.ser.api.KafkaSerdesTester] (Thread-667) topic-10b47bdf_b762_45dc_bc1f_00a9f63a35fd 0 30 {"key11755103362953": "value-0", "key21755103367647": "value-0", "key31755103369161": "value-0"}
2025-08-13 16:42:50,673 INFO  [io.api.tes.ser.api.KafkaSerdesTester] (Thread-667) topic-10b47bdf_b762_45dc_bc1f_00a9f63a35fd 0 31 {"key11755103362953": "value-1", "key21755103367647": "value-1", "key31755103369161": "value-1"}
2025-08-13 16:42:50,674 INFO  [io.api.tes.ser.api.KafkaSerdesTester] (Thread-667) topic-10b47bdf_b762_45dc_bc1f_00a9f63a35fd 0 32 {"key11755103362953": "value-2", "key21755103367647": "value-2", "key31755103369161": "value-2"}
2025-08-13 16:42:50,674 INFO  [io.api.tes.ser.api.KafkaSerdesTester] (Thread-667) topic-10b47bdf_b762_45dc_bc1f_00a9f63a35fd 0 33 {"key11755103362953": "value-3", "key21755103367647": "value-3", "key31755103369161": "value-3"}
2025-08-13 16:42:50,674 INFO  [io.api.tes.ser.api.KafkaSerdesTester] (Thread-667) topic-10b47bdf_b762_45dc_bc1f_00a9f63a35fd 0 34 {"key11755103362953": "value-4", "key21755103367647": "value-4", "key31755103369161": "value-4"}
2025-08-13 16:42:50,674 INFO  [io.api.tes.ser.api.KafkaSerdesTester] (Thread-667) topic-10b47bdf_b762_45dc_bc1f_00a9f63a35fd 0 35 {"key11755103362953": "value-5", "key21755103367647": "value-5", "key31755103369161": "value-5"}
2025-08-13 16:42:50,674 INFO  [io.api.tes.ser.api.KafkaSerdesTester] (Thread-667) topic-10b47bdf_b762_45dc_bc1f_00a9f63a35fd 0 36 {"key11755103362953": "value-6", "key21755103367647": "value-6", "key31755103369161": "value-6"}
2025-08-13 16:42:50,674 INFO  [io.api.tes.ser.api.KafkaSerdesTester] (Thread-667) topic-10b47bdf_b762_45dc_bc1f_00a9f63a35fd 0 37 {"key11755103362953": "value-7", "key21755103367647": "value-7", "key31755103369161": "value-7"}
2025-08-13 16:42:50,674 INFO  [io.api.tes.ser.api.KafkaSerdesTester] (Thread-667) topic-10b47bdf_b762_45dc_bc1f_00a9f63a35fd 0 38 {"key11755103362953": "value-8", "key21755103367647": "value-8", "key31755103369161": "value-8"}
2025-08-13 16:42:50,674 INFO  [io.api.tes.ser.api.KafkaSerdesTester] (Thread-667) topic-10b47bdf_b762_45dc_bc1f_00a9f63a35fd 0 39 {"key11755103362953": "value-9", "key21755103367647": "value-9", "key31755103369161": "value-9"}
2025-08-13 16:42:50,674 INFO  [io.api.tes.ser.api.KafkaSerdesTester] (Thread-667) topic-10b47bdf_b762_45dc_bc1f_00a9f63a35fd 0 40 {"key11755103362953": "value-0", "key21755103367647": "value-0"}
2025-08-13 16:42:50,674 INFO  [io.api.tes.ser.api.KafkaSerdesTester] (Thread-667) topic-10b47bdf_b762_45dc_bc1f_00a9f63a35fd 0 41 {"key11755103362953": "value-1", "key21755103367647": "value-1"}
2025-08-13 16:42:50,674 INFO  [io.api.tes.ser.api.KafkaSerdesTester] (Thread-667) topic-10b47bdf_b762_45dc_bc1f_00a9f63a35fd 0 42 {"key11755103362953": "value-2", "key21755103367647": "value-2"}
2025-08-13 16:42:50,674 INFO  [io.api.tes.ser.api.KafkaSerdesTester] (Thread-667) topic-10b47bdf_b762_45dc_bc1f_00a9f63a35fd 0 43 {"key11755103362953": "value-3", "key21755103367647": "value-3"}
2025-08-13 16:42:50,674 INFO  [io.api.tes.ser.api.KafkaSerdesTester] (Thread-667) topic-10b47bdf_b762_45dc_bc1f_00a9f63a35fd 0 44 {"key11755103362953": "value-4", "key21755103367647": "value-4"}
2025-08-13 16:42:50,674 INFO  [io.api.tes.ser.api.KafkaSerdesTester] (Thread-667) topic-10b47bdf_b762_45dc_bc1f_00a9f63a35fd 0 45 {"key11755103362953": "value-5", "key21755103367647": "value-5"}
2025-08-13 16:42:50,674 INFO  [io.api.tes.ser.api.KafkaSerdesTester] (Thread-667) topic-10b47bdf_b762_45dc_bc1f_00a9f63a35fd 0 46 {"key11755103362953": "value-6", "key21755103367647": "value-6"}
2025-08-13 16:42:50,674 INFO  [io.api.tes.ser.api.KafkaSerdesTester] (Thread-667) topic-10b47bdf_b762_45dc_bc1f_00a9f63a35fd 0 47 {"key11755103362953": "value-7", "key21755103367647": "value-7"}
2025-08-13 16:42:50,674 INFO  [io.api.tes.ser.api.KafkaSerdesTester] (Thread-667) topic-10b47bdf_b762_45dc_bc1f_00a9f63a35fd 0 48 {"key11755103362953": "value-8", "key21755103367647": "value-8"}
2025-08-13 16:42:50,675 INFO  [io.api.tes.ser.api.KafkaSerdesTester] (Thread-667) topic-10b47bdf_b762_45dc_bc1f_00a9f63a35fd 0 49 {"key11755103362953": "value-9", "key21755103367647": "value-9"}
2025-08-13 16:42:50,675 INFO  [io.api.tes.ser.api.KafkaSerdesTester] (Thread-667) topic-10b47bdf_b762_45dc_bc1f_00a9f63a35fd 0 50 {"key11755103362953": "value-0"}
2025-08-13 16:42:50,675 INFO  [io.api.tes.ser.api.KafkaSerdesTester] (Thread-667) topic-10b47bdf_b762_45dc_bc1f_00a9f63a35fd 0 51 {"key11755103362953": "value-1"}
2025-08-13 16:42:50,675 INFO  [io.api.tes.ser.api.KafkaSerdesTester] (Thread-667) topic-10b47bdf_b762_45dc_bc1f_00a9f63a35fd 0 52 {"key11755103362953": "value-2"}
2025-08-13 16:42:50,675 INFO  [io.api.tes.ser.api.KafkaSerdesTester] (Thread-667) topic-10b47bdf_b762_45dc_bc1f_00a9f63a35fd 0 53 {"key11755103362953": "value-3"}
2025-08-13 16:42:50,675 INFO  [io.api.tes.ser.api.KafkaSerdesTester] (Thread-667) topic-10b47bdf_b762_45dc_bc1f_00a9f63a35fd 0 54 {"key11755103362953": "value-4"}
2025-08-13 16:42:50,675 INFO  [io.api.tes.ser.api.KafkaSerdesTester] (Thread-667) topic-10b47bdf_b762_45dc_bc1f_00a9f63a35fd 0 55 {"key11755103362953": "value-5"}
2025-08-13 16:42:50,675 INFO  [io.api.tes.ser.api.KafkaSerdesTester] (Thread-667) topic-10b47bdf_b762_45dc_bc1f_00a9f63a35fd 0 56 {"key11755103362953": "value-6"}
2025-08-13 16:42:50,675 INFO  [io.api.tes.ser.api.KafkaSerdesTester] (Thread-667) topic-10b47bdf_b762_45dc_bc1f_00a9f63a35fd 0 57 {"key11755103362953": "value-7"}
2025-08-13 16:42:50,675 INFO  [io.api.tes.ser.api.KafkaSerdesTester] (Thread-667) topic-10b47bdf_b762_45dc_bc1f_00a9f63a35fd 0 58 {"key11755103362953": "value-8"}
2025-08-13 16:42:50,675 INFO  [io.api.tes.ser.api.KafkaSerdesTester] (Thread-667) topic-10b47bdf_b762_45dc_bc1f_00a9f63a35fd 0 59 {"key11755103362953": "value-9"}
2025-08-13 16:42:50,675 INFO  [io.api.tes.ser.api.KafkaSerdesTester] (Thread-667) Consumed 30 messages
2025-08-13 16:42:50,675 INFO  [org.apa.kaf.cli.pro.KafkaProducer] (main) [Producer clientId=Producer-topic-10b47bdf_b762_45dc_bc1f_00a9f63a35fd] Closing the Kafka producer with timeoutMillis = 9223372036854775807 ms.
2025-08-13 16:42:50,678 INFO  [org.apa.kaf.com.met.Metrics] (main) Metrics scheduler closed
2025-08-13 16:42:50,678 INFO  [org.apa.kaf.com.met.Metrics] (main) Closing reporter org.apache.kafka.common.metrics.JmxReporter
2025-08-13 16:42:50,678 INFO  [org.apa.kaf.com.met.Metrics] (main) Closing reporter org.apache.kafka.common.telemetry.internals.ClientTelemetryReporter
2025-08-13 16:42:50,678 INFO  [org.apa.kaf.com.met.Metrics] (main) Metrics reporters closed
2025-08-13 16:42:50,678 INFO  [org.apa.kaf.com.uti.AppInfoParser] (main) App info kafka.producer for Producer-topic-10b47bdf_b762_45dc_bc1f_00a9f63a35fd unregistered
2025-08-13 16:42:50,686 INFO  [org.apa.kaf.cli.con.int.ConsumerRebalanceListenerInvoker] (main) [Consumer clientId=consumer-Consumer-topic-10b47bdf_b762_45dc_bc1f_00a9f63a35fd-9, groupId=Consumer-topic-10b47bdf_b762_45dc_bc1f_00a9f63a35fd] Revoke previously assigned partitions topic-10b47bdf_b762_45dc_bc1f_00a9f63a35fd-0
2025-08-13 16:42:50,686 INFO  [org.apa.kaf.cli.con.int.ConsumerCoordinator] (main) [Consumer clientId=consumer-Consumer-topic-10b47bdf_b762_45dc_bc1f_00a9f63a35fd-9, groupId=Consumer-topic-10b47bdf_b762_45dc_bc1f_00a9f63a35fd] Member consumer-Consumer-topic-10b47bdf_b762_45dc_bc1f_00a9f63a35fd-9-72e9f58b-086b-447b-923d-1047899ec55b sending LeaveGroup request to coordinator localhost:32769 (id: 2147483647 rack: null) due to the consumer is being closed
2025-08-13 16:42:50,687 INFO  [org.apa.kaf.cli.con.int.ConsumerCoordinator] (main) [Consumer clientId=consumer-Consumer-topic-10b47bdf_b762_45dc_bc1f_00a9f63a35fd-9, groupId=Consumer-topic-10b47bdf_b762_45dc_bc1f_00a9f63a35fd] Resetting generation and member id due to: consumer pro-actively leaving the group
2025-08-13 16:42:50,687 INFO  [org.apa.kaf.cli.con.int.ConsumerCoordinator] (main) [Consumer clientId=consumer-Consumer-topic-10b47bdf_b762_45dc_bc1f_00a9f63a35fd-9, groupId=Consumer-topic-10b47bdf_b762_45dc_bc1f_00a9f63a35fd] Request joining group due to: consumer pro-actively leaving the group
2025-08-13 16:42:51,175 INFO  [org.apa.kaf.com.met.Metrics] (main) Metrics scheduler closed
2025-08-13 16:42:51,175 INFO  [org.apa.kaf.com.met.Metrics] (main) Closing reporter org.apache.kafka.common.metrics.JmxReporter
2025-08-13 16:42:51,175 INFO  [org.apa.kaf.com.met.Metrics] (main) Closing reporter org.apache.kafka.common.telemetry.internals.ClientTelemetryReporter
2025-08-13 16:42:51,175 INFO  [org.apa.kaf.com.met.Metrics] (main) Metrics reporters closed
2025-08-13 16:42:51,178 INFO  [org.apa.kaf.com.uti.AppInfoParser] (main) App info kafka.consumer for consumer-Consumer-topic-10b47bdf_b762_45dc_bc1f_00a9f63a35fd-9 unregistered
2025-08-13 16:42:51,178 INFO  [io.api.tes.uti.TestSeparator] (main) io.apicurio.tests.serdes.apicurio.AvroSerdeIT.testEvolveAvroApicurioReusingClient-FINISHED
2025-08-13 16:42:51,178 INFO  [io.api.tes.uti.TestSeparator] (main) ############################################################################
Test passed: testEvolveAvroApicurioReusingClient
]]></system-out>
  </testcase>
  <testcase name="testProducerUsesDefaultConsumerUsesGlobalId" classname="io.apicurio.tests.serdes.apicurio.AvroSerdeIT" time="0.0">
    <skipped message="void io.apicurio.tests.serdes.apicurio.AvroSerdeIT.testProducerUsesDefaultConsumerUsesGlobalId() throws java.lang.Exception is @Disabled"/>
  </testcase>
  <testcase name="testEvolveAvroApicurio" classname="io.apicurio.tests.serdes.apicurio.AvroSerdeIT" time="16.655">
    <system-out><![CDATA[2025-08-13 16:42:51,194 INFO  [io.api.tes.uti.TestSeparator] (main) ############################################################################
2025-08-13 16:42:51,194 INFO  [io.api.tes.uti.TestSeparator] (main) io.apicurio.tests.serdes.apicurio.AvroSerdeIT.testEvolveAvroApicurio-STARTED
2025-08-13 16:42:51,196 INFO  [io.api.tes.ser.api.AvroSerdeIT] (main) Registering Avro Schema: {"type":"record","name":"sf35ddb6ax73f2x4323x8990x585b84432026","namespace":"ns_4356a655_ccef_4fc1_becf_8d93490f8c8b","fields":[{"name":"key11755103371195","type":"string"}]}
**** Registry Base URL: http://registry-app-mysql.apps.ci419.apicurio-testing.org:80
2025-08-13 16:42:52,391 INFO  [org.apa.kaf.cli.pro.ProducerConfig] (main) ProducerConfig values: 
	acks = -1
	auto.include.jmx.reporter = true
	batch.size = 16384
	bootstrap.servers = [PLAINTEXT://localhost:32769]
	buffer.memory = 33554432
	client.dns.lookup = use_all_dns_ips
	client.id = Producer-topic-d242346e_67a0_48d3_8b2b_284cb0cfba80
	compression.gzip.level = -1
	compression.lz4.level = 9
	compression.type = none
	compression.zstd.level = 3
	connections.max.idle.ms = 10000
	delivery.timeout.ms = 120000
	enable.idempotence = true
	enable.metrics.push = true
	interceptor.classes = []
	key.serializer = class org.apache.kafka.common.serialization.StringSerializer
	linger.ms = 0
	max.block.ms = 60000
	max.in.flight.requests.per.connection = 5
	max.request.size = 1048576
	metadata.max.age.ms = 300000
	metadata.max.idle.ms = 300000
	metadata.recovery.strategy = none
	metric.reporters = []
	metrics.num.samples = 2
	metrics.recording.level = INFO
	metrics.sample.window.ms = 30000
	partitioner.adaptive.partitioning.enable = true
	partitioner.availability.timeout.ms = 0
	partitioner.class = null
	partitioner.ignore.keys = false
	receive.buffer.bytes = 32768
	reconnect.backoff.max.ms = 1000
	reconnect.backoff.ms = 50
	request.timeout.ms = 5000
	retries = 2147483647
	retry.backoff.max.ms = 1000
	retry.backoff.ms = 100
	sasl.client.callback.handler.class = null
	sasl.jaas.config = null
	sasl.kerberos.kinit.cmd = /usr/bin/kinit
	sasl.kerberos.min.time.before.relogin = 60000
	sasl.kerberos.service.name = null
	sasl.kerberos.ticket.renew.jitter = 0.05
	sasl.kerberos.ticket.renew.window.factor = 0.8
	sasl.login.callback.handler.class = null
	sasl.login.class = null
	sasl.login.connect.timeout.ms = null
	sasl.login.read.timeout.ms = null
	sasl.login.refresh.buffer.seconds = 300
	sasl.login.refresh.min.period.seconds = 60
	sasl.login.refresh.window.factor = 0.8
	sasl.login.refresh.window.jitter = 0.05
	sasl.login.retry.backoff.max.ms = 10000
	sasl.login.retry.backoff.ms = 100
	sasl.mechanism = GSSAPI
	sasl.oauthbearer.clock.skew.seconds = 30
	sasl.oauthbearer.expected.audience = null
	sasl.oauthbearer.expected.issuer = null
	sasl.oauthbearer.header.urlencode = false
	sasl.oauthbearer.jwks.endpoint.refresh.ms = 3600000
	sasl.oauthbearer.jwks.endpoint.retry.backoff.max.ms = 10000
	sasl.oauthbearer.jwks.endpoint.retry.backoff.ms = 100
	sasl.oauthbearer.jwks.endpoint.url = null
	sasl.oauthbearer.scope.claim.name = scope
	sasl.oauthbearer.sub.claim.name = sub
	sasl.oauthbearer.token.endpoint.url = null
	security.protocol = PLAINTEXT
	security.providers = null
	send.buffer.bytes = 131072
	socket.connection.setup.timeout.max.ms = 30000
	socket.connection.setup.timeout.ms = 10000
	ssl.cipher.suites = null
	ssl.enabled.protocols = [TLSv1.2, TLSv1.3]
	ssl.endpoint.identification.algorithm = https
	ssl.engine.factory.class = null
	ssl.key.password = null
	ssl.keymanager.algorithm = SunX509
	ssl.keystore.certificate.chain = null
	ssl.keystore.key = null
	ssl.keystore.location = null
	ssl.keystore.password = null
	ssl.keystore.type = JKS
	ssl.protocol = TLSv1.3
	ssl.provider = null
	ssl.secure.random.implementation = null
	ssl.trustmanager.algorithm = PKIX
	ssl.truststore.certificates = null
	ssl.truststore.location = null
	ssl.truststore.password = null
	ssl.truststore.type = JKS
	transaction.timeout.ms = 60000
	transactional.id = null
	value.serializer = class io.apicurio.registry.serde.avro.AvroKafkaSerializer

2025-08-13 16:42:52,392 INFO  [org.apa.kaf.com.tel.int.KafkaMetricsCollector] (main) initializing Kafka metrics collector
2025-08-13 16:42:52,395 INFO  [org.apa.kaf.cli.pro.KafkaProducer] (main) [Producer clientId=Producer-topic-d242346e_67a0_48d3_8b2b_284cb0cfba80] Instantiated an idempotent producer.
2025-08-13 16:42:52,397 INFO  [org.apa.kaf.cli.pro.ProducerConfig] (main) These configurations '[apicurio.registry.url, apicurio.registry.artifact-resolver-strategy]' were supplied but are not used yet.
2025-08-13 16:42:52,397 INFO  [org.apa.kaf.com.uti.AppInfoParser] (main) Kafka version: 3.9.1
2025-08-13 16:42:52,397 INFO  [org.apa.kaf.com.uti.AppInfoParser] (main) Kafka commitId: f745dfdcee2b9851
2025-08-13 16:42:52,397 INFO  [org.apa.kaf.com.uti.AppInfoParser] (main) Kafka startTimeMs: 1755103372397
**** Registry Base URL: http://registry-app-mysql.apps.ci419.apicurio-testing.org:80
2025-08-13 16:42:52,398 INFO  [org.apa.kaf.cli.con.ConsumerConfig] (main) ConsumerConfig values: 
	allow.auto.create.topics = true
	auto.commit.interval.ms = 500
	auto.include.jmx.reporter = true
	auto.offset.reset = earliest
	bootstrap.servers = [PLAINTEXT://localhost:32769]
	check.crcs = true
	client.dns.lookup = use_all_dns_ips
	client.id = consumer-Consumer-topic-d242346e_67a0_48d3_8b2b_284cb0cfba80-10
	client.rack = 
	connections.max.idle.ms = 10000
	default.api.timeout.ms = 60000
	enable.auto.commit = true
	enable.metrics.push = true
	exclude.internal.topics = true
	fetch.max.bytes = 52428800
	fetch.max.wait.ms = 500
	fetch.min.bytes = 1
	group.id = Consumer-topic-d242346e_67a0_48d3_8b2b_284cb0cfba80
	group.instance.id = null
	group.protocol = classic
	group.remote.assignor = null
	heartbeat.interval.ms = 3000
	interceptor.classes = []
	internal.leave.group.on.close = true
	internal.throw.on.fetch.stable.offset.unsupported = false
	isolation.level = read_uncommitted
	key.deserializer = class org.apache.kafka.common.serialization.StringDeserializer
	max.partition.fetch.bytes = 1048576
	max.poll.interval.ms = 300000
	max.poll.records = 500
	metadata.max.age.ms = 300000
	metadata.recovery.strategy = none
	metric.reporters = []
	metrics.num.samples = 2
	metrics.recording.level = INFO
	metrics.sample.window.ms = 30000
	partition.assignment.strategy = [class org.apache.kafka.clients.consumer.RangeAssignor, class org.apache.kafka.clients.consumer.CooperativeStickyAssignor]
	receive.buffer.bytes = 65536
	reconnect.backoff.max.ms = 1000
	reconnect.backoff.ms = 50
	request.timeout.ms = 5000
	retry.backoff.max.ms = 1000
	retry.backoff.ms = 100
	sasl.client.callback.handler.class = null
	sasl.jaas.config = null
	sasl.kerberos.kinit.cmd = /usr/bin/kinit
	sasl.kerberos.min.time.before.relogin = 60000
	sasl.kerberos.service.name = null
	sasl.kerberos.ticket.renew.jitter = 0.05
	sasl.kerberos.ticket.renew.window.factor = 0.8
	sasl.login.callback.handler.class = null
	sasl.login.class = null
	sasl.login.connect.timeout.ms = null
	sasl.login.read.timeout.ms = null
	sasl.login.refresh.buffer.seconds = 300
	sasl.login.refresh.min.period.seconds = 60
	sasl.login.refresh.window.factor = 0.8
	sasl.login.refresh.window.jitter = 0.05
	sasl.login.retry.backoff.max.ms = 10000
	sasl.login.retry.backoff.ms = 100
	sasl.mechanism = GSSAPI
	sasl.oauthbearer.clock.skew.seconds = 30
	sasl.oauthbearer.expected.audience = null
	sasl.oauthbearer.expected.issuer = null
	sasl.oauthbearer.header.urlencode = false
	sasl.oauthbearer.jwks.endpoint.refresh.ms = 3600000
	sasl.oauthbearer.jwks.endpoint.retry.backoff.max.ms = 10000
	sasl.oauthbearer.jwks.endpoint.retry.backoff.ms = 100
	sasl.oauthbearer.jwks.endpoint.url = null
	sasl.oauthbearer.scope.claim.name = scope
	sasl.oauthbearer.sub.claim.name = sub
	sasl.oauthbearer.token.endpoint.url = null
	security.protocol = PLAINTEXT
	security.providers = null
	send.buffer.bytes = 131072
	session.timeout.ms = 45000
	socket.connection.setup.timeout.max.ms = 30000
	socket.connection.setup.timeout.ms = 10000
	ssl.cipher.suites = null
	ssl.enabled.protocols = [TLSv1.2, TLSv1.3]
	ssl.endpoint.identification.algorithm = https
	ssl.engine.factory.class = null
	ssl.key.password = null
	ssl.keymanager.algorithm = SunX509
	ssl.keystore.certificate.chain = null
	ssl.keystore.key = null
	ssl.keystore.location = null
	ssl.keystore.password = null
	ssl.keystore.type = JKS
	ssl.protocol = TLSv1.3
	ssl.provider = null
	ssl.secure.random.implementation = null
	ssl.trustmanager.algorithm = PKIX
	ssl.truststore.certificates = null
	ssl.truststore.location = null
	ssl.truststore.password = null
	ssl.truststore.type = JKS
	value.deserializer = class io.apicurio.registry.serde.avro.AvroKafkaDeserializer

2025-08-13 16:42:52,398 INFO  [org.apa.kaf.com.tel.int.KafkaMetricsCollector] (main) initializing Kafka metrics collector
2025-08-13 16:42:52,402 INFO  [org.apa.kaf.cli.Metadata] (kafka-producer-network-thread | Producer-topic-d242346e_67a0_48d3_8b2b_284cb0cfba80) [Producer clientId=Producer-topic-d242346e_67a0_48d3_8b2b_284cb0cfba80] Cluster ID: qKHj6WxtSVqL2ounD9m8uw
2025-08-13 16:42:52,403 INFO  [org.apa.kaf.cli.pro.int.TransactionManager] (kafka-producer-network-thread | Producer-topic-d242346e_67a0_48d3_8b2b_284cb0cfba80) [Producer clientId=Producer-topic-d242346e_67a0_48d3_8b2b_284cb0cfba80] ProducerId set to 12 with epoch 0
2025-08-13 16:42:52,406 INFO  [org.apa.kaf.cli.con.ConsumerConfig] (main) These configurations '[apicurio.registry.url]' were supplied but are not used yet.
2025-08-13 16:42:52,407 INFO  [org.apa.kaf.com.uti.AppInfoParser] (main) Kafka version: 3.9.1
2025-08-13 16:42:52,407 INFO  [org.apa.kaf.com.uti.AppInfoParser] (main) Kafka commitId: f745dfdcee2b9851
2025-08-13 16:42:52,407 INFO  [org.apa.kaf.com.uti.AppInfoParser] (main) Kafka startTimeMs: 1755103372407
2025-08-13 16:42:52,407 INFO  [io.api.tes.ser.api.KafkaSerdesTester] (Thread-672) Sending message {"key11755103371195": "value-0"} to topic topic-d242346e_67a0_48d3_8b2b_284cb0cfba80
2025-08-13 16:42:52,410 INFO  [DefaultSchemaResolver] (Thread-672) Retrieving schema content using string: {"type":"record","name":"sf35ddb6ax73f2x4323x8990x585b84432026","namespace":"ns_4356a655_ccef_4fc1_becf_8d93490f8c8b","fields":[{"name":"key11755103371195","type":"string"}]}
2025-08-13 16:42:52,567 INFO  [io.api.tes.ser.api.KafkaSerdesTester] (Thread-672) Sending message {"key11755103371195": "value-1"} to topic topic-d242346e_67a0_48d3_8b2b_284cb0cfba80
2025-08-13 16:42:52,568 INFO  [io.api.tes.ser.api.KafkaSerdesTester] (Thread-672) Sending message {"key11755103371195": "value-2"} to topic topic-d242346e_67a0_48d3_8b2b_284cb0cfba80
2025-08-13 16:42:52,570 INFO  [io.api.tes.ser.api.KafkaSerdesTester] (Thread-672) Sending message {"key11755103371195": "value-3"} to topic topic-d242346e_67a0_48d3_8b2b_284cb0cfba80
2025-08-13 16:42:52,571 INFO  [io.api.tes.ser.api.KafkaSerdesTester] (Thread-672) Sending message {"key11755103371195": "value-4"} to topic topic-d242346e_67a0_48d3_8b2b_284cb0cfba80
2025-08-13 16:42:52,572 INFO  [io.api.tes.ser.api.KafkaSerdesTester] (Thread-672) Sending message {"key11755103371195": "value-5"} to topic topic-d242346e_67a0_48d3_8b2b_284cb0cfba80
2025-08-13 16:42:52,573 INFO  [io.api.tes.ser.api.KafkaSerdesTester] (Thread-672) Sending message {"key11755103371195": "value-6"} to topic topic-d242346e_67a0_48d3_8b2b_284cb0cfba80
2025-08-13 16:42:52,575 INFO  [io.api.tes.ser.api.KafkaSerdesTester] (Thread-672) Sending message {"key11755103371195": "value-7"} to topic topic-d242346e_67a0_48d3_8b2b_284cb0cfba80
2025-08-13 16:42:52,578 INFO  [io.api.tes.ser.api.KafkaSerdesTester] (Thread-672) Sending message {"key11755103371195": "value-8"} to topic topic-d242346e_67a0_48d3_8b2b_284cb0cfba80
2025-08-13 16:42:52,580 INFO  [io.api.tes.ser.api.KafkaSerdesTester] (Thread-672) Sending message {"key11755103371195": "value-9"} to topic topic-d242346e_67a0_48d3_8b2b_284cb0cfba80
2025-08-13 16:42:52,582 INFO  [io.api.tes.ser.api.KafkaSerdesTester] (Thread-672) Produced 10 messages
2025-08-13 16:42:52,583 INFO  [org.apa.kaf.cli.pro.KafkaProducer] (Thread-672) [Producer clientId=Producer-topic-d242346e_67a0_48d3_8b2b_284cb0cfba80] Closing the Kafka producer with timeoutMillis = 9223372036854775807 ms.
2025-08-13 16:42:52,585 INFO  [org.apa.kaf.com.met.Metrics] (Thread-672) Metrics scheduler closed
2025-08-13 16:42:52,585 INFO  [org.apa.kaf.com.met.Metrics] (Thread-672) Closing reporter org.apache.kafka.common.metrics.JmxReporter
2025-08-13 16:42:52,585 INFO  [org.apa.kaf.com.met.Metrics] (Thread-672) Closing reporter org.apache.kafka.common.telemetry.internals.ClientTelemetryReporter
2025-08-13 16:42:52,585 INFO  [org.apa.kaf.com.met.Metrics] (Thread-672) Metrics reporters closed
2025-08-13 16:42:52,585 INFO  [org.apa.kaf.com.uti.AppInfoParser] (Thread-672) App info kafka.producer for Producer-topic-d242346e_67a0_48d3_8b2b_284cb0cfba80 unregistered
2025-08-13 16:42:52,587 INFO  [org.apa.kaf.cli.con.int.ClassicKafkaConsumer] (Thread-673) [Consumer clientId=consumer-Consumer-topic-d242346e_67a0_48d3_8b2b_284cb0cfba80-10, groupId=Consumer-topic-d242346e_67a0_48d3_8b2b_284cb0cfba80] Subscribed to topic(s): topic-d242346e_67a0_48d3_8b2b_284cb0cfba80
2025-08-13 16:42:52,595 INFO  [org.apa.kaf.cli.Metadata] (Thread-673) [Consumer clientId=consumer-Consumer-topic-d242346e_67a0_48d3_8b2b_284cb0cfba80-10, groupId=Consumer-topic-d242346e_67a0_48d3_8b2b_284cb0cfba80] Cluster ID: qKHj6WxtSVqL2ounD9m8uw
2025-08-13 16:42:52,595 INFO  [org.apa.kaf.cli.con.int.ConsumerCoordinator] (Thread-673) [Consumer clientId=consumer-Consumer-topic-d242346e_67a0_48d3_8b2b_284cb0cfba80-10, groupId=Consumer-topic-d242346e_67a0_48d3_8b2b_284cb0cfba80] Discovered group coordinator localhost:32769 (id: 2147483647 rack: null)
2025-08-13 16:42:52,597 INFO  [org.apa.kaf.cli.con.int.ConsumerCoordinator] (Thread-673) [Consumer clientId=consumer-Consumer-topic-d242346e_67a0_48d3_8b2b_284cb0cfba80-10, groupId=Consumer-topic-d242346e_67a0_48d3_8b2b_284cb0cfba80] (Re-)joining group
2025-08-13 16:42:52,599 INFO  [org.apa.kaf.cli.con.int.ConsumerCoordinator] (Thread-673) [Consumer clientId=consumer-Consumer-topic-d242346e_67a0_48d3_8b2b_284cb0cfba80-10, groupId=Consumer-topic-d242346e_67a0_48d3_8b2b_284cb0cfba80] Request joining group due to: need to re-join with the given member-id: consumer-Consumer-topic-d242346e_67a0_48d3_8b2b_284cb0cfba80-10-f8d1f84a-e7e3-4a33-a9b2-c4d09b8980c8
2025-08-13 16:42:52,599 INFO  [org.apa.kaf.cli.con.int.ConsumerCoordinator] (Thread-673) [Consumer clientId=consumer-Consumer-topic-d242346e_67a0_48d3_8b2b_284cb0cfba80-10, groupId=Consumer-topic-d242346e_67a0_48d3_8b2b_284cb0cfba80] (Re-)joining group
2025-08-13 16:42:53,587 INFO  [io.api.tes.ser.api.KafkaSerdesTester] (Thread-673) None found
2025-08-13 16:42:54,588 INFO  [io.api.tes.ser.api.KafkaSerdesTester] (Thread-673) None found
2025-08-13 16:42:55,588 INFO  [io.api.tes.ser.api.KafkaSerdesTester] (Thread-673) None found
2025-08-13 16:42:55,601 INFO  [org.apa.kaf.cli.con.int.ConsumerCoordinator] (Thread-673) [Consumer clientId=consumer-Consumer-topic-d242346e_67a0_48d3_8b2b_284cb0cfba80-10, groupId=Consumer-topic-d242346e_67a0_48d3_8b2b_284cb0cfba80] Successfully joined group with generation Generation{generationId=1, memberId='consumer-Consumer-topic-d242346e_67a0_48d3_8b2b_284cb0cfba80-10-f8d1f84a-e7e3-4a33-a9b2-c4d09b8980c8', protocol='range'}
2025-08-13 16:42:55,602 INFO  [org.apa.kaf.cli.con.int.ConsumerCoordinator] (Thread-673) [Consumer clientId=consumer-Consumer-topic-d242346e_67a0_48d3_8b2b_284cb0cfba80-10, groupId=Consumer-topic-d242346e_67a0_48d3_8b2b_284cb0cfba80] Finished assignment for group at generation 1: {consumer-Consumer-topic-d242346e_67a0_48d3_8b2b_284cb0cfba80-10-f8d1f84a-e7e3-4a33-a9b2-c4d09b8980c8=Assignment(partitions=[topic-d242346e_67a0_48d3_8b2b_284cb0cfba80-0])}
2025-08-13 16:42:55,609 INFO  [org.apa.kaf.cli.con.int.ConsumerCoordinator] (Thread-673) [Consumer clientId=consumer-Consumer-topic-d242346e_67a0_48d3_8b2b_284cb0cfba80-10, groupId=Consumer-topic-d242346e_67a0_48d3_8b2b_284cb0cfba80] Successfully synced group in generation Generation{generationId=1, memberId='consumer-Consumer-topic-d242346e_67a0_48d3_8b2b_284cb0cfba80-10-f8d1f84a-e7e3-4a33-a9b2-c4d09b8980c8', protocol='range'}
2025-08-13 16:42:55,610 INFO  [org.apa.kaf.cli.con.int.ConsumerCoordinator] (Thread-673) [Consumer clientId=consumer-Consumer-topic-d242346e_67a0_48d3_8b2b_284cb0cfba80-10, groupId=Consumer-topic-d242346e_67a0_48d3_8b2b_284cb0cfba80] Notifying assignor about the new Assignment(partitions=[topic-d242346e_67a0_48d3_8b2b_284cb0cfba80-0])
2025-08-13 16:42:55,610 INFO  [org.apa.kaf.cli.con.int.ConsumerRebalanceListenerInvoker] (Thread-673) [Consumer clientId=consumer-Consumer-topic-d242346e_67a0_48d3_8b2b_284cb0cfba80-10, groupId=Consumer-topic-d242346e_67a0_48d3_8b2b_284cb0cfba80] Adding newly assigned partitions: topic-d242346e_67a0_48d3_8b2b_284cb0cfba80-0
2025-08-13 16:42:55,611 INFO  [org.apa.kaf.cli.con.int.ConsumerCoordinator] (Thread-673) [Consumer clientId=consumer-Consumer-topic-d242346e_67a0_48d3_8b2b_284cb0cfba80-10, groupId=Consumer-topic-d242346e_67a0_48d3_8b2b_284cb0cfba80] Found no committed offset for partition topic-d242346e_67a0_48d3_8b2b_284cb0cfba80-0
2025-08-13 16:42:55,615 INFO  [org.apa.kaf.cli.con.int.SubscriptionState] (Thread-673) [Consumer clientId=consumer-Consumer-topic-d242346e_67a0_48d3_8b2b_284cb0cfba80-10, groupId=Consumer-topic-d242346e_67a0_48d3_8b2b_284cb0cfba80] Resetting offset for partition topic-d242346e_67a0_48d3_8b2b_284cb0cfba80-0 to position FetchPosition{offset=0, offsetEpoch=Optional.empty, currentLeader=LeaderAndEpoch{leader=Optional[localhost:32769 (id: 0 rack: null)], epoch=0}}.
2025-08-13 16:42:55,848 INFO  [io.api.tes.ser.api.KafkaSerdesTester] (Thread-673) topic-d242346e_67a0_48d3_8b2b_284cb0cfba80 0 0 {"key11755103371195": "value-0"}
2025-08-13 16:42:55,848 INFO  [io.api.tes.ser.api.KafkaSerdesTester] (Thread-673) topic-d242346e_67a0_48d3_8b2b_284cb0cfba80 0 1 {"key11755103371195": "value-1"}
2025-08-13 16:42:55,848 INFO  [io.api.tes.ser.api.KafkaSerdesTester] (Thread-673) topic-d242346e_67a0_48d3_8b2b_284cb0cfba80 0 2 {"key11755103371195": "value-2"}
2025-08-13 16:42:55,848 INFO  [io.api.tes.ser.api.KafkaSerdesTester] (Thread-673) topic-d242346e_67a0_48d3_8b2b_284cb0cfba80 0 3 {"key11755103371195": "value-3"}
2025-08-13 16:42:55,848 INFO  [io.api.tes.ser.api.KafkaSerdesTester] (Thread-673) topic-d242346e_67a0_48d3_8b2b_284cb0cfba80 0 4 {"key11755103371195": "value-4"}
2025-08-13 16:42:55,848 INFO  [io.api.tes.ser.api.KafkaSerdesTester] (Thread-673) topic-d242346e_67a0_48d3_8b2b_284cb0cfba80 0 5 {"key11755103371195": "value-5"}
2025-08-13 16:42:55,848 INFO  [io.api.tes.ser.api.KafkaSerdesTester] (Thread-673) topic-d242346e_67a0_48d3_8b2b_284cb0cfba80 0 6 {"key11755103371195": "value-6"}
2025-08-13 16:42:55,849 INFO  [io.api.tes.ser.api.KafkaSerdesTester] (Thread-673) topic-d242346e_67a0_48d3_8b2b_284cb0cfba80 0 7 {"key11755103371195": "value-7"}
2025-08-13 16:42:55,849 INFO  [io.api.tes.ser.api.KafkaSerdesTester] (Thread-673) topic-d242346e_67a0_48d3_8b2b_284cb0cfba80 0 8 {"key11755103371195": "value-8"}
2025-08-13 16:42:55,849 INFO  [io.api.tes.ser.api.KafkaSerdesTester] (Thread-673) topic-d242346e_67a0_48d3_8b2b_284cb0cfba80 0 9 {"key11755103371195": "value-9"}
2025-08-13 16:42:55,849 INFO  [io.api.tes.ser.api.KafkaSerdesTester] (Thread-673) Consumed 10 messages
2025-08-13 16:42:55,859 INFO  [org.apa.kaf.cli.con.int.ConsumerRebalanceListenerInvoker] (Thread-673) [Consumer clientId=consumer-Consumer-topic-d242346e_67a0_48d3_8b2b_284cb0cfba80-10, groupId=Consumer-topic-d242346e_67a0_48d3_8b2b_284cb0cfba80] Revoke previously assigned partitions topic-d242346e_67a0_48d3_8b2b_284cb0cfba80-0
2025-08-13 16:42:55,859 INFO  [org.apa.kaf.cli.con.int.ConsumerCoordinator] (Thread-673) [Consumer clientId=consumer-Consumer-topic-d242346e_67a0_48d3_8b2b_284cb0cfba80-10, groupId=Consumer-topic-d242346e_67a0_48d3_8b2b_284cb0cfba80] Member consumer-Consumer-topic-d242346e_67a0_48d3_8b2b_284cb0cfba80-10-f8d1f84a-e7e3-4a33-a9b2-c4d09b8980c8 sending LeaveGroup request to coordinator localhost:32769 (id: 2147483647 rack: null) due to the consumer is being closed
2025-08-13 16:42:55,860 INFO  [org.apa.kaf.cli.con.int.ConsumerCoordinator] (Thread-673) [Consumer clientId=consumer-Consumer-topic-d242346e_67a0_48d3_8b2b_284cb0cfba80-10, groupId=Consumer-topic-d242346e_67a0_48d3_8b2b_284cb0cfba80] Resetting generation and member id due to: consumer pro-actively leaving the group
2025-08-13 16:42:55,860 INFO  [org.apa.kaf.cli.con.int.ConsumerCoordinator] (Thread-673) [Consumer clientId=consumer-Consumer-topic-d242346e_67a0_48d3_8b2b_284cb0cfba80-10, groupId=Consumer-topic-d242346e_67a0_48d3_8b2b_284cb0cfba80] Request joining group due to: consumer pro-actively leaving the group
2025-08-13 16:42:56,353 INFO  [org.apa.kaf.com.met.Metrics] (Thread-673) Metrics scheduler closed
2025-08-13 16:42:56,353 INFO  [org.apa.kaf.com.met.Metrics] (Thread-673) Closing reporter org.apache.kafka.common.metrics.JmxReporter
2025-08-13 16:42:56,353 INFO  [org.apa.kaf.com.met.Metrics] (Thread-673) Closing reporter org.apache.kafka.common.telemetry.internals.ClientTelemetryReporter
2025-08-13 16:42:56,353 INFO  [org.apa.kaf.com.met.Metrics] (Thread-673) Metrics reporters closed
2025-08-13 16:42:56,356 INFO  [org.apa.kaf.com.uti.AppInfoParser] (Thread-673) App info kafka.consumer for consumer-Consumer-topic-d242346e_67a0_48d3_8b2b_284cb0cfba80-10 unregistered
2025-08-13 16:42:56,356 INFO  [io.api.tes.ser.api.AvroSerdeIT] (main) Registering Avro Schema 2: {"type":"record","name":"sf35ddb6ax73f2x4323x8990x585b84432026","namespace":"ns_4356a655_ccef_4fc1_becf_8d93490f8c8b","fields":[{"name":"key11755103371195","type":"string"},{"name":"key21755103376356","type":"string"}]}
**** Registry Base URL: http://registry-app-mysql.apps.ci419.apicurio-testing.org:80
2025-08-13 16:42:57,557 INFO  [org.apa.kaf.cli.pro.ProducerConfig] (main) ProducerConfig values: 
	acks = -1
	auto.include.jmx.reporter = true
	batch.size = 16384
	bootstrap.servers = [PLAINTEXT://localhost:32769]
	buffer.memory = 33554432
	client.dns.lookup = use_all_dns_ips
	client.id = Producer-topic-d242346e_67a0_48d3_8b2b_284cb0cfba80
	compression.gzip.level = -1
	compression.lz4.level = 9
	compression.type = none
	compression.zstd.level = 3
	connections.max.idle.ms = 10000
	delivery.timeout.ms = 120000
	enable.idempotence = true
	enable.metrics.push = true
	interceptor.classes = []
	key.serializer = class org.apache.kafka.common.serialization.StringSerializer
	linger.ms = 0
	max.block.ms = 60000
	max.in.flight.requests.per.connection = 5
	max.request.size = 1048576
	metadata.max.age.ms = 300000
	metadata.max.idle.ms = 300000
	metadata.recovery.strategy = none
	metric.reporters = []
	metrics.num.samples = 2
	metrics.recording.level = INFO
	metrics.sample.window.ms = 30000
	partitioner.adaptive.partitioning.enable = true
	partitioner.availability.timeout.ms = 0
	partitioner.class = null
	partitioner.ignore.keys = false
	receive.buffer.bytes = 32768
	reconnect.backoff.max.ms = 1000
	reconnect.backoff.ms = 50
	request.timeout.ms = 5000
	retries = 2147483647
	retry.backoff.max.ms = 1000
	retry.backoff.ms = 100
	sasl.client.callback.handler.class = null
	sasl.jaas.config = null
	sasl.kerberos.kinit.cmd = /usr/bin/kinit
	sasl.kerberos.min.time.before.relogin = 60000
	sasl.kerberos.service.name = null
	sasl.kerberos.ticket.renew.jitter = 0.05
	sasl.kerberos.ticket.renew.window.factor = 0.8
	sasl.login.callback.handler.class = null
	sasl.login.class = null
	sasl.login.connect.timeout.ms = null
	sasl.login.read.timeout.ms = null
	sasl.login.refresh.buffer.seconds = 300
	sasl.login.refresh.min.period.seconds = 60
	sasl.login.refresh.window.factor = 0.8
	sasl.login.refresh.window.jitter = 0.05
	sasl.login.retry.backoff.max.ms = 10000
	sasl.login.retry.backoff.ms = 100
	sasl.mechanism = GSSAPI
	sasl.oauthbearer.clock.skew.seconds = 30
	sasl.oauthbearer.expected.audience = null
	sasl.oauthbearer.expected.issuer = null
	sasl.oauthbearer.header.urlencode = false
	sasl.oauthbearer.jwks.endpoint.refresh.ms = 3600000
	sasl.oauthbearer.jwks.endpoint.retry.backoff.max.ms = 10000
	sasl.oauthbearer.jwks.endpoint.retry.backoff.ms = 100
	sasl.oauthbearer.jwks.endpoint.url = null
	sasl.oauthbearer.scope.claim.name = scope
	sasl.oauthbearer.sub.claim.name = sub
	sasl.oauthbearer.token.endpoint.url = null
	security.protocol = PLAINTEXT
	security.providers = null
	send.buffer.bytes = 131072
	socket.connection.setup.timeout.max.ms = 30000
	socket.connection.setup.timeout.ms = 10000
	ssl.cipher.suites = null
	ssl.enabled.protocols = [TLSv1.2, TLSv1.3]
	ssl.endpoint.identification.algorithm = https
	ssl.engine.factory.class = null
	ssl.key.password = null
	ssl.keymanager.algorithm = SunX509
	ssl.keystore.certificate.chain = null
	ssl.keystore.key = null
	ssl.keystore.location = null
	ssl.keystore.password = null
	ssl.keystore.type = JKS
	ssl.protocol = TLSv1.3
	ssl.provider = null
	ssl.secure.random.implementation = null
	ssl.trustmanager.algorithm = PKIX
	ssl.truststore.certificates = null
	ssl.truststore.location = null
	ssl.truststore.password = null
	ssl.truststore.type = JKS
	transaction.timeout.ms = 60000
	transactional.id = null
	value.serializer = class io.apicurio.registry.serde.avro.AvroKafkaSerializer

2025-08-13 16:42:57,557 INFO  [org.apa.kaf.com.tel.int.KafkaMetricsCollector] (main) initializing Kafka metrics collector
2025-08-13 16:42:57,560 INFO  [org.apa.kaf.cli.pro.KafkaProducer] (main) [Producer clientId=Producer-topic-d242346e_67a0_48d3_8b2b_284cb0cfba80] Instantiated an idempotent producer.
2025-08-13 16:42:57,561 INFO  [org.apa.kaf.cli.pro.ProducerConfig] (main) These configurations '[apicurio.registry.url, apicurio.registry.artifact-resolver-strategy]' were supplied but are not used yet.
2025-08-13 16:42:57,562 INFO  [org.apa.kaf.com.uti.AppInfoParser] (main) Kafka version: 3.9.1
2025-08-13 16:42:57,562 INFO  [org.apa.kaf.com.uti.AppInfoParser] (main) Kafka commitId: f745dfdcee2b9851
2025-08-13 16:42:57,562 INFO  [org.apa.kaf.com.uti.AppInfoParser] (main) Kafka startTimeMs: 1755103377561
2025-08-13 16:42:57,562 INFO  [io.api.tes.ser.api.KafkaSerdesTester] (Thread-676) Sending message {"key11755103371195": "value-0", "key21755103376356": "value-0"} to topic topic-d242346e_67a0_48d3_8b2b_284cb0cfba80
2025-08-13 16:42:57,568 INFO  [org.apa.kaf.cli.Metadata] (kafka-producer-network-thread | Producer-topic-d242346e_67a0_48d3_8b2b_284cb0cfba80) [Producer clientId=Producer-topic-d242346e_67a0_48d3_8b2b_284cb0cfba80] Cluster ID: qKHj6WxtSVqL2ounD9m8uw
2025-08-13 16:42:57,568 INFO  [DefaultSchemaResolver] (Thread-676) Retrieving schema content using string: {"type":"record","name":"sf35ddb6ax73f2x4323x8990x585b84432026","namespace":"ns_4356a655_ccef_4fc1_becf_8d93490f8c8b","fields":[{"name":"key11755103371195","type":"string"},{"name":"key21755103376356","type":"string"}]}
2025-08-13 16:42:57,570 INFO  [org.apa.kaf.cli.pro.int.TransactionManager] (kafka-producer-network-thread | Producer-topic-d242346e_67a0_48d3_8b2b_284cb0cfba80) [Producer clientId=Producer-topic-d242346e_67a0_48d3_8b2b_284cb0cfba80] ProducerId set to 13 with epoch 0
2025-08-13 16:42:57,732 INFO  [io.api.tes.ser.api.KafkaSerdesTester] (Thread-676) Sending message {"key11755103371195": "value-1", "key21755103376356": "value-1"} to topic topic-d242346e_67a0_48d3_8b2b_284cb0cfba80
2025-08-13 16:42:57,734 INFO  [io.api.tes.ser.api.KafkaSerdesTester] (Thread-676) Sending message {"key11755103371195": "value-2", "key21755103376356": "value-2"} to topic topic-d242346e_67a0_48d3_8b2b_284cb0cfba80
2025-08-13 16:42:57,737 INFO  [io.api.tes.ser.api.KafkaSerdesTester] (Thread-676) Sending message {"key11755103371195": "value-3", "key21755103376356": "value-3"} to topic topic-d242346e_67a0_48d3_8b2b_284cb0cfba80
2025-08-13 16:42:57,738 INFO  [io.api.tes.ser.api.KafkaSerdesTester] (Thread-676) Sending message {"key11755103371195": "value-4", "key21755103376356": "value-4"} to topic topic-d242346e_67a0_48d3_8b2b_284cb0cfba80
2025-08-13 16:42:57,740 INFO  [io.api.tes.ser.api.KafkaSerdesTester] (Thread-676) Sending message {"key11755103371195": "value-5", "key21755103376356": "value-5"} to topic topic-d242346e_67a0_48d3_8b2b_284cb0cfba80
2025-08-13 16:42:57,742 INFO  [io.api.tes.ser.api.KafkaSerdesTester] (Thread-676) Sending message {"key11755103371195": "value-6", "key21755103376356": "value-6"} to topic topic-d242346e_67a0_48d3_8b2b_284cb0cfba80
2025-08-13 16:42:57,744 INFO  [io.api.tes.ser.api.KafkaSerdesTester] (Thread-676) Sending message {"key11755103371195": "value-7", "key21755103376356": "value-7"} to topic topic-d242346e_67a0_48d3_8b2b_284cb0cfba80
2025-08-13 16:42:57,746 INFO  [io.api.tes.ser.api.KafkaSerdesTester] (Thread-676) Sending message {"key11755103371195": "value-8", "key21755103376356": "value-8"} to topic topic-d242346e_67a0_48d3_8b2b_284cb0cfba80
2025-08-13 16:42:57,747 INFO  [io.api.tes.ser.api.KafkaSerdesTester] (Thread-676) Sending message {"key11755103371195": "value-9", "key21755103376356": "value-9"} to topic topic-d242346e_67a0_48d3_8b2b_284cb0cfba80
2025-08-13 16:42:57,748 INFO  [io.api.tes.ser.api.KafkaSerdesTester] (Thread-676) Produced 10 messages
2025-08-13 16:42:57,749 INFO  [org.apa.kaf.cli.pro.KafkaProducer] (Thread-676) [Producer clientId=Producer-topic-d242346e_67a0_48d3_8b2b_284cb0cfba80] Closing the Kafka producer with timeoutMillis = 9223372036854775807 ms.
2025-08-13 16:42:57,750 INFO  [org.apa.kaf.com.met.Metrics] (Thread-676) Metrics scheduler closed
2025-08-13 16:42:57,750 INFO  [org.apa.kaf.com.met.Metrics] (Thread-676) Closing reporter org.apache.kafka.common.metrics.JmxReporter
2025-08-13 16:42:57,750 INFO  [org.apa.kaf.com.met.Metrics] (Thread-676) Closing reporter org.apache.kafka.common.telemetry.internals.ClientTelemetryReporter
2025-08-13 16:42:57,750 INFO  [org.apa.kaf.com.met.Metrics] (Thread-676) Metrics reporters closed
2025-08-13 16:42:57,751 INFO  [org.apa.kaf.com.uti.AppInfoParser] (Thread-676) App info kafka.producer for Producer-topic-d242346e_67a0_48d3_8b2b_284cb0cfba80 unregistered
**** Registry Base URL: http://registry-app-mysql.apps.ci419.apicurio-testing.org:80
2025-08-13 16:42:57,751 INFO  [org.apa.kaf.cli.pro.ProducerConfig] (main) ProducerConfig values: 
	acks = -1
	auto.include.jmx.reporter = true
	batch.size = 16384
	bootstrap.servers = [PLAINTEXT://localhost:32769]
	buffer.memory = 33554432
	client.dns.lookup = use_all_dns_ips
	client.id = Producer-topic-d242346e_67a0_48d3_8b2b_284cb0cfba80
	compression.gzip.level = -1
	compression.lz4.level = 9
	compression.type = none
	compression.zstd.level = 3
	connections.max.idle.ms = 10000
	delivery.timeout.ms = 120000
	enable.idempotence = true
	enable.metrics.push = true
	interceptor.classes = []
	key.serializer = class org.apache.kafka.common.serialization.StringSerializer
	linger.ms = 0
	max.block.ms = 60000
	max.in.flight.requests.per.connection = 5
	max.request.size = 1048576
	metadata.max.age.ms = 300000
	metadata.max.idle.ms = 300000
	metadata.recovery.strategy = none
	metric.reporters = []
	metrics.num.samples = 2
	metrics.recording.level = INFO
	metrics.sample.window.ms = 30000
	partitioner.adaptive.partitioning.enable = true
	partitioner.availability.timeout.ms = 0
	partitioner.class = null
	partitioner.ignore.keys = false
	receive.buffer.bytes = 32768
	reconnect.backoff.max.ms = 1000
	reconnect.backoff.ms = 50
	request.timeout.ms = 5000
	retries = 2147483647
	retry.backoff.max.ms = 1000
	retry.backoff.ms = 100
	sasl.client.callback.handler.class = null
	sasl.jaas.config = null
	sasl.kerberos.kinit.cmd = /usr/bin/kinit
	sasl.kerberos.min.time.before.relogin = 60000
	sasl.kerberos.service.name = null
	sasl.kerberos.ticket.renew.jitter = 0.05
	sasl.kerberos.ticket.renew.window.factor = 0.8
	sasl.login.callback.handler.class = null
	sasl.login.class = null
	sasl.login.connect.timeout.ms = null
	sasl.login.read.timeout.ms = null
	sasl.login.refresh.buffer.seconds = 300
	sasl.login.refresh.min.period.seconds = 60
	sasl.login.refresh.window.factor = 0.8
	sasl.login.refresh.window.jitter = 0.05
	sasl.login.retry.backoff.max.ms = 10000
	sasl.login.retry.backoff.ms = 100
	sasl.mechanism = GSSAPI
	sasl.oauthbearer.clock.skew.seconds = 30
	sasl.oauthbearer.expected.audience = null
	sasl.oauthbearer.expected.issuer = null
	sasl.oauthbearer.header.urlencode = false
	sasl.oauthbearer.jwks.endpoint.refresh.ms = 3600000
	sasl.oauthbearer.jwks.endpoint.retry.backoff.max.ms = 10000
	sasl.oauthbearer.jwks.endpoint.retry.backoff.ms = 100
	sasl.oauthbearer.jwks.endpoint.url = null
	sasl.oauthbearer.scope.claim.name = scope
	sasl.oauthbearer.sub.claim.name = sub
	sasl.oauthbearer.token.endpoint.url = null
	security.protocol = PLAINTEXT
	security.providers = null
	send.buffer.bytes = 131072
	socket.connection.setup.timeout.max.ms = 30000
	socket.connection.setup.timeout.ms = 10000
	ssl.cipher.suites = null
	ssl.enabled.protocols = [TLSv1.2, TLSv1.3]
	ssl.endpoint.identification.algorithm = https
	ssl.engine.factory.class = null
	ssl.key.password = null
	ssl.keymanager.algorithm = SunX509
	ssl.keystore.certificate.chain = null
	ssl.keystore.key = null
	ssl.keystore.location = null
	ssl.keystore.password = null
	ssl.keystore.type = JKS
	ssl.protocol = TLSv1.3
	ssl.provider = null
	ssl.secure.random.implementation = null
	ssl.trustmanager.algorithm = PKIX
	ssl.truststore.certificates = null
	ssl.truststore.location = null
	ssl.truststore.password = null
	ssl.truststore.type = JKS
	transaction.timeout.ms = 60000
	transactional.id = null
	value.serializer = class io.apicurio.registry.serde.avro.AvroKafkaSerializer

2025-08-13 16:42:57,752 INFO  [org.apa.kaf.com.tel.int.KafkaMetricsCollector] (main) initializing Kafka metrics collector
2025-08-13 16:42:57,756 INFO  [org.apa.kaf.cli.pro.KafkaProducer] (main) [Producer clientId=Producer-topic-d242346e_67a0_48d3_8b2b_284cb0cfba80] Instantiated an idempotent producer.
2025-08-13 16:42:57,758 INFO  [org.apa.kaf.cli.pro.ProducerConfig] (main) These configurations '[apicurio.registry.url, apicurio.registry.artifact-resolver-strategy]' were supplied but are not used yet.
2025-08-13 16:42:57,758 INFO  [org.apa.kaf.com.uti.AppInfoParser] (main) Kafka version: 3.9.1
2025-08-13 16:42:57,758 INFO  [org.apa.kaf.com.uti.AppInfoParser] (main) Kafka commitId: f745dfdcee2b9851
2025-08-13 16:42:57,758 INFO  [org.apa.kaf.com.uti.AppInfoParser] (main) Kafka startTimeMs: 1755103377758
2025-08-13 16:42:57,759 INFO  [io.api.tes.ser.api.KafkaSerdesTester] (Thread-679) Sending message {"key11755103371195": "value-0"} to topic topic-d242346e_67a0_48d3_8b2b_284cb0cfba80
2025-08-13 16:42:57,762 INFO  [org.apa.kaf.cli.Metadata] (kafka-producer-network-thread | Producer-topic-d242346e_67a0_48d3_8b2b_284cb0cfba80) [Producer clientId=Producer-topic-d242346e_67a0_48d3_8b2b_284cb0cfba80] Cluster ID: qKHj6WxtSVqL2ounD9m8uw
2025-08-13 16:42:57,763 INFO  [org.apa.kaf.cli.pro.int.TransactionManager] (kafka-producer-network-thread | Producer-topic-d242346e_67a0_48d3_8b2b_284cb0cfba80) [Producer clientId=Producer-topic-d242346e_67a0_48d3_8b2b_284cb0cfba80] ProducerId set to 14 with epoch 0
2025-08-13 16:42:57,763 INFO  [DefaultSchemaResolver] (Thread-679) Retrieving schema content using string: {"type":"record","name":"sf35ddb6ax73f2x4323x8990x585b84432026","namespace":"ns_4356a655_ccef_4fc1_becf_8d93490f8c8b","fields":[{"name":"key11755103371195","type":"string"}]}
2025-08-13 16:42:57,929 INFO  [io.api.tes.ser.api.KafkaSerdesTester] (Thread-679) Sending message {"key11755103371195": "value-1"} to topic topic-d242346e_67a0_48d3_8b2b_284cb0cfba80
2025-08-13 16:42:57,931 INFO  [io.api.tes.ser.api.KafkaSerdesTester] (Thread-679) Sending message {"key11755103371195": "value-2"} to topic topic-d242346e_67a0_48d3_8b2b_284cb0cfba80
2025-08-13 16:42:57,933 INFO  [io.api.tes.ser.api.KafkaSerdesTester] (Thread-679) Sending message {"key11755103371195": "value-3"} to topic topic-d242346e_67a0_48d3_8b2b_284cb0cfba80
2025-08-13 16:42:57,934 INFO  [io.api.tes.ser.api.KafkaSerdesTester] (Thread-679) Sending message {"key11755103371195": "value-4"} to topic topic-d242346e_67a0_48d3_8b2b_284cb0cfba80
2025-08-13 16:42:57,936 INFO  [io.api.tes.ser.api.KafkaSerdesTester] (Thread-679) Sending message {"key11755103371195": "value-5"} to topic topic-d242346e_67a0_48d3_8b2b_284cb0cfba80
2025-08-13 16:42:57,937 INFO  [io.api.tes.ser.api.KafkaSerdesTester] (Thread-679) Sending message {"key11755103371195": "value-6"} to topic topic-d242346e_67a0_48d3_8b2b_284cb0cfba80
2025-08-13 16:42:57,939 INFO  [io.api.tes.ser.api.KafkaSerdesTester] (Thread-679) Sending message {"key11755103371195": "value-7"} to topic topic-d242346e_67a0_48d3_8b2b_284cb0cfba80
2025-08-13 16:42:57,941 INFO  [io.api.tes.ser.api.KafkaSerdesTester] (Thread-679) Sending message {"key11755103371195": "value-8"} to topic topic-d242346e_67a0_48d3_8b2b_284cb0cfba80
2025-08-13 16:42:57,942 INFO  [io.api.tes.ser.api.KafkaSerdesTester] (Thread-679) Sending message {"key11755103371195": "value-9"} to topic topic-d242346e_67a0_48d3_8b2b_284cb0cfba80
2025-08-13 16:42:57,943 INFO  [io.api.tes.ser.api.KafkaSerdesTester] (Thread-679) Produced 10 messages
2025-08-13 16:42:57,943 INFO  [org.apa.kaf.cli.pro.KafkaProducer] (Thread-679) [Producer clientId=Producer-topic-d242346e_67a0_48d3_8b2b_284cb0cfba80] Closing the Kafka producer with timeoutMillis = 9223372036854775807 ms.
2025-08-13 16:42:57,945 INFO  [org.apa.kaf.com.met.Metrics] (Thread-679) Metrics scheduler closed
2025-08-13 16:42:57,945 INFO  [org.apa.kaf.com.met.Metrics] (Thread-679) Closing reporter org.apache.kafka.common.metrics.JmxReporter
2025-08-13 16:42:57,945 INFO  [org.apa.kaf.com.met.Metrics] (Thread-679) Closing reporter org.apache.kafka.common.telemetry.internals.ClientTelemetryReporter
2025-08-13 16:42:57,945 INFO  [org.apa.kaf.com.met.Metrics] (Thread-679) Metrics reporters closed
2025-08-13 16:42:57,946 INFO  [org.apa.kaf.com.uti.AppInfoParser] (Thread-679) App info kafka.producer for Producer-topic-d242346e_67a0_48d3_8b2b_284cb0cfba80 unregistered
**** Registry Base URL: http://registry-app-mysql.apps.ci419.apicurio-testing.org:80
2025-08-13 16:42:57,947 INFO  [org.apa.kaf.cli.con.ConsumerConfig] (main) ConsumerConfig values: 
	allow.auto.create.topics = true
	auto.commit.interval.ms = 500
	auto.include.jmx.reporter = true
	auto.offset.reset = earliest
	bootstrap.servers = [PLAINTEXT://localhost:32769]
	check.crcs = true
	client.dns.lookup = use_all_dns_ips
	client.id = consumer-Consumer-topic-d242346e_67a0_48d3_8b2b_284cb0cfba80-11
	client.rack = 
	connections.max.idle.ms = 10000
	default.api.timeout.ms = 60000
	enable.auto.commit = true
	enable.metrics.push = true
	exclude.internal.topics = true
	fetch.max.bytes = 52428800
	fetch.max.wait.ms = 500
	fetch.min.bytes = 1
	group.id = Consumer-topic-d242346e_67a0_48d3_8b2b_284cb0cfba80
	group.instance.id = null
	group.protocol = classic
	group.remote.assignor = null
	heartbeat.interval.ms = 3000
	interceptor.classes = []
	internal.leave.group.on.close = true
	internal.throw.on.fetch.stable.offset.unsupported = false
	isolation.level = read_uncommitted
	key.deserializer = class org.apache.kafka.common.serialization.StringDeserializer
	max.partition.fetch.bytes = 1048576
	max.poll.interval.ms = 300000
	max.poll.records = 500
	metadata.max.age.ms = 300000
	metadata.recovery.strategy = none
	metric.reporters = []
	metrics.num.samples = 2
	metrics.recording.level = INFO
	metrics.sample.window.ms = 30000
	partition.assignment.strategy = [class org.apache.kafka.clients.consumer.RangeAssignor, class org.apache.kafka.clients.consumer.CooperativeStickyAssignor]
	receive.buffer.bytes = 65536
	reconnect.backoff.max.ms = 1000
	reconnect.backoff.ms = 50
	request.timeout.ms = 5000
	retry.backoff.max.ms = 1000
	retry.backoff.ms = 100
	sasl.client.callback.handler.class = null
	sasl.jaas.config = null
	sasl.kerberos.kinit.cmd = /usr/bin/kinit
	sasl.kerberos.min.time.before.relogin = 60000
	sasl.kerberos.service.name = null
	sasl.kerberos.ticket.renew.jitter = 0.05
	sasl.kerberos.ticket.renew.window.factor = 0.8
	sasl.login.callback.handler.class = null
	sasl.login.class = null
	sasl.login.connect.timeout.ms = null
	sasl.login.read.timeout.ms = null
	sasl.login.refresh.buffer.seconds = 300
	sasl.login.refresh.min.period.seconds = 60
	sasl.login.refresh.window.factor = 0.8
	sasl.login.refresh.window.jitter = 0.05
	sasl.login.retry.backoff.max.ms = 10000
	sasl.login.retry.backoff.ms = 100
	sasl.mechanism = GSSAPI
	sasl.oauthbearer.clock.skew.seconds = 30
	sasl.oauthbearer.expected.audience = null
	sasl.oauthbearer.expected.issuer = null
	sasl.oauthbearer.header.urlencode = false
	sasl.oauthbearer.jwks.endpoint.refresh.ms = 3600000
	sasl.oauthbearer.jwks.endpoint.retry.backoff.max.ms = 10000
	sasl.oauthbearer.jwks.endpoint.retry.backoff.ms = 100
	sasl.oauthbearer.jwks.endpoint.url = null
	sasl.oauthbearer.scope.claim.name = scope
	sasl.oauthbearer.sub.claim.name = sub
	sasl.oauthbearer.token.endpoint.url = null
	security.protocol = PLAINTEXT
	security.providers = null
	send.buffer.bytes = 131072
	session.timeout.ms = 45000
	socket.connection.setup.timeout.max.ms = 30000
	socket.connection.setup.timeout.ms = 10000
	ssl.cipher.suites = null
	ssl.enabled.protocols = [TLSv1.2, TLSv1.3]
	ssl.endpoint.identification.algorithm = https
	ssl.engine.factory.class = null
	ssl.key.password = null
	ssl.keymanager.algorithm = SunX509
	ssl.keystore.certificate.chain = null
	ssl.keystore.key = null
	ssl.keystore.location = null
	ssl.keystore.password = null
	ssl.keystore.type = JKS
	ssl.protocol = TLSv1.3
	ssl.provider = null
	ssl.secure.random.implementation = null
	ssl.trustmanager.algorithm = PKIX
	ssl.truststore.certificates = null
	ssl.truststore.location = null
	ssl.truststore.password = null
	ssl.truststore.type = JKS
	value.deserializer = class io.apicurio.registry.serde.avro.AvroKafkaDeserializer

2025-08-13 16:42:57,948 INFO  [org.apa.kaf.com.tel.int.KafkaMetricsCollector] (main) initializing Kafka metrics collector
2025-08-13 16:42:57,954 INFO  [org.apa.kaf.cli.con.ConsumerConfig] (main) These configurations '[apicurio.registry.url]' were supplied but are not used yet.
2025-08-13 16:42:57,954 INFO  [org.apa.kaf.com.uti.AppInfoParser] (main) Kafka version: 3.9.1
2025-08-13 16:42:57,954 INFO  [org.apa.kaf.com.uti.AppInfoParser] (main) Kafka commitId: f745dfdcee2b9851
2025-08-13 16:42:57,954 INFO  [org.apa.kaf.com.uti.AppInfoParser] (main) Kafka startTimeMs: 1755103377954
2025-08-13 16:42:57,955 INFO  [org.apa.kaf.cli.con.int.ClassicKafkaConsumer] (Thread-682) [Consumer clientId=consumer-Consumer-topic-d242346e_67a0_48d3_8b2b_284cb0cfba80-11, groupId=Consumer-topic-d242346e_67a0_48d3_8b2b_284cb0cfba80] Subscribed to topic(s): topic-d242346e_67a0_48d3_8b2b_284cb0cfba80
2025-08-13 16:42:57,960 INFO  [org.apa.kaf.cli.Metadata] (Thread-682) [Consumer clientId=consumer-Consumer-topic-d242346e_67a0_48d3_8b2b_284cb0cfba80-11, groupId=Consumer-topic-d242346e_67a0_48d3_8b2b_284cb0cfba80] Cluster ID: qKHj6WxtSVqL2ounD9m8uw
2025-08-13 16:42:57,960 INFO  [org.apa.kaf.cli.con.int.ConsumerCoordinator] (Thread-682) [Consumer clientId=consumer-Consumer-topic-d242346e_67a0_48d3_8b2b_284cb0cfba80-11, groupId=Consumer-topic-d242346e_67a0_48d3_8b2b_284cb0cfba80] Discovered group coordinator localhost:32769 (id: 2147483647 rack: null)
2025-08-13 16:42:57,962 INFO  [org.apa.kaf.cli.con.int.ConsumerCoordinator] (Thread-682) [Consumer clientId=consumer-Consumer-topic-d242346e_67a0_48d3_8b2b_284cb0cfba80-11, groupId=Consumer-topic-d242346e_67a0_48d3_8b2b_284cb0cfba80] (Re-)joining group
2025-08-13 16:42:57,964 INFO  [org.apa.kaf.cli.con.int.ConsumerCoordinator] (Thread-682) [Consumer clientId=consumer-Consumer-topic-d242346e_67a0_48d3_8b2b_284cb0cfba80-11, groupId=Consumer-topic-d242346e_67a0_48d3_8b2b_284cb0cfba80] Request joining group due to: need to re-join with the given member-id: consumer-Consumer-topic-d242346e_67a0_48d3_8b2b_284cb0cfba80-11-8300e843-83d9-4f84-aa9d-6840914e21ed
2025-08-13 16:42:57,964 INFO  [org.apa.kaf.cli.con.int.ConsumerCoordinator] (Thread-682) [Consumer clientId=consumer-Consumer-topic-d242346e_67a0_48d3_8b2b_284cb0cfba80-11, groupId=Consumer-topic-d242346e_67a0_48d3_8b2b_284cb0cfba80] (Re-)joining group
2025-08-13 16:42:58,955 INFO  [io.api.tes.ser.api.KafkaSerdesTester] (Thread-682) None found
2025-08-13 16:42:59,957 INFO  [io.api.tes.ser.api.KafkaSerdesTester] (Thread-682) None found
2025-08-13 16:43:00,957 INFO  [io.api.tes.ser.api.KafkaSerdesTester] (Thread-682) None found
2025-08-13 16:43:00,967 INFO  [org.apa.kaf.cli.con.int.ConsumerCoordinator] (Thread-682) [Consumer clientId=consumer-Consumer-topic-d242346e_67a0_48d3_8b2b_284cb0cfba80-11, groupId=Consumer-topic-d242346e_67a0_48d3_8b2b_284cb0cfba80] Successfully joined group with generation Generation{generationId=3, memberId='consumer-Consumer-topic-d242346e_67a0_48d3_8b2b_284cb0cfba80-11-8300e843-83d9-4f84-aa9d-6840914e21ed', protocol='range'}
2025-08-13 16:43:00,967 INFO  [org.apa.kaf.cli.con.int.ConsumerCoordinator] (Thread-682) [Consumer clientId=consumer-Consumer-topic-d242346e_67a0_48d3_8b2b_284cb0cfba80-11, groupId=Consumer-topic-d242346e_67a0_48d3_8b2b_284cb0cfba80] Finished assignment for group at generation 3: {consumer-Consumer-topic-d242346e_67a0_48d3_8b2b_284cb0cfba80-11-8300e843-83d9-4f84-aa9d-6840914e21ed=Assignment(partitions=[topic-d242346e_67a0_48d3_8b2b_284cb0cfba80-0])}
2025-08-13 16:43:00,974 INFO  [org.apa.kaf.cli.con.int.ConsumerCoordinator] (Thread-682) [Consumer clientId=consumer-Consumer-topic-d242346e_67a0_48d3_8b2b_284cb0cfba80-11, groupId=Consumer-topic-d242346e_67a0_48d3_8b2b_284cb0cfba80] Successfully synced group in generation Generation{generationId=3, memberId='consumer-Consumer-topic-d242346e_67a0_48d3_8b2b_284cb0cfba80-11-8300e843-83d9-4f84-aa9d-6840914e21ed', protocol='range'}
2025-08-13 16:43:00,975 INFO  [org.apa.kaf.cli.con.int.ConsumerCoordinator] (Thread-682) [Consumer clientId=consumer-Consumer-topic-d242346e_67a0_48d3_8b2b_284cb0cfba80-11, groupId=Consumer-topic-d242346e_67a0_48d3_8b2b_284cb0cfba80] Notifying assignor about the new Assignment(partitions=[topic-d242346e_67a0_48d3_8b2b_284cb0cfba80-0])
2025-08-13 16:43:00,975 INFO  [org.apa.kaf.cli.con.int.ConsumerRebalanceListenerInvoker] (Thread-682) [Consumer clientId=consumer-Consumer-topic-d242346e_67a0_48d3_8b2b_284cb0cfba80-11, groupId=Consumer-topic-d242346e_67a0_48d3_8b2b_284cb0cfba80] Adding newly assigned partitions: topic-d242346e_67a0_48d3_8b2b_284cb0cfba80-0
2025-08-13 16:43:00,976 INFO  [org.apa.kaf.cli.con.int.ConsumerUtils] (Thread-682) Setting offset for partition topic-d242346e_67a0_48d3_8b2b_284cb0cfba80-0 to the committed offset FetchPosition{offset=10, offsetEpoch=Optional[0], currentLeader=LeaderAndEpoch{leader=Optional[localhost:32769 (id: 0 rack: null)], epoch=0}}
2025-08-13 16:43:01,395 INFO  [io.api.tes.ser.api.KafkaSerdesTester] (Thread-682) topic-d242346e_67a0_48d3_8b2b_284cb0cfba80 0 10 {"key11755103371195": "value-0", "key21755103376356": "value-0"}
2025-08-13 16:43:01,395 INFO  [io.api.tes.ser.api.KafkaSerdesTester] (Thread-682) topic-d242346e_67a0_48d3_8b2b_284cb0cfba80 0 11 {"key11755103371195": "value-1", "key21755103376356": "value-1"}
2025-08-13 16:43:01,395 INFO  [io.api.tes.ser.api.KafkaSerdesTester] (Thread-682) topic-d242346e_67a0_48d3_8b2b_284cb0cfba80 0 12 {"key11755103371195": "value-2", "key21755103376356": "value-2"}
2025-08-13 16:43:01,395 INFO  [io.api.tes.ser.api.KafkaSerdesTester] (Thread-682) topic-d242346e_67a0_48d3_8b2b_284cb0cfba80 0 13 {"key11755103371195": "value-3", "key21755103376356": "value-3"}
2025-08-13 16:43:01,396 INFO  [io.api.tes.ser.api.KafkaSerdesTester] (Thread-682) topic-d242346e_67a0_48d3_8b2b_284cb0cfba80 0 14 {"key11755103371195": "value-4", "key21755103376356": "value-4"}
2025-08-13 16:43:01,396 INFO  [io.api.tes.ser.api.KafkaSerdesTester] (Thread-682) topic-d242346e_67a0_48d3_8b2b_284cb0cfba80 0 15 {"key11755103371195": "value-5", "key21755103376356": "value-5"}
2025-08-13 16:43:01,396 INFO  [io.api.tes.ser.api.KafkaSerdesTester] (Thread-682) topic-d242346e_67a0_48d3_8b2b_284cb0cfba80 0 16 {"key11755103371195": "value-6", "key21755103376356": "value-6"}
2025-08-13 16:43:01,396 INFO  [io.api.tes.ser.api.KafkaSerdesTester] (Thread-682) topic-d242346e_67a0_48d3_8b2b_284cb0cfba80 0 17 {"key11755103371195": "value-7", "key21755103376356": "value-7"}
2025-08-13 16:43:01,396 INFO  [io.api.tes.ser.api.KafkaSerdesTester] (Thread-682) topic-d242346e_67a0_48d3_8b2b_284cb0cfba80 0 18 {"key11755103371195": "value-8", "key21755103376356": "value-8"}
2025-08-13 16:43:01,396 INFO  [io.api.tes.ser.api.KafkaSerdesTester] (Thread-682) topic-d242346e_67a0_48d3_8b2b_284cb0cfba80 0 19 {"key11755103371195": "value-9", "key21755103376356": "value-9"}
2025-08-13 16:43:01,396 INFO  [io.api.tes.ser.api.KafkaSerdesTester] (Thread-682) topic-d242346e_67a0_48d3_8b2b_284cb0cfba80 0 20 {"key11755103371195": "value-0"}
2025-08-13 16:43:01,396 INFO  [io.api.tes.ser.api.KafkaSerdesTester] (Thread-682) topic-d242346e_67a0_48d3_8b2b_284cb0cfba80 0 21 {"key11755103371195": "value-1"}
2025-08-13 16:43:01,396 INFO  [io.api.tes.ser.api.KafkaSerdesTester] (Thread-682) topic-d242346e_67a0_48d3_8b2b_284cb0cfba80 0 22 {"key11755103371195": "value-2"}
2025-08-13 16:43:01,396 INFO  [io.api.tes.ser.api.KafkaSerdesTester] (Thread-682) topic-d242346e_67a0_48d3_8b2b_284cb0cfba80 0 23 {"key11755103371195": "value-3"}
2025-08-13 16:43:01,396 INFO  [io.api.tes.ser.api.KafkaSerdesTester] (Thread-682) topic-d242346e_67a0_48d3_8b2b_284cb0cfba80 0 24 {"key11755103371195": "value-4"}
2025-08-13 16:43:01,396 INFO  [io.api.tes.ser.api.KafkaSerdesTester] (Thread-682) topic-d242346e_67a0_48d3_8b2b_284cb0cfba80 0 25 {"key11755103371195": "value-5"}
2025-08-13 16:43:01,396 INFO  [io.api.tes.ser.api.KafkaSerdesTester] (Thread-682) topic-d242346e_67a0_48d3_8b2b_284cb0cfba80 0 26 {"key11755103371195": "value-6"}
2025-08-13 16:43:01,396 INFO  [io.api.tes.ser.api.KafkaSerdesTester] (Thread-682) topic-d242346e_67a0_48d3_8b2b_284cb0cfba80 0 27 {"key11755103371195": "value-7"}
2025-08-13 16:43:01,396 INFO  [io.api.tes.ser.api.KafkaSerdesTester] (Thread-682) topic-d242346e_67a0_48d3_8b2b_284cb0cfba80 0 28 {"key11755103371195": "value-8"}
2025-08-13 16:43:01,396 INFO  [io.api.tes.ser.api.KafkaSerdesTester] (Thread-682) topic-d242346e_67a0_48d3_8b2b_284cb0cfba80 0 29 {"key11755103371195": "value-9"}
2025-08-13 16:43:01,396 INFO  [io.api.tes.ser.api.KafkaSerdesTester] (Thread-682) Consumed 20 messages
2025-08-13 16:43:01,402 INFO  [org.apa.kaf.cli.con.int.ConsumerRebalanceListenerInvoker] (Thread-682) [Consumer clientId=consumer-Consumer-topic-d242346e_67a0_48d3_8b2b_284cb0cfba80-11, groupId=Consumer-topic-d242346e_67a0_48d3_8b2b_284cb0cfba80] Revoke previously assigned partitions topic-d242346e_67a0_48d3_8b2b_284cb0cfba80-0
2025-08-13 16:43:01,402 INFO  [org.apa.kaf.cli.con.int.ConsumerCoordinator] (Thread-682) [Consumer clientId=consumer-Consumer-topic-d242346e_67a0_48d3_8b2b_284cb0cfba80-11, groupId=Consumer-topic-d242346e_67a0_48d3_8b2b_284cb0cfba80] Member consumer-Consumer-topic-d242346e_67a0_48d3_8b2b_284cb0cfba80-11-8300e843-83d9-4f84-aa9d-6840914e21ed sending LeaveGroup request to coordinator localhost:32769 (id: 2147483647 rack: null) due to the consumer is being closed
2025-08-13 16:43:01,403 INFO  [org.apa.kaf.cli.con.int.ConsumerCoordinator] (Thread-682) [Consumer clientId=consumer-Consumer-topic-d242346e_67a0_48d3_8b2b_284cb0cfba80-11, groupId=Consumer-topic-d242346e_67a0_48d3_8b2b_284cb0cfba80] Resetting generation and member id due to: consumer pro-actively leaving the group
2025-08-13 16:43:01,403 INFO  [org.apa.kaf.cli.con.int.ConsumerCoordinator] (Thread-682) [Consumer clientId=consumer-Consumer-topic-d242346e_67a0_48d3_8b2b_284cb0cfba80-11, groupId=Consumer-topic-d242346e_67a0_48d3_8b2b_284cb0cfba80] Request joining group due to: consumer pro-actively leaving the group
2025-08-13 16:43:01,897 INFO  [org.apa.kaf.com.met.Metrics] (Thread-682) Metrics scheduler closed
2025-08-13 16:43:01,897 INFO  [org.apa.kaf.com.met.Metrics] (Thread-682) Closing reporter org.apache.kafka.common.metrics.JmxReporter
2025-08-13 16:43:01,897 INFO  [org.apa.kaf.com.met.Metrics] (Thread-682) Closing reporter org.apache.kafka.common.telemetry.internals.ClientTelemetryReporter
2025-08-13 16:43:01,897 INFO  [org.apa.kaf.com.met.Metrics] (Thread-682) Metrics reporters closed
2025-08-13 16:43:01,900 INFO  [org.apa.kaf.com.uti.AppInfoParser] (Thread-682) App info kafka.consumer for consumer-Consumer-topic-d242346e_67a0_48d3_8b2b_284cb0cfba80-11 unregistered
2025-08-13 16:43:01,901 INFO  [io.api.tes.ser.api.AvroSerdeIT] (main) Registering Avro Schema 3: {"type":"record","name":"sf35ddb6ax73f2x4323x8990x585b84432026","namespace":"ns_4356a655_ccef_4fc1_becf_8d93490f8c8b","fields":[{"name":"key11755103371195","type":"string"},{"name":"key21755103376356","type":"string"},{"name":"key31755103381901","type":"string"}]}
**** Registry Base URL: http://registry-app-mysql.apps.ci419.apicurio-testing.org:80
2025-08-13 16:43:03,101 INFO  [org.apa.kaf.cli.pro.ProducerConfig] (main) ProducerConfig values: 
	acks = -1
	auto.include.jmx.reporter = true
	batch.size = 16384
	bootstrap.servers = [PLAINTEXT://localhost:32769]
	buffer.memory = 33554432
	client.dns.lookup = use_all_dns_ips
	client.id = Producer-topic-d242346e_67a0_48d3_8b2b_284cb0cfba80
	compression.gzip.level = -1
	compression.lz4.level = 9
	compression.type = none
	compression.zstd.level = 3
	connections.max.idle.ms = 10000
	delivery.timeout.ms = 120000
	enable.idempotence = true
	enable.metrics.push = true
	interceptor.classes = []
	key.serializer = class org.apache.kafka.common.serialization.StringSerializer
	linger.ms = 0
	max.block.ms = 60000
	max.in.flight.requests.per.connection = 5
	max.request.size = 1048576
	metadata.max.age.ms = 300000
	metadata.max.idle.ms = 300000
	metadata.recovery.strategy = none
	metric.reporters = []
	metrics.num.samples = 2
	metrics.recording.level = INFO
	metrics.sample.window.ms = 30000
	partitioner.adaptive.partitioning.enable = true
	partitioner.availability.timeout.ms = 0
	partitioner.class = null
	partitioner.ignore.keys = false
	receive.buffer.bytes = 32768
	reconnect.backoff.max.ms = 1000
	reconnect.backoff.ms = 50
	request.timeout.ms = 5000
	retries = 2147483647
	retry.backoff.max.ms = 1000
	retry.backoff.ms = 100
	sasl.client.callback.handler.class = null
	sasl.jaas.config = null
	sasl.kerberos.kinit.cmd = /usr/bin/kinit
	sasl.kerberos.min.time.before.relogin = 60000
	sasl.kerberos.service.name = null
	sasl.kerberos.ticket.renew.jitter = 0.05
	sasl.kerberos.ticket.renew.window.factor = 0.8
	sasl.login.callback.handler.class = null
	sasl.login.class = null
	sasl.login.connect.timeout.ms = null
	sasl.login.read.timeout.ms = null
	sasl.login.refresh.buffer.seconds = 300
	sasl.login.refresh.min.period.seconds = 60
	sasl.login.refresh.window.factor = 0.8
	sasl.login.refresh.window.jitter = 0.05
	sasl.login.retry.backoff.max.ms = 10000
	sasl.login.retry.backoff.ms = 100
	sasl.mechanism = GSSAPI
	sasl.oauthbearer.clock.skew.seconds = 30
	sasl.oauthbearer.expected.audience = null
	sasl.oauthbearer.expected.issuer = null
	sasl.oauthbearer.header.urlencode = false
	sasl.oauthbearer.jwks.endpoint.refresh.ms = 3600000
	sasl.oauthbearer.jwks.endpoint.retry.backoff.max.ms = 10000
	sasl.oauthbearer.jwks.endpoint.retry.backoff.ms = 100
	sasl.oauthbearer.jwks.endpoint.url = null
	sasl.oauthbearer.scope.claim.name = scope
	sasl.oauthbearer.sub.claim.name = sub
	sasl.oauthbearer.token.endpoint.url = null
	security.protocol = PLAINTEXT
	security.providers = null
	send.buffer.bytes = 131072
	socket.connection.setup.timeout.max.ms = 30000
	socket.connection.setup.timeout.ms = 10000
	ssl.cipher.suites = null
	ssl.enabled.protocols = [TLSv1.2, TLSv1.3]
	ssl.endpoint.identification.algorithm = https
	ssl.engine.factory.class = null
	ssl.key.password = null
	ssl.keymanager.algorithm = SunX509
	ssl.keystore.certificate.chain = null
	ssl.keystore.key = null
	ssl.keystore.location = null
	ssl.keystore.password = null
	ssl.keystore.type = JKS
	ssl.protocol = TLSv1.3
	ssl.provider = null
	ssl.secure.random.implementation = null
	ssl.trustmanager.algorithm = PKIX
	ssl.truststore.certificates = null
	ssl.truststore.location = null
	ssl.truststore.password = null
	ssl.truststore.type = JKS
	transaction.timeout.ms = 60000
	transactional.id = null
	value.serializer = class io.apicurio.registry.serde.avro.AvroKafkaSerializer

2025-08-13 16:43:03,101 INFO  [org.apa.kaf.com.tel.int.KafkaMetricsCollector] (main) initializing Kafka metrics collector
2025-08-13 16:43:03,106 INFO  [org.apa.kaf.cli.pro.KafkaProducer] (main) [Producer clientId=Producer-topic-d242346e_67a0_48d3_8b2b_284cb0cfba80] Instantiated an idempotent producer.
2025-08-13 16:43:03,108 INFO  [org.apa.kaf.cli.pro.ProducerConfig] (main) These configurations '[apicurio.registry.url, apicurio.registry.artifact-resolver-strategy]' were supplied but are not used yet.
2025-08-13 16:43:03,108 INFO  [org.apa.kaf.com.uti.AppInfoParser] (main) Kafka version: 3.9.1
2025-08-13 16:43:03,108 INFO  [org.apa.kaf.com.uti.AppInfoParser] (main) Kafka commitId: f745dfdcee2b9851
2025-08-13 16:43:03,108 INFO  [org.apa.kaf.com.uti.AppInfoParser] (main) Kafka startTimeMs: 1755103383108
2025-08-13 16:43:03,110 INFO  [io.api.tes.ser.api.KafkaSerdesTester] (Thread-685) Sending message {"key11755103371195": "value-0", "key21755103376356": "value-0", "key31755103381901": "value-0"} to topic topic-d242346e_67a0_48d3_8b2b_284cb0cfba80
2025-08-13 16:43:03,116 INFO  [org.apa.kaf.cli.Metadata] (kafka-producer-network-thread | Producer-topic-d242346e_67a0_48d3_8b2b_284cb0cfba80) [Producer clientId=Producer-topic-d242346e_67a0_48d3_8b2b_284cb0cfba80] Cluster ID: qKHj6WxtSVqL2ounD9m8uw
2025-08-13 16:43:03,116 INFO  [DefaultSchemaResolver] (Thread-685) Retrieving schema content using string: {"type":"record","name":"sf35ddb6ax73f2x4323x8990x585b84432026","namespace":"ns_4356a655_ccef_4fc1_becf_8d93490f8c8b","fields":[{"name":"key11755103371195","type":"string"},{"name":"key21755103376356","type":"string"},{"name":"key31755103381901","type":"string"}]}
2025-08-13 16:43:03,118 INFO  [org.apa.kaf.cli.pro.int.TransactionManager] (kafka-producer-network-thread | Producer-topic-d242346e_67a0_48d3_8b2b_284cb0cfba80) [Producer clientId=Producer-topic-d242346e_67a0_48d3_8b2b_284cb0cfba80] ProducerId set to 15 with epoch 0
2025-08-13 16:43:03,286 INFO  [io.api.tes.ser.api.KafkaSerdesTester] (Thread-685) Sending message {"key11755103371195": "value-1", "key21755103376356": "value-1", "key31755103381901": "value-1"} to topic topic-d242346e_67a0_48d3_8b2b_284cb0cfba80
2025-08-13 16:43:03,289 INFO  [io.api.tes.ser.api.KafkaSerdesTester] (Thread-685) Sending message {"key11755103371195": "value-2", "key21755103376356": "value-2", "key31755103381901": "value-2"} to topic topic-d242346e_67a0_48d3_8b2b_284cb0cfba80
2025-08-13 16:43:03,290 INFO  [io.api.tes.ser.api.KafkaSerdesTester] (Thread-685) Sending message {"key11755103371195": "value-3", "key21755103376356": "value-3", "key31755103381901": "value-3"} to topic topic-d242346e_67a0_48d3_8b2b_284cb0cfba80
2025-08-13 16:43:03,294 INFO  [io.api.tes.ser.api.KafkaSerdesTester] (Thread-685) Sending message {"key11755103371195": "value-4", "key21755103376356": "value-4", "key31755103381901": "value-4"} to topic topic-d242346e_67a0_48d3_8b2b_284cb0cfba80
2025-08-13 16:43:03,296 INFO  [io.api.tes.ser.api.KafkaSerdesTester] (Thread-685) Sending message {"key11755103371195": "value-5", "key21755103376356": "value-5", "key31755103381901": "value-5"} to topic topic-d242346e_67a0_48d3_8b2b_284cb0cfba80
2025-08-13 16:43:03,301 INFO  [io.api.tes.ser.api.KafkaSerdesTester] (Thread-685) Sending message {"key11755103371195": "value-6", "key21755103376356": "value-6", "key31755103381901": "value-6"} to topic topic-d242346e_67a0_48d3_8b2b_284cb0cfba80
2025-08-13 16:43:03,305 INFO  [io.api.tes.ser.api.KafkaSerdesTester] (Thread-685) Sending message {"key11755103371195": "value-7", "key21755103376356": "value-7", "key31755103381901": "value-7"} to topic topic-d242346e_67a0_48d3_8b2b_284cb0cfba80
2025-08-13 16:43:03,312 INFO  [io.api.tes.ser.api.KafkaSerdesTester] (Thread-685) Sending message {"key11755103371195": "value-8", "key21755103376356": "value-8", "key31755103381901": "value-8"} to topic topic-d242346e_67a0_48d3_8b2b_284cb0cfba80
2025-08-13 16:43:03,314 INFO  [io.api.tes.ser.api.KafkaSerdesTester] (Thread-685) Sending message {"key11755103371195": "value-9", "key21755103376356": "value-9", "key31755103381901": "value-9"} to topic topic-d242346e_67a0_48d3_8b2b_284cb0cfba80
2025-08-13 16:43:03,316 INFO  [io.api.tes.ser.api.KafkaSerdesTester] (Thread-685) Produced 10 messages
2025-08-13 16:43:03,316 INFO  [org.apa.kaf.cli.pro.KafkaProducer] (Thread-685) [Producer clientId=Producer-topic-d242346e_67a0_48d3_8b2b_284cb0cfba80] Closing the Kafka producer with timeoutMillis = 9223372036854775807 ms.
2025-08-13 16:43:03,318 INFO  [org.apa.kaf.com.met.Metrics] (Thread-685) Metrics scheduler closed
2025-08-13 16:43:03,318 INFO  [org.apa.kaf.com.met.Metrics] (Thread-685) Closing reporter org.apache.kafka.common.metrics.JmxReporter
2025-08-13 16:43:03,318 INFO  [org.apa.kaf.com.met.Metrics] (Thread-685) Closing reporter org.apache.kafka.common.telemetry.internals.ClientTelemetryReporter
2025-08-13 16:43:03,319 INFO  [org.apa.kaf.com.met.Metrics] (Thread-685) Metrics reporters closed
2025-08-13 16:43:03,319 INFO  [org.apa.kaf.com.uti.AppInfoParser] (Thread-685) App info kafka.producer for Producer-topic-d242346e_67a0_48d3_8b2b_284cb0cfba80 unregistered
**** Registry Base URL: http://registry-app-mysql.apps.ci419.apicurio-testing.org:80
2025-08-13 16:43:03,320 INFO  [org.apa.kaf.cli.pro.ProducerConfig] (main) ProducerConfig values: 
	acks = -1
	auto.include.jmx.reporter = true
	batch.size = 16384
	bootstrap.servers = [PLAINTEXT://localhost:32769]
	buffer.memory = 33554432
	client.dns.lookup = use_all_dns_ips
	client.id = Producer-topic-d242346e_67a0_48d3_8b2b_284cb0cfba80
	compression.gzip.level = -1
	compression.lz4.level = 9
	compression.type = none
	compression.zstd.level = 3
	connections.max.idle.ms = 10000
	delivery.timeout.ms = 120000
	enable.idempotence = true
	enable.metrics.push = true
	interceptor.classes = []
	key.serializer = class org.apache.kafka.common.serialization.StringSerializer
	linger.ms = 0
	max.block.ms = 60000
	max.in.flight.requests.per.connection = 5
	max.request.size = 1048576
	metadata.max.age.ms = 300000
	metadata.max.idle.ms = 300000
	metadata.recovery.strategy = none
	metric.reporters = []
	metrics.num.samples = 2
	metrics.recording.level = INFO
	metrics.sample.window.ms = 30000
	partitioner.adaptive.partitioning.enable = true
	partitioner.availability.timeout.ms = 0
	partitioner.class = null
	partitioner.ignore.keys = false
	receive.buffer.bytes = 32768
	reconnect.backoff.max.ms = 1000
	reconnect.backoff.ms = 50
	request.timeout.ms = 5000
	retries = 2147483647
	retry.backoff.max.ms = 1000
	retry.backoff.ms = 100
	sasl.client.callback.handler.class = null
	sasl.jaas.config = null
	sasl.kerberos.kinit.cmd = /usr/bin/kinit
	sasl.kerberos.min.time.before.relogin = 60000
	sasl.kerberos.service.name = null
	sasl.kerberos.ticket.renew.jitter = 0.05
	sasl.kerberos.ticket.renew.window.factor = 0.8
	sasl.login.callback.handler.class = null
	sasl.login.class = null
	sasl.login.connect.timeout.ms = null
	sasl.login.read.timeout.ms = null
	sasl.login.refresh.buffer.seconds = 300
	sasl.login.refresh.min.period.seconds = 60
	sasl.login.refresh.window.factor = 0.8
	sasl.login.refresh.window.jitter = 0.05
	sasl.login.retry.backoff.max.ms = 10000
	sasl.login.retry.backoff.ms = 100
	sasl.mechanism = GSSAPI
	sasl.oauthbearer.clock.skew.seconds = 30
	sasl.oauthbearer.expected.audience = null
	sasl.oauthbearer.expected.issuer = null
	sasl.oauthbearer.header.urlencode = false
	sasl.oauthbearer.jwks.endpoint.refresh.ms = 3600000
	sasl.oauthbearer.jwks.endpoint.retry.backoff.max.ms = 10000
	sasl.oauthbearer.jwks.endpoint.retry.backoff.ms = 100
	sasl.oauthbearer.jwks.endpoint.url = null
	sasl.oauthbearer.scope.claim.name = scope
	sasl.oauthbearer.sub.claim.name = sub
	sasl.oauthbearer.token.endpoint.url = null
	security.protocol = PLAINTEXT
	security.providers = null
	send.buffer.bytes = 131072
	socket.connection.setup.timeout.max.ms = 30000
	socket.connection.setup.timeout.ms = 10000
	ssl.cipher.suites = null
	ssl.enabled.protocols = [TLSv1.2, TLSv1.3]
	ssl.endpoint.identification.algorithm = https
	ssl.engine.factory.class = null
	ssl.key.password = null
	ssl.keymanager.algorithm = SunX509
	ssl.keystore.certificate.chain = null
	ssl.keystore.key = null
	ssl.keystore.location = null
	ssl.keystore.password = null
	ssl.keystore.type = JKS
	ssl.protocol = TLSv1.3
	ssl.provider = null
	ssl.secure.random.implementation = null
	ssl.trustmanager.algorithm = PKIX
	ssl.truststore.certificates = null
	ssl.truststore.location = null
	ssl.truststore.password = null
	ssl.truststore.type = JKS
	transaction.timeout.ms = 60000
	transactional.id = null
	value.serializer = class io.apicurio.registry.serde.avro.AvroKafkaSerializer

2025-08-13 16:43:03,320 INFO  [org.apa.kaf.com.tel.int.KafkaMetricsCollector] (main) initializing Kafka metrics collector
2025-08-13 16:43:03,326 INFO  [org.apa.kaf.cli.pro.KafkaProducer] (main) [Producer clientId=Producer-topic-d242346e_67a0_48d3_8b2b_284cb0cfba80] Instantiated an idempotent producer.
2025-08-13 16:43:03,331 INFO  [org.apa.kaf.cli.pro.ProducerConfig] (main) These configurations '[apicurio.registry.url, apicurio.registry.artifact-resolver-strategy]' were supplied but are not used yet.
2025-08-13 16:43:03,331 INFO  [org.apa.kaf.com.uti.AppInfoParser] (main) Kafka version: 3.9.1
2025-08-13 16:43:03,331 INFO  [org.apa.kaf.com.uti.AppInfoParser] (main) Kafka commitId: f745dfdcee2b9851
2025-08-13 16:43:03,331 INFO  [org.apa.kaf.com.uti.AppInfoParser] (main) Kafka startTimeMs: 1755103383331
2025-08-13 16:43:03,335 INFO  [io.api.tes.ser.api.KafkaSerdesTester] (Thread-688) Sending message {"key11755103371195": "value-0", "key21755103376356": "value-0"} to topic topic-d242346e_67a0_48d3_8b2b_284cb0cfba80
2025-08-13 16:43:03,340 INFO  [org.apa.kaf.cli.Metadata] (kafka-producer-network-thread | Producer-topic-d242346e_67a0_48d3_8b2b_284cb0cfba80) [Producer clientId=Producer-topic-d242346e_67a0_48d3_8b2b_284cb0cfba80] Cluster ID: qKHj6WxtSVqL2ounD9m8uw
2025-08-13 16:43:03,340 INFO  [DefaultSchemaResolver] (Thread-688) Retrieving schema content using string: {"type":"record","name":"sf35ddb6ax73f2x4323x8990x585b84432026","namespace":"ns_4356a655_ccef_4fc1_becf_8d93490f8c8b","fields":[{"name":"key11755103371195","type":"string"},{"name":"key21755103376356","type":"string"}]}
2025-08-13 16:43:03,344 INFO  [org.apa.kaf.cli.pro.int.TransactionManager] (kafka-producer-network-thread | Producer-topic-d242346e_67a0_48d3_8b2b_284cb0cfba80) [Producer clientId=Producer-topic-d242346e_67a0_48d3_8b2b_284cb0cfba80] ProducerId set to 16 with epoch 0
2025-08-13 16:43:03,503 INFO  [io.api.tes.ser.api.KafkaSerdesTester] (Thread-688) Sending message {"key11755103371195": "value-1", "key21755103376356": "value-1"} to topic topic-d242346e_67a0_48d3_8b2b_284cb0cfba80
2025-08-13 16:43:03,505 INFO  [io.api.tes.ser.api.KafkaSerdesTester] (Thread-688) Sending message {"key11755103371195": "value-2", "key21755103376356": "value-2"} to topic topic-d242346e_67a0_48d3_8b2b_284cb0cfba80
2025-08-13 16:43:03,506 INFO  [io.api.tes.ser.api.KafkaSerdesTester] (Thread-688) Sending message {"key11755103371195": "value-3", "key21755103376356": "value-3"} to topic topic-d242346e_67a0_48d3_8b2b_284cb0cfba80
2025-08-13 16:43:03,507 INFO  [io.api.tes.ser.api.KafkaSerdesTester] (Thread-688) Sending message {"key11755103371195": "value-4", "key21755103376356": "value-4"} to topic topic-d242346e_67a0_48d3_8b2b_284cb0cfba80
2025-08-13 16:43:03,509 INFO  [io.api.tes.ser.api.KafkaSerdesTester] (Thread-688) Sending message {"key11755103371195": "value-5", "key21755103376356": "value-5"} to topic topic-d242346e_67a0_48d3_8b2b_284cb0cfba80
2025-08-13 16:43:03,511 INFO  [io.api.tes.ser.api.KafkaSerdesTester] (Thread-688) Sending message {"key11755103371195": "value-6", "key21755103376356": "value-6"} to topic topic-d242346e_67a0_48d3_8b2b_284cb0cfba80
2025-08-13 16:43:03,512 INFO  [io.api.tes.ser.api.KafkaSerdesTester] (Thread-688) Sending message {"key11755103371195": "value-7", "key21755103376356": "value-7"} to topic topic-d242346e_67a0_48d3_8b2b_284cb0cfba80
2025-08-13 16:43:03,514 INFO  [io.api.tes.ser.api.KafkaSerdesTester] (Thread-688) Sending message {"key11755103371195": "value-8", "key21755103376356": "value-8"} to topic topic-d242346e_67a0_48d3_8b2b_284cb0cfba80
2025-08-13 16:43:03,517 INFO  [io.api.tes.ser.api.KafkaSerdesTester] (Thread-688) Sending message {"key11755103371195": "value-9", "key21755103376356": "value-9"} to topic topic-d242346e_67a0_48d3_8b2b_284cb0cfba80
2025-08-13 16:43:03,519 INFO  [io.api.tes.ser.api.KafkaSerdesTester] (Thread-688) Produced 10 messages
2025-08-13 16:43:03,519 INFO  [org.apa.kaf.cli.pro.KafkaProducer] (Thread-688) [Producer clientId=Producer-topic-d242346e_67a0_48d3_8b2b_284cb0cfba80] Closing the Kafka producer with timeoutMillis = 9223372036854775807 ms.
2025-08-13 16:43:03,522 INFO  [org.apa.kaf.com.met.Metrics] (Thread-688) Metrics scheduler closed
2025-08-13 16:43:03,522 INFO  [org.apa.kaf.com.met.Metrics] (Thread-688) Closing reporter org.apache.kafka.common.metrics.JmxReporter
2025-08-13 16:43:03,522 INFO  [org.apa.kaf.com.met.Metrics] (Thread-688) Closing reporter org.apache.kafka.common.telemetry.internals.ClientTelemetryReporter
2025-08-13 16:43:03,522 INFO  [org.apa.kaf.com.met.Metrics] (Thread-688) Metrics reporters closed
2025-08-13 16:43:03,523 INFO  [org.apa.kaf.com.uti.AppInfoParser] (Thread-688) App info kafka.producer for Producer-topic-d242346e_67a0_48d3_8b2b_284cb0cfba80 unregistered
**** Registry Base URL: http://registry-app-mysql.apps.ci419.apicurio-testing.org:80
2025-08-13 16:43:03,524 INFO  [org.apa.kaf.cli.pro.ProducerConfig] (main) ProducerConfig values: 
	acks = -1
	auto.include.jmx.reporter = true
	batch.size = 16384
	bootstrap.servers = [PLAINTEXT://localhost:32769]
	buffer.memory = 33554432
	client.dns.lookup = use_all_dns_ips
	client.id = Producer-topic-d242346e_67a0_48d3_8b2b_284cb0cfba80
	compression.gzip.level = -1
	compression.lz4.level = 9
	compression.type = none
	compression.zstd.level = 3
	connections.max.idle.ms = 10000
	delivery.timeout.ms = 120000
	enable.idempotence = true
	enable.metrics.push = true
	interceptor.classes = []
	key.serializer = class org.apache.kafka.common.serialization.StringSerializer
	linger.ms = 0
	max.block.ms = 60000
	max.in.flight.requests.per.connection = 5
	max.request.size = 1048576
	metadata.max.age.ms = 300000
	metadata.max.idle.ms = 300000
	metadata.recovery.strategy = none
	metric.reporters = []
	metrics.num.samples = 2
	metrics.recording.level = INFO
	metrics.sample.window.ms = 30000
	partitioner.adaptive.partitioning.enable = true
	partitioner.availability.timeout.ms = 0
	partitioner.class = null
	partitioner.ignore.keys = false
	receive.buffer.bytes = 32768
	reconnect.backoff.max.ms = 1000
	reconnect.backoff.ms = 50
	request.timeout.ms = 5000
	retries = 2147483647
	retry.backoff.max.ms = 1000
	retry.backoff.ms = 100
	sasl.client.callback.handler.class = null
	sasl.jaas.config = null
	sasl.kerberos.kinit.cmd = /usr/bin/kinit
	sasl.kerberos.min.time.before.relogin = 60000
	sasl.kerberos.service.name = null
	sasl.kerberos.ticket.renew.jitter = 0.05
	sasl.kerberos.ticket.renew.window.factor = 0.8
	sasl.login.callback.handler.class = null
	sasl.login.class = null
	sasl.login.connect.timeout.ms = null
	sasl.login.read.timeout.ms = null
	sasl.login.refresh.buffer.seconds = 300
	sasl.login.refresh.min.period.seconds = 60
	sasl.login.refresh.window.factor = 0.8
	sasl.login.refresh.window.jitter = 0.05
	sasl.login.retry.backoff.max.ms = 10000
	sasl.login.retry.backoff.ms = 100
	sasl.mechanism = GSSAPI
	sasl.oauthbearer.clock.skew.seconds = 30
	sasl.oauthbearer.expected.audience = null
	sasl.oauthbearer.expected.issuer = null
	sasl.oauthbearer.header.urlencode = false
	sasl.oauthbearer.jwks.endpoint.refresh.ms = 3600000
	sasl.oauthbearer.jwks.endpoint.retry.backoff.max.ms = 10000
	sasl.oauthbearer.jwks.endpoint.retry.backoff.ms = 100
	sasl.oauthbearer.jwks.endpoint.url = null
	sasl.oauthbearer.scope.claim.name = scope
	sasl.oauthbearer.sub.claim.name = sub
	sasl.oauthbearer.token.endpoint.url = null
	security.protocol = PLAINTEXT
	security.providers = null
	send.buffer.bytes = 131072
	socket.connection.setup.timeout.max.ms = 30000
	socket.connection.setup.timeout.ms = 10000
	ssl.cipher.suites = null
	ssl.enabled.protocols = [TLSv1.2, TLSv1.3]
	ssl.endpoint.identification.algorithm = https
	ssl.engine.factory.class = null
	ssl.key.password = null
	ssl.keymanager.algorithm = SunX509
	ssl.keystore.certificate.chain = null
	ssl.keystore.key = null
	ssl.keystore.location = null
	ssl.keystore.password = null
	ssl.keystore.type = JKS
	ssl.protocol = TLSv1.3
	ssl.provider = null
	ssl.secure.random.implementation = null
	ssl.trustmanager.algorithm = PKIX
	ssl.truststore.certificates = null
	ssl.truststore.location = null
	ssl.truststore.password = null
	ssl.truststore.type = JKS
	transaction.timeout.ms = 60000
	transactional.id = null
	value.serializer = class io.apicurio.registry.serde.avro.AvroKafkaSerializer

2025-08-13 16:43:03,524 INFO  [org.apa.kaf.com.tel.int.KafkaMetricsCollector] (main) initializing Kafka metrics collector
2025-08-13 16:43:03,529 INFO  [org.apa.kaf.cli.pro.KafkaProducer] (main) [Producer clientId=Producer-topic-d242346e_67a0_48d3_8b2b_284cb0cfba80] Instantiated an idempotent producer.
2025-08-13 16:43:03,532 INFO  [org.apa.kaf.cli.pro.ProducerConfig] (main) These configurations '[apicurio.registry.url, apicurio.registry.artifact-resolver-strategy]' were supplied but are not used yet.
2025-08-13 16:43:03,532 INFO  [org.apa.kaf.com.uti.AppInfoParser] (main) Kafka version: 3.9.1
2025-08-13 16:43:03,532 INFO  [org.apa.kaf.com.uti.AppInfoParser] (main) Kafka commitId: f745dfdcee2b9851
2025-08-13 16:43:03,532 INFO  [org.apa.kaf.com.uti.AppInfoParser] (main) Kafka startTimeMs: 1755103383532
2025-08-13 16:43:03,534 INFO  [io.api.tes.ser.api.KafkaSerdesTester] (Thread-691) Sending message {"key11755103371195": "value-0"} to topic topic-d242346e_67a0_48d3_8b2b_284cb0cfba80
2025-08-13 16:43:03,538 INFO  [org.apa.kaf.cli.Metadata] (kafka-producer-network-thread | Producer-topic-d242346e_67a0_48d3_8b2b_284cb0cfba80) [Producer clientId=Producer-topic-d242346e_67a0_48d3_8b2b_284cb0cfba80] Cluster ID: qKHj6WxtSVqL2ounD9m8uw
2025-08-13 16:43:03,539 INFO  [DefaultSchemaResolver] (Thread-691) Retrieving schema content using string: {"type":"record","name":"sf35ddb6ax73f2x4323x8990x585b84432026","namespace":"ns_4356a655_ccef_4fc1_becf_8d93490f8c8b","fields":[{"name":"key11755103371195","type":"string"}]}
2025-08-13 16:43:03,540 INFO  [org.apa.kaf.cli.pro.int.TransactionManager] (kafka-producer-network-thread | Producer-topic-d242346e_67a0_48d3_8b2b_284cb0cfba80) [Producer clientId=Producer-topic-d242346e_67a0_48d3_8b2b_284cb0cfba80] ProducerId set to 17 with epoch 0
2025-08-13 16:43:03,710 INFO  [io.api.tes.ser.api.KafkaSerdesTester] (Thread-691) Sending message {"key11755103371195": "value-1"} to topic topic-d242346e_67a0_48d3_8b2b_284cb0cfba80
2025-08-13 16:43:03,713 INFO  [io.api.tes.ser.api.KafkaSerdesTester] (Thread-691) Sending message {"key11755103371195": "value-2"} to topic topic-d242346e_67a0_48d3_8b2b_284cb0cfba80
2025-08-13 16:43:03,718 INFO  [io.api.tes.ser.api.KafkaSerdesTester] (Thread-691) Sending message {"key11755103371195": "value-3"} to topic topic-d242346e_67a0_48d3_8b2b_284cb0cfba80
2025-08-13 16:43:03,722 INFO  [io.api.tes.ser.api.KafkaSerdesTester] (Thread-691) Sending message {"key11755103371195": "value-4"} to topic topic-d242346e_67a0_48d3_8b2b_284cb0cfba80
2025-08-13 16:43:03,725 INFO  [io.api.tes.ser.api.KafkaSerdesTester] (Thread-691) Sending message {"key11755103371195": "value-5"} to topic topic-d242346e_67a0_48d3_8b2b_284cb0cfba80
2025-08-13 16:43:03,726 INFO  [io.api.tes.ser.api.KafkaSerdesTester] (Thread-691) Sending message {"key11755103371195": "value-6"} to topic topic-d242346e_67a0_48d3_8b2b_284cb0cfba80
2025-08-13 16:43:03,727 INFO  [io.api.tes.ser.api.KafkaSerdesTester] (Thread-691) Sending message {"key11755103371195": "value-7"} to topic topic-d242346e_67a0_48d3_8b2b_284cb0cfba80
2025-08-13 16:43:03,731 INFO  [io.api.tes.ser.api.KafkaSerdesTester] (Thread-691) Sending message {"key11755103371195": "value-8"} to topic topic-d242346e_67a0_48d3_8b2b_284cb0cfba80
2025-08-13 16:43:03,736 INFO  [io.api.tes.ser.api.KafkaSerdesTester] (Thread-691) Sending message {"key11755103371195": "value-9"} to topic topic-d242346e_67a0_48d3_8b2b_284cb0cfba80
2025-08-13 16:43:03,739 INFO  [io.api.tes.ser.api.KafkaSerdesTester] (Thread-691) Produced 10 messages
2025-08-13 16:43:03,739 INFO  [org.apa.kaf.cli.pro.KafkaProducer] (Thread-691) [Producer clientId=Producer-topic-d242346e_67a0_48d3_8b2b_284cb0cfba80] Closing the Kafka producer with timeoutMillis = 9223372036854775807 ms.
2025-08-13 16:43:03,741 INFO  [org.apa.kaf.com.met.Metrics] (Thread-691) Metrics scheduler closed
2025-08-13 16:43:03,741 INFO  [org.apa.kaf.com.met.Metrics] (Thread-691) Closing reporter org.apache.kafka.common.metrics.JmxReporter
2025-08-13 16:43:03,741 INFO  [org.apa.kaf.com.met.Metrics] (Thread-691) Closing reporter org.apache.kafka.common.telemetry.internals.ClientTelemetryReporter
2025-08-13 16:43:03,741 INFO  [org.apa.kaf.com.met.Metrics] (Thread-691) Metrics reporters closed
2025-08-13 16:43:03,742 INFO  [org.apa.kaf.com.uti.AppInfoParser] (Thread-691) App info kafka.producer for Producer-topic-d242346e_67a0_48d3_8b2b_284cb0cfba80 unregistered
**** Registry Base URL: http://registry-app-mysql.apps.ci419.apicurio-testing.org:80
2025-08-13 16:43:03,743 INFO  [org.apa.kaf.cli.con.ConsumerConfig] (main) ConsumerConfig values: 
	allow.auto.create.topics = true
	auto.commit.interval.ms = 500
	auto.include.jmx.reporter = true
	auto.offset.reset = earliest
	bootstrap.servers = [PLAINTEXT://localhost:32769]
	check.crcs = true
	client.dns.lookup = use_all_dns_ips
	client.id = consumer-Consumer-topic-d242346e_67a0_48d3_8b2b_284cb0cfba80-12
	client.rack = 
	connections.max.idle.ms = 10000
	default.api.timeout.ms = 60000
	enable.auto.commit = true
	enable.metrics.push = true
	exclude.internal.topics = true
	fetch.max.bytes = 52428800
	fetch.max.wait.ms = 500
	fetch.min.bytes = 1
	group.id = Consumer-topic-d242346e_67a0_48d3_8b2b_284cb0cfba80
	group.instance.id = null
	group.protocol = classic
	group.remote.assignor = null
	heartbeat.interval.ms = 3000
	interceptor.classes = []
	internal.leave.group.on.close = true
	internal.throw.on.fetch.stable.offset.unsupported = false
	isolation.level = read_uncommitted
	key.deserializer = class org.apache.kafka.common.serialization.StringDeserializer
	max.partition.fetch.bytes = 1048576
	max.poll.interval.ms = 300000
	max.poll.records = 500
	metadata.max.age.ms = 300000
	metadata.recovery.strategy = none
	metric.reporters = []
	metrics.num.samples = 2
	metrics.recording.level = INFO
	metrics.sample.window.ms = 30000
	partition.assignment.strategy = [class org.apache.kafka.clients.consumer.RangeAssignor, class org.apache.kafka.clients.consumer.CooperativeStickyAssignor]
	receive.buffer.bytes = 65536
	reconnect.backoff.max.ms = 1000
	reconnect.backoff.ms = 50
	request.timeout.ms = 5000
	retry.backoff.max.ms = 1000
	retry.backoff.ms = 100
	sasl.client.callback.handler.class = null
	sasl.jaas.config = null
	sasl.kerberos.kinit.cmd = /usr/bin/kinit
	sasl.kerberos.min.time.before.relogin = 60000
	sasl.kerberos.service.name = null
	sasl.kerberos.ticket.renew.jitter = 0.05
	sasl.kerberos.ticket.renew.window.factor = 0.8
	sasl.login.callback.handler.class = null
	sasl.login.class = null
	sasl.login.connect.timeout.ms = null
	sasl.login.read.timeout.ms = null
	sasl.login.refresh.buffer.seconds = 300
	sasl.login.refresh.min.period.seconds = 60
	sasl.login.refresh.window.factor = 0.8
	sasl.login.refresh.window.jitter = 0.05
	sasl.login.retry.backoff.max.ms = 10000
	sasl.login.retry.backoff.ms = 100
	sasl.mechanism = GSSAPI
	sasl.oauthbearer.clock.skew.seconds = 30
	sasl.oauthbearer.expected.audience = null
	sasl.oauthbearer.expected.issuer = null
	sasl.oauthbearer.header.urlencode = false
	sasl.oauthbearer.jwks.endpoint.refresh.ms = 3600000
	sasl.oauthbearer.jwks.endpoint.retry.backoff.max.ms = 10000
	sasl.oauthbearer.jwks.endpoint.retry.backoff.ms = 100
	sasl.oauthbearer.jwks.endpoint.url = null
	sasl.oauthbearer.scope.claim.name = scope
	sasl.oauthbearer.sub.claim.name = sub
	sasl.oauthbearer.token.endpoint.url = null
	security.protocol = PLAINTEXT
	security.providers = null
	send.buffer.bytes = 131072
	session.timeout.ms = 45000
	socket.connection.setup.timeout.max.ms = 30000
	socket.connection.setup.timeout.ms = 10000
	ssl.cipher.suites = null
	ssl.enabled.protocols = [TLSv1.2, TLSv1.3]
	ssl.endpoint.identification.algorithm = https
	ssl.engine.factory.class = null
	ssl.key.password = null
	ssl.keymanager.algorithm = SunX509
	ssl.keystore.certificate.chain = null
	ssl.keystore.key = null
	ssl.keystore.location = null
	ssl.keystore.password = null
	ssl.keystore.type = JKS
	ssl.protocol = TLSv1.3
	ssl.provider = null
	ssl.secure.random.implementation = null
	ssl.trustmanager.algorithm = PKIX
	ssl.truststore.certificates = null
	ssl.truststore.location = null
	ssl.truststore.password = null
	ssl.truststore.type = JKS
	value.deserializer = class io.apicurio.registry.serde.avro.AvroKafkaDeserializer

2025-08-13 16:43:03,743 INFO  [org.apa.kaf.com.tel.int.KafkaMetricsCollector] (main) initializing Kafka metrics collector
2025-08-13 16:43:03,751 INFO  [org.apa.kaf.cli.con.ConsumerConfig] (main) These configurations '[apicurio.registry.url]' were supplied but are not used yet.
2025-08-13 16:43:03,752 INFO  [org.apa.kaf.com.uti.AppInfoParser] (main) Kafka version: 3.9.1
2025-08-13 16:43:03,752 INFO  [org.apa.kaf.com.uti.AppInfoParser] (main) Kafka commitId: f745dfdcee2b9851
2025-08-13 16:43:03,752 INFO  [org.apa.kaf.com.uti.AppInfoParser] (main) Kafka startTimeMs: 1755103383752
2025-08-13 16:43:03,754 INFO  [org.apa.kaf.cli.con.int.ClassicKafkaConsumer] (Thread-694) [Consumer clientId=consumer-Consumer-topic-d242346e_67a0_48d3_8b2b_284cb0cfba80-12, groupId=Consumer-topic-d242346e_67a0_48d3_8b2b_284cb0cfba80] Subscribed to topic(s): topic-d242346e_67a0_48d3_8b2b_284cb0cfba80
2025-08-13 16:43:03,760 INFO  [org.apa.kaf.cli.Metadata] (Thread-694) [Consumer clientId=consumer-Consumer-topic-d242346e_67a0_48d3_8b2b_284cb0cfba80-12, groupId=Consumer-topic-d242346e_67a0_48d3_8b2b_284cb0cfba80] Cluster ID: qKHj6WxtSVqL2ounD9m8uw
2025-08-13 16:43:03,760 INFO  [org.apa.kaf.cli.con.int.ConsumerCoordinator] (Thread-694) [Consumer clientId=consumer-Consumer-topic-d242346e_67a0_48d3_8b2b_284cb0cfba80-12, groupId=Consumer-topic-d242346e_67a0_48d3_8b2b_284cb0cfba80] Discovered group coordinator localhost:32769 (id: 2147483647 rack: null)
2025-08-13 16:43:03,763 INFO  [org.apa.kaf.cli.con.int.ConsumerCoordinator] (Thread-694) [Consumer clientId=consumer-Consumer-topic-d242346e_67a0_48d3_8b2b_284cb0cfba80-12, groupId=Consumer-topic-d242346e_67a0_48d3_8b2b_284cb0cfba80] (Re-)joining group
2025-08-13 16:43:03,765 INFO  [org.apa.kaf.cli.con.int.ConsumerCoordinator] (Thread-694) [Consumer clientId=consumer-Consumer-topic-d242346e_67a0_48d3_8b2b_284cb0cfba80-12, groupId=Consumer-topic-d242346e_67a0_48d3_8b2b_284cb0cfba80] Request joining group due to: need to re-join with the given member-id: consumer-Consumer-topic-d242346e_67a0_48d3_8b2b_284cb0cfba80-12-7668458f-85ac-4494-a23d-dab49a49508f
2025-08-13 16:43:03,765 INFO  [org.apa.kaf.cli.con.int.ConsumerCoordinator] (Thread-694) [Consumer clientId=consumer-Consumer-topic-d242346e_67a0_48d3_8b2b_284cb0cfba80-12, groupId=Consumer-topic-d242346e_67a0_48d3_8b2b_284cb0cfba80] (Re-)joining group
2025-08-13 16:43:04,755 INFO  [io.api.tes.ser.api.KafkaSerdesTester] (Thread-694) None found
2025-08-13 16:43:05,755 INFO  [io.api.tes.ser.api.KafkaSerdesTester] (Thread-694) None found
2025-08-13 16:43:06,755 INFO  [io.api.tes.ser.api.KafkaSerdesTester] (Thread-694) None found
2025-08-13 16:43:06,769 INFO  [org.apa.kaf.cli.con.int.ConsumerCoordinator] (Thread-694) [Consumer clientId=consumer-Consumer-topic-d242346e_67a0_48d3_8b2b_284cb0cfba80-12, groupId=Consumer-topic-d242346e_67a0_48d3_8b2b_284cb0cfba80] Successfully joined group with generation Generation{generationId=5, memberId='consumer-Consumer-topic-d242346e_67a0_48d3_8b2b_284cb0cfba80-12-7668458f-85ac-4494-a23d-dab49a49508f', protocol='range'}
2025-08-13 16:43:06,769 INFO  [org.apa.kaf.cli.con.int.ConsumerCoordinator] (Thread-694) [Consumer clientId=consumer-Consumer-topic-d242346e_67a0_48d3_8b2b_284cb0cfba80-12, groupId=Consumer-topic-d242346e_67a0_48d3_8b2b_284cb0cfba80] Finished assignment for group at generation 5: {consumer-Consumer-topic-d242346e_67a0_48d3_8b2b_284cb0cfba80-12-7668458f-85ac-4494-a23d-dab49a49508f=Assignment(partitions=[topic-d242346e_67a0_48d3_8b2b_284cb0cfba80-0])}
2025-08-13 16:43:06,775 INFO  [org.apa.kaf.cli.con.int.ConsumerCoordinator] (Thread-694) [Consumer clientId=consumer-Consumer-topic-d242346e_67a0_48d3_8b2b_284cb0cfba80-12, groupId=Consumer-topic-d242346e_67a0_48d3_8b2b_284cb0cfba80] Successfully synced group in generation Generation{generationId=5, memberId='consumer-Consumer-topic-d242346e_67a0_48d3_8b2b_284cb0cfba80-12-7668458f-85ac-4494-a23d-dab49a49508f', protocol='range'}
2025-08-13 16:43:06,775 INFO  [org.apa.kaf.cli.con.int.ConsumerCoordinator] (Thread-694) [Consumer clientId=consumer-Consumer-topic-d242346e_67a0_48d3_8b2b_284cb0cfba80-12, groupId=Consumer-topic-d242346e_67a0_48d3_8b2b_284cb0cfba80] Notifying assignor about the new Assignment(partitions=[topic-d242346e_67a0_48d3_8b2b_284cb0cfba80-0])
2025-08-13 16:43:06,775 INFO  [org.apa.kaf.cli.con.int.ConsumerRebalanceListenerInvoker] (Thread-694) [Consumer clientId=consumer-Consumer-topic-d242346e_67a0_48d3_8b2b_284cb0cfba80-12, groupId=Consumer-topic-d242346e_67a0_48d3_8b2b_284cb0cfba80] Adding newly assigned partitions: topic-d242346e_67a0_48d3_8b2b_284cb0cfba80-0
2025-08-13 16:43:06,776 INFO  [org.apa.kaf.cli.con.int.ConsumerUtils] (Thread-694) Setting offset for partition topic-d242346e_67a0_48d3_8b2b_284cb0cfba80-0 to the committed offset FetchPosition{offset=30, offsetEpoch=Optional[0], currentLeader=LeaderAndEpoch{leader=Optional[localhost:32769 (id: 0 rack: null)], epoch=0}}
2025-08-13 16:43:07,343 INFO  [io.api.tes.ser.api.KafkaSerdesTester] (Thread-694) topic-d242346e_67a0_48d3_8b2b_284cb0cfba80 0 30 {"key11755103371195": "value-0", "key21755103376356": "value-0", "key31755103381901": "value-0"}
2025-08-13 16:43:07,343 INFO  [io.api.tes.ser.api.KafkaSerdesTester] (Thread-694) topic-d242346e_67a0_48d3_8b2b_284cb0cfba80 0 31 {"key11755103371195": "value-1", "key21755103376356": "value-1", "key31755103381901": "value-1"}
2025-08-13 16:43:07,343 INFO  [io.api.tes.ser.api.KafkaSerdesTester] (Thread-694) topic-d242346e_67a0_48d3_8b2b_284cb0cfba80 0 32 {"key11755103371195": "value-2", "key21755103376356": "value-2", "key31755103381901": "value-2"}
2025-08-13 16:43:07,343 INFO  [io.api.tes.ser.api.KafkaSerdesTester] (Thread-694) topic-d242346e_67a0_48d3_8b2b_284cb0cfba80 0 33 {"key11755103371195": "value-3", "key21755103376356": "value-3", "key31755103381901": "value-3"}
2025-08-13 16:43:07,343 INFO  [io.api.tes.ser.api.KafkaSerdesTester] (Thread-694) topic-d242346e_67a0_48d3_8b2b_284cb0cfba80 0 34 {"key11755103371195": "value-4", "key21755103376356": "value-4", "key31755103381901": "value-4"}
2025-08-13 16:43:07,343 INFO  [io.api.tes.ser.api.KafkaSerdesTester] (Thread-694) topic-d242346e_67a0_48d3_8b2b_284cb0cfba80 0 35 {"key11755103371195": "value-5", "key21755103376356": "value-5", "key31755103381901": "value-5"}
2025-08-13 16:43:07,343 INFO  [io.api.tes.ser.api.KafkaSerdesTester] (Thread-694) topic-d242346e_67a0_48d3_8b2b_284cb0cfba80 0 36 {"key11755103371195": "value-6", "key21755103376356": "value-6", "key31755103381901": "value-6"}
2025-08-13 16:43:07,343 INFO  [io.api.tes.ser.api.KafkaSerdesTester] (Thread-694) topic-d242346e_67a0_48d3_8b2b_284cb0cfba80 0 37 {"key11755103371195": "value-7", "key21755103376356": "value-7", "key31755103381901": "value-7"}
2025-08-13 16:43:07,344 INFO  [io.api.tes.ser.api.KafkaSerdesTester] (Thread-694) topic-d242346e_67a0_48d3_8b2b_284cb0cfba80 0 38 {"key11755103371195": "value-8", "key21755103376356": "value-8", "key31755103381901": "value-8"}
2025-08-13 16:43:07,344 INFO  [io.api.tes.ser.api.KafkaSerdesTester] (Thread-694) topic-d242346e_67a0_48d3_8b2b_284cb0cfba80 0 39 {"key11755103371195": "value-9", "key21755103376356": "value-9", "key31755103381901": "value-9"}
2025-08-13 16:43:07,344 INFO  [io.api.tes.ser.api.KafkaSerdesTester] (Thread-694) topic-d242346e_67a0_48d3_8b2b_284cb0cfba80 0 40 {"key11755103371195": "value-0", "key21755103376356": "value-0"}
2025-08-13 16:43:07,344 INFO  [io.api.tes.ser.api.KafkaSerdesTester] (Thread-694) topic-d242346e_67a0_48d3_8b2b_284cb0cfba80 0 41 {"key11755103371195": "value-1", "key21755103376356": "value-1"}
2025-08-13 16:43:07,344 INFO  [io.api.tes.ser.api.KafkaSerdesTester] (Thread-694) topic-d242346e_67a0_48d3_8b2b_284cb0cfba80 0 42 {"key11755103371195": "value-2", "key21755103376356": "value-2"}
2025-08-13 16:43:07,344 INFO  [io.api.tes.ser.api.KafkaSerdesTester] (Thread-694) topic-d242346e_67a0_48d3_8b2b_284cb0cfba80 0 43 {"key11755103371195": "value-3", "key21755103376356": "value-3"}
2025-08-13 16:43:07,344 INFO  [io.api.tes.ser.api.KafkaSerdesTester] (Thread-694) topic-d242346e_67a0_48d3_8b2b_284cb0cfba80 0 44 {"key11755103371195": "value-4", "key21755103376356": "value-4"}
2025-08-13 16:43:07,344 INFO  [io.api.tes.ser.api.KafkaSerdesTester] (Thread-694) topic-d242346e_67a0_48d3_8b2b_284cb0cfba80 0 45 {"key11755103371195": "value-5", "key21755103376356": "value-5"}
2025-08-13 16:43:07,344 INFO  [io.api.tes.ser.api.KafkaSerdesTester] (Thread-694) topic-d242346e_67a0_48d3_8b2b_284cb0cfba80 0 46 {"key11755103371195": "value-6", "key21755103376356": "value-6"}
2025-08-13 16:43:07,344 INFO  [io.api.tes.ser.api.KafkaSerdesTester] (Thread-694) topic-d242346e_67a0_48d3_8b2b_284cb0cfba80 0 47 {"key11755103371195": "value-7", "key21755103376356": "value-7"}
2025-08-13 16:43:07,344 INFO  [io.api.tes.ser.api.KafkaSerdesTester] (Thread-694) topic-d242346e_67a0_48d3_8b2b_284cb0cfba80 0 48 {"key11755103371195": "value-8", "key21755103376356": "value-8"}
2025-08-13 16:43:07,344 INFO  [io.api.tes.ser.api.KafkaSerdesTester] (Thread-694) topic-d242346e_67a0_48d3_8b2b_284cb0cfba80 0 49 {"key11755103371195": "value-9", "key21755103376356": "value-9"}
2025-08-13 16:43:07,344 INFO  [io.api.tes.ser.api.KafkaSerdesTester] (Thread-694) topic-d242346e_67a0_48d3_8b2b_284cb0cfba80 0 50 {"key11755103371195": "value-0"}
2025-08-13 16:43:07,345 INFO  [io.api.tes.ser.api.KafkaSerdesTester] (Thread-694) topic-d242346e_67a0_48d3_8b2b_284cb0cfba80 0 51 {"key11755103371195": "value-1"}
2025-08-13 16:43:07,345 INFO  [io.api.tes.ser.api.KafkaSerdesTester] (Thread-694) topic-d242346e_67a0_48d3_8b2b_284cb0cfba80 0 52 {"key11755103371195": "value-2"}
2025-08-13 16:43:07,345 INFO  [io.api.tes.ser.api.KafkaSerdesTester] (Thread-694) topic-d242346e_67a0_48d3_8b2b_284cb0cfba80 0 53 {"key11755103371195": "value-3"}
2025-08-13 16:43:07,345 INFO  [io.api.tes.ser.api.KafkaSerdesTester] (Thread-694) topic-d242346e_67a0_48d3_8b2b_284cb0cfba80 0 54 {"key11755103371195": "value-4"}
2025-08-13 16:43:07,345 INFO  [io.api.tes.ser.api.KafkaSerdesTester] (Thread-694) topic-d242346e_67a0_48d3_8b2b_284cb0cfba80 0 55 {"key11755103371195": "value-5"}
2025-08-13 16:43:07,345 INFO  [io.api.tes.ser.api.KafkaSerdesTester] (Thread-694) topic-d242346e_67a0_48d3_8b2b_284cb0cfba80 0 56 {"key11755103371195": "value-6"}
2025-08-13 16:43:07,345 INFO  [io.api.tes.ser.api.KafkaSerdesTester] (Thread-694) topic-d242346e_67a0_48d3_8b2b_284cb0cfba80 0 57 {"key11755103371195": "value-7"}
2025-08-13 16:43:07,345 INFO  [io.api.tes.ser.api.KafkaSerdesTester] (Thread-694) topic-d242346e_67a0_48d3_8b2b_284cb0cfba80 0 58 {"key11755103371195": "value-8"}
2025-08-13 16:43:07,345 INFO  [io.api.tes.ser.api.KafkaSerdesTester] (Thread-694) topic-d242346e_67a0_48d3_8b2b_284cb0cfba80 0 59 {"key11755103371195": "value-9"}
2025-08-13 16:43:07,345 INFO  [io.api.tes.ser.api.KafkaSerdesTester] (Thread-694) Consumed 30 messages
2025-08-13 16:43:07,352 INFO  [org.apa.kaf.cli.con.int.ConsumerRebalanceListenerInvoker] (Thread-694) [Consumer clientId=consumer-Consumer-topic-d242346e_67a0_48d3_8b2b_284cb0cfba80-12, groupId=Consumer-topic-d242346e_67a0_48d3_8b2b_284cb0cfba80] Revoke previously assigned partitions topic-d242346e_67a0_48d3_8b2b_284cb0cfba80-0
2025-08-13 16:43:07,352 INFO  [org.apa.kaf.cli.con.int.ConsumerCoordinator] (Thread-694) [Consumer clientId=consumer-Consumer-topic-d242346e_67a0_48d3_8b2b_284cb0cfba80-12, groupId=Consumer-topic-d242346e_67a0_48d3_8b2b_284cb0cfba80] Member consumer-Consumer-topic-d242346e_67a0_48d3_8b2b_284cb0cfba80-12-7668458f-85ac-4494-a23d-dab49a49508f sending LeaveGroup request to coordinator localhost:32769 (id: 2147483647 rack: null) due to the consumer is being closed
2025-08-13 16:43:07,353 INFO  [org.apa.kaf.cli.con.int.ConsumerCoordinator] (Thread-694) [Consumer clientId=consumer-Consumer-topic-d242346e_67a0_48d3_8b2b_284cb0cfba80-12, groupId=Consumer-topic-d242346e_67a0_48d3_8b2b_284cb0cfba80] Resetting generation and member id due to: consumer pro-actively leaving the group
2025-08-13 16:43:07,353 INFO  [org.apa.kaf.cli.con.int.ConsumerCoordinator] (Thread-694) [Consumer clientId=consumer-Consumer-topic-d242346e_67a0_48d3_8b2b_284cb0cfba80-12, groupId=Consumer-topic-d242346e_67a0_48d3_8b2b_284cb0cfba80] Request joining group due to: consumer pro-actively leaving the group
2025-08-13 16:43:07,845 INFO  [org.apa.kaf.com.met.Metrics] (Thread-694) Metrics scheduler closed
2025-08-13 16:43:07,845 INFO  [org.apa.kaf.com.met.Metrics] (Thread-694) Closing reporter org.apache.kafka.common.metrics.JmxReporter
2025-08-13 16:43:07,845 INFO  [org.apa.kaf.com.met.Metrics] (Thread-694) Closing reporter org.apache.kafka.common.telemetry.internals.ClientTelemetryReporter
2025-08-13 16:43:07,845 INFO  [org.apa.kaf.com.met.Metrics] (Thread-694) Metrics reporters closed
2025-08-13 16:43:07,847 INFO  [org.apa.kaf.com.uti.AppInfoParser] (Thread-694) App info kafka.consumer for consumer-Consumer-topic-d242346e_67a0_48d3_8b2b_284cb0cfba80-12 unregistered
2025-08-13 16:43:07,847 INFO  [org.apa.kaf.cli.pro.KafkaProducer] (main) [Producer clientId=Producer-topic-d242346e_67a0_48d3_8b2b_284cb0cfba80] Closing the Kafka producer with timeoutMillis = 9223372036854775807 ms.
2025-08-13 16:43:07,848 INFO  [org.apa.kaf.com.met.Metrics] (main) Metrics scheduler closed
2025-08-13 16:43:07,848 INFO  [org.apa.kaf.com.met.Metrics] (main) Closing reporter org.apache.kafka.common.metrics.JmxReporter
2025-08-13 16:43:07,848 INFO  [org.apa.kaf.com.met.Metrics] (main) Closing reporter org.apache.kafka.common.telemetry.internals.ClientTelemetryReporter
2025-08-13 16:43:07,848 INFO  [org.apa.kaf.com.met.Metrics] (main) Metrics reporters closed
2025-08-13 16:43:07,848 INFO  [org.apa.kaf.com.uti.AppInfoParser] (main) App info kafka.producer for Producer-topic-d242346e_67a0_48d3_8b2b_284cb0cfba80 unregistered
2025-08-13 16:43:07,848 INFO  [io.api.tes.uti.TestSeparator] (main) io.apicurio.tests.serdes.apicurio.AvroSerdeIT.testEvolveAvroApicurio-FINISHED
2025-08-13 16:43:07,848 INFO  [io.api.tes.uti.TestSeparator] (main) ############################################################################
Test passed: testEvolveAvroApicurio
]]></system-out>
  </testcase>
  <testcase name="testTopicRecordIdStrategydFindLatest" classname="io.apicurio.tests.serdes.apicurio.AvroSerdeIT" time="5.349">
    <system-out><![CDATA[2025-08-13 16:43:07,850 INFO  [io.api.tes.uti.TestSeparator] (main) ############################################################################
2025-08-13 16:43:07,850 INFO  [io.api.tes.uti.TestSeparator] (main) io.apicurio.tests.serdes.apicurio.AvroSerdeIT.testTopicRecordIdStrategydFindLatest-STARTED
2025-08-13 16:43:07,851 INFO  [io.api.tes.ser.api.AvroSerdeIT] (main) Registering Avro Schema: {"type":"record","name":"s5473c19ax9698x4d95xadb2xfd3b25c3031a","namespace":"s9172fc87x0521x4d30x95c2x8ca0c6e8e155","fields":[{"name":"key11755103387851","type":"string"}]}
**** Registry Base URL: http://registry-app-mysql.apps.ci419.apicurio-testing.org:80
2025-08-13 16:43:09,050 INFO  [org.apa.kaf.cli.pro.ProducerConfig] (main) ProducerConfig values: 
	acks = -1
	auto.include.jmx.reporter = true
	batch.size = 16384
	bootstrap.servers = [PLAINTEXT://localhost:32769]
	buffer.memory = 33554432
	client.dns.lookup = use_all_dns_ips
	client.id = Producer-topic-693c630d_b458_478d_b059_5a9c4480d91e
	compression.gzip.level = -1
	compression.lz4.level = 9
	compression.type = none
	compression.zstd.level = 3
	connections.max.idle.ms = 10000
	delivery.timeout.ms = 120000
	enable.idempotence = true
	enable.metrics.push = true
	interceptor.classes = []
	key.serializer = class org.apache.kafka.common.serialization.StringSerializer
	linger.ms = 0
	max.block.ms = 60000
	max.in.flight.requests.per.connection = 5
	max.request.size = 1048576
	metadata.max.age.ms = 300000
	metadata.max.idle.ms = 300000
	metadata.recovery.strategy = none
	metric.reporters = []
	metrics.num.samples = 2
	metrics.recording.level = INFO
	metrics.sample.window.ms = 30000
	partitioner.adaptive.partitioning.enable = true
	partitioner.availability.timeout.ms = 0
	partitioner.class = null
	partitioner.ignore.keys = false
	receive.buffer.bytes = 32768
	reconnect.backoff.max.ms = 1000
	reconnect.backoff.ms = 50
	request.timeout.ms = 5000
	retries = 2147483647
	retry.backoff.max.ms = 1000
	retry.backoff.ms = 100
	sasl.client.callback.handler.class = null
	sasl.jaas.config = null
	sasl.kerberos.kinit.cmd = /usr/bin/kinit
	sasl.kerberos.min.time.before.relogin = 60000
	sasl.kerberos.service.name = null
	sasl.kerberos.ticket.renew.jitter = 0.05
	sasl.kerberos.ticket.renew.window.factor = 0.8
	sasl.login.callback.handler.class = null
	sasl.login.class = null
	sasl.login.connect.timeout.ms = null
	sasl.login.read.timeout.ms = null
	sasl.login.refresh.buffer.seconds = 300
	sasl.login.refresh.min.period.seconds = 60
	sasl.login.refresh.window.factor = 0.8
	sasl.login.refresh.window.jitter = 0.05
	sasl.login.retry.backoff.max.ms = 10000
	sasl.login.retry.backoff.ms = 100
	sasl.mechanism = GSSAPI
	sasl.oauthbearer.clock.skew.seconds = 30
	sasl.oauthbearer.expected.audience = null
	sasl.oauthbearer.expected.issuer = null
	sasl.oauthbearer.header.urlencode = false
	sasl.oauthbearer.jwks.endpoint.refresh.ms = 3600000
	sasl.oauthbearer.jwks.endpoint.retry.backoff.max.ms = 10000
	sasl.oauthbearer.jwks.endpoint.retry.backoff.ms = 100
	sasl.oauthbearer.jwks.endpoint.url = null
	sasl.oauthbearer.scope.claim.name = scope
	sasl.oauthbearer.sub.claim.name = sub
	sasl.oauthbearer.token.endpoint.url = null
	security.protocol = PLAINTEXT
	security.providers = null
	send.buffer.bytes = 131072
	socket.connection.setup.timeout.max.ms = 30000
	socket.connection.setup.timeout.ms = 10000
	ssl.cipher.suites = null
	ssl.enabled.protocols = [TLSv1.2, TLSv1.3]
	ssl.endpoint.identification.algorithm = https
	ssl.engine.factory.class = null
	ssl.key.password = null
	ssl.keymanager.algorithm = SunX509
	ssl.keystore.certificate.chain = null
	ssl.keystore.key = null
	ssl.keystore.location = null
	ssl.keystore.password = null
	ssl.keystore.type = JKS
	ssl.protocol = TLSv1.3
	ssl.provider = null
	ssl.secure.random.implementation = null
	ssl.trustmanager.algorithm = PKIX
	ssl.truststore.certificates = null
	ssl.truststore.location = null
	ssl.truststore.password = null
	ssl.truststore.type = JKS
	transaction.timeout.ms = 60000
	transactional.id = null
	value.serializer = class io.apicurio.registry.serde.avro.AvroKafkaSerializer

2025-08-13 16:43:09,051 INFO  [org.apa.kaf.com.tel.int.KafkaMetricsCollector] (main) initializing Kafka metrics collector
2025-08-13 16:43:09,053 INFO  [org.apa.kaf.cli.pro.KafkaProducer] (main) [Producer clientId=Producer-topic-693c630d_b458_478d_b059_5a9c4480d91e] Instantiated an idempotent producer.
2025-08-13 16:43:09,055 INFO  [org.apa.kaf.cli.pro.ProducerConfig] (main) These configurations '[apicurio.registry.find-latest, apicurio.registry.url, apicurio.registry.artifact-resolver-strategy]' were supplied but are not used yet.
2025-08-13 16:43:09,055 INFO  [org.apa.kaf.com.uti.AppInfoParser] (main) Kafka version: 3.9.1
2025-08-13 16:43:09,055 INFO  [org.apa.kaf.com.uti.AppInfoParser] (main) Kafka commitId: f745dfdcee2b9851
2025-08-13 16:43:09,055 INFO  [org.apa.kaf.com.uti.AppInfoParser] (main) Kafka startTimeMs: 1755103389055
2025-08-13 16:43:09,055 INFO  [io.api.tes.ser.api.SimpleSerdesTesterBuilder$SimpleSerdesTester] (main) Using producer configuration: {apicurio.registry.find-latest=true, apicurio.registry.url=http://registry-app-mysql.apps.ci419.apicurio-testing.org:80/apis/registry/v3, apicurio.registry.artifact-resolver-strategy=io.apicurio.registry.serde.avro.strategy.TopicRecordIdStrategy, value.serializer=io.apicurio.registry.serde.avro.AvroKafkaSerializer, request.timeout.ms=5000, acks=all, bootstrap.servers=PLAINTEXT://localhost:32769, connections.max.idle.ms=10000, key.serializer=org.apache.kafka.common.serialization.StringSerializer, client.id=Producer-topic-693c630d_b458_478d_b059_5a9c4480d91e}
2025-08-13 16:43:09,055 INFO  [io.api.tes.ser.api.SimpleSerdesTesterBuilder$SimpleSerdesTester] (main) Using consumer configuration: {}
2025-08-13 16:43:09,057 INFO  [io.api.tes.ser.api.KafkaSerdesTester] (Thread-697) Sending message {"key11755103387851": "value-0"} to topic topic-693c630d_b458_478d_b059_5a9c4480d91e
2025-08-13 16:43:09,060 INFO  [org.apa.kaf.cli.Metadata] (kafka-producer-network-thread | Producer-topic-693c630d_b458_478d_b059_5a9c4480d91e) [Producer clientId=Producer-topic-693c630d_b458_478d_b059_5a9c4480d91e] Cluster ID: qKHj6WxtSVqL2ounD9m8uw
2025-08-13 16:43:09,061 INFO  [org.apa.kaf.cli.pro.int.TransactionManager] (kafka-producer-network-thread | Producer-topic-693c630d_b458_478d_b059_5a9c4480d91e) [Producer clientId=Producer-topic-693c630d_b458_478d_b059_5a9c4480d91e] ProducerId set to 18 with epoch 0
2025-08-13 16:43:09,386 INFO  [io.api.tes.ser.api.KafkaSerdesTester] (Thread-697) Sending message {"key11755103387851": "value-1"} to topic topic-693c630d_b458_478d_b059_5a9c4480d91e
2025-08-13 16:43:09,388 INFO  [io.api.tes.ser.api.KafkaSerdesTester] (Thread-697) Sending message {"key11755103387851": "value-2"} to topic topic-693c630d_b458_478d_b059_5a9c4480d91e
2025-08-13 16:43:09,389 INFO  [io.api.tes.ser.api.KafkaSerdesTester] (Thread-697) Sending message {"key11755103387851": "value-3"} to topic topic-693c630d_b458_478d_b059_5a9c4480d91e
2025-08-13 16:43:09,391 INFO  [io.api.tes.ser.api.KafkaSerdesTester] (Thread-697) Sending message {"key11755103387851": "value-4"} to topic topic-693c630d_b458_478d_b059_5a9c4480d91e
2025-08-13 16:43:09,395 INFO  [io.api.tes.ser.api.KafkaSerdesTester] (Thread-697) Sending message {"key11755103387851": "value-5"} to topic topic-693c630d_b458_478d_b059_5a9c4480d91e
2025-08-13 16:43:09,397 INFO  [io.api.tes.ser.api.KafkaSerdesTester] (Thread-697) Sending message {"key11755103387851": "value-6"} to topic topic-693c630d_b458_478d_b059_5a9c4480d91e
2025-08-13 16:43:09,399 INFO  [io.api.tes.ser.api.KafkaSerdesTester] (Thread-697) Sending message {"key11755103387851": "value-7"} to topic topic-693c630d_b458_478d_b059_5a9c4480d91e
2025-08-13 16:43:09,401 INFO  [io.api.tes.ser.api.KafkaSerdesTester] (Thread-697) Sending message {"key11755103387851": "value-8"} to topic topic-693c630d_b458_478d_b059_5a9c4480d91e
2025-08-13 16:43:09,402 INFO  [io.api.tes.ser.api.KafkaSerdesTester] (Thread-697) Sending message {"key11755103387851": "value-9"} to topic topic-693c630d_b458_478d_b059_5a9c4480d91e
2025-08-13 16:43:09,406 INFO  [io.api.tes.ser.api.KafkaSerdesTester] (Thread-697) Produced 10 messages
2025-08-13 16:43:09,406 INFO  [org.apa.kaf.cli.pro.KafkaProducer] (Thread-697) [Producer clientId=Producer-topic-693c630d_b458_478d_b059_5a9c4480d91e] Closing the Kafka producer with timeoutMillis = 9223372036854775807 ms.
2025-08-13 16:43:09,408 INFO  [org.apa.kaf.com.met.Metrics] (Thread-697) Metrics scheduler closed
2025-08-13 16:43:09,408 INFO  [org.apa.kaf.com.met.Metrics] (Thread-697) Closing reporter org.apache.kafka.common.metrics.JmxReporter
2025-08-13 16:43:09,408 INFO  [org.apa.kaf.com.met.Metrics] (Thread-697) Closing reporter org.apache.kafka.common.telemetry.internals.ClientTelemetryReporter
2025-08-13 16:43:09,408 INFO  [org.apa.kaf.com.met.Metrics] (Thread-697) Metrics reporters closed
2025-08-13 16:43:09,409 INFO  [org.apa.kaf.com.uti.AppInfoParser] (Thread-697) App info kafka.producer for Producer-topic-693c630d_b458_478d_b059_5a9c4480d91e unregistered
**** Registry Base URL: http://registry-app-mysql.apps.ci419.apicurio-testing.org:80
2025-08-13 16:43:09,410 INFO  [org.apa.kaf.cli.con.ConsumerConfig] (main) ConsumerConfig values: 
	allow.auto.create.topics = true
	auto.commit.interval.ms = 500
	auto.include.jmx.reporter = true
	auto.offset.reset = earliest
	bootstrap.servers = [PLAINTEXT://localhost:32769]
	check.crcs = true
	client.dns.lookup = use_all_dns_ips
	client.id = consumer-Consumer-topic-693c630d_b458_478d_b059_5a9c4480d91e-13
	client.rack = 
	connections.max.idle.ms = 10000
	default.api.timeout.ms = 60000
	enable.auto.commit = true
	enable.metrics.push = true
	exclude.internal.topics = true
	fetch.max.bytes = 52428800
	fetch.max.wait.ms = 500
	fetch.min.bytes = 1
	group.id = Consumer-topic-693c630d_b458_478d_b059_5a9c4480d91e
	group.instance.id = null
	group.protocol = classic
	group.remote.assignor = null
	heartbeat.interval.ms = 3000
	interceptor.classes = []
	internal.leave.group.on.close = true
	internal.throw.on.fetch.stable.offset.unsupported = false
	isolation.level = read_uncommitted
	key.deserializer = class org.apache.kafka.common.serialization.StringDeserializer
	max.partition.fetch.bytes = 1048576
	max.poll.interval.ms = 300000
	max.poll.records = 500
	metadata.max.age.ms = 300000
	metadata.recovery.strategy = none
	metric.reporters = []
	metrics.num.samples = 2
	metrics.recording.level = INFO
	metrics.sample.window.ms = 30000
	partition.assignment.strategy = [class org.apache.kafka.clients.consumer.RangeAssignor, class org.apache.kafka.clients.consumer.CooperativeStickyAssignor]
	receive.buffer.bytes = 65536
	reconnect.backoff.max.ms = 1000
	reconnect.backoff.ms = 50
	request.timeout.ms = 5000
	retry.backoff.max.ms = 1000
	retry.backoff.ms = 100
	sasl.client.callback.handler.class = null
	sasl.jaas.config = null
	sasl.kerberos.kinit.cmd = /usr/bin/kinit
	sasl.kerberos.min.time.before.relogin = 60000
	sasl.kerberos.service.name = null
	sasl.kerberos.ticket.renew.jitter = 0.05
	sasl.kerberos.ticket.renew.window.factor = 0.8
	sasl.login.callback.handler.class = null
	sasl.login.class = null
	sasl.login.connect.timeout.ms = null
	sasl.login.read.timeout.ms = null
	sasl.login.refresh.buffer.seconds = 300
	sasl.login.refresh.min.period.seconds = 60
	sasl.login.refresh.window.factor = 0.8
	sasl.login.refresh.window.jitter = 0.05
	sasl.login.retry.backoff.max.ms = 10000
	sasl.login.retry.backoff.ms = 100
	sasl.mechanism = GSSAPI
	sasl.oauthbearer.clock.skew.seconds = 30
	sasl.oauthbearer.expected.audience = null
	sasl.oauthbearer.expected.issuer = null
	sasl.oauthbearer.header.urlencode = false
	sasl.oauthbearer.jwks.endpoint.refresh.ms = 3600000
	sasl.oauthbearer.jwks.endpoint.retry.backoff.max.ms = 10000
	sasl.oauthbearer.jwks.endpoint.retry.backoff.ms = 100
	sasl.oauthbearer.jwks.endpoint.url = null
	sasl.oauthbearer.scope.claim.name = scope
	sasl.oauthbearer.sub.claim.name = sub
	sasl.oauthbearer.token.endpoint.url = null
	security.protocol = PLAINTEXT
	security.providers = null
	send.buffer.bytes = 131072
	session.timeout.ms = 45000
	socket.connection.setup.timeout.max.ms = 30000
	socket.connection.setup.timeout.ms = 10000
	ssl.cipher.suites = null
	ssl.enabled.protocols = [TLSv1.2, TLSv1.3]
	ssl.endpoint.identification.algorithm = https
	ssl.engine.factory.class = null
	ssl.key.password = null
	ssl.keymanager.algorithm = SunX509
	ssl.keystore.certificate.chain = null
	ssl.keystore.key = null
	ssl.keystore.location = null
	ssl.keystore.password = null
	ssl.keystore.type = JKS
	ssl.protocol = TLSv1.3
	ssl.provider = null
	ssl.secure.random.implementation = null
	ssl.trustmanager.algorithm = PKIX
	ssl.truststore.certificates = null
	ssl.truststore.location = null
	ssl.truststore.password = null
	ssl.truststore.type = JKS
	value.deserializer = class io.apicurio.registry.serde.avro.AvroKafkaDeserializer

2025-08-13 16:43:09,410 INFO  [org.apa.kaf.com.tel.int.KafkaMetricsCollector] (main) initializing Kafka metrics collector
2025-08-13 16:43:09,417 INFO  [org.apa.kaf.cli.con.ConsumerConfig] (main) These configurations '[apicurio.registry.url]' were supplied but are not used yet.
2025-08-13 16:43:09,417 INFO  [org.apa.kaf.com.uti.AppInfoParser] (main) Kafka version: 3.9.1
2025-08-13 16:43:09,417 INFO  [org.apa.kaf.com.uti.AppInfoParser] (main) Kafka commitId: f745dfdcee2b9851
2025-08-13 16:43:09,417 INFO  [org.apa.kaf.com.uti.AppInfoParser] (main) Kafka startTimeMs: 1755103389417
2025-08-13 16:43:09,418 INFO  [org.apa.kaf.cli.con.int.ClassicKafkaConsumer] (Thread-700) [Consumer clientId=consumer-Consumer-topic-693c630d_b458_478d_b059_5a9c4480d91e-13, groupId=Consumer-topic-693c630d_b458_478d_b059_5a9c4480d91e] Subscribed to topic(s): topic-693c630d_b458_478d_b059_5a9c4480d91e
2025-08-13 16:43:09,426 INFO  [org.apa.kaf.cli.Metadata] (Thread-700) [Consumer clientId=consumer-Consumer-topic-693c630d_b458_478d_b059_5a9c4480d91e-13, groupId=Consumer-topic-693c630d_b458_478d_b059_5a9c4480d91e] Cluster ID: qKHj6WxtSVqL2ounD9m8uw
2025-08-13 16:43:09,428 INFO  [org.apa.kaf.cli.con.int.ConsumerCoordinator] (Thread-700) [Consumer clientId=consumer-Consumer-topic-693c630d_b458_478d_b059_5a9c4480d91e-13, groupId=Consumer-topic-693c630d_b458_478d_b059_5a9c4480d91e] Discovered group coordinator localhost:32769 (id: 2147483647 rack: null)
2025-08-13 16:43:09,430 INFO  [org.apa.kaf.cli.con.int.ConsumerCoordinator] (Thread-700) [Consumer clientId=consumer-Consumer-topic-693c630d_b458_478d_b059_5a9c4480d91e-13, groupId=Consumer-topic-693c630d_b458_478d_b059_5a9c4480d91e] (Re-)joining group
2025-08-13 16:43:09,436 INFO  [org.apa.kaf.cli.con.int.ConsumerCoordinator] (Thread-700) [Consumer clientId=consumer-Consumer-topic-693c630d_b458_478d_b059_5a9c4480d91e-13, groupId=Consumer-topic-693c630d_b458_478d_b059_5a9c4480d91e] Request joining group due to: need to re-join with the given member-id: consumer-Consumer-topic-693c630d_b458_478d_b059_5a9c4480d91e-13-e34f62e0-5ac4-48dd-930d-c4f542ea78fa
2025-08-13 16:43:09,436 INFO  [org.apa.kaf.cli.con.int.ConsumerCoordinator] (Thread-700) [Consumer clientId=consumer-Consumer-topic-693c630d_b458_478d_b059_5a9c4480d91e-13, groupId=Consumer-topic-693c630d_b458_478d_b059_5a9c4480d91e] (Re-)joining group
2025-08-13 16:43:10,418 INFO  [io.api.tes.ser.api.KafkaSerdesTester] (Thread-700) None found
2025-08-13 16:43:11,418 INFO  [io.api.tes.ser.api.KafkaSerdesTester] (Thread-700) None found
2025-08-13 16:43:12,419 INFO  [io.api.tes.ser.api.KafkaSerdesTester] (Thread-700) None found
2025-08-13 16:43:12,440 INFO  [org.apa.kaf.cli.con.int.ConsumerCoordinator] (Thread-700) [Consumer clientId=consumer-Consumer-topic-693c630d_b458_478d_b059_5a9c4480d91e-13, groupId=Consumer-topic-693c630d_b458_478d_b059_5a9c4480d91e] Successfully joined group with generation Generation{generationId=1, memberId='consumer-Consumer-topic-693c630d_b458_478d_b059_5a9c4480d91e-13-e34f62e0-5ac4-48dd-930d-c4f542ea78fa', protocol='range'}
2025-08-13 16:43:12,441 INFO  [org.apa.kaf.cli.con.int.ConsumerCoordinator] (Thread-700) [Consumer clientId=consumer-Consumer-topic-693c630d_b458_478d_b059_5a9c4480d91e-13, groupId=Consumer-topic-693c630d_b458_478d_b059_5a9c4480d91e] Finished assignment for group at generation 1: {consumer-Consumer-topic-693c630d_b458_478d_b059_5a9c4480d91e-13-e34f62e0-5ac4-48dd-930d-c4f542ea78fa=Assignment(partitions=[topic-693c630d_b458_478d_b059_5a9c4480d91e-0])}
2025-08-13 16:43:12,448 INFO  [org.apa.kaf.cli.con.int.ConsumerCoordinator] (Thread-700) [Consumer clientId=consumer-Consumer-topic-693c630d_b458_478d_b059_5a9c4480d91e-13, groupId=Consumer-topic-693c630d_b458_478d_b059_5a9c4480d91e] Successfully synced group in generation Generation{generationId=1, memberId='consumer-Consumer-topic-693c630d_b458_478d_b059_5a9c4480d91e-13-e34f62e0-5ac4-48dd-930d-c4f542ea78fa', protocol='range'}
2025-08-13 16:43:12,448 INFO  [org.apa.kaf.cli.con.int.ConsumerCoordinator] (Thread-700) [Consumer clientId=consumer-Consumer-topic-693c630d_b458_478d_b059_5a9c4480d91e-13, groupId=Consumer-topic-693c630d_b458_478d_b059_5a9c4480d91e] Notifying assignor about the new Assignment(partitions=[topic-693c630d_b458_478d_b059_5a9c4480d91e-0])
2025-08-13 16:43:12,448 INFO  [org.apa.kaf.cli.con.int.ConsumerRebalanceListenerInvoker] (Thread-700) [Consumer clientId=consumer-Consumer-topic-693c630d_b458_478d_b059_5a9c4480d91e-13, groupId=Consumer-topic-693c630d_b458_478d_b059_5a9c4480d91e] Adding newly assigned partitions: topic-693c630d_b458_478d_b059_5a9c4480d91e-0
2025-08-13 16:43:12,449 INFO  [org.apa.kaf.cli.con.int.ConsumerCoordinator] (Thread-700) [Consumer clientId=consumer-Consumer-topic-693c630d_b458_478d_b059_5a9c4480d91e-13, groupId=Consumer-topic-693c630d_b458_478d_b059_5a9c4480d91e] Found no committed offset for partition topic-693c630d_b458_478d_b059_5a9c4480d91e-0
2025-08-13 16:43:12,450 INFO  [org.apa.kaf.cli.con.int.SubscriptionState] (Thread-700) [Consumer clientId=consumer-Consumer-topic-693c630d_b458_478d_b059_5a9c4480d91e-13, groupId=Consumer-topic-693c630d_b458_478d_b059_5a9c4480d91e] Resetting offset for partition topic-693c630d_b458_478d_b059_5a9c4480d91e-0 to position FetchPosition{offset=0, offsetEpoch=Optional.empty, currentLeader=LeaderAndEpoch{leader=Optional[localhost:32769 (id: 0 rack: null)], epoch=0}}.
2025-08-13 16:43:12,691 INFO  [io.api.tes.ser.api.KafkaSerdesTester] (Thread-700) topic-693c630d_b458_478d_b059_5a9c4480d91e 0 0 {"key11755103387851": "value-0"}
2025-08-13 16:43:12,691 INFO  [io.api.tes.ser.api.KafkaSerdesTester] (Thread-700) topic-693c630d_b458_478d_b059_5a9c4480d91e 0 1 {"key11755103387851": "value-1"}
2025-08-13 16:43:12,691 INFO  [io.api.tes.ser.api.KafkaSerdesTester] (Thread-700) topic-693c630d_b458_478d_b059_5a9c4480d91e 0 2 {"key11755103387851": "value-2"}
2025-08-13 16:43:12,691 INFO  [io.api.tes.ser.api.KafkaSerdesTester] (Thread-700) topic-693c630d_b458_478d_b059_5a9c4480d91e 0 3 {"key11755103387851": "value-3"}
2025-08-13 16:43:12,691 INFO  [io.api.tes.ser.api.KafkaSerdesTester] (Thread-700) topic-693c630d_b458_478d_b059_5a9c4480d91e 0 4 {"key11755103387851": "value-4"}
2025-08-13 16:43:12,691 INFO  [io.api.tes.ser.api.KafkaSerdesTester] (Thread-700) topic-693c630d_b458_478d_b059_5a9c4480d91e 0 5 {"key11755103387851": "value-5"}
2025-08-13 16:43:12,691 INFO  [io.api.tes.ser.api.KafkaSerdesTester] (Thread-700) topic-693c630d_b458_478d_b059_5a9c4480d91e 0 6 {"key11755103387851": "value-6"}
2025-08-13 16:43:12,691 INFO  [io.api.tes.ser.api.KafkaSerdesTester] (Thread-700) topic-693c630d_b458_478d_b059_5a9c4480d91e 0 7 {"key11755103387851": "value-7"}
2025-08-13 16:43:12,691 INFO  [io.api.tes.ser.api.KafkaSerdesTester] (Thread-700) topic-693c630d_b458_478d_b059_5a9c4480d91e 0 8 {"key11755103387851": "value-8"}
2025-08-13 16:43:12,691 INFO  [io.api.tes.ser.api.KafkaSerdesTester] (Thread-700) topic-693c630d_b458_478d_b059_5a9c4480d91e 0 9 {"key11755103387851": "value-9"}
2025-08-13 16:43:12,691 INFO  [io.api.tes.ser.api.KafkaSerdesTester] (Thread-700) Consumed 10 messages
2025-08-13 16:43:12,701 INFO  [org.apa.kaf.cli.con.int.ConsumerRebalanceListenerInvoker] (Thread-700) [Consumer clientId=consumer-Consumer-topic-693c630d_b458_478d_b059_5a9c4480d91e-13, groupId=Consumer-topic-693c630d_b458_478d_b059_5a9c4480d91e] Revoke previously assigned partitions topic-693c630d_b458_478d_b059_5a9c4480d91e-0
2025-08-13 16:43:12,701 INFO  [org.apa.kaf.cli.con.int.ConsumerCoordinator] (Thread-700) [Consumer clientId=consumer-Consumer-topic-693c630d_b458_478d_b059_5a9c4480d91e-13, groupId=Consumer-topic-693c630d_b458_478d_b059_5a9c4480d91e] Member consumer-Consumer-topic-693c630d_b458_478d_b059_5a9c4480d91e-13-e34f62e0-5ac4-48dd-930d-c4f542ea78fa sending LeaveGroup request to coordinator localhost:32769 (id: 2147483647 rack: null) due to the consumer is being closed
2025-08-13 16:43:12,702 INFO  [org.apa.kaf.cli.con.int.ConsumerCoordinator] (Thread-700) [Consumer clientId=consumer-Consumer-topic-693c630d_b458_478d_b059_5a9c4480d91e-13, groupId=Consumer-topic-693c630d_b458_478d_b059_5a9c4480d91e] Resetting generation and member id due to: consumer pro-actively leaving the group
2025-08-13 16:43:12,702 INFO  [org.apa.kaf.cli.con.int.ConsumerCoordinator] (Thread-700) [Consumer clientId=consumer-Consumer-topic-693c630d_b458_478d_b059_5a9c4480d91e-13, groupId=Consumer-topic-693c630d_b458_478d_b059_5a9c4480d91e] Request joining group due to: consumer pro-actively leaving the group
2025-08-13 16:43:13,195 INFO  [org.apa.kaf.com.met.Metrics] (Thread-700) Metrics scheduler closed
2025-08-13 16:43:13,195 INFO  [org.apa.kaf.com.met.Metrics] (Thread-700) Closing reporter org.apache.kafka.common.metrics.JmxReporter
2025-08-13 16:43:13,195 INFO  [org.apa.kaf.com.met.Metrics] (Thread-700) Closing reporter org.apache.kafka.common.telemetry.internals.ClientTelemetryReporter
2025-08-13 16:43:13,195 INFO  [org.apa.kaf.com.met.Metrics] (Thread-700) Metrics reporters closed
2025-08-13 16:43:13,197 INFO  [org.apa.kaf.com.uti.AppInfoParser] (Thread-700) App info kafka.consumer for consumer-Consumer-topic-693c630d_b458_478d_b059_5a9c4480d91e-13 unregistered
2025-08-13 16:43:13,197 INFO  [io.api.tes.uti.TestSeparator] (main) io.apicurio.tests.serdes.apicurio.AvroSerdeIT.testTopicRecordIdStrategydFindLatest-FINISHED
2025-08-13 16:43:13,197 INFO  [io.api.tes.uti.TestSeparator] (main) ############################################################################
Test passed: testTopicRecordIdStrategydFindLatest
]]></system-out>
  </testcase>
  <testcase name="testAvroConfluentForMultipleTopics" classname="io.apicurio.tests.serdes.apicurio.AvroSerdeIT" time="13.138">
    <system-out><![CDATA[2025-08-13 16:43:13,199 INFO  [io.api.tes.uti.TestSeparator] (main) ############################################################################
2025-08-13 16:43:13,201 INFO  [io.api.tes.uti.TestSeparator] (main) io.apicurio.tests.serdes.apicurio.AvroSerdeIT.testAvroConfluentForMultipleTopics-STARTED
2025-08-13 16:43:13,202 INFO  [io.api.tes.ser.api.AvroSerdeIT] (main) Registering Avro Schema: {"type":"record","name":"myrecordconfluent","fields":[{"name":"key11755103393201","type":"string"}]}
**** Registry Base URL: http://registry-app-mysql.apps.ci419.apicurio-testing.org:80
2025-08-13 16:43:14,401 INFO  [org.apa.kaf.cli.pro.ProducerConfig] (main) ProducerConfig values: 
	acks = -1
	auto.include.jmx.reporter = true
	batch.size = 16384
	bootstrap.servers = [PLAINTEXT://localhost:32769]
	buffer.memory = 33554432
	client.dns.lookup = use_all_dns_ips
	client.id = Producer-topic-b219d16b_5541_41c5_acc8_31f106960d95
	compression.gzip.level = -1
	compression.lz4.level = 9
	compression.type = none
	compression.zstd.level = 3
	connections.max.idle.ms = 10000
	delivery.timeout.ms = 120000
	enable.idempotence = true
	enable.metrics.push = true
	interceptor.classes = []
	key.serializer = class org.apache.kafka.common.serialization.StringSerializer
	linger.ms = 0
	max.block.ms = 60000
	max.in.flight.requests.per.connection = 5
	max.request.size = 1048576
	metadata.max.age.ms = 300000
	metadata.max.idle.ms = 300000
	metadata.recovery.strategy = none
	metric.reporters = []
	metrics.num.samples = 2
	metrics.recording.level = INFO
	metrics.sample.window.ms = 30000
	partitioner.adaptive.partitioning.enable = true
	partitioner.availability.timeout.ms = 0
	partitioner.class = null
	partitioner.ignore.keys = false
	receive.buffer.bytes = 32768
	reconnect.backoff.max.ms = 1000
	reconnect.backoff.ms = 50
	request.timeout.ms = 5000
	retries = 2147483647
	retry.backoff.max.ms = 1000
	retry.backoff.ms = 100
	sasl.client.callback.handler.class = null
	sasl.jaas.config = null
	sasl.kerberos.kinit.cmd = /usr/bin/kinit
	sasl.kerberos.min.time.before.relogin = 60000
	sasl.kerberos.service.name = null
	sasl.kerberos.ticket.renew.jitter = 0.05
	sasl.kerberos.ticket.renew.window.factor = 0.8
	sasl.login.callback.handler.class = null
	sasl.login.class = null
	sasl.login.connect.timeout.ms = null
	sasl.login.read.timeout.ms = null
	sasl.login.refresh.buffer.seconds = 300
	sasl.login.refresh.min.period.seconds = 60
	sasl.login.refresh.window.factor = 0.8
	sasl.login.refresh.window.jitter = 0.05
	sasl.login.retry.backoff.max.ms = 10000
	sasl.login.retry.backoff.ms = 100
	sasl.mechanism = GSSAPI
	sasl.oauthbearer.clock.skew.seconds = 30
	sasl.oauthbearer.expected.audience = null
	sasl.oauthbearer.expected.issuer = null
	sasl.oauthbearer.header.urlencode = false
	sasl.oauthbearer.jwks.endpoint.refresh.ms = 3600000
	sasl.oauthbearer.jwks.endpoint.retry.backoff.max.ms = 10000
	sasl.oauthbearer.jwks.endpoint.retry.backoff.ms = 100
	sasl.oauthbearer.jwks.endpoint.url = null
	sasl.oauthbearer.scope.claim.name = scope
	sasl.oauthbearer.sub.claim.name = sub
	sasl.oauthbearer.token.endpoint.url = null
	security.protocol = PLAINTEXT
	security.providers = null
	send.buffer.bytes = 131072
	socket.connection.setup.timeout.max.ms = 30000
	socket.connection.setup.timeout.ms = 10000
	ssl.cipher.suites = null
	ssl.enabled.protocols = [TLSv1.2, TLSv1.3]
	ssl.endpoint.identification.algorithm = https
	ssl.engine.factory.class = null
	ssl.key.password = null
	ssl.keymanager.algorithm = SunX509
	ssl.keystore.certificate.chain = null
	ssl.keystore.key = null
	ssl.keystore.location = null
	ssl.keystore.password = null
	ssl.keystore.type = JKS
	ssl.protocol = TLSv1.3
	ssl.provider = null
	ssl.secure.random.implementation = null
	ssl.trustmanager.algorithm = PKIX
	ssl.truststore.certificates = null
	ssl.truststore.location = null
	ssl.truststore.password = null
	ssl.truststore.type = JKS
	transaction.timeout.ms = 60000
	transactional.id = null
	value.serializer = class io.apicurio.registry.serde.avro.AvroKafkaSerializer

2025-08-13 16:43:14,401 INFO  [org.apa.kaf.com.tel.int.KafkaMetricsCollector] (main) initializing Kafka metrics collector
2025-08-13 16:43:14,404 INFO  [org.apa.kaf.cli.pro.KafkaProducer] (main) [Producer clientId=Producer-topic-b219d16b_5541_41c5_acc8_31f106960d95] Instantiated an idempotent producer.
2025-08-13 16:43:14,406 INFO  [org.apa.kaf.cli.pro.ProducerConfig] (main) These configurations '[apicurio.registry.url, apicurio.registry.artifact-resolver-strategy]' were supplied but are not used yet.
2025-08-13 16:43:14,406 INFO  [org.apa.kaf.com.uti.AppInfoParser] (main) Kafka version: 3.9.1
2025-08-13 16:43:14,406 INFO  [org.apa.kaf.com.uti.AppInfoParser] (main) Kafka commitId: f745dfdcee2b9851
2025-08-13 16:43:14,406 INFO  [org.apa.kaf.com.uti.AppInfoParser] (main) Kafka startTimeMs: 1755103394406
**** Registry Base URL: http://registry-app-mysql.apps.ci419.apicurio-testing.org:80
2025-08-13 16:43:14,406 INFO  [org.apa.kaf.cli.pro.ProducerConfig] (main) ProducerConfig values: 
	acks = -1
	auto.include.jmx.reporter = true
	batch.size = 16384
	bootstrap.servers = [PLAINTEXT://localhost:32769]
	buffer.memory = 33554432
	client.dns.lookup = use_all_dns_ips
	client.id = Producer-topic-bceef350_c0ea_426c_bf7a_bba66eeb337b
	compression.gzip.level = -1
	compression.lz4.level = 9
	compression.type = none
	compression.zstd.level = 3
	connections.max.idle.ms = 10000
	delivery.timeout.ms = 120000
	enable.idempotence = true
	enable.metrics.push = true
	interceptor.classes = []
	key.serializer = class org.apache.kafka.common.serialization.StringSerializer
	linger.ms = 0
	max.block.ms = 60000
	max.in.flight.requests.per.connection = 5
	max.request.size = 1048576
	metadata.max.age.ms = 300000
	metadata.max.idle.ms = 300000
	metadata.recovery.strategy = none
	metric.reporters = []
	metrics.num.samples = 2
	metrics.recording.level = INFO
	metrics.sample.window.ms = 30000
	partitioner.adaptive.partitioning.enable = true
	partitioner.availability.timeout.ms = 0
	partitioner.class = null
	partitioner.ignore.keys = false
	receive.buffer.bytes = 32768
	reconnect.backoff.max.ms = 1000
	reconnect.backoff.ms = 50
	request.timeout.ms = 5000
	retries = 2147483647
	retry.backoff.max.ms = 1000
	retry.backoff.ms = 100
	sasl.client.callback.handler.class = null
	sasl.jaas.config = null
	sasl.kerberos.kinit.cmd = /usr/bin/kinit
	sasl.kerberos.min.time.before.relogin = 60000
	sasl.kerberos.service.name = null
	sasl.kerberos.ticket.renew.jitter = 0.05
	sasl.kerberos.ticket.renew.window.factor = 0.8
	sasl.login.callback.handler.class = null
	sasl.login.class = null
	sasl.login.connect.timeout.ms = null
	sasl.login.read.timeout.ms = null
	sasl.login.refresh.buffer.seconds = 300
	sasl.login.refresh.min.period.seconds = 60
	sasl.login.refresh.window.factor = 0.8
	sasl.login.refresh.window.jitter = 0.05
	sasl.login.retry.backoff.max.ms = 10000
	sasl.login.retry.backoff.ms = 100
	sasl.mechanism = GSSAPI
	sasl.oauthbearer.clock.skew.seconds = 30
	sasl.oauthbearer.expected.audience = null
	sasl.oauthbearer.expected.issuer = null
	sasl.oauthbearer.header.urlencode = false
	sasl.oauthbearer.jwks.endpoint.refresh.ms = 3600000
	sasl.oauthbearer.jwks.endpoint.retry.backoff.max.ms = 10000
	sasl.oauthbearer.jwks.endpoint.retry.backoff.ms = 100
	sasl.oauthbearer.jwks.endpoint.url = null
	sasl.oauthbearer.scope.claim.name = scope
	sasl.oauthbearer.sub.claim.name = sub
	sasl.oauthbearer.token.endpoint.url = null
	security.protocol = PLAINTEXT
	security.providers = null
	send.buffer.bytes = 131072
	socket.connection.setup.timeout.max.ms = 30000
	socket.connection.setup.timeout.ms = 10000
	ssl.cipher.suites = null
	ssl.enabled.protocols = [TLSv1.2, TLSv1.3]
	ssl.endpoint.identification.algorithm = https
	ssl.engine.factory.class = null
	ssl.key.password = null
	ssl.keymanager.algorithm = SunX509
	ssl.keystore.certificate.chain = null
	ssl.keystore.key = null
	ssl.keystore.location = null
	ssl.keystore.password = null
	ssl.keystore.type = JKS
	ssl.protocol = TLSv1.3
	ssl.provider = null
	ssl.secure.random.implementation = null
	ssl.trustmanager.algorithm = PKIX
	ssl.truststore.certificates = null
	ssl.truststore.location = null
	ssl.truststore.password = null
	ssl.truststore.type = JKS
	transaction.timeout.ms = 60000
	transactional.id = null
	value.serializer = class io.apicurio.registry.serde.avro.AvroKafkaSerializer

2025-08-13 16:43:14,406 INFO  [org.apa.kaf.com.tel.int.KafkaMetricsCollector] (main) initializing Kafka metrics collector
2025-08-13 16:43:14,412 INFO  [org.apa.kaf.cli.Metadata] (kafka-producer-network-thread | Producer-topic-b219d16b_5541_41c5_acc8_31f106960d95) [Producer clientId=Producer-topic-b219d16b_5541_41c5_acc8_31f106960d95] Cluster ID: qKHj6WxtSVqL2ounD9m8uw
2025-08-13 16:43:14,416 INFO  [org.apa.kaf.cli.pro.int.TransactionManager] (kafka-producer-network-thread | Producer-topic-b219d16b_5541_41c5_acc8_31f106960d95) [Producer clientId=Producer-topic-b219d16b_5541_41c5_acc8_31f106960d95] ProducerId set to 19 with epoch 0
2025-08-13 16:43:14,417 INFO  [org.apa.kaf.cli.pro.KafkaProducer] (main) [Producer clientId=Producer-topic-bceef350_c0ea_426c_bf7a_bba66eeb337b] Instantiated an idempotent producer.
2025-08-13 16:43:14,419 INFO  [org.apa.kaf.cli.pro.ProducerConfig] (main) These configurations '[apicurio.registry.url, apicurio.registry.artifact-resolver-strategy]' were supplied but are not used yet.
2025-08-13 16:43:14,419 INFO  [org.apa.kaf.com.uti.AppInfoParser] (main) Kafka version: 3.9.1
2025-08-13 16:43:14,419 INFO  [org.apa.kaf.com.uti.AppInfoParser] (main) Kafka commitId: f745dfdcee2b9851
2025-08-13 16:43:14,419 INFO  [org.apa.kaf.com.uti.AppInfoParser] (main) Kafka startTimeMs: 1755103394419
**** Registry Base URL: http://registry-app-mysql.apps.ci419.apicurio-testing.org:80
2025-08-13 16:43:14,420 INFO  [org.apa.kaf.cli.pro.ProducerConfig] (main) ProducerConfig values: 
	acks = -1
	auto.include.jmx.reporter = true
	batch.size = 16384
	bootstrap.servers = [PLAINTEXT://localhost:32769]
	buffer.memory = 33554432
	client.dns.lookup = use_all_dns_ips
	client.id = Producer-topic-1a70bbf4_2d92_436b_bbaf_ba672db047b7
	compression.gzip.level = -1
	compression.lz4.level = 9
	compression.type = none
	compression.zstd.level = 3
	connections.max.idle.ms = 10000
	delivery.timeout.ms = 120000
	enable.idempotence = true
	enable.metrics.push = true
	interceptor.classes = []
	key.serializer = class org.apache.kafka.common.serialization.StringSerializer
	linger.ms = 0
	max.block.ms = 60000
	max.in.flight.requests.per.connection = 5
	max.request.size = 1048576
	metadata.max.age.ms = 300000
	metadata.max.idle.ms = 300000
	metadata.recovery.strategy = none
	metric.reporters = []
	metrics.num.samples = 2
	metrics.recording.level = INFO
	metrics.sample.window.ms = 30000
	partitioner.adaptive.partitioning.enable = true
	partitioner.availability.timeout.ms = 0
	partitioner.class = null
	partitioner.ignore.keys = false
	receive.buffer.bytes = 32768
	reconnect.backoff.max.ms = 1000
	reconnect.backoff.ms = 50
	request.timeout.ms = 5000
	retries = 2147483647
	retry.backoff.max.ms = 1000
	retry.backoff.ms = 100
	sasl.client.callback.handler.class = null
	sasl.jaas.config = null
	sasl.kerberos.kinit.cmd = /usr/bin/kinit
	sasl.kerberos.min.time.before.relogin = 60000
	sasl.kerberos.service.name = null
	sasl.kerberos.ticket.renew.jitter = 0.05
	sasl.kerberos.ticket.renew.window.factor = 0.8
	sasl.login.callback.handler.class = null
	sasl.login.class = null
	sasl.login.connect.timeout.ms = null
	sasl.login.read.timeout.ms = null
	sasl.login.refresh.buffer.seconds = 300
	sasl.login.refresh.min.period.seconds = 60
	sasl.login.refresh.window.factor = 0.8
	sasl.login.refresh.window.jitter = 0.05
	sasl.login.retry.backoff.max.ms = 10000
	sasl.login.retry.backoff.ms = 100
	sasl.mechanism = GSSAPI
	sasl.oauthbearer.clock.skew.seconds = 30
	sasl.oauthbearer.expected.audience = null
	sasl.oauthbearer.expected.issuer = null
	sasl.oauthbearer.header.urlencode = false
	sasl.oauthbearer.jwks.endpoint.refresh.ms = 3600000
	sasl.oauthbearer.jwks.endpoint.retry.backoff.max.ms = 10000
	sasl.oauthbearer.jwks.endpoint.retry.backoff.ms = 100
	sasl.oauthbearer.jwks.endpoint.url = null
	sasl.oauthbearer.scope.claim.name = scope
	sasl.oauthbearer.sub.claim.name = sub
	sasl.oauthbearer.token.endpoint.url = null
	security.protocol = PLAINTEXT
	security.providers = null
	send.buffer.bytes = 131072
	socket.connection.setup.timeout.max.ms = 30000
	socket.connection.setup.timeout.ms = 10000
	ssl.cipher.suites = null
	ssl.enabled.protocols = [TLSv1.2, TLSv1.3]
	ssl.endpoint.identification.algorithm = https
	ssl.engine.factory.class = null
	ssl.key.password = null
	ssl.keymanager.algorithm = SunX509
	ssl.keystore.certificate.chain = null
	ssl.keystore.key = null
	ssl.keystore.location = null
	ssl.keystore.password = null
	ssl.keystore.type = JKS
	ssl.protocol = TLSv1.3
	ssl.provider = null
	ssl.secure.random.implementation = null
	ssl.trustmanager.algorithm = PKIX
	ssl.truststore.certificates = null
	ssl.truststore.location = null
	ssl.truststore.password = null
	ssl.truststore.type = JKS
	transaction.timeout.ms = 60000
	transactional.id = null
	value.serializer = class io.apicurio.registry.serde.avro.AvroKafkaSerializer

2025-08-13 16:43:14,420 INFO  [org.apa.kaf.com.tel.int.KafkaMetricsCollector] (main) initializing Kafka metrics collector
2025-08-13 16:43:14,428 INFO  [org.apa.kaf.cli.Metadata] (kafka-producer-network-thread | Producer-topic-bceef350_c0ea_426c_bf7a_bba66eeb337b) [Producer clientId=Producer-topic-bceef350_c0ea_426c_bf7a_bba66eeb337b] Cluster ID: qKHj6WxtSVqL2ounD9m8uw
2025-08-13 16:43:14,428 INFO  [org.apa.kaf.cli.pro.int.TransactionManager] (kafka-producer-network-thread | Producer-topic-bceef350_c0ea_426c_bf7a_bba66eeb337b) [Producer clientId=Producer-topic-bceef350_c0ea_426c_bf7a_bba66eeb337b] ProducerId set to 20 with epoch 0
2025-08-13 16:43:14,438 INFO  [org.apa.kaf.cli.pro.KafkaProducer] (main) [Producer clientId=Producer-topic-1a70bbf4_2d92_436b_bbaf_ba672db047b7] Instantiated an idempotent producer.
2025-08-13 16:43:14,442 INFO  [org.apa.kaf.cli.pro.ProducerConfig] (main) These configurations '[apicurio.registry.url, apicurio.registry.artifact-resolver-strategy]' were supplied but are not used yet.
2025-08-13 16:43:14,442 INFO  [org.apa.kaf.com.uti.AppInfoParser] (main) Kafka version: 3.9.1
2025-08-13 16:43:14,442 INFO  [org.apa.kaf.com.uti.AppInfoParser] (main) Kafka commitId: f745dfdcee2b9851
2025-08-13 16:43:14,442 INFO  [org.apa.kaf.com.uti.AppInfoParser] (main) Kafka startTimeMs: 1755103394442
**** Registry Base URL: http://registry-app-mysql.apps.ci419.apicurio-testing.org:80
2025-08-13 16:43:14,443 INFO  [org.apa.kaf.cli.con.ConsumerConfig] (main) ConsumerConfig values: 
	allow.auto.create.topics = true
	auto.commit.interval.ms = 500
	auto.include.jmx.reporter = true
	auto.offset.reset = earliest
	bootstrap.servers = [PLAINTEXT://localhost:32769]
	check.crcs = true
	client.dns.lookup = use_all_dns_ips
	client.id = consumer-Consumer-topic-b219d16b_5541_41c5_acc8_31f106960d95-14
	client.rack = 
	connections.max.idle.ms = 10000
	default.api.timeout.ms = 60000
	enable.auto.commit = true
	enable.metrics.push = true
	exclude.internal.topics = true
	fetch.max.bytes = 52428800
	fetch.max.wait.ms = 500
	fetch.min.bytes = 1
	group.id = Consumer-topic-b219d16b_5541_41c5_acc8_31f106960d95
	group.instance.id = null
	group.protocol = classic
	group.remote.assignor = null
	heartbeat.interval.ms = 3000
	interceptor.classes = []
	internal.leave.group.on.close = true
	internal.throw.on.fetch.stable.offset.unsupported = false
	isolation.level = read_uncommitted
	key.deserializer = class org.apache.kafka.common.serialization.StringDeserializer
	max.partition.fetch.bytes = 1048576
	max.poll.interval.ms = 300000
	max.poll.records = 500
	metadata.max.age.ms = 300000
	metadata.recovery.strategy = none
	metric.reporters = []
	metrics.num.samples = 2
	metrics.recording.level = INFO
	metrics.sample.window.ms = 30000
	partition.assignment.strategy = [class org.apache.kafka.clients.consumer.RangeAssignor, class org.apache.kafka.clients.consumer.CooperativeStickyAssignor]
	receive.buffer.bytes = 65536
	reconnect.backoff.max.ms = 1000
	reconnect.backoff.ms = 50
	request.timeout.ms = 5000
	retry.backoff.max.ms = 1000
	retry.backoff.ms = 100
	sasl.client.callback.handler.class = null
	sasl.jaas.config = null
	sasl.kerberos.kinit.cmd = /usr/bin/kinit
	sasl.kerberos.min.time.before.relogin = 60000
	sasl.kerberos.service.name = null
	sasl.kerberos.ticket.renew.jitter = 0.05
	sasl.kerberos.ticket.renew.window.factor = 0.8
	sasl.login.callback.handler.class = null
	sasl.login.class = null
	sasl.login.connect.timeout.ms = null
	sasl.login.read.timeout.ms = null
	sasl.login.refresh.buffer.seconds = 300
	sasl.login.refresh.min.period.seconds = 60
	sasl.login.refresh.window.factor = 0.8
	sasl.login.refresh.window.jitter = 0.05
	sasl.login.retry.backoff.max.ms = 10000
	sasl.login.retry.backoff.ms = 100
	sasl.mechanism = GSSAPI
	sasl.oauthbearer.clock.skew.seconds = 30
	sasl.oauthbearer.expected.audience = null
	sasl.oauthbearer.expected.issuer = null
	sasl.oauthbearer.header.urlencode = false
	sasl.oauthbearer.jwks.endpoint.refresh.ms = 3600000
	sasl.oauthbearer.jwks.endpoint.retry.backoff.max.ms = 10000
	sasl.oauthbearer.jwks.endpoint.retry.backoff.ms = 100
	sasl.oauthbearer.jwks.endpoint.url = null
	sasl.oauthbearer.scope.claim.name = scope
	sasl.oauthbearer.sub.claim.name = sub
	sasl.oauthbearer.token.endpoint.url = null
	security.protocol = PLAINTEXT
	security.providers = null
	send.buffer.bytes = 131072
	session.timeout.ms = 45000
	socket.connection.setup.timeout.max.ms = 30000
	socket.connection.setup.timeout.ms = 10000
	ssl.cipher.suites = null
	ssl.enabled.protocols = [TLSv1.2, TLSv1.3]
	ssl.endpoint.identification.algorithm = https
	ssl.engine.factory.class = null
	ssl.key.password = null
	ssl.keymanager.algorithm = SunX509
	ssl.keystore.certificate.chain = null
	ssl.keystore.key = null
	ssl.keystore.location = null
	ssl.keystore.password = null
	ssl.keystore.type = JKS
	ssl.protocol = TLSv1.3
	ssl.provider = null
	ssl.secure.random.implementation = null
	ssl.trustmanager.algorithm = PKIX
	ssl.truststore.certificates = null
	ssl.truststore.location = null
	ssl.truststore.password = null
	ssl.truststore.type = JKS
	value.deserializer = class io.apicurio.registry.serde.avro.AvroKafkaDeserializer

2025-08-13 16:43:14,443 INFO  [org.apa.kaf.com.tel.int.KafkaMetricsCollector] (main) initializing Kafka metrics collector
2025-08-13 16:43:14,450 INFO  [org.apa.kaf.cli.Metadata] (kafka-producer-network-thread | Producer-topic-1a70bbf4_2d92_436b_bbaf_ba672db047b7) [Producer clientId=Producer-topic-1a70bbf4_2d92_436b_bbaf_ba672db047b7] Cluster ID: qKHj6WxtSVqL2ounD9m8uw
2025-08-13 16:43:14,452 INFO  [org.apa.kaf.cli.pro.int.TransactionManager] (kafka-producer-network-thread | Producer-topic-1a70bbf4_2d92_436b_bbaf_ba672db047b7) [Producer clientId=Producer-topic-1a70bbf4_2d92_436b_bbaf_ba672db047b7] ProducerId set to 21 with epoch 0
2025-08-13 16:43:14,455 INFO  [org.apa.kaf.cli.con.ConsumerConfig] (main) These configurations '[apicurio.registry.url]' were supplied but are not used yet.
2025-08-13 16:43:14,455 INFO  [org.apa.kaf.com.uti.AppInfoParser] (main) Kafka version: 3.9.1
2025-08-13 16:43:14,455 INFO  [org.apa.kaf.com.uti.AppInfoParser] (main) Kafka commitId: f745dfdcee2b9851
2025-08-13 16:43:14,455 INFO  [org.apa.kaf.com.uti.AppInfoParser] (main) Kafka startTimeMs: 1755103394455
**** Registry Base URL: http://registry-app-mysql.apps.ci419.apicurio-testing.org:80
2025-08-13 16:43:14,456 INFO  [org.apa.kaf.cli.con.ConsumerConfig] (main) ConsumerConfig values: 
	allow.auto.create.topics = true
	auto.commit.interval.ms = 500
	auto.include.jmx.reporter = true
	auto.offset.reset = earliest
	bootstrap.servers = [PLAINTEXT://localhost:32769]
	check.crcs = true
	client.dns.lookup = use_all_dns_ips
	client.id = consumer-Consumer-topic-bceef350_c0ea_426c_bf7a_bba66eeb337b-15
	client.rack = 
	connections.max.idle.ms = 10000
	default.api.timeout.ms = 60000
	enable.auto.commit = true
	enable.metrics.push = true
	exclude.internal.topics = true
	fetch.max.bytes = 52428800
	fetch.max.wait.ms = 500
	fetch.min.bytes = 1
	group.id = Consumer-topic-bceef350_c0ea_426c_bf7a_bba66eeb337b
	group.instance.id = null
	group.protocol = classic
	group.remote.assignor = null
	heartbeat.interval.ms = 3000
	interceptor.classes = []
	internal.leave.group.on.close = true
	internal.throw.on.fetch.stable.offset.unsupported = false
	isolation.level = read_uncommitted
	key.deserializer = class org.apache.kafka.common.serialization.StringDeserializer
	max.partition.fetch.bytes = 1048576
	max.poll.interval.ms = 300000
	max.poll.records = 500
	metadata.max.age.ms = 300000
	metadata.recovery.strategy = none
	metric.reporters = []
	metrics.num.samples = 2
	metrics.recording.level = INFO
	metrics.sample.window.ms = 30000
	partition.assignment.strategy = [class org.apache.kafka.clients.consumer.RangeAssignor, class org.apache.kafka.clients.consumer.CooperativeStickyAssignor]
	receive.buffer.bytes = 65536
	reconnect.backoff.max.ms = 1000
	reconnect.backoff.ms = 50
	request.timeout.ms = 5000
	retry.backoff.max.ms = 1000
	retry.backoff.ms = 100
	sasl.client.callback.handler.class = null
	sasl.jaas.config = null
	sasl.kerberos.kinit.cmd = /usr/bin/kinit
	sasl.kerberos.min.time.before.relogin = 60000
	sasl.kerberos.service.name = null
	sasl.kerberos.ticket.renew.jitter = 0.05
	sasl.kerberos.ticket.renew.window.factor = 0.8
	sasl.login.callback.handler.class = null
	sasl.login.class = null
	sasl.login.connect.timeout.ms = null
	sasl.login.read.timeout.ms = null
	sasl.login.refresh.buffer.seconds = 300
	sasl.login.refresh.min.period.seconds = 60
	sasl.login.refresh.window.factor = 0.8
	sasl.login.refresh.window.jitter = 0.05
	sasl.login.retry.backoff.max.ms = 10000
	sasl.login.retry.backoff.ms = 100
	sasl.mechanism = GSSAPI
	sasl.oauthbearer.clock.skew.seconds = 30
	sasl.oauthbearer.expected.audience = null
	sasl.oauthbearer.expected.issuer = null
	sasl.oauthbearer.header.urlencode = false
	sasl.oauthbearer.jwks.endpoint.refresh.ms = 3600000
	sasl.oauthbearer.jwks.endpoint.retry.backoff.max.ms = 10000
	sasl.oauthbearer.jwks.endpoint.retry.backoff.ms = 100
	sasl.oauthbearer.jwks.endpoint.url = null
	sasl.oauthbearer.scope.claim.name = scope
	sasl.oauthbearer.sub.claim.name = sub
	sasl.oauthbearer.token.endpoint.url = null
	security.protocol = PLAINTEXT
	security.providers = null
	send.buffer.bytes = 131072
	session.timeout.ms = 45000
	socket.connection.setup.timeout.max.ms = 30000
	socket.connection.setup.timeout.ms = 10000
	ssl.cipher.suites = null
	ssl.enabled.protocols = [TLSv1.2, TLSv1.3]
	ssl.endpoint.identification.algorithm = https
	ssl.engine.factory.class = null
	ssl.key.password = null
	ssl.keymanager.algorithm = SunX509
	ssl.keystore.certificate.chain = null
	ssl.keystore.key = null
	ssl.keystore.location = null
	ssl.keystore.password = null
	ssl.keystore.type = JKS
	ssl.protocol = TLSv1.3
	ssl.provider = null
	ssl.secure.random.implementation = null
	ssl.trustmanager.algorithm = PKIX
	ssl.truststore.certificates = null
	ssl.truststore.location = null
	ssl.truststore.password = null
	ssl.truststore.type = JKS
	value.deserializer = class io.apicurio.registry.serde.avro.AvroKafkaDeserializer

2025-08-13 16:43:14,456 INFO  [org.apa.kaf.com.tel.int.KafkaMetricsCollector] (main) initializing Kafka metrics collector
2025-08-13 16:43:14,463 INFO  [org.apa.kaf.cli.con.ConsumerConfig] (main) These configurations '[apicurio.registry.url]' were supplied but are not used yet.
2025-08-13 16:43:14,463 INFO  [org.apa.kaf.com.uti.AppInfoParser] (main) Kafka version: 3.9.1
2025-08-13 16:43:14,463 INFO  [org.apa.kaf.com.uti.AppInfoParser] (main) Kafka commitId: f745dfdcee2b9851
2025-08-13 16:43:14,463 INFO  [org.apa.kaf.com.uti.AppInfoParser] (main) Kafka startTimeMs: 1755103394463
**** Registry Base URL: http://registry-app-mysql.apps.ci419.apicurio-testing.org:80
2025-08-13 16:43:14,464 INFO  [org.apa.kaf.cli.con.ConsumerConfig] (main) ConsumerConfig values: 
	allow.auto.create.topics = true
	auto.commit.interval.ms = 500
	auto.include.jmx.reporter = true
	auto.offset.reset = earliest
	bootstrap.servers = [PLAINTEXT://localhost:32769]
	check.crcs = true
	client.dns.lookup = use_all_dns_ips
	client.id = consumer-Consumer-topic-1a70bbf4_2d92_436b_bbaf_ba672db047b7-16
	client.rack = 
	connections.max.idle.ms = 10000
	default.api.timeout.ms = 60000
	enable.auto.commit = true
	enable.metrics.push = true
	exclude.internal.topics = true
	fetch.max.bytes = 52428800
	fetch.max.wait.ms = 500
	fetch.min.bytes = 1
	group.id = Consumer-topic-1a70bbf4_2d92_436b_bbaf_ba672db047b7
	group.instance.id = null
	group.protocol = classic
	group.remote.assignor = null
	heartbeat.interval.ms = 3000
	interceptor.classes = []
	internal.leave.group.on.close = true
	internal.throw.on.fetch.stable.offset.unsupported = false
	isolation.level = read_uncommitted
	key.deserializer = class org.apache.kafka.common.serialization.StringDeserializer
	max.partition.fetch.bytes = 1048576
	max.poll.interval.ms = 300000
	max.poll.records = 500
	metadata.max.age.ms = 300000
	metadata.recovery.strategy = none
	metric.reporters = []
	metrics.num.samples = 2
	metrics.recording.level = INFO
	metrics.sample.window.ms = 30000
	partition.assignment.strategy = [class org.apache.kafka.clients.consumer.RangeAssignor, class org.apache.kafka.clients.consumer.CooperativeStickyAssignor]
	receive.buffer.bytes = 65536
	reconnect.backoff.max.ms = 1000
	reconnect.backoff.ms = 50
	request.timeout.ms = 5000
	retry.backoff.max.ms = 1000
	retry.backoff.ms = 100
	sasl.client.callback.handler.class = null
	sasl.jaas.config = null
	sasl.kerberos.kinit.cmd = /usr/bin/kinit
	sasl.kerberos.min.time.before.relogin = 60000
	sasl.kerberos.service.name = null
	sasl.kerberos.ticket.renew.jitter = 0.05
	sasl.kerberos.ticket.renew.window.factor = 0.8
	sasl.login.callback.handler.class = null
	sasl.login.class = null
	sasl.login.connect.timeout.ms = null
	sasl.login.read.timeout.ms = null
	sasl.login.refresh.buffer.seconds = 300
	sasl.login.refresh.min.period.seconds = 60
	sasl.login.refresh.window.factor = 0.8
	sasl.login.refresh.window.jitter = 0.05
	sasl.login.retry.backoff.max.ms = 10000
	sasl.login.retry.backoff.ms = 100
	sasl.mechanism = GSSAPI
	sasl.oauthbearer.clock.skew.seconds = 30
	sasl.oauthbearer.expected.audience = null
	sasl.oauthbearer.expected.issuer = null
	sasl.oauthbearer.header.urlencode = false
	sasl.oauthbearer.jwks.endpoint.refresh.ms = 3600000
	sasl.oauthbearer.jwks.endpoint.retry.backoff.max.ms = 10000
	sasl.oauthbearer.jwks.endpoint.retry.backoff.ms = 100
	sasl.oauthbearer.jwks.endpoint.url = null
	sasl.oauthbearer.scope.claim.name = scope
	sasl.oauthbearer.sub.claim.name = sub
	sasl.oauthbearer.token.endpoint.url = null
	security.protocol = PLAINTEXT
	security.providers = null
	send.buffer.bytes = 131072
	session.timeout.ms = 45000
	socket.connection.setup.timeout.max.ms = 30000
	socket.connection.setup.timeout.ms = 10000
	ssl.cipher.suites = null
	ssl.enabled.protocols = [TLSv1.2, TLSv1.3]
	ssl.endpoint.identification.algorithm = https
	ssl.engine.factory.class = null
	ssl.key.password = null
	ssl.keymanager.algorithm = SunX509
	ssl.keystore.certificate.chain = null
	ssl.keystore.key = null
	ssl.keystore.location = null
	ssl.keystore.password = null
	ssl.keystore.type = JKS
	ssl.protocol = TLSv1.3
	ssl.provider = null
	ssl.secure.random.implementation = null
	ssl.trustmanager.algorithm = PKIX
	ssl.truststore.certificates = null
	ssl.truststore.location = null
	ssl.truststore.password = null
	ssl.truststore.type = JKS
	value.deserializer = class io.apicurio.registry.serde.avro.AvroKafkaDeserializer

2025-08-13 16:43:14,464 INFO  [org.apa.kaf.com.tel.int.KafkaMetricsCollector] (main) initializing Kafka metrics collector
2025-08-13 16:43:14,471 INFO  [org.apa.kaf.cli.con.ConsumerConfig] (main) These configurations '[apicurio.registry.url]' were supplied but are not used yet.
2025-08-13 16:43:14,471 INFO  [org.apa.kaf.com.uti.AppInfoParser] (main) Kafka version: 3.9.1
2025-08-13 16:43:14,471 INFO  [org.apa.kaf.com.uti.AppInfoParser] (main) Kafka commitId: f745dfdcee2b9851
2025-08-13 16:43:14,472 INFO  [org.apa.kaf.com.uti.AppInfoParser] (main) Kafka startTimeMs: 1755103394471
2025-08-13 16:43:14,474 INFO  [io.api.tes.ser.api.KafkaSerdesTester] (Thread-713) Sending message {"key11755103393201": "value-0"} to topic topic-b219d16b_5541_41c5_acc8_31f106960d95
2025-08-13 16:43:14,475 INFO  [DefaultSchemaResolver] (Thread-713) Retrieving schema content using string: {"type":"record","name":"myrecordconfluent","fields":[{"name":"key11755103393201","type":"string"}]}
2025-08-13 16:43:14,638 INFO  [io.api.tes.ser.api.KafkaSerdesTester] (Thread-713) Sending message {"key11755103393201": "value-1"} to topic topic-b219d16b_5541_41c5_acc8_31f106960d95
2025-08-13 16:43:14,639 INFO  [io.api.tes.ser.api.KafkaSerdesTester] (Thread-713) Sending message {"key11755103393201": "value-2"} to topic topic-b219d16b_5541_41c5_acc8_31f106960d95
2025-08-13 16:43:14,640 INFO  [io.api.tes.ser.api.KafkaSerdesTester] (Thread-713) Sending message {"key11755103393201": "value-3"} to topic topic-b219d16b_5541_41c5_acc8_31f106960d95
2025-08-13 16:43:14,641 INFO  [io.api.tes.ser.api.KafkaSerdesTester] (Thread-713) Sending message {"key11755103393201": "value-4"} to topic topic-b219d16b_5541_41c5_acc8_31f106960d95
2025-08-13 16:43:14,642 INFO  [io.api.tes.ser.api.KafkaSerdesTester] (Thread-713) Sending message {"key11755103393201": "value-5"} to topic topic-b219d16b_5541_41c5_acc8_31f106960d95
2025-08-13 16:43:14,643 INFO  [io.api.tes.ser.api.KafkaSerdesTester] (Thread-713) Sending message {"key11755103393201": "value-6"} to topic topic-b219d16b_5541_41c5_acc8_31f106960d95
2025-08-13 16:43:14,644 INFO  [io.api.tes.ser.api.KafkaSerdesTester] (Thread-713) Sending message {"key11755103393201": "value-7"} to topic topic-b219d16b_5541_41c5_acc8_31f106960d95
2025-08-13 16:43:14,647 INFO  [io.api.tes.ser.api.KafkaSerdesTester] (Thread-713) Sending message {"key11755103393201": "value-8"} to topic topic-b219d16b_5541_41c5_acc8_31f106960d95
2025-08-13 16:43:14,649 INFO  [io.api.tes.ser.api.KafkaSerdesTester] (Thread-713) Sending message {"key11755103393201": "value-9"} to topic topic-b219d16b_5541_41c5_acc8_31f106960d95
2025-08-13 16:43:14,651 INFO  [io.api.tes.ser.api.KafkaSerdesTester] (Thread-713) Produced 10 messages
2025-08-13 16:43:14,651 INFO  [org.apa.kaf.cli.pro.KafkaProducer] (Thread-713) [Producer clientId=Producer-topic-b219d16b_5541_41c5_acc8_31f106960d95] Closing the Kafka producer with timeoutMillis = 9223372036854775807 ms.
2025-08-13 16:43:14,653 INFO  [org.apa.kaf.com.met.Metrics] (Thread-713) Metrics scheduler closed
2025-08-13 16:43:14,654 INFO  [org.apa.kaf.com.met.Metrics] (Thread-713) Closing reporter org.apache.kafka.common.metrics.JmxReporter
2025-08-13 16:43:14,654 INFO  [org.apa.kaf.com.met.Metrics] (Thread-713) Closing reporter org.apache.kafka.common.telemetry.internals.ClientTelemetryReporter
2025-08-13 16:43:14,654 INFO  [org.apa.kaf.com.met.Metrics] (Thread-713) Metrics reporters closed
2025-08-13 16:43:14,654 INFO  [org.apa.kaf.com.uti.AppInfoParser] (Thread-713) App info kafka.producer for Producer-topic-b219d16b_5541_41c5_acc8_31f106960d95 unregistered
2025-08-13 16:43:14,656 INFO  [io.api.tes.ser.api.KafkaSerdesTester] (Thread-714) Sending message {"key11755103393201": "value-0"} to topic topic-bceef350_c0ea_426c_bf7a_bba66eeb337b
2025-08-13 16:43:14,661 INFO  [DefaultSchemaResolver] (Thread-714) Retrieving schema content using string: {"type":"record","name":"myrecordconfluent","fields":[{"name":"key11755103393201","type":"string"}]}
2025-08-13 16:43:14,824 INFO  [io.api.tes.ser.api.KafkaSerdesTester] (Thread-714) Sending message {"key11755103393201": "value-1"} to topic topic-bceef350_c0ea_426c_bf7a_bba66eeb337b
2025-08-13 16:43:14,826 INFO  [io.api.tes.ser.api.KafkaSerdesTester] (Thread-714) Sending message {"key11755103393201": "value-2"} to topic topic-bceef350_c0ea_426c_bf7a_bba66eeb337b
2025-08-13 16:43:14,828 INFO  [io.api.tes.ser.api.KafkaSerdesTester] (Thread-714) Sending message {"key11755103393201": "value-3"} to topic topic-bceef350_c0ea_426c_bf7a_bba66eeb337b
2025-08-13 16:43:14,831 INFO  [io.api.tes.ser.api.KafkaSerdesTester] (Thread-714) Sending message {"key11755103393201": "value-4"} to topic topic-bceef350_c0ea_426c_bf7a_bba66eeb337b
2025-08-13 16:43:14,832 INFO  [io.api.tes.ser.api.KafkaSerdesTester] (Thread-714) Sending message {"key11755103393201": "value-5"} to topic topic-bceef350_c0ea_426c_bf7a_bba66eeb337b
2025-08-13 16:43:14,833 INFO  [io.api.tes.ser.api.KafkaSerdesTester] (Thread-714) Sending message {"key11755103393201": "value-6"} to topic topic-bceef350_c0ea_426c_bf7a_bba66eeb337b
2025-08-13 16:43:14,834 INFO  [io.api.tes.ser.api.KafkaSerdesTester] (Thread-714) Sending message {"key11755103393201": "value-7"} to topic topic-bceef350_c0ea_426c_bf7a_bba66eeb337b
2025-08-13 16:43:14,835 INFO  [io.api.tes.ser.api.KafkaSerdesTester] (Thread-714) Sending message {"key11755103393201": "value-8"} to topic topic-bceef350_c0ea_426c_bf7a_bba66eeb337b
2025-08-13 16:43:14,837 INFO  [io.api.tes.ser.api.KafkaSerdesTester] (Thread-714) Sending message {"key11755103393201": "value-9"} to topic topic-bceef350_c0ea_426c_bf7a_bba66eeb337b
2025-08-13 16:43:14,838 INFO  [io.api.tes.ser.api.KafkaSerdesTester] (Thread-714) Produced 10 messages
2025-08-13 16:43:14,838 INFO  [org.apa.kaf.cli.pro.KafkaProducer] (Thread-714) [Producer clientId=Producer-topic-bceef350_c0ea_426c_bf7a_bba66eeb337b] Closing the Kafka producer with timeoutMillis = 9223372036854775807 ms.
2025-08-13 16:43:14,840 INFO  [org.apa.kaf.com.met.Metrics] (Thread-714) Metrics scheduler closed
2025-08-13 16:43:14,840 INFO  [org.apa.kaf.com.met.Metrics] (Thread-714) Closing reporter org.apache.kafka.common.metrics.JmxReporter
2025-08-13 16:43:14,840 INFO  [org.apa.kaf.com.met.Metrics] (Thread-714) Closing reporter org.apache.kafka.common.telemetry.internals.ClientTelemetryReporter
2025-08-13 16:43:14,840 INFO  [org.apa.kaf.com.met.Metrics] (Thread-714) Metrics reporters closed
2025-08-13 16:43:14,840 INFO  [org.apa.kaf.com.uti.AppInfoParser] (Thread-714) App info kafka.producer for Producer-topic-bceef350_c0ea_426c_bf7a_bba66eeb337b unregistered
2025-08-13 16:43:14,841 INFO  [io.api.tes.ser.api.KafkaSerdesTester] (Thread-715) Sending message {"key11755103393201": "value-0"} to topic topic-1a70bbf4_2d92_436b_bbaf_ba672db047b7
2025-08-13 16:43:14,845 INFO  [DefaultSchemaResolver] (Thread-715) Retrieving schema content using string: {"type":"record","name":"myrecordconfluent","fields":[{"name":"key11755103393201","type":"string"}]}
2025-08-13 16:43:15,000 INFO  [io.api.tes.ser.api.KafkaSerdesTester] (Thread-715) Sending message {"key11755103393201": "value-1"} to topic topic-1a70bbf4_2d92_436b_bbaf_ba672db047b7
2025-08-13 16:43:15,001 INFO  [io.api.tes.ser.api.KafkaSerdesTester] (Thread-715) Sending message {"key11755103393201": "value-2"} to topic topic-1a70bbf4_2d92_436b_bbaf_ba672db047b7
2025-08-13 16:43:15,003 INFO  [io.api.tes.ser.api.KafkaSerdesTester] (Thread-715) Sending message {"key11755103393201": "value-3"} to topic topic-1a70bbf4_2d92_436b_bbaf_ba672db047b7
2025-08-13 16:43:15,004 INFO  [io.api.tes.ser.api.KafkaSerdesTester] (Thread-715) Sending message {"key11755103393201": "value-4"} to topic topic-1a70bbf4_2d92_436b_bbaf_ba672db047b7
2025-08-13 16:43:15,005 INFO  [io.api.tes.ser.api.KafkaSerdesTester] (Thread-715) Sending message {"key11755103393201": "value-5"} to topic topic-1a70bbf4_2d92_436b_bbaf_ba672db047b7
2025-08-13 16:43:15,010 INFO  [io.api.tes.ser.api.KafkaSerdesTester] (Thread-715) Sending message {"key11755103393201": "value-6"} to topic topic-1a70bbf4_2d92_436b_bbaf_ba672db047b7
2025-08-13 16:43:15,012 INFO  [io.api.tes.ser.api.KafkaSerdesTester] (Thread-715) Sending message {"key11755103393201": "value-7"} to topic topic-1a70bbf4_2d92_436b_bbaf_ba672db047b7
2025-08-13 16:43:15,014 INFO  [io.api.tes.ser.api.KafkaSerdesTester] (Thread-715) Sending message {"key11755103393201": "value-8"} to topic topic-1a70bbf4_2d92_436b_bbaf_ba672db047b7
2025-08-13 16:43:15,015 INFO  [io.api.tes.ser.api.KafkaSerdesTester] (Thread-715) Sending message {"key11755103393201": "value-9"} to topic topic-1a70bbf4_2d92_436b_bbaf_ba672db047b7
2025-08-13 16:43:15,017 INFO  [io.api.tes.ser.api.KafkaSerdesTester] (Thread-715) Produced 10 messages
2025-08-13 16:43:15,018 INFO  [org.apa.kaf.cli.pro.KafkaProducer] (Thread-715) [Producer clientId=Producer-topic-1a70bbf4_2d92_436b_bbaf_ba672db047b7] Closing the Kafka producer with timeoutMillis = 9223372036854775807 ms.
2025-08-13 16:43:15,019 INFO  [org.apa.kaf.com.met.Metrics] (Thread-715) Metrics scheduler closed
2025-08-13 16:43:15,019 INFO  [org.apa.kaf.com.met.Metrics] (Thread-715) Closing reporter org.apache.kafka.common.metrics.JmxReporter
2025-08-13 16:43:15,020 INFO  [org.apa.kaf.com.met.Metrics] (Thread-715) Closing reporter org.apache.kafka.common.telemetry.internals.ClientTelemetryReporter
2025-08-13 16:43:15,020 INFO  [org.apa.kaf.com.met.Metrics] (Thread-715) Metrics reporters closed
2025-08-13 16:43:15,020 INFO  [org.apa.kaf.com.uti.AppInfoParser] (Thread-715) App info kafka.producer for Producer-topic-1a70bbf4_2d92_436b_bbaf_ba672db047b7 unregistered
2025-08-13 16:43:15,021 INFO  [org.apa.kaf.cli.con.int.ClassicKafkaConsumer] (Thread-716) [Consumer clientId=consumer-Consumer-topic-b219d16b_5541_41c5_acc8_31f106960d95-14, groupId=Consumer-topic-b219d16b_5541_41c5_acc8_31f106960d95] Subscribed to topic(s): topic-b219d16b_5541_41c5_acc8_31f106960d95
2025-08-13 16:43:15,029 INFO  [org.apa.kaf.cli.Metadata] (Thread-716) [Consumer clientId=consumer-Consumer-topic-b219d16b_5541_41c5_acc8_31f106960d95-14, groupId=Consumer-topic-b219d16b_5541_41c5_acc8_31f106960d95] Cluster ID: qKHj6WxtSVqL2ounD9m8uw
2025-08-13 16:43:15,030 INFO  [org.apa.kaf.cli.con.int.ConsumerCoordinator] (Thread-716) [Consumer clientId=consumer-Consumer-topic-b219d16b_5541_41c5_acc8_31f106960d95-14, groupId=Consumer-topic-b219d16b_5541_41c5_acc8_31f106960d95] Discovered group coordinator localhost:32769 (id: 2147483647 rack: null)
2025-08-13 16:43:15,034 INFO  [org.apa.kaf.cli.con.int.ConsumerCoordinator] (Thread-716) [Consumer clientId=consumer-Consumer-topic-b219d16b_5541_41c5_acc8_31f106960d95-14, groupId=Consumer-topic-b219d16b_5541_41c5_acc8_31f106960d95] (Re-)joining group
2025-08-13 16:43:15,038 INFO  [org.apa.kaf.cli.con.int.ConsumerCoordinator] (Thread-716) [Consumer clientId=consumer-Consumer-topic-b219d16b_5541_41c5_acc8_31f106960d95-14, groupId=Consumer-topic-b219d16b_5541_41c5_acc8_31f106960d95] Request joining group due to: need to re-join with the given member-id: consumer-Consumer-topic-b219d16b_5541_41c5_acc8_31f106960d95-14-80a9d929-23f6-4c37-8b48-d3e0cfd70d60
2025-08-13 16:43:15,039 INFO  [org.apa.kaf.cli.con.int.ConsumerCoordinator] (Thread-716) [Consumer clientId=consumer-Consumer-topic-b219d16b_5541_41c5_acc8_31f106960d95-14, groupId=Consumer-topic-b219d16b_5541_41c5_acc8_31f106960d95] (Re-)joining group
2025-08-13 16:43:16,021 INFO  [io.api.tes.ser.api.KafkaSerdesTester] (Thread-716) None found
2025-08-13 16:43:17,023 INFO  [io.api.tes.ser.api.KafkaSerdesTester] (Thread-716) None found
2025-08-13 16:43:18,023 INFO  [io.api.tes.ser.api.KafkaSerdesTester] (Thread-716) None found
2025-08-13 16:43:18,043 INFO  [org.apa.kaf.cli.con.int.ConsumerCoordinator] (Thread-716) [Consumer clientId=consumer-Consumer-topic-b219d16b_5541_41c5_acc8_31f106960d95-14, groupId=Consumer-topic-b219d16b_5541_41c5_acc8_31f106960d95] Successfully joined group with generation Generation{generationId=1, memberId='consumer-Consumer-topic-b219d16b_5541_41c5_acc8_31f106960d95-14-80a9d929-23f6-4c37-8b48-d3e0cfd70d60', protocol='range'}
2025-08-13 16:43:18,043 INFO  [org.apa.kaf.cli.con.int.ConsumerCoordinator] (Thread-716) [Consumer clientId=consumer-Consumer-topic-b219d16b_5541_41c5_acc8_31f106960d95-14, groupId=Consumer-topic-b219d16b_5541_41c5_acc8_31f106960d95] Finished assignment for group at generation 1: {consumer-Consumer-topic-b219d16b_5541_41c5_acc8_31f106960d95-14-80a9d929-23f6-4c37-8b48-d3e0cfd70d60=Assignment(partitions=[topic-b219d16b_5541_41c5_acc8_31f106960d95-0])}
2025-08-13 16:43:18,050 INFO  [org.apa.kaf.cli.con.int.ConsumerCoordinator] (Thread-716) [Consumer clientId=consumer-Consumer-topic-b219d16b_5541_41c5_acc8_31f106960d95-14, groupId=Consumer-topic-b219d16b_5541_41c5_acc8_31f106960d95] Successfully synced group in generation Generation{generationId=1, memberId='consumer-Consumer-topic-b219d16b_5541_41c5_acc8_31f106960d95-14-80a9d929-23f6-4c37-8b48-d3e0cfd70d60', protocol='range'}
2025-08-13 16:43:18,051 INFO  [org.apa.kaf.cli.con.int.ConsumerCoordinator] (Thread-716) [Consumer clientId=consumer-Consumer-topic-b219d16b_5541_41c5_acc8_31f106960d95-14, groupId=Consumer-topic-b219d16b_5541_41c5_acc8_31f106960d95] Notifying assignor about the new Assignment(partitions=[topic-b219d16b_5541_41c5_acc8_31f106960d95-0])
2025-08-13 16:43:18,051 INFO  [org.apa.kaf.cli.con.int.ConsumerRebalanceListenerInvoker] (Thread-716) [Consumer clientId=consumer-Consumer-topic-b219d16b_5541_41c5_acc8_31f106960d95-14, groupId=Consumer-topic-b219d16b_5541_41c5_acc8_31f106960d95] Adding newly assigned partitions: topic-b219d16b_5541_41c5_acc8_31f106960d95-0
2025-08-13 16:43:18,052 INFO  [org.apa.kaf.cli.con.int.ConsumerCoordinator] (Thread-716) [Consumer clientId=consumer-Consumer-topic-b219d16b_5541_41c5_acc8_31f106960d95-14, groupId=Consumer-topic-b219d16b_5541_41c5_acc8_31f106960d95] Found no committed offset for partition topic-b219d16b_5541_41c5_acc8_31f106960d95-0
2025-08-13 16:43:18,060 INFO  [org.apa.kaf.cli.con.int.SubscriptionState] (Thread-716) [Consumer clientId=consumer-Consumer-topic-b219d16b_5541_41c5_acc8_31f106960d95-14, groupId=Consumer-topic-b219d16b_5541_41c5_acc8_31f106960d95] Resetting offset for partition topic-b219d16b_5541_41c5_acc8_31f106960d95-0 to position FetchPosition{offset=0, offsetEpoch=Optional.empty, currentLeader=LeaderAndEpoch{leader=Optional[localhost:32769 (id: 0 rack: null)], epoch=0}}.
2025-08-13 16:43:18,292 INFO  [io.api.tes.ser.api.KafkaSerdesTester] (Thread-716) topic-b219d16b_5541_41c5_acc8_31f106960d95 0 0 {"key11755103393201": "value-0"}
2025-08-13 16:43:18,292 INFO  [io.api.tes.ser.api.KafkaSerdesTester] (Thread-716) topic-b219d16b_5541_41c5_acc8_31f106960d95 0 1 {"key11755103393201": "value-1"}
2025-08-13 16:43:18,292 INFO  [io.api.tes.ser.api.KafkaSerdesTester] (Thread-716) topic-b219d16b_5541_41c5_acc8_31f106960d95 0 2 {"key11755103393201": "value-2"}
2025-08-13 16:43:18,292 INFO  [io.api.tes.ser.api.KafkaSerdesTester] (Thread-716) topic-b219d16b_5541_41c5_acc8_31f106960d95 0 3 {"key11755103393201": "value-3"}
2025-08-13 16:43:18,293 INFO  [io.api.tes.ser.api.KafkaSerdesTester] (Thread-716) topic-b219d16b_5541_41c5_acc8_31f106960d95 0 4 {"key11755103393201": "value-4"}
2025-08-13 16:43:18,293 INFO  [io.api.tes.ser.api.KafkaSerdesTester] (Thread-716) topic-b219d16b_5541_41c5_acc8_31f106960d95 0 5 {"key11755103393201": "value-5"}
2025-08-13 16:43:18,293 INFO  [io.api.tes.ser.api.KafkaSerdesTester] (Thread-716) topic-b219d16b_5541_41c5_acc8_31f106960d95 0 6 {"key11755103393201": "value-6"}
2025-08-13 16:43:18,293 INFO  [io.api.tes.ser.api.KafkaSerdesTester] (Thread-716) topic-b219d16b_5541_41c5_acc8_31f106960d95 0 7 {"key11755103393201": "value-7"}
2025-08-13 16:43:18,293 INFO  [io.api.tes.ser.api.KafkaSerdesTester] (Thread-716) topic-b219d16b_5541_41c5_acc8_31f106960d95 0 8 {"key11755103393201": "value-8"}
2025-08-13 16:43:18,293 INFO  [io.api.tes.ser.api.KafkaSerdesTester] (Thread-716) topic-b219d16b_5541_41c5_acc8_31f106960d95 0 9 {"key11755103393201": "value-9"}
2025-08-13 16:43:18,293 INFO  [io.api.tes.ser.api.KafkaSerdesTester] (Thread-716) Consumed 10 messages
2025-08-13 16:43:18,300 INFO  [org.apa.kaf.cli.con.int.ConsumerRebalanceListenerInvoker] (Thread-716) [Consumer clientId=consumer-Consumer-topic-b219d16b_5541_41c5_acc8_31f106960d95-14, groupId=Consumer-topic-b219d16b_5541_41c5_acc8_31f106960d95] Revoke previously assigned partitions topic-b219d16b_5541_41c5_acc8_31f106960d95-0
2025-08-13 16:43:18,300 INFO  [org.apa.kaf.cli.con.int.ConsumerCoordinator] (Thread-716) [Consumer clientId=consumer-Consumer-topic-b219d16b_5541_41c5_acc8_31f106960d95-14, groupId=Consumer-topic-b219d16b_5541_41c5_acc8_31f106960d95] Member consumer-Consumer-topic-b219d16b_5541_41c5_acc8_31f106960d95-14-80a9d929-23f6-4c37-8b48-d3e0cfd70d60 sending LeaveGroup request to coordinator localhost:32769 (id: 2147483647 rack: null) due to the consumer is being closed
2025-08-13 16:43:18,301 INFO  [org.apa.kaf.cli.con.int.ConsumerCoordinator] (Thread-716) [Consumer clientId=consumer-Consumer-topic-b219d16b_5541_41c5_acc8_31f106960d95-14, groupId=Consumer-topic-b219d16b_5541_41c5_acc8_31f106960d95] Resetting generation and member id due to: consumer pro-actively leaving the group
2025-08-13 16:43:18,301 INFO  [org.apa.kaf.cli.con.int.ConsumerCoordinator] (Thread-716) [Consumer clientId=consumer-Consumer-topic-b219d16b_5541_41c5_acc8_31f106960d95-14, groupId=Consumer-topic-b219d16b_5541_41c5_acc8_31f106960d95] Request joining group due to: consumer pro-actively leaving the group
2025-08-13 16:43:18,796 INFO  [org.apa.kaf.com.met.Metrics] (Thread-716) Metrics scheduler closed
2025-08-13 16:43:18,796 INFO  [org.apa.kaf.com.met.Metrics] (Thread-716) Closing reporter org.apache.kafka.common.metrics.JmxReporter
2025-08-13 16:43:18,796 INFO  [org.apa.kaf.com.met.Metrics] (Thread-716) Closing reporter org.apache.kafka.common.telemetry.internals.ClientTelemetryReporter
2025-08-13 16:43:18,796 INFO  [org.apa.kaf.com.met.Metrics] (Thread-716) Metrics reporters closed
2025-08-13 16:43:18,798 INFO  [org.apa.kaf.com.uti.AppInfoParser] (Thread-716) App info kafka.consumer for consumer-Consumer-topic-b219d16b_5541_41c5_acc8_31f106960d95-14 unregistered
2025-08-13 16:43:18,799 INFO  [org.apa.kaf.cli.con.int.ClassicKafkaConsumer] (Thread-717) [Consumer clientId=consumer-Consumer-topic-bceef350_c0ea_426c_bf7a_bba66eeb337b-15, groupId=Consumer-topic-bceef350_c0ea_426c_bf7a_bba66eeb337b] Subscribed to topic(s): topic-bceef350_c0ea_426c_bf7a_bba66eeb337b
2025-08-13 16:43:18,803 INFO  [org.apa.kaf.cli.Metadata] (Thread-717) [Consumer clientId=consumer-Consumer-topic-bceef350_c0ea_426c_bf7a_bba66eeb337b-15, groupId=Consumer-topic-bceef350_c0ea_426c_bf7a_bba66eeb337b] Cluster ID: qKHj6WxtSVqL2ounD9m8uw
2025-08-13 16:43:18,804 INFO  [org.apa.kaf.cli.con.int.ConsumerCoordinator] (Thread-717) [Consumer clientId=consumer-Consumer-topic-bceef350_c0ea_426c_bf7a_bba66eeb337b-15, groupId=Consumer-topic-bceef350_c0ea_426c_bf7a_bba66eeb337b] Discovered group coordinator localhost:32769 (id: 2147483647 rack: null)
2025-08-13 16:43:18,806 INFO  [org.apa.kaf.cli.con.int.ConsumerCoordinator] (Thread-717) [Consumer clientId=consumer-Consumer-topic-bceef350_c0ea_426c_bf7a_bba66eeb337b-15, groupId=Consumer-topic-bceef350_c0ea_426c_bf7a_bba66eeb337b] (Re-)joining group
2025-08-13 16:43:18,808 INFO  [org.apa.kaf.cli.con.int.ConsumerCoordinator] (Thread-717) [Consumer clientId=consumer-Consumer-topic-bceef350_c0ea_426c_bf7a_bba66eeb337b-15, groupId=Consumer-topic-bceef350_c0ea_426c_bf7a_bba66eeb337b] Request joining group due to: need to re-join with the given member-id: consumer-Consumer-topic-bceef350_c0ea_426c_bf7a_bba66eeb337b-15-f7c761b2-49a1-4f32-bda6-78f99ec126e1
2025-08-13 16:43:18,808 INFO  [org.apa.kaf.cli.con.int.ConsumerCoordinator] (Thread-717) [Consumer clientId=consumer-Consumer-topic-bceef350_c0ea_426c_bf7a_bba66eeb337b-15, groupId=Consumer-topic-bceef350_c0ea_426c_bf7a_bba66eeb337b] (Re-)joining group
2025-08-13 16:43:19,799 INFO  [io.api.tes.ser.api.KafkaSerdesTester] (Thread-717) None found
2025-08-13 16:43:20,800 INFO  [io.api.tes.ser.api.KafkaSerdesTester] (Thread-717) None found
2025-08-13 16:43:21,800 INFO  [io.api.tes.ser.api.KafkaSerdesTester] (Thread-717) None found
2025-08-13 16:43:21,809 INFO  [org.apa.kaf.cli.con.int.ConsumerCoordinator] (Thread-717) [Consumer clientId=consumer-Consumer-topic-bceef350_c0ea_426c_bf7a_bba66eeb337b-15, groupId=Consumer-topic-bceef350_c0ea_426c_bf7a_bba66eeb337b] Successfully joined group with generation Generation{generationId=1, memberId='consumer-Consumer-topic-bceef350_c0ea_426c_bf7a_bba66eeb337b-15-f7c761b2-49a1-4f32-bda6-78f99ec126e1', protocol='range'}
2025-08-13 16:43:21,810 INFO  [org.apa.kaf.cli.con.int.ConsumerCoordinator] (Thread-717) [Consumer clientId=consumer-Consumer-topic-bceef350_c0ea_426c_bf7a_bba66eeb337b-15, groupId=Consumer-topic-bceef350_c0ea_426c_bf7a_bba66eeb337b] Finished assignment for group at generation 1: {consumer-Consumer-topic-bceef350_c0ea_426c_bf7a_bba66eeb337b-15-f7c761b2-49a1-4f32-bda6-78f99ec126e1=Assignment(partitions=[topic-bceef350_c0ea_426c_bf7a_bba66eeb337b-0])}
2025-08-13 16:43:21,817 INFO  [org.apa.kaf.cli.con.int.ConsumerCoordinator] (Thread-717) [Consumer clientId=consumer-Consumer-topic-bceef350_c0ea_426c_bf7a_bba66eeb337b-15, groupId=Consumer-topic-bceef350_c0ea_426c_bf7a_bba66eeb337b] Successfully synced group in generation Generation{generationId=1, memberId='consumer-Consumer-topic-bceef350_c0ea_426c_bf7a_bba66eeb337b-15-f7c761b2-49a1-4f32-bda6-78f99ec126e1', protocol='range'}
2025-08-13 16:43:21,817 INFO  [org.apa.kaf.cli.con.int.ConsumerCoordinator] (Thread-717) [Consumer clientId=consumer-Consumer-topic-bceef350_c0ea_426c_bf7a_bba66eeb337b-15, groupId=Consumer-topic-bceef350_c0ea_426c_bf7a_bba66eeb337b] Notifying assignor about the new Assignment(partitions=[topic-bceef350_c0ea_426c_bf7a_bba66eeb337b-0])
2025-08-13 16:43:21,817 INFO  [org.apa.kaf.cli.con.int.ConsumerRebalanceListenerInvoker] (Thread-717) [Consumer clientId=consumer-Consumer-topic-bceef350_c0ea_426c_bf7a_bba66eeb337b-15, groupId=Consumer-topic-bceef350_c0ea_426c_bf7a_bba66eeb337b] Adding newly assigned partitions: topic-bceef350_c0ea_426c_bf7a_bba66eeb337b-0
2025-08-13 16:43:21,818 INFO  [org.apa.kaf.cli.con.int.ConsumerCoordinator] (Thread-717) [Consumer clientId=consumer-Consumer-topic-bceef350_c0ea_426c_bf7a_bba66eeb337b-15, groupId=Consumer-topic-bceef350_c0ea_426c_bf7a_bba66eeb337b] Found no committed offset for partition topic-bceef350_c0ea_426c_bf7a_bba66eeb337b-0
2025-08-13 16:43:21,822 INFO  [org.apa.kaf.cli.con.int.SubscriptionState] (Thread-717) [Consumer clientId=consumer-Consumer-topic-bceef350_c0ea_426c_bf7a_bba66eeb337b-15, groupId=Consumer-topic-bceef350_c0ea_426c_bf7a_bba66eeb337b] Resetting offset for partition topic-bceef350_c0ea_426c_bf7a_bba66eeb337b-0 to position FetchPosition{offset=0, offsetEpoch=Optional.empty, currentLeader=LeaderAndEpoch{leader=Optional[localhost:32769 (id: 0 rack: null)], epoch=0}}.
2025-08-13 16:43:22,063 INFO  [io.api.tes.ser.api.KafkaSerdesTester] (Thread-717) topic-bceef350_c0ea_426c_bf7a_bba66eeb337b 0 0 {"key11755103393201": "value-0"}
2025-08-13 16:43:22,063 INFO  [io.api.tes.ser.api.KafkaSerdesTester] (Thread-717) topic-bceef350_c0ea_426c_bf7a_bba66eeb337b 0 1 {"key11755103393201": "value-1"}
2025-08-13 16:43:22,063 INFO  [io.api.tes.ser.api.KafkaSerdesTester] (Thread-717) topic-bceef350_c0ea_426c_bf7a_bba66eeb337b 0 2 {"key11755103393201": "value-2"}
2025-08-13 16:43:22,063 INFO  [io.api.tes.ser.api.KafkaSerdesTester] (Thread-717) topic-bceef350_c0ea_426c_bf7a_bba66eeb337b 0 3 {"key11755103393201": "value-3"}
2025-08-13 16:43:22,063 INFO  [io.api.tes.ser.api.KafkaSerdesTester] (Thread-717) topic-bceef350_c0ea_426c_bf7a_bba66eeb337b 0 4 {"key11755103393201": "value-4"}
2025-08-13 16:43:22,063 INFO  [io.api.tes.ser.api.KafkaSerdesTester] (Thread-717) topic-bceef350_c0ea_426c_bf7a_bba66eeb337b 0 5 {"key11755103393201": "value-5"}
2025-08-13 16:43:22,063 INFO  [io.api.tes.ser.api.KafkaSerdesTester] (Thread-717) topic-bceef350_c0ea_426c_bf7a_bba66eeb337b 0 6 {"key11755103393201": "value-6"}
2025-08-13 16:43:22,063 INFO  [io.api.tes.ser.api.KafkaSerdesTester] (Thread-717) topic-bceef350_c0ea_426c_bf7a_bba66eeb337b 0 7 {"key11755103393201": "value-7"}
2025-08-13 16:43:22,063 INFO  [io.api.tes.ser.api.KafkaSerdesTester] (Thread-717) topic-bceef350_c0ea_426c_bf7a_bba66eeb337b 0 8 {"key11755103393201": "value-8"}
2025-08-13 16:43:22,063 INFO  [io.api.tes.ser.api.KafkaSerdesTester] (Thread-717) topic-bceef350_c0ea_426c_bf7a_bba66eeb337b 0 9 {"key11755103393201": "value-9"}
2025-08-13 16:43:22,063 INFO  [io.api.tes.ser.api.KafkaSerdesTester] (Thread-717) Consumed 10 messages
2025-08-13 16:43:22,071 INFO  [org.apa.kaf.cli.con.int.ConsumerRebalanceListenerInvoker] (Thread-717) [Consumer clientId=consumer-Consumer-topic-bceef350_c0ea_426c_bf7a_bba66eeb337b-15, groupId=Consumer-topic-bceef350_c0ea_426c_bf7a_bba66eeb337b] Revoke previously assigned partitions topic-bceef350_c0ea_426c_bf7a_bba66eeb337b-0
2025-08-13 16:43:22,071 INFO  [org.apa.kaf.cli.con.int.ConsumerCoordinator] (Thread-717) [Consumer clientId=consumer-Consumer-topic-bceef350_c0ea_426c_bf7a_bba66eeb337b-15, groupId=Consumer-topic-bceef350_c0ea_426c_bf7a_bba66eeb337b] Member consumer-Consumer-topic-bceef350_c0ea_426c_bf7a_bba66eeb337b-15-f7c761b2-49a1-4f32-bda6-78f99ec126e1 sending LeaveGroup request to coordinator localhost:32769 (id: 2147483647 rack: null) due to the consumer is being closed
2025-08-13 16:43:22,071 INFO  [org.apa.kaf.cli.con.int.ConsumerCoordinator] (Thread-717) [Consumer clientId=consumer-Consumer-topic-bceef350_c0ea_426c_bf7a_bba66eeb337b-15, groupId=Consumer-topic-bceef350_c0ea_426c_bf7a_bba66eeb337b] Resetting generation and member id due to: consumer pro-actively leaving the group
2025-08-13 16:43:22,071 INFO  [org.apa.kaf.cli.con.int.ConsumerCoordinator] (Thread-717) [Consumer clientId=consumer-Consumer-topic-bceef350_c0ea_426c_bf7a_bba66eeb337b-15, groupId=Consumer-topic-bceef350_c0ea_426c_bf7a_bba66eeb337b] Request joining group due to: consumer pro-actively leaving the group
2025-08-13 16:43:22,566 INFO  [org.apa.kaf.com.met.Metrics] (Thread-717) Metrics scheduler closed
2025-08-13 16:43:22,566 INFO  [org.apa.kaf.com.met.Metrics] (Thread-717) Closing reporter org.apache.kafka.common.metrics.JmxReporter
2025-08-13 16:43:22,566 INFO  [org.apa.kaf.com.met.Metrics] (Thread-717) Closing reporter org.apache.kafka.common.telemetry.internals.ClientTelemetryReporter
2025-08-13 16:43:22,566 INFO  [org.apa.kaf.com.met.Metrics] (Thread-717) Metrics reporters closed
2025-08-13 16:43:22,567 INFO  [org.apa.kaf.com.uti.AppInfoParser] (Thread-717) App info kafka.consumer for consumer-Consumer-topic-bceef350_c0ea_426c_bf7a_bba66eeb337b-15 unregistered
2025-08-13 16:43:22,568 INFO  [org.apa.kaf.cli.con.int.ClassicKafkaConsumer] (Thread-718) [Consumer clientId=consumer-Consumer-topic-1a70bbf4_2d92_436b_bbaf_ba672db047b7-16, groupId=Consumer-topic-1a70bbf4_2d92_436b_bbaf_ba672db047b7] Subscribed to topic(s): topic-1a70bbf4_2d92_436b_bbaf_ba672db047b7
2025-08-13 16:43:22,574 INFO  [org.apa.kaf.cli.Metadata] (Thread-718) [Consumer clientId=consumer-Consumer-topic-1a70bbf4_2d92_436b_bbaf_ba672db047b7-16, groupId=Consumer-topic-1a70bbf4_2d92_436b_bbaf_ba672db047b7] Cluster ID: qKHj6WxtSVqL2ounD9m8uw
2025-08-13 16:43:22,574 INFO  [org.apa.kaf.cli.con.int.ConsumerCoordinator] (Thread-718) [Consumer clientId=consumer-Consumer-topic-1a70bbf4_2d92_436b_bbaf_ba672db047b7-16, groupId=Consumer-topic-1a70bbf4_2d92_436b_bbaf_ba672db047b7] Discovered group coordinator localhost:32769 (id: 2147483647 rack: null)
2025-08-13 16:43:22,576 INFO  [org.apa.kaf.cli.con.int.ConsumerCoordinator] (Thread-718) [Consumer clientId=consumer-Consumer-topic-1a70bbf4_2d92_436b_bbaf_ba672db047b7-16, groupId=Consumer-topic-1a70bbf4_2d92_436b_bbaf_ba672db047b7] (Re-)joining group
2025-08-13 16:43:22,577 INFO  [org.apa.kaf.cli.con.int.ConsumerCoordinator] (Thread-718) [Consumer clientId=consumer-Consumer-topic-1a70bbf4_2d92_436b_bbaf_ba672db047b7-16, groupId=Consumer-topic-1a70bbf4_2d92_436b_bbaf_ba672db047b7] Request joining group due to: need to re-join with the given member-id: consumer-Consumer-topic-1a70bbf4_2d92_436b_bbaf_ba672db047b7-16-31bba51a-e87f-48ee-b3c0-b3cf971121f9
2025-08-13 16:43:22,578 INFO  [org.apa.kaf.cli.con.int.ConsumerCoordinator] (Thread-718) [Consumer clientId=consumer-Consumer-topic-1a70bbf4_2d92_436b_bbaf_ba672db047b7-16, groupId=Consumer-topic-1a70bbf4_2d92_436b_bbaf_ba672db047b7] (Re-)joining group
2025-08-13 16:43:23,570 INFO  [io.api.tes.ser.api.KafkaSerdesTester] (Thread-718) None found
2025-08-13 16:43:24,570 INFO  [io.api.tes.ser.api.KafkaSerdesTester] (Thread-718) None found
2025-08-13 16:43:25,570 INFO  [io.api.tes.ser.api.KafkaSerdesTester] (Thread-718) None found
2025-08-13 16:43:25,581 INFO  [org.apa.kaf.cli.con.int.ConsumerCoordinator] (Thread-718) [Consumer clientId=consumer-Consumer-topic-1a70bbf4_2d92_436b_bbaf_ba672db047b7-16, groupId=Consumer-topic-1a70bbf4_2d92_436b_bbaf_ba672db047b7] Successfully joined group with generation Generation{generationId=1, memberId='consumer-Consumer-topic-1a70bbf4_2d92_436b_bbaf_ba672db047b7-16-31bba51a-e87f-48ee-b3c0-b3cf971121f9', protocol='range'}
2025-08-13 16:43:25,581 INFO  [org.apa.kaf.cli.con.int.ConsumerCoordinator] (Thread-718) [Consumer clientId=consumer-Consumer-topic-1a70bbf4_2d92_436b_bbaf_ba672db047b7-16, groupId=Consumer-topic-1a70bbf4_2d92_436b_bbaf_ba672db047b7] Finished assignment for group at generation 1: {consumer-Consumer-topic-1a70bbf4_2d92_436b_bbaf_ba672db047b7-16-31bba51a-e87f-48ee-b3c0-b3cf971121f9=Assignment(partitions=[topic-1a70bbf4_2d92_436b_bbaf_ba672db047b7-0])}
2025-08-13 16:43:25,588 INFO  [org.apa.kaf.cli.con.int.ConsumerCoordinator] (Thread-718) [Consumer clientId=consumer-Consumer-topic-1a70bbf4_2d92_436b_bbaf_ba672db047b7-16, groupId=Consumer-topic-1a70bbf4_2d92_436b_bbaf_ba672db047b7] Successfully synced group in generation Generation{generationId=1, memberId='consumer-Consumer-topic-1a70bbf4_2d92_436b_bbaf_ba672db047b7-16-31bba51a-e87f-48ee-b3c0-b3cf971121f9', protocol='range'}
2025-08-13 16:43:25,588 INFO  [org.apa.kaf.cli.con.int.ConsumerCoordinator] (Thread-718) [Consumer clientId=consumer-Consumer-topic-1a70bbf4_2d92_436b_bbaf_ba672db047b7-16, groupId=Consumer-topic-1a70bbf4_2d92_436b_bbaf_ba672db047b7] Notifying assignor about the new Assignment(partitions=[topic-1a70bbf4_2d92_436b_bbaf_ba672db047b7-0])
2025-08-13 16:43:25,588 INFO  [org.apa.kaf.cli.con.int.ConsumerRebalanceListenerInvoker] (Thread-718) [Consumer clientId=consumer-Consumer-topic-1a70bbf4_2d92_436b_bbaf_ba672db047b7-16, groupId=Consumer-topic-1a70bbf4_2d92_436b_bbaf_ba672db047b7] Adding newly assigned partitions: topic-1a70bbf4_2d92_436b_bbaf_ba672db047b7-0
2025-08-13 16:43:25,589 INFO  [org.apa.kaf.cli.con.int.ConsumerCoordinator] (Thread-718) [Consumer clientId=consumer-Consumer-topic-1a70bbf4_2d92_436b_bbaf_ba672db047b7-16, groupId=Consumer-topic-1a70bbf4_2d92_436b_bbaf_ba672db047b7] Found no committed offset for partition topic-1a70bbf4_2d92_436b_bbaf_ba672db047b7-0
2025-08-13 16:43:25,592 INFO  [org.apa.kaf.cli.con.int.SubscriptionState] (Thread-718) [Consumer clientId=consumer-Consumer-topic-1a70bbf4_2d92_436b_bbaf_ba672db047b7-16, groupId=Consumer-topic-1a70bbf4_2d92_436b_bbaf_ba672db047b7] Resetting offset for partition topic-1a70bbf4_2d92_436b_bbaf_ba672db047b7-0 to position FetchPosition{offset=0, offsetEpoch=Optional.empty, currentLeader=LeaderAndEpoch{leader=Optional[localhost:32769 (id: 0 rack: null)], epoch=0}}.
2025-08-13 16:43:25,829 INFO  [io.api.tes.ser.api.KafkaSerdesTester] (Thread-718) topic-1a70bbf4_2d92_436b_bbaf_ba672db047b7 0 0 {"key11755103393201": "value-0"}
2025-08-13 16:43:25,830 INFO  [io.api.tes.ser.api.KafkaSerdesTester] (Thread-718) topic-1a70bbf4_2d92_436b_bbaf_ba672db047b7 0 1 {"key11755103393201": "value-1"}
2025-08-13 16:43:25,830 INFO  [io.api.tes.ser.api.KafkaSerdesTester] (Thread-718) topic-1a70bbf4_2d92_436b_bbaf_ba672db047b7 0 2 {"key11755103393201": "value-2"}
2025-08-13 16:43:25,830 INFO  [io.api.tes.ser.api.KafkaSerdesTester] (Thread-718) topic-1a70bbf4_2d92_436b_bbaf_ba672db047b7 0 3 {"key11755103393201": "value-3"}
2025-08-13 16:43:25,830 INFO  [io.api.tes.ser.api.KafkaSerdesTester] (Thread-718) topic-1a70bbf4_2d92_436b_bbaf_ba672db047b7 0 4 {"key11755103393201": "value-4"}
2025-08-13 16:43:25,830 INFO  [io.api.tes.ser.api.KafkaSerdesTester] (Thread-718) topic-1a70bbf4_2d92_436b_bbaf_ba672db047b7 0 5 {"key11755103393201": "value-5"}
2025-08-13 16:43:25,830 INFO  [io.api.tes.ser.api.KafkaSerdesTester] (Thread-718) topic-1a70bbf4_2d92_436b_bbaf_ba672db047b7 0 6 {"key11755103393201": "value-6"}
2025-08-13 16:43:25,830 INFO  [io.api.tes.ser.api.KafkaSerdesTester] (Thread-718) topic-1a70bbf4_2d92_436b_bbaf_ba672db047b7 0 7 {"key11755103393201": "value-7"}
2025-08-13 16:43:25,830 INFO  [io.api.tes.ser.api.KafkaSerdesTester] (Thread-718) topic-1a70bbf4_2d92_436b_bbaf_ba672db047b7 0 8 {"key11755103393201": "value-8"}
2025-08-13 16:43:25,830 INFO  [io.api.tes.ser.api.KafkaSerdesTester] (Thread-718) topic-1a70bbf4_2d92_436b_bbaf_ba672db047b7 0 9 {"key11755103393201": "value-9"}
2025-08-13 16:43:25,830 INFO  [io.api.tes.ser.api.KafkaSerdesTester] (Thread-718) Consumed 10 messages
2025-08-13 16:43:25,838 INFO  [org.apa.kaf.cli.con.int.ConsumerRebalanceListenerInvoker] (Thread-718) [Consumer clientId=consumer-Consumer-topic-1a70bbf4_2d92_436b_bbaf_ba672db047b7-16, groupId=Consumer-topic-1a70bbf4_2d92_436b_bbaf_ba672db047b7] Revoke previously assigned partitions topic-1a70bbf4_2d92_436b_bbaf_ba672db047b7-0
2025-08-13 16:43:25,838 INFO  [org.apa.kaf.cli.con.int.ConsumerCoordinator] (Thread-718) [Consumer clientId=consumer-Consumer-topic-1a70bbf4_2d92_436b_bbaf_ba672db047b7-16, groupId=Consumer-topic-1a70bbf4_2d92_436b_bbaf_ba672db047b7] Member consumer-Consumer-topic-1a70bbf4_2d92_436b_bbaf_ba672db047b7-16-31bba51a-e87f-48ee-b3c0-b3cf971121f9 sending LeaveGroup request to coordinator localhost:32769 (id: 2147483647 rack: null) due to the consumer is being closed
2025-08-13 16:43:25,838 INFO  [org.apa.kaf.cli.con.int.ConsumerCoordinator] (Thread-718) [Consumer clientId=consumer-Consumer-topic-1a70bbf4_2d92_436b_bbaf_ba672db047b7-16, groupId=Consumer-topic-1a70bbf4_2d92_436b_bbaf_ba672db047b7] Resetting generation and member id due to: consumer pro-actively leaving the group
2025-08-13 16:43:25,838 INFO  [org.apa.kaf.cli.con.int.ConsumerCoordinator] (Thread-718) [Consumer clientId=consumer-Consumer-topic-1a70bbf4_2d92_436b_bbaf_ba672db047b7-16, groupId=Consumer-topic-1a70bbf4_2d92_436b_bbaf_ba672db047b7] Request joining group due to: consumer pro-actively leaving the group
2025-08-13 16:43:26,332 INFO  [org.apa.kaf.com.met.Metrics] (Thread-718) Metrics scheduler closed
2025-08-13 16:43:26,332 INFO  [org.apa.kaf.com.met.Metrics] (Thread-718) Closing reporter org.apache.kafka.common.metrics.JmxReporter
2025-08-13 16:43:26,332 INFO  [org.apa.kaf.com.met.Metrics] (Thread-718) Closing reporter org.apache.kafka.common.telemetry.internals.ClientTelemetryReporter
2025-08-13 16:43:26,332 INFO  [org.apa.kaf.com.met.Metrics] (Thread-718) Metrics reporters closed
2025-08-13 16:43:26,334 INFO  [org.apa.kaf.com.uti.AppInfoParser] (Thread-718) App info kafka.consumer for consumer-Consumer-topic-1a70bbf4_2d92_436b_bbaf_ba672db047b7-16 unregistered
2025-08-13 16:43:26,335 INFO  [io.api.tes.uti.TestSeparator] (main) io.apicurio.tests.serdes.apicurio.AvroSerdeIT.testAvroConfluentForMultipleTopics-FINISHED
2025-08-13 16:43:26,336 INFO  [io.api.tes.uti.TestSeparator] (main) ############################################################################
Test passed: testAvroConfluentForMultipleTopics
]]></system-out>
  </testcase>
  <testcase name="testFirstRequestFailsRateLimited" classname="io.apicurio.tests.serdes.apicurio.AvroSerdeIT" time="1.131">
    <system-out><![CDATA[2025-08-13 16:43:26,337 INFO  [io.api.tes.uti.TestSeparator] (main) ############################################################################
2025-08-13 16:43:26,337 INFO  [io.api.tes.uti.TestSeparator] (main) io.apicurio.tests.serdes.apicurio.AvroSerdeIT.testFirstRequestFailsRateLimited-STARTED
2025-08-13 16:43:26,903 WARN  [org.ecl.jet.ser.AbstractConnector] (main) Acceptors should be <= availableProcessors: NetworkTrafficServerConnector@283693af{HTTP/1.1, (http/1.1, h2c)}{0.0.0.0:0} 
2025-08-13 16:43:27,012 INFO  [org.ecl.jet.ser.Server] (main) jetty-11.0.15; built: 2023-04-11T18:37:53.775Z; git: 5bc5e562c8d05c5862505aebe5cf83a61bdbcb96; jvm 17.0.16+8
2025-08-13 16:43:27,041 INFO  [org.ecl.jet.ser.han.ContextHandler] (main) Started o.e.j.s.ServletContextHandler@6a72d5fb{/__admin,null,AVAILABLE}
2025-08-13 16:43:27,049 INFO  [org.ecl.jet.ser.han.Con.ROOT] (main) RequestHandlerClass from context returned com.github.tomakehurst.wiremock.http.StubRequestHandler. Normalized mapped under returned 'null'
2025-08-13 16:43:27,049 INFO  [org.ecl.jet.ser.han.ContextHandler] (main) Started o.e.j.s.ServletContextHandler@418b946b{/,null,AVAILABLE}
2025-08-13 16:43:27,056 INFO  [org.ecl.jet.ser.AbstractConnector] (main) Started NetworkTrafficServerConnector@283693af{HTTP/1.1, (http/1.1, h2c)}{0.0.0.0:44221}
2025-08-13 16:43:27,058 INFO  [org.ecl.jet.ser.Server] (main) Started Server@704d4991{STARTING}[11.0.15,sto=1000] @121136ms
**** Registry Base URL: http://registry-app-mysql.apps.ci419.apicurio-testing.org:80
2025-08-13 16:43:27,071 INFO  [org.apa.kaf.cli.pro.ProducerConfig] (main) ProducerConfig values: 
	acks = -1
	auto.include.jmx.reporter = true
	batch.size = 16384
	bootstrap.servers = [PLAINTEXT://localhost:32769]
	buffer.memory = 33554432
	client.dns.lookup = use_all_dns_ips
	client.id = Producer-topic-a0e48504_e023_4f41_a878_1d2332411e65
	compression.gzip.level = -1
	compression.lz4.level = 9
	compression.type = none
	compression.zstd.level = 3
	connections.max.idle.ms = 10000
	delivery.timeout.ms = 120000
	enable.idempotence = true
	enable.metrics.push = true
	interceptor.classes = []
	key.serializer = class org.apache.kafka.common.serialization.StringSerializer
	linger.ms = 0
	max.block.ms = 60000
	max.in.flight.requests.per.connection = 5
	max.request.size = 1048576
	metadata.max.age.ms = 300000
	metadata.max.idle.ms = 300000
	metadata.recovery.strategy = none
	metric.reporters = []
	metrics.num.samples = 2
	metrics.recording.level = INFO
	metrics.sample.window.ms = 30000
	partitioner.adaptive.partitioning.enable = true
	partitioner.availability.timeout.ms = 0
	partitioner.class = null
	partitioner.ignore.keys = false
	receive.buffer.bytes = 32768
	reconnect.backoff.max.ms = 1000
	reconnect.backoff.ms = 50
	request.timeout.ms = 5000
	retries = 2147483647
	retry.backoff.max.ms = 1000
	retry.backoff.ms = 100
	sasl.client.callback.handler.class = null
	sasl.jaas.config = null
	sasl.kerberos.kinit.cmd = /usr/bin/kinit
	sasl.kerberos.min.time.before.relogin = 60000
	sasl.kerberos.service.name = null
	sasl.kerberos.ticket.renew.jitter = 0.05
	sasl.kerberos.ticket.renew.window.factor = 0.8
	sasl.login.callback.handler.class = null
	sasl.login.class = null
	sasl.login.connect.timeout.ms = null
	sasl.login.read.timeout.ms = null
	sasl.login.refresh.buffer.seconds = 300
	sasl.login.refresh.min.period.seconds = 60
	sasl.login.refresh.window.factor = 0.8
	sasl.login.refresh.window.jitter = 0.05
	sasl.login.retry.backoff.max.ms = 10000
	sasl.login.retry.backoff.ms = 100
	sasl.mechanism = GSSAPI
	sasl.oauthbearer.clock.skew.seconds = 30
	sasl.oauthbearer.expected.audience = null
	sasl.oauthbearer.expected.issuer = null
	sasl.oauthbearer.header.urlencode = false
	sasl.oauthbearer.jwks.endpoint.refresh.ms = 3600000
	sasl.oauthbearer.jwks.endpoint.retry.backoff.max.ms = 10000
	sasl.oauthbearer.jwks.endpoint.retry.backoff.ms = 100
	sasl.oauthbearer.jwks.endpoint.url = null
	sasl.oauthbearer.scope.claim.name = scope
	sasl.oauthbearer.sub.claim.name = sub
	sasl.oauthbearer.token.endpoint.url = null
	security.protocol = PLAINTEXT
	security.providers = null
	send.buffer.bytes = 131072
	socket.connection.setup.timeout.max.ms = 30000
	socket.connection.setup.timeout.ms = 10000
	ssl.cipher.suites = null
	ssl.enabled.protocols = [TLSv1.2, TLSv1.3]
	ssl.endpoint.identification.algorithm = https
	ssl.engine.factory.class = null
	ssl.key.password = null
	ssl.keymanager.algorithm = SunX509
	ssl.keystore.certificate.chain = null
	ssl.keystore.key = null
	ssl.keystore.location = null
	ssl.keystore.password = null
	ssl.keystore.type = JKS
	ssl.protocol = TLSv1.3
	ssl.provider = null
	ssl.secure.random.implementation = null
	ssl.trustmanager.algorithm = PKIX
	ssl.truststore.certificates = null
	ssl.truststore.location = null
	ssl.truststore.password = null
	ssl.truststore.type = JKS
	transaction.timeout.ms = 60000
	transactional.id = null
	value.serializer = class io.apicurio.registry.serde.avro.AvroKafkaSerializer

2025-08-13 16:43:27,072 INFO  [org.apa.kaf.com.tel.int.KafkaMetricsCollector] (main) initializing Kafka metrics collector
2025-08-13 16:43:27,082 INFO  [org.apa.kaf.cli.pro.KafkaProducer] (main) [Producer clientId=Producer-topic-a0e48504_e023_4f41_a878_1d2332411e65] Instantiated an idempotent producer.
2025-08-13 16:43:27,098 INFO  [org.apa.kaf.cli.pro.ProducerConfig] (main) These configurations '[apicurio.registry.url, apicurio.registry.artifact-resolver-strategy]' were supplied but are not used yet.
2025-08-13 16:43:27,098 INFO  [org.apa.kaf.com.uti.AppInfoParser] (main) Kafka version: 3.9.1
2025-08-13 16:43:27,099 INFO  [org.apa.kaf.com.uti.AppInfoParser] (main) Kafka commitId: f745dfdcee2b9851
2025-08-13 16:43:27,099 INFO  [org.apa.kaf.com.uti.AppInfoParser] (main) Kafka startTimeMs: 1755103407098
2025-08-13 16:43:27,101 INFO  [io.api.tes.ser.api.KafkaSerdesTester] (Thread-729) Sending message {"keyB": "value-0"} to topic topic-a0e48504_e023_4f41_a878_1d2332411e65
2025-08-13 16:43:27,106 WARN  [org.apa.kaf.cli.NetworkClient] (kafka-producer-network-thread | Producer-topic-a0e48504_e023_4f41_a878_1d2332411e65) [Producer clientId=Producer-topic-a0e48504_e023_4f41_a878_1d2332411e65] The metadata response from the cluster reported a recoverable issue with correlation id 1 : {topic-a0e48504_e023_4f41_a878_1d2332411e65=UNKNOWN_TOPIC_OR_PARTITION}
2025-08-13 16:43:27,106 INFO  [org.apa.kaf.cli.Metadata] (kafka-producer-network-thread | Producer-topic-a0e48504_e023_4f41_a878_1d2332411e65) [Producer clientId=Producer-topic-a0e48504_e023_4f41_a878_1d2332411e65] Cluster ID: qKHj6WxtSVqL2ounD9m8uw
2025-08-13 16:43:27,108 INFO  [org.apa.kaf.cli.pro.int.TransactionManager] (kafka-producer-network-thread | Producer-topic-a0e48504_e023_4f41_a878_1d2332411e65) [Producer clientId=Producer-topic-a0e48504_e023_4f41_a878_1d2332411e65] ProducerId set to 22 with epoch 0
2025-08-13 16:43:27,229 INFO  [DefaultSchemaResolver] (Thread-729) Retrieving schema content using string: {"type":"record","name":"myrecord","namespace":"mygroup","fields":[{"name":"keyB","type":"string"}]}
2025-08-13 16:43:27,444 INFO  [org.apa.kaf.cli.pro.KafkaProducer] (Thread-729) [Producer clientId=Producer-topic-a0e48504_e023_4f41_a878_1d2332411e65] Closing the Kafka producer with timeoutMillis = 9223372036854775807 ms.
2025-08-13 16:43:27,446 INFO  [org.apa.kaf.com.met.Metrics] (Thread-729) Metrics scheduler closed
2025-08-13 16:43:27,446 INFO  [org.apa.kaf.com.met.Metrics] (Thread-729) Closing reporter org.apache.kafka.common.metrics.JmxReporter
2025-08-13 16:43:27,446 INFO  [org.apa.kaf.com.met.Metrics] (Thread-729) Closing reporter org.apache.kafka.common.telemetry.internals.ClientTelemetryReporter
2025-08-13 16:43:27,446 INFO  [org.apa.kaf.com.met.Metrics] (Thread-729) Metrics reporters closed
2025-08-13 16:43:27,447 INFO  [org.apa.kaf.com.uti.AppInfoParser] (Thread-729) App info kafka.producer for Producer-topic-a0e48504_e023_4f41_a878_1d2332411e65 unregistered
2025-08-13 16:43:27,450 INFO  [org.ecl.jet.ser.Server] (main) Stopped Server@704d4991{STOPPING}[11.0.15,sto=1000]
2025-08-13 16:43:27,450 INFO  [org.ecl.jet.ser.Server] (main) Shutdown Server@704d4991{STOPPING}[11.0.15,sto=1000]
2025-08-13 16:43:27,461 INFO  [org.ecl.jet.ser.AbstractConnector] (main) Stopped NetworkTrafficServerConnector@283693af{HTTP/1.1, (http/1.1, h2c)}{0.0.0.0:0}
2025-08-13 16:43:27,464 INFO  [org.ecl.jet.ser.han.ContextHandler] (main) Stopped o.e.j.s.ServletContextHandler@418b946b{/,null,STOPPED}
2025-08-13 16:43:27,464 INFO  [org.ecl.jet.ser.han.ContextHandler] (main) Stopped o.e.j.s.ServletContextHandler@6a72d5fb{/__admin,null,STOPPED}
2025-08-13 16:43:27,467 INFO  [io.api.tes.uti.TestSeparator] (main) io.apicurio.tests.serdes.apicurio.AvroSerdeIT.testFirstRequestFailsRateLimited-FINISHED
2025-08-13 16:43:27,467 INFO  [io.api.tes.uti.TestSeparator] (main) ############################################################################
Test passed: testFirstRequestFailsRateLimited
]]></system-out>
    <system-err><![CDATA[com.microsoft.kiota.ApiException: the server returned an unexpected status code and no error class is registered for this code 429
	at com.microsoft.kiota.ApiExceptionBuilder.withMessage(ApiExceptionBuilder.java:45)
	at io.kiota.http.vertx.VertXRequestAdapter.throwIfFailedResponse(VertXRequestAdapter.java:370)
	at io.kiota.http.vertx.VertXRequestAdapter.send(VertXRequestAdapter.java:170)
	at io.apicurio.registry.rest.client.search.versions.VersionsRequestBuilder.post(VersionsRequestBuilder.java:94)
	at io.apicurio.registry.resolver.client.RegistryClientFacadeImpl.searchVersionsByContent(RegistryClientFacadeImpl.java:106)
	at io.apicurio.registry.resolver.DefaultSchemaResolver.lambda$handleResolveSchemaByContent$3(DefaultSchemaResolver.java:258)
	at io.apicurio.registry.resolver.cache.ERCache.lambda$getValue$0(ERCache.java:174)
	at io.apicurio.registry.resolver.cache.ERCache.retry(ERCache.java:227)
	at io.apicurio.registry.resolver.cache.ERCache.getValue(ERCache.java:173)
	at io.apicurio.registry.resolver.cache.ERCache.getByContent(ERCache.java:147)
	at io.apicurio.registry.resolver.DefaultSchemaResolver.handleResolveSchemaByContent(DefaultSchemaResolver.java:253)
	at io.apicurio.registry.resolver.DefaultSchemaResolver.getSchemaFromRegistry(DefaultSchemaResolver.java:138)
	at io.apicurio.registry.resolver.DefaultSchemaResolver.lambda$resolveSchema$0(DefaultSchemaResolver.java:84)
	at java.base/java.util.Optional.orElseGet(Optional.java:364)
	at io.apicurio.registry.resolver.DefaultSchemaResolver.resolveSchema(DefaultSchemaResolver.java:84)
	at io.apicurio.registry.serde.AbstractSerializer.serializeData(AbstractSerializer.java:62)
	at io.apicurio.registry.serde.KafkaSerializer.serialize(KafkaSerializer.java:77)
	at org.apache.kafka.clients.producer.KafkaProducer.doSend(KafkaProducer.java:1046)
	at org.apache.kafka.clients.producer.KafkaProducer.send(KafkaProducer.java:993)
	at org.apache.kafka.clients.producer.KafkaProducer.send(KafkaProducer.java:875)
	at io.apicurio.tests.serdes.apicurio.KafkaSerdesTester.lambda$produceMessages$3(KafkaSerdesTester.java:138)
	at java.base/java.util.concurrent.CompletableFuture$AsyncSupply.run(CompletableFuture.java:1768)
	at java.base/java.lang.Thread.run(Thread.java:840)
]]></system-err>
  </testcase>
  <testcase name="testFirstEmptyFieldConfusedAsMagicByte" classname="io.apicurio.tests.serdes.apicurio.AvroSerdeIT" time="4.179">
    <system-out><![CDATA[2025-08-13 16:43:27,471 INFO  [io.api.tes.uti.TestSeparator] (main) ############################################################################
2025-08-13 16:43:27,471 INFO  [io.api.tes.uti.TestSeparator] (main) io.apicurio.tests.serdes.apicurio.AvroSerdeIT.testFirstEmptyFieldConfusedAsMagicByte-STARTED
**** Registry Base URL: http://registry-app-mysql.apps.ci419.apicurio-testing.org:80
2025-08-13 16:43:27,473 INFO  [org.apa.kaf.cli.pro.ProducerConfig] (main) ProducerConfig values: 
	acks = -1
	auto.include.jmx.reporter = true
	batch.size = 16384
	bootstrap.servers = [PLAINTEXT://localhost:32769]
	buffer.memory = 33554432
	client.dns.lookup = use_all_dns_ips
	client.id = Producer-topic-5211a633_7466_4692_a550_b95bf88747d5
	compression.gzip.level = -1
	compression.lz4.level = 9
	compression.type = none
	compression.zstd.level = 3
	connections.max.idle.ms = 10000
	delivery.timeout.ms = 120000
	enable.idempotence = true
	enable.metrics.push = true
	interceptor.classes = []
	key.serializer = class org.apache.kafka.common.serialization.StringSerializer
	linger.ms = 0
	max.block.ms = 60000
	max.in.flight.requests.per.connection = 5
	max.request.size = 1048576
	metadata.max.age.ms = 300000
	metadata.max.idle.ms = 300000
	metadata.recovery.strategy = none
	metric.reporters = []
	metrics.num.samples = 2
	metrics.recording.level = INFO
	metrics.sample.window.ms = 30000
	partitioner.adaptive.partitioning.enable = true
	partitioner.availability.timeout.ms = 0
	partitioner.class = null
	partitioner.ignore.keys = false
	receive.buffer.bytes = 32768
	reconnect.backoff.max.ms = 1000
	reconnect.backoff.ms = 50
	request.timeout.ms = 5000
	retries = 2147483647
	retry.backoff.max.ms = 1000
	retry.backoff.ms = 100
	sasl.client.callback.handler.class = null
	sasl.jaas.config = null
	sasl.kerberos.kinit.cmd = /usr/bin/kinit
	sasl.kerberos.min.time.before.relogin = 60000
	sasl.kerberos.service.name = null
	sasl.kerberos.ticket.renew.jitter = 0.05
	sasl.kerberos.ticket.renew.window.factor = 0.8
	sasl.login.callback.handler.class = null
	sasl.login.class = null
	sasl.login.connect.timeout.ms = null
	sasl.login.read.timeout.ms = null
	sasl.login.refresh.buffer.seconds = 300
	sasl.login.refresh.min.period.seconds = 60
	sasl.login.refresh.window.factor = 0.8
	sasl.login.refresh.window.jitter = 0.05
	sasl.login.retry.backoff.max.ms = 10000
	sasl.login.retry.backoff.ms = 100
	sasl.mechanism = GSSAPI
	sasl.oauthbearer.clock.skew.seconds = 30
	sasl.oauthbearer.expected.audience = null
	sasl.oauthbearer.expected.issuer = null
	sasl.oauthbearer.header.urlencode = false
	sasl.oauthbearer.jwks.endpoint.refresh.ms = 3600000
	sasl.oauthbearer.jwks.endpoint.retry.backoff.max.ms = 10000
	sasl.oauthbearer.jwks.endpoint.retry.backoff.ms = 100
	sasl.oauthbearer.jwks.endpoint.url = null
	sasl.oauthbearer.scope.claim.name = scope
	sasl.oauthbearer.sub.claim.name = sub
	sasl.oauthbearer.token.endpoint.url = null
	security.protocol = PLAINTEXT
	security.providers = null
	send.buffer.bytes = 131072
	socket.connection.setup.timeout.max.ms = 30000
	socket.connection.setup.timeout.ms = 10000
	ssl.cipher.suites = null
	ssl.enabled.protocols = [TLSv1.2, TLSv1.3]
	ssl.endpoint.identification.algorithm = https
	ssl.engine.factory.class = null
	ssl.key.password = null
	ssl.keymanager.algorithm = SunX509
	ssl.keystore.certificate.chain = null
	ssl.keystore.key = null
	ssl.keystore.location = null
	ssl.keystore.password = null
	ssl.keystore.type = JKS
	ssl.protocol = TLSv1.3
	ssl.provider = null
	ssl.secure.random.implementation = null
	ssl.trustmanager.algorithm = PKIX
	ssl.truststore.certificates = null
	ssl.truststore.location = null
	ssl.truststore.password = null
	ssl.truststore.type = JKS
	transaction.timeout.ms = 60000
	transactional.id = null
	value.serializer = class io.apicurio.registry.serde.avro.AvroKafkaSerializer

2025-08-13 16:43:27,476 INFO  [org.apa.kaf.com.tel.int.KafkaMetricsCollector] (main) initializing Kafka metrics collector
2025-08-13 16:43:27,484 INFO  [org.apa.kaf.cli.pro.KafkaProducer] (main) [Producer clientId=Producer-topic-5211a633_7466_4692_a550_b95bf88747d5] Instantiated an idempotent producer.
2025-08-13 16:43:27,486 INFO  [org.apa.kaf.cli.pro.ProducerConfig] (main) These configurations '[apicurio.registry.url, apicurio.registry.auto-register, apicurio.registry.artifact-resolver-strategy]' were supplied but are not used yet.
2025-08-13 16:43:27,486 INFO  [org.apa.kaf.com.uti.AppInfoParser] (main) Kafka version: 3.9.1
2025-08-13 16:43:27,487 INFO  [org.apa.kaf.com.uti.AppInfoParser] (main) Kafka commitId: f745dfdcee2b9851
2025-08-13 16:43:27,487 INFO  [org.apa.kaf.com.uti.AppInfoParser] (main) Kafka startTimeMs: 1755103407486
2025-08-13 16:43:27,487 INFO  [io.api.tes.ser.api.SimpleSerdesTesterBuilder$SimpleSerdesTester] (main) Using producer configuration: {apicurio.registry.url=http://registry-app-mysql.apps.ci419.apicurio-testing.org:80/apis/registry/v3, apicurio.registry.auto-register=true, apicurio.registry.artifact-resolver-strategy=io.apicurio.registry.serde.strategy.SimpleTopicIdStrategy, value.serializer=io.apicurio.registry.serde.avro.AvroKafkaSerializer, request.timeout.ms=5000, acks=all, bootstrap.servers=PLAINTEXT://localhost:32769, connections.max.idle.ms=10000, key.serializer=org.apache.kafka.common.serialization.StringSerializer, client.id=Producer-topic-5211a633_7466_4692_a550_b95bf88747d5}
2025-08-13 16:43:27,487 INFO  [io.api.tes.ser.api.SimpleSerdesTesterBuilder$SimpleSerdesTester] (main) Using consumer configuration: {}
2025-08-13 16:43:27,489 INFO  [io.api.tes.ser.api.KafkaSerdesTester] (Thread-732) Sending message {"username": null} to topic topic-5211a633_7466_4692_a550_b95bf88747d5
2025-08-13 16:43:27,491 INFO  [org.apa.kaf.cli.Metadata] (kafka-producer-network-thread | Producer-topic-5211a633_7466_4692_a550_b95bf88747d5) [Producer clientId=Producer-topic-5211a633_7466_4692_a550_b95bf88747d5] Cluster ID: qKHj6WxtSVqL2ounD9m8uw
2025-08-13 16:43:27,491 INFO  [org.apa.kaf.cli.pro.int.TransactionManager] (kafka-producer-network-thread | Producer-topic-5211a633_7466_4692_a550_b95bf88747d5) [Producer clientId=Producer-topic-5211a633_7466_4692_a550_b95bf88747d5] ProducerId set to 23 with epoch 0
2025-08-13 16:43:27,684 INFO  [io.api.tes.ser.api.KafkaSerdesTester] (Thread-732) Sending message {"username": null} to topic topic-5211a633_7466_4692_a550_b95bf88747d5
2025-08-13 16:43:27,686 INFO  [io.api.tes.ser.api.KafkaSerdesTester] (Thread-732) Sending message {"username": "value-2"} to topic topic-5211a633_7466_4692_a550_b95bf88747d5
2025-08-13 16:43:27,687 INFO  [io.api.tes.ser.api.KafkaSerdesTester] (Thread-732) Sending message {"username": null} to topic topic-5211a633_7466_4692_a550_b95bf88747d5
2025-08-13 16:43:27,688 INFO  [io.api.tes.ser.api.KafkaSerdesTester] (Thread-732) Sending message {"username": "value-4"} to topic topic-5211a633_7466_4692_a550_b95bf88747d5
2025-08-13 16:43:27,690 INFO  [io.api.tes.ser.api.KafkaSerdesTester] (Thread-732) Sending message {"username": null} to topic topic-5211a633_7466_4692_a550_b95bf88747d5
2025-08-13 16:43:27,691 INFO  [io.api.tes.ser.api.KafkaSerdesTester] (Thread-732) Sending message {"username": "value-6"} to topic topic-5211a633_7466_4692_a550_b95bf88747d5
2025-08-13 16:43:27,694 INFO  [io.api.tes.ser.api.KafkaSerdesTester] (Thread-732) Sending message {"username": null} to topic topic-5211a633_7466_4692_a550_b95bf88747d5
2025-08-13 16:43:27,697 INFO  [io.api.tes.ser.api.KafkaSerdesTester] (Thread-732) Sending message {"username": "value-8"} to topic topic-5211a633_7466_4692_a550_b95bf88747d5
2025-08-13 16:43:27,698 INFO  [io.api.tes.ser.api.KafkaSerdesTester] (Thread-732) Sending message {"username": null} to topic topic-5211a633_7466_4692_a550_b95bf88747d5
2025-08-13 16:43:27,701 INFO  [io.api.tes.ser.api.KafkaSerdesTester] (Thread-732) Produced 10 messages
2025-08-13 16:43:27,701 INFO  [org.apa.kaf.cli.pro.KafkaProducer] (Thread-732) [Producer clientId=Producer-topic-5211a633_7466_4692_a550_b95bf88747d5] Closing the Kafka producer with timeoutMillis = 9223372036854775807 ms.
2025-08-13 16:43:27,703 INFO  [org.apa.kaf.com.met.Metrics] (Thread-732) Metrics scheduler closed
2025-08-13 16:43:27,703 INFO  [org.apa.kaf.com.met.Metrics] (Thread-732) Closing reporter org.apache.kafka.common.metrics.JmxReporter
2025-08-13 16:43:27,703 INFO  [org.apa.kaf.com.met.Metrics] (Thread-732) Closing reporter org.apache.kafka.common.telemetry.internals.ClientTelemetryReporter
2025-08-13 16:43:27,703 INFO  [org.apa.kaf.com.met.Metrics] (Thread-732) Metrics reporters closed
2025-08-13 16:43:27,704 INFO  [org.apa.kaf.com.uti.AppInfoParser] (Thread-732) App info kafka.producer for Producer-topic-5211a633_7466_4692_a550_b95bf88747d5 unregistered
**** Registry Base URL: http://registry-app-mysql.apps.ci419.apicurio-testing.org:80
2025-08-13 16:43:27,874 INFO  [org.apa.kaf.cli.con.ConsumerConfig] (main) ConsumerConfig values: 
	allow.auto.create.topics = true
	auto.commit.interval.ms = 500
	auto.include.jmx.reporter = true
	auto.offset.reset = earliest
	bootstrap.servers = [PLAINTEXT://localhost:32769]
	check.crcs = true
	client.dns.lookup = use_all_dns_ips
	client.id = consumer-Consumer-topic-5211a633_7466_4692_a550_b95bf88747d5-17
	client.rack = 
	connections.max.idle.ms = 10000
	default.api.timeout.ms = 60000
	enable.auto.commit = true
	enable.metrics.push = true
	exclude.internal.topics = true
	fetch.max.bytes = 52428800
	fetch.max.wait.ms = 500
	fetch.min.bytes = 1
	group.id = Consumer-topic-5211a633_7466_4692_a550_b95bf88747d5
	group.instance.id = null
	group.protocol = classic
	group.remote.assignor = null
	heartbeat.interval.ms = 3000
	interceptor.classes = []
	internal.leave.group.on.close = true
	internal.throw.on.fetch.stable.offset.unsupported = false
	isolation.level = read_uncommitted
	key.deserializer = class org.apache.kafka.common.serialization.StringDeserializer
	max.partition.fetch.bytes = 1048576
	max.poll.interval.ms = 300000
	max.poll.records = 500
	metadata.max.age.ms = 300000
	metadata.recovery.strategy = none
	metric.reporters = []
	metrics.num.samples = 2
	metrics.recording.level = INFO
	metrics.sample.window.ms = 30000
	partition.assignment.strategy = [class org.apache.kafka.clients.consumer.RangeAssignor, class org.apache.kafka.clients.consumer.CooperativeStickyAssignor]
	receive.buffer.bytes = 65536
	reconnect.backoff.max.ms = 1000
	reconnect.backoff.ms = 50
	request.timeout.ms = 5000
	retry.backoff.max.ms = 1000
	retry.backoff.ms = 100
	sasl.client.callback.handler.class = null
	sasl.jaas.config = null
	sasl.kerberos.kinit.cmd = /usr/bin/kinit
	sasl.kerberos.min.time.before.relogin = 60000
	sasl.kerberos.service.name = null
	sasl.kerberos.ticket.renew.jitter = 0.05
	sasl.kerberos.ticket.renew.window.factor = 0.8
	sasl.login.callback.handler.class = null
	sasl.login.class = null
	sasl.login.connect.timeout.ms = null
	sasl.login.read.timeout.ms = null
	sasl.login.refresh.buffer.seconds = 300
	sasl.login.refresh.min.period.seconds = 60
	sasl.login.refresh.window.factor = 0.8
	sasl.login.refresh.window.jitter = 0.05
	sasl.login.retry.backoff.max.ms = 10000
	sasl.login.retry.backoff.ms = 100
	sasl.mechanism = GSSAPI
	sasl.oauthbearer.clock.skew.seconds = 30
	sasl.oauthbearer.expected.audience = null
	sasl.oauthbearer.expected.issuer = null
	sasl.oauthbearer.header.urlencode = false
	sasl.oauthbearer.jwks.endpoint.refresh.ms = 3600000
	sasl.oauthbearer.jwks.endpoint.retry.backoff.max.ms = 10000
	sasl.oauthbearer.jwks.endpoint.retry.backoff.ms = 100
	sasl.oauthbearer.jwks.endpoint.url = null
	sasl.oauthbearer.scope.claim.name = scope
	sasl.oauthbearer.sub.claim.name = sub
	sasl.oauthbearer.token.endpoint.url = null
	security.protocol = PLAINTEXT
	security.providers = null
	send.buffer.bytes = 131072
	session.timeout.ms = 45000
	socket.connection.setup.timeout.max.ms = 30000
	socket.connection.setup.timeout.ms = 10000
	ssl.cipher.suites = null
	ssl.enabled.protocols = [TLSv1.2, TLSv1.3]
	ssl.endpoint.identification.algorithm = https
	ssl.engine.factory.class = null
	ssl.key.password = null
	ssl.keymanager.algorithm = SunX509
	ssl.keystore.certificate.chain = null
	ssl.keystore.key = null
	ssl.keystore.location = null
	ssl.keystore.password = null
	ssl.keystore.type = JKS
	ssl.protocol = TLSv1.3
	ssl.provider = null
	ssl.secure.random.implementation = null
	ssl.trustmanager.algorithm = PKIX
	ssl.truststore.certificates = null
	ssl.truststore.location = null
	ssl.truststore.password = null
	ssl.truststore.type = JKS
	value.deserializer = class io.apicurio.registry.serde.avro.AvroKafkaDeserializer

2025-08-13 16:43:27,874 INFO  [org.apa.kaf.com.tel.int.KafkaMetricsCollector] (main) initializing Kafka metrics collector
2025-08-13 16:43:27,880 INFO  [org.apa.kaf.cli.con.ConsumerConfig] (main) These configurations '[apicurio.registry.url]' were supplied but are not used yet.
2025-08-13 16:43:27,880 INFO  [org.apa.kaf.com.uti.AppInfoParser] (main) Kafka version: 3.9.1
2025-08-13 16:43:27,880 INFO  [org.apa.kaf.com.uti.AppInfoParser] (main) Kafka commitId: f745dfdcee2b9851
2025-08-13 16:43:27,880 INFO  [org.apa.kaf.com.uti.AppInfoParser] (main) Kafka startTimeMs: 1755103407880
2025-08-13 16:43:27,880 INFO  [org.apa.kaf.cli.con.int.ClassicKafkaConsumer] (Thread-735) [Consumer clientId=consumer-Consumer-topic-5211a633_7466_4692_a550_b95bf88747d5-17, groupId=Consumer-topic-5211a633_7466_4692_a550_b95bf88747d5] Subscribed to topic(s): topic-5211a633_7466_4692_a550_b95bf88747d5
2025-08-13 16:43:27,885 INFO  [org.apa.kaf.cli.Metadata] (Thread-735) [Consumer clientId=consumer-Consumer-topic-5211a633_7466_4692_a550_b95bf88747d5-17, groupId=Consumer-topic-5211a633_7466_4692_a550_b95bf88747d5] Cluster ID: qKHj6WxtSVqL2ounD9m8uw
2025-08-13 16:43:27,886 INFO  [org.apa.kaf.cli.con.int.ConsumerCoordinator] (Thread-735) [Consumer clientId=consumer-Consumer-topic-5211a633_7466_4692_a550_b95bf88747d5-17, groupId=Consumer-topic-5211a633_7466_4692_a550_b95bf88747d5] Discovered group coordinator localhost:32769 (id: 2147483647 rack: null)
2025-08-13 16:43:27,888 INFO  [org.apa.kaf.cli.con.int.ConsumerCoordinator] (Thread-735) [Consumer clientId=consumer-Consumer-topic-5211a633_7466_4692_a550_b95bf88747d5-17, groupId=Consumer-topic-5211a633_7466_4692_a550_b95bf88747d5] (Re-)joining group
2025-08-13 16:43:27,890 INFO  [org.apa.kaf.cli.con.int.ConsumerCoordinator] (Thread-735) [Consumer clientId=consumer-Consumer-topic-5211a633_7466_4692_a550_b95bf88747d5-17, groupId=Consumer-topic-5211a633_7466_4692_a550_b95bf88747d5] Request joining group due to: need to re-join with the given member-id: consumer-Consumer-topic-5211a633_7466_4692_a550_b95bf88747d5-17-3f7e112e-7de9-412d-9da3-32058c1aa815
2025-08-13 16:43:27,890 INFO  [org.apa.kaf.cli.con.int.ConsumerCoordinator] (Thread-735) [Consumer clientId=consumer-Consumer-topic-5211a633_7466_4692_a550_b95bf88747d5-17, groupId=Consumer-topic-5211a633_7466_4692_a550_b95bf88747d5] (Re-)joining group
2025-08-13 16:43:28,880 INFO  [io.api.tes.ser.api.KafkaSerdesTester] (Thread-735) None found
2025-08-13 16:43:29,880 INFO  [io.api.tes.ser.api.KafkaSerdesTester] (Thread-735) None found
2025-08-13 16:43:30,880 INFO  [io.api.tes.ser.api.KafkaSerdesTester] (Thread-735) None found
2025-08-13 16:43:30,892 INFO  [org.apa.kaf.cli.con.int.ConsumerCoordinator] (Thread-735) [Consumer clientId=consumer-Consumer-topic-5211a633_7466_4692_a550_b95bf88747d5-17, groupId=Consumer-topic-5211a633_7466_4692_a550_b95bf88747d5] Successfully joined group with generation Generation{generationId=1, memberId='consumer-Consumer-topic-5211a633_7466_4692_a550_b95bf88747d5-17-3f7e112e-7de9-412d-9da3-32058c1aa815', protocol='range'}
2025-08-13 16:43:30,893 INFO  [org.apa.kaf.cli.con.int.ConsumerCoordinator] (Thread-735) [Consumer clientId=consumer-Consumer-topic-5211a633_7466_4692_a550_b95bf88747d5-17, groupId=Consumer-topic-5211a633_7466_4692_a550_b95bf88747d5] Finished assignment for group at generation 1: {consumer-Consumer-topic-5211a633_7466_4692_a550_b95bf88747d5-17-3f7e112e-7de9-412d-9da3-32058c1aa815=Assignment(partitions=[topic-5211a633_7466_4692_a550_b95bf88747d5-0])}
2025-08-13 16:43:30,900 INFO  [org.apa.kaf.cli.con.int.ConsumerCoordinator] (Thread-735) [Consumer clientId=consumer-Consumer-topic-5211a633_7466_4692_a550_b95bf88747d5-17, groupId=Consumer-topic-5211a633_7466_4692_a550_b95bf88747d5] Successfully synced group in generation Generation{generationId=1, memberId='consumer-Consumer-topic-5211a633_7466_4692_a550_b95bf88747d5-17-3f7e112e-7de9-412d-9da3-32058c1aa815', protocol='range'}
2025-08-13 16:43:30,900 INFO  [org.apa.kaf.cli.con.int.ConsumerCoordinator] (Thread-735) [Consumer clientId=consumer-Consumer-topic-5211a633_7466_4692_a550_b95bf88747d5-17, groupId=Consumer-topic-5211a633_7466_4692_a550_b95bf88747d5] Notifying assignor about the new Assignment(partitions=[topic-5211a633_7466_4692_a550_b95bf88747d5-0])
2025-08-13 16:43:30,900 INFO  [org.apa.kaf.cli.con.int.ConsumerRebalanceListenerInvoker] (Thread-735) [Consumer clientId=consumer-Consumer-topic-5211a633_7466_4692_a550_b95bf88747d5-17, groupId=Consumer-topic-5211a633_7466_4692_a550_b95bf88747d5] Adding newly assigned partitions: topic-5211a633_7466_4692_a550_b95bf88747d5-0
2025-08-13 16:43:30,901 INFO  [org.apa.kaf.cli.con.int.ConsumerCoordinator] (Thread-735) [Consumer clientId=consumer-Consumer-topic-5211a633_7466_4692_a550_b95bf88747d5-17, groupId=Consumer-topic-5211a633_7466_4692_a550_b95bf88747d5] Found no committed offset for partition topic-5211a633_7466_4692_a550_b95bf88747d5-0
2025-08-13 16:43:30,904 INFO  [org.apa.kaf.cli.con.int.SubscriptionState] (Thread-735) [Consumer clientId=consumer-Consumer-topic-5211a633_7466_4692_a550_b95bf88747d5-17, groupId=Consumer-topic-5211a633_7466_4692_a550_b95bf88747d5] Resetting offset for partition topic-5211a633_7466_4692_a550_b95bf88747d5-0 to position FetchPosition{offset=0, offsetEpoch=Optional.empty, currentLeader=LeaderAndEpoch{leader=Optional[localhost:32769 (id: 0 rack: null)], epoch=0}}.
2025-08-13 16:43:31,144 INFO  [io.api.tes.ser.api.KafkaSerdesTester] (Thread-735) topic-5211a633_7466_4692_a550_b95bf88747d5 0 0 {"username": null}
2025-08-13 16:43:31,144 INFO  [io.api.tes.ser.api.KafkaSerdesTester] (Thread-735) topic-5211a633_7466_4692_a550_b95bf88747d5 0 1 {"username": null}
2025-08-13 16:43:31,144 INFO  [io.api.tes.ser.api.KafkaSerdesTester] (Thread-735) topic-5211a633_7466_4692_a550_b95bf88747d5 0 2 {"username": "value-2"}
2025-08-13 16:43:31,144 INFO  [io.api.tes.ser.api.KafkaSerdesTester] (Thread-735) topic-5211a633_7466_4692_a550_b95bf88747d5 0 3 {"username": null}
2025-08-13 16:43:31,144 INFO  [io.api.tes.ser.api.KafkaSerdesTester] (Thread-735) topic-5211a633_7466_4692_a550_b95bf88747d5 0 4 {"username": "value-4"}
2025-08-13 16:43:31,144 INFO  [io.api.tes.ser.api.KafkaSerdesTester] (Thread-735) topic-5211a633_7466_4692_a550_b95bf88747d5 0 5 {"username": null}
2025-08-13 16:43:31,144 INFO  [io.api.tes.ser.api.KafkaSerdesTester] (Thread-735) topic-5211a633_7466_4692_a550_b95bf88747d5 0 6 {"username": "value-6"}
2025-08-13 16:43:31,144 INFO  [io.api.tes.ser.api.KafkaSerdesTester] (Thread-735) topic-5211a633_7466_4692_a550_b95bf88747d5 0 7 {"username": null}
2025-08-13 16:43:31,144 INFO  [io.api.tes.ser.api.KafkaSerdesTester] (Thread-735) topic-5211a633_7466_4692_a550_b95bf88747d5 0 8 {"username": "value-8"}
2025-08-13 16:43:31,144 INFO  [io.api.tes.ser.api.KafkaSerdesTester] (Thread-735) topic-5211a633_7466_4692_a550_b95bf88747d5 0 9 {"username": null}
2025-08-13 16:43:31,144 INFO  [io.api.tes.ser.api.KafkaSerdesTester] (Thread-735) Consumed 10 messages
2025-08-13 16:43:31,150 INFO  [org.apa.kaf.cli.con.int.ConsumerRebalanceListenerInvoker] (Thread-735) [Consumer clientId=consumer-Consumer-topic-5211a633_7466_4692_a550_b95bf88747d5-17, groupId=Consumer-topic-5211a633_7466_4692_a550_b95bf88747d5] Revoke previously assigned partitions topic-5211a633_7466_4692_a550_b95bf88747d5-0
2025-08-13 16:43:31,151 INFO  [org.apa.kaf.cli.con.int.ConsumerCoordinator] (Thread-735) [Consumer clientId=consumer-Consumer-topic-5211a633_7466_4692_a550_b95bf88747d5-17, groupId=Consumer-topic-5211a633_7466_4692_a550_b95bf88747d5] Member consumer-Consumer-topic-5211a633_7466_4692_a550_b95bf88747d5-17-3f7e112e-7de9-412d-9da3-32058c1aa815 sending LeaveGroup request to coordinator localhost:32769 (id: 2147483647 rack: null) due to the consumer is being closed
2025-08-13 16:43:31,151 INFO  [org.apa.kaf.cli.con.int.ConsumerCoordinator] (Thread-735) [Consumer clientId=consumer-Consumer-topic-5211a633_7466_4692_a550_b95bf88747d5-17, groupId=Consumer-topic-5211a633_7466_4692_a550_b95bf88747d5] Resetting generation and member id due to: consumer pro-actively leaving the group
2025-08-13 16:43:31,151 INFO  [org.apa.kaf.cli.con.int.ConsumerCoordinator] (Thread-735) [Consumer clientId=consumer-Consumer-topic-5211a633_7466_4692_a550_b95bf88747d5-17, groupId=Consumer-topic-5211a633_7466_4692_a550_b95bf88747d5] Request joining group due to: consumer pro-actively leaving the group
2025-08-13 16:43:31,646 INFO  [org.apa.kaf.com.met.Metrics] (Thread-735) Metrics scheduler closed
2025-08-13 16:43:31,646 INFO  [org.apa.kaf.com.met.Metrics] (Thread-735) Closing reporter org.apache.kafka.common.metrics.JmxReporter
2025-08-13 16:43:31,646 INFO  [org.apa.kaf.com.met.Metrics] (Thread-735) Closing reporter org.apache.kafka.common.telemetry.internals.ClientTelemetryReporter
2025-08-13 16:43:31,646 INFO  [org.apa.kaf.com.met.Metrics] (Thread-735) Metrics reporters closed
2025-08-13 16:43:31,648 INFO  [org.apa.kaf.com.uti.AppInfoParser] (Thread-735) App info kafka.consumer for consumer-Consumer-topic-5211a633_7466_4692_a550_b95bf88747d5-17 unregistered
2025-08-13 16:43:31,649 INFO  [io.api.tes.uti.TestSeparator] (main) io.apicurio.tests.serdes.apicurio.AvroSerdeIT.testFirstEmptyFieldConfusedAsMagicByte-FINISHED
2025-08-13 16:43:31,649 INFO  [io.api.tes.uti.TestSeparator] (main) ############################################################################
Test passed: testFirstEmptyFieldConfusedAsMagicByte
]]></system-out>
  </testcase>
  <testcase name="testAvroSerDesFailDifferentSchemaByContent" classname="io.apicurio.tests.serdes.apicurio.AvroSerdeIT" time="1.454">
    <system-out><![CDATA[2025-08-13 16:43:31,653 INFO  [io.api.tes.uti.TestSeparator] (main) ############################################################################
2025-08-13 16:43:31,653 INFO  [io.api.tes.uti.TestSeparator] (main) io.apicurio.tests.serdes.apicurio.AvroSerdeIT.testAvroSerDesFailDifferentSchemaByContent-STARTED
**** Registry Base URL: http://registry-app-mysql.apps.ci419.apicurio-testing.org:80
2025-08-13 16:43:32,848 INFO  [org.apa.kaf.cli.pro.ProducerConfig] (main) ProducerConfig values: 
	acks = -1
	auto.include.jmx.reporter = true
	batch.size = 16384
	bootstrap.servers = [PLAINTEXT://localhost:32769]
	buffer.memory = 33554432
	client.dns.lookup = use_all_dns_ips
	client.id = Producer-topic-581e8daa_086d_4d66_aa6f_538593fe5f8e
	compression.gzip.level = -1
	compression.lz4.level = 9
	compression.type = none
	compression.zstd.level = 3
	connections.max.idle.ms = 10000
	delivery.timeout.ms = 120000
	enable.idempotence = true
	enable.metrics.push = true
	interceptor.classes = []
	key.serializer = class org.apache.kafka.common.serialization.StringSerializer
	linger.ms = 0
	max.block.ms = 60000
	max.in.flight.requests.per.connection = 5
	max.request.size = 1048576
	metadata.max.age.ms = 300000
	metadata.max.idle.ms = 300000
	metadata.recovery.strategy = none
	metric.reporters = []
	metrics.num.samples = 2
	metrics.recording.level = INFO
	metrics.sample.window.ms = 30000
	partitioner.adaptive.partitioning.enable = true
	partitioner.availability.timeout.ms = 0
	partitioner.class = null
	partitioner.ignore.keys = false
	receive.buffer.bytes = 32768
	reconnect.backoff.max.ms = 1000
	reconnect.backoff.ms = 50
	request.timeout.ms = 5000
	retries = 2147483647
	retry.backoff.max.ms = 1000
	retry.backoff.ms = 100
	sasl.client.callback.handler.class = null
	sasl.jaas.config = null
	sasl.kerberos.kinit.cmd = /usr/bin/kinit
	sasl.kerberos.min.time.before.relogin = 60000
	sasl.kerberos.service.name = null
	sasl.kerberos.ticket.renew.jitter = 0.05
	sasl.kerberos.ticket.renew.window.factor = 0.8
	sasl.login.callback.handler.class = null
	sasl.login.class = null
	sasl.login.connect.timeout.ms = null
	sasl.login.read.timeout.ms = null
	sasl.login.refresh.buffer.seconds = 300
	sasl.login.refresh.min.period.seconds = 60
	sasl.login.refresh.window.factor = 0.8
	sasl.login.refresh.window.jitter = 0.05
	sasl.login.retry.backoff.max.ms = 10000
	sasl.login.retry.backoff.ms = 100
	sasl.mechanism = GSSAPI
	sasl.oauthbearer.clock.skew.seconds = 30
	sasl.oauthbearer.expected.audience = null
	sasl.oauthbearer.expected.issuer = null
	sasl.oauthbearer.header.urlencode = false
	sasl.oauthbearer.jwks.endpoint.refresh.ms = 3600000
	sasl.oauthbearer.jwks.endpoint.retry.backoff.max.ms = 10000
	sasl.oauthbearer.jwks.endpoint.retry.backoff.ms = 100
	sasl.oauthbearer.jwks.endpoint.url = null
	sasl.oauthbearer.scope.claim.name = scope
	sasl.oauthbearer.sub.claim.name = sub
	sasl.oauthbearer.token.endpoint.url = null
	security.protocol = PLAINTEXT
	security.providers = null
	send.buffer.bytes = 131072
	socket.connection.setup.timeout.max.ms = 30000
	socket.connection.setup.timeout.ms = 10000
	ssl.cipher.suites = null
	ssl.enabled.protocols = [TLSv1.2, TLSv1.3]
	ssl.endpoint.identification.algorithm = https
	ssl.engine.factory.class = null
	ssl.key.password = null
	ssl.keymanager.algorithm = SunX509
	ssl.keystore.certificate.chain = null
	ssl.keystore.key = null
	ssl.keystore.location = null
	ssl.keystore.password = null
	ssl.keystore.type = JKS
	ssl.protocol = TLSv1.3
	ssl.provider = null
	ssl.secure.random.implementation = null
	ssl.trustmanager.algorithm = PKIX
	ssl.truststore.certificates = null
	ssl.truststore.location = null
	ssl.truststore.password = null
	ssl.truststore.type = JKS
	transaction.timeout.ms = 60000
	transactional.id = null
	value.serializer = class io.apicurio.registry.serde.avro.AvroKafkaSerializer

2025-08-13 16:43:32,849 INFO  [org.apa.kaf.com.tel.int.KafkaMetricsCollector] (main) initializing Kafka metrics collector
2025-08-13 16:43:32,851 INFO  [org.apa.kaf.cli.pro.KafkaProducer] (main) [Producer clientId=Producer-topic-581e8daa_086d_4d66_aa6f_538593fe5f8e] Instantiated an idempotent producer.
2025-08-13 16:43:32,853 INFO  [org.apa.kaf.cli.pro.ProducerConfig] (main) These configurations '[apicurio.registry.url, apicurio.registry.artifact-resolver-strategy]' were supplied but are not used yet.
2025-08-13 16:43:32,853 INFO  [org.apa.kaf.com.uti.AppInfoParser] (main) Kafka version: 3.9.1
2025-08-13 16:43:32,853 INFO  [org.apa.kaf.com.uti.AppInfoParser] (main) Kafka commitId: f745dfdcee2b9851
2025-08-13 16:43:32,853 INFO  [org.apa.kaf.com.uti.AppInfoParser] (main) Kafka startTimeMs: 1755103412853
2025-08-13 16:43:32,854 INFO  [io.api.tes.ser.api.KafkaSerdesTester] (Thread-738) Sending message {"keyB": "value-0"} to topic topic-581e8daa_086d_4d66_aa6f_538593fe5f8e
2025-08-13 16:43:32,858 INFO  [org.apa.kaf.cli.Metadata] (kafka-producer-network-thread | Producer-topic-581e8daa_086d_4d66_aa6f_538593fe5f8e) [Producer clientId=Producer-topic-581e8daa_086d_4d66_aa6f_538593fe5f8e] Cluster ID: qKHj6WxtSVqL2ounD9m8uw
2025-08-13 16:43:32,859 INFO  [org.apa.kaf.cli.pro.int.TransactionManager] (kafka-producer-network-thread | Producer-topic-581e8daa_086d_4d66_aa6f_538593fe5f8e) [Producer clientId=Producer-topic-581e8daa_086d_4d66_aa6f_538593fe5f8e] ProducerId set to 24 with epoch 0
2025-08-13 16:43:32,859 INFO  [DefaultSchemaResolver] (Thread-738) Retrieving schema content using string: {"type":"record","name":"sf5fbfbc8x11fex4bd5x9ea6x8b19869a06f1","namespace":"sd921a4dbx9b7ex4dfcxbeb5xb65246e56d8e","fields":[{"name":"keyB","type":"string"}]}
2025-08-13 16:43:33,101 INFO  [org.apa.kaf.cli.pro.KafkaProducer] (Thread-738) [Producer clientId=Producer-topic-581e8daa_086d_4d66_aa6f_538593fe5f8e] Closing the Kafka producer with timeoutMillis = 9223372036854775807 ms.
2025-08-13 16:43:33,103 INFO  [org.apa.kaf.com.met.Metrics] (Thread-738) Metrics scheduler closed
2025-08-13 16:43:33,103 INFO  [org.apa.kaf.com.met.Metrics] (Thread-738) Closing reporter org.apache.kafka.common.metrics.JmxReporter
2025-08-13 16:43:33,103 INFO  [org.apa.kaf.com.met.Metrics] (Thread-738) Closing reporter org.apache.kafka.common.telemetry.internals.ClientTelemetryReporter
2025-08-13 16:43:33,103 INFO  [org.apa.kaf.com.met.Metrics] (Thread-738) Metrics reporters closed
2025-08-13 16:43:33,103 INFO  [org.apa.kaf.com.uti.AppInfoParser] (Thread-738) App info kafka.producer for Producer-topic-581e8daa_086d_4d66_aa6f_538593fe5f8e unregistered
2025-08-13 16:43:33,104 INFO  [io.api.tes.uti.TestSeparator] (main) io.apicurio.tests.serdes.apicurio.AvroSerdeIT.testAvroSerDesFailDifferentSchemaByContent-FINISHED
2025-08-13 16:43:33,104 INFO  [io.api.tes.uti.TestSeparator] (main) ############################################################################
Test passed: testAvroSerDesFailDifferentSchemaByContent
]]></system-out>
    <system-err><![CDATA[java.lang.RuntimeException: Could not resolve artifact reference by content: {"type":"record","name":"sf5fbfbc8x11fex4bd5x9ea6x8b19869a06f1","namespace":"sd921a4dbx9b7ex4dfcxbeb5xb65246e56d8e","fields":[{"name":"keyB","type":"string"}]}&ArtifactReference [groupId=sd921a4dbx9b7ex4dfcxbeb5xb65246e56d8e, artifactId=sf5fbfbc8x11fex4bd5x9ea6x8b19869a06f1, version=null, globalId=null, contentId=null, contentHash=null]
	at io.apicurio.registry.resolver.DefaultSchemaResolver.lambda$handleResolveSchemaByContent$3(DefaultSchemaResolver.java:265)
	at io.apicurio.registry.resolver.cache.ERCache.lambda$getValue$0(ERCache.java:174)
	at io.apicurio.registry.resolver.cache.ERCache.retry(ERCache.java:227)
	at io.apicurio.registry.resolver.cache.ERCache.getValue(ERCache.java:173)
	at io.apicurio.registry.resolver.cache.ERCache.getByContent(ERCache.java:147)
	at io.apicurio.registry.resolver.DefaultSchemaResolver.handleResolveSchemaByContent(DefaultSchemaResolver.java:253)
	at io.apicurio.registry.resolver.DefaultSchemaResolver.getSchemaFromRegistry(DefaultSchemaResolver.java:138)
	at io.apicurio.registry.resolver.DefaultSchemaResolver.lambda$resolveSchema$0(DefaultSchemaResolver.java:84)
	at java.base/java.util.Optional.orElseGet(Optional.java:364)
	at io.apicurio.registry.resolver.DefaultSchemaResolver.resolveSchema(DefaultSchemaResolver.java:84)
	at io.apicurio.registry.serde.AbstractSerializer.serializeData(AbstractSerializer.java:62)
	at io.apicurio.registry.serde.KafkaSerializer.serialize(KafkaSerializer.java:77)
	at org.apache.kafka.clients.producer.KafkaProducer.doSend(KafkaProducer.java:1046)
	at org.apache.kafka.clients.producer.KafkaProducer.send(KafkaProducer.java:993)
	at org.apache.kafka.clients.producer.KafkaProducer.send(KafkaProducer.java:875)
	at io.apicurio.tests.serdes.apicurio.KafkaSerdesTester.lambda$produceMessages$3(KafkaSerdesTester.java:138)
	at java.base/java.util.concurrent.CompletableFuture$AsyncSupply.run(CompletableFuture.java:1768)
	at java.base/java.lang.Thread.run(Thread.java:840)
]]></system-err>
  </testcase>
  <testcase name="testGlobalIdInBody" classname="io.apicurio.tests.serdes.apicurio.AvroSerdeIT" time="4.288">
    <system-out><![CDATA[2025-08-13 16:43:33,105 INFO  [io.api.tes.uti.TestSeparator] (main) ############################################################################
2025-08-13 16:43:33,105 INFO  [io.api.tes.uti.TestSeparator] (main) io.apicurio.tests.serdes.apicurio.AvroSerdeIT.testGlobalIdInBody-STARTED
**** Registry Base URL: http://registry-app-mysql.apps.ci419.apicurio-testing.org:80
2025-08-13 16:43:33,108 INFO  [org.apa.kaf.cli.pro.ProducerConfig] (main) ProducerConfig values: 
	acks = -1
	auto.include.jmx.reporter = true
	batch.size = 16384
	bootstrap.servers = [PLAINTEXT://localhost:32769]
	buffer.memory = 33554432
	client.dns.lookup = use_all_dns_ips
	client.id = Producer-topic-7815f0bb_6c2d_4387_8e2d_256764cbb010
	compression.gzip.level = -1
	compression.lz4.level = 9
	compression.type = none
	compression.zstd.level = 3
	connections.max.idle.ms = 10000
	delivery.timeout.ms = 120000
	enable.idempotence = true
	enable.metrics.push = true
	interceptor.classes = []
	key.serializer = class org.apache.kafka.common.serialization.StringSerializer
	linger.ms = 0
	max.block.ms = 60000
	max.in.flight.requests.per.connection = 5
	max.request.size = 1048576
	metadata.max.age.ms = 300000
	metadata.max.idle.ms = 300000
	metadata.recovery.strategy = none
	metric.reporters = []
	metrics.num.samples = 2
	metrics.recording.level = INFO
	metrics.sample.window.ms = 30000
	partitioner.adaptive.partitioning.enable = true
	partitioner.availability.timeout.ms = 0
	partitioner.class = null
	partitioner.ignore.keys = false
	receive.buffer.bytes = 32768
	reconnect.backoff.max.ms = 1000
	reconnect.backoff.ms = 50
	request.timeout.ms = 5000
	retries = 2147483647
	retry.backoff.max.ms = 1000
	retry.backoff.ms = 100
	sasl.client.callback.handler.class = null
	sasl.jaas.config = null
	sasl.kerberos.kinit.cmd = /usr/bin/kinit
	sasl.kerberos.min.time.before.relogin = 60000
	sasl.kerberos.service.name = null
	sasl.kerberos.ticket.renew.jitter = 0.05
	sasl.kerberos.ticket.renew.window.factor = 0.8
	sasl.login.callback.handler.class = null
	sasl.login.class = null
	sasl.login.connect.timeout.ms = null
	sasl.login.read.timeout.ms = null
	sasl.login.refresh.buffer.seconds = 300
	sasl.login.refresh.min.period.seconds = 60
	sasl.login.refresh.window.factor = 0.8
	sasl.login.refresh.window.jitter = 0.05
	sasl.login.retry.backoff.max.ms = 10000
	sasl.login.retry.backoff.ms = 100
	sasl.mechanism = GSSAPI
	sasl.oauthbearer.clock.skew.seconds = 30
	sasl.oauthbearer.expected.audience = null
	sasl.oauthbearer.expected.issuer = null
	sasl.oauthbearer.header.urlencode = false
	sasl.oauthbearer.jwks.endpoint.refresh.ms = 3600000
	sasl.oauthbearer.jwks.endpoint.retry.backoff.max.ms = 10000
	sasl.oauthbearer.jwks.endpoint.retry.backoff.ms = 100
	sasl.oauthbearer.jwks.endpoint.url = null
	sasl.oauthbearer.scope.claim.name = scope
	sasl.oauthbearer.sub.claim.name = sub
	sasl.oauthbearer.token.endpoint.url = null
	security.protocol = PLAINTEXT
	security.providers = null
	send.buffer.bytes = 131072
	socket.connection.setup.timeout.max.ms = 30000
	socket.connection.setup.timeout.ms = 10000
	ssl.cipher.suites = null
	ssl.enabled.protocols = [TLSv1.2, TLSv1.3]
	ssl.endpoint.identification.algorithm = https
	ssl.engine.factory.class = null
	ssl.key.password = null
	ssl.keymanager.algorithm = SunX509
	ssl.keystore.certificate.chain = null
	ssl.keystore.key = null
	ssl.keystore.location = null
	ssl.keystore.password = null
	ssl.keystore.type = JKS
	ssl.protocol = TLSv1.3
	ssl.provider = null
	ssl.secure.random.implementation = null
	ssl.trustmanager.algorithm = PKIX
	ssl.truststore.certificates = null
	ssl.truststore.location = null
	ssl.truststore.password = null
	ssl.truststore.type = JKS
	transaction.timeout.ms = 60000
	transactional.id = null
	value.serializer = class io.apicurio.registry.serde.avro.AvroKafkaSerializer

2025-08-13 16:43:33,109 INFO  [org.apa.kaf.com.tel.int.KafkaMetricsCollector] (main) initializing Kafka metrics collector
2025-08-13 16:43:33,113 INFO  [org.apa.kaf.cli.pro.KafkaProducer] (main) [Producer clientId=Producer-topic-7815f0bb_6c2d_4387_8e2d_256764cbb010] Instantiated an idempotent producer.
2025-08-13 16:43:33,115 INFO  [org.apa.kaf.cli.pro.ProducerConfig] (main) These configurations '[apicurio.registry.url, apicurio.registry.auto-register, apicurio.registry.use-id, apicurio.registry.artifact-resolver-strategy]' were supplied but are not used yet.
2025-08-13 16:43:33,115 INFO  [org.apa.kaf.com.uti.AppInfoParser] (main) Kafka version: 3.9.1
2025-08-13 16:43:33,115 INFO  [org.apa.kaf.com.uti.AppInfoParser] (main) Kafka commitId: f745dfdcee2b9851
2025-08-13 16:43:33,115 INFO  [org.apa.kaf.com.uti.AppInfoParser] (main) Kafka startTimeMs: 1755103413115
2025-08-13 16:43:33,115 INFO  [io.api.tes.ser.api.SimpleSerdesTesterBuilder$SimpleSerdesTester] (main) Using producer configuration: {apicurio.registry.url=http://registry-app-mysql.apps.ci419.apicurio-testing.org:80/apis/registry/v3, apicurio.registry.auto-register=true, apicurio.registry.use-id=globalId, apicurio.registry.artifact-resolver-strategy=io.apicurio.registry.serde.strategy.TopicIdStrategy, value.serializer=io.apicurio.registry.serde.avro.AvroKafkaSerializer, request.timeout.ms=5000, acks=all, bootstrap.servers=PLAINTEXT://localhost:32769, connections.max.idle.ms=10000, key.serializer=org.apache.kafka.common.serialization.StringSerializer, client.id=Producer-topic-7815f0bb_6c2d_4387_8e2d_256764cbb010}
2025-08-13 16:43:33,115 INFO  [io.api.tes.ser.api.SimpleSerdesTesterBuilder$SimpleSerdesTester] (main) Using consumer configuration: {apicurio.registry.use-id=globalId}
2025-08-13 16:43:33,118 INFO  [io.api.tes.ser.api.KafkaSerdesTester] (Thread-741) Sending message {"key11755103413105": "value-0"} to topic topic-7815f0bb_6c2d_4387_8e2d_256764cbb010
2025-08-13 16:43:33,122 WARN  [org.apa.kaf.cli.NetworkClient] (kafka-producer-network-thread | Producer-topic-7815f0bb_6c2d_4387_8e2d_256764cbb010) [Producer clientId=Producer-topic-7815f0bb_6c2d_4387_8e2d_256764cbb010] The metadata response from the cluster reported a recoverable issue with correlation id 1 : {topic-7815f0bb_6c2d_4387_8e2d_256764cbb010=UNKNOWN_TOPIC_OR_PARTITION}
2025-08-13 16:43:33,122 INFO  [org.apa.kaf.cli.Metadata] (kafka-producer-network-thread | Producer-topic-7815f0bb_6c2d_4387_8e2d_256764cbb010) [Producer clientId=Producer-topic-7815f0bb_6c2d_4387_8e2d_256764cbb010] Cluster ID: qKHj6WxtSVqL2ounD9m8uw
2025-08-13 16:43:33,122 INFO  [org.apa.kaf.cli.pro.int.TransactionManager] (kafka-producer-network-thread | Producer-topic-7815f0bb_6c2d_4387_8e2d_256764cbb010) [Producer clientId=Producer-topic-7815f0bb_6c2d_4387_8e2d_256764cbb010] ProducerId set to 25 with epoch 0
2025-08-13 16:43:33,417 INFO  [io.api.tes.ser.api.KafkaSerdesTester] (Thread-741) Sending message {"key11755103413105": "value-1"} to topic topic-7815f0bb_6c2d_4387_8e2d_256764cbb010
2025-08-13 16:43:33,419 INFO  [io.api.tes.ser.api.KafkaSerdesTester] (Thread-741) Sending message {"key11755103413105": "value-2"} to topic topic-7815f0bb_6c2d_4387_8e2d_256764cbb010
2025-08-13 16:43:33,420 INFO  [io.api.tes.ser.api.KafkaSerdesTester] (Thread-741) Sending message {"key11755103413105": "value-3"} to topic topic-7815f0bb_6c2d_4387_8e2d_256764cbb010
2025-08-13 16:43:33,422 INFO  [io.api.tes.ser.api.KafkaSerdesTester] (Thread-741) Sending message {"key11755103413105": "value-4"} to topic topic-7815f0bb_6c2d_4387_8e2d_256764cbb010
2025-08-13 16:43:33,423 INFO  [io.api.tes.ser.api.KafkaSerdesTester] (Thread-741) Sending message {"key11755103413105": "value-5"} to topic topic-7815f0bb_6c2d_4387_8e2d_256764cbb010
2025-08-13 16:43:33,430 INFO  [io.api.tes.ser.api.KafkaSerdesTester] (Thread-741) Sending message {"key11755103413105": "value-6"} to topic topic-7815f0bb_6c2d_4387_8e2d_256764cbb010
2025-08-13 16:43:33,432 INFO  [io.api.tes.ser.api.KafkaSerdesTester] (Thread-741) Sending message {"key11755103413105": "value-7"} to topic topic-7815f0bb_6c2d_4387_8e2d_256764cbb010
2025-08-13 16:43:33,433 INFO  [io.api.tes.ser.api.KafkaSerdesTester] (Thread-741) Sending message {"key11755103413105": "value-8"} to topic topic-7815f0bb_6c2d_4387_8e2d_256764cbb010
2025-08-13 16:43:33,435 INFO  [io.api.tes.ser.api.KafkaSerdesTester] (Thread-741) Sending message {"key11755103413105": "value-9"} to topic topic-7815f0bb_6c2d_4387_8e2d_256764cbb010
2025-08-13 16:43:33,436 INFO  [io.api.tes.ser.api.KafkaSerdesTester] (Thread-741) Produced 10 messages
2025-08-13 16:43:33,437 INFO  [org.apa.kaf.cli.pro.KafkaProducer] (Thread-741) [Producer clientId=Producer-topic-7815f0bb_6c2d_4387_8e2d_256764cbb010] Closing the Kafka producer with timeoutMillis = 9223372036854775807 ms.
2025-08-13 16:43:33,439 INFO  [org.apa.kaf.com.met.Metrics] (Thread-741) Metrics scheduler closed
2025-08-13 16:43:33,439 INFO  [org.apa.kaf.com.met.Metrics] (Thread-741) Closing reporter org.apache.kafka.common.metrics.JmxReporter
2025-08-13 16:43:33,439 INFO  [org.apa.kaf.com.met.Metrics] (Thread-741) Closing reporter org.apache.kafka.common.telemetry.internals.ClientTelemetryReporter
2025-08-13 16:43:33,439 INFO  [org.apa.kaf.com.met.Metrics] (Thread-741) Metrics reporters closed
2025-08-13 16:43:33,440 INFO  [org.apa.kaf.com.uti.AppInfoParser] (Thread-741) App info kafka.producer for Producer-topic-7815f0bb_6c2d_4387_8e2d_256764cbb010 unregistered
**** Registry Base URL: http://registry-app-mysql.apps.ci419.apicurio-testing.org:80
2025-08-13 16:43:33,607 INFO  [org.apa.kaf.cli.con.ConsumerConfig] (main) ConsumerConfig values: 
	allow.auto.create.topics = true
	auto.commit.interval.ms = 500
	auto.include.jmx.reporter = true
	auto.offset.reset = earliest
	bootstrap.servers = [PLAINTEXT://localhost:32769]
	check.crcs = true
	client.dns.lookup = use_all_dns_ips
	client.id = consumer-Consumer-topic-7815f0bb_6c2d_4387_8e2d_256764cbb010-18
	client.rack = 
	connections.max.idle.ms = 10000
	default.api.timeout.ms = 60000
	enable.auto.commit = true
	enable.metrics.push = true
	exclude.internal.topics = true
	fetch.max.bytes = 52428800
	fetch.max.wait.ms = 500
	fetch.min.bytes = 1
	group.id = Consumer-topic-7815f0bb_6c2d_4387_8e2d_256764cbb010
	group.instance.id = null
	group.protocol = classic
	group.remote.assignor = null
	heartbeat.interval.ms = 3000
	interceptor.classes = []
	internal.leave.group.on.close = true
	internal.throw.on.fetch.stable.offset.unsupported = false
	isolation.level = read_uncommitted
	key.deserializer = class org.apache.kafka.common.serialization.StringDeserializer
	max.partition.fetch.bytes = 1048576
	max.poll.interval.ms = 300000
	max.poll.records = 500
	metadata.max.age.ms = 300000
	metadata.recovery.strategy = none
	metric.reporters = []
	metrics.num.samples = 2
	metrics.recording.level = INFO
	metrics.sample.window.ms = 30000
	partition.assignment.strategy = [class org.apache.kafka.clients.consumer.RangeAssignor, class org.apache.kafka.clients.consumer.CooperativeStickyAssignor]
	receive.buffer.bytes = 65536
	reconnect.backoff.max.ms = 1000
	reconnect.backoff.ms = 50
	request.timeout.ms = 5000
	retry.backoff.max.ms = 1000
	retry.backoff.ms = 100
	sasl.client.callback.handler.class = null
	sasl.jaas.config = null
	sasl.kerberos.kinit.cmd = /usr/bin/kinit
	sasl.kerberos.min.time.before.relogin = 60000
	sasl.kerberos.service.name = null
	sasl.kerberos.ticket.renew.jitter = 0.05
	sasl.kerberos.ticket.renew.window.factor = 0.8
	sasl.login.callback.handler.class = null
	sasl.login.class = null
	sasl.login.connect.timeout.ms = null
	sasl.login.read.timeout.ms = null
	sasl.login.refresh.buffer.seconds = 300
	sasl.login.refresh.min.period.seconds = 60
	sasl.login.refresh.window.factor = 0.8
	sasl.login.refresh.window.jitter = 0.05
	sasl.login.retry.backoff.max.ms = 10000
	sasl.login.retry.backoff.ms = 100
	sasl.mechanism = GSSAPI
	sasl.oauthbearer.clock.skew.seconds = 30
	sasl.oauthbearer.expected.audience = null
	sasl.oauthbearer.expected.issuer = null
	sasl.oauthbearer.header.urlencode = false
	sasl.oauthbearer.jwks.endpoint.refresh.ms = 3600000
	sasl.oauthbearer.jwks.endpoint.retry.backoff.max.ms = 10000
	sasl.oauthbearer.jwks.endpoint.retry.backoff.ms = 100
	sasl.oauthbearer.jwks.endpoint.url = null
	sasl.oauthbearer.scope.claim.name = scope
	sasl.oauthbearer.sub.claim.name = sub
	sasl.oauthbearer.token.endpoint.url = null
	security.protocol = PLAINTEXT
	security.providers = null
	send.buffer.bytes = 131072
	session.timeout.ms = 45000
	socket.connection.setup.timeout.max.ms = 30000
	socket.connection.setup.timeout.ms = 10000
	ssl.cipher.suites = null
	ssl.enabled.protocols = [TLSv1.2, TLSv1.3]
	ssl.endpoint.identification.algorithm = https
	ssl.engine.factory.class = null
	ssl.key.password = null
	ssl.keymanager.algorithm = SunX509
	ssl.keystore.certificate.chain = null
	ssl.keystore.key = null
	ssl.keystore.location = null
	ssl.keystore.password = null
	ssl.keystore.type = JKS
	ssl.protocol = TLSv1.3
	ssl.provider = null
	ssl.secure.random.implementation = null
	ssl.trustmanager.algorithm = PKIX
	ssl.truststore.certificates = null
	ssl.truststore.location = null
	ssl.truststore.password = null
	ssl.truststore.type = JKS
	value.deserializer = class io.apicurio.registry.serde.avro.AvroKafkaDeserializer

2025-08-13 16:43:33,607 INFO  [org.apa.kaf.com.tel.int.KafkaMetricsCollector] (main) initializing Kafka metrics collector
2025-08-13 16:43:33,615 INFO  [org.apa.kaf.cli.con.ConsumerConfig] (main) These configurations '[apicurio.registry.url, apicurio.registry.use-id]' were supplied but are not used yet.
2025-08-13 16:43:33,615 INFO  [org.apa.kaf.com.uti.AppInfoParser] (main) Kafka version: 3.9.1
2025-08-13 16:43:33,615 INFO  [org.apa.kaf.com.uti.AppInfoParser] (main) Kafka commitId: f745dfdcee2b9851
2025-08-13 16:43:33,615 INFO  [org.apa.kaf.com.uti.AppInfoParser] (main) Kafka startTimeMs: 1755103413615
2025-08-13 16:43:33,616 INFO  [org.apa.kaf.cli.con.int.ClassicKafkaConsumer] (Thread-744) [Consumer clientId=consumer-Consumer-topic-7815f0bb_6c2d_4387_8e2d_256764cbb010-18, groupId=Consumer-topic-7815f0bb_6c2d_4387_8e2d_256764cbb010] Subscribed to topic(s): topic-7815f0bb_6c2d_4387_8e2d_256764cbb010
2025-08-13 16:43:33,621 INFO  [org.apa.kaf.cli.Metadata] (Thread-744) [Consumer clientId=consumer-Consumer-topic-7815f0bb_6c2d_4387_8e2d_256764cbb010-18, groupId=Consumer-topic-7815f0bb_6c2d_4387_8e2d_256764cbb010] Cluster ID: qKHj6WxtSVqL2ounD9m8uw
2025-08-13 16:43:33,621 INFO  [org.apa.kaf.cli.con.int.ConsumerCoordinator] (Thread-744) [Consumer clientId=consumer-Consumer-topic-7815f0bb_6c2d_4387_8e2d_256764cbb010-18, groupId=Consumer-topic-7815f0bb_6c2d_4387_8e2d_256764cbb010] Discovered group coordinator localhost:32769 (id: 2147483647 rack: null)
2025-08-13 16:43:33,623 INFO  [org.apa.kaf.cli.con.int.ConsumerCoordinator] (Thread-744) [Consumer clientId=consumer-Consumer-topic-7815f0bb_6c2d_4387_8e2d_256764cbb010-18, groupId=Consumer-topic-7815f0bb_6c2d_4387_8e2d_256764cbb010] (Re-)joining group
2025-08-13 16:43:33,625 INFO  [org.apa.kaf.cli.con.int.ConsumerCoordinator] (Thread-744) [Consumer clientId=consumer-Consumer-topic-7815f0bb_6c2d_4387_8e2d_256764cbb010-18, groupId=Consumer-topic-7815f0bb_6c2d_4387_8e2d_256764cbb010] Request joining group due to: need to re-join with the given member-id: consumer-Consumer-topic-7815f0bb_6c2d_4387_8e2d_256764cbb010-18-484e29b6-59fd-4cff-8280-87e57f75f517
2025-08-13 16:43:33,625 INFO  [org.apa.kaf.cli.con.int.ConsumerCoordinator] (Thread-744) [Consumer clientId=consumer-Consumer-topic-7815f0bb_6c2d_4387_8e2d_256764cbb010-18, groupId=Consumer-topic-7815f0bb_6c2d_4387_8e2d_256764cbb010] (Re-)joining group
2025-08-13 16:43:34,616 INFO  [io.api.tes.ser.api.KafkaSerdesTester] (Thread-744) None found
2025-08-13 16:43:35,616 INFO  [io.api.tes.ser.api.KafkaSerdesTester] (Thread-744) None found
2025-08-13 16:43:36,616 INFO  [io.api.tes.ser.api.KafkaSerdesTester] (Thread-744) None found
2025-08-13 16:43:36,627 INFO  [org.apa.kaf.cli.con.int.ConsumerCoordinator] (Thread-744) [Consumer clientId=consumer-Consumer-topic-7815f0bb_6c2d_4387_8e2d_256764cbb010-18, groupId=Consumer-topic-7815f0bb_6c2d_4387_8e2d_256764cbb010] Successfully joined group with generation Generation{generationId=1, memberId='consumer-Consumer-topic-7815f0bb_6c2d_4387_8e2d_256764cbb010-18-484e29b6-59fd-4cff-8280-87e57f75f517', protocol='range'}
2025-08-13 16:43:36,628 INFO  [org.apa.kaf.cli.con.int.ConsumerCoordinator] (Thread-744) [Consumer clientId=consumer-Consumer-topic-7815f0bb_6c2d_4387_8e2d_256764cbb010-18, groupId=Consumer-topic-7815f0bb_6c2d_4387_8e2d_256764cbb010] Finished assignment for group at generation 1: {consumer-Consumer-topic-7815f0bb_6c2d_4387_8e2d_256764cbb010-18-484e29b6-59fd-4cff-8280-87e57f75f517=Assignment(partitions=[topic-7815f0bb_6c2d_4387_8e2d_256764cbb010-0])}
2025-08-13 16:43:36,634 INFO  [org.apa.kaf.cli.con.int.ConsumerCoordinator] (Thread-744) [Consumer clientId=consumer-Consumer-topic-7815f0bb_6c2d_4387_8e2d_256764cbb010-18, groupId=Consumer-topic-7815f0bb_6c2d_4387_8e2d_256764cbb010] Successfully synced group in generation Generation{generationId=1, memberId='consumer-Consumer-topic-7815f0bb_6c2d_4387_8e2d_256764cbb010-18-484e29b6-59fd-4cff-8280-87e57f75f517', protocol='range'}
2025-08-13 16:43:36,634 INFO  [org.apa.kaf.cli.con.int.ConsumerCoordinator] (Thread-744) [Consumer clientId=consumer-Consumer-topic-7815f0bb_6c2d_4387_8e2d_256764cbb010-18, groupId=Consumer-topic-7815f0bb_6c2d_4387_8e2d_256764cbb010] Notifying assignor about the new Assignment(partitions=[topic-7815f0bb_6c2d_4387_8e2d_256764cbb010-0])
2025-08-13 16:43:36,635 INFO  [org.apa.kaf.cli.con.int.ConsumerRebalanceListenerInvoker] (Thread-744) [Consumer clientId=consumer-Consumer-topic-7815f0bb_6c2d_4387_8e2d_256764cbb010-18, groupId=Consumer-topic-7815f0bb_6c2d_4387_8e2d_256764cbb010] Adding newly assigned partitions: topic-7815f0bb_6c2d_4387_8e2d_256764cbb010-0
2025-08-13 16:43:36,635 INFO  [org.apa.kaf.cli.con.int.ConsumerCoordinator] (Thread-744) [Consumer clientId=consumer-Consumer-topic-7815f0bb_6c2d_4387_8e2d_256764cbb010-18, groupId=Consumer-topic-7815f0bb_6c2d_4387_8e2d_256764cbb010] Found no committed offset for partition topic-7815f0bb_6c2d_4387_8e2d_256764cbb010-0
2025-08-13 16:43:36,638 INFO  [org.apa.kaf.cli.con.int.SubscriptionState] (Thread-744) [Consumer clientId=consumer-Consumer-topic-7815f0bb_6c2d_4387_8e2d_256764cbb010-18, groupId=Consumer-topic-7815f0bb_6c2d_4387_8e2d_256764cbb010] Resetting offset for partition topic-7815f0bb_6c2d_4387_8e2d_256764cbb010-0 to position FetchPosition{offset=0, offsetEpoch=Optional.empty, currentLeader=LeaderAndEpoch{leader=Optional[localhost:32769 (id: 0 rack: null)], epoch=0}}.
2025-08-13 16:43:36,884 INFO  [io.api.tes.ser.api.KafkaSerdesTester] (Thread-744) topic-7815f0bb_6c2d_4387_8e2d_256764cbb010 0 0 {"key11755103413105": "value-0"}
2025-08-13 16:43:36,884 INFO  [io.api.tes.ser.api.KafkaSerdesTester] (Thread-744) topic-7815f0bb_6c2d_4387_8e2d_256764cbb010 0 1 {"key11755103413105": "value-1"}
2025-08-13 16:43:36,884 INFO  [io.api.tes.ser.api.KafkaSerdesTester] (Thread-744) topic-7815f0bb_6c2d_4387_8e2d_256764cbb010 0 2 {"key11755103413105": "value-2"}
2025-08-13 16:43:36,884 INFO  [io.api.tes.ser.api.KafkaSerdesTester] (Thread-744) topic-7815f0bb_6c2d_4387_8e2d_256764cbb010 0 3 {"key11755103413105": "value-3"}
2025-08-13 16:43:36,884 INFO  [io.api.tes.ser.api.KafkaSerdesTester] (Thread-744) topic-7815f0bb_6c2d_4387_8e2d_256764cbb010 0 4 {"key11755103413105": "value-4"}
2025-08-13 16:43:36,884 INFO  [io.api.tes.ser.api.KafkaSerdesTester] (Thread-744) topic-7815f0bb_6c2d_4387_8e2d_256764cbb010 0 5 {"key11755103413105": "value-5"}
2025-08-13 16:43:36,884 INFO  [io.api.tes.ser.api.KafkaSerdesTester] (Thread-744) topic-7815f0bb_6c2d_4387_8e2d_256764cbb010 0 6 {"key11755103413105": "value-6"}
2025-08-13 16:43:36,884 INFO  [io.api.tes.ser.api.KafkaSerdesTester] (Thread-744) topic-7815f0bb_6c2d_4387_8e2d_256764cbb010 0 7 {"key11755103413105": "value-7"}
2025-08-13 16:43:36,884 INFO  [io.api.tes.ser.api.KafkaSerdesTester] (Thread-744) topic-7815f0bb_6c2d_4387_8e2d_256764cbb010 0 8 {"key11755103413105": "value-8"}
2025-08-13 16:43:36,884 INFO  [io.api.tes.ser.api.KafkaSerdesTester] (Thread-744) topic-7815f0bb_6c2d_4387_8e2d_256764cbb010 0 9 {"key11755103413105": "value-9"}
2025-08-13 16:43:36,884 INFO  [io.api.tes.ser.api.KafkaSerdesTester] (Thread-744) Consumed 10 messages
2025-08-13 16:43:36,892 INFO  [org.apa.kaf.cli.con.int.ConsumerRebalanceListenerInvoker] (Thread-744) [Consumer clientId=consumer-Consumer-topic-7815f0bb_6c2d_4387_8e2d_256764cbb010-18, groupId=Consumer-topic-7815f0bb_6c2d_4387_8e2d_256764cbb010] Revoke previously assigned partitions topic-7815f0bb_6c2d_4387_8e2d_256764cbb010-0
2025-08-13 16:43:36,892 INFO  [org.apa.kaf.cli.con.int.ConsumerCoordinator] (Thread-744) [Consumer clientId=consumer-Consumer-topic-7815f0bb_6c2d_4387_8e2d_256764cbb010-18, groupId=Consumer-topic-7815f0bb_6c2d_4387_8e2d_256764cbb010] Member consumer-Consumer-topic-7815f0bb_6c2d_4387_8e2d_256764cbb010-18-484e29b6-59fd-4cff-8280-87e57f75f517 sending LeaveGroup request to coordinator localhost:32769 (id: 2147483647 rack: null) due to the consumer is being closed
2025-08-13 16:43:36,892 INFO  [org.apa.kaf.cli.con.int.ConsumerCoordinator] (Thread-744) [Consumer clientId=consumer-Consumer-topic-7815f0bb_6c2d_4387_8e2d_256764cbb010-18, groupId=Consumer-topic-7815f0bb_6c2d_4387_8e2d_256764cbb010] Resetting generation and member id due to: consumer pro-actively leaving the group
2025-08-13 16:43:36,892 INFO  [org.apa.kaf.cli.con.int.ConsumerCoordinator] (Thread-744) [Consumer clientId=consumer-Consumer-topic-7815f0bb_6c2d_4387_8e2d_256764cbb010-18, groupId=Consumer-topic-7815f0bb_6c2d_4387_8e2d_256764cbb010] Request joining group due to: consumer pro-actively leaving the group
2025-08-13 16:43:37,388 INFO  [org.apa.kaf.com.met.Metrics] (Thread-744) Metrics scheduler closed
2025-08-13 16:43:37,388 INFO  [org.apa.kaf.com.met.Metrics] (Thread-744) Closing reporter org.apache.kafka.common.metrics.JmxReporter
2025-08-13 16:43:37,388 INFO  [org.apa.kaf.com.met.Metrics] (Thread-744) Closing reporter org.apache.kafka.common.telemetry.internals.ClientTelemetryReporter
2025-08-13 16:43:37,388 INFO  [org.apa.kaf.com.met.Metrics] (Thread-744) Metrics reporters closed
2025-08-13 16:43:37,390 INFO  [org.apa.kaf.com.uti.AppInfoParser] (Thread-744) App info kafka.consumer for consumer-Consumer-topic-7815f0bb_6c2d_4387_8e2d_256764cbb010-18 unregistered
2025-08-13 16:43:37,391 INFO  [io.api.tes.uti.TestSeparator] (main) io.apicurio.tests.serdes.apicurio.AvroSerdeIT.testGlobalIdInBody-FINISHED
2025-08-13 16:43:37,391 INFO  [io.api.tes.uti.TestSeparator] (main) ############################################################################
Test passed: testGlobalIdInBody
]]></system-out>
  </testcase>
  <testcase name="testProducerUsesGlobalIdConsumerUsesDefault" classname="io.apicurio.tests.serdes.apicurio.AvroSerdeIT" time="0.0">
    <skipped message="void io.apicurio.tests.serdes.apicurio.AvroSerdeIT.testProducerUsesGlobalIdConsumerUsesDefault() throws java.lang.Exception is @Disabled"/>
  </testcase>
</testsuite>