<?xml version="1.0" encoding="UTF-8"?>
<testsuite xmlns:xsi="http://www.w3.org/2001/XMLSchema-instance" xsi:noNamespaceSchemaLocation="https://maven.apache.org/surefire/maven-failsafe-plugin/xsd/failsafe-test-report.xsd" version="3.0.2" name="io.apicurio.tests.serdes.apicurio.AvroSerdeIT" time="103.721" tests="21" errors="0" skipped="2" failures="0">
  <properties>
    <property name="java.specification.version" value="17"/>
    <property name="sun.jnu.encoding" value="UTF-8"/>
    <property name="java.class.path" value="/home/runner/work/apicurio-testing/apicurio-testing/clusters/ci419/namespaces/inmemory/tests/integration/apicurio-registry/integration-tests/target/test-classes:/home/runner/work/apicurio-testing/apicurio-testing/clusters/ci419/namespaces/inmemory/tests/integration/apicurio-registry/integration-tests/target/apicurio-registry-integration-tests-3.0.12-SNAPSHOT.jar:/home/runner/.m2/repository/io/quarkus/quarkus-junit5/3.20.2/quarkus-junit5-3.20.2.jar:/home/runner/.m2/repository/io/quarkus/quarkus-bootstrap-core/3.20.2/quarkus-bootstrap-core-3.20.2.jar:/home/runner/.m2/repository/io/quarkus/quarkus-classloader-commons/3.20.2/quarkus-classloader-commons-3.20.2.jar:/home/runner/.m2/repository/io/quarkus/quarkus-bootstrap-app-model/3.20.2/quarkus-bootstrap-app-model-3.20.2.jar:/home/runner/.m2/repository/io/smallrye/common/smallrye-common-io/2.12.0/smallrye-common-io-2.12.0.jar:/home/runner/.m2/repository/org/eclipse/sisu/org.eclipse.sisu.inject/0.9.0.M3/org.eclipse.sisu.inject-0.9.0.M3.jar:/home/runner/.m2/repository/io/quarkus/quarkus-test-common/3.20.2/quarkus-test-common-3.20.2.jar:/home/runner/.m2/repository/io/quarkus/quarkus-core-deployment/3.20.2/quarkus-core-deployment-3.20.2.jar:/home/runner/.m2/repository/org/aesh/readline/2.6/readline-2.6.jar:/home/runner/.m2/repository/org/fusesource/jansi/jansi/2.4.0/jansi-2.4.0.jar:/home/runner/.m2/repository/org/aesh/aesh/2.8.2/aesh-2.8.2.jar:/home/runner/.m2/repository/io/quarkus/gizmo/gizmo/1.8.0/gizmo-1.8.0.jar:/home/runner/.m2/repository/org/ow2/asm/asm-util/9.7.1/asm-util-9.7.1.jar:/home/runner/.m2/repository/org/ow2/asm/asm-analysis/9.7.1/asm-analysis-9.7.1.jar:/home/runner/.m2/repository/org/ow2/asm/asm-commons/9.7.1/asm-commons-9.7.1.jar:/home/runner/.m2/repository/org/ow2/asm/asm-tree/9.7.1/asm-tree-9.7.1.jar:/home/runner/.m2/repository/io/quarkus/quarkus-hibernate-validator-spi/3.20.2/quarkus-hibernate-validator-spi-3.20.2.jar:/home/runner/.m2/repository/io/quarkus/quarkus-class-change-agent/3.20.2/quarkus-class-change-agent-3.20.2.jar:/home/runner/.m2/repository/io/quarkus/quarkus-devtools-utilities/3.20.2/quarkus-devtools-utilities-3.20.2.jar:/home/runner/.m2/repository/io/quarkus/quarkus-builder/3.20.2/quarkus-builder-3.20.2.jar:/home/runner/.m2/repository/org/graalvm/sdk/nativeimage/23.1.2/nativeimage-23.1.2.jar:/home/runner/.m2/repository/org/graalvm/sdk/word/23.1.2/word-23.1.2.jar:/home/runner/.m2/repository/io/quarkus/quarkus-bootstrap-maven-resolver/3.20.2/quarkus-bootstrap-maven-resolver-3.20.2.jar:/home/runner/.m2/repository/io/smallrye/beanbag/smallrye-beanbag-maven/1.5.2/smallrye-beanbag-maven-1.5.2.jar:/home/runner/.m2/repository/io/smallrye/beanbag/smallrye-beanbag-sisu/1.5.2/smallrye-beanbag-sisu-1.5.2.jar:/home/runner/.m2/repository/io/smallrye/beanbag/smallrye-beanbag/1.5.2/smallrye-beanbag-1.5.2.jar:/home/runner/.m2/repository/javax/inject/javax.inject/1/javax.inject-1.jar:/home/runner/.m2/repository/org/apache/maven/maven-artifact/3.9.9/maven-artifact-3.9.9.jar:/home/runner/.m2/repository/org/apache/maven/maven-builder-support/3.9.9/maven-builder-support-3.9.9.jar:/home/runner/.m2/repository/org/apache/maven/maven-model/3.9.9/maven-model-3.9.9.jar:/home/runner/.m2/repository/org/apache/maven/maven-model-builder/3.9.9/maven-model-builder-3.9.9.jar:/home/runner/.m2/repository/org/apache/maven/maven-repository-metadata/3.9.9/maven-repository-metadata-3.9.9.jar:/home/runner/.m2/repository/org/apache/maven/maven-settings/3.9.9/maven-settings-3.9.9.jar:/home/runner/.m2/repository/org/apache/maven/resolver/maven-resolver-api/1.9.22/maven-resolver-api-1.9.22.jar:/home/runner/.m2/repository/org/apache/maven/resolver/maven-resolver-impl/1.9.22/maven-resolver-impl-1.9.22.jar:/home/runner/.m2/repository/org/apache/maven/resolver/maven-resolver-named-locks/1.9.22/maven-resolver-named-locks-1.9.22.jar:/home/runner/.m2/repository/org/apache/maven/resolver/maven-resolver-spi/1.9.22/maven-resolver-spi-1.9.22.jar:/home/runner/.m2/repository/org/apache/maven/resolver/maven-resolver-util/1.9.22/maven-resolver-util-1.9.22.jar:/home/runner/.m2/repository/org/apache/maven/resolver/maven-resolver-transport-http/1.9.20/maven-resolver-transport-http-1.9.20.jar:/home/runner/.m2/repository/org/apache/maven/wagon/wagon-provider-api/3.5.3/wagon-provider-api-3.5.3.jar:/home/runner/.m2/repository/org/apache/maven/wagon/wagon-http-shared/3.5.3/wagon-http-shared-3.5.3.jar:/home/runner/.m2/repository/org/codehaus/plexus/plexus-interpolation/1.26/plexus-interpolation-1.26.jar:/home/runner/.m2/repository/org/codehaus/plexus/plexus-utils/3.5.1/plexus-utils-3.5.1.jar:/home/runner/.m2/repository/org/codehaus/plexus/plexus-xml/4.0.1/plexus-xml-4.0.1.jar:/home/runner/.m2/repository/org/apache/maven/maven-xml-impl/4.0.0-alpha-5/maven-xml-impl-4.0.0-alpha-5.jar:/home/runner/.m2/repository/org/apache/maven/maven-api-xml/4.0.0-alpha-5/maven-api-xml-4.0.0-alpha-5.jar:/home/runner/.m2/repository/org/apache/maven/maven-api-meta/4.0.0-alpha-5/maven-api-meta-4.0.0-alpha-5.jar:/home/runner/.m2/repository/org/codehaus/plexus/plexus-cipher/2.0/plexus-cipher-2.0.jar:/home/runner/.m2/repository/org/codehaus/plexus/plexus-sec-dispatcher/2.0/plexus-sec-dispatcher-2.0.jar:/home/runner/.m2/repository/org/apache/maven/maven-embedder/3.9.9/maven-embedder-3.9.9.jar:/home/runner/.m2/repository/org/apache/maven/maven-core/3.9.9/maven-core-3.9.9.jar:/home/runner/.m2/repository/org/codehaus/plexus/plexus-component-annotations/2.1.0/plexus-component-annotations-2.1.0.jar:/home/runner/.m2/repository/org/apache/maven/maven-plugin-api/3.9.9/maven-plugin-api-3.9.9.jar:/home/runner/.m2/repository/org/apache/maven/shared/maven-shared-utils/3.4.2/maven-shared-utils-3.4.2.jar:/home/runner/.m2/repository/com/google/inject/guice/5.1.0/guice-5.1.0.jar:/home/runner/.m2/repository/aopalliance/aopalliance/1.0/aopalliance-1.0.jar:/home/runner/.m2/repository/org/codehaus/plexus/plexus-classworlds/2.6.0/plexus-classworlds-2.6.0.jar:/home/runner/.m2/repository/commons-cli/commons-cli/1.8.0/commons-cli-1.8.0.jar:/home/runner/.m2/repository/org/eclipse/sisu/org.eclipse.sisu.plexus/0.9.0.M3/org.eclipse.sisu.plexus-0.9.0.M3.jar:/home/runner/.m2/repository/org/apache/maven/maven-settings-builder/3.9.9/maven-settings-builder-3.9.9.jar:/home/runner/.m2/repository/org/apache/maven/maven-resolver-provider/3.9.9/maven-resolver-provider-3.9.9.jar:/home/runner/.m2/repository/org/apache/maven/resolver/maven-resolver-connector-basic/1.9.22/maven-resolver-connector-basic-1.9.22.jar:/home/runner/.m2/repository/org/apache/maven/resolver/maven-resolver-transport-wagon/1.9.22/maven-resolver-transport-wagon-1.9.22.jar:/home/runner/.m2/repository/org/apache/maven/wagon/wagon-http/3.5.3/wagon-http-3.5.3.jar:/home/runner/.m2/repository/org/apache/maven/wagon/wagon-file/3.5.3/wagon-file-3.5.3.jar:/home/runner/.m2/repository/io/quarkus/quarkus-bootstrap-gradle-resolver/3.20.2/quarkus-bootstrap-gradle-resolver-3.20.2.jar:/home/runner/.m2/repository/io/smallrye/jandex/3.3.0/jandex-3.3.0.jar:/home/runner/.m2/repository/org/jboss/logging/commons-logging-jboss-logging/1.0.0.Final/commons-logging-jboss-logging-1.0.0.Final.jar:/home/runner/.m2/repository/io/quarkus/quarkus-junit5-config/3.20.2/quarkus-junit5-config-3.20.2.jar:/home/runner/.m2/repository/org/junit/jupiter/junit-jupiter-api/5.12.1/junit-jupiter-api-5.12.1.jar:/home/runner/.m2/repository/io/smallrye/config/smallrye-config/3.11.4/smallrye-config-3.11.4.jar:/home/runner/.m2/repository/io/smallrye/config/smallrye-config-core/3.11.4/smallrye-config-core-3.11.4.jar:/home/runner/.m2/repository/io/smallrye/common/smallrye-common-classloader/2.12.0/smallrye-common-classloader-2.12.0.jar:/home/runner/.m2/repository/io/smallrye/config/smallrye-config-common/3.11.4/smallrye-config-common-3.11.4.jar:/home/runner/.m2/repository/org/junit/jupiter/junit-jupiter/5.12.1/junit-jupiter-5.12.1.jar:/home/runner/.m2/repository/org/junit/jupiter/junit-jupiter-params/5.12.1/junit-jupiter-params-5.12.1.jar:/home/runner/.m2/repository/org/junit/jupiter/junit-jupiter-engine/5.12.1/junit-jupiter-engine-5.12.1.jar:/home/runner/.m2/repository/io/quarkus/quarkus-core/3.20.2/quarkus-core-3.20.2.jar:/home/runner/.m2/repository/jakarta/enterprise/jakarta.enterprise.cdi-api/4.1.0/jakarta.enterprise.cdi-api-4.1.0.jar:/home/runner/.m2/repository/jakarta/enterprise/jakarta.enterprise.lang-model/4.1.0/jakarta.enterprise.lang-model-4.1.0.jar:/home/runner/.m2/repository/jakarta/el/jakarta.el-api/5.0.1/jakarta.el-api-5.0.1.jar:/home/runner/.m2/repository/jakarta/interceptor/jakarta.interceptor-api/2.2.0/jakarta.interceptor-api-2.2.0.jar:/home/runner/.m2/repository/jakarta/inject/jakarta.inject-api/2.0.1/jakarta.inject-api-2.0.1.jar:/home/runner/.m2/repository/io/smallrye/common/smallrye-common-os/2.12.0/smallrye-common-os-2.12.0.jar:/home/runner/.m2/repository/io/quarkus/quarkus-ide-launcher/3.20.2/quarkus-ide-launcher-3.20.2.jar:/home/runner/.m2/repository/io/quarkus/quarkus-development-mode-spi/3.20.2/quarkus-development-mode-spi-3.20.2.jar:/home/runner/.m2/repository/org/jboss/logging/jboss-logging/3.6.1.Final/jboss-logging-3.6.1.Final.jar:/home/runner/.m2/repository/org/jboss/logmanager/jboss-logmanager/3.1.2.Final/jboss-logmanager-3.1.2.Final.jar:/home/runner/.m2/repository/io/smallrye/common/smallrye-common-constraint/2.12.0/smallrye-common-constraint-2.12.0.jar:/home/runner/.m2/repository/io/smallrye/common/smallrye-common-cpu/2.12.0/smallrye-common-cpu-2.12.0.jar:/home/runner/.m2/repository/io/smallrye/common/smallrye-common-expression/2.12.0/smallrye-common-expression-2.12.0.jar:/home/runner/.m2/repository/io/smallrye/common/smallrye-common-net/2.12.0/smallrye-common-net-2.12.0.jar:/home/runner/.m2/repository/io/smallrye/common/smallrye-common-ref/2.12.0/smallrye-common-ref-2.12.0.jar:/home/runner/.m2/repository/jakarta/json/jakarta.json-api/2.1.3/jakarta.json-api-2.1.3.jar:/home/runner/.m2/repository/org/eclipse/parsson/parsson/1.1.7/parsson-1.1.7.jar:/home/runner/.m2/repository/org/jboss/logging/jboss-logging-annotations/3.0.4.Final/jboss-logging-annotations-3.0.4.Final.jar:/home/runner/.m2/repository/org/jboss/threads/jboss-threads/3.8.0.Final/jboss-threads-3.8.0.Final.jar:/home/runner/.m2/repository/io/smallrye/common/smallrye-common-annotation/2.12.0/smallrye-common-annotation-2.12.0.jar:/home/runner/.m2/repository/io/smallrye/common/smallrye-common-function/2.12.0/smallrye-common-function-2.12.0.jar:/home/runner/.m2/repository/org/jboss/slf4j/slf4j-jboss-logmanager/2.0.0.Final/slf4j-jboss-logmanager-2.0.0.Final.jar:/home/runner/.m2/repository/org/wildfly/common/wildfly-common/2.0.1/wildfly-common-2.0.1.jar:/home/runner/.m2/repository/io/quarkus/quarkus-bootstrap-runner/3.20.2/quarkus-bootstrap-runner-3.20.2.jar:/home/runner/.m2/repository/io/github/crac/org-crac/0.1.3/org-crac-0.1.3.jar:/home/runner/.m2/repository/io/quarkus/quarkus-fs-util/0.0.10/quarkus-fs-util-0.0.10.jar:/home/runner/.m2/repository/org/jboss/marshalling/jboss-marshalling/2.2.2.Final/jboss-marshalling-2.2.2.Final.jar:/home/runner/.m2/repository/io/fabric8/kubernetes-client/7.1.0/kubernetes-client-7.1.0.jar:/home/runner/.m2/repository/io/fabric8/kubernetes-client-api/7.1.0/kubernetes-client-api-7.1.0.jar:/home/runner/.m2/repository/io/fabric8/kubernetes-model-core/7.1.0/kubernetes-model-core-7.1.0.jar:/home/runner/.m2/repository/io/fabric8/kubernetes-model-common/7.1.0/kubernetes-model-common-7.1.0.jar:/home/runner/.m2/repository/javax/annotation/javax.annotation-api/1.3.2/javax.annotation-api-1.3.2.jar:/home/runner/.m2/repository/io/fabric8/kubernetes-model-gatewayapi/7.1.0/kubernetes-model-gatewayapi-7.1.0.jar:/home/runner/.m2/repository/io/fabric8/kubernetes-model-resource/7.1.0/kubernetes-model-resource-7.1.0.jar:/home/runner/.m2/repository/io/fabric8/kubernetes-model-rbac/7.1.0/kubernetes-model-rbac-7.1.0.jar:/home/runner/.m2/repository/io/fabric8/kubernetes-model-admissionregistration/7.1.0/kubernetes-model-admissionregistration-7.1.0.jar:/home/runner/.m2/repository/io/fabric8/kubernetes-model-apps/7.1.0/kubernetes-model-apps-7.1.0.jar:/home/runner/.m2/repository/io/fabric8/kubernetes-model-autoscaling/7.1.0/kubernetes-model-autoscaling-7.1.0.jar:/home/runner/.m2/repository/io/fabric8/kubernetes-model-apiextensions/7.1.0/kubernetes-model-apiextensions-7.1.0.jar:/home/runner/.m2/repository/io/fabric8/kubernetes-model-batch/7.1.0/kubernetes-model-batch-7.1.0.jar:/home/runner/.m2/repository/io/fabric8/kubernetes-model-certificates/7.1.0/kubernetes-model-certificates-7.1.0.jar:/home/runner/.m2/repository/io/fabric8/kubernetes-model-coordination/7.1.0/kubernetes-model-coordination-7.1.0.jar:/home/runner/.m2/repository/io/fabric8/kubernetes-model-discovery/7.1.0/kubernetes-model-discovery-7.1.0.jar:/home/runner/.m2/repository/io/fabric8/kubernetes-model-events/7.1.0/kubernetes-model-events-7.1.0.jar:/home/runner/.m2/repository/io/fabric8/kubernetes-model-extensions/7.1.0/kubernetes-model-extensions-7.1.0.jar:/home/runner/.m2/repository/io/fabric8/kubernetes-model-flowcontrol/7.1.0/kubernetes-model-flowcontrol-7.1.0.jar:/home/runner/.m2/repository/io/fabric8/kubernetes-model-networking/7.1.0/kubernetes-model-networking-7.1.0.jar:/home/runner/.m2/repository/io/fabric8/kubernetes-model-metrics/7.1.0/kubernetes-model-metrics-7.1.0.jar:/home/runner/.m2/repository/io/fabric8/kubernetes-model-policy/7.1.0/kubernetes-model-policy-7.1.0.jar:/home/runner/.m2/repository/io/fabric8/kubernetes-model-scheduling/7.1.0/kubernetes-model-scheduling-7.1.0.jar:/home/runner/.m2/repository/io/fabric8/kubernetes-model-storageclass/7.1.0/kubernetes-model-storageclass-7.1.0.jar:/home/runner/.m2/repository/io/fabric8/kubernetes-model-node/7.1.0/kubernetes-model-node-7.1.0.jar:/home/runner/.m2/repository/org/snakeyaml/snakeyaml-engine/2.9/snakeyaml-engine-2.9.jar:/home/runner/.m2/repository/com/fasterxml/jackson/dataformat/jackson-dataformat-yaml/2.18.2/jackson-dataformat-yaml-2.18.2.jar:/home/runner/.m2/repository/com/fasterxml/jackson/datatype/jackson-datatype-jsr310/2.18.2/jackson-datatype-jsr310-2.18.2.jar:/home/runner/.m2/repository/io/fabric8/zjsonpatch/7.1.0/zjsonpatch-7.1.0.jar:/home/runner/.m2/repository/io/fabric8/kubernetes-httpclient-vertx/7.1.0/kubernetes-httpclient-vertx-7.1.0.jar:/home/runner/.m2/repository/io/vertx/vertx-web-client/4.5.16/vertx-web-client-4.5.16.jar:/home/runner/.m2/repository/io/vertx/vertx-web-common/4.5.16/vertx-web-common-4.5.16.jar:/home/runner/.m2/repository/io/vertx/vertx-auth-common/4.5.16/vertx-auth-common-4.5.16.jar:/home/runner/.m2/repository/io/vertx/vertx-uri-template/4.5.16/vertx-uri-template-4.5.16.jar:/home/runner/.m2/repository/io/fabric8/openshift-client/7.1.0/openshift-client-7.1.0.jar:/home/runner/.m2/repository/io/fabric8/openshift-client-api/7.1.0/openshift-client-api-7.1.0.jar:/home/runner/.m2/repository/io/fabric8/openshift-model/7.1.0/openshift-model-7.1.0.jar:/home/runner/.m2/repository/io/fabric8/openshift-model-autoscaling/7.1.0/openshift-model-autoscaling-7.1.0.jar:/home/runner/.m2/repository/io/fabric8/openshift-model-operator/7.1.0/openshift-model-operator-7.1.0.jar:/home/runner/.m2/repository/io/fabric8/openshift-model-operatorhub/7.1.0/openshift-model-operatorhub-7.1.0.jar:/home/runner/.m2/repository/io/fabric8/openshift-model-machine/7.1.0/openshift-model-machine-7.1.0.jar:/home/runner/.m2/repository/io/fabric8/openshift-model-whereabouts/7.1.0/openshift-model-whereabouts-7.1.0.jar:/home/runner/.m2/repository/io/fabric8/openshift-model-monitoring/7.1.0/openshift-model-monitoring-7.1.0.jar:/home/runner/.m2/repository/io/fabric8/openshift-model-storageversionmigrator/7.1.0/openshift-model-storageversionmigrator-7.1.0.jar:/home/runner/.m2/repository/io/fabric8/openshift-model-tuned/7.1.0/openshift-model-tuned-7.1.0.jar:/home/runner/.m2/repository/io/fabric8/openshift-model-console/7.1.0/openshift-model-console-7.1.0.jar:/home/runner/.m2/repository/io/fabric8/openshift-model-config/7.1.0/openshift-model-config-7.1.0.jar:/home/runner/.m2/repository/io/fabric8/openshift-model-machineconfiguration/7.1.0/openshift-model-machineconfiguration-7.1.0.jar:/home/runner/.m2/repository/io/fabric8/openshift-model-miscellaneous/7.1.0/openshift-model-miscellaneous-7.1.0.jar:/home/runner/.m2/repository/io/fabric8/openshift-model-hive/7.1.0/openshift-model-hive-7.1.0.jar:/home/runner/.m2/repository/io/fabric8/openshift-model-installer/7.1.0/openshift-model-installer-7.1.0.jar:/home/runner/.m2/repository/org/junit/platform/junit-platform-launcher/1.12.1/junit-platform-launcher-1.12.1.jar:/home/runner/.m2/repository/org/junit/platform/junit-platform-engine/1.12.1/junit-platform-engine-1.12.1.jar:/home/runner/.m2/repository/org/opentest4j/opentest4j/1.3.0/opentest4j-1.3.0.jar:/home/runner/.m2/repository/org/junit/platform/junit-platform-commons/1.12.1/junit-platform-commons-1.12.1.jar:/home/runner/.m2/repository/org/apiguardian/apiguardian-api/1.1.2/apiguardian-api-1.1.2.jar:/home/runner/.m2/repository/jakarta/ws/rs/jakarta.ws.rs-api/3.1.0/jakarta.ws.rs-api-3.1.0.jar:/home/runner/work/apicurio-testing/apicurio-testing/clusters/ci419/namespaces/inmemory/tests/integration/apicurio-registry/java-sdk/target/apicurio-registry-java-sdk-3.0.12-SNAPSHOT.jar:/home/runner/.m2/repository/com/microsoft/kiota/microsoft-kiota-abstractions/1.8.9/microsoft-kiota-abstractions-1.8.9.jar:/home/runner/.m2/repository/io/github/std-uritemplate/std-uritemplate/2.0.0/std-uritemplate-2.0.0.jar:/home/runner/.m2/repository/io/kiota/kiota-http-jdk/0.0.29/kiota-http-jdk-0.0.29.jar:/home/runner/.m2/repository/io/kiota/kiota-http-vertx/0.0.29/kiota-http-vertx-0.0.29.jar:/home/runner/.m2/repository/io/kiota/kiota-serialization-jackson/0.0.29/kiota-serialization-jackson-0.0.29.jar:/home/runner/.m2/repository/com/microsoft/kiota/microsoft-kiota-serialization-text/1.8.9/microsoft-kiota-serialization-text-1.8.9.jar:/home/runner/.m2/repository/com/microsoft/kiota/microsoft-kiota-serialization-form/1.8.9/microsoft-kiota-serialization-form-1.8.9.jar:/home/runner/.m2/repository/com/microsoft/kiota/microsoft-kiota-serialization-multipart/1.8.9/microsoft-kiota-serialization-multipart-1.8.9.jar:/home/runner/.m2/repository/jakarta/annotation/jakarta.annotation-api/3.0.0/jakarta.annotation-api-3.0.0.jar:/home/runner/.m2/repository/io/vertx/vertx-auth-oauth2/4.5.16/vertx-auth-oauth2-4.5.16.jar:/home/runner/work/apicurio-testing/apicurio-testing/clusters/ci419/namespaces/inmemory/tests/integration/apicurio-registry/java-sdk-v2/target/apicurio-registry-v2-java-sdk-3.0.12-SNAPSHOT.jar:/home/runner/work/apicurio-testing/apicurio-testing/clusters/ci419/namespaces/inmemory/tests/integration/apicurio-registry/utils/kafka/target/apicurio-registry-utils-kafka-3.0.12-SNAPSHOT-tests.jar:/home/runner/.m2/repository/org/eclipse/microprofile/config/microprofile-config-api/3.1/microprofile-config-api-3.1.jar:/home/runner/.m2/repository/org/apache/kafka/kafka-clients/3.9.1/kafka-clients-3.9.1.jar:/home/runner/.m2/repository/com/github/luben/zstd-jni/1.5.6-4/zstd-jni-1.5.6-4.jar:/home/runner/.m2/repository/org/lz4/lz4-java/1.8.0/lz4-java-1.8.0.jar:/home/runner/.m2/repository/org/xerial/snappy/snappy-java/1.1.10.5/snappy-java-1.1.10.5.jar:/home/runner/.m2/repository/org/slf4j/slf4j-api/2.0.6/slf4j-api-2.0.6.jar:/home/runner/work/apicurio-testing/apicurio-testing/clusters/ci419/namespaces/inmemory/tests/integration/apicurio-registry/utils/tests/target/apicurio-registry-utils-tests-3.0.12-SNAPSHOT.jar:/home/runner/work/apicurio-testing/apicurio-testing/clusters/ci419/namespaces/inmemory/tests/integration/apicurio-registry/common/target/apicurio-registry-common-3.0.12-SNAPSHOT.jar:/home/runner/.m2/repository/jakarta/validation/jakarta.validation-api/3.0.2/jakarta.validation-api-3.0.2.jar:/home/runner/.m2/repository/com/github/dasniko/testcontainers-keycloak/3.8.0/testcontainers-keycloak-3.8.0.jar:/home/runner/.m2/repository/org/testcontainers/testcontainers/1.20.6/testcontainers-1.20.6.jar:/home/runner/.m2/repository/org/rnorth/duct-tape/duct-tape/1.0.8/duct-tape-1.0.8.jar:/home/runner/.m2/repository/com/github/docker-java/docker-java-transport-zerodep/3.4.1/docker-java-transport-zerodep-3.4.1.jar:/home/runner/.m2/repository/com/github/docker-java/docker-java-transport/3.4.1/docker-java-transport-3.4.1.jar:/home/runner/.m2/repository/net/java/dev/jna/jna/5.8.0/jna-5.8.0.jar:/home/runner/.m2/repository/io/quarkus/quarkus-junit4-mock/3.20.2/quarkus-junit4-mock-3.20.2.jar:/home/runner/.m2/repository/org/jboss/shrinkwrap/shrinkwrap-api/2.0.0-beta-2/shrinkwrap-api-2.0.0-beta-2.jar:/home/runner/.m2/repository/org/jboss/shrinkwrap/shrinkwrap-impl-base/2.0.0-beta-2/shrinkwrap-impl-base-2.0.0-beta-2.jar:/home/runner/.m2/repository/org/jboss/shrinkwrap/shrinkwrap-spi/2.0.0-beta-2/shrinkwrap-spi-2.0.0-beta-2.jar:/home/runner/.m2/repository/org/keycloak/keycloak-admin-client/26.0.4/keycloak-admin-client-26.0.4.jar:/home/runner/.m2/repository/org/keycloak/keycloak-client-common-synced/26.0.4/keycloak-client-common-synced-26.0.4.jar:/home/runner/.m2/repository/jakarta/activation/jakarta.activation-api/2.1.3/jakarta.activation-api-2.1.3.jar:/home/runner/.m2/repository/org/eclipse/microprofile/openapi/microprofile-openapi-api/4.0.2/microprofile-openapi-api-4.0.2.jar:/home/runner/.m2/repository/org/jboss/resteasy/resteasy-client/6.2.12.Final/resteasy-client-6.2.12.Final.jar:/home/runner/.m2/repository/org/jboss/resteasy/resteasy-client-api/6.2.12.Final/resteasy-client-api-6.2.12.Final.jar:/home/runner/.m2/repository/org/jboss/resteasy/resteasy-core-spi/6.2.12.Final/resteasy-core-spi-6.2.12.Final.jar:/home/runner/.m2/repository/org/jboss/resteasy/resteasy-core/6.2.12.Final/resteasy-core-6.2.12.Final.jar:/home/runner/.m2/repository/org/eclipse/angus/angus-activation/2.0.2/angus-activation-2.0.2.jar:/home/runner/.m2/repository/com/ibm/async/asyncutil/0.1.0/asyncutil-0.1.0.jar:/home/runner/.m2/repository/org/reactivestreams/reactive-streams/1.0.4/reactive-streams-1.0.4.jar:/home/runner/.m2/repository/org/jboss/resteasy/resteasy-multipart-provider/6.2.12.Final/resteasy-multipart-provider-6.2.12.Final.jar:/home/runner/.m2/repository/jakarta/mail/jakarta.mail-api/2.1.3/jakarta.mail-api-2.1.3.jar:/home/runner/.m2/repository/org/eclipse/angus/angus-mail/2.0.3/angus-mail-2.0.3.jar:/home/runner/.m2/repository/org/apache/james/apache-mime4j-dom/0.8.12/apache-mime4j-dom-0.8.12.jar:/home/runner/.m2/repository/org/apache/james/apache-mime4j-core/0.8.12/apache-mime4j-core-0.8.12.jar:/home/runner/.m2/repository/org/apache/james/apache-mime4j-storage/0.8.12/apache-mime4j-storage-0.8.12.jar:/home/runner/.m2/repository/org/jboss/resteasy/resteasy-jackson2-provider/6.2.12.Final/resteasy-jackson2-provider-6.2.12.Final.jar:/home/runner/.m2/repository/com/fasterxml/jackson/jakarta/rs/jackson-jakarta-rs-base/2.18.2/jackson-jakarta-rs-base-2.18.2.jar:/home/runner/.m2/repository/com/fasterxml/jackson/jakarta/rs/jackson-jakarta-rs-json-provider/2.18.2/jackson-jakarta-rs-json-provider-2.18.2.jar:/home/runner/.m2/repository/com/fasterxml/jackson/module/jackson-module-jakarta-xmlbind-annotations/2.18.2/jackson-module-jakarta-xmlbind-annotations-2.18.2.jar:/home/runner/.m2/repository/com/github/java-json-tools/json-patch/1.13/json-patch-1.13.jar:/home/runner/.m2/repository/com/github/java-json-tools/msg-simple/1.2/msg-simple-1.2.jar:/home/runner/.m2/repository/com/github/java-json-tools/btf/1.3/btf-1.3.jar:/home/runner/.m2/repository/com/github/java-json-tools/jackson-coreutils/2.0/jackson-coreutils-2.0.jar:/home/runner/.m2/repository/org/jboss/resteasy/resteasy-jaxb-provider/6.2.12.Final/resteasy-jaxb-provider-6.2.12.Final.jar:/home/runner/.m2/repository/org/glassfish/jaxb/codemodel/4.0.5/codemodel-4.0.5.jar:/home/runner/.m2/repository/org/glassfish/jaxb/jaxb-core/4.0.5/jaxb-core-4.0.5.jar:/home/runner/.m2/repository/org/glassfish/jaxb/jaxb-jxc/4.0.5/jaxb-jxc-4.0.5.jar:/home/runner/.m2/repository/org/glassfish/jaxb/jaxb-runtime/4.0.5/jaxb-runtime-4.0.5.jar:/home/runner/.m2/repository/org/glassfish/jaxb/txw2/4.0.5/txw2-4.0.5.jar:/home/runner/.m2/repository/org/glassfish/jaxb/jaxb-xjc/4.0.5/jaxb-xjc-4.0.5.jar:/home/runner/.m2/repository/org/glassfish/jaxb/xsom/4.0.5/xsom-4.0.5.jar:/home/runner/.m2/repository/com/sun/istack/istack-commons-runtime/4.1.2/istack-commons-runtime-4.1.2.jar:/home/runner/.m2/repository/com/sun/istack/istack-commons-tools/4.1.2/istack-commons-tools-4.1.2.jar:/home/runner/.m2/repository/com/sun/xml/bind/external/relaxng-datatype/4.0.5/relaxng-datatype-4.0.5.jar:/home/runner/.m2/repository/com/sun/xml/bind/external/rngom/4.0.5/rngom-4.0.5.jar:/home/runner/.m2/repository/org/testcontainers/mssqlserver/1.20.6/mssqlserver-1.20.6.jar:/home/runner/.m2/repository/org/testcontainers/jdbc/1.20.6/jdbc-1.20.6.jar:/home/runner/.m2/repository/org/testcontainers/database-commons/1.20.6/database-commons-1.20.6.jar:/home/runner/.m2/repository/org/testcontainers/mysql/1.20.6/mysql-1.20.6.jar:/home/runner/.m2/repository/io/strimzi/strimzi-test-container/0.111.0/strimzi-test-container-0.111.0.jar:/home/runner/.m2/repository/org/testcontainers/toxiproxy/1.20.6/toxiproxy-1.20.6.jar:/home/runner/.m2/repository/com/github/docker-java/docker-java-api/3.4.1/docker-java-api-3.4.1.jar:/home/runner/.m2/repository/org/apache/logging/log4j/log4j-slf4j-impl/2.19.0/log4j-slf4j-impl-2.19.0.jar:/home/runner/.m2/repository/org/apache/logging/log4j/log4j-api/2.24.3/log4j-api-2.24.3.jar:/home/runner/.m2/repository/org/apache/logging/log4j/log4j-core/2.19.0/log4j-core-2.19.0.jar:/home/runner/.m2/repository/eu/rekawek/toxiproxy/toxiproxy-java/2.1.7/toxiproxy-java-2.1.7.jar:/home/runner/.m2/repository/org/testcontainers/pulsar/1.21.3/pulsar-1.21.3.jar:/home/runner/.m2/repository/io/debezium/debezium-testing-testcontainers/2.7.4.Final/debezium-testing-testcontainers-2.7.4.Final.jar:/home/runner/.m2/repository/org/testcontainers/kafka/1.20.6/kafka-1.20.6.jar:/home/runner/.m2/repository/com/squareup/okhttp3/okhttp/4.8.1/okhttp-4.8.1.jar:/home/runner/.m2/repository/com/squareup/okio/okio/3.10.2/okio-3.10.2.jar:/home/runner/.m2/repository/com/squareup/okio/okio-jvm/3.10.2/okio-jvm-3.10.2.jar:/home/runner/.m2/repository/org/jetbrains/kotlin/kotlin-stdlib/2.0.21/kotlin-stdlib-2.0.21.jar:/home/runner/.m2/repository/org/awaitility/awaitility/4.3.0/awaitility-4.3.0.jar:/home/runner/.m2/repository/org/testcontainers/mongodb/1.20.6/mongodb-1.20.6.jar:/home/runner/.m2/repository/org/testcontainers/mariadb/1.20.6/mariadb-1.20.6.jar:/home/runner/.m2/repository/org/testcontainers/oracle-xe/1.20.6/oracle-xe-1.20.6.jar:/home/runner/.m2/repository/org/testcontainers/postgresql/1.20.6/postgresql-1.20.6.jar:/home/runner/.m2/repository/org/wiremock/wiremock/3.0.1/wiremock-3.0.1.jar:/home/runner/.m2/repository/org/eclipse/jetty/jetty-server/11.0.15/jetty-server-11.0.15.jar:/home/runner/.m2/repository/org/eclipse/jetty/toolchain/jetty-jakarta-servlet-api/5.0.2/jetty-jakarta-servlet-api-5.0.2.jar:/home/runner/.m2/repository/org/eclipse/jetty/jetty-http/11.0.15/jetty-http-11.0.15.jar:/home/runner/.m2/repository/org/eclipse/jetty/jetty-io/11.0.15/jetty-io-11.0.15.jar:/home/runner/.m2/repository/org/eclipse/jetty/jetty-servlet/11.0.15/jetty-servlet-11.0.15.jar:/home/runner/.m2/repository/org/eclipse/jetty/jetty-security/11.0.15/jetty-security-11.0.15.jar:/home/runner/.m2/repository/org/eclipse/jetty/jetty-servlets/11.0.15/jetty-servlets-11.0.15.jar:/home/runner/.m2/repository/org/eclipse/jetty/jetty-util/11.0.15/jetty-util-11.0.15.jar:/home/runner/.m2/repository/org/eclipse/jetty/jetty-webapp/11.0.15/jetty-webapp-11.0.15.jar:/home/runner/.m2/repository/org/eclipse/jetty/jetty-xml/11.0.15/jetty-xml-11.0.15.jar:/home/runner/.m2/repository/org/eclipse/jetty/jetty-proxy/11.0.15/jetty-proxy-11.0.15.jar:/home/runner/.m2/repository/org/eclipse/jetty/jetty-client/11.0.15/jetty-client-11.0.15.jar:/home/runner/.m2/repository/org/eclipse/jetty/http2/http2-server/11.0.15/http2-server-11.0.15.jar:/home/runner/.m2/repository/org/eclipse/jetty/http2/http2-common/11.0.15/http2-common-11.0.15.jar:/home/runner/.m2/repository/org/eclipse/jetty/http2/http2-hpack/11.0.15/http2-hpack-11.0.15.jar:/home/runner/.m2/repository/org/eclipse/jetty/jetty-alpn-server/11.0.15/jetty-alpn-server-11.0.15.jar:/home/runner/.m2/repository/org/eclipse/jetty/jetty-alpn-java-server/11.0.15/jetty-alpn-java-server-11.0.15.jar:/home/runner/.m2/repository/org/eclipse/jetty/jetty-alpn-java-client/11.0.15/jetty-alpn-java-client-11.0.15.jar:/home/runner/.m2/repository/org/eclipse/jetty/jetty-alpn-client/11.0.15/jetty-alpn-client-11.0.15.jar:/home/runner/.m2/repository/org/apache/httpcomponents/client5/httpclient5/5.2.1/httpclient5-5.2.1.jar:/home/runner/.m2/repository/org/apache/httpcomponents/core5/httpcore5/5.2/httpcore5-5.2.jar:/home/runner/.m2/repository/org/apache/httpcomponents/core5/httpcore5-h2/5.2/httpcore5-h2-5.2.jar:/home/runner/.m2/repository/org/xmlunit/xmlunit-core/2.9.1/xmlunit-core-2.9.1.jar:/home/runner/.m2/repository/jakarta/xml/bind/jakarta.xml.bind-api/4.0.2/jakarta.xml.bind-api-4.0.2.jar:/home/runner/.m2/repository/org/xmlunit/xmlunit-legacy/2.9.1/xmlunit-legacy-2.9.1.jar:/home/runner/.m2/repository/org/xmlunit/xmlunit-placeholders/2.9.1/xmlunit-placeholders-2.9.1.jar:/home/runner/.m2/repository/net/javacrumbs/json-unit/json-unit-core/2.38.0/json-unit-core-2.38.0.jar:/home/runner/.m2/repository/org/hamcrest/hamcrest-core/2.2/hamcrest-core-2.2.jar:/home/runner/.m2/repository/com/jayway/jsonpath/json-path/2.8.0/json-path-2.8.0.jar:/home/runner/.m2/repository/net/minidev/json-smart/2.4.10/json-smart-2.4.10.jar:/home/runner/.m2/repository/net/minidev/accessors-smart/2.4.9/accessors-smart-2.4.9.jar:/home/runner/.m2/repository/org/ow2/asm/asm/9.7.1/asm-9.7.1.jar:/home/runner/.m2/repository/net/sf/jopt-simple/jopt-simple/5.0.4/jopt-simple-5.0.4.jar:/home/runner/.m2/repository/com/github/jknack/handlebars/4.3.1/handlebars-4.3.1.jar:/home/runner/.m2/repository/com/github/jknack/handlebars-helpers/4.3.1/handlebars-helpers-4.3.1.jar:/home/runner/.m2/repository/commons-fileupload/commons-fileupload/1.5/commons-fileupload-1.5.jar:/home/runner/.m2/repository/com/networknt/json-schema-validator/1.5.8/json-schema-validator-1.5.8.jar:/home/runner/.m2/repository/com/ethlo/time/itu/1.10.3/itu-1.10.3.jar:/home/runner/.m2/repository/io/quarkus/quarkus-smallrye-jwt-build/3.20.2/quarkus-smallrye-jwt-build-3.20.2.jar:/home/runner/.m2/repository/io/smallrye/smallrye-jwt-build/4.6.2/smallrye-jwt-build-4.6.2.jar:/home/runner/.m2/repository/org/eclipse/microprofile/jwt/microprofile-jwt-auth-api/2.1/microprofile-jwt-auth-api-2.1.jar:/home/runner/.m2/repository/org/bitbucket/b_c/jose4j/0.9.6/jose4j-0.9.6.jar:/home/runner/.m2/repository/io/smallrye/smallrye-jwt-common/4.6.2/smallrye-jwt-common-4.6.2.jar:/home/runner/.m2/repository/io/quarkus/quarkus-jsonp/3.20.2/quarkus-jsonp-3.20.2.jar:/home/runner/.m2/repository/io/quarkus/quarkus-arc/3.20.2/quarkus-arc-3.20.2.jar:/home/runner/.m2/repository/io/quarkus/arc/arc/3.20.2/arc-3.20.2.jar:/home/runner/.m2/repository/jakarta/transaction/jakarta.transaction-api/2.0.1/jakarta.transaction-api-2.0.1.jar:/home/runner/.m2/repository/io/smallrye/reactive/mutiny/2.9.2/mutiny-2.9.2.jar:/home/runner/.m2/repository/org/jctools/jctools-core/4.0.5/jctools-core-4.0.5.jar:/home/runner/.m2/repository/org/eclipse/microprofile/context-propagation/microprofile-context-propagation-api/1.3/microprofile-context-propagation-api-1.3.jar:/home/runner/.m2/repository/io/apicurio/apicurio-common-rest-client-common/0.1.18.Final/apicurio-common-rest-client-common-0.1.18.Final.jar:/home/runner/work/apicurio-testing/apicurio-testing/clusters/ci419/namespaces/inmemory/tests/integration/apicurio-registry/utils/maven-plugin/target/apicurio-registry-maven-plugin-3.0.12-SNAPSHOT.jar:/home/runner/.m2/repository/com/fasterxml/jackson/core/jackson-databind/2.18.2/jackson-databind-2.18.2.jar:/home/runner/.m2/repository/org/apache/avro/avro/1.12.0/avro-1.12.0.jar:/home/runner/.m2/repository/com/google/protobuf/protobuf-java/4.31.1/protobuf-java-4.31.1.jar:/home/runner/.m2/repository/com/google/protobuf/protobuf-java-util/4.31.1/protobuf-java-util-4.31.1.jar:/home/runner/.m2/repository/com/google/code/findbugs/jsr305/3.0.2/jsr305-3.0.2.jar:/home/runner/.m2/repository/com/google/code/gson/gson/2.12.1/gson-2.12.1.jar:/home/runner/.m2/repository/com/google/errorprone/error_prone_annotations/2.36.0/error_prone_annotations-2.36.0.jar:/home/runner/.m2/repository/com/google/j2objc/j2objc-annotations/2.8/j2objc-annotations-2.8.jar:/home/runner/work/apicurio-testing/apicurio-testing/clusters/ci419/namespaces/inmemory/tests/integration/apicurio-registry/schema-util/util-provider/target/apicurio-registry-schema-util-provider-3.0.12-SNAPSHOT.jar:/home/runner/work/apicurio-testing/apicurio-testing/clusters/ci419/namespaces/inmemory/tests/integration/apicurio-registry/schema-util/common/target/apicurio-registry-schema-util-common-3.0.12-SNAPSHOT.jar:/home/runner/.m2/repository/com/fasterxml/jackson/module/jackson-module-parameter-names/2.18.2/jackson-module-parameter-names-2.18.2.jar:/home/runner/.m2/repository/com/fasterxml/jackson/datatype/jackson-datatype-json-org/2.18.2/jackson-datatype-json-org-2.18.2.jar:/home/runner/work/apicurio-testing/apicurio-testing/clusters/ci419/namespaces/inmemory/tests/integration/apicurio-registry/schema-util/json/target/apicurio-registry-schema-util-json-3.0.12-SNAPSHOT.jar:/home/runner/.m2/repository/com/github/erosb/everit-json-schema/1.14.5/everit-json-schema-1.14.5.jar:/home/runner/.m2/repository/commons-validator/commons-validator/1.9.0/commons-validator-1.9.0.jar:/home/runner/.m2/repository/commons-digester/commons-digester/2.1/commons-digester-2.1.jar:/home/runner/.m2/repository/commons-collections/commons-collections/3.2.2/commons-collections-3.2.2.jar:/home/runner/.m2/repository/com/damnhandy/handy-uri-templates/2.1.8/handy-uri-templates-2.1.8.jar:/home/runner/.m2/repository/joda-time/joda-time/2.10.2/joda-time-2.10.2.jar:/home/runner/.m2/repository/com/github/erosb/json-sKema/0.20.0/json-sKema-0.20.0.jar:/home/runner/.m2/repository/io/vertx/vertx-json-schema/4.5.16/vertx-json-schema-4.5.16.jar:/home/runner/work/apicurio-testing/apicurio-testing/clusters/ci419/namespaces/inmemory/tests/integration/apicurio-registry/schema-util/protobuf/target/apicurio-registry-schema-util-protobuf-3.0.12-SNAPSHOT.jar:/home/runner/work/apicurio-testing/apicurio-testing/clusters/ci419/namespaces/inmemory/tests/integration/apicurio-registry/utils/protobuf-schema-utilities/target/apicurio-registry-protobuf-schema-utilities-3.0.12-SNAPSHOT.jar:/home/runner/.m2/repository/com/google/api/grpc/proto-google-common-protos/2.52.0/proto-google-common-protos-2.52.0.jar:/home/runner/.m2/repository/com/squareup/wire/wire-schema-jvm/5.3.3/wire-schema-jvm-5.3.3.jar:/home/runner/.m2/repository/com/palantir/javapoet/javapoet/0.6.0/javapoet-0.6.0.jar:/home/runner/.m2/repository/com/squareup/kotlinpoet-jvm/2.0.0/kotlinpoet-jvm-2.0.0.jar:/home/runner/.m2/repository/org/jetbrains/kotlin/kotlin-reflect/2.0.21/kotlin-reflect-2.0.21.jar:/home/runner/.m2/repository/com/squareup/wire/wire-runtime-jvm/5.3.3/wire-runtime-jvm-5.3.3.jar:/home/runner/.m2/repository/com/ibm/icu/icu4j/76.1/icu4j-76.1.jar:/home/runner/.m2/repository/com/squareup/okio/okio-fakefilesystem/3.10.2/okio-fakefilesystem-3.10.2.jar:/home/runner/.m2/repository/com/squareup/okio/okio-fakefilesystem-jvm/3.10.2/okio-fakefilesystem-jvm-3.10.2.jar:/home/runner/.m2/repository/org/jetbrains/kotlinx/kotlinx-datetime-jvm/0.6.1/kotlinx-datetime-jvm-0.6.1.jar:/home/runner/work/apicurio-testing/apicurio-testing/clusters/ci419/namespaces/inmemory/tests/integration/apicurio-registry/schema-util/asyncapi/target/apicurio-registry-schema-util-asyncapi-3.0.12-SNAPSHOT.jar:/home/runner/work/apicurio-testing/apicurio-testing/clusters/ci419/namespaces/inmemory/tests/integration/apicurio-registry/schema-util/avro/target/apicurio-registry-schema-util-avro-3.0.12-SNAPSHOT.jar:/home/runner/work/apicurio-testing/apicurio-testing/clusters/ci419/namespaces/inmemory/tests/integration/apicurio-registry/schema-util/graphql/target/apicurio-registry-schema-util-graphql-3.0.12-SNAPSHOT.jar:/home/runner/.m2/repository/com/graphql-java/graphql-java/22.4/graphql-java-22.4.jar:/home/runner/.m2/repository/com/graphql-java/java-dataloader/3.3.0/java-dataloader-3.3.0.jar:/home/runner/work/apicurio-testing/apicurio-testing/clusters/ci419/namespaces/inmemory/tests/integration/apicurio-registry/schema-util/kconnect/target/apicurio-registry-schema-util-kconnect-3.0.12-SNAPSHOT.jar:/home/runner/work/apicurio-testing/apicurio-testing/clusters/ci419/namespaces/inmemory/tests/integration/apicurio-registry/schema-util/openapi/target/apicurio-registry-schema-util-openapi-3.0.12-SNAPSHOT.jar:/home/runner/.m2/repository/io/apicurio/apicurio-data-models/2.2.2/apicurio-data-models-2.2.2.jar:/home/runner/.m2/repository/org/openapitools/openapidiff/openapi-diff-core/2.1.2/openapi-diff-core-2.1.2.jar:/home/runner/.m2/repository/io/swagger/parser/v3/swagger-parser/2.1.28/swagger-parser-2.1.28.jar:/home/runner/.m2/repository/io/swagger/parser/v3/swagger-parser-v2-converter/2.1.28/swagger-parser-v2-converter-2.1.28.jar:/home/runner/.m2/repository/io/swagger/swagger-core/1.6.16/swagger-core-1.6.16.jar:/home/runner/.m2/repository/io/swagger/swagger-models/1.6.16/swagger-models-1.6.16.jar:/home/runner/.m2/repository/io/swagger/swagger-annotations/1.6.16/swagger-annotations-1.6.16.jar:/home/runner/.m2/repository/io/swagger/swagger-parser/1.0.75/swagger-parser-1.0.75.jar:/home/runner/.m2/repository/io/swagger/swagger-parser-safe-url-resolver/1.0.75/swagger-parser-safe-url-resolver-1.0.75.jar:/home/runner/.m2/repository/io/swagger/swagger-compat-spec-parser/1.0.75/swagger-compat-spec-parser-1.0.75.jar:/home/runner/.m2/repository/com/github/java-json-tools/json-schema-validator/2.2.14/json-schema-validator-2.2.14.jar:/home/runner/.m2/repository/com/github/java-json-tools/jackson-coreutils-equivalence/1.0/jackson-coreutils-equivalence-1.0.jar:/home/runner/.m2/repository/com/github/java-json-tools/json-schema-core/1.2.14/json-schema-core-1.2.14.jar:/home/runner/.m2/repository/com/github/java-json-tools/uri-template/0.10/uri-template-0.10.jar:/home/runner/.m2/repository/com/googlecode/libphonenumber/libphonenumber/8.11.1/libphonenumber-8.11.1.jar:/home/runner/.m2/repository/com/j2html/j2html/1.6.0/j2html-1.6.0.jar:/home/runner/.m2/repository/org/apache/commons/commons-collections4/4.5.0/commons-collections4-4.5.0.jar:/home/runner/.m2/repository/org/slf4j/jcl-over-slf4j/2.0.17/jcl-over-slf4j-2.0.17.jar:/home/runner/.m2/repository/io/swagger/parser/v3/swagger-parser-v3/2.1.31/swagger-parser-v3-2.1.31.jar:/home/runner/.m2/repository/io/swagger/core/v3/swagger-models/2.2.34/swagger-models-2.2.34.jar:/home/runner/.m2/repository/io/swagger/core/v3/swagger-core/2.2.34/swagger-core-2.2.34.jar:/home/runner/.m2/repository/io/swagger/parser/v3/swagger-parser-core/2.1.31/swagger-parser-core-2.1.31.jar:/home/runner/.m2/repository/io/swagger/parser/v3/swagger-parser-safe-url-resolver/2.1.31/swagger-parser-safe-url-resolver-2.1.31.jar:/home/runner/work/apicurio-testing/apicurio-testing/clusters/ci419/namespaces/inmemory/tests/integration/apicurio-registry/schema-util/wsdl/target/apicurio-registry-schema-util-wsdl-3.0.12-SNAPSHOT.jar:/home/runner/.m2/repository/wsdl4j/wsdl4j/1.6.3/wsdl4j-1.6.3.jar:/home/runner/work/apicurio-testing/apicurio-testing/clusters/ci419/namespaces/inmemory/tests/integration/apicurio-registry/schema-util/xml/target/apicurio-registry-schema-util-xml-3.0.12-SNAPSHOT.jar:/home/runner/.m2/repository/org/apache/santuario/xmlsec/4.0.4/xmlsec-4.0.4.jar:/home/runner/.m2/repository/com/fasterxml/woodstox/woodstox-core/7.1.1/woodstox-core-7.1.1.jar:/home/runner/.m2/repository/org/codehaus/woodstox/stax2-api/4.2.2/stax2-api-4.2.2.jar:/home/runner/work/apicurio-testing/apicurio-testing/clusters/ci419/namespaces/inmemory/tests/integration/apicurio-registry/schema-util/xsd/target/apicurio-registry-schema-util-xsd-3.0.12-SNAPSHOT.jar:/home/runner/work/apicurio-testing/apicurio-testing/clusters/ci419/namespaces/inmemory/tests/integration/apicurio-registry/serdes/kafka/jsonschema-serde/target/apicurio-registry-jsonschema-serde-kafka-3.0.12-SNAPSHOT.jar:/home/runner/work/apicurio-testing/apicurio-testing/clusters/ci419/namespaces/inmemory/tests/integration/apicurio-registry/serdes/kafka/serde-kafka-common/target/apicurio-registry-serde-kafka-common-3.0.12-SNAPSHOT.jar:/home/runner/work/apicurio-testing/apicurio-testing/clusters/ci419/namespaces/inmemory/tests/integration/apicurio-registry/serdes/generic/serde-common/target/apicurio-registry-serde-common-3.0.12-SNAPSHOT.jar:/home/runner/work/apicurio-testing/apicurio-testing/clusters/ci419/namespaces/inmemory/tests/integration/apicurio-registry/serdes/generic/serde-common-jsonschema/target/apicurio-registry-serde-common-jsonschema-3.0.12-SNAPSHOT.jar:/home/runner/.m2/repository/org/json/json/20250107/json-20250107.jar:/home/runner/work/apicurio-testing/apicurio-testing/clusters/ci419/namespaces/inmemory/tests/integration/apicurio-registry/serdes/kafka/avro-serde/target/apicurio-registry-avro-serde-kafka-3.0.12-SNAPSHOT.jar:/home/runner/work/apicurio-testing/apicurio-testing/clusters/ci419/namespaces/inmemory/tests/integration/apicurio-registry/serdes/generic/serde-common-avro/target/apicurio-registry-serde-common-avro-3.0.12-SNAPSHOT.jar:/home/runner/work/apicurio-testing/apicurio-testing/clusters/ci419/namespaces/inmemory/tests/integration/apicurio-registry/serdes/kafka/protobuf-serde/target/apicurio-registry-protobuf-serde-kafka-3.0.12-SNAPSHOT.jar:/home/runner/work/apicurio-testing/apicurio-testing/clusters/ci419/namespaces/inmemory/tests/integration/apicurio-registry/serdes/generic/serde-common-protobuf/target/apicurio-registry-serde-common-protobuf-3.0.12-SNAPSHOT.jar:/home/runner/.m2/repository/com/squareup/wire/wire-schema/5.3.3/wire-schema-5.3.3.jar:/home/runner/.m2/repository/com/squareup/wire/wire-runtime/5.3.3/wire-runtime-5.3.3.jar:/home/runner/work/apicurio-testing/apicurio-testing/clusters/ci419/namespaces/inmemory/tests/integration/apicurio-registry/serdes/pulsar/avro-serde/target/apicurio-registry-avro-serde-pulsar-3.0.12-SNAPSHOT.jar:/home/runner/.m2/repository/org/apache/pulsar/pulsar-functions-api/3.3.8/pulsar-functions-api-3.3.8.jar:/home/runner/work/apicurio-testing/apicurio-testing/clusters/ci419/namespaces/inmemory/tests/integration/apicurio-registry/serdes/nats/avro-serde/target/apicurio-registry-avro-serde-nats-3.0.12-SNAPSHOT.jar:/home/runner/.m2/repository/io/nats/jnats/2.21.4/jnats-2.21.4.jar:/home/runner/.m2/repository/org/bouncycastle/bcprov-lts8on/2.73.7/bcprov-lts8on-2.73.7.jar:/home/runner/.m2/repository/org/jetbrains/annotations/26.0.2/annotations-26.0.2.jar:/home/runner/work/apicurio-testing/apicurio-testing/clusters/ci419/namespaces/inmemory/tests/integration/apicurio-registry/utils/converter/target/apicurio-registry-utils-converter-3.0.12-SNAPSHOT.jar:/home/runner/work/apicurio-testing/apicurio-testing/clusters/ci419/namespaces/inmemory/tests/integration/apicurio-registry/schema-resolver/target/apicurio-registry-schema-resolver-3.0.12-SNAPSHOT.jar:/home/runner/.m2/repository/org/apache/kafka/connect-api/3.9.1/connect-api-3.9.1.jar:/home/runner/.m2/repository/javax/ws/rs/javax.ws.rs-api/2.1.1/javax.ws.rs-api-2.1.1.jar:/home/runner/.m2/repository/org/apache/kafka/connect-json/3.9.1/connect-json-3.9.1.jar:/home/runner/.m2/repository/com/fasterxml/jackson/datatype/jackson-datatype-jdk8/2.18.2/jackson-datatype-jdk8-2.18.2.jar:/home/runner/.m2/repository/com/fasterxml/jackson/module/jackson-module-afterburner/2.18.2/jackson-module-afterburner-2.18.2.jar:/home/runner/work/apicurio-testing/apicurio-testing/clusters/ci419/namespaces/inmemory/tests/integration/apicurio-registry/utils/kafka/target/apicurio-registry-utils-kafka-3.0.12-SNAPSHOT.jar:/home/runner/.m2/repository/org/apache/pulsar/pulsar-client/3.3.8/pulsar-client-3.3.8.jar:/home/runner/.m2/repository/org/apache/pulsar/pulsar-client-api/3.3.8/pulsar-client-api-3.3.8.jar:/home/runner/.m2/repository/org/apache/pulsar/pulsar-client-admin-api/3.3.8/pulsar-client-admin-api-3.3.8.jar:/home/runner/.m2/repository/org/apache/pulsar/bouncy-castle-bc/3.3.8/bouncy-castle-bc-3.3.8-pkg.jar:/home/runner/.m2/repository/org/bouncycastle/bcpkix-jdk18on/1.81/bcpkix-jdk18on-1.81.jar:/home/runner/.m2/repository/org/bouncycastle/bcutil-jdk18on/1.81/bcutil-jdk18on-1.81.jar:/home/runner/.m2/repository/org/bouncycastle/bcprov-jdk18on/1.81/bcprov-jdk18on-1.81.jar:/home/runner/.m2/repository/io/opentelemetry/opentelemetry-api/1.44.1/opentelemetry-api-1.44.1.jar:/home/runner/.m2/repository/io/opentelemetry/opentelemetry-context/1.44.1/opentelemetry-context-1.44.1.jar:/home/runner/.m2/repository/io/opentelemetry/opentelemetry-api-incubator/1.44.1-alpha/opentelemetry-api-incubator-1.44.1-alpha.jar:/home/runner/.m2/repository/com/fasterxml/jackson/core/jackson-annotations/2.18.2/jackson-annotations-2.18.2.jar:/home/runner/.m2/repository/javax/validation/validation-api/1.1.0.Final/validation-api-1.1.0.Final.jar:/home/runner/.m2/repository/org/jspecify/jspecify/1.0.0/jspecify-1.0.0.jar:/home/runner/.m2/repository/org/apache/commons/commons-configuration2/2.12.0/commons-configuration2-2.12.0.jar:/home/runner/.m2/repository/commons-logging/commons-logging/1.3.5/commons-logging-1.3.5.jar:/home/runner/.m2/repository/org/apache/commons/commons-text/1.13.0/commons-text-1.13.0.jar:/home/runner/.m2/repository/io/confluent/kafka-avro-serializer/8.0.0/kafka-avro-serializer-8.0.0.jar:/home/runner/.m2/repository/org/apache/commons/commons-compress/1.27.1/commons-compress-1.27.1.jar:/home/runner/.m2/repository/io/confluent/kafka-schema-serializer/8.0.0/kafka-schema-serializer-8.0.0.jar:/home/runner/.m2/repository/com/fasterxml/jackson/dataformat/jackson-dataformat-csv/2.18.2/jackson-dataformat-csv-2.18.2.jar:/home/runner/.m2/repository/io/confluent/kafka-schema-registry-client/8.0.0/kafka-schema-registry-client-8.0.0.jar:/home/runner/.m2/repository/org/yaml/snakeyaml/2.3/snakeyaml-2.3.jar:/home/runner/.m2/repository/io/swagger/core/v3/swagger-annotations/2.2.29/swagger-annotations-2.2.29.jar:/home/runner/.m2/repository/com/google/guava/guava/33.4.0-jre/guava-33.4.0-jre.jar:/home/runner/.m2/repository/com/google/guava/failureaccess/1.0.1/failureaccess-1.0.1.jar:/home/runner/.m2/repository/org/checkerframework/checker-qual/3.49.0/checker-qual-3.49.0.jar:/home/runner/.m2/repository/io/confluent/logredactor/1.0.13/logredactor-1.0.13.jar:/home/runner/.m2/repository/com/google/re2j/re2j/1.6/re2j-1.6.jar:/home/runner/.m2/repository/io/confluent/logredactor-metrics/1.0.13/logredactor-metrics-1.0.13.jar:/home/runner/.m2/repository/com/eclipsesource/minimal-json/minimal-json/0.9.5/minimal-json-0.9.5.jar:/home/runner/.m2/repository/io/confluent/common-utils/8.0.0/common-utils-8.0.0.jar:/home/runner/.m2/repository/io/confluent/kafka-connect-avro-converter/8.0.0/kafka-connect-avro-converter-8.0.0.jar:/home/runner/.m2/repository/io/confluent/kafka-connect-avro-data/8.0.0/kafka-connect-avro-data-8.0.0.jar:/home/runner/.m2/repository/io/confluent/kafka-schema-converter/8.0.0/kafka-schema-converter-8.0.0.jar:/home/runner/.m2/repository/io/rest-assured/rest-assured/5.5.1/rest-assured-5.5.1.jar:/home/runner/.m2/repository/org/apache/groovy/groovy/4.0.22/groovy-4.0.22.jar:/home/runner/.m2/repository/org/apache/groovy/groovy-xml/4.0.22/groovy-xml-4.0.22.jar:/home/runner/.m2/repository/org/apache/httpcomponents/httpclient/4.5.14/httpclient-4.5.14.jar:/home/runner/.m2/repository/org/apache/httpcomponents/httpcore/4.4.16/httpcore-4.4.16.jar:/home/runner/.m2/repository/org/apache/httpcomponents/httpmime/4.5.14/httpmime-4.5.14.jar:/home/runner/.m2/repository/org/hamcrest/hamcrest/2.2/hamcrest-2.2.jar:/home/runner/.m2/repository/org/ccil/cowan/tagsoup/tagsoup/1.2.1/tagsoup-1.2.1.jar:/home/runner/.m2/repository/io/rest-assured/json-path/5.5.1/json-path-5.5.1.jar:/home/runner/.m2/repository/org/apache/groovy/groovy-json/4.0.22/groovy-json-4.0.22.jar:/home/runner/.m2/repository/io/rest-assured/rest-assured-common/5.5.1/rest-assured-common-5.5.1.jar:/home/runner/.m2/repository/io/rest-assured/xml-path/5.5.1/xml-path-5.5.1.jar:/home/runner/.m2/repository/io/zonky/test/embedded-postgres/2.1.0/embedded-postgres-2.1.0.jar:/home/runner/.m2/repository/io/zonky/test/postgres/embedded-postgres-binaries-windows-amd64/14.15.0/embedded-postgres-binaries-windows-amd64-14.15.0.jar:/home/runner/.m2/repository/io/zonky/test/postgres/embedded-postgres-binaries-darwin-amd64/14.15.0/embedded-postgres-binaries-darwin-amd64-14.15.0.jar:/home/runner/.m2/repository/io/zonky/test/postgres/embedded-postgres-binaries-linux-amd64/14.15.0/embedded-postgres-binaries-linux-amd64-14.15.0.jar:/home/runner/.m2/repository/io/zonky/test/postgres/embedded-postgres-binaries-linux-amd64-alpine/14.15.0/embedded-postgres-binaries-linux-amd64-alpine-14.15.0.jar:/home/runner/.m2/repository/org/apache/commons/commons-lang3/3.17.0/commons-lang3-3.17.0.jar:/home/runner/.m2/repository/org/tukaani/xz/1.10/xz-1.10.jar:/home/runner/.m2/repository/commons-codec/commons-codec/1.19.0/commons-codec-1.19.0.jar:/home/runner/.m2/repository/org/postgresql/postgresql/42.7.7/postgresql-42.7.7.jar:/home/runner/.m2/repository/commons-io/commons-io/2.18.0/commons-io-2.18.0.jar:/home/runner/work/apicurio-testing/apicurio-testing/clusters/ci419/namespaces/inmemory/tests/integration/apicurio-registry/utils/importexport/target/apicurio-registry-utils-import-export-3.0.12-SNAPSHOT.jar:/home/runner/.m2/repository/io/vertx/vertx-core/4.5.16/vertx-core-4.5.16.jar:/home/runner/.m2/repository/io/netty/netty-common/4.1.121.Final/netty-common-4.1.121.Final.jar:/home/runner/.m2/repository/io/netty/netty-buffer/4.1.121.Final/netty-buffer-4.1.121.Final.jar:/home/runner/.m2/repository/io/netty/netty-transport/4.1.121.Final/netty-transport-4.1.121.Final.jar:/home/runner/.m2/repository/io/netty/netty-handler/4.1.121.Final/netty-handler-4.1.121.Final.jar:/home/runner/.m2/repository/io/netty/netty-transport-native-unix-common/4.1.121.Final/netty-transport-native-unix-common-4.1.121.Final.jar:/home/runner/.m2/repository/io/netty/netty-codec/4.1.121.Final/netty-codec-4.1.121.Final.jar:/home/runner/.m2/repository/io/netty/netty-handler-proxy/4.1.121.Final/netty-handler-proxy-4.1.121.Final.jar:/home/runner/.m2/repository/io/netty/netty-codec-socks/4.1.121.Final/netty-codec-socks-4.1.121.Final.jar:/home/runner/.m2/repository/io/netty/netty-codec-http/4.1.121.Final/netty-codec-http-4.1.121.Final.jar:/home/runner/.m2/repository/io/netty/netty-codec-http2/4.1.121.Final/netty-codec-http2-4.1.121.Final.jar:/home/runner/.m2/repository/io/netty/netty-resolver/4.1.121.Final/netty-resolver-4.1.121.Final.jar:/home/runner/.m2/repository/io/netty/netty-resolver-dns/4.1.121.Final/netty-resolver-dns-4.1.121.Final.jar:/home/runner/.m2/repository/io/netty/netty-codec-dns/4.1.121.Final/netty-codec-dns-4.1.121.Final.jar:/home/runner/.m2/repository/com/fasterxml/jackson/core/jackson-core/2.18.2/jackson-core-2.18.2.jar:"/>
    <property name="java.vm.vendor" value="Eclipse Adoptium"/>
    <property name="maven.javadoc.skip" value="true"/>
    <property name="sun.arch.data.model" value="64"/>
    <property name="java.vendor.url" value="https://adoptium.net/"/>
    <property name="user.timezone" value="Etc/UTC"/>
    <property name="os.name" value="Linux"/>
    <property name="java.vm.specification.version" value="17"/>
    <property name="sun.java.launcher" value="SUN_STANDARD"/>
    <property name="quarkus.http.test-port" value="80"/>
    <property name="sun.boot.library.path" value="/usr/lib/jvm/temurin-17-jdk-amd64/lib"/>
    <property name="sun.java.command" value="/home/runner/work/apicurio-testing/apicurio-testing/clusters/ci419/namespaces/inmemory/tests/integration/apicurio-registry/integration-tests/target/surefire/surefirebooter-20250813181646096_3.jar /home/runner/work/apicurio-testing/apicurio-testing/clusters/ci419/namespaces/inmemory/tests/integration/apicurio-registry/integration-tests/target/surefire 2025-08-13T18-16-46_038-jvmRun1 surefire-20250813181646096_1tmp surefire_0-20250813181646096_2tmp"/>
    <property name="maven.home" value="/home/runner/.m2/wrapper/dists/apache-maven-3.9.8-bin/4fnp1ql35bgk2a0p7m31ovbgb0/apache-maven-3.9.8"/>
    <property name="jdk.debug" value="release"/>
    <property name="surefire.test.class.path" value="/home/runner/work/apicurio-testing/apicurio-testing/clusters/ci419/namespaces/inmemory/tests/integration/apicurio-registry/integration-tests/target/test-classes:/home/runner/work/apicurio-testing/apicurio-testing/clusters/ci419/namespaces/inmemory/tests/integration/apicurio-registry/integration-tests/target/apicurio-registry-integration-tests-3.0.12-SNAPSHOT.jar:/home/runner/.m2/repository/io/quarkus/quarkus-junit5/3.20.2/quarkus-junit5-3.20.2.jar:/home/runner/.m2/repository/io/quarkus/quarkus-bootstrap-core/3.20.2/quarkus-bootstrap-core-3.20.2.jar:/home/runner/.m2/repository/io/quarkus/quarkus-classloader-commons/3.20.2/quarkus-classloader-commons-3.20.2.jar:/home/runner/.m2/repository/io/quarkus/quarkus-bootstrap-app-model/3.20.2/quarkus-bootstrap-app-model-3.20.2.jar:/home/runner/.m2/repository/io/smallrye/common/smallrye-common-io/2.12.0/smallrye-common-io-2.12.0.jar:/home/runner/.m2/repository/org/eclipse/sisu/org.eclipse.sisu.inject/0.9.0.M3/org.eclipse.sisu.inject-0.9.0.M3.jar:/home/runner/.m2/repository/io/quarkus/quarkus-test-common/3.20.2/quarkus-test-common-3.20.2.jar:/home/runner/.m2/repository/io/quarkus/quarkus-core-deployment/3.20.2/quarkus-core-deployment-3.20.2.jar:/home/runner/.m2/repository/org/aesh/readline/2.6/readline-2.6.jar:/home/runner/.m2/repository/org/fusesource/jansi/jansi/2.4.0/jansi-2.4.0.jar:/home/runner/.m2/repository/org/aesh/aesh/2.8.2/aesh-2.8.2.jar:/home/runner/.m2/repository/io/quarkus/gizmo/gizmo/1.8.0/gizmo-1.8.0.jar:/home/runner/.m2/repository/org/ow2/asm/asm-util/9.7.1/asm-util-9.7.1.jar:/home/runner/.m2/repository/org/ow2/asm/asm-analysis/9.7.1/asm-analysis-9.7.1.jar:/home/runner/.m2/repository/org/ow2/asm/asm-commons/9.7.1/asm-commons-9.7.1.jar:/home/runner/.m2/repository/org/ow2/asm/asm-tree/9.7.1/asm-tree-9.7.1.jar:/home/runner/.m2/repository/io/quarkus/quarkus-hibernate-validator-spi/3.20.2/quarkus-hibernate-validator-spi-3.20.2.jar:/home/runner/.m2/repository/io/quarkus/quarkus-class-change-agent/3.20.2/quarkus-class-change-agent-3.20.2.jar:/home/runner/.m2/repository/io/quarkus/quarkus-devtools-utilities/3.20.2/quarkus-devtools-utilities-3.20.2.jar:/home/runner/.m2/repository/io/quarkus/quarkus-builder/3.20.2/quarkus-builder-3.20.2.jar:/home/runner/.m2/repository/org/graalvm/sdk/nativeimage/23.1.2/nativeimage-23.1.2.jar:/home/runner/.m2/repository/org/graalvm/sdk/word/23.1.2/word-23.1.2.jar:/home/runner/.m2/repository/io/quarkus/quarkus-bootstrap-maven-resolver/3.20.2/quarkus-bootstrap-maven-resolver-3.20.2.jar:/home/runner/.m2/repository/io/smallrye/beanbag/smallrye-beanbag-maven/1.5.2/smallrye-beanbag-maven-1.5.2.jar:/home/runner/.m2/repository/io/smallrye/beanbag/smallrye-beanbag-sisu/1.5.2/smallrye-beanbag-sisu-1.5.2.jar:/home/runner/.m2/repository/io/smallrye/beanbag/smallrye-beanbag/1.5.2/smallrye-beanbag-1.5.2.jar:/home/runner/.m2/repository/javax/inject/javax.inject/1/javax.inject-1.jar:/home/runner/.m2/repository/org/apache/maven/maven-artifact/3.9.9/maven-artifact-3.9.9.jar:/home/runner/.m2/repository/org/apache/maven/maven-builder-support/3.9.9/maven-builder-support-3.9.9.jar:/home/runner/.m2/repository/org/apache/maven/maven-model/3.9.9/maven-model-3.9.9.jar:/home/runner/.m2/repository/org/apache/maven/maven-model-builder/3.9.9/maven-model-builder-3.9.9.jar:/home/runner/.m2/repository/org/apache/maven/maven-repository-metadata/3.9.9/maven-repository-metadata-3.9.9.jar:/home/runner/.m2/repository/org/apache/maven/maven-settings/3.9.9/maven-settings-3.9.9.jar:/home/runner/.m2/repository/org/apache/maven/resolver/maven-resolver-api/1.9.22/maven-resolver-api-1.9.22.jar:/home/runner/.m2/repository/org/apache/maven/resolver/maven-resolver-impl/1.9.22/maven-resolver-impl-1.9.22.jar:/home/runner/.m2/repository/org/apache/maven/resolver/maven-resolver-named-locks/1.9.22/maven-resolver-named-locks-1.9.22.jar:/home/runner/.m2/repository/org/apache/maven/resolver/maven-resolver-spi/1.9.22/maven-resolver-spi-1.9.22.jar:/home/runner/.m2/repository/org/apache/maven/resolver/maven-resolver-util/1.9.22/maven-resolver-util-1.9.22.jar:/home/runner/.m2/repository/org/apache/maven/resolver/maven-resolver-transport-http/1.9.20/maven-resolver-transport-http-1.9.20.jar:/home/runner/.m2/repository/org/apache/maven/wagon/wagon-provider-api/3.5.3/wagon-provider-api-3.5.3.jar:/home/runner/.m2/repository/org/apache/maven/wagon/wagon-http-shared/3.5.3/wagon-http-shared-3.5.3.jar:/home/runner/.m2/repository/org/codehaus/plexus/plexus-interpolation/1.26/plexus-interpolation-1.26.jar:/home/runner/.m2/repository/org/codehaus/plexus/plexus-utils/3.5.1/plexus-utils-3.5.1.jar:/home/runner/.m2/repository/org/codehaus/plexus/plexus-xml/4.0.1/plexus-xml-4.0.1.jar:/home/runner/.m2/repository/org/apache/maven/maven-xml-impl/4.0.0-alpha-5/maven-xml-impl-4.0.0-alpha-5.jar:/home/runner/.m2/repository/org/apache/maven/maven-api-xml/4.0.0-alpha-5/maven-api-xml-4.0.0-alpha-5.jar:/home/runner/.m2/repository/org/apache/maven/maven-api-meta/4.0.0-alpha-5/maven-api-meta-4.0.0-alpha-5.jar:/home/runner/.m2/repository/org/codehaus/plexus/plexus-cipher/2.0/plexus-cipher-2.0.jar:/home/runner/.m2/repository/org/codehaus/plexus/plexus-sec-dispatcher/2.0/plexus-sec-dispatcher-2.0.jar:/home/runner/.m2/repository/org/apache/maven/maven-embedder/3.9.9/maven-embedder-3.9.9.jar:/home/runner/.m2/repository/org/apache/maven/maven-core/3.9.9/maven-core-3.9.9.jar:/home/runner/.m2/repository/org/codehaus/plexus/plexus-component-annotations/2.1.0/plexus-component-annotations-2.1.0.jar:/home/runner/.m2/repository/org/apache/maven/maven-plugin-api/3.9.9/maven-plugin-api-3.9.9.jar:/home/runner/.m2/repository/org/apache/maven/shared/maven-shared-utils/3.4.2/maven-shared-utils-3.4.2.jar:/home/runner/.m2/repository/com/google/inject/guice/5.1.0/guice-5.1.0.jar:/home/runner/.m2/repository/aopalliance/aopalliance/1.0/aopalliance-1.0.jar:/home/runner/.m2/repository/org/codehaus/plexus/plexus-classworlds/2.6.0/plexus-classworlds-2.6.0.jar:/home/runner/.m2/repository/commons-cli/commons-cli/1.8.0/commons-cli-1.8.0.jar:/home/runner/.m2/repository/org/eclipse/sisu/org.eclipse.sisu.plexus/0.9.0.M3/org.eclipse.sisu.plexus-0.9.0.M3.jar:/home/runner/.m2/repository/org/apache/maven/maven-settings-builder/3.9.9/maven-settings-builder-3.9.9.jar:/home/runner/.m2/repository/org/apache/maven/maven-resolver-provider/3.9.9/maven-resolver-provider-3.9.9.jar:/home/runner/.m2/repository/org/apache/maven/resolver/maven-resolver-connector-basic/1.9.22/maven-resolver-connector-basic-1.9.22.jar:/home/runner/.m2/repository/org/apache/maven/resolver/maven-resolver-transport-wagon/1.9.22/maven-resolver-transport-wagon-1.9.22.jar:/home/runner/.m2/repository/org/apache/maven/wagon/wagon-http/3.5.3/wagon-http-3.5.3.jar:/home/runner/.m2/repository/org/apache/maven/wagon/wagon-file/3.5.3/wagon-file-3.5.3.jar:/home/runner/.m2/repository/io/quarkus/quarkus-bootstrap-gradle-resolver/3.20.2/quarkus-bootstrap-gradle-resolver-3.20.2.jar:/home/runner/.m2/repository/io/smallrye/jandex/3.3.0/jandex-3.3.0.jar:/home/runner/.m2/repository/org/jboss/logging/commons-logging-jboss-logging/1.0.0.Final/commons-logging-jboss-logging-1.0.0.Final.jar:/home/runner/.m2/repository/io/quarkus/quarkus-junit5-config/3.20.2/quarkus-junit5-config-3.20.2.jar:/home/runner/.m2/repository/org/junit/jupiter/junit-jupiter-api/5.12.1/junit-jupiter-api-5.12.1.jar:/home/runner/.m2/repository/io/smallrye/config/smallrye-config/3.11.4/smallrye-config-3.11.4.jar:/home/runner/.m2/repository/io/smallrye/config/smallrye-config-core/3.11.4/smallrye-config-core-3.11.4.jar:/home/runner/.m2/repository/io/smallrye/common/smallrye-common-classloader/2.12.0/smallrye-common-classloader-2.12.0.jar:/home/runner/.m2/repository/io/smallrye/config/smallrye-config-common/3.11.4/smallrye-config-common-3.11.4.jar:/home/runner/.m2/repository/org/junit/jupiter/junit-jupiter/5.12.1/junit-jupiter-5.12.1.jar:/home/runner/.m2/repository/org/junit/jupiter/junit-jupiter-params/5.12.1/junit-jupiter-params-5.12.1.jar:/home/runner/.m2/repository/org/junit/jupiter/junit-jupiter-engine/5.12.1/junit-jupiter-engine-5.12.1.jar:/home/runner/.m2/repository/io/quarkus/quarkus-core/3.20.2/quarkus-core-3.20.2.jar:/home/runner/.m2/repository/jakarta/enterprise/jakarta.enterprise.cdi-api/4.1.0/jakarta.enterprise.cdi-api-4.1.0.jar:/home/runner/.m2/repository/jakarta/enterprise/jakarta.enterprise.lang-model/4.1.0/jakarta.enterprise.lang-model-4.1.0.jar:/home/runner/.m2/repository/jakarta/el/jakarta.el-api/5.0.1/jakarta.el-api-5.0.1.jar:/home/runner/.m2/repository/jakarta/interceptor/jakarta.interceptor-api/2.2.0/jakarta.interceptor-api-2.2.0.jar:/home/runner/.m2/repository/jakarta/inject/jakarta.inject-api/2.0.1/jakarta.inject-api-2.0.1.jar:/home/runner/.m2/repository/io/smallrye/common/smallrye-common-os/2.12.0/smallrye-common-os-2.12.0.jar:/home/runner/.m2/repository/io/quarkus/quarkus-ide-launcher/3.20.2/quarkus-ide-launcher-3.20.2.jar:/home/runner/.m2/repository/io/quarkus/quarkus-development-mode-spi/3.20.2/quarkus-development-mode-spi-3.20.2.jar:/home/runner/.m2/repository/org/jboss/logging/jboss-logging/3.6.1.Final/jboss-logging-3.6.1.Final.jar:/home/runner/.m2/repository/org/jboss/logmanager/jboss-logmanager/3.1.2.Final/jboss-logmanager-3.1.2.Final.jar:/home/runner/.m2/repository/io/smallrye/common/smallrye-common-constraint/2.12.0/smallrye-common-constraint-2.12.0.jar:/home/runner/.m2/repository/io/smallrye/common/smallrye-common-cpu/2.12.0/smallrye-common-cpu-2.12.0.jar:/home/runner/.m2/repository/io/smallrye/common/smallrye-common-expression/2.12.0/smallrye-common-expression-2.12.0.jar:/home/runner/.m2/repository/io/smallrye/common/smallrye-common-net/2.12.0/smallrye-common-net-2.12.0.jar:/home/runner/.m2/repository/io/smallrye/common/smallrye-common-ref/2.12.0/smallrye-common-ref-2.12.0.jar:/home/runner/.m2/repository/jakarta/json/jakarta.json-api/2.1.3/jakarta.json-api-2.1.3.jar:/home/runner/.m2/repository/org/eclipse/parsson/parsson/1.1.7/parsson-1.1.7.jar:/home/runner/.m2/repository/org/jboss/logging/jboss-logging-annotations/3.0.4.Final/jboss-logging-annotations-3.0.4.Final.jar:/home/runner/.m2/repository/org/jboss/threads/jboss-threads/3.8.0.Final/jboss-threads-3.8.0.Final.jar:/home/runner/.m2/repository/io/smallrye/common/smallrye-common-annotation/2.12.0/smallrye-common-annotation-2.12.0.jar:/home/runner/.m2/repository/io/smallrye/common/smallrye-common-function/2.12.0/smallrye-common-function-2.12.0.jar:/home/runner/.m2/repository/org/jboss/slf4j/slf4j-jboss-logmanager/2.0.0.Final/slf4j-jboss-logmanager-2.0.0.Final.jar:/home/runner/.m2/repository/org/wildfly/common/wildfly-common/2.0.1/wildfly-common-2.0.1.jar:/home/runner/.m2/repository/io/quarkus/quarkus-bootstrap-runner/3.20.2/quarkus-bootstrap-runner-3.20.2.jar:/home/runner/.m2/repository/io/github/crac/org-crac/0.1.3/org-crac-0.1.3.jar:/home/runner/.m2/repository/io/quarkus/quarkus-fs-util/0.0.10/quarkus-fs-util-0.0.10.jar:/home/runner/.m2/repository/org/jboss/marshalling/jboss-marshalling/2.2.2.Final/jboss-marshalling-2.2.2.Final.jar:/home/runner/.m2/repository/io/fabric8/kubernetes-client/7.1.0/kubernetes-client-7.1.0.jar:/home/runner/.m2/repository/io/fabric8/kubernetes-client-api/7.1.0/kubernetes-client-api-7.1.0.jar:/home/runner/.m2/repository/io/fabric8/kubernetes-model-core/7.1.0/kubernetes-model-core-7.1.0.jar:/home/runner/.m2/repository/io/fabric8/kubernetes-model-common/7.1.0/kubernetes-model-common-7.1.0.jar:/home/runner/.m2/repository/javax/annotation/javax.annotation-api/1.3.2/javax.annotation-api-1.3.2.jar:/home/runner/.m2/repository/io/fabric8/kubernetes-model-gatewayapi/7.1.0/kubernetes-model-gatewayapi-7.1.0.jar:/home/runner/.m2/repository/io/fabric8/kubernetes-model-resource/7.1.0/kubernetes-model-resource-7.1.0.jar:/home/runner/.m2/repository/io/fabric8/kubernetes-model-rbac/7.1.0/kubernetes-model-rbac-7.1.0.jar:/home/runner/.m2/repository/io/fabric8/kubernetes-model-admissionregistration/7.1.0/kubernetes-model-admissionregistration-7.1.0.jar:/home/runner/.m2/repository/io/fabric8/kubernetes-model-apps/7.1.0/kubernetes-model-apps-7.1.0.jar:/home/runner/.m2/repository/io/fabric8/kubernetes-model-autoscaling/7.1.0/kubernetes-model-autoscaling-7.1.0.jar:/home/runner/.m2/repository/io/fabric8/kubernetes-model-apiextensions/7.1.0/kubernetes-model-apiextensions-7.1.0.jar:/home/runner/.m2/repository/io/fabric8/kubernetes-model-batch/7.1.0/kubernetes-model-batch-7.1.0.jar:/home/runner/.m2/repository/io/fabric8/kubernetes-model-certificates/7.1.0/kubernetes-model-certificates-7.1.0.jar:/home/runner/.m2/repository/io/fabric8/kubernetes-model-coordination/7.1.0/kubernetes-model-coordination-7.1.0.jar:/home/runner/.m2/repository/io/fabric8/kubernetes-model-discovery/7.1.0/kubernetes-model-discovery-7.1.0.jar:/home/runner/.m2/repository/io/fabric8/kubernetes-model-events/7.1.0/kubernetes-model-events-7.1.0.jar:/home/runner/.m2/repository/io/fabric8/kubernetes-model-extensions/7.1.0/kubernetes-model-extensions-7.1.0.jar:/home/runner/.m2/repository/io/fabric8/kubernetes-model-flowcontrol/7.1.0/kubernetes-model-flowcontrol-7.1.0.jar:/home/runner/.m2/repository/io/fabric8/kubernetes-model-networking/7.1.0/kubernetes-model-networking-7.1.0.jar:/home/runner/.m2/repository/io/fabric8/kubernetes-model-metrics/7.1.0/kubernetes-model-metrics-7.1.0.jar:/home/runner/.m2/repository/io/fabric8/kubernetes-model-policy/7.1.0/kubernetes-model-policy-7.1.0.jar:/home/runner/.m2/repository/io/fabric8/kubernetes-model-scheduling/7.1.0/kubernetes-model-scheduling-7.1.0.jar:/home/runner/.m2/repository/io/fabric8/kubernetes-model-storageclass/7.1.0/kubernetes-model-storageclass-7.1.0.jar:/home/runner/.m2/repository/io/fabric8/kubernetes-model-node/7.1.0/kubernetes-model-node-7.1.0.jar:/home/runner/.m2/repository/org/snakeyaml/snakeyaml-engine/2.9/snakeyaml-engine-2.9.jar:/home/runner/.m2/repository/com/fasterxml/jackson/dataformat/jackson-dataformat-yaml/2.18.2/jackson-dataformat-yaml-2.18.2.jar:/home/runner/.m2/repository/com/fasterxml/jackson/datatype/jackson-datatype-jsr310/2.18.2/jackson-datatype-jsr310-2.18.2.jar:/home/runner/.m2/repository/io/fabric8/zjsonpatch/7.1.0/zjsonpatch-7.1.0.jar:/home/runner/.m2/repository/io/fabric8/kubernetes-httpclient-vertx/7.1.0/kubernetes-httpclient-vertx-7.1.0.jar:/home/runner/.m2/repository/io/vertx/vertx-web-client/4.5.16/vertx-web-client-4.5.16.jar:/home/runner/.m2/repository/io/vertx/vertx-web-common/4.5.16/vertx-web-common-4.5.16.jar:/home/runner/.m2/repository/io/vertx/vertx-auth-common/4.5.16/vertx-auth-common-4.5.16.jar:/home/runner/.m2/repository/io/vertx/vertx-uri-template/4.5.16/vertx-uri-template-4.5.16.jar:/home/runner/.m2/repository/io/fabric8/openshift-client/7.1.0/openshift-client-7.1.0.jar:/home/runner/.m2/repository/io/fabric8/openshift-client-api/7.1.0/openshift-client-api-7.1.0.jar:/home/runner/.m2/repository/io/fabric8/openshift-model/7.1.0/openshift-model-7.1.0.jar:/home/runner/.m2/repository/io/fabric8/openshift-model-autoscaling/7.1.0/openshift-model-autoscaling-7.1.0.jar:/home/runner/.m2/repository/io/fabric8/openshift-model-operator/7.1.0/openshift-model-operator-7.1.0.jar:/home/runner/.m2/repository/io/fabric8/openshift-model-operatorhub/7.1.0/openshift-model-operatorhub-7.1.0.jar:/home/runner/.m2/repository/io/fabric8/openshift-model-machine/7.1.0/openshift-model-machine-7.1.0.jar:/home/runner/.m2/repository/io/fabric8/openshift-model-whereabouts/7.1.0/openshift-model-whereabouts-7.1.0.jar:/home/runner/.m2/repository/io/fabric8/openshift-model-monitoring/7.1.0/openshift-model-monitoring-7.1.0.jar:/home/runner/.m2/repository/io/fabric8/openshift-model-storageversionmigrator/7.1.0/openshift-model-storageversionmigrator-7.1.0.jar:/home/runner/.m2/repository/io/fabric8/openshift-model-tuned/7.1.0/openshift-model-tuned-7.1.0.jar:/home/runner/.m2/repository/io/fabric8/openshift-model-console/7.1.0/openshift-model-console-7.1.0.jar:/home/runner/.m2/repository/io/fabric8/openshift-model-config/7.1.0/openshift-model-config-7.1.0.jar:/home/runner/.m2/repository/io/fabric8/openshift-model-machineconfiguration/7.1.0/openshift-model-machineconfiguration-7.1.0.jar:/home/runner/.m2/repository/io/fabric8/openshift-model-miscellaneous/7.1.0/openshift-model-miscellaneous-7.1.0.jar:/home/runner/.m2/repository/io/fabric8/openshift-model-hive/7.1.0/openshift-model-hive-7.1.0.jar:/home/runner/.m2/repository/io/fabric8/openshift-model-installer/7.1.0/openshift-model-installer-7.1.0.jar:/home/runner/.m2/repository/org/junit/platform/junit-platform-launcher/1.12.1/junit-platform-launcher-1.12.1.jar:/home/runner/.m2/repository/org/junit/platform/junit-platform-engine/1.12.1/junit-platform-engine-1.12.1.jar:/home/runner/.m2/repository/org/opentest4j/opentest4j/1.3.0/opentest4j-1.3.0.jar:/home/runner/.m2/repository/org/junit/platform/junit-platform-commons/1.12.1/junit-platform-commons-1.12.1.jar:/home/runner/.m2/repository/org/apiguardian/apiguardian-api/1.1.2/apiguardian-api-1.1.2.jar:/home/runner/.m2/repository/jakarta/ws/rs/jakarta.ws.rs-api/3.1.0/jakarta.ws.rs-api-3.1.0.jar:/home/runner/work/apicurio-testing/apicurio-testing/clusters/ci419/namespaces/inmemory/tests/integration/apicurio-registry/java-sdk/target/apicurio-registry-java-sdk-3.0.12-SNAPSHOT.jar:/home/runner/.m2/repository/com/microsoft/kiota/microsoft-kiota-abstractions/1.8.9/microsoft-kiota-abstractions-1.8.9.jar:/home/runner/.m2/repository/io/github/std-uritemplate/std-uritemplate/2.0.0/std-uritemplate-2.0.0.jar:/home/runner/.m2/repository/io/kiota/kiota-http-jdk/0.0.29/kiota-http-jdk-0.0.29.jar:/home/runner/.m2/repository/io/kiota/kiota-http-vertx/0.0.29/kiota-http-vertx-0.0.29.jar:/home/runner/.m2/repository/io/kiota/kiota-serialization-jackson/0.0.29/kiota-serialization-jackson-0.0.29.jar:/home/runner/.m2/repository/com/microsoft/kiota/microsoft-kiota-serialization-text/1.8.9/microsoft-kiota-serialization-text-1.8.9.jar:/home/runner/.m2/repository/com/microsoft/kiota/microsoft-kiota-serialization-form/1.8.9/microsoft-kiota-serialization-form-1.8.9.jar:/home/runner/.m2/repository/com/microsoft/kiota/microsoft-kiota-serialization-multipart/1.8.9/microsoft-kiota-serialization-multipart-1.8.9.jar:/home/runner/.m2/repository/jakarta/annotation/jakarta.annotation-api/3.0.0/jakarta.annotation-api-3.0.0.jar:/home/runner/.m2/repository/io/vertx/vertx-auth-oauth2/4.5.16/vertx-auth-oauth2-4.5.16.jar:/home/runner/work/apicurio-testing/apicurio-testing/clusters/ci419/namespaces/inmemory/tests/integration/apicurio-registry/java-sdk-v2/target/apicurio-registry-v2-java-sdk-3.0.12-SNAPSHOT.jar:/home/runner/work/apicurio-testing/apicurio-testing/clusters/ci419/namespaces/inmemory/tests/integration/apicurio-registry/utils/kafka/target/apicurio-registry-utils-kafka-3.0.12-SNAPSHOT-tests.jar:/home/runner/.m2/repository/org/eclipse/microprofile/config/microprofile-config-api/3.1/microprofile-config-api-3.1.jar:/home/runner/.m2/repository/org/apache/kafka/kafka-clients/3.9.1/kafka-clients-3.9.1.jar:/home/runner/.m2/repository/com/github/luben/zstd-jni/1.5.6-4/zstd-jni-1.5.6-4.jar:/home/runner/.m2/repository/org/lz4/lz4-java/1.8.0/lz4-java-1.8.0.jar:/home/runner/.m2/repository/org/xerial/snappy/snappy-java/1.1.10.5/snappy-java-1.1.10.5.jar:/home/runner/.m2/repository/org/slf4j/slf4j-api/2.0.6/slf4j-api-2.0.6.jar:/home/runner/work/apicurio-testing/apicurio-testing/clusters/ci419/namespaces/inmemory/tests/integration/apicurio-registry/utils/tests/target/apicurio-registry-utils-tests-3.0.12-SNAPSHOT.jar:/home/runner/work/apicurio-testing/apicurio-testing/clusters/ci419/namespaces/inmemory/tests/integration/apicurio-registry/common/target/apicurio-registry-common-3.0.12-SNAPSHOT.jar:/home/runner/.m2/repository/jakarta/validation/jakarta.validation-api/3.0.2/jakarta.validation-api-3.0.2.jar:/home/runner/.m2/repository/com/github/dasniko/testcontainers-keycloak/3.8.0/testcontainers-keycloak-3.8.0.jar:/home/runner/.m2/repository/org/testcontainers/testcontainers/1.20.6/testcontainers-1.20.6.jar:/home/runner/.m2/repository/org/rnorth/duct-tape/duct-tape/1.0.8/duct-tape-1.0.8.jar:/home/runner/.m2/repository/com/github/docker-java/docker-java-transport-zerodep/3.4.1/docker-java-transport-zerodep-3.4.1.jar:/home/runner/.m2/repository/com/github/docker-java/docker-java-transport/3.4.1/docker-java-transport-3.4.1.jar:/home/runner/.m2/repository/net/java/dev/jna/jna/5.8.0/jna-5.8.0.jar:/home/runner/.m2/repository/io/quarkus/quarkus-junit4-mock/3.20.2/quarkus-junit4-mock-3.20.2.jar:/home/runner/.m2/repository/org/jboss/shrinkwrap/shrinkwrap-api/2.0.0-beta-2/shrinkwrap-api-2.0.0-beta-2.jar:/home/runner/.m2/repository/org/jboss/shrinkwrap/shrinkwrap-impl-base/2.0.0-beta-2/shrinkwrap-impl-base-2.0.0-beta-2.jar:/home/runner/.m2/repository/org/jboss/shrinkwrap/shrinkwrap-spi/2.0.0-beta-2/shrinkwrap-spi-2.0.0-beta-2.jar:/home/runner/.m2/repository/org/keycloak/keycloak-admin-client/26.0.4/keycloak-admin-client-26.0.4.jar:/home/runner/.m2/repository/org/keycloak/keycloak-client-common-synced/26.0.4/keycloak-client-common-synced-26.0.4.jar:/home/runner/.m2/repository/jakarta/activation/jakarta.activation-api/2.1.3/jakarta.activation-api-2.1.3.jar:/home/runner/.m2/repository/org/eclipse/microprofile/openapi/microprofile-openapi-api/4.0.2/microprofile-openapi-api-4.0.2.jar:/home/runner/.m2/repository/org/jboss/resteasy/resteasy-client/6.2.12.Final/resteasy-client-6.2.12.Final.jar:/home/runner/.m2/repository/org/jboss/resteasy/resteasy-client-api/6.2.12.Final/resteasy-client-api-6.2.12.Final.jar:/home/runner/.m2/repository/org/jboss/resteasy/resteasy-core-spi/6.2.12.Final/resteasy-core-spi-6.2.12.Final.jar:/home/runner/.m2/repository/org/jboss/resteasy/resteasy-core/6.2.12.Final/resteasy-core-6.2.12.Final.jar:/home/runner/.m2/repository/org/eclipse/angus/angus-activation/2.0.2/angus-activation-2.0.2.jar:/home/runner/.m2/repository/com/ibm/async/asyncutil/0.1.0/asyncutil-0.1.0.jar:/home/runner/.m2/repository/org/reactivestreams/reactive-streams/1.0.4/reactive-streams-1.0.4.jar:/home/runner/.m2/repository/org/jboss/resteasy/resteasy-multipart-provider/6.2.12.Final/resteasy-multipart-provider-6.2.12.Final.jar:/home/runner/.m2/repository/jakarta/mail/jakarta.mail-api/2.1.3/jakarta.mail-api-2.1.3.jar:/home/runner/.m2/repository/org/eclipse/angus/angus-mail/2.0.3/angus-mail-2.0.3.jar:/home/runner/.m2/repository/org/apache/james/apache-mime4j-dom/0.8.12/apache-mime4j-dom-0.8.12.jar:/home/runner/.m2/repository/org/apache/james/apache-mime4j-core/0.8.12/apache-mime4j-core-0.8.12.jar:/home/runner/.m2/repository/org/apache/james/apache-mime4j-storage/0.8.12/apache-mime4j-storage-0.8.12.jar:/home/runner/.m2/repository/org/jboss/resteasy/resteasy-jackson2-provider/6.2.12.Final/resteasy-jackson2-provider-6.2.12.Final.jar:/home/runner/.m2/repository/com/fasterxml/jackson/jakarta/rs/jackson-jakarta-rs-base/2.18.2/jackson-jakarta-rs-base-2.18.2.jar:/home/runner/.m2/repository/com/fasterxml/jackson/jakarta/rs/jackson-jakarta-rs-json-provider/2.18.2/jackson-jakarta-rs-json-provider-2.18.2.jar:/home/runner/.m2/repository/com/fasterxml/jackson/module/jackson-module-jakarta-xmlbind-annotations/2.18.2/jackson-module-jakarta-xmlbind-annotations-2.18.2.jar:/home/runner/.m2/repository/com/github/java-json-tools/json-patch/1.13/json-patch-1.13.jar:/home/runner/.m2/repository/com/github/java-json-tools/msg-simple/1.2/msg-simple-1.2.jar:/home/runner/.m2/repository/com/github/java-json-tools/btf/1.3/btf-1.3.jar:/home/runner/.m2/repository/com/github/java-json-tools/jackson-coreutils/2.0/jackson-coreutils-2.0.jar:/home/runner/.m2/repository/org/jboss/resteasy/resteasy-jaxb-provider/6.2.12.Final/resteasy-jaxb-provider-6.2.12.Final.jar:/home/runner/.m2/repository/org/glassfish/jaxb/codemodel/4.0.5/codemodel-4.0.5.jar:/home/runner/.m2/repository/org/glassfish/jaxb/jaxb-core/4.0.5/jaxb-core-4.0.5.jar:/home/runner/.m2/repository/org/glassfish/jaxb/jaxb-jxc/4.0.5/jaxb-jxc-4.0.5.jar:/home/runner/.m2/repository/org/glassfish/jaxb/jaxb-runtime/4.0.5/jaxb-runtime-4.0.5.jar:/home/runner/.m2/repository/org/glassfish/jaxb/txw2/4.0.5/txw2-4.0.5.jar:/home/runner/.m2/repository/org/glassfish/jaxb/jaxb-xjc/4.0.5/jaxb-xjc-4.0.5.jar:/home/runner/.m2/repository/org/glassfish/jaxb/xsom/4.0.5/xsom-4.0.5.jar:/home/runner/.m2/repository/com/sun/istack/istack-commons-runtime/4.1.2/istack-commons-runtime-4.1.2.jar:/home/runner/.m2/repository/com/sun/istack/istack-commons-tools/4.1.2/istack-commons-tools-4.1.2.jar:/home/runner/.m2/repository/com/sun/xml/bind/external/relaxng-datatype/4.0.5/relaxng-datatype-4.0.5.jar:/home/runner/.m2/repository/com/sun/xml/bind/external/rngom/4.0.5/rngom-4.0.5.jar:/home/runner/.m2/repository/org/testcontainers/mssqlserver/1.20.6/mssqlserver-1.20.6.jar:/home/runner/.m2/repository/org/testcontainers/jdbc/1.20.6/jdbc-1.20.6.jar:/home/runner/.m2/repository/org/testcontainers/database-commons/1.20.6/database-commons-1.20.6.jar:/home/runner/.m2/repository/org/testcontainers/mysql/1.20.6/mysql-1.20.6.jar:/home/runner/.m2/repository/io/strimzi/strimzi-test-container/0.111.0/strimzi-test-container-0.111.0.jar:/home/runner/.m2/repository/org/testcontainers/toxiproxy/1.20.6/toxiproxy-1.20.6.jar:/home/runner/.m2/repository/com/github/docker-java/docker-java-api/3.4.1/docker-java-api-3.4.1.jar:/home/runner/.m2/repository/org/apache/logging/log4j/log4j-slf4j-impl/2.19.0/log4j-slf4j-impl-2.19.0.jar:/home/runner/.m2/repository/org/apache/logging/log4j/log4j-api/2.24.3/log4j-api-2.24.3.jar:/home/runner/.m2/repository/org/apache/logging/log4j/log4j-core/2.19.0/log4j-core-2.19.0.jar:/home/runner/.m2/repository/eu/rekawek/toxiproxy/toxiproxy-java/2.1.7/toxiproxy-java-2.1.7.jar:/home/runner/.m2/repository/org/testcontainers/pulsar/1.21.3/pulsar-1.21.3.jar:/home/runner/.m2/repository/io/debezium/debezium-testing-testcontainers/2.7.4.Final/debezium-testing-testcontainers-2.7.4.Final.jar:/home/runner/.m2/repository/org/testcontainers/kafka/1.20.6/kafka-1.20.6.jar:/home/runner/.m2/repository/com/squareup/okhttp3/okhttp/4.8.1/okhttp-4.8.1.jar:/home/runner/.m2/repository/com/squareup/okio/okio/3.10.2/okio-3.10.2.jar:/home/runner/.m2/repository/com/squareup/okio/okio-jvm/3.10.2/okio-jvm-3.10.2.jar:/home/runner/.m2/repository/org/jetbrains/kotlin/kotlin-stdlib/2.0.21/kotlin-stdlib-2.0.21.jar:/home/runner/.m2/repository/org/awaitility/awaitility/4.3.0/awaitility-4.3.0.jar:/home/runner/.m2/repository/org/testcontainers/mongodb/1.20.6/mongodb-1.20.6.jar:/home/runner/.m2/repository/org/testcontainers/mariadb/1.20.6/mariadb-1.20.6.jar:/home/runner/.m2/repository/org/testcontainers/oracle-xe/1.20.6/oracle-xe-1.20.6.jar:/home/runner/.m2/repository/org/testcontainers/postgresql/1.20.6/postgresql-1.20.6.jar:/home/runner/.m2/repository/org/wiremock/wiremock/3.0.1/wiremock-3.0.1.jar:/home/runner/.m2/repository/org/eclipse/jetty/jetty-server/11.0.15/jetty-server-11.0.15.jar:/home/runner/.m2/repository/org/eclipse/jetty/toolchain/jetty-jakarta-servlet-api/5.0.2/jetty-jakarta-servlet-api-5.0.2.jar:/home/runner/.m2/repository/org/eclipse/jetty/jetty-http/11.0.15/jetty-http-11.0.15.jar:/home/runner/.m2/repository/org/eclipse/jetty/jetty-io/11.0.15/jetty-io-11.0.15.jar:/home/runner/.m2/repository/org/eclipse/jetty/jetty-servlet/11.0.15/jetty-servlet-11.0.15.jar:/home/runner/.m2/repository/org/eclipse/jetty/jetty-security/11.0.15/jetty-security-11.0.15.jar:/home/runner/.m2/repository/org/eclipse/jetty/jetty-servlets/11.0.15/jetty-servlets-11.0.15.jar:/home/runner/.m2/repository/org/eclipse/jetty/jetty-util/11.0.15/jetty-util-11.0.15.jar:/home/runner/.m2/repository/org/eclipse/jetty/jetty-webapp/11.0.15/jetty-webapp-11.0.15.jar:/home/runner/.m2/repository/org/eclipse/jetty/jetty-xml/11.0.15/jetty-xml-11.0.15.jar:/home/runner/.m2/repository/org/eclipse/jetty/jetty-proxy/11.0.15/jetty-proxy-11.0.15.jar:/home/runner/.m2/repository/org/eclipse/jetty/jetty-client/11.0.15/jetty-client-11.0.15.jar:/home/runner/.m2/repository/org/eclipse/jetty/http2/http2-server/11.0.15/http2-server-11.0.15.jar:/home/runner/.m2/repository/org/eclipse/jetty/http2/http2-common/11.0.15/http2-common-11.0.15.jar:/home/runner/.m2/repository/org/eclipse/jetty/http2/http2-hpack/11.0.15/http2-hpack-11.0.15.jar:/home/runner/.m2/repository/org/eclipse/jetty/jetty-alpn-server/11.0.15/jetty-alpn-server-11.0.15.jar:/home/runner/.m2/repository/org/eclipse/jetty/jetty-alpn-java-server/11.0.15/jetty-alpn-java-server-11.0.15.jar:/home/runner/.m2/repository/org/eclipse/jetty/jetty-alpn-java-client/11.0.15/jetty-alpn-java-client-11.0.15.jar:/home/runner/.m2/repository/org/eclipse/jetty/jetty-alpn-client/11.0.15/jetty-alpn-client-11.0.15.jar:/home/runner/.m2/repository/org/apache/httpcomponents/client5/httpclient5/5.2.1/httpclient5-5.2.1.jar:/home/runner/.m2/repository/org/apache/httpcomponents/core5/httpcore5/5.2/httpcore5-5.2.jar:/home/runner/.m2/repository/org/apache/httpcomponents/core5/httpcore5-h2/5.2/httpcore5-h2-5.2.jar:/home/runner/.m2/repository/org/xmlunit/xmlunit-core/2.9.1/xmlunit-core-2.9.1.jar:/home/runner/.m2/repository/jakarta/xml/bind/jakarta.xml.bind-api/4.0.2/jakarta.xml.bind-api-4.0.2.jar:/home/runner/.m2/repository/org/xmlunit/xmlunit-legacy/2.9.1/xmlunit-legacy-2.9.1.jar:/home/runner/.m2/repository/org/xmlunit/xmlunit-placeholders/2.9.1/xmlunit-placeholders-2.9.1.jar:/home/runner/.m2/repository/net/javacrumbs/json-unit/json-unit-core/2.38.0/json-unit-core-2.38.0.jar:/home/runner/.m2/repository/org/hamcrest/hamcrest-core/2.2/hamcrest-core-2.2.jar:/home/runner/.m2/repository/com/jayway/jsonpath/json-path/2.8.0/json-path-2.8.0.jar:/home/runner/.m2/repository/net/minidev/json-smart/2.4.10/json-smart-2.4.10.jar:/home/runner/.m2/repository/net/minidev/accessors-smart/2.4.9/accessors-smart-2.4.9.jar:/home/runner/.m2/repository/org/ow2/asm/asm/9.7.1/asm-9.7.1.jar:/home/runner/.m2/repository/net/sf/jopt-simple/jopt-simple/5.0.4/jopt-simple-5.0.4.jar:/home/runner/.m2/repository/com/github/jknack/handlebars/4.3.1/handlebars-4.3.1.jar:/home/runner/.m2/repository/com/github/jknack/handlebars-helpers/4.3.1/handlebars-helpers-4.3.1.jar:/home/runner/.m2/repository/commons-fileupload/commons-fileupload/1.5/commons-fileupload-1.5.jar:/home/runner/.m2/repository/com/networknt/json-schema-validator/1.5.8/json-schema-validator-1.5.8.jar:/home/runner/.m2/repository/com/ethlo/time/itu/1.10.3/itu-1.10.3.jar:/home/runner/.m2/repository/io/quarkus/quarkus-smallrye-jwt-build/3.20.2/quarkus-smallrye-jwt-build-3.20.2.jar:/home/runner/.m2/repository/io/smallrye/smallrye-jwt-build/4.6.2/smallrye-jwt-build-4.6.2.jar:/home/runner/.m2/repository/org/eclipse/microprofile/jwt/microprofile-jwt-auth-api/2.1/microprofile-jwt-auth-api-2.1.jar:/home/runner/.m2/repository/org/bitbucket/b_c/jose4j/0.9.6/jose4j-0.9.6.jar:/home/runner/.m2/repository/io/smallrye/smallrye-jwt-common/4.6.2/smallrye-jwt-common-4.6.2.jar:/home/runner/.m2/repository/io/quarkus/quarkus-jsonp/3.20.2/quarkus-jsonp-3.20.2.jar:/home/runner/.m2/repository/io/quarkus/quarkus-arc/3.20.2/quarkus-arc-3.20.2.jar:/home/runner/.m2/repository/io/quarkus/arc/arc/3.20.2/arc-3.20.2.jar:/home/runner/.m2/repository/jakarta/transaction/jakarta.transaction-api/2.0.1/jakarta.transaction-api-2.0.1.jar:/home/runner/.m2/repository/io/smallrye/reactive/mutiny/2.9.2/mutiny-2.9.2.jar:/home/runner/.m2/repository/org/jctools/jctools-core/4.0.5/jctools-core-4.0.5.jar:/home/runner/.m2/repository/org/eclipse/microprofile/context-propagation/microprofile-context-propagation-api/1.3/microprofile-context-propagation-api-1.3.jar:/home/runner/.m2/repository/io/apicurio/apicurio-common-rest-client-common/0.1.18.Final/apicurio-common-rest-client-common-0.1.18.Final.jar:/home/runner/work/apicurio-testing/apicurio-testing/clusters/ci419/namespaces/inmemory/tests/integration/apicurio-registry/utils/maven-plugin/target/apicurio-registry-maven-plugin-3.0.12-SNAPSHOT.jar:/home/runner/.m2/repository/com/fasterxml/jackson/core/jackson-databind/2.18.2/jackson-databind-2.18.2.jar:/home/runner/.m2/repository/org/apache/avro/avro/1.12.0/avro-1.12.0.jar:/home/runner/.m2/repository/com/google/protobuf/protobuf-java/4.31.1/protobuf-java-4.31.1.jar:/home/runner/.m2/repository/com/google/protobuf/protobuf-java-util/4.31.1/protobuf-java-util-4.31.1.jar:/home/runner/.m2/repository/com/google/code/findbugs/jsr305/3.0.2/jsr305-3.0.2.jar:/home/runner/.m2/repository/com/google/code/gson/gson/2.12.1/gson-2.12.1.jar:/home/runner/.m2/repository/com/google/errorprone/error_prone_annotations/2.36.0/error_prone_annotations-2.36.0.jar:/home/runner/.m2/repository/com/google/j2objc/j2objc-annotations/2.8/j2objc-annotations-2.8.jar:/home/runner/work/apicurio-testing/apicurio-testing/clusters/ci419/namespaces/inmemory/tests/integration/apicurio-registry/schema-util/util-provider/target/apicurio-registry-schema-util-provider-3.0.12-SNAPSHOT.jar:/home/runner/work/apicurio-testing/apicurio-testing/clusters/ci419/namespaces/inmemory/tests/integration/apicurio-registry/schema-util/common/target/apicurio-registry-schema-util-common-3.0.12-SNAPSHOT.jar:/home/runner/.m2/repository/com/fasterxml/jackson/module/jackson-module-parameter-names/2.18.2/jackson-module-parameter-names-2.18.2.jar:/home/runner/.m2/repository/com/fasterxml/jackson/datatype/jackson-datatype-json-org/2.18.2/jackson-datatype-json-org-2.18.2.jar:/home/runner/work/apicurio-testing/apicurio-testing/clusters/ci419/namespaces/inmemory/tests/integration/apicurio-registry/schema-util/json/target/apicurio-registry-schema-util-json-3.0.12-SNAPSHOT.jar:/home/runner/.m2/repository/com/github/erosb/everit-json-schema/1.14.5/everit-json-schema-1.14.5.jar:/home/runner/.m2/repository/commons-validator/commons-validator/1.9.0/commons-validator-1.9.0.jar:/home/runner/.m2/repository/commons-digester/commons-digester/2.1/commons-digester-2.1.jar:/home/runner/.m2/repository/commons-collections/commons-collections/3.2.2/commons-collections-3.2.2.jar:/home/runner/.m2/repository/com/damnhandy/handy-uri-templates/2.1.8/handy-uri-templates-2.1.8.jar:/home/runner/.m2/repository/joda-time/joda-time/2.10.2/joda-time-2.10.2.jar:/home/runner/.m2/repository/com/github/erosb/json-sKema/0.20.0/json-sKema-0.20.0.jar:/home/runner/.m2/repository/io/vertx/vertx-json-schema/4.5.16/vertx-json-schema-4.5.16.jar:/home/runner/work/apicurio-testing/apicurio-testing/clusters/ci419/namespaces/inmemory/tests/integration/apicurio-registry/schema-util/protobuf/target/apicurio-registry-schema-util-protobuf-3.0.12-SNAPSHOT.jar:/home/runner/work/apicurio-testing/apicurio-testing/clusters/ci419/namespaces/inmemory/tests/integration/apicurio-registry/utils/protobuf-schema-utilities/target/apicurio-registry-protobuf-schema-utilities-3.0.12-SNAPSHOT.jar:/home/runner/.m2/repository/com/google/api/grpc/proto-google-common-protos/2.52.0/proto-google-common-protos-2.52.0.jar:/home/runner/.m2/repository/com/squareup/wire/wire-schema-jvm/5.3.3/wire-schema-jvm-5.3.3.jar:/home/runner/.m2/repository/com/palantir/javapoet/javapoet/0.6.0/javapoet-0.6.0.jar:/home/runner/.m2/repository/com/squareup/kotlinpoet-jvm/2.0.0/kotlinpoet-jvm-2.0.0.jar:/home/runner/.m2/repository/org/jetbrains/kotlin/kotlin-reflect/2.0.21/kotlin-reflect-2.0.21.jar:/home/runner/.m2/repository/com/squareup/wire/wire-runtime-jvm/5.3.3/wire-runtime-jvm-5.3.3.jar:/home/runner/.m2/repository/com/ibm/icu/icu4j/76.1/icu4j-76.1.jar:/home/runner/.m2/repository/com/squareup/okio/okio-fakefilesystem/3.10.2/okio-fakefilesystem-3.10.2.jar:/home/runner/.m2/repository/com/squareup/okio/okio-fakefilesystem-jvm/3.10.2/okio-fakefilesystem-jvm-3.10.2.jar:/home/runner/.m2/repository/org/jetbrains/kotlinx/kotlinx-datetime-jvm/0.6.1/kotlinx-datetime-jvm-0.6.1.jar:/home/runner/work/apicurio-testing/apicurio-testing/clusters/ci419/namespaces/inmemory/tests/integration/apicurio-registry/schema-util/asyncapi/target/apicurio-registry-schema-util-asyncapi-3.0.12-SNAPSHOT.jar:/home/runner/work/apicurio-testing/apicurio-testing/clusters/ci419/namespaces/inmemory/tests/integration/apicurio-registry/schema-util/avro/target/apicurio-registry-schema-util-avro-3.0.12-SNAPSHOT.jar:/home/runner/work/apicurio-testing/apicurio-testing/clusters/ci419/namespaces/inmemory/tests/integration/apicurio-registry/schema-util/graphql/target/apicurio-registry-schema-util-graphql-3.0.12-SNAPSHOT.jar:/home/runner/.m2/repository/com/graphql-java/graphql-java/22.4/graphql-java-22.4.jar:/home/runner/.m2/repository/com/graphql-java/java-dataloader/3.3.0/java-dataloader-3.3.0.jar:/home/runner/work/apicurio-testing/apicurio-testing/clusters/ci419/namespaces/inmemory/tests/integration/apicurio-registry/schema-util/kconnect/target/apicurio-registry-schema-util-kconnect-3.0.12-SNAPSHOT.jar:/home/runner/work/apicurio-testing/apicurio-testing/clusters/ci419/namespaces/inmemory/tests/integration/apicurio-registry/schema-util/openapi/target/apicurio-registry-schema-util-openapi-3.0.12-SNAPSHOT.jar:/home/runner/.m2/repository/io/apicurio/apicurio-data-models/2.2.2/apicurio-data-models-2.2.2.jar:/home/runner/.m2/repository/org/openapitools/openapidiff/openapi-diff-core/2.1.2/openapi-diff-core-2.1.2.jar:/home/runner/.m2/repository/io/swagger/parser/v3/swagger-parser/2.1.28/swagger-parser-2.1.28.jar:/home/runner/.m2/repository/io/swagger/parser/v3/swagger-parser-v2-converter/2.1.28/swagger-parser-v2-converter-2.1.28.jar:/home/runner/.m2/repository/io/swagger/swagger-core/1.6.16/swagger-core-1.6.16.jar:/home/runner/.m2/repository/io/swagger/swagger-models/1.6.16/swagger-models-1.6.16.jar:/home/runner/.m2/repository/io/swagger/swagger-annotations/1.6.16/swagger-annotations-1.6.16.jar:/home/runner/.m2/repository/io/swagger/swagger-parser/1.0.75/swagger-parser-1.0.75.jar:/home/runner/.m2/repository/io/swagger/swagger-parser-safe-url-resolver/1.0.75/swagger-parser-safe-url-resolver-1.0.75.jar:/home/runner/.m2/repository/io/swagger/swagger-compat-spec-parser/1.0.75/swagger-compat-spec-parser-1.0.75.jar:/home/runner/.m2/repository/com/github/java-json-tools/json-schema-validator/2.2.14/json-schema-validator-2.2.14.jar:/home/runner/.m2/repository/com/github/java-json-tools/jackson-coreutils-equivalence/1.0/jackson-coreutils-equivalence-1.0.jar:/home/runner/.m2/repository/com/github/java-json-tools/json-schema-core/1.2.14/json-schema-core-1.2.14.jar:/home/runner/.m2/repository/com/github/java-json-tools/uri-template/0.10/uri-template-0.10.jar:/home/runner/.m2/repository/com/googlecode/libphonenumber/libphonenumber/8.11.1/libphonenumber-8.11.1.jar:/home/runner/.m2/repository/com/j2html/j2html/1.6.0/j2html-1.6.0.jar:/home/runner/.m2/repository/org/apache/commons/commons-collections4/4.5.0/commons-collections4-4.5.0.jar:/home/runner/.m2/repository/org/slf4j/jcl-over-slf4j/2.0.17/jcl-over-slf4j-2.0.17.jar:/home/runner/.m2/repository/io/swagger/parser/v3/swagger-parser-v3/2.1.31/swagger-parser-v3-2.1.31.jar:/home/runner/.m2/repository/io/swagger/core/v3/swagger-models/2.2.34/swagger-models-2.2.34.jar:/home/runner/.m2/repository/io/swagger/core/v3/swagger-core/2.2.34/swagger-core-2.2.34.jar:/home/runner/.m2/repository/io/swagger/parser/v3/swagger-parser-core/2.1.31/swagger-parser-core-2.1.31.jar:/home/runner/.m2/repository/io/swagger/parser/v3/swagger-parser-safe-url-resolver/2.1.31/swagger-parser-safe-url-resolver-2.1.31.jar:/home/runner/work/apicurio-testing/apicurio-testing/clusters/ci419/namespaces/inmemory/tests/integration/apicurio-registry/schema-util/wsdl/target/apicurio-registry-schema-util-wsdl-3.0.12-SNAPSHOT.jar:/home/runner/.m2/repository/wsdl4j/wsdl4j/1.6.3/wsdl4j-1.6.3.jar:/home/runner/work/apicurio-testing/apicurio-testing/clusters/ci419/namespaces/inmemory/tests/integration/apicurio-registry/schema-util/xml/target/apicurio-registry-schema-util-xml-3.0.12-SNAPSHOT.jar:/home/runner/.m2/repository/org/apache/santuario/xmlsec/4.0.4/xmlsec-4.0.4.jar:/home/runner/.m2/repository/com/fasterxml/woodstox/woodstox-core/7.1.1/woodstox-core-7.1.1.jar:/home/runner/.m2/repository/org/codehaus/woodstox/stax2-api/4.2.2/stax2-api-4.2.2.jar:/home/runner/work/apicurio-testing/apicurio-testing/clusters/ci419/namespaces/inmemory/tests/integration/apicurio-registry/schema-util/xsd/target/apicurio-registry-schema-util-xsd-3.0.12-SNAPSHOT.jar:/home/runner/work/apicurio-testing/apicurio-testing/clusters/ci419/namespaces/inmemory/tests/integration/apicurio-registry/serdes/kafka/jsonschema-serde/target/apicurio-registry-jsonschema-serde-kafka-3.0.12-SNAPSHOT.jar:/home/runner/work/apicurio-testing/apicurio-testing/clusters/ci419/namespaces/inmemory/tests/integration/apicurio-registry/serdes/kafka/serde-kafka-common/target/apicurio-registry-serde-kafka-common-3.0.12-SNAPSHOT.jar:/home/runner/work/apicurio-testing/apicurio-testing/clusters/ci419/namespaces/inmemory/tests/integration/apicurio-registry/serdes/generic/serde-common/target/apicurio-registry-serde-common-3.0.12-SNAPSHOT.jar:/home/runner/work/apicurio-testing/apicurio-testing/clusters/ci419/namespaces/inmemory/tests/integration/apicurio-registry/serdes/generic/serde-common-jsonschema/target/apicurio-registry-serde-common-jsonschema-3.0.12-SNAPSHOT.jar:/home/runner/.m2/repository/org/json/json/20250107/json-20250107.jar:/home/runner/work/apicurio-testing/apicurio-testing/clusters/ci419/namespaces/inmemory/tests/integration/apicurio-registry/serdes/kafka/avro-serde/target/apicurio-registry-avro-serde-kafka-3.0.12-SNAPSHOT.jar:/home/runner/work/apicurio-testing/apicurio-testing/clusters/ci419/namespaces/inmemory/tests/integration/apicurio-registry/serdes/generic/serde-common-avro/target/apicurio-registry-serde-common-avro-3.0.12-SNAPSHOT.jar:/home/runner/work/apicurio-testing/apicurio-testing/clusters/ci419/namespaces/inmemory/tests/integration/apicurio-registry/serdes/kafka/protobuf-serde/target/apicurio-registry-protobuf-serde-kafka-3.0.12-SNAPSHOT.jar:/home/runner/work/apicurio-testing/apicurio-testing/clusters/ci419/namespaces/inmemory/tests/integration/apicurio-registry/serdes/generic/serde-common-protobuf/target/apicurio-registry-serde-common-protobuf-3.0.12-SNAPSHOT.jar:/home/runner/.m2/repository/com/squareup/wire/wire-schema/5.3.3/wire-schema-5.3.3.jar:/home/runner/.m2/repository/com/squareup/wire/wire-runtime/5.3.3/wire-runtime-5.3.3.jar:/home/runner/work/apicurio-testing/apicurio-testing/clusters/ci419/namespaces/inmemory/tests/integration/apicurio-registry/serdes/pulsar/avro-serde/target/apicurio-registry-avro-serde-pulsar-3.0.12-SNAPSHOT.jar:/home/runner/.m2/repository/org/apache/pulsar/pulsar-functions-api/3.3.8/pulsar-functions-api-3.3.8.jar:/home/runner/work/apicurio-testing/apicurio-testing/clusters/ci419/namespaces/inmemory/tests/integration/apicurio-registry/serdes/nats/avro-serde/target/apicurio-registry-avro-serde-nats-3.0.12-SNAPSHOT.jar:/home/runner/.m2/repository/io/nats/jnats/2.21.4/jnats-2.21.4.jar:/home/runner/.m2/repository/org/bouncycastle/bcprov-lts8on/2.73.7/bcprov-lts8on-2.73.7.jar:/home/runner/.m2/repository/org/jetbrains/annotations/26.0.2/annotations-26.0.2.jar:/home/runner/work/apicurio-testing/apicurio-testing/clusters/ci419/namespaces/inmemory/tests/integration/apicurio-registry/utils/converter/target/apicurio-registry-utils-converter-3.0.12-SNAPSHOT.jar:/home/runner/work/apicurio-testing/apicurio-testing/clusters/ci419/namespaces/inmemory/tests/integration/apicurio-registry/schema-resolver/target/apicurio-registry-schema-resolver-3.0.12-SNAPSHOT.jar:/home/runner/.m2/repository/org/apache/kafka/connect-api/3.9.1/connect-api-3.9.1.jar:/home/runner/.m2/repository/javax/ws/rs/javax.ws.rs-api/2.1.1/javax.ws.rs-api-2.1.1.jar:/home/runner/.m2/repository/org/apache/kafka/connect-json/3.9.1/connect-json-3.9.1.jar:/home/runner/.m2/repository/com/fasterxml/jackson/datatype/jackson-datatype-jdk8/2.18.2/jackson-datatype-jdk8-2.18.2.jar:/home/runner/.m2/repository/com/fasterxml/jackson/module/jackson-module-afterburner/2.18.2/jackson-module-afterburner-2.18.2.jar:/home/runner/work/apicurio-testing/apicurio-testing/clusters/ci419/namespaces/inmemory/tests/integration/apicurio-registry/utils/kafka/target/apicurio-registry-utils-kafka-3.0.12-SNAPSHOT.jar:/home/runner/.m2/repository/org/apache/pulsar/pulsar-client/3.3.8/pulsar-client-3.3.8.jar:/home/runner/.m2/repository/org/apache/pulsar/pulsar-client-api/3.3.8/pulsar-client-api-3.3.8.jar:/home/runner/.m2/repository/org/apache/pulsar/pulsar-client-admin-api/3.3.8/pulsar-client-admin-api-3.3.8.jar:/home/runner/.m2/repository/org/apache/pulsar/bouncy-castle-bc/3.3.8/bouncy-castle-bc-3.3.8-pkg.jar:/home/runner/.m2/repository/org/bouncycastle/bcpkix-jdk18on/1.81/bcpkix-jdk18on-1.81.jar:/home/runner/.m2/repository/org/bouncycastle/bcutil-jdk18on/1.81/bcutil-jdk18on-1.81.jar:/home/runner/.m2/repository/org/bouncycastle/bcprov-jdk18on/1.81/bcprov-jdk18on-1.81.jar:/home/runner/.m2/repository/io/opentelemetry/opentelemetry-api/1.44.1/opentelemetry-api-1.44.1.jar:/home/runner/.m2/repository/io/opentelemetry/opentelemetry-context/1.44.1/opentelemetry-context-1.44.1.jar:/home/runner/.m2/repository/io/opentelemetry/opentelemetry-api-incubator/1.44.1-alpha/opentelemetry-api-incubator-1.44.1-alpha.jar:/home/runner/.m2/repository/com/fasterxml/jackson/core/jackson-annotations/2.18.2/jackson-annotations-2.18.2.jar:/home/runner/.m2/repository/javax/validation/validation-api/1.1.0.Final/validation-api-1.1.0.Final.jar:/home/runner/.m2/repository/org/jspecify/jspecify/1.0.0/jspecify-1.0.0.jar:/home/runner/.m2/repository/org/apache/commons/commons-configuration2/2.12.0/commons-configuration2-2.12.0.jar:/home/runner/.m2/repository/commons-logging/commons-logging/1.3.5/commons-logging-1.3.5.jar:/home/runner/.m2/repository/org/apache/commons/commons-text/1.13.0/commons-text-1.13.0.jar:/home/runner/.m2/repository/io/confluent/kafka-avro-serializer/8.0.0/kafka-avro-serializer-8.0.0.jar:/home/runner/.m2/repository/org/apache/commons/commons-compress/1.27.1/commons-compress-1.27.1.jar:/home/runner/.m2/repository/io/confluent/kafka-schema-serializer/8.0.0/kafka-schema-serializer-8.0.0.jar:/home/runner/.m2/repository/com/fasterxml/jackson/dataformat/jackson-dataformat-csv/2.18.2/jackson-dataformat-csv-2.18.2.jar:/home/runner/.m2/repository/io/confluent/kafka-schema-registry-client/8.0.0/kafka-schema-registry-client-8.0.0.jar:/home/runner/.m2/repository/org/yaml/snakeyaml/2.3/snakeyaml-2.3.jar:/home/runner/.m2/repository/io/swagger/core/v3/swagger-annotations/2.2.29/swagger-annotations-2.2.29.jar:/home/runner/.m2/repository/com/google/guava/guava/33.4.0-jre/guava-33.4.0-jre.jar:/home/runner/.m2/repository/com/google/guava/failureaccess/1.0.1/failureaccess-1.0.1.jar:/home/runner/.m2/repository/org/checkerframework/checker-qual/3.49.0/checker-qual-3.49.0.jar:/home/runner/.m2/repository/io/confluent/logredactor/1.0.13/logredactor-1.0.13.jar:/home/runner/.m2/repository/com/google/re2j/re2j/1.6/re2j-1.6.jar:/home/runner/.m2/repository/io/confluent/logredactor-metrics/1.0.13/logredactor-metrics-1.0.13.jar:/home/runner/.m2/repository/com/eclipsesource/minimal-json/minimal-json/0.9.5/minimal-json-0.9.5.jar:/home/runner/.m2/repository/io/confluent/common-utils/8.0.0/common-utils-8.0.0.jar:/home/runner/.m2/repository/io/confluent/kafka-connect-avro-converter/8.0.0/kafka-connect-avro-converter-8.0.0.jar:/home/runner/.m2/repository/io/confluent/kafka-connect-avro-data/8.0.0/kafka-connect-avro-data-8.0.0.jar:/home/runner/.m2/repository/io/confluent/kafka-schema-converter/8.0.0/kafka-schema-converter-8.0.0.jar:/home/runner/.m2/repository/io/rest-assured/rest-assured/5.5.1/rest-assured-5.5.1.jar:/home/runner/.m2/repository/org/apache/groovy/groovy/4.0.22/groovy-4.0.22.jar:/home/runner/.m2/repository/org/apache/groovy/groovy-xml/4.0.22/groovy-xml-4.0.22.jar:/home/runner/.m2/repository/org/apache/httpcomponents/httpclient/4.5.14/httpclient-4.5.14.jar:/home/runner/.m2/repository/org/apache/httpcomponents/httpcore/4.4.16/httpcore-4.4.16.jar:/home/runner/.m2/repository/org/apache/httpcomponents/httpmime/4.5.14/httpmime-4.5.14.jar:/home/runner/.m2/repository/org/hamcrest/hamcrest/2.2/hamcrest-2.2.jar:/home/runner/.m2/repository/org/ccil/cowan/tagsoup/tagsoup/1.2.1/tagsoup-1.2.1.jar:/home/runner/.m2/repository/io/rest-assured/json-path/5.5.1/json-path-5.5.1.jar:/home/runner/.m2/repository/org/apache/groovy/groovy-json/4.0.22/groovy-json-4.0.22.jar:/home/runner/.m2/repository/io/rest-assured/rest-assured-common/5.5.1/rest-assured-common-5.5.1.jar:/home/runner/.m2/repository/io/rest-assured/xml-path/5.5.1/xml-path-5.5.1.jar:/home/runner/.m2/repository/io/zonky/test/embedded-postgres/2.1.0/embedded-postgres-2.1.0.jar:/home/runner/.m2/repository/io/zonky/test/postgres/embedded-postgres-binaries-windows-amd64/14.15.0/embedded-postgres-binaries-windows-amd64-14.15.0.jar:/home/runner/.m2/repository/io/zonky/test/postgres/embedded-postgres-binaries-darwin-amd64/14.15.0/embedded-postgres-binaries-darwin-amd64-14.15.0.jar:/home/runner/.m2/repository/io/zonky/test/postgres/embedded-postgres-binaries-linux-amd64/14.15.0/embedded-postgres-binaries-linux-amd64-14.15.0.jar:/home/runner/.m2/repository/io/zonky/test/postgres/embedded-postgres-binaries-linux-amd64-alpine/14.15.0/embedded-postgres-binaries-linux-amd64-alpine-14.15.0.jar:/home/runner/.m2/repository/org/apache/commons/commons-lang3/3.17.0/commons-lang3-3.17.0.jar:/home/runner/.m2/repository/org/tukaani/xz/1.10/xz-1.10.jar:/home/runner/.m2/repository/commons-codec/commons-codec/1.19.0/commons-codec-1.19.0.jar:/home/runner/.m2/repository/org/postgresql/postgresql/42.7.7/postgresql-42.7.7.jar:/home/runner/.m2/repository/commons-io/commons-io/2.18.0/commons-io-2.18.0.jar:/home/runner/work/apicurio-testing/apicurio-testing/clusters/ci419/namespaces/inmemory/tests/integration/apicurio-registry/utils/importexport/target/apicurio-registry-utils-import-export-3.0.12-SNAPSHOT.jar:/home/runner/.m2/repository/io/vertx/vertx-core/4.5.16/vertx-core-4.5.16.jar:/home/runner/.m2/repository/io/netty/netty-common/4.1.121.Final/netty-common-4.1.121.Final.jar:/home/runner/.m2/repository/io/netty/netty-buffer/4.1.121.Final/netty-buffer-4.1.121.Final.jar:/home/runner/.m2/repository/io/netty/netty-transport/4.1.121.Final/netty-transport-4.1.121.Final.jar:/home/runner/.m2/repository/io/netty/netty-handler/4.1.121.Final/netty-handler-4.1.121.Final.jar:/home/runner/.m2/repository/io/netty/netty-transport-native-unix-common/4.1.121.Final/netty-transport-native-unix-common-4.1.121.Final.jar:/home/runner/.m2/repository/io/netty/netty-codec/4.1.121.Final/netty-codec-4.1.121.Final.jar:/home/runner/.m2/repository/io/netty/netty-handler-proxy/4.1.121.Final/netty-handler-proxy-4.1.121.Final.jar:/home/runner/.m2/repository/io/netty/netty-codec-socks/4.1.121.Final/netty-codec-socks-4.1.121.Final.jar:/home/runner/.m2/repository/io/netty/netty-codec-http/4.1.121.Final/netty-codec-http-4.1.121.Final.jar:/home/runner/.m2/repository/io/netty/netty-codec-http2/4.1.121.Final/netty-codec-http2-4.1.121.Final.jar:/home/runner/.m2/repository/io/netty/netty-resolver/4.1.121.Final/netty-resolver-4.1.121.Final.jar:/home/runner/.m2/repository/io/netty/netty-resolver-dns/4.1.121.Final/netty-resolver-dns-4.1.121.Final.jar:/home/runner/.m2/repository/io/netty/netty-codec-dns/4.1.121.Final/netty-codec-dns-4.1.121.Final.jar:/home/runner/.m2/repository/com/fasterxml/jackson/core/jackson-core/2.18.2/jackson-core-2.18.2.jar:"/>
    <property name="sun.cpu.endian" value="little"/>
    <property name="user.home" value="/home/runner"/>
    <property name="user.language" value="en"/>
    <property name="jboss.log-version" value="false"/>
    <property name="java.specification.vendor" value="Oracle Corporation"/>
    <property name="java.version.date" value="2025-07-15"/>
    <property name="java.home" value="/usr/lib/jvm/temurin-17-jdk-amd64"/>
    <property name="file.separator" value="/"/>
    <property name="basedir" value="/home/runner/work/apicurio-testing/apicurio-testing/clusters/ci419/namespaces/inmemory/tests/integration/apicurio-registry/integration-tests"/>
    <property name="java.vm.compressedOopsMode" value="32-bit"/>
    <property name="line.separator" value="&#10;"/>
    <property name="java.specification.name" value="Java Platform API Specification"/>
    <property name="java.vm.specification.vendor" value="Oracle Corporation"/>
    <property name="quarkus.http.test-host" value="registry-app-inmemory.apps.ci419.apicurio-testing.org"/>
    <property name="surefire.real.class.path" value="/home/runner/work/apicurio-testing/apicurio-testing/clusters/ci419/namespaces/inmemory/tests/integration/apicurio-registry/integration-tests/target/surefire/surefirebooter-20250813181646096_3.jar"/>
    <property name="sun.management.compiler" value="HotSpot 64-Bit Tiered Compilers"/>
    <property name="org.eclipse.jetty.http.HttpGenerator.STRICT" value="true"/>
    <property name="java.runtime.version" value="17.0.16+8"/>
    <property name="user.name" value="runner"/>
    <property name="path.separator" value=":"/>
    <property name="os.version" value="6.8.0-1031-azure"/>
    <property name="java.runtime.name" value="OpenJDK Runtime Environment"/>
    <property name="file.encoding" value="UTF-8"/>
    <property name="jnidispatch.path" value="/home/runner/.cache/JNA/temp/jna1734588995973226412.tmp"/>
    <property name="java.vm.name" value="OpenJDK 64-Bit Server VM"/>
    <property name="jna.platform.library.path" value="/usr/lib/x86_64-linux-gnu:/lib/x86_64-linux-gnu:/usr/lib64:/lib64:/usr/lib:/lib:/lib32:/usr/local/lib:/usr/lib/x86_64-linux-gnu/libfakeroot"/>
    <property name="java.vendor.version" value="Temurin-17.0.16+8"/>
    <property name="quarkus.oidc.token-path" value="https://keycloak-inmemory.apps.ci419.apicurio-testing.org/realms/registry/protocol/openid-connect/token"/>
    <property name="quarkus.http.host" value="registry-app-inmemory.apps.ci419.apicurio-testing.org"/>
    <property name="localRepository" value="/home/runner/.m2/repository"/>
    <property name="javax.xml.xpath.XPathFactory:http://java.sun.com/jaxp/xpath/dom" value="com.sun.org.apache.xpath.internal.jaxp.XPathFactoryImpl"/>
    <property name="jna.loaded" value="true"/>
    <property name="java.vendor.url.bug" value="https://github.com/adoptium/adoptium-support/issues"/>
    <property name="jetty.git.hash" value="5bc5e562c8d05c5862505aebe5cf83a61bdbcb96"/>
    <property name="java.io.tmpdir" value="/tmp"/>
    <property name="quarkus.http.test-protocol" value="http"/>
    <property name="java.version" value="17.0.16"/>
    <property name="user.dir" value="/home/runner/work/apicurio-testing/apicurio-testing/clusters/ci419/namespaces/inmemory/tests/integration/apicurio-registry/integration-tests"/>
    <property name="os.arch" value="amd64"/>
    <property name="groups" value="( smoke | serdes | acceptance | ui)"/>
    <property name="java.vm.specification.name" value="Java Virtual Machine Specification"/>
    <property name="native.encoding" value="UTF-8"/>
    <property name="java.util.logging.manager" value="org.jboss.logmanager.LogManager"/>
    <property name="java.library.path" value="/usr/java/packages/lib:/usr/lib64:/lib64:/lib:/usr/lib"/>
    <property name="jdk.console" value="java.base"/>
    <property name="java.vm.info" value="mixed mode, sharing"/>
    <property name="java.vendor" value="Eclipse Adoptium"/>
    <property name="java.vm.version" value="17.0.16+8"/>
    <property name="java.specification.maintenance.version" value="1"/>
    <property name="sun.io.unicode.encoding" value="UnicodeLittle"/>
    <property name="javax.xml.transform.TransformerFactory" value="com.sun.org.apache.xalan.internal.xsltc.trax.TransformerFactoryImpl"/>
    <property name="java.class.version" value="61.0"/>
  </properties>
  <testcase name="testGlobalIdInHeaders" classname="io.apicurio.tests.serdes.apicurio.AvroSerdeIT" time="6.346">
    <system-out><![CDATA[**** Registry Base URL: http://registry-app-inmemory.apps.ci419.apicurio-testing.org:80
**** Registry Base URL: http://registry-app-inmemory.apps.ci419.apicurio-testing.org:80
2025-08-13 18:16:57,883 INFO  [io.api.tes.ser.api.AvroSerdeIT] (main) RestAssured configured with http://registry-app-inmemory.apps.ci419.apicurio-testing.org:80/apis/registry/v3
2025-08-13 18:16:57,906 INFO  [io.api.tes.uti.KafkaFacade] (main) Starting kafka container
2025-08-13 18:16:57,953 INFO  [org.tes.ima.PullPolicy] (main) Image pull policy will be performed by: DefaultPullPolicy()
2025-08-13 18:16:57,956 INFO  [org.tes.uti.ImageNameSubstitutor] (main) Image name substitution will be performed by: DefaultImageNameSubstitutor (composite of 'ConfigurationFileImageNameSubstitutor' and 'PrefixingImageNameSubstitutor')
2025-08-13 18:16:57,966 INFO  [org.tes.DockerClientFactory] (main) Testcontainers version: 1.20.6
2025-08-13 18:16:58,521 INFO  [org.tes.doc.DockerClientProviderStrategy] (main) Found Docker environment with local Unix socket (unix:///var/run/docker.sock)
2025-08-13 18:16:58,528 INFO  [org.tes.DockerClientFactory] (main) Docker host IP address is localhost
2025-08-13 18:16:58,550 INFO  [org.tes.DockerClientFactory] (main) Connected to docker: 
  Server Version: 28.0.4
  API Version: 1.48
  Operating System: Ubuntu 22.04.5 LTS
  Total Memory: 7944 MB
2025-08-13 18:16:58,596 INFO  [tc.tes.11.0] (main) Pulling docker image: testcontainers/ryuk:0.11.0. Please be patient; this may take some time but only needs to be done once.
2025-08-13 18:16:59,043 INFO  [tc.tes.11.0] (docker-java-stream--1295187651) Starting to pull image
2025-08-13 18:16:59,066 INFO  [tc.tes.11.0] (docker-java-stream--1295187651) Pulling image layers:  0 pending,  0 downloaded,  0 extracted, (0 bytes/0 bytes)
2025-08-13 18:16:59,232 INFO  [tc.tes.11.0] (docker-java-stream--1295187651) Pulling image layers:  2 pending,  1 downloaded,  0 extracted, (807 KB/? MB)
2025-08-13 18:16:59,268 INFO  [tc.tes.11.0] (docker-java-stream--1295187651) Pulling image layers:  1 pending,  2 downloaded,  0 extracted, (807 KB/? MB)
2025-08-13 18:16:59,388 INFO  [tc.tes.11.0] (docker-java-stream--1295187651) Pulling image layers:  1 pending,  2 downloaded,  1 extracted, (4 MB/? MB)
2025-08-13 18:16:59,639 INFO  [tc.tes.11.0] (docker-java-stream--1295187651) Pulling image layers:  0 pending,  3 downloaded,  1 extracted, (8 MB/10 MB)
2025-08-13 18:17:00,369 INFO  [tc.tes.11.0] (docker-java-stream--1295187651) Pulling image layers:  0 pending,  3 downloaded,  2 extracted, (8 MB/10 MB)
2025-08-13 18:17:00,412 INFO  [tc.tes.11.0] (docker-java-stream--1295187651) Pulling image layers:  0 pending,  3 downloaded,  3 extracted, (10 MB/10 MB)
2025-08-13 18:17:00,420 INFO  [tc.tes.11.0] (docker-java-stream--1295187651) Pull complete. 3 layers, pulled in 1s (downloaded 10 MB at 10 MB/s)
2025-08-13 18:17:00,420 INFO  [tc.tes.11.0] (main) Image testcontainers/ryuk:0.11.0 pull took PT1.824627746S
2025-08-13 18:17:00,454 INFO  [tc.tes.11.0] (main) Creating container for image: testcontainers/ryuk:0.11.0
2025-08-13 18:17:00,527 INFO  [tc.tes.11.0] (main) Container testcontainers/ryuk:0.11.0 is starting: 3ec82ba20888ba4a5bfb5eacd617e7daebff04f4d4fafbaf6d0bfc5bb59468a4
2025-08-13 18:17:00,888 INFO  [tc.tes.11.0] (main) Container testcontainers/ryuk:0.11.0 started in PT0.434112042S
2025-08-13 18:17:00,893 INFO  [org.tes.uti.RyukResourceReaper] (main) Ryuk started - will monitor and terminate Testcontainers containers on JVM exit
2025-08-13 18:17:00,894 INFO  [org.tes.DockerClientFactory] (main) Checking the system...
2025-08-13 18:17:00,894 INFO  [org.tes.DockerClientFactory] (main) ✔︎ Docker server version should be at least 1.6.0
2025-08-13 18:17:00,898 INFO  [io.str.tes.con.KafkaVersionService] (main) Latest release of Kafka is:LogicalKafkaVersionEntity{version='4.0.0', image='quay.io/strimzi-test-container/test-container:0.111.0-kafka-4.0.0'}
2025-08-13 18:17:00,898 INFO  [io.str.tes.con.KafkaVersionService] (main) Latest release of Kafka is:LogicalKafkaVersionEntity{version='4.0.0', image='quay.io/strimzi-test-container/test-container:0.111.0-kafka-4.0.0'}
2025-08-13 18:17:00,898 INFO  [io.str.tes.con.KafkaVersionService] (main) No Kafka version specified. Using latest release: 4.0.0
2025-08-13 18:17:00,903 INFO  [tc.qua.io/.111.0-k.0.0] (main) Pulling docker image: quay.io/strimzi-test-container/test-container:0.111.0-kafka-4.0.0. Please be patient; this may take some time but only needs to be done once.
2025-08-13 18:17:01,441 INFO  [tc.qua.io/.111.0-k.0.0] (docker-java-stream--29267298) Starting to pull image
2025-08-13 18:17:01,442 INFO  [tc.qua.io/.111.0-k.0.0] (docker-java-stream--29267298) Pulling image layers:  0 pending,  0 downloaded,  0 extracted, (0 bytes/0 bytes)
2025-08-13 18:17:01,972 INFO  [tc.qua.io/.111.0-k.0.0] (docker-java-stream--29267298) Pulling image layers:  6 pending,  1 downloaded,  0 extracted, (935 KB/? MB)
2025-08-13 18:17:02,118 INFO  [tc.qua.io/.111.0-k.0.0] (docker-java-stream--29267298) Pulling image layers:  5 pending,  2 downloaded,  0 extracted, (19 MB/? MB)
2025-08-13 18:17:02,284 INFO  [tc.qua.io/.111.0-k.0.0] (docker-java-stream--29267298) Pulling image layers:  4 pending,  3 downloaded,  0 extracted, (59 MB/? MB)
2025-08-13 18:17:02,580 INFO  [tc.qua.io/.111.0-k.0.0] (docker-java-stream--29267298) Pulling image layers:  3 pending,  4 downloaded,  0 extracted, (87 MB/? MB)
2025-08-13 18:17:02,706 INFO  [tc.qua.io/.111.0-k.0.0] (docker-java-stream--29267298) Pulling image layers:  2 pending,  5 downloaded,  0 extracted, (100 MB/? MB)
2025-08-13 18:17:02,953 INFO  [tc.qua.io/.111.0-k.0.0] (docker-java-stream--29267298) Pulling image layers:  1 pending,  6 downloaded,  0 extracted, (136 MB/? MB)
2025-08-13 18:17:03,481 INFO  [tc.qua.io/.111.0-k.0.0] (docker-java-stream--29267298) Pulling image layers:  1 pending,  6 downloaded,  1 extracted, (156 MB/? MB)
2025-08-13 18:17:05,621 INFO  [tc.qua.io/.111.0-k.0.0] (docker-java-stream--29267298) Pulling image layers:  0 pending,  7 downloaded,  1 extracted, (236 MB/249 MB)
2025-08-13 18:17:07,763 INFO  [tc.qua.io/.111.0-k.0.0] (docker-java-stream--29267298) Pulling image layers:  0 pending,  7 downloaded,  2 extracted, (242 MB/249 MB)
2025-08-13 18:17:07,797 INFO  [tc.qua.io/.111.0-k.0.0] (docker-java-stream--29267298) Pulling image layers:  0 pending,  7 downloaded,  3 extracted, (245 MB/249 MB)
2025-08-13 18:17:07,821 INFO  [tc.qua.io/.111.0-k.0.0] (docker-java-stream--29267298) Pulling image layers:  0 pending,  7 downloaded,  4 extracted, (245 MB/249 MB)
2025-08-13 18:17:08,921 INFO  [tc.qua.io/.111.0-k.0.0] (docker-java-stream--29267298) Pulling image layers:  0 pending,  7 downloaded,  5 extracted, (247 MB/249 MB)
2025-08-13 18:17:08,962 INFO  [tc.qua.io/.111.0-k.0.0] (docker-java-stream--29267298) Pulling image layers:  0 pending,  7 downloaded,  6 extracted, (249 MB/249 MB)
2025-08-13 18:17:08,977 INFO  [tc.qua.io/.111.0-k.0.0] (docker-java-stream--29267298) Pulling image layers:  0 pending,  7 downloaded,  7 extracted, (249 MB/249 MB)
2025-08-13 18:17:08,984 INFO  [tc.qua.io/.111.0-k.0.0] (main) Image quay.io/strimzi-test-container/test-container:0.111.0-kafka-4.0.0 pull took PT8.081129472S
2025-08-13 18:17:08,984 INFO  [tc.qua.io/.111.0-k.0.0] (docker-java-stream--29267298) Pull complete. 7 layers, pulled in 7s (downloaded 249 MB at 35 MB/s)
2025-08-13 18:17:08,988 INFO  [tc.qua.io/.111.0-k.0.0] (main) Creating container for image: quay.io/strimzi-test-container/test-container:0.111.0-kafka-4.0.0
2025-08-13 18:17:09,069 INFO  [tc.qua.io/.111.0-k.0.0] (main) Container quay.io/strimzi-test-container/test-container:0.111.0-kafka-4.0.0 is starting: cdb3b3ad7b81fa84d5d612ee158e91c7dfeca6eba6db5f9d5868feb7b360c57b
2025-08-13 18:17:09,258 INFO  [io.str.tes.con.StrimziKafkaContainer] (main) Mapped port: 32769
2025-08-13 18:17:09,259 WARN  [io.str.tes.con.StrimziKafkaContainer] (main) Node ID is not set. Using broker ID 0 as the default node ID.
2025-08-13 18:17:09,260 INFO  [io.str.tes.con.StrimziKafkaContainer] (main) This is all advertised listeners for Kafka PLAINTEXT://localhost:32769,BROKER1://172.18.0.2:9091,CONTROLLER://broker-0:9094
2025-08-13 18:17:09,293 INFO  [io.str.tes.con.StrimziKafkaContainer] (main) New `cluster.id` has been generated: 4IlD_Sy2TMOqYF-Nc3vIHA
2025-08-13 18:17:09,294 INFO  [io.str.tes.con.StrimziKafkaContainer] (main) Copying command to 'STARTER_SCRIPT' script.
2025-08-13 18:17:14,692 INFO  [tc.qua.io/.111.0-k.0.0] (main) Container quay.io/strimzi-test-container/test-container:0.111.0-kafka-4.0.0 started in PT5.703720423S
2025-08-13 18:17:14,695 INFO  [io.api.tes.uti.TestSeparator] (main) ############################################################################
2025-08-13 18:17:14,695 INFO  [io.api.tes.uti.TestSeparator] (main) io.apicurio.tests.serdes.apicurio.AvroSerdeIT.testGlobalIdInHeaders-STARTED
2025-08-13 18:17:14,703 INFO  [org.apa.kaf.cli.adm.AdminClientConfig] (main) AdminClientConfig values: 
	auto.include.jmx.reporter = true
	bootstrap.controllers = []
	bootstrap.servers = [PLAINTEXT://localhost:32769]
	client.dns.lookup = use_all_dns_ips
	client.id = 
	connections.max.idle.ms = 10000
	default.api.timeout.ms = 60000
	enable.metrics.push = true
	metadata.max.age.ms = 300000
	metadata.recovery.strategy = none
	metric.reporters = []
	metrics.num.samples = 2
	metrics.recording.level = INFO
	metrics.sample.window.ms = 30000
	receive.buffer.bytes = 65536
	reconnect.backoff.max.ms = 1000
	reconnect.backoff.ms = 50
	request.timeout.ms = 5000
	retries = 2147483647
	retry.backoff.max.ms = 1000
	retry.backoff.ms = 100
	sasl.client.callback.handler.class = null
	sasl.jaas.config = null
	sasl.kerberos.kinit.cmd = /usr/bin/kinit
	sasl.kerberos.min.time.before.relogin = 60000
	sasl.kerberos.service.name = null
	sasl.kerberos.ticket.renew.jitter = 0.05
	sasl.kerberos.ticket.renew.window.factor = 0.8
	sasl.login.callback.handler.class = null
	sasl.login.class = null
	sasl.login.connect.timeout.ms = null
	sasl.login.read.timeout.ms = null
	sasl.login.refresh.buffer.seconds = 300
	sasl.login.refresh.min.period.seconds = 60
	sasl.login.refresh.window.factor = 0.8
	sasl.login.refresh.window.jitter = 0.05
	sasl.login.retry.backoff.max.ms = 10000
	sasl.login.retry.backoff.ms = 100
	sasl.mechanism = GSSAPI
	sasl.oauthbearer.clock.skew.seconds = 30
	sasl.oauthbearer.expected.audience = null
	sasl.oauthbearer.expected.issuer = null
	sasl.oauthbearer.header.urlencode = false
	sasl.oauthbearer.jwks.endpoint.refresh.ms = 3600000
	sasl.oauthbearer.jwks.endpoint.retry.backoff.max.ms = 10000
	sasl.oauthbearer.jwks.endpoint.retry.backoff.ms = 100
	sasl.oauthbearer.jwks.endpoint.url = null
	sasl.oauthbearer.scope.claim.name = scope
	sasl.oauthbearer.sub.claim.name = sub
	sasl.oauthbearer.token.endpoint.url = null
	security.protocol = PLAINTEXT
	security.providers = null
	send.buffer.bytes = 131072
	socket.connection.setup.timeout.max.ms = 30000
	socket.connection.setup.timeout.ms = 10000
	ssl.cipher.suites = null
	ssl.enabled.protocols = [TLSv1.2, TLSv1.3]
	ssl.endpoint.identification.algorithm = https
	ssl.engine.factory.class = null
	ssl.key.password = null
	ssl.keymanager.algorithm = SunX509
	ssl.keystore.certificate.chain = null
	ssl.keystore.key = null
	ssl.keystore.location = null
	ssl.keystore.password = null
	ssl.keystore.type = JKS
	ssl.protocol = TLSv1.3
	ssl.provider = null
	ssl.secure.random.implementation = null
	ssl.trustmanager.algorithm = PKIX
	ssl.truststore.certificates = null
	ssl.truststore.location = null
	ssl.truststore.password = null
	ssl.truststore.type = JKS

2025-08-13 18:17:15,097 INFO  [org.apa.kaf.com.uti.AppInfoParser] (main) Kafka version: 3.9.1
2025-08-13 18:17:15,098 INFO  [org.apa.kaf.com.uti.AppInfoParser] (main) Kafka commitId: f745dfdcee2b9851
2025-08-13 18:17:15,099 INFO  [org.apa.kaf.com.uti.AppInfoParser] (main) Kafka startTimeMs: 1755109035096
**** Registry Base URL: http://registry-app-inmemory.apps.ci419.apicurio-testing.org:80
2025-08-13 18:17:15,153 INFO  [org.apa.kaf.cli.pro.ProducerConfig] (main) ProducerConfig values: 
	acks = -1
	auto.include.jmx.reporter = true
	batch.size = 16384
	bootstrap.servers = [PLAINTEXT://localhost:32769]
	buffer.memory = 33554432
	client.dns.lookup = use_all_dns_ips
	client.id = Producer-topic-51a9ce94_07b3_4cce_84ed_d2e1766b1847
	compression.gzip.level = -1
	compression.lz4.level = 9
	compression.type = none
	compression.zstd.level = 3
	connections.max.idle.ms = 10000
	delivery.timeout.ms = 120000
	enable.idempotence = true
	enable.metrics.push = true
	interceptor.classes = []
	key.serializer = class org.apache.kafka.common.serialization.StringSerializer
	linger.ms = 0
	max.block.ms = 60000
	max.in.flight.requests.per.connection = 5
	max.request.size = 1048576
	metadata.max.age.ms = 300000
	metadata.max.idle.ms = 300000
	metadata.recovery.strategy = none
	metric.reporters = []
	metrics.num.samples = 2
	metrics.recording.level = INFO
	metrics.sample.window.ms = 30000
	partitioner.adaptive.partitioning.enable = true
	partitioner.availability.timeout.ms = 0
	partitioner.class = null
	partitioner.ignore.keys = false
	receive.buffer.bytes = 32768
	reconnect.backoff.max.ms = 1000
	reconnect.backoff.ms = 50
	request.timeout.ms = 5000
	retries = 2147483647
	retry.backoff.max.ms = 1000
	retry.backoff.ms = 100
	sasl.client.callback.handler.class = null
	sasl.jaas.config = null
	sasl.kerberos.kinit.cmd = /usr/bin/kinit
	sasl.kerberos.min.time.before.relogin = 60000
	sasl.kerberos.service.name = null
	sasl.kerberos.ticket.renew.jitter = 0.05
	sasl.kerberos.ticket.renew.window.factor = 0.8
	sasl.login.callback.handler.class = null
	sasl.login.class = null
	sasl.login.connect.timeout.ms = null
	sasl.login.read.timeout.ms = null
	sasl.login.refresh.buffer.seconds = 300
	sasl.login.refresh.min.period.seconds = 60
	sasl.login.refresh.window.factor = 0.8
	sasl.login.refresh.window.jitter = 0.05
	sasl.login.retry.backoff.max.ms = 10000
	sasl.login.retry.backoff.ms = 100
	sasl.mechanism = GSSAPI
	sasl.oauthbearer.clock.skew.seconds = 30
	sasl.oauthbearer.expected.audience = null
	sasl.oauthbearer.expected.issuer = null
	sasl.oauthbearer.header.urlencode = false
	sasl.oauthbearer.jwks.endpoint.refresh.ms = 3600000
	sasl.oauthbearer.jwks.endpoint.retry.backoff.max.ms = 10000
	sasl.oauthbearer.jwks.endpoint.retry.backoff.ms = 100
	sasl.oauthbearer.jwks.endpoint.url = null
	sasl.oauthbearer.scope.claim.name = scope
	sasl.oauthbearer.sub.claim.name = sub
	sasl.oauthbearer.token.endpoint.url = null
	security.protocol = PLAINTEXT
	security.providers = null
	send.buffer.bytes = 131072
	socket.connection.setup.timeout.max.ms = 30000
	socket.connection.setup.timeout.ms = 10000
	ssl.cipher.suites = null
	ssl.enabled.protocols = [TLSv1.2, TLSv1.3]
	ssl.endpoint.identification.algorithm = https
	ssl.engine.factory.class = null
	ssl.key.password = null
	ssl.keymanager.algorithm = SunX509
	ssl.keystore.certificate.chain = null
	ssl.keystore.key = null
	ssl.keystore.location = null
	ssl.keystore.password = null
	ssl.keystore.type = JKS
	ssl.protocol = TLSv1.3
	ssl.provider = null
	ssl.secure.random.implementation = null
	ssl.trustmanager.algorithm = PKIX
	ssl.truststore.certificates = null
	ssl.truststore.location = null
	ssl.truststore.password = null
	ssl.truststore.type = JKS
	transaction.timeout.ms = 60000
	transactional.id = null
	value.serializer = class io.apicurio.registry.serde.avro.AvroKafkaSerializer

2025-08-13 18:17:15,212 INFO  [org.apa.kaf.com.tel.int.KafkaMetricsCollector] (main) initializing Kafka metrics collector
2025-08-13 18:17:15,242 INFO  [org.apa.kaf.cli.pro.KafkaProducer] (main) [Producer clientId=Producer-topic-51a9ce94_07b3_4cce_84ed_d2e1766b1847] Instantiated an idempotent producer.
2025-08-13 18:17:15,290 INFO  [org.apa.kaf.cli.pro.ProducerConfig] (main) These configurations '[apicurio.registry.url, apicurio.registry.auto-register, apicurio.registry.use-id, apicurio.registry.artifact-resolver-strategy]' were supplied but are not used yet.
2025-08-13 18:17:15,291 INFO  [org.apa.kaf.com.uti.AppInfoParser] (main) Kafka version: 3.9.1
2025-08-13 18:17:15,291 INFO  [org.apa.kaf.com.uti.AppInfoParser] (main) Kafka commitId: f745dfdcee2b9851
2025-08-13 18:17:15,291 INFO  [org.apa.kaf.com.uti.AppInfoParser] (main) Kafka startTimeMs: 1755109035291
2025-08-13 18:17:15,293 INFO  [io.api.tes.ser.api.SimpleSerdesTesterBuilder$SimpleSerdesTester] (main) Using producer configuration: {apicurio.registry.url=http://registry-app-inmemory.apps.ci419.apicurio-testing.org:80/apis/registry/v3, apicurio.registry.auto-register=true, apicurio.registry.use-id=globalId, apicurio.registry.artifact-resolver-strategy=io.apicurio.registry.serde.strategy.TopicIdStrategy, value.serializer=io.apicurio.registry.serde.avro.AvroKafkaSerializer, request.timeout.ms=5000, acks=all, bootstrap.servers=PLAINTEXT://localhost:32769, connections.max.idle.ms=10000, key.serializer=org.apache.kafka.common.serialization.StringSerializer, client.id=Producer-topic-51a9ce94_07b3_4cce_84ed_d2e1766b1847}
2025-08-13 18:17:15,294 INFO  [io.api.tes.ser.api.SimpleSerdesTesterBuilder$SimpleSerdesTester] (main) Using consumer configuration: {apicurio.registry.use-id=globalId}
2025-08-13 18:17:15,297 INFO  [io.api.tes.ser.api.KafkaSerdesTester] (Thread-600) Sending message {"key11755109035129": "value-0"} to topic topic-51a9ce94_07b3_4cce_84ed_d2e1766b1847
2025-08-13 18:17:15,681 WARN  [org.apa.kaf.cli.NetworkClient] (kafka-producer-network-thread | Producer-topic-51a9ce94_07b3_4cce_84ed_d2e1766b1847) [Producer clientId=Producer-topic-51a9ce94_07b3_4cce_84ed_d2e1766b1847] The metadata response from the cluster reported a recoverable issue with correlation id 1 : {topic-51a9ce94_07b3_4cce_84ed_d2e1766b1847=UNKNOWN_TOPIC_OR_PARTITION}
2025-08-13 18:17:15,691 INFO  [org.apa.kaf.cli.Metadata] (kafka-producer-network-thread | Producer-topic-51a9ce94_07b3_4cce_84ed_d2e1766b1847) [Producer clientId=Producer-topic-51a9ce94_07b3_4cce_84ed_d2e1766b1847] Cluster ID: 4IlD_Sy2TMOqYF-Nc3vIHA
2025-08-13 18:17:15,931 INFO  [org.apa.kaf.cli.pro.int.TransactionManager] (kafka-producer-network-thread | Producer-topic-51a9ce94_07b3_4cce_84ed_d2e1766b1847) [Producer clientId=Producer-topic-51a9ce94_07b3_4cce_84ed_d2e1766b1847] ProducerId set to 0 with epoch 0
2025-08-13 18:17:16,209 INFO  [io.api.tes.ser.api.KafkaSerdesTester] (Thread-600) Sending message {"key11755109035129": "value-1"} to topic topic-51a9ce94_07b3_4cce_84ed_d2e1766b1847
2025-08-13 18:17:16,216 INFO  [io.api.tes.ser.api.KafkaSerdesTester] (Thread-600) Sending message {"key11755109035129": "value-2"} to topic topic-51a9ce94_07b3_4cce_84ed_d2e1766b1847
2025-08-13 18:17:16,222 INFO  [io.api.tes.ser.api.KafkaSerdesTester] (Thread-600) Sending message {"key11755109035129": "value-3"} to topic topic-51a9ce94_07b3_4cce_84ed_d2e1766b1847
2025-08-13 18:17:16,227 INFO  [io.api.tes.ser.api.KafkaSerdesTester] (Thread-600) Sending message {"key11755109035129": "value-4"} to topic topic-51a9ce94_07b3_4cce_84ed_d2e1766b1847
2025-08-13 18:17:16,240 INFO  [io.api.tes.ser.api.KafkaSerdesTester] (Thread-600) Sending message {"key11755109035129": "value-5"} to topic topic-51a9ce94_07b3_4cce_84ed_d2e1766b1847
2025-08-13 18:17:16,251 INFO  [io.api.tes.ser.api.KafkaSerdesTester] (Thread-600) Sending message {"key11755109035129": "value-6"} to topic topic-51a9ce94_07b3_4cce_84ed_d2e1766b1847
2025-08-13 18:17:16,259 INFO  [io.api.tes.ser.api.KafkaSerdesTester] (Thread-600) Sending message {"key11755109035129": "value-7"} to topic topic-51a9ce94_07b3_4cce_84ed_d2e1766b1847
2025-08-13 18:17:16,269 INFO  [io.api.tes.ser.api.KafkaSerdesTester] (Thread-600) Sending message {"key11755109035129": "value-8"} to topic topic-51a9ce94_07b3_4cce_84ed_d2e1766b1847
2025-08-13 18:17:16,275 INFO  [io.api.tes.ser.api.KafkaSerdesTester] (Thread-600) Sending message {"key11755109035129": "value-9"} to topic topic-51a9ce94_07b3_4cce_84ed_d2e1766b1847
2025-08-13 18:17:16,285 INFO  [io.api.tes.ser.api.KafkaSerdesTester] (Thread-600) Produced 10 messages
2025-08-13 18:17:16,286 INFO  [org.apa.kaf.cli.pro.KafkaProducer] (Thread-600) [Producer clientId=Producer-topic-51a9ce94_07b3_4cce_84ed_d2e1766b1847] Closing the Kafka producer with timeoutMillis = 9223372036854775807 ms.
2025-08-13 18:17:16,305 INFO  [org.apa.kaf.com.met.Metrics] (Thread-600) Metrics scheduler closed
2025-08-13 18:17:16,305 INFO  [org.apa.kaf.com.met.Metrics] (Thread-600) Closing reporter org.apache.kafka.common.metrics.JmxReporter
2025-08-13 18:17:16,305 INFO  [org.apa.kaf.com.met.Metrics] (Thread-600) Closing reporter org.apache.kafka.common.telemetry.internals.ClientTelemetryReporter
2025-08-13 18:17:16,305 INFO  [org.apa.kaf.com.met.Metrics] (Thread-600) Metrics reporters closed
2025-08-13 18:17:16,311 INFO  [org.apa.kaf.com.uti.AppInfoParser] (Thread-600) App info kafka.producer for Producer-topic-51a9ce94_07b3_4cce_84ed_d2e1766b1847 unregistered
**** Registry Base URL: http://registry-app-inmemory.apps.ci419.apicurio-testing.org:80
2025-08-13 18:17:16,367 INFO  [org.apa.kaf.cli.con.ConsumerConfig] (main) ConsumerConfig values: 
	allow.auto.create.topics = true
	auto.commit.interval.ms = 500
	auto.include.jmx.reporter = true
	auto.offset.reset = earliest
	bootstrap.servers = [PLAINTEXT://localhost:32769]
	check.crcs = true
	client.dns.lookup = use_all_dns_ips
	client.id = consumer-Consumer-topic-51a9ce94_07b3_4cce_84ed_d2e1766b1847-1
	client.rack = 
	connections.max.idle.ms = 10000
	default.api.timeout.ms = 60000
	enable.auto.commit = true
	enable.metrics.push = true
	exclude.internal.topics = true
	fetch.max.bytes = 52428800
	fetch.max.wait.ms = 500
	fetch.min.bytes = 1
	group.id = Consumer-topic-51a9ce94_07b3_4cce_84ed_d2e1766b1847
	group.instance.id = null
	group.protocol = classic
	group.remote.assignor = null
	heartbeat.interval.ms = 3000
	interceptor.classes = []
	internal.leave.group.on.close = true
	internal.throw.on.fetch.stable.offset.unsupported = false
	isolation.level = read_uncommitted
	key.deserializer = class org.apache.kafka.common.serialization.StringDeserializer
	max.partition.fetch.bytes = 1048576
	max.poll.interval.ms = 300000
	max.poll.records = 500
	metadata.max.age.ms = 300000
	metadata.recovery.strategy = none
	metric.reporters = []
	metrics.num.samples = 2
	metrics.recording.level = INFO
	metrics.sample.window.ms = 30000
	partition.assignment.strategy = [class org.apache.kafka.clients.consumer.RangeAssignor, class org.apache.kafka.clients.consumer.CooperativeStickyAssignor]
	receive.buffer.bytes = 65536
	reconnect.backoff.max.ms = 1000
	reconnect.backoff.ms = 50
	request.timeout.ms = 5000
	retry.backoff.max.ms = 1000
	retry.backoff.ms = 100
	sasl.client.callback.handler.class = null
	sasl.jaas.config = null
	sasl.kerberos.kinit.cmd = /usr/bin/kinit
	sasl.kerberos.min.time.before.relogin = 60000
	sasl.kerberos.service.name = null
	sasl.kerberos.ticket.renew.jitter = 0.05
	sasl.kerberos.ticket.renew.window.factor = 0.8
	sasl.login.callback.handler.class = null
	sasl.login.class = null
	sasl.login.connect.timeout.ms = null
	sasl.login.read.timeout.ms = null
	sasl.login.refresh.buffer.seconds = 300
	sasl.login.refresh.min.period.seconds = 60
	sasl.login.refresh.window.factor = 0.8
	sasl.login.refresh.window.jitter = 0.05
	sasl.login.retry.backoff.max.ms = 10000
	sasl.login.retry.backoff.ms = 100
	sasl.mechanism = GSSAPI
	sasl.oauthbearer.clock.skew.seconds = 30
	sasl.oauthbearer.expected.audience = null
	sasl.oauthbearer.expected.issuer = null
	sasl.oauthbearer.header.urlencode = false
	sasl.oauthbearer.jwks.endpoint.refresh.ms = 3600000
	sasl.oauthbearer.jwks.endpoint.retry.backoff.max.ms = 10000
	sasl.oauthbearer.jwks.endpoint.retry.backoff.ms = 100
	sasl.oauthbearer.jwks.endpoint.url = null
	sasl.oauthbearer.scope.claim.name = scope
	sasl.oauthbearer.sub.claim.name = sub
	sasl.oauthbearer.token.endpoint.url = null
	security.protocol = PLAINTEXT
	security.providers = null
	send.buffer.bytes = 131072
	session.timeout.ms = 45000
	socket.connection.setup.timeout.max.ms = 30000
	socket.connection.setup.timeout.ms = 10000
	ssl.cipher.suites = null
	ssl.enabled.protocols = [TLSv1.2, TLSv1.3]
	ssl.endpoint.identification.algorithm = https
	ssl.engine.factory.class = null
	ssl.key.password = null
	ssl.keymanager.algorithm = SunX509
	ssl.keystore.certificate.chain = null
	ssl.keystore.key = null
	ssl.keystore.location = null
	ssl.keystore.password = null
	ssl.keystore.type = JKS
	ssl.protocol = TLSv1.3
	ssl.provider = null
	ssl.secure.random.implementation = null
	ssl.trustmanager.algorithm = PKIX
	ssl.truststore.certificates = null
	ssl.truststore.location = null
	ssl.truststore.password = null
	ssl.truststore.type = JKS
	value.deserializer = class io.apicurio.registry.serde.avro.AvroKafkaDeserializer

2025-08-13 18:17:16,394 INFO  [org.apa.kaf.com.tel.int.KafkaMetricsCollector] (main) initializing Kafka metrics collector
2025-08-13 18:17:16,519 INFO  [org.apa.kaf.cli.con.ConsumerConfig] (main) These configurations '[apicurio.registry.url, apicurio.registry.use-id]' were supplied but are not used yet.
2025-08-13 18:17:16,519 INFO  [org.apa.kaf.com.uti.AppInfoParser] (main) Kafka version: 3.9.1
2025-08-13 18:17:16,520 INFO  [org.apa.kaf.com.uti.AppInfoParser] (main) Kafka commitId: f745dfdcee2b9851
2025-08-13 18:17:16,520 INFO  [org.apa.kaf.com.uti.AppInfoParser] (main) Kafka startTimeMs: 1755109036519
2025-08-13 18:17:16,530 INFO  [org.apa.kaf.cli.con.int.ClassicKafkaConsumer] (Thread-603) [Consumer clientId=consumer-Consumer-topic-51a9ce94_07b3_4cce_84ed_d2e1766b1847-1, groupId=Consumer-topic-51a9ce94_07b3_4cce_84ed_d2e1766b1847] Subscribed to topic(s): topic-51a9ce94_07b3_4cce_84ed_d2e1766b1847
2025-08-13 18:17:16,552 INFO  [org.apa.kaf.cli.Metadata] (Thread-603) [Consumer clientId=consumer-Consumer-topic-51a9ce94_07b3_4cce_84ed_d2e1766b1847-1, groupId=Consumer-topic-51a9ce94_07b3_4cce_84ed_d2e1766b1847] Cluster ID: 4IlD_Sy2TMOqYF-Nc3vIHA
2025-08-13 18:17:16,692 INFO  [org.apa.kaf.cli.con.int.ConsumerCoordinator] (Thread-603) [Consumer clientId=consumer-Consumer-topic-51a9ce94_07b3_4cce_84ed_d2e1766b1847-1, groupId=Consumer-topic-51a9ce94_07b3_4cce_84ed_d2e1766b1847] Discovered group coordinator localhost:32769 (id: 2147483647 rack: null)
2025-08-13 18:17:16,711 INFO  [org.apa.kaf.cli.con.int.ConsumerCoordinator] (Thread-603) [Consumer clientId=consumer-Consumer-topic-51a9ce94_07b3_4cce_84ed_d2e1766b1847-1, groupId=Consumer-topic-51a9ce94_07b3_4cce_84ed_d2e1766b1847] (Re-)joining group
2025-08-13 18:17:16,771 INFO  [org.apa.kaf.cli.con.int.ConsumerCoordinator] (Thread-603) [Consumer clientId=consumer-Consumer-topic-51a9ce94_07b3_4cce_84ed_d2e1766b1847-1, groupId=Consumer-topic-51a9ce94_07b3_4cce_84ed_d2e1766b1847] Group coordinator localhost:32769 (id: 2147483647 rack: null) is unavailable or invalid due to cause: error response NOT_COORDINATOR. isDisconnected: false. Rediscovery will be attempted.
2025-08-13 18:17:16,771 INFO  [org.apa.kaf.cli.con.int.ConsumerCoordinator] (Thread-603) [Consumer clientId=consumer-Consumer-topic-51a9ce94_07b3_4cce_84ed_d2e1766b1847-1, groupId=Consumer-topic-51a9ce94_07b3_4cce_84ed_d2e1766b1847] Requesting disconnect from last known coordinator localhost:32769 (id: 2147483647 rack: null)
2025-08-13 18:17:16,771 INFO  [org.apa.kaf.cli.con.int.ConsumerCoordinator] (Thread-603) [Consumer clientId=consumer-Consumer-topic-51a9ce94_07b3_4cce_84ed_d2e1766b1847-1, groupId=Consumer-topic-51a9ce94_07b3_4cce_84ed_d2e1766b1847] JoinGroup failed: This is not the correct coordinator. Marking coordinator unknown. Sent generation was Generation{generationId=-1, memberId='', protocol='null'}
2025-08-13 18:17:16,771 INFO  [org.apa.kaf.cli.NetworkClient] (Thread-603) [Consumer clientId=consumer-Consumer-topic-51a9ce94_07b3_4cce_84ed_d2e1766b1847-1, groupId=Consumer-topic-51a9ce94_07b3_4cce_84ed_d2e1766b1847] Client requested disconnect from node 2147483647
2025-08-13 18:17:16,777 INFO  [org.apa.kaf.cli.con.int.ConsumerCoordinator] (Thread-603) [Consumer clientId=consumer-Consumer-topic-51a9ce94_07b3_4cce_84ed_d2e1766b1847-1, groupId=Consumer-topic-51a9ce94_07b3_4cce_84ed_d2e1766b1847] Discovered group coordinator localhost:32769 (id: 2147483647 rack: null)
2025-08-13 18:17:16,778 INFO  [org.apa.kaf.cli.con.int.ConsumerCoordinator] (Thread-603) [Consumer clientId=consumer-Consumer-topic-51a9ce94_07b3_4cce_84ed_d2e1766b1847-1, groupId=Consumer-topic-51a9ce94_07b3_4cce_84ed_d2e1766b1847] Group coordinator localhost:32769 (id: 2147483647 rack: null) is unavailable or invalid due to cause: coordinator unavailable. isDisconnected: false. Rediscovery will be attempted.
2025-08-13 18:17:16,778 INFO  [org.apa.kaf.cli.con.int.ConsumerCoordinator] (Thread-603) [Consumer clientId=consumer-Consumer-topic-51a9ce94_07b3_4cce_84ed_d2e1766b1847-1, groupId=Consumer-topic-51a9ce94_07b3_4cce_84ed_d2e1766b1847] Requesting disconnect from last known coordinator localhost:32769 (id: 2147483647 rack: null)
2025-08-13 18:17:16,891 INFO  [org.apa.kaf.cli.con.int.ConsumerCoordinator] (Thread-603) [Consumer clientId=consumer-Consumer-topic-51a9ce94_07b3_4cce_84ed_d2e1766b1847-1, groupId=Consumer-topic-51a9ce94_07b3_4cce_84ed_d2e1766b1847] Discovered group coordinator localhost:32769 (id: 2147483647 rack: null)
2025-08-13 18:17:16,894 INFO  [org.apa.kaf.cli.con.int.ConsumerCoordinator] (Thread-603) [Consumer clientId=consumer-Consumer-topic-51a9ce94_07b3_4cce_84ed_d2e1766b1847-1, groupId=Consumer-topic-51a9ce94_07b3_4cce_84ed_d2e1766b1847] Request joining group due to: rebalance failed due to 'This is not the correct coordinator.' (NotCoordinatorException)
2025-08-13 18:17:16,896 INFO  [org.apa.kaf.cli.con.int.ConsumerCoordinator] (Thread-603) [Consumer clientId=consumer-Consumer-topic-51a9ce94_07b3_4cce_84ed_d2e1766b1847-1, groupId=Consumer-topic-51a9ce94_07b3_4cce_84ed_d2e1766b1847] (Re-)joining group
2025-08-13 18:17:16,903 INFO  [org.apa.kaf.cli.con.int.ConsumerCoordinator] (Thread-603) [Consumer clientId=consumer-Consumer-topic-51a9ce94_07b3_4cce_84ed_d2e1766b1847-1, groupId=Consumer-topic-51a9ce94_07b3_4cce_84ed_d2e1766b1847] Group coordinator localhost:32769 (id: 2147483647 rack: null) is unavailable or invalid due to cause: error response NOT_COORDINATOR. isDisconnected: false. Rediscovery will be attempted.
2025-08-13 18:17:16,903 INFO  [org.apa.kaf.cli.con.int.ConsumerCoordinator] (Thread-603) [Consumer clientId=consumer-Consumer-topic-51a9ce94_07b3_4cce_84ed_d2e1766b1847-1, groupId=Consumer-topic-51a9ce94_07b3_4cce_84ed_d2e1766b1847] Requesting disconnect from last known coordinator localhost:32769 (id: 2147483647 rack: null)
2025-08-13 18:17:16,904 INFO  [org.apa.kaf.cli.con.int.ConsumerCoordinator] (Thread-603) [Consumer clientId=consumer-Consumer-topic-51a9ce94_07b3_4cce_84ed_d2e1766b1847-1, groupId=Consumer-topic-51a9ce94_07b3_4cce_84ed_d2e1766b1847] JoinGroup failed: This is not the correct coordinator. Marking coordinator unknown. Sent generation was Generation{generationId=-1, memberId='', protocol='null'}
2025-08-13 18:17:16,904 INFO  [org.apa.kaf.cli.NetworkClient] (Thread-603) [Consumer clientId=consumer-Consumer-topic-51a9ce94_07b3_4cce_84ed_d2e1766b1847-1, groupId=Consumer-topic-51a9ce94_07b3_4cce_84ed_d2e1766b1847] Client requested disconnect from node 2147483647
2025-08-13 18:17:16,908 INFO  [org.apa.kaf.cli.con.int.ConsumerCoordinator] (Thread-603) [Consumer clientId=consumer-Consumer-topic-51a9ce94_07b3_4cce_84ed_d2e1766b1847-1, groupId=Consumer-topic-51a9ce94_07b3_4cce_84ed_d2e1766b1847] Discovered group coordinator localhost:32769 (id: 2147483647 rack: null)
2025-08-13 18:17:16,908 INFO  [org.apa.kaf.cli.con.int.ConsumerCoordinator] (Thread-603) [Consumer clientId=consumer-Consumer-topic-51a9ce94_07b3_4cce_84ed_d2e1766b1847-1, groupId=Consumer-topic-51a9ce94_07b3_4cce_84ed_d2e1766b1847] Group coordinator localhost:32769 (id: 2147483647 rack: null) is unavailable or invalid due to cause: coordinator unavailable. isDisconnected: false. Rediscovery will be attempted.
2025-08-13 18:17:16,908 INFO  [org.apa.kaf.cli.con.int.ConsumerCoordinator] (Thread-603) [Consumer clientId=consumer-Consumer-topic-51a9ce94_07b3_4cce_84ed_d2e1766b1847-1, groupId=Consumer-topic-51a9ce94_07b3_4cce_84ed_d2e1766b1847] Requesting disconnect from last known coordinator localhost:32769 (id: 2147483647 rack: null)
2025-08-13 18:17:17,016 INFO  [org.apa.kaf.cli.con.int.ConsumerCoordinator] (Thread-603) [Consumer clientId=consumer-Consumer-topic-51a9ce94_07b3_4cce_84ed_d2e1766b1847-1, groupId=Consumer-topic-51a9ce94_07b3_4cce_84ed_d2e1766b1847] Discovered group coordinator localhost:32769 (id: 2147483647 rack: null)
2025-08-13 18:17:17,018 INFO  [org.apa.kaf.cli.con.int.ConsumerCoordinator] (Thread-603) [Consumer clientId=consumer-Consumer-topic-51a9ce94_07b3_4cce_84ed_d2e1766b1847-1, groupId=Consumer-topic-51a9ce94_07b3_4cce_84ed_d2e1766b1847] Request joining group due to: rebalance failed due to 'This is not the correct coordinator.' (NotCoordinatorException)
2025-08-13 18:17:17,020 INFO  [org.apa.kaf.cli.con.int.ConsumerCoordinator] (Thread-603) [Consumer clientId=consumer-Consumer-topic-51a9ce94_07b3_4cce_84ed_d2e1766b1847-1, groupId=Consumer-topic-51a9ce94_07b3_4cce_84ed_d2e1766b1847] (Re-)joining group
2025-08-13 18:17:17,027 INFO  [org.apa.kaf.cli.con.int.ConsumerCoordinator] (Thread-603) [Consumer clientId=consumer-Consumer-topic-51a9ce94_07b3_4cce_84ed_d2e1766b1847-1, groupId=Consumer-topic-51a9ce94_07b3_4cce_84ed_d2e1766b1847] Group coordinator localhost:32769 (id: 2147483647 rack: null) is unavailable or invalid due to cause: error response NOT_COORDINATOR. isDisconnected: false. Rediscovery will be attempted.
2025-08-13 18:17:17,027 INFO  [org.apa.kaf.cli.con.int.ConsumerCoordinator] (Thread-603) [Consumer clientId=consumer-Consumer-topic-51a9ce94_07b3_4cce_84ed_d2e1766b1847-1, groupId=Consumer-topic-51a9ce94_07b3_4cce_84ed_d2e1766b1847] Requesting disconnect from last known coordinator localhost:32769 (id: 2147483647 rack: null)
2025-08-13 18:17:17,027 INFO  [org.apa.kaf.cli.con.int.ConsumerCoordinator] (Thread-603) [Consumer clientId=consumer-Consumer-topic-51a9ce94_07b3_4cce_84ed_d2e1766b1847-1, groupId=Consumer-topic-51a9ce94_07b3_4cce_84ed_d2e1766b1847] JoinGroup failed: This is not the correct coordinator. Marking coordinator unknown. Sent generation was Generation{generationId=-1, memberId='', protocol='null'}
2025-08-13 18:17:17,027 INFO  [org.apa.kaf.cli.NetworkClient] (Thread-603) [Consumer clientId=consumer-Consumer-topic-51a9ce94_07b3_4cce_84ed_d2e1766b1847-1, groupId=Consumer-topic-51a9ce94_07b3_4cce_84ed_d2e1766b1847] Client requested disconnect from node 2147483647
2025-08-13 18:17:17,032 INFO  [org.apa.kaf.cli.con.int.ConsumerCoordinator] (Thread-603) [Consumer clientId=consumer-Consumer-topic-51a9ce94_07b3_4cce_84ed_d2e1766b1847-1, groupId=Consumer-topic-51a9ce94_07b3_4cce_84ed_d2e1766b1847] Discovered group coordinator localhost:32769 (id: 2147483647 rack: null)
2025-08-13 18:17:17,032 INFO  [org.apa.kaf.cli.con.int.ConsumerCoordinator] (Thread-603) [Consumer clientId=consumer-Consumer-topic-51a9ce94_07b3_4cce_84ed_d2e1766b1847-1, groupId=Consumer-topic-51a9ce94_07b3_4cce_84ed_d2e1766b1847] Group coordinator localhost:32769 (id: 2147483647 rack: null) is unavailable or invalid due to cause: coordinator unavailable. isDisconnected: false. Rediscovery will be attempted.
2025-08-13 18:17:17,032 INFO  [org.apa.kaf.cli.con.int.ConsumerCoordinator] (Thread-603) [Consumer clientId=consumer-Consumer-topic-51a9ce94_07b3_4cce_84ed_d2e1766b1847-1, groupId=Consumer-topic-51a9ce94_07b3_4cce_84ed_d2e1766b1847] Requesting disconnect from last known coordinator localhost:32769 (id: 2147483647 rack: null)
2025-08-13 18:17:17,153 INFO  [org.apa.kaf.cli.con.int.ConsumerCoordinator] (Thread-603) [Consumer clientId=consumer-Consumer-topic-51a9ce94_07b3_4cce_84ed_d2e1766b1847-1, groupId=Consumer-topic-51a9ce94_07b3_4cce_84ed_d2e1766b1847] Discovered group coordinator localhost:32769 (id: 2147483647 rack: null)
2025-08-13 18:17:17,154 INFO  [org.apa.kaf.cli.con.int.ConsumerCoordinator] (Thread-603) [Consumer clientId=consumer-Consumer-topic-51a9ce94_07b3_4cce_84ed_d2e1766b1847-1, groupId=Consumer-topic-51a9ce94_07b3_4cce_84ed_d2e1766b1847] Request joining group due to: rebalance failed due to 'This is not the correct coordinator.' (NotCoordinatorException)
2025-08-13 18:17:17,155 INFO  [org.apa.kaf.cli.con.int.ConsumerCoordinator] (Thread-603) [Consumer clientId=consumer-Consumer-topic-51a9ce94_07b3_4cce_84ed_d2e1766b1847-1, groupId=Consumer-topic-51a9ce94_07b3_4cce_84ed_d2e1766b1847] (Re-)joining group
2025-08-13 18:17:17,167 INFO  [org.apa.kaf.cli.con.int.ConsumerCoordinator] (Thread-603) [Consumer clientId=consumer-Consumer-topic-51a9ce94_07b3_4cce_84ed_d2e1766b1847-1, groupId=Consumer-topic-51a9ce94_07b3_4cce_84ed_d2e1766b1847] Group coordinator localhost:32769 (id: 2147483647 rack: null) is unavailable or invalid due to cause: error response NOT_COORDINATOR. isDisconnected: false. Rediscovery will be attempted.
2025-08-13 18:17:17,168 INFO  [org.apa.kaf.cli.con.int.ConsumerCoordinator] (Thread-603) [Consumer clientId=consumer-Consumer-topic-51a9ce94_07b3_4cce_84ed_d2e1766b1847-1, groupId=Consumer-topic-51a9ce94_07b3_4cce_84ed_d2e1766b1847] Requesting disconnect from last known coordinator localhost:32769 (id: 2147483647 rack: null)
2025-08-13 18:17:17,168 INFO  [org.apa.kaf.cli.con.int.ConsumerCoordinator] (Thread-603) [Consumer clientId=consumer-Consumer-topic-51a9ce94_07b3_4cce_84ed_d2e1766b1847-1, groupId=Consumer-topic-51a9ce94_07b3_4cce_84ed_d2e1766b1847] JoinGroup failed: This is not the correct coordinator. Marking coordinator unknown. Sent generation was Generation{generationId=-1, memberId='', protocol='null'}
2025-08-13 18:17:17,168 INFO  [org.apa.kaf.cli.NetworkClient] (Thread-603) [Consumer clientId=consumer-Consumer-topic-51a9ce94_07b3_4cce_84ed_d2e1766b1847-1, groupId=Consumer-topic-51a9ce94_07b3_4cce_84ed_d2e1766b1847] Client requested disconnect from node 2147483647
2025-08-13 18:17:17,175 INFO  [org.apa.kaf.cli.con.int.ConsumerCoordinator] (Thread-603) [Consumer clientId=consumer-Consumer-topic-51a9ce94_07b3_4cce_84ed_d2e1766b1847-1, groupId=Consumer-topic-51a9ce94_07b3_4cce_84ed_d2e1766b1847] Discovered group coordinator localhost:32769 (id: 2147483647 rack: null)
2025-08-13 18:17:17,175 INFO  [org.apa.kaf.cli.con.int.ConsumerCoordinator] (Thread-603) [Consumer clientId=consumer-Consumer-topic-51a9ce94_07b3_4cce_84ed_d2e1766b1847-1, groupId=Consumer-topic-51a9ce94_07b3_4cce_84ed_d2e1766b1847] Group coordinator localhost:32769 (id: 2147483647 rack: null) is unavailable or invalid due to cause: coordinator unavailable. isDisconnected: false. Rediscovery will be attempted.
2025-08-13 18:17:17,175 INFO  [org.apa.kaf.cli.con.int.ConsumerCoordinator] (Thread-603) [Consumer clientId=consumer-Consumer-topic-51a9ce94_07b3_4cce_84ed_d2e1766b1847-1, groupId=Consumer-topic-51a9ce94_07b3_4cce_84ed_d2e1766b1847] Requesting disconnect from last known coordinator localhost:32769 (id: 2147483647 rack: null)
2025-08-13 18:17:17,267 INFO  [org.apa.kaf.cli.con.int.ConsumerCoordinator] (Thread-603) [Consumer clientId=consumer-Consumer-topic-51a9ce94_07b3_4cce_84ed_d2e1766b1847-1, groupId=Consumer-topic-51a9ce94_07b3_4cce_84ed_d2e1766b1847] Discovered group coordinator localhost:32769 (id: 2147483647 rack: null)
2025-08-13 18:17:17,268 INFO  [org.apa.kaf.cli.con.int.ConsumerCoordinator] (Thread-603) [Consumer clientId=consumer-Consumer-topic-51a9ce94_07b3_4cce_84ed_d2e1766b1847-1, groupId=Consumer-topic-51a9ce94_07b3_4cce_84ed_d2e1766b1847] Request joining group due to: rebalance failed due to 'This is not the correct coordinator.' (NotCoordinatorException)
2025-08-13 18:17:17,270 INFO  [org.apa.kaf.cli.con.int.ConsumerCoordinator] (Thread-603) [Consumer clientId=consumer-Consumer-topic-51a9ce94_07b3_4cce_84ed_d2e1766b1847-1, groupId=Consumer-topic-51a9ce94_07b3_4cce_84ed_d2e1766b1847] (Re-)joining group
2025-08-13 18:17:17,294 INFO  [org.apa.kaf.cli.con.int.ConsumerCoordinator] (Thread-603) [Consumer clientId=consumer-Consumer-topic-51a9ce94_07b3_4cce_84ed_d2e1766b1847-1, groupId=Consumer-topic-51a9ce94_07b3_4cce_84ed_d2e1766b1847] Request joining group due to: need to re-join with the given member-id: consumer-Consumer-topic-51a9ce94_07b3_4cce_84ed_d2e1766b1847-1-949cdd41-e50f-4092-8827-a5e7a3000d20
2025-08-13 18:17:17,295 INFO  [org.apa.kaf.cli.con.int.ConsumerCoordinator] (Thread-603) [Consumer clientId=consumer-Consumer-topic-51a9ce94_07b3_4cce_84ed_d2e1766b1847-1, groupId=Consumer-topic-51a9ce94_07b3_4cce_84ed_d2e1766b1847] (Re-)joining group
2025-08-13 18:17:17,531 INFO  [io.api.tes.ser.api.KafkaSerdesTester] (Thread-603) None found
2025-08-13 18:17:18,531 INFO  [io.api.tes.ser.api.KafkaSerdesTester] (Thread-603) None found
2025-08-13 18:17:19,531 INFO  [io.api.tes.ser.api.KafkaSerdesTester] (Thread-603) None found
2025-08-13 18:17:20,315 INFO  [org.apa.kaf.cli.con.int.ConsumerCoordinator] (Thread-603) [Consumer clientId=consumer-Consumer-topic-51a9ce94_07b3_4cce_84ed_d2e1766b1847-1, groupId=Consumer-topic-51a9ce94_07b3_4cce_84ed_d2e1766b1847] Successfully joined group with generation Generation{generationId=1, memberId='consumer-Consumer-topic-51a9ce94_07b3_4cce_84ed_d2e1766b1847-1-949cdd41-e50f-4092-8827-a5e7a3000d20', protocol='range'}
2025-08-13 18:17:20,330 INFO  [org.apa.kaf.cli.con.int.ConsumerCoordinator] (Thread-603) [Consumer clientId=consumer-Consumer-topic-51a9ce94_07b3_4cce_84ed_d2e1766b1847-1, groupId=Consumer-topic-51a9ce94_07b3_4cce_84ed_d2e1766b1847] Finished assignment for group at generation 1: {consumer-Consumer-topic-51a9ce94_07b3_4cce_84ed_d2e1766b1847-1-949cdd41-e50f-4092-8827-a5e7a3000d20=Assignment(partitions=[topic-51a9ce94_07b3_4cce_84ed_d2e1766b1847-0])}
2025-08-13 18:17:20,357 INFO  [org.apa.kaf.cli.con.int.ConsumerCoordinator] (Thread-603) [Consumer clientId=consumer-Consumer-topic-51a9ce94_07b3_4cce_84ed_d2e1766b1847-1, groupId=Consumer-topic-51a9ce94_07b3_4cce_84ed_d2e1766b1847] Successfully synced group in generation Generation{generationId=1, memberId='consumer-Consumer-topic-51a9ce94_07b3_4cce_84ed_d2e1766b1847-1-949cdd41-e50f-4092-8827-a5e7a3000d20', protocol='range'}
2025-08-13 18:17:20,358 INFO  [org.apa.kaf.cli.con.int.ConsumerCoordinator] (Thread-603) [Consumer clientId=consumer-Consumer-topic-51a9ce94_07b3_4cce_84ed_d2e1766b1847-1, groupId=Consumer-topic-51a9ce94_07b3_4cce_84ed_d2e1766b1847] Notifying assignor about the new Assignment(partitions=[topic-51a9ce94_07b3_4cce_84ed_d2e1766b1847-0])
2025-08-13 18:17:20,366 INFO  [org.apa.kaf.cli.con.int.ConsumerRebalanceListenerInvoker] (Thread-603) [Consumer clientId=consumer-Consumer-topic-51a9ce94_07b3_4cce_84ed_d2e1766b1847-1, groupId=Consumer-topic-51a9ce94_07b3_4cce_84ed_d2e1766b1847] Adding newly assigned partitions: topic-51a9ce94_07b3_4cce_84ed_d2e1766b1847-0
2025-08-13 18:17:20,388 INFO  [org.apa.kaf.cli.con.int.ConsumerCoordinator] (Thread-603) [Consumer clientId=consumer-Consumer-topic-51a9ce94_07b3_4cce_84ed_d2e1766b1847-1, groupId=Consumer-topic-51a9ce94_07b3_4cce_84ed_d2e1766b1847] Found no committed offset for partition topic-51a9ce94_07b3_4cce_84ed_d2e1766b1847-0
2025-08-13 18:17:20,412 INFO  [org.apa.kaf.cli.con.int.SubscriptionState] (Thread-603) [Consumer clientId=consumer-Consumer-topic-51a9ce94_07b3_4cce_84ed_d2e1766b1847-1, groupId=Consumer-topic-51a9ce94_07b3_4cce_84ed_d2e1766b1847] Resetting offset for partition topic-51a9ce94_07b3_4cce_84ed_d2e1766b1847-0 to position FetchPosition{offset=0, offsetEpoch=Optional.empty, currentLeader=LeaderAndEpoch{leader=Optional[localhost:32769 (id: 0 rack: null)], epoch=0}}.
2025-08-13 18:17:20,510 INFO  [io.api.tes.ser.api.KafkaSerdesTester] (Thread-603) topic-51a9ce94_07b3_4cce_84ed_d2e1766b1847 0 0 {"key11755109035129": "value-0"}
2025-08-13 18:17:20,510 INFO  [io.api.tes.ser.api.KafkaSerdesTester] (Thread-603) topic-51a9ce94_07b3_4cce_84ed_d2e1766b1847 0 1 {"key11755109035129": "value-1"}
2025-08-13 18:17:20,511 INFO  [io.api.tes.ser.api.KafkaSerdesTester] (Thread-603) topic-51a9ce94_07b3_4cce_84ed_d2e1766b1847 0 2 {"key11755109035129": "value-2"}
2025-08-13 18:17:20,511 INFO  [io.api.tes.ser.api.KafkaSerdesTester] (Thread-603) topic-51a9ce94_07b3_4cce_84ed_d2e1766b1847 0 3 {"key11755109035129": "value-3"}
2025-08-13 18:17:20,511 INFO  [io.api.tes.ser.api.KafkaSerdesTester] (Thread-603) topic-51a9ce94_07b3_4cce_84ed_d2e1766b1847 0 4 {"key11755109035129": "value-4"}
2025-08-13 18:17:20,511 INFO  [io.api.tes.ser.api.KafkaSerdesTester] (Thread-603) topic-51a9ce94_07b3_4cce_84ed_d2e1766b1847 0 5 {"key11755109035129": "value-5"}
2025-08-13 18:17:20,511 INFO  [io.api.tes.ser.api.KafkaSerdesTester] (Thread-603) topic-51a9ce94_07b3_4cce_84ed_d2e1766b1847 0 6 {"key11755109035129": "value-6"}
2025-08-13 18:17:20,511 INFO  [io.api.tes.ser.api.KafkaSerdesTester] (Thread-603) topic-51a9ce94_07b3_4cce_84ed_d2e1766b1847 0 7 {"key11755109035129": "value-7"}
2025-08-13 18:17:20,511 INFO  [io.api.tes.ser.api.KafkaSerdesTester] (Thread-603) topic-51a9ce94_07b3_4cce_84ed_d2e1766b1847 0 8 {"key11755109035129": "value-8"}
2025-08-13 18:17:20,511 INFO  [io.api.tes.ser.api.KafkaSerdesTester] (Thread-603) topic-51a9ce94_07b3_4cce_84ed_d2e1766b1847 0 9 {"key11755109035129": "value-9"}
2025-08-13 18:17:20,512 INFO  [io.api.tes.ser.api.KafkaSerdesTester] (Thread-603) Consumed 10 messages
2025-08-13 18:17:20,552 INFO  [org.apa.kaf.cli.con.int.ConsumerRebalanceListenerInvoker] (Thread-603) [Consumer clientId=consumer-Consumer-topic-51a9ce94_07b3_4cce_84ed_d2e1766b1847-1, groupId=Consumer-topic-51a9ce94_07b3_4cce_84ed_d2e1766b1847] Revoke previously assigned partitions topic-51a9ce94_07b3_4cce_84ed_d2e1766b1847-0
2025-08-13 18:17:20,553 INFO  [org.apa.kaf.cli.con.int.ConsumerCoordinator] (Thread-603) [Consumer clientId=consumer-Consumer-topic-51a9ce94_07b3_4cce_84ed_d2e1766b1847-1, groupId=Consumer-topic-51a9ce94_07b3_4cce_84ed_d2e1766b1847] Member consumer-Consumer-topic-51a9ce94_07b3_4cce_84ed_d2e1766b1847-1-949cdd41-e50f-4092-8827-a5e7a3000d20 sending LeaveGroup request to coordinator localhost:32769 (id: 2147483647 rack: null) due to the consumer is being closed
2025-08-13 18:17:20,557 INFO  [org.apa.kaf.cli.con.int.ConsumerCoordinator] (Thread-603) [Consumer clientId=consumer-Consumer-topic-51a9ce94_07b3_4cce_84ed_d2e1766b1847-1, groupId=Consumer-topic-51a9ce94_07b3_4cce_84ed_d2e1766b1847] Resetting generation and member id due to: consumer pro-actively leaving the group
2025-08-13 18:17:20,557 INFO  [org.apa.kaf.cli.con.int.ConsumerCoordinator] (Thread-603) [Consumer clientId=consumer-Consumer-topic-51a9ce94_07b3_4cce_84ed_d2e1766b1847-1, groupId=Consumer-topic-51a9ce94_07b3_4cce_84ed_d2e1766b1847] Request joining group due to: consumer pro-actively leaving the group
2025-08-13 18:17:21,029 INFO  [org.apa.kaf.com.met.Metrics] (Thread-603) Metrics scheduler closed
2025-08-13 18:17:21,030 INFO  [org.apa.kaf.com.met.Metrics] (Thread-603) Closing reporter org.apache.kafka.common.metrics.JmxReporter
2025-08-13 18:17:21,030 INFO  [org.apa.kaf.com.met.Metrics] (Thread-603) Closing reporter org.apache.kafka.common.telemetry.internals.ClientTelemetryReporter
2025-08-13 18:17:21,030 INFO  [org.apa.kaf.com.met.Metrics] (Thread-603) Metrics reporters closed
2025-08-13 18:17:21,038 INFO  [org.apa.kaf.com.uti.AppInfoParser] (Thread-603) App info kafka.consumer for consumer-Consumer-topic-51a9ce94_07b3_4cce_84ed_d2e1766b1847-1 unregistered
2025-08-13 18:17:21,038 INFO  [io.api.tes.uti.TestSeparator] (main) io.apicurio.tests.serdes.apicurio.AvroSerdeIT.testGlobalIdInHeaders-FINISHED
2025-08-13 18:17:21,038 INFO  [io.api.tes.uti.TestSeparator] (main) ############################################################################
Test passed: testGlobalIdInHeaders
]]></system-out>
  </testcase>
  <testcase name="testSimpleTopicIdStrategyFindLatest" classname="io.apicurio.tests.serdes.apicurio.AvroSerdeIT" time="4.813">
    <system-out><![CDATA[2025-08-13 18:17:21,040 INFO  [io.api.tes.uti.TestSeparator] (main) ############################################################################
2025-08-13 18:17:21,040 INFO  [io.api.tes.uti.TestSeparator] (main) io.apicurio.tests.serdes.apicurio.AvroSerdeIT.testSimpleTopicIdStrategyFindLatest-STARTED
2025-08-13 18:17:21,041 INFO  [io.api.tes.ser.api.AvroSerdeIT] (main) Registering Avro Schema: {"type":"record","name":"myrecordapicurio1","fields":[{"name":"key11755109041041","type":"string"}]}
**** Registry Base URL: http://registry-app-inmemory.apps.ci419.apicurio-testing.org:80
2025-08-13 18:17:22,087 INFO  [org.apa.kaf.cli.pro.ProducerConfig] (main) ProducerConfig values: 
	acks = -1
	auto.include.jmx.reporter = true
	batch.size = 16384
	bootstrap.servers = [PLAINTEXT://localhost:32769]
	buffer.memory = 33554432
	client.dns.lookup = use_all_dns_ips
	client.id = Producer-topic-a8eadd8d_ecd2_4179_8aad_edeb83d2f338
	compression.gzip.level = -1
	compression.lz4.level = 9
	compression.type = none
	compression.zstd.level = 3
	connections.max.idle.ms = 10000
	delivery.timeout.ms = 120000
	enable.idempotence = true
	enable.metrics.push = true
	interceptor.classes = []
	key.serializer = class org.apache.kafka.common.serialization.StringSerializer
	linger.ms = 0
	max.block.ms = 60000
	max.in.flight.requests.per.connection = 5
	max.request.size = 1048576
	metadata.max.age.ms = 300000
	metadata.max.idle.ms = 300000
	metadata.recovery.strategy = none
	metric.reporters = []
	metrics.num.samples = 2
	metrics.recording.level = INFO
	metrics.sample.window.ms = 30000
	partitioner.adaptive.partitioning.enable = true
	partitioner.availability.timeout.ms = 0
	partitioner.class = null
	partitioner.ignore.keys = false
	receive.buffer.bytes = 32768
	reconnect.backoff.max.ms = 1000
	reconnect.backoff.ms = 50
	request.timeout.ms = 5000
	retries = 2147483647
	retry.backoff.max.ms = 1000
	retry.backoff.ms = 100
	sasl.client.callback.handler.class = null
	sasl.jaas.config = null
	sasl.kerberos.kinit.cmd = /usr/bin/kinit
	sasl.kerberos.min.time.before.relogin = 60000
	sasl.kerberos.service.name = null
	sasl.kerberos.ticket.renew.jitter = 0.05
	sasl.kerberos.ticket.renew.window.factor = 0.8
	sasl.login.callback.handler.class = null
	sasl.login.class = null
	sasl.login.connect.timeout.ms = null
	sasl.login.read.timeout.ms = null
	sasl.login.refresh.buffer.seconds = 300
	sasl.login.refresh.min.period.seconds = 60
	sasl.login.refresh.window.factor = 0.8
	sasl.login.refresh.window.jitter = 0.05
	sasl.login.retry.backoff.max.ms = 10000
	sasl.login.retry.backoff.ms = 100
	sasl.mechanism = GSSAPI
	sasl.oauthbearer.clock.skew.seconds = 30
	sasl.oauthbearer.expected.audience = null
	sasl.oauthbearer.expected.issuer = null
	sasl.oauthbearer.header.urlencode = false
	sasl.oauthbearer.jwks.endpoint.refresh.ms = 3600000
	sasl.oauthbearer.jwks.endpoint.retry.backoff.max.ms = 10000
	sasl.oauthbearer.jwks.endpoint.retry.backoff.ms = 100
	sasl.oauthbearer.jwks.endpoint.url = null
	sasl.oauthbearer.scope.claim.name = scope
	sasl.oauthbearer.sub.claim.name = sub
	sasl.oauthbearer.token.endpoint.url = null
	security.protocol = PLAINTEXT
	security.providers = null
	send.buffer.bytes = 131072
	socket.connection.setup.timeout.max.ms = 30000
	socket.connection.setup.timeout.ms = 10000
	ssl.cipher.suites = null
	ssl.enabled.protocols = [TLSv1.2, TLSv1.3]
	ssl.endpoint.identification.algorithm = https
	ssl.engine.factory.class = null
	ssl.key.password = null
	ssl.keymanager.algorithm = SunX509
	ssl.keystore.certificate.chain = null
	ssl.keystore.key = null
	ssl.keystore.location = null
	ssl.keystore.password = null
	ssl.keystore.type = JKS
	ssl.protocol = TLSv1.3
	ssl.provider = null
	ssl.secure.random.implementation = null
	ssl.trustmanager.algorithm = PKIX
	ssl.truststore.certificates = null
	ssl.truststore.location = null
	ssl.truststore.password = null
	ssl.truststore.type = JKS
	transaction.timeout.ms = 60000
	transactional.id = null
	value.serializer = class io.apicurio.registry.serde.avro.AvroKafkaSerializer

2025-08-13 18:17:22,088 INFO  [org.apa.kaf.com.tel.int.KafkaMetricsCollector] (main) initializing Kafka metrics collector
2025-08-13 18:17:22,092 INFO  [org.apa.kaf.cli.pro.KafkaProducer] (main) [Producer clientId=Producer-topic-a8eadd8d_ecd2_4179_8aad_edeb83d2f338] Instantiated an idempotent producer.
2025-08-13 18:17:22,097 INFO  [org.apa.kaf.cli.pro.ProducerConfig] (main) These configurations '[apicurio.registry.find-latest, apicurio.registry.artifact.group-id, apicurio.registry.url, apicurio.registry.artifact-resolver-strategy]' were supplied but are not used yet.
2025-08-13 18:17:22,097 INFO  [org.apa.kaf.com.uti.AppInfoParser] (main) Kafka version: 3.9.1
2025-08-13 18:17:22,097 INFO  [org.apa.kaf.com.uti.AppInfoParser] (main) Kafka commitId: f745dfdcee2b9851
2025-08-13 18:17:22,097 INFO  [org.apa.kaf.com.uti.AppInfoParser] (main) Kafka startTimeMs: 1755109042097
2025-08-13 18:17:22,097 INFO  [io.api.tes.ser.api.SimpleSerdesTesterBuilder$SimpleSerdesTester] (main) Using producer configuration: {apicurio.registry.find-latest=true, apicurio.registry.artifact.group-id=topic-a8eadd8d_ecd2_4179_8aad_edeb83d2f338, apicurio.registry.url=http://registry-app-inmemory.apps.ci419.apicurio-testing.org:80/apis/registry/v3, apicurio.registry.artifact-resolver-strategy=io.apicurio.registry.serde.strategy.SimpleTopicIdStrategy, value.serializer=io.apicurio.registry.serde.avro.AvroKafkaSerializer, request.timeout.ms=5000, acks=all, bootstrap.servers=PLAINTEXT://localhost:32769, connections.max.idle.ms=10000, key.serializer=org.apache.kafka.common.serialization.StringSerializer, client.id=Producer-topic-a8eadd8d_ecd2_4179_8aad_edeb83d2f338}
2025-08-13 18:17:22,097 INFO  [io.api.tes.ser.api.SimpleSerdesTesterBuilder$SimpleSerdesTester] (main) Using consumer configuration: {}
2025-08-13 18:17:22,105 INFO  [org.apa.kaf.cli.Metadata] (kafka-producer-network-thread | Producer-topic-a8eadd8d_ecd2_4179_8aad_edeb83d2f338) [Producer clientId=Producer-topic-a8eadd8d_ecd2_4179_8aad_edeb83d2f338] Cluster ID: 4IlD_Sy2TMOqYF-Nc3vIHA
2025-08-13 18:17:22,106 INFO  [io.api.tes.ser.api.KafkaSerdesTester] (Thread-606) Sending message {"key11755109041041": "value-0"} to topic topic-a8eadd8d_ecd2_4179_8aad_edeb83d2f338
2025-08-13 18:17:22,108 INFO  [org.apa.kaf.cli.pro.int.TransactionManager] (kafka-producer-network-thread | Producer-topic-a8eadd8d_ecd2_4179_8aad_edeb83d2f338) [Producer clientId=Producer-topic-a8eadd8d_ecd2_4179_8aad_edeb83d2f338] ProducerId set to 1 with epoch 0
2025-08-13 18:17:22,191 INFO  [io.api.tes.ser.api.KafkaSerdesTester] (Thread-606) Sending message {"key11755109041041": "value-1"} to topic topic-a8eadd8d_ecd2_4179_8aad_edeb83d2f338
2025-08-13 18:17:22,195 INFO  [io.api.tes.ser.api.KafkaSerdesTester] (Thread-606) Sending message {"key11755109041041": "value-2"} to topic topic-a8eadd8d_ecd2_4179_8aad_edeb83d2f338
2025-08-13 18:17:22,198 INFO  [io.api.tes.ser.api.KafkaSerdesTester] (Thread-606) Sending message {"key11755109041041": "value-3"} to topic topic-a8eadd8d_ecd2_4179_8aad_edeb83d2f338
2025-08-13 18:17:22,201 INFO  [io.api.tes.ser.api.KafkaSerdesTester] (Thread-606) Sending message {"key11755109041041": "value-4"} to topic topic-a8eadd8d_ecd2_4179_8aad_edeb83d2f338
2025-08-13 18:17:22,205 INFO  [io.api.tes.ser.api.KafkaSerdesTester] (Thread-606) Sending message {"key11755109041041": "value-5"} to topic topic-a8eadd8d_ecd2_4179_8aad_edeb83d2f338
2025-08-13 18:17:22,208 INFO  [io.api.tes.ser.api.KafkaSerdesTester] (Thread-606) Sending message {"key11755109041041": "value-6"} to topic topic-a8eadd8d_ecd2_4179_8aad_edeb83d2f338
2025-08-13 18:17:22,212 INFO  [io.api.tes.ser.api.KafkaSerdesTester] (Thread-606) Sending message {"key11755109041041": "value-7"} to topic topic-a8eadd8d_ecd2_4179_8aad_edeb83d2f338
2025-08-13 18:17:22,215 INFO  [io.api.tes.ser.api.KafkaSerdesTester] (Thread-606) Sending message {"key11755109041041": "value-8"} to topic topic-a8eadd8d_ecd2_4179_8aad_edeb83d2f338
2025-08-13 18:17:22,218 INFO  [io.api.tes.ser.api.KafkaSerdesTester] (Thread-606) Sending message {"key11755109041041": "value-9"} to topic topic-a8eadd8d_ecd2_4179_8aad_edeb83d2f338
2025-08-13 18:17:22,220 INFO  [io.api.tes.ser.api.KafkaSerdesTester] (Thread-606) Produced 10 messages
2025-08-13 18:17:22,220 INFO  [org.apa.kaf.cli.pro.KafkaProducer] (Thread-606) [Producer clientId=Producer-topic-a8eadd8d_ecd2_4179_8aad_edeb83d2f338] Closing the Kafka producer with timeoutMillis = 9223372036854775807 ms.
2025-08-13 18:17:22,225 INFO  [org.apa.kaf.com.met.Metrics] (Thread-606) Metrics scheduler closed
2025-08-13 18:17:22,225 INFO  [org.apa.kaf.com.met.Metrics] (Thread-606) Closing reporter org.apache.kafka.common.metrics.JmxReporter
2025-08-13 18:17:22,225 INFO  [org.apa.kaf.com.met.Metrics] (Thread-606) Closing reporter org.apache.kafka.common.telemetry.internals.ClientTelemetryReporter
2025-08-13 18:17:22,225 INFO  [org.apa.kaf.com.met.Metrics] (Thread-606) Metrics reporters closed
2025-08-13 18:17:22,226 INFO  [org.apa.kaf.com.uti.AppInfoParser] (Thread-606) App info kafka.producer for Producer-topic-a8eadd8d_ecd2_4179_8aad_edeb83d2f338 unregistered
**** Registry Base URL: http://registry-app-inmemory.apps.ci419.apicurio-testing.org:80
2025-08-13 18:17:22,229 INFO  [org.apa.kaf.cli.con.ConsumerConfig] (main) ConsumerConfig values: 
	allow.auto.create.topics = true
	auto.commit.interval.ms = 500
	auto.include.jmx.reporter = true
	auto.offset.reset = earliest
	bootstrap.servers = [PLAINTEXT://localhost:32769]
	check.crcs = true
	client.dns.lookup = use_all_dns_ips
	client.id = consumer-Consumer-topic-a8eadd8d_ecd2_4179_8aad_edeb83d2f338-2
	client.rack = 
	connections.max.idle.ms = 10000
	default.api.timeout.ms = 60000
	enable.auto.commit = true
	enable.metrics.push = true
	exclude.internal.topics = true
	fetch.max.bytes = 52428800
	fetch.max.wait.ms = 500
	fetch.min.bytes = 1
	group.id = Consumer-topic-a8eadd8d_ecd2_4179_8aad_edeb83d2f338
	group.instance.id = null
	group.protocol = classic
	group.remote.assignor = null
	heartbeat.interval.ms = 3000
	interceptor.classes = []
	internal.leave.group.on.close = true
	internal.throw.on.fetch.stable.offset.unsupported = false
	isolation.level = read_uncommitted
	key.deserializer = class org.apache.kafka.common.serialization.StringDeserializer
	max.partition.fetch.bytes = 1048576
	max.poll.interval.ms = 300000
	max.poll.records = 500
	metadata.max.age.ms = 300000
	metadata.recovery.strategy = none
	metric.reporters = []
	metrics.num.samples = 2
	metrics.recording.level = INFO
	metrics.sample.window.ms = 30000
	partition.assignment.strategy = [class org.apache.kafka.clients.consumer.RangeAssignor, class org.apache.kafka.clients.consumer.CooperativeStickyAssignor]
	receive.buffer.bytes = 65536
	reconnect.backoff.max.ms = 1000
	reconnect.backoff.ms = 50
	request.timeout.ms = 5000
	retry.backoff.max.ms = 1000
	retry.backoff.ms = 100
	sasl.client.callback.handler.class = null
	sasl.jaas.config = null
	sasl.kerberos.kinit.cmd = /usr/bin/kinit
	sasl.kerberos.min.time.before.relogin = 60000
	sasl.kerberos.service.name = null
	sasl.kerberos.ticket.renew.jitter = 0.05
	sasl.kerberos.ticket.renew.window.factor = 0.8
	sasl.login.callback.handler.class = null
	sasl.login.class = null
	sasl.login.connect.timeout.ms = null
	sasl.login.read.timeout.ms = null
	sasl.login.refresh.buffer.seconds = 300
	sasl.login.refresh.min.period.seconds = 60
	sasl.login.refresh.window.factor = 0.8
	sasl.login.refresh.window.jitter = 0.05
	sasl.login.retry.backoff.max.ms = 10000
	sasl.login.retry.backoff.ms = 100
	sasl.mechanism = GSSAPI
	sasl.oauthbearer.clock.skew.seconds = 30
	sasl.oauthbearer.expected.audience = null
	sasl.oauthbearer.expected.issuer = null
	sasl.oauthbearer.header.urlencode = false
	sasl.oauthbearer.jwks.endpoint.refresh.ms = 3600000
	sasl.oauthbearer.jwks.endpoint.retry.backoff.max.ms = 10000
	sasl.oauthbearer.jwks.endpoint.retry.backoff.ms = 100
	sasl.oauthbearer.jwks.endpoint.url = null
	sasl.oauthbearer.scope.claim.name = scope
	sasl.oauthbearer.sub.claim.name = sub
	sasl.oauthbearer.token.endpoint.url = null
	security.protocol = PLAINTEXT
	security.providers = null
	send.buffer.bytes = 131072
	session.timeout.ms = 45000
	socket.connection.setup.timeout.max.ms = 30000
	socket.connection.setup.timeout.ms = 10000
	ssl.cipher.suites = null
	ssl.enabled.protocols = [TLSv1.2, TLSv1.3]
	ssl.endpoint.identification.algorithm = https
	ssl.engine.factory.class = null
	ssl.key.password = null
	ssl.keymanager.algorithm = SunX509
	ssl.keystore.certificate.chain = null
	ssl.keystore.key = null
	ssl.keystore.location = null
	ssl.keystore.password = null
	ssl.keystore.type = JKS
	ssl.protocol = TLSv1.3
	ssl.provider = null
	ssl.secure.random.implementation = null
	ssl.trustmanager.algorithm = PKIX
	ssl.truststore.certificates = null
	ssl.truststore.location = null
	ssl.truststore.password = null
	ssl.truststore.type = JKS
	value.deserializer = class io.apicurio.registry.serde.avro.AvroKafkaDeserializer

2025-08-13 18:17:22,230 INFO  [org.apa.kaf.com.tel.int.KafkaMetricsCollector] (main) initializing Kafka metrics collector
2025-08-13 18:17:22,240 INFO  [org.apa.kaf.cli.con.ConsumerConfig] (main) These configurations '[apicurio.registry.url]' were supplied but are not used yet.
2025-08-13 18:17:22,241 INFO  [org.apa.kaf.com.uti.AppInfoParser] (main) Kafka version: 3.9.1
2025-08-13 18:17:22,241 INFO  [org.apa.kaf.com.uti.AppInfoParser] (main) Kafka commitId: f745dfdcee2b9851
2025-08-13 18:17:22,241 INFO  [org.apa.kaf.com.uti.AppInfoParser] (main) Kafka startTimeMs: 1755109042241
2025-08-13 18:17:22,241 INFO  [org.apa.kaf.cli.con.int.ClassicKafkaConsumer] (Thread-609) [Consumer clientId=consumer-Consumer-topic-a8eadd8d_ecd2_4179_8aad_edeb83d2f338-2, groupId=Consumer-topic-a8eadd8d_ecd2_4179_8aad_edeb83d2f338] Subscribed to topic(s): topic-a8eadd8d_ecd2_4179_8aad_edeb83d2f338
2025-08-13 18:17:22,250 INFO  [org.apa.kaf.cli.Metadata] (Thread-609) [Consumer clientId=consumer-Consumer-topic-a8eadd8d_ecd2_4179_8aad_edeb83d2f338-2, groupId=Consumer-topic-a8eadd8d_ecd2_4179_8aad_edeb83d2f338] Cluster ID: 4IlD_Sy2TMOqYF-Nc3vIHA
2025-08-13 18:17:22,255 INFO  [org.apa.kaf.cli.con.int.ConsumerCoordinator] (Thread-609) [Consumer clientId=consumer-Consumer-topic-a8eadd8d_ecd2_4179_8aad_edeb83d2f338-2, groupId=Consumer-topic-a8eadd8d_ecd2_4179_8aad_edeb83d2f338] Discovered group coordinator localhost:32769 (id: 2147483647 rack: null)
2025-08-13 18:17:22,260 INFO  [org.apa.kaf.cli.con.int.ConsumerCoordinator] (Thread-609) [Consumer clientId=consumer-Consumer-topic-a8eadd8d_ecd2_4179_8aad_edeb83d2f338-2, groupId=Consumer-topic-a8eadd8d_ecd2_4179_8aad_edeb83d2f338] (Re-)joining group
2025-08-13 18:17:22,276 INFO  [org.apa.kaf.cli.con.int.ConsumerCoordinator] (Thread-609) [Consumer clientId=consumer-Consumer-topic-a8eadd8d_ecd2_4179_8aad_edeb83d2f338-2, groupId=Consumer-topic-a8eadd8d_ecd2_4179_8aad_edeb83d2f338] Request joining group due to: need to re-join with the given member-id: consumer-Consumer-topic-a8eadd8d_ecd2_4179_8aad_edeb83d2f338-2-20d847e1-3e52-48c0-a719-cedba0d2733f
2025-08-13 18:17:22,276 INFO  [org.apa.kaf.cli.con.int.ConsumerCoordinator] (Thread-609) [Consumer clientId=consumer-Consumer-topic-a8eadd8d_ecd2_4179_8aad_edeb83d2f338-2, groupId=Consumer-topic-a8eadd8d_ecd2_4179_8aad_edeb83d2f338] (Re-)joining group
2025-08-13 18:17:23,242 INFO  [io.api.tes.ser.api.KafkaSerdesTester] (Thread-609) None found
2025-08-13 18:17:24,243 INFO  [io.api.tes.ser.api.KafkaSerdesTester] (Thread-609) None found
2025-08-13 18:17:25,244 INFO  [io.api.tes.ser.api.KafkaSerdesTester] (Thread-609) None found
2025-08-13 18:17:25,279 INFO  [org.apa.kaf.cli.con.int.ConsumerCoordinator] (Thread-609) [Consumer clientId=consumer-Consumer-topic-a8eadd8d_ecd2_4179_8aad_edeb83d2f338-2, groupId=Consumer-topic-a8eadd8d_ecd2_4179_8aad_edeb83d2f338] Successfully joined group with generation Generation{generationId=1, memberId='consumer-Consumer-topic-a8eadd8d_ecd2_4179_8aad_edeb83d2f338-2-20d847e1-3e52-48c0-a719-cedba0d2733f', protocol='range'}
2025-08-13 18:17:25,280 INFO  [org.apa.kaf.cli.con.int.ConsumerCoordinator] (Thread-609) [Consumer clientId=consumer-Consumer-topic-a8eadd8d_ecd2_4179_8aad_edeb83d2f338-2, groupId=Consumer-topic-a8eadd8d_ecd2_4179_8aad_edeb83d2f338] Finished assignment for group at generation 1: {consumer-Consumer-topic-a8eadd8d_ecd2_4179_8aad_edeb83d2f338-2-20d847e1-3e52-48c0-a719-cedba0d2733f=Assignment(partitions=[topic-a8eadd8d_ecd2_4179_8aad_edeb83d2f338-0])}
2025-08-13 18:17:25,288 INFO  [org.apa.kaf.cli.con.int.ConsumerCoordinator] (Thread-609) [Consumer clientId=consumer-Consumer-topic-a8eadd8d_ecd2_4179_8aad_edeb83d2f338-2, groupId=Consumer-topic-a8eadd8d_ecd2_4179_8aad_edeb83d2f338] Successfully synced group in generation Generation{generationId=1, memberId='consumer-Consumer-topic-a8eadd8d_ecd2_4179_8aad_edeb83d2f338-2-20d847e1-3e52-48c0-a719-cedba0d2733f', protocol='range'}
2025-08-13 18:17:25,288 INFO  [org.apa.kaf.cli.con.int.ConsumerCoordinator] (Thread-609) [Consumer clientId=consumer-Consumer-topic-a8eadd8d_ecd2_4179_8aad_edeb83d2f338-2, groupId=Consumer-topic-a8eadd8d_ecd2_4179_8aad_edeb83d2f338] Notifying assignor about the new Assignment(partitions=[topic-a8eadd8d_ecd2_4179_8aad_edeb83d2f338-0])
2025-08-13 18:17:25,288 INFO  [org.apa.kaf.cli.con.int.ConsumerRebalanceListenerInvoker] (Thread-609) [Consumer clientId=consumer-Consumer-topic-a8eadd8d_ecd2_4179_8aad_edeb83d2f338-2, groupId=Consumer-topic-a8eadd8d_ecd2_4179_8aad_edeb83d2f338] Adding newly assigned partitions: topic-a8eadd8d_ecd2_4179_8aad_edeb83d2f338-0
2025-08-13 18:17:25,290 INFO  [org.apa.kaf.cli.con.int.ConsumerCoordinator] (Thread-609) [Consumer clientId=consumer-Consumer-topic-a8eadd8d_ecd2_4179_8aad_edeb83d2f338-2, groupId=Consumer-topic-a8eadd8d_ecd2_4179_8aad_edeb83d2f338] Found no committed offset for partition topic-a8eadd8d_ecd2_4179_8aad_edeb83d2f338-0
2025-08-13 18:17:25,294 INFO  [org.apa.kaf.cli.con.int.SubscriptionState] (Thread-609) [Consumer clientId=consumer-Consumer-topic-a8eadd8d_ecd2_4179_8aad_edeb83d2f338-2, groupId=Consumer-topic-a8eadd8d_ecd2_4179_8aad_edeb83d2f338] Resetting offset for partition topic-a8eadd8d_ecd2_4179_8aad_edeb83d2f338-0 to position FetchPosition{offset=0, offsetEpoch=Optional.empty, currentLeader=LeaderAndEpoch{leader=Optional[localhost:32769 (id: 0 rack: null)], epoch=0}}.
2025-08-13 18:17:25,340 INFO  [io.api.tes.ser.api.KafkaSerdesTester] (Thread-609) topic-a8eadd8d_ecd2_4179_8aad_edeb83d2f338 0 0 {"key11755109041041": "value-0"}
2025-08-13 18:17:25,342 INFO  [io.api.tes.ser.api.KafkaSerdesTester] (Thread-609) topic-a8eadd8d_ecd2_4179_8aad_edeb83d2f338 0 1 {"key11755109041041": "value-1"}
2025-08-13 18:17:25,342 INFO  [io.api.tes.ser.api.KafkaSerdesTester] (Thread-609) topic-a8eadd8d_ecd2_4179_8aad_edeb83d2f338 0 2 {"key11755109041041": "value-2"}
2025-08-13 18:17:25,342 INFO  [io.api.tes.ser.api.KafkaSerdesTester] (Thread-609) topic-a8eadd8d_ecd2_4179_8aad_edeb83d2f338 0 3 {"key11755109041041": "value-3"}
2025-08-13 18:17:25,343 INFO  [io.api.tes.ser.api.KafkaSerdesTester] (Thread-609) topic-a8eadd8d_ecd2_4179_8aad_edeb83d2f338 0 4 {"key11755109041041": "value-4"}
2025-08-13 18:17:25,343 INFO  [io.api.tes.ser.api.KafkaSerdesTester] (Thread-609) topic-a8eadd8d_ecd2_4179_8aad_edeb83d2f338 0 5 {"key11755109041041": "value-5"}
2025-08-13 18:17:25,343 INFO  [io.api.tes.ser.api.KafkaSerdesTester] (Thread-609) topic-a8eadd8d_ecd2_4179_8aad_edeb83d2f338 0 6 {"key11755109041041": "value-6"}
2025-08-13 18:17:25,343 INFO  [io.api.tes.ser.api.KafkaSerdesTester] (Thread-609) topic-a8eadd8d_ecd2_4179_8aad_edeb83d2f338 0 7 {"key11755109041041": "value-7"}
2025-08-13 18:17:25,343 INFO  [io.api.tes.ser.api.KafkaSerdesTester] (Thread-609) topic-a8eadd8d_ecd2_4179_8aad_edeb83d2f338 0 8 {"key11755109041041": "value-8"}
2025-08-13 18:17:25,345 INFO  [io.api.tes.ser.api.KafkaSerdesTester] (Thread-609) topic-a8eadd8d_ecd2_4179_8aad_edeb83d2f338 0 9 {"key11755109041041": "value-9"}
2025-08-13 18:17:25,345 INFO  [io.api.tes.ser.api.KafkaSerdesTester] (Thread-609) Consumed 10 messages
2025-08-13 18:17:25,357 INFO  [org.apa.kaf.cli.con.int.ConsumerRebalanceListenerInvoker] (Thread-609) [Consumer clientId=consumer-Consumer-topic-a8eadd8d_ecd2_4179_8aad_edeb83d2f338-2, groupId=Consumer-topic-a8eadd8d_ecd2_4179_8aad_edeb83d2f338] Revoke previously assigned partitions topic-a8eadd8d_ecd2_4179_8aad_edeb83d2f338-0
2025-08-13 18:17:25,357 INFO  [org.apa.kaf.cli.con.int.ConsumerCoordinator] (Thread-609) [Consumer clientId=consumer-Consumer-topic-a8eadd8d_ecd2_4179_8aad_edeb83d2f338-2, groupId=Consumer-topic-a8eadd8d_ecd2_4179_8aad_edeb83d2f338] Member consumer-Consumer-topic-a8eadd8d_ecd2_4179_8aad_edeb83d2f338-2-20d847e1-3e52-48c0-a719-cedba0d2733f sending LeaveGroup request to coordinator localhost:32769 (id: 2147483647 rack: null) due to the consumer is being closed
2025-08-13 18:17:25,357 INFO  [org.apa.kaf.cli.con.int.ConsumerCoordinator] (Thread-609) [Consumer clientId=consumer-Consumer-topic-a8eadd8d_ecd2_4179_8aad_edeb83d2f338-2, groupId=Consumer-topic-a8eadd8d_ecd2_4179_8aad_edeb83d2f338] Resetting generation and member id due to: consumer pro-actively leaving the group
2025-08-13 18:17:25,358 INFO  [org.apa.kaf.cli.con.int.ConsumerCoordinator] (Thread-609) [Consumer clientId=consumer-Consumer-topic-a8eadd8d_ecd2_4179_8aad_edeb83d2f338-2, groupId=Consumer-topic-a8eadd8d_ecd2_4179_8aad_edeb83d2f338] Request joining group due to: consumer pro-actively leaving the group
2025-08-13 18:17:25,845 INFO  [org.apa.kaf.com.met.Metrics] (Thread-609) Metrics scheduler closed
2025-08-13 18:17:25,845 INFO  [org.apa.kaf.com.met.Metrics] (Thread-609) Closing reporter org.apache.kafka.common.metrics.JmxReporter
2025-08-13 18:17:25,845 INFO  [org.apa.kaf.com.met.Metrics] (Thread-609) Closing reporter org.apache.kafka.common.telemetry.internals.ClientTelemetryReporter
2025-08-13 18:17:25,845 INFO  [org.apa.kaf.com.met.Metrics] (Thread-609) Metrics reporters closed
2025-08-13 18:17:25,850 INFO  [org.apa.kaf.com.uti.AppInfoParser] (Thread-609) App info kafka.consumer for consumer-Consumer-topic-a8eadd8d_ecd2_4179_8aad_edeb83d2f338-2 unregistered
2025-08-13 18:17:25,851 INFO  [io.api.tes.uti.TestSeparator] (main) io.apicurio.tests.serdes.apicurio.AvroSerdeIT.testSimpleTopicIdStrategyFindLatest-FINISHED
2025-08-13 18:17:25,851 INFO  [io.api.tes.uti.TestSeparator] (main) ############################################################################
Test passed: testSimpleTopicIdStrategyFindLatest
]]></system-out>
  </testcase>
  <testcase name="testWrongSchema" classname="io.apicurio.tests.serdes.apicurio.AvroSerdeIT" time="1.139">
    <system-out><![CDATA[2025-08-13 18:17:25,853 INFO  [io.api.tes.uti.TestSeparator] (main) ############################################################################
2025-08-13 18:17:25,855 INFO  [io.api.tes.uti.TestSeparator] (main) io.apicurio.tests.serdes.apicurio.AvroSerdeIT.testWrongSchema-STARTED
**** Registry Base URL: http://registry-app-inmemory.apps.ci419.apicurio-testing.org:80
2025-08-13 18:17:26,898 INFO  [org.apa.kaf.cli.pro.ProducerConfig] (main) ProducerConfig values: 
	acks = -1
	auto.include.jmx.reporter = true
	batch.size = 16384
	bootstrap.servers = [PLAINTEXT://localhost:32769]
	buffer.memory = 33554432
	client.dns.lookup = use_all_dns_ips
	client.id = Producer-s6c3b9485x9ca6x4377x98ffx16abd78e6572
	compression.gzip.level = -1
	compression.lz4.level = 9
	compression.type = none
	compression.zstd.level = 3
	connections.max.idle.ms = 10000
	delivery.timeout.ms = 120000
	enable.idempotence = true
	enable.metrics.push = true
	interceptor.classes = []
	key.serializer = class org.apache.kafka.common.serialization.StringSerializer
	linger.ms = 0
	max.block.ms = 60000
	max.in.flight.requests.per.connection = 5
	max.request.size = 1048576
	metadata.max.age.ms = 300000
	metadata.max.idle.ms = 300000
	metadata.recovery.strategy = none
	metric.reporters = []
	metrics.num.samples = 2
	metrics.recording.level = INFO
	metrics.sample.window.ms = 30000
	partitioner.adaptive.partitioning.enable = true
	partitioner.availability.timeout.ms = 0
	partitioner.class = null
	partitioner.ignore.keys = false
	receive.buffer.bytes = 32768
	reconnect.backoff.max.ms = 1000
	reconnect.backoff.ms = 50
	request.timeout.ms = 5000
	retries = 2147483647
	retry.backoff.max.ms = 1000
	retry.backoff.ms = 100
	sasl.client.callback.handler.class = null
	sasl.jaas.config = null
	sasl.kerberos.kinit.cmd = /usr/bin/kinit
	sasl.kerberos.min.time.before.relogin = 60000
	sasl.kerberos.service.name = null
	sasl.kerberos.ticket.renew.jitter = 0.05
	sasl.kerberos.ticket.renew.window.factor = 0.8
	sasl.login.callback.handler.class = null
	sasl.login.class = null
	sasl.login.connect.timeout.ms = null
	sasl.login.read.timeout.ms = null
	sasl.login.refresh.buffer.seconds = 300
	sasl.login.refresh.min.period.seconds = 60
	sasl.login.refresh.window.factor = 0.8
	sasl.login.refresh.window.jitter = 0.05
	sasl.login.retry.backoff.max.ms = 10000
	sasl.login.retry.backoff.ms = 100
	sasl.mechanism = GSSAPI
	sasl.oauthbearer.clock.skew.seconds = 30
	sasl.oauthbearer.expected.audience = null
	sasl.oauthbearer.expected.issuer = null
	sasl.oauthbearer.header.urlencode = false
	sasl.oauthbearer.jwks.endpoint.refresh.ms = 3600000
	sasl.oauthbearer.jwks.endpoint.retry.backoff.max.ms = 10000
	sasl.oauthbearer.jwks.endpoint.retry.backoff.ms = 100
	sasl.oauthbearer.jwks.endpoint.url = null
	sasl.oauthbearer.scope.claim.name = scope
	sasl.oauthbearer.sub.claim.name = sub
	sasl.oauthbearer.token.endpoint.url = null
	security.protocol = PLAINTEXT
	security.providers = null
	send.buffer.bytes = 131072
	socket.connection.setup.timeout.max.ms = 30000
	socket.connection.setup.timeout.ms = 10000
	ssl.cipher.suites = null
	ssl.enabled.protocols = [TLSv1.2, TLSv1.3]
	ssl.endpoint.identification.algorithm = https
	ssl.engine.factory.class = null
	ssl.key.password = null
	ssl.keymanager.algorithm = SunX509
	ssl.keystore.certificate.chain = null
	ssl.keystore.key = null
	ssl.keystore.location = null
	ssl.keystore.password = null
	ssl.keystore.type = JKS
	ssl.protocol = TLSv1.3
	ssl.provider = null
	ssl.secure.random.implementation = null
	ssl.trustmanager.algorithm = PKIX
	ssl.truststore.certificates = null
	ssl.truststore.location = null
	ssl.truststore.password = null
	ssl.truststore.type = JKS
	transaction.timeout.ms = 60000
	transactional.id = null
	value.serializer = class io.apicurio.registry.serde.avro.AvroKafkaSerializer

2025-08-13 18:17:26,899 INFO  [org.apa.kaf.com.tel.int.KafkaMetricsCollector] (main) initializing Kafka metrics collector
2025-08-13 18:17:26,903 INFO  [org.apa.kaf.cli.pro.KafkaProducer] (main) [Producer clientId=Producer-s6c3b9485x9ca6x4377x98ffx16abd78e6572] Instantiated an idempotent producer.
2025-08-13 18:17:26,907 INFO  [org.apa.kaf.cli.pro.ProducerConfig] (main) These configurations '[apicurio.registry.find-latest, apicurio.registry.url, apicurio.registry.artifact-resolver-strategy]' were supplied but are not used yet.
2025-08-13 18:17:26,908 INFO  [org.apa.kaf.com.uti.AppInfoParser] (main) Kafka version: 3.9.1
2025-08-13 18:17:26,908 INFO  [org.apa.kaf.com.uti.AppInfoParser] (main) Kafka commitId: f745dfdcee2b9851
2025-08-13 18:17:26,908 INFO  [org.apa.kaf.com.uti.AppInfoParser] (main) Kafka startTimeMs: 1755109046908
2025-08-13 18:17:26,909 INFO  [io.api.tes.ser.api.KafkaSerdesTester] (Thread-612) Sending message {"keyB": "value-0"} to topic s6c3b9485x9ca6x4377x98ffx16abd78e6572
2025-08-13 18:17:26,914 INFO  [org.apa.kaf.cli.Metadata] (kafka-producer-network-thread | Producer-s6c3b9485x9ca6x4377x98ffx16abd78e6572) [Producer clientId=Producer-s6c3b9485x9ca6x4377x98ffx16abd78e6572] Cluster ID: 4IlD_Sy2TMOqYF-Nc3vIHA
2025-08-13 18:17:26,917 INFO  [org.apa.kaf.cli.pro.int.TransactionManager] (kafka-producer-network-thread | Producer-s6c3b9485x9ca6x4377x98ffx16abd78e6572) [Producer clientId=Producer-s6c3b9485x9ca6x4377x98ffx16abd78e6572] ProducerId set to 2 with epoch 0
2025-08-13 18:17:26,982 INFO  [org.apa.kaf.cli.pro.KafkaProducer] (Thread-612) [Producer clientId=Producer-s6c3b9485x9ca6x4377x98ffx16abd78e6572] Closing the Kafka producer with timeoutMillis = 9223372036854775807 ms.
2025-08-13 18:17:26,987 INFO  [org.apa.kaf.com.met.Metrics] (Thread-612) Metrics scheduler closed
2025-08-13 18:17:26,987 INFO  [org.apa.kaf.com.met.Metrics] (Thread-612) Closing reporter org.apache.kafka.common.metrics.JmxReporter
2025-08-13 18:17:26,987 INFO  [org.apa.kaf.com.met.Metrics] (Thread-612) Closing reporter org.apache.kafka.common.telemetry.internals.ClientTelemetryReporter
2025-08-13 18:17:26,987 INFO  [org.apa.kaf.com.met.Metrics] (Thread-612) Metrics reporters closed
2025-08-13 18:17:26,988 INFO  [org.apa.kaf.com.uti.AppInfoParser] (Thread-612) App info kafka.producer for Producer-s6c3b9485x9ca6x4377x98ffx16abd78e6572 unregistered
2025-08-13 18:17:26,990 INFO  [io.api.tes.uti.TestSeparator] (main) io.apicurio.tests.serdes.apicurio.AvroSerdeIT.testWrongSchema-FINISHED
2025-08-13 18:17:26,991 INFO  [io.api.tes.uti.TestSeparator] (main) ############################################################################
Test passed: testWrongSchema
]]></system-out>
    <system-err><![CDATA[io.apicurio.registry.rest.client.models.ProblemDetails
	at io.apicurio.registry.rest.client.models.ProblemDetails.createFromDiscriminatorValue(ProblemDetails.java:58)
	at io.kiota.serialization.json.JsonParseNode.getObjectValue(JsonParseNode.java:247)
	at io.kiota.http.vertx.VertXRequestAdapter.lambda$throwIfFailedResponse$0(VertXRequestAdapter.java:400)
	at com.microsoft.kiota.ApiExceptionBuilder.<init>(ApiExceptionBuilder.java:26)
	at io.kiota.http.vertx.VertXRequestAdapter.throwIfFailedResponse(VertXRequestAdapter.java:399)
	at io.kiota.http.vertx.VertXRequestAdapter.send(VertXRequestAdapter.java:170)
	at io.apicurio.registry.rest.client.groups.item.artifacts.item.versions.item.WithVersionExpressionItemRequestBuilder.get(WithVersionExpressionItemRequestBuilder.java:128)
	at io.apicurio.registry.rest.client.groups.item.artifacts.item.versions.item.WithVersionExpressionItemRequestBuilder.get(WithVersionExpressionItemRequestBuilder.java:111)
	at io.apicurio.registry.resolver.client.RegistryClientFacadeImpl.getVersionCoordinatesByGAV(RegistryClientFacadeImpl.java:159)
	at io.apicurio.registry.resolver.DefaultSchemaResolver.resolveByCoordinates(DefaultSchemaResolver.java:352)
	at io.apicurio.registry.resolver.DefaultSchemaResolver.lambda$resolveSchemaByArtifactReferenceCached$6(DefaultSchemaResolver.java:340)
	at io.apicurio.registry.resolver.cache.ERCache.lambda$getValue$0(ERCache.java:174)
	at io.apicurio.registry.resolver.cache.ERCache.retry(ERCache.java:227)
	at io.apicurio.registry.resolver.cache.ERCache.getValue(ERCache.java:173)
	at io.apicurio.registry.resolver.cache.ERCache.getByArtifactCoordinates(ERCache.java:158)
	at io.apicurio.registry.resolver.DefaultSchemaResolver.resolveSchemaByArtifactReferenceCached(DefaultSchemaResolver.java:338)
	at io.apicurio.registry.resolver.DefaultSchemaResolver.resolveSchemaByCoordinates(DefaultSchemaResolver.java:193)
	at io.apicurio.registry.resolver.DefaultSchemaResolver.getSchemaFromRegistry(DefaultSchemaResolver.java:130)
	at io.apicurio.registry.resolver.DefaultSchemaResolver.lambda$resolveSchema$0(DefaultSchemaResolver.java:84)
	at java.base/java.util.Optional.orElseGet(Optional.java:364)
	at io.apicurio.registry.resolver.DefaultSchemaResolver.resolveSchema(DefaultSchemaResolver.java:84)
	at io.apicurio.registry.serde.AbstractSerializer.serializeData(AbstractSerializer.java:62)
	at io.apicurio.registry.serde.KafkaSerializer.serialize(KafkaSerializer.java:77)
	at org.apache.kafka.clients.producer.KafkaProducer.doSend(KafkaProducer.java:1046)
	at org.apache.kafka.clients.producer.KafkaProducer.send(KafkaProducer.java:993)
	at org.apache.kafka.clients.producer.KafkaProducer.send(KafkaProducer.java:875)
	at io.apicurio.tests.serdes.apicurio.KafkaSerdesTester.lambda$produceMessages$3(KafkaSerdesTester.java:138)
	at java.base/java.util.concurrent.CompletableFuture$AsyncSupply.run(CompletableFuture.java:1768)
	at java.base/java.lang.Thread.run(Thread.java:840)
]]></system-err>
  </testcase>
  <testcase name="testAvroJSON" classname="io.apicurio.tests.serdes.apicurio.AvroSerdeIT" time="3.838">
    <system-out><![CDATA[2025-08-13 18:17:26,995 INFO  [io.api.tes.uti.TestSeparator] (main) ############################################################################
2025-08-13 18:17:26,995 INFO  [io.api.tes.uti.TestSeparator] (main) io.apicurio.tests.serdes.apicurio.AvroSerdeIT.testAvroJSON-STARTED
**** Registry Base URL: http://registry-app-inmemory.apps.ci419.apicurio-testing.org:80
2025-08-13 18:17:27,003 INFO  [org.apa.kaf.cli.pro.ProducerConfig] (main) ProducerConfig values: 
	acks = -1
	auto.include.jmx.reporter = true
	batch.size = 16384
	bootstrap.servers = [PLAINTEXT://localhost:32769]
	buffer.memory = 33554432
	client.dns.lookup = use_all_dns_ips
	client.id = Producer-topic-a813c2de_ac48_4fa3_a4ee_97f465168755
	compression.gzip.level = -1
	compression.lz4.level = 9
	compression.type = none
	compression.zstd.level = 3
	connections.max.idle.ms = 10000
	delivery.timeout.ms = 120000
	enable.idempotence = true
	enable.metrics.push = true
	interceptor.classes = []
	key.serializer = class org.apache.kafka.common.serialization.StringSerializer
	linger.ms = 0
	max.block.ms = 60000
	max.in.flight.requests.per.connection = 5
	max.request.size = 1048576
	metadata.max.age.ms = 300000
	metadata.max.idle.ms = 300000
	metadata.recovery.strategy = none
	metric.reporters = []
	metrics.num.samples = 2
	metrics.recording.level = INFO
	metrics.sample.window.ms = 30000
	partitioner.adaptive.partitioning.enable = true
	partitioner.availability.timeout.ms = 0
	partitioner.class = null
	partitioner.ignore.keys = false
	receive.buffer.bytes = 32768
	reconnect.backoff.max.ms = 1000
	reconnect.backoff.ms = 50
	request.timeout.ms = 5000
	retries = 2147483647
	retry.backoff.max.ms = 1000
	retry.backoff.ms = 100
	sasl.client.callback.handler.class = null
	sasl.jaas.config = null
	sasl.kerberos.kinit.cmd = /usr/bin/kinit
	sasl.kerberos.min.time.before.relogin = 60000
	sasl.kerberos.service.name = null
	sasl.kerberos.ticket.renew.jitter = 0.05
	sasl.kerberos.ticket.renew.window.factor = 0.8
	sasl.login.callback.handler.class = null
	sasl.login.class = null
	sasl.login.connect.timeout.ms = null
	sasl.login.read.timeout.ms = null
	sasl.login.refresh.buffer.seconds = 300
	sasl.login.refresh.min.period.seconds = 60
	sasl.login.refresh.window.factor = 0.8
	sasl.login.refresh.window.jitter = 0.05
	sasl.login.retry.backoff.max.ms = 10000
	sasl.login.retry.backoff.ms = 100
	sasl.mechanism = GSSAPI
	sasl.oauthbearer.clock.skew.seconds = 30
	sasl.oauthbearer.expected.audience = null
	sasl.oauthbearer.expected.issuer = null
	sasl.oauthbearer.header.urlencode = false
	sasl.oauthbearer.jwks.endpoint.refresh.ms = 3600000
	sasl.oauthbearer.jwks.endpoint.retry.backoff.max.ms = 10000
	sasl.oauthbearer.jwks.endpoint.retry.backoff.ms = 100
	sasl.oauthbearer.jwks.endpoint.url = null
	sasl.oauthbearer.scope.claim.name = scope
	sasl.oauthbearer.sub.claim.name = sub
	sasl.oauthbearer.token.endpoint.url = null
	security.protocol = PLAINTEXT
	security.providers = null
	send.buffer.bytes = 131072
	socket.connection.setup.timeout.max.ms = 30000
	socket.connection.setup.timeout.ms = 10000
	ssl.cipher.suites = null
	ssl.enabled.protocols = [TLSv1.2, TLSv1.3]
	ssl.endpoint.identification.algorithm = https
	ssl.engine.factory.class = null
	ssl.key.password = null
	ssl.keymanager.algorithm = SunX509
	ssl.keystore.certificate.chain = null
	ssl.keystore.key = null
	ssl.keystore.location = null
	ssl.keystore.password = null
	ssl.keystore.type = JKS
	ssl.protocol = TLSv1.3
	ssl.provider = null
	ssl.secure.random.implementation = null
	ssl.trustmanager.algorithm = PKIX
	ssl.truststore.certificates = null
	ssl.truststore.location = null
	ssl.truststore.password = null
	ssl.truststore.type = JKS
	transaction.timeout.ms = 60000
	transactional.id = null
	value.serializer = class io.apicurio.registry.serde.avro.AvroKafkaSerializer

2025-08-13 18:17:27,008 INFO  [org.apa.kaf.com.tel.int.KafkaMetricsCollector] (main) initializing Kafka metrics collector
2025-08-13 18:17:27,014 INFO  [org.apa.kaf.cli.pro.KafkaProducer] (main) [Producer clientId=Producer-topic-a813c2de_ac48_4fa3_a4ee_97f465168755] Instantiated an idempotent producer.
2025-08-13 18:17:27,018 INFO  [org.apa.kaf.cli.pro.ProducerConfig] (main) These configurations '[apicurio.registry.avro.encoding, apicurio.registry.url, apicurio.registry.auto-register, apicurio.registry.artifact-resolver-strategy]' were supplied but are not used yet.
2025-08-13 18:17:27,018 INFO  [org.apa.kaf.com.uti.AppInfoParser] (main) Kafka version: 3.9.1
2025-08-13 18:17:27,018 INFO  [org.apa.kaf.com.uti.AppInfoParser] (main) Kafka commitId: f745dfdcee2b9851
2025-08-13 18:17:27,018 INFO  [org.apa.kaf.com.uti.AppInfoParser] (main) Kafka startTimeMs: 1755109047018
2025-08-13 18:17:27,019 INFO  [io.api.tes.ser.api.SimpleSerdesTesterBuilder$SimpleSerdesTester] (main) Using producer configuration: {apicurio.registry.avro.encoding=JSON, apicurio.registry.url=http://registry-app-inmemory.apps.ci419.apicurio-testing.org:80/apis/registry/v3, apicurio.registry.auto-register=true, apicurio.registry.artifact-resolver-strategy=io.apicurio.registry.serde.strategy.TopicIdStrategy, value.serializer=io.apicurio.registry.serde.avro.AvroKafkaSerializer, request.timeout.ms=5000, acks=all, bootstrap.servers=PLAINTEXT://localhost:32769, connections.max.idle.ms=10000, key.serializer=org.apache.kafka.common.serialization.StringSerializer, client.id=Producer-topic-a813c2de_ac48_4fa3_a4ee_97f465168755}
2025-08-13 18:17:27,021 INFO  [io.api.tes.ser.api.SimpleSerdesTesterBuilder$SimpleSerdesTester] (main) Using consumer configuration: {apicurio.registry.avro.encoding=JSON}
2025-08-13 18:17:27,021 INFO  [io.api.tes.ser.api.KafkaSerdesTester] (Thread-615) Sending message {"bar": "value-0"} to topic topic-a813c2de_ac48_4fa3_a4ee_97f465168755
2025-08-13 18:17:27,027 WARN  [org.apa.kaf.cli.NetworkClient] (kafka-producer-network-thread | Producer-topic-a813c2de_ac48_4fa3_a4ee_97f465168755) [Producer clientId=Producer-topic-a813c2de_ac48_4fa3_a4ee_97f465168755] The metadata response from the cluster reported a recoverable issue with correlation id 1 : {topic-a813c2de_ac48_4fa3_a4ee_97f465168755=UNKNOWN_TOPIC_OR_PARTITION}
2025-08-13 18:17:27,027 INFO  [org.apa.kaf.cli.Metadata] (kafka-producer-network-thread | Producer-topic-a813c2de_ac48_4fa3_a4ee_97f465168755) [Producer clientId=Producer-topic-a813c2de_ac48_4fa3_a4ee_97f465168755] Cluster ID: 4IlD_Sy2TMOqYF-Nc3vIHA
2025-08-13 18:17:27,028 INFO  [org.apa.kaf.cli.pro.int.TransactionManager] (kafka-producer-network-thread | Producer-topic-a813c2de_ac48_4fa3_a4ee_97f465168755) [Producer clientId=Producer-topic-a813c2de_ac48_4fa3_a4ee_97f465168755] ProducerId set to 3 with epoch 0
2025-08-13 18:17:27,177 INFO  [io.api.tes.ser.api.KafkaSerdesTester] (Thread-615) Sending message {"bar": "value-1"} to topic topic-a813c2de_ac48_4fa3_a4ee_97f465168755
2025-08-13 18:17:27,180 INFO  [io.api.tes.ser.api.KafkaSerdesTester] (Thread-615) Sending message {"bar": "value-2"} to topic topic-a813c2de_ac48_4fa3_a4ee_97f465168755
2025-08-13 18:17:27,182 INFO  [io.api.tes.ser.api.KafkaSerdesTester] (Thread-615) Sending message {"bar": "value-3"} to topic topic-a813c2de_ac48_4fa3_a4ee_97f465168755
2025-08-13 18:17:27,184 INFO  [io.api.tes.ser.api.KafkaSerdesTester] (Thread-615) Sending message {"bar": "value-4"} to topic topic-a813c2de_ac48_4fa3_a4ee_97f465168755
2025-08-13 18:17:27,188 INFO  [io.api.tes.ser.api.KafkaSerdesTester] (Thread-615) Sending message {"bar": "value-5"} to topic topic-a813c2de_ac48_4fa3_a4ee_97f465168755
2025-08-13 18:17:27,190 INFO  [io.api.tes.ser.api.KafkaSerdesTester] (Thread-615) Sending message {"bar": "value-6"} to topic topic-a813c2de_ac48_4fa3_a4ee_97f465168755
2025-08-13 18:17:27,193 INFO  [io.api.tes.ser.api.KafkaSerdesTester] (Thread-615) Sending message {"bar": "value-7"} to topic topic-a813c2de_ac48_4fa3_a4ee_97f465168755
2025-08-13 18:17:27,197 INFO  [io.api.tes.ser.api.KafkaSerdesTester] (Thread-615) Sending message {"bar": "value-8"} to topic topic-a813c2de_ac48_4fa3_a4ee_97f465168755
2025-08-13 18:17:27,199 INFO  [io.api.tes.ser.api.KafkaSerdesTester] (Thread-615) Sending message {"bar": "value-9"} to topic topic-a813c2de_ac48_4fa3_a4ee_97f465168755
2025-08-13 18:17:27,201 INFO  [io.api.tes.ser.api.KafkaSerdesTester] (Thread-615) Produced 10 messages
2025-08-13 18:17:27,202 INFO  [org.apa.kaf.cli.pro.KafkaProducer] (Thread-615) [Producer clientId=Producer-topic-a813c2de_ac48_4fa3_a4ee_97f465168755] Closing the Kafka producer with timeoutMillis = 9223372036854775807 ms.
2025-08-13 18:17:27,207 INFO  [org.apa.kaf.com.met.Metrics] (Thread-615) Metrics scheduler closed
2025-08-13 18:17:27,207 INFO  [org.apa.kaf.com.met.Metrics] (Thread-615) Closing reporter org.apache.kafka.common.metrics.JmxReporter
2025-08-13 18:17:27,207 INFO  [org.apa.kaf.com.met.Metrics] (Thread-615) Closing reporter org.apache.kafka.common.telemetry.internals.ClientTelemetryReporter
2025-08-13 18:17:27,207 INFO  [org.apa.kaf.com.met.Metrics] (Thread-615) Metrics reporters closed
2025-08-13 18:17:27,208 INFO  [org.apa.kaf.com.uti.AppInfoParser] (Thread-615) App info kafka.producer for Producer-topic-a813c2de_ac48_4fa3_a4ee_97f465168755 unregistered
**** Registry Base URL: http://registry-app-inmemory.apps.ci419.apicurio-testing.org:80
2025-08-13 18:17:27,234 INFO  [org.apa.kaf.cli.con.ConsumerConfig] (main) ConsumerConfig values: 
	allow.auto.create.topics = true
	auto.commit.interval.ms = 500
	auto.include.jmx.reporter = true
	auto.offset.reset = earliest
	bootstrap.servers = [PLAINTEXT://localhost:32769]
	check.crcs = true
	client.dns.lookup = use_all_dns_ips
	client.id = consumer-Consumer-topic-a813c2de_ac48_4fa3_a4ee_97f465168755-3
	client.rack = 
	connections.max.idle.ms = 10000
	default.api.timeout.ms = 60000
	enable.auto.commit = true
	enable.metrics.push = true
	exclude.internal.topics = true
	fetch.max.bytes = 52428800
	fetch.max.wait.ms = 500
	fetch.min.bytes = 1
	group.id = Consumer-topic-a813c2de_ac48_4fa3_a4ee_97f465168755
	group.instance.id = null
	group.protocol = classic
	group.remote.assignor = null
	heartbeat.interval.ms = 3000
	interceptor.classes = []
	internal.leave.group.on.close = true
	internal.throw.on.fetch.stable.offset.unsupported = false
	isolation.level = read_uncommitted
	key.deserializer = class org.apache.kafka.common.serialization.StringDeserializer
	max.partition.fetch.bytes = 1048576
	max.poll.interval.ms = 300000
	max.poll.records = 500
	metadata.max.age.ms = 300000
	metadata.recovery.strategy = none
	metric.reporters = []
	metrics.num.samples = 2
	metrics.recording.level = INFO
	metrics.sample.window.ms = 30000
	partition.assignment.strategy = [class org.apache.kafka.clients.consumer.RangeAssignor, class org.apache.kafka.clients.consumer.CooperativeStickyAssignor]
	receive.buffer.bytes = 65536
	reconnect.backoff.max.ms = 1000
	reconnect.backoff.ms = 50
	request.timeout.ms = 5000
	retry.backoff.max.ms = 1000
	retry.backoff.ms = 100
	sasl.client.callback.handler.class = null
	sasl.jaas.config = null
	sasl.kerberos.kinit.cmd = /usr/bin/kinit
	sasl.kerberos.min.time.before.relogin = 60000
	sasl.kerberos.service.name = null
	sasl.kerberos.ticket.renew.jitter = 0.05
	sasl.kerberos.ticket.renew.window.factor = 0.8
	sasl.login.callback.handler.class = null
	sasl.login.class = null
	sasl.login.connect.timeout.ms = null
	sasl.login.read.timeout.ms = null
	sasl.login.refresh.buffer.seconds = 300
	sasl.login.refresh.min.period.seconds = 60
	sasl.login.refresh.window.factor = 0.8
	sasl.login.refresh.window.jitter = 0.05
	sasl.login.retry.backoff.max.ms = 10000
	sasl.login.retry.backoff.ms = 100
	sasl.mechanism = GSSAPI
	sasl.oauthbearer.clock.skew.seconds = 30
	sasl.oauthbearer.expected.audience = null
	sasl.oauthbearer.expected.issuer = null
	sasl.oauthbearer.header.urlencode = false
	sasl.oauthbearer.jwks.endpoint.refresh.ms = 3600000
	sasl.oauthbearer.jwks.endpoint.retry.backoff.max.ms = 10000
	sasl.oauthbearer.jwks.endpoint.retry.backoff.ms = 100
	sasl.oauthbearer.jwks.endpoint.url = null
	sasl.oauthbearer.scope.claim.name = scope
	sasl.oauthbearer.sub.claim.name = sub
	sasl.oauthbearer.token.endpoint.url = null
	security.protocol = PLAINTEXT
	security.providers = null
	send.buffer.bytes = 131072
	session.timeout.ms = 45000
	socket.connection.setup.timeout.max.ms = 30000
	socket.connection.setup.timeout.ms = 10000
	ssl.cipher.suites = null
	ssl.enabled.protocols = [TLSv1.2, TLSv1.3]
	ssl.endpoint.identification.algorithm = https
	ssl.engine.factory.class = null
	ssl.key.password = null
	ssl.keymanager.algorithm = SunX509
	ssl.keystore.certificate.chain = null
	ssl.keystore.key = null
	ssl.keystore.location = null
	ssl.keystore.password = null
	ssl.keystore.type = JKS
	ssl.protocol = TLSv1.3
	ssl.provider = null
	ssl.secure.random.implementation = null
	ssl.trustmanager.algorithm = PKIX
	ssl.truststore.certificates = null
	ssl.truststore.location = null
	ssl.truststore.password = null
	ssl.truststore.type = JKS
	value.deserializer = class io.apicurio.registry.serde.avro.AvroKafkaDeserializer

2025-08-13 18:17:27,234 INFO  [org.apa.kaf.com.tel.int.KafkaMetricsCollector] (main) initializing Kafka metrics collector
2025-08-13 18:17:27,242 INFO  [org.apa.kaf.cli.con.ConsumerConfig] (main) These configurations '[apicurio.registry.avro.encoding, apicurio.registry.url]' were supplied but are not used yet.
2025-08-13 18:17:27,242 INFO  [org.apa.kaf.com.uti.AppInfoParser] (main) Kafka version: 3.9.1
2025-08-13 18:17:27,242 INFO  [org.apa.kaf.com.uti.AppInfoParser] (main) Kafka commitId: f745dfdcee2b9851
2025-08-13 18:17:27,242 INFO  [org.apa.kaf.com.uti.AppInfoParser] (main) Kafka startTimeMs: 1755109047242
2025-08-13 18:17:27,243 INFO  [org.apa.kaf.cli.con.int.ClassicKafkaConsumer] (Thread-618) [Consumer clientId=consumer-Consumer-topic-a813c2de_ac48_4fa3_a4ee_97f465168755-3, groupId=Consumer-topic-a813c2de_ac48_4fa3_a4ee_97f465168755] Subscribed to topic(s): topic-a813c2de_ac48_4fa3_a4ee_97f465168755
2025-08-13 18:17:27,249 INFO  [org.apa.kaf.cli.Metadata] (Thread-618) [Consumer clientId=consumer-Consumer-topic-a813c2de_ac48_4fa3_a4ee_97f465168755-3, groupId=Consumer-topic-a813c2de_ac48_4fa3_a4ee_97f465168755] Cluster ID: 4IlD_Sy2TMOqYF-Nc3vIHA
2025-08-13 18:17:27,253 INFO  [org.apa.kaf.cli.con.int.ConsumerCoordinator] (Thread-618) [Consumer clientId=consumer-Consumer-topic-a813c2de_ac48_4fa3_a4ee_97f465168755-3, groupId=Consumer-topic-a813c2de_ac48_4fa3_a4ee_97f465168755] Discovered group coordinator localhost:32769 (id: 2147483647 rack: null)
2025-08-13 18:17:27,255 INFO  [org.apa.kaf.cli.con.int.ConsumerCoordinator] (Thread-618) [Consumer clientId=consumer-Consumer-topic-a813c2de_ac48_4fa3_a4ee_97f465168755-3, groupId=Consumer-topic-a813c2de_ac48_4fa3_a4ee_97f465168755] (Re-)joining group
2025-08-13 18:17:27,260 INFO  [org.apa.kaf.cli.con.int.ConsumerCoordinator] (Thread-618) [Consumer clientId=consumer-Consumer-topic-a813c2de_ac48_4fa3_a4ee_97f465168755-3, groupId=Consumer-topic-a813c2de_ac48_4fa3_a4ee_97f465168755] Request joining group due to: need to re-join with the given member-id: consumer-Consumer-topic-a813c2de_ac48_4fa3_a4ee_97f465168755-3-c863f90e-ac5e-4f87-afb9-b7bb040f59d5
2025-08-13 18:17:27,260 INFO  [org.apa.kaf.cli.con.int.ConsumerCoordinator] (Thread-618) [Consumer clientId=consumer-Consumer-topic-a813c2de_ac48_4fa3_a4ee_97f465168755-3, groupId=Consumer-topic-a813c2de_ac48_4fa3_a4ee_97f465168755] (Re-)joining group
2025-08-13 18:17:28,243 INFO  [io.api.tes.ser.api.KafkaSerdesTester] (Thread-618) None found
2025-08-13 18:17:29,243 INFO  [io.api.tes.ser.api.KafkaSerdesTester] (Thread-618) None found
2025-08-13 18:17:30,245 INFO  [io.api.tes.ser.api.KafkaSerdesTester] (Thread-618) None found
2025-08-13 18:17:30,263 INFO  [org.apa.kaf.cli.con.int.ConsumerCoordinator] (Thread-618) [Consumer clientId=consumer-Consumer-topic-a813c2de_ac48_4fa3_a4ee_97f465168755-3, groupId=Consumer-topic-a813c2de_ac48_4fa3_a4ee_97f465168755] Successfully joined group with generation Generation{generationId=1, memberId='consumer-Consumer-topic-a813c2de_ac48_4fa3_a4ee_97f465168755-3-c863f90e-ac5e-4f87-afb9-b7bb040f59d5', protocol='range'}
2025-08-13 18:17:30,263 INFO  [org.apa.kaf.cli.con.int.ConsumerCoordinator] (Thread-618) [Consumer clientId=consumer-Consumer-topic-a813c2de_ac48_4fa3_a4ee_97f465168755-3, groupId=Consumer-topic-a813c2de_ac48_4fa3_a4ee_97f465168755] Finished assignment for group at generation 1: {consumer-Consumer-topic-a813c2de_ac48_4fa3_a4ee_97f465168755-3-c863f90e-ac5e-4f87-afb9-b7bb040f59d5=Assignment(partitions=[topic-a813c2de_ac48_4fa3_a4ee_97f465168755-0])}
2025-08-13 18:17:30,270 INFO  [org.apa.kaf.cli.con.int.ConsumerCoordinator] (Thread-618) [Consumer clientId=consumer-Consumer-topic-a813c2de_ac48_4fa3_a4ee_97f465168755-3, groupId=Consumer-topic-a813c2de_ac48_4fa3_a4ee_97f465168755] Successfully synced group in generation Generation{generationId=1, memberId='consumer-Consumer-topic-a813c2de_ac48_4fa3_a4ee_97f465168755-3-c863f90e-ac5e-4f87-afb9-b7bb040f59d5', protocol='range'}
2025-08-13 18:17:30,271 INFO  [org.apa.kaf.cli.con.int.ConsumerCoordinator] (Thread-618) [Consumer clientId=consumer-Consumer-topic-a813c2de_ac48_4fa3_a4ee_97f465168755-3, groupId=Consumer-topic-a813c2de_ac48_4fa3_a4ee_97f465168755] Notifying assignor about the new Assignment(partitions=[topic-a813c2de_ac48_4fa3_a4ee_97f465168755-0])
2025-08-13 18:17:30,271 INFO  [org.apa.kaf.cli.con.int.ConsumerRebalanceListenerInvoker] (Thread-618) [Consumer clientId=consumer-Consumer-topic-a813c2de_ac48_4fa3_a4ee_97f465168755-3, groupId=Consumer-topic-a813c2de_ac48_4fa3_a4ee_97f465168755] Adding newly assigned partitions: topic-a813c2de_ac48_4fa3_a4ee_97f465168755-0
2025-08-13 18:17:30,272 INFO  [org.apa.kaf.cli.con.int.ConsumerCoordinator] (Thread-618) [Consumer clientId=consumer-Consumer-topic-a813c2de_ac48_4fa3_a4ee_97f465168755-3, groupId=Consumer-topic-a813c2de_ac48_4fa3_a4ee_97f465168755] Found no committed offset for partition topic-a813c2de_ac48_4fa3_a4ee_97f465168755-0
2025-08-13 18:17:30,278 INFO  [org.apa.kaf.cli.con.int.SubscriptionState] (Thread-618) [Consumer clientId=consumer-Consumer-topic-a813c2de_ac48_4fa3_a4ee_97f465168755-3, groupId=Consumer-topic-a813c2de_ac48_4fa3_a4ee_97f465168755] Resetting offset for partition topic-a813c2de_ac48_4fa3_a4ee_97f465168755-0 to position FetchPosition{offset=0, offsetEpoch=Optional.empty, currentLeader=LeaderAndEpoch{leader=Optional[localhost:32769 (id: 0 rack: null)], epoch=0}}.
2025-08-13 18:17:30,321 INFO  [io.api.tes.ser.api.KafkaSerdesTester] (Thread-618) topic-a813c2de_ac48_4fa3_a4ee_97f465168755 0 0 {"bar": "value-0"}
2025-08-13 18:17:30,321 INFO  [io.api.tes.ser.api.KafkaSerdesTester] (Thread-618) topic-a813c2de_ac48_4fa3_a4ee_97f465168755 0 1 {"bar": "value-1"}
2025-08-13 18:17:30,321 INFO  [io.api.tes.ser.api.KafkaSerdesTester] (Thread-618) topic-a813c2de_ac48_4fa3_a4ee_97f465168755 0 2 {"bar": "value-2"}
2025-08-13 18:17:30,321 INFO  [io.api.tes.ser.api.KafkaSerdesTester] (Thread-618) topic-a813c2de_ac48_4fa3_a4ee_97f465168755 0 3 {"bar": "value-3"}
2025-08-13 18:17:30,322 INFO  [io.api.tes.ser.api.KafkaSerdesTester] (Thread-618) topic-a813c2de_ac48_4fa3_a4ee_97f465168755 0 4 {"bar": "value-4"}
2025-08-13 18:17:30,322 INFO  [io.api.tes.ser.api.KafkaSerdesTester] (Thread-618) topic-a813c2de_ac48_4fa3_a4ee_97f465168755 0 5 {"bar": "value-5"}
2025-08-13 18:17:30,322 INFO  [io.api.tes.ser.api.KafkaSerdesTester] (Thread-618) topic-a813c2de_ac48_4fa3_a4ee_97f465168755 0 6 {"bar": "value-6"}
2025-08-13 18:17:30,322 INFO  [io.api.tes.ser.api.KafkaSerdesTester] (Thread-618) topic-a813c2de_ac48_4fa3_a4ee_97f465168755 0 7 {"bar": "value-7"}
2025-08-13 18:17:30,322 INFO  [io.api.tes.ser.api.KafkaSerdesTester] (Thread-618) topic-a813c2de_ac48_4fa3_a4ee_97f465168755 0 8 {"bar": "value-8"}
2025-08-13 18:17:30,322 INFO  [io.api.tes.ser.api.KafkaSerdesTester] (Thread-618) topic-a813c2de_ac48_4fa3_a4ee_97f465168755 0 9 {"bar": "value-9"}
2025-08-13 18:17:30,322 INFO  [io.api.tes.ser.api.KafkaSerdesTester] (Thread-618) Consumed 10 messages
2025-08-13 18:17:30,331 INFO  [org.apa.kaf.cli.con.int.ConsumerRebalanceListenerInvoker] (Thread-618) [Consumer clientId=consumer-Consumer-topic-a813c2de_ac48_4fa3_a4ee_97f465168755-3, groupId=Consumer-topic-a813c2de_ac48_4fa3_a4ee_97f465168755] Revoke previously assigned partitions topic-a813c2de_ac48_4fa3_a4ee_97f465168755-0
2025-08-13 18:17:30,332 INFO  [org.apa.kaf.cli.con.int.ConsumerCoordinator] (Thread-618) [Consumer clientId=consumer-Consumer-topic-a813c2de_ac48_4fa3_a4ee_97f465168755-3, groupId=Consumer-topic-a813c2de_ac48_4fa3_a4ee_97f465168755] Member consumer-Consumer-topic-a813c2de_ac48_4fa3_a4ee_97f465168755-3-c863f90e-ac5e-4f87-afb9-b7bb040f59d5 sending LeaveGroup request to coordinator localhost:32769 (id: 2147483647 rack: null) due to the consumer is being closed
2025-08-13 18:17:30,333 INFO  [org.apa.kaf.cli.con.int.ConsumerCoordinator] (Thread-618) [Consumer clientId=consumer-Consumer-topic-a813c2de_ac48_4fa3_a4ee_97f465168755-3, groupId=Consumer-topic-a813c2de_ac48_4fa3_a4ee_97f465168755] Resetting generation and member id due to: consumer pro-actively leaving the group
2025-08-13 18:17:30,333 INFO  [org.apa.kaf.cli.con.int.ConsumerCoordinator] (Thread-618) [Consumer clientId=consumer-Consumer-topic-a813c2de_ac48_4fa3_a4ee_97f465168755-3, groupId=Consumer-topic-a813c2de_ac48_4fa3_a4ee_97f465168755] Request joining group due to: consumer pro-actively leaving the group
2025-08-13 18:17:30,825 INFO  [org.apa.kaf.com.met.Metrics] (Thread-618) Metrics scheduler closed
2025-08-13 18:17:30,825 INFO  [org.apa.kaf.com.met.Metrics] (Thread-618) Closing reporter org.apache.kafka.common.metrics.JmxReporter
2025-08-13 18:17:30,825 INFO  [org.apa.kaf.com.met.Metrics] (Thread-618) Closing reporter org.apache.kafka.common.telemetry.internals.ClientTelemetryReporter
2025-08-13 18:17:30,826 INFO  [org.apa.kaf.com.met.Metrics] (Thread-618) Metrics reporters closed
2025-08-13 18:17:30,830 INFO  [org.apa.kaf.com.uti.AppInfoParser] (Thread-618) App info kafka.consumer for consumer-Consumer-topic-a813c2de_ac48_4fa3_a4ee_97f465168755-3 unregistered
2025-08-13 18:17:30,832 INFO  [io.api.tes.uti.TestSeparator] (main) io.apicurio.tests.serdes.apicurio.AvroSerdeIT.testAvroJSON-FINISHED
2025-08-13 18:17:30,832 INFO  [io.api.tes.uti.TestSeparator] (main) ############################################################################
Test passed: testAvroJSON
]]></system-out>
  </testcase>
  <testcase name="testTopicIdStrategyAutoRegister" classname="io.apicurio.tests.serdes.apicurio.AvroSerdeIT" time="3.773">
    <system-out><![CDATA[2025-08-13 18:17:30,835 INFO  [io.api.tes.uti.TestSeparator] (main) ############################################################################
2025-08-13 18:17:30,835 INFO  [io.api.tes.uti.TestSeparator] (main) io.apicurio.tests.serdes.apicurio.AvroSerdeIT.testTopicIdStrategyAutoRegister-STARTED
**** Registry Base URL: http://registry-app-inmemory.apps.ci419.apicurio-testing.org:80
2025-08-13 18:17:30,841 INFO  [org.apa.kaf.cli.pro.ProducerConfig] (main) ProducerConfig values: 
	acks = -1
	auto.include.jmx.reporter = true
	batch.size = 16384
	bootstrap.servers = [PLAINTEXT://localhost:32769]
	buffer.memory = 33554432
	client.dns.lookup = use_all_dns_ips
	client.id = Producer-topic-68aec73e_e8ea_4ee5_ab6e_06c2f6c86de4
	compression.gzip.level = -1
	compression.lz4.level = 9
	compression.type = none
	compression.zstd.level = 3
	connections.max.idle.ms = 10000
	delivery.timeout.ms = 120000
	enable.idempotence = true
	enable.metrics.push = true
	interceptor.classes = []
	key.serializer = class org.apache.kafka.common.serialization.StringSerializer
	linger.ms = 0
	max.block.ms = 60000
	max.in.flight.requests.per.connection = 5
	max.request.size = 1048576
	metadata.max.age.ms = 300000
	metadata.max.idle.ms = 300000
	metadata.recovery.strategy = none
	metric.reporters = []
	metrics.num.samples = 2
	metrics.recording.level = INFO
	metrics.sample.window.ms = 30000
	partitioner.adaptive.partitioning.enable = true
	partitioner.availability.timeout.ms = 0
	partitioner.class = null
	partitioner.ignore.keys = false
	receive.buffer.bytes = 32768
	reconnect.backoff.max.ms = 1000
	reconnect.backoff.ms = 50
	request.timeout.ms = 5000
	retries = 2147483647
	retry.backoff.max.ms = 1000
	retry.backoff.ms = 100
	sasl.client.callback.handler.class = null
	sasl.jaas.config = null
	sasl.kerberos.kinit.cmd = /usr/bin/kinit
	sasl.kerberos.min.time.before.relogin = 60000
	sasl.kerberos.service.name = null
	sasl.kerberos.ticket.renew.jitter = 0.05
	sasl.kerberos.ticket.renew.window.factor = 0.8
	sasl.login.callback.handler.class = null
	sasl.login.class = null
	sasl.login.connect.timeout.ms = null
	sasl.login.read.timeout.ms = null
	sasl.login.refresh.buffer.seconds = 300
	sasl.login.refresh.min.period.seconds = 60
	sasl.login.refresh.window.factor = 0.8
	sasl.login.refresh.window.jitter = 0.05
	sasl.login.retry.backoff.max.ms = 10000
	sasl.login.retry.backoff.ms = 100
	sasl.mechanism = GSSAPI
	sasl.oauthbearer.clock.skew.seconds = 30
	sasl.oauthbearer.expected.audience = null
	sasl.oauthbearer.expected.issuer = null
	sasl.oauthbearer.header.urlencode = false
	sasl.oauthbearer.jwks.endpoint.refresh.ms = 3600000
	sasl.oauthbearer.jwks.endpoint.retry.backoff.max.ms = 10000
	sasl.oauthbearer.jwks.endpoint.retry.backoff.ms = 100
	sasl.oauthbearer.jwks.endpoint.url = null
	sasl.oauthbearer.scope.claim.name = scope
	sasl.oauthbearer.sub.claim.name = sub
	sasl.oauthbearer.token.endpoint.url = null
	security.protocol = PLAINTEXT
	security.providers = null
	send.buffer.bytes = 131072
	socket.connection.setup.timeout.max.ms = 30000
	socket.connection.setup.timeout.ms = 10000
	ssl.cipher.suites = null
	ssl.enabled.protocols = [TLSv1.2, TLSv1.3]
	ssl.endpoint.identification.algorithm = https
	ssl.engine.factory.class = null
	ssl.key.password = null
	ssl.keymanager.algorithm = SunX509
	ssl.keystore.certificate.chain = null
	ssl.keystore.key = null
	ssl.keystore.location = null
	ssl.keystore.password = null
	ssl.keystore.type = JKS
	ssl.protocol = TLSv1.3
	ssl.provider = null
	ssl.secure.random.implementation = null
	ssl.trustmanager.algorithm = PKIX
	ssl.truststore.certificates = null
	ssl.truststore.location = null
	ssl.truststore.password = null
	ssl.truststore.type = JKS
	transaction.timeout.ms = 60000
	transactional.id = null
	value.serializer = class io.apicurio.registry.serde.avro.AvroKafkaSerializer

2025-08-13 18:17:30,841 INFO  [org.apa.kaf.com.tel.int.KafkaMetricsCollector] (main) initializing Kafka metrics collector
2025-08-13 18:17:30,847 INFO  [org.apa.kaf.cli.pro.KafkaProducer] (main) [Producer clientId=Producer-topic-68aec73e_e8ea_4ee5_ab6e_06c2f6c86de4] Instantiated an idempotent producer.
2025-08-13 18:17:30,856 INFO  [org.apa.kaf.cli.pro.ProducerConfig] (main) These configurations '[apicurio.registry.url, apicurio.registry.auto-register, apicurio.registry.artifact-resolver-strategy]' were supplied but are not used yet.
2025-08-13 18:17:30,857 INFO  [org.apa.kaf.com.uti.AppInfoParser] (main) Kafka version: 3.9.1
2025-08-13 18:17:30,857 INFO  [org.apa.kaf.com.uti.AppInfoParser] (main) Kafka commitId: f745dfdcee2b9851
2025-08-13 18:17:30,857 INFO  [org.apa.kaf.com.uti.AppInfoParser] (main) Kafka startTimeMs: 1755109050856
2025-08-13 18:17:30,857 INFO  [io.api.tes.ser.api.SimpleSerdesTesterBuilder$SimpleSerdesTester] (main) Using producer configuration: {apicurio.registry.url=http://registry-app-inmemory.apps.ci419.apicurio-testing.org:80/apis/registry/v3, apicurio.registry.auto-register=true, apicurio.registry.artifact-resolver-strategy=io.apicurio.registry.serde.strategy.TopicIdStrategy, value.serializer=io.apicurio.registry.serde.avro.AvroKafkaSerializer, request.timeout.ms=5000, acks=all, bootstrap.servers=PLAINTEXT://localhost:32769, connections.max.idle.ms=10000, key.serializer=org.apache.kafka.common.serialization.StringSerializer, client.id=Producer-topic-68aec73e_e8ea_4ee5_ab6e_06c2f6c86de4}
2025-08-13 18:17:30,857 INFO  [io.api.tes.ser.api.SimpleSerdesTesterBuilder$SimpleSerdesTester] (main) Using consumer configuration: {}
2025-08-13 18:17:30,861 INFO  [io.api.tes.ser.api.KafkaSerdesTester] (Thread-621) Sending message {"key11755109050835": "value-0"} to topic topic-68aec73e_e8ea_4ee5_ab6e_06c2f6c86de4
2025-08-13 18:17:30,863 INFO  [org.apa.kaf.cli.Metadata] (kafka-producer-network-thread | Producer-topic-68aec73e_e8ea_4ee5_ab6e_06c2f6c86de4) [Producer clientId=Producer-topic-68aec73e_e8ea_4ee5_ab6e_06c2f6c86de4] Cluster ID: 4IlD_Sy2TMOqYF-Nc3vIHA
2025-08-13 18:17:30,863 INFO  [org.apa.kaf.cli.pro.int.TransactionManager] (kafka-producer-network-thread | Producer-topic-68aec73e_e8ea_4ee5_ab6e_06c2f6c86de4) [Producer clientId=Producer-topic-68aec73e_e8ea_4ee5_ab6e_06c2f6c86de4] ProducerId set to 4 with epoch 0
2025-08-13 18:17:30,918 INFO  [io.api.tes.ser.api.KafkaSerdesTester] (Thread-621) Sending message {"key11755109050835": "value-1"} to topic topic-68aec73e_e8ea_4ee5_ab6e_06c2f6c86de4
2025-08-13 18:17:30,922 INFO  [io.api.tes.ser.api.KafkaSerdesTester] (Thread-621) Sending message {"key11755109050835": "value-2"} to topic topic-68aec73e_e8ea_4ee5_ab6e_06c2f6c86de4
2025-08-13 18:17:30,926 INFO  [io.api.tes.ser.api.KafkaSerdesTester] (Thread-621) Sending message {"key11755109050835": "value-3"} to topic topic-68aec73e_e8ea_4ee5_ab6e_06c2f6c86de4
2025-08-13 18:17:30,928 INFO  [io.api.tes.ser.api.KafkaSerdesTester] (Thread-621) Sending message {"key11755109050835": "value-4"} to topic topic-68aec73e_e8ea_4ee5_ab6e_06c2f6c86de4
2025-08-13 18:17:30,930 INFO  [io.api.tes.ser.api.KafkaSerdesTester] (Thread-621) Sending message {"key11755109050835": "value-5"} to topic topic-68aec73e_e8ea_4ee5_ab6e_06c2f6c86de4
2025-08-13 18:17:30,932 INFO  [io.api.tes.ser.api.KafkaSerdesTester] (Thread-621) Sending message {"key11755109050835": "value-6"} to topic topic-68aec73e_e8ea_4ee5_ab6e_06c2f6c86de4
2025-08-13 18:17:30,934 INFO  [io.api.tes.ser.api.KafkaSerdesTester] (Thread-621) Sending message {"key11755109050835": "value-7"} to topic topic-68aec73e_e8ea_4ee5_ab6e_06c2f6c86de4
2025-08-13 18:17:30,936 INFO  [io.api.tes.ser.api.KafkaSerdesTester] (Thread-621) Sending message {"key11755109050835": "value-8"} to topic topic-68aec73e_e8ea_4ee5_ab6e_06c2f6c86de4
2025-08-13 18:17:30,938 INFO  [io.api.tes.ser.api.KafkaSerdesTester] (Thread-621) Sending message {"key11755109050835": "value-9"} to topic topic-68aec73e_e8ea_4ee5_ab6e_06c2f6c86de4
2025-08-13 18:17:30,939 INFO  [io.api.tes.ser.api.KafkaSerdesTester] (Thread-621) Produced 10 messages
2025-08-13 18:17:30,939 INFO  [org.apa.kaf.cli.pro.KafkaProducer] (Thread-621) [Producer clientId=Producer-topic-68aec73e_e8ea_4ee5_ab6e_06c2f6c86de4] Closing the Kafka producer with timeoutMillis = 9223372036854775807 ms.
2025-08-13 18:17:30,942 INFO  [org.apa.kaf.com.met.Metrics] (Thread-621) Metrics scheduler closed
2025-08-13 18:17:30,942 INFO  [org.apa.kaf.com.met.Metrics] (Thread-621) Closing reporter org.apache.kafka.common.metrics.JmxReporter
2025-08-13 18:17:30,943 INFO  [org.apa.kaf.com.met.Metrics] (Thread-621) Closing reporter org.apache.kafka.common.telemetry.internals.ClientTelemetryReporter
2025-08-13 18:17:30,943 INFO  [org.apa.kaf.com.met.Metrics] (Thread-621) Metrics reporters closed
2025-08-13 18:17:30,943 INFO  [org.apa.kaf.com.uti.AppInfoParser] (Thread-621) App info kafka.producer for Producer-topic-68aec73e_e8ea_4ee5_ab6e_06c2f6c86de4 unregistered
**** Registry Base URL: http://registry-app-inmemory.apps.ci419.apicurio-testing.org:80
2025-08-13 18:17:30,978 INFO  [org.apa.kaf.cli.con.ConsumerConfig] (main) ConsumerConfig values: 
	allow.auto.create.topics = true
	auto.commit.interval.ms = 500
	auto.include.jmx.reporter = true
	auto.offset.reset = earliest
	bootstrap.servers = [PLAINTEXT://localhost:32769]
	check.crcs = true
	client.dns.lookup = use_all_dns_ips
	client.id = consumer-Consumer-topic-68aec73e_e8ea_4ee5_ab6e_06c2f6c86de4-4
	client.rack = 
	connections.max.idle.ms = 10000
	default.api.timeout.ms = 60000
	enable.auto.commit = true
	enable.metrics.push = true
	exclude.internal.topics = true
	fetch.max.bytes = 52428800
	fetch.max.wait.ms = 500
	fetch.min.bytes = 1
	group.id = Consumer-topic-68aec73e_e8ea_4ee5_ab6e_06c2f6c86de4
	group.instance.id = null
	group.protocol = classic
	group.remote.assignor = null
	heartbeat.interval.ms = 3000
	interceptor.classes = []
	internal.leave.group.on.close = true
	internal.throw.on.fetch.stable.offset.unsupported = false
	isolation.level = read_uncommitted
	key.deserializer = class org.apache.kafka.common.serialization.StringDeserializer
	max.partition.fetch.bytes = 1048576
	max.poll.interval.ms = 300000
	max.poll.records = 500
	metadata.max.age.ms = 300000
	metadata.recovery.strategy = none
	metric.reporters = []
	metrics.num.samples = 2
	metrics.recording.level = INFO
	metrics.sample.window.ms = 30000
	partition.assignment.strategy = [class org.apache.kafka.clients.consumer.RangeAssignor, class org.apache.kafka.clients.consumer.CooperativeStickyAssignor]
	receive.buffer.bytes = 65536
	reconnect.backoff.max.ms = 1000
	reconnect.backoff.ms = 50
	request.timeout.ms = 5000
	retry.backoff.max.ms = 1000
	retry.backoff.ms = 100
	sasl.client.callback.handler.class = null
	sasl.jaas.config = null
	sasl.kerberos.kinit.cmd = /usr/bin/kinit
	sasl.kerberos.min.time.before.relogin = 60000
	sasl.kerberos.service.name = null
	sasl.kerberos.ticket.renew.jitter = 0.05
	sasl.kerberos.ticket.renew.window.factor = 0.8
	sasl.login.callback.handler.class = null
	sasl.login.class = null
	sasl.login.connect.timeout.ms = null
	sasl.login.read.timeout.ms = null
	sasl.login.refresh.buffer.seconds = 300
	sasl.login.refresh.min.period.seconds = 60
	sasl.login.refresh.window.factor = 0.8
	sasl.login.refresh.window.jitter = 0.05
	sasl.login.retry.backoff.max.ms = 10000
	sasl.login.retry.backoff.ms = 100
	sasl.mechanism = GSSAPI
	sasl.oauthbearer.clock.skew.seconds = 30
	sasl.oauthbearer.expected.audience = null
	sasl.oauthbearer.expected.issuer = null
	sasl.oauthbearer.header.urlencode = false
	sasl.oauthbearer.jwks.endpoint.refresh.ms = 3600000
	sasl.oauthbearer.jwks.endpoint.retry.backoff.max.ms = 10000
	sasl.oauthbearer.jwks.endpoint.retry.backoff.ms = 100
	sasl.oauthbearer.jwks.endpoint.url = null
	sasl.oauthbearer.scope.claim.name = scope
	sasl.oauthbearer.sub.claim.name = sub
	sasl.oauthbearer.token.endpoint.url = null
	security.protocol = PLAINTEXT
	security.providers = null
	send.buffer.bytes = 131072
	session.timeout.ms = 45000
	socket.connection.setup.timeout.max.ms = 30000
	socket.connection.setup.timeout.ms = 10000
	ssl.cipher.suites = null
	ssl.enabled.protocols = [TLSv1.2, TLSv1.3]
	ssl.endpoint.identification.algorithm = https
	ssl.engine.factory.class = null
	ssl.key.password = null
	ssl.keymanager.algorithm = SunX509
	ssl.keystore.certificate.chain = null
	ssl.keystore.key = null
	ssl.keystore.location = null
	ssl.keystore.password = null
	ssl.keystore.type = JKS
	ssl.protocol = TLSv1.3
	ssl.provider = null
	ssl.secure.random.implementation = null
	ssl.trustmanager.algorithm = PKIX
	ssl.truststore.certificates = null
	ssl.truststore.location = null
	ssl.truststore.password = null
	ssl.truststore.type = JKS
	value.deserializer = class io.apicurio.registry.serde.avro.AvroKafkaDeserializer

2025-08-13 18:17:30,979 INFO  [org.apa.kaf.com.tel.int.KafkaMetricsCollector] (main) initializing Kafka metrics collector
2025-08-13 18:17:30,993 INFO  [org.apa.kaf.cli.con.ConsumerConfig] (main) These configurations '[apicurio.registry.url]' were supplied but are not used yet.
2025-08-13 18:17:30,993 INFO  [org.apa.kaf.com.uti.AppInfoParser] (main) Kafka version: 3.9.1
2025-08-13 18:17:30,993 INFO  [org.apa.kaf.com.uti.AppInfoParser] (main) Kafka commitId: f745dfdcee2b9851
2025-08-13 18:17:30,993 INFO  [org.apa.kaf.com.uti.AppInfoParser] (main) Kafka startTimeMs: 1755109050993
2025-08-13 18:17:30,993 INFO  [org.apa.kaf.cli.con.int.ClassicKafkaConsumer] (Thread-624) [Consumer clientId=consumer-Consumer-topic-68aec73e_e8ea_4ee5_ab6e_06c2f6c86de4-4, groupId=Consumer-topic-68aec73e_e8ea_4ee5_ab6e_06c2f6c86de4] Subscribed to topic(s): topic-68aec73e_e8ea_4ee5_ab6e_06c2f6c86de4
2025-08-13 18:17:31,003 INFO  [org.apa.kaf.cli.Metadata] (Thread-624) [Consumer clientId=consumer-Consumer-topic-68aec73e_e8ea_4ee5_ab6e_06c2f6c86de4-4, groupId=Consumer-topic-68aec73e_e8ea_4ee5_ab6e_06c2f6c86de4] Cluster ID: 4IlD_Sy2TMOqYF-Nc3vIHA
2025-08-13 18:17:31,004 INFO  [org.apa.kaf.cli.con.int.ConsumerCoordinator] (Thread-624) [Consumer clientId=consumer-Consumer-topic-68aec73e_e8ea_4ee5_ab6e_06c2f6c86de4-4, groupId=Consumer-topic-68aec73e_e8ea_4ee5_ab6e_06c2f6c86de4] Discovered group coordinator localhost:32769 (id: 2147483647 rack: null)
2025-08-13 18:17:31,007 INFO  [org.apa.kaf.cli.con.int.ConsumerCoordinator] (Thread-624) [Consumer clientId=consumer-Consumer-topic-68aec73e_e8ea_4ee5_ab6e_06c2f6c86de4-4, groupId=Consumer-topic-68aec73e_e8ea_4ee5_ab6e_06c2f6c86de4] (Re-)joining group
2025-08-13 18:17:31,011 INFO  [org.apa.kaf.cli.con.int.ConsumerCoordinator] (Thread-624) [Consumer clientId=consumer-Consumer-topic-68aec73e_e8ea_4ee5_ab6e_06c2f6c86de4-4, groupId=Consumer-topic-68aec73e_e8ea_4ee5_ab6e_06c2f6c86de4] Request joining group due to: need to re-join with the given member-id: consumer-Consumer-topic-68aec73e_e8ea_4ee5_ab6e_06c2f6c86de4-4-69b10e3c-267c-4d87-b2b7-d7ee26b00584
2025-08-13 18:17:31,011 INFO  [org.apa.kaf.cli.con.int.ConsumerCoordinator] (Thread-624) [Consumer clientId=consumer-Consumer-topic-68aec73e_e8ea_4ee5_ab6e_06c2f6c86de4-4, groupId=Consumer-topic-68aec73e_e8ea_4ee5_ab6e_06c2f6c86de4] (Re-)joining group
2025-08-13 18:17:31,993 INFO  [io.api.tes.ser.api.KafkaSerdesTester] (Thread-624) None found
2025-08-13 18:17:32,993 INFO  [io.api.tes.ser.api.KafkaSerdesTester] (Thread-624) None found
2025-08-13 18:17:33,993 INFO  [io.api.tes.ser.api.KafkaSerdesTester] (Thread-624) None found
2025-08-13 18:17:34,015 INFO  [org.apa.kaf.cli.con.int.ConsumerCoordinator] (Thread-624) [Consumer clientId=consumer-Consumer-topic-68aec73e_e8ea_4ee5_ab6e_06c2f6c86de4-4, groupId=Consumer-topic-68aec73e_e8ea_4ee5_ab6e_06c2f6c86de4] Successfully joined group with generation Generation{generationId=1, memberId='consumer-Consumer-topic-68aec73e_e8ea_4ee5_ab6e_06c2f6c86de4-4-69b10e3c-267c-4d87-b2b7-d7ee26b00584', protocol='range'}
2025-08-13 18:17:34,015 INFO  [org.apa.kaf.cli.con.int.ConsumerCoordinator] (Thread-624) [Consumer clientId=consumer-Consumer-topic-68aec73e_e8ea_4ee5_ab6e_06c2f6c86de4-4, groupId=Consumer-topic-68aec73e_e8ea_4ee5_ab6e_06c2f6c86de4] Finished assignment for group at generation 1: {consumer-Consumer-topic-68aec73e_e8ea_4ee5_ab6e_06c2f6c86de4-4-69b10e3c-267c-4d87-b2b7-d7ee26b00584=Assignment(partitions=[topic-68aec73e_e8ea_4ee5_ab6e_06c2f6c86de4-0])}
2025-08-13 18:17:34,023 INFO  [org.apa.kaf.cli.con.int.ConsumerCoordinator] (Thread-624) [Consumer clientId=consumer-Consumer-topic-68aec73e_e8ea_4ee5_ab6e_06c2f6c86de4-4, groupId=Consumer-topic-68aec73e_e8ea_4ee5_ab6e_06c2f6c86de4] Successfully synced group in generation Generation{generationId=1, memberId='consumer-Consumer-topic-68aec73e_e8ea_4ee5_ab6e_06c2f6c86de4-4-69b10e3c-267c-4d87-b2b7-d7ee26b00584', protocol='range'}
2025-08-13 18:17:34,023 INFO  [org.apa.kaf.cli.con.int.ConsumerCoordinator] (Thread-624) [Consumer clientId=consumer-Consumer-topic-68aec73e_e8ea_4ee5_ab6e_06c2f6c86de4-4, groupId=Consumer-topic-68aec73e_e8ea_4ee5_ab6e_06c2f6c86de4] Notifying assignor about the new Assignment(partitions=[topic-68aec73e_e8ea_4ee5_ab6e_06c2f6c86de4-0])
2025-08-13 18:17:34,023 INFO  [org.apa.kaf.cli.con.int.ConsumerRebalanceListenerInvoker] (Thread-624) [Consumer clientId=consumer-Consumer-topic-68aec73e_e8ea_4ee5_ab6e_06c2f6c86de4-4, groupId=Consumer-topic-68aec73e_e8ea_4ee5_ab6e_06c2f6c86de4] Adding newly assigned partitions: topic-68aec73e_e8ea_4ee5_ab6e_06c2f6c86de4-0
2025-08-13 18:17:34,025 INFO  [org.apa.kaf.cli.con.int.ConsumerCoordinator] (Thread-624) [Consumer clientId=consumer-Consumer-topic-68aec73e_e8ea_4ee5_ab6e_06c2f6c86de4-4, groupId=Consumer-topic-68aec73e_e8ea_4ee5_ab6e_06c2f6c86de4] Found no committed offset for partition topic-68aec73e_e8ea_4ee5_ab6e_06c2f6c86de4-0
2025-08-13 18:17:34,029 INFO  [org.apa.kaf.cli.con.int.SubscriptionState] (Thread-624) [Consumer clientId=consumer-Consumer-topic-68aec73e_e8ea_4ee5_ab6e_06c2f6c86de4-4, groupId=Consumer-topic-68aec73e_e8ea_4ee5_ab6e_06c2f6c86de4] Resetting offset for partition topic-68aec73e_e8ea_4ee5_ab6e_06c2f6c86de4-0 to position FetchPosition{offset=0, offsetEpoch=Optional.empty, currentLeader=LeaderAndEpoch{leader=Optional[localhost:32769 (id: 0 rack: null)], epoch=0}}.
2025-08-13 18:17:34,069 INFO  [io.api.tes.ser.api.KafkaSerdesTester] (Thread-624) topic-68aec73e_e8ea_4ee5_ab6e_06c2f6c86de4 0 0 {"key11755109050835": "value-0"}
2025-08-13 18:17:34,069 INFO  [io.api.tes.ser.api.KafkaSerdesTester] (Thread-624) topic-68aec73e_e8ea_4ee5_ab6e_06c2f6c86de4 0 1 {"key11755109050835": "value-1"}
2025-08-13 18:17:34,069 INFO  [io.api.tes.ser.api.KafkaSerdesTester] (Thread-624) topic-68aec73e_e8ea_4ee5_ab6e_06c2f6c86de4 0 2 {"key11755109050835": "value-2"}
2025-08-13 18:17:34,069 INFO  [io.api.tes.ser.api.KafkaSerdesTester] (Thread-624) topic-68aec73e_e8ea_4ee5_ab6e_06c2f6c86de4 0 3 {"key11755109050835": "value-3"}
2025-08-13 18:17:34,069 INFO  [io.api.tes.ser.api.KafkaSerdesTester] (Thread-624) topic-68aec73e_e8ea_4ee5_ab6e_06c2f6c86de4 0 4 {"key11755109050835": "value-4"}
2025-08-13 18:17:34,069 INFO  [io.api.tes.ser.api.KafkaSerdesTester] (Thread-624) topic-68aec73e_e8ea_4ee5_ab6e_06c2f6c86de4 0 5 {"key11755109050835": "value-5"}
2025-08-13 18:17:34,069 INFO  [io.api.tes.ser.api.KafkaSerdesTester] (Thread-624) topic-68aec73e_e8ea_4ee5_ab6e_06c2f6c86de4 0 6 {"key11755109050835": "value-6"}
2025-08-13 18:17:34,070 INFO  [io.api.tes.ser.api.KafkaSerdesTester] (Thread-624) topic-68aec73e_e8ea_4ee5_ab6e_06c2f6c86de4 0 7 {"key11755109050835": "value-7"}
2025-08-13 18:17:34,070 INFO  [io.api.tes.ser.api.KafkaSerdesTester] (Thread-624) topic-68aec73e_e8ea_4ee5_ab6e_06c2f6c86de4 0 8 {"key11755109050835": "value-8"}
2025-08-13 18:17:34,070 INFO  [io.api.tes.ser.api.KafkaSerdesTester] (Thread-624) topic-68aec73e_e8ea_4ee5_ab6e_06c2f6c86de4 0 9 {"key11755109050835": "value-9"}
2025-08-13 18:17:34,070 INFO  [io.api.tes.ser.api.KafkaSerdesTester] (Thread-624) Consumed 10 messages
2025-08-13 18:17:34,079 INFO  [org.apa.kaf.cli.con.int.ConsumerRebalanceListenerInvoker] (Thread-624) [Consumer clientId=consumer-Consumer-topic-68aec73e_e8ea_4ee5_ab6e_06c2f6c86de4-4, groupId=Consumer-topic-68aec73e_e8ea_4ee5_ab6e_06c2f6c86de4] Revoke previously assigned partitions topic-68aec73e_e8ea_4ee5_ab6e_06c2f6c86de4-0
2025-08-13 18:17:34,079 INFO  [org.apa.kaf.cli.con.int.ConsumerCoordinator] (Thread-624) [Consumer clientId=consumer-Consumer-topic-68aec73e_e8ea_4ee5_ab6e_06c2f6c86de4-4, groupId=Consumer-topic-68aec73e_e8ea_4ee5_ab6e_06c2f6c86de4] Member consumer-Consumer-topic-68aec73e_e8ea_4ee5_ab6e_06c2f6c86de4-4-69b10e3c-267c-4d87-b2b7-d7ee26b00584 sending LeaveGroup request to coordinator localhost:32769 (id: 2147483647 rack: null) due to the consumer is being closed
2025-08-13 18:17:34,080 INFO  [org.apa.kaf.cli.con.int.ConsumerCoordinator] (Thread-624) [Consumer clientId=consumer-Consumer-topic-68aec73e_e8ea_4ee5_ab6e_06c2f6c86de4-4, groupId=Consumer-topic-68aec73e_e8ea_4ee5_ab6e_06c2f6c86de4] Resetting generation and member id due to: consumer pro-actively leaving the group
2025-08-13 18:17:34,080 INFO  [org.apa.kaf.cli.con.int.ConsumerCoordinator] (Thread-624) [Consumer clientId=consumer-Consumer-topic-68aec73e_e8ea_4ee5_ab6e_06c2f6c86de4-4, groupId=Consumer-topic-68aec73e_e8ea_4ee5_ab6e_06c2f6c86de4] Request joining group due to: consumer pro-actively leaving the group
2025-08-13 18:17:34,572 INFO  [org.apa.kaf.com.met.Metrics] (Thread-624) Metrics scheduler closed
2025-08-13 18:17:34,573 INFO  [org.apa.kaf.com.met.Metrics] (Thread-624) Closing reporter org.apache.kafka.common.metrics.JmxReporter
2025-08-13 18:17:34,573 INFO  [org.apa.kaf.com.met.Metrics] (Thread-624) Closing reporter org.apache.kafka.common.telemetry.internals.ClientTelemetryReporter
2025-08-13 18:17:34,573 INFO  [org.apa.kaf.com.met.Metrics] (Thread-624) Metrics reporters closed
2025-08-13 18:17:34,575 INFO  [org.apa.kaf.com.uti.AppInfoParser] (Thread-624) App info kafka.consumer for consumer-Consumer-topic-68aec73e_e8ea_4ee5_ab6e_06c2f6c86de4-4 unregistered
2025-08-13 18:17:34,606 INFO  [io.api.tes.uti.TestSeparator] (main) io.apicurio.tests.serdes.apicurio.AvroSerdeIT.testTopicIdStrategyAutoRegister-FINISHED
2025-08-13 18:17:34,606 INFO  [io.api.tes.uti.TestSeparator] (main) ############################################################################
Test passed: testTopicIdStrategyAutoRegister
]]></system-out>
  </testcase>
  <testcase name="testRecordIdStrategydFindLatest" classname="io.apicurio.tests.serdes.apicurio.AvroSerdeIT" time="4.763">
    <system-out><![CDATA[2025-08-13 18:17:34,609 INFO  [io.api.tes.uti.TestSeparator] (main) ############################################################################
2025-08-13 18:17:34,609 INFO  [io.api.tes.uti.TestSeparator] (main) io.apicurio.tests.serdes.apicurio.AvroSerdeIT.testRecordIdStrategydFindLatest-STARTED
2025-08-13 18:17:34,610 INFO  [io.api.tes.ser.api.AvroSerdeIT] (main) Registering Avro Schema: {"type":"record","name":"sf892bfa2x4dc1x4ac7x9e45xe46ac689eea2","namespace":"sabb3eaaaxb151x4b2fx8f62x93ae1fa2cb66","fields":[{"name":"key11755109054609","type":"string"}]}
**** Registry Base URL: http://registry-app-inmemory.apps.ci419.apicurio-testing.org:80
2025-08-13 18:17:35,643 INFO  [org.apa.kaf.cli.pro.ProducerConfig] (main) ProducerConfig values: 
	acks = -1
	auto.include.jmx.reporter = true
	batch.size = 16384
	bootstrap.servers = [PLAINTEXT://localhost:32769]
	buffer.memory = 33554432
	client.dns.lookup = use_all_dns_ips
	client.id = Producer-topic-ba1d6158_315a_4c14_ad36_8aeb942257c7
	compression.gzip.level = -1
	compression.lz4.level = 9
	compression.type = none
	compression.zstd.level = 3
	connections.max.idle.ms = 10000
	delivery.timeout.ms = 120000
	enable.idempotence = true
	enable.metrics.push = true
	interceptor.classes = []
	key.serializer = class org.apache.kafka.common.serialization.StringSerializer
	linger.ms = 0
	max.block.ms = 60000
	max.in.flight.requests.per.connection = 5
	max.request.size = 1048576
	metadata.max.age.ms = 300000
	metadata.max.idle.ms = 300000
	metadata.recovery.strategy = none
	metric.reporters = []
	metrics.num.samples = 2
	metrics.recording.level = INFO
	metrics.sample.window.ms = 30000
	partitioner.adaptive.partitioning.enable = true
	partitioner.availability.timeout.ms = 0
	partitioner.class = null
	partitioner.ignore.keys = false
	receive.buffer.bytes = 32768
	reconnect.backoff.max.ms = 1000
	reconnect.backoff.ms = 50
	request.timeout.ms = 5000
	retries = 2147483647
	retry.backoff.max.ms = 1000
	retry.backoff.ms = 100
	sasl.client.callback.handler.class = null
	sasl.jaas.config = null
	sasl.kerberos.kinit.cmd = /usr/bin/kinit
	sasl.kerberos.min.time.before.relogin = 60000
	sasl.kerberos.service.name = null
	sasl.kerberos.ticket.renew.jitter = 0.05
	sasl.kerberos.ticket.renew.window.factor = 0.8
	sasl.login.callback.handler.class = null
	sasl.login.class = null
	sasl.login.connect.timeout.ms = null
	sasl.login.read.timeout.ms = null
	sasl.login.refresh.buffer.seconds = 300
	sasl.login.refresh.min.period.seconds = 60
	sasl.login.refresh.window.factor = 0.8
	sasl.login.refresh.window.jitter = 0.05
	sasl.login.retry.backoff.max.ms = 10000
	sasl.login.retry.backoff.ms = 100
	sasl.mechanism = GSSAPI
	sasl.oauthbearer.clock.skew.seconds = 30
	sasl.oauthbearer.expected.audience = null
	sasl.oauthbearer.expected.issuer = null
	sasl.oauthbearer.header.urlencode = false
	sasl.oauthbearer.jwks.endpoint.refresh.ms = 3600000
	sasl.oauthbearer.jwks.endpoint.retry.backoff.max.ms = 10000
	sasl.oauthbearer.jwks.endpoint.retry.backoff.ms = 100
	sasl.oauthbearer.jwks.endpoint.url = null
	sasl.oauthbearer.scope.claim.name = scope
	sasl.oauthbearer.sub.claim.name = sub
	sasl.oauthbearer.token.endpoint.url = null
	security.protocol = PLAINTEXT
	security.providers = null
	send.buffer.bytes = 131072
	socket.connection.setup.timeout.max.ms = 30000
	socket.connection.setup.timeout.ms = 10000
	ssl.cipher.suites = null
	ssl.enabled.protocols = [TLSv1.2, TLSv1.3]
	ssl.endpoint.identification.algorithm = https
	ssl.engine.factory.class = null
	ssl.key.password = null
	ssl.keymanager.algorithm = SunX509
	ssl.keystore.certificate.chain = null
	ssl.keystore.key = null
	ssl.keystore.location = null
	ssl.keystore.password = null
	ssl.keystore.type = JKS
	ssl.protocol = TLSv1.3
	ssl.provider = null
	ssl.secure.random.implementation = null
	ssl.trustmanager.algorithm = PKIX
	ssl.truststore.certificates = null
	ssl.truststore.location = null
	ssl.truststore.password = null
	ssl.truststore.type = JKS
	transaction.timeout.ms = 60000
	transactional.id = null
	value.serializer = class io.apicurio.registry.serde.avro.AvroKafkaSerializer

2025-08-13 18:17:35,643 INFO  [org.apa.kaf.com.tel.int.KafkaMetricsCollector] (main) initializing Kafka metrics collector
2025-08-13 18:17:35,647 INFO  [org.apa.kaf.cli.pro.KafkaProducer] (main) [Producer clientId=Producer-topic-ba1d6158_315a_4c14_ad36_8aeb942257c7] Instantiated an idempotent producer.
2025-08-13 18:17:35,650 INFO  [org.apa.kaf.cli.pro.ProducerConfig] (main) These configurations '[apicurio.registry.find-latest, apicurio.registry.url, apicurio.registry.artifact-resolver-strategy]' were supplied but are not used yet.
2025-08-13 18:17:35,650 INFO  [org.apa.kaf.com.uti.AppInfoParser] (main) Kafka version: 3.9.1
2025-08-13 18:17:35,650 INFO  [org.apa.kaf.com.uti.AppInfoParser] (main) Kafka commitId: f745dfdcee2b9851
2025-08-13 18:17:35,650 INFO  [org.apa.kaf.com.uti.AppInfoParser] (main) Kafka startTimeMs: 1755109055650
2025-08-13 18:17:35,650 INFO  [io.api.tes.ser.api.SimpleSerdesTesterBuilder$SimpleSerdesTester] (main) Using producer configuration: {apicurio.registry.find-latest=true, apicurio.registry.url=http://registry-app-inmemory.apps.ci419.apicurio-testing.org:80/apis/registry/v3, apicurio.registry.artifact-resolver-strategy=io.apicurio.registry.serde.avro.strategy.RecordIdStrategy, value.serializer=io.apicurio.registry.serde.avro.AvroKafkaSerializer, request.timeout.ms=5000, acks=all, bootstrap.servers=PLAINTEXT://localhost:32769, connections.max.idle.ms=10000, key.serializer=org.apache.kafka.common.serialization.StringSerializer, client.id=Producer-topic-ba1d6158_315a_4c14_ad36_8aeb942257c7}
2025-08-13 18:17:35,650 INFO  [io.api.tes.ser.api.SimpleSerdesTesterBuilder$SimpleSerdesTester] (main) Using consumer configuration: {}
2025-08-13 18:17:35,653 INFO  [io.api.tes.ser.api.KafkaSerdesTester] (Thread-627) Sending message {"key11755109054609": "value-0"} to topic topic-ba1d6158_315a_4c14_ad36_8aeb942257c7
2025-08-13 18:17:35,658 INFO  [org.apa.kaf.cli.Metadata] (kafka-producer-network-thread | Producer-topic-ba1d6158_315a_4c14_ad36_8aeb942257c7) [Producer clientId=Producer-topic-ba1d6158_315a_4c14_ad36_8aeb942257c7] Cluster ID: 4IlD_Sy2TMOqYF-Nc3vIHA
2025-08-13 18:17:35,659 INFO  [org.apa.kaf.cli.pro.int.TransactionManager] (kafka-producer-network-thread | Producer-topic-ba1d6158_315a_4c14_ad36_8aeb942257c7) [Producer clientId=Producer-topic-ba1d6158_315a_4c14_ad36_8aeb942257c7] ProducerId set to 5 with epoch 0
2025-08-13 18:17:35,723 INFO  [io.api.tes.ser.api.KafkaSerdesTester] (Thread-627) Sending message {"key11755109054609": "value-1"} to topic topic-ba1d6158_315a_4c14_ad36_8aeb942257c7
2025-08-13 18:17:35,726 INFO  [io.api.tes.ser.api.KafkaSerdesTester] (Thread-627) Sending message {"key11755109054609": "value-2"} to topic topic-ba1d6158_315a_4c14_ad36_8aeb942257c7
2025-08-13 18:17:35,730 INFO  [io.api.tes.ser.api.KafkaSerdesTester] (Thread-627) Sending message {"key11755109054609": "value-3"} to topic topic-ba1d6158_315a_4c14_ad36_8aeb942257c7
2025-08-13 18:17:35,733 INFO  [io.api.tes.ser.api.KafkaSerdesTester] (Thread-627) Sending message {"key11755109054609": "value-4"} to topic topic-ba1d6158_315a_4c14_ad36_8aeb942257c7
2025-08-13 18:17:35,739 INFO  [io.api.tes.ser.api.KafkaSerdesTester] (Thread-627) Sending message {"key11755109054609": "value-5"} to topic topic-ba1d6158_315a_4c14_ad36_8aeb942257c7
2025-08-13 18:17:35,742 INFO  [io.api.tes.ser.api.KafkaSerdesTester] (Thread-627) Sending message {"key11755109054609": "value-6"} to topic topic-ba1d6158_315a_4c14_ad36_8aeb942257c7
2025-08-13 18:17:35,747 INFO  [io.api.tes.ser.api.KafkaSerdesTester] (Thread-627) Sending message {"key11755109054609": "value-7"} to topic topic-ba1d6158_315a_4c14_ad36_8aeb942257c7
2025-08-13 18:17:35,750 INFO  [io.api.tes.ser.api.KafkaSerdesTester] (Thread-627) Sending message {"key11755109054609": "value-8"} to topic topic-ba1d6158_315a_4c14_ad36_8aeb942257c7
2025-08-13 18:17:35,752 INFO  [io.api.tes.ser.api.KafkaSerdesTester] (Thread-627) Sending message {"key11755109054609": "value-9"} to topic topic-ba1d6158_315a_4c14_ad36_8aeb942257c7
2025-08-13 18:17:35,754 INFO  [io.api.tes.ser.api.KafkaSerdesTester] (Thread-627) Produced 10 messages
2025-08-13 18:17:35,755 INFO  [org.apa.kaf.cli.pro.KafkaProducer] (Thread-627) [Producer clientId=Producer-topic-ba1d6158_315a_4c14_ad36_8aeb942257c7] Closing the Kafka producer with timeoutMillis = 9223372036854775807 ms.
2025-08-13 18:17:35,757 INFO  [org.apa.kaf.com.met.Metrics] (Thread-627) Metrics scheduler closed
2025-08-13 18:17:35,757 INFO  [org.apa.kaf.com.met.Metrics] (Thread-627) Closing reporter org.apache.kafka.common.metrics.JmxReporter
2025-08-13 18:17:35,757 INFO  [org.apa.kaf.com.met.Metrics] (Thread-627) Closing reporter org.apache.kafka.common.telemetry.internals.ClientTelemetryReporter
2025-08-13 18:17:35,758 INFO  [org.apa.kaf.com.met.Metrics] (Thread-627) Metrics reporters closed
2025-08-13 18:17:35,758 INFO  [org.apa.kaf.com.uti.AppInfoParser] (Thread-627) App info kafka.producer for Producer-topic-ba1d6158_315a_4c14_ad36_8aeb942257c7 unregistered
**** Registry Base URL: http://registry-app-inmemory.apps.ci419.apicurio-testing.org:80
2025-08-13 18:17:35,759 INFO  [org.apa.kaf.cli.con.ConsumerConfig] (main) ConsumerConfig values: 
	allow.auto.create.topics = true
	auto.commit.interval.ms = 500
	auto.include.jmx.reporter = true
	auto.offset.reset = earliest
	bootstrap.servers = [PLAINTEXT://localhost:32769]
	check.crcs = true
	client.dns.lookup = use_all_dns_ips
	client.id = consumer-Consumer-topic-ba1d6158_315a_4c14_ad36_8aeb942257c7-5
	client.rack = 
	connections.max.idle.ms = 10000
	default.api.timeout.ms = 60000
	enable.auto.commit = true
	enable.metrics.push = true
	exclude.internal.topics = true
	fetch.max.bytes = 52428800
	fetch.max.wait.ms = 500
	fetch.min.bytes = 1
	group.id = Consumer-topic-ba1d6158_315a_4c14_ad36_8aeb942257c7
	group.instance.id = null
	group.protocol = classic
	group.remote.assignor = null
	heartbeat.interval.ms = 3000
	interceptor.classes = []
	internal.leave.group.on.close = true
	internal.throw.on.fetch.stable.offset.unsupported = false
	isolation.level = read_uncommitted
	key.deserializer = class org.apache.kafka.common.serialization.StringDeserializer
	max.partition.fetch.bytes = 1048576
	max.poll.interval.ms = 300000
	max.poll.records = 500
	metadata.max.age.ms = 300000
	metadata.recovery.strategy = none
	metric.reporters = []
	metrics.num.samples = 2
	metrics.recording.level = INFO
	metrics.sample.window.ms = 30000
	partition.assignment.strategy = [class org.apache.kafka.clients.consumer.RangeAssignor, class org.apache.kafka.clients.consumer.CooperativeStickyAssignor]
	receive.buffer.bytes = 65536
	reconnect.backoff.max.ms = 1000
	reconnect.backoff.ms = 50
	request.timeout.ms = 5000
	retry.backoff.max.ms = 1000
	retry.backoff.ms = 100
	sasl.client.callback.handler.class = null
	sasl.jaas.config = null
	sasl.kerberos.kinit.cmd = /usr/bin/kinit
	sasl.kerberos.min.time.before.relogin = 60000
	sasl.kerberos.service.name = null
	sasl.kerberos.ticket.renew.jitter = 0.05
	sasl.kerberos.ticket.renew.window.factor = 0.8
	sasl.login.callback.handler.class = null
	sasl.login.class = null
	sasl.login.connect.timeout.ms = null
	sasl.login.read.timeout.ms = null
	sasl.login.refresh.buffer.seconds = 300
	sasl.login.refresh.min.period.seconds = 60
	sasl.login.refresh.window.factor = 0.8
	sasl.login.refresh.window.jitter = 0.05
	sasl.login.retry.backoff.max.ms = 10000
	sasl.login.retry.backoff.ms = 100
	sasl.mechanism = GSSAPI
	sasl.oauthbearer.clock.skew.seconds = 30
	sasl.oauthbearer.expected.audience = null
	sasl.oauthbearer.expected.issuer = null
	sasl.oauthbearer.header.urlencode = false
	sasl.oauthbearer.jwks.endpoint.refresh.ms = 3600000
	sasl.oauthbearer.jwks.endpoint.retry.backoff.max.ms = 10000
	sasl.oauthbearer.jwks.endpoint.retry.backoff.ms = 100
	sasl.oauthbearer.jwks.endpoint.url = null
	sasl.oauthbearer.scope.claim.name = scope
	sasl.oauthbearer.sub.claim.name = sub
	sasl.oauthbearer.token.endpoint.url = null
	security.protocol = PLAINTEXT
	security.providers = null
	send.buffer.bytes = 131072
	session.timeout.ms = 45000
	socket.connection.setup.timeout.max.ms = 30000
	socket.connection.setup.timeout.ms = 10000
	ssl.cipher.suites = null
	ssl.enabled.protocols = [TLSv1.2, TLSv1.3]
	ssl.endpoint.identification.algorithm = https
	ssl.engine.factory.class = null
	ssl.key.password = null
	ssl.keymanager.algorithm = SunX509
	ssl.keystore.certificate.chain = null
	ssl.keystore.key = null
	ssl.keystore.location = null
	ssl.keystore.password = null
	ssl.keystore.type = JKS
	ssl.protocol = TLSv1.3
	ssl.provider = null
	ssl.secure.random.implementation = null
	ssl.trustmanager.algorithm = PKIX
	ssl.truststore.certificates = null
	ssl.truststore.location = null
	ssl.truststore.password = null
	ssl.truststore.type = JKS
	value.deserializer = class io.apicurio.registry.serde.avro.AvroKafkaDeserializer

2025-08-13 18:17:35,760 INFO  [org.apa.kaf.com.tel.int.KafkaMetricsCollector] (main) initializing Kafka metrics collector
2025-08-13 18:17:35,768 INFO  [org.apa.kaf.cli.con.ConsumerConfig] (main) These configurations '[apicurio.registry.url]' were supplied but are not used yet.
2025-08-13 18:17:35,768 INFO  [org.apa.kaf.com.uti.AppInfoParser] (main) Kafka version: 3.9.1
2025-08-13 18:17:35,768 INFO  [org.apa.kaf.com.uti.AppInfoParser] (main) Kafka commitId: f745dfdcee2b9851
2025-08-13 18:17:35,768 INFO  [org.apa.kaf.com.uti.AppInfoParser] (main) Kafka startTimeMs: 1755109055768
2025-08-13 18:17:35,768 INFO  [org.apa.kaf.cli.con.int.ClassicKafkaConsumer] (Thread-630) [Consumer clientId=consumer-Consumer-topic-ba1d6158_315a_4c14_ad36_8aeb942257c7-5, groupId=Consumer-topic-ba1d6158_315a_4c14_ad36_8aeb942257c7] Subscribed to topic(s): topic-ba1d6158_315a_4c14_ad36_8aeb942257c7
2025-08-13 18:17:35,778 INFO  [org.apa.kaf.cli.Metadata] (Thread-630) [Consumer clientId=consumer-Consumer-topic-ba1d6158_315a_4c14_ad36_8aeb942257c7-5, groupId=Consumer-topic-ba1d6158_315a_4c14_ad36_8aeb942257c7] Cluster ID: 4IlD_Sy2TMOqYF-Nc3vIHA
2025-08-13 18:17:35,783 INFO  [org.apa.kaf.cli.con.int.ConsumerCoordinator] (Thread-630) [Consumer clientId=consumer-Consumer-topic-ba1d6158_315a_4c14_ad36_8aeb942257c7-5, groupId=Consumer-topic-ba1d6158_315a_4c14_ad36_8aeb942257c7] Discovered group coordinator localhost:32769 (id: 2147483647 rack: null)
2025-08-13 18:17:35,786 INFO  [org.apa.kaf.cli.con.int.ConsumerCoordinator] (Thread-630) [Consumer clientId=consumer-Consumer-topic-ba1d6158_315a_4c14_ad36_8aeb942257c7-5, groupId=Consumer-topic-ba1d6158_315a_4c14_ad36_8aeb942257c7] (Re-)joining group
2025-08-13 18:17:35,800 INFO  [org.apa.kaf.cli.con.int.ConsumerCoordinator] (Thread-630) [Consumer clientId=consumer-Consumer-topic-ba1d6158_315a_4c14_ad36_8aeb942257c7-5, groupId=Consumer-topic-ba1d6158_315a_4c14_ad36_8aeb942257c7] Request joining group due to: need to re-join with the given member-id: consumer-Consumer-topic-ba1d6158_315a_4c14_ad36_8aeb942257c7-5-12b23ad6-b859-45c4-b805-4a3267a7b2b4
2025-08-13 18:17:35,801 INFO  [org.apa.kaf.cli.con.int.ConsumerCoordinator] (Thread-630) [Consumer clientId=consumer-Consumer-topic-ba1d6158_315a_4c14_ad36_8aeb942257c7-5, groupId=Consumer-topic-ba1d6158_315a_4c14_ad36_8aeb942257c7] (Re-)joining group
2025-08-13 18:17:36,769 INFO  [io.api.tes.ser.api.KafkaSerdesTester] (Thread-630) None found
2025-08-13 18:17:37,769 INFO  [io.api.tes.ser.api.KafkaSerdesTester] (Thread-630) None found
2025-08-13 18:17:38,769 INFO  [io.api.tes.ser.api.KafkaSerdesTester] (Thread-630) None found
2025-08-13 18:17:38,804 INFO  [org.apa.kaf.cli.con.int.ConsumerCoordinator] (Thread-630) [Consumer clientId=consumer-Consumer-topic-ba1d6158_315a_4c14_ad36_8aeb942257c7-5, groupId=Consumer-topic-ba1d6158_315a_4c14_ad36_8aeb942257c7] Successfully joined group with generation Generation{generationId=1, memberId='consumer-Consumer-topic-ba1d6158_315a_4c14_ad36_8aeb942257c7-5-12b23ad6-b859-45c4-b805-4a3267a7b2b4', protocol='range'}
2025-08-13 18:17:38,804 INFO  [org.apa.kaf.cli.con.int.ConsumerCoordinator] (Thread-630) [Consumer clientId=consumer-Consumer-topic-ba1d6158_315a_4c14_ad36_8aeb942257c7-5, groupId=Consumer-topic-ba1d6158_315a_4c14_ad36_8aeb942257c7] Finished assignment for group at generation 1: {consumer-Consumer-topic-ba1d6158_315a_4c14_ad36_8aeb942257c7-5-12b23ad6-b859-45c4-b805-4a3267a7b2b4=Assignment(partitions=[topic-ba1d6158_315a_4c14_ad36_8aeb942257c7-0])}
2025-08-13 18:17:38,812 INFO  [org.apa.kaf.cli.con.int.ConsumerCoordinator] (Thread-630) [Consumer clientId=consumer-Consumer-topic-ba1d6158_315a_4c14_ad36_8aeb942257c7-5, groupId=Consumer-topic-ba1d6158_315a_4c14_ad36_8aeb942257c7] Successfully synced group in generation Generation{generationId=1, memberId='consumer-Consumer-topic-ba1d6158_315a_4c14_ad36_8aeb942257c7-5-12b23ad6-b859-45c4-b805-4a3267a7b2b4', protocol='range'}
2025-08-13 18:17:38,813 INFO  [org.apa.kaf.cli.con.int.ConsumerCoordinator] (Thread-630) [Consumer clientId=consumer-Consumer-topic-ba1d6158_315a_4c14_ad36_8aeb942257c7-5, groupId=Consumer-topic-ba1d6158_315a_4c14_ad36_8aeb942257c7] Notifying assignor about the new Assignment(partitions=[topic-ba1d6158_315a_4c14_ad36_8aeb942257c7-0])
2025-08-13 18:17:38,813 INFO  [org.apa.kaf.cli.con.int.ConsumerRebalanceListenerInvoker] (Thread-630) [Consumer clientId=consumer-Consumer-topic-ba1d6158_315a_4c14_ad36_8aeb942257c7-5, groupId=Consumer-topic-ba1d6158_315a_4c14_ad36_8aeb942257c7] Adding newly assigned partitions: topic-ba1d6158_315a_4c14_ad36_8aeb942257c7-0
2025-08-13 18:17:38,814 INFO  [org.apa.kaf.cli.con.int.ConsumerCoordinator] (Thread-630) [Consumer clientId=consumer-Consumer-topic-ba1d6158_315a_4c14_ad36_8aeb942257c7-5, groupId=Consumer-topic-ba1d6158_315a_4c14_ad36_8aeb942257c7] Found no committed offset for partition topic-ba1d6158_315a_4c14_ad36_8aeb942257c7-0
2025-08-13 18:17:38,819 INFO  [org.apa.kaf.cli.con.int.SubscriptionState] (Thread-630) [Consumer clientId=consumer-Consumer-topic-ba1d6158_315a_4c14_ad36_8aeb942257c7-5, groupId=Consumer-topic-ba1d6158_315a_4c14_ad36_8aeb942257c7] Resetting offset for partition topic-ba1d6158_315a_4c14_ad36_8aeb942257c7-0 to position FetchPosition{offset=0, offsetEpoch=Optional.empty, currentLeader=LeaderAndEpoch{leader=Optional[localhost:32769 (id: 0 rack: null)], epoch=0}}.
2025-08-13 18:17:38,862 INFO  [io.api.tes.ser.api.KafkaSerdesTester] (Thread-630) topic-ba1d6158_315a_4c14_ad36_8aeb942257c7 0 0 {"key11755109054609": "value-0"}
2025-08-13 18:17:38,862 INFO  [io.api.tes.ser.api.KafkaSerdesTester] (Thread-630) topic-ba1d6158_315a_4c14_ad36_8aeb942257c7 0 1 {"key11755109054609": "value-1"}
2025-08-13 18:17:38,862 INFO  [io.api.tes.ser.api.KafkaSerdesTester] (Thread-630) topic-ba1d6158_315a_4c14_ad36_8aeb942257c7 0 2 {"key11755109054609": "value-2"}
2025-08-13 18:17:38,862 INFO  [io.api.tes.ser.api.KafkaSerdesTester] (Thread-630) topic-ba1d6158_315a_4c14_ad36_8aeb942257c7 0 3 {"key11755109054609": "value-3"}
2025-08-13 18:17:38,863 INFO  [io.api.tes.ser.api.KafkaSerdesTester] (Thread-630) topic-ba1d6158_315a_4c14_ad36_8aeb942257c7 0 4 {"key11755109054609": "value-4"}
2025-08-13 18:17:38,863 INFO  [io.api.tes.ser.api.KafkaSerdesTester] (Thread-630) topic-ba1d6158_315a_4c14_ad36_8aeb942257c7 0 5 {"key11755109054609": "value-5"}
2025-08-13 18:17:38,863 INFO  [io.api.tes.ser.api.KafkaSerdesTester] (Thread-630) topic-ba1d6158_315a_4c14_ad36_8aeb942257c7 0 6 {"key11755109054609": "value-6"}
2025-08-13 18:17:38,863 INFO  [io.api.tes.ser.api.KafkaSerdesTester] (Thread-630) topic-ba1d6158_315a_4c14_ad36_8aeb942257c7 0 7 {"key11755109054609": "value-7"}
2025-08-13 18:17:38,863 INFO  [io.api.tes.ser.api.KafkaSerdesTester] (Thread-630) topic-ba1d6158_315a_4c14_ad36_8aeb942257c7 0 8 {"key11755109054609": "value-8"}
2025-08-13 18:17:38,863 INFO  [io.api.tes.ser.api.KafkaSerdesTester] (Thread-630) topic-ba1d6158_315a_4c14_ad36_8aeb942257c7 0 9 {"key11755109054609": "value-9"}
2025-08-13 18:17:38,863 INFO  [io.api.tes.ser.api.KafkaSerdesTester] (Thread-630) Consumed 10 messages
2025-08-13 18:17:38,870 INFO  [org.apa.kaf.cli.con.int.ConsumerRebalanceListenerInvoker] (Thread-630) [Consumer clientId=consumer-Consumer-topic-ba1d6158_315a_4c14_ad36_8aeb942257c7-5, groupId=Consumer-topic-ba1d6158_315a_4c14_ad36_8aeb942257c7] Revoke previously assigned partitions topic-ba1d6158_315a_4c14_ad36_8aeb942257c7-0
2025-08-13 18:17:38,870 INFO  [org.apa.kaf.cli.con.int.ConsumerCoordinator] (Thread-630) [Consumer clientId=consumer-Consumer-topic-ba1d6158_315a_4c14_ad36_8aeb942257c7-5, groupId=Consumer-topic-ba1d6158_315a_4c14_ad36_8aeb942257c7] Member consumer-Consumer-topic-ba1d6158_315a_4c14_ad36_8aeb942257c7-5-12b23ad6-b859-45c4-b805-4a3267a7b2b4 sending LeaveGroup request to coordinator localhost:32769 (id: 2147483647 rack: null) due to the consumer is being closed
2025-08-13 18:17:38,870 INFO  [org.apa.kaf.cli.con.int.ConsumerCoordinator] (Thread-630) [Consumer clientId=consumer-Consumer-topic-ba1d6158_315a_4c14_ad36_8aeb942257c7-5, groupId=Consumer-topic-ba1d6158_315a_4c14_ad36_8aeb942257c7] Resetting generation and member id due to: consumer pro-actively leaving the group
2025-08-13 18:17:38,871 INFO  [org.apa.kaf.cli.con.int.ConsumerCoordinator] (Thread-630) [Consumer clientId=consumer-Consumer-topic-ba1d6158_315a_4c14_ad36_8aeb942257c7-5, groupId=Consumer-topic-ba1d6158_315a_4c14_ad36_8aeb942257c7] Request joining group due to: consumer pro-actively leaving the group
2025-08-13 18:17:39,366 INFO  [org.apa.kaf.com.met.Metrics] (Thread-630) Metrics scheduler closed
2025-08-13 18:17:39,366 INFO  [org.apa.kaf.com.met.Metrics] (Thread-630) Closing reporter org.apache.kafka.common.metrics.JmxReporter
2025-08-13 18:17:39,366 INFO  [org.apa.kaf.com.met.Metrics] (Thread-630) Closing reporter org.apache.kafka.common.telemetry.internals.ClientTelemetryReporter
2025-08-13 18:17:39,366 INFO  [org.apa.kaf.com.met.Metrics] (Thread-630) Metrics reporters closed
2025-08-13 18:17:39,370 INFO  [org.apa.kaf.com.uti.AppInfoParser] (Thread-630) App info kafka.consumer for consumer-Consumer-topic-ba1d6158_315a_4c14_ad36_8aeb942257c7-5 unregistered
2025-08-13 18:17:39,370 INFO  [io.api.tes.uti.TestSeparator] (main) io.apicurio.tests.serdes.apicurio.AvroSerdeIT.testRecordIdStrategydFindLatest-FINISHED
2025-08-13 18:17:39,371 INFO  [io.api.tes.uti.TestSeparator] (main) ############################################################################
Test passed: testRecordIdStrategydFindLatest
]]></system-out>
  </testcase>
  <testcase name="testReflectAutoRegister" classname="io.apicurio.tests.serdes.apicurio.AvroSerdeIT" time="3.787">
    <system-out><![CDATA[2025-08-13 18:17:39,377 INFO  [io.api.tes.uti.TestSeparator] (main) ############################################################################
2025-08-13 18:17:39,377 INFO  [io.api.tes.uti.TestSeparator] (main) io.apicurio.tests.serdes.apicurio.AvroSerdeIT.testReflectAutoRegister-STARTED
**** Registry Base URL: http://registry-app-inmemory.apps.ci419.apicurio-testing.org:80
2025-08-13 18:17:39,386 INFO  [org.apa.kaf.cli.pro.ProducerConfig] (main) ProducerConfig values: 
	acks = -1
	auto.include.jmx.reporter = true
	batch.size = 16384
	bootstrap.servers = [PLAINTEXT://localhost:32769]
	buffer.memory = 33554432
	client.dns.lookup = use_all_dns_ips
	client.id = Producer-topic-ebd039e6_2091_4dec_b21e_8b5259cd4111
	compression.gzip.level = -1
	compression.lz4.level = 9
	compression.type = none
	compression.zstd.level = 3
	connections.max.idle.ms = 10000
	delivery.timeout.ms = 120000
	enable.idempotence = true
	enable.metrics.push = true
	interceptor.classes = []
	key.serializer = class org.apache.kafka.common.serialization.StringSerializer
	linger.ms = 0
	max.block.ms = 60000
	max.in.flight.requests.per.connection = 5
	max.request.size = 1048576
	metadata.max.age.ms = 300000
	metadata.max.idle.ms = 300000
	metadata.recovery.strategy = none
	metric.reporters = []
	metrics.num.samples = 2
	metrics.recording.level = INFO
	metrics.sample.window.ms = 30000
	partitioner.adaptive.partitioning.enable = true
	partitioner.availability.timeout.ms = 0
	partitioner.class = null
	partitioner.ignore.keys = false
	receive.buffer.bytes = 32768
	reconnect.backoff.max.ms = 1000
	reconnect.backoff.ms = 50
	request.timeout.ms = 5000
	retries = 2147483647
	retry.backoff.max.ms = 1000
	retry.backoff.ms = 100
	sasl.client.callback.handler.class = null
	sasl.jaas.config = null
	sasl.kerberos.kinit.cmd = /usr/bin/kinit
	sasl.kerberos.min.time.before.relogin = 60000
	sasl.kerberos.service.name = null
	sasl.kerberos.ticket.renew.jitter = 0.05
	sasl.kerberos.ticket.renew.window.factor = 0.8
	sasl.login.callback.handler.class = null
	sasl.login.class = null
	sasl.login.connect.timeout.ms = null
	sasl.login.read.timeout.ms = null
	sasl.login.refresh.buffer.seconds = 300
	sasl.login.refresh.min.period.seconds = 60
	sasl.login.refresh.window.factor = 0.8
	sasl.login.refresh.window.jitter = 0.05
	sasl.login.retry.backoff.max.ms = 10000
	sasl.login.retry.backoff.ms = 100
	sasl.mechanism = GSSAPI
	sasl.oauthbearer.clock.skew.seconds = 30
	sasl.oauthbearer.expected.audience = null
	sasl.oauthbearer.expected.issuer = null
	sasl.oauthbearer.header.urlencode = false
	sasl.oauthbearer.jwks.endpoint.refresh.ms = 3600000
	sasl.oauthbearer.jwks.endpoint.retry.backoff.max.ms = 10000
	sasl.oauthbearer.jwks.endpoint.retry.backoff.ms = 100
	sasl.oauthbearer.jwks.endpoint.url = null
	sasl.oauthbearer.scope.claim.name = scope
	sasl.oauthbearer.sub.claim.name = sub
	sasl.oauthbearer.token.endpoint.url = null
	security.protocol = PLAINTEXT
	security.providers = null
	send.buffer.bytes = 131072
	socket.connection.setup.timeout.max.ms = 30000
	socket.connection.setup.timeout.ms = 10000
	ssl.cipher.suites = null
	ssl.enabled.protocols = [TLSv1.2, TLSv1.3]
	ssl.endpoint.identification.algorithm = https
	ssl.engine.factory.class = null
	ssl.key.password = null
	ssl.keymanager.algorithm = SunX509
	ssl.keystore.certificate.chain = null
	ssl.keystore.key = null
	ssl.keystore.location = null
	ssl.keystore.password = null
	ssl.keystore.type = JKS
	ssl.protocol = TLSv1.3
	ssl.provider = null
	ssl.secure.random.implementation = null
	ssl.trustmanager.algorithm = PKIX
	ssl.truststore.certificates = null
	ssl.truststore.location = null
	ssl.truststore.password = null
	ssl.truststore.type = JKS
	transaction.timeout.ms = 60000
	transactional.id = null
	value.serializer = class io.apicurio.registry.serde.avro.AvroKafkaSerializer

2025-08-13 18:17:39,386 INFO  [org.apa.kaf.com.tel.int.KafkaMetricsCollector] (main) initializing Kafka metrics collector
2025-08-13 18:17:39,405 INFO  [org.apa.kaf.cli.pro.KafkaProducer] (main) [Producer clientId=Producer-topic-ebd039e6_2091_4dec_b21e_8b5259cd4111] Instantiated an idempotent producer.
2025-08-13 18:17:39,408 INFO  [org.apa.kaf.cli.pro.ProducerConfig] (main) These configurations '[apicurio.registry.url, apicurio.registry.auto-register, apicurio.registry.artifact-resolver-strategy, apicurio.registry.avro-datum-provider]' were supplied but are not used yet.
2025-08-13 18:17:39,408 INFO  [org.apa.kaf.com.uti.AppInfoParser] (main) Kafka version: 3.9.1
2025-08-13 18:17:39,408 INFO  [org.apa.kaf.com.uti.AppInfoParser] (main) Kafka commitId: f745dfdcee2b9851
2025-08-13 18:17:39,408 INFO  [org.apa.kaf.com.uti.AppInfoParser] (main) Kafka startTimeMs: 1755109059408
2025-08-13 18:17:39,408 INFO  [io.api.tes.ser.api.SimpleSerdesTesterBuilder$SimpleSerdesTester] (main) Using producer configuration: {apicurio.registry.url=http://registry-app-inmemory.apps.ci419.apicurio-testing.org:80/apis/registry/v3, apicurio.registry.auto-register=true, apicurio.registry.artifact-resolver-strategy=io.apicurio.registry.serde.strategy.TopicIdStrategy, value.serializer=io.apicurio.registry.serde.avro.AvroKafkaSerializer, request.timeout.ms=5000, acks=all, bootstrap.servers=PLAINTEXT://localhost:32769, connections.max.idle.ms=10000, key.serializer=org.apache.kafka.common.serialization.StringSerializer, apicurio.registry.avro-datum-provider=io.apicurio.registry.serde.avro.ReflectAvroDatumProvider, client.id=Producer-topic-ebd039e6_2091_4dec_b21e_8b5259cd4111}
2025-08-13 18:17:39,409 INFO  [io.api.tes.ser.api.SimpleSerdesTesterBuilder$SimpleSerdesTester] (main) Using consumer configuration: {apicurio.registry.avro-datum-provider=io.apicurio.registry.serde.avro.ReflectAvroDatumProvider}
2025-08-13 18:17:39,410 INFO  [io.api.tes.ser.api.KafkaSerdesTester] (Thread-633) Sending message io.apicurio.tests.common.serdes.TestObject@3dbd29cb to topic topic-ebd039e6_2091_4dec_b21e_8b5259cd4111
2025-08-13 18:17:39,421 INFO  [org.apa.kaf.cli.Metadata] (kafka-producer-network-thread | Producer-topic-ebd039e6_2091_4dec_b21e_8b5259cd4111) [Producer clientId=Producer-topic-ebd039e6_2091_4dec_b21e_8b5259cd4111] Cluster ID: 4IlD_Sy2TMOqYF-Nc3vIHA
2025-08-13 18:17:39,426 INFO  [org.apa.kaf.cli.pro.int.TransactionManager] (kafka-producer-network-thread | Producer-topic-ebd039e6_2091_4dec_b21e_8b5259cd4111) [Producer clientId=Producer-topic-ebd039e6_2091_4dec_b21e_8b5259cd4111] ProducerId set to 6 with epoch 0
2025-08-13 18:17:39,486 INFO  [io.api.tes.ser.api.KafkaSerdesTester] (Thread-633) Sending message io.apicurio.tests.common.serdes.TestObject@3dbd29cb to topic topic-ebd039e6_2091_4dec_b21e_8b5259cd4111
2025-08-13 18:17:39,490 INFO  [io.api.tes.ser.api.KafkaSerdesTester] (Thread-633) Sending message io.apicurio.tests.common.serdes.TestObject@3dbd29cb to topic topic-ebd039e6_2091_4dec_b21e_8b5259cd4111
2025-08-13 18:17:39,499 INFO  [io.api.tes.ser.api.KafkaSerdesTester] (Thread-633) Sending message io.apicurio.tests.common.serdes.TestObject@3dbd29cb to topic topic-ebd039e6_2091_4dec_b21e_8b5259cd4111
2025-08-13 18:17:39,502 INFO  [io.api.tes.ser.api.KafkaSerdesTester] (Thread-633) Sending message io.apicurio.tests.common.serdes.TestObject@3dbd29cb to topic topic-ebd039e6_2091_4dec_b21e_8b5259cd4111
2025-08-13 18:17:39,504 INFO  [io.api.tes.ser.api.KafkaSerdesTester] (Thread-633) Sending message io.apicurio.tests.common.serdes.TestObject@3dbd29cb to topic topic-ebd039e6_2091_4dec_b21e_8b5259cd4111
2025-08-13 18:17:39,508 INFO  [io.api.tes.ser.api.KafkaSerdesTester] (Thread-633) Sending message io.apicurio.tests.common.serdes.TestObject@3dbd29cb to topic topic-ebd039e6_2091_4dec_b21e_8b5259cd4111
2025-08-13 18:17:39,513 INFO  [io.api.tes.ser.api.KafkaSerdesTester] (Thread-633) Sending message io.apicurio.tests.common.serdes.TestObject@3dbd29cb to topic topic-ebd039e6_2091_4dec_b21e_8b5259cd4111
2025-08-13 18:17:39,516 INFO  [io.api.tes.ser.api.KafkaSerdesTester] (Thread-633) Sending message io.apicurio.tests.common.serdes.TestObject@3dbd29cb to topic topic-ebd039e6_2091_4dec_b21e_8b5259cd4111
2025-08-13 18:17:39,520 INFO  [io.api.tes.ser.api.KafkaSerdesTester] (Thread-633) Sending message io.apicurio.tests.common.serdes.TestObject@3dbd29cb to topic topic-ebd039e6_2091_4dec_b21e_8b5259cd4111
2025-08-13 18:17:39,524 INFO  [io.api.tes.ser.api.KafkaSerdesTester] (Thread-633) Produced 10 messages
2025-08-13 18:17:39,524 INFO  [org.apa.kaf.cli.pro.KafkaProducer] (Thread-633) [Producer clientId=Producer-topic-ebd039e6_2091_4dec_b21e_8b5259cd4111] Closing the Kafka producer with timeoutMillis = 9223372036854775807 ms.
2025-08-13 18:17:39,528 INFO  [org.apa.kaf.com.met.Metrics] (Thread-633) Metrics scheduler closed
2025-08-13 18:17:39,528 INFO  [org.apa.kaf.com.met.Metrics] (Thread-633) Closing reporter org.apache.kafka.common.metrics.JmxReporter
2025-08-13 18:17:39,528 INFO  [org.apa.kaf.com.met.Metrics] (Thread-633) Closing reporter org.apache.kafka.common.telemetry.internals.ClientTelemetryReporter
2025-08-13 18:17:39,528 INFO  [org.apa.kaf.com.met.Metrics] (Thread-633) Metrics reporters closed
2025-08-13 18:17:39,528 INFO  [org.apa.kaf.com.uti.AppInfoParser] (Thread-633) App info kafka.producer for Producer-topic-ebd039e6_2091_4dec_b21e_8b5259cd4111 unregistered
**** Registry Base URL: http://registry-app-inmemory.apps.ci419.apicurio-testing.org:80
2025-08-13 18:17:39,559 INFO  [org.apa.kaf.cli.con.ConsumerConfig] (main) ConsumerConfig values: 
	allow.auto.create.topics = true
	auto.commit.interval.ms = 500
	auto.include.jmx.reporter = true
	auto.offset.reset = earliest
	bootstrap.servers = [PLAINTEXT://localhost:32769]
	check.crcs = true
	client.dns.lookup = use_all_dns_ips
	client.id = consumer-Consumer-topic-ebd039e6_2091_4dec_b21e_8b5259cd4111-6
	client.rack = 
	connections.max.idle.ms = 10000
	default.api.timeout.ms = 60000
	enable.auto.commit = true
	enable.metrics.push = true
	exclude.internal.topics = true
	fetch.max.bytes = 52428800
	fetch.max.wait.ms = 500
	fetch.min.bytes = 1
	group.id = Consumer-topic-ebd039e6_2091_4dec_b21e_8b5259cd4111
	group.instance.id = null
	group.protocol = classic
	group.remote.assignor = null
	heartbeat.interval.ms = 3000
	interceptor.classes = []
	internal.leave.group.on.close = true
	internal.throw.on.fetch.stable.offset.unsupported = false
	isolation.level = read_uncommitted
	key.deserializer = class org.apache.kafka.common.serialization.StringDeserializer
	max.partition.fetch.bytes = 1048576
	max.poll.interval.ms = 300000
	max.poll.records = 500
	metadata.max.age.ms = 300000
	metadata.recovery.strategy = none
	metric.reporters = []
	metrics.num.samples = 2
	metrics.recording.level = INFO
	metrics.sample.window.ms = 30000
	partition.assignment.strategy = [class org.apache.kafka.clients.consumer.RangeAssignor, class org.apache.kafka.clients.consumer.CooperativeStickyAssignor]
	receive.buffer.bytes = 65536
	reconnect.backoff.max.ms = 1000
	reconnect.backoff.ms = 50
	request.timeout.ms = 5000
	retry.backoff.max.ms = 1000
	retry.backoff.ms = 100
	sasl.client.callback.handler.class = null
	sasl.jaas.config = null
	sasl.kerberos.kinit.cmd = /usr/bin/kinit
	sasl.kerberos.min.time.before.relogin = 60000
	sasl.kerberos.service.name = null
	sasl.kerberos.ticket.renew.jitter = 0.05
	sasl.kerberos.ticket.renew.window.factor = 0.8
	sasl.login.callback.handler.class = null
	sasl.login.class = null
	sasl.login.connect.timeout.ms = null
	sasl.login.read.timeout.ms = null
	sasl.login.refresh.buffer.seconds = 300
	sasl.login.refresh.min.period.seconds = 60
	sasl.login.refresh.window.factor = 0.8
	sasl.login.refresh.window.jitter = 0.05
	sasl.login.retry.backoff.max.ms = 10000
	sasl.login.retry.backoff.ms = 100
	sasl.mechanism = GSSAPI
	sasl.oauthbearer.clock.skew.seconds = 30
	sasl.oauthbearer.expected.audience = null
	sasl.oauthbearer.expected.issuer = null
	sasl.oauthbearer.header.urlencode = false
	sasl.oauthbearer.jwks.endpoint.refresh.ms = 3600000
	sasl.oauthbearer.jwks.endpoint.retry.backoff.max.ms = 10000
	sasl.oauthbearer.jwks.endpoint.retry.backoff.ms = 100
	sasl.oauthbearer.jwks.endpoint.url = null
	sasl.oauthbearer.scope.claim.name = scope
	sasl.oauthbearer.sub.claim.name = sub
	sasl.oauthbearer.token.endpoint.url = null
	security.protocol = PLAINTEXT
	security.providers = null
	send.buffer.bytes = 131072
	session.timeout.ms = 45000
	socket.connection.setup.timeout.max.ms = 30000
	socket.connection.setup.timeout.ms = 10000
	ssl.cipher.suites = null
	ssl.enabled.protocols = [TLSv1.2, TLSv1.3]
	ssl.endpoint.identification.algorithm = https
	ssl.engine.factory.class = null
	ssl.key.password = null
	ssl.keymanager.algorithm = SunX509
	ssl.keystore.certificate.chain = null
	ssl.keystore.key = null
	ssl.keystore.location = null
	ssl.keystore.password = null
	ssl.keystore.type = JKS
	ssl.protocol = TLSv1.3
	ssl.provider = null
	ssl.secure.random.implementation = null
	ssl.trustmanager.algorithm = PKIX
	ssl.truststore.certificates = null
	ssl.truststore.location = null
	ssl.truststore.password = null
	ssl.truststore.type = JKS
	value.deserializer = class io.apicurio.registry.serde.avro.AvroKafkaDeserializer

2025-08-13 18:17:39,559 INFO  [org.apa.kaf.com.tel.int.KafkaMetricsCollector] (main) initializing Kafka metrics collector
2025-08-13 18:17:39,568 INFO  [org.apa.kaf.cli.con.ConsumerConfig] (main) These configurations '[apicurio.registry.url, apicurio.registry.avro-datum-provider]' were supplied but are not used yet.
2025-08-13 18:17:39,568 INFO  [org.apa.kaf.com.uti.AppInfoParser] (main) Kafka version: 3.9.1
2025-08-13 18:17:39,568 INFO  [org.apa.kaf.com.uti.AppInfoParser] (main) Kafka commitId: f745dfdcee2b9851
2025-08-13 18:17:39,568 INFO  [org.apa.kaf.com.uti.AppInfoParser] (main) Kafka startTimeMs: 1755109059568
2025-08-13 18:17:39,570 INFO  [org.apa.kaf.cli.con.int.ClassicKafkaConsumer] (Thread-636) [Consumer clientId=consumer-Consumer-topic-ebd039e6_2091_4dec_b21e_8b5259cd4111-6, groupId=Consumer-topic-ebd039e6_2091_4dec_b21e_8b5259cd4111] Subscribed to topic(s): topic-ebd039e6_2091_4dec_b21e_8b5259cd4111
2025-08-13 18:17:39,580 INFO  [org.apa.kaf.cli.Metadata] (Thread-636) [Consumer clientId=consumer-Consumer-topic-ebd039e6_2091_4dec_b21e_8b5259cd4111-6, groupId=Consumer-topic-ebd039e6_2091_4dec_b21e_8b5259cd4111] Cluster ID: 4IlD_Sy2TMOqYF-Nc3vIHA
2025-08-13 18:17:39,582 INFO  [org.apa.kaf.cli.con.int.ConsumerCoordinator] (Thread-636) [Consumer clientId=consumer-Consumer-topic-ebd039e6_2091_4dec_b21e_8b5259cd4111-6, groupId=Consumer-topic-ebd039e6_2091_4dec_b21e_8b5259cd4111] Discovered group coordinator localhost:32769 (id: 2147483647 rack: null)
2025-08-13 18:17:39,586 INFO  [org.apa.kaf.cli.con.int.ConsumerCoordinator] (Thread-636) [Consumer clientId=consumer-Consumer-topic-ebd039e6_2091_4dec_b21e_8b5259cd4111-6, groupId=Consumer-topic-ebd039e6_2091_4dec_b21e_8b5259cd4111] (Re-)joining group
2025-08-13 18:17:39,593 INFO  [org.apa.kaf.cli.con.int.ConsumerCoordinator] (Thread-636) [Consumer clientId=consumer-Consumer-topic-ebd039e6_2091_4dec_b21e_8b5259cd4111-6, groupId=Consumer-topic-ebd039e6_2091_4dec_b21e_8b5259cd4111] Request joining group due to: need to re-join with the given member-id: consumer-Consumer-topic-ebd039e6_2091_4dec_b21e_8b5259cd4111-6-6ca57191-f32e-4c3f-bb84-9168e6d90d7a
2025-08-13 18:17:39,593 INFO  [org.apa.kaf.cli.con.int.ConsumerCoordinator] (Thread-636) [Consumer clientId=consumer-Consumer-topic-ebd039e6_2091_4dec_b21e_8b5259cd4111-6, groupId=Consumer-topic-ebd039e6_2091_4dec_b21e_8b5259cd4111] (Re-)joining group
2025-08-13 18:17:40,570 INFO  [io.api.tes.ser.api.KafkaSerdesTester] (Thread-636) None found
2025-08-13 18:17:41,570 INFO  [io.api.tes.ser.api.KafkaSerdesTester] (Thread-636) None found
2025-08-13 18:17:42,570 INFO  [io.api.tes.ser.api.KafkaSerdesTester] (Thread-636) None found
2025-08-13 18:17:42,595 INFO  [org.apa.kaf.cli.con.int.ConsumerCoordinator] (Thread-636) [Consumer clientId=consumer-Consumer-topic-ebd039e6_2091_4dec_b21e_8b5259cd4111-6, groupId=Consumer-topic-ebd039e6_2091_4dec_b21e_8b5259cd4111] Successfully joined group with generation Generation{generationId=1, memberId='consumer-Consumer-topic-ebd039e6_2091_4dec_b21e_8b5259cd4111-6-6ca57191-f32e-4c3f-bb84-9168e6d90d7a', protocol='range'}
2025-08-13 18:17:42,596 INFO  [org.apa.kaf.cli.con.int.ConsumerCoordinator] (Thread-636) [Consumer clientId=consumer-Consumer-topic-ebd039e6_2091_4dec_b21e_8b5259cd4111-6, groupId=Consumer-topic-ebd039e6_2091_4dec_b21e_8b5259cd4111] Finished assignment for group at generation 1: {consumer-Consumer-topic-ebd039e6_2091_4dec_b21e_8b5259cd4111-6-6ca57191-f32e-4c3f-bb84-9168e6d90d7a=Assignment(partitions=[topic-ebd039e6_2091_4dec_b21e_8b5259cd4111-0])}
2025-08-13 18:17:42,603 INFO  [org.apa.kaf.cli.con.int.ConsumerCoordinator] (Thread-636) [Consumer clientId=consumer-Consumer-topic-ebd039e6_2091_4dec_b21e_8b5259cd4111-6, groupId=Consumer-topic-ebd039e6_2091_4dec_b21e_8b5259cd4111] Successfully synced group in generation Generation{generationId=1, memberId='consumer-Consumer-topic-ebd039e6_2091_4dec_b21e_8b5259cd4111-6-6ca57191-f32e-4c3f-bb84-9168e6d90d7a', protocol='range'}
2025-08-13 18:17:42,604 INFO  [org.apa.kaf.cli.con.int.ConsumerCoordinator] (Thread-636) [Consumer clientId=consumer-Consumer-topic-ebd039e6_2091_4dec_b21e_8b5259cd4111-6, groupId=Consumer-topic-ebd039e6_2091_4dec_b21e_8b5259cd4111] Notifying assignor about the new Assignment(partitions=[topic-ebd039e6_2091_4dec_b21e_8b5259cd4111-0])
2025-08-13 18:17:42,604 INFO  [org.apa.kaf.cli.con.int.ConsumerRebalanceListenerInvoker] (Thread-636) [Consumer clientId=consumer-Consumer-topic-ebd039e6_2091_4dec_b21e_8b5259cd4111-6, groupId=Consumer-topic-ebd039e6_2091_4dec_b21e_8b5259cd4111] Adding newly assigned partitions: topic-ebd039e6_2091_4dec_b21e_8b5259cd4111-0
2025-08-13 18:17:42,605 INFO  [org.apa.kaf.cli.con.int.ConsumerCoordinator] (Thread-636) [Consumer clientId=consumer-Consumer-topic-ebd039e6_2091_4dec_b21e_8b5259cd4111-6, groupId=Consumer-topic-ebd039e6_2091_4dec_b21e_8b5259cd4111] Found no committed offset for partition topic-ebd039e6_2091_4dec_b21e_8b5259cd4111-0
2025-08-13 18:17:42,610 INFO  [org.apa.kaf.cli.con.int.SubscriptionState] (Thread-636) [Consumer clientId=consumer-Consumer-topic-ebd039e6_2091_4dec_b21e_8b5259cd4111-6, groupId=Consumer-topic-ebd039e6_2091_4dec_b21e_8b5259cd4111] Resetting offset for partition topic-ebd039e6_2091_4dec_b21e_8b5259cd4111-0 to position FetchPosition{offset=0, offsetEpoch=Optional.empty, currentLeader=LeaderAndEpoch{leader=Optional[localhost:32769 (id: 0 rack: null)], epoch=0}}.
2025-08-13 18:17:42,655 INFO  [io.api.tes.ser.api.KafkaSerdesTester] (Thread-636) topic-ebd039e6_2091_4dec_b21e_8b5259cd4111 0 0 io.apicurio.tests.common.serdes.TestObject@3dbd29cb
2025-08-13 18:17:42,655 INFO  [io.api.tes.ser.api.KafkaSerdesTester] (Thread-636) topic-ebd039e6_2091_4dec_b21e_8b5259cd4111 0 1 io.apicurio.tests.common.serdes.TestObject@3dbd29cb
2025-08-13 18:17:42,655 INFO  [io.api.tes.ser.api.KafkaSerdesTester] (Thread-636) topic-ebd039e6_2091_4dec_b21e_8b5259cd4111 0 2 io.apicurio.tests.common.serdes.TestObject@3dbd29cb
2025-08-13 18:17:42,655 INFO  [io.api.tes.ser.api.KafkaSerdesTester] (Thread-636) topic-ebd039e6_2091_4dec_b21e_8b5259cd4111 0 3 io.apicurio.tests.common.serdes.TestObject@3dbd29cb
2025-08-13 18:17:42,655 INFO  [io.api.tes.ser.api.KafkaSerdesTester] (Thread-636) topic-ebd039e6_2091_4dec_b21e_8b5259cd4111 0 4 io.apicurio.tests.common.serdes.TestObject@3dbd29cb
2025-08-13 18:17:42,655 INFO  [io.api.tes.ser.api.KafkaSerdesTester] (Thread-636) topic-ebd039e6_2091_4dec_b21e_8b5259cd4111 0 5 io.apicurio.tests.common.serdes.TestObject@3dbd29cb
2025-08-13 18:17:42,655 INFO  [io.api.tes.ser.api.KafkaSerdesTester] (Thread-636) topic-ebd039e6_2091_4dec_b21e_8b5259cd4111 0 6 io.apicurio.tests.common.serdes.TestObject@3dbd29cb
2025-08-13 18:17:42,655 INFO  [io.api.tes.ser.api.KafkaSerdesTester] (Thread-636) topic-ebd039e6_2091_4dec_b21e_8b5259cd4111 0 7 io.apicurio.tests.common.serdes.TestObject@3dbd29cb
2025-08-13 18:17:42,655 INFO  [io.api.tes.ser.api.KafkaSerdesTester] (Thread-636) topic-ebd039e6_2091_4dec_b21e_8b5259cd4111 0 8 io.apicurio.tests.common.serdes.TestObject@3dbd29cb
2025-08-13 18:17:42,655 INFO  [io.api.tes.ser.api.KafkaSerdesTester] (Thread-636) topic-ebd039e6_2091_4dec_b21e_8b5259cd4111 0 9 io.apicurio.tests.common.serdes.TestObject@3dbd29cb
2025-08-13 18:17:42,655 INFO  [io.api.tes.ser.api.KafkaSerdesTester] (Thread-636) Consumed 10 messages
2025-08-13 18:17:42,663 INFO  [org.apa.kaf.cli.con.int.ConsumerRebalanceListenerInvoker] (Thread-636) [Consumer clientId=consumer-Consumer-topic-ebd039e6_2091_4dec_b21e_8b5259cd4111-6, groupId=Consumer-topic-ebd039e6_2091_4dec_b21e_8b5259cd4111] Revoke previously assigned partitions topic-ebd039e6_2091_4dec_b21e_8b5259cd4111-0
2025-08-13 18:17:42,663 INFO  [org.apa.kaf.cli.con.int.ConsumerCoordinator] (Thread-636) [Consumer clientId=consumer-Consumer-topic-ebd039e6_2091_4dec_b21e_8b5259cd4111-6, groupId=Consumer-topic-ebd039e6_2091_4dec_b21e_8b5259cd4111] Member consumer-Consumer-topic-ebd039e6_2091_4dec_b21e_8b5259cd4111-6-6ca57191-f32e-4c3f-bb84-9168e6d90d7a sending LeaveGroup request to coordinator localhost:32769 (id: 2147483647 rack: null) due to the consumer is being closed
2025-08-13 18:17:42,664 INFO  [org.apa.kaf.cli.con.int.ConsumerCoordinator] (Thread-636) [Consumer clientId=consumer-Consumer-topic-ebd039e6_2091_4dec_b21e_8b5259cd4111-6, groupId=Consumer-topic-ebd039e6_2091_4dec_b21e_8b5259cd4111] Resetting generation and member id due to: consumer pro-actively leaving the group
2025-08-13 18:17:42,664 INFO  [org.apa.kaf.cli.con.int.ConsumerCoordinator] (Thread-636) [Consumer clientId=consumer-Consumer-topic-ebd039e6_2091_4dec_b21e_8b5259cd4111-6, groupId=Consumer-topic-ebd039e6_2091_4dec_b21e_8b5259cd4111] Request joining group due to: consumer pro-actively leaving the group
2025-08-13 18:17:43,157 INFO  [org.apa.kaf.com.met.Metrics] (Thread-636) Metrics scheduler closed
2025-08-13 18:17:43,157 INFO  [org.apa.kaf.com.met.Metrics] (Thread-636) Closing reporter org.apache.kafka.common.metrics.JmxReporter
2025-08-13 18:17:43,157 INFO  [org.apa.kaf.com.met.Metrics] (Thread-636) Closing reporter org.apache.kafka.common.telemetry.internals.ClientTelemetryReporter
2025-08-13 18:17:43,157 INFO  [org.apa.kaf.com.met.Metrics] (Thread-636) Metrics reporters closed
2025-08-13 18:17:43,160 INFO  [org.apa.kaf.com.uti.AppInfoParser] (Thread-636) App info kafka.consumer for consumer-Consumer-topic-ebd039e6_2091_4dec_b21e_8b5259cd4111-6 unregistered
2025-08-13 18:17:43,161 INFO  [io.api.tes.uti.TestSeparator] (main) io.apicurio.tests.serdes.apicurio.AvroSerdeIT.testReflectAutoRegister-FINISHED
2025-08-13 18:17:43,161 INFO  [io.api.tes.uti.TestSeparator] (main) ############################################################################
Test passed: testReflectAutoRegister
]]></system-out>
  </testcase>
  <testcase name="testArtifactNotFound" classname="io.apicurio.tests.serdes.apicurio.AvroSerdeIT" time="0.187">
    <system-out><![CDATA[2025-08-13 18:17:43,164 INFO  [io.api.tes.uti.TestSeparator] (main) ############################################################################
2025-08-13 18:17:43,164 INFO  [io.api.tes.uti.TestSeparator] (main) io.apicurio.tests.serdes.apicurio.AvroSerdeIT.testArtifactNotFound-STARTED
**** Registry Base URL: http://registry-app-inmemory.apps.ci419.apicurio-testing.org:80
2025-08-13 18:17:43,169 INFO  [org.apa.kaf.cli.pro.ProducerConfig] (main) ProducerConfig values: 
	acks = -1
	auto.include.jmx.reporter = true
	batch.size = 16384
	bootstrap.servers = [PLAINTEXT://localhost:32769]
	buffer.memory = 33554432
	client.dns.lookup = use_all_dns_ips
	client.id = Producer-sb44b3eb3x3643x4a72x99daxf55a14ccf680
	compression.gzip.level = -1
	compression.lz4.level = 9
	compression.type = none
	compression.zstd.level = 3
	connections.max.idle.ms = 10000
	delivery.timeout.ms = 120000
	enable.idempotence = true
	enable.metrics.push = true
	interceptor.classes = []
	key.serializer = class org.apache.kafka.common.serialization.StringSerializer
	linger.ms = 0
	max.block.ms = 60000
	max.in.flight.requests.per.connection = 5
	max.request.size = 1048576
	metadata.max.age.ms = 300000
	metadata.max.idle.ms = 300000
	metadata.recovery.strategy = none
	metric.reporters = []
	metrics.num.samples = 2
	metrics.recording.level = INFO
	metrics.sample.window.ms = 30000
	partitioner.adaptive.partitioning.enable = true
	partitioner.availability.timeout.ms = 0
	partitioner.class = null
	partitioner.ignore.keys = false
	receive.buffer.bytes = 32768
	reconnect.backoff.max.ms = 1000
	reconnect.backoff.ms = 50
	request.timeout.ms = 5000
	retries = 2147483647
	retry.backoff.max.ms = 1000
	retry.backoff.ms = 100
	sasl.client.callback.handler.class = null
	sasl.jaas.config = null
	sasl.kerberos.kinit.cmd = /usr/bin/kinit
	sasl.kerberos.min.time.before.relogin = 60000
	sasl.kerberos.service.name = null
	sasl.kerberos.ticket.renew.jitter = 0.05
	sasl.kerberos.ticket.renew.window.factor = 0.8
	sasl.login.callback.handler.class = null
	sasl.login.class = null
	sasl.login.connect.timeout.ms = null
	sasl.login.read.timeout.ms = null
	sasl.login.refresh.buffer.seconds = 300
	sasl.login.refresh.min.period.seconds = 60
	sasl.login.refresh.window.factor = 0.8
	sasl.login.refresh.window.jitter = 0.05
	sasl.login.retry.backoff.max.ms = 10000
	sasl.login.retry.backoff.ms = 100
	sasl.mechanism = GSSAPI
	sasl.oauthbearer.clock.skew.seconds = 30
	sasl.oauthbearer.expected.audience = null
	sasl.oauthbearer.expected.issuer = null
	sasl.oauthbearer.header.urlencode = false
	sasl.oauthbearer.jwks.endpoint.refresh.ms = 3600000
	sasl.oauthbearer.jwks.endpoint.retry.backoff.max.ms = 10000
	sasl.oauthbearer.jwks.endpoint.retry.backoff.ms = 100
	sasl.oauthbearer.jwks.endpoint.url = null
	sasl.oauthbearer.scope.claim.name = scope
	sasl.oauthbearer.sub.claim.name = sub
	sasl.oauthbearer.token.endpoint.url = null
	security.protocol = PLAINTEXT
	security.providers = null
	send.buffer.bytes = 131072
	socket.connection.setup.timeout.max.ms = 30000
	socket.connection.setup.timeout.ms = 10000
	ssl.cipher.suites = null
	ssl.enabled.protocols = [TLSv1.2, TLSv1.3]
	ssl.endpoint.identification.algorithm = https
	ssl.engine.factory.class = null
	ssl.key.password = null
	ssl.keymanager.algorithm = SunX509
	ssl.keystore.certificate.chain = null
	ssl.keystore.key = null
	ssl.keystore.location = null
	ssl.keystore.password = null
	ssl.keystore.type = JKS
	ssl.protocol = TLSv1.3
	ssl.provider = null
	ssl.secure.random.implementation = null
	ssl.trustmanager.algorithm = PKIX
	ssl.truststore.certificates = null
	ssl.truststore.location = null
	ssl.truststore.password = null
	ssl.truststore.type = JKS
	transaction.timeout.ms = 60000
	transactional.id = null
	value.serializer = class io.apicurio.registry.serde.avro.AvroKafkaSerializer

2025-08-13 18:17:43,169 INFO  [org.apa.kaf.com.tel.int.KafkaMetricsCollector] (main) initializing Kafka metrics collector
2025-08-13 18:17:43,175 INFO  [org.apa.kaf.cli.pro.KafkaProducer] (main) [Producer clientId=Producer-sb44b3eb3x3643x4a72x99daxf55a14ccf680] Instantiated an idempotent producer.
2025-08-13 18:17:43,177 INFO  [org.apa.kaf.cli.pro.ProducerConfig] (main) These configurations '[apicurio.registry.url, apicurio.registry.artifact-resolver-strategy]' were supplied but are not used yet.
2025-08-13 18:17:43,178 INFO  [org.apa.kaf.com.uti.AppInfoParser] (main) Kafka version: 3.9.1
2025-08-13 18:17:43,179 INFO  [org.apa.kaf.com.uti.AppInfoParser] (main) Kafka commitId: f745dfdcee2b9851
2025-08-13 18:17:43,179 INFO  [org.apa.kaf.com.uti.AppInfoParser] (main) Kafka startTimeMs: 1755109063178
2025-08-13 18:17:43,180 INFO  [io.api.tes.ser.api.KafkaSerdesTester] (Thread-639) Sending message {"keyB": "value-0"} to topic sb44b3eb3x3643x4a72x99daxf55a14ccf680
2025-08-13 18:17:43,185 WARN  [org.apa.kaf.cli.NetworkClient] (kafka-producer-network-thread | Producer-sb44b3eb3x3643x4a72x99daxf55a14ccf680) [Producer clientId=Producer-sb44b3eb3x3643x4a72x99daxf55a14ccf680] The metadata response from the cluster reported a recoverable issue with correlation id 1 : {sb44b3eb3x3643x4a72x99daxf55a14ccf680=UNKNOWN_TOPIC_OR_PARTITION}
2025-08-13 18:17:43,185 INFO  [org.apa.kaf.cli.Metadata] (kafka-producer-network-thread | Producer-sb44b3eb3x3643x4a72x99daxf55a14ccf680) [Producer clientId=Producer-sb44b3eb3x3643x4a72x99daxf55a14ccf680] Cluster ID: 4IlD_Sy2TMOqYF-Nc3vIHA
2025-08-13 18:17:43,186 INFO  [org.apa.kaf.cli.pro.int.TransactionManager] (kafka-producer-network-thread | Producer-sb44b3eb3x3643x4a72x99daxf55a14ccf680) [Producer clientId=Producer-sb44b3eb3x3643x4a72x99daxf55a14ccf680] ProducerId set to 7 with epoch 0
2025-08-13 18:17:43,296 INFO  [DefaultSchemaResolver] (Thread-639) Retrieving schema content using string: {"type":"record","name":"myrecord","namespace":"mygroup","fields":[{"name":"keyB","type":"string"}]}
2025-08-13 18:17:43,345 INFO  [org.apa.kaf.cli.pro.KafkaProducer] (Thread-639) [Producer clientId=Producer-sb44b3eb3x3643x4a72x99daxf55a14ccf680] Closing the Kafka producer with timeoutMillis = 9223372036854775807 ms.
2025-08-13 18:17:43,348 INFO  [org.apa.kaf.com.met.Metrics] (Thread-639) Metrics scheduler closed
2025-08-13 18:17:43,348 INFO  [org.apa.kaf.com.met.Metrics] (Thread-639) Closing reporter org.apache.kafka.common.metrics.JmxReporter
2025-08-13 18:17:43,348 INFO  [org.apa.kaf.com.met.Metrics] (Thread-639) Closing reporter org.apache.kafka.common.telemetry.internals.ClientTelemetryReporter
2025-08-13 18:17:43,348 INFO  [org.apa.kaf.com.met.Metrics] (Thread-639) Metrics reporters closed
2025-08-13 18:17:43,348 INFO  [org.apa.kaf.com.uti.AppInfoParser] (Thread-639) App info kafka.producer for Producer-sb44b3eb3x3643x4a72x99daxf55a14ccf680 unregistered
2025-08-13 18:17:43,349 INFO  [io.api.tes.uti.TestSeparator] (main) io.apicurio.tests.serdes.apicurio.AvroSerdeIT.testArtifactNotFound-FINISHED
2025-08-13 18:17:43,349 INFO  [io.api.tes.uti.TestSeparator] (main) ############################################################################
Test passed: testArtifactNotFound
]]></system-out>
    <system-err><![CDATA[java.lang.RuntimeException: Could not resolve artifact reference by content: {"type":"record","name":"myrecord","namespace":"mygroup","fields":[{"name":"keyB","type":"string"}]}&ArtifactReference [groupId=default, artifactId=sb44b3eb3x3643x4a72x99daxf55a14ccf680-value, version=null, globalId=null, contentId=null, contentHash=null]
	at io.apicurio.registry.resolver.DefaultSchemaResolver.lambda$handleResolveSchemaByContent$3(DefaultSchemaResolver.java:265)
	at io.apicurio.registry.resolver.cache.ERCache.lambda$getValue$0(ERCache.java:174)
	at io.apicurio.registry.resolver.cache.ERCache.retry(ERCache.java:227)
	at io.apicurio.registry.resolver.cache.ERCache.getValue(ERCache.java:173)
	at io.apicurio.registry.resolver.cache.ERCache.getByContent(ERCache.java:147)
	at io.apicurio.registry.resolver.DefaultSchemaResolver.handleResolveSchemaByContent(DefaultSchemaResolver.java:253)
	at io.apicurio.registry.resolver.DefaultSchemaResolver.getSchemaFromRegistry(DefaultSchemaResolver.java:138)
	at io.apicurio.registry.resolver.DefaultSchemaResolver.lambda$resolveSchema$0(DefaultSchemaResolver.java:84)
	at java.base/java.util.Optional.orElseGet(Optional.java:364)
	at io.apicurio.registry.resolver.DefaultSchemaResolver.resolveSchema(DefaultSchemaResolver.java:84)
	at io.apicurio.registry.serde.AbstractSerializer.serializeData(AbstractSerializer.java:62)
	at io.apicurio.registry.serde.KafkaSerializer.serialize(KafkaSerializer.java:77)
	at org.apache.kafka.clients.producer.KafkaProducer.doSend(KafkaProducer.java:1046)
	at org.apache.kafka.clients.producer.KafkaProducer.send(KafkaProducer.java:993)
	at org.apache.kafka.clients.producer.KafkaProducer.send(KafkaProducer.java:875)
	at io.apicurio.tests.serdes.apicurio.KafkaSerdesTester.lambda$produceMessages$3(KafkaSerdesTester.java:138)
	at java.base/java.util.concurrent.CompletableFuture$AsyncSupply.run(CompletableFuture.java:1768)
	at java.base/java.lang.Thread.run(Thread.java:840)
]]></system-err>
  </testcase>
  <testcase name="testAvroSerDesFailDifferentSchemaByRecordName" classname="io.apicurio.tests.serdes.apicurio.AvroSerdeIT" time="1.106">
    <system-out><![CDATA[2025-08-13 18:17:43,350 INFO  [io.api.tes.uti.TestSeparator] (main) ############################################################################
2025-08-13 18:17:43,351 INFO  [io.api.tes.uti.TestSeparator] (main) io.apicurio.tests.serdes.apicurio.AvroSerdeIT.testAvroSerDesFailDifferentSchemaByRecordName-STARTED
**** Registry Base URL: http://registry-app-inmemory.apps.ci419.apicurio-testing.org:80
2025-08-13 18:17:44,409 INFO  [org.apa.kaf.cli.pro.ProducerConfig] (main) ProducerConfig values: 
	acks = -1
	auto.include.jmx.reporter = true
	batch.size = 16384
	bootstrap.servers = [PLAINTEXT://localhost:32769]
	buffer.memory = 33554432
	client.dns.lookup = use_all_dns_ips
	client.id = Producer-topic-afc3a617_2034_45a1_a7e5_19d6a6e510dd
	compression.gzip.level = -1
	compression.lz4.level = 9
	compression.type = none
	compression.zstd.level = 3
	connections.max.idle.ms = 10000
	delivery.timeout.ms = 120000
	enable.idempotence = true
	enable.metrics.push = true
	interceptor.classes = []
	key.serializer = class org.apache.kafka.common.serialization.StringSerializer
	linger.ms = 0
	max.block.ms = 60000
	max.in.flight.requests.per.connection = 5
	max.request.size = 1048576
	metadata.max.age.ms = 300000
	metadata.max.idle.ms = 300000
	metadata.recovery.strategy = none
	metric.reporters = []
	metrics.num.samples = 2
	metrics.recording.level = INFO
	metrics.sample.window.ms = 30000
	partitioner.adaptive.partitioning.enable = true
	partitioner.availability.timeout.ms = 0
	partitioner.class = null
	partitioner.ignore.keys = false
	receive.buffer.bytes = 32768
	reconnect.backoff.max.ms = 1000
	reconnect.backoff.ms = 50
	request.timeout.ms = 5000
	retries = 2147483647
	retry.backoff.max.ms = 1000
	retry.backoff.ms = 100
	sasl.client.callback.handler.class = null
	sasl.jaas.config = null
	sasl.kerberos.kinit.cmd = /usr/bin/kinit
	sasl.kerberos.min.time.before.relogin = 60000
	sasl.kerberos.service.name = null
	sasl.kerberos.ticket.renew.jitter = 0.05
	sasl.kerberos.ticket.renew.window.factor = 0.8
	sasl.login.callback.handler.class = null
	sasl.login.class = null
	sasl.login.connect.timeout.ms = null
	sasl.login.read.timeout.ms = null
	sasl.login.refresh.buffer.seconds = 300
	sasl.login.refresh.min.period.seconds = 60
	sasl.login.refresh.window.factor = 0.8
	sasl.login.refresh.window.jitter = 0.05
	sasl.login.retry.backoff.max.ms = 10000
	sasl.login.retry.backoff.ms = 100
	sasl.mechanism = GSSAPI
	sasl.oauthbearer.clock.skew.seconds = 30
	sasl.oauthbearer.expected.audience = null
	sasl.oauthbearer.expected.issuer = null
	sasl.oauthbearer.header.urlencode = false
	sasl.oauthbearer.jwks.endpoint.refresh.ms = 3600000
	sasl.oauthbearer.jwks.endpoint.retry.backoff.max.ms = 10000
	sasl.oauthbearer.jwks.endpoint.retry.backoff.ms = 100
	sasl.oauthbearer.jwks.endpoint.url = null
	sasl.oauthbearer.scope.claim.name = scope
	sasl.oauthbearer.sub.claim.name = sub
	sasl.oauthbearer.token.endpoint.url = null
	security.protocol = PLAINTEXT
	security.providers = null
	send.buffer.bytes = 131072
	socket.connection.setup.timeout.max.ms = 30000
	socket.connection.setup.timeout.ms = 10000
	ssl.cipher.suites = null
	ssl.enabled.protocols = [TLSv1.2, TLSv1.3]
	ssl.endpoint.identification.algorithm = https
	ssl.engine.factory.class = null
	ssl.key.password = null
	ssl.keymanager.algorithm = SunX509
	ssl.keystore.certificate.chain = null
	ssl.keystore.key = null
	ssl.keystore.location = null
	ssl.keystore.password = null
	ssl.keystore.type = JKS
	ssl.protocol = TLSv1.3
	ssl.provider = null
	ssl.secure.random.implementation = null
	ssl.trustmanager.algorithm = PKIX
	ssl.truststore.certificates = null
	ssl.truststore.location = null
	ssl.truststore.password = null
	ssl.truststore.type = JKS
	transaction.timeout.ms = 60000
	transactional.id = null
	value.serializer = class io.apicurio.registry.serde.avro.AvroKafkaSerializer

2025-08-13 18:17:44,409 INFO  [org.apa.kaf.com.tel.int.KafkaMetricsCollector] (main) initializing Kafka metrics collector
2025-08-13 18:17:44,412 INFO  [org.apa.kaf.cli.pro.KafkaProducer] (main) [Producer clientId=Producer-topic-afc3a617_2034_45a1_a7e5_19d6a6e510dd] Instantiated an idempotent producer.
2025-08-13 18:17:44,414 INFO  [org.apa.kaf.cli.pro.ProducerConfig] (main) These configurations '[apicurio.registry.find-latest, apicurio.registry.url, apicurio.registry.artifact-resolver-strategy]' were supplied but are not used yet.
2025-08-13 18:17:44,415 INFO  [org.apa.kaf.com.uti.AppInfoParser] (main) Kafka version: 3.9.1
2025-08-13 18:17:44,415 INFO  [org.apa.kaf.com.uti.AppInfoParser] (main) Kafka commitId: f745dfdcee2b9851
2025-08-13 18:17:44,415 INFO  [org.apa.kaf.com.uti.AppInfoParser] (main) Kafka startTimeMs: 1755109064414
2025-08-13 18:17:44,416 INFO  [io.api.tes.ser.api.KafkaSerdesTester] (Thread-642) Sending message {"keyB": "value-0"} to topic topic-afc3a617_2034_45a1_a7e5_19d6a6e510dd
2025-08-13 18:17:44,423 INFO  [org.apa.kaf.cli.Metadata] (kafka-producer-network-thread | Producer-topic-afc3a617_2034_45a1_a7e5_19d6a6e510dd) [Producer clientId=Producer-topic-afc3a617_2034_45a1_a7e5_19d6a6e510dd] Cluster ID: 4IlD_Sy2TMOqYF-Nc3vIHA
2025-08-13 18:17:44,423 INFO  [org.apa.kaf.cli.pro.int.TransactionManager] (kafka-producer-network-thread | Producer-topic-afc3a617_2034_45a1_a7e5_19d6a6e510dd) [Producer clientId=Producer-topic-afc3a617_2034_45a1_a7e5_19d6a6e510dd] ProducerId set to 8 with epoch 0
2025-08-13 18:17:44,453 INFO  [org.apa.kaf.cli.pro.KafkaProducer] (Thread-642) [Producer clientId=Producer-topic-afc3a617_2034_45a1_a7e5_19d6a6e510dd] Closing the Kafka producer with timeoutMillis = 9223372036854775807 ms.
2025-08-13 18:17:44,455 INFO  [org.apa.kaf.com.met.Metrics] (Thread-642) Metrics scheduler closed
2025-08-13 18:17:44,455 INFO  [org.apa.kaf.com.met.Metrics] (Thread-642) Closing reporter org.apache.kafka.common.metrics.JmxReporter
2025-08-13 18:17:44,455 INFO  [org.apa.kaf.com.met.Metrics] (Thread-642) Closing reporter org.apache.kafka.common.telemetry.internals.ClientTelemetryReporter
2025-08-13 18:17:44,455 INFO  [org.apa.kaf.com.met.Metrics] (Thread-642) Metrics reporters closed
2025-08-13 18:17:44,455 INFO  [org.apa.kaf.com.uti.AppInfoParser] (Thread-642) App info kafka.producer for Producer-topic-afc3a617_2034_45a1_a7e5_19d6a6e510dd unregistered
2025-08-13 18:17:44,456 INFO  [io.api.tes.uti.TestSeparator] (main) io.apicurio.tests.serdes.apicurio.AvroSerdeIT.testAvroSerDesFailDifferentSchemaByRecordName-FINISHED
2025-08-13 18:17:44,456 INFO  [io.api.tes.uti.TestSeparator] (main) ############################################################################
Test passed: testAvroSerDesFailDifferentSchemaByRecordName
]]></system-out>
    <system-err><![CDATA[io.apicurio.registry.rest.client.models.ProblemDetails
	at io.apicurio.registry.rest.client.models.ProblemDetails.createFromDiscriminatorValue(ProblemDetails.java:58)
	at io.kiota.serialization.json.JsonParseNode.getObjectValue(JsonParseNode.java:247)
	at io.kiota.http.vertx.VertXRequestAdapter.lambda$throwIfFailedResponse$0(VertXRequestAdapter.java:400)
	at com.microsoft.kiota.ApiExceptionBuilder.<init>(ApiExceptionBuilder.java:26)
	at io.kiota.http.vertx.VertXRequestAdapter.throwIfFailedResponse(VertXRequestAdapter.java:399)
	at io.kiota.http.vertx.VertXRequestAdapter.send(VertXRequestAdapter.java:170)
	at io.apicurio.registry.rest.client.groups.item.artifacts.item.versions.item.WithVersionExpressionItemRequestBuilder.get(WithVersionExpressionItemRequestBuilder.java:128)
	at io.apicurio.registry.rest.client.groups.item.artifacts.item.versions.item.WithVersionExpressionItemRequestBuilder.get(WithVersionExpressionItemRequestBuilder.java:111)
	at io.apicurio.registry.resolver.client.RegistryClientFacadeImpl.getVersionCoordinatesByGAV(RegistryClientFacadeImpl.java:159)
	at io.apicurio.registry.resolver.DefaultSchemaResolver.resolveByCoordinates(DefaultSchemaResolver.java:352)
	at io.apicurio.registry.resolver.DefaultSchemaResolver.lambda$resolveSchemaByArtifactReferenceCached$6(DefaultSchemaResolver.java:340)
	at io.apicurio.registry.resolver.cache.ERCache.lambda$getValue$0(ERCache.java:174)
	at io.apicurio.registry.resolver.cache.ERCache.retry(ERCache.java:227)
	at io.apicurio.registry.resolver.cache.ERCache.getValue(ERCache.java:173)
	at io.apicurio.registry.resolver.cache.ERCache.getByArtifactCoordinates(ERCache.java:158)
	at io.apicurio.registry.resolver.DefaultSchemaResolver.resolveSchemaByArtifactReferenceCached(DefaultSchemaResolver.java:338)
	at io.apicurio.registry.resolver.DefaultSchemaResolver.resolveSchemaByCoordinates(DefaultSchemaResolver.java:193)
	at io.apicurio.registry.resolver.DefaultSchemaResolver.getSchemaFromRegistry(DefaultSchemaResolver.java:130)
	at io.apicurio.registry.resolver.DefaultSchemaResolver.lambda$resolveSchema$0(DefaultSchemaResolver.java:84)
	at java.base/java.util.Optional.orElseGet(Optional.java:364)
	at io.apicurio.registry.resolver.DefaultSchemaResolver.resolveSchema(DefaultSchemaResolver.java:84)
	at io.apicurio.registry.serde.AbstractSerializer.serializeData(AbstractSerializer.java:62)
	at io.apicurio.registry.serde.KafkaSerializer.serialize(KafkaSerializer.java:77)
	at org.apache.kafka.clients.producer.KafkaProducer.doSend(KafkaProducer.java:1046)
	at org.apache.kafka.clients.producer.KafkaProducer.send(KafkaProducer.java:993)
	at org.apache.kafka.clients.producer.KafkaProducer.send(KafkaProducer.java:875)
	at io.apicurio.tests.serdes.apicurio.KafkaSerdesTester.lambda$produceMessages$3(KafkaSerdesTester.java:138)
	at java.base/java.util.concurrent.CompletableFuture$AsyncSupply.run(CompletableFuture.java:1768)
	at java.base/java.lang.Thread.run(Thread.java:840)
]]></system-err>
  </testcase>
  <testcase name="testTopicIdStrategyFindLatest" classname="io.apicurio.tests.serdes.apicurio.AvroSerdeIT" time="4.786">
    <system-out><![CDATA[2025-08-13 18:17:44,458 INFO  [io.api.tes.uti.TestSeparator] (main) ############################################################################
2025-08-13 18:17:44,458 INFO  [io.api.tes.uti.TestSeparator] (main) io.apicurio.tests.serdes.apicurio.AvroSerdeIT.testTopicIdStrategyFindLatest-STARTED
2025-08-13 18:17:44,459 INFO  [io.api.tes.ser.api.AvroSerdeIT] (main) Registering Avro Schema: {"type":"record","name":"myrecordapicurio1","fields":[{"name":"key11755109064458","type":"string"}]}
**** Registry Base URL: http://registry-app-inmemory.apps.ci419.apicurio-testing.org:80
2025-08-13 18:17:45,504 INFO  [org.apa.kaf.cli.pro.ProducerConfig] (main) ProducerConfig values: 
	acks = -1
	auto.include.jmx.reporter = true
	batch.size = 16384
	bootstrap.servers = [PLAINTEXT://localhost:32769]
	buffer.memory = 33554432
	client.dns.lookup = use_all_dns_ips
	client.id = Producer-topic-384d5e00_d66a_4792_8a68_d2d4c7221479
	compression.gzip.level = -1
	compression.lz4.level = 9
	compression.type = none
	compression.zstd.level = 3
	connections.max.idle.ms = 10000
	delivery.timeout.ms = 120000
	enable.idempotence = true
	enable.metrics.push = true
	interceptor.classes = []
	key.serializer = class org.apache.kafka.common.serialization.StringSerializer
	linger.ms = 0
	max.block.ms = 60000
	max.in.flight.requests.per.connection = 5
	max.request.size = 1048576
	metadata.max.age.ms = 300000
	metadata.max.idle.ms = 300000
	metadata.recovery.strategy = none
	metric.reporters = []
	metrics.num.samples = 2
	metrics.recording.level = INFO
	metrics.sample.window.ms = 30000
	partitioner.adaptive.partitioning.enable = true
	partitioner.availability.timeout.ms = 0
	partitioner.class = null
	partitioner.ignore.keys = false
	receive.buffer.bytes = 32768
	reconnect.backoff.max.ms = 1000
	reconnect.backoff.ms = 50
	request.timeout.ms = 5000
	retries = 2147483647
	retry.backoff.max.ms = 1000
	retry.backoff.ms = 100
	sasl.client.callback.handler.class = null
	sasl.jaas.config = null
	sasl.kerberos.kinit.cmd = /usr/bin/kinit
	sasl.kerberos.min.time.before.relogin = 60000
	sasl.kerberos.service.name = null
	sasl.kerberos.ticket.renew.jitter = 0.05
	sasl.kerberos.ticket.renew.window.factor = 0.8
	sasl.login.callback.handler.class = null
	sasl.login.class = null
	sasl.login.connect.timeout.ms = null
	sasl.login.read.timeout.ms = null
	sasl.login.refresh.buffer.seconds = 300
	sasl.login.refresh.min.period.seconds = 60
	sasl.login.refresh.window.factor = 0.8
	sasl.login.refresh.window.jitter = 0.05
	sasl.login.retry.backoff.max.ms = 10000
	sasl.login.retry.backoff.ms = 100
	sasl.mechanism = GSSAPI
	sasl.oauthbearer.clock.skew.seconds = 30
	sasl.oauthbearer.expected.audience = null
	sasl.oauthbearer.expected.issuer = null
	sasl.oauthbearer.header.urlencode = false
	sasl.oauthbearer.jwks.endpoint.refresh.ms = 3600000
	sasl.oauthbearer.jwks.endpoint.retry.backoff.max.ms = 10000
	sasl.oauthbearer.jwks.endpoint.retry.backoff.ms = 100
	sasl.oauthbearer.jwks.endpoint.url = null
	sasl.oauthbearer.scope.claim.name = scope
	sasl.oauthbearer.sub.claim.name = sub
	sasl.oauthbearer.token.endpoint.url = null
	security.protocol = PLAINTEXT
	security.providers = null
	send.buffer.bytes = 131072
	socket.connection.setup.timeout.max.ms = 30000
	socket.connection.setup.timeout.ms = 10000
	ssl.cipher.suites = null
	ssl.enabled.protocols = [TLSv1.2, TLSv1.3]
	ssl.endpoint.identification.algorithm = https
	ssl.engine.factory.class = null
	ssl.key.password = null
	ssl.keymanager.algorithm = SunX509
	ssl.keystore.certificate.chain = null
	ssl.keystore.key = null
	ssl.keystore.location = null
	ssl.keystore.password = null
	ssl.keystore.type = JKS
	ssl.protocol = TLSv1.3
	ssl.provider = null
	ssl.secure.random.implementation = null
	ssl.trustmanager.algorithm = PKIX
	ssl.truststore.certificates = null
	ssl.truststore.location = null
	ssl.truststore.password = null
	ssl.truststore.type = JKS
	transaction.timeout.ms = 60000
	transactional.id = null
	value.serializer = class io.apicurio.registry.serde.avro.AvroKafkaSerializer

2025-08-13 18:17:45,504 INFO  [org.apa.kaf.com.tel.int.KafkaMetricsCollector] (main) initializing Kafka metrics collector
2025-08-13 18:17:45,508 INFO  [org.apa.kaf.cli.pro.KafkaProducer] (main) [Producer clientId=Producer-topic-384d5e00_d66a_4792_8a68_d2d4c7221479] Instantiated an idempotent producer.
2025-08-13 18:17:45,512 INFO  [org.apa.kaf.cli.pro.ProducerConfig] (main) These configurations '[apicurio.registry.find-latest, apicurio.registry.url, apicurio.registry.artifact-resolver-strategy]' were supplied but are not used yet.
2025-08-13 18:17:45,512 INFO  [org.apa.kaf.com.uti.AppInfoParser] (main) Kafka version: 3.9.1
2025-08-13 18:17:45,512 INFO  [org.apa.kaf.com.uti.AppInfoParser] (main) Kafka commitId: f745dfdcee2b9851
2025-08-13 18:17:45,512 INFO  [org.apa.kaf.com.uti.AppInfoParser] (main) Kafka startTimeMs: 1755109065512
2025-08-13 18:17:45,512 INFO  [io.api.tes.ser.api.SimpleSerdesTesterBuilder$SimpleSerdesTester] (main) Using producer configuration: {apicurio.registry.find-latest=true, apicurio.registry.url=http://registry-app-inmemory.apps.ci419.apicurio-testing.org:80/apis/registry/v3, apicurio.registry.artifact-resolver-strategy=io.apicurio.registry.serde.strategy.TopicIdStrategy, value.serializer=io.apicurio.registry.serde.avro.AvroKafkaSerializer, request.timeout.ms=5000, acks=all, bootstrap.servers=PLAINTEXT://localhost:32769, connections.max.idle.ms=10000, key.serializer=org.apache.kafka.common.serialization.StringSerializer, client.id=Producer-topic-384d5e00_d66a_4792_8a68_d2d4c7221479}
2025-08-13 18:17:45,512 INFO  [io.api.tes.ser.api.SimpleSerdesTesterBuilder$SimpleSerdesTester] (main) Using consumer configuration: {}
2025-08-13 18:17:45,515 INFO  [io.api.tes.ser.api.KafkaSerdesTester] (Thread-645) Sending message {"key11755109064458": "value-0"} to topic topic-384d5e00_d66a_4792_8a68_d2d4c7221479
2025-08-13 18:17:45,519 INFO  [org.apa.kaf.cli.Metadata] (kafka-producer-network-thread | Producer-topic-384d5e00_d66a_4792_8a68_d2d4c7221479) [Producer clientId=Producer-topic-384d5e00_d66a_4792_8a68_d2d4c7221479] Cluster ID: 4IlD_Sy2TMOqYF-Nc3vIHA
2025-08-13 18:17:45,519 INFO  [org.apa.kaf.cli.pro.int.TransactionManager] (kafka-producer-network-thread | Producer-topic-384d5e00_d66a_4792_8a68_d2d4c7221479) [Producer clientId=Producer-topic-384d5e00_d66a_4792_8a68_d2d4c7221479] ProducerId set to 9 with epoch 0
2025-08-13 18:17:45,582 INFO  [io.api.tes.ser.api.KafkaSerdesTester] (Thread-645) Sending message {"key11755109064458": "value-1"} to topic topic-384d5e00_d66a_4792_8a68_d2d4c7221479
2025-08-13 18:17:45,586 INFO  [io.api.tes.ser.api.KafkaSerdesTester] (Thread-645) Sending message {"key11755109064458": "value-2"} to topic topic-384d5e00_d66a_4792_8a68_d2d4c7221479
2025-08-13 18:17:45,593 INFO  [io.api.tes.ser.api.KafkaSerdesTester] (Thread-645) Sending message {"key11755109064458": "value-3"} to topic topic-384d5e00_d66a_4792_8a68_d2d4c7221479
2025-08-13 18:17:45,597 INFO  [io.api.tes.ser.api.KafkaSerdesTester] (Thread-645) Sending message {"key11755109064458": "value-4"} to topic topic-384d5e00_d66a_4792_8a68_d2d4c7221479
2025-08-13 18:17:45,600 INFO  [io.api.tes.ser.api.KafkaSerdesTester] (Thread-645) Sending message {"key11755109064458": "value-5"} to topic topic-384d5e00_d66a_4792_8a68_d2d4c7221479
2025-08-13 18:17:45,602 INFO  [io.api.tes.ser.api.KafkaSerdesTester] (Thread-645) Sending message {"key11755109064458": "value-6"} to topic topic-384d5e00_d66a_4792_8a68_d2d4c7221479
2025-08-13 18:17:45,605 INFO  [io.api.tes.ser.api.KafkaSerdesTester] (Thread-645) Sending message {"key11755109064458": "value-7"} to topic topic-384d5e00_d66a_4792_8a68_d2d4c7221479
2025-08-13 18:17:45,612 INFO  [io.api.tes.ser.api.KafkaSerdesTester] (Thread-645) Sending message {"key11755109064458": "value-8"} to topic topic-384d5e00_d66a_4792_8a68_d2d4c7221479
2025-08-13 18:17:45,616 INFO  [io.api.tes.ser.api.KafkaSerdesTester] (Thread-645) Sending message {"key11755109064458": "value-9"} to topic topic-384d5e00_d66a_4792_8a68_d2d4c7221479
2025-08-13 18:17:45,620 INFO  [io.api.tes.ser.api.KafkaSerdesTester] (Thread-645) Produced 10 messages
2025-08-13 18:17:45,620 INFO  [org.apa.kaf.cli.pro.KafkaProducer] (Thread-645) [Producer clientId=Producer-topic-384d5e00_d66a_4792_8a68_d2d4c7221479] Closing the Kafka producer with timeoutMillis = 9223372036854775807 ms.
2025-08-13 18:17:45,628 INFO  [org.apa.kaf.com.met.Metrics] (Thread-645) Metrics scheduler closed
2025-08-13 18:17:45,628 INFO  [org.apa.kaf.com.met.Metrics] (Thread-645) Closing reporter org.apache.kafka.common.metrics.JmxReporter
2025-08-13 18:17:45,628 INFO  [org.apa.kaf.com.met.Metrics] (Thread-645) Closing reporter org.apache.kafka.common.telemetry.internals.ClientTelemetryReporter
2025-08-13 18:17:45,628 INFO  [org.apa.kaf.com.met.Metrics] (Thread-645) Metrics reporters closed
2025-08-13 18:17:45,629 INFO  [org.apa.kaf.com.uti.AppInfoParser] (Thread-645) App info kafka.producer for Producer-topic-384d5e00_d66a_4792_8a68_d2d4c7221479 unregistered
**** Registry Base URL: http://registry-app-inmemory.apps.ci419.apicurio-testing.org:80
2025-08-13 18:17:45,630 INFO  [org.apa.kaf.cli.con.ConsumerConfig] (main) ConsumerConfig values: 
	allow.auto.create.topics = true
	auto.commit.interval.ms = 500
	auto.include.jmx.reporter = true
	auto.offset.reset = earliest
	bootstrap.servers = [PLAINTEXT://localhost:32769]
	check.crcs = true
	client.dns.lookup = use_all_dns_ips
	client.id = consumer-Consumer-topic-384d5e00_d66a_4792_8a68_d2d4c7221479-7
	client.rack = 
	connections.max.idle.ms = 10000
	default.api.timeout.ms = 60000
	enable.auto.commit = true
	enable.metrics.push = true
	exclude.internal.topics = true
	fetch.max.bytes = 52428800
	fetch.max.wait.ms = 500
	fetch.min.bytes = 1
	group.id = Consumer-topic-384d5e00_d66a_4792_8a68_d2d4c7221479
	group.instance.id = null
	group.protocol = classic
	group.remote.assignor = null
	heartbeat.interval.ms = 3000
	interceptor.classes = []
	internal.leave.group.on.close = true
	internal.throw.on.fetch.stable.offset.unsupported = false
	isolation.level = read_uncommitted
	key.deserializer = class org.apache.kafka.common.serialization.StringDeserializer
	max.partition.fetch.bytes = 1048576
	max.poll.interval.ms = 300000
	max.poll.records = 500
	metadata.max.age.ms = 300000
	metadata.recovery.strategy = none
	metric.reporters = []
	metrics.num.samples = 2
	metrics.recording.level = INFO
	metrics.sample.window.ms = 30000
	partition.assignment.strategy = [class org.apache.kafka.clients.consumer.RangeAssignor, class org.apache.kafka.clients.consumer.CooperativeStickyAssignor]
	receive.buffer.bytes = 65536
	reconnect.backoff.max.ms = 1000
	reconnect.backoff.ms = 50
	request.timeout.ms = 5000
	retry.backoff.max.ms = 1000
	retry.backoff.ms = 100
	sasl.client.callback.handler.class = null
	sasl.jaas.config = null
	sasl.kerberos.kinit.cmd = /usr/bin/kinit
	sasl.kerberos.min.time.before.relogin = 60000
	sasl.kerberos.service.name = null
	sasl.kerberos.ticket.renew.jitter = 0.05
	sasl.kerberos.ticket.renew.window.factor = 0.8
	sasl.login.callback.handler.class = null
	sasl.login.class = null
	sasl.login.connect.timeout.ms = null
	sasl.login.read.timeout.ms = null
	sasl.login.refresh.buffer.seconds = 300
	sasl.login.refresh.min.period.seconds = 60
	sasl.login.refresh.window.factor = 0.8
	sasl.login.refresh.window.jitter = 0.05
	sasl.login.retry.backoff.max.ms = 10000
	sasl.login.retry.backoff.ms = 100
	sasl.mechanism = GSSAPI
	sasl.oauthbearer.clock.skew.seconds = 30
	sasl.oauthbearer.expected.audience = null
	sasl.oauthbearer.expected.issuer = null
	sasl.oauthbearer.header.urlencode = false
	sasl.oauthbearer.jwks.endpoint.refresh.ms = 3600000
	sasl.oauthbearer.jwks.endpoint.retry.backoff.max.ms = 10000
	sasl.oauthbearer.jwks.endpoint.retry.backoff.ms = 100
	sasl.oauthbearer.jwks.endpoint.url = null
	sasl.oauthbearer.scope.claim.name = scope
	sasl.oauthbearer.sub.claim.name = sub
	sasl.oauthbearer.token.endpoint.url = null
	security.protocol = PLAINTEXT
	security.providers = null
	send.buffer.bytes = 131072
	session.timeout.ms = 45000
	socket.connection.setup.timeout.max.ms = 30000
	socket.connection.setup.timeout.ms = 10000
	ssl.cipher.suites = null
	ssl.enabled.protocols = [TLSv1.2, TLSv1.3]
	ssl.endpoint.identification.algorithm = https
	ssl.engine.factory.class = null
	ssl.key.password = null
	ssl.keymanager.algorithm = SunX509
	ssl.keystore.certificate.chain = null
	ssl.keystore.key = null
	ssl.keystore.location = null
	ssl.keystore.password = null
	ssl.keystore.type = JKS
	ssl.protocol = TLSv1.3
	ssl.provider = null
	ssl.secure.random.implementation = null
	ssl.trustmanager.algorithm = PKIX
	ssl.truststore.certificates = null
	ssl.truststore.location = null
	ssl.truststore.password = null
	ssl.truststore.type = JKS
	value.deserializer = class io.apicurio.registry.serde.avro.AvroKafkaDeserializer

2025-08-13 18:17:45,630 INFO  [org.apa.kaf.com.tel.int.KafkaMetricsCollector] (main) initializing Kafka metrics collector
2025-08-13 18:17:45,671 INFO  [org.apa.kaf.cli.con.ConsumerConfig] (main) These configurations '[apicurio.registry.url]' were supplied but are not used yet.
2025-08-13 18:17:45,671 INFO  [org.apa.kaf.com.uti.AppInfoParser] (main) Kafka version: 3.9.1
2025-08-13 18:17:45,671 INFO  [org.apa.kaf.com.uti.AppInfoParser] (main) Kafka commitId: f745dfdcee2b9851
2025-08-13 18:17:45,671 INFO  [org.apa.kaf.com.uti.AppInfoParser] (main) Kafka startTimeMs: 1755109065671
2025-08-13 18:17:45,671 INFO  [org.apa.kaf.cli.con.int.ClassicKafkaConsumer] (Thread-648) [Consumer clientId=consumer-Consumer-topic-384d5e00_d66a_4792_8a68_d2d4c7221479-7, groupId=Consumer-topic-384d5e00_d66a_4792_8a68_d2d4c7221479] Subscribed to topic(s): topic-384d5e00_d66a_4792_8a68_d2d4c7221479
2025-08-13 18:17:45,676 INFO  [org.apa.kaf.cli.Metadata] (Thread-648) [Consumer clientId=consumer-Consumer-topic-384d5e00_d66a_4792_8a68_d2d4c7221479-7, groupId=Consumer-topic-384d5e00_d66a_4792_8a68_d2d4c7221479] Cluster ID: 4IlD_Sy2TMOqYF-Nc3vIHA
2025-08-13 18:17:45,678 INFO  [org.apa.kaf.cli.con.int.ConsumerCoordinator] (Thread-648) [Consumer clientId=consumer-Consumer-topic-384d5e00_d66a_4792_8a68_d2d4c7221479-7, groupId=Consumer-topic-384d5e00_d66a_4792_8a68_d2d4c7221479] Discovered group coordinator localhost:32769 (id: 2147483647 rack: null)
2025-08-13 18:17:45,680 INFO  [org.apa.kaf.cli.con.int.ConsumerCoordinator] (Thread-648) [Consumer clientId=consumer-Consumer-topic-384d5e00_d66a_4792_8a68_d2d4c7221479-7, groupId=Consumer-topic-384d5e00_d66a_4792_8a68_d2d4c7221479] (Re-)joining group
2025-08-13 18:17:45,682 INFO  [org.apa.kaf.cli.con.int.ConsumerCoordinator] (Thread-648) [Consumer clientId=consumer-Consumer-topic-384d5e00_d66a_4792_8a68_d2d4c7221479-7, groupId=Consumer-topic-384d5e00_d66a_4792_8a68_d2d4c7221479] Request joining group due to: need to re-join with the given member-id: consumer-Consumer-topic-384d5e00_d66a_4792_8a68_d2d4c7221479-7-6a07ff16-ee94-4837-9d67-788d4ef8ec62
2025-08-13 18:17:45,683 INFO  [org.apa.kaf.cli.con.int.ConsumerCoordinator] (Thread-648) [Consumer clientId=consumer-Consumer-topic-384d5e00_d66a_4792_8a68_d2d4c7221479-7, groupId=Consumer-topic-384d5e00_d66a_4792_8a68_d2d4c7221479] (Re-)joining group
2025-08-13 18:17:46,672 INFO  [io.api.tes.ser.api.KafkaSerdesTester] (Thread-648) None found
2025-08-13 18:17:47,672 INFO  [io.api.tes.ser.api.KafkaSerdesTester] (Thread-648) None found
2025-08-13 18:17:48,672 INFO  [io.api.tes.ser.api.KafkaSerdesTester] (Thread-648) None found
2025-08-13 18:17:48,685 INFO  [org.apa.kaf.cli.con.int.ConsumerCoordinator] (Thread-648) [Consumer clientId=consumer-Consumer-topic-384d5e00_d66a_4792_8a68_d2d4c7221479-7, groupId=Consumer-topic-384d5e00_d66a_4792_8a68_d2d4c7221479] Successfully joined group with generation Generation{generationId=1, memberId='consumer-Consumer-topic-384d5e00_d66a_4792_8a68_d2d4c7221479-7-6a07ff16-ee94-4837-9d67-788d4ef8ec62', protocol='range'}
2025-08-13 18:17:48,686 INFO  [org.apa.kaf.cli.con.int.ConsumerCoordinator] (Thread-648) [Consumer clientId=consumer-Consumer-topic-384d5e00_d66a_4792_8a68_d2d4c7221479-7, groupId=Consumer-topic-384d5e00_d66a_4792_8a68_d2d4c7221479] Finished assignment for group at generation 1: {consumer-Consumer-topic-384d5e00_d66a_4792_8a68_d2d4c7221479-7-6a07ff16-ee94-4837-9d67-788d4ef8ec62=Assignment(partitions=[topic-384d5e00_d66a_4792_8a68_d2d4c7221479-0])}
2025-08-13 18:17:48,693 INFO  [org.apa.kaf.cli.con.int.ConsumerCoordinator] (Thread-648) [Consumer clientId=consumer-Consumer-topic-384d5e00_d66a_4792_8a68_d2d4c7221479-7, groupId=Consumer-topic-384d5e00_d66a_4792_8a68_d2d4c7221479] Successfully synced group in generation Generation{generationId=1, memberId='consumer-Consumer-topic-384d5e00_d66a_4792_8a68_d2d4c7221479-7-6a07ff16-ee94-4837-9d67-788d4ef8ec62', protocol='range'}
2025-08-13 18:17:48,693 INFO  [org.apa.kaf.cli.con.int.ConsumerCoordinator] (Thread-648) [Consumer clientId=consumer-Consumer-topic-384d5e00_d66a_4792_8a68_d2d4c7221479-7, groupId=Consumer-topic-384d5e00_d66a_4792_8a68_d2d4c7221479] Notifying assignor about the new Assignment(partitions=[topic-384d5e00_d66a_4792_8a68_d2d4c7221479-0])
2025-08-13 18:17:48,693 INFO  [org.apa.kaf.cli.con.int.ConsumerRebalanceListenerInvoker] (Thread-648) [Consumer clientId=consumer-Consumer-topic-384d5e00_d66a_4792_8a68_d2d4c7221479-7, groupId=Consumer-topic-384d5e00_d66a_4792_8a68_d2d4c7221479] Adding newly assigned partitions: topic-384d5e00_d66a_4792_8a68_d2d4c7221479-0
2025-08-13 18:17:48,694 INFO  [org.apa.kaf.cli.con.int.ConsumerCoordinator] (Thread-648) [Consumer clientId=consumer-Consumer-topic-384d5e00_d66a_4792_8a68_d2d4c7221479-7, groupId=Consumer-topic-384d5e00_d66a_4792_8a68_d2d4c7221479] Found no committed offset for partition topic-384d5e00_d66a_4792_8a68_d2d4c7221479-0
2025-08-13 18:17:48,699 INFO  [org.apa.kaf.cli.con.int.SubscriptionState] (Thread-648) [Consumer clientId=consumer-Consumer-topic-384d5e00_d66a_4792_8a68_d2d4c7221479-7, groupId=Consumer-topic-384d5e00_d66a_4792_8a68_d2d4c7221479] Resetting offset for partition topic-384d5e00_d66a_4792_8a68_d2d4c7221479-0 to position FetchPosition{offset=0, offsetEpoch=Optional.empty, currentLeader=LeaderAndEpoch{leader=Optional[localhost:32769 (id: 0 rack: null)], epoch=0}}.
2025-08-13 18:17:48,735 INFO  [io.api.tes.ser.api.KafkaSerdesTester] (Thread-648) topic-384d5e00_d66a_4792_8a68_d2d4c7221479 0 0 {"key11755109064458": "value-0"}
2025-08-13 18:17:48,736 INFO  [io.api.tes.ser.api.KafkaSerdesTester] (Thread-648) topic-384d5e00_d66a_4792_8a68_d2d4c7221479 0 1 {"key11755109064458": "value-1"}
2025-08-13 18:17:48,736 INFO  [io.api.tes.ser.api.KafkaSerdesTester] (Thread-648) topic-384d5e00_d66a_4792_8a68_d2d4c7221479 0 2 {"key11755109064458": "value-2"}
2025-08-13 18:17:48,736 INFO  [io.api.tes.ser.api.KafkaSerdesTester] (Thread-648) topic-384d5e00_d66a_4792_8a68_d2d4c7221479 0 3 {"key11755109064458": "value-3"}
2025-08-13 18:17:48,736 INFO  [io.api.tes.ser.api.KafkaSerdesTester] (Thread-648) topic-384d5e00_d66a_4792_8a68_d2d4c7221479 0 4 {"key11755109064458": "value-4"}
2025-08-13 18:17:48,736 INFO  [io.api.tes.ser.api.KafkaSerdesTester] (Thread-648) topic-384d5e00_d66a_4792_8a68_d2d4c7221479 0 5 {"key11755109064458": "value-5"}
2025-08-13 18:17:48,736 INFO  [io.api.tes.ser.api.KafkaSerdesTester] (Thread-648) topic-384d5e00_d66a_4792_8a68_d2d4c7221479 0 6 {"key11755109064458": "value-6"}
2025-08-13 18:17:48,736 INFO  [io.api.tes.ser.api.KafkaSerdesTester] (Thread-648) topic-384d5e00_d66a_4792_8a68_d2d4c7221479 0 7 {"key11755109064458": "value-7"}
2025-08-13 18:17:48,736 INFO  [io.api.tes.ser.api.KafkaSerdesTester] (Thread-648) topic-384d5e00_d66a_4792_8a68_d2d4c7221479 0 8 {"key11755109064458": "value-8"}
2025-08-13 18:17:48,736 INFO  [io.api.tes.ser.api.KafkaSerdesTester] (Thread-648) topic-384d5e00_d66a_4792_8a68_d2d4c7221479 0 9 {"key11755109064458": "value-9"}
2025-08-13 18:17:48,736 INFO  [io.api.tes.ser.api.KafkaSerdesTester] (Thread-648) Consumed 10 messages
2025-08-13 18:17:48,744 INFO  [org.apa.kaf.cli.con.int.ConsumerRebalanceListenerInvoker] (Thread-648) [Consumer clientId=consumer-Consumer-topic-384d5e00_d66a_4792_8a68_d2d4c7221479-7, groupId=Consumer-topic-384d5e00_d66a_4792_8a68_d2d4c7221479] Revoke previously assigned partitions topic-384d5e00_d66a_4792_8a68_d2d4c7221479-0
2025-08-13 18:17:48,744 INFO  [org.apa.kaf.cli.con.int.ConsumerCoordinator] (Thread-648) [Consumer clientId=consumer-Consumer-topic-384d5e00_d66a_4792_8a68_d2d4c7221479-7, groupId=Consumer-topic-384d5e00_d66a_4792_8a68_d2d4c7221479] Member consumer-Consumer-topic-384d5e00_d66a_4792_8a68_d2d4c7221479-7-6a07ff16-ee94-4837-9d67-788d4ef8ec62 sending LeaveGroup request to coordinator localhost:32769 (id: 2147483647 rack: null) due to the consumer is being closed
2025-08-13 18:17:48,744 INFO  [org.apa.kaf.cli.con.int.ConsumerCoordinator] (Thread-648) [Consumer clientId=consumer-Consumer-topic-384d5e00_d66a_4792_8a68_d2d4c7221479-7, groupId=Consumer-topic-384d5e00_d66a_4792_8a68_d2d4c7221479] Resetting generation and member id due to: consumer pro-actively leaving the group
2025-08-13 18:17:48,744 INFO  [org.apa.kaf.cli.con.int.ConsumerCoordinator] (Thread-648) [Consumer clientId=consumer-Consumer-topic-384d5e00_d66a_4792_8a68_d2d4c7221479-7, groupId=Consumer-topic-384d5e00_d66a_4792_8a68_d2d4c7221479] Request joining group due to: consumer pro-actively leaving the group
2025-08-13 18:17:49,237 INFO  [org.apa.kaf.com.met.Metrics] (Thread-648) Metrics scheduler closed
2025-08-13 18:17:49,238 INFO  [org.apa.kaf.com.met.Metrics] (Thread-648) Closing reporter org.apache.kafka.common.metrics.JmxReporter
2025-08-13 18:17:49,238 INFO  [org.apa.kaf.com.met.Metrics] (Thread-648) Closing reporter org.apache.kafka.common.telemetry.internals.ClientTelemetryReporter
2025-08-13 18:17:49,238 INFO  [org.apa.kaf.com.met.Metrics] (Thread-648) Metrics reporters closed
2025-08-13 18:17:49,242 INFO  [org.apa.kaf.com.uti.AppInfoParser] (Thread-648) App info kafka.consumer for consumer-Consumer-topic-384d5e00_d66a_4792_8a68_d2d4c7221479-7 unregistered
2025-08-13 18:17:49,243 INFO  [io.api.tes.uti.TestSeparator] (main) io.apicurio.tests.serdes.apicurio.AvroSerdeIT.testTopicIdStrategyFindLatest-FINISHED
2025-08-13 18:17:49,243 INFO  [io.api.tes.uti.TestSeparator] (main) ############################################################################
Test passed: testTopicIdStrategyFindLatest
]]></system-out>
  </testcase>
  <testcase name="testAvroUnionWithSpecificReader" classname="io.apicurio.tests.serdes.apicurio.AvroSerdeIT" time="3.975">
    <system-out><![CDATA[2025-08-13 18:17:49,244 INFO  [io.api.tes.uti.TestSeparator] (main) ############################################################################
2025-08-13 18:17:49,244 INFO  [io.api.tes.uti.TestSeparator] (main) io.apicurio.tests.serdes.apicurio.AvroSerdeIT.testAvroUnionWithSpecificReader-STARTED
**** Registry Base URL: http://registry-app-inmemory.apps.ci419.apicurio-testing.org:80
2025-08-13 18:17:49,257 INFO  [org.apa.kaf.cli.pro.ProducerConfig] (main) ProducerConfig values: 
	acks = -1
	auto.include.jmx.reporter = true
	batch.size = 16384
	bootstrap.servers = [PLAINTEXT://localhost:32769]
	buffer.memory = 33554432
	client.dns.lookup = use_all_dns_ips
	client.id = Producer-topic-694ae2f9_22b2_45be_a1cd_3cf6c9dafda5
	compression.gzip.level = -1
	compression.lz4.level = 9
	compression.type = none
	compression.zstd.level = 3
	connections.max.idle.ms = 10000
	delivery.timeout.ms = 120000
	enable.idempotence = true
	enable.metrics.push = true
	interceptor.classes = []
	key.serializer = class org.apache.kafka.common.serialization.StringSerializer
	linger.ms = 0
	max.block.ms = 60000
	max.in.flight.requests.per.connection = 5
	max.request.size = 1048576
	metadata.max.age.ms = 300000
	metadata.max.idle.ms = 300000
	metadata.recovery.strategy = none
	metric.reporters = []
	metrics.num.samples = 2
	metrics.recording.level = INFO
	metrics.sample.window.ms = 30000
	partitioner.adaptive.partitioning.enable = true
	partitioner.availability.timeout.ms = 0
	partitioner.class = null
	partitioner.ignore.keys = false
	receive.buffer.bytes = 32768
	reconnect.backoff.max.ms = 1000
	reconnect.backoff.ms = 50
	request.timeout.ms = 5000
	retries = 2147483647
	retry.backoff.max.ms = 1000
	retry.backoff.ms = 100
	sasl.client.callback.handler.class = null
	sasl.jaas.config = null
	sasl.kerberos.kinit.cmd = /usr/bin/kinit
	sasl.kerberos.min.time.before.relogin = 60000
	sasl.kerberos.service.name = null
	sasl.kerberos.ticket.renew.jitter = 0.05
	sasl.kerberos.ticket.renew.window.factor = 0.8
	sasl.login.callback.handler.class = null
	sasl.login.class = null
	sasl.login.connect.timeout.ms = null
	sasl.login.read.timeout.ms = null
	sasl.login.refresh.buffer.seconds = 300
	sasl.login.refresh.min.period.seconds = 60
	sasl.login.refresh.window.factor = 0.8
	sasl.login.refresh.window.jitter = 0.05
	sasl.login.retry.backoff.max.ms = 10000
	sasl.login.retry.backoff.ms = 100
	sasl.mechanism = GSSAPI
	sasl.oauthbearer.clock.skew.seconds = 30
	sasl.oauthbearer.expected.audience = null
	sasl.oauthbearer.expected.issuer = null
	sasl.oauthbearer.header.urlencode = false
	sasl.oauthbearer.jwks.endpoint.refresh.ms = 3600000
	sasl.oauthbearer.jwks.endpoint.retry.backoff.max.ms = 10000
	sasl.oauthbearer.jwks.endpoint.retry.backoff.ms = 100
	sasl.oauthbearer.jwks.endpoint.url = null
	sasl.oauthbearer.scope.claim.name = scope
	sasl.oauthbearer.sub.claim.name = sub
	sasl.oauthbearer.token.endpoint.url = null
	security.protocol = PLAINTEXT
	security.providers = null
	send.buffer.bytes = 131072
	socket.connection.setup.timeout.max.ms = 30000
	socket.connection.setup.timeout.ms = 10000
	ssl.cipher.suites = null
	ssl.enabled.protocols = [TLSv1.2, TLSv1.3]
	ssl.endpoint.identification.algorithm = https
	ssl.engine.factory.class = null
	ssl.key.password = null
	ssl.keymanager.algorithm = SunX509
	ssl.keystore.certificate.chain = null
	ssl.keystore.key = null
	ssl.keystore.location = null
	ssl.keystore.password = null
	ssl.keystore.type = JKS
	ssl.protocol = TLSv1.3
	ssl.provider = null
	ssl.secure.random.implementation = null
	ssl.trustmanager.algorithm = PKIX
	ssl.truststore.certificates = null
	ssl.truststore.location = null
	ssl.truststore.password = null
	ssl.truststore.type = JKS
	transaction.timeout.ms = 60000
	transactional.id = null
	value.serializer = class io.apicurio.registry.serde.avro.AvroKafkaSerializer

2025-08-13 18:17:49,258 INFO  [org.apa.kaf.com.tel.int.KafkaMetricsCollector] (main) initializing Kafka metrics collector
2025-08-13 18:17:49,265 INFO  [org.apa.kaf.cli.pro.KafkaProducer] (main) [Producer clientId=Producer-topic-694ae2f9_22b2_45be_a1cd_3cf6c9dafda5] Instantiated an idempotent producer.
2025-08-13 18:17:49,268 INFO  [org.apa.kaf.cli.pro.ProducerConfig] (main) These configurations '[apicurio.registry.url, apicurio.registry.auto-register, apicurio.registry.artifact-resolver-strategy]' were supplied but are not used yet.
2025-08-13 18:17:49,271 INFO  [org.apa.kaf.com.uti.AppInfoParser] (main) Kafka version: 3.9.1
2025-08-13 18:17:49,271 INFO  [org.apa.kaf.com.uti.AppInfoParser] (main) Kafka commitId: f745dfdcee2b9851
2025-08-13 18:17:49,271 INFO  [org.apa.kaf.com.uti.AppInfoParser] (main) Kafka startTimeMs: 1755109069268
2025-08-13 18:17:49,273 INFO  [io.api.tes.ser.api.SimpleSerdesTesterBuilder$SimpleSerdesTester] (main) Using producer configuration: {apicurio.registry.url=http://registry-app-inmemory.apps.ci419.apicurio-testing.org:80/apis/registry/v3, apicurio.registry.auto-register=true, apicurio.registry.artifact-resolver-strategy=io.apicurio.registry.serde.strategy.TopicIdStrategy, value.serializer=io.apicurio.registry.serde.avro.AvroKafkaSerializer, request.timeout.ms=5000, acks=all, bootstrap.servers=PLAINTEXT://localhost:32769, connections.max.idle.ms=10000, key.serializer=org.apache.kafka.common.serialization.StringSerializer, client.id=Producer-topic-694ae2f9_22b2_45be_a1cd_3cf6c9dafda5}
2025-08-13 18:17:49,273 INFO  [io.api.tes.ser.api.SimpleSerdesTesterBuilder$SimpleSerdesTester] (main) Using consumer configuration: {}
2025-08-13 18:17:49,273 INFO  [io.api.tes.ser.api.KafkaSerdesTester] (Thread-651) Sending message {"id": "record-0"} to topic topic-694ae2f9_22b2_45be_a1cd_3cf6c9dafda5
2025-08-13 18:17:49,276 INFO  [org.apa.kaf.cli.Metadata] (kafka-producer-network-thread | Producer-topic-694ae2f9_22b2_45be_a1cd_3cf6c9dafda5) [Producer clientId=Producer-topic-694ae2f9_22b2_45be_a1cd_3cf6c9dafda5] Cluster ID: 4IlD_Sy2TMOqYF-Nc3vIHA
2025-08-13 18:17:49,280 INFO  [org.apa.kaf.cli.pro.int.TransactionManager] (kafka-producer-network-thread | Producer-topic-694ae2f9_22b2_45be_a1cd_3cf6c9dafda5) [Producer clientId=Producer-topic-694ae2f9_22b2_45be_a1cd_3cf6c9dafda5] ProducerId set to 10 with epoch 0
2025-08-13 18:17:49,286 WARN  [org.apa.kaf.cli.NetworkClient] (kafka-producer-network-thread | Producer-topic-694ae2f9_22b2_45be_a1cd_3cf6c9dafda5) [Producer clientId=Producer-topic-694ae2f9_22b2_45be_a1cd_3cf6c9dafda5] The metadata response from the cluster reported a recoverable issue with correlation id 4 : {topic-694ae2f9_22b2_45be_a1cd_3cf6c9dafda5=UNKNOWN_TOPIC_OR_PARTITION}
2025-08-13 18:17:49,444 INFO  [io.api.tes.ser.api.KafkaSerdesTester] (Thread-651) Sending message {"value": 1} to topic topic-694ae2f9_22b2_45be_a1cd_3cf6c9dafda5
2025-08-13 18:17:49,475 INFO  [io.api.tes.ser.api.KafkaSerdesTester] (Thread-651) Sending message {"active": true} to topic topic-694ae2f9_22b2_45be_a1cd_3cf6c9dafda5
2025-08-13 18:17:49,527 INFO  [io.api.tes.ser.api.KafkaSerdesTester] (Thread-651) Sending message {"id": "record-3"} to topic topic-694ae2f9_22b2_45be_a1cd_3cf6c9dafda5
2025-08-13 18:17:49,529 INFO  [io.api.tes.ser.api.KafkaSerdesTester] (Thread-651) Sending message {"value": 4} to topic topic-694ae2f9_22b2_45be_a1cd_3cf6c9dafda5
2025-08-13 18:17:49,531 INFO  [io.api.tes.ser.api.KafkaSerdesTester] (Thread-651) Sending message {"active": false} to topic topic-694ae2f9_22b2_45be_a1cd_3cf6c9dafda5
2025-08-13 18:17:49,534 INFO  [io.api.tes.ser.api.KafkaSerdesTester] (Thread-651) Sending message {"id": "record-6"} to topic topic-694ae2f9_22b2_45be_a1cd_3cf6c9dafda5
2025-08-13 18:17:49,536 INFO  [io.api.tes.ser.api.KafkaSerdesTester] (Thread-651) Sending message {"value": 7} to topic topic-694ae2f9_22b2_45be_a1cd_3cf6c9dafda5
2025-08-13 18:17:49,538 INFO  [io.api.tes.ser.api.KafkaSerdesTester] (Thread-651) Sending message {"active": true} to topic topic-694ae2f9_22b2_45be_a1cd_3cf6c9dafda5
2025-08-13 18:17:49,543 INFO  [io.api.tes.ser.api.KafkaSerdesTester] (Thread-651) Sending message {"id": "record-9"} to topic topic-694ae2f9_22b2_45be_a1cd_3cf6c9dafda5
2025-08-13 18:17:49,547 INFO  [io.api.tes.ser.api.KafkaSerdesTester] (Thread-651) Produced 10 messages
2025-08-13 18:17:49,547 INFO  [org.apa.kaf.cli.pro.KafkaProducer] (Thread-651) [Producer clientId=Producer-topic-694ae2f9_22b2_45be_a1cd_3cf6c9dafda5] Closing the Kafka producer with timeoutMillis = 9223372036854775807 ms.
2025-08-13 18:17:49,550 INFO  [org.apa.kaf.com.met.Metrics] (Thread-651) Metrics scheduler closed
2025-08-13 18:17:49,550 INFO  [org.apa.kaf.com.met.Metrics] (Thread-651) Closing reporter org.apache.kafka.common.metrics.JmxReporter
2025-08-13 18:17:49,550 INFO  [org.apa.kaf.com.met.Metrics] (Thread-651) Closing reporter org.apache.kafka.common.telemetry.internals.ClientTelemetryReporter
2025-08-13 18:17:49,550 INFO  [org.apa.kaf.com.met.Metrics] (Thread-651) Metrics reporters closed
2025-08-13 18:17:49,551 INFO  [org.apa.kaf.com.uti.AppInfoParser] (Thread-651) App info kafka.producer for Producer-topic-694ae2f9_22b2_45be_a1cd_3cf6c9dafda5 unregistered
2025-08-13 18:17:49,575 INFO  [io.api.tes.ser.api.AvroSerdeIT] (main) Artifact topic-694ae2f9_22b2_45be_a1cd_3cf6c9dafda5-value found in registry with globalId 25
**** Registry Base URL: http://registry-app-inmemory.apps.ci419.apicurio-testing.org:80
2025-08-13 18:17:49,576 INFO  [org.apa.kaf.cli.con.ConsumerConfig] (main) ConsumerConfig values: 
	allow.auto.create.topics = true
	auto.commit.interval.ms = 500
	auto.include.jmx.reporter = true
	auto.offset.reset = earliest
	bootstrap.servers = [PLAINTEXT://localhost:32769]
	check.crcs = true
	client.dns.lookup = use_all_dns_ips
	client.id = consumer-Consumer-topic-694ae2f9_22b2_45be_a1cd_3cf6c9dafda5-8
	client.rack = 
	connections.max.idle.ms = 10000
	default.api.timeout.ms = 60000
	enable.auto.commit = true
	enable.metrics.push = true
	exclude.internal.topics = true
	fetch.max.bytes = 52428800
	fetch.max.wait.ms = 500
	fetch.min.bytes = 1
	group.id = Consumer-topic-694ae2f9_22b2_45be_a1cd_3cf6c9dafda5
	group.instance.id = null
	group.protocol = classic
	group.remote.assignor = null
	heartbeat.interval.ms = 3000
	interceptor.classes = []
	internal.leave.group.on.close = true
	internal.throw.on.fetch.stable.offset.unsupported = false
	isolation.level = read_uncommitted
	key.deserializer = class org.apache.kafka.common.serialization.StringDeserializer
	max.partition.fetch.bytes = 1048576
	max.poll.interval.ms = 300000
	max.poll.records = 500
	metadata.max.age.ms = 300000
	metadata.recovery.strategy = none
	metric.reporters = []
	metrics.num.samples = 2
	metrics.recording.level = INFO
	metrics.sample.window.ms = 30000
	partition.assignment.strategy = [class org.apache.kafka.clients.consumer.RangeAssignor, class org.apache.kafka.clients.consumer.CooperativeStickyAssignor]
	receive.buffer.bytes = 65536
	reconnect.backoff.max.ms = 1000
	reconnect.backoff.ms = 50
	request.timeout.ms = 5000
	retry.backoff.max.ms = 1000
	retry.backoff.ms = 100
	sasl.client.callback.handler.class = null
	sasl.jaas.config = null
	sasl.kerberos.kinit.cmd = /usr/bin/kinit
	sasl.kerberos.min.time.before.relogin = 60000
	sasl.kerberos.service.name = null
	sasl.kerberos.ticket.renew.jitter = 0.05
	sasl.kerberos.ticket.renew.window.factor = 0.8
	sasl.login.callback.handler.class = null
	sasl.login.class = null
	sasl.login.connect.timeout.ms = null
	sasl.login.read.timeout.ms = null
	sasl.login.refresh.buffer.seconds = 300
	sasl.login.refresh.min.period.seconds = 60
	sasl.login.refresh.window.factor = 0.8
	sasl.login.refresh.window.jitter = 0.05
	sasl.login.retry.backoff.max.ms = 10000
	sasl.login.retry.backoff.ms = 100
	sasl.mechanism = GSSAPI
	sasl.oauthbearer.clock.skew.seconds = 30
	sasl.oauthbearer.expected.audience = null
	sasl.oauthbearer.expected.issuer = null
	sasl.oauthbearer.header.urlencode = false
	sasl.oauthbearer.jwks.endpoint.refresh.ms = 3600000
	sasl.oauthbearer.jwks.endpoint.retry.backoff.max.ms = 10000
	sasl.oauthbearer.jwks.endpoint.retry.backoff.ms = 100
	sasl.oauthbearer.jwks.endpoint.url = null
	sasl.oauthbearer.scope.claim.name = scope
	sasl.oauthbearer.sub.claim.name = sub
	sasl.oauthbearer.token.endpoint.url = null
	security.protocol = PLAINTEXT
	security.providers = null
	send.buffer.bytes = 131072
	session.timeout.ms = 45000
	socket.connection.setup.timeout.max.ms = 30000
	socket.connection.setup.timeout.ms = 10000
	ssl.cipher.suites = null
	ssl.enabled.protocols = [TLSv1.2, TLSv1.3]
	ssl.endpoint.identification.algorithm = https
	ssl.engine.factory.class = null
	ssl.key.password = null
	ssl.keymanager.algorithm = SunX509
	ssl.keystore.certificate.chain = null
	ssl.keystore.key = null
	ssl.keystore.location = null
	ssl.keystore.password = null
	ssl.keystore.type = JKS
	ssl.protocol = TLSv1.3
	ssl.provider = null
	ssl.secure.random.implementation = null
	ssl.trustmanager.algorithm = PKIX
	ssl.truststore.certificates = null
	ssl.truststore.location = null
	ssl.truststore.password = null
	ssl.truststore.type = JKS
	value.deserializer = class io.apicurio.registry.serde.avro.AvroKafkaDeserializer

2025-08-13 18:17:49,578 INFO  [org.apa.kaf.com.tel.int.KafkaMetricsCollector] (main) initializing Kafka metrics collector
2025-08-13 18:17:49,586 INFO  [org.apa.kaf.cli.con.ConsumerConfig] (main) These configurations '[apicurio.registry.url]' were supplied but are not used yet.
2025-08-13 18:17:49,586 INFO  [org.apa.kaf.com.uti.AppInfoParser] (main) Kafka version: 3.9.1
2025-08-13 18:17:49,586 INFO  [org.apa.kaf.com.uti.AppInfoParser] (main) Kafka commitId: f745dfdcee2b9851
2025-08-13 18:17:49,586 INFO  [org.apa.kaf.com.uti.AppInfoParser] (main) Kafka startTimeMs: 1755109069586
2025-08-13 18:17:49,586 INFO  [org.apa.kaf.cli.con.int.ClassicKafkaConsumer] (Thread-654) [Consumer clientId=consumer-Consumer-topic-694ae2f9_22b2_45be_a1cd_3cf6c9dafda5-8, groupId=Consumer-topic-694ae2f9_22b2_45be_a1cd_3cf6c9dafda5] Subscribed to topic(s): topic-694ae2f9_22b2_45be_a1cd_3cf6c9dafda5
2025-08-13 18:17:49,595 INFO  [org.apa.kaf.cli.Metadata] (Thread-654) [Consumer clientId=consumer-Consumer-topic-694ae2f9_22b2_45be_a1cd_3cf6c9dafda5-8, groupId=Consumer-topic-694ae2f9_22b2_45be_a1cd_3cf6c9dafda5] Cluster ID: 4IlD_Sy2TMOqYF-Nc3vIHA
2025-08-13 18:17:49,597 INFO  [org.apa.kaf.cli.con.int.ConsumerCoordinator] (Thread-654) [Consumer clientId=consumer-Consumer-topic-694ae2f9_22b2_45be_a1cd_3cf6c9dafda5-8, groupId=Consumer-topic-694ae2f9_22b2_45be_a1cd_3cf6c9dafda5] Discovered group coordinator localhost:32769 (id: 2147483647 rack: null)
2025-08-13 18:17:49,599 INFO  [org.apa.kaf.cli.con.int.ConsumerCoordinator] (Thread-654) [Consumer clientId=consumer-Consumer-topic-694ae2f9_22b2_45be_a1cd_3cf6c9dafda5-8, groupId=Consumer-topic-694ae2f9_22b2_45be_a1cd_3cf6c9dafda5] (Re-)joining group
2025-08-13 18:17:49,602 INFO  [org.apa.kaf.cli.con.int.ConsumerCoordinator] (Thread-654) [Consumer clientId=consumer-Consumer-topic-694ae2f9_22b2_45be_a1cd_3cf6c9dafda5-8, groupId=Consumer-topic-694ae2f9_22b2_45be_a1cd_3cf6c9dafda5] Request joining group due to: need to re-join with the given member-id: consumer-Consumer-topic-694ae2f9_22b2_45be_a1cd_3cf6c9dafda5-8-cc07ab66-1fdc-4c73-8be6-1defabb91cc1
2025-08-13 18:17:49,602 INFO  [org.apa.kaf.cli.con.int.ConsumerCoordinator] (Thread-654) [Consumer clientId=consumer-Consumer-topic-694ae2f9_22b2_45be_a1cd_3cf6c9dafda5-8, groupId=Consumer-topic-694ae2f9_22b2_45be_a1cd_3cf6c9dafda5] (Re-)joining group
2025-08-13 18:17:50,587 INFO  [io.api.tes.ser.api.KafkaSerdesTester] (Thread-654) None found
2025-08-13 18:17:51,588 INFO  [io.api.tes.ser.api.KafkaSerdesTester] (Thread-654) None found
2025-08-13 18:17:52,588 INFO  [io.api.tes.ser.api.KafkaSerdesTester] (Thread-654) None found
2025-08-13 18:17:52,605 INFO  [org.apa.kaf.cli.con.int.ConsumerCoordinator] (Thread-654) [Consumer clientId=consumer-Consumer-topic-694ae2f9_22b2_45be_a1cd_3cf6c9dafda5-8, groupId=Consumer-topic-694ae2f9_22b2_45be_a1cd_3cf6c9dafda5] Successfully joined group with generation Generation{generationId=1, memberId='consumer-Consumer-topic-694ae2f9_22b2_45be_a1cd_3cf6c9dafda5-8-cc07ab66-1fdc-4c73-8be6-1defabb91cc1', protocol='range'}
2025-08-13 18:17:52,605 INFO  [org.apa.kaf.cli.con.int.ConsumerCoordinator] (Thread-654) [Consumer clientId=consumer-Consumer-topic-694ae2f9_22b2_45be_a1cd_3cf6c9dafda5-8, groupId=Consumer-topic-694ae2f9_22b2_45be_a1cd_3cf6c9dafda5] Finished assignment for group at generation 1: {consumer-Consumer-topic-694ae2f9_22b2_45be_a1cd_3cf6c9dafda5-8-cc07ab66-1fdc-4c73-8be6-1defabb91cc1=Assignment(partitions=[topic-694ae2f9_22b2_45be_a1cd_3cf6c9dafda5-0])}
2025-08-13 18:17:52,612 INFO  [org.apa.kaf.cli.con.int.ConsumerCoordinator] (Thread-654) [Consumer clientId=consumer-Consumer-topic-694ae2f9_22b2_45be_a1cd_3cf6c9dafda5-8, groupId=Consumer-topic-694ae2f9_22b2_45be_a1cd_3cf6c9dafda5] Successfully synced group in generation Generation{generationId=1, memberId='consumer-Consumer-topic-694ae2f9_22b2_45be_a1cd_3cf6c9dafda5-8-cc07ab66-1fdc-4c73-8be6-1defabb91cc1', protocol='range'}
2025-08-13 18:17:52,613 INFO  [org.apa.kaf.cli.con.int.ConsumerCoordinator] (Thread-654) [Consumer clientId=consumer-Consumer-topic-694ae2f9_22b2_45be_a1cd_3cf6c9dafda5-8, groupId=Consumer-topic-694ae2f9_22b2_45be_a1cd_3cf6c9dafda5] Notifying assignor about the new Assignment(partitions=[topic-694ae2f9_22b2_45be_a1cd_3cf6c9dafda5-0])
2025-08-13 18:17:52,613 INFO  [org.apa.kaf.cli.con.int.ConsumerRebalanceListenerInvoker] (Thread-654) [Consumer clientId=consumer-Consumer-topic-694ae2f9_22b2_45be_a1cd_3cf6c9dafda5-8, groupId=Consumer-topic-694ae2f9_22b2_45be_a1cd_3cf6c9dafda5] Adding newly assigned partitions: topic-694ae2f9_22b2_45be_a1cd_3cf6c9dafda5-0
2025-08-13 18:17:52,614 INFO  [org.apa.kaf.cli.con.int.ConsumerCoordinator] (Thread-654) [Consumer clientId=consumer-Consumer-topic-694ae2f9_22b2_45be_a1cd_3cf6c9dafda5-8, groupId=Consumer-topic-694ae2f9_22b2_45be_a1cd_3cf6c9dafda5] Found no committed offset for partition topic-694ae2f9_22b2_45be_a1cd_3cf6c9dafda5-0
2025-08-13 18:17:52,623 INFO  [org.apa.kaf.cli.con.int.SubscriptionState] (Thread-654) [Consumer clientId=consumer-Consumer-topic-694ae2f9_22b2_45be_a1cd_3cf6c9dafda5-8, groupId=Consumer-topic-694ae2f9_22b2_45be_a1cd_3cf6c9dafda5] Resetting offset for partition topic-694ae2f9_22b2_45be_a1cd_3cf6c9dafda5-0 to position FetchPosition{offset=0, offsetEpoch=Optional.empty, currentLeader=LeaderAndEpoch{leader=Optional[localhost:32769 (id: 0 rack: null)], epoch=0}}.
2025-08-13 18:17:52,706 INFO  [io.api.tes.ser.api.KafkaSerdesTester] (Thread-654) topic-694ae2f9_22b2_45be_a1cd_3cf6c9dafda5 0 0 {"id": "record-0"}
2025-08-13 18:17:52,707 INFO  [io.api.tes.ser.api.KafkaSerdesTester] (Thread-654) topic-694ae2f9_22b2_45be_a1cd_3cf6c9dafda5 0 1 {"value": 1}
2025-08-13 18:17:52,707 INFO  [io.api.tes.ser.api.KafkaSerdesTester] (Thread-654) topic-694ae2f9_22b2_45be_a1cd_3cf6c9dafda5 0 2 {"active": true}
2025-08-13 18:17:52,707 INFO  [io.api.tes.ser.api.KafkaSerdesTester] (Thread-654) topic-694ae2f9_22b2_45be_a1cd_3cf6c9dafda5 0 3 {"id": "record-3"}
2025-08-13 18:17:52,707 INFO  [io.api.tes.ser.api.KafkaSerdesTester] (Thread-654) topic-694ae2f9_22b2_45be_a1cd_3cf6c9dafda5 0 4 {"value": 4}
2025-08-13 18:17:52,707 INFO  [io.api.tes.ser.api.KafkaSerdesTester] (Thread-654) topic-694ae2f9_22b2_45be_a1cd_3cf6c9dafda5 0 5 {"active": false}
2025-08-13 18:17:52,707 INFO  [io.api.tes.ser.api.KafkaSerdesTester] (Thread-654) topic-694ae2f9_22b2_45be_a1cd_3cf6c9dafda5 0 6 {"id": "record-6"}
2025-08-13 18:17:52,707 INFO  [io.api.tes.ser.api.KafkaSerdesTester] (Thread-654) topic-694ae2f9_22b2_45be_a1cd_3cf6c9dafda5 0 7 {"value": 7}
2025-08-13 18:17:52,707 INFO  [io.api.tes.ser.api.KafkaSerdesTester] (Thread-654) topic-694ae2f9_22b2_45be_a1cd_3cf6c9dafda5 0 8 {"active": true}
2025-08-13 18:17:52,707 INFO  [io.api.tes.ser.api.KafkaSerdesTester] (Thread-654) topic-694ae2f9_22b2_45be_a1cd_3cf6c9dafda5 0 9 {"id": "record-9"}
2025-08-13 18:17:52,707 INFO  [io.api.tes.ser.api.KafkaSerdesTester] (Thread-654) Consumed 10 messages
2025-08-13 18:17:52,716 INFO  [org.apa.kaf.cli.con.int.ConsumerRebalanceListenerInvoker] (Thread-654) [Consumer clientId=consumer-Consumer-topic-694ae2f9_22b2_45be_a1cd_3cf6c9dafda5-8, groupId=Consumer-topic-694ae2f9_22b2_45be_a1cd_3cf6c9dafda5] Revoke previously assigned partitions topic-694ae2f9_22b2_45be_a1cd_3cf6c9dafda5-0
2025-08-13 18:17:52,716 INFO  [org.apa.kaf.cli.con.int.ConsumerCoordinator] (Thread-654) [Consumer clientId=consumer-Consumer-topic-694ae2f9_22b2_45be_a1cd_3cf6c9dafda5-8, groupId=Consumer-topic-694ae2f9_22b2_45be_a1cd_3cf6c9dafda5] Member consumer-Consumer-topic-694ae2f9_22b2_45be_a1cd_3cf6c9dafda5-8-cc07ab66-1fdc-4c73-8be6-1defabb91cc1 sending LeaveGroup request to coordinator localhost:32769 (id: 2147483647 rack: null) due to the consumer is being closed
2025-08-13 18:17:52,718 INFO  [org.apa.kaf.cli.con.int.ConsumerCoordinator] (Thread-654) [Consumer clientId=consumer-Consumer-topic-694ae2f9_22b2_45be_a1cd_3cf6c9dafda5-8, groupId=Consumer-topic-694ae2f9_22b2_45be_a1cd_3cf6c9dafda5] Resetting generation and member id due to: consumer pro-actively leaving the group
2025-08-13 18:17:52,718 INFO  [org.apa.kaf.cli.con.int.ConsumerCoordinator] (Thread-654) [Consumer clientId=consumer-Consumer-topic-694ae2f9_22b2_45be_a1cd_3cf6c9dafda5-8, groupId=Consumer-topic-694ae2f9_22b2_45be_a1cd_3cf6c9dafda5] Request joining group due to: consumer pro-actively leaving the group
2025-08-13 18:17:53,209 INFO  [org.apa.kaf.com.met.Metrics] (Thread-654) Metrics scheduler closed
2025-08-13 18:17:53,209 INFO  [org.apa.kaf.com.met.Metrics] (Thread-654) Closing reporter org.apache.kafka.common.metrics.JmxReporter
2025-08-13 18:17:53,209 INFO  [org.apa.kaf.com.met.Metrics] (Thread-654) Closing reporter org.apache.kafka.common.telemetry.internals.ClientTelemetryReporter
2025-08-13 18:17:53,209 INFO  [org.apa.kaf.com.met.Metrics] (Thread-654) Metrics reporters closed
2025-08-13 18:17:53,217 INFO  [org.apa.kaf.com.uti.AppInfoParser] (Thread-654) App info kafka.consumer for consumer-Consumer-topic-694ae2f9_22b2_45be_a1cd_3cf6c9dafda5-8 unregistered
2025-08-13 18:17:53,218 INFO  [io.api.tes.uti.TestSeparator] (main) io.apicurio.tests.serdes.apicurio.AvroSerdeIT.testAvroUnionWithSpecificReader-FINISHED
2025-08-13 18:17:53,218 INFO  [io.api.tes.uti.TestSeparator] (main) ############################################################################
Test passed: testAvroUnionWithSpecificReader
]]></system-out>
  </testcase>
  <testcase name="testEvolveAvroApicurioReusingClient" classname="io.apicurio.tests.serdes.apicurio.AvroSerdeIT" time="7.186">
    <system-out><![CDATA[2025-08-13 18:17:53,221 INFO  [io.api.tes.uti.TestSeparator] (main) ############################################################################
2025-08-13 18:17:53,221 INFO  [io.api.tes.uti.TestSeparator] (main) io.apicurio.tests.serdes.apicurio.AvroSerdeIT.testEvolveAvroApicurioReusingClient-STARTED
2025-08-13 18:17:53,225 INFO  [io.api.tes.ser.api.AvroSerdeIT] (main) Registering Avro Schema: {"type":"record","name":"sebf40d82xc790x46b5x8122xab8c394726c1","namespace":"ns_141fd8cf_6228_4d7c_9e01_a7a13ee551aa","fields":[{"name":"key11755109073224","type":"string"}]}
**** Registry Base URL: http://registry-app-inmemory.apps.ci419.apicurio-testing.org:80
2025-08-13 18:17:54,260 INFO  [org.apa.kaf.cli.pro.ProducerConfig] (main) ProducerConfig values: 
	acks = -1
	auto.include.jmx.reporter = true
	batch.size = 16384
	bootstrap.servers = [PLAINTEXT://localhost:32769]
	buffer.memory = 33554432
	client.dns.lookup = use_all_dns_ips
	client.id = Producer-topic-742c3b1b_98cf_4af9_8783_deaf50c2e6e2
	compression.gzip.level = -1
	compression.lz4.level = 9
	compression.type = none
	compression.zstd.level = 3
	connections.max.idle.ms = 10000
	delivery.timeout.ms = 120000
	enable.idempotence = true
	enable.metrics.push = true
	interceptor.classes = []
	key.serializer = class org.apache.kafka.common.serialization.StringSerializer
	linger.ms = 0
	max.block.ms = 60000
	max.in.flight.requests.per.connection = 5
	max.request.size = 1048576
	metadata.max.age.ms = 300000
	metadata.max.idle.ms = 300000
	metadata.recovery.strategy = none
	metric.reporters = []
	metrics.num.samples = 2
	metrics.recording.level = INFO
	metrics.sample.window.ms = 30000
	partitioner.adaptive.partitioning.enable = true
	partitioner.availability.timeout.ms = 0
	partitioner.class = null
	partitioner.ignore.keys = false
	receive.buffer.bytes = 32768
	reconnect.backoff.max.ms = 1000
	reconnect.backoff.ms = 50
	request.timeout.ms = 5000
	retries = 2147483647
	retry.backoff.max.ms = 1000
	retry.backoff.ms = 100
	sasl.client.callback.handler.class = null
	sasl.jaas.config = null
	sasl.kerberos.kinit.cmd = /usr/bin/kinit
	sasl.kerberos.min.time.before.relogin = 60000
	sasl.kerberos.service.name = null
	sasl.kerberos.ticket.renew.jitter = 0.05
	sasl.kerberos.ticket.renew.window.factor = 0.8
	sasl.login.callback.handler.class = null
	sasl.login.class = null
	sasl.login.connect.timeout.ms = null
	sasl.login.read.timeout.ms = null
	sasl.login.refresh.buffer.seconds = 300
	sasl.login.refresh.min.period.seconds = 60
	sasl.login.refresh.window.factor = 0.8
	sasl.login.refresh.window.jitter = 0.05
	sasl.login.retry.backoff.max.ms = 10000
	sasl.login.retry.backoff.ms = 100
	sasl.mechanism = GSSAPI
	sasl.oauthbearer.clock.skew.seconds = 30
	sasl.oauthbearer.expected.audience = null
	sasl.oauthbearer.expected.issuer = null
	sasl.oauthbearer.header.urlencode = false
	sasl.oauthbearer.jwks.endpoint.refresh.ms = 3600000
	sasl.oauthbearer.jwks.endpoint.retry.backoff.max.ms = 10000
	sasl.oauthbearer.jwks.endpoint.retry.backoff.ms = 100
	sasl.oauthbearer.jwks.endpoint.url = null
	sasl.oauthbearer.scope.claim.name = scope
	sasl.oauthbearer.sub.claim.name = sub
	sasl.oauthbearer.token.endpoint.url = null
	security.protocol = PLAINTEXT
	security.providers = null
	send.buffer.bytes = 131072
	socket.connection.setup.timeout.max.ms = 30000
	socket.connection.setup.timeout.ms = 10000
	ssl.cipher.suites = null
	ssl.enabled.protocols = [TLSv1.2, TLSv1.3]
	ssl.endpoint.identification.algorithm = https
	ssl.engine.factory.class = null
	ssl.key.password = null
	ssl.keymanager.algorithm = SunX509
	ssl.keystore.certificate.chain = null
	ssl.keystore.key = null
	ssl.keystore.location = null
	ssl.keystore.password = null
	ssl.keystore.type = JKS
	ssl.protocol = TLSv1.3
	ssl.provider = null
	ssl.secure.random.implementation = null
	ssl.trustmanager.algorithm = PKIX
	ssl.truststore.certificates = null
	ssl.truststore.location = null
	ssl.truststore.password = null
	ssl.truststore.type = JKS
	transaction.timeout.ms = 60000
	transactional.id = null
	value.serializer = class io.apicurio.registry.serde.avro.AvroKafkaSerializer

2025-08-13 18:17:54,261 INFO  [org.apa.kaf.com.tel.int.KafkaMetricsCollector] (main) initializing Kafka metrics collector
2025-08-13 18:17:54,264 INFO  [org.apa.kaf.cli.pro.KafkaProducer] (main) [Producer clientId=Producer-topic-742c3b1b_98cf_4af9_8783_deaf50c2e6e2] Instantiated an idempotent producer.
2025-08-13 18:17:54,265 INFO  [org.apa.kaf.cli.pro.ProducerConfig] (main) These configurations '[apicurio.registry.url, apicurio.registry.artifact-resolver-strategy]' were supplied but are not used yet.
2025-08-13 18:17:54,265 INFO  [org.apa.kaf.com.uti.AppInfoParser] (main) Kafka version: 3.9.1
2025-08-13 18:17:54,266 INFO  [org.apa.kaf.com.uti.AppInfoParser] (main) Kafka commitId: f745dfdcee2b9851
2025-08-13 18:17:54,266 INFO  [org.apa.kaf.com.uti.AppInfoParser] (main) Kafka startTimeMs: 1755109074265
**** Registry Base URL: http://registry-app-inmemory.apps.ci419.apicurio-testing.org:80
2025-08-13 18:17:54,267 INFO  [org.apa.kaf.cli.con.ConsumerConfig] (main) ConsumerConfig values: 
	allow.auto.create.topics = true
	auto.commit.interval.ms = 500
	auto.include.jmx.reporter = true
	auto.offset.reset = earliest
	bootstrap.servers = [PLAINTEXT://localhost:32769]
	check.crcs = true
	client.dns.lookup = use_all_dns_ips
	client.id = consumer-Consumer-topic-742c3b1b_98cf_4af9_8783_deaf50c2e6e2-9
	client.rack = 
	connections.max.idle.ms = 10000
	default.api.timeout.ms = 60000
	enable.auto.commit = true
	enable.metrics.push = true
	exclude.internal.topics = true
	fetch.max.bytes = 52428800
	fetch.max.wait.ms = 500
	fetch.min.bytes = 1
	group.id = Consumer-topic-742c3b1b_98cf_4af9_8783_deaf50c2e6e2
	group.instance.id = null
	group.protocol = classic
	group.remote.assignor = null
	heartbeat.interval.ms = 3000
	interceptor.classes = []
	internal.leave.group.on.close = true
	internal.throw.on.fetch.stable.offset.unsupported = false
	isolation.level = read_uncommitted
	key.deserializer = class org.apache.kafka.common.serialization.StringDeserializer
	max.partition.fetch.bytes = 1048576
	max.poll.interval.ms = 300000
	max.poll.records = 500
	metadata.max.age.ms = 300000
	metadata.recovery.strategy = none
	metric.reporters = []
	metrics.num.samples = 2
	metrics.recording.level = INFO
	metrics.sample.window.ms = 30000
	partition.assignment.strategy = [class org.apache.kafka.clients.consumer.RangeAssignor, class org.apache.kafka.clients.consumer.CooperativeStickyAssignor]
	receive.buffer.bytes = 65536
	reconnect.backoff.max.ms = 1000
	reconnect.backoff.ms = 50
	request.timeout.ms = 5000
	retry.backoff.max.ms = 1000
	retry.backoff.ms = 100
	sasl.client.callback.handler.class = null
	sasl.jaas.config = null
	sasl.kerberos.kinit.cmd = /usr/bin/kinit
	sasl.kerberos.min.time.before.relogin = 60000
	sasl.kerberos.service.name = null
	sasl.kerberos.ticket.renew.jitter = 0.05
	sasl.kerberos.ticket.renew.window.factor = 0.8
	sasl.login.callback.handler.class = null
	sasl.login.class = null
	sasl.login.connect.timeout.ms = null
	sasl.login.read.timeout.ms = null
	sasl.login.refresh.buffer.seconds = 300
	sasl.login.refresh.min.period.seconds = 60
	sasl.login.refresh.window.factor = 0.8
	sasl.login.refresh.window.jitter = 0.05
	sasl.login.retry.backoff.max.ms = 10000
	sasl.login.retry.backoff.ms = 100
	sasl.mechanism = GSSAPI
	sasl.oauthbearer.clock.skew.seconds = 30
	sasl.oauthbearer.expected.audience = null
	sasl.oauthbearer.expected.issuer = null
	sasl.oauthbearer.header.urlencode = false
	sasl.oauthbearer.jwks.endpoint.refresh.ms = 3600000
	sasl.oauthbearer.jwks.endpoint.retry.backoff.max.ms = 10000
	sasl.oauthbearer.jwks.endpoint.retry.backoff.ms = 100
	sasl.oauthbearer.jwks.endpoint.url = null
	sasl.oauthbearer.scope.claim.name = scope
	sasl.oauthbearer.sub.claim.name = sub
	sasl.oauthbearer.token.endpoint.url = null
	security.protocol = PLAINTEXT
	security.providers = null
	send.buffer.bytes = 131072
	session.timeout.ms = 45000
	socket.connection.setup.timeout.max.ms = 30000
	socket.connection.setup.timeout.ms = 10000
	ssl.cipher.suites = null
	ssl.enabled.protocols = [TLSv1.2, TLSv1.3]
	ssl.endpoint.identification.algorithm = https
	ssl.engine.factory.class = null
	ssl.key.password = null
	ssl.keymanager.algorithm = SunX509
	ssl.keystore.certificate.chain = null
	ssl.keystore.key = null
	ssl.keystore.location = null
	ssl.keystore.password = null
	ssl.keystore.type = JKS
	ssl.protocol = TLSv1.3
	ssl.provider = null
	ssl.secure.random.implementation = null
	ssl.trustmanager.algorithm = PKIX
	ssl.truststore.certificates = null
	ssl.truststore.location = null
	ssl.truststore.password = null
	ssl.truststore.type = JKS
	value.deserializer = class io.apicurio.registry.serde.avro.AvroKafkaDeserializer

2025-08-13 18:17:54,268 INFO  [org.apa.kaf.com.tel.int.KafkaMetricsCollector] (main) initializing Kafka metrics collector
2025-08-13 18:17:54,274 INFO  [org.apa.kaf.cli.Metadata] (kafka-producer-network-thread | Producer-topic-742c3b1b_98cf_4af9_8783_deaf50c2e6e2) [Producer clientId=Producer-topic-742c3b1b_98cf_4af9_8783_deaf50c2e6e2] Cluster ID: 4IlD_Sy2TMOqYF-Nc3vIHA
2025-08-13 18:17:54,276 INFO  [org.apa.kaf.cli.pro.int.TransactionManager] (kafka-producer-network-thread | Producer-topic-742c3b1b_98cf_4af9_8783_deaf50c2e6e2) [Producer clientId=Producer-topic-742c3b1b_98cf_4af9_8783_deaf50c2e6e2] ProducerId set to 11 with epoch 0
2025-08-13 18:17:54,278 INFO  [org.apa.kaf.cli.con.ConsumerConfig] (main) These configurations '[apicurio.registry.url]' were supplied but are not used yet.
2025-08-13 18:17:54,278 INFO  [org.apa.kaf.com.uti.AppInfoParser] (main) Kafka version: 3.9.1
2025-08-13 18:17:54,278 INFO  [org.apa.kaf.com.uti.AppInfoParser] (main) Kafka commitId: f745dfdcee2b9851
2025-08-13 18:17:54,278 INFO  [org.apa.kaf.com.uti.AppInfoParser] (main) Kafka startTimeMs: 1755109074278
2025-08-13 18:17:54,280 INFO  [io.api.tes.ser.api.KafkaSerdesTester] (Thread-659) Sending message {"key11755109073224": "value-0"} to topic topic-742c3b1b_98cf_4af9_8783_deaf50c2e6e2
2025-08-13 18:17:54,285 INFO  [DefaultSchemaResolver] (Thread-659) Retrieving schema content using string: {"type":"record","name":"sebf40d82xc790x46b5x8122xab8c394726c1","namespace":"ns_141fd8cf_6228_4d7c_9e01_a7a13ee551aa","fields":[{"name":"key11755109073224","type":"string"}]}
2025-08-13 18:17:54,495 INFO  [io.api.tes.ser.api.KafkaSerdesTester] (Thread-659) Sending message {"key11755109073224": "value-1"} to topic topic-742c3b1b_98cf_4af9_8783_deaf50c2e6e2
2025-08-13 18:17:54,496 INFO  [io.api.tes.ser.api.KafkaSerdesTester] (Thread-659) Sending message {"key11755109073224": "value-2"} to topic topic-742c3b1b_98cf_4af9_8783_deaf50c2e6e2
2025-08-13 18:17:54,498 INFO  [io.api.tes.ser.api.KafkaSerdesTester] (Thread-659) Sending message {"key11755109073224": "value-3"} to topic topic-742c3b1b_98cf_4af9_8783_deaf50c2e6e2
2025-08-13 18:17:54,503 INFO  [io.api.tes.ser.api.KafkaSerdesTester] (Thread-659) Sending message {"key11755109073224": "value-4"} to topic topic-742c3b1b_98cf_4af9_8783_deaf50c2e6e2
2025-08-13 18:17:54,506 INFO  [io.api.tes.ser.api.KafkaSerdesTester] (Thread-659) Sending message {"key11755109073224": "value-5"} to topic topic-742c3b1b_98cf_4af9_8783_deaf50c2e6e2
2025-08-13 18:17:54,508 INFO  [io.api.tes.ser.api.KafkaSerdesTester] (Thread-659) Sending message {"key11755109073224": "value-6"} to topic topic-742c3b1b_98cf_4af9_8783_deaf50c2e6e2
2025-08-13 18:17:54,511 INFO  [io.api.tes.ser.api.KafkaSerdesTester] (Thread-659) Sending message {"key11755109073224": "value-7"} to topic topic-742c3b1b_98cf_4af9_8783_deaf50c2e6e2
2025-08-13 18:17:54,513 INFO  [io.api.tes.ser.api.KafkaSerdesTester] (Thread-659) Sending message {"key11755109073224": "value-8"} to topic topic-742c3b1b_98cf_4af9_8783_deaf50c2e6e2
2025-08-13 18:17:54,515 INFO  [io.api.tes.ser.api.KafkaSerdesTester] (Thread-659) Sending message {"key11755109073224": "value-9"} to topic topic-742c3b1b_98cf_4af9_8783_deaf50c2e6e2
2025-08-13 18:17:54,518 INFO  [io.api.tes.ser.api.KafkaSerdesTester] (Thread-659) Produced 10 messages
2025-08-13 18:17:54,519 INFO  [org.apa.kaf.cli.con.int.ClassicKafkaConsumer] (Thread-660) [Consumer clientId=consumer-Consumer-topic-742c3b1b_98cf_4af9_8783_deaf50c2e6e2-9, groupId=Consumer-topic-742c3b1b_98cf_4af9_8783_deaf50c2e6e2] Subscribed to topic(s): topic-742c3b1b_98cf_4af9_8783_deaf50c2e6e2
2025-08-13 18:17:54,527 INFO  [org.apa.kaf.cli.Metadata] (Thread-660) [Consumer clientId=consumer-Consumer-topic-742c3b1b_98cf_4af9_8783_deaf50c2e6e2-9, groupId=Consumer-topic-742c3b1b_98cf_4af9_8783_deaf50c2e6e2] Cluster ID: 4IlD_Sy2TMOqYF-Nc3vIHA
2025-08-13 18:17:54,529 INFO  [org.apa.kaf.cli.con.int.ConsumerCoordinator] (Thread-660) [Consumer clientId=consumer-Consumer-topic-742c3b1b_98cf_4af9_8783_deaf50c2e6e2-9, groupId=Consumer-topic-742c3b1b_98cf_4af9_8783_deaf50c2e6e2] Discovered group coordinator localhost:32769 (id: 2147483647 rack: null)
2025-08-13 18:17:54,531 INFO  [org.apa.kaf.cli.con.int.ConsumerCoordinator] (Thread-660) [Consumer clientId=consumer-Consumer-topic-742c3b1b_98cf_4af9_8783_deaf50c2e6e2-9, groupId=Consumer-topic-742c3b1b_98cf_4af9_8783_deaf50c2e6e2] (Re-)joining group
2025-08-13 18:17:54,534 INFO  [org.apa.kaf.cli.con.int.ConsumerCoordinator] (Thread-660) [Consumer clientId=consumer-Consumer-topic-742c3b1b_98cf_4af9_8783_deaf50c2e6e2-9, groupId=Consumer-topic-742c3b1b_98cf_4af9_8783_deaf50c2e6e2] Request joining group due to: need to re-join with the given member-id: consumer-Consumer-topic-742c3b1b_98cf_4af9_8783_deaf50c2e6e2-9-255b4fc3-5b94-46a2-abf4-bd490139e791
2025-08-13 18:17:54,534 INFO  [org.apa.kaf.cli.con.int.ConsumerCoordinator] (Thread-660) [Consumer clientId=consumer-Consumer-topic-742c3b1b_98cf_4af9_8783_deaf50c2e6e2-9, groupId=Consumer-topic-742c3b1b_98cf_4af9_8783_deaf50c2e6e2] (Re-)joining group
2025-08-13 18:17:55,519 INFO  [io.api.tes.ser.api.KafkaSerdesTester] (Thread-660) None found
2025-08-13 18:17:56,519 INFO  [io.api.tes.ser.api.KafkaSerdesTester] (Thread-660) None found
2025-08-13 18:17:57,520 INFO  [io.api.tes.ser.api.KafkaSerdesTester] (Thread-660) None found
2025-08-13 18:17:57,537 INFO  [org.apa.kaf.cli.con.int.ConsumerCoordinator] (Thread-660) [Consumer clientId=consumer-Consumer-topic-742c3b1b_98cf_4af9_8783_deaf50c2e6e2-9, groupId=Consumer-topic-742c3b1b_98cf_4af9_8783_deaf50c2e6e2] Successfully joined group with generation Generation{generationId=1, memberId='consumer-Consumer-topic-742c3b1b_98cf_4af9_8783_deaf50c2e6e2-9-255b4fc3-5b94-46a2-abf4-bd490139e791', protocol='range'}
2025-08-13 18:17:57,537 INFO  [org.apa.kaf.cli.con.int.ConsumerCoordinator] (Thread-660) [Consumer clientId=consumer-Consumer-topic-742c3b1b_98cf_4af9_8783_deaf50c2e6e2-9, groupId=Consumer-topic-742c3b1b_98cf_4af9_8783_deaf50c2e6e2] Finished assignment for group at generation 1: {consumer-Consumer-topic-742c3b1b_98cf_4af9_8783_deaf50c2e6e2-9-255b4fc3-5b94-46a2-abf4-bd490139e791=Assignment(partitions=[topic-742c3b1b_98cf_4af9_8783_deaf50c2e6e2-0])}
2025-08-13 18:17:57,544 INFO  [org.apa.kaf.cli.con.int.ConsumerCoordinator] (Thread-660) [Consumer clientId=consumer-Consumer-topic-742c3b1b_98cf_4af9_8783_deaf50c2e6e2-9, groupId=Consumer-topic-742c3b1b_98cf_4af9_8783_deaf50c2e6e2] Successfully synced group in generation Generation{generationId=1, memberId='consumer-Consumer-topic-742c3b1b_98cf_4af9_8783_deaf50c2e6e2-9-255b4fc3-5b94-46a2-abf4-bd490139e791', protocol='range'}
2025-08-13 18:17:57,545 INFO  [org.apa.kaf.cli.con.int.ConsumerCoordinator] (Thread-660) [Consumer clientId=consumer-Consumer-topic-742c3b1b_98cf_4af9_8783_deaf50c2e6e2-9, groupId=Consumer-topic-742c3b1b_98cf_4af9_8783_deaf50c2e6e2] Notifying assignor about the new Assignment(partitions=[topic-742c3b1b_98cf_4af9_8783_deaf50c2e6e2-0])
2025-08-13 18:17:57,545 INFO  [org.apa.kaf.cli.con.int.ConsumerRebalanceListenerInvoker] (Thread-660) [Consumer clientId=consumer-Consumer-topic-742c3b1b_98cf_4af9_8783_deaf50c2e6e2-9, groupId=Consumer-topic-742c3b1b_98cf_4af9_8783_deaf50c2e6e2] Adding newly assigned partitions: topic-742c3b1b_98cf_4af9_8783_deaf50c2e6e2-0
2025-08-13 18:17:57,546 INFO  [org.apa.kaf.cli.con.int.ConsumerCoordinator] (Thread-660) [Consumer clientId=consumer-Consumer-topic-742c3b1b_98cf_4af9_8783_deaf50c2e6e2-9, groupId=Consumer-topic-742c3b1b_98cf_4af9_8783_deaf50c2e6e2] Found no committed offset for partition topic-742c3b1b_98cf_4af9_8783_deaf50c2e6e2-0
2025-08-13 18:17:57,550 INFO  [org.apa.kaf.cli.con.int.SubscriptionState] (Thread-660) [Consumer clientId=consumer-Consumer-topic-742c3b1b_98cf_4af9_8783_deaf50c2e6e2-9, groupId=Consumer-topic-742c3b1b_98cf_4af9_8783_deaf50c2e6e2] Resetting offset for partition topic-742c3b1b_98cf_4af9_8783_deaf50c2e6e2-0 to position FetchPosition{offset=0, offsetEpoch=Optional.empty, currentLeader=LeaderAndEpoch{leader=Optional[localhost:32769 (id: 0 rack: null)], epoch=0}}.
2025-08-13 18:17:57,592 INFO  [io.api.tes.ser.api.KafkaSerdesTester] (Thread-660) topic-742c3b1b_98cf_4af9_8783_deaf50c2e6e2 0 0 {"key11755109073224": "value-0"}
2025-08-13 18:17:57,592 INFO  [io.api.tes.ser.api.KafkaSerdesTester] (Thread-660) topic-742c3b1b_98cf_4af9_8783_deaf50c2e6e2 0 1 {"key11755109073224": "value-1"}
2025-08-13 18:17:57,592 INFO  [io.api.tes.ser.api.KafkaSerdesTester] (Thread-660) topic-742c3b1b_98cf_4af9_8783_deaf50c2e6e2 0 2 {"key11755109073224": "value-2"}
2025-08-13 18:17:57,592 INFO  [io.api.tes.ser.api.KafkaSerdesTester] (Thread-660) topic-742c3b1b_98cf_4af9_8783_deaf50c2e6e2 0 3 {"key11755109073224": "value-3"}
2025-08-13 18:17:57,592 INFO  [io.api.tes.ser.api.KafkaSerdesTester] (Thread-660) topic-742c3b1b_98cf_4af9_8783_deaf50c2e6e2 0 4 {"key11755109073224": "value-4"}
2025-08-13 18:17:57,592 INFO  [io.api.tes.ser.api.KafkaSerdesTester] (Thread-660) topic-742c3b1b_98cf_4af9_8783_deaf50c2e6e2 0 5 {"key11755109073224": "value-5"}
2025-08-13 18:17:57,592 INFO  [io.api.tes.ser.api.KafkaSerdesTester] (Thread-660) topic-742c3b1b_98cf_4af9_8783_deaf50c2e6e2 0 6 {"key11755109073224": "value-6"}
2025-08-13 18:17:57,592 INFO  [io.api.tes.ser.api.KafkaSerdesTester] (Thread-660) topic-742c3b1b_98cf_4af9_8783_deaf50c2e6e2 0 7 {"key11755109073224": "value-7"}
2025-08-13 18:17:57,592 INFO  [io.api.tes.ser.api.KafkaSerdesTester] (Thread-660) topic-742c3b1b_98cf_4af9_8783_deaf50c2e6e2 0 8 {"key11755109073224": "value-8"}
2025-08-13 18:17:57,592 INFO  [io.api.tes.ser.api.KafkaSerdesTester] (Thread-660) topic-742c3b1b_98cf_4af9_8783_deaf50c2e6e2 0 9 {"key11755109073224": "value-9"}
2025-08-13 18:17:57,592 INFO  [io.api.tes.ser.api.KafkaSerdesTester] (Thread-660) Consumed 10 messages
2025-08-13 18:17:57,593 INFO  [io.api.tes.ser.api.AvroSerdeIT] (main) Registering Avro Schema 2: {"type":"record","name":"sebf40d82xc790x46b5x8122xab8c394726c1","namespace":"ns_141fd8cf_6228_4d7c_9e01_a7a13ee551aa","fields":[{"name":"key11755109073224","type":"string"},{"name":"key21755109077593","type":"string"}]}
2025-08-13 18:17:58,632 INFO  [io.api.tes.ser.api.KafkaSerdesTester] (Thread-661) Sending message {"key11755109073224": "value-0", "key21755109077593": "value-0"} to topic topic-742c3b1b_98cf_4af9_8783_deaf50c2e6e2
2025-08-13 18:17:58,632 INFO  [DefaultSchemaResolver] (Thread-661) Retrieving schema content using string: {"type":"record","name":"sebf40d82xc790x46b5x8122xab8c394726c1","namespace":"ns_141fd8cf_6228_4d7c_9e01_a7a13ee551aa","fields":[{"name":"key11755109073224","type":"string"},{"name":"key21755109077593","type":"string"}]}
2025-08-13 18:17:58,655 INFO  [io.api.tes.ser.api.KafkaSerdesTester] (Thread-661) Sending message {"key11755109073224": "value-1", "key21755109077593": "value-1"} to topic topic-742c3b1b_98cf_4af9_8783_deaf50c2e6e2
2025-08-13 18:17:58,657 INFO  [io.api.tes.ser.api.KafkaSerdesTester] (Thread-661) Sending message {"key11755109073224": "value-2", "key21755109077593": "value-2"} to topic topic-742c3b1b_98cf_4af9_8783_deaf50c2e6e2
2025-08-13 18:17:58,658 INFO  [io.api.tes.ser.api.KafkaSerdesTester] (Thread-661) Sending message {"key11755109073224": "value-3", "key21755109077593": "value-3"} to topic topic-742c3b1b_98cf_4af9_8783_deaf50c2e6e2
2025-08-13 18:17:58,661 INFO  [io.api.tes.ser.api.KafkaSerdesTester] (Thread-661) Sending message {"key11755109073224": "value-4", "key21755109077593": "value-4"} to topic topic-742c3b1b_98cf_4af9_8783_deaf50c2e6e2
2025-08-13 18:17:58,664 INFO  [io.api.tes.ser.api.KafkaSerdesTester] (Thread-661) Sending message {"key11755109073224": "value-5", "key21755109077593": "value-5"} to topic topic-742c3b1b_98cf_4af9_8783_deaf50c2e6e2
2025-08-13 18:17:58,667 INFO  [io.api.tes.ser.api.KafkaSerdesTester] (Thread-661) Sending message {"key11755109073224": "value-6", "key21755109077593": "value-6"} to topic topic-742c3b1b_98cf_4af9_8783_deaf50c2e6e2
2025-08-13 18:17:58,669 INFO  [io.api.tes.ser.api.KafkaSerdesTester] (Thread-661) Sending message {"key11755109073224": "value-7", "key21755109077593": "value-7"} to topic topic-742c3b1b_98cf_4af9_8783_deaf50c2e6e2
2025-08-13 18:17:58,673 INFO  [io.api.tes.ser.api.KafkaSerdesTester] (Thread-661) Sending message {"key11755109073224": "value-8", "key21755109077593": "value-8"} to topic topic-742c3b1b_98cf_4af9_8783_deaf50c2e6e2
2025-08-13 18:17:58,677 INFO  [io.api.tes.ser.api.KafkaSerdesTester] (Thread-661) Sending message {"key11755109073224": "value-9", "key21755109077593": "value-9"} to topic topic-742c3b1b_98cf_4af9_8783_deaf50c2e6e2
2025-08-13 18:17:58,682 INFO  [io.api.tes.ser.api.KafkaSerdesTester] (Thread-661) Produced 10 messages
2025-08-13 18:17:58,683 INFO  [io.api.tes.ser.api.KafkaSerdesTester] (Thread-662) Sending message {"key11755109073224": "value-0"} to topic topic-742c3b1b_98cf_4af9_8783_deaf50c2e6e2
2025-08-13 18:17:58,688 INFO  [io.api.tes.ser.api.KafkaSerdesTester] (Thread-662) Sending message {"key11755109073224": "value-1"} to topic topic-742c3b1b_98cf_4af9_8783_deaf50c2e6e2
2025-08-13 18:17:58,691 INFO  [io.api.tes.ser.api.KafkaSerdesTester] (Thread-662) Sending message {"key11755109073224": "value-2"} to topic topic-742c3b1b_98cf_4af9_8783_deaf50c2e6e2
2025-08-13 18:17:58,692 INFO  [io.api.tes.ser.api.KafkaSerdesTester] (Thread-662) Sending message {"key11755109073224": "value-3"} to topic topic-742c3b1b_98cf_4af9_8783_deaf50c2e6e2
2025-08-13 18:17:58,695 INFO  [io.api.tes.ser.api.KafkaSerdesTester] (Thread-662) Sending message {"key11755109073224": "value-4"} to topic topic-742c3b1b_98cf_4af9_8783_deaf50c2e6e2
2025-08-13 18:17:58,696 INFO  [io.api.tes.ser.api.KafkaSerdesTester] (Thread-662) Sending message {"key11755109073224": "value-5"} to topic topic-742c3b1b_98cf_4af9_8783_deaf50c2e6e2
2025-08-13 18:17:58,698 INFO  [io.api.tes.ser.api.KafkaSerdesTester] (Thread-662) Sending message {"key11755109073224": "value-6"} to topic topic-742c3b1b_98cf_4af9_8783_deaf50c2e6e2
2025-08-13 18:17:58,702 INFO  [io.api.tes.ser.api.KafkaSerdesTester] (Thread-662) Sending message {"key11755109073224": "value-7"} to topic topic-742c3b1b_98cf_4af9_8783_deaf50c2e6e2
2025-08-13 18:17:58,704 INFO  [io.api.tes.ser.api.KafkaSerdesTester] (Thread-662) Sending message {"key11755109073224": "value-8"} to topic topic-742c3b1b_98cf_4af9_8783_deaf50c2e6e2
2025-08-13 18:17:58,708 INFO  [io.api.tes.ser.api.KafkaSerdesTester] (Thread-662) Sending message {"key11755109073224": "value-9"} to topic topic-742c3b1b_98cf_4af9_8783_deaf50c2e6e2
2025-08-13 18:17:58,710 INFO  [io.api.tes.ser.api.KafkaSerdesTester] (Thread-662) Produced 10 messages
2025-08-13 18:17:58,711 INFO  [org.apa.kaf.cli.con.int.ClassicKafkaConsumer] (Thread-663) [Consumer clientId=consumer-Consumer-topic-742c3b1b_98cf_4af9_8783_deaf50c2e6e2-9, groupId=Consumer-topic-742c3b1b_98cf_4af9_8783_deaf50c2e6e2] Subscribed to topic(s): topic-742c3b1b_98cf_4af9_8783_deaf50c2e6e2
2025-08-13 18:17:58,738 INFO  [io.api.tes.ser.api.KafkaSerdesTester] (Thread-663) topic-742c3b1b_98cf_4af9_8783_deaf50c2e6e2 0 10 {"key11755109073224": "value-0", "key21755109077593": "value-0"}
2025-08-13 18:17:58,740 INFO  [io.api.tes.ser.api.KafkaSerdesTester] (Thread-663) topic-742c3b1b_98cf_4af9_8783_deaf50c2e6e2 0 11 {"key11755109073224": "value-1", "key21755109077593": "value-1"}
2025-08-13 18:17:58,740 INFO  [io.api.tes.ser.api.KafkaSerdesTester] (Thread-663) topic-742c3b1b_98cf_4af9_8783_deaf50c2e6e2 0 12 {"key11755109073224": "value-2", "key21755109077593": "value-2"}
2025-08-13 18:17:58,740 INFO  [io.api.tes.ser.api.KafkaSerdesTester] (Thread-663) topic-742c3b1b_98cf_4af9_8783_deaf50c2e6e2 0 13 {"key11755109073224": "value-3", "key21755109077593": "value-3"}
2025-08-13 18:17:58,740 INFO  [io.api.tes.ser.api.KafkaSerdesTester] (Thread-663) topic-742c3b1b_98cf_4af9_8783_deaf50c2e6e2 0 14 {"key11755109073224": "value-4", "key21755109077593": "value-4"}
2025-08-13 18:17:58,740 INFO  [io.api.tes.ser.api.KafkaSerdesTester] (Thread-663) topic-742c3b1b_98cf_4af9_8783_deaf50c2e6e2 0 15 {"key11755109073224": "value-5", "key21755109077593": "value-5"}
2025-08-13 18:17:58,740 INFO  [io.api.tes.ser.api.KafkaSerdesTester] (Thread-663) topic-742c3b1b_98cf_4af9_8783_deaf50c2e6e2 0 16 {"key11755109073224": "value-6", "key21755109077593": "value-6"}
2025-08-13 18:17:58,740 INFO  [io.api.tes.ser.api.KafkaSerdesTester] (Thread-663) topic-742c3b1b_98cf_4af9_8783_deaf50c2e6e2 0 17 {"key11755109073224": "value-7", "key21755109077593": "value-7"}
2025-08-13 18:17:58,741 INFO  [io.api.tes.ser.api.KafkaSerdesTester] (Thread-663) topic-742c3b1b_98cf_4af9_8783_deaf50c2e6e2 0 18 {"key11755109073224": "value-8", "key21755109077593": "value-8"}
2025-08-13 18:17:58,741 INFO  [io.api.tes.ser.api.KafkaSerdesTester] (Thread-663) topic-742c3b1b_98cf_4af9_8783_deaf50c2e6e2 0 19 {"key11755109073224": "value-9", "key21755109077593": "value-9"}
2025-08-13 18:17:58,741 INFO  [io.api.tes.ser.api.KafkaSerdesTester] (Thread-663) topic-742c3b1b_98cf_4af9_8783_deaf50c2e6e2 0 20 {"key11755109073224": "value-0"}
2025-08-13 18:17:58,741 INFO  [io.api.tes.ser.api.KafkaSerdesTester] (Thread-663) topic-742c3b1b_98cf_4af9_8783_deaf50c2e6e2 0 21 {"key11755109073224": "value-1"}
2025-08-13 18:17:58,741 INFO  [io.api.tes.ser.api.KafkaSerdesTester] (Thread-663) topic-742c3b1b_98cf_4af9_8783_deaf50c2e6e2 0 22 {"key11755109073224": "value-2"}
2025-08-13 18:17:58,741 INFO  [io.api.tes.ser.api.KafkaSerdesTester] (Thread-663) topic-742c3b1b_98cf_4af9_8783_deaf50c2e6e2 0 23 {"key11755109073224": "value-3"}
2025-08-13 18:17:58,741 INFO  [io.api.tes.ser.api.KafkaSerdesTester] (Thread-663) topic-742c3b1b_98cf_4af9_8783_deaf50c2e6e2 0 24 {"key11755109073224": "value-4"}
2025-08-13 18:17:58,741 INFO  [io.api.tes.ser.api.KafkaSerdesTester] (Thread-663) topic-742c3b1b_98cf_4af9_8783_deaf50c2e6e2 0 25 {"key11755109073224": "value-5"}
2025-08-13 18:17:58,741 INFO  [io.api.tes.ser.api.KafkaSerdesTester] (Thread-663) topic-742c3b1b_98cf_4af9_8783_deaf50c2e6e2 0 26 {"key11755109073224": "value-6"}
2025-08-13 18:17:58,742 INFO  [io.api.tes.ser.api.KafkaSerdesTester] (Thread-663) topic-742c3b1b_98cf_4af9_8783_deaf50c2e6e2 0 27 {"key11755109073224": "value-7"}
2025-08-13 18:17:58,742 INFO  [io.api.tes.ser.api.KafkaSerdesTester] (Thread-663) topic-742c3b1b_98cf_4af9_8783_deaf50c2e6e2 0 28 {"key11755109073224": "value-8"}
2025-08-13 18:17:58,742 INFO  [io.api.tes.ser.api.KafkaSerdesTester] (Thread-663) topic-742c3b1b_98cf_4af9_8783_deaf50c2e6e2 0 29 {"key11755109073224": "value-9"}
2025-08-13 18:17:58,743 INFO  [io.api.tes.ser.api.KafkaSerdesTester] (Thread-663) Consumed 20 messages
2025-08-13 18:17:58,744 INFO  [io.api.tes.ser.api.AvroSerdeIT] (main) Registering Avro Schema 3: {"type":"record","name":"sebf40d82xc790x46b5x8122xab8c394726c1","namespace":"ns_141fd8cf_6228_4d7c_9e01_a7a13ee551aa","fields":[{"name":"key11755109073224","type":"string"},{"name":"key21755109077593","type":"string"},{"name":"key31755109078744","type":"string"}]}
2025-08-13 18:17:59,780 INFO  [io.api.tes.ser.api.KafkaSerdesTester] (Thread-664) Sending message {"key11755109073224": "value-0", "key21755109077593": "value-0", "key31755109078744": "value-0"} to topic topic-742c3b1b_98cf_4af9_8783_deaf50c2e6e2
2025-08-13 18:17:59,781 INFO  [DefaultSchemaResolver] (Thread-664) Retrieving schema content using string: {"type":"record","name":"sebf40d82xc790x46b5x8122xab8c394726c1","namespace":"ns_141fd8cf_6228_4d7c_9e01_a7a13ee551aa","fields":[{"name":"key11755109073224","type":"string"},{"name":"key21755109077593","type":"string"},{"name":"key31755109078744","type":"string"}]}
2025-08-13 18:17:59,800 INFO  [io.api.tes.ser.api.KafkaSerdesTester] (Thread-664) Sending message {"key11755109073224": "value-1", "key21755109077593": "value-1", "key31755109078744": "value-1"} to topic topic-742c3b1b_98cf_4af9_8783_deaf50c2e6e2
2025-08-13 18:17:59,802 INFO  [io.api.tes.ser.api.KafkaSerdesTester] (Thread-664) Sending message {"key11755109073224": "value-2", "key21755109077593": "value-2", "key31755109078744": "value-2"} to topic topic-742c3b1b_98cf_4af9_8783_deaf50c2e6e2
2025-08-13 18:17:59,804 INFO  [io.api.tes.ser.api.KafkaSerdesTester] (Thread-664) Sending message {"key11755109073224": "value-3", "key21755109077593": "value-3", "key31755109078744": "value-3"} to topic topic-742c3b1b_98cf_4af9_8783_deaf50c2e6e2
2025-08-13 18:17:59,808 INFO  [io.api.tes.ser.api.KafkaSerdesTester] (Thread-664) Sending message {"key11755109073224": "value-4", "key21755109077593": "value-4", "key31755109078744": "value-4"} to topic topic-742c3b1b_98cf_4af9_8783_deaf50c2e6e2
2025-08-13 18:17:59,810 INFO  [io.api.tes.ser.api.KafkaSerdesTester] (Thread-664) Sending message {"key11755109073224": "value-5", "key21755109077593": "value-5", "key31755109078744": "value-5"} to topic topic-742c3b1b_98cf_4af9_8783_deaf50c2e6e2
2025-08-13 18:17:59,811 INFO  [io.api.tes.ser.api.KafkaSerdesTester] (Thread-664) Sending message {"key11755109073224": "value-6", "key21755109077593": "value-6", "key31755109078744": "value-6"} to topic topic-742c3b1b_98cf_4af9_8783_deaf50c2e6e2
2025-08-13 18:17:59,813 INFO  [io.api.tes.ser.api.KafkaSerdesTester] (Thread-664) Sending message {"key11755109073224": "value-7", "key21755109077593": "value-7", "key31755109078744": "value-7"} to topic topic-742c3b1b_98cf_4af9_8783_deaf50c2e6e2
2025-08-13 18:17:59,815 INFO  [io.api.tes.ser.api.KafkaSerdesTester] (Thread-664) Sending message {"key11755109073224": "value-8", "key21755109077593": "value-8", "key31755109078744": "value-8"} to topic topic-742c3b1b_98cf_4af9_8783_deaf50c2e6e2
2025-08-13 18:17:59,817 INFO  [io.api.tes.ser.api.KafkaSerdesTester] (Thread-664) Sending message {"key11755109073224": "value-9", "key21755109077593": "value-9", "key31755109078744": "value-9"} to topic topic-742c3b1b_98cf_4af9_8783_deaf50c2e6e2
2025-08-13 18:17:59,818 INFO  [io.api.tes.ser.api.KafkaSerdesTester] (Thread-664) Produced 10 messages
2025-08-13 18:17:59,819 INFO  [io.api.tes.ser.api.KafkaSerdesTester] (Thread-665) Sending message {"key11755109073224": "value-0", "key21755109077593": "value-0"} to topic topic-742c3b1b_98cf_4af9_8783_deaf50c2e6e2
2025-08-13 18:17:59,820 INFO  [io.api.tes.ser.api.KafkaSerdesTester] (Thread-665) Sending message {"key11755109073224": "value-1", "key21755109077593": "value-1"} to topic topic-742c3b1b_98cf_4af9_8783_deaf50c2e6e2
2025-08-13 18:17:59,821 INFO  [io.api.tes.ser.api.KafkaSerdesTester] (Thread-665) Sending message {"key11755109073224": "value-2", "key21755109077593": "value-2"} to topic topic-742c3b1b_98cf_4af9_8783_deaf50c2e6e2
2025-08-13 18:17:59,822 INFO  [io.api.tes.ser.api.KafkaSerdesTester] (Thread-665) Sending message {"key11755109073224": "value-3", "key21755109077593": "value-3"} to topic topic-742c3b1b_98cf_4af9_8783_deaf50c2e6e2
2025-08-13 18:17:59,824 INFO  [io.api.tes.ser.api.KafkaSerdesTester] (Thread-665) Sending message {"key11755109073224": "value-4", "key21755109077593": "value-4"} to topic topic-742c3b1b_98cf_4af9_8783_deaf50c2e6e2
2025-08-13 18:17:59,825 INFO  [io.api.tes.ser.api.KafkaSerdesTester] (Thread-665) Sending message {"key11755109073224": "value-5", "key21755109077593": "value-5"} to topic topic-742c3b1b_98cf_4af9_8783_deaf50c2e6e2
2025-08-13 18:17:59,828 INFO  [io.api.tes.ser.api.KafkaSerdesTester] (Thread-665) Sending message {"key11755109073224": "value-6", "key21755109077593": "value-6"} to topic topic-742c3b1b_98cf_4af9_8783_deaf50c2e6e2
2025-08-13 18:17:59,831 INFO  [io.api.tes.ser.api.KafkaSerdesTester] (Thread-665) Sending message {"key11755109073224": "value-7", "key21755109077593": "value-7"} to topic topic-742c3b1b_98cf_4af9_8783_deaf50c2e6e2
2025-08-13 18:17:59,840 INFO  [io.api.tes.ser.api.KafkaSerdesTester] (Thread-665) Sending message {"key11755109073224": "value-8", "key21755109077593": "value-8"} to topic topic-742c3b1b_98cf_4af9_8783_deaf50c2e6e2
2025-08-13 18:17:59,842 INFO  [io.api.tes.ser.api.KafkaSerdesTester] (Thread-665) Sending message {"key11755109073224": "value-9", "key21755109077593": "value-9"} to topic topic-742c3b1b_98cf_4af9_8783_deaf50c2e6e2
2025-08-13 18:17:59,843 INFO  [io.api.tes.ser.api.KafkaSerdesTester] (Thread-665) Produced 10 messages
2025-08-13 18:17:59,843 INFO  [io.api.tes.ser.api.KafkaSerdesTester] (Thread-666) Sending message {"key11755109073224": "value-0"} to topic topic-742c3b1b_98cf_4af9_8783_deaf50c2e6e2
2025-08-13 18:17:59,845 INFO  [io.api.tes.ser.api.KafkaSerdesTester] (Thread-666) Sending message {"key11755109073224": "value-1"} to topic topic-742c3b1b_98cf_4af9_8783_deaf50c2e6e2
2025-08-13 18:17:59,846 INFO  [io.api.tes.ser.api.KafkaSerdesTester] (Thread-666) Sending message {"key11755109073224": "value-2"} to topic topic-742c3b1b_98cf_4af9_8783_deaf50c2e6e2
2025-08-13 18:17:59,848 INFO  [io.api.tes.ser.api.KafkaSerdesTester] (Thread-666) Sending message {"key11755109073224": "value-3"} to topic topic-742c3b1b_98cf_4af9_8783_deaf50c2e6e2
2025-08-13 18:17:59,849 INFO  [io.api.tes.ser.api.KafkaSerdesTester] (Thread-666) Sending message {"key11755109073224": "value-4"} to topic topic-742c3b1b_98cf_4af9_8783_deaf50c2e6e2
2025-08-13 18:17:59,851 INFO  [io.api.tes.ser.api.KafkaSerdesTester] (Thread-666) Sending message {"key11755109073224": "value-5"} to topic topic-742c3b1b_98cf_4af9_8783_deaf50c2e6e2
2025-08-13 18:17:59,852 INFO  [io.api.tes.ser.api.KafkaSerdesTester] (Thread-666) Sending message {"key11755109073224": "value-6"} to topic topic-742c3b1b_98cf_4af9_8783_deaf50c2e6e2
2025-08-13 18:17:59,853 INFO  [io.api.tes.ser.api.KafkaSerdesTester] (Thread-666) Sending message {"key11755109073224": "value-7"} to topic topic-742c3b1b_98cf_4af9_8783_deaf50c2e6e2
2025-08-13 18:17:59,855 INFO  [io.api.tes.ser.api.KafkaSerdesTester] (Thread-666) Sending message {"key11755109073224": "value-8"} to topic topic-742c3b1b_98cf_4af9_8783_deaf50c2e6e2
2025-08-13 18:17:59,857 INFO  [io.api.tes.ser.api.KafkaSerdesTester] (Thread-666) Sending message {"key11755109073224": "value-9"} to topic topic-742c3b1b_98cf_4af9_8783_deaf50c2e6e2
2025-08-13 18:17:59,859 INFO  [io.api.tes.ser.api.KafkaSerdesTester] (Thread-666) Produced 10 messages
2025-08-13 18:17:59,861 INFO  [org.apa.kaf.cli.con.int.ClassicKafkaConsumer] (Thread-667) [Consumer clientId=consumer-Consumer-topic-742c3b1b_98cf_4af9_8783_deaf50c2e6e2-9, groupId=Consumer-topic-742c3b1b_98cf_4af9_8783_deaf50c2e6e2] Subscribed to topic(s): topic-742c3b1b_98cf_4af9_8783_deaf50c2e6e2
2025-08-13 18:17:59,898 INFO  [io.api.tes.ser.api.KafkaSerdesTester] (Thread-667) topic-742c3b1b_98cf_4af9_8783_deaf50c2e6e2 0 30 {"key11755109073224": "value-0", "key21755109077593": "value-0", "key31755109078744": "value-0"}
2025-08-13 18:17:59,898 INFO  [io.api.tes.ser.api.KafkaSerdesTester] (Thread-667) topic-742c3b1b_98cf_4af9_8783_deaf50c2e6e2 0 31 {"key11755109073224": "value-1", "key21755109077593": "value-1", "key31755109078744": "value-1"}
2025-08-13 18:17:59,898 INFO  [io.api.tes.ser.api.KafkaSerdesTester] (Thread-667) topic-742c3b1b_98cf_4af9_8783_deaf50c2e6e2 0 32 {"key11755109073224": "value-2", "key21755109077593": "value-2", "key31755109078744": "value-2"}
2025-08-13 18:17:59,899 INFO  [io.api.tes.ser.api.KafkaSerdesTester] (Thread-667) topic-742c3b1b_98cf_4af9_8783_deaf50c2e6e2 0 33 {"key11755109073224": "value-3", "key21755109077593": "value-3", "key31755109078744": "value-3"}
2025-08-13 18:17:59,899 INFO  [io.api.tes.ser.api.KafkaSerdesTester] (Thread-667) topic-742c3b1b_98cf_4af9_8783_deaf50c2e6e2 0 34 {"key11755109073224": "value-4", "key21755109077593": "value-4", "key31755109078744": "value-4"}
2025-08-13 18:17:59,899 INFO  [io.api.tes.ser.api.KafkaSerdesTester] (Thread-667) topic-742c3b1b_98cf_4af9_8783_deaf50c2e6e2 0 35 {"key11755109073224": "value-5", "key21755109077593": "value-5", "key31755109078744": "value-5"}
2025-08-13 18:17:59,899 INFO  [io.api.tes.ser.api.KafkaSerdesTester] (Thread-667) topic-742c3b1b_98cf_4af9_8783_deaf50c2e6e2 0 36 {"key11755109073224": "value-6", "key21755109077593": "value-6", "key31755109078744": "value-6"}
2025-08-13 18:17:59,899 INFO  [io.api.tes.ser.api.KafkaSerdesTester] (Thread-667) topic-742c3b1b_98cf_4af9_8783_deaf50c2e6e2 0 37 {"key11755109073224": "value-7", "key21755109077593": "value-7", "key31755109078744": "value-7"}
2025-08-13 18:17:59,899 INFO  [io.api.tes.ser.api.KafkaSerdesTester] (Thread-667) topic-742c3b1b_98cf_4af9_8783_deaf50c2e6e2 0 38 {"key11755109073224": "value-8", "key21755109077593": "value-8", "key31755109078744": "value-8"}
2025-08-13 18:17:59,899 INFO  [io.api.tes.ser.api.KafkaSerdesTester] (Thread-667) topic-742c3b1b_98cf_4af9_8783_deaf50c2e6e2 0 39 {"key11755109073224": "value-9", "key21755109077593": "value-9", "key31755109078744": "value-9"}
2025-08-13 18:17:59,899 INFO  [io.api.tes.ser.api.KafkaSerdesTester] (Thread-667) topic-742c3b1b_98cf_4af9_8783_deaf50c2e6e2 0 40 {"key11755109073224": "value-0", "key21755109077593": "value-0"}
2025-08-13 18:17:59,899 INFO  [io.api.tes.ser.api.KafkaSerdesTester] (Thread-667) topic-742c3b1b_98cf_4af9_8783_deaf50c2e6e2 0 41 {"key11755109073224": "value-1", "key21755109077593": "value-1"}
2025-08-13 18:17:59,899 INFO  [io.api.tes.ser.api.KafkaSerdesTester] (Thread-667) topic-742c3b1b_98cf_4af9_8783_deaf50c2e6e2 0 42 {"key11755109073224": "value-2", "key21755109077593": "value-2"}
2025-08-13 18:17:59,899 INFO  [io.api.tes.ser.api.KafkaSerdesTester] (Thread-667) topic-742c3b1b_98cf_4af9_8783_deaf50c2e6e2 0 43 {"key11755109073224": "value-3", "key21755109077593": "value-3"}
2025-08-13 18:17:59,899 INFO  [io.api.tes.ser.api.KafkaSerdesTester] (Thread-667) topic-742c3b1b_98cf_4af9_8783_deaf50c2e6e2 0 44 {"key11755109073224": "value-4", "key21755109077593": "value-4"}
2025-08-13 18:17:59,899 INFO  [io.api.tes.ser.api.KafkaSerdesTester] (Thread-667) topic-742c3b1b_98cf_4af9_8783_deaf50c2e6e2 0 45 {"key11755109073224": "value-5", "key21755109077593": "value-5"}
2025-08-13 18:17:59,899 INFO  [io.api.tes.ser.api.KafkaSerdesTester] (Thread-667) topic-742c3b1b_98cf_4af9_8783_deaf50c2e6e2 0 46 {"key11755109073224": "value-6", "key21755109077593": "value-6"}
2025-08-13 18:17:59,899 INFO  [io.api.tes.ser.api.KafkaSerdesTester] (Thread-667) topic-742c3b1b_98cf_4af9_8783_deaf50c2e6e2 0 47 {"key11755109073224": "value-7", "key21755109077593": "value-7"}
2025-08-13 18:17:59,899 INFO  [io.api.tes.ser.api.KafkaSerdesTester] (Thread-667) topic-742c3b1b_98cf_4af9_8783_deaf50c2e6e2 0 48 {"key11755109073224": "value-8", "key21755109077593": "value-8"}
2025-08-13 18:17:59,899 INFO  [io.api.tes.ser.api.KafkaSerdesTester] (Thread-667) topic-742c3b1b_98cf_4af9_8783_deaf50c2e6e2 0 49 {"key11755109073224": "value-9", "key21755109077593": "value-9"}
2025-08-13 18:17:59,899 INFO  [io.api.tes.ser.api.KafkaSerdesTester] (Thread-667) topic-742c3b1b_98cf_4af9_8783_deaf50c2e6e2 0 50 {"key11755109073224": "value-0"}
2025-08-13 18:17:59,899 INFO  [io.api.tes.ser.api.KafkaSerdesTester] (Thread-667) topic-742c3b1b_98cf_4af9_8783_deaf50c2e6e2 0 51 {"key11755109073224": "value-1"}
2025-08-13 18:17:59,900 INFO  [io.api.tes.ser.api.KafkaSerdesTester] (Thread-667) topic-742c3b1b_98cf_4af9_8783_deaf50c2e6e2 0 52 {"key11755109073224": "value-2"}
2025-08-13 18:17:59,900 INFO  [io.api.tes.ser.api.KafkaSerdesTester] (Thread-667) topic-742c3b1b_98cf_4af9_8783_deaf50c2e6e2 0 53 {"key11755109073224": "value-3"}
2025-08-13 18:17:59,900 INFO  [io.api.tes.ser.api.KafkaSerdesTester] (Thread-667) topic-742c3b1b_98cf_4af9_8783_deaf50c2e6e2 0 54 {"key11755109073224": "value-4"}
2025-08-13 18:17:59,900 INFO  [io.api.tes.ser.api.KafkaSerdesTester] (Thread-667) topic-742c3b1b_98cf_4af9_8783_deaf50c2e6e2 0 55 {"key11755109073224": "value-5"}
2025-08-13 18:17:59,900 INFO  [io.api.tes.ser.api.KafkaSerdesTester] (Thread-667) topic-742c3b1b_98cf_4af9_8783_deaf50c2e6e2 0 56 {"key11755109073224": "value-6"}
2025-08-13 18:17:59,900 INFO  [io.api.tes.ser.api.KafkaSerdesTester] (Thread-667) topic-742c3b1b_98cf_4af9_8783_deaf50c2e6e2 0 57 {"key11755109073224": "value-7"}
2025-08-13 18:17:59,900 INFO  [io.api.tes.ser.api.KafkaSerdesTester] (Thread-667) topic-742c3b1b_98cf_4af9_8783_deaf50c2e6e2 0 58 {"key11755109073224": "value-8"}
2025-08-13 18:17:59,900 INFO  [io.api.tes.ser.api.KafkaSerdesTester] (Thread-667) topic-742c3b1b_98cf_4af9_8783_deaf50c2e6e2 0 59 {"key11755109073224": "value-9"}
2025-08-13 18:17:59,900 INFO  [io.api.tes.ser.api.KafkaSerdesTester] (Thread-667) Consumed 30 messages
2025-08-13 18:17:59,900 INFO  [org.apa.kaf.cli.pro.KafkaProducer] (main) [Producer clientId=Producer-topic-742c3b1b_98cf_4af9_8783_deaf50c2e6e2] Closing the Kafka producer with timeoutMillis = 9223372036854775807 ms.
2025-08-13 18:17:59,902 INFO  [org.apa.kaf.com.met.Metrics] (main) Metrics scheduler closed
2025-08-13 18:17:59,902 INFO  [org.apa.kaf.com.met.Metrics] (main) Closing reporter org.apache.kafka.common.metrics.JmxReporter
2025-08-13 18:17:59,903 INFO  [org.apa.kaf.com.met.Metrics] (main) Closing reporter org.apache.kafka.common.telemetry.internals.ClientTelemetryReporter
2025-08-13 18:17:59,903 INFO  [org.apa.kaf.com.met.Metrics] (main) Metrics reporters closed
2025-08-13 18:17:59,903 INFO  [org.apa.kaf.com.uti.AppInfoParser] (main) App info kafka.producer for Producer-topic-742c3b1b_98cf_4af9_8783_deaf50c2e6e2 unregistered
2025-08-13 18:17:59,911 INFO  [org.apa.kaf.cli.con.int.ConsumerRebalanceListenerInvoker] (main) [Consumer clientId=consumer-Consumer-topic-742c3b1b_98cf_4af9_8783_deaf50c2e6e2-9, groupId=Consumer-topic-742c3b1b_98cf_4af9_8783_deaf50c2e6e2] Revoke previously assigned partitions topic-742c3b1b_98cf_4af9_8783_deaf50c2e6e2-0
2025-08-13 18:17:59,912 INFO  [org.apa.kaf.cli.con.int.ConsumerCoordinator] (main) [Consumer clientId=consumer-Consumer-topic-742c3b1b_98cf_4af9_8783_deaf50c2e6e2-9, groupId=Consumer-topic-742c3b1b_98cf_4af9_8783_deaf50c2e6e2] Member consumer-Consumer-topic-742c3b1b_98cf_4af9_8783_deaf50c2e6e2-9-255b4fc3-5b94-46a2-abf4-bd490139e791 sending LeaveGroup request to coordinator localhost:32769 (id: 2147483647 rack: null) due to the consumer is being closed
2025-08-13 18:17:59,912 INFO  [org.apa.kaf.cli.con.int.ConsumerCoordinator] (main) [Consumer clientId=consumer-Consumer-topic-742c3b1b_98cf_4af9_8783_deaf50c2e6e2-9, groupId=Consumer-topic-742c3b1b_98cf_4af9_8783_deaf50c2e6e2] Resetting generation and member id due to: consumer pro-actively leaving the group
2025-08-13 18:17:59,912 INFO  [org.apa.kaf.cli.con.int.ConsumerCoordinator] (main) [Consumer clientId=consumer-Consumer-topic-742c3b1b_98cf_4af9_8783_deaf50c2e6e2-9, groupId=Consumer-topic-742c3b1b_98cf_4af9_8783_deaf50c2e6e2] Request joining group due to: consumer pro-actively leaving the group
2025-08-13 18:18:00,401 INFO  [org.apa.kaf.com.met.Metrics] (main) Metrics scheduler closed
2025-08-13 18:18:00,401 INFO  [org.apa.kaf.com.met.Metrics] (main) Closing reporter org.apache.kafka.common.metrics.JmxReporter
2025-08-13 18:18:00,401 INFO  [org.apa.kaf.com.met.Metrics] (main) Closing reporter org.apache.kafka.common.telemetry.internals.ClientTelemetryReporter
2025-08-13 18:18:00,401 INFO  [org.apa.kaf.com.met.Metrics] (main) Metrics reporters closed
2025-08-13 18:18:00,405 INFO  [org.apa.kaf.com.uti.AppInfoParser] (main) App info kafka.consumer for consumer-Consumer-topic-742c3b1b_98cf_4af9_8783_deaf50c2e6e2-9 unregistered
2025-08-13 18:18:00,406 INFO  [io.api.tes.uti.TestSeparator] (main) io.apicurio.tests.serdes.apicurio.AvroSerdeIT.testEvolveAvroApicurioReusingClient-FINISHED
2025-08-13 18:18:00,406 INFO  [io.api.tes.uti.TestSeparator] (main) ############################################################################
Test passed: testEvolveAvroApicurioReusingClient
]]></system-out>
  </testcase>
  <testcase name="testProducerUsesDefaultConsumerUsesGlobalId" classname="io.apicurio.tests.serdes.apicurio.AvroSerdeIT" time="0.0">
    <skipped message="void io.apicurio.tests.serdes.apicurio.AvroSerdeIT.testProducerUsesDefaultConsumerUsesGlobalId() throws java.lang.Exception is @Disabled"/>
  </testcase>
  <testcase name="testEvolveAvroApicurio" classname="io.apicurio.tests.serdes.apicurio.AvroSerdeIT" time="14.394">
    <system-out><![CDATA[2025-08-13 18:18:00,418 INFO  [io.api.tes.uti.TestSeparator] (main) ############################################################################
2025-08-13 18:18:00,418 INFO  [io.api.tes.uti.TestSeparator] (main) io.apicurio.tests.serdes.apicurio.AvroSerdeIT.testEvolveAvroApicurio-STARTED
2025-08-13 18:18:00,419 INFO  [io.api.tes.ser.api.AvroSerdeIT] (main) Registering Avro Schema: {"type":"record","name":"s8dfb517fxc63dx4132x9668x41a4f9acd0a0","namespace":"ns_641f4fc8_bb67_4c20_85f2_b31987c6fd50","fields":[{"name":"key11755109080419","type":"string"}]}
**** Registry Base URL: http://registry-app-inmemory.apps.ci419.apicurio-testing.org:80
2025-08-13 18:18:01,454 INFO  [org.apa.kaf.cli.pro.ProducerConfig] (main) ProducerConfig values: 
	acks = -1
	auto.include.jmx.reporter = true
	batch.size = 16384
	bootstrap.servers = [PLAINTEXT://localhost:32769]
	buffer.memory = 33554432
	client.dns.lookup = use_all_dns_ips
	client.id = Producer-topic-01f30084_226c_4e4f_8853_db7dc40ea146
	compression.gzip.level = -1
	compression.lz4.level = 9
	compression.type = none
	compression.zstd.level = 3
	connections.max.idle.ms = 10000
	delivery.timeout.ms = 120000
	enable.idempotence = true
	enable.metrics.push = true
	interceptor.classes = []
	key.serializer = class org.apache.kafka.common.serialization.StringSerializer
	linger.ms = 0
	max.block.ms = 60000
	max.in.flight.requests.per.connection = 5
	max.request.size = 1048576
	metadata.max.age.ms = 300000
	metadata.max.idle.ms = 300000
	metadata.recovery.strategy = none
	metric.reporters = []
	metrics.num.samples = 2
	metrics.recording.level = INFO
	metrics.sample.window.ms = 30000
	partitioner.adaptive.partitioning.enable = true
	partitioner.availability.timeout.ms = 0
	partitioner.class = null
	partitioner.ignore.keys = false
	receive.buffer.bytes = 32768
	reconnect.backoff.max.ms = 1000
	reconnect.backoff.ms = 50
	request.timeout.ms = 5000
	retries = 2147483647
	retry.backoff.max.ms = 1000
	retry.backoff.ms = 100
	sasl.client.callback.handler.class = null
	sasl.jaas.config = null
	sasl.kerberos.kinit.cmd = /usr/bin/kinit
	sasl.kerberos.min.time.before.relogin = 60000
	sasl.kerberos.service.name = null
	sasl.kerberos.ticket.renew.jitter = 0.05
	sasl.kerberos.ticket.renew.window.factor = 0.8
	sasl.login.callback.handler.class = null
	sasl.login.class = null
	sasl.login.connect.timeout.ms = null
	sasl.login.read.timeout.ms = null
	sasl.login.refresh.buffer.seconds = 300
	sasl.login.refresh.min.period.seconds = 60
	sasl.login.refresh.window.factor = 0.8
	sasl.login.refresh.window.jitter = 0.05
	sasl.login.retry.backoff.max.ms = 10000
	sasl.login.retry.backoff.ms = 100
	sasl.mechanism = GSSAPI
	sasl.oauthbearer.clock.skew.seconds = 30
	sasl.oauthbearer.expected.audience = null
	sasl.oauthbearer.expected.issuer = null
	sasl.oauthbearer.header.urlencode = false
	sasl.oauthbearer.jwks.endpoint.refresh.ms = 3600000
	sasl.oauthbearer.jwks.endpoint.retry.backoff.max.ms = 10000
	sasl.oauthbearer.jwks.endpoint.retry.backoff.ms = 100
	sasl.oauthbearer.jwks.endpoint.url = null
	sasl.oauthbearer.scope.claim.name = scope
	sasl.oauthbearer.sub.claim.name = sub
	sasl.oauthbearer.token.endpoint.url = null
	security.protocol = PLAINTEXT
	security.providers = null
	send.buffer.bytes = 131072
	socket.connection.setup.timeout.max.ms = 30000
	socket.connection.setup.timeout.ms = 10000
	ssl.cipher.suites = null
	ssl.enabled.protocols = [TLSv1.2, TLSv1.3]
	ssl.endpoint.identification.algorithm = https
	ssl.engine.factory.class = null
	ssl.key.password = null
	ssl.keymanager.algorithm = SunX509
	ssl.keystore.certificate.chain = null
	ssl.keystore.key = null
	ssl.keystore.location = null
	ssl.keystore.password = null
	ssl.keystore.type = JKS
	ssl.protocol = TLSv1.3
	ssl.provider = null
	ssl.secure.random.implementation = null
	ssl.trustmanager.algorithm = PKIX
	ssl.truststore.certificates = null
	ssl.truststore.location = null
	ssl.truststore.password = null
	ssl.truststore.type = JKS
	transaction.timeout.ms = 60000
	transactional.id = null
	value.serializer = class io.apicurio.registry.serde.avro.AvroKafkaSerializer

2025-08-13 18:18:01,455 INFO  [org.apa.kaf.com.tel.int.KafkaMetricsCollector] (main) initializing Kafka metrics collector
2025-08-13 18:18:01,458 INFO  [org.apa.kaf.cli.pro.KafkaProducer] (main) [Producer clientId=Producer-topic-01f30084_226c_4e4f_8853_db7dc40ea146] Instantiated an idempotent producer.
2025-08-13 18:18:01,463 INFO  [org.apa.kaf.cli.pro.ProducerConfig] (main) These configurations '[apicurio.registry.url, apicurio.registry.artifact-resolver-strategy]' were supplied but are not used yet.
2025-08-13 18:18:01,463 INFO  [org.apa.kaf.com.uti.AppInfoParser] (main) Kafka version: 3.9.1
2025-08-13 18:18:01,463 INFO  [org.apa.kaf.com.uti.AppInfoParser] (main) Kafka commitId: f745dfdcee2b9851
2025-08-13 18:18:01,463 INFO  [org.apa.kaf.com.uti.AppInfoParser] (main) Kafka startTimeMs: 1755109081463
**** Registry Base URL: http://registry-app-inmemory.apps.ci419.apicurio-testing.org:80
2025-08-13 18:18:01,464 INFO  [org.apa.kaf.cli.con.ConsumerConfig] (main) ConsumerConfig values: 
	allow.auto.create.topics = true
	auto.commit.interval.ms = 500
	auto.include.jmx.reporter = true
	auto.offset.reset = earliest
	bootstrap.servers = [PLAINTEXT://localhost:32769]
	check.crcs = true
	client.dns.lookup = use_all_dns_ips
	client.id = consumer-Consumer-topic-01f30084_226c_4e4f_8853_db7dc40ea146-10
	client.rack = 
	connections.max.idle.ms = 10000
	default.api.timeout.ms = 60000
	enable.auto.commit = true
	enable.metrics.push = true
	exclude.internal.topics = true
	fetch.max.bytes = 52428800
	fetch.max.wait.ms = 500
	fetch.min.bytes = 1
	group.id = Consumer-topic-01f30084_226c_4e4f_8853_db7dc40ea146
	group.instance.id = null
	group.protocol = classic
	group.remote.assignor = null
	heartbeat.interval.ms = 3000
	interceptor.classes = []
	internal.leave.group.on.close = true
	internal.throw.on.fetch.stable.offset.unsupported = false
	isolation.level = read_uncommitted
	key.deserializer = class org.apache.kafka.common.serialization.StringDeserializer
	max.partition.fetch.bytes = 1048576
	max.poll.interval.ms = 300000
	max.poll.records = 500
	metadata.max.age.ms = 300000
	metadata.recovery.strategy = none
	metric.reporters = []
	metrics.num.samples = 2
	metrics.recording.level = INFO
	metrics.sample.window.ms = 30000
	partition.assignment.strategy = [class org.apache.kafka.clients.consumer.RangeAssignor, class org.apache.kafka.clients.consumer.CooperativeStickyAssignor]
	receive.buffer.bytes = 65536
	reconnect.backoff.max.ms = 1000
	reconnect.backoff.ms = 50
	request.timeout.ms = 5000
	retry.backoff.max.ms = 1000
	retry.backoff.ms = 100
	sasl.client.callback.handler.class = null
	sasl.jaas.config = null
	sasl.kerberos.kinit.cmd = /usr/bin/kinit
	sasl.kerberos.min.time.before.relogin = 60000
	sasl.kerberos.service.name = null
	sasl.kerberos.ticket.renew.jitter = 0.05
	sasl.kerberos.ticket.renew.window.factor = 0.8
	sasl.login.callback.handler.class = null
	sasl.login.class = null
	sasl.login.connect.timeout.ms = null
	sasl.login.read.timeout.ms = null
	sasl.login.refresh.buffer.seconds = 300
	sasl.login.refresh.min.period.seconds = 60
	sasl.login.refresh.window.factor = 0.8
	sasl.login.refresh.window.jitter = 0.05
	sasl.login.retry.backoff.max.ms = 10000
	sasl.login.retry.backoff.ms = 100
	sasl.mechanism = GSSAPI
	sasl.oauthbearer.clock.skew.seconds = 30
	sasl.oauthbearer.expected.audience = null
	sasl.oauthbearer.expected.issuer = null
	sasl.oauthbearer.header.urlencode = false
	sasl.oauthbearer.jwks.endpoint.refresh.ms = 3600000
	sasl.oauthbearer.jwks.endpoint.retry.backoff.max.ms = 10000
	sasl.oauthbearer.jwks.endpoint.retry.backoff.ms = 100
	sasl.oauthbearer.jwks.endpoint.url = null
	sasl.oauthbearer.scope.claim.name = scope
	sasl.oauthbearer.sub.claim.name = sub
	sasl.oauthbearer.token.endpoint.url = null
	security.protocol = PLAINTEXT
	security.providers = null
	send.buffer.bytes = 131072
	session.timeout.ms = 45000
	socket.connection.setup.timeout.max.ms = 30000
	socket.connection.setup.timeout.ms = 10000
	ssl.cipher.suites = null
	ssl.enabled.protocols = [TLSv1.2, TLSv1.3]
	ssl.endpoint.identification.algorithm = https
	ssl.engine.factory.class = null
	ssl.key.password = null
	ssl.keymanager.algorithm = SunX509
	ssl.keystore.certificate.chain = null
	ssl.keystore.key = null
	ssl.keystore.location = null
	ssl.keystore.password = null
	ssl.keystore.type = JKS
	ssl.protocol = TLSv1.3
	ssl.provider = null
	ssl.secure.random.implementation = null
	ssl.trustmanager.algorithm = PKIX
	ssl.truststore.certificates = null
	ssl.truststore.location = null
	ssl.truststore.password = null
	ssl.truststore.type = JKS
	value.deserializer = class io.apicurio.registry.serde.avro.AvroKafkaDeserializer

2025-08-13 18:18:01,465 INFO  [org.apa.kaf.com.tel.int.KafkaMetricsCollector] (main) initializing Kafka metrics collector
2025-08-13 18:18:01,465 INFO  [org.apa.kaf.cli.Metadata] (kafka-producer-network-thread | Producer-topic-01f30084_226c_4e4f_8853_db7dc40ea146) [Producer clientId=Producer-topic-01f30084_226c_4e4f_8853_db7dc40ea146] Cluster ID: 4IlD_Sy2TMOqYF-Nc3vIHA
2025-08-13 18:18:01,469 INFO  [org.apa.kaf.cli.pro.int.TransactionManager] (kafka-producer-network-thread | Producer-topic-01f30084_226c_4e4f_8853_db7dc40ea146) [Producer clientId=Producer-topic-01f30084_226c_4e4f_8853_db7dc40ea146] ProducerId set to 12 with epoch 0
2025-08-13 18:18:01,473 INFO  [org.apa.kaf.cli.con.ConsumerConfig] (main) These configurations '[apicurio.registry.url]' were supplied but are not used yet.
2025-08-13 18:18:01,473 INFO  [org.apa.kaf.com.uti.AppInfoParser] (main) Kafka version: 3.9.1
2025-08-13 18:18:01,473 INFO  [org.apa.kaf.com.uti.AppInfoParser] (main) Kafka commitId: f745dfdcee2b9851
2025-08-13 18:18:01,473 INFO  [org.apa.kaf.com.uti.AppInfoParser] (main) Kafka startTimeMs: 1755109081473
2025-08-13 18:18:01,474 INFO  [io.api.tes.ser.api.KafkaSerdesTester] (Thread-672) Sending message {"key11755109080419": "value-0"} to topic topic-01f30084_226c_4e4f_8853_db7dc40ea146
2025-08-13 18:18:01,477 INFO  [DefaultSchemaResolver] (Thread-672) Retrieving schema content using string: {"type":"record","name":"s8dfb517fxc63dx4132x9668x41a4f9acd0a0","namespace":"ns_641f4fc8_bb67_4c20_85f2_b31987c6fd50","fields":[{"name":"key11755109080419","type":"string"}]}
2025-08-13 18:18:01,506 INFO  [io.api.tes.ser.api.KafkaSerdesTester] (Thread-672) Sending message {"key11755109080419": "value-1"} to topic topic-01f30084_226c_4e4f_8853_db7dc40ea146
2025-08-13 18:18:01,508 INFO  [io.api.tes.ser.api.KafkaSerdesTester] (Thread-672) Sending message {"key11755109080419": "value-2"} to topic topic-01f30084_226c_4e4f_8853_db7dc40ea146
2025-08-13 18:18:01,511 INFO  [io.api.tes.ser.api.KafkaSerdesTester] (Thread-672) Sending message {"key11755109080419": "value-3"} to topic topic-01f30084_226c_4e4f_8853_db7dc40ea146
2025-08-13 18:18:01,514 INFO  [io.api.tes.ser.api.KafkaSerdesTester] (Thread-672) Sending message {"key11755109080419": "value-4"} to topic topic-01f30084_226c_4e4f_8853_db7dc40ea146
2025-08-13 18:18:01,516 INFO  [io.api.tes.ser.api.KafkaSerdesTester] (Thread-672) Sending message {"key11755109080419": "value-5"} to topic topic-01f30084_226c_4e4f_8853_db7dc40ea146
2025-08-13 18:18:01,517 INFO  [io.api.tes.ser.api.KafkaSerdesTester] (Thread-672) Sending message {"key11755109080419": "value-6"} to topic topic-01f30084_226c_4e4f_8853_db7dc40ea146
2025-08-13 18:18:01,520 INFO  [io.api.tes.ser.api.KafkaSerdesTester] (Thread-672) Sending message {"key11755109080419": "value-7"} to topic topic-01f30084_226c_4e4f_8853_db7dc40ea146
2025-08-13 18:18:01,524 INFO  [io.api.tes.ser.api.KafkaSerdesTester] (Thread-672) Sending message {"key11755109080419": "value-8"} to topic topic-01f30084_226c_4e4f_8853_db7dc40ea146
2025-08-13 18:18:01,525 INFO  [io.api.tes.ser.api.KafkaSerdesTester] (Thread-672) Sending message {"key11755109080419": "value-9"} to topic topic-01f30084_226c_4e4f_8853_db7dc40ea146
2025-08-13 18:18:01,528 INFO  [io.api.tes.ser.api.KafkaSerdesTester] (Thread-672) Produced 10 messages
2025-08-13 18:18:01,528 INFO  [org.apa.kaf.cli.pro.KafkaProducer] (Thread-672) [Producer clientId=Producer-topic-01f30084_226c_4e4f_8853_db7dc40ea146] Closing the Kafka producer with timeoutMillis = 9223372036854775807 ms.
2025-08-13 18:18:01,530 INFO  [org.apa.kaf.com.met.Metrics] (Thread-672) Metrics scheduler closed
2025-08-13 18:18:01,530 INFO  [org.apa.kaf.com.met.Metrics] (Thread-672) Closing reporter org.apache.kafka.common.metrics.JmxReporter
2025-08-13 18:18:01,531 INFO  [org.apa.kaf.com.met.Metrics] (Thread-672) Closing reporter org.apache.kafka.common.telemetry.internals.ClientTelemetryReporter
2025-08-13 18:18:01,531 INFO  [org.apa.kaf.com.met.Metrics] (Thread-672) Metrics reporters closed
2025-08-13 18:18:01,532 INFO  [org.apa.kaf.com.uti.AppInfoParser] (Thread-672) App info kafka.producer for Producer-topic-01f30084_226c_4e4f_8853_db7dc40ea146 unregistered
2025-08-13 18:18:01,533 INFO  [org.apa.kaf.cli.con.int.ClassicKafkaConsumer] (Thread-673) [Consumer clientId=consumer-Consumer-topic-01f30084_226c_4e4f_8853_db7dc40ea146-10, groupId=Consumer-topic-01f30084_226c_4e4f_8853_db7dc40ea146] Subscribed to topic(s): topic-01f30084_226c_4e4f_8853_db7dc40ea146
2025-08-13 18:18:01,538 INFO  [org.apa.kaf.cli.Metadata] (Thread-673) [Consumer clientId=consumer-Consumer-topic-01f30084_226c_4e4f_8853_db7dc40ea146-10, groupId=Consumer-topic-01f30084_226c_4e4f_8853_db7dc40ea146] Cluster ID: 4IlD_Sy2TMOqYF-Nc3vIHA
2025-08-13 18:18:01,539 INFO  [org.apa.kaf.cli.con.int.ConsumerCoordinator] (Thread-673) [Consumer clientId=consumer-Consumer-topic-01f30084_226c_4e4f_8853_db7dc40ea146-10, groupId=Consumer-topic-01f30084_226c_4e4f_8853_db7dc40ea146] Discovered group coordinator localhost:32769 (id: 2147483647 rack: null)
2025-08-13 18:18:01,541 INFO  [org.apa.kaf.cli.con.int.ConsumerCoordinator] (Thread-673) [Consumer clientId=consumer-Consumer-topic-01f30084_226c_4e4f_8853_db7dc40ea146-10, groupId=Consumer-topic-01f30084_226c_4e4f_8853_db7dc40ea146] (Re-)joining group
2025-08-13 18:18:01,546 INFO  [org.apa.kaf.cli.con.int.ConsumerCoordinator] (Thread-673) [Consumer clientId=consumer-Consumer-topic-01f30084_226c_4e4f_8853_db7dc40ea146-10, groupId=Consumer-topic-01f30084_226c_4e4f_8853_db7dc40ea146] Request joining group due to: need to re-join with the given member-id: consumer-Consumer-topic-01f30084_226c_4e4f_8853_db7dc40ea146-10-d3d67b3d-7f36-45ff-8e53-149a4f27aa90
2025-08-13 18:18:01,546 INFO  [org.apa.kaf.cli.con.int.ConsumerCoordinator] (Thread-673) [Consumer clientId=consumer-Consumer-topic-01f30084_226c_4e4f_8853_db7dc40ea146-10, groupId=Consumer-topic-01f30084_226c_4e4f_8853_db7dc40ea146] (Re-)joining group
2025-08-13 18:18:02,533 INFO  [io.api.tes.ser.api.KafkaSerdesTester] (Thread-673) None found
2025-08-13 18:18:03,533 INFO  [io.api.tes.ser.api.KafkaSerdesTester] (Thread-673) None found
2025-08-13 18:18:04,533 INFO  [io.api.tes.ser.api.KafkaSerdesTester] (Thread-673) None found
2025-08-13 18:18:04,548 INFO  [org.apa.kaf.cli.con.int.ConsumerCoordinator] (Thread-673) [Consumer clientId=consumer-Consumer-topic-01f30084_226c_4e4f_8853_db7dc40ea146-10, groupId=Consumer-topic-01f30084_226c_4e4f_8853_db7dc40ea146] Successfully joined group with generation Generation{generationId=1, memberId='consumer-Consumer-topic-01f30084_226c_4e4f_8853_db7dc40ea146-10-d3d67b3d-7f36-45ff-8e53-149a4f27aa90', protocol='range'}
2025-08-13 18:18:04,548 INFO  [org.apa.kaf.cli.con.int.ConsumerCoordinator] (Thread-673) [Consumer clientId=consumer-Consumer-topic-01f30084_226c_4e4f_8853_db7dc40ea146-10, groupId=Consumer-topic-01f30084_226c_4e4f_8853_db7dc40ea146] Finished assignment for group at generation 1: {consumer-Consumer-topic-01f30084_226c_4e4f_8853_db7dc40ea146-10-d3d67b3d-7f36-45ff-8e53-149a4f27aa90=Assignment(partitions=[topic-01f30084_226c_4e4f_8853_db7dc40ea146-0])}
2025-08-13 18:18:04,555 INFO  [org.apa.kaf.cli.con.int.ConsumerCoordinator] (Thread-673) [Consumer clientId=consumer-Consumer-topic-01f30084_226c_4e4f_8853_db7dc40ea146-10, groupId=Consumer-topic-01f30084_226c_4e4f_8853_db7dc40ea146] Successfully synced group in generation Generation{generationId=1, memberId='consumer-Consumer-topic-01f30084_226c_4e4f_8853_db7dc40ea146-10-d3d67b3d-7f36-45ff-8e53-149a4f27aa90', protocol='range'}
2025-08-13 18:18:04,555 INFO  [org.apa.kaf.cli.con.int.ConsumerCoordinator] (Thread-673) [Consumer clientId=consumer-Consumer-topic-01f30084_226c_4e4f_8853_db7dc40ea146-10, groupId=Consumer-topic-01f30084_226c_4e4f_8853_db7dc40ea146] Notifying assignor about the new Assignment(partitions=[topic-01f30084_226c_4e4f_8853_db7dc40ea146-0])
2025-08-13 18:18:04,555 INFO  [org.apa.kaf.cli.con.int.ConsumerRebalanceListenerInvoker] (Thread-673) [Consumer clientId=consumer-Consumer-topic-01f30084_226c_4e4f_8853_db7dc40ea146-10, groupId=Consumer-topic-01f30084_226c_4e4f_8853_db7dc40ea146] Adding newly assigned partitions: topic-01f30084_226c_4e4f_8853_db7dc40ea146-0
2025-08-13 18:18:04,556 INFO  [org.apa.kaf.cli.con.int.ConsumerCoordinator] (Thread-673) [Consumer clientId=consumer-Consumer-topic-01f30084_226c_4e4f_8853_db7dc40ea146-10, groupId=Consumer-topic-01f30084_226c_4e4f_8853_db7dc40ea146] Found no committed offset for partition topic-01f30084_226c_4e4f_8853_db7dc40ea146-0
2025-08-13 18:18:04,560 INFO  [org.apa.kaf.cli.con.int.SubscriptionState] (Thread-673) [Consumer clientId=consumer-Consumer-topic-01f30084_226c_4e4f_8853_db7dc40ea146-10, groupId=Consumer-topic-01f30084_226c_4e4f_8853_db7dc40ea146] Resetting offset for partition topic-01f30084_226c_4e4f_8853_db7dc40ea146-0 to position FetchPosition{offset=0, offsetEpoch=Optional.empty, currentLeader=LeaderAndEpoch{leader=Optional[localhost:32769 (id: 0 rack: null)], epoch=0}}.
2025-08-13 18:18:04,603 INFO  [io.api.tes.ser.api.KafkaSerdesTester] (Thread-673) topic-01f30084_226c_4e4f_8853_db7dc40ea146 0 0 {"key11755109080419": "value-0"}
2025-08-13 18:18:04,603 INFO  [io.api.tes.ser.api.KafkaSerdesTester] (Thread-673) topic-01f30084_226c_4e4f_8853_db7dc40ea146 0 1 {"key11755109080419": "value-1"}
2025-08-13 18:18:04,603 INFO  [io.api.tes.ser.api.KafkaSerdesTester] (Thread-673) topic-01f30084_226c_4e4f_8853_db7dc40ea146 0 2 {"key11755109080419": "value-2"}
2025-08-13 18:18:04,603 INFO  [io.api.tes.ser.api.KafkaSerdesTester] (Thread-673) topic-01f30084_226c_4e4f_8853_db7dc40ea146 0 3 {"key11755109080419": "value-3"}
2025-08-13 18:18:04,603 INFO  [io.api.tes.ser.api.KafkaSerdesTester] (Thread-673) topic-01f30084_226c_4e4f_8853_db7dc40ea146 0 4 {"key11755109080419": "value-4"}
2025-08-13 18:18:04,603 INFO  [io.api.tes.ser.api.KafkaSerdesTester] (Thread-673) topic-01f30084_226c_4e4f_8853_db7dc40ea146 0 5 {"key11755109080419": "value-5"}
2025-08-13 18:18:04,603 INFO  [io.api.tes.ser.api.KafkaSerdesTester] (Thread-673) topic-01f30084_226c_4e4f_8853_db7dc40ea146 0 6 {"key11755109080419": "value-6"}
2025-08-13 18:18:04,603 INFO  [io.api.tes.ser.api.KafkaSerdesTester] (Thread-673) topic-01f30084_226c_4e4f_8853_db7dc40ea146 0 7 {"key11755109080419": "value-7"}
2025-08-13 18:18:04,603 INFO  [io.api.tes.ser.api.KafkaSerdesTester] (Thread-673) topic-01f30084_226c_4e4f_8853_db7dc40ea146 0 8 {"key11755109080419": "value-8"}
2025-08-13 18:18:04,603 INFO  [io.api.tes.ser.api.KafkaSerdesTester] (Thread-673) topic-01f30084_226c_4e4f_8853_db7dc40ea146 0 9 {"key11755109080419": "value-9"}
2025-08-13 18:18:04,603 INFO  [io.api.tes.ser.api.KafkaSerdesTester] (Thread-673) Consumed 10 messages
2025-08-13 18:18:04,610 INFO  [org.apa.kaf.cli.con.int.ConsumerRebalanceListenerInvoker] (Thread-673) [Consumer clientId=consumer-Consumer-topic-01f30084_226c_4e4f_8853_db7dc40ea146-10, groupId=Consumer-topic-01f30084_226c_4e4f_8853_db7dc40ea146] Revoke previously assigned partitions topic-01f30084_226c_4e4f_8853_db7dc40ea146-0
2025-08-13 18:18:04,610 INFO  [org.apa.kaf.cli.con.int.ConsumerCoordinator] (Thread-673) [Consumer clientId=consumer-Consumer-topic-01f30084_226c_4e4f_8853_db7dc40ea146-10, groupId=Consumer-topic-01f30084_226c_4e4f_8853_db7dc40ea146] Member consumer-Consumer-topic-01f30084_226c_4e4f_8853_db7dc40ea146-10-d3d67b3d-7f36-45ff-8e53-149a4f27aa90 sending LeaveGroup request to coordinator localhost:32769 (id: 2147483647 rack: null) due to the consumer is being closed
2025-08-13 18:18:04,611 INFO  [org.apa.kaf.cli.con.int.ConsumerCoordinator] (Thread-673) [Consumer clientId=consumer-Consumer-topic-01f30084_226c_4e4f_8853_db7dc40ea146-10, groupId=Consumer-topic-01f30084_226c_4e4f_8853_db7dc40ea146] Resetting generation and member id due to: consumer pro-actively leaving the group
2025-08-13 18:18:04,611 INFO  [org.apa.kaf.cli.con.int.ConsumerCoordinator] (Thread-673) [Consumer clientId=consumer-Consumer-topic-01f30084_226c_4e4f_8853_db7dc40ea146-10, groupId=Consumer-topic-01f30084_226c_4e4f_8853_db7dc40ea146] Request joining group due to: consumer pro-actively leaving the group
2025-08-13 18:18:05,106 INFO  [org.apa.kaf.com.met.Metrics] (Thread-673) Metrics scheduler closed
2025-08-13 18:18:05,106 INFO  [org.apa.kaf.com.met.Metrics] (Thread-673) Closing reporter org.apache.kafka.common.metrics.JmxReporter
2025-08-13 18:18:05,106 INFO  [org.apa.kaf.com.met.Metrics] (Thread-673) Closing reporter org.apache.kafka.common.telemetry.internals.ClientTelemetryReporter
2025-08-13 18:18:05,106 INFO  [org.apa.kaf.com.met.Metrics] (Thread-673) Metrics reporters closed
2025-08-13 18:18:05,108 INFO  [org.apa.kaf.com.uti.AppInfoParser] (Thread-673) App info kafka.consumer for consumer-Consumer-topic-01f30084_226c_4e4f_8853_db7dc40ea146-10 unregistered
2025-08-13 18:18:05,109 INFO  [io.api.tes.ser.api.AvroSerdeIT] (main) Registering Avro Schema 2: {"type":"record","name":"s8dfb517fxc63dx4132x9668x41a4f9acd0a0","namespace":"ns_641f4fc8_bb67_4c20_85f2_b31987c6fd50","fields":[{"name":"key11755109080419","type":"string"},{"name":"key21755109085108","type":"string"}]}
**** Registry Base URL: http://registry-app-inmemory.apps.ci419.apicurio-testing.org:80
2025-08-13 18:18:06,153 INFO  [org.apa.kaf.cli.pro.ProducerConfig] (main) ProducerConfig values: 
	acks = -1
	auto.include.jmx.reporter = true
	batch.size = 16384
	bootstrap.servers = [PLAINTEXT://localhost:32769]
	buffer.memory = 33554432
	client.dns.lookup = use_all_dns_ips
	client.id = Producer-topic-01f30084_226c_4e4f_8853_db7dc40ea146
	compression.gzip.level = -1
	compression.lz4.level = 9
	compression.type = none
	compression.zstd.level = 3
	connections.max.idle.ms = 10000
	delivery.timeout.ms = 120000
	enable.idempotence = true
	enable.metrics.push = true
	interceptor.classes = []
	key.serializer = class org.apache.kafka.common.serialization.StringSerializer
	linger.ms = 0
	max.block.ms = 60000
	max.in.flight.requests.per.connection = 5
	max.request.size = 1048576
	metadata.max.age.ms = 300000
	metadata.max.idle.ms = 300000
	metadata.recovery.strategy = none
	metric.reporters = []
	metrics.num.samples = 2
	metrics.recording.level = INFO
	metrics.sample.window.ms = 30000
	partitioner.adaptive.partitioning.enable = true
	partitioner.availability.timeout.ms = 0
	partitioner.class = null
	partitioner.ignore.keys = false
	receive.buffer.bytes = 32768
	reconnect.backoff.max.ms = 1000
	reconnect.backoff.ms = 50
	request.timeout.ms = 5000
	retries = 2147483647
	retry.backoff.max.ms = 1000
	retry.backoff.ms = 100
	sasl.client.callback.handler.class = null
	sasl.jaas.config = null
	sasl.kerberos.kinit.cmd = /usr/bin/kinit
	sasl.kerberos.min.time.before.relogin = 60000
	sasl.kerberos.service.name = null
	sasl.kerberos.ticket.renew.jitter = 0.05
	sasl.kerberos.ticket.renew.window.factor = 0.8
	sasl.login.callback.handler.class = null
	sasl.login.class = null
	sasl.login.connect.timeout.ms = null
	sasl.login.read.timeout.ms = null
	sasl.login.refresh.buffer.seconds = 300
	sasl.login.refresh.min.period.seconds = 60
	sasl.login.refresh.window.factor = 0.8
	sasl.login.refresh.window.jitter = 0.05
	sasl.login.retry.backoff.max.ms = 10000
	sasl.login.retry.backoff.ms = 100
	sasl.mechanism = GSSAPI
	sasl.oauthbearer.clock.skew.seconds = 30
	sasl.oauthbearer.expected.audience = null
	sasl.oauthbearer.expected.issuer = null
	sasl.oauthbearer.header.urlencode = false
	sasl.oauthbearer.jwks.endpoint.refresh.ms = 3600000
	sasl.oauthbearer.jwks.endpoint.retry.backoff.max.ms = 10000
	sasl.oauthbearer.jwks.endpoint.retry.backoff.ms = 100
	sasl.oauthbearer.jwks.endpoint.url = null
	sasl.oauthbearer.scope.claim.name = scope
	sasl.oauthbearer.sub.claim.name = sub
	sasl.oauthbearer.token.endpoint.url = null
	security.protocol = PLAINTEXT
	security.providers = null
	send.buffer.bytes = 131072
	socket.connection.setup.timeout.max.ms = 30000
	socket.connection.setup.timeout.ms = 10000
	ssl.cipher.suites = null
	ssl.enabled.protocols = [TLSv1.2, TLSv1.3]
	ssl.endpoint.identification.algorithm = https
	ssl.engine.factory.class = null
	ssl.key.password = null
	ssl.keymanager.algorithm = SunX509
	ssl.keystore.certificate.chain = null
	ssl.keystore.key = null
	ssl.keystore.location = null
	ssl.keystore.password = null
	ssl.keystore.type = JKS
	ssl.protocol = TLSv1.3
	ssl.provider = null
	ssl.secure.random.implementation = null
	ssl.trustmanager.algorithm = PKIX
	ssl.truststore.certificates = null
	ssl.truststore.location = null
	ssl.truststore.password = null
	ssl.truststore.type = JKS
	transaction.timeout.ms = 60000
	transactional.id = null
	value.serializer = class io.apicurio.registry.serde.avro.AvroKafkaSerializer

2025-08-13 18:18:06,154 INFO  [org.apa.kaf.com.tel.int.KafkaMetricsCollector] (main) initializing Kafka metrics collector
2025-08-13 18:18:06,157 INFO  [org.apa.kaf.cli.pro.KafkaProducer] (main) [Producer clientId=Producer-topic-01f30084_226c_4e4f_8853_db7dc40ea146] Instantiated an idempotent producer.
2025-08-13 18:18:06,158 INFO  [org.apa.kaf.cli.pro.ProducerConfig] (main) These configurations '[apicurio.registry.url, apicurio.registry.artifact-resolver-strategy]' were supplied but are not used yet.
2025-08-13 18:18:06,158 INFO  [org.apa.kaf.com.uti.AppInfoParser] (main) Kafka version: 3.9.1
2025-08-13 18:18:06,158 INFO  [org.apa.kaf.com.uti.AppInfoParser] (main) Kafka commitId: f745dfdcee2b9851
2025-08-13 18:18:06,158 INFO  [org.apa.kaf.com.uti.AppInfoParser] (main) Kafka startTimeMs: 1755109086158
2025-08-13 18:18:06,159 INFO  [io.api.tes.ser.api.KafkaSerdesTester] (Thread-676) Sending message {"key11755109080419": "value-0", "key21755109085108": "value-0"} to topic topic-01f30084_226c_4e4f_8853_db7dc40ea146
2025-08-13 18:18:06,163 INFO  [org.apa.kaf.cli.Metadata] (kafka-producer-network-thread | Producer-topic-01f30084_226c_4e4f_8853_db7dc40ea146) [Producer clientId=Producer-topic-01f30084_226c_4e4f_8853_db7dc40ea146] Cluster ID: 4IlD_Sy2TMOqYF-Nc3vIHA
2025-08-13 18:18:06,166 INFO  [DefaultSchemaResolver] (Thread-676) Retrieving schema content using string: {"type":"record","name":"s8dfb517fxc63dx4132x9668x41a4f9acd0a0","namespace":"ns_641f4fc8_bb67_4c20_85f2_b31987c6fd50","fields":[{"name":"key11755109080419","type":"string"},{"name":"key21755109085108","type":"string"}]}
2025-08-13 18:18:06,166 INFO  [org.apa.kaf.cli.pro.int.TransactionManager] (kafka-producer-network-thread | Producer-topic-01f30084_226c_4e4f_8853_db7dc40ea146) [Producer clientId=Producer-topic-01f30084_226c_4e4f_8853_db7dc40ea146] ProducerId set to 13 with epoch 0
2025-08-13 18:18:06,193 INFO  [io.api.tes.ser.api.KafkaSerdesTester] (Thread-676) Sending message {"key11755109080419": "value-1", "key21755109085108": "value-1"} to topic topic-01f30084_226c_4e4f_8853_db7dc40ea146
2025-08-13 18:18:06,196 INFO  [io.api.tes.ser.api.KafkaSerdesTester] (Thread-676) Sending message {"key11755109080419": "value-2", "key21755109085108": "value-2"} to topic topic-01f30084_226c_4e4f_8853_db7dc40ea146
2025-08-13 18:18:06,201 INFO  [io.api.tes.ser.api.KafkaSerdesTester] (Thread-676) Sending message {"key11755109080419": "value-3", "key21755109085108": "value-3"} to topic topic-01f30084_226c_4e4f_8853_db7dc40ea146
2025-08-13 18:18:06,203 INFO  [io.api.tes.ser.api.KafkaSerdesTester] (Thread-676) Sending message {"key11755109080419": "value-4", "key21755109085108": "value-4"} to topic topic-01f30084_226c_4e4f_8853_db7dc40ea146
2025-08-13 18:18:06,205 INFO  [io.api.tes.ser.api.KafkaSerdesTester] (Thread-676) Sending message {"key11755109080419": "value-5", "key21755109085108": "value-5"} to topic topic-01f30084_226c_4e4f_8853_db7dc40ea146
2025-08-13 18:18:06,208 INFO  [io.api.tes.ser.api.KafkaSerdesTester] (Thread-676) Sending message {"key11755109080419": "value-6", "key21755109085108": "value-6"} to topic topic-01f30084_226c_4e4f_8853_db7dc40ea146
2025-08-13 18:18:06,211 INFO  [io.api.tes.ser.api.KafkaSerdesTester] (Thread-676) Sending message {"key11755109080419": "value-7", "key21755109085108": "value-7"} to topic topic-01f30084_226c_4e4f_8853_db7dc40ea146
2025-08-13 18:18:06,214 INFO  [io.api.tes.ser.api.KafkaSerdesTester] (Thread-676) Sending message {"key11755109080419": "value-8", "key21755109085108": "value-8"} to topic topic-01f30084_226c_4e4f_8853_db7dc40ea146
2025-08-13 18:18:06,218 INFO  [io.api.tes.ser.api.KafkaSerdesTester] (Thread-676) Sending message {"key11755109080419": "value-9", "key21755109085108": "value-9"} to topic topic-01f30084_226c_4e4f_8853_db7dc40ea146
2025-08-13 18:18:06,219 INFO  [io.api.tes.ser.api.KafkaSerdesTester] (Thread-676) Produced 10 messages
2025-08-13 18:18:06,219 INFO  [org.apa.kaf.cli.pro.KafkaProducer] (Thread-676) [Producer clientId=Producer-topic-01f30084_226c_4e4f_8853_db7dc40ea146] Closing the Kafka producer with timeoutMillis = 9223372036854775807 ms.
2025-08-13 18:18:06,222 INFO  [org.apa.kaf.com.met.Metrics] (Thread-676) Metrics scheduler closed
2025-08-13 18:18:06,222 INFO  [org.apa.kaf.com.met.Metrics] (Thread-676) Closing reporter org.apache.kafka.common.metrics.JmxReporter
2025-08-13 18:18:06,222 INFO  [org.apa.kaf.com.met.Metrics] (Thread-676) Closing reporter org.apache.kafka.common.telemetry.internals.ClientTelemetryReporter
2025-08-13 18:18:06,222 INFO  [org.apa.kaf.com.met.Metrics] (Thread-676) Metrics reporters closed
2025-08-13 18:18:06,222 INFO  [org.apa.kaf.com.uti.AppInfoParser] (Thread-676) App info kafka.producer for Producer-topic-01f30084_226c_4e4f_8853_db7dc40ea146 unregistered
**** Registry Base URL: http://registry-app-inmemory.apps.ci419.apicurio-testing.org:80
2025-08-13 18:18:06,223 INFO  [org.apa.kaf.cli.pro.ProducerConfig] (main) ProducerConfig values: 
	acks = -1
	auto.include.jmx.reporter = true
	batch.size = 16384
	bootstrap.servers = [PLAINTEXT://localhost:32769]
	buffer.memory = 33554432
	client.dns.lookup = use_all_dns_ips
	client.id = Producer-topic-01f30084_226c_4e4f_8853_db7dc40ea146
	compression.gzip.level = -1
	compression.lz4.level = 9
	compression.type = none
	compression.zstd.level = 3
	connections.max.idle.ms = 10000
	delivery.timeout.ms = 120000
	enable.idempotence = true
	enable.metrics.push = true
	interceptor.classes = []
	key.serializer = class org.apache.kafka.common.serialization.StringSerializer
	linger.ms = 0
	max.block.ms = 60000
	max.in.flight.requests.per.connection = 5
	max.request.size = 1048576
	metadata.max.age.ms = 300000
	metadata.max.idle.ms = 300000
	metadata.recovery.strategy = none
	metric.reporters = []
	metrics.num.samples = 2
	metrics.recording.level = INFO
	metrics.sample.window.ms = 30000
	partitioner.adaptive.partitioning.enable = true
	partitioner.availability.timeout.ms = 0
	partitioner.class = null
	partitioner.ignore.keys = false
	receive.buffer.bytes = 32768
	reconnect.backoff.max.ms = 1000
	reconnect.backoff.ms = 50
	request.timeout.ms = 5000
	retries = 2147483647
	retry.backoff.max.ms = 1000
	retry.backoff.ms = 100
	sasl.client.callback.handler.class = null
	sasl.jaas.config = null
	sasl.kerberos.kinit.cmd = /usr/bin/kinit
	sasl.kerberos.min.time.before.relogin = 60000
	sasl.kerberos.service.name = null
	sasl.kerberos.ticket.renew.jitter = 0.05
	sasl.kerberos.ticket.renew.window.factor = 0.8
	sasl.login.callback.handler.class = null
	sasl.login.class = null
	sasl.login.connect.timeout.ms = null
	sasl.login.read.timeout.ms = null
	sasl.login.refresh.buffer.seconds = 300
	sasl.login.refresh.min.period.seconds = 60
	sasl.login.refresh.window.factor = 0.8
	sasl.login.refresh.window.jitter = 0.05
	sasl.login.retry.backoff.max.ms = 10000
	sasl.login.retry.backoff.ms = 100
	sasl.mechanism = GSSAPI
	sasl.oauthbearer.clock.skew.seconds = 30
	sasl.oauthbearer.expected.audience = null
	sasl.oauthbearer.expected.issuer = null
	sasl.oauthbearer.header.urlencode = false
	sasl.oauthbearer.jwks.endpoint.refresh.ms = 3600000
	sasl.oauthbearer.jwks.endpoint.retry.backoff.max.ms = 10000
	sasl.oauthbearer.jwks.endpoint.retry.backoff.ms = 100
	sasl.oauthbearer.jwks.endpoint.url = null
	sasl.oauthbearer.scope.claim.name = scope
	sasl.oauthbearer.sub.claim.name = sub
	sasl.oauthbearer.token.endpoint.url = null
	security.protocol = PLAINTEXT
	security.providers = null
	send.buffer.bytes = 131072
	socket.connection.setup.timeout.max.ms = 30000
	socket.connection.setup.timeout.ms = 10000
	ssl.cipher.suites = null
	ssl.enabled.protocols = [TLSv1.2, TLSv1.3]
	ssl.endpoint.identification.algorithm = https
	ssl.engine.factory.class = null
	ssl.key.password = null
	ssl.keymanager.algorithm = SunX509
	ssl.keystore.certificate.chain = null
	ssl.keystore.key = null
	ssl.keystore.location = null
	ssl.keystore.password = null
	ssl.keystore.type = JKS
	ssl.protocol = TLSv1.3
	ssl.provider = null
	ssl.secure.random.implementation = null
	ssl.trustmanager.algorithm = PKIX
	ssl.truststore.certificates = null
	ssl.truststore.location = null
	ssl.truststore.password = null
	ssl.truststore.type = JKS
	transaction.timeout.ms = 60000
	transactional.id = null
	value.serializer = class io.apicurio.registry.serde.avro.AvroKafkaSerializer

2025-08-13 18:18:06,223 INFO  [org.apa.kaf.com.tel.int.KafkaMetricsCollector] (main) initializing Kafka metrics collector
2025-08-13 18:18:06,228 INFO  [org.apa.kaf.cli.pro.KafkaProducer] (main) [Producer clientId=Producer-topic-01f30084_226c_4e4f_8853_db7dc40ea146] Instantiated an idempotent producer.
2025-08-13 18:18:06,230 INFO  [org.apa.kaf.cli.pro.ProducerConfig] (main) These configurations '[apicurio.registry.url, apicurio.registry.artifact-resolver-strategy]' were supplied but are not used yet.
2025-08-13 18:18:06,230 INFO  [org.apa.kaf.com.uti.AppInfoParser] (main) Kafka version: 3.9.1
2025-08-13 18:18:06,230 INFO  [org.apa.kaf.com.uti.AppInfoParser] (main) Kafka commitId: f745dfdcee2b9851
2025-08-13 18:18:06,230 INFO  [org.apa.kaf.com.uti.AppInfoParser] (main) Kafka startTimeMs: 1755109086230
2025-08-13 18:18:06,233 INFO  [io.api.tes.ser.api.KafkaSerdesTester] (Thread-679) Sending message {"key11755109080419": "value-0"} to topic topic-01f30084_226c_4e4f_8853_db7dc40ea146
2025-08-13 18:18:06,235 INFO  [org.apa.kaf.cli.Metadata] (kafka-producer-network-thread | Producer-topic-01f30084_226c_4e4f_8853_db7dc40ea146) [Producer clientId=Producer-topic-01f30084_226c_4e4f_8853_db7dc40ea146] Cluster ID: 4IlD_Sy2TMOqYF-Nc3vIHA
2025-08-13 18:18:06,236 INFO  [DefaultSchemaResolver] (Thread-679) Retrieving schema content using string: {"type":"record","name":"s8dfb517fxc63dx4132x9668x41a4f9acd0a0","namespace":"ns_641f4fc8_bb67_4c20_85f2_b31987c6fd50","fields":[{"name":"key11755109080419","type":"string"}]}
2025-08-13 18:18:06,237 INFO  [org.apa.kaf.cli.pro.int.TransactionManager] (kafka-producer-network-thread | Producer-topic-01f30084_226c_4e4f_8853_db7dc40ea146) [Producer clientId=Producer-topic-01f30084_226c_4e4f_8853_db7dc40ea146] ProducerId set to 14 with epoch 0
2025-08-13 18:18:06,267 INFO  [io.api.tes.ser.api.KafkaSerdesTester] (Thread-679) Sending message {"key11755109080419": "value-1"} to topic topic-01f30084_226c_4e4f_8853_db7dc40ea146
2025-08-13 18:18:06,269 INFO  [io.api.tes.ser.api.KafkaSerdesTester] (Thread-679) Sending message {"key11755109080419": "value-2"} to topic topic-01f30084_226c_4e4f_8853_db7dc40ea146
2025-08-13 18:18:06,270 INFO  [io.api.tes.ser.api.KafkaSerdesTester] (Thread-679) Sending message {"key11755109080419": "value-3"} to topic topic-01f30084_226c_4e4f_8853_db7dc40ea146
2025-08-13 18:18:06,271 INFO  [io.api.tes.ser.api.KafkaSerdesTester] (Thread-679) Sending message {"key11755109080419": "value-4"} to topic topic-01f30084_226c_4e4f_8853_db7dc40ea146
2025-08-13 18:18:06,272 INFO  [io.api.tes.ser.api.KafkaSerdesTester] (Thread-679) Sending message {"key11755109080419": "value-5"} to topic topic-01f30084_226c_4e4f_8853_db7dc40ea146
2025-08-13 18:18:06,274 INFO  [io.api.tes.ser.api.KafkaSerdesTester] (Thread-679) Sending message {"key11755109080419": "value-6"} to topic topic-01f30084_226c_4e4f_8853_db7dc40ea146
2025-08-13 18:18:06,275 INFO  [io.api.tes.ser.api.KafkaSerdesTester] (Thread-679) Sending message {"key11755109080419": "value-7"} to topic topic-01f30084_226c_4e4f_8853_db7dc40ea146
2025-08-13 18:18:06,276 INFO  [io.api.tes.ser.api.KafkaSerdesTester] (Thread-679) Sending message {"key11755109080419": "value-8"} to topic topic-01f30084_226c_4e4f_8853_db7dc40ea146
2025-08-13 18:18:06,277 INFO  [io.api.tes.ser.api.KafkaSerdesTester] (Thread-679) Sending message {"key11755109080419": "value-9"} to topic topic-01f30084_226c_4e4f_8853_db7dc40ea146
2025-08-13 18:18:06,278 INFO  [io.api.tes.ser.api.KafkaSerdesTester] (Thread-679) Produced 10 messages
2025-08-13 18:18:06,278 INFO  [org.apa.kaf.cli.pro.KafkaProducer] (Thread-679) [Producer clientId=Producer-topic-01f30084_226c_4e4f_8853_db7dc40ea146] Closing the Kafka producer with timeoutMillis = 9223372036854775807 ms.
2025-08-13 18:18:06,280 INFO  [org.apa.kaf.com.met.Metrics] (Thread-679) Metrics scheduler closed
2025-08-13 18:18:06,280 INFO  [org.apa.kaf.com.met.Metrics] (Thread-679) Closing reporter org.apache.kafka.common.metrics.JmxReporter
2025-08-13 18:18:06,280 INFO  [org.apa.kaf.com.met.Metrics] (Thread-679) Closing reporter org.apache.kafka.common.telemetry.internals.ClientTelemetryReporter
2025-08-13 18:18:06,280 INFO  [org.apa.kaf.com.met.Metrics] (Thread-679) Metrics reporters closed
2025-08-13 18:18:06,280 INFO  [org.apa.kaf.com.uti.AppInfoParser] (Thread-679) App info kafka.producer for Producer-topic-01f30084_226c_4e4f_8853_db7dc40ea146 unregistered
**** Registry Base URL: http://registry-app-inmemory.apps.ci419.apicurio-testing.org:80
2025-08-13 18:18:06,281 INFO  [org.apa.kaf.cli.con.ConsumerConfig] (main) ConsumerConfig values: 
	allow.auto.create.topics = true
	auto.commit.interval.ms = 500
	auto.include.jmx.reporter = true
	auto.offset.reset = earliest
	bootstrap.servers = [PLAINTEXT://localhost:32769]
	check.crcs = true
	client.dns.lookup = use_all_dns_ips
	client.id = consumer-Consumer-topic-01f30084_226c_4e4f_8853_db7dc40ea146-11
	client.rack = 
	connections.max.idle.ms = 10000
	default.api.timeout.ms = 60000
	enable.auto.commit = true
	enable.metrics.push = true
	exclude.internal.topics = true
	fetch.max.bytes = 52428800
	fetch.max.wait.ms = 500
	fetch.min.bytes = 1
	group.id = Consumer-topic-01f30084_226c_4e4f_8853_db7dc40ea146
	group.instance.id = null
	group.protocol = classic
	group.remote.assignor = null
	heartbeat.interval.ms = 3000
	interceptor.classes = []
	internal.leave.group.on.close = true
	internal.throw.on.fetch.stable.offset.unsupported = false
	isolation.level = read_uncommitted
	key.deserializer = class org.apache.kafka.common.serialization.StringDeserializer
	max.partition.fetch.bytes = 1048576
	max.poll.interval.ms = 300000
	max.poll.records = 500
	metadata.max.age.ms = 300000
	metadata.recovery.strategy = none
	metric.reporters = []
	metrics.num.samples = 2
	metrics.recording.level = INFO
	metrics.sample.window.ms = 30000
	partition.assignment.strategy = [class org.apache.kafka.clients.consumer.RangeAssignor, class org.apache.kafka.clients.consumer.CooperativeStickyAssignor]
	receive.buffer.bytes = 65536
	reconnect.backoff.max.ms = 1000
	reconnect.backoff.ms = 50
	request.timeout.ms = 5000
	retry.backoff.max.ms = 1000
	retry.backoff.ms = 100
	sasl.client.callback.handler.class = null
	sasl.jaas.config = null
	sasl.kerberos.kinit.cmd = /usr/bin/kinit
	sasl.kerberos.min.time.before.relogin = 60000
	sasl.kerberos.service.name = null
	sasl.kerberos.ticket.renew.jitter = 0.05
	sasl.kerberos.ticket.renew.window.factor = 0.8
	sasl.login.callback.handler.class = null
	sasl.login.class = null
	sasl.login.connect.timeout.ms = null
	sasl.login.read.timeout.ms = null
	sasl.login.refresh.buffer.seconds = 300
	sasl.login.refresh.min.period.seconds = 60
	sasl.login.refresh.window.factor = 0.8
	sasl.login.refresh.window.jitter = 0.05
	sasl.login.retry.backoff.max.ms = 10000
	sasl.login.retry.backoff.ms = 100
	sasl.mechanism = GSSAPI
	sasl.oauthbearer.clock.skew.seconds = 30
	sasl.oauthbearer.expected.audience = null
	sasl.oauthbearer.expected.issuer = null
	sasl.oauthbearer.header.urlencode = false
	sasl.oauthbearer.jwks.endpoint.refresh.ms = 3600000
	sasl.oauthbearer.jwks.endpoint.retry.backoff.max.ms = 10000
	sasl.oauthbearer.jwks.endpoint.retry.backoff.ms = 100
	sasl.oauthbearer.jwks.endpoint.url = null
	sasl.oauthbearer.scope.claim.name = scope
	sasl.oauthbearer.sub.claim.name = sub
	sasl.oauthbearer.token.endpoint.url = null
	security.protocol = PLAINTEXT
	security.providers = null
	send.buffer.bytes = 131072
	session.timeout.ms = 45000
	socket.connection.setup.timeout.max.ms = 30000
	socket.connection.setup.timeout.ms = 10000
	ssl.cipher.suites = null
	ssl.enabled.protocols = [TLSv1.2, TLSv1.3]
	ssl.endpoint.identification.algorithm = https
	ssl.engine.factory.class = null
	ssl.key.password = null
	ssl.keymanager.algorithm = SunX509
	ssl.keystore.certificate.chain = null
	ssl.keystore.key = null
	ssl.keystore.location = null
	ssl.keystore.password = null
	ssl.keystore.type = JKS
	ssl.protocol = TLSv1.3
	ssl.provider = null
	ssl.secure.random.implementation = null
	ssl.trustmanager.algorithm = PKIX
	ssl.truststore.certificates = null
	ssl.truststore.location = null
	ssl.truststore.password = null
	ssl.truststore.type = JKS
	value.deserializer = class io.apicurio.registry.serde.avro.AvroKafkaDeserializer

2025-08-13 18:18:06,281 INFO  [org.apa.kaf.com.tel.int.KafkaMetricsCollector] (main) initializing Kafka metrics collector
2025-08-13 18:18:06,288 INFO  [org.apa.kaf.cli.con.ConsumerConfig] (main) These configurations '[apicurio.registry.url]' were supplied but are not used yet.
2025-08-13 18:18:06,288 INFO  [org.apa.kaf.com.uti.AppInfoParser] (main) Kafka version: 3.9.1
2025-08-13 18:18:06,288 INFO  [org.apa.kaf.com.uti.AppInfoParser] (main) Kafka commitId: f745dfdcee2b9851
2025-08-13 18:18:06,288 INFO  [org.apa.kaf.com.uti.AppInfoParser] (main) Kafka startTimeMs: 1755109086288
2025-08-13 18:18:06,288 INFO  [org.apa.kaf.cli.con.int.ClassicKafkaConsumer] (Thread-682) [Consumer clientId=consumer-Consumer-topic-01f30084_226c_4e4f_8853_db7dc40ea146-11, groupId=Consumer-topic-01f30084_226c_4e4f_8853_db7dc40ea146] Subscribed to topic(s): topic-01f30084_226c_4e4f_8853_db7dc40ea146
2025-08-13 18:18:06,292 INFO  [org.apa.kaf.cli.Metadata] (Thread-682) [Consumer clientId=consumer-Consumer-topic-01f30084_226c_4e4f_8853_db7dc40ea146-11, groupId=Consumer-topic-01f30084_226c_4e4f_8853_db7dc40ea146] Cluster ID: 4IlD_Sy2TMOqYF-Nc3vIHA
2025-08-13 18:18:06,292 INFO  [org.apa.kaf.cli.con.int.ConsumerCoordinator] (Thread-682) [Consumer clientId=consumer-Consumer-topic-01f30084_226c_4e4f_8853_db7dc40ea146-11, groupId=Consumer-topic-01f30084_226c_4e4f_8853_db7dc40ea146] Discovered group coordinator localhost:32769 (id: 2147483647 rack: null)
2025-08-13 18:18:06,294 INFO  [org.apa.kaf.cli.con.int.ConsumerCoordinator] (Thread-682) [Consumer clientId=consumer-Consumer-topic-01f30084_226c_4e4f_8853_db7dc40ea146-11, groupId=Consumer-topic-01f30084_226c_4e4f_8853_db7dc40ea146] (Re-)joining group
2025-08-13 18:18:06,296 INFO  [org.apa.kaf.cli.con.int.ConsumerCoordinator] (Thread-682) [Consumer clientId=consumer-Consumer-topic-01f30084_226c_4e4f_8853_db7dc40ea146-11, groupId=Consumer-topic-01f30084_226c_4e4f_8853_db7dc40ea146] Request joining group due to: need to re-join with the given member-id: consumer-Consumer-topic-01f30084_226c_4e4f_8853_db7dc40ea146-11-d04efe16-4db7-46ec-b93d-79cd7d75dd0e
2025-08-13 18:18:06,296 INFO  [org.apa.kaf.cli.con.int.ConsumerCoordinator] (Thread-682) [Consumer clientId=consumer-Consumer-topic-01f30084_226c_4e4f_8853_db7dc40ea146-11, groupId=Consumer-topic-01f30084_226c_4e4f_8853_db7dc40ea146] (Re-)joining group
2025-08-13 18:18:07,289 INFO  [io.api.tes.ser.api.KafkaSerdesTester] (Thread-682) None found
2025-08-13 18:18:08,289 INFO  [io.api.tes.ser.api.KafkaSerdesTester] (Thread-682) None found
2025-08-13 18:18:09,289 INFO  [io.api.tes.ser.api.KafkaSerdesTester] (Thread-682) None found
2025-08-13 18:18:09,298 INFO  [org.apa.kaf.cli.con.int.ConsumerCoordinator] (Thread-682) [Consumer clientId=consumer-Consumer-topic-01f30084_226c_4e4f_8853_db7dc40ea146-11, groupId=Consumer-topic-01f30084_226c_4e4f_8853_db7dc40ea146] Successfully joined group with generation Generation{generationId=3, memberId='consumer-Consumer-topic-01f30084_226c_4e4f_8853_db7dc40ea146-11-d04efe16-4db7-46ec-b93d-79cd7d75dd0e', protocol='range'}
2025-08-13 18:18:09,298 INFO  [org.apa.kaf.cli.con.int.ConsumerCoordinator] (Thread-682) [Consumer clientId=consumer-Consumer-topic-01f30084_226c_4e4f_8853_db7dc40ea146-11, groupId=Consumer-topic-01f30084_226c_4e4f_8853_db7dc40ea146] Finished assignment for group at generation 3: {consumer-Consumer-topic-01f30084_226c_4e4f_8853_db7dc40ea146-11-d04efe16-4db7-46ec-b93d-79cd7d75dd0e=Assignment(partitions=[topic-01f30084_226c_4e4f_8853_db7dc40ea146-0])}
2025-08-13 18:18:09,306 INFO  [org.apa.kaf.cli.con.int.ConsumerCoordinator] (Thread-682) [Consumer clientId=consumer-Consumer-topic-01f30084_226c_4e4f_8853_db7dc40ea146-11, groupId=Consumer-topic-01f30084_226c_4e4f_8853_db7dc40ea146] Successfully synced group in generation Generation{generationId=3, memberId='consumer-Consumer-topic-01f30084_226c_4e4f_8853_db7dc40ea146-11-d04efe16-4db7-46ec-b93d-79cd7d75dd0e', protocol='range'}
2025-08-13 18:18:09,307 INFO  [org.apa.kaf.cli.con.int.ConsumerCoordinator] (Thread-682) [Consumer clientId=consumer-Consumer-topic-01f30084_226c_4e4f_8853_db7dc40ea146-11, groupId=Consumer-topic-01f30084_226c_4e4f_8853_db7dc40ea146] Notifying assignor about the new Assignment(partitions=[topic-01f30084_226c_4e4f_8853_db7dc40ea146-0])
2025-08-13 18:18:09,307 INFO  [org.apa.kaf.cli.con.int.ConsumerRebalanceListenerInvoker] (Thread-682) [Consumer clientId=consumer-Consumer-topic-01f30084_226c_4e4f_8853_db7dc40ea146-11, groupId=Consumer-topic-01f30084_226c_4e4f_8853_db7dc40ea146] Adding newly assigned partitions: topic-01f30084_226c_4e4f_8853_db7dc40ea146-0
2025-08-13 18:18:09,308 INFO  [org.apa.kaf.cli.con.int.ConsumerUtils] (Thread-682) Setting offset for partition topic-01f30084_226c_4e4f_8853_db7dc40ea146-0 to the committed offset FetchPosition{offset=10, offsetEpoch=Optional[0], currentLeader=LeaderAndEpoch{leader=Optional[localhost:32769 (id: 0 rack: null)], epoch=0}}
2025-08-13 18:18:09,399 INFO  [io.api.tes.ser.api.KafkaSerdesTester] (Thread-682) topic-01f30084_226c_4e4f_8853_db7dc40ea146 0 10 {"key11755109080419": "value-0", "key21755109085108": "value-0"}
2025-08-13 18:18:09,399 INFO  [io.api.tes.ser.api.KafkaSerdesTester] (Thread-682) topic-01f30084_226c_4e4f_8853_db7dc40ea146 0 11 {"key11755109080419": "value-1", "key21755109085108": "value-1"}
2025-08-13 18:18:09,399 INFO  [io.api.tes.ser.api.KafkaSerdesTester] (Thread-682) topic-01f30084_226c_4e4f_8853_db7dc40ea146 0 12 {"key11755109080419": "value-2", "key21755109085108": "value-2"}
2025-08-13 18:18:09,399 INFO  [io.api.tes.ser.api.KafkaSerdesTester] (Thread-682) topic-01f30084_226c_4e4f_8853_db7dc40ea146 0 13 {"key11755109080419": "value-3", "key21755109085108": "value-3"}
2025-08-13 18:18:09,399 INFO  [io.api.tes.ser.api.KafkaSerdesTester] (Thread-682) topic-01f30084_226c_4e4f_8853_db7dc40ea146 0 14 {"key11755109080419": "value-4", "key21755109085108": "value-4"}
2025-08-13 18:18:09,399 INFO  [io.api.tes.ser.api.KafkaSerdesTester] (Thread-682) topic-01f30084_226c_4e4f_8853_db7dc40ea146 0 15 {"key11755109080419": "value-5", "key21755109085108": "value-5"}
2025-08-13 18:18:09,399 INFO  [io.api.tes.ser.api.KafkaSerdesTester] (Thread-682) topic-01f30084_226c_4e4f_8853_db7dc40ea146 0 16 {"key11755109080419": "value-6", "key21755109085108": "value-6"}
2025-08-13 18:18:09,399 INFO  [io.api.tes.ser.api.KafkaSerdesTester] (Thread-682) topic-01f30084_226c_4e4f_8853_db7dc40ea146 0 17 {"key11755109080419": "value-7", "key21755109085108": "value-7"}
2025-08-13 18:18:09,399 INFO  [io.api.tes.ser.api.KafkaSerdesTester] (Thread-682) topic-01f30084_226c_4e4f_8853_db7dc40ea146 0 18 {"key11755109080419": "value-8", "key21755109085108": "value-8"}
2025-08-13 18:18:09,399 INFO  [io.api.tes.ser.api.KafkaSerdesTester] (Thread-682) topic-01f30084_226c_4e4f_8853_db7dc40ea146 0 19 {"key11755109080419": "value-9", "key21755109085108": "value-9"}
2025-08-13 18:18:09,399 INFO  [io.api.tes.ser.api.KafkaSerdesTester] (Thread-682) topic-01f30084_226c_4e4f_8853_db7dc40ea146 0 20 {"key11755109080419": "value-0"}
2025-08-13 18:18:09,399 INFO  [io.api.tes.ser.api.KafkaSerdesTester] (Thread-682) topic-01f30084_226c_4e4f_8853_db7dc40ea146 0 21 {"key11755109080419": "value-1"}
2025-08-13 18:18:09,399 INFO  [io.api.tes.ser.api.KafkaSerdesTester] (Thread-682) topic-01f30084_226c_4e4f_8853_db7dc40ea146 0 22 {"key11755109080419": "value-2"}
2025-08-13 18:18:09,399 INFO  [io.api.tes.ser.api.KafkaSerdesTester] (Thread-682) topic-01f30084_226c_4e4f_8853_db7dc40ea146 0 23 {"key11755109080419": "value-3"}
2025-08-13 18:18:09,399 INFO  [io.api.tes.ser.api.KafkaSerdesTester] (Thread-682) topic-01f30084_226c_4e4f_8853_db7dc40ea146 0 24 {"key11755109080419": "value-4"}
2025-08-13 18:18:09,399 INFO  [io.api.tes.ser.api.KafkaSerdesTester] (Thread-682) topic-01f30084_226c_4e4f_8853_db7dc40ea146 0 25 {"key11755109080419": "value-5"}
2025-08-13 18:18:09,399 INFO  [io.api.tes.ser.api.KafkaSerdesTester] (Thread-682) topic-01f30084_226c_4e4f_8853_db7dc40ea146 0 26 {"key11755109080419": "value-6"}
2025-08-13 18:18:09,399 INFO  [io.api.tes.ser.api.KafkaSerdesTester] (Thread-682) topic-01f30084_226c_4e4f_8853_db7dc40ea146 0 27 {"key11755109080419": "value-7"}
2025-08-13 18:18:09,400 INFO  [io.api.tes.ser.api.KafkaSerdesTester] (Thread-682) topic-01f30084_226c_4e4f_8853_db7dc40ea146 0 28 {"key11755109080419": "value-8"}
2025-08-13 18:18:09,400 INFO  [io.api.tes.ser.api.KafkaSerdesTester] (Thread-682) topic-01f30084_226c_4e4f_8853_db7dc40ea146 0 29 {"key11755109080419": "value-9"}
2025-08-13 18:18:09,400 INFO  [io.api.tes.ser.api.KafkaSerdesTester] (Thread-682) Consumed 20 messages
2025-08-13 18:18:09,408 INFO  [org.apa.kaf.cli.con.int.ConsumerRebalanceListenerInvoker] (Thread-682) [Consumer clientId=consumer-Consumer-topic-01f30084_226c_4e4f_8853_db7dc40ea146-11, groupId=Consumer-topic-01f30084_226c_4e4f_8853_db7dc40ea146] Revoke previously assigned partitions topic-01f30084_226c_4e4f_8853_db7dc40ea146-0
2025-08-13 18:18:09,408 INFO  [org.apa.kaf.cli.con.int.ConsumerCoordinator] (Thread-682) [Consumer clientId=consumer-Consumer-topic-01f30084_226c_4e4f_8853_db7dc40ea146-11, groupId=Consumer-topic-01f30084_226c_4e4f_8853_db7dc40ea146] Member consumer-Consumer-topic-01f30084_226c_4e4f_8853_db7dc40ea146-11-d04efe16-4db7-46ec-b93d-79cd7d75dd0e sending LeaveGroup request to coordinator localhost:32769 (id: 2147483647 rack: null) due to the consumer is being closed
2025-08-13 18:18:09,408 INFO  [org.apa.kaf.cli.con.int.ConsumerCoordinator] (Thread-682) [Consumer clientId=consumer-Consumer-topic-01f30084_226c_4e4f_8853_db7dc40ea146-11, groupId=Consumer-topic-01f30084_226c_4e4f_8853_db7dc40ea146] Resetting generation and member id due to: consumer pro-actively leaving the group
2025-08-13 18:18:09,408 INFO  [org.apa.kaf.cli.con.int.ConsumerCoordinator] (Thread-682) [Consumer clientId=consumer-Consumer-topic-01f30084_226c_4e4f_8853_db7dc40ea146-11, groupId=Consumer-topic-01f30084_226c_4e4f_8853_db7dc40ea146] Request joining group due to: consumer pro-actively leaving the group
2025-08-13 18:18:09,902 INFO  [org.apa.kaf.com.met.Metrics] (Thread-682) Metrics scheduler closed
2025-08-13 18:18:09,902 INFO  [org.apa.kaf.com.met.Metrics] (Thread-682) Closing reporter org.apache.kafka.common.metrics.JmxReporter
2025-08-13 18:18:09,902 INFO  [org.apa.kaf.com.met.Metrics] (Thread-682) Closing reporter org.apache.kafka.common.telemetry.internals.ClientTelemetryReporter
2025-08-13 18:18:09,902 INFO  [org.apa.kaf.com.met.Metrics] (Thread-682) Metrics reporters closed
2025-08-13 18:18:09,904 INFO  [org.apa.kaf.com.uti.AppInfoParser] (Thread-682) App info kafka.consumer for consumer-Consumer-topic-01f30084_226c_4e4f_8853_db7dc40ea146-11 unregistered
2025-08-13 18:18:09,905 INFO  [io.api.tes.ser.api.AvroSerdeIT] (main) Registering Avro Schema 3: {"type":"record","name":"s8dfb517fxc63dx4132x9668x41a4f9acd0a0","namespace":"ns_641f4fc8_bb67_4c20_85f2_b31987c6fd50","fields":[{"name":"key11755109080419","type":"string"},{"name":"key21755109085108","type":"string"},{"name":"key31755109089905","type":"string"}]}
**** Registry Base URL: http://registry-app-inmemory.apps.ci419.apicurio-testing.org:80
2025-08-13 18:18:10,950 INFO  [org.apa.kaf.cli.pro.ProducerConfig] (main) ProducerConfig values: 
	acks = -1
	auto.include.jmx.reporter = true
	batch.size = 16384
	bootstrap.servers = [PLAINTEXT://localhost:32769]
	buffer.memory = 33554432
	client.dns.lookup = use_all_dns_ips
	client.id = Producer-topic-01f30084_226c_4e4f_8853_db7dc40ea146
	compression.gzip.level = -1
	compression.lz4.level = 9
	compression.type = none
	compression.zstd.level = 3
	connections.max.idle.ms = 10000
	delivery.timeout.ms = 120000
	enable.idempotence = true
	enable.metrics.push = true
	interceptor.classes = []
	key.serializer = class org.apache.kafka.common.serialization.StringSerializer
	linger.ms = 0
	max.block.ms = 60000
	max.in.flight.requests.per.connection = 5
	max.request.size = 1048576
	metadata.max.age.ms = 300000
	metadata.max.idle.ms = 300000
	metadata.recovery.strategy = none
	metric.reporters = []
	metrics.num.samples = 2
	metrics.recording.level = INFO
	metrics.sample.window.ms = 30000
	partitioner.adaptive.partitioning.enable = true
	partitioner.availability.timeout.ms = 0
	partitioner.class = null
	partitioner.ignore.keys = false
	receive.buffer.bytes = 32768
	reconnect.backoff.max.ms = 1000
	reconnect.backoff.ms = 50
	request.timeout.ms = 5000
	retries = 2147483647
	retry.backoff.max.ms = 1000
	retry.backoff.ms = 100
	sasl.client.callback.handler.class = null
	sasl.jaas.config = null
	sasl.kerberos.kinit.cmd = /usr/bin/kinit
	sasl.kerberos.min.time.before.relogin = 60000
	sasl.kerberos.service.name = null
	sasl.kerberos.ticket.renew.jitter = 0.05
	sasl.kerberos.ticket.renew.window.factor = 0.8
	sasl.login.callback.handler.class = null
	sasl.login.class = null
	sasl.login.connect.timeout.ms = null
	sasl.login.read.timeout.ms = null
	sasl.login.refresh.buffer.seconds = 300
	sasl.login.refresh.min.period.seconds = 60
	sasl.login.refresh.window.factor = 0.8
	sasl.login.refresh.window.jitter = 0.05
	sasl.login.retry.backoff.max.ms = 10000
	sasl.login.retry.backoff.ms = 100
	sasl.mechanism = GSSAPI
	sasl.oauthbearer.clock.skew.seconds = 30
	sasl.oauthbearer.expected.audience = null
	sasl.oauthbearer.expected.issuer = null
	sasl.oauthbearer.header.urlencode = false
	sasl.oauthbearer.jwks.endpoint.refresh.ms = 3600000
	sasl.oauthbearer.jwks.endpoint.retry.backoff.max.ms = 10000
	sasl.oauthbearer.jwks.endpoint.retry.backoff.ms = 100
	sasl.oauthbearer.jwks.endpoint.url = null
	sasl.oauthbearer.scope.claim.name = scope
	sasl.oauthbearer.sub.claim.name = sub
	sasl.oauthbearer.token.endpoint.url = null
	security.protocol = PLAINTEXT
	security.providers = null
	send.buffer.bytes = 131072
	socket.connection.setup.timeout.max.ms = 30000
	socket.connection.setup.timeout.ms = 10000
	ssl.cipher.suites = null
	ssl.enabled.protocols = [TLSv1.2, TLSv1.3]
	ssl.endpoint.identification.algorithm = https
	ssl.engine.factory.class = null
	ssl.key.password = null
	ssl.keymanager.algorithm = SunX509
	ssl.keystore.certificate.chain = null
	ssl.keystore.key = null
	ssl.keystore.location = null
	ssl.keystore.password = null
	ssl.keystore.type = JKS
	ssl.protocol = TLSv1.3
	ssl.provider = null
	ssl.secure.random.implementation = null
	ssl.trustmanager.algorithm = PKIX
	ssl.truststore.certificates = null
	ssl.truststore.location = null
	ssl.truststore.password = null
	ssl.truststore.type = JKS
	transaction.timeout.ms = 60000
	transactional.id = null
	value.serializer = class io.apicurio.registry.serde.avro.AvroKafkaSerializer

2025-08-13 18:18:10,950 INFO  [org.apa.kaf.com.tel.int.KafkaMetricsCollector] (main) initializing Kafka metrics collector
2025-08-13 18:18:10,954 INFO  [org.apa.kaf.cli.pro.KafkaProducer] (main) [Producer clientId=Producer-topic-01f30084_226c_4e4f_8853_db7dc40ea146] Instantiated an idempotent producer.
2025-08-13 18:18:10,956 INFO  [org.apa.kaf.cli.pro.ProducerConfig] (main) These configurations '[apicurio.registry.url, apicurio.registry.artifact-resolver-strategy]' were supplied but are not used yet.
2025-08-13 18:18:10,956 INFO  [org.apa.kaf.com.uti.AppInfoParser] (main) Kafka version: 3.9.1
2025-08-13 18:18:10,956 INFO  [org.apa.kaf.com.uti.AppInfoParser] (main) Kafka commitId: f745dfdcee2b9851
2025-08-13 18:18:10,956 INFO  [org.apa.kaf.com.uti.AppInfoParser] (main) Kafka startTimeMs: 1755109090956
2025-08-13 18:18:10,957 INFO  [io.api.tes.ser.api.KafkaSerdesTester] (Thread-685) Sending message {"key11755109080419": "value-0", "key21755109085108": "value-0", "key31755109089905": "value-0"} to topic topic-01f30084_226c_4e4f_8853_db7dc40ea146
2025-08-13 18:18:10,967 INFO  [org.apa.kaf.cli.Metadata] (kafka-producer-network-thread | Producer-topic-01f30084_226c_4e4f_8853_db7dc40ea146) [Producer clientId=Producer-topic-01f30084_226c_4e4f_8853_db7dc40ea146] Cluster ID: 4IlD_Sy2TMOqYF-Nc3vIHA
2025-08-13 18:18:10,967 INFO  [DefaultSchemaResolver] (Thread-685) Retrieving schema content using string: {"type":"record","name":"s8dfb517fxc63dx4132x9668x41a4f9acd0a0","namespace":"ns_641f4fc8_bb67_4c20_85f2_b31987c6fd50","fields":[{"name":"key11755109080419","type":"string"},{"name":"key21755109085108","type":"string"},{"name":"key31755109089905","type":"string"}]}
2025-08-13 18:18:10,969 INFO  [org.apa.kaf.cli.pro.int.TransactionManager] (kafka-producer-network-thread | Producer-topic-01f30084_226c_4e4f_8853_db7dc40ea146) [Producer clientId=Producer-topic-01f30084_226c_4e4f_8853_db7dc40ea146] ProducerId set to 15 with epoch 0
2025-08-13 18:18:10,998 INFO  [io.api.tes.ser.api.KafkaSerdesTester] (Thread-685) Sending message {"key11755109080419": "value-1", "key21755109085108": "value-1", "key31755109089905": "value-1"} to topic topic-01f30084_226c_4e4f_8853_db7dc40ea146
2025-08-13 18:18:10,999 INFO  [io.api.tes.ser.api.KafkaSerdesTester] (Thread-685) Sending message {"key11755109080419": "value-2", "key21755109085108": "value-2", "key31755109089905": "value-2"} to topic topic-01f30084_226c_4e4f_8853_db7dc40ea146
2025-08-13 18:18:11,001 INFO  [io.api.tes.ser.api.KafkaSerdesTester] (Thread-685) Sending message {"key11755109080419": "value-3", "key21755109085108": "value-3", "key31755109089905": "value-3"} to topic topic-01f30084_226c_4e4f_8853_db7dc40ea146
2025-08-13 18:18:11,002 INFO  [io.api.tes.ser.api.KafkaSerdesTester] (Thread-685) Sending message {"key11755109080419": "value-4", "key21755109085108": "value-4", "key31755109089905": "value-4"} to topic topic-01f30084_226c_4e4f_8853_db7dc40ea146
2025-08-13 18:18:11,004 INFO  [io.api.tes.ser.api.KafkaSerdesTester] (Thread-685) Sending message {"key11755109080419": "value-5", "key21755109085108": "value-5", "key31755109089905": "value-5"} to topic topic-01f30084_226c_4e4f_8853_db7dc40ea146
2025-08-13 18:18:11,005 INFO  [io.api.tes.ser.api.KafkaSerdesTester] (Thread-685) Sending message {"key11755109080419": "value-6", "key21755109085108": "value-6", "key31755109089905": "value-6"} to topic topic-01f30084_226c_4e4f_8853_db7dc40ea146
2025-08-13 18:18:11,006 INFO  [io.api.tes.ser.api.KafkaSerdesTester] (Thread-685) Sending message {"key11755109080419": "value-7", "key21755109085108": "value-7", "key31755109089905": "value-7"} to topic topic-01f30084_226c_4e4f_8853_db7dc40ea146
2025-08-13 18:18:11,008 INFO  [io.api.tes.ser.api.KafkaSerdesTester] (Thread-685) Sending message {"key11755109080419": "value-8", "key21755109085108": "value-8", "key31755109089905": "value-8"} to topic topic-01f30084_226c_4e4f_8853_db7dc40ea146
2025-08-13 18:18:11,010 INFO  [io.api.tes.ser.api.KafkaSerdesTester] (Thread-685) Sending message {"key11755109080419": "value-9", "key21755109085108": "value-9", "key31755109089905": "value-9"} to topic topic-01f30084_226c_4e4f_8853_db7dc40ea146
2025-08-13 18:18:11,011 INFO  [io.api.tes.ser.api.KafkaSerdesTester] (Thread-685) Produced 10 messages
2025-08-13 18:18:11,011 INFO  [org.apa.kaf.cli.pro.KafkaProducer] (Thread-685) [Producer clientId=Producer-topic-01f30084_226c_4e4f_8853_db7dc40ea146] Closing the Kafka producer with timeoutMillis = 9223372036854775807 ms.
2025-08-13 18:18:11,015 INFO  [org.apa.kaf.com.met.Metrics] (Thread-685) Metrics scheduler closed
2025-08-13 18:18:11,015 INFO  [org.apa.kaf.com.met.Metrics] (Thread-685) Closing reporter org.apache.kafka.common.metrics.JmxReporter
2025-08-13 18:18:11,015 INFO  [org.apa.kaf.com.met.Metrics] (Thread-685) Closing reporter org.apache.kafka.common.telemetry.internals.ClientTelemetryReporter
2025-08-13 18:18:11,015 INFO  [org.apa.kaf.com.met.Metrics] (Thread-685) Metrics reporters closed
2025-08-13 18:18:11,015 INFO  [org.apa.kaf.com.uti.AppInfoParser] (Thread-685) App info kafka.producer for Producer-topic-01f30084_226c_4e4f_8853_db7dc40ea146 unregistered
**** Registry Base URL: http://registry-app-inmemory.apps.ci419.apicurio-testing.org:80
2025-08-13 18:18:11,016 INFO  [org.apa.kaf.cli.pro.ProducerConfig] (main) ProducerConfig values: 
	acks = -1
	auto.include.jmx.reporter = true
	batch.size = 16384
	bootstrap.servers = [PLAINTEXT://localhost:32769]
	buffer.memory = 33554432
	client.dns.lookup = use_all_dns_ips
	client.id = Producer-topic-01f30084_226c_4e4f_8853_db7dc40ea146
	compression.gzip.level = -1
	compression.lz4.level = 9
	compression.type = none
	compression.zstd.level = 3
	connections.max.idle.ms = 10000
	delivery.timeout.ms = 120000
	enable.idempotence = true
	enable.metrics.push = true
	interceptor.classes = []
	key.serializer = class org.apache.kafka.common.serialization.StringSerializer
	linger.ms = 0
	max.block.ms = 60000
	max.in.flight.requests.per.connection = 5
	max.request.size = 1048576
	metadata.max.age.ms = 300000
	metadata.max.idle.ms = 300000
	metadata.recovery.strategy = none
	metric.reporters = []
	metrics.num.samples = 2
	metrics.recording.level = INFO
	metrics.sample.window.ms = 30000
	partitioner.adaptive.partitioning.enable = true
	partitioner.availability.timeout.ms = 0
	partitioner.class = null
	partitioner.ignore.keys = false
	receive.buffer.bytes = 32768
	reconnect.backoff.max.ms = 1000
	reconnect.backoff.ms = 50
	request.timeout.ms = 5000
	retries = 2147483647
	retry.backoff.max.ms = 1000
	retry.backoff.ms = 100
	sasl.client.callback.handler.class = null
	sasl.jaas.config = null
	sasl.kerberos.kinit.cmd = /usr/bin/kinit
	sasl.kerberos.min.time.before.relogin = 60000
	sasl.kerberos.service.name = null
	sasl.kerberos.ticket.renew.jitter = 0.05
	sasl.kerberos.ticket.renew.window.factor = 0.8
	sasl.login.callback.handler.class = null
	sasl.login.class = null
	sasl.login.connect.timeout.ms = null
	sasl.login.read.timeout.ms = null
	sasl.login.refresh.buffer.seconds = 300
	sasl.login.refresh.min.period.seconds = 60
	sasl.login.refresh.window.factor = 0.8
	sasl.login.refresh.window.jitter = 0.05
	sasl.login.retry.backoff.max.ms = 10000
	sasl.login.retry.backoff.ms = 100
	sasl.mechanism = GSSAPI
	sasl.oauthbearer.clock.skew.seconds = 30
	sasl.oauthbearer.expected.audience = null
	sasl.oauthbearer.expected.issuer = null
	sasl.oauthbearer.header.urlencode = false
	sasl.oauthbearer.jwks.endpoint.refresh.ms = 3600000
	sasl.oauthbearer.jwks.endpoint.retry.backoff.max.ms = 10000
	sasl.oauthbearer.jwks.endpoint.retry.backoff.ms = 100
	sasl.oauthbearer.jwks.endpoint.url = null
	sasl.oauthbearer.scope.claim.name = scope
	sasl.oauthbearer.sub.claim.name = sub
	sasl.oauthbearer.token.endpoint.url = null
	security.protocol = PLAINTEXT
	security.providers = null
	send.buffer.bytes = 131072
	socket.connection.setup.timeout.max.ms = 30000
	socket.connection.setup.timeout.ms = 10000
	ssl.cipher.suites = null
	ssl.enabled.protocols = [TLSv1.2, TLSv1.3]
	ssl.endpoint.identification.algorithm = https
	ssl.engine.factory.class = null
	ssl.key.password = null
	ssl.keymanager.algorithm = SunX509
	ssl.keystore.certificate.chain = null
	ssl.keystore.key = null
	ssl.keystore.location = null
	ssl.keystore.password = null
	ssl.keystore.type = JKS
	ssl.protocol = TLSv1.3
	ssl.provider = null
	ssl.secure.random.implementation = null
	ssl.trustmanager.algorithm = PKIX
	ssl.truststore.certificates = null
	ssl.truststore.location = null
	ssl.truststore.password = null
	ssl.truststore.type = JKS
	transaction.timeout.ms = 60000
	transactional.id = null
	value.serializer = class io.apicurio.registry.serde.avro.AvroKafkaSerializer

2025-08-13 18:18:11,016 INFO  [org.apa.kaf.com.tel.int.KafkaMetricsCollector] (main) initializing Kafka metrics collector
2025-08-13 18:18:11,025 INFO  [org.apa.kaf.cli.pro.KafkaProducer] (main) [Producer clientId=Producer-topic-01f30084_226c_4e4f_8853_db7dc40ea146] Instantiated an idempotent producer.
2025-08-13 18:18:11,029 INFO  [org.apa.kaf.cli.pro.ProducerConfig] (main) These configurations '[apicurio.registry.url, apicurio.registry.artifact-resolver-strategy]' were supplied but are not used yet.
2025-08-13 18:18:11,029 INFO  [org.apa.kaf.com.uti.AppInfoParser] (main) Kafka version: 3.9.1
2025-08-13 18:18:11,029 INFO  [org.apa.kaf.com.uti.AppInfoParser] (main) Kafka commitId: f745dfdcee2b9851
2025-08-13 18:18:11,029 INFO  [org.apa.kaf.com.uti.AppInfoParser] (main) Kafka startTimeMs: 1755109091029
2025-08-13 18:18:11,030 INFO  [io.api.tes.ser.api.KafkaSerdesTester] (Thread-688) Sending message {"key11755109080419": "value-0", "key21755109085108": "value-0"} to topic topic-01f30084_226c_4e4f_8853_db7dc40ea146
2025-08-13 18:18:11,033 INFO  [org.apa.kaf.cli.Metadata] (kafka-producer-network-thread | Producer-topic-01f30084_226c_4e4f_8853_db7dc40ea146) [Producer clientId=Producer-topic-01f30084_226c_4e4f_8853_db7dc40ea146] Cluster ID: 4IlD_Sy2TMOqYF-Nc3vIHA
2025-08-13 18:18:11,034 INFO  [org.apa.kaf.cli.pro.int.TransactionManager] (kafka-producer-network-thread | Producer-topic-01f30084_226c_4e4f_8853_db7dc40ea146) [Producer clientId=Producer-topic-01f30084_226c_4e4f_8853_db7dc40ea146] ProducerId set to 16 with epoch 0
2025-08-13 18:18:11,034 INFO  [DefaultSchemaResolver] (Thread-688) Retrieving schema content using string: {"type":"record","name":"s8dfb517fxc63dx4132x9668x41a4f9acd0a0","namespace":"ns_641f4fc8_bb67_4c20_85f2_b31987c6fd50","fields":[{"name":"key11755109080419","type":"string"},{"name":"key21755109085108","type":"string"}]}
2025-08-13 18:18:11,076 INFO  [io.api.tes.ser.api.KafkaSerdesTester] (Thread-688) Sending message {"key11755109080419": "value-1", "key21755109085108": "value-1"} to topic topic-01f30084_226c_4e4f_8853_db7dc40ea146
2025-08-13 18:18:11,078 INFO  [io.api.tes.ser.api.KafkaSerdesTester] (Thread-688) Sending message {"key11755109080419": "value-2", "key21755109085108": "value-2"} to topic topic-01f30084_226c_4e4f_8853_db7dc40ea146
2025-08-13 18:18:11,082 INFO  [io.api.tes.ser.api.KafkaSerdesTester] (Thread-688) Sending message {"key11755109080419": "value-3", "key21755109085108": "value-3"} to topic topic-01f30084_226c_4e4f_8853_db7dc40ea146
2025-08-13 18:18:11,084 INFO  [io.api.tes.ser.api.KafkaSerdesTester] (Thread-688) Sending message {"key11755109080419": "value-4", "key21755109085108": "value-4"} to topic topic-01f30084_226c_4e4f_8853_db7dc40ea146
2025-08-13 18:18:11,086 INFO  [io.api.tes.ser.api.KafkaSerdesTester] (Thread-688) Sending message {"key11755109080419": "value-5", "key21755109085108": "value-5"} to topic topic-01f30084_226c_4e4f_8853_db7dc40ea146
2025-08-13 18:18:11,090 INFO  [io.api.tes.ser.api.KafkaSerdesTester] (Thread-688) Sending message {"key11755109080419": "value-6", "key21755109085108": "value-6"} to topic topic-01f30084_226c_4e4f_8853_db7dc40ea146
2025-08-13 18:18:11,096 INFO  [io.api.tes.ser.api.KafkaSerdesTester] (Thread-688) Sending message {"key11755109080419": "value-7", "key21755109085108": "value-7"} to topic topic-01f30084_226c_4e4f_8853_db7dc40ea146
2025-08-13 18:18:11,100 INFO  [io.api.tes.ser.api.KafkaSerdesTester] (Thread-688) Sending message {"key11755109080419": "value-8", "key21755109085108": "value-8"} to topic topic-01f30084_226c_4e4f_8853_db7dc40ea146
2025-08-13 18:18:11,102 INFO  [io.api.tes.ser.api.KafkaSerdesTester] (Thread-688) Sending message {"key11755109080419": "value-9", "key21755109085108": "value-9"} to topic topic-01f30084_226c_4e4f_8853_db7dc40ea146
2025-08-13 18:18:11,103 INFO  [io.api.tes.ser.api.KafkaSerdesTester] (Thread-688) Produced 10 messages
2025-08-13 18:18:11,103 INFO  [org.apa.kaf.cli.pro.KafkaProducer] (Thread-688) [Producer clientId=Producer-topic-01f30084_226c_4e4f_8853_db7dc40ea146] Closing the Kafka producer with timeoutMillis = 9223372036854775807 ms.
2025-08-13 18:18:11,106 INFO  [org.apa.kaf.com.met.Metrics] (Thread-688) Metrics scheduler closed
2025-08-13 18:18:11,106 INFO  [org.apa.kaf.com.met.Metrics] (Thread-688) Closing reporter org.apache.kafka.common.metrics.JmxReporter
2025-08-13 18:18:11,106 INFO  [org.apa.kaf.com.met.Metrics] (Thread-688) Closing reporter org.apache.kafka.common.telemetry.internals.ClientTelemetryReporter
2025-08-13 18:18:11,106 INFO  [org.apa.kaf.com.met.Metrics] (Thread-688) Metrics reporters closed
2025-08-13 18:18:11,106 INFO  [org.apa.kaf.com.uti.AppInfoParser] (Thread-688) App info kafka.producer for Producer-topic-01f30084_226c_4e4f_8853_db7dc40ea146 unregistered
**** Registry Base URL: http://registry-app-inmemory.apps.ci419.apicurio-testing.org:80
2025-08-13 18:18:11,107 INFO  [org.apa.kaf.cli.pro.ProducerConfig] (main) ProducerConfig values: 
	acks = -1
	auto.include.jmx.reporter = true
	batch.size = 16384
	bootstrap.servers = [PLAINTEXT://localhost:32769]
	buffer.memory = 33554432
	client.dns.lookup = use_all_dns_ips
	client.id = Producer-topic-01f30084_226c_4e4f_8853_db7dc40ea146
	compression.gzip.level = -1
	compression.lz4.level = 9
	compression.type = none
	compression.zstd.level = 3
	connections.max.idle.ms = 10000
	delivery.timeout.ms = 120000
	enable.idempotence = true
	enable.metrics.push = true
	interceptor.classes = []
	key.serializer = class org.apache.kafka.common.serialization.StringSerializer
	linger.ms = 0
	max.block.ms = 60000
	max.in.flight.requests.per.connection = 5
	max.request.size = 1048576
	metadata.max.age.ms = 300000
	metadata.max.idle.ms = 300000
	metadata.recovery.strategy = none
	metric.reporters = []
	metrics.num.samples = 2
	metrics.recording.level = INFO
	metrics.sample.window.ms = 30000
	partitioner.adaptive.partitioning.enable = true
	partitioner.availability.timeout.ms = 0
	partitioner.class = null
	partitioner.ignore.keys = false
	receive.buffer.bytes = 32768
	reconnect.backoff.max.ms = 1000
	reconnect.backoff.ms = 50
	request.timeout.ms = 5000
	retries = 2147483647
	retry.backoff.max.ms = 1000
	retry.backoff.ms = 100
	sasl.client.callback.handler.class = null
	sasl.jaas.config = null
	sasl.kerberos.kinit.cmd = /usr/bin/kinit
	sasl.kerberos.min.time.before.relogin = 60000
	sasl.kerberos.service.name = null
	sasl.kerberos.ticket.renew.jitter = 0.05
	sasl.kerberos.ticket.renew.window.factor = 0.8
	sasl.login.callback.handler.class = null
	sasl.login.class = null
	sasl.login.connect.timeout.ms = null
	sasl.login.read.timeout.ms = null
	sasl.login.refresh.buffer.seconds = 300
	sasl.login.refresh.min.period.seconds = 60
	sasl.login.refresh.window.factor = 0.8
	sasl.login.refresh.window.jitter = 0.05
	sasl.login.retry.backoff.max.ms = 10000
	sasl.login.retry.backoff.ms = 100
	sasl.mechanism = GSSAPI
	sasl.oauthbearer.clock.skew.seconds = 30
	sasl.oauthbearer.expected.audience = null
	sasl.oauthbearer.expected.issuer = null
	sasl.oauthbearer.header.urlencode = false
	sasl.oauthbearer.jwks.endpoint.refresh.ms = 3600000
	sasl.oauthbearer.jwks.endpoint.retry.backoff.max.ms = 10000
	sasl.oauthbearer.jwks.endpoint.retry.backoff.ms = 100
	sasl.oauthbearer.jwks.endpoint.url = null
	sasl.oauthbearer.scope.claim.name = scope
	sasl.oauthbearer.sub.claim.name = sub
	sasl.oauthbearer.token.endpoint.url = null
	security.protocol = PLAINTEXT
	security.providers = null
	send.buffer.bytes = 131072
	socket.connection.setup.timeout.max.ms = 30000
	socket.connection.setup.timeout.ms = 10000
	ssl.cipher.suites = null
	ssl.enabled.protocols = [TLSv1.2, TLSv1.3]
	ssl.endpoint.identification.algorithm = https
	ssl.engine.factory.class = null
	ssl.key.password = null
	ssl.keymanager.algorithm = SunX509
	ssl.keystore.certificate.chain = null
	ssl.keystore.key = null
	ssl.keystore.location = null
	ssl.keystore.password = null
	ssl.keystore.type = JKS
	ssl.protocol = TLSv1.3
	ssl.provider = null
	ssl.secure.random.implementation = null
	ssl.trustmanager.algorithm = PKIX
	ssl.truststore.certificates = null
	ssl.truststore.location = null
	ssl.truststore.password = null
	ssl.truststore.type = JKS
	transaction.timeout.ms = 60000
	transactional.id = null
	value.serializer = class io.apicurio.registry.serde.avro.AvroKafkaSerializer

2025-08-13 18:18:11,107 INFO  [org.apa.kaf.com.tel.int.KafkaMetricsCollector] (main) initializing Kafka metrics collector
2025-08-13 18:18:11,112 INFO  [org.apa.kaf.cli.pro.KafkaProducer] (main) [Producer clientId=Producer-topic-01f30084_226c_4e4f_8853_db7dc40ea146] Instantiated an idempotent producer.
2025-08-13 18:18:11,117 INFO  [org.apa.kaf.cli.pro.ProducerConfig] (main) These configurations '[apicurio.registry.url, apicurio.registry.artifact-resolver-strategy]' were supplied but are not used yet.
2025-08-13 18:18:11,117 INFO  [org.apa.kaf.com.uti.AppInfoParser] (main) Kafka version: 3.9.1
2025-08-13 18:18:11,117 INFO  [org.apa.kaf.com.uti.AppInfoParser] (main) Kafka commitId: f745dfdcee2b9851
2025-08-13 18:18:11,117 INFO  [org.apa.kaf.com.uti.AppInfoParser] (main) Kafka startTimeMs: 1755109091117
2025-08-13 18:18:11,117 INFO  [io.api.tes.ser.api.KafkaSerdesTester] (Thread-691) Sending message {"key11755109080419": "value-0"} to topic topic-01f30084_226c_4e4f_8853_db7dc40ea146
2025-08-13 18:18:11,125 INFO  [org.apa.kaf.cli.Metadata] (kafka-producer-network-thread | Producer-topic-01f30084_226c_4e4f_8853_db7dc40ea146) [Producer clientId=Producer-topic-01f30084_226c_4e4f_8853_db7dc40ea146] Cluster ID: 4IlD_Sy2TMOqYF-Nc3vIHA
2025-08-13 18:18:11,125 INFO  [org.apa.kaf.cli.pro.int.TransactionManager] (kafka-producer-network-thread | Producer-topic-01f30084_226c_4e4f_8853_db7dc40ea146) [Producer clientId=Producer-topic-01f30084_226c_4e4f_8853_db7dc40ea146] ProducerId set to 17 with epoch 0
2025-08-13 18:18:11,125 INFO  [DefaultSchemaResolver] (Thread-691) Retrieving schema content using string: {"type":"record","name":"s8dfb517fxc63dx4132x9668x41a4f9acd0a0","namespace":"ns_641f4fc8_bb67_4c20_85f2_b31987c6fd50","fields":[{"name":"key11755109080419","type":"string"}]}
2025-08-13 18:18:11,158 INFO  [io.api.tes.ser.api.KafkaSerdesTester] (Thread-691) Sending message {"key11755109080419": "value-1"} to topic topic-01f30084_226c_4e4f_8853_db7dc40ea146
2025-08-13 18:18:11,164 INFO  [io.api.tes.ser.api.KafkaSerdesTester] (Thread-691) Sending message {"key11755109080419": "value-2"} to topic topic-01f30084_226c_4e4f_8853_db7dc40ea146
2025-08-13 18:18:11,166 INFO  [io.api.tes.ser.api.KafkaSerdesTester] (Thread-691) Sending message {"key11755109080419": "value-3"} to topic topic-01f30084_226c_4e4f_8853_db7dc40ea146
2025-08-13 18:18:11,167 INFO  [io.api.tes.ser.api.KafkaSerdesTester] (Thread-691) Sending message {"key11755109080419": "value-4"} to topic topic-01f30084_226c_4e4f_8853_db7dc40ea146
2025-08-13 18:18:11,168 INFO  [io.api.tes.ser.api.KafkaSerdesTester] (Thread-691) Sending message {"key11755109080419": "value-5"} to topic topic-01f30084_226c_4e4f_8853_db7dc40ea146
2025-08-13 18:18:11,171 INFO  [io.api.tes.ser.api.KafkaSerdesTester] (Thread-691) Sending message {"key11755109080419": "value-6"} to topic topic-01f30084_226c_4e4f_8853_db7dc40ea146
2025-08-13 18:18:11,172 INFO  [io.api.tes.ser.api.KafkaSerdesTester] (Thread-691) Sending message {"key11755109080419": "value-7"} to topic topic-01f30084_226c_4e4f_8853_db7dc40ea146
2025-08-13 18:18:11,174 INFO  [io.api.tes.ser.api.KafkaSerdesTester] (Thread-691) Sending message {"key11755109080419": "value-8"} to topic topic-01f30084_226c_4e4f_8853_db7dc40ea146
2025-08-13 18:18:11,176 INFO  [io.api.tes.ser.api.KafkaSerdesTester] (Thread-691) Sending message {"key11755109080419": "value-9"} to topic topic-01f30084_226c_4e4f_8853_db7dc40ea146
2025-08-13 18:18:11,178 INFO  [io.api.tes.ser.api.KafkaSerdesTester] (Thread-691) Produced 10 messages
2025-08-13 18:18:11,178 INFO  [org.apa.kaf.cli.pro.KafkaProducer] (Thread-691) [Producer clientId=Producer-topic-01f30084_226c_4e4f_8853_db7dc40ea146] Closing the Kafka producer with timeoutMillis = 9223372036854775807 ms.
2025-08-13 18:18:11,180 INFO  [org.apa.kaf.com.met.Metrics] (Thread-691) Metrics scheduler closed
2025-08-13 18:18:11,180 INFO  [org.apa.kaf.com.met.Metrics] (Thread-691) Closing reporter org.apache.kafka.common.metrics.JmxReporter
2025-08-13 18:18:11,180 INFO  [org.apa.kaf.com.met.Metrics] (Thread-691) Closing reporter org.apache.kafka.common.telemetry.internals.ClientTelemetryReporter
2025-08-13 18:18:11,180 INFO  [org.apa.kaf.com.met.Metrics] (Thread-691) Metrics reporters closed
2025-08-13 18:18:11,180 INFO  [org.apa.kaf.com.uti.AppInfoParser] (Thread-691) App info kafka.producer for Producer-topic-01f30084_226c_4e4f_8853_db7dc40ea146 unregistered
**** Registry Base URL: http://registry-app-inmemory.apps.ci419.apicurio-testing.org:80
2025-08-13 18:18:11,182 INFO  [org.apa.kaf.cli.con.ConsumerConfig] (main) ConsumerConfig values: 
	allow.auto.create.topics = true
	auto.commit.interval.ms = 500
	auto.include.jmx.reporter = true
	auto.offset.reset = earliest
	bootstrap.servers = [PLAINTEXT://localhost:32769]
	check.crcs = true
	client.dns.lookup = use_all_dns_ips
	client.id = consumer-Consumer-topic-01f30084_226c_4e4f_8853_db7dc40ea146-12
	client.rack = 
	connections.max.idle.ms = 10000
	default.api.timeout.ms = 60000
	enable.auto.commit = true
	enable.metrics.push = true
	exclude.internal.topics = true
	fetch.max.bytes = 52428800
	fetch.max.wait.ms = 500
	fetch.min.bytes = 1
	group.id = Consumer-topic-01f30084_226c_4e4f_8853_db7dc40ea146
	group.instance.id = null
	group.protocol = classic
	group.remote.assignor = null
	heartbeat.interval.ms = 3000
	interceptor.classes = []
	internal.leave.group.on.close = true
	internal.throw.on.fetch.stable.offset.unsupported = false
	isolation.level = read_uncommitted
	key.deserializer = class org.apache.kafka.common.serialization.StringDeserializer
	max.partition.fetch.bytes = 1048576
	max.poll.interval.ms = 300000
	max.poll.records = 500
	metadata.max.age.ms = 300000
	metadata.recovery.strategy = none
	metric.reporters = []
	metrics.num.samples = 2
	metrics.recording.level = INFO
	metrics.sample.window.ms = 30000
	partition.assignment.strategy = [class org.apache.kafka.clients.consumer.RangeAssignor, class org.apache.kafka.clients.consumer.CooperativeStickyAssignor]
	receive.buffer.bytes = 65536
	reconnect.backoff.max.ms = 1000
	reconnect.backoff.ms = 50
	request.timeout.ms = 5000
	retry.backoff.max.ms = 1000
	retry.backoff.ms = 100
	sasl.client.callback.handler.class = null
	sasl.jaas.config = null
	sasl.kerberos.kinit.cmd = /usr/bin/kinit
	sasl.kerberos.min.time.before.relogin = 60000
	sasl.kerberos.service.name = null
	sasl.kerberos.ticket.renew.jitter = 0.05
	sasl.kerberos.ticket.renew.window.factor = 0.8
	sasl.login.callback.handler.class = null
	sasl.login.class = null
	sasl.login.connect.timeout.ms = null
	sasl.login.read.timeout.ms = null
	sasl.login.refresh.buffer.seconds = 300
	sasl.login.refresh.min.period.seconds = 60
	sasl.login.refresh.window.factor = 0.8
	sasl.login.refresh.window.jitter = 0.05
	sasl.login.retry.backoff.max.ms = 10000
	sasl.login.retry.backoff.ms = 100
	sasl.mechanism = GSSAPI
	sasl.oauthbearer.clock.skew.seconds = 30
	sasl.oauthbearer.expected.audience = null
	sasl.oauthbearer.expected.issuer = null
	sasl.oauthbearer.header.urlencode = false
	sasl.oauthbearer.jwks.endpoint.refresh.ms = 3600000
	sasl.oauthbearer.jwks.endpoint.retry.backoff.max.ms = 10000
	sasl.oauthbearer.jwks.endpoint.retry.backoff.ms = 100
	sasl.oauthbearer.jwks.endpoint.url = null
	sasl.oauthbearer.scope.claim.name = scope
	sasl.oauthbearer.sub.claim.name = sub
	sasl.oauthbearer.token.endpoint.url = null
	security.protocol = PLAINTEXT
	security.providers = null
	send.buffer.bytes = 131072
	session.timeout.ms = 45000
	socket.connection.setup.timeout.max.ms = 30000
	socket.connection.setup.timeout.ms = 10000
	ssl.cipher.suites = null
	ssl.enabled.protocols = [TLSv1.2, TLSv1.3]
	ssl.endpoint.identification.algorithm = https
	ssl.engine.factory.class = null
	ssl.key.password = null
	ssl.keymanager.algorithm = SunX509
	ssl.keystore.certificate.chain = null
	ssl.keystore.key = null
	ssl.keystore.location = null
	ssl.keystore.password = null
	ssl.keystore.type = JKS
	ssl.protocol = TLSv1.3
	ssl.provider = null
	ssl.secure.random.implementation = null
	ssl.trustmanager.algorithm = PKIX
	ssl.truststore.certificates = null
	ssl.truststore.location = null
	ssl.truststore.password = null
	ssl.truststore.type = JKS
	value.deserializer = class io.apicurio.registry.serde.avro.AvroKafkaDeserializer

2025-08-13 18:18:11,182 INFO  [org.apa.kaf.com.tel.int.KafkaMetricsCollector] (main) initializing Kafka metrics collector
2025-08-13 18:18:11,190 INFO  [org.apa.kaf.cli.con.ConsumerConfig] (main) These configurations '[apicurio.registry.url]' were supplied but are not used yet.
2025-08-13 18:18:11,190 INFO  [org.apa.kaf.com.uti.AppInfoParser] (main) Kafka version: 3.9.1
2025-08-13 18:18:11,190 INFO  [org.apa.kaf.com.uti.AppInfoParser] (main) Kafka commitId: f745dfdcee2b9851
2025-08-13 18:18:11,190 INFO  [org.apa.kaf.com.uti.AppInfoParser] (main) Kafka startTimeMs: 1755109091190
2025-08-13 18:18:11,192 INFO  [org.apa.kaf.cli.con.int.ClassicKafkaConsumer] (Thread-694) [Consumer clientId=consumer-Consumer-topic-01f30084_226c_4e4f_8853_db7dc40ea146-12, groupId=Consumer-topic-01f30084_226c_4e4f_8853_db7dc40ea146] Subscribed to topic(s): topic-01f30084_226c_4e4f_8853_db7dc40ea146
2025-08-13 18:18:11,199 INFO  [org.apa.kaf.cli.Metadata] (Thread-694) [Consumer clientId=consumer-Consumer-topic-01f30084_226c_4e4f_8853_db7dc40ea146-12, groupId=Consumer-topic-01f30084_226c_4e4f_8853_db7dc40ea146] Cluster ID: 4IlD_Sy2TMOqYF-Nc3vIHA
2025-08-13 18:18:11,200 INFO  [org.apa.kaf.cli.con.int.ConsumerCoordinator] (Thread-694) [Consumer clientId=consumer-Consumer-topic-01f30084_226c_4e4f_8853_db7dc40ea146-12, groupId=Consumer-topic-01f30084_226c_4e4f_8853_db7dc40ea146] Discovered group coordinator localhost:32769 (id: 2147483647 rack: null)
2025-08-13 18:18:11,202 INFO  [org.apa.kaf.cli.con.int.ConsumerCoordinator] (Thread-694) [Consumer clientId=consumer-Consumer-topic-01f30084_226c_4e4f_8853_db7dc40ea146-12, groupId=Consumer-topic-01f30084_226c_4e4f_8853_db7dc40ea146] (Re-)joining group
2025-08-13 18:18:11,205 INFO  [org.apa.kaf.cli.con.int.ConsumerCoordinator] (Thread-694) [Consumer clientId=consumer-Consumer-topic-01f30084_226c_4e4f_8853_db7dc40ea146-12, groupId=Consumer-topic-01f30084_226c_4e4f_8853_db7dc40ea146] Request joining group due to: need to re-join with the given member-id: consumer-Consumer-topic-01f30084_226c_4e4f_8853_db7dc40ea146-12-27b89b26-27f7-4520-850c-c6c418c94410
2025-08-13 18:18:11,205 INFO  [org.apa.kaf.cli.con.int.ConsumerCoordinator] (Thread-694) [Consumer clientId=consumer-Consumer-topic-01f30084_226c_4e4f_8853_db7dc40ea146-12, groupId=Consumer-topic-01f30084_226c_4e4f_8853_db7dc40ea146] (Re-)joining group
2025-08-13 18:18:12,193 INFO  [io.api.tes.ser.api.KafkaSerdesTester] (Thread-694) None found
2025-08-13 18:18:13,193 INFO  [io.api.tes.ser.api.KafkaSerdesTester] (Thread-694) None found
2025-08-13 18:18:14,193 INFO  [io.api.tes.ser.api.KafkaSerdesTester] (Thread-694) None found
2025-08-13 18:18:14,209 INFO  [org.apa.kaf.cli.con.int.ConsumerCoordinator] (Thread-694) [Consumer clientId=consumer-Consumer-topic-01f30084_226c_4e4f_8853_db7dc40ea146-12, groupId=Consumer-topic-01f30084_226c_4e4f_8853_db7dc40ea146] Successfully joined group with generation Generation{generationId=5, memberId='consumer-Consumer-topic-01f30084_226c_4e4f_8853_db7dc40ea146-12-27b89b26-27f7-4520-850c-c6c418c94410', protocol='range'}
2025-08-13 18:18:14,209 INFO  [org.apa.kaf.cli.con.int.ConsumerCoordinator] (Thread-694) [Consumer clientId=consumer-Consumer-topic-01f30084_226c_4e4f_8853_db7dc40ea146-12, groupId=Consumer-topic-01f30084_226c_4e4f_8853_db7dc40ea146] Finished assignment for group at generation 5: {consumer-Consumer-topic-01f30084_226c_4e4f_8853_db7dc40ea146-12-27b89b26-27f7-4520-850c-c6c418c94410=Assignment(partitions=[topic-01f30084_226c_4e4f_8853_db7dc40ea146-0])}
2025-08-13 18:18:14,215 INFO  [org.apa.kaf.cli.con.int.ConsumerCoordinator] (Thread-694) [Consumer clientId=consumer-Consumer-topic-01f30084_226c_4e4f_8853_db7dc40ea146-12, groupId=Consumer-topic-01f30084_226c_4e4f_8853_db7dc40ea146] Successfully synced group in generation Generation{generationId=5, memberId='consumer-Consumer-topic-01f30084_226c_4e4f_8853_db7dc40ea146-12-27b89b26-27f7-4520-850c-c6c418c94410', protocol='range'}
2025-08-13 18:18:14,215 INFO  [org.apa.kaf.cli.con.int.ConsumerCoordinator] (Thread-694) [Consumer clientId=consumer-Consumer-topic-01f30084_226c_4e4f_8853_db7dc40ea146-12, groupId=Consumer-topic-01f30084_226c_4e4f_8853_db7dc40ea146] Notifying assignor about the new Assignment(partitions=[topic-01f30084_226c_4e4f_8853_db7dc40ea146-0])
2025-08-13 18:18:14,215 INFO  [org.apa.kaf.cli.con.int.ConsumerRebalanceListenerInvoker] (Thread-694) [Consumer clientId=consumer-Consumer-topic-01f30084_226c_4e4f_8853_db7dc40ea146-12, groupId=Consumer-topic-01f30084_226c_4e4f_8853_db7dc40ea146] Adding newly assigned partitions: topic-01f30084_226c_4e4f_8853_db7dc40ea146-0
2025-08-13 18:18:14,216 INFO  [org.apa.kaf.cli.con.int.ConsumerUtils] (Thread-694) Setting offset for partition topic-01f30084_226c_4e4f_8853_db7dc40ea146-0 to the committed offset FetchPosition{offset=30, offsetEpoch=Optional[0], currentLeader=LeaderAndEpoch{leader=Optional[localhost:32769 (id: 0 rack: null)], epoch=0}}
2025-08-13 18:18:14,300 INFO  [io.api.tes.ser.api.KafkaSerdesTester] (Thread-694) topic-01f30084_226c_4e4f_8853_db7dc40ea146 0 30 {"key11755109080419": "value-0", "key21755109085108": "value-0", "key31755109089905": "value-0"}
2025-08-13 18:18:14,300 INFO  [io.api.tes.ser.api.KafkaSerdesTester] (Thread-694) topic-01f30084_226c_4e4f_8853_db7dc40ea146 0 31 {"key11755109080419": "value-1", "key21755109085108": "value-1", "key31755109089905": "value-1"}
2025-08-13 18:18:14,300 INFO  [io.api.tes.ser.api.KafkaSerdesTester] (Thread-694) topic-01f30084_226c_4e4f_8853_db7dc40ea146 0 32 {"key11755109080419": "value-2", "key21755109085108": "value-2", "key31755109089905": "value-2"}
2025-08-13 18:18:14,300 INFO  [io.api.tes.ser.api.KafkaSerdesTester] (Thread-694) topic-01f30084_226c_4e4f_8853_db7dc40ea146 0 33 {"key11755109080419": "value-3", "key21755109085108": "value-3", "key31755109089905": "value-3"}
2025-08-13 18:18:14,301 INFO  [io.api.tes.ser.api.KafkaSerdesTester] (Thread-694) topic-01f30084_226c_4e4f_8853_db7dc40ea146 0 34 {"key11755109080419": "value-4", "key21755109085108": "value-4", "key31755109089905": "value-4"}
2025-08-13 18:18:14,301 INFO  [io.api.tes.ser.api.KafkaSerdesTester] (Thread-694) topic-01f30084_226c_4e4f_8853_db7dc40ea146 0 35 {"key11755109080419": "value-5", "key21755109085108": "value-5", "key31755109089905": "value-5"}
2025-08-13 18:18:14,301 INFO  [io.api.tes.ser.api.KafkaSerdesTester] (Thread-694) topic-01f30084_226c_4e4f_8853_db7dc40ea146 0 36 {"key11755109080419": "value-6", "key21755109085108": "value-6", "key31755109089905": "value-6"}
2025-08-13 18:18:14,301 INFO  [io.api.tes.ser.api.KafkaSerdesTester] (Thread-694) topic-01f30084_226c_4e4f_8853_db7dc40ea146 0 37 {"key11755109080419": "value-7", "key21755109085108": "value-7", "key31755109089905": "value-7"}
2025-08-13 18:18:14,301 INFO  [io.api.tes.ser.api.KafkaSerdesTester] (Thread-694) topic-01f30084_226c_4e4f_8853_db7dc40ea146 0 38 {"key11755109080419": "value-8", "key21755109085108": "value-8", "key31755109089905": "value-8"}
2025-08-13 18:18:14,301 INFO  [io.api.tes.ser.api.KafkaSerdesTester] (Thread-694) topic-01f30084_226c_4e4f_8853_db7dc40ea146 0 39 {"key11755109080419": "value-9", "key21755109085108": "value-9", "key31755109089905": "value-9"}
2025-08-13 18:18:14,301 INFO  [io.api.tes.ser.api.KafkaSerdesTester] (Thread-694) topic-01f30084_226c_4e4f_8853_db7dc40ea146 0 40 {"key11755109080419": "value-0", "key21755109085108": "value-0"}
2025-08-13 18:18:14,301 INFO  [io.api.tes.ser.api.KafkaSerdesTester] (Thread-694) topic-01f30084_226c_4e4f_8853_db7dc40ea146 0 41 {"key11755109080419": "value-1", "key21755109085108": "value-1"}
2025-08-13 18:18:14,301 INFO  [io.api.tes.ser.api.KafkaSerdesTester] (Thread-694) topic-01f30084_226c_4e4f_8853_db7dc40ea146 0 42 {"key11755109080419": "value-2", "key21755109085108": "value-2"}
2025-08-13 18:18:14,301 INFO  [io.api.tes.ser.api.KafkaSerdesTester] (Thread-694) topic-01f30084_226c_4e4f_8853_db7dc40ea146 0 43 {"key11755109080419": "value-3", "key21755109085108": "value-3"}
2025-08-13 18:18:14,301 INFO  [io.api.tes.ser.api.KafkaSerdesTester] (Thread-694) topic-01f30084_226c_4e4f_8853_db7dc40ea146 0 44 {"key11755109080419": "value-4", "key21755109085108": "value-4"}
2025-08-13 18:18:14,301 INFO  [io.api.tes.ser.api.KafkaSerdesTester] (Thread-694) topic-01f30084_226c_4e4f_8853_db7dc40ea146 0 45 {"key11755109080419": "value-5", "key21755109085108": "value-5"}
2025-08-13 18:18:14,301 INFO  [io.api.tes.ser.api.KafkaSerdesTester] (Thread-694) topic-01f30084_226c_4e4f_8853_db7dc40ea146 0 46 {"key11755109080419": "value-6", "key21755109085108": "value-6"}
2025-08-13 18:18:14,301 INFO  [io.api.tes.ser.api.KafkaSerdesTester] (Thread-694) topic-01f30084_226c_4e4f_8853_db7dc40ea146 0 47 {"key11755109080419": "value-7", "key21755109085108": "value-7"}
2025-08-13 18:18:14,301 INFO  [io.api.tes.ser.api.KafkaSerdesTester] (Thread-694) topic-01f30084_226c_4e4f_8853_db7dc40ea146 0 48 {"key11755109080419": "value-8", "key21755109085108": "value-8"}
2025-08-13 18:18:14,301 INFO  [io.api.tes.ser.api.KafkaSerdesTester] (Thread-694) topic-01f30084_226c_4e4f_8853_db7dc40ea146 0 49 {"key11755109080419": "value-9", "key21755109085108": "value-9"}
2025-08-13 18:18:14,301 INFO  [io.api.tes.ser.api.KafkaSerdesTester] (Thread-694) topic-01f30084_226c_4e4f_8853_db7dc40ea146 0 50 {"key11755109080419": "value-0"}
2025-08-13 18:18:14,301 INFO  [io.api.tes.ser.api.KafkaSerdesTester] (Thread-694) topic-01f30084_226c_4e4f_8853_db7dc40ea146 0 51 {"key11755109080419": "value-1"}
2025-08-13 18:18:14,301 INFO  [io.api.tes.ser.api.KafkaSerdesTester] (Thread-694) topic-01f30084_226c_4e4f_8853_db7dc40ea146 0 52 {"key11755109080419": "value-2"}
2025-08-13 18:18:14,301 INFO  [io.api.tes.ser.api.KafkaSerdesTester] (Thread-694) topic-01f30084_226c_4e4f_8853_db7dc40ea146 0 53 {"key11755109080419": "value-3"}
2025-08-13 18:18:14,301 INFO  [io.api.tes.ser.api.KafkaSerdesTester] (Thread-694) topic-01f30084_226c_4e4f_8853_db7dc40ea146 0 54 {"key11755109080419": "value-4"}
2025-08-13 18:18:14,302 INFO  [io.api.tes.ser.api.KafkaSerdesTester] (Thread-694) topic-01f30084_226c_4e4f_8853_db7dc40ea146 0 55 {"key11755109080419": "value-5"}
2025-08-13 18:18:14,302 INFO  [io.api.tes.ser.api.KafkaSerdesTester] (Thread-694) topic-01f30084_226c_4e4f_8853_db7dc40ea146 0 56 {"key11755109080419": "value-6"}
2025-08-13 18:18:14,302 INFO  [io.api.tes.ser.api.KafkaSerdesTester] (Thread-694) topic-01f30084_226c_4e4f_8853_db7dc40ea146 0 57 {"key11755109080419": "value-7"}
2025-08-13 18:18:14,302 INFO  [io.api.tes.ser.api.KafkaSerdesTester] (Thread-694) topic-01f30084_226c_4e4f_8853_db7dc40ea146 0 58 {"key11755109080419": "value-8"}
2025-08-13 18:18:14,302 INFO  [io.api.tes.ser.api.KafkaSerdesTester] (Thread-694) topic-01f30084_226c_4e4f_8853_db7dc40ea146 0 59 {"key11755109080419": "value-9"}
2025-08-13 18:18:14,302 INFO  [io.api.tes.ser.api.KafkaSerdesTester] (Thread-694) Consumed 30 messages
2025-08-13 18:18:14,309 INFO  [org.apa.kaf.cli.con.int.ConsumerRebalanceListenerInvoker] (Thread-694) [Consumer clientId=consumer-Consumer-topic-01f30084_226c_4e4f_8853_db7dc40ea146-12, groupId=Consumer-topic-01f30084_226c_4e4f_8853_db7dc40ea146] Revoke previously assigned partitions topic-01f30084_226c_4e4f_8853_db7dc40ea146-0
2025-08-13 18:18:14,309 INFO  [org.apa.kaf.cli.con.int.ConsumerCoordinator] (Thread-694) [Consumer clientId=consumer-Consumer-topic-01f30084_226c_4e4f_8853_db7dc40ea146-12, groupId=Consumer-topic-01f30084_226c_4e4f_8853_db7dc40ea146] Member consumer-Consumer-topic-01f30084_226c_4e4f_8853_db7dc40ea146-12-27b89b26-27f7-4520-850c-c6c418c94410 sending LeaveGroup request to coordinator localhost:32769 (id: 2147483647 rack: null) due to the consumer is being closed
2025-08-13 18:18:14,309 INFO  [org.apa.kaf.cli.con.int.ConsumerCoordinator] (Thread-694) [Consumer clientId=consumer-Consumer-topic-01f30084_226c_4e4f_8853_db7dc40ea146-12, groupId=Consumer-topic-01f30084_226c_4e4f_8853_db7dc40ea146] Resetting generation and member id due to: consumer pro-actively leaving the group
2025-08-13 18:18:14,309 INFO  [org.apa.kaf.cli.con.int.ConsumerCoordinator] (Thread-694) [Consumer clientId=consumer-Consumer-topic-01f30084_226c_4e4f_8853_db7dc40ea146-12, groupId=Consumer-topic-01f30084_226c_4e4f_8853_db7dc40ea146] Request joining group due to: consumer pro-actively leaving the group
2025-08-13 18:18:14,806 INFO  [org.apa.kaf.com.met.Metrics] (Thread-694) Metrics scheduler closed
2025-08-13 18:18:14,806 INFO  [org.apa.kaf.com.met.Metrics] (Thread-694) Closing reporter org.apache.kafka.common.metrics.JmxReporter
2025-08-13 18:18:14,806 INFO  [org.apa.kaf.com.met.Metrics] (Thread-694) Closing reporter org.apache.kafka.common.telemetry.internals.ClientTelemetryReporter
2025-08-13 18:18:14,806 INFO  [org.apa.kaf.com.met.Metrics] (Thread-694) Metrics reporters closed
2025-08-13 18:18:14,808 INFO  [org.apa.kaf.com.uti.AppInfoParser] (Thread-694) App info kafka.consumer for consumer-Consumer-topic-01f30084_226c_4e4f_8853_db7dc40ea146-12 unregistered
2025-08-13 18:18:14,808 INFO  [org.apa.kaf.cli.pro.KafkaProducer] (main) [Producer clientId=Producer-topic-01f30084_226c_4e4f_8853_db7dc40ea146] Closing the Kafka producer with timeoutMillis = 9223372036854775807 ms.
2025-08-13 18:18:14,808 INFO  [org.apa.kaf.com.met.Metrics] (main) Metrics scheduler closed
2025-08-13 18:18:14,808 INFO  [org.apa.kaf.com.met.Metrics] (main) Closing reporter org.apache.kafka.common.metrics.JmxReporter
2025-08-13 18:18:14,808 INFO  [org.apa.kaf.com.met.Metrics] (main) Closing reporter org.apache.kafka.common.telemetry.internals.ClientTelemetryReporter
2025-08-13 18:18:14,808 INFO  [org.apa.kaf.com.met.Metrics] (main) Metrics reporters closed
2025-08-13 18:18:14,808 INFO  [org.apa.kaf.com.uti.AppInfoParser] (main) App info kafka.producer for Producer-topic-01f30084_226c_4e4f_8853_db7dc40ea146 unregistered
2025-08-13 18:18:14,809 INFO  [io.api.tes.uti.TestSeparator] (main) io.apicurio.tests.serdes.apicurio.AvroSerdeIT.testEvolveAvroApicurio-FINISHED
2025-08-13 18:18:14,809 INFO  [io.api.tes.uti.TestSeparator] (main) ############################################################################
Test passed: testEvolveAvroApicurio
]]></system-out>
  </testcase>
  <testcase name="testTopicRecordIdStrategydFindLatest" classname="io.apicurio.tests.serdes.apicurio.AvroSerdeIT" time="4.703">
    <system-out><![CDATA[2025-08-13 18:18:14,811 INFO  [io.api.tes.uti.TestSeparator] (main) ############################################################################
2025-08-13 18:18:14,811 INFO  [io.api.tes.uti.TestSeparator] (main) io.apicurio.tests.serdes.apicurio.AvroSerdeIT.testTopicRecordIdStrategydFindLatest-STARTED
2025-08-13 18:18:14,812 INFO  [io.api.tes.ser.api.AvroSerdeIT] (main) Registering Avro Schema: {"type":"record","name":"s9709a82dx9c24x46d1xb834xea685d69a15b","namespace":"s4790b981x3a9fx45a4xbcf0xd86b94cf6f54","fields":[{"name":"key11755109094811","type":"string"}]}
**** Registry Base URL: http://registry-app-inmemory.apps.ci419.apicurio-testing.org:80
2025-08-13 18:18:15,847 INFO  [org.apa.kaf.cli.pro.ProducerConfig] (main) ProducerConfig values: 
	acks = -1
	auto.include.jmx.reporter = true
	batch.size = 16384
	bootstrap.servers = [PLAINTEXT://localhost:32769]
	buffer.memory = 33554432
	client.dns.lookup = use_all_dns_ips
	client.id = Producer-topic-ac28fc92_230f_40cb_8cb7_ba699df2a7db
	compression.gzip.level = -1
	compression.lz4.level = 9
	compression.type = none
	compression.zstd.level = 3
	connections.max.idle.ms = 10000
	delivery.timeout.ms = 120000
	enable.idempotence = true
	enable.metrics.push = true
	interceptor.classes = []
	key.serializer = class org.apache.kafka.common.serialization.StringSerializer
	linger.ms = 0
	max.block.ms = 60000
	max.in.flight.requests.per.connection = 5
	max.request.size = 1048576
	metadata.max.age.ms = 300000
	metadata.max.idle.ms = 300000
	metadata.recovery.strategy = none
	metric.reporters = []
	metrics.num.samples = 2
	metrics.recording.level = INFO
	metrics.sample.window.ms = 30000
	partitioner.adaptive.partitioning.enable = true
	partitioner.availability.timeout.ms = 0
	partitioner.class = null
	partitioner.ignore.keys = false
	receive.buffer.bytes = 32768
	reconnect.backoff.max.ms = 1000
	reconnect.backoff.ms = 50
	request.timeout.ms = 5000
	retries = 2147483647
	retry.backoff.max.ms = 1000
	retry.backoff.ms = 100
	sasl.client.callback.handler.class = null
	sasl.jaas.config = null
	sasl.kerberos.kinit.cmd = /usr/bin/kinit
	sasl.kerberos.min.time.before.relogin = 60000
	sasl.kerberos.service.name = null
	sasl.kerberos.ticket.renew.jitter = 0.05
	sasl.kerberos.ticket.renew.window.factor = 0.8
	sasl.login.callback.handler.class = null
	sasl.login.class = null
	sasl.login.connect.timeout.ms = null
	sasl.login.read.timeout.ms = null
	sasl.login.refresh.buffer.seconds = 300
	sasl.login.refresh.min.period.seconds = 60
	sasl.login.refresh.window.factor = 0.8
	sasl.login.refresh.window.jitter = 0.05
	sasl.login.retry.backoff.max.ms = 10000
	sasl.login.retry.backoff.ms = 100
	sasl.mechanism = GSSAPI
	sasl.oauthbearer.clock.skew.seconds = 30
	sasl.oauthbearer.expected.audience = null
	sasl.oauthbearer.expected.issuer = null
	sasl.oauthbearer.header.urlencode = false
	sasl.oauthbearer.jwks.endpoint.refresh.ms = 3600000
	sasl.oauthbearer.jwks.endpoint.retry.backoff.max.ms = 10000
	sasl.oauthbearer.jwks.endpoint.retry.backoff.ms = 100
	sasl.oauthbearer.jwks.endpoint.url = null
	sasl.oauthbearer.scope.claim.name = scope
	sasl.oauthbearer.sub.claim.name = sub
	sasl.oauthbearer.token.endpoint.url = null
	security.protocol = PLAINTEXT
	security.providers = null
	send.buffer.bytes = 131072
	socket.connection.setup.timeout.max.ms = 30000
	socket.connection.setup.timeout.ms = 10000
	ssl.cipher.suites = null
	ssl.enabled.protocols = [TLSv1.2, TLSv1.3]
	ssl.endpoint.identification.algorithm = https
	ssl.engine.factory.class = null
	ssl.key.password = null
	ssl.keymanager.algorithm = SunX509
	ssl.keystore.certificate.chain = null
	ssl.keystore.key = null
	ssl.keystore.location = null
	ssl.keystore.password = null
	ssl.keystore.type = JKS
	ssl.protocol = TLSv1.3
	ssl.provider = null
	ssl.secure.random.implementation = null
	ssl.trustmanager.algorithm = PKIX
	ssl.truststore.certificates = null
	ssl.truststore.location = null
	ssl.truststore.password = null
	ssl.truststore.type = JKS
	transaction.timeout.ms = 60000
	transactional.id = null
	value.serializer = class io.apicurio.registry.serde.avro.AvroKafkaSerializer

2025-08-13 18:18:15,848 INFO  [org.apa.kaf.com.tel.int.KafkaMetricsCollector] (main) initializing Kafka metrics collector
2025-08-13 18:18:15,851 INFO  [org.apa.kaf.cli.pro.KafkaProducer] (main) [Producer clientId=Producer-topic-ac28fc92_230f_40cb_8cb7_ba699df2a7db] Instantiated an idempotent producer.
2025-08-13 18:18:15,854 INFO  [org.apa.kaf.cli.pro.ProducerConfig] (main) These configurations '[apicurio.registry.find-latest, apicurio.registry.url, apicurio.registry.artifact-resolver-strategy]' were supplied but are not used yet.
2025-08-13 18:18:15,854 INFO  [org.apa.kaf.com.uti.AppInfoParser] (main) Kafka version: 3.9.1
2025-08-13 18:18:15,854 INFO  [org.apa.kaf.com.uti.AppInfoParser] (main) Kafka commitId: f745dfdcee2b9851
2025-08-13 18:18:15,855 INFO  [org.apa.kaf.com.uti.AppInfoParser] (main) Kafka startTimeMs: 1755109095854
2025-08-13 18:18:15,856 INFO  [io.api.tes.ser.api.SimpleSerdesTesterBuilder$SimpleSerdesTester] (main) Using producer configuration: {apicurio.registry.find-latest=true, apicurio.registry.url=http://registry-app-inmemory.apps.ci419.apicurio-testing.org:80/apis/registry/v3, apicurio.registry.artifact-resolver-strategy=io.apicurio.registry.serde.avro.strategy.TopicRecordIdStrategy, value.serializer=io.apicurio.registry.serde.avro.AvroKafkaSerializer, request.timeout.ms=5000, acks=all, bootstrap.servers=PLAINTEXT://localhost:32769, connections.max.idle.ms=10000, key.serializer=org.apache.kafka.common.serialization.StringSerializer, client.id=Producer-topic-ac28fc92_230f_40cb_8cb7_ba699df2a7db}
2025-08-13 18:18:15,856 INFO  [io.api.tes.ser.api.SimpleSerdesTesterBuilder$SimpleSerdesTester] (main) Using consumer configuration: {}
2025-08-13 18:18:15,856 INFO  [io.api.tes.ser.api.KafkaSerdesTester] (Thread-697) Sending message {"key11755109094811": "value-0"} to topic topic-ac28fc92_230f_40cb_8cb7_ba699df2a7db
2025-08-13 18:18:15,862 INFO  [org.apa.kaf.cli.Metadata] (kafka-producer-network-thread | Producer-topic-ac28fc92_230f_40cb_8cb7_ba699df2a7db) [Producer clientId=Producer-topic-ac28fc92_230f_40cb_8cb7_ba699df2a7db] Cluster ID: 4IlD_Sy2TMOqYF-Nc3vIHA
2025-08-13 18:18:15,865 INFO  [org.apa.kaf.cli.pro.int.TransactionManager] (kafka-producer-network-thread | Producer-topic-ac28fc92_230f_40cb_8cb7_ba699df2a7db) [Producer clientId=Producer-topic-ac28fc92_230f_40cb_8cb7_ba699df2a7db] ProducerId set to 18 with epoch 0
2025-08-13 18:18:15,918 INFO  [io.api.tes.ser.api.KafkaSerdesTester] (Thread-697) Sending message {"key11755109094811": "value-1"} to topic topic-ac28fc92_230f_40cb_8cb7_ba699df2a7db
2025-08-13 18:18:15,919 INFO  [io.api.tes.ser.api.KafkaSerdesTester] (Thread-697) Sending message {"key11755109094811": "value-2"} to topic topic-ac28fc92_230f_40cb_8cb7_ba699df2a7db
2025-08-13 18:18:15,921 INFO  [io.api.tes.ser.api.KafkaSerdesTester] (Thread-697) Sending message {"key11755109094811": "value-3"} to topic topic-ac28fc92_230f_40cb_8cb7_ba699df2a7db
2025-08-13 18:18:15,922 INFO  [io.api.tes.ser.api.KafkaSerdesTester] (Thread-697) Sending message {"key11755109094811": "value-4"} to topic topic-ac28fc92_230f_40cb_8cb7_ba699df2a7db
2025-08-13 18:18:15,924 INFO  [io.api.tes.ser.api.KafkaSerdesTester] (Thread-697) Sending message {"key11755109094811": "value-5"} to topic topic-ac28fc92_230f_40cb_8cb7_ba699df2a7db
2025-08-13 18:18:15,925 INFO  [io.api.tes.ser.api.KafkaSerdesTester] (Thread-697) Sending message {"key11755109094811": "value-6"} to topic topic-ac28fc92_230f_40cb_8cb7_ba699df2a7db
2025-08-13 18:18:15,926 INFO  [io.api.tes.ser.api.KafkaSerdesTester] (Thread-697) Sending message {"key11755109094811": "value-7"} to topic topic-ac28fc92_230f_40cb_8cb7_ba699df2a7db
2025-08-13 18:18:15,928 INFO  [io.api.tes.ser.api.KafkaSerdesTester] (Thread-697) Sending message {"key11755109094811": "value-8"} to topic topic-ac28fc92_230f_40cb_8cb7_ba699df2a7db
2025-08-13 18:18:15,930 INFO  [io.api.tes.ser.api.KafkaSerdesTester] (Thread-697) Sending message {"key11755109094811": "value-9"} to topic topic-ac28fc92_230f_40cb_8cb7_ba699df2a7db
2025-08-13 18:18:15,932 INFO  [io.api.tes.ser.api.KafkaSerdesTester] (Thread-697) Produced 10 messages
2025-08-13 18:18:15,932 INFO  [org.apa.kaf.cli.pro.KafkaProducer] (Thread-697) [Producer clientId=Producer-topic-ac28fc92_230f_40cb_8cb7_ba699df2a7db] Closing the Kafka producer with timeoutMillis = 9223372036854775807 ms.
2025-08-13 18:18:15,934 INFO  [org.apa.kaf.com.met.Metrics] (Thread-697) Metrics scheduler closed
2025-08-13 18:18:15,934 INFO  [org.apa.kaf.com.met.Metrics] (Thread-697) Closing reporter org.apache.kafka.common.metrics.JmxReporter
2025-08-13 18:18:15,934 INFO  [org.apa.kaf.com.met.Metrics] (Thread-697) Closing reporter org.apache.kafka.common.telemetry.internals.ClientTelemetryReporter
2025-08-13 18:18:15,934 INFO  [org.apa.kaf.com.met.Metrics] (Thread-697) Metrics reporters closed
2025-08-13 18:18:15,934 INFO  [org.apa.kaf.com.uti.AppInfoParser] (Thread-697) App info kafka.producer for Producer-topic-ac28fc92_230f_40cb_8cb7_ba699df2a7db unregistered
**** Registry Base URL: http://registry-app-inmemory.apps.ci419.apicurio-testing.org:80
2025-08-13 18:18:15,935 INFO  [org.apa.kaf.cli.con.ConsumerConfig] (main) ConsumerConfig values: 
	allow.auto.create.topics = true
	auto.commit.interval.ms = 500
	auto.include.jmx.reporter = true
	auto.offset.reset = earliest
	bootstrap.servers = [PLAINTEXT://localhost:32769]
	check.crcs = true
	client.dns.lookup = use_all_dns_ips
	client.id = consumer-Consumer-topic-ac28fc92_230f_40cb_8cb7_ba699df2a7db-13
	client.rack = 
	connections.max.idle.ms = 10000
	default.api.timeout.ms = 60000
	enable.auto.commit = true
	enable.metrics.push = true
	exclude.internal.topics = true
	fetch.max.bytes = 52428800
	fetch.max.wait.ms = 500
	fetch.min.bytes = 1
	group.id = Consumer-topic-ac28fc92_230f_40cb_8cb7_ba699df2a7db
	group.instance.id = null
	group.protocol = classic
	group.remote.assignor = null
	heartbeat.interval.ms = 3000
	interceptor.classes = []
	internal.leave.group.on.close = true
	internal.throw.on.fetch.stable.offset.unsupported = false
	isolation.level = read_uncommitted
	key.deserializer = class org.apache.kafka.common.serialization.StringDeserializer
	max.partition.fetch.bytes = 1048576
	max.poll.interval.ms = 300000
	max.poll.records = 500
	metadata.max.age.ms = 300000
	metadata.recovery.strategy = none
	metric.reporters = []
	metrics.num.samples = 2
	metrics.recording.level = INFO
	metrics.sample.window.ms = 30000
	partition.assignment.strategy = [class org.apache.kafka.clients.consumer.RangeAssignor, class org.apache.kafka.clients.consumer.CooperativeStickyAssignor]
	receive.buffer.bytes = 65536
	reconnect.backoff.max.ms = 1000
	reconnect.backoff.ms = 50
	request.timeout.ms = 5000
	retry.backoff.max.ms = 1000
	retry.backoff.ms = 100
	sasl.client.callback.handler.class = null
	sasl.jaas.config = null
	sasl.kerberos.kinit.cmd = /usr/bin/kinit
	sasl.kerberos.min.time.before.relogin = 60000
	sasl.kerberos.service.name = null
	sasl.kerberos.ticket.renew.jitter = 0.05
	sasl.kerberos.ticket.renew.window.factor = 0.8
	sasl.login.callback.handler.class = null
	sasl.login.class = null
	sasl.login.connect.timeout.ms = null
	sasl.login.read.timeout.ms = null
	sasl.login.refresh.buffer.seconds = 300
	sasl.login.refresh.min.period.seconds = 60
	sasl.login.refresh.window.factor = 0.8
	sasl.login.refresh.window.jitter = 0.05
	sasl.login.retry.backoff.max.ms = 10000
	sasl.login.retry.backoff.ms = 100
	sasl.mechanism = GSSAPI
	sasl.oauthbearer.clock.skew.seconds = 30
	sasl.oauthbearer.expected.audience = null
	sasl.oauthbearer.expected.issuer = null
	sasl.oauthbearer.header.urlencode = false
	sasl.oauthbearer.jwks.endpoint.refresh.ms = 3600000
	sasl.oauthbearer.jwks.endpoint.retry.backoff.max.ms = 10000
	sasl.oauthbearer.jwks.endpoint.retry.backoff.ms = 100
	sasl.oauthbearer.jwks.endpoint.url = null
	sasl.oauthbearer.scope.claim.name = scope
	sasl.oauthbearer.sub.claim.name = sub
	sasl.oauthbearer.token.endpoint.url = null
	security.protocol = PLAINTEXT
	security.providers = null
	send.buffer.bytes = 131072
	session.timeout.ms = 45000
	socket.connection.setup.timeout.max.ms = 30000
	socket.connection.setup.timeout.ms = 10000
	ssl.cipher.suites = null
	ssl.enabled.protocols = [TLSv1.2, TLSv1.3]
	ssl.endpoint.identification.algorithm = https
	ssl.engine.factory.class = null
	ssl.key.password = null
	ssl.keymanager.algorithm = SunX509
	ssl.keystore.certificate.chain = null
	ssl.keystore.key = null
	ssl.keystore.location = null
	ssl.keystore.password = null
	ssl.keystore.type = JKS
	ssl.protocol = TLSv1.3
	ssl.provider = null
	ssl.secure.random.implementation = null
	ssl.trustmanager.algorithm = PKIX
	ssl.truststore.certificates = null
	ssl.truststore.location = null
	ssl.truststore.password = null
	ssl.truststore.type = JKS
	value.deserializer = class io.apicurio.registry.serde.avro.AvroKafkaDeserializer

2025-08-13 18:18:15,935 INFO  [org.apa.kaf.com.tel.int.KafkaMetricsCollector] (main) initializing Kafka metrics collector
2025-08-13 18:18:15,941 INFO  [org.apa.kaf.cli.con.ConsumerConfig] (main) These configurations '[apicurio.registry.url]' were supplied but are not used yet.
2025-08-13 18:18:15,941 INFO  [org.apa.kaf.com.uti.AppInfoParser] (main) Kafka version: 3.9.1
2025-08-13 18:18:15,941 INFO  [org.apa.kaf.com.uti.AppInfoParser] (main) Kafka commitId: f745dfdcee2b9851
2025-08-13 18:18:15,941 INFO  [org.apa.kaf.com.uti.AppInfoParser] (main) Kafka startTimeMs: 1755109095941
2025-08-13 18:18:15,941 INFO  [org.apa.kaf.cli.con.int.ClassicKafkaConsumer] (Thread-700) [Consumer clientId=consumer-Consumer-topic-ac28fc92_230f_40cb_8cb7_ba699df2a7db-13, groupId=Consumer-topic-ac28fc92_230f_40cb_8cb7_ba699df2a7db] Subscribed to topic(s): topic-ac28fc92_230f_40cb_8cb7_ba699df2a7db
2025-08-13 18:18:15,945 INFO  [org.apa.kaf.cli.Metadata] (Thread-700) [Consumer clientId=consumer-Consumer-topic-ac28fc92_230f_40cb_8cb7_ba699df2a7db-13, groupId=Consumer-topic-ac28fc92_230f_40cb_8cb7_ba699df2a7db] Cluster ID: 4IlD_Sy2TMOqYF-Nc3vIHA
2025-08-13 18:18:15,946 INFO  [org.apa.kaf.cli.con.int.ConsumerCoordinator] (Thread-700) [Consumer clientId=consumer-Consumer-topic-ac28fc92_230f_40cb_8cb7_ba699df2a7db-13, groupId=Consumer-topic-ac28fc92_230f_40cb_8cb7_ba699df2a7db] Discovered group coordinator localhost:32769 (id: 2147483647 rack: null)
2025-08-13 18:18:15,947 INFO  [org.apa.kaf.cli.con.int.ConsumerCoordinator] (Thread-700) [Consumer clientId=consumer-Consumer-topic-ac28fc92_230f_40cb_8cb7_ba699df2a7db-13, groupId=Consumer-topic-ac28fc92_230f_40cb_8cb7_ba699df2a7db] (Re-)joining group
2025-08-13 18:18:15,952 INFO  [org.apa.kaf.cli.con.int.ConsumerCoordinator] (Thread-700) [Consumer clientId=consumer-Consumer-topic-ac28fc92_230f_40cb_8cb7_ba699df2a7db-13, groupId=Consumer-topic-ac28fc92_230f_40cb_8cb7_ba699df2a7db] Request joining group due to: need to re-join with the given member-id: consumer-Consumer-topic-ac28fc92_230f_40cb_8cb7_ba699df2a7db-13-ae0ab1ab-e9d6-4653-93e6-01e42e3fdd83
2025-08-13 18:18:15,952 INFO  [org.apa.kaf.cli.con.int.ConsumerCoordinator] (Thread-700) [Consumer clientId=consumer-Consumer-topic-ac28fc92_230f_40cb_8cb7_ba699df2a7db-13, groupId=Consumer-topic-ac28fc92_230f_40cb_8cb7_ba699df2a7db] (Re-)joining group
2025-08-13 18:18:16,941 INFO  [io.api.tes.ser.api.KafkaSerdesTester] (Thread-700) None found
2025-08-13 18:18:17,941 INFO  [io.api.tes.ser.api.KafkaSerdesTester] (Thread-700) None found
2025-08-13 18:18:18,941 INFO  [io.api.tes.ser.api.KafkaSerdesTester] (Thread-700) None found
2025-08-13 18:18:18,954 INFO  [org.apa.kaf.cli.con.int.ConsumerCoordinator] (Thread-700) [Consumer clientId=consumer-Consumer-topic-ac28fc92_230f_40cb_8cb7_ba699df2a7db-13, groupId=Consumer-topic-ac28fc92_230f_40cb_8cb7_ba699df2a7db] Successfully joined group with generation Generation{generationId=1, memberId='consumer-Consumer-topic-ac28fc92_230f_40cb_8cb7_ba699df2a7db-13-ae0ab1ab-e9d6-4653-93e6-01e42e3fdd83', protocol='range'}
2025-08-13 18:18:18,954 INFO  [org.apa.kaf.cli.con.int.ConsumerCoordinator] (Thread-700) [Consumer clientId=consumer-Consumer-topic-ac28fc92_230f_40cb_8cb7_ba699df2a7db-13, groupId=Consumer-topic-ac28fc92_230f_40cb_8cb7_ba699df2a7db] Finished assignment for group at generation 1: {consumer-Consumer-topic-ac28fc92_230f_40cb_8cb7_ba699df2a7db-13-ae0ab1ab-e9d6-4653-93e6-01e42e3fdd83=Assignment(partitions=[topic-ac28fc92_230f_40cb_8cb7_ba699df2a7db-0])}
2025-08-13 18:18:18,962 INFO  [org.apa.kaf.cli.con.int.ConsumerCoordinator] (Thread-700) [Consumer clientId=consumer-Consumer-topic-ac28fc92_230f_40cb_8cb7_ba699df2a7db-13, groupId=Consumer-topic-ac28fc92_230f_40cb_8cb7_ba699df2a7db] Successfully synced group in generation Generation{generationId=1, memberId='consumer-Consumer-topic-ac28fc92_230f_40cb_8cb7_ba699df2a7db-13-ae0ab1ab-e9d6-4653-93e6-01e42e3fdd83', protocol='range'}
2025-08-13 18:18:18,962 INFO  [org.apa.kaf.cli.con.int.ConsumerCoordinator] (Thread-700) [Consumer clientId=consumer-Consumer-topic-ac28fc92_230f_40cb_8cb7_ba699df2a7db-13, groupId=Consumer-topic-ac28fc92_230f_40cb_8cb7_ba699df2a7db] Notifying assignor about the new Assignment(partitions=[topic-ac28fc92_230f_40cb_8cb7_ba699df2a7db-0])
2025-08-13 18:18:18,962 INFO  [org.apa.kaf.cli.con.int.ConsumerRebalanceListenerInvoker] (Thread-700) [Consumer clientId=consumer-Consumer-topic-ac28fc92_230f_40cb_8cb7_ba699df2a7db-13, groupId=Consumer-topic-ac28fc92_230f_40cb_8cb7_ba699df2a7db] Adding newly assigned partitions: topic-ac28fc92_230f_40cb_8cb7_ba699df2a7db-0
2025-08-13 18:18:18,963 INFO  [org.apa.kaf.cli.con.int.ConsumerCoordinator] (Thread-700) [Consumer clientId=consumer-Consumer-topic-ac28fc92_230f_40cb_8cb7_ba699df2a7db-13, groupId=Consumer-topic-ac28fc92_230f_40cb_8cb7_ba699df2a7db] Found no committed offset for partition topic-ac28fc92_230f_40cb_8cb7_ba699df2a7db-0
2025-08-13 18:18:18,966 INFO  [org.apa.kaf.cli.con.int.SubscriptionState] (Thread-700) [Consumer clientId=consumer-Consumer-topic-ac28fc92_230f_40cb_8cb7_ba699df2a7db-13, groupId=Consumer-topic-ac28fc92_230f_40cb_8cb7_ba699df2a7db] Resetting offset for partition topic-ac28fc92_230f_40cb_8cb7_ba699df2a7db-0 to position FetchPosition{offset=0, offsetEpoch=Optional.empty, currentLeader=LeaderAndEpoch{leader=Optional[localhost:32769 (id: 0 rack: null)], epoch=0}}.
2025-08-13 18:18:19,005 INFO  [io.api.tes.ser.api.KafkaSerdesTester] (Thread-700) topic-ac28fc92_230f_40cb_8cb7_ba699df2a7db 0 0 {"key11755109094811": "value-0"}
2025-08-13 18:18:19,005 INFO  [io.api.tes.ser.api.KafkaSerdesTester] (Thread-700) topic-ac28fc92_230f_40cb_8cb7_ba699df2a7db 0 1 {"key11755109094811": "value-1"}
2025-08-13 18:18:19,005 INFO  [io.api.tes.ser.api.KafkaSerdesTester] (Thread-700) topic-ac28fc92_230f_40cb_8cb7_ba699df2a7db 0 2 {"key11755109094811": "value-2"}
2025-08-13 18:18:19,005 INFO  [io.api.tes.ser.api.KafkaSerdesTester] (Thread-700) topic-ac28fc92_230f_40cb_8cb7_ba699df2a7db 0 3 {"key11755109094811": "value-3"}
2025-08-13 18:18:19,005 INFO  [io.api.tes.ser.api.KafkaSerdesTester] (Thread-700) topic-ac28fc92_230f_40cb_8cb7_ba699df2a7db 0 4 {"key11755109094811": "value-4"}
2025-08-13 18:18:19,005 INFO  [io.api.tes.ser.api.KafkaSerdesTester] (Thread-700) topic-ac28fc92_230f_40cb_8cb7_ba699df2a7db 0 5 {"key11755109094811": "value-5"}
2025-08-13 18:18:19,005 INFO  [io.api.tes.ser.api.KafkaSerdesTester] (Thread-700) topic-ac28fc92_230f_40cb_8cb7_ba699df2a7db 0 6 {"key11755109094811": "value-6"}
2025-08-13 18:18:19,006 INFO  [io.api.tes.ser.api.KafkaSerdesTester] (Thread-700) topic-ac28fc92_230f_40cb_8cb7_ba699df2a7db 0 7 {"key11755109094811": "value-7"}
2025-08-13 18:18:19,006 INFO  [io.api.tes.ser.api.KafkaSerdesTester] (Thread-700) topic-ac28fc92_230f_40cb_8cb7_ba699df2a7db 0 8 {"key11755109094811": "value-8"}
2025-08-13 18:18:19,006 INFO  [io.api.tes.ser.api.KafkaSerdesTester] (Thread-700) topic-ac28fc92_230f_40cb_8cb7_ba699df2a7db 0 9 {"key11755109094811": "value-9"}
2025-08-13 18:18:19,006 INFO  [io.api.tes.ser.api.KafkaSerdesTester] (Thread-700) Consumed 10 messages
2025-08-13 18:18:19,013 INFO  [org.apa.kaf.cli.con.int.ConsumerRebalanceListenerInvoker] (Thread-700) [Consumer clientId=consumer-Consumer-topic-ac28fc92_230f_40cb_8cb7_ba699df2a7db-13, groupId=Consumer-topic-ac28fc92_230f_40cb_8cb7_ba699df2a7db] Revoke previously assigned partitions topic-ac28fc92_230f_40cb_8cb7_ba699df2a7db-0
2025-08-13 18:18:19,013 INFO  [org.apa.kaf.cli.con.int.ConsumerCoordinator] (Thread-700) [Consumer clientId=consumer-Consumer-topic-ac28fc92_230f_40cb_8cb7_ba699df2a7db-13, groupId=Consumer-topic-ac28fc92_230f_40cb_8cb7_ba699df2a7db] Member consumer-Consumer-topic-ac28fc92_230f_40cb_8cb7_ba699df2a7db-13-ae0ab1ab-e9d6-4653-93e6-01e42e3fdd83 sending LeaveGroup request to coordinator localhost:32769 (id: 2147483647 rack: null) due to the consumer is being closed
2025-08-13 18:18:19,013 INFO  [org.apa.kaf.cli.con.int.ConsumerCoordinator] (Thread-700) [Consumer clientId=consumer-Consumer-topic-ac28fc92_230f_40cb_8cb7_ba699df2a7db-13, groupId=Consumer-topic-ac28fc92_230f_40cb_8cb7_ba699df2a7db] Resetting generation and member id due to: consumer pro-actively leaving the group
2025-08-13 18:18:19,013 INFO  [org.apa.kaf.cli.con.int.ConsumerCoordinator] (Thread-700) [Consumer clientId=consumer-Consumer-topic-ac28fc92_230f_40cb_8cb7_ba699df2a7db-13, groupId=Consumer-topic-ac28fc92_230f_40cb_8cb7_ba699df2a7db] Request joining group due to: consumer pro-actively leaving the group
2025-08-13 18:18:19,508 INFO  [org.apa.kaf.com.met.Metrics] (Thread-700) Metrics scheduler closed
2025-08-13 18:18:19,508 INFO  [org.apa.kaf.com.met.Metrics] (Thread-700) Closing reporter org.apache.kafka.common.metrics.JmxReporter
2025-08-13 18:18:19,508 INFO  [org.apa.kaf.com.met.Metrics] (Thread-700) Closing reporter org.apache.kafka.common.telemetry.internals.ClientTelemetryReporter
2025-08-13 18:18:19,508 INFO  [org.apa.kaf.com.met.Metrics] (Thread-700) Metrics reporters closed
2025-08-13 18:18:19,511 INFO  [org.apa.kaf.com.uti.AppInfoParser] (Thread-700) App info kafka.consumer for consumer-Consumer-topic-ac28fc92_230f_40cb_8cb7_ba699df2a7db-13 unregistered
2025-08-13 18:18:19,512 INFO  [io.api.tes.uti.TestSeparator] (main) io.apicurio.tests.serdes.apicurio.AvroSerdeIT.testTopicRecordIdStrategydFindLatest-FINISHED
2025-08-13 18:18:19,512 INFO  [io.api.tes.uti.TestSeparator] (main) ############################################################################
Test passed: testTopicRecordIdStrategydFindLatest
]]></system-out>
  </testcase>
  <testcase name="testAvroConfluentForMultipleTopics" classname="io.apicurio.tests.serdes.apicurio.AvroSerdeIT" time="11.98">
    <system-out><![CDATA[2025-08-13 18:18:19,513 INFO  [io.api.tes.uti.TestSeparator] (main) ############################################################################
2025-08-13 18:18:19,513 INFO  [io.api.tes.uti.TestSeparator] (main) io.apicurio.tests.serdes.apicurio.AvroSerdeIT.testAvroConfluentForMultipleTopics-STARTED
2025-08-13 18:18:19,515 INFO  [io.api.tes.ser.api.AvroSerdeIT] (main) Registering Avro Schema: {"type":"record","name":"myrecordconfluent","fields":[{"name":"key11755109099514","type":"string"}]}
**** Registry Base URL: http://registry-app-inmemory.apps.ci419.apicurio-testing.org:80
2025-08-13 18:18:20,549 INFO  [org.apa.kaf.cli.pro.ProducerConfig] (main) ProducerConfig values: 
	acks = -1
	auto.include.jmx.reporter = true
	batch.size = 16384
	bootstrap.servers = [PLAINTEXT://localhost:32769]
	buffer.memory = 33554432
	client.dns.lookup = use_all_dns_ips
	client.id = Producer-topic-84b9e7c6_129c_49ae_b465_ca6070b3c78d
	compression.gzip.level = -1
	compression.lz4.level = 9
	compression.type = none
	compression.zstd.level = 3
	connections.max.idle.ms = 10000
	delivery.timeout.ms = 120000
	enable.idempotence = true
	enable.metrics.push = true
	interceptor.classes = []
	key.serializer = class org.apache.kafka.common.serialization.StringSerializer
	linger.ms = 0
	max.block.ms = 60000
	max.in.flight.requests.per.connection = 5
	max.request.size = 1048576
	metadata.max.age.ms = 300000
	metadata.max.idle.ms = 300000
	metadata.recovery.strategy = none
	metric.reporters = []
	metrics.num.samples = 2
	metrics.recording.level = INFO
	metrics.sample.window.ms = 30000
	partitioner.adaptive.partitioning.enable = true
	partitioner.availability.timeout.ms = 0
	partitioner.class = null
	partitioner.ignore.keys = false
	receive.buffer.bytes = 32768
	reconnect.backoff.max.ms = 1000
	reconnect.backoff.ms = 50
	request.timeout.ms = 5000
	retries = 2147483647
	retry.backoff.max.ms = 1000
	retry.backoff.ms = 100
	sasl.client.callback.handler.class = null
	sasl.jaas.config = null
	sasl.kerberos.kinit.cmd = /usr/bin/kinit
	sasl.kerberos.min.time.before.relogin = 60000
	sasl.kerberos.service.name = null
	sasl.kerberos.ticket.renew.jitter = 0.05
	sasl.kerberos.ticket.renew.window.factor = 0.8
	sasl.login.callback.handler.class = null
	sasl.login.class = null
	sasl.login.connect.timeout.ms = null
	sasl.login.read.timeout.ms = null
	sasl.login.refresh.buffer.seconds = 300
	sasl.login.refresh.min.period.seconds = 60
	sasl.login.refresh.window.factor = 0.8
	sasl.login.refresh.window.jitter = 0.05
	sasl.login.retry.backoff.max.ms = 10000
	sasl.login.retry.backoff.ms = 100
	sasl.mechanism = GSSAPI
	sasl.oauthbearer.clock.skew.seconds = 30
	sasl.oauthbearer.expected.audience = null
	sasl.oauthbearer.expected.issuer = null
	sasl.oauthbearer.header.urlencode = false
	sasl.oauthbearer.jwks.endpoint.refresh.ms = 3600000
	sasl.oauthbearer.jwks.endpoint.retry.backoff.max.ms = 10000
	sasl.oauthbearer.jwks.endpoint.retry.backoff.ms = 100
	sasl.oauthbearer.jwks.endpoint.url = null
	sasl.oauthbearer.scope.claim.name = scope
	sasl.oauthbearer.sub.claim.name = sub
	sasl.oauthbearer.token.endpoint.url = null
	security.protocol = PLAINTEXT
	security.providers = null
	send.buffer.bytes = 131072
	socket.connection.setup.timeout.max.ms = 30000
	socket.connection.setup.timeout.ms = 10000
	ssl.cipher.suites = null
	ssl.enabled.protocols = [TLSv1.2, TLSv1.3]
	ssl.endpoint.identification.algorithm = https
	ssl.engine.factory.class = null
	ssl.key.password = null
	ssl.keymanager.algorithm = SunX509
	ssl.keystore.certificate.chain = null
	ssl.keystore.key = null
	ssl.keystore.location = null
	ssl.keystore.password = null
	ssl.keystore.type = JKS
	ssl.protocol = TLSv1.3
	ssl.provider = null
	ssl.secure.random.implementation = null
	ssl.trustmanager.algorithm = PKIX
	ssl.truststore.certificates = null
	ssl.truststore.location = null
	ssl.truststore.password = null
	ssl.truststore.type = JKS
	transaction.timeout.ms = 60000
	transactional.id = null
	value.serializer = class io.apicurio.registry.serde.avro.AvroKafkaSerializer

2025-08-13 18:18:20,549 INFO  [org.apa.kaf.com.tel.int.KafkaMetricsCollector] (main) initializing Kafka metrics collector
2025-08-13 18:18:20,552 INFO  [org.apa.kaf.cli.pro.KafkaProducer] (main) [Producer clientId=Producer-topic-84b9e7c6_129c_49ae_b465_ca6070b3c78d] Instantiated an idempotent producer.
2025-08-13 18:18:20,555 INFO  [org.apa.kaf.cli.pro.ProducerConfig] (main) These configurations '[apicurio.registry.url, apicurio.registry.artifact-resolver-strategy]' were supplied but are not used yet.
2025-08-13 18:18:20,555 INFO  [org.apa.kaf.com.uti.AppInfoParser] (main) Kafka version: 3.9.1
2025-08-13 18:18:20,555 INFO  [org.apa.kaf.com.uti.AppInfoParser] (main) Kafka commitId: f745dfdcee2b9851
2025-08-13 18:18:20,555 INFO  [org.apa.kaf.com.uti.AppInfoParser] (main) Kafka startTimeMs: 1755109100555
**** Registry Base URL: http://registry-app-inmemory.apps.ci419.apicurio-testing.org:80
2025-08-13 18:18:20,556 INFO  [org.apa.kaf.cli.pro.ProducerConfig] (main) ProducerConfig values: 
	acks = -1
	auto.include.jmx.reporter = true
	batch.size = 16384
	bootstrap.servers = [PLAINTEXT://localhost:32769]
	buffer.memory = 33554432
	client.dns.lookup = use_all_dns_ips
	client.id = Producer-topic-3c61750f_5f32_4574_b693_d7d95a80d1ed
	compression.gzip.level = -1
	compression.lz4.level = 9
	compression.type = none
	compression.zstd.level = 3
	connections.max.idle.ms = 10000
	delivery.timeout.ms = 120000
	enable.idempotence = true
	enable.metrics.push = true
	interceptor.classes = []
	key.serializer = class org.apache.kafka.common.serialization.StringSerializer
	linger.ms = 0
	max.block.ms = 60000
	max.in.flight.requests.per.connection = 5
	max.request.size = 1048576
	metadata.max.age.ms = 300000
	metadata.max.idle.ms = 300000
	metadata.recovery.strategy = none
	metric.reporters = []
	metrics.num.samples = 2
	metrics.recording.level = INFO
	metrics.sample.window.ms = 30000
	partitioner.adaptive.partitioning.enable = true
	partitioner.availability.timeout.ms = 0
	partitioner.class = null
	partitioner.ignore.keys = false
	receive.buffer.bytes = 32768
	reconnect.backoff.max.ms = 1000
	reconnect.backoff.ms = 50
	request.timeout.ms = 5000
	retries = 2147483647
	retry.backoff.max.ms = 1000
	retry.backoff.ms = 100
	sasl.client.callback.handler.class = null
	sasl.jaas.config = null
	sasl.kerberos.kinit.cmd = /usr/bin/kinit
	sasl.kerberos.min.time.before.relogin = 60000
	sasl.kerberos.service.name = null
	sasl.kerberos.ticket.renew.jitter = 0.05
	sasl.kerberos.ticket.renew.window.factor = 0.8
	sasl.login.callback.handler.class = null
	sasl.login.class = null
	sasl.login.connect.timeout.ms = null
	sasl.login.read.timeout.ms = null
	sasl.login.refresh.buffer.seconds = 300
	sasl.login.refresh.min.period.seconds = 60
	sasl.login.refresh.window.factor = 0.8
	sasl.login.refresh.window.jitter = 0.05
	sasl.login.retry.backoff.max.ms = 10000
	sasl.login.retry.backoff.ms = 100
	sasl.mechanism = GSSAPI
	sasl.oauthbearer.clock.skew.seconds = 30
	sasl.oauthbearer.expected.audience = null
	sasl.oauthbearer.expected.issuer = null
	sasl.oauthbearer.header.urlencode = false
	sasl.oauthbearer.jwks.endpoint.refresh.ms = 3600000
	sasl.oauthbearer.jwks.endpoint.retry.backoff.max.ms = 10000
	sasl.oauthbearer.jwks.endpoint.retry.backoff.ms = 100
	sasl.oauthbearer.jwks.endpoint.url = null
	sasl.oauthbearer.scope.claim.name = scope
	sasl.oauthbearer.sub.claim.name = sub
	sasl.oauthbearer.token.endpoint.url = null
	security.protocol = PLAINTEXT
	security.providers = null
	send.buffer.bytes = 131072
	socket.connection.setup.timeout.max.ms = 30000
	socket.connection.setup.timeout.ms = 10000
	ssl.cipher.suites = null
	ssl.enabled.protocols = [TLSv1.2, TLSv1.3]
	ssl.endpoint.identification.algorithm = https
	ssl.engine.factory.class = null
	ssl.key.password = null
	ssl.keymanager.algorithm = SunX509
	ssl.keystore.certificate.chain = null
	ssl.keystore.key = null
	ssl.keystore.location = null
	ssl.keystore.password = null
	ssl.keystore.type = JKS
	ssl.protocol = TLSv1.3
	ssl.provider = null
	ssl.secure.random.implementation = null
	ssl.trustmanager.algorithm = PKIX
	ssl.truststore.certificates = null
	ssl.truststore.location = null
	ssl.truststore.password = null
	ssl.truststore.type = JKS
	transaction.timeout.ms = 60000
	transactional.id = null
	value.serializer = class io.apicurio.registry.serde.avro.AvroKafkaSerializer

2025-08-13 18:18:20,556 INFO  [org.apa.kaf.com.tel.int.KafkaMetricsCollector] (main) initializing Kafka metrics collector
2025-08-13 18:18:20,561 INFO  [org.apa.kaf.cli.pro.KafkaProducer] (main) [Producer clientId=Producer-topic-3c61750f_5f32_4574_b693_d7d95a80d1ed] Instantiated an idempotent producer.
2025-08-13 18:18:20,563 INFO  [org.apa.kaf.cli.Metadata] (kafka-producer-network-thread | Producer-topic-84b9e7c6_129c_49ae_b465_ca6070b3c78d) [Producer clientId=Producer-topic-84b9e7c6_129c_49ae_b465_ca6070b3c78d] Cluster ID: 4IlD_Sy2TMOqYF-Nc3vIHA
2025-08-13 18:18:20,563 INFO  [org.apa.kaf.cli.pro.int.TransactionManager] (kafka-producer-network-thread | Producer-topic-84b9e7c6_129c_49ae_b465_ca6070b3c78d) [Producer clientId=Producer-topic-84b9e7c6_129c_49ae_b465_ca6070b3c78d] ProducerId set to 19 with epoch 0
2025-08-13 18:18:20,564 INFO  [org.apa.kaf.cli.pro.ProducerConfig] (main) These configurations '[apicurio.registry.url, apicurio.registry.artifact-resolver-strategy]' were supplied but are not used yet.
2025-08-13 18:18:20,564 INFO  [org.apa.kaf.com.uti.AppInfoParser] (main) Kafka version: 3.9.1
2025-08-13 18:18:20,564 INFO  [org.apa.kaf.com.uti.AppInfoParser] (main) Kafka commitId: f745dfdcee2b9851
2025-08-13 18:18:20,564 INFO  [org.apa.kaf.com.uti.AppInfoParser] (main) Kafka startTimeMs: 1755109100564
**** Registry Base URL: http://registry-app-inmemory.apps.ci419.apicurio-testing.org:80
2025-08-13 18:18:20,564 INFO  [org.apa.kaf.cli.pro.ProducerConfig] (main) ProducerConfig values: 
	acks = -1
	auto.include.jmx.reporter = true
	batch.size = 16384
	bootstrap.servers = [PLAINTEXT://localhost:32769]
	buffer.memory = 33554432
	client.dns.lookup = use_all_dns_ips
	client.id = Producer-topic-5f6dd38f_ffc0_4976_bcab_0e0ae7d911ee
	compression.gzip.level = -1
	compression.lz4.level = 9
	compression.type = none
	compression.zstd.level = 3
	connections.max.idle.ms = 10000
	delivery.timeout.ms = 120000
	enable.idempotence = true
	enable.metrics.push = true
	interceptor.classes = []
	key.serializer = class org.apache.kafka.common.serialization.StringSerializer
	linger.ms = 0
	max.block.ms = 60000
	max.in.flight.requests.per.connection = 5
	max.request.size = 1048576
	metadata.max.age.ms = 300000
	metadata.max.idle.ms = 300000
	metadata.recovery.strategy = none
	metric.reporters = []
	metrics.num.samples = 2
	metrics.recording.level = INFO
	metrics.sample.window.ms = 30000
	partitioner.adaptive.partitioning.enable = true
	partitioner.availability.timeout.ms = 0
	partitioner.class = null
	partitioner.ignore.keys = false
	receive.buffer.bytes = 32768
	reconnect.backoff.max.ms = 1000
	reconnect.backoff.ms = 50
	request.timeout.ms = 5000
	retries = 2147483647
	retry.backoff.max.ms = 1000
	retry.backoff.ms = 100
	sasl.client.callback.handler.class = null
	sasl.jaas.config = null
	sasl.kerberos.kinit.cmd = /usr/bin/kinit
	sasl.kerberos.min.time.before.relogin = 60000
	sasl.kerberos.service.name = null
	sasl.kerberos.ticket.renew.jitter = 0.05
	sasl.kerberos.ticket.renew.window.factor = 0.8
	sasl.login.callback.handler.class = null
	sasl.login.class = null
	sasl.login.connect.timeout.ms = null
	sasl.login.read.timeout.ms = null
	sasl.login.refresh.buffer.seconds = 300
	sasl.login.refresh.min.period.seconds = 60
	sasl.login.refresh.window.factor = 0.8
	sasl.login.refresh.window.jitter = 0.05
	sasl.login.retry.backoff.max.ms = 10000
	sasl.login.retry.backoff.ms = 100
	sasl.mechanism = GSSAPI
	sasl.oauthbearer.clock.skew.seconds = 30
	sasl.oauthbearer.expected.audience = null
	sasl.oauthbearer.expected.issuer = null
	sasl.oauthbearer.header.urlencode = false
	sasl.oauthbearer.jwks.endpoint.refresh.ms = 3600000
	sasl.oauthbearer.jwks.endpoint.retry.backoff.max.ms = 10000
	sasl.oauthbearer.jwks.endpoint.retry.backoff.ms = 100
	sasl.oauthbearer.jwks.endpoint.url = null
	sasl.oauthbearer.scope.claim.name = scope
	sasl.oauthbearer.sub.claim.name = sub
	sasl.oauthbearer.token.endpoint.url = null
	security.protocol = PLAINTEXT
	security.providers = null
	send.buffer.bytes = 131072
	socket.connection.setup.timeout.max.ms = 30000
	socket.connection.setup.timeout.ms = 10000
	ssl.cipher.suites = null
	ssl.enabled.protocols = [TLSv1.2, TLSv1.3]
	ssl.endpoint.identification.algorithm = https
	ssl.engine.factory.class = null
	ssl.key.password = null
	ssl.keymanager.algorithm = SunX509
	ssl.keystore.certificate.chain = null
	ssl.keystore.key = null
	ssl.keystore.location = null
	ssl.keystore.password = null
	ssl.keystore.type = JKS
	ssl.protocol = TLSv1.3
	ssl.provider = null
	ssl.secure.random.implementation = null
	ssl.trustmanager.algorithm = PKIX
	ssl.truststore.certificates = null
	ssl.truststore.location = null
	ssl.truststore.password = null
	ssl.truststore.type = JKS
	transaction.timeout.ms = 60000
	transactional.id = null
	value.serializer = class io.apicurio.registry.serde.avro.AvroKafkaSerializer

2025-08-13 18:18:20,565 INFO  [org.apa.kaf.com.tel.int.KafkaMetricsCollector] (main) initializing Kafka metrics collector
2025-08-13 18:18:20,571 INFO  [org.apa.kaf.cli.Metadata] (kafka-producer-network-thread | Producer-topic-3c61750f_5f32_4574_b693_d7d95a80d1ed) [Producer clientId=Producer-topic-3c61750f_5f32_4574_b693_d7d95a80d1ed] Cluster ID: 4IlD_Sy2TMOqYF-Nc3vIHA
2025-08-13 18:18:20,571 INFO  [org.apa.kaf.cli.pro.int.TransactionManager] (kafka-producer-network-thread | Producer-topic-3c61750f_5f32_4574_b693_d7d95a80d1ed) [Producer clientId=Producer-topic-3c61750f_5f32_4574_b693_d7d95a80d1ed] ProducerId set to 20 with epoch 0
2025-08-13 18:18:20,573 INFO  [org.apa.kaf.cli.pro.KafkaProducer] (main) [Producer clientId=Producer-topic-5f6dd38f_ffc0_4976_bcab_0e0ae7d911ee] Instantiated an idempotent producer.
2025-08-13 18:18:20,580 INFO  [org.apa.kaf.cli.pro.ProducerConfig] (main) These configurations '[apicurio.registry.url, apicurio.registry.artifact-resolver-strategy]' were supplied but are not used yet.
2025-08-13 18:18:20,581 INFO  [org.apa.kaf.com.uti.AppInfoParser] (main) Kafka version: 3.9.1
2025-08-13 18:18:20,581 INFO  [org.apa.kaf.com.uti.AppInfoParser] (main) Kafka commitId: f745dfdcee2b9851
2025-08-13 18:18:20,581 INFO  [org.apa.kaf.com.uti.AppInfoParser] (main) Kafka startTimeMs: 1755109100580
**** Registry Base URL: http://registry-app-inmemory.apps.ci419.apicurio-testing.org:80
2025-08-13 18:18:20,581 INFO  [org.apa.kaf.cli.con.ConsumerConfig] (main) ConsumerConfig values: 
	allow.auto.create.topics = true
	auto.commit.interval.ms = 500
	auto.include.jmx.reporter = true
	auto.offset.reset = earliest
	bootstrap.servers = [PLAINTEXT://localhost:32769]
	check.crcs = true
	client.dns.lookup = use_all_dns_ips
	client.id = consumer-Consumer-topic-84b9e7c6_129c_49ae_b465_ca6070b3c78d-14
	client.rack = 
	connections.max.idle.ms = 10000
	default.api.timeout.ms = 60000
	enable.auto.commit = true
	enable.metrics.push = true
	exclude.internal.topics = true
	fetch.max.bytes = 52428800
	fetch.max.wait.ms = 500
	fetch.min.bytes = 1
	group.id = Consumer-topic-84b9e7c6_129c_49ae_b465_ca6070b3c78d
	group.instance.id = null
	group.protocol = classic
	group.remote.assignor = null
	heartbeat.interval.ms = 3000
	interceptor.classes = []
	internal.leave.group.on.close = true
	internal.throw.on.fetch.stable.offset.unsupported = false
	isolation.level = read_uncommitted
	key.deserializer = class org.apache.kafka.common.serialization.StringDeserializer
	max.partition.fetch.bytes = 1048576
	max.poll.interval.ms = 300000
	max.poll.records = 500
	metadata.max.age.ms = 300000
	metadata.recovery.strategy = none
	metric.reporters = []
	metrics.num.samples = 2
	metrics.recording.level = INFO
	metrics.sample.window.ms = 30000
	partition.assignment.strategy = [class org.apache.kafka.clients.consumer.RangeAssignor, class org.apache.kafka.clients.consumer.CooperativeStickyAssignor]
	receive.buffer.bytes = 65536
	reconnect.backoff.max.ms = 1000
	reconnect.backoff.ms = 50
	request.timeout.ms = 5000
	retry.backoff.max.ms = 1000
	retry.backoff.ms = 100
	sasl.client.callback.handler.class = null
	sasl.jaas.config = null
	sasl.kerberos.kinit.cmd = /usr/bin/kinit
	sasl.kerberos.min.time.before.relogin = 60000
	sasl.kerberos.service.name = null
	sasl.kerberos.ticket.renew.jitter = 0.05
	sasl.kerberos.ticket.renew.window.factor = 0.8
	sasl.login.callback.handler.class = null
	sasl.login.class = null
	sasl.login.connect.timeout.ms = null
	sasl.login.read.timeout.ms = null
	sasl.login.refresh.buffer.seconds = 300
	sasl.login.refresh.min.period.seconds = 60
	sasl.login.refresh.window.factor = 0.8
	sasl.login.refresh.window.jitter = 0.05
	sasl.login.retry.backoff.max.ms = 10000
	sasl.login.retry.backoff.ms = 100
	sasl.mechanism = GSSAPI
	sasl.oauthbearer.clock.skew.seconds = 30
	sasl.oauthbearer.expected.audience = null
	sasl.oauthbearer.expected.issuer = null
	sasl.oauthbearer.header.urlencode = false
	sasl.oauthbearer.jwks.endpoint.refresh.ms = 3600000
	sasl.oauthbearer.jwks.endpoint.retry.backoff.max.ms = 10000
	sasl.oauthbearer.jwks.endpoint.retry.backoff.ms = 100
	sasl.oauthbearer.jwks.endpoint.url = null
	sasl.oauthbearer.scope.claim.name = scope
	sasl.oauthbearer.sub.claim.name = sub
	sasl.oauthbearer.token.endpoint.url = null
	security.protocol = PLAINTEXT
	security.providers = null
	send.buffer.bytes = 131072
	session.timeout.ms = 45000
	socket.connection.setup.timeout.max.ms = 30000
	socket.connection.setup.timeout.ms = 10000
	ssl.cipher.suites = null
	ssl.enabled.protocols = [TLSv1.2, TLSv1.3]
	ssl.endpoint.identification.algorithm = https
	ssl.engine.factory.class = null
	ssl.key.password = null
	ssl.keymanager.algorithm = SunX509
	ssl.keystore.certificate.chain = null
	ssl.keystore.key = null
	ssl.keystore.location = null
	ssl.keystore.password = null
	ssl.keystore.type = JKS
	ssl.protocol = TLSv1.3
	ssl.provider = null
	ssl.secure.random.implementation = null
	ssl.trustmanager.algorithm = PKIX
	ssl.truststore.certificates = null
	ssl.truststore.location = null
	ssl.truststore.password = null
	ssl.truststore.type = JKS
	value.deserializer = class io.apicurio.registry.serde.avro.AvroKafkaDeserializer

2025-08-13 18:18:20,581 INFO  [org.apa.kaf.com.tel.int.KafkaMetricsCollector] (main) initializing Kafka metrics collector
2025-08-13 18:18:20,589 INFO  [org.apa.kaf.cli.Metadata] (kafka-producer-network-thread | Producer-topic-5f6dd38f_ffc0_4976_bcab_0e0ae7d911ee) [Producer clientId=Producer-topic-5f6dd38f_ffc0_4976_bcab_0e0ae7d911ee] Cluster ID: 4IlD_Sy2TMOqYF-Nc3vIHA
2025-08-13 18:18:20,590 INFO  [org.apa.kaf.cli.pro.int.TransactionManager] (kafka-producer-network-thread | Producer-topic-5f6dd38f_ffc0_4976_bcab_0e0ae7d911ee) [Producer clientId=Producer-topic-5f6dd38f_ffc0_4976_bcab_0e0ae7d911ee] ProducerId set to 21 with epoch 0
2025-08-13 18:18:20,598 INFO  [org.apa.kaf.cli.con.ConsumerConfig] (main) These configurations '[apicurio.registry.url]' were supplied but are not used yet.
2025-08-13 18:18:20,599 INFO  [org.apa.kaf.com.uti.AppInfoParser] (main) Kafka version: 3.9.1
2025-08-13 18:18:20,599 INFO  [org.apa.kaf.com.uti.AppInfoParser] (main) Kafka commitId: f745dfdcee2b9851
2025-08-13 18:18:20,599 INFO  [org.apa.kaf.com.uti.AppInfoParser] (main) Kafka startTimeMs: 1755109100599
**** Registry Base URL: http://registry-app-inmemory.apps.ci419.apicurio-testing.org:80
2025-08-13 18:18:20,599 INFO  [org.apa.kaf.cli.con.ConsumerConfig] (main) ConsumerConfig values: 
	allow.auto.create.topics = true
	auto.commit.interval.ms = 500
	auto.include.jmx.reporter = true
	auto.offset.reset = earliest
	bootstrap.servers = [PLAINTEXT://localhost:32769]
	check.crcs = true
	client.dns.lookup = use_all_dns_ips
	client.id = consumer-Consumer-topic-3c61750f_5f32_4574_b693_d7d95a80d1ed-15
	client.rack = 
	connections.max.idle.ms = 10000
	default.api.timeout.ms = 60000
	enable.auto.commit = true
	enable.metrics.push = true
	exclude.internal.topics = true
	fetch.max.bytes = 52428800
	fetch.max.wait.ms = 500
	fetch.min.bytes = 1
	group.id = Consumer-topic-3c61750f_5f32_4574_b693_d7d95a80d1ed
	group.instance.id = null
	group.protocol = classic
	group.remote.assignor = null
	heartbeat.interval.ms = 3000
	interceptor.classes = []
	internal.leave.group.on.close = true
	internal.throw.on.fetch.stable.offset.unsupported = false
	isolation.level = read_uncommitted
	key.deserializer = class org.apache.kafka.common.serialization.StringDeserializer
	max.partition.fetch.bytes = 1048576
	max.poll.interval.ms = 300000
	max.poll.records = 500
	metadata.max.age.ms = 300000
	metadata.recovery.strategy = none
	metric.reporters = []
	metrics.num.samples = 2
	metrics.recording.level = INFO
	metrics.sample.window.ms = 30000
	partition.assignment.strategy = [class org.apache.kafka.clients.consumer.RangeAssignor, class org.apache.kafka.clients.consumer.CooperativeStickyAssignor]
	receive.buffer.bytes = 65536
	reconnect.backoff.max.ms = 1000
	reconnect.backoff.ms = 50
	request.timeout.ms = 5000
	retry.backoff.max.ms = 1000
	retry.backoff.ms = 100
	sasl.client.callback.handler.class = null
	sasl.jaas.config = null
	sasl.kerberos.kinit.cmd = /usr/bin/kinit
	sasl.kerberos.min.time.before.relogin = 60000
	sasl.kerberos.service.name = null
	sasl.kerberos.ticket.renew.jitter = 0.05
	sasl.kerberos.ticket.renew.window.factor = 0.8
	sasl.login.callback.handler.class = null
	sasl.login.class = null
	sasl.login.connect.timeout.ms = null
	sasl.login.read.timeout.ms = null
	sasl.login.refresh.buffer.seconds = 300
	sasl.login.refresh.min.period.seconds = 60
	sasl.login.refresh.window.factor = 0.8
	sasl.login.refresh.window.jitter = 0.05
	sasl.login.retry.backoff.max.ms = 10000
	sasl.login.retry.backoff.ms = 100
	sasl.mechanism = GSSAPI
	sasl.oauthbearer.clock.skew.seconds = 30
	sasl.oauthbearer.expected.audience = null
	sasl.oauthbearer.expected.issuer = null
	sasl.oauthbearer.header.urlencode = false
	sasl.oauthbearer.jwks.endpoint.refresh.ms = 3600000
	sasl.oauthbearer.jwks.endpoint.retry.backoff.max.ms = 10000
	sasl.oauthbearer.jwks.endpoint.retry.backoff.ms = 100
	sasl.oauthbearer.jwks.endpoint.url = null
	sasl.oauthbearer.scope.claim.name = scope
	sasl.oauthbearer.sub.claim.name = sub
	sasl.oauthbearer.token.endpoint.url = null
	security.protocol = PLAINTEXT
	security.providers = null
	send.buffer.bytes = 131072
	session.timeout.ms = 45000
	socket.connection.setup.timeout.max.ms = 30000
	socket.connection.setup.timeout.ms = 10000
	ssl.cipher.suites = null
	ssl.enabled.protocols = [TLSv1.2, TLSv1.3]
	ssl.endpoint.identification.algorithm = https
	ssl.engine.factory.class = null
	ssl.key.password = null
	ssl.keymanager.algorithm = SunX509
	ssl.keystore.certificate.chain = null
	ssl.keystore.key = null
	ssl.keystore.location = null
	ssl.keystore.password = null
	ssl.keystore.type = JKS
	ssl.protocol = TLSv1.3
	ssl.provider = null
	ssl.secure.random.implementation = null
	ssl.trustmanager.algorithm = PKIX
	ssl.truststore.certificates = null
	ssl.truststore.location = null
	ssl.truststore.password = null
	ssl.truststore.type = JKS
	value.deserializer = class io.apicurio.registry.serde.avro.AvroKafkaDeserializer

2025-08-13 18:18:20,599 INFO  [org.apa.kaf.com.tel.int.KafkaMetricsCollector] (main) initializing Kafka metrics collector
2025-08-13 18:18:20,606 INFO  [org.apa.kaf.cli.con.ConsumerConfig] (main) These configurations '[apicurio.registry.url]' were supplied but are not used yet.
2025-08-13 18:18:20,607 INFO  [org.apa.kaf.com.uti.AppInfoParser] (main) Kafka version: 3.9.1
2025-08-13 18:18:20,607 INFO  [org.apa.kaf.com.uti.AppInfoParser] (main) Kafka commitId: f745dfdcee2b9851
2025-08-13 18:18:20,607 INFO  [org.apa.kaf.com.uti.AppInfoParser] (main) Kafka startTimeMs: 1755109100606
**** Registry Base URL: http://registry-app-inmemory.apps.ci419.apicurio-testing.org:80
2025-08-13 18:18:20,607 INFO  [org.apa.kaf.cli.con.ConsumerConfig] (main) ConsumerConfig values: 
	allow.auto.create.topics = true
	auto.commit.interval.ms = 500
	auto.include.jmx.reporter = true
	auto.offset.reset = earliest
	bootstrap.servers = [PLAINTEXT://localhost:32769]
	check.crcs = true
	client.dns.lookup = use_all_dns_ips
	client.id = consumer-Consumer-topic-5f6dd38f_ffc0_4976_bcab_0e0ae7d911ee-16
	client.rack = 
	connections.max.idle.ms = 10000
	default.api.timeout.ms = 60000
	enable.auto.commit = true
	enable.metrics.push = true
	exclude.internal.topics = true
	fetch.max.bytes = 52428800
	fetch.max.wait.ms = 500
	fetch.min.bytes = 1
	group.id = Consumer-topic-5f6dd38f_ffc0_4976_bcab_0e0ae7d911ee
	group.instance.id = null
	group.protocol = classic
	group.remote.assignor = null
	heartbeat.interval.ms = 3000
	interceptor.classes = []
	internal.leave.group.on.close = true
	internal.throw.on.fetch.stable.offset.unsupported = false
	isolation.level = read_uncommitted
	key.deserializer = class org.apache.kafka.common.serialization.StringDeserializer
	max.partition.fetch.bytes = 1048576
	max.poll.interval.ms = 300000
	max.poll.records = 500
	metadata.max.age.ms = 300000
	metadata.recovery.strategy = none
	metric.reporters = []
	metrics.num.samples = 2
	metrics.recording.level = INFO
	metrics.sample.window.ms = 30000
	partition.assignment.strategy = [class org.apache.kafka.clients.consumer.RangeAssignor, class org.apache.kafka.clients.consumer.CooperativeStickyAssignor]
	receive.buffer.bytes = 65536
	reconnect.backoff.max.ms = 1000
	reconnect.backoff.ms = 50
	request.timeout.ms = 5000
	retry.backoff.max.ms = 1000
	retry.backoff.ms = 100
	sasl.client.callback.handler.class = null
	sasl.jaas.config = null
	sasl.kerberos.kinit.cmd = /usr/bin/kinit
	sasl.kerberos.min.time.before.relogin = 60000
	sasl.kerberos.service.name = null
	sasl.kerberos.ticket.renew.jitter = 0.05
	sasl.kerberos.ticket.renew.window.factor = 0.8
	sasl.login.callback.handler.class = null
	sasl.login.class = null
	sasl.login.connect.timeout.ms = null
	sasl.login.read.timeout.ms = null
	sasl.login.refresh.buffer.seconds = 300
	sasl.login.refresh.min.period.seconds = 60
	sasl.login.refresh.window.factor = 0.8
	sasl.login.refresh.window.jitter = 0.05
	sasl.login.retry.backoff.max.ms = 10000
	sasl.login.retry.backoff.ms = 100
	sasl.mechanism = GSSAPI
	sasl.oauthbearer.clock.skew.seconds = 30
	sasl.oauthbearer.expected.audience = null
	sasl.oauthbearer.expected.issuer = null
	sasl.oauthbearer.header.urlencode = false
	sasl.oauthbearer.jwks.endpoint.refresh.ms = 3600000
	sasl.oauthbearer.jwks.endpoint.retry.backoff.max.ms = 10000
	sasl.oauthbearer.jwks.endpoint.retry.backoff.ms = 100
	sasl.oauthbearer.jwks.endpoint.url = null
	sasl.oauthbearer.scope.claim.name = scope
	sasl.oauthbearer.sub.claim.name = sub
	sasl.oauthbearer.token.endpoint.url = null
	security.protocol = PLAINTEXT
	security.providers = null
	send.buffer.bytes = 131072
	session.timeout.ms = 45000
	socket.connection.setup.timeout.max.ms = 30000
	socket.connection.setup.timeout.ms = 10000
	ssl.cipher.suites = null
	ssl.enabled.protocols = [TLSv1.2, TLSv1.3]
	ssl.endpoint.identification.algorithm = https
	ssl.engine.factory.class = null
	ssl.key.password = null
	ssl.keymanager.algorithm = SunX509
	ssl.keystore.certificate.chain = null
	ssl.keystore.key = null
	ssl.keystore.location = null
	ssl.keystore.password = null
	ssl.keystore.type = JKS
	ssl.protocol = TLSv1.3
	ssl.provider = null
	ssl.secure.random.implementation = null
	ssl.trustmanager.algorithm = PKIX
	ssl.truststore.certificates = null
	ssl.truststore.location = null
	ssl.truststore.password = null
	ssl.truststore.type = JKS
	value.deserializer = class io.apicurio.registry.serde.avro.AvroKafkaDeserializer

2025-08-13 18:18:20,607 INFO  [org.apa.kaf.com.tel.int.KafkaMetricsCollector] (main) initializing Kafka metrics collector
2025-08-13 18:18:20,616 INFO  [org.apa.kaf.cli.con.ConsumerConfig] (main) These configurations '[apicurio.registry.url]' were supplied but are not used yet.
2025-08-13 18:18:20,616 INFO  [org.apa.kaf.com.uti.AppInfoParser] (main) Kafka version: 3.9.1
2025-08-13 18:18:20,616 INFO  [org.apa.kaf.com.uti.AppInfoParser] (main) Kafka commitId: f745dfdcee2b9851
2025-08-13 18:18:20,616 INFO  [org.apa.kaf.com.uti.AppInfoParser] (main) Kafka startTimeMs: 1755109100616
2025-08-13 18:18:20,617 INFO  [io.api.tes.ser.api.KafkaSerdesTester] (Thread-713) Sending message {"key11755109099514": "value-0"} to topic topic-84b9e7c6_129c_49ae_b465_ca6070b3c78d
2025-08-13 18:18:20,622 INFO  [DefaultSchemaResolver] (Thread-713) Retrieving schema content using string: {"type":"record","name":"myrecordconfluent","fields":[{"name":"key11755109099514","type":"string"}]}
2025-08-13 18:18:20,652 INFO  [io.api.tes.ser.api.KafkaSerdesTester] (Thread-713) Sending message {"key11755109099514": "value-1"} to topic topic-84b9e7c6_129c_49ae_b465_ca6070b3c78d
2025-08-13 18:18:20,654 INFO  [io.api.tes.ser.api.KafkaSerdesTester] (Thread-713) Sending message {"key11755109099514": "value-2"} to topic topic-84b9e7c6_129c_49ae_b465_ca6070b3c78d
2025-08-13 18:18:20,656 INFO  [io.api.tes.ser.api.KafkaSerdesTester] (Thread-713) Sending message {"key11755109099514": "value-3"} to topic topic-84b9e7c6_129c_49ae_b465_ca6070b3c78d
2025-08-13 18:18:20,658 INFO  [io.api.tes.ser.api.KafkaSerdesTester] (Thread-713) Sending message {"key11755109099514": "value-4"} to topic topic-84b9e7c6_129c_49ae_b465_ca6070b3c78d
2025-08-13 18:18:20,661 INFO  [io.api.tes.ser.api.KafkaSerdesTester] (Thread-713) Sending message {"key11755109099514": "value-5"} to topic topic-84b9e7c6_129c_49ae_b465_ca6070b3c78d
2025-08-13 18:18:20,662 INFO  [io.api.tes.ser.api.KafkaSerdesTester] (Thread-713) Sending message {"key11755109099514": "value-6"} to topic topic-84b9e7c6_129c_49ae_b465_ca6070b3c78d
2025-08-13 18:18:20,664 INFO  [io.api.tes.ser.api.KafkaSerdesTester] (Thread-713) Sending message {"key11755109099514": "value-7"} to topic topic-84b9e7c6_129c_49ae_b465_ca6070b3c78d
2025-08-13 18:18:20,665 INFO  [io.api.tes.ser.api.KafkaSerdesTester] (Thread-713) Sending message {"key11755109099514": "value-8"} to topic topic-84b9e7c6_129c_49ae_b465_ca6070b3c78d
2025-08-13 18:18:20,666 INFO  [io.api.tes.ser.api.KafkaSerdesTester] (Thread-713) Sending message {"key11755109099514": "value-9"} to topic topic-84b9e7c6_129c_49ae_b465_ca6070b3c78d
2025-08-13 18:18:20,670 INFO  [io.api.tes.ser.api.KafkaSerdesTester] (Thread-713) Produced 10 messages
2025-08-13 18:18:20,670 INFO  [org.apa.kaf.cli.pro.KafkaProducer] (Thread-713) [Producer clientId=Producer-topic-84b9e7c6_129c_49ae_b465_ca6070b3c78d] Closing the Kafka producer with timeoutMillis = 9223372036854775807 ms.
2025-08-13 18:18:20,672 INFO  [org.apa.kaf.com.met.Metrics] (Thread-713) Metrics scheduler closed
2025-08-13 18:18:20,672 INFO  [org.apa.kaf.com.met.Metrics] (Thread-713) Closing reporter org.apache.kafka.common.metrics.JmxReporter
2025-08-13 18:18:20,672 INFO  [org.apa.kaf.com.met.Metrics] (Thread-713) Closing reporter org.apache.kafka.common.telemetry.internals.ClientTelemetryReporter
2025-08-13 18:18:20,672 INFO  [org.apa.kaf.com.met.Metrics] (Thread-713) Metrics reporters closed
2025-08-13 18:18:20,672 INFO  [org.apa.kaf.com.uti.AppInfoParser] (Thread-713) App info kafka.producer for Producer-topic-84b9e7c6_129c_49ae_b465_ca6070b3c78d unregistered
2025-08-13 18:18:20,674 INFO  [io.api.tes.ser.api.KafkaSerdesTester] (Thread-714) Sending message {"key11755109099514": "value-0"} to topic topic-3c61750f_5f32_4574_b693_d7d95a80d1ed
2025-08-13 18:18:20,680 INFO  [DefaultSchemaResolver] (Thread-714) Retrieving schema content using string: {"type":"record","name":"myrecordconfluent","fields":[{"name":"key11755109099514","type":"string"}]}
2025-08-13 18:18:20,713 INFO  [io.api.tes.ser.api.KafkaSerdesTester] (Thread-714) Sending message {"key11755109099514": "value-1"} to topic topic-3c61750f_5f32_4574_b693_d7d95a80d1ed
2025-08-13 18:18:20,714 INFO  [io.api.tes.ser.api.KafkaSerdesTester] (Thread-714) Sending message {"key11755109099514": "value-2"} to topic topic-3c61750f_5f32_4574_b693_d7d95a80d1ed
2025-08-13 18:18:20,715 INFO  [io.api.tes.ser.api.KafkaSerdesTester] (Thread-714) Sending message {"key11755109099514": "value-3"} to topic topic-3c61750f_5f32_4574_b693_d7d95a80d1ed
2025-08-13 18:18:20,716 INFO  [io.api.tes.ser.api.KafkaSerdesTester] (Thread-714) Sending message {"key11755109099514": "value-4"} to topic topic-3c61750f_5f32_4574_b693_d7d95a80d1ed
2025-08-13 18:18:20,717 INFO  [io.api.tes.ser.api.KafkaSerdesTester] (Thread-714) Sending message {"key11755109099514": "value-5"} to topic topic-3c61750f_5f32_4574_b693_d7d95a80d1ed
2025-08-13 18:18:20,720 INFO  [io.api.tes.ser.api.KafkaSerdesTester] (Thread-714) Sending message {"key11755109099514": "value-6"} to topic topic-3c61750f_5f32_4574_b693_d7d95a80d1ed
2025-08-13 18:18:20,724 INFO  [io.api.tes.ser.api.KafkaSerdesTester] (Thread-714) Sending message {"key11755109099514": "value-7"} to topic topic-3c61750f_5f32_4574_b693_d7d95a80d1ed
2025-08-13 18:18:20,726 INFO  [io.api.tes.ser.api.KafkaSerdesTester] (Thread-714) Sending message {"key11755109099514": "value-8"} to topic topic-3c61750f_5f32_4574_b693_d7d95a80d1ed
2025-08-13 18:18:20,727 INFO  [io.api.tes.ser.api.KafkaSerdesTester] (Thread-714) Sending message {"key11755109099514": "value-9"} to topic topic-3c61750f_5f32_4574_b693_d7d95a80d1ed
2025-08-13 18:18:20,729 INFO  [io.api.tes.ser.api.KafkaSerdesTester] (Thread-714) Produced 10 messages
2025-08-13 18:18:20,729 INFO  [org.apa.kaf.cli.pro.KafkaProducer] (Thread-714) [Producer clientId=Producer-topic-3c61750f_5f32_4574_b693_d7d95a80d1ed] Closing the Kafka producer with timeoutMillis = 9223372036854775807 ms.
2025-08-13 18:18:20,731 INFO  [org.apa.kaf.com.met.Metrics] (Thread-714) Metrics scheduler closed
2025-08-13 18:18:20,731 INFO  [org.apa.kaf.com.met.Metrics] (Thread-714) Closing reporter org.apache.kafka.common.metrics.JmxReporter
2025-08-13 18:18:20,731 INFO  [org.apa.kaf.com.met.Metrics] (Thread-714) Closing reporter org.apache.kafka.common.telemetry.internals.ClientTelemetryReporter
2025-08-13 18:18:20,731 INFO  [org.apa.kaf.com.met.Metrics] (Thread-714) Metrics reporters closed
2025-08-13 18:18:20,731 INFO  [org.apa.kaf.com.uti.AppInfoParser] (Thread-714) App info kafka.producer for Producer-topic-3c61750f_5f32_4574_b693_d7d95a80d1ed unregistered
2025-08-13 18:18:20,733 INFO  [io.api.tes.ser.api.KafkaSerdesTester] (Thread-715) Sending message {"key11755109099514": "value-0"} to topic topic-5f6dd38f_ffc0_4976_bcab_0e0ae7d911ee
2025-08-13 18:18:20,737 INFO  [DefaultSchemaResolver] (Thread-715) Retrieving schema content using string: {"type":"record","name":"myrecordconfluent","fields":[{"name":"key11755109099514","type":"string"}]}
2025-08-13 18:18:20,764 INFO  [io.api.tes.ser.api.KafkaSerdesTester] (Thread-715) Sending message {"key11755109099514": "value-1"} to topic topic-5f6dd38f_ffc0_4976_bcab_0e0ae7d911ee
2025-08-13 18:18:20,767 INFO  [io.api.tes.ser.api.KafkaSerdesTester] (Thread-715) Sending message {"key11755109099514": "value-2"} to topic topic-5f6dd38f_ffc0_4976_bcab_0e0ae7d911ee
2025-08-13 18:18:20,772 INFO  [io.api.tes.ser.api.KafkaSerdesTester] (Thread-715) Sending message {"key11755109099514": "value-3"} to topic topic-5f6dd38f_ffc0_4976_bcab_0e0ae7d911ee
2025-08-13 18:18:20,779 INFO  [io.api.tes.ser.api.KafkaSerdesTester] (Thread-715) Sending message {"key11755109099514": "value-4"} to topic topic-5f6dd38f_ffc0_4976_bcab_0e0ae7d911ee
2025-08-13 18:18:20,784 INFO  [io.api.tes.ser.api.KafkaSerdesTester] (Thread-715) Sending message {"key11755109099514": "value-5"} to topic topic-5f6dd38f_ffc0_4976_bcab_0e0ae7d911ee
2025-08-13 18:18:20,788 INFO  [io.api.tes.ser.api.KafkaSerdesTester] (Thread-715) Sending message {"key11755109099514": "value-6"} to topic topic-5f6dd38f_ffc0_4976_bcab_0e0ae7d911ee
2025-08-13 18:18:20,791 INFO  [io.api.tes.ser.api.KafkaSerdesTester] (Thread-715) Sending message {"key11755109099514": "value-7"} to topic topic-5f6dd38f_ffc0_4976_bcab_0e0ae7d911ee
2025-08-13 18:18:20,794 INFO  [io.api.tes.ser.api.KafkaSerdesTester] (Thread-715) Sending message {"key11755109099514": "value-8"} to topic topic-5f6dd38f_ffc0_4976_bcab_0e0ae7d911ee
2025-08-13 18:18:20,795 INFO  [io.api.tes.ser.api.KafkaSerdesTester] (Thread-715) Sending message {"key11755109099514": "value-9"} to topic topic-5f6dd38f_ffc0_4976_bcab_0e0ae7d911ee
2025-08-13 18:18:20,797 INFO  [io.api.tes.ser.api.KafkaSerdesTester] (Thread-715) Produced 10 messages
2025-08-13 18:18:20,797 INFO  [org.apa.kaf.cli.pro.KafkaProducer] (Thread-715) [Producer clientId=Producer-topic-5f6dd38f_ffc0_4976_bcab_0e0ae7d911ee] Closing the Kafka producer with timeoutMillis = 9223372036854775807 ms.
2025-08-13 18:18:20,801 INFO  [org.apa.kaf.com.met.Metrics] (Thread-715) Metrics scheduler closed
2025-08-13 18:18:20,801 INFO  [org.apa.kaf.com.met.Metrics] (Thread-715) Closing reporter org.apache.kafka.common.metrics.JmxReporter
2025-08-13 18:18:20,801 INFO  [org.apa.kaf.com.met.Metrics] (Thread-715) Closing reporter org.apache.kafka.common.telemetry.internals.ClientTelemetryReporter
2025-08-13 18:18:20,801 INFO  [org.apa.kaf.com.met.Metrics] (Thread-715) Metrics reporters closed
2025-08-13 18:18:20,801 INFO  [org.apa.kaf.com.uti.AppInfoParser] (Thread-715) App info kafka.producer for Producer-topic-5f6dd38f_ffc0_4976_bcab_0e0ae7d911ee unregistered
2025-08-13 18:18:20,802 INFO  [org.apa.kaf.cli.con.int.ClassicKafkaConsumer] (Thread-716) [Consumer clientId=consumer-Consumer-topic-84b9e7c6_129c_49ae_b465_ca6070b3c78d-14, groupId=Consumer-topic-84b9e7c6_129c_49ae_b465_ca6070b3c78d] Subscribed to topic(s): topic-84b9e7c6_129c_49ae_b465_ca6070b3c78d
2025-08-13 18:18:20,806 INFO  [org.apa.kaf.cli.Metadata] (Thread-716) [Consumer clientId=consumer-Consumer-topic-84b9e7c6_129c_49ae_b465_ca6070b3c78d-14, groupId=Consumer-topic-84b9e7c6_129c_49ae_b465_ca6070b3c78d] Cluster ID: 4IlD_Sy2TMOqYF-Nc3vIHA
2025-08-13 18:18:20,808 INFO  [org.apa.kaf.cli.con.int.ConsumerCoordinator] (Thread-716) [Consumer clientId=consumer-Consumer-topic-84b9e7c6_129c_49ae_b465_ca6070b3c78d-14, groupId=Consumer-topic-84b9e7c6_129c_49ae_b465_ca6070b3c78d] Discovered group coordinator localhost:32769 (id: 2147483647 rack: null)
2025-08-13 18:18:20,809 INFO  [org.apa.kaf.cli.con.int.ConsumerCoordinator] (Thread-716) [Consumer clientId=consumer-Consumer-topic-84b9e7c6_129c_49ae_b465_ca6070b3c78d-14, groupId=Consumer-topic-84b9e7c6_129c_49ae_b465_ca6070b3c78d] (Re-)joining group
2025-08-13 18:18:20,812 INFO  [org.apa.kaf.cli.con.int.ConsumerCoordinator] (Thread-716) [Consumer clientId=consumer-Consumer-topic-84b9e7c6_129c_49ae_b465_ca6070b3c78d-14, groupId=Consumer-topic-84b9e7c6_129c_49ae_b465_ca6070b3c78d] Request joining group due to: need to re-join with the given member-id: consumer-Consumer-topic-84b9e7c6_129c_49ae_b465_ca6070b3c78d-14-485d0fc5-cdde-4b1a-a0ee-04ffddd46553
2025-08-13 18:18:20,812 INFO  [org.apa.kaf.cli.con.int.ConsumerCoordinator] (Thread-716) [Consumer clientId=consumer-Consumer-topic-84b9e7c6_129c_49ae_b465_ca6070b3c78d-14, groupId=Consumer-topic-84b9e7c6_129c_49ae_b465_ca6070b3c78d] (Re-)joining group
2025-08-13 18:18:21,802 INFO  [io.api.tes.ser.api.KafkaSerdesTester] (Thread-716) None found
2025-08-13 18:18:22,802 INFO  [io.api.tes.ser.api.KafkaSerdesTester] (Thread-716) None found
2025-08-13 18:18:23,803 INFO  [io.api.tes.ser.api.KafkaSerdesTester] (Thread-716) None found
2025-08-13 18:18:23,814 INFO  [org.apa.kaf.cli.con.int.ConsumerCoordinator] (Thread-716) [Consumer clientId=consumer-Consumer-topic-84b9e7c6_129c_49ae_b465_ca6070b3c78d-14, groupId=Consumer-topic-84b9e7c6_129c_49ae_b465_ca6070b3c78d] Successfully joined group with generation Generation{generationId=1, memberId='consumer-Consumer-topic-84b9e7c6_129c_49ae_b465_ca6070b3c78d-14-485d0fc5-cdde-4b1a-a0ee-04ffddd46553', protocol='range'}
2025-08-13 18:18:23,815 INFO  [org.apa.kaf.cli.con.int.ConsumerCoordinator] (Thread-716) [Consumer clientId=consumer-Consumer-topic-84b9e7c6_129c_49ae_b465_ca6070b3c78d-14, groupId=Consumer-topic-84b9e7c6_129c_49ae_b465_ca6070b3c78d] Finished assignment for group at generation 1: {consumer-Consumer-topic-84b9e7c6_129c_49ae_b465_ca6070b3c78d-14-485d0fc5-cdde-4b1a-a0ee-04ffddd46553=Assignment(partitions=[topic-84b9e7c6_129c_49ae_b465_ca6070b3c78d-0])}
2025-08-13 18:18:23,822 INFO  [org.apa.kaf.cli.con.int.ConsumerCoordinator] (Thread-716) [Consumer clientId=consumer-Consumer-topic-84b9e7c6_129c_49ae_b465_ca6070b3c78d-14, groupId=Consumer-topic-84b9e7c6_129c_49ae_b465_ca6070b3c78d] Successfully synced group in generation Generation{generationId=1, memberId='consumer-Consumer-topic-84b9e7c6_129c_49ae_b465_ca6070b3c78d-14-485d0fc5-cdde-4b1a-a0ee-04ffddd46553', protocol='range'}
2025-08-13 18:18:23,822 INFO  [org.apa.kaf.cli.con.int.ConsumerCoordinator] (Thread-716) [Consumer clientId=consumer-Consumer-topic-84b9e7c6_129c_49ae_b465_ca6070b3c78d-14, groupId=Consumer-topic-84b9e7c6_129c_49ae_b465_ca6070b3c78d] Notifying assignor about the new Assignment(partitions=[topic-84b9e7c6_129c_49ae_b465_ca6070b3c78d-0])
2025-08-13 18:18:23,822 INFO  [org.apa.kaf.cli.con.int.ConsumerRebalanceListenerInvoker] (Thread-716) [Consumer clientId=consumer-Consumer-topic-84b9e7c6_129c_49ae_b465_ca6070b3c78d-14, groupId=Consumer-topic-84b9e7c6_129c_49ae_b465_ca6070b3c78d] Adding newly assigned partitions: topic-84b9e7c6_129c_49ae_b465_ca6070b3c78d-0
2025-08-13 18:18:23,823 INFO  [org.apa.kaf.cli.con.int.ConsumerCoordinator] (Thread-716) [Consumer clientId=consumer-Consumer-topic-84b9e7c6_129c_49ae_b465_ca6070b3c78d-14, groupId=Consumer-topic-84b9e7c6_129c_49ae_b465_ca6070b3c78d] Found no committed offset for partition topic-84b9e7c6_129c_49ae_b465_ca6070b3c78d-0
2025-08-13 18:18:23,824 INFO  [org.apa.kaf.cli.con.int.SubscriptionState] (Thread-716) [Consumer clientId=consumer-Consumer-topic-84b9e7c6_129c_49ae_b465_ca6070b3c78d-14, groupId=Consumer-topic-84b9e7c6_129c_49ae_b465_ca6070b3c78d] Resetting offset for partition topic-84b9e7c6_129c_49ae_b465_ca6070b3c78d-0 to position FetchPosition{offset=0, offsetEpoch=Optional.empty, currentLeader=LeaderAndEpoch{leader=Optional[localhost:32769 (id: 0 rack: null)], epoch=0}}.
2025-08-13 18:18:23,859 INFO  [io.api.tes.ser.api.KafkaSerdesTester] (Thread-716) topic-84b9e7c6_129c_49ae_b465_ca6070b3c78d 0 0 {"key11755109099514": "value-0"}
2025-08-13 18:18:23,859 INFO  [io.api.tes.ser.api.KafkaSerdesTester] (Thread-716) topic-84b9e7c6_129c_49ae_b465_ca6070b3c78d 0 1 {"key11755109099514": "value-1"}
2025-08-13 18:18:23,859 INFO  [io.api.tes.ser.api.KafkaSerdesTester] (Thread-716) topic-84b9e7c6_129c_49ae_b465_ca6070b3c78d 0 2 {"key11755109099514": "value-2"}
2025-08-13 18:18:23,859 INFO  [io.api.tes.ser.api.KafkaSerdesTester] (Thread-716) topic-84b9e7c6_129c_49ae_b465_ca6070b3c78d 0 3 {"key11755109099514": "value-3"}
2025-08-13 18:18:23,860 INFO  [io.api.tes.ser.api.KafkaSerdesTester] (Thread-716) topic-84b9e7c6_129c_49ae_b465_ca6070b3c78d 0 4 {"key11755109099514": "value-4"}
2025-08-13 18:18:23,860 INFO  [io.api.tes.ser.api.KafkaSerdesTester] (Thread-716) topic-84b9e7c6_129c_49ae_b465_ca6070b3c78d 0 5 {"key11755109099514": "value-5"}
2025-08-13 18:18:23,860 INFO  [io.api.tes.ser.api.KafkaSerdesTester] (Thread-716) topic-84b9e7c6_129c_49ae_b465_ca6070b3c78d 0 6 {"key11755109099514": "value-6"}
2025-08-13 18:18:23,860 INFO  [io.api.tes.ser.api.KafkaSerdesTester] (Thread-716) topic-84b9e7c6_129c_49ae_b465_ca6070b3c78d 0 7 {"key11755109099514": "value-7"}
2025-08-13 18:18:23,860 INFO  [io.api.tes.ser.api.KafkaSerdesTester] (Thread-716) topic-84b9e7c6_129c_49ae_b465_ca6070b3c78d 0 8 {"key11755109099514": "value-8"}
2025-08-13 18:18:23,860 INFO  [io.api.tes.ser.api.KafkaSerdesTester] (Thread-716) topic-84b9e7c6_129c_49ae_b465_ca6070b3c78d 0 9 {"key11755109099514": "value-9"}
2025-08-13 18:18:23,860 INFO  [io.api.tes.ser.api.KafkaSerdesTester] (Thread-716) Consumed 10 messages
2025-08-13 18:18:23,866 INFO  [org.apa.kaf.cli.con.int.ConsumerRebalanceListenerInvoker] (Thread-716) [Consumer clientId=consumer-Consumer-topic-84b9e7c6_129c_49ae_b465_ca6070b3c78d-14, groupId=Consumer-topic-84b9e7c6_129c_49ae_b465_ca6070b3c78d] Revoke previously assigned partitions topic-84b9e7c6_129c_49ae_b465_ca6070b3c78d-0
2025-08-13 18:18:23,866 INFO  [org.apa.kaf.cli.con.int.ConsumerCoordinator] (Thread-716) [Consumer clientId=consumer-Consumer-topic-84b9e7c6_129c_49ae_b465_ca6070b3c78d-14, groupId=Consumer-topic-84b9e7c6_129c_49ae_b465_ca6070b3c78d] Member consumer-Consumer-topic-84b9e7c6_129c_49ae_b465_ca6070b3c78d-14-485d0fc5-cdde-4b1a-a0ee-04ffddd46553 sending LeaveGroup request to coordinator localhost:32769 (id: 2147483647 rack: null) due to the consumer is being closed
2025-08-13 18:18:23,866 INFO  [org.apa.kaf.cli.con.int.ConsumerCoordinator] (Thread-716) [Consumer clientId=consumer-Consumer-topic-84b9e7c6_129c_49ae_b465_ca6070b3c78d-14, groupId=Consumer-topic-84b9e7c6_129c_49ae_b465_ca6070b3c78d] Resetting generation and member id due to: consumer pro-actively leaving the group
2025-08-13 18:18:23,867 INFO  [org.apa.kaf.cli.con.int.ConsumerCoordinator] (Thread-716) [Consumer clientId=consumer-Consumer-topic-84b9e7c6_129c_49ae_b465_ca6070b3c78d-14, groupId=Consumer-topic-84b9e7c6_129c_49ae_b465_ca6070b3c78d] Request joining group due to: consumer pro-actively leaving the group
2025-08-13 18:18:24,362 INFO  [org.apa.kaf.com.met.Metrics] (Thread-716) Metrics scheduler closed
2025-08-13 18:18:24,362 INFO  [org.apa.kaf.com.met.Metrics] (Thread-716) Closing reporter org.apache.kafka.common.metrics.JmxReporter
2025-08-13 18:18:24,362 INFO  [org.apa.kaf.com.met.Metrics] (Thread-716) Closing reporter org.apache.kafka.common.telemetry.internals.ClientTelemetryReporter
2025-08-13 18:18:24,362 INFO  [org.apa.kaf.com.met.Metrics] (Thread-716) Metrics reporters closed
2025-08-13 18:18:24,364 INFO  [org.apa.kaf.com.uti.AppInfoParser] (Thread-716) App info kafka.consumer for consumer-Consumer-topic-84b9e7c6_129c_49ae_b465_ca6070b3c78d-14 unregistered
2025-08-13 18:18:24,365 INFO  [org.apa.kaf.cli.con.int.ClassicKafkaConsumer] (Thread-717) [Consumer clientId=consumer-Consumer-topic-3c61750f_5f32_4574_b693_d7d95a80d1ed-15, groupId=Consumer-topic-3c61750f_5f32_4574_b693_d7d95a80d1ed] Subscribed to topic(s): topic-3c61750f_5f32_4574_b693_d7d95a80d1ed
2025-08-13 18:18:24,370 INFO  [org.apa.kaf.cli.Metadata] (Thread-717) [Consumer clientId=consumer-Consumer-topic-3c61750f_5f32_4574_b693_d7d95a80d1ed-15, groupId=Consumer-topic-3c61750f_5f32_4574_b693_d7d95a80d1ed] Cluster ID: 4IlD_Sy2TMOqYF-Nc3vIHA
2025-08-13 18:18:24,370 INFO  [org.apa.kaf.cli.con.int.ConsumerCoordinator] (Thread-717) [Consumer clientId=consumer-Consumer-topic-3c61750f_5f32_4574_b693_d7d95a80d1ed-15, groupId=Consumer-topic-3c61750f_5f32_4574_b693_d7d95a80d1ed] Discovered group coordinator localhost:32769 (id: 2147483647 rack: null)
2025-08-13 18:18:24,371 INFO  [org.apa.kaf.cli.con.int.ConsumerCoordinator] (Thread-717) [Consumer clientId=consumer-Consumer-topic-3c61750f_5f32_4574_b693_d7d95a80d1ed-15, groupId=Consumer-topic-3c61750f_5f32_4574_b693_d7d95a80d1ed] (Re-)joining group
2025-08-13 18:18:24,375 INFO  [org.apa.kaf.cli.con.int.ConsumerCoordinator] (Thread-717) [Consumer clientId=consumer-Consumer-topic-3c61750f_5f32_4574_b693_d7d95a80d1ed-15, groupId=Consumer-topic-3c61750f_5f32_4574_b693_d7d95a80d1ed] Request joining group due to: need to re-join with the given member-id: consumer-Consumer-topic-3c61750f_5f32_4574_b693_d7d95a80d1ed-15-efbbec68-75a5-4c7d-849c-c228e1191183
2025-08-13 18:18:24,375 INFO  [org.apa.kaf.cli.con.int.ConsumerCoordinator] (Thread-717) [Consumer clientId=consumer-Consumer-topic-3c61750f_5f32_4574_b693_d7d95a80d1ed-15, groupId=Consumer-topic-3c61750f_5f32_4574_b693_d7d95a80d1ed] (Re-)joining group
2025-08-13 18:18:25,365 INFO  [io.api.tes.ser.api.KafkaSerdesTester] (Thread-717) None found
2025-08-13 18:18:26,365 INFO  [io.api.tes.ser.api.KafkaSerdesTester] (Thread-717) None found
2025-08-13 18:18:27,366 INFO  [io.api.tes.ser.api.KafkaSerdesTester] (Thread-717) None found
2025-08-13 18:18:27,376 INFO  [org.apa.kaf.cli.con.int.ConsumerCoordinator] (Thread-717) [Consumer clientId=consumer-Consumer-topic-3c61750f_5f32_4574_b693_d7d95a80d1ed-15, groupId=Consumer-topic-3c61750f_5f32_4574_b693_d7d95a80d1ed] Successfully joined group with generation Generation{generationId=1, memberId='consumer-Consumer-topic-3c61750f_5f32_4574_b693_d7d95a80d1ed-15-efbbec68-75a5-4c7d-849c-c228e1191183', protocol='range'}
2025-08-13 18:18:27,377 INFO  [org.apa.kaf.cli.con.int.ConsumerCoordinator] (Thread-717) [Consumer clientId=consumer-Consumer-topic-3c61750f_5f32_4574_b693_d7d95a80d1ed-15, groupId=Consumer-topic-3c61750f_5f32_4574_b693_d7d95a80d1ed] Finished assignment for group at generation 1: {consumer-Consumer-topic-3c61750f_5f32_4574_b693_d7d95a80d1ed-15-efbbec68-75a5-4c7d-849c-c228e1191183=Assignment(partitions=[topic-3c61750f_5f32_4574_b693_d7d95a80d1ed-0])}
2025-08-13 18:18:27,384 INFO  [org.apa.kaf.cli.con.int.ConsumerCoordinator] (Thread-717) [Consumer clientId=consumer-Consumer-topic-3c61750f_5f32_4574_b693_d7d95a80d1ed-15, groupId=Consumer-topic-3c61750f_5f32_4574_b693_d7d95a80d1ed] Successfully synced group in generation Generation{generationId=1, memberId='consumer-Consumer-topic-3c61750f_5f32_4574_b693_d7d95a80d1ed-15-efbbec68-75a5-4c7d-849c-c228e1191183', protocol='range'}
2025-08-13 18:18:27,384 INFO  [org.apa.kaf.cli.con.int.ConsumerCoordinator] (Thread-717) [Consumer clientId=consumer-Consumer-topic-3c61750f_5f32_4574_b693_d7d95a80d1ed-15, groupId=Consumer-topic-3c61750f_5f32_4574_b693_d7d95a80d1ed] Notifying assignor about the new Assignment(partitions=[topic-3c61750f_5f32_4574_b693_d7d95a80d1ed-0])
2025-08-13 18:18:27,384 INFO  [org.apa.kaf.cli.con.int.ConsumerRebalanceListenerInvoker] (Thread-717) [Consumer clientId=consumer-Consumer-topic-3c61750f_5f32_4574_b693_d7d95a80d1ed-15, groupId=Consumer-topic-3c61750f_5f32_4574_b693_d7d95a80d1ed] Adding newly assigned partitions: topic-3c61750f_5f32_4574_b693_d7d95a80d1ed-0
2025-08-13 18:18:27,385 INFO  [org.apa.kaf.cli.con.int.ConsumerCoordinator] (Thread-717) [Consumer clientId=consumer-Consumer-topic-3c61750f_5f32_4574_b693_d7d95a80d1ed-15, groupId=Consumer-topic-3c61750f_5f32_4574_b693_d7d95a80d1ed] Found no committed offset for partition topic-3c61750f_5f32_4574_b693_d7d95a80d1ed-0
2025-08-13 18:18:27,388 INFO  [org.apa.kaf.cli.con.int.SubscriptionState] (Thread-717) [Consumer clientId=consumer-Consumer-topic-3c61750f_5f32_4574_b693_d7d95a80d1ed-15, groupId=Consumer-topic-3c61750f_5f32_4574_b693_d7d95a80d1ed] Resetting offset for partition topic-3c61750f_5f32_4574_b693_d7d95a80d1ed-0 to position FetchPosition{offset=0, offsetEpoch=Optional.empty, currentLeader=LeaderAndEpoch{leader=Optional[localhost:32769 (id: 0 rack: null)], epoch=0}}.
2025-08-13 18:18:27,424 INFO  [io.api.tes.ser.api.KafkaSerdesTester] (Thread-717) topic-3c61750f_5f32_4574_b693_d7d95a80d1ed 0 0 {"key11755109099514": "value-0"}
2025-08-13 18:18:27,424 INFO  [io.api.tes.ser.api.KafkaSerdesTester] (Thread-717) topic-3c61750f_5f32_4574_b693_d7d95a80d1ed 0 1 {"key11755109099514": "value-1"}
2025-08-13 18:18:27,424 INFO  [io.api.tes.ser.api.KafkaSerdesTester] (Thread-717) topic-3c61750f_5f32_4574_b693_d7d95a80d1ed 0 2 {"key11755109099514": "value-2"}
2025-08-13 18:18:27,424 INFO  [io.api.tes.ser.api.KafkaSerdesTester] (Thread-717) topic-3c61750f_5f32_4574_b693_d7d95a80d1ed 0 3 {"key11755109099514": "value-3"}
2025-08-13 18:18:27,424 INFO  [io.api.tes.ser.api.KafkaSerdesTester] (Thread-717) topic-3c61750f_5f32_4574_b693_d7d95a80d1ed 0 4 {"key11755109099514": "value-4"}
2025-08-13 18:18:27,424 INFO  [io.api.tes.ser.api.KafkaSerdesTester] (Thread-717) topic-3c61750f_5f32_4574_b693_d7d95a80d1ed 0 5 {"key11755109099514": "value-5"}
2025-08-13 18:18:27,424 INFO  [io.api.tes.ser.api.KafkaSerdesTester] (Thread-717) topic-3c61750f_5f32_4574_b693_d7d95a80d1ed 0 6 {"key11755109099514": "value-6"}
2025-08-13 18:18:27,424 INFO  [io.api.tes.ser.api.KafkaSerdesTester] (Thread-717) topic-3c61750f_5f32_4574_b693_d7d95a80d1ed 0 7 {"key11755109099514": "value-7"}
2025-08-13 18:18:27,424 INFO  [io.api.tes.ser.api.KafkaSerdesTester] (Thread-717) topic-3c61750f_5f32_4574_b693_d7d95a80d1ed 0 8 {"key11755109099514": "value-8"}
2025-08-13 18:18:27,424 INFO  [io.api.tes.ser.api.KafkaSerdesTester] (Thread-717) topic-3c61750f_5f32_4574_b693_d7d95a80d1ed 0 9 {"key11755109099514": "value-9"}
2025-08-13 18:18:27,424 INFO  [io.api.tes.ser.api.KafkaSerdesTester] (Thread-717) Consumed 10 messages
2025-08-13 18:18:27,431 INFO  [org.apa.kaf.cli.con.int.ConsumerRebalanceListenerInvoker] (Thread-717) [Consumer clientId=consumer-Consumer-topic-3c61750f_5f32_4574_b693_d7d95a80d1ed-15, groupId=Consumer-topic-3c61750f_5f32_4574_b693_d7d95a80d1ed] Revoke previously assigned partitions topic-3c61750f_5f32_4574_b693_d7d95a80d1ed-0
2025-08-13 18:18:27,431 INFO  [org.apa.kaf.cli.con.int.ConsumerCoordinator] (Thread-717) [Consumer clientId=consumer-Consumer-topic-3c61750f_5f32_4574_b693_d7d95a80d1ed-15, groupId=Consumer-topic-3c61750f_5f32_4574_b693_d7d95a80d1ed] Member consumer-Consumer-topic-3c61750f_5f32_4574_b693_d7d95a80d1ed-15-efbbec68-75a5-4c7d-849c-c228e1191183 sending LeaveGroup request to coordinator localhost:32769 (id: 2147483647 rack: null) due to the consumer is being closed
2025-08-13 18:18:27,431 INFO  [org.apa.kaf.cli.con.int.ConsumerCoordinator] (Thread-717) [Consumer clientId=consumer-Consumer-topic-3c61750f_5f32_4574_b693_d7d95a80d1ed-15, groupId=Consumer-topic-3c61750f_5f32_4574_b693_d7d95a80d1ed] Resetting generation and member id due to: consumer pro-actively leaving the group
2025-08-13 18:18:27,432 INFO  [org.apa.kaf.cli.con.int.ConsumerCoordinator] (Thread-717) [Consumer clientId=consumer-Consumer-topic-3c61750f_5f32_4574_b693_d7d95a80d1ed-15, groupId=Consumer-topic-3c61750f_5f32_4574_b693_d7d95a80d1ed] Request joining group due to: consumer pro-actively leaving the group
2025-08-13 18:18:27,926 INFO  [org.apa.kaf.com.met.Metrics] (Thread-717) Metrics scheduler closed
2025-08-13 18:18:27,926 INFO  [org.apa.kaf.com.met.Metrics] (Thread-717) Closing reporter org.apache.kafka.common.metrics.JmxReporter
2025-08-13 18:18:27,926 INFO  [org.apa.kaf.com.met.Metrics] (Thread-717) Closing reporter org.apache.kafka.common.telemetry.internals.ClientTelemetryReporter
2025-08-13 18:18:27,926 INFO  [org.apa.kaf.com.met.Metrics] (Thread-717) Metrics reporters closed
2025-08-13 18:18:27,928 INFO  [org.apa.kaf.com.uti.AppInfoParser] (Thread-717) App info kafka.consumer for consumer-Consumer-topic-3c61750f_5f32_4574_b693_d7d95a80d1ed-15 unregistered
2025-08-13 18:18:27,929 INFO  [org.apa.kaf.cli.con.int.ClassicKafkaConsumer] (Thread-718) [Consumer clientId=consumer-Consumer-topic-5f6dd38f_ffc0_4976_bcab_0e0ae7d911ee-16, groupId=Consumer-topic-5f6dd38f_ffc0_4976_bcab_0e0ae7d911ee] Subscribed to topic(s): topic-5f6dd38f_ffc0_4976_bcab_0e0ae7d911ee
2025-08-13 18:18:27,934 INFO  [org.apa.kaf.cli.Metadata] (Thread-718) [Consumer clientId=consumer-Consumer-topic-5f6dd38f_ffc0_4976_bcab_0e0ae7d911ee-16, groupId=Consumer-topic-5f6dd38f_ffc0_4976_bcab_0e0ae7d911ee] Cluster ID: 4IlD_Sy2TMOqYF-Nc3vIHA
2025-08-13 18:18:27,935 INFO  [org.apa.kaf.cli.con.int.ConsumerCoordinator] (Thread-718) [Consumer clientId=consumer-Consumer-topic-5f6dd38f_ffc0_4976_bcab_0e0ae7d911ee-16, groupId=Consumer-topic-5f6dd38f_ffc0_4976_bcab_0e0ae7d911ee] Discovered group coordinator localhost:32769 (id: 2147483647 rack: null)
2025-08-13 18:18:27,936 INFO  [org.apa.kaf.cli.con.int.ConsumerCoordinator] (Thread-718) [Consumer clientId=consumer-Consumer-topic-5f6dd38f_ffc0_4976_bcab_0e0ae7d911ee-16, groupId=Consumer-topic-5f6dd38f_ffc0_4976_bcab_0e0ae7d911ee] (Re-)joining group
2025-08-13 18:18:27,939 INFO  [org.apa.kaf.cli.con.int.ConsumerCoordinator] (Thread-718) [Consumer clientId=consumer-Consumer-topic-5f6dd38f_ffc0_4976_bcab_0e0ae7d911ee-16, groupId=Consumer-topic-5f6dd38f_ffc0_4976_bcab_0e0ae7d911ee] Request joining group due to: need to re-join with the given member-id: consumer-Consumer-topic-5f6dd38f_ffc0_4976_bcab_0e0ae7d911ee-16-6feda159-46d4-4a06-bca3-59214535384d
2025-08-13 18:18:27,939 INFO  [org.apa.kaf.cli.con.int.ConsumerCoordinator] (Thread-718) [Consumer clientId=consumer-Consumer-topic-5f6dd38f_ffc0_4976_bcab_0e0ae7d911ee-16, groupId=Consumer-topic-5f6dd38f_ffc0_4976_bcab_0e0ae7d911ee] (Re-)joining group
2025-08-13 18:18:28,929 INFO  [io.api.tes.ser.api.KafkaSerdesTester] (Thread-718) None found
2025-08-13 18:18:29,929 INFO  [io.api.tes.ser.api.KafkaSerdesTester] (Thread-718) None found
2025-08-13 18:18:30,929 INFO  [io.api.tes.ser.api.KafkaSerdesTester] (Thread-718) None found
2025-08-13 18:18:30,941 INFO  [org.apa.kaf.cli.con.int.ConsumerCoordinator] (Thread-718) [Consumer clientId=consumer-Consumer-topic-5f6dd38f_ffc0_4976_bcab_0e0ae7d911ee-16, groupId=Consumer-topic-5f6dd38f_ffc0_4976_bcab_0e0ae7d911ee] Successfully joined group with generation Generation{generationId=1, memberId='consumer-Consumer-topic-5f6dd38f_ffc0_4976_bcab_0e0ae7d911ee-16-6feda159-46d4-4a06-bca3-59214535384d', protocol='range'}
2025-08-13 18:18:30,942 INFO  [org.apa.kaf.cli.con.int.ConsumerCoordinator] (Thread-718) [Consumer clientId=consumer-Consumer-topic-5f6dd38f_ffc0_4976_bcab_0e0ae7d911ee-16, groupId=Consumer-topic-5f6dd38f_ffc0_4976_bcab_0e0ae7d911ee] Finished assignment for group at generation 1: {consumer-Consumer-topic-5f6dd38f_ffc0_4976_bcab_0e0ae7d911ee-16-6feda159-46d4-4a06-bca3-59214535384d=Assignment(partitions=[topic-5f6dd38f_ffc0_4976_bcab_0e0ae7d911ee-0])}
2025-08-13 18:18:30,948 INFO  [org.apa.kaf.cli.con.int.ConsumerCoordinator] (Thread-718) [Consumer clientId=consumer-Consumer-topic-5f6dd38f_ffc0_4976_bcab_0e0ae7d911ee-16, groupId=Consumer-topic-5f6dd38f_ffc0_4976_bcab_0e0ae7d911ee] Successfully synced group in generation Generation{generationId=1, memberId='consumer-Consumer-topic-5f6dd38f_ffc0_4976_bcab_0e0ae7d911ee-16-6feda159-46d4-4a06-bca3-59214535384d', protocol='range'}
2025-08-13 18:18:30,948 INFO  [org.apa.kaf.cli.con.int.ConsumerCoordinator] (Thread-718) [Consumer clientId=consumer-Consumer-topic-5f6dd38f_ffc0_4976_bcab_0e0ae7d911ee-16, groupId=Consumer-topic-5f6dd38f_ffc0_4976_bcab_0e0ae7d911ee] Notifying assignor about the new Assignment(partitions=[topic-5f6dd38f_ffc0_4976_bcab_0e0ae7d911ee-0])
2025-08-13 18:18:30,948 INFO  [org.apa.kaf.cli.con.int.ConsumerRebalanceListenerInvoker] (Thread-718) [Consumer clientId=consumer-Consumer-topic-5f6dd38f_ffc0_4976_bcab_0e0ae7d911ee-16, groupId=Consumer-topic-5f6dd38f_ffc0_4976_bcab_0e0ae7d911ee] Adding newly assigned partitions: topic-5f6dd38f_ffc0_4976_bcab_0e0ae7d911ee-0
2025-08-13 18:18:30,949 INFO  [org.apa.kaf.cli.con.int.ConsumerCoordinator] (Thread-718) [Consumer clientId=consumer-Consumer-topic-5f6dd38f_ffc0_4976_bcab_0e0ae7d911ee-16, groupId=Consumer-topic-5f6dd38f_ffc0_4976_bcab_0e0ae7d911ee] Found no committed offset for partition topic-5f6dd38f_ffc0_4976_bcab_0e0ae7d911ee-0
2025-08-13 18:18:30,952 INFO  [org.apa.kaf.cli.con.int.SubscriptionState] (Thread-718) [Consumer clientId=consumer-Consumer-topic-5f6dd38f_ffc0_4976_bcab_0e0ae7d911ee-16, groupId=Consumer-topic-5f6dd38f_ffc0_4976_bcab_0e0ae7d911ee] Resetting offset for partition topic-5f6dd38f_ffc0_4976_bcab_0e0ae7d911ee-0 to position FetchPosition{offset=0, offsetEpoch=Optional.empty, currentLeader=LeaderAndEpoch{leader=Optional[localhost:32769 (id: 0 rack: null)], epoch=0}}.
2025-08-13 18:18:30,986 INFO  [io.api.tes.ser.api.KafkaSerdesTester] (Thread-718) topic-5f6dd38f_ffc0_4976_bcab_0e0ae7d911ee 0 0 {"key11755109099514": "value-0"}
2025-08-13 18:18:30,986 INFO  [io.api.tes.ser.api.KafkaSerdesTester] (Thread-718) topic-5f6dd38f_ffc0_4976_bcab_0e0ae7d911ee 0 1 {"key11755109099514": "value-1"}
2025-08-13 18:18:30,986 INFO  [io.api.tes.ser.api.KafkaSerdesTester] (Thread-718) topic-5f6dd38f_ffc0_4976_bcab_0e0ae7d911ee 0 2 {"key11755109099514": "value-2"}
2025-08-13 18:18:30,986 INFO  [io.api.tes.ser.api.KafkaSerdesTester] (Thread-718) topic-5f6dd38f_ffc0_4976_bcab_0e0ae7d911ee 0 3 {"key11755109099514": "value-3"}
2025-08-13 18:18:30,986 INFO  [io.api.tes.ser.api.KafkaSerdesTester] (Thread-718) topic-5f6dd38f_ffc0_4976_bcab_0e0ae7d911ee 0 4 {"key11755109099514": "value-4"}
2025-08-13 18:18:30,986 INFO  [io.api.tes.ser.api.KafkaSerdesTester] (Thread-718) topic-5f6dd38f_ffc0_4976_bcab_0e0ae7d911ee 0 5 {"key11755109099514": "value-5"}
2025-08-13 18:18:30,986 INFO  [io.api.tes.ser.api.KafkaSerdesTester] (Thread-718) topic-5f6dd38f_ffc0_4976_bcab_0e0ae7d911ee 0 6 {"key11755109099514": "value-6"}
2025-08-13 18:18:30,986 INFO  [io.api.tes.ser.api.KafkaSerdesTester] (Thread-718) topic-5f6dd38f_ffc0_4976_bcab_0e0ae7d911ee 0 7 {"key11755109099514": "value-7"}
2025-08-13 18:18:30,986 INFO  [io.api.tes.ser.api.KafkaSerdesTester] (Thread-718) topic-5f6dd38f_ffc0_4976_bcab_0e0ae7d911ee 0 8 {"key11755109099514": "value-8"}
2025-08-13 18:18:30,986 INFO  [io.api.tes.ser.api.KafkaSerdesTester] (Thread-718) topic-5f6dd38f_ffc0_4976_bcab_0e0ae7d911ee 0 9 {"key11755109099514": "value-9"}
2025-08-13 18:18:30,986 INFO  [io.api.tes.ser.api.KafkaSerdesTester] (Thread-718) Consumed 10 messages
2025-08-13 18:18:30,996 INFO  [org.apa.kaf.cli.con.int.ConsumerRebalanceListenerInvoker] (Thread-718) [Consumer clientId=consumer-Consumer-topic-5f6dd38f_ffc0_4976_bcab_0e0ae7d911ee-16, groupId=Consumer-topic-5f6dd38f_ffc0_4976_bcab_0e0ae7d911ee] Revoke previously assigned partitions topic-5f6dd38f_ffc0_4976_bcab_0e0ae7d911ee-0
2025-08-13 18:18:30,996 INFO  [org.apa.kaf.cli.con.int.ConsumerCoordinator] (Thread-718) [Consumer clientId=consumer-Consumer-topic-5f6dd38f_ffc0_4976_bcab_0e0ae7d911ee-16, groupId=Consumer-topic-5f6dd38f_ffc0_4976_bcab_0e0ae7d911ee] Member consumer-Consumer-topic-5f6dd38f_ffc0_4976_bcab_0e0ae7d911ee-16-6feda159-46d4-4a06-bca3-59214535384d sending LeaveGroup request to coordinator localhost:32769 (id: 2147483647 rack: null) due to the consumer is being closed
2025-08-13 18:18:30,997 INFO  [org.apa.kaf.cli.con.int.ConsumerCoordinator] (Thread-718) [Consumer clientId=consumer-Consumer-topic-5f6dd38f_ffc0_4976_bcab_0e0ae7d911ee-16, groupId=Consumer-topic-5f6dd38f_ffc0_4976_bcab_0e0ae7d911ee] Resetting generation and member id due to: consumer pro-actively leaving the group
2025-08-13 18:18:30,997 INFO  [org.apa.kaf.cli.con.int.ConsumerCoordinator] (Thread-718) [Consumer clientId=consumer-Consumer-topic-5f6dd38f_ffc0_4976_bcab_0e0ae7d911ee-16, groupId=Consumer-topic-5f6dd38f_ffc0_4976_bcab_0e0ae7d911ee] Request joining group due to: consumer pro-actively leaving the group
2025-08-13 18:18:31,489 INFO  [org.apa.kaf.com.met.Metrics] (Thread-718) Metrics scheduler closed
2025-08-13 18:18:31,489 INFO  [org.apa.kaf.com.met.Metrics] (Thread-718) Closing reporter org.apache.kafka.common.metrics.JmxReporter
2025-08-13 18:18:31,489 INFO  [org.apa.kaf.com.met.Metrics] (Thread-718) Closing reporter org.apache.kafka.common.telemetry.internals.ClientTelemetryReporter
2025-08-13 18:18:31,489 INFO  [org.apa.kaf.com.met.Metrics] (Thread-718) Metrics reporters closed
2025-08-13 18:18:31,491 INFO  [org.apa.kaf.com.uti.AppInfoParser] (Thread-718) App info kafka.consumer for consumer-Consumer-topic-5f6dd38f_ffc0_4976_bcab_0e0ae7d911ee-16 unregistered
2025-08-13 18:18:31,493 INFO  [io.api.tes.uti.TestSeparator] (main) io.apicurio.tests.serdes.apicurio.AvroSerdeIT.testAvroConfluentForMultipleTopics-FINISHED
2025-08-13 18:18:31,493 INFO  [io.api.tes.uti.TestSeparator] (main) ############################################################################
Test passed: testAvroConfluentForMultipleTopics
]]></system-out>
  </testcase>
  <testcase name="testFirstRequestFailsRateLimited" classname="io.apicurio.tests.serdes.apicurio.AvroSerdeIT" time="1.247">
    <system-out><![CDATA[2025-08-13 18:18:31,495 INFO  [io.api.tes.uti.TestSeparator] (main) ############################################################################
2025-08-13 18:18:31,496 INFO  [io.api.tes.uti.TestSeparator] (main) io.apicurio.tests.serdes.apicurio.AvroSerdeIT.testFirstRequestFailsRateLimited-STARTED
2025-08-13 18:18:32,265 WARN  [org.ecl.jet.ser.AbstractConnector] (main) Acceptors should be <= availableProcessors: NetworkTrafficServerConnector@50859a18{HTTP/1.1, (http/1.1, h2c)}{0.0.0.0:0} 
2025-08-13 18:18:32,376 INFO  [org.ecl.jet.ser.Server] (main) jetty-11.0.15; built: 2023-04-11T18:37:53.775Z; git: 5bc5e562c8d05c5862505aebe5cf83a61bdbcb96; jvm 17.0.16+8
2025-08-13 18:18:32,400 INFO  [org.ecl.jet.ser.han.ContextHandler] (main) Started o.e.j.s.ServletContextHandler@64f514d2{/__admin,null,AVAILABLE}
2025-08-13 18:18:32,408 INFO  [org.ecl.jet.ser.han.Con.ROOT] (main) RequestHandlerClass from context returned com.github.tomakehurst.wiremock.http.StubRequestHandler. Normalized mapped under returned 'null'
2025-08-13 18:18:32,408 INFO  [org.ecl.jet.ser.han.ContextHandler] (main) Started o.e.j.s.ServletContextHandler@2de1a93d{/,null,AVAILABLE}
2025-08-13 18:18:32,415 INFO  [org.ecl.jet.ser.AbstractConnector] (main) Started NetworkTrafficServerConnector@50859a18{HTTP/1.1, (http/1.1, h2c)}{0.0.0.0:41241}
2025-08-13 18:18:32,417 INFO  [org.ecl.jet.ser.Server] (main) Started Server@71ca6a60{STARTING}[11.0.15,sto=1000] @106257ms
**** Registry Base URL: http://registry-app-inmemory.apps.ci419.apicurio-testing.org:80
2025-08-13 18:18:32,428 INFO  [org.apa.kaf.cli.pro.ProducerConfig] (main) ProducerConfig values: 
	acks = -1
	auto.include.jmx.reporter = true
	batch.size = 16384
	bootstrap.servers = [PLAINTEXT://localhost:32769]
	buffer.memory = 33554432
	client.dns.lookup = use_all_dns_ips
	client.id = Producer-topic-25bcde4d_60dd_4d2d_854e_94eef79a6215
	compression.gzip.level = -1
	compression.lz4.level = 9
	compression.type = none
	compression.zstd.level = 3
	connections.max.idle.ms = 10000
	delivery.timeout.ms = 120000
	enable.idempotence = true
	enable.metrics.push = true
	interceptor.classes = []
	key.serializer = class org.apache.kafka.common.serialization.StringSerializer
	linger.ms = 0
	max.block.ms = 60000
	max.in.flight.requests.per.connection = 5
	max.request.size = 1048576
	metadata.max.age.ms = 300000
	metadata.max.idle.ms = 300000
	metadata.recovery.strategy = none
	metric.reporters = []
	metrics.num.samples = 2
	metrics.recording.level = INFO
	metrics.sample.window.ms = 30000
	partitioner.adaptive.partitioning.enable = true
	partitioner.availability.timeout.ms = 0
	partitioner.class = null
	partitioner.ignore.keys = false
	receive.buffer.bytes = 32768
	reconnect.backoff.max.ms = 1000
	reconnect.backoff.ms = 50
	request.timeout.ms = 5000
	retries = 2147483647
	retry.backoff.max.ms = 1000
	retry.backoff.ms = 100
	sasl.client.callback.handler.class = null
	sasl.jaas.config = null
	sasl.kerberos.kinit.cmd = /usr/bin/kinit
	sasl.kerberos.min.time.before.relogin = 60000
	sasl.kerberos.service.name = null
	sasl.kerberos.ticket.renew.jitter = 0.05
	sasl.kerberos.ticket.renew.window.factor = 0.8
	sasl.login.callback.handler.class = null
	sasl.login.class = null
	sasl.login.connect.timeout.ms = null
	sasl.login.read.timeout.ms = null
	sasl.login.refresh.buffer.seconds = 300
	sasl.login.refresh.min.period.seconds = 60
	sasl.login.refresh.window.factor = 0.8
	sasl.login.refresh.window.jitter = 0.05
	sasl.login.retry.backoff.max.ms = 10000
	sasl.login.retry.backoff.ms = 100
	sasl.mechanism = GSSAPI
	sasl.oauthbearer.clock.skew.seconds = 30
	sasl.oauthbearer.expected.audience = null
	sasl.oauthbearer.expected.issuer = null
	sasl.oauthbearer.header.urlencode = false
	sasl.oauthbearer.jwks.endpoint.refresh.ms = 3600000
	sasl.oauthbearer.jwks.endpoint.retry.backoff.max.ms = 10000
	sasl.oauthbearer.jwks.endpoint.retry.backoff.ms = 100
	sasl.oauthbearer.jwks.endpoint.url = null
	sasl.oauthbearer.scope.claim.name = scope
	sasl.oauthbearer.sub.claim.name = sub
	sasl.oauthbearer.token.endpoint.url = null
	security.protocol = PLAINTEXT
	security.providers = null
	send.buffer.bytes = 131072
	socket.connection.setup.timeout.max.ms = 30000
	socket.connection.setup.timeout.ms = 10000
	ssl.cipher.suites = null
	ssl.enabled.protocols = [TLSv1.2, TLSv1.3]
	ssl.endpoint.identification.algorithm = https
	ssl.engine.factory.class = null
	ssl.key.password = null
	ssl.keymanager.algorithm = SunX509
	ssl.keystore.certificate.chain = null
	ssl.keystore.key = null
	ssl.keystore.location = null
	ssl.keystore.password = null
	ssl.keystore.type = JKS
	ssl.protocol = TLSv1.3
	ssl.provider = null
	ssl.secure.random.implementation = null
	ssl.trustmanager.algorithm = PKIX
	ssl.truststore.certificates = null
	ssl.truststore.location = null
	ssl.truststore.password = null
	ssl.truststore.type = JKS
	transaction.timeout.ms = 60000
	transactional.id = null
	value.serializer = class io.apicurio.registry.serde.avro.AvroKafkaSerializer

2025-08-13 18:18:32,429 INFO  [org.apa.kaf.com.tel.int.KafkaMetricsCollector] (main) initializing Kafka metrics collector
2025-08-13 18:18:32,432 INFO  [org.apa.kaf.cli.pro.KafkaProducer] (main) [Producer clientId=Producer-topic-25bcde4d_60dd_4d2d_854e_94eef79a6215] Instantiated an idempotent producer.
2025-08-13 18:18:32,436 INFO  [org.apa.kaf.cli.pro.ProducerConfig] (main) These configurations '[apicurio.registry.url, apicurio.registry.artifact-resolver-strategy]' were supplied but are not used yet.
2025-08-13 18:18:32,437 INFO  [org.apa.kaf.com.uti.AppInfoParser] (main) Kafka version: 3.9.1
2025-08-13 18:18:32,437 INFO  [org.apa.kaf.com.uti.AppInfoParser] (main) Kafka commitId: f745dfdcee2b9851
2025-08-13 18:18:32,437 INFO  [org.apa.kaf.com.uti.AppInfoParser] (main) Kafka startTimeMs: 1755109112437
2025-08-13 18:18:32,439 INFO  [io.api.tes.ser.api.KafkaSerdesTester] (Thread-729) Sending message {"keyB": "value-0"} to topic topic-25bcde4d_60dd_4d2d_854e_94eef79a6215
2025-08-13 18:18:32,446 WARN  [org.apa.kaf.cli.NetworkClient] (kafka-producer-network-thread | Producer-topic-25bcde4d_60dd_4d2d_854e_94eef79a6215) [Producer clientId=Producer-topic-25bcde4d_60dd_4d2d_854e_94eef79a6215] The metadata response from the cluster reported a recoverable issue with correlation id 1 : {topic-25bcde4d_60dd_4d2d_854e_94eef79a6215=UNKNOWN_TOPIC_OR_PARTITION}
2025-08-13 18:18:32,446 INFO  [org.apa.kaf.cli.Metadata] (kafka-producer-network-thread | Producer-topic-25bcde4d_60dd_4d2d_854e_94eef79a6215) [Producer clientId=Producer-topic-25bcde4d_60dd_4d2d_854e_94eef79a6215] Cluster ID: 4IlD_Sy2TMOqYF-Nc3vIHA
2025-08-13 18:18:32,446 INFO  [org.apa.kaf.cli.pro.int.TransactionManager] (kafka-producer-network-thread | Producer-topic-25bcde4d_60dd_4d2d_854e_94eef79a6215) [Producer clientId=Producer-topic-25bcde4d_60dd_4d2d_854e_94eef79a6215] ProducerId set to 22 with epoch 0
2025-08-13 18:18:32,571 INFO  [DefaultSchemaResolver] (Thread-729) Retrieving schema content using string: {"type":"record","name":"myrecord","namespace":"mygroup","fields":[{"name":"keyB","type":"string"}]}
2025-08-13 18:18:32,716 INFO  [org.apa.kaf.cli.pro.KafkaProducer] (Thread-729) [Producer clientId=Producer-topic-25bcde4d_60dd_4d2d_854e_94eef79a6215] Closing the Kafka producer with timeoutMillis = 9223372036854775807 ms.
2025-08-13 18:18:32,720 INFO  [org.apa.kaf.com.met.Metrics] (Thread-729) Metrics scheduler closed
2025-08-13 18:18:32,720 INFO  [org.apa.kaf.com.met.Metrics] (Thread-729) Closing reporter org.apache.kafka.common.metrics.JmxReporter
2025-08-13 18:18:32,720 INFO  [org.apa.kaf.com.met.Metrics] (Thread-729) Closing reporter org.apache.kafka.common.telemetry.internals.ClientTelemetryReporter
2025-08-13 18:18:32,720 INFO  [org.apa.kaf.com.met.Metrics] (Thread-729) Metrics reporters closed
2025-08-13 18:18:32,724 INFO  [org.apa.kaf.com.uti.AppInfoParser] (Thread-729) App info kafka.producer for Producer-topic-25bcde4d_60dd_4d2d_854e_94eef79a6215 unregistered
2025-08-13 18:18:32,725 INFO  [org.ecl.jet.ser.Server] (main) Stopped Server@71ca6a60{STOPPING}[11.0.15,sto=1000]
2025-08-13 18:18:32,725 INFO  [org.ecl.jet.ser.Server] (main) Shutdown Server@71ca6a60{STOPPING}[11.0.15,sto=1000]
2025-08-13 18:18:32,733 INFO  [org.ecl.jet.ser.AbstractConnector] (main) Stopped NetworkTrafficServerConnector@50859a18{HTTP/1.1, (http/1.1, h2c)}{0.0.0.0:0}
2025-08-13 18:18:32,735 INFO  [org.ecl.jet.ser.han.ContextHandler] (main) Stopped o.e.j.s.ServletContextHandler@2de1a93d{/,null,STOPPED}
2025-08-13 18:18:32,736 INFO  [org.ecl.jet.ser.han.ContextHandler] (main) Stopped o.e.j.s.ServletContextHandler@64f514d2{/__admin,null,STOPPED}
2025-08-13 18:18:32,741 INFO  [io.api.tes.uti.TestSeparator] (main) io.apicurio.tests.serdes.apicurio.AvroSerdeIT.testFirstRequestFailsRateLimited-FINISHED
2025-08-13 18:18:32,741 INFO  [io.api.tes.uti.TestSeparator] (main) ############################################################################
Test passed: testFirstRequestFailsRateLimited
]]></system-out>
    <system-err><![CDATA[com.microsoft.kiota.ApiException: the server returned an unexpected status code and no error class is registered for this code 429
	at com.microsoft.kiota.ApiExceptionBuilder.withMessage(ApiExceptionBuilder.java:45)
	at io.kiota.http.vertx.VertXRequestAdapter.throwIfFailedResponse(VertXRequestAdapter.java:370)
	at io.kiota.http.vertx.VertXRequestAdapter.send(VertXRequestAdapter.java:170)
	at io.apicurio.registry.rest.client.search.versions.VersionsRequestBuilder.post(VersionsRequestBuilder.java:94)
	at io.apicurio.registry.resolver.client.RegistryClientFacadeImpl.searchVersionsByContent(RegistryClientFacadeImpl.java:106)
	at io.apicurio.registry.resolver.DefaultSchemaResolver.lambda$handleResolveSchemaByContent$3(DefaultSchemaResolver.java:258)
	at io.apicurio.registry.resolver.cache.ERCache.lambda$getValue$0(ERCache.java:174)
	at io.apicurio.registry.resolver.cache.ERCache.retry(ERCache.java:227)
	at io.apicurio.registry.resolver.cache.ERCache.getValue(ERCache.java:173)
	at io.apicurio.registry.resolver.cache.ERCache.getByContent(ERCache.java:147)
	at io.apicurio.registry.resolver.DefaultSchemaResolver.handleResolveSchemaByContent(DefaultSchemaResolver.java:253)
	at io.apicurio.registry.resolver.DefaultSchemaResolver.getSchemaFromRegistry(DefaultSchemaResolver.java:138)
	at io.apicurio.registry.resolver.DefaultSchemaResolver.lambda$resolveSchema$0(DefaultSchemaResolver.java:84)
	at java.base/java.util.Optional.orElseGet(Optional.java:364)
	at io.apicurio.registry.resolver.DefaultSchemaResolver.resolveSchema(DefaultSchemaResolver.java:84)
	at io.apicurio.registry.serde.AbstractSerializer.serializeData(AbstractSerializer.java:62)
	at io.apicurio.registry.serde.KafkaSerializer.serialize(KafkaSerializer.java:77)
	at org.apache.kafka.clients.producer.KafkaProducer.doSend(KafkaProducer.java:1046)
	at org.apache.kafka.clients.producer.KafkaProducer.send(KafkaProducer.java:993)
	at org.apache.kafka.clients.producer.KafkaProducer.send(KafkaProducer.java:875)
	at io.apicurio.tests.serdes.apicurio.KafkaSerdesTester.lambda$produceMessages$3(KafkaSerdesTester.java:138)
	at java.base/java.util.concurrent.CompletableFuture$AsyncSupply.run(CompletableFuture.java:1768)
	at java.base/java.lang.Thread.run(Thread.java:840)
]]></system-err>
  </testcase>
  <testcase name="testFirstEmptyFieldConfusedAsMagicByte" classname="io.apicurio.tests.serdes.apicurio.AvroSerdeIT" time="3.837">
    <system-out><![CDATA[2025-08-13 18:18:32,745 INFO  [io.api.tes.uti.TestSeparator] (main) ############################################################################
2025-08-13 18:18:32,745 INFO  [io.api.tes.uti.TestSeparator] (main) io.apicurio.tests.serdes.apicurio.AvroSerdeIT.testFirstEmptyFieldConfusedAsMagicByte-STARTED
**** Registry Base URL: http://registry-app-inmemory.apps.ci419.apicurio-testing.org:80
2025-08-13 18:18:32,748 INFO  [org.apa.kaf.cli.pro.ProducerConfig] (main) ProducerConfig values: 
	acks = -1
	auto.include.jmx.reporter = true
	batch.size = 16384
	bootstrap.servers = [PLAINTEXT://localhost:32769]
	buffer.memory = 33554432
	client.dns.lookup = use_all_dns_ips
	client.id = Producer-topic-a11e3fb8_6a13_4862_bb61_0938e47219e2
	compression.gzip.level = -1
	compression.lz4.level = 9
	compression.type = none
	compression.zstd.level = 3
	connections.max.idle.ms = 10000
	delivery.timeout.ms = 120000
	enable.idempotence = true
	enable.metrics.push = true
	interceptor.classes = []
	key.serializer = class org.apache.kafka.common.serialization.StringSerializer
	linger.ms = 0
	max.block.ms = 60000
	max.in.flight.requests.per.connection = 5
	max.request.size = 1048576
	metadata.max.age.ms = 300000
	metadata.max.idle.ms = 300000
	metadata.recovery.strategy = none
	metric.reporters = []
	metrics.num.samples = 2
	metrics.recording.level = INFO
	metrics.sample.window.ms = 30000
	partitioner.adaptive.partitioning.enable = true
	partitioner.availability.timeout.ms = 0
	partitioner.class = null
	partitioner.ignore.keys = false
	receive.buffer.bytes = 32768
	reconnect.backoff.max.ms = 1000
	reconnect.backoff.ms = 50
	request.timeout.ms = 5000
	retries = 2147483647
	retry.backoff.max.ms = 1000
	retry.backoff.ms = 100
	sasl.client.callback.handler.class = null
	sasl.jaas.config = null
	sasl.kerberos.kinit.cmd = /usr/bin/kinit
	sasl.kerberos.min.time.before.relogin = 60000
	sasl.kerberos.service.name = null
	sasl.kerberos.ticket.renew.jitter = 0.05
	sasl.kerberos.ticket.renew.window.factor = 0.8
	sasl.login.callback.handler.class = null
	sasl.login.class = null
	sasl.login.connect.timeout.ms = null
	sasl.login.read.timeout.ms = null
	sasl.login.refresh.buffer.seconds = 300
	sasl.login.refresh.min.period.seconds = 60
	sasl.login.refresh.window.factor = 0.8
	sasl.login.refresh.window.jitter = 0.05
	sasl.login.retry.backoff.max.ms = 10000
	sasl.login.retry.backoff.ms = 100
	sasl.mechanism = GSSAPI
	sasl.oauthbearer.clock.skew.seconds = 30
	sasl.oauthbearer.expected.audience = null
	sasl.oauthbearer.expected.issuer = null
	sasl.oauthbearer.header.urlencode = false
	sasl.oauthbearer.jwks.endpoint.refresh.ms = 3600000
	sasl.oauthbearer.jwks.endpoint.retry.backoff.max.ms = 10000
	sasl.oauthbearer.jwks.endpoint.retry.backoff.ms = 100
	sasl.oauthbearer.jwks.endpoint.url = null
	sasl.oauthbearer.scope.claim.name = scope
	sasl.oauthbearer.sub.claim.name = sub
	sasl.oauthbearer.token.endpoint.url = null
	security.protocol = PLAINTEXT
	security.providers = null
	send.buffer.bytes = 131072
	socket.connection.setup.timeout.max.ms = 30000
	socket.connection.setup.timeout.ms = 10000
	ssl.cipher.suites = null
	ssl.enabled.protocols = [TLSv1.2, TLSv1.3]
	ssl.endpoint.identification.algorithm = https
	ssl.engine.factory.class = null
	ssl.key.password = null
	ssl.keymanager.algorithm = SunX509
	ssl.keystore.certificate.chain = null
	ssl.keystore.key = null
	ssl.keystore.location = null
	ssl.keystore.password = null
	ssl.keystore.type = JKS
	ssl.protocol = TLSv1.3
	ssl.provider = null
	ssl.secure.random.implementation = null
	ssl.trustmanager.algorithm = PKIX
	ssl.truststore.certificates = null
	ssl.truststore.location = null
	ssl.truststore.password = null
	ssl.truststore.type = JKS
	transaction.timeout.ms = 60000
	transactional.id = null
	value.serializer = class io.apicurio.registry.serde.avro.AvroKafkaSerializer

2025-08-13 18:18:32,748 INFO  [org.apa.kaf.com.tel.int.KafkaMetricsCollector] (main) initializing Kafka metrics collector
2025-08-13 18:18:32,752 INFO  [org.apa.kaf.cli.pro.KafkaProducer] (main) [Producer clientId=Producer-topic-a11e3fb8_6a13_4862_bb61_0938e47219e2] Instantiated an idempotent producer.
2025-08-13 18:18:32,753 INFO  [org.apa.kaf.cli.pro.ProducerConfig] (main) These configurations '[apicurio.registry.url, apicurio.registry.auto-register, apicurio.registry.artifact-resolver-strategy]' were supplied but are not used yet.
2025-08-13 18:18:32,754 INFO  [org.apa.kaf.com.uti.AppInfoParser] (main) Kafka version: 3.9.1
2025-08-13 18:18:32,754 INFO  [org.apa.kaf.com.uti.AppInfoParser] (main) Kafka commitId: f745dfdcee2b9851
2025-08-13 18:18:32,754 INFO  [org.apa.kaf.com.uti.AppInfoParser] (main) Kafka startTimeMs: 1755109112754
2025-08-13 18:18:32,754 INFO  [io.api.tes.ser.api.SimpleSerdesTesterBuilder$SimpleSerdesTester] (main) Using producer configuration: {apicurio.registry.url=http://registry-app-inmemory.apps.ci419.apicurio-testing.org:80/apis/registry/v3, apicurio.registry.auto-register=true, apicurio.registry.artifact-resolver-strategy=io.apicurio.registry.serde.strategy.SimpleTopicIdStrategy, value.serializer=io.apicurio.registry.serde.avro.AvroKafkaSerializer, request.timeout.ms=5000, acks=all, bootstrap.servers=PLAINTEXT://localhost:32769, connections.max.idle.ms=10000, key.serializer=org.apache.kafka.common.serialization.StringSerializer, client.id=Producer-topic-a11e3fb8_6a13_4862_bb61_0938e47219e2}
2025-08-13 18:18:32,754 INFO  [io.api.tes.ser.api.SimpleSerdesTesterBuilder$SimpleSerdesTester] (main) Using consumer configuration: {}
2025-08-13 18:18:32,756 INFO  [io.api.tes.ser.api.KafkaSerdesTester] (Thread-732) Sending message {"username": null} to topic topic-a11e3fb8_6a13_4862_bb61_0938e47219e2
2025-08-13 18:18:32,758 WARN  [org.apa.kaf.cli.NetworkClient] (kafka-producer-network-thread | Producer-topic-a11e3fb8_6a13_4862_bb61_0938e47219e2) [Producer clientId=Producer-topic-a11e3fb8_6a13_4862_bb61_0938e47219e2] The metadata response from the cluster reported a recoverable issue with correlation id 1 : {topic-a11e3fb8_6a13_4862_bb61_0938e47219e2=UNKNOWN_TOPIC_OR_PARTITION}
2025-08-13 18:18:32,758 INFO  [org.apa.kaf.cli.Metadata] (kafka-producer-network-thread | Producer-topic-a11e3fb8_6a13_4862_bb61_0938e47219e2) [Producer clientId=Producer-topic-a11e3fb8_6a13_4862_bb61_0938e47219e2] Cluster ID: 4IlD_Sy2TMOqYF-Nc3vIHA
2025-08-13 18:18:32,758 INFO  [org.apa.kaf.cli.pro.int.TransactionManager] (kafka-producer-network-thread | Producer-topic-a11e3fb8_6a13_4862_bb61_0938e47219e2) [Producer clientId=Producer-topic-a11e3fb8_6a13_4862_bb61_0938e47219e2] ProducerId set to 23 with epoch 0
2025-08-13 18:18:32,919 INFO  [io.api.tes.ser.api.KafkaSerdesTester] (Thread-732) Sending message {"username": null} to topic topic-a11e3fb8_6a13_4862_bb61_0938e47219e2
2025-08-13 18:18:32,921 INFO  [io.api.tes.ser.api.KafkaSerdesTester] (Thread-732) Sending message {"username": "value-2"} to topic topic-a11e3fb8_6a13_4862_bb61_0938e47219e2
2025-08-13 18:18:32,924 INFO  [io.api.tes.ser.api.KafkaSerdesTester] (Thread-732) Sending message {"username": null} to topic topic-a11e3fb8_6a13_4862_bb61_0938e47219e2
2025-08-13 18:18:32,926 INFO  [io.api.tes.ser.api.KafkaSerdesTester] (Thread-732) Sending message {"username": "value-4"} to topic topic-a11e3fb8_6a13_4862_bb61_0938e47219e2
2025-08-13 18:18:32,930 INFO  [io.api.tes.ser.api.KafkaSerdesTester] (Thread-732) Sending message {"username": null} to topic topic-a11e3fb8_6a13_4862_bb61_0938e47219e2
2025-08-13 18:18:32,932 INFO  [io.api.tes.ser.api.KafkaSerdesTester] (Thread-732) Sending message {"username": "value-6"} to topic topic-a11e3fb8_6a13_4862_bb61_0938e47219e2
2025-08-13 18:18:32,938 INFO  [io.api.tes.ser.api.KafkaSerdesTester] (Thread-732) Sending message {"username": null} to topic topic-a11e3fb8_6a13_4862_bb61_0938e47219e2
2025-08-13 18:18:32,944 INFO  [io.api.tes.ser.api.KafkaSerdesTester] (Thread-732) Sending message {"username": "value-8"} to topic topic-a11e3fb8_6a13_4862_bb61_0938e47219e2
2025-08-13 18:18:32,949 INFO  [io.api.tes.ser.api.KafkaSerdesTester] (Thread-732) Sending message {"username": null} to topic topic-a11e3fb8_6a13_4862_bb61_0938e47219e2
2025-08-13 18:18:32,953 INFO  [io.api.tes.ser.api.KafkaSerdesTester] (Thread-732) Produced 10 messages
2025-08-13 18:18:32,953 INFO  [org.apa.kaf.cli.pro.KafkaProducer] (Thread-732) [Producer clientId=Producer-topic-a11e3fb8_6a13_4862_bb61_0938e47219e2] Closing the Kafka producer with timeoutMillis = 9223372036854775807 ms.
2025-08-13 18:18:32,958 INFO  [org.apa.kaf.com.met.Metrics] (Thread-732) Metrics scheduler closed
2025-08-13 18:18:32,958 INFO  [org.apa.kaf.com.met.Metrics] (Thread-732) Closing reporter org.apache.kafka.common.metrics.JmxReporter
2025-08-13 18:18:32,958 INFO  [org.apa.kaf.com.met.Metrics] (Thread-732) Closing reporter org.apache.kafka.common.telemetry.internals.ClientTelemetryReporter
2025-08-13 18:18:32,958 INFO  [org.apa.kaf.com.met.Metrics] (Thread-732) Metrics reporters closed
2025-08-13 18:18:32,959 INFO  [org.apa.kaf.com.uti.AppInfoParser] (Thread-732) App info kafka.producer for Producer-topic-a11e3fb8_6a13_4862_bb61_0938e47219e2 unregistered
**** Registry Base URL: http://registry-app-inmemory.apps.ci419.apicurio-testing.org:80
2025-08-13 18:18:32,991 INFO  [org.apa.kaf.cli.con.ConsumerConfig] (main) ConsumerConfig values: 
	allow.auto.create.topics = true
	auto.commit.interval.ms = 500
	auto.include.jmx.reporter = true
	auto.offset.reset = earliest
	bootstrap.servers = [PLAINTEXT://localhost:32769]
	check.crcs = true
	client.dns.lookup = use_all_dns_ips
	client.id = consumer-Consumer-topic-a11e3fb8_6a13_4862_bb61_0938e47219e2-17
	client.rack = 
	connections.max.idle.ms = 10000
	default.api.timeout.ms = 60000
	enable.auto.commit = true
	enable.metrics.push = true
	exclude.internal.topics = true
	fetch.max.bytes = 52428800
	fetch.max.wait.ms = 500
	fetch.min.bytes = 1
	group.id = Consumer-topic-a11e3fb8_6a13_4862_bb61_0938e47219e2
	group.instance.id = null
	group.protocol = classic
	group.remote.assignor = null
	heartbeat.interval.ms = 3000
	interceptor.classes = []
	internal.leave.group.on.close = true
	internal.throw.on.fetch.stable.offset.unsupported = false
	isolation.level = read_uncommitted
	key.deserializer = class org.apache.kafka.common.serialization.StringDeserializer
	max.partition.fetch.bytes = 1048576
	max.poll.interval.ms = 300000
	max.poll.records = 500
	metadata.max.age.ms = 300000
	metadata.recovery.strategy = none
	metric.reporters = []
	metrics.num.samples = 2
	metrics.recording.level = INFO
	metrics.sample.window.ms = 30000
	partition.assignment.strategy = [class org.apache.kafka.clients.consumer.RangeAssignor, class org.apache.kafka.clients.consumer.CooperativeStickyAssignor]
	receive.buffer.bytes = 65536
	reconnect.backoff.max.ms = 1000
	reconnect.backoff.ms = 50
	request.timeout.ms = 5000
	retry.backoff.max.ms = 1000
	retry.backoff.ms = 100
	sasl.client.callback.handler.class = null
	sasl.jaas.config = null
	sasl.kerberos.kinit.cmd = /usr/bin/kinit
	sasl.kerberos.min.time.before.relogin = 60000
	sasl.kerberos.service.name = null
	sasl.kerberos.ticket.renew.jitter = 0.05
	sasl.kerberos.ticket.renew.window.factor = 0.8
	sasl.login.callback.handler.class = null
	sasl.login.class = null
	sasl.login.connect.timeout.ms = null
	sasl.login.read.timeout.ms = null
	sasl.login.refresh.buffer.seconds = 300
	sasl.login.refresh.min.period.seconds = 60
	sasl.login.refresh.window.factor = 0.8
	sasl.login.refresh.window.jitter = 0.05
	sasl.login.retry.backoff.max.ms = 10000
	sasl.login.retry.backoff.ms = 100
	sasl.mechanism = GSSAPI
	sasl.oauthbearer.clock.skew.seconds = 30
	sasl.oauthbearer.expected.audience = null
	sasl.oauthbearer.expected.issuer = null
	sasl.oauthbearer.header.urlencode = false
	sasl.oauthbearer.jwks.endpoint.refresh.ms = 3600000
	sasl.oauthbearer.jwks.endpoint.retry.backoff.max.ms = 10000
	sasl.oauthbearer.jwks.endpoint.retry.backoff.ms = 100
	sasl.oauthbearer.jwks.endpoint.url = null
	sasl.oauthbearer.scope.claim.name = scope
	sasl.oauthbearer.sub.claim.name = sub
	sasl.oauthbearer.token.endpoint.url = null
	security.protocol = PLAINTEXT
	security.providers = null
	send.buffer.bytes = 131072
	session.timeout.ms = 45000
	socket.connection.setup.timeout.max.ms = 30000
	socket.connection.setup.timeout.ms = 10000
	ssl.cipher.suites = null
	ssl.enabled.protocols = [TLSv1.2, TLSv1.3]
	ssl.endpoint.identification.algorithm = https
	ssl.engine.factory.class = null
	ssl.key.password = null
	ssl.keymanager.algorithm = SunX509
	ssl.keystore.certificate.chain = null
	ssl.keystore.key = null
	ssl.keystore.location = null
	ssl.keystore.password = null
	ssl.keystore.type = JKS
	ssl.protocol = TLSv1.3
	ssl.provider = null
	ssl.secure.random.implementation = null
	ssl.trustmanager.algorithm = PKIX
	ssl.truststore.certificates = null
	ssl.truststore.location = null
	ssl.truststore.password = null
	ssl.truststore.type = JKS
	value.deserializer = class io.apicurio.registry.serde.avro.AvroKafkaDeserializer

2025-08-13 18:18:32,992 INFO  [org.apa.kaf.com.tel.int.KafkaMetricsCollector] (main) initializing Kafka metrics collector
2025-08-13 18:18:33,011 INFO  [org.apa.kaf.cli.con.ConsumerConfig] (main) These configurations '[apicurio.registry.url]' were supplied but are not used yet.
2025-08-13 18:18:33,012 INFO  [org.apa.kaf.com.uti.AppInfoParser] (main) Kafka version: 3.9.1
2025-08-13 18:18:33,012 INFO  [org.apa.kaf.com.uti.AppInfoParser] (main) Kafka commitId: f745dfdcee2b9851
2025-08-13 18:18:33,012 INFO  [org.apa.kaf.com.uti.AppInfoParser] (main) Kafka startTimeMs: 1755109113012
2025-08-13 18:18:33,012 INFO  [org.apa.kaf.cli.con.int.ClassicKafkaConsumer] (Thread-735) [Consumer clientId=consumer-Consumer-topic-a11e3fb8_6a13_4862_bb61_0938e47219e2-17, groupId=Consumer-topic-a11e3fb8_6a13_4862_bb61_0938e47219e2] Subscribed to topic(s): topic-a11e3fb8_6a13_4862_bb61_0938e47219e2
2025-08-13 18:18:33,018 INFO  [org.apa.kaf.cli.Metadata] (Thread-735) [Consumer clientId=consumer-Consumer-topic-a11e3fb8_6a13_4862_bb61_0938e47219e2-17, groupId=Consumer-topic-a11e3fb8_6a13_4862_bb61_0938e47219e2] Cluster ID: 4IlD_Sy2TMOqYF-Nc3vIHA
2025-08-13 18:18:33,020 INFO  [org.apa.kaf.cli.con.int.ConsumerCoordinator] (Thread-735) [Consumer clientId=consumer-Consumer-topic-a11e3fb8_6a13_4862_bb61_0938e47219e2-17, groupId=Consumer-topic-a11e3fb8_6a13_4862_bb61_0938e47219e2] Discovered group coordinator localhost:32769 (id: 2147483647 rack: null)
2025-08-13 18:18:33,021 INFO  [org.apa.kaf.cli.con.int.ConsumerCoordinator] (Thread-735) [Consumer clientId=consumer-Consumer-topic-a11e3fb8_6a13_4862_bb61_0938e47219e2-17, groupId=Consumer-topic-a11e3fb8_6a13_4862_bb61_0938e47219e2] (Re-)joining group
2025-08-13 18:18:33,023 INFO  [org.apa.kaf.cli.con.int.ConsumerCoordinator] (Thread-735) [Consumer clientId=consumer-Consumer-topic-a11e3fb8_6a13_4862_bb61_0938e47219e2-17, groupId=Consumer-topic-a11e3fb8_6a13_4862_bb61_0938e47219e2] Request joining group due to: need to re-join with the given member-id: consumer-Consumer-topic-a11e3fb8_6a13_4862_bb61_0938e47219e2-17-cddb49fe-85d9-4874-8be0-ddb760697218
2025-08-13 18:18:33,024 INFO  [org.apa.kaf.cli.con.int.ConsumerCoordinator] (Thread-735) [Consumer clientId=consumer-Consumer-topic-a11e3fb8_6a13_4862_bb61_0938e47219e2-17, groupId=Consumer-topic-a11e3fb8_6a13_4862_bb61_0938e47219e2] (Re-)joining group
2025-08-13 18:18:34,013 INFO  [io.api.tes.ser.api.KafkaSerdesTester] (Thread-735) None found
2025-08-13 18:18:35,014 INFO  [io.api.tes.ser.api.KafkaSerdesTester] (Thread-735) None found
2025-08-13 18:18:36,015 INFO  [io.api.tes.ser.api.KafkaSerdesTester] (Thread-735) None found
2025-08-13 18:18:36,026 INFO  [org.apa.kaf.cli.con.int.ConsumerCoordinator] (Thread-735) [Consumer clientId=consumer-Consumer-topic-a11e3fb8_6a13_4862_bb61_0938e47219e2-17, groupId=Consumer-topic-a11e3fb8_6a13_4862_bb61_0938e47219e2] Successfully joined group with generation Generation{generationId=1, memberId='consumer-Consumer-topic-a11e3fb8_6a13_4862_bb61_0938e47219e2-17-cddb49fe-85d9-4874-8be0-ddb760697218', protocol='range'}
2025-08-13 18:18:36,026 INFO  [org.apa.kaf.cli.con.int.ConsumerCoordinator] (Thread-735) [Consumer clientId=consumer-Consumer-topic-a11e3fb8_6a13_4862_bb61_0938e47219e2-17, groupId=Consumer-topic-a11e3fb8_6a13_4862_bb61_0938e47219e2] Finished assignment for group at generation 1: {consumer-Consumer-topic-a11e3fb8_6a13_4862_bb61_0938e47219e2-17-cddb49fe-85d9-4874-8be0-ddb760697218=Assignment(partitions=[topic-a11e3fb8_6a13_4862_bb61_0938e47219e2-0])}
2025-08-13 18:18:36,032 INFO  [org.apa.kaf.cli.con.int.ConsumerCoordinator] (Thread-735) [Consumer clientId=consumer-Consumer-topic-a11e3fb8_6a13_4862_bb61_0938e47219e2-17, groupId=Consumer-topic-a11e3fb8_6a13_4862_bb61_0938e47219e2] Successfully synced group in generation Generation{generationId=1, memberId='consumer-Consumer-topic-a11e3fb8_6a13_4862_bb61_0938e47219e2-17-cddb49fe-85d9-4874-8be0-ddb760697218', protocol='range'}
2025-08-13 18:18:36,032 INFO  [org.apa.kaf.cli.con.int.ConsumerCoordinator] (Thread-735) [Consumer clientId=consumer-Consumer-topic-a11e3fb8_6a13_4862_bb61_0938e47219e2-17, groupId=Consumer-topic-a11e3fb8_6a13_4862_bb61_0938e47219e2] Notifying assignor about the new Assignment(partitions=[topic-a11e3fb8_6a13_4862_bb61_0938e47219e2-0])
2025-08-13 18:18:36,032 INFO  [org.apa.kaf.cli.con.int.ConsumerRebalanceListenerInvoker] (Thread-735) [Consumer clientId=consumer-Consumer-topic-a11e3fb8_6a13_4862_bb61_0938e47219e2-17, groupId=Consumer-topic-a11e3fb8_6a13_4862_bb61_0938e47219e2] Adding newly assigned partitions: topic-a11e3fb8_6a13_4862_bb61_0938e47219e2-0
2025-08-13 18:18:36,033 INFO  [org.apa.kaf.cli.con.int.ConsumerCoordinator] (Thread-735) [Consumer clientId=consumer-Consumer-topic-a11e3fb8_6a13_4862_bb61_0938e47219e2-17, groupId=Consumer-topic-a11e3fb8_6a13_4862_bb61_0938e47219e2] Found no committed offset for partition topic-a11e3fb8_6a13_4862_bb61_0938e47219e2-0
2025-08-13 18:18:36,037 INFO  [org.apa.kaf.cli.con.int.SubscriptionState] (Thread-735) [Consumer clientId=consumer-Consumer-topic-a11e3fb8_6a13_4862_bb61_0938e47219e2-17, groupId=Consumer-topic-a11e3fb8_6a13_4862_bb61_0938e47219e2] Resetting offset for partition topic-a11e3fb8_6a13_4862_bb61_0938e47219e2-0 to position FetchPosition{offset=0, offsetEpoch=Optional.empty, currentLeader=LeaderAndEpoch{leader=Optional[localhost:32769 (id: 0 rack: null)], epoch=0}}.
2025-08-13 18:18:36,074 INFO  [io.api.tes.ser.api.KafkaSerdesTester] (Thread-735) topic-a11e3fb8_6a13_4862_bb61_0938e47219e2 0 0 {"username": null}
2025-08-13 18:18:36,074 INFO  [io.api.tes.ser.api.KafkaSerdesTester] (Thread-735) topic-a11e3fb8_6a13_4862_bb61_0938e47219e2 0 1 {"username": null}
2025-08-13 18:18:36,074 INFO  [io.api.tes.ser.api.KafkaSerdesTester] (Thread-735) topic-a11e3fb8_6a13_4862_bb61_0938e47219e2 0 2 {"username": "value-2"}
2025-08-13 18:18:36,074 INFO  [io.api.tes.ser.api.KafkaSerdesTester] (Thread-735) topic-a11e3fb8_6a13_4862_bb61_0938e47219e2 0 3 {"username": null}
2025-08-13 18:18:36,074 INFO  [io.api.tes.ser.api.KafkaSerdesTester] (Thread-735) topic-a11e3fb8_6a13_4862_bb61_0938e47219e2 0 4 {"username": "value-4"}
2025-08-13 18:18:36,074 INFO  [io.api.tes.ser.api.KafkaSerdesTester] (Thread-735) topic-a11e3fb8_6a13_4862_bb61_0938e47219e2 0 5 {"username": null}
2025-08-13 18:18:36,074 INFO  [io.api.tes.ser.api.KafkaSerdesTester] (Thread-735) topic-a11e3fb8_6a13_4862_bb61_0938e47219e2 0 6 {"username": "value-6"}
2025-08-13 18:18:36,074 INFO  [io.api.tes.ser.api.KafkaSerdesTester] (Thread-735) topic-a11e3fb8_6a13_4862_bb61_0938e47219e2 0 7 {"username": null}
2025-08-13 18:18:36,074 INFO  [io.api.tes.ser.api.KafkaSerdesTester] (Thread-735) topic-a11e3fb8_6a13_4862_bb61_0938e47219e2 0 8 {"username": "value-8"}
2025-08-13 18:18:36,074 INFO  [io.api.tes.ser.api.KafkaSerdesTester] (Thread-735) topic-a11e3fb8_6a13_4862_bb61_0938e47219e2 0 9 {"username": null}
2025-08-13 18:18:36,074 INFO  [io.api.tes.ser.api.KafkaSerdesTester] (Thread-735) Consumed 10 messages
2025-08-13 18:18:36,082 INFO  [org.apa.kaf.cli.con.int.ConsumerRebalanceListenerInvoker] (Thread-735) [Consumer clientId=consumer-Consumer-topic-a11e3fb8_6a13_4862_bb61_0938e47219e2-17, groupId=Consumer-topic-a11e3fb8_6a13_4862_bb61_0938e47219e2] Revoke previously assigned partitions topic-a11e3fb8_6a13_4862_bb61_0938e47219e2-0
2025-08-13 18:18:36,082 INFO  [org.apa.kaf.cli.con.int.ConsumerCoordinator] (Thread-735) [Consumer clientId=consumer-Consumer-topic-a11e3fb8_6a13_4862_bb61_0938e47219e2-17, groupId=Consumer-topic-a11e3fb8_6a13_4862_bb61_0938e47219e2] Member consumer-Consumer-topic-a11e3fb8_6a13_4862_bb61_0938e47219e2-17-cddb49fe-85d9-4874-8be0-ddb760697218 sending LeaveGroup request to coordinator localhost:32769 (id: 2147483647 rack: null) due to the consumer is being closed
2025-08-13 18:18:36,082 INFO  [org.apa.kaf.cli.con.int.ConsumerCoordinator] (Thread-735) [Consumer clientId=consumer-Consumer-topic-a11e3fb8_6a13_4862_bb61_0938e47219e2-17, groupId=Consumer-topic-a11e3fb8_6a13_4862_bb61_0938e47219e2] Resetting generation and member id due to: consumer pro-actively leaving the group
2025-08-13 18:18:36,082 INFO  [org.apa.kaf.cli.con.int.ConsumerCoordinator] (Thread-735) [Consumer clientId=consumer-Consumer-topic-a11e3fb8_6a13_4862_bb61_0938e47219e2-17, groupId=Consumer-topic-a11e3fb8_6a13_4862_bb61_0938e47219e2] Request joining group due to: consumer pro-actively leaving the group
2025-08-13 18:18:36,576 INFO  [org.apa.kaf.com.met.Metrics] (Thread-735) Metrics scheduler closed
2025-08-13 18:18:36,576 INFO  [org.apa.kaf.com.met.Metrics] (Thread-735) Closing reporter org.apache.kafka.common.metrics.JmxReporter
2025-08-13 18:18:36,576 INFO  [org.apa.kaf.com.met.Metrics] (Thread-735) Closing reporter org.apache.kafka.common.telemetry.internals.ClientTelemetryReporter
2025-08-13 18:18:36,576 INFO  [org.apa.kaf.com.met.Metrics] (Thread-735) Metrics reporters closed
2025-08-13 18:18:36,579 INFO  [org.apa.kaf.com.uti.AppInfoParser] (Thread-735) App info kafka.consumer for consumer-Consumer-topic-a11e3fb8_6a13_4862_bb61_0938e47219e2-17 unregistered
2025-08-13 18:18:36,579 INFO  [io.api.tes.uti.TestSeparator] (main) io.apicurio.tests.serdes.apicurio.AvroSerdeIT.testFirstEmptyFieldConfusedAsMagicByte-FINISHED
2025-08-13 18:18:36,579 INFO  [io.api.tes.uti.TestSeparator] (main) ############################################################################
Test passed: testFirstEmptyFieldConfusedAsMagicByte
]]></system-out>
  </testcase>
  <testcase name="testAvroSerDesFailDifferentSchemaByContent" classname="io.apicurio.tests.serdes.apicurio.AvroSerdeIT" time="1.088">
    <system-out><![CDATA[2025-08-13 18:18:36,581 INFO  [io.api.tes.uti.TestSeparator] (main) ############################################################################
2025-08-13 18:18:36,581 INFO  [io.api.tes.uti.TestSeparator] (main) io.apicurio.tests.serdes.apicurio.AvroSerdeIT.testAvroSerDesFailDifferentSchemaByContent-STARTED
**** Registry Base URL: http://registry-app-inmemory.apps.ci419.apicurio-testing.org:80
2025-08-13 18:18:37,614 INFO  [org.apa.kaf.cli.pro.ProducerConfig] (main) ProducerConfig values: 
	acks = -1
	auto.include.jmx.reporter = true
	batch.size = 16384
	bootstrap.servers = [PLAINTEXT://localhost:32769]
	buffer.memory = 33554432
	client.dns.lookup = use_all_dns_ips
	client.id = Producer-topic-70ab24b0_33c6_4a44_a7a2_378106fbb5c5
	compression.gzip.level = -1
	compression.lz4.level = 9
	compression.type = none
	compression.zstd.level = 3
	connections.max.idle.ms = 10000
	delivery.timeout.ms = 120000
	enable.idempotence = true
	enable.metrics.push = true
	interceptor.classes = []
	key.serializer = class org.apache.kafka.common.serialization.StringSerializer
	linger.ms = 0
	max.block.ms = 60000
	max.in.flight.requests.per.connection = 5
	max.request.size = 1048576
	metadata.max.age.ms = 300000
	metadata.max.idle.ms = 300000
	metadata.recovery.strategy = none
	metric.reporters = []
	metrics.num.samples = 2
	metrics.recording.level = INFO
	metrics.sample.window.ms = 30000
	partitioner.adaptive.partitioning.enable = true
	partitioner.availability.timeout.ms = 0
	partitioner.class = null
	partitioner.ignore.keys = false
	receive.buffer.bytes = 32768
	reconnect.backoff.max.ms = 1000
	reconnect.backoff.ms = 50
	request.timeout.ms = 5000
	retries = 2147483647
	retry.backoff.max.ms = 1000
	retry.backoff.ms = 100
	sasl.client.callback.handler.class = null
	sasl.jaas.config = null
	sasl.kerberos.kinit.cmd = /usr/bin/kinit
	sasl.kerberos.min.time.before.relogin = 60000
	sasl.kerberos.service.name = null
	sasl.kerberos.ticket.renew.jitter = 0.05
	sasl.kerberos.ticket.renew.window.factor = 0.8
	sasl.login.callback.handler.class = null
	sasl.login.class = null
	sasl.login.connect.timeout.ms = null
	sasl.login.read.timeout.ms = null
	sasl.login.refresh.buffer.seconds = 300
	sasl.login.refresh.min.period.seconds = 60
	sasl.login.refresh.window.factor = 0.8
	sasl.login.refresh.window.jitter = 0.05
	sasl.login.retry.backoff.max.ms = 10000
	sasl.login.retry.backoff.ms = 100
	sasl.mechanism = GSSAPI
	sasl.oauthbearer.clock.skew.seconds = 30
	sasl.oauthbearer.expected.audience = null
	sasl.oauthbearer.expected.issuer = null
	sasl.oauthbearer.header.urlencode = false
	sasl.oauthbearer.jwks.endpoint.refresh.ms = 3600000
	sasl.oauthbearer.jwks.endpoint.retry.backoff.max.ms = 10000
	sasl.oauthbearer.jwks.endpoint.retry.backoff.ms = 100
	sasl.oauthbearer.jwks.endpoint.url = null
	sasl.oauthbearer.scope.claim.name = scope
	sasl.oauthbearer.sub.claim.name = sub
	sasl.oauthbearer.token.endpoint.url = null
	security.protocol = PLAINTEXT
	security.providers = null
	send.buffer.bytes = 131072
	socket.connection.setup.timeout.max.ms = 30000
	socket.connection.setup.timeout.ms = 10000
	ssl.cipher.suites = null
	ssl.enabled.protocols = [TLSv1.2, TLSv1.3]
	ssl.endpoint.identification.algorithm = https
	ssl.engine.factory.class = null
	ssl.key.password = null
	ssl.keymanager.algorithm = SunX509
	ssl.keystore.certificate.chain = null
	ssl.keystore.key = null
	ssl.keystore.location = null
	ssl.keystore.password = null
	ssl.keystore.type = JKS
	ssl.protocol = TLSv1.3
	ssl.provider = null
	ssl.secure.random.implementation = null
	ssl.trustmanager.algorithm = PKIX
	ssl.truststore.certificates = null
	ssl.truststore.location = null
	ssl.truststore.password = null
	ssl.truststore.type = JKS
	transaction.timeout.ms = 60000
	transactional.id = null
	value.serializer = class io.apicurio.registry.serde.avro.AvroKafkaSerializer

2025-08-13 18:18:37,614 INFO  [org.apa.kaf.com.tel.int.KafkaMetricsCollector] (main) initializing Kafka metrics collector
2025-08-13 18:18:37,617 INFO  [org.apa.kaf.cli.pro.KafkaProducer] (main) [Producer clientId=Producer-topic-70ab24b0_33c6_4a44_a7a2_378106fbb5c5] Instantiated an idempotent producer.
2025-08-13 18:18:37,618 INFO  [org.apa.kaf.cli.pro.ProducerConfig] (main) These configurations '[apicurio.registry.url, apicurio.registry.artifact-resolver-strategy]' were supplied but are not used yet.
2025-08-13 18:18:37,618 INFO  [org.apa.kaf.com.uti.AppInfoParser] (main) Kafka version: 3.9.1
2025-08-13 18:18:37,618 INFO  [org.apa.kaf.com.uti.AppInfoParser] (main) Kafka commitId: f745dfdcee2b9851
2025-08-13 18:18:37,618 INFO  [org.apa.kaf.com.uti.AppInfoParser] (main) Kafka startTimeMs: 1755109117618
2025-08-13 18:18:37,619 INFO  [io.api.tes.ser.api.KafkaSerdesTester] (Thread-738) Sending message {"keyB": "value-0"} to topic topic-70ab24b0_33c6_4a44_a7a2_378106fbb5c5
2025-08-13 18:18:37,622 INFO  [org.apa.kaf.cli.Metadata] (kafka-producer-network-thread | Producer-topic-70ab24b0_33c6_4a44_a7a2_378106fbb5c5) [Producer clientId=Producer-topic-70ab24b0_33c6_4a44_a7a2_378106fbb5c5] Cluster ID: 4IlD_Sy2TMOqYF-Nc3vIHA
2025-08-13 18:18:37,622 INFO  [org.apa.kaf.cli.pro.int.TransactionManager] (kafka-producer-network-thread | Producer-topic-70ab24b0_33c6_4a44_a7a2_378106fbb5c5) [Producer clientId=Producer-topic-70ab24b0_33c6_4a44_a7a2_378106fbb5c5] ProducerId set to 24 with epoch 0
2025-08-13 18:18:37,622 INFO  [DefaultSchemaResolver] (Thread-738) Retrieving schema content using string: {"type":"record","name":"s3e5dc51fxd78ex4bd7x8f33xcc9296bb15da","namespace":"s043a4c8ex127fx4dd3xb5caxeeaf20239d2c","fields":[{"name":"keyB","type":"string"}]}
2025-08-13 18:18:37,665 INFO  [org.apa.kaf.cli.pro.KafkaProducer] (Thread-738) [Producer clientId=Producer-topic-70ab24b0_33c6_4a44_a7a2_378106fbb5c5] Closing the Kafka producer with timeoutMillis = 9223372036854775807 ms.
2025-08-13 18:18:37,666 INFO  [org.apa.kaf.com.met.Metrics] (Thread-738) Metrics scheduler closed
2025-08-13 18:18:37,666 INFO  [org.apa.kaf.com.met.Metrics] (Thread-738) Closing reporter org.apache.kafka.common.metrics.JmxReporter
2025-08-13 18:18:37,667 INFO  [org.apa.kaf.com.met.Metrics] (Thread-738) Closing reporter org.apache.kafka.common.telemetry.internals.ClientTelemetryReporter
2025-08-13 18:18:37,667 INFO  [org.apa.kaf.com.met.Metrics] (Thread-738) Metrics reporters closed
2025-08-13 18:18:37,667 INFO  [org.apa.kaf.com.uti.AppInfoParser] (Thread-738) App info kafka.producer for Producer-topic-70ab24b0_33c6_4a44_a7a2_378106fbb5c5 unregistered
2025-08-13 18:18:37,667 INFO  [io.api.tes.uti.TestSeparator] (main) io.apicurio.tests.serdes.apicurio.AvroSerdeIT.testAvroSerDesFailDifferentSchemaByContent-FINISHED
2025-08-13 18:18:37,667 INFO  [io.api.tes.uti.TestSeparator] (main) ############################################################################
Test passed: testAvroSerDesFailDifferentSchemaByContent
]]></system-out>
    <system-err><![CDATA[java.lang.RuntimeException: Could not resolve artifact reference by content: {"type":"record","name":"s3e5dc51fxd78ex4bd7x8f33xcc9296bb15da","namespace":"s043a4c8ex127fx4dd3xb5caxeeaf20239d2c","fields":[{"name":"keyB","type":"string"}]}&ArtifactReference [groupId=s043a4c8ex127fx4dd3xb5caxeeaf20239d2c, artifactId=s3e5dc51fxd78ex4bd7x8f33xcc9296bb15da, version=null, globalId=null, contentId=null, contentHash=null]
	at io.apicurio.registry.resolver.DefaultSchemaResolver.lambda$handleResolveSchemaByContent$3(DefaultSchemaResolver.java:265)
	at io.apicurio.registry.resolver.cache.ERCache.lambda$getValue$0(ERCache.java:174)
	at io.apicurio.registry.resolver.cache.ERCache.retry(ERCache.java:227)
	at io.apicurio.registry.resolver.cache.ERCache.getValue(ERCache.java:173)
	at io.apicurio.registry.resolver.cache.ERCache.getByContent(ERCache.java:147)
	at io.apicurio.registry.resolver.DefaultSchemaResolver.handleResolveSchemaByContent(DefaultSchemaResolver.java:253)
	at io.apicurio.registry.resolver.DefaultSchemaResolver.getSchemaFromRegistry(DefaultSchemaResolver.java:138)
	at io.apicurio.registry.resolver.DefaultSchemaResolver.lambda$resolveSchema$0(DefaultSchemaResolver.java:84)
	at java.base/java.util.Optional.orElseGet(Optional.java:364)
	at io.apicurio.registry.resolver.DefaultSchemaResolver.resolveSchema(DefaultSchemaResolver.java:84)
	at io.apicurio.registry.serde.AbstractSerializer.serializeData(AbstractSerializer.java:62)
	at io.apicurio.registry.serde.KafkaSerializer.serialize(KafkaSerializer.java:77)
	at org.apache.kafka.clients.producer.KafkaProducer.doSend(KafkaProducer.java:1046)
	at org.apache.kafka.clients.producer.KafkaProducer.send(KafkaProducer.java:993)
	at org.apache.kafka.clients.producer.KafkaProducer.send(KafkaProducer.java:875)
	at io.apicurio.tests.serdes.apicurio.KafkaSerdesTester.lambda$produceMessages$3(KafkaSerdesTester.java:138)
	at java.base/java.util.concurrent.CompletableFuture$AsyncSupply.run(CompletableFuture.java:1768)
	at java.base/java.lang.Thread.run(Thread.java:840)
]]></system-err>
  </testcase>
  <testcase name="testGlobalIdInBody" classname="io.apicurio.tests.serdes.apicurio.AvroSerdeIT" time="3.798">
    <system-out><![CDATA[2025-08-13 18:18:37,669 INFO  [io.api.tes.uti.TestSeparator] (main) ############################################################################
2025-08-13 18:18:37,669 INFO  [io.api.tes.uti.TestSeparator] (main) io.apicurio.tests.serdes.apicurio.AvroSerdeIT.testGlobalIdInBody-STARTED
**** Registry Base URL: http://registry-app-inmemory.apps.ci419.apicurio-testing.org:80
2025-08-13 18:18:37,673 INFO  [org.apa.kaf.cli.pro.ProducerConfig] (main) ProducerConfig values: 
	acks = -1
	auto.include.jmx.reporter = true
	batch.size = 16384
	bootstrap.servers = [PLAINTEXT://localhost:32769]
	buffer.memory = 33554432
	client.dns.lookup = use_all_dns_ips
	client.id = Producer-topic-7fb6462f_657d_497f_8e49_5adc7089eab3
	compression.gzip.level = -1
	compression.lz4.level = 9
	compression.type = none
	compression.zstd.level = 3
	connections.max.idle.ms = 10000
	delivery.timeout.ms = 120000
	enable.idempotence = true
	enable.metrics.push = true
	interceptor.classes = []
	key.serializer = class org.apache.kafka.common.serialization.StringSerializer
	linger.ms = 0
	max.block.ms = 60000
	max.in.flight.requests.per.connection = 5
	max.request.size = 1048576
	metadata.max.age.ms = 300000
	metadata.max.idle.ms = 300000
	metadata.recovery.strategy = none
	metric.reporters = []
	metrics.num.samples = 2
	metrics.recording.level = INFO
	metrics.sample.window.ms = 30000
	partitioner.adaptive.partitioning.enable = true
	partitioner.availability.timeout.ms = 0
	partitioner.class = null
	partitioner.ignore.keys = false
	receive.buffer.bytes = 32768
	reconnect.backoff.max.ms = 1000
	reconnect.backoff.ms = 50
	request.timeout.ms = 5000
	retries = 2147483647
	retry.backoff.max.ms = 1000
	retry.backoff.ms = 100
	sasl.client.callback.handler.class = null
	sasl.jaas.config = null
	sasl.kerberos.kinit.cmd = /usr/bin/kinit
	sasl.kerberos.min.time.before.relogin = 60000
	sasl.kerberos.service.name = null
	sasl.kerberos.ticket.renew.jitter = 0.05
	sasl.kerberos.ticket.renew.window.factor = 0.8
	sasl.login.callback.handler.class = null
	sasl.login.class = null
	sasl.login.connect.timeout.ms = null
	sasl.login.read.timeout.ms = null
	sasl.login.refresh.buffer.seconds = 300
	sasl.login.refresh.min.period.seconds = 60
	sasl.login.refresh.window.factor = 0.8
	sasl.login.refresh.window.jitter = 0.05
	sasl.login.retry.backoff.max.ms = 10000
	sasl.login.retry.backoff.ms = 100
	sasl.mechanism = GSSAPI
	sasl.oauthbearer.clock.skew.seconds = 30
	sasl.oauthbearer.expected.audience = null
	sasl.oauthbearer.expected.issuer = null
	sasl.oauthbearer.header.urlencode = false
	sasl.oauthbearer.jwks.endpoint.refresh.ms = 3600000
	sasl.oauthbearer.jwks.endpoint.retry.backoff.max.ms = 10000
	sasl.oauthbearer.jwks.endpoint.retry.backoff.ms = 100
	sasl.oauthbearer.jwks.endpoint.url = null
	sasl.oauthbearer.scope.claim.name = scope
	sasl.oauthbearer.sub.claim.name = sub
	sasl.oauthbearer.token.endpoint.url = null
	security.protocol = PLAINTEXT
	security.providers = null
	send.buffer.bytes = 131072
	socket.connection.setup.timeout.max.ms = 30000
	socket.connection.setup.timeout.ms = 10000
	ssl.cipher.suites = null
	ssl.enabled.protocols = [TLSv1.2, TLSv1.3]
	ssl.endpoint.identification.algorithm = https
	ssl.engine.factory.class = null
	ssl.key.password = null
	ssl.keymanager.algorithm = SunX509
	ssl.keystore.certificate.chain = null
	ssl.keystore.key = null
	ssl.keystore.location = null
	ssl.keystore.password = null
	ssl.keystore.type = JKS
	ssl.protocol = TLSv1.3
	ssl.provider = null
	ssl.secure.random.implementation = null
	ssl.trustmanager.algorithm = PKIX
	ssl.truststore.certificates = null
	ssl.truststore.location = null
	ssl.truststore.password = null
	ssl.truststore.type = JKS
	transaction.timeout.ms = 60000
	transactional.id = null
	value.serializer = class io.apicurio.registry.serde.avro.AvroKafkaSerializer

2025-08-13 18:18:37,674 INFO  [org.apa.kaf.com.tel.int.KafkaMetricsCollector] (main) initializing Kafka metrics collector
2025-08-13 18:18:37,683 INFO  [org.apa.kaf.cli.pro.KafkaProducer] (main) [Producer clientId=Producer-topic-7fb6462f_657d_497f_8e49_5adc7089eab3] Instantiated an idempotent producer.
2025-08-13 18:18:37,689 INFO  [org.apa.kaf.cli.pro.ProducerConfig] (main) These configurations '[apicurio.registry.url, apicurio.registry.auto-register, apicurio.registry.use-id, apicurio.registry.artifact-resolver-strategy]' were supplied but are not used yet.
2025-08-13 18:18:37,689 INFO  [org.apa.kaf.com.uti.AppInfoParser] (main) Kafka version: 3.9.1
2025-08-13 18:18:37,689 INFO  [org.apa.kaf.com.uti.AppInfoParser] (main) Kafka commitId: f745dfdcee2b9851
2025-08-13 18:18:37,689 INFO  [org.apa.kaf.com.uti.AppInfoParser] (main) Kafka startTimeMs: 1755109117689
2025-08-13 18:18:37,690 INFO  [io.api.tes.ser.api.SimpleSerdesTesterBuilder$SimpleSerdesTester] (main) Using producer configuration: {apicurio.registry.url=http://registry-app-inmemory.apps.ci419.apicurio-testing.org:80/apis/registry/v3, apicurio.registry.auto-register=true, apicurio.registry.use-id=globalId, apicurio.registry.artifact-resolver-strategy=io.apicurio.registry.serde.strategy.TopicIdStrategy, value.serializer=io.apicurio.registry.serde.avro.AvroKafkaSerializer, request.timeout.ms=5000, acks=all, bootstrap.servers=PLAINTEXT://localhost:32769, connections.max.idle.ms=10000, key.serializer=org.apache.kafka.common.serialization.StringSerializer, client.id=Producer-topic-7fb6462f_657d_497f_8e49_5adc7089eab3}
2025-08-13 18:18:37,690 INFO  [io.api.tes.ser.api.SimpleSerdesTesterBuilder$SimpleSerdesTester] (main) Using consumer configuration: {apicurio.registry.use-id=globalId}
2025-08-13 18:18:37,691 INFO  [io.api.tes.ser.api.KafkaSerdesTester] (Thread-741) Sending message {"key11755109117672": "value-0"} to topic topic-7fb6462f_657d_497f_8e49_5adc7089eab3
2025-08-13 18:18:37,695 WARN  [org.apa.kaf.cli.NetworkClient] (kafka-producer-network-thread | Producer-topic-7fb6462f_657d_497f_8e49_5adc7089eab3) [Producer clientId=Producer-topic-7fb6462f_657d_497f_8e49_5adc7089eab3] The metadata response from the cluster reported a recoverable issue with correlation id 1 : {topic-7fb6462f_657d_497f_8e49_5adc7089eab3=UNKNOWN_TOPIC_OR_PARTITION}
2025-08-13 18:18:37,695 INFO  [org.apa.kaf.cli.Metadata] (kafka-producer-network-thread | Producer-topic-7fb6462f_657d_497f_8e49_5adc7089eab3) [Producer clientId=Producer-topic-7fb6462f_657d_497f_8e49_5adc7089eab3] Cluster ID: 4IlD_Sy2TMOqYF-Nc3vIHA
2025-08-13 18:18:37,695 INFO  [org.apa.kaf.cli.pro.int.TransactionManager] (kafka-producer-network-thread | Producer-topic-7fb6462f_657d_497f_8e49_5adc7089eab3) [Producer clientId=Producer-topic-7fb6462f_657d_497f_8e49_5adc7089eab3] ProducerId set to 25 with epoch 0
2025-08-13 18:18:37,851 INFO  [io.api.tes.ser.api.KafkaSerdesTester] (Thread-741) Sending message {"key11755109117672": "value-1"} to topic topic-7fb6462f_657d_497f_8e49_5adc7089eab3
2025-08-13 18:18:37,852 INFO  [io.api.tes.ser.api.KafkaSerdesTester] (Thread-741) Sending message {"key11755109117672": "value-2"} to topic topic-7fb6462f_657d_497f_8e49_5adc7089eab3
2025-08-13 18:18:37,853 INFO  [io.api.tes.ser.api.KafkaSerdesTester] (Thread-741) Sending message {"key11755109117672": "value-3"} to topic topic-7fb6462f_657d_497f_8e49_5adc7089eab3
2025-08-13 18:18:37,855 INFO  [io.api.tes.ser.api.KafkaSerdesTester] (Thread-741) Sending message {"key11755109117672": "value-4"} to topic topic-7fb6462f_657d_497f_8e49_5adc7089eab3
2025-08-13 18:18:37,856 INFO  [io.api.tes.ser.api.KafkaSerdesTester] (Thread-741) Sending message {"key11755109117672": "value-5"} to topic topic-7fb6462f_657d_497f_8e49_5adc7089eab3
2025-08-13 18:18:37,859 INFO  [io.api.tes.ser.api.KafkaSerdesTester] (Thread-741) Sending message {"key11755109117672": "value-6"} to topic topic-7fb6462f_657d_497f_8e49_5adc7089eab3
2025-08-13 18:18:37,860 INFO  [io.api.tes.ser.api.KafkaSerdesTester] (Thread-741) Sending message {"key11755109117672": "value-7"} to topic topic-7fb6462f_657d_497f_8e49_5adc7089eab3
2025-08-13 18:18:37,861 INFO  [io.api.tes.ser.api.KafkaSerdesTester] (Thread-741) Sending message {"key11755109117672": "value-8"} to topic topic-7fb6462f_657d_497f_8e49_5adc7089eab3
2025-08-13 18:18:37,867 INFO  [io.api.tes.ser.api.KafkaSerdesTester] (Thread-741) Sending message {"key11755109117672": "value-9"} to topic topic-7fb6462f_657d_497f_8e49_5adc7089eab3
2025-08-13 18:18:37,868 INFO  [io.api.tes.ser.api.KafkaSerdesTester] (Thread-741) Produced 10 messages
2025-08-13 18:18:37,868 INFO  [org.apa.kaf.cli.pro.KafkaProducer] (Thread-741) [Producer clientId=Producer-topic-7fb6462f_657d_497f_8e49_5adc7089eab3] Closing the Kafka producer with timeoutMillis = 9223372036854775807 ms.
2025-08-13 18:18:37,870 INFO  [org.apa.kaf.com.met.Metrics] (Thread-741) Metrics scheduler closed
2025-08-13 18:18:37,871 INFO  [org.apa.kaf.com.met.Metrics] (Thread-741) Closing reporter org.apache.kafka.common.metrics.JmxReporter
2025-08-13 18:18:37,871 INFO  [org.apa.kaf.com.met.Metrics] (Thread-741) Closing reporter org.apache.kafka.common.telemetry.internals.ClientTelemetryReporter
2025-08-13 18:18:37,871 INFO  [org.apa.kaf.com.met.Metrics] (Thread-741) Metrics reporters closed
2025-08-13 18:18:37,872 INFO  [org.apa.kaf.com.uti.AppInfoParser] (Thread-741) App info kafka.producer for Producer-topic-7fb6462f_657d_497f_8e49_5adc7089eab3 unregistered
**** Registry Base URL: http://registry-app-inmemory.apps.ci419.apicurio-testing.org:80
2025-08-13 18:18:37,896 INFO  [org.apa.kaf.cli.con.ConsumerConfig] (main) ConsumerConfig values: 
	allow.auto.create.topics = true
	auto.commit.interval.ms = 500
	auto.include.jmx.reporter = true
	auto.offset.reset = earliest
	bootstrap.servers = [PLAINTEXT://localhost:32769]
	check.crcs = true
	client.dns.lookup = use_all_dns_ips
	client.id = consumer-Consumer-topic-7fb6462f_657d_497f_8e49_5adc7089eab3-18
	client.rack = 
	connections.max.idle.ms = 10000
	default.api.timeout.ms = 60000
	enable.auto.commit = true
	enable.metrics.push = true
	exclude.internal.topics = true
	fetch.max.bytes = 52428800
	fetch.max.wait.ms = 500
	fetch.min.bytes = 1
	group.id = Consumer-topic-7fb6462f_657d_497f_8e49_5adc7089eab3
	group.instance.id = null
	group.protocol = classic
	group.remote.assignor = null
	heartbeat.interval.ms = 3000
	interceptor.classes = []
	internal.leave.group.on.close = true
	internal.throw.on.fetch.stable.offset.unsupported = false
	isolation.level = read_uncommitted
	key.deserializer = class org.apache.kafka.common.serialization.StringDeserializer
	max.partition.fetch.bytes = 1048576
	max.poll.interval.ms = 300000
	max.poll.records = 500
	metadata.max.age.ms = 300000
	metadata.recovery.strategy = none
	metric.reporters = []
	metrics.num.samples = 2
	metrics.recording.level = INFO
	metrics.sample.window.ms = 30000
	partition.assignment.strategy = [class org.apache.kafka.clients.consumer.RangeAssignor, class org.apache.kafka.clients.consumer.CooperativeStickyAssignor]
	receive.buffer.bytes = 65536
	reconnect.backoff.max.ms = 1000
	reconnect.backoff.ms = 50
	request.timeout.ms = 5000
	retry.backoff.max.ms = 1000
	retry.backoff.ms = 100
	sasl.client.callback.handler.class = null
	sasl.jaas.config = null
	sasl.kerberos.kinit.cmd = /usr/bin/kinit
	sasl.kerberos.min.time.before.relogin = 60000
	sasl.kerberos.service.name = null
	sasl.kerberos.ticket.renew.jitter = 0.05
	sasl.kerberos.ticket.renew.window.factor = 0.8
	sasl.login.callback.handler.class = null
	sasl.login.class = null
	sasl.login.connect.timeout.ms = null
	sasl.login.read.timeout.ms = null
	sasl.login.refresh.buffer.seconds = 300
	sasl.login.refresh.min.period.seconds = 60
	sasl.login.refresh.window.factor = 0.8
	sasl.login.refresh.window.jitter = 0.05
	sasl.login.retry.backoff.max.ms = 10000
	sasl.login.retry.backoff.ms = 100
	sasl.mechanism = GSSAPI
	sasl.oauthbearer.clock.skew.seconds = 30
	sasl.oauthbearer.expected.audience = null
	sasl.oauthbearer.expected.issuer = null
	sasl.oauthbearer.header.urlencode = false
	sasl.oauthbearer.jwks.endpoint.refresh.ms = 3600000
	sasl.oauthbearer.jwks.endpoint.retry.backoff.max.ms = 10000
	sasl.oauthbearer.jwks.endpoint.retry.backoff.ms = 100
	sasl.oauthbearer.jwks.endpoint.url = null
	sasl.oauthbearer.scope.claim.name = scope
	sasl.oauthbearer.sub.claim.name = sub
	sasl.oauthbearer.token.endpoint.url = null
	security.protocol = PLAINTEXT
	security.providers = null
	send.buffer.bytes = 131072
	session.timeout.ms = 45000
	socket.connection.setup.timeout.max.ms = 30000
	socket.connection.setup.timeout.ms = 10000
	ssl.cipher.suites = null
	ssl.enabled.protocols = [TLSv1.2, TLSv1.3]
	ssl.endpoint.identification.algorithm = https
	ssl.engine.factory.class = null
	ssl.key.password = null
	ssl.keymanager.algorithm = SunX509
	ssl.keystore.certificate.chain = null
	ssl.keystore.key = null
	ssl.keystore.location = null
	ssl.keystore.password = null
	ssl.keystore.type = JKS
	ssl.protocol = TLSv1.3
	ssl.provider = null
	ssl.secure.random.implementation = null
	ssl.trustmanager.algorithm = PKIX
	ssl.truststore.certificates = null
	ssl.truststore.location = null
	ssl.truststore.password = null
	ssl.truststore.type = JKS
	value.deserializer = class io.apicurio.registry.serde.avro.AvroKafkaDeserializer

2025-08-13 18:18:37,896 INFO  [org.apa.kaf.com.tel.int.KafkaMetricsCollector] (main) initializing Kafka metrics collector
2025-08-13 18:18:37,900 INFO  [org.apa.kaf.cli.con.ConsumerConfig] (main) These configurations '[apicurio.registry.url, apicurio.registry.use-id]' were supplied but are not used yet.
2025-08-13 18:18:37,900 INFO  [org.apa.kaf.com.uti.AppInfoParser] (main) Kafka version: 3.9.1
2025-08-13 18:18:37,900 INFO  [org.apa.kaf.com.uti.AppInfoParser] (main) Kafka commitId: f745dfdcee2b9851
2025-08-13 18:18:37,900 INFO  [org.apa.kaf.com.uti.AppInfoParser] (main) Kafka startTimeMs: 1755109117900
2025-08-13 18:18:37,901 INFO  [org.apa.kaf.cli.con.int.ClassicKafkaConsumer] (Thread-744) [Consumer clientId=consumer-Consumer-topic-7fb6462f_657d_497f_8e49_5adc7089eab3-18, groupId=Consumer-topic-7fb6462f_657d_497f_8e49_5adc7089eab3] Subscribed to topic(s): topic-7fb6462f_657d_497f_8e49_5adc7089eab3
2025-08-13 18:18:37,905 INFO  [org.apa.kaf.cli.Metadata] (Thread-744) [Consumer clientId=consumer-Consumer-topic-7fb6462f_657d_497f_8e49_5adc7089eab3-18, groupId=Consumer-topic-7fb6462f_657d_497f_8e49_5adc7089eab3] Cluster ID: 4IlD_Sy2TMOqYF-Nc3vIHA
2025-08-13 18:18:37,906 INFO  [org.apa.kaf.cli.con.int.ConsumerCoordinator] (Thread-744) [Consumer clientId=consumer-Consumer-topic-7fb6462f_657d_497f_8e49_5adc7089eab3-18, groupId=Consumer-topic-7fb6462f_657d_497f_8e49_5adc7089eab3] Discovered group coordinator localhost:32769 (id: 2147483647 rack: null)
2025-08-13 18:18:37,907 INFO  [org.apa.kaf.cli.con.int.ConsumerCoordinator] (Thread-744) [Consumer clientId=consumer-Consumer-topic-7fb6462f_657d_497f_8e49_5adc7089eab3-18, groupId=Consumer-topic-7fb6462f_657d_497f_8e49_5adc7089eab3] (Re-)joining group
2025-08-13 18:18:37,909 INFO  [org.apa.kaf.cli.con.int.ConsumerCoordinator] (Thread-744) [Consumer clientId=consumer-Consumer-topic-7fb6462f_657d_497f_8e49_5adc7089eab3-18, groupId=Consumer-topic-7fb6462f_657d_497f_8e49_5adc7089eab3] Request joining group due to: need to re-join with the given member-id: consumer-Consumer-topic-7fb6462f_657d_497f_8e49_5adc7089eab3-18-fcb07307-8ba8-41dc-8fc8-196e906fcbb9
2025-08-13 18:18:37,909 INFO  [org.apa.kaf.cli.con.int.ConsumerCoordinator] (Thread-744) [Consumer clientId=consumer-Consumer-topic-7fb6462f_657d_497f_8e49_5adc7089eab3-18, groupId=Consumer-topic-7fb6462f_657d_497f_8e49_5adc7089eab3] (Re-)joining group
2025-08-13 18:18:38,901 INFO  [io.api.tes.ser.api.KafkaSerdesTester] (Thread-744) None found
2025-08-13 18:18:39,901 INFO  [io.api.tes.ser.api.KafkaSerdesTester] (Thread-744) None found
2025-08-13 18:18:40,902 INFO  [io.api.tes.ser.api.KafkaSerdesTester] (Thread-744) None found
2025-08-13 18:18:40,910 INFO  [org.apa.kaf.cli.con.int.ConsumerCoordinator] (Thread-744) [Consumer clientId=consumer-Consumer-topic-7fb6462f_657d_497f_8e49_5adc7089eab3-18, groupId=Consumer-topic-7fb6462f_657d_497f_8e49_5adc7089eab3] Successfully joined group with generation Generation{generationId=1, memberId='consumer-Consumer-topic-7fb6462f_657d_497f_8e49_5adc7089eab3-18-fcb07307-8ba8-41dc-8fc8-196e906fcbb9', protocol='range'}
2025-08-13 18:18:40,911 INFO  [org.apa.kaf.cli.con.int.ConsumerCoordinator] (Thread-744) [Consumer clientId=consumer-Consumer-topic-7fb6462f_657d_497f_8e49_5adc7089eab3-18, groupId=Consumer-topic-7fb6462f_657d_497f_8e49_5adc7089eab3] Finished assignment for group at generation 1: {consumer-Consumer-topic-7fb6462f_657d_497f_8e49_5adc7089eab3-18-fcb07307-8ba8-41dc-8fc8-196e906fcbb9=Assignment(partitions=[topic-7fb6462f_657d_497f_8e49_5adc7089eab3-0])}
2025-08-13 18:18:40,917 INFO  [org.apa.kaf.cli.con.int.ConsumerCoordinator] (Thread-744) [Consumer clientId=consumer-Consumer-topic-7fb6462f_657d_497f_8e49_5adc7089eab3-18, groupId=Consumer-topic-7fb6462f_657d_497f_8e49_5adc7089eab3] Successfully synced group in generation Generation{generationId=1, memberId='consumer-Consumer-topic-7fb6462f_657d_497f_8e49_5adc7089eab3-18-fcb07307-8ba8-41dc-8fc8-196e906fcbb9', protocol='range'}
2025-08-13 18:18:40,917 INFO  [org.apa.kaf.cli.con.int.ConsumerCoordinator] (Thread-744) [Consumer clientId=consumer-Consumer-topic-7fb6462f_657d_497f_8e49_5adc7089eab3-18, groupId=Consumer-topic-7fb6462f_657d_497f_8e49_5adc7089eab3] Notifying assignor about the new Assignment(partitions=[topic-7fb6462f_657d_497f_8e49_5adc7089eab3-0])
2025-08-13 18:18:40,917 INFO  [org.apa.kaf.cli.con.int.ConsumerRebalanceListenerInvoker] (Thread-744) [Consumer clientId=consumer-Consumer-topic-7fb6462f_657d_497f_8e49_5adc7089eab3-18, groupId=Consumer-topic-7fb6462f_657d_497f_8e49_5adc7089eab3] Adding newly assigned partitions: topic-7fb6462f_657d_497f_8e49_5adc7089eab3-0
2025-08-13 18:18:40,918 INFO  [org.apa.kaf.cli.con.int.ConsumerCoordinator] (Thread-744) [Consumer clientId=consumer-Consumer-topic-7fb6462f_657d_497f_8e49_5adc7089eab3-18, groupId=Consumer-topic-7fb6462f_657d_497f_8e49_5adc7089eab3] Found no committed offset for partition topic-7fb6462f_657d_497f_8e49_5adc7089eab3-0
2025-08-13 18:18:40,921 INFO  [org.apa.kaf.cli.con.int.SubscriptionState] (Thread-744) [Consumer clientId=consumer-Consumer-topic-7fb6462f_657d_497f_8e49_5adc7089eab3-18, groupId=Consumer-topic-7fb6462f_657d_497f_8e49_5adc7089eab3] Resetting offset for partition topic-7fb6462f_657d_497f_8e49_5adc7089eab3-0 to position FetchPosition{offset=0, offsetEpoch=Optional.empty, currentLeader=LeaderAndEpoch{leader=Optional[localhost:32769 (id: 0 rack: null)], epoch=0}}.
2025-08-13 18:18:40,955 INFO  [io.api.tes.ser.api.KafkaSerdesTester] (Thread-744) topic-7fb6462f_657d_497f_8e49_5adc7089eab3 0 0 {"key11755109117672": "value-0"}
2025-08-13 18:18:40,955 INFO  [io.api.tes.ser.api.KafkaSerdesTester] (Thread-744) topic-7fb6462f_657d_497f_8e49_5adc7089eab3 0 1 {"key11755109117672": "value-1"}
2025-08-13 18:18:40,955 INFO  [io.api.tes.ser.api.KafkaSerdesTester] (Thread-744) topic-7fb6462f_657d_497f_8e49_5adc7089eab3 0 2 {"key11755109117672": "value-2"}
2025-08-13 18:18:40,955 INFO  [io.api.tes.ser.api.KafkaSerdesTester] (Thread-744) topic-7fb6462f_657d_497f_8e49_5adc7089eab3 0 3 {"key11755109117672": "value-3"}
2025-08-13 18:18:40,955 INFO  [io.api.tes.ser.api.KafkaSerdesTester] (Thread-744) topic-7fb6462f_657d_497f_8e49_5adc7089eab3 0 4 {"key11755109117672": "value-4"}
2025-08-13 18:18:40,955 INFO  [io.api.tes.ser.api.KafkaSerdesTester] (Thread-744) topic-7fb6462f_657d_497f_8e49_5adc7089eab3 0 5 {"key11755109117672": "value-5"}
2025-08-13 18:18:40,955 INFO  [io.api.tes.ser.api.KafkaSerdesTester] (Thread-744) topic-7fb6462f_657d_497f_8e49_5adc7089eab3 0 6 {"key11755109117672": "value-6"}
2025-08-13 18:18:40,955 INFO  [io.api.tes.ser.api.KafkaSerdesTester] (Thread-744) topic-7fb6462f_657d_497f_8e49_5adc7089eab3 0 7 {"key11755109117672": "value-7"}
2025-08-13 18:18:40,955 INFO  [io.api.tes.ser.api.KafkaSerdesTester] (Thread-744) topic-7fb6462f_657d_497f_8e49_5adc7089eab3 0 8 {"key11755109117672": "value-8"}
2025-08-13 18:18:40,955 INFO  [io.api.tes.ser.api.KafkaSerdesTester] (Thread-744) topic-7fb6462f_657d_497f_8e49_5adc7089eab3 0 9 {"key11755109117672": "value-9"}
2025-08-13 18:18:40,955 INFO  [io.api.tes.ser.api.KafkaSerdesTester] (Thread-744) Consumed 10 messages
2025-08-13 18:18:40,962 INFO  [org.apa.kaf.cli.con.int.ConsumerRebalanceListenerInvoker] (Thread-744) [Consumer clientId=consumer-Consumer-topic-7fb6462f_657d_497f_8e49_5adc7089eab3-18, groupId=Consumer-topic-7fb6462f_657d_497f_8e49_5adc7089eab3] Revoke previously assigned partitions topic-7fb6462f_657d_497f_8e49_5adc7089eab3-0
2025-08-13 18:18:40,962 INFO  [org.apa.kaf.cli.con.int.ConsumerCoordinator] (Thread-744) [Consumer clientId=consumer-Consumer-topic-7fb6462f_657d_497f_8e49_5adc7089eab3-18, groupId=Consumer-topic-7fb6462f_657d_497f_8e49_5adc7089eab3] Member consumer-Consumer-topic-7fb6462f_657d_497f_8e49_5adc7089eab3-18-fcb07307-8ba8-41dc-8fc8-196e906fcbb9 sending LeaveGroup request to coordinator localhost:32769 (id: 2147483647 rack: null) due to the consumer is being closed
2025-08-13 18:18:40,962 INFO  [org.apa.kaf.cli.con.int.ConsumerCoordinator] (Thread-744) [Consumer clientId=consumer-Consumer-topic-7fb6462f_657d_497f_8e49_5adc7089eab3-18, groupId=Consumer-topic-7fb6462f_657d_497f_8e49_5adc7089eab3] Resetting generation and member id due to: consumer pro-actively leaving the group
2025-08-13 18:18:40,962 INFO  [org.apa.kaf.cli.con.int.ConsumerCoordinator] (Thread-744) [Consumer clientId=consumer-Consumer-topic-7fb6462f_657d_497f_8e49_5adc7089eab3-18, groupId=Consumer-topic-7fb6462f_657d_497f_8e49_5adc7089eab3] Request joining group due to: consumer pro-actively leaving the group
2025-08-13 18:18:41,457 INFO  [org.apa.kaf.com.met.Metrics] (Thread-744) Metrics scheduler closed
2025-08-13 18:18:41,457 INFO  [org.apa.kaf.com.met.Metrics] (Thread-744) Closing reporter org.apache.kafka.common.metrics.JmxReporter
2025-08-13 18:18:41,457 INFO  [org.apa.kaf.com.met.Metrics] (Thread-744) Closing reporter org.apache.kafka.common.telemetry.internals.ClientTelemetryReporter
2025-08-13 18:18:41,457 INFO  [org.apa.kaf.com.met.Metrics] (Thread-744) Metrics reporters closed
2025-08-13 18:18:41,462 INFO  [org.apa.kaf.com.uti.AppInfoParser] (Thread-744) App info kafka.consumer for consumer-Consumer-topic-7fb6462f_657d_497f_8e49_5adc7089eab3-18 unregistered
2025-08-13 18:18:41,464 INFO  [io.api.tes.uti.TestSeparator] (main) io.apicurio.tests.serdes.apicurio.AvroSerdeIT.testGlobalIdInBody-FINISHED
2025-08-13 18:18:41,464 INFO  [io.api.tes.uti.TestSeparator] (main) ############################################################################
Test passed: testGlobalIdInBody
]]></system-out>
  </testcase>
  <testcase name="testProducerUsesGlobalIdConsumerUsesDefault" classname="io.apicurio.tests.serdes.apicurio.AvroSerdeIT" time="0.0">
    <skipped message="void io.apicurio.tests.serdes.apicurio.AvroSerdeIT.testProducerUsesGlobalIdConsumerUsesDefault() throws java.lang.Exception is @Disabled"/>
  </testcase>
</testsuite>