<?xml version="1.0" encoding="UTF-8"?>
<testsuite xmlns:xsi="http://www.w3.org/2001/XMLSchema-instance" xsi:noNamespaceSchemaLocation="https://maven.apache.org/surefire/maven-failsafe-plugin/xsd/failsafe-test-report.xsd" version="3.0.2" name="io.apicurio.tests.serdes.apicurio.ProtobufSerdeIT" time="57.125" tests="17" errors="0" skipped="0" failures="0">
  <properties>
    <property name="java.specification.version" value="17"/>
    <property name="sun.jnu.encoding" value="UTF-8"/>
    <property name="java.class.path" value="/home/runner/work/apicurio-testing/apicurio-testing/clusters/ci419/namespaces/inmemory/tests/integration/apicurio-registry/integration-tests/target/test-classes:/home/runner/work/apicurio-testing/apicurio-testing/clusters/ci419/namespaces/inmemory/tests/integration/apicurio-registry/integration-tests/target/apicurio-registry-integration-tests-3.0.12-SNAPSHOT.jar:/home/runner/.m2/repository/io/quarkus/quarkus-junit5/3.20.2/quarkus-junit5-3.20.2.jar:/home/runner/.m2/repository/io/quarkus/quarkus-bootstrap-core/3.20.2/quarkus-bootstrap-core-3.20.2.jar:/home/runner/.m2/repository/io/quarkus/quarkus-classloader-commons/3.20.2/quarkus-classloader-commons-3.20.2.jar:/home/runner/.m2/repository/io/quarkus/quarkus-bootstrap-app-model/3.20.2/quarkus-bootstrap-app-model-3.20.2.jar:/home/runner/.m2/repository/io/smallrye/common/smallrye-common-io/2.12.0/smallrye-common-io-2.12.0.jar:/home/runner/.m2/repository/org/eclipse/sisu/org.eclipse.sisu.inject/0.9.0.M3/org.eclipse.sisu.inject-0.9.0.M3.jar:/home/runner/.m2/repository/io/quarkus/quarkus-test-common/3.20.2/quarkus-test-common-3.20.2.jar:/home/runner/.m2/repository/io/quarkus/quarkus-core-deployment/3.20.2/quarkus-core-deployment-3.20.2.jar:/home/runner/.m2/repository/org/aesh/readline/2.6/readline-2.6.jar:/home/runner/.m2/repository/org/fusesource/jansi/jansi/2.4.0/jansi-2.4.0.jar:/home/runner/.m2/repository/org/aesh/aesh/2.8.2/aesh-2.8.2.jar:/home/runner/.m2/repository/io/quarkus/gizmo/gizmo/1.8.0/gizmo-1.8.0.jar:/home/runner/.m2/repository/org/ow2/asm/asm-util/9.7.1/asm-util-9.7.1.jar:/home/runner/.m2/repository/org/ow2/asm/asm-analysis/9.7.1/asm-analysis-9.7.1.jar:/home/runner/.m2/repository/org/ow2/asm/asm-commons/9.7.1/asm-commons-9.7.1.jar:/home/runner/.m2/repository/org/ow2/asm/asm-tree/9.7.1/asm-tree-9.7.1.jar:/home/runner/.m2/repository/io/quarkus/quarkus-hibernate-validator-spi/3.20.2/quarkus-hibernate-validator-spi-3.20.2.jar:/home/runner/.m2/repository/io/quarkus/quarkus-class-change-agent/3.20.2/quarkus-class-change-agent-3.20.2.jar:/home/runner/.m2/repository/io/quarkus/quarkus-devtools-utilities/3.20.2/quarkus-devtools-utilities-3.20.2.jar:/home/runner/.m2/repository/io/quarkus/quarkus-builder/3.20.2/quarkus-builder-3.20.2.jar:/home/runner/.m2/repository/org/graalvm/sdk/nativeimage/23.1.2/nativeimage-23.1.2.jar:/home/runner/.m2/repository/org/graalvm/sdk/word/23.1.2/word-23.1.2.jar:/home/runner/.m2/repository/io/quarkus/quarkus-bootstrap-maven-resolver/3.20.2/quarkus-bootstrap-maven-resolver-3.20.2.jar:/home/runner/.m2/repository/io/smallrye/beanbag/smallrye-beanbag-maven/1.5.2/smallrye-beanbag-maven-1.5.2.jar:/home/runner/.m2/repository/io/smallrye/beanbag/smallrye-beanbag-sisu/1.5.2/smallrye-beanbag-sisu-1.5.2.jar:/home/runner/.m2/repository/io/smallrye/beanbag/smallrye-beanbag/1.5.2/smallrye-beanbag-1.5.2.jar:/home/runner/.m2/repository/javax/inject/javax.inject/1/javax.inject-1.jar:/home/runner/.m2/repository/org/apache/maven/maven-artifact/3.9.9/maven-artifact-3.9.9.jar:/home/runner/.m2/repository/org/apache/maven/maven-builder-support/3.9.9/maven-builder-support-3.9.9.jar:/home/runner/.m2/repository/org/apache/maven/maven-model/3.9.9/maven-model-3.9.9.jar:/home/runner/.m2/repository/org/apache/maven/maven-model-builder/3.9.9/maven-model-builder-3.9.9.jar:/home/runner/.m2/repository/org/apache/maven/maven-repository-metadata/3.9.9/maven-repository-metadata-3.9.9.jar:/home/runner/.m2/repository/org/apache/maven/maven-settings/3.9.9/maven-settings-3.9.9.jar:/home/runner/.m2/repository/org/apache/maven/resolver/maven-resolver-api/1.9.22/maven-resolver-api-1.9.22.jar:/home/runner/.m2/repository/org/apache/maven/resolver/maven-resolver-impl/1.9.22/maven-resolver-impl-1.9.22.jar:/home/runner/.m2/repository/org/apache/maven/resolver/maven-resolver-named-locks/1.9.22/maven-resolver-named-locks-1.9.22.jar:/home/runner/.m2/repository/org/apache/maven/resolver/maven-resolver-spi/1.9.22/maven-resolver-spi-1.9.22.jar:/home/runner/.m2/repository/org/apache/maven/resolver/maven-resolver-util/1.9.22/maven-resolver-util-1.9.22.jar:/home/runner/.m2/repository/org/apache/maven/resolver/maven-resolver-transport-http/1.9.20/maven-resolver-transport-http-1.9.20.jar:/home/runner/.m2/repository/org/apache/maven/wagon/wagon-provider-api/3.5.3/wagon-provider-api-3.5.3.jar:/home/runner/.m2/repository/org/apache/maven/wagon/wagon-http-shared/3.5.3/wagon-http-shared-3.5.3.jar:/home/runner/.m2/repository/org/codehaus/plexus/plexus-interpolation/1.26/plexus-interpolation-1.26.jar:/home/runner/.m2/repository/org/codehaus/plexus/plexus-utils/3.5.1/plexus-utils-3.5.1.jar:/home/runner/.m2/repository/org/codehaus/plexus/plexus-xml/4.0.1/plexus-xml-4.0.1.jar:/home/runner/.m2/repository/org/apache/maven/maven-xml-impl/4.0.0-alpha-5/maven-xml-impl-4.0.0-alpha-5.jar:/home/runner/.m2/repository/org/apache/maven/maven-api-xml/4.0.0-alpha-5/maven-api-xml-4.0.0-alpha-5.jar:/home/runner/.m2/repository/org/apache/maven/maven-api-meta/4.0.0-alpha-5/maven-api-meta-4.0.0-alpha-5.jar:/home/runner/.m2/repository/org/codehaus/plexus/plexus-cipher/2.0/plexus-cipher-2.0.jar:/home/runner/.m2/repository/org/codehaus/plexus/plexus-sec-dispatcher/2.0/plexus-sec-dispatcher-2.0.jar:/home/runner/.m2/repository/org/apache/maven/maven-embedder/3.9.9/maven-embedder-3.9.9.jar:/home/runner/.m2/repository/org/apache/maven/maven-core/3.9.9/maven-core-3.9.9.jar:/home/runner/.m2/repository/org/codehaus/plexus/plexus-component-annotations/2.1.0/plexus-component-annotations-2.1.0.jar:/home/runner/.m2/repository/org/apache/maven/maven-plugin-api/3.9.9/maven-plugin-api-3.9.9.jar:/home/runner/.m2/repository/org/apache/maven/shared/maven-shared-utils/3.4.2/maven-shared-utils-3.4.2.jar:/home/runner/.m2/repository/com/google/inject/guice/5.1.0/guice-5.1.0.jar:/home/runner/.m2/repository/aopalliance/aopalliance/1.0/aopalliance-1.0.jar:/home/runner/.m2/repository/org/codehaus/plexus/plexus-classworlds/2.6.0/plexus-classworlds-2.6.0.jar:/home/runner/.m2/repository/commons-cli/commons-cli/1.8.0/commons-cli-1.8.0.jar:/home/runner/.m2/repository/org/eclipse/sisu/org.eclipse.sisu.plexus/0.9.0.M3/org.eclipse.sisu.plexus-0.9.0.M3.jar:/home/runner/.m2/repository/org/apache/maven/maven-settings-builder/3.9.9/maven-settings-builder-3.9.9.jar:/home/runner/.m2/repository/org/apache/maven/maven-resolver-provider/3.9.9/maven-resolver-provider-3.9.9.jar:/home/runner/.m2/repository/org/apache/maven/resolver/maven-resolver-connector-basic/1.9.22/maven-resolver-connector-basic-1.9.22.jar:/home/runner/.m2/repository/org/apache/maven/resolver/maven-resolver-transport-wagon/1.9.22/maven-resolver-transport-wagon-1.9.22.jar:/home/runner/.m2/repository/org/apache/maven/wagon/wagon-http/3.5.3/wagon-http-3.5.3.jar:/home/runner/.m2/repository/org/apache/maven/wagon/wagon-file/3.5.3/wagon-file-3.5.3.jar:/home/runner/.m2/repository/io/quarkus/quarkus-bootstrap-gradle-resolver/3.20.2/quarkus-bootstrap-gradle-resolver-3.20.2.jar:/home/runner/.m2/repository/io/smallrye/jandex/3.3.0/jandex-3.3.0.jar:/home/runner/.m2/repository/org/jboss/logging/commons-logging-jboss-logging/1.0.0.Final/commons-logging-jboss-logging-1.0.0.Final.jar:/home/runner/.m2/repository/io/quarkus/quarkus-junit5-config/3.20.2/quarkus-junit5-config-3.20.2.jar:/home/runner/.m2/repository/org/junit/jupiter/junit-jupiter-api/5.12.1/junit-jupiter-api-5.12.1.jar:/home/runner/.m2/repository/io/smallrye/config/smallrye-config/3.11.4/smallrye-config-3.11.4.jar:/home/runner/.m2/repository/io/smallrye/config/smallrye-config-core/3.11.4/smallrye-config-core-3.11.4.jar:/home/runner/.m2/repository/io/smallrye/common/smallrye-common-classloader/2.12.0/smallrye-common-classloader-2.12.0.jar:/home/runner/.m2/repository/io/smallrye/config/smallrye-config-common/3.11.4/smallrye-config-common-3.11.4.jar:/home/runner/.m2/repository/org/junit/jupiter/junit-jupiter/5.12.1/junit-jupiter-5.12.1.jar:/home/runner/.m2/repository/org/junit/jupiter/junit-jupiter-params/5.12.1/junit-jupiter-params-5.12.1.jar:/home/runner/.m2/repository/org/junit/jupiter/junit-jupiter-engine/5.12.1/junit-jupiter-engine-5.12.1.jar:/home/runner/.m2/repository/io/quarkus/quarkus-core/3.20.2/quarkus-core-3.20.2.jar:/home/runner/.m2/repository/jakarta/enterprise/jakarta.enterprise.cdi-api/4.1.0/jakarta.enterprise.cdi-api-4.1.0.jar:/home/runner/.m2/repository/jakarta/enterprise/jakarta.enterprise.lang-model/4.1.0/jakarta.enterprise.lang-model-4.1.0.jar:/home/runner/.m2/repository/jakarta/el/jakarta.el-api/5.0.1/jakarta.el-api-5.0.1.jar:/home/runner/.m2/repository/jakarta/interceptor/jakarta.interceptor-api/2.2.0/jakarta.interceptor-api-2.2.0.jar:/home/runner/.m2/repository/jakarta/inject/jakarta.inject-api/2.0.1/jakarta.inject-api-2.0.1.jar:/home/runner/.m2/repository/io/smallrye/common/smallrye-common-os/2.12.0/smallrye-common-os-2.12.0.jar:/home/runner/.m2/repository/io/quarkus/quarkus-ide-launcher/3.20.2/quarkus-ide-launcher-3.20.2.jar:/home/runner/.m2/repository/io/quarkus/quarkus-development-mode-spi/3.20.2/quarkus-development-mode-spi-3.20.2.jar:/home/runner/.m2/repository/org/jboss/logging/jboss-logging/3.6.1.Final/jboss-logging-3.6.1.Final.jar:/home/runner/.m2/repository/org/jboss/logmanager/jboss-logmanager/3.1.2.Final/jboss-logmanager-3.1.2.Final.jar:/home/runner/.m2/repository/io/smallrye/common/smallrye-common-constraint/2.12.0/smallrye-common-constraint-2.12.0.jar:/home/runner/.m2/repository/io/smallrye/common/smallrye-common-cpu/2.12.0/smallrye-common-cpu-2.12.0.jar:/home/runner/.m2/repository/io/smallrye/common/smallrye-common-expression/2.12.0/smallrye-common-expression-2.12.0.jar:/home/runner/.m2/repository/io/smallrye/common/smallrye-common-net/2.12.0/smallrye-common-net-2.12.0.jar:/home/runner/.m2/repository/io/smallrye/common/smallrye-common-ref/2.12.0/smallrye-common-ref-2.12.0.jar:/home/runner/.m2/repository/jakarta/json/jakarta.json-api/2.1.3/jakarta.json-api-2.1.3.jar:/home/runner/.m2/repository/org/eclipse/parsson/parsson/1.1.7/parsson-1.1.7.jar:/home/runner/.m2/repository/org/jboss/logging/jboss-logging-annotations/3.0.4.Final/jboss-logging-annotations-3.0.4.Final.jar:/home/runner/.m2/repository/org/jboss/threads/jboss-threads/3.8.0.Final/jboss-threads-3.8.0.Final.jar:/home/runner/.m2/repository/io/smallrye/common/smallrye-common-annotation/2.12.0/smallrye-common-annotation-2.12.0.jar:/home/runner/.m2/repository/io/smallrye/common/smallrye-common-function/2.12.0/smallrye-common-function-2.12.0.jar:/home/runner/.m2/repository/org/jboss/slf4j/slf4j-jboss-logmanager/2.0.0.Final/slf4j-jboss-logmanager-2.0.0.Final.jar:/home/runner/.m2/repository/org/wildfly/common/wildfly-common/2.0.1/wildfly-common-2.0.1.jar:/home/runner/.m2/repository/io/quarkus/quarkus-bootstrap-runner/3.20.2/quarkus-bootstrap-runner-3.20.2.jar:/home/runner/.m2/repository/io/github/crac/org-crac/0.1.3/org-crac-0.1.3.jar:/home/runner/.m2/repository/io/quarkus/quarkus-fs-util/0.0.10/quarkus-fs-util-0.0.10.jar:/home/runner/.m2/repository/org/jboss/marshalling/jboss-marshalling/2.2.2.Final/jboss-marshalling-2.2.2.Final.jar:/home/runner/.m2/repository/io/fabric8/kubernetes-client/7.1.0/kubernetes-client-7.1.0.jar:/home/runner/.m2/repository/io/fabric8/kubernetes-client-api/7.1.0/kubernetes-client-api-7.1.0.jar:/home/runner/.m2/repository/io/fabric8/kubernetes-model-core/7.1.0/kubernetes-model-core-7.1.0.jar:/home/runner/.m2/repository/io/fabric8/kubernetes-model-common/7.1.0/kubernetes-model-common-7.1.0.jar:/home/runner/.m2/repository/javax/annotation/javax.annotation-api/1.3.2/javax.annotation-api-1.3.2.jar:/home/runner/.m2/repository/io/fabric8/kubernetes-model-gatewayapi/7.1.0/kubernetes-model-gatewayapi-7.1.0.jar:/home/runner/.m2/repository/io/fabric8/kubernetes-model-resource/7.1.0/kubernetes-model-resource-7.1.0.jar:/home/runner/.m2/repository/io/fabric8/kubernetes-model-rbac/7.1.0/kubernetes-model-rbac-7.1.0.jar:/home/runner/.m2/repository/io/fabric8/kubernetes-model-admissionregistration/7.1.0/kubernetes-model-admissionregistration-7.1.0.jar:/home/runner/.m2/repository/io/fabric8/kubernetes-model-apps/7.1.0/kubernetes-model-apps-7.1.0.jar:/home/runner/.m2/repository/io/fabric8/kubernetes-model-autoscaling/7.1.0/kubernetes-model-autoscaling-7.1.0.jar:/home/runner/.m2/repository/io/fabric8/kubernetes-model-apiextensions/7.1.0/kubernetes-model-apiextensions-7.1.0.jar:/home/runner/.m2/repository/io/fabric8/kubernetes-model-batch/7.1.0/kubernetes-model-batch-7.1.0.jar:/home/runner/.m2/repository/io/fabric8/kubernetes-model-certificates/7.1.0/kubernetes-model-certificates-7.1.0.jar:/home/runner/.m2/repository/io/fabric8/kubernetes-model-coordination/7.1.0/kubernetes-model-coordination-7.1.0.jar:/home/runner/.m2/repository/io/fabric8/kubernetes-model-discovery/7.1.0/kubernetes-model-discovery-7.1.0.jar:/home/runner/.m2/repository/io/fabric8/kubernetes-model-events/7.1.0/kubernetes-model-events-7.1.0.jar:/home/runner/.m2/repository/io/fabric8/kubernetes-model-extensions/7.1.0/kubernetes-model-extensions-7.1.0.jar:/home/runner/.m2/repository/io/fabric8/kubernetes-model-flowcontrol/7.1.0/kubernetes-model-flowcontrol-7.1.0.jar:/home/runner/.m2/repository/io/fabric8/kubernetes-model-networking/7.1.0/kubernetes-model-networking-7.1.0.jar:/home/runner/.m2/repository/io/fabric8/kubernetes-model-metrics/7.1.0/kubernetes-model-metrics-7.1.0.jar:/home/runner/.m2/repository/io/fabric8/kubernetes-model-policy/7.1.0/kubernetes-model-policy-7.1.0.jar:/home/runner/.m2/repository/io/fabric8/kubernetes-model-scheduling/7.1.0/kubernetes-model-scheduling-7.1.0.jar:/home/runner/.m2/repository/io/fabric8/kubernetes-model-storageclass/7.1.0/kubernetes-model-storageclass-7.1.0.jar:/home/runner/.m2/repository/io/fabric8/kubernetes-model-node/7.1.0/kubernetes-model-node-7.1.0.jar:/home/runner/.m2/repository/org/snakeyaml/snakeyaml-engine/2.9/snakeyaml-engine-2.9.jar:/home/runner/.m2/repository/com/fasterxml/jackson/dataformat/jackson-dataformat-yaml/2.18.2/jackson-dataformat-yaml-2.18.2.jar:/home/runner/.m2/repository/com/fasterxml/jackson/datatype/jackson-datatype-jsr310/2.18.2/jackson-datatype-jsr310-2.18.2.jar:/home/runner/.m2/repository/io/fabric8/zjsonpatch/7.1.0/zjsonpatch-7.1.0.jar:/home/runner/.m2/repository/io/fabric8/kubernetes-httpclient-vertx/7.1.0/kubernetes-httpclient-vertx-7.1.0.jar:/home/runner/.m2/repository/io/vertx/vertx-web-client/4.5.16/vertx-web-client-4.5.16.jar:/home/runner/.m2/repository/io/vertx/vertx-web-common/4.5.16/vertx-web-common-4.5.16.jar:/home/runner/.m2/repository/io/vertx/vertx-auth-common/4.5.16/vertx-auth-common-4.5.16.jar:/home/runner/.m2/repository/io/vertx/vertx-uri-template/4.5.16/vertx-uri-template-4.5.16.jar:/home/runner/.m2/repository/io/fabric8/openshift-client/7.1.0/openshift-client-7.1.0.jar:/home/runner/.m2/repository/io/fabric8/openshift-client-api/7.1.0/openshift-client-api-7.1.0.jar:/home/runner/.m2/repository/io/fabric8/openshift-model/7.1.0/openshift-model-7.1.0.jar:/home/runner/.m2/repository/io/fabric8/openshift-model-autoscaling/7.1.0/openshift-model-autoscaling-7.1.0.jar:/home/runner/.m2/repository/io/fabric8/openshift-model-operator/7.1.0/openshift-model-operator-7.1.0.jar:/home/runner/.m2/repository/io/fabric8/openshift-model-operatorhub/7.1.0/openshift-model-operatorhub-7.1.0.jar:/home/runner/.m2/repository/io/fabric8/openshift-model-machine/7.1.0/openshift-model-machine-7.1.0.jar:/home/runner/.m2/repository/io/fabric8/openshift-model-whereabouts/7.1.0/openshift-model-whereabouts-7.1.0.jar:/home/runner/.m2/repository/io/fabric8/openshift-model-monitoring/7.1.0/openshift-model-monitoring-7.1.0.jar:/home/runner/.m2/repository/io/fabric8/openshift-model-storageversionmigrator/7.1.0/openshift-model-storageversionmigrator-7.1.0.jar:/home/runner/.m2/repository/io/fabric8/openshift-model-tuned/7.1.0/openshift-model-tuned-7.1.0.jar:/home/runner/.m2/repository/io/fabric8/openshift-model-console/7.1.0/openshift-model-console-7.1.0.jar:/home/runner/.m2/repository/io/fabric8/openshift-model-config/7.1.0/openshift-model-config-7.1.0.jar:/home/runner/.m2/repository/io/fabric8/openshift-model-machineconfiguration/7.1.0/openshift-model-machineconfiguration-7.1.0.jar:/home/runner/.m2/repository/io/fabric8/openshift-model-miscellaneous/7.1.0/openshift-model-miscellaneous-7.1.0.jar:/home/runner/.m2/repository/io/fabric8/openshift-model-hive/7.1.0/openshift-model-hive-7.1.0.jar:/home/runner/.m2/repository/io/fabric8/openshift-model-installer/7.1.0/openshift-model-installer-7.1.0.jar:/home/runner/.m2/repository/org/junit/platform/junit-platform-launcher/1.12.1/junit-platform-launcher-1.12.1.jar:/home/runner/.m2/repository/org/junit/platform/junit-platform-engine/1.12.1/junit-platform-engine-1.12.1.jar:/home/runner/.m2/repository/org/opentest4j/opentest4j/1.3.0/opentest4j-1.3.0.jar:/home/runner/.m2/repository/org/junit/platform/junit-platform-commons/1.12.1/junit-platform-commons-1.12.1.jar:/home/runner/.m2/repository/org/apiguardian/apiguardian-api/1.1.2/apiguardian-api-1.1.2.jar:/home/runner/.m2/repository/jakarta/ws/rs/jakarta.ws.rs-api/3.1.0/jakarta.ws.rs-api-3.1.0.jar:/home/runner/work/apicurio-testing/apicurio-testing/clusters/ci419/namespaces/inmemory/tests/integration/apicurio-registry/java-sdk/target/apicurio-registry-java-sdk-3.0.12-SNAPSHOT.jar:/home/runner/.m2/repository/com/microsoft/kiota/microsoft-kiota-abstractions/1.8.9/microsoft-kiota-abstractions-1.8.9.jar:/home/runner/.m2/repository/io/github/std-uritemplate/std-uritemplate/2.0.0/std-uritemplate-2.0.0.jar:/home/runner/.m2/repository/io/kiota/kiota-http-jdk/0.0.29/kiota-http-jdk-0.0.29.jar:/home/runner/.m2/repository/io/kiota/kiota-http-vertx/0.0.29/kiota-http-vertx-0.0.29.jar:/home/runner/.m2/repository/io/kiota/kiota-serialization-jackson/0.0.29/kiota-serialization-jackson-0.0.29.jar:/home/runner/.m2/repository/com/microsoft/kiota/microsoft-kiota-serialization-text/1.8.9/microsoft-kiota-serialization-text-1.8.9.jar:/home/runner/.m2/repository/com/microsoft/kiota/microsoft-kiota-serialization-form/1.8.9/microsoft-kiota-serialization-form-1.8.9.jar:/home/runner/.m2/repository/com/microsoft/kiota/microsoft-kiota-serialization-multipart/1.8.9/microsoft-kiota-serialization-multipart-1.8.9.jar:/home/runner/.m2/repository/jakarta/annotation/jakarta.annotation-api/3.0.0/jakarta.annotation-api-3.0.0.jar:/home/runner/.m2/repository/io/vertx/vertx-auth-oauth2/4.5.16/vertx-auth-oauth2-4.5.16.jar:/home/runner/work/apicurio-testing/apicurio-testing/clusters/ci419/namespaces/inmemory/tests/integration/apicurio-registry/java-sdk-v2/target/apicurio-registry-v2-java-sdk-3.0.12-SNAPSHOT.jar:/home/runner/work/apicurio-testing/apicurio-testing/clusters/ci419/namespaces/inmemory/tests/integration/apicurio-registry/utils/kafka/target/apicurio-registry-utils-kafka-3.0.12-SNAPSHOT-tests.jar:/home/runner/.m2/repository/org/eclipse/microprofile/config/microprofile-config-api/3.1/microprofile-config-api-3.1.jar:/home/runner/.m2/repository/org/apache/kafka/kafka-clients/3.9.1/kafka-clients-3.9.1.jar:/home/runner/.m2/repository/com/github/luben/zstd-jni/1.5.6-4/zstd-jni-1.5.6-4.jar:/home/runner/.m2/repository/org/lz4/lz4-java/1.8.0/lz4-java-1.8.0.jar:/home/runner/.m2/repository/org/xerial/snappy/snappy-java/1.1.10.5/snappy-java-1.1.10.5.jar:/home/runner/.m2/repository/org/slf4j/slf4j-api/2.0.6/slf4j-api-2.0.6.jar:/home/runner/work/apicurio-testing/apicurio-testing/clusters/ci419/namespaces/inmemory/tests/integration/apicurio-registry/utils/tests/target/apicurio-registry-utils-tests-3.0.12-SNAPSHOT.jar:/home/runner/work/apicurio-testing/apicurio-testing/clusters/ci419/namespaces/inmemory/tests/integration/apicurio-registry/common/target/apicurio-registry-common-3.0.12-SNAPSHOT.jar:/home/runner/.m2/repository/jakarta/validation/jakarta.validation-api/3.0.2/jakarta.validation-api-3.0.2.jar:/home/runner/.m2/repository/com/github/dasniko/testcontainers-keycloak/3.8.0/testcontainers-keycloak-3.8.0.jar:/home/runner/.m2/repository/org/testcontainers/testcontainers/1.20.6/testcontainers-1.20.6.jar:/home/runner/.m2/repository/org/rnorth/duct-tape/duct-tape/1.0.8/duct-tape-1.0.8.jar:/home/runner/.m2/repository/com/github/docker-java/docker-java-transport-zerodep/3.4.1/docker-java-transport-zerodep-3.4.1.jar:/home/runner/.m2/repository/com/github/docker-java/docker-java-transport/3.4.1/docker-java-transport-3.4.1.jar:/home/runner/.m2/repository/net/java/dev/jna/jna/5.8.0/jna-5.8.0.jar:/home/runner/.m2/repository/io/quarkus/quarkus-junit4-mock/3.20.2/quarkus-junit4-mock-3.20.2.jar:/home/runner/.m2/repository/org/jboss/shrinkwrap/shrinkwrap-api/2.0.0-beta-2/shrinkwrap-api-2.0.0-beta-2.jar:/home/runner/.m2/repository/org/jboss/shrinkwrap/shrinkwrap-impl-base/2.0.0-beta-2/shrinkwrap-impl-base-2.0.0-beta-2.jar:/home/runner/.m2/repository/org/jboss/shrinkwrap/shrinkwrap-spi/2.0.0-beta-2/shrinkwrap-spi-2.0.0-beta-2.jar:/home/runner/.m2/repository/org/keycloak/keycloak-admin-client/26.0.4/keycloak-admin-client-26.0.4.jar:/home/runner/.m2/repository/org/keycloak/keycloak-client-common-synced/26.0.4/keycloak-client-common-synced-26.0.4.jar:/home/runner/.m2/repository/jakarta/activation/jakarta.activation-api/2.1.3/jakarta.activation-api-2.1.3.jar:/home/runner/.m2/repository/org/eclipse/microprofile/openapi/microprofile-openapi-api/4.0.2/microprofile-openapi-api-4.0.2.jar:/home/runner/.m2/repository/org/jboss/resteasy/resteasy-client/6.2.12.Final/resteasy-client-6.2.12.Final.jar:/home/runner/.m2/repository/org/jboss/resteasy/resteasy-client-api/6.2.12.Final/resteasy-client-api-6.2.12.Final.jar:/home/runner/.m2/repository/org/jboss/resteasy/resteasy-core-spi/6.2.12.Final/resteasy-core-spi-6.2.12.Final.jar:/home/runner/.m2/repository/org/jboss/resteasy/resteasy-core/6.2.12.Final/resteasy-core-6.2.12.Final.jar:/home/runner/.m2/repository/org/eclipse/angus/angus-activation/2.0.2/angus-activation-2.0.2.jar:/home/runner/.m2/repository/com/ibm/async/asyncutil/0.1.0/asyncutil-0.1.0.jar:/home/runner/.m2/repository/org/reactivestreams/reactive-streams/1.0.4/reactive-streams-1.0.4.jar:/home/runner/.m2/repository/org/jboss/resteasy/resteasy-multipart-provider/6.2.12.Final/resteasy-multipart-provider-6.2.12.Final.jar:/home/runner/.m2/repository/jakarta/mail/jakarta.mail-api/2.1.3/jakarta.mail-api-2.1.3.jar:/home/runner/.m2/repository/org/eclipse/angus/angus-mail/2.0.3/angus-mail-2.0.3.jar:/home/runner/.m2/repository/org/apache/james/apache-mime4j-dom/0.8.12/apache-mime4j-dom-0.8.12.jar:/home/runner/.m2/repository/org/apache/james/apache-mime4j-core/0.8.12/apache-mime4j-core-0.8.12.jar:/home/runner/.m2/repository/org/apache/james/apache-mime4j-storage/0.8.12/apache-mime4j-storage-0.8.12.jar:/home/runner/.m2/repository/org/jboss/resteasy/resteasy-jackson2-provider/6.2.12.Final/resteasy-jackson2-provider-6.2.12.Final.jar:/home/runner/.m2/repository/com/fasterxml/jackson/jakarta/rs/jackson-jakarta-rs-base/2.18.2/jackson-jakarta-rs-base-2.18.2.jar:/home/runner/.m2/repository/com/fasterxml/jackson/jakarta/rs/jackson-jakarta-rs-json-provider/2.18.2/jackson-jakarta-rs-json-provider-2.18.2.jar:/home/runner/.m2/repository/com/fasterxml/jackson/module/jackson-module-jakarta-xmlbind-annotations/2.18.2/jackson-module-jakarta-xmlbind-annotations-2.18.2.jar:/home/runner/.m2/repository/com/github/java-json-tools/json-patch/1.13/json-patch-1.13.jar:/home/runner/.m2/repository/com/github/java-json-tools/msg-simple/1.2/msg-simple-1.2.jar:/home/runner/.m2/repository/com/github/java-json-tools/btf/1.3/btf-1.3.jar:/home/runner/.m2/repository/com/github/java-json-tools/jackson-coreutils/2.0/jackson-coreutils-2.0.jar:/home/runner/.m2/repository/org/jboss/resteasy/resteasy-jaxb-provider/6.2.12.Final/resteasy-jaxb-provider-6.2.12.Final.jar:/home/runner/.m2/repository/org/glassfish/jaxb/codemodel/4.0.5/codemodel-4.0.5.jar:/home/runner/.m2/repository/org/glassfish/jaxb/jaxb-core/4.0.5/jaxb-core-4.0.5.jar:/home/runner/.m2/repository/org/glassfish/jaxb/jaxb-jxc/4.0.5/jaxb-jxc-4.0.5.jar:/home/runner/.m2/repository/org/glassfish/jaxb/jaxb-runtime/4.0.5/jaxb-runtime-4.0.5.jar:/home/runner/.m2/repository/org/glassfish/jaxb/txw2/4.0.5/txw2-4.0.5.jar:/home/runner/.m2/repository/org/glassfish/jaxb/jaxb-xjc/4.0.5/jaxb-xjc-4.0.5.jar:/home/runner/.m2/repository/org/glassfish/jaxb/xsom/4.0.5/xsom-4.0.5.jar:/home/runner/.m2/repository/com/sun/istack/istack-commons-runtime/4.1.2/istack-commons-runtime-4.1.2.jar:/home/runner/.m2/repository/com/sun/istack/istack-commons-tools/4.1.2/istack-commons-tools-4.1.2.jar:/home/runner/.m2/repository/com/sun/xml/bind/external/relaxng-datatype/4.0.5/relaxng-datatype-4.0.5.jar:/home/runner/.m2/repository/com/sun/xml/bind/external/rngom/4.0.5/rngom-4.0.5.jar:/home/runner/.m2/repository/org/testcontainers/mssqlserver/1.20.6/mssqlserver-1.20.6.jar:/home/runner/.m2/repository/org/testcontainers/jdbc/1.20.6/jdbc-1.20.6.jar:/home/runner/.m2/repository/org/testcontainers/database-commons/1.20.6/database-commons-1.20.6.jar:/home/runner/.m2/repository/org/testcontainers/mysql/1.20.6/mysql-1.20.6.jar:/home/runner/.m2/repository/io/strimzi/strimzi-test-container/0.111.0/strimzi-test-container-0.111.0.jar:/home/runner/.m2/repository/org/testcontainers/toxiproxy/1.20.6/toxiproxy-1.20.6.jar:/home/runner/.m2/repository/com/github/docker-java/docker-java-api/3.4.1/docker-java-api-3.4.1.jar:/home/runner/.m2/repository/org/apache/logging/log4j/log4j-slf4j-impl/2.19.0/log4j-slf4j-impl-2.19.0.jar:/home/runner/.m2/repository/org/apache/logging/log4j/log4j-api/2.24.3/log4j-api-2.24.3.jar:/home/runner/.m2/repository/org/apache/logging/log4j/log4j-core/2.19.0/log4j-core-2.19.0.jar:/home/runner/.m2/repository/eu/rekawek/toxiproxy/toxiproxy-java/2.1.7/toxiproxy-java-2.1.7.jar:/home/runner/.m2/repository/org/testcontainers/pulsar/1.21.3/pulsar-1.21.3.jar:/home/runner/.m2/repository/io/debezium/debezium-testing-testcontainers/2.7.4.Final/debezium-testing-testcontainers-2.7.4.Final.jar:/home/runner/.m2/repository/org/testcontainers/kafka/1.20.6/kafka-1.20.6.jar:/home/runner/.m2/repository/com/squareup/okhttp3/okhttp/4.8.1/okhttp-4.8.1.jar:/home/runner/.m2/repository/com/squareup/okio/okio/3.10.2/okio-3.10.2.jar:/home/runner/.m2/repository/com/squareup/okio/okio-jvm/3.10.2/okio-jvm-3.10.2.jar:/home/runner/.m2/repository/org/jetbrains/kotlin/kotlin-stdlib/2.0.21/kotlin-stdlib-2.0.21.jar:/home/runner/.m2/repository/org/awaitility/awaitility/4.3.0/awaitility-4.3.0.jar:/home/runner/.m2/repository/org/testcontainers/mongodb/1.20.6/mongodb-1.20.6.jar:/home/runner/.m2/repository/org/testcontainers/mariadb/1.20.6/mariadb-1.20.6.jar:/home/runner/.m2/repository/org/testcontainers/oracle-xe/1.20.6/oracle-xe-1.20.6.jar:/home/runner/.m2/repository/org/testcontainers/postgresql/1.20.6/postgresql-1.20.6.jar:/home/runner/.m2/repository/org/wiremock/wiremock/3.0.1/wiremock-3.0.1.jar:/home/runner/.m2/repository/org/eclipse/jetty/jetty-server/11.0.15/jetty-server-11.0.15.jar:/home/runner/.m2/repository/org/eclipse/jetty/toolchain/jetty-jakarta-servlet-api/5.0.2/jetty-jakarta-servlet-api-5.0.2.jar:/home/runner/.m2/repository/org/eclipse/jetty/jetty-http/11.0.15/jetty-http-11.0.15.jar:/home/runner/.m2/repository/org/eclipse/jetty/jetty-io/11.0.15/jetty-io-11.0.15.jar:/home/runner/.m2/repository/org/eclipse/jetty/jetty-servlet/11.0.15/jetty-servlet-11.0.15.jar:/home/runner/.m2/repository/org/eclipse/jetty/jetty-security/11.0.15/jetty-security-11.0.15.jar:/home/runner/.m2/repository/org/eclipse/jetty/jetty-servlets/11.0.15/jetty-servlets-11.0.15.jar:/home/runner/.m2/repository/org/eclipse/jetty/jetty-util/11.0.15/jetty-util-11.0.15.jar:/home/runner/.m2/repository/org/eclipse/jetty/jetty-webapp/11.0.15/jetty-webapp-11.0.15.jar:/home/runner/.m2/repository/org/eclipse/jetty/jetty-xml/11.0.15/jetty-xml-11.0.15.jar:/home/runner/.m2/repository/org/eclipse/jetty/jetty-proxy/11.0.15/jetty-proxy-11.0.15.jar:/home/runner/.m2/repository/org/eclipse/jetty/jetty-client/11.0.15/jetty-client-11.0.15.jar:/home/runner/.m2/repository/org/eclipse/jetty/http2/http2-server/11.0.15/http2-server-11.0.15.jar:/home/runner/.m2/repository/org/eclipse/jetty/http2/http2-common/11.0.15/http2-common-11.0.15.jar:/home/runner/.m2/repository/org/eclipse/jetty/http2/http2-hpack/11.0.15/http2-hpack-11.0.15.jar:/home/runner/.m2/repository/org/eclipse/jetty/jetty-alpn-server/11.0.15/jetty-alpn-server-11.0.15.jar:/home/runner/.m2/repository/org/eclipse/jetty/jetty-alpn-java-server/11.0.15/jetty-alpn-java-server-11.0.15.jar:/home/runner/.m2/repository/org/eclipse/jetty/jetty-alpn-java-client/11.0.15/jetty-alpn-java-client-11.0.15.jar:/home/runner/.m2/repository/org/eclipse/jetty/jetty-alpn-client/11.0.15/jetty-alpn-client-11.0.15.jar:/home/runner/.m2/repository/org/apache/httpcomponents/client5/httpclient5/5.2.1/httpclient5-5.2.1.jar:/home/runner/.m2/repository/org/apache/httpcomponents/core5/httpcore5/5.2/httpcore5-5.2.jar:/home/runner/.m2/repository/org/apache/httpcomponents/core5/httpcore5-h2/5.2/httpcore5-h2-5.2.jar:/home/runner/.m2/repository/org/xmlunit/xmlunit-core/2.9.1/xmlunit-core-2.9.1.jar:/home/runner/.m2/repository/jakarta/xml/bind/jakarta.xml.bind-api/4.0.2/jakarta.xml.bind-api-4.0.2.jar:/home/runner/.m2/repository/org/xmlunit/xmlunit-legacy/2.9.1/xmlunit-legacy-2.9.1.jar:/home/runner/.m2/repository/org/xmlunit/xmlunit-placeholders/2.9.1/xmlunit-placeholders-2.9.1.jar:/home/runner/.m2/repository/net/javacrumbs/json-unit/json-unit-core/2.38.0/json-unit-core-2.38.0.jar:/home/runner/.m2/repository/org/hamcrest/hamcrest-core/2.2/hamcrest-core-2.2.jar:/home/runner/.m2/repository/com/jayway/jsonpath/json-path/2.8.0/json-path-2.8.0.jar:/home/runner/.m2/repository/net/minidev/json-smart/2.4.10/json-smart-2.4.10.jar:/home/runner/.m2/repository/net/minidev/accessors-smart/2.4.9/accessors-smart-2.4.9.jar:/home/runner/.m2/repository/org/ow2/asm/asm/9.7.1/asm-9.7.1.jar:/home/runner/.m2/repository/net/sf/jopt-simple/jopt-simple/5.0.4/jopt-simple-5.0.4.jar:/home/runner/.m2/repository/com/github/jknack/handlebars/4.3.1/handlebars-4.3.1.jar:/home/runner/.m2/repository/com/github/jknack/handlebars-helpers/4.3.1/handlebars-helpers-4.3.1.jar:/home/runner/.m2/repository/commons-fileupload/commons-fileupload/1.5/commons-fileupload-1.5.jar:/home/runner/.m2/repository/com/networknt/json-schema-validator/1.5.8/json-schema-validator-1.5.8.jar:/home/runner/.m2/repository/com/ethlo/time/itu/1.10.3/itu-1.10.3.jar:/home/runner/.m2/repository/io/quarkus/quarkus-smallrye-jwt-build/3.20.2/quarkus-smallrye-jwt-build-3.20.2.jar:/home/runner/.m2/repository/io/smallrye/smallrye-jwt-build/4.6.2/smallrye-jwt-build-4.6.2.jar:/home/runner/.m2/repository/org/eclipse/microprofile/jwt/microprofile-jwt-auth-api/2.1/microprofile-jwt-auth-api-2.1.jar:/home/runner/.m2/repository/org/bitbucket/b_c/jose4j/0.9.6/jose4j-0.9.6.jar:/home/runner/.m2/repository/io/smallrye/smallrye-jwt-common/4.6.2/smallrye-jwt-common-4.6.2.jar:/home/runner/.m2/repository/io/quarkus/quarkus-jsonp/3.20.2/quarkus-jsonp-3.20.2.jar:/home/runner/.m2/repository/io/quarkus/quarkus-arc/3.20.2/quarkus-arc-3.20.2.jar:/home/runner/.m2/repository/io/quarkus/arc/arc/3.20.2/arc-3.20.2.jar:/home/runner/.m2/repository/jakarta/transaction/jakarta.transaction-api/2.0.1/jakarta.transaction-api-2.0.1.jar:/home/runner/.m2/repository/io/smallrye/reactive/mutiny/2.9.2/mutiny-2.9.2.jar:/home/runner/.m2/repository/org/jctools/jctools-core/4.0.5/jctools-core-4.0.5.jar:/home/runner/.m2/repository/org/eclipse/microprofile/context-propagation/microprofile-context-propagation-api/1.3/microprofile-context-propagation-api-1.3.jar:/home/runner/.m2/repository/io/apicurio/apicurio-common-rest-client-common/0.1.18.Final/apicurio-common-rest-client-common-0.1.18.Final.jar:/home/runner/work/apicurio-testing/apicurio-testing/clusters/ci419/namespaces/inmemory/tests/integration/apicurio-registry/utils/maven-plugin/target/apicurio-registry-maven-plugin-3.0.12-SNAPSHOT.jar:/home/runner/.m2/repository/com/fasterxml/jackson/core/jackson-databind/2.18.2/jackson-databind-2.18.2.jar:/home/runner/.m2/repository/org/apache/avro/avro/1.12.0/avro-1.12.0.jar:/home/runner/.m2/repository/com/google/protobuf/protobuf-java/4.31.1/protobuf-java-4.31.1.jar:/home/runner/.m2/repository/com/google/protobuf/protobuf-java-util/4.31.1/protobuf-java-util-4.31.1.jar:/home/runner/.m2/repository/com/google/code/findbugs/jsr305/3.0.2/jsr305-3.0.2.jar:/home/runner/.m2/repository/com/google/code/gson/gson/2.12.1/gson-2.12.1.jar:/home/runner/.m2/repository/com/google/errorprone/error_prone_annotations/2.36.0/error_prone_annotations-2.36.0.jar:/home/runner/.m2/repository/com/google/j2objc/j2objc-annotations/2.8/j2objc-annotations-2.8.jar:/home/runner/work/apicurio-testing/apicurio-testing/clusters/ci419/namespaces/inmemory/tests/integration/apicurio-registry/schema-util/util-provider/target/apicurio-registry-schema-util-provider-3.0.12-SNAPSHOT.jar:/home/runner/work/apicurio-testing/apicurio-testing/clusters/ci419/namespaces/inmemory/tests/integration/apicurio-registry/schema-util/common/target/apicurio-registry-schema-util-common-3.0.12-SNAPSHOT.jar:/home/runner/.m2/repository/com/fasterxml/jackson/module/jackson-module-parameter-names/2.18.2/jackson-module-parameter-names-2.18.2.jar:/home/runner/.m2/repository/com/fasterxml/jackson/datatype/jackson-datatype-json-org/2.18.2/jackson-datatype-json-org-2.18.2.jar:/home/runner/work/apicurio-testing/apicurio-testing/clusters/ci419/namespaces/inmemory/tests/integration/apicurio-registry/schema-util/json/target/apicurio-registry-schema-util-json-3.0.12-SNAPSHOT.jar:/home/runner/.m2/repository/com/github/erosb/everit-json-schema/1.14.5/everit-json-schema-1.14.5.jar:/home/runner/.m2/repository/commons-validator/commons-validator/1.9.0/commons-validator-1.9.0.jar:/home/runner/.m2/repository/commons-digester/commons-digester/2.1/commons-digester-2.1.jar:/home/runner/.m2/repository/commons-collections/commons-collections/3.2.2/commons-collections-3.2.2.jar:/home/runner/.m2/repository/com/damnhandy/handy-uri-templates/2.1.8/handy-uri-templates-2.1.8.jar:/home/runner/.m2/repository/joda-time/joda-time/2.10.2/joda-time-2.10.2.jar:/home/runner/.m2/repository/com/github/erosb/json-sKema/0.20.0/json-sKema-0.20.0.jar:/home/runner/.m2/repository/io/vertx/vertx-json-schema/4.5.16/vertx-json-schema-4.5.16.jar:/home/runner/work/apicurio-testing/apicurio-testing/clusters/ci419/namespaces/inmemory/tests/integration/apicurio-registry/schema-util/protobuf/target/apicurio-registry-schema-util-protobuf-3.0.12-SNAPSHOT.jar:/home/runner/work/apicurio-testing/apicurio-testing/clusters/ci419/namespaces/inmemory/tests/integration/apicurio-registry/utils/protobuf-schema-utilities/target/apicurio-registry-protobuf-schema-utilities-3.0.12-SNAPSHOT.jar:/home/runner/.m2/repository/com/google/api/grpc/proto-google-common-protos/2.52.0/proto-google-common-protos-2.52.0.jar:/home/runner/.m2/repository/com/squareup/wire/wire-schema-jvm/5.3.3/wire-schema-jvm-5.3.3.jar:/home/runner/.m2/repository/com/palantir/javapoet/javapoet/0.6.0/javapoet-0.6.0.jar:/home/runner/.m2/repository/com/squareup/kotlinpoet-jvm/2.0.0/kotlinpoet-jvm-2.0.0.jar:/home/runner/.m2/repository/org/jetbrains/kotlin/kotlin-reflect/2.0.21/kotlin-reflect-2.0.21.jar:/home/runner/.m2/repository/com/squareup/wire/wire-runtime-jvm/5.3.3/wire-runtime-jvm-5.3.3.jar:/home/runner/.m2/repository/com/ibm/icu/icu4j/76.1/icu4j-76.1.jar:/home/runner/.m2/repository/com/squareup/okio/okio-fakefilesystem/3.10.2/okio-fakefilesystem-3.10.2.jar:/home/runner/.m2/repository/com/squareup/okio/okio-fakefilesystem-jvm/3.10.2/okio-fakefilesystem-jvm-3.10.2.jar:/home/runner/.m2/repository/org/jetbrains/kotlinx/kotlinx-datetime-jvm/0.6.1/kotlinx-datetime-jvm-0.6.1.jar:/home/runner/work/apicurio-testing/apicurio-testing/clusters/ci419/namespaces/inmemory/tests/integration/apicurio-registry/schema-util/asyncapi/target/apicurio-registry-schema-util-asyncapi-3.0.12-SNAPSHOT.jar:/home/runner/work/apicurio-testing/apicurio-testing/clusters/ci419/namespaces/inmemory/tests/integration/apicurio-registry/schema-util/avro/target/apicurio-registry-schema-util-avro-3.0.12-SNAPSHOT.jar:/home/runner/work/apicurio-testing/apicurio-testing/clusters/ci419/namespaces/inmemory/tests/integration/apicurio-registry/schema-util/graphql/target/apicurio-registry-schema-util-graphql-3.0.12-SNAPSHOT.jar:/home/runner/.m2/repository/com/graphql-java/graphql-java/22.4/graphql-java-22.4.jar:/home/runner/.m2/repository/com/graphql-java/java-dataloader/3.3.0/java-dataloader-3.3.0.jar:/home/runner/work/apicurio-testing/apicurio-testing/clusters/ci419/namespaces/inmemory/tests/integration/apicurio-registry/schema-util/kconnect/target/apicurio-registry-schema-util-kconnect-3.0.12-SNAPSHOT.jar:/home/runner/work/apicurio-testing/apicurio-testing/clusters/ci419/namespaces/inmemory/tests/integration/apicurio-registry/schema-util/openapi/target/apicurio-registry-schema-util-openapi-3.0.12-SNAPSHOT.jar:/home/runner/.m2/repository/io/apicurio/apicurio-data-models/2.2.2/apicurio-data-models-2.2.2.jar:/home/runner/.m2/repository/org/openapitools/openapidiff/openapi-diff-core/2.1.2/openapi-diff-core-2.1.2.jar:/home/runner/.m2/repository/io/swagger/parser/v3/swagger-parser/2.1.28/swagger-parser-2.1.28.jar:/home/runner/.m2/repository/io/swagger/parser/v3/swagger-parser-v2-converter/2.1.28/swagger-parser-v2-converter-2.1.28.jar:/home/runner/.m2/repository/io/swagger/swagger-core/1.6.16/swagger-core-1.6.16.jar:/home/runner/.m2/repository/io/swagger/swagger-models/1.6.16/swagger-models-1.6.16.jar:/home/runner/.m2/repository/io/swagger/swagger-annotations/1.6.16/swagger-annotations-1.6.16.jar:/home/runner/.m2/repository/io/swagger/swagger-parser/1.0.75/swagger-parser-1.0.75.jar:/home/runner/.m2/repository/io/swagger/swagger-parser-safe-url-resolver/1.0.75/swagger-parser-safe-url-resolver-1.0.75.jar:/home/runner/.m2/repository/io/swagger/swagger-compat-spec-parser/1.0.75/swagger-compat-spec-parser-1.0.75.jar:/home/runner/.m2/repository/com/github/java-json-tools/json-schema-validator/2.2.14/json-schema-validator-2.2.14.jar:/home/runner/.m2/repository/com/github/java-json-tools/jackson-coreutils-equivalence/1.0/jackson-coreutils-equivalence-1.0.jar:/home/runner/.m2/repository/com/github/java-json-tools/json-schema-core/1.2.14/json-schema-core-1.2.14.jar:/home/runner/.m2/repository/com/github/java-json-tools/uri-template/0.10/uri-template-0.10.jar:/home/runner/.m2/repository/com/googlecode/libphonenumber/libphonenumber/8.11.1/libphonenumber-8.11.1.jar:/home/runner/.m2/repository/com/j2html/j2html/1.6.0/j2html-1.6.0.jar:/home/runner/.m2/repository/org/apache/commons/commons-collections4/4.5.0/commons-collections4-4.5.0.jar:/home/runner/.m2/repository/org/slf4j/jcl-over-slf4j/2.0.17/jcl-over-slf4j-2.0.17.jar:/home/runner/.m2/repository/io/swagger/parser/v3/swagger-parser-v3/2.1.31/swagger-parser-v3-2.1.31.jar:/home/runner/.m2/repository/io/swagger/core/v3/swagger-models/2.2.34/swagger-models-2.2.34.jar:/home/runner/.m2/repository/io/swagger/core/v3/swagger-core/2.2.34/swagger-core-2.2.34.jar:/home/runner/.m2/repository/io/swagger/parser/v3/swagger-parser-core/2.1.31/swagger-parser-core-2.1.31.jar:/home/runner/.m2/repository/io/swagger/parser/v3/swagger-parser-safe-url-resolver/2.1.31/swagger-parser-safe-url-resolver-2.1.31.jar:/home/runner/work/apicurio-testing/apicurio-testing/clusters/ci419/namespaces/inmemory/tests/integration/apicurio-registry/schema-util/wsdl/target/apicurio-registry-schema-util-wsdl-3.0.12-SNAPSHOT.jar:/home/runner/.m2/repository/wsdl4j/wsdl4j/1.6.3/wsdl4j-1.6.3.jar:/home/runner/work/apicurio-testing/apicurio-testing/clusters/ci419/namespaces/inmemory/tests/integration/apicurio-registry/schema-util/xml/target/apicurio-registry-schema-util-xml-3.0.12-SNAPSHOT.jar:/home/runner/.m2/repository/org/apache/santuario/xmlsec/4.0.4/xmlsec-4.0.4.jar:/home/runner/.m2/repository/com/fasterxml/woodstox/woodstox-core/7.1.1/woodstox-core-7.1.1.jar:/home/runner/.m2/repository/org/codehaus/woodstox/stax2-api/4.2.2/stax2-api-4.2.2.jar:/home/runner/work/apicurio-testing/apicurio-testing/clusters/ci419/namespaces/inmemory/tests/integration/apicurio-registry/schema-util/xsd/target/apicurio-registry-schema-util-xsd-3.0.12-SNAPSHOT.jar:/home/runner/work/apicurio-testing/apicurio-testing/clusters/ci419/namespaces/inmemory/tests/integration/apicurio-registry/serdes/kafka/jsonschema-serde/target/apicurio-registry-jsonschema-serde-kafka-3.0.12-SNAPSHOT.jar:/home/runner/work/apicurio-testing/apicurio-testing/clusters/ci419/namespaces/inmemory/tests/integration/apicurio-registry/serdes/kafka/serde-kafka-common/target/apicurio-registry-serde-kafka-common-3.0.12-SNAPSHOT.jar:/home/runner/work/apicurio-testing/apicurio-testing/clusters/ci419/namespaces/inmemory/tests/integration/apicurio-registry/serdes/generic/serde-common/target/apicurio-registry-serde-common-3.0.12-SNAPSHOT.jar:/home/runner/work/apicurio-testing/apicurio-testing/clusters/ci419/namespaces/inmemory/tests/integration/apicurio-registry/serdes/generic/serde-common-jsonschema/target/apicurio-registry-serde-common-jsonschema-3.0.12-SNAPSHOT.jar:/home/runner/.m2/repository/org/json/json/20250107/json-20250107.jar:/home/runner/work/apicurio-testing/apicurio-testing/clusters/ci419/namespaces/inmemory/tests/integration/apicurio-registry/serdes/kafka/avro-serde/target/apicurio-registry-avro-serde-kafka-3.0.12-SNAPSHOT.jar:/home/runner/work/apicurio-testing/apicurio-testing/clusters/ci419/namespaces/inmemory/tests/integration/apicurio-registry/serdes/generic/serde-common-avro/target/apicurio-registry-serde-common-avro-3.0.12-SNAPSHOT.jar:/home/runner/work/apicurio-testing/apicurio-testing/clusters/ci419/namespaces/inmemory/tests/integration/apicurio-registry/serdes/kafka/protobuf-serde/target/apicurio-registry-protobuf-serde-kafka-3.0.12-SNAPSHOT.jar:/home/runner/work/apicurio-testing/apicurio-testing/clusters/ci419/namespaces/inmemory/tests/integration/apicurio-registry/serdes/generic/serde-common-protobuf/target/apicurio-registry-serde-common-protobuf-3.0.12-SNAPSHOT.jar:/home/runner/.m2/repository/com/squareup/wire/wire-schema/5.3.3/wire-schema-5.3.3.jar:/home/runner/.m2/repository/com/squareup/wire/wire-runtime/5.3.3/wire-runtime-5.3.3.jar:/home/runner/work/apicurio-testing/apicurio-testing/clusters/ci419/namespaces/inmemory/tests/integration/apicurio-registry/serdes/pulsar/avro-serde/target/apicurio-registry-avro-serde-pulsar-3.0.12-SNAPSHOT.jar:/home/runner/.m2/repository/org/apache/pulsar/pulsar-functions-api/3.3.8/pulsar-functions-api-3.3.8.jar:/home/runner/work/apicurio-testing/apicurio-testing/clusters/ci419/namespaces/inmemory/tests/integration/apicurio-registry/serdes/nats/avro-serde/target/apicurio-registry-avro-serde-nats-3.0.12-SNAPSHOT.jar:/home/runner/.m2/repository/io/nats/jnats/2.21.4/jnats-2.21.4.jar:/home/runner/.m2/repository/org/bouncycastle/bcprov-lts8on/2.73.7/bcprov-lts8on-2.73.7.jar:/home/runner/.m2/repository/org/jetbrains/annotations/26.0.2/annotations-26.0.2.jar:/home/runner/work/apicurio-testing/apicurio-testing/clusters/ci419/namespaces/inmemory/tests/integration/apicurio-registry/utils/converter/target/apicurio-registry-utils-converter-3.0.12-SNAPSHOT.jar:/home/runner/work/apicurio-testing/apicurio-testing/clusters/ci419/namespaces/inmemory/tests/integration/apicurio-registry/schema-resolver/target/apicurio-registry-schema-resolver-3.0.12-SNAPSHOT.jar:/home/runner/.m2/repository/org/apache/kafka/connect-api/3.9.1/connect-api-3.9.1.jar:/home/runner/.m2/repository/javax/ws/rs/javax.ws.rs-api/2.1.1/javax.ws.rs-api-2.1.1.jar:/home/runner/.m2/repository/org/apache/kafka/connect-json/3.9.1/connect-json-3.9.1.jar:/home/runner/.m2/repository/com/fasterxml/jackson/datatype/jackson-datatype-jdk8/2.18.2/jackson-datatype-jdk8-2.18.2.jar:/home/runner/.m2/repository/com/fasterxml/jackson/module/jackson-module-afterburner/2.18.2/jackson-module-afterburner-2.18.2.jar:/home/runner/work/apicurio-testing/apicurio-testing/clusters/ci419/namespaces/inmemory/tests/integration/apicurio-registry/utils/kafka/target/apicurio-registry-utils-kafka-3.0.12-SNAPSHOT.jar:/home/runner/.m2/repository/org/apache/pulsar/pulsar-client/3.3.8/pulsar-client-3.3.8.jar:/home/runner/.m2/repository/org/apache/pulsar/pulsar-client-api/3.3.8/pulsar-client-api-3.3.8.jar:/home/runner/.m2/repository/org/apache/pulsar/pulsar-client-admin-api/3.3.8/pulsar-client-admin-api-3.3.8.jar:/home/runner/.m2/repository/org/apache/pulsar/bouncy-castle-bc/3.3.8/bouncy-castle-bc-3.3.8-pkg.jar:/home/runner/.m2/repository/org/bouncycastle/bcpkix-jdk18on/1.81/bcpkix-jdk18on-1.81.jar:/home/runner/.m2/repository/org/bouncycastle/bcutil-jdk18on/1.81/bcutil-jdk18on-1.81.jar:/home/runner/.m2/repository/org/bouncycastle/bcprov-jdk18on/1.81/bcprov-jdk18on-1.81.jar:/home/runner/.m2/repository/io/opentelemetry/opentelemetry-api/1.44.1/opentelemetry-api-1.44.1.jar:/home/runner/.m2/repository/io/opentelemetry/opentelemetry-context/1.44.1/opentelemetry-context-1.44.1.jar:/home/runner/.m2/repository/io/opentelemetry/opentelemetry-api-incubator/1.44.1-alpha/opentelemetry-api-incubator-1.44.1-alpha.jar:/home/runner/.m2/repository/com/fasterxml/jackson/core/jackson-annotations/2.18.2/jackson-annotations-2.18.2.jar:/home/runner/.m2/repository/javax/validation/validation-api/1.1.0.Final/validation-api-1.1.0.Final.jar:/home/runner/.m2/repository/org/jspecify/jspecify/1.0.0/jspecify-1.0.0.jar:/home/runner/.m2/repository/org/apache/commons/commons-configuration2/2.12.0/commons-configuration2-2.12.0.jar:/home/runner/.m2/repository/commons-logging/commons-logging/1.3.5/commons-logging-1.3.5.jar:/home/runner/.m2/repository/org/apache/commons/commons-text/1.13.0/commons-text-1.13.0.jar:/home/runner/.m2/repository/io/confluent/kafka-avro-serializer/8.0.0/kafka-avro-serializer-8.0.0.jar:/home/runner/.m2/repository/org/apache/commons/commons-compress/1.27.1/commons-compress-1.27.1.jar:/home/runner/.m2/repository/io/confluent/kafka-schema-serializer/8.0.0/kafka-schema-serializer-8.0.0.jar:/home/runner/.m2/repository/com/fasterxml/jackson/dataformat/jackson-dataformat-csv/2.18.2/jackson-dataformat-csv-2.18.2.jar:/home/runner/.m2/repository/io/confluent/kafka-schema-registry-client/8.0.0/kafka-schema-registry-client-8.0.0.jar:/home/runner/.m2/repository/org/yaml/snakeyaml/2.3/snakeyaml-2.3.jar:/home/runner/.m2/repository/io/swagger/core/v3/swagger-annotations/2.2.29/swagger-annotations-2.2.29.jar:/home/runner/.m2/repository/com/google/guava/guava/33.4.0-jre/guava-33.4.0-jre.jar:/home/runner/.m2/repository/com/google/guava/failureaccess/1.0.1/failureaccess-1.0.1.jar:/home/runner/.m2/repository/org/checkerframework/checker-qual/3.49.0/checker-qual-3.49.0.jar:/home/runner/.m2/repository/io/confluent/logredactor/1.0.13/logredactor-1.0.13.jar:/home/runner/.m2/repository/com/google/re2j/re2j/1.6/re2j-1.6.jar:/home/runner/.m2/repository/io/confluent/logredactor-metrics/1.0.13/logredactor-metrics-1.0.13.jar:/home/runner/.m2/repository/com/eclipsesource/minimal-json/minimal-json/0.9.5/minimal-json-0.9.5.jar:/home/runner/.m2/repository/io/confluent/common-utils/8.0.0/common-utils-8.0.0.jar:/home/runner/.m2/repository/io/confluent/kafka-connect-avro-converter/8.0.0/kafka-connect-avro-converter-8.0.0.jar:/home/runner/.m2/repository/io/confluent/kafka-connect-avro-data/8.0.0/kafka-connect-avro-data-8.0.0.jar:/home/runner/.m2/repository/io/confluent/kafka-schema-converter/8.0.0/kafka-schema-converter-8.0.0.jar:/home/runner/.m2/repository/io/rest-assured/rest-assured/5.5.1/rest-assured-5.5.1.jar:/home/runner/.m2/repository/org/apache/groovy/groovy/4.0.22/groovy-4.0.22.jar:/home/runner/.m2/repository/org/apache/groovy/groovy-xml/4.0.22/groovy-xml-4.0.22.jar:/home/runner/.m2/repository/org/apache/httpcomponents/httpclient/4.5.14/httpclient-4.5.14.jar:/home/runner/.m2/repository/org/apache/httpcomponents/httpcore/4.4.16/httpcore-4.4.16.jar:/home/runner/.m2/repository/org/apache/httpcomponents/httpmime/4.5.14/httpmime-4.5.14.jar:/home/runner/.m2/repository/org/hamcrest/hamcrest/2.2/hamcrest-2.2.jar:/home/runner/.m2/repository/org/ccil/cowan/tagsoup/tagsoup/1.2.1/tagsoup-1.2.1.jar:/home/runner/.m2/repository/io/rest-assured/json-path/5.5.1/json-path-5.5.1.jar:/home/runner/.m2/repository/org/apache/groovy/groovy-json/4.0.22/groovy-json-4.0.22.jar:/home/runner/.m2/repository/io/rest-assured/rest-assured-common/5.5.1/rest-assured-common-5.5.1.jar:/home/runner/.m2/repository/io/rest-assured/xml-path/5.5.1/xml-path-5.5.1.jar:/home/runner/.m2/repository/io/zonky/test/embedded-postgres/2.1.0/embedded-postgres-2.1.0.jar:/home/runner/.m2/repository/io/zonky/test/postgres/embedded-postgres-binaries-windows-amd64/14.15.0/embedded-postgres-binaries-windows-amd64-14.15.0.jar:/home/runner/.m2/repository/io/zonky/test/postgres/embedded-postgres-binaries-darwin-amd64/14.15.0/embedded-postgres-binaries-darwin-amd64-14.15.0.jar:/home/runner/.m2/repository/io/zonky/test/postgres/embedded-postgres-binaries-linux-amd64/14.15.0/embedded-postgres-binaries-linux-amd64-14.15.0.jar:/home/runner/.m2/repository/io/zonky/test/postgres/embedded-postgres-binaries-linux-amd64-alpine/14.15.0/embedded-postgres-binaries-linux-amd64-alpine-14.15.0.jar:/home/runner/.m2/repository/org/apache/commons/commons-lang3/3.17.0/commons-lang3-3.17.0.jar:/home/runner/.m2/repository/org/tukaani/xz/1.10/xz-1.10.jar:/home/runner/.m2/repository/commons-codec/commons-codec/1.19.0/commons-codec-1.19.0.jar:/home/runner/.m2/repository/org/postgresql/postgresql/42.7.7/postgresql-42.7.7.jar:/home/runner/.m2/repository/commons-io/commons-io/2.18.0/commons-io-2.18.0.jar:/home/runner/work/apicurio-testing/apicurio-testing/clusters/ci419/namespaces/inmemory/tests/integration/apicurio-registry/utils/importexport/target/apicurio-registry-utils-import-export-3.0.12-SNAPSHOT.jar:/home/runner/.m2/repository/io/vertx/vertx-core/4.5.16/vertx-core-4.5.16.jar:/home/runner/.m2/repository/io/netty/netty-common/4.1.121.Final/netty-common-4.1.121.Final.jar:/home/runner/.m2/repository/io/netty/netty-buffer/4.1.121.Final/netty-buffer-4.1.121.Final.jar:/home/runner/.m2/repository/io/netty/netty-transport/4.1.121.Final/netty-transport-4.1.121.Final.jar:/home/runner/.m2/repository/io/netty/netty-handler/4.1.121.Final/netty-handler-4.1.121.Final.jar:/home/runner/.m2/repository/io/netty/netty-transport-native-unix-common/4.1.121.Final/netty-transport-native-unix-common-4.1.121.Final.jar:/home/runner/.m2/repository/io/netty/netty-codec/4.1.121.Final/netty-codec-4.1.121.Final.jar:/home/runner/.m2/repository/io/netty/netty-handler-proxy/4.1.121.Final/netty-handler-proxy-4.1.121.Final.jar:/home/runner/.m2/repository/io/netty/netty-codec-socks/4.1.121.Final/netty-codec-socks-4.1.121.Final.jar:/home/runner/.m2/repository/io/netty/netty-codec-http/4.1.121.Final/netty-codec-http-4.1.121.Final.jar:/home/runner/.m2/repository/io/netty/netty-codec-http2/4.1.121.Final/netty-codec-http2-4.1.121.Final.jar:/home/runner/.m2/repository/io/netty/netty-resolver/4.1.121.Final/netty-resolver-4.1.121.Final.jar:/home/runner/.m2/repository/io/netty/netty-resolver-dns/4.1.121.Final/netty-resolver-dns-4.1.121.Final.jar:/home/runner/.m2/repository/io/netty/netty-codec-dns/4.1.121.Final/netty-codec-dns-4.1.121.Final.jar:/home/runner/.m2/repository/com/fasterxml/jackson/core/jackson-core/2.18.2/jackson-core-2.18.2.jar:"/>
    <property name="java.vm.vendor" value="Eclipse Adoptium"/>
    <property name="maven.javadoc.skip" value="true"/>
    <property name="sun.arch.data.model" value="64"/>
    <property name="java.vendor.url" value="https://adoptium.net/"/>
    <property name="user.timezone" value="Etc/UTC"/>
    <property name="os.name" value="Linux"/>
    <property name="java.vm.specification.version" value="17"/>
    <property name="sun.java.launcher" value="SUN_STANDARD"/>
    <property name="quarkus.http.test-port" value="80"/>
    <property name="sun.boot.library.path" value="/usr/lib/jvm/temurin-17-jdk-amd64/lib"/>
    <property name="sun.java.command" value="/home/runner/work/apicurio-testing/apicurio-testing/clusters/ci419/namespaces/inmemory/tests/integration/apicurio-registry/integration-tests/target/surefire/surefirebooter-20250813181646096_3.jar /home/runner/work/apicurio-testing/apicurio-testing/clusters/ci419/namespaces/inmemory/tests/integration/apicurio-registry/integration-tests/target/surefire 2025-08-13T18-16-46_038-jvmRun1 surefire-20250813181646096_1tmp surefire_0-20250813181646096_2tmp"/>
    <property name="maven.home" value="/home/runner/.m2/wrapper/dists/apache-maven-3.9.8-bin/4fnp1ql35bgk2a0p7m31ovbgb0/apache-maven-3.9.8"/>
    <property name="jdk.debug" value="release"/>
    <property name="surefire.test.class.path" value="/home/runner/work/apicurio-testing/apicurio-testing/clusters/ci419/namespaces/inmemory/tests/integration/apicurio-registry/integration-tests/target/test-classes:/home/runner/work/apicurio-testing/apicurio-testing/clusters/ci419/namespaces/inmemory/tests/integration/apicurio-registry/integration-tests/target/apicurio-registry-integration-tests-3.0.12-SNAPSHOT.jar:/home/runner/.m2/repository/io/quarkus/quarkus-junit5/3.20.2/quarkus-junit5-3.20.2.jar:/home/runner/.m2/repository/io/quarkus/quarkus-bootstrap-core/3.20.2/quarkus-bootstrap-core-3.20.2.jar:/home/runner/.m2/repository/io/quarkus/quarkus-classloader-commons/3.20.2/quarkus-classloader-commons-3.20.2.jar:/home/runner/.m2/repository/io/quarkus/quarkus-bootstrap-app-model/3.20.2/quarkus-bootstrap-app-model-3.20.2.jar:/home/runner/.m2/repository/io/smallrye/common/smallrye-common-io/2.12.0/smallrye-common-io-2.12.0.jar:/home/runner/.m2/repository/org/eclipse/sisu/org.eclipse.sisu.inject/0.9.0.M3/org.eclipse.sisu.inject-0.9.0.M3.jar:/home/runner/.m2/repository/io/quarkus/quarkus-test-common/3.20.2/quarkus-test-common-3.20.2.jar:/home/runner/.m2/repository/io/quarkus/quarkus-core-deployment/3.20.2/quarkus-core-deployment-3.20.2.jar:/home/runner/.m2/repository/org/aesh/readline/2.6/readline-2.6.jar:/home/runner/.m2/repository/org/fusesource/jansi/jansi/2.4.0/jansi-2.4.0.jar:/home/runner/.m2/repository/org/aesh/aesh/2.8.2/aesh-2.8.2.jar:/home/runner/.m2/repository/io/quarkus/gizmo/gizmo/1.8.0/gizmo-1.8.0.jar:/home/runner/.m2/repository/org/ow2/asm/asm-util/9.7.1/asm-util-9.7.1.jar:/home/runner/.m2/repository/org/ow2/asm/asm-analysis/9.7.1/asm-analysis-9.7.1.jar:/home/runner/.m2/repository/org/ow2/asm/asm-commons/9.7.1/asm-commons-9.7.1.jar:/home/runner/.m2/repository/org/ow2/asm/asm-tree/9.7.1/asm-tree-9.7.1.jar:/home/runner/.m2/repository/io/quarkus/quarkus-hibernate-validator-spi/3.20.2/quarkus-hibernate-validator-spi-3.20.2.jar:/home/runner/.m2/repository/io/quarkus/quarkus-class-change-agent/3.20.2/quarkus-class-change-agent-3.20.2.jar:/home/runner/.m2/repository/io/quarkus/quarkus-devtools-utilities/3.20.2/quarkus-devtools-utilities-3.20.2.jar:/home/runner/.m2/repository/io/quarkus/quarkus-builder/3.20.2/quarkus-builder-3.20.2.jar:/home/runner/.m2/repository/org/graalvm/sdk/nativeimage/23.1.2/nativeimage-23.1.2.jar:/home/runner/.m2/repository/org/graalvm/sdk/word/23.1.2/word-23.1.2.jar:/home/runner/.m2/repository/io/quarkus/quarkus-bootstrap-maven-resolver/3.20.2/quarkus-bootstrap-maven-resolver-3.20.2.jar:/home/runner/.m2/repository/io/smallrye/beanbag/smallrye-beanbag-maven/1.5.2/smallrye-beanbag-maven-1.5.2.jar:/home/runner/.m2/repository/io/smallrye/beanbag/smallrye-beanbag-sisu/1.5.2/smallrye-beanbag-sisu-1.5.2.jar:/home/runner/.m2/repository/io/smallrye/beanbag/smallrye-beanbag/1.5.2/smallrye-beanbag-1.5.2.jar:/home/runner/.m2/repository/javax/inject/javax.inject/1/javax.inject-1.jar:/home/runner/.m2/repository/org/apache/maven/maven-artifact/3.9.9/maven-artifact-3.9.9.jar:/home/runner/.m2/repository/org/apache/maven/maven-builder-support/3.9.9/maven-builder-support-3.9.9.jar:/home/runner/.m2/repository/org/apache/maven/maven-model/3.9.9/maven-model-3.9.9.jar:/home/runner/.m2/repository/org/apache/maven/maven-model-builder/3.9.9/maven-model-builder-3.9.9.jar:/home/runner/.m2/repository/org/apache/maven/maven-repository-metadata/3.9.9/maven-repository-metadata-3.9.9.jar:/home/runner/.m2/repository/org/apache/maven/maven-settings/3.9.9/maven-settings-3.9.9.jar:/home/runner/.m2/repository/org/apache/maven/resolver/maven-resolver-api/1.9.22/maven-resolver-api-1.9.22.jar:/home/runner/.m2/repository/org/apache/maven/resolver/maven-resolver-impl/1.9.22/maven-resolver-impl-1.9.22.jar:/home/runner/.m2/repository/org/apache/maven/resolver/maven-resolver-named-locks/1.9.22/maven-resolver-named-locks-1.9.22.jar:/home/runner/.m2/repository/org/apache/maven/resolver/maven-resolver-spi/1.9.22/maven-resolver-spi-1.9.22.jar:/home/runner/.m2/repository/org/apache/maven/resolver/maven-resolver-util/1.9.22/maven-resolver-util-1.9.22.jar:/home/runner/.m2/repository/org/apache/maven/resolver/maven-resolver-transport-http/1.9.20/maven-resolver-transport-http-1.9.20.jar:/home/runner/.m2/repository/org/apache/maven/wagon/wagon-provider-api/3.5.3/wagon-provider-api-3.5.3.jar:/home/runner/.m2/repository/org/apache/maven/wagon/wagon-http-shared/3.5.3/wagon-http-shared-3.5.3.jar:/home/runner/.m2/repository/org/codehaus/plexus/plexus-interpolation/1.26/plexus-interpolation-1.26.jar:/home/runner/.m2/repository/org/codehaus/plexus/plexus-utils/3.5.1/plexus-utils-3.5.1.jar:/home/runner/.m2/repository/org/codehaus/plexus/plexus-xml/4.0.1/plexus-xml-4.0.1.jar:/home/runner/.m2/repository/org/apache/maven/maven-xml-impl/4.0.0-alpha-5/maven-xml-impl-4.0.0-alpha-5.jar:/home/runner/.m2/repository/org/apache/maven/maven-api-xml/4.0.0-alpha-5/maven-api-xml-4.0.0-alpha-5.jar:/home/runner/.m2/repository/org/apache/maven/maven-api-meta/4.0.0-alpha-5/maven-api-meta-4.0.0-alpha-5.jar:/home/runner/.m2/repository/org/codehaus/plexus/plexus-cipher/2.0/plexus-cipher-2.0.jar:/home/runner/.m2/repository/org/codehaus/plexus/plexus-sec-dispatcher/2.0/plexus-sec-dispatcher-2.0.jar:/home/runner/.m2/repository/org/apache/maven/maven-embedder/3.9.9/maven-embedder-3.9.9.jar:/home/runner/.m2/repository/org/apache/maven/maven-core/3.9.9/maven-core-3.9.9.jar:/home/runner/.m2/repository/org/codehaus/plexus/plexus-component-annotations/2.1.0/plexus-component-annotations-2.1.0.jar:/home/runner/.m2/repository/org/apache/maven/maven-plugin-api/3.9.9/maven-plugin-api-3.9.9.jar:/home/runner/.m2/repository/org/apache/maven/shared/maven-shared-utils/3.4.2/maven-shared-utils-3.4.2.jar:/home/runner/.m2/repository/com/google/inject/guice/5.1.0/guice-5.1.0.jar:/home/runner/.m2/repository/aopalliance/aopalliance/1.0/aopalliance-1.0.jar:/home/runner/.m2/repository/org/codehaus/plexus/plexus-classworlds/2.6.0/plexus-classworlds-2.6.0.jar:/home/runner/.m2/repository/commons-cli/commons-cli/1.8.0/commons-cli-1.8.0.jar:/home/runner/.m2/repository/org/eclipse/sisu/org.eclipse.sisu.plexus/0.9.0.M3/org.eclipse.sisu.plexus-0.9.0.M3.jar:/home/runner/.m2/repository/org/apache/maven/maven-settings-builder/3.9.9/maven-settings-builder-3.9.9.jar:/home/runner/.m2/repository/org/apache/maven/maven-resolver-provider/3.9.9/maven-resolver-provider-3.9.9.jar:/home/runner/.m2/repository/org/apache/maven/resolver/maven-resolver-connector-basic/1.9.22/maven-resolver-connector-basic-1.9.22.jar:/home/runner/.m2/repository/org/apache/maven/resolver/maven-resolver-transport-wagon/1.9.22/maven-resolver-transport-wagon-1.9.22.jar:/home/runner/.m2/repository/org/apache/maven/wagon/wagon-http/3.5.3/wagon-http-3.5.3.jar:/home/runner/.m2/repository/org/apache/maven/wagon/wagon-file/3.5.3/wagon-file-3.5.3.jar:/home/runner/.m2/repository/io/quarkus/quarkus-bootstrap-gradle-resolver/3.20.2/quarkus-bootstrap-gradle-resolver-3.20.2.jar:/home/runner/.m2/repository/io/smallrye/jandex/3.3.0/jandex-3.3.0.jar:/home/runner/.m2/repository/org/jboss/logging/commons-logging-jboss-logging/1.0.0.Final/commons-logging-jboss-logging-1.0.0.Final.jar:/home/runner/.m2/repository/io/quarkus/quarkus-junit5-config/3.20.2/quarkus-junit5-config-3.20.2.jar:/home/runner/.m2/repository/org/junit/jupiter/junit-jupiter-api/5.12.1/junit-jupiter-api-5.12.1.jar:/home/runner/.m2/repository/io/smallrye/config/smallrye-config/3.11.4/smallrye-config-3.11.4.jar:/home/runner/.m2/repository/io/smallrye/config/smallrye-config-core/3.11.4/smallrye-config-core-3.11.4.jar:/home/runner/.m2/repository/io/smallrye/common/smallrye-common-classloader/2.12.0/smallrye-common-classloader-2.12.0.jar:/home/runner/.m2/repository/io/smallrye/config/smallrye-config-common/3.11.4/smallrye-config-common-3.11.4.jar:/home/runner/.m2/repository/org/junit/jupiter/junit-jupiter/5.12.1/junit-jupiter-5.12.1.jar:/home/runner/.m2/repository/org/junit/jupiter/junit-jupiter-params/5.12.1/junit-jupiter-params-5.12.1.jar:/home/runner/.m2/repository/org/junit/jupiter/junit-jupiter-engine/5.12.1/junit-jupiter-engine-5.12.1.jar:/home/runner/.m2/repository/io/quarkus/quarkus-core/3.20.2/quarkus-core-3.20.2.jar:/home/runner/.m2/repository/jakarta/enterprise/jakarta.enterprise.cdi-api/4.1.0/jakarta.enterprise.cdi-api-4.1.0.jar:/home/runner/.m2/repository/jakarta/enterprise/jakarta.enterprise.lang-model/4.1.0/jakarta.enterprise.lang-model-4.1.0.jar:/home/runner/.m2/repository/jakarta/el/jakarta.el-api/5.0.1/jakarta.el-api-5.0.1.jar:/home/runner/.m2/repository/jakarta/interceptor/jakarta.interceptor-api/2.2.0/jakarta.interceptor-api-2.2.0.jar:/home/runner/.m2/repository/jakarta/inject/jakarta.inject-api/2.0.1/jakarta.inject-api-2.0.1.jar:/home/runner/.m2/repository/io/smallrye/common/smallrye-common-os/2.12.0/smallrye-common-os-2.12.0.jar:/home/runner/.m2/repository/io/quarkus/quarkus-ide-launcher/3.20.2/quarkus-ide-launcher-3.20.2.jar:/home/runner/.m2/repository/io/quarkus/quarkus-development-mode-spi/3.20.2/quarkus-development-mode-spi-3.20.2.jar:/home/runner/.m2/repository/org/jboss/logging/jboss-logging/3.6.1.Final/jboss-logging-3.6.1.Final.jar:/home/runner/.m2/repository/org/jboss/logmanager/jboss-logmanager/3.1.2.Final/jboss-logmanager-3.1.2.Final.jar:/home/runner/.m2/repository/io/smallrye/common/smallrye-common-constraint/2.12.0/smallrye-common-constraint-2.12.0.jar:/home/runner/.m2/repository/io/smallrye/common/smallrye-common-cpu/2.12.0/smallrye-common-cpu-2.12.0.jar:/home/runner/.m2/repository/io/smallrye/common/smallrye-common-expression/2.12.0/smallrye-common-expression-2.12.0.jar:/home/runner/.m2/repository/io/smallrye/common/smallrye-common-net/2.12.0/smallrye-common-net-2.12.0.jar:/home/runner/.m2/repository/io/smallrye/common/smallrye-common-ref/2.12.0/smallrye-common-ref-2.12.0.jar:/home/runner/.m2/repository/jakarta/json/jakarta.json-api/2.1.3/jakarta.json-api-2.1.3.jar:/home/runner/.m2/repository/org/eclipse/parsson/parsson/1.1.7/parsson-1.1.7.jar:/home/runner/.m2/repository/org/jboss/logging/jboss-logging-annotations/3.0.4.Final/jboss-logging-annotations-3.0.4.Final.jar:/home/runner/.m2/repository/org/jboss/threads/jboss-threads/3.8.0.Final/jboss-threads-3.8.0.Final.jar:/home/runner/.m2/repository/io/smallrye/common/smallrye-common-annotation/2.12.0/smallrye-common-annotation-2.12.0.jar:/home/runner/.m2/repository/io/smallrye/common/smallrye-common-function/2.12.0/smallrye-common-function-2.12.0.jar:/home/runner/.m2/repository/org/jboss/slf4j/slf4j-jboss-logmanager/2.0.0.Final/slf4j-jboss-logmanager-2.0.0.Final.jar:/home/runner/.m2/repository/org/wildfly/common/wildfly-common/2.0.1/wildfly-common-2.0.1.jar:/home/runner/.m2/repository/io/quarkus/quarkus-bootstrap-runner/3.20.2/quarkus-bootstrap-runner-3.20.2.jar:/home/runner/.m2/repository/io/github/crac/org-crac/0.1.3/org-crac-0.1.3.jar:/home/runner/.m2/repository/io/quarkus/quarkus-fs-util/0.0.10/quarkus-fs-util-0.0.10.jar:/home/runner/.m2/repository/org/jboss/marshalling/jboss-marshalling/2.2.2.Final/jboss-marshalling-2.2.2.Final.jar:/home/runner/.m2/repository/io/fabric8/kubernetes-client/7.1.0/kubernetes-client-7.1.0.jar:/home/runner/.m2/repository/io/fabric8/kubernetes-client-api/7.1.0/kubernetes-client-api-7.1.0.jar:/home/runner/.m2/repository/io/fabric8/kubernetes-model-core/7.1.0/kubernetes-model-core-7.1.0.jar:/home/runner/.m2/repository/io/fabric8/kubernetes-model-common/7.1.0/kubernetes-model-common-7.1.0.jar:/home/runner/.m2/repository/javax/annotation/javax.annotation-api/1.3.2/javax.annotation-api-1.3.2.jar:/home/runner/.m2/repository/io/fabric8/kubernetes-model-gatewayapi/7.1.0/kubernetes-model-gatewayapi-7.1.0.jar:/home/runner/.m2/repository/io/fabric8/kubernetes-model-resource/7.1.0/kubernetes-model-resource-7.1.0.jar:/home/runner/.m2/repository/io/fabric8/kubernetes-model-rbac/7.1.0/kubernetes-model-rbac-7.1.0.jar:/home/runner/.m2/repository/io/fabric8/kubernetes-model-admissionregistration/7.1.0/kubernetes-model-admissionregistration-7.1.0.jar:/home/runner/.m2/repository/io/fabric8/kubernetes-model-apps/7.1.0/kubernetes-model-apps-7.1.0.jar:/home/runner/.m2/repository/io/fabric8/kubernetes-model-autoscaling/7.1.0/kubernetes-model-autoscaling-7.1.0.jar:/home/runner/.m2/repository/io/fabric8/kubernetes-model-apiextensions/7.1.0/kubernetes-model-apiextensions-7.1.0.jar:/home/runner/.m2/repository/io/fabric8/kubernetes-model-batch/7.1.0/kubernetes-model-batch-7.1.0.jar:/home/runner/.m2/repository/io/fabric8/kubernetes-model-certificates/7.1.0/kubernetes-model-certificates-7.1.0.jar:/home/runner/.m2/repository/io/fabric8/kubernetes-model-coordination/7.1.0/kubernetes-model-coordination-7.1.0.jar:/home/runner/.m2/repository/io/fabric8/kubernetes-model-discovery/7.1.0/kubernetes-model-discovery-7.1.0.jar:/home/runner/.m2/repository/io/fabric8/kubernetes-model-events/7.1.0/kubernetes-model-events-7.1.0.jar:/home/runner/.m2/repository/io/fabric8/kubernetes-model-extensions/7.1.0/kubernetes-model-extensions-7.1.0.jar:/home/runner/.m2/repository/io/fabric8/kubernetes-model-flowcontrol/7.1.0/kubernetes-model-flowcontrol-7.1.0.jar:/home/runner/.m2/repository/io/fabric8/kubernetes-model-networking/7.1.0/kubernetes-model-networking-7.1.0.jar:/home/runner/.m2/repository/io/fabric8/kubernetes-model-metrics/7.1.0/kubernetes-model-metrics-7.1.0.jar:/home/runner/.m2/repository/io/fabric8/kubernetes-model-policy/7.1.0/kubernetes-model-policy-7.1.0.jar:/home/runner/.m2/repository/io/fabric8/kubernetes-model-scheduling/7.1.0/kubernetes-model-scheduling-7.1.0.jar:/home/runner/.m2/repository/io/fabric8/kubernetes-model-storageclass/7.1.0/kubernetes-model-storageclass-7.1.0.jar:/home/runner/.m2/repository/io/fabric8/kubernetes-model-node/7.1.0/kubernetes-model-node-7.1.0.jar:/home/runner/.m2/repository/org/snakeyaml/snakeyaml-engine/2.9/snakeyaml-engine-2.9.jar:/home/runner/.m2/repository/com/fasterxml/jackson/dataformat/jackson-dataformat-yaml/2.18.2/jackson-dataformat-yaml-2.18.2.jar:/home/runner/.m2/repository/com/fasterxml/jackson/datatype/jackson-datatype-jsr310/2.18.2/jackson-datatype-jsr310-2.18.2.jar:/home/runner/.m2/repository/io/fabric8/zjsonpatch/7.1.0/zjsonpatch-7.1.0.jar:/home/runner/.m2/repository/io/fabric8/kubernetes-httpclient-vertx/7.1.0/kubernetes-httpclient-vertx-7.1.0.jar:/home/runner/.m2/repository/io/vertx/vertx-web-client/4.5.16/vertx-web-client-4.5.16.jar:/home/runner/.m2/repository/io/vertx/vertx-web-common/4.5.16/vertx-web-common-4.5.16.jar:/home/runner/.m2/repository/io/vertx/vertx-auth-common/4.5.16/vertx-auth-common-4.5.16.jar:/home/runner/.m2/repository/io/vertx/vertx-uri-template/4.5.16/vertx-uri-template-4.5.16.jar:/home/runner/.m2/repository/io/fabric8/openshift-client/7.1.0/openshift-client-7.1.0.jar:/home/runner/.m2/repository/io/fabric8/openshift-client-api/7.1.0/openshift-client-api-7.1.0.jar:/home/runner/.m2/repository/io/fabric8/openshift-model/7.1.0/openshift-model-7.1.0.jar:/home/runner/.m2/repository/io/fabric8/openshift-model-autoscaling/7.1.0/openshift-model-autoscaling-7.1.0.jar:/home/runner/.m2/repository/io/fabric8/openshift-model-operator/7.1.0/openshift-model-operator-7.1.0.jar:/home/runner/.m2/repository/io/fabric8/openshift-model-operatorhub/7.1.0/openshift-model-operatorhub-7.1.0.jar:/home/runner/.m2/repository/io/fabric8/openshift-model-machine/7.1.0/openshift-model-machine-7.1.0.jar:/home/runner/.m2/repository/io/fabric8/openshift-model-whereabouts/7.1.0/openshift-model-whereabouts-7.1.0.jar:/home/runner/.m2/repository/io/fabric8/openshift-model-monitoring/7.1.0/openshift-model-monitoring-7.1.0.jar:/home/runner/.m2/repository/io/fabric8/openshift-model-storageversionmigrator/7.1.0/openshift-model-storageversionmigrator-7.1.0.jar:/home/runner/.m2/repository/io/fabric8/openshift-model-tuned/7.1.0/openshift-model-tuned-7.1.0.jar:/home/runner/.m2/repository/io/fabric8/openshift-model-console/7.1.0/openshift-model-console-7.1.0.jar:/home/runner/.m2/repository/io/fabric8/openshift-model-config/7.1.0/openshift-model-config-7.1.0.jar:/home/runner/.m2/repository/io/fabric8/openshift-model-machineconfiguration/7.1.0/openshift-model-machineconfiguration-7.1.0.jar:/home/runner/.m2/repository/io/fabric8/openshift-model-miscellaneous/7.1.0/openshift-model-miscellaneous-7.1.0.jar:/home/runner/.m2/repository/io/fabric8/openshift-model-hive/7.1.0/openshift-model-hive-7.1.0.jar:/home/runner/.m2/repository/io/fabric8/openshift-model-installer/7.1.0/openshift-model-installer-7.1.0.jar:/home/runner/.m2/repository/org/junit/platform/junit-platform-launcher/1.12.1/junit-platform-launcher-1.12.1.jar:/home/runner/.m2/repository/org/junit/platform/junit-platform-engine/1.12.1/junit-platform-engine-1.12.1.jar:/home/runner/.m2/repository/org/opentest4j/opentest4j/1.3.0/opentest4j-1.3.0.jar:/home/runner/.m2/repository/org/junit/platform/junit-platform-commons/1.12.1/junit-platform-commons-1.12.1.jar:/home/runner/.m2/repository/org/apiguardian/apiguardian-api/1.1.2/apiguardian-api-1.1.2.jar:/home/runner/.m2/repository/jakarta/ws/rs/jakarta.ws.rs-api/3.1.0/jakarta.ws.rs-api-3.1.0.jar:/home/runner/work/apicurio-testing/apicurio-testing/clusters/ci419/namespaces/inmemory/tests/integration/apicurio-registry/java-sdk/target/apicurio-registry-java-sdk-3.0.12-SNAPSHOT.jar:/home/runner/.m2/repository/com/microsoft/kiota/microsoft-kiota-abstractions/1.8.9/microsoft-kiota-abstractions-1.8.9.jar:/home/runner/.m2/repository/io/github/std-uritemplate/std-uritemplate/2.0.0/std-uritemplate-2.0.0.jar:/home/runner/.m2/repository/io/kiota/kiota-http-jdk/0.0.29/kiota-http-jdk-0.0.29.jar:/home/runner/.m2/repository/io/kiota/kiota-http-vertx/0.0.29/kiota-http-vertx-0.0.29.jar:/home/runner/.m2/repository/io/kiota/kiota-serialization-jackson/0.0.29/kiota-serialization-jackson-0.0.29.jar:/home/runner/.m2/repository/com/microsoft/kiota/microsoft-kiota-serialization-text/1.8.9/microsoft-kiota-serialization-text-1.8.9.jar:/home/runner/.m2/repository/com/microsoft/kiota/microsoft-kiota-serialization-form/1.8.9/microsoft-kiota-serialization-form-1.8.9.jar:/home/runner/.m2/repository/com/microsoft/kiota/microsoft-kiota-serialization-multipart/1.8.9/microsoft-kiota-serialization-multipart-1.8.9.jar:/home/runner/.m2/repository/jakarta/annotation/jakarta.annotation-api/3.0.0/jakarta.annotation-api-3.0.0.jar:/home/runner/.m2/repository/io/vertx/vertx-auth-oauth2/4.5.16/vertx-auth-oauth2-4.5.16.jar:/home/runner/work/apicurio-testing/apicurio-testing/clusters/ci419/namespaces/inmemory/tests/integration/apicurio-registry/java-sdk-v2/target/apicurio-registry-v2-java-sdk-3.0.12-SNAPSHOT.jar:/home/runner/work/apicurio-testing/apicurio-testing/clusters/ci419/namespaces/inmemory/tests/integration/apicurio-registry/utils/kafka/target/apicurio-registry-utils-kafka-3.0.12-SNAPSHOT-tests.jar:/home/runner/.m2/repository/org/eclipse/microprofile/config/microprofile-config-api/3.1/microprofile-config-api-3.1.jar:/home/runner/.m2/repository/org/apache/kafka/kafka-clients/3.9.1/kafka-clients-3.9.1.jar:/home/runner/.m2/repository/com/github/luben/zstd-jni/1.5.6-4/zstd-jni-1.5.6-4.jar:/home/runner/.m2/repository/org/lz4/lz4-java/1.8.0/lz4-java-1.8.0.jar:/home/runner/.m2/repository/org/xerial/snappy/snappy-java/1.1.10.5/snappy-java-1.1.10.5.jar:/home/runner/.m2/repository/org/slf4j/slf4j-api/2.0.6/slf4j-api-2.0.6.jar:/home/runner/work/apicurio-testing/apicurio-testing/clusters/ci419/namespaces/inmemory/tests/integration/apicurio-registry/utils/tests/target/apicurio-registry-utils-tests-3.0.12-SNAPSHOT.jar:/home/runner/work/apicurio-testing/apicurio-testing/clusters/ci419/namespaces/inmemory/tests/integration/apicurio-registry/common/target/apicurio-registry-common-3.0.12-SNAPSHOT.jar:/home/runner/.m2/repository/jakarta/validation/jakarta.validation-api/3.0.2/jakarta.validation-api-3.0.2.jar:/home/runner/.m2/repository/com/github/dasniko/testcontainers-keycloak/3.8.0/testcontainers-keycloak-3.8.0.jar:/home/runner/.m2/repository/org/testcontainers/testcontainers/1.20.6/testcontainers-1.20.6.jar:/home/runner/.m2/repository/org/rnorth/duct-tape/duct-tape/1.0.8/duct-tape-1.0.8.jar:/home/runner/.m2/repository/com/github/docker-java/docker-java-transport-zerodep/3.4.1/docker-java-transport-zerodep-3.4.1.jar:/home/runner/.m2/repository/com/github/docker-java/docker-java-transport/3.4.1/docker-java-transport-3.4.1.jar:/home/runner/.m2/repository/net/java/dev/jna/jna/5.8.0/jna-5.8.0.jar:/home/runner/.m2/repository/io/quarkus/quarkus-junit4-mock/3.20.2/quarkus-junit4-mock-3.20.2.jar:/home/runner/.m2/repository/org/jboss/shrinkwrap/shrinkwrap-api/2.0.0-beta-2/shrinkwrap-api-2.0.0-beta-2.jar:/home/runner/.m2/repository/org/jboss/shrinkwrap/shrinkwrap-impl-base/2.0.0-beta-2/shrinkwrap-impl-base-2.0.0-beta-2.jar:/home/runner/.m2/repository/org/jboss/shrinkwrap/shrinkwrap-spi/2.0.0-beta-2/shrinkwrap-spi-2.0.0-beta-2.jar:/home/runner/.m2/repository/org/keycloak/keycloak-admin-client/26.0.4/keycloak-admin-client-26.0.4.jar:/home/runner/.m2/repository/org/keycloak/keycloak-client-common-synced/26.0.4/keycloak-client-common-synced-26.0.4.jar:/home/runner/.m2/repository/jakarta/activation/jakarta.activation-api/2.1.3/jakarta.activation-api-2.1.3.jar:/home/runner/.m2/repository/org/eclipse/microprofile/openapi/microprofile-openapi-api/4.0.2/microprofile-openapi-api-4.0.2.jar:/home/runner/.m2/repository/org/jboss/resteasy/resteasy-client/6.2.12.Final/resteasy-client-6.2.12.Final.jar:/home/runner/.m2/repository/org/jboss/resteasy/resteasy-client-api/6.2.12.Final/resteasy-client-api-6.2.12.Final.jar:/home/runner/.m2/repository/org/jboss/resteasy/resteasy-core-spi/6.2.12.Final/resteasy-core-spi-6.2.12.Final.jar:/home/runner/.m2/repository/org/jboss/resteasy/resteasy-core/6.2.12.Final/resteasy-core-6.2.12.Final.jar:/home/runner/.m2/repository/org/eclipse/angus/angus-activation/2.0.2/angus-activation-2.0.2.jar:/home/runner/.m2/repository/com/ibm/async/asyncutil/0.1.0/asyncutil-0.1.0.jar:/home/runner/.m2/repository/org/reactivestreams/reactive-streams/1.0.4/reactive-streams-1.0.4.jar:/home/runner/.m2/repository/org/jboss/resteasy/resteasy-multipart-provider/6.2.12.Final/resteasy-multipart-provider-6.2.12.Final.jar:/home/runner/.m2/repository/jakarta/mail/jakarta.mail-api/2.1.3/jakarta.mail-api-2.1.3.jar:/home/runner/.m2/repository/org/eclipse/angus/angus-mail/2.0.3/angus-mail-2.0.3.jar:/home/runner/.m2/repository/org/apache/james/apache-mime4j-dom/0.8.12/apache-mime4j-dom-0.8.12.jar:/home/runner/.m2/repository/org/apache/james/apache-mime4j-core/0.8.12/apache-mime4j-core-0.8.12.jar:/home/runner/.m2/repository/org/apache/james/apache-mime4j-storage/0.8.12/apache-mime4j-storage-0.8.12.jar:/home/runner/.m2/repository/org/jboss/resteasy/resteasy-jackson2-provider/6.2.12.Final/resteasy-jackson2-provider-6.2.12.Final.jar:/home/runner/.m2/repository/com/fasterxml/jackson/jakarta/rs/jackson-jakarta-rs-base/2.18.2/jackson-jakarta-rs-base-2.18.2.jar:/home/runner/.m2/repository/com/fasterxml/jackson/jakarta/rs/jackson-jakarta-rs-json-provider/2.18.2/jackson-jakarta-rs-json-provider-2.18.2.jar:/home/runner/.m2/repository/com/fasterxml/jackson/module/jackson-module-jakarta-xmlbind-annotations/2.18.2/jackson-module-jakarta-xmlbind-annotations-2.18.2.jar:/home/runner/.m2/repository/com/github/java-json-tools/json-patch/1.13/json-patch-1.13.jar:/home/runner/.m2/repository/com/github/java-json-tools/msg-simple/1.2/msg-simple-1.2.jar:/home/runner/.m2/repository/com/github/java-json-tools/btf/1.3/btf-1.3.jar:/home/runner/.m2/repository/com/github/java-json-tools/jackson-coreutils/2.0/jackson-coreutils-2.0.jar:/home/runner/.m2/repository/org/jboss/resteasy/resteasy-jaxb-provider/6.2.12.Final/resteasy-jaxb-provider-6.2.12.Final.jar:/home/runner/.m2/repository/org/glassfish/jaxb/codemodel/4.0.5/codemodel-4.0.5.jar:/home/runner/.m2/repository/org/glassfish/jaxb/jaxb-core/4.0.5/jaxb-core-4.0.5.jar:/home/runner/.m2/repository/org/glassfish/jaxb/jaxb-jxc/4.0.5/jaxb-jxc-4.0.5.jar:/home/runner/.m2/repository/org/glassfish/jaxb/jaxb-runtime/4.0.5/jaxb-runtime-4.0.5.jar:/home/runner/.m2/repository/org/glassfish/jaxb/txw2/4.0.5/txw2-4.0.5.jar:/home/runner/.m2/repository/org/glassfish/jaxb/jaxb-xjc/4.0.5/jaxb-xjc-4.0.5.jar:/home/runner/.m2/repository/org/glassfish/jaxb/xsom/4.0.5/xsom-4.0.5.jar:/home/runner/.m2/repository/com/sun/istack/istack-commons-runtime/4.1.2/istack-commons-runtime-4.1.2.jar:/home/runner/.m2/repository/com/sun/istack/istack-commons-tools/4.1.2/istack-commons-tools-4.1.2.jar:/home/runner/.m2/repository/com/sun/xml/bind/external/relaxng-datatype/4.0.5/relaxng-datatype-4.0.5.jar:/home/runner/.m2/repository/com/sun/xml/bind/external/rngom/4.0.5/rngom-4.0.5.jar:/home/runner/.m2/repository/org/testcontainers/mssqlserver/1.20.6/mssqlserver-1.20.6.jar:/home/runner/.m2/repository/org/testcontainers/jdbc/1.20.6/jdbc-1.20.6.jar:/home/runner/.m2/repository/org/testcontainers/database-commons/1.20.6/database-commons-1.20.6.jar:/home/runner/.m2/repository/org/testcontainers/mysql/1.20.6/mysql-1.20.6.jar:/home/runner/.m2/repository/io/strimzi/strimzi-test-container/0.111.0/strimzi-test-container-0.111.0.jar:/home/runner/.m2/repository/org/testcontainers/toxiproxy/1.20.6/toxiproxy-1.20.6.jar:/home/runner/.m2/repository/com/github/docker-java/docker-java-api/3.4.1/docker-java-api-3.4.1.jar:/home/runner/.m2/repository/org/apache/logging/log4j/log4j-slf4j-impl/2.19.0/log4j-slf4j-impl-2.19.0.jar:/home/runner/.m2/repository/org/apache/logging/log4j/log4j-api/2.24.3/log4j-api-2.24.3.jar:/home/runner/.m2/repository/org/apache/logging/log4j/log4j-core/2.19.0/log4j-core-2.19.0.jar:/home/runner/.m2/repository/eu/rekawek/toxiproxy/toxiproxy-java/2.1.7/toxiproxy-java-2.1.7.jar:/home/runner/.m2/repository/org/testcontainers/pulsar/1.21.3/pulsar-1.21.3.jar:/home/runner/.m2/repository/io/debezium/debezium-testing-testcontainers/2.7.4.Final/debezium-testing-testcontainers-2.7.4.Final.jar:/home/runner/.m2/repository/org/testcontainers/kafka/1.20.6/kafka-1.20.6.jar:/home/runner/.m2/repository/com/squareup/okhttp3/okhttp/4.8.1/okhttp-4.8.1.jar:/home/runner/.m2/repository/com/squareup/okio/okio/3.10.2/okio-3.10.2.jar:/home/runner/.m2/repository/com/squareup/okio/okio-jvm/3.10.2/okio-jvm-3.10.2.jar:/home/runner/.m2/repository/org/jetbrains/kotlin/kotlin-stdlib/2.0.21/kotlin-stdlib-2.0.21.jar:/home/runner/.m2/repository/org/awaitility/awaitility/4.3.0/awaitility-4.3.0.jar:/home/runner/.m2/repository/org/testcontainers/mongodb/1.20.6/mongodb-1.20.6.jar:/home/runner/.m2/repository/org/testcontainers/mariadb/1.20.6/mariadb-1.20.6.jar:/home/runner/.m2/repository/org/testcontainers/oracle-xe/1.20.6/oracle-xe-1.20.6.jar:/home/runner/.m2/repository/org/testcontainers/postgresql/1.20.6/postgresql-1.20.6.jar:/home/runner/.m2/repository/org/wiremock/wiremock/3.0.1/wiremock-3.0.1.jar:/home/runner/.m2/repository/org/eclipse/jetty/jetty-server/11.0.15/jetty-server-11.0.15.jar:/home/runner/.m2/repository/org/eclipse/jetty/toolchain/jetty-jakarta-servlet-api/5.0.2/jetty-jakarta-servlet-api-5.0.2.jar:/home/runner/.m2/repository/org/eclipse/jetty/jetty-http/11.0.15/jetty-http-11.0.15.jar:/home/runner/.m2/repository/org/eclipse/jetty/jetty-io/11.0.15/jetty-io-11.0.15.jar:/home/runner/.m2/repository/org/eclipse/jetty/jetty-servlet/11.0.15/jetty-servlet-11.0.15.jar:/home/runner/.m2/repository/org/eclipse/jetty/jetty-security/11.0.15/jetty-security-11.0.15.jar:/home/runner/.m2/repository/org/eclipse/jetty/jetty-servlets/11.0.15/jetty-servlets-11.0.15.jar:/home/runner/.m2/repository/org/eclipse/jetty/jetty-util/11.0.15/jetty-util-11.0.15.jar:/home/runner/.m2/repository/org/eclipse/jetty/jetty-webapp/11.0.15/jetty-webapp-11.0.15.jar:/home/runner/.m2/repository/org/eclipse/jetty/jetty-xml/11.0.15/jetty-xml-11.0.15.jar:/home/runner/.m2/repository/org/eclipse/jetty/jetty-proxy/11.0.15/jetty-proxy-11.0.15.jar:/home/runner/.m2/repository/org/eclipse/jetty/jetty-client/11.0.15/jetty-client-11.0.15.jar:/home/runner/.m2/repository/org/eclipse/jetty/http2/http2-server/11.0.15/http2-server-11.0.15.jar:/home/runner/.m2/repository/org/eclipse/jetty/http2/http2-common/11.0.15/http2-common-11.0.15.jar:/home/runner/.m2/repository/org/eclipse/jetty/http2/http2-hpack/11.0.15/http2-hpack-11.0.15.jar:/home/runner/.m2/repository/org/eclipse/jetty/jetty-alpn-server/11.0.15/jetty-alpn-server-11.0.15.jar:/home/runner/.m2/repository/org/eclipse/jetty/jetty-alpn-java-server/11.0.15/jetty-alpn-java-server-11.0.15.jar:/home/runner/.m2/repository/org/eclipse/jetty/jetty-alpn-java-client/11.0.15/jetty-alpn-java-client-11.0.15.jar:/home/runner/.m2/repository/org/eclipse/jetty/jetty-alpn-client/11.0.15/jetty-alpn-client-11.0.15.jar:/home/runner/.m2/repository/org/apache/httpcomponents/client5/httpclient5/5.2.1/httpclient5-5.2.1.jar:/home/runner/.m2/repository/org/apache/httpcomponents/core5/httpcore5/5.2/httpcore5-5.2.jar:/home/runner/.m2/repository/org/apache/httpcomponents/core5/httpcore5-h2/5.2/httpcore5-h2-5.2.jar:/home/runner/.m2/repository/org/xmlunit/xmlunit-core/2.9.1/xmlunit-core-2.9.1.jar:/home/runner/.m2/repository/jakarta/xml/bind/jakarta.xml.bind-api/4.0.2/jakarta.xml.bind-api-4.0.2.jar:/home/runner/.m2/repository/org/xmlunit/xmlunit-legacy/2.9.1/xmlunit-legacy-2.9.1.jar:/home/runner/.m2/repository/org/xmlunit/xmlunit-placeholders/2.9.1/xmlunit-placeholders-2.9.1.jar:/home/runner/.m2/repository/net/javacrumbs/json-unit/json-unit-core/2.38.0/json-unit-core-2.38.0.jar:/home/runner/.m2/repository/org/hamcrest/hamcrest-core/2.2/hamcrest-core-2.2.jar:/home/runner/.m2/repository/com/jayway/jsonpath/json-path/2.8.0/json-path-2.8.0.jar:/home/runner/.m2/repository/net/minidev/json-smart/2.4.10/json-smart-2.4.10.jar:/home/runner/.m2/repository/net/minidev/accessors-smart/2.4.9/accessors-smart-2.4.9.jar:/home/runner/.m2/repository/org/ow2/asm/asm/9.7.1/asm-9.7.1.jar:/home/runner/.m2/repository/net/sf/jopt-simple/jopt-simple/5.0.4/jopt-simple-5.0.4.jar:/home/runner/.m2/repository/com/github/jknack/handlebars/4.3.1/handlebars-4.3.1.jar:/home/runner/.m2/repository/com/github/jknack/handlebars-helpers/4.3.1/handlebars-helpers-4.3.1.jar:/home/runner/.m2/repository/commons-fileupload/commons-fileupload/1.5/commons-fileupload-1.5.jar:/home/runner/.m2/repository/com/networknt/json-schema-validator/1.5.8/json-schema-validator-1.5.8.jar:/home/runner/.m2/repository/com/ethlo/time/itu/1.10.3/itu-1.10.3.jar:/home/runner/.m2/repository/io/quarkus/quarkus-smallrye-jwt-build/3.20.2/quarkus-smallrye-jwt-build-3.20.2.jar:/home/runner/.m2/repository/io/smallrye/smallrye-jwt-build/4.6.2/smallrye-jwt-build-4.6.2.jar:/home/runner/.m2/repository/org/eclipse/microprofile/jwt/microprofile-jwt-auth-api/2.1/microprofile-jwt-auth-api-2.1.jar:/home/runner/.m2/repository/org/bitbucket/b_c/jose4j/0.9.6/jose4j-0.9.6.jar:/home/runner/.m2/repository/io/smallrye/smallrye-jwt-common/4.6.2/smallrye-jwt-common-4.6.2.jar:/home/runner/.m2/repository/io/quarkus/quarkus-jsonp/3.20.2/quarkus-jsonp-3.20.2.jar:/home/runner/.m2/repository/io/quarkus/quarkus-arc/3.20.2/quarkus-arc-3.20.2.jar:/home/runner/.m2/repository/io/quarkus/arc/arc/3.20.2/arc-3.20.2.jar:/home/runner/.m2/repository/jakarta/transaction/jakarta.transaction-api/2.0.1/jakarta.transaction-api-2.0.1.jar:/home/runner/.m2/repository/io/smallrye/reactive/mutiny/2.9.2/mutiny-2.9.2.jar:/home/runner/.m2/repository/org/jctools/jctools-core/4.0.5/jctools-core-4.0.5.jar:/home/runner/.m2/repository/org/eclipse/microprofile/context-propagation/microprofile-context-propagation-api/1.3/microprofile-context-propagation-api-1.3.jar:/home/runner/.m2/repository/io/apicurio/apicurio-common-rest-client-common/0.1.18.Final/apicurio-common-rest-client-common-0.1.18.Final.jar:/home/runner/work/apicurio-testing/apicurio-testing/clusters/ci419/namespaces/inmemory/tests/integration/apicurio-registry/utils/maven-plugin/target/apicurio-registry-maven-plugin-3.0.12-SNAPSHOT.jar:/home/runner/.m2/repository/com/fasterxml/jackson/core/jackson-databind/2.18.2/jackson-databind-2.18.2.jar:/home/runner/.m2/repository/org/apache/avro/avro/1.12.0/avro-1.12.0.jar:/home/runner/.m2/repository/com/google/protobuf/protobuf-java/4.31.1/protobuf-java-4.31.1.jar:/home/runner/.m2/repository/com/google/protobuf/protobuf-java-util/4.31.1/protobuf-java-util-4.31.1.jar:/home/runner/.m2/repository/com/google/code/findbugs/jsr305/3.0.2/jsr305-3.0.2.jar:/home/runner/.m2/repository/com/google/code/gson/gson/2.12.1/gson-2.12.1.jar:/home/runner/.m2/repository/com/google/errorprone/error_prone_annotations/2.36.0/error_prone_annotations-2.36.0.jar:/home/runner/.m2/repository/com/google/j2objc/j2objc-annotations/2.8/j2objc-annotations-2.8.jar:/home/runner/work/apicurio-testing/apicurio-testing/clusters/ci419/namespaces/inmemory/tests/integration/apicurio-registry/schema-util/util-provider/target/apicurio-registry-schema-util-provider-3.0.12-SNAPSHOT.jar:/home/runner/work/apicurio-testing/apicurio-testing/clusters/ci419/namespaces/inmemory/tests/integration/apicurio-registry/schema-util/common/target/apicurio-registry-schema-util-common-3.0.12-SNAPSHOT.jar:/home/runner/.m2/repository/com/fasterxml/jackson/module/jackson-module-parameter-names/2.18.2/jackson-module-parameter-names-2.18.2.jar:/home/runner/.m2/repository/com/fasterxml/jackson/datatype/jackson-datatype-json-org/2.18.2/jackson-datatype-json-org-2.18.2.jar:/home/runner/work/apicurio-testing/apicurio-testing/clusters/ci419/namespaces/inmemory/tests/integration/apicurio-registry/schema-util/json/target/apicurio-registry-schema-util-json-3.0.12-SNAPSHOT.jar:/home/runner/.m2/repository/com/github/erosb/everit-json-schema/1.14.5/everit-json-schema-1.14.5.jar:/home/runner/.m2/repository/commons-validator/commons-validator/1.9.0/commons-validator-1.9.0.jar:/home/runner/.m2/repository/commons-digester/commons-digester/2.1/commons-digester-2.1.jar:/home/runner/.m2/repository/commons-collections/commons-collections/3.2.2/commons-collections-3.2.2.jar:/home/runner/.m2/repository/com/damnhandy/handy-uri-templates/2.1.8/handy-uri-templates-2.1.8.jar:/home/runner/.m2/repository/joda-time/joda-time/2.10.2/joda-time-2.10.2.jar:/home/runner/.m2/repository/com/github/erosb/json-sKema/0.20.0/json-sKema-0.20.0.jar:/home/runner/.m2/repository/io/vertx/vertx-json-schema/4.5.16/vertx-json-schema-4.5.16.jar:/home/runner/work/apicurio-testing/apicurio-testing/clusters/ci419/namespaces/inmemory/tests/integration/apicurio-registry/schema-util/protobuf/target/apicurio-registry-schema-util-protobuf-3.0.12-SNAPSHOT.jar:/home/runner/work/apicurio-testing/apicurio-testing/clusters/ci419/namespaces/inmemory/tests/integration/apicurio-registry/utils/protobuf-schema-utilities/target/apicurio-registry-protobuf-schema-utilities-3.0.12-SNAPSHOT.jar:/home/runner/.m2/repository/com/google/api/grpc/proto-google-common-protos/2.52.0/proto-google-common-protos-2.52.0.jar:/home/runner/.m2/repository/com/squareup/wire/wire-schema-jvm/5.3.3/wire-schema-jvm-5.3.3.jar:/home/runner/.m2/repository/com/palantir/javapoet/javapoet/0.6.0/javapoet-0.6.0.jar:/home/runner/.m2/repository/com/squareup/kotlinpoet-jvm/2.0.0/kotlinpoet-jvm-2.0.0.jar:/home/runner/.m2/repository/org/jetbrains/kotlin/kotlin-reflect/2.0.21/kotlin-reflect-2.0.21.jar:/home/runner/.m2/repository/com/squareup/wire/wire-runtime-jvm/5.3.3/wire-runtime-jvm-5.3.3.jar:/home/runner/.m2/repository/com/ibm/icu/icu4j/76.1/icu4j-76.1.jar:/home/runner/.m2/repository/com/squareup/okio/okio-fakefilesystem/3.10.2/okio-fakefilesystem-3.10.2.jar:/home/runner/.m2/repository/com/squareup/okio/okio-fakefilesystem-jvm/3.10.2/okio-fakefilesystem-jvm-3.10.2.jar:/home/runner/.m2/repository/org/jetbrains/kotlinx/kotlinx-datetime-jvm/0.6.1/kotlinx-datetime-jvm-0.6.1.jar:/home/runner/work/apicurio-testing/apicurio-testing/clusters/ci419/namespaces/inmemory/tests/integration/apicurio-registry/schema-util/asyncapi/target/apicurio-registry-schema-util-asyncapi-3.0.12-SNAPSHOT.jar:/home/runner/work/apicurio-testing/apicurio-testing/clusters/ci419/namespaces/inmemory/tests/integration/apicurio-registry/schema-util/avro/target/apicurio-registry-schema-util-avro-3.0.12-SNAPSHOT.jar:/home/runner/work/apicurio-testing/apicurio-testing/clusters/ci419/namespaces/inmemory/tests/integration/apicurio-registry/schema-util/graphql/target/apicurio-registry-schema-util-graphql-3.0.12-SNAPSHOT.jar:/home/runner/.m2/repository/com/graphql-java/graphql-java/22.4/graphql-java-22.4.jar:/home/runner/.m2/repository/com/graphql-java/java-dataloader/3.3.0/java-dataloader-3.3.0.jar:/home/runner/work/apicurio-testing/apicurio-testing/clusters/ci419/namespaces/inmemory/tests/integration/apicurio-registry/schema-util/kconnect/target/apicurio-registry-schema-util-kconnect-3.0.12-SNAPSHOT.jar:/home/runner/work/apicurio-testing/apicurio-testing/clusters/ci419/namespaces/inmemory/tests/integration/apicurio-registry/schema-util/openapi/target/apicurio-registry-schema-util-openapi-3.0.12-SNAPSHOT.jar:/home/runner/.m2/repository/io/apicurio/apicurio-data-models/2.2.2/apicurio-data-models-2.2.2.jar:/home/runner/.m2/repository/org/openapitools/openapidiff/openapi-diff-core/2.1.2/openapi-diff-core-2.1.2.jar:/home/runner/.m2/repository/io/swagger/parser/v3/swagger-parser/2.1.28/swagger-parser-2.1.28.jar:/home/runner/.m2/repository/io/swagger/parser/v3/swagger-parser-v2-converter/2.1.28/swagger-parser-v2-converter-2.1.28.jar:/home/runner/.m2/repository/io/swagger/swagger-core/1.6.16/swagger-core-1.6.16.jar:/home/runner/.m2/repository/io/swagger/swagger-models/1.6.16/swagger-models-1.6.16.jar:/home/runner/.m2/repository/io/swagger/swagger-annotations/1.6.16/swagger-annotations-1.6.16.jar:/home/runner/.m2/repository/io/swagger/swagger-parser/1.0.75/swagger-parser-1.0.75.jar:/home/runner/.m2/repository/io/swagger/swagger-parser-safe-url-resolver/1.0.75/swagger-parser-safe-url-resolver-1.0.75.jar:/home/runner/.m2/repository/io/swagger/swagger-compat-spec-parser/1.0.75/swagger-compat-spec-parser-1.0.75.jar:/home/runner/.m2/repository/com/github/java-json-tools/json-schema-validator/2.2.14/json-schema-validator-2.2.14.jar:/home/runner/.m2/repository/com/github/java-json-tools/jackson-coreutils-equivalence/1.0/jackson-coreutils-equivalence-1.0.jar:/home/runner/.m2/repository/com/github/java-json-tools/json-schema-core/1.2.14/json-schema-core-1.2.14.jar:/home/runner/.m2/repository/com/github/java-json-tools/uri-template/0.10/uri-template-0.10.jar:/home/runner/.m2/repository/com/googlecode/libphonenumber/libphonenumber/8.11.1/libphonenumber-8.11.1.jar:/home/runner/.m2/repository/com/j2html/j2html/1.6.0/j2html-1.6.0.jar:/home/runner/.m2/repository/org/apache/commons/commons-collections4/4.5.0/commons-collections4-4.5.0.jar:/home/runner/.m2/repository/org/slf4j/jcl-over-slf4j/2.0.17/jcl-over-slf4j-2.0.17.jar:/home/runner/.m2/repository/io/swagger/parser/v3/swagger-parser-v3/2.1.31/swagger-parser-v3-2.1.31.jar:/home/runner/.m2/repository/io/swagger/core/v3/swagger-models/2.2.34/swagger-models-2.2.34.jar:/home/runner/.m2/repository/io/swagger/core/v3/swagger-core/2.2.34/swagger-core-2.2.34.jar:/home/runner/.m2/repository/io/swagger/parser/v3/swagger-parser-core/2.1.31/swagger-parser-core-2.1.31.jar:/home/runner/.m2/repository/io/swagger/parser/v3/swagger-parser-safe-url-resolver/2.1.31/swagger-parser-safe-url-resolver-2.1.31.jar:/home/runner/work/apicurio-testing/apicurio-testing/clusters/ci419/namespaces/inmemory/tests/integration/apicurio-registry/schema-util/wsdl/target/apicurio-registry-schema-util-wsdl-3.0.12-SNAPSHOT.jar:/home/runner/.m2/repository/wsdl4j/wsdl4j/1.6.3/wsdl4j-1.6.3.jar:/home/runner/work/apicurio-testing/apicurio-testing/clusters/ci419/namespaces/inmemory/tests/integration/apicurio-registry/schema-util/xml/target/apicurio-registry-schema-util-xml-3.0.12-SNAPSHOT.jar:/home/runner/.m2/repository/org/apache/santuario/xmlsec/4.0.4/xmlsec-4.0.4.jar:/home/runner/.m2/repository/com/fasterxml/woodstox/woodstox-core/7.1.1/woodstox-core-7.1.1.jar:/home/runner/.m2/repository/org/codehaus/woodstox/stax2-api/4.2.2/stax2-api-4.2.2.jar:/home/runner/work/apicurio-testing/apicurio-testing/clusters/ci419/namespaces/inmemory/tests/integration/apicurio-registry/schema-util/xsd/target/apicurio-registry-schema-util-xsd-3.0.12-SNAPSHOT.jar:/home/runner/work/apicurio-testing/apicurio-testing/clusters/ci419/namespaces/inmemory/tests/integration/apicurio-registry/serdes/kafka/jsonschema-serde/target/apicurio-registry-jsonschema-serde-kafka-3.0.12-SNAPSHOT.jar:/home/runner/work/apicurio-testing/apicurio-testing/clusters/ci419/namespaces/inmemory/tests/integration/apicurio-registry/serdes/kafka/serde-kafka-common/target/apicurio-registry-serde-kafka-common-3.0.12-SNAPSHOT.jar:/home/runner/work/apicurio-testing/apicurio-testing/clusters/ci419/namespaces/inmemory/tests/integration/apicurio-registry/serdes/generic/serde-common/target/apicurio-registry-serde-common-3.0.12-SNAPSHOT.jar:/home/runner/work/apicurio-testing/apicurio-testing/clusters/ci419/namespaces/inmemory/tests/integration/apicurio-registry/serdes/generic/serde-common-jsonschema/target/apicurio-registry-serde-common-jsonschema-3.0.12-SNAPSHOT.jar:/home/runner/.m2/repository/org/json/json/20250107/json-20250107.jar:/home/runner/work/apicurio-testing/apicurio-testing/clusters/ci419/namespaces/inmemory/tests/integration/apicurio-registry/serdes/kafka/avro-serde/target/apicurio-registry-avro-serde-kafka-3.0.12-SNAPSHOT.jar:/home/runner/work/apicurio-testing/apicurio-testing/clusters/ci419/namespaces/inmemory/tests/integration/apicurio-registry/serdes/generic/serde-common-avro/target/apicurio-registry-serde-common-avro-3.0.12-SNAPSHOT.jar:/home/runner/work/apicurio-testing/apicurio-testing/clusters/ci419/namespaces/inmemory/tests/integration/apicurio-registry/serdes/kafka/protobuf-serde/target/apicurio-registry-protobuf-serde-kafka-3.0.12-SNAPSHOT.jar:/home/runner/work/apicurio-testing/apicurio-testing/clusters/ci419/namespaces/inmemory/tests/integration/apicurio-registry/serdes/generic/serde-common-protobuf/target/apicurio-registry-serde-common-protobuf-3.0.12-SNAPSHOT.jar:/home/runner/.m2/repository/com/squareup/wire/wire-schema/5.3.3/wire-schema-5.3.3.jar:/home/runner/.m2/repository/com/squareup/wire/wire-runtime/5.3.3/wire-runtime-5.3.3.jar:/home/runner/work/apicurio-testing/apicurio-testing/clusters/ci419/namespaces/inmemory/tests/integration/apicurio-registry/serdes/pulsar/avro-serde/target/apicurio-registry-avro-serde-pulsar-3.0.12-SNAPSHOT.jar:/home/runner/.m2/repository/org/apache/pulsar/pulsar-functions-api/3.3.8/pulsar-functions-api-3.3.8.jar:/home/runner/work/apicurio-testing/apicurio-testing/clusters/ci419/namespaces/inmemory/tests/integration/apicurio-registry/serdes/nats/avro-serde/target/apicurio-registry-avro-serde-nats-3.0.12-SNAPSHOT.jar:/home/runner/.m2/repository/io/nats/jnats/2.21.4/jnats-2.21.4.jar:/home/runner/.m2/repository/org/bouncycastle/bcprov-lts8on/2.73.7/bcprov-lts8on-2.73.7.jar:/home/runner/.m2/repository/org/jetbrains/annotations/26.0.2/annotations-26.0.2.jar:/home/runner/work/apicurio-testing/apicurio-testing/clusters/ci419/namespaces/inmemory/tests/integration/apicurio-registry/utils/converter/target/apicurio-registry-utils-converter-3.0.12-SNAPSHOT.jar:/home/runner/work/apicurio-testing/apicurio-testing/clusters/ci419/namespaces/inmemory/tests/integration/apicurio-registry/schema-resolver/target/apicurio-registry-schema-resolver-3.0.12-SNAPSHOT.jar:/home/runner/.m2/repository/org/apache/kafka/connect-api/3.9.1/connect-api-3.9.1.jar:/home/runner/.m2/repository/javax/ws/rs/javax.ws.rs-api/2.1.1/javax.ws.rs-api-2.1.1.jar:/home/runner/.m2/repository/org/apache/kafka/connect-json/3.9.1/connect-json-3.9.1.jar:/home/runner/.m2/repository/com/fasterxml/jackson/datatype/jackson-datatype-jdk8/2.18.2/jackson-datatype-jdk8-2.18.2.jar:/home/runner/.m2/repository/com/fasterxml/jackson/module/jackson-module-afterburner/2.18.2/jackson-module-afterburner-2.18.2.jar:/home/runner/work/apicurio-testing/apicurio-testing/clusters/ci419/namespaces/inmemory/tests/integration/apicurio-registry/utils/kafka/target/apicurio-registry-utils-kafka-3.0.12-SNAPSHOT.jar:/home/runner/.m2/repository/org/apache/pulsar/pulsar-client/3.3.8/pulsar-client-3.3.8.jar:/home/runner/.m2/repository/org/apache/pulsar/pulsar-client-api/3.3.8/pulsar-client-api-3.3.8.jar:/home/runner/.m2/repository/org/apache/pulsar/pulsar-client-admin-api/3.3.8/pulsar-client-admin-api-3.3.8.jar:/home/runner/.m2/repository/org/apache/pulsar/bouncy-castle-bc/3.3.8/bouncy-castle-bc-3.3.8-pkg.jar:/home/runner/.m2/repository/org/bouncycastle/bcpkix-jdk18on/1.81/bcpkix-jdk18on-1.81.jar:/home/runner/.m2/repository/org/bouncycastle/bcutil-jdk18on/1.81/bcutil-jdk18on-1.81.jar:/home/runner/.m2/repository/org/bouncycastle/bcprov-jdk18on/1.81/bcprov-jdk18on-1.81.jar:/home/runner/.m2/repository/io/opentelemetry/opentelemetry-api/1.44.1/opentelemetry-api-1.44.1.jar:/home/runner/.m2/repository/io/opentelemetry/opentelemetry-context/1.44.1/opentelemetry-context-1.44.1.jar:/home/runner/.m2/repository/io/opentelemetry/opentelemetry-api-incubator/1.44.1-alpha/opentelemetry-api-incubator-1.44.1-alpha.jar:/home/runner/.m2/repository/com/fasterxml/jackson/core/jackson-annotations/2.18.2/jackson-annotations-2.18.2.jar:/home/runner/.m2/repository/javax/validation/validation-api/1.1.0.Final/validation-api-1.1.0.Final.jar:/home/runner/.m2/repository/org/jspecify/jspecify/1.0.0/jspecify-1.0.0.jar:/home/runner/.m2/repository/org/apache/commons/commons-configuration2/2.12.0/commons-configuration2-2.12.0.jar:/home/runner/.m2/repository/commons-logging/commons-logging/1.3.5/commons-logging-1.3.5.jar:/home/runner/.m2/repository/org/apache/commons/commons-text/1.13.0/commons-text-1.13.0.jar:/home/runner/.m2/repository/io/confluent/kafka-avro-serializer/8.0.0/kafka-avro-serializer-8.0.0.jar:/home/runner/.m2/repository/org/apache/commons/commons-compress/1.27.1/commons-compress-1.27.1.jar:/home/runner/.m2/repository/io/confluent/kafka-schema-serializer/8.0.0/kafka-schema-serializer-8.0.0.jar:/home/runner/.m2/repository/com/fasterxml/jackson/dataformat/jackson-dataformat-csv/2.18.2/jackson-dataformat-csv-2.18.2.jar:/home/runner/.m2/repository/io/confluent/kafka-schema-registry-client/8.0.0/kafka-schema-registry-client-8.0.0.jar:/home/runner/.m2/repository/org/yaml/snakeyaml/2.3/snakeyaml-2.3.jar:/home/runner/.m2/repository/io/swagger/core/v3/swagger-annotations/2.2.29/swagger-annotations-2.2.29.jar:/home/runner/.m2/repository/com/google/guava/guava/33.4.0-jre/guava-33.4.0-jre.jar:/home/runner/.m2/repository/com/google/guava/failureaccess/1.0.1/failureaccess-1.0.1.jar:/home/runner/.m2/repository/org/checkerframework/checker-qual/3.49.0/checker-qual-3.49.0.jar:/home/runner/.m2/repository/io/confluent/logredactor/1.0.13/logredactor-1.0.13.jar:/home/runner/.m2/repository/com/google/re2j/re2j/1.6/re2j-1.6.jar:/home/runner/.m2/repository/io/confluent/logredactor-metrics/1.0.13/logredactor-metrics-1.0.13.jar:/home/runner/.m2/repository/com/eclipsesource/minimal-json/minimal-json/0.9.5/minimal-json-0.9.5.jar:/home/runner/.m2/repository/io/confluent/common-utils/8.0.0/common-utils-8.0.0.jar:/home/runner/.m2/repository/io/confluent/kafka-connect-avro-converter/8.0.0/kafka-connect-avro-converter-8.0.0.jar:/home/runner/.m2/repository/io/confluent/kafka-connect-avro-data/8.0.0/kafka-connect-avro-data-8.0.0.jar:/home/runner/.m2/repository/io/confluent/kafka-schema-converter/8.0.0/kafka-schema-converter-8.0.0.jar:/home/runner/.m2/repository/io/rest-assured/rest-assured/5.5.1/rest-assured-5.5.1.jar:/home/runner/.m2/repository/org/apache/groovy/groovy/4.0.22/groovy-4.0.22.jar:/home/runner/.m2/repository/org/apache/groovy/groovy-xml/4.0.22/groovy-xml-4.0.22.jar:/home/runner/.m2/repository/org/apache/httpcomponents/httpclient/4.5.14/httpclient-4.5.14.jar:/home/runner/.m2/repository/org/apache/httpcomponents/httpcore/4.4.16/httpcore-4.4.16.jar:/home/runner/.m2/repository/org/apache/httpcomponents/httpmime/4.5.14/httpmime-4.5.14.jar:/home/runner/.m2/repository/org/hamcrest/hamcrest/2.2/hamcrest-2.2.jar:/home/runner/.m2/repository/org/ccil/cowan/tagsoup/tagsoup/1.2.1/tagsoup-1.2.1.jar:/home/runner/.m2/repository/io/rest-assured/json-path/5.5.1/json-path-5.5.1.jar:/home/runner/.m2/repository/org/apache/groovy/groovy-json/4.0.22/groovy-json-4.0.22.jar:/home/runner/.m2/repository/io/rest-assured/rest-assured-common/5.5.1/rest-assured-common-5.5.1.jar:/home/runner/.m2/repository/io/rest-assured/xml-path/5.5.1/xml-path-5.5.1.jar:/home/runner/.m2/repository/io/zonky/test/embedded-postgres/2.1.0/embedded-postgres-2.1.0.jar:/home/runner/.m2/repository/io/zonky/test/postgres/embedded-postgres-binaries-windows-amd64/14.15.0/embedded-postgres-binaries-windows-amd64-14.15.0.jar:/home/runner/.m2/repository/io/zonky/test/postgres/embedded-postgres-binaries-darwin-amd64/14.15.0/embedded-postgres-binaries-darwin-amd64-14.15.0.jar:/home/runner/.m2/repository/io/zonky/test/postgres/embedded-postgres-binaries-linux-amd64/14.15.0/embedded-postgres-binaries-linux-amd64-14.15.0.jar:/home/runner/.m2/repository/io/zonky/test/postgres/embedded-postgres-binaries-linux-amd64-alpine/14.15.0/embedded-postgres-binaries-linux-amd64-alpine-14.15.0.jar:/home/runner/.m2/repository/org/apache/commons/commons-lang3/3.17.0/commons-lang3-3.17.0.jar:/home/runner/.m2/repository/org/tukaani/xz/1.10/xz-1.10.jar:/home/runner/.m2/repository/commons-codec/commons-codec/1.19.0/commons-codec-1.19.0.jar:/home/runner/.m2/repository/org/postgresql/postgresql/42.7.7/postgresql-42.7.7.jar:/home/runner/.m2/repository/commons-io/commons-io/2.18.0/commons-io-2.18.0.jar:/home/runner/work/apicurio-testing/apicurio-testing/clusters/ci419/namespaces/inmemory/tests/integration/apicurio-registry/utils/importexport/target/apicurio-registry-utils-import-export-3.0.12-SNAPSHOT.jar:/home/runner/.m2/repository/io/vertx/vertx-core/4.5.16/vertx-core-4.5.16.jar:/home/runner/.m2/repository/io/netty/netty-common/4.1.121.Final/netty-common-4.1.121.Final.jar:/home/runner/.m2/repository/io/netty/netty-buffer/4.1.121.Final/netty-buffer-4.1.121.Final.jar:/home/runner/.m2/repository/io/netty/netty-transport/4.1.121.Final/netty-transport-4.1.121.Final.jar:/home/runner/.m2/repository/io/netty/netty-handler/4.1.121.Final/netty-handler-4.1.121.Final.jar:/home/runner/.m2/repository/io/netty/netty-transport-native-unix-common/4.1.121.Final/netty-transport-native-unix-common-4.1.121.Final.jar:/home/runner/.m2/repository/io/netty/netty-codec/4.1.121.Final/netty-codec-4.1.121.Final.jar:/home/runner/.m2/repository/io/netty/netty-handler-proxy/4.1.121.Final/netty-handler-proxy-4.1.121.Final.jar:/home/runner/.m2/repository/io/netty/netty-codec-socks/4.1.121.Final/netty-codec-socks-4.1.121.Final.jar:/home/runner/.m2/repository/io/netty/netty-codec-http/4.1.121.Final/netty-codec-http-4.1.121.Final.jar:/home/runner/.m2/repository/io/netty/netty-codec-http2/4.1.121.Final/netty-codec-http2-4.1.121.Final.jar:/home/runner/.m2/repository/io/netty/netty-resolver/4.1.121.Final/netty-resolver-4.1.121.Final.jar:/home/runner/.m2/repository/io/netty/netty-resolver-dns/4.1.121.Final/netty-resolver-dns-4.1.121.Final.jar:/home/runner/.m2/repository/io/netty/netty-codec-dns/4.1.121.Final/netty-codec-dns-4.1.121.Final.jar:/home/runner/.m2/repository/com/fasterxml/jackson/core/jackson-core/2.18.2/jackson-core-2.18.2.jar:"/>
    <property name="sun.cpu.endian" value="little"/>
    <property name="user.home" value="/home/runner"/>
    <property name="user.language" value="en"/>
    <property name="jboss.log-version" value="false"/>
    <property name="java.specification.vendor" value="Oracle Corporation"/>
    <property name="java.version.date" value="2025-07-15"/>
    <property name="java.home" value="/usr/lib/jvm/temurin-17-jdk-amd64"/>
    <property name="file.separator" value="/"/>
    <property name="basedir" value="/home/runner/work/apicurio-testing/apicurio-testing/clusters/ci419/namespaces/inmemory/tests/integration/apicurio-registry/integration-tests"/>
    <property name="java.vm.compressedOopsMode" value="32-bit"/>
    <property name="line.separator" value="&#10;"/>
    <property name="java.specification.name" value="Java Platform API Specification"/>
    <property name="java.vm.specification.vendor" value="Oracle Corporation"/>
    <property name="quarkus.http.test-host" value="registry-app-inmemory.apps.ci419.apicurio-testing.org"/>
    <property name="surefire.real.class.path" value="/home/runner/work/apicurio-testing/apicurio-testing/clusters/ci419/namespaces/inmemory/tests/integration/apicurio-registry/integration-tests/target/surefire/surefirebooter-20250813181646096_3.jar"/>
    <property name="sun.management.compiler" value="HotSpot 64-Bit Tiered Compilers"/>
    <property name="org.eclipse.jetty.http.HttpGenerator.STRICT" value="true"/>
    <property name="java.runtime.version" value="17.0.16+8"/>
    <property name="user.name" value="runner"/>
    <property name="path.separator" value=":"/>
    <property name="os.version" value="6.8.0-1031-azure"/>
    <property name="java.runtime.name" value="OpenJDK Runtime Environment"/>
    <property name="file.encoding" value="UTF-8"/>
    <property name="jnidispatch.path" value="/home/runner/.cache/JNA/temp/jna1734588995973226412.tmp"/>
    <property name="java.vm.name" value="OpenJDK 64-Bit Server VM"/>
    <property name="jna.platform.library.path" value="/usr/lib/x86_64-linux-gnu:/lib/x86_64-linux-gnu:/usr/lib64:/lib64:/usr/lib:/lib:/lib32:/usr/local/lib:/usr/lib/x86_64-linux-gnu/libfakeroot"/>
    <property name="java.vendor.version" value="Temurin-17.0.16+8"/>
    <property name="quarkus.oidc.token-path" value="https://keycloak-inmemory.apps.ci419.apicurio-testing.org/realms/registry/protocol/openid-connect/token"/>
    <property name="quarkus.http.host" value="registry-app-inmemory.apps.ci419.apicurio-testing.org"/>
    <property name="localRepository" value="/home/runner/.m2/repository"/>
    <property name="javax.xml.xpath.XPathFactory:http://java.sun.com/jaxp/xpath/dom" value="com.sun.org.apache.xpath.internal.jaxp.XPathFactoryImpl"/>
    <property name="jna.loaded" value="true"/>
    <property name="java.vendor.url.bug" value="https://github.com/adoptium/adoptium-support/issues"/>
    <property name="jetty.git.hash" value="5bc5e562c8d05c5862505aebe5cf83a61bdbcb96"/>
    <property name="java.io.tmpdir" value="/tmp"/>
    <property name="quarkus.http.test-protocol" value="http"/>
    <property name="java.version" value="17.0.16"/>
    <property name="user.dir" value="/home/runner/work/apicurio-testing/apicurio-testing/clusters/ci419/namespaces/inmemory/tests/integration/apicurio-registry/integration-tests"/>
    <property name="os.arch" value="amd64"/>
    <property name="groups" value="( smoke | serdes | acceptance | ui)"/>
    <property name="java.vm.specification.name" value="Java Virtual Machine Specification"/>
    <property name="native.encoding" value="UTF-8"/>
    <property name="java.util.logging.manager" value="org.jboss.logmanager.LogManager"/>
    <property name="java.library.path" value="/usr/java/packages/lib:/usr/lib64:/lib64:/lib:/usr/lib"/>
    <property name="jdk.console" value="java.base"/>
    <property name="java.vm.info" value="mixed mode, sharing"/>
    <property name="java.vendor" value="Eclipse Adoptium"/>
    <property name="java.vm.version" value="17.0.16+8"/>
    <property name="java.specification.maintenance.version" value="1"/>
    <property name="sun.io.unicode.encoding" value="UnicodeLittle"/>
    <property name="javax.xml.transform.TransformerFactory" value="com.sun.org.apache.xalan.internal.xsltc.trax.TransformerFactoryImpl"/>
    <property name="java.class.version" value="61.0"/>
  </properties>
  <testcase name="testSimpleTopicIdStrategyFindLatest" classname="io.apicurio.tests.serdes.apicurio.ProtobufSerdeIT" time="1.297">
    <system-out><![CDATA[**** Registry Base URL: http://registry-app-inmemory.apps.ci419.apicurio-testing.org:80
**** Registry Base URL: http://registry-app-inmemory.apps.ci419.apicurio-testing.org:80
2025-08-13 18:19:02,042 INFO  [io.api.tes.ser.api.ProtobufSerdeIT] (main) RestAssured configured with http://registry-app-inmemory.apps.ci419.apicurio-testing.org:80/apis/registry/v3
2025-08-13 18:19:02,077 INFO  [io.api.tes.uti.KafkaFacade] (main) Skipping deployment of kafka, because it's already deployed
2025-08-13 18:19:02,079 INFO  [io.api.tes.uti.TestSeparator] (main) ############################################################################
2025-08-13 18:19:02,079 INFO  [io.api.tes.uti.TestSeparator] (main) io.apicurio.tests.serdes.apicurio.ProtobufSerdeIT.testSimpleTopicIdStrategyFindLatest-STARTED
2025-08-13 18:19:02,080 INFO  [org.apa.kaf.cli.adm.AdminClientConfig] (main) AdminClientConfig values: 
	auto.include.jmx.reporter = true
	bootstrap.controllers = []
	bootstrap.servers = [PLAINTEXT://localhost:32769]
	client.dns.lookup = use_all_dns_ips
	client.id = 
	connections.max.idle.ms = 10000
	default.api.timeout.ms = 60000
	enable.metrics.push = true
	metadata.max.age.ms = 300000
	metadata.recovery.strategy = none
	metric.reporters = []
	metrics.num.samples = 2
	metrics.recording.level = INFO
	metrics.sample.window.ms = 30000
	receive.buffer.bytes = 65536
	reconnect.backoff.max.ms = 1000
	reconnect.backoff.ms = 50
	request.timeout.ms = 5000
	retries = 2147483647
	retry.backoff.max.ms = 1000
	retry.backoff.ms = 100
	sasl.client.callback.handler.class = null
	sasl.jaas.config = null
	sasl.kerberos.kinit.cmd = /usr/bin/kinit
	sasl.kerberos.min.time.before.relogin = 60000
	sasl.kerberos.service.name = null
	sasl.kerberos.ticket.renew.jitter = 0.05
	sasl.kerberos.ticket.renew.window.factor = 0.8
	sasl.login.callback.handler.class = null
	sasl.login.class = null
	sasl.login.connect.timeout.ms = null
	sasl.login.read.timeout.ms = null
	sasl.login.refresh.buffer.seconds = 300
	sasl.login.refresh.min.period.seconds = 60
	sasl.login.refresh.window.factor = 0.8
	sasl.login.refresh.window.jitter = 0.05
	sasl.login.retry.backoff.max.ms = 10000
	sasl.login.retry.backoff.ms = 100
	sasl.mechanism = GSSAPI
	sasl.oauthbearer.clock.skew.seconds = 30
	sasl.oauthbearer.expected.audience = null
	sasl.oauthbearer.expected.issuer = null
	sasl.oauthbearer.header.urlencode = false
	sasl.oauthbearer.jwks.endpoint.refresh.ms = 3600000
	sasl.oauthbearer.jwks.endpoint.retry.backoff.max.ms = 10000
	sasl.oauthbearer.jwks.endpoint.retry.backoff.ms = 100
	sasl.oauthbearer.jwks.endpoint.url = null
	sasl.oauthbearer.scope.claim.name = scope
	sasl.oauthbearer.sub.claim.name = sub
	sasl.oauthbearer.token.endpoint.url = null
	security.protocol = PLAINTEXT
	security.providers = null
	send.buffer.bytes = 131072
	socket.connection.setup.timeout.max.ms = 30000
	socket.connection.setup.timeout.ms = 10000
	ssl.cipher.suites = null
	ssl.enabled.protocols = [TLSv1.2, TLSv1.3]
	ssl.endpoint.identification.algorithm = https
	ssl.engine.factory.class = null
	ssl.key.password = null
	ssl.keymanager.algorithm = SunX509
	ssl.keystore.certificate.chain = null
	ssl.keystore.key = null
	ssl.keystore.location = null
	ssl.keystore.password = null
	ssl.keystore.type = JKS
	ssl.protocol = TLSv1.3
	ssl.provider = null
	ssl.secure.random.implementation = null
	ssl.trustmanager.algorithm = PKIX
	ssl.truststore.certificates = null
	ssl.truststore.location = null
	ssl.truststore.password = null
	ssl.truststore.type = JKS

2025-08-13 18:19:02,081 INFO  [org.apa.kaf.com.uti.AppInfoParser] (main) Kafka version: 3.9.1
2025-08-13 18:19:02,081 INFO  [org.apa.kaf.com.uti.AppInfoParser] (main) Kafka commitId: f745dfdcee2b9851
2025-08-13 18:19:02,081 INFO  [org.apa.kaf.com.uti.AppInfoParser] (main) Kafka startTimeMs: 1755109142081
2025-08-13 18:19:03,375 INFO  [io.api.tes.uti.TestSeparator] (main) io.apicurio.tests.serdes.apicurio.ProtobufSerdeIT.testSimpleTopicIdStrategyFindLatest-FINISHED
2025-08-13 18:19:03,375 INFO  [io.api.tes.uti.TestSeparator] (main) ############################################################################
Test passed: testSimpleTopicIdStrategyFindLatest
]]></system-out>
  </testcase>
  <testcase name="testFindLatestDeriveClassProtobufTypeTopicIdStrategy" classname="io.apicurio.tests.serdes.apicurio.ProtobufSerdeIT" time="1.033">
    <system-out><![CDATA[2025-08-13 18:19:03,376 INFO  [io.api.tes.uti.TestSeparator] (main) ############################################################################
2025-08-13 18:19:03,376 INFO  [io.api.tes.uti.TestSeparator] (main) io.apicurio.tests.serdes.apicurio.ProtobufSerdeIT.testFindLatestDeriveClassProtobufTypeTopicIdStrategy-STARTED
2025-08-13 18:19:04,408 INFO  [io.api.tes.uti.TestSeparator] (main) io.apicurio.tests.serdes.apicurio.ProtobufSerdeIT.testFindLatestDeriveClassProtobufTypeTopicIdStrategy-FINISHED
2025-08-13 18:19:04,409 INFO  [io.api.tes.uti.TestSeparator] (main) ############################################################################
Test passed: testFindLatestDeriveClassProtobufTypeTopicIdStrategy
]]></system-out>
  </testcase>
  <testcase name="testWrongSchema" classname="io.apicurio.tests.serdes.apicurio.ProtobufSerdeIT" time="1.039">
    <system-out><![CDATA[2025-08-13 18:19:04,410 INFO  [io.api.tes.uti.TestSeparator] (main) ############################################################################
2025-08-13 18:19:04,410 INFO  [io.api.tes.uti.TestSeparator] (main) io.apicurio.tests.serdes.apicurio.ProtobufSerdeIT.testWrongSchema-STARTED
2025-08-13 18:19:05,448 INFO  [io.api.tes.uti.TestSeparator] (main) io.apicurio.tests.serdes.apicurio.ProtobufSerdeIT.testWrongSchema-FINISHED
2025-08-13 18:19:05,448 INFO  [io.api.tes.uti.TestSeparator] (main) ############################################################################
Test passed: testWrongSchema
]]></system-out>
  </testcase>
  <testcase name="testTopicIdStrategyAutoRegister" classname="io.apicurio.tests.serdes.apicurio.ProtobufSerdeIT" time="4.151">
    <system-out><![CDATA[2025-08-13 18:19:05,449 INFO  [io.api.tes.uti.TestSeparator] (main) ############################################################################
2025-08-13 18:19:05,449 INFO  [io.api.tes.uti.TestSeparator] (main) io.apicurio.tests.serdes.apicurio.ProtobufSerdeIT.testTopicIdStrategyAutoRegister-STARTED
**** Registry Base URL: http://registry-app-inmemory.apps.ci419.apicurio-testing.org:80
2025-08-13 18:19:05,452 INFO  [org.apa.kaf.cli.pro.ProducerConfig] (main) ProducerConfig values: 
	acks = -1
	auto.include.jmx.reporter = true
	batch.size = 16384
	bootstrap.servers = [PLAINTEXT://localhost:32769]
	buffer.memory = 33554432
	client.dns.lookup = use_all_dns_ips
	client.id = Producer-topic-69800ae9_8fb8_4268_abbc_d1fc7afe398e
	compression.gzip.level = -1
	compression.lz4.level = 9
	compression.type = none
	compression.zstd.level = 3
	connections.max.idle.ms = 10000
	delivery.timeout.ms = 120000
	enable.idempotence = true
	enable.metrics.push = true
	interceptor.classes = []
	key.serializer = class org.apache.kafka.common.serialization.StringSerializer
	linger.ms = 0
	max.block.ms = 60000
	max.in.flight.requests.per.connection = 5
	max.request.size = 1048576
	metadata.max.age.ms = 300000
	metadata.max.idle.ms = 300000
	metadata.recovery.strategy = none
	metric.reporters = []
	metrics.num.samples = 2
	metrics.recording.level = INFO
	metrics.sample.window.ms = 30000
	partitioner.adaptive.partitioning.enable = true
	partitioner.availability.timeout.ms = 0
	partitioner.class = null
	partitioner.ignore.keys = false
	receive.buffer.bytes = 32768
	reconnect.backoff.max.ms = 1000
	reconnect.backoff.ms = 50
	request.timeout.ms = 5000
	retries = 2147483647
	retry.backoff.max.ms = 1000
	retry.backoff.ms = 100
	sasl.client.callback.handler.class = null
	sasl.jaas.config = null
	sasl.kerberos.kinit.cmd = /usr/bin/kinit
	sasl.kerberos.min.time.before.relogin = 60000
	sasl.kerberos.service.name = null
	sasl.kerberos.ticket.renew.jitter = 0.05
	sasl.kerberos.ticket.renew.window.factor = 0.8
	sasl.login.callback.handler.class = null
	sasl.login.class = null
	sasl.login.connect.timeout.ms = null
	sasl.login.read.timeout.ms = null
	sasl.login.refresh.buffer.seconds = 300
	sasl.login.refresh.min.period.seconds = 60
	sasl.login.refresh.window.factor = 0.8
	sasl.login.refresh.window.jitter = 0.05
	sasl.login.retry.backoff.max.ms = 10000
	sasl.login.retry.backoff.ms = 100
	sasl.mechanism = GSSAPI
	sasl.oauthbearer.clock.skew.seconds = 30
	sasl.oauthbearer.expected.audience = null
	sasl.oauthbearer.expected.issuer = null
	sasl.oauthbearer.header.urlencode = false
	sasl.oauthbearer.jwks.endpoint.refresh.ms = 3600000
	sasl.oauthbearer.jwks.endpoint.retry.backoff.max.ms = 10000
	sasl.oauthbearer.jwks.endpoint.retry.backoff.ms = 100
	sasl.oauthbearer.jwks.endpoint.url = null
	sasl.oauthbearer.scope.claim.name = scope
	sasl.oauthbearer.sub.claim.name = sub
	sasl.oauthbearer.token.endpoint.url = null
	security.protocol = PLAINTEXT
	security.providers = null
	send.buffer.bytes = 131072
	socket.connection.setup.timeout.max.ms = 30000
	socket.connection.setup.timeout.ms = 10000
	ssl.cipher.suites = null
	ssl.enabled.protocols = [TLSv1.2, TLSv1.3]
	ssl.endpoint.identification.algorithm = https
	ssl.engine.factory.class = null
	ssl.key.password = null
	ssl.keymanager.algorithm = SunX509
	ssl.keystore.certificate.chain = null
	ssl.keystore.key = null
	ssl.keystore.location = null
	ssl.keystore.password = null
	ssl.keystore.type = JKS
	ssl.protocol = TLSv1.3
	ssl.provider = null
	ssl.secure.random.implementation = null
	ssl.trustmanager.algorithm = PKIX
	ssl.truststore.certificates = null
	ssl.truststore.location = null
	ssl.truststore.password = null
	ssl.truststore.type = JKS
	transaction.timeout.ms = 60000
	transactional.id = null
	value.serializer = class io.apicurio.registry.serde.protobuf.ProtobufKafkaSerializer

2025-08-13 18:19:05,452 INFO  [org.apa.kaf.com.tel.int.KafkaMetricsCollector] (main) initializing Kafka metrics collector
2025-08-13 18:19:05,457 INFO  [org.apa.kaf.cli.pro.KafkaProducer] (main) [Producer clientId=Producer-topic-69800ae9_8fb8_4268_abbc_d1fc7afe398e] Instantiated an idempotent producer.
2025-08-13 18:19:05,460 INFO  [org.apa.kaf.cli.pro.ProducerConfig] (main) These configurations '[apicurio.registry.url, apicurio.registry.headers.enabled, apicurio.registry.auto-register, apicurio.registry.artifact-resolver-strategy]' were supplied but are not used yet.
2025-08-13 18:19:05,460 INFO  [org.apa.kaf.com.uti.AppInfoParser] (main) Kafka version: 3.9.1
2025-08-13 18:19:05,460 INFO  [org.apa.kaf.com.uti.AppInfoParser] (main) Kafka commitId: f745dfdcee2b9851
2025-08-13 18:19:05,460 INFO  [org.apa.kaf.com.uti.AppInfoParser] (main) Kafka startTimeMs: 1755109145460
2025-08-13 18:19:05,460 INFO  [io.api.tes.ser.api.SimpleSerdesTesterBuilder$SimpleSerdesTester] (main) Using producer configuration: {apicurio.registry.url=http://registry-app-inmemory.apps.ci419.apicurio-testing.org:80/apis/registry/v3, apicurio.registry.headers.enabled=true, apicurio.registry.auto-register=true, apicurio.registry.artifact-resolver-strategy=io.apicurio.registry.serde.strategy.TopicIdStrategy, value.serializer=io.apicurio.registry.serde.protobuf.ProtobufKafkaSerializer, request.timeout.ms=5000, acks=all, bootstrap.servers=PLAINTEXT://localhost:32769, connections.max.idle.ms=10000, key.serializer=org.apache.kafka.common.serialization.StringSerializer, client.id=Producer-topic-69800ae9_8fb8_4268_abbc_d1fc7afe398e}
2025-08-13 18:19:05,460 INFO  [io.api.tes.ser.api.SimpleSerdesTesterBuilder$SimpleSerdesTester] (main) Using consumer configuration: {apicurio.registry.headers.enabled=true}
2025-08-13 18:19:05,465 INFO  [org.apa.kaf.cli.Metadata] (kafka-producer-network-thread | Producer-topic-69800ae9_8fb8_4268_abbc_d1fc7afe398e) [Producer clientId=Producer-topic-69800ae9_8fb8_4268_abbc_d1fc7afe398e] Cluster ID: 4IlD_Sy2TMOqYF-Nc3vIHA
2025-08-13 18:19:05,467 INFO  [org.apa.kaf.cli.pro.int.TransactionManager] (kafka-producer-network-thread | Producer-topic-69800ae9_8fb8_4268_abbc_d1fc7afe398e) [Producer clientId=Producer-topic-69800ae9_8fb8_4268_abbc_d1fc7afe398e] ProducerId set to 32 with epoch 0
2025-08-13 18:19:05,620 INFO  [io.api.tes.ser.api.KafkaSerdesTester] (Thread-779) Sending message header {
  time {
  }
}
d1: 1.75510914546E12
s1: "a"
i1: 123
bi1: 1
point {
  longitude: 22.0
  latitude: 22.0
  altitude: 1.0
}
 to topic topic-69800ae9_8fb8_4268_abbc_d1fc7afe398e
2025-08-13 18:19:05,730 INFO  [io.api.tes.ser.api.KafkaSerdesTester] (Thread-779) Sending message header {
  time {
  }
}
d1: 1.755109145729E12
s1: "a"
i1: 123
bi1: 1
point {
  longitude: 22.0
  latitude: 22.0
  altitude: 1.0
}
 to topic topic-69800ae9_8fb8_4268_abbc_d1fc7afe398e
2025-08-13 18:19:05,756 INFO  [io.api.tes.ser.api.KafkaSerdesTester] (Thread-779) Sending message header {
  time {
  }
}
d1: 1.755109145755E12
s1: "a"
i1: 123
bi1: 1
point {
  longitude: 22.0
  latitude: 22.0
  altitude: 1.0
}
 to topic topic-69800ae9_8fb8_4268_abbc_d1fc7afe398e
2025-08-13 18:19:05,779 INFO  [io.api.tes.ser.api.KafkaSerdesTester] (Thread-779) Sending message header {
  time {
  }
}
d1: 1.755109145778E12
s1: "a"
i1: 123
bi1: 1
point {
  longitude: 22.0
  latitude: 22.0
  altitude: 1.0
}
 to topic topic-69800ae9_8fb8_4268_abbc_d1fc7afe398e
2025-08-13 18:19:05,798 INFO  [io.api.tes.ser.api.KafkaSerdesTester] (Thread-779) Sending message header {
  time {
  }
}
d1: 1.755109145798E12
s1: "a"
i1: 123
bi1: 1
point {
  longitude: 22.0
  latitude: 22.0
  altitude: 1.0
}
 to topic topic-69800ae9_8fb8_4268_abbc_d1fc7afe398e
2025-08-13 18:19:05,819 INFO  [io.api.tes.ser.api.KafkaSerdesTester] (Thread-779) Sending message header {
  time {
  }
}
d1: 1.755109145818E12
s1: "a"
i1: 123
bi1: 1
point {
  longitude: 22.0
  latitude: 22.0
  altitude: 1.0
}
 to topic topic-69800ae9_8fb8_4268_abbc_d1fc7afe398e
2025-08-13 18:19:05,841 INFO  [io.api.tes.ser.api.KafkaSerdesTester] (Thread-779) Sending message header {
  time {
  }
}
d1: 1.75510914584E12
s1: "a"
i1: 123
bi1: 1
point {
  longitude: 22.0
  latitude: 22.0
  altitude: 1.0
}
 to topic topic-69800ae9_8fb8_4268_abbc_d1fc7afe398e
2025-08-13 18:19:05,866 INFO  [io.api.tes.ser.api.KafkaSerdesTester] (Thread-779) Sending message header {
  time {
  }
}
d1: 1.755109145865E12
s1: "a"
i1: 123
bi1: 1
point {
  longitude: 22.0
  latitude: 22.0
  altitude: 1.0
}
 to topic topic-69800ae9_8fb8_4268_abbc_d1fc7afe398e
2025-08-13 18:19:05,885 INFO  [io.api.tes.ser.api.KafkaSerdesTester] (Thread-779) Sending message header {
  time {
  }
}
d1: 1.755109145884E12
s1: "a"
i1: 123
bi1: 1
point {
  longitude: 22.0
  latitude: 22.0
  altitude: 1.0
}
 to topic topic-69800ae9_8fb8_4268_abbc_d1fc7afe398e
2025-08-13 18:19:05,917 INFO  [io.api.tes.ser.api.KafkaSerdesTester] (Thread-779) Sending message header {
  time {
  }
}
d1: 1.755109145917E12
s1: "a"
i1: 123
bi1: 1
point {
  longitude: 22.0
  latitude: 22.0
  altitude: 1.0
}
 to topic topic-69800ae9_8fb8_4268_abbc_d1fc7afe398e
2025-08-13 18:19:05,935 INFO  [io.api.tes.ser.api.KafkaSerdesTester] (Thread-779) Produced 10 messages
2025-08-13 18:19:05,935 INFO  [org.apa.kaf.cli.pro.KafkaProducer] (Thread-779) [Producer clientId=Producer-topic-69800ae9_8fb8_4268_abbc_d1fc7afe398e] Closing the Kafka producer with timeoutMillis = 9223372036854775807 ms.
2025-08-13 18:19:05,937 INFO  [org.apa.kaf.com.met.Metrics] (Thread-779) Metrics scheduler closed
2025-08-13 18:19:05,937 INFO  [org.apa.kaf.com.met.Metrics] (Thread-779) Closing reporter org.apache.kafka.common.metrics.JmxReporter
2025-08-13 18:19:05,937 INFO  [org.apa.kaf.com.met.Metrics] (Thread-779) Closing reporter org.apache.kafka.common.telemetry.internals.ClientTelemetryReporter
2025-08-13 18:19:05,937 INFO  [org.apa.kaf.com.met.Metrics] (Thread-779) Metrics reporters closed
2025-08-13 18:19:05,937 INFO  [org.apa.kaf.com.uti.AppInfoParser] (Thread-779) App info kafka.producer for Producer-topic-69800ae9_8fb8_4268_abbc_d1fc7afe398e unregistered
**** Registry Base URL: http://registry-app-inmemory.apps.ci419.apicurio-testing.org:80
2025-08-13 18:19:05,964 INFO  [org.apa.kaf.cli.con.ConsumerConfig] (main) ConsumerConfig values: 
	allow.auto.create.topics = true
	auto.commit.interval.ms = 500
	auto.include.jmx.reporter = true
	auto.offset.reset = earliest
	bootstrap.servers = [PLAINTEXT://localhost:32769]
	check.crcs = true
	client.dns.lookup = use_all_dns_ips
	client.id = consumer-Consumer-topic-69800ae9_8fb8_4268_abbc_d1fc7afe398e-23
	client.rack = 
	connections.max.idle.ms = 10000
	default.api.timeout.ms = 60000
	enable.auto.commit = true
	enable.metrics.push = true
	exclude.internal.topics = true
	fetch.max.bytes = 52428800
	fetch.max.wait.ms = 500
	fetch.min.bytes = 1
	group.id = Consumer-topic-69800ae9_8fb8_4268_abbc_d1fc7afe398e
	group.instance.id = null
	group.protocol = classic
	group.remote.assignor = null
	heartbeat.interval.ms = 3000
	interceptor.classes = []
	internal.leave.group.on.close = true
	internal.throw.on.fetch.stable.offset.unsupported = false
	isolation.level = read_uncommitted
	key.deserializer = class org.apache.kafka.common.serialization.StringDeserializer
	max.partition.fetch.bytes = 1048576
	max.poll.interval.ms = 300000
	max.poll.records = 500
	metadata.max.age.ms = 300000
	metadata.recovery.strategy = none
	metric.reporters = []
	metrics.num.samples = 2
	metrics.recording.level = INFO
	metrics.sample.window.ms = 30000
	partition.assignment.strategy = [class org.apache.kafka.clients.consumer.RangeAssignor, class org.apache.kafka.clients.consumer.CooperativeStickyAssignor]
	receive.buffer.bytes = 65536
	reconnect.backoff.max.ms = 1000
	reconnect.backoff.ms = 50
	request.timeout.ms = 5000
	retry.backoff.max.ms = 1000
	retry.backoff.ms = 100
	sasl.client.callback.handler.class = null
	sasl.jaas.config = null
	sasl.kerberos.kinit.cmd = /usr/bin/kinit
	sasl.kerberos.min.time.before.relogin = 60000
	sasl.kerberos.service.name = null
	sasl.kerberos.ticket.renew.jitter = 0.05
	sasl.kerberos.ticket.renew.window.factor = 0.8
	sasl.login.callback.handler.class = null
	sasl.login.class = null
	sasl.login.connect.timeout.ms = null
	sasl.login.read.timeout.ms = null
	sasl.login.refresh.buffer.seconds = 300
	sasl.login.refresh.min.period.seconds = 60
	sasl.login.refresh.window.factor = 0.8
	sasl.login.refresh.window.jitter = 0.05
	sasl.login.retry.backoff.max.ms = 10000
	sasl.login.retry.backoff.ms = 100
	sasl.mechanism = GSSAPI
	sasl.oauthbearer.clock.skew.seconds = 30
	sasl.oauthbearer.expected.audience = null
	sasl.oauthbearer.expected.issuer = null
	sasl.oauthbearer.header.urlencode = false
	sasl.oauthbearer.jwks.endpoint.refresh.ms = 3600000
	sasl.oauthbearer.jwks.endpoint.retry.backoff.max.ms = 10000
	sasl.oauthbearer.jwks.endpoint.retry.backoff.ms = 100
	sasl.oauthbearer.jwks.endpoint.url = null
	sasl.oauthbearer.scope.claim.name = scope
	sasl.oauthbearer.sub.claim.name = sub
	sasl.oauthbearer.token.endpoint.url = null
	security.protocol = PLAINTEXT
	security.providers = null
	send.buffer.bytes = 131072
	session.timeout.ms = 45000
	socket.connection.setup.timeout.max.ms = 30000
	socket.connection.setup.timeout.ms = 10000
	ssl.cipher.suites = null
	ssl.enabled.protocols = [TLSv1.2, TLSv1.3]
	ssl.endpoint.identification.algorithm = https
	ssl.engine.factory.class = null
	ssl.key.password = null
	ssl.keymanager.algorithm = SunX509
	ssl.keystore.certificate.chain = null
	ssl.keystore.key = null
	ssl.keystore.location = null
	ssl.keystore.password = null
	ssl.keystore.type = JKS
	ssl.protocol = TLSv1.3
	ssl.provider = null
	ssl.secure.random.implementation = null
	ssl.trustmanager.algorithm = PKIX
	ssl.truststore.certificates = null
	ssl.truststore.location = null
	ssl.truststore.password = null
	ssl.truststore.type = JKS
	value.deserializer = class io.apicurio.registry.serde.protobuf.ProtobufKafkaDeserializer

2025-08-13 18:19:05,964 INFO  [org.apa.kaf.com.tel.int.KafkaMetricsCollector] (main) initializing Kafka metrics collector
2025-08-13 18:19:05,970 INFO  [org.apa.kaf.cli.con.ConsumerConfig] (main) These configurations '[apicurio.registry.url, apicurio.registry.headers.enabled]' were supplied but are not used yet.
2025-08-13 18:19:05,970 INFO  [org.apa.kaf.com.uti.AppInfoParser] (main) Kafka version: 3.9.1
2025-08-13 18:19:05,970 INFO  [org.apa.kaf.com.uti.AppInfoParser] (main) Kafka commitId: f745dfdcee2b9851
2025-08-13 18:19:05,970 INFO  [org.apa.kaf.com.uti.AppInfoParser] (main) Kafka startTimeMs: 1755109145970
2025-08-13 18:19:05,970 INFO  [org.apa.kaf.cli.con.int.ClassicKafkaConsumer] (Thread-782) [Consumer clientId=consumer-Consumer-topic-69800ae9_8fb8_4268_abbc_d1fc7afe398e-23, groupId=Consumer-topic-69800ae9_8fb8_4268_abbc_d1fc7afe398e] Subscribed to topic(s): topic-69800ae9_8fb8_4268_abbc_d1fc7afe398e
2025-08-13 18:19:05,975 INFO  [org.apa.kaf.cli.Metadata] (Thread-782) [Consumer clientId=consumer-Consumer-topic-69800ae9_8fb8_4268_abbc_d1fc7afe398e-23, groupId=Consumer-topic-69800ae9_8fb8_4268_abbc_d1fc7afe398e] Cluster ID: 4IlD_Sy2TMOqYF-Nc3vIHA
2025-08-13 18:19:05,976 INFO  [org.apa.kaf.cli.con.int.ConsumerCoordinator] (Thread-782) [Consumer clientId=consumer-Consumer-topic-69800ae9_8fb8_4268_abbc_d1fc7afe398e-23, groupId=Consumer-topic-69800ae9_8fb8_4268_abbc_d1fc7afe398e] Discovered group coordinator localhost:32769 (id: 2147483647 rack: null)
2025-08-13 18:19:05,977 INFO  [org.apa.kaf.cli.con.int.ConsumerCoordinator] (Thread-782) [Consumer clientId=consumer-Consumer-topic-69800ae9_8fb8_4268_abbc_d1fc7afe398e-23, groupId=Consumer-topic-69800ae9_8fb8_4268_abbc_d1fc7afe398e] (Re-)joining group
2025-08-13 18:19:05,979 INFO  [org.apa.kaf.cli.con.int.ConsumerCoordinator] (Thread-782) [Consumer clientId=consumer-Consumer-topic-69800ae9_8fb8_4268_abbc_d1fc7afe398e-23, groupId=Consumer-topic-69800ae9_8fb8_4268_abbc_d1fc7afe398e] Request joining group due to: need to re-join with the given member-id: consumer-Consumer-topic-69800ae9_8fb8_4268_abbc_d1fc7afe398e-23-10947e29-5b6d-4cc0-a8be-6f78c3fb8b78
2025-08-13 18:19:05,980 INFO  [org.apa.kaf.cli.con.int.ConsumerCoordinator] (Thread-782) [Consumer clientId=consumer-Consumer-topic-69800ae9_8fb8_4268_abbc_d1fc7afe398e-23, groupId=Consumer-topic-69800ae9_8fb8_4268_abbc_d1fc7afe398e] (Re-)joining group
2025-08-13 18:19:06,970 INFO  [io.api.tes.ser.api.KafkaSerdesTester] (Thread-782) None found
2025-08-13 18:19:07,971 INFO  [io.api.tes.ser.api.KafkaSerdesTester] (Thread-782) None found
2025-08-13 18:19:08,971 INFO  [io.api.tes.ser.api.KafkaSerdesTester] (Thread-782) None found
2025-08-13 18:19:08,982 INFO  [org.apa.kaf.cli.con.int.ConsumerCoordinator] (Thread-782) [Consumer clientId=consumer-Consumer-topic-69800ae9_8fb8_4268_abbc_d1fc7afe398e-23, groupId=Consumer-topic-69800ae9_8fb8_4268_abbc_d1fc7afe398e] Successfully joined group with generation Generation{generationId=1, memberId='consumer-Consumer-topic-69800ae9_8fb8_4268_abbc_d1fc7afe398e-23-10947e29-5b6d-4cc0-a8be-6f78c3fb8b78', protocol='range'}
2025-08-13 18:19:08,982 INFO  [org.apa.kaf.cli.con.int.ConsumerCoordinator] (Thread-782) [Consumer clientId=consumer-Consumer-topic-69800ae9_8fb8_4268_abbc_d1fc7afe398e-23, groupId=Consumer-topic-69800ae9_8fb8_4268_abbc_d1fc7afe398e] Finished assignment for group at generation 1: {consumer-Consumer-topic-69800ae9_8fb8_4268_abbc_d1fc7afe398e-23-10947e29-5b6d-4cc0-a8be-6f78c3fb8b78=Assignment(partitions=[topic-69800ae9_8fb8_4268_abbc_d1fc7afe398e-0])}
2025-08-13 18:19:08,988 INFO  [org.apa.kaf.cli.con.int.ConsumerCoordinator] (Thread-782) [Consumer clientId=consumer-Consumer-topic-69800ae9_8fb8_4268_abbc_d1fc7afe398e-23, groupId=Consumer-topic-69800ae9_8fb8_4268_abbc_d1fc7afe398e] Successfully synced group in generation Generation{generationId=1, memberId='consumer-Consumer-topic-69800ae9_8fb8_4268_abbc_d1fc7afe398e-23-10947e29-5b6d-4cc0-a8be-6f78c3fb8b78', protocol='range'}
2025-08-13 18:19:08,988 INFO  [org.apa.kaf.cli.con.int.ConsumerCoordinator] (Thread-782) [Consumer clientId=consumer-Consumer-topic-69800ae9_8fb8_4268_abbc_d1fc7afe398e-23, groupId=Consumer-topic-69800ae9_8fb8_4268_abbc_d1fc7afe398e] Notifying assignor about the new Assignment(partitions=[topic-69800ae9_8fb8_4268_abbc_d1fc7afe398e-0])
2025-08-13 18:19:08,988 INFO  [org.apa.kaf.cli.con.int.ConsumerRebalanceListenerInvoker] (Thread-782) [Consumer clientId=consumer-Consumer-topic-69800ae9_8fb8_4268_abbc_d1fc7afe398e-23, groupId=Consumer-topic-69800ae9_8fb8_4268_abbc_d1fc7afe398e] Adding newly assigned partitions: topic-69800ae9_8fb8_4268_abbc_d1fc7afe398e-0
2025-08-13 18:19:08,990 INFO  [org.apa.kaf.cli.con.int.ConsumerCoordinator] (Thread-782) [Consumer clientId=consumer-Consumer-topic-69800ae9_8fb8_4268_abbc_d1fc7afe398e-23, groupId=Consumer-topic-69800ae9_8fb8_4268_abbc_d1fc7afe398e] Found no committed offset for partition topic-69800ae9_8fb8_4268_abbc_d1fc7afe398e-0
2025-08-13 18:19:08,991 INFO  [org.apa.kaf.cli.con.int.SubscriptionState] (Thread-782) [Consumer clientId=consumer-Consumer-topic-69800ae9_8fb8_4268_abbc_d1fc7afe398e-23, groupId=Consumer-topic-69800ae9_8fb8_4268_abbc_d1fc7afe398e] Resetting offset for partition topic-69800ae9_8fb8_4268_abbc_d1fc7afe398e-0 to position FetchPosition{offset=0, offsetEpoch=Optional.empty, currentLeader=LeaderAndEpoch{leader=Optional[localhost:32769 (id: 0 rack: null)], epoch=0}}.
2025-08-13 18:19:09,075 INFO  [io.api.tes.ser.api.KafkaSerdesTester] (Thread-782) topic-69800ae9_8fb8_4268_abbc_d1fc7afe398e 0 0 header {
  time {
  }
}
d1: 1.75510914546E12
s1: "a"
i1: 123
bi1: 1
point {
  longitude: 22.0
  latitude: 22.0
  altitude: 1.0
}

2025-08-13 18:19:09,075 INFO  [io.api.tes.ser.api.KafkaSerdesTester] (Thread-782) topic-69800ae9_8fb8_4268_abbc_d1fc7afe398e 0 1 header {
  time {
  }
}
d1: 1.755109145729E12
s1: "a"
i1: 123
bi1: 1
point {
  longitude: 22.0
  latitude: 22.0
  altitude: 1.0
}

2025-08-13 18:19:09,076 INFO  [io.api.tes.ser.api.KafkaSerdesTester] (Thread-782) topic-69800ae9_8fb8_4268_abbc_d1fc7afe398e 0 2 header {
  time {
  }
}
d1: 1.755109145755E12
s1: "a"
i1: 123
bi1: 1
point {
  longitude: 22.0
  latitude: 22.0
  altitude: 1.0
}

2025-08-13 18:19:09,076 INFO  [io.api.tes.ser.api.KafkaSerdesTester] (Thread-782) topic-69800ae9_8fb8_4268_abbc_d1fc7afe398e 0 3 header {
  time {
  }
}
d1: 1.755109145778E12
s1: "a"
i1: 123
bi1: 1
point {
  longitude: 22.0
  latitude: 22.0
  altitude: 1.0
}

2025-08-13 18:19:09,076 INFO  [io.api.tes.ser.api.KafkaSerdesTester] (Thread-782) topic-69800ae9_8fb8_4268_abbc_d1fc7afe398e 0 4 header {
  time {
  }
}
d1: 1.755109145798E12
s1: "a"
i1: 123
bi1: 1
point {
  longitude: 22.0
  latitude: 22.0
  altitude: 1.0
}

2025-08-13 18:19:09,079 INFO  [io.api.tes.ser.api.KafkaSerdesTester] (Thread-782) topic-69800ae9_8fb8_4268_abbc_d1fc7afe398e 0 5 header {
  time {
  }
}
d1: 1.755109145818E12
s1: "a"
i1: 123
bi1: 1
point {
  longitude: 22.0
  latitude: 22.0
  altitude: 1.0
}

2025-08-13 18:19:09,079 INFO  [io.api.tes.ser.api.KafkaSerdesTester] (Thread-782) topic-69800ae9_8fb8_4268_abbc_d1fc7afe398e 0 6 header {
  time {
  }
}
d1: 1.75510914584E12
s1: "a"
i1: 123
bi1: 1
point {
  longitude: 22.0
  latitude: 22.0
  altitude: 1.0
}

2025-08-13 18:19:09,079 INFO  [io.api.tes.ser.api.KafkaSerdesTester] (Thread-782) topic-69800ae9_8fb8_4268_abbc_d1fc7afe398e 0 7 header {
  time {
  }
}
d1: 1.755109145865E12
s1: "a"
i1: 123
bi1: 1
point {
  longitude: 22.0
  latitude: 22.0
  altitude: 1.0
}

2025-08-13 18:19:09,080 INFO  [io.api.tes.ser.api.KafkaSerdesTester] (Thread-782) topic-69800ae9_8fb8_4268_abbc_d1fc7afe398e 0 8 header {
  time {
  }
}
d1: 1.755109145884E12
s1: "a"
i1: 123
bi1: 1
point {
  longitude: 22.0
  latitude: 22.0
  altitude: 1.0
}

2025-08-13 18:19:09,080 INFO  [io.api.tes.ser.api.KafkaSerdesTester] (Thread-782) topic-69800ae9_8fb8_4268_abbc_d1fc7afe398e 0 9 header {
  time {
  }
}
d1: 1.755109145917E12
s1: "a"
i1: 123
bi1: 1
point {
  longitude: 22.0
  latitude: 22.0
  altitude: 1.0
}

2025-08-13 18:19:09,080 INFO  [io.api.tes.ser.api.KafkaSerdesTester] (Thread-782) Consumed 10 messages
2025-08-13 18:19:09,087 INFO  [org.apa.kaf.cli.con.int.ConsumerRebalanceListenerInvoker] (Thread-782) [Consumer clientId=consumer-Consumer-topic-69800ae9_8fb8_4268_abbc_d1fc7afe398e-23, groupId=Consumer-topic-69800ae9_8fb8_4268_abbc_d1fc7afe398e] Revoke previously assigned partitions topic-69800ae9_8fb8_4268_abbc_d1fc7afe398e-0
2025-08-13 18:19:09,087 INFO  [org.apa.kaf.cli.con.int.ConsumerCoordinator] (Thread-782) [Consumer clientId=consumer-Consumer-topic-69800ae9_8fb8_4268_abbc_d1fc7afe398e-23, groupId=Consumer-topic-69800ae9_8fb8_4268_abbc_d1fc7afe398e] Member consumer-Consumer-topic-69800ae9_8fb8_4268_abbc_d1fc7afe398e-23-10947e29-5b6d-4cc0-a8be-6f78c3fb8b78 sending LeaveGroup request to coordinator localhost:32769 (id: 2147483647 rack: null) due to the consumer is being closed
2025-08-13 18:19:09,087 INFO  [org.apa.kaf.cli.con.int.ConsumerCoordinator] (Thread-782) [Consumer clientId=consumer-Consumer-topic-69800ae9_8fb8_4268_abbc_d1fc7afe398e-23, groupId=Consumer-topic-69800ae9_8fb8_4268_abbc_d1fc7afe398e] Resetting generation and member id due to: consumer pro-actively leaving the group
2025-08-13 18:19:09,087 INFO  [org.apa.kaf.cli.con.int.ConsumerCoordinator] (Thread-782) [Consumer clientId=consumer-Consumer-topic-69800ae9_8fb8_4268_abbc_d1fc7afe398e-23, groupId=Consumer-topic-69800ae9_8fb8_4268_abbc_d1fc7afe398e] Request joining group due to: consumer pro-actively leaving the group
2025-08-13 18:19:09,579 INFO  [org.apa.kaf.com.met.Metrics] (Thread-782) Metrics scheduler closed
2025-08-13 18:19:09,579 INFO  [org.apa.kaf.com.met.Metrics] (Thread-782) Closing reporter org.apache.kafka.common.metrics.JmxReporter
2025-08-13 18:19:09,579 INFO  [org.apa.kaf.com.met.Metrics] (Thread-782) Closing reporter org.apache.kafka.common.telemetry.internals.ClientTelemetryReporter
2025-08-13 18:19:09,579 INFO  [org.apa.kaf.com.met.Metrics] (Thread-782) Metrics reporters closed
2025-08-13 18:19:09,582 INFO  [org.apa.kaf.com.uti.AppInfoParser] (Thread-782) App info kafka.consumer for consumer-Consumer-topic-69800ae9_8fb8_4268_abbc_d1fc7afe398e-23 unregistered
2025-08-13 18:19:09,598 INFO  [io.api.tes.uti.TestSeparator] (main) io.apicurio.tests.serdes.apicurio.ProtobufSerdeIT.testTopicIdStrategyAutoRegister-FINISHED
2025-08-13 18:19:09,598 INFO  [io.api.tes.uti.TestSeparator] (main) ############################################################################
Test passed: testTopicIdStrategyAutoRegister
]]></system-out>
  </testcase>
  <testcase name="testAutoRegisterAndUseBody" classname="io.apicurio.tests.serdes.apicurio.ProtobufSerdeIT" time="3.974">
    <system-out><![CDATA[2025-08-13 18:19:09,600 INFO  [io.api.tes.uti.TestSeparator] (main) ############################################################################
2025-08-13 18:19:09,600 INFO  [io.api.tes.uti.TestSeparator] (main) io.apicurio.tests.serdes.apicurio.ProtobufSerdeIT.testAutoRegisterAndUseBody-STARTED
**** Registry Base URL: http://registry-app-inmemory.apps.ci419.apicurio-testing.org:80
2025-08-13 18:19:09,608 INFO  [org.apa.kaf.cli.pro.ProducerConfig] (main) ProducerConfig values: 
	acks = -1
	auto.include.jmx.reporter = true
	batch.size = 16384
	bootstrap.servers = [PLAINTEXT://localhost:32769]
	buffer.memory = 33554432
	client.dns.lookup = use_all_dns_ips
	client.id = Producer-topic-e2ef1a8b_f2f6_424b_82e7_9474f0cd2dc4
	compression.gzip.level = -1
	compression.lz4.level = 9
	compression.type = none
	compression.zstd.level = 3
	connections.max.idle.ms = 10000
	delivery.timeout.ms = 120000
	enable.idempotence = true
	enable.metrics.push = true
	interceptor.classes = []
	key.serializer = class org.apache.kafka.common.serialization.StringSerializer
	linger.ms = 0
	max.block.ms = 60000
	max.in.flight.requests.per.connection = 5
	max.request.size = 1048576
	metadata.max.age.ms = 300000
	metadata.max.idle.ms = 300000
	metadata.recovery.strategy = none
	metric.reporters = []
	metrics.num.samples = 2
	metrics.recording.level = INFO
	metrics.sample.window.ms = 30000
	partitioner.adaptive.partitioning.enable = true
	partitioner.availability.timeout.ms = 0
	partitioner.class = null
	partitioner.ignore.keys = false
	receive.buffer.bytes = 32768
	reconnect.backoff.max.ms = 1000
	reconnect.backoff.ms = 50
	request.timeout.ms = 5000
	retries = 2147483647
	retry.backoff.max.ms = 1000
	retry.backoff.ms = 100
	sasl.client.callback.handler.class = null
	sasl.jaas.config = null
	sasl.kerberos.kinit.cmd = /usr/bin/kinit
	sasl.kerberos.min.time.before.relogin = 60000
	sasl.kerberos.service.name = null
	sasl.kerberos.ticket.renew.jitter = 0.05
	sasl.kerberos.ticket.renew.window.factor = 0.8
	sasl.login.callback.handler.class = null
	sasl.login.class = null
	sasl.login.connect.timeout.ms = null
	sasl.login.read.timeout.ms = null
	sasl.login.refresh.buffer.seconds = 300
	sasl.login.refresh.min.period.seconds = 60
	sasl.login.refresh.window.factor = 0.8
	sasl.login.refresh.window.jitter = 0.05
	sasl.login.retry.backoff.max.ms = 10000
	sasl.login.retry.backoff.ms = 100
	sasl.mechanism = GSSAPI
	sasl.oauthbearer.clock.skew.seconds = 30
	sasl.oauthbearer.expected.audience = null
	sasl.oauthbearer.expected.issuer = null
	sasl.oauthbearer.header.urlencode = false
	sasl.oauthbearer.jwks.endpoint.refresh.ms = 3600000
	sasl.oauthbearer.jwks.endpoint.retry.backoff.max.ms = 10000
	sasl.oauthbearer.jwks.endpoint.retry.backoff.ms = 100
	sasl.oauthbearer.jwks.endpoint.url = null
	sasl.oauthbearer.scope.claim.name = scope
	sasl.oauthbearer.sub.claim.name = sub
	sasl.oauthbearer.token.endpoint.url = null
	security.protocol = PLAINTEXT
	security.providers = null
	send.buffer.bytes = 131072
	socket.connection.setup.timeout.max.ms = 30000
	socket.connection.setup.timeout.ms = 10000
	ssl.cipher.suites = null
	ssl.enabled.protocols = [TLSv1.2, TLSv1.3]
	ssl.endpoint.identification.algorithm = https
	ssl.engine.factory.class = null
	ssl.key.password = null
	ssl.keymanager.algorithm = SunX509
	ssl.keystore.certificate.chain = null
	ssl.keystore.key = null
	ssl.keystore.location = null
	ssl.keystore.password = null
	ssl.keystore.type = JKS
	ssl.protocol = TLSv1.3
	ssl.provider = null
	ssl.secure.random.implementation = null
	ssl.trustmanager.algorithm = PKIX
	ssl.truststore.certificates = null
	ssl.truststore.location = null
	ssl.truststore.password = null
	ssl.truststore.type = JKS
	transaction.timeout.ms = 60000
	transactional.id = null
	value.serializer = class io.apicurio.registry.serde.protobuf.ProtobufKafkaSerializer

2025-08-13 18:19:09,608 INFO  [org.apa.kaf.com.tel.int.KafkaMetricsCollector] (main) initializing Kafka metrics collector
2025-08-13 18:19:09,612 INFO  [org.apa.kaf.cli.pro.KafkaProducer] (main) [Producer clientId=Producer-topic-e2ef1a8b_f2f6_424b_82e7_9474f0cd2dc4] Instantiated an idempotent producer.
2025-08-13 18:19:09,613 INFO  [org.apa.kaf.cli.pro.ProducerConfig] (main) These configurations '[apicurio.registry.url, apicurio.registry.auto-register, apicurio.registry.artifact-resolver-strategy]' were supplied but are not used yet.
2025-08-13 18:19:09,613 INFO  [org.apa.kaf.com.uti.AppInfoParser] (main) Kafka version: 3.9.1
2025-08-13 18:19:09,613 INFO  [org.apa.kaf.com.uti.AppInfoParser] (main) Kafka commitId: f745dfdcee2b9851
2025-08-13 18:19:09,613 INFO  [org.apa.kaf.com.uti.AppInfoParser] (main) Kafka startTimeMs: 1755109149613
2025-08-13 18:19:09,613 INFO  [io.api.tes.ser.api.SimpleSerdesTesterBuilder$SimpleSerdesTester] (main) Using producer configuration: {apicurio.registry.url=http://registry-app-inmemory.apps.ci419.apicurio-testing.org:80/apis/registry/v3, apicurio.registry.auto-register=true, apicurio.registry.artifact-resolver-strategy=io.apicurio.registry.serde.strategy.TopicIdStrategy, value.serializer=io.apicurio.registry.serde.protobuf.ProtobufKafkaSerializer, request.timeout.ms=5000, acks=all, bootstrap.servers=PLAINTEXT://localhost:32769, connections.max.idle.ms=10000, key.serializer=org.apache.kafka.common.serialization.StringSerializer, client.id=Producer-topic-e2ef1a8b_f2f6_424b_82e7_9474f0cd2dc4}
2025-08-13 18:19:09,613 INFO  [io.api.tes.ser.api.SimpleSerdesTesterBuilder$SimpleSerdesTester] (main) Using consumer configuration: {apicurio.protobuf.derive.class=true}
2025-08-13 18:19:09,615 INFO  [io.api.tes.ser.api.KafkaSerdesTester] (Thread-785) Sending message header {
  time {
  }
}
d1: 1.755109149614E12
s1: "a"
i1: 123
bi1: 1
point {
  longitude: 22.0
  latitude: 22.0
  altitude: 1.0
}
 to topic topic-e2ef1a8b_f2f6_424b_82e7_9474f0cd2dc4
2025-08-13 18:19:09,621 WARN  [org.apa.kaf.cli.NetworkClient] (kafka-producer-network-thread | Producer-topic-e2ef1a8b_f2f6_424b_82e7_9474f0cd2dc4) [Producer clientId=Producer-topic-e2ef1a8b_f2f6_424b_82e7_9474f0cd2dc4] The metadata response from the cluster reported a recoverable issue with correlation id 1 : {topic-e2ef1a8b_f2f6_424b_82e7_9474f0cd2dc4=UNKNOWN_TOPIC_OR_PARTITION}
2025-08-13 18:19:09,621 INFO  [org.apa.kaf.cli.Metadata] (kafka-producer-network-thread | Producer-topic-e2ef1a8b_f2f6_424b_82e7_9474f0cd2dc4) [Producer clientId=Producer-topic-e2ef1a8b_f2f6_424b_82e7_9474f0cd2dc4] Cluster ID: 4IlD_Sy2TMOqYF-Nc3vIHA
2025-08-13 18:19:09,622 INFO  [org.apa.kaf.cli.pro.int.TransactionManager] (kafka-producer-network-thread | Producer-topic-e2ef1a8b_f2f6_424b_82e7_9474f0cd2dc4) [Producer clientId=Producer-topic-e2ef1a8b_f2f6_424b_82e7_9474f0cd2dc4] ProducerId set to 33 with epoch 0
2025-08-13 18:19:09,777 INFO  [io.api.tes.ser.api.KafkaSerdesTester] (Thread-785) Sending message header {
  time {
  }
}
d1: 1.755109149777E12
s1: "a"
i1: 123
bi1: 1
point {
  longitude: 22.0
  latitude: 22.0
  altitude: 1.0
}
 to topic topic-e2ef1a8b_f2f6_424b_82e7_9474f0cd2dc4
2025-08-13 18:19:09,798 INFO  [io.api.tes.ser.api.KafkaSerdesTester] (Thread-785) Sending message header {
  time {
  }
}
d1: 1.755109149798E12
s1: "a"
i1: 123
bi1: 1
point {
  longitude: 22.0
  latitude: 22.0
  altitude: 1.0
}
 to topic topic-e2ef1a8b_f2f6_424b_82e7_9474f0cd2dc4
2025-08-13 18:19:09,820 INFO  [io.api.tes.ser.api.KafkaSerdesTester] (Thread-785) Sending message header {
  time {
  }
}
d1: 1.75510914982E12
s1: "a"
i1: 123
bi1: 1
point {
  longitude: 22.0
  latitude: 22.0
  altitude: 1.0
}
 to topic topic-e2ef1a8b_f2f6_424b_82e7_9474f0cd2dc4
2025-08-13 18:19:09,843 INFO  [io.api.tes.ser.api.KafkaSerdesTester] (Thread-785) Sending message header {
  time {
  }
}
d1: 1.755109149843E12
s1: "a"
i1: 123
bi1: 1
point {
  longitude: 22.0
  latitude: 22.0
  altitude: 1.0
}
 to topic topic-e2ef1a8b_f2f6_424b_82e7_9474f0cd2dc4
2025-08-13 18:19:09,865 INFO  [io.api.tes.ser.api.KafkaSerdesTester] (Thread-785) Sending message header {
  time {
  }
}
d1: 1.755109149865E12
s1: "a"
i1: 123
bi1: 1
point {
  longitude: 22.0
  latitude: 22.0
  altitude: 1.0
}
 to topic topic-e2ef1a8b_f2f6_424b_82e7_9474f0cd2dc4
2025-08-13 18:19:09,887 INFO  [io.api.tes.ser.api.KafkaSerdesTester] (Thread-785) Sending message header {
  time {
  }
}
d1: 1.755109149887E12
s1: "a"
i1: 123
bi1: 1
point {
  longitude: 22.0
  latitude: 22.0
  altitude: 1.0
}
 to topic topic-e2ef1a8b_f2f6_424b_82e7_9474f0cd2dc4
2025-08-13 18:19:09,905 INFO  [io.api.tes.ser.api.KafkaSerdesTester] (Thread-785) Sending message header {
  time {
  }
}
d1: 1.755109149905E12
s1: "a"
i1: 123
bi1: 1
point {
  longitude: 22.0
  latitude: 22.0
  altitude: 1.0
}
 to topic topic-e2ef1a8b_f2f6_424b_82e7_9474f0cd2dc4
2025-08-13 18:19:09,923 INFO  [io.api.tes.ser.api.KafkaSerdesTester] (Thread-785) Sending message header {
  time {
  }
}
d1: 1.755109149923E12
s1: "a"
i1: 123
bi1: 1
point {
  longitude: 22.0
  latitude: 22.0
  altitude: 1.0
}
 to topic topic-e2ef1a8b_f2f6_424b_82e7_9474f0cd2dc4
2025-08-13 18:19:09,944 INFO  [io.api.tes.ser.api.KafkaSerdesTester] (Thread-785) Sending message header {
  time {
  }
}
d1: 1.755109149944E12
s1: "a"
i1: 123
bi1: 1
point {
  longitude: 22.0
  latitude: 22.0
  altitude: 1.0
}
 to topic topic-e2ef1a8b_f2f6_424b_82e7_9474f0cd2dc4
2025-08-13 18:19:09,963 INFO  [io.api.tes.ser.api.KafkaSerdesTester] (Thread-785) Produced 10 messages
2025-08-13 18:19:09,963 INFO  [org.apa.kaf.cli.pro.KafkaProducer] (Thread-785) [Producer clientId=Producer-topic-e2ef1a8b_f2f6_424b_82e7_9474f0cd2dc4] Closing the Kafka producer with timeoutMillis = 9223372036854775807 ms.
2025-08-13 18:19:09,964 INFO  [org.apa.kaf.com.met.Metrics] (Thread-785) Metrics scheduler closed
2025-08-13 18:19:09,964 INFO  [org.apa.kaf.com.met.Metrics] (Thread-785) Closing reporter org.apache.kafka.common.metrics.JmxReporter
2025-08-13 18:19:09,964 INFO  [org.apa.kaf.com.met.Metrics] (Thread-785) Closing reporter org.apache.kafka.common.telemetry.internals.ClientTelemetryReporter
2025-08-13 18:19:09,964 INFO  [org.apa.kaf.com.met.Metrics] (Thread-785) Metrics reporters closed
2025-08-13 18:19:09,965 INFO  [org.apa.kaf.com.uti.AppInfoParser] (Thread-785) App info kafka.producer for Producer-topic-e2ef1a8b_f2f6_424b_82e7_9474f0cd2dc4 unregistered
**** Registry Base URL: http://registry-app-inmemory.apps.ci419.apicurio-testing.org:80
2025-08-13 18:19:09,986 INFO  [org.apa.kaf.cli.con.ConsumerConfig] (main) ConsumerConfig values: 
	allow.auto.create.topics = true
	auto.commit.interval.ms = 500
	auto.include.jmx.reporter = true
	auto.offset.reset = earliest
	bootstrap.servers = [PLAINTEXT://localhost:32769]
	check.crcs = true
	client.dns.lookup = use_all_dns_ips
	client.id = consumer-Consumer-topic-e2ef1a8b_f2f6_424b_82e7_9474f0cd2dc4-24
	client.rack = 
	connections.max.idle.ms = 10000
	default.api.timeout.ms = 60000
	enable.auto.commit = true
	enable.metrics.push = true
	exclude.internal.topics = true
	fetch.max.bytes = 52428800
	fetch.max.wait.ms = 500
	fetch.min.bytes = 1
	group.id = Consumer-topic-e2ef1a8b_f2f6_424b_82e7_9474f0cd2dc4
	group.instance.id = null
	group.protocol = classic
	group.remote.assignor = null
	heartbeat.interval.ms = 3000
	interceptor.classes = []
	internal.leave.group.on.close = true
	internal.throw.on.fetch.stable.offset.unsupported = false
	isolation.level = read_uncommitted
	key.deserializer = class org.apache.kafka.common.serialization.StringDeserializer
	max.partition.fetch.bytes = 1048576
	max.poll.interval.ms = 300000
	max.poll.records = 500
	metadata.max.age.ms = 300000
	metadata.recovery.strategy = none
	metric.reporters = []
	metrics.num.samples = 2
	metrics.recording.level = INFO
	metrics.sample.window.ms = 30000
	partition.assignment.strategy = [class org.apache.kafka.clients.consumer.RangeAssignor, class org.apache.kafka.clients.consumer.CooperativeStickyAssignor]
	receive.buffer.bytes = 65536
	reconnect.backoff.max.ms = 1000
	reconnect.backoff.ms = 50
	request.timeout.ms = 5000
	retry.backoff.max.ms = 1000
	retry.backoff.ms = 100
	sasl.client.callback.handler.class = null
	sasl.jaas.config = null
	sasl.kerberos.kinit.cmd = /usr/bin/kinit
	sasl.kerberos.min.time.before.relogin = 60000
	sasl.kerberos.service.name = null
	sasl.kerberos.ticket.renew.jitter = 0.05
	sasl.kerberos.ticket.renew.window.factor = 0.8
	sasl.login.callback.handler.class = null
	sasl.login.class = null
	sasl.login.connect.timeout.ms = null
	sasl.login.read.timeout.ms = null
	sasl.login.refresh.buffer.seconds = 300
	sasl.login.refresh.min.period.seconds = 60
	sasl.login.refresh.window.factor = 0.8
	sasl.login.refresh.window.jitter = 0.05
	sasl.login.retry.backoff.max.ms = 10000
	sasl.login.retry.backoff.ms = 100
	sasl.mechanism = GSSAPI
	sasl.oauthbearer.clock.skew.seconds = 30
	sasl.oauthbearer.expected.audience = null
	sasl.oauthbearer.expected.issuer = null
	sasl.oauthbearer.header.urlencode = false
	sasl.oauthbearer.jwks.endpoint.refresh.ms = 3600000
	sasl.oauthbearer.jwks.endpoint.retry.backoff.max.ms = 10000
	sasl.oauthbearer.jwks.endpoint.retry.backoff.ms = 100
	sasl.oauthbearer.jwks.endpoint.url = null
	sasl.oauthbearer.scope.claim.name = scope
	sasl.oauthbearer.sub.claim.name = sub
	sasl.oauthbearer.token.endpoint.url = null
	security.protocol = PLAINTEXT
	security.providers = null
	send.buffer.bytes = 131072
	session.timeout.ms = 45000
	socket.connection.setup.timeout.max.ms = 30000
	socket.connection.setup.timeout.ms = 10000
	ssl.cipher.suites = null
	ssl.enabled.protocols = [TLSv1.2, TLSv1.3]
	ssl.endpoint.identification.algorithm = https
	ssl.engine.factory.class = null
	ssl.key.password = null
	ssl.keymanager.algorithm = SunX509
	ssl.keystore.certificate.chain = null
	ssl.keystore.key = null
	ssl.keystore.location = null
	ssl.keystore.password = null
	ssl.keystore.type = JKS
	ssl.protocol = TLSv1.3
	ssl.provider = null
	ssl.secure.random.implementation = null
	ssl.trustmanager.algorithm = PKIX
	ssl.truststore.certificates = null
	ssl.truststore.location = null
	ssl.truststore.password = null
	ssl.truststore.type = JKS
	value.deserializer = class io.apicurio.registry.serde.protobuf.ProtobufKafkaDeserializer

2025-08-13 18:19:09,987 INFO  [org.apa.kaf.com.tel.int.KafkaMetricsCollector] (main) initializing Kafka metrics collector
2025-08-13 18:19:09,990 INFO  [org.apa.kaf.cli.con.ConsumerConfig] (main) These configurations '[apicurio.registry.url, apicurio.protobuf.derive.class]' were supplied but are not used yet.
2025-08-13 18:19:09,990 INFO  [org.apa.kaf.com.uti.AppInfoParser] (main) Kafka version: 3.9.1
2025-08-13 18:19:09,990 INFO  [org.apa.kaf.com.uti.AppInfoParser] (main) Kafka commitId: f745dfdcee2b9851
2025-08-13 18:19:09,990 INFO  [org.apa.kaf.com.uti.AppInfoParser] (main) Kafka startTimeMs: 1755109149990
2025-08-13 18:19:09,990 INFO  [org.apa.kaf.cli.con.int.ClassicKafkaConsumer] (Thread-788) [Consumer clientId=consumer-Consumer-topic-e2ef1a8b_f2f6_424b_82e7_9474f0cd2dc4-24, groupId=Consumer-topic-e2ef1a8b_f2f6_424b_82e7_9474f0cd2dc4] Subscribed to topic(s): topic-e2ef1a8b_f2f6_424b_82e7_9474f0cd2dc4
2025-08-13 18:19:09,993 INFO  [org.apa.kaf.cli.Metadata] (Thread-788) [Consumer clientId=consumer-Consumer-topic-e2ef1a8b_f2f6_424b_82e7_9474f0cd2dc4-24, groupId=Consumer-topic-e2ef1a8b_f2f6_424b_82e7_9474f0cd2dc4] Cluster ID: 4IlD_Sy2TMOqYF-Nc3vIHA
2025-08-13 18:19:09,993 INFO  [org.apa.kaf.cli.con.int.ConsumerCoordinator] (Thread-788) [Consumer clientId=consumer-Consumer-topic-e2ef1a8b_f2f6_424b_82e7_9474f0cd2dc4-24, groupId=Consumer-topic-e2ef1a8b_f2f6_424b_82e7_9474f0cd2dc4] Discovered group coordinator localhost:32769 (id: 2147483647 rack: null)
2025-08-13 18:19:09,994 INFO  [org.apa.kaf.cli.con.int.ConsumerCoordinator] (Thread-788) [Consumer clientId=consumer-Consumer-topic-e2ef1a8b_f2f6_424b_82e7_9474f0cd2dc4-24, groupId=Consumer-topic-e2ef1a8b_f2f6_424b_82e7_9474f0cd2dc4] (Re-)joining group
2025-08-13 18:19:09,996 INFO  [org.apa.kaf.cli.con.int.ConsumerCoordinator] (Thread-788) [Consumer clientId=consumer-Consumer-topic-e2ef1a8b_f2f6_424b_82e7_9474f0cd2dc4-24, groupId=Consumer-topic-e2ef1a8b_f2f6_424b_82e7_9474f0cd2dc4] Request joining group due to: need to re-join with the given member-id: consumer-Consumer-topic-e2ef1a8b_f2f6_424b_82e7_9474f0cd2dc4-24-5c1ba3d3-65da-4c40-8eb1-20f1d93f4513
2025-08-13 18:19:09,996 INFO  [org.apa.kaf.cli.con.int.ConsumerCoordinator] (Thread-788) [Consumer clientId=consumer-Consumer-topic-e2ef1a8b_f2f6_424b_82e7_9474f0cd2dc4-24, groupId=Consumer-topic-e2ef1a8b_f2f6_424b_82e7_9474f0cd2dc4] (Re-)joining group
2025-08-13 18:19:10,991 INFO  [io.api.tes.ser.api.KafkaSerdesTester] (Thread-788) None found
2025-08-13 18:19:11,991 INFO  [io.api.tes.ser.api.KafkaSerdesTester] (Thread-788) None found
2025-08-13 18:19:12,991 INFO  [io.api.tes.ser.api.KafkaSerdesTester] (Thread-788) None found
2025-08-13 18:19:12,997 INFO  [org.apa.kaf.cli.con.int.ConsumerCoordinator] (Thread-788) [Consumer clientId=consumer-Consumer-topic-e2ef1a8b_f2f6_424b_82e7_9474f0cd2dc4-24, groupId=Consumer-topic-e2ef1a8b_f2f6_424b_82e7_9474f0cd2dc4] Successfully joined group with generation Generation{generationId=1, memberId='consumer-Consumer-topic-e2ef1a8b_f2f6_424b_82e7_9474f0cd2dc4-24-5c1ba3d3-65da-4c40-8eb1-20f1d93f4513', protocol='range'}
2025-08-13 18:19:12,998 INFO  [org.apa.kaf.cli.con.int.ConsumerCoordinator] (Thread-788) [Consumer clientId=consumer-Consumer-topic-e2ef1a8b_f2f6_424b_82e7_9474f0cd2dc4-24, groupId=Consumer-topic-e2ef1a8b_f2f6_424b_82e7_9474f0cd2dc4] Finished assignment for group at generation 1: {consumer-Consumer-topic-e2ef1a8b_f2f6_424b_82e7_9474f0cd2dc4-24-5c1ba3d3-65da-4c40-8eb1-20f1d93f4513=Assignment(partitions=[topic-e2ef1a8b_f2f6_424b_82e7_9474f0cd2dc4-0])}
2025-08-13 18:19:13,004 INFO  [org.apa.kaf.cli.con.int.ConsumerCoordinator] (Thread-788) [Consumer clientId=consumer-Consumer-topic-e2ef1a8b_f2f6_424b_82e7_9474f0cd2dc4-24, groupId=Consumer-topic-e2ef1a8b_f2f6_424b_82e7_9474f0cd2dc4] Successfully synced group in generation Generation{generationId=1, memberId='consumer-Consumer-topic-e2ef1a8b_f2f6_424b_82e7_9474f0cd2dc4-24-5c1ba3d3-65da-4c40-8eb1-20f1d93f4513', protocol='range'}
2025-08-13 18:19:13,004 INFO  [org.apa.kaf.cli.con.int.ConsumerCoordinator] (Thread-788) [Consumer clientId=consumer-Consumer-topic-e2ef1a8b_f2f6_424b_82e7_9474f0cd2dc4-24, groupId=Consumer-topic-e2ef1a8b_f2f6_424b_82e7_9474f0cd2dc4] Notifying assignor about the new Assignment(partitions=[topic-e2ef1a8b_f2f6_424b_82e7_9474f0cd2dc4-0])
2025-08-13 18:19:13,004 INFO  [org.apa.kaf.cli.con.int.ConsumerRebalanceListenerInvoker] (Thread-788) [Consumer clientId=consumer-Consumer-topic-e2ef1a8b_f2f6_424b_82e7_9474f0cd2dc4-24, groupId=Consumer-topic-e2ef1a8b_f2f6_424b_82e7_9474f0cd2dc4] Adding newly assigned partitions: topic-e2ef1a8b_f2f6_424b_82e7_9474f0cd2dc4-0
2025-08-13 18:19:13,005 INFO  [org.apa.kaf.cli.con.int.ConsumerCoordinator] (Thread-788) [Consumer clientId=consumer-Consumer-topic-e2ef1a8b_f2f6_424b_82e7_9474f0cd2dc4-24, groupId=Consumer-topic-e2ef1a8b_f2f6_424b_82e7_9474f0cd2dc4] Found no committed offset for partition topic-e2ef1a8b_f2f6_424b_82e7_9474f0cd2dc4-0
2025-08-13 18:19:13,008 INFO  [org.apa.kaf.cli.con.int.SubscriptionState] (Thread-788) [Consumer clientId=consumer-Consumer-topic-e2ef1a8b_f2f6_424b_82e7_9474f0cd2dc4-24, groupId=Consumer-topic-e2ef1a8b_f2f6_424b_82e7_9474f0cd2dc4] Resetting offset for partition topic-e2ef1a8b_f2f6_424b_82e7_9474f0cd2dc4-0 to position FetchPosition{offset=0, offsetEpoch=Optional.empty, currentLeader=LeaderAndEpoch{leader=Optional[localhost:32769 (id: 0 rack: null)], epoch=0}}.
2025-08-13 18:19:13,068 INFO  [io.api.tes.ser.api.KafkaSerdesTester] (Thread-788) topic-e2ef1a8b_f2f6_424b_82e7_9474f0cd2dc4 0 0 header {
  time {
  }
}
d1: 1.755109149614E12
s1: "a"
i1: 123
bi1: 1
point {
  longitude: 22.0
  latitude: 22.0
  altitude: 1.0
}

2025-08-13 18:19:13,069 INFO  [io.api.tes.ser.api.KafkaSerdesTester] (Thread-788) topic-e2ef1a8b_f2f6_424b_82e7_9474f0cd2dc4 0 1 header {
  time {
  }
}
d1: 1.755109149777E12
s1: "a"
i1: 123
bi1: 1
point {
  longitude: 22.0
  latitude: 22.0
  altitude: 1.0
}

2025-08-13 18:19:13,069 INFO  [io.api.tes.ser.api.KafkaSerdesTester] (Thread-788) topic-e2ef1a8b_f2f6_424b_82e7_9474f0cd2dc4 0 2 header {
  time {
  }
}
d1: 1.755109149798E12
s1: "a"
i1: 123
bi1: 1
point {
  longitude: 22.0
  latitude: 22.0
  altitude: 1.0
}

2025-08-13 18:19:13,069 INFO  [io.api.tes.ser.api.KafkaSerdesTester] (Thread-788) topic-e2ef1a8b_f2f6_424b_82e7_9474f0cd2dc4 0 3 header {
  time {
  }
}
d1: 1.75510914982E12
s1: "a"
i1: 123
bi1: 1
point {
  longitude: 22.0
  latitude: 22.0
  altitude: 1.0
}

2025-08-13 18:19:13,069 INFO  [io.api.tes.ser.api.KafkaSerdesTester] (Thread-788) topic-e2ef1a8b_f2f6_424b_82e7_9474f0cd2dc4 0 4 header {
  time {
  }
}
d1: 1.755109149843E12
s1: "a"
i1: 123
bi1: 1
point {
  longitude: 22.0
  latitude: 22.0
  altitude: 1.0
}

2025-08-13 18:19:13,069 INFO  [io.api.tes.ser.api.KafkaSerdesTester] (Thread-788) topic-e2ef1a8b_f2f6_424b_82e7_9474f0cd2dc4 0 5 header {
  time {
  }
}
d1: 1.755109149865E12
s1: "a"
i1: 123
bi1: 1
point {
  longitude: 22.0
  latitude: 22.0
  altitude: 1.0
}

2025-08-13 18:19:13,069 INFO  [io.api.tes.ser.api.KafkaSerdesTester] (Thread-788) topic-e2ef1a8b_f2f6_424b_82e7_9474f0cd2dc4 0 6 header {
  time {
  }
}
d1: 1.755109149887E12
s1: "a"
i1: 123
bi1: 1
point {
  longitude: 22.0
  latitude: 22.0
  altitude: 1.0
}

2025-08-13 18:19:13,070 INFO  [io.api.tes.ser.api.KafkaSerdesTester] (Thread-788) topic-e2ef1a8b_f2f6_424b_82e7_9474f0cd2dc4 0 7 header {
  time {
  }
}
d1: 1.755109149905E12
s1: "a"
i1: 123
bi1: 1
point {
  longitude: 22.0
  latitude: 22.0
  altitude: 1.0
}

2025-08-13 18:19:13,070 INFO  [io.api.tes.ser.api.KafkaSerdesTester] (Thread-788) topic-e2ef1a8b_f2f6_424b_82e7_9474f0cd2dc4 0 8 header {
  time {
  }
}
d1: 1.755109149923E12
s1: "a"
i1: 123
bi1: 1
point {
  longitude: 22.0
  latitude: 22.0
  altitude: 1.0
}

2025-08-13 18:19:13,070 INFO  [io.api.tes.ser.api.KafkaSerdesTester] (Thread-788) topic-e2ef1a8b_f2f6_424b_82e7_9474f0cd2dc4 0 9 header {
  time {
  }
}
d1: 1.755109149944E12
s1: "a"
i1: 123
bi1: 1
point {
  longitude: 22.0
  latitude: 22.0
  altitude: 1.0
}

2025-08-13 18:19:13,071 INFO  [io.api.tes.ser.api.KafkaSerdesTester] (Thread-788) Consumed 10 messages
2025-08-13 18:19:13,077 INFO  [org.apa.kaf.cli.con.int.ConsumerRebalanceListenerInvoker] (Thread-788) [Consumer clientId=consumer-Consumer-topic-e2ef1a8b_f2f6_424b_82e7_9474f0cd2dc4-24, groupId=Consumer-topic-e2ef1a8b_f2f6_424b_82e7_9474f0cd2dc4] Revoke previously assigned partitions topic-e2ef1a8b_f2f6_424b_82e7_9474f0cd2dc4-0
2025-08-13 18:19:13,077 INFO  [org.apa.kaf.cli.con.int.ConsumerCoordinator] (Thread-788) [Consumer clientId=consumer-Consumer-topic-e2ef1a8b_f2f6_424b_82e7_9474f0cd2dc4-24, groupId=Consumer-topic-e2ef1a8b_f2f6_424b_82e7_9474f0cd2dc4] Member consumer-Consumer-topic-e2ef1a8b_f2f6_424b_82e7_9474f0cd2dc4-24-5c1ba3d3-65da-4c40-8eb1-20f1d93f4513 sending LeaveGroup request to coordinator localhost:32769 (id: 2147483647 rack: null) due to the consumer is being closed
2025-08-13 18:19:13,078 INFO  [org.apa.kaf.cli.con.int.ConsumerCoordinator] (Thread-788) [Consumer clientId=consumer-Consumer-topic-e2ef1a8b_f2f6_424b_82e7_9474f0cd2dc4-24, groupId=Consumer-topic-e2ef1a8b_f2f6_424b_82e7_9474f0cd2dc4] Resetting generation and member id due to: consumer pro-actively leaving the group
2025-08-13 18:19:13,078 INFO  [org.apa.kaf.cli.con.int.ConsumerCoordinator] (Thread-788) [Consumer clientId=consumer-Consumer-topic-e2ef1a8b_f2f6_424b_82e7_9474f0cd2dc4-24, groupId=Consumer-topic-e2ef1a8b_f2f6_424b_82e7_9474f0cd2dc4] Request joining group due to: consumer pro-actively leaving the group
2025-08-13 18:19:13,571 INFO  [org.apa.kaf.com.met.Metrics] (Thread-788) Metrics scheduler closed
2025-08-13 18:19:13,571 INFO  [org.apa.kaf.com.met.Metrics] (Thread-788) Closing reporter org.apache.kafka.common.metrics.JmxReporter
2025-08-13 18:19:13,571 INFO  [org.apa.kaf.com.met.Metrics] (Thread-788) Closing reporter org.apache.kafka.common.telemetry.internals.ClientTelemetryReporter
2025-08-13 18:19:13,571 INFO  [org.apa.kaf.com.met.Metrics] (Thread-788) Metrics reporters closed
2025-08-13 18:19:13,573 INFO  [org.apa.kaf.com.uti.AppInfoParser] (Thread-788) App info kafka.consumer for consumer-Consumer-topic-e2ef1a8b_f2f6_424b_82e7_9474f0cd2dc4-24 unregistered
2025-08-13 18:19:13,573 INFO  [io.api.tes.uti.TestSeparator] (main) io.apicurio.tests.serdes.apicurio.ProtobufSerdeIT.testAutoRegisterAndUseBody-FINISHED
2025-08-13 18:19:13,573 INFO  [io.api.tes.uti.TestSeparator] (main) ############################################################################
Test passed: testAutoRegisterAndUseBody
]]></system-out>
  </testcase>
  <testcase name="testValidation" classname="io.apicurio.tests.serdes.apicurio.ProtobufSerdeIT" time="21.694">
    <system-out><![CDATA[2025-08-13 18:19:13,574 INFO  [io.api.tes.uti.TestSeparator] (main) ############################################################################
2025-08-13 18:19:13,574 INFO  [io.api.tes.uti.TestSeparator] (main) io.apicurio.tests.serdes.apicurio.ProtobufSerdeIT.testValidation-STARTED
**** Registry Base URL: http://registry-app-inmemory.apps.ci419.apicurio-testing.org:80
2025-08-13 18:19:15,640 INFO  [org.apa.kaf.cli.pro.ProducerConfig] (main) ProducerConfig values: 
	acks = -1
	auto.include.jmx.reporter = true
	batch.size = 16384
	bootstrap.servers = [PLAINTEXT://localhost:32769]
	buffer.memory = 33554432
	client.dns.lookup = use_all_dns_ips
	client.id = Producer-sb2a14c7fxd91ax4d1bx860cx49aa40b215b8
	compression.gzip.level = -1
	compression.lz4.level = 9
	compression.type = none
	compression.zstd.level = 3
	connections.max.idle.ms = 10000
	delivery.timeout.ms = 120000
	enable.idempotence = true
	enable.metrics.push = true
	interceptor.classes = []
	key.serializer = class org.apache.kafka.common.serialization.StringSerializer
	linger.ms = 0
	max.block.ms = 60000
	max.in.flight.requests.per.connection = 5
	max.request.size = 1048576
	metadata.max.age.ms = 300000
	metadata.max.idle.ms = 300000
	metadata.recovery.strategy = none
	metric.reporters = []
	metrics.num.samples = 2
	metrics.recording.level = INFO
	metrics.sample.window.ms = 30000
	partitioner.adaptive.partitioning.enable = true
	partitioner.availability.timeout.ms = 0
	partitioner.class = null
	partitioner.ignore.keys = false
	receive.buffer.bytes = 32768
	reconnect.backoff.max.ms = 1000
	reconnect.backoff.ms = 50
	request.timeout.ms = 5000
	retries = 2147483647
	retry.backoff.max.ms = 1000
	retry.backoff.ms = 100
	sasl.client.callback.handler.class = null
	sasl.jaas.config = null
	sasl.kerberos.kinit.cmd = /usr/bin/kinit
	sasl.kerberos.min.time.before.relogin = 60000
	sasl.kerberos.service.name = null
	sasl.kerberos.ticket.renew.jitter = 0.05
	sasl.kerberos.ticket.renew.window.factor = 0.8
	sasl.login.callback.handler.class = null
	sasl.login.class = null
	sasl.login.connect.timeout.ms = null
	sasl.login.read.timeout.ms = null
	sasl.login.refresh.buffer.seconds = 300
	sasl.login.refresh.min.period.seconds = 60
	sasl.login.refresh.window.factor = 0.8
	sasl.login.refresh.window.jitter = 0.05
	sasl.login.retry.backoff.max.ms = 10000
	sasl.login.retry.backoff.ms = 100
	sasl.mechanism = GSSAPI
	sasl.oauthbearer.clock.skew.seconds = 30
	sasl.oauthbearer.expected.audience = null
	sasl.oauthbearer.expected.issuer = null
	sasl.oauthbearer.header.urlencode = false
	sasl.oauthbearer.jwks.endpoint.refresh.ms = 3600000
	sasl.oauthbearer.jwks.endpoint.retry.backoff.max.ms = 10000
	sasl.oauthbearer.jwks.endpoint.retry.backoff.ms = 100
	sasl.oauthbearer.jwks.endpoint.url = null
	sasl.oauthbearer.scope.claim.name = scope
	sasl.oauthbearer.sub.claim.name = sub
	sasl.oauthbearer.token.endpoint.url = null
	security.protocol = PLAINTEXT
	security.providers = null
	send.buffer.bytes = 131072
	socket.connection.setup.timeout.max.ms = 30000
	socket.connection.setup.timeout.ms = 10000
	ssl.cipher.suites = null
	ssl.enabled.protocols = [TLSv1.2, TLSv1.3]
	ssl.endpoint.identification.algorithm = https
	ssl.engine.factory.class = null
	ssl.key.password = null
	ssl.keymanager.algorithm = SunX509
	ssl.keystore.certificate.chain = null
	ssl.keystore.key = null
	ssl.keystore.location = null
	ssl.keystore.password = null
	ssl.keystore.type = JKS
	ssl.protocol = TLSv1.3
	ssl.provider = null
	ssl.secure.random.implementation = null
	ssl.trustmanager.algorithm = PKIX
	ssl.truststore.certificates = null
	ssl.truststore.location = null
	ssl.truststore.password = null
	ssl.truststore.type = JKS
	transaction.timeout.ms = 60000
	transactional.id = null
	value.serializer = class io.apicurio.registry.serde.protobuf.ProtobufKafkaSerializer

2025-08-13 18:19:15,640 INFO  [org.apa.kaf.com.tel.int.KafkaMetricsCollector] (main) initializing Kafka metrics collector
2025-08-13 18:19:15,642 INFO  [org.apa.kaf.cli.pro.KafkaProducer] (main) [Producer clientId=Producer-sb2a14c7fxd91ax4d1bx860cx49aa40b215b8] Instantiated an idempotent producer.
2025-08-13 18:19:15,643 INFO  [org.apa.kaf.cli.pro.ProducerConfig] (main) These configurations '[apicurio.registry.headers.enabled, apicurio.registry.find-latest, apicurio.registry.url, apicurio.registry.artifact-resolver-strategy, apicurio.registry.artifact.version]' were supplied but are not used yet.
2025-08-13 18:19:15,643 INFO  [org.apa.kaf.com.uti.AppInfoParser] (main) Kafka version: 3.9.1
2025-08-13 18:19:15,643 INFO  [org.apa.kaf.com.uti.AppInfoParser] (main) Kafka commitId: f745dfdcee2b9851
2025-08-13 18:19:15,643 INFO  [org.apa.kaf.com.uti.AppInfoParser] (main) Kafka startTimeMs: 1755109155643
2025-08-13 18:19:15,644 INFO  [io.api.tes.ser.api.SimpleSerdesTesterBuilder$SimpleSerdesTester] (main) Using producer configuration: {apicurio.registry.headers.enabled=true, request.timeout.ms=5000, acks=all, bootstrap.servers=PLAINTEXT://localhost:32769, key.serializer=org.apache.kafka.common.serialization.StringSerializer, apicurio.registry.find-latest=false, apicurio.registry.url=http://registry-app-inmemory.apps.ci419.apicurio-testing.org:80/apis/registry/v3, apicurio.registry.artifact-resolver-strategy=io.apicurio.registry.serde.strategy.TopicIdStrategy, value.serializer=io.apicurio.registry.serde.protobuf.ProtobufKafkaSerializer, connections.max.idle.ms=10000, apicurio.registry.artifact.version=1, client.id=Producer-sb2a14c7fxd91ax4d1bx860cx49aa40b215b8}
2025-08-13 18:19:15,644 INFO  [io.api.tes.ser.api.SimpleSerdesTesterBuilder$SimpleSerdesTester] (main) Using consumer configuration: {apicurio.registry.headers.enabled=true}
2025-08-13 18:19:15,645 INFO  [io.api.tes.ser.api.KafkaSerdesTester] (Thread-791) Sending message header {
  time {
  }
}
d1: 1.755109155644E12
s1: "a"
i1: 123
bi1: 1
point {
  longitude: 22.0
  latitude: 22.0
  altitude: 1.0
}
 to topic sb2a14c7fxd91ax4d1bx860cx49aa40b215b8
2025-08-13 18:19:15,646 INFO  [org.apa.kaf.cli.Metadata] (kafka-producer-network-thread | Producer-sb2a14c7fxd91ax4d1bx860cx49aa40b215b8) [Producer clientId=Producer-sb2a14c7fxd91ax4d1bx860cx49aa40b215b8] Cluster ID: 4IlD_Sy2TMOqYF-Nc3vIHA
2025-08-13 18:19:15,647 INFO  [org.apa.kaf.cli.pro.int.TransactionManager] (kafka-producer-network-thread | Producer-sb2a14c7fxd91ax4d1bx860cx49aa40b215b8) [Producer clientId=Producer-sb2a14c7fxd91ax4d1bx860cx49aa40b215b8] ProducerId set to 34 with epoch 0
2025-08-13 18:19:16,814 INFO  [io.api.tes.ser.api.KafkaSerdesTester] (Thread-791) Sending message header {
  time {
  }
}
d1: 1.755109156814E12
s1: "a"
i1: 123
bi1: 1
point {
  longitude: 22.0
  latitude: 22.0
  altitude: 1.0
}
 to topic sb2a14c7fxd91ax4d1bx860cx49aa40b215b8
2025-08-13 18:19:16,819 INFO  [io.api.tes.ser.api.KafkaSerdesTester] (Thread-791) Sending message header {
  time {
  }
}
d1: 1.755109156818E12
s1: "a"
i1: 123
bi1: 1
point {
  longitude: 22.0
  latitude: 22.0
  altitude: 1.0
}
 to topic sb2a14c7fxd91ax4d1bx860cx49aa40b215b8
2025-08-13 18:19:16,822 INFO  [io.api.tes.ser.api.KafkaSerdesTester] (Thread-791) Sending message header {
  time {
  }
}
d1: 1.755109156822E12
s1: "a"
i1: 123
bi1: 1
point {
  longitude: 22.0
  latitude: 22.0
  altitude: 1.0
}
 to topic sb2a14c7fxd91ax4d1bx860cx49aa40b215b8
2025-08-13 18:19:16,826 INFO  [io.api.tes.ser.api.KafkaSerdesTester] (Thread-791) Sending message header {
  time {
  }
}
d1: 1.755109156826E12
s1: "a"
i1: 123
bi1: 1
point {
  longitude: 22.0
  latitude: 22.0
  altitude: 1.0
}
 to topic sb2a14c7fxd91ax4d1bx860cx49aa40b215b8
2025-08-13 18:19:16,829 INFO  [io.api.tes.ser.api.KafkaSerdesTester] (Thread-791) Sending message header {
  time {
  }
}
d1: 1.755109156829E12
s1: "a"
i1: 123
bi1: 1
point {
  longitude: 22.0
  latitude: 22.0
  altitude: 1.0
}
 to topic sb2a14c7fxd91ax4d1bx860cx49aa40b215b8
2025-08-13 18:19:16,834 INFO  [io.api.tes.ser.api.KafkaSerdesTester] (Thread-791) Sending message header {
  time {
  }
}
d1: 1.755109156834E12
s1: "a"
i1: 123
bi1: 1
point {
  longitude: 22.0
  latitude: 22.0
  altitude: 1.0
}
 to topic sb2a14c7fxd91ax4d1bx860cx49aa40b215b8
2025-08-13 18:19:16,837 INFO  [io.api.tes.ser.api.KafkaSerdesTester] (Thread-791) Sending message header {
  time {
  }
}
d1: 1.755109156837E12
s1: "a"
i1: 123
bi1: 1
point {
  longitude: 22.0
  latitude: 22.0
  altitude: 1.0
}
 to topic sb2a14c7fxd91ax4d1bx860cx49aa40b215b8
2025-08-13 18:19:16,841 INFO  [io.api.tes.ser.api.KafkaSerdesTester] (Thread-791) Sending message header {
  time {
  }
}
d1: 1.755109156841E12
s1: "a"
i1: 123
bi1: 1
point {
  longitude: 22.0
  latitude: 22.0
  altitude: 1.0
}
 to topic sb2a14c7fxd91ax4d1bx860cx49aa40b215b8
2025-08-13 18:19:16,843 INFO  [io.api.tes.ser.api.KafkaSerdesTester] (Thread-791) Sending message header {
  time {
  }
}
d1: 1.755109156843E12
s1: "a"
i1: 123
bi1: 1
point {
  longitude: 22.0
  latitude: 22.0
  altitude: 1.0
}
 to topic sb2a14c7fxd91ax4d1bx860cx49aa40b215b8
2025-08-13 18:19:16,845 INFO  [io.api.tes.ser.api.KafkaSerdesTester] (Thread-791) Produced 10 messages
2025-08-13 18:19:16,845 INFO  [org.apa.kaf.cli.pro.KafkaProducer] (Thread-791) [Producer clientId=Producer-sb2a14c7fxd91ax4d1bx860cx49aa40b215b8] Closing the Kafka producer with timeoutMillis = 9223372036854775807 ms.
2025-08-13 18:19:16,848 INFO  [org.apa.kaf.com.met.Metrics] (Thread-791) Metrics scheduler closed
2025-08-13 18:19:16,848 INFO  [org.apa.kaf.com.met.Metrics] (Thread-791) Closing reporter org.apache.kafka.common.metrics.JmxReporter
2025-08-13 18:19:16,848 INFO  [org.apa.kaf.com.met.Metrics] (Thread-791) Closing reporter org.apache.kafka.common.telemetry.internals.ClientTelemetryReporter
2025-08-13 18:19:16,848 INFO  [org.apa.kaf.com.met.Metrics] (Thread-791) Metrics reporters closed
2025-08-13 18:19:16,848 INFO  [org.apa.kaf.com.uti.AppInfoParser] (Thread-791) App info kafka.producer for Producer-sb2a14c7fxd91ax4d1bx860cx49aa40b215b8 unregistered
**** Registry Base URL: http://registry-app-inmemory.apps.ci419.apicurio-testing.org:80
2025-08-13 18:19:16,849 INFO  [org.apa.kaf.cli.con.ConsumerConfig] (main) ConsumerConfig values: 
	allow.auto.create.topics = true
	auto.commit.interval.ms = 500
	auto.include.jmx.reporter = true
	auto.offset.reset = earliest
	bootstrap.servers = [PLAINTEXT://localhost:32769]
	check.crcs = true
	client.dns.lookup = use_all_dns_ips
	client.id = consumer-Consumer-sb2a14c7fxd91ax4d1bx860cx49aa40b215b8-25
	client.rack = 
	connections.max.idle.ms = 10000
	default.api.timeout.ms = 60000
	enable.auto.commit = true
	enable.metrics.push = true
	exclude.internal.topics = true
	fetch.max.bytes = 52428800
	fetch.max.wait.ms = 500
	fetch.min.bytes = 1
	group.id = Consumer-sb2a14c7fxd91ax4d1bx860cx49aa40b215b8
	group.instance.id = null
	group.protocol = classic
	group.remote.assignor = null
	heartbeat.interval.ms = 3000
	interceptor.classes = []
	internal.leave.group.on.close = true
	internal.throw.on.fetch.stable.offset.unsupported = false
	isolation.level = read_uncommitted
	key.deserializer = class org.apache.kafka.common.serialization.StringDeserializer
	max.partition.fetch.bytes = 1048576
	max.poll.interval.ms = 300000
	max.poll.records = 500
	metadata.max.age.ms = 300000
	metadata.recovery.strategy = none
	metric.reporters = []
	metrics.num.samples = 2
	metrics.recording.level = INFO
	metrics.sample.window.ms = 30000
	partition.assignment.strategy = [class org.apache.kafka.clients.consumer.RangeAssignor, class org.apache.kafka.clients.consumer.CooperativeStickyAssignor]
	receive.buffer.bytes = 65536
	reconnect.backoff.max.ms = 1000
	reconnect.backoff.ms = 50
	request.timeout.ms = 5000
	retry.backoff.max.ms = 1000
	retry.backoff.ms = 100
	sasl.client.callback.handler.class = null
	sasl.jaas.config = null
	sasl.kerberos.kinit.cmd = /usr/bin/kinit
	sasl.kerberos.min.time.before.relogin = 60000
	sasl.kerberos.service.name = null
	sasl.kerberos.ticket.renew.jitter = 0.05
	sasl.kerberos.ticket.renew.window.factor = 0.8
	sasl.login.callback.handler.class = null
	sasl.login.class = null
	sasl.login.connect.timeout.ms = null
	sasl.login.read.timeout.ms = null
	sasl.login.refresh.buffer.seconds = 300
	sasl.login.refresh.min.period.seconds = 60
	sasl.login.refresh.window.factor = 0.8
	sasl.login.refresh.window.jitter = 0.05
	sasl.login.retry.backoff.max.ms = 10000
	sasl.login.retry.backoff.ms = 100
	sasl.mechanism = GSSAPI
	sasl.oauthbearer.clock.skew.seconds = 30
	sasl.oauthbearer.expected.audience = null
	sasl.oauthbearer.expected.issuer = null
	sasl.oauthbearer.header.urlencode = false
	sasl.oauthbearer.jwks.endpoint.refresh.ms = 3600000
	sasl.oauthbearer.jwks.endpoint.retry.backoff.max.ms = 10000
	sasl.oauthbearer.jwks.endpoint.retry.backoff.ms = 100
	sasl.oauthbearer.jwks.endpoint.url = null
	sasl.oauthbearer.scope.claim.name = scope
	sasl.oauthbearer.sub.claim.name = sub
	sasl.oauthbearer.token.endpoint.url = null
	security.protocol = PLAINTEXT
	security.providers = null
	send.buffer.bytes = 131072
	session.timeout.ms = 45000
	socket.connection.setup.timeout.max.ms = 30000
	socket.connection.setup.timeout.ms = 10000
	ssl.cipher.suites = null
	ssl.enabled.protocols = [TLSv1.2, TLSv1.3]
	ssl.endpoint.identification.algorithm = https
	ssl.engine.factory.class = null
	ssl.key.password = null
	ssl.keymanager.algorithm = SunX509
	ssl.keystore.certificate.chain = null
	ssl.keystore.key = null
	ssl.keystore.location = null
	ssl.keystore.password = null
	ssl.keystore.type = JKS
	ssl.protocol = TLSv1.3
	ssl.provider = null
	ssl.secure.random.implementation = null
	ssl.trustmanager.algorithm = PKIX
	ssl.truststore.certificates = null
	ssl.truststore.location = null
	ssl.truststore.password = null
	ssl.truststore.type = JKS
	value.deserializer = class io.apicurio.registry.serde.protobuf.ProtobufKafkaDeserializer

2025-08-13 18:19:16,850 INFO  [org.apa.kaf.com.tel.int.KafkaMetricsCollector] (main) initializing Kafka metrics collector
2025-08-13 18:19:16,865 INFO  [org.apa.kaf.cli.con.ConsumerConfig] (main) These configurations '[apicurio.registry.url, apicurio.registry.headers.enabled]' were supplied but are not used yet.
2025-08-13 18:19:16,865 INFO  [org.apa.kaf.com.uti.AppInfoParser] (main) Kafka version: 3.9.1
2025-08-13 18:19:16,865 INFO  [org.apa.kaf.com.uti.AppInfoParser] (main) Kafka commitId: f745dfdcee2b9851
2025-08-13 18:19:16,865 INFO  [org.apa.kaf.com.uti.AppInfoParser] (main) Kafka startTimeMs: 1755109156865
2025-08-13 18:19:16,868 INFO  [org.apa.kaf.cli.con.int.ClassicKafkaConsumer] (Thread-794) [Consumer clientId=consumer-Consumer-sb2a14c7fxd91ax4d1bx860cx49aa40b215b8-25, groupId=Consumer-sb2a14c7fxd91ax4d1bx860cx49aa40b215b8] Subscribed to topic(s): sb2a14c7fxd91ax4d1bx860cx49aa40b215b8
2025-08-13 18:19:16,871 INFO  [org.apa.kaf.cli.Metadata] (Thread-794) [Consumer clientId=consumer-Consumer-sb2a14c7fxd91ax4d1bx860cx49aa40b215b8-25, groupId=Consumer-sb2a14c7fxd91ax4d1bx860cx49aa40b215b8] Cluster ID: 4IlD_Sy2TMOqYF-Nc3vIHA
2025-08-13 18:19:16,871 INFO  [org.apa.kaf.cli.con.int.ConsumerCoordinator] (Thread-794) [Consumer clientId=consumer-Consumer-sb2a14c7fxd91ax4d1bx860cx49aa40b215b8-25, groupId=Consumer-sb2a14c7fxd91ax4d1bx860cx49aa40b215b8] Discovered group coordinator localhost:32769 (id: 2147483647 rack: null)
2025-08-13 18:19:16,872 INFO  [org.apa.kaf.cli.con.int.ConsumerCoordinator] (Thread-794) [Consumer clientId=consumer-Consumer-sb2a14c7fxd91ax4d1bx860cx49aa40b215b8-25, groupId=Consumer-sb2a14c7fxd91ax4d1bx860cx49aa40b215b8] (Re-)joining group
2025-08-13 18:19:16,874 INFO  [org.apa.kaf.cli.con.int.ConsumerCoordinator] (Thread-794) [Consumer clientId=consumer-Consumer-sb2a14c7fxd91ax4d1bx860cx49aa40b215b8-25, groupId=Consumer-sb2a14c7fxd91ax4d1bx860cx49aa40b215b8] Request joining group due to: need to re-join with the given member-id: consumer-Consumer-sb2a14c7fxd91ax4d1bx860cx49aa40b215b8-25-4ef00525-031c-4844-abbe-69a1602e1cc3
2025-08-13 18:19:16,874 INFO  [org.apa.kaf.cli.con.int.ConsumerCoordinator] (Thread-794) [Consumer clientId=consumer-Consumer-sb2a14c7fxd91ax4d1bx860cx49aa40b215b8-25, groupId=Consumer-sb2a14c7fxd91ax4d1bx860cx49aa40b215b8] (Re-)joining group
2025-08-13 18:19:17,868 INFO  [io.api.tes.ser.api.KafkaSerdesTester] (Thread-794) None found
2025-08-13 18:19:18,868 INFO  [io.api.tes.ser.api.KafkaSerdesTester] (Thread-794) None found
2025-08-13 18:19:19,868 INFO  [io.api.tes.ser.api.KafkaSerdesTester] (Thread-794) None found
2025-08-13 18:19:19,875 INFO  [org.apa.kaf.cli.con.int.ConsumerCoordinator] (Thread-794) [Consumer clientId=consumer-Consumer-sb2a14c7fxd91ax4d1bx860cx49aa40b215b8-25, groupId=Consumer-sb2a14c7fxd91ax4d1bx860cx49aa40b215b8] Successfully joined group with generation Generation{generationId=1, memberId='consumer-Consumer-sb2a14c7fxd91ax4d1bx860cx49aa40b215b8-25-4ef00525-031c-4844-abbe-69a1602e1cc3', protocol='range'}
2025-08-13 18:19:19,876 INFO  [org.apa.kaf.cli.con.int.ConsumerCoordinator] (Thread-794) [Consumer clientId=consumer-Consumer-sb2a14c7fxd91ax4d1bx860cx49aa40b215b8-25, groupId=Consumer-sb2a14c7fxd91ax4d1bx860cx49aa40b215b8] Finished assignment for group at generation 1: {consumer-Consumer-sb2a14c7fxd91ax4d1bx860cx49aa40b215b8-25-4ef00525-031c-4844-abbe-69a1602e1cc3=Assignment(partitions=[sb2a14c7fxd91ax4d1bx860cx49aa40b215b8-0])}
2025-08-13 18:19:19,882 INFO  [org.apa.kaf.cli.con.int.ConsumerCoordinator] (Thread-794) [Consumer clientId=consumer-Consumer-sb2a14c7fxd91ax4d1bx860cx49aa40b215b8-25, groupId=Consumer-sb2a14c7fxd91ax4d1bx860cx49aa40b215b8] Successfully synced group in generation Generation{generationId=1, memberId='consumer-Consumer-sb2a14c7fxd91ax4d1bx860cx49aa40b215b8-25-4ef00525-031c-4844-abbe-69a1602e1cc3', protocol='range'}
2025-08-13 18:19:19,883 INFO  [org.apa.kaf.cli.con.int.ConsumerCoordinator] (Thread-794) [Consumer clientId=consumer-Consumer-sb2a14c7fxd91ax4d1bx860cx49aa40b215b8-25, groupId=Consumer-sb2a14c7fxd91ax4d1bx860cx49aa40b215b8] Notifying assignor about the new Assignment(partitions=[sb2a14c7fxd91ax4d1bx860cx49aa40b215b8-0])
2025-08-13 18:19:19,883 INFO  [org.apa.kaf.cli.con.int.ConsumerRebalanceListenerInvoker] (Thread-794) [Consumer clientId=consumer-Consumer-sb2a14c7fxd91ax4d1bx860cx49aa40b215b8-25, groupId=Consumer-sb2a14c7fxd91ax4d1bx860cx49aa40b215b8] Adding newly assigned partitions: sb2a14c7fxd91ax4d1bx860cx49aa40b215b8-0
2025-08-13 18:19:19,883 INFO  [org.apa.kaf.cli.con.int.ConsumerCoordinator] (Thread-794) [Consumer clientId=consumer-Consumer-sb2a14c7fxd91ax4d1bx860cx49aa40b215b8-25, groupId=Consumer-sb2a14c7fxd91ax4d1bx860cx49aa40b215b8] Found no committed offset for partition sb2a14c7fxd91ax4d1bx860cx49aa40b215b8-0
2025-08-13 18:19:19,886 INFO  [org.apa.kaf.cli.con.int.SubscriptionState] (Thread-794) [Consumer clientId=consumer-Consumer-sb2a14c7fxd91ax4d1bx860cx49aa40b215b8-25, groupId=Consumer-sb2a14c7fxd91ax4d1bx860cx49aa40b215b8] Resetting offset for partition sb2a14c7fxd91ax4d1bx860cx49aa40b215b8-0 to position FetchPosition{offset=0, offsetEpoch=Optional.empty, currentLeader=LeaderAndEpoch{leader=Optional[localhost:32769 (id: 0 rack: null)], epoch=0}}.
2025-08-13 18:19:20,018 INFO  [io.api.tes.ser.api.KafkaSerdesTester] (Thread-794) sb2a14c7fxd91ax4d1bx860cx49aa40b215b8 0 0 header {
  time {
  }
}
d1: 1.755109155644E12
s1: "a"
i1: 123
bi1: 1
point {
  longitude: 22.0
  latitude: 22.0
  altitude: 1.0
}

2025-08-13 18:19:20,019 INFO  [io.api.tes.ser.api.KafkaSerdesTester] (Thread-794) sb2a14c7fxd91ax4d1bx860cx49aa40b215b8 0 1 header {
  time {
  }
}
d1: 1.755109156814E12
s1: "a"
i1: 123
bi1: 1
point {
  longitude: 22.0
  latitude: 22.0
  altitude: 1.0
}

2025-08-13 18:19:20,019 INFO  [io.api.tes.ser.api.KafkaSerdesTester] (Thread-794) sb2a14c7fxd91ax4d1bx860cx49aa40b215b8 0 2 header {
  time {
  }
}
d1: 1.755109156818E12
s1: "a"
i1: 123
bi1: 1
point {
  longitude: 22.0
  latitude: 22.0
  altitude: 1.0
}

2025-08-13 18:19:20,019 INFO  [io.api.tes.ser.api.KafkaSerdesTester] (Thread-794) sb2a14c7fxd91ax4d1bx860cx49aa40b215b8 0 3 header {
  time {
  }
}
d1: 1.755109156822E12
s1: "a"
i1: 123
bi1: 1
point {
  longitude: 22.0
  latitude: 22.0
  altitude: 1.0
}

2025-08-13 18:19:20,019 INFO  [io.api.tes.ser.api.KafkaSerdesTester] (Thread-794) sb2a14c7fxd91ax4d1bx860cx49aa40b215b8 0 4 header {
  time {
  }
}
d1: 1.755109156826E12
s1: "a"
i1: 123
bi1: 1
point {
  longitude: 22.0
  latitude: 22.0
  altitude: 1.0
}

2025-08-13 18:19:20,019 INFO  [io.api.tes.ser.api.KafkaSerdesTester] (Thread-794) sb2a14c7fxd91ax4d1bx860cx49aa40b215b8 0 5 header {
  time {
  }
}
d1: 1.755109156829E12
s1: "a"
i1: 123
bi1: 1
point {
  longitude: 22.0
  latitude: 22.0
  altitude: 1.0
}

2025-08-13 18:19:20,020 INFO  [io.api.tes.ser.api.KafkaSerdesTester] (Thread-794) sb2a14c7fxd91ax4d1bx860cx49aa40b215b8 0 6 header {
  time {
  }
}
d1: 1.755109156834E12
s1: "a"
i1: 123
bi1: 1
point {
  longitude: 22.0
  latitude: 22.0
  altitude: 1.0
}

2025-08-13 18:19:20,020 INFO  [io.api.tes.ser.api.KafkaSerdesTester] (Thread-794) sb2a14c7fxd91ax4d1bx860cx49aa40b215b8 0 7 header {
  time {
  }
}
d1: 1.755109156837E12
s1: "a"
i1: 123
bi1: 1
point {
  longitude: 22.0
  latitude: 22.0
  altitude: 1.0
}

2025-08-13 18:19:20,020 INFO  [io.api.tes.ser.api.KafkaSerdesTester] (Thread-794) sb2a14c7fxd91ax4d1bx860cx49aa40b215b8 0 8 header {
  time {
  }
}
d1: 1.755109156841E12
s1: "a"
i1: 123
bi1: 1
point {
  longitude: 22.0
  latitude: 22.0
  altitude: 1.0
}

2025-08-13 18:19:20,021 INFO  [io.api.tes.ser.api.KafkaSerdesTester] (Thread-794) sb2a14c7fxd91ax4d1bx860cx49aa40b215b8 0 9 header {
  time {
  }
}
d1: 1.755109156843E12
s1: "a"
i1: 123
bi1: 1
point {
  longitude: 22.0
  latitude: 22.0
  altitude: 1.0
}

2025-08-13 18:19:20,021 INFO  [io.api.tes.ser.api.KafkaSerdesTester] (Thread-794) Consumed 10 messages
2025-08-13 18:19:20,028 INFO  [org.apa.kaf.cli.con.int.ConsumerRebalanceListenerInvoker] (Thread-794) [Consumer clientId=consumer-Consumer-sb2a14c7fxd91ax4d1bx860cx49aa40b215b8-25, groupId=Consumer-sb2a14c7fxd91ax4d1bx860cx49aa40b215b8] Revoke previously assigned partitions sb2a14c7fxd91ax4d1bx860cx49aa40b215b8-0
2025-08-13 18:19:20,028 INFO  [org.apa.kaf.cli.con.int.ConsumerCoordinator] (Thread-794) [Consumer clientId=consumer-Consumer-sb2a14c7fxd91ax4d1bx860cx49aa40b215b8-25, groupId=Consumer-sb2a14c7fxd91ax4d1bx860cx49aa40b215b8] Member consumer-Consumer-sb2a14c7fxd91ax4d1bx860cx49aa40b215b8-25-4ef00525-031c-4844-abbe-69a1602e1cc3 sending LeaveGroup request to coordinator localhost:32769 (id: 2147483647 rack: null) due to the consumer is being closed
2025-08-13 18:19:20,029 INFO  [org.apa.kaf.cli.con.int.ConsumerCoordinator] (Thread-794) [Consumer clientId=consumer-Consumer-sb2a14c7fxd91ax4d1bx860cx49aa40b215b8-25, groupId=Consumer-sb2a14c7fxd91ax4d1bx860cx49aa40b215b8] Resetting generation and member id due to: consumer pro-actively leaving the group
2025-08-13 18:19:20,029 INFO  [org.apa.kaf.cli.con.int.ConsumerCoordinator] (Thread-794) [Consumer clientId=consumer-Consumer-sb2a14c7fxd91ax4d1bx860cx49aa40b215b8-25, groupId=Consumer-sb2a14c7fxd91ax4d1bx860cx49aa40b215b8] Request joining group due to: consumer pro-actively leaving the group
2025-08-13 18:19:20,522 INFO  [org.apa.kaf.com.met.Metrics] (Thread-794) Metrics scheduler closed
2025-08-13 18:19:20,522 INFO  [org.apa.kaf.com.met.Metrics] (Thread-794) Closing reporter org.apache.kafka.common.metrics.JmxReporter
2025-08-13 18:19:20,522 INFO  [org.apa.kaf.com.met.Metrics] (Thread-794) Closing reporter org.apache.kafka.common.telemetry.internals.ClientTelemetryReporter
2025-08-13 18:19:20,522 INFO  [org.apa.kaf.com.met.Metrics] (Thread-794) Metrics reporters closed
2025-08-13 18:19:20,524 INFO  [org.apa.kaf.com.uti.AppInfoParser] (Thread-794) App info kafka.consumer for consumer-Consumer-sb2a14c7fxd91ax4d1bx860cx49aa40b215b8-25 unregistered
**** Registry Base URL: http://registry-app-inmemory.apps.ci419.apicurio-testing.org:80
2025-08-13 18:19:20,525 INFO  [org.apa.kaf.cli.pro.ProducerConfig] (main) ProducerConfig values: 
	acks = -1
	auto.include.jmx.reporter = true
	batch.size = 16384
	bootstrap.servers = [PLAINTEXT://localhost:32769]
	buffer.memory = 33554432
	client.dns.lookup = use_all_dns_ips
	client.id = Producer-sb2a14c7fxd91ax4d1bx860cx49aa40b215b8
	compression.gzip.level = -1
	compression.lz4.level = 9
	compression.type = none
	compression.zstd.level = 3
	connections.max.idle.ms = 10000
	delivery.timeout.ms = 120000
	enable.idempotence = true
	enable.metrics.push = true
	interceptor.classes = []
	key.serializer = class org.apache.kafka.common.serialization.StringSerializer
	linger.ms = 0
	max.block.ms = 60000
	max.in.flight.requests.per.connection = 5
	max.request.size = 1048576
	metadata.max.age.ms = 300000
	metadata.max.idle.ms = 300000
	metadata.recovery.strategy = none
	metric.reporters = []
	metrics.num.samples = 2
	metrics.recording.level = INFO
	metrics.sample.window.ms = 30000
	partitioner.adaptive.partitioning.enable = true
	partitioner.availability.timeout.ms = 0
	partitioner.class = null
	partitioner.ignore.keys = false
	receive.buffer.bytes = 32768
	reconnect.backoff.max.ms = 1000
	reconnect.backoff.ms = 50
	request.timeout.ms = 5000
	retries = 2147483647
	retry.backoff.max.ms = 1000
	retry.backoff.ms = 100
	sasl.client.callback.handler.class = null
	sasl.jaas.config = null
	sasl.kerberos.kinit.cmd = /usr/bin/kinit
	sasl.kerberos.min.time.before.relogin = 60000
	sasl.kerberos.service.name = null
	sasl.kerberos.ticket.renew.jitter = 0.05
	sasl.kerberos.ticket.renew.window.factor = 0.8
	sasl.login.callback.handler.class = null
	sasl.login.class = null
	sasl.login.connect.timeout.ms = null
	sasl.login.read.timeout.ms = null
	sasl.login.refresh.buffer.seconds = 300
	sasl.login.refresh.min.period.seconds = 60
	sasl.login.refresh.window.factor = 0.8
	sasl.login.refresh.window.jitter = 0.05
	sasl.login.retry.backoff.max.ms = 10000
	sasl.login.retry.backoff.ms = 100
	sasl.mechanism = GSSAPI
	sasl.oauthbearer.clock.skew.seconds = 30
	sasl.oauthbearer.expected.audience = null
	sasl.oauthbearer.expected.issuer = null
	sasl.oauthbearer.header.urlencode = false
	sasl.oauthbearer.jwks.endpoint.refresh.ms = 3600000
	sasl.oauthbearer.jwks.endpoint.retry.backoff.max.ms = 10000
	sasl.oauthbearer.jwks.endpoint.retry.backoff.ms = 100
	sasl.oauthbearer.jwks.endpoint.url = null
	sasl.oauthbearer.scope.claim.name = scope
	sasl.oauthbearer.sub.claim.name = sub
	sasl.oauthbearer.token.endpoint.url = null
	security.protocol = PLAINTEXT
	security.providers = null
	send.buffer.bytes = 131072
	socket.connection.setup.timeout.max.ms = 30000
	socket.connection.setup.timeout.ms = 10000
	ssl.cipher.suites = null
	ssl.enabled.protocols = [TLSv1.2, TLSv1.3]
	ssl.endpoint.identification.algorithm = https
	ssl.engine.factory.class = null
	ssl.key.password = null
	ssl.keymanager.algorithm = SunX509
	ssl.keystore.certificate.chain = null
	ssl.keystore.key = null
	ssl.keystore.location = null
	ssl.keystore.password = null
	ssl.keystore.type = JKS
	ssl.protocol = TLSv1.3
	ssl.provider = null
	ssl.secure.random.implementation = null
	ssl.trustmanager.algorithm = PKIX
	ssl.truststore.certificates = null
	ssl.truststore.location = null
	ssl.truststore.password = null
	ssl.truststore.type = JKS
	transaction.timeout.ms = 60000
	transactional.id = null
	value.serializer = class io.apicurio.registry.serde.protobuf.ProtobufKafkaSerializer

2025-08-13 18:19:20,526 INFO  [org.apa.kaf.com.tel.int.KafkaMetricsCollector] (main) initializing Kafka metrics collector
2025-08-13 18:19:20,529 INFO  [org.apa.kaf.cli.pro.KafkaProducer] (main) [Producer clientId=Producer-sb2a14c7fxd91ax4d1bx860cx49aa40b215b8] Instantiated an idempotent producer.
2025-08-13 18:19:20,531 INFO  [org.apa.kaf.cli.pro.ProducerConfig] (main) These configurations '[apicurio.registry.find-latest, apicurio.registry.url, apicurio.registry.headers.enabled, apicurio.registry.artifact-resolver-strategy]' were supplied but are not used yet.
2025-08-13 18:19:20,531 INFO  [org.apa.kaf.com.uti.AppInfoParser] (main) Kafka version: 3.9.1
2025-08-13 18:19:20,532 INFO  [org.apa.kaf.com.uti.AppInfoParser] (main) Kafka commitId: f745dfdcee2b9851
2025-08-13 18:19:20,532 INFO  [org.apa.kaf.com.uti.AppInfoParser] (main) Kafka startTimeMs: 1755109160531
2025-08-13 18:19:20,532 INFO  [io.api.tes.ser.api.SimpleSerdesTesterBuilder$SimpleSerdesTester] (main) Using producer configuration: {apicurio.registry.find-latest=false, apicurio.registry.url=http://registry-app-inmemory.apps.ci419.apicurio-testing.org:80/apis/registry/v3, apicurio.registry.headers.enabled=true, apicurio.registry.artifact-resolver-strategy=io.apicurio.registry.serde.strategy.TopicIdStrategy, value.serializer=io.apicurio.registry.serde.protobuf.ProtobufKafkaSerializer, request.timeout.ms=5000, acks=all, bootstrap.servers=PLAINTEXT://localhost:32769, connections.max.idle.ms=10000, key.serializer=org.apache.kafka.common.serialization.StringSerializer, client.id=Producer-sb2a14c7fxd91ax4d1bx860cx49aa40b215b8}
2025-08-13 18:19:20,532 INFO  [io.api.tes.ser.api.SimpleSerdesTesterBuilder$SimpleSerdesTester] (main) Using consumer configuration: {apicurio.registry.headers.enabled=true}
2025-08-13 18:19:20,534 INFO  [io.api.tes.ser.api.KafkaSerdesTester] (Thread-797) Sending message header {
  time {
  }
}
d1: 1.755109160533E12
s1: "a"
i1: 123
bi1: 1
point {
  longitude: 22.0
  latitude: 22.0
  altitude: 1.0
}
 to topic sb2a14c7fxd91ax4d1bx860cx49aa40b215b8
2025-08-13 18:19:20,536 INFO  [org.apa.kaf.cli.Metadata] (kafka-producer-network-thread | Producer-sb2a14c7fxd91ax4d1bx860cx49aa40b215b8) [Producer clientId=Producer-sb2a14c7fxd91ax4d1bx860cx49aa40b215b8] Cluster ID: 4IlD_Sy2TMOqYF-Nc3vIHA
2025-08-13 18:19:20,538 INFO  [DefaultSchemaResolver] (Thread-797) Retrieving schema content using string: // Proto schema formatted by Wire, do not edit.
// Source: 

syntax = "proto3";

package io.apicurio.tests.protobuf;

import "google/protobuf/timestamp.proto";

option java_multiple_files = true;

message ProtobufTestMessage {
  .io.apicurio.tests.protobuf.Header header = 1;

  double d1 = 2;

  string s1 = 4;

  int32 i1 = 7;

  int64 bi1 = 12;

  .google.protobuf.Timestamp state_time = 22;

  .io.apicurio.tests.protobuf.Point point = 30;
}

message Header {
  .google.protobuf.Timestamp time = 1;

  string source = 2;

  string destination = 3;

  string uuid = 4;

  repeated string source_uuids = 5;

  string message_type_id = 6;

  string raw_message = 7;
}

message Point {
  oneof longitude_oneof {
    double longitude = 1;
  }

  oneof latitude_oneof {
    double latitude = 2;
  }

  oneof altitude_oneof {
    double altitude = 3;
  }
}

2025-08-13 18:19:20,538 INFO  [org.apa.kaf.cli.pro.int.TransactionManager] (kafka-producer-network-thread | Producer-sb2a14c7fxd91ax4d1bx860cx49aa40b215b8) [Producer clientId=Producer-sb2a14c7fxd91ax4d1bx860cx49aa40b215b8] ProducerId set to 35 with epoch 0
2025-08-13 18:19:20,577 INFO  [io.api.tes.ser.api.KafkaSerdesTester] (Thread-797) Sending message header {
  time {
  }
}
d1: 1.755109160577E12
s1: "a"
i1: 123
bi1: 1
point {
  longitude: 22.0
  latitude: 22.0
  altitude: 1.0
}
 to topic sb2a14c7fxd91ax4d1bx860cx49aa40b215b8
2025-08-13 18:19:20,582 INFO  [io.api.tes.ser.api.KafkaSerdesTester] (Thread-797) Sending message header {
  time {
  }
}
d1: 1.755109160582E12
s1: "a"
i1: 123
bi1: 1
point {
  longitude: 22.0
  latitude: 22.0
  altitude: 1.0
}
 to topic sb2a14c7fxd91ax4d1bx860cx49aa40b215b8
2025-08-13 18:19:20,587 INFO  [io.api.tes.ser.api.KafkaSerdesTester] (Thread-797) Sending message header {
  time {
  }
}
d1: 1.755109160585E12
s1: "a"
i1: 123
bi1: 1
point {
  longitude: 22.0
  latitude: 22.0
  altitude: 1.0
}
 to topic sb2a14c7fxd91ax4d1bx860cx49aa40b215b8
2025-08-13 18:19:20,591 INFO  [io.api.tes.ser.api.KafkaSerdesTester] (Thread-797) Sending message header {
  time {
  }
}
d1: 1.75510916059E12
s1: "a"
i1: 123
bi1: 1
point {
  longitude: 22.0
  latitude: 22.0
  altitude: 1.0
}
 to topic sb2a14c7fxd91ax4d1bx860cx49aa40b215b8
2025-08-13 18:19:20,595 INFO  [io.api.tes.ser.api.KafkaSerdesTester] (Thread-797) Sending message header {
  time {
  }
}
d1: 1.755109160594E12
s1: "a"
i1: 123
bi1: 1
point {
  longitude: 22.0
  latitude: 22.0
  altitude: 1.0
}
 to topic sb2a14c7fxd91ax4d1bx860cx49aa40b215b8
2025-08-13 18:19:20,601 INFO  [io.api.tes.ser.api.KafkaSerdesTester] (Thread-797) Sending message header {
  time {
  }
}
d1: 1.755109160601E12
s1: "a"
i1: 123
bi1: 1
point {
  longitude: 22.0
  latitude: 22.0
  altitude: 1.0
}
 to topic sb2a14c7fxd91ax4d1bx860cx49aa40b215b8
2025-08-13 18:19:20,607 INFO  [io.api.tes.ser.api.KafkaSerdesTester] (Thread-797) Sending message header {
  time {
  }
}
d1: 1.755109160607E12
s1: "a"
i1: 123
bi1: 1
point {
  longitude: 22.0
  latitude: 22.0
  altitude: 1.0
}
 to topic sb2a14c7fxd91ax4d1bx860cx49aa40b215b8
2025-08-13 18:19:20,614 INFO  [io.api.tes.ser.api.KafkaSerdesTester] (Thread-797) Sending message header {
  time {
  }
}
d1: 1.755109160613E12
s1: "a"
i1: 123
bi1: 1
point {
  longitude: 22.0
  latitude: 22.0
  altitude: 1.0
}
 to topic sb2a14c7fxd91ax4d1bx860cx49aa40b215b8
2025-08-13 18:19:20,617 INFO  [io.api.tes.ser.api.KafkaSerdesTester] (Thread-797) Sending message header {
  time {
  }
}
d1: 1.755109160617E12
s1: "a"
i1: 123
bi1: 1
point {
  longitude: 22.0
  latitude: 22.0
  altitude: 1.0
}
 to topic sb2a14c7fxd91ax4d1bx860cx49aa40b215b8
2025-08-13 18:19:20,625 INFO  [io.api.tes.ser.api.KafkaSerdesTester] (Thread-797) Produced 10 messages
2025-08-13 18:19:20,625 INFO  [org.apa.kaf.cli.pro.KafkaProducer] (Thread-797) [Producer clientId=Producer-sb2a14c7fxd91ax4d1bx860cx49aa40b215b8] Closing the Kafka producer with timeoutMillis = 9223372036854775807 ms.
2025-08-13 18:19:20,627 INFO  [org.apa.kaf.com.met.Metrics] (Thread-797) Metrics scheduler closed
2025-08-13 18:19:20,627 INFO  [org.apa.kaf.com.met.Metrics] (Thread-797) Closing reporter org.apache.kafka.common.metrics.JmxReporter
2025-08-13 18:19:20,627 INFO  [org.apa.kaf.com.met.Metrics] (Thread-797) Closing reporter org.apache.kafka.common.telemetry.internals.ClientTelemetryReporter
2025-08-13 18:19:20,627 INFO  [org.apa.kaf.com.met.Metrics] (Thread-797) Metrics reporters closed
2025-08-13 18:19:20,628 INFO  [org.apa.kaf.com.uti.AppInfoParser] (Thread-797) App info kafka.producer for Producer-sb2a14c7fxd91ax4d1bx860cx49aa40b215b8 unregistered
**** Registry Base URL: http://registry-app-inmemory.apps.ci419.apicurio-testing.org:80
2025-08-13 18:19:20,628 INFO  [org.apa.kaf.cli.con.ConsumerConfig] (main) ConsumerConfig values: 
	allow.auto.create.topics = true
	auto.commit.interval.ms = 500
	auto.include.jmx.reporter = true
	auto.offset.reset = earliest
	bootstrap.servers = [PLAINTEXT://localhost:32769]
	check.crcs = true
	client.dns.lookup = use_all_dns_ips
	client.id = consumer-Consumer-sb2a14c7fxd91ax4d1bx860cx49aa40b215b8-26
	client.rack = 
	connections.max.idle.ms = 10000
	default.api.timeout.ms = 60000
	enable.auto.commit = true
	enable.metrics.push = true
	exclude.internal.topics = true
	fetch.max.bytes = 52428800
	fetch.max.wait.ms = 500
	fetch.min.bytes = 1
	group.id = Consumer-sb2a14c7fxd91ax4d1bx860cx49aa40b215b8
	group.instance.id = null
	group.protocol = classic
	group.remote.assignor = null
	heartbeat.interval.ms = 3000
	interceptor.classes = []
	internal.leave.group.on.close = true
	internal.throw.on.fetch.stable.offset.unsupported = false
	isolation.level = read_uncommitted
	key.deserializer = class org.apache.kafka.common.serialization.StringDeserializer
	max.partition.fetch.bytes = 1048576
	max.poll.interval.ms = 300000
	max.poll.records = 500
	metadata.max.age.ms = 300000
	metadata.recovery.strategy = none
	metric.reporters = []
	metrics.num.samples = 2
	metrics.recording.level = INFO
	metrics.sample.window.ms = 30000
	partition.assignment.strategy = [class org.apache.kafka.clients.consumer.RangeAssignor, class org.apache.kafka.clients.consumer.CooperativeStickyAssignor]
	receive.buffer.bytes = 65536
	reconnect.backoff.max.ms = 1000
	reconnect.backoff.ms = 50
	request.timeout.ms = 5000
	retry.backoff.max.ms = 1000
	retry.backoff.ms = 100
	sasl.client.callback.handler.class = null
	sasl.jaas.config = null
	sasl.kerberos.kinit.cmd = /usr/bin/kinit
	sasl.kerberos.min.time.before.relogin = 60000
	sasl.kerberos.service.name = null
	sasl.kerberos.ticket.renew.jitter = 0.05
	sasl.kerberos.ticket.renew.window.factor = 0.8
	sasl.login.callback.handler.class = null
	sasl.login.class = null
	sasl.login.connect.timeout.ms = null
	sasl.login.read.timeout.ms = null
	sasl.login.refresh.buffer.seconds = 300
	sasl.login.refresh.min.period.seconds = 60
	sasl.login.refresh.window.factor = 0.8
	sasl.login.refresh.window.jitter = 0.05
	sasl.login.retry.backoff.max.ms = 10000
	sasl.login.retry.backoff.ms = 100
	sasl.mechanism = GSSAPI
	sasl.oauthbearer.clock.skew.seconds = 30
	sasl.oauthbearer.expected.audience = null
	sasl.oauthbearer.expected.issuer = null
	sasl.oauthbearer.header.urlencode = false
	sasl.oauthbearer.jwks.endpoint.refresh.ms = 3600000
	sasl.oauthbearer.jwks.endpoint.retry.backoff.max.ms = 10000
	sasl.oauthbearer.jwks.endpoint.retry.backoff.ms = 100
	sasl.oauthbearer.jwks.endpoint.url = null
	sasl.oauthbearer.scope.claim.name = scope
	sasl.oauthbearer.sub.claim.name = sub
	sasl.oauthbearer.token.endpoint.url = null
	security.protocol = PLAINTEXT
	security.providers = null
	send.buffer.bytes = 131072
	session.timeout.ms = 45000
	socket.connection.setup.timeout.max.ms = 30000
	socket.connection.setup.timeout.ms = 10000
	ssl.cipher.suites = null
	ssl.enabled.protocols = [TLSv1.2, TLSv1.3]
	ssl.endpoint.identification.algorithm = https
	ssl.engine.factory.class = null
	ssl.key.password = null
	ssl.keymanager.algorithm = SunX509
	ssl.keystore.certificate.chain = null
	ssl.keystore.key = null
	ssl.keystore.location = null
	ssl.keystore.password = null
	ssl.keystore.type = JKS
	ssl.protocol = TLSv1.3
	ssl.provider = null
	ssl.secure.random.implementation = null
	ssl.trustmanager.algorithm = PKIX
	ssl.truststore.certificates = null
	ssl.truststore.location = null
	ssl.truststore.password = null
	ssl.truststore.type = JKS
	value.deserializer = class io.apicurio.registry.serde.protobuf.ProtobufKafkaDeserializer

2025-08-13 18:19:20,629 INFO  [org.apa.kaf.com.tel.int.KafkaMetricsCollector] (main) initializing Kafka metrics collector
2025-08-13 18:19:20,636 INFO  [org.apa.kaf.cli.con.ConsumerConfig] (main) These configurations '[apicurio.registry.url, apicurio.registry.headers.enabled]' were supplied but are not used yet.
2025-08-13 18:19:20,636 INFO  [org.apa.kaf.com.uti.AppInfoParser] (main) Kafka version: 3.9.1
2025-08-13 18:19:20,636 INFO  [org.apa.kaf.com.uti.AppInfoParser] (main) Kafka commitId: f745dfdcee2b9851
2025-08-13 18:19:20,636 INFO  [org.apa.kaf.com.uti.AppInfoParser] (main) Kafka startTimeMs: 1755109160636
2025-08-13 18:19:20,637 INFO  [org.apa.kaf.cli.con.int.ClassicKafkaConsumer] (Thread-800) [Consumer clientId=consumer-Consumer-sb2a14c7fxd91ax4d1bx860cx49aa40b215b8-26, groupId=Consumer-sb2a14c7fxd91ax4d1bx860cx49aa40b215b8] Subscribed to topic(s): sb2a14c7fxd91ax4d1bx860cx49aa40b215b8
2025-08-13 18:19:20,640 INFO  [org.apa.kaf.cli.Metadata] (Thread-800) [Consumer clientId=consumer-Consumer-sb2a14c7fxd91ax4d1bx860cx49aa40b215b8-26, groupId=Consumer-sb2a14c7fxd91ax4d1bx860cx49aa40b215b8] Cluster ID: 4IlD_Sy2TMOqYF-Nc3vIHA
2025-08-13 18:19:20,642 INFO  [org.apa.kaf.cli.con.int.ConsumerCoordinator] (Thread-800) [Consumer clientId=consumer-Consumer-sb2a14c7fxd91ax4d1bx860cx49aa40b215b8-26, groupId=Consumer-sb2a14c7fxd91ax4d1bx860cx49aa40b215b8] Discovered group coordinator localhost:32769 (id: 2147483647 rack: null)
2025-08-13 18:19:20,642 INFO  [org.apa.kaf.cli.con.int.ConsumerCoordinator] (Thread-800) [Consumer clientId=consumer-Consumer-sb2a14c7fxd91ax4d1bx860cx49aa40b215b8-26, groupId=Consumer-sb2a14c7fxd91ax4d1bx860cx49aa40b215b8] (Re-)joining group
2025-08-13 18:19:20,644 INFO  [org.apa.kaf.cli.con.int.ConsumerCoordinator] (Thread-800) [Consumer clientId=consumer-Consumer-sb2a14c7fxd91ax4d1bx860cx49aa40b215b8-26, groupId=Consumer-sb2a14c7fxd91ax4d1bx860cx49aa40b215b8] Request joining group due to: need to re-join with the given member-id: consumer-Consumer-sb2a14c7fxd91ax4d1bx860cx49aa40b215b8-26-f0aecbc5-b8f1-4aa4-b00d-b70089750ff4
2025-08-13 18:19:20,644 INFO  [org.apa.kaf.cli.con.int.ConsumerCoordinator] (Thread-800) [Consumer clientId=consumer-Consumer-sb2a14c7fxd91ax4d1bx860cx49aa40b215b8-26, groupId=Consumer-sb2a14c7fxd91ax4d1bx860cx49aa40b215b8] (Re-)joining group
2025-08-13 18:19:21,637 INFO  [io.api.tes.ser.api.KafkaSerdesTester] (Thread-800) None found
2025-08-13 18:19:22,637 INFO  [io.api.tes.ser.api.KafkaSerdesTester] (Thread-800) None found
2025-08-13 18:19:23,637 INFO  [io.api.tes.ser.api.KafkaSerdesTester] (Thread-800) None found
2025-08-13 18:19:23,646 INFO  [org.apa.kaf.cli.con.int.ConsumerCoordinator] (Thread-800) [Consumer clientId=consumer-Consumer-sb2a14c7fxd91ax4d1bx860cx49aa40b215b8-26, groupId=Consumer-sb2a14c7fxd91ax4d1bx860cx49aa40b215b8] Successfully joined group with generation Generation{generationId=3, memberId='consumer-Consumer-sb2a14c7fxd91ax4d1bx860cx49aa40b215b8-26-f0aecbc5-b8f1-4aa4-b00d-b70089750ff4', protocol='range'}
2025-08-13 18:19:23,646 INFO  [org.apa.kaf.cli.con.int.ConsumerCoordinator] (Thread-800) [Consumer clientId=consumer-Consumer-sb2a14c7fxd91ax4d1bx860cx49aa40b215b8-26, groupId=Consumer-sb2a14c7fxd91ax4d1bx860cx49aa40b215b8] Finished assignment for group at generation 3: {consumer-Consumer-sb2a14c7fxd91ax4d1bx860cx49aa40b215b8-26-f0aecbc5-b8f1-4aa4-b00d-b70089750ff4=Assignment(partitions=[sb2a14c7fxd91ax4d1bx860cx49aa40b215b8-0])}
2025-08-13 18:19:23,654 INFO  [org.apa.kaf.cli.con.int.ConsumerCoordinator] (Thread-800) [Consumer clientId=consumer-Consumer-sb2a14c7fxd91ax4d1bx860cx49aa40b215b8-26, groupId=Consumer-sb2a14c7fxd91ax4d1bx860cx49aa40b215b8] Successfully synced group in generation Generation{generationId=3, memberId='consumer-Consumer-sb2a14c7fxd91ax4d1bx860cx49aa40b215b8-26-f0aecbc5-b8f1-4aa4-b00d-b70089750ff4', protocol='range'}
2025-08-13 18:19:23,654 INFO  [org.apa.kaf.cli.con.int.ConsumerCoordinator] (Thread-800) [Consumer clientId=consumer-Consumer-sb2a14c7fxd91ax4d1bx860cx49aa40b215b8-26, groupId=Consumer-sb2a14c7fxd91ax4d1bx860cx49aa40b215b8] Notifying assignor about the new Assignment(partitions=[sb2a14c7fxd91ax4d1bx860cx49aa40b215b8-0])
2025-08-13 18:19:23,654 INFO  [org.apa.kaf.cli.con.int.ConsumerRebalanceListenerInvoker] (Thread-800) [Consumer clientId=consumer-Consumer-sb2a14c7fxd91ax4d1bx860cx49aa40b215b8-26, groupId=Consumer-sb2a14c7fxd91ax4d1bx860cx49aa40b215b8] Adding newly assigned partitions: sb2a14c7fxd91ax4d1bx860cx49aa40b215b8-0
2025-08-13 18:19:23,655 INFO  [org.apa.kaf.cli.con.int.ConsumerUtils] (Thread-800) Setting offset for partition sb2a14c7fxd91ax4d1bx860cx49aa40b215b8-0 to the committed offset FetchPosition{offset=10, offsetEpoch=Optional[0], currentLeader=LeaderAndEpoch{leader=Optional[localhost:32769 (id: 0 rack: null)], epoch=0}}
2025-08-13 18:19:23,751 INFO  [io.api.tes.ser.api.KafkaSerdesTester] (Thread-800) sb2a14c7fxd91ax4d1bx860cx49aa40b215b8 0 10 header {
  time {
  }
}
d1: 1.755109160533E12
s1: "a"
i1: 123
bi1: 1
point {
  longitude: 22.0
  latitude: 22.0
  altitude: 1.0
}

2025-08-13 18:19:23,751 INFO  [io.api.tes.ser.api.KafkaSerdesTester] (Thread-800) sb2a14c7fxd91ax4d1bx860cx49aa40b215b8 0 11 header {
  time {
  }
}
d1: 1.755109160577E12
s1: "a"
i1: 123
bi1: 1
point {
  longitude: 22.0
  latitude: 22.0
  altitude: 1.0
}

2025-08-13 18:19:23,751 INFO  [io.api.tes.ser.api.KafkaSerdesTester] (Thread-800) sb2a14c7fxd91ax4d1bx860cx49aa40b215b8 0 12 header {
  time {
  }
}
d1: 1.755109160582E12
s1: "a"
i1: 123
bi1: 1
point {
  longitude: 22.0
  latitude: 22.0
  altitude: 1.0
}

2025-08-13 18:19:23,752 INFO  [io.api.tes.ser.api.KafkaSerdesTester] (Thread-800) sb2a14c7fxd91ax4d1bx860cx49aa40b215b8 0 13 header {
  time {
  }
}
d1: 1.755109160585E12
s1: "a"
i1: 123
bi1: 1
point {
  longitude: 22.0
  latitude: 22.0
  altitude: 1.0
}

2025-08-13 18:19:23,752 INFO  [io.api.tes.ser.api.KafkaSerdesTester] (Thread-800) sb2a14c7fxd91ax4d1bx860cx49aa40b215b8 0 14 header {
  time {
  }
}
d1: 1.75510916059E12
s1: "a"
i1: 123
bi1: 1
point {
  longitude: 22.0
  latitude: 22.0
  altitude: 1.0
}

2025-08-13 18:19:23,752 INFO  [io.api.tes.ser.api.KafkaSerdesTester] (Thread-800) sb2a14c7fxd91ax4d1bx860cx49aa40b215b8 0 15 header {
  time {
  }
}
d1: 1.755109160594E12
s1: "a"
i1: 123
bi1: 1
point {
  longitude: 22.0
  latitude: 22.0
  altitude: 1.0
}

2025-08-13 18:19:23,752 INFO  [io.api.tes.ser.api.KafkaSerdesTester] (Thread-800) sb2a14c7fxd91ax4d1bx860cx49aa40b215b8 0 16 header {
  time {
  }
}
d1: 1.755109160601E12
s1: "a"
i1: 123
bi1: 1
point {
  longitude: 22.0
  latitude: 22.0
  altitude: 1.0
}

2025-08-13 18:19:23,753 INFO  [io.api.tes.ser.api.KafkaSerdesTester] (Thread-800) sb2a14c7fxd91ax4d1bx860cx49aa40b215b8 0 17 header {
  time {
  }
}
d1: 1.755109160607E12
s1: "a"
i1: 123
bi1: 1
point {
  longitude: 22.0
  latitude: 22.0
  altitude: 1.0
}

2025-08-13 18:19:23,753 INFO  [io.api.tes.ser.api.KafkaSerdesTester] (Thread-800) sb2a14c7fxd91ax4d1bx860cx49aa40b215b8 0 18 header {
  time {
  }
}
d1: 1.755109160613E12
s1: "a"
i1: 123
bi1: 1
point {
  longitude: 22.0
  latitude: 22.0
  altitude: 1.0
}

2025-08-13 18:19:23,753 INFO  [io.api.tes.ser.api.KafkaSerdesTester] (Thread-800) sb2a14c7fxd91ax4d1bx860cx49aa40b215b8 0 19 header {
  time {
  }
}
d1: 1.755109160617E12
s1: "a"
i1: 123
bi1: 1
point {
  longitude: 22.0
  latitude: 22.0
  altitude: 1.0
}

2025-08-13 18:19:23,753 INFO  [io.api.tes.ser.api.KafkaSerdesTester] (Thread-800) Consumed 10 messages
2025-08-13 18:19:23,760 INFO  [org.apa.kaf.cli.con.int.ConsumerRebalanceListenerInvoker] (Thread-800) [Consumer clientId=consumer-Consumer-sb2a14c7fxd91ax4d1bx860cx49aa40b215b8-26, groupId=Consumer-sb2a14c7fxd91ax4d1bx860cx49aa40b215b8] Revoke previously assigned partitions sb2a14c7fxd91ax4d1bx860cx49aa40b215b8-0
2025-08-13 18:19:23,761 INFO  [org.apa.kaf.cli.con.int.ConsumerCoordinator] (Thread-800) [Consumer clientId=consumer-Consumer-sb2a14c7fxd91ax4d1bx860cx49aa40b215b8-26, groupId=Consumer-sb2a14c7fxd91ax4d1bx860cx49aa40b215b8] Member consumer-Consumer-sb2a14c7fxd91ax4d1bx860cx49aa40b215b8-26-f0aecbc5-b8f1-4aa4-b00d-b70089750ff4 sending LeaveGroup request to coordinator localhost:32769 (id: 2147483647 rack: null) due to the consumer is being closed
2025-08-13 18:19:23,761 INFO  [org.apa.kaf.cli.con.int.ConsumerCoordinator] (Thread-800) [Consumer clientId=consumer-Consumer-sb2a14c7fxd91ax4d1bx860cx49aa40b215b8-26, groupId=Consumer-sb2a14c7fxd91ax4d1bx860cx49aa40b215b8] Resetting generation and member id due to: consumer pro-actively leaving the group
2025-08-13 18:19:23,761 INFO  [org.apa.kaf.cli.con.int.ConsumerCoordinator] (Thread-800) [Consumer clientId=consumer-Consumer-sb2a14c7fxd91ax4d1bx860cx49aa40b215b8-26, groupId=Consumer-sb2a14c7fxd91ax4d1bx860cx49aa40b215b8] Request joining group due to: consumer pro-actively leaving the group
2025-08-13 18:19:24,252 INFO  [org.apa.kaf.com.met.Metrics] (Thread-800) Metrics scheduler closed
2025-08-13 18:19:24,253 INFO  [org.apa.kaf.com.met.Metrics] (Thread-800) Closing reporter org.apache.kafka.common.metrics.JmxReporter
2025-08-13 18:19:24,253 INFO  [org.apa.kaf.com.met.Metrics] (Thread-800) Closing reporter org.apache.kafka.common.telemetry.internals.ClientTelemetryReporter
2025-08-13 18:19:24,253 INFO  [org.apa.kaf.com.met.Metrics] (Thread-800) Metrics reporters closed
2025-08-13 18:19:24,254 INFO  [org.apa.kaf.com.uti.AppInfoParser] (Thread-800) App info kafka.consumer for consumer-Consumer-sb2a14c7fxd91ax4d1bx860cx49aa40b215b8-26 unregistered
**** Registry Base URL: http://registry-app-inmemory.apps.ci419.apicurio-testing.org:80
2025-08-13 18:19:24,255 INFO  [org.apa.kaf.cli.pro.ProducerConfig] (main) ProducerConfig values: 
	acks = -1
	auto.include.jmx.reporter = true
	batch.size = 16384
	bootstrap.servers = [PLAINTEXT://localhost:32769]
	buffer.memory = 33554432
	client.dns.lookup = use_all_dns_ips
	client.id = Producer-sb2a14c7fxd91ax4d1bx860cx49aa40b215b8
	compression.gzip.level = -1
	compression.lz4.level = 9
	compression.type = none
	compression.zstd.level = 3
	connections.max.idle.ms = 10000
	delivery.timeout.ms = 120000
	enable.idempotence = true
	enable.metrics.push = true
	interceptor.classes = []
	key.serializer = class org.apache.kafka.common.serialization.StringSerializer
	linger.ms = 0
	max.block.ms = 60000
	max.in.flight.requests.per.connection = 5
	max.request.size = 1048576
	metadata.max.age.ms = 300000
	metadata.max.idle.ms = 300000
	metadata.recovery.strategy = none
	metric.reporters = []
	metrics.num.samples = 2
	metrics.recording.level = INFO
	metrics.sample.window.ms = 30000
	partitioner.adaptive.partitioning.enable = true
	partitioner.availability.timeout.ms = 0
	partitioner.class = null
	partitioner.ignore.keys = false
	receive.buffer.bytes = 32768
	reconnect.backoff.max.ms = 1000
	reconnect.backoff.ms = 50
	request.timeout.ms = 5000
	retries = 2147483647
	retry.backoff.max.ms = 1000
	retry.backoff.ms = 100
	sasl.client.callback.handler.class = null
	sasl.jaas.config = null
	sasl.kerberos.kinit.cmd = /usr/bin/kinit
	sasl.kerberos.min.time.before.relogin = 60000
	sasl.kerberos.service.name = null
	sasl.kerberos.ticket.renew.jitter = 0.05
	sasl.kerberos.ticket.renew.window.factor = 0.8
	sasl.login.callback.handler.class = null
	sasl.login.class = null
	sasl.login.connect.timeout.ms = null
	sasl.login.read.timeout.ms = null
	sasl.login.refresh.buffer.seconds = 300
	sasl.login.refresh.min.period.seconds = 60
	sasl.login.refresh.window.factor = 0.8
	sasl.login.refresh.window.jitter = 0.05
	sasl.login.retry.backoff.max.ms = 10000
	sasl.login.retry.backoff.ms = 100
	sasl.mechanism = GSSAPI
	sasl.oauthbearer.clock.skew.seconds = 30
	sasl.oauthbearer.expected.audience = null
	sasl.oauthbearer.expected.issuer = null
	sasl.oauthbearer.header.urlencode = false
	sasl.oauthbearer.jwks.endpoint.refresh.ms = 3600000
	sasl.oauthbearer.jwks.endpoint.retry.backoff.max.ms = 10000
	sasl.oauthbearer.jwks.endpoint.retry.backoff.ms = 100
	sasl.oauthbearer.jwks.endpoint.url = null
	sasl.oauthbearer.scope.claim.name = scope
	sasl.oauthbearer.sub.claim.name = sub
	sasl.oauthbearer.token.endpoint.url = null
	security.protocol = PLAINTEXT
	security.providers = null
	send.buffer.bytes = 131072
	socket.connection.setup.timeout.max.ms = 30000
	socket.connection.setup.timeout.ms = 10000
	ssl.cipher.suites = null
	ssl.enabled.protocols = [TLSv1.2, TLSv1.3]
	ssl.endpoint.identification.algorithm = https
	ssl.engine.factory.class = null
	ssl.key.password = null
	ssl.keymanager.algorithm = SunX509
	ssl.keystore.certificate.chain = null
	ssl.keystore.key = null
	ssl.keystore.location = null
	ssl.keystore.password = null
	ssl.keystore.type = JKS
	ssl.protocol = TLSv1.3
	ssl.provider = null
	ssl.secure.random.implementation = null
	ssl.trustmanager.algorithm = PKIX
	ssl.truststore.certificates = null
	ssl.truststore.location = null
	ssl.truststore.password = null
	ssl.truststore.type = JKS
	transaction.timeout.ms = 60000
	transactional.id = null
	value.serializer = class io.apicurio.registry.serde.protobuf.ProtobufKafkaSerializer

2025-08-13 18:19:24,256 INFO  [org.apa.kaf.com.tel.int.KafkaMetricsCollector] (main) initializing Kafka metrics collector
2025-08-13 18:19:24,259 INFO  [org.apa.kaf.cli.pro.KafkaProducer] (main) [Producer clientId=Producer-sb2a14c7fxd91ax4d1bx860cx49aa40b215b8] Instantiated an idempotent producer.
2025-08-13 18:19:24,263 INFO  [org.apa.kaf.cli.pro.ProducerConfig] (main) These configurations '[apicurio.registry.url, apicurio.registry.headers.enabled, apicurio.registry.artifact-resolver-strategy]' were supplied but are not used yet.
2025-08-13 18:19:24,263 INFO  [org.apa.kaf.com.uti.AppInfoParser] (main) Kafka version: 3.9.1
2025-08-13 18:19:24,263 INFO  [org.apa.kaf.com.uti.AppInfoParser] (main) Kafka commitId: f745dfdcee2b9851
2025-08-13 18:19:24,263 INFO  [org.apa.kaf.com.uti.AppInfoParser] (main) Kafka startTimeMs: 1755109164263
2025-08-13 18:19:24,263 INFO  [io.api.tes.ser.api.SimpleSerdesTesterBuilder$SimpleSerdesTester] (main) Using producer configuration: {apicurio.registry.url=http://registry-app-inmemory.apps.ci419.apicurio-testing.org:80/apis/registry/v3, apicurio.registry.headers.enabled=true, apicurio.registry.artifact-resolver-strategy=io.apicurio.registry.serde.strategy.TopicIdStrategy, value.serializer=io.apicurio.registry.serde.protobuf.ProtobufKafkaSerializer, request.timeout.ms=5000, acks=all, bootstrap.servers=PLAINTEXT://localhost:32769, connections.max.idle.ms=10000, key.serializer=org.apache.kafka.common.serialization.StringSerializer, client.id=Producer-sb2a14c7fxd91ax4d1bx860cx49aa40b215b8}
2025-08-13 18:19:24,263 INFO  [io.api.tes.ser.api.SimpleSerdesTesterBuilder$SimpleSerdesTester] (main) Using consumer configuration: {apicurio.registry.headers.enabled=true}
2025-08-13 18:19:24,264 INFO  [io.api.tes.ser.api.KafkaSerdesTester] (Thread-803) Sending message msb: 1755109164264
lsb: 321
 to topic sb2a14c7fxd91ax4d1bx860cx49aa40b215b8
2025-08-13 18:19:24,266 INFO  [org.apa.kaf.cli.Metadata] (kafka-producer-network-thread | Producer-sb2a14c7fxd91ax4d1bx860cx49aa40b215b8) [Producer clientId=Producer-sb2a14c7fxd91ax4d1bx860cx49aa40b215b8] Cluster ID: 4IlD_Sy2TMOqYF-Nc3vIHA
2025-08-13 18:19:24,266 INFO  [DefaultSchemaResolver] (Thread-803) Retrieving schema content using string: // Proto schema formatted by Wire, do not edit.
// Source: 

syntax = "proto3";

package io.apicurio.registry.common.proto;

option java_package = "io.apicurio.registry.common.proto";
option java_outer_classname = "Cmmn";

message UUID {
  fixed64 msb = 1;

  fixed64 lsb = 2;
}

2025-08-13 18:19:24,267 INFO  [org.apa.kaf.cli.pro.int.TransactionManager] (kafka-producer-network-thread | Producer-sb2a14c7fxd91ax4d1bx860cx49aa40b215b8) [Producer clientId=Producer-sb2a14c7fxd91ax4d1bx860cx49aa40b215b8] ProducerId set to 36 with epoch 0
2025-08-13 18:19:24,297 INFO  [io.api.tes.ser.api.KafkaSerdesTester] (Thread-803) Sending message msb: 1755109164297
lsb: 321
 to topic sb2a14c7fxd91ax4d1bx860cx49aa40b215b8
2025-08-13 18:19:24,299 INFO  [io.api.tes.ser.api.KafkaSerdesTester] (Thread-803) Sending message msb: 1755109164299
lsb: 321
 to topic sb2a14c7fxd91ax4d1bx860cx49aa40b215b8
2025-08-13 18:19:24,301 INFO  [io.api.tes.ser.api.KafkaSerdesTester] (Thread-803) Sending message msb: 1755109164301
lsb: 321
 to topic sb2a14c7fxd91ax4d1bx860cx49aa40b215b8
2025-08-13 18:19:24,302 INFO  [io.api.tes.ser.api.KafkaSerdesTester] (Thread-803) Sending message msb: 1755109164302
lsb: 321
 to topic sb2a14c7fxd91ax4d1bx860cx49aa40b215b8
2025-08-13 18:19:24,304 INFO  [io.api.tes.ser.api.KafkaSerdesTester] (Thread-803) Sending message msb: 1755109164304
lsb: 321
 to topic sb2a14c7fxd91ax4d1bx860cx49aa40b215b8
2025-08-13 18:19:24,307 INFO  [io.api.tes.ser.api.KafkaSerdesTester] (Thread-803) Sending message msb: 1755109164307
lsb: 321
 to topic sb2a14c7fxd91ax4d1bx860cx49aa40b215b8
2025-08-13 18:19:24,310 INFO  [io.api.tes.ser.api.KafkaSerdesTester] (Thread-803) Sending message msb: 1755109164309
lsb: 321
 to topic sb2a14c7fxd91ax4d1bx860cx49aa40b215b8
2025-08-13 18:19:24,312 INFO  [io.api.tes.ser.api.KafkaSerdesTester] (Thread-803) Sending message msb: 1755109164312
lsb: 321
 to topic sb2a14c7fxd91ax4d1bx860cx49aa40b215b8
2025-08-13 18:19:24,313 INFO  [io.api.tes.ser.api.KafkaSerdesTester] (Thread-803) Sending message msb: 1755109164313
lsb: 321
 to topic sb2a14c7fxd91ax4d1bx860cx49aa40b215b8
2025-08-13 18:19:24,316 INFO  [io.api.tes.ser.api.KafkaSerdesTester] (Thread-803) Produced 10 messages
2025-08-13 18:19:24,316 INFO  [org.apa.kaf.cli.pro.KafkaProducer] (Thread-803) [Producer clientId=Producer-sb2a14c7fxd91ax4d1bx860cx49aa40b215b8] Closing the Kafka producer with timeoutMillis = 9223372036854775807 ms.
2025-08-13 18:19:24,319 INFO  [org.apa.kaf.com.met.Metrics] (Thread-803) Metrics scheduler closed
2025-08-13 18:19:24,319 INFO  [org.apa.kaf.com.met.Metrics] (Thread-803) Closing reporter org.apache.kafka.common.metrics.JmxReporter
2025-08-13 18:19:24,319 INFO  [org.apa.kaf.com.met.Metrics] (Thread-803) Closing reporter org.apache.kafka.common.telemetry.internals.ClientTelemetryReporter
2025-08-13 18:19:24,319 INFO  [org.apa.kaf.com.met.Metrics] (Thread-803) Metrics reporters closed
2025-08-13 18:19:24,319 INFO  [org.apa.kaf.com.uti.AppInfoParser] (Thread-803) App info kafka.producer for Producer-sb2a14c7fxd91ax4d1bx860cx49aa40b215b8 unregistered
**** Registry Base URL: http://registry-app-inmemory.apps.ci419.apicurio-testing.org:80
2025-08-13 18:19:24,320 INFO  [org.apa.kaf.cli.con.ConsumerConfig] (main) ConsumerConfig values: 
	allow.auto.create.topics = true
	auto.commit.interval.ms = 500
	auto.include.jmx.reporter = true
	auto.offset.reset = earliest
	bootstrap.servers = [PLAINTEXT://localhost:32769]
	check.crcs = true
	client.dns.lookup = use_all_dns_ips
	client.id = consumer-Consumer-sb2a14c7fxd91ax4d1bx860cx49aa40b215b8-27
	client.rack = 
	connections.max.idle.ms = 10000
	default.api.timeout.ms = 60000
	enable.auto.commit = true
	enable.metrics.push = true
	exclude.internal.topics = true
	fetch.max.bytes = 52428800
	fetch.max.wait.ms = 500
	fetch.min.bytes = 1
	group.id = Consumer-sb2a14c7fxd91ax4d1bx860cx49aa40b215b8
	group.instance.id = null
	group.protocol = classic
	group.remote.assignor = null
	heartbeat.interval.ms = 3000
	interceptor.classes = []
	internal.leave.group.on.close = true
	internal.throw.on.fetch.stable.offset.unsupported = false
	isolation.level = read_uncommitted
	key.deserializer = class org.apache.kafka.common.serialization.StringDeserializer
	max.partition.fetch.bytes = 1048576
	max.poll.interval.ms = 300000
	max.poll.records = 500
	metadata.max.age.ms = 300000
	metadata.recovery.strategy = none
	metric.reporters = []
	metrics.num.samples = 2
	metrics.recording.level = INFO
	metrics.sample.window.ms = 30000
	partition.assignment.strategy = [class org.apache.kafka.clients.consumer.RangeAssignor, class org.apache.kafka.clients.consumer.CooperativeStickyAssignor]
	receive.buffer.bytes = 65536
	reconnect.backoff.max.ms = 1000
	reconnect.backoff.ms = 50
	request.timeout.ms = 5000
	retry.backoff.max.ms = 1000
	retry.backoff.ms = 100
	sasl.client.callback.handler.class = null
	sasl.jaas.config = null
	sasl.kerberos.kinit.cmd = /usr/bin/kinit
	sasl.kerberos.min.time.before.relogin = 60000
	sasl.kerberos.service.name = null
	sasl.kerberos.ticket.renew.jitter = 0.05
	sasl.kerberos.ticket.renew.window.factor = 0.8
	sasl.login.callback.handler.class = null
	sasl.login.class = null
	sasl.login.connect.timeout.ms = null
	sasl.login.read.timeout.ms = null
	sasl.login.refresh.buffer.seconds = 300
	sasl.login.refresh.min.period.seconds = 60
	sasl.login.refresh.window.factor = 0.8
	sasl.login.refresh.window.jitter = 0.05
	sasl.login.retry.backoff.max.ms = 10000
	sasl.login.retry.backoff.ms = 100
	sasl.mechanism = GSSAPI
	sasl.oauthbearer.clock.skew.seconds = 30
	sasl.oauthbearer.expected.audience = null
	sasl.oauthbearer.expected.issuer = null
	sasl.oauthbearer.header.urlencode = false
	sasl.oauthbearer.jwks.endpoint.refresh.ms = 3600000
	sasl.oauthbearer.jwks.endpoint.retry.backoff.max.ms = 10000
	sasl.oauthbearer.jwks.endpoint.retry.backoff.ms = 100
	sasl.oauthbearer.jwks.endpoint.url = null
	sasl.oauthbearer.scope.claim.name = scope
	sasl.oauthbearer.sub.claim.name = sub
	sasl.oauthbearer.token.endpoint.url = null
	security.protocol = PLAINTEXT
	security.providers = null
	send.buffer.bytes = 131072
	session.timeout.ms = 45000
	socket.connection.setup.timeout.max.ms = 30000
	socket.connection.setup.timeout.ms = 10000
	ssl.cipher.suites = null
	ssl.enabled.protocols = [TLSv1.2, TLSv1.3]
	ssl.endpoint.identification.algorithm = https
	ssl.engine.factory.class = null
	ssl.key.password = null
	ssl.keymanager.algorithm = SunX509
	ssl.keystore.certificate.chain = null
	ssl.keystore.key = null
	ssl.keystore.location = null
	ssl.keystore.password = null
	ssl.keystore.type = JKS
	ssl.protocol = TLSv1.3
	ssl.provider = null
	ssl.secure.random.implementation = null
	ssl.trustmanager.algorithm = PKIX
	ssl.truststore.certificates = null
	ssl.truststore.location = null
	ssl.truststore.password = null
	ssl.truststore.type = JKS
	value.deserializer = class io.apicurio.registry.serde.protobuf.ProtobufKafkaDeserializer

2025-08-13 18:19:24,320 INFO  [org.apa.kaf.com.tel.int.KafkaMetricsCollector] (main) initializing Kafka metrics collector
2025-08-13 18:19:24,336 INFO  [org.apa.kaf.cli.con.ConsumerConfig] (main) These configurations '[apicurio.registry.url, apicurio.registry.headers.enabled]' were supplied but are not used yet.
2025-08-13 18:19:24,336 INFO  [org.apa.kaf.com.uti.AppInfoParser] (main) Kafka version: 3.9.1
2025-08-13 18:19:24,336 INFO  [org.apa.kaf.com.uti.AppInfoParser] (main) Kafka commitId: f745dfdcee2b9851
2025-08-13 18:19:24,336 INFO  [org.apa.kaf.com.uti.AppInfoParser] (main) Kafka startTimeMs: 1755109164336
2025-08-13 18:19:24,338 INFO  [org.apa.kaf.cli.con.int.ClassicKafkaConsumer] (Thread-806) [Consumer clientId=consumer-Consumer-sb2a14c7fxd91ax4d1bx860cx49aa40b215b8-27, groupId=Consumer-sb2a14c7fxd91ax4d1bx860cx49aa40b215b8] Subscribed to topic(s): sb2a14c7fxd91ax4d1bx860cx49aa40b215b8
2025-08-13 18:19:24,342 INFO  [org.apa.kaf.cli.Metadata] (Thread-806) [Consumer clientId=consumer-Consumer-sb2a14c7fxd91ax4d1bx860cx49aa40b215b8-27, groupId=Consumer-sb2a14c7fxd91ax4d1bx860cx49aa40b215b8] Cluster ID: 4IlD_Sy2TMOqYF-Nc3vIHA
2025-08-13 18:19:24,344 INFO  [org.apa.kaf.cli.con.int.ConsumerCoordinator] (Thread-806) [Consumer clientId=consumer-Consumer-sb2a14c7fxd91ax4d1bx860cx49aa40b215b8-27, groupId=Consumer-sb2a14c7fxd91ax4d1bx860cx49aa40b215b8] Discovered group coordinator localhost:32769 (id: 2147483647 rack: null)
2025-08-13 18:19:24,346 INFO  [org.apa.kaf.cli.con.int.ConsumerCoordinator] (Thread-806) [Consumer clientId=consumer-Consumer-sb2a14c7fxd91ax4d1bx860cx49aa40b215b8-27, groupId=Consumer-sb2a14c7fxd91ax4d1bx860cx49aa40b215b8] (Re-)joining group
2025-08-13 18:19:24,347 INFO  [org.apa.kaf.cli.con.int.ConsumerCoordinator] (Thread-806) [Consumer clientId=consumer-Consumer-sb2a14c7fxd91ax4d1bx860cx49aa40b215b8-27, groupId=Consumer-sb2a14c7fxd91ax4d1bx860cx49aa40b215b8] Request joining group due to: need to re-join with the given member-id: consumer-Consumer-sb2a14c7fxd91ax4d1bx860cx49aa40b215b8-27-528839dc-5622-474c-8096-94f82dd726c3
2025-08-13 18:19:24,347 INFO  [org.apa.kaf.cli.con.int.ConsumerCoordinator] (Thread-806) [Consumer clientId=consumer-Consumer-sb2a14c7fxd91ax4d1bx860cx49aa40b215b8-27, groupId=Consumer-sb2a14c7fxd91ax4d1bx860cx49aa40b215b8] (Re-)joining group
2025-08-13 18:19:25,338 INFO  [io.api.tes.ser.api.KafkaSerdesTester] (Thread-806) None found
2025-08-13 18:19:26,338 INFO  [io.api.tes.ser.api.KafkaSerdesTester] (Thread-806) None found
2025-08-13 18:19:27,339 INFO  [io.api.tes.ser.api.KafkaSerdesTester] (Thread-806) None found
2025-08-13 18:19:27,348 INFO  [org.apa.kaf.cli.con.int.ConsumerCoordinator] (Thread-806) [Consumer clientId=consumer-Consumer-sb2a14c7fxd91ax4d1bx860cx49aa40b215b8-27, groupId=Consumer-sb2a14c7fxd91ax4d1bx860cx49aa40b215b8] Successfully joined group with generation Generation{generationId=5, memberId='consumer-Consumer-sb2a14c7fxd91ax4d1bx860cx49aa40b215b8-27-528839dc-5622-474c-8096-94f82dd726c3', protocol='range'}
2025-08-13 18:19:27,349 INFO  [org.apa.kaf.cli.con.int.ConsumerCoordinator] (Thread-806) [Consumer clientId=consumer-Consumer-sb2a14c7fxd91ax4d1bx860cx49aa40b215b8-27, groupId=Consumer-sb2a14c7fxd91ax4d1bx860cx49aa40b215b8] Finished assignment for group at generation 5: {consumer-Consumer-sb2a14c7fxd91ax4d1bx860cx49aa40b215b8-27-528839dc-5622-474c-8096-94f82dd726c3=Assignment(partitions=[sb2a14c7fxd91ax4d1bx860cx49aa40b215b8-0])}
2025-08-13 18:19:27,355 INFO  [org.apa.kaf.cli.con.int.ConsumerCoordinator] (Thread-806) [Consumer clientId=consumer-Consumer-sb2a14c7fxd91ax4d1bx860cx49aa40b215b8-27, groupId=Consumer-sb2a14c7fxd91ax4d1bx860cx49aa40b215b8] Successfully synced group in generation Generation{generationId=5, memberId='consumer-Consumer-sb2a14c7fxd91ax4d1bx860cx49aa40b215b8-27-528839dc-5622-474c-8096-94f82dd726c3', protocol='range'}
2025-08-13 18:19:27,355 INFO  [org.apa.kaf.cli.con.int.ConsumerCoordinator] (Thread-806) [Consumer clientId=consumer-Consumer-sb2a14c7fxd91ax4d1bx860cx49aa40b215b8-27, groupId=Consumer-sb2a14c7fxd91ax4d1bx860cx49aa40b215b8] Notifying assignor about the new Assignment(partitions=[sb2a14c7fxd91ax4d1bx860cx49aa40b215b8-0])
2025-08-13 18:19:27,355 INFO  [org.apa.kaf.cli.con.int.ConsumerRebalanceListenerInvoker] (Thread-806) [Consumer clientId=consumer-Consumer-sb2a14c7fxd91ax4d1bx860cx49aa40b215b8-27, groupId=Consumer-sb2a14c7fxd91ax4d1bx860cx49aa40b215b8] Adding newly assigned partitions: sb2a14c7fxd91ax4d1bx860cx49aa40b215b8-0
2025-08-13 18:19:27,357 INFO  [org.apa.kaf.cli.con.int.ConsumerUtils] (Thread-806) Setting offset for partition sb2a14c7fxd91ax4d1bx860cx49aa40b215b8-0 to the committed offset FetchPosition{offset=20, offsetEpoch=Optional[0], currentLeader=LeaderAndEpoch{leader=Optional[localhost:32769 (id: 0 rack: null)], epoch=0}}
2025-08-13 18:19:27,392 INFO  [io.api.tes.ser.api.KafkaSerdesTester] (Thread-806) sb2a14c7fxd91ax4d1bx860cx49aa40b215b8 0 20 msb: 1755109164264
lsb: 321

2025-08-13 18:19:27,392 INFO  [io.api.tes.ser.api.KafkaSerdesTester] (Thread-806) sb2a14c7fxd91ax4d1bx860cx49aa40b215b8 0 21 msb: 1755109164297
lsb: 321

2025-08-13 18:19:27,392 INFO  [io.api.tes.ser.api.KafkaSerdesTester] (Thread-806) sb2a14c7fxd91ax4d1bx860cx49aa40b215b8 0 22 msb: 1755109164299
lsb: 321

2025-08-13 18:19:27,392 INFO  [io.api.tes.ser.api.KafkaSerdesTester] (Thread-806) sb2a14c7fxd91ax4d1bx860cx49aa40b215b8 0 23 msb: 1755109164301
lsb: 321

2025-08-13 18:19:27,392 INFO  [io.api.tes.ser.api.KafkaSerdesTester] (Thread-806) sb2a14c7fxd91ax4d1bx860cx49aa40b215b8 0 24 msb: 1755109164302
lsb: 321

2025-08-13 18:19:27,392 INFO  [io.api.tes.ser.api.KafkaSerdesTester] (Thread-806) sb2a14c7fxd91ax4d1bx860cx49aa40b215b8 0 25 msb: 1755109164304
lsb: 321

2025-08-13 18:19:27,392 INFO  [io.api.tes.ser.api.KafkaSerdesTester] (Thread-806) sb2a14c7fxd91ax4d1bx860cx49aa40b215b8 0 26 msb: 1755109164307
lsb: 321

2025-08-13 18:19:27,392 INFO  [io.api.tes.ser.api.KafkaSerdesTester] (Thread-806) sb2a14c7fxd91ax4d1bx860cx49aa40b215b8 0 27 msb: 1755109164309
lsb: 321

2025-08-13 18:19:27,392 INFO  [io.api.tes.ser.api.KafkaSerdesTester] (Thread-806) sb2a14c7fxd91ax4d1bx860cx49aa40b215b8 0 28 msb: 1755109164312
lsb: 321

2025-08-13 18:19:27,392 INFO  [io.api.tes.ser.api.KafkaSerdesTester] (Thread-806) sb2a14c7fxd91ax4d1bx860cx49aa40b215b8 0 29 msb: 1755109164313
lsb: 321

2025-08-13 18:19:27,392 INFO  [io.api.tes.ser.api.KafkaSerdesTester] (Thread-806) Consumed 10 messages
2025-08-13 18:19:27,400 INFO  [org.apa.kaf.cli.con.int.ConsumerRebalanceListenerInvoker] (Thread-806) [Consumer clientId=consumer-Consumer-sb2a14c7fxd91ax4d1bx860cx49aa40b215b8-27, groupId=Consumer-sb2a14c7fxd91ax4d1bx860cx49aa40b215b8] Revoke previously assigned partitions sb2a14c7fxd91ax4d1bx860cx49aa40b215b8-0
2025-08-13 18:19:27,400 INFO  [org.apa.kaf.cli.con.int.ConsumerCoordinator] (Thread-806) [Consumer clientId=consumer-Consumer-sb2a14c7fxd91ax4d1bx860cx49aa40b215b8-27, groupId=Consumer-sb2a14c7fxd91ax4d1bx860cx49aa40b215b8] Member consumer-Consumer-sb2a14c7fxd91ax4d1bx860cx49aa40b215b8-27-528839dc-5622-474c-8096-94f82dd726c3 sending LeaveGroup request to coordinator localhost:32769 (id: 2147483647 rack: null) due to the consumer is being closed
2025-08-13 18:19:27,400 INFO  [org.apa.kaf.cli.con.int.ConsumerCoordinator] (Thread-806) [Consumer clientId=consumer-Consumer-sb2a14c7fxd91ax4d1bx860cx49aa40b215b8-27, groupId=Consumer-sb2a14c7fxd91ax4d1bx860cx49aa40b215b8] Resetting generation and member id due to: consumer pro-actively leaving the group
2025-08-13 18:19:27,400 INFO  [org.apa.kaf.cli.con.int.ConsumerCoordinator] (Thread-806) [Consumer clientId=consumer-Consumer-sb2a14c7fxd91ax4d1bx860cx49aa40b215b8-27, groupId=Consumer-sb2a14c7fxd91ax4d1bx860cx49aa40b215b8] Request joining group due to: consumer pro-actively leaving the group
2025-08-13 18:19:27,894 INFO  [org.apa.kaf.com.met.Metrics] (Thread-806) Metrics scheduler closed
2025-08-13 18:19:27,894 INFO  [org.apa.kaf.com.met.Metrics] (Thread-806) Closing reporter org.apache.kafka.common.metrics.JmxReporter
2025-08-13 18:19:27,894 INFO  [org.apa.kaf.com.met.Metrics] (Thread-806) Closing reporter org.apache.kafka.common.telemetry.internals.ClientTelemetryReporter
2025-08-13 18:19:27,894 INFO  [org.apa.kaf.com.met.Metrics] (Thread-806) Metrics reporters closed
2025-08-13 18:19:27,896 INFO  [org.apa.kaf.com.uti.AppInfoParser] (Thread-806) App info kafka.consumer for consumer-Consumer-sb2a14c7fxd91ax4d1bx860cx49aa40b215b8-27 unregistered
**** Registry Base URL: http://registry-app-inmemory.apps.ci419.apicurio-testing.org:80
2025-08-13 18:19:27,897 INFO  [org.apa.kaf.cli.pro.ProducerConfig] (main) ProducerConfig values: 
	acks = -1
	auto.include.jmx.reporter = true
	batch.size = 16384
	bootstrap.servers = [PLAINTEXT://localhost:32769]
	buffer.memory = 33554432
	client.dns.lookup = use_all_dns_ips
	client.id = Producer-sb2a14c7fxd91ax4d1bx860cx49aa40b215b8
	compression.gzip.level = -1
	compression.lz4.level = 9
	compression.type = none
	compression.zstd.level = 3
	connections.max.idle.ms = 10000
	delivery.timeout.ms = 120000
	enable.idempotence = true
	enable.metrics.push = true
	interceptor.classes = []
	key.serializer = class org.apache.kafka.common.serialization.StringSerializer
	linger.ms = 0
	max.block.ms = 60000
	max.in.flight.requests.per.connection = 5
	max.request.size = 1048576
	metadata.max.age.ms = 300000
	metadata.max.idle.ms = 300000
	metadata.recovery.strategy = none
	metric.reporters = []
	metrics.num.samples = 2
	metrics.recording.level = INFO
	metrics.sample.window.ms = 30000
	partitioner.adaptive.partitioning.enable = true
	partitioner.availability.timeout.ms = 0
	partitioner.class = null
	partitioner.ignore.keys = false
	receive.buffer.bytes = 32768
	reconnect.backoff.max.ms = 1000
	reconnect.backoff.ms = 50
	request.timeout.ms = 5000
	retries = 2147483647
	retry.backoff.max.ms = 1000
	retry.backoff.ms = 100
	sasl.client.callback.handler.class = null
	sasl.jaas.config = null
	sasl.kerberos.kinit.cmd = /usr/bin/kinit
	sasl.kerberos.min.time.before.relogin = 60000
	sasl.kerberos.service.name = null
	sasl.kerberos.ticket.renew.jitter = 0.05
	sasl.kerberos.ticket.renew.window.factor = 0.8
	sasl.login.callback.handler.class = null
	sasl.login.class = null
	sasl.login.connect.timeout.ms = null
	sasl.login.read.timeout.ms = null
	sasl.login.refresh.buffer.seconds = 300
	sasl.login.refresh.min.period.seconds = 60
	sasl.login.refresh.window.factor = 0.8
	sasl.login.refresh.window.jitter = 0.05
	sasl.login.retry.backoff.max.ms = 10000
	sasl.login.retry.backoff.ms = 100
	sasl.mechanism = GSSAPI
	sasl.oauthbearer.clock.skew.seconds = 30
	sasl.oauthbearer.expected.audience = null
	sasl.oauthbearer.expected.issuer = null
	sasl.oauthbearer.header.urlencode = false
	sasl.oauthbearer.jwks.endpoint.refresh.ms = 3600000
	sasl.oauthbearer.jwks.endpoint.retry.backoff.max.ms = 10000
	sasl.oauthbearer.jwks.endpoint.retry.backoff.ms = 100
	sasl.oauthbearer.jwks.endpoint.url = null
	sasl.oauthbearer.scope.claim.name = scope
	sasl.oauthbearer.sub.claim.name = sub
	sasl.oauthbearer.token.endpoint.url = null
	security.protocol = PLAINTEXT
	security.providers = null
	send.buffer.bytes = 131072
	socket.connection.setup.timeout.max.ms = 30000
	socket.connection.setup.timeout.ms = 10000
	ssl.cipher.suites = null
	ssl.enabled.protocols = [TLSv1.2, TLSv1.3]
	ssl.endpoint.identification.algorithm = https
	ssl.engine.factory.class = null
	ssl.key.password = null
	ssl.keymanager.algorithm = SunX509
	ssl.keystore.certificate.chain = null
	ssl.keystore.key = null
	ssl.keystore.location = null
	ssl.keystore.password = null
	ssl.keystore.type = JKS
	ssl.protocol = TLSv1.3
	ssl.provider = null
	ssl.secure.random.implementation = null
	ssl.trustmanager.algorithm = PKIX
	ssl.truststore.certificates = null
	ssl.truststore.location = null
	ssl.truststore.password = null
	ssl.truststore.type = JKS
	transaction.timeout.ms = 60000
	transactional.id = null
	value.serializer = class io.apicurio.registry.serde.protobuf.ProtobufKafkaSerializer

2025-08-13 18:19:27,897 INFO  [org.apa.kaf.com.tel.int.KafkaMetricsCollector] (main) initializing Kafka metrics collector
2025-08-13 18:19:27,901 INFO  [org.apa.kaf.cli.pro.KafkaProducer] (main) [Producer clientId=Producer-sb2a14c7fxd91ax4d1bx860cx49aa40b215b8] Instantiated an idempotent producer.
2025-08-13 18:19:27,902 INFO  [org.apa.kaf.cli.pro.ProducerConfig] (main) These configurations '[apicurio.registry.find-latest, apicurio.registry.url, apicurio.registry.artifact-resolver-strategy]' were supplied but are not used yet.
2025-08-13 18:19:27,902 INFO  [org.apa.kaf.com.uti.AppInfoParser] (main) Kafka version: 3.9.1
2025-08-13 18:19:27,902 INFO  [org.apa.kaf.com.uti.AppInfoParser] (main) Kafka commitId: f745dfdcee2b9851
2025-08-13 18:19:27,902 INFO  [org.apa.kaf.com.uti.AppInfoParser] (main) Kafka startTimeMs: 1755109167902
2025-08-13 18:19:27,903 INFO  [io.api.tes.ser.api.KafkaSerdesTester] (Thread-809) Sending message header {
  time {
  }
}
d1: 1.755109167902E12
s1: "a"
i1: 123
bi1: 1
point {
  longitude: 22.0
  latitude: 22.0
  altitude: 1.0
}
 to topic sb2a14c7fxd91ax4d1bx860cx49aa40b215b8
2025-08-13 18:19:27,906 INFO  [org.apa.kaf.cli.Metadata] (kafka-producer-network-thread | Producer-sb2a14c7fxd91ax4d1bx860cx49aa40b215b8) [Producer clientId=Producer-sb2a14c7fxd91ax4d1bx860cx49aa40b215b8] Cluster ID: 4IlD_Sy2TMOqYF-Nc3vIHA
2025-08-13 18:19:27,907 INFO  [org.apa.kaf.cli.pro.int.TransactionManager] (kafka-producer-network-thread | Producer-sb2a14c7fxd91ax4d1bx860cx49aa40b215b8) [Producer clientId=Producer-sb2a14c7fxd91ax4d1bx860cx49aa40b215b8] ProducerId set to 37 with epoch 0
2025-08-13 18:19:27,947 INFO  [org.apa.kaf.cli.pro.KafkaProducer] (Thread-809) [Producer clientId=Producer-sb2a14c7fxd91ax4d1bx860cx49aa40b215b8] Closing the Kafka producer with timeoutMillis = 9223372036854775807 ms.
2025-08-13 18:19:27,948 INFO  [org.apa.kaf.com.met.Metrics] (Thread-809) Metrics scheduler closed
2025-08-13 18:19:27,948 INFO  [org.apa.kaf.com.met.Metrics] (Thread-809) Closing reporter org.apache.kafka.common.metrics.JmxReporter
2025-08-13 18:19:27,948 INFO  [org.apa.kaf.com.met.Metrics] (Thread-809) Closing reporter org.apache.kafka.common.telemetry.internals.ClientTelemetryReporter
2025-08-13 18:19:27,948 INFO  [org.apa.kaf.com.met.Metrics] (Thread-809) Metrics reporters closed
2025-08-13 18:19:27,948 INFO  [org.apa.kaf.com.uti.AppInfoParser] (Thread-809) App info kafka.producer for Producer-sb2a14c7fxd91ax4d1bx860cx49aa40b215b8 unregistered
**** Registry Base URL: http://registry-app-inmemory.apps.ci419.apicurio-testing.org:80
2025-08-13 18:19:27,949 INFO  [org.apa.kaf.cli.pro.ProducerConfig] (main) ProducerConfig values: 
	acks = -1
	auto.include.jmx.reporter = true
	batch.size = 16384
	bootstrap.servers = [PLAINTEXT://localhost:32769]
	buffer.memory = 33554432
	client.dns.lookup = use_all_dns_ips
	client.id = Producer-sb2a14c7fxd91ax4d1bx860cx49aa40b215b8
	compression.gzip.level = -1
	compression.lz4.level = 9
	compression.type = none
	compression.zstd.level = 3
	connections.max.idle.ms = 10000
	delivery.timeout.ms = 120000
	enable.idempotence = true
	enable.metrics.push = true
	interceptor.classes = []
	key.serializer = class org.apache.kafka.common.serialization.StringSerializer
	linger.ms = 0
	max.block.ms = 60000
	max.in.flight.requests.per.connection = 5
	max.request.size = 1048576
	metadata.max.age.ms = 300000
	metadata.max.idle.ms = 300000
	metadata.recovery.strategy = none
	metric.reporters = []
	metrics.num.samples = 2
	metrics.recording.level = INFO
	metrics.sample.window.ms = 30000
	partitioner.adaptive.partitioning.enable = true
	partitioner.availability.timeout.ms = 0
	partitioner.class = null
	partitioner.ignore.keys = false
	receive.buffer.bytes = 32768
	reconnect.backoff.max.ms = 1000
	reconnect.backoff.ms = 50
	request.timeout.ms = 5000
	retries = 2147483647
	retry.backoff.max.ms = 1000
	retry.backoff.ms = 100
	sasl.client.callback.handler.class = null
	sasl.jaas.config = null
	sasl.kerberos.kinit.cmd = /usr/bin/kinit
	sasl.kerberos.min.time.before.relogin = 60000
	sasl.kerberos.service.name = null
	sasl.kerberos.ticket.renew.jitter = 0.05
	sasl.kerberos.ticket.renew.window.factor = 0.8
	sasl.login.callback.handler.class = null
	sasl.login.class = null
	sasl.login.connect.timeout.ms = null
	sasl.login.read.timeout.ms = null
	sasl.login.refresh.buffer.seconds = 300
	sasl.login.refresh.min.period.seconds = 60
	sasl.login.refresh.window.factor = 0.8
	sasl.login.refresh.window.jitter = 0.05
	sasl.login.retry.backoff.max.ms = 10000
	sasl.login.retry.backoff.ms = 100
	sasl.mechanism = GSSAPI
	sasl.oauthbearer.clock.skew.seconds = 30
	sasl.oauthbearer.expected.audience = null
	sasl.oauthbearer.expected.issuer = null
	sasl.oauthbearer.header.urlencode = false
	sasl.oauthbearer.jwks.endpoint.refresh.ms = 3600000
	sasl.oauthbearer.jwks.endpoint.retry.backoff.max.ms = 10000
	sasl.oauthbearer.jwks.endpoint.retry.backoff.ms = 100
	sasl.oauthbearer.jwks.endpoint.url = null
	sasl.oauthbearer.scope.claim.name = scope
	sasl.oauthbearer.sub.claim.name = sub
	sasl.oauthbearer.token.endpoint.url = null
	security.protocol = PLAINTEXT
	security.providers = null
	send.buffer.bytes = 131072
	socket.connection.setup.timeout.max.ms = 30000
	socket.connection.setup.timeout.ms = 10000
	ssl.cipher.suites = null
	ssl.enabled.protocols = [TLSv1.2, TLSv1.3]
	ssl.endpoint.identification.algorithm = https
	ssl.engine.factory.class = null
	ssl.key.password = null
	ssl.keymanager.algorithm = SunX509
	ssl.keystore.certificate.chain = null
	ssl.keystore.key = null
	ssl.keystore.location = null
	ssl.keystore.password = null
	ssl.keystore.type = JKS
	ssl.protocol = TLSv1.3
	ssl.provider = null
	ssl.secure.random.implementation = null
	ssl.trustmanager.algorithm = PKIX
	ssl.truststore.certificates = null
	ssl.truststore.location = null
	ssl.truststore.password = null
	ssl.truststore.type = JKS
	transaction.timeout.ms = 60000
	transactional.id = null
	value.serializer = class io.apicurio.registry.serde.protobuf.ProtobufKafkaSerializer

2025-08-13 18:19:27,950 INFO  [org.apa.kaf.com.tel.int.KafkaMetricsCollector] (main) initializing Kafka metrics collector
2025-08-13 18:19:27,953 INFO  [org.apa.kaf.cli.pro.KafkaProducer] (main) [Producer clientId=Producer-sb2a14c7fxd91ax4d1bx860cx49aa40b215b8] Instantiated an idempotent producer.
2025-08-13 18:19:27,955 INFO  [org.apa.kaf.cli.pro.ProducerConfig] (main) These configurations '[apicurio.registry.find-latest, apicurio.registry.url, apicurio.registry.headers.enabled, apicurio.registry.artifact-resolver-strategy]' were supplied but are not used yet.
2025-08-13 18:19:27,955 INFO  [org.apa.kaf.com.uti.AppInfoParser] (main) Kafka version: 3.9.1
2025-08-13 18:19:27,955 INFO  [org.apa.kaf.com.uti.AppInfoParser] (main) Kafka commitId: f745dfdcee2b9851
2025-08-13 18:19:27,955 INFO  [org.apa.kaf.com.uti.AppInfoParser] (main) Kafka startTimeMs: 1755109167955
2025-08-13 18:19:27,955 INFO  [io.api.tes.ser.api.SimpleSerdesTesterBuilder$SimpleSerdesTester] (main) Using producer configuration: {apicurio.registry.find-latest=true, apicurio.registry.url=http://registry-app-inmemory.apps.ci419.apicurio-testing.org:80/apis/registry/v3, apicurio.registry.headers.enabled=true, apicurio.registry.artifact-resolver-strategy=io.apicurio.registry.serde.strategy.TopicIdStrategy, value.serializer=io.apicurio.registry.serde.protobuf.ProtobufKafkaSerializer, request.timeout.ms=5000, acks=all, bootstrap.servers=PLAINTEXT://localhost:32769, connections.max.idle.ms=10000, key.serializer=org.apache.kafka.common.serialization.StringSerializer, client.id=Producer-sb2a14c7fxd91ax4d1bx860cx49aa40b215b8}
2025-08-13 18:19:27,955 INFO  [io.api.tes.ser.api.SimpleSerdesTesterBuilder$SimpleSerdesTester] (main) Using consumer configuration: {apicurio.registry.headers.enabled=true}
2025-08-13 18:19:27,956 INFO  [io.api.tes.ser.api.KafkaSerdesTester] (Thread-812) Sending message msb: 1755109167956
lsb: 321
 to topic sb2a14c7fxd91ax4d1bx860cx49aa40b215b8
2025-08-13 18:19:27,959 INFO  [org.apa.kaf.cli.Metadata] (kafka-producer-network-thread | Producer-sb2a14c7fxd91ax4d1bx860cx49aa40b215b8) [Producer clientId=Producer-sb2a14c7fxd91ax4d1bx860cx49aa40b215b8] Cluster ID: 4IlD_Sy2TMOqYF-Nc3vIHA
2025-08-13 18:19:27,959 INFO  [org.apa.kaf.cli.pro.int.TransactionManager] (kafka-producer-network-thread | Producer-sb2a14c7fxd91ax4d1bx860cx49aa40b215b8) [Producer clientId=Producer-sb2a14c7fxd91ax4d1bx860cx49aa40b215b8] ProducerId set to 38 with epoch 0
2025-08-13 18:19:28,013 INFO  [io.api.tes.ser.api.KafkaSerdesTester] (Thread-812) Sending message msb: 1755109168013
lsb: 321
 to topic sb2a14c7fxd91ax4d1bx860cx49aa40b215b8
2025-08-13 18:19:28,014 INFO  [io.api.tes.ser.api.KafkaSerdesTester] (Thread-812) Sending message msb: 1755109168014
lsb: 321
 to topic sb2a14c7fxd91ax4d1bx860cx49aa40b215b8
2025-08-13 18:19:28,015 INFO  [io.api.tes.ser.api.KafkaSerdesTester] (Thread-812) Sending message msb: 1755109168015
lsb: 321
 to topic sb2a14c7fxd91ax4d1bx860cx49aa40b215b8
2025-08-13 18:19:28,016 INFO  [io.api.tes.ser.api.KafkaSerdesTester] (Thread-812) Sending message msb: 1755109168016
lsb: 321
 to topic sb2a14c7fxd91ax4d1bx860cx49aa40b215b8
2025-08-13 18:19:28,017 INFO  [io.api.tes.ser.api.KafkaSerdesTester] (Thread-812) Sending message msb: 1755109168017
lsb: 321
 to topic sb2a14c7fxd91ax4d1bx860cx49aa40b215b8
2025-08-13 18:19:28,019 INFO  [io.api.tes.ser.api.KafkaSerdesTester] (Thread-812) Sending message msb: 1755109168019
lsb: 321
 to topic sb2a14c7fxd91ax4d1bx860cx49aa40b215b8
2025-08-13 18:19:28,024 INFO  [io.api.tes.ser.api.KafkaSerdesTester] (Thread-812) Sending message msb: 1755109168024
lsb: 321
 to topic sb2a14c7fxd91ax4d1bx860cx49aa40b215b8
2025-08-13 18:19:28,029 INFO  [io.api.tes.ser.api.KafkaSerdesTester] (Thread-812) Sending message msb: 1755109168029
lsb: 321
 to topic sb2a14c7fxd91ax4d1bx860cx49aa40b215b8
2025-08-13 18:19:28,031 INFO  [io.api.tes.ser.api.KafkaSerdesTester] (Thread-812) Sending message msb: 1755109168031
lsb: 321
 to topic sb2a14c7fxd91ax4d1bx860cx49aa40b215b8
2025-08-13 18:19:28,032 INFO  [io.api.tes.ser.api.KafkaSerdesTester] (Thread-812) Produced 10 messages
2025-08-13 18:19:28,032 INFO  [org.apa.kaf.cli.pro.KafkaProducer] (Thread-812) [Producer clientId=Producer-sb2a14c7fxd91ax4d1bx860cx49aa40b215b8] Closing the Kafka producer with timeoutMillis = 9223372036854775807 ms.
2025-08-13 18:19:28,035 INFO  [org.apa.kaf.com.met.Metrics] (Thread-812) Metrics scheduler closed
2025-08-13 18:19:28,035 INFO  [org.apa.kaf.com.met.Metrics] (Thread-812) Closing reporter org.apache.kafka.common.metrics.JmxReporter
2025-08-13 18:19:28,035 INFO  [org.apa.kaf.com.met.Metrics] (Thread-812) Closing reporter org.apache.kafka.common.telemetry.internals.ClientTelemetryReporter
2025-08-13 18:19:28,035 INFO  [org.apa.kaf.com.met.Metrics] (Thread-812) Metrics reporters closed
2025-08-13 18:19:28,035 INFO  [org.apa.kaf.com.uti.AppInfoParser] (Thread-812) App info kafka.producer for Producer-sb2a14c7fxd91ax4d1bx860cx49aa40b215b8 unregistered
**** Registry Base URL: http://registry-app-inmemory.apps.ci419.apicurio-testing.org:80
2025-08-13 18:19:28,036 INFO  [org.apa.kaf.cli.con.ConsumerConfig] (main) ConsumerConfig values: 
	allow.auto.create.topics = true
	auto.commit.interval.ms = 500
	auto.include.jmx.reporter = true
	auto.offset.reset = earliest
	bootstrap.servers = [PLAINTEXT://localhost:32769]
	check.crcs = true
	client.dns.lookup = use_all_dns_ips
	client.id = consumer-Consumer-sb2a14c7fxd91ax4d1bx860cx49aa40b215b8-28
	client.rack = 
	connections.max.idle.ms = 10000
	default.api.timeout.ms = 60000
	enable.auto.commit = true
	enable.metrics.push = true
	exclude.internal.topics = true
	fetch.max.bytes = 52428800
	fetch.max.wait.ms = 500
	fetch.min.bytes = 1
	group.id = Consumer-sb2a14c7fxd91ax4d1bx860cx49aa40b215b8
	group.instance.id = null
	group.protocol = classic
	group.remote.assignor = null
	heartbeat.interval.ms = 3000
	interceptor.classes = []
	internal.leave.group.on.close = true
	internal.throw.on.fetch.stable.offset.unsupported = false
	isolation.level = read_uncommitted
	key.deserializer = class org.apache.kafka.common.serialization.StringDeserializer
	max.partition.fetch.bytes = 1048576
	max.poll.interval.ms = 300000
	max.poll.records = 500
	metadata.max.age.ms = 300000
	metadata.recovery.strategy = none
	metric.reporters = []
	metrics.num.samples = 2
	metrics.recording.level = INFO
	metrics.sample.window.ms = 30000
	partition.assignment.strategy = [class org.apache.kafka.clients.consumer.RangeAssignor, class org.apache.kafka.clients.consumer.CooperativeStickyAssignor]
	receive.buffer.bytes = 65536
	reconnect.backoff.max.ms = 1000
	reconnect.backoff.ms = 50
	request.timeout.ms = 5000
	retry.backoff.max.ms = 1000
	retry.backoff.ms = 100
	sasl.client.callback.handler.class = null
	sasl.jaas.config = null
	sasl.kerberos.kinit.cmd = /usr/bin/kinit
	sasl.kerberos.min.time.before.relogin = 60000
	sasl.kerberos.service.name = null
	sasl.kerberos.ticket.renew.jitter = 0.05
	sasl.kerberos.ticket.renew.window.factor = 0.8
	sasl.login.callback.handler.class = null
	sasl.login.class = null
	sasl.login.connect.timeout.ms = null
	sasl.login.read.timeout.ms = null
	sasl.login.refresh.buffer.seconds = 300
	sasl.login.refresh.min.period.seconds = 60
	sasl.login.refresh.window.factor = 0.8
	sasl.login.refresh.window.jitter = 0.05
	sasl.login.retry.backoff.max.ms = 10000
	sasl.login.retry.backoff.ms = 100
	sasl.mechanism = GSSAPI
	sasl.oauthbearer.clock.skew.seconds = 30
	sasl.oauthbearer.expected.audience = null
	sasl.oauthbearer.expected.issuer = null
	sasl.oauthbearer.header.urlencode = false
	sasl.oauthbearer.jwks.endpoint.refresh.ms = 3600000
	sasl.oauthbearer.jwks.endpoint.retry.backoff.max.ms = 10000
	sasl.oauthbearer.jwks.endpoint.retry.backoff.ms = 100
	sasl.oauthbearer.jwks.endpoint.url = null
	sasl.oauthbearer.scope.claim.name = scope
	sasl.oauthbearer.sub.claim.name = sub
	sasl.oauthbearer.token.endpoint.url = null
	security.protocol = PLAINTEXT
	security.providers = null
	send.buffer.bytes = 131072
	session.timeout.ms = 45000
	socket.connection.setup.timeout.max.ms = 30000
	socket.connection.setup.timeout.ms = 10000
	ssl.cipher.suites = null
	ssl.enabled.protocols = [TLSv1.2, TLSv1.3]
	ssl.endpoint.identification.algorithm = https
	ssl.engine.factory.class = null
	ssl.key.password = null
	ssl.keymanager.algorithm = SunX509
	ssl.keystore.certificate.chain = null
	ssl.keystore.key = null
	ssl.keystore.location = null
	ssl.keystore.password = null
	ssl.keystore.type = JKS
	ssl.protocol = TLSv1.3
	ssl.provider = null
	ssl.secure.random.implementation = null
	ssl.trustmanager.algorithm = PKIX
	ssl.truststore.certificates = null
	ssl.truststore.location = null
	ssl.truststore.password = null
	ssl.truststore.type = JKS
	value.deserializer = class io.apicurio.registry.serde.protobuf.ProtobufKafkaDeserializer

2025-08-13 18:19:28,036 INFO  [org.apa.kaf.com.tel.int.KafkaMetricsCollector] (main) initializing Kafka metrics collector
2025-08-13 18:19:28,047 INFO  [org.apa.kaf.cli.con.ConsumerConfig] (main) These configurations '[apicurio.registry.url, apicurio.registry.headers.enabled]' were supplied but are not used yet.
2025-08-13 18:19:28,047 INFO  [org.apa.kaf.com.uti.AppInfoParser] (main) Kafka version: 3.9.1
2025-08-13 18:19:28,047 INFO  [org.apa.kaf.com.uti.AppInfoParser] (main) Kafka commitId: f745dfdcee2b9851
2025-08-13 18:19:28,047 INFO  [org.apa.kaf.com.uti.AppInfoParser] (main) Kafka startTimeMs: 1755109168047
2025-08-13 18:19:28,048 INFO  [org.apa.kaf.cli.con.int.ClassicKafkaConsumer] (Thread-815) [Consumer clientId=consumer-Consumer-sb2a14c7fxd91ax4d1bx860cx49aa40b215b8-28, groupId=Consumer-sb2a14c7fxd91ax4d1bx860cx49aa40b215b8] Subscribed to topic(s): sb2a14c7fxd91ax4d1bx860cx49aa40b215b8
2025-08-13 18:19:28,052 INFO  [org.apa.kaf.cli.Metadata] (Thread-815) [Consumer clientId=consumer-Consumer-sb2a14c7fxd91ax4d1bx860cx49aa40b215b8-28, groupId=Consumer-sb2a14c7fxd91ax4d1bx860cx49aa40b215b8] Cluster ID: 4IlD_Sy2TMOqYF-Nc3vIHA
2025-08-13 18:19:28,052 INFO  [org.apa.kaf.cli.con.int.ConsumerCoordinator] (Thread-815) [Consumer clientId=consumer-Consumer-sb2a14c7fxd91ax4d1bx860cx49aa40b215b8-28, groupId=Consumer-sb2a14c7fxd91ax4d1bx860cx49aa40b215b8] Discovered group coordinator localhost:32769 (id: 2147483647 rack: null)
2025-08-13 18:19:28,053 INFO  [org.apa.kaf.cli.con.int.ConsumerCoordinator] (Thread-815) [Consumer clientId=consumer-Consumer-sb2a14c7fxd91ax4d1bx860cx49aa40b215b8-28, groupId=Consumer-sb2a14c7fxd91ax4d1bx860cx49aa40b215b8] (Re-)joining group
2025-08-13 18:19:28,056 INFO  [org.apa.kaf.cli.con.int.ConsumerCoordinator] (Thread-815) [Consumer clientId=consumer-Consumer-sb2a14c7fxd91ax4d1bx860cx49aa40b215b8-28, groupId=Consumer-sb2a14c7fxd91ax4d1bx860cx49aa40b215b8] Request joining group due to: need to re-join with the given member-id: consumer-Consumer-sb2a14c7fxd91ax4d1bx860cx49aa40b215b8-28-dfb84eec-3274-4549-94b2-ea5d5ab5b69c
2025-08-13 18:19:28,056 INFO  [org.apa.kaf.cli.con.int.ConsumerCoordinator] (Thread-815) [Consumer clientId=consumer-Consumer-sb2a14c7fxd91ax4d1bx860cx49aa40b215b8-28, groupId=Consumer-sb2a14c7fxd91ax4d1bx860cx49aa40b215b8] (Re-)joining group
2025-08-13 18:19:29,048 INFO  [io.api.tes.ser.api.KafkaSerdesTester] (Thread-815) None found
2025-08-13 18:19:30,049 INFO  [io.api.tes.ser.api.KafkaSerdesTester] (Thread-815) None found
2025-08-13 18:19:31,049 INFO  [io.api.tes.ser.api.KafkaSerdesTester] (Thread-815) None found
2025-08-13 18:19:31,057 INFO  [org.apa.kaf.cli.con.int.ConsumerCoordinator] (Thread-815) [Consumer clientId=consumer-Consumer-sb2a14c7fxd91ax4d1bx860cx49aa40b215b8-28, groupId=Consumer-sb2a14c7fxd91ax4d1bx860cx49aa40b215b8] Successfully joined group with generation Generation{generationId=7, memberId='consumer-Consumer-sb2a14c7fxd91ax4d1bx860cx49aa40b215b8-28-dfb84eec-3274-4549-94b2-ea5d5ab5b69c', protocol='range'}
2025-08-13 18:19:31,058 INFO  [org.apa.kaf.cli.con.int.ConsumerCoordinator] (Thread-815) [Consumer clientId=consumer-Consumer-sb2a14c7fxd91ax4d1bx860cx49aa40b215b8-28, groupId=Consumer-sb2a14c7fxd91ax4d1bx860cx49aa40b215b8] Finished assignment for group at generation 7: {consumer-Consumer-sb2a14c7fxd91ax4d1bx860cx49aa40b215b8-28-dfb84eec-3274-4549-94b2-ea5d5ab5b69c=Assignment(partitions=[sb2a14c7fxd91ax4d1bx860cx49aa40b215b8-0])}
2025-08-13 18:19:31,064 INFO  [org.apa.kaf.cli.con.int.ConsumerCoordinator] (Thread-815) [Consumer clientId=consumer-Consumer-sb2a14c7fxd91ax4d1bx860cx49aa40b215b8-28, groupId=Consumer-sb2a14c7fxd91ax4d1bx860cx49aa40b215b8] Successfully synced group in generation Generation{generationId=7, memberId='consumer-Consumer-sb2a14c7fxd91ax4d1bx860cx49aa40b215b8-28-dfb84eec-3274-4549-94b2-ea5d5ab5b69c', protocol='range'}
2025-08-13 18:19:31,065 INFO  [org.apa.kaf.cli.con.int.ConsumerCoordinator] (Thread-815) [Consumer clientId=consumer-Consumer-sb2a14c7fxd91ax4d1bx860cx49aa40b215b8-28, groupId=Consumer-sb2a14c7fxd91ax4d1bx860cx49aa40b215b8] Notifying assignor about the new Assignment(partitions=[sb2a14c7fxd91ax4d1bx860cx49aa40b215b8-0])
2025-08-13 18:19:31,065 INFO  [org.apa.kaf.cli.con.int.ConsumerRebalanceListenerInvoker] (Thread-815) [Consumer clientId=consumer-Consumer-sb2a14c7fxd91ax4d1bx860cx49aa40b215b8-28, groupId=Consumer-sb2a14c7fxd91ax4d1bx860cx49aa40b215b8] Adding newly assigned partitions: sb2a14c7fxd91ax4d1bx860cx49aa40b215b8-0
2025-08-13 18:19:31,066 INFO  [org.apa.kaf.cli.con.int.ConsumerUtils] (Thread-815) Setting offset for partition sb2a14c7fxd91ax4d1bx860cx49aa40b215b8-0 to the committed offset FetchPosition{offset=30, offsetEpoch=Optional[0], currentLeader=LeaderAndEpoch{leader=Optional[localhost:32769 (id: 0 rack: null)], epoch=0}}
2025-08-13 18:19:31,107 INFO  [io.api.tes.ser.api.KafkaSerdesTester] (Thread-815) sb2a14c7fxd91ax4d1bx860cx49aa40b215b8 0 30 msb: 1755109167956
lsb: 321

2025-08-13 18:19:31,107 INFO  [io.api.tes.ser.api.KafkaSerdesTester] (Thread-815) sb2a14c7fxd91ax4d1bx860cx49aa40b215b8 0 31 msb: 1755109168013
lsb: 321

2025-08-13 18:19:31,107 INFO  [io.api.tes.ser.api.KafkaSerdesTester] (Thread-815) sb2a14c7fxd91ax4d1bx860cx49aa40b215b8 0 32 msb: 1755109168014
lsb: 321

2025-08-13 18:19:31,107 INFO  [io.api.tes.ser.api.KafkaSerdesTester] (Thread-815) sb2a14c7fxd91ax4d1bx860cx49aa40b215b8 0 33 msb: 1755109168015
lsb: 321

2025-08-13 18:19:31,108 INFO  [io.api.tes.ser.api.KafkaSerdesTester] (Thread-815) sb2a14c7fxd91ax4d1bx860cx49aa40b215b8 0 34 msb: 1755109168016
lsb: 321

2025-08-13 18:19:31,108 INFO  [io.api.tes.ser.api.KafkaSerdesTester] (Thread-815) sb2a14c7fxd91ax4d1bx860cx49aa40b215b8 0 35 msb: 1755109168017
lsb: 321

2025-08-13 18:19:31,108 INFO  [io.api.tes.ser.api.KafkaSerdesTester] (Thread-815) sb2a14c7fxd91ax4d1bx860cx49aa40b215b8 0 36 msb: 1755109168019
lsb: 321

2025-08-13 18:19:31,108 INFO  [io.api.tes.ser.api.KafkaSerdesTester] (Thread-815) sb2a14c7fxd91ax4d1bx860cx49aa40b215b8 0 37 msb: 1755109168024
lsb: 321

2025-08-13 18:19:31,108 INFO  [io.api.tes.ser.api.KafkaSerdesTester] (Thread-815) sb2a14c7fxd91ax4d1bx860cx49aa40b215b8 0 38 msb: 1755109168029
lsb: 321

2025-08-13 18:19:31,108 INFO  [io.api.tes.ser.api.KafkaSerdesTester] (Thread-815) sb2a14c7fxd91ax4d1bx860cx49aa40b215b8 0 39 msb: 1755109168031
lsb: 321

2025-08-13 18:19:31,108 INFO  [io.api.tes.ser.api.KafkaSerdesTester] (Thread-815) Consumed 10 messages
2025-08-13 18:19:31,115 INFO  [org.apa.kaf.cli.con.int.ConsumerRebalanceListenerInvoker] (Thread-815) [Consumer clientId=consumer-Consumer-sb2a14c7fxd91ax4d1bx860cx49aa40b215b8-28, groupId=Consumer-sb2a14c7fxd91ax4d1bx860cx49aa40b215b8] Revoke previously assigned partitions sb2a14c7fxd91ax4d1bx860cx49aa40b215b8-0
2025-08-13 18:19:31,115 INFO  [org.apa.kaf.cli.con.int.ConsumerCoordinator] (Thread-815) [Consumer clientId=consumer-Consumer-sb2a14c7fxd91ax4d1bx860cx49aa40b215b8-28, groupId=Consumer-sb2a14c7fxd91ax4d1bx860cx49aa40b215b8] Member consumer-Consumer-sb2a14c7fxd91ax4d1bx860cx49aa40b215b8-28-dfb84eec-3274-4549-94b2-ea5d5ab5b69c sending LeaveGroup request to coordinator localhost:32769 (id: 2147483647 rack: null) due to the consumer is being closed
2025-08-13 18:19:31,115 INFO  [org.apa.kaf.cli.con.int.ConsumerCoordinator] (Thread-815) [Consumer clientId=consumer-Consumer-sb2a14c7fxd91ax4d1bx860cx49aa40b215b8-28, groupId=Consumer-sb2a14c7fxd91ax4d1bx860cx49aa40b215b8] Resetting generation and member id due to: consumer pro-actively leaving the group
2025-08-13 18:19:31,115 INFO  [org.apa.kaf.cli.con.int.ConsumerCoordinator] (Thread-815) [Consumer clientId=consumer-Consumer-sb2a14c7fxd91ax4d1bx860cx49aa40b215b8-28, groupId=Consumer-sb2a14c7fxd91ax4d1bx860cx49aa40b215b8] Request joining group due to: consumer pro-actively leaving the group
2025-08-13 18:19:31,609 INFO  [org.apa.kaf.com.met.Metrics] (Thread-815) Metrics scheduler closed
2025-08-13 18:19:31,609 INFO  [org.apa.kaf.com.met.Metrics] (Thread-815) Closing reporter org.apache.kafka.common.metrics.JmxReporter
2025-08-13 18:19:31,609 INFO  [org.apa.kaf.com.met.Metrics] (Thread-815) Closing reporter org.apache.kafka.common.telemetry.internals.ClientTelemetryReporter
2025-08-13 18:19:31,609 INFO  [org.apa.kaf.com.met.Metrics] (Thread-815) Metrics reporters closed
2025-08-13 18:19:31,611 INFO  [org.apa.kaf.com.uti.AppInfoParser] (Thread-815) App info kafka.consumer for consumer-Consumer-sb2a14c7fxd91ax4d1bx860cx49aa40b215b8-28 unregistered
**** Registry Base URL: http://registry-app-inmemory.apps.ci419.apicurio-testing.org:80
2025-08-13 18:19:31,612 INFO  [org.apa.kaf.cli.pro.ProducerConfig] (main) ProducerConfig values: 
	acks = -1
	auto.include.jmx.reporter = true
	batch.size = 16384
	bootstrap.servers = [PLAINTEXT://localhost:32769]
	buffer.memory = 33554432
	client.dns.lookup = use_all_dns_ips
	client.id = Producer-sb2a14c7fxd91ax4d1bx860cx49aa40b215b8
	compression.gzip.level = -1
	compression.lz4.level = 9
	compression.type = none
	compression.zstd.level = 3
	connections.max.idle.ms = 10000
	delivery.timeout.ms = 120000
	enable.idempotence = true
	enable.metrics.push = true
	interceptor.classes = []
	key.serializer = class org.apache.kafka.common.serialization.StringSerializer
	linger.ms = 0
	max.block.ms = 60000
	max.in.flight.requests.per.connection = 5
	max.request.size = 1048576
	metadata.max.age.ms = 300000
	metadata.max.idle.ms = 300000
	metadata.recovery.strategy = none
	metric.reporters = []
	metrics.num.samples = 2
	metrics.recording.level = INFO
	metrics.sample.window.ms = 30000
	partitioner.adaptive.partitioning.enable = true
	partitioner.availability.timeout.ms = 0
	partitioner.class = null
	partitioner.ignore.keys = false
	receive.buffer.bytes = 32768
	reconnect.backoff.max.ms = 1000
	reconnect.backoff.ms = 50
	request.timeout.ms = 5000
	retries = 2147483647
	retry.backoff.max.ms = 1000
	retry.backoff.ms = 100
	sasl.client.callback.handler.class = null
	sasl.jaas.config = null
	sasl.kerberos.kinit.cmd = /usr/bin/kinit
	sasl.kerberos.min.time.before.relogin = 60000
	sasl.kerberos.service.name = null
	sasl.kerberos.ticket.renew.jitter = 0.05
	sasl.kerberos.ticket.renew.window.factor = 0.8
	sasl.login.callback.handler.class = null
	sasl.login.class = null
	sasl.login.connect.timeout.ms = null
	sasl.login.read.timeout.ms = null
	sasl.login.refresh.buffer.seconds = 300
	sasl.login.refresh.min.period.seconds = 60
	sasl.login.refresh.window.factor = 0.8
	sasl.login.refresh.window.jitter = 0.05
	sasl.login.retry.backoff.max.ms = 10000
	sasl.login.retry.backoff.ms = 100
	sasl.mechanism = GSSAPI
	sasl.oauthbearer.clock.skew.seconds = 30
	sasl.oauthbearer.expected.audience = null
	sasl.oauthbearer.expected.issuer = null
	sasl.oauthbearer.header.urlencode = false
	sasl.oauthbearer.jwks.endpoint.refresh.ms = 3600000
	sasl.oauthbearer.jwks.endpoint.retry.backoff.max.ms = 10000
	sasl.oauthbearer.jwks.endpoint.retry.backoff.ms = 100
	sasl.oauthbearer.jwks.endpoint.url = null
	sasl.oauthbearer.scope.claim.name = scope
	sasl.oauthbearer.sub.claim.name = sub
	sasl.oauthbearer.token.endpoint.url = null
	security.protocol = PLAINTEXT
	security.providers = null
	send.buffer.bytes = 131072
	socket.connection.setup.timeout.max.ms = 30000
	socket.connection.setup.timeout.ms = 10000
	ssl.cipher.suites = null
	ssl.enabled.protocols = [TLSv1.2, TLSv1.3]
	ssl.endpoint.identification.algorithm = https
	ssl.engine.factory.class = null
	ssl.key.password = null
	ssl.keymanager.algorithm = SunX509
	ssl.keystore.certificate.chain = null
	ssl.keystore.key = null
	ssl.keystore.location = null
	ssl.keystore.password = null
	ssl.keystore.type = JKS
	ssl.protocol = TLSv1.3
	ssl.provider = null
	ssl.secure.random.implementation = null
	ssl.trustmanager.algorithm = PKIX
	ssl.truststore.certificates = null
	ssl.truststore.location = null
	ssl.truststore.password = null
	ssl.truststore.type = JKS
	transaction.timeout.ms = 60000
	transactional.id = null
	value.serializer = class io.apicurio.registry.serde.protobuf.ProtobufKafkaSerializer

2025-08-13 18:19:31,612 INFO  [org.apa.kaf.com.tel.int.KafkaMetricsCollector] (main) initializing Kafka metrics collector
2025-08-13 18:19:31,615 INFO  [org.apa.kaf.cli.pro.KafkaProducer] (main) [Producer clientId=Producer-sb2a14c7fxd91ax4d1bx860cx49aa40b215b8] Instantiated an idempotent producer.
2025-08-13 18:19:31,617 INFO  [org.apa.kaf.cli.pro.ProducerConfig] (main) These configurations '[apicurio.registry.url, apicurio.registry.headers.enabled, apicurio.registry.artifact-resolver-strategy, apicurio.registry.artifact.version]' were supplied but are not used yet.
2025-08-13 18:19:31,617 INFO  [org.apa.kaf.com.uti.AppInfoParser] (main) Kafka version: 3.9.1
2025-08-13 18:19:31,617 INFO  [org.apa.kaf.com.uti.AppInfoParser] (main) Kafka commitId: f745dfdcee2b9851
2025-08-13 18:19:31,617 INFO  [org.apa.kaf.com.uti.AppInfoParser] (main) Kafka startTimeMs: 1755109171617
2025-08-13 18:19:31,617 INFO  [io.api.tes.ser.api.SimpleSerdesTesterBuilder$SimpleSerdesTester] (main) Using producer configuration: {apicurio.registry.url=http://registry-app-inmemory.apps.ci419.apicurio-testing.org:80/apis/registry/v3, apicurio.registry.headers.enabled=true, apicurio.registry.artifact-resolver-strategy=io.apicurio.registry.serde.strategy.TopicIdStrategy, value.serializer=io.apicurio.registry.serde.protobuf.ProtobufKafkaSerializer, request.timeout.ms=5000, acks=all, bootstrap.servers=PLAINTEXT://localhost:32769, connections.max.idle.ms=10000, apicurio.registry.artifact.version=2, key.serializer=org.apache.kafka.common.serialization.StringSerializer, client.id=Producer-sb2a14c7fxd91ax4d1bx860cx49aa40b215b8}
2025-08-13 18:19:31,617 INFO  [io.api.tes.ser.api.SimpleSerdesTesterBuilder$SimpleSerdesTester] (main) Using consumer configuration: {apicurio.registry.headers.enabled=true}
2025-08-13 18:19:31,618 INFO  [io.api.tes.ser.api.KafkaSerdesTester] (Thread-818) Sending message msb: 1755109171618
lsb: 321
 to topic sb2a14c7fxd91ax4d1bx860cx49aa40b215b8
2025-08-13 18:19:31,619 INFO  [org.apa.kaf.cli.Metadata] (kafka-producer-network-thread | Producer-sb2a14c7fxd91ax4d1bx860cx49aa40b215b8) [Producer clientId=Producer-sb2a14c7fxd91ax4d1bx860cx49aa40b215b8] Cluster ID: 4IlD_Sy2TMOqYF-Nc3vIHA
2025-08-13 18:19:31,620 INFO  [org.apa.kaf.cli.pro.int.TransactionManager] (kafka-producer-network-thread | Producer-sb2a14c7fxd91ax4d1bx860cx49aa40b215b8) [Producer clientId=Producer-sb2a14c7fxd91ax4d1bx860cx49aa40b215b8] ProducerId set to 39 with epoch 0
2025-08-13 18:19:31,668 INFO  [io.api.tes.ser.api.KafkaSerdesTester] (Thread-818) Sending message msb: 1755109171668
lsb: 321
 to topic sb2a14c7fxd91ax4d1bx860cx49aa40b215b8
2025-08-13 18:19:31,669 INFO  [io.api.tes.ser.api.KafkaSerdesTester] (Thread-818) Sending message msb: 1755109171669
lsb: 321
 to topic sb2a14c7fxd91ax4d1bx860cx49aa40b215b8
2025-08-13 18:19:31,670 INFO  [io.api.tes.ser.api.KafkaSerdesTester] (Thread-818) Sending message msb: 1755109171670
lsb: 321
 to topic sb2a14c7fxd91ax4d1bx860cx49aa40b215b8
2025-08-13 18:19:31,671 INFO  [io.api.tes.ser.api.KafkaSerdesTester] (Thread-818) Sending message msb: 1755109171671
lsb: 321
 to topic sb2a14c7fxd91ax4d1bx860cx49aa40b215b8
2025-08-13 18:19:31,672 INFO  [io.api.tes.ser.api.KafkaSerdesTester] (Thread-818) Sending message msb: 1755109171672
lsb: 321
 to topic sb2a14c7fxd91ax4d1bx860cx49aa40b215b8
2025-08-13 18:19:31,673 INFO  [io.api.tes.ser.api.KafkaSerdesTester] (Thread-818) Sending message msb: 1755109171673
lsb: 321
 to topic sb2a14c7fxd91ax4d1bx860cx49aa40b215b8
2025-08-13 18:19:31,675 INFO  [io.api.tes.ser.api.KafkaSerdesTester] (Thread-818) Sending message msb: 1755109171675
lsb: 321
 to topic sb2a14c7fxd91ax4d1bx860cx49aa40b215b8
2025-08-13 18:19:31,683 INFO  [io.api.tes.ser.api.KafkaSerdesTester] (Thread-818) Sending message msb: 1755109171683
lsb: 321
 to topic sb2a14c7fxd91ax4d1bx860cx49aa40b215b8
2025-08-13 18:19:31,687 INFO  [io.api.tes.ser.api.KafkaSerdesTester] (Thread-818) Sending message msb: 1755109171687
lsb: 321
 to topic sb2a14c7fxd91ax4d1bx860cx49aa40b215b8
2025-08-13 18:19:31,688 INFO  [io.api.tes.ser.api.KafkaSerdesTester] (Thread-818) Produced 10 messages
2025-08-13 18:19:31,688 INFO  [org.apa.kaf.cli.pro.KafkaProducer] (Thread-818) [Producer clientId=Producer-sb2a14c7fxd91ax4d1bx860cx49aa40b215b8] Closing the Kafka producer with timeoutMillis = 9223372036854775807 ms.
2025-08-13 18:19:31,691 INFO  [org.apa.kaf.com.met.Metrics] (Thread-818) Metrics scheduler closed
2025-08-13 18:19:31,691 INFO  [org.apa.kaf.com.met.Metrics] (Thread-818) Closing reporter org.apache.kafka.common.metrics.JmxReporter
2025-08-13 18:19:31,691 INFO  [org.apa.kaf.com.met.Metrics] (Thread-818) Closing reporter org.apache.kafka.common.telemetry.internals.ClientTelemetryReporter
2025-08-13 18:19:31,691 INFO  [org.apa.kaf.com.met.Metrics] (Thread-818) Metrics reporters closed
2025-08-13 18:19:31,691 INFO  [org.apa.kaf.com.uti.AppInfoParser] (Thread-818) App info kafka.producer for Producer-sb2a14c7fxd91ax4d1bx860cx49aa40b215b8 unregistered
**** Registry Base URL: http://registry-app-inmemory.apps.ci419.apicurio-testing.org:80
2025-08-13 18:19:31,691 INFO  [org.apa.kaf.cli.con.ConsumerConfig] (main) ConsumerConfig values: 
	allow.auto.create.topics = true
	auto.commit.interval.ms = 500
	auto.include.jmx.reporter = true
	auto.offset.reset = earliest
	bootstrap.servers = [PLAINTEXT://localhost:32769]
	check.crcs = true
	client.dns.lookup = use_all_dns_ips
	client.id = consumer-Consumer-sb2a14c7fxd91ax4d1bx860cx49aa40b215b8-29
	client.rack = 
	connections.max.idle.ms = 10000
	default.api.timeout.ms = 60000
	enable.auto.commit = true
	enable.metrics.push = true
	exclude.internal.topics = true
	fetch.max.bytes = 52428800
	fetch.max.wait.ms = 500
	fetch.min.bytes = 1
	group.id = Consumer-sb2a14c7fxd91ax4d1bx860cx49aa40b215b8
	group.instance.id = null
	group.protocol = classic
	group.remote.assignor = null
	heartbeat.interval.ms = 3000
	interceptor.classes = []
	internal.leave.group.on.close = true
	internal.throw.on.fetch.stable.offset.unsupported = false
	isolation.level = read_uncommitted
	key.deserializer = class org.apache.kafka.common.serialization.StringDeserializer
	max.partition.fetch.bytes = 1048576
	max.poll.interval.ms = 300000
	max.poll.records = 500
	metadata.max.age.ms = 300000
	metadata.recovery.strategy = none
	metric.reporters = []
	metrics.num.samples = 2
	metrics.recording.level = INFO
	metrics.sample.window.ms = 30000
	partition.assignment.strategy = [class org.apache.kafka.clients.consumer.RangeAssignor, class org.apache.kafka.clients.consumer.CooperativeStickyAssignor]
	receive.buffer.bytes = 65536
	reconnect.backoff.max.ms = 1000
	reconnect.backoff.ms = 50
	request.timeout.ms = 5000
	retry.backoff.max.ms = 1000
	retry.backoff.ms = 100
	sasl.client.callback.handler.class = null
	sasl.jaas.config = null
	sasl.kerberos.kinit.cmd = /usr/bin/kinit
	sasl.kerberos.min.time.before.relogin = 60000
	sasl.kerberos.service.name = null
	sasl.kerberos.ticket.renew.jitter = 0.05
	sasl.kerberos.ticket.renew.window.factor = 0.8
	sasl.login.callback.handler.class = null
	sasl.login.class = null
	sasl.login.connect.timeout.ms = null
	sasl.login.read.timeout.ms = null
	sasl.login.refresh.buffer.seconds = 300
	sasl.login.refresh.min.period.seconds = 60
	sasl.login.refresh.window.factor = 0.8
	sasl.login.refresh.window.jitter = 0.05
	sasl.login.retry.backoff.max.ms = 10000
	sasl.login.retry.backoff.ms = 100
	sasl.mechanism = GSSAPI
	sasl.oauthbearer.clock.skew.seconds = 30
	sasl.oauthbearer.expected.audience = null
	sasl.oauthbearer.expected.issuer = null
	sasl.oauthbearer.header.urlencode = false
	sasl.oauthbearer.jwks.endpoint.refresh.ms = 3600000
	sasl.oauthbearer.jwks.endpoint.retry.backoff.max.ms = 10000
	sasl.oauthbearer.jwks.endpoint.retry.backoff.ms = 100
	sasl.oauthbearer.jwks.endpoint.url = null
	sasl.oauthbearer.scope.claim.name = scope
	sasl.oauthbearer.sub.claim.name = sub
	sasl.oauthbearer.token.endpoint.url = null
	security.protocol = PLAINTEXT
	security.providers = null
	send.buffer.bytes = 131072
	session.timeout.ms = 45000
	socket.connection.setup.timeout.max.ms = 30000
	socket.connection.setup.timeout.ms = 10000
	ssl.cipher.suites = null
	ssl.enabled.protocols = [TLSv1.2, TLSv1.3]
	ssl.endpoint.identification.algorithm = https
	ssl.engine.factory.class = null
	ssl.key.password = null
	ssl.keymanager.algorithm = SunX509
	ssl.keystore.certificate.chain = null
	ssl.keystore.key = null
	ssl.keystore.location = null
	ssl.keystore.password = null
	ssl.keystore.type = JKS
	ssl.protocol = TLSv1.3
	ssl.provider = null
	ssl.secure.random.implementation = null
	ssl.trustmanager.algorithm = PKIX
	ssl.truststore.certificates = null
	ssl.truststore.location = null
	ssl.truststore.password = null
	ssl.truststore.type = JKS
	value.deserializer = class io.apicurio.registry.serde.protobuf.ProtobufKafkaDeserializer

2025-08-13 18:19:31,693 INFO  [org.apa.kaf.com.tel.int.KafkaMetricsCollector] (main) initializing Kafka metrics collector
2025-08-13 18:19:31,701 INFO  [org.apa.kaf.cli.con.ConsumerConfig] (main) These configurations '[apicurio.registry.url, apicurio.registry.headers.enabled]' were supplied but are not used yet.
2025-08-13 18:19:31,701 INFO  [org.apa.kaf.com.uti.AppInfoParser] (main) Kafka version: 3.9.1
2025-08-13 18:19:31,701 INFO  [org.apa.kaf.com.uti.AppInfoParser] (main) Kafka commitId: f745dfdcee2b9851
2025-08-13 18:19:31,701 INFO  [org.apa.kaf.com.uti.AppInfoParser] (main) Kafka startTimeMs: 1755109171701
2025-08-13 18:19:31,701 INFO  [org.apa.kaf.cli.con.int.ClassicKafkaConsumer] (Thread-821) [Consumer clientId=consumer-Consumer-sb2a14c7fxd91ax4d1bx860cx49aa40b215b8-29, groupId=Consumer-sb2a14c7fxd91ax4d1bx860cx49aa40b215b8] Subscribed to topic(s): sb2a14c7fxd91ax4d1bx860cx49aa40b215b8
2025-08-13 18:19:31,707 INFO  [org.apa.kaf.cli.Metadata] (Thread-821) [Consumer clientId=consumer-Consumer-sb2a14c7fxd91ax4d1bx860cx49aa40b215b8-29, groupId=Consumer-sb2a14c7fxd91ax4d1bx860cx49aa40b215b8] Cluster ID: 4IlD_Sy2TMOqYF-Nc3vIHA
2025-08-13 18:19:31,707 INFO  [org.apa.kaf.cli.con.int.ConsumerCoordinator] (Thread-821) [Consumer clientId=consumer-Consumer-sb2a14c7fxd91ax4d1bx860cx49aa40b215b8-29, groupId=Consumer-sb2a14c7fxd91ax4d1bx860cx49aa40b215b8] Discovered group coordinator localhost:32769 (id: 2147483647 rack: null)
2025-08-13 18:19:31,709 INFO  [org.apa.kaf.cli.con.int.ConsumerCoordinator] (Thread-821) [Consumer clientId=consumer-Consumer-sb2a14c7fxd91ax4d1bx860cx49aa40b215b8-29, groupId=Consumer-sb2a14c7fxd91ax4d1bx860cx49aa40b215b8] (Re-)joining group
2025-08-13 18:19:31,710 INFO  [org.apa.kaf.cli.con.int.ConsumerCoordinator] (Thread-821) [Consumer clientId=consumer-Consumer-sb2a14c7fxd91ax4d1bx860cx49aa40b215b8-29, groupId=Consumer-sb2a14c7fxd91ax4d1bx860cx49aa40b215b8] Request joining group due to: need to re-join with the given member-id: consumer-Consumer-sb2a14c7fxd91ax4d1bx860cx49aa40b215b8-29-97e9a0fd-371a-4aaa-8391-76a1c11089e7
2025-08-13 18:19:31,710 INFO  [org.apa.kaf.cli.con.int.ConsumerCoordinator] (Thread-821) [Consumer clientId=consumer-Consumer-sb2a14c7fxd91ax4d1bx860cx49aa40b215b8-29, groupId=Consumer-sb2a14c7fxd91ax4d1bx860cx49aa40b215b8] (Re-)joining group
2025-08-13 18:19:32,702 INFO  [io.api.tes.ser.api.KafkaSerdesTester] (Thread-821) None found
2025-08-13 18:19:33,702 INFO  [io.api.tes.ser.api.KafkaSerdesTester] (Thread-821) None found
2025-08-13 18:19:34,702 INFO  [io.api.tes.ser.api.KafkaSerdesTester] (Thread-821) None found
2025-08-13 18:19:34,712 INFO  [org.apa.kaf.cli.con.int.ConsumerCoordinator] (Thread-821) [Consumer clientId=consumer-Consumer-sb2a14c7fxd91ax4d1bx860cx49aa40b215b8-29, groupId=Consumer-sb2a14c7fxd91ax4d1bx860cx49aa40b215b8] Successfully joined group with generation Generation{generationId=9, memberId='consumer-Consumer-sb2a14c7fxd91ax4d1bx860cx49aa40b215b8-29-97e9a0fd-371a-4aaa-8391-76a1c11089e7', protocol='range'}
2025-08-13 18:19:34,713 INFO  [org.apa.kaf.cli.con.int.ConsumerCoordinator] (Thread-821) [Consumer clientId=consumer-Consumer-sb2a14c7fxd91ax4d1bx860cx49aa40b215b8-29, groupId=Consumer-sb2a14c7fxd91ax4d1bx860cx49aa40b215b8] Finished assignment for group at generation 9: {consumer-Consumer-sb2a14c7fxd91ax4d1bx860cx49aa40b215b8-29-97e9a0fd-371a-4aaa-8391-76a1c11089e7=Assignment(partitions=[sb2a14c7fxd91ax4d1bx860cx49aa40b215b8-0])}
2025-08-13 18:19:34,719 INFO  [org.apa.kaf.cli.con.int.ConsumerCoordinator] (Thread-821) [Consumer clientId=consumer-Consumer-sb2a14c7fxd91ax4d1bx860cx49aa40b215b8-29, groupId=Consumer-sb2a14c7fxd91ax4d1bx860cx49aa40b215b8] Successfully synced group in generation Generation{generationId=9, memberId='consumer-Consumer-sb2a14c7fxd91ax4d1bx860cx49aa40b215b8-29-97e9a0fd-371a-4aaa-8391-76a1c11089e7', protocol='range'}
2025-08-13 18:19:34,720 INFO  [org.apa.kaf.cli.con.int.ConsumerCoordinator] (Thread-821) [Consumer clientId=consumer-Consumer-sb2a14c7fxd91ax4d1bx860cx49aa40b215b8-29, groupId=Consumer-sb2a14c7fxd91ax4d1bx860cx49aa40b215b8] Notifying assignor about the new Assignment(partitions=[sb2a14c7fxd91ax4d1bx860cx49aa40b215b8-0])
2025-08-13 18:19:34,720 INFO  [org.apa.kaf.cli.con.int.ConsumerRebalanceListenerInvoker] (Thread-821) [Consumer clientId=consumer-Consumer-sb2a14c7fxd91ax4d1bx860cx49aa40b215b8-29, groupId=Consumer-sb2a14c7fxd91ax4d1bx860cx49aa40b215b8] Adding newly assigned partitions: sb2a14c7fxd91ax4d1bx860cx49aa40b215b8-0
2025-08-13 18:19:34,720 INFO  [org.apa.kaf.cli.con.int.ConsumerUtils] (Thread-821) Setting offset for partition sb2a14c7fxd91ax4d1bx860cx49aa40b215b8-0 to the committed offset FetchPosition{offset=40, offsetEpoch=Optional[0], currentLeader=LeaderAndEpoch{leader=Optional[localhost:32769 (id: 0 rack: null)], epoch=0}}
2025-08-13 18:19:34,763 INFO  [io.api.tes.ser.api.KafkaSerdesTester] (Thread-821) sb2a14c7fxd91ax4d1bx860cx49aa40b215b8 0 40 msb: 1755109171618
lsb: 321

2025-08-13 18:19:34,763 INFO  [io.api.tes.ser.api.KafkaSerdesTester] (Thread-821) sb2a14c7fxd91ax4d1bx860cx49aa40b215b8 0 41 msb: 1755109171668
lsb: 321

2025-08-13 18:19:34,763 INFO  [io.api.tes.ser.api.KafkaSerdesTester] (Thread-821) sb2a14c7fxd91ax4d1bx860cx49aa40b215b8 0 42 msb: 1755109171669
lsb: 321

2025-08-13 18:19:34,763 INFO  [io.api.tes.ser.api.KafkaSerdesTester] (Thread-821) sb2a14c7fxd91ax4d1bx860cx49aa40b215b8 0 43 msb: 1755109171670
lsb: 321

2025-08-13 18:19:34,763 INFO  [io.api.tes.ser.api.KafkaSerdesTester] (Thread-821) sb2a14c7fxd91ax4d1bx860cx49aa40b215b8 0 44 msb: 1755109171671
lsb: 321

2025-08-13 18:19:34,763 INFO  [io.api.tes.ser.api.KafkaSerdesTester] (Thread-821) sb2a14c7fxd91ax4d1bx860cx49aa40b215b8 0 45 msb: 1755109171672
lsb: 321

2025-08-13 18:19:34,763 INFO  [io.api.tes.ser.api.KafkaSerdesTester] (Thread-821) sb2a14c7fxd91ax4d1bx860cx49aa40b215b8 0 46 msb: 1755109171673
lsb: 321

2025-08-13 18:19:34,763 INFO  [io.api.tes.ser.api.KafkaSerdesTester] (Thread-821) sb2a14c7fxd91ax4d1bx860cx49aa40b215b8 0 47 msb: 1755109171675
lsb: 321

2025-08-13 18:19:34,763 INFO  [io.api.tes.ser.api.KafkaSerdesTester] (Thread-821) sb2a14c7fxd91ax4d1bx860cx49aa40b215b8 0 48 msb: 1755109171683
lsb: 321

2025-08-13 18:19:34,763 INFO  [io.api.tes.ser.api.KafkaSerdesTester] (Thread-821) sb2a14c7fxd91ax4d1bx860cx49aa40b215b8 0 49 msb: 1755109171687
lsb: 321

2025-08-13 18:19:34,763 INFO  [io.api.tes.ser.api.KafkaSerdesTester] (Thread-821) Consumed 10 messages
2025-08-13 18:19:34,769 INFO  [org.apa.kaf.cli.con.int.ConsumerRebalanceListenerInvoker] (Thread-821) [Consumer clientId=consumer-Consumer-sb2a14c7fxd91ax4d1bx860cx49aa40b215b8-29, groupId=Consumer-sb2a14c7fxd91ax4d1bx860cx49aa40b215b8] Revoke previously assigned partitions sb2a14c7fxd91ax4d1bx860cx49aa40b215b8-0
2025-08-13 18:19:34,769 INFO  [org.apa.kaf.cli.con.int.ConsumerCoordinator] (Thread-821) [Consumer clientId=consumer-Consumer-sb2a14c7fxd91ax4d1bx860cx49aa40b215b8-29, groupId=Consumer-sb2a14c7fxd91ax4d1bx860cx49aa40b215b8] Member consumer-Consumer-sb2a14c7fxd91ax4d1bx860cx49aa40b215b8-29-97e9a0fd-371a-4aaa-8391-76a1c11089e7 sending LeaveGroup request to coordinator localhost:32769 (id: 2147483647 rack: null) due to the consumer is being closed
2025-08-13 18:19:34,769 INFO  [org.apa.kaf.cli.con.int.ConsumerCoordinator] (Thread-821) [Consumer clientId=consumer-Consumer-sb2a14c7fxd91ax4d1bx860cx49aa40b215b8-29, groupId=Consumer-sb2a14c7fxd91ax4d1bx860cx49aa40b215b8] Resetting generation and member id due to: consumer pro-actively leaving the group
2025-08-13 18:19:34,769 INFO  [org.apa.kaf.cli.con.int.ConsumerCoordinator] (Thread-821) [Consumer clientId=consumer-Consumer-sb2a14c7fxd91ax4d1bx860cx49aa40b215b8-29, groupId=Consumer-sb2a14c7fxd91ax4d1bx860cx49aa40b215b8] Request joining group due to: consumer pro-actively leaving the group
2025-08-13 18:19:35,265 INFO  [org.apa.kaf.com.met.Metrics] (Thread-821) Metrics scheduler closed
2025-08-13 18:19:35,265 INFO  [org.apa.kaf.com.met.Metrics] (Thread-821) Closing reporter org.apache.kafka.common.metrics.JmxReporter
2025-08-13 18:19:35,265 INFO  [org.apa.kaf.com.met.Metrics] (Thread-821) Closing reporter org.apache.kafka.common.telemetry.internals.ClientTelemetryReporter
2025-08-13 18:19:35,265 INFO  [org.apa.kaf.com.met.Metrics] (Thread-821) Metrics reporters closed
2025-08-13 18:19:35,267 INFO  [org.apa.kaf.com.uti.AppInfoParser] (Thread-821) App info kafka.consumer for consumer-Consumer-sb2a14c7fxd91ax4d1bx860cx49aa40b215b8-29 unregistered
2025-08-13 18:19:35,267 INFO  [io.api.tes.uti.TestSeparator] (main) io.apicurio.tests.serdes.apicurio.ProtobufSerdeIT.testValidation-FINISHED
2025-08-13 18:19:35,267 INFO  [io.api.tes.uti.TestSeparator] (main) ############################################################################
Test passed: testValidation
]]></system-out>
  </testcase>
  <testcase name="testArtifactNotFound" classname="io.apicurio.tests.serdes.apicurio.ProtobufSerdeIT" time="0.004">
    <system-out><![CDATA[2025-08-13 18:19:35,268 INFO  [io.api.tes.uti.TestSeparator] (main) ############################################################################
2025-08-13 18:19:35,268 INFO  [io.api.tes.uti.TestSeparator] (main) io.apicurio.tests.serdes.apicurio.ProtobufSerdeIT.testArtifactNotFound-STARTED
2025-08-13 18:19:35,270 INFO  [io.api.tes.uti.TestSeparator] (main) io.apicurio.tests.serdes.apicurio.ProtobufSerdeIT.testArtifactNotFound-FINISHED
2025-08-13 18:19:35,270 INFO  [io.api.tes.uti.TestSeparator] (main) ############################################################################
Test passed: testArtifactNotFound
]]></system-out>
  </testcase>
  <testcase name="testTopicIdStrategyFindLatest" classname="io.apicurio.tests.serdes.apicurio.ProtobufSerdeIT" time="1.031">
    <system-out><![CDATA[2025-08-13 18:19:35,276 INFO  [io.api.tes.uti.TestSeparator] (main) ############################################################################
2025-08-13 18:19:35,276 INFO  [io.api.tes.uti.TestSeparator] (main) io.apicurio.tests.serdes.apicurio.ProtobufSerdeIT.testTopicIdStrategyFindLatest-STARTED
2025-08-13 18:19:36,306 INFO  [io.api.tes.uti.TestSeparator] (main) io.apicurio.tests.serdes.apicurio.ProtobufSerdeIT.testTopicIdStrategyFindLatest-FINISHED
2025-08-13 18:19:36,306 INFO  [io.api.tes.uti.TestSeparator] (main) ############################################################################
Test passed: testTopicIdStrategyFindLatest
]]></system-out>
  </testcase>
  <testcase name="testWrongSchemaFindLatest" classname="io.apicurio.tests.serdes.apicurio.ProtobufSerdeIT" time="1.029">
    <system-out><![CDATA[2025-08-13 18:19:36,308 INFO  [io.api.tes.uti.TestSeparator] (main) ############################################################################
2025-08-13 18:19:36,308 INFO  [io.api.tes.uti.TestSeparator] (main) io.apicurio.tests.serdes.apicurio.ProtobufSerdeIT.testWrongSchemaFindLatest-STARTED
2025-08-13 18:19:37,334 INFO  [io.api.tes.uti.TestSeparator] (main) io.apicurio.tests.serdes.apicurio.ProtobufSerdeIT.testWrongSchemaFindLatest-FINISHED
2025-08-13 18:19:37,334 INFO  [io.api.tes.uti.TestSeparator] (main) ############################################################################
Test passed: testWrongSchemaFindLatest
]]></system-out>
  </testcase>
  <testcase name="testAutoRegisterDeriveClassProtobufType" classname="io.apicurio.tests.serdes.apicurio.ProtobufSerdeIT" time="4.01">
    <system-out><![CDATA[2025-08-13 18:19:37,336 INFO  [io.api.tes.uti.TestSeparator] (main) ############################################################################
2025-08-13 18:19:37,336 INFO  [io.api.tes.uti.TestSeparator] (main) io.apicurio.tests.serdes.apicurio.ProtobufSerdeIT.testAutoRegisterDeriveClassProtobufType-STARTED
**** Registry Base URL: http://registry-app-inmemory.apps.ci419.apicurio-testing.org:80
2025-08-13 18:19:37,338 INFO  [org.apa.kaf.cli.pro.ProducerConfig] (main) ProducerConfig values: 
	acks = -1
	auto.include.jmx.reporter = true
	batch.size = 16384
	bootstrap.servers = [PLAINTEXT://localhost:32769]
	buffer.memory = 33554432
	client.dns.lookup = use_all_dns_ips
	client.id = Producer-topic-aa3b460f_9c53_4799_87c3_ca69fa13b42d
	compression.gzip.level = -1
	compression.lz4.level = 9
	compression.type = none
	compression.zstd.level = 3
	connections.max.idle.ms = 10000
	delivery.timeout.ms = 120000
	enable.idempotence = true
	enable.metrics.push = true
	interceptor.classes = []
	key.serializer = class org.apache.kafka.common.serialization.StringSerializer
	linger.ms = 0
	max.block.ms = 60000
	max.in.flight.requests.per.connection = 5
	max.request.size = 1048576
	metadata.max.age.ms = 300000
	metadata.max.idle.ms = 300000
	metadata.recovery.strategy = none
	metric.reporters = []
	metrics.num.samples = 2
	metrics.recording.level = INFO
	metrics.sample.window.ms = 30000
	partitioner.adaptive.partitioning.enable = true
	partitioner.availability.timeout.ms = 0
	partitioner.class = null
	partitioner.ignore.keys = false
	receive.buffer.bytes = 32768
	reconnect.backoff.max.ms = 1000
	reconnect.backoff.ms = 50
	request.timeout.ms = 5000
	retries = 2147483647
	retry.backoff.max.ms = 1000
	retry.backoff.ms = 100
	sasl.client.callback.handler.class = null
	sasl.jaas.config = null
	sasl.kerberos.kinit.cmd = /usr/bin/kinit
	sasl.kerberos.min.time.before.relogin = 60000
	sasl.kerberos.service.name = null
	sasl.kerberos.ticket.renew.jitter = 0.05
	sasl.kerberos.ticket.renew.window.factor = 0.8
	sasl.login.callback.handler.class = null
	sasl.login.class = null
	sasl.login.connect.timeout.ms = null
	sasl.login.read.timeout.ms = null
	sasl.login.refresh.buffer.seconds = 300
	sasl.login.refresh.min.period.seconds = 60
	sasl.login.refresh.window.factor = 0.8
	sasl.login.refresh.window.jitter = 0.05
	sasl.login.retry.backoff.max.ms = 10000
	sasl.login.retry.backoff.ms = 100
	sasl.mechanism = GSSAPI
	sasl.oauthbearer.clock.skew.seconds = 30
	sasl.oauthbearer.expected.audience = null
	sasl.oauthbearer.expected.issuer = null
	sasl.oauthbearer.header.urlencode = false
	sasl.oauthbearer.jwks.endpoint.refresh.ms = 3600000
	sasl.oauthbearer.jwks.endpoint.retry.backoff.max.ms = 10000
	sasl.oauthbearer.jwks.endpoint.retry.backoff.ms = 100
	sasl.oauthbearer.jwks.endpoint.url = null
	sasl.oauthbearer.scope.claim.name = scope
	sasl.oauthbearer.sub.claim.name = sub
	sasl.oauthbearer.token.endpoint.url = null
	security.protocol = PLAINTEXT
	security.providers = null
	send.buffer.bytes = 131072
	socket.connection.setup.timeout.max.ms = 30000
	socket.connection.setup.timeout.ms = 10000
	ssl.cipher.suites = null
	ssl.enabled.protocols = [TLSv1.2, TLSv1.3]
	ssl.endpoint.identification.algorithm = https
	ssl.engine.factory.class = null
	ssl.key.password = null
	ssl.keymanager.algorithm = SunX509
	ssl.keystore.certificate.chain = null
	ssl.keystore.key = null
	ssl.keystore.location = null
	ssl.keystore.password = null
	ssl.keystore.type = JKS
	ssl.protocol = TLSv1.3
	ssl.provider = null
	ssl.secure.random.implementation = null
	ssl.trustmanager.algorithm = PKIX
	ssl.truststore.certificates = null
	ssl.truststore.location = null
	ssl.truststore.password = null
	ssl.truststore.type = JKS
	transaction.timeout.ms = 60000
	transactional.id = null
	value.serializer = class io.apicurio.registry.serde.protobuf.ProtobufKafkaSerializer

2025-08-13 18:19:37,338 INFO  [org.apa.kaf.com.tel.int.KafkaMetricsCollector] (main) initializing Kafka metrics collector
2025-08-13 18:19:37,341 INFO  [org.apa.kaf.cli.pro.KafkaProducer] (main) [Producer clientId=Producer-topic-aa3b460f_9c53_4799_87c3_ca69fa13b42d] Instantiated an idempotent producer.
2025-08-13 18:19:37,343 INFO  [org.apa.kaf.cli.pro.ProducerConfig] (main) These configurations '[apicurio.registry.url, apicurio.registry.auto-register, apicurio.registry.artifact-resolver-strategy]' were supplied but are not used yet.
2025-08-13 18:19:37,343 INFO  [org.apa.kaf.com.uti.AppInfoParser] (main) Kafka version: 3.9.1
2025-08-13 18:19:37,343 INFO  [org.apa.kaf.com.uti.AppInfoParser] (main) Kafka commitId: f745dfdcee2b9851
2025-08-13 18:19:37,343 INFO  [org.apa.kaf.com.uti.AppInfoParser] (main) Kafka startTimeMs: 1755109177343
2025-08-13 18:19:37,343 INFO  [io.api.tes.ser.api.SimpleSerdesTesterBuilder$SimpleSerdesTester] (main) Using producer configuration: {apicurio.registry.url=http://registry-app-inmemory.apps.ci419.apicurio-testing.org:80/apis/registry/v3, apicurio.registry.auto-register=true, apicurio.registry.artifact-resolver-strategy=io.apicurio.registry.serde.strategy.TopicIdStrategy, value.serializer=io.apicurio.registry.serde.protobuf.ProtobufKafkaSerializer, request.timeout.ms=5000, acks=all, bootstrap.servers=PLAINTEXT://localhost:32769, connections.max.idle.ms=10000, key.serializer=org.apache.kafka.common.serialization.StringSerializer, client.id=Producer-topic-aa3b460f_9c53_4799_87c3_ca69fa13b42d}
2025-08-13 18:19:37,343 INFO  [io.api.tes.ser.api.SimpleSerdesTesterBuilder$SimpleSerdesTester] (main) Using consumer configuration: {apicurio.protobuf.derive.class=true}
2025-08-13 18:19:37,344 INFO  [io.api.tes.ser.api.KafkaSerdesTester] (Thread-824) Sending message header {
  time {
  }
}
d1: 1.755109177343E12
s1: "a"
i1: 123
bi1: 1
point {
  longitude: 22.0
  latitude: 22.0
  altitude: 1.0
}
 to topic topic-aa3b460f_9c53_4799_87c3_ca69fa13b42d
2025-08-13 18:19:37,346 WARN  [org.apa.kaf.cli.NetworkClient] (kafka-producer-network-thread | Producer-topic-aa3b460f_9c53_4799_87c3_ca69fa13b42d) [Producer clientId=Producer-topic-aa3b460f_9c53_4799_87c3_ca69fa13b42d] The metadata response from the cluster reported a recoverable issue with correlation id 1 : {topic-aa3b460f_9c53_4799_87c3_ca69fa13b42d=UNKNOWN_TOPIC_OR_PARTITION}
2025-08-13 18:19:37,346 INFO  [org.apa.kaf.cli.Metadata] (kafka-producer-network-thread | Producer-topic-aa3b460f_9c53_4799_87c3_ca69fa13b42d) [Producer clientId=Producer-topic-aa3b460f_9c53_4799_87c3_ca69fa13b42d] Cluster ID: 4IlD_Sy2TMOqYF-Nc3vIHA
2025-08-13 18:19:37,346 INFO  [org.apa.kaf.cli.pro.int.TransactionManager] (kafka-producer-network-thread | Producer-topic-aa3b460f_9c53_4799_87c3_ca69fa13b42d) [Producer clientId=Producer-topic-aa3b460f_9c53_4799_87c3_ca69fa13b42d] ProducerId set to 40 with epoch 0
2025-08-13 18:19:37,514 INFO  [io.api.tes.ser.api.KafkaSerdesTester] (Thread-824) Sending message header {
  time {
  }
}
d1: 1.755109177513E12
s1: "a"
i1: 123
bi1: 1
point {
  longitude: 22.0
  latitude: 22.0
  altitude: 1.0
}
 to topic topic-aa3b460f_9c53_4799_87c3_ca69fa13b42d
2025-08-13 18:19:37,531 INFO  [io.api.tes.ser.api.KafkaSerdesTester] (Thread-824) Sending message header {
  time {
  }
}
d1: 1.755109177531E12
s1: "a"
i1: 123
bi1: 1
point {
  longitude: 22.0
  latitude: 22.0
  altitude: 1.0
}
 to topic topic-aa3b460f_9c53_4799_87c3_ca69fa13b42d
2025-08-13 18:19:37,549 INFO  [io.api.tes.ser.api.KafkaSerdesTester] (Thread-824) Sending message header {
  time {
  }
}
d1: 1.755109177549E12
s1: "a"
i1: 123
bi1: 1
point {
  longitude: 22.0
  latitude: 22.0
  altitude: 1.0
}
 to topic topic-aa3b460f_9c53_4799_87c3_ca69fa13b42d
2025-08-13 18:19:37,570 INFO  [io.api.tes.ser.api.KafkaSerdesTester] (Thread-824) Sending message header {
  time {
  }
}
d1: 1.755109177569E12
s1: "a"
i1: 123
bi1: 1
point {
  longitude: 22.0
  latitude: 22.0
  altitude: 1.0
}
 to topic topic-aa3b460f_9c53_4799_87c3_ca69fa13b42d
2025-08-13 18:19:37,588 INFO  [io.api.tes.ser.api.KafkaSerdesTester] (Thread-824) Sending message header {
  time {
  }
}
d1: 1.755109177588E12
s1: "a"
i1: 123
bi1: 1
point {
  longitude: 22.0
  latitude: 22.0
  altitude: 1.0
}
 to topic topic-aa3b460f_9c53_4799_87c3_ca69fa13b42d
2025-08-13 18:19:37,606 INFO  [io.api.tes.ser.api.KafkaSerdesTester] (Thread-824) Sending message header {
  time {
  }
}
d1: 1.755109177605E12
s1: "a"
i1: 123
bi1: 1
point {
  longitude: 22.0
  latitude: 22.0
  altitude: 1.0
}
 to topic topic-aa3b460f_9c53_4799_87c3_ca69fa13b42d
2025-08-13 18:19:37,622 INFO  [io.api.tes.ser.api.KafkaSerdesTester] (Thread-824) Sending message header {
  time {
  }
}
d1: 1.755109177622E12
s1: "a"
i1: 123
bi1: 1
point {
  longitude: 22.0
  latitude: 22.0
  altitude: 1.0
}
 to topic topic-aa3b460f_9c53_4799_87c3_ca69fa13b42d
2025-08-13 18:19:37,641 INFO  [io.api.tes.ser.api.KafkaSerdesTester] (Thread-824) Sending message header {
  time {
  }
}
d1: 1.755109177641E12
s1: "a"
i1: 123
bi1: 1
point {
  longitude: 22.0
  latitude: 22.0
  altitude: 1.0
}
 to topic topic-aa3b460f_9c53_4799_87c3_ca69fa13b42d
2025-08-13 18:19:37,669 INFO  [io.api.tes.ser.api.KafkaSerdesTester] (Thread-824) Sending message header {
  time {
  }
}
d1: 1.755109177669E12
s1: "a"
i1: 123
bi1: 1
point {
  longitude: 22.0
  latitude: 22.0
  altitude: 1.0
}
 to topic topic-aa3b460f_9c53_4799_87c3_ca69fa13b42d
2025-08-13 18:19:37,688 INFO  [io.api.tes.ser.api.KafkaSerdesTester] (Thread-824) Produced 10 messages
2025-08-13 18:19:37,688 INFO  [org.apa.kaf.cli.pro.KafkaProducer] (Thread-824) [Producer clientId=Producer-topic-aa3b460f_9c53_4799_87c3_ca69fa13b42d] Closing the Kafka producer with timeoutMillis = 9223372036854775807 ms.
2025-08-13 18:19:37,690 INFO  [org.apa.kaf.com.met.Metrics] (Thread-824) Metrics scheduler closed
2025-08-13 18:19:37,690 INFO  [org.apa.kaf.com.met.Metrics] (Thread-824) Closing reporter org.apache.kafka.common.metrics.JmxReporter
2025-08-13 18:19:37,690 INFO  [org.apa.kaf.com.met.Metrics] (Thread-824) Closing reporter org.apache.kafka.common.telemetry.internals.ClientTelemetryReporter
2025-08-13 18:19:37,690 INFO  [org.apa.kaf.com.met.Metrics] (Thread-824) Metrics reporters closed
2025-08-13 18:19:37,691 INFO  [org.apa.kaf.com.uti.AppInfoParser] (Thread-824) App info kafka.producer for Producer-topic-aa3b460f_9c53_4799_87c3_ca69fa13b42d unregistered
**** Registry Base URL: http://registry-app-inmemory.apps.ci419.apicurio-testing.org:80
2025-08-13 18:19:37,721 INFO  [org.apa.kaf.cli.con.ConsumerConfig] (main) ConsumerConfig values: 
	allow.auto.create.topics = true
	auto.commit.interval.ms = 500
	auto.include.jmx.reporter = true
	auto.offset.reset = earliest
	bootstrap.servers = [PLAINTEXT://localhost:32769]
	check.crcs = true
	client.dns.lookup = use_all_dns_ips
	client.id = consumer-Consumer-topic-aa3b460f_9c53_4799_87c3_ca69fa13b42d-30
	client.rack = 
	connections.max.idle.ms = 10000
	default.api.timeout.ms = 60000
	enable.auto.commit = true
	enable.metrics.push = true
	exclude.internal.topics = true
	fetch.max.bytes = 52428800
	fetch.max.wait.ms = 500
	fetch.min.bytes = 1
	group.id = Consumer-topic-aa3b460f_9c53_4799_87c3_ca69fa13b42d
	group.instance.id = null
	group.protocol = classic
	group.remote.assignor = null
	heartbeat.interval.ms = 3000
	interceptor.classes = []
	internal.leave.group.on.close = true
	internal.throw.on.fetch.stable.offset.unsupported = false
	isolation.level = read_uncommitted
	key.deserializer = class org.apache.kafka.common.serialization.StringDeserializer
	max.partition.fetch.bytes = 1048576
	max.poll.interval.ms = 300000
	max.poll.records = 500
	metadata.max.age.ms = 300000
	metadata.recovery.strategy = none
	metric.reporters = []
	metrics.num.samples = 2
	metrics.recording.level = INFO
	metrics.sample.window.ms = 30000
	partition.assignment.strategy = [class org.apache.kafka.clients.consumer.RangeAssignor, class org.apache.kafka.clients.consumer.CooperativeStickyAssignor]
	receive.buffer.bytes = 65536
	reconnect.backoff.max.ms = 1000
	reconnect.backoff.ms = 50
	request.timeout.ms = 5000
	retry.backoff.max.ms = 1000
	retry.backoff.ms = 100
	sasl.client.callback.handler.class = null
	sasl.jaas.config = null
	sasl.kerberos.kinit.cmd = /usr/bin/kinit
	sasl.kerberos.min.time.before.relogin = 60000
	sasl.kerberos.service.name = null
	sasl.kerberos.ticket.renew.jitter = 0.05
	sasl.kerberos.ticket.renew.window.factor = 0.8
	sasl.login.callback.handler.class = null
	sasl.login.class = null
	sasl.login.connect.timeout.ms = null
	sasl.login.read.timeout.ms = null
	sasl.login.refresh.buffer.seconds = 300
	sasl.login.refresh.min.period.seconds = 60
	sasl.login.refresh.window.factor = 0.8
	sasl.login.refresh.window.jitter = 0.05
	sasl.login.retry.backoff.max.ms = 10000
	sasl.login.retry.backoff.ms = 100
	sasl.mechanism = GSSAPI
	sasl.oauthbearer.clock.skew.seconds = 30
	sasl.oauthbearer.expected.audience = null
	sasl.oauthbearer.expected.issuer = null
	sasl.oauthbearer.header.urlencode = false
	sasl.oauthbearer.jwks.endpoint.refresh.ms = 3600000
	sasl.oauthbearer.jwks.endpoint.retry.backoff.max.ms = 10000
	sasl.oauthbearer.jwks.endpoint.retry.backoff.ms = 100
	sasl.oauthbearer.jwks.endpoint.url = null
	sasl.oauthbearer.scope.claim.name = scope
	sasl.oauthbearer.sub.claim.name = sub
	sasl.oauthbearer.token.endpoint.url = null
	security.protocol = PLAINTEXT
	security.providers = null
	send.buffer.bytes = 131072
	session.timeout.ms = 45000
	socket.connection.setup.timeout.max.ms = 30000
	socket.connection.setup.timeout.ms = 10000
	ssl.cipher.suites = null
	ssl.enabled.protocols = [TLSv1.2, TLSv1.3]
	ssl.endpoint.identification.algorithm = https
	ssl.engine.factory.class = null
	ssl.key.password = null
	ssl.keymanager.algorithm = SunX509
	ssl.keystore.certificate.chain = null
	ssl.keystore.key = null
	ssl.keystore.location = null
	ssl.keystore.password = null
	ssl.keystore.type = JKS
	ssl.protocol = TLSv1.3
	ssl.provider = null
	ssl.secure.random.implementation = null
	ssl.trustmanager.algorithm = PKIX
	ssl.truststore.certificates = null
	ssl.truststore.location = null
	ssl.truststore.password = null
	ssl.truststore.type = JKS
	value.deserializer = class io.apicurio.registry.serde.protobuf.ProtobufKafkaDeserializer

2025-08-13 18:19:37,722 INFO  [org.apa.kaf.com.tel.int.KafkaMetricsCollector] (main) initializing Kafka metrics collector
2025-08-13 18:19:37,729 INFO  [org.apa.kaf.cli.con.ConsumerConfig] (main) These configurations '[apicurio.registry.url, apicurio.protobuf.derive.class]' were supplied but are not used yet.
2025-08-13 18:19:37,729 INFO  [org.apa.kaf.com.uti.AppInfoParser] (main) Kafka version: 3.9.1
2025-08-13 18:19:37,730 INFO  [org.apa.kaf.com.uti.AppInfoParser] (main) Kafka commitId: f745dfdcee2b9851
2025-08-13 18:19:37,730 INFO  [org.apa.kaf.com.uti.AppInfoParser] (main) Kafka startTimeMs: 1755109177729
2025-08-13 18:19:37,730 INFO  [org.apa.kaf.cli.con.int.ClassicKafkaConsumer] (Thread-827) [Consumer clientId=consumer-Consumer-topic-aa3b460f_9c53_4799_87c3_ca69fa13b42d-30, groupId=Consumer-topic-aa3b460f_9c53_4799_87c3_ca69fa13b42d] Subscribed to topic(s): topic-aa3b460f_9c53_4799_87c3_ca69fa13b42d
2025-08-13 18:19:37,735 INFO  [org.apa.kaf.cli.Metadata] (Thread-827) [Consumer clientId=consumer-Consumer-topic-aa3b460f_9c53_4799_87c3_ca69fa13b42d-30, groupId=Consumer-topic-aa3b460f_9c53_4799_87c3_ca69fa13b42d] Cluster ID: 4IlD_Sy2TMOqYF-Nc3vIHA
2025-08-13 18:19:37,735 INFO  [org.apa.kaf.cli.con.int.ConsumerCoordinator] (Thread-827) [Consumer clientId=consumer-Consumer-topic-aa3b460f_9c53_4799_87c3_ca69fa13b42d-30, groupId=Consumer-topic-aa3b460f_9c53_4799_87c3_ca69fa13b42d] Discovered group coordinator localhost:32769 (id: 2147483647 rack: null)
2025-08-13 18:19:37,737 INFO  [org.apa.kaf.cli.con.int.ConsumerCoordinator] (Thread-827) [Consumer clientId=consumer-Consumer-topic-aa3b460f_9c53_4799_87c3_ca69fa13b42d-30, groupId=Consumer-topic-aa3b460f_9c53_4799_87c3_ca69fa13b42d] (Re-)joining group
2025-08-13 18:19:37,738 INFO  [org.apa.kaf.cli.con.int.ConsumerCoordinator] (Thread-827) [Consumer clientId=consumer-Consumer-topic-aa3b460f_9c53_4799_87c3_ca69fa13b42d-30, groupId=Consumer-topic-aa3b460f_9c53_4799_87c3_ca69fa13b42d] Request joining group due to: need to re-join with the given member-id: consumer-Consumer-topic-aa3b460f_9c53_4799_87c3_ca69fa13b42d-30-78e3bf15-b6f0-4486-8478-7d79c566e9c5
2025-08-13 18:19:37,738 INFO  [org.apa.kaf.cli.con.int.ConsumerCoordinator] (Thread-827) [Consumer clientId=consumer-Consumer-topic-aa3b460f_9c53_4799_87c3_ca69fa13b42d-30, groupId=Consumer-topic-aa3b460f_9c53_4799_87c3_ca69fa13b42d] (Re-)joining group
2025-08-13 18:19:38,730 INFO  [io.api.tes.ser.api.KafkaSerdesTester] (Thread-827) None found
2025-08-13 18:19:39,731 INFO  [io.api.tes.ser.api.KafkaSerdesTester] (Thread-827) None found
2025-08-13 18:19:40,731 INFO  [io.api.tes.ser.api.KafkaSerdesTester] (Thread-827) None found
2025-08-13 18:19:40,741 INFO  [org.apa.kaf.cli.con.int.ConsumerCoordinator] (Thread-827) [Consumer clientId=consumer-Consumer-topic-aa3b460f_9c53_4799_87c3_ca69fa13b42d-30, groupId=Consumer-topic-aa3b460f_9c53_4799_87c3_ca69fa13b42d] Successfully joined group with generation Generation{generationId=1, memberId='consumer-Consumer-topic-aa3b460f_9c53_4799_87c3_ca69fa13b42d-30-78e3bf15-b6f0-4486-8478-7d79c566e9c5', protocol='range'}
2025-08-13 18:19:40,742 INFO  [org.apa.kaf.cli.con.int.ConsumerCoordinator] (Thread-827) [Consumer clientId=consumer-Consumer-topic-aa3b460f_9c53_4799_87c3_ca69fa13b42d-30, groupId=Consumer-topic-aa3b460f_9c53_4799_87c3_ca69fa13b42d] Finished assignment for group at generation 1: {consumer-Consumer-topic-aa3b460f_9c53_4799_87c3_ca69fa13b42d-30-78e3bf15-b6f0-4486-8478-7d79c566e9c5=Assignment(partitions=[topic-aa3b460f_9c53_4799_87c3_ca69fa13b42d-0])}
2025-08-13 18:19:40,748 INFO  [org.apa.kaf.cli.con.int.ConsumerCoordinator] (Thread-827) [Consumer clientId=consumer-Consumer-topic-aa3b460f_9c53_4799_87c3_ca69fa13b42d-30, groupId=Consumer-topic-aa3b460f_9c53_4799_87c3_ca69fa13b42d] Successfully synced group in generation Generation{generationId=1, memberId='consumer-Consumer-topic-aa3b460f_9c53_4799_87c3_ca69fa13b42d-30-78e3bf15-b6f0-4486-8478-7d79c566e9c5', protocol='range'}
2025-08-13 18:19:40,748 INFO  [org.apa.kaf.cli.con.int.ConsumerCoordinator] (Thread-827) [Consumer clientId=consumer-Consumer-topic-aa3b460f_9c53_4799_87c3_ca69fa13b42d-30, groupId=Consumer-topic-aa3b460f_9c53_4799_87c3_ca69fa13b42d] Notifying assignor about the new Assignment(partitions=[topic-aa3b460f_9c53_4799_87c3_ca69fa13b42d-0])
2025-08-13 18:19:40,749 INFO  [org.apa.kaf.cli.con.int.ConsumerRebalanceListenerInvoker] (Thread-827) [Consumer clientId=consumer-Consumer-topic-aa3b460f_9c53_4799_87c3_ca69fa13b42d-30, groupId=Consumer-topic-aa3b460f_9c53_4799_87c3_ca69fa13b42d] Adding newly assigned partitions: topic-aa3b460f_9c53_4799_87c3_ca69fa13b42d-0
2025-08-13 18:19:40,749 INFO  [org.apa.kaf.cli.con.int.ConsumerCoordinator] (Thread-827) [Consumer clientId=consumer-Consumer-topic-aa3b460f_9c53_4799_87c3_ca69fa13b42d-30, groupId=Consumer-topic-aa3b460f_9c53_4799_87c3_ca69fa13b42d] Found no committed offset for partition topic-aa3b460f_9c53_4799_87c3_ca69fa13b42d-0
2025-08-13 18:19:40,752 INFO  [org.apa.kaf.cli.con.int.SubscriptionState] (Thread-827) [Consumer clientId=consumer-Consumer-topic-aa3b460f_9c53_4799_87c3_ca69fa13b42d-30, groupId=Consumer-topic-aa3b460f_9c53_4799_87c3_ca69fa13b42d] Resetting offset for partition topic-aa3b460f_9c53_4799_87c3_ca69fa13b42d-0 to position FetchPosition{offset=0, offsetEpoch=Optional.empty, currentLeader=LeaderAndEpoch{leader=Optional[localhost:32769 (id: 0 rack: null)], epoch=0}}.
2025-08-13 18:19:40,827 INFO  [io.api.tes.ser.api.KafkaSerdesTester] (Thread-827) topic-aa3b460f_9c53_4799_87c3_ca69fa13b42d 0 0 header {
  time {
  }
}
d1: 1.755109177343E12
s1: "a"
i1: 123
bi1: 1
point {
  longitude: 22.0
  latitude: 22.0
  altitude: 1.0
}

2025-08-13 18:19:40,828 INFO  [io.api.tes.ser.api.KafkaSerdesTester] (Thread-827) topic-aa3b460f_9c53_4799_87c3_ca69fa13b42d 0 1 header {
  time {
  }
}
d1: 1.755109177513E12
s1: "a"
i1: 123
bi1: 1
point {
  longitude: 22.0
  latitude: 22.0
  altitude: 1.0
}

2025-08-13 18:19:40,828 INFO  [io.api.tes.ser.api.KafkaSerdesTester] (Thread-827) topic-aa3b460f_9c53_4799_87c3_ca69fa13b42d 0 2 header {
  time {
  }
}
d1: 1.755109177531E12
s1: "a"
i1: 123
bi1: 1
point {
  longitude: 22.0
  latitude: 22.0
  altitude: 1.0
}

2025-08-13 18:19:40,828 INFO  [io.api.tes.ser.api.KafkaSerdesTester] (Thread-827) topic-aa3b460f_9c53_4799_87c3_ca69fa13b42d 0 3 header {
  time {
  }
}
d1: 1.755109177549E12
s1: "a"
i1: 123
bi1: 1
point {
  longitude: 22.0
  latitude: 22.0
  altitude: 1.0
}

2025-08-13 18:19:40,828 INFO  [io.api.tes.ser.api.KafkaSerdesTester] (Thread-827) topic-aa3b460f_9c53_4799_87c3_ca69fa13b42d 0 4 header {
  time {
  }
}
d1: 1.755109177569E12
s1: "a"
i1: 123
bi1: 1
point {
  longitude: 22.0
  latitude: 22.0
  altitude: 1.0
}

2025-08-13 18:19:40,828 INFO  [io.api.tes.ser.api.KafkaSerdesTester] (Thread-827) topic-aa3b460f_9c53_4799_87c3_ca69fa13b42d 0 5 header {
  time {
  }
}
d1: 1.755109177588E12
s1: "a"
i1: 123
bi1: 1
point {
  longitude: 22.0
  latitude: 22.0
  altitude: 1.0
}

2025-08-13 18:19:40,828 INFO  [io.api.tes.ser.api.KafkaSerdesTester] (Thread-827) topic-aa3b460f_9c53_4799_87c3_ca69fa13b42d 0 6 header {
  time {
  }
}
d1: 1.755109177605E12
s1: "a"
i1: 123
bi1: 1
point {
  longitude: 22.0
  latitude: 22.0
  altitude: 1.0
}

2025-08-13 18:19:40,828 INFO  [io.api.tes.ser.api.KafkaSerdesTester] (Thread-827) topic-aa3b460f_9c53_4799_87c3_ca69fa13b42d 0 7 header {
  time {
  }
}
d1: 1.755109177622E12
s1: "a"
i1: 123
bi1: 1
point {
  longitude: 22.0
  latitude: 22.0
  altitude: 1.0
}

2025-08-13 18:19:40,828 INFO  [io.api.tes.ser.api.KafkaSerdesTester] (Thread-827) topic-aa3b460f_9c53_4799_87c3_ca69fa13b42d 0 8 header {
  time {
  }
}
d1: 1.755109177641E12
s1: "a"
i1: 123
bi1: 1
point {
  longitude: 22.0
  latitude: 22.0
  altitude: 1.0
}

2025-08-13 18:19:40,828 INFO  [io.api.tes.ser.api.KafkaSerdesTester] (Thread-827) topic-aa3b460f_9c53_4799_87c3_ca69fa13b42d 0 9 header {
  time {
  }
}
d1: 1.755109177669E12
s1: "a"
i1: 123
bi1: 1
point {
  longitude: 22.0
  latitude: 22.0
  altitude: 1.0
}

2025-08-13 18:19:40,828 INFO  [io.api.tes.ser.api.KafkaSerdesTester] (Thread-827) Consumed 10 messages
2025-08-13 18:19:40,835 INFO  [org.apa.kaf.cli.con.int.ConsumerRebalanceListenerInvoker] (Thread-827) [Consumer clientId=consumer-Consumer-topic-aa3b460f_9c53_4799_87c3_ca69fa13b42d-30, groupId=Consumer-topic-aa3b460f_9c53_4799_87c3_ca69fa13b42d] Revoke previously assigned partitions topic-aa3b460f_9c53_4799_87c3_ca69fa13b42d-0
2025-08-13 18:19:40,835 INFO  [org.apa.kaf.cli.con.int.ConsumerCoordinator] (Thread-827) [Consumer clientId=consumer-Consumer-topic-aa3b460f_9c53_4799_87c3_ca69fa13b42d-30, groupId=Consumer-topic-aa3b460f_9c53_4799_87c3_ca69fa13b42d] Member consumer-Consumer-topic-aa3b460f_9c53_4799_87c3_ca69fa13b42d-30-78e3bf15-b6f0-4486-8478-7d79c566e9c5 sending LeaveGroup request to coordinator localhost:32769 (id: 2147483647 rack: null) due to the consumer is being closed
2025-08-13 18:19:40,835 INFO  [org.apa.kaf.cli.con.int.ConsumerCoordinator] (Thread-827) [Consumer clientId=consumer-Consumer-topic-aa3b460f_9c53_4799_87c3_ca69fa13b42d-30, groupId=Consumer-topic-aa3b460f_9c53_4799_87c3_ca69fa13b42d] Resetting generation and member id due to: consumer pro-actively leaving the group
2025-08-13 18:19:40,835 INFO  [org.apa.kaf.cli.con.int.ConsumerCoordinator] (Thread-827) [Consumer clientId=consumer-Consumer-topic-aa3b460f_9c53_4799_87c3_ca69fa13b42d-30, groupId=Consumer-topic-aa3b460f_9c53_4799_87c3_ca69fa13b42d] Request joining group due to: consumer pro-actively leaving the group
2025-08-13 18:19:41,330 INFO  [org.apa.kaf.com.met.Metrics] (Thread-827) Metrics scheduler closed
2025-08-13 18:19:41,330 INFO  [org.apa.kaf.com.met.Metrics] (Thread-827) Closing reporter org.apache.kafka.common.metrics.JmxReporter
2025-08-13 18:19:41,330 INFO  [org.apa.kaf.com.met.Metrics] (Thread-827) Closing reporter org.apache.kafka.common.telemetry.internals.ClientTelemetryReporter
2025-08-13 18:19:41,330 INFO  [org.apa.kaf.com.met.Metrics] (Thread-827) Metrics reporters closed
2025-08-13 18:19:41,332 INFO  [org.apa.kaf.com.uti.AppInfoParser] (Thread-827) App info kafka.consumer for consumer-Consumer-topic-aa3b460f_9c53_4799_87c3_ca69fa13b42d-30 unregistered
2025-08-13 18:19:41,345 INFO  [io.api.tes.uti.TestSeparator] (main) io.apicurio.tests.serdes.apicurio.ProtobufSerdeIT.testAutoRegisterDeriveClassProtobufType-FINISHED
2025-08-13 18:19:41,345 INFO  [io.api.tes.uti.TestSeparator] (main) ############################################################################
Test passed: testAutoRegisterDeriveClassProtobufType
]]></system-out>
  </testcase>
  <testcase name="testConsumeReturnSpecificClass" classname="io.apicurio.tests.serdes.apicurio.ProtobufSerdeIT" time="1.027">
    <system-out><![CDATA[2025-08-13 18:19:41,346 INFO  [io.api.tes.uti.TestSeparator] (main) ############################################################################
2025-08-13 18:19:41,346 INFO  [io.api.tes.uti.TestSeparator] (main) io.apicurio.tests.serdes.apicurio.ProtobufSerdeIT.testConsumeReturnSpecificClass-STARTED
2025-08-13 18:19:42,372 INFO  [io.api.tes.uti.TestSeparator] (main) io.apicurio.tests.serdes.apicurio.ProtobufSerdeIT.testConsumeReturnSpecificClass-FINISHED
2025-08-13 18:19:42,372 INFO  [io.api.tes.uti.TestSeparator] (main) ############################################################################
Test passed: testConsumeReturnSpecificClass
]]></system-out>
  </testcase>
  <testcase name="testFindLatestSpecificProtobufType" classname="io.apicurio.tests.serdes.apicurio.ProtobufSerdeIT" time="1.031">
    <system-out><![CDATA[2025-08-13 18:19:42,374 INFO  [io.api.tes.uti.TestSeparator] (main) ############################################################################
2025-08-13 18:19:42,374 INFO  [io.api.tes.uti.TestSeparator] (main) io.apicurio.tests.serdes.apicurio.ProtobufSerdeIT.testFindLatestSpecificProtobufType-STARTED
2025-08-13 18:19:43,403 INFO  [io.api.tes.uti.TestSeparator] (main) io.apicurio.tests.serdes.apicurio.ProtobufSerdeIT.testFindLatestSpecificProtobufType-FINISHED
2025-08-13 18:19:43,404 INFO  [io.api.tes.uti.TestSeparator] (main) ############################################################################
Test passed: testFindLatestSpecificProtobufType
]]></system-out>
  </testcase>
  <testcase name="testFindLatestDynamicMessageProtobufType" classname="io.apicurio.tests.serdes.apicurio.ProtobufSerdeIT" time="4.749">
    <system-out><![CDATA[2025-08-13 18:19:43,405 INFO  [io.api.tes.uti.TestSeparator] (main) ############################################################################
2025-08-13 18:19:43,405 INFO  [io.api.tes.uti.TestSeparator] (main) io.apicurio.tests.serdes.apicurio.ProtobufSerdeIT.testFindLatestDynamicMessageProtobufType-STARTED
**** Registry Base URL: http://registry-app-inmemory.apps.ci419.apicurio-testing.org:80
2025-08-13 18:19:44,437 INFO  [org.apa.kaf.cli.pro.ProducerConfig] (main) ProducerConfig values: 
	acks = -1
	auto.include.jmx.reporter = true
	batch.size = 16384
	bootstrap.servers = [PLAINTEXT://localhost:32769]
	buffer.memory = 33554432
	client.dns.lookup = use_all_dns_ips
	client.id = Producer-topic-570afc49_cb10_4765_ab4a_22cac1c1d943
	compression.gzip.level = -1
	compression.lz4.level = 9
	compression.type = none
	compression.zstd.level = 3
	connections.max.idle.ms = 10000
	delivery.timeout.ms = 120000
	enable.idempotence = true
	enable.metrics.push = true
	interceptor.classes = []
	key.serializer = class org.apache.kafka.common.serialization.StringSerializer
	linger.ms = 0
	max.block.ms = 60000
	max.in.flight.requests.per.connection = 5
	max.request.size = 1048576
	metadata.max.age.ms = 300000
	metadata.max.idle.ms = 300000
	metadata.recovery.strategy = none
	metric.reporters = []
	metrics.num.samples = 2
	metrics.recording.level = INFO
	metrics.sample.window.ms = 30000
	partitioner.adaptive.partitioning.enable = true
	partitioner.availability.timeout.ms = 0
	partitioner.class = null
	partitioner.ignore.keys = false
	receive.buffer.bytes = 32768
	reconnect.backoff.max.ms = 1000
	reconnect.backoff.ms = 50
	request.timeout.ms = 5000
	retries = 2147483647
	retry.backoff.max.ms = 1000
	retry.backoff.ms = 100
	sasl.client.callback.handler.class = null
	sasl.jaas.config = null
	sasl.kerberos.kinit.cmd = /usr/bin/kinit
	sasl.kerberos.min.time.before.relogin = 60000
	sasl.kerberos.service.name = null
	sasl.kerberos.ticket.renew.jitter = 0.05
	sasl.kerberos.ticket.renew.window.factor = 0.8
	sasl.login.callback.handler.class = null
	sasl.login.class = null
	sasl.login.connect.timeout.ms = null
	sasl.login.read.timeout.ms = null
	sasl.login.refresh.buffer.seconds = 300
	sasl.login.refresh.min.period.seconds = 60
	sasl.login.refresh.window.factor = 0.8
	sasl.login.refresh.window.jitter = 0.05
	sasl.login.retry.backoff.max.ms = 10000
	sasl.login.retry.backoff.ms = 100
	sasl.mechanism = GSSAPI
	sasl.oauthbearer.clock.skew.seconds = 30
	sasl.oauthbearer.expected.audience = null
	sasl.oauthbearer.expected.issuer = null
	sasl.oauthbearer.header.urlencode = false
	sasl.oauthbearer.jwks.endpoint.refresh.ms = 3600000
	sasl.oauthbearer.jwks.endpoint.retry.backoff.max.ms = 10000
	sasl.oauthbearer.jwks.endpoint.retry.backoff.ms = 100
	sasl.oauthbearer.jwks.endpoint.url = null
	sasl.oauthbearer.scope.claim.name = scope
	sasl.oauthbearer.sub.claim.name = sub
	sasl.oauthbearer.token.endpoint.url = null
	security.protocol = PLAINTEXT
	security.providers = null
	send.buffer.bytes = 131072
	socket.connection.setup.timeout.max.ms = 30000
	socket.connection.setup.timeout.ms = 10000
	ssl.cipher.suites = null
	ssl.enabled.protocols = [TLSv1.2, TLSv1.3]
	ssl.endpoint.identification.algorithm = https
	ssl.engine.factory.class = null
	ssl.key.password = null
	ssl.keymanager.algorithm = SunX509
	ssl.keystore.certificate.chain = null
	ssl.keystore.key = null
	ssl.keystore.location = null
	ssl.keystore.password = null
	ssl.keystore.type = JKS
	ssl.protocol = TLSv1.3
	ssl.provider = null
	ssl.secure.random.implementation = null
	ssl.trustmanager.algorithm = PKIX
	ssl.truststore.certificates = null
	ssl.truststore.location = null
	ssl.truststore.password = null
	ssl.truststore.type = JKS
	transaction.timeout.ms = 60000
	transactional.id = null
	value.serializer = class io.apicurio.registry.serde.protobuf.ProtobufKafkaSerializer

2025-08-13 18:19:44,437 INFO  [org.apa.kaf.com.tel.int.KafkaMetricsCollector] (main) initializing Kafka metrics collector
2025-08-13 18:19:44,439 INFO  [org.apa.kaf.cli.pro.KafkaProducer] (main) [Producer clientId=Producer-topic-570afc49_cb10_4765_ab4a_22cac1c1d943] Instantiated an idempotent producer.
2025-08-13 18:19:44,440 INFO  [org.apa.kaf.cli.pro.ProducerConfig] (main) These configurations '[apicurio.registry.find-latest, apicurio.registry.url, apicurio.registry.artifact-resolver-strategy]' were supplied but are not used yet.
2025-08-13 18:19:44,440 INFO  [org.apa.kaf.com.uti.AppInfoParser] (main) Kafka version: 3.9.1
2025-08-13 18:19:44,440 INFO  [org.apa.kaf.com.uti.AppInfoParser] (main) Kafka commitId: f745dfdcee2b9851
2025-08-13 18:19:44,440 INFO  [org.apa.kaf.com.uti.AppInfoParser] (main) Kafka startTimeMs: 1755109184440
2025-08-13 18:19:44,441 INFO  [io.api.tes.ser.api.SimpleSerdesTesterBuilder$SimpleSerdesTester] (main) Using producer configuration: {apicurio.registry.find-latest=true, apicurio.registry.url=http://registry-app-inmemory.apps.ci419.apicurio-testing.org:80/apis/registry/v3, apicurio.registry.artifact-resolver-strategy=io.apicurio.registry.serde.strategy.SimpleTopicIdStrategy, value.serializer=io.apicurio.registry.serde.protobuf.ProtobufKafkaSerializer, request.timeout.ms=5000, acks=all, bootstrap.servers=PLAINTEXT://localhost:32769, connections.max.idle.ms=10000, key.serializer=org.apache.kafka.common.serialization.StringSerializer, client.id=Producer-topic-570afc49_cb10_4765_ab4a_22cac1c1d943}
2025-08-13 18:19:44,441 INFO  [io.api.tes.ser.api.SimpleSerdesTesterBuilder$SimpleSerdesTester] (main) Using consumer configuration: {apicurio.registry.deserializer.value.return-class=com.google.protobuf.DynamicMessage}
2025-08-13 18:19:44,441 INFO  [io.api.tes.ser.api.KafkaSerdesTester] (Thread-830) Sending message header {
  time {
  }
}
d1: 1.755109184441E12
s1: "a"
i1: 123
bi1: 1
point {
  longitude: 22.0
  latitude: 22.0
  altitude: 1.0
}
 to topic topic-570afc49_cb10_4765_ab4a_22cac1c1d943
2025-08-13 18:19:44,444 INFO  [org.apa.kaf.cli.Metadata] (kafka-producer-network-thread | Producer-topic-570afc49_cb10_4765_ab4a_22cac1c1d943) [Producer clientId=Producer-topic-570afc49_cb10_4765_ab4a_22cac1c1d943] Cluster ID: 4IlD_Sy2TMOqYF-Nc3vIHA
2025-08-13 18:19:44,444 INFO  [org.apa.kaf.cli.pro.int.TransactionManager] (kafka-producer-network-thread | Producer-topic-570afc49_cb10_4765_ab4a_22cac1c1d943) [Producer clientId=Producer-topic-570afc49_cb10_4765_ab4a_22cac1c1d943] ProducerId set to 41 with epoch 0
2025-08-13 18:19:44,515 INFO  [io.api.tes.ser.api.KafkaSerdesTester] (Thread-830) Sending message header {
  time {
  }
}
d1: 1.755109184515E12
s1: "a"
i1: 123
bi1: 1
point {
  longitude: 22.0
  latitude: 22.0
  altitude: 1.0
}
 to topic topic-570afc49_cb10_4765_ab4a_22cac1c1d943
2025-08-13 18:19:44,518 INFO  [io.api.tes.ser.api.KafkaSerdesTester] (Thread-830) Sending message header {
  time {
  }
}
d1: 1.755109184518E12
s1: "a"
i1: 123
bi1: 1
point {
  longitude: 22.0
  latitude: 22.0
  altitude: 1.0
}
 to topic topic-570afc49_cb10_4765_ab4a_22cac1c1d943
2025-08-13 18:19:44,520 INFO  [io.api.tes.ser.api.KafkaSerdesTester] (Thread-830) Sending message header {
  time {
  }
}
d1: 1.75510918452E12
s1: "a"
i1: 123
bi1: 1
point {
  longitude: 22.0
  latitude: 22.0
  altitude: 1.0
}
 to topic topic-570afc49_cb10_4765_ab4a_22cac1c1d943
2025-08-13 18:19:44,524 INFO  [io.api.tes.ser.api.KafkaSerdesTester] (Thread-830) Sending message header {
  time {
  }
}
d1: 1.755109184524E12
s1: "a"
i1: 123
bi1: 1
point {
  longitude: 22.0
  latitude: 22.0
  altitude: 1.0
}
 to topic topic-570afc49_cb10_4765_ab4a_22cac1c1d943
2025-08-13 18:19:44,526 INFO  [io.api.tes.ser.api.KafkaSerdesTester] (Thread-830) Sending message header {
  time {
  }
}
d1: 1.755109184526E12
s1: "a"
i1: 123
bi1: 1
point {
  longitude: 22.0
  latitude: 22.0
  altitude: 1.0
}
 to topic topic-570afc49_cb10_4765_ab4a_22cac1c1d943
2025-08-13 18:19:44,528 INFO  [io.api.tes.ser.api.KafkaSerdesTester] (Thread-830) Sending message header {
  time {
  }
}
d1: 1.755109184528E12
s1: "a"
i1: 123
bi1: 1
point {
  longitude: 22.0
  latitude: 22.0
  altitude: 1.0
}
 to topic topic-570afc49_cb10_4765_ab4a_22cac1c1d943
2025-08-13 18:19:44,530 INFO  [io.api.tes.ser.api.KafkaSerdesTester] (Thread-830) Sending message header {
  time {
  }
}
d1: 1.75510918453E12
s1: "a"
i1: 123
bi1: 1
point {
  longitude: 22.0
  latitude: 22.0
  altitude: 1.0
}
 to topic topic-570afc49_cb10_4765_ab4a_22cac1c1d943
2025-08-13 18:19:44,532 INFO  [io.api.tes.ser.api.KafkaSerdesTester] (Thread-830) Sending message header {
  time {
  }
}
d1: 1.755109184532E12
s1: "a"
i1: 123
bi1: 1
point {
  longitude: 22.0
  latitude: 22.0
  altitude: 1.0
}
 to topic topic-570afc49_cb10_4765_ab4a_22cac1c1d943
2025-08-13 18:19:44,536 INFO  [io.api.tes.ser.api.KafkaSerdesTester] (Thread-830) Sending message header {
  time {
  }
}
d1: 1.755109184536E12
s1: "a"
i1: 123
bi1: 1
point {
  longitude: 22.0
  latitude: 22.0
  altitude: 1.0
}
 to topic topic-570afc49_cb10_4765_ab4a_22cac1c1d943
2025-08-13 18:19:44,538 INFO  [io.api.tes.ser.api.KafkaSerdesTester] (Thread-830) Produced 10 messages
2025-08-13 18:19:44,540 INFO  [org.apa.kaf.cli.pro.KafkaProducer] (Thread-830) [Producer clientId=Producer-topic-570afc49_cb10_4765_ab4a_22cac1c1d943] Closing the Kafka producer with timeoutMillis = 9223372036854775807 ms.
2025-08-13 18:19:44,543 INFO  [org.apa.kaf.com.met.Metrics] (Thread-830) Metrics scheduler closed
2025-08-13 18:19:44,543 INFO  [org.apa.kaf.com.met.Metrics] (Thread-830) Closing reporter org.apache.kafka.common.metrics.JmxReporter
2025-08-13 18:19:44,543 INFO  [org.apa.kaf.com.met.Metrics] (Thread-830) Closing reporter org.apache.kafka.common.telemetry.internals.ClientTelemetryReporter
2025-08-13 18:19:44,543 INFO  [org.apa.kaf.com.met.Metrics] (Thread-830) Metrics reporters closed
2025-08-13 18:19:44,543 INFO  [org.apa.kaf.com.uti.AppInfoParser] (Thread-830) App info kafka.producer for Producer-topic-570afc49_cb10_4765_ab4a_22cac1c1d943 unregistered
**** Registry Base URL: http://registry-app-inmemory.apps.ci419.apicurio-testing.org:80
2025-08-13 18:19:44,546 INFO  [org.apa.kaf.cli.con.ConsumerConfig] (main) ConsumerConfig values: 
	allow.auto.create.topics = true
	auto.commit.interval.ms = 500
	auto.include.jmx.reporter = true
	auto.offset.reset = earliest
	bootstrap.servers = [PLAINTEXT://localhost:32769]
	check.crcs = true
	client.dns.lookup = use_all_dns_ips
	client.id = consumer-Consumer-topic-570afc49_cb10_4765_ab4a_22cac1c1d943-31
	client.rack = 
	connections.max.idle.ms = 10000
	default.api.timeout.ms = 60000
	enable.auto.commit = true
	enable.metrics.push = true
	exclude.internal.topics = true
	fetch.max.bytes = 52428800
	fetch.max.wait.ms = 500
	fetch.min.bytes = 1
	group.id = Consumer-topic-570afc49_cb10_4765_ab4a_22cac1c1d943
	group.instance.id = null
	group.protocol = classic
	group.remote.assignor = null
	heartbeat.interval.ms = 3000
	interceptor.classes = []
	internal.leave.group.on.close = true
	internal.throw.on.fetch.stable.offset.unsupported = false
	isolation.level = read_uncommitted
	key.deserializer = class org.apache.kafka.common.serialization.StringDeserializer
	max.partition.fetch.bytes = 1048576
	max.poll.interval.ms = 300000
	max.poll.records = 500
	metadata.max.age.ms = 300000
	metadata.recovery.strategy = none
	metric.reporters = []
	metrics.num.samples = 2
	metrics.recording.level = INFO
	metrics.sample.window.ms = 30000
	partition.assignment.strategy = [class org.apache.kafka.clients.consumer.RangeAssignor, class org.apache.kafka.clients.consumer.CooperativeStickyAssignor]
	receive.buffer.bytes = 65536
	reconnect.backoff.max.ms = 1000
	reconnect.backoff.ms = 50
	request.timeout.ms = 5000
	retry.backoff.max.ms = 1000
	retry.backoff.ms = 100
	sasl.client.callback.handler.class = null
	sasl.jaas.config = null
	sasl.kerberos.kinit.cmd = /usr/bin/kinit
	sasl.kerberos.min.time.before.relogin = 60000
	sasl.kerberos.service.name = null
	sasl.kerberos.ticket.renew.jitter = 0.05
	sasl.kerberos.ticket.renew.window.factor = 0.8
	sasl.login.callback.handler.class = null
	sasl.login.class = null
	sasl.login.connect.timeout.ms = null
	sasl.login.read.timeout.ms = null
	sasl.login.refresh.buffer.seconds = 300
	sasl.login.refresh.min.period.seconds = 60
	sasl.login.refresh.window.factor = 0.8
	sasl.login.refresh.window.jitter = 0.05
	sasl.login.retry.backoff.max.ms = 10000
	sasl.login.retry.backoff.ms = 100
	sasl.mechanism = GSSAPI
	sasl.oauthbearer.clock.skew.seconds = 30
	sasl.oauthbearer.expected.audience = null
	sasl.oauthbearer.expected.issuer = null
	sasl.oauthbearer.header.urlencode = false
	sasl.oauthbearer.jwks.endpoint.refresh.ms = 3600000
	sasl.oauthbearer.jwks.endpoint.retry.backoff.max.ms = 10000
	sasl.oauthbearer.jwks.endpoint.retry.backoff.ms = 100
	sasl.oauthbearer.jwks.endpoint.url = null
	sasl.oauthbearer.scope.claim.name = scope
	sasl.oauthbearer.sub.claim.name = sub
	sasl.oauthbearer.token.endpoint.url = null
	security.protocol = PLAINTEXT
	security.providers = null
	send.buffer.bytes = 131072
	session.timeout.ms = 45000
	socket.connection.setup.timeout.max.ms = 30000
	socket.connection.setup.timeout.ms = 10000
	ssl.cipher.suites = null
	ssl.enabled.protocols = [TLSv1.2, TLSv1.3]
	ssl.endpoint.identification.algorithm = https
	ssl.engine.factory.class = null
	ssl.key.password = null
	ssl.keymanager.algorithm = SunX509
	ssl.keystore.certificate.chain = null
	ssl.keystore.key = null
	ssl.keystore.location = null
	ssl.keystore.password = null
	ssl.keystore.type = JKS
	ssl.protocol = TLSv1.3
	ssl.provider = null
	ssl.secure.random.implementation = null
	ssl.trustmanager.algorithm = PKIX
	ssl.truststore.certificates = null
	ssl.truststore.location = null
	ssl.truststore.password = null
	ssl.truststore.type = JKS
	value.deserializer = class io.apicurio.registry.serde.protobuf.ProtobufKafkaDeserializer

2025-08-13 18:19:44,547 INFO  [org.apa.kaf.com.tel.int.KafkaMetricsCollector] (main) initializing Kafka metrics collector
2025-08-13 18:19:44,555 INFO  [org.apa.kaf.cli.con.ConsumerConfig] (main) These configurations '[apicurio.registry.deserializer.value.return-class, apicurio.registry.url]' were supplied but are not used yet.
2025-08-13 18:19:44,555 INFO  [org.apa.kaf.com.uti.AppInfoParser] (main) Kafka version: 3.9.1
2025-08-13 18:19:44,555 INFO  [org.apa.kaf.com.uti.AppInfoParser] (main) Kafka commitId: f745dfdcee2b9851
2025-08-13 18:19:44,555 INFO  [org.apa.kaf.com.uti.AppInfoParser] (main) Kafka startTimeMs: 1755109184555
2025-08-13 18:19:44,555 INFO  [org.apa.kaf.cli.con.int.ClassicKafkaConsumer] (Thread-833) [Consumer clientId=consumer-Consumer-topic-570afc49_cb10_4765_ab4a_22cac1c1d943-31, groupId=Consumer-topic-570afc49_cb10_4765_ab4a_22cac1c1d943] Subscribed to topic(s): topic-570afc49_cb10_4765_ab4a_22cac1c1d943
2025-08-13 18:19:44,563 INFO  [org.apa.kaf.cli.Metadata] (Thread-833) [Consumer clientId=consumer-Consumer-topic-570afc49_cb10_4765_ab4a_22cac1c1d943-31, groupId=Consumer-topic-570afc49_cb10_4765_ab4a_22cac1c1d943] Cluster ID: 4IlD_Sy2TMOqYF-Nc3vIHA
2025-08-13 18:19:44,564 INFO  [org.apa.kaf.cli.con.int.ConsumerCoordinator] (Thread-833) [Consumer clientId=consumer-Consumer-topic-570afc49_cb10_4765_ab4a_22cac1c1d943-31, groupId=Consumer-topic-570afc49_cb10_4765_ab4a_22cac1c1d943] Discovered group coordinator localhost:32769 (id: 2147483647 rack: null)
2025-08-13 18:19:44,565 INFO  [org.apa.kaf.cli.con.int.ConsumerCoordinator] (Thread-833) [Consumer clientId=consumer-Consumer-topic-570afc49_cb10_4765_ab4a_22cac1c1d943-31, groupId=Consumer-topic-570afc49_cb10_4765_ab4a_22cac1c1d943] (Re-)joining group
2025-08-13 18:19:44,567 INFO  [org.apa.kaf.cli.con.int.ConsumerCoordinator] (Thread-833) [Consumer clientId=consumer-Consumer-topic-570afc49_cb10_4765_ab4a_22cac1c1d943-31, groupId=Consumer-topic-570afc49_cb10_4765_ab4a_22cac1c1d943] Request joining group due to: need to re-join with the given member-id: consumer-Consumer-topic-570afc49_cb10_4765_ab4a_22cac1c1d943-31-69a77ec5-71f5-4bf6-94c5-a1ef88cf5fa2
2025-08-13 18:19:44,567 INFO  [org.apa.kaf.cli.con.int.ConsumerCoordinator] (Thread-833) [Consumer clientId=consumer-Consumer-topic-570afc49_cb10_4765_ab4a_22cac1c1d943-31, groupId=Consumer-topic-570afc49_cb10_4765_ab4a_22cac1c1d943] (Re-)joining group
2025-08-13 18:19:45,555 INFO  [io.api.tes.ser.api.KafkaSerdesTester] (Thread-833) None found
2025-08-13 18:19:46,555 INFO  [io.api.tes.ser.api.KafkaSerdesTester] (Thread-833) None found
2025-08-13 18:19:47,556 INFO  [io.api.tes.ser.api.KafkaSerdesTester] (Thread-833) None found
2025-08-13 18:19:47,568 INFO  [org.apa.kaf.cli.con.int.ConsumerCoordinator] (Thread-833) [Consumer clientId=consumer-Consumer-topic-570afc49_cb10_4765_ab4a_22cac1c1d943-31, groupId=Consumer-topic-570afc49_cb10_4765_ab4a_22cac1c1d943] Successfully joined group with generation Generation{generationId=1, memberId='consumer-Consumer-topic-570afc49_cb10_4765_ab4a_22cac1c1d943-31-69a77ec5-71f5-4bf6-94c5-a1ef88cf5fa2', protocol='range'}
2025-08-13 18:19:47,568 INFO  [org.apa.kaf.cli.con.int.ConsumerCoordinator] (Thread-833) [Consumer clientId=consumer-Consumer-topic-570afc49_cb10_4765_ab4a_22cac1c1d943-31, groupId=Consumer-topic-570afc49_cb10_4765_ab4a_22cac1c1d943] Finished assignment for group at generation 1: {consumer-Consumer-topic-570afc49_cb10_4765_ab4a_22cac1c1d943-31-69a77ec5-71f5-4bf6-94c5-a1ef88cf5fa2=Assignment(partitions=[topic-570afc49_cb10_4765_ab4a_22cac1c1d943-0])}
2025-08-13 18:19:47,575 INFO  [org.apa.kaf.cli.con.int.ConsumerCoordinator] (Thread-833) [Consumer clientId=consumer-Consumer-topic-570afc49_cb10_4765_ab4a_22cac1c1d943-31, groupId=Consumer-topic-570afc49_cb10_4765_ab4a_22cac1c1d943] Successfully synced group in generation Generation{generationId=1, memberId='consumer-Consumer-topic-570afc49_cb10_4765_ab4a_22cac1c1d943-31-69a77ec5-71f5-4bf6-94c5-a1ef88cf5fa2', protocol='range'}
2025-08-13 18:19:47,575 INFO  [org.apa.kaf.cli.con.int.ConsumerCoordinator] (Thread-833) [Consumer clientId=consumer-Consumer-topic-570afc49_cb10_4765_ab4a_22cac1c1d943-31, groupId=Consumer-topic-570afc49_cb10_4765_ab4a_22cac1c1d943] Notifying assignor about the new Assignment(partitions=[topic-570afc49_cb10_4765_ab4a_22cac1c1d943-0])
2025-08-13 18:19:47,575 INFO  [org.apa.kaf.cli.con.int.ConsumerRebalanceListenerInvoker] (Thread-833) [Consumer clientId=consumer-Consumer-topic-570afc49_cb10_4765_ab4a_22cac1c1d943-31, groupId=Consumer-topic-570afc49_cb10_4765_ab4a_22cac1c1d943] Adding newly assigned partitions: topic-570afc49_cb10_4765_ab4a_22cac1c1d943-0
2025-08-13 18:19:47,576 INFO  [org.apa.kaf.cli.con.int.ConsumerCoordinator] (Thread-833) [Consumer clientId=consumer-Consumer-topic-570afc49_cb10_4765_ab4a_22cac1c1d943-31, groupId=Consumer-topic-570afc49_cb10_4765_ab4a_22cac1c1d943] Found no committed offset for partition topic-570afc49_cb10_4765_ab4a_22cac1c1d943-0
2025-08-13 18:19:47,578 INFO  [org.apa.kaf.cli.con.int.SubscriptionState] (Thread-833) [Consumer clientId=consumer-Consumer-topic-570afc49_cb10_4765_ab4a_22cac1c1d943-31, groupId=Consumer-topic-570afc49_cb10_4765_ab4a_22cac1c1d943] Resetting offset for partition topic-570afc49_cb10_4765_ab4a_22cac1c1d943-0 to position FetchPosition{offset=0, offsetEpoch=Optional.empty, currentLeader=LeaderAndEpoch{leader=Optional[localhost:32769 (id: 0 rack: null)], epoch=0}}.
2025-08-13 18:19:47,648 INFO  [io.api.tes.ser.api.KafkaSerdesTester] (Thread-833) topic-570afc49_cb10_4765_ab4a_22cac1c1d943 0 0 header {
  time {
  }
}
d1: 1.755109184441E12
s1: "a"
i1: 123
bi1: 1
point {
  longitude: 22.0
  latitude: 22.0
  altitude: 1.0
}

2025-08-13 18:19:47,648 INFO  [io.api.tes.ser.api.KafkaSerdesTester] (Thread-833) topic-570afc49_cb10_4765_ab4a_22cac1c1d943 0 1 header {
  time {
  }
}
d1: 1.755109184515E12
s1: "a"
i1: 123
bi1: 1
point {
  longitude: 22.0
  latitude: 22.0
  altitude: 1.0
}

2025-08-13 18:19:47,648 INFO  [io.api.tes.ser.api.KafkaSerdesTester] (Thread-833) topic-570afc49_cb10_4765_ab4a_22cac1c1d943 0 2 header {
  time {
  }
}
d1: 1.755109184518E12
s1: "a"
i1: 123
bi1: 1
point {
  longitude: 22.0
  latitude: 22.0
  altitude: 1.0
}

2025-08-13 18:19:47,649 INFO  [io.api.tes.ser.api.KafkaSerdesTester] (Thread-833) topic-570afc49_cb10_4765_ab4a_22cac1c1d943 0 3 header {
  time {
  }
}
d1: 1.75510918452E12
s1: "a"
i1: 123
bi1: 1
point {
  longitude: 22.0
  latitude: 22.0
  altitude: 1.0
}

2025-08-13 18:19:47,649 INFO  [io.api.tes.ser.api.KafkaSerdesTester] (Thread-833) topic-570afc49_cb10_4765_ab4a_22cac1c1d943 0 4 header {
  time {
  }
}
d1: 1.755109184524E12
s1: "a"
i1: 123
bi1: 1
point {
  longitude: 22.0
  latitude: 22.0
  altitude: 1.0
}

2025-08-13 18:19:47,649 INFO  [io.api.tes.ser.api.KafkaSerdesTester] (Thread-833) topic-570afc49_cb10_4765_ab4a_22cac1c1d943 0 5 header {
  time {
  }
}
d1: 1.755109184526E12
s1: "a"
i1: 123
bi1: 1
point {
  longitude: 22.0
  latitude: 22.0
  altitude: 1.0
}

2025-08-13 18:19:47,649 INFO  [io.api.tes.ser.api.KafkaSerdesTester] (Thread-833) topic-570afc49_cb10_4765_ab4a_22cac1c1d943 0 6 header {
  time {
  }
}
d1: 1.755109184528E12
s1: "a"
i1: 123
bi1: 1
point {
  longitude: 22.0
  latitude: 22.0
  altitude: 1.0
}

2025-08-13 18:19:47,649 INFO  [io.api.tes.ser.api.KafkaSerdesTester] (Thread-833) topic-570afc49_cb10_4765_ab4a_22cac1c1d943 0 7 header {
  time {
  }
}
d1: 1.75510918453E12
s1: "a"
i1: 123
bi1: 1
point {
  longitude: 22.0
  latitude: 22.0
  altitude: 1.0
}

2025-08-13 18:19:47,649 INFO  [io.api.tes.ser.api.KafkaSerdesTester] (Thread-833) topic-570afc49_cb10_4765_ab4a_22cac1c1d943 0 8 header {
  time {
  }
}
d1: 1.755109184532E12
s1: "a"
i1: 123
bi1: 1
point {
  longitude: 22.0
  latitude: 22.0
  altitude: 1.0
}

2025-08-13 18:19:47,649 INFO  [io.api.tes.ser.api.KafkaSerdesTester] (Thread-833) topic-570afc49_cb10_4765_ab4a_22cac1c1d943 0 9 header {
  time {
  }
}
d1: 1.755109184536E12
s1: "a"
i1: 123
bi1: 1
point {
  longitude: 22.0
  latitude: 22.0
  altitude: 1.0
}

2025-08-13 18:19:47,649 INFO  [io.api.tes.ser.api.KafkaSerdesTester] (Thread-833) Consumed 10 messages
2025-08-13 18:19:47,656 INFO  [org.apa.kaf.cli.con.int.ConsumerRebalanceListenerInvoker] (Thread-833) [Consumer clientId=consumer-Consumer-topic-570afc49_cb10_4765_ab4a_22cac1c1d943-31, groupId=Consumer-topic-570afc49_cb10_4765_ab4a_22cac1c1d943] Revoke previously assigned partitions topic-570afc49_cb10_4765_ab4a_22cac1c1d943-0
2025-08-13 18:19:47,656 INFO  [org.apa.kaf.cli.con.int.ConsumerCoordinator] (Thread-833) [Consumer clientId=consumer-Consumer-topic-570afc49_cb10_4765_ab4a_22cac1c1d943-31, groupId=Consumer-topic-570afc49_cb10_4765_ab4a_22cac1c1d943] Member consumer-Consumer-topic-570afc49_cb10_4765_ab4a_22cac1c1d943-31-69a77ec5-71f5-4bf6-94c5-a1ef88cf5fa2 sending LeaveGroup request to coordinator localhost:32769 (id: 2147483647 rack: null) due to the consumer is being closed
2025-08-13 18:19:47,656 INFO  [org.apa.kaf.cli.con.int.ConsumerCoordinator] (Thread-833) [Consumer clientId=consumer-Consumer-topic-570afc49_cb10_4765_ab4a_22cac1c1d943-31, groupId=Consumer-topic-570afc49_cb10_4765_ab4a_22cac1c1d943] Resetting generation and member id due to: consumer pro-actively leaving the group
2025-08-13 18:19:47,656 INFO  [org.apa.kaf.cli.con.int.ConsumerCoordinator] (Thread-833) [Consumer clientId=consumer-Consumer-topic-570afc49_cb10_4765_ab4a_22cac1c1d943-31, groupId=Consumer-topic-570afc49_cb10_4765_ab4a_22cac1c1d943] Request joining group due to: consumer pro-actively leaving the group
2025-08-13 18:19:48,150 INFO  [org.apa.kaf.com.met.Metrics] (Thread-833) Metrics scheduler closed
2025-08-13 18:19:48,150 INFO  [org.apa.kaf.com.met.Metrics] (Thread-833) Closing reporter org.apache.kafka.common.metrics.JmxReporter
2025-08-13 18:19:48,150 INFO  [org.apa.kaf.com.met.Metrics] (Thread-833) Closing reporter org.apache.kafka.common.telemetry.internals.ClientTelemetryReporter
2025-08-13 18:19:48,151 INFO  [org.apa.kaf.com.met.Metrics] (Thread-833) Metrics reporters closed
2025-08-13 18:19:48,152 INFO  [org.apa.kaf.com.uti.AppInfoParser] (Thread-833) App info kafka.consumer for consumer-Consumer-topic-570afc49_cb10_4765_ab4a_22cac1c1d943-31 unregistered
2025-08-13 18:19:48,153 INFO  [io.api.tes.uti.TestSeparator] (main) io.apicurio.tests.serdes.apicurio.ProtobufSerdeIT.testFindLatestDynamicMessageProtobufType-FINISHED
2025-08-13 18:19:48,153 INFO  [io.api.tes.uti.TestSeparator] (main) ############################################################################
Test passed: testFindLatestDynamicMessageProtobufType
]]></system-out>
  </testcase>
  <testcase name="testFindLatestDeriveClassProtobufTypeSimpleTopicIdStrategy" classname="io.apicurio.tests.serdes.apicurio.ProtobufSerdeIT" time="1.027">
    <system-out><![CDATA[2025-08-13 18:19:48,155 INFO  [io.api.tes.uti.TestSeparator] (main) ############################################################################
2025-08-13 18:19:48,155 INFO  [io.api.tes.uti.TestSeparator] (main) io.apicurio.tests.serdes.apicurio.ProtobufSerdeIT.testFindLatestDeriveClassProtobufTypeSimpleTopicIdStrategy-STARTED
2025-08-13 18:19:49,181 INFO  [io.api.tes.uti.TestSeparator] (main) io.apicurio.tests.serdes.apicurio.ProtobufSerdeIT.testFindLatestDeriveClassProtobufTypeSimpleTopicIdStrategy-FINISHED
2025-08-13 18:19:49,181 INFO  [io.api.tes.uti.TestSeparator] (main) ############################################################################
Test passed: testFindLatestDeriveClassProtobufTypeSimpleTopicIdStrategy
]]></system-out>
  </testcase>
  <testcase name="testFindLatestAndUseBody" classname="io.apicurio.tests.serdes.apicurio.ProtobufSerdeIT" time="4.759">
    <system-out><![CDATA[2025-08-13 18:19:49,183 INFO  [io.api.tes.uti.TestSeparator] (main) ############################################################################
2025-08-13 18:19:49,183 INFO  [io.api.tes.uti.TestSeparator] (main) io.apicurio.tests.serdes.apicurio.ProtobufSerdeIT.testFindLatestAndUseBody-STARTED
**** Registry Base URL: http://registry-app-inmemory.apps.ci419.apicurio-testing.org:80
2025-08-13 18:19:50,219 INFO  [org.apa.kaf.cli.pro.ProducerConfig] (main) ProducerConfig values: 
	acks = -1
	auto.include.jmx.reporter = true
	batch.size = 16384
	bootstrap.servers = [PLAINTEXT://localhost:32769]
	buffer.memory = 33554432
	client.dns.lookup = use_all_dns_ips
	client.id = Producer-topic-71052576_5c58_40c6_bad3_a68b2cacd97f
	compression.gzip.level = -1
	compression.lz4.level = 9
	compression.type = none
	compression.zstd.level = 3
	connections.max.idle.ms = 10000
	delivery.timeout.ms = 120000
	enable.idempotence = true
	enable.metrics.push = true
	interceptor.classes = []
	key.serializer = class org.apache.kafka.common.serialization.StringSerializer
	linger.ms = 0
	max.block.ms = 60000
	max.in.flight.requests.per.connection = 5
	max.request.size = 1048576
	metadata.max.age.ms = 300000
	metadata.max.idle.ms = 300000
	metadata.recovery.strategy = none
	metric.reporters = []
	metrics.num.samples = 2
	metrics.recording.level = INFO
	metrics.sample.window.ms = 30000
	partitioner.adaptive.partitioning.enable = true
	partitioner.availability.timeout.ms = 0
	partitioner.class = null
	partitioner.ignore.keys = false
	receive.buffer.bytes = 32768
	reconnect.backoff.max.ms = 1000
	reconnect.backoff.ms = 50
	request.timeout.ms = 5000
	retries = 2147483647
	retry.backoff.max.ms = 1000
	retry.backoff.ms = 100
	sasl.client.callback.handler.class = null
	sasl.jaas.config = null
	sasl.kerberos.kinit.cmd = /usr/bin/kinit
	sasl.kerberos.min.time.before.relogin = 60000
	sasl.kerberos.service.name = null
	sasl.kerberos.ticket.renew.jitter = 0.05
	sasl.kerberos.ticket.renew.window.factor = 0.8
	sasl.login.callback.handler.class = null
	sasl.login.class = null
	sasl.login.connect.timeout.ms = null
	sasl.login.read.timeout.ms = null
	sasl.login.refresh.buffer.seconds = 300
	sasl.login.refresh.min.period.seconds = 60
	sasl.login.refresh.window.factor = 0.8
	sasl.login.refresh.window.jitter = 0.05
	sasl.login.retry.backoff.max.ms = 10000
	sasl.login.retry.backoff.ms = 100
	sasl.mechanism = GSSAPI
	sasl.oauthbearer.clock.skew.seconds = 30
	sasl.oauthbearer.expected.audience = null
	sasl.oauthbearer.expected.issuer = null
	sasl.oauthbearer.header.urlencode = false
	sasl.oauthbearer.jwks.endpoint.refresh.ms = 3600000
	sasl.oauthbearer.jwks.endpoint.retry.backoff.max.ms = 10000
	sasl.oauthbearer.jwks.endpoint.retry.backoff.ms = 100
	sasl.oauthbearer.jwks.endpoint.url = null
	sasl.oauthbearer.scope.claim.name = scope
	sasl.oauthbearer.sub.claim.name = sub
	sasl.oauthbearer.token.endpoint.url = null
	security.protocol = PLAINTEXT
	security.providers = null
	send.buffer.bytes = 131072
	socket.connection.setup.timeout.max.ms = 30000
	socket.connection.setup.timeout.ms = 10000
	ssl.cipher.suites = null
	ssl.enabled.protocols = [TLSv1.2, TLSv1.3]
	ssl.endpoint.identification.algorithm = https
	ssl.engine.factory.class = null
	ssl.key.password = null
	ssl.keymanager.algorithm = SunX509
	ssl.keystore.certificate.chain = null
	ssl.keystore.key = null
	ssl.keystore.location = null
	ssl.keystore.password = null
	ssl.keystore.type = JKS
	ssl.protocol = TLSv1.3
	ssl.provider = null
	ssl.secure.random.implementation = null
	ssl.trustmanager.algorithm = PKIX
	ssl.truststore.certificates = null
	ssl.truststore.location = null
	ssl.truststore.password = null
	ssl.truststore.type = JKS
	transaction.timeout.ms = 60000
	transactional.id = null
	value.serializer = class io.apicurio.registry.serde.protobuf.ProtobufKafkaSerializer

2025-08-13 18:19:50,219 INFO  [org.apa.kaf.com.tel.int.KafkaMetricsCollector] (main) initializing Kafka metrics collector
2025-08-13 18:19:50,222 INFO  [org.apa.kaf.cli.pro.KafkaProducer] (main) [Producer clientId=Producer-topic-71052576_5c58_40c6_bad3_a68b2cacd97f] Instantiated an idempotent producer.
2025-08-13 18:19:50,224 INFO  [org.apa.kaf.cli.pro.ProducerConfig] (main) These configurations '[apicurio.registry.find-latest, apicurio.registry.url, apicurio.registry.artifact-resolver-strategy]' were supplied but are not used yet.
2025-08-13 18:19:50,224 INFO  [org.apa.kaf.com.uti.AppInfoParser] (main) Kafka version: 3.9.1
2025-08-13 18:19:50,224 INFO  [org.apa.kaf.com.uti.AppInfoParser] (main) Kafka commitId: f745dfdcee2b9851
2025-08-13 18:19:50,224 INFO  [org.apa.kaf.com.uti.AppInfoParser] (main) Kafka startTimeMs: 1755109190224
2025-08-13 18:19:50,224 INFO  [io.api.tes.ser.api.SimpleSerdesTesterBuilder$SimpleSerdesTester] (main) Using producer configuration: {apicurio.registry.find-latest=true, apicurio.registry.url=http://registry-app-inmemory.apps.ci419.apicurio-testing.org:80/apis/registry/v3, apicurio.registry.artifact-resolver-strategy=io.apicurio.registry.serde.strategy.TopicIdStrategy, value.serializer=io.apicurio.registry.serde.protobuf.ProtobufKafkaSerializer, request.timeout.ms=5000, acks=all, bootstrap.servers=PLAINTEXT://localhost:32769, connections.max.idle.ms=10000, key.serializer=org.apache.kafka.common.serialization.StringSerializer, client.id=Producer-topic-71052576_5c58_40c6_bad3_a68b2cacd97f}
2025-08-13 18:19:50,224 INFO  [io.api.tes.ser.api.SimpleSerdesTesterBuilder$SimpleSerdesTester] (main) Using consumer configuration: {}
2025-08-13 18:19:50,225 INFO  [io.api.tes.ser.api.KafkaSerdesTester] (Thread-836) Sending message header {
  time {
  }
}
d1: 1.755109190225E12
s1: "a"
i1: 123
bi1: 1
point {
  longitude: 22.0
  latitude: 22.0
  altitude: 1.0
}
 to topic topic-71052576_5c58_40c6_bad3_a68b2cacd97f
2025-08-13 18:19:50,230 INFO  [org.apa.kaf.cli.Metadata] (kafka-producer-network-thread | Producer-topic-71052576_5c58_40c6_bad3_a68b2cacd97f) [Producer clientId=Producer-topic-71052576_5c58_40c6_bad3_a68b2cacd97f] Cluster ID: 4IlD_Sy2TMOqYF-Nc3vIHA
2025-08-13 18:19:50,231 INFO  [org.apa.kaf.cli.pro.int.TransactionManager] (kafka-producer-network-thread | Producer-topic-71052576_5c58_40c6_bad3_a68b2cacd97f) [Producer clientId=Producer-topic-71052576_5c58_40c6_bad3_a68b2cacd97f] ProducerId set to 42 with epoch 0
2025-08-13 18:19:50,322 INFO  [io.api.tes.ser.api.KafkaSerdesTester] (Thread-836) Sending message header {
  time {
  }
}
d1: 1.755109190322E12
s1: "a"
i1: 123
bi1: 1
point {
  longitude: 22.0
  latitude: 22.0
  altitude: 1.0
}
 to topic topic-71052576_5c58_40c6_bad3_a68b2cacd97f
2025-08-13 18:19:50,328 INFO  [io.api.tes.ser.api.KafkaSerdesTester] (Thread-836) Sending message header {
  time {
  }
}
d1: 1.755109190328E12
s1: "a"
i1: 123
bi1: 1
point {
  longitude: 22.0
  latitude: 22.0
  altitude: 1.0
}
 to topic topic-71052576_5c58_40c6_bad3_a68b2cacd97f
2025-08-13 18:19:50,330 INFO  [io.api.tes.ser.api.KafkaSerdesTester] (Thread-836) Sending message header {
  time {
  }
}
d1: 1.75510919033E12
s1: "a"
i1: 123
bi1: 1
point {
  longitude: 22.0
  latitude: 22.0
  altitude: 1.0
}
 to topic topic-71052576_5c58_40c6_bad3_a68b2cacd97f
2025-08-13 18:19:50,332 INFO  [io.api.tes.ser.api.KafkaSerdesTester] (Thread-836) Sending message header {
  time {
  }
}
d1: 1.755109190331E12
s1: "a"
i1: 123
bi1: 1
point {
  longitude: 22.0
  latitude: 22.0
  altitude: 1.0
}
 to topic topic-71052576_5c58_40c6_bad3_a68b2cacd97f
2025-08-13 18:19:50,333 INFO  [io.api.tes.ser.api.KafkaSerdesTester] (Thread-836) Sending message header {
  time {
  }
}
d1: 1.755109190333E12
s1: "a"
i1: 123
bi1: 1
point {
  longitude: 22.0
  latitude: 22.0
  altitude: 1.0
}
 to topic topic-71052576_5c58_40c6_bad3_a68b2cacd97f
2025-08-13 18:19:50,339 INFO  [io.api.tes.ser.api.KafkaSerdesTester] (Thread-836) Sending message header {
  time {
  }
}
d1: 1.755109190339E12
s1: "a"
i1: 123
bi1: 1
point {
  longitude: 22.0
  latitude: 22.0
  altitude: 1.0
}
 to topic topic-71052576_5c58_40c6_bad3_a68b2cacd97f
2025-08-13 18:19:50,342 INFO  [io.api.tes.ser.api.KafkaSerdesTester] (Thread-836) Sending message header {
  time {
  }
}
d1: 1.755109190342E12
s1: "a"
i1: 123
bi1: 1
point {
  longitude: 22.0
  latitude: 22.0
  altitude: 1.0
}
 to topic topic-71052576_5c58_40c6_bad3_a68b2cacd97f
2025-08-13 18:19:50,344 INFO  [io.api.tes.ser.api.KafkaSerdesTester] (Thread-836) Sending message header {
  time {
  }
}
d1: 1.755109190343E12
s1: "a"
i1: 123
bi1: 1
point {
  longitude: 22.0
  latitude: 22.0
  altitude: 1.0
}
 to topic topic-71052576_5c58_40c6_bad3_a68b2cacd97f
2025-08-13 18:19:50,347 INFO  [io.api.tes.ser.api.KafkaSerdesTester] (Thread-836) Sending message header {
  time {
  }
}
d1: 1.755109190347E12
s1: "a"
i1: 123
bi1: 1
point {
  longitude: 22.0
  latitude: 22.0
  altitude: 1.0
}
 to topic topic-71052576_5c58_40c6_bad3_a68b2cacd97f
2025-08-13 18:19:50,349 INFO  [io.api.tes.ser.api.KafkaSerdesTester] (Thread-836) Produced 10 messages
2025-08-13 18:19:50,349 INFO  [org.apa.kaf.cli.pro.KafkaProducer] (Thread-836) [Producer clientId=Producer-topic-71052576_5c58_40c6_bad3_a68b2cacd97f] Closing the Kafka producer with timeoutMillis = 9223372036854775807 ms.
2025-08-13 18:19:50,351 INFO  [org.apa.kaf.com.met.Metrics] (Thread-836) Metrics scheduler closed
2025-08-13 18:19:50,351 INFO  [org.apa.kaf.com.met.Metrics] (Thread-836) Closing reporter org.apache.kafka.common.metrics.JmxReporter
2025-08-13 18:19:50,351 INFO  [org.apa.kaf.com.met.Metrics] (Thread-836) Closing reporter org.apache.kafka.common.telemetry.internals.ClientTelemetryReporter
2025-08-13 18:19:50,351 INFO  [org.apa.kaf.com.met.Metrics] (Thread-836) Metrics reporters closed
2025-08-13 18:19:50,351 INFO  [org.apa.kaf.com.uti.AppInfoParser] (Thread-836) App info kafka.producer for Producer-topic-71052576_5c58_40c6_bad3_a68b2cacd97f unregistered
**** Registry Base URL: http://registry-app-inmemory.apps.ci419.apicurio-testing.org:80
2025-08-13 18:19:50,353 INFO  [org.apa.kaf.cli.con.ConsumerConfig] (main) ConsumerConfig values: 
	allow.auto.create.topics = true
	auto.commit.interval.ms = 500
	auto.include.jmx.reporter = true
	auto.offset.reset = earliest
	bootstrap.servers = [PLAINTEXT://localhost:32769]
	check.crcs = true
	client.dns.lookup = use_all_dns_ips
	client.id = consumer-Consumer-topic-71052576_5c58_40c6_bad3_a68b2cacd97f-32
	client.rack = 
	connections.max.idle.ms = 10000
	default.api.timeout.ms = 60000
	enable.auto.commit = true
	enable.metrics.push = true
	exclude.internal.topics = true
	fetch.max.bytes = 52428800
	fetch.max.wait.ms = 500
	fetch.min.bytes = 1
	group.id = Consumer-topic-71052576_5c58_40c6_bad3_a68b2cacd97f
	group.instance.id = null
	group.protocol = classic
	group.remote.assignor = null
	heartbeat.interval.ms = 3000
	interceptor.classes = []
	internal.leave.group.on.close = true
	internal.throw.on.fetch.stable.offset.unsupported = false
	isolation.level = read_uncommitted
	key.deserializer = class org.apache.kafka.common.serialization.StringDeserializer
	max.partition.fetch.bytes = 1048576
	max.poll.interval.ms = 300000
	max.poll.records = 500
	metadata.max.age.ms = 300000
	metadata.recovery.strategy = none
	metric.reporters = []
	metrics.num.samples = 2
	metrics.recording.level = INFO
	metrics.sample.window.ms = 30000
	partition.assignment.strategy = [class org.apache.kafka.clients.consumer.RangeAssignor, class org.apache.kafka.clients.consumer.CooperativeStickyAssignor]
	receive.buffer.bytes = 65536
	reconnect.backoff.max.ms = 1000
	reconnect.backoff.ms = 50
	request.timeout.ms = 5000
	retry.backoff.max.ms = 1000
	retry.backoff.ms = 100
	sasl.client.callback.handler.class = null
	sasl.jaas.config = null
	sasl.kerberos.kinit.cmd = /usr/bin/kinit
	sasl.kerberos.min.time.before.relogin = 60000
	sasl.kerberos.service.name = null
	sasl.kerberos.ticket.renew.jitter = 0.05
	sasl.kerberos.ticket.renew.window.factor = 0.8
	sasl.login.callback.handler.class = null
	sasl.login.class = null
	sasl.login.connect.timeout.ms = null
	sasl.login.read.timeout.ms = null
	sasl.login.refresh.buffer.seconds = 300
	sasl.login.refresh.min.period.seconds = 60
	sasl.login.refresh.window.factor = 0.8
	sasl.login.refresh.window.jitter = 0.05
	sasl.login.retry.backoff.max.ms = 10000
	sasl.login.retry.backoff.ms = 100
	sasl.mechanism = GSSAPI
	sasl.oauthbearer.clock.skew.seconds = 30
	sasl.oauthbearer.expected.audience = null
	sasl.oauthbearer.expected.issuer = null
	sasl.oauthbearer.header.urlencode = false
	sasl.oauthbearer.jwks.endpoint.refresh.ms = 3600000
	sasl.oauthbearer.jwks.endpoint.retry.backoff.max.ms = 10000
	sasl.oauthbearer.jwks.endpoint.retry.backoff.ms = 100
	sasl.oauthbearer.jwks.endpoint.url = null
	sasl.oauthbearer.scope.claim.name = scope
	sasl.oauthbearer.sub.claim.name = sub
	sasl.oauthbearer.token.endpoint.url = null
	security.protocol = PLAINTEXT
	security.providers = null
	send.buffer.bytes = 131072
	session.timeout.ms = 45000
	socket.connection.setup.timeout.max.ms = 30000
	socket.connection.setup.timeout.ms = 10000
	ssl.cipher.suites = null
	ssl.enabled.protocols = [TLSv1.2, TLSv1.3]
	ssl.endpoint.identification.algorithm = https
	ssl.engine.factory.class = null
	ssl.key.password = null
	ssl.keymanager.algorithm = SunX509
	ssl.keystore.certificate.chain = null
	ssl.keystore.key = null
	ssl.keystore.location = null
	ssl.keystore.password = null
	ssl.keystore.type = JKS
	ssl.protocol = TLSv1.3
	ssl.provider = null
	ssl.secure.random.implementation = null
	ssl.trustmanager.algorithm = PKIX
	ssl.truststore.certificates = null
	ssl.truststore.location = null
	ssl.truststore.password = null
	ssl.truststore.type = JKS
	value.deserializer = class io.apicurio.registry.serde.protobuf.ProtobufKafkaDeserializer

2025-08-13 18:19:50,353 INFO  [org.apa.kaf.com.tel.int.KafkaMetricsCollector] (main) initializing Kafka metrics collector
2025-08-13 18:19:50,358 INFO  [org.apa.kaf.cli.con.ConsumerConfig] (main) These configurations '[apicurio.registry.url]' were supplied but are not used yet.
2025-08-13 18:19:50,358 INFO  [org.apa.kaf.com.uti.AppInfoParser] (main) Kafka version: 3.9.1
2025-08-13 18:19:50,358 INFO  [org.apa.kaf.com.uti.AppInfoParser] (main) Kafka commitId: f745dfdcee2b9851
2025-08-13 18:19:50,358 INFO  [org.apa.kaf.com.uti.AppInfoParser] (main) Kafka startTimeMs: 1755109190358
2025-08-13 18:19:50,358 INFO  [org.apa.kaf.cli.con.int.ClassicKafkaConsumer] (Thread-839) [Consumer clientId=consumer-Consumer-topic-71052576_5c58_40c6_bad3_a68b2cacd97f-32, groupId=Consumer-topic-71052576_5c58_40c6_bad3_a68b2cacd97f] Subscribed to topic(s): topic-71052576_5c58_40c6_bad3_a68b2cacd97f
2025-08-13 18:19:50,361 INFO  [org.apa.kaf.cli.Metadata] (Thread-839) [Consumer clientId=consumer-Consumer-topic-71052576_5c58_40c6_bad3_a68b2cacd97f-32, groupId=Consumer-topic-71052576_5c58_40c6_bad3_a68b2cacd97f] Cluster ID: 4IlD_Sy2TMOqYF-Nc3vIHA
2025-08-13 18:19:50,361 INFO  [org.apa.kaf.cli.con.int.ConsumerCoordinator] (Thread-839) [Consumer clientId=consumer-Consumer-topic-71052576_5c58_40c6_bad3_a68b2cacd97f-32, groupId=Consumer-topic-71052576_5c58_40c6_bad3_a68b2cacd97f] Discovered group coordinator localhost:32769 (id: 2147483647 rack: null)
2025-08-13 18:19:50,362 INFO  [org.apa.kaf.cli.con.int.ConsumerCoordinator] (Thread-839) [Consumer clientId=consumer-Consumer-topic-71052576_5c58_40c6_bad3_a68b2cacd97f-32, groupId=Consumer-topic-71052576_5c58_40c6_bad3_a68b2cacd97f] (Re-)joining group
2025-08-13 18:19:50,363 INFO  [org.apa.kaf.cli.con.int.ConsumerCoordinator] (Thread-839) [Consumer clientId=consumer-Consumer-topic-71052576_5c58_40c6_bad3_a68b2cacd97f-32, groupId=Consumer-topic-71052576_5c58_40c6_bad3_a68b2cacd97f] Request joining group due to: need to re-join with the given member-id: consumer-Consumer-topic-71052576_5c58_40c6_bad3_a68b2cacd97f-32-77681d46-e203-4904-af20-3609fcd829ff
2025-08-13 18:19:50,363 INFO  [org.apa.kaf.cli.con.int.ConsumerCoordinator] (Thread-839) [Consumer clientId=consumer-Consumer-topic-71052576_5c58_40c6_bad3_a68b2cacd97f-32, groupId=Consumer-topic-71052576_5c58_40c6_bad3_a68b2cacd97f] (Re-)joining group
2025-08-13 18:19:51,358 INFO  [io.api.tes.ser.api.KafkaSerdesTester] (Thread-839) None found
2025-08-13 18:19:52,358 INFO  [io.api.tes.ser.api.KafkaSerdesTester] (Thread-839) None found
2025-08-13 18:19:53,358 INFO  [io.api.tes.ser.api.KafkaSerdesTester] (Thread-839) None found
2025-08-13 18:19:53,366 INFO  [org.apa.kaf.cli.con.int.ConsumerCoordinator] (Thread-839) [Consumer clientId=consumer-Consumer-topic-71052576_5c58_40c6_bad3_a68b2cacd97f-32, groupId=Consumer-topic-71052576_5c58_40c6_bad3_a68b2cacd97f] Successfully joined group with generation Generation{generationId=1, memberId='consumer-Consumer-topic-71052576_5c58_40c6_bad3_a68b2cacd97f-32-77681d46-e203-4904-af20-3609fcd829ff', protocol='range'}
2025-08-13 18:19:53,366 INFO  [org.apa.kaf.cli.con.int.ConsumerCoordinator] (Thread-839) [Consumer clientId=consumer-Consumer-topic-71052576_5c58_40c6_bad3_a68b2cacd97f-32, groupId=Consumer-topic-71052576_5c58_40c6_bad3_a68b2cacd97f] Finished assignment for group at generation 1: {consumer-Consumer-topic-71052576_5c58_40c6_bad3_a68b2cacd97f-32-77681d46-e203-4904-af20-3609fcd829ff=Assignment(partitions=[topic-71052576_5c58_40c6_bad3_a68b2cacd97f-0])}
2025-08-13 18:19:53,372 INFO  [org.apa.kaf.cli.con.int.ConsumerCoordinator] (Thread-839) [Consumer clientId=consumer-Consumer-topic-71052576_5c58_40c6_bad3_a68b2cacd97f-32, groupId=Consumer-topic-71052576_5c58_40c6_bad3_a68b2cacd97f] Successfully synced group in generation Generation{generationId=1, memberId='consumer-Consumer-topic-71052576_5c58_40c6_bad3_a68b2cacd97f-32-77681d46-e203-4904-af20-3609fcd829ff', protocol='range'}
2025-08-13 18:19:53,373 INFO  [org.apa.kaf.cli.con.int.ConsumerCoordinator] (Thread-839) [Consumer clientId=consumer-Consumer-topic-71052576_5c58_40c6_bad3_a68b2cacd97f-32, groupId=Consumer-topic-71052576_5c58_40c6_bad3_a68b2cacd97f] Notifying assignor about the new Assignment(partitions=[topic-71052576_5c58_40c6_bad3_a68b2cacd97f-0])
2025-08-13 18:19:53,373 INFO  [org.apa.kaf.cli.con.int.ConsumerRebalanceListenerInvoker] (Thread-839) [Consumer clientId=consumer-Consumer-topic-71052576_5c58_40c6_bad3_a68b2cacd97f-32, groupId=Consumer-topic-71052576_5c58_40c6_bad3_a68b2cacd97f] Adding newly assigned partitions: topic-71052576_5c58_40c6_bad3_a68b2cacd97f-0
2025-08-13 18:19:53,373 INFO  [org.apa.kaf.cli.con.int.ConsumerCoordinator] (Thread-839) [Consumer clientId=consumer-Consumer-topic-71052576_5c58_40c6_bad3_a68b2cacd97f-32, groupId=Consumer-topic-71052576_5c58_40c6_bad3_a68b2cacd97f] Found no committed offset for partition topic-71052576_5c58_40c6_bad3_a68b2cacd97f-0
2025-08-13 18:19:53,376 INFO  [org.apa.kaf.cli.con.int.SubscriptionState] (Thread-839) [Consumer clientId=consumer-Consumer-topic-71052576_5c58_40c6_bad3_a68b2cacd97f-32, groupId=Consumer-topic-71052576_5c58_40c6_bad3_a68b2cacd97f] Resetting offset for partition topic-71052576_5c58_40c6_bad3_a68b2cacd97f-0 to position FetchPosition{offset=0, offsetEpoch=Optional.empty, currentLeader=LeaderAndEpoch{leader=Optional[localhost:32769 (id: 0 rack: null)], epoch=0}}.
2025-08-13 18:19:53,439 INFO  [io.api.tes.ser.api.KafkaSerdesTester] (Thread-839) topic-71052576_5c58_40c6_bad3_a68b2cacd97f 0 0 header {
  time {
  }
}
d1: 1.755109190225E12
s1: "a"
i1: 123
bi1: 1
point {
  longitude: 22.0
  latitude: 22.0
  altitude: 1.0
}

2025-08-13 18:19:53,439 INFO  [io.api.tes.ser.api.KafkaSerdesTester] (Thread-839) topic-71052576_5c58_40c6_bad3_a68b2cacd97f 0 1 header {
  time {
  }
}
d1: 1.755109190322E12
s1: "a"
i1: 123
bi1: 1
point {
  longitude: 22.0
  latitude: 22.0
  altitude: 1.0
}

2025-08-13 18:19:53,439 INFO  [io.api.tes.ser.api.KafkaSerdesTester] (Thread-839) topic-71052576_5c58_40c6_bad3_a68b2cacd97f 0 2 header {
  time {
  }
}
d1: 1.755109190328E12
s1: "a"
i1: 123
bi1: 1
point {
  longitude: 22.0
  latitude: 22.0
  altitude: 1.0
}

2025-08-13 18:19:53,439 INFO  [io.api.tes.ser.api.KafkaSerdesTester] (Thread-839) topic-71052576_5c58_40c6_bad3_a68b2cacd97f 0 3 header {
  time {
  }
}
d1: 1.75510919033E12
s1: "a"
i1: 123
bi1: 1
point {
  longitude: 22.0
  latitude: 22.0
  altitude: 1.0
}

2025-08-13 18:19:53,439 INFO  [io.api.tes.ser.api.KafkaSerdesTester] (Thread-839) topic-71052576_5c58_40c6_bad3_a68b2cacd97f 0 4 header {
  time {
  }
}
d1: 1.755109190331E12
s1: "a"
i1: 123
bi1: 1
point {
  longitude: 22.0
  latitude: 22.0
  altitude: 1.0
}

2025-08-13 18:19:53,439 INFO  [io.api.tes.ser.api.KafkaSerdesTester] (Thread-839) topic-71052576_5c58_40c6_bad3_a68b2cacd97f 0 5 header {
  time {
  }
}
d1: 1.755109190333E12
s1: "a"
i1: 123
bi1: 1
point {
  longitude: 22.0
  latitude: 22.0
  altitude: 1.0
}

2025-08-13 18:19:53,439 INFO  [io.api.tes.ser.api.KafkaSerdesTester] (Thread-839) topic-71052576_5c58_40c6_bad3_a68b2cacd97f 0 6 header {
  time {
  }
}
d1: 1.755109190339E12
s1: "a"
i1: 123
bi1: 1
point {
  longitude: 22.0
  latitude: 22.0
  altitude: 1.0
}

2025-08-13 18:19:53,439 INFO  [io.api.tes.ser.api.KafkaSerdesTester] (Thread-839) topic-71052576_5c58_40c6_bad3_a68b2cacd97f 0 7 header {
  time {
  }
}
d1: 1.755109190342E12
s1: "a"
i1: 123
bi1: 1
point {
  longitude: 22.0
  latitude: 22.0
  altitude: 1.0
}

2025-08-13 18:19:53,439 INFO  [io.api.tes.ser.api.KafkaSerdesTester] (Thread-839) topic-71052576_5c58_40c6_bad3_a68b2cacd97f 0 8 header {
  time {
  }
}
d1: 1.755109190343E12
s1: "a"
i1: 123
bi1: 1
point {
  longitude: 22.0
  latitude: 22.0
  altitude: 1.0
}

2025-08-13 18:19:53,440 INFO  [io.api.tes.ser.api.KafkaSerdesTester] (Thread-839) topic-71052576_5c58_40c6_bad3_a68b2cacd97f 0 9 header {
  time {
  }
}
d1: 1.755109190347E12
s1: "a"
i1: 123
bi1: 1
point {
  longitude: 22.0
  latitude: 22.0
  altitude: 1.0
}

2025-08-13 18:19:53,440 INFO  [io.api.tes.ser.api.KafkaSerdesTester] (Thread-839) Consumed 10 messages
2025-08-13 18:19:53,447 INFO  [org.apa.kaf.cli.con.int.ConsumerRebalanceListenerInvoker] (Thread-839) [Consumer clientId=consumer-Consumer-topic-71052576_5c58_40c6_bad3_a68b2cacd97f-32, groupId=Consumer-topic-71052576_5c58_40c6_bad3_a68b2cacd97f] Revoke previously assigned partitions topic-71052576_5c58_40c6_bad3_a68b2cacd97f-0
2025-08-13 18:19:53,447 INFO  [org.apa.kaf.cli.con.int.ConsumerCoordinator] (Thread-839) [Consumer clientId=consumer-Consumer-topic-71052576_5c58_40c6_bad3_a68b2cacd97f-32, groupId=Consumer-topic-71052576_5c58_40c6_bad3_a68b2cacd97f] Member consumer-Consumer-topic-71052576_5c58_40c6_bad3_a68b2cacd97f-32-77681d46-e203-4904-af20-3609fcd829ff sending LeaveGroup request to coordinator localhost:32769 (id: 2147483647 rack: null) due to the consumer is being closed
2025-08-13 18:19:53,447 INFO  [org.apa.kaf.cli.con.int.ConsumerCoordinator] (Thread-839) [Consumer clientId=consumer-Consumer-topic-71052576_5c58_40c6_bad3_a68b2cacd97f-32, groupId=Consumer-topic-71052576_5c58_40c6_bad3_a68b2cacd97f] Resetting generation and member id due to: consumer pro-actively leaving the group
2025-08-13 18:19:53,447 INFO  [org.apa.kaf.cli.con.int.ConsumerCoordinator] (Thread-839) [Consumer clientId=consumer-Consumer-topic-71052576_5c58_40c6_bad3_a68b2cacd97f-32, groupId=Consumer-topic-71052576_5c58_40c6_bad3_a68b2cacd97f] Request joining group due to: consumer pro-actively leaving the group
2025-08-13 18:19:53,938 INFO  [org.apa.kaf.com.met.Metrics] (Thread-839) Metrics scheduler closed
2025-08-13 18:19:53,938 INFO  [org.apa.kaf.com.met.Metrics] (Thread-839) Closing reporter org.apache.kafka.common.metrics.JmxReporter
2025-08-13 18:19:53,938 INFO  [org.apa.kaf.com.met.Metrics] (Thread-839) Closing reporter org.apache.kafka.common.telemetry.internals.ClientTelemetryReporter
2025-08-13 18:19:53,938 INFO  [org.apa.kaf.com.met.Metrics] (Thread-839) Metrics reporters closed
2025-08-13 18:19:53,941 INFO  [org.apa.kaf.com.uti.AppInfoParser] (Thread-839) App info kafka.consumer for consumer-Consumer-topic-71052576_5c58_40c6_bad3_a68b2cacd97f-32 unregistered
2025-08-13 18:19:53,941 INFO  [io.api.tes.uti.TestSeparator] (main) io.apicurio.tests.serdes.apicurio.ProtobufSerdeIT.testFindLatestAndUseBody-FINISHED
2025-08-13 18:19:53,941 INFO  [io.api.tes.uti.TestSeparator] (main) ############################################################################
Test passed: testFindLatestAndUseBody
]]></system-out>
  </testcase>
  <testcase name="testConsumeDynamicMessage" classname="io.apicurio.tests.serdes.apicurio.ProtobufSerdeIT" time="1.029">
    <system-out><![CDATA[2025-08-13 18:19:53,944 INFO  [io.api.tes.uti.TestSeparator] (main) ############################################################################
2025-08-13 18:19:53,944 INFO  [io.api.tes.uti.TestSeparator] (main) io.apicurio.tests.serdes.apicurio.ProtobufSerdeIT.testConsumeDynamicMessage-STARTED
2025-08-13 18:19:54,970 INFO  [io.api.tes.uti.TestSeparator] (main) io.apicurio.tests.serdes.apicurio.ProtobufSerdeIT.testConsumeDynamicMessage-FINISHED
2025-08-13 18:19:54,970 INFO  [io.api.tes.uti.TestSeparator] (main) ############################################################################
Test passed: testConsumeDynamicMessage
]]></system-out>
  </testcase>
  <testcase name="testAutoRegisterDynamicMessageProtobufType" classname="io.apicurio.tests.serdes.apicurio.ProtobufSerdeIT" time="4.119">
    <system-out><![CDATA[2025-08-13 18:19:54,971 INFO  [io.api.tes.uti.TestSeparator] (main) ############################################################################
2025-08-13 18:19:54,972 INFO  [io.api.tes.uti.TestSeparator] (main) io.apicurio.tests.serdes.apicurio.ProtobufSerdeIT.testAutoRegisterDynamicMessageProtobufType-STARTED
**** Registry Base URL: http://registry-app-inmemory.apps.ci419.apicurio-testing.org:80
2025-08-13 18:19:54,973 INFO  [org.apa.kaf.cli.pro.ProducerConfig] (main) ProducerConfig values: 
	acks = -1
	auto.include.jmx.reporter = true
	batch.size = 16384
	bootstrap.servers = [PLAINTEXT://localhost:32769]
	buffer.memory = 33554432
	client.dns.lookup = use_all_dns_ips
	client.id = Producer-topic-29025b1e_8df7_441e_9059_cb999e32fc23
	compression.gzip.level = -1
	compression.lz4.level = 9
	compression.type = none
	compression.zstd.level = 3
	connections.max.idle.ms = 10000
	delivery.timeout.ms = 120000
	enable.idempotence = true
	enable.metrics.push = true
	interceptor.classes = []
	key.serializer = class org.apache.kafka.common.serialization.StringSerializer
	linger.ms = 0
	max.block.ms = 60000
	max.in.flight.requests.per.connection = 5
	max.request.size = 1048576
	metadata.max.age.ms = 300000
	metadata.max.idle.ms = 300000
	metadata.recovery.strategy = none
	metric.reporters = []
	metrics.num.samples = 2
	metrics.recording.level = INFO
	metrics.sample.window.ms = 30000
	partitioner.adaptive.partitioning.enable = true
	partitioner.availability.timeout.ms = 0
	partitioner.class = null
	partitioner.ignore.keys = false
	receive.buffer.bytes = 32768
	reconnect.backoff.max.ms = 1000
	reconnect.backoff.ms = 50
	request.timeout.ms = 5000
	retries = 2147483647
	retry.backoff.max.ms = 1000
	retry.backoff.ms = 100
	sasl.client.callback.handler.class = null
	sasl.jaas.config = null
	sasl.kerberos.kinit.cmd = /usr/bin/kinit
	sasl.kerberos.min.time.before.relogin = 60000
	sasl.kerberos.service.name = null
	sasl.kerberos.ticket.renew.jitter = 0.05
	sasl.kerberos.ticket.renew.window.factor = 0.8
	sasl.login.callback.handler.class = null
	sasl.login.class = null
	sasl.login.connect.timeout.ms = null
	sasl.login.read.timeout.ms = null
	sasl.login.refresh.buffer.seconds = 300
	sasl.login.refresh.min.period.seconds = 60
	sasl.login.refresh.window.factor = 0.8
	sasl.login.refresh.window.jitter = 0.05
	sasl.login.retry.backoff.max.ms = 10000
	sasl.login.retry.backoff.ms = 100
	sasl.mechanism = GSSAPI
	sasl.oauthbearer.clock.skew.seconds = 30
	sasl.oauthbearer.expected.audience = null
	sasl.oauthbearer.expected.issuer = null
	sasl.oauthbearer.header.urlencode = false
	sasl.oauthbearer.jwks.endpoint.refresh.ms = 3600000
	sasl.oauthbearer.jwks.endpoint.retry.backoff.max.ms = 10000
	sasl.oauthbearer.jwks.endpoint.retry.backoff.ms = 100
	sasl.oauthbearer.jwks.endpoint.url = null
	sasl.oauthbearer.scope.claim.name = scope
	sasl.oauthbearer.sub.claim.name = sub
	sasl.oauthbearer.token.endpoint.url = null
	security.protocol = PLAINTEXT
	security.providers = null
	send.buffer.bytes = 131072
	socket.connection.setup.timeout.max.ms = 30000
	socket.connection.setup.timeout.ms = 10000
	ssl.cipher.suites = null
	ssl.enabled.protocols = [TLSv1.2, TLSv1.3]
	ssl.endpoint.identification.algorithm = https
	ssl.engine.factory.class = null
	ssl.key.password = null
	ssl.keymanager.algorithm = SunX509
	ssl.keystore.certificate.chain = null
	ssl.keystore.key = null
	ssl.keystore.location = null
	ssl.keystore.password = null
	ssl.keystore.type = JKS
	ssl.protocol = TLSv1.3
	ssl.provider = null
	ssl.secure.random.implementation = null
	ssl.trustmanager.algorithm = PKIX
	ssl.truststore.certificates = null
	ssl.truststore.location = null
	ssl.truststore.password = null
	ssl.truststore.type = JKS
	transaction.timeout.ms = 60000
	transactional.id = null
	value.serializer = class io.apicurio.registry.serde.protobuf.ProtobufKafkaSerializer

2025-08-13 18:19:54,973 INFO  [org.apa.kaf.com.tel.int.KafkaMetricsCollector] (main) initializing Kafka metrics collector
2025-08-13 18:19:54,976 INFO  [org.apa.kaf.cli.pro.KafkaProducer] (main) [Producer clientId=Producer-topic-29025b1e_8df7_441e_9059_cb999e32fc23] Instantiated an idempotent producer.
2025-08-13 18:19:54,978 INFO  [org.apa.kaf.cli.pro.ProducerConfig] (main) These configurations '[apicurio.registry.url, apicurio.registry.auto-register, apicurio.registry.artifact-resolver-strategy]' were supplied but are not used yet.
2025-08-13 18:19:54,978 INFO  [org.apa.kaf.com.uti.AppInfoParser] (main) Kafka version: 3.9.1
2025-08-13 18:19:54,978 INFO  [org.apa.kaf.com.uti.AppInfoParser] (main) Kafka commitId: f745dfdcee2b9851
2025-08-13 18:19:54,978 INFO  [org.apa.kaf.com.uti.AppInfoParser] (main) Kafka startTimeMs: 1755109194978
2025-08-13 18:19:54,978 INFO  [io.api.tes.ser.api.SimpleSerdesTesterBuilder$SimpleSerdesTester] (main) Using producer configuration: {apicurio.registry.url=http://registry-app-inmemory.apps.ci419.apicurio-testing.org:80/apis/registry/v3, apicurio.registry.auto-register=true, apicurio.registry.artifact-resolver-strategy=io.apicurio.registry.serde.strategy.TopicIdStrategy, value.serializer=io.apicurio.registry.serde.protobuf.ProtobufKafkaSerializer, request.timeout.ms=5000, acks=all, bootstrap.servers=PLAINTEXT://localhost:32769, connections.max.idle.ms=10000, key.serializer=org.apache.kafka.common.serialization.StringSerializer, client.id=Producer-topic-29025b1e_8df7_441e_9059_cb999e32fc23}
2025-08-13 18:19:54,978 INFO  [io.api.tes.ser.api.SimpleSerdesTesterBuilder$SimpleSerdesTester] (main) Using consumer configuration: {apicurio.registry.deserializer.value.return-class=com.google.protobuf.DynamicMessage}
2025-08-13 18:19:54,979 INFO  [io.api.tes.ser.api.KafkaSerdesTester] (Thread-842) Sending message header {
  time {
  }
}
d1: 1.755109194979E12
s1: "a"
i1: 123
bi1: 1
point {
  longitude: 22.0
  latitude: 22.0
  altitude: 1.0
}
 to topic topic-29025b1e_8df7_441e_9059_cb999e32fc23
2025-08-13 18:19:54,982 WARN  [org.apa.kaf.cli.NetworkClient] (kafka-producer-network-thread | Producer-topic-29025b1e_8df7_441e_9059_cb999e32fc23) [Producer clientId=Producer-topic-29025b1e_8df7_441e_9059_cb999e32fc23] The metadata response from the cluster reported a recoverable issue with correlation id 1 : {topic-29025b1e_8df7_441e_9059_cb999e32fc23=UNKNOWN_TOPIC_OR_PARTITION}
2025-08-13 18:19:54,982 INFO  [org.apa.kaf.cli.Metadata] (kafka-producer-network-thread | Producer-topic-29025b1e_8df7_441e_9059_cb999e32fc23) [Producer clientId=Producer-topic-29025b1e_8df7_441e_9059_cb999e32fc23] Cluster ID: 4IlD_Sy2TMOqYF-Nc3vIHA
2025-08-13 18:19:54,982 INFO  [org.apa.kaf.cli.pro.int.TransactionManager] (kafka-producer-network-thread | Producer-topic-29025b1e_8df7_441e_9059_cb999e32fc23) [Producer clientId=Producer-topic-29025b1e_8df7_441e_9059_cb999e32fc23] ProducerId set to 43 with epoch 0
2025-08-13 18:19:55,145 INFO  [io.api.tes.ser.api.KafkaSerdesTester] (Thread-842) Sending message header {
  time {
  }
}
d1: 1.755109195145E12
s1: "a"
i1: 123
bi1: 1
point {
  longitude: 22.0
  latitude: 22.0
  altitude: 1.0
}
 to topic topic-29025b1e_8df7_441e_9059_cb999e32fc23
2025-08-13 18:19:55,163 INFO  [io.api.tes.ser.api.KafkaSerdesTester] (Thread-842) Sending message header {
  time {
  }
}
d1: 1.755109195163E12
s1: "a"
i1: 123
bi1: 1
point {
  longitude: 22.0
  latitude: 22.0
  altitude: 1.0
}
 to topic topic-29025b1e_8df7_441e_9059_cb999e32fc23
2025-08-13 18:19:55,210 INFO  [io.api.tes.ser.api.KafkaSerdesTester] (Thread-842) Sending message header {
  time {
  }
}
d1: 1.755109195209E12
s1: "a"
i1: 123
bi1: 1
point {
  longitude: 22.0
  latitude: 22.0
  altitude: 1.0
}
 to topic topic-29025b1e_8df7_441e_9059_cb999e32fc23
2025-08-13 18:19:55,226 INFO  [io.api.tes.ser.api.KafkaSerdesTester] (Thread-842) Sending message header {
  time {
  }
}
d1: 1.755109195226E12
s1: "a"
i1: 123
bi1: 1
point {
  longitude: 22.0
  latitude: 22.0
  altitude: 1.0
}
 to topic topic-29025b1e_8df7_441e_9059_cb999e32fc23
2025-08-13 18:19:55,243 INFO  [io.api.tes.ser.api.KafkaSerdesTester] (Thread-842) Sending message header {
  time {
  }
}
d1: 1.755109195243E12
s1: "a"
i1: 123
bi1: 1
point {
  longitude: 22.0
  latitude: 22.0
  altitude: 1.0
}
 to topic topic-29025b1e_8df7_441e_9059_cb999e32fc23
2025-08-13 18:19:55,263 INFO  [io.api.tes.ser.api.KafkaSerdesTester] (Thread-842) Sending message header {
  time {
  }
}
d1: 1.755109195262E12
s1: "a"
i1: 123
bi1: 1
point {
  longitude: 22.0
  latitude: 22.0
  altitude: 1.0
}
 to topic topic-29025b1e_8df7_441e_9059_cb999e32fc23
2025-08-13 18:19:55,313 INFO  [io.api.tes.ser.api.KafkaSerdesTester] (Thread-842) Sending message header {
  time {
  }
}
d1: 1.755109195312E12
s1: "a"
i1: 123
bi1: 1
point {
  longitude: 22.0
  latitude: 22.0
  altitude: 1.0
}
 to topic topic-29025b1e_8df7_441e_9059_cb999e32fc23
2025-08-13 18:19:55,328 INFO  [io.api.tes.ser.api.KafkaSerdesTester] (Thread-842) Sending message header {
  time {
  }
}
d1: 1.755109195328E12
s1: "a"
i1: 123
bi1: 1
point {
  longitude: 22.0
  latitude: 22.0
  altitude: 1.0
}
 to topic topic-29025b1e_8df7_441e_9059_cb999e32fc23
2025-08-13 18:19:55,345 INFO  [io.api.tes.ser.api.KafkaSerdesTester] (Thread-842) Sending message header {
  time {
  }
}
d1: 1.755109195345E12
s1: "a"
i1: 123
bi1: 1
point {
  longitude: 22.0
  latitude: 22.0
  altitude: 1.0
}
 to topic topic-29025b1e_8df7_441e_9059_cb999e32fc23
2025-08-13 18:19:55,360 INFO  [io.api.tes.ser.api.KafkaSerdesTester] (Thread-842) Produced 10 messages
2025-08-13 18:19:55,360 INFO  [org.apa.kaf.cli.pro.KafkaProducer] (Thread-842) [Producer clientId=Producer-topic-29025b1e_8df7_441e_9059_cb999e32fc23] Closing the Kafka producer with timeoutMillis = 9223372036854775807 ms.
2025-08-13 18:19:55,363 INFO  [org.apa.kaf.com.met.Metrics] (Thread-842) Metrics scheduler closed
2025-08-13 18:19:55,363 INFO  [org.apa.kaf.com.met.Metrics] (Thread-842) Closing reporter org.apache.kafka.common.metrics.JmxReporter
2025-08-13 18:19:55,363 INFO  [org.apa.kaf.com.met.Metrics] (Thread-842) Closing reporter org.apache.kafka.common.telemetry.internals.ClientTelemetryReporter
2025-08-13 18:19:55,363 INFO  [org.apa.kaf.com.met.Metrics] (Thread-842) Metrics reporters closed
2025-08-13 18:19:55,363 INFO  [org.apa.kaf.com.uti.AppInfoParser] (Thread-842) App info kafka.producer for Producer-topic-29025b1e_8df7_441e_9059_cb999e32fc23 unregistered
**** Registry Base URL: http://registry-app-inmemory.apps.ci419.apicurio-testing.org:80
2025-08-13 18:19:55,419 INFO  [org.apa.kaf.cli.con.ConsumerConfig] (main) ConsumerConfig values: 
	allow.auto.create.topics = true
	auto.commit.interval.ms = 500
	auto.include.jmx.reporter = true
	auto.offset.reset = earliest
	bootstrap.servers = [PLAINTEXT://localhost:32769]
	check.crcs = true
	client.dns.lookup = use_all_dns_ips
	client.id = consumer-Consumer-topic-29025b1e_8df7_441e_9059_cb999e32fc23-33
	client.rack = 
	connections.max.idle.ms = 10000
	default.api.timeout.ms = 60000
	enable.auto.commit = true
	enable.metrics.push = true
	exclude.internal.topics = true
	fetch.max.bytes = 52428800
	fetch.max.wait.ms = 500
	fetch.min.bytes = 1
	group.id = Consumer-topic-29025b1e_8df7_441e_9059_cb999e32fc23
	group.instance.id = null
	group.protocol = classic
	group.remote.assignor = null
	heartbeat.interval.ms = 3000
	interceptor.classes = []
	internal.leave.group.on.close = true
	internal.throw.on.fetch.stable.offset.unsupported = false
	isolation.level = read_uncommitted
	key.deserializer = class org.apache.kafka.common.serialization.StringDeserializer
	max.partition.fetch.bytes = 1048576
	max.poll.interval.ms = 300000
	max.poll.records = 500
	metadata.max.age.ms = 300000
	metadata.recovery.strategy = none
	metric.reporters = []
	metrics.num.samples = 2
	metrics.recording.level = INFO
	metrics.sample.window.ms = 30000
	partition.assignment.strategy = [class org.apache.kafka.clients.consumer.RangeAssignor, class org.apache.kafka.clients.consumer.CooperativeStickyAssignor]
	receive.buffer.bytes = 65536
	reconnect.backoff.max.ms = 1000
	reconnect.backoff.ms = 50
	request.timeout.ms = 5000
	retry.backoff.max.ms = 1000
	retry.backoff.ms = 100
	sasl.client.callback.handler.class = null
	sasl.jaas.config = null
	sasl.kerberos.kinit.cmd = /usr/bin/kinit
	sasl.kerberos.min.time.before.relogin = 60000
	sasl.kerberos.service.name = null
	sasl.kerberos.ticket.renew.jitter = 0.05
	sasl.kerberos.ticket.renew.window.factor = 0.8
	sasl.login.callback.handler.class = null
	sasl.login.class = null
	sasl.login.connect.timeout.ms = null
	sasl.login.read.timeout.ms = null
	sasl.login.refresh.buffer.seconds = 300
	sasl.login.refresh.min.period.seconds = 60
	sasl.login.refresh.window.factor = 0.8
	sasl.login.refresh.window.jitter = 0.05
	sasl.login.retry.backoff.max.ms = 10000
	sasl.login.retry.backoff.ms = 100
	sasl.mechanism = GSSAPI
	sasl.oauthbearer.clock.skew.seconds = 30
	sasl.oauthbearer.expected.audience = null
	sasl.oauthbearer.expected.issuer = null
	sasl.oauthbearer.header.urlencode = false
	sasl.oauthbearer.jwks.endpoint.refresh.ms = 3600000
	sasl.oauthbearer.jwks.endpoint.retry.backoff.max.ms = 10000
	sasl.oauthbearer.jwks.endpoint.retry.backoff.ms = 100
	sasl.oauthbearer.jwks.endpoint.url = null
	sasl.oauthbearer.scope.claim.name = scope
	sasl.oauthbearer.sub.claim.name = sub
	sasl.oauthbearer.token.endpoint.url = null
	security.protocol = PLAINTEXT
	security.providers = null
	send.buffer.bytes = 131072
	session.timeout.ms = 45000
	socket.connection.setup.timeout.max.ms = 30000
	socket.connection.setup.timeout.ms = 10000
	ssl.cipher.suites = null
	ssl.enabled.protocols = [TLSv1.2, TLSv1.3]
	ssl.endpoint.identification.algorithm = https
	ssl.engine.factory.class = null
	ssl.key.password = null
	ssl.keymanager.algorithm = SunX509
	ssl.keystore.certificate.chain = null
	ssl.keystore.key = null
	ssl.keystore.location = null
	ssl.keystore.password = null
	ssl.keystore.type = JKS
	ssl.protocol = TLSv1.3
	ssl.provider = null
	ssl.secure.random.implementation = null
	ssl.trustmanager.algorithm = PKIX
	ssl.truststore.certificates = null
	ssl.truststore.location = null
	ssl.truststore.password = null
	ssl.truststore.type = JKS
	value.deserializer = class io.apicurio.registry.serde.protobuf.ProtobufKafkaDeserializer

2025-08-13 18:19:55,419 INFO  [org.apa.kaf.com.tel.int.KafkaMetricsCollector] (main) initializing Kafka metrics collector
2025-08-13 18:19:55,423 INFO  [org.apa.kaf.cli.con.ConsumerConfig] (main) These configurations '[apicurio.registry.deserializer.value.return-class, apicurio.registry.url]' were supplied but are not used yet.
2025-08-13 18:19:55,423 INFO  [org.apa.kaf.com.uti.AppInfoParser] (main) Kafka version: 3.9.1
2025-08-13 18:19:55,423 INFO  [org.apa.kaf.com.uti.AppInfoParser] (main) Kafka commitId: f745dfdcee2b9851
2025-08-13 18:19:55,423 INFO  [org.apa.kaf.com.uti.AppInfoParser] (main) Kafka startTimeMs: 1755109195423
2025-08-13 18:19:55,423 INFO  [org.apa.kaf.cli.con.int.ClassicKafkaConsumer] (Thread-845) [Consumer clientId=consumer-Consumer-topic-29025b1e_8df7_441e_9059_cb999e32fc23-33, groupId=Consumer-topic-29025b1e_8df7_441e_9059_cb999e32fc23] Subscribed to topic(s): topic-29025b1e_8df7_441e_9059_cb999e32fc23
2025-08-13 18:19:55,426 INFO  [org.apa.kaf.cli.Metadata] (Thread-845) [Consumer clientId=consumer-Consumer-topic-29025b1e_8df7_441e_9059_cb999e32fc23-33, groupId=Consumer-topic-29025b1e_8df7_441e_9059_cb999e32fc23] Cluster ID: 4IlD_Sy2TMOqYF-Nc3vIHA
2025-08-13 18:19:55,426 INFO  [org.apa.kaf.cli.con.int.ConsumerCoordinator] (Thread-845) [Consumer clientId=consumer-Consumer-topic-29025b1e_8df7_441e_9059_cb999e32fc23-33, groupId=Consumer-topic-29025b1e_8df7_441e_9059_cb999e32fc23] Discovered group coordinator localhost:32769 (id: 2147483647 rack: null)
2025-08-13 18:19:55,427 INFO  [org.apa.kaf.cli.con.int.ConsumerCoordinator] (Thread-845) [Consumer clientId=consumer-Consumer-topic-29025b1e_8df7_441e_9059_cb999e32fc23-33, groupId=Consumer-topic-29025b1e_8df7_441e_9059_cb999e32fc23] (Re-)joining group
2025-08-13 18:19:55,428 INFO  [org.apa.kaf.cli.con.int.ConsumerCoordinator] (Thread-845) [Consumer clientId=consumer-Consumer-topic-29025b1e_8df7_441e_9059_cb999e32fc23-33, groupId=Consumer-topic-29025b1e_8df7_441e_9059_cb999e32fc23] Request joining group due to: need to re-join with the given member-id: consumer-Consumer-topic-29025b1e_8df7_441e_9059_cb999e32fc23-33-21384074-ba49-48b9-852f-7849db2d2556
2025-08-13 18:19:55,429 INFO  [org.apa.kaf.cli.con.int.ConsumerCoordinator] (Thread-845) [Consumer clientId=consumer-Consumer-topic-29025b1e_8df7_441e_9059_cb999e32fc23-33, groupId=Consumer-topic-29025b1e_8df7_441e_9059_cb999e32fc23] (Re-)joining group
2025-08-13 18:19:56,423 INFO  [io.api.tes.ser.api.KafkaSerdesTester] (Thread-845) None found
2025-08-13 18:19:57,423 INFO  [io.api.tes.ser.api.KafkaSerdesTester] (Thread-845) None found
2025-08-13 18:19:58,423 INFO  [io.api.tes.ser.api.KafkaSerdesTester] (Thread-845) None found
2025-08-13 18:19:58,430 INFO  [org.apa.kaf.cli.con.int.ConsumerCoordinator] (Thread-845) [Consumer clientId=consumer-Consumer-topic-29025b1e_8df7_441e_9059_cb999e32fc23-33, groupId=Consumer-topic-29025b1e_8df7_441e_9059_cb999e32fc23] Successfully joined group with generation Generation{generationId=1, memberId='consumer-Consumer-topic-29025b1e_8df7_441e_9059_cb999e32fc23-33-21384074-ba49-48b9-852f-7849db2d2556', protocol='range'}
2025-08-13 18:19:58,430 INFO  [org.apa.kaf.cli.con.int.ConsumerCoordinator] (Thread-845) [Consumer clientId=consumer-Consumer-topic-29025b1e_8df7_441e_9059_cb999e32fc23-33, groupId=Consumer-topic-29025b1e_8df7_441e_9059_cb999e32fc23] Finished assignment for group at generation 1: {consumer-Consumer-topic-29025b1e_8df7_441e_9059_cb999e32fc23-33-21384074-ba49-48b9-852f-7849db2d2556=Assignment(partitions=[topic-29025b1e_8df7_441e_9059_cb999e32fc23-0])}
2025-08-13 18:19:58,437 INFO  [org.apa.kaf.cli.con.int.ConsumerCoordinator] (Thread-845) [Consumer clientId=consumer-Consumer-topic-29025b1e_8df7_441e_9059_cb999e32fc23-33, groupId=Consumer-topic-29025b1e_8df7_441e_9059_cb999e32fc23] Successfully synced group in generation Generation{generationId=1, memberId='consumer-Consumer-topic-29025b1e_8df7_441e_9059_cb999e32fc23-33-21384074-ba49-48b9-852f-7849db2d2556', protocol='range'}
2025-08-13 18:19:58,437 INFO  [org.apa.kaf.cli.con.int.ConsumerCoordinator] (Thread-845) [Consumer clientId=consumer-Consumer-topic-29025b1e_8df7_441e_9059_cb999e32fc23-33, groupId=Consumer-topic-29025b1e_8df7_441e_9059_cb999e32fc23] Notifying assignor about the new Assignment(partitions=[topic-29025b1e_8df7_441e_9059_cb999e32fc23-0])
2025-08-13 18:19:58,437 INFO  [org.apa.kaf.cli.con.int.ConsumerRebalanceListenerInvoker] (Thread-845) [Consumer clientId=consumer-Consumer-topic-29025b1e_8df7_441e_9059_cb999e32fc23-33, groupId=Consumer-topic-29025b1e_8df7_441e_9059_cb999e32fc23] Adding newly assigned partitions: topic-29025b1e_8df7_441e_9059_cb999e32fc23-0
2025-08-13 18:19:58,437 INFO  [org.apa.kaf.cli.con.int.ConsumerCoordinator] (Thread-845) [Consumer clientId=consumer-Consumer-topic-29025b1e_8df7_441e_9059_cb999e32fc23-33, groupId=Consumer-topic-29025b1e_8df7_441e_9059_cb999e32fc23] Found no committed offset for partition topic-29025b1e_8df7_441e_9059_cb999e32fc23-0
2025-08-13 18:19:58,440 INFO  [org.apa.kaf.cli.con.int.SubscriptionState] (Thread-845) [Consumer clientId=consumer-Consumer-topic-29025b1e_8df7_441e_9059_cb999e32fc23-33, groupId=Consumer-topic-29025b1e_8df7_441e_9059_cb999e32fc23] Resetting offset for partition topic-29025b1e_8df7_441e_9059_cb999e32fc23-0 to position FetchPosition{offset=0, offsetEpoch=Optional.empty, currentLeader=LeaderAndEpoch{leader=Optional[localhost:32769 (id: 0 rack: null)], epoch=0}}.
2025-08-13 18:19:58,571 INFO  [io.api.tes.ser.api.KafkaSerdesTester] (Thread-845) topic-29025b1e_8df7_441e_9059_cb999e32fc23 0 0 header {
  time {
  }
}
d1: 1.755109194979E12
s1: "a"
i1: 123
bi1: 1
point {
  longitude: 22.0
  latitude: 22.0
  altitude: 1.0
}

2025-08-13 18:19:58,571 INFO  [io.api.tes.ser.api.KafkaSerdesTester] (Thread-845) topic-29025b1e_8df7_441e_9059_cb999e32fc23 0 1 header {
  time {
  }
}
d1: 1.755109195145E12
s1: "a"
i1: 123
bi1: 1
point {
  longitude: 22.0
  latitude: 22.0
  altitude: 1.0
}

2025-08-13 18:19:58,571 INFO  [io.api.tes.ser.api.KafkaSerdesTester] (Thread-845) topic-29025b1e_8df7_441e_9059_cb999e32fc23 0 2 header {
  time {
  }
}
d1: 1.755109195163E12
s1: "a"
i1: 123
bi1: 1
point {
  longitude: 22.0
  latitude: 22.0
  altitude: 1.0
}

2025-08-13 18:19:58,571 INFO  [io.api.tes.ser.api.KafkaSerdesTester] (Thread-845) topic-29025b1e_8df7_441e_9059_cb999e32fc23 0 3 header {
  time {
  }
}
d1: 1.755109195209E12
s1: "a"
i1: 123
bi1: 1
point {
  longitude: 22.0
  latitude: 22.0
  altitude: 1.0
}

2025-08-13 18:19:58,571 INFO  [io.api.tes.ser.api.KafkaSerdesTester] (Thread-845) topic-29025b1e_8df7_441e_9059_cb999e32fc23 0 4 header {
  time {
  }
}
d1: 1.755109195226E12
s1: "a"
i1: 123
bi1: 1
point {
  longitude: 22.0
  latitude: 22.0
  altitude: 1.0
}

2025-08-13 18:19:58,571 INFO  [io.api.tes.ser.api.KafkaSerdesTester] (Thread-845) topic-29025b1e_8df7_441e_9059_cb999e32fc23 0 5 header {
  time {
  }
}
d1: 1.755109195243E12
s1: "a"
i1: 123
bi1: 1
point {
  longitude: 22.0
  latitude: 22.0
  altitude: 1.0
}

2025-08-13 18:19:58,571 INFO  [io.api.tes.ser.api.KafkaSerdesTester] (Thread-845) topic-29025b1e_8df7_441e_9059_cb999e32fc23 0 6 header {
  time {
  }
}
d1: 1.755109195262E12
s1: "a"
i1: 123
bi1: 1
point {
  longitude: 22.0
  latitude: 22.0
  altitude: 1.0
}

2025-08-13 18:19:58,572 INFO  [io.api.tes.ser.api.KafkaSerdesTester] (Thread-845) topic-29025b1e_8df7_441e_9059_cb999e32fc23 0 7 header {
  time {
  }
}
d1: 1.755109195312E12
s1: "a"
i1: 123
bi1: 1
point {
  longitude: 22.0
  latitude: 22.0
  altitude: 1.0
}

2025-08-13 18:19:58,572 INFO  [io.api.tes.ser.api.KafkaSerdesTester] (Thread-845) topic-29025b1e_8df7_441e_9059_cb999e32fc23 0 8 header {
  time {
  }
}
d1: 1.755109195328E12
s1: "a"
i1: 123
bi1: 1
point {
  longitude: 22.0
  latitude: 22.0
  altitude: 1.0
}

2025-08-13 18:19:58,572 INFO  [io.api.tes.ser.api.KafkaSerdesTester] (Thread-845) topic-29025b1e_8df7_441e_9059_cb999e32fc23 0 9 header {
  time {
  }
}
d1: 1.755109195345E12
s1: "a"
i1: 123
bi1: 1
point {
  longitude: 22.0
  latitude: 22.0
  altitude: 1.0
}

2025-08-13 18:19:58,572 INFO  [io.api.tes.ser.api.KafkaSerdesTester] (Thread-845) Consumed 10 messages
2025-08-13 18:19:58,578 INFO  [org.apa.kaf.cli.con.int.ConsumerRebalanceListenerInvoker] (Thread-845) [Consumer clientId=consumer-Consumer-topic-29025b1e_8df7_441e_9059_cb999e32fc23-33, groupId=Consumer-topic-29025b1e_8df7_441e_9059_cb999e32fc23] Revoke previously assigned partitions topic-29025b1e_8df7_441e_9059_cb999e32fc23-0
2025-08-13 18:19:58,578 INFO  [org.apa.kaf.cli.con.int.ConsumerCoordinator] (Thread-845) [Consumer clientId=consumer-Consumer-topic-29025b1e_8df7_441e_9059_cb999e32fc23-33, groupId=Consumer-topic-29025b1e_8df7_441e_9059_cb999e32fc23] Member consumer-Consumer-topic-29025b1e_8df7_441e_9059_cb999e32fc23-33-21384074-ba49-48b9-852f-7849db2d2556 sending LeaveGroup request to coordinator localhost:32769 (id: 2147483647 rack: null) due to the consumer is being closed
2025-08-13 18:19:58,579 INFO  [org.apa.kaf.cli.con.int.ConsumerCoordinator] (Thread-845) [Consumer clientId=consumer-Consumer-topic-29025b1e_8df7_441e_9059_cb999e32fc23-33, groupId=Consumer-topic-29025b1e_8df7_441e_9059_cb999e32fc23] Resetting generation and member id due to: consumer pro-actively leaving the group
2025-08-13 18:19:58,579 INFO  [org.apa.kaf.cli.con.int.ConsumerCoordinator] (Thread-845) [Consumer clientId=consumer-Consumer-topic-29025b1e_8df7_441e_9059_cb999e32fc23-33, groupId=Consumer-topic-29025b1e_8df7_441e_9059_cb999e32fc23] Request joining group due to: consumer pro-actively leaving the group
2025-08-13 18:19:59,071 INFO  [org.apa.kaf.com.met.Metrics] (Thread-845) Metrics scheduler closed
2025-08-13 18:19:59,071 INFO  [org.apa.kaf.com.met.Metrics] (Thread-845) Closing reporter org.apache.kafka.common.metrics.JmxReporter
2025-08-13 18:19:59,071 INFO  [org.apa.kaf.com.met.Metrics] (Thread-845) Closing reporter org.apache.kafka.common.telemetry.internals.ClientTelemetryReporter
2025-08-13 18:19:59,071 INFO  [org.apa.kaf.com.met.Metrics] (Thread-845) Metrics reporters closed
2025-08-13 18:19:59,076 INFO  [org.apa.kaf.com.uti.AppInfoParser] (Thread-845) App info kafka.consumer for consumer-Consumer-topic-29025b1e_8df7_441e_9059_cb999e32fc23-33 unregistered
2025-08-13 18:19:59,090 INFO  [io.api.tes.uti.TestSeparator] (main) io.apicurio.tests.serdes.apicurio.ProtobufSerdeIT.testAutoRegisterDynamicMessageProtobufType-FINISHED
2025-08-13 18:19:59,090 INFO  [io.api.tes.uti.TestSeparator] (main) ############################################################################
Test passed: testAutoRegisterDynamicMessageProtobufType
]]></system-out>
  </testcase>
</testsuite>