<?xml version="1.0" encoding="UTF-8"?>
<testsuite xmlns:xsi="http://www.w3.org/2001/XMLSchema-instance" xsi:noNamespaceSchemaLocation="https://maven.apache.org/surefire/maven-failsafe-plugin/xsd/failsafe-test-report.xsd" version="3.0.2" name="io.apicurio.tests.serdes.confluent.BasicConfluentSerDesIT" time="47.592" tests="8" errors="0" skipped="0" failures="0">
  <properties>
    <property name="java.specification.version" value="17"/>
    <property name="sun.jnu.encoding" value="UTF-8"/>
    <property name="java.class.path" value="/home/runner/work/apicurio-testing/apicurio-testing/clusters/ci419/namespaces/mysql/tests/integration/apicurio-registry/integration-tests/target/test-classes:/home/runner/work/apicurio-testing/apicurio-testing/clusters/ci419/namespaces/mysql/tests/integration/apicurio-registry/integration-tests/target/apicurio-registry-integration-tests-3.0.12-SNAPSHOT.jar:/home/runner/.m2/repository/io/quarkus/quarkus-junit5/3.20.2/quarkus-junit5-3.20.2.jar:/home/runner/.m2/repository/io/quarkus/quarkus-bootstrap-core/3.20.2/quarkus-bootstrap-core-3.20.2.jar:/home/runner/.m2/repository/io/quarkus/quarkus-classloader-commons/3.20.2/quarkus-classloader-commons-3.20.2.jar:/home/runner/.m2/repository/io/quarkus/quarkus-bootstrap-app-model/3.20.2/quarkus-bootstrap-app-model-3.20.2.jar:/home/runner/.m2/repository/io/smallrye/common/smallrye-common-io/2.12.0/smallrye-common-io-2.12.0.jar:/home/runner/.m2/repository/org/eclipse/sisu/org.eclipse.sisu.inject/0.9.0.M3/org.eclipse.sisu.inject-0.9.0.M3.jar:/home/runner/.m2/repository/io/quarkus/quarkus-test-common/3.20.2/quarkus-test-common-3.20.2.jar:/home/runner/.m2/repository/io/quarkus/quarkus-core-deployment/3.20.2/quarkus-core-deployment-3.20.2.jar:/home/runner/.m2/repository/org/aesh/readline/2.6/readline-2.6.jar:/home/runner/.m2/repository/org/fusesource/jansi/jansi/2.4.0/jansi-2.4.0.jar:/home/runner/.m2/repository/org/aesh/aesh/2.8.2/aesh-2.8.2.jar:/home/runner/.m2/repository/io/quarkus/gizmo/gizmo/1.8.0/gizmo-1.8.0.jar:/home/runner/.m2/repository/org/ow2/asm/asm-util/9.7.1/asm-util-9.7.1.jar:/home/runner/.m2/repository/org/ow2/asm/asm-analysis/9.7.1/asm-analysis-9.7.1.jar:/home/runner/.m2/repository/org/ow2/asm/asm-commons/9.7.1/asm-commons-9.7.1.jar:/home/runner/.m2/repository/org/ow2/asm/asm-tree/9.7.1/asm-tree-9.7.1.jar:/home/runner/.m2/repository/io/quarkus/quarkus-hibernate-validator-spi/3.20.2/quarkus-hibernate-validator-spi-3.20.2.jar:/home/runner/.m2/repository/io/quarkus/quarkus-class-change-agent/3.20.2/quarkus-class-change-agent-3.20.2.jar:/home/runner/.m2/repository/io/quarkus/quarkus-devtools-utilities/3.20.2/quarkus-devtools-utilities-3.20.2.jar:/home/runner/.m2/repository/io/quarkus/quarkus-builder/3.20.2/quarkus-builder-3.20.2.jar:/home/runner/.m2/repository/org/graalvm/sdk/nativeimage/23.1.2/nativeimage-23.1.2.jar:/home/runner/.m2/repository/org/graalvm/sdk/word/23.1.2/word-23.1.2.jar:/home/runner/.m2/repository/io/quarkus/quarkus-bootstrap-maven-resolver/3.20.2/quarkus-bootstrap-maven-resolver-3.20.2.jar:/home/runner/.m2/repository/io/smallrye/beanbag/smallrye-beanbag-maven/1.5.2/smallrye-beanbag-maven-1.5.2.jar:/home/runner/.m2/repository/io/smallrye/beanbag/smallrye-beanbag-sisu/1.5.2/smallrye-beanbag-sisu-1.5.2.jar:/home/runner/.m2/repository/io/smallrye/beanbag/smallrye-beanbag/1.5.2/smallrye-beanbag-1.5.2.jar:/home/runner/.m2/repository/javax/inject/javax.inject/1/javax.inject-1.jar:/home/runner/.m2/repository/org/apache/maven/maven-artifact/3.9.9/maven-artifact-3.9.9.jar:/home/runner/.m2/repository/org/apache/maven/maven-builder-support/3.9.9/maven-builder-support-3.9.9.jar:/home/runner/.m2/repository/org/apache/maven/maven-model/3.9.9/maven-model-3.9.9.jar:/home/runner/.m2/repository/org/apache/maven/maven-model-builder/3.9.9/maven-model-builder-3.9.9.jar:/home/runner/.m2/repository/org/apache/maven/maven-repository-metadata/3.9.9/maven-repository-metadata-3.9.9.jar:/home/runner/.m2/repository/org/apache/maven/maven-settings/3.9.9/maven-settings-3.9.9.jar:/home/runner/.m2/repository/org/apache/maven/resolver/maven-resolver-api/1.9.22/maven-resolver-api-1.9.22.jar:/home/runner/.m2/repository/org/apache/maven/resolver/maven-resolver-impl/1.9.22/maven-resolver-impl-1.9.22.jar:/home/runner/.m2/repository/org/apache/maven/resolver/maven-resolver-named-locks/1.9.22/maven-resolver-named-locks-1.9.22.jar:/home/runner/.m2/repository/org/apache/maven/resolver/maven-resolver-spi/1.9.22/maven-resolver-spi-1.9.22.jar:/home/runner/.m2/repository/org/apache/maven/resolver/maven-resolver-util/1.9.22/maven-resolver-util-1.9.22.jar:/home/runner/.m2/repository/org/apache/maven/resolver/maven-resolver-transport-http/1.9.20/maven-resolver-transport-http-1.9.20.jar:/home/runner/.m2/repository/org/apache/maven/wagon/wagon-provider-api/3.5.3/wagon-provider-api-3.5.3.jar:/home/runner/.m2/repository/org/apache/maven/wagon/wagon-http-shared/3.5.3/wagon-http-shared-3.5.3.jar:/home/runner/.m2/repository/org/codehaus/plexus/plexus-interpolation/1.26/plexus-interpolation-1.26.jar:/home/runner/.m2/repository/org/codehaus/plexus/plexus-utils/3.5.1/plexus-utils-3.5.1.jar:/home/runner/.m2/repository/org/codehaus/plexus/plexus-xml/4.0.1/plexus-xml-4.0.1.jar:/home/runner/.m2/repository/org/apache/maven/maven-xml-impl/4.0.0-alpha-5/maven-xml-impl-4.0.0-alpha-5.jar:/home/runner/.m2/repository/org/apache/maven/maven-api-xml/4.0.0-alpha-5/maven-api-xml-4.0.0-alpha-5.jar:/home/runner/.m2/repository/org/apache/maven/maven-api-meta/4.0.0-alpha-5/maven-api-meta-4.0.0-alpha-5.jar:/home/runner/.m2/repository/org/codehaus/plexus/plexus-cipher/2.0/plexus-cipher-2.0.jar:/home/runner/.m2/repository/org/codehaus/plexus/plexus-sec-dispatcher/2.0/plexus-sec-dispatcher-2.0.jar:/home/runner/.m2/repository/org/apache/maven/maven-embedder/3.9.9/maven-embedder-3.9.9.jar:/home/runner/.m2/repository/org/apache/maven/maven-core/3.9.9/maven-core-3.9.9.jar:/home/runner/.m2/repository/org/codehaus/plexus/plexus-component-annotations/2.1.0/plexus-component-annotations-2.1.0.jar:/home/runner/.m2/repository/org/apache/maven/maven-plugin-api/3.9.9/maven-plugin-api-3.9.9.jar:/home/runner/.m2/repository/org/apache/maven/shared/maven-shared-utils/3.4.2/maven-shared-utils-3.4.2.jar:/home/runner/.m2/repository/com/google/inject/guice/5.1.0/guice-5.1.0.jar:/home/runner/.m2/repository/aopalliance/aopalliance/1.0/aopalliance-1.0.jar:/home/runner/.m2/repository/org/codehaus/plexus/plexus-classworlds/2.6.0/plexus-classworlds-2.6.0.jar:/home/runner/.m2/repository/commons-cli/commons-cli/1.8.0/commons-cli-1.8.0.jar:/home/runner/.m2/repository/org/eclipse/sisu/org.eclipse.sisu.plexus/0.9.0.M3/org.eclipse.sisu.plexus-0.9.0.M3.jar:/home/runner/.m2/repository/org/apache/maven/maven-settings-builder/3.9.9/maven-settings-builder-3.9.9.jar:/home/runner/.m2/repository/org/apache/maven/maven-resolver-provider/3.9.9/maven-resolver-provider-3.9.9.jar:/home/runner/.m2/repository/org/apache/maven/resolver/maven-resolver-connector-basic/1.9.22/maven-resolver-connector-basic-1.9.22.jar:/home/runner/.m2/repository/org/apache/maven/resolver/maven-resolver-transport-wagon/1.9.22/maven-resolver-transport-wagon-1.9.22.jar:/home/runner/.m2/repository/org/apache/maven/wagon/wagon-http/3.5.3/wagon-http-3.5.3.jar:/home/runner/.m2/repository/org/apache/maven/wagon/wagon-file/3.5.3/wagon-file-3.5.3.jar:/home/runner/.m2/repository/io/quarkus/quarkus-bootstrap-gradle-resolver/3.20.2/quarkus-bootstrap-gradle-resolver-3.20.2.jar:/home/runner/.m2/repository/io/smallrye/jandex/3.3.0/jandex-3.3.0.jar:/home/runner/.m2/repository/org/jboss/logging/commons-logging-jboss-logging/1.0.0.Final/commons-logging-jboss-logging-1.0.0.Final.jar:/home/runner/.m2/repository/io/quarkus/quarkus-junit5-config/3.20.2/quarkus-junit5-config-3.20.2.jar:/home/runner/.m2/repository/org/junit/jupiter/junit-jupiter-api/5.12.1/junit-jupiter-api-5.12.1.jar:/home/runner/.m2/repository/io/smallrye/config/smallrye-config/3.11.4/smallrye-config-3.11.4.jar:/home/runner/.m2/repository/io/smallrye/config/smallrye-config-core/3.11.4/smallrye-config-core-3.11.4.jar:/home/runner/.m2/repository/io/smallrye/common/smallrye-common-classloader/2.12.0/smallrye-common-classloader-2.12.0.jar:/home/runner/.m2/repository/io/smallrye/config/smallrye-config-common/3.11.4/smallrye-config-common-3.11.4.jar:/home/runner/.m2/repository/org/junit/jupiter/junit-jupiter/5.12.1/junit-jupiter-5.12.1.jar:/home/runner/.m2/repository/org/junit/jupiter/junit-jupiter-params/5.12.1/junit-jupiter-params-5.12.1.jar:/home/runner/.m2/repository/org/junit/jupiter/junit-jupiter-engine/5.12.1/junit-jupiter-engine-5.12.1.jar:/home/runner/.m2/repository/io/quarkus/quarkus-core/3.20.2/quarkus-core-3.20.2.jar:/home/runner/.m2/repository/jakarta/enterprise/jakarta.enterprise.cdi-api/4.1.0/jakarta.enterprise.cdi-api-4.1.0.jar:/home/runner/.m2/repository/jakarta/enterprise/jakarta.enterprise.lang-model/4.1.0/jakarta.enterprise.lang-model-4.1.0.jar:/home/runner/.m2/repository/jakarta/el/jakarta.el-api/5.0.1/jakarta.el-api-5.0.1.jar:/home/runner/.m2/repository/jakarta/interceptor/jakarta.interceptor-api/2.2.0/jakarta.interceptor-api-2.2.0.jar:/home/runner/.m2/repository/jakarta/inject/jakarta.inject-api/2.0.1/jakarta.inject-api-2.0.1.jar:/home/runner/.m2/repository/io/smallrye/common/smallrye-common-os/2.12.0/smallrye-common-os-2.12.0.jar:/home/runner/.m2/repository/io/quarkus/quarkus-ide-launcher/3.20.2/quarkus-ide-launcher-3.20.2.jar:/home/runner/.m2/repository/io/quarkus/quarkus-development-mode-spi/3.20.2/quarkus-development-mode-spi-3.20.2.jar:/home/runner/.m2/repository/org/jboss/logging/jboss-logging/3.6.1.Final/jboss-logging-3.6.1.Final.jar:/home/runner/.m2/repository/org/jboss/logmanager/jboss-logmanager/3.1.2.Final/jboss-logmanager-3.1.2.Final.jar:/home/runner/.m2/repository/io/smallrye/common/smallrye-common-constraint/2.12.0/smallrye-common-constraint-2.12.0.jar:/home/runner/.m2/repository/io/smallrye/common/smallrye-common-cpu/2.12.0/smallrye-common-cpu-2.12.0.jar:/home/runner/.m2/repository/io/smallrye/common/smallrye-common-expression/2.12.0/smallrye-common-expression-2.12.0.jar:/home/runner/.m2/repository/io/smallrye/common/smallrye-common-net/2.12.0/smallrye-common-net-2.12.0.jar:/home/runner/.m2/repository/io/smallrye/common/smallrye-common-ref/2.12.0/smallrye-common-ref-2.12.0.jar:/home/runner/.m2/repository/jakarta/json/jakarta.json-api/2.1.3/jakarta.json-api-2.1.3.jar:/home/runner/.m2/repository/org/eclipse/parsson/parsson/1.1.7/parsson-1.1.7.jar:/home/runner/.m2/repository/org/jboss/logging/jboss-logging-annotations/3.0.4.Final/jboss-logging-annotations-3.0.4.Final.jar:/home/runner/.m2/repository/org/jboss/threads/jboss-threads/3.8.0.Final/jboss-threads-3.8.0.Final.jar:/home/runner/.m2/repository/io/smallrye/common/smallrye-common-annotation/2.12.0/smallrye-common-annotation-2.12.0.jar:/home/runner/.m2/repository/io/smallrye/common/smallrye-common-function/2.12.0/smallrye-common-function-2.12.0.jar:/home/runner/.m2/repository/org/jboss/slf4j/slf4j-jboss-logmanager/2.0.0.Final/slf4j-jboss-logmanager-2.0.0.Final.jar:/home/runner/.m2/repository/org/wildfly/common/wildfly-common/2.0.1/wildfly-common-2.0.1.jar:/home/runner/.m2/repository/io/quarkus/quarkus-bootstrap-runner/3.20.2/quarkus-bootstrap-runner-3.20.2.jar:/home/runner/.m2/repository/io/github/crac/org-crac/0.1.3/org-crac-0.1.3.jar:/home/runner/.m2/repository/io/quarkus/quarkus-fs-util/0.0.10/quarkus-fs-util-0.0.10.jar:/home/runner/.m2/repository/org/jboss/marshalling/jboss-marshalling/2.2.2.Final/jboss-marshalling-2.2.2.Final.jar:/home/runner/.m2/repository/io/fabric8/kubernetes-client/7.1.0/kubernetes-client-7.1.0.jar:/home/runner/.m2/repository/io/fabric8/kubernetes-client-api/7.1.0/kubernetes-client-api-7.1.0.jar:/home/runner/.m2/repository/io/fabric8/kubernetes-model-core/7.1.0/kubernetes-model-core-7.1.0.jar:/home/runner/.m2/repository/io/fabric8/kubernetes-model-common/7.1.0/kubernetes-model-common-7.1.0.jar:/home/runner/.m2/repository/javax/annotation/javax.annotation-api/1.3.2/javax.annotation-api-1.3.2.jar:/home/runner/.m2/repository/io/fabric8/kubernetes-model-gatewayapi/7.1.0/kubernetes-model-gatewayapi-7.1.0.jar:/home/runner/.m2/repository/io/fabric8/kubernetes-model-resource/7.1.0/kubernetes-model-resource-7.1.0.jar:/home/runner/.m2/repository/io/fabric8/kubernetes-model-rbac/7.1.0/kubernetes-model-rbac-7.1.0.jar:/home/runner/.m2/repository/io/fabric8/kubernetes-model-admissionregistration/7.1.0/kubernetes-model-admissionregistration-7.1.0.jar:/home/runner/.m2/repository/io/fabric8/kubernetes-model-apps/7.1.0/kubernetes-model-apps-7.1.0.jar:/home/runner/.m2/repository/io/fabric8/kubernetes-model-autoscaling/7.1.0/kubernetes-model-autoscaling-7.1.0.jar:/home/runner/.m2/repository/io/fabric8/kubernetes-model-apiextensions/7.1.0/kubernetes-model-apiextensions-7.1.0.jar:/home/runner/.m2/repository/io/fabric8/kubernetes-model-batch/7.1.0/kubernetes-model-batch-7.1.0.jar:/home/runner/.m2/repository/io/fabric8/kubernetes-model-certificates/7.1.0/kubernetes-model-certificates-7.1.0.jar:/home/runner/.m2/repository/io/fabric8/kubernetes-model-coordination/7.1.0/kubernetes-model-coordination-7.1.0.jar:/home/runner/.m2/repository/io/fabric8/kubernetes-model-discovery/7.1.0/kubernetes-model-discovery-7.1.0.jar:/home/runner/.m2/repository/io/fabric8/kubernetes-model-events/7.1.0/kubernetes-model-events-7.1.0.jar:/home/runner/.m2/repository/io/fabric8/kubernetes-model-extensions/7.1.0/kubernetes-model-extensions-7.1.0.jar:/home/runner/.m2/repository/io/fabric8/kubernetes-model-flowcontrol/7.1.0/kubernetes-model-flowcontrol-7.1.0.jar:/home/runner/.m2/repository/io/fabric8/kubernetes-model-networking/7.1.0/kubernetes-model-networking-7.1.0.jar:/home/runner/.m2/repository/io/fabric8/kubernetes-model-metrics/7.1.0/kubernetes-model-metrics-7.1.0.jar:/home/runner/.m2/repository/io/fabric8/kubernetes-model-policy/7.1.0/kubernetes-model-policy-7.1.0.jar:/home/runner/.m2/repository/io/fabric8/kubernetes-model-scheduling/7.1.0/kubernetes-model-scheduling-7.1.0.jar:/home/runner/.m2/repository/io/fabric8/kubernetes-model-storageclass/7.1.0/kubernetes-model-storageclass-7.1.0.jar:/home/runner/.m2/repository/io/fabric8/kubernetes-model-node/7.1.0/kubernetes-model-node-7.1.0.jar:/home/runner/.m2/repository/org/snakeyaml/snakeyaml-engine/2.9/snakeyaml-engine-2.9.jar:/home/runner/.m2/repository/com/fasterxml/jackson/dataformat/jackson-dataformat-yaml/2.18.2/jackson-dataformat-yaml-2.18.2.jar:/home/runner/.m2/repository/com/fasterxml/jackson/datatype/jackson-datatype-jsr310/2.18.2/jackson-datatype-jsr310-2.18.2.jar:/home/runner/.m2/repository/io/fabric8/zjsonpatch/7.1.0/zjsonpatch-7.1.0.jar:/home/runner/.m2/repository/io/fabric8/kubernetes-httpclient-vertx/7.1.0/kubernetes-httpclient-vertx-7.1.0.jar:/home/runner/.m2/repository/io/vertx/vertx-web-client/4.5.16/vertx-web-client-4.5.16.jar:/home/runner/.m2/repository/io/vertx/vertx-web-common/4.5.16/vertx-web-common-4.5.16.jar:/home/runner/.m2/repository/io/vertx/vertx-auth-common/4.5.16/vertx-auth-common-4.5.16.jar:/home/runner/.m2/repository/io/vertx/vertx-uri-template/4.5.16/vertx-uri-template-4.5.16.jar:/home/runner/.m2/repository/io/fabric8/openshift-client/7.1.0/openshift-client-7.1.0.jar:/home/runner/.m2/repository/io/fabric8/openshift-client-api/7.1.0/openshift-client-api-7.1.0.jar:/home/runner/.m2/repository/io/fabric8/openshift-model/7.1.0/openshift-model-7.1.0.jar:/home/runner/.m2/repository/io/fabric8/openshift-model-autoscaling/7.1.0/openshift-model-autoscaling-7.1.0.jar:/home/runner/.m2/repository/io/fabric8/openshift-model-operator/7.1.0/openshift-model-operator-7.1.0.jar:/home/runner/.m2/repository/io/fabric8/openshift-model-operatorhub/7.1.0/openshift-model-operatorhub-7.1.0.jar:/home/runner/.m2/repository/io/fabric8/openshift-model-machine/7.1.0/openshift-model-machine-7.1.0.jar:/home/runner/.m2/repository/io/fabric8/openshift-model-whereabouts/7.1.0/openshift-model-whereabouts-7.1.0.jar:/home/runner/.m2/repository/io/fabric8/openshift-model-monitoring/7.1.0/openshift-model-monitoring-7.1.0.jar:/home/runner/.m2/repository/io/fabric8/openshift-model-storageversionmigrator/7.1.0/openshift-model-storageversionmigrator-7.1.0.jar:/home/runner/.m2/repository/io/fabric8/openshift-model-tuned/7.1.0/openshift-model-tuned-7.1.0.jar:/home/runner/.m2/repository/io/fabric8/openshift-model-console/7.1.0/openshift-model-console-7.1.0.jar:/home/runner/.m2/repository/io/fabric8/openshift-model-config/7.1.0/openshift-model-config-7.1.0.jar:/home/runner/.m2/repository/io/fabric8/openshift-model-machineconfiguration/7.1.0/openshift-model-machineconfiguration-7.1.0.jar:/home/runner/.m2/repository/io/fabric8/openshift-model-miscellaneous/7.1.0/openshift-model-miscellaneous-7.1.0.jar:/home/runner/.m2/repository/io/fabric8/openshift-model-hive/7.1.0/openshift-model-hive-7.1.0.jar:/home/runner/.m2/repository/io/fabric8/openshift-model-installer/7.1.0/openshift-model-installer-7.1.0.jar:/home/runner/.m2/repository/org/junit/platform/junit-platform-launcher/1.12.1/junit-platform-launcher-1.12.1.jar:/home/runner/.m2/repository/org/junit/platform/junit-platform-engine/1.12.1/junit-platform-engine-1.12.1.jar:/home/runner/.m2/repository/org/opentest4j/opentest4j/1.3.0/opentest4j-1.3.0.jar:/home/runner/.m2/repository/org/junit/platform/junit-platform-commons/1.12.1/junit-platform-commons-1.12.1.jar:/home/runner/.m2/repository/org/apiguardian/apiguardian-api/1.1.2/apiguardian-api-1.1.2.jar:/home/runner/.m2/repository/jakarta/ws/rs/jakarta.ws.rs-api/3.1.0/jakarta.ws.rs-api-3.1.0.jar:/home/runner/work/apicurio-testing/apicurio-testing/clusters/ci419/namespaces/mysql/tests/integration/apicurio-registry/java-sdk/target/apicurio-registry-java-sdk-3.0.12-SNAPSHOT.jar:/home/runner/.m2/repository/com/microsoft/kiota/microsoft-kiota-abstractions/1.8.8/microsoft-kiota-abstractions-1.8.8.jar:/home/runner/.m2/repository/io/github/std-uritemplate/std-uritemplate/2.0.0/std-uritemplate-2.0.0.jar:/home/runner/.m2/repository/io/kiota/kiota-http-jdk/0.0.29/kiota-http-jdk-0.0.29.jar:/home/runner/.m2/repository/io/kiota/kiota-http-vertx/0.0.29/kiota-http-vertx-0.0.29.jar:/home/runner/.m2/repository/io/kiota/kiota-serialization-jackson/0.0.29/kiota-serialization-jackson-0.0.29.jar:/home/runner/.m2/repository/com/microsoft/kiota/microsoft-kiota-serialization-text/1.8.8/microsoft-kiota-serialization-text-1.8.8.jar:/home/runner/.m2/repository/com/microsoft/kiota/microsoft-kiota-serialization-form/1.8.8/microsoft-kiota-serialization-form-1.8.8.jar:/home/runner/.m2/repository/com/microsoft/kiota/microsoft-kiota-serialization-multipart/1.8.8/microsoft-kiota-serialization-multipart-1.8.8.jar:/home/runner/.m2/repository/jakarta/annotation/jakarta.annotation-api/3.0.0/jakarta.annotation-api-3.0.0.jar:/home/runner/.m2/repository/io/vertx/vertx-auth-oauth2/4.5.16/vertx-auth-oauth2-4.5.16.jar:/home/runner/work/apicurio-testing/apicurio-testing/clusters/ci419/namespaces/mysql/tests/integration/apicurio-registry/java-sdk-v2/target/apicurio-registry-v2-java-sdk-3.0.12-SNAPSHOT.jar:/home/runner/work/apicurio-testing/apicurio-testing/clusters/ci419/namespaces/mysql/tests/integration/apicurio-registry/utils/kafka/target/apicurio-registry-utils-kafka-3.0.12-SNAPSHOT-tests.jar:/home/runner/.m2/repository/org/eclipse/microprofile/config/microprofile-config-api/3.1/microprofile-config-api-3.1.jar:/home/runner/.m2/repository/org/apache/kafka/kafka-clients/3.9.1/kafka-clients-3.9.1.jar:/home/runner/.m2/repository/com/github/luben/zstd-jni/1.5.6-4/zstd-jni-1.5.6-4.jar:/home/runner/.m2/repository/org/lz4/lz4-java/1.8.0/lz4-java-1.8.0.jar:/home/runner/.m2/repository/org/xerial/snappy/snappy-java/1.1.10.5/snappy-java-1.1.10.5.jar:/home/runner/.m2/repository/org/slf4j/slf4j-api/2.0.6/slf4j-api-2.0.6.jar:/home/runner/work/apicurio-testing/apicurio-testing/clusters/ci419/namespaces/mysql/tests/integration/apicurio-registry/utils/tests/target/apicurio-registry-utils-tests-3.0.12-SNAPSHOT.jar:/home/runner/work/apicurio-testing/apicurio-testing/clusters/ci419/namespaces/mysql/tests/integration/apicurio-registry/common/target/apicurio-registry-common-3.0.12-SNAPSHOT.jar:/home/runner/.m2/repository/jakarta/validation/jakarta.validation-api/3.0.2/jakarta.validation-api-3.0.2.jar:/home/runner/.m2/repository/com/github/dasniko/testcontainers-keycloak/3.8.0/testcontainers-keycloak-3.8.0.jar:/home/runner/.m2/repository/org/testcontainers/testcontainers/1.20.6/testcontainers-1.20.6.jar:/home/runner/.m2/repository/org/rnorth/duct-tape/duct-tape/1.0.8/duct-tape-1.0.8.jar:/home/runner/.m2/repository/com/github/docker-java/docker-java-transport-zerodep/3.4.1/docker-java-transport-zerodep-3.4.1.jar:/home/runner/.m2/repository/com/github/docker-java/docker-java-transport/3.4.1/docker-java-transport-3.4.1.jar:/home/runner/.m2/repository/net/java/dev/jna/jna/5.8.0/jna-5.8.0.jar:/home/runner/.m2/repository/io/quarkus/quarkus-junit4-mock/3.20.2/quarkus-junit4-mock-3.20.2.jar:/home/runner/.m2/repository/org/jboss/shrinkwrap/shrinkwrap-api/2.0.0-beta-2/shrinkwrap-api-2.0.0-beta-2.jar:/home/runner/.m2/repository/org/jboss/shrinkwrap/shrinkwrap-impl-base/2.0.0-beta-2/shrinkwrap-impl-base-2.0.0-beta-2.jar:/home/runner/.m2/repository/org/jboss/shrinkwrap/shrinkwrap-spi/2.0.0-beta-2/shrinkwrap-spi-2.0.0-beta-2.jar:/home/runner/.m2/repository/org/keycloak/keycloak-admin-client/26.0.4/keycloak-admin-client-26.0.4.jar:/home/runner/.m2/repository/org/keycloak/keycloak-client-common-synced/26.0.4/keycloak-client-common-synced-26.0.4.jar:/home/runner/.m2/repository/jakarta/activation/jakarta.activation-api/2.1.3/jakarta.activation-api-2.1.3.jar:/home/runner/.m2/repository/org/eclipse/microprofile/openapi/microprofile-openapi-api/4.0.2/microprofile-openapi-api-4.0.2.jar:/home/runner/.m2/repository/org/jboss/resteasy/resteasy-client/6.2.12.Final/resteasy-client-6.2.12.Final.jar:/home/runner/.m2/repository/org/jboss/resteasy/resteasy-client-api/6.2.12.Final/resteasy-client-api-6.2.12.Final.jar:/home/runner/.m2/repository/org/jboss/resteasy/resteasy-core-spi/6.2.12.Final/resteasy-core-spi-6.2.12.Final.jar:/home/runner/.m2/repository/org/jboss/resteasy/resteasy-core/6.2.12.Final/resteasy-core-6.2.12.Final.jar:/home/runner/.m2/repository/org/eclipse/angus/angus-activation/2.0.2/angus-activation-2.0.2.jar:/home/runner/.m2/repository/com/ibm/async/asyncutil/0.1.0/asyncutil-0.1.0.jar:/home/runner/.m2/repository/org/reactivestreams/reactive-streams/1.0.4/reactive-streams-1.0.4.jar:/home/runner/.m2/repository/org/jboss/resteasy/resteasy-multipart-provider/6.2.12.Final/resteasy-multipart-provider-6.2.12.Final.jar:/home/runner/.m2/repository/jakarta/mail/jakarta.mail-api/2.1.3/jakarta.mail-api-2.1.3.jar:/home/runner/.m2/repository/org/eclipse/angus/angus-mail/2.0.3/angus-mail-2.0.3.jar:/home/runner/.m2/repository/org/apache/james/apache-mime4j-dom/0.8.12/apache-mime4j-dom-0.8.12.jar:/home/runner/.m2/repository/org/apache/james/apache-mime4j-core/0.8.12/apache-mime4j-core-0.8.12.jar:/home/runner/.m2/repository/org/apache/james/apache-mime4j-storage/0.8.12/apache-mime4j-storage-0.8.12.jar:/home/runner/.m2/repository/org/jboss/resteasy/resteasy-jackson2-provider/6.2.12.Final/resteasy-jackson2-provider-6.2.12.Final.jar:/home/runner/.m2/repository/com/fasterxml/jackson/jakarta/rs/jackson-jakarta-rs-base/2.18.2/jackson-jakarta-rs-base-2.18.2.jar:/home/runner/.m2/repository/com/fasterxml/jackson/jakarta/rs/jackson-jakarta-rs-json-provider/2.18.2/jackson-jakarta-rs-json-provider-2.18.2.jar:/home/runner/.m2/repository/com/fasterxml/jackson/module/jackson-module-jakarta-xmlbind-annotations/2.18.2/jackson-module-jakarta-xmlbind-annotations-2.18.2.jar:/home/runner/.m2/repository/com/github/java-json-tools/json-patch/1.13/json-patch-1.13.jar:/home/runner/.m2/repository/com/github/java-json-tools/msg-simple/1.2/msg-simple-1.2.jar:/home/runner/.m2/repository/com/github/java-json-tools/btf/1.3/btf-1.3.jar:/home/runner/.m2/repository/com/github/java-json-tools/jackson-coreutils/2.0/jackson-coreutils-2.0.jar:/home/runner/.m2/repository/org/jboss/resteasy/resteasy-jaxb-provider/6.2.12.Final/resteasy-jaxb-provider-6.2.12.Final.jar:/home/runner/.m2/repository/org/glassfish/jaxb/codemodel/4.0.5/codemodel-4.0.5.jar:/home/runner/.m2/repository/org/glassfish/jaxb/jaxb-core/4.0.5/jaxb-core-4.0.5.jar:/home/runner/.m2/repository/org/glassfish/jaxb/jaxb-jxc/4.0.5/jaxb-jxc-4.0.5.jar:/home/runner/.m2/repository/org/glassfish/jaxb/jaxb-runtime/4.0.5/jaxb-runtime-4.0.5.jar:/home/runner/.m2/repository/org/glassfish/jaxb/txw2/4.0.5/txw2-4.0.5.jar:/home/runner/.m2/repository/org/glassfish/jaxb/jaxb-xjc/4.0.5/jaxb-xjc-4.0.5.jar:/home/runner/.m2/repository/org/glassfish/jaxb/xsom/4.0.5/xsom-4.0.5.jar:/home/runner/.m2/repository/com/sun/istack/istack-commons-runtime/4.1.2/istack-commons-runtime-4.1.2.jar:/home/runner/.m2/repository/com/sun/istack/istack-commons-tools/4.1.2/istack-commons-tools-4.1.2.jar:/home/runner/.m2/repository/com/sun/xml/bind/external/relaxng-datatype/4.0.5/relaxng-datatype-4.0.5.jar:/home/runner/.m2/repository/com/sun/xml/bind/external/rngom/4.0.5/rngom-4.0.5.jar:/home/runner/.m2/repository/org/testcontainers/mssqlserver/1.20.6/mssqlserver-1.20.6.jar:/home/runner/.m2/repository/org/testcontainers/jdbc/1.20.6/jdbc-1.20.6.jar:/home/runner/.m2/repository/org/testcontainers/database-commons/1.20.6/database-commons-1.20.6.jar:/home/runner/.m2/repository/org/testcontainers/mysql/1.20.6/mysql-1.20.6.jar:/home/runner/.m2/repository/io/strimzi/strimzi-test-container/0.111.0/strimzi-test-container-0.111.0.jar:/home/runner/.m2/repository/org/testcontainers/toxiproxy/1.20.6/toxiproxy-1.20.6.jar:/home/runner/.m2/repository/com/github/docker-java/docker-java-api/3.4.1/docker-java-api-3.4.1.jar:/home/runner/.m2/repository/org/apache/logging/log4j/log4j-slf4j-impl/2.19.0/log4j-slf4j-impl-2.19.0.jar:/home/runner/.m2/repository/org/apache/logging/log4j/log4j-api/2.24.3/log4j-api-2.24.3.jar:/home/runner/.m2/repository/org/apache/logging/log4j/log4j-core/2.19.0/log4j-core-2.19.0.jar:/home/runner/.m2/repository/eu/rekawek/toxiproxy/toxiproxy-java/2.1.7/toxiproxy-java-2.1.7.jar:/home/runner/.m2/repository/org/testcontainers/pulsar/1.21.3/pulsar-1.21.3.jar:/home/runner/.m2/repository/io/debezium/debezium-testing-testcontainers/2.7.4.Final/debezium-testing-testcontainers-2.7.4.Final.jar:/home/runner/.m2/repository/org/testcontainers/kafka/1.20.6/kafka-1.20.6.jar:/home/runner/.m2/repository/com/squareup/okhttp3/okhttp/4.8.1/okhttp-4.8.1.jar:/home/runner/.m2/repository/com/squareup/okio/okio/3.10.2/okio-3.10.2.jar:/home/runner/.m2/repository/com/squareup/okio/okio-jvm/3.10.2/okio-jvm-3.10.2.jar:/home/runner/.m2/repository/org/jetbrains/kotlin/kotlin-stdlib/2.0.21/kotlin-stdlib-2.0.21.jar:/home/runner/.m2/repository/org/awaitility/awaitility/4.3.0/awaitility-4.3.0.jar:/home/runner/.m2/repository/org/testcontainers/mongodb/1.20.6/mongodb-1.20.6.jar:/home/runner/.m2/repository/org/testcontainers/mariadb/1.20.6/mariadb-1.20.6.jar:/home/runner/.m2/repository/org/testcontainers/oracle-xe/1.20.6/oracle-xe-1.20.6.jar:/home/runner/.m2/repository/org/testcontainers/postgresql/1.20.6/postgresql-1.20.6.jar:/home/runner/.m2/repository/org/wiremock/wiremock/3.0.1/wiremock-3.0.1.jar:/home/runner/.m2/repository/org/eclipse/jetty/jetty-server/11.0.15/jetty-server-11.0.15.jar:/home/runner/.m2/repository/org/eclipse/jetty/toolchain/jetty-jakarta-servlet-api/5.0.2/jetty-jakarta-servlet-api-5.0.2.jar:/home/runner/.m2/repository/org/eclipse/jetty/jetty-http/11.0.15/jetty-http-11.0.15.jar:/home/runner/.m2/repository/org/eclipse/jetty/jetty-io/11.0.15/jetty-io-11.0.15.jar:/home/runner/.m2/repository/org/eclipse/jetty/jetty-servlet/11.0.15/jetty-servlet-11.0.15.jar:/home/runner/.m2/repository/org/eclipse/jetty/jetty-security/11.0.15/jetty-security-11.0.15.jar:/home/runner/.m2/repository/org/eclipse/jetty/jetty-servlets/11.0.15/jetty-servlets-11.0.15.jar:/home/runner/.m2/repository/org/eclipse/jetty/jetty-util/11.0.15/jetty-util-11.0.15.jar:/home/runner/.m2/repository/org/eclipse/jetty/jetty-webapp/11.0.15/jetty-webapp-11.0.15.jar:/home/runner/.m2/repository/org/eclipse/jetty/jetty-xml/11.0.15/jetty-xml-11.0.15.jar:/home/runner/.m2/repository/org/eclipse/jetty/jetty-proxy/11.0.15/jetty-proxy-11.0.15.jar:/home/runner/.m2/repository/org/eclipse/jetty/jetty-client/11.0.15/jetty-client-11.0.15.jar:/home/runner/.m2/repository/org/eclipse/jetty/http2/http2-server/11.0.15/http2-server-11.0.15.jar:/home/runner/.m2/repository/org/eclipse/jetty/http2/http2-common/11.0.15/http2-common-11.0.15.jar:/home/runner/.m2/repository/org/eclipse/jetty/http2/http2-hpack/11.0.15/http2-hpack-11.0.15.jar:/home/runner/.m2/repository/org/eclipse/jetty/jetty-alpn-server/11.0.15/jetty-alpn-server-11.0.15.jar:/home/runner/.m2/repository/org/eclipse/jetty/jetty-alpn-java-server/11.0.15/jetty-alpn-java-server-11.0.15.jar:/home/runner/.m2/repository/org/eclipse/jetty/jetty-alpn-java-client/11.0.15/jetty-alpn-java-client-11.0.15.jar:/home/runner/.m2/repository/org/eclipse/jetty/jetty-alpn-client/11.0.15/jetty-alpn-client-11.0.15.jar:/home/runner/.m2/repository/org/apache/httpcomponents/client5/httpclient5/5.2.1/httpclient5-5.2.1.jar:/home/runner/.m2/repository/org/apache/httpcomponents/core5/httpcore5/5.2/httpcore5-5.2.jar:/home/runner/.m2/repository/org/apache/httpcomponents/core5/httpcore5-h2/5.2/httpcore5-h2-5.2.jar:/home/runner/.m2/repository/org/xmlunit/xmlunit-core/2.9.1/xmlunit-core-2.9.1.jar:/home/runner/.m2/repository/jakarta/xml/bind/jakarta.xml.bind-api/4.0.2/jakarta.xml.bind-api-4.0.2.jar:/home/runner/.m2/repository/org/xmlunit/xmlunit-legacy/2.9.1/xmlunit-legacy-2.9.1.jar:/home/runner/.m2/repository/org/xmlunit/xmlunit-placeholders/2.9.1/xmlunit-placeholders-2.9.1.jar:/home/runner/.m2/repository/net/javacrumbs/json-unit/json-unit-core/2.38.0/json-unit-core-2.38.0.jar:/home/runner/.m2/repository/org/hamcrest/hamcrest-core/2.2/hamcrest-core-2.2.jar:/home/runner/.m2/repository/com/jayway/jsonpath/json-path/2.8.0/json-path-2.8.0.jar:/home/runner/.m2/repository/net/minidev/json-smart/2.4.10/json-smart-2.4.10.jar:/home/runner/.m2/repository/net/minidev/accessors-smart/2.4.9/accessors-smart-2.4.9.jar:/home/runner/.m2/repository/org/ow2/asm/asm/9.7.1/asm-9.7.1.jar:/home/runner/.m2/repository/net/sf/jopt-simple/jopt-simple/5.0.4/jopt-simple-5.0.4.jar:/home/runner/.m2/repository/com/github/jknack/handlebars/4.3.1/handlebars-4.3.1.jar:/home/runner/.m2/repository/com/github/jknack/handlebars-helpers/4.3.1/handlebars-helpers-4.3.1.jar:/home/runner/.m2/repository/commons-fileupload/commons-fileupload/1.5/commons-fileupload-1.5.jar:/home/runner/.m2/repository/com/networknt/json-schema-validator/1.5.8/json-schema-validator-1.5.8.jar:/home/runner/.m2/repository/com/ethlo/time/itu/1.10.3/itu-1.10.3.jar:/home/runner/.m2/repository/io/quarkus/quarkus-smallrye-jwt-build/3.20.2/quarkus-smallrye-jwt-build-3.20.2.jar:/home/runner/.m2/repository/io/smallrye/smallrye-jwt-build/4.6.2/smallrye-jwt-build-4.6.2.jar:/home/runner/.m2/repository/org/eclipse/microprofile/jwt/microprofile-jwt-auth-api/2.1/microprofile-jwt-auth-api-2.1.jar:/home/runner/.m2/repository/org/bitbucket/b_c/jose4j/0.9.6/jose4j-0.9.6.jar:/home/runner/.m2/repository/io/smallrye/smallrye-jwt-common/4.6.2/smallrye-jwt-common-4.6.2.jar:/home/runner/.m2/repository/io/quarkus/quarkus-jsonp/3.20.2/quarkus-jsonp-3.20.2.jar:/home/runner/.m2/repository/io/quarkus/quarkus-arc/3.20.2/quarkus-arc-3.20.2.jar:/home/runner/.m2/repository/io/quarkus/arc/arc/3.20.2/arc-3.20.2.jar:/home/runner/.m2/repository/jakarta/transaction/jakarta.transaction-api/2.0.1/jakarta.transaction-api-2.0.1.jar:/home/runner/.m2/repository/io/smallrye/reactive/mutiny/2.9.2/mutiny-2.9.2.jar:/home/runner/.m2/repository/org/jctools/jctools-core/4.0.5/jctools-core-4.0.5.jar:/home/runner/.m2/repository/org/eclipse/microprofile/context-propagation/microprofile-context-propagation-api/1.3/microprofile-context-propagation-api-1.3.jar:/home/runner/.m2/repository/io/apicurio/apicurio-common-rest-client-common/0.1.18.Final/apicurio-common-rest-client-common-0.1.18.Final.jar:/home/runner/work/apicurio-testing/apicurio-testing/clusters/ci419/namespaces/mysql/tests/integration/apicurio-registry/utils/maven-plugin/target/apicurio-registry-maven-plugin-3.0.12-SNAPSHOT.jar:/home/runner/.m2/repository/com/fasterxml/jackson/core/jackson-databind/2.18.2/jackson-databind-2.18.2.jar:/home/runner/.m2/repository/org/apache/avro/avro/1.12.0/avro-1.12.0.jar:/home/runner/.m2/repository/com/google/protobuf/protobuf-java/4.31.1/protobuf-java-4.31.1.jar:/home/runner/.m2/repository/com/google/protobuf/protobuf-java-util/4.31.1/protobuf-java-util-4.31.1.jar:/home/runner/.m2/repository/com/google/code/findbugs/jsr305/3.0.2/jsr305-3.0.2.jar:/home/runner/.m2/repository/com/google/code/gson/gson/2.12.1/gson-2.12.1.jar:/home/runner/.m2/repository/com/google/errorprone/error_prone_annotations/2.36.0/error_prone_annotations-2.36.0.jar:/home/runner/.m2/repository/com/google/j2objc/j2objc-annotations/2.8/j2objc-annotations-2.8.jar:/home/runner/work/apicurio-testing/apicurio-testing/clusters/ci419/namespaces/mysql/tests/integration/apicurio-registry/schema-util/util-provider/target/apicurio-registry-schema-util-provider-3.0.12-SNAPSHOT.jar:/home/runner/work/apicurio-testing/apicurio-testing/clusters/ci419/namespaces/mysql/tests/integration/apicurio-registry/schema-util/common/target/apicurio-registry-schema-util-common-3.0.12-SNAPSHOT.jar:/home/runner/.m2/repository/com/fasterxml/jackson/module/jackson-module-parameter-names/2.18.2/jackson-module-parameter-names-2.18.2.jar:/home/runner/.m2/repository/com/fasterxml/jackson/datatype/jackson-datatype-json-org/2.18.2/jackson-datatype-json-org-2.18.2.jar:/home/runner/work/apicurio-testing/apicurio-testing/clusters/ci419/namespaces/mysql/tests/integration/apicurio-registry/schema-util/json/target/apicurio-registry-schema-util-json-3.0.12-SNAPSHOT.jar:/home/runner/.m2/repository/com/github/erosb/everit-json-schema/1.14.5/everit-json-schema-1.14.5.jar:/home/runner/.m2/repository/commons-validator/commons-validator/1.9.0/commons-validator-1.9.0.jar:/home/runner/.m2/repository/commons-digester/commons-digester/2.1/commons-digester-2.1.jar:/home/runner/.m2/repository/commons-collections/commons-collections/3.2.2/commons-collections-3.2.2.jar:/home/runner/.m2/repository/com/damnhandy/handy-uri-templates/2.1.8/handy-uri-templates-2.1.8.jar:/home/runner/.m2/repository/joda-time/joda-time/2.10.2/joda-time-2.10.2.jar:/home/runner/.m2/repository/com/github/erosb/json-sKema/0.20.0/json-sKema-0.20.0.jar:/home/runner/.m2/repository/io/vertx/vertx-json-schema/4.5.16/vertx-json-schema-4.5.16.jar:/home/runner/work/apicurio-testing/apicurio-testing/clusters/ci419/namespaces/mysql/tests/integration/apicurio-registry/schema-util/protobuf/target/apicurio-registry-schema-util-protobuf-3.0.12-SNAPSHOT.jar:/home/runner/work/apicurio-testing/apicurio-testing/clusters/ci419/namespaces/mysql/tests/integration/apicurio-registry/utils/protobuf-schema-utilities/target/apicurio-registry-protobuf-schema-utilities-3.0.12-SNAPSHOT.jar:/home/runner/.m2/repository/com/google/api/grpc/proto-google-common-protos/2.52.0/proto-google-common-protos-2.52.0.jar:/home/runner/.m2/repository/com/squareup/wire/wire-schema-jvm/5.3.3/wire-schema-jvm-5.3.3.jar:/home/runner/.m2/repository/com/palantir/javapoet/javapoet/0.6.0/javapoet-0.6.0.jar:/home/runner/.m2/repository/com/squareup/kotlinpoet-jvm/2.0.0/kotlinpoet-jvm-2.0.0.jar:/home/runner/.m2/repository/org/jetbrains/kotlin/kotlin-reflect/2.0.21/kotlin-reflect-2.0.21.jar:/home/runner/.m2/repository/com/squareup/wire/wire-runtime-jvm/5.3.3/wire-runtime-jvm-5.3.3.jar:/home/runner/.m2/repository/com/ibm/icu/icu4j/76.1/icu4j-76.1.jar:/home/runner/.m2/repository/com/squareup/okio/okio-fakefilesystem/3.10.2/okio-fakefilesystem-3.10.2.jar:/home/runner/.m2/repository/com/squareup/okio/okio-fakefilesystem-jvm/3.10.2/okio-fakefilesystem-jvm-3.10.2.jar:/home/runner/.m2/repository/org/jetbrains/kotlinx/kotlinx-datetime-jvm/0.6.1/kotlinx-datetime-jvm-0.6.1.jar:/home/runner/work/apicurio-testing/apicurio-testing/clusters/ci419/namespaces/mysql/tests/integration/apicurio-registry/schema-util/asyncapi/target/apicurio-registry-schema-util-asyncapi-3.0.12-SNAPSHOT.jar:/home/runner/work/apicurio-testing/apicurio-testing/clusters/ci419/namespaces/mysql/tests/integration/apicurio-registry/schema-util/avro/target/apicurio-registry-schema-util-avro-3.0.12-SNAPSHOT.jar:/home/runner/work/apicurio-testing/apicurio-testing/clusters/ci419/namespaces/mysql/tests/integration/apicurio-registry/schema-util/graphql/target/apicurio-registry-schema-util-graphql-3.0.12-SNAPSHOT.jar:/home/runner/.m2/repository/com/graphql-java/graphql-java/22.4/graphql-java-22.4.jar:/home/runner/.m2/repository/com/graphql-java/java-dataloader/3.3.0/java-dataloader-3.3.0.jar:/home/runner/work/apicurio-testing/apicurio-testing/clusters/ci419/namespaces/mysql/tests/integration/apicurio-registry/schema-util/kconnect/target/apicurio-registry-schema-util-kconnect-3.0.12-SNAPSHOT.jar:/home/runner/work/apicurio-testing/apicurio-testing/clusters/ci419/namespaces/mysql/tests/integration/apicurio-registry/schema-util/openapi/target/apicurio-registry-schema-util-openapi-3.0.12-SNAPSHOT.jar:/home/runner/.m2/repository/io/apicurio/apicurio-data-models/2.2.2/apicurio-data-models-2.2.2.jar:/home/runner/.m2/repository/org/openapitools/openapidiff/openapi-diff-core/2.1.2/openapi-diff-core-2.1.2.jar:/home/runner/.m2/repository/io/swagger/parser/v3/swagger-parser/2.1.28/swagger-parser-2.1.28.jar:/home/runner/.m2/repository/io/swagger/parser/v3/swagger-parser-v2-converter/2.1.28/swagger-parser-v2-converter-2.1.28.jar:/home/runner/.m2/repository/io/swagger/swagger-core/1.6.16/swagger-core-1.6.16.jar:/home/runner/.m2/repository/io/swagger/swagger-models/1.6.16/swagger-models-1.6.16.jar:/home/runner/.m2/repository/io/swagger/swagger-annotations/1.6.16/swagger-annotations-1.6.16.jar:/home/runner/.m2/repository/io/swagger/swagger-parser/1.0.75/swagger-parser-1.0.75.jar:/home/runner/.m2/repository/io/swagger/swagger-parser-safe-url-resolver/1.0.75/swagger-parser-safe-url-resolver-1.0.75.jar:/home/runner/.m2/repository/io/swagger/swagger-compat-spec-parser/1.0.75/swagger-compat-spec-parser-1.0.75.jar:/home/runner/.m2/repository/com/github/java-json-tools/json-schema-validator/2.2.14/json-schema-validator-2.2.14.jar:/home/runner/.m2/repository/com/github/java-json-tools/jackson-coreutils-equivalence/1.0/jackson-coreutils-equivalence-1.0.jar:/home/runner/.m2/repository/com/github/java-json-tools/json-schema-core/1.2.14/json-schema-core-1.2.14.jar:/home/runner/.m2/repository/com/github/java-json-tools/uri-template/0.10/uri-template-0.10.jar:/home/runner/.m2/repository/com/googlecode/libphonenumber/libphonenumber/8.11.1/libphonenumber-8.11.1.jar:/home/runner/.m2/repository/com/j2html/j2html/1.6.0/j2html-1.6.0.jar:/home/runner/.m2/repository/org/apache/commons/commons-collections4/4.5.0/commons-collections4-4.5.0.jar:/home/runner/.m2/repository/org/slf4j/jcl-over-slf4j/2.0.17/jcl-over-slf4j-2.0.17.jar:/home/runner/.m2/repository/io/swagger/parser/v3/swagger-parser-v3/2.1.31/swagger-parser-v3-2.1.31.jar:/home/runner/.m2/repository/io/swagger/core/v3/swagger-models/2.2.34/swagger-models-2.2.34.jar:/home/runner/.m2/repository/io/swagger/core/v3/swagger-core/2.2.34/swagger-core-2.2.34.jar:/home/runner/.m2/repository/io/swagger/parser/v3/swagger-parser-core/2.1.31/swagger-parser-core-2.1.31.jar:/home/runner/.m2/repository/io/swagger/parser/v3/swagger-parser-safe-url-resolver/2.1.31/swagger-parser-safe-url-resolver-2.1.31.jar:/home/runner/work/apicurio-testing/apicurio-testing/clusters/ci419/namespaces/mysql/tests/integration/apicurio-registry/schema-util/wsdl/target/apicurio-registry-schema-util-wsdl-3.0.12-SNAPSHOT.jar:/home/runner/.m2/repository/wsdl4j/wsdl4j/1.6.3/wsdl4j-1.6.3.jar:/home/runner/work/apicurio-testing/apicurio-testing/clusters/ci419/namespaces/mysql/tests/integration/apicurio-registry/schema-util/xml/target/apicurio-registry-schema-util-xml-3.0.12-SNAPSHOT.jar:/home/runner/.m2/repository/org/apache/santuario/xmlsec/4.0.4/xmlsec-4.0.4.jar:/home/runner/.m2/repository/com/fasterxml/woodstox/woodstox-core/7.1.1/woodstox-core-7.1.1.jar:/home/runner/.m2/repository/org/codehaus/woodstox/stax2-api/4.2.2/stax2-api-4.2.2.jar:/home/runner/work/apicurio-testing/apicurio-testing/clusters/ci419/namespaces/mysql/tests/integration/apicurio-registry/schema-util/xsd/target/apicurio-registry-schema-util-xsd-3.0.12-SNAPSHOT.jar:/home/runner/work/apicurio-testing/apicurio-testing/clusters/ci419/namespaces/mysql/tests/integration/apicurio-registry/serdes/kafka/jsonschema-serde/target/apicurio-registry-jsonschema-serde-kafka-3.0.12-SNAPSHOT.jar:/home/runner/work/apicurio-testing/apicurio-testing/clusters/ci419/namespaces/mysql/tests/integration/apicurio-registry/serdes/kafka/serde-kafka-common/target/apicurio-registry-serde-kafka-common-3.0.12-SNAPSHOT.jar:/home/runner/work/apicurio-testing/apicurio-testing/clusters/ci419/namespaces/mysql/tests/integration/apicurio-registry/serdes/generic/serde-common/target/apicurio-registry-serde-common-3.0.12-SNAPSHOT.jar:/home/runner/work/apicurio-testing/apicurio-testing/clusters/ci419/namespaces/mysql/tests/integration/apicurio-registry/serdes/generic/serde-common-jsonschema/target/apicurio-registry-serde-common-jsonschema-3.0.12-SNAPSHOT.jar:/home/runner/.m2/repository/org/json/json/20250107/json-20250107.jar:/home/runner/work/apicurio-testing/apicurio-testing/clusters/ci419/namespaces/mysql/tests/integration/apicurio-registry/serdes/kafka/avro-serde/target/apicurio-registry-avro-serde-kafka-3.0.12-SNAPSHOT.jar:/home/runner/work/apicurio-testing/apicurio-testing/clusters/ci419/namespaces/mysql/tests/integration/apicurio-registry/serdes/generic/serde-common-avro/target/apicurio-registry-serde-common-avro-3.0.12-SNAPSHOT.jar:/home/runner/work/apicurio-testing/apicurio-testing/clusters/ci419/namespaces/mysql/tests/integration/apicurio-registry/serdes/kafka/protobuf-serde/target/apicurio-registry-protobuf-serde-kafka-3.0.12-SNAPSHOT.jar:/home/runner/work/apicurio-testing/apicurio-testing/clusters/ci419/namespaces/mysql/tests/integration/apicurio-registry/serdes/generic/serde-common-protobuf/target/apicurio-registry-serde-common-protobuf-3.0.12-SNAPSHOT.jar:/home/runner/.m2/repository/com/squareup/wire/wire-schema/5.3.3/wire-schema-5.3.3.jar:/home/runner/.m2/repository/com/squareup/wire/wire-runtime/5.3.3/wire-runtime-5.3.3.jar:/home/runner/work/apicurio-testing/apicurio-testing/clusters/ci419/namespaces/mysql/tests/integration/apicurio-registry/serdes/pulsar/avro-serde/target/apicurio-registry-avro-serde-pulsar-3.0.12-SNAPSHOT.jar:/home/runner/.m2/repository/org/apache/pulsar/pulsar-functions-api/3.3.8/pulsar-functions-api-3.3.8.jar:/home/runner/work/apicurio-testing/apicurio-testing/clusters/ci419/namespaces/mysql/tests/integration/apicurio-registry/serdes/nats/avro-serde/target/apicurio-registry-avro-serde-nats-3.0.12-SNAPSHOT.jar:/home/runner/.m2/repository/io/nats/jnats/2.21.4/jnats-2.21.4.jar:/home/runner/.m2/repository/org/bouncycastle/bcprov-lts8on/2.73.7/bcprov-lts8on-2.73.7.jar:/home/runner/.m2/repository/org/jetbrains/annotations/26.0.2/annotations-26.0.2.jar:/home/runner/work/apicurio-testing/apicurio-testing/clusters/ci419/namespaces/mysql/tests/integration/apicurio-registry/utils/converter/target/apicurio-registry-utils-converter-3.0.12-SNAPSHOT.jar:/home/runner/work/apicurio-testing/apicurio-testing/clusters/ci419/namespaces/mysql/tests/integration/apicurio-registry/schema-resolver/target/apicurio-registry-schema-resolver-3.0.12-SNAPSHOT.jar:/home/runner/.m2/repository/org/apache/kafka/connect-api/3.9.1/connect-api-3.9.1.jar:/home/runner/.m2/repository/javax/ws/rs/javax.ws.rs-api/2.1.1/javax.ws.rs-api-2.1.1.jar:/home/runner/.m2/repository/org/apache/kafka/connect-json/3.9.1/connect-json-3.9.1.jar:/home/runner/.m2/repository/com/fasterxml/jackson/datatype/jackson-datatype-jdk8/2.18.2/jackson-datatype-jdk8-2.18.2.jar:/home/runner/.m2/repository/com/fasterxml/jackson/module/jackson-module-afterburner/2.18.2/jackson-module-afterburner-2.18.2.jar:/home/runner/work/apicurio-testing/apicurio-testing/clusters/ci419/namespaces/mysql/tests/integration/apicurio-registry/utils/kafka/target/apicurio-registry-utils-kafka-3.0.12-SNAPSHOT.jar:/home/runner/.m2/repository/org/apache/pulsar/pulsar-client/3.3.8/pulsar-client-3.3.8.jar:/home/runner/.m2/repository/org/apache/pulsar/pulsar-client-api/3.3.8/pulsar-client-api-3.3.8.jar:/home/runner/.m2/repository/org/apache/pulsar/pulsar-client-admin-api/3.3.8/pulsar-client-admin-api-3.3.8.jar:/home/runner/.m2/repository/org/apache/pulsar/bouncy-castle-bc/3.3.8/bouncy-castle-bc-3.3.8-pkg.jar:/home/runner/.m2/repository/org/bouncycastle/bcpkix-jdk18on/1.81/bcpkix-jdk18on-1.81.jar:/home/runner/.m2/repository/org/bouncycastle/bcutil-jdk18on/1.81/bcutil-jdk18on-1.81.jar:/home/runner/.m2/repository/org/bouncycastle/bcprov-jdk18on/1.81/bcprov-jdk18on-1.81.jar:/home/runner/.m2/repository/io/opentelemetry/opentelemetry-api/1.44.1/opentelemetry-api-1.44.1.jar:/home/runner/.m2/repository/io/opentelemetry/opentelemetry-context/1.44.1/opentelemetry-context-1.44.1.jar:/home/runner/.m2/repository/io/opentelemetry/opentelemetry-api-incubator/1.44.1-alpha/opentelemetry-api-incubator-1.44.1-alpha.jar:/home/runner/.m2/repository/com/fasterxml/jackson/core/jackson-annotations/2.18.2/jackson-annotations-2.18.2.jar:/home/runner/.m2/repository/javax/validation/validation-api/1.1.0.Final/validation-api-1.1.0.Final.jar:/home/runner/.m2/repository/org/jspecify/jspecify/1.0.0/jspecify-1.0.0.jar:/home/runner/.m2/repository/org/apache/commons/commons-configuration2/2.12.0/commons-configuration2-2.12.0.jar:/home/runner/.m2/repository/commons-logging/commons-logging/1.3.5/commons-logging-1.3.5.jar:/home/runner/.m2/repository/org/apache/commons/commons-text/1.13.0/commons-text-1.13.0.jar:/home/runner/.m2/repository/io/confluent/kafka-avro-serializer/8.0.0/kafka-avro-serializer-8.0.0.jar:/home/runner/.m2/repository/org/apache/commons/commons-compress/1.27.1/commons-compress-1.27.1.jar:/home/runner/.m2/repository/io/confluent/kafka-schema-serializer/8.0.0/kafka-schema-serializer-8.0.0.jar:/home/runner/.m2/repository/com/fasterxml/jackson/dataformat/jackson-dataformat-csv/2.18.2/jackson-dataformat-csv-2.18.2.jar:/home/runner/.m2/repository/io/confluent/kafka-schema-registry-client/8.0.0/kafka-schema-registry-client-8.0.0.jar:/home/runner/.m2/repository/org/yaml/snakeyaml/2.3/snakeyaml-2.3.jar:/home/runner/.m2/repository/io/swagger/core/v3/swagger-annotations/2.2.29/swagger-annotations-2.2.29.jar:/home/runner/.m2/repository/com/google/guava/guava/33.4.0-jre/guava-33.4.0-jre.jar:/home/runner/.m2/repository/com/google/guava/failureaccess/1.0.1/failureaccess-1.0.1.jar:/home/runner/.m2/repository/org/checkerframework/checker-qual/3.49.0/checker-qual-3.49.0.jar:/home/runner/.m2/repository/io/confluent/logredactor/1.0.13/logredactor-1.0.13.jar:/home/runner/.m2/repository/com/google/re2j/re2j/1.6/re2j-1.6.jar:/home/runner/.m2/repository/io/confluent/logredactor-metrics/1.0.13/logredactor-metrics-1.0.13.jar:/home/runner/.m2/repository/com/eclipsesource/minimal-json/minimal-json/0.9.5/minimal-json-0.9.5.jar:/home/runner/.m2/repository/io/confluent/common-utils/8.0.0/common-utils-8.0.0.jar:/home/runner/.m2/repository/io/confluent/kafka-connect-avro-converter/8.0.0/kafka-connect-avro-converter-8.0.0.jar:/home/runner/.m2/repository/io/confluent/kafka-connect-avro-data/8.0.0/kafka-connect-avro-data-8.0.0.jar:/home/runner/.m2/repository/io/confluent/kafka-schema-converter/8.0.0/kafka-schema-converter-8.0.0.jar:/home/runner/.m2/repository/io/rest-assured/rest-assured/5.5.1/rest-assured-5.5.1.jar:/home/runner/.m2/repository/org/apache/groovy/groovy/4.0.22/groovy-4.0.22.jar:/home/runner/.m2/repository/org/apache/groovy/groovy-xml/4.0.22/groovy-xml-4.0.22.jar:/home/runner/.m2/repository/org/apache/httpcomponents/httpclient/4.5.14/httpclient-4.5.14.jar:/home/runner/.m2/repository/org/apache/httpcomponents/httpcore/4.4.16/httpcore-4.4.16.jar:/home/runner/.m2/repository/org/apache/httpcomponents/httpmime/4.5.14/httpmime-4.5.14.jar:/home/runner/.m2/repository/org/hamcrest/hamcrest/2.2/hamcrest-2.2.jar:/home/runner/.m2/repository/org/ccil/cowan/tagsoup/tagsoup/1.2.1/tagsoup-1.2.1.jar:/home/runner/.m2/repository/io/rest-assured/json-path/5.5.1/json-path-5.5.1.jar:/home/runner/.m2/repository/org/apache/groovy/groovy-json/4.0.22/groovy-json-4.0.22.jar:/home/runner/.m2/repository/io/rest-assured/rest-assured-common/5.5.1/rest-assured-common-5.5.1.jar:/home/runner/.m2/repository/io/rest-assured/xml-path/5.5.1/xml-path-5.5.1.jar:/home/runner/.m2/repository/io/zonky/test/embedded-postgres/2.1.0/embedded-postgres-2.1.0.jar:/home/runner/.m2/repository/io/zonky/test/postgres/embedded-postgres-binaries-windows-amd64/14.15.0/embedded-postgres-binaries-windows-amd64-14.15.0.jar:/home/runner/.m2/repository/io/zonky/test/postgres/embedded-postgres-binaries-darwin-amd64/14.15.0/embedded-postgres-binaries-darwin-amd64-14.15.0.jar:/home/runner/.m2/repository/io/zonky/test/postgres/embedded-postgres-binaries-linux-amd64/14.15.0/embedded-postgres-binaries-linux-amd64-14.15.0.jar:/home/runner/.m2/repository/io/zonky/test/postgres/embedded-postgres-binaries-linux-amd64-alpine/14.15.0/embedded-postgres-binaries-linux-amd64-alpine-14.15.0.jar:/home/runner/.m2/repository/org/apache/commons/commons-lang3/3.17.0/commons-lang3-3.17.0.jar:/home/runner/.m2/repository/org/tukaani/xz/1.10/xz-1.10.jar:/home/runner/.m2/repository/commons-codec/commons-codec/1.19.0/commons-codec-1.19.0.jar:/home/runner/.m2/repository/org/postgresql/postgresql/42.7.7/postgresql-42.7.7.jar:/home/runner/.m2/repository/commons-io/commons-io/2.18.0/commons-io-2.18.0.jar:/home/runner/work/apicurio-testing/apicurio-testing/clusters/ci419/namespaces/mysql/tests/integration/apicurio-registry/utils/importexport/target/apicurio-registry-utils-import-export-3.0.12-SNAPSHOT.jar:/home/runner/.m2/repository/io/vertx/vertx-core/4.5.16/vertx-core-4.5.16.jar:/home/runner/.m2/repository/io/netty/netty-common/4.1.121.Final/netty-common-4.1.121.Final.jar:/home/runner/.m2/repository/io/netty/netty-buffer/4.1.121.Final/netty-buffer-4.1.121.Final.jar:/home/runner/.m2/repository/io/netty/netty-transport/4.1.121.Final/netty-transport-4.1.121.Final.jar:/home/runner/.m2/repository/io/netty/netty-handler/4.1.121.Final/netty-handler-4.1.121.Final.jar:/home/runner/.m2/repository/io/netty/netty-transport-native-unix-common/4.1.121.Final/netty-transport-native-unix-common-4.1.121.Final.jar:/home/runner/.m2/repository/io/netty/netty-codec/4.1.121.Final/netty-codec-4.1.121.Final.jar:/home/runner/.m2/repository/io/netty/netty-handler-proxy/4.1.121.Final/netty-handler-proxy-4.1.121.Final.jar:/home/runner/.m2/repository/io/netty/netty-codec-socks/4.1.121.Final/netty-codec-socks-4.1.121.Final.jar:/home/runner/.m2/repository/io/netty/netty-codec-http/4.1.121.Final/netty-codec-http-4.1.121.Final.jar:/home/runner/.m2/repository/io/netty/netty-codec-http2/4.1.121.Final/netty-codec-http2-4.1.121.Final.jar:/home/runner/.m2/repository/io/netty/netty-resolver/4.1.121.Final/netty-resolver-4.1.121.Final.jar:/home/runner/.m2/repository/io/netty/netty-resolver-dns/4.1.121.Final/netty-resolver-dns-4.1.121.Final.jar:/home/runner/.m2/repository/io/netty/netty-codec-dns/4.1.121.Final/netty-codec-dns-4.1.121.Final.jar:/home/runner/.m2/repository/com/fasterxml/jackson/core/jackson-core/2.18.2/jackson-core-2.18.2.jar:"/>
    <property name="java.vm.vendor" value="Eclipse Adoptium"/>
    <property name="maven.javadoc.skip" value="true"/>
    <property name="sun.arch.data.model" value="64"/>
    <property name="java.vendor.url" value="https://adoptium.net/"/>
    <property name="user.timezone" value="Etc/UTC"/>
    <property name="os.name" value="Linux"/>
    <property name="java.vm.specification.version" value="17"/>
    <property name="sun.java.launcher" value="SUN_STANDARD"/>
    <property name="quarkus.http.test-port" value="80"/>
    <property name="sun.boot.library.path" value="/usr/lib/jvm/temurin-17-jdk-amd64/lib"/>
    <property name="sun.java.command" value="/home/runner/work/apicurio-testing/apicurio-testing/clusters/ci419/namespaces/mysql/tests/integration/apicurio-registry/integration-tests/target/surefire/surefirebooter-20250807122421455_3.jar /home/runner/work/apicurio-testing/apicurio-testing/clusters/ci419/namespaces/mysql/tests/integration/apicurio-registry/integration-tests/target/surefire 2025-08-07T12-24-21_351-jvmRun1 surefire-20250807122421455_1tmp surefire_0-20250807122421455_2tmp"/>
    <property name="maven.home" value="/home/runner/.m2/wrapper/dists/apache-maven-3.9.8-bin/4fnp1ql35bgk2a0p7m31ovbgb0/apache-maven-3.9.8"/>
    <property name="jdk.debug" value="release"/>
    <property name="surefire.test.class.path" value="/home/runner/work/apicurio-testing/apicurio-testing/clusters/ci419/namespaces/mysql/tests/integration/apicurio-registry/integration-tests/target/test-classes:/home/runner/work/apicurio-testing/apicurio-testing/clusters/ci419/namespaces/mysql/tests/integration/apicurio-registry/integration-tests/target/apicurio-registry-integration-tests-3.0.12-SNAPSHOT.jar:/home/runner/.m2/repository/io/quarkus/quarkus-junit5/3.20.2/quarkus-junit5-3.20.2.jar:/home/runner/.m2/repository/io/quarkus/quarkus-bootstrap-core/3.20.2/quarkus-bootstrap-core-3.20.2.jar:/home/runner/.m2/repository/io/quarkus/quarkus-classloader-commons/3.20.2/quarkus-classloader-commons-3.20.2.jar:/home/runner/.m2/repository/io/quarkus/quarkus-bootstrap-app-model/3.20.2/quarkus-bootstrap-app-model-3.20.2.jar:/home/runner/.m2/repository/io/smallrye/common/smallrye-common-io/2.12.0/smallrye-common-io-2.12.0.jar:/home/runner/.m2/repository/org/eclipse/sisu/org.eclipse.sisu.inject/0.9.0.M3/org.eclipse.sisu.inject-0.9.0.M3.jar:/home/runner/.m2/repository/io/quarkus/quarkus-test-common/3.20.2/quarkus-test-common-3.20.2.jar:/home/runner/.m2/repository/io/quarkus/quarkus-core-deployment/3.20.2/quarkus-core-deployment-3.20.2.jar:/home/runner/.m2/repository/org/aesh/readline/2.6/readline-2.6.jar:/home/runner/.m2/repository/org/fusesource/jansi/jansi/2.4.0/jansi-2.4.0.jar:/home/runner/.m2/repository/org/aesh/aesh/2.8.2/aesh-2.8.2.jar:/home/runner/.m2/repository/io/quarkus/gizmo/gizmo/1.8.0/gizmo-1.8.0.jar:/home/runner/.m2/repository/org/ow2/asm/asm-util/9.7.1/asm-util-9.7.1.jar:/home/runner/.m2/repository/org/ow2/asm/asm-analysis/9.7.1/asm-analysis-9.7.1.jar:/home/runner/.m2/repository/org/ow2/asm/asm-commons/9.7.1/asm-commons-9.7.1.jar:/home/runner/.m2/repository/org/ow2/asm/asm-tree/9.7.1/asm-tree-9.7.1.jar:/home/runner/.m2/repository/io/quarkus/quarkus-hibernate-validator-spi/3.20.2/quarkus-hibernate-validator-spi-3.20.2.jar:/home/runner/.m2/repository/io/quarkus/quarkus-class-change-agent/3.20.2/quarkus-class-change-agent-3.20.2.jar:/home/runner/.m2/repository/io/quarkus/quarkus-devtools-utilities/3.20.2/quarkus-devtools-utilities-3.20.2.jar:/home/runner/.m2/repository/io/quarkus/quarkus-builder/3.20.2/quarkus-builder-3.20.2.jar:/home/runner/.m2/repository/org/graalvm/sdk/nativeimage/23.1.2/nativeimage-23.1.2.jar:/home/runner/.m2/repository/org/graalvm/sdk/word/23.1.2/word-23.1.2.jar:/home/runner/.m2/repository/io/quarkus/quarkus-bootstrap-maven-resolver/3.20.2/quarkus-bootstrap-maven-resolver-3.20.2.jar:/home/runner/.m2/repository/io/smallrye/beanbag/smallrye-beanbag-maven/1.5.2/smallrye-beanbag-maven-1.5.2.jar:/home/runner/.m2/repository/io/smallrye/beanbag/smallrye-beanbag-sisu/1.5.2/smallrye-beanbag-sisu-1.5.2.jar:/home/runner/.m2/repository/io/smallrye/beanbag/smallrye-beanbag/1.5.2/smallrye-beanbag-1.5.2.jar:/home/runner/.m2/repository/javax/inject/javax.inject/1/javax.inject-1.jar:/home/runner/.m2/repository/org/apache/maven/maven-artifact/3.9.9/maven-artifact-3.9.9.jar:/home/runner/.m2/repository/org/apache/maven/maven-builder-support/3.9.9/maven-builder-support-3.9.9.jar:/home/runner/.m2/repository/org/apache/maven/maven-model/3.9.9/maven-model-3.9.9.jar:/home/runner/.m2/repository/org/apache/maven/maven-model-builder/3.9.9/maven-model-builder-3.9.9.jar:/home/runner/.m2/repository/org/apache/maven/maven-repository-metadata/3.9.9/maven-repository-metadata-3.9.9.jar:/home/runner/.m2/repository/org/apache/maven/maven-settings/3.9.9/maven-settings-3.9.9.jar:/home/runner/.m2/repository/org/apache/maven/resolver/maven-resolver-api/1.9.22/maven-resolver-api-1.9.22.jar:/home/runner/.m2/repository/org/apache/maven/resolver/maven-resolver-impl/1.9.22/maven-resolver-impl-1.9.22.jar:/home/runner/.m2/repository/org/apache/maven/resolver/maven-resolver-named-locks/1.9.22/maven-resolver-named-locks-1.9.22.jar:/home/runner/.m2/repository/org/apache/maven/resolver/maven-resolver-spi/1.9.22/maven-resolver-spi-1.9.22.jar:/home/runner/.m2/repository/org/apache/maven/resolver/maven-resolver-util/1.9.22/maven-resolver-util-1.9.22.jar:/home/runner/.m2/repository/org/apache/maven/resolver/maven-resolver-transport-http/1.9.20/maven-resolver-transport-http-1.9.20.jar:/home/runner/.m2/repository/org/apache/maven/wagon/wagon-provider-api/3.5.3/wagon-provider-api-3.5.3.jar:/home/runner/.m2/repository/org/apache/maven/wagon/wagon-http-shared/3.5.3/wagon-http-shared-3.5.3.jar:/home/runner/.m2/repository/org/codehaus/plexus/plexus-interpolation/1.26/plexus-interpolation-1.26.jar:/home/runner/.m2/repository/org/codehaus/plexus/plexus-utils/3.5.1/plexus-utils-3.5.1.jar:/home/runner/.m2/repository/org/codehaus/plexus/plexus-xml/4.0.1/plexus-xml-4.0.1.jar:/home/runner/.m2/repository/org/apache/maven/maven-xml-impl/4.0.0-alpha-5/maven-xml-impl-4.0.0-alpha-5.jar:/home/runner/.m2/repository/org/apache/maven/maven-api-xml/4.0.0-alpha-5/maven-api-xml-4.0.0-alpha-5.jar:/home/runner/.m2/repository/org/apache/maven/maven-api-meta/4.0.0-alpha-5/maven-api-meta-4.0.0-alpha-5.jar:/home/runner/.m2/repository/org/codehaus/plexus/plexus-cipher/2.0/plexus-cipher-2.0.jar:/home/runner/.m2/repository/org/codehaus/plexus/plexus-sec-dispatcher/2.0/plexus-sec-dispatcher-2.0.jar:/home/runner/.m2/repository/org/apache/maven/maven-embedder/3.9.9/maven-embedder-3.9.9.jar:/home/runner/.m2/repository/org/apache/maven/maven-core/3.9.9/maven-core-3.9.9.jar:/home/runner/.m2/repository/org/codehaus/plexus/plexus-component-annotations/2.1.0/plexus-component-annotations-2.1.0.jar:/home/runner/.m2/repository/org/apache/maven/maven-plugin-api/3.9.9/maven-plugin-api-3.9.9.jar:/home/runner/.m2/repository/org/apache/maven/shared/maven-shared-utils/3.4.2/maven-shared-utils-3.4.2.jar:/home/runner/.m2/repository/com/google/inject/guice/5.1.0/guice-5.1.0.jar:/home/runner/.m2/repository/aopalliance/aopalliance/1.0/aopalliance-1.0.jar:/home/runner/.m2/repository/org/codehaus/plexus/plexus-classworlds/2.6.0/plexus-classworlds-2.6.0.jar:/home/runner/.m2/repository/commons-cli/commons-cli/1.8.0/commons-cli-1.8.0.jar:/home/runner/.m2/repository/org/eclipse/sisu/org.eclipse.sisu.plexus/0.9.0.M3/org.eclipse.sisu.plexus-0.9.0.M3.jar:/home/runner/.m2/repository/org/apache/maven/maven-settings-builder/3.9.9/maven-settings-builder-3.9.9.jar:/home/runner/.m2/repository/org/apache/maven/maven-resolver-provider/3.9.9/maven-resolver-provider-3.9.9.jar:/home/runner/.m2/repository/org/apache/maven/resolver/maven-resolver-connector-basic/1.9.22/maven-resolver-connector-basic-1.9.22.jar:/home/runner/.m2/repository/org/apache/maven/resolver/maven-resolver-transport-wagon/1.9.22/maven-resolver-transport-wagon-1.9.22.jar:/home/runner/.m2/repository/org/apache/maven/wagon/wagon-http/3.5.3/wagon-http-3.5.3.jar:/home/runner/.m2/repository/org/apache/maven/wagon/wagon-file/3.5.3/wagon-file-3.5.3.jar:/home/runner/.m2/repository/io/quarkus/quarkus-bootstrap-gradle-resolver/3.20.2/quarkus-bootstrap-gradle-resolver-3.20.2.jar:/home/runner/.m2/repository/io/smallrye/jandex/3.3.0/jandex-3.3.0.jar:/home/runner/.m2/repository/org/jboss/logging/commons-logging-jboss-logging/1.0.0.Final/commons-logging-jboss-logging-1.0.0.Final.jar:/home/runner/.m2/repository/io/quarkus/quarkus-junit5-config/3.20.2/quarkus-junit5-config-3.20.2.jar:/home/runner/.m2/repository/org/junit/jupiter/junit-jupiter-api/5.12.1/junit-jupiter-api-5.12.1.jar:/home/runner/.m2/repository/io/smallrye/config/smallrye-config/3.11.4/smallrye-config-3.11.4.jar:/home/runner/.m2/repository/io/smallrye/config/smallrye-config-core/3.11.4/smallrye-config-core-3.11.4.jar:/home/runner/.m2/repository/io/smallrye/common/smallrye-common-classloader/2.12.0/smallrye-common-classloader-2.12.0.jar:/home/runner/.m2/repository/io/smallrye/config/smallrye-config-common/3.11.4/smallrye-config-common-3.11.4.jar:/home/runner/.m2/repository/org/junit/jupiter/junit-jupiter/5.12.1/junit-jupiter-5.12.1.jar:/home/runner/.m2/repository/org/junit/jupiter/junit-jupiter-params/5.12.1/junit-jupiter-params-5.12.1.jar:/home/runner/.m2/repository/org/junit/jupiter/junit-jupiter-engine/5.12.1/junit-jupiter-engine-5.12.1.jar:/home/runner/.m2/repository/io/quarkus/quarkus-core/3.20.2/quarkus-core-3.20.2.jar:/home/runner/.m2/repository/jakarta/enterprise/jakarta.enterprise.cdi-api/4.1.0/jakarta.enterprise.cdi-api-4.1.0.jar:/home/runner/.m2/repository/jakarta/enterprise/jakarta.enterprise.lang-model/4.1.0/jakarta.enterprise.lang-model-4.1.0.jar:/home/runner/.m2/repository/jakarta/el/jakarta.el-api/5.0.1/jakarta.el-api-5.0.1.jar:/home/runner/.m2/repository/jakarta/interceptor/jakarta.interceptor-api/2.2.0/jakarta.interceptor-api-2.2.0.jar:/home/runner/.m2/repository/jakarta/inject/jakarta.inject-api/2.0.1/jakarta.inject-api-2.0.1.jar:/home/runner/.m2/repository/io/smallrye/common/smallrye-common-os/2.12.0/smallrye-common-os-2.12.0.jar:/home/runner/.m2/repository/io/quarkus/quarkus-ide-launcher/3.20.2/quarkus-ide-launcher-3.20.2.jar:/home/runner/.m2/repository/io/quarkus/quarkus-development-mode-spi/3.20.2/quarkus-development-mode-spi-3.20.2.jar:/home/runner/.m2/repository/org/jboss/logging/jboss-logging/3.6.1.Final/jboss-logging-3.6.1.Final.jar:/home/runner/.m2/repository/org/jboss/logmanager/jboss-logmanager/3.1.2.Final/jboss-logmanager-3.1.2.Final.jar:/home/runner/.m2/repository/io/smallrye/common/smallrye-common-constraint/2.12.0/smallrye-common-constraint-2.12.0.jar:/home/runner/.m2/repository/io/smallrye/common/smallrye-common-cpu/2.12.0/smallrye-common-cpu-2.12.0.jar:/home/runner/.m2/repository/io/smallrye/common/smallrye-common-expression/2.12.0/smallrye-common-expression-2.12.0.jar:/home/runner/.m2/repository/io/smallrye/common/smallrye-common-net/2.12.0/smallrye-common-net-2.12.0.jar:/home/runner/.m2/repository/io/smallrye/common/smallrye-common-ref/2.12.0/smallrye-common-ref-2.12.0.jar:/home/runner/.m2/repository/jakarta/json/jakarta.json-api/2.1.3/jakarta.json-api-2.1.3.jar:/home/runner/.m2/repository/org/eclipse/parsson/parsson/1.1.7/parsson-1.1.7.jar:/home/runner/.m2/repository/org/jboss/logging/jboss-logging-annotations/3.0.4.Final/jboss-logging-annotations-3.0.4.Final.jar:/home/runner/.m2/repository/org/jboss/threads/jboss-threads/3.8.0.Final/jboss-threads-3.8.0.Final.jar:/home/runner/.m2/repository/io/smallrye/common/smallrye-common-annotation/2.12.0/smallrye-common-annotation-2.12.0.jar:/home/runner/.m2/repository/io/smallrye/common/smallrye-common-function/2.12.0/smallrye-common-function-2.12.0.jar:/home/runner/.m2/repository/org/jboss/slf4j/slf4j-jboss-logmanager/2.0.0.Final/slf4j-jboss-logmanager-2.0.0.Final.jar:/home/runner/.m2/repository/org/wildfly/common/wildfly-common/2.0.1/wildfly-common-2.0.1.jar:/home/runner/.m2/repository/io/quarkus/quarkus-bootstrap-runner/3.20.2/quarkus-bootstrap-runner-3.20.2.jar:/home/runner/.m2/repository/io/github/crac/org-crac/0.1.3/org-crac-0.1.3.jar:/home/runner/.m2/repository/io/quarkus/quarkus-fs-util/0.0.10/quarkus-fs-util-0.0.10.jar:/home/runner/.m2/repository/org/jboss/marshalling/jboss-marshalling/2.2.2.Final/jboss-marshalling-2.2.2.Final.jar:/home/runner/.m2/repository/io/fabric8/kubernetes-client/7.1.0/kubernetes-client-7.1.0.jar:/home/runner/.m2/repository/io/fabric8/kubernetes-client-api/7.1.0/kubernetes-client-api-7.1.0.jar:/home/runner/.m2/repository/io/fabric8/kubernetes-model-core/7.1.0/kubernetes-model-core-7.1.0.jar:/home/runner/.m2/repository/io/fabric8/kubernetes-model-common/7.1.0/kubernetes-model-common-7.1.0.jar:/home/runner/.m2/repository/javax/annotation/javax.annotation-api/1.3.2/javax.annotation-api-1.3.2.jar:/home/runner/.m2/repository/io/fabric8/kubernetes-model-gatewayapi/7.1.0/kubernetes-model-gatewayapi-7.1.0.jar:/home/runner/.m2/repository/io/fabric8/kubernetes-model-resource/7.1.0/kubernetes-model-resource-7.1.0.jar:/home/runner/.m2/repository/io/fabric8/kubernetes-model-rbac/7.1.0/kubernetes-model-rbac-7.1.0.jar:/home/runner/.m2/repository/io/fabric8/kubernetes-model-admissionregistration/7.1.0/kubernetes-model-admissionregistration-7.1.0.jar:/home/runner/.m2/repository/io/fabric8/kubernetes-model-apps/7.1.0/kubernetes-model-apps-7.1.0.jar:/home/runner/.m2/repository/io/fabric8/kubernetes-model-autoscaling/7.1.0/kubernetes-model-autoscaling-7.1.0.jar:/home/runner/.m2/repository/io/fabric8/kubernetes-model-apiextensions/7.1.0/kubernetes-model-apiextensions-7.1.0.jar:/home/runner/.m2/repository/io/fabric8/kubernetes-model-batch/7.1.0/kubernetes-model-batch-7.1.0.jar:/home/runner/.m2/repository/io/fabric8/kubernetes-model-certificates/7.1.0/kubernetes-model-certificates-7.1.0.jar:/home/runner/.m2/repository/io/fabric8/kubernetes-model-coordination/7.1.0/kubernetes-model-coordination-7.1.0.jar:/home/runner/.m2/repository/io/fabric8/kubernetes-model-discovery/7.1.0/kubernetes-model-discovery-7.1.0.jar:/home/runner/.m2/repository/io/fabric8/kubernetes-model-events/7.1.0/kubernetes-model-events-7.1.0.jar:/home/runner/.m2/repository/io/fabric8/kubernetes-model-extensions/7.1.0/kubernetes-model-extensions-7.1.0.jar:/home/runner/.m2/repository/io/fabric8/kubernetes-model-flowcontrol/7.1.0/kubernetes-model-flowcontrol-7.1.0.jar:/home/runner/.m2/repository/io/fabric8/kubernetes-model-networking/7.1.0/kubernetes-model-networking-7.1.0.jar:/home/runner/.m2/repository/io/fabric8/kubernetes-model-metrics/7.1.0/kubernetes-model-metrics-7.1.0.jar:/home/runner/.m2/repository/io/fabric8/kubernetes-model-policy/7.1.0/kubernetes-model-policy-7.1.0.jar:/home/runner/.m2/repository/io/fabric8/kubernetes-model-scheduling/7.1.0/kubernetes-model-scheduling-7.1.0.jar:/home/runner/.m2/repository/io/fabric8/kubernetes-model-storageclass/7.1.0/kubernetes-model-storageclass-7.1.0.jar:/home/runner/.m2/repository/io/fabric8/kubernetes-model-node/7.1.0/kubernetes-model-node-7.1.0.jar:/home/runner/.m2/repository/org/snakeyaml/snakeyaml-engine/2.9/snakeyaml-engine-2.9.jar:/home/runner/.m2/repository/com/fasterxml/jackson/dataformat/jackson-dataformat-yaml/2.18.2/jackson-dataformat-yaml-2.18.2.jar:/home/runner/.m2/repository/com/fasterxml/jackson/datatype/jackson-datatype-jsr310/2.18.2/jackson-datatype-jsr310-2.18.2.jar:/home/runner/.m2/repository/io/fabric8/zjsonpatch/7.1.0/zjsonpatch-7.1.0.jar:/home/runner/.m2/repository/io/fabric8/kubernetes-httpclient-vertx/7.1.0/kubernetes-httpclient-vertx-7.1.0.jar:/home/runner/.m2/repository/io/vertx/vertx-web-client/4.5.16/vertx-web-client-4.5.16.jar:/home/runner/.m2/repository/io/vertx/vertx-web-common/4.5.16/vertx-web-common-4.5.16.jar:/home/runner/.m2/repository/io/vertx/vertx-auth-common/4.5.16/vertx-auth-common-4.5.16.jar:/home/runner/.m2/repository/io/vertx/vertx-uri-template/4.5.16/vertx-uri-template-4.5.16.jar:/home/runner/.m2/repository/io/fabric8/openshift-client/7.1.0/openshift-client-7.1.0.jar:/home/runner/.m2/repository/io/fabric8/openshift-client-api/7.1.0/openshift-client-api-7.1.0.jar:/home/runner/.m2/repository/io/fabric8/openshift-model/7.1.0/openshift-model-7.1.0.jar:/home/runner/.m2/repository/io/fabric8/openshift-model-autoscaling/7.1.0/openshift-model-autoscaling-7.1.0.jar:/home/runner/.m2/repository/io/fabric8/openshift-model-operator/7.1.0/openshift-model-operator-7.1.0.jar:/home/runner/.m2/repository/io/fabric8/openshift-model-operatorhub/7.1.0/openshift-model-operatorhub-7.1.0.jar:/home/runner/.m2/repository/io/fabric8/openshift-model-machine/7.1.0/openshift-model-machine-7.1.0.jar:/home/runner/.m2/repository/io/fabric8/openshift-model-whereabouts/7.1.0/openshift-model-whereabouts-7.1.0.jar:/home/runner/.m2/repository/io/fabric8/openshift-model-monitoring/7.1.0/openshift-model-monitoring-7.1.0.jar:/home/runner/.m2/repository/io/fabric8/openshift-model-storageversionmigrator/7.1.0/openshift-model-storageversionmigrator-7.1.0.jar:/home/runner/.m2/repository/io/fabric8/openshift-model-tuned/7.1.0/openshift-model-tuned-7.1.0.jar:/home/runner/.m2/repository/io/fabric8/openshift-model-console/7.1.0/openshift-model-console-7.1.0.jar:/home/runner/.m2/repository/io/fabric8/openshift-model-config/7.1.0/openshift-model-config-7.1.0.jar:/home/runner/.m2/repository/io/fabric8/openshift-model-machineconfiguration/7.1.0/openshift-model-machineconfiguration-7.1.0.jar:/home/runner/.m2/repository/io/fabric8/openshift-model-miscellaneous/7.1.0/openshift-model-miscellaneous-7.1.0.jar:/home/runner/.m2/repository/io/fabric8/openshift-model-hive/7.1.0/openshift-model-hive-7.1.0.jar:/home/runner/.m2/repository/io/fabric8/openshift-model-installer/7.1.0/openshift-model-installer-7.1.0.jar:/home/runner/.m2/repository/org/junit/platform/junit-platform-launcher/1.12.1/junit-platform-launcher-1.12.1.jar:/home/runner/.m2/repository/org/junit/platform/junit-platform-engine/1.12.1/junit-platform-engine-1.12.1.jar:/home/runner/.m2/repository/org/opentest4j/opentest4j/1.3.0/opentest4j-1.3.0.jar:/home/runner/.m2/repository/org/junit/platform/junit-platform-commons/1.12.1/junit-platform-commons-1.12.1.jar:/home/runner/.m2/repository/org/apiguardian/apiguardian-api/1.1.2/apiguardian-api-1.1.2.jar:/home/runner/.m2/repository/jakarta/ws/rs/jakarta.ws.rs-api/3.1.0/jakarta.ws.rs-api-3.1.0.jar:/home/runner/work/apicurio-testing/apicurio-testing/clusters/ci419/namespaces/mysql/tests/integration/apicurio-registry/java-sdk/target/apicurio-registry-java-sdk-3.0.12-SNAPSHOT.jar:/home/runner/.m2/repository/com/microsoft/kiota/microsoft-kiota-abstractions/1.8.8/microsoft-kiota-abstractions-1.8.8.jar:/home/runner/.m2/repository/io/github/std-uritemplate/std-uritemplate/2.0.0/std-uritemplate-2.0.0.jar:/home/runner/.m2/repository/io/kiota/kiota-http-jdk/0.0.29/kiota-http-jdk-0.0.29.jar:/home/runner/.m2/repository/io/kiota/kiota-http-vertx/0.0.29/kiota-http-vertx-0.0.29.jar:/home/runner/.m2/repository/io/kiota/kiota-serialization-jackson/0.0.29/kiota-serialization-jackson-0.0.29.jar:/home/runner/.m2/repository/com/microsoft/kiota/microsoft-kiota-serialization-text/1.8.8/microsoft-kiota-serialization-text-1.8.8.jar:/home/runner/.m2/repository/com/microsoft/kiota/microsoft-kiota-serialization-form/1.8.8/microsoft-kiota-serialization-form-1.8.8.jar:/home/runner/.m2/repository/com/microsoft/kiota/microsoft-kiota-serialization-multipart/1.8.8/microsoft-kiota-serialization-multipart-1.8.8.jar:/home/runner/.m2/repository/jakarta/annotation/jakarta.annotation-api/3.0.0/jakarta.annotation-api-3.0.0.jar:/home/runner/.m2/repository/io/vertx/vertx-auth-oauth2/4.5.16/vertx-auth-oauth2-4.5.16.jar:/home/runner/work/apicurio-testing/apicurio-testing/clusters/ci419/namespaces/mysql/tests/integration/apicurio-registry/java-sdk-v2/target/apicurio-registry-v2-java-sdk-3.0.12-SNAPSHOT.jar:/home/runner/work/apicurio-testing/apicurio-testing/clusters/ci419/namespaces/mysql/tests/integration/apicurio-registry/utils/kafka/target/apicurio-registry-utils-kafka-3.0.12-SNAPSHOT-tests.jar:/home/runner/.m2/repository/org/eclipse/microprofile/config/microprofile-config-api/3.1/microprofile-config-api-3.1.jar:/home/runner/.m2/repository/org/apache/kafka/kafka-clients/3.9.1/kafka-clients-3.9.1.jar:/home/runner/.m2/repository/com/github/luben/zstd-jni/1.5.6-4/zstd-jni-1.5.6-4.jar:/home/runner/.m2/repository/org/lz4/lz4-java/1.8.0/lz4-java-1.8.0.jar:/home/runner/.m2/repository/org/xerial/snappy/snappy-java/1.1.10.5/snappy-java-1.1.10.5.jar:/home/runner/.m2/repository/org/slf4j/slf4j-api/2.0.6/slf4j-api-2.0.6.jar:/home/runner/work/apicurio-testing/apicurio-testing/clusters/ci419/namespaces/mysql/tests/integration/apicurio-registry/utils/tests/target/apicurio-registry-utils-tests-3.0.12-SNAPSHOT.jar:/home/runner/work/apicurio-testing/apicurio-testing/clusters/ci419/namespaces/mysql/tests/integration/apicurio-registry/common/target/apicurio-registry-common-3.0.12-SNAPSHOT.jar:/home/runner/.m2/repository/jakarta/validation/jakarta.validation-api/3.0.2/jakarta.validation-api-3.0.2.jar:/home/runner/.m2/repository/com/github/dasniko/testcontainers-keycloak/3.8.0/testcontainers-keycloak-3.8.0.jar:/home/runner/.m2/repository/org/testcontainers/testcontainers/1.20.6/testcontainers-1.20.6.jar:/home/runner/.m2/repository/org/rnorth/duct-tape/duct-tape/1.0.8/duct-tape-1.0.8.jar:/home/runner/.m2/repository/com/github/docker-java/docker-java-transport-zerodep/3.4.1/docker-java-transport-zerodep-3.4.1.jar:/home/runner/.m2/repository/com/github/docker-java/docker-java-transport/3.4.1/docker-java-transport-3.4.1.jar:/home/runner/.m2/repository/net/java/dev/jna/jna/5.8.0/jna-5.8.0.jar:/home/runner/.m2/repository/io/quarkus/quarkus-junit4-mock/3.20.2/quarkus-junit4-mock-3.20.2.jar:/home/runner/.m2/repository/org/jboss/shrinkwrap/shrinkwrap-api/2.0.0-beta-2/shrinkwrap-api-2.0.0-beta-2.jar:/home/runner/.m2/repository/org/jboss/shrinkwrap/shrinkwrap-impl-base/2.0.0-beta-2/shrinkwrap-impl-base-2.0.0-beta-2.jar:/home/runner/.m2/repository/org/jboss/shrinkwrap/shrinkwrap-spi/2.0.0-beta-2/shrinkwrap-spi-2.0.0-beta-2.jar:/home/runner/.m2/repository/org/keycloak/keycloak-admin-client/26.0.4/keycloak-admin-client-26.0.4.jar:/home/runner/.m2/repository/org/keycloak/keycloak-client-common-synced/26.0.4/keycloak-client-common-synced-26.0.4.jar:/home/runner/.m2/repository/jakarta/activation/jakarta.activation-api/2.1.3/jakarta.activation-api-2.1.3.jar:/home/runner/.m2/repository/org/eclipse/microprofile/openapi/microprofile-openapi-api/4.0.2/microprofile-openapi-api-4.0.2.jar:/home/runner/.m2/repository/org/jboss/resteasy/resteasy-client/6.2.12.Final/resteasy-client-6.2.12.Final.jar:/home/runner/.m2/repository/org/jboss/resteasy/resteasy-client-api/6.2.12.Final/resteasy-client-api-6.2.12.Final.jar:/home/runner/.m2/repository/org/jboss/resteasy/resteasy-core-spi/6.2.12.Final/resteasy-core-spi-6.2.12.Final.jar:/home/runner/.m2/repository/org/jboss/resteasy/resteasy-core/6.2.12.Final/resteasy-core-6.2.12.Final.jar:/home/runner/.m2/repository/org/eclipse/angus/angus-activation/2.0.2/angus-activation-2.0.2.jar:/home/runner/.m2/repository/com/ibm/async/asyncutil/0.1.0/asyncutil-0.1.0.jar:/home/runner/.m2/repository/org/reactivestreams/reactive-streams/1.0.4/reactive-streams-1.0.4.jar:/home/runner/.m2/repository/org/jboss/resteasy/resteasy-multipart-provider/6.2.12.Final/resteasy-multipart-provider-6.2.12.Final.jar:/home/runner/.m2/repository/jakarta/mail/jakarta.mail-api/2.1.3/jakarta.mail-api-2.1.3.jar:/home/runner/.m2/repository/org/eclipse/angus/angus-mail/2.0.3/angus-mail-2.0.3.jar:/home/runner/.m2/repository/org/apache/james/apache-mime4j-dom/0.8.12/apache-mime4j-dom-0.8.12.jar:/home/runner/.m2/repository/org/apache/james/apache-mime4j-core/0.8.12/apache-mime4j-core-0.8.12.jar:/home/runner/.m2/repository/org/apache/james/apache-mime4j-storage/0.8.12/apache-mime4j-storage-0.8.12.jar:/home/runner/.m2/repository/org/jboss/resteasy/resteasy-jackson2-provider/6.2.12.Final/resteasy-jackson2-provider-6.2.12.Final.jar:/home/runner/.m2/repository/com/fasterxml/jackson/jakarta/rs/jackson-jakarta-rs-base/2.18.2/jackson-jakarta-rs-base-2.18.2.jar:/home/runner/.m2/repository/com/fasterxml/jackson/jakarta/rs/jackson-jakarta-rs-json-provider/2.18.2/jackson-jakarta-rs-json-provider-2.18.2.jar:/home/runner/.m2/repository/com/fasterxml/jackson/module/jackson-module-jakarta-xmlbind-annotations/2.18.2/jackson-module-jakarta-xmlbind-annotations-2.18.2.jar:/home/runner/.m2/repository/com/github/java-json-tools/json-patch/1.13/json-patch-1.13.jar:/home/runner/.m2/repository/com/github/java-json-tools/msg-simple/1.2/msg-simple-1.2.jar:/home/runner/.m2/repository/com/github/java-json-tools/btf/1.3/btf-1.3.jar:/home/runner/.m2/repository/com/github/java-json-tools/jackson-coreutils/2.0/jackson-coreutils-2.0.jar:/home/runner/.m2/repository/org/jboss/resteasy/resteasy-jaxb-provider/6.2.12.Final/resteasy-jaxb-provider-6.2.12.Final.jar:/home/runner/.m2/repository/org/glassfish/jaxb/codemodel/4.0.5/codemodel-4.0.5.jar:/home/runner/.m2/repository/org/glassfish/jaxb/jaxb-core/4.0.5/jaxb-core-4.0.5.jar:/home/runner/.m2/repository/org/glassfish/jaxb/jaxb-jxc/4.0.5/jaxb-jxc-4.0.5.jar:/home/runner/.m2/repository/org/glassfish/jaxb/jaxb-runtime/4.0.5/jaxb-runtime-4.0.5.jar:/home/runner/.m2/repository/org/glassfish/jaxb/txw2/4.0.5/txw2-4.0.5.jar:/home/runner/.m2/repository/org/glassfish/jaxb/jaxb-xjc/4.0.5/jaxb-xjc-4.0.5.jar:/home/runner/.m2/repository/org/glassfish/jaxb/xsom/4.0.5/xsom-4.0.5.jar:/home/runner/.m2/repository/com/sun/istack/istack-commons-runtime/4.1.2/istack-commons-runtime-4.1.2.jar:/home/runner/.m2/repository/com/sun/istack/istack-commons-tools/4.1.2/istack-commons-tools-4.1.2.jar:/home/runner/.m2/repository/com/sun/xml/bind/external/relaxng-datatype/4.0.5/relaxng-datatype-4.0.5.jar:/home/runner/.m2/repository/com/sun/xml/bind/external/rngom/4.0.5/rngom-4.0.5.jar:/home/runner/.m2/repository/org/testcontainers/mssqlserver/1.20.6/mssqlserver-1.20.6.jar:/home/runner/.m2/repository/org/testcontainers/jdbc/1.20.6/jdbc-1.20.6.jar:/home/runner/.m2/repository/org/testcontainers/database-commons/1.20.6/database-commons-1.20.6.jar:/home/runner/.m2/repository/org/testcontainers/mysql/1.20.6/mysql-1.20.6.jar:/home/runner/.m2/repository/io/strimzi/strimzi-test-container/0.111.0/strimzi-test-container-0.111.0.jar:/home/runner/.m2/repository/org/testcontainers/toxiproxy/1.20.6/toxiproxy-1.20.6.jar:/home/runner/.m2/repository/com/github/docker-java/docker-java-api/3.4.1/docker-java-api-3.4.1.jar:/home/runner/.m2/repository/org/apache/logging/log4j/log4j-slf4j-impl/2.19.0/log4j-slf4j-impl-2.19.0.jar:/home/runner/.m2/repository/org/apache/logging/log4j/log4j-api/2.24.3/log4j-api-2.24.3.jar:/home/runner/.m2/repository/org/apache/logging/log4j/log4j-core/2.19.0/log4j-core-2.19.0.jar:/home/runner/.m2/repository/eu/rekawek/toxiproxy/toxiproxy-java/2.1.7/toxiproxy-java-2.1.7.jar:/home/runner/.m2/repository/org/testcontainers/pulsar/1.21.3/pulsar-1.21.3.jar:/home/runner/.m2/repository/io/debezium/debezium-testing-testcontainers/2.7.4.Final/debezium-testing-testcontainers-2.7.4.Final.jar:/home/runner/.m2/repository/org/testcontainers/kafka/1.20.6/kafka-1.20.6.jar:/home/runner/.m2/repository/com/squareup/okhttp3/okhttp/4.8.1/okhttp-4.8.1.jar:/home/runner/.m2/repository/com/squareup/okio/okio/3.10.2/okio-3.10.2.jar:/home/runner/.m2/repository/com/squareup/okio/okio-jvm/3.10.2/okio-jvm-3.10.2.jar:/home/runner/.m2/repository/org/jetbrains/kotlin/kotlin-stdlib/2.0.21/kotlin-stdlib-2.0.21.jar:/home/runner/.m2/repository/org/awaitility/awaitility/4.3.0/awaitility-4.3.0.jar:/home/runner/.m2/repository/org/testcontainers/mongodb/1.20.6/mongodb-1.20.6.jar:/home/runner/.m2/repository/org/testcontainers/mariadb/1.20.6/mariadb-1.20.6.jar:/home/runner/.m2/repository/org/testcontainers/oracle-xe/1.20.6/oracle-xe-1.20.6.jar:/home/runner/.m2/repository/org/testcontainers/postgresql/1.20.6/postgresql-1.20.6.jar:/home/runner/.m2/repository/org/wiremock/wiremock/3.0.1/wiremock-3.0.1.jar:/home/runner/.m2/repository/org/eclipse/jetty/jetty-server/11.0.15/jetty-server-11.0.15.jar:/home/runner/.m2/repository/org/eclipse/jetty/toolchain/jetty-jakarta-servlet-api/5.0.2/jetty-jakarta-servlet-api-5.0.2.jar:/home/runner/.m2/repository/org/eclipse/jetty/jetty-http/11.0.15/jetty-http-11.0.15.jar:/home/runner/.m2/repository/org/eclipse/jetty/jetty-io/11.0.15/jetty-io-11.0.15.jar:/home/runner/.m2/repository/org/eclipse/jetty/jetty-servlet/11.0.15/jetty-servlet-11.0.15.jar:/home/runner/.m2/repository/org/eclipse/jetty/jetty-security/11.0.15/jetty-security-11.0.15.jar:/home/runner/.m2/repository/org/eclipse/jetty/jetty-servlets/11.0.15/jetty-servlets-11.0.15.jar:/home/runner/.m2/repository/org/eclipse/jetty/jetty-util/11.0.15/jetty-util-11.0.15.jar:/home/runner/.m2/repository/org/eclipse/jetty/jetty-webapp/11.0.15/jetty-webapp-11.0.15.jar:/home/runner/.m2/repository/org/eclipse/jetty/jetty-xml/11.0.15/jetty-xml-11.0.15.jar:/home/runner/.m2/repository/org/eclipse/jetty/jetty-proxy/11.0.15/jetty-proxy-11.0.15.jar:/home/runner/.m2/repository/org/eclipse/jetty/jetty-client/11.0.15/jetty-client-11.0.15.jar:/home/runner/.m2/repository/org/eclipse/jetty/http2/http2-server/11.0.15/http2-server-11.0.15.jar:/home/runner/.m2/repository/org/eclipse/jetty/http2/http2-common/11.0.15/http2-common-11.0.15.jar:/home/runner/.m2/repository/org/eclipse/jetty/http2/http2-hpack/11.0.15/http2-hpack-11.0.15.jar:/home/runner/.m2/repository/org/eclipse/jetty/jetty-alpn-server/11.0.15/jetty-alpn-server-11.0.15.jar:/home/runner/.m2/repository/org/eclipse/jetty/jetty-alpn-java-server/11.0.15/jetty-alpn-java-server-11.0.15.jar:/home/runner/.m2/repository/org/eclipse/jetty/jetty-alpn-java-client/11.0.15/jetty-alpn-java-client-11.0.15.jar:/home/runner/.m2/repository/org/eclipse/jetty/jetty-alpn-client/11.0.15/jetty-alpn-client-11.0.15.jar:/home/runner/.m2/repository/org/apache/httpcomponents/client5/httpclient5/5.2.1/httpclient5-5.2.1.jar:/home/runner/.m2/repository/org/apache/httpcomponents/core5/httpcore5/5.2/httpcore5-5.2.jar:/home/runner/.m2/repository/org/apache/httpcomponents/core5/httpcore5-h2/5.2/httpcore5-h2-5.2.jar:/home/runner/.m2/repository/org/xmlunit/xmlunit-core/2.9.1/xmlunit-core-2.9.1.jar:/home/runner/.m2/repository/jakarta/xml/bind/jakarta.xml.bind-api/4.0.2/jakarta.xml.bind-api-4.0.2.jar:/home/runner/.m2/repository/org/xmlunit/xmlunit-legacy/2.9.1/xmlunit-legacy-2.9.1.jar:/home/runner/.m2/repository/org/xmlunit/xmlunit-placeholders/2.9.1/xmlunit-placeholders-2.9.1.jar:/home/runner/.m2/repository/net/javacrumbs/json-unit/json-unit-core/2.38.0/json-unit-core-2.38.0.jar:/home/runner/.m2/repository/org/hamcrest/hamcrest-core/2.2/hamcrest-core-2.2.jar:/home/runner/.m2/repository/com/jayway/jsonpath/json-path/2.8.0/json-path-2.8.0.jar:/home/runner/.m2/repository/net/minidev/json-smart/2.4.10/json-smart-2.4.10.jar:/home/runner/.m2/repository/net/minidev/accessors-smart/2.4.9/accessors-smart-2.4.9.jar:/home/runner/.m2/repository/org/ow2/asm/asm/9.7.1/asm-9.7.1.jar:/home/runner/.m2/repository/net/sf/jopt-simple/jopt-simple/5.0.4/jopt-simple-5.0.4.jar:/home/runner/.m2/repository/com/github/jknack/handlebars/4.3.1/handlebars-4.3.1.jar:/home/runner/.m2/repository/com/github/jknack/handlebars-helpers/4.3.1/handlebars-helpers-4.3.1.jar:/home/runner/.m2/repository/commons-fileupload/commons-fileupload/1.5/commons-fileupload-1.5.jar:/home/runner/.m2/repository/com/networknt/json-schema-validator/1.5.8/json-schema-validator-1.5.8.jar:/home/runner/.m2/repository/com/ethlo/time/itu/1.10.3/itu-1.10.3.jar:/home/runner/.m2/repository/io/quarkus/quarkus-smallrye-jwt-build/3.20.2/quarkus-smallrye-jwt-build-3.20.2.jar:/home/runner/.m2/repository/io/smallrye/smallrye-jwt-build/4.6.2/smallrye-jwt-build-4.6.2.jar:/home/runner/.m2/repository/org/eclipse/microprofile/jwt/microprofile-jwt-auth-api/2.1/microprofile-jwt-auth-api-2.1.jar:/home/runner/.m2/repository/org/bitbucket/b_c/jose4j/0.9.6/jose4j-0.9.6.jar:/home/runner/.m2/repository/io/smallrye/smallrye-jwt-common/4.6.2/smallrye-jwt-common-4.6.2.jar:/home/runner/.m2/repository/io/quarkus/quarkus-jsonp/3.20.2/quarkus-jsonp-3.20.2.jar:/home/runner/.m2/repository/io/quarkus/quarkus-arc/3.20.2/quarkus-arc-3.20.2.jar:/home/runner/.m2/repository/io/quarkus/arc/arc/3.20.2/arc-3.20.2.jar:/home/runner/.m2/repository/jakarta/transaction/jakarta.transaction-api/2.0.1/jakarta.transaction-api-2.0.1.jar:/home/runner/.m2/repository/io/smallrye/reactive/mutiny/2.9.2/mutiny-2.9.2.jar:/home/runner/.m2/repository/org/jctools/jctools-core/4.0.5/jctools-core-4.0.5.jar:/home/runner/.m2/repository/org/eclipse/microprofile/context-propagation/microprofile-context-propagation-api/1.3/microprofile-context-propagation-api-1.3.jar:/home/runner/.m2/repository/io/apicurio/apicurio-common-rest-client-common/0.1.18.Final/apicurio-common-rest-client-common-0.1.18.Final.jar:/home/runner/work/apicurio-testing/apicurio-testing/clusters/ci419/namespaces/mysql/tests/integration/apicurio-registry/utils/maven-plugin/target/apicurio-registry-maven-plugin-3.0.12-SNAPSHOT.jar:/home/runner/.m2/repository/com/fasterxml/jackson/core/jackson-databind/2.18.2/jackson-databind-2.18.2.jar:/home/runner/.m2/repository/org/apache/avro/avro/1.12.0/avro-1.12.0.jar:/home/runner/.m2/repository/com/google/protobuf/protobuf-java/4.31.1/protobuf-java-4.31.1.jar:/home/runner/.m2/repository/com/google/protobuf/protobuf-java-util/4.31.1/protobuf-java-util-4.31.1.jar:/home/runner/.m2/repository/com/google/code/findbugs/jsr305/3.0.2/jsr305-3.0.2.jar:/home/runner/.m2/repository/com/google/code/gson/gson/2.12.1/gson-2.12.1.jar:/home/runner/.m2/repository/com/google/errorprone/error_prone_annotations/2.36.0/error_prone_annotations-2.36.0.jar:/home/runner/.m2/repository/com/google/j2objc/j2objc-annotations/2.8/j2objc-annotations-2.8.jar:/home/runner/work/apicurio-testing/apicurio-testing/clusters/ci419/namespaces/mysql/tests/integration/apicurio-registry/schema-util/util-provider/target/apicurio-registry-schema-util-provider-3.0.12-SNAPSHOT.jar:/home/runner/work/apicurio-testing/apicurio-testing/clusters/ci419/namespaces/mysql/tests/integration/apicurio-registry/schema-util/common/target/apicurio-registry-schema-util-common-3.0.12-SNAPSHOT.jar:/home/runner/.m2/repository/com/fasterxml/jackson/module/jackson-module-parameter-names/2.18.2/jackson-module-parameter-names-2.18.2.jar:/home/runner/.m2/repository/com/fasterxml/jackson/datatype/jackson-datatype-json-org/2.18.2/jackson-datatype-json-org-2.18.2.jar:/home/runner/work/apicurio-testing/apicurio-testing/clusters/ci419/namespaces/mysql/tests/integration/apicurio-registry/schema-util/json/target/apicurio-registry-schema-util-json-3.0.12-SNAPSHOT.jar:/home/runner/.m2/repository/com/github/erosb/everit-json-schema/1.14.5/everit-json-schema-1.14.5.jar:/home/runner/.m2/repository/commons-validator/commons-validator/1.9.0/commons-validator-1.9.0.jar:/home/runner/.m2/repository/commons-digester/commons-digester/2.1/commons-digester-2.1.jar:/home/runner/.m2/repository/commons-collections/commons-collections/3.2.2/commons-collections-3.2.2.jar:/home/runner/.m2/repository/com/damnhandy/handy-uri-templates/2.1.8/handy-uri-templates-2.1.8.jar:/home/runner/.m2/repository/joda-time/joda-time/2.10.2/joda-time-2.10.2.jar:/home/runner/.m2/repository/com/github/erosb/json-sKema/0.20.0/json-sKema-0.20.0.jar:/home/runner/.m2/repository/io/vertx/vertx-json-schema/4.5.16/vertx-json-schema-4.5.16.jar:/home/runner/work/apicurio-testing/apicurio-testing/clusters/ci419/namespaces/mysql/tests/integration/apicurio-registry/schema-util/protobuf/target/apicurio-registry-schema-util-protobuf-3.0.12-SNAPSHOT.jar:/home/runner/work/apicurio-testing/apicurio-testing/clusters/ci419/namespaces/mysql/tests/integration/apicurio-registry/utils/protobuf-schema-utilities/target/apicurio-registry-protobuf-schema-utilities-3.0.12-SNAPSHOT.jar:/home/runner/.m2/repository/com/google/api/grpc/proto-google-common-protos/2.52.0/proto-google-common-protos-2.52.0.jar:/home/runner/.m2/repository/com/squareup/wire/wire-schema-jvm/5.3.3/wire-schema-jvm-5.3.3.jar:/home/runner/.m2/repository/com/palantir/javapoet/javapoet/0.6.0/javapoet-0.6.0.jar:/home/runner/.m2/repository/com/squareup/kotlinpoet-jvm/2.0.0/kotlinpoet-jvm-2.0.0.jar:/home/runner/.m2/repository/org/jetbrains/kotlin/kotlin-reflect/2.0.21/kotlin-reflect-2.0.21.jar:/home/runner/.m2/repository/com/squareup/wire/wire-runtime-jvm/5.3.3/wire-runtime-jvm-5.3.3.jar:/home/runner/.m2/repository/com/ibm/icu/icu4j/76.1/icu4j-76.1.jar:/home/runner/.m2/repository/com/squareup/okio/okio-fakefilesystem/3.10.2/okio-fakefilesystem-3.10.2.jar:/home/runner/.m2/repository/com/squareup/okio/okio-fakefilesystem-jvm/3.10.2/okio-fakefilesystem-jvm-3.10.2.jar:/home/runner/.m2/repository/org/jetbrains/kotlinx/kotlinx-datetime-jvm/0.6.1/kotlinx-datetime-jvm-0.6.1.jar:/home/runner/work/apicurio-testing/apicurio-testing/clusters/ci419/namespaces/mysql/tests/integration/apicurio-registry/schema-util/asyncapi/target/apicurio-registry-schema-util-asyncapi-3.0.12-SNAPSHOT.jar:/home/runner/work/apicurio-testing/apicurio-testing/clusters/ci419/namespaces/mysql/tests/integration/apicurio-registry/schema-util/avro/target/apicurio-registry-schema-util-avro-3.0.12-SNAPSHOT.jar:/home/runner/work/apicurio-testing/apicurio-testing/clusters/ci419/namespaces/mysql/tests/integration/apicurio-registry/schema-util/graphql/target/apicurio-registry-schema-util-graphql-3.0.12-SNAPSHOT.jar:/home/runner/.m2/repository/com/graphql-java/graphql-java/22.4/graphql-java-22.4.jar:/home/runner/.m2/repository/com/graphql-java/java-dataloader/3.3.0/java-dataloader-3.3.0.jar:/home/runner/work/apicurio-testing/apicurio-testing/clusters/ci419/namespaces/mysql/tests/integration/apicurio-registry/schema-util/kconnect/target/apicurio-registry-schema-util-kconnect-3.0.12-SNAPSHOT.jar:/home/runner/work/apicurio-testing/apicurio-testing/clusters/ci419/namespaces/mysql/tests/integration/apicurio-registry/schema-util/openapi/target/apicurio-registry-schema-util-openapi-3.0.12-SNAPSHOT.jar:/home/runner/.m2/repository/io/apicurio/apicurio-data-models/2.2.2/apicurio-data-models-2.2.2.jar:/home/runner/.m2/repository/org/openapitools/openapidiff/openapi-diff-core/2.1.2/openapi-diff-core-2.1.2.jar:/home/runner/.m2/repository/io/swagger/parser/v3/swagger-parser/2.1.28/swagger-parser-2.1.28.jar:/home/runner/.m2/repository/io/swagger/parser/v3/swagger-parser-v2-converter/2.1.28/swagger-parser-v2-converter-2.1.28.jar:/home/runner/.m2/repository/io/swagger/swagger-core/1.6.16/swagger-core-1.6.16.jar:/home/runner/.m2/repository/io/swagger/swagger-models/1.6.16/swagger-models-1.6.16.jar:/home/runner/.m2/repository/io/swagger/swagger-annotations/1.6.16/swagger-annotations-1.6.16.jar:/home/runner/.m2/repository/io/swagger/swagger-parser/1.0.75/swagger-parser-1.0.75.jar:/home/runner/.m2/repository/io/swagger/swagger-parser-safe-url-resolver/1.0.75/swagger-parser-safe-url-resolver-1.0.75.jar:/home/runner/.m2/repository/io/swagger/swagger-compat-spec-parser/1.0.75/swagger-compat-spec-parser-1.0.75.jar:/home/runner/.m2/repository/com/github/java-json-tools/json-schema-validator/2.2.14/json-schema-validator-2.2.14.jar:/home/runner/.m2/repository/com/github/java-json-tools/jackson-coreutils-equivalence/1.0/jackson-coreutils-equivalence-1.0.jar:/home/runner/.m2/repository/com/github/java-json-tools/json-schema-core/1.2.14/json-schema-core-1.2.14.jar:/home/runner/.m2/repository/com/github/java-json-tools/uri-template/0.10/uri-template-0.10.jar:/home/runner/.m2/repository/com/googlecode/libphonenumber/libphonenumber/8.11.1/libphonenumber-8.11.1.jar:/home/runner/.m2/repository/com/j2html/j2html/1.6.0/j2html-1.6.0.jar:/home/runner/.m2/repository/org/apache/commons/commons-collections4/4.5.0/commons-collections4-4.5.0.jar:/home/runner/.m2/repository/org/slf4j/jcl-over-slf4j/2.0.17/jcl-over-slf4j-2.0.17.jar:/home/runner/.m2/repository/io/swagger/parser/v3/swagger-parser-v3/2.1.31/swagger-parser-v3-2.1.31.jar:/home/runner/.m2/repository/io/swagger/core/v3/swagger-models/2.2.34/swagger-models-2.2.34.jar:/home/runner/.m2/repository/io/swagger/core/v3/swagger-core/2.2.34/swagger-core-2.2.34.jar:/home/runner/.m2/repository/io/swagger/parser/v3/swagger-parser-core/2.1.31/swagger-parser-core-2.1.31.jar:/home/runner/.m2/repository/io/swagger/parser/v3/swagger-parser-safe-url-resolver/2.1.31/swagger-parser-safe-url-resolver-2.1.31.jar:/home/runner/work/apicurio-testing/apicurio-testing/clusters/ci419/namespaces/mysql/tests/integration/apicurio-registry/schema-util/wsdl/target/apicurio-registry-schema-util-wsdl-3.0.12-SNAPSHOT.jar:/home/runner/.m2/repository/wsdl4j/wsdl4j/1.6.3/wsdl4j-1.6.3.jar:/home/runner/work/apicurio-testing/apicurio-testing/clusters/ci419/namespaces/mysql/tests/integration/apicurio-registry/schema-util/xml/target/apicurio-registry-schema-util-xml-3.0.12-SNAPSHOT.jar:/home/runner/.m2/repository/org/apache/santuario/xmlsec/4.0.4/xmlsec-4.0.4.jar:/home/runner/.m2/repository/com/fasterxml/woodstox/woodstox-core/7.1.1/woodstox-core-7.1.1.jar:/home/runner/.m2/repository/org/codehaus/woodstox/stax2-api/4.2.2/stax2-api-4.2.2.jar:/home/runner/work/apicurio-testing/apicurio-testing/clusters/ci419/namespaces/mysql/tests/integration/apicurio-registry/schema-util/xsd/target/apicurio-registry-schema-util-xsd-3.0.12-SNAPSHOT.jar:/home/runner/work/apicurio-testing/apicurio-testing/clusters/ci419/namespaces/mysql/tests/integration/apicurio-registry/serdes/kafka/jsonschema-serde/target/apicurio-registry-jsonschema-serde-kafka-3.0.12-SNAPSHOT.jar:/home/runner/work/apicurio-testing/apicurio-testing/clusters/ci419/namespaces/mysql/tests/integration/apicurio-registry/serdes/kafka/serde-kafka-common/target/apicurio-registry-serde-kafka-common-3.0.12-SNAPSHOT.jar:/home/runner/work/apicurio-testing/apicurio-testing/clusters/ci419/namespaces/mysql/tests/integration/apicurio-registry/serdes/generic/serde-common/target/apicurio-registry-serde-common-3.0.12-SNAPSHOT.jar:/home/runner/work/apicurio-testing/apicurio-testing/clusters/ci419/namespaces/mysql/tests/integration/apicurio-registry/serdes/generic/serde-common-jsonschema/target/apicurio-registry-serde-common-jsonschema-3.0.12-SNAPSHOT.jar:/home/runner/.m2/repository/org/json/json/20250107/json-20250107.jar:/home/runner/work/apicurio-testing/apicurio-testing/clusters/ci419/namespaces/mysql/tests/integration/apicurio-registry/serdes/kafka/avro-serde/target/apicurio-registry-avro-serde-kafka-3.0.12-SNAPSHOT.jar:/home/runner/work/apicurio-testing/apicurio-testing/clusters/ci419/namespaces/mysql/tests/integration/apicurio-registry/serdes/generic/serde-common-avro/target/apicurio-registry-serde-common-avro-3.0.12-SNAPSHOT.jar:/home/runner/work/apicurio-testing/apicurio-testing/clusters/ci419/namespaces/mysql/tests/integration/apicurio-registry/serdes/kafka/protobuf-serde/target/apicurio-registry-protobuf-serde-kafka-3.0.12-SNAPSHOT.jar:/home/runner/work/apicurio-testing/apicurio-testing/clusters/ci419/namespaces/mysql/tests/integration/apicurio-registry/serdes/generic/serde-common-protobuf/target/apicurio-registry-serde-common-protobuf-3.0.12-SNAPSHOT.jar:/home/runner/.m2/repository/com/squareup/wire/wire-schema/5.3.3/wire-schema-5.3.3.jar:/home/runner/.m2/repository/com/squareup/wire/wire-runtime/5.3.3/wire-runtime-5.3.3.jar:/home/runner/work/apicurio-testing/apicurio-testing/clusters/ci419/namespaces/mysql/tests/integration/apicurio-registry/serdes/pulsar/avro-serde/target/apicurio-registry-avro-serde-pulsar-3.0.12-SNAPSHOT.jar:/home/runner/.m2/repository/org/apache/pulsar/pulsar-functions-api/3.3.8/pulsar-functions-api-3.3.8.jar:/home/runner/work/apicurio-testing/apicurio-testing/clusters/ci419/namespaces/mysql/tests/integration/apicurio-registry/serdes/nats/avro-serde/target/apicurio-registry-avro-serde-nats-3.0.12-SNAPSHOT.jar:/home/runner/.m2/repository/io/nats/jnats/2.21.4/jnats-2.21.4.jar:/home/runner/.m2/repository/org/bouncycastle/bcprov-lts8on/2.73.7/bcprov-lts8on-2.73.7.jar:/home/runner/.m2/repository/org/jetbrains/annotations/26.0.2/annotations-26.0.2.jar:/home/runner/work/apicurio-testing/apicurio-testing/clusters/ci419/namespaces/mysql/tests/integration/apicurio-registry/utils/converter/target/apicurio-registry-utils-converter-3.0.12-SNAPSHOT.jar:/home/runner/work/apicurio-testing/apicurio-testing/clusters/ci419/namespaces/mysql/tests/integration/apicurio-registry/schema-resolver/target/apicurio-registry-schema-resolver-3.0.12-SNAPSHOT.jar:/home/runner/.m2/repository/org/apache/kafka/connect-api/3.9.1/connect-api-3.9.1.jar:/home/runner/.m2/repository/javax/ws/rs/javax.ws.rs-api/2.1.1/javax.ws.rs-api-2.1.1.jar:/home/runner/.m2/repository/org/apache/kafka/connect-json/3.9.1/connect-json-3.9.1.jar:/home/runner/.m2/repository/com/fasterxml/jackson/datatype/jackson-datatype-jdk8/2.18.2/jackson-datatype-jdk8-2.18.2.jar:/home/runner/.m2/repository/com/fasterxml/jackson/module/jackson-module-afterburner/2.18.2/jackson-module-afterburner-2.18.2.jar:/home/runner/work/apicurio-testing/apicurio-testing/clusters/ci419/namespaces/mysql/tests/integration/apicurio-registry/utils/kafka/target/apicurio-registry-utils-kafka-3.0.12-SNAPSHOT.jar:/home/runner/.m2/repository/org/apache/pulsar/pulsar-client/3.3.8/pulsar-client-3.3.8.jar:/home/runner/.m2/repository/org/apache/pulsar/pulsar-client-api/3.3.8/pulsar-client-api-3.3.8.jar:/home/runner/.m2/repository/org/apache/pulsar/pulsar-client-admin-api/3.3.8/pulsar-client-admin-api-3.3.8.jar:/home/runner/.m2/repository/org/apache/pulsar/bouncy-castle-bc/3.3.8/bouncy-castle-bc-3.3.8-pkg.jar:/home/runner/.m2/repository/org/bouncycastle/bcpkix-jdk18on/1.81/bcpkix-jdk18on-1.81.jar:/home/runner/.m2/repository/org/bouncycastle/bcutil-jdk18on/1.81/bcutil-jdk18on-1.81.jar:/home/runner/.m2/repository/org/bouncycastle/bcprov-jdk18on/1.81/bcprov-jdk18on-1.81.jar:/home/runner/.m2/repository/io/opentelemetry/opentelemetry-api/1.44.1/opentelemetry-api-1.44.1.jar:/home/runner/.m2/repository/io/opentelemetry/opentelemetry-context/1.44.1/opentelemetry-context-1.44.1.jar:/home/runner/.m2/repository/io/opentelemetry/opentelemetry-api-incubator/1.44.1-alpha/opentelemetry-api-incubator-1.44.1-alpha.jar:/home/runner/.m2/repository/com/fasterxml/jackson/core/jackson-annotations/2.18.2/jackson-annotations-2.18.2.jar:/home/runner/.m2/repository/javax/validation/validation-api/1.1.0.Final/validation-api-1.1.0.Final.jar:/home/runner/.m2/repository/org/jspecify/jspecify/1.0.0/jspecify-1.0.0.jar:/home/runner/.m2/repository/org/apache/commons/commons-configuration2/2.12.0/commons-configuration2-2.12.0.jar:/home/runner/.m2/repository/commons-logging/commons-logging/1.3.5/commons-logging-1.3.5.jar:/home/runner/.m2/repository/org/apache/commons/commons-text/1.13.0/commons-text-1.13.0.jar:/home/runner/.m2/repository/io/confluent/kafka-avro-serializer/8.0.0/kafka-avro-serializer-8.0.0.jar:/home/runner/.m2/repository/org/apache/commons/commons-compress/1.27.1/commons-compress-1.27.1.jar:/home/runner/.m2/repository/io/confluent/kafka-schema-serializer/8.0.0/kafka-schema-serializer-8.0.0.jar:/home/runner/.m2/repository/com/fasterxml/jackson/dataformat/jackson-dataformat-csv/2.18.2/jackson-dataformat-csv-2.18.2.jar:/home/runner/.m2/repository/io/confluent/kafka-schema-registry-client/8.0.0/kafka-schema-registry-client-8.0.0.jar:/home/runner/.m2/repository/org/yaml/snakeyaml/2.3/snakeyaml-2.3.jar:/home/runner/.m2/repository/io/swagger/core/v3/swagger-annotations/2.2.29/swagger-annotations-2.2.29.jar:/home/runner/.m2/repository/com/google/guava/guava/33.4.0-jre/guava-33.4.0-jre.jar:/home/runner/.m2/repository/com/google/guava/failureaccess/1.0.1/failureaccess-1.0.1.jar:/home/runner/.m2/repository/org/checkerframework/checker-qual/3.49.0/checker-qual-3.49.0.jar:/home/runner/.m2/repository/io/confluent/logredactor/1.0.13/logredactor-1.0.13.jar:/home/runner/.m2/repository/com/google/re2j/re2j/1.6/re2j-1.6.jar:/home/runner/.m2/repository/io/confluent/logredactor-metrics/1.0.13/logredactor-metrics-1.0.13.jar:/home/runner/.m2/repository/com/eclipsesource/minimal-json/minimal-json/0.9.5/minimal-json-0.9.5.jar:/home/runner/.m2/repository/io/confluent/common-utils/8.0.0/common-utils-8.0.0.jar:/home/runner/.m2/repository/io/confluent/kafka-connect-avro-converter/8.0.0/kafka-connect-avro-converter-8.0.0.jar:/home/runner/.m2/repository/io/confluent/kafka-connect-avro-data/8.0.0/kafka-connect-avro-data-8.0.0.jar:/home/runner/.m2/repository/io/confluent/kafka-schema-converter/8.0.0/kafka-schema-converter-8.0.0.jar:/home/runner/.m2/repository/io/rest-assured/rest-assured/5.5.1/rest-assured-5.5.1.jar:/home/runner/.m2/repository/org/apache/groovy/groovy/4.0.22/groovy-4.0.22.jar:/home/runner/.m2/repository/org/apache/groovy/groovy-xml/4.0.22/groovy-xml-4.0.22.jar:/home/runner/.m2/repository/org/apache/httpcomponents/httpclient/4.5.14/httpclient-4.5.14.jar:/home/runner/.m2/repository/org/apache/httpcomponents/httpcore/4.4.16/httpcore-4.4.16.jar:/home/runner/.m2/repository/org/apache/httpcomponents/httpmime/4.5.14/httpmime-4.5.14.jar:/home/runner/.m2/repository/org/hamcrest/hamcrest/2.2/hamcrest-2.2.jar:/home/runner/.m2/repository/org/ccil/cowan/tagsoup/tagsoup/1.2.1/tagsoup-1.2.1.jar:/home/runner/.m2/repository/io/rest-assured/json-path/5.5.1/json-path-5.5.1.jar:/home/runner/.m2/repository/org/apache/groovy/groovy-json/4.0.22/groovy-json-4.0.22.jar:/home/runner/.m2/repository/io/rest-assured/rest-assured-common/5.5.1/rest-assured-common-5.5.1.jar:/home/runner/.m2/repository/io/rest-assured/xml-path/5.5.1/xml-path-5.5.1.jar:/home/runner/.m2/repository/io/zonky/test/embedded-postgres/2.1.0/embedded-postgres-2.1.0.jar:/home/runner/.m2/repository/io/zonky/test/postgres/embedded-postgres-binaries-windows-amd64/14.15.0/embedded-postgres-binaries-windows-amd64-14.15.0.jar:/home/runner/.m2/repository/io/zonky/test/postgres/embedded-postgres-binaries-darwin-amd64/14.15.0/embedded-postgres-binaries-darwin-amd64-14.15.0.jar:/home/runner/.m2/repository/io/zonky/test/postgres/embedded-postgres-binaries-linux-amd64/14.15.0/embedded-postgres-binaries-linux-amd64-14.15.0.jar:/home/runner/.m2/repository/io/zonky/test/postgres/embedded-postgres-binaries-linux-amd64-alpine/14.15.0/embedded-postgres-binaries-linux-amd64-alpine-14.15.0.jar:/home/runner/.m2/repository/org/apache/commons/commons-lang3/3.17.0/commons-lang3-3.17.0.jar:/home/runner/.m2/repository/org/tukaani/xz/1.10/xz-1.10.jar:/home/runner/.m2/repository/commons-codec/commons-codec/1.19.0/commons-codec-1.19.0.jar:/home/runner/.m2/repository/org/postgresql/postgresql/42.7.7/postgresql-42.7.7.jar:/home/runner/.m2/repository/commons-io/commons-io/2.18.0/commons-io-2.18.0.jar:/home/runner/work/apicurio-testing/apicurio-testing/clusters/ci419/namespaces/mysql/tests/integration/apicurio-registry/utils/importexport/target/apicurio-registry-utils-import-export-3.0.12-SNAPSHOT.jar:/home/runner/.m2/repository/io/vertx/vertx-core/4.5.16/vertx-core-4.5.16.jar:/home/runner/.m2/repository/io/netty/netty-common/4.1.121.Final/netty-common-4.1.121.Final.jar:/home/runner/.m2/repository/io/netty/netty-buffer/4.1.121.Final/netty-buffer-4.1.121.Final.jar:/home/runner/.m2/repository/io/netty/netty-transport/4.1.121.Final/netty-transport-4.1.121.Final.jar:/home/runner/.m2/repository/io/netty/netty-handler/4.1.121.Final/netty-handler-4.1.121.Final.jar:/home/runner/.m2/repository/io/netty/netty-transport-native-unix-common/4.1.121.Final/netty-transport-native-unix-common-4.1.121.Final.jar:/home/runner/.m2/repository/io/netty/netty-codec/4.1.121.Final/netty-codec-4.1.121.Final.jar:/home/runner/.m2/repository/io/netty/netty-handler-proxy/4.1.121.Final/netty-handler-proxy-4.1.121.Final.jar:/home/runner/.m2/repository/io/netty/netty-codec-socks/4.1.121.Final/netty-codec-socks-4.1.121.Final.jar:/home/runner/.m2/repository/io/netty/netty-codec-http/4.1.121.Final/netty-codec-http-4.1.121.Final.jar:/home/runner/.m2/repository/io/netty/netty-codec-http2/4.1.121.Final/netty-codec-http2-4.1.121.Final.jar:/home/runner/.m2/repository/io/netty/netty-resolver/4.1.121.Final/netty-resolver-4.1.121.Final.jar:/home/runner/.m2/repository/io/netty/netty-resolver-dns/4.1.121.Final/netty-resolver-dns-4.1.121.Final.jar:/home/runner/.m2/repository/io/netty/netty-codec-dns/4.1.121.Final/netty-codec-dns-4.1.121.Final.jar:/home/runner/.m2/repository/com/fasterxml/jackson/core/jackson-core/2.18.2/jackson-core-2.18.2.jar:"/>
    <property name="sun.cpu.endian" value="little"/>
    <property name="user.home" value="/home/runner"/>
    <property name="user.language" value="en"/>
    <property name="jboss.log-version" value="false"/>
    <property name="java.specification.vendor" value="Oracle Corporation"/>
    <property name="java.version.date" value="2025-07-15"/>
    <property name="java.home" value="/usr/lib/jvm/temurin-17-jdk-amd64"/>
    <property name="file.separator" value="/"/>
    <property name="basedir" value="/home/runner/work/apicurio-testing/apicurio-testing/clusters/ci419/namespaces/mysql/tests/integration/apicurio-registry/integration-tests"/>
    <property name="java.vm.compressedOopsMode" value="32-bit"/>
    <property name="line.separator" value="&#10;"/>
    <property name="java.specification.name" value="Java Platform API Specification"/>
    <property name="java.vm.specification.vendor" value="Oracle Corporation"/>
    <property name="quarkus.http.test-host" value="registry-app-mysql.apps.ci419.apicurio-testing.org"/>
    <property name="surefire.real.class.path" value="/home/runner/work/apicurio-testing/apicurio-testing/clusters/ci419/namespaces/mysql/tests/integration/apicurio-registry/integration-tests/target/surefire/surefirebooter-20250807122421455_3.jar"/>
    <property name="sun.management.compiler" value="HotSpot 64-Bit Tiered Compilers"/>
    <property name="org.eclipse.jetty.http.HttpGenerator.STRICT" value="true"/>
    <property name="java.runtime.version" value="17.0.16+8"/>
    <property name="user.name" value="runner"/>
    <property name="path.separator" value=":"/>
    <property name="os.version" value="6.8.0-1031-azure"/>
    <property name="java.runtime.name" value="OpenJDK Runtime Environment"/>
    <property name="file.encoding" value="UTF-8"/>
    <property name="jnidispatch.path" value="/home/runner/.cache/JNA/temp/jna620287199021474993.tmp"/>
    <property name="java.vm.name" value="OpenJDK 64-Bit Server VM"/>
    <property name="jna.platform.library.path" value="/usr/lib/x86_64-linux-gnu:/lib/x86_64-linux-gnu:/usr/lib64:/lib64:/usr/lib:/lib:/lib32:/usr/local/lib:/usr/lib/x86_64-linux-gnu/libfakeroot"/>
    <property name="java.vendor.version" value="Temurin-17.0.16+8"/>
    <property name="quarkus.oidc.token-path" value="https://keycloak-mysql.apps.ci419.apicurio-testing.org/realms/registry/protocol/openid-connect/token"/>
    <property name="quarkus.http.host" value="registry-app-mysql.apps.ci419.apicurio-testing.org"/>
    <property name="localRepository" value="/home/runner/.m2/repository"/>
    <property name="javax.xml.xpath.XPathFactory:http://java.sun.com/jaxp/xpath/dom" value="com.sun.org.apache.xpath.internal.jaxp.XPathFactoryImpl"/>
    <property name="jna.loaded" value="true"/>
    <property name="java.vendor.url.bug" value="https://github.com/adoptium/adoptium-support/issues"/>
    <property name="jetty.git.hash" value="5bc5e562c8d05c5862505aebe5cf83a61bdbcb96"/>
    <property name="java.io.tmpdir" value="/tmp"/>
    <property name="quarkus.http.test-protocol" value="http"/>
    <property name="java.version" value="17.0.16"/>
    <property name="user.dir" value="/home/runner/work/apicurio-testing/apicurio-testing/clusters/ci419/namespaces/mysql/tests/integration/apicurio-registry/integration-tests"/>
    <property name="os.arch" value="amd64"/>
    <property name="groups" value="( smoke | serdes | acceptance | ui)"/>
    <property name="java.vm.specification.name" value="Java Virtual Machine Specification"/>
    <property name="native.encoding" value="UTF-8"/>
    <property name="java.util.logging.manager" value="org.jboss.logmanager.LogManager"/>
    <property name="java.library.path" value="/usr/java/packages/lib:/usr/lib64:/lib64:/lib:/usr/lib"/>
    <property name="jdk.console" value="java.base"/>
    <property name="java.vm.info" value="mixed mode, sharing"/>
    <property name="java.vendor" value="Eclipse Adoptium"/>
    <property name="java.vm.version" value="17.0.16+8"/>
    <property name="java.specification.maintenance.version" value="1"/>
    <property name="sun.io.unicode.encoding" value="UnicodeLittle"/>
    <property name="javax.xml.transform.TransformerFactory" value="com.sun.org.apache.xalan.internal.xsltc.trax.TransformerFactoryImpl"/>
    <property name="java.class.version" value="61.0"/>
  </properties>
  <testcase name="testEvolveAvroConfluent" classname="io.apicurio.tests.serdes.confluent.BasicConfluentSerDesIT" time="14.921">
    <system-out><![CDATA[**** Registry Base URL: http://registry-app-mysql.apps.ci419.apicurio-testing.org:80
**** Registry Base URL: http://registry-app-mysql.apps.ci419.apicurio-testing.org:80
2025-08-07 12:28:43,274 INFO  [io.api.tes.ser.con.BasicConfluentSerDesIT] (main) RestAssured configured with http://registry-app-mysql.apps.ci419.apicurio-testing.org:80/apis/registry/v3
**** Registry Base URL: http://registry-app-mysql.apps.ci419.apicurio-testing.org:80
2025-08-07 12:28:43,809 INFO  [io.api.tes.ser.con.BasicConfluentSerDesIT] (main) Deleting confluent schema subj_5d0ca9b2_64e4_4a7c_ba78_c60fd0dd8ff9-value
2025-08-07 12:28:43,907 INFO  [io.api.tes.ser.con.BasicConfluentSerDesIT] (main) Deleting confluent schema subj_e34d76a0_dc1d_4392_b07c_e710c0613502-value
2025-08-07 12:28:43,999 INFO  [io.api.tes.ser.con.BasicConfluentSerDesIT] (main) Deleting confluent schema CUSTOMERS-value
2025-08-07 12:28:44,092 INFO  [io.api.tes.ser.con.BasicConfluentSerDesIT] (main) Deleting confluent schema CUSTOMERS.Value
2025-08-07 12:28:44,186 INFO  [io.api.tes.ser.con.BasicConfluentSerDesIT] (main) Deleting confluent schema CUSTOMERS-key
2025-08-07 12:28:44,281 INFO  [io.api.tes.ser.con.BasicConfluentSerDesIT] (main) Deleting confluent schema subj_25a002c7_939c_415f_8326_bf7f8961fc5d-value
2025-08-07 12:28:44,374 INFO  [io.api.tes.ser.con.BasicConfluentSerDesIT] (main) Deleting confluent schema topic-ad2e6c94_9d5b_4b49_b0e7_60ab199a3ada-value
2025-08-07 12:28:44,474 INFO  [io.api.tes.ser.con.BasicConfluentSerDesIT] (main) Deleting confluent schema topic-48eb3adb_6818_4304_ab70_486065131a0c-value
2025-08-07 12:28:44,568 INFO  [io.api.tes.ser.con.BasicConfluentSerDesIT] (main) Deleting confluent schema topic-d91aac18_2459_49cd_84da_1d6d412a7f55-value
2025-08-07 12:28:44,664 INFO  [io.api.tes.ser.con.BasicConfluentSerDesIT] (main) Deleting confluent schema topic-ae04ace5_49f8_43d2_9623_54ac95e2183a-value
2025-08-07 12:28:44,757 INFO  [io.api.tes.ser.con.BasicConfluentSerDesIT] (main) Deleting confluent schema topic-e08ae3c9_9726_49f5_9c10_8284e0346e01-value
2025-08-07 12:28:44,849 INFO  [io.api.tes.ser.con.BasicConfluentSerDesIT] (main) Deleting confluent schema topic-74f3b995_7f8a_4d1e_8271_63c4ec20a3a8-value
2025-08-07 12:28:44,944 INFO  [io.api.tes.ser.con.BasicConfluentSerDesIT] (main) Deleting confluent schema myrecordconfluent
2025-08-07 12:28:45,036 INFO  [io.api.tes.ser.con.BasicConfluentSerDesIT] (main) Deleting confluent schema topic-722ee12f_bc84_4621_874c_f44bd25a6882
2025-08-07 12:28:45,129 INFO  [io.api.tes.ser.con.BasicConfluentSerDesIT] (main) Deleting confluent schema topic-dd831b90_9055_471e_8264_734723930d16-value
2025-08-07 12:28:45,229 INFO  [io.api.tes.ser.con.BasicConfluentSerDesIT] (main) Deleting confluent schema topic-4ad0f94b_e030_42f1_8cdd_607c2d92e342
2025-08-07 12:28:45,323 INFO  [io.api.tes.ser.con.BasicConfluentSerDesIT] (main) Deleting confluent schema topic-212ea81b_45fd_4d98_8d8a_af1c4964abdc-value
2025-08-07 12:28:45,415 INFO  [io.api.tes.ser.con.BasicConfluentSerDesIT] (main) Deleting confluent schema topic-67dc49ec_52e6_4a98_8156_3a32b0c9572d
2025-08-07 12:28:45,508 INFO  [io.api.tes.ser.con.BasicConfluentSerDesIT] (main) Deleting confluent schema topic-3120d39e_c8a3_439f_a6d5_b88e88676002
2025-08-07 12:28:45,600 INFO  [io.api.tes.ser.con.BasicConfluentSerDesIT] (main) Deleting confluent schema topic-e94aeae7_2582_4156_8027_2e7a86ad4eda-value
2025-08-07 12:28:45,693 INFO  [io.api.tes.ser.con.BasicConfluentSerDesIT] (main) Deleting confluent schema s9fbd88dcxb90cx4b74xb451x864cb864ab1a-value
2025-08-07 12:28:45,787 INFO  [io.api.tes.ser.con.BasicConfluentSerDesIT] (main) Deleting confluent schema topic-952a60ea_618d_48c6_8fd4_8d3ae0232e7f-value
2025-08-07 12:28:45,879 INFO  [io.api.tes.ser.con.BasicConfluentSerDesIT] (main) Deleting confluent schema google/protobuf/timestamp.proto
2025-08-07 12:28:45,971 INFO  [io.api.tes.ser.con.BasicConfluentSerDesIT] (main) Deleting confluent schema topic-facd2342_2220_48ea_a151_82dfaf2cb771-value
2025-08-07 12:28:46,063 INFO  [io.api.tes.ser.con.BasicConfluentSerDesIT] (main) Deleting confluent schema s4e1444e0x6da0x44e8xa0b3x12217d6b8312-value
2025-08-07 12:28:46,154 INFO  [io.api.tes.ser.con.BasicConfluentSerDesIT] (main) Deleting confluent schema topic-16db1ad7_c2c4_40d9_b68e_dde05d7d013c-value
2025-08-07 12:28:46,246 INFO  [io.api.tes.ser.con.BasicConfluentSerDesIT] (main) Deleting confluent schema s6e261c5exbc34x4a4fxa87bxf75e093c75a3-value
2025-08-07 12:28:46,338 INFO  [io.api.tes.ser.con.BasicConfluentSerDesIT] (main) Deleting confluent schema topic-42316f41_b815_4704_911f_d8aa63220f52-value
2025-08-07 12:28:46,430 INFO  [io.api.tes.ser.con.BasicConfluentSerDesIT] (main) Deleting confluent schema topic-0f9ae2df_2d41_4b18_b84e_af29423a453e-value
2025-08-07 12:28:46,521 INFO  [io.api.tes.ser.con.BasicConfluentSerDesIT] (main) Deleting confluent schema topic-c3d5becc_6eea_42bd_9f12_902e5235de3f
2025-08-07 12:28:46,616 INFO  [io.api.tes.ser.con.BasicConfluentSerDesIT] (main) Deleting confluent schema topic-17beadfc_cba4_470f_a77a_0b477e3a2f1c
2025-08-07 12:28:46,708 INFO  [io.api.tes.ser.con.BasicConfluentSerDesIT] (main) Deleting confluent schema topic-0629d097_3a5e_4898_afa2_442802626384-value
2025-08-07 12:28:46,801 INFO  [io.api.tes.ser.con.BasicConfluentSerDesIT] (main) Deleting confluent schema topic-86b0d3ab_0c31_4227_b275_a5ab1ea01ff3-value
2025-08-07 12:28:46,893 INFO  [io.api.tes.ser.con.BasicConfluentSerDesIT] (main) Deleting confluent schema topic-35a8dab7_8ad3_4618_8037_3805eefc31dc-value
2025-08-07 12:28:46,990 INFO  [io.api.tes.uti.KafkaFacade] (main) Skipping deployment of kafka, because it's already deployed
2025-08-07 12:28:46,991 INFO  [io.api.tes.uti.TestSeparator] (main) ############################################################################
2025-08-07 12:28:46,991 INFO  [io.api.tes.uti.TestSeparator] (main) io.apicurio.tests.serdes.confluent.BasicConfluentSerDesIT.testEvolveAvroConfluent-STARTED
2025-08-07 12:28:46,992 INFO  [org.apa.kaf.cli.adm.AdminClientConfig] (main) AdminClientConfig values: 
	auto.include.jmx.reporter = true
	bootstrap.controllers = []
	bootstrap.servers = [PLAINTEXT://localhost:32769]
	client.dns.lookup = use_all_dns_ips
	client.id = 
	connections.max.idle.ms = 10000
	default.api.timeout.ms = 60000
	enable.metrics.push = true
	metadata.max.age.ms = 300000
	metadata.recovery.strategy = none
	metric.reporters = []
	metrics.num.samples = 2
	metrics.recording.level = INFO
	metrics.sample.window.ms = 30000
	receive.buffer.bytes = 65536
	reconnect.backoff.max.ms = 1000
	reconnect.backoff.ms = 50
	request.timeout.ms = 5000
	retries = 2147483647
	retry.backoff.max.ms = 1000
	retry.backoff.ms = 100
	sasl.client.callback.handler.class = null
	sasl.jaas.config = null
	sasl.kerberos.kinit.cmd = /usr/bin/kinit
	sasl.kerberos.min.time.before.relogin = 60000
	sasl.kerberos.service.name = null
	sasl.kerberos.ticket.renew.jitter = 0.05
	sasl.kerberos.ticket.renew.window.factor = 0.8
	sasl.login.callback.handler.class = null
	sasl.login.class = null
	sasl.login.connect.timeout.ms = null
	sasl.login.read.timeout.ms = null
	sasl.login.refresh.buffer.seconds = 300
	sasl.login.refresh.min.period.seconds = 60
	sasl.login.refresh.window.factor = 0.8
	sasl.login.refresh.window.jitter = 0.05
	sasl.login.retry.backoff.max.ms = 10000
	sasl.login.retry.backoff.ms = 100
	sasl.mechanism = GSSAPI
	sasl.oauthbearer.clock.skew.seconds = 30
	sasl.oauthbearer.expected.audience = null
	sasl.oauthbearer.expected.issuer = null
	sasl.oauthbearer.header.urlencode = false
	sasl.oauthbearer.jwks.endpoint.refresh.ms = 3600000
	sasl.oauthbearer.jwks.endpoint.retry.backoff.max.ms = 10000
	sasl.oauthbearer.jwks.endpoint.retry.backoff.ms = 100
	sasl.oauthbearer.jwks.endpoint.url = null
	sasl.oauthbearer.scope.claim.name = scope
	sasl.oauthbearer.sub.claim.name = sub
	sasl.oauthbearer.token.endpoint.url = null
	security.protocol = PLAINTEXT
	security.providers = null
	send.buffer.bytes = 131072
	socket.connection.setup.timeout.max.ms = 30000
	socket.connection.setup.timeout.ms = 10000
	ssl.cipher.suites = null
	ssl.enabled.protocols = [TLSv1.2, TLSv1.3]
	ssl.endpoint.identification.algorithm = https
	ssl.engine.factory.class = null
	ssl.key.password = null
	ssl.keymanager.algorithm = SunX509
	ssl.keystore.certificate.chain = null
	ssl.keystore.key = null
	ssl.keystore.location = null
	ssl.keystore.password = null
	ssl.keystore.type = JKS
	ssl.protocol = TLSv1.3
	ssl.provider = null
	ssl.secure.random.implementation = null
	ssl.trustmanager.algorithm = PKIX
	ssl.truststore.certificates = null
	ssl.truststore.location = null
	ssl.truststore.password = null
	ssl.truststore.type = JKS

2025-08-07 12:28:46,993 INFO  [org.apa.kaf.com.uti.AppInfoParser] (main) Kafka version: 3.9.1
2025-08-07 12:28:46,993 INFO  [org.apa.kaf.com.uti.AppInfoParser] (main) Kafka commitId: f745dfdcee2b9851
2025-08-07 12:28:46,993 INFO  [org.apa.kaf.com.uti.AppInfoParser] (main) Kafka startTimeMs: 1754569726993
2025-08-07 12:28:47,285 INFO  [io.api.tes.ser.con.BasicConfluentSerDesIT] (main) Checking that created schema is equal to the get schema
2025-08-07 12:28:47,384 INFO  [io.api.tes.ser.con.BasicConfluentSerDesIT] (main) Created schema with id:108 and name:s00a128c3x7ec4x4d58x887cxa7368a610665
**** Registry Base URL: http://registry-app-mysql.apps.ci419.apicurio-testing.org:80
2025-08-07 12:28:47,391 INFO  [org.apa.kaf.cli.pro.ProducerConfig] (main) ProducerConfig values: 
	acks = -1
	auto.include.jmx.reporter = true
	batch.size = 16384
	bootstrap.servers = [PLAINTEXT://localhost:32769]
	buffer.memory = 33554432
	client.dns.lookup = use_all_dns_ips
	client.id = Producer-topic-5a1a19fe_ecfa_406d_8e6e_9a73bdb4766e
	compression.gzip.level = -1
	compression.lz4.level = 9
	compression.type = none
	compression.zstd.level = 3
	connections.max.idle.ms = 10000
	delivery.timeout.ms = 120000
	enable.idempotence = true
	enable.metrics.push = true
	interceptor.classes = []
	key.serializer = class org.apache.kafka.common.serialization.StringSerializer
	linger.ms = 0
	max.block.ms = 60000
	max.in.flight.requests.per.connection = 5
	max.request.size = 1048576
	metadata.max.age.ms = 300000
	metadata.max.idle.ms = 300000
	metadata.recovery.strategy = none
	metric.reporters = []
	metrics.num.samples = 2
	metrics.recording.level = INFO
	metrics.sample.window.ms = 30000
	partitioner.adaptive.partitioning.enable = true
	partitioner.availability.timeout.ms = 0
	partitioner.class = null
	partitioner.ignore.keys = false
	receive.buffer.bytes = 32768
	reconnect.backoff.max.ms = 1000
	reconnect.backoff.ms = 50
	request.timeout.ms = 5000
	retries = 2147483647
	retry.backoff.max.ms = 1000
	retry.backoff.ms = 100
	sasl.client.callback.handler.class = null
	sasl.jaas.config = null
	sasl.kerberos.kinit.cmd = /usr/bin/kinit
	sasl.kerberos.min.time.before.relogin = 60000
	sasl.kerberos.service.name = null
	sasl.kerberos.ticket.renew.jitter = 0.05
	sasl.kerberos.ticket.renew.window.factor = 0.8
	sasl.login.callback.handler.class = null
	sasl.login.class = null
	sasl.login.connect.timeout.ms = null
	sasl.login.read.timeout.ms = null
	sasl.login.refresh.buffer.seconds = 300
	sasl.login.refresh.min.period.seconds = 60
	sasl.login.refresh.window.factor = 0.8
	sasl.login.refresh.window.jitter = 0.05
	sasl.login.retry.backoff.max.ms = 10000
	sasl.login.retry.backoff.ms = 100
	sasl.mechanism = GSSAPI
	sasl.oauthbearer.clock.skew.seconds = 30
	sasl.oauthbearer.expected.audience = null
	sasl.oauthbearer.expected.issuer = null
	sasl.oauthbearer.header.urlencode = false
	sasl.oauthbearer.jwks.endpoint.refresh.ms = 3600000
	sasl.oauthbearer.jwks.endpoint.retry.backoff.max.ms = 10000
	sasl.oauthbearer.jwks.endpoint.retry.backoff.ms = 100
	sasl.oauthbearer.jwks.endpoint.url = null
	sasl.oauthbearer.scope.claim.name = scope
	sasl.oauthbearer.sub.claim.name = sub
	sasl.oauthbearer.token.endpoint.url = null
	security.protocol = PLAINTEXT
	security.providers = null
	send.buffer.bytes = 131072
	socket.connection.setup.timeout.max.ms = 30000
	socket.connection.setup.timeout.ms = 10000
	ssl.cipher.suites = null
	ssl.enabled.protocols = [TLSv1.2, TLSv1.3]
	ssl.endpoint.identification.algorithm = https
	ssl.engine.factory.class = null
	ssl.key.password = null
	ssl.keymanager.algorithm = SunX509
	ssl.keystore.certificate.chain = null
	ssl.keystore.key = null
	ssl.keystore.location = null
	ssl.keystore.password = null
	ssl.keystore.type = JKS
	ssl.protocol = TLSv1.3
	ssl.provider = null
	ssl.secure.random.implementation = null
	ssl.trustmanager.algorithm = PKIX
	ssl.truststore.certificates = null
	ssl.truststore.location = null
	ssl.truststore.password = null
	ssl.truststore.type = JKS
	transaction.timeout.ms = 60000
	transactional.id = null
	value.serializer = class io.confluent.kafka.serializers.KafkaAvroSerializer

2025-08-07 12:28:47,392 INFO  [org.apa.kaf.com.tel.int.KafkaMetricsCollector] (main) initializing Kafka metrics collector
2025-08-07 12:28:47,396 INFO  [io.con.kaf.ser.KafkaAvroSerializerConfig] (main) KafkaAvroSerializerConfig values: 
	auto.register.schemas = false
	avro.reflection.allow.null = false
	avro.remove.java.properties = false
	avro.use.logical.type.converters = false
	basic.auth.credentials.source = URL
	basic.auth.user.info = [hidden]
	bearer.auth.cache.expiry.buffer.seconds = 300
	bearer.auth.client.id = null
	bearer.auth.client.secret = null
	bearer.auth.credentials.source = STATIC_TOKEN
	bearer.auth.custom.provider.class = null
	bearer.auth.identity.pool.id = null
	bearer.auth.issuer.endpoint.url = null
	bearer.auth.logical.cluster = null
	bearer.auth.scope = null
	bearer.auth.scope.claim.name = scope
	bearer.auth.sub.claim.name = sub
	bearer.auth.token = [hidden]
	context.name.strategy = class io.confluent.kafka.serializers.context.NullContextNameStrategy
	http.connect.timeout.ms = 60000
	http.read.timeout.ms = 60000
	id.compatibility.strict = true
	key.schema.id.deserializer = class io.confluent.kafka.serializers.schema.id.DualSchemaIdDeserializer
	key.schema.id.serializer = class io.confluent.kafka.serializers.schema.id.PrefixSchemaIdSerializer
	key.subject.name.strategy = class io.confluent.kafka.serializers.subject.TopicNameStrategy
	latest.cache.size = 1000
	latest.cache.ttl.sec = -1
	latest.compatibility.strict = true
	max.retries = 3
	max.schemas.per.subject = 1000
	normalize.schemas = false
	propagate.schema.tags = false
	proxy.host = 
	proxy.port = -1
	retries.max.wait.ms = 20000
	retries.wait.ms = 1000
	rule.actions = []
	rule.executors = []
	rule.service.loader.enable = true
	schema.format = null
	schema.reflection = false
	schema.registry.basic.auth.user.info = [hidden]
	schema.registry.ssl.cipher.suites = null
	schema.registry.ssl.enabled.protocols = [TLSv1.2, TLSv1.3]
	schema.registry.ssl.endpoint.identification.algorithm = https
	schema.registry.ssl.engine.factory.class = null
	schema.registry.ssl.key.password = null
	schema.registry.ssl.keymanager.algorithm = SunX509
	schema.registry.ssl.keystore.certificate.chain = null
	schema.registry.ssl.keystore.key = null
	schema.registry.ssl.keystore.location = null
	schema.registry.ssl.keystore.password = null
	schema.registry.ssl.keystore.type = JKS
	schema.registry.ssl.protocol = TLSv1.3
	schema.registry.ssl.provider = null
	schema.registry.ssl.secure.random.implementation = null
	schema.registry.ssl.trustmanager.algorithm = PKIX
	schema.registry.ssl.truststore.certificates = null
	schema.registry.ssl.truststore.location = null
	schema.registry.ssl.truststore.password = null
	schema.registry.ssl.truststore.type = JKS
	schema.registry.url = [http://registry-app-mysql.apps.ci419.apicurio-testing.org:80/apis/ccompat/v7]
	schema.registry.url.randomize = false
	use.latest.version = false
	use.latest.with.metadata = null
	use.schema.id = -1
	value.schema.id.deserializer = class io.confluent.kafka.serializers.schema.id.DualSchemaIdDeserializer
	value.schema.id.serializer = class io.confluent.kafka.serializers.schema.id.PrefixSchemaIdSerializer
	value.subject.name.strategy = class io.confluent.kafka.serializers.subject.TopicRecordNameStrategy

2025-08-07 12:28:47,410 INFO  [org.apa.kaf.cli.pro.KafkaProducer] (main) [Producer clientId=Producer-topic-5a1a19fe_ecfa_406d_8e6e_9a73bdb4766e] Instantiated an idempotent producer.
2025-08-07 12:28:47,415 INFO  [org.apa.kaf.cli.pro.ProducerConfig] (main) These configurations '[schema.registry.url, auto.register.schemas, value.subject.name.strategy]' were supplied but are not used yet.
2025-08-07 12:28:47,415 INFO  [org.apa.kaf.com.uti.AppInfoParser] (main) Kafka version: 3.9.1
2025-08-07 12:28:47,415 INFO  [org.apa.kaf.com.uti.AppInfoParser] (main) Kafka commitId: f745dfdcee2b9851
2025-08-07 12:28:47,415 INFO  [org.apa.kaf.com.uti.AppInfoParser] (main) Kafka startTimeMs: 1754569727415
**** Registry Base URL: http://registry-app-mysql.apps.ci419.apicurio-testing.org:80
2025-08-07 12:28:47,419 INFO  [org.apa.kaf.cli.con.ConsumerConfig] (main) ConsumerConfig values: 
	allow.auto.create.topics = true
	auto.commit.interval.ms = 500
	auto.include.jmx.reporter = true
	auto.offset.reset = earliest
	bootstrap.servers = [PLAINTEXT://localhost:32769]
	check.crcs = true
	client.dns.lookup = use_all_dns_ips
	client.id = consumer-Consumer-topic-5a1a19fe_ecfa_406d_8e6e_9a73bdb4766e-34
	client.rack = 
	connections.max.idle.ms = 10000
	default.api.timeout.ms = 60000
	enable.auto.commit = true
	enable.metrics.push = true
	exclude.internal.topics = true
	fetch.max.bytes = 52428800
	fetch.max.wait.ms = 500
	fetch.min.bytes = 1
	group.id = Consumer-topic-5a1a19fe_ecfa_406d_8e6e_9a73bdb4766e
	group.instance.id = null
	group.protocol = classic
	group.remote.assignor = null
	heartbeat.interval.ms = 3000
	interceptor.classes = []
	internal.leave.group.on.close = true
	internal.throw.on.fetch.stable.offset.unsupported = false
	isolation.level = read_uncommitted
	key.deserializer = class org.apache.kafka.common.serialization.StringDeserializer
	max.partition.fetch.bytes = 1048576
	max.poll.interval.ms = 300000
	max.poll.records = 500
	metadata.max.age.ms = 300000
	metadata.recovery.strategy = none
	metric.reporters = []
	metrics.num.samples = 2
	metrics.recording.level = INFO
	metrics.sample.window.ms = 30000
	partition.assignment.strategy = [class org.apache.kafka.clients.consumer.RangeAssignor, class org.apache.kafka.clients.consumer.CooperativeStickyAssignor]
	receive.buffer.bytes = 65536
	reconnect.backoff.max.ms = 1000
	reconnect.backoff.ms = 50
	request.timeout.ms = 5000
	retry.backoff.max.ms = 1000
	retry.backoff.ms = 100
	sasl.client.callback.handler.class = null
	sasl.jaas.config = null
	sasl.kerberos.kinit.cmd = /usr/bin/kinit
	sasl.kerberos.min.time.before.relogin = 60000
	sasl.kerberos.service.name = null
	sasl.kerberos.ticket.renew.jitter = 0.05
	sasl.kerberos.ticket.renew.window.factor = 0.8
	sasl.login.callback.handler.class = null
	sasl.login.class = null
	sasl.login.connect.timeout.ms = null
	sasl.login.read.timeout.ms = null
	sasl.login.refresh.buffer.seconds = 300
	sasl.login.refresh.min.period.seconds = 60
	sasl.login.refresh.window.factor = 0.8
	sasl.login.refresh.window.jitter = 0.05
	sasl.login.retry.backoff.max.ms = 10000
	sasl.login.retry.backoff.ms = 100
	sasl.mechanism = GSSAPI
	sasl.oauthbearer.clock.skew.seconds = 30
	sasl.oauthbearer.expected.audience = null
	sasl.oauthbearer.expected.issuer = null
	sasl.oauthbearer.header.urlencode = false
	sasl.oauthbearer.jwks.endpoint.refresh.ms = 3600000
	sasl.oauthbearer.jwks.endpoint.retry.backoff.max.ms = 10000
	sasl.oauthbearer.jwks.endpoint.retry.backoff.ms = 100
	sasl.oauthbearer.jwks.endpoint.url = null
	sasl.oauthbearer.scope.claim.name = scope
	sasl.oauthbearer.sub.claim.name = sub
	sasl.oauthbearer.token.endpoint.url = null
	security.protocol = PLAINTEXT
	security.providers = null
	send.buffer.bytes = 131072
	session.timeout.ms = 45000
	socket.connection.setup.timeout.max.ms = 30000
	socket.connection.setup.timeout.ms = 10000
	ssl.cipher.suites = null
	ssl.enabled.protocols = [TLSv1.2, TLSv1.3]
	ssl.endpoint.identification.algorithm = https
	ssl.engine.factory.class = null
	ssl.key.password = null
	ssl.keymanager.algorithm = SunX509
	ssl.keystore.certificate.chain = null
	ssl.keystore.key = null
	ssl.keystore.location = null
	ssl.keystore.password = null
	ssl.keystore.type = JKS
	ssl.protocol = TLSv1.3
	ssl.provider = null
	ssl.secure.random.implementation = null
	ssl.trustmanager.algorithm = PKIX
	ssl.truststore.certificates = null
	ssl.truststore.location = null
	ssl.truststore.password = null
	ssl.truststore.type = JKS
	value.deserializer = class io.confluent.kafka.serializers.KafkaAvroDeserializer

2025-08-07 12:28:47,419 INFO  [org.apa.kaf.com.tel.int.KafkaMetricsCollector] (main) initializing Kafka metrics collector
2025-08-07 12:28:47,420 INFO  [org.apa.kaf.cli.Metadata] (kafka-producer-network-thread | Producer-topic-5a1a19fe_ecfa_406d_8e6e_9a73bdb4766e) [Producer clientId=Producer-topic-5a1a19fe_ecfa_406d_8e6e_9a73bdb4766e] Cluster ID: w_73WABzQ2iBfYWfnNB4Cg
2025-08-07 12:28:47,420 INFO  [org.apa.kaf.cli.pro.int.TransactionManager] (kafka-producer-network-thread | Producer-topic-5a1a19fe_ecfa_406d_8e6e_9a73bdb4766e) [Producer clientId=Producer-topic-5a1a19fe_ecfa_406d_8e6e_9a73bdb4766e] ProducerId set to 44 with epoch 0
2025-08-07 12:28:47,422 INFO  [io.con.kaf.ser.KafkaAvroDeserializerConfig] (main) KafkaAvroDeserializerConfig values: 
	auto.register.schemas = true
	avro.reflection.allow.null = false
	avro.use.logical.type.converters = false
	basic.auth.credentials.source = URL
	basic.auth.user.info = [hidden]
	bearer.auth.cache.expiry.buffer.seconds = 300
	bearer.auth.client.id = null
	bearer.auth.client.secret = null
	bearer.auth.credentials.source = STATIC_TOKEN
	bearer.auth.custom.provider.class = null
	bearer.auth.identity.pool.id = null
	bearer.auth.issuer.endpoint.url = null
	bearer.auth.logical.cluster = null
	bearer.auth.scope = null
	bearer.auth.scope.claim.name = scope
	bearer.auth.sub.claim.name = sub
	bearer.auth.token = [hidden]
	context.name.strategy = class io.confluent.kafka.serializers.context.NullContextNameStrategy
	http.connect.timeout.ms = 60000
	http.read.timeout.ms = 60000
	id.compatibility.strict = true
	key.schema.id.deserializer = class io.confluent.kafka.serializers.schema.id.DualSchemaIdDeserializer
	key.schema.id.serializer = class io.confluent.kafka.serializers.schema.id.PrefixSchemaIdSerializer
	key.subject.name.strategy = class io.confluent.kafka.serializers.subject.TopicNameStrategy
	latest.cache.size = 1000
	latest.cache.ttl.sec = -1
	latest.compatibility.strict = true
	max.retries = 3
	max.schemas.per.subject = 1000
	normalize.schemas = false
	propagate.schema.tags = false
	proxy.host = 
	proxy.port = -1
	retries.max.wait.ms = 20000
	retries.wait.ms = 1000
	rule.actions = []
	rule.executors = []
	rule.service.loader.enable = true
	schema.format = null
	schema.reflection = false
	schema.registry.basic.auth.user.info = [hidden]
	schema.registry.ssl.cipher.suites = null
	schema.registry.ssl.enabled.protocols = [TLSv1.2, TLSv1.3]
	schema.registry.ssl.endpoint.identification.algorithm = https
	schema.registry.ssl.engine.factory.class = null
	schema.registry.ssl.key.password = null
	schema.registry.ssl.keymanager.algorithm = SunX509
	schema.registry.ssl.keystore.certificate.chain = null
	schema.registry.ssl.keystore.key = null
	schema.registry.ssl.keystore.location = null
	schema.registry.ssl.keystore.password = null
	schema.registry.ssl.keystore.type = JKS
	schema.registry.ssl.protocol = TLSv1.3
	schema.registry.ssl.provider = null
	schema.registry.ssl.secure.random.implementation = null
	schema.registry.ssl.trustmanager.algorithm = PKIX
	schema.registry.ssl.truststore.certificates = null
	schema.registry.ssl.truststore.location = null
	schema.registry.ssl.truststore.password = null
	schema.registry.ssl.truststore.type = JKS
	schema.registry.url = [http://registry-app-mysql.apps.ci419.apicurio-testing.org:80/apis/ccompat/v7]
	schema.registry.url.randomize = false
	specific.avro.key.type = null
	specific.avro.reader = false
	specific.avro.value.type = null
	use.latest.version = false
	use.latest.with.metadata = null
	use.schema.id = -1
	value.schema.id.deserializer = class io.confluent.kafka.serializers.schema.id.DualSchemaIdDeserializer
	value.schema.id.serializer = class io.confluent.kafka.serializers.schema.id.PrefixSchemaIdSerializer
	value.subject.name.strategy = class io.confluent.kafka.serializers.subject.TopicNameStrategy

2025-08-07 12:28:47,427 INFO  [org.apa.kaf.cli.con.ConsumerConfig] (main) These configurations '[schema.registry.url]' were supplied but are not used yet.
2025-08-07 12:28:47,427 INFO  [org.apa.kaf.com.uti.AppInfoParser] (main) Kafka version: 3.9.1
2025-08-07 12:28:47,427 INFO  [org.apa.kaf.com.uti.AppInfoParser] (main) Kafka commitId: f745dfdcee2b9851
2025-08-07 12:28:47,427 INFO  [org.apa.kaf.com.uti.AppInfoParser] (main) Kafka startTimeMs: 1754569727427
2025-08-07 12:28:47,428 INFO  [io.api.tes.ser.api.KafkaSerdesTester] (Thread-870) Sending message {"key1": "value-0"} to topic topic-5a1a19fe_ecfa_406d_8e6e_9a73bdb4766e
2025-08-07 12:28:47,537 INFO  [io.api.tes.ser.api.KafkaSerdesTester] (Thread-870) Sending message {"key1": "value-1"} to topic topic-5a1a19fe_ecfa_406d_8e6e_9a73bdb4766e
2025-08-07 12:28:47,538 INFO  [io.api.tes.ser.api.KafkaSerdesTester] (Thread-870) Sending message {"key1": "value-2"} to topic topic-5a1a19fe_ecfa_406d_8e6e_9a73bdb4766e
2025-08-07 12:28:47,539 INFO  [io.api.tes.ser.api.KafkaSerdesTester] (Thread-870) Sending message {"key1": "value-3"} to topic topic-5a1a19fe_ecfa_406d_8e6e_9a73bdb4766e
2025-08-07 12:28:47,540 INFO  [io.api.tes.ser.api.KafkaSerdesTester] (Thread-870) Sending message {"key1": "value-4"} to topic topic-5a1a19fe_ecfa_406d_8e6e_9a73bdb4766e
2025-08-07 12:28:47,541 INFO  [io.api.tes.ser.api.KafkaSerdesTester] (Thread-870) Sending message {"key1": "value-5"} to topic topic-5a1a19fe_ecfa_406d_8e6e_9a73bdb4766e
2025-08-07 12:28:47,541 INFO  [io.api.tes.ser.api.KafkaSerdesTester] (Thread-870) Sending message {"key1": "value-6"} to topic topic-5a1a19fe_ecfa_406d_8e6e_9a73bdb4766e
2025-08-07 12:28:47,542 INFO  [io.api.tes.ser.api.KafkaSerdesTester] (Thread-870) Sending message {"key1": "value-7"} to topic topic-5a1a19fe_ecfa_406d_8e6e_9a73bdb4766e
2025-08-07 12:28:47,543 INFO  [io.api.tes.ser.api.KafkaSerdesTester] (Thread-870) Sending message {"key1": "value-8"} to topic topic-5a1a19fe_ecfa_406d_8e6e_9a73bdb4766e
2025-08-07 12:28:47,544 INFO  [io.api.tes.ser.api.KafkaSerdesTester] (Thread-870) Sending message {"key1": "value-9"} to topic topic-5a1a19fe_ecfa_406d_8e6e_9a73bdb4766e
2025-08-07 12:28:47,545 INFO  [io.api.tes.ser.api.KafkaSerdesTester] (Thread-870) Produced 10 messages
2025-08-07 12:28:47,545 INFO  [org.apa.kaf.cli.pro.KafkaProducer] (Thread-870) [Producer clientId=Producer-topic-5a1a19fe_ecfa_406d_8e6e_9a73bdb4766e] Closing the Kafka producer with timeoutMillis = 9223372036854775807 ms.
2025-08-07 12:28:47,547 INFO  [org.apa.kaf.com.met.Metrics] (Thread-870) Metrics scheduler closed
2025-08-07 12:28:47,547 INFO  [org.apa.kaf.com.met.Metrics] (Thread-870) Closing reporter org.apache.kafka.common.metrics.JmxReporter
2025-08-07 12:28:47,547 INFO  [org.apa.kaf.com.met.Metrics] (Thread-870) Closing reporter org.apache.kafka.common.telemetry.internals.ClientTelemetryReporter
2025-08-07 12:28:47,547 INFO  [org.apa.kaf.com.met.Metrics] (Thread-870) Metrics reporters closed
2025-08-07 12:28:47,547 INFO  [org.apa.kaf.com.uti.AppInfoParser] (Thread-870) App info kafka.producer for Producer-topic-5a1a19fe_ecfa_406d_8e6e_9a73bdb4766e unregistered
2025-08-07 12:28:47,548 INFO  [org.apa.kaf.cli.con.int.ClassicKafkaConsumer] (Thread-871) [Consumer clientId=consumer-Consumer-topic-5a1a19fe_ecfa_406d_8e6e_9a73bdb4766e-34, groupId=Consumer-topic-5a1a19fe_ecfa_406d_8e6e_9a73bdb4766e] Subscribed to topic(s): topic-5a1a19fe_ecfa_406d_8e6e_9a73bdb4766e
2025-08-07 12:28:47,552 INFO  [org.apa.kaf.cli.Metadata] (Thread-871) [Consumer clientId=consumer-Consumer-topic-5a1a19fe_ecfa_406d_8e6e_9a73bdb4766e-34, groupId=Consumer-topic-5a1a19fe_ecfa_406d_8e6e_9a73bdb4766e] Cluster ID: w_73WABzQ2iBfYWfnNB4Cg
2025-08-07 12:28:47,555 INFO  [org.apa.kaf.cli.con.int.ConsumerCoordinator] (Thread-871) [Consumer clientId=consumer-Consumer-topic-5a1a19fe_ecfa_406d_8e6e_9a73bdb4766e-34, groupId=Consumer-topic-5a1a19fe_ecfa_406d_8e6e_9a73bdb4766e] Discovered group coordinator localhost:32769 (id: 2147483647 rack: null)
2025-08-07 12:28:47,556 INFO  [org.apa.kaf.cli.con.int.ConsumerCoordinator] (Thread-871) [Consumer clientId=consumer-Consumer-topic-5a1a19fe_ecfa_406d_8e6e_9a73bdb4766e-34, groupId=Consumer-topic-5a1a19fe_ecfa_406d_8e6e_9a73bdb4766e] (Re-)joining group
2025-08-07 12:28:47,561 INFO  [org.apa.kaf.cli.con.int.ConsumerCoordinator] (Thread-871) [Consumer clientId=consumer-Consumer-topic-5a1a19fe_ecfa_406d_8e6e_9a73bdb4766e-34, groupId=Consumer-topic-5a1a19fe_ecfa_406d_8e6e_9a73bdb4766e] Request joining group due to: need to re-join with the given member-id: consumer-Consumer-topic-5a1a19fe_ecfa_406d_8e6e_9a73bdb4766e-34-9337b646-c0e1-481f-a789-1aa3578a4e93
2025-08-07 12:28:47,562 INFO  [org.apa.kaf.cli.con.int.ConsumerCoordinator] (Thread-871) [Consumer clientId=consumer-Consumer-topic-5a1a19fe_ecfa_406d_8e6e_9a73bdb4766e-34, groupId=Consumer-topic-5a1a19fe_ecfa_406d_8e6e_9a73bdb4766e] (Re-)joining group
2025-08-07 12:28:48,549 INFO  [io.api.tes.ser.api.KafkaSerdesTester] (Thread-871) None found
2025-08-07 12:28:49,549 INFO  [io.api.tes.ser.api.KafkaSerdesTester] (Thread-871) None found
2025-08-07 12:28:50,550 INFO  [io.api.tes.ser.api.KafkaSerdesTester] (Thread-871) None found
2025-08-07 12:28:50,563 INFO  [org.apa.kaf.cli.con.int.ConsumerCoordinator] (Thread-871) [Consumer clientId=consumer-Consumer-topic-5a1a19fe_ecfa_406d_8e6e_9a73bdb4766e-34, groupId=Consumer-topic-5a1a19fe_ecfa_406d_8e6e_9a73bdb4766e] Successfully joined group with generation Generation{generationId=1, memberId='consumer-Consumer-topic-5a1a19fe_ecfa_406d_8e6e_9a73bdb4766e-34-9337b646-c0e1-481f-a789-1aa3578a4e93', protocol='range'}
2025-08-07 12:28:50,563 INFO  [org.apa.kaf.cli.con.int.ConsumerCoordinator] (Thread-871) [Consumer clientId=consumer-Consumer-topic-5a1a19fe_ecfa_406d_8e6e_9a73bdb4766e-34, groupId=Consumer-topic-5a1a19fe_ecfa_406d_8e6e_9a73bdb4766e] Finished assignment for group at generation 1: {consumer-Consumer-topic-5a1a19fe_ecfa_406d_8e6e_9a73bdb4766e-34-9337b646-c0e1-481f-a789-1aa3578a4e93=Assignment(partitions=[topic-5a1a19fe_ecfa_406d_8e6e_9a73bdb4766e-0])}
2025-08-07 12:28:50,569 INFO  [org.apa.kaf.cli.con.int.ConsumerCoordinator] (Thread-871) [Consumer clientId=consumer-Consumer-topic-5a1a19fe_ecfa_406d_8e6e_9a73bdb4766e-34, groupId=Consumer-topic-5a1a19fe_ecfa_406d_8e6e_9a73bdb4766e] Successfully synced group in generation Generation{generationId=1, memberId='consumer-Consumer-topic-5a1a19fe_ecfa_406d_8e6e_9a73bdb4766e-34-9337b646-c0e1-481f-a789-1aa3578a4e93', protocol='range'}
2025-08-07 12:28:50,570 INFO  [org.apa.kaf.cli.con.int.ConsumerCoordinator] (Thread-871) [Consumer clientId=consumer-Consumer-topic-5a1a19fe_ecfa_406d_8e6e_9a73bdb4766e-34, groupId=Consumer-topic-5a1a19fe_ecfa_406d_8e6e_9a73bdb4766e] Notifying assignor about the new Assignment(partitions=[topic-5a1a19fe_ecfa_406d_8e6e_9a73bdb4766e-0])
2025-08-07 12:28:50,570 INFO  [org.apa.kaf.cli.con.int.ConsumerRebalanceListenerInvoker] (Thread-871) [Consumer clientId=consumer-Consumer-topic-5a1a19fe_ecfa_406d_8e6e_9a73bdb4766e-34, groupId=Consumer-topic-5a1a19fe_ecfa_406d_8e6e_9a73bdb4766e] Adding newly assigned partitions: topic-5a1a19fe_ecfa_406d_8e6e_9a73bdb4766e-0
2025-08-07 12:28:50,570 INFO  [org.apa.kaf.cli.con.int.ConsumerCoordinator] (Thread-871) [Consumer clientId=consumer-Consumer-topic-5a1a19fe_ecfa_406d_8e6e_9a73bdb4766e-34, groupId=Consumer-topic-5a1a19fe_ecfa_406d_8e6e_9a73bdb4766e] Found no committed offset for partition topic-5a1a19fe_ecfa_406d_8e6e_9a73bdb4766e-0
2025-08-07 12:28:50,573 INFO  [org.apa.kaf.cli.con.int.SubscriptionState] (Thread-871) [Consumer clientId=consumer-Consumer-topic-5a1a19fe_ecfa_406d_8e6e_9a73bdb4766e-34, groupId=Consumer-topic-5a1a19fe_ecfa_406d_8e6e_9a73bdb4766e] Resetting offset for partition topic-5a1a19fe_ecfa_406d_8e6e_9a73bdb4766e-0 to position FetchPosition{offset=0, offsetEpoch=Optional.empty, currentLeader=LeaderAndEpoch{leader=Optional[localhost:32769 (id: 0 rack: null)], epoch=0}}.
2025-08-07 12:28:50,662 INFO  [io.api.tes.ser.api.KafkaSerdesTester] (Thread-871) topic-5a1a19fe_ecfa_406d_8e6e_9a73bdb4766e 0 0 {"key1": "value-0"}
2025-08-07 12:28:50,662 INFO  [io.api.tes.ser.api.KafkaSerdesTester] (Thread-871) topic-5a1a19fe_ecfa_406d_8e6e_9a73bdb4766e 0 1 {"key1": "value-1"}
2025-08-07 12:28:50,662 INFO  [io.api.tes.ser.api.KafkaSerdesTester] (Thread-871) topic-5a1a19fe_ecfa_406d_8e6e_9a73bdb4766e 0 2 {"key1": "value-2"}
2025-08-07 12:28:50,662 INFO  [io.api.tes.ser.api.KafkaSerdesTester] (Thread-871) topic-5a1a19fe_ecfa_406d_8e6e_9a73bdb4766e 0 3 {"key1": "value-3"}
2025-08-07 12:28:50,662 INFO  [io.api.tes.ser.api.KafkaSerdesTester] (Thread-871) topic-5a1a19fe_ecfa_406d_8e6e_9a73bdb4766e 0 4 {"key1": "value-4"}
2025-08-07 12:28:50,662 INFO  [io.api.tes.ser.api.KafkaSerdesTester] (Thread-871) topic-5a1a19fe_ecfa_406d_8e6e_9a73bdb4766e 0 5 {"key1": "value-5"}
2025-08-07 12:28:50,662 INFO  [io.api.tes.ser.api.KafkaSerdesTester] (Thread-871) topic-5a1a19fe_ecfa_406d_8e6e_9a73bdb4766e 0 6 {"key1": "value-6"}
2025-08-07 12:28:50,662 INFO  [io.api.tes.ser.api.KafkaSerdesTester] (Thread-871) topic-5a1a19fe_ecfa_406d_8e6e_9a73bdb4766e 0 7 {"key1": "value-7"}
2025-08-07 12:28:50,662 INFO  [io.api.tes.ser.api.KafkaSerdesTester] (Thread-871) topic-5a1a19fe_ecfa_406d_8e6e_9a73bdb4766e 0 8 {"key1": "value-8"}
2025-08-07 12:28:50,662 INFO  [io.api.tes.ser.api.KafkaSerdesTester] (Thread-871) topic-5a1a19fe_ecfa_406d_8e6e_9a73bdb4766e 0 9 {"key1": "value-9"}
2025-08-07 12:28:50,662 INFO  [io.api.tes.ser.api.KafkaSerdesTester] (Thread-871) Consumed 10 messages
2025-08-07 12:28:50,669 INFO  [org.apa.kaf.cli.con.int.ConsumerRebalanceListenerInvoker] (Thread-871) [Consumer clientId=consumer-Consumer-topic-5a1a19fe_ecfa_406d_8e6e_9a73bdb4766e-34, groupId=Consumer-topic-5a1a19fe_ecfa_406d_8e6e_9a73bdb4766e] Revoke previously assigned partitions topic-5a1a19fe_ecfa_406d_8e6e_9a73bdb4766e-0
2025-08-07 12:28:50,669 INFO  [org.apa.kaf.cli.con.int.ConsumerCoordinator] (Thread-871) [Consumer clientId=consumer-Consumer-topic-5a1a19fe_ecfa_406d_8e6e_9a73bdb4766e-34, groupId=Consumer-topic-5a1a19fe_ecfa_406d_8e6e_9a73bdb4766e] Member consumer-Consumer-topic-5a1a19fe_ecfa_406d_8e6e_9a73bdb4766e-34-9337b646-c0e1-481f-a789-1aa3578a4e93 sending LeaveGroup request to coordinator localhost:32769 (id: 2147483647 rack: null) due to the consumer is being closed
2025-08-07 12:28:50,669 INFO  [org.apa.kaf.cli.con.int.ConsumerCoordinator] (Thread-871) [Consumer clientId=consumer-Consumer-topic-5a1a19fe_ecfa_406d_8e6e_9a73bdb4766e-34, groupId=Consumer-topic-5a1a19fe_ecfa_406d_8e6e_9a73bdb4766e] Resetting generation and member id due to: consumer pro-actively leaving the group
2025-08-07 12:28:50,669 INFO  [org.apa.kaf.cli.con.int.ConsumerCoordinator] (Thread-871) [Consumer clientId=consumer-Consumer-topic-5a1a19fe_ecfa_406d_8e6e_9a73bdb4766e-34, groupId=Consumer-topic-5a1a19fe_ecfa_406d_8e6e_9a73bdb4766e] Request joining group due to: consumer pro-actively leaving the group
2025-08-07 12:28:51,165 INFO  [org.apa.kaf.com.met.Metrics] (Thread-871) Metrics scheduler closed
2025-08-07 12:28:51,165 INFO  [org.apa.kaf.com.met.Metrics] (Thread-871) Closing reporter org.apache.kafka.common.metrics.JmxReporter
2025-08-07 12:28:51,165 INFO  [org.apa.kaf.com.met.Metrics] (Thread-871) Closing reporter org.apache.kafka.common.telemetry.internals.ClientTelemetryReporter
2025-08-07 12:28:51,165 INFO  [org.apa.kaf.com.met.Metrics] (Thread-871) Metrics reporters closed
2025-08-07 12:28:51,166 INFO  [org.apa.kaf.com.uti.AppInfoParser] (Thread-871) App info kafka.consumer for consumer-Consumer-topic-5a1a19fe_ecfa_406d_8e6e_9a73bdb4766e-34 unregistered
**** Registry Base URL: http://registry-app-mysql.apps.ci419.apicurio-testing.org:80
2025-08-07 12:28:52,383 INFO  [org.apa.kaf.cli.pro.ProducerConfig] (main) ProducerConfig values: 
	acks = -1
	auto.include.jmx.reporter = true
	batch.size = 16384
	bootstrap.servers = [PLAINTEXT://localhost:32769]
	buffer.memory = 33554432
	client.dns.lookup = use_all_dns_ips
	client.id = Producer-topic-5a1a19fe_ecfa_406d_8e6e_9a73bdb4766e
	compression.gzip.level = -1
	compression.lz4.level = 9
	compression.type = none
	compression.zstd.level = 3
	connections.max.idle.ms = 10000
	delivery.timeout.ms = 120000
	enable.idempotence = true
	enable.metrics.push = true
	interceptor.classes = []
	key.serializer = class org.apache.kafka.common.serialization.StringSerializer
	linger.ms = 0
	max.block.ms = 60000
	max.in.flight.requests.per.connection = 5
	max.request.size = 1048576
	metadata.max.age.ms = 300000
	metadata.max.idle.ms = 300000
	metadata.recovery.strategy = none
	metric.reporters = []
	metrics.num.samples = 2
	metrics.recording.level = INFO
	metrics.sample.window.ms = 30000
	partitioner.adaptive.partitioning.enable = true
	partitioner.availability.timeout.ms = 0
	partitioner.class = null
	partitioner.ignore.keys = false
	receive.buffer.bytes = 32768
	reconnect.backoff.max.ms = 1000
	reconnect.backoff.ms = 50
	request.timeout.ms = 5000
	retries = 2147483647
	retry.backoff.max.ms = 1000
	retry.backoff.ms = 100
	sasl.client.callback.handler.class = null
	sasl.jaas.config = null
	sasl.kerberos.kinit.cmd = /usr/bin/kinit
	sasl.kerberos.min.time.before.relogin = 60000
	sasl.kerberos.service.name = null
	sasl.kerberos.ticket.renew.jitter = 0.05
	sasl.kerberos.ticket.renew.window.factor = 0.8
	sasl.login.callback.handler.class = null
	sasl.login.class = null
	sasl.login.connect.timeout.ms = null
	sasl.login.read.timeout.ms = null
	sasl.login.refresh.buffer.seconds = 300
	sasl.login.refresh.min.period.seconds = 60
	sasl.login.refresh.window.factor = 0.8
	sasl.login.refresh.window.jitter = 0.05
	sasl.login.retry.backoff.max.ms = 10000
	sasl.login.retry.backoff.ms = 100
	sasl.mechanism = GSSAPI
	sasl.oauthbearer.clock.skew.seconds = 30
	sasl.oauthbearer.expected.audience = null
	sasl.oauthbearer.expected.issuer = null
	sasl.oauthbearer.header.urlencode = false
	sasl.oauthbearer.jwks.endpoint.refresh.ms = 3600000
	sasl.oauthbearer.jwks.endpoint.retry.backoff.max.ms = 10000
	sasl.oauthbearer.jwks.endpoint.retry.backoff.ms = 100
	sasl.oauthbearer.jwks.endpoint.url = null
	sasl.oauthbearer.scope.claim.name = scope
	sasl.oauthbearer.sub.claim.name = sub
	sasl.oauthbearer.token.endpoint.url = null
	security.protocol = PLAINTEXT
	security.providers = null
	send.buffer.bytes = 131072
	socket.connection.setup.timeout.max.ms = 30000
	socket.connection.setup.timeout.ms = 10000
	ssl.cipher.suites = null
	ssl.enabled.protocols = [TLSv1.2, TLSv1.3]
	ssl.endpoint.identification.algorithm = https
	ssl.engine.factory.class = null
	ssl.key.password = null
	ssl.keymanager.algorithm = SunX509
	ssl.keystore.certificate.chain = null
	ssl.keystore.key = null
	ssl.keystore.location = null
	ssl.keystore.password = null
	ssl.keystore.type = JKS
	ssl.protocol = TLSv1.3
	ssl.provider = null
	ssl.secure.random.implementation = null
	ssl.trustmanager.algorithm = PKIX
	ssl.truststore.certificates = null
	ssl.truststore.location = null
	ssl.truststore.password = null
	ssl.truststore.type = JKS
	transaction.timeout.ms = 60000
	transactional.id = null
	value.serializer = class io.confluent.kafka.serializers.KafkaAvroSerializer

2025-08-07 12:28:52,384 INFO  [org.apa.kaf.com.tel.int.KafkaMetricsCollector] (main) initializing Kafka metrics collector
2025-08-07 12:28:52,384 INFO  [io.con.kaf.ser.KafkaAvroSerializerConfig] (main) KafkaAvroSerializerConfig values: 
	auto.register.schemas = false
	avro.reflection.allow.null = false
	avro.remove.java.properties = false
	avro.use.logical.type.converters = false
	basic.auth.credentials.source = URL
	basic.auth.user.info = [hidden]
	bearer.auth.cache.expiry.buffer.seconds = 300
	bearer.auth.client.id = null
	bearer.auth.client.secret = null
	bearer.auth.credentials.source = STATIC_TOKEN
	bearer.auth.custom.provider.class = null
	bearer.auth.identity.pool.id = null
	bearer.auth.issuer.endpoint.url = null
	bearer.auth.logical.cluster = null
	bearer.auth.scope = null
	bearer.auth.scope.claim.name = scope
	bearer.auth.sub.claim.name = sub
	bearer.auth.token = [hidden]
	context.name.strategy = class io.confluent.kafka.serializers.context.NullContextNameStrategy
	http.connect.timeout.ms = 60000
	http.read.timeout.ms = 60000
	id.compatibility.strict = true
	key.schema.id.deserializer = class io.confluent.kafka.serializers.schema.id.DualSchemaIdDeserializer
	key.schema.id.serializer = class io.confluent.kafka.serializers.schema.id.PrefixSchemaIdSerializer
	key.subject.name.strategy = class io.confluent.kafka.serializers.subject.TopicNameStrategy
	latest.cache.size = 1000
	latest.cache.ttl.sec = -1
	latest.compatibility.strict = true
	max.retries = 3
	max.schemas.per.subject = 1000
	normalize.schemas = false
	propagate.schema.tags = false
	proxy.host = 
	proxy.port = -1
	retries.max.wait.ms = 20000
	retries.wait.ms = 1000
	rule.actions = []
	rule.executors = []
	rule.service.loader.enable = true
	schema.format = null
	schema.reflection = false
	schema.registry.basic.auth.user.info = [hidden]
	schema.registry.ssl.cipher.suites = null
	schema.registry.ssl.enabled.protocols = [TLSv1.2, TLSv1.3]
	schema.registry.ssl.endpoint.identification.algorithm = https
	schema.registry.ssl.engine.factory.class = null
	schema.registry.ssl.key.password = null
	schema.registry.ssl.keymanager.algorithm = SunX509
	schema.registry.ssl.keystore.certificate.chain = null
	schema.registry.ssl.keystore.key = null
	schema.registry.ssl.keystore.location = null
	schema.registry.ssl.keystore.password = null
	schema.registry.ssl.keystore.type = JKS
	schema.registry.ssl.protocol = TLSv1.3
	schema.registry.ssl.provider = null
	schema.registry.ssl.secure.random.implementation = null
	schema.registry.ssl.trustmanager.algorithm = PKIX
	schema.registry.ssl.truststore.certificates = null
	schema.registry.ssl.truststore.location = null
	schema.registry.ssl.truststore.password = null
	schema.registry.ssl.truststore.type = JKS
	schema.registry.url = [http://registry-app-mysql.apps.ci419.apicurio-testing.org:80/apis/ccompat/v7]
	schema.registry.url.randomize = false
	use.latest.version = false
	use.latest.with.metadata = null
	use.schema.id = -1
	value.schema.id.deserializer = class io.confluent.kafka.serializers.schema.id.DualSchemaIdDeserializer
	value.schema.id.serializer = class io.confluent.kafka.serializers.schema.id.PrefixSchemaIdSerializer
	value.subject.name.strategy = class io.confluent.kafka.serializers.subject.TopicRecordNameStrategy

2025-08-07 12:28:52,386 INFO  [org.apa.kaf.cli.pro.KafkaProducer] (main) [Producer clientId=Producer-topic-5a1a19fe_ecfa_406d_8e6e_9a73bdb4766e] Instantiated an idempotent producer.
2025-08-07 12:28:52,388 INFO  [org.apa.kaf.cli.pro.ProducerConfig] (main) These configurations '[schema.registry.url, auto.register.schemas, value.subject.name.strategy]' were supplied but are not used yet.
2025-08-07 12:28:52,388 INFO  [org.apa.kaf.com.uti.AppInfoParser] (main) Kafka version: 3.9.1
2025-08-07 12:28:52,388 INFO  [org.apa.kaf.com.uti.AppInfoParser] (main) Kafka commitId: f745dfdcee2b9851
2025-08-07 12:28:52,388 INFO  [org.apa.kaf.com.uti.AppInfoParser] (main) Kafka startTimeMs: 1754569732388
2025-08-07 12:28:52,388 INFO  [io.api.tes.ser.api.KafkaSerdesTester] (Thread-872) Sending message {"key1": "value-0", "key2": "value-0"} to topic topic-5a1a19fe_ecfa_406d_8e6e_9a73bdb4766e
2025-08-07 12:28:52,391 INFO  [org.apa.kaf.cli.Metadata] (kafka-producer-network-thread | Producer-topic-5a1a19fe_ecfa_406d_8e6e_9a73bdb4766e) [Producer clientId=Producer-topic-5a1a19fe_ecfa_406d_8e6e_9a73bdb4766e] Cluster ID: w_73WABzQ2iBfYWfnNB4Cg
2025-08-07 12:28:52,391 INFO  [org.apa.kaf.cli.pro.int.TransactionManager] (kafka-producer-network-thread | Producer-topic-5a1a19fe_ecfa_406d_8e6e_9a73bdb4766e) [Producer clientId=Producer-topic-5a1a19fe_ecfa_406d_8e6e_9a73bdb4766e] ProducerId set to 45 with epoch 0
2025-08-07 12:28:52,481 INFO  [io.api.tes.ser.api.KafkaSerdesTester] (Thread-872) Sending message {"key1": "value-1", "key2": "value-1"} to topic topic-5a1a19fe_ecfa_406d_8e6e_9a73bdb4766e
2025-08-07 12:28:52,482 INFO  [io.api.tes.ser.api.KafkaSerdesTester] (Thread-872) Sending message {"key1": "value-2", "key2": "value-2"} to topic topic-5a1a19fe_ecfa_406d_8e6e_9a73bdb4766e
2025-08-07 12:28:52,483 INFO  [io.api.tes.ser.api.KafkaSerdesTester] (Thread-872) Sending message {"key1": "value-3", "key2": "value-3"} to topic topic-5a1a19fe_ecfa_406d_8e6e_9a73bdb4766e
2025-08-07 12:28:52,484 INFO  [io.api.tes.ser.api.KafkaSerdesTester] (Thread-872) Sending message {"key1": "value-4", "key2": "value-4"} to topic topic-5a1a19fe_ecfa_406d_8e6e_9a73bdb4766e
2025-08-07 12:28:52,485 INFO  [io.api.tes.ser.api.KafkaSerdesTester] (Thread-872) Sending message {"key1": "value-5", "key2": "value-5"} to topic topic-5a1a19fe_ecfa_406d_8e6e_9a73bdb4766e
2025-08-07 12:28:52,486 INFO  [io.api.tes.ser.api.KafkaSerdesTester] (Thread-872) Sending message {"key1": "value-6", "key2": "value-6"} to topic topic-5a1a19fe_ecfa_406d_8e6e_9a73bdb4766e
2025-08-07 12:28:52,488 INFO  [io.api.tes.ser.api.KafkaSerdesTester] (Thread-872) Sending message {"key1": "value-7", "key2": "value-7"} to topic topic-5a1a19fe_ecfa_406d_8e6e_9a73bdb4766e
2025-08-07 12:28:52,489 INFO  [io.api.tes.ser.api.KafkaSerdesTester] (Thread-872) Sending message {"key1": "value-8", "key2": "value-8"} to topic topic-5a1a19fe_ecfa_406d_8e6e_9a73bdb4766e
2025-08-07 12:28:52,490 INFO  [io.api.tes.ser.api.KafkaSerdesTester] (Thread-872) Sending message {"key1": "value-9", "key2": "value-9"} to topic topic-5a1a19fe_ecfa_406d_8e6e_9a73bdb4766e
2025-08-07 12:28:52,494 INFO  [io.api.tes.ser.api.KafkaSerdesTester] (Thread-872) Produced 10 messages
2025-08-07 12:28:52,494 INFO  [org.apa.kaf.cli.pro.KafkaProducer] (Thread-872) [Producer clientId=Producer-topic-5a1a19fe_ecfa_406d_8e6e_9a73bdb4766e] Closing the Kafka producer with timeoutMillis = 9223372036854775807 ms.
2025-08-07 12:28:52,496 INFO  [org.apa.kaf.com.met.Metrics] (Thread-872) Metrics scheduler closed
2025-08-07 12:28:52,496 INFO  [org.apa.kaf.com.met.Metrics] (Thread-872) Closing reporter org.apache.kafka.common.metrics.JmxReporter
2025-08-07 12:28:52,496 INFO  [org.apa.kaf.com.met.Metrics] (Thread-872) Closing reporter org.apache.kafka.common.telemetry.internals.ClientTelemetryReporter
2025-08-07 12:28:52,496 INFO  [org.apa.kaf.com.met.Metrics] (Thread-872) Metrics reporters closed
2025-08-07 12:28:52,496 INFO  [org.apa.kaf.com.uti.AppInfoParser] (Thread-872) App info kafka.producer for Producer-topic-5a1a19fe_ecfa_406d_8e6e_9a73bdb4766e unregistered
**** Registry Base URL: http://registry-app-mysql.apps.ci419.apicurio-testing.org:80
2025-08-07 12:28:52,497 INFO  [org.apa.kaf.cli.pro.ProducerConfig] (main) ProducerConfig values: 
	acks = -1
	auto.include.jmx.reporter = true
	batch.size = 16384
	bootstrap.servers = [PLAINTEXT://localhost:32769]
	buffer.memory = 33554432
	client.dns.lookup = use_all_dns_ips
	client.id = Producer-topic-5a1a19fe_ecfa_406d_8e6e_9a73bdb4766e
	compression.gzip.level = -1
	compression.lz4.level = 9
	compression.type = none
	compression.zstd.level = 3
	connections.max.idle.ms = 10000
	delivery.timeout.ms = 120000
	enable.idempotence = true
	enable.metrics.push = true
	interceptor.classes = []
	key.serializer = class org.apache.kafka.common.serialization.StringSerializer
	linger.ms = 0
	max.block.ms = 60000
	max.in.flight.requests.per.connection = 5
	max.request.size = 1048576
	metadata.max.age.ms = 300000
	metadata.max.idle.ms = 300000
	metadata.recovery.strategy = none
	metric.reporters = []
	metrics.num.samples = 2
	metrics.recording.level = INFO
	metrics.sample.window.ms = 30000
	partitioner.adaptive.partitioning.enable = true
	partitioner.availability.timeout.ms = 0
	partitioner.class = null
	partitioner.ignore.keys = false
	receive.buffer.bytes = 32768
	reconnect.backoff.max.ms = 1000
	reconnect.backoff.ms = 50
	request.timeout.ms = 5000
	retries = 2147483647
	retry.backoff.max.ms = 1000
	retry.backoff.ms = 100
	sasl.client.callback.handler.class = null
	sasl.jaas.config = null
	sasl.kerberos.kinit.cmd = /usr/bin/kinit
	sasl.kerberos.min.time.before.relogin = 60000
	sasl.kerberos.service.name = null
	sasl.kerberos.ticket.renew.jitter = 0.05
	sasl.kerberos.ticket.renew.window.factor = 0.8
	sasl.login.callback.handler.class = null
	sasl.login.class = null
	sasl.login.connect.timeout.ms = null
	sasl.login.read.timeout.ms = null
	sasl.login.refresh.buffer.seconds = 300
	sasl.login.refresh.min.period.seconds = 60
	sasl.login.refresh.window.factor = 0.8
	sasl.login.refresh.window.jitter = 0.05
	sasl.login.retry.backoff.max.ms = 10000
	sasl.login.retry.backoff.ms = 100
	sasl.mechanism = GSSAPI
	sasl.oauthbearer.clock.skew.seconds = 30
	sasl.oauthbearer.expected.audience = null
	sasl.oauthbearer.expected.issuer = null
	sasl.oauthbearer.header.urlencode = false
	sasl.oauthbearer.jwks.endpoint.refresh.ms = 3600000
	sasl.oauthbearer.jwks.endpoint.retry.backoff.max.ms = 10000
	sasl.oauthbearer.jwks.endpoint.retry.backoff.ms = 100
	sasl.oauthbearer.jwks.endpoint.url = null
	sasl.oauthbearer.scope.claim.name = scope
	sasl.oauthbearer.sub.claim.name = sub
	sasl.oauthbearer.token.endpoint.url = null
	security.protocol = PLAINTEXT
	security.providers = null
	send.buffer.bytes = 131072
	socket.connection.setup.timeout.max.ms = 30000
	socket.connection.setup.timeout.ms = 10000
	ssl.cipher.suites = null
	ssl.enabled.protocols = [TLSv1.2, TLSv1.3]
	ssl.endpoint.identification.algorithm = https
	ssl.engine.factory.class = null
	ssl.key.password = null
	ssl.keymanager.algorithm = SunX509
	ssl.keystore.certificate.chain = null
	ssl.keystore.key = null
	ssl.keystore.location = null
	ssl.keystore.password = null
	ssl.keystore.type = JKS
	ssl.protocol = TLSv1.3
	ssl.provider = null
	ssl.secure.random.implementation = null
	ssl.trustmanager.algorithm = PKIX
	ssl.truststore.certificates = null
	ssl.truststore.location = null
	ssl.truststore.password = null
	ssl.truststore.type = JKS
	transaction.timeout.ms = 60000
	transactional.id = null
	value.serializer = class io.confluent.kafka.serializers.KafkaAvroSerializer

2025-08-07 12:28:52,497 INFO  [org.apa.kaf.com.tel.int.KafkaMetricsCollector] (main) initializing Kafka metrics collector
2025-08-07 12:28:52,498 INFO  [io.con.kaf.ser.KafkaAvroSerializerConfig] (main) KafkaAvroSerializerConfig values: 
	auto.register.schemas = false
	avro.reflection.allow.null = false
	avro.remove.java.properties = false
	avro.use.logical.type.converters = false
	basic.auth.credentials.source = URL
	basic.auth.user.info = [hidden]
	bearer.auth.cache.expiry.buffer.seconds = 300
	bearer.auth.client.id = null
	bearer.auth.client.secret = null
	bearer.auth.credentials.source = STATIC_TOKEN
	bearer.auth.custom.provider.class = null
	bearer.auth.identity.pool.id = null
	bearer.auth.issuer.endpoint.url = null
	bearer.auth.logical.cluster = null
	bearer.auth.scope = null
	bearer.auth.scope.claim.name = scope
	bearer.auth.sub.claim.name = sub
	bearer.auth.token = [hidden]
	context.name.strategy = class io.confluent.kafka.serializers.context.NullContextNameStrategy
	http.connect.timeout.ms = 60000
	http.read.timeout.ms = 60000
	id.compatibility.strict = true
	key.schema.id.deserializer = class io.confluent.kafka.serializers.schema.id.DualSchemaIdDeserializer
	key.schema.id.serializer = class io.confluent.kafka.serializers.schema.id.PrefixSchemaIdSerializer
	key.subject.name.strategy = class io.confluent.kafka.serializers.subject.TopicNameStrategy
	latest.cache.size = 1000
	latest.cache.ttl.sec = -1
	latest.compatibility.strict = true
	max.retries = 3
	max.schemas.per.subject = 1000
	normalize.schemas = false
	propagate.schema.tags = false
	proxy.host = 
	proxy.port = -1
	retries.max.wait.ms = 20000
	retries.wait.ms = 1000
	rule.actions = []
	rule.executors = []
	rule.service.loader.enable = true
	schema.format = null
	schema.reflection = false
	schema.registry.basic.auth.user.info = [hidden]
	schema.registry.ssl.cipher.suites = null
	schema.registry.ssl.enabled.protocols = [TLSv1.2, TLSv1.3]
	schema.registry.ssl.endpoint.identification.algorithm = https
	schema.registry.ssl.engine.factory.class = null
	schema.registry.ssl.key.password = null
	schema.registry.ssl.keymanager.algorithm = SunX509
	schema.registry.ssl.keystore.certificate.chain = null
	schema.registry.ssl.keystore.key = null
	schema.registry.ssl.keystore.location = null
	schema.registry.ssl.keystore.password = null
	schema.registry.ssl.keystore.type = JKS
	schema.registry.ssl.protocol = TLSv1.3
	schema.registry.ssl.provider = null
	schema.registry.ssl.secure.random.implementation = null
	schema.registry.ssl.trustmanager.algorithm = PKIX
	schema.registry.ssl.truststore.certificates = null
	schema.registry.ssl.truststore.location = null
	schema.registry.ssl.truststore.password = null
	schema.registry.ssl.truststore.type = JKS
	schema.registry.url = [http://registry-app-mysql.apps.ci419.apicurio-testing.org:80/apis/ccompat/v7]
	schema.registry.url.randomize = false
	use.latest.version = false
	use.latest.with.metadata = null
	use.schema.id = -1
	value.schema.id.deserializer = class io.confluent.kafka.serializers.schema.id.DualSchemaIdDeserializer
	value.schema.id.serializer = class io.confluent.kafka.serializers.schema.id.PrefixSchemaIdSerializer
	value.subject.name.strategy = class io.confluent.kafka.serializers.subject.TopicRecordNameStrategy

2025-08-07 12:28:52,500 INFO  [org.apa.kaf.cli.pro.KafkaProducer] (main) [Producer clientId=Producer-topic-5a1a19fe_ecfa_406d_8e6e_9a73bdb4766e] Instantiated an idempotent producer.
2025-08-07 12:28:52,502 INFO  [org.apa.kaf.cli.pro.ProducerConfig] (main) These configurations '[schema.registry.url, auto.register.schemas, value.subject.name.strategy]' were supplied but are not used yet.
2025-08-07 12:28:52,502 INFO  [org.apa.kaf.com.uti.AppInfoParser] (main) Kafka version: 3.9.1
2025-08-07 12:28:52,503 INFO  [org.apa.kaf.com.uti.AppInfoParser] (main) Kafka commitId: f745dfdcee2b9851
2025-08-07 12:28:52,503 INFO  [org.apa.kaf.com.uti.AppInfoParser] (main) Kafka startTimeMs: 1754569732502
2025-08-07 12:28:52,504 INFO  [io.api.tes.ser.api.KafkaSerdesTester] (Thread-873) Sending message {"key1": "value-0"} to topic topic-5a1a19fe_ecfa_406d_8e6e_9a73bdb4766e
2025-08-07 12:28:52,505 INFO  [org.apa.kaf.cli.Metadata] (kafka-producer-network-thread | Producer-topic-5a1a19fe_ecfa_406d_8e6e_9a73bdb4766e) [Producer clientId=Producer-topic-5a1a19fe_ecfa_406d_8e6e_9a73bdb4766e] Cluster ID: w_73WABzQ2iBfYWfnNB4Cg
2025-08-07 12:28:52,506 INFO  [org.apa.kaf.cli.pro.int.TransactionManager] (kafka-producer-network-thread | Producer-topic-5a1a19fe_ecfa_406d_8e6e_9a73bdb4766e) [Producer clientId=Producer-topic-5a1a19fe_ecfa_406d_8e6e_9a73bdb4766e] ProducerId set to 46 with epoch 0
2025-08-07 12:28:52,595 INFO  [io.api.tes.ser.api.KafkaSerdesTester] (Thread-873) Sending message {"key1": "value-1"} to topic topic-5a1a19fe_ecfa_406d_8e6e_9a73bdb4766e
2025-08-07 12:28:52,596 INFO  [io.api.tes.ser.api.KafkaSerdesTester] (Thread-873) Sending message {"key1": "value-2"} to topic topic-5a1a19fe_ecfa_406d_8e6e_9a73bdb4766e
2025-08-07 12:28:52,597 INFO  [io.api.tes.ser.api.KafkaSerdesTester] (Thread-873) Sending message {"key1": "value-3"} to topic topic-5a1a19fe_ecfa_406d_8e6e_9a73bdb4766e
2025-08-07 12:28:52,598 INFO  [io.api.tes.ser.api.KafkaSerdesTester] (Thread-873) Sending message {"key1": "value-4"} to topic topic-5a1a19fe_ecfa_406d_8e6e_9a73bdb4766e
2025-08-07 12:28:52,599 INFO  [io.api.tes.ser.api.KafkaSerdesTester] (Thread-873) Sending message {"key1": "value-5"} to topic topic-5a1a19fe_ecfa_406d_8e6e_9a73bdb4766e
2025-08-07 12:28:52,600 INFO  [io.api.tes.ser.api.KafkaSerdesTester] (Thread-873) Sending message {"key1": "value-6"} to topic topic-5a1a19fe_ecfa_406d_8e6e_9a73bdb4766e
2025-08-07 12:28:52,601 INFO  [io.api.tes.ser.api.KafkaSerdesTester] (Thread-873) Sending message {"key1": "value-7"} to topic topic-5a1a19fe_ecfa_406d_8e6e_9a73bdb4766e
2025-08-07 12:28:52,601 INFO  [io.api.tes.ser.api.KafkaSerdesTester] (Thread-873) Sending message {"key1": "value-8"} to topic topic-5a1a19fe_ecfa_406d_8e6e_9a73bdb4766e
2025-08-07 12:28:52,602 INFO  [io.api.tes.ser.api.KafkaSerdesTester] (Thread-873) Sending message {"key1": "value-9"} to topic topic-5a1a19fe_ecfa_406d_8e6e_9a73bdb4766e
2025-08-07 12:28:52,603 INFO  [io.api.tes.ser.api.KafkaSerdesTester] (Thread-873) Produced 10 messages
2025-08-07 12:28:52,603 INFO  [org.apa.kaf.cli.pro.KafkaProducer] (Thread-873) [Producer clientId=Producer-topic-5a1a19fe_ecfa_406d_8e6e_9a73bdb4766e] Closing the Kafka producer with timeoutMillis = 9223372036854775807 ms.
2025-08-07 12:28:52,604 INFO  [org.apa.kaf.com.met.Metrics] (Thread-873) Metrics scheduler closed
2025-08-07 12:28:52,605 INFO  [org.apa.kaf.com.met.Metrics] (Thread-873) Closing reporter org.apache.kafka.common.metrics.JmxReporter
2025-08-07 12:28:52,605 INFO  [org.apa.kaf.com.met.Metrics] (Thread-873) Closing reporter org.apache.kafka.common.telemetry.internals.ClientTelemetryReporter
2025-08-07 12:28:52,605 INFO  [org.apa.kaf.com.met.Metrics] (Thread-873) Metrics reporters closed
2025-08-07 12:28:52,605 INFO  [org.apa.kaf.com.uti.AppInfoParser] (Thread-873) App info kafka.producer for Producer-topic-5a1a19fe_ecfa_406d_8e6e_9a73bdb4766e unregistered
**** Registry Base URL: http://registry-app-mysql.apps.ci419.apicurio-testing.org:80
2025-08-07 12:28:52,605 INFO  [org.apa.kaf.cli.con.ConsumerConfig] (main) ConsumerConfig values: 
	allow.auto.create.topics = true
	auto.commit.interval.ms = 500
	auto.include.jmx.reporter = true
	auto.offset.reset = earliest
	bootstrap.servers = [PLAINTEXT://localhost:32769]
	check.crcs = true
	client.dns.lookup = use_all_dns_ips
	client.id = consumer-Consumer-topic-5a1a19fe_ecfa_406d_8e6e_9a73bdb4766e-35
	client.rack = 
	connections.max.idle.ms = 10000
	default.api.timeout.ms = 60000
	enable.auto.commit = true
	enable.metrics.push = true
	exclude.internal.topics = true
	fetch.max.bytes = 52428800
	fetch.max.wait.ms = 500
	fetch.min.bytes = 1
	group.id = Consumer-topic-5a1a19fe_ecfa_406d_8e6e_9a73bdb4766e
	group.instance.id = null
	group.protocol = classic
	group.remote.assignor = null
	heartbeat.interval.ms = 3000
	interceptor.classes = []
	internal.leave.group.on.close = true
	internal.throw.on.fetch.stable.offset.unsupported = false
	isolation.level = read_uncommitted
	key.deserializer = class org.apache.kafka.common.serialization.StringDeserializer
	max.partition.fetch.bytes = 1048576
	max.poll.interval.ms = 300000
	max.poll.records = 500
	metadata.max.age.ms = 300000
	metadata.recovery.strategy = none
	metric.reporters = []
	metrics.num.samples = 2
	metrics.recording.level = INFO
	metrics.sample.window.ms = 30000
	partition.assignment.strategy = [class org.apache.kafka.clients.consumer.RangeAssignor, class org.apache.kafka.clients.consumer.CooperativeStickyAssignor]
	receive.buffer.bytes = 65536
	reconnect.backoff.max.ms = 1000
	reconnect.backoff.ms = 50
	request.timeout.ms = 5000
	retry.backoff.max.ms = 1000
	retry.backoff.ms = 100
	sasl.client.callback.handler.class = null
	sasl.jaas.config = null
	sasl.kerberos.kinit.cmd = /usr/bin/kinit
	sasl.kerberos.min.time.before.relogin = 60000
	sasl.kerberos.service.name = null
	sasl.kerberos.ticket.renew.jitter = 0.05
	sasl.kerberos.ticket.renew.window.factor = 0.8
	sasl.login.callback.handler.class = null
	sasl.login.class = null
	sasl.login.connect.timeout.ms = null
	sasl.login.read.timeout.ms = null
	sasl.login.refresh.buffer.seconds = 300
	sasl.login.refresh.min.period.seconds = 60
	sasl.login.refresh.window.factor = 0.8
	sasl.login.refresh.window.jitter = 0.05
	sasl.login.retry.backoff.max.ms = 10000
	sasl.login.retry.backoff.ms = 100
	sasl.mechanism = GSSAPI
	sasl.oauthbearer.clock.skew.seconds = 30
	sasl.oauthbearer.expected.audience = null
	sasl.oauthbearer.expected.issuer = null
	sasl.oauthbearer.header.urlencode = false
	sasl.oauthbearer.jwks.endpoint.refresh.ms = 3600000
	sasl.oauthbearer.jwks.endpoint.retry.backoff.max.ms = 10000
	sasl.oauthbearer.jwks.endpoint.retry.backoff.ms = 100
	sasl.oauthbearer.jwks.endpoint.url = null
	sasl.oauthbearer.scope.claim.name = scope
	sasl.oauthbearer.sub.claim.name = sub
	sasl.oauthbearer.token.endpoint.url = null
	security.protocol = PLAINTEXT
	security.providers = null
	send.buffer.bytes = 131072
	session.timeout.ms = 45000
	socket.connection.setup.timeout.max.ms = 30000
	socket.connection.setup.timeout.ms = 10000
	ssl.cipher.suites = null
	ssl.enabled.protocols = [TLSv1.2, TLSv1.3]
	ssl.endpoint.identification.algorithm = https
	ssl.engine.factory.class = null
	ssl.key.password = null
	ssl.keymanager.algorithm = SunX509
	ssl.keystore.certificate.chain = null
	ssl.keystore.key = null
	ssl.keystore.location = null
	ssl.keystore.password = null
	ssl.keystore.type = JKS
	ssl.protocol = TLSv1.3
	ssl.provider = null
	ssl.secure.random.implementation = null
	ssl.trustmanager.algorithm = PKIX
	ssl.truststore.certificates = null
	ssl.truststore.location = null
	ssl.truststore.password = null
	ssl.truststore.type = JKS
	value.deserializer = class io.confluent.kafka.serializers.KafkaAvroDeserializer

2025-08-07 12:28:52,605 INFO  [org.apa.kaf.com.tel.int.KafkaMetricsCollector] (main) initializing Kafka metrics collector
2025-08-07 12:28:52,606 INFO  [io.con.kaf.ser.KafkaAvroDeserializerConfig] (main) KafkaAvroDeserializerConfig values: 
	auto.register.schemas = true
	avro.reflection.allow.null = false
	avro.use.logical.type.converters = false
	basic.auth.credentials.source = URL
	basic.auth.user.info = [hidden]
	bearer.auth.cache.expiry.buffer.seconds = 300
	bearer.auth.client.id = null
	bearer.auth.client.secret = null
	bearer.auth.credentials.source = STATIC_TOKEN
	bearer.auth.custom.provider.class = null
	bearer.auth.identity.pool.id = null
	bearer.auth.issuer.endpoint.url = null
	bearer.auth.logical.cluster = null
	bearer.auth.scope = null
	bearer.auth.scope.claim.name = scope
	bearer.auth.sub.claim.name = sub
	bearer.auth.token = [hidden]
	context.name.strategy = class io.confluent.kafka.serializers.context.NullContextNameStrategy
	http.connect.timeout.ms = 60000
	http.read.timeout.ms = 60000
	id.compatibility.strict = true
	key.schema.id.deserializer = class io.confluent.kafka.serializers.schema.id.DualSchemaIdDeserializer
	key.schema.id.serializer = class io.confluent.kafka.serializers.schema.id.PrefixSchemaIdSerializer
	key.subject.name.strategy = class io.confluent.kafka.serializers.subject.TopicNameStrategy
	latest.cache.size = 1000
	latest.cache.ttl.sec = -1
	latest.compatibility.strict = true
	max.retries = 3
	max.schemas.per.subject = 1000
	normalize.schemas = false
	propagate.schema.tags = false
	proxy.host = 
	proxy.port = -1
	retries.max.wait.ms = 20000
	retries.wait.ms = 1000
	rule.actions = []
	rule.executors = []
	rule.service.loader.enable = true
	schema.format = null
	schema.reflection = false
	schema.registry.basic.auth.user.info = [hidden]
	schema.registry.ssl.cipher.suites = null
	schema.registry.ssl.enabled.protocols = [TLSv1.2, TLSv1.3]
	schema.registry.ssl.endpoint.identification.algorithm = https
	schema.registry.ssl.engine.factory.class = null
	schema.registry.ssl.key.password = null
	schema.registry.ssl.keymanager.algorithm = SunX509
	schema.registry.ssl.keystore.certificate.chain = null
	schema.registry.ssl.keystore.key = null
	schema.registry.ssl.keystore.location = null
	schema.registry.ssl.keystore.password = null
	schema.registry.ssl.keystore.type = JKS
	schema.registry.ssl.protocol = TLSv1.3
	schema.registry.ssl.provider = null
	schema.registry.ssl.secure.random.implementation = null
	schema.registry.ssl.trustmanager.algorithm = PKIX
	schema.registry.ssl.truststore.certificates = null
	schema.registry.ssl.truststore.location = null
	schema.registry.ssl.truststore.password = null
	schema.registry.ssl.truststore.type = JKS
	schema.registry.url = [http://registry-app-mysql.apps.ci419.apicurio-testing.org:80/apis/ccompat/v7]
	schema.registry.url.randomize = false
	specific.avro.key.type = null
	specific.avro.reader = false
	specific.avro.value.type = null
	use.latest.version = false
	use.latest.with.metadata = null
	use.schema.id = -1
	value.schema.id.deserializer = class io.confluent.kafka.serializers.schema.id.DualSchemaIdDeserializer
	value.schema.id.serializer = class io.confluent.kafka.serializers.schema.id.PrefixSchemaIdSerializer
	value.subject.name.strategy = class io.confluent.kafka.serializers.subject.TopicNameStrategy

2025-08-07 12:28:52,609 INFO  [org.apa.kaf.cli.con.ConsumerConfig] (main) These configurations '[schema.registry.url]' were supplied but are not used yet.
2025-08-07 12:28:52,610 INFO  [org.apa.kaf.com.uti.AppInfoParser] (main) Kafka version: 3.9.1
2025-08-07 12:28:52,610 INFO  [org.apa.kaf.com.uti.AppInfoParser] (main) Kafka commitId: f745dfdcee2b9851
2025-08-07 12:28:52,610 INFO  [org.apa.kaf.com.uti.AppInfoParser] (main) Kafka startTimeMs: 1754569732610
2025-08-07 12:28:52,611 INFO  [org.apa.kaf.cli.con.int.ClassicKafkaConsumer] (Thread-874) [Consumer clientId=consumer-Consumer-topic-5a1a19fe_ecfa_406d_8e6e_9a73bdb4766e-35, groupId=Consumer-topic-5a1a19fe_ecfa_406d_8e6e_9a73bdb4766e] Subscribed to topic(s): topic-5a1a19fe_ecfa_406d_8e6e_9a73bdb4766e
2025-08-07 12:28:52,615 INFO  [org.apa.kaf.cli.Metadata] (Thread-874) [Consumer clientId=consumer-Consumer-topic-5a1a19fe_ecfa_406d_8e6e_9a73bdb4766e-35, groupId=Consumer-topic-5a1a19fe_ecfa_406d_8e6e_9a73bdb4766e] Cluster ID: w_73WABzQ2iBfYWfnNB4Cg
2025-08-07 12:28:52,616 INFO  [org.apa.kaf.cli.con.int.ConsumerCoordinator] (Thread-874) [Consumer clientId=consumer-Consumer-topic-5a1a19fe_ecfa_406d_8e6e_9a73bdb4766e-35, groupId=Consumer-topic-5a1a19fe_ecfa_406d_8e6e_9a73bdb4766e] Discovered group coordinator localhost:32769 (id: 2147483647 rack: null)
2025-08-07 12:28:52,618 INFO  [org.apa.kaf.cli.con.int.ConsumerCoordinator] (Thread-874) [Consumer clientId=consumer-Consumer-topic-5a1a19fe_ecfa_406d_8e6e_9a73bdb4766e-35, groupId=Consumer-topic-5a1a19fe_ecfa_406d_8e6e_9a73bdb4766e] (Re-)joining group
2025-08-07 12:28:52,620 INFO  [org.apa.kaf.cli.con.int.ConsumerCoordinator] (Thread-874) [Consumer clientId=consumer-Consumer-topic-5a1a19fe_ecfa_406d_8e6e_9a73bdb4766e-35, groupId=Consumer-topic-5a1a19fe_ecfa_406d_8e6e_9a73bdb4766e] Request joining group due to: need to re-join with the given member-id: consumer-Consumer-topic-5a1a19fe_ecfa_406d_8e6e_9a73bdb4766e-35-4fb1f936-c0d4-4d52-ac27-0e8f5e3b3c03
2025-08-07 12:28:52,620 INFO  [org.apa.kaf.cli.con.int.ConsumerCoordinator] (Thread-874) [Consumer clientId=consumer-Consumer-topic-5a1a19fe_ecfa_406d_8e6e_9a73bdb4766e-35, groupId=Consumer-topic-5a1a19fe_ecfa_406d_8e6e_9a73bdb4766e] (Re-)joining group
2025-08-07 12:28:53,611 INFO  [io.api.tes.ser.api.KafkaSerdesTester] (Thread-874) None found
2025-08-07 12:28:54,611 INFO  [io.api.tes.ser.api.KafkaSerdesTester] (Thread-874) None found
2025-08-07 12:28:55,611 INFO  [io.api.tes.ser.api.KafkaSerdesTester] (Thread-874) None found
2025-08-07 12:28:55,621 INFO  [org.apa.kaf.cli.con.int.ConsumerCoordinator] (Thread-874) [Consumer clientId=consumer-Consumer-topic-5a1a19fe_ecfa_406d_8e6e_9a73bdb4766e-35, groupId=Consumer-topic-5a1a19fe_ecfa_406d_8e6e_9a73bdb4766e] Successfully joined group with generation Generation{generationId=3, memberId='consumer-Consumer-topic-5a1a19fe_ecfa_406d_8e6e_9a73bdb4766e-35-4fb1f936-c0d4-4d52-ac27-0e8f5e3b3c03', protocol='range'}
2025-08-07 12:28:55,622 INFO  [org.apa.kaf.cli.con.int.ConsumerCoordinator] (Thread-874) [Consumer clientId=consumer-Consumer-topic-5a1a19fe_ecfa_406d_8e6e_9a73bdb4766e-35, groupId=Consumer-topic-5a1a19fe_ecfa_406d_8e6e_9a73bdb4766e] Finished assignment for group at generation 3: {consumer-Consumer-topic-5a1a19fe_ecfa_406d_8e6e_9a73bdb4766e-35-4fb1f936-c0d4-4d52-ac27-0e8f5e3b3c03=Assignment(partitions=[topic-5a1a19fe_ecfa_406d_8e6e_9a73bdb4766e-0])}
2025-08-07 12:28:55,628 INFO  [org.apa.kaf.cli.con.int.ConsumerCoordinator] (Thread-874) [Consumer clientId=consumer-Consumer-topic-5a1a19fe_ecfa_406d_8e6e_9a73bdb4766e-35, groupId=Consumer-topic-5a1a19fe_ecfa_406d_8e6e_9a73bdb4766e] Successfully synced group in generation Generation{generationId=3, memberId='consumer-Consumer-topic-5a1a19fe_ecfa_406d_8e6e_9a73bdb4766e-35-4fb1f936-c0d4-4d52-ac27-0e8f5e3b3c03', protocol='range'}
2025-08-07 12:28:55,628 INFO  [org.apa.kaf.cli.con.int.ConsumerCoordinator] (Thread-874) [Consumer clientId=consumer-Consumer-topic-5a1a19fe_ecfa_406d_8e6e_9a73bdb4766e-35, groupId=Consumer-topic-5a1a19fe_ecfa_406d_8e6e_9a73bdb4766e] Notifying assignor about the new Assignment(partitions=[topic-5a1a19fe_ecfa_406d_8e6e_9a73bdb4766e-0])
2025-08-07 12:28:55,628 INFO  [org.apa.kaf.cli.con.int.ConsumerRebalanceListenerInvoker] (Thread-874) [Consumer clientId=consumer-Consumer-topic-5a1a19fe_ecfa_406d_8e6e_9a73bdb4766e-35, groupId=Consumer-topic-5a1a19fe_ecfa_406d_8e6e_9a73bdb4766e] Adding newly assigned partitions: topic-5a1a19fe_ecfa_406d_8e6e_9a73bdb4766e-0
2025-08-07 12:28:55,629 INFO  [org.apa.kaf.cli.con.int.ConsumerUtils] (Thread-874) Setting offset for partition topic-5a1a19fe_ecfa_406d_8e6e_9a73bdb4766e-0 to the committed offset FetchPosition{offset=10, offsetEpoch=Optional[0], currentLeader=LeaderAndEpoch{leader=Optional[localhost:32769 (id: 0 rack: null)], epoch=0}}
2025-08-07 12:28:55,800 INFO  [io.api.tes.ser.api.KafkaSerdesTester] (Thread-874) topic-5a1a19fe_ecfa_406d_8e6e_9a73bdb4766e 0 10 {"key1": "value-0", "key2": "value-0"}
2025-08-07 12:28:55,800 INFO  [io.api.tes.ser.api.KafkaSerdesTester] (Thread-874) topic-5a1a19fe_ecfa_406d_8e6e_9a73bdb4766e 0 11 {"key1": "value-1", "key2": "value-1"}
2025-08-07 12:28:55,800 INFO  [io.api.tes.ser.api.KafkaSerdesTester] (Thread-874) topic-5a1a19fe_ecfa_406d_8e6e_9a73bdb4766e 0 12 {"key1": "value-2", "key2": "value-2"}
2025-08-07 12:28:55,800 INFO  [io.api.tes.ser.api.KafkaSerdesTester] (Thread-874) topic-5a1a19fe_ecfa_406d_8e6e_9a73bdb4766e 0 13 {"key1": "value-3", "key2": "value-3"}
2025-08-07 12:28:55,800 INFO  [io.api.tes.ser.api.KafkaSerdesTester] (Thread-874) topic-5a1a19fe_ecfa_406d_8e6e_9a73bdb4766e 0 14 {"key1": "value-4", "key2": "value-4"}
2025-08-07 12:28:55,800 INFO  [io.api.tes.ser.api.KafkaSerdesTester] (Thread-874) topic-5a1a19fe_ecfa_406d_8e6e_9a73bdb4766e 0 15 {"key1": "value-5", "key2": "value-5"}
2025-08-07 12:28:55,801 INFO  [io.api.tes.ser.api.KafkaSerdesTester] (Thread-874) topic-5a1a19fe_ecfa_406d_8e6e_9a73bdb4766e 0 16 {"key1": "value-6", "key2": "value-6"}
2025-08-07 12:28:55,801 INFO  [io.api.tes.ser.api.KafkaSerdesTester] (Thread-874) topic-5a1a19fe_ecfa_406d_8e6e_9a73bdb4766e 0 17 {"key1": "value-7", "key2": "value-7"}
2025-08-07 12:28:55,801 INFO  [io.api.tes.ser.api.KafkaSerdesTester] (Thread-874) topic-5a1a19fe_ecfa_406d_8e6e_9a73bdb4766e 0 18 {"key1": "value-8", "key2": "value-8"}
2025-08-07 12:28:55,801 INFO  [io.api.tes.ser.api.KafkaSerdesTester] (Thread-874) topic-5a1a19fe_ecfa_406d_8e6e_9a73bdb4766e 0 19 {"key1": "value-9", "key2": "value-9"}
2025-08-07 12:28:55,801 INFO  [io.api.tes.ser.api.KafkaSerdesTester] (Thread-874) topic-5a1a19fe_ecfa_406d_8e6e_9a73bdb4766e 0 20 {"key1": "value-0"}
2025-08-07 12:28:55,801 INFO  [io.api.tes.ser.api.KafkaSerdesTester] (Thread-874) topic-5a1a19fe_ecfa_406d_8e6e_9a73bdb4766e 0 21 {"key1": "value-1"}
2025-08-07 12:28:55,801 INFO  [io.api.tes.ser.api.KafkaSerdesTester] (Thread-874) topic-5a1a19fe_ecfa_406d_8e6e_9a73bdb4766e 0 22 {"key1": "value-2"}
2025-08-07 12:28:55,801 INFO  [io.api.tes.ser.api.KafkaSerdesTester] (Thread-874) topic-5a1a19fe_ecfa_406d_8e6e_9a73bdb4766e 0 23 {"key1": "value-3"}
2025-08-07 12:28:55,801 INFO  [io.api.tes.ser.api.KafkaSerdesTester] (Thread-874) topic-5a1a19fe_ecfa_406d_8e6e_9a73bdb4766e 0 24 {"key1": "value-4"}
2025-08-07 12:28:55,801 INFO  [io.api.tes.ser.api.KafkaSerdesTester] (Thread-874) topic-5a1a19fe_ecfa_406d_8e6e_9a73bdb4766e 0 25 {"key1": "value-5"}
2025-08-07 12:28:55,801 INFO  [io.api.tes.ser.api.KafkaSerdesTester] (Thread-874) topic-5a1a19fe_ecfa_406d_8e6e_9a73bdb4766e 0 26 {"key1": "value-6"}
2025-08-07 12:28:55,801 INFO  [io.api.tes.ser.api.KafkaSerdesTester] (Thread-874) topic-5a1a19fe_ecfa_406d_8e6e_9a73bdb4766e 0 27 {"key1": "value-7"}
2025-08-07 12:28:55,801 INFO  [io.api.tes.ser.api.KafkaSerdesTester] (Thread-874) topic-5a1a19fe_ecfa_406d_8e6e_9a73bdb4766e 0 28 {"key1": "value-8"}
2025-08-07 12:28:55,801 INFO  [io.api.tes.ser.api.KafkaSerdesTester] (Thread-874) topic-5a1a19fe_ecfa_406d_8e6e_9a73bdb4766e 0 29 {"key1": "value-9"}
2025-08-07 12:28:55,801 INFO  [io.api.tes.ser.api.KafkaSerdesTester] (Thread-874) Consumed 20 messages
2025-08-07 12:28:55,807 INFO  [org.apa.kaf.cli.con.int.ConsumerRebalanceListenerInvoker] (Thread-874) [Consumer clientId=consumer-Consumer-topic-5a1a19fe_ecfa_406d_8e6e_9a73bdb4766e-35, groupId=Consumer-topic-5a1a19fe_ecfa_406d_8e6e_9a73bdb4766e] Revoke previously assigned partitions topic-5a1a19fe_ecfa_406d_8e6e_9a73bdb4766e-0
2025-08-07 12:28:55,807 INFO  [org.apa.kaf.cli.con.int.ConsumerCoordinator] (Thread-874) [Consumer clientId=consumer-Consumer-topic-5a1a19fe_ecfa_406d_8e6e_9a73bdb4766e-35, groupId=Consumer-topic-5a1a19fe_ecfa_406d_8e6e_9a73bdb4766e] Member consumer-Consumer-topic-5a1a19fe_ecfa_406d_8e6e_9a73bdb4766e-35-4fb1f936-c0d4-4d52-ac27-0e8f5e3b3c03 sending LeaveGroup request to coordinator localhost:32769 (id: 2147483647 rack: null) due to the consumer is being closed
2025-08-07 12:28:55,808 INFO  [org.apa.kaf.cli.con.int.ConsumerCoordinator] (Thread-874) [Consumer clientId=consumer-Consumer-topic-5a1a19fe_ecfa_406d_8e6e_9a73bdb4766e-35, groupId=Consumer-topic-5a1a19fe_ecfa_406d_8e6e_9a73bdb4766e] Resetting generation and member id due to: consumer pro-actively leaving the group
2025-08-07 12:28:55,808 INFO  [org.apa.kaf.cli.con.int.ConsumerCoordinator] (Thread-874) [Consumer clientId=consumer-Consumer-topic-5a1a19fe_ecfa_406d_8e6e_9a73bdb4766e-35, groupId=Consumer-topic-5a1a19fe_ecfa_406d_8e6e_9a73bdb4766e] Request joining group due to: consumer pro-actively leaving the group
2025-08-07 12:28:56,303 INFO  [org.apa.kaf.com.met.Metrics] (Thread-874) Metrics scheduler closed
2025-08-07 12:28:56,303 INFO  [org.apa.kaf.com.met.Metrics] (Thread-874) Closing reporter org.apache.kafka.common.metrics.JmxReporter
2025-08-07 12:28:56,303 INFO  [org.apa.kaf.com.met.Metrics] (Thread-874) Closing reporter org.apache.kafka.common.telemetry.internals.ClientTelemetryReporter
2025-08-07 12:28:56,303 INFO  [org.apa.kaf.com.met.Metrics] (Thread-874) Metrics reporters closed
2025-08-07 12:28:56,305 INFO  [org.apa.kaf.com.uti.AppInfoParser] (Thread-874) App info kafka.consumer for consumer-Consumer-topic-5a1a19fe_ecfa_406d_8e6e_9a73bdb4766e-35 unregistered
**** Registry Base URL: http://registry-app-mysql.apps.ci419.apicurio-testing.org:80
2025-08-07 12:28:57,518 INFO  [org.apa.kaf.cli.pro.ProducerConfig] (main) ProducerConfig values: 
	acks = -1
	auto.include.jmx.reporter = true
	batch.size = 16384
	bootstrap.servers = [PLAINTEXT://localhost:32769]
	buffer.memory = 33554432
	client.dns.lookup = use_all_dns_ips
	client.id = Producer-topic-5a1a19fe_ecfa_406d_8e6e_9a73bdb4766e
	compression.gzip.level = -1
	compression.lz4.level = 9
	compression.type = none
	compression.zstd.level = 3
	connections.max.idle.ms = 10000
	delivery.timeout.ms = 120000
	enable.idempotence = true
	enable.metrics.push = true
	interceptor.classes = []
	key.serializer = class org.apache.kafka.common.serialization.StringSerializer
	linger.ms = 0
	max.block.ms = 60000
	max.in.flight.requests.per.connection = 5
	max.request.size = 1048576
	metadata.max.age.ms = 300000
	metadata.max.idle.ms = 300000
	metadata.recovery.strategy = none
	metric.reporters = []
	metrics.num.samples = 2
	metrics.recording.level = INFO
	metrics.sample.window.ms = 30000
	partitioner.adaptive.partitioning.enable = true
	partitioner.availability.timeout.ms = 0
	partitioner.class = null
	partitioner.ignore.keys = false
	receive.buffer.bytes = 32768
	reconnect.backoff.max.ms = 1000
	reconnect.backoff.ms = 50
	request.timeout.ms = 5000
	retries = 2147483647
	retry.backoff.max.ms = 1000
	retry.backoff.ms = 100
	sasl.client.callback.handler.class = null
	sasl.jaas.config = null
	sasl.kerberos.kinit.cmd = /usr/bin/kinit
	sasl.kerberos.min.time.before.relogin = 60000
	sasl.kerberos.service.name = null
	sasl.kerberos.ticket.renew.jitter = 0.05
	sasl.kerberos.ticket.renew.window.factor = 0.8
	sasl.login.callback.handler.class = null
	sasl.login.class = null
	sasl.login.connect.timeout.ms = null
	sasl.login.read.timeout.ms = null
	sasl.login.refresh.buffer.seconds = 300
	sasl.login.refresh.min.period.seconds = 60
	sasl.login.refresh.window.factor = 0.8
	sasl.login.refresh.window.jitter = 0.05
	sasl.login.retry.backoff.max.ms = 10000
	sasl.login.retry.backoff.ms = 100
	sasl.mechanism = GSSAPI
	sasl.oauthbearer.clock.skew.seconds = 30
	sasl.oauthbearer.expected.audience = null
	sasl.oauthbearer.expected.issuer = null
	sasl.oauthbearer.header.urlencode = false
	sasl.oauthbearer.jwks.endpoint.refresh.ms = 3600000
	sasl.oauthbearer.jwks.endpoint.retry.backoff.max.ms = 10000
	sasl.oauthbearer.jwks.endpoint.retry.backoff.ms = 100
	sasl.oauthbearer.jwks.endpoint.url = null
	sasl.oauthbearer.scope.claim.name = scope
	sasl.oauthbearer.sub.claim.name = sub
	sasl.oauthbearer.token.endpoint.url = null
	security.protocol = PLAINTEXT
	security.providers = null
	send.buffer.bytes = 131072
	socket.connection.setup.timeout.max.ms = 30000
	socket.connection.setup.timeout.ms = 10000
	ssl.cipher.suites = null
	ssl.enabled.protocols = [TLSv1.2, TLSv1.3]
	ssl.endpoint.identification.algorithm = https
	ssl.engine.factory.class = null
	ssl.key.password = null
	ssl.keymanager.algorithm = SunX509
	ssl.keystore.certificate.chain = null
	ssl.keystore.key = null
	ssl.keystore.location = null
	ssl.keystore.password = null
	ssl.keystore.type = JKS
	ssl.protocol = TLSv1.3
	ssl.provider = null
	ssl.secure.random.implementation = null
	ssl.trustmanager.algorithm = PKIX
	ssl.truststore.certificates = null
	ssl.truststore.location = null
	ssl.truststore.password = null
	ssl.truststore.type = JKS
	transaction.timeout.ms = 60000
	transactional.id = null
	value.serializer = class io.confluent.kafka.serializers.KafkaAvroSerializer

2025-08-07 12:28:57,519 INFO  [org.apa.kaf.com.tel.int.KafkaMetricsCollector] (main) initializing Kafka metrics collector
2025-08-07 12:28:57,519 INFO  [io.con.kaf.ser.KafkaAvroSerializerConfig] (main) KafkaAvroSerializerConfig values: 
	auto.register.schemas = false
	avro.reflection.allow.null = false
	avro.remove.java.properties = false
	avro.use.logical.type.converters = false
	basic.auth.credentials.source = URL
	basic.auth.user.info = [hidden]
	bearer.auth.cache.expiry.buffer.seconds = 300
	bearer.auth.client.id = null
	bearer.auth.client.secret = null
	bearer.auth.credentials.source = STATIC_TOKEN
	bearer.auth.custom.provider.class = null
	bearer.auth.identity.pool.id = null
	bearer.auth.issuer.endpoint.url = null
	bearer.auth.logical.cluster = null
	bearer.auth.scope = null
	bearer.auth.scope.claim.name = scope
	bearer.auth.sub.claim.name = sub
	bearer.auth.token = [hidden]
	context.name.strategy = class io.confluent.kafka.serializers.context.NullContextNameStrategy
	http.connect.timeout.ms = 60000
	http.read.timeout.ms = 60000
	id.compatibility.strict = true
	key.schema.id.deserializer = class io.confluent.kafka.serializers.schema.id.DualSchemaIdDeserializer
	key.schema.id.serializer = class io.confluent.kafka.serializers.schema.id.PrefixSchemaIdSerializer
	key.subject.name.strategy = class io.confluent.kafka.serializers.subject.TopicNameStrategy
	latest.cache.size = 1000
	latest.cache.ttl.sec = -1
	latest.compatibility.strict = true
	max.retries = 3
	max.schemas.per.subject = 1000
	normalize.schemas = false
	propagate.schema.tags = false
	proxy.host = 
	proxy.port = -1
	retries.max.wait.ms = 20000
	retries.wait.ms = 1000
	rule.actions = []
	rule.executors = []
	rule.service.loader.enable = true
	schema.format = null
	schema.reflection = false
	schema.registry.basic.auth.user.info = [hidden]
	schema.registry.ssl.cipher.suites = null
	schema.registry.ssl.enabled.protocols = [TLSv1.2, TLSv1.3]
	schema.registry.ssl.endpoint.identification.algorithm = https
	schema.registry.ssl.engine.factory.class = null
	schema.registry.ssl.key.password = null
	schema.registry.ssl.keymanager.algorithm = SunX509
	schema.registry.ssl.keystore.certificate.chain = null
	schema.registry.ssl.keystore.key = null
	schema.registry.ssl.keystore.location = null
	schema.registry.ssl.keystore.password = null
	schema.registry.ssl.keystore.type = JKS
	schema.registry.ssl.protocol = TLSv1.3
	schema.registry.ssl.provider = null
	schema.registry.ssl.secure.random.implementation = null
	schema.registry.ssl.trustmanager.algorithm = PKIX
	schema.registry.ssl.truststore.certificates = null
	schema.registry.ssl.truststore.location = null
	schema.registry.ssl.truststore.password = null
	schema.registry.ssl.truststore.type = JKS
	schema.registry.url = [http://registry-app-mysql.apps.ci419.apicurio-testing.org:80/apis/ccompat/v7]
	schema.registry.url.randomize = false
	use.latest.version = false
	use.latest.with.metadata = null
	use.schema.id = -1
	value.schema.id.deserializer = class io.confluent.kafka.serializers.schema.id.DualSchemaIdDeserializer
	value.schema.id.serializer = class io.confluent.kafka.serializers.schema.id.PrefixSchemaIdSerializer
	value.subject.name.strategy = class io.confluent.kafka.serializers.subject.TopicRecordNameStrategy

2025-08-07 12:28:57,521 INFO  [org.apa.kaf.cli.pro.KafkaProducer] (main) [Producer clientId=Producer-topic-5a1a19fe_ecfa_406d_8e6e_9a73bdb4766e] Instantiated an idempotent producer.
2025-08-07 12:28:57,522 INFO  [org.apa.kaf.cli.pro.ProducerConfig] (main) These configurations '[schema.registry.url, auto.register.schemas, value.subject.name.strategy]' were supplied but are not used yet.
2025-08-07 12:28:57,522 INFO  [org.apa.kaf.com.uti.AppInfoParser] (main) Kafka version: 3.9.1
2025-08-07 12:28:57,522 INFO  [org.apa.kaf.com.uti.AppInfoParser] (main) Kafka commitId: f745dfdcee2b9851
2025-08-07 12:28:57,522 INFO  [org.apa.kaf.com.uti.AppInfoParser] (main) Kafka startTimeMs: 1754569737522
2025-08-07 12:28:57,522 INFO  [io.api.tes.ser.api.KafkaSerdesTester] (Thread-875) Sending message {"key1": "value-0", "key2": "value-0", "key3": "value-0"} to topic topic-5a1a19fe_ecfa_406d_8e6e_9a73bdb4766e
2025-08-07 12:28:57,525 INFO  [org.apa.kaf.cli.Metadata] (kafka-producer-network-thread | Producer-topic-5a1a19fe_ecfa_406d_8e6e_9a73bdb4766e) [Producer clientId=Producer-topic-5a1a19fe_ecfa_406d_8e6e_9a73bdb4766e] Cluster ID: w_73WABzQ2iBfYWfnNB4Cg
2025-08-07 12:28:57,527 INFO  [org.apa.kaf.cli.pro.int.TransactionManager] (kafka-producer-network-thread | Producer-topic-5a1a19fe_ecfa_406d_8e6e_9a73bdb4766e) [Producer clientId=Producer-topic-5a1a19fe_ecfa_406d_8e6e_9a73bdb4766e] ProducerId set to 47 with epoch 0
2025-08-07 12:28:57,617 INFO  [io.api.tes.ser.api.KafkaSerdesTester] (Thread-875) Sending message {"key1": "value-1", "key2": "value-1", "key3": "value-1"} to topic topic-5a1a19fe_ecfa_406d_8e6e_9a73bdb4766e
2025-08-07 12:28:57,619 INFO  [io.api.tes.ser.api.KafkaSerdesTester] (Thread-875) Sending message {"key1": "value-2", "key2": "value-2", "key3": "value-2"} to topic topic-5a1a19fe_ecfa_406d_8e6e_9a73bdb4766e
2025-08-07 12:28:57,620 INFO  [io.api.tes.ser.api.KafkaSerdesTester] (Thread-875) Sending message {"key1": "value-3", "key2": "value-3", "key3": "value-3"} to topic topic-5a1a19fe_ecfa_406d_8e6e_9a73bdb4766e
2025-08-07 12:28:57,621 INFO  [io.api.tes.ser.api.KafkaSerdesTester] (Thread-875) Sending message {"key1": "value-4", "key2": "value-4", "key3": "value-4"} to topic topic-5a1a19fe_ecfa_406d_8e6e_9a73bdb4766e
2025-08-07 12:28:57,622 INFO  [io.api.tes.ser.api.KafkaSerdesTester] (Thread-875) Sending message {"key1": "value-5", "key2": "value-5", "key3": "value-5"} to topic topic-5a1a19fe_ecfa_406d_8e6e_9a73bdb4766e
2025-08-07 12:28:57,624 INFO  [io.api.tes.ser.api.KafkaSerdesTester] (Thread-875) Sending message {"key1": "value-6", "key2": "value-6", "key3": "value-6"} to topic topic-5a1a19fe_ecfa_406d_8e6e_9a73bdb4766e
2025-08-07 12:28:57,625 INFO  [io.api.tes.ser.api.KafkaSerdesTester] (Thread-875) Sending message {"key1": "value-7", "key2": "value-7", "key3": "value-7"} to topic topic-5a1a19fe_ecfa_406d_8e6e_9a73bdb4766e
2025-08-07 12:28:57,625 INFO  [io.api.tes.ser.api.KafkaSerdesTester] (Thread-875) Sending message {"key1": "value-8", "key2": "value-8", "key3": "value-8"} to topic topic-5a1a19fe_ecfa_406d_8e6e_9a73bdb4766e
2025-08-07 12:28:57,626 INFO  [io.api.tes.ser.api.KafkaSerdesTester] (Thread-875) Sending message {"key1": "value-9", "key2": "value-9", "key3": "value-9"} to topic topic-5a1a19fe_ecfa_406d_8e6e_9a73bdb4766e
2025-08-07 12:28:57,627 INFO  [io.api.tes.ser.api.KafkaSerdesTester] (Thread-875) Produced 10 messages
2025-08-07 12:28:57,627 INFO  [org.apa.kaf.cli.pro.KafkaProducer] (Thread-875) [Producer clientId=Producer-topic-5a1a19fe_ecfa_406d_8e6e_9a73bdb4766e] Closing the Kafka producer with timeoutMillis = 9223372036854775807 ms.
2025-08-07 12:28:57,628 INFO  [org.apa.kaf.com.met.Metrics] (Thread-875) Metrics scheduler closed
2025-08-07 12:28:57,629 INFO  [org.apa.kaf.com.met.Metrics] (Thread-875) Closing reporter org.apache.kafka.common.metrics.JmxReporter
2025-08-07 12:28:57,629 INFO  [org.apa.kaf.com.met.Metrics] (Thread-875) Closing reporter org.apache.kafka.common.telemetry.internals.ClientTelemetryReporter
2025-08-07 12:28:57,629 INFO  [org.apa.kaf.com.met.Metrics] (Thread-875) Metrics reporters closed
2025-08-07 12:28:57,629 INFO  [org.apa.kaf.com.uti.AppInfoParser] (Thread-875) App info kafka.producer for Producer-topic-5a1a19fe_ecfa_406d_8e6e_9a73bdb4766e unregistered
**** Registry Base URL: http://registry-app-mysql.apps.ci419.apicurio-testing.org:80
2025-08-07 12:28:57,629 INFO  [org.apa.kaf.cli.pro.ProducerConfig] (main) ProducerConfig values: 
	acks = -1
	auto.include.jmx.reporter = true
	batch.size = 16384
	bootstrap.servers = [PLAINTEXT://localhost:32769]
	buffer.memory = 33554432
	client.dns.lookup = use_all_dns_ips
	client.id = Producer-topic-5a1a19fe_ecfa_406d_8e6e_9a73bdb4766e
	compression.gzip.level = -1
	compression.lz4.level = 9
	compression.type = none
	compression.zstd.level = 3
	connections.max.idle.ms = 10000
	delivery.timeout.ms = 120000
	enable.idempotence = true
	enable.metrics.push = true
	interceptor.classes = []
	key.serializer = class org.apache.kafka.common.serialization.StringSerializer
	linger.ms = 0
	max.block.ms = 60000
	max.in.flight.requests.per.connection = 5
	max.request.size = 1048576
	metadata.max.age.ms = 300000
	metadata.max.idle.ms = 300000
	metadata.recovery.strategy = none
	metric.reporters = []
	metrics.num.samples = 2
	metrics.recording.level = INFO
	metrics.sample.window.ms = 30000
	partitioner.adaptive.partitioning.enable = true
	partitioner.availability.timeout.ms = 0
	partitioner.class = null
	partitioner.ignore.keys = false
	receive.buffer.bytes = 32768
	reconnect.backoff.max.ms = 1000
	reconnect.backoff.ms = 50
	request.timeout.ms = 5000
	retries = 2147483647
	retry.backoff.max.ms = 1000
	retry.backoff.ms = 100
	sasl.client.callback.handler.class = null
	sasl.jaas.config = null
	sasl.kerberos.kinit.cmd = /usr/bin/kinit
	sasl.kerberos.min.time.before.relogin = 60000
	sasl.kerberos.service.name = null
	sasl.kerberos.ticket.renew.jitter = 0.05
	sasl.kerberos.ticket.renew.window.factor = 0.8
	sasl.login.callback.handler.class = null
	sasl.login.class = null
	sasl.login.connect.timeout.ms = null
	sasl.login.read.timeout.ms = null
	sasl.login.refresh.buffer.seconds = 300
	sasl.login.refresh.min.period.seconds = 60
	sasl.login.refresh.window.factor = 0.8
	sasl.login.refresh.window.jitter = 0.05
	sasl.login.retry.backoff.max.ms = 10000
	sasl.login.retry.backoff.ms = 100
	sasl.mechanism = GSSAPI
	sasl.oauthbearer.clock.skew.seconds = 30
	sasl.oauthbearer.expected.audience = null
	sasl.oauthbearer.expected.issuer = null
	sasl.oauthbearer.header.urlencode = false
	sasl.oauthbearer.jwks.endpoint.refresh.ms = 3600000
	sasl.oauthbearer.jwks.endpoint.retry.backoff.max.ms = 10000
	sasl.oauthbearer.jwks.endpoint.retry.backoff.ms = 100
	sasl.oauthbearer.jwks.endpoint.url = null
	sasl.oauthbearer.scope.claim.name = scope
	sasl.oauthbearer.sub.claim.name = sub
	sasl.oauthbearer.token.endpoint.url = null
	security.protocol = PLAINTEXT
	security.providers = null
	send.buffer.bytes = 131072
	socket.connection.setup.timeout.max.ms = 30000
	socket.connection.setup.timeout.ms = 10000
	ssl.cipher.suites = null
	ssl.enabled.protocols = [TLSv1.2, TLSv1.3]
	ssl.endpoint.identification.algorithm = https
	ssl.engine.factory.class = null
	ssl.key.password = null
	ssl.keymanager.algorithm = SunX509
	ssl.keystore.certificate.chain = null
	ssl.keystore.key = null
	ssl.keystore.location = null
	ssl.keystore.password = null
	ssl.keystore.type = JKS
	ssl.protocol = TLSv1.3
	ssl.provider = null
	ssl.secure.random.implementation = null
	ssl.trustmanager.algorithm = PKIX
	ssl.truststore.certificates = null
	ssl.truststore.location = null
	ssl.truststore.password = null
	ssl.truststore.type = JKS
	transaction.timeout.ms = 60000
	transactional.id = null
	value.serializer = class io.confluent.kafka.serializers.KafkaAvroSerializer

2025-08-07 12:28:57,629 INFO  [org.apa.kaf.com.tel.int.KafkaMetricsCollector] (main) initializing Kafka metrics collector
2025-08-07 12:28:57,630 INFO  [io.con.kaf.ser.KafkaAvroSerializerConfig] (main) KafkaAvroSerializerConfig values: 
	auto.register.schemas = false
	avro.reflection.allow.null = false
	avro.remove.java.properties = false
	avro.use.logical.type.converters = false
	basic.auth.credentials.source = URL
	basic.auth.user.info = [hidden]
	bearer.auth.cache.expiry.buffer.seconds = 300
	bearer.auth.client.id = null
	bearer.auth.client.secret = null
	bearer.auth.credentials.source = STATIC_TOKEN
	bearer.auth.custom.provider.class = null
	bearer.auth.identity.pool.id = null
	bearer.auth.issuer.endpoint.url = null
	bearer.auth.logical.cluster = null
	bearer.auth.scope = null
	bearer.auth.scope.claim.name = scope
	bearer.auth.sub.claim.name = sub
	bearer.auth.token = [hidden]
	context.name.strategy = class io.confluent.kafka.serializers.context.NullContextNameStrategy
	http.connect.timeout.ms = 60000
	http.read.timeout.ms = 60000
	id.compatibility.strict = true
	key.schema.id.deserializer = class io.confluent.kafka.serializers.schema.id.DualSchemaIdDeserializer
	key.schema.id.serializer = class io.confluent.kafka.serializers.schema.id.PrefixSchemaIdSerializer
	key.subject.name.strategy = class io.confluent.kafka.serializers.subject.TopicNameStrategy
	latest.cache.size = 1000
	latest.cache.ttl.sec = -1
	latest.compatibility.strict = true
	max.retries = 3
	max.schemas.per.subject = 1000
	normalize.schemas = false
	propagate.schema.tags = false
	proxy.host = 
	proxy.port = -1
	retries.max.wait.ms = 20000
	retries.wait.ms = 1000
	rule.actions = []
	rule.executors = []
	rule.service.loader.enable = true
	schema.format = null
	schema.reflection = false
	schema.registry.basic.auth.user.info = [hidden]
	schema.registry.ssl.cipher.suites = null
	schema.registry.ssl.enabled.protocols = [TLSv1.2, TLSv1.3]
	schema.registry.ssl.endpoint.identification.algorithm = https
	schema.registry.ssl.engine.factory.class = null
	schema.registry.ssl.key.password = null
	schema.registry.ssl.keymanager.algorithm = SunX509
	schema.registry.ssl.keystore.certificate.chain = null
	schema.registry.ssl.keystore.key = null
	schema.registry.ssl.keystore.location = null
	schema.registry.ssl.keystore.password = null
	schema.registry.ssl.keystore.type = JKS
	schema.registry.ssl.protocol = TLSv1.3
	schema.registry.ssl.provider = null
	schema.registry.ssl.secure.random.implementation = null
	schema.registry.ssl.trustmanager.algorithm = PKIX
	schema.registry.ssl.truststore.certificates = null
	schema.registry.ssl.truststore.location = null
	schema.registry.ssl.truststore.password = null
	schema.registry.ssl.truststore.type = JKS
	schema.registry.url = [http://registry-app-mysql.apps.ci419.apicurio-testing.org:80/apis/ccompat/v7]
	schema.registry.url.randomize = false
	use.latest.version = false
	use.latest.with.metadata = null
	use.schema.id = -1
	value.schema.id.deserializer = class io.confluent.kafka.serializers.schema.id.DualSchemaIdDeserializer
	value.schema.id.serializer = class io.confluent.kafka.serializers.schema.id.PrefixSchemaIdSerializer
	value.subject.name.strategy = class io.confluent.kafka.serializers.subject.TopicRecordNameStrategy

2025-08-07 12:28:57,631 INFO  [org.apa.kaf.cli.pro.KafkaProducer] (main) [Producer clientId=Producer-topic-5a1a19fe_ecfa_406d_8e6e_9a73bdb4766e] Instantiated an idempotent producer.
2025-08-07 12:28:57,632 INFO  [org.apa.kaf.cli.pro.ProducerConfig] (main) These configurations '[schema.registry.url, auto.register.schemas, value.subject.name.strategy]' were supplied but are not used yet.
2025-08-07 12:28:57,632 INFO  [org.apa.kaf.com.uti.AppInfoParser] (main) Kafka version: 3.9.1
2025-08-07 12:28:57,632 INFO  [org.apa.kaf.com.uti.AppInfoParser] (main) Kafka commitId: f745dfdcee2b9851
2025-08-07 12:28:57,632 INFO  [org.apa.kaf.com.uti.AppInfoParser] (main) Kafka startTimeMs: 1754569737632
2025-08-07 12:28:57,633 INFO  [io.api.tes.ser.api.KafkaSerdesTester] (Thread-876) Sending message {"key1": "value-0", "key2": "value-0"} to topic topic-5a1a19fe_ecfa_406d_8e6e_9a73bdb4766e
2025-08-07 12:28:57,634 INFO  [org.apa.kaf.cli.Metadata] (kafka-producer-network-thread | Producer-topic-5a1a19fe_ecfa_406d_8e6e_9a73bdb4766e) [Producer clientId=Producer-topic-5a1a19fe_ecfa_406d_8e6e_9a73bdb4766e] Cluster ID: w_73WABzQ2iBfYWfnNB4Cg
2025-08-07 12:28:57,634 INFO  [org.apa.kaf.cli.pro.int.TransactionManager] (kafka-producer-network-thread | Producer-topic-5a1a19fe_ecfa_406d_8e6e_9a73bdb4766e) [Producer clientId=Producer-topic-5a1a19fe_ecfa_406d_8e6e_9a73bdb4766e] ProducerId set to 48 with epoch 0
2025-08-07 12:28:57,724 INFO  [io.api.tes.ser.api.KafkaSerdesTester] (Thread-876) Sending message {"key1": "value-1", "key2": "value-1"} to topic topic-5a1a19fe_ecfa_406d_8e6e_9a73bdb4766e
2025-08-07 12:28:57,725 INFO  [io.api.tes.ser.api.KafkaSerdesTester] (Thread-876) Sending message {"key1": "value-2", "key2": "value-2"} to topic topic-5a1a19fe_ecfa_406d_8e6e_9a73bdb4766e
2025-08-07 12:28:57,726 INFO  [io.api.tes.ser.api.KafkaSerdesTester] (Thread-876) Sending message {"key1": "value-3", "key2": "value-3"} to topic topic-5a1a19fe_ecfa_406d_8e6e_9a73bdb4766e
2025-08-07 12:28:57,728 INFO  [io.api.tes.ser.api.KafkaSerdesTester] (Thread-876) Sending message {"key1": "value-4", "key2": "value-4"} to topic topic-5a1a19fe_ecfa_406d_8e6e_9a73bdb4766e
2025-08-07 12:28:57,730 INFO  [io.api.tes.ser.api.KafkaSerdesTester] (Thread-876) Sending message {"key1": "value-5", "key2": "value-5"} to topic topic-5a1a19fe_ecfa_406d_8e6e_9a73bdb4766e
2025-08-07 12:28:57,732 INFO  [io.api.tes.ser.api.KafkaSerdesTester] (Thread-876) Sending message {"key1": "value-6", "key2": "value-6"} to topic topic-5a1a19fe_ecfa_406d_8e6e_9a73bdb4766e
2025-08-07 12:28:57,735 INFO  [io.api.tes.ser.api.KafkaSerdesTester] (Thread-876) Sending message {"key1": "value-7", "key2": "value-7"} to topic topic-5a1a19fe_ecfa_406d_8e6e_9a73bdb4766e
2025-08-07 12:28:57,737 INFO  [io.api.tes.ser.api.KafkaSerdesTester] (Thread-876) Sending message {"key1": "value-8", "key2": "value-8"} to topic topic-5a1a19fe_ecfa_406d_8e6e_9a73bdb4766e
2025-08-07 12:28:57,738 INFO  [io.api.tes.ser.api.KafkaSerdesTester] (Thread-876) Sending message {"key1": "value-9", "key2": "value-9"} to topic topic-5a1a19fe_ecfa_406d_8e6e_9a73bdb4766e
2025-08-07 12:28:57,739 INFO  [io.api.tes.ser.api.KafkaSerdesTester] (Thread-876) Produced 10 messages
2025-08-07 12:28:57,739 INFO  [org.apa.kaf.cli.pro.KafkaProducer] (Thread-876) [Producer clientId=Producer-topic-5a1a19fe_ecfa_406d_8e6e_9a73bdb4766e] Closing the Kafka producer with timeoutMillis = 9223372036854775807 ms.
2025-08-07 12:28:57,741 INFO  [org.apa.kaf.com.met.Metrics] (Thread-876) Metrics scheduler closed
2025-08-07 12:28:57,741 INFO  [org.apa.kaf.com.met.Metrics] (Thread-876) Closing reporter org.apache.kafka.common.metrics.JmxReporter
2025-08-07 12:28:57,742 INFO  [org.apa.kaf.com.met.Metrics] (Thread-876) Closing reporter org.apache.kafka.common.telemetry.internals.ClientTelemetryReporter
2025-08-07 12:28:57,742 INFO  [org.apa.kaf.com.met.Metrics] (Thread-876) Metrics reporters closed
2025-08-07 12:28:57,742 INFO  [org.apa.kaf.com.uti.AppInfoParser] (Thread-876) App info kafka.producer for Producer-topic-5a1a19fe_ecfa_406d_8e6e_9a73bdb4766e unregistered
**** Registry Base URL: http://registry-app-mysql.apps.ci419.apicurio-testing.org:80
2025-08-07 12:28:57,742 INFO  [org.apa.kaf.cli.pro.ProducerConfig] (main) ProducerConfig values: 
	acks = -1
	auto.include.jmx.reporter = true
	batch.size = 16384
	bootstrap.servers = [PLAINTEXT://localhost:32769]
	buffer.memory = 33554432
	client.dns.lookup = use_all_dns_ips
	client.id = Producer-topic-5a1a19fe_ecfa_406d_8e6e_9a73bdb4766e
	compression.gzip.level = -1
	compression.lz4.level = 9
	compression.type = none
	compression.zstd.level = 3
	connections.max.idle.ms = 10000
	delivery.timeout.ms = 120000
	enable.idempotence = true
	enable.metrics.push = true
	interceptor.classes = []
	key.serializer = class org.apache.kafka.common.serialization.StringSerializer
	linger.ms = 0
	max.block.ms = 60000
	max.in.flight.requests.per.connection = 5
	max.request.size = 1048576
	metadata.max.age.ms = 300000
	metadata.max.idle.ms = 300000
	metadata.recovery.strategy = none
	metric.reporters = []
	metrics.num.samples = 2
	metrics.recording.level = INFO
	metrics.sample.window.ms = 30000
	partitioner.adaptive.partitioning.enable = true
	partitioner.availability.timeout.ms = 0
	partitioner.class = null
	partitioner.ignore.keys = false
	receive.buffer.bytes = 32768
	reconnect.backoff.max.ms = 1000
	reconnect.backoff.ms = 50
	request.timeout.ms = 5000
	retries = 2147483647
	retry.backoff.max.ms = 1000
	retry.backoff.ms = 100
	sasl.client.callback.handler.class = null
	sasl.jaas.config = null
	sasl.kerberos.kinit.cmd = /usr/bin/kinit
	sasl.kerberos.min.time.before.relogin = 60000
	sasl.kerberos.service.name = null
	sasl.kerberos.ticket.renew.jitter = 0.05
	sasl.kerberos.ticket.renew.window.factor = 0.8
	sasl.login.callback.handler.class = null
	sasl.login.class = null
	sasl.login.connect.timeout.ms = null
	sasl.login.read.timeout.ms = null
	sasl.login.refresh.buffer.seconds = 300
	sasl.login.refresh.min.period.seconds = 60
	sasl.login.refresh.window.factor = 0.8
	sasl.login.refresh.window.jitter = 0.05
	sasl.login.retry.backoff.max.ms = 10000
	sasl.login.retry.backoff.ms = 100
	sasl.mechanism = GSSAPI
	sasl.oauthbearer.clock.skew.seconds = 30
	sasl.oauthbearer.expected.audience = null
	sasl.oauthbearer.expected.issuer = null
	sasl.oauthbearer.header.urlencode = false
	sasl.oauthbearer.jwks.endpoint.refresh.ms = 3600000
	sasl.oauthbearer.jwks.endpoint.retry.backoff.max.ms = 10000
	sasl.oauthbearer.jwks.endpoint.retry.backoff.ms = 100
	sasl.oauthbearer.jwks.endpoint.url = null
	sasl.oauthbearer.scope.claim.name = scope
	sasl.oauthbearer.sub.claim.name = sub
	sasl.oauthbearer.token.endpoint.url = null
	security.protocol = PLAINTEXT
	security.providers = null
	send.buffer.bytes = 131072
	socket.connection.setup.timeout.max.ms = 30000
	socket.connection.setup.timeout.ms = 10000
	ssl.cipher.suites = null
	ssl.enabled.protocols = [TLSv1.2, TLSv1.3]
	ssl.endpoint.identification.algorithm = https
	ssl.engine.factory.class = null
	ssl.key.password = null
	ssl.keymanager.algorithm = SunX509
	ssl.keystore.certificate.chain = null
	ssl.keystore.key = null
	ssl.keystore.location = null
	ssl.keystore.password = null
	ssl.keystore.type = JKS
	ssl.protocol = TLSv1.3
	ssl.provider = null
	ssl.secure.random.implementation = null
	ssl.trustmanager.algorithm = PKIX
	ssl.truststore.certificates = null
	ssl.truststore.location = null
	ssl.truststore.password = null
	ssl.truststore.type = JKS
	transaction.timeout.ms = 60000
	transactional.id = null
	value.serializer = class io.confluent.kafka.serializers.KafkaAvroSerializer

2025-08-07 12:28:57,742 INFO  [org.apa.kaf.com.tel.int.KafkaMetricsCollector] (main) initializing Kafka metrics collector
2025-08-07 12:28:57,743 INFO  [io.con.kaf.ser.KafkaAvroSerializerConfig] (main) KafkaAvroSerializerConfig values: 
	auto.register.schemas = false
	avro.reflection.allow.null = false
	avro.remove.java.properties = false
	avro.use.logical.type.converters = false
	basic.auth.credentials.source = URL
	basic.auth.user.info = [hidden]
	bearer.auth.cache.expiry.buffer.seconds = 300
	bearer.auth.client.id = null
	bearer.auth.client.secret = null
	bearer.auth.credentials.source = STATIC_TOKEN
	bearer.auth.custom.provider.class = null
	bearer.auth.identity.pool.id = null
	bearer.auth.issuer.endpoint.url = null
	bearer.auth.logical.cluster = null
	bearer.auth.scope = null
	bearer.auth.scope.claim.name = scope
	bearer.auth.sub.claim.name = sub
	bearer.auth.token = [hidden]
	context.name.strategy = class io.confluent.kafka.serializers.context.NullContextNameStrategy
	http.connect.timeout.ms = 60000
	http.read.timeout.ms = 60000
	id.compatibility.strict = true
	key.schema.id.deserializer = class io.confluent.kafka.serializers.schema.id.DualSchemaIdDeserializer
	key.schema.id.serializer = class io.confluent.kafka.serializers.schema.id.PrefixSchemaIdSerializer
	key.subject.name.strategy = class io.confluent.kafka.serializers.subject.TopicNameStrategy
	latest.cache.size = 1000
	latest.cache.ttl.sec = -1
	latest.compatibility.strict = true
	max.retries = 3
	max.schemas.per.subject = 1000
	normalize.schemas = false
	propagate.schema.tags = false
	proxy.host = 
	proxy.port = -1
	retries.max.wait.ms = 20000
	retries.wait.ms = 1000
	rule.actions = []
	rule.executors = []
	rule.service.loader.enable = true
	schema.format = null
	schema.reflection = false
	schema.registry.basic.auth.user.info = [hidden]
	schema.registry.ssl.cipher.suites = null
	schema.registry.ssl.enabled.protocols = [TLSv1.2, TLSv1.3]
	schema.registry.ssl.endpoint.identification.algorithm = https
	schema.registry.ssl.engine.factory.class = null
	schema.registry.ssl.key.password = null
	schema.registry.ssl.keymanager.algorithm = SunX509
	schema.registry.ssl.keystore.certificate.chain = null
	schema.registry.ssl.keystore.key = null
	schema.registry.ssl.keystore.location = null
	schema.registry.ssl.keystore.password = null
	schema.registry.ssl.keystore.type = JKS
	schema.registry.ssl.protocol = TLSv1.3
	schema.registry.ssl.provider = null
	schema.registry.ssl.secure.random.implementation = null
	schema.registry.ssl.trustmanager.algorithm = PKIX
	schema.registry.ssl.truststore.certificates = null
	schema.registry.ssl.truststore.location = null
	schema.registry.ssl.truststore.password = null
	schema.registry.ssl.truststore.type = JKS
	schema.registry.url = [http://registry-app-mysql.apps.ci419.apicurio-testing.org:80/apis/ccompat/v7]
	schema.registry.url.randomize = false
	use.latest.version = false
	use.latest.with.metadata = null
	use.schema.id = -1
	value.schema.id.deserializer = class io.confluent.kafka.serializers.schema.id.DualSchemaIdDeserializer
	value.schema.id.serializer = class io.confluent.kafka.serializers.schema.id.PrefixSchemaIdSerializer
	value.subject.name.strategy = class io.confluent.kafka.serializers.subject.TopicRecordNameStrategy

2025-08-07 12:28:57,745 INFO  [org.apa.kaf.cli.pro.KafkaProducer] (main) [Producer clientId=Producer-topic-5a1a19fe_ecfa_406d_8e6e_9a73bdb4766e] Instantiated an idempotent producer.
2025-08-07 12:28:57,746 INFO  [org.apa.kaf.cli.pro.ProducerConfig] (main) These configurations '[schema.registry.url, auto.register.schemas, value.subject.name.strategy]' were supplied but are not used yet.
2025-08-07 12:28:57,746 INFO  [org.apa.kaf.com.uti.AppInfoParser] (main) Kafka version: 3.9.1
2025-08-07 12:28:57,746 INFO  [org.apa.kaf.com.uti.AppInfoParser] (main) Kafka commitId: f745dfdcee2b9851
2025-08-07 12:28:57,746 INFO  [org.apa.kaf.com.uti.AppInfoParser] (main) Kafka startTimeMs: 1754569737746
2025-08-07 12:28:57,747 INFO  [io.api.tes.ser.api.KafkaSerdesTester] (Thread-877) Sending message {"key1": "value-0"} to topic topic-5a1a19fe_ecfa_406d_8e6e_9a73bdb4766e
2025-08-07 12:28:57,749 INFO  [org.apa.kaf.cli.Metadata] (kafka-producer-network-thread | Producer-topic-5a1a19fe_ecfa_406d_8e6e_9a73bdb4766e) [Producer clientId=Producer-topic-5a1a19fe_ecfa_406d_8e6e_9a73bdb4766e] Cluster ID: w_73WABzQ2iBfYWfnNB4Cg
2025-08-07 12:28:57,749 INFO  [org.apa.kaf.cli.pro.int.TransactionManager] (kafka-producer-network-thread | Producer-topic-5a1a19fe_ecfa_406d_8e6e_9a73bdb4766e) [Producer clientId=Producer-topic-5a1a19fe_ecfa_406d_8e6e_9a73bdb4766e] ProducerId set to 49 with epoch 0
2025-08-07 12:28:57,839 INFO  [io.api.tes.ser.api.KafkaSerdesTester] (Thread-877) Sending message {"key1": "value-1"} to topic topic-5a1a19fe_ecfa_406d_8e6e_9a73bdb4766e
2025-08-07 12:28:57,840 INFO  [io.api.tes.ser.api.KafkaSerdesTester] (Thread-877) Sending message {"key1": "value-2"} to topic topic-5a1a19fe_ecfa_406d_8e6e_9a73bdb4766e
2025-08-07 12:28:57,841 INFO  [io.api.tes.ser.api.KafkaSerdesTester] (Thread-877) Sending message {"key1": "value-3"} to topic topic-5a1a19fe_ecfa_406d_8e6e_9a73bdb4766e
2025-08-07 12:28:57,842 INFO  [io.api.tes.ser.api.KafkaSerdesTester] (Thread-877) Sending message {"key1": "value-4"} to topic topic-5a1a19fe_ecfa_406d_8e6e_9a73bdb4766e
2025-08-07 12:28:57,843 INFO  [io.api.tes.ser.api.KafkaSerdesTester] (Thread-877) Sending message {"key1": "value-5"} to topic topic-5a1a19fe_ecfa_406d_8e6e_9a73bdb4766e
2025-08-07 12:28:57,844 INFO  [io.api.tes.ser.api.KafkaSerdesTester] (Thread-877) Sending message {"key1": "value-6"} to topic topic-5a1a19fe_ecfa_406d_8e6e_9a73bdb4766e
2025-08-07 12:28:57,845 INFO  [io.api.tes.ser.api.KafkaSerdesTester] (Thread-877) Sending message {"key1": "value-7"} to topic topic-5a1a19fe_ecfa_406d_8e6e_9a73bdb4766e
2025-08-07 12:28:57,845 INFO  [io.api.tes.ser.api.KafkaSerdesTester] (Thread-877) Sending message {"key1": "value-8"} to topic topic-5a1a19fe_ecfa_406d_8e6e_9a73bdb4766e
2025-08-07 12:28:57,846 INFO  [io.api.tes.ser.api.KafkaSerdesTester] (Thread-877) Sending message {"key1": "value-9"} to topic topic-5a1a19fe_ecfa_406d_8e6e_9a73bdb4766e
2025-08-07 12:28:57,847 INFO  [io.api.tes.ser.api.KafkaSerdesTester] (Thread-877) Produced 10 messages
2025-08-07 12:28:57,847 INFO  [org.apa.kaf.cli.pro.KafkaProducer] (Thread-877) [Producer clientId=Producer-topic-5a1a19fe_ecfa_406d_8e6e_9a73bdb4766e] Closing the Kafka producer with timeoutMillis = 9223372036854775807 ms.
2025-08-07 12:28:57,848 INFO  [org.apa.kaf.com.met.Metrics] (Thread-877) Metrics scheduler closed
2025-08-07 12:28:57,848 INFO  [org.apa.kaf.com.met.Metrics] (Thread-877) Closing reporter org.apache.kafka.common.metrics.JmxReporter
2025-08-07 12:28:57,848 INFO  [org.apa.kaf.com.met.Metrics] (Thread-877) Closing reporter org.apache.kafka.common.telemetry.internals.ClientTelemetryReporter
2025-08-07 12:28:57,848 INFO  [org.apa.kaf.com.met.Metrics] (Thread-877) Metrics reporters closed
2025-08-07 12:28:57,849 INFO  [org.apa.kaf.com.uti.AppInfoParser] (Thread-877) App info kafka.producer for Producer-topic-5a1a19fe_ecfa_406d_8e6e_9a73bdb4766e unregistered
**** Registry Base URL: http://registry-app-mysql.apps.ci419.apicurio-testing.org:80
2025-08-07 12:28:57,849 INFO  [org.apa.kaf.cli.con.ConsumerConfig] (main) ConsumerConfig values: 
	allow.auto.create.topics = true
	auto.commit.interval.ms = 500
	auto.include.jmx.reporter = true
	auto.offset.reset = earliest
	bootstrap.servers = [PLAINTEXT://localhost:32769]
	check.crcs = true
	client.dns.lookup = use_all_dns_ips
	client.id = consumer-Consumer-topic-5a1a19fe_ecfa_406d_8e6e_9a73bdb4766e-36
	client.rack = 
	connections.max.idle.ms = 10000
	default.api.timeout.ms = 60000
	enable.auto.commit = true
	enable.metrics.push = true
	exclude.internal.topics = true
	fetch.max.bytes = 52428800
	fetch.max.wait.ms = 500
	fetch.min.bytes = 1
	group.id = Consumer-topic-5a1a19fe_ecfa_406d_8e6e_9a73bdb4766e
	group.instance.id = null
	group.protocol = classic
	group.remote.assignor = null
	heartbeat.interval.ms = 3000
	interceptor.classes = []
	internal.leave.group.on.close = true
	internal.throw.on.fetch.stable.offset.unsupported = false
	isolation.level = read_uncommitted
	key.deserializer = class org.apache.kafka.common.serialization.StringDeserializer
	max.partition.fetch.bytes = 1048576
	max.poll.interval.ms = 300000
	max.poll.records = 500
	metadata.max.age.ms = 300000
	metadata.recovery.strategy = none
	metric.reporters = []
	metrics.num.samples = 2
	metrics.recording.level = INFO
	metrics.sample.window.ms = 30000
	partition.assignment.strategy = [class org.apache.kafka.clients.consumer.RangeAssignor, class org.apache.kafka.clients.consumer.CooperativeStickyAssignor]
	receive.buffer.bytes = 65536
	reconnect.backoff.max.ms = 1000
	reconnect.backoff.ms = 50
	request.timeout.ms = 5000
	retry.backoff.max.ms = 1000
	retry.backoff.ms = 100
	sasl.client.callback.handler.class = null
	sasl.jaas.config = null
	sasl.kerberos.kinit.cmd = /usr/bin/kinit
	sasl.kerberos.min.time.before.relogin = 60000
	sasl.kerberos.service.name = null
	sasl.kerberos.ticket.renew.jitter = 0.05
	sasl.kerberos.ticket.renew.window.factor = 0.8
	sasl.login.callback.handler.class = null
	sasl.login.class = null
	sasl.login.connect.timeout.ms = null
	sasl.login.read.timeout.ms = null
	sasl.login.refresh.buffer.seconds = 300
	sasl.login.refresh.min.period.seconds = 60
	sasl.login.refresh.window.factor = 0.8
	sasl.login.refresh.window.jitter = 0.05
	sasl.login.retry.backoff.max.ms = 10000
	sasl.login.retry.backoff.ms = 100
	sasl.mechanism = GSSAPI
	sasl.oauthbearer.clock.skew.seconds = 30
	sasl.oauthbearer.expected.audience = null
	sasl.oauthbearer.expected.issuer = null
	sasl.oauthbearer.header.urlencode = false
	sasl.oauthbearer.jwks.endpoint.refresh.ms = 3600000
	sasl.oauthbearer.jwks.endpoint.retry.backoff.max.ms = 10000
	sasl.oauthbearer.jwks.endpoint.retry.backoff.ms = 100
	sasl.oauthbearer.jwks.endpoint.url = null
	sasl.oauthbearer.scope.claim.name = scope
	sasl.oauthbearer.sub.claim.name = sub
	sasl.oauthbearer.token.endpoint.url = null
	security.protocol = PLAINTEXT
	security.providers = null
	send.buffer.bytes = 131072
	session.timeout.ms = 45000
	socket.connection.setup.timeout.max.ms = 30000
	socket.connection.setup.timeout.ms = 10000
	ssl.cipher.suites = null
	ssl.enabled.protocols = [TLSv1.2, TLSv1.3]
	ssl.endpoint.identification.algorithm = https
	ssl.engine.factory.class = null
	ssl.key.password = null
	ssl.keymanager.algorithm = SunX509
	ssl.keystore.certificate.chain = null
	ssl.keystore.key = null
	ssl.keystore.location = null
	ssl.keystore.password = null
	ssl.keystore.type = JKS
	ssl.protocol = TLSv1.3
	ssl.provider = null
	ssl.secure.random.implementation = null
	ssl.trustmanager.algorithm = PKIX
	ssl.truststore.certificates = null
	ssl.truststore.location = null
	ssl.truststore.password = null
	ssl.truststore.type = JKS
	value.deserializer = class io.confluent.kafka.serializers.KafkaAvroDeserializer

2025-08-07 12:28:57,849 INFO  [org.apa.kaf.com.tel.int.KafkaMetricsCollector] (main) initializing Kafka metrics collector
2025-08-07 12:28:57,850 INFO  [io.con.kaf.ser.KafkaAvroDeserializerConfig] (main) KafkaAvroDeserializerConfig values: 
	auto.register.schemas = true
	avro.reflection.allow.null = false
	avro.use.logical.type.converters = false
	basic.auth.credentials.source = URL
	basic.auth.user.info = [hidden]
	bearer.auth.cache.expiry.buffer.seconds = 300
	bearer.auth.client.id = null
	bearer.auth.client.secret = null
	bearer.auth.credentials.source = STATIC_TOKEN
	bearer.auth.custom.provider.class = null
	bearer.auth.identity.pool.id = null
	bearer.auth.issuer.endpoint.url = null
	bearer.auth.logical.cluster = null
	bearer.auth.scope = null
	bearer.auth.scope.claim.name = scope
	bearer.auth.sub.claim.name = sub
	bearer.auth.token = [hidden]
	context.name.strategy = class io.confluent.kafka.serializers.context.NullContextNameStrategy
	http.connect.timeout.ms = 60000
	http.read.timeout.ms = 60000
	id.compatibility.strict = true
	key.schema.id.deserializer = class io.confluent.kafka.serializers.schema.id.DualSchemaIdDeserializer
	key.schema.id.serializer = class io.confluent.kafka.serializers.schema.id.PrefixSchemaIdSerializer
	key.subject.name.strategy = class io.confluent.kafka.serializers.subject.TopicNameStrategy
	latest.cache.size = 1000
	latest.cache.ttl.sec = -1
	latest.compatibility.strict = true
	max.retries = 3
	max.schemas.per.subject = 1000
	normalize.schemas = false
	propagate.schema.tags = false
	proxy.host = 
	proxy.port = -1
	retries.max.wait.ms = 20000
	retries.wait.ms = 1000
	rule.actions = []
	rule.executors = []
	rule.service.loader.enable = true
	schema.format = null
	schema.reflection = false
	schema.registry.basic.auth.user.info = [hidden]
	schema.registry.ssl.cipher.suites = null
	schema.registry.ssl.enabled.protocols = [TLSv1.2, TLSv1.3]
	schema.registry.ssl.endpoint.identification.algorithm = https
	schema.registry.ssl.engine.factory.class = null
	schema.registry.ssl.key.password = null
	schema.registry.ssl.keymanager.algorithm = SunX509
	schema.registry.ssl.keystore.certificate.chain = null
	schema.registry.ssl.keystore.key = null
	schema.registry.ssl.keystore.location = null
	schema.registry.ssl.keystore.password = null
	schema.registry.ssl.keystore.type = JKS
	schema.registry.ssl.protocol = TLSv1.3
	schema.registry.ssl.provider = null
	schema.registry.ssl.secure.random.implementation = null
	schema.registry.ssl.trustmanager.algorithm = PKIX
	schema.registry.ssl.truststore.certificates = null
	schema.registry.ssl.truststore.location = null
	schema.registry.ssl.truststore.password = null
	schema.registry.ssl.truststore.type = JKS
	schema.registry.url = [http://registry-app-mysql.apps.ci419.apicurio-testing.org:80/apis/ccompat/v7]
	schema.registry.url.randomize = false
	specific.avro.key.type = null
	specific.avro.reader = false
	specific.avro.value.type = null
	use.latest.version = false
	use.latest.with.metadata = null
	use.schema.id = -1
	value.schema.id.deserializer = class io.confluent.kafka.serializers.schema.id.DualSchemaIdDeserializer
	value.schema.id.serializer = class io.confluent.kafka.serializers.schema.id.PrefixSchemaIdSerializer
	value.subject.name.strategy = class io.confluent.kafka.serializers.subject.TopicNameStrategy

2025-08-07 12:28:57,853 INFO  [org.apa.kaf.cli.con.ConsumerConfig] (main) These configurations '[schema.registry.url]' were supplied but are not used yet.
2025-08-07 12:28:57,853 INFO  [org.apa.kaf.com.uti.AppInfoParser] (main) Kafka version: 3.9.1
2025-08-07 12:28:57,853 INFO  [org.apa.kaf.com.uti.AppInfoParser] (main) Kafka commitId: f745dfdcee2b9851
2025-08-07 12:28:57,853 INFO  [org.apa.kaf.com.uti.AppInfoParser] (main) Kafka startTimeMs: 1754569737853
2025-08-07 12:28:57,854 INFO  [org.apa.kaf.cli.con.int.ClassicKafkaConsumer] (Thread-878) [Consumer clientId=consumer-Consumer-topic-5a1a19fe_ecfa_406d_8e6e_9a73bdb4766e-36, groupId=Consumer-topic-5a1a19fe_ecfa_406d_8e6e_9a73bdb4766e] Subscribed to topic(s): topic-5a1a19fe_ecfa_406d_8e6e_9a73bdb4766e
2025-08-07 12:28:57,858 INFO  [org.apa.kaf.cli.Metadata] (Thread-878) [Consumer clientId=consumer-Consumer-topic-5a1a19fe_ecfa_406d_8e6e_9a73bdb4766e-36, groupId=Consumer-topic-5a1a19fe_ecfa_406d_8e6e_9a73bdb4766e] Cluster ID: w_73WABzQ2iBfYWfnNB4Cg
2025-08-07 12:28:57,859 INFO  [org.apa.kaf.cli.con.int.ConsumerCoordinator] (Thread-878) [Consumer clientId=consumer-Consumer-topic-5a1a19fe_ecfa_406d_8e6e_9a73bdb4766e-36, groupId=Consumer-topic-5a1a19fe_ecfa_406d_8e6e_9a73bdb4766e] Discovered group coordinator localhost:32769 (id: 2147483647 rack: null)
2025-08-07 12:28:57,861 INFO  [org.apa.kaf.cli.con.int.ConsumerCoordinator] (Thread-878) [Consumer clientId=consumer-Consumer-topic-5a1a19fe_ecfa_406d_8e6e_9a73bdb4766e-36, groupId=Consumer-topic-5a1a19fe_ecfa_406d_8e6e_9a73bdb4766e] (Re-)joining group
2025-08-07 12:28:57,864 INFO  [org.apa.kaf.cli.con.int.ConsumerCoordinator] (Thread-878) [Consumer clientId=consumer-Consumer-topic-5a1a19fe_ecfa_406d_8e6e_9a73bdb4766e-36, groupId=Consumer-topic-5a1a19fe_ecfa_406d_8e6e_9a73bdb4766e] Request joining group due to: need to re-join with the given member-id: consumer-Consumer-topic-5a1a19fe_ecfa_406d_8e6e_9a73bdb4766e-36-8e4c3736-ebe0-4750-86ef-7412f508b670
2025-08-07 12:28:57,864 INFO  [org.apa.kaf.cli.con.int.ConsumerCoordinator] (Thread-878) [Consumer clientId=consumer-Consumer-topic-5a1a19fe_ecfa_406d_8e6e_9a73bdb4766e-36, groupId=Consumer-topic-5a1a19fe_ecfa_406d_8e6e_9a73bdb4766e] (Re-)joining group
2025-08-07 12:28:58,855 INFO  [io.api.tes.ser.api.KafkaSerdesTester] (Thread-878) None found
2025-08-07 12:28:59,855 INFO  [io.api.tes.ser.api.KafkaSerdesTester] (Thread-878) None found
2025-08-07 12:29:00,855 INFO  [io.api.tes.ser.api.KafkaSerdesTester] (Thread-878) None found
2025-08-07 12:29:00,866 INFO  [org.apa.kaf.cli.con.int.ConsumerCoordinator] (Thread-878) [Consumer clientId=consumer-Consumer-topic-5a1a19fe_ecfa_406d_8e6e_9a73bdb4766e-36, groupId=Consumer-topic-5a1a19fe_ecfa_406d_8e6e_9a73bdb4766e] Successfully joined group with generation Generation{generationId=5, memberId='consumer-Consumer-topic-5a1a19fe_ecfa_406d_8e6e_9a73bdb4766e-36-8e4c3736-ebe0-4750-86ef-7412f508b670', protocol='range'}
2025-08-07 12:29:00,866 INFO  [org.apa.kaf.cli.con.int.ConsumerCoordinator] (Thread-878) [Consumer clientId=consumer-Consumer-topic-5a1a19fe_ecfa_406d_8e6e_9a73bdb4766e-36, groupId=Consumer-topic-5a1a19fe_ecfa_406d_8e6e_9a73bdb4766e] Finished assignment for group at generation 5: {consumer-Consumer-topic-5a1a19fe_ecfa_406d_8e6e_9a73bdb4766e-36-8e4c3736-ebe0-4750-86ef-7412f508b670=Assignment(partitions=[topic-5a1a19fe_ecfa_406d_8e6e_9a73bdb4766e-0])}
2025-08-07 12:29:00,873 INFO  [org.apa.kaf.cli.con.int.ConsumerCoordinator] (Thread-878) [Consumer clientId=consumer-Consumer-topic-5a1a19fe_ecfa_406d_8e6e_9a73bdb4766e-36, groupId=Consumer-topic-5a1a19fe_ecfa_406d_8e6e_9a73bdb4766e] Successfully synced group in generation Generation{generationId=5, memberId='consumer-Consumer-topic-5a1a19fe_ecfa_406d_8e6e_9a73bdb4766e-36-8e4c3736-ebe0-4750-86ef-7412f508b670', protocol='range'}
2025-08-07 12:29:00,873 INFO  [org.apa.kaf.cli.con.int.ConsumerCoordinator] (Thread-878) [Consumer clientId=consumer-Consumer-topic-5a1a19fe_ecfa_406d_8e6e_9a73bdb4766e-36, groupId=Consumer-topic-5a1a19fe_ecfa_406d_8e6e_9a73bdb4766e] Notifying assignor about the new Assignment(partitions=[topic-5a1a19fe_ecfa_406d_8e6e_9a73bdb4766e-0])
2025-08-07 12:29:00,873 INFO  [org.apa.kaf.cli.con.int.ConsumerRebalanceListenerInvoker] (Thread-878) [Consumer clientId=consumer-Consumer-topic-5a1a19fe_ecfa_406d_8e6e_9a73bdb4766e-36, groupId=Consumer-topic-5a1a19fe_ecfa_406d_8e6e_9a73bdb4766e] Adding newly assigned partitions: topic-5a1a19fe_ecfa_406d_8e6e_9a73bdb4766e-0
2025-08-07 12:29:00,874 INFO  [org.apa.kaf.cli.con.int.ConsumerUtils] (Thread-878) Setting offset for partition topic-5a1a19fe_ecfa_406d_8e6e_9a73bdb4766e-0 to the committed offset FetchPosition{offset=30, offsetEpoch=Optional[0], currentLeader=LeaderAndEpoch{leader=Optional[localhost:32769 (id: 0 rack: null)], epoch=0}}
2025-08-07 12:29:01,126 INFO  [io.api.tes.ser.api.KafkaSerdesTester] (Thread-878) topic-5a1a19fe_ecfa_406d_8e6e_9a73bdb4766e 0 30 {"key1": "value-0", "key2": "value-0", "key3": "value-0"}
2025-08-07 12:29:01,126 INFO  [io.api.tes.ser.api.KafkaSerdesTester] (Thread-878) topic-5a1a19fe_ecfa_406d_8e6e_9a73bdb4766e 0 31 {"key1": "value-1", "key2": "value-1", "key3": "value-1"}
2025-08-07 12:29:01,127 INFO  [io.api.tes.ser.api.KafkaSerdesTester] (Thread-878) topic-5a1a19fe_ecfa_406d_8e6e_9a73bdb4766e 0 32 {"key1": "value-2", "key2": "value-2", "key3": "value-2"}
2025-08-07 12:29:01,127 INFO  [io.api.tes.ser.api.KafkaSerdesTester] (Thread-878) topic-5a1a19fe_ecfa_406d_8e6e_9a73bdb4766e 0 33 {"key1": "value-3", "key2": "value-3", "key3": "value-3"}
2025-08-07 12:29:01,127 INFO  [io.api.tes.ser.api.KafkaSerdesTester] (Thread-878) topic-5a1a19fe_ecfa_406d_8e6e_9a73bdb4766e 0 34 {"key1": "value-4", "key2": "value-4", "key3": "value-4"}
2025-08-07 12:29:01,127 INFO  [io.api.tes.ser.api.KafkaSerdesTester] (Thread-878) topic-5a1a19fe_ecfa_406d_8e6e_9a73bdb4766e 0 35 {"key1": "value-5", "key2": "value-5", "key3": "value-5"}
2025-08-07 12:29:01,127 INFO  [io.api.tes.ser.api.KafkaSerdesTester] (Thread-878) topic-5a1a19fe_ecfa_406d_8e6e_9a73bdb4766e 0 36 {"key1": "value-6", "key2": "value-6", "key3": "value-6"}
2025-08-07 12:29:01,127 INFO  [io.api.tes.ser.api.KafkaSerdesTester] (Thread-878) topic-5a1a19fe_ecfa_406d_8e6e_9a73bdb4766e 0 37 {"key1": "value-7", "key2": "value-7", "key3": "value-7"}
2025-08-07 12:29:01,127 INFO  [io.api.tes.ser.api.KafkaSerdesTester] (Thread-878) topic-5a1a19fe_ecfa_406d_8e6e_9a73bdb4766e 0 38 {"key1": "value-8", "key2": "value-8", "key3": "value-8"}
2025-08-07 12:29:01,127 INFO  [io.api.tes.ser.api.KafkaSerdesTester] (Thread-878) topic-5a1a19fe_ecfa_406d_8e6e_9a73bdb4766e 0 39 {"key1": "value-9", "key2": "value-9", "key3": "value-9"}
2025-08-07 12:29:01,127 INFO  [io.api.tes.ser.api.KafkaSerdesTester] (Thread-878) topic-5a1a19fe_ecfa_406d_8e6e_9a73bdb4766e 0 40 {"key1": "value-0", "key2": "value-0"}
2025-08-07 12:29:01,127 INFO  [io.api.tes.ser.api.KafkaSerdesTester] (Thread-878) topic-5a1a19fe_ecfa_406d_8e6e_9a73bdb4766e 0 41 {"key1": "value-1", "key2": "value-1"}
2025-08-07 12:29:01,127 INFO  [io.api.tes.ser.api.KafkaSerdesTester] (Thread-878) topic-5a1a19fe_ecfa_406d_8e6e_9a73bdb4766e 0 42 {"key1": "value-2", "key2": "value-2"}
2025-08-07 12:29:01,127 INFO  [io.api.tes.ser.api.KafkaSerdesTester] (Thread-878) topic-5a1a19fe_ecfa_406d_8e6e_9a73bdb4766e 0 43 {"key1": "value-3", "key2": "value-3"}
2025-08-07 12:29:01,127 INFO  [io.api.tes.ser.api.KafkaSerdesTester] (Thread-878) topic-5a1a19fe_ecfa_406d_8e6e_9a73bdb4766e 0 44 {"key1": "value-4", "key2": "value-4"}
2025-08-07 12:29:01,127 INFO  [io.api.tes.ser.api.KafkaSerdesTester] (Thread-878) topic-5a1a19fe_ecfa_406d_8e6e_9a73bdb4766e 0 45 {"key1": "value-5", "key2": "value-5"}
2025-08-07 12:29:01,127 INFO  [io.api.tes.ser.api.KafkaSerdesTester] (Thread-878) topic-5a1a19fe_ecfa_406d_8e6e_9a73bdb4766e 0 46 {"key1": "value-6", "key2": "value-6"}
2025-08-07 12:29:01,127 INFO  [io.api.tes.ser.api.KafkaSerdesTester] (Thread-878) topic-5a1a19fe_ecfa_406d_8e6e_9a73bdb4766e 0 47 {"key1": "value-7", "key2": "value-7"}
2025-08-07 12:29:01,127 INFO  [io.api.tes.ser.api.KafkaSerdesTester] (Thread-878) topic-5a1a19fe_ecfa_406d_8e6e_9a73bdb4766e 0 48 {"key1": "value-8", "key2": "value-8"}
2025-08-07 12:29:01,127 INFO  [io.api.tes.ser.api.KafkaSerdesTester] (Thread-878) topic-5a1a19fe_ecfa_406d_8e6e_9a73bdb4766e 0 49 {"key1": "value-9", "key2": "value-9"}
2025-08-07 12:29:01,127 INFO  [io.api.tes.ser.api.KafkaSerdesTester] (Thread-878) topic-5a1a19fe_ecfa_406d_8e6e_9a73bdb4766e 0 50 {"key1": "value-0"}
2025-08-07 12:29:01,127 INFO  [io.api.tes.ser.api.KafkaSerdesTester] (Thread-878) topic-5a1a19fe_ecfa_406d_8e6e_9a73bdb4766e 0 51 {"key1": "value-1"}
2025-08-07 12:29:01,127 INFO  [io.api.tes.ser.api.KafkaSerdesTester] (Thread-878) topic-5a1a19fe_ecfa_406d_8e6e_9a73bdb4766e 0 52 {"key1": "value-2"}
2025-08-07 12:29:01,127 INFO  [io.api.tes.ser.api.KafkaSerdesTester] (Thread-878) topic-5a1a19fe_ecfa_406d_8e6e_9a73bdb4766e 0 53 {"key1": "value-3"}
2025-08-07 12:29:01,127 INFO  [io.api.tes.ser.api.KafkaSerdesTester] (Thread-878) topic-5a1a19fe_ecfa_406d_8e6e_9a73bdb4766e 0 54 {"key1": "value-4"}
2025-08-07 12:29:01,127 INFO  [io.api.tes.ser.api.KafkaSerdesTester] (Thread-878) topic-5a1a19fe_ecfa_406d_8e6e_9a73bdb4766e 0 55 {"key1": "value-5"}
2025-08-07 12:29:01,127 INFO  [io.api.tes.ser.api.KafkaSerdesTester] (Thread-878) topic-5a1a19fe_ecfa_406d_8e6e_9a73bdb4766e 0 56 {"key1": "value-6"}
2025-08-07 12:29:01,127 INFO  [io.api.tes.ser.api.KafkaSerdesTester] (Thread-878) topic-5a1a19fe_ecfa_406d_8e6e_9a73bdb4766e 0 57 {"key1": "value-7"}
2025-08-07 12:29:01,127 INFO  [io.api.tes.ser.api.KafkaSerdesTester] (Thread-878) topic-5a1a19fe_ecfa_406d_8e6e_9a73bdb4766e 0 58 {"key1": "value-8"}
2025-08-07 12:29:01,127 INFO  [io.api.tes.ser.api.KafkaSerdesTester] (Thread-878) topic-5a1a19fe_ecfa_406d_8e6e_9a73bdb4766e 0 59 {"key1": "value-9"}
2025-08-07 12:29:01,127 INFO  [io.api.tes.ser.api.KafkaSerdesTester] (Thread-878) Consumed 30 messages
2025-08-07 12:29:01,134 INFO  [org.apa.kaf.cli.con.int.ConsumerRebalanceListenerInvoker] (Thread-878) [Consumer clientId=consumer-Consumer-topic-5a1a19fe_ecfa_406d_8e6e_9a73bdb4766e-36, groupId=Consumer-topic-5a1a19fe_ecfa_406d_8e6e_9a73bdb4766e] Revoke previously assigned partitions topic-5a1a19fe_ecfa_406d_8e6e_9a73bdb4766e-0
2025-08-07 12:29:01,134 INFO  [org.apa.kaf.cli.con.int.ConsumerCoordinator] (Thread-878) [Consumer clientId=consumer-Consumer-topic-5a1a19fe_ecfa_406d_8e6e_9a73bdb4766e-36, groupId=Consumer-topic-5a1a19fe_ecfa_406d_8e6e_9a73bdb4766e] Member consumer-Consumer-topic-5a1a19fe_ecfa_406d_8e6e_9a73bdb4766e-36-8e4c3736-ebe0-4750-86ef-7412f508b670 sending LeaveGroup request to coordinator localhost:32769 (id: 2147483647 rack: null) due to the consumer is being closed
2025-08-07 12:29:01,135 INFO  [org.apa.kaf.cli.con.int.ConsumerCoordinator] (Thread-878) [Consumer clientId=consumer-Consumer-topic-5a1a19fe_ecfa_406d_8e6e_9a73bdb4766e-36, groupId=Consumer-topic-5a1a19fe_ecfa_406d_8e6e_9a73bdb4766e] Resetting generation and member id due to: consumer pro-actively leaving the group
2025-08-07 12:29:01,135 INFO  [org.apa.kaf.cli.con.int.ConsumerCoordinator] (Thread-878) [Consumer clientId=consumer-Consumer-topic-5a1a19fe_ecfa_406d_8e6e_9a73bdb4766e-36, groupId=Consumer-topic-5a1a19fe_ecfa_406d_8e6e_9a73bdb4766e] Request joining group due to: consumer pro-actively leaving the group
2025-08-07 12:29:01,630 INFO  [org.apa.kaf.com.met.Metrics] (Thread-878) Metrics scheduler closed
2025-08-07 12:29:01,630 INFO  [org.apa.kaf.com.met.Metrics] (Thread-878) Closing reporter org.apache.kafka.common.metrics.JmxReporter
2025-08-07 12:29:01,630 INFO  [org.apa.kaf.com.met.Metrics] (Thread-878) Closing reporter org.apache.kafka.common.telemetry.internals.ClientTelemetryReporter
2025-08-07 12:29:01,630 INFO  [org.apa.kaf.com.met.Metrics] (Thread-878) Metrics reporters closed
2025-08-07 12:29:01,631 INFO  [org.apa.kaf.com.uti.AppInfoParser] (Thread-878) App info kafka.consumer for consumer-Consumer-topic-5a1a19fe_ecfa_406d_8e6e_9a73bdb4766e-36 unregistered
2025-08-07 12:29:01,632 INFO  [org.apa.kaf.cli.pro.KafkaProducer] (main) [Producer clientId=Producer-topic-5a1a19fe_ecfa_406d_8e6e_9a73bdb4766e] Closing the Kafka producer with timeoutMillis = 9223372036854775807 ms.
2025-08-07 12:29:01,632 INFO  [org.apa.kaf.com.met.Metrics] (main) Metrics scheduler closed
2025-08-07 12:29:01,632 INFO  [org.apa.kaf.com.met.Metrics] (main) Closing reporter org.apache.kafka.common.metrics.JmxReporter
2025-08-07 12:29:01,632 INFO  [org.apa.kaf.com.met.Metrics] (main) Closing reporter org.apache.kafka.common.telemetry.internals.ClientTelemetryReporter
2025-08-07 12:29:01,632 INFO  [org.apa.kaf.com.met.Metrics] (main) Metrics reporters closed
2025-08-07 12:29:01,632 INFO  [org.apa.kaf.com.uti.AppInfoParser] (main) App info kafka.producer for Producer-topic-5a1a19fe_ecfa_406d_8e6e_9a73bdb4766e unregistered
2025-08-07 12:29:01,797 INFO  [io.api.tes.ser.con.BasicConfluentSerDesIT] (main) Deleting confluent schema topic-5a1a19fe_ecfa_406d_8e6e_9a73bdb4766e-s00a128c3x7ec4x4d58x887cxa7368a610665
2025-08-07 12:29:01,911 INFO  [io.api.tes.uti.TestSeparator] (main) io.apicurio.tests.serdes.confluent.BasicConfluentSerDesIT.testEvolveAvroConfluent-FINISHED
2025-08-07 12:29:01,911 INFO  [io.api.tes.uti.TestSeparator] (main) ############################################################################
Test passed: testEvolveAvroConfluent
]]></system-out>
  </testcase>
  <testcase name="testAvroConfluentSerDes" classname="io.apicurio.tests.serdes.confluent.BasicConfluentSerDesIT" time="4.275">
    <system-out><![CDATA[2025-08-07 12:29:01,912 INFO  [io.api.tes.uti.TestSeparator] (main) ############################################################################
2025-08-07 12:29:01,912 INFO  [io.api.tes.uti.TestSeparator] (main) io.apicurio.tests.serdes.confluent.BasicConfluentSerDesIT.testAvroConfluentSerDes-STARTED
2025-08-07 12:29:02,111 INFO  [io.api.tes.ser.con.BasicConfluentSerDesIT] (main) Checking that created schema is equal to the get schema
2025-08-07 12:29:02,198 INFO  [io.api.tes.ser.con.BasicConfluentSerDesIT] (main) Created schema with id:111 and name:myrecordconfluent1
**** Registry Base URL: http://registry-app-mysql.apps.ci419.apicurio-testing.org:80
2025-08-07 12:29:02,199 INFO  [org.apa.kaf.cli.pro.ProducerConfig] (main) ProducerConfig values: 
	acks = -1
	auto.include.jmx.reporter = true
	batch.size = 16384
	bootstrap.servers = [PLAINTEXT://localhost:32769]
	buffer.memory = 33554432
	client.dns.lookup = use_all_dns_ips
	client.id = Producer-topic-17708f84_5030_42d6_ae36_d6450f99f19b
	compression.gzip.level = -1
	compression.lz4.level = 9
	compression.type = none
	compression.zstd.level = 3
	connections.max.idle.ms = 10000
	delivery.timeout.ms = 120000
	enable.idempotence = true
	enable.metrics.push = true
	interceptor.classes = []
	key.serializer = class org.apache.kafka.common.serialization.StringSerializer
	linger.ms = 0
	max.block.ms = 60000
	max.in.flight.requests.per.connection = 5
	max.request.size = 1048576
	metadata.max.age.ms = 300000
	metadata.max.idle.ms = 300000
	metadata.recovery.strategy = none
	metric.reporters = []
	metrics.num.samples = 2
	metrics.recording.level = INFO
	metrics.sample.window.ms = 30000
	partitioner.adaptive.partitioning.enable = true
	partitioner.availability.timeout.ms = 0
	partitioner.class = null
	partitioner.ignore.keys = false
	receive.buffer.bytes = 32768
	reconnect.backoff.max.ms = 1000
	reconnect.backoff.ms = 50
	request.timeout.ms = 5000
	retries = 2147483647
	retry.backoff.max.ms = 1000
	retry.backoff.ms = 100
	sasl.client.callback.handler.class = null
	sasl.jaas.config = null
	sasl.kerberos.kinit.cmd = /usr/bin/kinit
	sasl.kerberos.min.time.before.relogin = 60000
	sasl.kerberos.service.name = null
	sasl.kerberos.ticket.renew.jitter = 0.05
	sasl.kerberos.ticket.renew.window.factor = 0.8
	sasl.login.callback.handler.class = null
	sasl.login.class = null
	sasl.login.connect.timeout.ms = null
	sasl.login.read.timeout.ms = null
	sasl.login.refresh.buffer.seconds = 300
	sasl.login.refresh.min.period.seconds = 60
	sasl.login.refresh.window.factor = 0.8
	sasl.login.refresh.window.jitter = 0.05
	sasl.login.retry.backoff.max.ms = 10000
	sasl.login.retry.backoff.ms = 100
	sasl.mechanism = GSSAPI
	sasl.oauthbearer.clock.skew.seconds = 30
	sasl.oauthbearer.expected.audience = null
	sasl.oauthbearer.expected.issuer = null
	sasl.oauthbearer.header.urlencode = false
	sasl.oauthbearer.jwks.endpoint.refresh.ms = 3600000
	sasl.oauthbearer.jwks.endpoint.retry.backoff.max.ms = 10000
	sasl.oauthbearer.jwks.endpoint.retry.backoff.ms = 100
	sasl.oauthbearer.jwks.endpoint.url = null
	sasl.oauthbearer.scope.claim.name = scope
	sasl.oauthbearer.sub.claim.name = sub
	sasl.oauthbearer.token.endpoint.url = null
	security.protocol = PLAINTEXT
	security.providers = null
	send.buffer.bytes = 131072
	socket.connection.setup.timeout.max.ms = 30000
	socket.connection.setup.timeout.ms = 10000
	ssl.cipher.suites = null
	ssl.enabled.protocols = [TLSv1.2, TLSv1.3]
	ssl.endpoint.identification.algorithm = https
	ssl.engine.factory.class = null
	ssl.key.password = null
	ssl.keymanager.algorithm = SunX509
	ssl.keystore.certificate.chain = null
	ssl.keystore.key = null
	ssl.keystore.location = null
	ssl.keystore.password = null
	ssl.keystore.type = JKS
	ssl.protocol = TLSv1.3
	ssl.provider = null
	ssl.secure.random.implementation = null
	ssl.trustmanager.algorithm = PKIX
	ssl.truststore.certificates = null
	ssl.truststore.location = null
	ssl.truststore.password = null
	ssl.truststore.type = JKS
	transaction.timeout.ms = 60000
	transactional.id = null
	value.serializer = class io.confluent.kafka.serializers.KafkaAvroSerializer

2025-08-07 12:29:02,199 INFO  [org.apa.kaf.com.tel.int.KafkaMetricsCollector] (main) initializing Kafka metrics collector
2025-08-07 12:29:02,200 INFO  [io.con.kaf.ser.KafkaAvroSerializerConfig] (main) KafkaAvroSerializerConfig values: 
	auto.register.schemas = false
	avro.reflection.allow.null = false
	avro.remove.java.properties = false
	avro.use.logical.type.converters = false
	basic.auth.credentials.source = URL
	basic.auth.user.info = [hidden]
	bearer.auth.cache.expiry.buffer.seconds = 300
	bearer.auth.client.id = null
	bearer.auth.client.secret = null
	bearer.auth.credentials.source = STATIC_TOKEN
	bearer.auth.custom.provider.class = null
	bearer.auth.identity.pool.id = null
	bearer.auth.issuer.endpoint.url = null
	bearer.auth.logical.cluster = null
	bearer.auth.scope = null
	bearer.auth.scope.claim.name = scope
	bearer.auth.sub.claim.name = sub
	bearer.auth.token = [hidden]
	context.name.strategy = class io.confluent.kafka.serializers.context.NullContextNameStrategy
	http.connect.timeout.ms = 60000
	http.read.timeout.ms = 60000
	id.compatibility.strict = true
	key.schema.id.deserializer = class io.confluent.kafka.serializers.schema.id.DualSchemaIdDeserializer
	key.schema.id.serializer = class io.confluent.kafka.serializers.schema.id.PrefixSchemaIdSerializer
	key.subject.name.strategy = class io.confluent.kafka.serializers.subject.TopicNameStrategy
	latest.cache.size = 1000
	latest.cache.ttl.sec = -1
	latest.compatibility.strict = true
	max.retries = 3
	max.schemas.per.subject = 1000
	normalize.schemas = false
	propagate.schema.tags = false
	proxy.host = 
	proxy.port = -1
	retries.max.wait.ms = 20000
	retries.wait.ms = 1000
	rule.actions = []
	rule.executors = []
	rule.service.loader.enable = true
	schema.format = null
	schema.reflection = false
	schema.registry.basic.auth.user.info = [hidden]
	schema.registry.ssl.cipher.suites = null
	schema.registry.ssl.enabled.protocols = [TLSv1.2, TLSv1.3]
	schema.registry.ssl.endpoint.identification.algorithm = https
	schema.registry.ssl.engine.factory.class = null
	schema.registry.ssl.key.password = null
	schema.registry.ssl.keymanager.algorithm = SunX509
	schema.registry.ssl.keystore.certificate.chain = null
	schema.registry.ssl.keystore.key = null
	schema.registry.ssl.keystore.location = null
	schema.registry.ssl.keystore.password = null
	schema.registry.ssl.keystore.type = JKS
	schema.registry.ssl.protocol = TLSv1.3
	schema.registry.ssl.provider = null
	schema.registry.ssl.secure.random.implementation = null
	schema.registry.ssl.trustmanager.algorithm = PKIX
	schema.registry.ssl.truststore.certificates = null
	schema.registry.ssl.truststore.location = null
	schema.registry.ssl.truststore.password = null
	schema.registry.ssl.truststore.type = JKS
	schema.registry.url = [http://registry-app-mysql.apps.ci419.apicurio-testing.org:80/apis/ccompat/v7]
	schema.registry.url.randomize = false
	use.latest.version = false
	use.latest.with.metadata = null
	use.schema.id = -1
	value.schema.id.deserializer = class io.confluent.kafka.serializers.schema.id.DualSchemaIdDeserializer
	value.schema.id.serializer = class io.confluent.kafka.serializers.schema.id.PrefixSchemaIdSerializer
	value.subject.name.strategy = class io.confluent.kafka.serializers.subject.TopicNameStrategy

2025-08-07 12:29:02,201 INFO  [org.apa.kaf.cli.pro.KafkaProducer] (main) [Producer clientId=Producer-topic-17708f84_5030_42d6_ae36_d6450f99f19b] Instantiated an idempotent producer.
2025-08-07 12:29:02,202 INFO  [org.apa.kaf.cli.pro.ProducerConfig] (main) These configurations '[schema.registry.url, auto.register.schemas, value.subject.name.strategy]' were supplied but are not used yet.
2025-08-07 12:29:02,202 INFO  [org.apa.kaf.com.uti.AppInfoParser] (main) Kafka version: 3.9.1
2025-08-07 12:29:02,202 INFO  [org.apa.kaf.com.uti.AppInfoParser] (main) Kafka commitId: f745dfdcee2b9851
2025-08-07 12:29:02,202 INFO  [org.apa.kaf.com.uti.AppInfoParser] (main) Kafka startTimeMs: 1754569742202
2025-08-07 12:29:02,203 INFO  [io.api.tes.ser.api.SimpleSerdesTesterBuilder$SimpleSerdesTester] (main) Using producer configuration: {schema.registry.url=http://registry-app-mysql.apps.ci419.apicurio-testing.org:80/apis/ccompat/v7, value.serializer=io.confluent.kafka.serializers.KafkaAvroSerializer, request.timeout.ms=5000, auto.register.schemas=false, acks=all, bootstrap.servers=PLAINTEXT://localhost:32769, connections.max.idle.ms=10000, key.serializer=org.apache.kafka.common.serialization.StringSerializer, value.subject.name.strategy=io.confluent.kafka.serializers.subject.TopicNameStrategy, client.id=Producer-topic-17708f84_5030_42d6_ae36_d6450f99f19b}
2025-08-07 12:29:02,203 INFO  [io.api.tes.ser.api.SimpleSerdesTesterBuilder$SimpleSerdesTester] (main) Using consumer configuration: {}
2025-08-07 12:29:02,203 INFO  [io.api.tes.ser.api.KafkaSerdesTester] (Thread-879) Sending message {"key1": "value-0"} to topic topic-17708f84_5030_42d6_ae36_d6450f99f19b
2025-08-07 12:29:02,205 INFO  [org.apa.kaf.cli.Metadata] (kafka-producer-network-thread | Producer-topic-17708f84_5030_42d6_ae36_d6450f99f19b) [Producer clientId=Producer-topic-17708f84_5030_42d6_ae36_d6450f99f19b] Cluster ID: w_73WABzQ2iBfYWfnNB4Cg
2025-08-07 12:29:02,205 INFO  [org.apa.kaf.cli.pro.int.TransactionManager] (kafka-producer-network-thread | Producer-topic-17708f84_5030_42d6_ae36_d6450f99f19b) [Producer clientId=Producer-topic-17708f84_5030_42d6_ae36_d6450f99f19b] ProducerId set to 50 with epoch 0
2025-08-07 12:29:02,297 INFO  [io.api.tes.ser.api.KafkaSerdesTester] (Thread-879) Sending message {"key1": "value-1"} to topic topic-17708f84_5030_42d6_ae36_d6450f99f19b
2025-08-07 12:29:02,298 INFO  [io.api.tes.ser.api.KafkaSerdesTester] (Thread-879) Sending message {"key1": "value-2"} to topic topic-17708f84_5030_42d6_ae36_d6450f99f19b
2025-08-07 12:29:02,300 INFO  [io.api.tes.ser.api.KafkaSerdesTester] (Thread-879) Sending message {"key1": "value-3"} to topic topic-17708f84_5030_42d6_ae36_d6450f99f19b
2025-08-07 12:29:02,301 INFO  [io.api.tes.ser.api.KafkaSerdesTester] (Thread-879) Sending message {"key1": "value-4"} to topic topic-17708f84_5030_42d6_ae36_d6450f99f19b
2025-08-07 12:29:02,302 INFO  [io.api.tes.ser.api.KafkaSerdesTester] (Thread-879) Sending message {"key1": "value-5"} to topic topic-17708f84_5030_42d6_ae36_d6450f99f19b
2025-08-07 12:29:02,303 INFO  [io.api.tes.ser.api.KafkaSerdesTester] (Thread-879) Sending message {"key1": "value-6"} to topic topic-17708f84_5030_42d6_ae36_d6450f99f19b
2025-08-07 12:29:02,303 INFO  [io.api.tes.ser.api.KafkaSerdesTester] (Thread-879) Sending message {"key1": "value-7"} to topic topic-17708f84_5030_42d6_ae36_d6450f99f19b
2025-08-07 12:29:02,304 INFO  [io.api.tes.ser.api.KafkaSerdesTester] (Thread-879) Sending message {"key1": "value-8"} to topic topic-17708f84_5030_42d6_ae36_d6450f99f19b
2025-08-07 12:29:02,305 INFO  [io.api.tes.ser.api.KafkaSerdesTester] (Thread-879) Sending message {"key1": "value-9"} to topic topic-17708f84_5030_42d6_ae36_d6450f99f19b
2025-08-07 12:29:02,306 INFO  [io.api.tes.ser.api.KafkaSerdesTester] (Thread-879) Produced 10 messages
2025-08-07 12:29:02,306 INFO  [org.apa.kaf.cli.pro.KafkaProducer] (Thread-879) [Producer clientId=Producer-topic-17708f84_5030_42d6_ae36_d6450f99f19b] Closing the Kafka producer with timeoutMillis = 9223372036854775807 ms.
2025-08-07 12:29:02,307 INFO  [org.apa.kaf.com.met.Metrics] (Thread-879) Metrics scheduler closed
2025-08-07 12:29:02,307 INFO  [org.apa.kaf.com.met.Metrics] (Thread-879) Closing reporter org.apache.kafka.common.metrics.JmxReporter
2025-08-07 12:29:02,307 INFO  [org.apa.kaf.com.met.Metrics] (Thread-879) Closing reporter org.apache.kafka.common.telemetry.internals.ClientTelemetryReporter
2025-08-07 12:29:02,307 INFO  [org.apa.kaf.com.met.Metrics] (Thread-879) Metrics reporters closed
2025-08-07 12:29:02,307 INFO  [org.apa.kaf.com.uti.AppInfoParser] (Thread-879) App info kafka.producer for Producer-topic-17708f84_5030_42d6_ae36_d6450f99f19b unregistered
**** Registry Base URL: http://registry-app-mysql.apps.ci419.apicurio-testing.org:80
2025-08-07 12:29:02,308 INFO  [org.apa.kaf.cli.con.ConsumerConfig] (main) ConsumerConfig values: 
	allow.auto.create.topics = true
	auto.commit.interval.ms = 500
	auto.include.jmx.reporter = true
	auto.offset.reset = earliest
	bootstrap.servers = [PLAINTEXT://localhost:32769]
	check.crcs = true
	client.dns.lookup = use_all_dns_ips
	client.id = consumer-Consumer-topic-17708f84_5030_42d6_ae36_d6450f99f19b-37
	client.rack = 
	connections.max.idle.ms = 10000
	default.api.timeout.ms = 60000
	enable.auto.commit = true
	enable.metrics.push = true
	exclude.internal.topics = true
	fetch.max.bytes = 52428800
	fetch.max.wait.ms = 500
	fetch.min.bytes = 1
	group.id = Consumer-topic-17708f84_5030_42d6_ae36_d6450f99f19b
	group.instance.id = null
	group.protocol = classic
	group.remote.assignor = null
	heartbeat.interval.ms = 3000
	interceptor.classes = []
	internal.leave.group.on.close = true
	internal.throw.on.fetch.stable.offset.unsupported = false
	isolation.level = read_uncommitted
	key.deserializer = class org.apache.kafka.common.serialization.StringDeserializer
	max.partition.fetch.bytes = 1048576
	max.poll.interval.ms = 300000
	max.poll.records = 500
	metadata.max.age.ms = 300000
	metadata.recovery.strategy = none
	metric.reporters = []
	metrics.num.samples = 2
	metrics.recording.level = INFO
	metrics.sample.window.ms = 30000
	partition.assignment.strategy = [class org.apache.kafka.clients.consumer.RangeAssignor, class org.apache.kafka.clients.consumer.CooperativeStickyAssignor]
	receive.buffer.bytes = 65536
	reconnect.backoff.max.ms = 1000
	reconnect.backoff.ms = 50
	request.timeout.ms = 5000
	retry.backoff.max.ms = 1000
	retry.backoff.ms = 100
	sasl.client.callback.handler.class = null
	sasl.jaas.config = null
	sasl.kerberos.kinit.cmd = /usr/bin/kinit
	sasl.kerberos.min.time.before.relogin = 60000
	sasl.kerberos.service.name = null
	sasl.kerberos.ticket.renew.jitter = 0.05
	sasl.kerberos.ticket.renew.window.factor = 0.8
	sasl.login.callback.handler.class = null
	sasl.login.class = null
	sasl.login.connect.timeout.ms = null
	sasl.login.read.timeout.ms = null
	sasl.login.refresh.buffer.seconds = 300
	sasl.login.refresh.min.period.seconds = 60
	sasl.login.refresh.window.factor = 0.8
	sasl.login.refresh.window.jitter = 0.05
	sasl.login.retry.backoff.max.ms = 10000
	sasl.login.retry.backoff.ms = 100
	sasl.mechanism = GSSAPI
	sasl.oauthbearer.clock.skew.seconds = 30
	sasl.oauthbearer.expected.audience = null
	sasl.oauthbearer.expected.issuer = null
	sasl.oauthbearer.header.urlencode = false
	sasl.oauthbearer.jwks.endpoint.refresh.ms = 3600000
	sasl.oauthbearer.jwks.endpoint.retry.backoff.max.ms = 10000
	sasl.oauthbearer.jwks.endpoint.retry.backoff.ms = 100
	sasl.oauthbearer.jwks.endpoint.url = null
	sasl.oauthbearer.scope.claim.name = scope
	sasl.oauthbearer.sub.claim.name = sub
	sasl.oauthbearer.token.endpoint.url = null
	security.protocol = PLAINTEXT
	security.providers = null
	send.buffer.bytes = 131072
	session.timeout.ms = 45000
	socket.connection.setup.timeout.max.ms = 30000
	socket.connection.setup.timeout.ms = 10000
	ssl.cipher.suites = null
	ssl.enabled.protocols = [TLSv1.2, TLSv1.3]
	ssl.endpoint.identification.algorithm = https
	ssl.engine.factory.class = null
	ssl.key.password = null
	ssl.keymanager.algorithm = SunX509
	ssl.keystore.certificate.chain = null
	ssl.keystore.key = null
	ssl.keystore.location = null
	ssl.keystore.password = null
	ssl.keystore.type = JKS
	ssl.protocol = TLSv1.3
	ssl.provider = null
	ssl.secure.random.implementation = null
	ssl.trustmanager.algorithm = PKIX
	ssl.truststore.certificates = null
	ssl.truststore.location = null
	ssl.truststore.password = null
	ssl.truststore.type = JKS
	value.deserializer = class io.confluent.kafka.serializers.KafkaAvroDeserializer

2025-08-07 12:29:02,308 INFO  [org.apa.kaf.com.tel.int.KafkaMetricsCollector] (main) initializing Kafka metrics collector
2025-08-07 12:29:02,308 INFO  [io.con.kaf.ser.KafkaAvroDeserializerConfig] (main) KafkaAvroDeserializerConfig values: 
	auto.register.schemas = true
	avro.reflection.allow.null = false
	avro.use.logical.type.converters = false
	basic.auth.credentials.source = URL
	basic.auth.user.info = [hidden]
	bearer.auth.cache.expiry.buffer.seconds = 300
	bearer.auth.client.id = null
	bearer.auth.client.secret = null
	bearer.auth.credentials.source = STATIC_TOKEN
	bearer.auth.custom.provider.class = null
	bearer.auth.identity.pool.id = null
	bearer.auth.issuer.endpoint.url = null
	bearer.auth.logical.cluster = null
	bearer.auth.scope = null
	bearer.auth.scope.claim.name = scope
	bearer.auth.sub.claim.name = sub
	bearer.auth.token = [hidden]
	context.name.strategy = class io.confluent.kafka.serializers.context.NullContextNameStrategy
	http.connect.timeout.ms = 60000
	http.read.timeout.ms = 60000
	id.compatibility.strict = true
	key.schema.id.deserializer = class io.confluent.kafka.serializers.schema.id.DualSchemaIdDeserializer
	key.schema.id.serializer = class io.confluent.kafka.serializers.schema.id.PrefixSchemaIdSerializer
	key.subject.name.strategy = class io.confluent.kafka.serializers.subject.TopicNameStrategy
	latest.cache.size = 1000
	latest.cache.ttl.sec = -1
	latest.compatibility.strict = true
	max.retries = 3
	max.schemas.per.subject = 1000
	normalize.schemas = false
	propagate.schema.tags = false
	proxy.host = 
	proxy.port = -1
	retries.max.wait.ms = 20000
	retries.wait.ms = 1000
	rule.actions = []
	rule.executors = []
	rule.service.loader.enable = true
	schema.format = null
	schema.reflection = false
	schema.registry.basic.auth.user.info = [hidden]
	schema.registry.ssl.cipher.suites = null
	schema.registry.ssl.enabled.protocols = [TLSv1.2, TLSv1.3]
	schema.registry.ssl.endpoint.identification.algorithm = https
	schema.registry.ssl.engine.factory.class = null
	schema.registry.ssl.key.password = null
	schema.registry.ssl.keymanager.algorithm = SunX509
	schema.registry.ssl.keystore.certificate.chain = null
	schema.registry.ssl.keystore.key = null
	schema.registry.ssl.keystore.location = null
	schema.registry.ssl.keystore.password = null
	schema.registry.ssl.keystore.type = JKS
	schema.registry.ssl.protocol = TLSv1.3
	schema.registry.ssl.provider = null
	schema.registry.ssl.secure.random.implementation = null
	schema.registry.ssl.trustmanager.algorithm = PKIX
	schema.registry.ssl.truststore.certificates = null
	schema.registry.ssl.truststore.location = null
	schema.registry.ssl.truststore.password = null
	schema.registry.ssl.truststore.type = JKS
	schema.registry.url = [http://registry-app-mysql.apps.ci419.apicurio-testing.org:80/apis/ccompat/v7]
	schema.registry.url.randomize = false
	specific.avro.key.type = null
	specific.avro.reader = false
	specific.avro.value.type = null
	use.latest.version = false
	use.latest.with.metadata = null
	use.schema.id = -1
	value.schema.id.deserializer = class io.confluent.kafka.serializers.schema.id.DualSchemaIdDeserializer
	value.schema.id.serializer = class io.confluent.kafka.serializers.schema.id.PrefixSchemaIdSerializer
	value.subject.name.strategy = class io.confluent.kafka.serializers.subject.TopicNameStrategy

2025-08-07 12:29:02,311 INFO  [org.apa.kaf.cli.con.ConsumerConfig] (main) These configurations '[schema.registry.url]' were supplied but are not used yet.
2025-08-07 12:29:02,311 INFO  [org.apa.kaf.com.uti.AppInfoParser] (main) Kafka version: 3.9.1
2025-08-07 12:29:02,311 INFO  [org.apa.kaf.com.uti.AppInfoParser] (main) Kafka commitId: f745dfdcee2b9851
2025-08-07 12:29:02,311 INFO  [org.apa.kaf.com.uti.AppInfoParser] (main) Kafka startTimeMs: 1754569742311
2025-08-07 12:29:02,311 INFO  [org.apa.kaf.cli.con.int.ClassicKafkaConsumer] (Thread-880) [Consumer clientId=consumer-Consumer-topic-17708f84_5030_42d6_ae36_d6450f99f19b-37, groupId=Consumer-topic-17708f84_5030_42d6_ae36_d6450f99f19b] Subscribed to topic(s): topic-17708f84_5030_42d6_ae36_d6450f99f19b
2025-08-07 12:29:02,314 INFO  [org.apa.kaf.cli.Metadata] (Thread-880) [Consumer clientId=consumer-Consumer-topic-17708f84_5030_42d6_ae36_d6450f99f19b-37, groupId=Consumer-topic-17708f84_5030_42d6_ae36_d6450f99f19b] Cluster ID: w_73WABzQ2iBfYWfnNB4Cg
2025-08-07 12:29:02,314 INFO  [org.apa.kaf.cli.con.int.ConsumerCoordinator] (Thread-880) [Consumer clientId=consumer-Consumer-topic-17708f84_5030_42d6_ae36_d6450f99f19b-37, groupId=Consumer-topic-17708f84_5030_42d6_ae36_d6450f99f19b] Discovered group coordinator localhost:32769 (id: 2147483647 rack: null)
2025-08-07 12:29:02,315 INFO  [org.apa.kaf.cli.con.int.ConsumerCoordinator] (Thread-880) [Consumer clientId=consumer-Consumer-topic-17708f84_5030_42d6_ae36_d6450f99f19b-37, groupId=Consumer-topic-17708f84_5030_42d6_ae36_d6450f99f19b] (Re-)joining group
2025-08-07 12:29:02,318 INFO  [org.apa.kaf.cli.con.int.ConsumerCoordinator] (Thread-880) [Consumer clientId=consumer-Consumer-topic-17708f84_5030_42d6_ae36_d6450f99f19b-37, groupId=Consumer-topic-17708f84_5030_42d6_ae36_d6450f99f19b] Request joining group due to: need to re-join with the given member-id: consumer-Consumer-topic-17708f84_5030_42d6_ae36_d6450f99f19b-37-810734cd-aa17-4d6c-9161-4b66a7b36c21
2025-08-07 12:29:02,318 INFO  [org.apa.kaf.cli.con.int.ConsumerCoordinator] (Thread-880) [Consumer clientId=consumer-Consumer-topic-17708f84_5030_42d6_ae36_d6450f99f19b-37, groupId=Consumer-topic-17708f84_5030_42d6_ae36_d6450f99f19b] (Re-)joining group
2025-08-07 12:29:03,311 INFO  [io.api.tes.ser.api.KafkaSerdesTester] (Thread-880) None found
2025-08-07 12:29:04,311 INFO  [io.api.tes.ser.api.KafkaSerdesTester] (Thread-880) None found
2025-08-07 12:29:05,312 INFO  [io.api.tes.ser.api.KafkaSerdesTester] (Thread-880) None found
2025-08-07 12:29:05,320 INFO  [org.apa.kaf.cli.con.int.ConsumerCoordinator] (Thread-880) [Consumer clientId=consumer-Consumer-topic-17708f84_5030_42d6_ae36_d6450f99f19b-37, groupId=Consumer-topic-17708f84_5030_42d6_ae36_d6450f99f19b] Successfully joined group with generation Generation{generationId=1, memberId='consumer-Consumer-topic-17708f84_5030_42d6_ae36_d6450f99f19b-37-810734cd-aa17-4d6c-9161-4b66a7b36c21', protocol='range'}
2025-08-07 12:29:05,320 INFO  [org.apa.kaf.cli.con.int.ConsumerCoordinator] (Thread-880) [Consumer clientId=consumer-Consumer-topic-17708f84_5030_42d6_ae36_d6450f99f19b-37, groupId=Consumer-topic-17708f84_5030_42d6_ae36_d6450f99f19b] Finished assignment for group at generation 1: {consumer-Consumer-topic-17708f84_5030_42d6_ae36_d6450f99f19b-37-810734cd-aa17-4d6c-9161-4b66a7b36c21=Assignment(partitions=[topic-17708f84_5030_42d6_ae36_d6450f99f19b-0])}
2025-08-07 12:29:05,327 INFO  [org.apa.kaf.cli.con.int.ConsumerCoordinator] (Thread-880) [Consumer clientId=consumer-Consumer-topic-17708f84_5030_42d6_ae36_d6450f99f19b-37, groupId=Consumer-topic-17708f84_5030_42d6_ae36_d6450f99f19b] Successfully synced group in generation Generation{generationId=1, memberId='consumer-Consumer-topic-17708f84_5030_42d6_ae36_d6450f99f19b-37-810734cd-aa17-4d6c-9161-4b66a7b36c21', protocol='range'}
2025-08-07 12:29:05,327 INFO  [org.apa.kaf.cli.con.int.ConsumerCoordinator] (Thread-880) [Consumer clientId=consumer-Consumer-topic-17708f84_5030_42d6_ae36_d6450f99f19b-37, groupId=Consumer-topic-17708f84_5030_42d6_ae36_d6450f99f19b] Notifying assignor about the new Assignment(partitions=[topic-17708f84_5030_42d6_ae36_d6450f99f19b-0])
2025-08-07 12:29:05,327 INFO  [org.apa.kaf.cli.con.int.ConsumerRebalanceListenerInvoker] (Thread-880) [Consumer clientId=consumer-Consumer-topic-17708f84_5030_42d6_ae36_d6450f99f19b-37, groupId=Consumer-topic-17708f84_5030_42d6_ae36_d6450f99f19b] Adding newly assigned partitions: topic-17708f84_5030_42d6_ae36_d6450f99f19b-0
2025-08-07 12:29:05,328 INFO  [org.apa.kaf.cli.con.int.ConsumerCoordinator] (Thread-880) [Consumer clientId=consumer-Consumer-topic-17708f84_5030_42d6_ae36_d6450f99f19b-37, groupId=Consumer-topic-17708f84_5030_42d6_ae36_d6450f99f19b] Found no committed offset for partition topic-17708f84_5030_42d6_ae36_d6450f99f19b-0
2025-08-07 12:29:05,330 INFO  [org.apa.kaf.cli.con.int.SubscriptionState] (Thread-880) [Consumer clientId=consumer-Consumer-topic-17708f84_5030_42d6_ae36_d6450f99f19b-37, groupId=Consumer-topic-17708f84_5030_42d6_ae36_d6450f99f19b] Resetting offset for partition topic-17708f84_5030_42d6_ae36_d6450f99f19b-0 to position FetchPosition{offset=0, offsetEpoch=Optional.empty, currentLeader=LeaderAndEpoch{leader=Optional[localhost:32769 (id: 0 rack: null)], epoch=0}}.
2025-08-07 12:29:05,416 INFO  [io.api.tes.ser.api.KafkaSerdesTester] (Thread-880) topic-17708f84_5030_42d6_ae36_d6450f99f19b 0 0 {"key1": "value-0"}
2025-08-07 12:29:05,417 INFO  [io.api.tes.ser.api.KafkaSerdesTester] (Thread-880) topic-17708f84_5030_42d6_ae36_d6450f99f19b 0 1 {"key1": "value-1"}
2025-08-07 12:29:05,417 INFO  [io.api.tes.ser.api.KafkaSerdesTester] (Thread-880) topic-17708f84_5030_42d6_ae36_d6450f99f19b 0 2 {"key1": "value-2"}
2025-08-07 12:29:05,417 INFO  [io.api.tes.ser.api.KafkaSerdesTester] (Thread-880) topic-17708f84_5030_42d6_ae36_d6450f99f19b 0 3 {"key1": "value-3"}
2025-08-07 12:29:05,417 INFO  [io.api.tes.ser.api.KafkaSerdesTester] (Thread-880) topic-17708f84_5030_42d6_ae36_d6450f99f19b 0 4 {"key1": "value-4"}
2025-08-07 12:29:05,417 INFO  [io.api.tes.ser.api.KafkaSerdesTester] (Thread-880) topic-17708f84_5030_42d6_ae36_d6450f99f19b 0 5 {"key1": "value-5"}
2025-08-07 12:29:05,417 INFO  [io.api.tes.ser.api.KafkaSerdesTester] (Thread-880) topic-17708f84_5030_42d6_ae36_d6450f99f19b 0 6 {"key1": "value-6"}
2025-08-07 12:29:05,417 INFO  [io.api.tes.ser.api.KafkaSerdesTester] (Thread-880) topic-17708f84_5030_42d6_ae36_d6450f99f19b 0 7 {"key1": "value-7"}
2025-08-07 12:29:05,417 INFO  [io.api.tes.ser.api.KafkaSerdesTester] (Thread-880) topic-17708f84_5030_42d6_ae36_d6450f99f19b 0 8 {"key1": "value-8"}
2025-08-07 12:29:05,417 INFO  [io.api.tes.ser.api.KafkaSerdesTester] (Thread-880) topic-17708f84_5030_42d6_ae36_d6450f99f19b 0 9 {"key1": "value-9"}
2025-08-07 12:29:05,417 INFO  [io.api.tes.ser.api.KafkaSerdesTester] (Thread-880) Consumed 10 messages
2025-08-07 12:29:05,424 INFO  [org.apa.kaf.cli.con.int.ConsumerRebalanceListenerInvoker] (Thread-880) [Consumer clientId=consumer-Consumer-topic-17708f84_5030_42d6_ae36_d6450f99f19b-37, groupId=Consumer-topic-17708f84_5030_42d6_ae36_d6450f99f19b] Revoke previously assigned partitions topic-17708f84_5030_42d6_ae36_d6450f99f19b-0
2025-08-07 12:29:05,424 INFO  [org.apa.kaf.cli.con.int.ConsumerCoordinator] (Thread-880) [Consumer clientId=consumer-Consumer-topic-17708f84_5030_42d6_ae36_d6450f99f19b-37, groupId=Consumer-topic-17708f84_5030_42d6_ae36_d6450f99f19b] Member consumer-Consumer-topic-17708f84_5030_42d6_ae36_d6450f99f19b-37-810734cd-aa17-4d6c-9161-4b66a7b36c21 sending LeaveGroup request to coordinator localhost:32769 (id: 2147483647 rack: null) due to the consumer is being closed
2025-08-07 12:29:05,424 INFO  [org.apa.kaf.cli.con.int.ConsumerCoordinator] (Thread-880) [Consumer clientId=consumer-Consumer-topic-17708f84_5030_42d6_ae36_d6450f99f19b-37, groupId=Consumer-topic-17708f84_5030_42d6_ae36_d6450f99f19b] Resetting generation and member id due to: consumer pro-actively leaving the group
2025-08-07 12:29:05,424 INFO  [org.apa.kaf.cli.con.int.ConsumerCoordinator] (Thread-880) [Consumer clientId=consumer-Consumer-topic-17708f84_5030_42d6_ae36_d6450f99f19b-37, groupId=Consumer-topic-17708f84_5030_42d6_ae36_d6450f99f19b] Request joining group due to: consumer pro-actively leaving the group
2025-08-07 12:29:05,920 INFO  [org.apa.kaf.com.met.Metrics] (Thread-880) Metrics scheduler closed
2025-08-07 12:29:05,920 INFO  [org.apa.kaf.com.met.Metrics] (Thread-880) Closing reporter org.apache.kafka.common.metrics.JmxReporter
2025-08-07 12:29:05,920 INFO  [org.apa.kaf.com.met.Metrics] (Thread-880) Closing reporter org.apache.kafka.common.telemetry.internals.ClientTelemetryReporter
2025-08-07 12:29:05,920 INFO  [org.apa.kaf.com.met.Metrics] (Thread-880) Metrics reporters closed
2025-08-07 12:29:05,921 INFO  [org.apa.kaf.com.uti.AppInfoParser] (Thread-880) App info kafka.consumer for consumer-Consumer-topic-17708f84_5030_42d6_ae36_d6450f99f19b-37 unregistered
2025-08-07 12:29:06,089 INFO  [io.api.tes.ser.con.BasicConfluentSerDesIT] (main) Deleting confluent schema topic-17708f84_5030_42d6_ae36_d6450f99f19b-value
2025-08-07 12:29:06,185 INFO  [io.api.tes.uti.TestSeparator] (main) io.apicurio.tests.serdes.confluent.BasicConfluentSerDesIT.testAvroConfluentSerDes-FINISHED
2025-08-07 12:29:06,185 INFO  [io.api.tes.uti.TestSeparator] (main) ############################################################################
Test passed: testAvroConfluentSerDes
]]></system-out>
  </testcase>
  <testcase name="testAvroConfluentForMultipleTopics" classname="io.apicurio.tests.serdes.confluent.BasicConfluentSerDesIT" time="12.763">
    <system-out><![CDATA[2025-08-07 12:29:06,187 INFO  [io.api.tes.uti.TestSeparator] (main) ############################################################################
2025-08-07 12:29:06,187 INFO  [io.api.tes.uti.TestSeparator] (main) io.apicurio.tests.serdes.confluent.BasicConfluentSerDesIT.testAvroConfluentForMultipleTopics-STARTED
2025-08-07 12:29:06,380 INFO  [io.api.tes.ser.con.BasicConfluentSerDesIT] (main) Checking that created schema is equal to the get schema
2025-08-07 12:29:06,465 INFO  [io.api.tes.ser.con.BasicConfluentSerDesIT] (main) Created schema with id:112 and name:myrecordconfluent6
**** Registry Base URL: http://registry-app-mysql.apps.ci419.apicurio-testing.org:80
2025-08-07 12:29:06,466 INFO  [org.apa.kaf.cli.pro.ProducerConfig] (main) ProducerConfig values: 
	acks = -1
	auto.include.jmx.reporter = true
	batch.size = 16384
	bootstrap.servers = [PLAINTEXT://localhost:32769]
	buffer.memory = 33554432
	client.dns.lookup = use_all_dns_ips
	client.id = Producer-topic-c9be4be9_aeb3_47ce_a5c4_00d12365469c
	compression.gzip.level = -1
	compression.lz4.level = 9
	compression.type = none
	compression.zstd.level = 3
	connections.max.idle.ms = 10000
	delivery.timeout.ms = 120000
	enable.idempotence = true
	enable.metrics.push = true
	interceptor.classes = []
	key.serializer = class org.apache.kafka.common.serialization.StringSerializer
	linger.ms = 0
	max.block.ms = 60000
	max.in.flight.requests.per.connection = 5
	max.request.size = 1048576
	metadata.max.age.ms = 300000
	metadata.max.idle.ms = 300000
	metadata.recovery.strategy = none
	metric.reporters = []
	metrics.num.samples = 2
	metrics.recording.level = INFO
	metrics.sample.window.ms = 30000
	partitioner.adaptive.partitioning.enable = true
	partitioner.availability.timeout.ms = 0
	partitioner.class = null
	partitioner.ignore.keys = false
	receive.buffer.bytes = 32768
	reconnect.backoff.max.ms = 1000
	reconnect.backoff.ms = 50
	request.timeout.ms = 5000
	retries = 2147483647
	retry.backoff.max.ms = 1000
	retry.backoff.ms = 100
	sasl.client.callback.handler.class = null
	sasl.jaas.config = null
	sasl.kerberos.kinit.cmd = /usr/bin/kinit
	sasl.kerberos.min.time.before.relogin = 60000
	sasl.kerberos.service.name = null
	sasl.kerberos.ticket.renew.jitter = 0.05
	sasl.kerberos.ticket.renew.window.factor = 0.8
	sasl.login.callback.handler.class = null
	sasl.login.class = null
	sasl.login.connect.timeout.ms = null
	sasl.login.read.timeout.ms = null
	sasl.login.refresh.buffer.seconds = 300
	sasl.login.refresh.min.period.seconds = 60
	sasl.login.refresh.window.factor = 0.8
	sasl.login.refresh.window.jitter = 0.05
	sasl.login.retry.backoff.max.ms = 10000
	sasl.login.retry.backoff.ms = 100
	sasl.mechanism = GSSAPI
	sasl.oauthbearer.clock.skew.seconds = 30
	sasl.oauthbearer.expected.audience = null
	sasl.oauthbearer.expected.issuer = null
	sasl.oauthbearer.header.urlencode = false
	sasl.oauthbearer.jwks.endpoint.refresh.ms = 3600000
	sasl.oauthbearer.jwks.endpoint.retry.backoff.max.ms = 10000
	sasl.oauthbearer.jwks.endpoint.retry.backoff.ms = 100
	sasl.oauthbearer.jwks.endpoint.url = null
	sasl.oauthbearer.scope.claim.name = scope
	sasl.oauthbearer.sub.claim.name = sub
	sasl.oauthbearer.token.endpoint.url = null
	security.protocol = PLAINTEXT
	security.providers = null
	send.buffer.bytes = 131072
	socket.connection.setup.timeout.max.ms = 30000
	socket.connection.setup.timeout.ms = 10000
	ssl.cipher.suites = null
	ssl.enabled.protocols = [TLSv1.2, TLSv1.3]
	ssl.endpoint.identification.algorithm = https
	ssl.engine.factory.class = null
	ssl.key.password = null
	ssl.keymanager.algorithm = SunX509
	ssl.keystore.certificate.chain = null
	ssl.keystore.key = null
	ssl.keystore.location = null
	ssl.keystore.password = null
	ssl.keystore.type = JKS
	ssl.protocol = TLSv1.3
	ssl.provider = null
	ssl.secure.random.implementation = null
	ssl.trustmanager.algorithm = PKIX
	ssl.truststore.certificates = null
	ssl.truststore.location = null
	ssl.truststore.password = null
	ssl.truststore.type = JKS
	transaction.timeout.ms = 60000
	transactional.id = null
	value.serializer = class io.apicurio.registry.serde.avro.AvroKafkaSerializer

2025-08-07 12:29:06,466 INFO  [org.apa.kaf.com.tel.int.KafkaMetricsCollector] (main) initializing Kafka metrics collector
2025-08-07 12:29:06,469 INFO  [org.apa.kaf.cli.pro.KafkaProducer] (main) [Producer clientId=Producer-topic-c9be4be9_aeb3_47ce_a5c4_00d12365469c] Instantiated an idempotent producer.
2025-08-07 12:29:06,470 INFO  [org.apa.kaf.cli.pro.ProducerConfig] (main) These configurations '[apicurio.registry.url, apicurio.registry.artifact-resolver-strategy]' were supplied but are not used yet.
2025-08-07 12:29:06,470 INFO  [org.apa.kaf.com.uti.AppInfoParser] (main) Kafka version: 3.9.1
2025-08-07 12:29:06,470 INFO  [org.apa.kaf.com.uti.AppInfoParser] (main) Kafka commitId: f745dfdcee2b9851
2025-08-07 12:29:06,471 INFO  [org.apa.kaf.com.uti.AppInfoParser] (main) Kafka startTimeMs: 1754569746470
**** Registry Base URL: http://registry-app-mysql.apps.ci419.apicurio-testing.org:80
2025-08-07 12:29:06,471 INFO  [org.apa.kaf.cli.pro.ProducerConfig] (main) ProducerConfig values: 
	acks = -1
	auto.include.jmx.reporter = true
	batch.size = 16384
	bootstrap.servers = [PLAINTEXT://localhost:32769]
	buffer.memory = 33554432
	client.dns.lookup = use_all_dns_ips
	client.id = Producer-topic-91d33445_27a6_4f41_aa92_478a136b46df
	compression.gzip.level = -1
	compression.lz4.level = 9
	compression.type = none
	compression.zstd.level = 3
	connections.max.idle.ms = 10000
	delivery.timeout.ms = 120000
	enable.idempotence = true
	enable.metrics.push = true
	interceptor.classes = []
	key.serializer = class org.apache.kafka.common.serialization.StringSerializer
	linger.ms = 0
	max.block.ms = 60000
	max.in.flight.requests.per.connection = 5
	max.request.size = 1048576
	metadata.max.age.ms = 300000
	metadata.max.idle.ms = 300000
	metadata.recovery.strategy = none
	metric.reporters = []
	metrics.num.samples = 2
	metrics.recording.level = INFO
	metrics.sample.window.ms = 30000
	partitioner.adaptive.partitioning.enable = true
	partitioner.availability.timeout.ms = 0
	partitioner.class = null
	partitioner.ignore.keys = false
	receive.buffer.bytes = 32768
	reconnect.backoff.max.ms = 1000
	reconnect.backoff.ms = 50
	request.timeout.ms = 5000
	retries = 2147483647
	retry.backoff.max.ms = 1000
	retry.backoff.ms = 100
	sasl.client.callback.handler.class = null
	sasl.jaas.config = null
	sasl.kerberos.kinit.cmd = /usr/bin/kinit
	sasl.kerberos.min.time.before.relogin = 60000
	sasl.kerberos.service.name = null
	sasl.kerberos.ticket.renew.jitter = 0.05
	sasl.kerberos.ticket.renew.window.factor = 0.8
	sasl.login.callback.handler.class = null
	sasl.login.class = null
	sasl.login.connect.timeout.ms = null
	sasl.login.read.timeout.ms = null
	sasl.login.refresh.buffer.seconds = 300
	sasl.login.refresh.min.period.seconds = 60
	sasl.login.refresh.window.factor = 0.8
	sasl.login.refresh.window.jitter = 0.05
	sasl.login.retry.backoff.max.ms = 10000
	sasl.login.retry.backoff.ms = 100
	sasl.mechanism = GSSAPI
	sasl.oauthbearer.clock.skew.seconds = 30
	sasl.oauthbearer.expected.audience = null
	sasl.oauthbearer.expected.issuer = null
	sasl.oauthbearer.header.urlencode = false
	sasl.oauthbearer.jwks.endpoint.refresh.ms = 3600000
	sasl.oauthbearer.jwks.endpoint.retry.backoff.max.ms = 10000
	sasl.oauthbearer.jwks.endpoint.retry.backoff.ms = 100
	sasl.oauthbearer.jwks.endpoint.url = null
	sasl.oauthbearer.scope.claim.name = scope
	sasl.oauthbearer.sub.claim.name = sub
	sasl.oauthbearer.token.endpoint.url = null
	security.protocol = PLAINTEXT
	security.providers = null
	send.buffer.bytes = 131072
	socket.connection.setup.timeout.max.ms = 30000
	socket.connection.setup.timeout.ms = 10000
	ssl.cipher.suites = null
	ssl.enabled.protocols = [TLSv1.2, TLSv1.3]
	ssl.endpoint.identification.algorithm = https
	ssl.engine.factory.class = null
	ssl.key.password = null
	ssl.keymanager.algorithm = SunX509
	ssl.keystore.certificate.chain = null
	ssl.keystore.key = null
	ssl.keystore.location = null
	ssl.keystore.password = null
	ssl.keystore.type = JKS
	ssl.protocol = TLSv1.3
	ssl.provider = null
	ssl.secure.random.implementation = null
	ssl.trustmanager.algorithm = PKIX
	ssl.truststore.certificates = null
	ssl.truststore.location = null
	ssl.truststore.password = null
	ssl.truststore.type = JKS
	transaction.timeout.ms = 60000
	transactional.id = null
	value.serializer = class io.apicurio.registry.serde.avro.AvroKafkaSerializer

2025-08-07 12:29:06,471 INFO  [org.apa.kaf.com.tel.int.KafkaMetricsCollector] (main) initializing Kafka metrics collector
2025-08-07 12:29:06,476 INFO  [org.apa.kaf.cli.Metadata] (kafka-producer-network-thread | Producer-topic-c9be4be9_aeb3_47ce_a5c4_00d12365469c) [Producer clientId=Producer-topic-c9be4be9_aeb3_47ce_a5c4_00d12365469c] Cluster ID: w_73WABzQ2iBfYWfnNB4Cg
2025-08-07 12:29:06,478 INFO  [org.apa.kaf.cli.pro.int.TransactionManager] (kafka-producer-network-thread | Producer-topic-c9be4be9_aeb3_47ce_a5c4_00d12365469c) [Producer clientId=Producer-topic-c9be4be9_aeb3_47ce_a5c4_00d12365469c] ProducerId set to 51 with epoch 0
2025-08-07 12:29:06,478 INFO  [org.apa.kaf.cli.pro.KafkaProducer] (main) [Producer clientId=Producer-topic-91d33445_27a6_4f41_aa92_478a136b46df] Instantiated an idempotent producer.
2025-08-07 12:29:06,480 INFO  [org.apa.kaf.cli.pro.ProducerConfig] (main) These configurations '[apicurio.registry.url, apicurio.registry.artifact-resolver-strategy]' were supplied but are not used yet.
2025-08-07 12:29:06,480 INFO  [org.apa.kaf.com.uti.AppInfoParser] (main) Kafka version: 3.9.1
2025-08-07 12:29:06,480 INFO  [org.apa.kaf.com.uti.AppInfoParser] (main) Kafka commitId: f745dfdcee2b9851
2025-08-07 12:29:06,480 INFO  [org.apa.kaf.com.uti.AppInfoParser] (main) Kafka startTimeMs: 1754569746480
**** Registry Base URL: http://registry-app-mysql.apps.ci419.apicurio-testing.org:80
2025-08-07 12:29:06,480 INFO  [org.apa.kaf.cli.pro.ProducerConfig] (main) ProducerConfig values: 
	acks = -1
	auto.include.jmx.reporter = true
	batch.size = 16384
	bootstrap.servers = [PLAINTEXT://localhost:32769]
	buffer.memory = 33554432
	client.dns.lookup = use_all_dns_ips
	client.id = Producer-topic-769836b2_9de0_4f75_8212_21e45c452047
	compression.gzip.level = -1
	compression.lz4.level = 9
	compression.type = none
	compression.zstd.level = 3
	connections.max.idle.ms = 10000
	delivery.timeout.ms = 120000
	enable.idempotence = true
	enable.metrics.push = true
	interceptor.classes = []
	key.serializer = class org.apache.kafka.common.serialization.StringSerializer
	linger.ms = 0
	max.block.ms = 60000
	max.in.flight.requests.per.connection = 5
	max.request.size = 1048576
	metadata.max.age.ms = 300000
	metadata.max.idle.ms = 300000
	metadata.recovery.strategy = none
	metric.reporters = []
	metrics.num.samples = 2
	metrics.recording.level = INFO
	metrics.sample.window.ms = 30000
	partitioner.adaptive.partitioning.enable = true
	partitioner.availability.timeout.ms = 0
	partitioner.class = null
	partitioner.ignore.keys = false
	receive.buffer.bytes = 32768
	reconnect.backoff.max.ms = 1000
	reconnect.backoff.ms = 50
	request.timeout.ms = 5000
	retries = 2147483647
	retry.backoff.max.ms = 1000
	retry.backoff.ms = 100
	sasl.client.callback.handler.class = null
	sasl.jaas.config = null
	sasl.kerberos.kinit.cmd = /usr/bin/kinit
	sasl.kerberos.min.time.before.relogin = 60000
	sasl.kerberos.service.name = null
	sasl.kerberos.ticket.renew.jitter = 0.05
	sasl.kerberos.ticket.renew.window.factor = 0.8
	sasl.login.callback.handler.class = null
	sasl.login.class = null
	sasl.login.connect.timeout.ms = null
	sasl.login.read.timeout.ms = null
	sasl.login.refresh.buffer.seconds = 300
	sasl.login.refresh.min.period.seconds = 60
	sasl.login.refresh.window.factor = 0.8
	sasl.login.refresh.window.jitter = 0.05
	sasl.login.retry.backoff.max.ms = 10000
	sasl.login.retry.backoff.ms = 100
	sasl.mechanism = GSSAPI
	sasl.oauthbearer.clock.skew.seconds = 30
	sasl.oauthbearer.expected.audience = null
	sasl.oauthbearer.expected.issuer = null
	sasl.oauthbearer.header.urlencode = false
	sasl.oauthbearer.jwks.endpoint.refresh.ms = 3600000
	sasl.oauthbearer.jwks.endpoint.retry.backoff.max.ms = 10000
	sasl.oauthbearer.jwks.endpoint.retry.backoff.ms = 100
	sasl.oauthbearer.jwks.endpoint.url = null
	sasl.oauthbearer.scope.claim.name = scope
	sasl.oauthbearer.sub.claim.name = sub
	sasl.oauthbearer.token.endpoint.url = null
	security.protocol = PLAINTEXT
	security.providers = null
	send.buffer.bytes = 131072
	socket.connection.setup.timeout.max.ms = 30000
	socket.connection.setup.timeout.ms = 10000
	ssl.cipher.suites = null
	ssl.enabled.protocols = [TLSv1.2, TLSv1.3]
	ssl.endpoint.identification.algorithm = https
	ssl.engine.factory.class = null
	ssl.key.password = null
	ssl.keymanager.algorithm = SunX509
	ssl.keystore.certificate.chain = null
	ssl.keystore.key = null
	ssl.keystore.location = null
	ssl.keystore.password = null
	ssl.keystore.type = JKS
	ssl.protocol = TLSv1.3
	ssl.provider = null
	ssl.secure.random.implementation = null
	ssl.trustmanager.algorithm = PKIX
	ssl.truststore.certificates = null
	ssl.truststore.location = null
	ssl.truststore.password = null
	ssl.truststore.type = JKS
	transaction.timeout.ms = 60000
	transactional.id = null
	value.serializer = class io.apicurio.registry.serde.avro.AvroKafkaSerializer

2025-08-07 12:29:06,481 INFO  [org.apa.kaf.com.tel.int.KafkaMetricsCollector] (main) initializing Kafka metrics collector
2025-08-07 12:29:06,484 INFO  [org.apa.kaf.cli.Metadata] (kafka-producer-network-thread | Producer-topic-91d33445_27a6_4f41_aa92_478a136b46df) [Producer clientId=Producer-topic-91d33445_27a6_4f41_aa92_478a136b46df] Cluster ID: w_73WABzQ2iBfYWfnNB4Cg
2025-08-07 12:29:06,485 INFO  [org.apa.kaf.cli.pro.int.TransactionManager] (kafka-producer-network-thread | Producer-topic-91d33445_27a6_4f41_aa92_478a136b46df) [Producer clientId=Producer-topic-91d33445_27a6_4f41_aa92_478a136b46df] ProducerId set to 52 with epoch 0
2025-08-07 12:29:06,485 INFO  [org.apa.kaf.cli.pro.KafkaProducer] (main) [Producer clientId=Producer-topic-769836b2_9de0_4f75_8212_21e45c452047] Instantiated an idempotent producer.
2025-08-07 12:29:06,486 INFO  [org.apa.kaf.cli.pro.ProducerConfig] (main) These configurations '[apicurio.registry.url, apicurio.registry.artifact-resolver-strategy]' were supplied but are not used yet.
2025-08-07 12:29:06,486 INFO  [org.apa.kaf.com.uti.AppInfoParser] (main) Kafka version: 3.9.1
2025-08-07 12:29:06,486 INFO  [org.apa.kaf.com.uti.AppInfoParser] (main) Kafka commitId: f745dfdcee2b9851
2025-08-07 12:29:06,486 INFO  [org.apa.kaf.com.uti.AppInfoParser] (main) Kafka startTimeMs: 1754569746486
**** Registry Base URL: http://registry-app-mysql.apps.ci419.apicurio-testing.org:80
2025-08-07 12:29:06,487 INFO  [org.apa.kaf.cli.con.ConsumerConfig] (main) ConsumerConfig values: 
	allow.auto.create.topics = true
	auto.commit.interval.ms = 500
	auto.include.jmx.reporter = true
	auto.offset.reset = earliest
	bootstrap.servers = [PLAINTEXT://localhost:32769]
	check.crcs = true
	client.dns.lookup = use_all_dns_ips
	client.id = consumer-Consumer-topic-c9be4be9_aeb3_47ce_a5c4_00d12365469c-38
	client.rack = 
	connections.max.idle.ms = 10000
	default.api.timeout.ms = 60000
	enable.auto.commit = true
	enable.metrics.push = true
	exclude.internal.topics = true
	fetch.max.bytes = 52428800
	fetch.max.wait.ms = 500
	fetch.min.bytes = 1
	group.id = Consumer-topic-c9be4be9_aeb3_47ce_a5c4_00d12365469c
	group.instance.id = null
	group.protocol = classic
	group.remote.assignor = null
	heartbeat.interval.ms = 3000
	interceptor.classes = []
	internal.leave.group.on.close = true
	internal.throw.on.fetch.stable.offset.unsupported = false
	isolation.level = read_uncommitted
	key.deserializer = class org.apache.kafka.common.serialization.StringDeserializer
	max.partition.fetch.bytes = 1048576
	max.poll.interval.ms = 300000
	max.poll.records = 500
	metadata.max.age.ms = 300000
	metadata.recovery.strategy = none
	metric.reporters = []
	metrics.num.samples = 2
	metrics.recording.level = INFO
	metrics.sample.window.ms = 30000
	partition.assignment.strategy = [class org.apache.kafka.clients.consumer.RangeAssignor, class org.apache.kafka.clients.consumer.CooperativeStickyAssignor]
	receive.buffer.bytes = 65536
	reconnect.backoff.max.ms = 1000
	reconnect.backoff.ms = 50
	request.timeout.ms = 5000
	retry.backoff.max.ms = 1000
	retry.backoff.ms = 100
	sasl.client.callback.handler.class = null
	sasl.jaas.config = null
	sasl.kerberos.kinit.cmd = /usr/bin/kinit
	sasl.kerberos.min.time.before.relogin = 60000
	sasl.kerberos.service.name = null
	sasl.kerberos.ticket.renew.jitter = 0.05
	sasl.kerberos.ticket.renew.window.factor = 0.8
	sasl.login.callback.handler.class = null
	sasl.login.class = null
	sasl.login.connect.timeout.ms = null
	sasl.login.read.timeout.ms = null
	sasl.login.refresh.buffer.seconds = 300
	sasl.login.refresh.min.period.seconds = 60
	sasl.login.refresh.window.factor = 0.8
	sasl.login.refresh.window.jitter = 0.05
	sasl.login.retry.backoff.max.ms = 10000
	sasl.login.retry.backoff.ms = 100
	sasl.mechanism = GSSAPI
	sasl.oauthbearer.clock.skew.seconds = 30
	sasl.oauthbearer.expected.audience = null
	sasl.oauthbearer.expected.issuer = null
	sasl.oauthbearer.header.urlencode = false
	sasl.oauthbearer.jwks.endpoint.refresh.ms = 3600000
	sasl.oauthbearer.jwks.endpoint.retry.backoff.max.ms = 10000
	sasl.oauthbearer.jwks.endpoint.retry.backoff.ms = 100
	sasl.oauthbearer.jwks.endpoint.url = null
	sasl.oauthbearer.scope.claim.name = scope
	sasl.oauthbearer.sub.claim.name = sub
	sasl.oauthbearer.token.endpoint.url = null
	security.protocol = PLAINTEXT
	security.providers = null
	send.buffer.bytes = 131072
	session.timeout.ms = 45000
	socket.connection.setup.timeout.max.ms = 30000
	socket.connection.setup.timeout.ms = 10000
	ssl.cipher.suites = null
	ssl.enabled.protocols = [TLSv1.2, TLSv1.3]
	ssl.endpoint.identification.algorithm = https
	ssl.engine.factory.class = null
	ssl.key.password = null
	ssl.keymanager.algorithm = SunX509
	ssl.keystore.certificate.chain = null
	ssl.keystore.key = null
	ssl.keystore.location = null
	ssl.keystore.password = null
	ssl.keystore.type = JKS
	ssl.protocol = TLSv1.3
	ssl.provider = null
	ssl.secure.random.implementation = null
	ssl.trustmanager.algorithm = PKIX
	ssl.truststore.certificates = null
	ssl.truststore.location = null
	ssl.truststore.password = null
	ssl.truststore.type = JKS
	value.deserializer = class io.apicurio.registry.serde.avro.AvroKafkaDeserializer

2025-08-07 12:29:06,487 INFO  [org.apa.kaf.com.tel.int.KafkaMetricsCollector] (main) initializing Kafka metrics collector
2025-08-07 12:29:06,489 INFO  [org.apa.kaf.cli.Metadata] (kafka-producer-network-thread | Producer-topic-769836b2_9de0_4f75_8212_21e45c452047) [Producer clientId=Producer-topic-769836b2_9de0_4f75_8212_21e45c452047] Cluster ID: w_73WABzQ2iBfYWfnNB4Cg
2025-08-07 12:29:06,490 INFO  [org.apa.kaf.cli.pro.int.TransactionManager] (kafka-producer-network-thread | Producer-topic-769836b2_9de0_4f75_8212_21e45c452047) [Producer clientId=Producer-topic-769836b2_9de0_4f75_8212_21e45c452047] ProducerId set to 53 with epoch 0
2025-08-07 12:29:06,493 INFO  [org.apa.kaf.cli.con.ConsumerConfig] (main) These configurations '[apicurio.registry.url]' were supplied but are not used yet.
2025-08-07 12:29:06,493 INFO  [org.apa.kaf.com.uti.AppInfoParser] (main) Kafka version: 3.9.1
2025-08-07 12:29:06,493 INFO  [org.apa.kaf.com.uti.AppInfoParser] (main) Kafka commitId: f745dfdcee2b9851
2025-08-07 12:29:06,493 INFO  [org.apa.kaf.com.uti.AppInfoParser] (main) Kafka startTimeMs: 1754569746493
**** Registry Base URL: http://registry-app-mysql.apps.ci419.apicurio-testing.org:80
2025-08-07 12:29:06,494 INFO  [org.apa.kaf.cli.con.ConsumerConfig] (main) ConsumerConfig values: 
	allow.auto.create.topics = true
	auto.commit.interval.ms = 500
	auto.include.jmx.reporter = true
	auto.offset.reset = earliest
	bootstrap.servers = [PLAINTEXT://localhost:32769]
	check.crcs = true
	client.dns.lookup = use_all_dns_ips
	client.id = consumer-Consumer-topic-91d33445_27a6_4f41_aa92_478a136b46df-39
	client.rack = 
	connections.max.idle.ms = 10000
	default.api.timeout.ms = 60000
	enable.auto.commit = true
	enable.metrics.push = true
	exclude.internal.topics = true
	fetch.max.bytes = 52428800
	fetch.max.wait.ms = 500
	fetch.min.bytes = 1
	group.id = Consumer-topic-91d33445_27a6_4f41_aa92_478a136b46df
	group.instance.id = null
	group.protocol = classic
	group.remote.assignor = null
	heartbeat.interval.ms = 3000
	interceptor.classes = []
	internal.leave.group.on.close = true
	internal.throw.on.fetch.stable.offset.unsupported = false
	isolation.level = read_uncommitted
	key.deserializer = class org.apache.kafka.common.serialization.StringDeserializer
	max.partition.fetch.bytes = 1048576
	max.poll.interval.ms = 300000
	max.poll.records = 500
	metadata.max.age.ms = 300000
	metadata.recovery.strategy = none
	metric.reporters = []
	metrics.num.samples = 2
	metrics.recording.level = INFO
	metrics.sample.window.ms = 30000
	partition.assignment.strategy = [class org.apache.kafka.clients.consumer.RangeAssignor, class org.apache.kafka.clients.consumer.CooperativeStickyAssignor]
	receive.buffer.bytes = 65536
	reconnect.backoff.max.ms = 1000
	reconnect.backoff.ms = 50
	request.timeout.ms = 5000
	retry.backoff.max.ms = 1000
	retry.backoff.ms = 100
	sasl.client.callback.handler.class = null
	sasl.jaas.config = null
	sasl.kerberos.kinit.cmd = /usr/bin/kinit
	sasl.kerberos.min.time.before.relogin = 60000
	sasl.kerberos.service.name = null
	sasl.kerberos.ticket.renew.jitter = 0.05
	sasl.kerberos.ticket.renew.window.factor = 0.8
	sasl.login.callback.handler.class = null
	sasl.login.class = null
	sasl.login.connect.timeout.ms = null
	sasl.login.read.timeout.ms = null
	sasl.login.refresh.buffer.seconds = 300
	sasl.login.refresh.min.period.seconds = 60
	sasl.login.refresh.window.factor = 0.8
	sasl.login.refresh.window.jitter = 0.05
	sasl.login.retry.backoff.max.ms = 10000
	sasl.login.retry.backoff.ms = 100
	sasl.mechanism = GSSAPI
	sasl.oauthbearer.clock.skew.seconds = 30
	sasl.oauthbearer.expected.audience = null
	sasl.oauthbearer.expected.issuer = null
	sasl.oauthbearer.header.urlencode = false
	sasl.oauthbearer.jwks.endpoint.refresh.ms = 3600000
	sasl.oauthbearer.jwks.endpoint.retry.backoff.max.ms = 10000
	sasl.oauthbearer.jwks.endpoint.retry.backoff.ms = 100
	sasl.oauthbearer.jwks.endpoint.url = null
	sasl.oauthbearer.scope.claim.name = scope
	sasl.oauthbearer.sub.claim.name = sub
	sasl.oauthbearer.token.endpoint.url = null
	security.protocol = PLAINTEXT
	security.providers = null
	send.buffer.bytes = 131072
	session.timeout.ms = 45000
	socket.connection.setup.timeout.max.ms = 30000
	socket.connection.setup.timeout.ms = 10000
	ssl.cipher.suites = null
	ssl.enabled.protocols = [TLSv1.2, TLSv1.3]
	ssl.endpoint.identification.algorithm = https
	ssl.engine.factory.class = null
	ssl.key.password = null
	ssl.keymanager.algorithm = SunX509
	ssl.keystore.certificate.chain = null
	ssl.keystore.key = null
	ssl.keystore.location = null
	ssl.keystore.password = null
	ssl.keystore.type = JKS
	ssl.protocol = TLSv1.3
	ssl.provider = null
	ssl.secure.random.implementation = null
	ssl.trustmanager.algorithm = PKIX
	ssl.truststore.certificates = null
	ssl.truststore.location = null
	ssl.truststore.password = null
	ssl.truststore.type = JKS
	value.deserializer = class io.apicurio.registry.serde.avro.AvroKafkaDeserializer

2025-08-07 12:29:06,495 INFO  [org.apa.kaf.com.tel.int.KafkaMetricsCollector] (main) initializing Kafka metrics collector
2025-08-07 12:29:06,498 INFO  [org.apa.kaf.cli.con.ConsumerConfig] (main) These configurations '[apicurio.registry.url]' were supplied but are not used yet.
2025-08-07 12:29:06,498 INFO  [org.apa.kaf.com.uti.AppInfoParser] (main) Kafka version: 3.9.1
2025-08-07 12:29:06,498 INFO  [org.apa.kaf.com.uti.AppInfoParser] (main) Kafka commitId: f745dfdcee2b9851
2025-08-07 12:29:06,498 INFO  [org.apa.kaf.com.uti.AppInfoParser] (main) Kafka startTimeMs: 1754569746498
**** Registry Base URL: http://registry-app-mysql.apps.ci419.apicurio-testing.org:80
2025-08-07 12:29:06,498 INFO  [org.apa.kaf.cli.con.ConsumerConfig] (main) ConsumerConfig values: 
	allow.auto.create.topics = true
	auto.commit.interval.ms = 500
	auto.include.jmx.reporter = true
	auto.offset.reset = earliest
	bootstrap.servers = [PLAINTEXT://localhost:32769]
	check.crcs = true
	client.dns.lookup = use_all_dns_ips
	client.id = consumer-Consumer-topic-769836b2_9de0_4f75_8212_21e45c452047-40
	client.rack = 
	connections.max.idle.ms = 10000
	default.api.timeout.ms = 60000
	enable.auto.commit = true
	enable.metrics.push = true
	exclude.internal.topics = true
	fetch.max.bytes = 52428800
	fetch.max.wait.ms = 500
	fetch.min.bytes = 1
	group.id = Consumer-topic-769836b2_9de0_4f75_8212_21e45c452047
	group.instance.id = null
	group.protocol = classic
	group.remote.assignor = null
	heartbeat.interval.ms = 3000
	interceptor.classes = []
	internal.leave.group.on.close = true
	internal.throw.on.fetch.stable.offset.unsupported = false
	isolation.level = read_uncommitted
	key.deserializer = class org.apache.kafka.common.serialization.StringDeserializer
	max.partition.fetch.bytes = 1048576
	max.poll.interval.ms = 300000
	max.poll.records = 500
	metadata.max.age.ms = 300000
	metadata.recovery.strategy = none
	metric.reporters = []
	metrics.num.samples = 2
	metrics.recording.level = INFO
	metrics.sample.window.ms = 30000
	partition.assignment.strategy = [class org.apache.kafka.clients.consumer.RangeAssignor, class org.apache.kafka.clients.consumer.CooperativeStickyAssignor]
	receive.buffer.bytes = 65536
	reconnect.backoff.max.ms = 1000
	reconnect.backoff.ms = 50
	request.timeout.ms = 5000
	retry.backoff.max.ms = 1000
	retry.backoff.ms = 100
	sasl.client.callback.handler.class = null
	sasl.jaas.config = null
	sasl.kerberos.kinit.cmd = /usr/bin/kinit
	sasl.kerberos.min.time.before.relogin = 60000
	sasl.kerberos.service.name = null
	sasl.kerberos.ticket.renew.jitter = 0.05
	sasl.kerberos.ticket.renew.window.factor = 0.8
	sasl.login.callback.handler.class = null
	sasl.login.class = null
	sasl.login.connect.timeout.ms = null
	sasl.login.read.timeout.ms = null
	sasl.login.refresh.buffer.seconds = 300
	sasl.login.refresh.min.period.seconds = 60
	sasl.login.refresh.window.factor = 0.8
	sasl.login.refresh.window.jitter = 0.05
	sasl.login.retry.backoff.max.ms = 10000
	sasl.login.retry.backoff.ms = 100
	sasl.mechanism = GSSAPI
	sasl.oauthbearer.clock.skew.seconds = 30
	sasl.oauthbearer.expected.audience = null
	sasl.oauthbearer.expected.issuer = null
	sasl.oauthbearer.header.urlencode = false
	sasl.oauthbearer.jwks.endpoint.refresh.ms = 3600000
	sasl.oauthbearer.jwks.endpoint.retry.backoff.max.ms = 10000
	sasl.oauthbearer.jwks.endpoint.retry.backoff.ms = 100
	sasl.oauthbearer.jwks.endpoint.url = null
	sasl.oauthbearer.scope.claim.name = scope
	sasl.oauthbearer.sub.claim.name = sub
	sasl.oauthbearer.token.endpoint.url = null
	security.protocol = PLAINTEXT
	security.providers = null
	send.buffer.bytes = 131072
	session.timeout.ms = 45000
	socket.connection.setup.timeout.max.ms = 30000
	socket.connection.setup.timeout.ms = 10000
	ssl.cipher.suites = null
	ssl.enabled.protocols = [TLSv1.2, TLSv1.3]
	ssl.endpoint.identification.algorithm = https
	ssl.engine.factory.class = null
	ssl.key.password = null
	ssl.keymanager.algorithm = SunX509
	ssl.keystore.certificate.chain = null
	ssl.keystore.key = null
	ssl.keystore.location = null
	ssl.keystore.password = null
	ssl.keystore.type = JKS
	ssl.protocol = TLSv1.3
	ssl.provider = null
	ssl.secure.random.implementation = null
	ssl.trustmanager.algorithm = PKIX
	ssl.truststore.certificates = null
	ssl.truststore.location = null
	ssl.truststore.password = null
	ssl.truststore.type = JKS
	value.deserializer = class io.apicurio.registry.serde.avro.AvroKafkaDeserializer

2025-08-07 12:29:06,499 INFO  [org.apa.kaf.com.tel.int.KafkaMetricsCollector] (main) initializing Kafka metrics collector
2025-08-07 12:29:06,502 INFO  [org.apa.kaf.cli.con.ConsumerConfig] (main) These configurations '[apicurio.registry.url]' were supplied but are not used yet.
2025-08-07 12:29:06,502 INFO  [org.apa.kaf.com.uti.AppInfoParser] (main) Kafka version: 3.9.1
2025-08-07 12:29:06,502 INFO  [org.apa.kaf.com.uti.AppInfoParser] (main) Kafka commitId: f745dfdcee2b9851
2025-08-07 12:29:06,503 INFO  [org.apa.kaf.com.uti.AppInfoParser] (main) Kafka startTimeMs: 1754569746502
2025-08-07 12:29:06,503 INFO  [io.api.tes.ser.api.KafkaSerdesTester] (Thread-893) Sending message {"key1": "value-0"} to topic topic-c9be4be9_aeb3_47ce_a5c4_00d12365469c
2025-08-07 12:29:06,506 INFO  [DefaultSchemaResolver] (Thread-893) Retrieving schema content using string: {"type":"record","name":"myrecordconfluent6","fields":[{"name":"key1","type":"string"}]}
2025-08-07 12:29:06,690 INFO  [io.api.tes.ser.api.KafkaSerdesTester] (Thread-893) Sending message {"key1": "value-1"} to topic topic-c9be4be9_aeb3_47ce_a5c4_00d12365469c
2025-08-07 12:29:06,691 INFO  [io.api.tes.ser.api.KafkaSerdesTester] (Thread-893) Sending message {"key1": "value-2"} to topic topic-c9be4be9_aeb3_47ce_a5c4_00d12365469c
2025-08-07 12:29:06,692 INFO  [io.api.tes.ser.api.KafkaSerdesTester] (Thread-893) Sending message {"key1": "value-3"} to topic topic-c9be4be9_aeb3_47ce_a5c4_00d12365469c
2025-08-07 12:29:06,693 INFO  [io.api.tes.ser.api.KafkaSerdesTester] (Thread-893) Sending message {"key1": "value-4"} to topic topic-c9be4be9_aeb3_47ce_a5c4_00d12365469c
2025-08-07 12:29:06,694 INFO  [io.api.tes.ser.api.KafkaSerdesTester] (Thread-893) Sending message {"key1": "value-5"} to topic topic-c9be4be9_aeb3_47ce_a5c4_00d12365469c
2025-08-07 12:29:06,695 INFO  [io.api.tes.ser.api.KafkaSerdesTester] (Thread-893) Sending message {"key1": "value-6"} to topic topic-c9be4be9_aeb3_47ce_a5c4_00d12365469c
2025-08-07 12:29:06,696 INFO  [io.api.tes.ser.api.KafkaSerdesTester] (Thread-893) Sending message {"key1": "value-7"} to topic topic-c9be4be9_aeb3_47ce_a5c4_00d12365469c
2025-08-07 12:29:06,697 INFO  [io.api.tes.ser.api.KafkaSerdesTester] (Thread-893) Sending message {"key1": "value-8"} to topic topic-c9be4be9_aeb3_47ce_a5c4_00d12365469c
2025-08-07 12:29:06,698 INFO  [io.api.tes.ser.api.KafkaSerdesTester] (Thread-893) Sending message {"key1": "value-9"} to topic topic-c9be4be9_aeb3_47ce_a5c4_00d12365469c
2025-08-07 12:29:06,700 INFO  [io.api.tes.ser.api.KafkaSerdesTester] (Thread-893) Produced 10 messages
2025-08-07 12:29:06,700 INFO  [org.apa.kaf.cli.pro.KafkaProducer] (Thread-893) [Producer clientId=Producer-topic-c9be4be9_aeb3_47ce_a5c4_00d12365469c] Closing the Kafka producer with timeoutMillis = 9223372036854775807 ms.
2025-08-07 12:29:06,702 INFO  [org.apa.kaf.com.met.Metrics] (Thread-893) Metrics scheduler closed
2025-08-07 12:29:06,703 INFO  [org.apa.kaf.com.met.Metrics] (Thread-893) Closing reporter org.apache.kafka.common.metrics.JmxReporter
2025-08-07 12:29:06,703 INFO  [org.apa.kaf.com.met.Metrics] (Thread-893) Closing reporter org.apache.kafka.common.telemetry.internals.ClientTelemetryReporter
2025-08-07 12:29:06,703 INFO  [org.apa.kaf.com.met.Metrics] (Thread-893) Metrics reporters closed
2025-08-07 12:29:06,703 INFO  [org.apa.kaf.com.uti.AppInfoParser] (Thread-893) App info kafka.producer for Producer-topic-c9be4be9_aeb3_47ce_a5c4_00d12365469c unregistered
2025-08-07 12:29:06,704 INFO  [io.api.tes.ser.api.KafkaSerdesTester] (Thread-894) Sending message {"key1": "value-0"} to topic topic-91d33445_27a6_4f41_aa92_478a136b46df
2025-08-07 12:29:06,708 INFO  [DefaultSchemaResolver] (Thread-894) Retrieving schema content using string: {"type":"record","name":"myrecordconfluent6","fields":[{"name":"key1","type":"string"}]}
2025-08-07 12:29:06,912 INFO  [io.api.tes.ser.api.KafkaSerdesTester] (Thread-894) Sending message {"key1": "value-1"} to topic topic-91d33445_27a6_4f41_aa92_478a136b46df
2025-08-07 12:29:06,913 INFO  [io.api.tes.ser.api.KafkaSerdesTester] (Thread-894) Sending message {"key1": "value-2"} to topic topic-91d33445_27a6_4f41_aa92_478a136b46df
2025-08-07 12:29:06,914 INFO  [io.api.tes.ser.api.KafkaSerdesTester] (Thread-894) Sending message {"key1": "value-3"} to topic topic-91d33445_27a6_4f41_aa92_478a136b46df
2025-08-07 12:29:06,917 INFO  [io.api.tes.ser.api.KafkaSerdesTester] (Thread-894) Sending message {"key1": "value-4"} to topic topic-91d33445_27a6_4f41_aa92_478a136b46df
2025-08-07 12:29:06,918 INFO  [io.api.tes.ser.api.KafkaSerdesTester] (Thread-894) Sending message {"key1": "value-5"} to topic topic-91d33445_27a6_4f41_aa92_478a136b46df
2025-08-07 12:29:06,919 INFO  [io.api.tes.ser.api.KafkaSerdesTester] (Thread-894) Sending message {"key1": "value-6"} to topic topic-91d33445_27a6_4f41_aa92_478a136b46df
2025-08-07 12:29:06,920 INFO  [io.api.tes.ser.api.KafkaSerdesTester] (Thread-894) Sending message {"key1": "value-7"} to topic topic-91d33445_27a6_4f41_aa92_478a136b46df
2025-08-07 12:29:06,922 INFO  [io.api.tes.ser.api.KafkaSerdesTester] (Thread-894) Sending message {"key1": "value-8"} to topic topic-91d33445_27a6_4f41_aa92_478a136b46df
2025-08-07 12:29:06,924 INFO  [io.api.tes.ser.api.KafkaSerdesTester] (Thread-894) Sending message {"key1": "value-9"} to topic topic-91d33445_27a6_4f41_aa92_478a136b46df
2025-08-07 12:29:06,926 INFO  [io.api.tes.ser.api.KafkaSerdesTester] (Thread-894) Produced 10 messages
2025-08-07 12:29:06,926 INFO  [org.apa.kaf.cli.pro.KafkaProducer] (Thread-894) [Producer clientId=Producer-topic-91d33445_27a6_4f41_aa92_478a136b46df] Closing the Kafka producer with timeoutMillis = 9223372036854775807 ms.
2025-08-07 12:29:06,928 INFO  [org.apa.kaf.com.met.Metrics] (Thread-894) Metrics scheduler closed
2025-08-07 12:29:06,928 INFO  [org.apa.kaf.com.met.Metrics] (Thread-894) Closing reporter org.apache.kafka.common.metrics.JmxReporter
2025-08-07 12:29:06,928 INFO  [org.apa.kaf.com.met.Metrics] (Thread-894) Closing reporter org.apache.kafka.common.telemetry.internals.ClientTelemetryReporter
2025-08-07 12:29:06,928 INFO  [org.apa.kaf.com.met.Metrics] (Thread-894) Metrics reporters closed
2025-08-07 12:29:06,929 INFO  [org.apa.kaf.com.uti.AppInfoParser] (Thread-894) App info kafka.producer for Producer-topic-91d33445_27a6_4f41_aa92_478a136b46df unregistered
2025-08-07 12:29:06,929 INFO  [io.api.tes.ser.api.KafkaSerdesTester] (Thread-895) Sending message {"key1": "value-0"} to topic topic-769836b2_9de0_4f75_8212_21e45c452047
2025-08-07 12:29:06,931 INFO  [DefaultSchemaResolver] (Thread-895) Retrieving schema content using string: {"type":"record","name":"myrecordconfluent6","fields":[{"name":"key1","type":"string"}]}
2025-08-07 12:29:07,120 INFO  [io.api.tes.ser.api.KafkaSerdesTester] (Thread-895) Sending message {"key1": "value-1"} to topic topic-769836b2_9de0_4f75_8212_21e45c452047
2025-08-07 12:29:07,121 INFO  [io.api.tes.ser.api.KafkaSerdesTester] (Thread-895) Sending message {"key1": "value-2"} to topic topic-769836b2_9de0_4f75_8212_21e45c452047
2025-08-07 12:29:07,122 INFO  [io.api.tes.ser.api.KafkaSerdesTester] (Thread-895) Sending message {"key1": "value-3"} to topic topic-769836b2_9de0_4f75_8212_21e45c452047
2025-08-07 12:29:07,124 INFO  [io.api.tes.ser.api.KafkaSerdesTester] (Thread-895) Sending message {"key1": "value-4"} to topic topic-769836b2_9de0_4f75_8212_21e45c452047
2025-08-07 12:29:07,125 INFO  [io.api.tes.ser.api.KafkaSerdesTester] (Thread-895) Sending message {"key1": "value-5"} to topic topic-769836b2_9de0_4f75_8212_21e45c452047
2025-08-07 12:29:07,126 INFO  [io.api.tes.ser.api.KafkaSerdesTester] (Thread-895) Sending message {"key1": "value-6"} to topic topic-769836b2_9de0_4f75_8212_21e45c452047
2025-08-07 12:29:07,127 INFO  [io.api.tes.ser.api.KafkaSerdesTester] (Thread-895) Sending message {"key1": "value-7"} to topic topic-769836b2_9de0_4f75_8212_21e45c452047
2025-08-07 12:29:07,128 INFO  [io.api.tes.ser.api.KafkaSerdesTester] (Thread-895) Sending message {"key1": "value-8"} to topic topic-769836b2_9de0_4f75_8212_21e45c452047
2025-08-07 12:29:07,130 INFO  [io.api.tes.ser.api.KafkaSerdesTester] (Thread-895) Sending message {"key1": "value-9"} to topic topic-769836b2_9de0_4f75_8212_21e45c452047
2025-08-07 12:29:07,130 INFO  [io.api.tes.ser.api.KafkaSerdesTester] (Thread-895) Produced 10 messages
2025-08-07 12:29:07,131 INFO  [org.apa.kaf.cli.pro.KafkaProducer] (Thread-895) [Producer clientId=Producer-topic-769836b2_9de0_4f75_8212_21e45c452047] Closing the Kafka producer with timeoutMillis = 9223372036854775807 ms.
2025-08-07 12:29:07,133 INFO  [org.apa.kaf.com.met.Metrics] (Thread-895) Metrics scheduler closed
2025-08-07 12:29:07,133 INFO  [org.apa.kaf.com.met.Metrics] (Thread-895) Closing reporter org.apache.kafka.common.metrics.JmxReporter
2025-08-07 12:29:07,133 INFO  [org.apa.kaf.com.met.Metrics] (Thread-895) Closing reporter org.apache.kafka.common.telemetry.internals.ClientTelemetryReporter
2025-08-07 12:29:07,133 INFO  [org.apa.kaf.com.met.Metrics] (Thread-895) Metrics reporters closed
2025-08-07 12:29:07,133 INFO  [org.apa.kaf.com.uti.AppInfoParser] (Thread-895) App info kafka.producer for Producer-topic-769836b2_9de0_4f75_8212_21e45c452047 unregistered
2025-08-07 12:29:07,135 INFO  [org.apa.kaf.cli.con.int.ClassicKafkaConsumer] (Thread-896) [Consumer clientId=consumer-Consumer-topic-c9be4be9_aeb3_47ce_a5c4_00d12365469c-38, groupId=Consumer-topic-c9be4be9_aeb3_47ce_a5c4_00d12365469c] Subscribed to topic(s): topic-c9be4be9_aeb3_47ce_a5c4_00d12365469c
2025-08-07 12:29:07,143 INFO  [org.apa.kaf.cli.Metadata] (Thread-896) [Consumer clientId=consumer-Consumer-topic-c9be4be9_aeb3_47ce_a5c4_00d12365469c-38, groupId=Consumer-topic-c9be4be9_aeb3_47ce_a5c4_00d12365469c] Cluster ID: w_73WABzQ2iBfYWfnNB4Cg
2025-08-07 12:29:07,143 INFO  [org.apa.kaf.cli.con.int.ConsumerCoordinator] (Thread-896) [Consumer clientId=consumer-Consumer-topic-c9be4be9_aeb3_47ce_a5c4_00d12365469c-38, groupId=Consumer-topic-c9be4be9_aeb3_47ce_a5c4_00d12365469c] Discovered group coordinator localhost:32769 (id: 2147483647 rack: null)
2025-08-07 12:29:07,144 INFO  [org.apa.kaf.cli.con.int.ConsumerCoordinator] (Thread-896) [Consumer clientId=consumer-Consumer-topic-c9be4be9_aeb3_47ce_a5c4_00d12365469c-38, groupId=Consumer-topic-c9be4be9_aeb3_47ce_a5c4_00d12365469c] (Re-)joining group
2025-08-07 12:29:07,145 INFO  [org.apa.kaf.cli.con.int.ConsumerCoordinator] (Thread-896) [Consumer clientId=consumer-Consumer-topic-c9be4be9_aeb3_47ce_a5c4_00d12365469c-38, groupId=Consumer-topic-c9be4be9_aeb3_47ce_a5c4_00d12365469c] Request joining group due to: need to re-join with the given member-id: consumer-Consumer-topic-c9be4be9_aeb3_47ce_a5c4_00d12365469c-38-caf4e279-fd0f-461f-83ee-4d66f3dd11ae
2025-08-07 12:29:07,145 INFO  [org.apa.kaf.cli.con.int.ConsumerCoordinator] (Thread-896) [Consumer clientId=consumer-Consumer-topic-c9be4be9_aeb3_47ce_a5c4_00d12365469c-38, groupId=Consumer-topic-c9be4be9_aeb3_47ce_a5c4_00d12365469c] (Re-)joining group
2025-08-07 12:29:08,135 INFO  [io.api.tes.ser.api.KafkaSerdesTester] (Thread-896) None found
2025-08-07 12:29:09,137 INFO  [io.api.tes.ser.api.KafkaSerdesTester] (Thread-896) None found
2025-08-07 12:29:10,137 INFO  [io.api.tes.ser.api.KafkaSerdesTester] (Thread-896) None found
2025-08-07 12:29:10,146 INFO  [org.apa.kaf.cli.con.int.ConsumerCoordinator] (Thread-896) [Consumer clientId=consumer-Consumer-topic-c9be4be9_aeb3_47ce_a5c4_00d12365469c-38, groupId=Consumer-topic-c9be4be9_aeb3_47ce_a5c4_00d12365469c] Successfully joined group with generation Generation{generationId=1, memberId='consumer-Consumer-topic-c9be4be9_aeb3_47ce_a5c4_00d12365469c-38-caf4e279-fd0f-461f-83ee-4d66f3dd11ae', protocol='range'}
2025-08-07 12:29:10,147 INFO  [org.apa.kaf.cli.con.int.ConsumerCoordinator] (Thread-896) [Consumer clientId=consumer-Consumer-topic-c9be4be9_aeb3_47ce_a5c4_00d12365469c-38, groupId=Consumer-topic-c9be4be9_aeb3_47ce_a5c4_00d12365469c] Finished assignment for group at generation 1: {consumer-Consumer-topic-c9be4be9_aeb3_47ce_a5c4_00d12365469c-38-caf4e279-fd0f-461f-83ee-4d66f3dd11ae=Assignment(partitions=[topic-c9be4be9_aeb3_47ce_a5c4_00d12365469c-0])}
2025-08-07 12:29:10,153 INFO  [org.apa.kaf.cli.con.int.ConsumerCoordinator] (Thread-896) [Consumer clientId=consumer-Consumer-topic-c9be4be9_aeb3_47ce_a5c4_00d12365469c-38, groupId=Consumer-topic-c9be4be9_aeb3_47ce_a5c4_00d12365469c] Successfully synced group in generation Generation{generationId=1, memberId='consumer-Consumer-topic-c9be4be9_aeb3_47ce_a5c4_00d12365469c-38-caf4e279-fd0f-461f-83ee-4d66f3dd11ae', protocol='range'}
2025-08-07 12:29:10,153 INFO  [org.apa.kaf.cli.con.int.ConsumerCoordinator] (Thread-896) [Consumer clientId=consumer-Consumer-topic-c9be4be9_aeb3_47ce_a5c4_00d12365469c-38, groupId=Consumer-topic-c9be4be9_aeb3_47ce_a5c4_00d12365469c] Notifying assignor about the new Assignment(partitions=[topic-c9be4be9_aeb3_47ce_a5c4_00d12365469c-0])
2025-08-07 12:29:10,153 INFO  [org.apa.kaf.cli.con.int.ConsumerRebalanceListenerInvoker] (Thread-896) [Consumer clientId=consumer-Consumer-topic-c9be4be9_aeb3_47ce_a5c4_00d12365469c-38, groupId=Consumer-topic-c9be4be9_aeb3_47ce_a5c4_00d12365469c] Adding newly assigned partitions: topic-c9be4be9_aeb3_47ce_a5c4_00d12365469c-0
2025-08-07 12:29:10,154 INFO  [org.apa.kaf.cli.con.int.ConsumerCoordinator] (Thread-896) [Consumer clientId=consumer-Consumer-topic-c9be4be9_aeb3_47ce_a5c4_00d12365469c-38, groupId=Consumer-topic-c9be4be9_aeb3_47ce_a5c4_00d12365469c] Found no committed offset for partition topic-c9be4be9_aeb3_47ce_a5c4_00d12365469c-0
2025-08-07 12:29:10,156 INFO  [org.apa.kaf.cli.con.int.SubscriptionState] (Thread-896) [Consumer clientId=consumer-Consumer-topic-c9be4be9_aeb3_47ce_a5c4_00d12365469c-38, groupId=Consumer-topic-c9be4be9_aeb3_47ce_a5c4_00d12365469c] Resetting offset for partition topic-c9be4be9_aeb3_47ce_a5c4_00d12365469c-0 to position FetchPosition{offset=0, offsetEpoch=Optional.empty, currentLeader=LeaderAndEpoch{leader=Optional[localhost:32769 (id: 0 rack: null)], epoch=0}}.
2025-08-07 12:29:10,390 INFO  [io.api.tes.ser.api.KafkaSerdesTester] (Thread-896) topic-c9be4be9_aeb3_47ce_a5c4_00d12365469c 0 0 {"key1": "value-0"}
2025-08-07 12:29:10,390 INFO  [io.api.tes.ser.api.KafkaSerdesTester] (Thread-896) topic-c9be4be9_aeb3_47ce_a5c4_00d12365469c 0 1 {"key1": "value-1"}
2025-08-07 12:29:10,390 INFO  [io.api.tes.ser.api.KafkaSerdesTester] (Thread-896) topic-c9be4be9_aeb3_47ce_a5c4_00d12365469c 0 2 {"key1": "value-2"}
2025-08-07 12:29:10,390 INFO  [io.api.tes.ser.api.KafkaSerdesTester] (Thread-896) topic-c9be4be9_aeb3_47ce_a5c4_00d12365469c 0 3 {"key1": "value-3"}
2025-08-07 12:29:10,390 INFO  [io.api.tes.ser.api.KafkaSerdesTester] (Thread-896) topic-c9be4be9_aeb3_47ce_a5c4_00d12365469c 0 4 {"key1": "value-4"}
2025-08-07 12:29:10,390 INFO  [io.api.tes.ser.api.KafkaSerdesTester] (Thread-896) topic-c9be4be9_aeb3_47ce_a5c4_00d12365469c 0 5 {"key1": "value-5"}
2025-08-07 12:29:10,390 INFO  [io.api.tes.ser.api.KafkaSerdesTester] (Thread-896) topic-c9be4be9_aeb3_47ce_a5c4_00d12365469c 0 6 {"key1": "value-6"}
2025-08-07 12:29:10,390 INFO  [io.api.tes.ser.api.KafkaSerdesTester] (Thread-896) topic-c9be4be9_aeb3_47ce_a5c4_00d12365469c 0 7 {"key1": "value-7"}
2025-08-07 12:29:10,390 INFO  [io.api.tes.ser.api.KafkaSerdesTester] (Thread-896) topic-c9be4be9_aeb3_47ce_a5c4_00d12365469c 0 8 {"key1": "value-8"}
2025-08-07 12:29:10,390 INFO  [io.api.tes.ser.api.KafkaSerdesTester] (Thread-896) topic-c9be4be9_aeb3_47ce_a5c4_00d12365469c 0 9 {"key1": "value-9"}
2025-08-07 12:29:10,390 INFO  [io.api.tes.ser.api.KafkaSerdesTester] (Thread-896) Consumed 10 messages
2025-08-07 12:29:10,397 INFO  [org.apa.kaf.cli.con.int.ConsumerRebalanceListenerInvoker] (Thread-896) [Consumer clientId=consumer-Consumer-topic-c9be4be9_aeb3_47ce_a5c4_00d12365469c-38, groupId=Consumer-topic-c9be4be9_aeb3_47ce_a5c4_00d12365469c] Revoke previously assigned partitions topic-c9be4be9_aeb3_47ce_a5c4_00d12365469c-0
2025-08-07 12:29:10,397 INFO  [org.apa.kaf.cli.con.int.ConsumerCoordinator] (Thread-896) [Consumer clientId=consumer-Consumer-topic-c9be4be9_aeb3_47ce_a5c4_00d12365469c-38, groupId=Consumer-topic-c9be4be9_aeb3_47ce_a5c4_00d12365469c] Member consumer-Consumer-topic-c9be4be9_aeb3_47ce_a5c4_00d12365469c-38-caf4e279-fd0f-461f-83ee-4d66f3dd11ae sending LeaveGroup request to coordinator localhost:32769 (id: 2147483647 rack: null) due to the consumer is being closed
2025-08-07 12:29:10,397 INFO  [org.apa.kaf.cli.con.int.ConsumerCoordinator] (Thread-896) [Consumer clientId=consumer-Consumer-topic-c9be4be9_aeb3_47ce_a5c4_00d12365469c-38, groupId=Consumer-topic-c9be4be9_aeb3_47ce_a5c4_00d12365469c] Resetting generation and member id due to: consumer pro-actively leaving the group
2025-08-07 12:29:10,397 INFO  [org.apa.kaf.cli.con.int.ConsumerCoordinator] (Thread-896) [Consumer clientId=consumer-Consumer-topic-c9be4be9_aeb3_47ce_a5c4_00d12365469c-38, groupId=Consumer-topic-c9be4be9_aeb3_47ce_a5c4_00d12365469c] Request joining group due to: consumer pro-actively leaving the group
2025-08-07 12:29:10,892 INFO  [org.apa.kaf.com.met.Metrics] (Thread-896) Metrics scheduler closed
2025-08-07 12:29:10,892 INFO  [org.apa.kaf.com.met.Metrics] (Thread-896) Closing reporter org.apache.kafka.common.metrics.JmxReporter
2025-08-07 12:29:10,892 INFO  [org.apa.kaf.com.met.Metrics] (Thread-896) Closing reporter org.apache.kafka.common.telemetry.internals.ClientTelemetryReporter
2025-08-07 12:29:10,892 INFO  [org.apa.kaf.com.met.Metrics] (Thread-896) Metrics reporters closed
2025-08-07 12:29:10,894 INFO  [org.apa.kaf.com.uti.AppInfoParser] (Thread-896) App info kafka.consumer for consumer-Consumer-topic-c9be4be9_aeb3_47ce_a5c4_00d12365469c-38 unregistered
2025-08-07 12:29:10,895 INFO  [org.apa.kaf.cli.con.int.ClassicKafkaConsumer] (Thread-897) [Consumer clientId=consumer-Consumer-topic-91d33445_27a6_4f41_aa92_478a136b46df-39, groupId=Consumer-topic-91d33445_27a6_4f41_aa92_478a136b46df] Subscribed to topic(s): topic-91d33445_27a6_4f41_aa92_478a136b46df
2025-08-07 12:29:10,900 INFO  [org.apa.kaf.cli.Metadata] (Thread-897) [Consumer clientId=consumer-Consumer-topic-91d33445_27a6_4f41_aa92_478a136b46df-39, groupId=Consumer-topic-91d33445_27a6_4f41_aa92_478a136b46df] Cluster ID: w_73WABzQ2iBfYWfnNB4Cg
2025-08-07 12:29:10,901 INFO  [org.apa.kaf.cli.con.int.ConsumerCoordinator] (Thread-897) [Consumer clientId=consumer-Consumer-topic-91d33445_27a6_4f41_aa92_478a136b46df-39, groupId=Consumer-topic-91d33445_27a6_4f41_aa92_478a136b46df] Discovered group coordinator localhost:32769 (id: 2147483647 rack: null)
2025-08-07 12:29:10,902 INFO  [org.apa.kaf.cli.con.int.ConsumerCoordinator] (Thread-897) [Consumer clientId=consumer-Consumer-topic-91d33445_27a6_4f41_aa92_478a136b46df-39, groupId=Consumer-topic-91d33445_27a6_4f41_aa92_478a136b46df] (Re-)joining group
2025-08-07 12:29:10,904 INFO  [org.apa.kaf.cli.con.int.ConsumerCoordinator] (Thread-897) [Consumer clientId=consumer-Consumer-topic-91d33445_27a6_4f41_aa92_478a136b46df-39, groupId=Consumer-topic-91d33445_27a6_4f41_aa92_478a136b46df] Request joining group due to: need to re-join with the given member-id: consumer-Consumer-topic-91d33445_27a6_4f41_aa92_478a136b46df-39-4e3e45e0-38e9-4d7c-ab17-06831d1ab6ea
2025-08-07 12:29:10,904 INFO  [org.apa.kaf.cli.con.int.ConsumerCoordinator] (Thread-897) [Consumer clientId=consumer-Consumer-topic-91d33445_27a6_4f41_aa92_478a136b46df-39, groupId=Consumer-topic-91d33445_27a6_4f41_aa92_478a136b46df] (Re-)joining group
2025-08-07 12:29:11,895 INFO  [io.api.tes.ser.api.KafkaSerdesTester] (Thread-897) None found
2025-08-07 12:29:12,895 INFO  [io.api.tes.ser.api.KafkaSerdesTester] (Thread-897) None found
2025-08-07 12:29:13,895 INFO  [io.api.tes.ser.api.KafkaSerdesTester] (Thread-897) None found
2025-08-07 12:29:13,906 INFO  [org.apa.kaf.cli.con.int.ConsumerCoordinator] (Thread-897) [Consumer clientId=consumer-Consumer-topic-91d33445_27a6_4f41_aa92_478a136b46df-39, groupId=Consumer-topic-91d33445_27a6_4f41_aa92_478a136b46df] Successfully joined group with generation Generation{generationId=1, memberId='consumer-Consumer-topic-91d33445_27a6_4f41_aa92_478a136b46df-39-4e3e45e0-38e9-4d7c-ab17-06831d1ab6ea', protocol='range'}
2025-08-07 12:29:13,906 INFO  [org.apa.kaf.cli.con.int.ConsumerCoordinator] (Thread-897) [Consumer clientId=consumer-Consumer-topic-91d33445_27a6_4f41_aa92_478a136b46df-39, groupId=Consumer-topic-91d33445_27a6_4f41_aa92_478a136b46df] Finished assignment for group at generation 1: {consumer-Consumer-topic-91d33445_27a6_4f41_aa92_478a136b46df-39-4e3e45e0-38e9-4d7c-ab17-06831d1ab6ea=Assignment(partitions=[topic-91d33445_27a6_4f41_aa92_478a136b46df-0])}
2025-08-07 12:29:13,912 INFO  [org.apa.kaf.cli.con.int.ConsumerCoordinator] (Thread-897) [Consumer clientId=consumer-Consumer-topic-91d33445_27a6_4f41_aa92_478a136b46df-39, groupId=Consumer-topic-91d33445_27a6_4f41_aa92_478a136b46df] Successfully synced group in generation Generation{generationId=1, memberId='consumer-Consumer-topic-91d33445_27a6_4f41_aa92_478a136b46df-39-4e3e45e0-38e9-4d7c-ab17-06831d1ab6ea', protocol='range'}
2025-08-07 12:29:13,912 INFO  [org.apa.kaf.cli.con.int.ConsumerCoordinator] (Thread-897) [Consumer clientId=consumer-Consumer-topic-91d33445_27a6_4f41_aa92_478a136b46df-39, groupId=Consumer-topic-91d33445_27a6_4f41_aa92_478a136b46df] Notifying assignor about the new Assignment(partitions=[topic-91d33445_27a6_4f41_aa92_478a136b46df-0])
2025-08-07 12:29:13,912 INFO  [org.apa.kaf.cli.con.int.ConsumerRebalanceListenerInvoker] (Thread-897) [Consumer clientId=consumer-Consumer-topic-91d33445_27a6_4f41_aa92_478a136b46df-39, groupId=Consumer-topic-91d33445_27a6_4f41_aa92_478a136b46df] Adding newly assigned partitions: topic-91d33445_27a6_4f41_aa92_478a136b46df-0
2025-08-07 12:29:13,913 INFO  [org.apa.kaf.cli.con.int.ConsumerCoordinator] (Thread-897) [Consumer clientId=consumer-Consumer-topic-91d33445_27a6_4f41_aa92_478a136b46df-39, groupId=Consumer-topic-91d33445_27a6_4f41_aa92_478a136b46df] Found no committed offset for partition topic-91d33445_27a6_4f41_aa92_478a136b46df-0
2025-08-07 12:29:13,915 INFO  [org.apa.kaf.cli.con.int.SubscriptionState] (Thread-897) [Consumer clientId=consumer-Consumer-topic-91d33445_27a6_4f41_aa92_478a136b46df-39, groupId=Consumer-topic-91d33445_27a6_4f41_aa92_478a136b46df] Resetting offset for partition topic-91d33445_27a6_4f41_aa92_478a136b46df-0 to position FetchPosition{offset=0, offsetEpoch=Optional.empty, currentLeader=LeaderAndEpoch{leader=Optional[localhost:32769 (id: 0 rack: null)], epoch=0}}.
2025-08-07 12:29:14,196 INFO  [io.api.tes.ser.api.KafkaSerdesTester] (Thread-897) topic-91d33445_27a6_4f41_aa92_478a136b46df 0 0 {"key1": "value-0"}
2025-08-07 12:29:14,196 INFO  [io.api.tes.ser.api.KafkaSerdesTester] (Thread-897) topic-91d33445_27a6_4f41_aa92_478a136b46df 0 1 {"key1": "value-1"}
2025-08-07 12:29:14,196 INFO  [io.api.tes.ser.api.KafkaSerdesTester] (Thread-897) topic-91d33445_27a6_4f41_aa92_478a136b46df 0 2 {"key1": "value-2"}
2025-08-07 12:29:14,196 INFO  [io.api.tes.ser.api.KafkaSerdesTester] (Thread-897) topic-91d33445_27a6_4f41_aa92_478a136b46df 0 3 {"key1": "value-3"}
2025-08-07 12:29:14,196 INFO  [io.api.tes.ser.api.KafkaSerdesTester] (Thread-897) topic-91d33445_27a6_4f41_aa92_478a136b46df 0 4 {"key1": "value-4"}
2025-08-07 12:29:14,196 INFO  [io.api.tes.ser.api.KafkaSerdesTester] (Thread-897) topic-91d33445_27a6_4f41_aa92_478a136b46df 0 5 {"key1": "value-5"}
2025-08-07 12:29:14,196 INFO  [io.api.tes.ser.api.KafkaSerdesTester] (Thread-897) topic-91d33445_27a6_4f41_aa92_478a136b46df 0 6 {"key1": "value-6"}
2025-08-07 12:29:14,196 INFO  [io.api.tes.ser.api.KafkaSerdesTester] (Thread-897) topic-91d33445_27a6_4f41_aa92_478a136b46df 0 7 {"key1": "value-7"}
2025-08-07 12:29:14,196 INFO  [io.api.tes.ser.api.KafkaSerdesTester] (Thread-897) topic-91d33445_27a6_4f41_aa92_478a136b46df 0 8 {"key1": "value-8"}
2025-08-07 12:29:14,197 INFO  [io.api.tes.ser.api.KafkaSerdesTester] (Thread-897) topic-91d33445_27a6_4f41_aa92_478a136b46df 0 9 {"key1": "value-9"}
2025-08-07 12:29:14,197 INFO  [io.api.tes.ser.api.KafkaSerdesTester] (Thread-897) Consumed 10 messages
2025-08-07 12:29:14,204 INFO  [org.apa.kaf.cli.con.int.ConsumerRebalanceListenerInvoker] (Thread-897) [Consumer clientId=consumer-Consumer-topic-91d33445_27a6_4f41_aa92_478a136b46df-39, groupId=Consumer-topic-91d33445_27a6_4f41_aa92_478a136b46df] Revoke previously assigned partitions topic-91d33445_27a6_4f41_aa92_478a136b46df-0
2025-08-07 12:29:14,204 INFO  [org.apa.kaf.cli.con.int.ConsumerCoordinator] (Thread-897) [Consumer clientId=consumer-Consumer-topic-91d33445_27a6_4f41_aa92_478a136b46df-39, groupId=Consumer-topic-91d33445_27a6_4f41_aa92_478a136b46df] Member consumer-Consumer-topic-91d33445_27a6_4f41_aa92_478a136b46df-39-4e3e45e0-38e9-4d7c-ab17-06831d1ab6ea sending LeaveGroup request to coordinator localhost:32769 (id: 2147483647 rack: null) due to the consumer is being closed
2025-08-07 12:29:14,204 INFO  [org.apa.kaf.cli.con.int.ConsumerCoordinator] (Thread-897) [Consumer clientId=consumer-Consumer-topic-91d33445_27a6_4f41_aa92_478a136b46df-39, groupId=Consumer-topic-91d33445_27a6_4f41_aa92_478a136b46df] Resetting generation and member id due to: consumer pro-actively leaving the group
2025-08-07 12:29:14,204 INFO  [org.apa.kaf.cli.con.int.ConsumerCoordinator] (Thread-897) [Consumer clientId=consumer-Consumer-topic-91d33445_27a6_4f41_aa92_478a136b46df-39, groupId=Consumer-topic-91d33445_27a6_4f41_aa92_478a136b46df] Request joining group due to: consumer pro-actively leaving the group
2025-08-07 12:29:14,699 INFO  [org.apa.kaf.com.met.Metrics] (Thread-897) Metrics scheduler closed
2025-08-07 12:29:14,699 INFO  [org.apa.kaf.com.met.Metrics] (Thread-897) Closing reporter org.apache.kafka.common.metrics.JmxReporter
2025-08-07 12:29:14,699 INFO  [org.apa.kaf.com.met.Metrics] (Thread-897) Closing reporter org.apache.kafka.common.telemetry.internals.ClientTelemetryReporter
2025-08-07 12:29:14,699 INFO  [org.apa.kaf.com.met.Metrics] (Thread-897) Metrics reporters closed
2025-08-07 12:29:14,701 INFO  [org.apa.kaf.com.uti.AppInfoParser] (Thread-897) App info kafka.consumer for consumer-Consumer-topic-91d33445_27a6_4f41_aa92_478a136b46df-39 unregistered
2025-08-07 12:29:14,703 INFO  [org.apa.kaf.cli.con.int.ClassicKafkaConsumer] (Thread-898) [Consumer clientId=consumer-Consumer-topic-769836b2_9de0_4f75_8212_21e45c452047-40, groupId=Consumer-topic-769836b2_9de0_4f75_8212_21e45c452047] Subscribed to topic(s): topic-769836b2_9de0_4f75_8212_21e45c452047
2025-08-07 12:29:14,708 INFO  [org.apa.kaf.cli.Metadata] (Thread-898) [Consumer clientId=consumer-Consumer-topic-769836b2_9de0_4f75_8212_21e45c452047-40, groupId=Consumer-topic-769836b2_9de0_4f75_8212_21e45c452047] Cluster ID: w_73WABzQ2iBfYWfnNB4Cg
2025-08-07 12:29:14,708 INFO  [org.apa.kaf.cli.con.int.ConsumerCoordinator] (Thread-898) [Consumer clientId=consumer-Consumer-topic-769836b2_9de0_4f75_8212_21e45c452047-40, groupId=Consumer-topic-769836b2_9de0_4f75_8212_21e45c452047] Discovered group coordinator localhost:32769 (id: 2147483647 rack: null)
2025-08-07 12:29:14,709 INFO  [org.apa.kaf.cli.con.int.ConsumerCoordinator] (Thread-898) [Consumer clientId=consumer-Consumer-topic-769836b2_9de0_4f75_8212_21e45c452047-40, groupId=Consumer-topic-769836b2_9de0_4f75_8212_21e45c452047] (Re-)joining group
2025-08-07 12:29:14,711 INFO  [org.apa.kaf.cli.con.int.ConsumerCoordinator] (Thread-898) [Consumer clientId=consumer-Consumer-topic-769836b2_9de0_4f75_8212_21e45c452047-40, groupId=Consumer-topic-769836b2_9de0_4f75_8212_21e45c452047] Request joining group due to: need to re-join with the given member-id: consumer-Consumer-topic-769836b2_9de0_4f75_8212_21e45c452047-40-3cc5c7a2-5d8b-4319-85ef-ad505fe02b03
2025-08-07 12:29:14,711 INFO  [org.apa.kaf.cli.con.int.ConsumerCoordinator] (Thread-898) [Consumer clientId=consumer-Consumer-topic-769836b2_9de0_4f75_8212_21e45c452047-40, groupId=Consumer-topic-769836b2_9de0_4f75_8212_21e45c452047] (Re-)joining group
2025-08-07 12:29:15,704 INFO  [io.api.tes.ser.api.KafkaSerdesTester] (Thread-898) None found
2025-08-07 12:29:16,704 INFO  [io.api.tes.ser.api.KafkaSerdesTester] (Thread-898) None found
2025-08-07 12:29:17,704 INFO  [io.api.tes.ser.api.KafkaSerdesTester] (Thread-898) None found
2025-08-07 12:29:17,713 INFO  [org.apa.kaf.cli.con.int.ConsumerCoordinator] (Thread-898) [Consumer clientId=consumer-Consumer-topic-769836b2_9de0_4f75_8212_21e45c452047-40, groupId=Consumer-topic-769836b2_9de0_4f75_8212_21e45c452047] Successfully joined group with generation Generation{generationId=1, memberId='consumer-Consumer-topic-769836b2_9de0_4f75_8212_21e45c452047-40-3cc5c7a2-5d8b-4319-85ef-ad505fe02b03', protocol='range'}
2025-08-07 12:29:17,713 INFO  [org.apa.kaf.cli.con.int.ConsumerCoordinator] (Thread-898) [Consumer clientId=consumer-Consumer-topic-769836b2_9de0_4f75_8212_21e45c452047-40, groupId=Consumer-topic-769836b2_9de0_4f75_8212_21e45c452047] Finished assignment for group at generation 1: {consumer-Consumer-topic-769836b2_9de0_4f75_8212_21e45c452047-40-3cc5c7a2-5d8b-4319-85ef-ad505fe02b03=Assignment(partitions=[topic-769836b2_9de0_4f75_8212_21e45c452047-0])}
2025-08-07 12:29:17,720 INFO  [org.apa.kaf.cli.con.int.ConsumerCoordinator] (Thread-898) [Consumer clientId=consumer-Consumer-topic-769836b2_9de0_4f75_8212_21e45c452047-40, groupId=Consumer-topic-769836b2_9de0_4f75_8212_21e45c452047] Successfully synced group in generation Generation{generationId=1, memberId='consumer-Consumer-topic-769836b2_9de0_4f75_8212_21e45c452047-40-3cc5c7a2-5d8b-4319-85ef-ad505fe02b03', protocol='range'}
2025-08-07 12:29:17,720 INFO  [org.apa.kaf.cli.con.int.ConsumerCoordinator] (Thread-898) [Consumer clientId=consumer-Consumer-topic-769836b2_9de0_4f75_8212_21e45c452047-40, groupId=Consumer-topic-769836b2_9de0_4f75_8212_21e45c452047] Notifying assignor about the new Assignment(partitions=[topic-769836b2_9de0_4f75_8212_21e45c452047-0])
2025-08-07 12:29:17,720 INFO  [org.apa.kaf.cli.con.int.ConsumerRebalanceListenerInvoker] (Thread-898) [Consumer clientId=consumer-Consumer-topic-769836b2_9de0_4f75_8212_21e45c452047-40, groupId=Consumer-topic-769836b2_9de0_4f75_8212_21e45c452047] Adding newly assigned partitions: topic-769836b2_9de0_4f75_8212_21e45c452047-0
2025-08-07 12:29:17,721 INFO  [org.apa.kaf.cli.con.int.ConsumerCoordinator] (Thread-898) [Consumer clientId=consumer-Consumer-topic-769836b2_9de0_4f75_8212_21e45c452047-40, groupId=Consumer-topic-769836b2_9de0_4f75_8212_21e45c452047] Found no committed offset for partition topic-769836b2_9de0_4f75_8212_21e45c452047-0
2025-08-07 12:29:17,723 INFO  [org.apa.kaf.cli.con.int.SubscriptionState] (Thread-898) [Consumer clientId=consumer-Consumer-topic-769836b2_9de0_4f75_8212_21e45c452047-40, groupId=Consumer-topic-769836b2_9de0_4f75_8212_21e45c452047] Resetting offset for partition topic-769836b2_9de0_4f75_8212_21e45c452047-0 to position FetchPosition{offset=0, offsetEpoch=Optional.empty, currentLeader=LeaderAndEpoch{leader=Optional[localhost:32769 (id: 0 rack: null)], epoch=0}}.
2025-08-07 12:29:17,968 INFO  [io.api.tes.ser.api.KafkaSerdesTester] (Thread-898) topic-769836b2_9de0_4f75_8212_21e45c452047 0 0 {"key1": "value-0"}
2025-08-07 12:29:17,968 INFO  [io.api.tes.ser.api.KafkaSerdesTester] (Thread-898) topic-769836b2_9de0_4f75_8212_21e45c452047 0 1 {"key1": "value-1"}
2025-08-07 12:29:17,968 INFO  [io.api.tes.ser.api.KafkaSerdesTester] (Thread-898) topic-769836b2_9de0_4f75_8212_21e45c452047 0 2 {"key1": "value-2"}
2025-08-07 12:29:17,968 INFO  [io.api.tes.ser.api.KafkaSerdesTester] (Thread-898) topic-769836b2_9de0_4f75_8212_21e45c452047 0 3 {"key1": "value-3"}
2025-08-07 12:29:17,968 INFO  [io.api.tes.ser.api.KafkaSerdesTester] (Thread-898) topic-769836b2_9de0_4f75_8212_21e45c452047 0 4 {"key1": "value-4"}
2025-08-07 12:29:17,968 INFO  [io.api.tes.ser.api.KafkaSerdesTester] (Thread-898) topic-769836b2_9de0_4f75_8212_21e45c452047 0 5 {"key1": "value-5"}
2025-08-07 12:29:17,968 INFO  [io.api.tes.ser.api.KafkaSerdesTester] (Thread-898) topic-769836b2_9de0_4f75_8212_21e45c452047 0 6 {"key1": "value-6"}
2025-08-07 12:29:17,968 INFO  [io.api.tes.ser.api.KafkaSerdesTester] (Thread-898) topic-769836b2_9de0_4f75_8212_21e45c452047 0 7 {"key1": "value-7"}
2025-08-07 12:29:17,968 INFO  [io.api.tes.ser.api.KafkaSerdesTester] (Thread-898) topic-769836b2_9de0_4f75_8212_21e45c452047 0 8 {"key1": "value-8"}
2025-08-07 12:29:17,969 INFO  [io.api.tes.ser.api.KafkaSerdesTester] (Thread-898) topic-769836b2_9de0_4f75_8212_21e45c452047 0 9 {"key1": "value-9"}
2025-08-07 12:29:17,969 INFO  [io.api.tes.ser.api.KafkaSerdesTester] (Thread-898) Consumed 10 messages
2025-08-07 12:29:17,976 INFO  [org.apa.kaf.cli.con.int.ConsumerRebalanceListenerInvoker] (Thread-898) [Consumer clientId=consumer-Consumer-topic-769836b2_9de0_4f75_8212_21e45c452047-40, groupId=Consumer-topic-769836b2_9de0_4f75_8212_21e45c452047] Revoke previously assigned partitions topic-769836b2_9de0_4f75_8212_21e45c452047-0
2025-08-07 12:29:17,976 INFO  [org.apa.kaf.cli.con.int.ConsumerCoordinator] (Thread-898) [Consumer clientId=consumer-Consumer-topic-769836b2_9de0_4f75_8212_21e45c452047-40, groupId=Consumer-topic-769836b2_9de0_4f75_8212_21e45c452047] Member consumer-Consumer-topic-769836b2_9de0_4f75_8212_21e45c452047-40-3cc5c7a2-5d8b-4319-85ef-ad505fe02b03 sending LeaveGroup request to coordinator localhost:32769 (id: 2147483647 rack: null) due to the consumer is being closed
2025-08-07 12:29:17,976 INFO  [org.apa.kaf.cli.con.int.ConsumerCoordinator] (Thread-898) [Consumer clientId=consumer-Consumer-topic-769836b2_9de0_4f75_8212_21e45c452047-40, groupId=Consumer-topic-769836b2_9de0_4f75_8212_21e45c452047] Resetting generation and member id due to: consumer pro-actively leaving the group
2025-08-07 12:29:17,976 INFO  [org.apa.kaf.cli.con.int.ConsumerCoordinator] (Thread-898) [Consumer clientId=consumer-Consumer-topic-769836b2_9de0_4f75_8212_21e45c452047-40, groupId=Consumer-topic-769836b2_9de0_4f75_8212_21e45c452047] Request joining group due to: consumer pro-actively leaving the group
2025-08-07 12:29:18,471 INFO  [org.apa.kaf.com.met.Metrics] (Thread-898) Metrics scheduler closed
2025-08-07 12:29:18,471 INFO  [org.apa.kaf.com.met.Metrics] (Thread-898) Closing reporter org.apache.kafka.common.metrics.JmxReporter
2025-08-07 12:29:18,471 INFO  [org.apa.kaf.com.met.Metrics] (Thread-898) Closing reporter org.apache.kafka.common.telemetry.internals.ClientTelemetryReporter
2025-08-07 12:29:18,471 INFO  [org.apa.kaf.com.met.Metrics] (Thread-898) Metrics reporters closed
2025-08-07 12:29:18,472 INFO  [org.apa.kaf.com.uti.AppInfoParser] (Thread-898) App info kafka.consumer for consumer-Consumer-topic-769836b2_9de0_4f75_8212_21e45c452047-40 unregistered
2025-08-07 12:29:18,850 INFO  [io.api.tes.ser.con.BasicConfluentSerDesIT] (main) Deleting confluent schema myrecordconfluent6
2025-08-07 12:29:18,949 INFO  [io.api.tes.uti.TestSeparator] (main) io.apicurio.tests.serdes.confluent.BasicConfluentSerDesIT.testAvroConfluentForMultipleTopics-FINISHED
2025-08-07 12:29:18,949 INFO  [io.api.tes.uti.TestSeparator] (main) ############################################################################
Test passed: testAvroConfluentForMultipleTopics
]]></system-out>
  </testcase>
  <testcase name="testAvroConfluentApicurio" classname="io.apicurio.tests.serdes.confluent.BasicConfluentSerDesIT" time="4.485">
    <system-out><![CDATA[2025-08-07 12:29:18,950 INFO  [io.api.tes.uti.TestSeparator] (main) ############################################################################
2025-08-07 12:29:18,950 INFO  [io.api.tes.uti.TestSeparator] (main) io.apicurio.tests.serdes.confluent.BasicConfluentSerDesIT.testAvroConfluentApicurio-STARTED
2025-08-07 12:29:19,159 INFO  [io.api.tes.ser.con.BasicConfluentSerDesIT] (main) Checking that created schema is equal to the get schema
2025-08-07 12:29:19,253 INFO  [io.api.tes.ser.con.BasicConfluentSerDesIT] (main) Created schema with id:113 and name:myrecordconfluent1
**** Registry Base URL: http://registry-app-mysql.apps.ci419.apicurio-testing.org:80
2025-08-07 12:29:19,253 INFO  [org.apa.kaf.cli.pro.ProducerConfig] (main) ProducerConfig values: 
	acks = -1
	auto.include.jmx.reporter = true
	batch.size = 16384
	bootstrap.servers = [PLAINTEXT://localhost:32769]
	buffer.memory = 33554432
	client.dns.lookup = use_all_dns_ips
	client.id = Producer-topic-e1a7927a_76ac_4525_a025_a4c528aecce4
	compression.gzip.level = -1
	compression.lz4.level = 9
	compression.type = none
	compression.zstd.level = 3
	connections.max.idle.ms = 10000
	delivery.timeout.ms = 120000
	enable.idempotence = true
	enable.metrics.push = true
	interceptor.classes = []
	key.serializer = class org.apache.kafka.common.serialization.StringSerializer
	linger.ms = 0
	max.block.ms = 60000
	max.in.flight.requests.per.connection = 5
	max.request.size = 1048576
	metadata.max.age.ms = 300000
	metadata.max.idle.ms = 300000
	metadata.recovery.strategy = none
	metric.reporters = []
	metrics.num.samples = 2
	metrics.recording.level = INFO
	metrics.sample.window.ms = 30000
	partitioner.adaptive.partitioning.enable = true
	partitioner.availability.timeout.ms = 0
	partitioner.class = null
	partitioner.ignore.keys = false
	receive.buffer.bytes = 32768
	reconnect.backoff.max.ms = 1000
	reconnect.backoff.ms = 50
	request.timeout.ms = 5000
	retries = 2147483647
	retry.backoff.max.ms = 1000
	retry.backoff.ms = 100
	sasl.client.callback.handler.class = null
	sasl.jaas.config = null
	sasl.kerberos.kinit.cmd = /usr/bin/kinit
	sasl.kerberos.min.time.before.relogin = 60000
	sasl.kerberos.service.name = null
	sasl.kerberos.ticket.renew.jitter = 0.05
	sasl.kerberos.ticket.renew.window.factor = 0.8
	sasl.login.callback.handler.class = null
	sasl.login.class = null
	sasl.login.connect.timeout.ms = null
	sasl.login.read.timeout.ms = null
	sasl.login.refresh.buffer.seconds = 300
	sasl.login.refresh.min.period.seconds = 60
	sasl.login.refresh.window.factor = 0.8
	sasl.login.refresh.window.jitter = 0.05
	sasl.login.retry.backoff.max.ms = 10000
	sasl.login.retry.backoff.ms = 100
	sasl.mechanism = GSSAPI
	sasl.oauthbearer.clock.skew.seconds = 30
	sasl.oauthbearer.expected.audience = null
	sasl.oauthbearer.expected.issuer = null
	sasl.oauthbearer.header.urlencode = false
	sasl.oauthbearer.jwks.endpoint.refresh.ms = 3600000
	sasl.oauthbearer.jwks.endpoint.retry.backoff.max.ms = 10000
	sasl.oauthbearer.jwks.endpoint.retry.backoff.ms = 100
	sasl.oauthbearer.jwks.endpoint.url = null
	sasl.oauthbearer.scope.claim.name = scope
	sasl.oauthbearer.sub.claim.name = sub
	sasl.oauthbearer.token.endpoint.url = null
	security.protocol = PLAINTEXT
	security.providers = null
	send.buffer.bytes = 131072
	socket.connection.setup.timeout.max.ms = 30000
	socket.connection.setup.timeout.ms = 10000
	ssl.cipher.suites = null
	ssl.enabled.protocols = [TLSv1.2, TLSv1.3]
	ssl.endpoint.identification.algorithm = https
	ssl.engine.factory.class = null
	ssl.key.password = null
	ssl.keymanager.algorithm = SunX509
	ssl.keystore.certificate.chain = null
	ssl.keystore.key = null
	ssl.keystore.location = null
	ssl.keystore.password = null
	ssl.keystore.type = JKS
	ssl.protocol = TLSv1.3
	ssl.provider = null
	ssl.secure.random.implementation = null
	ssl.trustmanager.algorithm = PKIX
	ssl.truststore.certificates = null
	ssl.truststore.location = null
	ssl.truststore.password = null
	ssl.truststore.type = JKS
	transaction.timeout.ms = 60000
	transactional.id = null
	value.serializer = class io.confluent.kafka.serializers.KafkaAvroSerializer

2025-08-07 12:29:19,254 INFO  [org.apa.kaf.com.tel.int.KafkaMetricsCollector] (main) initializing Kafka metrics collector
2025-08-07 12:29:19,254 INFO  [io.con.kaf.ser.KafkaAvroSerializerConfig] (main) KafkaAvroSerializerConfig values: 
	auto.register.schemas = false
	avro.reflection.allow.null = false
	avro.remove.java.properties = false
	avro.use.logical.type.converters = false
	basic.auth.credentials.source = URL
	basic.auth.user.info = [hidden]
	bearer.auth.cache.expiry.buffer.seconds = 300
	bearer.auth.client.id = null
	bearer.auth.client.secret = null
	bearer.auth.credentials.source = STATIC_TOKEN
	bearer.auth.custom.provider.class = null
	bearer.auth.identity.pool.id = null
	bearer.auth.issuer.endpoint.url = null
	bearer.auth.logical.cluster = null
	bearer.auth.scope = null
	bearer.auth.scope.claim.name = scope
	bearer.auth.sub.claim.name = sub
	bearer.auth.token = [hidden]
	context.name.strategy = class io.confluent.kafka.serializers.context.NullContextNameStrategy
	http.connect.timeout.ms = 60000
	http.read.timeout.ms = 60000
	id.compatibility.strict = true
	key.schema.id.deserializer = class io.confluent.kafka.serializers.schema.id.DualSchemaIdDeserializer
	key.schema.id.serializer = class io.confluent.kafka.serializers.schema.id.PrefixSchemaIdSerializer
	key.subject.name.strategy = class io.confluent.kafka.serializers.subject.TopicNameStrategy
	latest.cache.size = 1000
	latest.cache.ttl.sec = -1
	latest.compatibility.strict = true
	max.retries = 3
	max.schemas.per.subject = 1000
	normalize.schemas = false
	propagate.schema.tags = false
	proxy.host = 
	proxy.port = -1
	retries.max.wait.ms = 20000
	retries.wait.ms = 1000
	rule.actions = []
	rule.executors = []
	rule.service.loader.enable = true
	schema.format = null
	schema.reflection = false
	schema.registry.basic.auth.user.info = [hidden]
	schema.registry.ssl.cipher.suites = null
	schema.registry.ssl.enabled.protocols = [TLSv1.2, TLSv1.3]
	schema.registry.ssl.endpoint.identification.algorithm = https
	schema.registry.ssl.engine.factory.class = null
	schema.registry.ssl.key.password = null
	schema.registry.ssl.keymanager.algorithm = SunX509
	schema.registry.ssl.keystore.certificate.chain = null
	schema.registry.ssl.keystore.key = null
	schema.registry.ssl.keystore.location = null
	schema.registry.ssl.keystore.password = null
	schema.registry.ssl.keystore.type = JKS
	schema.registry.ssl.protocol = TLSv1.3
	schema.registry.ssl.provider = null
	schema.registry.ssl.secure.random.implementation = null
	schema.registry.ssl.trustmanager.algorithm = PKIX
	schema.registry.ssl.truststore.certificates = null
	schema.registry.ssl.truststore.location = null
	schema.registry.ssl.truststore.password = null
	schema.registry.ssl.truststore.type = JKS
	schema.registry.url = [http://registry-app-mysql.apps.ci419.apicurio-testing.org:80/apis/ccompat/v7]
	schema.registry.url.randomize = false
	use.latest.version = false
	use.latest.with.metadata = null
	use.schema.id = -1
	value.schema.id.deserializer = class io.confluent.kafka.serializers.schema.id.DualSchemaIdDeserializer
	value.schema.id.serializer = class io.confluent.kafka.serializers.schema.id.PrefixSchemaIdSerializer
	value.subject.name.strategy = class io.confluent.kafka.serializers.subject.TopicNameStrategy

2025-08-07 12:29:19,256 INFO  [org.apa.kaf.cli.pro.KafkaProducer] (main) [Producer clientId=Producer-topic-e1a7927a_76ac_4525_a025_a4c528aecce4] Instantiated an idempotent producer.
2025-08-07 12:29:19,257 INFO  [org.apa.kaf.cli.pro.ProducerConfig] (main) These configurations '[schema.registry.url, auto.register.schemas, value.subject.name.strategy]' were supplied but are not used yet.
2025-08-07 12:29:19,257 INFO  [org.apa.kaf.com.uti.AppInfoParser] (main) Kafka version: 3.9.1
2025-08-07 12:29:19,257 INFO  [org.apa.kaf.com.uti.AppInfoParser] (main) Kafka commitId: f745dfdcee2b9851
2025-08-07 12:29:19,257 INFO  [org.apa.kaf.com.uti.AppInfoParser] (main) Kafka startTimeMs: 1754569759257
2025-08-07 12:29:19,257 INFO  [io.api.tes.ser.api.SimpleSerdesTesterBuilder$SimpleSerdesTester] (main) Using producer configuration: {schema.registry.url=http://registry-app-mysql.apps.ci419.apicurio-testing.org:80/apis/ccompat/v7, value.serializer=io.confluent.kafka.serializers.KafkaAvroSerializer, request.timeout.ms=5000, auto.register.schemas=false, acks=all, bootstrap.servers=PLAINTEXT://localhost:32769, connections.max.idle.ms=10000, key.serializer=org.apache.kafka.common.serialization.StringSerializer, value.subject.name.strategy=io.confluent.kafka.serializers.subject.TopicNameStrategy, client.id=Producer-topic-e1a7927a_76ac_4525_a025_a4c528aecce4}
2025-08-07 12:29:19,257 INFO  [io.api.tes.ser.api.SimpleSerdesTesterBuilder$SimpleSerdesTester] (main) Using consumer configuration: {}
2025-08-07 12:29:19,257 INFO  [io.api.tes.ser.api.KafkaSerdesTester] (Thread-899) Sending message {"key1": "value-0"} to topic topic-e1a7927a_76ac_4525_a025_a4c528aecce4
2025-08-07 12:29:19,260 INFO  [org.apa.kaf.cli.Metadata] (kafka-producer-network-thread | Producer-topic-e1a7927a_76ac_4525_a025_a4c528aecce4) [Producer clientId=Producer-topic-e1a7927a_76ac_4525_a025_a4c528aecce4] Cluster ID: w_73WABzQ2iBfYWfnNB4Cg
2025-08-07 12:29:19,260 INFO  [org.apa.kaf.cli.pro.int.TransactionManager] (kafka-producer-network-thread | Producer-topic-e1a7927a_76ac_4525_a025_a4c528aecce4) [Producer clientId=Producer-topic-e1a7927a_76ac_4525_a025_a4c528aecce4] ProducerId set to 54 with epoch 0
2025-08-07 12:29:19,358 INFO  [io.api.tes.ser.api.KafkaSerdesTester] (Thread-899) Sending message {"key1": "value-1"} to topic topic-e1a7927a_76ac_4525_a025_a4c528aecce4
2025-08-07 12:29:19,364 INFO  [io.api.tes.ser.api.KafkaSerdesTester] (Thread-899) Sending message {"key1": "value-2"} to topic topic-e1a7927a_76ac_4525_a025_a4c528aecce4
2025-08-07 12:29:19,366 INFO  [io.api.tes.ser.api.KafkaSerdesTester] (Thread-899) Sending message {"key1": "value-3"} to topic topic-e1a7927a_76ac_4525_a025_a4c528aecce4
2025-08-07 12:29:19,367 INFO  [io.api.tes.ser.api.KafkaSerdesTester] (Thread-899) Sending message {"key1": "value-4"} to topic topic-e1a7927a_76ac_4525_a025_a4c528aecce4
2025-08-07 12:29:19,368 INFO  [io.api.tes.ser.api.KafkaSerdesTester] (Thread-899) Sending message {"key1": "value-5"} to topic topic-e1a7927a_76ac_4525_a025_a4c528aecce4
2025-08-07 12:29:19,370 INFO  [io.api.tes.ser.api.KafkaSerdesTester] (Thread-899) Sending message {"key1": "value-6"} to topic topic-e1a7927a_76ac_4525_a025_a4c528aecce4
2025-08-07 12:29:19,371 INFO  [io.api.tes.ser.api.KafkaSerdesTester] (Thread-899) Sending message {"key1": "value-7"} to topic topic-e1a7927a_76ac_4525_a025_a4c528aecce4
2025-08-07 12:29:19,372 INFO  [io.api.tes.ser.api.KafkaSerdesTester] (Thread-899) Sending message {"key1": "value-8"} to topic topic-e1a7927a_76ac_4525_a025_a4c528aecce4
2025-08-07 12:29:19,373 INFO  [io.api.tes.ser.api.KafkaSerdesTester] (Thread-899) Sending message {"key1": "value-9"} to topic topic-e1a7927a_76ac_4525_a025_a4c528aecce4
2025-08-07 12:29:19,373 INFO  [io.api.tes.ser.api.KafkaSerdesTester] (Thread-899) Produced 10 messages
2025-08-07 12:29:19,374 INFO  [org.apa.kaf.cli.pro.KafkaProducer] (Thread-899) [Producer clientId=Producer-topic-e1a7927a_76ac_4525_a025_a4c528aecce4] Closing the Kafka producer with timeoutMillis = 9223372036854775807 ms.
2025-08-07 12:29:19,375 INFO  [org.apa.kaf.com.met.Metrics] (Thread-899) Metrics scheduler closed
2025-08-07 12:29:19,375 INFO  [org.apa.kaf.com.met.Metrics] (Thread-899) Closing reporter org.apache.kafka.common.metrics.JmxReporter
2025-08-07 12:29:19,375 INFO  [org.apa.kaf.com.met.Metrics] (Thread-899) Closing reporter org.apache.kafka.common.telemetry.internals.ClientTelemetryReporter
2025-08-07 12:29:19,375 INFO  [org.apa.kaf.com.met.Metrics] (Thread-899) Metrics reporters closed
2025-08-07 12:29:19,376 INFO  [org.apa.kaf.com.uti.AppInfoParser] (Thread-899) App info kafka.producer for Producer-topic-e1a7927a_76ac_4525_a025_a4c528aecce4 unregistered
**** Registry Base URL: http://registry-app-mysql.apps.ci419.apicurio-testing.org:80
2025-08-07 12:29:19,376 INFO  [org.apa.kaf.cli.con.ConsumerConfig] (main) ConsumerConfig values: 
	allow.auto.create.topics = true
	auto.commit.interval.ms = 500
	auto.include.jmx.reporter = true
	auto.offset.reset = earliest
	bootstrap.servers = [PLAINTEXT://localhost:32769]
	check.crcs = true
	client.dns.lookup = use_all_dns_ips
	client.id = consumer-Consumer-topic-e1a7927a_76ac_4525_a025_a4c528aecce4-41
	client.rack = 
	connections.max.idle.ms = 10000
	default.api.timeout.ms = 60000
	enable.auto.commit = true
	enable.metrics.push = true
	exclude.internal.topics = true
	fetch.max.bytes = 52428800
	fetch.max.wait.ms = 500
	fetch.min.bytes = 1
	group.id = Consumer-topic-e1a7927a_76ac_4525_a025_a4c528aecce4
	group.instance.id = null
	group.protocol = classic
	group.remote.assignor = null
	heartbeat.interval.ms = 3000
	interceptor.classes = []
	internal.leave.group.on.close = true
	internal.throw.on.fetch.stable.offset.unsupported = false
	isolation.level = read_uncommitted
	key.deserializer = class org.apache.kafka.common.serialization.StringDeserializer
	max.partition.fetch.bytes = 1048576
	max.poll.interval.ms = 300000
	max.poll.records = 500
	metadata.max.age.ms = 300000
	metadata.recovery.strategy = none
	metric.reporters = []
	metrics.num.samples = 2
	metrics.recording.level = INFO
	metrics.sample.window.ms = 30000
	partition.assignment.strategy = [class org.apache.kafka.clients.consumer.RangeAssignor, class org.apache.kafka.clients.consumer.CooperativeStickyAssignor]
	receive.buffer.bytes = 65536
	reconnect.backoff.max.ms = 1000
	reconnect.backoff.ms = 50
	request.timeout.ms = 5000
	retry.backoff.max.ms = 1000
	retry.backoff.ms = 100
	sasl.client.callback.handler.class = null
	sasl.jaas.config = null
	sasl.kerberos.kinit.cmd = /usr/bin/kinit
	sasl.kerberos.min.time.before.relogin = 60000
	sasl.kerberos.service.name = null
	sasl.kerberos.ticket.renew.jitter = 0.05
	sasl.kerberos.ticket.renew.window.factor = 0.8
	sasl.login.callback.handler.class = null
	sasl.login.class = null
	sasl.login.connect.timeout.ms = null
	sasl.login.read.timeout.ms = null
	sasl.login.refresh.buffer.seconds = 300
	sasl.login.refresh.min.period.seconds = 60
	sasl.login.refresh.window.factor = 0.8
	sasl.login.refresh.window.jitter = 0.05
	sasl.login.retry.backoff.max.ms = 10000
	sasl.login.retry.backoff.ms = 100
	sasl.mechanism = GSSAPI
	sasl.oauthbearer.clock.skew.seconds = 30
	sasl.oauthbearer.expected.audience = null
	sasl.oauthbearer.expected.issuer = null
	sasl.oauthbearer.header.urlencode = false
	sasl.oauthbearer.jwks.endpoint.refresh.ms = 3600000
	sasl.oauthbearer.jwks.endpoint.retry.backoff.max.ms = 10000
	sasl.oauthbearer.jwks.endpoint.retry.backoff.ms = 100
	sasl.oauthbearer.jwks.endpoint.url = null
	sasl.oauthbearer.scope.claim.name = scope
	sasl.oauthbearer.sub.claim.name = sub
	sasl.oauthbearer.token.endpoint.url = null
	security.protocol = PLAINTEXT
	security.providers = null
	send.buffer.bytes = 131072
	session.timeout.ms = 45000
	socket.connection.setup.timeout.max.ms = 30000
	socket.connection.setup.timeout.ms = 10000
	ssl.cipher.suites = null
	ssl.enabled.protocols = [TLSv1.2, TLSv1.3]
	ssl.endpoint.identification.algorithm = https
	ssl.engine.factory.class = null
	ssl.key.password = null
	ssl.keymanager.algorithm = SunX509
	ssl.keystore.certificate.chain = null
	ssl.keystore.key = null
	ssl.keystore.location = null
	ssl.keystore.password = null
	ssl.keystore.type = JKS
	ssl.protocol = TLSv1.3
	ssl.provider = null
	ssl.secure.random.implementation = null
	ssl.trustmanager.algorithm = PKIX
	ssl.truststore.certificates = null
	ssl.truststore.location = null
	ssl.truststore.password = null
	ssl.truststore.type = JKS
	value.deserializer = class io.apicurio.registry.serde.avro.AvroKafkaDeserializer

2025-08-07 12:29:19,376 INFO  [org.apa.kaf.com.tel.int.KafkaMetricsCollector] (main) initializing Kafka metrics collector
2025-08-07 12:29:19,381 INFO  [org.apa.kaf.cli.con.ConsumerConfig] (main) These configurations '[apicurio.registry.url]' were supplied but are not used yet.
2025-08-07 12:29:19,381 INFO  [org.apa.kaf.com.uti.AppInfoParser] (main) Kafka version: 3.9.1
2025-08-07 12:29:19,381 INFO  [org.apa.kaf.com.uti.AppInfoParser] (main) Kafka commitId: f745dfdcee2b9851
2025-08-07 12:29:19,381 INFO  [org.apa.kaf.com.uti.AppInfoParser] (main) Kafka startTimeMs: 1754569759381
2025-08-07 12:29:19,382 INFO  [org.apa.kaf.cli.con.int.ClassicKafkaConsumer] (Thread-902) [Consumer clientId=consumer-Consumer-topic-e1a7927a_76ac_4525_a025_a4c528aecce4-41, groupId=Consumer-topic-e1a7927a_76ac_4525_a025_a4c528aecce4] Subscribed to topic(s): topic-e1a7927a_76ac_4525_a025_a4c528aecce4
2025-08-07 12:29:19,387 INFO  [org.apa.kaf.cli.Metadata] (Thread-902) [Consumer clientId=consumer-Consumer-topic-e1a7927a_76ac_4525_a025_a4c528aecce4-41, groupId=Consumer-topic-e1a7927a_76ac_4525_a025_a4c528aecce4] Cluster ID: w_73WABzQ2iBfYWfnNB4Cg
2025-08-07 12:29:19,388 INFO  [org.apa.kaf.cli.con.int.ConsumerCoordinator] (Thread-902) [Consumer clientId=consumer-Consumer-topic-e1a7927a_76ac_4525_a025_a4c528aecce4-41, groupId=Consumer-topic-e1a7927a_76ac_4525_a025_a4c528aecce4] Discovered group coordinator localhost:32769 (id: 2147483647 rack: null)
2025-08-07 12:29:19,389 INFO  [org.apa.kaf.cli.con.int.ConsumerCoordinator] (Thread-902) [Consumer clientId=consumer-Consumer-topic-e1a7927a_76ac_4525_a025_a4c528aecce4-41, groupId=Consumer-topic-e1a7927a_76ac_4525_a025_a4c528aecce4] (Re-)joining group
2025-08-07 12:29:19,391 INFO  [org.apa.kaf.cli.con.int.ConsumerCoordinator] (Thread-902) [Consumer clientId=consumer-Consumer-topic-e1a7927a_76ac_4525_a025_a4c528aecce4-41, groupId=Consumer-topic-e1a7927a_76ac_4525_a025_a4c528aecce4] Request joining group due to: need to re-join with the given member-id: consumer-Consumer-topic-e1a7927a_76ac_4525_a025_a4c528aecce4-41-8678dcb6-75b2-42d3-9209-e83efac81a5b
2025-08-07 12:29:19,391 INFO  [org.apa.kaf.cli.con.int.ConsumerCoordinator] (Thread-902) [Consumer clientId=consumer-Consumer-topic-e1a7927a_76ac_4525_a025_a4c528aecce4-41, groupId=Consumer-topic-e1a7927a_76ac_4525_a025_a4c528aecce4] (Re-)joining group
2025-08-07 12:29:20,382 INFO  [io.api.tes.ser.api.KafkaSerdesTester] (Thread-902) None found
2025-08-07 12:29:21,382 INFO  [io.api.tes.ser.api.KafkaSerdesTester] (Thread-902) None found
2025-08-07 12:29:22,382 INFO  [io.api.tes.ser.api.KafkaSerdesTester] (Thread-902) None found
2025-08-07 12:29:22,393 INFO  [org.apa.kaf.cli.con.int.ConsumerCoordinator] (Thread-902) [Consumer clientId=consumer-Consumer-topic-e1a7927a_76ac_4525_a025_a4c528aecce4-41, groupId=Consumer-topic-e1a7927a_76ac_4525_a025_a4c528aecce4] Successfully joined group with generation Generation{generationId=1, memberId='consumer-Consumer-topic-e1a7927a_76ac_4525_a025_a4c528aecce4-41-8678dcb6-75b2-42d3-9209-e83efac81a5b', protocol='range'}
2025-08-07 12:29:22,393 INFO  [org.apa.kaf.cli.con.int.ConsumerCoordinator] (Thread-902) [Consumer clientId=consumer-Consumer-topic-e1a7927a_76ac_4525_a025_a4c528aecce4-41, groupId=Consumer-topic-e1a7927a_76ac_4525_a025_a4c528aecce4] Finished assignment for group at generation 1: {consumer-Consumer-topic-e1a7927a_76ac_4525_a025_a4c528aecce4-41-8678dcb6-75b2-42d3-9209-e83efac81a5b=Assignment(partitions=[topic-e1a7927a_76ac_4525_a025_a4c528aecce4-0])}
2025-08-07 12:29:22,400 INFO  [org.apa.kaf.cli.con.int.ConsumerCoordinator] (Thread-902) [Consumer clientId=consumer-Consumer-topic-e1a7927a_76ac_4525_a025_a4c528aecce4-41, groupId=Consumer-topic-e1a7927a_76ac_4525_a025_a4c528aecce4] Successfully synced group in generation Generation{generationId=1, memberId='consumer-Consumer-topic-e1a7927a_76ac_4525_a025_a4c528aecce4-41-8678dcb6-75b2-42d3-9209-e83efac81a5b', protocol='range'}
2025-08-07 12:29:22,400 INFO  [org.apa.kaf.cli.con.int.ConsumerCoordinator] (Thread-902) [Consumer clientId=consumer-Consumer-topic-e1a7927a_76ac_4525_a025_a4c528aecce4-41, groupId=Consumer-topic-e1a7927a_76ac_4525_a025_a4c528aecce4] Notifying assignor about the new Assignment(partitions=[topic-e1a7927a_76ac_4525_a025_a4c528aecce4-0])
2025-08-07 12:29:22,400 INFO  [org.apa.kaf.cli.con.int.ConsumerRebalanceListenerInvoker] (Thread-902) [Consumer clientId=consumer-Consumer-topic-e1a7927a_76ac_4525_a025_a4c528aecce4-41, groupId=Consumer-topic-e1a7927a_76ac_4525_a025_a4c528aecce4] Adding newly assigned partitions: topic-e1a7927a_76ac_4525_a025_a4c528aecce4-0
2025-08-07 12:29:22,401 INFO  [org.apa.kaf.cli.con.int.ConsumerCoordinator] (Thread-902) [Consumer clientId=consumer-Consumer-topic-e1a7927a_76ac_4525_a025_a4c528aecce4-41, groupId=Consumer-topic-e1a7927a_76ac_4525_a025_a4c528aecce4] Found no committed offset for partition topic-e1a7927a_76ac_4525_a025_a4c528aecce4-0
2025-08-07 12:29:22,403 INFO  [org.apa.kaf.cli.con.int.SubscriptionState] (Thread-902) [Consumer clientId=consumer-Consumer-topic-e1a7927a_76ac_4525_a025_a4c528aecce4-41, groupId=Consumer-topic-e1a7927a_76ac_4525_a025_a4c528aecce4] Resetting offset for partition topic-e1a7927a_76ac_4525_a025_a4c528aecce4-0 to position FetchPosition{offset=0, offsetEpoch=Optional.empty, currentLeader=LeaderAndEpoch{leader=Optional[localhost:32769 (id: 0 rack: null)], epoch=0}}.
2025-08-07 12:29:22,651 INFO  [io.api.tes.ser.api.KafkaSerdesTester] (Thread-902) topic-e1a7927a_76ac_4525_a025_a4c528aecce4 0 0 {"key1": "value-0"}
2025-08-07 12:29:22,651 INFO  [io.api.tes.ser.api.KafkaSerdesTester] (Thread-902) topic-e1a7927a_76ac_4525_a025_a4c528aecce4 0 1 {"key1": "value-1"}
2025-08-07 12:29:22,651 INFO  [io.api.tes.ser.api.KafkaSerdesTester] (Thread-902) topic-e1a7927a_76ac_4525_a025_a4c528aecce4 0 2 {"key1": "value-2"}
2025-08-07 12:29:22,651 INFO  [io.api.tes.ser.api.KafkaSerdesTester] (Thread-902) topic-e1a7927a_76ac_4525_a025_a4c528aecce4 0 3 {"key1": "value-3"}
2025-08-07 12:29:22,651 INFO  [io.api.tes.ser.api.KafkaSerdesTester] (Thread-902) topic-e1a7927a_76ac_4525_a025_a4c528aecce4 0 4 {"key1": "value-4"}
2025-08-07 12:29:22,651 INFO  [io.api.tes.ser.api.KafkaSerdesTester] (Thread-902) topic-e1a7927a_76ac_4525_a025_a4c528aecce4 0 5 {"key1": "value-5"}
2025-08-07 12:29:22,651 INFO  [io.api.tes.ser.api.KafkaSerdesTester] (Thread-902) topic-e1a7927a_76ac_4525_a025_a4c528aecce4 0 6 {"key1": "value-6"}
2025-08-07 12:29:22,651 INFO  [io.api.tes.ser.api.KafkaSerdesTester] (Thread-902) topic-e1a7927a_76ac_4525_a025_a4c528aecce4 0 7 {"key1": "value-7"}
2025-08-07 12:29:22,651 INFO  [io.api.tes.ser.api.KafkaSerdesTester] (Thread-902) topic-e1a7927a_76ac_4525_a025_a4c528aecce4 0 8 {"key1": "value-8"}
2025-08-07 12:29:22,651 INFO  [io.api.tes.ser.api.KafkaSerdesTester] (Thread-902) topic-e1a7927a_76ac_4525_a025_a4c528aecce4 0 9 {"key1": "value-9"}
2025-08-07 12:29:22,651 INFO  [io.api.tes.ser.api.KafkaSerdesTester] (Thread-902) Consumed 10 messages
2025-08-07 12:29:22,660 INFO  [org.apa.kaf.cli.con.int.ConsumerRebalanceListenerInvoker] (Thread-902) [Consumer clientId=consumer-Consumer-topic-e1a7927a_76ac_4525_a025_a4c528aecce4-41, groupId=Consumer-topic-e1a7927a_76ac_4525_a025_a4c528aecce4] Revoke previously assigned partitions topic-e1a7927a_76ac_4525_a025_a4c528aecce4-0
2025-08-07 12:29:22,660 INFO  [org.apa.kaf.cli.con.int.ConsumerCoordinator] (Thread-902) [Consumer clientId=consumer-Consumer-topic-e1a7927a_76ac_4525_a025_a4c528aecce4-41, groupId=Consumer-topic-e1a7927a_76ac_4525_a025_a4c528aecce4] Member consumer-Consumer-topic-e1a7927a_76ac_4525_a025_a4c528aecce4-41-8678dcb6-75b2-42d3-9209-e83efac81a5b sending LeaveGroup request to coordinator localhost:32769 (id: 2147483647 rack: null) due to the consumer is being closed
2025-08-07 12:29:22,660 INFO  [org.apa.kaf.cli.con.int.ConsumerCoordinator] (Thread-902) [Consumer clientId=consumer-Consumer-topic-e1a7927a_76ac_4525_a025_a4c528aecce4-41, groupId=Consumer-topic-e1a7927a_76ac_4525_a025_a4c528aecce4] Resetting generation and member id due to: consumer pro-actively leaving the group
2025-08-07 12:29:22,660 INFO  [org.apa.kaf.cli.con.int.ConsumerCoordinator] (Thread-902) [Consumer clientId=consumer-Consumer-topic-e1a7927a_76ac_4525_a025_a4c528aecce4-41, groupId=Consumer-topic-e1a7927a_76ac_4525_a025_a4c528aecce4] Request joining group due to: consumer pro-actively leaving the group
2025-08-07 12:29:23,154 INFO  [org.apa.kaf.com.met.Metrics] (Thread-902) Metrics scheduler closed
2025-08-07 12:29:23,154 INFO  [org.apa.kaf.com.met.Metrics] (Thread-902) Closing reporter org.apache.kafka.common.metrics.JmxReporter
2025-08-07 12:29:23,154 INFO  [org.apa.kaf.com.met.Metrics] (Thread-902) Closing reporter org.apache.kafka.common.telemetry.internals.ClientTelemetryReporter
2025-08-07 12:29:23,154 INFO  [org.apa.kaf.com.met.Metrics] (Thread-902) Metrics reporters closed
2025-08-07 12:29:23,156 INFO  [org.apa.kaf.com.uti.AppInfoParser] (Thread-902) App info kafka.consumer for consumer-Consumer-topic-e1a7927a_76ac_4525_a025_a4c528aecce4-41 unregistered
2025-08-07 12:29:23,337 INFO  [io.api.tes.ser.con.BasicConfluentSerDesIT] (main) Deleting confluent schema topic-e1a7927a_76ac_4525_a025_a4c528aecce4-value
2025-08-07 12:29:23,435 INFO  [io.api.tes.uti.TestSeparator] (main) io.apicurio.tests.serdes.confluent.BasicConfluentSerDesIT.testAvroConfluentApicurio-FINISHED
2025-08-07 12:29:23,435 INFO  [io.api.tes.uti.TestSeparator] (main) ############################################################################
Test passed: testAvroConfluentApicurio
]]></system-out>
  </testcase>
  <testcase name="testAvroConfluentSerDesWrongStrategyTopic" classname="io.apicurio.tests.serdes.confluent.BasicConfluentSerDesIT" time="0.688">
    <system-out><![CDATA[2025-08-07 12:29:23,436 INFO  [io.api.tes.uti.TestSeparator] (main) ############################################################################
2025-08-07 12:29:23,436 INFO  [io.api.tes.uti.TestSeparator] (main) io.apicurio.tests.serdes.confluent.BasicConfluentSerDesIT.testAvroConfluentSerDesWrongStrategyTopic-STARTED
2025-08-07 12:29:23,643 INFO  [io.api.tes.ser.con.BasicConfluentSerDesIT] (main) Checking that created schema is equal to the get schema
2025-08-07 12:29:23,735 INFO  [io.api.tes.ser.con.BasicConfluentSerDesIT] (main) Created schema with id:114 and name:myrecordconfluent3
**** Registry Base URL: http://registry-app-mysql.apps.ci419.apicurio-testing.org:80
2025-08-07 12:29:23,736 INFO  [org.apa.kaf.cli.pro.ProducerConfig] (main) ProducerConfig values: 
	acks = -1
	auto.include.jmx.reporter = true
	batch.size = 16384
	bootstrap.servers = [PLAINTEXT://localhost:32769]
	buffer.memory = 33554432
	client.dns.lookup = use_all_dns_ips
	client.id = Producer-topic-4fa851d8_3688_48cd_b894_2cffb0b50fb7
	compression.gzip.level = -1
	compression.lz4.level = 9
	compression.type = none
	compression.zstd.level = 3
	connections.max.idle.ms = 10000
	delivery.timeout.ms = 120000
	enable.idempotence = true
	enable.metrics.push = true
	interceptor.classes = []
	key.serializer = class org.apache.kafka.common.serialization.StringSerializer
	linger.ms = 0
	max.block.ms = 60000
	max.in.flight.requests.per.connection = 5
	max.request.size = 1048576
	metadata.max.age.ms = 300000
	metadata.max.idle.ms = 300000
	metadata.recovery.strategy = none
	metric.reporters = []
	metrics.num.samples = 2
	metrics.recording.level = INFO
	metrics.sample.window.ms = 30000
	partitioner.adaptive.partitioning.enable = true
	partitioner.availability.timeout.ms = 0
	partitioner.class = null
	partitioner.ignore.keys = false
	receive.buffer.bytes = 32768
	reconnect.backoff.max.ms = 1000
	reconnect.backoff.ms = 50
	request.timeout.ms = 5000
	retries = 2147483647
	retry.backoff.max.ms = 1000
	retry.backoff.ms = 100
	sasl.client.callback.handler.class = null
	sasl.jaas.config = null
	sasl.kerberos.kinit.cmd = /usr/bin/kinit
	sasl.kerberos.min.time.before.relogin = 60000
	sasl.kerberos.service.name = null
	sasl.kerberos.ticket.renew.jitter = 0.05
	sasl.kerberos.ticket.renew.window.factor = 0.8
	sasl.login.callback.handler.class = null
	sasl.login.class = null
	sasl.login.connect.timeout.ms = null
	sasl.login.read.timeout.ms = null
	sasl.login.refresh.buffer.seconds = 300
	sasl.login.refresh.min.period.seconds = 60
	sasl.login.refresh.window.factor = 0.8
	sasl.login.refresh.window.jitter = 0.05
	sasl.login.retry.backoff.max.ms = 10000
	sasl.login.retry.backoff.ms = 100
	sasl.mechanism = GSSAPI
	sasl.oauthbearer.clock.skew.seconds = 30
	sasl.oauthbearer.expected.audience = null
	sasl.oauthbearer.expected.issuer = null
	sasl.oauthbearer.header.urlencode = false
	sasl.oauthbearer.jwks.endpoint.refresh.ms = 3600000
	sasl.oauthbearer.jwks.endpoint.retry.backoff.max.ms = 10000
	sasl.oauthbearer.jwks.endpoint.retry.backoff.ms = 100
	sasl.oauthbearer.jwks.endpoint.url = null
	sasl.oauthbearer.scope.claim.name = scope
	sasl.oauthbearer.sub.claim.name = sub
	sasl.oauthbearer.token.endpoint.url = null
	security.protocol = PLAINTEXT
	security.providers = null
	send.buffer.bytes = 131072
	socket.connection.setup.timeout.max.ms = 30000
	socket.connection.setup.timeout.ms = 10000
	ssl.cipher.suites = null
	ssl.enabled.protocols = [TLSv1.2, TLSv1.3]
	ssl.endpoint.identification.algorithm = https
	ssl.engine.factory.class = null
	ssl.key.password = null
	ssl.keymanager.algorithm = SunX509
	ssl.keystore.certificate.chain = null
	ssl.keystore.key = null
	ssl.keystore.location = null
	ssl.keystore.password = null
	ssl.keystore.type = JKS
	ssl.protocol = TLSv1.3
	ssl.provider = null
	ssl.secure.random.implementation = null
	ssl.trustmanager.algorithm = PKIX
	ssl.truststore.certificates = null
	ssl.truststore.location = null
	ssl.truststore.password = null
	ssl.truststore.type = JKS
	transaction.timeout.ms = 60000
	transactional.id = null
	value.serializer = class io.confluent.kafka.serializers.KafkaAvroSerializer

2025-08-07 12:29:23,736 INFO  [org.apa.kaf.com.tel.int.KafkaMetricsCollector] (main) initializing Kafka metrics collector
2025-08-07 12:29:23,736 INFO  [io.con.kaf.ser.KafkaAvroSerializerConfig] (main) KafkaAvroSerializerConfig values: 
	auto.register.schemas = false
	avro.reflection.allow.null = false
	avro.remove.java.properties = false
	avro.use.logical.type.converters = false
	basic.auth.credentials.source = URL
	basic.auth.user.info = [hidden]
	bearer.auth.cache.expiry.buffer.seconds = 300
	bearer.auth.client.id = null
	bearer.auth.client.secret = null
	bearer.auth.credentials.source = STATIC_TOKEN
	bearer.auth.custom.provider.class = null
	bearer.auth.identity.pool.id = null
	bearer.auth.issuer.endpoint.url = null
	bearer.auth.logical.cluster = null
	bearer.auth.scope = null
	bearer.auth.scope.claim.name = scope
	bearer.auth.sub.claim.name = sub
	bearer.auth.token = [hidden]
	context.name.strategy = class io.confluent.kafka.serializers.context.NullContextNameStrategy
	http.connect.timeout.ms = 60000
	http.read.timeout.ms = 60000
	id.compatibility.strict = true
	key.schema.id.deserializer = class io.confluent.kafka.serializers.schema.id.DualSchemaIdDeserializer
	key.schema.id.serializer = class io.confluent.kafka.serializers.schema.id.PrefixSchemaIdSerializer
	key.subject.name.strategy = class io.confluent.kafka.serializers.subject.TopicNameStrategy
	latest.cache.size = 1000
	latest.cache.ttl.sec = -1
	latest.compatibility.strict = true
	max.retries = 3
	max.schemas.per.subject = 1000
	normalize.schemas = false
	propagate.schema.tags = false
	proxy.host = 
	proxy.port = -1
	retries.max.wait.ms = 20000
	retries.wait.ms = 1000
	rule.actions = []
	rule.executors = []
	rule.service.loader.enable = true
	schema.format = null
	schema.reflection = false
	schema.registry.basic.auth.user.info = [hidden]
	schema.registry.ssl.cipher.suites = null
	schema.registry.ssl.enabled.protocols = [TLSv1.2, TLSv1.3]
	schema.registry.ssl.endpoint.identification.algorithm = https
	schema.registry.ssl.engine.factory.class = null
	schema.registry.ssl.key.password = null
	schema.registry.ssl.keymanager.algorithm = SunX509
	schema.registry.ssl.keystore.certificate.chain = null
	schema.registry.ssl.keystore.key = null
	schema.registry.ssl.keystore.location = null
	schema.registry.ssl.keystore.password = null
	schema.registry.ssl.keystore.type = JKS
	schema.registry.ssl.protocol = TLSv1.3
	schema.registry.ssl.provider = null
	schema.registry.ssl.secure.random.implementation = null
	schema.registry.ssl.trustmanager.algorithm = PKIX
	schema.registry.ssl.truststore.certificates = null
	schema.registry.ssl.truststore.location = null
	schema.registry.ssl.truststore.password = null
	schema.registry.ssl.truststore.type = JKS
	schema.registry.url = [http://registry-app-mysql.apps.ci419.apicurio-testing.org:80/apis/ccompat/v7]
	schema.registry.url.randomize = false
	use.latest.version = false
	use.latest.with.metadata = null
	use.schema.id = -1
	value.schema.id.deserializer = class io.confluent.kafka.serializers.schema.id.DualSchemaIdDeserializer
	value.schema.id.serializer = class io.confluent.kafka.serializers.schema.id.PrefixSchemaIdSerializer
	value.subject.name.strategy = class io.confluent.kafka.serializers.subject.TopicNameStrategy

2025-08-07 12:29:23,738 INFO  [org.apa.kaf.cli.pro.KafkaProducer] (main) [Producer clientId=Producer-topic-4fa851d8_3688_48cd_b894_2cffb0b50fb7] Instantiated an idempotent producer.
2025-08-07 12:29:23,742 INFO  [org.apa.kaf.cli.pro.ProducerConfig] (main) These configurations '[schema.registry.url, auto.register.schemas, value.subject.name.strategy]' were supplied but are not used yet.
2025-08-07 12:29:23,742 INFO  [org.apa.kaf.com.uti.AppInfoParser] (main) Kafka version: 3.9.1
2025-08-07 12:29:23,742 INFO  [org.apa.kaf.com.uti.AppInfoParser] (main) Kafka commitId: f745dfdcee2b9851
2025-08-07 12:29:23,742 INFO  [org.apa.kaf.com.uti.AppInfoParser] (main) Kafka startTimeMs: 1754569763742
2025-08-07 12:29:23,744 INFO  [io.api.tes.ser.api.KafkaSerdesTester] (Thread-903) Sending message {"key1": "value-0"} to topic topic-4fa851d8_3688_48cd_b894_2cffb0b50fb7
2025-08-07 12:29:23,744 INFO  [org.apa.kaf.cli.Metadata] (kafka-producer-network-thread | Producer-topic-4fa851d8_3688_48cd_b894_2cffb0b50fb7) [Producer clientId=Producer-topic-4fa851d8_3688_48cd_b894_2cffb0b50fb7] Cluster ID: w_73WABzQ2iBfYWfnNB4Cg
2025-08-07 12:29:23,746 INFO  [org.apa.kaf.cli.pro.int.TransactionManager] (kafka-producer-network-thread | Producer-topic-4fa851d8_3688_48cd_b894_2cffb0b50fb7) [Producer clientId=Producer-topic-4fa851d8_3688_48cd_b894_2cffb0b50fb7] ProducerId set to 55 with epoch 0
2025-08-07 12:29:23,844 INFO  [org.apa.kaf.cli.pro.KafkaProducer] (Thread-903) [Producer clientId=Producer-topic-4fa851d8_3688_48cd_b894_2cffb0b50fb7] Closing the Kafka producer with timeoutMillis = 9223372036854775807 ms.
2025-08-07 12:29:23,846 INFO  [org.apa.kaf.com.met.Metrics] (Thread-903) Metrics scheduler closed
2025-08-07 12:29:23,846 INFO  [org.apa.kaf.com.met.Metrics] (Thread-903) Closing reporter org.apache.kafka.common.metrics.JmxReporter
2025-08-07 12:29:23,846 INFO  [org.apa.kaf.com.met.Metrics] (Thread-903) Closing reporter org.apache.kafka.common.telemetry.internals.ClientTelemetryReporter
2025-08-07 12:29:23,846 INFO  [org.apa.kaf.com.met.Metrics] (Thread-903) Metrics reporters closed
2025-08-07 12:29:23,846 INFO  [org.apa.kaf.com.uti.AppInfoParser] (Thread-903) App info kafka.producer for Producer-topic-4fa851d8_3688_48cd_b894_2cffb0b50fb7 unregistered
2025-08-07 12:29:24,023 INFO  [io.api.tes.ser.con.BasicConfluentSerDesIT] (main) Deleting confluent schema myrecordconfluent3
2025-08-07 12:29:24,123 INFO  [io.api.tes.uti.TestSeparator] (main) io.apicurio.tests.serdes.confluent.BasicConfluentSerDesIT.testAvroConfluentSerDesWrongStrategyTopic-FINISHED
2025-08-07 12:29:24,123 INFO  [io.api.tes.uti.TestSeparator] (main) ############################################################################
Test passed: testAvroConfluentSerDesWrongStrategyTopic
]]></system-out>
  </testcase>
  <testcase name="testAvroApicurioConfluent" classname="io.apicurio.tests.serdes.confluent.BasicConfluentSerDesIT" time="5.329">
    <system-out><![CDATA[2025-08-07 12:29:24,124 INFO  [io.api.tes.uti.TestSeparator] (main) ############################################################################
2025-08-07 12:29:24,124 INFO  [io.api.tes.uti.TestSeparator] (main) io.apicurio.tests.serdes.confluent.BasicConfluentSerDesIT.testAvroApicurioConfluent-STARTED
**** Registry Base URL: http://registry-app-mysql.apps.ci419.apicurio-testing.org:80
2025-08-07 12:29:25,332 INFO  [org.apa.kaf.cli.pro.ProducerConfig] (main) ProducerConfig values: 
	acks = -1
	auto.include.jmx.reporter = true
	batch.size = 16384
	bootstrap.servers = [PLAINTEXT://localhost:32769]
	buffer.memory = 33554432
	client.dns.lookup = use_all_dns_ips
	client.id = Producer-topic-eeff22e6_a4f9_4e4b_83dc_8b3c7ab74297
	compression.gzip.level = -1
	compression.lz4.level = 9
	compression.type = none
	compression.zstd.level = 3
	connections.max.idle.ms = 10000
	delivery.timeout.ms = 120000
	enable.idempotence = true
	enable.metrics.push = true
	interceptor.classes = []
	key.serializer = class org.apache.kafka.common.serialization.StringSerializer
	linger.ms = 0
	max.block.ms = 60000
	max.in.flight.requests.per.connection = 5
	max.request.size = 1048576
	metadata.max.age.ms = 300000
	metadata.max.idle.ms = 300000
	metadata.recovery.strategy = none
	metric.reporters = []
	metrics.num.samples = 2
	metrics.recording.level = INFO
	metrics.sample.window.ms = 30000
	partitioner.adaptive.partitioning.enable = true
	partitioner.availability.timeout.ms = 0
	partitioner.class = null
	partitioner.ignore.keys = false
	receive.buffer.bytes = 32768
	reconnect.backoff.max.ms = 1000
	reconnect.backoff.ms = 50
	request.timeout.ms = 5000
	retries = 2147483647
	retry.backoff.max.ms = 1000
	retry.backoff.ms = 100
	sasl.client.callback.handler.class = null
	sasl.jaas.config = null
	sasl.kerberos.kinit.cmd = /usr/bin/kinit
	sasl.kerberos.min.time.before.relogin = 60000
	sasl.kerberos.service.name = null
	sasl.kerberos.ticket.renew.jitter = 0.05
	sasl.kerberos.ticket.renew.window.factor = 0.8
	sasl.login.callback.handler.class = null
	sasl.login.class = null
	sasl.login.connect.timeout.ms = null
	sasl.login.read.timeout.ms = null
	sasl.login.refresh.buffer.seconds = 300
	sasl.login.refresh.min.period.seconds = 60
	sasl.login.refresh.window.factor = 0.8
	sasl.login.refresh.window.jitter = 0.05
	sasl.login.retry.backoff.max.ms = 10000
	sasl.login.retry.backoff.ms = 100
	sasl.mechanism = GSSAPI
	sasl.oauthbearer.clock.skew.seconds = 30
	sasl.oauthbearer.expected.audience = null
	sasl.oauthbearer.expected.issuer = null
	sasl.oauthbearer.header.urlencode = false
	sasl.oauthbearer.jwks.endpoint.refresh.ms = 3600000
	sasl.oauthbearer.jwks.endpoint.retry.backoff.max.ms = 10000
	sasl.oauthbearer.jwks.endpoint.retry.backoff.ms = 100
	sasl.oauthbearer.jwks.endpoint.url = null
	sasl.oauthbearer.scope.claim.name = scope
	sasl.oauthbearer.sub.claim.name = sub
	sasl.oauthbearer.token.endpoint.url = null
	security.protocol = PLAINTEXT
	security.providers = null
	send.buffer.bytes = 131072
	socket.connection.setup.timeout.max.ms = 30000
	socket.connection.setup.timeout.ms = 10000
	ssl.cipher.suites = null
	ssl.enabled.protocols = [TLSv1.2, TLSv1.3]
	ssl.endpoint.identification.algorithm = https
	ssl.engine.factory.class = null
	ssl.key.password = null
	ssl.keymanager.algorithm = SunX509
	ssl.keystore.certificate.chain = null
	ssl.keystore.key = null
	ssl.keystore.location = null
	ssl.keystore.password = null
	ssl.keystore.type = JKS
	ssl.protocol = TLSv1.3
	ssl.provider = null
	ssl.secure.random.implementation = null
	ssl.trustmanager.algorithm = PKIX
	ssl.truststore.certificates = null
	ssl.truststore.location = null
	ssl.truststore.password = null
	ssl.truststore.type = JKS
	transaction.timeout.ms = 60000
	transactional.id = null
	value.serializer = class io.apicurio.registry.serde.avro.AvroKafkaSerializer

2025-08-07 12:29:25,332 INFO  [org.apa.kaf.com.tel.int.KafkaMetricsCollector] (main) initializing Kafka metrics collector
2025-08-07 12:29:25,335 INFO  [org.apa.kaf.cli.pro.KafkaProducer] (main) [Producer clientId=Producer-topic-eeff22e6_a4f9_4e4b_83dc_8b3c7ab74297] Instantiated an idempotent producer.
2025-08-07 12:29:25,336 INFO  [org.apa.kaf.cli.pro.ProducerConfig] (main) These configurations '[apicurio.registry.url, apicurio.registry.artifact-resolver-strategy]' were supplied but are not used yet.
2025-08-07 12:29:25,337 INFO  [org.apa.kaf.com.uti.AppInfoParser] (main) Kafka version: 3.9.1
2025-08-07 12:29:25,337 INFO  [org.apa.kaf.com.uti.AppInfoParser] (main) Kafka commitId: f745dfdcee2b9851
2025-08-07 12:29:25,337 INFO  [org.apa.kaf.com.uti.AppInfoParser] (main) Kafka startTimeMs: 1754569765336
2025-08-07 12:29:25,337 INFO  [io.api.tes.ser.api.SimpleSerdesTesterBuilder$SimpleSerdesTester] (main) Using producer configuration: {apicurio.registry.url=http://registry-app-mysql.apps.ci419.apicurio-testing.org:80/apis/registry/v3, apicurio.registry.artifact-resolver-strategy=io.apicurio.registry.serde.strategy.TopicIdStrategy, value.serializer=io.apicurio.registry.serde.avro.AvroKafkaSerializer, request.timeout.ms=5000, acks=all, bootstrap.servers=PLAINTEXT://localhost:32769, connections.max.idle.ms=10000, key.serializer=org.apache.kafka.common.serialization.StringSerializer, client.id=Producer-topic-eeff22e6_a4f9_4e4b_83dc_8b3c7ab74297}
2025-08-07 12:29:25,337 INFO  [io.api.tes.ser.api.SimpleSerdesTesterBuilder$SimpleSerdesTester] (main) Using consumer configuration: {}
2025-08-07 12:29:25,338 INFO  [io.api.tes.ser.api.KafkaSerdesTester] (Thread-906) Sending message {"key1": "value-0"} to topic topic-eeff22e6_a4f9_4e4b_83dc_8b3c7ab74297
2025-08-07 12:29:25,342 INFO  [org.apa.kaf.cli.Metadata] (kafka-producer-network-thread | Producer-topic-eeff22e6_a4f9_4e4b_83dc_8b3c7ab74297) [Producer clientId=Producer-topic-eeff22e6_a4f9_4e4b_83dc_8b3c7ab74297] Cluster ID: w_73WABzQ2iBfYWfnNB4Cg
2025-08-07 12:29:25,342 INFO  [DefaultSchemaResolver] (Thread-906) Retrieving schema content using string: {"type":"record","name":"myrecordconfluent1","fields":[{"name":"key1","type":"string"}]}
2025-08-07 12:29:25,342 INFO  [org.apa.kaf.cli.pro.int.TransactionManager] (kafka-producer-network-thread | Producer-topic-eeff22e6_a4f9_4e4b_83dc_8b3c7ab74297) [Producer clientId=Producer-topic-eeff22e6_a4f9_4e4b_83dc_8b3c7ab74297] ProducerId set to 56 with epoch 0
2025-08-07 12:29:25,533 INFO  [io.api.tes.ser.api.KafkaSerdesTester] (Thread-906) Sending message {"key1": "value-1"} to topic topic-eeff22e6_a4f9_4e4b_83dc_8b3c7ab74297
2025-08-07 12:29:25,534 INFO  [io.api.tes.ser.api.KafkaSerdesTester] (Thread-906) Sending message {"key1": "value-2"} to topic topic-eeff22e6_a4f9_4e4b_83dc_8b3c7ab74297
2025-08-07 12:29:25,535 INFO  [io.api.tes.ser.api.KafkaSerdesTester] (Thread-906) Sending message {"key1": "value-3"} to topic topic-eeff22e6_a4f9_4e4b_83dc_8b3c7ab74297
2025-08-07 12:29:25,536 INFO  [io.api.tes.ser.api.KafkaSerdesTester] (Thread-906) Sending message {"key1": "value-4"} to topic topic-eeff22e6_a4f9_4e4b_83dc_8b3c7ab74297
2025-08-07 12:29:25,536 INFO  [io.api.tes.ser.api.KafkaSerdesTester] (Thread-906) Sending message {"key1": "value-5"} to topic topic-eeff22e6_a4f9_4e4b_83dc_8b3c7ab74297
2025-08-07 12:29:25,537 INFO  [io.api.tes.ser.api.KafkaSerdesTester] (Thread-906) Sending message {"key1": "value-6"} to topic topic-eeff22e6_a4f9_4e4b_83dc_8b3c7ab74297
2025-08-07 12:29:25,538 INFO  [io.api.tes.ser.api.KafkaSerdesTester] (Thread-906) Sending message {"key1": "value-7"} to topic topic-eeff22e6_a4f9_4e4b_83dc_8b3c7ab74297
2025-08-07 12:29:25,539 INFO  [io.api.tes.ser.api.KafkaSerdesTester] (Thread-906) Sending message {"key1": "value-8"} to topic topic-eeff22e6_a4f9_4e4b_83dc_8b3c7ab74297
2025-08-07 12:29:25,540 INFO  [io.api.tes.ser.api.KafkaSerdesTester] (Thread-906) Sending message {"key1": "value-9"} to topic topic-eeff22e6_a4f9_4e4b_83dc_8b3c7ab74297
2025-08-07 12:29:25,541 INFO  [io.api.tes.ser.api.KafkaSerdesTester] (Thread-906) Produced 10 messages
2025-08-07 12:29:25,541 INFO  [org.apa.kaf.cli.pro.KafkaProducer] (Thread-906) [Producer clientId=Producer-topic-eeff22e6_a4f9_4e4b_83dc_8b3c7ab74297] Closing the Kafka producer with timeoutMillis = 9223372036854775807 ms.
2025-08-07 12:29:25,543 INFO  [org.apa.kaf.com.met.Metrics] (Thread-906) Metrics scheduler closed
2025-08-07 12:29:25,543 INFO  [org.apa.kaf.com.met.Metrics] (Thread-906) Closing reporter org.apache.kafka.common.metrics.JmxReporter
2025-08-07 12:29:25,543 INFO  [org.apa.kaf.com.met.Metrics] (Thread-906) Closing reporter org.apache.kafka.common.telemetry.internals.ClientTelemetryReporter
2025-08-07 12:29:25,543 INFO  [org.apa.kaf.com.met.Metrics] (Thread-906) Metrics reporters closed
2025-08-07 12:29:25,543 INFO  [org.apa.kaf.com.uti.AppInfoParser] (Thread-906) App info kafka.producer for Producer-topic-eeff22e6_a4f9_4e4b_83dc_8b3c7ab74297 unregistered
**** Registry Base URL: http://registry-app-mysql.apps.ci419.apicurio-testing.org:80
2025-08-07 12:29:25,544 INFO  [org.apa.kaf.cli.con.ConsumerConfig] (main) ConsumerConfig values: 
	allow.auto.create.topics = true
	auto.commit.interval.ms = 500
	auto.include.jmx.reporter = true
	auto.offset.reset = earliest
	bootstrap.servers = [PLAINTEXT://localhost:32769]
	check.crcs = true
	client.dns.lookup = use_all_dns_ips
	client.id = consumer-Consumer-topic-eeff22e6_a4f9_4e4b_83dc_8b3c7ab74297-42
	client.rack = 
	connections.max.idle.ms = 10000
	default.api.timeout.ms = 60000
	enable.auto.commit = true
	enable.metrics.push = true
	exclude.internal.topics = true
	fetch.max.bytes = 52428800
	fetch.max.wait.ms = 500
	fetch.min.bytes = 1
	group.id = Consumer-topic-eeff22e6_a4f9_4e4b_83dc_8b3c7ab74297
	group.instance.id = null
	group.protocol = classic
	group.remote.assignor = null
	heartbeat.interval.ms = 3000
	interceptor.classes = []
	internal.leave.group.on.close = true
	internal.throw.on.fetch.stable.offset.unsupported = false
	isolation.level = read_uncommitted
	key.deserializer = class org.apache.kafka.common.serialization.StringDeserializer
	max.partition.fetch.bytes = 1048576
	max.poll.interval.ms = 300000
	max.poll.records = 500
	metadata.max.age.ms = 300000
	metadata.recovery.strategy = none
	metric.reporters = []
	metrics.num.samples = 2
	metrics.recording.level = INFO
	metrics.sample.window.ms = 30000
	partition.assignment.strategy = [class org.apache.kafka.clients.consumer.RangeAssignor, class org.apache.kafka.clients.consumer.CooperativeStickyAssignor]
	receive.buffer.bytes = 65536
	reconnect.backoff.max.ms = 1000
	reconnect.backoff.ms = 50
	request.timeout.ms = 5000
	retry.backoff.max.ms = 1000
	retry.backoff.ms = 100
	sasl.client.callback.handler.class = null
	sasl.jaas.config = null
	sasl.kerberos.kinit.cmd = /usr/bin/kinit
	sasl.kerberos.min.time.before.relogin = 60000
	sasl.kerberos.service.name = null
	sasl.kerberos.ticket.renew.jitter = 0.05
	sasl.kerberos.ticket.renew.window.factor = 0.8
	sasl.login.callback.handler.class = null
	sasl.login.class = null
	sasl.login.connect.timeout.ms = null
	sasl.login.read.timeout.ms = null
	sasl.login.refresh.buffer.seconds = 300
	sasl.login.refresh.min.period.seconds = 60
	sasl.login.refresh.window.factor = 0.8
	sasl.login.refresh.window.jitter = 0.05
	sasl.login.retry.backoff.max.ms = 10000
	sasl.login.retry.backoff.ms = 100
	sasl.mechanism = GSSAPI
	sasl.oauthbearer.clock.skew.seconds = 30
	sasl.oauthbearer.expected.audience = null
	sasl.oauthbearer.expected.issuer = null
	sasl.oauthbearer.header.urlencode = false
	sasl.oauthbearer.jwks.endpoint.refresh.ms = 3600000
	sasl.oauthbearer.jwks.endpoint.retry.backoff.max.ms = 10000
	sasl.oauthbearer.jwks.endpoint.retry.backoff.ms = 100
	sasl.oauthbearer.jwks.endpoint.url = null
	sasl.oauthbearer.scope.claim.name = scope
	sasl.oauthbearer.sub.claim.name = sub
	sasl.oauthbearer.token.endpoint.url = null
	security.protocol = PLAINTEXT
	security.providers = null
	send.buffer.bytes = 131072
	session.timeout.ms = 45000
	socket.connection.setup.timeout.max.ms = 30000
	socket.connection.setup.timeout.ms = 10000
	ssl.cipher.suites = null
	ssl.enabled.protocols = [TLSv1.2, TLSv1.3]
	ssl.endpoint.identification.algorithm = https
	ssl.engine.factory.class = null
	ssl.key.password = null
	ssl.keymanager.algorithm = SunX509
	ssl.keystore.certificate.chain = null
	ssl.keystore.key = null
	ssl.keystore.location = null
	ssl.keystore.password = null
	ssl.keystore.type = JKS
	ssl.protocol = TLSv1.3
	ssl.provider = null
	ssl.secure.random.implementation = null
	ssl.trustmanager.algorithm = PKIX
	ssl.truststore.certificates = null
	ssl.truststore.location = null
	ssl.truststore.password = null
	ssl.truststore.type = JKS
	value.deserializer = class io.confluent.kafka.serializers.KafkaAvroDeserializer

2025-08-07 12:29:25,544 INFO  [org.apa.kaf.com.tel.int.KafkaMetricsCollector] (main) initializing Kafka metrics collector
2025-08-07 12:29:25,544 INFO  [io.con.kaf.ser.KafkaAvroDeserializerConfig] (main) KafkaAvroDeserializerConfig values: 
	auto.register.schemas = true
	avro.reflection.allow.null = false
	avro.use.logical.type.converters = false
	basic.auth.credentials.source = URL
	basic.auth.user.info = [hidden]
	bearer.auth.cache.expiry.buffer.seconds = 300
	bearer.auth.client.id = null
	bearer.auth.client.secret = null
	bearer.auth.credentials.source = STATIC_TOKEN
	bearer.auth.custom.provider.class = null
	bearer.auth.identity.pool.id = null
	bearer.auth.issuer.endpoint.url = null
	bearer.auth.logical.cluster = null
	bearer.auth.scope = null
	bearer.auth.scope.claim.name = scope
	bearer.auth.sub.claim.name = sub
	bearer.auth.token = [hidden]
	context.name.strategy = class io.confluent.kafka.serializers.context.NullContextNameStrategy
	http.connect.timeout.ms = 60000
	http.read.timeout.ms = 60000
	id.compatibility.strict = true
	key.schema.id.deserializer = class io.confluent.kafka.serializers.schema.id.DualSchemaIdDeserializer
	key.schema.id.serializer = class io.confluent.kafka.serializers.schema.id.PrefixSchemaIdSerializer
	key.subject.name.strategy = class io.confluent.kafka.serializers.subject.TopicNameStrategy
	latest.cache.size = 1000
	latest.cache.ttl.sec = -1
	latest.compatibility.strict = true
	max.retries = 3
	max.schemas.per.subject = 1000
	normalize.schemas = false
	propagate.schema.tags = false
	proxy.host = 
	proxy.port = -1
	retries.max.wait.ms = 20000
	retries.wait.ms = 1000
	rule.actions = []
	rule.executors = []
	rule.service.loader.enable = true
	schema.format = null
	schema.reflection = false
	schema.registry.basic.auth.user.info = [hidden]
	schema.registry.ssl.cipher.suites = null
	schema.registry.ssl.enabled.protocols = [TLSv1.2, TLSv1.3]
	schema.registry.ssl.endpoint.identification.algorithm = https
	schema.registry.ssl.engine.factory.class = null
	schema.registry.ssl.key.password = null
	schema.registry.ssl.keymanager.algorithm = SunX509
	schema.registry.ssl.keystore.certificate.chain = null
	schema.registry.ssl.keystore.key = null
	schema.registry.ssl.keystore.location = null
	schema.registry.ssl.keystore.password = null
	schema.registry.ssl.keystore.type = JKS
	schema.registry.ssl.protocol = TLSv1.3
	schema.registry.ssl.provider = null
	schema.registry.ssl.secure.random.implementation = null
	schema.registry.ssl.trustmanager.algorithm = PKIX
	schema.registry.ssl.truststore.certificates = null
	schema.registry.ssl.truststore.location = null
	schema.registry.ssl.truststore.password = null
	schema.registry.ssl.truststore.type = JKS
	schema.registry.url = [http://registry-app-mysql.apps.ci419.apicurio-testing.org:80/apis/ccompat/v7]
	schema.registry.url.randomize = false
	specific.avro.key.type = null
	specific.avro.reader = false
	specific.avro.value.type = null
	use.latest.version = false
	use.latest.with.metadata = null
	use.schema.id = -1
	value.schema.id.deserializer = class io.confluent.kafka.serializers.schema.id.DualSchemaIdDeserializer
	value.schema.id.serializer = class io.confluent.kafka.serializers.schema.id.PrefixSchemaIdSerializer
	value.subject.name.strategy = class io.confluent.kafka.serializers.subject.TopicNameStrategy

2025-08-07 12:29:25,549 INFO  [org.apa.kaf.cli.con.ConsumerConfig] (main) These configurations '[schema.registry.url]' were supplied but are not used yet.
2025-08-07 12:29:25,549 INFO  [org.apa.kaf.com.uti.AppInfoParser] (main) Kafka version: 3.9.1
2025-08-07 12:29:25,549 INFO  [org.apa.kaf.com.uti.AppInfoParser] (main) Kafka commitId: f745dfdcee2b9851
2025-08-07 12:29:25,549 INFO  [org.apa.kaf.com.uti.AppInfoParser] (main) Kafka startTimeMs: 1754569765549
2025-08-07 12:29:25,550 INFO  [org.apa.kaf.cli.con.int.ClassicKafkaConsumer] (Thread-907) [Consumer clientId=consumer-Consumer-topic-eeff22e6_a4f9_4e4b_83dc_8b3c7ab74297-42, groupId=Consumer-topic-eeff22e6_a4f9_4e4b_83dc_8b3c7ab74297] Subscribed to topic(s): topic-eeff22e6_a4f9_4e4b_83dc_8b3c7ab74297
2025-08-07 12:29:25,554 INFO  [org.apa.kaf.cli.Metadata] (Thread-907) [Consumer clientId=consumer-Consumer-topic-eeff22e6_a4f9_4e4b_83dc_8b3c7ab74297-42, groupId=Consumer-topic-eeff22e6_a4f9_4e4b_83dc_8b3c7ab74297] Cluster ID: w_73WABzQ2iBfYWfnNB4Cg
2025-08-07 12:29:25,554 INFO  [org.apa.kaf.cli.con.int.ConsumerCoordinator] (Thread-907) [Consumer clientId=consumer-Consumer-topic-eeff22e6_a4f9_4e4b_83dc_8b3c7ab74297-42, groupId=Consumer-topic-eeff22e6_a4f9_4e4b_83dc_8b3c7ab74297] Discovered group coordinator localhost:32769 (id: 2147483647 rack: null)
2025-08-07 12:29:25,555 INFO  [org.apa.kaf.cli.con.int.ConsumerCoordinator] (Thread-907) [Consumer clientId=consumer-Consumer-topic-eeff22e6_a4f9_4e4b_83dc_8b3c7ab74297-42, groupId=Consumer-topic-eeff22e6_a4f9_4e4b_83dc_8b3c7ab74297] (Re-)joining group
2025-08-07 12:29:25,558 INFO  [org.apa.kaf.cli.con.int.ConsumerCoordinator] (Thread-907) [Consumer clientId=consumer-Consumer-topic-eeff22e6_a4f9_4e4b_83dc_8b3c7ab74297-42, groupId=Consumer-topic-eeff22e6_a4f9_4e4b_83dc_8b3c7ab74297] Request joining group due to: need to re-join with the given member-id: consumer-Consumer-topic-eeff22e6_a4f9_4e4b_83dc_8b3c7ab74297-42-d3e76c45-9466-4512-93ca-bff75279c06a
2025-08-07 12:29:25,558 INFO  [org.apa.kaf.cli.con.int.ConsumerCoordinator] (Thread-907) [Consumer clientId=consumer-Consumer-topic-eeff22e6_a4f9_4e4b_83dc_8b3c7ab74297-42, groupId=Consumer-topic-eeff22e6_a4f9_4e4b_83dc_8b3c7ab74297] (Re-)joining group
2025-08-07 12:29:26,550 INFO  [io.api.tes.ser.api.KafkaSerdesTester] (Thread-907) None found
2025-08-07 12:29:27,550 INFO  [io.api.tes.ser.api.KafkaSerdesTester] (Thread-907) None found
2025-08-07 12:29:28,551 INFO  [io.api.tes.ser.api.KafkaSerdesTester] (Thread-907) None found
2025-08-07 12:29:28,560 INFO  [org.apa.kaf.cli.con.int.ConsumerCoordinator] (Thread-907) [Consumer clientId=consumer-Consumer-topic-eeff22e6_a4f9_4e4b_83dc_8b3c7ab74297-42, groupId=Consumer-topic-eeff22e6_a4f9_4e4b_83dc_8b3c7ab74297] Successfully joined group with generation Generation{generationId=1, memberId='consumer-Consumer-topic-eeff22e6_a4f9_4e4b_83dc_8b3c7ab74297-42-d3e76c45-9466-4512-93ca-bff75279c06a', protocol='range'}
2025-08-07 12:29:28,560 INFO  [org.apa.kaf.cli.con.int.ConsumerCoordinator] (Thread-907) [Consumer clientId=consumer-Consumer-topic-eeff22e6_a4f9_4e4b_83dc_8b3c7ab74297-42, groupId=Consumer-topic-eeff22e6_a4f9_4e4b_83dc_8b3c7ab74297] Finished assignment for group at generation 1: {consumer-Consumer-topic-eeff22e6_a4f9_4e4b_83dc_8b3c7ab74297-42-d3e76c45-9466-4512-93ca-bff75279c06a=Assignment(partitions=[topic-eeff22e6_a4f9_4e4b_83dc_8b3c7ab74297-0])}
2025-08-07 12:29:28,567 INFO  [org.apa.kaf.cli.con.int.ConsumerCoordinator] (Thread-907) [Consumer clientId=consumer-Consumer-topic-eeff22e6_a4f9_4e4b_83dc_8b3c7ab74297-42, groupId=Consumer-topic-eeff22e6_a4f9_4e4b_83dc_8b3c7ab74297] Successfully synced group in generation Generation{generationId=1, memberId='consumer-Consumer-topic-eeff22e6_a4f9_4e4b_83dc_8b3c7ab74297-42-d3e76c45-9466-4512-93ca-bff75279c06a', protocol='range'}
2025-08-07 12:29:28,567 INFO  [org.apa.kaf.cli.con.int.ConsumerCoordinator] (Thread-907) [Consumer clientId=consumer-Consumer-topic-eeff22e6_a4f9_4e4b_83dc_8b3c7ab74297-42, groupId=Consumer-topic-eeff22e6_a4f9_4e4b_83dc_8b3c7ab74297] Notifying assignor about the new Assignment(partitions=[topic-eeff22e6_a4f9_4e4b_83dc_8b3c7ab74297-0])
2025-08-07 12:29:28,567 INFO  [org.apa.kaf.cli.con.int.ConsumerRebalanceListenerInvoker] (Thread-907) [Consumer clientId=consumer-Consumer-topic-eeff22e6_a4f9_4e4b_83dc_8b3c7ab74297-42, groupId=Consumer-topic-eeff22e6_a4f9_4e4b_83dc_8b3c7ab74297] Adding newly assigned partitions: topic-eeff22e6_a4f9_4e4b_83dc_8b3c7ab74297-0
2025-08-07 12:29:28,568 INFO  [org.apa.kaf.cli.con.int.ConsumerCoordinator] (Thread-907) [Consumer clientId=consumer-Consumer-topic-eeff22e6_a4f9_4e4b_83dc_8b3c7ab74297-42, groupId=Consumer-topic-eeff22e6_a4f9_4e4b_83dc_8b3c7ab74297] Found no committed offset for partition topic-eeff22e6_a4f9_4e4b_83dc_8b3c7ab74297-0
2025-08-07 12:29:28,573 INFO  [org.apa.kaf.cli.con.int.SubscriptionState] (Thread-907) [Consumer clientId=consumer-Consumer-topic-eeff22e6_a4f9_4e4b_83dc_8b3c7ab74297-42, groupId=Consumer-topic-eeff22e6_a4f9_4e4b_83dc_8b3c7ab74297] Resetting offset for partition topic-eeff22e6_a4f9_4e4b_83dc_8b3c7ab74297-0 to position FetchPosition{offset=0, offsetEpoch=Optional.empty, currentLeader=LeaderAndEpoch{leader=Optional[localhost:32769 (id: 0 rack: null)], epoch=0}}.
2025-08-07 12:29:28,667 INFO  [io.api.tes.ser.api.KafkaSerdesTester] (Thread-907) topic-eeff22e6_a4f9_4e4b_83dc_8b3c7ab74297 0 0 {"key1": "value-0"}
2025-08-07 12:29:28,667 INFO  [io.api.tes.ser.api.KafkaSerdesTester] (Thread-907) topic-eeff22e6_a4f9_4e4b_83dc_8b3c7ab74297 0 1 {"key1": "value-1"}
2025-08-07 12:29:28,667 INFO  [io.api.tes.ser.api.KafkaSerdesTester] (Thread-907) topic-eeff22e6_a4f9_4e4b_83dc_8b3c7ab74297 0 2 {"key1": "value-2"}
2025-08-07 12:29:28,667 INFO  [io.api.tes.ser.api.KafkaSerdesTester] (Thread-907) topic-eeff22e6_a4f9_4e4b_83dc_8b3c7ab74297 0 3 {"key1": "value-3"}
2025-08-07 12:29:28,667 INFO  [io.api.tes.ser.api.KafkaSerdesTester] (Thread-907) topic-eeff22e6_a4f9_4e4b_83dc_8b3c7ab74297 0 4 {"key1": "value-4"}
2025-08-07 12:29:28,667 INFO  [io.api.tes.ser.api.KafkaSerdesTester] (Thread-907) topic-eeff22e6_a4f9_4e4b_83dc_8b3c7ab74297 0 5 {"key1": "value-5"}
2025-08-07 12:29:28,667 INFO  [io.api.tes.ser.api.KafkaSerdesTester] (Thread-907) topic-eeff22e6_a4f9_4e4b_83dc_8b3c7ab74297 0 6 {"key1": "value-6"}
2025-08-07 12:29:28,667 INFO  [io.api.tes.ser.api.KafkaSerdesTester] (Thread-907) topic-eeff22e6_a4f9_4e4b_83dc_8b3c7ab74297 0 7 {"key1": "value-7"}
2025-08-07 12:29:28,667 INFO  [io.api.tes.ser.api.KafkaSerdesTester] (Thread-907) topic-eeff22e6_a4f9_4e4b_83dc_8b3c7ab74297 0 8 {"key1": "value-8"}
2025-08-07 12:29:28,667 INFO  [io.api.tes.ser.api.KafkaSerdesTester] (Thread-907) topic-eeff22e6_a4f9_4e4b_83dc_8b3c7ab74297 0 9 {"key1": "value-9"}
2025-08-07 12:29:28,667 INFO  [io.api.tes.ser.api.KafkaSerdesTester] (Thread-907) Consumed 10 messages
2025-08-07 12:29:28,674 INFO  [org.apa.kaf.cli.con.int.ConsumerRebalanceListenerInvoker] (Thread-907) [Consumer clientId=consumer-Consumer-topic-eeff22e6_a4f9_4e4b_83dc_8b3c7ab74297-42, groupId=Consumer-topic-eeff22e6_a4f9_4e4b_83dc_8b3c7ab74297] Revoke previously assigned partitions topic-eeff22e6_a4f9_4e4b_83dc_8b3c7ab74297-0
2025-08-07 12:29:28,674 INFO  [org.apa.kaf.cli.con.int.ConsumerCoordinator] (Thread-907) [Consumer clientId=consumer-Consumer-topic-eeff22e6_a4f9_4e4b_83dc_8b3c7ab74297-42, groupId=Consumer-topic-eeff22e6_a4f9_4e4b_83dc_8b3c7ab74297] Member consumer-Consumer-topic-eeff22e6_a4f9_4e4b_83dc_8b3c7ab74297-42-d3e76c45-9466-4512-93ca-bff75279c06a sending LeaveGroup request to coordinator localhost:32769 (id: 2147483647 rack: null) due to the consumer is being closed
2025-08-07 12:29:28,674 INFO  [org.apa.kaf.cli.con.int.ConsumerCoordinator] (Thread-907) [Consumer clientId=consumer-Consumer-topic-eeff22e6_a4f9_4e4b_83dc_8b3c7ab74297-42, groupId=Consumer-topic-eeff22e6_a4f9_4e4b_83dc_8b3c7ab74297] Resetting generation and member id due to: consumer pro-actively leaving the group
2025-08-07 12:29:28,674 INFO  [org.apa.kaf.cli.con.int.ConsumerCoordinator] (Thread-907) [Consumer clientId=consumer-Consumer-topic-eeff22e6_a4f9_4e4b_83dc_8b3c7ab74297-42, groupId=Consumer-topic-eeff22e6_a4f9_4e4b_83dc_8b3c7ab74297] Request joining group due to: consumer pro-actively leaving the group
2025-08-07 12:29:29,169 INFO  [org.apa.kaf.com.met.Metrics] (Thread-907) Metrics scheduler closed
2025-08-07 12:29:29,169 INFO  [org.apa.kaf.com.met.Metrics] (Thread-907) Closing reporter org.apache.kafka.common.metrics.JmxReporter
2025-08-07 12:29:29,169 INFO  [org.apa.kaf.com.met.Metrics] (Thread-907) Closing reporter org.apache.kafka.common.telemetry.internals.ClientTelemetryReporter
2025-08-07 12:29:29,169 INFO  [org.apa.kaf.com.met.Metrics] (Thread-907) Metrics reporters closed
2025-08-07 12:29:29,171 INFO  [org.apa.kaf.com.uti.AppInfoParser] (Thread-907) App info kafka.consumer for consumer-Consumer-topic-eeff22e6_a4f9_4e4b_83dc_8b3c7ab74297-42 unregistered
2025-08-07 12:29:29,355 INFO  [io.api.tes.ser.con.BasicConfluentSerDesIT] (main) Deleting confluent schema topic-eeff22e6_a4f9_4e4b_83dc_8b3c7ab74297-value
2025-08-07 12:29:29,452 INFO  [io.api.tes.uti.TestSeparator] (main) io.apicurio.tests.serdes.confluent.BasicConfluentSerDesIT.testAvroApicurioConfluent-FINISHED
2025-08-07 12:29:29,452 INFO  [io.api.tes.uti.TestSeparator] (main) ############################################################################
Test passed: testAvroApicurioConfluent
]]></system-out>
  </testcase>
  <testcase name="testAvroConfluentSerDesFail" classname="io.apicurio.tests.serdes.confluent.BasicConfluentSerDesIT" time="0.68">
    <system-out><![CDATA[2025-08-07 12:29:29,453 INFO  [io.api.tes.uti.TestSeparator] (main) ############################################################################
2025-08-07 12:29:29,453 INFO  [io.api.tes.uti.TestSeparator] (main) io.apicurio.tests.serdes.confluent.BasicConfluentSerDesIT.testAvroConfluentSerDesFail-STARTED
2025-08-07 12:29:29,660 INFO  [io.api.tes.ser.con.BasicConfluentSerDesIT] (main) Checking that created schema is equal to the get schema
2025-08-07 12:29:29,755 INFO  [io.api.tes.ser.con.BasicConfluentSerDesIT] (main) Created schema with id:116 and name:myrecordconfluent2
**** Registry Base URL: http://registry-app-mysql.apps.ci419.apicurio-testing.org:80
2025-08-07 12:29:29,756 INFO  [org.apa.kaf.cli.pro.ProducerConfig] (main) ProducerConfig values: 
	acks = -1
	auto.include.jmx.reporter = true
	batch.size = 16384
	bootstrap.servers = [PLAINTEXT://localhost:32769]
	buffer.memory = 33554432
	client.dns.lookup = use_all_dns_ips
	client.id = Producer-topic-030d1f3d_18a1_4e73_9c9e_69521b48d22c
	compression.gzip.level = -1
	compression.lz4.level = 9
	compression.type = none
	compression.zstd.level = 3
	connections.max.idle.ms = 10000
	delivery.timeout.ms = 120000
	enable.idempotence = true
	enable.metrics.push = true
	interceptor.classes = []
	key.serializer = class org.apache.kafka.common.serialization.StringSerializer
	linger.ms = 0
	max.block.ms = 60000
	max.in.flight.requests.per.connection = 5
	max.request.size = 1048576
	metadata.max.age.ms = 300000
	metadata.max.idle.ms = 300000
	metadata.recovery.strategy = none
	metric.reporters = []
	metrics.num.samples = 2
	metrics.recording.level = INFO
	metrics.sample.window.ms = 30000
	partitioner.adaptive.partitioning.enable = true
	partitioner.availability.timeout.ms = 0
	partitioner.class = null
	partitioner.ignore.keys = false
	receive.buffer.bytes = 32768
	reconnect.backoff.max.ms = 1000
	reconnect.backoff.ms = 50
	request.timeout.ms = 5000
	retries = 2147483647
	retry.backoff.max.ms = 1000
	retry.backoff.ms = 100
	sasl.client.callback.handler.class = null
	sasl.jaas.config = null
	sasl.kerberos.kinit.cmd = /usr/bin/kinit
	sasl.kerberos.min.time.before.relogin = 60000
	sasl.kerberos.service.name = null
	sasl.kerberos.ticket.renew.jitter = 0.05
	sasl.kerberos.ticket.renew.window.factor = 0.8
	sasl.login.callback.handler.class = null
	sasl.login.class = null
	sasl.login.connect.timeout.ms = null
	sasl.login.read.timeout.ms = null
	sasl.login.refresh.buffer.seconds = 300
	sasl.login.refresh.min.period.seconds = 60
	sasl.login.refresh.window.factor = 0.8
	sasl.login.refresh.window.jitter = 0.05
	sasl.login.retry.backoff.max.ms = 10000
	sasl.login.retry.backoff.ms = 100
	sasl.mechanism = GSSAPI
	sasl.oauthbearer.clock.skew.seconds = 30
	sasl.oauthbearer.expected.audience = null
	sasl.oauthbearer.expected.issuer = null
	sasl.oauthbearer.header.urlencode = false
	sasl.oauthbearer.jwks.endpoint.refresh.ms = 3600000
	sasl.oauthbearer.jwks.endpoint.retry.backoff.max.ms = 10000
	sasl.oauthbearer.jwks.endpoint.retry.backoff.ms = 100
	sasl.oauthbearer.jwks.endpoint.url = null
	sasl.oauthbearer.scope.claim.name = scope
	sasl.oauthbearer.sub.claim.name = sub
	sasl.oauthbearer.token.endpoint.url = null
	security.protocol = PLAINTEXT
	security.providers = null
	send.buffer.bytes = 131072
	socket.connection.setup.timeout.max.ms = 30000
	socket.connection.setup.timeout.ms = 10000
	ssl.cipher.suites = null
	ssl.enabled.protocols = [TLSv1.2, TLSv1.3]
	ssl.endpoint.identification.algorithm = https
	ssl.engine.factory.class = null
	ssl.key.password = null
	ssl.keymanager.algorithm = SunX509
	ssl.keystore.certificate.chain = null
	ssl.keystore.key = null
	ssl.keystore.location = null
	ssl.keystore.password = null
	ssl.keystore.type = JKS
	ssl.protocol = TLSv1.3
	ssl.provider = null
	ssl.secure.random.implementation = null
	ssl.trustmanager.algorithm = PKIX
	ssl.truststore.certificates = null
	ssl.truststore.location = null
	ssl.truststore.password = null
	ssl.truststore.type = JKS
	transaction.timeout.ms = 60000
	transactional.id = null
	value.serializer = class io.confluent.kafka.serializers.KafkaAvroSerializer

2025-08-07 12:29:29,757 INFO  [org.apa.kaf.com.tel.int.KafkaMetricsCollector] (main) initializing Kafka metrics collector
2025-08-07 12:29:29,757 INFO  [io.con.kaf.ser.KafkaAvroSerializerConfig] (main) KafkaAvroSerializerConfig values: 
	auto.register.schemas = false
	avro.reflection.allow.null = false
	avro.remove.java.properties = false
	avro.use.logical.type.converters = false
	basic.auth.credentials.source = URL
	basic.auth.user.info = [hidden]
	bearer.auth.cache.expiry.buffer.seconds = 300
	bearer.auth.client.id = null
	bearer.auth.client.secret = null
	bearer.auth.credentials.source = STATIC_TOKEN
	bearer.auth.custom.provider.class = null
	bearer.auth.identity.pool.id = null
	bearer.auth.issuer.endpoint.url = null
	bearer.auth.logical.cluster = null
	bearer.auth.scope = null
	bearer.auth.scope.claim.name = scope
	bearer.auth.sub.claim.name = sub
	bearer.auth.token = [hidden]
	context.name.strategy = class io.confluent.kafka.serializers.context.NullContextNameStrategy
	http.connect.timeout.ms = 60000
	http.read.timeout.ms = 60000
	id.compatibility.strict = true
	key.schema.id.deserializer = class io.confluent.kafka.serializers.schema.id.DualSchemaIdDeserializer
	key.schema.id.serializer = class io.confluent.kafka.serializers.schema.id.PrefixSchemaIdSerializer
	key.subject.name.strategy = class io.confluent.kafka.serializers.subject.TopicNameStrategy
	latest.cache.size = 1000
	latest.cache.ttl.sec = -1
	latest.compatibility.strict = true
	max.retries = 3
	max.schemas.per.subject = 1000
	normalize.schemas = false
	propagate.schema.tags = false
	proxy.host = 
	proxy.port = -1
	retries.max.wait.ms = 20000
	retries.wait.ms = 1000
	rule.actions = []
	rule.executors = []
	rule.service.loader.enable = true
	schema.format = null
	schema.reflection = false
	schema.registry.basic.auth.user.info = [hidden]
	schema.registry.ssl.cipher.suites = null
	schema.registry.ssl.enabled.protocols = [TLSv1.2, TLSv1.3]
	schema.registry.ssl.endpoint.identification.algorithm = https
	schema.registry.ssl.engine.factory.class = null
	schema.registry.ssl.key.password = null
	schema.registry.ssl.keymanager.algorithm = SunX509
	schema.registry.ssl.keystore.certificate.chain = null
	schema.registry.ssl.keystore.key = null
	schema.registry.ssl.keystore.location = null
	schema.registry.ssl.keystore.password = null
	schema.registry.ssl.keystore.type = JKS
	schema.registry.ssl.protocol = TLSv1.3
	schema.registry.ssl.provider = null
	schema.registry.ssl.secure.random.implementation = null
	schema.registry.ssl.trustmanager.algorithm = PKIX
	schema.registry.ssl.truststore.certificates = null
	schema.registry.ssl.truststore.location = null
	schema.registry.ssl.truststore.password = null
	schema.registry.ssl.truststore.type = JKS
	schema.registry.url = [http://registry-app-mysql.apps.ci419.apicurio-testing.org:80/apis/ccompat/v7]
	schema.registry.url.randomize = false
	use.latest.version = false
	use.latest.with.metadata = null
	use.schema.id = -1
	value.schema.id.deserializer = class io.confluent.kafka.serializers.schema.id.DualSchemaIdDeserializer
	value.schema.id.serializer = class io.confluent.kafka.serializers.schema.id.PrefixSchemaIdSerializer
	value.subject.name.strategy = class io.confluent.kafka.serializers.subject.RecordNameStrategy

2025-08-07 12:29:29,758 INFO  [org.apa.kaf.cli.pro.KafkaProducer] (main) [Producer clientId=Producer-topic-030d1f3d_18a1_4e73_9c9e_69521b48d22c] Instantiated an idempotent producer.
2025-08-07 12:29:29,759 INFO  [org.apa.kaf.cli.pro.ProducerConfig] (main) These configurations '[schema.registry.url, auto.register.schemas, value.subject.name.strategy]' were supplied but are not used yet.
2025-08-07 12:29:29,759 INFO  [org.apa.kaf.com.uti.AppInfoParser] (main) Kafka version: 3.9.1
2025-08-07 12:29:29,759 INFO  [org.apa.kaf.com.uti.AppInfoParser] (main) Kafka commitId: f745dfdcee2b9851
2025-08-07 12:29:29,759 INFO  [org.apa.kaf.com.uti.AppInfoParser] (main) Kafka startTimeMs: 1754569769759
2025-08-07 12:29:29,760 INFO  [io.api.tes.ser.api.KafkaSerdesTester] (Thread-908) Sending message {"wrongkey": "value-0"} to topic topic-030d1f3d_18a1_4e73_9c9e_69521b48d22c
2025-08-07 12:29:29,762 INFO  [org.apa.kaf.cli.Metadata] (kafka-producer-network-thread | Producer-topic-030d1f3d_18a1_4e73_9c9e_69521b48d22c) [Producer clientId=Producer-topic-030d1f3d_18a1_4e73_9c9e_69521b48d22c] Cluster ID: w_73WABzQ2iBfYWfnNB4Cg
2025-08-07 12:29:29,763 INFO  [org.apa.kaf.cli.pro.int.TransactionManager] (kafka-producer-network-thread | Producer-topic-030d1f3d_18a1_4e73_9c9e_69521b48d22c) [Producer clientId=Producer-topic-030d1f3d_18a1_4e73_9c9e_69521b48d22c] ProducerId set to 57 with epoch 0
2025-08-07 12:29:29,854 INFO  [org.apa.kaf.cli.pro.KafkaProducer] (Thread-908) [Producer clientId=Producer-topic-030d1f3d_18a1_4e73_9c9e_69521b48d22c] Closing the Kafka producer with timeoutMillis = 9223372036854775807 ms.
2025-08-07 12:29:29,855 INFO  [org.apa.kaf.com.met.Metrics] (Thread-908) Metrics scheduler closed
2025-08-07 12:29:29,855 INFO  [org.apa.kaf.com.met.Metrics] (Thread-908) Closing reporter org.apache.kafka.common.metrics.JmxReporter
2025-08-07 12:29:29,855 INFO  [org.apa.kaf.com.met.Metrics] (Thread-908) Closing reporter org.apache.kafka.common.telemetry.internals.ClientTelemetryReporter
2025-08-07 12:29:29,855 INFO  [org.apa.kaf.com.met.Metrics] (Thread-908) Metrics reporters closed
2025-08-07 12:29:29,855 INFO  [org.apa.kaf.com.uti.AppInfoParser] (Thread-908) App info kafka.producer for Producer-topic-030d1f3d_18a1_4e73_9c9e_69521b48d22c unregistered
2025-08-07 12:29:30,035 INFO  [io.api.tes.ser.con.BasicConfluentSerDesIT] (main) Deleting confluent schema myrecordconfluent2
2025-08-07 12:29:30,133 INFO  [io.api.tes.uti.TestSeparator] (main) io.apicurio.tests.serdes.confluent.BasicConfluentSerDesIT.testAvroConfluentSerDesFail-FINISHED
2025-08-07 12:29:30,133 INFO  [io.api.tes.uti.TestSeparator] (main) ############################################################################
Test passed: testAvroConfluentSerDesFail
]]></system-out>
  </testcase>
  <testcase name="testAvroConfluentSerDesWrongStrategyRecord" classname="io.apicurio.tests.serdes.confluent.BasicConfluentSerDesIT" time="0.685">
    <system-out><![CDATA[2025-08-07 12:29:30,134 INFO  [io.api.tes.uti.TestSeparator] (main) ############################################################################
2025-08-07 12:29:30,134 INFO  [io.api.tes.uti.TestSeparator] (main) io.apicurio.tests.serdes.confluent.BasicConfluentSerDesIT.testAvroConfluentSerDesWrongStrategyRecord-STARTED
2025-08-07 12:29:30,354 INFO  [io.api.tes.ser.con.BasicConfluentSerDesIT] (main) Checking that created schema is equal to the get schema
2025-08-07 12:29:30,447 INFO  [io.api.tes.ser.con.BasicConfluentSerDesIT] (main) Created schema with id:117 and name:myrecordconfluent4
**** Registry Base URL: http://registry-app-mysql.apps.ci419.apicurio-testing.org:80
2025-08-07 12:29:30,448 INFO  [org.apa.kaf.cli.pro.ProducerConfig] (main) ProducerConfig values: 
	acks = -1
	auto.include.jmx.reporter = true
	batch.size = 16384
	bootstrap.servers = [PLAINTEXT://localhost:32769]
	buffer.memory = 33554432
	client.dns.lookup = use_all_dns_ips
	client.id = Producer-topic-731f9c3c_d46b_411d_a94a_b05c4df7abfb
	compression.gzip.level = -1
	compression.lz4.level = 9
	compression.type = none
	compression.zstd.level = 3
	connections.max.idle.ms = 10000
	delivery.timeout.ms = 120000
	enable.idempotence = true
	enable.metrics.push = true
	interceptor.classes = []
	key.serializer = class org.apache.kafka.common.serialization.StringSerializer
	linger.ms = 0
	max.block.ms = 60000
	max.in.flight.requests.per.connection = 5
	max.request.size = 1048576
	metadata.max.age.ms = 300000
	metadata.max.idle.ms = 300000
	metadata.recovery.strategy = none
	metric.reporters = []
	metrics.num.samples = 2
	metrics.recording.level = INFO
	metrics.sample.window.ms = 30000
	partitioner.adaptive.partitioning.enable = true
	partitioner.availability.timeout.ms = 0
	partitioner.class = null
	partitioner.ignore.keys = false
	receive.buffer.bytes = 32768
	reconnect.backoff.max.ms = 1000
	reconnect.backoff.ms = 50
	request.timeout.ms = 5000
	retries = 2147483647
	retry.backoff.max.ms = 1000
	retry.backoff.ms = 100
	sasl.client.callback.handler.class = null
	sasl.jaas.config = null
	sasl.kerberos.kinit.cmd = /usr/bin/kinit
	sasl.kerberos.min.time.before.relogin = 60000
	sasl.kerberos.service.name = null
	sasl.kerberos.ticket.renew.jitter = 0.05
	sasl.kerberos.ticket.renew.window.factor = 0.8
	sasl.login.callback.handler.class = null
	sasl.login.class = null
	sasl.login.connect.timeout.ms = null
	sasl.login.read.timeout.ms = null
	sasl.login.refresh.buffer.seconds = 300
	sasl.login.refresh.min.period.seconds = 60
	sasl.login.refresh.window.factor = 0.8
	sasl.login.refresh.window.jitter = 0.05
	sasl.login.retry.backoff.max.ms = 10000
	sasl.login.retry.backoff.ms = 100
	sasl.mechanism = GSSAPI
	sasl.oauthbearer.clock.skew.seconds = 30
	sasl.oauthbearer.expected.audience = null
	sasl.oauthbearer.expected.issuer = null
	sasl.oauthbearer.header.urlencode = false
	sasl.oauthbearer.jwks.endpoint.refresh.ms = 3600000
	sasl.oauthbearer.jwks.endpoint.retry.backoff.max.ms = 10000
	sasl.oauthbearer.jwks.endpoint.retry.backoff.ms = 100
	sasl.oauthbearer.jwks.endpoint.url = null
	sasl.oauthbearer.scope.claim.name = scope
	sasl.oauthbearer.sub.claim.name = sub
	sasl.oauthbearer.token.endpoint.url = null
	security.protocol = PLAINTEXT
	security.providers = null
	send.buffer.bytes = 131072
	socket.connection.setup.timeout.max.ms = 30000
	socket.connection.setup.timeout.ms = 10000
	ssl.cipher.suites = null
	ssl.enabled.protocols = [TLSv1.2, TLSv1.3]
	ssl.endpoint.identification.algorithm = https
	ssl.engine.factory.class = null
	ssl.key.password = null
	ssl.keymanager.algorithm = SunX509
	ssl.keystore.certificate.chain = null
	ssl.keystore.key = null
	ssl.keystore.location = null
	ssl.keystore.password = null
	ssl.keystore.type = JKS
	ssl.protocol = TLSv1.3
	ssl.provider = null
	ssl.secure.random.implementation = null
	ssl.trustmanager.algorithm = PKIX
	ssl.truststore.certificates = null
	ssl.truststore.location = null
	ssl.truststore.password = null
	ssl.truststore.type = JKS
	transaction.timeout.ms = 60000
	transactional.id = null
	value.serializer = class io.confluent.kafka.serializers.KafkaAvroSerializer

2025-08-07 12:29:30,448 INFO  [org.apa.kaf.com.tel.int.KafkaMetricsCollector] (main) initializing Kafka metrics collector
2025-08-07 12:29:30,448 INFO  [io.con.kaf.ser.KafkaAvroSerializerConfig] (main) KafkaAvroSerializerConfig values: 
	auto.register.schemas = false
	avro.reflection.allow.null = false
	avro.remove.java.properties = false
	avro.use.logical.type.converters = false
	basic.auth.credentials.source = URL
	basic.auth.user.info = [hidden]
	bearer.auth.cache.expiry.buffer.seconds = 300
	bearer.auth.client.id = null
	bearer.auth.client.secret = null
	bearer.auth.credentials.source = STATIC_TOKEN
	bearer.auth.custom.provider.class = null
	bearer.auth.identity.pool.id = null
	bearer.auth.issuer.endpoint.url = null
	bearer.auth.logical.cluster = null
	bearer.auth.scope = null
	bearer.auth.scope.claim.name = scope
	bearer.auth.sub.claim.name = sub
	bearer.auth.token = [hidden]
	context.name.strategy = class io.confluent.kafka.serializers.context.NullContextNameStrategy
	http.connect.timeout.ms = 60000
	http.read.timeout.ms = 60000
	id.compatibility.strict = true
	key.schema.id.deserializer = class io.confluent.kafka.serializers.schema.id.DualSchemaIdDeserializer
	key.schema.id.serializer = class io.confluent.kafka.serializers.schema.id.PrefixSchemaIdSerializer
	key.subject.name.strategy = class io.confluent.kafka.serializers.subject.TopicNameStrategy
	latest.cache.size = 1000
	latest.cache.ttl.sec = -1
	latest.compatibility.strict = true
	max.retries = 3
	max.schemas.per.subject = 1000
	normalize.schemas = false
	propagate.schema.tags = false
	proxy.host = 
	proxy.port = -1
	retries.max.wait.ms = 20000
	retries.wait.ms = 1000
	rule.actions = []
	rule.executors = []
	rule.service.loader.enable = true
	schema.format = null
	schema.reflection = false
	schema.registry.basic.auth.user.info = [hidden]
	schema.registry.ssl.cipher.suites = null
	schema.registry.ssl.enabled.protocols = [TLSv1.2, TLSv1.3]
	schema.registry.ssl.endpoint.identification.algorithm = https
	schema.registry.ssl.engine.factory.class = null
	schema.registry.ssl.key.password = null
	schema.registry.ssl.keymanager.algorithm = SunX509
	schema.registry.ssl.keystore.certificate.chain = null
	schema.registry.ssl.keystore.key = null
	schema.registry.ssl.keystore.location = null
	schema.registry.ssl.keystore.password = null
	schema.registry.ssl.keystore.type = JKS
	schema.registry.ssl.protocol = TLSv1.3
	schema.registry.ssl.provider = null
	schema.registry.ssl.secure.random.implementation = null
	schema.registry.ssl.trustmanager.algorithm = PKIX
	schema.registry.ssl.truststore.certificates = null
	schema.registry.ssl.truststore.location = null
	schema.registry.ssl.truststore.password = null
	schema.registry.ssl.truststore.type = JKS
	schema.registry.url = [http://registry-app-mysql.apps.ci419.apicurio-testing.org:80/apis/ccompat/v7]
	schema.registry.url.randomize = false
	use.latest.version = false
	use.latest.with.metadata = null
	use.schema.id = -1
	value.schema.id.deserializer = class io.confluent.kafka.serializers.schema.id.DualSchemaIdDeserializer
	value.schema.id.serializer = class io.confluent.kafka.serializers.schema.id.PrefixSchemaIdSerializer
	value.subject.name.strategy = class io.confluent.kafka.serializers.subject.RecordNameStrategy

2025-08-07 12:29:30,450 INFO  [org.apa.kaf.cli.pro.KafkaProducer] (main) [Producer clientId=Producer-topic-731f9c3c_d46b_411d_a94a_b05c4df7abfb] Instantiated an idempotent producer.
2025-08-07 12:29:30,451 INFO  [org.apa.kaf.cli.pro.ProducerConfig] (main) These configurations '[schema.registry.url, auto.register.schemas, value.subject.name.strategy]' were supplied but are not used yet.
2025-08-07 12:29:30,451 INFO  [org.apa.kaf.com.uti.AppInfoParser] (main) Kafka version: 3.9.1
2025-08-07 12:29:30,451 INFO  [org.apa.kaf.com.uti.AppInfoParser] (main) Kafka commitId: f745dfdcee2b9851
2025-08-07 12:29:30,451 INFO  [org.apa.kaf.com.uti.AppInfoParser] (main) Kafka startTimeMs: 1754569770451
2025-08-07 12:29:30,452 INFO  [io.api.tes.ser.api.KafkaSerdesTester] (Thread-909) Sending message {"wrongkey": "value-0"} to topic topic-731f9c3c_d46b_411d_a94a_b05c4df7abfb
2025-08-07 12:29:30,454 INFO  [org.apa.kaf.cli.Metadata] (kafka-producer-network-thread | Producer-topic-731f9c3c_d46b_411d_a94a_b05c4df7abfb) [Producer clientId=Producer-topic-731f9c3c_d46b_411d_a94a_b05c4df7abfb] Cluster ID: w_73WABzQ2iBfYWfnNB4Cg
2025-08-07 12:29:30,454 INFO  [org.apa.kaf.cli.pro.int.TransactionManager] (kafka-producer-network-thread | Producer-topic-731f9c3c_d46b_411d_a94a_b05c4df7abfb) [Producer clientId=Producer-topic-731f9c3c_d46b_411d_a94a_b05c4df7abfb] ProducerId set to 58 with epoch 0
2025-08-07 12:29:30,543 INFO  [org.apa.kaf.cli.pro.KafkaProducer] (Thread-909) [Producer clientId=Producer-topic-731f9c3c_d46b_411d_a94a_b05c4df7abfb] Closing the Kafka producer with timeoutMillis = 9223372036854775807 ms.
2025-08-07 12:29:30,545 INFO  [org.apa.kaf.com.met.Metrics] (Thread-909) Metrics scheduler closed
2025-08-07 12:29:30,545 INFO  [org.apa.kaf.com.met.Metrics] (Thread-909) Closing reporter org.apache.kafka.common.metrics.JmxReporter
2025-08-07 12:29:30,545 INFO  [org.apa.kaf.com.met.Metrics] (Thread-909) Closing reporter org.apache.kafka.common.telemetry.internals.ClientTelemetryReporter
2025-08-07 12:29:30,545 INFO  [org.apa.kaf.com.met.Metrics] (Thread-909) Metrics reporters closed
2025-08-07 12:29:30,545 INFO  [org.apa.kaf.com.uti.AppInfoParser] (Thread-909) App info kafka.producer for Producer-topic-731f9c3c_d46b_411d_a94a_b05c4df7abfb unregistered
2025-08-07 12:29:30,723 INFO  [io.api.tes.ser.con.BasicConfluentSerDesIT] (main) Deleting confluent schema topic-731f9c3c_d46b_411d_a94a_b05c4df7abfb-value
2025-08-07 12:29:30,819 INFO  [io.api.tes.uti.TestSeparator] (main) io.apicurio.tests.serdes.confluent.BasicConfluentSerDesIT.testAvroConfluentSerDesWrongStrategyRecord-FINISHED
2025-08-07 12:29:30,819 INFO  [io.api.tes.uti.TestSeparator] (main) ############################################################################
Test passed: testAvroConfluentSerDesWrongStrategyRecord
]]></system-out>
  </testcase>
</testsuite>