<?xml version="1.0" encoding="UTF-8"?>
<testsuite xmlns:xsi="http://www.w3.org/2001/XMLSchema-instance" xsi:noNamespaceSchemaLocation="https://maven.apache.org/surefire/maven-failsafe-plugin/xsd/failsafe-test-report.xsd" version="3.0.2" name="io.apicurio.tests.serdes.apicurio.AvroSerdeIT" time="120.334" tests="21" errors="0" skipped="2" failures="0">
  <properties>
    <property name="java.specification.version" value="17"/>
    <property name="sun.jnu.encoding" value="UTF-8"/>
    <property name="java.class.path" value="/home/runner/work/apicurio-testing/apicurio-testing/clusters/ci419/namespaces/mysql/tests/integration/apicurio-registry/integration-tests/target/test-classes:/home/runner/work/apicurio-testing/apicurio-testing/clusters/ci419/namespaces/mysql/tests/integration/apicurio-registry/integration-tests/target/apicurio-registry-integration-tests-3.0.12-SNAPSHOT.jar:/home/runner/.m2/repository/io/quarkus/quarkus-junit5/3.20.2/quarkus-junit5-3.20.2.jar:/home/runner/.m2/repository/io/quarkus/quarkus-bootstrap-core/3.20.2/quarkus-bootstrap-core-3.20.2.jar:/home/runner/.m2/repository/io/quarkus/quarkus-classloader-commons/3.20.2/quarkus-classloader-commons-3.20.2.jar:/home/runner/.m2/repository/io/quarkus/quarkus-bootstrap-app-model/3.20.2/quarkus-bootstrap-app-model-3.20.2.jar:/home/runner/.m2/repository/io/smallrye/common/smallrye-common-io/2.12.0/smallrye-common-io-2.12.0.jar:/home/runner/.m2/repository/org/eclipse/sisu/org.eclipse.sisu.inject/0.9.0.M3/org.eclipse.sisu.inject-0.9.0.M3.jar:/home/runner/.m2/repository/io/quarkus/quarkus-test-common/3.20.2/quarkus-test-common-3.20.2.jar:/home/runner/.m2/repository/io/quarkus/quarkus-core-deployment/3.20.2/quarkus-core-deployment-3.20.2.jar:/home/runner/.m2/repository/org/aesh/readline/2.6/readline-2.6.jar:/home/runner/.m2/repository/org/fusesource/jansi/jansi/2.4.0/jansi-2.4.0.jar:/home/runner/.m2/repository/org/aesh/aesh/2.8.2/aesh-2.8.2.jar:/home/runner/.m2/repository/io/quarkus/gizmo/gizmo/1.8.0/gizmo-1.8.0.jar:/home/runner/.m2/repository/org/ow2/asm/asm-util/9.7.1/asm-util-9.7.1.jar:/home/runner/.m2/repository/org/ow2/asm/asm-analysis/9.7.1/asm-analysis-9.7.1.jar:/home/runner/.m2/repository/org/ow2/asm/asm-commons/9.7.1/asm-commons-9.7.1.jar:/home/runner/.m2/repository/org/ow2/asm/asm-tree/9.7.1/asm-tree-9.7.1.jar:/home/runner/.m2/repository/io/quarkus/quarkus-hibernate-validator-spi/3.20.2/quarkus-hibernate-validator-spi-3.20.2.jar:/home/runner/.m2/repository/io/quarkus/quarkus-class-change-agent/3.20.2/quarkus-class-change-agent-3.20.2.jar:/home/runner/.m2/repository/io/quarkus/quarkus-devtools-utilities/3.20.2/quarkus-devtools-utilities-3.20.2.jar:/home/runner/.m2/repository/io/quarkus/quarkus-builder/3.20.2/quarkus-builder-3.20.2.jar:/home/runner/.m2/repository/org/graalvm/sdk/nativeimage/23.1.2/nativeimage-23.1.2.jar:/home/runner/.m2/repository/org/graalvm/sdk/word/23.1.2/word-23.1.2.jar:/home/runner/.m2/repository/io/quarkus/quarkus-bootstrap-maven-resolver/3.20.2/quarkus-bootstrap-maven-resolver-3.20.2.jar:/home/runner/.m2/repository/io/smallrye/beanbag/smallrye-beanbag-maven/1.5.2/smallrye-beanbag-maven-1.5.2.jar:/home/runner/.m2/repository/io/smallrye/beanbag/smallrye-beanbag-sisu/1.5.2/smallrye-beanbag-sisu-1.5.2.jar:/home/runner/.m2/repository/io/smallrye/beanbag/smallrye-beanbag/1.5.2/smallrye-beanbag-1.5.2.jar:/home/runner/.m2/repository/javax/inject/javax.inject/1/javax.inject-1.jar:/home/runner/.m2/repository/org/apache/maven/maven-artifact/3.9.9/maven-artifact-3.9.9.jar:/home/runner/.m2/repository/org/apache/maven/maven-builder-support/3.9.9/maven-builder-support-3.9.9.jar:/home/runner/.m2/repository/org/apache/maven/maven-model/3.9.9/maven-model-3.9.9.jar:/home/runner/.m2/repository/org/apache/maven/maven-model-builder/3.9.9/maven-model-builder-3.9.9.jar:/home/runner/.m2/repository/org/apache/maven/maven-repository-metadata/3.9.9/maven-repository-metadata-3.9.9.jar:/home/runner/.m2/repository/org/apache/maven/maven-settings/3.9.9/maven-settings-3.9.9.jar:/home/runner/.m2/repository/org/apache/maven/resolver/maven-resolver-api/1.9.22/maven-resolver-api-1.9.22.jar:/home/runner/.m2/repository/org/apache/maven/resolver/maven-resolver-impl/1.9.22/maven-resolver-impl-1.9.22.jar:/home/runner/.m2/repository/org/apache/maven/resolver/maven-resolver-named-locks/1.9.22/maven-resolver-named-locks-1.9.22.jar:/home/runner/.m2/repository/org/apache/maven/resolver/maven-resolver-spi/1.9.22/maven-resolver-spi-1.9.22.jar:/home/runner/.m2/repository/org/apache/maven/resolver/maven-resolver-util/1.9.22/maven-resolver-util-1.9.22.jar:/home/runner/.m2/repository/org/apache/maven/resolver/maven-resolver-transport-http/1.9.20/maven-resolver-transport-http-1.9.20.jar:/home/runner/.m2/repository/org/apache/maven/wagon/wagon-provider-api/3.5.3/wagon-provider-api-3.5.3.jar:/home/runner/.m2/repository/org/apache/maven/wagon/wagon-http-shared/3.5.3/wagon-http-shared-3.5.3.jar:/home/runner/.m2/repository/org/codehaus/plexus/plexus-interpolation/1.26/plexus-interpolation-1.26.jar:/home/runner/.m2/repository/org/codehaus/plexus/plexus-utils/3.5.1/plexus-utils-3.5.1.jar:/home/runner/.m2/repository/org/codehaus/plexus/plexus-xml/4.0.1/plexus-xml-4.0.1.jar:/home/runner/.m2/repository/org/apache/maven/maven-xml-impl/4.0.0-alpha-5/maven-xml-impl-4.0.0-alpha-5.jar:/home/runner/.m2/repository/org/apache/maven/maven-api-xml/4.0.0-alpha-5/maven-api-xml-4.0.0-alpha-5.jar:/home/runner/.m2/repository/org/apache/maven/maven-api-meta/4.0.0-alpha-5/maven-api-meta-4.0.0-alpha-5.jar:/home/runner/.m2/repository/org/codehaus/plexus/plexus-cipher/2.0/plexus-cipher-2.0.jar:/home/runner/.m2/repository/org/codehaus/plexus/plexus-sec-dispatcher/2.0/plexus-sec-dispatcher-2.0.jar:/home/runner/.m2/repository/org/apache/maven/maven-embedder/3.9.9/maven-embedder-3.9.9.jar:/home/runner/.m2/repository/org/apache/maven/maven-core/3.9.9/maven-core-3.9.9.jar:/home/runner/.m2/repository/org/codehaus/plexus/plexus-component-annotations/2.1.0/plexus-component-annotations-2.1.0.jar:/home/runner/.m2/repository/org/apache/maven/maven-plugin-api/3.9.9/maven-plugin-api-3.9.9.jar:/home/runner/.m2/repository/org/apache/maven/shared/maven-shared-utils/3.4.2/maven-shared-utils-3.4.2.jar:/home/runner/.m2/repository/com/google/inject/guice/5.1.0/guice-5.1.0.jar:/home/runner/.m2/repository/aopalliance/aopalliance/1.0/aopalliance-1.0.jar:/home/runner/.m2/repository/org/codehaus/plexus/plexus-classworlds/2.6.0/plexus-classworlds-2.6.0.jar:/home/runner/.m2/repository/commons-cli/commons-cli/1.8.0/commons-cli-1.8.0.jar:/home/runner/.m2/repository/org/eclipse/sisu/org.eclipse.sisu.plexus/0.9.0.M3/org.eclipse.sisu.plexus-0.9.0.M3.jar:/home/runner/.m2/repository/org/apache/maven/maven-settings-builder/3.9.9/maven-settings-builder-3.9.9.jar:/home/runner/.m2/repository/org/apache/maven/maven-resolver-provider/3.9.9/maven-resolver-provider-3.9.9.jar:/home/runner/.m2/repository/org/apache/maven/resolver/maven-resolver-connector-basic/1.9.22/maven-resolver-connector-basic-1.9.22.jar:/home/runner/.m2/repository/org/apache/maven/resolver/maven-resolver-transport-wagon/1.9.22/maven-resolver-transport-wagon-1.9.22.jar:/home/runner/.m2/repository/org/apache/maven/wagon/wagon-http/3.5.3/wagon-http-3.5.3.jar:/home/runner/.m2/repository/org/apache/maven/wagon/wagon-file/3.5.3/wagon-file-3.5.3.jar:/home/runner/.m2/repository/io/quarkus/quarkus-bootstrap-gradle-resolver/3.20.2/quarkus-bootstrap-gradle-resolver-3.20.2.jar:/home/runner/.m2/repository/io/smallrye/jandex/3.3.0/jandex-3.3.0.jar:/home/runner/.m2/repository/org/jboss/logging/commons-logging-jboss-logging/1.0.0.Final/commons-logging-jboss-logging-1.0.0.Final.jar:/home/runner/.m2/repository/io/quarkus/quarkus-junit5-config/3.20.2/quarkus-junit5-config-3.20.2.jar:/home/runner/.m2/repository/org/junit/jupiter/junit-jupiter-api/5.12.1/junit-jupiter-api-5.12.1.jar:/home/runner/.m2/repository/io/smallrye/config/smallrye-config/3.11.4/smallrye-config-3.11.4.jar:/home/runner/.m2/repository/io/smallrye/config/smallrye-config-core/3.11.4/smallrye-config-core-3.11.4.jar:/home/runner/.m2/repository/io/smallrye/common/smallrye-common-classloader/2.12.0/smallrye-common-classloader-2.12.0.jar:/home/runner/.m2/repository/io/smallrye/config/smallrye-config-common/3.11.4/smallrye-config-common-3.11.4.jar:/home/runner/.m2/repository/org/junit/jupiter/junit-jupiter/5.12.1/junit-jupiter-5.12.1.jar:/home/runner/.m2/repository/org/junit/jupiter/junit-jupiter-params/5.12.1/junit-jupiter-params-5.12.1.jar:/home/runner/.m2/repository/org/junit/jupiter/junit-jupiter-engine/5.12.1/junit-jupiter-engine-5.12.1.jar:/home/runner/.m2/repository/io/quarkus/quarkus-core/3.20.2/quarkus-core-3.20.2.jar:/home/runner/.m2/repository/jakarta/enterprise/jakarta.enterprise.cdi-api/4.1.0/jakarta.enterprise.cdi-api-4.1.0.jar:/home/runner/.m2/repository/jakarta/enterprise/jakarta.enterprise.lang-model/4.1.0/jakarta.enterprise.lang-model-4.1.0.jar:/home/runner/.m2/repository/jakarta/el/jakarta.el-api/5.0.1/jakarta.el-api-5.0.1.jar:/home/runner/.m2/repository/jakarta/interceptor/jakarta.interceptor-api/2.2.0/jakarta.interceptor-api-2.2.0.jar:/home/runner/.m2/repository/jakarta/inject/jakarta.inject-api/2.0.1/jakarta.inject-api-2.0.1.jar:/home/runner/.m2/repository/io/smallrye/common/smallrye-common-os/2.12.0/smallrye-common-os-2.12.0.jar:/home/runner/.m2/repository/io/quarkus/quarkus-ide-launcher/3.20.2/quarkus-ide-launcher-3.20.2.jar:/home/runner/.m2/repository/io/quarkus/quarkus-development-mode-spi/3.20.2/quarkus-development-mode-spi-3.20.2.jar:/home/runner/.m2/repository/org/jboss/logging/jboss-logging/3.6.1.Final/jboss-logging-3.6.1.Final.jar:/home/runner/.m2/repository/org/jboss/logmanager/jboss-logmanager/3.1.2.Final/jboss-logmanager-3.1.2.Final.jar:/home/runner/.m2/repository/io/smallrye/common/smallrye-common-constraint/2.12.0/smallrye-common-constraint-2.12.0.jar:/home/runner/.m2/repository/io/smallrye/common/smallrye-common-cpu/2.12.0/smallrye-common-cpu-2.12.0.jar:/home/runner/.m2/repository/io/smallrye/common/smallrye-common-expression/2.12.0/smallrye-common-expression-2.12.0.jar:/home/runner/.m2/repository/io/smallrye/common/smallrye-common-net/2.12.0/smallrye-common-net-2.12.0.jar:/home/runner/.m2/repository/io/smallrye/common/smallrye-common-ref/2.12.0/smallrye-common-ref-2.12.0.jar:/home/runner/.m2/repository/jakarta/json/jakarta.json-api/2.1.3/jakarta.json-api-2.1.3.jar:/home/runner/.m2/repository/org/eclipse/parsson/parsson/1.1.7/parsson-1.1.7.jar:/home/runner/.m2/repository/org/jboss/logging/jboss-logging-annotations/3.0.4.Final/jboss-logging-annotations-3.0.4.Final.jar:/home/runner/.m2/repository/org/jboss/threads/jboss-threads/3.8.0.Final/jboss-threads-3.8.0.Final.jar:/home/runner/.m2/repository/io/smallrye/common/smallrye-common-annotation/2.12.0/smallrye-common-annotation-2.12.0.jar:/home/runner/.m2/repository/io/smallrye/common/smallrye-common-function/2.12.0/smallrye-common-function-2.12.0.jar:/home/runner/.m2/repository/org/jboss/slf4j/slf4j-jboss-logmanager/2.0.0.Final/slf4j-jboss-logmanager-2.0.0.Final.jar:/home/runner/.m2/repository/org/wildfly/common/wildfly-common/2.0.1/wildfly-common-2.0.1.jar:/home/runner/.m2/repository/io/quarkus/quarkus-bootstrap-runner/3.20.2/quarkus-bootstrap-runner-3.20.2.jar:/home/runner/.m2/repository/io/github/crac/org-crac/0.1.3/org-crac-0.1.3.jar:/home/runner/.m2/repository/io/quarkus/quarkus-fs-util/0.0.10/quarkus-fs-util-0.0.10.jar:/home/runner/.m2/repository/org/jboss/marshalling/jboss-marshalling/2.2.2.Final/jboss-marshalling-2.2.2.Final.jar:/home/runner/.m2/repository/io/fabric8/kubernetes-client/7.1.0/kubernetes-client-7.1.0.jar:/home/runner/.m2/repository/io/fabric8/kubernetes-client-api/7.1.0/kubernetes-client-api-7.1.0.jar:/home/runner/.m2/repository/io/fabric8/kubernetes-model-core/7.1.0/kubernetes-model-core-7.1.0.jar:/home/runner/.m2/repository/io/fabric8/kubernetes-model-common/7.1.0/kubernetes-model-common-7.1.0.jar:/home/runner/.m2/repository/javax/annotation/javax.annotation-api/1.3.2/javax.annotation-api-1.3.2.jar:/home/runner/.m2/repository/io/fabric8/kubernetes-model-gatewayapi/7.1.0/kubernetes-model-gatewayapi-7.1.0.jar:/home/runner/.m2/repository/io/fabric8/kubernetes-model-resource/7.1.0/kubernetes-model-resource-7.1.0.jar:/home/runner/.m2/repository/io/fabric8/kubernetes-model-rbac/7.1.0/kubernetes-model-rbac-7.1.0.jar:/home/runner/.m2/repository/io/fabric8/kubernetes-model-admissionregistration/7.1.0/kubernetes-model-admissionregistration-7.1.0.jar:/home/runner/.m2/repository/io/fabric8/kubernetes-model-apps/7.1.0/kubernetes-model-apps-7.1.0.jar:/home/runner/.m2/repository/io/fabric8/kubernetes-model-autoscaling/7.1.0/kubernetes-model-autoscaling-7.1.0.jar:/home/runner/.m2/repository/io/fabric8/kubernetes-model-apiextensions/7.1.0/kubernetes-model-apiextensions-7.1.0.jar:/home/runner/.m2/repository/io/fabric8/kubernetes-model-batch/7.1.0/kubernetes-model-batch-7.1.0.jar:/home/runner/.m2/repository/io/fabric8/kubernetes-model-certificates/7.1.0/kubernetes-model-certificates-7.1.0.jar:/home/runner/.m2/repository/io/fabric8/kubernetes-model-coordination/7.1.0/kubernetes-model-coordination-7.1.0.jar:/home/runner/.m2/repository/io/fabric8/kubernetes-model-discovery/7.1.0/kubernetes-model-discovery-7.1.0.jar:/home/runner/.m2/repository/io/fabric8/kubernetes-model-events/7.1.0/kubernetes-model-events-7.1.0.jar:/home/runner/.m2/repository/io/fabric8/kubernetes-model-extensions/7.1.0/kubernetes-model-extensions-7.1.0.jar:/home/runner/.m2/repository/io/fabric8/kubernetes-model-flowcontrol/7.1.0/kubernetes-model-flowcontrol-7.1.0.jar:/home/runner/.m2/repository/io/fabric8/kubernetes-model-networking/7.1.0/kubernetes-model-networking-7.1.0.jar:/home/runner/.m2/repository/io/fabric8/kubernetes-model-metrics/7.1.0/kubernetes-model-metrics-7.1.0.jar:/home/runner/.m2/repository/io/fabric8/kubernetes-model-policy/7.1.0/kubernetes-model-policy-7.1.0.jar:/home/runner/.m2/repository/io/fabric8/kubernetes-model-scheduling/7.1.0/kubernetes-model-scheduling-7.1.0.jar:/home/runner/.m2/repository/io/fabric8/kubernetes-model-storageclass/7.1.0/kubernetes-model-storageclass-7.1.0.jar:/home/runner/.m2/repository/io/fabric8/kubernetes-model-node/7.1.0/kubernetes-model-node-7.1.0.jar:/home/runner/.m2/repository/org/snakeyaml/snakeyaml-engine/2.9/snakeyaml-engine-2.9.jar:/home/runner/.m2/repository/com/fasterxml/jackson/dataformat/jackson-dataformat-yaml/2.18.2/jackson-dataformat-yaml-2.18.2.jar:/home/runner/.m2/repository/com/fasterxml/jackson/datatype/jackson-datatype-jsr310/2.18.2/jackson-datatype-jsr310-2.18.2.jar:/home/runner/.m2/repository/io/fabric8/zjsonpatch/7.1.0/zjsonpatch-7.1.0.jar:/home/runner/.m2/repository/io/fabric8/kubernetes-httpclient-vertx/7.1.0/kubernetes-httpclient-vertx-7.1.0.jar:/home/runner/.m2/repository/io/vertx/vertx-web-client/4.5.16/vertx-web-client-4.5.16.jar:/home/runner/.m2/repository/io/vertx/vertx-web-common/4.5.16/vertx-web-common-4.5.16.jar:/home/runner/.m2/repository/io/vertx/vertx-auth-common/4.5.16/vertx-auth-common-4.5.16.jar:/home/runner/.m2/repository/io/vertx/vertx-uri-template/4.5.16/vertx-uri-template-4.5.16.jar:/home/runner/.m2/repository/io/fabric8/openshift-client/7.1.0/openshift-client-7.1.0.jar:/home/runner/.m2/repository/io/fabric8/openshift-client-api/7.1.0/openshift-client-api-7.1.0.jar:/home/runner/.m2/repository/io/fabric8/openshift-model/7.1.0/openshift-model-7.1.0.jar:/home/runner/.m2/repository/io/fabric8/openshift-model-autoscaling/7.1.0/openshift-model-autoscaling-7.1.0.jar:/home/runner/.m2/repository/io/fabric8/openshift-model-operator/7.1.0/openshift-model-operator-7.1.0.jar:/home/runner/.m2/repository/io/fabric8/openshift-model-operatorhub/7.1.0/openshift-model-operatorhub-7.1.0.jar:/home/runner/.m2/repository/io/fabric8/openshift-model-machine/7.1.0/openshift-model-machine-7.1.0.jar:/home/runner/.m2/repository/io/fabric8/openshift-model-whereabouts/7.1.0/openshift-model-whereabouts-7.1.0.jar:/home/runner/.m2/repository/io/fabric8/openshift-model-monitoring/7.1.0/openshift-model-monitoring-7.1.0.jar:/home/runner/.m2/repository/io/fabric8/openshift-model-storageversionmigrator/7.1.0/openshift-model-storageversionmigrator-7.1.0.jar:/home/runner/.m2/repository/io/fabric8/openshift-model-tuned/7.1.0/openshift-model-tuned-7.1.0.jar:/home/runner/.m2/repository/io/fabric8/openshift-model-console/7.1.0/openshift-model-console-7.1.0.jar:/home/runner/.m2/repository/io/fabric8/openshift-model-config/7.1.0/openshift-model-config-7.1.0.jar:/home/runner/.m2/repository/io/fabric8/openshift-model-machineconfiguration/7.1.0/openshift-model-machineconfiguration-7.1.0.jar:/home/runner/.m2/repository/io/fabric8/openshift-model-miscellaneous/7.1.0/openshift-model-miscellaneous-7.1.0.jar:/home/runner/.m2/repository/io/fabric8/openshift-model-hive/7.1.0/openshift-model-hive-7.1.0.jar:/home/runner/.m2/repository/io/fabric8/openshift-model-installer/7.1.0/openshift-model-installer-7.1.0.jar:/home/runner/.m2/repository/org/junit/platform/junit-platform-launcher/1.12.1/junit-platform-launcher-1.12.1.jar:/home/runner/.m2/repository/org/junit/platform/junit-platform-engine/1.12.1/junit-platform-engine-1.12.1.jar:/home/runner/.m2/repository/org/opentest4j/opentest4j/1.3.0/opentest4j-1.3.0.jar:/home/runner/.m2/repository/org/junit/platform/junit-platform-commons/1.12.1/junit-platform-commons-1.12.1.jar:/home/runner/.m2/repository/org/apiguardian/apiguardian-api/1.1.2/apiguardian-api-1.1.2.jar:/home/runner/.m2/repository/jakarta/ws/rs/jakarta.ws.rs-api/3.1.0/jakarta.ws.rs-api-3.1.0.jar:/home/runner/work/apicurio-testing/apicurio-testing/clusters/ci419/namespaces/mysql/tests/integration/apicurio-registry/java-sdk/target/apicurio-registry-java-sdk-3.0.12-SNAPSHOT.jar:/home/runner/.m2/repository/com/microsoft/kiota/microsoft-kiota-abstractions/1.8.8/microsoft-kiota-abstractions-1.8.8.jar:/home/runner/.m2/repository/io/github/std-uritemplate/std-uritemplate/2.0.0/std-uritemplate-2.0.0.jar:/home/runner/.m2/repository/io/kiota/kiota-http-jdk/0.0.29/kiota-http-jdk-0.0.29.jar:/home/runner/.m2/repository/io/kiota/kiota-http-vertx/0.0.29/kiota-http-vertx-0.0.29.jar:/home/runner/.m2/repository/io/kiota/kiota-serialization-jackson/0.0.29/kiota-serialization-jackson-0.0.29.jar:/home/runner/.m2/repository/com/microsoft/kiota/microsoft-kiota-serialization-text/1.8.8/microsoft-kiota-serialization-text-1.8.8.jar:/home/runner/.m2/repository/com/microsoft/kiota/microsoft-kiota-serialization-form/1.8.8/microsoft-kiota-serialization-form-1.8.8.jar:/home/runner/.m2/repository/com/microsoft/kiota/microsoft-kiota-serialization-multipart/1.8.8/microsoft-kiota-serialization-multipart-1.8.8.jar:/home/runner/.m2/repository/jakarta/annotation/jakarta.annotation-api/3.0.0/jakarta.annotation-api-3.0.0.jar:/home/runner/.m2/repository/io/vertx/vertx-auth-oauth2/4.5.16/vertx-auth-oauth2-4.5.16.jar:/home/runner/work/apicurio-testing/apicurio-testing/clusters/ci419/namespaces/mysql/tests/integration/apicurio-registry/java-sdk-v2/target/apicurio-registry-v2-java-sdk-3.0.12-SNAPSHOT.jar:/home/runner/work/apicurio-testing/apicurio-testing/clusters/ci419/namespaces/mysql/tests/integration/apicurio-registry/utils/kafka/target/apicurio-registry-utils-kafka-3.0.12-SNAPSHOT-tests.jar:/home/runner/.m2/repository/org/eclipse/microprofile/config/microprofile-config-api/3.1/microprofile-config-api-3.1.jar:/home/runner/.m2/repository/org/apache/kafka/kafka-clients/3.9.1/kafka-clients-3.9.1.jar:/home/runner/.m2/repository/com/github/luben/zstd-jni/1.5.6-4/zstd-jni-1.5.6-4.jar:/home/runner/.m2/repository/org/lz4/lz4-java/1.8.0/lz4-java-1.8.0.jar:/home/runner/.m2/repository/org/xerial/snappy/snappy-java/1.1.10.5/snappy-java-1.1.10.5.jar:/home/runner/.m2/repository/org/slf4j/slf4j-api/2.0.6/slf4j-api-2.0.6.jar:/home/runner/work/apicurio-testing/apicurio-testing/clusters/ci419/namespaces/mysql/tests/integration/apicurio-registry/utils/tests/target/apicurio-registry-utils-tests-3.0.12-SNAPSHOT.jar:/home/runner/work/apicurio-testing/apicurio-testing/clusters/ci419/namespaces/mysql/tests/integration/apicurio-registry/common/target/apicurio-registry-common-3.0.12-SNAPSHOT.jar:/home/runner/.m2/repository/jakarta/validation/jakarta.validation-api/3.0.2/jakarta.validation-api-3.0.2.jar:/home/runner/.m2/repository/com/github/dasniko/testcontainers-keycloak/3.8.0/testcontainers-keycloak-3.8.0.jar:/home/runner/.m2/repository/org/testcontainers/testcontainers/1.20.6/testcontainers-1.20.6.jar:/home/runner/.m2/repository/org/rnorth/duct-tape/duct-tape/1.0.8/duct-tape-1.0.8.jar:/home/runner/.m2/repository/com/github/docker-java/docker-java-transport-zerodep/3.4.1/docker-java-transport-zerodep-3.4.1.jar:/home/runner/.m2/repository/com/github/docker-java/docker-java-transport/3.4.1/docker-java-transport-3.4.1.jar:/home/runner/.m2/repository/net/java/dev/jna/jna/5.8.0/jna-5.8.0.jar:/home/runner/.m2/repository/io/quarkus/quarkus-junit4-mock/3.20.2/quarkus-junit4-mock-3.20.2.jar:/home/runner/.m2/repository/org/jboss/shrinkwrap/shrinkwrap-api/2.0.0-beta-2/shrinkwrap-api-2.0.0-beta-2.jar:/home/runner/.m2/repository/org/jboss/shrinkwrap/shrinkwrap-impl-base/2.0.0-beta-2/shrinkwrap-impl-base-2.0.0-beta-2.jar:/home/runner/.m2/repository/org/jboss/shrinkwrap/shrinkwrap-spi/2.0.0-beta-2/shrinkwrap-spi-2.0.0-beta-2.jar:/home/runner/.m2/repository/org/keycloak/keycloak-admin-client/26.0.4/keycloak-admin-client-26.0.4.jar:/home/runner/.m2/repository/org/keycloak/keycloak-client-common-synced/26.0.4/keycloak-client-common-synced-26.0.4.jar:/home/runner/.m2/repository/jakarta/activation/jakarta.activation-api/2.1.3/jakarta.activation-api-2.1.3.jar:/home/runner/.m2/repository/org/eclipse/microprofile/openapi/microprofile-openapi-api/4.0.2/microprofile-openapi-api-4.0.2.jar:/home/runner/.m2/repository/org/jboss/resteasy/resteasy-client/6.2.12.Final/resteasy-client-6.2.12.Final.jar:/home/runner/.m2/repository/org/jboss/resteasy/resteasy-client-api/6.2.12.Final/resteasy-client-api-6.2.12.Final.jar:/home/runner/.m2/repository/org/jboss/resteasy/resteasy-core-spi/6.2.12.Final/resteasy-core-spi-6.2.12.Final.jar:/home/runner/.m2/repository/org/jboss/resteasy/resteasy-core/6.2.12.Final/resteasy-core-6.2.12.Final.jar:/home/runner/.m2/repository/org/eclipse/angus/angus-activation/2.0.2/angus-activation-2.0.2.jar:/home/runner/.m2/repository/com/ibm/async/asyncutil/0.1.0/asyncutil-0.1.0.jar:/home/runner/.m2/repository/org/reactivestreams/reactive-streams/1.0.4/reactive-streams-1.0.4.jar:/home/runner/.m2/repository/org/jboss/resteasy/resteasy-multipart-provider/6.2.12.Final/resteasy-multipart-provider-6.2.12.Final.jar:/home/runner/.m2/repository/jakarta/mail/jakarta.mail-api/2.1.3/jakarta.mail-api-2.1.3.jar:/home/runner/.m2/repository/org/eclipse/angus/angus-mail/2.0.3/angus-mail-2.0.3.jar:/home/runner/.m2/repository/org/apache/james/apache-mime4j-dom/0.8.12/apache-mime4j-dom-0.8.12.jar:/home/runner/.m2/repository/org/apache/james/apache-mime4j-core/0.8.12/apache-mime4j-core-0.8.12.jar:/home/runner/.m2/repository/org/apache/james/apache-mime4j-storage/0.8.12/apache-mime4j-storage-0.8.12.jar:/home/runner/.m2/repository/org/jboss/resteasy/resteasy-jackson2-provider/6.2.12.Final/resteasy-jackson2-provider-6.2.12.Final.jar:/home/runner/.m2/repository/com/fasterxml/jackson/jakarta/rs/jackson-jakarta-rs-base/2.18.2/jackson-jakarta-rs-base-2.18.2.jar:/home/runner/.m2/repository/com/fasterxml/jackson/jakarta/rs/jackson-jakarta-rs-json-provider/2.18.2/jackson-jakarta-rs-json-provider-2.18.2.jar:/home/runner/.m2/repository/com/fasterxml/jackson/module/jackson-module-jakarta-xmlbind-annotations/2.18.2/jackson-module-jakarta-xmlbind-annotations-2.18.2.jar:/home/runner/.m2/repository/com/github/java-json-tools/json-patch/1.13/json-patch-1.13.jar:/home/runner/.m2/repository/com/github/java-json-tools/msg-simple/1.2/msg-simple-1.2.jar:/home/runner/.m2/repository/com/github/java-json-tools/btf/1.3/btf-1.3.jar:/home/runner/.m2/repository/com/github/java-json-tools/jackson-coreutils/2.0/jackson-coreutils-2.0.jar:/home/runner/.m2/repository/org/jboss/resteasy/resteasy-jaxb-provider/6.2.12.Final/resteasy-jaxb-provider-6.2.12.Final.jar:/home/runner/.m2/repository/org/glassfish/jaxb/codemodel/4.0.5/codemodel-4.0.5.jar:/home/runner/.m2/repository/org/glassfish/jaxb/jaxb-core/4.0.5/jaxb-core-4.0.5.jar:/home/runner/.m2/repository/org/glassfish/jaxb/jaxb-jxc/4.0.5/jaxb-jxc-4.0.5.jar:/home/runner/.m2/repository/org/glassfish/jaxb/jaxb-runtime/4.0.5/jaxb-runtime-4.0.5.jar:/home/runner/.m2/repository/org/glassfish/jaxb/txw2/4.0.5/txw2-4.0.5.jar:/home/runner/.m2/repository/org/glassfish/jaxb/jaxb-xjc/4.0.5/jaxb-xjc-4.0.5.jar:/home/runner/.m2/repository/org/glassfish/jaxb/xsom/4.0.5/xsom-4.0.5.jar:/home/runner/.m2/repository/com/sun/istack/istack-commons-runtime/4.1.2/istack-commons-runtime-4.1.2.jar:/home/runner/.m2/repository/com/sun/istack/istack-commons-tools/4.1.2/istack-commons-tools-4.1.2.jar:/home/runner/.m2/repository/com/sun/xml/bind/external/relaxng-datatype/4.0.5/relaxng-datatype-4.0.5.jar:/home/runner/.m2/repository/com/sun/xml/bind/external/rngom/4.0.5/rngom-4.0.5.jar:/home/runner/.m2/repository/org/testcontainers/mssqlserver/1.20.6/mssqlserver-1.20.6.jar:/home/runner/.m2/repository/org/testcontainers/jdbc/1.20.6/jdbc-1.20.6.jar:/home/runner/.m2/repository/org/testcontainers/database-commons/1.20.6/database-commons-1.20.6.jar:/home/runner/.m2/repository/org/testcontainers/mysql/1.20.6/mysql-1.20.6.jar:/home/runner/.m2/repository/io/strimzi/strimzi-test-container/0.111.0/strimzi-test-container-0.111.0.jar:/home/runner/.m2/repository/org/testcontainers/toxiproxy/1.20.6/toxiproxy-1.20.6.jar:/home/runner/.m2/repository/com/github/docker-java/docker-java-api/3.4.1/docker-java-api-3.4.1.jar:/home/runner/.m2/repository/org/apache/logging/log4j/log4j-slf4j-impl/2.19.0/log4j-slf4j-impl-2.19.0.jar:/home/runner/.m2/repository/org/apache/logging/log4j/log4j-api/2.24.3/log4j-api-2.24.3.jar:/home/runner/.m2/repository/org/apache/logging/log4j/log4j-core/2.19.0/log4j-core-2.19.0.jar:/home/runner/.m2/repository/eu/rekawek/toxiproxy/toxiproxy-java/2.1.7/toxiproxy-java-2.1.7.jar:/home/runner/.m2/repository/org/testcontainers/pulsar/1.21.3/pulsar-1.21.3.jar:/home/runner/.m2/repository/io/debezium/debezium-testing-testcontainers/2.7.4.Final/debezium-testing-testcontainers-2.7.4.Final.jar:/home/runner/.m2/repository/org/testcontainers/kafka/1.20.6/kafka-1.20.6.jar:/home/runner/.m2/repository/com/squareup/okhttp3/okhttp/4.8.1/okhttp-4.8.1.jar:/home/runner/.m2/repository/com/squareup/okio/okio/3.10.2/okio-3.10.2.jar:/home/runner/.m2/repository/com/squareup/okio/okio-jvm/3.10.2/okio-jvm-3.10.2.jar:/home/runner/.m2/repository/org/jetbrains/kotlin/kotlin-stdlib/2.0.21/kotlin-stdlib-2.0.21.jar:/home/runner/.m2/repository/org/awaitility/awaitility/4.3.0/awaitility-4.3.0.jar:/home/runner/.m2/repository/org/testcontainers/mongodb/1.20.6/mongodb-1.20.6.jar:/home/runner/.m2/repository/org/testcontainers/mariadb/1.20.6/mariadb-1.20.6.jar:/home/runner/.m2/repository/org/testcontainers/oracle-xe/1.20.6/oracle-xe-1.20.6.jar:/home/runner/.m2/repository/org/testcontainers/postgresql/1.20.6/postgresql-1.20.6.jar:/home/runner/.m2/repository/org/wiremock/wiremock/3.0.1/wiremock-3.0.1.jar:/home/runner/.m2/repository/org/eclipse/jetty/jetty-server/11.0.15/jetty-server-11.0.15.jar:/home/runner/.m2/repository/org/eclipse/jetty/toolchain/jetty-jakarta-servlet-api/5.0.2/jetty-jakarta-servlet-api-5.0.2.jar:/home/runner/.m2/repository/org/eclipse/jetty/jetty-http/11.0.15/jetty-http-11.0.15.jar:/home/runner/.m2/repository/org/eclipse/jetty/jetty-io/11.0.15/jetty-io-11.0.15.jar:/home/runner/.m2/repository/org/eclipse/jetty/jetty-servlet/11.0.15/jetty-servlet-11.0.15.jar:/home/runner/.m2/repository/org/eclipse/jetty/jetty-security/11.0.15/jetty-security-11.0.15.jar:/home/runner/.m2/repository/org/eclipse/jetty/jetty-servlets/11.0.15/jetty-servlets-11.0.15.jar:/home/runner/.m2/repository/org/eclipse/jetty/jetty-util/11.0.15/jetty-util-11.0.15.jar:/home/runner/.m2/repository/org/eclipse/jetty/jetty-webapp/11.0.15/jetty-webapp-11.0.15.jar:/home/runner/.m2/repository/org/eclipse/jetty/jetty-xml/11.0.15/jetty-xml-11.0.15.jar:/home/runner/.m2/repository/org/eclipse/jetty/jetty-proxy/11.0.15/jetty-proxy-11.0.15.jar:/home/runner/.m2/repository/org/eclipse/jetty/jetty-client/11.0.15/jetty-client-11.0.15.jar:/home/runner/.m2/repository/org/eclipse/jetty/http2/http2-server/11.0.15/http2-server-11.0.15.jar:/home/runner/.m2/repository/org/eclipse/jetty/http2/http2-common/11.0.15/http2-common-11.0.15.jar:/home/runner/.m2/repository/org/eclipse/jetty/http2/http2-hpack/11.0.15/http2-hpack-11.0.15.jar:/home/runner/.m2/repository/org/eclipse/jetty/jetty-alpn-server/11.0.15/jetty-alpn-server-11.0.15.jar:/home/runner/.m2/repository/org/eclipse/jetty/jetty-alpn-java-server/11.0.15/jetty-alpn-java-server-11.0.15.jar:/home/runner/.m2/repository/org/eclipse/jetty/jetty-alpn-java-client/11.0.15/jetty-alpn-java-client-11.0.15.jar:/home/runner/.m2/repository/org/eclipse/jetty/jetty-alpn-client/11.0.15/jetty-alpn-client-11.0.15.jar:/home/runner/.m2/repository/org/apache/httpcomponents/client5/httpclient5/5.2.1/httpclient5-5.2.1.jar:/home/runner/.m2/repository/org/apache/httpcomponents/core5/httpcore5/5.2/httpcore5-5.2.jar:/home/runner/.m2/repository/org/apache/httpcomponents/core5/httpcore5-h2/5.2/httpcore5-h2-5.2.jar:/home/runner/.m2/repository/org/xmlunit/xmlunit-core/2.9.1/xmlunit-core-2.9.1.jar:/home/runner/.m2/repository/jakarta/xml/bind/jakarta.xml.bind-api/4.0.2/jakarta.xml.bind-api-4.0.2.jar:/home/runner/.m2/repository/org/xmlunit/xmlunit-legacy/2.9.1/xmlunit-legacy-2.9.1.jar:/home/runner/.m2/repository/org/xmlunit/xmlunit-placeholders/2.9.1/xmlunit-placeholders-2.9.1.jar:/home/runner/.m2/repository/net/javacrumbs/json-unit/json-unit-core/2.38.0/json-unit-core-2.38.0.jar:/home/runner/.m2/repository/org/hamcrest/hamcrest-core/2.2/hamcrest-core-2.2.jar:/home/runner/.m2/repository/com/jayway/jsonpath/json-path/2.8.0/json-path-2.8.0.jar:/home/runner/.m2/repository/net/minidev/json-smart/2.4.10/json-smart-2.4.10.jar:/home/runner/.m2/repository/net/minidev/accessors-smart/2.4.9/accessors-smart-2.4.9.jar:/home/runner/.m2/repository/org/ow2/asm/asm/9.7.1/asm-9.7.1.jar:/home/runner/.m2/repository/net/sf/jopt-simple/jopt-simple/5.0.4/jopt-simple-5.0.4.jar:/home/runner/.m2/repository/com/github/jknack/handlebars/4.3.1/handlebars-4.3.1.jar:/home/runner/.m2/repository/com/github/jknack/handlebars-helpers/4.3.1/handlebars-helpers-4.3.1.jar:/home/runner/.m2/repository/commons-fileupload/commons-fileupload/1.5/commons-fileupload-1.5.jar:/home/runner/.m2/repository/com/networknt/json-schema-validator/1.5.8/json-schema-validator-1.5.8.jar:/home/runner/.m2/repository/com/ethlo/time/itu/1.10.3/itu-1.10.3.jar:/home/runner/.m2/repository/io/quarkus/quarkus-smallrye-jwt-build/3.20.2/quarkus-smallrye-jwt-build-3.20.2.jar:/home/runner/.m2/repository/io/smallrye/smallrye-jwt-build/4.6.2/smallrye-jwt-build-4.6.2.jar:/home/runner/.m2/repository/org/eclipse/microprofile/jwt/microprofile-jwt-auth-api/2.1/microprofile-jwt-auth-api-2.1.jar:/home/runner/.m2/repository/org/bitbucket/b_c/jose4j/0.9.6/jose4j-0.9.6.jar:/home/runner/.m2/repository/io/smallrye/smallrye-jwt-common/4.6.2/smallrye-jwt-common-4.6.2.jar:/home/runner/.m2/repository/io/quarkus/quarkus-jsonp/3.20.2/quarkus-jsonp-3.20.2.jar:/home/runner/.m2/repository/io/quarkus/quarkus-arc/3.20.2/quarkus-arc-3.20.2.jar:/home/runner/.m2/repository/io/quarkus/arc/arc/3.20.2/arc-3.20.2.jar:/home/runner/.m2/repository/jakarta/transaction/jakarta.transaction-api/2.0.1/jakarta.transaction-api-2.0.1.jar:/home/runner/.m2/repository/io/smallrye/reactive/mutiny/2.9.2/mutiny-2.9.2.jar:/home/runner/.m2/repository/org/jctools/jctools-core/4.0.5/jctools-core-4.0.5.jar:/home/runner/.m2/repository/org/eclipse/microprofile/context-propagation/microprofile-context-propagation-api/1.3/microprofile-context-propagation-api-1.3.jar:/home/runner/.m2/repository/io/apicurio/apicurio-common-rest-client-common/0.1.18.Final/apicurio-common-rest-client-common-0.1.18.Final.jar:/home/runner/work/apicurio-testing/apicurio-testing/clusters/ci419/namespaces/mysql/tests/integration/apicurio-registry/utils/maven-plugin/target/apicurio-registry-maven-plugin-3.0.12-SNAPSHOT.jar:/home/runner/.m2/repository/com/fasterxml/jackson/core/jackson-databind/2.18.2/jackson-databind-2.18.2.jar:/home/runner/.m2/repository/org/apache/avro/avro/1.12.0/avro-1.12.0.jar:/home/runner/.m2/repository/com/google/protobuf/protobuf-java/4.31.1/protobuf-java-4.31.1.jar:/home/runner/.m2/repository/com/google/protobuf/protobuf-java-util/4.31.1/protobuf-java-util-4.31.1.jar:/home/runner/.m2/repository/com/google/code/findbugs/jsr305/3.0.2/jsr305-3.0.2.jar:/home/runner/.m2/repository/com/google/code/gson/gson/2.12.1/gson-2.12.1.jar:/home/runner/.m2/repository/com/google/errorprone/error_prone_annotations/2.36.0/error_prone_annotations-2.36.0.jar:/home/runner/.m2/repository/com/google/j2objc/j2objc-annotations/2.8/j2objc-annotations-2.8.jar:/home/runner/work/apicurio-testing/apicurio-testing/clusters/ci419/namespaces/mysql/tests/integration/apicurio-registry/schema-util/util-provider/target/apicurio-registry-schema-util-provider-3.0.12-SNAPSHOT.jar:/home/runner/work/apicurio-testing/apicurio-testing/clusters/ci419/namespaces/mysql/tests/integration/apicurio-registry/schema-util/common/target/apicurio-registry-schema-util-common-3.0.12-SNAPSHOT.jar:/home/runner/.m2/repository/com/fasterxml/jackson/module/jackson-module-parameter-names/2.18.2/jackson-module-parameter-names-2.18.2.jar:/home/runner/.m2/repository/com/fasterxml/jackson/datatype/jackson-datatype-json-org/2.18.2/jackson-datatype-json-org-2.18.2.jar:/home/runner/work/apicurio-testing/apicurio-testing/clusters/ci419/namespaces/mysql/tests/integration/apicurio-registry/schema-util/json/target/apicurio-registry-schema-util-json-3.0.12-SNAPSHOT.jar:/home/runner/.m2/repository/com/github/erosb/everit-json-schema/1.14.5/everit-json-schema-1.14.5.jar:/home/runner/.m2/repository/commons-validator/commons-validator/1.9.0/commons-validator-1.9.0.jar:/home/runner/.m2/repository/commons-digester/commons-digester/2.1/commons-digester-2.1.jar:/home/runner/.m2/repository/commons-collections/commons-collections/3.2.2/commons-collections-3.2.2.jar:/home/runner/.m2/repository/com/damnhandy/handy-uri-templates/2.1.8/handy-uri-templates-2.1.8.jar:/home/runner/.m2/repository/joda-time/joda-time/2.10.2/joda-time-2.10.2.jar:/home/runner/.m2/repository/com/github/erosb/json-sKema/0.20.0/json-sKema-0.20.0.jar:/home/runner/.m2/repository/io/vertx/vertx-json-schema/4.5.16/vertx-json-schema-4.5.16.jar:/home/runner/work/apicurio-testing/apicurio-testing/clusters/ci419/namespaces/mysql/tests/integration/apicurio-registry/schema-util/protobuf/target/apicurio-registry-schema-util-protobuf-3.0.12-SNAPSHOT.jar:/home/runner/work/apicurio-testing/apicurio-testing/clusters/ci419/namespaces/mysql/tests/integration/apicurio-registry/utils/protobuf-schema-utilities/target/apicurio-registry-protobuf-schema-utilities-3.0.12-SNAPSHOT.jar:/home/runner/.m2/repository/com/google/api/grpc/proto-google-common-protos/2.52.0/proto-google-common-protos-2.52.0.jar:/home/runner/.m2/repository/com/squareup/wire/wire-schema-jvm/5.3.3/wire-schema-jvm-5.3.3.jar:/home/runner/.m2/repository/com/palantir/javapoet/javapoet/0.6.0/javapoet-0.6.0.jar:/home/runner/.m2/repository/com/squareup/kotlinpoet-jvm/2.0.0/kotlinpoet-jvm-2.0.0.jar:/home/runner/.m2/repository/org/jetbrains/kotlin/kotlin-reflect/2.0.21/kotlin-reflect-2.0.21.jar:/home/runner/.m2/repository/com/squareup/wire/wire-runtime-jvm/5.3.3/wire-runtime-jvm-5.3.3.jar:/home/runner/.m2/repository/com/ibm/icu/icu4j/76.1/icu4j-76.1.jar:/home/runner/.m2/repository/com/squareup/okio/okio-fakefilesystem/3.10.2/okio-fakefilesystem-3.10.2.jar:/home/runner/.m2/repository/com/squareup/okio/okio-fakefilesystem-jvm/3.10.2/okio-fakefilesystem-jvm-3.10.2.jar:/home/runner/.m2/repository/org/jetbrains/kotlinx/kotlinx-datetime-jvm/0.6.1/kotlinx-datetime-jvm-0.6.1.jar:/home/runner/work/apicurio-testing/apicurio-testing/clusters/ci419/namespaces/mysql/tests/integration/apicurio-registry/schema-util/asyncapi/target/apicurio-registry-schema-util-asyncapi-3.0.12-SNAPSHOT.jar:/home/runner/work/apicurio-testing/apicurio-testing/clusters/ci419/namespaces/mysql/tests/integration/apicurio-registry/schema-util/avro/target/apicurio-registry-schema-util-avro-3.0.12-SNAPSHOT.jar:/home/runner/work/apicurio-testing/apicurio-testing/clusters/ci419/namespaces/mysql/tests/integration/apicurio-registry/schema-util/graphql/target/apicurio-registry-schema-util-graphql-3.0.12-SNAPSHOT.jar:/home/runner/.m2/repository/com/graphql-java/graphql-java/22.4/graphql-java-22.4.jar:/home/runner/.m2/repository/com/graphql-java/java-dataloader/3.3.0/java-dataloader-3.3.0.jar:/home/runner/work/apicurio-testing/apicurio-testing/clusters/ci419/namespaces/mysql/tests/integration/apicurio-registry/schema-util/kconnect/target/apicurio-registry-schema-util-kconnect-3.0.12-SNAPSHOT.jar:/home/runner/work/apicurio-testing/apicurio-testing/clusters/ci419/namespaces/mysql/tests/integration/apicurio-registry/schema-util/openapi/target/apicurio-registry-schema-util-openapi-3.0.12-SNAPSHOT.jar:/home/runner/.m2/repository/io/apicurio/apicurio-data-models/2.2.2/apicurio-data-models-2.2.2.jar:/home/runner/.m2/repository/org/openapitools/openapidiff/openapi-diff-core/2.1.2/openapi-diff-core-2.1.2.jar:/home/runner/.m2/repository/io/swagger/parser/v3/swagger-parser/2.1.28/swagger-parser-2.1.28.jar:/home/runner/.m2/repository/io/swagger/parser/v3/swagger-parser-v2-converter/2.1.28/swagger-parser-v2-converter-2.1.28.jar:/home/runner/.m2/repository/io/swagger/swagger-core/1.6.16/swagger-core-1.6.16.jar:/home/runner/.m2/repository/io/swagger/swagger-models/1.6.16/swagger-models-1.6.16.jar:/home/runner/.m2/repository/io/swagger/swagger-annotations/1.6.16/swagger-annotations-1.6.16.jar:/home/runner/.m2/repository/io/swagger/swagger-parser/1.0.75/swagger-parser-1.0.75.jar:/home/runner/.m2/repository/io/swagger/swagger-parser-safe-url-resolver/1.0.75/swagger-parser-safe-url-resolver-1.0.75.jar:/home/runner/.m2/repository/io/swagger/swagger-compat-spec-parser/1.0.75/swagger-compat-spec-parser-1.0.75.jar:/home/runner/.m2/repository/com/github/java-json-tools/json-schema-validator/2.2.14/json-schema-validator-2.2.14.jar:/home/runner/.m2/repository/com/github/java-json-tools/jackson-coreutils-equivalence/1.0/jackson-coreutils-equivalence-1.0.jar:/home/runner/.m2/repository/com/github/java-json-tools/json-schema-core/1.2.14/json-schema-core-1.2.14.jar:/home/runner/.m2/repository/com/github/java-json-tools/uri-template/0.10/uri-template-0.10.jar:/home/runner/.m2/repository/com/googlecode/libphonenumber/libphonenumber/8.11.1/libphonenumber-8.11.1.jar:/home/runner/.m2/repository/com/j2html/j2html/1.6.0/j2html-1.6.0.jar:/home/runner/.m2/repository/org/apache/commons/commons-collections4/4.5.0/commons-collections4-4.5.0.jar:/home/runner/.m2/repository/org/slf4j/jcl-over-slf4j/2.0.17/jcl-over-slf4j-2.0.17.jar:/home/runner/.m2/repository/io/swagger/parser/v3/swagger-parser-v3/2.1.31/swagger-parser-v3-2.1.31.jar:/home/runner/.m2/repository/io/swagger/core/v3/swagger-models/2.2.34/swagger-models-2.2.34.jar:/home/runner/.m2/repository/io/swagger/core/v3/swagger-core/2.2.34/swagger-core-2.2.34.jar:/home/runner/.m2/repository/io/swagger/parser/v3/swagger-parser-core/2.1.31/swagger-parser-core-2.1.31.jar:/home/runner/.m2/repository/io/swagger/parser/v3/swagger-parser-safe-url-resolver/2.1.31/swagger-parser-safe-url-resolver-2.1.31.jar:/home/runner/work/apicurio-testing/apicurio-testing/clusters/ci419/namespaces/mysql/tests/integration/apicurio-registry/schema-util/wsdl/target/apicurio-registry-schema-util-wsdl-3.0.12-SNAPSHOT.jar:/home/runner/.m2/repository/wsdl4j/wsdl4j/1.6.3/wsdl4j-1.6.3.jar:/home/runner/work/apicurio-testing/apicurio-testing/clusters/ci419/namespaces/mysql/tests/integration/apicurio-registry/schema-util/xml/target/apicurio-registry-schema-util-xml-3.0.12-SNAPSHOT.jar:/home/runner/.m2/repository/org/apache/santuario/xmlsec/4.0.4/xmlsec-4.0.4.jar:/home/runner/.m2/repository/com/fasterxml/woodstox/woodstox-core/7.1.1/woodstox-core-7.1.1.jar:/home/runner/.m2/repository/org/codehaus/woodstox/stax2-api/4.2.2/stax2-api-4.2.2.jar:/home/runner/work/apicurio-testing/apicurio-testing/clusters/ci419/namespaces/mysql/tests/integration/apicurio-registry/schema-util/xsd/target/apicurio-registry-schema-util-xsd-3.0.12-SNAPSHOT.jar:/home/runner/work/apicurio-testing/apicurio-testing/clusters/ci419/namespaces/mysql/tests/integration/apicurio-registry/serdes/kafka/jsonschema-serde/target/apicurio-registry-jsonschema-serde-kafka-3.0.12-SNAPSHOT.jar:/home/runner/work/apicurio-testing/apicurio-testing/clusters/ci419/namespaces/mysql/tests/integration/apicurio-registry/serdes/kafka/serde-kafka-common/target/apicurio-registry-serde-kafka-common-3.0.12-SNAPSHOT.jar:/home/runner/work/apicurio-testing/apicurio-testing/clusters/ci419/namespaces/mysql/tests/integration/apicurio-registry/serdes/generic/serde-common/target/apicurio-registry-serde-common-3.0.12-SNAPSHOT.jar:/home/runner/work/apicurio-testing/apicurio-testing/clusters/ci419/namespaces/mysql/tests/integration/apicurio-registry/serdes/generic/serde-common-jsonschema/target/apicurio-registry-serde-common-jsonschema-3.0.12-SNAPSHOT.jar:/home/runner/.m2/repository/org/json/json/20250107/json-20250107.jar:/home/runner/work/apicurio-testing/apicurio-testing/clusters/ci419/namespaces/mysql/tests/integration/apicurio-registry/serdes/kafka/avro-serde/target/apicurio-registry-avro-serde-kafka-3.0.12-SNAPSHOT.jar:/home/runner/work/apicurio-testing/apicurio-testing/clusters/ci419/namespaces/mysql/tests/integration/apicurio-registry/serdes/generic/serde-common-avro/target/apicurio-registry-serde-common-avro-3.0.12-SNAPSHOT.jar:/home/runner/work/apicurio-testing/apicurio-testing/clusters/ci419/namespaces/mysql/tests/integration/apicurio-registry/serdes/kafka/protobuf-serde/target/apicurio-registry-protobuf-serde-kafka-3.0.12-SNAPSHOT.jar:/home/runner/work/apicurio-testing/apicurio-testing/clusters/ci419/namespaces/mysql/tests/integration/apicurio-registry/serdes/generic/serde-common-protobuf/target/apicurio-registry-serde-common-protobuf-3.0.12-SNAPSHOT.jar:/home/runner/.m2/repository/com/squareup/wire/wire-schema/5.3.3/wire-schema-5.3.3.jar:/home/runner/.m2/repository/com/squareup/wire/wire-runtime/5.3.3/wire-runtime-5.3.3.jar:/home/runner/work/apicurio-testing/apicurio-testing/clusters/ci419/namespaces/mysql/tests/integration/apicurio-registry/serdes/pulsar/avro-serde/target/apicurio-registry-avro-serde-pulsar-3.0.12-SNAPSHOT.jar:/home/runner/.m2/repository/org/apache/pulsar/pulsar-functions-api/3.3.8/pulsar-functions-api-3.3.8.jar:/home/runner/work/apicurio-testing/apicurio-testing/clusters/ci419/namespaces/mysql/tests/integration/apicurio-registry/serdes/nats/avro-serde/target/apicurio-registry-avro-serde-nats-3.0.12-SNAPSHOT.jar:/home/runner/.m2/repository/io/nats/jnats/2.21.4/jnats-2.21.4.jar:/home/runner/.m2/repository/org/bouncycastle/bcprov-lts8on/2.73.7/bcprov-lts8on-2.73.7.jar:/home/runner/.m2/repository/org/jetbrains/annotations/26.0.2/annotations-26.0.2.jar:/home/runner/work/apicurio-testing/apicurio-testing/clusters/ci419/namespaces/mysql/tests/integration/apicurio-registry/utils/converter/target/apicurio-registry-utils-converter-3.0.12-SNAPSHOT.jar:/home/runner/work/apicurio-testing/apicurio-testing/clusters/ci419/namespaces/mysql/tests/integration/apicurio-registry/schema-resolver/target/apicurio-registry-schema-resolver-3.0.12-SNAPSHOT.jar:/home/runner/.m2/repository/org/apache/kafka/connect-api/3.9.1/connect-api-3.9.1.jar:/home/runner/.m2/repository/javax/ws/rs/javax.ws.rs-api/2.1.1/javax.ws.rs-api-2.1.1.jar:/home/runner/.m2/repository/org/apache/kafka/connect-json/3.9.1/connect-json-3.9.1.jar:/home/runner/.m2/repository/com/fasterxml/jackson/datatype/jackson-datatype-jdk8/2.18.2/jackson-datatype-jdk8-2.18.2.jar:/home/runner/.m2/repository/com/fasterxml/jackson/module/jackson-module-afterburner/2.18.2/jackson-module-afterburner-2.18.2.jar:/home/runner/work/apicurio-testing/apicurio-testing/clusters/ci419/namespaces/mysql/tests/integration/apicurio-registry/utils/kafka/target/apicurio-registry-utils-kafka-3.0.12-SNAPSHOT.jar:/home/runner/.m2/repository/org/apache/pulsar/pulsar-client/3.3.8/pulsar-client-3.3.8.jar:/home/runner/.m2/repository/org/apache/pulsar/pulsar-client-api/3.3.8/pulsar-client-api-3.3.8.jar:/home/runner/.m2/repository/org/apache/pulsar/pulsar-client-admin-api/3.3.8/pulsar-client-admin-api-3.3.8.jar:/home/runner/.m2/repository/org/apache/pulsar/bouncy-castle-bc/3.3.8/bouncy-castle-bc-3.3.8-pkg.jar:/home/runner/.m2/repository/org/bouncycastle/bcpkix-jdk18on/1.81/bcpkix-jdk18on-1.81.jar:/home/runner/.m2/repository/org/bouncycastle/bcutil-jdk18on/1.81/bcutil-jdk18on-1.81.jar:/home/runner/.m2/repository/org/bouncycastle/bcprov-jdk18on/1.81/bcprov-jdk18on-1.81.jar:/home/runner/.m2/repository/io/opentelemetry/opentelemetry-api/1.44.1/opentelemetry-api-1.44.1.jar:/home/runner/.m2/repository/io/opentelemetry/opentelemetry-context/1.44.1/opentelemetry-context-1.44.1.jar:/home/runner/.m2/repository/io/opentelemetry/opentelemetry-api-incubator/1.44.1-alpha/opentelemetry-api-incubator-1.44.1-alpha.jar:/home/runner/.m2/repository/com/fasterxml/jackson/core/jackson-annotations/2.18.2/jackson-annotations-2.18.2.jar:/home/runner/.m2/repository/javax/validation/validation-api/1.1.0.Final/validation-api-1.1.0.Final.jar:/home/runner/.m2/repository/org/jspecify/jspecify/1.0.0/jspecify-1.0.0.jar:/home/runner/.m2/repository/org/apache/commons/commons-configuration2/2.12.0/commons-configuration2-2.12.0.jar:/home/runner/.m2/repository/commons-logging/commons-logging/1.3.5/commons-logging-1.3.5.jar:/home/runner/.m2/repository/org/apache/commons/commons-text/1.13.0/commons-text-1.13.0.jar:/home/runner/.m2/repository/io/confluent/kafka-avro-serializer/8.0.0/kafka-avro-serializer-8.0.0.jar:/home/runner/.m2/repository/org/apache/commons/commons-compress/1.27.1/commons-compress-1.27.1.jar:/home/runner/.m2/repository/io/confluent/kafka-schema-serializer/8.0.0/kafka-schema-serializer-8.0.0.jar:/home/runner/.m2/repository/com/fasterxml/jackson/dataformat/jackson-dataformat-csv/2.18.2/jackson-dataformat-csv-2.18.2.jar:/home/runner/.m2/repository/io/confluent/kafka-schema-registry-client/8.0.0/kafka-schema-registry-client-8.0.0.jar:/home/runner/.m2/repository/org/yaml/snakeyaml/2.3/snakeyaml-2.3.jar:/home/runner/.m2/repository/io/swagger/core/v3/swagger-annotations/2.2.29/swagger-annotations-2.2.29.jar:/home/runner/.m2/repository/com/google/guava/guava/33.4.0-jre/guava-33.4.0-jre.jar:/home/runner/.m2/repository/com/google/guava/failureaccess/1.0.1/failureaccess-1.0.1.jar:/home/runner/.m2/repository/org/checkerframework/checker-qual/3.49.0/checker-qual-3.49.0.jar:/home/runner/.m2/repository/io/confluent/logredactor/1.0.13/logredactor-1.0.13.jar:/home/runner/.m2/repository/com/google/re2j/re2j/1.6/re2j-1.6.jar:/home/runner/.m2/repository/io/confluent/logredactor-metrics/1.0.13/logredactor-metrics-1.0.13.jar:/home/runner/.m2/repository/com/eclipsesource/minimal-json/minimal-json/0.9.5/minimal-json-0.9.5.jar:/home/runner/.m2/repository/io/confluent/common-utils/8.0.0/common-utils-8.0.0.jar:/home/runner/.m2/repository/io/confluent/kafka-connect-avro-converter/8.0.0/kafka-connect-avro-converter-8.0.0.jar:/home/runner/.m2/repository/io/confluent/kafka-connect-avro-data/8.0.0/kafka-connect-avro-data-8.0.0.jar:/home/runner/.m2/repository/io/confluent/kafka-schema-converter/8.0.0/kafka-schema-converter-8.0.0.jar:/home/runner/.m2/repository/io/rest-assured/rest-assured/5.5.1/rest-assured-5.5.1.jar:/home/runner/.m2/repository/org/apache/groovy/groovy/4.0.22/groovy-4.0.22.jar:/home/runner/.m2/repository/org/apache/groovy/groovy-xml/4.0.22/groovy-xml-4.0.22.jar:/home/runner/.m2/repository/org/apache/httpcomponents/httpclient/4.5.14/httpclient-4.5.14.jar:/home/runner/.m2/repository/org/apache/httpcomponents/httpcore/4.4.16/httpcore-4.4.16.jar:/home/runner/.m2/repository/org/apache/httpcomponents/httpmime/4.5.14/httpmime-4.5.14.jar:/home/runner/.m2/repository/org/hamcrest/hamcrest/2.2/hamcrest-2.2.jar:/home/runner/.m2/repository/org/ccil/cowan/tagsoup/tagsoup/1.2.1/tagsoup-1.2.1.jar:/home/runner/.m2/repository/io/rest-assured/json-path/5.5.1/json-path-5.5.1.jar:/home/runner/.m2/repository/org/apache/groovy/groovy-json/4.0.22/groovy-json-4.0.22.jar:/home/runner/.m2/repository/io/rest-assured/rest-assured-common/5.5.1/rest-assured-common-5.5.1.jar:/home/runner/.m2/repository/io/rest-assured/xml-path/5.5.1/xml-path-5.5.1.jar:/home/runner/.m2/repository/io/zonky/test/embedded-postgres/2.1.0/embedded-postgres-2.1.0.jar:/home/runner/.m2/repository/io/zonky/test/postgres/embedded-postgres-binaries-windows-amd64/14.15.0/embedded-postgres-binaries-windows-amd64-14.15.0.jar:/home/runner/.m2/repository/io/zonky/test/postgres/embedded-postgres-binaries-darwin-amd64/14.15.0/embedded-postgres-binaries-darwin-amd64-14.15.0.jar:/home/runner/.m2/repository/io/zonky/test/postgres/embedded-postgres-binaries-linux-amd64/14.15.0/embedded-postgres-binaries-linux-amd64-14.15.0.jar:/home/runner/.m2/repository/io/zonky/test/postgres/embedded-postgres-binaries-linux-amd64-alpine/14.15.0/embedded-postgres-binaries-linux-amd64-alpine-14.15.0.jar:/home/runner/.m2/repository/org/apache/commons/commons-lang3/3.17.0/commons-lang3-3.17.0.jar:/home/runner/.m2/repository/org/tukaani/xz/1.10/xz-1.10.jar:/home/runner/.m2/repository/commons-codec/commons-codec/1.19.0/commons-codec-1.19.0.jar:/home/runner/.m2/repository/org/postgresql/postgresql/42.7.7/postgresql-42.7.7.jar:/home/runner/.m2/repository/commons-io/commons-io/2.18.0/commons-io-2.18.0.jar:/home/runner/work/apicurio-testing/apicurio-testing/clusters/ci419/namespaces/mysql/tests/integration/apicurio-registry/utils/importexport/target/apicurio-registry-utils-import-export-3.0.12-SNAPSHOT.jar:/home/runner/.m2/repository/io/vertx/vertx-core/4.5.16/vertx-core-4.5.16.jar:/home/runner/.m2/repository/io/netty/netty-common/4.1.121.Final/netty-common-4.1.121.Final.jar:/home/runner/.m2/repository/io/netty/netty-buffer/4.1.121.Final/netty-buffer-4.1.121.Final.jar:/home/runner/.m2/repository/io/netty/netty-transport/4.1.121.Final/netty-transport-4.1.121.Final.jar:/home/runner/.m2/repository/io/netty/netty-handler/4.1.121.Final/netty-handler-4.1.121.Final.jar:/home/runner/.m2/repository/io/netty/netty-transport-native-unix-common/4.1.121.Final/netty-transport-native-unix-common-4.1.121.Final.jar:/home/runner/.m2/repository/io/netty/netty-codec/4.1.121.Final/netty-codec-4.1.121.Final.jar:/home/runner/.m2/repository/io/netty/netty-handler-proxy/4.1.121.Final/netty-handler-proxy-4.1.121.Final.jar:/home/runner/.m2/repository/io/netty/netty-codec-socks/4.1.121.Final/netty-codec-socks-4.1.121.Final.jar:/home/runner/.m2/repository/io/netty/netty-codec-http/4.1.121.Final/netty-codec-http-4.1.121.Final.jar:/home/runner/.m2/repository/io/netty/netty-codec-http2/4.1.121.Final/netty-codec-http2-4.1.121.Final.jar:/home/runner/.m2/repository/io/netty/netty-resolver/4.1.121.Final/netty-resolver-4.1.121.Final.jar:/home/runner/.m2/repository/io/netty/netty-resolver-dns/4.1.121.Final/netty-resolver-dns-4.1.121.Final.jar:/home/runner/.m2/repository/io/netty/netty-codec-dns/4.1.121.Final/netty-codec-dns-4.1.121.Final.jar:/home/runner/.m2/repository/com/fasterxml/jackson/core/jackson-core/2.18.2/jackson-core-2.18.2.jar:"/>
    <property name="java.vm.vendor" value="Eclipse Adoptium"/>
    <property name="maven.javadoc.skip" value="true"/>
    <property name="sun.arch.data.model" value="64"/>
    <property name="java.vendor.url" value="https://adoptium.net/"/>
    <property name="user.timezone" value="Etc/UTC"/>
    <property name="os.name" value="Linux"/>
    <property name="java.vm.specification.version" value="17"/>
    <property name="sun.java.launcher" value="SUN_STANDARD"/>
    <property name="quarkus.http.test-port" value="80"/>
    <property name="sun.boot.library.path" value="/usr/lib/jvm/temurin-17-jdk-amd64/lib"/>
    <property name="sun.java.command" value="/home/runner/work/apicurio-testing/apicurio-testing/clusters/ci419/namespaces/mysql/tests/integration/apicurio-registry/integration-tests/target/surefire/surefirebooter-20250807122421455_3.jar /home/runner/work/apicurio-testing/apicurio-testing/clusters/ci419/namespaces/mysql/tests/integration/apicurio-registry/integration-tests/target/surefire 2025-08-07T12-24-21_351-jvmRun1 surefire-20250807122421455_1tmp surefire_0-20250807122421455_2tmp"/>
    <property name="maven.home" value="/home/runner/.m2/wrapper/dists/apache-maven-3.9.8-bin/4fnp1ql35bgk2a0p7m31ovbgb0/apache-maven-3.9.8"/>
    <property name="jdk.debug" value="release"/>
    <property name="surefire.test.class.path" value="/home/runner/work/apicurio-testing/apicurio-testing/clusters/ci419/namespaces/mysql/tests/integration/apicurio-registry/integration-tests/target/test-classes:/home/runner/work/apicurio-testing/apicurio-testing/clusters/ci419/namespaces/mysql/tests/integration/apicurio-registry/integration-tests/target/apicurio-registry-integration-tests-3.0.12-SNAPSHOT.jar:/home/runner/.m2/repository/io/quarkus/quarkus-junit5/3.20.2/quarkus-junit5-3.20.2.jar:/home/runner/.m2/repository/io/quarkus/quarkus-bootstrap-core/3.20.2/quarkus-bootstrap-core-3.20.2.jar:/home/runner/.m2/repository/io/quarkus/quarkus-classloader-commons/3.20.2/quarkus-classloader-commons-3.20.2.jar:/home/runner/.m2/repository/io/quarkus/quarkus-bootstrap-app-model/3.20.2/quarkus-bootstrap-app-model-3.20.2.jar:/home/runner/.m2/repository/io/smallrye/common/smallrye-common-io/2.12.0/smallrye-common-io-2.12.0.jar:/home/runner/.m2/repository/org/eclipse/sisu/org.eclipse.sisu.inject/0.9.0.M3/org.eclipse.sisu.inject-0.9.0.M3.jar:/home/runner/.m2/repository/io/quarkus/quarkus-test-common/3.20.2/quarkus-test-common-3.20.2.jar:/home/runner/.m2/repository/io/quarkus/quarkus-core-deployment/3.20.2/quarkus-core-deployment-3.20.2.jar:/home/runner/.m2/repository/org/aesh/readline/2.6/readline-2.6.jar:/home/runner/.m2/repository/org/fusesource/jansi/jansi/2.4.0/jansi-2.4.0.jar:/home/runner/.m2/repository/org/aesh/aesh/2.8.2/aesh-2.8.2.jar:/home/runner/.m2/repository/io/quarkus/gizmo/gizmo/1.8.0/gizmo-1.8.0.jar:/home/runner/.m2/repository/org/ow2/asm/asm-util/9.7.1/asm-util-9.7.1.jar:/home/runner/.m2/repository/org/ow2/asm/asm-analysis/9.7.1/asm-analysis-9.7.1.jar:/home/runner/.m2/repository/org/ow2/asm/asm-commons/9.7.1/asm-commons-9.7.1.jar:/home/runner/.m2/repository/org/ow2/asm/asm-tree/9.7.1/asm-tree-9.7.1.jar:/home/runner/.m2/repository/io/quarkus/quarkus-hibernate-validator-spi/3.20.2/quarkus-hibernate-validator-spi-3.20.2.jar:/home/runner/.m2/repository/io/quarkus/quarkus-class-change-agent/3.20.2/quarkus-class-change-agent-3.20.2.jar:/home/runner/.m2/repository/io/quarkus/quarkus-devtools-utilities/3.20.2/quarkus-devtools-utilities-3.20.2.jar:/home/runner/.m2/repository/io/quarkus/quarkus-builder/3.20.2/quarkus-builder-3.20.2.jar:/home/runner/.m2/repository/org/graalvm/sdk/nativeimage/23.1.2/nativeimage-23.1.2.jar:/home/runner/.m2/repository/org/graalvm/sdk/word/23.1.2/word-23.1.2.jar:/home/runner/.m2/repository/io/quarkus/quarkus-bootstrap-maven-resolver/3.20.2/quarkus-bootstrap-maven-resolver-3.20.2.jar:/home/runner/.m2/repository/io/smallrye/beanbag/smallrye-beanbag-maven/1.5.2/smallrye-beanbag-maven-1.5.2.jar:/home/runner/.m2/repository/io/smallrye/beanbag/smallrye-beanbag-sisu/1.5.2/smallrye-beanbag-sisu-1.5.2.jar:/home/runner/.m2/repository/io/smallrye/beanbag/smallrye-beanbag/1.5.2/smallrye-beanbag-1.5.2.jar:/home/runner/.m2/repository/javax/inject/javax.inject/1/javax.inject-1.jar:/home/runner/.m2/repository/org/apache/maven/maven-artifact/3.9.9/maven-artifact-3.9.9.jar:/home/runner/.m2/repository/org/apache/maven/maven-builder-support/3.9.9/maven-builder-support-3.9.9.jar:/home/runner/.m2/repository/org/apache/maven/maven-model/3.9.9/maven-model-3.9.9.jar:/home/runner/.m2/repository/org/apache/maven/maven-model-builder/3.9.9/maven-model-builder-3.9.9.jar:/home/runner/.m2/repository/org/apache/maven/maven-repository-metadata/3.9.9/maven-repository-metadata-3.9.9.jar:/home/runner/.m2/repository/org/apache/maven/maven-settings/3.9.9/maven-settings-3.9.9.jar:/home/runner/.m2/repository/org/apache/maven/resolver/maven-resolver-api/1.9.22/maven-resolver-api-1.9.22.jar:/home/runner/.m2/repository/org/apache/maven/resolver/maven-resolver-impl/1.9.22/maven-resolver-impl-1.9.22.jar:/home/runner/.m2/repository/org/apache/maven/resolver/maven-resolver-named-locks/1.9.22/maven-resolver-named-locks-1.9.22.jar:/home/runner/.m2/repository/org/apache/maven/resolver/maven-resolver-spi/1.9.22/maven-resolver-spi-1.9.22.jar:/home/runner/.m2/repository/org/apache/maven/resolver/maven-resolver-util/1.9.22/maven-resolver-util-1.9.22.jar:/home/runner/.m2/repository/org/apache/maven/resolver/maven-resolver-transport-http/1.9.20/maven-resolver-transport-http-1.9.20.jar:/home/runner/.m2/repository/org/apache/maven/wagon/wagon-provider-api/3.5.3/wagon-provider-api-3.5.3.jar:/home/runner/.m2/repository/org/apache/maven/wagon/wagon-http-shared/3.5.3/wagon-http-shared-3.5.3.jar:/home/runner/.m2/repository/org/codehaus/plexus/plexus-interpolation/1.26/plexus-interpolation-1.26.jar:/home/runner/.m2/repository/org/codehaus/plexus/plexus-utils/3.5.1/plexus-utils-3.5.1.jar:/home/runner/.m2/repository/org/codehaus/plexus/plexus-xml/4.0.1/plexus-xml-4.0.1.jar:/home/runner/.m2/repository/org/apache/maven/maven-xml-impl/4.0.0-alpha-5/maven-xml-impl-4.0.0-alpha-5.jar:/home/runner/.m2/repository/org/apache/maven/maven-api-xml/4.0.0-alpha-5/maven-api-xml-4.0.0-alpha-5.jar:/home/runner/.m2/repository/org/apache/maven/maven-api-meta/4.0.0-alpha-5/maven-api-meta-4.0.0-alpha-5.jar:/home/runner/.m2/repository/org/codehaus/plexus/plexus-cipher/2.0/plexus-cipher-2.0.jar:/home/runner/.m2/repository/org/codehaus/plexus/plexus-sec-dispatcher/2.0/plexus-sec-dispatcher-2.0.jar:/home/runner/.m2/repository/org/apache/maven/maven-embedder/3.9.9/maven-embedder-3.9.9.jar:/home/runner/.m2/repository/org/apache/maven/maven-core/3.9.9/maven-core-3.9.9.jar:/home/runner/.m2/repository/org/codehaus/plexus/plexus-component-annotations/2.1.0/plexus-component-annotations-2.1.0.jar:/home/runner/.m2/repository/org/apache/maven/maven-plugin-api/3.9.9/maven-plugin-api-3.9.9.jar:/home/runner/.m2/repository/org/apache/maven/shared/maven-shared-utils/3.4.2/maven-shared-utils-3.4.2.jar:/home/runner/.m2/repository/com/google/inject/guice/5.1.0/guice-5.1.0.jar:/home/runner/.m2/repository/aopalliance/aopalliance/1.0/aopalliance-1.0.jar:/home/runner/.m2/repository/org/codehaus/plexus/plexus-classworlds/2.6.0/plexus-classworlds-2.6.0.jar:/home/runner/.m2/repository/commons-cli/commons-cli/1.8.0/commons-cli-1.8.0.jar:/home/runner/.m2/repository/org/eclipse/sisu/org.eclipse.sisu.plexus/0.9.0.M3/org.eclipse.sisu.plexus-0.9.0.M3.jar:/home/runner/.m2/repository/org/apache/maven/maven-settings-builder/3.9.9/maven-settings-builder-3.9.9.jar:/home/runner/.m2/repository/org/apache/maven/maven-resolver-provider/3.9.9/maven-resolver-provider-3.9.9.jar:/home/runner/.m2/repository/org/apache/maven/resolver/maven-resolver-connector-basic/1.9.22/maven-resolver-connector-basic-1.9.22.jar:/home/runner/.m2/repository/org/apache/maven/resolver/maven-resolver-transport-wagon/1.9.22/maven-resolver-transport-wagon-1.9.22.jar:/home/runner/.m2/repository/org/apache/maven/wagon/wagon-http/3.5.3/wagon-http-3.5.3.jar:/home/runner/.m2/repository/org/apache/maven/wagon/wagon-file/3.5.3/wagon-file-3.5.3.jar:/home/runner/.m2/repository/io/quarkus/quarkus-bootstrap-gradle-resolver/3.20.2/quarkus-bootstrap-gradle-resolver-3.20.2.jar:/home/runner/.m2/repository/io/smallrye/jandex/3.3.0/jandex-3.3.0.jar:/home/runner/.m2/repository/org/jboss/logging/commons-logging-jboss-logging/1.0.0.Final/commons-logging-jboss-logging-1.0.0.Final.jar:/home/runner/.m2/repository/io/quarkus/quarkus-junit5-config/3.20.2/quarkus-junit5-config-3.20.2.jar:/home/runner/.m2/repository/org/junit/jupiter/junit-jupiter-api/5.12.1/junit-jupiter-api-5.12.1.jar:/home/runner/.m2/repository/io/smallrye/config/smallrye-config/3.11.4/smallrye-config-3.11.4.jar:/home/runner/.m2/repository/io/smallrye/config/smallrye-config-core/3.11.4/smallrye-config-core-3.11.4.jar:/home/runner/.m2/repository/io/smallrye/common/smallrye-common-classloader/2.12.0/smallrye-common-classloader-2.12.0.jar:/home/runner/.m2/repository/io/smallrye/config/smallrye-config-common/3.11.4/smallrye-config-common-3.11.4.jar:/home/runner/.m2/repository/org/junit/jupiter/junit-jupiter/5.12.1/junit-jupiter-5.12.1.jar:/home/runner/.m2/repository/org/junit/jupiter/junit-jupiter-params/5.12.1/junit-jupiter-params-5.12.1.jar:/home/runner/.m2/repository/org/junit/jupiter/junit-jupiter-engine/5.12.1/junit-jupiter-engine-5.12.1.jar:/home/runner/.m2/repository/io/quarkus/quarkus-core/3.20.2/quarkus-core-3.20.2.jar:/home/runner/.m2/repository/jakarta/enterprise/jakarta.enterprise.cdi-api/4.1.0/jakarta.enterprise.cdi-api-4.1.0.jar:/home/runner/.m2/repository/jakarta/enterprise/jakarta.enterprise.lang-model/4.1.0/jakarta.enterprise.lang-model-4.1.0.jar:/home/runner/.m2/repository/jakarta/el/jakarta.el-api/5.0.1/jakarta.el-api-5.0.1.jar:/home/runner/.m2/repository/jakarta/interceptor/jakarta.interceptor-api/2.2.0/jakarta.interceptor-api-2.2.0.jar:/home/runner/.m2/repository/jakarta/inject/jakarta.inject-api/2.0.1/jakarta.inject-api-2.0.1.jar:/home/runner/.m2/repository/io/smallrye/common/smallrye-common-os/2.12.0/smallrye-common-os-2.12.0.jar:/home/runner/.m2/repository/io/quarkus/quarkus-ide-launcher/3.20.2/quarkus-ide-launcher-3.20.2.jar:/home/runner/.m2/repository/io/quarkus/quarkus-development-mode-spi/3.20.2/quarkus-development-mode-spi-3.20.2.jar:/home/runner/.m2/repository/org/jboss/logging/jboss-logging/3.6.1.Final/jboss-logging-3.6.1.Final.jar:/home/runner/.m2/repository/org/jboss/logmanager/jboss-logmanager/3.1.2.Final/jboss-logmanager-3.1.2.Final.jar:/home/runner/.m2/repository/io/smallrye/common/smallrye-common-constraint/2.12.0/smallrye-common-constraint-2.12.0.jar:/home/runner/.m2/repository/io/smallrye/common/smallrye-common-cpu/2.12.0/smallrye-common-cpu-2.12.0.jar:/home/runner/.m2/repository/io/smallrye/common/smallrye-common-expression/2.12.0/smallrye-common-expression-2.12.0.jar:/home/runner/.m2/repository/io/smallrye/common/smallrye-common-net/2.12.0/smallrye-common-net-2.12.0.jar:/home/runner/.m2/repository/io/smallrye/common/smallrye-common-ref/2.12.0/smallrye-common-ref-2.12.0.jar:/home/runner/.m2/repository/jakarta/json/jakarta.json-api/2.1.3/jakarta.json-api-2.1.3.jar:/home/runner/.m2/repository/org/eclipse/parsson/parsson/1.1.7/parsson-1.1.7.jar:/home/runner/.m2/repository/org/jboss/logging/jboss-logging-annotations/3.0.4.Final/jboss-logging-annotations-3.0.4.Final.jar:/home/runner/.m2/repository/org/jboss/threads/jboss-threads/3.8.0.Final/jboss-threads-3.8.0.Final.jar:/home/runner/.m2/repository/io/smallrye/common/smallrye-common-annotation/2.12.0/smallrye-common-annotation-2.12.0.jar:/home/runner/.m2/repository/io/smallrye/common/smallrye-common-function/2.12.0/smallrye-common-function-2.12.0.jar:/home/runner/.m2/repository/org/jboss/slf4j/slf4j-jboss-logmanager/2.0.0.Final/slf4j-jboss-logmanager-2.0.0.Final.jar:/home/runner/.m2/repository/org/wildfly/common/wildfly-common/2.0.1/wildfly-common-2.0.1.jar:/home/runner/.m2/repository/io/quarkus/quarkus-bootstrap-runner/3.20.2/quarkus-bootstrap-runner-3.20.2.jar:/home/runner/.m2/repository/io/github/crac/org-crac/0.1.3/org-crac-0.1.3.jar:/home/runner/.m2/repository/io/quarkus/quarkus-fs-util/0.0.10/quarkus-fs-util-0.0.10.jar:/home/runner/.m2/repository/org/jboss/marshalling/jboss-marshalling/2.2.2.Final/jboss-marshalling-2.2.2.Final.jar:/home/runner/.m2/repository/io/fabric8/kubernetes-client/7.1.0/kubernetes-client-7.1.0.jar:/home/runner/.m2/repository/io/fabric8/kubernetes-client-api/7.1.0/kubernetes-client-api-7.1.0.jar:/home/runner/.m2/repository/io/fabric8/kubernetes-model-core/7.1.0/kubernetes-model-core-7.1.0.jar:/home/runner/.m2/repository/io/fabric8/kubernetes-model-common/7.1.0/kubernetes-model-common-7.1.0.jar:/home/runner/.m2/repository/javax/annotation/javax.annotation-api/1.3.2/javax.annotation-api-1.3.2.jar:/home/runner/.m2/repository/io/fabric8/kubernetes-model-gatewayapi/7.1.0/kubernetes-model-gatewayapi-7.1.0.jar:/home/runner/.m2/repository/io/fabric8/kubernetes-model-resource/7.1.0/kubernetes-model-resource-7.1.0.jar:/home/runner/.m2/repository/io/fabric8/kubernetes-model-rbac/7.1.0/kubernetes-model-rbac-7.1.0.jar:/home/runner/.m2/repository/io/fabric8/kubernetes-model-admissionregistration/7.1.0/kubernetes-model-admissionregistration-7.1.0.jar:/home/runner/.m2/repository/io/fabric8/kubernetes-model-apps/7.1.0/kubernetes-model-apps-7.1.0.jar:/home/runner/.m2/repository/io/fabric8/kubernetes-model-autoscaling/7.1.0/kubernetes-model-autoscaling-7.1.0.jar:/home/runner/.m2/repository/io/fabric8/kubernetes-model-apiextensions/7.1.0/kubernetes-model-apiextensions-7.1.0.jar:/home/runner/.m2/repository/io/fabric8/kubernetes-model-batch/7.1.0/kubernetes-model-batch-7.1.0.jar:/home/runner/.m2/repository/io/fabric8/kubernetes-model-certificates/7.1.0/kubernetes-model-certificates-7.1.0.jar:/home/runner/.m2/repository/io/fabric8/kubernetes-model-coordination/7.1.0/kubernetes-model-coordination-7.1.0.jar:/home/runner/.m2/repository/io/fabric8/kubernetes-model-discovery/7.1.0/kubernetes-model-discovery-7.1.0.jar:/home/runner/.m2/repository/io/fabric8/kubernetes-model-events/7.1.0/kubernetes-model-events-7.1.0.jar:/home/runner/.m2/repository/io/fabric8/kubernetes-model-extensions/7.1.0/kubernetes-model-extensions-7.1.0.jar:/home/runner/.m2/repository/io/fabric8/kubernetes-model-flowcontrol/7.1.0/kubernetes-model-flowcontrol-7.1.0.jar:/home/runner/.m2/repository/io/fabric8/kubernetes-model-networking/7.1.0/kubernetes-model-networking-7.1.0.jar:/home/runner/.m2/repository/io/fabric8/kubernetes-model-metrics/7.1.0/kubernetes-model-metrics-7.1.0.jar:/home/runner/.m2/repository/io/fabric8/kubernetes-model-policy/7.1.0/kubernetes-model-policy-7.1.0.jar:/home/runner/.m2/repository/io/fabric8/kubernetes-model-scheduling/7.1.0/kubernetes-model-scheduling-7.1.0.jar:/home/runner/.m2/repository/io/fabric8/kubernetes-model-storageclass/7.1.0/kubernetes-model-storageclass-7.1.0.jar:/home/runner/.m2/repository/io/fabric8/kubernetes-model-node/7.1.0/kubernetes-model-node-7.1.0.jar:/home/runner/.m2/repository/org/snakeyaml/snakeyaml-engine/2.9/snakeyaml-engine-2.9.jar:/home/runner/.m2/repository/com/fasterxml/jackson/dataformat/jackson-dataformat-yaml/2.18.2/jackson-dataformat-yaml-2.18.2.jar:/home/runner/.m2/repository/com/fasterxml/jackson/datatype/jackson-datatype-jsr310/2.18.2/jackson-datatype-jsr310-2.18.2.jar:/home/runner/.m2/repository/io/fabric8/zjsonpatch/7.1.0/zjsonpatch-7.1.0.jar:/home/runner/.m2/repository/io/fabric8/kubernetes-httpclient-vertx/7.1.0/kubernetes-httpclient-vertx-7.1.0.jar:/home/runner/.m2/repository/io/vertx/vertx-web-client/4.5.16/vertx-web-client-4.5.16.jar:/home/runner/.m2/repository/io/vertx/vertx-web-common/4.5.16/vertx-web-common-4.5.16.jar:/home/runner/.m2/repository/io/vertx/vertx-auth-common/4.5.16/vertx-auth-common-4.5.16.jar:/home/runner/.m2/repository/io/vertx/vertx-uri-template/4.5.16/vertx-uri-template-4.5.16.jar:/home/runner/.m2/repository/io/fabric8/openshift-client/7.1.0/openshift-client-7.1.0.jar:/home/runner/.m2/repository/io/fabric8/openshift-client-api/7.1.0/openshift-client-api-7.1.0.jar:/home/runner/.m2/repository/io/fabric8/openshift-model/7.1.0/openshift-model-7.1.0.jar:/home/runner/.m2/repository/io/fabric8/openshift-model-autoscaling/7.1.0/openshift-model-autoscaling-7.1.0.jar:/home/runner/.m2/repository/io/fabric8/openshift-model-operator/7.1.0/openshift-model-operator-7.1.0.jar:/home/runner/.m2/repository/io/fabric8/openshift-model-operatorhub/7.1.0/openshift-model-operatorhub-7.1.0.jar:/home/runner/.m2/repository/io/fabric8/openshift-model-machine/7.1.0/openshift-model-machine-7.1.0.jar:/home/runner/.m2/repository/io/fabric8/openshift-model-whereabouts/7.1.0/openshift-model-whereabouts-7.1.0.jar:/home/runner/.m2/repository/io/fabric8/openshift-model-monitoring/7.1.0/openshift-model-monitoring-7.1.0.jar:/home/runner/.m2/repository/io/fabric8/openshift-model-storageversionmigrator/7.1.0/openshift-model-storageversionmigrator-7.1.0.jar:/home/runner/.m2/repository/io/fabric8/openshift-model-tuned/7.1.0/openshift-model-tuned-7.1.0.jar:/home/runner/.m2/repository/io/fabric8/openshift-model-console/7.1.0/openshift-model-console-7.1.0.jar:/home/runner/.m2/repository/io/fabric8/openshift-model-config/7.1.0/openshift-model-config-7.1.0.jar:/home/runner/.m2/repository/io/fabric8/openshift-model-machineconfiguration/7.1.0/openshift-model-machineconfiguration-7.1.0.jar:/home/runner/.m2/repository/io/fabric8/openshift-model-miscellaneous/7.1.0/openshift-model-miscellaneous-7.1.0.jar:/home/runner/.m2/repository/io/fabric8/openshift-model-hive/7.1.0/openshift-model-hive-7.1.0.jar:/home/runner/.m2/repository/io/fabric8/openshift-model-installer/7.1.0/openshift-model-installer-7.1.0.jar:/home/runner/.m2/repository/org/junit/platform/junit-platform-launcher/1.12.1/junit-platform-launcher-1.12.1.jar:/home/runner/.m2/repository/org/junit/platform/junit-platform-engine/1.12.1/junit-platform-engine-1.12.1.jar:/home/runner/.m2/repository/org/opentest4j/opentest4j/1.3.0/opentest4j-1.3.0.jar:/home/runner/.m2/repository/org/junit/platform/junit-platform-commons/1.12.1/junit-platform-commons-1.12.1.jar:/home/runner/.m2/repository/org/apiguardian/apiguardian-api/1.1.2/apiguardian-api-1.1.2.jar:/home/runner/.m2/repository/jakarta/ws/rs/jakarta.ws.rs-api/3.1.0/jakarta.ws.rs-api-3.1.0.jar:/home/runner/work/apicurio-testing/apicurio-testing/clusters/ci419/namespaces/mysql/tests/integration/apicurio-registry/java-sdk/target/apicurio-registry-java-sdk-3.0.12-SNAPSHOT.jar:/home/runner/.m2/repository/com/microsoft/kiota/microsoft-kiota-abstractions/1.8.8/microsoft-kiota-abstractions-1.8.8.jar:/home/runner/.m2/repository/io/github/std-uritemplate/std-uritemplate/2.0.0/std-uritemplate-2.0.0.jar:/home/runner/.m2/repository/io/kiota/kiota-http-jdk/0.0.29/kiota-http-jdk-0.0.29.jar:/home/runner/.m2/repository/io/kiota/kiota-http-vertx/0.0.29/kiota-http-vertx-0.0.29.jar:/home/runner/.m2/repository/io/kiota/kiota-serialization-jackson/0.0.29/kiota-serialization-jackson-0.0.29.jar:/home/runner/.m2/repository/com/microsoft/kiota/microsoft-kiota-serialization-text/1.8.8/microsoft-kiota-serialization-text-1.8.8.jar:/home/runner/.m2/repository/com/microsoft/kiota/microsoft-kiota-serialization-form/1.8.8/microsoft-kiota-serialization-form-1.8.8.jar:/home/runner/.m2/repository/com/microsoft/kiota/microsoft-kiota-serialization-multipart/1.8.8/microsoft-kiota-serialization-multipart-1.8.8.jar:/home/runner/.m2/repository/jakarta/annotation/jakarta.annotation-api/3.0.0/jakarta.annotation-api-3.0.0.jar:/home/runner/.m2/repository/io/vertx/vertx-auth-oauth2/4.5.16/vertx-auth-oauth2-4.5.16.jar:/home/runner/work/apicurio-testing/apicurio-testing/clusters/ci419/namespaces/mysql/tests/integration/apicurio-registry/java-sdk-v2/target/apicurio-registry-v2-java-sdk-3.0.12-SNAPSHOT.jar:/home/runner/work/apicurio-testing/apicurio-testing/clusters/ci419/namespaces/mysql/tests/integration/apicurio-registry/utils/kafka/target/apicurio-registry-utils-kafka-3.0.12-SNAPSHOT-tests.jar:/home/runner/.m2/repository/org/eclipse/microprofile/config/microprofile-config-api/3.1/microprofile-config-api-3.1.jar:/home/runner/.m2/repository/org/apache/kafka/kafka-clients/3.9.1/kafka-clients-3.9.1.jar:/home/runner/.m2/repository/com/github/luben/zstd-jni/1.5.6-4/zstd-jni-1.5.6-4.jar:/home/runner/.m2/repository/org/lz4/lz4-java/1.8.0/lz4-java-1.8.0.jar:/home/runner/.m2/repository/org/xerial/snappy/snappy-java/1.1.10.5/snappy-java-1.1.10.5.jar:/home/runner/.m2/repository/org/slf4j/slf4j-api/2.0.6/slf4j-api-2.0.6.jar:/home/runner/work/apicurio-testing/apicurio-testing/clusters/ci419/namespaces/mysql/tests/integration/apicurio-registry/utils/tests/target/apicurio-registry-utils-tests-3.0.12-SNAPSHOT.jar:/home/runner/work/apicurio-testing/apicurio-testing/clusters/ci419/namespaces/mysql/tests/integration/apicurio-registry/common/target/apicurio-registry-common-3.0.12-SNAPSHOT.jar:/home/runner/.m2/repository/jakarta/validation/jakarta.validation-api/3.0.2/jakarta.validation-api-3.0.2.jar:/home/runner/.m2/repository/com/github/dasniko/testcontainers-keycloak/3.8.0/testcontainers-keycloak-3.8.0.jar:/home/runner/.m2/repository/org/testcontainers/testcontainers/1.20.6/testcontainers-1.20.6.jar:/home/runner/.m2/repository/org/rnorth/duct-tape/duct-tape/1.0.8/duct-tape-1.0.8.jar:/home/runner/.m2/repository/com/github/docker-java/docker-java-transport-zerodep/3.4.1/docker-java-transport-zerodep-3.4.1.jar:/home/runner/.m2/repository/com/github/docker-java/docker-java-transport/3.4.1/docker-java-transport-3.4.1.jar:/home/runner/.m2/repository/net/java/dev/jna/jna/5.8.0/jna-5.8.0.jar:/home/runner/.m2/repository/io/quarkus/quarkus-junit4-mock/3.20.2/quarkus-junit4-mock-3.20.2.jar:/home/runner/.m2/repository/org/jboss/shrinkwrap/shrinkwrap-api/2.0.0-beta-2/shrinkwrap-api-2.0.0-beta-2.jar:/home/runner/.m2/repository/org/jboss/shrinkwrap/shrinkwrap-impl-base/2.0.0-beta-2/shrinkwrap-impl-base-2.0.0-beta-2.jar:/home/runner/.m2/repository/org/jboss/shrinkwrap/shrinkwrap-spi/2.0.0-beta-2/shrinkwrap-spi-2.0.0-beta-2.jar:/home/runner/.m2/repository/org/keycloak/keycloak-admin-client/26.0.4/keycloak-admin-client-26.0.4.jar:/home/runner/.m2/repository/org/keycloak/keycloak-client-common-synced/26.0.4/keycloak-client-common-synced-26.0.4.jar:/home/runner/.m2/repository/jakarta/activation/jakarta.activation-api/2.1.3/jakarta.activation-api-2.1.3.jar:/home/runner/.m2/repository/org/eclipse/microprofile/openapi/microprofile-openapi-api/4.0.2/microprofile-openapi-api-4.0.2.jar:/home/runner/.m2/repository/org/jboss/resteasy/resteasy-client/6.2.12.Final/resteasy-client-6.2.12.Final.jar:/home/runner/.m2/repository/org/jboss/resteasy/resteasy-client-api/6.2.12.Final/resteasy-client-api-6.2.12.Final.jar:/home/runner/.m2/repository/org/jboss/resteasy/resteasy-core-spi/6.2.12.Final/resteasy-core-spi-6.2.12.Final.jar:/home/runner/.m2/repository/org/jboss/resteasy/resteasy-core/6.2.12.Final/resteasy-core-6.2.12.Final.jar:/home/runner/.m2/repository/org/eclipse/angus/angus-activation/2.0.2/angus-activation-2.0.2.jar:/home/runner/.m2/repository/com/ibm/async/asyncutil/0.1.0/asyncutil-0.1.0.jar:/home/runner/.m2/repository/org/reactivestreams/reactive-streams/1.0.4/reactive-streams-1.0.4.jar:/home/runner/.m2/repository/org/jboss/resteasy/resteasy-multipart-provider/6.2.12.Final/resteasy-multipart-provider-6.2.12.Final.jar:/home/runner/.m2/repository/jakarta/mail/jakarta.mail-api/2.1.3/jakarta.mail-api-2.1.3.jar:/home/runner/.m2/repository/org/eclipse/angus/angus-mail/2.0.3/angus-mail-2.0.3.jar:/home/runner/.m2/repository/org/apache/james/apache-mime4j-dom/0.8.12/apache-mime4j-dom-0.8.12.jar:/home/runner/.m2/repository/org/apache/james/apache-mime4j-core/0.8.12/apache-mime4j-core-0.8.12.jar:/home/runner/.m2/repository/org/apache/james/apache-mime4j-storage/0.8.12/apache-mime4j-storage-0.8.12.jar:/home/runner/.m2/repository/org/jboss/resteasy/resteasy-jackson2-provider/6.2.12.Final/resteasy-jackson2-provider-6.2.12.Final.jar:/home/runner/.m2/repository/com/fasterxml/jackson/jakarta/rs/jackson-jakarta-rs-base/2.18.2/jackson-jakarta-rs-base-2.18.2.jar:/home/runner/.m2/repository/com/fasterxml/jackson/jakarta/rs/jackson-jakarta-rs-json-provider/2.18.2/jackson-jakarta-rs-json-provider-2.18.2.jar:/home/runner/.m2/repository/com/fasterxml/jackson/module/jackson-module-jakarta-xmlbind-annotations/2.18.2/jackson-module-jakarta-xmlbind-annotations-2.18.2.jar:/home/runner/.m2/repository/com/github/java-json-tools/json-patch/1.13/json-patch-1.13.jar:/home/runner/.m2/repository/com/github/java-json-tools/msg-simple/1.2/msg-simple-1.2.jar:/home/runner/.m2/repository/com/github/java-json-tools/btf/1.3/btf-1.3.jar:/home/runner/.m2/repository/com/github/java-json-tools/jackson-coreutils/2.0/jackson-coreutils-2.0.jar:/home/runner/.m2/repository/org/jboss/resteasy/resteasy-jaxb-provider/6.2.12.Final/resteasy-jaxb-provider-6.2.12.Final.jar:/home/runner/.m2/repository/org/glassfish/jaxb/codemodel/4.0.5/codemodel-4.0.5.jar:/home/runner/.m2/repository/org/glassfish/jaxb/jaxb-core/4.0.5/jaxb-core-4.0.5.jar:/home/runner/.m2/repository/org/glassfish/jaxb/jaxb-jxc/4.0.5/jaxb-jxc-4.0.5.jar:/home/runner/.m2/repository/org/glassfish/jaxb/jaxb-runtime/4.0.5/jaxb-runtime-4.0.5.jar:/home/runner/.m2/repository/org/glassfish/jaxb/txw2/4.0.5/txw2-4.0.5.jar:/home/runner/.m2/repository/org/glassfish/jaxb/jaxb-xjc/4.0.5/jaxb-xjc-4.0.5.jar:/home/runner/.m2/repository/org/glassfish/jaxb/xsom/4.0.5/xsom-4.0.5.jar:/home/runner/.m2/repository/com/sun/istack/istack-commons-runtime/4.1.2/istack-commons-runtime-4.1.2.jar:/home/runner/.m2/repository/com/sun/istack/istack-commons-tools/4.1.2/istack-commons-tools-4.1.2.jar:/home/runner/.m2/repository/com/sun/xml/bind/external/relaxng-datatype/4.0.5/relaxng-datatype-4.0.5.jar:/home/runner/.m2/repository/com/sun/xml/bind/external/rngom/4.0.5/rngom-4.0.5.jar:/home/runner/.m2/repository/org/testcontainers/mssqlserver/1.20.6/mssqlserver-1.20.6.jar:/home/runner/.m2/repository/org/testcontainers/jdbc/1.20.6/jdbc-1.20.6.jar:/home/runner/.m2/repository/org/testcontainers/database-commons/1.20.6/database-commons-1.20.6.jar:/home/runner/.m2/repository/org/testcontainers/mysql/1.20.6/mysql-1.20.6.jar:/home/runner/.m2/repository/io/strimzi/strimzi-test-container/0.111.0/strimzi-test-container-0.111.0.jar:/home/runner/.m2/repository/org/testcontainers/toxiproxy/1.20.6/toxiproxy-1.20.6.jar:/home/runner/.m2/repository/com/github/docker-java/docker-java-api/3.4.1/docker-java-api-3.4.1.jar:/home/runner/.m2/repository/org/apache/logging/log4j/log4j-slf4j-impl/2.19.0/log4j-slf4j-impl-2.19.0.jar:/home/runner/.m2/repository/org/apache/logging/log4j/log4j-api/2.24.3/log4j-api-2.24.3.jar:/home/runner/.m2/repository/org/apache/logging/log4j/log4j-core/2.19.0/log4j-core-2.19.0.jar:/home/runner/.m2/repository/eu/rekawek/toxiproxy/toxiproxy-java/2.1.7/toxiproxy-java-2.1.7.jar:/home/runner/.m2/repository/org/testcontainers/pulsar/1.21.3/pulsar-1.21.3.jar:/home/runner/.m2/repository/io/debezium/debezium-testing-testcontainers/2.7.4.Final/debezium-testing-testcontainers-2.7.4.Final.jar:/home/runner/.m2/repository/org/testcontainers/kafka/1.20.6/kafka-1.20.6.jar:/home/runner/.m2/repository/com/squareup/okhttp3/okhttp/4.8.1/okhttp-4.8.1.jar:/home/runner/.m2/repository/com/squareup/okio/okio/3.10.2/okio-3.10.2.jar:/home/runner/.m2/repository/com/squareup/okio/okio-jvm/3.10.2/okio-jvm-3.10.2.jar:/home/runner/.m2/repository/org/jetbrains/kotlin/kotlin-stdlib/2.0.21/kotlin-stdlib-2.0.21.jar:/home/runner/.m2/repository/org/awaitility/awaitility/4.3.0/awaitility-4.3.0.jar:/home/runner/.m2/repository/org/testcontainers/mongodb/1.20.6/mongodb-1.20.6.jar:/home/runner/.m2/repository/org/testcontainers/mariadb/1.20.6/mariadb-1.20.6.jar:/home/runner/.m2/repository/org/testcontainers/oracle-xe/1.20.6/oracle-xe-1.20.6.jar:/home/runner/.m2/repository/org/testcontainers/postgresql/1.20.6/postgresql-1.20.6.jar:/home/runner/.m2/repository/org/wiremock/wiremock/3.0.1/wiremock-3.0.1.jar:/home/runner/.m2/repository/org/eclipse/jetty/jetty-server/11.0.15/jetty-server-11.0.15.jar:/home/runner/.m2/repository/org/eclipse/jetty/toolchain/jetty-jakarta-servlet-api/5.0.2/jetty-jakarta-servlet-api-5.0.2.jar:/home/runner/.m2/repository/org/eclipse/jetty/jetty-http/11.0.15/jetty-http-11.0.15.jar:/home/runner/.m2/repository/org/eclipse/jetty/jetty-io/11.0.15/jetty-io-11.0.15.jar:/home/runner/.m2/repository/org/eclipse/jetty/jetty-servlet/11.0.15/jetty-servlet-11.0.15.jar:/home/runner/.m2/repository/org/eclipse/jetty/jetty-security/11.0.15/jetty-security-11.0.15.jar:/home/runner/.m2/repository/org/eclipse/jetty/jetty-servlets/11.0.15/jetty-servlets-11.0.15.jar:/home/runner/.m2/repository/org/eclipse/jetty/jetty-util/11.0.15/jetty-util-11.0.15.jar:/home/runner/.m2/repository/org/eclipse/jetty/jetty-webapp/11.0.15/jetty-webapp-11.0.15.jar:/home/runner/.m2/repository/org/eclipse/jetty/jetty-xml/11.0.15/jetty-xml-11.0.15.jar:/home/runner/.m2/repository/org/eclipse/jetty/jetty-proxy/11.0.15/jetty-proxy-11.0.15.jar:/home/runner/.m2/repository/org/eclipse/jetty/jetty-client/11.0.15/jetty-client-11.0.15.jar:/home/runner/.m2/repository/org/eclipse/jetty/http2/http2-server/11.0.15/http2-server-11.0.15.jar:/home/runner/.m2/repository/org/eclipse/jetty/http2/http2-common/11.0.15/http2-common-11.0.15.jar:/home/runner/.m2/repository/org/eclipse/jetty/http2/http2-hpack/11.0.15/http2-hpack-11.0.15.jar:/home/runner/.m2/repository/org/eclipse/jetty/jetty-alpn-server/11.0.15/jetty-alpn-server-11.0.15.jar:/home/runner/.m2/repository/org/eclipse/jetty/jetty-alpn-java-server/11.0.15/jetty-alpn-java-server-11.0.15.jar:/home/runner/.m2/repository/org/eclipse/jetty/jetty-alpn-java-client/11.0.15/jetty-alpn-java-client-11.0.15.jar:/home/runner/.m2/repository/org/eclipse/jetty/jetty-alpn-client/11.0.15/jetty-alpn-client-11.0.15.jar:/home/runner/.m2/repository/org/apache/httpcomponents/client5/httpclient5/5.2.1/httpclient5-5.2.1.jar:/home/runner/.m2/repository/org/apache/httpcomponents/core5/httpcore5/5.2/httpcore5-5.2.jar:/home/runner/.m2/repository/org/apache/httpcomponents/core5/httpcore5-h2/5.2/httpcore5-h2-5.2.jar:/home/runner/.m2/repository/org/xmlunit/xmlunit-core/2.9.1/xmlunit-core-2.9.1.jar:/home/runner/.m2/repository/jakarta/xml/bind/jakarta.xml.bind-api/4.0.2/jakarta.xml.bind-api-4.0.2.jar:/home/runner/.m2/repository/org/xmlunit/xmlunit-legacy/2.9.1/xmlunit-legacy-2.9.1.jar:/home/runner/.m2/repository/org/xmlunit/xmlunit-placeholders/2.9.1/xmlunit-placeholders-2.9.1.jar:/home/runner/.m2/repository/net/javacrumbs/json-unit/json-unit-core/2.38.0/json-unit-core-2.38.0.jar:/home/runner/.m2/repository/org/hamcrest/hamcrest-core/2.2/hamcrest-core-2.2.jar:/home/runner/.m2/repository/com/jayway/jsonpath/json-path/2.8.0/json-path-2.8.0.jar:/home/runner/.m2/repository/net/minidev/json-smart/2.4.10/json-smart-2.4.10.jar:/home/runner/.m2/repository/net/minidev/accessors-smart/2.4.9/accessors-smart-2.4.9.jar:/home/runner/.m2/repository/org/ow2/asm/asm/9.7.1/asm-9.7.1.jar:/home/runner/.m2/repository/net/sf/jopt-simple/jopt-simple/5.0.4/jopt-simple-5.0.4.jar:/home/runner/.m2/repository/com/github/jknack/handlebars/4.3.1/handlebars-4.3.1.jar:/home/runner/.m2/repository/com/github/jknack/handlebars-helpers/4.3.1/handlebars-helpers-4.3.1.jar:/home/runner/.m2/repository/commons-fileupload/commons-fileupload/1.5/commons-fileupload-1.5.jar:/home/runner/.m2/repository/com/networknt/json-schema-validator/1.5.8/json-schema-validator-1.5.8.jar:/home/runner/.m2/repository/com/ethlo/time/itu/1.10.3/itu-1.10.3.jar:/home/runner/.m2/repository/io/quarkus/quarkus-smallrye-jwt-build/3.20.2/quarkus-smallrye-jwt-build-3.20.2.jar:/home/runner/.m2/repository/io/smallrye/smallrye-jwt-build/4.6.2/smallrye-jwt-build-4.6.2.jar:/home/runner/.m2/repository/org/eclipse/microprofile/jwt/microprofile-jwt-auth-api/2.1/microprofile-jwt-auth-api-2.1.jar:/home/runner/.m2/repository/org/bitbucket/b_c/jose4j/0.9.6/jose4j-0.9.6.jar:/home/runner/.m2/repository/io/smallrye/smallrye-jwt-common/4.6.2/smallrye-jwt-common-4.6.2.jar:/home/runner/.m2/repository/io/quarkus/quarkus-jsonp/3.20.2/quarkus-jsonp-3.20.2.jar:/home/runner/.m2/repository/io/quarkus/quarkus-arc/3.20.2/quarkus-arc-3.20.2.jar:/home/runner/.m2/repository/io/quarkus/arc/arc/3.20.2/arc-3.20.2.jar:/home/runner/.m2/repository/jakarta/transaction/jakarta.transaction-api/2.0.1/jakarta.transaction-api-2.0.1.jar:/home/runner/.m2/repository/io/smallrye/reactive/mutiny/2.9.2/mutiny-2.9.2.jar:/home/runner/.m2/repository/org/jctools/jctools-core/4.0.5/jctools-core-4.0.5.jar:/home/runner/.m2/repository/org/eclipse/microprofile/context-propagation/microprofile-context-propagation-api/1.3/microprofile-context-propagation-api-1.3.jar:/home/runner/.m2/repository/io/apicurio/apicurio-common-rest-client-common/0.1.18.Final/apicurio-common-rest-client-common-0.1.18.Final.jar:/home/runner/work/apicurio-testing/apicurio-testing/clusters/ci419/namespaces/mysql/tests/integration/apicurio-registry/utils/maven-plugin/target/apicurio-registry-maven-plugin-3.0.12-SNAPSHOT.jar:/home/runner/.m2/repository/com/fasterxml/jackson/core/jackson-databind/2.18.2/jackson-databind-2.18.2.jar:/home/runner/.m2/repository/org/apache/avro/avro/1.12.0/avro-1.12.0.jar:/home/runner/.m2/repository/com/google/protobuf/protobuf-java/4.31.1/protobuf-java-4.31.1.jar:/home/runner/.m2/repository/com/google/protobuf/protobuf-java-util/4.31.1/protobuf-java-util-4.31.1.jar:/home/runner/.m2/repository/com/google/code/findbugs/jsr305/3.0.2/jsr305-3.0.2.jar:/home/runner/.m2/repository/com/google/code/gson/gson/2.12.1/gson-2.12.1.jar:/home/runner/.m2/repository/com/google/errorprone/error_prone_annotations/2.36.0/error_prone_annotations-2.36.0.jar:/home/runner/.m2/repository/com/google/j2objc/j2objc-annotations/2.8/j2objc-annotations-2.8.jar:/home/runner/work/apicurio-testing/apicurio-testing/clusters/ci419/namespaces/mysql/tests/integration/apicurio-registry/schema-util/util-provider/target/apicurio-registry-schema-util-provider-3.0.12-SNAPSHOT.jar:/home/runner/work/apicurio-testing/apicurio-testing/clusters/ci419/namespaces/mysql/tests/integration/apicurio-registry/schema-util/common/target/apicurio-registry-schema-util-common-3.0.12-SNAPSHOT.jar:/home/runner/.m2/repository/com/fasterxml/jackson/module/jackson-module-parameter-names/2.18.2/jackson-module-parameter-names-2.18.2.jar:/home/runner/.m2/repository/com/fasterxml/jackson/datatype/jackson-datatype-json-org/2.18.2/jackson-datatype-json-org-2.18.2.jar:/home/runner/work/apicurio-testing/apicurio-testing/clusters/ci419/namespaces/mysql/tests/integration/apicurio-registry/schema-util/json/target/apicurio-registry-schema-util-json-3.0.12-SNAPSHOT.jar:/home/runner/.m2/repository/com/github/erosb/everit-json-schema/1.14.5/everit-json-schema-1.14.5.jar:/home/runner/.m2/repository/commons-validator/commons-validator/1.9.0/commons-validator-1.9.0.jar:/home/runner/.m2/repository/commons-digester/commons-digester/2.1/commons-digester-2.1.jar:/home/runner/.m2/repository/commons-collections/commons-collections/3.2.2/commons-collections-3.2.2.jar:/home/runner/.m2/repository/com/damnhandy/handy-uri-templates/2.1.8/handy-uri-templates-2.1.8.jar:/home/runner/.m2/repository/joda-time/joda-time/2.10.2/joda-time-2.10.2.jar:/home/runner/.m2/repository/com/github/erosb/json-sKema/0.20.0/json-sKema-0.20.0.jar:/home/runner/.m2/repository/io/vertx/vertx-json-schema/4.5.16/vertx-json-schema-4.5.16.jar:/home/runner/work/apicurio-testing/apicurio-testing/clusters/ci419/namespaces/mysql/tests/integration/apicurio-registry/schema-util/protobuf/target/apicurio-registry-schema-util-protobuf-3.0.12-SNAPSHOT.jar:/home/runner/work/apicurio-testing/apicurio-testing/clusters/ci419/namespaces/mysql/tests/integration/apicurio-registry/utils/protobuf-schema-utilities/target/apicurio-registry-protobuf-schema-utilities-3.0.12-SNAPSHOT.jar:/home/runner/.m2/repository/com/google/api/grpc/proto-google-common-protos/2.52.0/proto-google-common-protos-2.52.0.jar:/home/runner/.m2/repository/com/squareup/wire/wire-schema-jvm/5.3.3/wire-schema-jvm-5.3.3.jar:/home/runner/.m2/repository/com/palantir/javapoet/javapoet/0.6.0/javapoet-0.6.0.jar:/home/runner/.m2/repository/com/squareup/kotlinpoet-jvm/2.0.0/kotlinpoet-jvm-2.0.0.jar:/home/runner/.m2/repository/org/jetbrains/kotlin/kotlin-reflect/2.0.21/kotlin-reflect-2.0.21.jar:/home/runner/.m2/repository/com/squareup/wire/wire-runtime-jvm/5.3.3/wire-runtime-jvm-5.3.3.jar:/home/runner/.m2/repository/com/ibm/icu/icu4j/76.1/icu4j-76.1.jar:/home/runner/.m2/repository/com/squareup/okio/okio-fakefilesystem/3.10.2/okio-fakefilesystem-3.10.2.jar:/home/runner/.m2/repository/com/squareup/okio/okio-fakefilesystem-jvm/3.10.2/okio-fakefilesystem-jvm-3.10.2.jar:/home/runner/.m2/repository/org/jetbrains/kotlinx/kotlinx-datetime-jvm/0.6.1/kotlinx-datetime-jvm-0.6.1.jar:/home/runner/work/apicurio-testing/apicurio-testing/clusters/ci419/namespaces/mysql/tests/integration/apicurio-registry/schema-util/asyncapi/target/apicurio-registry-schema-util-asyncapi-3.0.12-SNAPSHOT.jar:/home/runner/work/apicurio-testing/apicurio-testing/clusters/ci419/namespaces/mysql/tests/integration/apicurio-registry/schema-util/avro/target/apicurio-registry-schema-util-avro-3.0.12-SNAPSHOT.jar:/home/runner/work/apicurio-testing/apicurio-testing/clusters/ci419/namespaces/mysql/tests/integration/apicurio-registry/schema-util/graphql/target/apicurio-registry-schema-util-graphql-3.0.12-SNAPSHOT.jar:/home/runner/.m2/repository/com/graphql-java/graphql-java/22.4/graphql-java-22.4.jar:/home/runner/.m2/repository/com/graphql-java/java-dataloader/3.3.0/java-dataloader-3.3.0.jar:/home/runner/work/apicurio-testing/apicurio-testing/clusters/ci419/namespaces/mysql/tests/integration/apicurio-registry/schema-util/kconnect/target/apicurio-registry-schema-util-kconnect-3.0.12-SNAPSHOT.jar:/home/runner/work/apicurio-testing/apicurio-testing/clusters/ci419/namespaces/mysql/tests/integration/apicurio-registry/schema-util/openapi/target/apicurio-registry-schema-util-openapi-3.0.12-SNAPSHOT.jar:/home/runner/.m2/repository/io/apicurio/apicurio-data-models/2.2.2/apicurio-data-models-2.2.2.jar:/home/runner/.m2/repository/org/openapitools/openapidiff/openapi-diff-core/2.1.2/openapi-diff-core-2.1.2.jar:/home/runner/.m2/repository/io/swagger/parser/v3/swagger-parser/2.1.28/swagger-parser-2.1.28.jar:/home/runner/.m2/repository/io/swagger/parser/v3/swagger-parser-v2-converter/2.1.28/swagger-parser-v2-converter-2.1.28.jar:/home/runner/.m2/repository/io/swagger/swagger-core/1.6.16/swagger-core-1.6.16.jar:/home/runner/.m2/repository/io/swagger/swagger-models/1.6.16/swagger-models-1.6.16.jar:/home/runner/.m2/repository/io/swagger/swagger-annotations/1.6.16/swagger-annotations-1.6.16.jar:/home/runner/.m2/repository/io/swagger/swagger-parser/1.0.75/swagger-parser-1.0.75.jar:/home/runner/.m2/repository/io/swagger/swagger-parser-safe-url-resolver/1.0.75/swagger-parser-safe-url-resolver-1.0.75.jar:/home/runner/.m2/repository/io/swagger/swagger-compat-spec-parser/1.0.75/swagger-compat-spec-parser-1.0.75.jar:/home/runner/.m2/repository/com/github/java-json-tools/json-schema-validator/2.2.14/json-schema-validator-2.2.14.jar:/home/runner/.m2/repository/com/github/java-json-tools/jackson-coreutils-equivalence/1.0/jackson-coreutils-equivalence-1.0.jar:/home/runner/.m2/repository/com/github/java-json-tools/json-schema-core/1.2.14/json-schema-core-1.2.14.jar:/home/runner/.m2/repository/com/github/java-json-tools/uri-template/0.10/uri-template-0.10.jar:/home/runner/.m2/repository/com/googlecode/libphonenumber/libphonenumber/8.11.1/libphonenumber-8.11.1.jar:/home/runner/.m2/repository/com/j2html/j2html/1.6.0/j2html-1.6.0.jar:/home/runner/.m2/repository/org/apache/commons/commons-collections4/4.5.0/commons-collections4-4.5.0.jar:/home/runner/.m2/repository/org/slf4j/jcl-over-slf4j/2.0.17/jcl-over-slf4j-2.0.17.jar:/home/runner/.m2/repository/io/swagger/parser/v3/swagger-parser-v3/2.1.31/swagger-parser-v3-2.1.31.jar:/home/runner/.m2/repository/io/swagger/core/v3/swagger-models/2.2.34/swagger-models-2.2.34.jar:/home/runner/.m2/repository/io/swagger/core/v3/swagger-core/2.2.34/swagger-core-2.2.34.jar:/home/runner/.m2/repository/io/swagger/parser/v3/swagger-parser-core/2.1.31/swagger-parser-core-2.1.31.jar:/home/runner/.m2/repository/io/swagger/parser/v3/swagger-parser-safe-url-resolver/2.1.31/swagger-parser-safe-url-resolver-2.1.31.jar:/home/runner/work/apicurio-testing/apicurio-testing/clusters/ci419/namespaces/mysql/tests/integration/apicurio-registry/schema-util/wsdl/target/apicurio-registry-schema-util-wsdl-3.0.12-SNAPSHOT.jar:/home/runner/.m2/repository/wsdl4j/wsdl4j/1.6.3/wsdl4j-1.6.3.jar:/home/runner/work/apicurio-testing/apicurio-testing/clusters/ci419/namespaces/mysql/tests/integration/apicurio-registry/schema-util/xml/target/apicurio-registry-schema-util-xml-3.0.12-SNAPSHOT.jar:/home/runner/.m2/repository/org/apache/santuario/xmlsec/4.0.4/xmlsec-4.0.4.jar:/home/runner/.m2/repository/com/fasterxml/woodstox/woodstox-core/7.1.1/woodstox-core-7.1.1.jar:/home/runner/.m2/repository/org/codehaus/woodstox/stax2-api/4.2.2/stax2-api-4.2.2.jar:/home/runner/work/apicurio-testing/apicurio-testing/clusters/ci419/namespaces/mysql/tests/integration/apicurio-registry/schema-util/xsd/target/apicurio-registry-schema-util-xsd-3.0.12-SNAPSHOT.jar:/home/runner/work/apicurio-testing/apicurio-testing/clusters/ci419/namespaces/mysql/tests/integration/apicurio-registry/serdes/kafka/jsonschema-serde/target/apicurio-registry-jsonschema-serde-kafka-3.0.12-SNAPSHOT.jar:/home/runner/work/apicurio-testing/apicurio-testing/clusters/ci419/namespaces/mysql/tests/integration/apicurio-registry/serdes/kafka/serde-kafka-common/target/apicurio-registry-serde-kafka-common-3.0.12-SNAPSHOT.jar:/home/runner/work/apicurio-testing/apicurio-testing/clusters/ci419/namespaces/mysql/tests/integration/apicurio-registry/serdes/generic/serde-common/target/apicurio-registry-serde-common-3.0.12-SNAPSHOT.jar:/home/runner/work/apicurio-testing/apicurio-testing/clusters/ci419/namespaces/mysql/tests/integration/apicurio-registry/serdes/generic/serde-common-jsonschema/target/apicurio-registry-serde-common-jsonschema-3.0.12-SNAPSHOT.jar:/home/runner/.m2/repository/org/json/json/20250107/json-20250107.jar:/home/runner/work/apicurio-testing/apicurio-testing/clusters/ci419/namespaces/mysql/tests/integration/apicurio-registry/serdes/kafka/avro-serde/target/apicurio-registry-avro-serde-kafka-3.0.12-SNAPSHOT.jar:/home/runner/work/apicurio-testing/apicurio-testing/clusters/ci419/namespaces/mysql/tests/integration/apicurio-registry/serdes/generic/serde-common-avro/target/apicurio-registry-serde-common-avro-3.0.12-SNAPSHOT.jar:/home/runner/work/apicurio-testing/apicurio-testing/clusters/ci419/namespaces/mysql/tests/integration/apicurio-registry/serdes/kafka/protobuf-serde/target/apicurio-registry-protobuf-serde-kafka-3.0.12-SNAPSHOT.jar:/home/runner/work/apicurio-testing/apicurio-testing/clusters/ci419/namespaces/mysql/tests/integration/apicurio-registry/serdes/generic/serde-common-protobuf/target/apicurio-registry-serde-common-protobuf-3.0.12-SNAPSHOT.jar:/home/runner/.m2/repository/com/squareup/wire/wire-schema/5.3.3/wire-schema-5.3.3.jar:/home/runner/.m2/repository/com/squareup/wire/wire-runtime/5.3.3/wire-runtime-5.3.3.jar:/home/runner/work/apicurio-testing/apicurio-testing/clusters/ci419/namespaces/mysql/tests/integration/apicurio-registry/serdes/pulsar/avro-serde/target/apicurio-registry-avro-serde-pulsar-3.0.12-SNAPSHOT.jar:/home/runner/.m2/repository/org/apache/pulsar/pulsar-functions-api/3.3.8/pulsar-functions-api-3.3.8.jar:/home/runner/work/apicurio-testing/apicurio-testing/clusters/ci419/namespaces/mysql/tests/integration/apicurio-registry/serdes/nats/avro-serde/target/apicurio-registry-avro-serde-nats-3.0.12-SNAPSHOT.jar:/home/runner/.m2/repository/io/nats/jnats/2.21.4/jnats-2.21.4.jar:/home/runner/.m2/repository/org/bouncycastle/bcprov-lts8on/2.73.7/bcprov-lts8on-2.73.7.jar:/home/runner/.m2/repository/org/jetbrains/annotations/26.0.2/annotations-26.0.2.jar:/home/runner/work/apicurio-testing/apicurio-testing/clusters/ci419/namespaces/mysql/tests/integration/apicurio-registry/utils/converter/target/apicurio-registry-utils-converter-3.0.12-SNAPSHOT.jar:/home/runner/work/apicurio-testing/apicurio-testing/clusters/ci419/namespaces/mysql/tests/integration/apicurio-registry/schema-resolver/target/apicurio-registry-schema-resolver-3.0.12-SNAPSHOT.jar:/home/runner/.m2/repository/org/apache/kafka/connect-api/3.9.1/connect-api-3.9.1.jar:/home/runner/.m2/repository/javax/ws/rs/javax.ws.rs-api/2.1.1/javax.ws.rs-api-2.1.1.jar:/home/runner/.m2/repository/org/apache/kafka/connect-json/3.9.1/connect-json-3.9.1.jar:/home/runner/.m2/repository/com/fasterxml/jackson/datatype/jackson-datatype-jdk8/2.18.2/jackson-datatype-jdk8-2.18.2.jar:/home/runner/.m2/repository/com/fasterxml/jackson/module/jackson-module-afterburner/2.18.2/jackson-module-afterburner-2.18.2.jar:/home/runner/work/apicurio-testing/apicurio-testing/clusters/ci419/namespaces/mysql/tests/integration/apicurio-registry/utils/kafka/target/apicurio-registry-utils-kafka-3.0.12-SNAPSHOT.jar:/home/runner/.m2/repository/org/apache/pulsar/pulsar-client/3.3.8/pulsar-client-3.3.8.jar:/home/runner/.m2/repository/org/apache/pulsar/pulsar-client-api/3.3.8/pulsar-client-api-3.3.8.jar:/home/runner/.m2/repository/org/apache/pulsar/pulsar-client-admin-api/3.3.8/pulsar-client-admin-api-3.3.8.jar:/home/runner/.m2/repository/org/apache/pulsar/bouncy-castle-bc/3.3.8/bouncy-castle-bc-3.3.8-pkg.jar:/home/runner/.m2/repository/org/bouncycastle/bcpkix-jdk18on/1.81/bcpkix-jdk18on-1.81.jar:/home/runner/.m2/repository/org/bouncycastle/bcutil-jdk18on/1.81/bcutil-jdk18on-1.81.jar:/home/runner/.m2/repository/org/bouncycastle/bcprov-jdk18on/1.81/bcprov-jdk18on-1.81.jar:/home/runner/.m2/repository/io/opentelemetry/opentelemetry-api/1.44.1/opentelemetry-api-1.44.1.jar:/home/runner/.m2/repository/io/opentelemetry/opentelemetry-context/1.44.1/opentelemetry-context-1.44.1.jar:/home/runner/.m2/repository/io/opentelemetry/opentelemetry-api-incubator/1.44.1-alpha/opentelemetry-api-incubator-1.44.1-alpha.jar:/home/runner/.m2/repository/com/fasterxml/jackson/core/jackson-annotations/2.18.2/jackson-annotations-2.18.2.jar:/home/runner/.m2/repository/javax/validation/validation-api/1.1.0.Final/validation-api-1.1.0.Final.jar:/home/runner/.m2/repository/org/jspecify/jspecify/1.0.0/jspecify-1.0.0.jar:/home/runner/.m2/repository/org/apache/commons/commons-configuration2/2.12.0/commons-configuration2-2.12.0.jar:/home/runner/.m2/repository/commons-logging/commons-logging/1.3.5/commons-logging-1.3.5.jar:/home/runner/.m2/repository/org/apache/commons/commons-text/1.13.0/commons-text-1.13.0.jar:/home/runner/.m2/repository/io/confluent/kafka-avro-serializer/8.0.0/kafka-avro-serializer-8.0.0.jar:/home/runner/.m2/repository/org/apache/commons/commons-compress/1.27.1/commons-compress-1.27.1.jar:/home/runner/.m2/repository/io/confluent/kafka-schema-serializer/8.0.0/kafka-schema-serializer-8.0.0.jar:/home/runner/.m2/repository/com/fasterxml/jackson/dataformat/jackson-dataformat-csv/2.18.2/jackson-dataformat-csv-2.18.2.jar:/home/runner/.m2/repository/io/confluent/kafka-schema-registry-client/8.0.0/kafka-schema-registry-client-8.0.0.jar:/home/runner/.m2/repository/org/yaml/snakeyaml/2.3/snakeyaml-2.3.jar:/home/runner/.m2/repository/io/swagger/core/v3/swagger-annotations/2.2.29/swagger-annotations-2.2.29.jar:/home/runner/.m2/repository/com/google/guava/guava/33.4.0-jre/guava-33.4.0-jre.jar:/home/runner/.m2/repository/com/google/guava/failureaccess/1.0.1/failureaccess-1.0.1.jar:/home/runner/.m2/repository/org/checkerframework/checker-qual/3.49.0/checker-qual-3.49.0.jar:/home/runner/.m2/repository/io/confluent/logredactor/1.0.13/logredactor-1.0.13.jar:/home/runner/.m2/repository/com/google/re2j/re2j/1.6/re2j-1.6.jar:/home/runner/.m2/repository/io/confluent/logredactor-metrics/1.0.13/logredactor-metrics-1.0.13.jar:/home/runner/.m2/repository/com/eclipsesource/minimal-json/minimal-json/0.9.5/minimal-json-0.9.5.jar:/home/runner/.m2/repository/io/confluent/common-utils/8.0.0/common-utils-8.0.0.jar:/home/runner/.m2/repository/io/confluent/kafka-connect-avro-converter/8.0.0/kafka-connect-avro-converter-8.0.0.jar:/home/runner/.m2/repository/io/confluent/kafka-connect-avro-data/8.0.0/kafka-connect-avro-data-8.0.0.jar:/home/runner/.m2/repository/io/confluent/kafka-schema-converter/8.0.0/kafka-schema-converter-8.0.0.jar:/home/runner/.m2/repository/io/rest-assured/rest-assured/5.5.1/rest-assured-5.5.1.jar:/home/runner/.m2/repository/org/apache/groovy/groovy/4.0.22/groovy-4.0.22.jar:/home/runner/.m2/repository/org/apache/groovy/groovy-xml/4.0.22/groovy-xml-4.0.22.jar:/home/runner/.m2/repository/org/apache/httpcomponents/httpclient/4.5.14/httpclient-4.5.14.jar:/home/runner/.m2/repository/org/apache/httpcomponents/httpcore/4.4.16/httpcore-4.4.16.jar:/home/runner/.m2/repository/org/apache/httpcomponents/httpmime/4.5.14/httpmime-4.5.14.jar:/home/runner/.m2/repository/org/hamcrest/hamcrest/2.2/hamcrest-2.2.jar:/home/runner/.m2/repository/org/ccil/cowan/tagsoup/tagsoup/1.2.1/tagsoup-1.2.1.jar:/home/runner/.m2/repository/io/rest-assured/json-path/5.5.1/json-path-5.5.1.jar:/home/runner/.m2/repository/org/apache/groovy/groovy-json/4.0.22/groovy-json-4.0.22.jar:/home/runner/.m2/repository/io/rest-assured/rest-assured-common/5.5.1/rest-assured-common-5.5.1.jar:/home/runner/.m2/repository/io/rest-assured/xml-path/5.5.1/xml-path-5.5.1.jar:/home/runner/.m2/repository/io/zonky/test/embedded-postgres/2.1.0/embedded-postgres-2.1.0.jar:/home/runner/.m2/repository/io/zonky/test/postgres/embedded-postgres-binaries-windows-amd64/14.15.0/embedded-postgres-binaries-windows-amd64-14.15.0.jar:/home/runner/.m2/repository/io/zonky/test/postgres/embedded-postgres-binaries-darwin-amd64/14.15.0/embedded-postgres-binaries-darwin-amd64-14.15.0.jar:/home/runner/.m2/repository/io/zonky/test/postgres/embedded-postgres-binaries-linux-amd64/14.15.0/embedded-postgres-binaries-linux-amd64-14.15.0.jar:/home/runner/.m2/repository/io/zonky/test/postgres/embedded-postgres-binaries-linux-amd64-alpine/14.15.0/embedded-postgres-binaries-linux-amd64-alpine-14.15.0.jar:/home/runner/.m2/repository/org/apache/commons/commons-lang3/3.17.0/commons-lang3-3.17.0.jar:/home/runner/.m2/repository/org/tukaani/xz/1.10/xz-1.10.jar:/home/runner/.m2/repository/commons-codec/commons-codec/1.19.0/commons-codec-1.19.0.jar:/home/runner/.m2/repository/org/postgresql/postgresql/42.7.7/postgresql-42.7.7.jar:/home/runner/.m2/repository/commons-io/commons-io/2.18.0/commons-io-2.18.0.jar:/home/runner/work/apicurio-testing/apicurio-testing/clusters/ci419/namespaces/mysql/tests/integration/apicurio-registry/utils/importexport/target/apicurio-registry-utils-import-export-3.0.12-SNAPSHOT.jar:/home/runner/.m2/repository/io/vertx/vertx-core/4.5.16/vertx-core-4.5.16.jar:/home/runner/.m2/repository/io/netty/netty-common/4.1.121.Final/netty-common-4.1.121.Final.jar:/home/runner/.m2/repository/io/netty/netty-buffer/4.1.121.Final/netty-buffer-4.1.121.Final.jar:/home/runner/.m2/repository/io/netty/netty-transport/4.1.121.Final/netty-transport-4.1.121.Final.jar:/home/runner/.m2/repository/io/netty/netty-handler/4.1.121.Final/netty-handler-4.1.121.Final.jar:/home/runner/.m2/repository/io/netty/netty-transport-native-unix-common/4.1.121.Final/netty-transport-native-unix-common-4.1.121.Final.jar:/home/runner/.m2/repository/io/netty/netty-codec/4.1.121.Final/netty-codec-4.1.121.Final.jar:/home/runner/.m2/repository/io/netty/netty-handler-proxy/4.1.121.Final/netty-handler-proxy-4.1.121.Final.jar:/home/runner/.m2/repository/io/netty/netty-codec-socks/4.1.121.Final/netty-codec-socks-4.1.121.Final.jar:/home/runner/.m2/repository/io/netty/netty-codec-http/4.1.121.Final/netty-codec-http-4.1.121.Final.jar:/home/runner/.m2/repository/io/netty/netty-codec-http2/4.1.121.Final/netty-codec-http2-4.1.121.Final.jar:/home/runner/.m2/repository/io/netty/netty-resolver/4.1.121.Final/netty-resolver-4.1.121.Final.jar:/home/runner/.m2/repository/io/netty/netty-resolver-dns/4.1.121.Final/netty-resolver-dns-4.1.121.Final.jar:/home/runner/.m2/repository/io/netty/netty-codec-dns/4.1.121.Final/netty-codec-dns-4.1.121.Final.jar:/home/runner/.m2/repository/com/fasterxml/jackson/core/jackson-core/2.18.2/jackson-core-2.18.2.jar:"/>
    <property name="sun.cpu.endian" value="little"/>
    <property name="user.home" value="/home/runner"/>
    <property name="user.language" value="en"/>
    <property name="jboss.log-version" value="false"/>
    <property name="java.specification.vendor" value="Oracle Corporation"/>
    <property name="java.version.date" value="2025-07-15"/>
    <property name="java.home" value="/usr/lib/jvm/temurin-17-jdk-amd64"/>
    <property name="file.separator" value="/"/>
    <property name="basedir" value="/home/runner/work/apicurio-testing/apicurio-testing/clusters/ci419/namespaces/mysql/tests/integration/apicurio-registry/integration-tests"/>
    <property name="java.vm.compressedOopsMode" value="32-bit"/>
    <property name="line.separator" value="&#10;"/>
    <property name="java.specification.name" value="Java Platform API Specification"/>
    <property name="java.vm.specification.vendor" value="Oracle Corporation"/>
    <property name="quarkus.http.test-host" value="registry-app-mysql.apps.ci419.apicurio-testing.org"/>
    <property name="surefire.real.class.path" value="/home/runner/work/apicurio-testing/apicurio-testing/clusters/ci419/namespaces/mysql/tests/integration/apicurio-registry/integration-tests/target/surefire/surefirebooter-20250807122421455_3.jar"/>
    <property name="sun.management.compiler" value="HotSpot 64-Bit Tiered Compilers"/>
    <property name="org.eclipse.jetty.http.HttpGenerator.STRICT" value="true"/>
    <property name="java.runtime.version" value="17.0.16+8"/>
    <property name="user.name" value="runner"/>
    <property name="path.separator" value=":"/>
    <property name="os.version" value="6.8.0-1031-azure"/>
    <property name="java.runtime.name" value="OpenJDK Runtime Environment"/>
    <property name="file.encoding" value="UTF-8"/>
    <property name="jnidispatch.path" value="/home/runner/.cache/JNA/temp/jna620287199021474993.tmp"/>
    <property name="java.vm.name" value="OpenJDK 64-Bit Server VM"/>
    <property name="jna.platform.library.path" value="/usr/lib/x86_64-linux-gnu:/lib/x86_64-linux-gnu:/usr/lib64:/lib64:/usr/lib:/lib:/lib32:/usr/local/lib:/usr/lib/x86_64-linux-gnu/libfakeroot"/>
    <property name="java.vendor.version" value="Temurin-17.0.16+8"/>
    <property name="quarkus.oidc.token-path" value="https://keycloak-mysql.apps.ci419.apicurio-testing.org/realms/registry/protocol/openid-connect/token"/>
    <property name="quarkus.http.host" value="registry-app-mysql.apps.ci419.apicurio-testing.org"/>
    <property name="localRepository" value="/home/runner/.m2/repository"/>
    <property name="javax.xml.xpath.XPathFactory:http://java.sun.com/jaxp/xpath/dom" value="com.sun.org.apache.xpath.internal.jaxp.XPathFactoryImpl"/>
    <property name="jna.loaded" value="true"/>
    <property name="java.vendor.url.bug" value="https://github.com/adoptium/adoptium-support/issues"/>
    <property name="jetty.git.hash" value="5bc5e562c8d05c5862505aebe5cf83a61bdbcb96"/>
    <property name="java.io.tmpdir" value="/tmp"/>
    <property name="quarkus.http.test-protocol" value="http"/>
    <property name="java.version" value="17.0.16"/>
    <property name="user.dir" value="/home/runner/work/apicurio-testing/apicurio-testing/clusters/ci419/namespaces/mysql/tests/integration/apicurio-registry/integration-tests"/>
    <property name="os.arch" value="amd64"/>
    <property name="groups" value="( smoke | serdes | acceptance | ui)"/>
    <property name="java.vm.specification.name" value="Java Virtual Machine Specification"/>
    <property name="native.encoding" value="UTF-8"/>
    <property name="java.util.logging.manager" value="org.jboss.logmanager.LogManager"/>
    <property name="java.library.path" value="/usr/java/packages/lib:/usr/lib64:/lib64:/lib:/usr/lib"/>
    <property name="jdk.console" value="java.base"/>
    <property name="java.vm.info" value="mixed mode, sharing"/>
    <property name="java.vendor" value="Eclipse Adoptium"/>
    <property name="java.vm.version" value="17.0.16+8"/>
    <property name="java.specification.maintenance.version" value="1"/>
    <property name="sun.io.unicode.encoding" value="UnicodeLittle"/>
    <property name="javax.xml.transform.TransformerFactory" value="com.sun.org.apache.xalan.internal.xsltc.trax.TransformerFactoryImpl"/>
    <property name="java.class.version" value="61.0"/>
  </properties>
  <testcase name="testGlobalIdInHeaders" classname="io.apicurio.tests.serdes.apicurio.AvroSerdeIT" time="6.581">
    <system-out><![CDATA[**** Registry Base URL: http://registry-app-mysql.apps.ci419.apicurio-testing.org:80
**** Registry Base URL: http://registry-app-mysql.apps.ci419.apicurio-testing.org:80
2025-08-07 12:24:36,094 INFO  [io.api.tes.ser.api.AvroSerdeIT] (main) RestAssured configured with http://registry-app-mysql.apps.ci419.apicurio-testing.org:80/apis/registry/v3
2025-08-07 12:24:36,287 INFO  [io.api.tes.uti.KafkaFacade] (main) Starting kafka container
2025-08-07 12:24:36,326 INFO  [org.tes.ima.PullPolicy] (main) Image pull policy will be performed by: DefaultPullPolicy()
2025-08-07 12:24:36,328 INFO  [org.tes.uti.ImageNameSubstitutor] (main) Image name substitution will be performed by: DefaultImageNameSubstitutor (composite of 'ConfigurationFileImageNameSubstitutor' and 'PrefixingImageNameSubstitutor')
2025-08-07 12:24:36,339 INFO  [org.tes.DockerClientFactory] (main) Testcontainers version: 1.20.6
2025-08-07 12:24:36,815 INFO  [org.tes.doc.DockerClientProviderStrategy] (main) Found Docker environment with local Unix socket (unix:///var/run/docker.sock)
2025-08-07 12:24:36,824 INFO  [org.tes.DockerClientFactory] (main) Docker host IP address is localhost
2025-08-07 12:24:36,845 INFO  [org.tes.DockerClientFactory] (main) Connected to docker: 
  Server Version: 28.0.4
  API Version: 1.48
  Operating System: Ubuntu 22.04.5 LTS
  Total Memory: 7944 MB
2025-08-07 12:24:36,885 INFO  [tc.tes.11.0] (main) Pulling docker image: testcontainers/ryuk:0.11.0. Please be patient; this may take some time but only needs to be done once.
2025-08-07 12:24:38,220 INFO  [tc.tes.11.0] (docker-java-stream--1295187651) Starting to pull image
2025-08-07 12:24:38,243 INFO  [tc.tes.11.0] (docker-java-stream--1295187651) Pulling image layers:  0 pending,  0 downloaded,  0 extracted, (0 bytes/0 bytes)
2025-08-07 12:24:38,819 INFO  [tc.tes.11.0] (docker-java-stream--1295187651) Pulling image layers:  2 pending,  1 downloaded,  0 extracted, (45 KB/? MB)
2025-08-07 12:24:38,824 INFO  [tc.tes.11.0] (docker-java-stream--1295187651) Pulling image layers:  1 pending,  2 downloaded,  0 extracted, (835 KB/? MB)
2025-08-07 12:24:38,883 INFO  [tc.tes.11.0] (docker-java-stream--1295187651) Pulling image layers:  0 pending,  3 downloaded,  0 extracted, (904 KB/10 MB)
2025-08-07 12:24:38,955 INFO  [tc.tes.11.0] (docker-java-stream--1295187651) Pulling image layers:  0 pending,  3 downloaded,  1 extracted, (4 MB/10 MB)
2025-08-07 12:24:39,482 INFO  [tc.tes.11.0] (docker-java-stream--1295187651) Pulling image layers:  0 pending,  3 downloaded,  2 extracted, (4 MB/10 MB)
2025-08-07 12:24:39,525 INFO  [tc.tes.11.0] (docker-java-stream--1295187651) Pulling image layers:  0 pending,  3 downloaded,  3 extracted, (10 MB/10 MB)
2025-08-07 12:24:39,532 INFO  [tc.tes.11.0] (docker-java-stream--1295187651) Pull complete. 3 layers, pulled in 1s (downloaded 10 MB at 10 MB/s)
2025-08-07 12:24:39,532 INFO  [tc.tes.11.0] (main) Image testcontainers/ryuk:0.11.0 pull took PT2.645841567S
2025-08-07 12:24:39,555 INFO  [tc.tes.11.0] (main) Creating container for image: testcontainers/ryuk:0.11.0
2025-08-07 12:24:39,636 INFO  [tc.tes.11.0] (main) Container testcontainers/ryuk:0.11.0 is starting: ddbdeb49febe4e0ccf172ed5b8242b3e1b68af711aea8e290175d9ce75f47f53
2025-08-07 12:24:39,937 INFO  [tc.tes.11.0] (main) Container testcontainers/ryuk:0.11.0 started in PT0.382237221S
2025-08-07 12:24:39,942 INFO  [org.tes.uti.RyukResourceReaper] (main) Ryuk started - will monitor and terminate Testcontainers containers on JVM exit
2025-08-07 12:24:39,943 INFO  [org.tes.DockerClientFactory] (main) Checking the system...
2025-08-07 12:24:39,943 INFO  [org.tes.DockerClientFactory] (main) ✔︎ Docker server version should be at least 1.6.0
2025-08-07 12:24:39,946 INFO  [io.str.tes.con.KafkaVersionService] (main) Latest release of Kafka is:LogicalKafkaVersionEntity{version='4.0.0', image='quay.io/strimzi-test-container/test-container:0.111.0-kafka-4.0.0'}
2025-08-07 12:24:39,946 INFO  [io.str.tes.con.KafkaVersionService] (main) Latest release of Kafka is:LogicalKafkaVersionEntity{version='4.0.0', image='quay.io/strimzi-test-container/test-container:0.111.0-kafka-4.0.0'}
2025-08-07 12:24:39,946 INFO  [io.str.tes.con.KafkaVersionService] (main) No Kafka version specified. Using latest release: 4.0.0
2025-08-07 12:24:39,950 INFO  [tc.qua.io/.111.0-k.0.0] (main) Pulling docker image: quay.io/strimzi-test-container/test-container:0.111.0-kafka-4.0.0. Please be patient; this may take some time but only needs to be done once.
2025-08-07 12:24:41,062 INFO  [tc.qua.io/.111.0-k.0.0] (docker-java-stream--29267298) Starting to pull image
2025-08-07 12:24:41,063 INFO  [tc.qua.io/.111.0-k.0.0] (docker-java-stream--29267298) Pulling image layers:  0 pending,  0 downloaded,  0 extracted, (0 bytes/0 bytes)
2025-08-07 12:24:41,825 INFO  [tc.qua.io/.111.0-k.0.0] (docker-java-stream--29267298) Pulling image layers:  6 pending,  1 downloaded,  0 extracted, (408 KB/? MB)
2025-08-07 12:24:42,277 INFO  [tc.qua.io/.111.0-k.0.0] (docker-java-stream--29267298) Pulling image layers:  5 pending,  2 downloaded,  0 extracted, (29 MB/? MB)
2025-08-07 12:24:42,423 INFO  [tc.qua.io/.111.0-k.0.0] (docker-java-stream--29267298) Pulling image layers:  4 pending,  3 downloaded,  0 extracted, (40 MB/? MB)
2025-08-07 12:24:42,810 INFO  [tc.qua.io/.111.0-k.0.0] (docker-java-stream--29267298) Pulling image layers:  3 pending,  4 downloaded,  0 extracted, (53 MB/? MB)
2025-08-07 12:24:43,172 INFO  [tc.qua.io/.111.0-k.0.0] (docker-java-stream--29267298) Pulling image layers:  2 pending,  5 downloaded,  0 extracted, (64 MB/? MB)
2025-08-07 12:24:43,564 INFO  [tc.qua.io/.111.0-k.0.0] (docker-java-stream--29267298) Pulling image layers:  2 pending,  5 downloaded,  1 extracted, (95 MB/? MB)
2025-08-07 12:24:44,750 INFO  [tc.qua.io/.111.0-k.0.0] (docker-java-stream--29267298) Pulling image layers:  1 pending,  6 downloaded,  1 extracted, (165 MB/? MB)
2025-08-07 12:24:47,079 INFO  [tc.qua.io/.111.0-k.0.0] (docker-java-stream--29267298) Pulling image layers:  0 pending,  7 downloaded,  1 extracted, (237 MB/249 MB)
2025-08-07 12:24:49,183 INFO  [tc.qua.io/.111.0-k.0.0] (docker-java-stream--29267298) Pulling image layers:  0 pending,  7 downloaded,  2 extracted, (239 MB/249 MB)
2025-08-07 12:24:49,223 INFO  [tc.qua.io/.111.0-k.0.0] (docker-java-stream--29267298) Pulling image layers:  0 pending,  7 downloaded,  3 extracted, (241 MB/249 MB)
2025-08-07 12:24:49,241 INFO  [tc.qua.io/.111.0-k.0.0] (docker-java-stream--29267298) Pulling image layers:  0 pending,  7 downloaded,  4 extracted, (241 MB/249 MB)
2025-08-07 12:24:50,398 INFO  [tc.qua.io/.111.0-k.0.0] (docker-java-stream--29267298) Pulling image layers:  0 pending,  7 downloaded,  5 extracted, (247 MB/249 MB)
2025-08-07 12:24:50,434 INFO  [tc.qua.io/.111.0-k.0.0] (docker-java-stream--29267298) Pulling image layers:  0 pending,  7 downloaded,  6 extracted, (249 MB/249 MB)
2025-08-07 12:24:50,450 INFO  [tc.qua.io/.111.0-k.0.0] (docker-java-stream--29267298) Pulling image layers:  0 pending,  7 downloaded,  7 extracted, (249 MB/249 MB)
2025-08-07 12:24:50,456 INFO  [tc.qua.io/.111.0-k.0.0] (main) Image quay.io/strimzi-test-container/test-container:0.111.0-kafka-4.0.0 pull took PT10.506055199S
2025-08-07 12:24:50,456 INFO  [tc.qua.io/.111.0-k.0.0] (docker-java-stream--29267298) Pull complete. 7 layers, pulled in 9s (downloaded 249 MB at 27 MB/s)
2025-08-07 12:24:50,459 INFO  [tc.qua.io/.111.0-k.0.0] (main) Creating container for image: quay.io/strimzi-test-container/test-container:0.111.0-kafka-4.0.0
2025-08-07 12:24:50,526 INFO  [tc.qua.io/.111.0-k.0.0] (main) Container quay.io/strimzi-test-container/test-container:0.111.0-kafka-4.0.0 is starting: 1b7761b062e117fe672ecec4cc9ec3b1d6b34a6976531ad744d4392669126e01
2025-08-07 12:24:50,707 INFO  [io.str.tes.con.StrimziKafkaContainer] (main) Mapped port: 32769
2025-08-07 12:24:50,707 WARN  [io.str.tes.con.StrimziKafkaContainer] (main) Node ID is not set. Using broker ID 0 as the default node ID.
2025-08-07 12:24:50,707 INFO  [io.str.tes.con.StrimziKafkaContainer] (main) This is all advertised listeners for Kafka PLAINTEXT://localhost:32769,BROKER1://172.18.0.2:9091,CONTROLLER://broker-0:9094
2025-08-07 12:24:50,741 INFO  [io.str.tes.con.StrimziKafkaContainer] (main) New `cluster.id` has been generated: w_73WABzQ2iBfYWfnNB4Cg
2025-08-07 12:24:50,743 INFO  [io.str.tes.con.StrimziKafkaContainer] (main) Copying command to 'STARTER_SCRIPT' script.
2025-08-07 12:24:56,142 INFO  [tc.qua.io/.111.0-k.0.0] (main) Container quay.io/strimzi-test-container/test-container:0.111.0-kafka-4.0.0 started in PT5.68224337S
2025-08-07 12:24:56,145 INFO  [io.api.tes.uti.TestSeparator] (main) ############################################################################
2025-08-07 12:24:56,145 INFO  [io.api.tes.uti.TestSeparator] (main) io.apicurio.tests.serdes.apicurio.AvroSerdeIT.testGlobalIdInHeaders-STARTED
2025-08-07 12:24:56,161 INFO  [org.apa.kaf.cli.adm.AdminClientConfig] (main) AdminClientConfig values: 
	auto.include.jmx.reporter = true
	bootstrap.controllers = []
	bootstrap.servers = [PLAINTEXT://localhost:32769]
	client.dns.lookup = use_all_dns_ips
	client.id = 
	connections.max.idle.ms = 10000
	default.api.timeout.ms = 60000
	enable.metrics.push = true
	metadata.max.age.ms = 300000
	metadata.recovery.strategy = none
	metric.reporters = []
	metrics.num.samples = 2
	metrics.recording.level = INFO
	metrics.sample.window.ms = 30000
	receive.buffer.bytes = 65536
	reconnect.backoff.max.ms = 1000
	reconnect.backoff.ms = 50
	request.timeout.ms = 5000
	retries = 2147483647
	retry.backoff.max.ms = 1000
	retry.backoff.ms = 100
	sasl.client.callback.handler.class = null
	sasl.jaas.config = null
	sasl.kerberos.kinit.cmd = /usr/bin/kinit
	sasl.kerberos.min.time.before.relogin = 60000
	sasl.kerberos.service.name = null
	sasl.kerberos.ticket.renew.jitter = 0.05
	sasl.kerberos.ticket.renew.window.factor = 0.8
	sasl.login.callback.handler.class = null
	sasl.login.class = null
	sasl.login.connect.timeout.ms = null
	sasl.login.read.timeout.ms = null
	sasl.login.refresh.buffer.seconds = 300
	sasl.login.refresh.min.period.seconds = 60
	sasl.login.refresh.window.factor = 0.8
	sasl.login.refresh.window.jitter = 0.05
	sasl.login.retry.backoff.max.ms = 10000
	sasl.login.retry.backoff.ms = 100
	sasl.mechanism = GSSAPI
	sasl.oauthbearer.clock.skew.seconds = 30
	sasl.oauthbearer.expected.audience = null
	sasl.oauthbearer.expected.issuer = null
	sasl.oauthbearer.header.urlencode = false
	sasl.oauthbearer.jwks.endpoint.refresh.ms = 3600000
	sasl.oauthbearer.jwks.endpoint.retry.backoff.max.ms = 10000
	sasl.oauthbearer.jwks.endpoint.retry.backoff.ms = 100
	sasl.oauthbearer.jwks.endpoint.url = null
	sasl.oauthbearer.scope.claim.name = scope
	sasl.oauthbearer.sub.claim.name = sub
	sasl.oauthbearer.token.endpoint.url = null
	security.protocol = PLAINTEXT
	security.providers = null
	send.buffer.bytes = 131072
	socket.connection.setup.timeout.max.ms = 30000
	socket.connection.setup.timeout.ms = 10000
	ssl.cipher.suites = null
	ssl.enabled.protocols = [TLSv1.2, TLSv1.3]
	ssl.endpoint.identification.algorithm = https
	ssl.engine.factory.class = null
	ssl.key.password = null
	ssl.keymanager.algorithm = SunX509
	ssl.keystore.certificate.chain = null
	ssl.keystore.key = null
	ssl.keystore.location = null
	ssl.keystore.password = null
	ssl.keystore.type = JKS
	ssl.protocol = TLSv1.3
	ssl.provider = null
	ssl.secure.random.implementation = null
	ssl.trustmanager.algorithm = PKIX
	ssl.truststore.certificates = null
	ssl.truststore.location = null
	ssl.truststore.password = null
	ssl.truststore.type = JKS

2025-08-07 12:24:56,536 INFO  [org.apa.kaf.com.uti.AppInfoParser] (main) Kafka version: 3.9.1
2025-08-07 12:24:56,536 INFO  [org.apa.kaf.com.uti.AppInfoParser] (main) Kafka commitId: f745dfdcee2b9851
2025-08-07 12:24:56,536 INFO  [org.apa.kaf.com.uti.AppInfoParser] (main) Kafka startTimeMs: 1754569496535
**** Registry Base URL: http://registry-app-mysql.apps.ci419.apicurio-testing.org:80
2025-08-07 12:24:56,580 INFO  [org.apa.kaf.cli.pro.ProducerConfig] (main) ProducerConfig values: 
	acks = -1
	auto.include.jmx.reporter = true
	batch.size = 16384
	bootstrap.servers = [PLAINTEXT://localhost:32769]
	buffer.memory = 33554432
	client.dns.lookup = use_all_dns_ips
	client.id = Producer-topic-ad2e6c94_9d5b_4b49_b0e7_60ab199a3ada
	compression.gzip.level = -1
	compression.lz4.level = 9
	compression.type = none
	compression.zstd.level = 3
	connections.max.idle.ms = 10000
	delivery.timeout.ms = 120000
	enable.idempotence = true
	enable.metrics.push = true
	interceptor.classes = []
	key.serializer = class org.apache.kafka.common.serialization.StringSerializer
	linger.ms = 0
	max.block.ms = 60000
	max.in.flight.requests.per.connection = 5
	max.request.size = 1048576
	metadata.max.age.ms = 300000
	metadata.max.idle.ms = 300000
	metadata.recovery.strategy = none
	metric.reporters = []
	metrics.num.samples = 2
	metrics.recording.level = INFO
	metrics.sample.window.ms = 30000
	partitioner.adaptive.partitioning.enable = true
	partitioner.availability.timeout.ms = 0
	partitioner.class = null
	partitioner.ignore.keys = false
	receive.buffer.bytes = 32768
	reconnect.backoff.max.ms = 1000
	reconnect.backoff.ms = 50
	request.timeout.ms = 5000
	retries = 2147483647
	retry.backoff.max.ms = 1000
	retry.backoff.ms = 100
	sasl.client.callback.handler.class = null
	sasl.jaas.config = null
	sasl.kerberos.kinit.cmd = /usr/bin/kinit
	sasl.kerberos.min.time.before.relogin = 60000
	sasl.kerberos.service.name = null
	sasl.kerberos.ticket.renew.jitter = 0.05
	sasl.kerberos.ticket.renew.window.factor = 0.8
	sasl.login.callback.handler.class = null
	sasl.login.class = null
	sasl.login.connect.timeout.ms = null
	sasl.login.read.timeout.ms = null
	sasl.login.refresh.buffer.seconds = 300
	sasl.login.refresh.min.period.seconds = 60
	sasl.login.refresh.window.factor = 0.8
	sasl.login.refresh.window.jitter = 0.05
	sasl.login.retry.backoff.max.ms = 10000
	sasl.login.retry.backoff.ms = 100
	sasl.mechanism = GSSAPI
	sasl.oauthbearer.clock.skew.seconds = 30
	sasl.oauthbearer.expected.audience = null
	sasl.oauthbearer.expected.issuer = null
	sasl.oauthbearer.header.urlencode = false
	sasl.oauthbearer.jwks.endpoint.refresh.ms = 3600000
	sasl.oauthbearer.jwks.endpoint.retry.backoff.max.ms = 10000
	sasl.oauthbearer.jwks.endpoint.retry.backoff.ms = 100
	sasl.oauthbearer.jwks.endpoint.url = null
	sasl.oauthbearer.scope.claim.name = scope
	sasl.oauthbearer.sub.claim.name = sub
	sasl.oauthbearer.token.endpoint.url = null
	security.protocol = PLAINTEXT
	security.providers = null
	send.buffer.bytes = 131072
	socket.connection.setup.timeout.max.ms = 30000
	socket.connection.setup.timeout.ms = 10000
	ssl.cipher.suites = null
	ssl.enabled.protocols = [TLSv1.2, TLSv1.3]
	ssl.endpoint.identification.algorithm = https
	ssl.engine.factory.class = null
	ssl.key.password = null
	ssl.keymanager.algorithm = SunX509
	ssl.keystore.certificate.chain = null
	ssl.keystore.key = null
	ssl.keystore.location = null
	ssl.keystore.password = null
	ssl.keystore.type = JKS
	ssl.protocol = TLSv1.3
	ssl.provider = null
	ssl.secure.random.implementation = null
	ssl.trustmanager.algorithm = PKIX
	ssl.truststore.certificates = null
	ssl.truststore.location = null
	ssl.truststore.password = null
	ssl.truststore.type = JKS
	transaction.timeout.ms = 60000
	transactional.id = null
	value.serializer = class io.apicurio.registry.serde.avro.AvroKafkaSerializer

2025-08-07 12:24:56,615 INFO  [org.apa.kaf.com.tel.int.KafkaMetricsCollector] (main) initializing Kafka metrics collector
2025-08-07 12:24:56,646 INFO  [org.apa.kaf.cli.pro.KafkaProducer] (main) [Producer clientId=Producer-topic-ad2e6c94_9d5b_4b49_b0e7_60ab199a3ada] Instantiated an idempotent producer.
2025-08-07 12:24:56,696 INFO  [org.apa.kaf.cli.pro.ProducerConfig] (main) These configurations '[apicurio.registry.url, apicurio.registry.auto-register, apicurio.registry.use-id, apicurio.registry.artifact-resolver-strategy]' were supplied but are not used yet.
2025-08-07 12:24:56,697 INFO  [org.apa.kaf.com.uti.AppInfoParser] (main) Kafka version: 3.9.1
2025-08-07 12:24:56,697 INFO  [org.apa.kaf.com.uti.AppInfoParser] (main) Kafka commitId: f745dfdcee2b9851
2025-08-07 12:24:56,697 INFO  [org.apa.kaf.com.uti.AppInfoParser] (main) Kafka startTimeMs: 1754569496697
2025-08-07 12:24:56,698 INFO  [io.api.tes.ser.api.SimpleSerdesTesterBuilder$SimpleSerdesTester] (main) Using producer configuration: {apicurio.registry.url=http://registry-app-mysql.apps.ci419.apicurio-testing.org:80/apis/registry/v3, apicurio.registry.auto-register=true, apicurio.registry.use-id=globalId, apicurio.registry.artifact-resolver-strategy=io.apicurio.registry.serde.strategy.TopicIdStrategy, value.serializer=io.apicurio.registry.serde.avro.AvroKafkaSerializer, request.timeout.ms=5000, acks=all, bootstrap.servers=PLAINTEXT://localhost:32769, connections.max.idle.ms=10000, key.serializer=org.apache.kafka.common.serialization.StringSerializer, client.id=Producer-topic-ad2e6c94_9d5b_4b49_b0e7_60ab199a3ada}
2025-08-07 12:24:56,698 INFO  [io.api.tes.ser.api.SimpleSerdesTesterBuilder$SimpleSerdesTester] (main) Using consumer configuration: {apicurio.registry.use-id=globalId}
2025-08-07 12:24:56,706 INFO  [io.api.tes.ser.api.KafkaSerdesTester] (Thread-600) Sending message {"key11754569496562": "value-0"} to topic topic-ad2e6c94_9d5b_4b49_b0e7_60ab199a3ada
2025-08-07 12:24:57,110 WARN  [org.apa.kaf.cli.NetworkClient] (kafka-producer-network-thread | Producer-topic-ad2e6c94_9d5b_4b49_b0e7_60ab199a3ada) [Producer clientId=Producer-topic-ad2e6c94_9d5b_4b49_b0e7_60ab199a3ada] The metadata response from the cluster reported a recoverable issue with correlation id 1 : {topic-ad2e6c94_9d5b_4b49_b0e7_60ab199a3ada=UNKNOWN_TOPIC_OR_PARTITION}
2025-08-07 12:24:57,115 INFO  [org.apa.kaf.cli.Metadata] (kafka-producer-network-thread | Producer-topic-ad2e6c94_9d5b_4b49_b0e7_60ab199a3ada) [Producer clientId=Producer-topic-ad2e6c94_9d5b_4b49_b0e7_60ab199a3ada] Cluster ID: w_73WABzQ2iBfYWfnNB4Cg
2025-08-07 12:24:57,245 INFO  [org.apa.kaf.cli.pro.int.TransactionManager] (kafka-producer-network-thread | Producer-topic-ad2e6c94_9d5b_4b49_b0e7_60ab199a3ada) [Producer clientId=Producer-topic-ad2e6c94_9d5b_4b49_b0e7_60ab199a3ada] ProducerId set to 0 with epoch 0
2025-08-07 12:24:57,549 INFO  [io.api.tes.ser.api.KafkaSerdesTester] (Thread-600) Sending message {"key11754569496562": "value-1"} to topic topic-ad2e6c94_9d5b_4b49_b0e7_60ab199a3ada
2025-08-07 12:24:57,562 INFO  [io.api.tes.ser.api.KafkaSerdesTester] (Thread-600) Sending message {"key11754569496562": "value-2"} to topic topic-ad2e6c94_9d5b_4b49_b0e7_60ab199a3ada
2025-08-07 12:24:57,576 INFO  [io.api.tes.ser.api.KafkaSerdesTester] (Thread-600) Sending message {"key11754569496562": "value-3"} to topic topic-ad2e6c94_9d5b_4b49_b0e7_60ab199a3ada
2025-08-07 12:24:57,584 INFO  [io.api.tes.ser.api.KafkaSerdesTester] (Thread-600) Sending message {"key11754569496562": "value-4"} to topic topic-ad2e6c94_9d5b_4b49_b0e7_60ab199a3ada
2025-08-07 12:24:57,588 INFO  [io.api.tes.ser.api.KafkaSerdesTester] (Thread-600) Sending message {"key11754569496562": "value-5"} to topic topic-ad2e6c94_9d5b_4b49_b0e7_60ab199a3ada
2025-08-07 12:24:57,592 INFO  [io.api.tes.ser.api.KafkaSerdesTester] (Thread-600) Sending message {"key11754569496562": "value-6"} to topic topic-ad2e6c94_9d5b_4b49_b0e7_60ab199a3ada
2025-08-07 12:24:57,597 INFO  [io.api.tes.ser.api.KafkaSerdesTester] (Thread-600) Sending message {"key11754569496562": "value-7"} to topic topic-ad2e6c94_9d5b_4b49_b0e7_60ab199a3ada
2025-08-07 12:24:57,600 INFO  [io.api.tes.ser.api.KafkaSerdesTester] (Thread-600) Sending message {"key11754569496562": "value-8"} to topic topic-ad2e6c94_9d5b_4b49_b0e7_60ab199a3ada
2025-08-07 12:24:57,604 INFO  [io.api.tes.ser.api.KafkaSerdesTester] (Thread-600) Sending message {"key11754569496562": "value-9"} to topic topic-ad2e6c94_9d5b_4b49_b0e7_60ab199a3ada
2025-08-07 12:24:57,608 INFO  [io.api.tes.ser.api.KafkaSerdesTester] (Thread-600) Produced 10 messages
2025-08-07 12:24:57,609 INFO  [org.apa.kaf.cli.pro.KafkaProducer] (Thread-600) [Producer clientId=Producer-topic-ad2e6c94_9d5b_4b49_b0e7_60ab199a3ada] Closing the Kafka producer with timeoutMillis = 9223372036854775807 ms.
2025-08-07 12:24:57,627 INFO  [org.apa.kaf.com.met.Metrics] (Thread-600) Metrics scheduler closed
2025-08-07 12:24:57,627 INFO  [org.apa.kaf.com.met.Metrics] (Thread-600) Closing reporter org.apache.kafka.common.metrics.JmxReporter
2025-08-07 12:24:57,627 INFO  [org.apa.kaf.com.met.Metrics] (Thread-600) Closing reporter org.apache.kafka.common.telemetry.internals.ClientTelemetryReporter
2025-08-07 12:24:57,627 INFO  [org.apa.kaf.com.met.Metrics] (Thread-600) Metrics reporters closed
2025-08-07 12:24:57,630 INFO  [org.apa.kaf.com.uti.AppInfoParser] (Thread-600) App info kafka.producer for Producer-topic-ad2e6c94_9d5b_4b49_b0e7_60ab199a3ada unregistered
**** Registry Base URL: http://registry-app-mysql.apps.ci419.apicurio-testing.org:80
2025-08-07 12:24:57,898 INFO  [org.apa.kaf.cli.con.ConsumerConfig] (main) ConsumerConfig values: 
	allow.auto.create.topics = true
	auto.commit.interval.ms = 500
	auto.include.jmx.reporter = true
	auto.offset.reset = earliest
	bootstrap.servers = [PLAINTEXT://localhost:32769]
	check.crcs = true
	client.dns.lookup = use_all_dns_ips
	client.id = consumer-Consumer-topic-ad2e6c94_9d5b_4b49_b0e7_60ab199a3ada-1
	client.rack = 
	connections.max.idle.ms = 10000
	default.api.timeout.ms = 60000
	enable.auto.commit = true
	enable.metrics.push = true
	exclude.internal.topics = true
	fetch.max.bytes = 52428800
	fetch.max.wait.ms = 500
	fetch.min.bytes = 1
	group.id = Consumer-topic-ad2e6c94_9d5b_4b49_b0e7_60ab199a3ada
	group.instance.id = null
	group.protocol = classic
	group.remote.assignor = null
	heartbeat.interval.ms = 3000
	interceptor.classes = []
	internal.leave.group.on.close = true
	internal.throw.on.fetch.stable.offset.unsupported = false
	isolation.level = read_uncommitted
	key.deserializer = class org.apache.kafka.common.serialization.StringDeserializer
	max.partition.fetch.bytes = 1048576
	max.poll.interval.ms = 300000
	max.poll.records = 500
	metadata.max.age.ms = 300000
	metadata.recovery.strategy = none
	metric.reporters = []
	metrics.num.samples = 2
	metrics.recording.level = INFO
	metrics.sample.window.ms = 30000
	partition.assignment.strategy = [class org.apache.kafka.clients.consumer.RangeAssignor, class org.apache.kafka.clients.consumer.CooperativeStickyAssignor]
	receive.buffer.bytes = 65536
	reconnect.backoff.max.ms = 1000
	reconnect.backoff.ms = 50
	request.timeout.ms = 5000
	retry.backoff.max.ms = 1000
	retry.backoff.ms = 100
	sasl.client.callback.handler.class = null
	sasl.jaas.config = null
	sasl.kerberos.kinit.cmd = /usr/bin/kinit
	sasl.kerberos.min.time.before.relogin = 60000
	sasl.kerberos.service.name = null
	sasl.kerberos.ticket.renew.jitter = 0.05
	sasl.kerberos.ticket.renew.window.factor = 0.8
	sasl.login.callback.handler.class = null
	sasl.login.class = null
	sasl.login.connect.timeout.ms = null
	sasl.login.read.timeout.ms = null
	sasl.login.refresh.buffer.seconds = 300
	sasl.login.refresh.min.period.seconds = 60
	sasl.login.refresh.window.factor = 0.8
	sasl.login.refresh.window.jitter = 0.05
	sasl.login.retry.backoff.max.ms = 10000
	sasl.login.retry.backoff.ms = 100
	sasl.mechanism = GSSAPI
	sasl.oauthbearer.clock.skew.seconds = 30
	sasl.oauthbearer.expected.audience = null
	sasl.oauthbearer.expected.issuer = null
	sasl.oauthbearer.header.urlencode = false
	sasl.oauthbearer.jwks.endpoint.refresh.ms = 3600000
	sasl.oauthbearer.jwks.endpoint.retry.backoff.max.ms = 10000
	sasl.oauthbearer.jwks.endpoint.retry.backoff.ms = 100
	sasl.oauthbearer.jwks.endpoint.url = null
	sasl.oauthbearer.scope.claim.name = scope
	sasl.oauthbearer.sub.claim.name = sub
	sasl.oauthbearer.token.endpoint.url = null
	security.protocol = PLAINTEXT
	security.providers = null
	send.buffer.bytes = 131072
	session.timeout.ms = 45000
	socket.connection.setup.timeout.max.ms = 30000
	socket.connection.setup.timeout.ms = 10000
	ssl.cipher.suites = null
	ssl.enabled.protocols = [TLSv1.2, TLSv1.3]
	ssl.endpoint.identification.algorithm = https
	ssl.engine.factory.class = null
	ssl.key.password = null
	ssl.keymanager.algorithm = SunX509
	ssl.keystore.certificate.chain = null
	ssl.keystore.key = null
	ssl.keystore.location = null
	ssl.keystore.password = null
	ssl.keystore.type = JKS
	ssl.protocol = TLSv1.3
	ssl.provider = null
	ssl.secure.random.implementation = null
	ssl.trustmanager.algorithm = PKIX
	ssl.truststore.certificates = null
	ssl.truststore.location = null
	ssl.truststore.password = null
	ssl.truststore.type = JKS
	value.deserializer = class io.apicurio.registry.serde.avro.AvroKafkaDeserializer

2025-08-07 12:24:57,910 INFO  [org.apa.kaf.com.tel.int.KafkaMetricsCollector] (main) initializing Kafka metrics collector
2025-08-07 12:24:57,959 INFO  [org.apa.kaf.cli.con.ConsumerConfig] (main) These configurations '[apicurio.registry.url, apicurio.registry.use-id]' were supplied but are not used yet.
2025-08-07 12:24:57,960 INFO  [org.apa.kaf.com.uti.AppInfoParser] (main) Kafka version: 3.9.1
2025-08-07 12:24:57,960 INFO  [org.apa.kaf.com.uti.AppInfoParser] (main) Kafka commitId: f745dfdcee2b9851
2025-08-07 12:24:57,961 INFO  [org.apa.kaf.com.uti.AppInfoParser] (main) Kafka startTimeMs: 1754569497959
2025-08-07 12:24:57,964 INFO  [org.apa.kaf.cli.con.int.ClassicKafkaConsumer] (Thread-603) [Consumer clientId=consumer-Consumer-topic-ad2e6c94_9d5b_4b49_b0e7_60ab199a3ada-1, groupId=Consumer-topic-ad2e6c94_9d5b_4b49_b0e7_60ab199a3ada] Subscribed to topic(s): topic-ad2e6c94_9d5b_4b49_b0e7_60ab199a3ada
2025-08-07 12:24:57,982 INFO  [org.apa.kaf.cli.Metadata] (Thread-603) [Consumer clientId=consumer-Consumer-topic-ad2e6c94_9d5b_4b49_b0e7_60ab199a3ada-1, groupId=Consumer-topic-ad2e6c94_9d5b_4b49_b0e7_60ab199a3ada] Cluster ID: w_73WABzQ2iBfYWfnNB4Cg
2025-08-07 12:24:58,127 INFO  [org.apa.kaf.cli.con.int.ConsumerCoordinator] (Thread-603) [Consumer clientId=consumer-Consumer-topic-ad2e6c94_9d5b_4b49_b0e7_60ab199a3ada-1, groupId=Consumer-topic-ad2e6c94_9d5b_4b49_b0e7_60ab199a3ada] Discovered group coordinator localhost:32769 (id: 2147483647 rack: null)
2025-08-07 12:24:58,143 INFO  [org.apa.kaf.cli.con.int.ConsumerCoordinator] (Thread-603) [Consumer clientId=consumer-Consumer-topic-ad2e6c94_9d5b_4b49_b0e7_60ab199a3ada-1, groupId=Consumer-topic-ad2e6c94_9d5b_4b49_b0e7_60ab199a3ada] (Re-)joining group
2025-08-07 12:24:58,169 INFO  [org.apa.kaf.cli.con.int.ConsumerCoordinator] (Thread-603) [Consumer clientId=consumer-Consumer-topic-ad2e6c94_9d5b_4b49_b0e7_60ab199a3ada-1, groupId=Consumer-topic-ad2e6c94_9d5b_4b49_b0e7_60ab199a3ada] Group coordinator localhost:32769 (id: 2147483647 rack: null) is unavailable or invalid due to cause: error response NOT_COORDINATOR. isDisconnected: false. Rediscovery will be attempted.
2025-08-07 12:24:58,169 INFO  [org.apa.kaf.cli.con.int.ConsumerCoordinator] (Thread-603) [Consumer clientId=consumer-Consumer-topic-ad2e6c94_9d5b_4b49_b0e7_60ab199a3ada-1, groupId=Consumer-topic-ad2e6c94_9d5b_4b49_b0e7_60ab199a3ada] Requesting disconnect from last known coordinator localhost:32769 (id: 2147483647 rack: null)
2025-08-07 12:24:58,169 INFO  [org.apa.kaf.cli.con.int.ConsumerCoordinator] (Thread-603) [Consumer clientId=consumer-Consumer-topic-ad2e6c94_9d5b_4b49_b0e7_60ab199a3ada-1, groupId=Consumer-topic-ad2e6c94_9d5b_4b49_b0e7_60ab199a3ada] JoinGroup failed: This is not the correct coordinator. Marking coordinator unknown. Sent generation was Generation{generationId=-1, memberId='', protocol='null'}
2025-08-07 12:24:58,172 INFO  [org.apa.kaf.cli.NetworkClient] (Thread-603) [Consumer clientId=consumer-Consumer-topic-ad2e6c94_9d5b_4b49_b0e7_60ab199a3ada-1, groupId=Consumer-topic-ad2e6c94_9d5b_4b49_b0e7_60ab199a3ada] Client requested disconnect from node 2147483647
2025-08-07 12:24:58,178 INFO  [org.apa.kaf.cli.con.int.ConsumerCoordinator] (Thread-603) [Consumer clientId=consumer-Consumer-topic-ad2e6c94_9d5b_4b49_b0e7_60ab199a3ada-1, groupId=Consumer-topic-ad2e6c94_9d5b_4b49_b0e7_60ab199a3ada] Discovered group coordinator localhost:32769 (id: 2147483647 rack: null)
2025-08-07 12:24:58,182 INFO  [org.apa.kaf.cli.con.int.ConsumerCoordinator] (Thread-603) [Consumer clientId=consumer-Consumer-topic-ad2e6c94_9d5b_4b49_b0e7_60ab199a3ada-1, groupId=Consumer-topic-ad2e6c94_9d5b_4b49_b0e7_60ab199a3ada] Group coordinator localhost:32769 (id: 2147483647 rack: null) is unavailable or invalid due to cause: coordinator unavailable. isDisconnected: false. Rediscovery will be attempted.
2025-08-07 12:24:58,182 INFO  [org.apa.kaf.cli.con.int.ConsumerCoordinator] (Thread-603) [Consumer clientId=consumer-Consumer-topic-ad2e6c94_9d5b_4b49_b0e7_60ab199a3ada-1, groupId=Consumer-topic-ad2e6c94_9d5b_4b49_b0e7_60ab199a3ada] Requesting disconnect from last known coordinator localhost:32769 (id: 2147483647 rack: null)
2025-08-07 12:24:58,279 INFO  [org.apa.kaf.cli.con.int.ConsumerCoordinator] (Thread-603) [Consumer clientId=consumer-Consumer-topic-ad2e6c94_9d5b_4b49_b0e7_60ab199a3ada-1, groupId=Consumer-topic-ad2e6c94_9d5b_4b49_b0e7_60ab199a3ada] Discovered group coordinator localhost:32769 (id: 2147483647 rack: null)
2025-08-07 12:24:58,281 INFO  [org.apa.kaf.cli.con.int.ConsumerCoordinator] (Thread-603) [Consumer clientId=consumer-Consumer-topic-ad2e6c94_9d5b_4b49_b0e7_60ab199a3ada-1, groupId=Consumer-topic-ad2e6c94_9d5b_4b49_b0e7_60ab199a3ada] Request joining group due to: rebalance failed due to 'This is not the correct coordinator.' (NotCoordinatorException)
2025-08-07 12:24:58,282 INFO  [org.apa.kaf.cli.con.int.ConsumerCoordinator] (Thread-603) [Consumer clientId=consumer-Consumer-topic-ad2e6c94_9d5b_4b49_b0e7_60ab199a3ada-1, groupId=Consumer-topic-ad2e6c94_9d5b_4b49_b0e7_60ab199a3ada] (Re-)joining group
2025-08-07 12:24:58,287 INFO  [org.apa.kaf.cli.con.int.ConsumerCoordinator] (Thread-603) [Consumer clientId=consumer-Consumer-topic-ad2e6c94_9d5b_4b49_b0e7_60ab199a3ada-1, groupId=Consumer-topic-ad2e6c94_9d5b_4b49_b0e7_60ab199a3ada] Group coordinator localhost:32769 (id: 2147483647 rack: null) is unavailable or invalid due to cause: error response NOT_COORDINATOR. isDisconnected: false. Rediscovery will be attempted.
2025-08-07 12:24:58,291 INFO  [org.apa.kaf.cli.con.int.ConsumerCoordinator] (Thread-603) [Consumer clientId=consumer-Consumer-topic-ad2e6c94_9d5b_4b49_b0e7_60ab199a3ada-1, groupId=Consumer-topic-ad2e6c94_9d5b_4b49_b0e7_60ab199a3ada] Requesting disconnect from last known coordinator localhost:32769 (id: 2147483647 rack: null)
2025-08-07 12:24:58,291 INFO  [org.apa.kaf.cli.con.int.ConsumerCoordinator] (Thread-603) [Consumer clientId=consumer-Consumer-topic-ad2e6c94_9d5b_4b49_b0e7_60ab199a3ada-1, groupId=Consumer-topic-ad2e6c94_9d5b_4b49_b0e7_60ab199a3ada] JoinGroup failed: This is not the correct coordinator. Marking coordinator unknown. Sent generation was Generation{generationId=-1, memberId='', protocol='null'}
2025-08-07 12:24:58,292 INFO  [org.apa.kaf.cli.NetworkClient] (Thread-603) [Consumer clientId=consumer-Consumer-topic-ad2e6c94_9d5b_4b49_b0e7_60ab199a3ada-1, groupId=Consumer-topic-ad2e6c94_9d5b_4b49_b0e7_60ab199a3ada] Client requested disconnect from node 2147483647
2025-08-07 12:24:58,298 INFO  [org.apa.kaf.cli.con.int.ConsumerCoordinator] (Thread-603) [Consumer clientId=consumer-Consumer-topic-ad2e6c94_9d5b_4b49_b0e7_60ab199a3ada-1, groupId=Consumer-topic-ad2e6c94_9d5b_4b49_b0e7_60ab199a3ada] Discovered group coordinator localhost:32769 (id: 2147483647 rack: null)
2025-08-07 12:24:58,298 INFO  [org.apa.kaf.cli.con.int.ConsumerCoordinator] (Thread-603) [Consumer clientId=consumer-Consumer-topic-ad2e6c94_9d5b_4b49_b0e7_60ab199a3ada-1, groupId=Consumer-topic-ad2e6c94_9d5b_4b49_b0e7_60ab199a3ada] Group coordinator localhost:32769 (id: 2147483647 rack: null) is unavailable or invalid due to cause: coordinator unavailable. isDisconnected: false. Rediscovery will be attempted.
2025-08-07 12:24:58,298 INFO  [org.apa.kaf.cli.con.int.ConsumerCoordinator] (Thread-603) [Consumer clientId=consumer-Consumer-topic-ad2e6c94_9d5b_4b49_b0e7_60ab199a3ada-1, groupId=Consumer-topic-ad2e6c94_9d5b_4b49_b0e7_60ab199a3ada] Requesting disconnect from last known coordinator localhost:32769 (id: 2147483647 rack: null)
2025-08-07 12:24:58,414 INFO  [org.apa.kaf.cli.con.int.ConsumerCoordinator] (Thread-603) [Consumer clientId=consumer-Consumer-topic-ad2e6c94_9d5b_4b49_b0e7_60ab199a3ada-1, groupId=Consumer-topic-ad2e6c94_9d5b_4b49_b0e7_60ab199a3ada] Discovered group coordinator localhost:32769 (id: 2147483647 rack: null)
2025-08-07 12:24:58,417 INFO  [org.apa.kaf.cli.con.int.ConsumerCoordinator] (Thread-603) [Consumer clientId=consumer-Consumer-topic-ad2e6c94_9d5b_4b49_b0e7_60ab199a3ada-1, groupId=Consumer-topic-ad2e6c94_9d5b_4b49_b0e7_60ab199a3ada] Request joining group due to: rebalance failed due to 'This is not the correct coordinator.' (NotCoordinatorException)
2025-08-07 12:24:58,420 INFO  [org.apa.kaf.cli.con.int.ConsumerCoordinator] (Thread-603) [Consumer clientId=consumer-Consumer-topic-ad2e6c94_9d5b_4b49_b0e7_60ab199a3ada-1, groupId=Consumer-topic-ad2e6c94_9d5b_4b49_b0e7_60ab199a3ada] (Re-)joining group
2025-08-07 12:24:58,435 INFO  [org.apa.kaf.cli.con.int.ConsumerCoordinator] (Thread-603) [Consumer clientId=consumer-Consumer-topic-ad2e6c94_9d5b_4b49_b0e7_60ab199a3ada-1, groupId=Consumer-topic-ad2e6c94_9d5b_4b49_b0e7_60ab199a3ada] Group coordinator localhost:32769 (id: 2147483647 rack: null) is unavailable or invalid due to cause: error response NOT_COORDINATOR. isDisconnected: false. Rediscovery will be attempted.
2025-08-07 12:24:58,436 INFO  [org.apa.kaf.cli.con.int.ConsumerCoordinator] (Thread-603) [Consumer clientId=consumer-Consumer-topic-ad2e6c94_9d5b_4b49_b0e7_60ab199a3ada-1, groupId=Consumer-topic-ad2e6c94_9d5b_4b49_b0e7_60ab199a3ada] Requesting disconnect from last known coordinator localhost:32769 (id: 2147483647 rack: null)
2025-08-07 12:24:58,436 INFO  [org.apa.kaf.cli.con.int.ConsumerCoordinator] (Thread-603) [Consumer clientId=consumer-Consumer-topic-ad2e6c94_9d5b_4b49_b0e7_60ab199a3ada-1, groupId=Consumer-topic-ad2e6c94_9d5b_4b49_b0e7_60ab199a3ada] JoinGroup failed: This is not the correct coordinator. Marking coordinator unknown. Sent generation was Generation{generationId=-1, memberId='', protocol='null'}
2025-08-07 12:24:58,436 INFO  [org.apa.kaf.cli.NetworkClient] (Thread-603) [Consumer clientId=consumer-Consumer-topic-ad2e6c94_9d5b_4b49_b0e7_60ab199a3ada-1, groupId=Consumer-topic-ad2e6c94_9d5b_4b49_b0e7_60ab199a3ada] Client requested disconnect from node 2147483647
2025-08-07 12:24:58,445 INFO  [org.apa.kaf.cli.con.int.ConsumerCoordinator] (Thread-603) [Consumer clientId=consumer-Consumer-topic-ad2e6c94_9d5b_4b49_b0e7_60ab199a3ada-1, groupId=Consumer-topic-ad2e6c94_9d5b_4b49_b0e7_60ab199a3ada] Discovered group coordinator localhost:32769 (id: 2147483647 rack: null)
2025-08-07 12:24:58,445 INFO  [org.apa.kaf.cli.con.int.ConsumerCoordinator] (Thread-603) [Consumer clientId=consumer-Consumer-topic-ad2e6c94_9d5b_4b49_b0e7_60ab199a3ada-1, groupId=Consumer-topic-ad2e6c94_9d5b_4b49_b0e7_60ab199a3ada] Group coordinator localhost:32769 (id: 2147483647 rack: null) is unavailable or invalid due to cause: coordinator unavailable. isDisconnected: false. Rediscovery will be attempted.
2025-08-07 12:24:58,445 INFO  [org.apa.kaf.cli.con.int.ConsumerCoordinator] (Thread-603) [Consumer clientId=consumer-Consumer-topic-ad2e6c94_9d5b_4b49_b0e7_60ab199a3ada-1, groupId=Consumer-topic-ad2e6c94_9d5b_4b49_b0e7_60ab199a3ada] Requesting disconnect from last known coordinator localhost:32769 (id: 2147483647 rack: null)
2025-08-07 12:24:58,561 INFO  [org.apa.kaf.cli.con.int.ConsumerCoordinator] (Thread-603) [Consumer clientId=consumer-Consumer-topic-ad2e6c94_9d5b_4b49_b0e7_60ab199a3ada-1, groupId=Consumer-topic-ad2e6c94_9d5b_4b49_b0e7_60ab199a3ada] Discovered group coordinator localhost:32769 (id: 2147483647 rack: null)
2025-08-07 12:24:58,564 INFO  [org.apa.kaf.cli.con.int.ConsumerCoordinator] (Thread-603) [Consumer clientId=consumer-Consumer-topic-ad2e6c94_9d5b_4b49_b0e7_60ab199a3ada-1, groupId=Consumer-topic-ad2e6c94_9d5b_4b49_b0e7_60ab199a3ada] Request joining group due to: rebalance failed due to 'This is not the correct coordinator.' (NotCoordinatorException)
2025-08-07 12:24:58,567 INFO  [org.apa.kaf.cli.con.int.ConsumerCoordinator] (Thread-603) [Consumer clientId=consumer-Consumer-topic-ad2e6c94_9d5b_4b49_b0e7_60ab199a3ada-1, groupId=Consumer-topic-ad2e6c94_9d5b_4b49_b0e7_60ab199a3ada] (Re-)joining group
2025-08-07 12:24:58,574 INFO  [org.apa.kaf.cli.con.int.ConsumerCoordinator] (Thread-603) [Consumer clientId=consumer-Consumer-topic-ad2e6c94_9d5b_4b49_b0e7_60ab199a3ada-1, groupId=Consumer-topic-ad2e6c94_9d5b_4b49_b0e7_60ab199a3ada] Group coordinator localhost:32769 (id: 2147483647 rack: null) is unavailable or invalid due to cause: error response NOT_COORDINATOR. isDisconnected: false. Rediscovery will be attempted.
2025-08-07 12:24:58,575 INFO  [org.apa.kaf.cli.con.int.ConsumerCoordinator] (Thread-603) [Consumer clientId=consumer-Consumer-topic-ad2e6c94_9d5b_4b49_b0e7_60ab199a3ada-1, groupId=Consumer-topic-ad2e6c94_9d5b_4b49_b0e7_60ab199a3ada] Requesting disconnect from last known coordinator localhost:32769 (id: 2147483647 rack: null)
2025-08-07 12:24:58,575 INFO  [org.apa.kaf.cli.con.int.ConsumerCoordinator] (Thread-603) [Consumer clientId=consumer-Consumer-topic-ad2e6c94_9d5b_4b49_b0e7_60ab199a3ada-1, groupId=Consumer-topic-ad2e6c94_9d5b_4b49_b0e7_60ab199a3ada] JoinGroup failed: This is not the correct coordinator. Marking coordinator unknown. Sent generation was Generation{generationId=-1, memberId='', protocol='null'}
2025-08-07 12:24:58,575 INFO  [org.apa.kaf.cli.NetworkClient] (Thread-603) [Consumer clientId=consumer-Consumer-topic-ad2e6c94_9d5b_4b49_b0e7_60ab199a3ada-1, groupId=Consumer-topic-ad2e6c94_9d5b_4b49_b0e7_60ab199a3ada] Client requested disconnect from node 2147483647
2025-08-07 12:24:58,588 INFO  [org.apa.kaf.cli.con.int.ConsumerCoordinator] (Thread-603) [Consumer clientId=consumer-Consumer-topic-ad2e6c94_9d5b_4b49_b0e7_60ab199a3ada-1, groupId=Consumer-topic-ad2e6c94_9d5b_4b49_b0e7_60ab199a3ada] Discovered group coordinator localhost:32769 (id: 2147483647 rack: null)
2025-08-07 12:24:58,589 INFO  [org.apa.kaf.cli.con.int.ConsumerCoordinator] (Thread-603) [Consumer clientId=consumer-Consumer-topic-ad2e6c94_9d5b_4b49_b0e7_60ab199a3ada-1, groupId=Consumer-topic-ad2e6c94_9d5b_4b49_b0e7_60ab199a3ada] Group coordinator localhost:32769 (id: 2147483647 rack: null) is unavailable or invalid due to cause: coordinator unavailable. isDisconnected: false. Rediscovery will be attempted.
2025-08-07 12:24:58,589 INFO  [org.apa.kaf.cli.con.int.ConsumerCoordinator] (Thread-603) [Consumer clientId=consumer-Consumer-topic-ad2e6c94_9d5b_4b49_b0e7_60ab199a3ada-1, groupId=Consumer-topic-ad2e6c94_9d5b_4b49_b0e7_60ab199a3ada] Requesting disconnect from last known coordinator localhost:32769 (id: 2147483647 rack: null)
2025-08-07 12:24:58,705 INFO  [org.apa.kaf.cli.con.int.ConsumerCoordinator] (Thread-603) [Consumer clientId=consumer-Consumer-topic-ad2e6c94_9d5b_4b49_b0e7_60ab199a3ada-1, groupId=Consumer-topic-ad2e6c94_9d5b_4b49_b0e7_60ab199a3ada] Discovered group coordinator localhost:32769 (id: 2147483647 rack: null)
2025-08-07 12:24:58,707 INFO  [org.apa.kaf.cli.con.int.ConsumerCoordinator] (Thread-603) [Consumer clientId=consumer-Consumer-topic-ad2e6c94_9d5b_4b49_b0e7_60ab199a3ada-1, groupId=Consumer-topic-ad2e6c94_9d5b_4b49_b0e7_60ab199a3ada] Request joining group due to: rebalance failed due to 'This is not the correct coordinator.' (NotCoordinatorException)
2025-08-07 12:24:58,710 INFO  [org.apa.kaf.cli.con.int.ConsumerCoordinator] (Thread-603) [Consumer clientId=consumer-Consumer-topic-ad2e6c94_9d5b_4b49_b0e7_60ab199a3ada-1, groupId=Consumer-topic-ad2e6c94_9d5b_4b49_b0e7_60ab199a3ada] (Re-)joining group
2025-08-07 12:24:58,724 INFO  [org.apa.kaf.cli.con.int.ConsumerCoordinator] (Thread-603) [Consumer clientId=consumer-Consumer-topic-ad2e6c94_9d5b_4b49_b0e7_60ab199a3ada-1, groupId=Consumer-topic-ad2e6c94_9d5b_4b49_b0e7_60ab199a3ada] Request joining group due to: need to re-join with the given member-id: consumer-Consumer-topic-ad2e6c94_9d5b_4b49_b0e7_60ab199a3ada-1-bd0ac327-514a-4982-af7a-56ef7487ff53
2025-08-07 12:24:58,725 INFO  [org.apa.kaf.cli.con.int.ConsumerCoordinator] (Thread-603) [Consumer clientId=consumer-Consumer-topic-ad2e6c94_9d5b_4b49_b0e7_60ab199a3ada-1, groupId=Consumer-topic-ad2e6c94_9d5b_4b49_b0e7_60ab199a3ada] (Re-)joining group
2025-08-07 12:24:58,965 INFO  [io.api.tes.ser.api.KafkaSerdesTester] (Thread-603) None found
2025-08-07 12:24:59,966 INFO  [io.api.tes.ser.api.KafkaSerdesTester] (Thread-603) None found
2025-08-07 12:25:00,967 INFO  [io.api.tes.ser.api.KafkaSerdesTester] (Thread-603) None found
2025-08-07 12:25:01,749 INFO  [org.apa.kaf.cli.con.int.ConsumerCoordinator] (Thread-603) [Consumer clientId=consumer-Consumer-topic-ad2e6c94_9d5b_4b49_b0e7_60ab199a3ada-1, groupId=Consumer-topic-ad2e6c94_9d5b_4b49_b0e7_60ab199a3ada] Successfully joined group with generation Generation{generationId=1, memberId='consumer-Consumer-topic-ad2e6c94_9d5b_4b49_b0e7_60ab199a3ada-1-bd0ac327-514a-4982-af7a-56ef7487ff53', protocol='range'}
2025-08-07 12:25:01,765 INFO  [org.apa.kaf.cli.con.int.ConsumerCoordinator] (Thread-603) [Consumer clientId=consumer-Consumer-topic-ad2e6c94_9d5b_4b49_b0e7_60ab199a3ada-1, groupId=Consumer-topic-ad2e6c94_9d5b_4b49_b0e7_60ab199a3ada] Finished assignment for group at generation 1: {consumer-Consumer-topic-ad2e6c94_9d5b_4b49_b0e7_60ab199a3ada-1-bd0ac327-514a-4982-af7a-56ef7487ff53=Assignment(partitions=[topic-ad2e6c94_9d5b_4b49_b0e7_60ab199a3ada-0])}
2025-08-07 12:25:01,787 INFO  [org.apa.kaf.cli.con.int.ConsumerCoordinator] (Thread-603) [Consumer clientId=consumer-Consumer-topic-ad2e6c94_9d5b_4b49_b0e7_60ab199a3ada-1, groupId=Consumer-topic-ad2e6c94_9d5b_4b49_b0e7_60ab199a3ada] Successfully synced group in generation Generation{generationId=1, memberId='consumer-Consumer-topic-ad2e6c94_9d5b_4b49_b0e7_60ab199a3ada-1-bd0ac327-514a-4982-af7a-56ef7487ff53', protocol='range'}
2025-08-07 12:25:01,788 INFO  [org.apa.kaf.cli.con.int.ConsumerCoordinator] (Thread-603) [Consumer clientId=consumer-Consumer-topic-ad2e6c94_9d5b_4b49_b0e7_60ab199a3ada-1, groupId=Consumer-topic-ad2e6c94_9d5b_4b49_b0e7_60ab199a3ada] Notifying assignor about the new Assignment(partitions=[topic-ad2e6c94_9d5b_4b49_b0e7_60ab199a3ada-0])
2025-08-07 12:25:01,792 INFO  [org.apa.kaf.cli.con.int.ConsumerRebalanceListenerInvoker] (Thread-603) [Consumer clientId=consumer-Consumer-topic-ad2e6c94_9d5b_4b49_b0e7_60ab199a3ada-1, groupId=Consumer-topic-ad2e6c94_9d5b_4b49_b0e7_60ab199a3ada] Adding newly assigned partitions: topic-ad2e6c94_9d5b_4b49_b0e7_60ab199a3ada-0
2025-08-07 12:25:01,822 INFO  [org.apa.kaf.cli.con.int.ConsumerCoordinator] (Thread-603) [Consumer clientId=consumer-Consumer-topic-ad2e6c94_9d5b_4b49_b0e7_60ab199a3ada-1, groupId=Consumer-topic-ad2e6c94_9d5b_4b49_b0e7_60ab199a3ada] Found no committed offset for partition topic-ad2e6c94_9d5b_4b49_b0e7_60ab199a3ada-0
2025-08-07 12:25:01,852 INFO  [org.apa.kaf.cli.con.int.SubscriptionState] (Thread-603) [Consumer clientId=consumer-Consumer-topic-ad2e6c94_9d5b_4b49_b0e7_60ab199a3ada-1, groupId=Consumer-topic-ad2e6c94_9d5b_4b49_b0e7_60ab199a3ada] Resetting offset for partition topic-ad2e6c94_9d5b_4b49_b0e7_60ab199a3ada-0 to position FetchPosition{offset=0, offsetEpoch=Optional.empty, currentLeader=LeaderAndEpoch{leader=Optional[localhost:32769 (id: 0 rack: null)], epoch=0}}.
2025-08-07 12:25:02,190 INFO  [io.api.tes.ser.api.KafkaSerdesTester] (Thread-603) topic-ad2e6c94_9d5b_4b49_b0e7_60ab199a3ada 0 0 {"key11754569496562": "value-0"}
2025-08-07 12:25:02,192 INFO  [io.api.tes.ser.api.KafkaSerdesTester] (Thread-603) topic-ad2e6c94_9d5b_4b49_b0e7_60ab199a3ada 0 1 {"key11754569496562": "value-1"}
2025-08-07 12:25:02,192 INFO  [io.api.tes.ser.api.KafkaSerdesTester] (Thread-603) topic-ad2e6c94_9d5b_4b49_b0e7_60ab199a3ada 0 2 {"key11754569496562": "value-2"}
2025-08-07 12:25:02,192 INFO  [io.api.tes.ser.api.KafkaSerdesTester] (Thread-603) topic-ad2e6c94_9d5b_4b49_b0e7_60ab199a3ada 0 3 {"key11754569496562": "value-3"}
2025-08-07 12:25:02,193 INFO  [io.api.tes.ser.api.KafkaSerdesTester] (Thread-603) topic-ad2e6c94_9d5b_4b49_b0e7_60ab199a3ada 0 4 {"key11754569496562": "value-4"}
2025-08-07 12:25:02,193 INFO  [io.api.tes.ser.api.KafkaSerdesTester] (Thread-603) topic-ad2e6c94_9d5b_4b49_b0e7_60ab199a3ada 0 5 {"key11754569496562": "value-5"}
2025-08-07 12:25:02,193 INFO  [io.api.tes.ser.api.KafkaSerdesTester] (Thread-603) topic-ad2e6c94_9d5b_4b49_b0e7_60ab199a3ada 0 6 {"key11754569496562": "value-6"}
2025-08-07 12:25:02,193 INFO  [io.api.tes.ser.api.KafkaSerdesTester] (Thread-603) topic-ad2e6c94_9d5b_4b49_b0e7_60ab199a3ada 0 7 {"key11754569496562": "value-7"}
2025-08-07 12:25:02,194 INFO  [io.api.tes.ser.api.KafkaSerdesTester] (Thread-603) topic-ad2e6c94_9d5b_4b49_b0e7_60ab199a3ada 0 8 {"key11754569496562": "value-8"}
2025-08-07 12:25:02,194 INFO  [io.api.tes.ser.api.KafkaSerdesTester] (Thread-603) topic-ad2e6c94_9d5b_4b49_b0e7_60ab199a3ada 0 9 {"key11754569496562": "value-9"}
2025-08-07 12:25:02,194 INFO  [io.api.tes.ser.api.KafkaSerdesTester] (Thread-603) Consumed 10 messages
2025-08-07 12:25:02,218 INFO  [org.apa.kaf.cli.con.int.ConsumerRebalanceListenerInvoker] (Thread-603) [Consumer clientId=consumer-Consumer-topic-ad2e6c94_9d5b_4b49_b0e7_60ab199a3ada-1, groupId=Consumer-topic-ad2e6c94_9d5b_4b49_b0e7_60ab199a3ada] Revoke previously assigned partitions topic-ad2e6c94_9d5b_4b49_b0e7_60ab199a3ada-0
2025-08-07 12:25:02,219 INFO  [org.apa.kaf.cli.con.int.ConsumerCoordinator] (Thread-603) [Consumer clientId=consumer-Consumer-topic-ad2e6c94_9d5b_4b49_b0e7_60ab199a3ada-1, groupId=Consumer-topic-ad2e6c94_9d5b_4b49_b0e7_60ab199a3ada] Member consumer-Consumer-topic-ad2e6c94_9d5b_4b49_b0e7_60ab199a3ada-1-bd0ac327-514a-4982-af7a-56ef7487ff53 sending LeaveGroup request to coordinator localhost:32769 (id: 2147483647 rack: null) due to the consumer is being closed
2025-08-07 12:25:02,221 INFO  [org.apa.kaf.cli.con.int.ConsumerCoordinator] (Thread-603) [Consumer clientId=consumer-Consumer-topic-ad2e6c94_9d5b_4b49_b0e7_60ab199a3ada-1, groupId=Consumer-topic-ad2e6c94_9d5b_4b49_b0e7_60ab199a3ada] Resetting generation and member id due to: consumer pro-actively leaving the group
2025-08-07 12:25:02,221 INFO  [org.apa.kaf.cli.con.int.ConsumerCoordinator] (Thread-603) [Consumer clientId=consumer-Consumer-topic-ad2e6c94_9d5b_4b49_b0e7_60ab199a3ada-1, groupId=Consumer-topic-ad2e6c94_9d5b_4b49_b0e7_60ab199a3ada] Request joining group due to: consumer pro-actively leaving the group
2025-08-07 12:25:02,706 INFO  [org.apa.kaf.com.met.Metrics] (Thread-603) Metrics scheduler closed
2025-08-07 12:25:02,707 INFO  [org.apa.kaf.com.met.Metrics] (Thread-603) Closing reporter org.apache.kafka.common.metrics.JmxReporter
2025-08-07 12:25:02,707 INFO  [org.apa.kaf.com.met.Metrics] (Thread-603) Closing reporter org.apache.kafka.common.telemetry.internals.ClientTelemetryReporter
2025-08-07 12:25:02,707 INFO  [org.apa.kaf.com.met.Metrics] (Thread-603) Metrics reporters closed
2025-08-07 12:25:02,719 INFO  [org.apa.kaf.com.uti.AppInfoParser] (Thread-603) App info kafka.consumer for consumer-Consumer-topic-ad2e6c94_9d5b_4b49_b0e7_60ab199a3ada-1 unregistered
2025-08-07 12:25:02,722 INFO  [io.api.tes.uti.TestSeparator] (main) io.apicurio.tests.serdes.apicurio.AvroSerdeIT.testGlobalIdInHeaders-FINISHED
2025-08-07 12:25:02,722 INFO  [io.api.tes.uti.TestSeparator] (main) ############################################################################
Test passed: testGlobalIdInHeaders
]]></system-out>
  </testcase>
  <testcase name="testSimpleTopicIdStrategyFindLatest" classname="io.apicurio.tests.serdes.apicurio.AvroSerdeIT" time="5.514">
    <system-out><![CDATA[2025-08-07 12:25:02,727 INFO  [io.api.tes.uti.TestSeparator] (main) ############################################################################
2025-08-07 12:25:02,727 INFO  [io.api.tes.uti.TestSeparator] (main) io.apicurio.tests.serdes.apicurio.AvroSerdeIT.testSimpleTopicIdStrategyFindLatest-STARTED
2025-08-07 12:25:02,733 INFO  [io.api.tes.ser.api.AvroSerdeIT] (main) Registering Avro Schema: {"type":"record","name":"myrecordapicurio1","fields":[{"name":"key11754569502727","type":"string"}]}
**** Registry Base URL: http://registry-app-mysql.apps.ci419.apicurio-testing.org:80
2025-08-07 12:25:03,944 INFO  [org.apa.kaf.cli.pro.ProducerConfig] (main) ProducerConfig values: 
	acks = -1
	auto.include.jmx.reporter = true
	batch.size = 16384
	bootstrap.servers = [PLAINTEXT://localhost:32769]
	buffer.memory = 33554432
	client.dns.lookup = use_all_dns_ips
	client.id = Producer-topic-66e38851_001e_4de2_893d_293e59f67b31
	compression.gzip.level = -1
	compression.lz4.level = 9
	compression.type = none
	compression.zstd.level = 3
	connections.max.idle.ms = 10000
	delivery.timeout.ms = 120000
	enable.idempotence = true
	enable.metrics.push = true
	interceptor.classes = []
	key.serializer = class org.apache.kafka.common.serialization.StringSerializer
	linger.ms = 0
	max.block.ms = 60000
	max.in.flight.requests.per.connection = 5
	max.request.size = 1048576
	metadata.max.age.ms = 300000
	metadata.max.idle.ms = 300000
	metadata.recovery.strategy = none
	metric.reporters = []
	metrics.num.samples = 2
	metrics.recording.level = INFO
	metrics.sample.window.ms = 30000
	partitioner.adaptive.partitioning.enable = true
	partitioner.availability.timeout.ms = 0
	partitioner.class = null
	partitioner.ignore.keys = false
	receive.buffer.bytes = 32768
	reconnect.backoff.max.ms = 1000
	reconnect.backoff.ms = 50
	request.timeout.ms = 5000
	retries = 2147483647
	retry.backoff.max.ms = 1000
	retry.backoff.ms = 100
	sasl.client.callback.handler.class = null
	sasl.jaas.config = null
	sasl.kerberos.kinit.cmd = /usr/bin/kinit
	sasl.kerberos.min.time.before.relogin = 60000
	sasl.kerberos.service.name = null
	sasl.kerberos.ticket.renew.jitter = 0.05
	sasl.kerberos.ticket.renew.window.factor = 0.8
	sasl.login.callback.handler.class = null
	sasl.login.class = null
	sasl.login.connect.timeout.ms = null
	sasl.login.read.timeout.ms = null
	sasl.login.refresh.buffer.seconds = 300
	sasl.login.refresh.min.period.seconds = 60
	sasl.login.refresh.window.factor = 0.8
	sasl.login.refresh.window.jitter = 0.05
	sasl.login.retry.backoff.max.ms = 10000
	sasl.login.retry.backoff.ms = 100
	sasl.mechanism = GSSAPI
	sasl.oauthbearer.clock.skew.seconds = 30
	sasl.oauthbearer.expected.audience = null
	sasl.oauthbearer.expected.issuer = null
	sasl.oauthbearer.header.urlencode = false
	sasl.oauthbearer.jwks.endpoint.refresh.ms = 3600000
	sasl.oauthbearer.jwks.endpoint.retry.backoff.max.ms = 10000
	sasl.oauthbearer.jwks.endpoint.retry.backoff.ms = 100
	sasl.oauthbearer.jwks.endpoint.url = null
	sasl.oauthbearer.scope.claim.name = scope
	sasl.oauthbearer.sub.claim.name = sub
	sasl.oauthbearer.token.endpoint.url = null
	security.protocol = PLAINTEXT
	security.providers = null
	send.buffer.bytes = 131072
	socket.connection.setup.timeout.max.ms = 30000
	socket.connection.setup.timeout.ms = 10000
	ssl.cipher.suites = null
	ssl.enabled.protocols = [TLSv1.2, TLSv1.3]
	ssl.endpoint.identification.algorithm = https
	ssl.engine.factory.class = null
	ssl.key.password = null
	ssl.keymanager.algorithm = SunX509
	ssl.keystore.certificate.chain = null
	ssl.keystore.key = null
	ssl.keystore.location = null
	ssl.keystore.password = null
	ssl.keystore.type = JKS
	ssl.protocol = TLSv1.3
	ssl.provider = null
	ssl.secure.random.implementation = null
	ssl.trustmanager.algorithm = PKIX
	ssl.truststore.certificates = null
	ssl.truststore.location = null
	ssl.truststore.password = null
	ssl.truststore.type = JKS
	transaction.timeout.ms = 60000
	transactional.id = null
	value.serializer = class io.apicurio.registry.serde.avro.AvroKafkaSerializer

2025-08-07 12:25:03,945 INFO  [org.apa.kaf.com.tel.int.KafkaMetricsCollector] (main) initializing Kafka metrics collector
2025-08-07 12:25:03,949 INFO  [org.apa.kaf.cli.pro.KafkaProducer] (main) [Producer clientId=Producer-topic-66e38851_001e_4de2_893d_293e59f67b31] Instantiated an idempotent producer.
2025-08-07 12:25:03,953 INFO  [org.apa.kaf.cli.pro.ProducerConfig] (main) These configurations '[apicurio.registry.find-latest, apicurio.registry.artifact.group-id, apicurio.registry.url, apicurio.registry.artifact-resolver-strategy]' were supplied but are not used yet.
2025-08-07 12:25:03,953 INFO  [org.apa.kaf.com.uti.AppInfoParser] (main) Kafka version: 3.9.1
2025-08-07 12:25:03,953 INFO  [org.apa.kaf.com.uti.AppInfoParser] (main) Kafka commitId: f745dfdcee2b9851
2025-08-07 12:25:03,953 INFO  [org.apa.kaf.com.uti.AppInfoParser] (main) Kafka startTimeMs: 1754569503953
2025-08-07 12:25:03,954 INFO  [io.api.tes.ser.api.SimpleSerdesTesterBuilder$SimpleSerdesTester] (main) Using producer configuration: {apicurio.registry.find-latest=true, apicurio.registry.artifact.group-id=topic-66e38851_001e_4de2_893d_293e59f67b31, apicurio.registry.url=http://registry-app-mysql.apps.ci419.apicurio-testing.org:80/apis/registry/v3, apicurio.registry.artifact-resolver-strategy=io.apicurio.registry.serde.strategy.SimpleTopicIdStrategy, value.serializer=io.apicurio.registry.serde.avro.AvroKafkaSerializer, request.timeout.ms=5000, acks=all, bootstrap.servers=PLAINTEXT://localhost:32769, connections.max.idle.ms=10000, key.serializer=org.apache.kafka.common.serialization.StringSerializer, client.id=Producer-topic-66e38851_001e_4de2_893d_293e59f67b31}
2025-08-07 12:25:03,954 INFO  [io.api.tes.ser.api.SimpleSerdesTesterBuilder$SimpleSerdesTester] (main) Using consumer configuration: {}
2025-08-07 12:25:03,958 INFO  [io.api.tes.ser.api.KafkaSerdesTester] (Thread-606) Sending message {"key11754569502727": "value-0"} to topic topic-66e38851_001e_4de2_893d_293e59f67b31
2025-08-07 12:25:03,962 INFO  [org.apa.kaf.cli.Metadata] (kafka-producer-network-thread | Producer-topic-66e38851_001e_4de2_893d_293e59f67b31) [Producer clientId=Producer-topic-66e38851_001e_4de2_893d_293e59f67b31] Cluster ID: w_73WABzQ2iBfYWfnNB4Cg
2025-08-07 12:25:03,966 INFO  [org.apa.kaf.cli.pro.int.TransactionManager] (kafka-producer-network-thread | Producer-topic-66e38851_001e_4de2_893d_293e59f67b31) [Producer clientId=Producer-topic-66e38851_001e_4de2_893d_293e59f67b31] ProducerId set to 1 with epoch 0
2025-08-07 12:25:04,362 INFO  [io.api.tes.ser.api.KafkaSerdesTester] (Thread-606) Sending message {"key11754569502727": "value-1"} to topic topic-66e38851_001e_4de2_893d_293e59f67b31
2025-08-07 12:25:04,365 INFO  [io.api.tes.ser.api.KafkaSerdesTester] (Thread-606) Sending message {"key11754569502727": "value-2"} to topic topic-66e38851_001e_4de2_893d_293e59f67b31
2025-08-07 12:25:04,368 INFO  [io.api.tes.ser.api.KafkaSerdesTester] (Thread-606) Sending message {"key11754569502727": "value-3"} to topic topic-66e38851_001e_4de2_893d_293e59f67b31
2025-08-07 12:25:04,371 INFO  [io.api.tes.ser.api.KafkaSerdesTester] (Thread-606) Sending message {"key11754569502727": "value-4"} to topic topic-66e38851_001e_4de2_893d_293e59f67b31
2025-08-07 12:25:04,374 INFO  [io.api.tes.ser.api.KafkaSerdesTester] (Thread-606) Sending message {"key11754569502727": "value-5"} to topic topic-66e38851_001e_4de2_893d_293e59f67b31
2025-08-07 12:25:04,378 INFO  [io.api.tes.ser.api.KafkaSerdesTester] (Thread-606) Sending message {"key11754569502727": "value-6"} to topic topic-66e38851_001e_4de2_893d_293e59f67b31
2025-08-07 12:25:04,380 INFO  [io.api.tes.ser.api.KafkaSerdesTester] (Thread-606) Sending message {"key11754569502727": "value-7"} to topic topic-66e38851_001e_4de2_893d_293e59f67b31
2025-08-07 12:25:04,383 INFO  [io.api.tes.ser.api.KafkaSerdesTester] (Thread-606) Sending message {"key11754569502727": "value-8"} to topic topic-66e38851_001e_4de2_893d_293e59f67b31
2025-08-07 12:25:04,388 INFO  [io.api.tes.ser.api.KafkaSerdesTester] (Thread-606) Sending message {"key11754569502727": "value-9"} to topic topic-66e38851_001e_4de2_893d_293e59f67b31
2025-08-07 12:25:04,391 INFO  [io.api.tes.ser.api.KafkaSerdesTester] (Thread-606) Produced 10 messages
2025-08-07 12:25:04,391 INFO  [org.apa.kaf.cli.pro.KafkaProducer] (Thread-606) [Producer clientId=Producer-topic-66e38851_001e_4de2_893d_293e59f67b31] Closing the Kafka producer with timeoutMillis = 9223372036854775807 ms.
2025-08-07 12:25:04,397 INFO  [org.apa.kaf.com.met.Metrics] (Thread-606) Metrics scheduler closed
2025-08-07 12:25:04,397 INFO  [org.apa.kaf.com.met.Metrics] (Thread-606) Closing reporter org.apache.kafka.common.metrics.JmxReporter
2025-08-07 12:25:04,397 INFO  [org.apa.kaf.com.met.Metrics] (Thread-606) Closing reporter org.apache.kafka.common.telemetry.internals.ClientTelemetryReporter
2025-08-07 12:25:04,397 INFO  [org.apa.kaf.com.met.Metrics] (Thread-606) Metrics reporters closed
2025-08-07 12:25:04,397 INFO  [org.apa.kaf.com.uti.AppInfoParser] (Thread-606) App info kafka.producer for Producer-topic-66e38851_001e_4de2_893d_293e59f67b31 unregistered
**** Registry Base URL: http://registry-app-mysql.apps.ci419.apicurio-testing.org:80
2025-08-07 12:25:04,399 INFO  [org.apa.kaf.cli.con.ConsumerConfig] (main) ConsumerConfig values: 
	allow.auto.create.topics = true
	auto.commit.interval.ms = 500
	auto.include.jmx.reporter = true
	auto.offset.reset = earliest
	bootstrap.servers = [PLAINTEXT://localhost:32769]
	check.crcs = true
	client.dns.lookup = use_all_dns_ips
	client.id = consumer-Consumer-topic-66e38851_001e_4de2_893d_293e59f67b31-2
	client.rack = 
	connections.max.idle.ms = 10000
	default.api.timeout.ms = 60000
	enable.auto.commit = true
	enable.metrics.push = true
	exclude.internal.topics = true
	fetch.max.bytes = 52428800
	fetch.max.wait.ms = 500
	fetch.min.bytes = 1
	group.id = Consumer-topic-66e38851_001e_4de2_893d_293e59f67b31
	group.instance.id = null
	group.protocol = classic
	group.remote.assignor = null
	heartbeat.interval.ms = 3000
	interceptor.classes = []
	internal.leave.group.on.close = true
	internal.throw.on.fetch.stable.offset.unsupported = false
	isolation.level = read_uncommitted
	key.deserializer = class org.apache.kafka.common.serialization.StringDeserializer
	max.partition.fetch.bytes = 1048576
	max.poll.interval.ms = 300000
	max.poll.records = 500
	metadata.max.age.ms = 300000
	metadata.recovery.strategy = none
	metric.reporters = []
	metrics.num.samples = 2
	metrics.recording.level = INFO
	metrics.sample.window.ms = 30000
	partition.assignment.strategy = [class org.apache.kafka.clients.consumer.RangeAssignor, class org.apache.kafka.clients.consumer.CooperativeStickyAssignor]
	receive.buffer.bytes = 65536
	reconnect.backoff.max.ms = 1000
	reconnect.backoff.ms = 50
	request.timeout.ms = 5000
	retry.backoff.max.ms = 1000
	retry.backoff.ms = 100
	sasl.client.callback.handler.class = null
	sasl.jaas.config = null
	sasl.kerberos.kinit.cmd = /usr/bin/kinit
	sasl.kerberos.min.time.before.relogin = 60000
	sasl.kerberos.service.name = null
	sasl.kerberos.ticket.renew.jitter = 0.05
	sasl.kerberos.ticket.renew.window.factor = 0.8
	sasl.login.callback.handler.class = null
	sasl.login.class = null
	sasl.login.connect.timeout.ms = null
	sasl.login.read.timeout.ms = null
	sasl.login.refresh.buffer.seconds = 300
	sasl.login.refresh.min.period.seconds = 60
	sasl.login.refresh.window.factor = 0.8
	sasl.login.refresh.window.jitter = 0.05
	sasl.login.retry.backoff.max.ms = 10000
	sasl.login.retry.backoff.ms = 100
	sasl.mechanism = GSSAPI
	sasl.oauthbearer.clock.skew.seconds = 30
	sasl.oauthbearer.expected.audience = null
	sasl.oauthbearer.expected.issuer = null
	sasl.oauthbearer.header.urlencode = false
	sasl.oauthbearer.jwks.endpoint.refresh.ms = 3600000
	sasl.oauthbearer.jwks.endpoint.retry.backoff.max.ms = 10000
	sasl.oauthbearer.jwks.endpoint.retry.backoff.ms = 100
	sasl.oauthbearer.jwks.endpoint.url = null
	sasl.oauthbearer.scope.claim.name = scope
	sasl.oauthbearer.sub.claim.name = sub
	sasl.oauthbearer.token.endpoint.url = null
	security.protocol = PLAINTEXT
	security.providers = null
	send.buffer.bytes = 131072
	session.timeout.ms = 45000
	socket.connection.setup.timeout.max.ms = 30000
	socket.connection.setup.timeout.ms = 10000
	ssl.cipher.suites = null
	ssl.enabled.protocols = [TLSv1.2, TLSv1.3]
	ssl.endpoint.identification.algorithm = https
	ssl.engine.factory.class = null
	ssl.key.password = null
	ssl.keymanager.algorithm = SunX509
	ssl.keystore.certificate.chain = null
	ssl.keystore.key = null
	ssl.keystore.location = null
	ssl.keystore.password = null
	ssl.keystore.type = JKS
	ssl.protocol = TLSv1.3
	ssl.provider = null
	ssl.secure.random.implementation = null
	ssl.trustmanager.algorithm = PKIX
	ssl.truststore.certificates = null
	ssl.truststore.location = null
	ssl.truststore.password = null
	ssl.truststore.type = JKS
	value.deserializer = class io.apicurio.registry.serde.avro.AvroKafkaDeserializer

2025-08-07 12:25:04,399 INFO  [org.apa.kaf.com.tel.int.KafkaMetricsCollector] (main) initializing Kafka metrics collector
2025-08-07 12:25:04,416 INFO  [org.apa.kaf.cli.con.ConsumerConfig] (main) These configurations '[apicurio.registry.url]' were supplied but are not used yet.
2025-08-07 12:25:04,416 INFO  [org.apa.kaf.com.uti.AppInfoParser] (main) Kafka version: 3.9.1
2025-08-07 12:25:04,416 INFO  [org.apa.kaf.com.uti.AppInfoParser] (main) Kafka commitId: f745dfdcee2b9851
2025-08-07 12:25:04,416 INFO  [org.apa.kaf.com.uti.AppInfoParser] (main) Kafka startTimeMs: 1754569504416
2025-08-07 12:25:04,418 INFO  [org.apa.kaf.cli.con.int.ClassicKafkaConsumer] (Thread-609) [Consumer clientId=consumer-Consumer-topic-66e38851_001e_4de2_893d_293e59f67b31-2, groupId=Consumer-topic-66e38851_001e_4de2_893d_293e59f67b31] Subscribed to topic(s): topic-66e38851_001e_4de2_893d_293e59f67b31
2025-08-07 12:25:04,424 INFO  [org.apa.kaf.cli.Metadata] (Thread-609) [Consumer clientId=consumer-Consumer-topic-66e38851_001e_4de2_893d_293e59f67b31-2, groupId=Consumer-topic-66e38851_001e_4de2_893d_293e59f67b31] Cluster ID: w_73WABzQ2iBfYWfnNB4Cg
2025-08-07 12:25:04,426 INFO  [org.apa.kaf.cli.con.int.ConsumerCoordinator] (Thread-609) [Consumer clientId=consumer-Consumer-topic-66e38851_001e_4de2_893d_293e59f67b31-2, groupId=Consumer-topic-66e38851_001e_4de2_893d_293e59f67b31] Discovered group coordinator localhost:32769 (id: 2147483647 rack: null)
2025-08-07 12:25:04,429 INFO  [org.apa.kaf.cli.con.int.ConsumerCoordinator] (Thread-609) [Consumer clientId=consumer-Consumer-topic-66e38851_001e_4de2_893d_293e59f67b31-2, groupId=Consumer-topic-66e38851_001e_4de2_893d_293e59f67b31] (Re-)joining group
2025-08-07 12:25:04,434 INFO  [org.apa.kaf.cli.con.int.ConsumerCoordinator] (Thread-609) [Consumer clientId=consumer-Consumer-topic-66e38851_001e_4de2_893d_293e59f67b31-2, groupId=Consumer-topic-66e38851_001e_4de2_893d_293e59f67b31] Request joining group due to: need to re-join with the given member-id: consumer-Consumer-topic-66e38851_001e_4de2_893d_293e59f67b31-2-4de93f57-2608-4cd8-818f-ba7e30193895
2025-08-07 12:25:04,434 INFO  [org.apa.kaf.cli.con.int.ConsumerCoordinator] (Thread-609) [Consumer clientId=consumer-Consumer-topic-66e38851_001e_4de2_893d_293e59f67b31-2, groupId=Consumer-topic-66e38851_001e_4de2_893d_293e59f67b31] (Re-)joining group
2025-08-07 12:25:05,419 INFO  [io.api.tes.ser.api.KafkaSerdesTester] (Thread-609) None found
2025-08-07 12:25:06,419 INFO  [io.api.tes.ser.api.KafkaSerdesTester] (Thread-609) None found
2025-08-07 12:25:07,420 INFO  [io.api.tes.ser.api.KafkaSerdesTester] (Thread-609) None found
2025-08-07 12:25:07,438 INFO  [org.apa.kaf.cli.con.int.ConsumerCoordinator] (Thread-609) [Consumer clientId=consumer-Consumer-topic-66e38851_001e_4de2_893d_293e59f67b31-2, groupId=Consumer-topic-66e38851_001e_4de2_893d_293e59f67b31] Successfully joined group with generation Generation{generationId=1, memberId='consumer-Consumer-topic-66e38851_001e_4de2_893d_293e59f67b31-2-4de93f57-2608-4cd8-818f-ba7e30193895', protocol='range'}
2025-08-07 12:25:07,438 INFO  [org.apa.kaf.cli.con.int.ConsumerCoordinator] (Thread-609) [Consumer clientId=consumer-Consumer-topic-66e38851_001e_4de2_893d_293e59f67b31-2, groupId=Consumer-topic-66e38851_001e_4de2_893d_293e59f67b31] Finished assignment for group at generation 1: {consumer-Consumer-topic-66e38851_001e_4de2_893d_293e59f67b31-2-4de93f57-2608-4cd8-818f-ba7e30193895=Assignment(partitions=[topic-66e38851_001e_4de2_893d_293e59f67b31-0])}
2025-08-07 12:25:07,446 INFO  [org.apa.kaf.cli.con.int.ConsumerCoordinator] (Thread-609) [Consumer clientId=consumer-Consumer-topic-66e38851_001e_4de2_893d_293e59f67b31-2, groupId=Consumer-topic-66e38851_001e_4de2_893d_293e59f67b31] Successfully synced group in generation Generation{generationId=1, memberId='consumer-Consumer-topic-66e38851_001e_4de2_893d_293e59f67b31-2-4de93f57-2608-4cd8-818f-ba7e30193895', protocol='range'}
2025-08-07 12:25:07,447 INFO  [org.apa.kaf.cli.con.int.ConsumerCoordinator] (Thread-609) [Consumer clientId=consumer-Consumer-topic-66e38851_001e_4de2_893d_293e59f67b31-2, groupId=Consumer-topic-66e38851_001e_4de2_893d_293e59f67b31] Notifying assignor about the new Assignment(partitions=[topic-66e38851_001e_4de2_893d_293e59f67b31-0])
2025-08-07 12:25:07,447 INFO  [org.apa.kaf.cli.con.int.ConsumerRebalanceListenerInvoker] (Thread-609) [Consumer clientId=consumer-Consumer-topic-66e38851_001e_4de2_893d_293e59f67b31-2, groupId=Consumer-topic-66e38851_001e_4de2_893d_293e59f67b31] Adding newly assigned partitions: topic-66e38851_001e_4de2_893d_293e59f67b31-0
2025-08-07 12:25:07,448 INFO  [org.apa.kaf.cli.con.int.ConsumerCoordinator] (Thread-609) [Consumer clientId=consumer-Consumer-topic-66e38851_001e_4de2_893d_293e59f67b31-2, groupId=Consumer-topic-66e38851_001e_4de2_893d_293e59f67b31] Found no committed offset for partition topic-66e38851_001e_4de2_893d_293e59f67b31-0
2025-08-07 12:25:07,456 INFO  [org.apa.kaf.cli.con.int.SubscriptionState] (Thread-609) [Consumer clientId=consumer-Consumer-topic-66e38851_001e_4de2_893d_293e59f67b31-2, groupId=Consumer-topic-66e38851_001e_4de2_893d_293e59f67b31] Resetting offset for partition topic-66e38851_001e_4de2_893d_293e59f67b31-0 to position FetchPosition{offset=0, offsetEpoch=Optional.empty, currentLeader=LeaderAndEpoch{leader=Optional[localhost:32769 (id: 0 rack: null)], epoch=0}}.
2025-08-07 12:25:07,727 INFO  [io.api.tes.ser.api.KafkaSerdesTester] (Thread-609) topic-66e38851_001e_4de2_893d_293e59f67b31 0 0 {"key11754569502727": "value-0"}
2025-08-07 12:25:07,727 INFO  [io.api.tes.ser.api.KafkaSerdesTester] (Thread-609) topic-66e38851_001e_4de2_893d_293e59f67b31 0 1 {"key11754569502727": "value-1"}
2025-08-07 12:25:07,727 INFO  [io.api.tes.ser.api.KafkaSerdesTester] (Thread-609) topic-66e38851_001e_4de2_893d_293e59f67b31 0 2 {"key11754569502727": "value-2"}
2025-08-07 12:25:07,728 INFO  [io.api.tes.ser.api.KafkaSerdesTester] (Thread-609) topic-66e38851_001e_4de2_893d_293e59f67b31 0 3 {"key11754569502727": "value-3"}
2025-08-07 12:25:07,728 INFO  [io.api.tes.ser.api.KafkaSerdesTester] (Thread-609) topic-66e38851_001e_4de2_893d_293e59f67b31 0 4 {"key11754569502727": "value-4"}
2025-08-07 12:25:07,728 INFO  [io.api.tes.ser.api.KafkaSerdesTester] (Thread-609) topic-66e38851_001e_4de2_893d_293e59f67b31 0 5 {"key11754569502727": "value-5"}
2025-08-07 12:25:07,728 INFO  [io.api.tes.ser.api.KafkaSerdesTester] (Thread-609) topic-66e38851_001e_4de2_893d_293e59f67b31 0 6 {"key11754569502727": "value-6"}
2025-08-07 12:25:07,728 INFO  [io.api.tes.ser.api.KafkaSerdesTester] (Thread-609) topic-66e38851_001e_4de2_893d_293e59f67b31 0 7 {"key11754569502727": "value-7"}
2025-08-07 12:25:07,728 INFO  [io.api.tes.ser.api.KafkaSerdesTester] (Thread-609) topic-66e38851_001e_4de2_893d_293e59f67b31 0 8 {"key11754569502727": "value-8"}
2025-08-07 12:25:07,728 INFO  [io.api.tes.ser.api.KafkaSerdesTester] (Thread-609) topic-66e38851_001e_4de2_893d_293e59f67b31 0 9 {"key11754569502727": "value-9"}
2025-08-07 12:25:07,728 INFO  [io.api.tes.ser.api.KafkaSerdesTester] (Thread-609) Consumed 10 messages
2025-08-07 12:25:07,738 INFO  [org.apa.kaf.cli.con.int.ConsumerRebalanceListenerInvoker] (Thread-609) [Consumer clientId=consumer-Consumer-topic-66e38851_001e_4de2_893d_293e59f67b31-2, groupId=Consumer-topic-66e38851_001e_4de2_893d_293e59f67b31] Revoke previously assigned partitions topic-66e38851_001e_4de2_893d_293e59f67b31-0
2025-08-07 12:25:07,739 INFO  [org.apa.kaf.cli.con.int.ConsumerCoordinator] (Thread-609) [Consumer clientId=consumer-Consumer-topic-66e38851_001e_4de2_893d_293e59f67b31-2, groupId=Consumer-topic-66e38851_001e_4de2_893d_293e59f67b31] Member consumer-Consumer-topic-66e38851_001e_4de2_893d_293e59f67b31-2-4de93f57-2608-4cd8-818f-ba7e30193895 sending LeaveGroup request to coordinator localhost:32769 (id: 2147483647 rack: null) due to the consumer is being closed
2025-08-07 12:25:07,739 INFO  [org.apa.kaf.cli.con.int.ConsumerCoordinator] (Thread-609) [Consumer clientId=consumer-Consumer-topic-66e38851_001e_4de2_893d_293e59f67b31-2, groupId=Consumer-topic-66e38851_001e_4de2_893d_293e59f67b31] Resetting generation and member id due to: consumer pro-actively leaving the group
2025-08-07 12:25:07,739 INFO  [org.apa.kaf.cli.con.int.ConsumerCoordinator] (Thread-609) [Consumer clientId=consumer-Consumer-topic-66e38851_001e_4de2_893d_293e59f67b31-2, groupId=Consumer-topic-66e38851_001e_4de2_893d_293e59f67b31] Request joining group due to: consumer pro-actively leaving the group
2025-08-07 12:25:08,233 INFO  [org.apa.kaf.com.met.Metrics] (Thread-609) Metrics scheduler closed
2025-08-07 12:25:08,234 INFO  [org.apa.kaf.com.met.Metrics] (Thread-609) Closing reporter org.apache.kafka.common.metrics.JmxReporter
2025-08-07 12:25:08,234 INFO  [org.apa.kaf.com.met.Metrics] (Thread-609) Closing reporter org.apache.kafka.common.telemetry.internals.ClientTelemetryReporter
2025-08-07 12:25:08,234 INFO  [org.apa.kaf.com.met.Metrics] (Thread-609) Metrics reporters closed
2025-08-07 12:25:08,239 INFO  [org.apa.kaf.com.uti.AppInfoParser] (Thread-609) App info kafka.consumer for consumer-Consumer-topic-66e38851_001e_4de2_893d_293e59f67b31-2 unregistered
2025-08-07 12:25:08,240 INFO  [io.api.tes.uti.TestSeparator] (main) io.apicurio.tests.serdes.apicurio.AvroSerdeIT.testSimpleTopicIdStrategyFindLatest-FINISHED
2025-08-07 12:25:08,240 INFO  [io.api.tes.uti.TestSeparator] (main) ############################################################################
Test passed: testSimpleTopicIdStrategyFindLatest
]]></system-out>
  </testcase>
  <testcase name="testWrongSchema" classname="io.apicurio.tests.serdes.apicurio.AvroSerdeIT" time="1.438">
    <system-out><![CDATA[2025-08-07 12:25:08,244 INFO  [io.api.tes.uti.TestSeparator] (main) ############################################################################
2025-08-07 12:25:08,244 INFO  [io.api.tes.uti.TestSeparator] (main) io.apicurio.tests.serdes.apicurio.AvroSerdeIT.testWrongSchema-STARTED
**** Registry Base URL: http://registry-app-mysql.apps.ci419.apicurio-testing.org:80
2025-08-07 12:25:09,462 INFO  [org.apa.kaf.cli.pro.ProducerConfig] (main) ProducerConfig values: 
	acks = -1
	auto.include.jmx.reporter = true
	batch.size = 16384
	bootstrap.servers = [PLAINTEXT://localhost:32769]
	buffer.memory = 33554432
	client.dns.lookup = use_all_dns_ips
	client.id = Producer-s7c32b705x8351x402ex94b0x174231fbe9ed
	compression.gzip.level = -1
	compression.lz4.level = 9
	compression.type = none
	compression.zstd.level = 3
	connections.max.idle.ms = 10000
	delivery.timeout.ms = 120000
	enable.idempotence = true
	enable.metrics.push = true
	interceptor.classes = []
	key.serializer = class org.apache.kafka.common.serialization.StringSerializer
	linger.ms = 0
	max.block.ms = 60000
	max.in.flight.requests.per.connection = 5
	max.request.size = 1048576
	metadata.max.age.ms = 300000
	metadata.max.idle.ms = 300000
	metadata.recovery.strategy = none
	metric.reporters = []
	metrics.num.samples = 2
	metrics.recording.level = INFO
	metrics.sample.window.ms = 30000
	partitioner.adaptive.partitioning.enable = true
	partitioner.availability.timeout.ms = 0
	partitioner.class = null
	partitioner.ignore.keys = false
	receive.buffer.bytes = 32768
	reconnect.backoff.max.ms = 1000
	reconnect.backoff.ms = 50
	request.timeout.ms = 5000
	retries = 2147483647
	retry.backoff.max.ms = 1000
	retry.backoff.ms = 100
	sasl.client.callback.handler.class = null
	sasl.jaas.config = null
	sasl.kerberos.kinit.cmd = /usr/bin/kinit
	sasl.kerberos.min.time.before.relogin = 60000
	sasl.kerberos.service.name = null
	sasl.kerberos.ticket.renew.jitter = 0.05
	sasl.kerberos.ticket.renew.window.factor = 0.8
	sasl.login.callback.handler.class = null
	sasl.login.class = null
	sasl.login.connect.timeout.ms = null
	sasl.login.read.timeout.ms = null
	sasl.login.refresh.buffer.seconds = 300
	sasl.login.refresh.min.period.seconds = 60
	sasl.login.refresh.window.factor = 0.8
	sasl.login.refresh.window.jitter = 0.05
	sasl.login.retry.backoff.max.ms = 10000
	sasl.login.retry.backoff.ms = 100
	sasl.mechanism = GSSAPI
	sasl.oauthbearer.clock.skew.seconds = 30
	sasl.oauthbearer.expected.audience = null
	sasl.oauthbearer.expected.issuer = null
	sasl.oauthbearer.header.urlencode = false
	sasl.oauthbearer.jwks.endpoint.refresh.ms = 3600000
	sasl.oauthbearer.jwks.endpoint.retry.backoff.max.ms = 10000
	sasl.oauthbearer.jwks.endpoint.retry.backoff.ms = 100
	sasl.oauthbearer.jwks.endpoint.url = null
	sasl.oauthbearer.scope.claim.name = scope
	sasl.oauthbearer.sub.claim.name = sub
	sasl.oauthbearer.token.endpoint.url = null
	security.protocol = PLAINTEXT
	security.providers = null
	send.buffer.bytes = 131072
	socket.connection.setup.timeout.max.ms = 30000
	socket.connection.setup.timeout.ms = 10000
	ssl.cipher.suites = null
	ssl.enabled.protocols = [TLSv1.2, TLSv1.3]
	ssl.endpoint.identification.algorithm = https
	ssl.engine.factory.class = null
	ssl.key.password = null
	ssl.keymanager.algorithm = SunX509
	ssl.keystore.certificate.chain = null
	ssl.keystore.key = null
	ssl.keystore.location = null
	ssl.keystore.password = null
	ssl.keystore.type = JKS
	ssl.protocol = TLSv1.3
	ssl.provider = null
	ssl.secure.random.implementation = null
	ssl.trustmanager.algorithm = PKIX
	ssl.truststore.certificates = null
	ssl.truststore.location = null
	ssl.truststore.password = null
	ssl.truststore.type = JKS
	transaction.timeout.ms = 60000
	transactional.id = null
	value.serializer = class io.apicurio.registry.serde.avro.AvroKafkaSerializer

2025-08-07 12:25:09,462 INFO  [org.apa.kaf.com.tel.int.KafkaMetricsCollector] (main) initializing Kafka metrics collector
2025-08-07 12:25:09,468 INFO  [org.apa.kaf.cli.pro.KafkaProducer] (main) [Producer clientId=Producer-s7c32b705x8351x402ex94b0x174231fbe9ed] Instantiated an idempotent producer.
2025-08-07 12:25:09,472 INFO  [org.apa.kaf.cli.pro.ProducerConfig] (main) These configurations '[apicurio.registry.find-latest, apicurio.registry.url, apicurio.registry.artifact-resolver-strategy]' were supplied but are not used yet.
2025-08-07 12:25:09,472 INFO  [org.apa.kaf.com.uti.AppInfoParser] (main) Kafka version: 3.9.1
2025-08-07 12:25:09,472 INFO  [org.apa.kaf.com.uti.AppInfoParser] (main) Kafka commitId: f745dfdcee2b9851
2025-08-07 12:25:09,472 INFO  [org.apa.kaf.com.uti.AppInfoParser] (main) Kafka startTimeMs: 1754569509472
2025-08-07 12:25:09,478 INFO  [io.api.tes.ser.api.KafkaSerdesTester] (Thread-612) Sending message {"keyB": "value-0"} to topic s7c32b705x8351x402ex94b0x174231fbe9ed
2025-08-07 12:25:09,483 INFO  [org.apa.kaf.cli.Metadata] (kafka-producer-network-thread | Producer-s7c32b705x8351x402ex94b0x174231fbe9ed) [Producer clientId=Producer-s7c32b705x8351x402ex94b0x174231fbe9ed] Cluster ID: w_73WABzQ2iBfYWfnNB4Cg
2025-08-07 12:25:09,485 INFO  [org.apa.kaf.cli.pro.int.TransactionManager] (kafka-producer-network-thread | Producer-s7c32b705x8351x402ex94b0x174231fbe9ed) [Producer clientId=Producer-s7c32b705x8351x402ex94b0x174231fbe9ed] ProducerId set to 2 with epoch 0
2025-08-07 12:25:09,666 INFO  [org.apa.kaf.cli.pro.KafkaProducer] (Thread-612) [Producer clientId=Producer-s7c32b705x8351x402ex94b0x174231fbe9ed] Closing the Kafka producer with timeoutMillis = 9223372036854775807 ms.
2025-08-07 12:25:09,674 INFO  [org.apa.kaf.com.met.Metrics] (Thread-612) Metrics scheduler closed
2025-08-07 12:25:09,674 INFO  [org.apa.kaf.com.met.Metrics] (Thread-612) Closing reporter org.apache.kafka.common.metrics.JmxReporter
2025-08-07 12:25:09,674 INFO  [org.apa.kaf.com.met.Metrics] (Thread-612) Closing reporter org.apache.kafka.common.telemetry.internals.ClientTelemetryReporter
2025-08-07 12:25:09,674 INFO  [org.apa.kaf.com.met.Metrics] (Thread-612) Metrics reporters closed
2025-08-07 12:25:09,678 INFO  [org.apa.kaf.com.uti.AppInfoParser] (Thread-612) App info kafka.producer for Producer-s7c32b705x8351x402ex94b0x174231fbe9ed unregistered
2025-08-07 12:25:09,679 INFO  [io.api.tes.uti.TestSeparator] (main) io.apicurio.tests.serdes.apicurio.AvroSerdeIT.testWrongSchema-FINISHED
2025-08-07 12:25:09,679 INFO  [io.api.tes.uti.TestSeparator] (main) ############################################################################
Test passed: testWrongSchema
]]></system-out>
    <system-err><![CDATA[io.apicurio.registry.rest.client.models.ProblemDetails
	at io.apicurio.registry.rest.client.models.ProblemDetails.createFromDiscriminatorValue(ProblemDetails.java:58)
	at io.kiota.serialization.json.JsonParseNode.getObjectValue(JsonParseNode.java:247)
	at io.kiota.http.vertx.VertXRequestAdapter.lambda$throwIfFailedResponse$0(VertXRequestAdapter.java:400)
	at com.microsoft.kiota.ApiExceptionBuilder.<init>(ApiExceptionBuilder.java:26)
	at io.kiota.http.vertx.VertXRequestAdapter.throwIfFailedResponse(VertXRequestAdapter.java:399)
	at io.kiota.http.vertx.VertXRequestAdapter.send(VertXRequestAdapter.java:170)
	at io.apicurio.registry.rest.client.groups.item.artifacts.item.versions.item.WithVersionExpressionItemRequestBuilder.get(WithVersionExpressionItemRequestBuilder.java:128)
	at io.apicurio.registry.rest.client.groups.item.artifacts.item.versions.item.WithVersionExpressionItemRequestBuilder.get(WithVersionExpressionItemRequestBuilder.java:111)
	at io.apicurio.registry.resolver.client.RegistryClientFacadeImpl.getVersionCoordinatesByGAV(RegistryClientFacadeImpl.java:159)
	at io.apicurio.registry.resolver.DefaultSchemaResolver.resolveByCoordinates(DefaultSchemaResolver.java:352)
	at io.apicurio.registry.resolver.DefaultSchemaResolver.lambda$resolveSchemaByArtifactReferenceCached$6(DefaultSchemaResolver.java:340)
	at io.apicurio.registry.resolver.cache.ERCache.lambda$getValue$0(ERCache.java:174)
	at io.apicurio.registry.resolver.cache.ERCache.retry(ERCache.java:227)
	at io.apicurio.registry.resolver.cache.ERCache.getValue(ERCache.java:173)
	at io.apicurio.registry.resolver.cache.ERCache.getByArtifactCoordinates(ERCache.java:158)
	at io.apicurio.registry.resolver.DefaultSchemaResolver.resolveSchemaByArtifactReferenceCached(DefaultSchemaResolver.java:338)
	at io.apicurio.registry.resolver.DefaultSchemaResolver.resolveSchemaByCoordinates(DefaultSchemaResolver.java:193)
	at io.apicurio.registry.resolver.DefaultSchemaResolver.getSchemaFromRegistry(DefaultSchemaResolver.java:130)
	at io.apicurio.registry.resolver.DefaultSchemaResolver.lambda$resolveSchema$0(DefaultSchemaResolver.java:84)
	at java.base/java.util.Optional.orElseGet(Optional.java:364)
	at io.apicurio.registry.resolver.DefaultSchemaResolver.resolveSchema(DefaultSchemaResolver.java:84)
	at io.apicurio.registry.serde.AbstractSerializer.serializeData(AbstractSerializer.java:62)
	at io.apicurio.registry.serde.KafkaSerializer.serialize(KafkaSerializer.java:77)
	at org.apache.kafka.clients.producer.KafkaProducer.doSend(KafkaProducer.java:1046)
	at org.apache.kafka.clients.producer.KafkaProducer.send(KafkaProducer.java:993)
	at org.apache.kafka.clients.producer.KafkaProducer.send(KafkaProducer.java:875)
	at io.apicurio.tests.serdes.apicurio.KafkaSerdesTester.lambda$produceMessages$3(KafkaSerdesTester.java:138)
	at java.base/java.util.concurrent.CompletableFuture$AsyncSupply.run(CompletableFuture.java:1768)
	at java.base/java.lang.Thread.run(Thread.java:840)
]]></system-err>
  </testcase>
  <testcase name="testAvroJSON" classname="io.apicurio.tests.serdes.apicurio.AvroSerdeIT" time="4.422">
    <system-out><![CDATA[2025-08-07 12:25:09,686 INFO  [io.api.tes.uti.TestSeparator] (main) ############################################################################
2025-08-07 12:25:09,686 INFO  [io.api.tes.uti.TestSeparator] (main) io.apicurio.tests.serdes.apicurio.AvroSerdeIT.testAvroJSON-STARTED
**** Registry Base URL: http://registry-app-mysql.apps.ci419.apicurio-testing.org:80
2025-08-07 12:25:09,692 INFO  [org.apa.kaf.cli.pro.ProducerConfig] (main) ProducerConfig values: 
	acks = -1
	auto.include.jmx.reporter = true
	batch.size = 16384
	bootstrap.servers = [PLAINTEXT://localhost:32769]
	buffer.memory = 33554432
	client.dns.lookup = use_all_dns_ips
	client.id = Producer-topic-48eb3adb_6818_4304_ab70_486065131a0c
	compression.gzip.level = -1
	compression.lz4.level = 9
	compression.type = none
	compression.zstd.level = 3
	connections.max.idle.ms = 10000
	delivery.timeout.ms = 120000
	enable.idempotence = true
	enable.metrics.push = true
	interceptor.classes = []
	key.serializer = class org.apache.kafka.common.serialization.StringSerializer
	linger.ms = 0
	max.block.ms = 60000
	max.in.flight.requests.per.connection = 5
	max.request.size = 1048576
	metadata.max.age.ms = 300000
	metadata.max.idle.ms = 300000
	metadata.recovery.strategy = none
	metric.reporters = []
	metrics.num.samples = 2
	metrics.recording.level = INFO
	metrics.sample.window.ms = 30000
	partitioner.adaptive.partitioning.enable = true
	partitioner.availability.timeout.ms = 0
	partitioner.class = null
	partitioner.ignore.keys = false
	receive.buffer.bytes = 32768
	reconnect.backoff.max.ms = 1000
	reconnect.backoff.ms = 50
	request.timeout.ms = 5000
	retries = 2147483647
	retry.backoff.max.ms = 1000
	retry.backoff.ms = 100
	sasl.client.callback.handler.class = null
	sasl.jaas.config = null
	sasl.kerberos.kinit.cmd = /usr/bin/kinit
	sasl.kerberos.min.time.before.relogin = 60000
	sasl.kerberos.service.name = null
	sasl.kerberos.ticket.renew.jitter = 0.05
	sasl.kerberos.ticket.renew.window.factor = 0.8
	sasl.login.callback.handler.class = null
	sasl.login.class = null
	sasl.login.connect.timeout.ms = null
	sasl.login.read.timeout.ms = null
	sasl.login.refresh.buffer.seconds = 300
	sasl.login.refresh.min.period.seconds = 60
	sasl.login.refresh.window.factor = 0.8
	sasl.login.refresh.window.jitter = 0.05
	sasl.login.retry.backoff.max.ms = 10000
	sasl.login.retry.backoff.ms = 100
	sasl.mechanism = GSSAPI
	sasl.oauthbearer.clock.skew.seconds = 30
	sasl.oauthbearer.expected.audience = null
	sasl.oauthbearer.expected.issuer = null
	sasl.oauthbearer.header.urlencode = false
	sasl.oauthbearer.jwks.endpoint.refresh.ms = 3600000
	sasl.oauthbearer.jwks.endpoint.retry.backoff.max.ms = 10000
	sasl.oauthbearer.jwks.endpoint.retry.backoff.ms = 100
	sasl.oauthbearer.jwks.endpoint.url = null
	sasl.oauthbearer.scope.claim.name = scope
	sasl.oauthbearer.sub.claim.name = sub
	sasl.oauthbearer.token.endpoint.url = null
	security.protocol = PLAINTEXT
	security.providers = null
	send.buffer.bytes = 131072
	socket.connection.setup.timeout.max.ms = 30000
	socket.connection.setup.timeout.ms = 10000
	ssl.cipher.suites = null
	ssl.enabled.protocols = [TLSv1.2, TLSv1.3]
	ssl.endpoint.identification.algorithm = https
	ssl.engine.factory.class = null
	ssl.key.password = null
	ssl.keymanager.algorithm = SunX509
	ssl.keystore.certificate.chain = null
	ssl.keystore.key = null
	ssl.keystore.location = null
	ssl.keystore.password = null
	ssl.keystore.type = JKS
	ssl.protocol = TLSv1.3
	ssl.provider = null
	ssl.secure.random.implementation = null
	ssl.trustmanager.algorithm = PKIX
	ssl.truststore.certificates = null
	ssl.truststore.location = null
	ssl.truststore.password = null
	ssl.truststore.type = JKS
	transaction.timeout.ms = 60000
	transactional.id = null
	value.serializer = class io.apicurio.registry.serde.avro.AvroKafkaSerializer

2025-08-07 12:25:09,693 INFO  [org.apa.kaf.com.tel.int.KafkaMetricsCollector] (main) initializing Kafka metrics collector
2025-08-07 12:25:09,697 INFO  [org.apa.kaf.cli.pro.KafkaProducer] (main) [Producer clientId=Producer-topic-48eb3adb_6818_4304_ab70_486065131a0c] Instantiated an idempotent producer.
2025-08-07 12:25:09,704 INFO  [org.apa.kaf.cli.pro.ProducerConfig] (main) These configurations '[apicurio.registry.avro.encoding, apicurio.registry.url, apicurio.registry.auto-register, apicurio.registry.artifact-resolver-strategy]' were supplied but are not used yet.
2025-08-07 12:25:09,705 INFO  [org.apa.kaf.com.uti.AppInfoParser] (main) Kafka version: 3.9.1
2025-08-07 12:25:09,705 INFO  [org.apa.kaf.com.uti.AppInfoParser] (main) Kafka commitId: f745dfdcee2b9851
2025-08-07 12:25:09,705 INFO  [org.apa.kaf.com.uti.AppInfoParser] (main) Kafka startTimeMs: 1754569509705
2025-08-07 12:25:09,705 INFO  [io.api.tes.ser.api.SimpleSerdesTesterBuilder$SimpleSerdesTester] (main) Using producer configuration: {apicurio.registry.avro.encoding=JSON, apicurio.registry.url=http://registry-app-mysql.apps.ci419.apicurio-testing.org:80/apis/registry/v3, apicurio.registry.auto-register=true, apicurio.registry.artifact-resolver-strategy=io.apicurio.registry.serde.strategy.TopicIdStrategy, value.serializer=io.apicurio.registry.serde.avro.AvroKafkaSerializer, request.timeout.ms=5000, acks=all, bootstrap.servers=PLAINTEXT://localhost:32769, connections.max.idle.ms=10000, key.serializer=org.apache.kafka.common.serialization.StringSerializer, client.id=Producer-topic-48eb3adb_6818_4304_ab70_486065131a0c}
2025-08-07 12:25:09,705 INFO  [io.api.tes.ser.api.SimpleSerdesTesterBuilder$SimpleSerdesTester] (main) Using consumer configuration: {apicurio.registry.avro.encoding=JSON}
2025-08-07 12:25:09,708 INFO  [io.api.tes.ser.api.KafkaSerdesTester] (Thread-615) Sending message {"bar": "value-0"} to topic topic-48eb3adb_6818_4304_ab70_486065131a0c
2025-08-07 12:25:09,711 WARN  [org.apa.kaf.cli.NetworkClient] (kafka-producer-network-thread | Producer-topic-48eb3adb_6818_4304_ab70_486065131a0c) [Producer clientId=Producer-topic-48eb3adb_6818_4304_ab70_486065131a0c] The metadata response from the cluster reported a recoverable issue with correlation id 1 : {topic-48eb3adb_6818_4304_ab70_486065131a0c=UNKNOWN_TOPIC_OR_PARTITION}
2025-08-07 12:25:09,711 INFO  [org.apa.kaf.cli.Metadata] (kafka-producer-network-thread | Producer-topic-48eb3adb_6818_4304_ab70_486065131a0c) [Producer clientId=Producer-topic-48eb3adb_6818_4304_ab70_486065131a0c] Cluster ID: w_73WABzQ2iBfYWfnNB4Cg
2025-08-07 12:25:09,711 INFO  [org.apa.kaf.cli.pro.int.TransactionManager] (kafka-producer-network-thread | Producer-topic-48eb3adb_6818_4304_ab70_486065131a0c) [Producer clientId=Producer-topic-48eb3adb_6818_4304_ab70_486065131a0c] ProducerId set to 3 with epoch 0
2025-08-07 12:25:10,036 INFO  [io.api.tes.ser.api.KafkaSerdesTester] (Thread-615) Sending message {"bar": "value-1"} to topic topic-48eb3adb_6818_4304_ab70_486065131a0c
2025-08-07 12:25:10,039 INFO  [io.api.tes.ser.api.KafkaSerdesTester] (Thread-615) Sending message {"bar": "value-2"} to topic topic-48eb3adb_6818_4304_ab70_486065131a0c
2025-08-07 12:25:10,041 INFO  [io.api.tes.ser.api.KafkaSerdesTester] (Thread-615) Sending message {"bar": "value-3"} to topic topic-48eb3adb_6818_4304_ab70_486065131a0c
2025-08-07 12:25:10,045 INFO  [io.api.tes.ser.api.KafkaSerdesTester] (Thread-615) Sending message {"bar": "value-4"} to topic topic-48eb3adb_6818_4304_ab70_486065131a0c
2025-08-07 12:25:10,051 INFO  [io.api.tes.ser.api.KafkaSerdesTester] (Thread-615) Sending message {"bar": "value-5"} to topic topic-48eb3adb_6818_4304_ab70_486065131a0c
2025-08-07 12:25:10,054 INFO  [io.api.tes.ser.api.KafkaSerdesTester] (Thread-615) Sending message {"bar": "value-6"} to topic topic-48eb3adb_6818_4304_ab70_486065131a0c
2025-08-07 12:25:10,056 INFO  [io.api.tes.ser.api.KafkaSerdesTester] (Thread-615) Sending message {"bar": "value-7"} to topic topic-48eb3adb_6818_4304_ab70_486065131a0c
2025-08-07 12:25:10,059 INFO  [io.api.tes.ser.api.KafkaSerdesTester] (Thread-615) Sending message {"bar": "value-8"} to topic topic-48eb3adb_6818_4304_ab70_486065131a0c
2025-08-07 12:25:10,065 INFO  [io.api.tes.ser.api.KafkaSerdesTester] (Thread-615) Sending message {"bar": "value-9"} to topic topic-48eb3adb_6818_4304_ab70_486065131a0c
2025-08-07 12:25:10,067 INFO  [io.api.tes.ser.api.KafkaSerdesTester] (Thread-615) Produced 10 messages
2025-08-07 12:25:10,067 INFO  [org.apa.kaf.cli.pro.KafkaProducer] (Thread-615) [Producer clientId=Producer-topic-48eb3adb_6818_4304_ab70_486065131a0c] Closing the Kafka producer with timeoutMillis = 9223372036854775807 ms.
2025-08-07 12:25:10,072 INFO  [org.apa.kaf.com.met.Metrics] (Thread-615) Metrics scheduler closed
2025-08-07 12:25:10,072 INFO  [org.apa.kaf.com.met.Metrics] (Thread-615) Closing reporter org.apache.kafka.common.metrics.JmxReporter
2025-08-07 12:25:10,073 INFO  [org.apa.kaf.com.met.Metrics] (Thread-615) Closing reporter org.apache.kafka.common.telemetry.internals.ClientTelemetryReporter
2025-08-07 12:25:10,073 INFO  [org.apa.kaf.com.met.Metrics] (Thread-615) Metrics reporters closed
2025-08-07 12:25:10,073 INFO  [org.apa.kaf.com.uti.AppInfoParser] (Thread-615) App info kafka.producer for Producer-topic-48eb3adb_6818_4304_ab70_486065131a0c unregistered
**** Registry Base URL: http://registry-app-mysql.apps.ci419.apicurio-testing.org:80
2025-08-07 12:25:10,252 INFO  [org.apa.kaf.cli.con.ConsumerConfig] (main) ConsumerConfig values: 
	allow.auto.create.topics = true
	auto.commit.interval.ms = 500
	auto.include.jmx.reporter = true
	auto.offset.reset = earliest
	bootstrap.servers = [PLAINTEXT://localhost:32769]
	check.crcs = true
	client.dns.lookup = use_all_dns_ips
	client.id = consumer-Consumer-topic-48eb3adb_6818_4304_ab70_486065131a0c-3
	client.rack = 
	connections.max.idle.ms = 10000
	default.api.timeout.ms = 60000
	enable.auto.commit = true
	enable.metrics.push = true
	exclude.internal.topics = true
	fetch.max.bytes = 52428800
	fetch.max.wait.ms = 500
	fetch.min.bytes = 1
	group.id = Consumer-topic-48eb3adb_6818_4304_ab70_486065131a0c
	group.instance.id = null
	group.protocol = classic
	group.remote.assignor = null
	heartbeat.interval.ms = 3000
	interceptor.classes = []
	internal.leave.group.on.close = true
	internal.throw.on.fetch.stable.offset.unsupported = false
	isolation.level = read_uncommitted
	key.deserializer = class org.apache.kafka.common.serialization.StringDeserializer
	max.partition.fetch.bytes = 1048576
	max.poll.interval.ms = 300000
	max.poll.records = 500
	metadata.max.age.ms = 300000
	metadata.recovery.strategy = none
	metric.reporters = []
	metrics.num.samples = 2
	metrics.recording.level = INFO
	metrics.sample.window.ms = 30000
	partition.assignment.strategy = [class org.apache.kafka.clients.consumer.RangeAssignor, class org.apache.kafka.clients.consumer.CooperativeStickyAssignor]
	receive.buffer.bytes = 65536
	reconnect.backoff.max.ms = 1000
	reconnect.backoff.ms = 50
	request.timeout.ms = 5000
	retry.backoff.max.ms = 1000
	retry.backoff.ms = 100
	sasl.client.callback.handler.class = null
	sasl.jaas.config = null
	sasl.kerberos.kinit.cmd = /usr/bin/kinit
	sasl.kerberos.min.time.before.relogin = 60000
	sasl.kerberos.service.name = null
	sasl.kerberos.ticket.renew.jitter = 0.05
	sasl.kerberos.ticket.renew.window.factor = 0.8
	sasl.login.callback.handler.class = null
	sasl.login.class = null
	sasl.login.connect.timeout.ms = null
	sasl.login.read.timeout.ms = null
	sasl.login.refresh.buffer.seconds = 300
	sasl.login.refresh.min.period.seconds = 60
	sasl.login.refresh.window.factor = 0.8
	sasl.login.refresh.window.jitter = 0.05
	sasl.login.retry.backoff.max.ms = 10000
	sasl.login.retry.backoff.ms = 100
	sasl.mechanism = GSSAPI
	sasl.oauthbearer.clock.skew.seconds = 30
	sasl.oauthbearer.expected.audience = null
	sasl.oauthbearer.expected.issuer = null
	sasl.oauthbearer.header.urlencode = false
	sasl.oauthbearer.jwks.endpoint.refresh.ms = 3600000
	sasl.oauthbearer.jwks.endpoint.retry.backoff.max.ms = 10000
	sasl.oauthbearer.jwks.endpoint.retry.backoff.ms = 100
	sasl.oauthbearer.jwks.endpoint.url = null
	sasl.oauthbearer.scope.claim.name = scope
	sasl.oauthbearer.sub.claim.name = sub
	sasl.oauthbearer.token.endpoint.url = null
	security.protocol = PLAINTEXT
	security.providers = null
	send.buffer.bytes = 131072
	session.timeout.ms = 45000
	socket.connection.setup.timeout.max.ms = 30000
	socket.connection.setup.timeout.ms = 10000
	ssl.cipher.suites = null
	ssl.enabled.protocols = [TLSv1.2, TLSv1.3]
	ssl.endpoint.identification.algorithm = https
	ssl.engine.factory.class = null
	ssl.key.password = null
	ssl.keymanager.algorithm = SunX509
	ssl.keystore.certificate.chain = null
	ssl.keystore.key = null
	ssl.keystore.location = null
	ssl.keystore.password = null
	ssl.keystore.type = JKS
	ssl.protocol = TLSv1.3
	ssl.provider = null
	ssl.secure.random.implementation = null
	ssl.trustmanager.algorithm = PKIX
	ssl.truststore.certificates = null
	ssl.truststore.location = null
	ssl.truststore.password = null
	ssl.truststore.type = JKS
	value.deserializer = class io.apicurio.registry.serde.avro.AvroKafkaDeserializer

2025-08-07 12:25:10,253 INFO  [org.apa.kaf.com.tel.int.KafkaMetricsCollector] (main) initializing Kafka metrics collector
2025-08-07 12:25:10,262 INFO  [org.apa.kaf.cli.con.ConsumerConfig] (main) These configurations '[apicurio.registry.avro.encoding, apicurio.registry.url]' were supplied but are not used yet.
2025-08-07 12:25:10,262 INFO  [org.apa.kaf.com.uti.AppInfoParser] (main) Kafka version: 3.9.1
2025-08-07 12:25:10,263 INFO  [org.apa.kaf.com.uti.AppInfoParser] (main) Kafka commitId: f745dfdcee2b9851
2025-08-07 12:25:10,263 INFO  [org.apa.kaf.com.uti.AppInfoParser] (main) Kafka startTimeMs: 1754569510262
2025-08-07 12:25:10,265 INFO  [org.apa.kaf.cli.con.int.ClassicKafkaConsumer] (Thread-618) [Consumer clientId=consumer-Consumer-topic-48eb3adb_6818_4304_ab70_486065131a0c-3, groupId=Consumer-topic-48eb3adb_6818_4304_ab70_486065131a0c] Subscribed to topic(s): topic-48eb3adb_6818_4304_ab70_486065131a0c
2025-08-07 12:25:10,272 INFO  [org.apa.kaf.cli.Metadata] (Thread-618) [Consumer clientId=consumer-Consumer-topic-48eb3adb_6818_4304_ab70_486065131a0c-3, groupId=Consumer-topic-48eb3adb_6818_4304_ab70_486065131a0c] Cluster ID: w_73WABzQ2iBfYWfnNB4Cg
2025-08-07 12:25:10,281 INFO  [org.apa.kaf.cli.con.int.ConsumerCoordinator] (Thread-618) [Consumer clientId=consumer-Consumer-topic-48eb3adb_6818_4304_ab70_486065131a0c-3, groupId=Consumer-topic-48eb3adb_6818_4304_ab70_486065131a0c] Discovered group coordinator localhost:32769 (id: 2147483647 rack: null)
2025-08-07 12:25:10,287 INFO  [org.apa.kaf.cli.con.int.ConsumerCoordinator] (Thread-618) [Consumer clientId=consumer-Consumer-topic-48eb3adb_6818_4304_ab70_486065131a0c-3, groupId=Consumer-topic-48eb3adb_6818_4304_ab70_486065131a0c] (Re-)joining group
2025-08-07 12:25:10,296 INFO  [org.apa.kaf.cli.con.int.ConsumerCoordinator] (Thread-618) [Consumer clientId=consumer-Consumer-topic-48eb3adb_6818_4304_ab70_486065131a0c-3, groupId=Consumer-topic-48eb3adb_6818_4304_ab70_486065131a0c] Request joining group due to: need to re-join with the given member-id: consumer-Consumer-topic-48eb3adb_6818_4304_ab70_486065131a0c-3-5a6cd652-2e93-46df-b85f-35289d12cc62
2025-08-07 12:25:10,296 INFO  [org.apa.kaf.cli.con.int.ConsumerCoordinator] (Thread-618) [Consumer clientId=consumer-Consumer-topic-48eb3adb_6818_4304_ab70_486065131a0c-3, groupId=Consumer-topic-48eb3adb_6818_4304_ab70_486065131a0c] (Re-)joining group
2025-08-07 12:25:11,265 INFO  [io.api.tes.ser.api.KafkaSerdesTester] (Thread-618) None found
2025-08-07 12:25:12,267 INFO  [io.api.tes.ser.api.KafkaSerdesTester] (Thread-618) None found
2025-08-07 12:25:13,268 INFO  [io.api.tes.ser.api.KafkaSerdesTester] (Thread-618) None found
2025-08-07 12:25:13,300 INFO  [org.apa.kaf.cli.con.int.ConsumerCoordinator] (Thread-618) [Consumer clientId=consumer-Consumer-topic-48eb3adb_6818_4304_ab70_486065131a0c-3, groupId=Consumer-topic-48eb3adb_6818_4304_ab70_486065131a0c] Successfully joined group with generation Generation{generationId=1, memberId='consumer-Consumer-topic-48eb3adb_6818_4304_ab70_486065131a0c-3-5a6cd652-2e93-46df-b85f-35289d12cc62', protocol='range'}
2025-08-07 12:25:13,300 INFO  [org.apa.kaf.cli.con.int.ConsumerCoordinator] (Thread-618) [Consumer clientId=consumer-Consumer-topic-48eb3adb_6818_4304_ab70_486065131a0c-3, groupId=Consumer-topic-48eb3adb_6818_4304_ab70_486065131a0c] Finished assignment for group at generation 1: {consumer-Consumer-topic-48eb3adb_6818_4304_ab70_486065131a0c-3-5a6cd652-2e93-46df-b85f-35289d12cc62=Assignment(partitions=[topic-48eb3adb_6818_4304_ab70_486065131a0c-0])}
2025-08-07 12:25:13,308 INFO  [org.apa.kaf.cli.con.int.ConsumerCoordinator] (Thread-618) [Consumer clientId=consumer-Consumer-topic-48eb3adb_6818_4304_ab70_486065131a0c-3, groupId=Consumer-topic-48eb3adb_6818_4304_ab70_486065131a0c] Successfully synced group in generation Generation{generationId=1, memberId='consumer-Consumer-topic-48eb3adb_6818_4304_ab70_486065131a0c-3-5a6cd652-2e93-46df-b85f-35289d12cc62', protocol='range'}
2025-08-07 12:25:13,308 INFO  [org.apa.kaf.cli.con.int.ConsumerCoordinator] (Thread-618) [Consumer clientId=consumer-Consumer-topic-48eb3adb_6818_4304_ab70_486065131a0c-3, groupId=Consumer-topic-48eb3adb_6818_4304_ab70_486065131a0c] Notifying assignor about the new Assignment(partitions=[topic-48eb3adb_6818_4304_ab70_486065131a0c-0])
2025-08-07 12:25:13,308 INFO  [org.apa.kaf.cli.con.int.ConsumerRebalanceListenerInvoker] (Thread-618) [Consumer clientId=consumer-Consumer-topic-48eb3adb_6818_4304_ab70_486065131a0c-3, groupId=Consumer-topic-48eb3adb_6818_4304_ab70_486065131a0c] Adding newly assigned partitions: topic-48eb3adb_6818_4304_ab70_486065131a0c-0
2025-08-07 12:25:13,309 INFO  [org.apa.kaf.cli.con.int.ConsumerCoordinator] (Thread-618) [Consumer clientId=consumer-Consumer-topic-48eb3adb_6818_4304_ab70_486065131a0c-3, groupId=Consumer-topic-48eb3adb_6818_4304_ab70_486065131a0c] Found no committed offset for partition topic-48eb3adb_6818_4304_ab70_486065131a0c-0
2025-08-07 12:25:13,314 INFO  [org.apa.kaf.cli.con.int.SubscriptionState] (Thread-618) [Consumer clientId=consumer-Consumer-topic-48eb3adb_6818_4304_ab70_486065131a0c-3, groupId=Consumer-topic-48eb3adb_6818_4304_ab70_486065131a0c] Resetting offset for partition topic-48eb3adb_6818_4304_ab70_486065131a0c-0 to position FetchPosition{offset=0, offsetEpoch=Optional.empty, currentLeader=LeaderAndEpoch{leader=Optional[localhost:32769 (id: 0 rack: null)], epoch=0}}.
2025-08-07 12:25:13,589 INFO  [io.api.tes.ser.api.KafkaSerdesTester] (Thread-618) topic-48eb3adb_6818_4304_ab70_486065131a0c 0 0 {"bar": "value-0"}
2025-08-07 12:25:13,589 INFO  [io.api.tes.ser.api.KafkaSerdesTester] (Thread-618) topic-48eb3adb_6818_4304_ab70_486065131a0c 0 1 {"bar": "value-1"}
2025-08-07 12:25:13,591 INFO  [io.api.tes.ser.api.KafkaSerdesTester] (Thread-618) topic-48eb3adb_6818_4304_ab70_486065131a0c 0 2 {"bar": "value-2"}
2025-08-07 12:25:13,591 INFO  [io.api.tes.ser.api.KafkaSerdesTester] (Thread-618) topic-48eb3adb_6818_4304_ab70_486065131a0c 0 3 {"bar": "value-3"}
2025-08-07 12:25:13,591 INFO  [io.api.tes.ser.api.KafkaSerdesTester] (Thread-618) topic-48eb3adb_6818_4304_ab70_486065131a0c 0 4 {"bar": "value-4"}
2025-08-07 12:25:13,591 INFO  [io.api.tes.ser.api.KafkaSerdesTester] (Thread-618) topic-48eb3adb_6818_4304_ab70_486065131a0c 0 5 {"bar": "value-5"}
2025-08-07 12:25:13,591 INFO  [io.api.tes.ser.api.KafkaSerdesTester] (Thread-618) topic-48eb3adb_6818_4304_ab70_486065131a0c 0 6 {"bar": "value-6"}
2025-08-07 12:25:13,591 INFO  [io.api.tes.ser.api.KafkaSerdesTester] (Thread-618) topic-48eb3adb_6818_4304_ab70_486065131a0c 0 7 {"bar": "value-7"}
2025-08-07 12:25:13,593 INFO  [io.api.tes.ser.api.KafkaSerdesTester] (Thread-618) topic-48eb3adb_6818_4304_ab70_486065131a0c 0 8 {"bar": "value-8"}
2025-08-07 12:25:13,593 INFO  [io.api.tes.ser.api.KafkaSerdesTester] (Thread-618) topic-48eb3adb_6818_4304_ab70_486065131a0c 0 9 {"bar": "value-9"}
2025-08-07 12:25:13,593 INFO  [io.api.tes.ser.api.KafkaSerdesTester] (Thread-618) Consumed 10 messages
2025-08-07 12:25:13,601 INFO  [org.apa.kaf.cli.con.int.ConsumerRebalanceListenerInvoker] (Thread-618) [Consumer clientId=consumer-Consumer-topic-48eb3adb_6818_4304_ab70_486065131a0c-3, groupId=Consumer-topic-48eb3adb_6818_4304_ab70_486065131a0c] Revoke previously assigned partitions topic-48eb3adb_6818_4304_ab70_486065131a0c-0
2025-08-07 12:25:13,601 INFO  [org.apa.kaf.cli.con.int.ConsumerCoordinator] (Thread-618) [Consumer clientId=consumer-Consumer-topic-48eb3adb_6818_4304_ab70_486065131a0c-3, groupId=Consumer-topic-48eb3adb_6818_4304_ab70_486065131a0c] Member consumer-Consumer-topic-48eb3adb_6818_4304_ab70_486065131a0c-3-5a6cd652-2e93-46df-b85f-35289d12cc62 sending LeaveGroup request to coordinator localhost:32769 (id: 2147483647 rack: null) due to the consumer is being closed
2025-08-07 12:25:13,601 INFO  [org.apa.kaf.cli.con.int.ConsumerCoordinator] (Thread-618) [Consumer clientId=consumer-Consumer-topic-48eb3adb_6818_4304_ab70_486065131a0c-3, groupId=Consumer-topic-48eb3adb_6818_4304_ab70_486065131a0c] Resetting generation and member id due to: consumer pro-actively leaving the group
2025-08-07 12:25:13,601 INFO  [org.apa.kaf.cli.con.int.ConsumerCoordinator] (Thread-618) [Consumer clientId=consumer-Consumer-topic-48eb3adb_6818_4304_ab70_486065131a0c-3, groupId=Consumer-topic-48eb3adb_6818_4304_ab70_486065131a0c] Request joining group due to: consumer pro-actively leaving the group
2025-08-07 12:25:14,093 INFO  [org.apa.kaf.com.met.Metrics] (Thread-618) Metrics scheduler closed
2025-08-07 12:25:14,093 INFO  [org.apa.kaf.com.met.Metrics] (Thread-618) Closing reporter org.apache.kafka.common.metrics.JmxReporter
2025-08-07 12:25:14,094 INFO  [org.apa.kaf.com.met.Metrics] (Thread-618) Closing reporter org.apache.kafka.common.telemetry.internals.ClientTelemetryReporter
2025-08-07 12:25:14,094 INFO  [org.apa.kaf.com.met.Metrics] (Thread-618) Metrics reporters closed
2025-08-07 12:25:14,101 INFO  [org.apa.kaf.com.uti.AppInfoParser] (Thread-618) App info kafka.consumer for consumer-Consumer-topic-48eb3adb_6818_4304_ab70_486065131a0c-3 unregistered
2025-08-07 12:25:14,101 INFO  [io.api.tes.uti.TestSeparator] (main) io.apicurio.tests.serdes.apicurio.AvroSerdeIT.testAvroJSON-FINISHED
2025-08-07 12:25:14,101 INFO  [io.api.tes.uti.TestSeparator] (main) ############################################################################
Test passed: testAvroJSON
]]></system-out>
  </testcase>
  <testcase name="testTopicIdStrategyAutoRegister" classname="io.apicurio.tests.serdes.apicurio.AvroSerdeIT" time="4.674">
    <system-out><![CDATA[2025-08-07 12:25:14,106 INFO  [io.api.tes.uti.TestSeparator] (main) ############################################################################
2025-08-07 12:25:14,106 INFO  [io.api.tes.uti.TestSeparator] (main) io.apicurio.tests.serdes.apicurio.AvroSerdeIT.testTopicIdStrategyAutoRegister-STARTED
**** Registry Base URL: http://registry-app-mysql.apps.ci419.apicurio-testing.org:80
2025-08-07 12:25:14,110 INFO  [org.apa.kaf.cli.pro.ProducerConfig] (main) ProducerConfig values: 
	acks = -1
	auto.include.jmx.reporter = true
	batch.size = 16384
	bootstrap.servers = [PLAINTEXT://localhost:32769]
	buffer.memory = 33554432
	client.dns.lookup = use_all_dns_ips
	client.id = Producer-topic-d91aac18_2459_49cd_84da_1d6d412a7f55
	compression.gzip.level = -1
	compression.lz4.level = 9
	compression.type = none
	compression.zstd.level = 3
	connections.max.idle.ms = 10000
	delivery.timeout.ms = 120000
	enable.idempotence = true
	enable.metrics.push = true
	interceptor.classes = []
	key.serializer = class org.apache.kafka.common.serialization.StringSerializer
	linger.ms = 0
	max.block.ms = 60000
	max.in.flight.requests.per.connection = 5
	max.request.size = 1048576
	metadata.max.age.ms = 300000
	metadata.max.idle.ms = 300000
	metadata.recovery.strategy = none
	metric.reporters = []
	metrics.num.samples = 2
	metrics.recording.level = INFO
	metrics.sample.window.ms = 30000
	partitioner.adaptive.partitioning.enable = true
	partitioner.availability.timeout.ms = 0
	partitioner.class = null
	partitioner.ignore.keys = false
	receive.buffer.bytes = 32768
	reconnect.backoff.max.ms = 1000
	reconnect.backoff.ms = 50
	request.timeout.ms = 5000
	retries = 2147483647
	retry.backoff.max.ms = 1000
	retry.backoff.ms = 100
	sasl.client.callback.handler.class = null
	sasl.jaas.config = null
	sasl.kerberos.kinit.cmd = /usr/bin/kinit
	sasl.kerberos.min.time.before.relogin = 60000
	sasl.kerberos.service.name = null
	sasl.kerberos.ticket.renew.jitter = 0.05
	sasl.kerberos.ticket.renew.window.factor = 0.8
	sasl.login.callback.handler.class = null
	sasl.login.class = null
	sasl.login.connect.timeout.ms = null
	sasl.login.read.timeout.ms = null
	sasl.login.refresh.buffer.seconds = 300
	sasl.login.refresh.min.period.seconds = 60
	sasl.login.refresh.window.factor = 0.8
	sasl.login.refresh.window.jitter = 0.05
	sasl.login.retry.backoff.max.ms = 10000
	sasl.login.retry.backoff.ms = 100
	sasl.mechanism = GSSAPI
	sasl.oauthbearer.clock.skew.seconds = 30
	sasl.oauthbearer.expected.audience = null
	sasl.oauthbearer.expected.issuer = null
	sasl.oauthbearer.header.urlencode = false
	sasl.oauthbearer.jwks.endpoint.refresh.ms = 3600000
	sasl.oauthbearer.jwks.endpoint.retry.backoff.max.ms = 10000
	sasl.oauthbearer.jwks.endpoint.retry.backoff.ms = 100
	sasl.oauthbearer.jwks.endpoint.url = null
	sasl.oauthbearer.scope.claim.name = scope
	sasl.oauthbearer.sub.claim.name = sub
	sasl.oauthbearer.token.endpoint.url = null
	security.protocol = PLAINTEXT
	security.providers = null
	send.buffer.bytes = 131072
	socket.connection.setup.timeout.max.ms = 30000
	socket.connection.setup.timeout.ms = 10000
	ssl.cipher.suites = null
	ssl.enabled.protocols = [TLSv1.2, TLSv1.3]
	ssl.endpoint.identification.algorithm = https
	ssl.engine.factory.class = null
	ssl.key.password = null
	ssl.keymanager.algorithm = SunX509
	ssl.keystore.certificate.chain = null
	ssl.keystore.key = null
	ssl.keystore.location = null
	ssl.keystore.password = null
	ssl.keystore.type = JKS
	ssl.protocol = TLSv1.3
	ssl.provider = null
	ssl.secure.random.implementation = null
	ssl.trustmanager.algorithm = PKIX
	ssl.truststore.certificates = null
	ssl.truststore.location = null
	ssl.truststore.password = null
	ssl.truststore.type = JKS
	transaction.timeout.ms = 60000
	transactional.id = null
	value.serializer = class io.apicurio.registry.serde.avro.AvroKafkaSerializer

2025-08-07 12:25:14,113 INFO  [org.apa.kaf.com.tel.int.KafkaMetricsCollector] (main) initializing Kafka metrics collector
2025-08-07 12:25:14,118 INFO  [org.apa.kaf.cli.pro.KafkaProducer] (main) [Producer clientId=Producer-topic-d91aac18_2459_49cd_84da_1d6d412a7f55] Instantiated an idempotent producer.
2025-08-07 12:25:14,121 INFO  [org.apa.kaf.cli.pro.ProducerConfig] (main) These configurations '[apicurio.registry.url, apicurio.registry.auto-register, apicurio.registry.artifact-resolver-strategy]' were supplied but are not used yet.
2025-08-07 12:25:14,121 INFO  [org.apa.kaf.com.uti.AppInfoParser] (main) Kafka version: 3.9.1
2025-08-07 12:25:14,121 INFO  [org.apa.kaf.com.uti.AppInfoParser] (main) Kafka commitId: f745dfdcee2b9851
2025-08-07 12:25:14,123 INFO  [org.apa.kaf.com.uti.AppInfoParser] (main) Kafka startTimeMs: 1754569514121
2025-08-07 12:25:14,123 INFO  [io.api.tes.ser.api.SimpleSerdesTesterBuilder$SimpleSerdesTester] (main) Using producer configuration: {apicurio.registry.url=http://registry-app-mysql.apps.ci419.apicurio-testing.org:80/apis/registry/v3, apicurio.registry.auto-register=true, apicurio.registry.artifact-resolver-strategy=io.apicurio.registry.serde.strategy.TopicIdStrategy, value.serializer=io.apicurio.registry.serde.avro.AvroKafkaSerializer, request.timeout.ms=5000, acks=all, bootstrap.servers=PLAINTEXT://localhost:32769, connections.max.idle.ms=10000, key.serializer=org.apache.kafka.common.serialization.StringSerializer, client.id=Producer-topic-d91aac18_2459_49cd_84da_1d6d412a7f55}
2025-08-07 12:25:14,124 INFO  [io.api.tes.ser.api.SimpleSerdesTesterBuilder$SimpleSerdesTester] (main) Using consumer configuration: {}
2025-08-07 12:25:14,125 INFO  [io.api.tes.ser.api.KafkaSerdesTester] (Thread-621) Sending message {"key11754569514107": "value-0"} to topic topic-d91aac18_2459_49cd_84da_1d6d412a7f55
2025-08-07 12:25:14,134 WARN  [org.apa.kaf.cli.NetworkClient] (kafka-producer-network-thread | Producer-topic-d91aac18_2459_49cd_84da_1d6d412a7f55) [Producer clientId=Producer-topic-d91aac18_2459_49cd_84da_1d6d412a7f55] The metadata response from the cluster reported a recoverable issue with correlation id 1 : {topic-d91aac18_2459_49cd_84da_1d6d412a7f55=UNKNOWN_TOPIC_OR_PARTITION}
2025-08-07 12:25:14,134 INFO  [org.apa.kaf.cli.Metadata] (kafka-producer-network-thread | Producer-topic-d91aac18_2459_49cd_84da_1d6d412a7f55) [Producer clientId=Producer-topic-d91aac18_2459_49cd_84da_1d6d412a7f55] Cluster ID: w_73WABzQ2iBfYWfnNB4Cg
2025-08-07 12:25:14,137 INFO  [org.apa.kaf.cli.pro.int.TransactionManager] (kafka-producer-network-thread | Producer-topic-d91aac18_2459_49cd_84da_1d6d412a7f55) [Producer clientId=Producer-topic-d91aac18_2459_49cd_84da_1d6d412a7f55] ProducerId set to 4 with epoch 0
2025-08-07 12:25:14,459 INFO  [io.api.tes.ser.api.KafkaSerdesTester] (Thread-621) Sending message {"key11754569514107": "value-1"} to topic topic-d91aac18_2459_49cd_84da_1d6d412a7f55
2025-08-07 12:25:14,462 INFO  [io.api.tes.ser.api.KafkaSerdesTester] (Thread-621) Sending message {"key11754569514107": "value-2"} to topic topic-d91aac18_2459_49cd_84da_1d6d412a7f55
2025-08-07 12:25:14,464 INFO  [io.api.tes.ser.api.KafkaSerdesTester] (Thread-621) Sending message {"key11754569514107": "value-3"} to topic topic-d91aac18_2459_49cd_84da_1d6d412a7f55
2025-08-07 12:25:14,465 INFO  [io.api.tes.ser.api.KafkaSerdesTester] (Thread-621) Sending message {"key11754569514107": "value-4"} to topic topic-d91aac18_2459_49cd_84da_1d6d412a7f55
2025-08-07 12:25:14,467 INFO  [io.api.tes.ser.api.KafkaSerdesTester] (Thread-621) Sending message {"key11754569514107": "value-5"} to topic topic-d91aac18_2459_49cd_84da_1d6d412a7f55
2025-08-07 12:25:14,469 INFO  [io.api.tes.ser.api.KafkaSerdesTester] (Thread-621) Sending message {"key11754569514107": "value-6"} to topic topic-d91aac18_2459_49cd_84da_1d6d412a7f55
2025-08-07 12:25:14,472 INFO  [io.api.tes.ser.api.KafkaSerdesTester] (Thread-621) Sending message {"key11754569514107": "value-7"} to topic topic-d91aac18_2459_49cd_84da_1d6d412a7f55
2025-08-07 12:25:14,475 INFO  [io.api.tes.ser.api.KafkaSerdesTester] (Thread-621) Sending message {"key11754569514107": "value-8"} to topic topic-d91aac18_2459_49cd_84da_1d6d412a7f55
2025-08-07 12:25:14,477 INFO  [io.api.tes.ser.api.KafkaSerdesTester] (Thread-621) Sending message {"key11754569514107": "value-9"} to topic topic-d91aac18_2459_49cd_84da_1d6d412a7f55
2025-08-07 12:25:14,480 INFO  [io.api.tes.ser.api.KafkaSerdesTester] (Thread-621) Produced 10 messages
2025-08-07 12:25:14,480 INFO  [org.apa.kaf.cli.pro.KafkaProducer] (Thread-621) [Producer clientId=Producer-topic-d91aac18_2459_49cd_84da_1d6d412a7f55] Closing the Kafka producer with timeoutMillis = 9223372036854775807 ms.
2025-08-07 12:25:14,484 INFO  [org.apa.kaf.com.met.Metrics] (Thread-621) Metrics scheduler closed
2025-08-07 12:25:14,484 INFO  [org.apa.kaf.com.met.Metrics] (Thread-621) Closing reporter org.apache.kafka.common.metrics.JmxReporter
2025-08-07 12:25:14,484 INFO  [org.apa.kaf.com.met.Metrics] (Thread-621) Closing reporter org.apache.kafka.common.telemetry.internals.ClientTelemetryReporter
2025-08-07 12:25:14,484 INFO  [org.apa.kaf.com.met.Metrics] (Thread-621) Metrics reporters closed
2025-08-07 12:25:14,484 INFO  [org.apa.kaf.com.uti.AppInfoParser] (Thread-621) App info kafka.producer for Producer-topic-d91aac18_2459_49cd_84da_1d6d412a7f55 unregistered
**** Registry Base URL: http://registry-app-mysql.apps.ci419.apicurio-testing.org:80
2025-08-07 12:25:14,671 INFO  [org.apa.kaf.cli.con.ConsumerConfig] (main) ConsumerConfig values: 
	allow.auto.create.topics = true
	auto.commit.interval.ms = 500
	auto.include.jmx.reporter = true
	auto.offset.reset = earliest
	bootstrap.servers = [PLAINTEXT://localhost:32769]
	check.crcs = true
	client.dns.lookup = use_all_dns_ips
	client.id = consumer-Consumer-topic-d91aac18_2459_49cd_84da_1d6d412a7f55-4
	client.rack = 
	connections.max.idle.ms = 10000
	default.api.timeout.ms = 60000
	enable.auto.commit = true
	enable.metrics.push = true
	exclude.internal.topics = true
	fetch.max.bytes = 52428800
	fetch.max.wait.ms = 500
	fetch.min.bytes = 1
	group.id = Consumer-topic-d91aac18_2459_49cd_84da_1d6d412a7f55
	group.instance.id = null
	group.protocol = classic
	group.remote.assignor = null
	heartbeat.interval.ms = 3000
	interceptor.classes = []
	internal.leave.group.on.close = true
	internal.throw.on.fetch.stable.offset.unsupported = false
	isolation.level = read_uncommitted
	key.deserializer = class org.apache.kafka.common.serialization.StringDeserializer
	max.partition.fetch.bytes = 1048576
	max.poll.interval.ms = 300000
	max.poll.records = 500
	metadata.max.age.ms = 300000
	metadata.recovery.strategy = none
	metric.reporters = []
	metrics.num.samples = 2
	metrics.recording.level = INFO
	metrics.sample.window.ms = 30000
	partition.assignment.strategy = [class org.apache.kafka.clients.consumer.RangeAssignor, class org.apache.kafka.clients.consumer.CooperativeStickyAssignor]
	receive.buffer.bytes = 65536
	reconnect.backoff.max.ms = 1000
	reconnect.backoff.ms = 50
	request.timeout.ms = 5000
	retry.backoff.max.ms = 1000
	retry.backoff.ms = 100
	sasl.client.callback.handler.class = null
	sasl.jaas.config = null
	sasl.kerberos.kinit.cmd = /usr/bin/kinit
	sasl.kerberos.min.time.before.relogin = 60000
	sasl.kerberos.service.name = null
	sasl.kerberos.ticket.renew.jitter = 0.05
	sasl.kerberos.ticket.renew.window.factor = 0.8
	sasl.login.callback.handler.class = null
	sasl.login.class = null
	sasl.login.connect.timeout.ms = null
	sasl.login.read.timeout.ms = null
	sasl.login.refresh.buffer.seconds = 300
	sasl.login.refresh.min.period.seconds = 60
	sasl.login.refresh.window.factor = 0.8
	sasl.login.refresh.window.jitter = 0.05
	sasl.login.retry.backoff.max.ms = 10000
	sasl.login.retry.backoff.ms = 100
	sasl.mechanism = GSSAPI
	sasl.oauthbearer.clock.skew.seconds = 30
	sasl.oauthbearer.expected.audience = null
	sasl.oauthbearer.expected.issuer = null
	sasl.oauthbearer.header.urlencode = false
	sasl.oauthbearer.jwks.endpoint.refresh.ms = 3600000
	sasl.oauthbearer.jwks.endpoint.retry.backoff.max.ms = 10000
	sasl.oauthbearer.jwks.endpoint.retry.backoff.ms = 100
	sasl.oauthbearer.jwks.endpoint.url = null
	sasl.oauthbearer.scope.claim.name = scope
	sasl.oauthbearer.sub.claim.name = sub
	sasl.oauthbearer.token.endpoint.url = null
	security.protocol = PLAINTEXT
	security.providers = null
	send.buffer.bytes = 131072
	session.timeout.ms = 45000
	socket.connection.setup.timeout.max.ms = 30000
	socket.connection.setup.timeout.ms = 10000
	ssl.cipher.suites = null
	ssl.enabled.protocols = [TLSv1.2, TLSv1.3]
	ssl.endpoint.identification.algorithm = https
	ssl.engine.factory.class = null
	ssl.key.password = null
	ssl.keymanager.algorithm = SunX509
	ssl.keystore.certificate.chain = null
	ssl.keystore.key = null
	ssl.keystore.location = null
	ssl.keystore.password = null
	ssl.keystore.type = JKS
	ssl.protocol = TLSv1.3
	ssl.provider = null
	ssl.secure.random.implementation = null
	ssl.trustmanager.algorithm = PKIX
	ssl.truststore.certificates = null
	ssl.truststore.location = null
	ssl.truststore.password = null
	ssl.truststore.type = JKS
	value.deserializer = class io.apicurio.registry.serde.avro.AvroKafkaDeserializer

2025-08-07 12:25:14,671 INFO  [org.apa.kaf.com.tel.int.KafkaMetricsCollector] (main) initializing Kafka metrics collector
2025-08-07 12:25:14,679 INFO  [org.apa.kaf.cli.con.ConsumerConfig] (main) These configurations '[apicurio.registry.url]' were supplied but are not used yet.
2025-08-07 12:25:14,679 INFO  [org.apa.kaf.com.uti.AppInfoParser] (main) Kafka version: 3.9.1
2025-08-07 12:25:14,679 INFO  [org.apa.kaf.com.uti.AppInfoParser] (main) Kafka commitId: f745dfdcee2b9851
2025-08-07 12:25:14,679 INFO  [org.apa.kaf.com.uti.AppInfoParser] (main) Kafka startTimeMs: 1754569514679
2025-08-07 12:25:14,679 INFO  [org.apa.kaf.cli.con.int.ClassicKafkaConsumer] (Thread-624) [Consumer clientId=consumer-Consumer-topic-d91aac18_2459_49cd_84da_1d6d412a7f55-4, groupId=Consumer-topic-d91aac18_2459_49cd_84da_1d6d412a7f55] Subscribed to topic(s): topic-d91aac18_2459_49cd_84da_1d6d412a7f55
2025-08-07 12:25:14,694 INFO  [org.apa.kaf.cli.Metadata] (Thread-624) [Consumer clientId=consumer-Consumer-topic-d91aac18_2459_49cd_84da_1d6d412a7f55-4, groupId=Consumer-topic-d91aac18_2459_49cd_84da_1d6d412a7f55] Cluster ID: w_73WABzQ2iBfYWfnNB4Cg
2025-08-07 12:25:14,695 INFO  [org.apa.kaf.cli.con.int.ConsumerCoordinator] (Thread-624) [Consumer clientId=consumer-Consumer-topic-d91aac18_2459_49cd_84da_1d6d412a7f55-4, groupId=Consumer-topic-d91aac18_2459_49cd_84da_1d6d412a7f55] Discovered group coordinator localhost:32769 (id: 2147483647 rack: null)
2025-08-07 12:25:14,702 INFO  [org.apa.kaf.cli.con.int.ConsumerCoordinator] (Thread-624) [Consumer clientId=consumer-Consumer-topic-d91aac18_2459_49cd_84da_1d6d412a7f55-4, groupId=Consumer-topic-d91aac18_2459_49cd_84da_1d6d412a7f55] (Re-)joining group
2025-08-07 12:25:14,705 INFO  [org.apa.kaf.cli.con.int.ConsumerCoordinator] (Thread-624) [Consumer clientId=consumer-Consumer-topic-d91aac18_2459_49cd_84da_1d6d412a7f55-4, groupId=Consumer-topic-d91aac18_2459_49cd_84da_1d6d412a7f55] Request joining group due to: need to re-join with the given member-id: consumer-Consumer-topic-d91aac18_2459_49cd_84da_1d6d412a7f55-4-026c0bbb-cb01-4e82-a094-108d9fbf4ef4
2025-08-07 12:25:14,705 INFO  [org.apa.kaf.cli.con.int.ConsumerCoordinator] (Thread-624) [Consumer clientId=consumer-Consumer-topic-d91aac18_2459_49cd_84da_1d6d412a7f55-4, groupId=Consumer-topic-d91aac18_2459_49cd_84da_1d6d412a7f55] (Re-)joining group
2025-08-07 12:25:15,680 INFO  [io.api.tes.ser.api.KafkaSerdesTester] (Thread-624) None found
2025-08-07 12:25:16,680 INFO  [io.api.tes.ser.api.KafkaSerdesTester] (Thread-624) None found
2025-08-07 12:25:17,680 INFO  [io.api.tes.ser.api.KafkaSerdesTester] (Thread-624) None found
2025-08-07 12:25:17,707 INFO  [org.apa.kaf.cli.con.int.ConsumerCoordinator] (Thread-624) [Consumer clientId=consumer-Consumer-topic-d91aac18_2459_49cd_84da_1d6d412a7f55-4, groupId=Consumer-topic-d91aac18_2459_49cd_84da_1d6d412a7f55] Successfully joined group with generation Generation{generationId=1, memberId='consumer-Consumer-topic-d91aac18_2459_49cd_84da_1d6d412a7f55-4-026c0bbb-cb01-4e82-a094-108d9fbf4ef4', protocol='range'}
2025-08-07 12:25:17,707 INFO  [org.apa.kaf.cli.con.int.ConsumerCoordinator] (Thread-624) [Consumer clientId=consumer-Consumer-topic-d91aac18_2459_49cd_84da_1d6d412a7f55-4, groupId=Consumer-topic-d91aac18_2459_49cd_84da_1d6d412a7f55] Finished assignment for group at generation 1: {consumer-Consumer-topic-d91aac18_2459_49cd_84da_1d6d412a7f55-4-026c0bbb-cb01-4e82-a094-108d9fbf4ef4=Assignment(partitions=[topic-d91aac18_2459_49cd_84da_1d6d412a7f55-0])}
2025-08-07 12:25:17,715 INFO  [org.apa.kaf.cli.con.int.ConsumerCoordinator] (kafka-coordinator-heartbeat-thread | Consumer-topic-d91aac18_2459_49cd_84da_1d6d412a7f55) [Consumer clientId=consumer-Consumer-topic-d91aac18_2459_49cd_84da_1d6d412a7f55-4, groupId=Consumer-topic-d91aac18_2459_49cd_84da_1d6d412a7f55] Successfully synced group in generation Generation{generationId=1, memberId='consumer-Consumer-topic-d91aac18_2459_49cd_84da_1d6d412a7f55-4-026c0bbb-cb01-4e82-a094-108d9fbf4ef4', protocol='range'}
2025-08-07 12:25:17,715 INFO  [org.apa.kaf.cli.con.int.ConsumerCoordinator] (Thread-624) [Consumer clientId=consumer-Consumer-topic-d91aac18_2459_49cd_84da_1d6d412a7f55-4, groupId=Consumer-topic-d91aac18_2459_49cd_84da_1d6d412a7f55] Notifying assignor about the new Assignment(partitions=[topic-d91aac18_2459_49cd_84da_1d6d412a7f55-0])
2025-08-07 12:25:17,715 INFO  [org.apa.kaf.cli.con.int.ConsumerRebalanceListenerInvoker] (Thread-624) [Consumer clientId=consumer-Consumer-topic-d91aac18_2459_49cd_84da_1d6d412a7f55-4, groupId=Consumer-topic-d91aac18_2459_49cd_84da_1d6d412a7f55] Adding newly assigned partitions: topic-d91aac18_2459_49cd_84da_1d6d412a7f55-0
2025-08-07 12:25:17,718 INFO  [org.apa.kaf.cli.con.int.ConsumerCoordinator] (Thread-624) [Consumer clientId=consumer-Consumer-topic-d91aac18_2459_49cd_84da_1d6d412a7f55-4, groupId=Consumer-topic-d91aac18_2459_49cd_84da_1d6d412a7f55] Found no committed offset for partition topic-d91aac18_2459_49cd_84da_1d6d412a7f55-0
2025-08-07 12:25:17,723 INFO  [org.apa.kaf.cli.con.int.SubscriptionState] (Thread-624) [Consumer clientId=consumer-Consumer-topic-d91aac18_2459_49cd_84da_1d6d412a7f55-4, groupId=Consumer-topic-d91aac18_2459_49cd_84da_1d6d412a7f55] Resetting offset for partition topic-d91aac18_2459_49cd_84da_1d6d412a7f55-0 to position FetchPosition{offset=0, offsetEpoch=Optional.empty, currentLeader=LeaderAndEpoch{leader=Optional[localhost:32769 (id: 0 rack: null)], epoch=0}}.
2025-08-07 12:25:18,008 INFO  [io.api.tes.ser.api.KafkaSerdesTester] (Thread-624) topic-d91aac18_2459_49cd_84da_1d6d412a7f55 0 0 {"key11754569514107": "value-0"}
2025-08-07 12:25:18,009 INFO  [io.api.tes.ser.api.KafkaSerdesTester] (Thread-624) topic-d91aac18_2459_49cd_84da_1d6d412a7f55 0 1 {"key11754569514107": "value-1"}
2025-08-07 12:25:18,009 INFO  [io.api.tes.ser.api.KafkaSerdesTester] (Thread-624) topic-d91aac18_2459_49cd_84da_1d6d412a7f55 0 2 {"key11754569514107": "value-2"}
2025-08-07 12:25:18,009 INFO  [io.api.tes.ser.api.KafkaSerdesTester] (Thread-624) topic-d91aac18_2459_49cd_84da_1d6d412a7f55 0 3 {"key11754569514107": "value-3"}
2025-08-07 12:25:18,009 INFO  [io.api.tes.ser.api.KafkaSerdesTester] (Thread-624) topic-d91aac18_2459_49cd_84da_1d6d412a7f55 0 4 {"key11754569514107": "value-4"}
2025-08-07 12:25:18,009 INFO  [io.api.tes.ser.api.KafkaSerdesTester] (Thread-624) topic-d91aac18_2459_49cd_84da_1d6d412a7f55 0 5 {"key11754569514107": "value-5"}
2025-08-07 12:25:18,009 INFO  [io.api.tes.ser.api.KafkaSerdesTester] (Thread-624) topic-d91aac18_2459_49cd_84da_1d6d412a7f55 0 6 {"key11754569514107": "value-6"}
2025-08-07 12:25:18,009 INFO  [io.api.tes.ser.api.KafkaSerdesTester] (Thread-624) topic-d91aac18_2459_49cd_84da_1d6d412a7f55 0 7 {"key11754569514107": "value-7"}
2025-08-07 12:25:18,009 INFO  [io.api.tes.ser.api.KafkaSerdesTester] (Thread-624) topic-d91aac18_2459_49cd_84da_1d6d412a7f55 0 8 {"key11754569514107": "value-8"}
2025-08-07 12:25:18,010 INFO  [io.api.tes.ser.api.KafkaSerdesTester] (Thread-624) topic-d91aac18_2459_49cd_84da_1d6d412a7f55 0 9 {"key11754569514107": "value-9"}
2025-08-07 12:25:18,010 INFO  [io.api.tes.ser.api.KafkaSerdesTester] (Thread-624) Consumed 10 messages
2025-08-07 12:25:18,017 INFO  [org.apa.kaf.cli.con.int.ConsumerRebalanceListenerInvoker] (Thread-624) [Consumer clientId=consumer-Consumer-topic-d91aac18_2459_49cd_84da_1d6d412a7f55-4, groupId=Consumer-topic-d91aac18_2459_49cd_84da_1d6d412a7f55] Revoke previously assigned partitions topic-d91aac18_2459_49cd_84da_1d6d412a7f55-0
2025-08-07 12:25:18,017 INFO  [org.apa.kaf.cli.con.int.ConsumerCoordinator] (Thread-624) [Consumer clientId=consumer-Consumer-topic-d91aac18_2459_49cd_84da_1d6d412a7f55-4, groupId=Consumer-topic-d91aac18_2459_49cd_84da_1d6d412a7f55] Member consumer-Consumer-topic-d91aac18_2459_49cd_84da_1d6d412a7f55-4-026c0bbb-cb01-4e82-a094-108d9fbf4ef4 sending LeaveGroup request to coordinator localhost:32769 (id: 2147483647 rack: null) due to the consumer is being closed
2025-08-07 12:25:18,018 INFO  [org.apa.kaf.cli.con.int.ConsumerCoordinator] (Thread-624) [Consumer clientId=consumer-Consumer-topic-d91aac18_2459_49cd_84da_1d6d412a7f55-4, groupId=Consumer-topic-d91aac18_2459_49cd_84da_1d6d412a7f55] Resetting generation and member id due to: consumer pro-actively leaving the group
2025-08-07 12:25:18,018 INFO  [org.apa.kaf.cli.con.int.ConsumerCoordinator] (Thread-624) [Consumer clientId=consumer-Consumer-topic-d91aac18_2459_49cd_84da_1d6d412a7f55-4, groupId=Consumer-topic-d91aac18_2459_49cd_84da_1d6d412a7f55] Request joining group due to: consumer pro-actively leaving the group
2025-08-07 12:25:18,512 INFO  [org.apa.kaf.com.met.Metrics] (Thread-624) Metrics scheduler closed
2025-08-07 12:25:18,512 INFO  [org.apa.kaf.com.met.Metrics] (Thread-624) Closing reporter org.apache.kafka.common.metrics.JmxReporter
2025-08-07 12:25:18,512 INFO  [org.apa.kaf.com.met.Metrics] (Thread-624) Closing reporter org.apache.kafka.common.telemetry.internals.ClientTelemetryReporter
2025-08-07 12:25:18,512 INFO  [org.apa.kaf.com.met.Metrics] (Thread-624) Metrics reporters closed
2025-08-07 12:25:18,516 INFO  [org.apa.kaf.com.uti.AppInfoParser] (Thread-624) App info kafka.consumer for consumer-Consumer-topic-d91aac18_2459_49cd_84da_1d6d412a7f55-4 unregistered
2025-08-07 12:25:18,779 INFO  [io.api.tes.uti.TestSeparator] (main) io.apicurio.tests.serdes.apicurio.AvroSerdeIT.testTopicIdStrategyAutoRegister-FINISHED
2025-08-07 12:25:18,779 INFO  [io.api.tes.uti.TestSeparator] (main) ############################################################################
Test passed: testTopicIdStrategyAutoRegister
]]></system-out>
  </testcase>
  <testcase name="testRecordIdStrategydFindLatest" classname="io.apicurio.tests.serdes.apicurio.AvroSerdeIT" time="5.445">
    <system-out><![CDATA[2025-08-07 12:25:18,781 INFO  [io.api.tes.uti.TestSeparator] (main) ############################################################################
2025-08-07 12:25:18,781 INFO  [io.api.tes.uti.TestSeparator] (main) io.apicurio.tests.serdes.apicurio.AvroSerdeIT.testRecordIdStrategydFindLatest-STARTED
2025-08-07 12:25:18,782 INFO  [io.api.tes.ser.api.AvroSerdeIT] (main) Registering Avro Schema: {"type":"record","name":"sfd058291xd116x4f6axb61bx6b525c7ccc7c","namespace":"s1661f036x55b9x4d56x8eaaxdda04695e27b","fields":[{"name":"key11754569518781","type":"string"}]}
**** Registry Base URL: http://registry-app-mysql.apps.ci419.apicurio-testing.org:80
2025-08-07 12:25:19,998 INFO  [org.apa.kaf.cli.pro.ProducerConfig] (main) ProducerConfig values: 
	acks = -1
	auto.include.jmx.reporter = true
	batch.size = 16384
	bootstrap.servers = [PLAINTEXT://localhost:32769]
	buffer.memory = 33554432
	client.dns.lookup = use_all_dns_ips
	client.id = Producer-topic-25dac82e_04dd_43fe_baba_09c0d52a1b00
	compression.gzip.level = -1
	compression.lz4.level = 9
	compression.type = none
	compression.zstd.level = 3
	connections.max.idle.ms = 10000
	delivery.timeout.ms = 120000
	enable.idempotence = true
	enable.metrics.push = true
	interceptor.classes = []
	key.serializer = class org.apache.kafka.common.serialization.StringSerializer
	linger.ms = 0
	max.block.ms = 60000
	max.in.flight.requests.per.connection = 5
	max.request.size = 1048576
	metadata.max.age.ms = 300000
	metadata.max.idle.ms = 300000
	metadata.recovery.strategy = none
	metric.reporters = []
	metrics.num.samples = 2
	metrics.recording.level = INFO
	metrics.sample.window.ms = 30000
	partitioner.adaptive.partitioning.enable = true
	partitioner.availability.timeout.ms = 0
	partitioner.class = null
	partitioner.ignore.keys = false
	receive.buffer.bytes = 32768
	reconnect.backoff.max.ms = 1000
	reconnect.backoff.ms = 50
	request.timeout.ms = 5000
	retries = 2147483647
	retry.backoff.max.ms = 1000
	retry.backoff.ms = 100
	sasl.client.callback.handler.class = null
	sasl.jaas.config = null
	sasl.kerberos.kinit.cmd = /usr/bin/kinit
	sasl.kerberos.min.time.before.relogin = 60000
	sasl.kerberos.service.name = null
	sasl.kerberos.ticket.renew.jitter = 0.05
	sasl.kerberos.ticket.renew.window.factor = 0.8
	sasl.login.callback.handler.class = null
	sasl.login.class = null
	sasl.login.connect.timeout.ms = null
	sasl.login.read.timeout.ms = null
	sasl.login.refresh.buffer.seconds = 300
	sasl.login.refresh.min.period.seconds = 60
	sasl.login.refresh.window.factor = 0.8
	sasl.login.refresh.window.jitter = 0.05
	sasl.login.retry.backoff.max.ms = 10000
	sasl.login.retry.backoff.ms = 100
	sasl.mechanism = GSSAPI
	sasl.oauthbearer.clock.skew.seconds = 30
	sasl.oauthbearer.expected.audience = null
	sasl.oauthbearer.expected.issuer = null
	sasl.oauthbearer.header.urlencode = false
	sasl.oauthbearer.jwks.endpoint.refresh.ms = 3600000
	sasl.oauthbearer.jwks.endpoint.retry.backoff.max.ms = 10000
	sasl.oauthbearer.jwks.endpoint.retry.backoff.ms = 100
	sasl.oauthbearer.jwks.endpoint.url = null
	sasl.oauthbearer.scope.claim.name = scope
	sasl.oauthbearer.sub.claim.name = sub
	sasl.oauthbearer.token.endpoint.url = null
	security.protocol = PLAINTEXT
	security.providers = null
	send.buffer.bytes = 131072
	socket.connection.setup.timeout.max.ms = 30000
	socket.connection.setup.timeout.ms = 10000
	ssl.cipher.suites = null
	ssl.enabled.protocols = [TLSv1.2, TLSv1.3]
	ssl.endpoint.identification.algorithm = https
	ssl.engine.factory.class = null
	ssl.key.password = null
	ssl.keymanager.algorithm = SunX509
	ssl.keystore.certificate.chain = null
	ssl.keystore.key = null
	ssl.keystore.location = null
	ssl.keystore.password = null
	ssl.keystore.type = JKS
	ssl.protocol = TLSv1.3
	ssl.provider = null
	ssl.secure.random.implementation = null
	ssl.trustmanager.algorithm = PKIX
	ssl.truststore.certificates = null
	ssl.truststore.location = null
	ssl.truststore.password = null
	ssl.truststore.type = JKS
	transaction.timeout.ms = 60000
	transactional.id = null
	value.serializer = class io.apicurio.registry.serde.avro.AvroKafkaSerializer

2025-08-07 12:25:19,999 INFO  [org.apa.kaf.com.tel.int.KafkaMetricsCollector] (main) initializing Kafka metrics collector
2025-08-07 12:25:20,003 INFO  [org.apa.kaf.cli.pro.KafkaProducer] (main) [Producer clientId=Producer-topic-25dac82e_04dd_43fe_baba_09c0d52a1b00] Instantiated an idempotent producer.
2025-08-07 12:25:20,005 INFO  [org.apa.kaf.cli.pro.ProducerConfig] (main) These configurations '[apicurio.registry.find-latest, apicurio.registry.url, apicurio.registry.artifact-resolver-strategy]' were supplied but are not used yet.
2025-08-07 12:25:20,005 INFO  [org.apa.kaf.com.uti.AppInfoParser] (main) Kafka version: 3.9.1
2025-08-07 12:25:20,005 INFO  [org.apa.kaf.com.uti.AppInfoParser] (main) Kafka commitId: f745dfdcee2b9851
2025-08-07 12:25:20,005 INFO  [org.apa.kaf.com.uti.AppInfoParser] (main) Kafka startTimeMs: 1754569520005
2025-08-07 12:25:20,005 INFO  [io.api.tes.ser.api.SimpleSerdesTesterBuilder$SimpleSerdesTester] (main) Using producer configuration: {apicurio.registry.find-latest=true, apicurio.registry.url=http://registry-app-mysql.apps.ci419.apicurio-testing.org:80/apis/registry/v3, apicurio.registry.artifact-resolver-strategy=io.apicurio.registry.serde.avro.strategy.RecordIdStrategy, value.serializer=io.apicurio.registry.serde.avro.AvroKafkaSerializer, request.timeout.ms=5000, acks=all, bootstrap.servers=PLAINTEXT://localhost:32769, connections.max.idle.ms=10000, key.serializer=org.apache.kafka.common.serialization.StringSerializer, client.id=Producer-topic-25dac82e_04dd_43fe_baba_09c0d52a1b00}
2025-08-07 12:25:20,005 INFO  [io.api.tes.ser.api.SimpleSerdesTesterBuilder$SimpleSerdesTester] (main) Using consumer configuration: {}
2025-08-07 12:25:20,008 INFO  [io.api.tes.ser.api.KafkaSerdesTester] (Thread-627) Sending message {"key11754569518781": "value-0"} to topic topic-25dac82e_04dd_43fe_baba_09c0d52a1b00
2025-08-07 12:25:20,012 INFO  [org.apa.kaf.cli.Metadata] (kafka-producer-network-thread | Producer-topic-25dac82e_04dd_43fe_baba_09c0d52a1b00) [Producer clientId=Producer-topic-25dac82e_04dd_43fe_baba_09c0d52a1b00] Cluster ID: w_73WABzQ2iBfYWfnNB4Cg
2025-08-07 12:25:20,013 INFO  [org.apa.kaf.cli.pro.int.TransactionManager] (kafka-producer-network-thread | Producer-topic-25dac82e_04dd_43fe_baba_09c0d52a1b00) [Producer clientId=Producer-topic-25dac82e_04dd_43fe_baba_09c0d52a1b00] ProducerId set to 5 with epoch 0
2025-08-07 12:25:20,365 INFO  [io.api.tes.ser.api.KafkaSerdesTester] (Thread-627) Sending message {"key11754569518781": "value-1"} to topic topic-25dac82e_04dd_43fe_baba_09c0d52a1b00
2025-08-07 12:25:20,367 INFO  [io.api.tes.ser.api.KafkaSerdesTester] (Thread-627) Sending message {"key11754569518781": "value-2"} to topic topic-25dac82e_04dd_43fe_baba_09c0d52a1b00
2025-08-07 12:25:20,369 INFO  [io.api.tes.ser.api.KafkaSerdesTester] (Thread-627) Sending message {"key11754569518781": "value-3"} to topic topic-25dac82e_04dd_43fe_baba_09c0d52a1b00
2025-08-07 12:25:20,371 INFO  [io.api.tes.ser.api.KafkaSerdesTester] (Thread-627) Sending message {"key11754569518781": "value-4"} to topic topic-25dac82e_04dd_43fe_baba_09c0d52a1b00
2025-08-07 12:25:20,377 INFO  [io.api.tes.ser.api.KafkaSerdesTester] (Thread-627) Sending message {"key11754569518781": "value-5"} to topic topic-25dac82e_04dd_43fe_baba_09c0d52a1b00
2025-08-07 12:25:20,379 INFO  [io.api.tes.ser.api.KafkaSerdesTester] (Thread-627) Sending message {"key11754569518781": "value-6"} to topic topic-25dac82e_04dd_43fe_baba_09c0d52a1b00
2025-08-07 12:25:20,383 INFO  [io.api.tes.ser.api.KafkaSerdesTester] (Thread-627) Sending message {"key11754569518781": "value-7"} to topic topic-25dac82e_04dd_43fe_baba_09c0d52a1b00
2025-08-07 12:25:20,387 INFO  [io.api.tes.ser.api.KafkaSerdesTester] (Thread-627) Sending message {"key11754569518781": "value-8"} to topic topic-25dac82e_04dd_43fe_baba_09c0d52a1b00
2025-08-07 12:25:20,393 INFO  [io.api.tes.ser.api.KafkaSerdesTester] (Thread-627) Sending message {"key11754569518781": "value-9"} to topic topic-25dac82e_04dd_43fe_baba_09c0d52a1b00
2025-08-07 12:25:20,396 INFO  [io.api.tes.ser.api.KafkaSerdesTester] (Thread-627) Produced 10 messages
2025-08-07 12:25:20,396 INFO  [org.apa.kaf.cli.pro.KafkaProducer] (Thread-627) [Producer clientId=Producer-topic-25dac82e_04dd_43fe_baba_09c0d52a1b00] Closing the Kafka producer with timeoutMillis = 9223372036854775807 ms.
2025-08-07 12:25:20,398 INFO  [org.apa.kaf.com.met.Metrics] (Thread-627) Metrics scheduler closed
2025-08-07 12:25:20,398 INFO  [org.apa.kaf.com.met.Metrics] (Thread-627) Closing reporter org.apache.kafka.common.metrics.JmxReporter
2025-08-07 12:25:20,398 INFO  [org.apa.kaf.com.met.Metrics] (Thread-627) Closing reporter org.apache.kafka.common.telemetry.internals.ClientTelemetryReporter
2025-08-07 12:25:20,399 INFO  [org.apa.kaf.com.met.Metrics] (Thread-627) Metrics reporters closed
2025-08-07 12:25:20,399 INFO  [org.apa.kaf.com.uti.AppInfoParser] (Thread-627) App info kafka.producer for Producer-topic-25dac82e_04dd_43fe_baba_09c0d52a1b00 unregistered
**** Registry Base URL: http://registry-app-mysql.apps.ci419.apicurio-testing.org:80
2025-08-07 12:25:20,400 INFO  [org.apa.kaf.cli.con.ConsumerConfig] (main) ConsumerConfig values: 
	allow.auto.create.topics = true
	auto.commit.interval.ms = 500
	auto.include.jmx.reporter = true
	auto.offset.reset = earliest
	bootstrap.servers = [PLAINTEXT://localhost:32769]
	check.crcs = true
	client.dns.lookup = use_all_dns_ips
	client.id = consumer-Consumer-topic-25dac82e_04dd_43fe_baba_09c0d52a1b00-5
	client.rack = 
	connections.max.idle.ms = 10000
	default.api.timeout.ms = 60000
	enable.auto.commit = true
	enable.metrics.push = true
	exclude.internal.topics = true
	fetch.max.bytes = 52428800
	fetch.max.wait.ms = 500
	fetch.min.bytes = 1
	group.id = Consumer-topic-25dac82e_04dd_43fe_baba_09c0d52a1b00
	group.instance.id = null
	group.protocol = classic
	group.remote.assignor = null
	heartbeat.interval.ms = 3000
	interceptor.classes = []
	internal.leave.group.on.close = true
	internal.throw.on.fetch.stable.offset.unsupported = false
	isolation.level = read_uncommitted
	key.deserializer = class org.apache.kafka.common.serialization.StringDeserializer
	max.partition.fetch.bytes = 1048576
	max.poll.interval.ms = 300000
	max.poll.records = 500
	metadata.max.age.ms = 300000
	metadata.recovery.strategy = none
	metric.reporters = []
	metrics.num.samples = 2
	metrics.recording.level = INFO
	metrics.sample.window.ms = 30000
	partition.assignment.strategy = [class org.apache.kafka.clients.consumer.RangeAssignor, class org.apache.kafka.clients.consumer.CooperativeStickyAssignor]
	receive.buffer.bytes = 65536
	reconnect.backoff.max.ms = 1000
	reconnect.backoff.ms = 50
	request.timeout.ms = 5000
	retry.backoff.max.ms = 1000
	retry.backoff.ms = 100
	sasl.client.callback.handler.class = null
	sasl.jaas.config = null
	sasl.kerberos.kinit.cmd = /usr/bin/kinit
	sasl.kerberos.min.time.before.relogin = 60000
	sasl.kerberos.service.name = null
	sasl.kerberos.ticket.renew.jitter = 0.05
	sasl.kerberos.ticket.renew.window.factor = 0.8
	sasl.login.callback.handler.class = null
	sasl.login.class = null
	sasl.login.connect.timeout.ms = null
	sasl.login.read.timeout.ms = null
	sasl.login.refresh.buffer.seconds = 300
	sasl.login.refresh.min.period.seconds = 60
	sasl.login.refresh.window.factor = 0.8
	sasl.login.refresh.window.jitter = 0.05
	sasl.login.retry.backoff.max.ms = 10000
	sasl.login.retry.backoff.ms = 100
	sasl.mechanism = GSSAPI
	sasl.oauthbearer.clock.skew.seconds = 30
	sasl.oauthbearer.expected.audience = null
	sasl.oauthbearer.expected.issuer = null
	sasl.oauthbearer.header.urlencode = false
	sasl.oauthbearer.jwks.endpoint.refresh.ms = 3600000
	sasl.oauthbearer.jwks.endpoint.retry.backoff.max.ms = 10000
	sasl.oauthbearer.jwks.endpoint.retry.backoff.ms = 100
	sasl.oauthbearer.jwks.endpoint.url = null
	sasl.oauthbearer.scope.claim.name = scope
	sasl.oauthbearer.sub.claim.name = sub
	sasl.oauthbearer.token.endpoint.url = null
	security.protocol = PLAINTEXT
	security.providers = null
	send.buffer.bytes = 131072
	session.timeout.ms = 45000
	socket.connection.setup.timeout.max.ms = 30000
	socket.connection.setup.timeout.ms = 10000
	ssl.cipher.suites = null
	ssl.enabled.protocols = [TLSv1.2, TLSv1.3]
	ssl.endpoint.identification.algorithm = https
	ssl.engine.factory.class = null
	ssl.key.password = null
	ssl.keymanager.algorithm = SunX509
	ssl.keystore.certificate.chain = null
	ssl.keystore.key = null
	ssl.keystore.location = null
	ssl.keystore.password = null
	ssl.keystore.type = JKS
	ssl.protocol = TLSv1.3
	ssl.provider = null
	ssl.secure.random.implementation = null
	ssl.trustmanager.algorithm = PKIX
	ssl.truststore.certificates = null
	ssl.truststore.location = null
	ssl.truststore.password = null
	ssl.truststore.type = JKS
	value.deserializer = class io.apicurio.registry.serde.avro.AvroKafkaDeserializer

2025-08-07 12:25:20,400 INFO  [org.apa.kaf.com.tel.int.KafkaMetricsCollector] (main) initializing Kafka metrics collector
2025-08-07 12:25:20,408 INFO  [org.apa.kaf.cli.con.ConsumerConfig] (main) These configurations '[apicurio.registry.url]' were supplied but are not used yet.
2025-08-07 12:25:20,408 INFO  [org.apa.kaf.com.uti.AppInfoParser] (main) Kafka version: 3.9.1
2025-08-07 12:25:20,408 INFO  [org.apa.kaf.com.uti.AppInfoParser] (main) Kafka commitId: f745dfdcee2b9851
2025-08-07 12:25:20,408 INFO  [org.apa.kaf.com.uti.AppInfoParser] (main) Kafka startTimeMs: 1754569520408
2025-08-07 12:25:20,409 INFO  [org.apa.kaf.cli.con.int.ClassicKafkaConsumer] (Thread-630) [Consumer clientId=consumer-Consumer-topic-25dac82e_04dd_43fe_baba_09c0d52a1b00-5, groupId=Consumer-topic-25dac82e_04dd_43fe_baba_09c0d52a1b00] Subscribed to topic(s): topic-25dac82e_04dd_43fe_baba_09c0d52a1b00
2025-08-07 12:25:20,418 INFO  [org.apa.kaf.cli.Metadata] (Thread-630) [Consumer clientId=consumer-Consumer-topic-25dac82e_04dd_43fe_baba_09c0d52a1b00-5, groupId=Consumer-topic-25dac82e_04dd_43fe_baba_09c0d52a1b00] Cluster ID: w_73WABzQ2iBfYWfnNB4Cg
2025-08-07 12:25:20,424 INFO  [org.apa.kaf.cli.con.int.ConsumerCoordinator] (Thread-630) [Consumer clientId=consumer-Consumer-topic-25dac82e_04dd_43fe_baba_09c0d52a1b00-5, groupId=Consumer-topic-25dac82e_04dd_43fe_baba_09c0d52a1b00] Discovered group coordinator localhost:32769 (id: 2147483647 rack: null)
2025-08-07 12:25:20,429 INFO  [org.apa.kaf.cli.con.int.ConsumerCoordinator] (Thread-630) [Consumer clientId=consumer-Consumer-topic-25dac82e_04dd_43fe_baba_09c0d52a1b00-5, groupId=Consumer-topic-25dac82e_04dd_43fe_baba_09c0d52a1b00] (Re-)joining group
2025-08-07 12:25:20,432 INFO  [org.apa.kaf.cli.con.int.ConsumerCoordinator] (Thread-630) [Consumer clientId=consumer-Consumer-topic-25dac82e_04dd_43fe_baba_09c0d52a1b00-5, groupId=Consumer-topic-25dac82e_04dd_43fe_baba_09c0d52a1b00] Request joining group due to: need to re-join with the given member-id: consumer-Consumer-topic-25dac82e_04dd_43fe_baba_09c0d52a1b00-5-320f2051-15b9-4712-a992-8165766d5290
2025-08-07 12:25:20,433 INFO  [org.apa.kaf.cli.con.int.ConsumerCoordinator] (Thread-630) [Consumer clientId=consumer-Consumer-topic-25dac82e_04dd_43fe_baba_09c0d52a1b00-5, groupId=Consumer-topic-25dac82e_04dd_43fe_baba_09c0d52a1b00] (Re-)joining group
2025-08-07 12:25:21,409 INFO  [io.api.tes.ser.api.KafkaSerdesTester] (Thread-630) None found
2025-08-07 12:25:22,409 INFO  [io.api.tes.ser.api.KafkaSerdesTester] (Thread-630) None found
2025-08-07 12:25:23,410 INFO  [io.api.tes.ser.api.KafkaSerdesTester] (Thread-630) None found
2025-08-07 12:25:23,435 INFO  [org.apa.kaf.cli.con.int.ConsumerCoordinator] (Thread-630) [Consumer clientId=consumer-Consumer-topic-25dac82e_04dd_43fe_baba_09c0d52a1b00-5, groupId=Consumer-topic-25dac82e_04dd_43fe_baba_09c0d52a1b00] Successfully joined group with generation Generation{generationId=1, memberId='consumer-Consumer-topic-25dac82e_04dd_43fe_baba_09c0d52a1b00-5-320f2051-15b9-4712-a992-8165766d5290', protocol='range'}
2025-08-07 12:25:23,436 INFO  [org.apa.kaf.cli.con.int.ConsumerCoordinator] (Thread-630) [Consumer clientId=consumer-Consumer-topic-25dac82e_04dd_43fe_baba_09c0d52a1b00-5, groupId=Consumer-topic-25dac82e_04dd_43fe_baba_09c0d52a1b00] Finished assignment for group at generation 1: {consumer-Consumer-topic-25dac82e_04dd_43fe_baba_09c0d52a1b00-5-320f2051-15b9-4712-a992-8165766d5290=Assignment(partitions=[topic-25dac82e_04dd_43fe_baba_09c0d52a1b00-0])}
2025-08-07 12:25:23,443 INFO  [org.apa.kaf.cli.con.int.ConsumerCoordinator] (Thread-630) [Consumer clientId=consumer-Consumer-topic-25dac82e_04dd_43fe_baba_09c0d52a1b00-5, groupId=Consumer-topic-25dac82e_04dd_43fe_baba_09c0d52a1b00] Successfully synced group in generation Generation{generationId=1, memberId='consumer-Consumer-topic-25dac82e_04dd_43fe_baba_09c0d52a1b00-5-320f2051-15b9-4712-a992-8165766d5290', protocol='range'}
2025-08-07 12:25:23,443 INFO  [org.apa.kaf.cli.con.int.ConsumerCoordinator] (Thread-630) [Consumer clientId=consumer-Consumer-topic-25dac82e_04dd_43fe_baba_09c0d52a1b00-5, groupId=Consumer-topic-25dac82e_04dd_43fe_baba_09c0d52a1b00] Notifying assignor about the new Assignment(partitions=[topic-25dac82e_04dd_43fe_baba_09c0d52a1b00-0])
2025-08-07 12:25:23,443 INFO  [org.apa.kaf.cli.con.int.ConsumerRebalanceListenerInvoker] (Thread-630) [Consumer clientId=consumer-Consumer-topic-25dac82e_04dd_43fe_baba_09c0d52a1b00-5, groupId=Consumer-topic-25dac82e_04dd_43fe_baba_09c0d52a1b00] Adding newly assigned partitions: topic-25dac82e_04dd_43fe_baba_09c0d52a1b00-0
2025-08-07 12:25:23,446 INFO  [org.apa.kaf.cli.con.int.ConsumerCoordinator] (Thread-630) [Consumer clientId=consumer-Consumer-topic-25dac82e_04dd_43fe_baba_09c0d52a1b00-5, groupId=Consumer-topic-25dac82e_04dd_43fe_baba_09c0d52a1b00] Found no committed offset for partition topic-25dac82e_04dd_43fe_baba_09c0d52a1b00-0
2025-08-07 12:25:23,448 INFO  [org.apa.kaf.cli.con.int.SubscriptionState] (Thread-630) [Consumer clientId=consumer-Consumer-topic-25dac82e_04dd_43fe_baba_09c0d52a1b00-5, groupId=Consumer-topic-25dac82e_04dd_43fe_baba_09c0d52a1b00] Resetting offset for partition topic-25dac82e_04dd_43fe_baba_09c0d52a1b00-0 to position FetchPosition{offset=0, offsetEpoch=Optional.empty, currentLeader=LeaderAndEpoch{leader=Optional[localhost:32769 (id: 0 rack: null)], epoch=0}}.
2025-08-07 12:25:23,716 INFO  [io.api.tes.ser.api.KafkaSerdesTester] (Thread-630) topic-25dac82e_04dd_43fe_baba_09c0d52a1b00 0 0 {"key11754569518781": "value-0"}
2025-08-07 12:25:23,716 INFO  [io.api.tes.ser.api.KafkaSerdesTester] (Thread-630) topic-25dac82e_04dd_43fe_baba_09c0d52a1b00 0 1 {"key11754569518781": "value-1"}
2025-08-07 12:25:23,716 INFO  [io.api.tes.ser.api.KafkaSerdesTester] (Thread-630) topic-25dac82e_04dd_43fe_baba_09c0d52a1b00 0 2 {"key11754569518781": "value-2"}
2025-08-07 12:25:23,716 INFO  [io.api.tes.ser.api.KafkaSerdesTester] (Thread-630) topic-25dac82e_04dd_43fe_baba_09c0d52a1b00 0 3 {"key11754569518781": "value-3"}
2025-08-07 12:25:23,716 INFO  [io.api.tes.ser.api.KafkaSerdesTester] (Thread-630) topic-25dac82e_04dd_43fe_baba_09c0d52a1b00 0 4 {"key11754569518781": "value-4"}
2025-08-07 12:25:23,716 INFO  [io.api.tes.ser.api.KafkaSerdesTester] (Thread-630) topic-25dac82e_04dd_43fe_baba_09c0d52a1b00 0 5 {"key11754569518781": "value-5"}
2025-08-07 12:25:23,716 INFO  [io.api.tes.ser.api.KafkaSerdesTester] (Thread-630) topic-25dac82e_04dd_43fe_baba_09c0d52a1b00 0 6 {"key11754569518781": "value-6"}
2025-08-07 12:25:23,717 INFO  [io.api.tes.ser.api.KafkaSerdesTester] (Thread-630) topic-25dac82e_04dd_43fe_baba_09c0d52a1b00 0 7 {"key11754569518781": "value-7"}
2025-08-07 12:25:23,717 INFO  [io.api.tes.ser.api.KafkaSerdesTester] (Thread-630) topic-25dac82e_04dd_43fe_baba_09c0d52a1b00 0 8 {"key11754569518781": "value-8"}
2025-08-07 12:25:23,717 INFO  [io.api.tes.ser.api.KafkaSerdesTester] (Thread-630) topic-25dac82e_04dd_43fe_baba_09c0d52a1b00 0 9 {"key11754569518781": "value-9"}
2025-08-07 12:25:23,717 INFO  [io.api.tes.ser.api.KafkaSerdesTester] (Thread-630) Consumed 10 messages
2025-08-07 12:25:23,725 INFO  [org.apa.kaf.cli.con.int.ConsumerRebalanceListenerInvoker] (Thread-630) [Consumer clientId=consumer-Consumer-topic-25dac82e_04dd_43fe_baba_09c0d52a1b00-5, groupId=Consumer-topic-25dac82e_04dd_43fe_baba_09c0d52a1b00] Revoke previously assigned partitions topic-25dac82e_04dd_43fe_baba_09c0d52a1b00-0
2025-08-07 12:25:23,725 INFO  [org.apa.kaf.cli.con.int.ConsumerCoordinator] (Thread-630) [Consumer clientId=consumer-Consumer-topic-25dac82e_04dd_43fe_baba_09c0d52a1b00-5, groupId=Consumer-topic-25dac82e_04dd_43fe_baba_09c0d52a1b00] Member consumer-Consumer-topic-25dac82e_04dd_43fe_baba_09c0d52a1b00-5-320f2051-15b9-4712-a992-8165766d5290 sending LeaveGroup request to coordinator localhost:32769 (id: 2147483647 rack: null) due to the consumer is being closed
2025-08-07 12:25:23,725 INFO  [org.apa.kaf.cli.con.int.ConsumerCoordinator] (Thread-630) [Consumer clientId=consumer-Consumer-topic-25dac82e_04dd_43fe_baba_09c0d52a1b00-5, groupId=Consumer-topic-25dac82e_04dd_43fe_baba_09c0d52a1b00] Resetting generation and member id due to: consumer pro-actively leaving the group
2025-08-07 12:25:23,725 INFO  [org.apa.kaf.cli.con.int.ConsumerCoordinator] (Thread-630) [Consumer clientId=consumer-Consumer-topic-25dac82e_04dd_43fe_baba_09c0d52a1b00-5, groupId=Consumer-topic-25dac82e_04dd_43fe_baba_09c0d52a1b00] Request joining group due to: consumer pro-actively leaving the group
2025-08-07 12:25:24,220 INFO  [org.apa.kaf.com.met.Metrics] (Thread-630) Metrics scheduler closed
2025-08-07 12:25:24,220 INFO  [org.apa.kaf.com.met.Metrics] (Thread-630) Closing reporter org.apache.kafka.common.metrics.JmxReporter
2025-08-07 12:25:24,220 INFO  [org.apa.kaf.com.met.Metrics] (Thread-630) Closing reporter org.apache.kafka.common.telemetry.internals.ClientTelemetryReporter
2025-08-07 12:25:24,220 INFO  [org.apa.kaf.com.met.Metrics] (Thread-630) Metrics reporters closed
2025-08-07 12:25:24,223 INFO  [org.apa.kaf.com.uti.AppInfoParser] (Thread-630) App info kafka.consumer for consumer-Consumer-topic-25dac82e_04dd_43fe_baba_09c0d52a1b00-5 unregistered
2025-08-07 12:25:24,225 INFO  [io.api.tes.uti.TestSeparator] (main) io.apicurio.tests.serdes.apicurio.AvroSerdeIT.testRecordIdStrategydFindLatest-FINISHED
2025-08-07 12:25:24,225 INFO  [io.api.tes.uti.TestSeparator] (main) ############################################################################
Test passed: testRecordIdStrategydFindLatest
]]></system-out>
  </testcase>
  <testcase name="testReflectAutoRegister" classname="io.apicurio.tests.serdes.apicurio.AvroSerdeIT" time="4.486">
    <system-out><![CDATA[2025-08-07 12:25:24,230 INFO  [io.api.tes.uti.TestSeparator] (main) ############################################################################
2025-08-07 12:25:24,230 INFO  [io.api.tes.uti.TestSeparator] (main) io.apicurio.tests.serdes.apicurio.AvroSerdeIT.testReflectAutoRegister-STARTED
**** Registry Base URL: http://registry-app-mysql.apps.ci419.apicurio-testing.org:80
2025-08-07 12:25:24,234 INFO  [org.apa.kaf.cli.pro.ProducerConfig] (main) ProducerConfig values: 
	acks = -1
	auto.include.jmx.reporter = true
	batch.size = 16384
	bootstrap.servers = [PLAINTEXT://localhost:32769]
	buffer.memory = 33554432
	client.dns.lookup = use_all_dns_ips
	client.id = Producer-topic-ae04ace5_49f8_43d2_9623_54ac95e2183a
	compression.gzip.level = -1
	compression.lz4.level = 9
	compression.type = none
	compression.zstd.level = 3
	connections.max.idle.ms = 10000
	delivery.timeout.ms = 120000
	enable.idempotence = true
	enable.metrics.push = true
	interceptor.classes = []
	key.serializer = class org.apache.kafka.common.serialization.StringSerializer
	linger.ms = 0
	max.block.ms = 60000
	max.in.flight.requests.per.connection = 5
	max.request.size = 1048576
	metadata.max.age.ms = 300000
	metadata.max.idle.ms = 300000
	metadata.recovery.strategy = none
	metric.reporters = []
	metrics.num.samples = 2
	metrics.recording.level = INFO
	metrics.sample.window.ms = 30000
	partitioner.adaptive.partitioning.enable = true
	partitioner.availability.timeout.ms = 0
	partitioner.class = null
	partitioner.ignore.keys = false
	receive.buffer.bytes = 32768
	reconnect.backoff.max.ms = 1000
	reconnect.backoff.ms = 50
	request.timeout.ms = 5000
	retries = 2147483647
	retry.backoff.max.ms = 1000
	retry.backoff.ms = 100
	sasl.client.callback.handler.class = null
	sasl.jaas.config = null
	sasl.kerberos.kinit.cmd = /usr/bin/kinit
	sasl.kerberos.min.time.before.relogin = 60000
	sasl.kerberos.service.name = null
	sasl.kerberos.ticket.renew.jitter = 0.05
	sasl.kerberos.ticket.renew.window.factor = 0.8
	sasl.login.callback.handler.class = null
	sasl.login.class = null
	sasl.login.connect.timeout.ms = null
	sasl.login.read.timeout.ms = null
	sasl.login.refresh.buffer.seconds = 300
	sasl.login.refresh.min.period.seconds = 60
	sasl.login.refresh.window.factor = 0.8
	sasl.login.refresh.window.jitter = 0.05
	sasl.login.retry.backoff.max.ms = 10000
	sasl.login.retry.backoff.ms = 100
	sasl.mechanism = GSSAPI
	sasl.oauthbearer.clock.skew.seconds = 30
	sasl.oauthbearer.expected.audience = null
	sasl.oauthbearer.expected.issuer = null
	sasl.oauthbearer.header.urlencode = false
	sasl.oauthbearer.jwks.endpoint.refresh.ms = 3600000
	sasl.oauthbearer.jwks.endpoint.retry.backoff.max.ms = 10000
	sasl.oauthbearer.jwks.endpoint.retry.backoff.ms = 100
	sasl.oauthbearer.jwks.endpoint.url = null
	sasl.oauthbearer.scope.claim.name = scope
	sasl.oauthbearer.sub.claim.name = sub
	sasl.oauthbearer.token.endpoint.url = null
	security.protocol = PLAINTEXT
	security.providers = null
	send.buffer.bytes = 131072
	socket.connection.setup.timeout.max.ms = 30000
	socket.connection.setup.timeout.ms = 10000
	ssl.cipher.suites = null
	ssl.enabled.protocols = [TLSv1.2, TLSv1.3]
	ssl.endpoint.identification.algorithm = https
	ssl.engine.factory.class = null
	ssl.key.password = null
	ssl.keymanager.algorithm = SunX509
	ssl.keystore.certificate.chain = null
	ssl.keystore.key = null
	ssl.keystore.location = null
	ssl.keystore.password = null
	ssl.keystore.type = JKS
	ssl.protocol = TLSv1.3
	ssl.provider = null
	ssl.secure.random.implementation = null
	ssl.trustmanager.algorithm = PKIX
	ssl.truststore.certificates = null
	ssl.truststore.location = null
	ssl.truststore.password = null
	ssl.truststore.type = JKS
	transaction.timeout.ms = 60000
	transactional.id = null
	value.serializer = class io.apicurio.registry.serde.avro.AvroKafkaSerializer

2025-08-07 12:25:24,234 INFO  [org.apa.kaf.com.tel.int.KafkaMetricsCollector] (main) initializing Kafka metrics collector
2025-08-07 12:25:24,245 INFO  [org.apa.kaf.cli.pro.KafkaProducer] (main) [Producer clientId=Producer-topic-ae04ace5_49f8_43d2_9623_54ac95e2183a] Instantiated an idempotent producer.
2025-08-07 12:25:24,248 INFO  [org.apa.kaf.cli.pro.ProducerConfig] (main) These configurations '[apicurio.registry.url, apicurio.registry.auto-register, apicurio.registry.artifact-resolver-strategy, apicurio.registry.avro-datum-provider]' were supplied but are not used yet.
2025-08-07 12:25:24,248 INFO  [org.apa.kaf.com.uti.AppInfoParser] (main) Kafka version: 3.9.1
2025-08-07 12:25:24,248 INFO  [org.apa.kaf.com.uti.AppInfoParser] (main) Kafka commitId: f745dfdcee2b9851
2025-08-07 12:25:24,248 INFO  [org.apa.kaf.com.uti.AppInfoParser] (main) Kafka startTimeMs: 1754569524248
2025-08-07 12:25:24,248 INFO  [io.api.tes.ser.api.SimpleSerdesTesterBuilder$SimpleSerdesTester] (main) Using producer configuration: {apicurio.registry.url=http://registry-app-mysql.apps.ci419.apicurio-testing.org:80/apis/registry/v3, apicurio.registry.auto-register=true, apicurio.registry.artifact-resolver-strategy=io.apicurio.registry.serde.strategy.TopicIdStrategy, value.serializer=io.apicurio.registry.serde.avro.AvroKafkaSerializer, request.timeout.ms=5000, acks=all, bootstrap.servers=PLAINTEXT://localhost:32769, connections.max.idle.ms=10000, key.serializer=org.apache.kafka.common.serialization.StringSerializer, apicurio.registry.avro-datum-provider=io.apicurio.registry.serde.avro.ReflectAvroDatumProvider, client.id=Producer-topic-ae04ace5_49f8_43d2_9623_54ac95e2183a}
2025-08-07 12:25:24,248 INFO  [io.api.tes.ser.api.SimpleSerdesTesterBuilder$SimpleSerdesTester] (main) Using consumer configuration: {apicurio.registry.avro-datum-provider=io.apicurio.registry.serde.avro.ReflectAvroDatumProvider}
2025-08-07 12:25:24,250 INFO  [io.api.tes.ser.api.KafkaSerdesTester] (Thread-633) Sending message io.apicurio.tests.common.serdes.TestObject@3dbd29cb to topic topic-ae04ace5_49f8_43d2_9623_54ac95e2183a
2025-08-07 12:25:24,258 WARN  [org.apa.kaf.cli.NetworkClient] (kafka-producer-network-thread | Producer-topic-ae04ace5_49f8_43d2_9623_54ac95e2183a) [Producer clientId=Producer-topic-ae04ace5_49f8_43d2_9623_54ac95e2183a] The metadata response from the cluster reported a recoverable issue with correlation id 1 : {topic-ae04ace5_49f8_43d2_9623_54ac95e2183a=UNKNOWN_TOPIC_OR_PARTITION}
2025-08-07 12:25:24,258 INFO  [org.apa.kaf.cli.Metadata] (kafka-producer-network-thread | Producer-topic-ae04ace5_49f8_43d2_9623_54ac95e2183a) [Producer clientId=Producer-topic-ae04ace5_49f8_43d2_9623_54ac95e2183a] Cluster ID: w_73WABzQ2iBfYWfnNB4Cg
2025-08-07 12:25:24,259 INFO  [org.apa.kaf.cli.pro.int.TransactionManager] (kafka-producer-network-thread | Producer-topic-ae04ace5_49f8_43d2_9623_54ac95e2183a) [Producer clientId=Producer-topic-ae04ace5_49f8_43d2_9623_54ac95e2183a] ProducerId set to 6 with epoch 0
2025-08-07 12:25:24,573 INFO  [io.api.tes.ser.api.KafkaSerdesTester] (Thread-633) Sending message io.apicurio.tests.common.serdes.TestObject@3dbd29cb to topic topic-ae04ace5_49f8_43d2_9623_54ac95e2183a
2025-08-07 12:25:24,576 INFO  [io.api.tes.ser.api.KafkaSerdesTester] (Thread-633) Sending message io.apicurio.tests.common.serdes.TestObject@3dbd29cb to topic topic-ae04ace5_49f8_43d2_9623_54ac95e2183a
2025-08-07 12:25:24,578 INFO  [io.api.tes.ser.api.KafkaSerdesTester] (Thread-633) Sending message io.apicurio.tests.common.serdes.TestObject@3dbd29cb to topic topic-ae04ace5_49f8_43d2_9623_54ac95e2183a
2025-08-07 12:25:24,580 INFO  [io.api.tes.ser.api.KafkaSerdesTester] (Thread-633) Sending message io.apicurio.tests.common.serdes.TestObject@3dbd29cb to topic topic-ae04ace5_49f8_43d2_9623_54ac95e2183a
2025-08-07 12:25:24,583 INFO  [io.api.tes.ser.api.KafkaSerdesTester] (Thread-633) Sending message io.apicurio.tests.common.serdes.TestObject@3dbd29cb to topic topic-ae04ace5_49f8_43d2_9623_54ac95e2183a
2025-08-07 12:25:24,585 INFO  [io.api.tes.ser.api.KafkaSerdesTester] (Thread-633) Sending message io.apicurio.tests.common.serdes.TestObject@3dbd29cb to topic topic-ae04ace5_49f8_43d2_9623_54ac95e2183a
2025-08-07 12:25:24,588 INFO  [io.api.tes.ser.api.KafkaSerdesTester] (Thread-633) Sending message io.apicurio.tests.common.serdes.TestObject@3dbd29cb to topic topic-ae04ace5_49f8_43d2_9623_54ac95e2183a
2025-08-07 12:25:24,591 INFO  [io.api.tes.ser.api.KafkaSerdesTester] (Thread-633) Sending message io.apicurio.tests.common.serdes.TestObject@3dbd29cb to topic topic-ae04ace5_49f8_43d2_9623_54ac95e2183a
2025-08-07 12:25:24,596 INFO  [io.api.tes.ser.api.KafkaSerdesTester] (Thread-633) Sending message io.apicurio.tests.common.serdes.TestObject@3dbd29cb to topic topic-ae04ace5_49f8_43d2_9623_54ac95e2183a
2025-08-07 12:25:24,600 INFO  [io.api.tes.ser.api.KafkaSerdesTester] (Thread-633) Produced 10 messages
2025-08-07 12:25:24,600 INFO  [org.apa.kaf.cli.pro.KafkaProducer] (Thread-633) [Producer clientId=Producer-topic-ae04ace5_49f8_43d2_9623_54ac95e2183a] Closing the Kafka producer with timeoutMillis = 9223372036854775807 ms.
2025-08-07 12:25:24,605 INFO  [org.apa.kaf.com.met.Metrics] (Thread-633) Metrics scheduler closed
2025-08-07 12:25:24,606 INFO  [org.apa.kaf.com.met.Metrics] (Thread-633) Closing reporter org.apache.kafka.common.metrics.JmxReporter
2025-08-07 12:25:24,606 INFO  [org.apa.kaf.com.met.Metrics] (Thread-633) Closing reporter org.apache.kafka.common.telemetry.internals.ClientTelemetryReporter
2025-08-07 12:25:24,606 INFO  [org.apa.kaf.com.met.Metrics] (Thread-633) Metrics reporters closed
2025-08-07 12:25:24,606 INFO  [org.apa.kaf.com.uti.AppInfoParser] (Thread-633) App info kafka.producer for Producer-topic-ae04ace5_49f8_43d2_9623_54ac95e2183a unregistered
**** Registry Base URL: http://registry-app-mysql.apps.ci419.apicurio-testing.org:80
2025-08-07 12:25:24,896 INFO  [org.apa.kaf.cli.con.ConsumerConfig] (main) ConsumerConfig values: 
	allow.auto.create.topics = true
	auto.commit.interval.ms = 500
	auto.include.jmx.reporter = true
	auto.offset.reset = earliest
	bootstrap.servers = [PLAINTEXT://localhost:32769]
	check.crcs = true
	client.dns.lookup = use_all_dns_ips
	client.id = consumer-Consumer-topic-ae04ace5_49f8_43d2_9623_54ac95e2183a-6
	client.rack = 
	connections.max.idle.ms = 10000
	default.api.timeout.ms = 60000
	enable.auto.commit = true
	enable.metrics.push = true
	exclude.internal.topics = true
	fetch.max.bytes = 52428800
	fetch.max.wait.ms = 500
	fetch.min.bytes = 1
	group.id = Consumer-topic-ae04ace5_49f8_43d2_9623_54ac95e2183a
	group.instance.id = null
	group.protocol = classic
	group.remote.assignor = null
	heartbeat.interval.ms = 3000
	interceptor.classes = []
	internal.leave.group.on.close = true
	internal.throw.on.fetch.stable.offset.unsupported = false
	isolation.level = read_uncommitted
	key.deserializer = class org.apache.kafka.common.serialization.StringDeserializer
	max.partition.fetch.bytes = 1048576
	max.poll.interval.ms = 300000
	max.poll.records = 500
	metadata.max.age.ms = 300000
	metadata.recovery.strategy = none
	metric.reporters = []
	metrics.num.samples = 2
	metrics.recording.level = INFO
	metrics.sample.window.ms = 30000
	partition.assignment.strategy = [class org.apache.kafka.clients.consumer.RangeAssignor, class org.apache.kafka.clients.consumer.CooperativeStickyAssignor]
	receive.buffer.bytes = 65536
	reconnect.backoff.max.ms = 1000
	reconnect.backoff.ms = 50
	request.timeout.ms = 5000
	retry.backoff.max.ms = 1000
	retry.backoff.ms = 100
	sasl.client.callback.handler.class = null
	sasl.jaas.config = null
	sasl.kerberos.kinit.cmd = /usr/bin/kinit
	sasl.kerberos.min.time.before.relogin = 60000
	sasl.kerberos.service.name = null
	sasl.kerberos.ticket.renew.jitter = 0.05
	sasl.kerberos.ticket.renew.window.factor = 0.8
	sasl.login.callback.handler.class = null
	sasl.login.class = null
	sasl.login.connect.timeout.ms = null
	sasl.login.read.timeout.ms = null
	sasl.login.refresh.buffer.seconds = 300
	sasl.login.refresh.min.period.seconds = 60
	sasl.login.refresh.window.factor = 0.8
	sasl.login.refresh.window.jitter = 0.05
	sasl.login.retry.backoff.max.ms = 10000
	sasl.login.retry.backoff.ms = 100
	sasl.mechanism = GSSAPI
	sasl.oauthbearer.clock.skew.seconds = 30
	sasl.oauthbearer.expected.audience = null
	sasl.oauthbearer.expected.issuer = null
	sasl.oauthbearer.header.urlencode = false
	sasl.oauthbearer.jwks.endpoint.refresh.ms = 3600000
	sasl.oauthbearer.jwks.endpoint.retry.backoff.max.ms = 10000
	sasl.oauthbearer.jwks.endpoint.retry.backoff.ms = 100
	sasl.oauthbearer.jwks.endpoint.url = null
	sasl.oauthbearer.scope.claim.name = scope
	sasl.oauthbearer.sub.claim.name = sub
	sasl.oauthbearer.token.endpoint.url = null
	security.protocol = PLAINTEXT
	security.providers = null
	send.buffer.bytes = 131072
	session.timeout.ms = 45000
	socket.connection.setup.timeout.max.ms = 30000
	socket.connection.setup.timeout.ms = 10000
	ssl.cipher.suites = null
	ssl.enabled.protocols = [TLSv1.2, TLSv1.3]
	ssl.endpoint.identification.algorithm = https
	ssl.engine.factory.class = null
	ssl.key.password = null
	ssl.keymanager.algorithm = SunX509
	ssl.keystore.certificate.chain = null
	ssl.keystore.key = null
	ssl.keystore.location = null
	ssl.keystore.password = null
	ssl.keystore.type = JKS
	ssl.protocol = TLSv1.3
	ssl.provider = null
	ssl.secure.random.implementation = null
	ssl.trustmanager.algorithm = PKIX
	ssl.truststore.certificates = null
	ssl.truststore.location = null
	ssl.truststore.password = null
	ssl.truststore.type = JKS
	value.deserializer = class io.apicurio.registry.serde.avro.AvroKafkaDeserializer

2025-08-07 12:25:24,897 INFO  [org.apa.kaf.com.tel.int.KafkaMetricsCollector] (main) initializing Kafka metrics collector
2025-08-07 12:25:24,903 INFO  [org.apa.kaf.cli.con.ConsumerConfig] (main) These configurations '[apicurio.registry.url, apicurio.registry.avro-datum-provider]' were supplied but are not used yet.
2025-08-07 12:25:24,903 INFO  [org.apa.kaf.com.uti.AppInfoParser] (main) Kafka version: 3.9.1
2025-08-07 12:25:24,903 INFO  [org.apa.kaf.com.uti.AppInfoParser] (main) Kafka commitId: f745dfdcee2b9851
2025-08-07 12:25:24,903 INFO  [org.apa.kaf.com.uti.AppInfoParser] (main) Kafka startTimeMs: 1754569524903
2025-08-07 12:25:24,904 INFO  [org.apa.kaf.cli.con.int.ClassicKafkaConsumer] (Thread-636) [Consumer clientId=consumer-Consumer-topic-ae04ace5_49f8_43d2_9623_54ac95e2183a-6, groupId=Consumer-topic-ae04ace5_49f8_43d2_9623_54ac95e2183a] Subscribed to topic(s): topic-ae04ace5_49f8_43d2_9623_54ac95e2183a
2025-08-07 12:25:24,911 INFO  [org.apa.kaf.cli.Metadata] (Thread-636) [Consumer clientId=consumer-Consumer-topic-ae04ace5_49f8_43d2_9623_54ac95e2183a-6, groupId=Consumer-topic-ae04ace5_49f8_43d2_9623_54ac95e2183a] Cluster ID: w_73WABzQ2iBfYWfnNB4Cg
2025-08-07 12:25:24,912 INFO  [org.apa.kaf.cli.con.int.ConsumerCoordinator] (Thread-636) [Consumer clientId=consumer-Consumer-topic-ae04ace5_49f8_43d2_9623_54ac95e2183a-6, groupId=Consumer-topic-ae04ace5_49f8_43d2_9623_54ac95e2183a] Discovered group coordinator localhost:32769 (id: 2147483647 rack: null)
2025-08-07 12:25:24,914 INFO  [org.apa.kaf.cli.con.int.ConsumerCoordinator] (Thread-636) [Consumer clientId=consumer-Consumer-topic-ae04ace5_49f8_43d2_9623_54ac95e2183a-6, groupId=Consumer-topic-ae04ace5_49f8_43d2_9623_54ac95e2183a] (Re-)joining group
2025-08-07 12:25:24,920 INFO  [org.apa.kaf.cli.con.int.ConsumerCoordinator] (Thread-636) [Consumer clientId=consumer-Consumer-topic-ae04ace5_49f8_43d2_9623_54ac95e2183a-6, groupId=Consumer-topic-ae04ace5_49f8_43d2_9623_54ac95e2183a] Request joining group due to: need to re-join with the given member-id: consumer-Consumer-topic-ae04ace5_49f8_43d2_9623_54ac95e2183a-6-0f452d0c-c16d-4fb0-93ac-4b50d3451f4f
2025-08-07 12:25:24,920 INFO  [org.apa.kaf.cli.con.int.ConsumerCoordinator] (Thread-636) [Consumer clientId=consumer-Consumer-topic-ae04ace5_49f8_43d2_9623_54ac95e2183a-6, groupId=Consumer-topic-ae04ace5_49f8_43d2_9623_54ac95e2183a] (Re-)joining group
2025-08-07 12:25:25,904 INFO  [io.api.tes.ser.api.KafkaSerdesTester] (Thread-636) None found
2025-08-07 12:25:26,904 INFO  [io.api.tes.ser.api.KafkaSerdesTester] (Thread-636) None found
2025-08-07 12:25:27,904 INFO  [io.api.tes.ser.api.KafkaSerdesTester] (Thread-636) None found
2025-08-07 12:25:27,922 INFO  [org.apa.kaf.cli.con.int.ConsumerCoordinator] (Thread-636) [Consumer clientId=consumer-Consumer-topic-ae04ace5_49f8_43d2_9623_54ac95e2183a-6, groupId=Consumer-topic-ae04ace5_49f8_43d2_9623_54ac95e2183a] Successfully joined group with generation Generation{generationId=1, memberId='consumer-Consumer-topic-ae04ace5_49f8_43d2_9623_54ac95e2183a-6-0f452d0c-c16d-4fb0-93ac-4b50d3451f4f', protocol='range'}
2025-08-07 12:25:27,922 INFO  [org.apa.kaf.cli.con.int.ConsumerCoordinator] (Thread-636) [Consumer clientId=consumer-Consumer-topic-ae04ace5_49f8_43d2_9623_54ac95e2183a-6, groupId=Consumer-topic-ae04ace5_49f8_43d2_9623_54ac95e2183a] Finished assignment for group at generation 1: {consumer-Consumer-topic-ae04ace5_49f8_43d2_9623_54ac95e2183a-6-0f452d0c-c16d-4fb0-93ac-4b50d3451f4f=Assignment(partitions=[topic-ae04ace5_49f8_43d2_9623_54ac95e2183a-0])}
2025-08-07 12:25:27,929 INFO  [org.apa.kaf.cli.con.int.ConsumerCoordinator] (Thread-636) [Consumer clientId=consumer-Consumer-topic-ae04ace5_49f8_43d2_9623_54ac95e2183a-6, groupId=Consumer-topic-ae04ace5_49f8_43d2_9623_54ac95e2183a] Successfully synced group in generation Generation{generationId=1, memberId='consumer-Consumer-topic-ae04ace5_49f8_43d2_9623_54ac95e2183a-6-0f452d0c-c16d-4fb0-93ac-4b50d3451f4f', protocol='range'}
2025-08-07 12:25:27,930 INFO  [org.apa.kaf.cli.con.int.ConsumerCoordinator] (Thread-636) [Consumer clientId=consumer-Consumer-topic-ae04ace5_49f8_43d2_9623_54ac95e2183a-6, groupId=Consumer-topic-ae04ace5_49f8_43d2_9623_54ac95e2183a] Notifying assignor about the new Assignment(partitions=[topic-ae04ace5_49f8_43d2_9623_54ac95e2183a-0])
2025-08-07 12:25:27,930 INFO  [org.apa.kaf.cli.con.int.ConsumerRebalanceListenerInvoker] (Thread-636) [Consumer clientId=consumer-Consumer-topic-ae04ace5_49f8_43d2_9623_54ac95e2183a-6, groupId=Consumer-topic-ae04ace5_49f8_43d2_9623_54ac95e2183a] Adding newly assigned partitions: topic-ae04ace5_49f8_43d2_9623_54ac95e2183a-0
2025-08-07 12:25:27,931 INFO  [org.apa.kaf.cli.con.int.ConsumerCoordinator] (Thread-636) [Consumer clientId=consumer-Consumer-topic-ae04ace5_49f8_43d2_9623_54ac95e2183a-6, groupId=Consumer-topic-ae04ace5_49f8_43d2_9623_54ac95e2183a] Found no committed offset for partition topic-ae04ace5_49f8_43d2_9623_54ac95e2183a-0
2025-08-07 12:25:27,936 INFO  [org.apa.kaf.cli.con.int.SubscriptionState] (Thread-636) [Consumer clientId=consumer-Consumer-topic-ae04ace5_49f8_43d2_9623_54ac95e2183a-6, groupId=Consumer-topic-ae04ace5_49f8_43d2_9623_54ac95e2183a] Resetting offset for partition topic-ae04ace5_49f8_43d2_9623_54ac95e2183a-0 to position FetchPosition{offset=0, offsetEpoch=Optional.empty, currentLeader=LeaderAndEpoch{leader=Optional[localhost:32769 (id: 0 rack: null)], epoch=0}}.
2025-08-07 12:25:28,205 INFO  [io.api.tes.ser.api.KafkaSerdesTester] (Thread-636) topic-ae04ace5_49f8_43d2_9623_54ac95e2183a 0 0 io.apicurio.tests.common.serdes.TestObject@3dbd29cb
2025-08-07 12:25:28,205 INFO  [io.api.tes.ser.api.KafkaSerdesTester] (Thread-636) topic-ae04ace5_49f8_43d2_9623_54ac95e2183a 0 1 io.apicurio.tests.common.serdes.TestObject@3dbd29cb
2025-08-07 12:25:28,205 INFO  [io.api.tes.ser.api.KafkaSerdesTester] (Thread-636) topic-ae04ace5_49f8_43d2_9623_54ac95e2183a 0 2 io.apicurio.tests.common.serdes.TestObject@3dbd29cb
2025-08-07 12:25:28,205 INFO  [io.api.tes.ser.api.KafkaSerdesTester] (Thread-636) topic-ae04ace5_49f8_43d2_9623_54ac95e2183a 0 3 io.apicurio.tests.common.serdes.TestObject@3dbd29cb
2025-08-07 12:25:28,205 INFO  [io.api.tes.ser.api.KafkaSerdesTester] (Thread-636) topic-ae04ace5_49f8_43d2_9623_54ac95e2183a 0 4 io.apicurio.tests.common.serdes.TestObject@3dbd29cb
2025-08-07 12:25:28,205 INFO  [io.api.tes.ser.api.KafkaSerdesTester] (Thread-636) topic-ae04ace5_49f8_43d2_9623_54ac95e2183a 0 5 io.apicurio.tests.common.serdes.TestObject@3dbd29cb
2025-08-07 12:25:28,206 INFO  [io.api.tes.ser.api.KafkaSerdesTester] (Thread-636) topic-ae04ace5_49f8_43d2_9623_54ac95e2183a 0 6 io.apicurio.tests.common.serdes.TestObject@3dbd29cb
2025-08-07 12:25:28,206 INFO  [io.api.tes.ser.api.KafkaSerdesTester] (Thread-636) topic-ae04ace5_49f8_43d2_9623_54ac95e2183a 0 7 io.apicurio.tests.common.serdes.TestObject@3dbd29cb
2025-08-07 12:25:28,206 INFO  [io.api.tes.ser.api.KafkaSerdesTester] (Thread-636) topic-ae04ace5_49f8_43d2_9623_54ac95e2183a 0 8 io.apicurio.tests.common.serdes.TestObject@3dbd29cb
2025-08-07 12:25:28,206 INFO  [io.api.tes.ser.api.KafkaSerdesTester] (Thread-636) topic-ae04ace5_49f8_43d2_9623_54ac95e2183a 0 9 io.apicurio.tests.common.serdes.TestObject@3dbd29cb
2025-08-07 12:25:28,206 INFO  [io.api.tes.ser.api.KafkaSerdesTester] (Thread-636) Consumed 10 messages
2025-08-07 12:25:28,213 INFO  [org.apa.kaf.cli.con.int.ConsumerRebalanceListenerInvoker] (Thread-636) [Consumer clientId=consumer-Consumer-topic-ae04ace5_49f8_43d2_9623_54ac95e2183a-6, groupId=Consumer-topic-ae04ace5_49f8_43d2_9623_54ac95e2183a] Revoke previously assigned partitions topic-ae04ace5_49f8_43d2_9623_54ac95e2183a-0
2025-08-07 12:25:28,214 INFO  [org.apa.kaf.cli.con.int.ConsumerCoordinator] (Thread-636) [Consumer clientId=consumer-Consumer-topic-ae04ace5_49f8_43d2_9623_54ac95e2183a-6, groupId=Consumer-topic-ae04ace5_49f8_43d2_9623_54ac95e2183a] Member consumer-Consumer-topic-ae04ace5_49f8_43d2_9623_54ac95e2183a-6-0f452d0c-c16d-4fb0-93ac-4b50d3451f4f sending LeaveGroup request to coordinator localhost:32769 (id: 2147483647 rack: null) due to the consumer is being closed
2025-08-07 12:25:28,214 INFO  [org.apa.kaf.cli.con.int.ConsumerCoordinator] (Thread-636) [Consumer clientId=consumer-Consumer-topic-ae04ace5_49f8_43d2_9623_54ac95e2183a-6, groupId=Consumer-topic-ae04ace5_49f8_43d2_9623_54ac95e2183a] Resetting generation and member id due to: consumer pro-actively leaving the group
2025-08-07 12:25:28,214 INFO  [org.apa.kaf.cli.con.int.ConsumerCoordinator] (Thread-636) [Consumer clientId=consumer-Consumer-topic-ae04ace5_49f8_43d2_9623_54ac95e2183a-6, groupId=Consumer-topic-ae04ace5_49f8_43d2_9623_54ac95e2183a] Request joining group due to: consumer pro-actively leaving the group
2025-08-07 12:25:28,709 INFO  [org.apa.kaf.com.met.Metrics] (Thread-636) Metrics scheduler closed
2025-08-07 12:25:28,709 INFO  [org.apa.kaf.com.met.Metrics] (Thread-636) Closing reporter org.apache.kafka.common.metrics.JmxReporter
2025-08-07 12:25:28,710 INFO  [org.apa.kaf.com.met.Metrics] (Thread-636) Closing reporter org.apache.kafka.common.telemetry.internals.ClientTelemetryReporter
2025-08-07 12:25:28,710 INFO  [org.apa.kaf.com.met.Metrics] (Thread-636) Metrics reporters closed
2025-08-07 12:25:28,712 INFO  [org.apa.kaf.com.uti.AppInfoParser] (Thread-636) App info kafka.consumer for consumer-Consumer-topic-ae04ace5_49f8_43d2_9623_54ac95e2183a-6 unregistered
2025-08-07 12:25:28,713 INFO  [io.api.tes.uti.TestSeparator] (main) io.apicurio.tests.serdes.apicurio.AvroSerdeIT.testReflectAutoRegister-FINISHED
2025-08-07 12:25:28,713 INFO  [io.api.tes.uti.TestSeparator] (main) ############################################################################
Test passed: testReflectAutoRegister
]]></system-out>
  </testcase>
  <testcase name="testArtifactNotFound" classname="io.apicurio.tests.serdes.apicurio.AvroSerdeIT" time="0.404">
    <system-out><![CDATA[2025-08-07 12:25:28,716 INFO  [io.api.tes.uti.TestSeparator] (main) ############################################################################
2025-08-07 12:25:28,716 INFO  [io.api.tes.uti.TestSeparator] (main) io.apicurio.tests.serdes.apicurio.AvroSerdeIT.testArtifactNotFound-STARTED
**** Registry Base URL: http://registry-app-mysql.apps.ci419.apicurio-testing.org:80
2025-08-07 12:25:28,718 INFO  [org.apa.kaf.cli.pro.ProducerConfig] (main) ProducerConfig values: 
	acks = -1
	auto.include.jmx.reporter = true
	batch.size = 16384
	bootstrap.servers = [PLAINTEXT://localhost:32769]
	buffer.memory = 33554432
	client.dns.lookup = use_all_dns_ips
	client.id = Producer-s43e4fd05x67ccx4f28xaad8x33ade2cbcf05
	compression.gzip.level = -1
	compression.lz4.level = 9
	compression.type = none
	compression.zstd.level = 3
	connections.max.idle.ms = 10000
	delivery.timeout.ms = 120000
	enable.idempotence = true
	enable.metrics.push = true
	interceptor.classes = []
	key.serializer = class org.apache.kafka.common.serialization.StringSerializer
	linger.ms = 0
	max.block.ms = 60000
	max.in.flight.requests.per.connection = 5
	max.request.size = 1048576
	metadata.max.age.ms = 300000
	metadata.max.idle.ms = 300000
	metadata.recovery.strategy = none
	metric.reporters = []
	metrics.num.samples = 2
	metrics.recording.level = INFO
	metrics.sample.window.ms = 30000
	partitioner.adaptive.partitioning.enable = true
	partitioner.availability.timeout.ms = 0
	partitioner.class = null
	partitioner.ignore.keys = false
	receive.buffer.bytes = 32768
	reconnect.backoff.max.ms = 1000
	reconnect.backoff.ms = 50
	request.timeout.ms = 5000
	retries = 2147483647
	retry.backoff.max.ms = 1000
	retry.backoff.ms = 100
	sasl.client.callback.handler.class = null
	sasl.jaas.config = null
	sasl.kerberos.kinit.cmd = /usr/bin/kinit
	sasl.kerberos.min.time.before.relogin = 60000
	sasl.kerberos.service.name = null
	sasl.kerberos.ticket.renew.jitter = 0.05
	sasl.kerberos.ticket.renew.window.factor = 0.8
	sasl.login.callback.handler.class = null
	sasl.login.class = null
	sasl.login.connect.timeout.ms = null
	sasl.login.read.timeout.ms = null
	sasl.login.refresh.buffer.seconds = 300
	sasl.login.refresh.min.period.seconds = 60
	sasl.login.refresh.window.factor = 0.8
	sasl.login.refresh.window.jitter = 0.05
	sasl.login.retry.backoff.max.ms = 10000
	sasl.login.retry.backoff.ms = 100
	sasl.mechanism = GSSAPI
	sasl.oauthbearer.clock.skew.seconds = 30
	sasl.oauthbearer.expected.audience = null
	sasl.oauthbearer.expected.issuer = null
	sasl.oauthbearer.header.urlencode = false
	sasl.oauthbearer.jwks.endpoint.refresh.ms = 3600000
	sasl.oauthbearer.jwks.endpoint.retry.backoff.max.ms = 10000
	sasl.oauthbearer.jwks.endpoint.retry.backoff.ms = 100
	sasl.oauthbearer.jwks.endpoint.url = null
	sasl.oauthbearer.scope.claim.name = scope
	sasl.oauthbearer.sub.claim.name = sub
	sasl.oauthbearer.token.endpoint.url = null
	security.protocol = PLAINTEXT
	security.providers = null
	send.buffer.bytes = 131072
	socket.connection.setup.timeout.max.ms = 30000
	socket.connection.setup.timeout.ms = 10000
	ssl.cipher.suites = null
	ssl.enabled.protocols = [TLSv1.2, TLSv1.3]
	ssl.endpoint.identification.algorithm = https
	ssl.engine.factory.class = null
	ssl.key.password = null
	ssl.keymanager.algorithm = SunX509
	ssl.keystore.certificate.chain = null
	ssl.keystore.key = null
	ssl.keystore.location = null
	ssl.keystore.password = null
	ssl.keystore.type = JKS
	ssl.protocol = TLSv1.3
	ssl.provider = null
	ssl.secure.random.implementation = null
	ssl.trustmanager.algorithm = PKIX
	ssl.truststore.certificates = null
	ssl.truststore.location = null
	ssl.truststore.password = null
	ssl.truststore.type = JKS
	transaction.timeout.ms = 60000
	transactional.id = null
	value.serializer = class io.apicurio.registry.serde.avro.AvroKafkaSerializer

2025-08-07 12:25:28,718 INFO  [org.apa.kaf.com.tel.int.KafkaMetricsCollector] (main) initializing Kafka metrics collector
2025-08-07 12:25:28,722 INFO  [org.apa.kaf.cli.pro.KafkaProducer] (main) [Producer clientId=Producer-s43e4fd05x67ccx4f28xaad8x33ade2cbcf05] Instantiated an idempotent producer.
2025-08-07 12:25:28,726 INFO  [org.apa.kaf.cli.pro.ProducerConfig] (main) These configurations '[apicurio.registry.url, apicurio.registry.artifact-resolver-strategy]' were supplied but are not used yet.
2025-08-07 12:25:28,726 INFO  [org.apa.kaf.com.uti.AppInfoParser] (main) Kafka version: 3.9.1
2025-08-07 12:25:28,726 INFO  [org.apa.kaf.com.uti.AppInfoParser] (main) Kafka commitId: f745dfdcee2b9851
2025-08-07 12:25:28,726 INFO  [org.apa.kaf.com.uti.AppInfoParser] (main) Kafka startTimeMs: 1754569528726
2025-08-07 12:25:28,727 INFO  [io.api.tes.ser.api.KafkaSerdesTester] (Thread-639) Sending message {"keyB": "value-0"} to topic s43e4fd05x67ccx4f28xaad8x33ade2cbcf05
2025-08-07 12:25:28,729 WARN  [org.apa.kaf.cli.NetworkClient] (kafka-producer-network-thread | Producer-s43e4fd05x67ccx4f28xaad8x33ade2cbcf05) [Producer clientId=Producer-s43e4fd05x67ccx4f28xaad8x33ade2cbcf05] The metadata response from the cluster reported a recoverable issue with correlation id 1 : {s43e4fd05x67ccx4f28xaad8x33ade2cbcf05=UNKNOWN_TOPIC_OR_PARTITION}
2025-08-07 12:25:28,729 INFO  [org.apa.kaf.cli.Metadata] (kafka-producer-network-thread | Producer-s43e4fd05x67ccx4f28xaad8x33ade2cbcf05) [Producer clientId=Producer-s43e4fd05x67ccx4f28xaad8x33ade2cbcf05] Cluster ID: w_73WABzQ2iBfYWfnNB4Cg
2025-08-07 12:25:28,729 INFO  [org.apa.kaf.cli.pro.int.TransactionManager] (kafka-producer-network-thread | Producer-s43e4fd05x67ccx4f28xaad8x33ade2cbcf05) [Producer clientId=Producer-s43e4fd05x67ccx4f28xaad8x33ade2cbcf05] ProducerId set to 7 with epoch 0
2025-08-07 12:25:28,839 INFO  [DefaultSchemaResolver] (Thread-639) Retrieving schema content using string: {"type":"record","name":"myrecord","namespace":"mygroup","fields":[{"name":"keyB","type":"string"}]}
2025-08-07 12:25:29,110 INFO  [org.apa.kaf.cli.pro.KafkaProducer] (Thread-639) [Producer clientId=Producer-s43e4fd05x67ccx4f28xaad8x33ade2cbcf05] Closing the Kafka producer with timeoutMillis = 9223372036854775807 ms.
2025-08-07 12:25:29,114 INFO  [org.apa.kaf.com.met.Metrics] (Thread-639) Metrics scheduler closed
2025-08-07 12:25:29,114 INFO  [org.apa.kaf.com.met.Metrics] (Thread-639) Closing reporter org.apache.kafka.common.metrics.JmxReporter
2025-08-07 12:25:29,114 INFO  [org.apa.kaf.com.met.Metrics] (Thread-639) Closing reporter org.apache.kafka.common.telemetry.internals.ClientTelemetryReporter
2025-08-07 12:25:29,114 INFO  [org.apa.kaf.com.met.Metrics] (Thread-639) Metrics reporters closed
2025-08-07 12:25:29,114 INFO  [org.apa.kaf.com.uti.AppInfoParser] (Thread-639) App info kafka.producer for Producer-s43e4fd05x67ccx4f28xaad8x33ade2cbcf05 unregistered
2025-08-07 12:25:29,117 INFO  [io.api.tes.uti.TestSeparator] (main) io.apicurio.tests.serdes.apicurio.AvroSerdeIT.testArtifactNotFound-FINISHED
2025-08-07 12:25:29,117 INFO  [io.api.tes.uti.TestSeparator] (main) ############################################################################
Test passed: testArtifactNotFound
]]></system-out>
    <system-err><![CDATA[java.lang.RuntimeException: Could not resolve artifact reference by content: {"type":"record","name":"myrecord","namespace":"mygroup","fields":[{"name":"keyB","type":"string"}]}&ArtifactReference [groupId=default, artifactId=s43e4fd05x67ccx4f28xaad8x33ade2cbcf05-value, version=null, globalId=null, contentId=null, contentHash=null]
	at io.apicurio.registry.resolver.DefaultSchemaResolver.lambda$handleResolveSchemaByContent$3(DefaultSchemaResolver.java:265)
	at io.apicurio.registry.resolver.cache.ERCache.lambda$getValue$0(ERCache.java:174)
	at io.apicurio.registry.resolver.cache.ERCache.retry(ERCache.java:227)
	at io.apicurio.registry.resolver.cache.ERCache.getValue(ERCache.java:173)
	at io.apicurio.registry.resolver.cache.ERCache.getByContent(ERCache.java:147)
	at io.apicurio.registry.resolver.DefaultSchemaResolver.handleResolveSchemaByContent(DefaultSchemaResolver.java:253)
	at io.apicurio.registry.resolver.DefaultSchemaResolver.getSchemaFromRegistry(DefaultSchemaResolver.java:138)
	at io.apicurio.registry.resolver.DefaultSchemaResolver.lambda$resolveSchema$0(DefaultSchemaResolver.java:84)
	at java.base/java.util.Optional.orElseGet(Optional.java:364)
	at io.apicurio.registry.resolver.DefaultSchemaResolver.resolveSchema(DefaultSchemaResolver.java:84)
	at io.apicurio.registry.serde.AbstractSerializer.serializeData(AbstractSerializer.java:62)
	at io.apicurio.registry.serde.KafkaSerializer.serialize(KafkaSerializer.java:77)
	at org.apache.kafka.clients.producer.KafkaProducer.doSend(KafkaProducer.java:1046)
	at org.apache.kafka.clients.producer.KafkaProducer.send(KafkaProducer.java:993)
	at org.apache.kafka.clients.producer.KafkaProducer.send(KafkaProducer.java:875)
	at io.apicurio.tests.serdes.apicurio.KafkaSerdesTester.lambda$produceMessages$3(KafkaSerdesTester.java:138)
	at java.base/java.util.concurrent.CompletableFuture$AsyncSupply.run(CompletableFuture.java:1768)
	at java.base/java.lang.Thread.run(Thread.java:840)
]]></system-err>
  </testcase>
  <testcase name="testAvroSerDesFailDifferentSchemaByRecordName" classname="io.apicurio.tests.serdes.apicurio.AvroSerdeIT" time="1.501">
    <system-out><![CDATA[2025-08-07 12:25:29,118 INFO  [io.api.tes.uti.TestSeparator] (main) ############################################################################
2025-08-07 12:25:29,120 INFO  [io.api.tes.uti.TestSeparator] (main) io.apicurio.tests.serdes.apicurio.AvroSerdeIT.testAvroSerDesFailDifferentSchemaByRecordName-STARTED
**** Registry Base URL: http://registry-app-mysql.apps.ci419.apicurio-testing.org:80
2025-08-07 12:25:30,423 INFO  [org.apa.kaf.cli.pro.ProducerConfig] (main) ProducerConfig values: 
	acks = -1
	auto.include.jmx.reporter = true
	batch.size = 16384
	bootstrap.servers = [PLAINTEXT://localhost:32769]
	buffer.memory = 33554432
	client.dns.lookup = use_all_dns_ips
	client.id = Producer-topic-a25b23c2_8abe_4ae3_9150_5914c4308747
	compression.gzip.level = -1
	compression.lz4.level = 9
	compression.type = none
	compression.zstd.level = 3
	connections.max.idle.ms = 10000
	delivery.timeout.ms = 120000
	enable.idempotence = true
	enable.metrics.push = true
	interceptor.classes = []
	key.serializer = class org.apache.kafka.common.serialization.StringSerializer
	linger.ms = 0
	max.block.ms = 60000
	max.in.flight.requests.per.connection = 5
	max.request.size = 1048576
	metadata.max.age.ms = 300000
	metadata.max.idle.ms = 300000
	metadata.recovery.strategy = none
	metric.reporters = []
	metrics.num.samples = 2
	metrics.recording.level = INFO
	metrics.sample.window.ms = 30000
	partitioner.adaptive.partitioning.enable = true
	partitioner.availability.timeout.ms = 0
	partitioner.class = null
	partitioner.ignore.keys = false
	receive.buffer.bytes = 32768
	reconnect.backoff.max.ms = 1000
	reconnect.backoff.ms = 50
	request.timeout.ms = 5000
	retries = 2147483647
	retry.backoff.max.ms = 1000
	retry.backoff.ms = 100
	sasl.client.callback.handler.class = null
	sasl.jaas.config = null
	sasl.kerberos.kinit.cmd = /usr/bin/kinit
	sasl.kerberos.min.time.before.relogin = 60000
	sasl.kerberos.service.name = null
	sasl.kerberos.ticket.renew.jitter = 0.05
	sasl.kerberos.ticket.renew.window.factor = 0.8
	sasl.login.callback.handler.class = null
	sasl.login.class = null
	sasl.login.connect.timeout.ms = null
	sasl.login.read.timeout.ms = null
	sasl.login.refresh.buffer.seconds = 300
	sasl.login.refresh.min.period.seconds = 60
	sasl.login.refresh.window.factor = 0.8
	sasl.login.refresh.window.jitter = 0.05
	sasl.login.retry.backoff.max.ms = 10000
	sasl.login.retry.backoff.ms = 100
	sasl.mechanism = GSSAPI
	sasl.oauthbearer.clock.skew.seconds = 30
	sasl.oauthbearer.expected.audience = null
	sasl.oauthbearer.expected.issuer = null
	sasl.oauthbearer.header.urlencode = false
	sasl.oauthbearer.jwks.endpoint.refresh.ms = 3600000
	sasl.oauthbearer.jwks.endpoint.retry.backoff.max.ms = 10000
	sasl.oauthbearer.jwks.endpoint.retry.backoff.ms = 100
	sasl.oauthbearer.jwks.endpoint.url = null
	sasl.oauthbearer.scope.claim.name = scope
	sasl.oauthbearer.sub.claim.name = sub
	sasl.oauthbearer.token.endpoint.url = null
	security.protocol = PLAINTEXT
	security.providers = null
	send.buffer.bytes = 131072
	socket.connection.setup.timeout.max.ms = 30000
	socket.connection.setup.timeout.ms = 10000
	ssl.cipher.suites = null
	ssl.enabled.protocols = [TLSv1.2, TLSv1.3]
	ssl.endpoint.identification.algorithm = https
	ssl.engine.factory.class = null
	ssl.key.password = null
	ssl.keymanager.algorithm = SunX509
	ssl.keystore.certificate.chain = null
	ssl.keystore.key = null
	ssl.keystore.location = null
	ssl.keystore.password = null
	ssl.keystore.type = JKS
	ssl.protocol = TLSv1.3
	ssl.provider = null
	ssl.secure.random.implementation = null
	ssl.trustmanager.algorithm = PKIX
	ssl.truststore.certificates = null
	ssl.truststore.location = null
	ssl.truststore.password = null
	ssl.truststore.type = JKS
	transaction.timeout.ms = 60000
	transactional.id = null
	value.serializer = class io.apicurio.registry.serde.avro.AvroKafkaSerializer

2025-08-07 12:25:30,424 INFO  [org.apa.kaf.com.tel.int.KafkaMetricsCollector] (main) initializing Kafka metrics collector
2025-08-07 12:25:30,427 INFO  [org.apa.kaf.cli.pro.KafkaProducer] (main) [Producer clientId=Producer-topic-a25b23c2_8abe_4ae3_9150_5914c4308747] Instantiated an idempotent producer.
2025-08-07 12:25:30,430 INFO  [org.apa.kaf.cli.pro.ProducerConfig] (main) These configurations '[apicurio.registry.find-latest, apicurio.registry.url, apicurio.registry.artifact-resolver-strategy]' were supplied but are not used yet.
2025-08-07 12:25:30,430 INFO  [org.apa.kaf.com.uti.AppInfoParser] (main) Kafka version: 3.9.1
2025-08-07 12:25:30,430 INFO  [org.apa.kaf.com.uti.AppInfoParser] (main) Kafka commitId: f745dfdcee2b9851
2025-08-07 12:25:30,430 INFO  [org.apa.kaf.com.uti.AppInfoParser] (main) Kafka startTimeMs: 1754569530430
2025-08-07 12:25:30,432 INFO  [io.api.tes.ser.api.KafkaSerdesTester] (Thread-642) Sending message {"keyB": "value-0"} to topic topic-a25b23c2_8abe_4ae3_9150_5914c4308747
2025-08-07 12:25:30,436 INFO  [org.apa.kaf.cli.Metadata] (kafka-producer-network-thread | Producer-topic-a25b23c2_8abe_4ae3_9150_5914c4308747) [Producer clientId=Producer-topic-a25b23c2_8abe_4ae3_9150_5914c4308747] Cluster ID: w_73WABzQ2iBfYWfnNB4Cg
2025-08-07 12:25:30,437 INFO  [org.apa.kaf.cli.pro.int.TransactionManager] (kafka-producer-network-thread | Producer-topic-a25b23c2_8abe_4ae3_9150_5914c4308747) [Producer clientId=Producer-topic-a25b23c2_8abe_4ae3_9150_5914c4308747] ProducerId set to 8 with epoch 0
2025-08-07 12:25:30,613 INFO  [org.apa.kaf.cli.pro.KafkaProducer] (Thread-642) [Producer clientId=Producer-topic-a25b23c2_8abe_4ae3_9150_5914c4308747] Closing the Kafka producer with timeoutMillis = 9223372036854775807 ms.
2025-08-07 12:25:30,615 INFO  [org.apa.kaf.com.met.Metrics] (Thread-642) Metrics scheduler closed
2025-08-07 12:25:30,615 INFO  [org.apa.kaf.com.met.Metrics] (Thread-642) Closing reporter org.apache.kafka.common.metrics.JmxReporter
2025-08-07 12:25:30,615 INFO  [org.apa.kaf.com.met.Metrics] (Thread-642) Closing reporter org.apache.kafka.common.telemetry.internals.ClientTelemetryReporter
2025-08-07 12:25:30,615 INFO  [org.apa.kaf.com.met.Metrics] (Thread-642) Metrics reporters closed
2025-08-07 12:25:30,615 INFO  [org.apa.kaf.com.uti.AppInfoParser] (Thread-642) App info kafka.producer for Producer-topic-a25b23c2_8abe_4ae3_9150_5914c4308747 unregistered
2025-08-07 12:25:30,617 INFO  [io.api.tes.uti.TestSeparator] (main) io.apicurio.tests.serdes.apicurio.AvroSerdeIT.testAvroSerDesFailDifferentSchemaByRecordName-FINISHED
2025-08-07 12:25:30,617 INFO  [io.api.tes.uti.TestSeparator] (main) ############################################################################
Test passed: testAvroSerDesFailDifferentSchemaByRecordName
]]></system-out>
    <system-err><![CDATA[io.apicurio.registry.rest.client.models.ProblemDetails
	at io.apicurio.registry.rest.client.models.ProblemDetails.createFromDiscriminatorValue(ProblemDetails.java:58)
	at io.kiota.serialization.json.JsonParseNode.getObjectValue(JsonParseNode.java:247)
	at io.kiota.http.vertx.VertXRequestAdapter.lambda$throwIfFailedResponse$0(VertXRequestAdapter.java:400)
	at com.microsoft.kiota.ApiExceptionBuilder.<init>(ApiExceptionBuilder.java:26)
	at io.kiota.http.vertx.VertXRequestAdapter.throwIfFailedResponse(VertXRequestAdapter.java:399)
	at io.kiota.http.vertx.VertXRequestAdapter.send(VertXRequestAdapter.java:170)
	at io.apicurio.registry.rest.client.groups.item.artifacts.item.versions.item.WithVersionExpressionItemRequestBuilder.get(WithVersionExpressionItemRequestBuilder.java:128)
	at io.apicurio.registry.rest.client.groups.item.artifacts.item.versions.item.WithVersionExpressionItemRequestBuilder.get(WithVersionExpressionItemRequestBuilder.java:111)
	at io.apicurio.registry.resolver.client.RegistryClientFacadeImpl.getVersionCoordinatesByGAV(RegistryClientFacadeImpl.java:159)
	at io.apicurio.registry.resolver.DefaultSchemaResolver.resolveByCoordinates(DefaultSchemaResolver.java:352)
	at io.apicurio.registry.resolver.DefaultSchemaResolver.lambda$resolveSchemaByArtifactReferenceCached$6(DefaultSchemaResolver.java:340)
	at io.apicurio.registry.resolver.cache.ERCache.lambda$getValue$0(ERCache.java:174)
	at io.apicurio.registry.resolver.cache.ERCache.retry(ERCache.java:227)
	at io.apicurio.registry.resolver.cache.ERCache.getValue(ERCache.java:173)
	at io.apicurio.registry.resolver.cache.ERCache.getByArtifactCoordinates(ERCache.java:158)
	at io.apicurio.registry.resolver.DefaultSchemaResolver.resolveSchemaByArtifactReferenceCached(DefaultSchemaResolver.java:338)
	at io.apicurio.registry.resolver.DefaultSchemaResolver.resolveSchemaByCoordinates(DefaultSchemaResolver.java:193)
	at io.apicurio.registry.resolver.DefaultSchemaResolver.getSchemaFromRegistry(DefaultSchemaResolver.java:130)
	at io.apicurio.registry.resolver.DefaultSchemaResolver.lambda$resolveSchema$0(DefaultSchemaResolver.java:84)
	at java.base/java.util.Optional.orElseGet(Optional.java:364)
	at io.apicurio.registry.resolver.DefaultSchemaResolver.resolveSchema(DefaultSchemaResolver.java:84)
	at io.apicurio.registry.serde.AbstractSerializer.serializeData(AbstractSerializer.java:62)
	at io.apicurio.registry.serde.KafkaSerializer.serialize(KafkaSerializer.java:77)
	at org.apache.kafka.clients.producer.KafkaProducer.doSend(KafkaProducer.java:1046)
	at org.apache.kafka.clients.producer.KafkaProducer.send(KafkaProducer.java:993)
	at org.apache.kafka.clients.producer.KafkaProducer.send(KafkaProducer.java:875)
	at io.apicurio.tests.serdes.apicurio.KafkaSerdesTester.lambda$produceMessages$3(KafkaSerdesTester.java:138)
	at java.base/java.util.concurrent.CompletableFuture$AsyncSupply.run(CompletableFuture.java:1768)
	at java.base/java.lang.Thread.run(Thread.java:840)
]]></system-err>
  </testcase>
  <testcase name="testTopicIdStrategyFindLatest" classname="io.apicurio.tests.serdes.apicurio.AvroSerdeIT" time="5.603">
    <system-out><![CDATA[2025-08-07 12:25:30,620 INFO  [io.api.tes.uti.TestSeparator] (main) ############################################################################
2025-08-07 12:25:30,620 INFO  [io.api.tes.uti.TestSeparator] (main) io.apicurio.tests.serdes.apicurio.AvroSerdeIT.testTopicIdStrategyFindLatest-STARTED
2025-08-07 12:25:30,621 INFO  [io.api.tes.ser.api.AvroSerdeIT] (main) Registering Avro Schema: {"type":"record","name":"myrecordapicurio1","fields":[{"name":"key11754569530620","type":"string"}]}
**** Registry Base URL: http://registry-app-mysql.apps.ci419.apicurio-testing.org:80
2025-08-07 12:25:31,824 INFO  [org.apa.kaf.cli.pro.ProducerConfig] (main) ProducerConfig values: 
	acks = -1
	auto.include.jmx.reporter = true
	batch.size = 16384
	bootstrap.servers = [PLAINTEXT://localhost:32769]
	buffer.memory = 33554432
	client.dns.lookup = use_all_dns_ips
	client.id = Producer-topic-e08ae3c9_9726_49f5_9c10_8284e0346e01
	compression.gzip.level = -1
	compression.lz4.level = 9
	compression.type = none
	compression.zstd.level = 3
	connections.max.idle.ms = 10000
	delivery.timeout.ms = 120000
	enable.idempotence = true
	enable.metrics.push = true
	interceptor.classes = []
	key.serializer = class org.apache.kafka.common.serialization.StringSerializer
	linger.ms = 0
	max.block.ms = 60000
	max.in.flight.requests.per.connection = 5
	max.request.size = 1048576
	metadata.max.age.ms = 300000
	metadata.max.idle.ms = 300000
	metadata.recovery.strategy = none
	metric.reporters = []
	metrics.num.samples = 2
	metrics.recording.level = INFO
	metrics.sample.window.ms = 30000
	partitioner.adaptive.partitioning.enable = true
	partitioner.availability.timeout.ms = 0
	partitioner.class = null
	partitioner.ignore.keys = false
	receive.buffer.bytes = 32768
	reconnect.backoff.max.ms = 1000
	reconnect.backoff.ms = 50
	request.timeout.ms = 5000
	retries = 2147483647
	retry.backoff.max.ms = 1000
	retry.backoff.ms = 100
	sasl.client.callback.handler.class = null
	sasl.jaas.config = null
	sasl.kerberos.kinit.cmd = /usr/bin/kinit
	sasl.kerberos.min.time.before.relogin = 60000
	sasl.kerberos.service.name = null
	sasl.kerberos.ticket.renew.jitter = 0.05
	sasl.kerberos.ticket.renew.window.factor = 0.8
	sasl.login.callback.handler.class = null
	sasl.login.class = null
	sasl.login.connect.timeout.ms = null
	sasl.login.read.timeout.ms = null
	sasl.login.refresh.buffer.seconds = 300
	sasl.login.refresh.min.period.seconds = 60
	sasl.login.refresh.window.factor = 0.8
	sasl.login.refresh.window.jitter = 0.05
	sasl.login.retry.backoff.max.ms = 10000
	sasl.login.retry.backoff.ms = 100
	sasl.mechanism = GSSAPI
	sasl.oauthbearer.clock.skew.seconds = 30
	sasl.oauthbearer.expected.audience = null
	sasl.oauthbearer.expected.issuer = null
	sasl.oauthbearer.header.urlencode = false
	sasl.oauthbearer.jwks.endpoint.refresh.ms = 3600000
	sasl.oauthbearer.jwks.endpoint.retry.backoff.max.ms = 10000
	sasl.oauthbearer.jwks.endpoint.retry.backoff.ms = 100
	sasl.oauthbearer.jwks.endpoint.url = null
	sasl.oauthbearer.scope.claim.name = scope
	sasl.oauthbearer.sub.claim.name = sub
	sasl.oauthbearer.token.endpoint.url = null
	security.protocol = PLAINTEXT
	security.providers = null
	send.buffer.bytes = 131072
	socket.connection.setup.timeout.max.ms = 30000
	socket.connection.setup.timeout.ms = 10000
	ssl.cipher.suites = null
	ssl.enabled.protocols = [TLSv1.2, TLSv1.3]
	ssl.endpoint.identification.algorithm = https
	ssl.engine.factory.class = null
	ssl.key.password = null
	ssl.keymanager.algorithm = SunX509
	ssl.keystore.certificate.chain = null
	ssl.keystore.key = null
	ssl.keystore.location = null
	ssl.keystore.password = null
	ssl.keystore.type = JKS
	ssl.protocol = TLSv1.3
	ssl.provider = null
	ssl.secure.random.implementation = null
	ssl.trustmanager.algorithm = PKIX
	ssl.truststore.certificates = null
	ssl.truststore.location = null
	ssl.truststore.password = null
	ssl.truststore.type = JKS
	transaction.timeout.ms = 60000
	transactional.id = null
	value.serializer = class io.apicurio.registry.serde.avro.AvroKafkaSerializer

2025-08-07 12:25:31,824 INFO  [org.apa.kaf.com.tel.int.KafkaMetricsCollector] (main) initializing Kafka metrics collector
2025-08-07 12:25:31,827 INFO  [org.apa.kaf.cli.pro.KafkaProducer] (main) [Producer clientId=Producer-topic-e08ae3c9_9726_49f5_9c10_8284e0346e01] Instantiated an idempotent producer.
2025-08-07 12:25:31,829 INFO  [org.apa.kaf.cli.pro.ProducerConfig] (main) These configurations '[apicurio.registry.find-latest, apicurio.registry.url, apicurio.registry.artifact-resolver-strategy]' were supplied but are not used yet.
2025-08-07 12:25:31,830 INFO  [org.apa.kaf.com.uti.AppInfoParser] (main) Kafka version: 3.9.1
2025-08-07 12:25:31,830 INFO  [org.apa.kaf.com.uti.AppInfoParser] (main) Kafka commitId: f745dfdcee2b9851
2025-08-07 12:25:31,830 INFO  [org.apa.kaf.com.uti.AppInfoParser] (main) Kafka startTimeMs: 1754569531830
2025-08-07 12:25:31,830 INFO  [io.api.tes.ser.api.SimpleSerdesTesterBuilder$SimpleSerdesTester] (main) Using producer configuration: {apicurio.registry.find-latest=true, apicurio.registry.url=http://registry-app-mysql.apps.ci419.apicurio-testing.org:80/apis/registry/v3, apicurio.registry.artifact-resolver-strategy=io.apicurio.registry.serde.strategy.TopicIdStrategy, value.serializer=io.apicurio.registry.serde.avro.AvroKafkaSerializer, request.timeout.ms=5000, acks=all, bootstrap.servers=PLAINTEXT://localhost:32769, connections.max.idle.ms=10000, key.serializer=org.apache.kafka.common.serialization.StringSerializer, client.id=Producer-topic-e08ae3c9_9726_49f5_9c10_8284e0346e01}
2025-08-07 12:25:31,830 INFO  [io.api.tes.ser.api.SimpleSerdesTesterBuilder$SimpleSerdesTester] (main) Using consumer configuration: {}
2025-08-07 12:25:31,833 INFO  [io.api.tes.ser.api.KafkaSerdesTester] (Thread-645) Sending message {"key11754569530620": "value-0"} to topic topic-e08ae3c9_9726_49f5_9c10_8284e0346e01
2025-08-07 12:25:31,839 INFO  [org.apa.kaf.cli.Metadata] (kafka-producer-network-thread | Producer-topic-e08ae3c9_9726_49f5_9c10_8284e0346e01) [Producer clientId=Producer-topic-e08ae3c9_9726_49f5_9c10_8284e0346e01] Cluster ID: w_73WABzQ2iBfYWfnNB4Cg
2025-08-07 12:25:31,839 INFO  [org.apa.kaf.cli.pro.int.TransactionManager] (kafka-producer-network-thread | Producer-topic-e08ae3c9_9726_49f5_9c10_8284e0346e01) [Producer clientId=Producer-topic-e08ae3c9_9726_49f5_9c10_8284e0346e01] ProducerId set to 9 with epoch 0
2025-08-07 12:25:32,345 INFO  [io.api.tes.ser.api.KafkaSerdesTester] (Thread-645) Sending message {"key11754569530620": "value-1"} to topic topic-e08ae3c9_9726_49f5_9c10_8284e0346e01
2025-08-07 12:25:32,346 INFO  [io.api.tes.ser.api.KafkaSerdesTester] (Thread-645) Sending message {"key11754569530620": "value-2"} to topic topic-e08ae3c9_9726_49f5_9c10_8284e0346e01
2025-08-07 12:25:32,348 INFO  [io.api.tes.ser.api.KafkaSerdesTester] (Thread-645) Sending message {"key11754569530620": "value-3"} to topic topic-e08ae3c9_9726_49f5_9c10_8284e0346e01
2025-08-07 12:25:32,352 INFO  [io.api.tes.ser.api.KafkaSerdesTester] (Thread-645) Sending message {"key11754569530620": "value-4"} to topic topic-e08ae3c9_9726_49f5_9c10_8284e0346e01
2025-08-07 12:25:32,355 INFO  [io.api.tes.ser.api.KafkaSerdesTester] (Thread-645) Sending message {"key11754569530620": "value-5"} to topic topic-e08ae3c9_9726_49f5_9c10_8284e0346e01
2025-08-07 12:25:32,358 INFO  [io.api.tes.ser.api.KafkaSerdesTester] (Thread-645) Sending message {"key11754569530620": "value-6"} to topic topic-e08ae3c9_9726_49f5_9c10_8284e0346e01
2025-08-07 12:25:32,366 INFO  [io.api.tes.ser.api.KafkaSerdesTester] (Thread-645) Sending message {"key11754569530620": "value-7"} to topic topic-e08ae3c9_9726_49f5_9c10_8284e0346e01
2025-08-07 12:25:32,374 INFO  [io.api.tes.ser.api.KafkaSerdesTester] (Thread-645) Sending message {"key11754569530620": "value-8"} to topic topic-e08ae3c9_9726_49f5_9c10_8284e0346e01
2025-08-07 12:25:32,377 INFO  [io.api.tes.ser.api.KafkaSerdesTester] (Thread-645) Sending message {"key11754569530620": "value-9"} to topic topic-e08ae3c9_9726_49f5_9c10_8284e0346e01
2025-08-07 12:25:32,380 INFO  [io.api.tes.ser.api.KafkaSerdesTester] (Thread-645) Produced 10 messages
2025-08-07 12:25:32,380 INFO  [org.apa.kaf.cli.pro.KafkaProducer] (Thread-645) [Producer clientId=Producer-topic-e08ae3c9_9726_49f5_9c10_8284e0346e01] Closing the Kafka producer with timeoutMillis = 9223372036854775807 ms.
2025-08-07 12:25:32,385 INFO  [org.apa.kaf.com.met.Metrics] (Thread-645) Metrics scheduler closed
2025-08-07 12:25:32,385 INFO  [org.apa.kaf.com.met.Metrics] (Thread-645) Closing reporter org.apache.kafka.common.metrics.JmxReporter
2025-08-07 12:25:32,386 INFO  [org.apa.kaf.com.met.Metrics] (Thread-645) Closing reporter org.apache.kafka.common.telemetry.internals.ClientTelemetryReporter
2025-08-07 12:25:32,386 INFO  [org.apa.kaf.com.met.Metrics] (Thread-645) Metrics reporters closed
2025-08-07 12:25:32,386 INFO  [org.apa.kaf.com.uti.AppInfoParser] (Thread-645) App info kafka.producer for Producer-topic-e08ae3c9_9726_49f5_9c10_8284e0346e01 unregistered
**** Registry Base URL: http://registry-app-mysql.apps.ci419.apicurio-testing.org:80
2025-08-07 12:25:32,388 INFO  [org.apa.kaf.cli.con.ConsumerConfig] (main) ConsumerConfig values: 
	allow.auto.create.topics = true
	auto.commit.interval.ms = 500
	auto.include.jmx.reporter = true
	auto.offset.reset = earliest
	bootstrap.servers = [PLAINTEXT://localhost:32769]
	check.crcs = true
	client.dns.lookup = use_all_dns_ips
	client.id = consumer-Consumer-topic-e08ae3c9_9726_49f5_9c10_8284e0346e01-7
	client.rack = 
	connections.max.idle.ms = 10000
	default.api.timeout.ms = 60000
	enable.auto.commit = true
	enable.metrics.push = true
	exclude.internal.topics = true
	fetch.max.bytes = 52428800
	fetch.max.wait.ms = 500
	fetch.min.bytes = 1
	group.id = Consumer-topic-e08ae3c9_9726_49f5_9c10_8284e0346e01
	group.instance.id = null
	group.protocol = classic
	group.remote.assignor = null
	heartbeat.interval.ms = 3000
	interceptor.classes = []
	internal.leave.group.on.close = true
	internal.throw.on.fetch.stable.offset.unsupported = false
	isolation.level = read_uncommitted
	key.deserializer = class org.apache.kafka.common.serialization.StringDeserializer
	max.partition.fetch.bytes = 1048576
	max.poll.interval.ms = 300000
	max.poll.records = 500
	metadata.max.age.ms = 300000
	metadata.recovery.strategy = none
	metric.reporters = []
	metrics.num.samples = 2
	metrics.recording.level = INFO
	metrics.sample.window.ms = 30000
	partition.assignment.strategy = [class org.apache.kafka.clients.consumer.RangeAssignor, class org.apache.kafka.clients.consumer.CooperativeStickyAssignor]
	receive.buffer.bytes = 65536
	reconnect.backoff.max.ms = 1000
	reconnect.backoff.ms = 50
	request.timeout.ms = 5000
	retry.backoff.max.ms = 1000
	retry.backoff.ms = 100
	sasl.client.callback.handler.class = null
	sasl.jaas.config = null
	sasl.kerberos.kinit.cmd = /usr/bin/kinit
	sasl.kerberos.min.time.before.relogin = 60000
	sasl.kerberos.service.name = null
	sasl.kerberos.ticket.renew.jitter = 0.05
	sasl.kerberos.ticket.renew.window.factor = 0.8
	sasl.login.callback.handler.class = null
	sasl.login.class = null
	sasl.login.connect.timeout.ms = null
	sasl.login.read.timeout.ms = null
	sasl.login.refresh.buffer.seconds = 300
	sasl.login.refresh.min.period.seconds = 60
	sasl.login.refresh.window.factor = 0.8
	sasl.login.refresh.window.jitter = 0.05
	sasl.login.retry.backoff.max.ms = 10000
	sasl.login.retry.backoff.ms = 100
	sasl.mechanism = GSSAPI
	sasl.oauthbearer.clock.skew.seconds = 30
	sasl.oauthbearer.expected.audience = null
	sasl.oauthbearer.expected.issuer = null
	sasl.oauthbearer.header.urlencode = false
	sasl.oauthbearer.jwks.endpoint.refresh.ms = 3600000
	sasl.oauthbearer.jwks.endpoint.retry.backoff.max.ms = 10000
	sasl.oauthbearer.jwks.endpoint.retry.backoff.ms = 100
	sasl.oauthbearer.jwks.endpoint.url = null
	sasl.oauthbearer.scope.claim.name = scope
	sasl.oauthbearer.sub.claim.name = sub
	sasl.oauthbearer.token.endpoint.url = null
	security.protocol = PLAINTEXT
	security.providers = null
	send.buffer.bytes = 131072
	session.timeout.ms = 45000
	socket.connection.setup.timeout.max.ms = 30000
	socket.connection.setup.timeout.ms = 10000
	ssl.cipher.suites = null
	ssl.enabled.protocols = [TLSv1.2, TLSv1.3]
	ssl.endpoint.identification.algorithm = https
	ssl.engine.factory.class = null
	ssl.key.password = null
	ssl.keymanager.algorithm = SunX509
	ssl.keystore.certificate.chain = null
	ssl.keystore.key = null
	ssl.keystore.location = null
	ssl.keystore.password = null
	ssl.keystore.type = JKS
	ssl.protocol = TLSv1.3
	ssl.provider = null
	ssl.secure.random.implementation = null
	ssl.trustmanager.algorithm = PKIX
	ssl.truststore.certificates = null
	ssl.truststore.location = null
	ssl.truststore.password = null
	ssl.truststore.type = JKS
	value.deserializer = class io.apicurio.registry.serde.avro.AvroKafkaDeserializer

2025-08-07 12:25:32,388 INFO  [org.apa.kaf.com.tel.int.KafkaMetricsCollector] (main) initializing Kafka metrics collector
2025-08-07 12:25:32,406 INFO  [org.apa.kaf.cli.con.ConsumerConfig] (main) These configurations '[apicurio.registry.url]' were supplied but are not used yet.
2025-08-07 12:25:32,406 INFO  [org.apa.kaf.com.uti.AppInfoParser] (main) Kafka version: 3.9.1
2025-08-07 12:25:32,406 INFO  [org.apa.kaf.com.uti.AppInfoParser] (main) Kafka commitId: f745dfdcee2b9851
2025-08-07 12:25:32,406 INFO  [org.apa.kaf.com.uti.AppInfoParser] (main) Kafka startTimeMs: 1754569532406
2025-08-07 12:25:32,410 INFO  [org.apa.kaf.cli.con.int.ClassicKafkaConsumer] (Thread-648) [Consumer clientId=consumer-Consumer-topic-e08ae3c9_9726_49f5_9c10_8284e0346e01-7, groupId=Consumer-topic-e08ae3c9_9726_49f5_9c10_8284e0346e01] Subscribed to topic(s): topic-e08ae3c9_9726_49f5_9c10_8284e0346e01
2025-08-07 12:25:32,423 INFO  [org.apa.kaf.cli.Metadata] (Thread-648) [Consumer clientId=consumer-Consumer-topic-e08ae3c9_9726_49f5_9c10_8284e0346e01-7, groupId=Consumer-topic-e08ae3c9_9726_49f5_9c10_8284e0346e01] Cluster ID: w_73WABzQ2iBfYWfnNB4Cg
2025-08-07 12:25:32,433 INFO  [org.apa.kaf.cli.con.int.ConsumerCoordinator] (Thread-648) [Consumer clientId=consumer-Consumer-topic-e08ae3c9_9726_49f5_9c10_8284e0346e01-7, groupId=Consumer-topic-e08ae3c9_9726_49f5_9c10_8284e0346e01] Discovered group coordinator localhost:32769 (id: 2147483647 rack: null)
2025-08-07 12:25:32,435 INFO  [org.apa.kaf.cli.con.int.ConsumerCoordinator] (Thread-648) [Consumer clientId=consumer-Consumer-topic-e08ae3c9_9726_49f5_9c10_8284e0346e01-7, groupId=Consumer-topic-e08ae3c9_9726_49f5_9c10_8284e0346e01] (Re-)joining group
2025-08-07 12:25:32,441 INFO  [org.apa.kaf.cli.con.int.ConsumerCoordinator] (Thread-648) [Consumer clientId=consumer-Consumer-topic-e08ae3c9_9726_49f5_9c10_8284e0346e01-7, groupId=Consumer-topic-e08ae3c9_9726_49f5_9c10_8284e0346e01] Request joining group due to: need to re-join with the given member-id: consumer-Consumer-topic-e08ae3c9_9726_49f5_9c10_8284e0346e01-7-6cc28d88-1323-4918-943a-507c65bdb1e2
2025-08-07 12:25:32,442 INFO  [org.apa.kaf.cli.con.int.ConsumerCoordinator] (Thread-648) [Consumer clientId=consumer-Consumer-topic-e08ae3c9_9726_49f5_9c10_8284e0346e01-7, groupId=Consumer-topic-e08ae3c9_9726_49f5_9c10_8284e0346e01] (Re-)joining group
2025-08-07 12:25:33,410 INFO  [io.api.tes.ser.api.KafkaSerdesTester] (Thread-648) None found
2025-08-07 12:25:34,410 INFO  [io.api.tes.ser.api.KafkaSerdesTester] (Thread-648) None found
2025-08-07 12:25:35,410 INFO  [io.api.tes.ser.api.KafkaSerdesTester] (Thread-648) None found
2025-08-07 12:25:35,446 INFO  [org.apa.kaf.cli.con.int.ConsumerCoordinator] (Thread-648) [Consumer clientId=consumer-Consumer-topic-e08ae3c9_9726_49f5_9c10_8284e0346e01-7, groupId=Consumer-topic-e08ae3c9_9726_49f5_9c10_8284e0346e01] Successfully joined group with generation Generation{generationId=1, memberId='consumer-Consumer-topic-e08ae3c9_9726_49f5_9c10_8284e0346e01-7-6cc28d88-1323-4918-943a-507c65bdb1e2', protocol='range'}
2025-08-07 12:25:35,446 INFO  [org.apa.kaf.cli.con.int.ConsumerCoordinator] (Thread-648) [Consumer clientId=consumer-Consumer-topic-e08ae3c9_9726_49f5_9c10_8284e0346e01-7, groupId=Consumer-topic-e08ae3c9_9726_49f5_9c10_8284e0346e01] Finished assignment for group at generation 1: {consumer-Consumer-topic-e08ae3c9_9726_49f5_9c10_8284e0346e01-7-6cc28d88-1323-4918-943a-507c65bdb1e2=Assignment(partitions=[topic-e08ae3c9_9726_49f5_9c10_8284e0346e01-0])}
2025-08-07 12:25:35,454 INFO  [org.apa.kaf.cli.con.int.ConsumerCoordinator] (Thread-648) [Consumer clientId=consumer-Consumer-topic-e08ae3c9_9726_49f5_9c10_8284e0346e01-7, groupId=Consumer-topic-e08ae3c9_9726_49f5_9c10_8284e0346e01] Successfully synced group in generation Generation{generationId=1, memberId='consumer-Consumer-topic-e08ae3c9_9726_49f5_9c10_8284e0346e01-7-6cc28d88-1323-4918-943a-507c65bdb1e2', protocol='range'}
2025-08-07 12:25:35,454 INFO  [org.apa.kaf.cli.con.int.ConsumerCoordinator] (Thread-648) [Consumer clientId=consumer-Consumer-topic-e08ae3c9_9726_49f5_9c10_8284e0346e01-7, groupId=Consumer-topic-e08ae3c9_9726_49f5_9c10_8284e0346e01] Notifying assignor about the new Assignment(partitions=[topic-e08ae3c9_9726_49f5_9c10_8284e0346e01-0])
2025-08-07 12:25:35,454 INFO  [org.apa.kaf.cli.con.int.ConsumerRebalanceListenerInvoker] (Thread-648) [Consumer clientId=consumer-Consumer-topic-e08ae3c9_9726_49f5_9c10_8284e0346e01-7, groupId=Consumer-topic-e08ae3c9_9726_49f5_9c10_8284e0346e01] Adding newly assigned partitions: topic-e08ae3c9_9726_49f5_9c10_8284e0346e01-0
2025-08-07 12:25:35,455 INFO  [org.apa.kaf.cli.con.int.ConsumerCoordinator] (Thread-648) [Consumer clientId=consumer-Consumer-topic-e08ae3c9_9726_49f5_9c10_8284e0346e01-7, groupId=Consumer-topic-e08ae3c9_9726_49f5_9c10_8284e0346e01] Found no committed offset for partition topic-e08ae3c9_9726_49f5_9c10_8284e0346e01-0
2025-08-07 12:25:35,461 INFO  [org.apa.kaf.cli.con.int.SubscriptionState] (Thread-648) [Consumer clientId=consumer-Consumer-topic-e08ae3c9_9726_49f5_9c10_8284e0346e01-7, groupId=Consumer-topic-e08ae3c9_9726_49f5_9c10_8284e0346e01] Resetting offset for partition topic-e08ae3c9_9726_49f5_9c10_8284e0346e01-0 to position FetchPosition{offset=0, offsetEpoch=Optional.empty, currentLeader=LeaderAndEpoch{leader=Optional[localhost:32769 (id: 0 rack: null)], epoch=0}}.
2025-08-07 12:25:35,715 INFO  [io.api.tes.ser.api.KafkaSerdesTester] (Thread-648) topic-e08ae3c9_9726_49f5_9c10_8284e0346e01 0 0 {"key11754569530620": "value-0"}
2025-08-07 12:25:35,716 INFO  [io.api.tes.ser.api.KafkaSerdesTester] (Thread-648) topic-e08ae3c9_9726_49f5_9c10_8284e0346e01 0 1 {"key11754569530620": "value-1"}
2025-08-07 12:25:35,716 INFO  [io.api.tes.ser.api.KafkaSerdesTester] (Thread-648) topic-e08ae3c9_9726_49f5_9c10_8284e0346e01 0 2 {"key11754569530620": "value-2"}
2025-08-07 12:25:35,716 INFO  [io.api.tes.ser.api.KafkaSerdesTester] (Thread-648) topic-e08ae3c9_9726_49f5_9c10_8284e0346e01 0 3 {"key11754569530620": "value-3"}
2025-08-07 12:25:35,716 INFO  [io.api.tes.ser.api.KafkaSerdesTester] (Thread-648) topic-e08ae3c9_9726_49f5_9c10_8284e0346e01 0 4 {"key11754569530620": "value-4"}
2025-08-07 12:25:35,716 INFO  [io.api.tes.ser.api.KafkaSerdesTester] (Thread-648) topic-e08ae3c9_9726_49f5_9c10_8284e0346e01 0 5 {"key11754569530620": "value-5"}
2025-08-07 12:25:35,716 INFO  [io.api.tes.ser.api.KafkaSerdesTester] (Thread-648) topic-e08ae3c9_9726_49f5_9c10_8284e0346e01 0 6 {"key11754569530620": "value-6"}
2025-08-07 12:25:35,716 INFO  [io.api.tes.ser.api.KafkaSerdesTester] (Thread-648) topic-e08ae3c9_9726_49f5_9c10_8284e0346e01 0 7 {"key11754569530620": "value-7"}
2025-08-07 12:25:35,716 INFO  [io.api.tes.ser.api.KafkaSerdesTester] (Thread-648) topic-e08ae3c9_9726_49f5_9c10_8284e0346e01 0 8 {"key11754569530620": "value-8"}
2025-08-07 12:25:35,716 INFO  [io.api.tes.ser.api.KafkaSerdesTester] (Thread-648) topic-e08ae3c9_9726_49f5_9c10_8284e0346e01 0 9 {"key11754569530620": "value-9"}
2025-08-07 12:25:35,716 INFO  [io.api.tes.ser.api.KafkaSerdesTester] (Thread-648) Consumed 10 messages
2025-08-07 12:25:35,723 INFO  [org.apa.kaf.cli.con.int.ConsumerRebalanceListenerInvoker] (Thread-648) [Consumer clientId=consumer-Consumer-topic-e08ae3c9_9726_49f5_9c10_8284e0346e01-7, groupId=Consumer-topic-e08ae3c9_9726_49f5_9c10_8284e0346e01] Revoke previously assigned partitions topic-e08ae3c9_9726_49f5_9c10_8284e0346e01-0
2025-08-07 12:25:35,723 INFO  [org.apa.kaf.cli.con.int.ConsumerCoordinator] (Thread-648) [Consumer clientId=consumer-Consumer-topic-e08ae3c9_9726_49f5_9c10_8284e0346e01-7, groupId=Consumer-topic-e08ae3c9_9726_49f5_9c10_8284e0346e01] Member consumer-Consumer-topic-e08ae3c9_9726_49f5_9c10_8284e0346e01-7-6cc28d88-1323-4918-943a-507c65bdb1e2 sending LeaveGroup request to coordinator localhost:32769 (id: 2147483647 rack: null) due to the consumer is being closed
2025-08-07 12:25:35,723 INFO  [org.apa.kaf.cli.con.int.ConsumerCoordinator] (Thread-648) [Consumer clientId=consumer-Consumer-topic-e08ae3c9_9726_49f5_9c10_8284e0346e01-7, groupId=Consumer-topic-e08ae3c9_9726_49f5_9c10_8284e0346e01] Resetting generation and member id due to: consumer pro-actively leaving the group
2025-08-07 12:25:35,723 INFO  [org.apa.kaf.cli.con.int.ConsumerCoordinator] (Thread-648) [Consumer clientId=consumer-Consumer-topic-e08ae3c9_9726_49f5_9c10_8284e0346e01-7, groupId=Consumer-topic-e08ae3c9_9726_49f5_9c10_8284e0346e01] Request joining group due to: consumer pro-actively leaving the group
2025-08-07 12:25:36,219 INFO  [org.apa.kaf.com.met.Metrics] (Thread-648) Metrics scheduler closed
2025-08-07 12:25:36,219 INFO  [org.apa.kaf.com.met.Metrics] (Thread-648) Closing reporter org.apache.kafka.common.metrics.JmxReporter
2025-08-07 12:25:36,219 INFO  [org.apa.kaf.com.met.Metrics] (Thread-648) Closing reporter org.apache.kafka.common.telemetry.internals.ClientTelemetryReporter
2025-08-07 12:25:36,219 INFO  [org.apa.kaf.com.met.Metrics] (Thread-648) Metrics reporters closed
2025-08-07 12:25:36,221 INFO  [org.apa.kaf.com.uti.AppInfoParser] (Thread-648) App info kafka.consumer for consumer-Consumer-topic-e08ae3c9_9726_49f5_9c10_8284e0346e01-7 unregistered
2025-08-07 12:25:36,221 INFO  [io.api.tes.uti.TestSeparator] (main) io.apicurio.tests.serdes.apicurio.AvroSerdeIT.testTopicIdStrategyFindLatest-FINISHED
2025-08-07 12:25:36,221 INFO  [io.api.tes.uti.TestSeparator] (main) ############################################################################
Test passed: testTopicIdStrategyFindLatest
]]></system-out>
  </testcase>
  <testcase name="testAvroUnionWithSpecificReader" classname="io.apicurio.tests.serdes.apicurio.AvroSerdeIT" time="5.002">
    <system-out><![CDATA[2025-08-07 12:25:36,223 INFO  [io.api.tes.uti.TestSeparator] (main) ############################################################################
2025-08-07 12:25:36,223 INFO  [io.api.tes.uti.TestSeparator] (main) io.apicurio.tests.serdes.apicurio.AvroSerdeIT.testAvroUnionWithSpecificReader-STARTED
**** Registry Base URL: http://registry-app-mysql.apps.ci419.apicurio-testing.org:80
2025-08-07 12:25:36,235 INFO  [org.apa.kaf.cli.pro.ProducerConfig] (main) ProducerConfig values: 
	acks = -1
	auto.include.jmx.reporter = true
	batch.size = 16384
	bootstrap.servers = [PLAINTEXT://localhost:32769]
	buffer.memory = 33554432
	client.dns.lookup = use_all_dns_ips
	client.id = Producer-topic-74f3b995_7f8a_4d1e_8271_63c4ec20a3a8
	compression.gzip.level = -1
	compression.lz4.level = 9
	compression.type = none
	compression.zstd.level = 3
	connections.max.idle.ms = 10000
	delivery.timeout.ms = 120000
	enable.idempotence = true
	enable.metrics.push = true
	interceptor.classes = []
	key.serializer = class org.apache.kafka.common.serialization.StringSerializer
	linger.ms = 0
	max.block.ms = 60000
	max.in.flight.requests.per.connection = 5
	max.request.size = 1048576
	metadata.max.age.ms = 300000
	metadata.max.idle.ms = 300000
	metadata.recovery.strategy = none
	metric.reporters = []
	metrics.num.samples = 2
	metrics.recording.level = INFO
	metrics.sample.window.ms = 30000
	partitioner.adaptive.partitioning.enable = true
	partitioner.availability.timeout.ms = 0
	partitioner.class = null
	partitioner.ignore.keys = false
	receive.buffer.bytes = 32768
	reconnect.backoff.max.ms = 1000
	reconnect.backoff.ms = 50
	request.timeout.ms = 5000
	retries = 2147483647
	retry.backoff.max.ms = 1000
	retry.backoff.ms = 100
	sasl.client.callback.handler.class = null
	sasl.jaas.config = null
	sasl.kerberos.kinit.cmd = /usr/bin/kinit
	sasl.kerberos.min.time.before.relogin = 60000
	sasl.kerberos.service.name = null
	sasl.kerberos.ticket.renew.jitter = 0.05
	sasl.kerberos.ticket.renew.window.factor = 0.8
	sasl.login.callback.handler.class = null
	sasl.login.class = null
	sasl.login.connect.timeout.ms = null
	sasl.login.read.timeout.ms = null
	sasl.login.refresh.buffer.seconds = 300
	sasl.login.refresh.min.period.seconds = 60
	sasl.login.refresh.window.factor = 0.8
	sasl.login.refresh.window.jitter = 0.05
	sasl.login.retry.backoff.max.ms = 10000
	sasl.login.retry.backoff.ms = 100
	sasl.mechanism = GSSAPI
	sasl.oauthbearer.clock.skew.seconds = 30
	sasl.oauthbearer.expected.audience = null
	sasl.oauthbearer.expected.issuer = null
	sasl.oauthbearer.header.urlencode = false
	sasl.oauthbearer.jwks.endpoint.refresh.ms = 3600000
	sasl.oauthbearer.jwks.endpoint.retry.backoff.max.ms = 10000
	sasl.oauthbearer.jwks.endpoint.retry.backoff.ms = 100
	sasl.oauthbearer.jwks.endpoint.url = null
	sasl.oauthbearer.scope.claim.name = scope
	sasl.oauthbearer.sub.claim.name = sub
	sasl.oauthbearer.token.endpoint.url = null
	security.protocol = PLAINTEXT
	security.providers = null
	send.buffer.bytes = 131072
	socket.connection.setup.timeout.max.ms = 30000
	socket.connection.setup.timeout.ms = 10000
	ssl.cipher.suites = null
	ssl.enabled.protocols = [TLSv1.2, TLSv1.3]
	ssl.endpoint.identification.algorithm = https
	ssl.engine.factory.class = null
	ssl.key.password = null
	ssl.keymanager.algorithm = SunX509
	ssl.keystore.certificate.chain = null
	ssl.keystore.key = null
	ssl.keystore.location = null
	ssl.keystore.password = null
	ssl.keystore.type = JKS
	ssl.protocol = TLSv1.3
	ssl.provider = null
	ssl.secure.random.implementation = null
	ssl.trustmanager.algorithm = PKIX
	ssl.truststore.certificates = null
	ssl.truststore.location = null
	ssl.truststore.password = null
	ssl.truststore.type = JKS
	transaction.timeout.ms = 60000
	transactional.id = null
	value.serializer = class io.apicurio.registry.serde.avro.AvroKafkaSerializer

2025-08-07 12:25:36,235 INFO  [org.apa.kaf.com.tel.int.KafkaMetricsCollector] (main) initializing Kafka metrics collector
2025-08-07 12:25:36,242 INFO  [org.apa.kaf.cli.pro.KafkaProducer] (main) [Producer clientId=Producer-topic-74f3b995_7f8a_4d1e_8271_63c4ec20a3a8] Instantiated an idempotent producer.
2025-08-07 12:25:36,245 INFO  [org.apa.kaf.cli.pro.ProducerConfig] (main) These configurations '[apicurio.registry.url, apicurio.registry.auto-register, apicurio.registry.artifact-resolver-strategy]' were supplied but are not used yet.
2025-08-07 12:25:36,245 INFO  [org.apa.kaf.com.uti.AppInfoParser] (main) Kafka version: 3.9.1
2025-08-07 12:25:36,245 INFO  [org.apa.kaf.com.uti.AppInfoParser] (main) Kafka commitId: f745dfdcee2b9851
2025-08-07 12:25:36,245 INFO  [org.apa.kaf.com.uti.AppInfoParser] (main) Kafka startTimeMs: 1754569536245
2025-08-07 12:25:36,245 INFO  [io.api.tes.ser.api.SimpleSerdesTesterBuilder$SimpleSerdesTester] (main) Using producer configuration: {apicurio.registry.url=http://registry-app-mysql.apps.ci419.apicurio-testing.org:80/apis/registry/v3, apicurio.registry.auto-register=true, apicurio.registry.artifact-resolver-strategy=io.apicurio.registry.serde.strategy.TopicIdStrategy, value.serializer=io.apicurio.registry.serde.avro.AvroKafkaSerializer, request.timeout.ms=5000, acks=all, bootstrap.servers=PLAINTEXT://localhost:32769, connections.max.idle.ms=10000, key.serializer=org.apache.kafka.common.serialization.StringSerializer, client.id=Producer-topic-74f3b995_7f8a_4d1e_8271_63c4ec20a3a8}
2025-08-07 12:25:36,245 INFO  [io.api.tes.ser.api.SimpleSerdesTesterBuilder$SimpleSerdesTester] (main) Using consumer configuration: {}
2025-08-07 12:25:36,250 INFO  [io.api.tes.ser.api.KafkaSerdesTester] (Thread-651) Sending message {"id": "record-0"} to topic topic-74f3b995_7f8a_4d1e_8271_63c4ec20a3a8
2025-08-07 12:25:36,254 WARN  [org.apa.kaf.cli.NetworkClient] (kafka-producer-network-thread | Producer-topic-74f3b995_7f8a_4d1e_8271_63c4ec20a3a8) [Producer clientId=Producer-topic-74f3b995_7f8a_4d1e_8271_63c4ec20a3a8] The metadata response from the cluster reported a recoverable issue with correlation id 1 : {topic-74f3b995_7f8a_4d1e_8271_63c4ec20a3a8=UNKNOWN_TOPIC_OR_PARTITION}
2025-08-07 12:25:36,254 INFO  [org.apa.kaf.cli.Metadata] (kafka-producer-network-thread | Producer-topic-74f3b995_7f8a_4d1e_8271_63c4ec20a3a8) [Producer clientId=Producer-topic-74f3b995_7f8a_4d1e_8271_63c4ec20a3a8] Cluster ID: w_73WABzQ2iBfYWfnNB4Cg
2025-08-07 12:25:36,258 INFO  [org.apa.kaf.cli.pro.int.TransactionManager] (kafka-producer-network-thread | Producer-topic-74f3b995_7f8a_4d1e_8271_63c4ec20a3a8) [Producer clientId=Producer-topic-74f3b995_7f8a_4d1e_8271_63c4ec20a3a8] ProducerId set to 10 with epoch 0
2025-08-07 12:25:36,584 INFO  [io.api.tes.ser.api.KafkaSerdesTester] (Thread-651) Sending message {"value": 1} to topic topic-74f3b995_7f8a_4d1e_8271_63c4ec20a3a8
2025-08-07 12:25:36,730 INFO  [io.api.tes.ser.api.KafkaSerdesTester] (Thread-651) Sending message {"active": true} to topic topic-74f3b995_7f8a_4d1e_8271_63c4ec20a3a8
2025-08-07 12:25:36,871 INFO  [io.api.tes.ser.api.KafkaSerdesTester] (Thread-651) Sending message {"id": "record-3"} to topic topic-74f3b995_7f8a_4d1e_8271_63c4ec20a3a8
2025-08-07 12:25:36,873 INFO  [io.api.tes.ser.api.KafkaSerdesTester] (Thread-651) Sending message {"value": 4} to topic topic-74f3b995_7f8a_4d1e_8271_63c4ec20a3a8
2025-08-07 12:25:36,875 INFO  [io.api.tes.ser.api.KafkaSerdesTester] (Thread-651) Sending message {"active": false} to topic topic-74f3b995_7f8a_4d1e_8271_63c4ec20a3a8
2025-08-07 12:25:36,878 INFO  [io.api.tes.ser.api.KafkaSerdesTester] (Thread-651) Sending message {"id": "record-6"} to topic topic-74f3b995_7f8a_4d1e_8271_63c4ec20a3a8
2025-08-07 12:25:36,880 INFO  [io.api.tes.ser.api.KafkaSerdesTester] (Thread-651) Sending message {"value": 7} to topic topic-74f3b995_7f8a_4d1e_8271_63c4ec20a3a8
2025-08-07 12:25:36,882 INFO  [io.api.tes.ser.api.KafkaSerdesTester] (Thread-651) Sending message {"active": true} to topic topic-74f3b995_7f8a_4d1e_8271_63c4ec20a3a8
2025-08-07 12:25:36,884 INFO  [io.api.tes.ser.api.KafkaSerdesTester] (Thread-651) Sending message {"id": "record-9"} to topic topic-74f3b995_7f8a_4d1e_8271_63c4ec20a3a8
2025-08-07 12:25:36,890 INFO  [io.api.tes.ser.api.KafkaSerdesTester] (Thread-651) Produced 10 messages
2025-08-07 12:25:36,890 INFO  [org.apa.kaf.cli.pro.KafkaProducer] (Thread-651) [Producer clientId=Producer-topic-74f3b995_7f8a_4d1e_8271_63c4ec20a3a8] Closing the Kafka producer with timeoutMillis = 9223372036854775807 ms.
2025-08-07 12:25:36,893 INFO  [org.apa.kaf.com.met.Metrics] (Thread-651) Metrics scheduler closed
2025-08-07 12:25:36,893 INFO  [org.apa.kaf.com.met.Metrics] (Thread-651) Closing reporter org.apache.kafka.common.metrics.JmxReporter
2025-08-07 12:25:36,893 INFO  [org.apa.kaf.com.met.Metrics] (Thread-651) Closing reporter org.apache.kafka.common.telemetry.internals.ClientTelemetryReporter
2025-08-07 12:25:36,894 INFO  [org.apa.kaf.com.met.Metrics] (Thread-651) Metrics reporters closed
2025-08-07 12:25:36,894 INFO  [org.apa.kaf.com.uti.AppInfoParser] (Thread-651) App info kafka.producer for Producer-topic-74f3b995_7f8a_4d1e_8271_63c4ec20a3a8 unregistered
2025-08-07 12:25:37,077 INFO  [io.api.tes.ser.api.AvroSerdeIT] (main) Artifact topic-74f3b995_7f8a_4d1e_8271_63c4ec20a3a8-value found in registry with globalId 25
**** Registry Base URL: http://registry-app-mysql.apps.ci419.apicurio-testing.org:80
2025-08-07 12:25:37,078 INFO  [org.apa.kaf.cli.con.ConsumerConfig] (main) ConsumerConfig values: 
	allow.auto.create.topics = true
	auto.commit.interval.ms = 500
	auto.include.jmx.reporter = true
	auto.offset.reset = earliest
	bootstrap.servers = [PLAINTEXT://localhost:32769]
	check.crcs = true
	client.dns.lookup = use_all_dns_ips
	client.id = consumer-Consumer-topic-74f3b995_7f8a_4d1e_8271_63c4ec20a3a8-8
	client.rack = 
	connections.max.idle.ms = 10000
	default.api.timeout.ms = 60000
	enable.auto.commit = true
	enable.metrics.push = true
	exclude.internal.topics = true
	fetch.max.bytes = 52428800
	fetch.max.wait.ms = 500
	fetch.min.bytes = 1
	group.id = Consumer-topic-74f3b995_7f8a_4d1e_8271_63c4ec20a3a8
	group.instance.id = null
	group.protocol = classic
	group.remote.assignor = null
	heartbeat.interval.ms = 3000
	interceptor.classes = []
	internal.leave.group.on.close = true
	internal.throw.on.fetch.stable.offset.unsupported = false
	isolation.level = read_uncommitted
	key.deserializer = class org.apache.kafka.common.serialization.StringDeserializer
	max.partition.fetch.bytes = 1048576
	max.poll.interval.ms = 300000
	max.poll.records = 500
	metadata.max.age.ms = 300000
	metadata.recovery.strategy = none
	metric.reporters = []
	metrics.num.samples = 2
	metrics.recording.level = INFO
	metrics.sample.window.ms = 30000
	partition.assignment.strategy = [class org.apache.kafka.clients.consumer.RangeAssignor, class org.apache.kafka.clients.consumer.CooperativeStickyAssignor]
	receive.buffer.bytes = 65536
	reconnect.backoff.max.ms = 1000
	reconnect.backoff.ms = 50
	request.timeout.ms = 5000
	retry.backoff.max.ms = 1000
	retry.backoff.ms = 100
	sasl.client.callback.handler.class = null
	sasl.jaas.config = null
	sasl.kerberos.kinit.cmd = /usr/bin/kinit
	sasl.kerberos.min.time.before.relogin = 60000
	sasl.kerberos.service.name = null
	sasl.kerberos.ticket.renew.jitter = 0.05
	sasl.kerberos.ticket.renew.window.factor = 0.8
	sasl.login.callback.handler.class = null
	sasl.login.class = null
	sasl.login.connect.timeout.ms = null
	sasl.login.read.timeout.ms = null
	sasl.login.refresh.buffer.seconds = 300
	sasl.login.refresh.min.period.seconds = 60
	sasl.login.refresh.window.factor = 0.8
	sasl.login.refresh.window.jitter = 0.05
	sasl.login.retry.backoff.max.ms = 10000
	sasl.login.retry.backoff.ms = 100
	sasl.mechanism = GSSAPI
	sasl.oauthbearer.clock.skew.seconds = 30
	sasl.oauthbearer.expected.audience = null
	sasl.oauthbearer.expected.issuer = null
	sasl.oauthbearer.header.urlencode = false
	sasl.oauthbearer.jwks.endpoint.refresh.ms = 3600000
	sasl.oauthbearer.jwks.endpoint.retry.backoff.max.ms = 10000
	sasl.oauthbearer.jwks.endpoint.retry.backoff.ms = 100
	sasl.oauthbearer.jwks.endpoint.url = null
	sasl.oauthbearer.scope.claim.name = scope
	sasl.oauthbearer.sub.claim.name = sub
	sasl.oauthbearer.token.endpoint.url = null
	security.protocol = PLAINTEXT
	security.providers = null
	send.buffer.bytes = 131072
	session.timeout.ms = 45000
	socket.connection.setup.timeout.max.ms = 30000
	socket.connection.setup.timeout.ms = 10000
	ssl.cipher.suites = null
	ssl.enabled.protocols = [TLSv1.2, TLSv1.3]
	ssl.endpoint.identification.algorithm = https
	ssl.engine.factory.class = null
	ssl.key.password = null
	ssl.keymanager.algorithm = SunX509
	ssl.keystore.certificate.chain = null
	ssl.keystore.key = null
	ssl.keystore.location = null
	ssl.keystore.password = null
	ssl.keystore.type = JKS
	ssl.protocol = TLSv1.3
	ssl.provider = null
	ssl.secure.random.implementation = null
	ssl.trustmanager.algorithm = PKIX
	ssl.truststore.certificates = null
	ssl.truststore.location = null
	ssl.truststore.password = null
	ssl.truststore.type = JKS
	value.deserializer = class io.apicurio.registry.serde.avro.AvroKafkaDeserializer

2025-08-07 12:25:37,079 INFO  [org.apa.kaf.com.tel.int.KafkaMetricsCollector] (main) initializing Kafka metrics collector
2025-08-07 12:25:37,084 INFO  [org.apa.kaf.cli.con.ConsumerConfig] (main) These configurations '[apicurio.registry.url]' were supplied but are not used yet.
2025-08-07 12:25:37,084 INFO  [org.apa.kaf.com.uti.AppInfoParser] (main) Kafka version: 3.9.1
2025-08-07 12:25:37,084 INFO  [org.apa.kaf.com.uti.AppInfoParser] (main) Kafka commitId: f745dfdcee2b9851
2025-08-07 12:25:37,084 INFO  [org.apa.kaf.com.uti.AppInfoParser] (main) Kafka startTimeMs: 1754569537084
2025-08-07 12:25:37,084 INFO  [org.apa.kaf.cli.con.int.ClassicKafkaConsumer] (Thread-654) [Consumer clientId=consumer-Consumer-topic-74f3b995_7f8a_4d1e_8271_63c4ec20a3a8-8, groupId=Consumer-topic-74f3b995_7f8a_4d1e_8271_63c4ec20a3a8] Subscribed to topic(s): topic-74f3b995_7f8a_4d1e_8271_63c4ec20a3a8
2025-08-07 12:25:37,089 INFO  [org.apa.kaf.cli.Metadata] (Thread-654) [Consumer clientId=consumer-Consumer-topic-74f3b995_7f8a_4d1e_8271_63c4ec20a3a8-8, groupId=Consumer-topic-74f3b995_7f8a_4d1e_8271_63c4ec20a3a8] Cluster ID: w_73WABzQ2iBfYWfnNB4Cg
2025-08-07 12:25:37,090 INFO  [org.apa.kaf.cli.con.int.ConsumerCoordinator] (Thread-654) [Consumer clientId=consumer-Consumer-topic-74f3b995_7f8a_4d1e_8271_63c4ec20a3a8-8, groupId=Consumer-topic-74f3b995_7f8a_4d1e_8271_63c4ec20a3a8] Discovered group coordinator localhost:32769 (id: 2147483647 rack: null)
2025-08-07 12:25:37,091 INFO  [org.apa.kaf.cli.con.int.ConsumerCoordinator] (Thread-654) [Consumer clientId=consumer-Consumer-topic-74f3b995_7f8a_4d1e_8271_63c4ec20a3a8-8, groupId=Consumer-topic-74f3b995_7f8a_4d1e_8271_63c4ec20a3a8] (Re-)joining group
2025-08-07 12:25:37,095 INFO  [org.apa.kaf.cli.con.int.ConsumerCoordinator] (Thread-654) [Consumer clientId=consumer-Consumer-topic-74f3b995_7f8a_4d1e_8271_63c4ec20a3a8-8, groupId=Consumer-topic-74f3b995_7f8a_4d1e_8271_63c4ec20a3a8] Request joining group due to: need to re-join with the given member-id: consumer-Consumer-topic-74f3b995_7f8a_4d1e_8271_63c4ec20a3a8-8-9dad6b7b-26f3-46f7-88c1-0271402984b8
2025-08-07 12:25:37,095 INFO  [org.apa.kaf.cli.con.int.ConsumerCoordinator] (Thread-654) [Consumer clientId=consumer-Consumer-topic-74f3b995_7f8a_4d1e_8271_63c4ec20a3a8-8, groupId=Consumer-topic-74f3b995_7f8a_4d1e_8271_63c4ec20a3a8] (Re-)joining group
2025-08-07 12:25:38,084 INFO  [io.api.tes.ser.api.KafkaSerdesTester] (Thread-654) None found
2025-08-07 12:25:39,085 INFO  [io.api.tes.ser.api.KafkaSerdesTester] (Thread-654) None found
2025-08-07 12:25:40,085 INFO  [io.api.tes.ser.api.KafkaSerdesTester] (Thread-654) None found
2025-08-07 12:25:40,097 INFO  [org.apa.kaf.cli.con.int.ConsumerCoordinator] (Thread-654) [Consumer clientId=consumer-Consumer-topic-74f3b995_7f8a_4d1e_8271_63c4ec20a3a8-8, groupId=Consumer-topic-74f3b995_7f8a_4d1e_8271_63c4ec20a3a8] Successfully joined group with generation Generation{generationId=1, memberId='consumer-Consumer-topic-74f3b995_7f8a_4d1e_8271_63c4ec20a3a8-8-9dad6b7b-26f3-46f7-88c1-0271402984b8', protocol='range'}
2025-08-07 12:25:40,098 INFO  [org.apa.kaf.cli.con.int.ConsumerCoordinator] (Thread-654) [Consumer clientId=consumer-Consumer-topic-74f3b995_7f8a_4d1e_8271_63c4ec20a3a8-8, groupId=Consumer-topic-74f3b995_7f8a_4d1e_8271_63c4ec20a3a8] Finished assignment for group at generation 1: {consumer-Consumer-topic-74f3b995_7f8a_4d1e_8271_63c4ec20a3a8-8-9dad6b7b-26f3-46f7-88c1-0271402984b8=Assignment(partitions=[topic-74f3b995_7f8a_4d1e_8271_63c4ec20a3a8-0])}
2025-08-07 12:25:40,105 INFO  [org.apa.kaf.cli.con.int.ConsumerCoordinator] (Thread-654) [Consumer clientId=consumer-Consumer-topic-74f3b995_7f8a_4d1e_8271_63c4ec20a3a8-8, groupId=Consumer-topic-74f3b995_7f8a_4d1e_8271_63c4ec20a3a8] Successfully synced group in generation Generation{generationId=1, memberId='consumer-Consumer-topic-74f3b995_7f8a_4d1e_8271_63c4ec20a3a8-8-9dad6b7b-26f3-46f7-88c1-0271402984b8', protocol='range'}
2025-08-07 12:25:40,105 INFO  [org.apa.kaf.cli.con.int.ConsumerCoordinator] (Thread-654) [Consumer clientId=consumer-Consumer-topic-74f3b995_7f8a_4d1e_8271_63c4ec20a3a8-8, groupId=Consumer-topic-74f3b995_7f8a_4d1e_8271_63c4ec20a3a8] Notifying assignor about the new Assignment(partitions=[topic-74f3b995_7f8a_4d1e_8271_63c4ec20a3a8-0])
2025-08-07 12:25:40,105 INFO  [org.apa.kaf.cli.con.int.ConsumerRebalanceListenerInvoker] (Thread-654) [Consumer clientId=consumer-Consumer-topic-74f3b995_7f8a_4d1e_8271_63c4ec20a3a8-8, groupId=Consumer-topic-74f3b995_7f8a_4d1e_8271_63c4ec20a3a8] Adding newly assigned partitions: topic-74f3b995_7f8a_4d1e_8271_63c4ec20a3a8-0
2025-08-07 12:25:40,106 INFO  [org.apa.kaf.cli.con.int.ConsumerCoordinator] (Thread-654) [Consumer clientId=consumer-Consumer-topic-74f3b995_7f8a_4d1e_8271_63c4ec20a3a8-8, groupId=Consumer-topic-74f3b995_7f8a_4d1e_8271_63c4ec20a3a8] Found no committed offset for partition topic-74f3b995_7f8a_4d1e_8271_63c4ec20a3a8-0
2025-08-07 12:25:40,111 INFO  [org.apa.kaf.cli.con.int.SubscriptionState] (Thread-654) [Consumer clientId=consumer-Consumer-topic-74f3b995_7f8a_4d1e_8271_63c4ec20a3a8-8, groupId=Consumer-topic-74f3b995_7f8a_4d1e_8271_63c4ec20a3a8] Resetting offset for partition topic-74f3b995_7f8a_4d1e_8271_63c4ec20a3a8-0 to position FetchPosition{offset=0, offsetEpoch=Optional.empty, currentLeader=LeaderAndEpoch{leader=Optional[localhost:32769 (id: 0 rack: null)], epoch=0}}.
2025-08-07 12:25:40,718 INFO  [io.api.tes.ser.api.KafkaSerdesTester] (Thread-654) topic-74f3b995_7f8a_4d1e_8271_63c4ec20a3a8 0 0 {"id": "record-0"}
2025-08-07 12:25:40,718 INFO  [io.api.tes.ser.api.KafkaSerdesTester] (Thread-654) topic-74f3b995_7f8a_4d1e_8271_63c4ec20a3a8 0 1 {"value": 1}
2025-08-07 12:25:40,719 INFO  [io.api.tes.ser.api.KafkaSerdesTester] (Thread-654) topic-74f3b995_7f8a_4d1e_8271_63c4ec20a3a8 0 2 {"active": true}
2025-08-07 12:25:40,719 INFO  [io.api.tes.ser.api.KafkaSerdesTester] (Thread-654) topic-74f3b995_7f8a_4d1e_8271_63c4ec20a3a8 0 3 {"id": "record-3"}
2025-08-07 12:25:40,719 INFO  [io.api.tes.ser.api.KafkaSerdesTester] (Thread-654) topic-74f3b995_7f8a_4d1e_8271_63c4ec20a3a8 0 4 {"value": 4}
2025-08-07 12:25:40,719 INFO  [io.api.tes.ser.api.KafkaSerdesTester] (Thread-654) topic-74f3b995_7f8a_4d1e_8271_63c4ec20a3a8 0 5 {"active": false}
2025-08-07 12:25:40,719 INFO  [io.api.tes.ser.api.KafkaSerdesTester] (Thread-654) topic-74f3b995_7f8a_4d1e_8271_63c4ec20a3a8 0 6 {"id": "record-6"}
2025-08-07 12:25:40,719 INFO  [io.api.tes.ser.api.KafkaSerdesTester] (Thread-654) topic-74f3b995_7f8a_4d1e_8271_63c4ec20a3a8 0 7 {"value": 7}
2025-08-07 12:25:40,719 INFO  [io.api.tes.ser.api.KafkaSerdesTester] (Thread-654) topic-74f3b995_7f8a_4d1e_8271_63c4ec20a3a8 0 8 {"active": true}
2025-08-07 12:25:40,719 INFO  [io.api.tes.ser.api.KafkaSerdesTester] (Thread-654) topic-74f3b995_7f8a_4d1e_8271_63c4ec20a3a8 0 9 {"id": "record-9"}
2025-08-07 12:25:40,719 INFO  [io.api.tes.ser.api.KafkaSerdesTester] (Thread-654) Consumed 10 messages
2025-08-07 12:25:40,725 INFO  [org.apa.kaf.cli.con.int.ConsumerRebalanceListenerInvoker] (Thread-654) [Consumer clientId=consumer-Consumer-topic-74f3b995_7f8a_4d1e_8271_63c4ec20a3a8-8, groupId=Consumer-topic-74f3b995_7f8a_4d1e_8271_63c4ec20a3a8] Revoke previously assigned partitions topic-74f3b995_7f8a_4d1e_8271_63c4ec20a3a8-0
2025-08-07 12:25:40,726 INFO  [org.apa.kaf.cli.con.int.ConsumerCoordinator] (Thread-654) [Consumer clientId=consumer-Consumer-topic-74f3b995_7f8a_4d1e_8271_63c4ec20a3a8-8, groupId=Consumer-topic-74f3b995_7f8a_4d1e_8271_63c4ec20a3a8] Member consumer-Consumer-topic-74f3b995_7f8a_4d1e_8271_63c4ec20a3a8-8-9dad6b7b-26f3-46f7-88c1-0271402984b8 sending LeaveGroup request to coordinator localhost:32769 (id: 2147483647 rack: null) due to the consumer is being closed
2025-08-07 12:25:40,726 INFO  [org.apa.kaf.cli.con.int.ConsumerCoordinator] (Thread-654) [Consumer clientId=consumer-Consumer-topic-74f3b995_7f8a_4d1e_8271_63c4ec20a3a8-8, groupId=Consumer-topic-74f3b995_7f8a_4d1e_8271_63c4ec20a3a8] Resetting generation and member id due to: consumer pro-actively leaving the group
2025-08-07 12:25:40,726 INFO  [org.apa.kaf.cli.con.int.ConsumerCoordinator] (Thread-654) [Consumer clientId=consumer-Consumer-topic-74f3b995_7f8a_4d1e_8271_63c4ec20a3a8-8, groupId=Consumer-topic-74f3b995_7f8a_4d1e_8271_63c4ec20a3a8] Request joining group due to: consumer pro-actively leaving the group
2025-08-07 12:25:41,220 INFO  [org.apa.kaf.com.met.Metrics] (Thread-654) Metrics scheduler closed
2025-08-07 12:25:41,220 INFO  [org.apa.kaf.com.met.Metrics] (Thread-654) Closing reporter org.apache.kafka.common.metrics.JmxReporter
2025-08-07 12:25:41,220 INFO  [org.apa.kaf.com.met.Metrics] (Thread-654) Closing reporter org.apache.kafka.common.telemetry.internals.ClientTelemetryReporter
2025-08-07 12:25:41,220 INFO  [org.apa.kaf.com.met.Metrics] (Thread-654) Metrics reporters closed
2025-08-07 12:25:41,223 INFO  [org.apa.kaf.com.uti.AppInfoParser] (Thread-654) App info kafka.consumer for consumer-Consumer-topic-74f3b995_7f8a_4d1e_8271_63c4ec20a3a8-8 unregistered
2025-08-07 12:25:41,224 INFO  [io.api.tes.uti.TestSeparator] (main) io.apicurio.tests.serdes.apicurio.AvroSerdeIT.testAvroUnionWithSpecificReader-FINISHED
2025-08-07 12:25:41,224 INFO  [io.api.tes.uti.TestSeparator] (main) ############################################################################
Test passed: testAvroUnionWithSpecificReader
]]></system-out>
  </testcase>
  <testcase name="testEvolveAvroApicurioReusingClient" classname="io.apicurio.tests.serdes.apicurio.AvroSerdeIT" time="8.318">
    <system-out><![CDATA[2025-08-07 12:25:41,225 INFO  [io.api.tes.uti.TestSeparator] (main) ############################################################################
2025-08-07 12:25:41,226 INFO  [io.api.tes.uti.TestSeparator] (main) io.apicurio.tests.serdes.apicurio.AvroSerdeIT.testEvolveAvroApicurioReusingClient-STARTED
2025-08-07 12:25:41,229 INFO  [io.api.tes.ser.api.AvroSerdeIT] (main) Registering Avro Schema: {"type":"record","name":"sa07e5f05xe553x4e8dx8837x849a6ae92279","namespace":"ns_abff511f_0dfe_4af7_8790_13f4fee9344c","fields":[{"name":"key11754569541226","type":"string"}]}
**** Registry Base URL: http://registry-app-mysql.apps.ci419.apicurio-testing.org:80
2025-08-07 12:25:42,440 INFO  [org.apa.kaf.cli.pro.ProducerConfig] (main) ProducerConfig values: 
	acks = -1
	auto.include.jmx.reporter = true
	batch.size = 16384
	bootstrap.servers = [PLAINTEXT://localhost:32769]
	buffer.memory = 33554432
	client.dns.lookup = use_all_dns_ips
	client.id = Producer-topic-ab272670_6025_4b06_8473_3be741cacac1
	compression.gzip.level = -1
	compression.lz4.level = 9
	compression.type = none
	compression.zstd.level = 3
	connections.max.idle.ms = 10000
	delivery.timeout.ms = 120000
	enable.idempotence = true
	enable.metrics.push = true
	interceptor.classes = []
	key.serializer = class org.apache.kafka.common.serialization.StringSerializer
	linger.ms = 0
	max.block.ms = 60000
	max.in.flight.requests.per.connection = 5
	max.request.size = 1048576
	metadata.max.age.ms = 300000
	metadata.max.idle.ms = 300000
	metadata.recovery.strategy = none
	metric.reporters = []
	metrics.num.samples = 2
	metrics.recording.level = INFO
	metrics.sample.window.ms = 30000
	partitioner.adaptive.partitioning.enable = true
	partitioner.availability.timeout.ms = 0
	partitioner.class = null
	partitioner.ignore.keys = false
	receive.buffer.bytes = 32768
	reconnect.backoff.max.ms = 1000
	reconnect.backoff.ms = 50
	request.timeout.ms = 5000
	retries = 2147483647
	retry.backoff.max.ms = 1000
	retry.backoff.ms = 100
	sasl.client.callback.handler.class = null
	sasl.jaas.config = null
	sasl.kerberos.kinit.cmd = /usr/bin/kinit
	sasl.kerberos.min.time.before.relogin = 60000
	sasl.kerberos.service.name = null
	sasl.kerberos.ticket.renew.jitter = 0.05
	sasl.kerberos.ticket.renew.window.factor = 0.8
	sasl.login.callback.handler.class = null
	sasl.login.class = null
	sasl.login.connect.timeout.ms = null
	sasl.login.read.timeout.ms = null
	sasl.login.refresh.buffer.seconds = 300
	sasl.login.refresh.min.period.seconds = 60
	sasl.login.refresh.window.factor = 0.8
	sasl.login.refresh.window.jitter = 0.05
	sasl.login.retry.backoff.max.ms = 10000
	sasl.login.retry.backoff.ms = 100
	sasl.mechanism = GSSAPI
	sasl.oauthbearer.clock.skew.seconds = 30
	sasl.oauthbearer.expected.audience = null
	sasl.oauthbearer.expected.issuer = null
	sasl.oauthbearer.header.urlencode = false
	sasl.oauthbearer.jwks.endpoint.refresh.ms = 3600000
	sasl.oauthbearer.jwks.endpoint.retry.backoff.max.ms = 10000
	sasl.oauthbearer.jwks.endpoint.retry.backoff.ms = 100
	sasl.oauthbearer.jwks.endpoint.url = null
	sasl.oauthbearer.scope.claim.name = scope
	sasl.oauthbearer.sub.claim.name = sub
	sasl.oauthbearer.token.endpoint.url = null
	security.protocol = PLAINTEXT
	security.providers = null
	send.buffer.bytes = 131072
	socket.connection.setup.timeout.max.ms = 30000
	socket.connection.setup.timeout.ms = 10000
	ssl.cipher.suites = null
	ssl.enabled.protocols = [TLSv1.2, TLSv1.3]
	ssl.endpoint.identification.algorithm = https
	ssl.engine.factory.class = null
	ssl.key.password = null
	ssl.keymanager.algorithm = SunX509
	ssl.keystore.certificate.chain = null
	ssl.keystore.key = null
	ssl.keystore.location = null
	ssl.keystore.password = null
	ssl.keystore.type = JKS
	ssl.protocol = TLSv1.3
	ssl.provider = null
	ssl.secure.random.implementation = null
	ssl.trustmanager.algorithm = PKIX
	ssl.truststore.certificates = null
	ssl.truststore.location = null
	ssl.truststore.password = null
	ssl.truststore.type = JKS
	transaction.timeout.ms = 60000
	transactional.id = null
	value.serializer = class io.apicurio.registry.serde.avro.AvroKafkaSerializer

2025-08-07 12:25:42,440 INFO  [org.apa.kaf.com.tel.int.KafkaMetricsCollector] (main) initializing Kafka metrics collector
2025-08-07 12:25:42,444 INFO  [org.apa.kaf.cli.pro.KafkaProducer] (main) [Producer clientId=Producer-topic-ab272670_6025_4b06_8473_3be741cacac1] Instantiated an idempotent producer.
2025-08-07 12:25:42,445 INFO  [org.apa.kaf.cli.pro.ProducerConfig] (main) These configurations '[apicurio.registry.url, apicurio.registry.artifact-resolver-strategy]' were supplied but are not used yet.
2025-08-07 12:25:42,445 INFO  [org.apa.kaf.com.uti.AppInfoParser] (main) Kafka version: 3.9.1
2025-08-07 12:25:42,445 INFO  [org.apa.kaf.com.uti.AppInfoParser] (main) Kafka commitId: f745dfdcee2b9851
2025-08-07 12:25:42,445 INFO  [org.apa.kaf.com.uti.AppInfoParser] (main) Kafka startTimeMs: 1754569542445
**** Registry Base URL: http://registry-app-mysql.apps.ci419.apicurio-testing.org:80
2025-08-07 12:25:42,446 INFO  [org.apa.kaf.cli.con.ConsumerConfig] (main) ConsumerConfig values: 
	allow.auto.create.topics = true
	auto.commit.interval.ms = 500
	auto.include.jmx.reporter = true
	auto.offset.reset = earliest
	bootstrap.servers = [PLAINTEXT://localhost:32769]
	check.crcs = true
	client.dns.lookup = use_all_dns_ips
	client.id = consumer-Consumer-topic-ab272670_6025_4b06_8473_3be741cacac1-9
	client.rack = 
	connections.max.idle.ms = 10000
	default.api.timeout.ms = 60000
	enable.auto.commit = true
	enable.metrics.push = true
	exclude.internal.topics = true
	fetch.max.bytes = 52428800
	fetch.max.wait.ms = 500
	fetch.min.bytes = 1
	group.id = Consumer-topic-ab272670_6025_4b06_8473_3be741cacac1
	group.instance.id = null
	group.protocol = classic
	group.remote.assignor = null
	heartbeat.interval.ms = 3000
	interceptor.classes = []
	internal.leave.group.on.close = true
	internal.throw.on.fetch.stable.offset.unsupported = false
	isolation.level = read_uncommitted
	key.deserializer = class org.apache.kafka.common.serialization.StringDeserializer
	max.partition.fetch.bytes = 1048576
	max.poll.interval.ms = 300000
	max.poll.records = 500
	metadata.max.age.ms = 300000
	metadata.recovery.strategy = none
	metric.reporters = []
	metrics.num.samples = 2
	metrics.recording.level = INFO
	metrics.sample.window.ms = 30000
	partition.assignment.strategy = [class org.apache.kafka.clients.consumer.RangeAssignor, class org.apache.kafka.clients.consumer.CooperativeStickyAssignor]
	receive.buffer.bytes = 65536
	reconnect.backoff.max.ms = 1000
	reconnect.backoff.ms = 50
	request.timeout.ms = 5000
	retry.backoff.max.ms = 1000
	retry.backoff.ms = 100
	sasl.client.callback.handler.class = null
	sasl.jaas.config = null
	sasl.kerberos.kinit.cmd = /usr/bin/kinit
	sasl.kerberos.min.time.before.relogin = 60000
	sasl.kerberos.service.name = null
	sasl.kerberos.ticket.renew.jitter = 0.05
	sasl.kerberos.ticket.renew.window.factor = 0.8
	sasl.login.callback.handler.class = null
	sasl.login.class = null
	sasl.login.connect.timeout.ms = null
	sasl.login.read.timeout.ms = null
	sasl.login.refresh.buffer.seconds = 300
	sasl.login.refresh.min.period.seconds = 60
	sasl.login.refresh.window.factor = 0.8
	sasl.login.refresh.window.jitter = 0.05
	sasl.login.retry.backoff.max.ms = 10000
	sasl.login.retry.backoff.ms = 100
	sasl.mechanism = GSSAPI
	sasl.oauthbearer.clock.skew.seconds = 30
	sasl.oauthbearer.expected.audience = null
	sasl.oauthbearer.expected.issuer = null
	sasl.oauthbearer.header.urlencode = false
	sasl.oauthbearer.jwks.endpoint.refresh.ms = 3600000
	sasl.oauthbearer.jwks.endpoint.retry.backoff.max.ms = 10000
	sasl.oauthbearer.jwks.endpoint.retry.backoff.ms = 100
	sasl.oauthbearer.jwks.endpoint.url = null
	sasl.oauthbearer.scope.claim.name = scope
	sasl.oauthbearer.sub.claim.name = sub
	sasl.oauthbearer.token.endpoint.url = null
	security.protocol = PLAINTEXT
	security.providers = null
	send.buffer.bytes = 131072
	session.timeout.ms = 45000
	socket.connection.setup.timeout.max.ms = 30000
	socket.connection.setup.timeout.ms = 10000
	ssl.cipher.suites = null
	ssl.enabled.protocols = [TLSv1.2, TLSv1.3]
	ssl.endpoint.identification.algorithm = https
	ssl.engine.factory.class = null
	ssl.key.password = null
	ssl.keymanager.algorithm = SunX509
	ssl.keystore.certificate.chain = null
	ssl.keystore.key = null
	ssl.keystore.location = null
	ssl.keystore.password = null
	ssl.keystore.type = JKS
	ssl.protocol = TLSv1.3
	ssl.provider = null
	ssl.secure.random.implementation = null
	ssl.trustmanager.algorithm = PKIX
	ssl.truststore.certificates = null
	ssl.truststore.location = null
	ssl.truststore.password = null
	ssl.truststore.type = JKS
	value.deserializer = class io.apicurio.registry.serde.avro.AvroKafkaDeserializer

2025-08-07 12:25:42,446 INFO  [org.apa.kaf.com.tel.int.KafkaMetricsCollector] (main) initializing Kafka metrics collector
2025-08-07 12:25:42,453 INFO  [org.apa.kaf.cli.Metadata] (kafka-producer-network-thread | Producer-topic-ab272670_6025_4b06_8473_3be741cacac1) [Producer clientId=Producer-topic-ab272670_6025_4b06_8473_3be741cacac1] Cluster ID: w_73WABzQ2iBfYWfnNB4Cg
2025-08-07 12:25:42,455 INFO  [org.apa.kaf.cli.con.ConsumerConfig] (main) These configurations '[apicurio.registry.url]' were supplied but are not used yet.
2025-08-07 12:25:42,455 INFO  [org.apa.kaf.com.uti.AppInfoParser] (main) Kafka version: 3.9.1
2025-08-07 12:25:42,455 INFO  [org.apa.kaf.com.uti.AppInfoParser] (main) Kafka commitId: f745dfdcee2b9851
2025-08-07 12:25:42,455 INFO  [org.apa.kaf.com.uti.AppInfoParser] (main) Kafka startTimeMs: 1754569542455
2025-08-07 12:25:42,457 INFO  [org.apa.kaf.cli.pro.int.TransactionManager] (kafka-producer-network-thread | Producer-topic-ab272670_6025_4b06_8473_3be741cacac1) [Producer clientId=Producer-topic-ab272670_6025_4b06_8473_3be741cacac1] ProducerId set to 11 with epoch 0
2025-08-07 12:25:42,460 INFO  [io.api.tes.ser.api.KafkaSerdesTester] (Thread-659) Sending message {"key11754569541226": "value-0"} to topic topic-ab272670_6025_4b06_8473_3be741cacac1
2025-08-07 12:25:42,465 INFO  [DefaultSchemaResolver] (Thread-659) Retrieving schema content using string: {"type":"record","name":"sa07e5f05xe553x4e8dx8837x849a6ae92279","namespace":"ns_abff511f_0dfe_4af7_8790_13f4fee9344c","fields":[{"name":"key11754569541226","type":"string"}]}
2025-08-07 12:25:42,639 INFO  [io.api.tes.ser.api.KafkaSerdesTester] (Thread-659) Sending message {"key11754569541226": "value-1"} to topic topic-ab272670_6025_4b06_8473_3be741cacac1
2025-08-07 12:25:42,642 INFO  [io.api.tes.ser.api.KafkaSerdesTester] (Thread-659) Sending message {"key11754569541226": "value-2"} to topic topic-ab272670_6025_4b06_8473_3be741cacac1
2025-08-07 12:25:42,644 INFO  [io.api.tes.ser.api.KafkaSerdesTester] (Thread-659) Sending message {"key11754569541226": "value-3"} to topic topic-ab272670_6025_4b06_8473_3be741cacac1
2025-08-07 12:25:42,647 INFO  [io.api.tes.ser.api.KafkaSerdesTester] (Thread-659) Sending message {"key11754569541226": "value-4"} to topic topic-ab272670_6025_4b06_8473_3be741cacac1
2025-08-07 12:25:42,650 INFO  [io.api.tes.ser.api.KafkaSerdesTester] (Thread-659) Sending message {"key11754569541226": "value-5"} to topic topic-ab272670_6025_4b06_8473_3be741cacac1
2025-08-07 12:25:42,653 INFO  [io.api.tes.ser.api.KafkaSerdesTester] (Thread-659) Sending message {"key11754569541226": "value-6"} to topic topic-ab272670_6025_4b06_8473_3be741cacac1
2025-08-07 12:25:42,655 INFO  [io.api.tes.ser.api.KafkaSerdesTester] (Thread-659) Sending message {"key11754569541226": "value-7"} to topic topic-ab272670_6025_4b06_8473_3be741cacac1
2025-08-07 12:25:42,659 INFO  [io.api.tes.ser.api.KafkaSerdesTester] (Thread-659) Sending message {"key11754569541226": "value-8"} to topic topic-ab272670_6025_4b06_8473_3be741cacac1
2025-08-07 12:25:42,663 INFO  [io.api.tes.ser.api.KafkaSerdesTester] (Thread-659) Sending message {"key11754569541226": "value-9"} to topic topic-ab272670_6025_4b06_8473_3be741cacac1
2025-08-07 12:25:42,665 INFO  [io.api.tes.ser.api.KafkaSerdesTester] (Thread-659) Produced 10 messages
2025-08-07 12:25:42,666 INFO  [org.apa.kaf.cli.con.int.ClassicKafkaConsumer] (Thread-660) [Consumer clientId=consumer-Consumer-topic-ab272670_6025_4b06_8473_3be741cacac1-9, groupId=Consumer-topic-ab272670_6025_4b06_8473_3be741cacac1] Subscribed to topic(s): topic-ab272670_6025_4b06_8473_3be741cacac1
2025-08-07 12:25:42,670 INFO  [org.apa.kaf.cli.Metadata] (Thread-660) [Consumer clientId=consumer-Consumer-topic-ab272670_6025_4b06_8473_3be741cacac1-9, groupId=Consumer-topic-ab272670_6025_4b06_8473_3be741cacac1] Cluster ID: w_73WABzQ2iBfYWfnNB4Cg
2025-08-07 12:25:42,671 INFO  [org.apa.kaf.cli.con.int.ConsumerCoordinator] (Thread-660) [Consumer clientId=consumer-Consumer-topic-ab272670_6025_4b06_8473_3be741cacac1-9, groupId=Consumer-topic-ab272670_6025_4b06_8473_3be741cacac1] Discovered group coordinator localhost:32769 (id: 2147483647 rack: null)
2025-08-07 12:25:42,672 INFO  [org.apa.kaf.cli.con.int.ConsumerCoordinator] (Thread-660) [Consumer clientId=consumer-Consumer-topic-ab272670_6025_4b06_8473_3be741cacac1-9, groupId=Consumer-topic-ab272670_6025_4b06_8473_3be741cacac1] (Re-)joining group
2025-08-07 12:25:42,674 INFO  [org.apa.kaf.cli.con.int.ConsumerCoordinator] (Thread-660) [Consumer clientId=consumer-Consumer-topic-ab272670_6025_4b06_8473_3be741cacac1-9, groupId=Consumer-topic-ab272670_6025_4b06_8473_3be741cacac1] Request joining group due to: need to re-join with the given member-id: consumer-Consumer-topic-ab272670_6025_4b06_8473_3be741cacac1-9-bc4ddb9d-ebb8-4e98-a141-97588435e81a
2025-08-07 12:25:42,674 INFO  [org.apa.kaf.cli.con.int.ConsumerCoordinator] (Thread-660) [Consumer clientId=consumer-Consumer-topic-ab272670_6025_4b06_8473_3be741cacac1-9, groupId=Consumer-topic-ab272670_6025_4b06_8473_3be741cacac1] (Re-)joining group
2025-08-07 12:25:43,666 INFO  [io.api.tes.ser.api.KafkaSerdesTester] (Thread-660) None found
2025-08-07 12:25:44,667 INFO  [io.api.tes.ser.api.KafkaSerdesTester] (Thread-660) None found
2025-08-07 12:25:45,667 INFO  [io.api.tes.ser.api.KafkaSerdesTester] (Thread-660) None found
2025-08-07 12:25:45,676 INFO  [org.apa.kaf.cli.con.int.ConsumerCoordinator] (Thread-660) [Consumer clientId=consumer-Consumer-topic-ab272670_6025_4b06_8473_3be741cacac1-9, groupId=Consumer-topic-ab272670_6025_4b06_8473_3be741cacac1] Successfully joined group with generation Generation{generationId=1, memberId='consumer-Consumer-topic-ab272670_6025_4b06_8473_3be741cacac1-9-bc4ddb9d-ebb8-4e98-a141-97588435e81a', protocol='range'}
2025-08-07 12:25:45,676 INFO  [org.apa.kaf.cli.con.int.ConsumerCoordinator] (Thread-660) [Consumer clientId=consumer-Consumer-topic-ab272670_6025_4b06_8473_3be741cacac1-9, groupId=Consumer-topic-ab272670_6025_4b06_8473_3be741cacac1] Finished assignment for group at generation 1: {consumer-Consumer-topic-ab272670_6025_4b06_8473_3be741cacac1-9-bc4ddb9d-ebb8-4e98-a141-97588435e81a=Assignment(partitions=[topic-ab272670_6025_4b06_8473_3be741cacac1-0])}
2025-08-07 12:25:45,685 INFO  [org.apa.kaf.cli.con.int.ConsumerCoordinator] (Thread-660) [Consumer clientId=consumer-Consumer-topic-ab272670_6025_4b06_8473_3be741cacac1-9, groupId=Consumer-topic-ab272670_6025_4b06_8473_3be741cacac1] Successfully synced group in generation Generation{generationId=1, memberId='consumer-Consumer-topic-ab272670_6025_4b06_8473_3be741cacac1-9-bc4ddb9d-ebb8-4e98-a141-97588435e81a', protocol='range'}
2025-08-07 12:25:45,685 INFO  [org.apa.kaf.cli.con.int.ConsumerCoordinator] (Thread-660) [Consumer clientId=consumer-Consumer-topic-ab272670_6025_4b06_8473_3be741cacac1-9, groupId=Consumer-topic-ab272670_6025_4b06_8473_3be741cacac1] Notifying assignor about the new Assignment(partitions=[topic-ab272670_6025_4b06_8473_3be741cacac1-0])
2025-08-07 12:25:45,685 INFO  [org.apa.kaf.cli.con.int.ConsumerRebalanceListenerInvoker] (Thread-660) [Consumer clientId=consumer-Consumer-topic-ab272670_6025_4b06_8473_3be741cacac1-9, groupId=Consumer-topic-ab272670_6025_4b06_8473_3be741cacac1] Adding newly assigned partitions: topic-ab272670_6025_4b06_8473_3be741cacac1-0
2025-08-07 12:25:45,689 INFO  [org.apa.kaf.cli.con.int.ConsumerCoordinator] (Thread-660) [Consumer clientId=consumer-Consumer-topic-ab272670_6025_4b06_8473_3be741cacac1-9, groupId=Consumer-topic-ab272670_6025_4b06_8473_3be741cacac1] Found no committed offset for partition topic-ab272670_6025_4b06_8473_3be741cacac1-0
2025-08-07 12:25:45,693 INFO  [org.apa.kaf.cli.con.int.SubscriptionState] (Thread-660) [Consumer clientId=consumer-Consumer-topic-ab272670_6025_4b06_8473_3be741cacac1-9, groupId=Consumer-topic-ab272670_6025_4b06_8473_3be741cacac1] Resetting offset for partition topic-ab272670_6025_4b06_8473_3be741cacac1-0 to position FetchPosition{offset=0, offsetEpoch=Optional.empty, currentLeader=LeaderAndEpoch{leader=Optional[localhost:32769 (id: 0 rack: null)], epoch=0}}.
2025-08-07 12:25:45,957 INFO  [io.api.tes.ser.api.KafkaSerdesTester] (Thread-660) topic-ab272670_6025_4b06_8473_3be741cacac1 0 0 {"key11754569541226": "value-0"}
2025-08-07 12:25:45,957 INFO  [io.api.tes.ser.api.KafkaSerdesTester] (Thread-660) topic-ab272670_6025_4b06_8473_3be741cacac1 0 1 {"key11754569541226": "value-1"}
2025-08-07 12:25:45,957 INFO  [io.api.tes.ser.api.KafkaSerdesTester] (Thread-660) topic-ab272670_6025_4b06_8473_3be741cacac1 0 2 {"key11754569541226": "value-2"}
2025-08-07 12:25:45,957 INFO  [io.api.tes.ser.api.KafkaSerdesTester] (Thread-660) topic-ab272670_6025_4b06_8473_3be741cacac1 0 3 {"key11754569541226": "value-3"}
2025-08-07 12:25:45,957 INFO  [io.api.tes.ser.api.KafkaSerdesTester] (Thread-660) topic-ab272670_6025_4b06_8473_3be741cacac1 0 4 {"key11754569541226": "value-4"}
2025-08-07 12:25:45,957 INFO  [io.api.tes.ser.api.KafkaSerdesTester] (Thread-660) topic-ab272670_6025_4b06_8473_3be741cacac1 0 5 {"key11754569541226": "value-5"}
2025-08-07 12:25:45,957 INFO  [io.api.tes.ser.api.KafkaSerdesTester] (Thread-660) topic-ab272670_6025_4b06_8473_3be741cacac1 0 6 {"key11754569541226": "value-6"}
2025-08-07 12:25:45,957 INFO  [io.api.tes.ser.api.KafkaSerdesTester] (Thread-660) topic-ab272670_6025_4b06_8473_3be741cacac1 0 7 {"key11754569541226": "value-7"}
2025-08-07 12:25:45,957 INFO  [io.api.tes.ser.api.KafkaSerdesTester] (Thread-660) topic-ab272670_6025_4b06_8473_3be741cacac1 0 8 {"key11754569541226": "value-8"}
2025-08-07 12:25:45,957 INFO  [io.api.tes.ser.api.KafkaSerdesTester] (Thread-660) topic-ab272670_6025_4b06_8473_3be741cacac1 0 9 {"key11754569541226": "value-9"}
2025-08-07 12:25:45,957 INFO  [io.api.tes.ser.api.KafkaSerdesTester] (Thread-660) Consumed 10 messages
2025-08-07 12:25:45,958 INFO  [io.api.tes.ser.api.AvroSerdeIT] (main) Registering Avro Schema 2: {"type":"record","name":"sa07e5f05xe553x4e8dx8837x849a6ae92279","namespace":"ns_abff511f_0dfe_4af7_8790_13f4fee9344c","fields":[{"name":"key11754569541226","type":"string"},{"name":"key21754569545958","type":"string"}]}
2025-08-07 12:25:47,174 INFO  [io.api.tes.ser.api.KafkaSerdesTester] (Thread-661) Sending message {"key11754569541226": "value-0", "key21754569545958": "value-0"} to topic topic-ab272670_6025_4b06_8473_3be741cacac1
2025-08-07 12:25:47,175 INFO  [DefaultSchemaResolver] (Thread-661) Retrieving schema content using string: {"type":"record","name":"sa07e5f05xe553x4e8dx8837x849a6ae92279","namespace":"ns_abff511f_0dfe_4af7_8790_13f4fee9344c","fields":[{"name":"key11754569541226","type":"string"},{"name":"key21754569545958","type":"string"}]}
2025-08-07 12:25:47,270 INFO  [io.api.tes.ser.api.KafkaSerdesTester] (Thread-661) Sending message {"key11754569541226": "value-1", "key21754569545958": "value-1"} to topic topic-ab272670_6025_4b06_8473_3be741cacac1
2025-08-07 12:25:47,272 INFO  [io.api.tes.ser.api.KafkaSerdesTester] (Thread-661) Sending message {"key11754569541226": "value-2", "key21754569545958": "value-2"} to topic topic-ab272670_6025_4b06_8473_3be741cacac1
2025-08-07 12:25:47,274 INFO  [io.api.tes.ser.api.KafkaSerdesTester] (Thread-661) Sending message {"key11754569541226": "value-3", "key21754569545958": "value-3"} to topic topic-ab272670_6025_4b06_8473_3be741cacac1
2025-08-07 12:25:47,276 INFO  [io.api.tes.ser.api.KafkaSerdesTester] (Thread-661) Sending message {"key11754569541226": "value-4", "key21754569545958": "value-4"} to topic topic-ab272670_6025_4b06_8473_3be741cacac1
2025-08-07 12:25:47,277 INFO  [io.api.tes.ser.api.KafkaSerdesTester] (Thread-661) Sending message {"key11754569541226": "value-5", "key21754569545958": "value-5"} to topic topic-ab272670_6025_4b06_8473_3be741cacac1
2025-08-07 12:25:47,281 INFO  [io.api.tes.ser.api.KafkaSerdesTester] (Thread-661) Sending message {"key11754569541226": "value-6", "key21754569545958": "value-6"} to topic topic-ab272670_6025_4b06_8473_3be741cacac1
2025-08-07 12:25:47,286 INFO  [io.api.tes.ser.api.KafkaSerdesTester] (Thread-661) Sending message {"key11754569541226": "value-7", "key21754569545958": "value-7"} to topic topic-ab272670_6025_4b06_8473_3be741cacac1
2025-08-07 12:25:47,288 INFO  [io.api.tes.ser.api.KafkaSerdesTester] (Thread-661) Sending message {"key11754569541226": "value-8", "key21754569545958": "value-8"} to topic topic-ab272670_6025_4b06_8473_3be741cacac1
2025-08-07 12:25:47,289 INFO  [io.api.tes.ser.api.KafkaSerdesTester] (Thread-661) Sending message {"key11754569541226": "value-9", "key21754569545958": "value-9"} to topic topic-ab272670_6025_4b06_8473_3be741cacac1
2025-08-07 12:25:47,291 INFO  [io.api.tes.ser.api.KafkaSerdesTester] (Thread-661) Produced 10 messages
2025-08-07 12:25:47,291 INFO  [io.api.tes.ser.api.KafkaSerdesTester] (Thread-662) Sending message {"key11754569541226": "value-0"} to topic topic-ab272670_6025_4b06_8473_3be741cacac1
2025-08-07 12:25:47,293 INFO  [io.api.tes.ser.api.KafkaSerdesTester] (Thread-662) Sending message {"key11754569541226": "value-1"} to topic topic-ab272670_6025_4b06_8473_3be741cacac1
2025-08-07 12:25:47,296 INFO  [io.api.tes.ser.api.KafkaSerdesTester] (Thread-662) Sending message {"key11754569541226": "value-2"} to topic topic-ab272670_6025_4b06_8473_3be741cacac1
2025-08-07 12:25:47,297 INFO  [io.api.tes.ser.api.KafkaSerdesTester] (Thread-662) Sending message {"key11754569541226": "value-3"} to topic topic-ab272670_6025_4b06_8473_3be741cacac1
2025-08-07 12:25:47,299 INFO  [io.api.tes.ser.api.KafkaSerdesTester] (Thread-662) Sending message {"key11754569541226": "value-4"} to topic topic-ab272670_6025_4b06_8473_3be741cacac1
2025-08-07 12:25:47,300 INFO  [io.api.tes.ser.api.KafkaSerdesTester] (Thread-662) Sending message {"key11754569541226": "value-5"} to topic topic-ab272670_6025_4b06_8473_3be741cacac1
2025-08-07 12:25:47,303 INFO  [io.api.tes.ser.api.KafkaSerdesTester] (Thread-662) Sending message {"key11754569541226": "value-6"} to topic topic-ab272670_6025_4b06_8473_3be741cacac1
2025-08-07 12:25:47,305 INFO  [io.api.tes.ser.api.KafkaSerdesTester] (Thread-662) Sending message {"key11754569541226": "value-7"} to topic topic-ab272670_6025_4b06_8473_3be741cacac1
2025-08-07 12:25:47,306 INFO  [io.api.tes.ser.api.KafkaSerdesTester] (Thread-662) Sending message {"key11754569541226": "value-8"} to topic topic-ab272670_6025_4b06_8473_3be741cacac1
2025-08-07 12:25:47,309 INFO  [io.api.tes.ser.api.KafkaSerdesTester] (Thread-662) Sending message {"key11754569541226": "value-9"} to topic topic-ab272670_6025_4b06_8473_3be741cacac1
2025-08-07 12:25:47,311 INFO  [io.api.tes.ser.api.KafkaSerdesTester] (Thread-662) Produced 10 messages
2025-08-07 12:25:47,312 INFO  [org.apa.kaf.cli.con.int.ClassicKafkaConsumer] (Thread-663) [Consumer clientId=consumer-Consumer-topic-ab272670_6025_4b06_8473_3be741cacac1-9, groupId=Consumer-topic-ab272670_6025_4b06_8473_3be741cacac1] Subscribed to topic(s): topic-ab272670_6025_4b06_8473_3be741cacac1
2025-08-07 12:25:47,497 INFO  [io.api.tes.ser.api.KafkaSerdesTester] (Thread-663) topic-ab272670_6025_4b06_8473_3be741cacac1 0 10 {"key11754569541226": "value-0", "key21754569545958": "value-0"}
2025-08-07 12:25:47,497 INFO  [io.api.tes.ser.api.KafkaSerdesTester] (Thread-663) topic-ab272670_6025_4b06_8473_3be741cacac1 0 11 {"key11754569541226": "value-1", "key21754569545958": "value-1"}
2025-08-07 12:25:47,497 INFO  [io.api.tes.ser.api.KafkaSerdesTester] (Thread-663) topic-ab272670_6025_4b06_8473_3be741cacac1 0 12 {"key11754569541226": "value-2", "key21754569545958": "value-2"}
2025-08-07 12:25:47,497 INFO  [io.api.tes.ser.api.KafkaSerdesTester] (Thread-663) topic-ab272670_6025_4b06_8473_3be741cacac1 0 13 {"key11754569541226": "value-3", "key21754569545958": "value-3"}
2025-08-07 12:25:47,497 INFO  [io.api.tes.ser.api.KafkaSerdesTester] (Thread-663) topic-ab272670_6025_4b06_8473_3be741cacac1 0 14 {"key11754569541226": "value-4", "key21754569545958": "value-4"}
2025-08-07 12:25:47,497 INFO  [io.api.tes.ser.api.KafkaSerdesTester] (Thread-663) topic-ab272670_6025_4b06_8473_3be741cacac1 0 15 {"key11754569541226": "value-5", "key21754569545958": "value-5"}
2025-08-07 12:25:47,497 INFO  [io.api.tes.ser.api.KafkaSerdesTester] (Thread-663) topic-ab272670_6025_4b06_8473_3be741cacac1 0 16 {"key11754569541226": "value-6", "key21754569545958": "value-6"}
2025-08-07 12:25:47,497 INFO  [io.api.tes.ser.api.KafkaSerdesTester] (Thread-663) topic-ab272670_6025_4b06_8473_3be741cacac1 0 17 {"key11754569541226": "value-7", "key21754569545958": "value-7"}
2025-08-07 12:25:47,497 INFO  [io.api.tes.ser.api.KafkaSerdesTester] (Thread-663) topic-ab272670_6025_4b06_8473_3be741cacac1 0 18 {"key11754569541226": "value-8", "key21754569545958": "value-8"}
2025-08-07 12:25:47,497 INFO  [io.api.tes.ser.api.KafkaSerdesTester] (Thread-663) topic-ab272670_6025_4b06_8473_3be741cacac1 0 19 {"key11754569541226": "value-9", "key21754569545958": "value-9"}
2025-08-07 12:25:47,497 INFO  [io.api.tes.ser.api.KafkaSerdesTester] (Thread-663) topic-ab272670_6025_4b06_8473_3be741cacac1 0 20 {"key11754569541226": "value-0"}
2025-08-07 12:25:47,497 INFO  [io.api.tes.ser.api.KafkaSerdesTester] (Thread-663) topic-ab272670_6025_4b06_8473_3be741cacac1 0 21 {"key11754569541226": "value-1"}
2025-08-07 12:25:47,497 INFO  [io.api.tes.ser.api.KafkaSerdesTester] (Thread-663) topic-ab272670_6025_4b06_8473_3be741cacac1 0 22 {"key11754569541226": "value-2"}
2025-08-07 12:25:47,497 INFO  [io.api.tes.ser.api.KafkaSerdesTester] (Thread-663) topic-ab272670_6025_4b06_8473_3be741cacac1 0 23 {"key11754569541226": "value-3"}
2025-08-07 12:25:47,497 INFO  [io.api.tes.ser.api.KafkaSerdesTester] (Thread-663) topic-ab272670_6025_4b06_8473_3be741cacac1 0 24 {"key11754569541226": "value-4"}
2025-08-07 12:25:47,497 INFO  [io.api.tes.ser.api.KafkaSerdesTester] (Thread-663) topic-ab272670_6025_4b06_8473_3be741cacac1 0 25 {"key11754569541226": "value-5"}
2025-08-07 12:25:47,497 INFO  [io.api.tes.ser.api.KafkaSerdesTester] (Thread-663) topic-ab272670_6025_4b06_8473_3be741cacac1 0 26 {"key11754569541226": "value-6"}
2025-08-07 12:25:47,497 INFO  [io.api.tes.ser.api.KafkaSerdesTester] (Thread-663) topic-ab272670_6025_4b06_8473_3be741cacac1 0 27 {"key11754569541226": "value-7"}
2025-08-07 12:25:47,498 INFO  [io.api.tes.ser.api.KafkaSerdesTester] (Thread-663) topic-ab272670_6025_4b06_8473_3be741cacac1 0 28 {"key11754569541226": "value-8"}
2025-08-07 12:25:47,498 INFO  [io.api.tes.ser.api.KafkaSerdesTester] (Thread-663) topic-ab272670_6025_4b06_8473_3be741cacac1 0 29 {"key11754569541226": "value-9"}
2025-08-07 12:25:47,498 INFO  [io.api.tes.ser.api.KafkaSerdesTester] (Thread-663) Consumed 20 messages
2025-08-07 12:25:47,499 INFO  [io.api.tes.ser.api.AvroSerdeIT] (main) Registering Avro Schema 3: {"type":"record","name":"sa07e5f05xe553x4e8dx8837x849a6ae92279","namespace":"ns_abff511f_0dfe_4af7_8790_13f4fee9344c","fields":[{"name":"key11754569541226","type":"string"},{"name":"key21754569545958","type":"string"},{"name":"key31754569547498","type":"string"}]}
2025-08-07 12:25:48,710 INFO  [io.api.tes.ser.api.KafkaSerdesTester] (Thread-664) Sending message {"key11754569541226": "value-0", "key21754569545958": "value-0", "key31754569547498": "value-0"} to topic topic-ab272670_6025_4b06_8473_3be741cacac1
2025-08-07 12:25:48,711 INFO  [DefaultSchemaResolver] (Thread-664) Retrieving schema content using string: {"type":"record","name":"sa07e5f05xe553x4e8dx8837x849a6ae92279","namespace":"ns_abff511f_0dfe_4af7_8790_13f4fee9344c","fields":[{"name":"key11754569541226","type":"string"},{"name":"key21754569545958","type":"string"},{"name":"key31754569547498","type":"string"}]}
2025-08-07 12:25:48,803 INFO  [io.api.tes.ser.api.KafkaSerdesTester] (Thread-664) Sending message {"key11754569541226": "value-1", "key21754569545958": "value-1", "key31754569547498": "value-1"} to topic topic-ab272670_6025_4b06_8473_3be741cacac1
2025-08-07 12:25:48,805 INFO  [io.api.tes.ser.api.KafkaSerdesTester] (Thread-664) Sending message {"key11754569541226": "value-2", "key21754569545958": "value-2", "key31754569547498": "value-2"} to topic topic-ab272670_6025_4b06_8473_3be741cacac1
2025-08-07 12:25:48,807 INFO  [io.api.tes.ser.api.KafkaSerdesTester] (Thread-664) Sending message {"key11754569541226": "value-3", "key21754569545958": "value-3", "key31754569547498": "value-3"} to topic topic-ab272670_6025_4b06_8473_3be741cacac1
2025-08-07 12:25:48,809 INFO  [io.api.tes.ser.api.KafkaSerdesTester] (Thread-664) Sending message {"key11754569541226": "value-4", "key21754569545958": "value-4", "key31754569547498": "value-4"} to topic topic-ab272670_6025_4b06_8473_3be741cacac1
2025-08-07 12:25:48,812 INFO  [io.api.tes.ser.api.KafkaSerdesTester] (Thread-664) Sending message {"key11754569541226": "value-5", "key21754569545958": "value-5", "key31754569547498": "value-5"} to topic topic-ab272670_6025_4b06_8473_3be741cacac1
2025-08-07 12:25:48,813 INFO  [io.api.tes.ser.api.KafkaSerdesTester] (Thread-664) Sending message {"key11754569541226": "value-6", "key21754569545958": "value-6", "key31754569547498": "value-6"} to topic topic-ab272670_6025_4b06_8473_3be741cacac1
2025-08-07 12:25:48,815 INFO  [io.api.tes.ser.api.KafkaSerdesTester] (Thread-664) Sending message {"key11754569541226": "value-7", "key21754569545958": "value-7", "key31754569547498": "value-7"} to topic topic-ab272670_6025_4b06_8473_3be741cacac1
2025-08-07 12:25:48,816 INFO  [io.api.tes.ser.api.KafkaSerdesTester] (Thread-664) Sending message {"key11754569541226": "value-8", "key21754569545958": "value-8", "key31754569547498": "value-8"} to topic topic-ab272670_6025_4b06_8473_3be741cacac1
2025-08-07 12:25:48,818 INFO  [io.api.tes.ser.api.KafkaSerdesTester] (Thread-664) Sending message {"key11754569541226": "value-9", "key21754569545958": "value-9", "key31754569547498": "value-9"} to topic topic-ab272670_6025_4b06_8473_3be741cacac1
2025-08-07 12:25:48,819 INFO  [io.api.tes.ser.api.KafkaSerdesTester] (Thread-664) Produced 10 messages
2025-08-07 12:25:48,820 INFO  [io.api.tes.ser.api.KafkaSerdesTester] (Thread-665) Sending message {"key11754569541226": "value-0", "key21754569545958": "value-0"} to topic topic-ab272670_6025_4b06_8473_3be741cacac1
2025-08-07 12:25:48,822 INFO  [io.api.tes.ser.api.KafkaSerdesTester] (Thread-665) Sending message {"key11754569541226": "value-1", "key21754569545958": "value-1"} to topic topic-ab272670_6025_4b06_8473_3be741cacac1
2025-08-07 12:25:48,823 INFO  [io.api.tes.ser.api.KafkaSerdesTester] (Thread-665) Sending message {"key11754569541226": "value-2", "key21754569545958": "value-2"} to topic topic-ab272670_6025_4b06_8473_3be741cacac1
2025-08-07 12:25:48,825 INFO  [io.api.tes.ser.api.KafkaSerdesTester] (Thread-665) Sending message {"key11754569541226": "value-3", "key21754569545958": "value-3"} to topic topic-ab272670_6025_4b06_8473_3be741cacac1
2025-08-07 12:25:48,827 INFO  [io.api.tes.ser.api.KafkaSerdesTester] (Thread-665) Sending message {"key11754569541226": "value-4", "key21754569545958": "value-4"} to topic topic-ab272670_6025_4b06_8473_3be741cacac1
2025-08-07 12:25:48,828 INFO  [io.api.tes.ser.api.KafkaSerdesTester] (Thread-665) Sending message {"key11754569541226": "value-5", "key21754569545958": "value-5"} to topic topic-ab272670_6025_4b06_8473_3be741cacac1
2025-08-07 12:25:48,829 INFO  [io.api.tes.ser.api.KafkaSerdesTester] (Thread-665) Sending message {"key11754569541226": "value-6", "key21754569545958": "value-6"} to topic topic-ab272670_6025_4b06_8473_3be741cacac1
2025-08-07 12:25:48,831 INFO  [io.api.tes.ser.api.KafkaSerdesTester] (Thread-665) Sending message {"key11754569541226": "value-7", "key21754569545958": "value-7"} to topic topic-ab272670_6025_4b06_8473_3be741cacac1
2025-08-07 12:25:48,836 INFO  [io.api.tes.ser.api.KafkaSerdesTester] (Thread-665) Sending message {"key11754569541226": "value-8", "key21754569545958": "value-8"} to topic topic-ab272670_6025_4b06_8473_3be741cacac1
2025-08-07 12:25:48,838 INFO  [io.api.tes.ser.api.KafkaSerdesTester] (Thread-665) Sending message {"key11754569541226": "value-9", "key21754569545958": "value-9"} to topic topic-ab272670_6025_4b06_8473_3be741cacac1
2025-08-07 12:25:48,840 INFO  [io.api.tes.ser.api.KafkaSerdesTester] (Thread-665) Produced 10 messages
2025-08-07 12:25:48,840 INFO  [io.api.tes.ser.api.KafkaSerdesTester] (Thread-666) Sending message {"key11754569541226": "value-0"} to topic topic-ab272670_6025_4b06_8473_3be741cacac1
2025-08-07 12:25:48,841 INFO  [io.api.tes.ser.api.KafkaSerdesTester] (Thread-666) Sending message {"key11754569541226": "value-1"} to topic topic-ab272670_6025_4b06_8473_3be741cacac1
2025-08-07 12:25:48,843 INFO  [io.api.tes.ser.api.KafkaSerdesTester] (Thread-666) Sending message {"key11754569541226": "value-2"} to topic topic-ab272670_6025_4b06_8473_3be741cacac1
2025-08-07 12:25:48,844 INFO  [io.api.tes.ser.api.KafkaSerdesTester] (Thread-666) Sending message {"key11754569541226": "value-3"} to topic topic-ab272670_6025_4b06_8473_3be741cacac1
2025-08-07 12:25:48,846 INFO  [io.api.tes.ser.api.KafkaSerdesTester] (Thread-666) Sending message {"key11754569541226": "value-4"} to topic topic-ab272670_6025_4b06_8473_3be741cacac1
2025-08-07 12:25:48,847 INFO  [io.api.tes.ser.api.KafkaSerdesTester] (Thread-666) Sending message {"key11754569541226": "value-5"} to topic topic-ab272670_6025_4b06_8473_3be741cacac1
2025-08-07 12:25:48,848 INFO  [io.api.tes.ser.api.KafkaSerdesTester] (Thread-666) Sending message {"key11754569541226": "value-6"} to topic topic-ab272670_6025_4b06_8473_3be741cacac1
2025-08-07 12:25:48,850 INFO  [io.api.tes.ser.api.KafkaSerdesTester] (Thread-666) Sending message {"key11754569541226": "value-7"} to topic topic-ab272670_6025_4b06_8473_3be741cacac1
2025-08-07 12:25:48,851 INFO  [io.api.tes.ser.api.KafkaSerdesTester] (Thread-666) Sending message {"key11754569541226": "value-8"} to topic topic-ab272670_6025_4b06_8473_3be741cacac1
2025-08-07 12:25:48,853 INFO  [io.api.tes.ser.api.KafkaSerdesTester] (Thread-666) Sending message {"key11754569541226": "value-9"} to topic topic-ab272670_6025_4b06_8473_3be741cacac1
2025-08-07 12:25:48,854 INFO  [io.api.tes.ser.api.KafkaSerdesTester] (Thread-666) Produced 10 messages
2025-08-07 12:25:48,855 INFO  [org.apa.kaf.cli.con.int.ClassicKafkaConsumer] (Thread-667) [Consumer clientId=consumer-Consumer-topic-ab272670_6025_4b06_8473_3be741cacac1-9, groupId=Consumer-topic-ab272670_6025_4b06_8473_3be741cacac1] Subscribed to topic(s): topic-ab272670_6025_4b06_8473_3be741cacac1
2025-08-07 12:25:49,036 INFO  [io.api.tes.ser.api.KafkaSerdesTester] (Thread-667) topic-ab272670_6025_4b06_8473_3be741cacac1 0 30 {"key11754569541226": "value-0", "key21754569545958": "value-0", "key31754569547498": "value-0"}
2025-08-07 12:25:49,037 INFO  [io.api.tes.ser.api.KafkaSerdesTester] (Thread-667) topic-ab272670_6025_4b06_8473_3be741cacac1 0 31 {"key11754569541226": "value-1", "key21754569545958": "value-1", "key31754569547498": "value-1"}
2025-08-07 12:25:49,037 INFO  [io.api.tes.ser.api.KafkaSerdesTester] (Thread-667) topic-ab272670_6025_4b06_8473_3be741cacac1 0 32 {"key11754569541226": "value-2", "key21754569545958": "value-2", "key31754569547498": "value-2"}
2025-08-07 12:25:49,037 INFO  [io.api.tes.ser.api.KafkaSerdesTester] (Thread-667) topic-ab272670_6025_4b06_8473_3be741cacac1 0 33 {"key11754569541226": "value-3", "key21754569545958": "value-3", "key31754569547498": "value-3"}
2025-08-07 12:25:49,037 INFO  [io.api.tes.ser.api.KafkaSerdesTester] (Thread-667) topic-ab272670_6025_4b06_8473_3be741cacac1 0 34 {"key11754569541226": "value-4", "key21754569545958": "value-4", "key31754569547498": "value-4"}
2025-08-07 12:25:49,037 INFO  [io.api.tes.ser.api.KafkaSerdesTester] (Thread-667) topic-ab272670_6025_4b06_8473_3be741cacac1 0 35 {"key11754569541226": "value-5", "key21754569545958": "value-5", "key31754569547498": "value-5"}
2025-08-07 12:25:49,037 INFO  [io.api.tes.ser.api.KafkaSerdesTester] (Thread-667) topic-ab272670_6025_4b06_8473_3be741cacac1 0 36 {"key11754569541226": "value-6", "key21754569545958": "value-6", "key31754569547498": "value-6"}
2025-08-07 12:25:49,037 INFO  [io.api.tes.ser.api.KafkaSerdesTester] (Thread-667) topic-ab272670_6025_4b06_8473_3be741cacac1 0 37 {"key11754569541226": "value-7", "key21754569545958": "value-7", "key31754569547498": "value-7"}
2025-08-07 12:25:49,037 INFO  [io.api.tes.ser.api.KafkaSerdesTester] (Thread-667) topic-ab272670_6025_4b06_8473_3be741cacac1 0 38 {"key11754569541226": "value-8", "key21754569545958": "value-8", "key31754569547498": "value-8"}
2025-08-07 12:25:49,037 INFO  [io.api.tes.ser.api.KafkaSerdesTester] (Thread-667) topic-ab272670_6025_4b06_8473_3be741cacac1 0 39 {"key11754569541226": "value-9", "key21754569545958": "value-9", "key31754569547498": "value-9"}
2025-08-07 12:25:49,037 INFO  [io.api.tes.ser.api.KafkaSerdesTester] (Thread-667) topic-ab272670_6025_4b06_8473_3be741cacac1 0 40 {"key11754569541226": "value-0", "key21754569545958": "value-0"}
2025-08-07 12:25:49,037 INFO  [io.api.tes.ser.api.KafkaSerdesTester] (Thread-667) topic-ab272670_6025_4b06_8473_3be741cacac1 0 41 {"key11754569541226": "value-1", "key21754569545958": "value-1"}
2025-08-07 12:25:49,037 INFO  [io.api.tes.ser.api.KafkaSerdesTester] (Thread-667) topic-ab272670_6025_4b06_8473_3be741cacac1 0 42 {"key11754569541226": "value-2", "key21754569545958": "value-2"}
2025-08-07 12:25:49,037 INFO  [io.api.tes.ser.api.KafkaSerdesTester] (Thread-667) topic-ab272670_6025_4b06_8473_3be741cacac1 0 43 {"key11754569541226": "value-3", "key21754569545958": "value-3"}
2025-08-07 12:25:49,037 INFO  [io.api.tes.ser.api.KafkaSerdesTester] (Thread-667) topic-ab272670_6025_4b06_8473_3be741cacac1 0 44 {"key11754569541226": "value-4", "key21754569545958": "value-4"}
2025-08-07 12:25:49,037 INFO  [io.api.tes.ser.api.KafkaSerdesTester] (Thread-667) topic-ab272670_6025_4b06_8473_3be741cacac1 0 45 {"key11754569541226": "value-5", "key21754569545958": "value-5"}
2025-08-07 12:25:49,037 INFO  [io.api.tes.ser.api.KafkaSerdesTester] (Thread-667) topic-ab272670_6025_4b06_8473_3be741cacac1 0 46 {"key11754569541226": "value-6", "key21754569545958": "value-6"}
2025-08-07 12:25:49,038 INFO  [io.api.tes.ser.api.KafkaSerdesTester] (Thread-667) topic-ab272670_6025_4b06_8473_3be741cacac1 0 47 {"key11754569541226": "value-7", "key21754569545958": "value-7"}
2025-08-07 12:25:49,038 INFO  [io.api.tes.ser.api.KafkaSerdesTester] (Thread-667) topic-ab272670_6025_4b06_8473_3be741cacac1 0 48 {"key11754569541226": "value-8", "key21754569545958": "value-8"}
2025-08-07 12:25:49,038 INFO  [io.api.tes.ser.api.KafkaSerdesTester] (Thread-667) topic-ab272670_6025_4b06_8473_3be741cacac1 0 49 {"key11754569541226": "value-9", "key21754569545958": "value-9"}
2025-08-07 12:25:49,038 INFO  [io.api.tes.ser.api.KafkaSerdesTester] (Thread-667) topic-ab272670_6025_4b06_8473_3be741cacac1 0 50 {"key11754569541226": "value-0"}
2025-08-07 12:25:49,038 INFO  [io.api.tes.ser.api.KafkaSerdesTester] (Thread-667) topic-ab272670_6025_4b06_8473_3be741cacac1 0 51 {"key11754569541226": "value-1"}
2025-08-07 12:25:49,038 INFO  [io.api.tes.ser.api.KafkaSerdesTester] (Thread-667) topic-ab272670_6025_4b06_8473_3be741cacac1 0 52 {"key11754569541226": "value-2"}
2025-08-07 12:25:49,038 INFO  [io.api.tes.ser.api.KafkaSerdesTester] (Thread-667) topic-ab272670_6025_4b06_8473_3be741cacac1 0 53 {"key11754569541226": "value-3"}
2025-08-07 12:25:49,038 INFO  [io.api.tes.ser.api.KafkaSerdesTester] (Thread-667) topic-ab272670_6025_4b06_8473_3be741cacac1 0 54 {"key11754569541226": "value-4"}
2025-08-07 12:25:49,038 INFO  [io.api.tes.ser.api.KafkaSerdesTester] (Thread-667) topic-ab272670_6025_4b06_8473_3be741cacac1 0 55 {"key11754569541226": "value-5"}
2025-08-07 12:25:49,039 INFO  [io.api.tes.ser.api.KafkaSerdesTester] (Thread-667) topic-ab272670_6025_4b06_8473_3be741cacac1 0 56 {"key11754569541226": "value-6"}
2025-08-07 12:25:49,039 INFO  [io.api.tes.ser.api.KafkaSerdesTester] (Thread-667) topic-ab272670_6025_4b06_8473_3be741cacac1 0 57 {"key11754569541226": "value-7"}
2025-08-07 12:25:49,039 INFO  [io.api.tes.ser.api.KafkaSerdesTester] (Thread-667) topic-ab272670_6025_4b06_8473_3be741cacac1 0 58 {"key11754569541226": "value-8"}
2025-08-07 12:25:49,039 INFO  [io.api.tes.ser.api.KafkaSerdesTester] (Thread-667) topic-ab272670_6025_4b06_8473_3be741cacac1 0 59 {"key11754569541226": "value-9"}
2025-08-07 12:25:49,039 INFO  [io.api.tes.ser.api.KafkaSerdesTester] (Thread-667) Consumed 30 messages
2025-08-07 12:25:49,039 INFO  [org.apa.kaf.cli.pro.KafkaProducer] (main) [Producer clientId=Producer-topic-ab272670_6025_4b06_8473_3be741cacac1] Closing the Kafka producer with timeoutMillis = 9223372036854775807 ms.
2025-08-07 12:25:49,041 INFO  [org.apa.kaf.com.met.Metrics] (main) Metrics scheduler closed
2025-08-07 12:25:49,042 INFO  [org.apa.kaf.com.met.Metrics] (main) Closing reporter org.apache.kafka.common.metrics.JmxReporter
2025-08-07 12:25:49,042 INFO  [org.apa.kaf.com.met.Metrics] (main) Closing reporter org.apache.kafka.common.telemetry.internals.ClientTelemetryReporter
2025-08-07 12:25:49,042 INFO  [org.apa.kaf.com.met.Metrics] (main) Metrics reporters closed
2025-08-07 12:25:49,042 INFO  [org.apa.kaf.com.uti.AppInfoParser] (main) App info kafka.producer for Producer-topic-ab272670_6025_4b06_8473_3be741cacac1 unregistered
2025-08-07 12:25:49,050 INFO  [org.apa.kaf.cli.con.int.ConsumerRebalanceListenerInvoker] (main) [Consumer clientId=consumer-Consumer-topic-ab272670_6025_4b06_8473_3be741cacac1-9, groupId=Consumer-topic-ab272670_6025_4b06_8473_3be741cacac1] Revoke previously assigned partitions topic-ab272670_6025_4b06_8473_3be741cacac1-0
2025-08-07 12:25:49,050 INFO  [org.apa.kaf.cli.con.int.ConsumerCoordinator] (main) [Consumer clientId=consumer-Consumer-topic-ab272670_6025_4b06_8473_3be741cacac1-9, groupId=Consumer-topic-ab272670_6025_4b06_8473_3be741cacac1] Member consumer-Consumer-topic-ab272670_6025_4b06_8473_3be741cacac1-9-bc4ddb9d-ebb8-4e98-a141-97588435e81a sending LeaveGroup request to coordinator localhost:32769 (id: 2147483647 rack: null) due to the consumer is being closed
2025-08-07 12:25:49,051 INFO  [org.apa.kaf.cli.con.int.ConsumerCoordinator] (main) [Consumer clientId=consumer-Consumer-topic-ab272670_6025_4b06_8473_3be741cacac1-9, groupId=Consumer-topic-ab272670_6025_4b06_8473_3be741cacac1] Resetting generation and member id due to: consumer pro-actively leaving the group
2025-08-07 12:25:49,051 INFO  [org.apa.kaf.cli.con.int.ConsumerCoordinator] (main) [Consumer clientId=consumer-Consumer-topic-ab272670_6025_4b06_8473_3be741cacac1-9, groupId=Consumer-topic-ab272670_6025_4b06_8473_3be741cacac1] Request joining group due to: consumer pro-actively leaving the group
2025-08-07 12:25:49,540 INFO  [org.apa.kaf.com.met.Metrics] (main) Metrics scheduler closed
2025-08-07 12:25:49,540 INFO  [org.apa.kaf.com.met.Metrics] (main) Closing reporter org.apache.kafka.common.metrics.JmxReporter
2025-08-07 12:25:49,540 INFO  [org.apa.kaf.com.met.Metrics] (main) Closing reporter org.apache.kafka.common.telemetry.internals.ClientTelemetryReporter
2025-08-07 12:25:49,540 INFO  [org.apa.kaf.com.met.Metrics] (main) Metrics reporters closed
2025-08-07 12:25:49,543 INFO  [org.apa.kaf.com.uti.AppInfoParser] (main) App info kafka.consumer for consumer-Consumer-topic-ab272670_6025_4b06_8473_3be741cacac1-9 unregistered
2025-08-07 12:25:49,543 INFO  [io.api.tes.uti.TestSeparator] (main) io.apicurio.tests.serdes.apicurio.AvroSerdeIT.testEvolveAvroApicurioReusingClient-FINISHED
2025-08-07 12:25:49,543 INFO  [io.api.tes.uti.TestSeparator] (main) ############################################################################
Test passed: testEvolveAvroApicurioReusingClient
]]></system-out>
  </testcase>
  <testcase name="testProducerUsesDefaultConsumerUsesGlobalId" classname="io.apicurio.tests.serdes.apicurio.AvroSerdeIT" time="0.0">
    <skipped message="void io.apicurio.tests.serdes.apicurio.AvroSerdeIT.testProducerUsesDefaultConsumerUsesGlobalId() throws java.lang.Exception is @Disabled"/>
  </testcase>
  <testcase name="testEvolveAvroApicurio" classname="io.apicurio.tests.serdes.apicurio.AvroSerdeIT" time="16.856">
    <system-out><![CDATA[2025-08-07 12:25:49,550 INFO  [io.api.tes.uti.TestSeparator] (main) ############################################################################
2025-08-07 12:25:49,550 INFO  [io.api.tes.uti.TestSeparator] (main) io.apicurio.tests.serdes.apicurio.AvroSerdeIT.testEvolveAvroApicurio-STARTED
2025-08-07 12:25:49,551 INFO  [io.api.tes.ser.api.AvroSerdeIT] (main) Registering Avro Schema: {"type":"record","name":"sc161074fxc47ax4cf7xa269xe9620bcac5f6","namespace":"ns_f0091659_c4d8_47be_8fb7_bc0834b06b95","fields":[{"name":"key11754569549550","type":"string"}]}
**** Registry Base URL: http://registry-app-mysql.apps.ci419.apicurio-testing.org:80
2025-08-07 12:25:50,767 INFO  [org.apa.kaf.cli.pro.ProducerConfig] (main) ProducerConfig values: 
	acks = -1
	auto.include.jmx.reporter = true
	batch.size = 16384
	bootstrap.servers = [PLAINTEXT://localhost:32769]
	buffer.memory = 33554432
	client.dns.lookup = use_all_dns_ips
	client.id = Producer-topic-71a8f9c9_1f3e_4f2c_8602_89a8da2da31a
	compression.gzip.level = -1
	compression.lz4.level = 9
	compression.type = none
	compression.zstd.level = 3
	connections.max.idle.ms = 10000
	delivery.timeout.ms = 120000
	enable.idempotence = true
	enable.metrics.push = true
	interceptor.classes = []
	key.serializer = class org.apache.kafka.common.serialization.StringSerializer
	linger.ms = 0
	max.block.ms = 60000
	max.in.flight.requests.per.connection = 5
	max.request.size = 1048576
	metadata.max.age.ms = 300000
	metadata.max.idle.ms = 300000
	metadata.recovery.strategy = none
	metric.reporters = []
	metrics.num.samples = 2
	metrics.recording.level = INFO
	metrics.sample.window.ms = 30000
	partitioner.adaptive.partitioning.enable = true
	partitioner.availability.timeout.ms = 0
	partitioner.class = null
	partitioner.ignore.keys = false
	receive.buffer.bytes = 32768
	reconnect.backoff.max.ms = 1000
	reconnect.backoff.ms = 50
	request.timeout.ms = 5000
	retries = 2147483647
	retry.backoff.max.ms = 1000
	retry.backoff.ms = 100
	sasl.client.callback.handler.class = null
	sasl.jaas.config = null
	sasl.kerberos.kinit.cmd = /usr/bin/kinit
	sasl.kerberos.min.time.before.relogin = 60000
	sasl.kerberos.service.name = null
	sasl.kerberos.ticket.renew.jitter = 0.05
	sasl.kerberos.ticket.renew.window.factor = 0.8
	sasl.login.callback.handler.class = null
	sasl.login.class = null
	sasl.login.connect.timeout.ms = null
	sasl.login.read.timeout.ms = null
	sasl.login.refresh.buffer.seconds = 300
	sasl.login.refresh.min.period.seconds = 60
	sasl.login.refresh.window.factor = 0.8
	sasl.login.refresh.window.jitter = 0.05
	sasl.login.retry.backoff.max.ms = 10000
	sasl.login.retry.backoff.ms = 100
	sasl.mechanism = GSSAPI
	sasl.oauthbearer.clock.skew.seconds = 30
	sasl.oauthbearer.expected.audience = null
	sasl.oauthbearer.expected.issuer = null
	sasl.oauthbearer.header.urlencode = false
	sasl.oauthbearer.jwks.endpoint.refresh.ms = 3600000
	sasl.oauthbearer.jwks.endpoint.retry.backoff.max.ms = 10000
	sasl.oauthbearer.jwks.endpoint.retry.backoff.ms = 100
	sasl.oauthbearer.jwks.endpoint.url = null
	sasl.oauthbearer.scope.claim.name = scope
	sasl.oauthbearer.sub.claim.name = sub
	sasl.oauthbearer.token.endpoint.url = null
	security.protocol = PLAINTEXT
	security.providers = null
	send.buffer.bytes = 131072
	socket.connection.setup.timeout.max.ms = 30000
	socket.connection.setup.timeout.ms = 10000
	ssl.cipher.suites = null
	ssl.enabled.protocols = [TLSv1.2, TLSv1.3]
	ssl.endpoint.identification.algorithm = https
	ssl.engine.factory.class = null
	ssl.key.password = null
	ssl.keymanager.algorithm = SunX509
	ssl.keystore.certificate.chain = null
	ssl.keystore.key = null
	ssl.keystore.location = null
	ssl.keystore.password = null
	ssl.keystore.type = JKS
	ssl.protocol = TLSv1.3
	ssl.provider = null
	ssl.secure.random.implementation = null
	ssl.trustmanager.algorithm = PKIX
	ssl.truststore.certificates = null
	ssl.truststore.location = null
	ssl.truststore.password = null
	ssl.truststore.type = JKS
	transaction.timeout.ms = 60000
	transactional.id = null
	value.serializer = class io.apicurio.registry.serde.avro.AvroKafkaSerializer

2025-08-07 12:25:50,768 INFO  [org.apa.kaf.com.tel.int.KafkaMetricsCollector] (main) initializing Kafka metrics collector
2025-08-07 12:25:50,771 INFO  [org.apa.kaf.cli.pro.KafkaProducer] (main) [Producer clientId=Producer-topic-71a8f9c9_1f3e_4f2c_8602_89a8da2da31a] Instantiated an idempotent producer.
2025-08-07 12:25:50,774 INFO  [org.apa.kaf.cli.pro.ProducerConfig] (main) These configurations '[apicurio.registry.url, apicurio.registry.artifact-resolver-strategy]' were supplied but are not used yet.
2025-08-07 12:25:50,774 INFO  [org.apa.kaf.com.uti.AppInfoParser] (main) Kafka version: 3.9.1
2025-08-07 12:25:50,774 INFO  [org.apa.kaf.com.uti.AppInfoParser] (main) Kafka commitId: f745dfdcee2b9851
2025-08-07 12:25:50,774 INFO  [org.apa.kaf.com.uti.AppInfoParser] (main) Kafka startTimeMs: 1754569550774
**** Registry Base URL: http://registry-app-mysql.apps.ci419.apicurio-testing.org:80
2025-08-07 12:25:50,775 INFO  [org.apa.kaf.cli.con.ConsumerConfig] (main) ConsumerConfig values: 
	allow.auto.create.topics = true
	auto.commit.interval.ms = 500
	auto.include.jmx.reporter = true
	auto.offset.reset = earliest
	bootstrap.servers = [PLAINTEXT://localhost:32769]
	check.crcs = true
	client.dns.lookup = use_all_dns_ips
	client.id = consumer-Consumer-topic-71a8f9c9_1f3e_4f2c_8602_89a8da2da31a-10
	client.rack = 
	connections.max.idle.ms = 10000
	default.api.timeout.ms = 60000
	enable.auto.commit = true
	enable.metrics.push = true
	exclude.internal.topics = true
	fetch.max.bytes = 52428800
	fetch.max.wait.ms = 500
	fetch.min.bytes = 1
	group.id = Consumer-topic-71a8f9c9_1f3e_4f2c_8602_89a8da2da31a
	group.instance.id = null
	group.protocol = classic
	group.remote.assignor = null
	heartbeat.interval.ms = 3000
	interceptor.classes = []
	internal.leave.group.on.close = true
	internal.throw.on.fetch.stable.offset.unsupported = false
	isolation.level = read_uncommitted
	key.deserializer = class org.apache.kafka.common.serialization.StringDeserializer
	max.partition.fetch.bytes = 1048576
	max.poll.interval.ms = 300000
	max.poll.records = 500
	metadata.max.age.ms = 300000
	metadata.recovery.strategy = none
	metric.reporters = []
	metrics.num.samples = 2
	metrics.recording.level = INFO
	metrics.sample.window.ms = 30000
	partition.assignment.strategy = [class org.apache.kafka.clients.consumer.RangeAssignor, class org.apache.kafka.clients.consumer.CooperativeStickyAssignor]
	receive.buffer.bytes = 65536
	reconnect.backoff.max.ms = 1000
	reconnect.backoff.ms = 50
	request.timeout.ms = 5000
	retry.backoff.max.ms = 1000
	retry.backoff.ms = 100
	sasl.client.callback.handler.class = null
	sasl.jaas.config = null
	sasl.kerberos.kinit.cmd = /usr/bin/kinit
	sasl.kerberos.min.time.before.relogin = 60000
	sasl.kerberos.service.name = null
	sasl.kerberos.ticket.renew.jitter = 0.05
	sasl.kerberos.ticket.renew.window.factor = 0.8
	sasl.login.callback.handler.class = null
	sasl.login.class = null
	sasl.login.connect.timeout.ms = null
	sasl.login.read.timeout.ms = null
	sasl.login.refresh.buffer.seconds = 300
	sasl.login.refresh.min.period.seconds = 60
	sasl.login.refresh.window.factor = 0.8
	sasl.login.refresh.window.jitter = 0.05
	sasl.login.retry.backoff.max.ms = 10000
	sasl.login.retry.backoff.ms = 100
	sasl.mechanism = GSSAPI
	sasl.oauthbearer.clock.skew.seconds = 30
	sasl.oauthbearer.expected.audience = null
	sasl.oauthbearer.expected.issuer = null
	sasl.oauthbearer.header.urlencode = false
	sasl.oauthbearer.jwks.endpoint.refresh.ms = 3600000
	sasl.oauthbearer.jwks.endpoint.retry.backoff.max.ms = 10000
	sasl.oauthbearer.jwks.endpoint.retry.backoff.ms = 100
	sasl.oauthbearer.jwks.endpoint.url = null
	sasl.oauthbearer.scope.claim.name = scope
	sasl.oauthbearer.sub.claim.name = sub
	sasl.oauthbearer.token.endpoint.url = null
	security.protocol = PLAINTEXT
	security.providers = null
	send.buffer.bytes = 131072
	session.timeout.ms = 45000
	socket.connection.setup.timeout.max.ms = 30000
	socket.connection.setup.timeout.ms = 10000
	ssl.cipher.suites = null
	ssl.enabled.protocols = [TLSv1.2, TLSv1.3]
	ssl.endpoint.identification.algorithm = https
	ssl.engine.factory.class = null
	ssl.key.password = null
	ssl.keymanager.algorithm = SunX509
	ssl.keystore.certificate.chain = null
	ssl.keystore.key = null
	ssl.keystore.location = null
	ssl.keystore.password = null
	ssl.keystore.type = JKS
	ssl.protocol = TLSv1.3
	ssl.provider = null
	ssl.secure.random.implementation = null
	ssl.trustmanager.algorithm = PKIX
	ssl.truststore.certificates = null
	ssl.truststore.location = null
	ssl.truststore.password = null
	ssl.truststore.type = JKS
	value.deserializer = class io.apicurio.registry.serde.avro.AvroKafkaDeserializer

2025-08-07 12:25:50,775 INFO  [org.apa.kaf.com.tel.int.KafkaMetricsCollector] (main) initializing Kafka metrics collector
2025-08-07 12:25:50,781 INFO  [org.apa.kaf.cli.Metadata] (kafka-producer-network-thread | Producer-topic-71a8f9c9_1f3e_4f2c_8602_89a8da2da31a) [Producer clientId=Producer-topic-71a8f9c9_1f3e_4f2c_8602_89a8da2da31a] Cluster ID: w_73WABzQ2iBfYWfnNB4Cg
2025-08-07 12:25:50,781 INFO  [org.apa.kaf.cli.pro.int.TransactionManager] (kafka-producer-network-thread | Producer-topic-71a8f9c9_1f3e_4f2c_8602_89a8da2da31a) [Producer clientId=Producer-topic-71a8f9c9_1f3e_4f2c_8602_89a8da2da31a] ProducerId set to 12 with epoch 0
2025-08-07 12:25:50,782 INFO  [org.apa.kaf.cli.con.ConsumerConfig] (main) These configurations '[apicurio.registry.url]' were supplied but are not used yet.
2025-08-07 12:25:50,782 INFO  [org.apa.kaf.com.uti.AppInfoParser] (main) Kafka version: 3.9.1
2025-08-07 12:25:50,782 INFO  [org.apa.kaf.com.uti.AppInfoParser] (main) Kafka commitId: f745dfdcee2b9851
2025-08-07 12:25:50,782 INFO  [org.apa.kaf.com.uti.AppInfoParser] (main) Kafka startTimeMs: 1754569550782
2025-08-07 12:25:50,783 INFO  [io.api.tes.ser.api.KafkaSerdesTester] (Thread-672) Sending message {"key11754569549550": "value-0"} to topic topic-71a8f9c9_1f3e_4f2c_8602_89a8da2da31a
2025-08-07 12:25:50,790 INFO  [DefaultSchemaResolver] (Thread-672) Retrieving schema content using string: {"type":"record","name":"sc161074fxc47ax4cf7xa269xe9620bcac5f6","namespace":"ns_f0091659_c4d8_47be_8fb7_bc0834b06b95","fields":[{"name":"key11754569549550","type":"string"}]}
2025-08-07 12:25:50,982 INFO  [io.api.tes.ser.api.KafkaSerdesTester] (Thread-672) Sending message {"key11754569549550": "value-1"} to topic topic-71a8f9c9_1f3e_4f2c_8602_89a8da2da31a
2025-08-07 12:25:50,984 INFO  [io.api.tes.ser.api.KafkaSerdesTester] (Thread-672) Sending message {"key11754569549550": "value-2"} to topic topic-71a8f9c9_1f3e_4f2c_8602_89a8da2da31a
2025-08-07 12:25:50,986 INFO  [io.api.tes.ser.api.KafkaSerdesTester] (Thread-672) Sending message {"key11754569549550": "value-3"} to topic topic-71a8f9c9_1f3e_4f2c_8602_89a8da2da31a
2025-08-07 12:25:50,987 INFO  [io.api.tes.ser.api.KafkaSerdesTester] (Thread-672) Sending message {"key11754569549550": "value-4"} to topic topic-71a8f9c9_1f3e_4f2c_8602_89a8da2da31a
2025-08-07 12:25:50,988 INFO  [io.api.tes.ser.api.KafkaSerdesTester] (Thread-672) Sending message {"key11754569549550": "value-5"} to topic topic-71a8f9c9_1f3e_4f2c_8602_89a8da2da31a
2025-08-07 12:25:50,990 INFO  [io.api.tes.ser.api.KafkaSerdesTester] (Thread-672) Sending message {"key11754569549550": "value-6"} to topic topic-71a8f9c9_1f3e_4f2c_8602_89a8da2da31a
2025-08-07 12:25:50,994 INFO  [io.api.tes.ser.api.KafkaSerdesTester] (Thread-672) Sending message {"key11754569549550": "value-7"} to topic topic-71a8f9c9_1f3e_4f2c_8602_89a8da2da31a
2025-08-07 12:25:51,001 INFO  [io.api.tes.ser.api.KafkaSerdesTester] (Thread-672) Sending message {"key11754569549550": "value-8"} to topic topic-71a8f9c9_1f3e_4f2c_8602_89a8da2da31a
2025-08-07 12:25:51,004 INFO  [io.api.tes.ser.api.KafkaSerdesTester] (Thread-672) Sending message {"key11754569549550": "value-9"} to topic topic-71a8f9c9_1f3e_4f2c_8602_89a8da2da31a
2025-08-07 12:25:51,006 INFO  [io.api.tes.ser.api.KafkaSerdesTester] (Thread-672) Produced 10 messages
2025-08-07 12:25:51,006 INFO  [org.apa.kaf.cli.pro.KafkaProducer] (Thread-672) [Producer clientId=Producer-topic-71a8f9c9_1f3e_4f2c_8602_89a8da2da31a] Closing the Kafka producer with timeoutMillis = 9223372036854775807 ms.
2025-08-07 12:25:51,008 INFO  [org.apa.kaf.com.met.Metrics] (Thread-672) Metrics scheduler closed
2025-08-07 12:25:51,008 INFO  [org.apa.kaf.com.met.Metrics] (Thread-672) Closing reporter org.apache.kafka.common.metrics.JmxReporter
2025-08-07 12:25:51,008 INFO  [org.apa.kaf.com.met.Metrics] (Thread-672) Closing reporter org.apache.kafka.common.telemetry.internals.ClientTelemetryReporter
2025-08-07 12:25:51,008 INFO  [org.apa.kaf.com.met.Metrics] (Thread-672) Metrics reporters closed
2025-08-07 12:25:51,008 INFO  [org.apa.kaf.com.uti.AppInfoParser] (Thread-672) App info kafka.producer for Producer-topic-71a8f9c9_1f3e_4f2c_8602_89a8da2da31a unregistered
2025-08-07 12:25:51,008 INFO  [org.apa.kaf.cli.con.int.ClassicKafkaConsumer] (Thread-673) [Consumer clientId=consumer-Consumer-topic-71a8f9c9_1f3e_4f2c_8602_89a8da2da31a-10, groupId=Consumer-topic-71a8f9c9_1f3e_4f2c_8602_89a8da2da31a] Subscribed to topic(s): topic-71a8f9c9_1f3e_4f2c_8602_89a8da2da31a
2025-08-07 12:25:51,017 INFO  [org.apa.kaf.cli.Metadata] (Thread-673) [Consumer clientId=consumer-Consumer-topic-71a8f9c9_1f3e_4f2c_8602_89a8da2da31a-10, groupId=Consumer-topic-71a8f9c9_1f3e_4f2c_8602_89a8da2da31a] Cluster ID: w_73WABzQ2iBfYWfnNB4Cg
2025-08-07 12:25:51,017 INFO  [org.apa.kaf.cli.con.int.ConsumerCoordinator] (Thread-673) [Consumer clientId=consumer-Consumer-topic-71a8f9c9_1f3e_4f2c_8602_89a8da2da31a-10, groupId=Consumer-topic-71a8f9c9_1f3e_4f2c_8602_89a8da2da31a] Discovered group coordinator localhost:32769 (id: 2147483647 rack: null)
2025-08-07 12:25:51,019 INFO  [org.apa.kaf.cli.con.int.ConsumerCoordinator] (Thread-673) [Consumer clientId=consumer-Consumer-topic-71a8f9c9_1f3e_4f2c_8602_89a8da2da31a-10, groupId=Consumer-topic-71a8f9c9_1f3e_4f2c_8602_89a8da2da31a] (Re-)joining group
2025-08-07 12:25:51,025 INFO  [org.apa.kaf.cli.con.int.ConsumerCoordinator] (Thread-673) [Consumer clientId=consumer-Consumer-topic-71a8f9c9_1f3e_4f2c_8602_89a8da2da31a-10, groupId=Consumer-topic-71a8f9c9_1f3e_4f2c_8602_89a8da2da31a] Request joining group due to: need to re-join with the given member-id: consumer-Consumer-topic-71a8f9c9_1f3e_4f2c_8602_89a8da2da31a-10-4ddc2cae-65e8-41dc-8ded-636701333e89
2025-08-07 12:25:51,026 INFO  [org.apa.kaf.cli.con.int.ConsumerCoordinator] (Thread-673) [Consumer clientId=consumer-Consumer-topic-71a8f9c9_1f3e_4f2c_8602_89a8da2da31a-10, groupId=Consumer-topic-71a8f9c9_1f3e_4f2c_8602_89a8da2da31a] (Re-)joining group
2025-08-07 12:25:52,008 INFO  [io.api.tes.ser.api.KafkaSerdesTester] (Thread-673) None found
2025-08-07 12:25:53,008 INFO  [io.api.tes.ser.api.KafkaSerdesTester] (Thread-673) None found
2025-08-07 12:25:54,008 INFO  [io.api.tes.ser.api.KafkaSerdesTester] (Thread-673) None found
2025-08-07 12:25:54,027 INFO  [org.apa.kaf.cli.con.int.ConsumerCoordinator] (Thread-673) [Consumer clientId=consumer-Consumer-topic-71a8f9c9_1f3e_4f2c_8602_89a8da2da31a-10, groupId=Consumer-topic-71a8f9c9_1f3e_4f2c_8602_89a8da2da31a] Successfully joined group with generation Generation{generationId=1, memberId='consumer-Consumer-topic-71a8f9c9_1f3e_4f2c_8602_89a8da2da31a-10-4ddc2cae-65e8-41dc-8ded-636701333e89', protocol='range'}
2025-08-07 12:25:54,028 INFO  [org.apa.kaf.cli.con.int.ConsumerCoordinator] (Thread-673) [Consumer clientId=consumer-Consumer-topic-71a8f9c9_1f3e_4f2c_8602_89a8da2da31a-10, groupId=Consumer-topic-71a8f9c9_1f3e_4f2c_8602_89a8da2da31a] Finished assignment for group at generation 1: {consumer-Consumer-topic-71a8f9c9_1f3e_4f2c_8602_89a8da2da31a-10-4ddc2cae-65e8-41dc-8ded-636701333e89=Assignment(partitions=[topic-71a8f9c9_1f3e_4f2c_8602_89a8da2da31a-0])}
2025-08-07 12:25:54,035 INFO  [org.apa.kaf.cli.con.int.ConsumerCoordinator] (Thread-673) [Consumer clientId=consumer-Consumer-topic-71a8f9c9_1f3e_4f2c_8602_89a8da2da31a-10, groupId=Consumer-topic-71a8f9c9_1f3e_4f2c_8602_89a8da2da31a] Successfully synced group in generation Generation{generationId=1, memberId='consumer-Consumer-topic-71a8f9c9_1f3e_4f2c_8602_89a8da2da31a-10-4ddc2cae-65e8-41dc-8ded-636701333e89', protocol='range'}
2025-08-07 12:25:54,035 INFO  [org.apa.kaf.cli.con.int.ConsumerCoordinator] (Thread-673) [Consumer clientId=consumer-Consumer-topic-71a8f9c9_1f3e_4f2c_8602_89a8da2da31a-10, groupId=Consumer-topic-71a8f9c9_1f3e_4f2c_8602_89a8da2da31a] Notifying assignor about the new Assignment(partitions=[topic-71a8f9c9_1f3e_4f2c_8602_89a8da2da31a-0])
2025-08-07 12:25:54,035 INFO  [org.apa.kaf.cli.con.int.ConsumerRebalanceListenerInvoker] (Thread-673) [Consumer clientId=consumer-Consumer-topic-71a8f9c9_1f3e_4f2c_8602_89a8da2da31a-10, groupId=Consumer-topic-71a8f9c9_1f3e_4f2c_8602_89a8da2da31a] Adding newly assigned partitions: topic-71a8f9c9_1f3e_4f2c_8602_89a8da2da31a-0
2025-08-07 12:25:54,036 INFO  [org.apa.kaf.cli.con.int.ConsumerCoordinator] (Thread-673) [Consumer clientId=consumer-Consumer-topic-71a8f9c9_1f3e_4f2c_8602_89a8da2da31a-10, groupId=Consumer-topic-71a8f9c9_1f3e_4f2c_8602_89a8da2da31a] Found no committed offset for partition topic-71a8f9c9_1f3e_4f2c_8602_89a8da2da31a-0
2025-08-07 12:25:54,039 INFO  [org.apa.kaf.cli.con.int.SubscriptionState] (Thread-673) [Consumer clientId=consumer-Consumer-topic-71a8f9c9_1f3e_4f2c_8602_89a8da2da31a-10, groupId=Consumer-topic-71a8f9c9_1f3e_4f2c_8602_89a8da2da31a] Resetting offset for partition topic-71a8f9c9_1f3e_4f2c_8602_89a8da2da31a-0 to position FetchPosition{offset=0, offsetEpoch=Optional.empty, currentLeader=LeaderAndEpoch{leader=Optional[localhost:32769 (id: 0 rack: null)], epoch=0}}.
2025-08-07 12:25:54,285 INFO  [io.api.tes.ser.api.KafkaSerdesTester] (Thread-673) topic-71a8f9c9_1f3e_4f2c_8602_89a8da2da31a 0 0 {"key11754569549550": "value-0"}
2025-08-07 12:25:54,285 INFO  [io.api.tes.ser.api.KafkaSerdesTester] (Thread-673) topic-71a8f9c9_1f3e_4f2c_8602_89a8da2da31a 0 1 {"key11754569549550": "value-1"}
2025-08-07 12:25:54,285 INFO  [io.api.tes.ser.api.KafkaSerdesTester] (Thread-673) topic-71a8f9c9_1f3e_4f2c_8602_89a8da2da31a 0 2 {"key11754569549550": "value-2"}
2025-08-07 12:25:54,285 INFO  [io.api.tes.ser.api.KafkaSerdesTester] (Thread-673) topic-71a8f9c9_1f3e_4f2c_8602_89a8da2da31a 0 3 {"key11754569549550": "value-3"}
2025-08-07 12:25:54,285 INFO  [io.api.tes.ser.api.KafkaSerdesTester] (Thread-673) topic-71a8f9c9_1f3e_4f2c_8602_89a8da2da31a 0 4 {"key11754569549550": "value-4"}
2025-08-07 12:25:54,286 INFO  [io.api.tes.ser.api.KafkaSerdesTester] (Thread-673) topic-71a8f9c9_1f3e_4f2c_8602_89a8da2da31a 0 5 {"key11754569549550": "value-5"}
2025-08-07 12:25:54,286 INFO  [io.api.tes.ser.api.KafkaSerdesTester] (Thread-673) topic-71a8f9c9_1f3e_4f2c_8602_89a8da2da31a 0 6 {"key11754569549550": "value-6"}
2025-08-07 12:25:54,286 INFO  [io.api.tes.ser.api.KafkaSerdesTester] (Thread-673) topic-71a8f9c9_1f3e_4f2c_8602_89a8da2da31a 0 7 {"key11754569549550": "value-7"}
2025-08-07 12:25:54,286 INFO  [io.api.tes.ser.api.KafkaSerdesTester] (Thread-673) topic-71a8f9c9_1f3e_4f2c_8602_89a8da2da31a 0 8 {"key11754569549550": "value-8"}
2025-08-07 12:25:54,286 INFO  [io.api.tes.ser.api.KafkaSerdesTester] (Thread-673) topic-71a8f9c9_1f3e_4f2c_8602_89a8da2da31a 0 9 {"key11754569549550": "value-9"}
2025-08-07 12:25:54,286 INFO  [io.api.tes.ser.api.KafkaSerdesTester] (Thread-673) Consumed 10 messages
2025-08-07 12:25:54,293 INFO  [org.apa.kaf.cli.con.int.ConsumerRebalanceListenerInvoker] (Thread-673) [Consumer clientId=consumer-Consumer-topic-71a8f9c9_1f3e_4f2c_8602_89a8da2da31a-10, groupId=Consumer-topic-71a8f9c9_1f3e_4f2c_8602_89a8da2da31a] Revoke previously assigned partitions topic-71a8f9c9_1f3e_4f2c_8602_89a8da2da31a-0
2025-08-07 12:25:54,293 INFO  [org.apa.kaf.cli.con.int.ConsumerCoordinator] (Thread-673) [Consumer clientId=consumer-Consumer-topic-71a8f9c9_1f3e_4f2c_8602_89a8da2da31a-10, groupId=Consumer-topic-71a8f9c9_1f3e_4f2c_8602_89a8da2da31a] Member consumer-Consumer-topic-71a8f9c9_1f3e_4f2c_8602_89a8da2da31a-10-4ddc2cae-65e8-41dc-8ded-636701333e89 sending LeaveGroup request to coordinator localhost:32769 (id: 2147483647 rack: null) due to the consumer is being closed
2025-08-07 12:25:54,293 INFO  [org.apa.kaf.cli.con.int.ConsumerCoordinator] (Thread-673) [Consumer clientId=consumer-Consumer-topic-71a8f9c9_1f3e_4f2c_8602_89a8da2da31a-10, groupId=Consumer-topic-71a8f9c9_1f3e_4f2c_8602_89a8da2da31a] Resetting generation and member id due to: consumer pro-actively leaving the group
2025-08-07 12:25:54,293 INFO  [org.apa.kaf.cli.con.int.ConsumerCoordinator] (Thread-673) [Consumer clientId=consumer-Consumer-topic-71a8f9c9_1f3e_4f2c_8602_89a8da2da31a-10, groupId=Consumer-topic-71a8f9c9_1f3e_4f2c_8602_89a8da2da31a] Request joining group due to: consumer pro-actively leaving the group
2025-08-07 12:25:54,789 INFO  [org.apa.kaf.com.met.Metrics] (Thread-673) Metrics scheduler closed
2025-08-07 12:25:54,789 INFO  [org.apa.kaf.com.met.Metrics] (Thread-673) Closing reporter org.apache.kafka.common.metrics.JmxReporter
2025-08-07 12:25:54,789 INFO  [org.apa.kaf.com.met.Metrics] (Thread-673) Closing reporter org.apache.kafka.common.telemetry.internals.ClientTelemetryReporter
2025-08-07 12:25:54,789 INFO  [org.apa.kaf.com.met.Metrics] (Thread-673) Metrics reporters closed
2025-08-07 12:25:54,791 INFO  [org.apa.kaf.com.uti.AppInfoParser] (Thread-673) App info kafka.consumer for consumer-Consumer-topic-71a8f9c9_1f3e_4f2c_8602_89a8da2da31a-10 unregistered
2025-08-07 12:25:54,792 INFO  [io.api.tes.ser.api.AvroSerdeIT] (main) Registering Avro Schema 2: {"type":"record","name":"sc161074fxc47ax4cf7xa269xe9620bcac5f6","namespace":"ns_f0091659_c4d8_47be_8fb7_bc0834b06b95","fields":[{"name":"key11754569549550","type":"string"},{"name":"key21754569554791","type":"string"}]}
**** Registry Base URL: http://registry-app-mysql.apps.ci419.apicurio-testing.org:80
2025-08-07 12:25:55,998 INFO  [org.apa.kaf.cli.pro.ProducerConfig] (main) ProducerConfig values: 
	acks = -1
	auto.include.jmx.reporter = true
	batch.size = 16384
	bootstrap.servers = [PLAINTEXT://localhost:32769]
	buffer.memory = 33554432
	client.dns.lookup = use_all_dns_ips
	client.id = Producer-topic-71a8f9c9_1f3e_4f2c_8602_89a8da2da31a
	compression.gzip.level = -1
	compression.lz4.level = 9
	compression.type = none
	compression.zstd.level = 3
	connections.max.idle.ms = 10000
	delivery.timeout.ms = 120000
	enable.idempotence = true
	enable.metrics.push = true
	interceptor.classes = []
	key.serializer = class org.apache.kafka.common.serialization.StringSerializer
	linger.ms = 0
	max.block.ms = 60000
	max.in.flight.requests.per.connection = 5
	max.request.size = 1048576
	metadata.max.age.ms = 300000
	metadata.max.idle.ms = 300000
	metadata.recovery.strategy = none
	metric.reporters = []
	metrics.num.samples = 2
	metrics.recording.level = INFO
	metrics.sample.window.ms = 30000
	partitioner.adaptive.partitioning.enable = true
	partitioner.availability.timeout.ms = 0
	partitioner.class = null
	partitioner.ignore.keys = false
	receive.buffer.bytes = 32768
	reconnect.backoff.max.ms = 1000
	reconnect.backoff.ms = 50
	request.timeout.ms = 5000
	retries = 2147483647
	retry.backoff.max.ms = 1000
	retry.backoff.ms = 100
	sasl.client.callback.handler.class = null
	sasl.jaas.config = null
	sasl.kerberos.kinit.cmd = /usr/bin/kinit
	sasl.kerberos.min.time.before.relogin = 60000
	sasl.kerberos.service.name = null
	sasl.kerberos.ticket.renew.jitter = 0.05
	sasl.kerberos.ticket.renew.window.factor = 0.8
	sasl.login.callback.handler.class = null
	sasl.login.class = null
	sasl.login.connect.timeout.ms = null
	sasl.login.read.timeout.ms = null
	sasl.login.refresh.buffer.seconds = 300
	sasl.login.refresh.min.period.seconds = 60
	sasl.login.refresh.window.factor = 0.8
	sasl.login.refresh.window.jitter = 0.05
	sasl.login.retry.backoff.max.ms = 10000
	sasl.login.retry.backoff.ms = 100
	sasl.mechanism = GSSAPI
	sasl.oauthbearer.clock.skew.seconds = 30
	sasl.oauthbearer.expected.audience = null
	sasl.oauthbearer.expected.issuer = null
	sasl.oauthbearer.header.urlencode = false
	sasl.oauthbearer.jwks.endpoint.refresh.ms = 3600000
	sasl.oauthbearer.jwks.endpoint.retry.backoff.max.ms = 10000
	sasl.oauthbearer.jwks.endpoint.retry.backoff.ms = 100
	sasl.oauthbearer.jwks.endpoint.url = null
	sasl.oauthbearer.scope.claim.name = scope
	sasl.oauthbearer.sub.claim.name = sub
	sasl.oauthbearer.token.endpoint.url = null
	security.protocol = PLAINTEXT
	security.providers = null
	send.buffer.bytes = 131072
	socket.connection.setup.timeout.max.ms = 30000
	socket.connection.setup.timeout.ms = 10000
	ssl.cipher.suites = null
	ssl.enabled.protocols = [TLSv1.2, TLSv1.3]
	ssl.endpoint.identification.algorithm = https
	ssl.engine.factory.class = null
	ssl.key.password = null
	ssl.keymanager.algorithm = SunX509
	ssl.keystore.certificate.chain = null
	ssl.keystore.key = null
	ssl.keystore.location = null
	ssl.keystore.password = null
	ssl.keystore.type = JKS
	ssl.protocol = TLSv1.3
	ssl.provider = null
	ssl.secure.random.implementation = null
	ssl.trustmanager.algorithm = PKIX
	ssl.truststore.certificates = null
	ssl.truststore.location = null
	ssl.truststore.password = null
	ssl.truststore.type = JKS
	transaction.timeout.ms = 60000
	transactional.id = null
	value.serializer = class io.apicurio.registry.serde.avro.AvroKafkaSerializer

2025-08-07 12:25:55,998 INFO  [org.apa.kaf.com.tel.int.KafkaMetricsCollector] (main) initializing Kafka metrics collector
2025-08-07 12:25:56,008 INFO  [org.apa.kaf.cli.pro.KafkaProducer] (main) [Producer clientId=Producer-topic-71a8f9c9_1f3e_4f2c_8602_89a8da2da31a] Instantiated an idempotent producer.
2025-08-07 12:25:56,010 INFO  [org.apa.kaf.cli.pro.ProducerConfig] (main) These configurations '[apicurio.registry.url, apicurio.registry.artifact-resolver-strategy]' were supplied but are not used yet.
2025-08-07 12:25:56,010 INFO  [org.apa.kaf.com.uti.AppInfoParser] (main) Kafka version: 3.9.1
2025-08-07 12:25:56,010 INFO  [org.apa.kaf.com.uti.AppInfoParser] (main) Kafka commitId: f745dfdcee2b9851
2025-08-07 12:25:56,010 INFO  [org.apa.kaf.com.uti.AppInfoParser] (main) Kafka startTimeMs: 1754569556010
2025-08-07 12:25:56,012 INFO  [io.api.tes.ser.api.KafkaSerdesTester] (Thread-676) Sending message {"key11754569549550": "value-0", "key21754569554791": "value-0"} to topic topic-71a8f9c9_1f3e_4f2c_8602_89a8da2da31a
2025-08-07 12:25:56,015 INFO  [org.apa.kaf.cli.Metadata] (kafka-producer-network-thread | Producer-topic-71a8f9c9_1f3e_4f2c_8602_89a8da2da31a) [Producer clientId=Producer-topic-71a8f9c9_1f3e_4f2c_8602_89a8da2da31a] Cluster ID: w_73WABzQ2iBfYWfnNB4Cg
2025-08-07 12:25:56,015 INFO  [DefaultSchemaResolver] (Thread-676) Retrieving schema content using string: {"type":"record","name":"sc161074fxc47ax4cf7xa269xe9620bcac5f6","namespace":"ns_f0091659_c4d8_47be_8fb7_bc0834b06b95","fields":[{"name":"key11754569549550","type":"string"},{"name":"key21754569554791","type":"string"}]}
2025-08-07 12:25:56,017 INFO  [org.apa.kaf.cli.pro.int.TransactionManager] (kafka-producer-network-thread | Producer-topic-71a8f9c9_1f3e_4f2c_8602_89a8da2da31a) [Producer clientId=Producer-topic-71a8f9c9_1f3e_4f2c_8602_89a8da2da31a] ProducerId set to 13 with epoch 0
2025-08-07 12:25:56,195 INFO  [io.api.tes.ser.api.KafkaSerdesTester] (Thread-676) Sending message {"key11754569549550": "value-1", "key21754569554791": "value-1"} to topic topic-71a8f9c9_1f3e_4f2c_8602_89a8da2da31a
2025-08-07 12:25:56,197 INFO  [io.api.tes.ser.api.KafkaSerdesTester] (Thread-676) Sending message {"key11754569549550": "value-2", "key21754569554791": "value-2"} to topic topic-71a8f9c9_1f3e_4f2c_8602_89a8da2da31a
2025-08-07 12:25:56,199 INFO  [io.api.tes.ser.api.KafkaSerdesTester] (Thread-676) Sending message {"key11754569549550": "value-3", "key21754569554791": "value-3"} to topic topic-71a8f9c9_1f3e_4f2c_8602_89a8da2da31a
2025-08-07 12:25:56,202 INFO  [io.api.tes.ser.api.KafkaSerdesTester] (Thread-676) Sending message {"key11754569549550": "value-4", "key21754569554791": "value-4"} to topic topic-71a8f9c9_1f3e_4f2c_8602_89a8da2da31a
2025-08-07 12:25:56,205 INFO  [io.api.tes.ser.api.KafkaSerdesTester] (Thread-676) Sending message {"key11754569549550": "value-5", "key21754569554791": "value-5"} to topic topic-71a8f9c9_1f3e_4f2c_8602_89a8da2da31a
2025-08-07 12:25:56,211 INFO  [io.api.tes.ser.api.KafkaSerdesTester] (Thread-676) Sending message {"key11754569549550": "value-6", "key21754569554791": "value-6"} to topic topic-71a8f9c9_1f3e_4f2c_8602_89a8da2da31a
2025-08-07 12:25:56,214 INFO  [io.api.tes.ser.api.KafkaSerdesTester] (Thread-676) Sending message {"key11754569549550": "value-7", "key21754569554791": "value-7"} to topic topic-71a8f9c9_1f3e_4f2c_8602_89a8da2da31a
2025-08-07 12:25:56,215 INFO  [io.api.tes.ser.api.KafkaSerdesTester] (Thread-676) Sending message {"key11754569549550": "value-8", "key21754569554791": "value-8"} to topic topic-71a8f9c9_1f3e_4f2c_8602_89a8da2da31a
2025-08-07 12:25:56,217 INFO  [io.api.tes.ser.api.KafkaSerdesTester] (Thread-676) Sending message {"key11754569549550": "value-9", "key21754569554791": "value-9"} to topic topic-71a8f9c9_1f3e_4f2c_8602_89a8da2da31a
2025-08-07 12:25:56,220 INFO  [io.api.tes.ser.api.KafkaSerdesTester] (Thread-676) Produced 10 messages
2025-08-07 12:25:56,220 INFO  [org.apa.kaf.cli.pro.KafkaProducer] (Thread-676) [Producer clientId=Producer-topic-71a8f9c9_1f3e_4f2c_8602_89a8da2da31a] Closing the Kafka producer with timeoutMillis = 9223372036854775807 ms.
2025-08-07 12:25:56,224 INFO  [org.apa.kaf.com.met.Metrics] (Thread-676) Metrics scheduler closed
2025-08-07 12:25:56,224 INFO  [org.apa.kaf.com.met.Metrics] (Thread-676) Closing reporter org.apache.kafka.common.metrics.JmxReporter
2025-08-07 12:25:56,224 INFO  [org.apa.kaf.com.met.Metrics] (Thread-676) Closing reporter org.apache.kafka.common.telemetry.internals.ClientTelemetryReporter
2025-08-07 12:25:56,224 INFO  [org.apa.kaf.com.met.Metrics] (Thread-676) Metrics reporters closed
2025-08-07 12:25:56,224 INFO  [org.apa.kaf.com.uti.AppInfoParser] (Thread-676) App info kafka.producer for Producer-topic-71a8f9c9_1f3e_4f2c_8602_89a8da2da31a unregistered
**** Registry Base URL: http://registry-app-mysql.apps.ci419.apicurio-testing.org:80
2025-08-07 12:25:56,226 INFO  [org.apa.kaf.cli.pro.ProducerConfig] (main) ProducerConfig values: 
	acks = -1
	auto.include.jmx.reporter = true
	batch.size = 16384
	bootstrap.servers = [PLAINTEXT://localhost:32769]
	buffer.memory = 33554432
	client.dns.lookup = use_all_dns_ips
	client.id = Producer-topic-71a8f9c9_1f3e_4f2c_8602_89a8da2da31a
	compression.gzip.level = -1
	compression.lz4.level = 9
	compression.type = none
	compression.zstd.level = 3
	connections.max.idle.ms = 10000
	delivery.timeout.ms = 120000
	enable.idempotence = true
	enable.metrics.push = true
	interceptor.classes = []
	key.serializer = class org.apache.kafka.common.serialization.StringSerializer
	linger.ms = 0
	max.block.ms = 60000
	max.in.flight.requests.per.connection = 5
	max.request.size = 1048576
	metadata.max.age.ms = 300000
	metadata.max.idle.ms = 300000
	metadata.recovery.strategy = none
	metric.reporters = []
	metrics.num.samples = 2
	metrics.recording.level = INFO
	metrics.sample.window.ms = 30000
	partitioner.adaptive.partitioning.enable = true
	partitioner.availability.timeout.ms = 0
	partitioner.class = null
	partitioner.ignore.keys = false
	receive.buffer.bytes = 32768
	reconnect.backoff.max.ms = 1000
	reconnect.backoff.ms = 50
	request.timeout.ms = 5000
	retries = 2147483647
	retry.backoff.max.ms = 1000
	retry.backoff.ms = 100
	sasl.client.callback.handler.class = null
	sasl.jaas.config = null
	sasl.kerberos.kinit.cmd = /usr/bin/kinit
	sasl.kerberos.min.time.before.relogin = 60000
	sasl.kerberos.service.name = null
	sasl.kerberos.ticket.renew.jitter = 0.05
	sasl.kerberos.ticket.renew.window.factor = 0.8
	sasl.login.callback.handler.class = null
	sasl.login.class = null
	sasl.login.connect.timeout.ms = null
	sasl.login.read.timeout.ms = null
	sasl.login.refresh.buffer.seconds = 300
	sasl.login.refresh.min.period.seconds = 60
	sasl.login.refresh.window.factor = 0.8
	sasl.login.refresh.window.jitter = 0.05
	sasl.login.retry.backoff.max.ms = 10000
	sasl.login.retry.backoff.ms = 100
	sasl.mechanism = GSSAPI
	sasl.oauthbearer.clock.skew.seconds = 30
	sasl.oauthbearer.expected.audience = null
	sasl.oauthbearer.expected.issuer = null
	sasl.oauthbearer.header.urlencode = false
	sasl.oauthbearer.jwks.endpoint.refresh.ms = 3600000
	sasl.oauthbearer.jwks.endpoint.retry.backoff.max.ms = 10000
	sasl.oauthbearer.jwks.endpoint.retry.backoff.ms = 100
	sasl.oauthbearer.jwks.endpoint.url = null
	sasl.oauthbearer.scope.claim.name = scope
	sasl.oauthbearer.sub.claim.name = sub
	sasl.oauthbearer.token.endpoint.url = null
	security.protocol = PLAINTEXT
	security.providers = null
	send.buffer.bytes = 131072
	socket.connection.setup.timeout.max.ms = 30000
	socket.connection.setup.timeout.ms = 10000
	ssl.cipher.suites = null
	ssl.enabled.protocols = [TLSv1.2, TLSv1.3]
	ssl.endpoint.identification.algorithm = https
	ssl.engine.factory.class = null
	ssl.key.password = null
	ssl.keymanager.algorithm = SunX509
	ssl.keystore.certificate.chain = null
	ssl.keystore.key = null
	ssl.keystore.location = null
	ssl.keystore.password = null
	ssl.keystore.type = JKS
	ssl.protocol = TLSv1.3
	ssl.provider = null
	ssl.secure.random.implementation = null
	ssl.trustmanager.algorithm = PKIX
	ssl.truststore.certificates = null
	ssl.truststore.location = null
	ssl.truststore.password = null
	ssl.truststore.type = JKS
	transaction.timeout.ms = 60000
	transactional.id = null
	value.serializer = class io.apicurio.registry.serde.avro.AvroKafkaSerializer

2025-08-07 12:25:56,226 INFO  [org.apa.kaf.com.tel.int.KafkaMetricsCollector] (main) initializing Kafka metrics collector
2025-08-07 12:25:56,231 INFO  [org.apa.kaf.cli.pro.KafkaProducer] (main) [Producer clientId=Producer-topic-71a8f9c9_1f3e_4f2c_8602_89a8da2da31a] Instantiated an idempotent producer.
2025-08-07 12:25:56,234 INFO  [org.apa.kaf.cli.pro.ProducerConfig] (main) These configurations '[apicurio.registry.url, apicurio.registry.artifact-resolver-strategy]' were supplied but are not used yet.
2025-08-07 12:25:56,234 INFO  [org.apa.kaf.com.uti.AppInfoParser] (main) Kafka version: 3.9.1
2025-08-07 12:25:56,234 INFO  [org.apa.kaf.com.uti.AppInfoParser] (main) Kafka commitId: f745dfdcee2b9851
2025-08-07 12:25:56,234 INFO  [org.apa.kaf.com.uti.AppInfoParser] (main) Kafka startTimeMs: 1754569556234
2025-08-07 12:25:56,235 INFO  [io.api.tes.ser.api.KafkaSerdesTester] (Thread-679) Sending message {"key11754569549550": "value-0"} to topic topic-71a8f9c9_1f3e_4f2c_8602_89a8da2da31a
2025-08-07 12:25:56,240 INFO  [org.apa.kaf.cli.Metadata] (kafka-producer-network-thread | Producer-topic-71a8f9c9_1f3e_4f2c_8602_89a8da2da31a) [Producer clientId=Producer-topic-71a8f9c9_1f3e_4f2c_8602_89a8da2da31a] Cluster ID: w_73WABzQ2iBfYWfnNB4Cg
2025-08-07 12:25:56,240 INFO  [DefaultSchemaResolver] (Thread-679) Retrieving schema content using string: {"type":"record","name":"sc161074fxc47ax4cf7xa269xe9620bcac5f6","namespace":"ns_f0091659_c4d8_47be_8fb7_bc0834b06b95","fields":[{"name":"key11754569549550","type":"string"}]}
2025-08-07 12:25:56,243 INFO  [org.apa.kaf.cli.pro.int.TransactionManager] (kafka-producer-network-thread | Producer-topic-71a8f9c9_1f3e_4f2c_8602_89a8da2da31a) [Producer clientId=Producer-topic-71a8f9c9_1f3e_4f2c_8602_89a8da2da31a] ProducerId set to 14 with epoch 0
2025-08-07 12:25:56,416 INFO  [io.api.tes.ser.api.KafkaSerdesTester] (Thread-679) Sending message {"key11754569549550": "value-1"} to topic topic-71a8f9c9_1f3e_4f2c_8602_89a8da2da31a
2025-08-07 12:25:56,418 INFO  [io.api.tes.ser.api.KafkaSerdesTester] (Thread-679) Sending message {"key11754569549550": "value-2"} to topic topic-71a8f9c9_1f3e_4f2c_8602_89a8da2da31a
2025-08-07 12:25:56,419 INFO  [io.api.tes.ser.api.KafkaSerdesTester] (Thread-679) Sending message {"key11754569549550": "value-3"} to topic topic-71a8f9c9_1f3e_4f2c_8602_89a8da2da31a
2025-08-07 12:25:56,433 INFO  [io.api.tes.ser.api.KafkaSerdesTester] (Thread-679) Sending message {"key11754569549550": "value-4"} to topic topic-71a8f9c9_1f3e_4f2c_8602_89a8da2da31a
2025-08-07 12:25:56,434 INFO  [io.api.tes.ser.api.KafkaSerdesTester] (Thread-679) Sending message {"key11754569549550": "value-5"} to topic topic-71a8f9c9_1f3e_4f2c_8602_89a8da2da31a
2025-08-07 12:25:56,436 INFO  [io.api.tes.ser.api.KafkaSerdesTester] (Thread-679) Sending message {"key11754569549550": "value-6"} to topic topic-71a8f9c9_1f3e_4f2c_8602_89a8da2da31a
2025-08-07 12:25:56,437 INFO  [io.api.tes.ser.api.KafkaSerdesTester] (Thread-679) Sending message {"key11754569549550": "value-7"} to topic topic-71a8f9c9_1f3e_4f2c_8602_89a8da2da31a
2025-08-07 12:25:56,438 INFO  [io.api.tes.ser.api.KafkaSerdesTester] (Thread-679) Sending message {"key11754569549550": "value-8"} to topic topic-71a8f9c9_1f3e_4f2c_8602_89a8da2da31a
2025-08-07 12:25:56,439 INFO  [io.api.tes.ser.api.KafkaSerdesTester] (Thread-679) Sending message {"key11754569549550": "value-9"} to topic topic-71a8f9c9_1f3e_4f2c_8602_89a8da2da31a
2025-08-07 12:25:56,441 INFO  [io.api.tes.ser.api.KafkaSerdesTester] (Thread-679) Produced 10 messages
2025-08-07 12:25:56,441 INFO  [org.apa.kaf.cli.pro.KafkaProducer] (Thread-679) [Producer clientId=Producer-topic-71a8f9c9_1f3e_4f2c_8602_89a8da2da31a] Closing the Kafka producer with timeoutMillis = 9223372036854775807 ms.
2025-08-07 12:25:56,442 INFO  [org.apa.kaf.com.met.Metrics] (Thread-679) Metrics scheduler closed
2025-08-07 12:25:56,442 INFO  [org.apa.kaf.com.met.Metrics] (Thread-679) Closing reporter org.apache.kafka.common.metrics.JmxReporter
2025-08-07 12:25:56,442 INFO  [org.apa.kaf.com.met.Metrics] (Thread-679) Closing reporter org.apache.kafka.common.telemetry.internals.ClientTelemetryReporter
2025-08-07 12:25:56,442 INFO  [org.apa.kaf.com.met.Metrics] (Thread-679) Metrics reporters closed
2025-08-07 12:25:56,443 INFO  [org.apa.kaf.com.uti.AppInfoParser] (Thread-679) App info kafka.producer for Producer-topic-71a8f9c9_1f3e_4f2c_8602_89a8da2da31a unregistered
**** Registry Base URL: http://registry-app-mysql.apps.ci419.apicurio-testing.org:80
2025-08-07 12:25:56,443 INFO  [org.apa.kaf.cli.con.ConsumerConfig] (main) ConsumerConfig values: 
	allow.auto.create.topics = true
	auto.commit.interval.ms = 500
	auto.include.jmx.reporter = true
	auto.offset.reset = earliest
	bootstrap.servers = [PLAINTEXT://localhost:32769]
	check.crcs = true
	client.dns.lookup = use_all_dns_ips
	client.id = consumer-Consumer-topic-71a8f9c9_1f3e_4f2c_8602_89a8da2da31a-11
	client.rack = 
	connections.max.idle.ms = 10000
	default.api.timeout.ms = 60000
	enable.auto.commit = true
	enable.metrics.push = true
	exclude.internal.topics = true
	fetch.max.bytes = 52428800
	fetch.max.wait.ms = 500
	fetch.min.bytes = 1
	group.id = Consumer-topic-71a8f9c9_1f3e_4f2c_8602_89a8da2da31a
	group.instance.id = null
	group.protocol = classic
	group.remote.assignor = null
	heartbeat.interval.ms = 3000
	interceptor.classes = []
	internal.leave.group.on.close = true
	internal.throw.on.fetch.stable.offset.unsupported = false
	isolation.level = read_uncommitted
	key.deserializer = class org.apache.kafka.common.serialization.StringDeserializer
	max.partition.fetch.bytes = 1048576
	max.poll.interval.ms = 300000
	max.poll.records = 500
	metadata.max.age.ms = 300000
	metadata.recovery.strategy = none
	metric.reporters = []
	metrics.num.samples = 2
	metrics.recording.level = INFO
	metrics.sample.window.ms = 30000
	partition.assignment.strategy = [class org.apache.kafka.clients.consumer.RangeAssignor, class org.apache.kafka.clients.consumer.CooperativeStickyAssignor]
	receive.buffer.bytes = 65536
	reconnect.backoff.max.ms = 1000
	reconnect.backoff.ms = 50
	request.timeout.ms = 5000
	retry.backoff.max.ms = 1000
	retry.backoff.ms = 100
	sasl.client.callback.handler.class = null
	sasl.jaas.config = null
	sasl.kerberos.kinit.cmd = /usr/bin/kinit
	sasl.kerberos.min.time.before.relogin = 60000
	sasl.kerberos.service.name = null
	sasl.kerberos.ticket.renew.jitter = 0.05
	sasl.kerberos.ticket.renew.window.factor = 0.8
	sasl.login.callback.handler.class = null
	sasl.login.class = null
	sasl.login.connect.timeout.ms = null
	sasl.login.read.timeout.ms = null
	sasl.login.refresh.buffer.seconds = 300
	sasl.login.refresh.min.period.seconds = 60
	sasl.login.refresh.window.factor = 0.8
	sasl.login.refresh.window.jitter = 0.05
	sasl.login.retry.backoff.max.ms = 10000
	sasl.login.retry.backoff.ms = 100
	sasl.mechanism = GSSAPI
	sasl.oauthbearer.clock.skew.seconds = 30
	sasl.oauthbearer.expected.audience = null
	sasl.oauthbearer.expected.issuer = null
	sasl.oauthbearer.header.urlencode = false
	sasl.oauthbearer.jwks.endpoint.refresh.ms = 3600000
	sasl.oauthbearer.jwks.endpoint.retry.backoff.max.ms = 10000
	sasl.oauthbearer.jwks.endpoint.retry.backoff.ms = 100
	sasl.oauthbearer.jwks.endpoint.url = null
	sasl.oauthbearer.scope.claim.name = scope
	sasl.oauthbearer.sub.claim.name = sub
	sasl.oauthbearer.token.endpoint.url = null
	security.protocol = PLAINTEXT
	security.providers = null
	send.buffer.bytes = 131072
	session.timeout.ms = 45000
	socket.connection.setup.timeout.max.ms = 30000
	socket.connection.setup.timeout.ms = 10000
	ssl.cipher.suites = null
	ssl.enabled.protocols = [TLSv1.2, TLSv1.3]
	ssl.endpoint.identification.algorithm = https
	ssl.engine.factory.class = null
	ssl.key.password = null
	ssl.keymanager.algorithm = SunX509
	ssl.keystore.certificate.chain = null
	ssl.keystore.key = null
	ssl.keystore.location = null
	ssl.keystore.password = null
	ssl.keystore.type = JKS
	ssl.protocol = TLSv1.3
	ssl.provider = null
	ssl.secure.random.implementation = null
	ssl.trustmanager.algorithm = PKIX
	ssl.truststore.certificates = null
	ssl.truststore.location = null
	ssl.truststore.password = null
	ssl.truststore.type = JKS
	value.deserializer = class io.apicurio.registry.serde.avro.AvroKafkaDeserializer

2025-08-07 12:25:56,443 INFO  [org.apa.kaf.com.tel.int.KafkaMetricsCollector] (main) initializing Kafka metrics collector
2025-08-07 12:25:56,450 INFO  [org.apa.kaf.cli.con.ConsumerConfig] (main) These configurations '[apicurio.registry.url]' were supplied but are not used yet.
2025-08-07 12:25:56,450 INFO  [org.apa.kaf.com.uti.AppInfoParser] (main) Kafka version: 3.9.1
2025-08-07 12:25:56,450 INFO  [org.apa.kaf.com.uti.AppInfoParser] (main) Kafka commitId: f745dfdcee2b9851
2025-08-07 12:25:56,450 INFO  [org.apa.kaf.com.uti.AppInfoParser] (main) Kafka startTimeMs: 1754569556450
2025-08-07 12:25:56,452 INFO  [org.apa.kaf.cli.con.int.ClassicKafkaConsumer] (Thread-682) [Consumer clientId=consumer-Consumer-topic-71a8f9c9_1f3e_4f2c_8602_89a8da2da31a-11, groupId=Consumer-topic-71a8f9c9_1f3e_4f2c_8602_89a8da2da31a] Subscribed to topic(s): topic-71a8f9c9_1f3e_4f2c_8602_89a8da2da31a
2025-08-07 12:25:56,456 INFO  [org.apa.kaf.cli.Metadata] (Thread-682) [Consumer clientId=consumer-Consumer-topic-71a8f9c9_1f3e_4f2c_8602_89a8da2da31a-11, groupId=Consumer-topic-71a8f9c9_1f3e_4f2c_8602_89a8da2da31a] Cluster ID: w_73WABzQ2iBfYWfnNB4Cg
2025-08-07 12:25:56,456 INFO  [org.apa.kaf.cli.con.int.ConsumerCoordinator] (Thread-682) [Consumer clientId=consumer-Consumer-topic-71a8f9c9_1f3e_4f2c_8602_89a8da2da31a-11, groupId=Consumer-topic-71a8f9c9_1f3e_4f2c_8602_89a8da2da31a] Discovered group coordinator localhost:32769 (id: 2147483647 rack: null)
2025-08-07 12:25:56,458 INFO  [org.apa.kaf.cli.con.int.ConsumerCoordinator] (Thread-682) [Consumer clientId=consumer-Consumer-topic-71a8f9c9_1f3e_4f2c_8602_89a8da2da31a-11, groupId=Consumer-topic-71a8f9c9_1f3e_4f2c_8602_89a8da2da31a] (Re-)joining group
2025-08-07 12:25:56,461 INFO  [org.apa.kaf.cli.con.int.ConsumerCoordinator] (Thread-682) [Consumer clientId=consumer-Consumer-topic-71a8f9c9_1f3e_4f2c_8602_89a8da2da31a-11, groupId=Consumer-topic-71a8f9c9_1f3e_4f2c_8602_89a8da2da31a] Request joining group due to: need to re-join with the given member-id: consumer-Consumer-topic-71a8f9c9_1f3e_4f2c_8602_89a8da2da31a-11-700d85ba-2aac-4380-ab80-067f837e27b1
2025-08-07 12:25:56,461 INFO  [org.apa.kaf.cli.con.int.ConsumerCoordinator] (Thread-682) [Consumer clientId=consumer-Consumer-topic-71a8f9c9_1f3e_4f2c_8602_89a8da2da31a-11, groupId=Consumer-topic-71a8f9c9_1f3e_4f2c_8602_89a8da2da31a] (Re-)joining group
2025-08-07 12:25:57,452 INFO  [io.api.tes.ser.api.KafkaSerdesTester] (Thread-682) None found
2025-08-07 12:25:58,452 INFO  [io.api.tes.ser.api.KafkaSerdesTester] (Thread-682) None found
2025-08-07 12:25:59,452 INFO  [io.api.tes.ser.api.KafkaSerdesTester] (Thread-682) None found
2025-08-07 12:25:59,462 INFO  [org.apa.kaf.cli.con.int.ConsumerCoordinator] (Thread-682) [Consumer clientId=consumer-Consumer-topic-71a8f9c9_1f3e_4f2c_8602_89a8da2da31a-11, groupId=Consumer-topic-71a8f9c9_1f3e_4f2c_8602_89a8da2da31a] Successfully joined group with generation Generation{generationId=3, memberId='consumer-Consumer-topic-71a8f9c9_1f3e_4f2c_8602_89a8da2da31a-11-700d85ba-2aac-4380-ab80-067f837e27b1', protocol='range'}
2025-08-07 12:25:59,463 INFO  [org.apa.kaf.cli.con.int.ConsumerCoordinator] (Thread-682) [Consumer clientId=consumer-Consumer-topic-71a8f9c9_1f3e_4f2c_8602_89a8da2da31a-11, groupId=Consumer-topic-71a8f9c9_1f3e_4f2c_8602_89a8da2da31a] Finished assignment for group at generation 3: {consumer-Consumer-topic-71a8f9c9_1f3e_4f2c_8602_89a8da2da31a-11-700d85ba-2aac-4380-ab80-067f837e27b1=Assignment(partitions=[topic-71a8f9c9_1f3e_4f2c_8602_89a8da2da31a-0])}
2025-08-07 12:25:59,469 INFO  [org.apa.kaf.cli.con.int.ConsumerCoordinator] (Thread-682) [Consumer clientId=consumer-Consumer-topic-71a8f9c9_1f3e_4f2c_8602_89a8da2da31a-11, groupId=Consumer-topic-71a8f9c9_1f3e_4f2c_8602_89a8da2da31a] Successfully synced group in generation Generation{generationId=3, memberId='consumer-Consumer-topic-71a8f9c9_1f3e_4f2c_8602_89a8da2da31a-11-700d85ba-2aac-4380-ab80-067f837e27b1', protocol='range'}
2025-08-07 12:25:59,469 INFO  [org.apa.kaf.cli.con.int.ConsumerCoordinator] (Thread-682) [Consumer clientId=consumer-Consumer-topic-71a8f9c9_1f3e_4f2c_8602_89a8da2da31a-11, groupId=Consumer-topic-71a8f9c9_1f3e_4f2c_8602_89a8da2da31a] Notifying assignor about the new Assignment(partitions=[topic-71a8f9c9_1f3e_4f2c_8602_89a8da2da31a-0])
2025-08-07 12:25:59,470 INFO  [org.apa.kaf.cli.con.int.ConsumerRebalanceListenerInvoker] (Thread-682) [Consumer clientId=consumer-Consumer-topic-71a8f9c9_1f3e_4f2c_8602_89a8da2da31a-11, groupId=Consumer-topic-71a8f9c9_1f3e_4f2c_8602_89a8da2da31a] Adding newly assigned partitions: topic-71a8f9c9_1f3e_4f2c_8602_89a8da2da31a-0
2025-08-07 12:25:59,471 INFO  [org.apa.kaf.cli.con.int.ConsumerUtils] (Thread-682) Setting offset for partition topic-71a8f9c9_1f3e_4f2c_8602_89a8da2da31a-0 to the committed offset FetchPosition{offset=10, offsetEpoch=Optional[0], currentLeader=LeaderAndEpoch{leader=Optional[localhost:32769 (id: 0 rack: null)], epoch=0}}
2025-08-07 12:25:59,900 INFO  [io.api.tes.ser.api.KafkaSerdesTester] (Thread-682) topic-71a8f9c9_1f3e_4f2c_8602_89a8da2da31a 0 10 {"key11754569549550": "value-0", "key21754569554791": "value-0"}
2025-08-07 12:25:59,901 INFO  [io.api.tes.ser.api.KafkaSerdesTester] (Thread-682) topic-71a8f9c9_1f3e_4f2c_8602_89a8da2da31a 0 11 {"key11754569549550": "value-1", "key21754569554791": "value-1"}
2025-08-07 12:25:59,901 INFO  [io.api.tes.ser.api.KafkaSerdesTester] (Thread-682) topic-71a8f9c9_1f3e_4f2c_8602_89a8da2da31a 0 12 {"key11754569549550": "value-2", "key21754569554791": "value-2"}
2025-08-07 12:25:59,901 INFO  [io.api.tes.ser.api.KafkaSerdesTester] (Thread-682) topic-71a8f9c9_1f3e_4f2c_8602_89a8da2da31a 0 13 {"key11754569549550": "value-3", "key21754569554791": "value-3"}
2025-08-07 12:25:59,901 INFO  [io.api.tes.ser.api.KafkaSerdesTester] (Thread-682) topic-71a8f9c9_1f3e_4f2c_8602_89a8da2da31a 0 14 {"key11754569549550": "value-4", "key21754569554791": "value-4"}
2025-08-07 12:25:59,901 INFO  [io.api.tes.ser.api.KafkaSerdesTester] (Thread-682) topic-71a8f9c9_1f3e_4f2c_8602_89a8da2da31a 0 15 {"key11754569549550": "value-5", "key21754569554791": "value-5"}
2025-08-07 12:25:59,901 INFO  [io.api.tes.ser.api.KafkaSerdesTester] (Thread-682) topic-71a8f9c9_1f3e_4f2c_8602_89a8da2da31a 0 16 {"key11754569549550": "value-6", "key21754569554791": "value-6"}
2025-08-07 12:25:59,901 INFO  [io.api.tes.ser.api.KafkaSerdesTester] (Thread-682) topic-71a8f9c9_1f3e_4f2c_8602_89a8da2da31a 0 17 {"key11754569549550": "value-7", "key21754569554791": "value-7"}
2025-08-07 12:25:59,901 INFO  [io.api.tes.ser.api.KafkaSerdesTester] (Thread-682) topic-71a8f9c9_1f3e_4f2c_8602_89a8da2da31a 0 18 {"key11754569549550": "value-8", "key21754569554791": "value-8"}
2025-08-07 12:25:59,901 INFO  [io.api.tes.ser.api.KafkaSerdesTester] (Thread-682) topic-71a8f9c9_1f3e_4f2c_8602_89a8da2da31a 0 19 {"key11754569549550": "value-9", "key21754569554791": "value-9"}
2025-08-07 12:25:59,901 INFO  [io.api.tes.ser.api.KafkaSerdesTester] (Thread-682) topic-71a8f9c9_1f3e_4f2c_8602_89a8da2da31a 0 20 {"key11754569549550": "value-0"}
2025-08-07 12:25:59,901 INFO  [io.api.tes.ser.api.KafkaSerdesTester] (Thread-682) topic-71a8f9c9_1f3e_4f2c_8602_89a8da2da31a 0 21 {"key11754569549550": "value-1"}
2025-08-07 12:25:59,901 INFO  [io.api.tes.ser.api.KafkaSerdesTester] (Thread-682) topic-71a8f9c9_1f3e_4f2c_8602_89a8da2da31a 0 22 {"key11754569549550": "value-2"}
2025-08-07 12:25:59,901 INFO  [io.api.tes.ser.api.KafkaSerdesTester] (Thread-682) topic-71a8f9c9_1f3e_4f2c_8602_89a8da2da31a 0 23 {"key11754569549550": "value-3"}
2025-08-07 12:25:59,901 INFO  [io.api.tes.ser.api.KafkaSerdesTester] (Thread-682) topic-71a8f9c9_1f3e_4f2c_8602_89a8da2da31a 0 24 {"key11754569549550": "value-4"}
2025-08-07 12:25:59,901 INFO  [io.api.tes.ser.api.KafkaSerdesTester] (Thread-682) topic-71a8f9c9_1f3e_4f2c_8602_89a8da2da31a 0 25 {"key11754569549550": "value-5"}
2025-08-07 12:25:59,901 INFO  [io.api.tes.ser.api.KafkaSerdesTester] (Thread-682) topic-71a8f9c9_1f3e_4f2c_8602_89a8da2da31a 0 26 {"key11754569549550": "value-6"}
2025-08-07 12:25:59,901 INFO  [io.api.tes.ser.api.KafkaSerdesTester] (Thread-682) topic-71a8f9c9_1f3e_4f2c_8602_89a8da2da31a 0 27 {"key11754569549550": "value-7"}
2025-08-07 12:25:59,901 INFO  [io.api.tes.ser.api.KafkaSerdesTester] (Thread-682) topic-71a8f9c9_1f3e_4f2c_8602_89a8da2da31a 0 28 {"key11754569549550": "value-8"}
2025-08-07 12:25:59,901 INFO  [io.api.tes.ser.api.KafkaSerdesTester] (Thread-682) topic-71a8f9c9_1f3e_4f2c_8602_89a8da2da31a 0 29 {"key11754569549550": "value-9"}
2025-08-07 12:25:59,901 INFO  [io.api.tes.ser.api.KafkaSerdesTester] (Thread-682) Consumed 20 messages
2025-08-07 12:25:59,907 INFO  [org.apa.kaf.cli.con.int.ConsumerRebalanceListenerInvoker] (Thread-682) [Consumer clientId=consumer-Consumer-topic-71a8f9c9_1f3e_4f2c_8602_89a8da2da31a-11, groupId=Consumer-topic-71a8f9c9_1f3e_4f2c_8602_89a8da2da31a] Revoke previously assigned partitions topic-71a8f9c9_1f3e_4f2c_8602_89a8da2da31a-0
2025-08-07 12:25:59,907 INFO  [org.apa.kaf.cli.con.int.ConsumerCoordinator] (Thread-682) [Consumer clientId=consumer-Consumer-topic-71a8f9c9_1f3e_4f2c_8602_89a8da2da31a-11, groupId=Consumer-topic-71a8f9c9_1f3e_4f2c_8602_89a8da2da31a] Member consumer-Consumer-topic-71a8f9c9_1f3e_4f2c_8602_89a8da2da31a-11-700d85ba-2aac-4380-ab80-067f837e27b1 sending LeaveGroup request to coordinator localhost:32769 (id: 2147483647 rack: null) due to the consumer is being closed
2025-08-07 12:25:59,907 INFO  [org.apa.kaf.cli.con.int.ConsumerCoordinator] (Thread-682) [Consumer clientId=consumer-Consumer-topic-71a8f9c9_1f3e_4f2c_8602_89a8da2da31a-11, groupId=Consumer-topic-71a8f9c9_1f3e_4f2c_8602_89a8da2da31a] Resetting generation and member id due to: consumer pro-actively leaving the group
2025-08-07 12:25:59,908 INFO  [org.apa.kaf.cli.con.int.ConsumerCoordinator] (Thread-682) [Consumer clientId=consumer-Consumer-topic-71a8f9c9_1f3e_4f2c_8602_89a8da2da31a-11, groupId=Consumer-topic-71a8f9c9_1f3e_4f2c_8602_89a8da2da31a] Request joining group due to: consumer pro-actively leaving the group
2025-08-07 12:26:00,402 INFO  [org.apa.kaf.com.met.Metrics] (Thread-682) Metrics scheduler closed
2025-08-07 12:26:00,402 INFO  [org.apa.kaf.com.met.Metrics] (Thread-682) Closing reporter org.apache.kafka.common.metrics.JmxReporter
2025-08-07 12:26:00,402 INFO  [org.apa.kaf.com.met.Metrics] (Thread-682) Closing reporter org.apache.kafka.common.telemetry.internals.ClientTelemetryReporter
2025-08-07 12:26:00,402 INFO  [org.apa.kaf.com.met.Metrics] (Thread-682) Metrics reporters closed
2025-08-07 12:26:00,405 INFO  [org.apa.kaf.com.uti.AppInfoParser] (Thread-682) App info kafka.consumer for consumer-Consumer-topic-71a8f9c9_1f3e_4f2c_8602_89a8da2da31a-11 unregistered
2025-08-07 12:26:00,405 INFO  [io.api.tes.ser.api.AvroSerdeIT] (main) Registering Avro Schema 3: {"type":"record","name":"sc161074fxc47ax4cf7xa269xe9620bcac5f6","namespace":"ns_f0091659_c4d8_47be_8fb7_bc0834b06b95","fields":[{"name":"key11754569549550","type":"string"},{"name":"key21754569554791","type":"string"},{"name":"key31754569560405","type":"string"}]}
**** Registry Base URL: http://registry-app-mysql.apps.ci419.apicurio-testing.org:80
2025-08-07 12:26:01,615 INFO  [org.apa.kaf.cli.pro.ProducerConfig] (main) ProducerConfig values: 
	acks = -1
	auto.include.jmx.reporter = true
	batch.size = 16384
	bootstrap.servers = [PLAINTEXT://localhost:32769]
	buffer.memory = 33554432
	client.dns.lookup = use_all_dns_ips
	client.id = Producer-topic-71a8f9c9_1f3e_4f2c_8602_89a8da2da31a
	compression.gzip.level = -1
	compression.lz4.level = 9
	compression.type = none
	compression.zstd.level = 3
	connections.max.idle.ms = 10000
	delivery.timeout.ms = 120000
	enable.idempotence = true
	enable.metrics.push = true
	interceptor.classes = []
	key.serializer = class org.apache.kafka.common.serialization.StringSerializer
	linger.ms = 0
	max.block.ms = 60000
	max.in.flight.requests.per.connection = 5
	max.request.size = 1048576
	metadata.max.age.ms = 300000
	metadata.max.idle.ms = 300000
	metadata.recovery.strategy = none
	metric.reporters = []
	metrics.num.samples = 2
	metrics.recording.level = INFO
	metrics.sample.window.ms = 30000
	partitioner.adaptive.partitioning.enable = true
	partitioner.availability.timeout.ms = 0
	partitioner.class = null
	partitioner.ignore.keys = false
	receive.buffer.bytes = 32768
	reconnect.backoff.max.ms = 1000
	reconnect.backoff.ms = 50
	request.timeout.ms = 5000
	retries = 2147483647
	retry.backoff.max.ms = 1000
	retry.backoff.ms = 100
	sasl.client.callback.handler.class = null
	sasl.jaas.config = null
	sasl.kerberos.kinit.cmd = /usr/bin/kinit
	sasl.kerberos.min.time.before.relogin = 60000
	sasl.kerberos.service.name = null
	sasl.kerberos.ticket.renew.jitter = 0.05
	sasl.kerberos.ticket.renew.window.factor = 0.8
	sasl.login.callback.handler.class = null
	sasl.login.class = null
	sasl.login.connect.timeout.ms = null
	sasl.login.read.timeout.ms = null
	sasl.login.refresh.buffer.seconds = 300
	sasl.login.refresh.min.period.seconds = 60
	sasl.login.refresh.window.factor = 0.8
	sasl.login.refresh.window.jitter = 0.05
	sasl.login.retry.backoff.max.ms = 10000
	sasl.login.retry.backoff.ms = 100
	sasl.mechanism = GSSAPI
	sasl.oauthbearer.clock.skew.seconds = 30
	sasl.oauthbearer.expected.audience = null
	sasl.oauthbearer.expected.issuer = null
	sasl.oauthbearer.header.urlencode = false
	sasl.oauthbearer.jwks.endpoint.refresh.ms = 3600000
	sasl.oauthbearer.jwks.endpoint.retry.backoff.max.ms = 10000
	sasl.oauthbearer.jwks.endpoint.retry.backoff.ms = 100
	sasl.oauthbearer.jwks.endpoint.url = null
	sasl.oauthbearer.scope.claim.name = scope
	sasl.oauthbearer.sub.claim.name = sub
	sasl.oauthbearer.token.endpoint.url = null
	security.protocol = PLAINTEXT
	security.providers = null
	send.buffer.bytes = 131072
	socket.connection.setup.timeout.max.ms = 30000
	socket.connection.setup.timeout.ms = 10000
	ssl.cipher.suites = null
	ssl.enabled.protocols = [TLSv1.2, TLSv1.3]
	ssl.endpoint.identification.algorithm = https
	ssl.engine.factory.class = null
	ssl.key.password = null
	ssl.keymanager.algorithm = SunX509
	ssl.keystore.certificate.chain = null
	ssl.keystore.key = null
	ssl.keystore.location = null
	ssl.keystore.password = null
	ssl.keystore.type = JKS
	ssl.protocol = TLSv1.3
	ssl.provider = null
	ssl.secure.random.implementation = null
	ssl.trustmanager.algorithm = PKIX
	ssl.truststore.certificates = null
	ssl.truststore.location = null
	ssl.truststore.password = null
	ssl.truststore.type = JKS
	transaction.timeout.ms = 60000
	transactional.id = null
	value.serializer = class io.apicurio.registry.serde.avro.AvroKafkaSerializer

2025-08-07 12:26:01,616 INFO  [org.apa.kaf.com.tel.int.KafkaMetricsCollector] (main) initializing Kafka metrics collector
2025-08-07 12:26:01,619 INFO  [org.apa.kaf.cli.pro.KafkaProducer] (main) [Producer clientId=Producer-topic-71a8f9c9_1f3e_4f2c_8602_89a8da2da31a] Instantiated an idempotent producer.
2025-08-07 12:26:01,621 INFO  [org.apa.kaf.cli.pro.ProducerConfig] (main) These configurations '[apicurio.registry.url, apicurio.registry.artifact-resolver-strategy]' were supplied but are not used yet.
2025-08-07 12:26:01,621 INFO  [org.apa.kaf.com.uti.AppInfoParser] (main) Kafka version: 3.9.1
2025-08-07 12:26:01,621 INFO  [org.apa.kaf.com.uti.AppInfoParser] (main) Kafka commitId: f745dfdcee2b9851
2025-08-07 12:26:01,621 INFO  [org.apa.kaf.com.uti.AppInfoParser] (main) Kafka startTimeMs: 1754569561621
2025-08-07 12:26:01,621 INFO  [io.api.tes.ser.api.KafkaSerdesTester] (Thread-685) Sending message {"key11754569549550": "value-0", "key21754569554791": "value-0", "key31754569560405": "value-0"} to topic topic-71a8f9c9_1f3e_4f2c_8602_89a8da2da31a
2025-08-07 12:26:01,624 INFO  [org.apa.kaf.cli.Metadata] (kafka-producer-network-thread | Producer-topic-71a8f9c9_1f3e_4f2c_8602_89a8da2da31a) [Producer clientId=Producer-topic-71a8f9c9_1f3e_4f2c_8602_89a8da2da31a] Cluster ID: w_73WABzQ2iBfYWfnNB4Cg
2025-08-07 12:26:01,624 INFO  [org.apa.kaf.cli.pro.int.TransactionManager] (kafka-producer-network-thread | Producer-topic-71a8f9c9_1f3e_4f2c_8602_89a8da2da31a) [Producer clientId=Producer-topic-71a8f9c9_1f3e_4f2c_8602_89a8da2da31a] ProducerId set to 15 with epoch 0
2025-08-07 12:26:01,624 INFO  [DefaultSchemaResolver] (Thread-685) Retrieving schema content using string: {"type":"record","name":"sc161074fxc47ax4cf7xa269xe9620bcac5f6","namespace":"ns_f0091659_c4d8_47be_8fb7_bc0834b06b95","fields":[{"name":"key11754569549550","type":"string"},{"name":"key21754569554791","type":"string"},{"name":"key31754569560405","type":"string"}]}
2025-08-07 12:26:01,794 INFO  [io.api.tes.ser.api.KafkaSerdesTester] (Thread-685) Sending message {"key11754569549550": "value-1", "key21754569554791": "value-1", "key31754569560405": "value-1"} to topic topic-71a8f9c9_1f3e_4f2c_8602_89a8da2da31a
2025-08-07 12:26:01,796 INFO  [io.api.tes.ser.api.KafkaSerdesTester] (Thread-685) Sending message {"key11754569549550": "value-2", "key21754569554791": "value-2", "key31754569560405": "value-2"} to topic topic-71a8f9c9_1f3e_4f2c_8602_89a8da2da31a
2025-08-07 12:26:01,800 INFO  [io.api.tes.ser.api.KafkaSerdesTester] (Thread-685) Sending message {"key11754569549550": "value-3", "key21754569554791": "value-3", "key31754569560405": "value-3"} to topic topic-71a8f9c9_1f3e_4f2c_8602_89a8da2da31a
2025-08-07 12:26:01,803 INFO  [io.api.tes.ser.api.KafkaSerdesTester] (Thread-685) Sending message {"key11754569549550": "value-4", "key21754569554791": "value-4", "key31754569560405": "value-4"} to topic topic-71a8f9c9_1f3e_4f2c_8602_89a8da2da31a
2025-08-07 12:26:01,806 INFO  [io.api.tes.ser.api.KafkaSerdesTester] (Thread-685) Sending message {"key11754569549550": "value-5", "key21754569554791": "value-5", "key31754569560405": "value-5"} to topic topic-71a8f9c9_1f3e_4f2c_8602_89a8da2da31a
2025-08-07 12:26:01,809 INFO  [io.api.tes.ser.api.KafkaSerdesTester] (Thread-685) Sending message {"key11754569549550": "value-6", "key21754569554791": "value-6", "key31754569560405": "value-6"} to topic topic-71a8f9c9_1f3e_4f2c_8602_89a8da2da31a
2025-08-07 12:26:01,810 INFO  [io.api.tes.ser.api.KafkaSerdesTester] (Thread-685) Sending message {"key11754569549550": "value-7", "key21754569554791": "value-7", "key31754569560405": "value-7"} to topic topic-71a8f9c9_1f3e_4f2c_8602_89a8da2da31a
2025-08-07 12:26:01,812 INFO  [io.api.tes.ser.api.KafkaSerdesTester] (Thread-685) Sending message {"key11754569549550": "value-8", "key21754569554791": "value-8", "key31754569560405": "value-8"} to topic topic-71a8f9c9_1f3e_4f2c_8602_89a8da2da31a
2025-08-07 12:26:01,814 INFO  [io.api.tes.ser.api.KafkaSerdesTester] (Thread-685) Sending message {"key11754569549550": "value-9", "key21754569554791": "value-9", "key31754569560405": "value-9"} to topic topic-71a8f9c9_1f3e_4f2c_8602_89a8da2da31a
2025-08-07 12:26:01,815 INFO  [io.api.tes.ser.api.KafkaSerdesTester] (Thread-685) Produced 10 messages
2025-08-07 12:26:01,815 INFO  [org.apa.kaf.cli.pro.KafkaProducer] (Thread-685) [Producer clientId=Producer-topic-71a8f9c9_1f3e_4f2c_8602_89a8da2da31a] Closing the Kafka producer with timeoutMillis = 9223372036854775807 ms.
2025-08-07 12:26:01,817 INFO  [org.apa.kaf.com.met.Metrics] (Thread-685) Metrics scheduler closed
2025-08-07 12:26:01,817 INFO  [org.apa.kaf.com.met.Metrics] (Thread-685) Closing reporter org.apache.kafka.common.metrics.JmxReporter
2025-08-07 12:26:01,817 INFO  [org.apa.kaf.com.met.Metrics] (Thread-685) Closing reporter org.apache.kafka.common.telemetry.internals.ClientTelemetryReporter
2025-08-07 12:26:01,817 INFO  [org.apa.kaf.com.met.Metrics] (Thread-685) Metrics reporters closed
2025-08-07 12:26:01,818 INFO  [org.apa.kaf.com.uti.AppInfoParser] (Thread-685) App info kafka.producer for Producer-topic-71a8f9c9_1f3e_4f2c_8602_89a8da2da31a unregistered
**** Registry Base URL: http://registry-app-mysql.apps.ci419.apicurio-testing.org:80
2025-08-07 12:26:01,819 INFO  [org.apa.kaf.cli.pro.ProducerConfig] (main) ProducerConfig values: 
	acks = -1
	auto.include.jmx.reporter = true
	batch.size = 16384
	bootstrap.servers = [PLAINTEXT://localhost:32769]
	buffer.memory = 33554432
	client.dns.lookup = use_all_dns_ips
	client.id = Producer-topic-71a8f9c9_1f3e_4f2c_8602_89a8da2da31a
	compression.gzip.level = -1
	compression.lz4.level = 9
	compression.type = none
	compression.zstd.level = 3
	connections.max.idle.ms = 10000
	delivery.timeout.ms = 120000
	enable.idempotence = true
	enable.metrics.push = true
	interceptor.classes = []
	key.serializer = class org.apache.kafka.common.serialization.StringSerializer
	linger.ms = 0
	max.block.ms = 60000
	max.in.flight.requests.per.connection = 5
	max.request.size = 1048576
	metadata.max.age.ms = 300000
	metadata.max.idle.ms = 300000
	metadata.recovery.strategy = none
	metric.reporters = []
	metrics.num.samples = 2
	metrics.recording.level = INFO
	metrics.sample.window.ms = 30000
	partitioner.adaptive.partitioning.enable = true
	partitioner.availability.timeout.ms = 0
	partitioner.class = null
	partitioner.ignore.keys = false
	receive.buffer.bytes = 32768
	reconnect.backoff.max.ms = 1000
	reconnect.backoff.ms = 50
	request.timeout.ms = 5000
	retries = 2147483647
	retry.backoff.max.ms = 1000
	retry.backoff.ms = 100
	sasl.client.callback.handler.class = null
	sasl.jaas.config = null
	sasl.kerberos.kinit.cmd = /usr/bin/kinit
	sasl.kerberos.min.time.before.relogin = 60000
	sasl.kerberos.service.name = null
	sasl.kerberos.ticket.renew.jitter = 0.05
	sasl.kerberos.ticket.renew.window.factor = 0.8
	sasl.login.callback.handler.class = null
	sasl.login.class = null
	sasl.login.connect.timeout.ms = null
	sasl.login.read.timeout.ms = null
	sasl.login.refresh.buffer.seconds = 300
	sasl.login.refresh.min.period.seconds = 60
	sasl.login.refresh.window.factor = 0.8
	sasl.login.refresh.window.jitter = 0.05
	sasl.login.retry.backoff.max.ms = 10000
	sasl.login.retry.backoff.ms = 100
	sasl.mechanism = GSSAPI
	sasl.oauthbearer.clock.skew.seconds = 30
	sasl.oauthbearer.expected.audience = null
	sasl.oauthbearer.expected.issuer = null
	sasl.oauthbearer.header.urlencode = false
	sasl.oauthbearer.jwks.endpoint.refresh.ms = 3600000
	sasl.oauthbearer.jwks.endpoint.retry.backoff.max.ms = 10000
	sasl.oauthbearer.jwks.endpoint.retry.backoff.ms = 100
	sasl.oauthbearer.jwks.endpoint.url = null
	sasl.oauthbearer.scope.claim.name = scope
	sasl.oauthbearer.sub.claim.name = sub
	sasl.oauthbearer.token.endpoint.url = null
	security.protocol = PLAINTEXT
	security.providers = null
	send.buffer.bytes = 131072
	socket.connection.setup.timeout.max.ms = 30000
	socket.connection.setup.timeout.ms = 10000
	ssl.cipher.suites = null
	ssl.enabled.protocols = [TLSv1.2, TLSv1.3]
	ssl.endpoint.identification.algorithm = https
	ssl.engine.factory.class = null
	ssl.key.password = null
	ssl.keymanager.algorithm = SunX509
	ssl.keystore.certificate.chain = null
	ssl.keystore.key = null
	ssl.keystore.location = null
	ssl.keystore.password = null
	ssl.keystore.type = JKS
	ssl.protocol = TLSv1.3
	ssl.provider = null
	ssl.secure.random.implementation = null
	ssl.trustmanager.algorithm = PKIX
	ssl.truststore.certificates = null
	ssl.truststore.location = null
	ssl.truststore.password = null
	ssl.truststore.type = JKS
	transaction.timeout.ms = 60000
	transactional.id = null
	value.serializer = class io.apicurio.registry.serde.avro.AvroKafkaSerializer

2025-08-07 12:26:01,819 INFO  [org.apa.kaf.com.tel.int.KafkaMetricsCollector] (main) initializing Kafka metrics collector
2025-08-07 12:26:01,827 INFO  [org.apa.kaf.cli.pro.KafkaProducer] (main) [Producer clientId=Producer-topic-71a8f9c9_1f3e_4f2c_8602_89a8da2da31a] Instantiated an idempotent producer.
2025-08-07 12:26:01,829 INFO  [org.apa.kaf.cli.pro.ProducerConfig] (main) These configurations '[apicurio.registry.url, apicurio.registry.artifact-resolver-strategy]' were supplied but are not used yet.
2025-08-07 12:26:01,829 INFO  [org.apa.kaf.com.uti.AppInfoParser] (main) Kafka version: 3.9.1
2025-08-07 12:26:01,829 INFO  [org.apa.kaf.com.uti.AppInfoParser] (main) Kafka commitId: f745dfdcee2b9851
2025-08-07 12:26:01,829 INFO  [org.apa.kaf.com.uti.AppInfoParser] (main) Kafka startTimeMs: 1754569561829
2025-08-07 12:26:01,830 INFO  [io.api.tes.ser.api.KafkaSerdesTester] (Thread-688) Sending message {"key11754569549550": "value-0", "key21754569554791": "value-0"} to topic topic-71a8f9c9_1f3e_4f2c_8602_89a8da2da31a
2025-08-07 12:26:01,834 INFO  [org.apa.kaf.cli.Metadata] (kafka-producer-network-thread | Producer-topic-71a8f9c9_1f3e_4f2c_8602_89a8da2da31a) [Producer clientId=Producer-topic-71a8f9c9_1f3e_4f2c_8602_89a8da2da31a] Cluster ID: w_73WABzQ2iBfYWfnNB4Cg
2025-08-07 12:26:01,834 INFO  [DefaultSchemaResolver] (Thread-688) Retrieving schema content using string: {"type":"record","name":"sc161074fxc47ax4cf7xa269xe9620bcac5f6","namespace":"ns_f0091659_c4d8_47be_8fb7_bc0834b06b95","fields":[{"name":"key11754569549550","type":"string"},{"name":"key21754569554791","type":"string"}]}
2025-08-07 12:26:01,835 INFO  [org.apa.kaf.cli.pro.int.TransactionManager] (kafka-producer-network-thread | Producer-topic-71a8f9c9_1f3e_4f2c_8602_89a8da2da31a) [Producer clientId=Producer-topic-71a8f9c9_1f3e_4f2c_8602_89a8da2da31a] ProducerId set to 16 with epoch 0
2025-08-07 12:26:01,997 INFO  [io.api.tes.ser.api.KafkaSerdesTester] (Thread-688) Sending message {"key11754569549550": "value-1", "key21754569554791": "value-1"} to topic topic-71a8f9c9_1f3e_4f2c_8602_89a8da2da31a
2025-08-07 12:26:02,002 INFO  [io.api.tes.ser.api.KafkaSerdesTester] (Thread-688) Sending message {"key11754569549550": "value-2", "key21754569554791": "value-2"} to topic topic-71a8f9c9_1f3e_4f2c_8602_89a8da2da31a
2025-08-07 12:26:02,008 INFO  [io.api.tes.ser.api.KafkaSerdesTester] (Thread-688) Sending message {"key11754569549550": "value-3", "key21754569554791": "value-3"} to topic topic-71a8f9c9_1f3e_4f2c_8602_89a8da2da31a
2025-08-07 12:26:02,010 INFO  [io.api.tes.ser.api.KafkaSerdesTester] (Thread-688) Sending message {"key11754569549550": "value-4", "key21754569554791": "value-4"} to topic topic-71a8f9c9_1f3e_4f2c_8602_89a8da2da31a
2025-08-07 12:26:02,013 INFO  [io.api.tes.ser.api.KafkaSerdesTester] (Thread-688) Sending message {"key11754569549550": "value-5", "key21754569554791": "value-5"} to topic topic-71a8f9c9_1f3e_4f2c_8602_89a8da2da31a
2025-08-07 12:26:02,015 INFO  [io.api.tes.ser.api.KafkaSerdesTester] (Thread-688) Sending message {"key11754569549550": "value-6", "key21754569554791": "value-6"} to topic topic-71a8f9c9_1f3e_4f2c_8602_89a8da2da31a
2025-08-07 12:26:02,023 INFO  [io.api.tes.ser.api.KafkaSerdesTester] (Thread-688) Sending message {"key11754569549550": "value-7", "key21754569554791": "value-7"} to topic topic-71a8f9c9_1f3e_4f2c_8602_89a8da2da31a
2025-08-07 12:26:02,031 INFO  [io.api.tes.ser.api.KafkaSerdesTester] (Thread-688) Sending message {"key11754569549550": "value-8", "key21754569554791": "value-8"} to topic topic-71a8f9c9_1f3e_4f2c_8602_89a8da2da31a
2025-08-07 12:26:02,038 INFO  [io.api.tes.ser.api.KafkaSerdesTester] (Thread-688) Sending message {"key11754569549550": "value-9", "key21754569554791": "value-9"} to topic topic-71a8f9c9_1f3e_4f2c_8602_89a8da2da31a
2025-08-07 12:26:02,044 INFO  [io.api.tes.ser.api.KafkaSerdesTester] (Thread-688) Produced 10 messages
2025-08-07 12:26:02,044 INFO  [org.apa.kaf.cli.pro.KafkaProducer] (Thread-688) [Producer clientId=Producer-topic-71a8f9c9_1f3e_4f2c_8602_89a8da2da31a] Closing the Kafka producer with timeoutMillis = 9223372036854775807 ms.
2025-08-07 12:26:02,046 INFO  [org.apa.kaf.com.met.Metrics] (Thread-688) Metrics scheduler closed
2025-08-07 12:26:02,047 INFO  [org.apa.kaf.com.met.Metrics] (Thread-688) Closing reporter org.apache.kafka.common.metrics.JmxReporter
2025-08-07 12:26:02,047 INFO  [org.apa.kaf.com.met.Metrics] (Thread-688) Closing reporter org.apache.kafka.common.telemetry.internals.ClientTelemetryReporter
2025-08-07 12:26:02,047 INFO  [org.apa.kaf.com.met.Metrics] (Thread-688) Metrics reporters closed
2025-08-07 12:26:02,047 INFO  [org.apa.kaf.com.uti.AppInfoParser] (Thread-688) App info kafka.producer for Producer-topic-71a8f9c9_1f3e_4f2c_8602_89a8da2da31a unregistered
**** Registry Base URL: http://registry-app-mysql.apps.ci419.apicurio-testing.org:80
2025-08-07 12:26:02,048 INFO  [org.apa.kaf.cli.pro.ProducerConfig] (main) ProducerConfig values: 
	acks = -1
	auto.include.jmx.reporter = true
	batch.size = 16384
	bootstrap.servers = [PLAINTEXT://localhost:32769]
	buffer.memory = 33554432
	client.dns.lookup = use_all_dns_ips
	client.id = Producer-topic-71a8f9c9_1f3e_4f2c_8602_89a8da2da31a
	compression.gzip.level = -1
	compression.lz4.level = 9
	compression.type = none
	compression.zstd.level = 3
	connections.max.idle.ms = 10000
	delivery.timeout.ms = 120000
	enable.idempotence = true
	enable.metrics.push = true
	interceptor.classes = []
	key.serializer = class org.apache.kafka.common.serialization.StringSerializer
	linger.ms = 0
	max.block.ms = 60000
	max.in.flight.requests.per.connection = 5
	max.request.size = 1048576
	metadata.max.age.ms = 300000
	metadata.max.idle.ms = 300000
	metadata.recovery.strategy = none
	metric.reporters = []
	metrics.num.samples = 2
	metrics.recording.level = INFO
	metrics.sample.window.ms = 30000
	partitioner.adaptive.partitioning.enable = true
	partitioner.availability.timeout.ms = 0
	partitioner.class = null
	partitioner.ignore.keys = false
	receive.buffer.bytes = 32768
	reconnect.backoff.max.ms = 1000
	reconnect.backoff.ms = 50
	request.timeout.ms = 5000
	retries = 2147483647
	retry.backoff.max.ms = 1000
	retry.backoff.ms = 100
	sasl.client.callback.handler.class = null
	sasl.jaas.config = null
	sasl.kerberos.kinit.cmd = /usr/bin/kinit
	sasl.kerberos.min.time.before.relogin = 60000
	sasl.kerberos.service.name = null
	sasl.kerberos.ticket.renew.jitter = 0.05
	sasl.kerberos.ticket.renew.window.factor = 0.8
	sasl.login.callback.handler.class = null
	sasl.login.class = null
	sasl.login.connect.timeout.ms = null
	sasl.login.read.timeout.ms = null
	sasl.login.refresh.buffer.seconds = 300
	sasl.login.refresh.min.period.seconds = 60
	sasl.login.refresh.window.factor = 0.8
	sasl.login.refresh.window.jitter = 0.05
	sasl.login.retry.backoff.max.ms = 10000
	sasl.login.retry.backoff.ms = 100
	sasl.mechanism = GSSAPI
	sasl.oauthbearer.clock.skew.seconds = 30
	sasl.oauthbearer.expected.audience = null
	sasl.oauthbearer.expected.issuer = null
	sasl.oauthbearer.header.urlencode = false
	sasl.oauthbearer.jwks.endpoint.refresh.ms = 3600000
	sasl.oauthbearer.jwks.endpoint.retry.backoff.max.ms = 10000
	sasl.oauthbearer.jwks.endpoint.retry.backoff.ms = 100
	sasl.oauthbearer.jwks.endpoint.url = null
	sasl.oauthbearer.scope.claim.name = scope
	sasl.oauthbearer.sub.claim.name = sub
	sasl.oauthbearer.token.endpoint.url = null
	security.protocol = PLAINTEXT
	security.providers = null
	send.buffer.bytes = 131072
	socket.connection.setup.timeout.max.ms = 30000
	socket.connection.setup.timeout.ms = 10000
	ssl.cipher.suites = null
	ssl.enabled.protocols = [TLSv1.2, TLSv1.3]
	ssl.endpoint.identification.algorithm = https
	ssl.engine.factory.class = null
	ssl.key.password = null
	ssl.keymanager.algorithm = SunX509
	ssl.keystore.certificate.chain = null
	ssl.keystore.key = null
	ssl.keystore.location = null
	ssl.keystore.password = null
	ssl.keystore.type = JKS
	ssl.protocol = TLSv1.3
	ssl.provider = null
	ssl.secure.random.implementation = null
	ssl.trustmanager.algorithm = PKIX
	ssl.truststore.certificates = null
	ssl.truststore.location = null
	ssl.truststore.password = null
	ssl.truststore.type = JKS
	transaction.timeout.ms = 60000
	transactional.id = null
	value.serializer = class io.apicurio.registry.serde.avro.AvroKafkaSerializer

2025-08-07 12:26:02,048 INFO  [org.apa.kaf.com.tel.int.KafkaMetricsCollector] (main) initializing Kafka metrics collector
2025-08-07 12:26:02,054 INFO  [org.apa.kaf.cli.pro.KafkaProducer] (main) [Producer clientId=Producer-topic-71a8f9c9_1f3e_4f2c_8602_89a8da2da31a] Instantiated an idempotent producer.
2025-08-07 12:26:02,056 INFO  [org.apa.kaf.cli.pro.ProducerConfig] (main) These configurations '[apicurio.registry.url, apicurio.registry.artifact-resolver-strategy]' were supplied but are not used yet.
2025-08-07 12:26:02,056 INFO  [org.apa.kaf.com.uti.AppInfoParser] (main) Kafka version: 3.9.1
2025-08-07 12:26:02,056 INFO  [org.apa.kaf.com.uti.AppInfoParser] (main) Kafka commitId: f745dfdcee2b9851
2025-08-07 12:26:02,056 INFO  [org.apa.kaf.com.uti.AppInfoParser] (main) Kafka startTimeMs: 1754569562056
2025-08-07 12:26:02,060 INFO  [io.api.tes.ser.api.KafkaSerdesTester] (Thread-691) Sending message {"key11754569549550": "value-0"} to topic topic-71a8f9c9_1f3e_4f2c_8602_89a8da2da31a
2025-08-07 12:26:02,062 INFO  [org.apa.kaf.cli.Metadata] (kafka-producer-network-thread | Producer-topic-71a8f9c9_1f3e_4f2c_8602_89a8da2da31a) [Producer clientId=Producer-topic-71a8f9c9_1f3e_4f2c_8602_89a8da2da31a] Cluster ID: w_73WABzQ2iBfYWfnNB4Cg
2025-08-07 12:26:02,063 INFO  [DefaultSchemaResolver] (Thread-691) Retrieving schema content using string: {"type":"record","name":"sc161074fxc47ax4cf7xa269xe9620bcac5f6","namespace":"ns_f0091659_c4d8_47be_8fb7_bc0834b06b95","fields":[{"name":"key11754569549550","type":"string"}]}
2025-08-07 12:26:02,063 INFO  [org.apa.kaf.cli.pro.int.TransactionManager] (kafka-producer-network-thread | Producer-topic-71a8f9c9_1f3e_4f2c_8602_89a8da2da31a) [Producer clientId=Producer-topic-71a8f9c9_1f3e_4f2c_8602_89a8da2da31a] ProducerId set to 17 with epoch 0
2025-08-07 12:26:02,244 INFO  [io.api.tes.ser.api.KafkaSerdesTester] (Thread-691) Sending message {"key11754569549550": "value-1"} to topic topic-71a8f9c9_1f3e_4f2c_8602_89a8da2da31a
2025-08-07 12:26:02,246 INFO  [io.api.tes.ser.api.KafkaSerdesTester] (Thread-691) Sending message {"key11754569549550": "value-2"} to topic topic-71a8f9c9_1f3e_4f2c_8602_89a8da2da31a
2025-08-07 12:26:02,249 INFO  [io.api.tes.ser.api.KafkaSerdesTester] (Thread-691) Sending message {"key11754569549550": "value-3"} to topic topic-71a8f9c9_1f3e_4f2c_8602_89a8da2da31a
2025-08-07 12:26:02,250 INFO  [io.api.tes.ser.api.KafkaSerdesTester] (Thread-691) Sending message {"key11754569549550": "value-4"} to topic topic-71a8f9c9_1f3e_4f2c_8602_89a8da2da31a
2025-08-07 12:26:02,251 INFO  [io.api.tes.ser.api.KafkaSerdesTester] (Thread-691) Sending message {"key11754569549550": "value-5"} to topic topic-71a8f9c9_1f3e_4f2c_8602_89a8da2da31a
2025-08-07 12:26:02,252 INFO  [io.api.tes.ser.api.KafkaSerdesTester] (Thread-691) Sending message {"key11754569549550": "value-6"} to topic topic-71a8f9c9_1f3e_4f2c_8602_89a8da2da31a
2025-08-07 12:26:02,253 INFO  [io.api.tes.ser.api.KafkaSerdesTester] (Thread-691) Sending message {"key11754569549550": "value-7"} to topic topic-71a8f9c9_1f3e_4f2c_8602_89a8da2da31a
2025-08-07 12:26:02,254 INFO  [io.api.tes.ser.api.KafkaSerdesTester] (Thread-691) Sending message {"key11754569549550": "value-8"} to topic topic-71a8f9c9_1f3e_4f2c_8602_89a8da2da31a
2025-08-07 12:26:02,255 INFO  [io.api.tes.ser.api.KafkaSerdesTester] (Thread-691) Sending message {"key11754569549550": "value-9"} to topic topic-71a8f9c9_1f3e_4f2c_8602_89a8da2da31a
2025-08-07 12:26:02,257 INFO  [io.api.tes.ser.api.KafkaSerdesTester] (Thread-691) Produced 10 messages
2025-08-07 12:26:02,257 INFO  [org.apa.kaf.cli.pro.KafkaProducer] (Thread-691) [Producer clientId=Producer-topic-71a8f9c9_1f3e_4f2c_8602_89a8da2da31a] Closing the Kafka producer with timeoutMillis = 9223372036854775807 ms.
2025-08-07 12:26:02,258 INFO  [org.apa.kaf.com.met.Metrics] (Thread-691) Metrics scheduler closed
2025-08-07 12:26:02,258 INFO  [org.apa.kaf.com.met.Metrics] (Thread-691) Closing reporter org.apache.kafka.common.metrics.JmxReporter
2025-08-07 12:26:02,258 INFO  [org.apa.kaf.com.met.Metrics] (Thread-691) Closing reporter org.apache.kafka.common.telemetry.internals.ClientTelemetryReporter
2025-08-07 12:26:02,258 INFO  [org.apa.kaf.com.met.Metrics] (Thread-691) Metrics reporters closed
2025-08-07 12:26:02,259 INFO  [org.apa.kaf.com.uti.AppInfoParser] (Thread-691) App info kafka.producer for Producer-topic-71a8f9c9_1f3e_4f2c_8602_89a8da2da31a unregistered
**** Registry Base URL: http://registry-app-mysql.apps.ci419.apicurio-testing.org:80
2025-08-07 12:26:02,259 INFO  [org.apa.kaf.cli.con.ConsumerConfig] (main) ConsumerConfig values: 
	allow.auto.create.topics = true
	auto.commit.interval.ms = 500
	auto.include.jmx.reporter = true
	auto.offset.reset = earliest
	bootstrap.servers = [PLAINTEXT://localhost:32769]
	check.crcs = true
	client.dns.lookup = use_all_dns_ips
	client.id = consumer-Consumer-topic-71a8f9c9_1f3e_4f2c_8602_89a8da2da31a-12
	client.rack = 
	connections.max.idle.ms = 10000
	default.api.timeout.ms = 60000
	enable.auto.commit = true
	enable.metrics.push = true
	exclude.internal.topics = true
	fetch.max.bytes = 52428800
	fetch.max.wait.ms = 500
	fetch.min.bytes = 1
	group.id = Consumer-topic-71a8f9c9_1f3e_4f2c_8602_89a8da2da31a
	group.instance.id = null
	group.protocol = classic
	group.remote.assignor = null
	heartbeat.interval.ms = 3000
	interceptor.classes = []
	internal.leave.group.on.close = true
	internal.throw.on.fetch.stable.offset.unsupported = false
	isolation.level = read_uncommitted
	key.deserializer = class org.apache.kafka.common.serialization.StringDeserializer
	max.partition.fetch.bytes = 1048576
	max.poll.interval.ms = 300000
	max.poll.records = 500
	metadata.max.age.ms = 300000
	metadata.recovery.strategy = none
	metric.reporters = []
	metrics.num.samples = 2
	metrics.recording.level = INFO
	metrics.sample.window.ms = 30000
	partition.assignment.strategy = [class org.apache.kafka.clients.consumer.RangeAssignor, class org.apache.kafka.clients.consumer.CooperativeStickyAssignor]
	receive.buffer.bytes = 65536
	reconnect.backoff.max.ms = 1000
	reconnect.backoff.ms = 50
	request.timeout.ms = 5000
	retry.backoff.max.ms = 1000
	retry.backoff.ms = 100
	sasl.client.callback.handler.class = null
	sasl.jaas.config = null
	sasl.kerberos.kinit.cmd = /usr/bin/kinit
	sasl.kerberos.min.time.before.relogin = 60000
	sasl.kerberos.service.name = null
	sasl.kerberos.ticket.renew.jitter = 0.05
	sasl.kerberos.ticket.renew.window.factor = 0.8
	sasl.login.callback.handler.class = null
	sasl.login.class = null
	sasl.login.connect.timeout.ms = null
	sasl.login.read.timeout.ms = null
	sasl.login.refresh.buffer.seconds = 300
	sasl.login.refresh.min.period.seconds = 60
	sasl.login.refresh.window.factor = 0.8
	sasl.login.refresh.window.jitter = 0.05
	sasl.login.retry.backoff.max.ms = 10000
	sasl.login.retry.backoff.ms = 100
	sasl.mechanism = GSSAPI
	sasl.oauthbearer.clock.skew.seconds = 30
	sasl.oauthbearer.expected.audience = null
	sasl.oauthbearer.expected.issuer = null
	sasl.oauthbearer.header.urlencode = false
	sasl.oauthbearer.jwks.endpoint.refresh.ms = 3600000
	sasl.oauthbearer.jwks.endpoint.retry.backoff.max.ms = 10000
	sasl.oauthbearer.jwks.endpoint.retry.backoff.ms = 100
	sasl.oauthbearer.jwks.endpoint.url = null
	sasl.oauthbearer.scope.claim.name = scope
	sasl.oauthbearer.sub.claim.name = sub
	sasl.oauthbearer.token.endpoint.url = null
	security.protocol = PLAINTEXT
	security.providers = null
	send.buffer.bytes = 131072
	session.timeout.ms = 45000
	socket.connection.setup.timeout.max.ms = 30000
	socket.connection.setup.timeout.ms = 10000
	ssl.cipher.suites = null
	ssl.enabled.protocols = [TLSv1.2, TLSv1.3]
	ssl.endpoint.identification.algorithm = https
	ssl.engine.factory.class = null
	ssl.key.password = null
	ssl.keymanager.algorithm = SunX509
	ssl.keystore.certificate.chain = null
	ssl.keystore.key = null
	ssl.keystore.location = null
	ssl.keystore.password = null
	ssl.keystore.type = JKS
	ssl.protocol = TLSv1.3
	ssl.provider = null
	ssl.secure.random.implementation = null
	ssl.trustmanager.algorithm = PKIX
	ssl.truststore.certificates = null
	ssl.truststore.location = null
	ssl.truststore.password = null
	ssl.truststore.type = JKS
	value.deserializer = class io.apicurio.registry.serde.avro.AvroKafkaDeserializer

2025-08-07 12:26:02,259 INFO  [org.apa.kaf.com.tel.int.KafkaMetricsCollector] (main) initializing Kafka metrics collector
2025-08-07 12:26:02,267 INFO  [org.apa.kaf.cli.con.ConsumerConfig] (main) These configurations '[apicurio.registry.url]' were supplied but are not used yet.
2025-08-07 12:26:02,267 INFO  [org.apa.kaf.com.uti.AppInfoParser] (main) Kafka version: 3.9.1
2025-08-07 12:26:02,267 INFO  [org.apa.kaf.com.uti.AppInfoParser] (main) Kafka commitId: f745dfdcee2b9851
2025-08-07 12:26:02,267 INFO  [org.apa.kaf.com.uti.AppInfoParser] (main) Kafka startTimeMs: 1754569562267
2025-08-07 12:26:02,267 INFO  [org.apa.kaf.cli.con.int.ClassicKafkaConsumer] (Thread-694) [Consumer clientId=consumer-Consumer-topic-71a8f9c9_1f3e_4f2c_8602_89a8da2da31a-12, groupId=Consumer-topic-71a8f9c9_1f3e_4f2c_8602_89a8da2da31a] Subscribed to topic(s): topic-71a8f9c9_1f3e_4f2c_8602_89a8da2da31a
2025-08-07 12:26:02,271 INFO  [org.apa.kaf.cli.Metadata] (Thread-694) [Consumer clientId=consumer-Consumer-topic-71a8f9c9_1f3e_4f2c_8602_89a8da2da31a-12, groupId=Consumer-topic-71a8f9c9_1f3e_4f2c_8602_89a8da2da31a] Cluster ID: w_73WABzQ2iBfYWfnNB4Cg
2025-08-07 12:26:02,272 INFO  [org.apa.kaf.cli.con.int.ConsumerCoordinator] (Thread-694) [Consumer clientId=consumer-Consumer-topic-71a8f9c9_1f3e_4f2c_8602_89a8da2da31a-12, groupId=Consumer-topic-71a8f9c9_1f3e_4f2c_8602_89a8da2da31a] Discovered group coordinator localhost:32769 (id: 2147483647 rack: null)
2025-08-07 12:26:02,273 INFO  [org.apa.kaf.cli.con.int.ConsumerCoordinator] (Thread-694) [Consumer clientId=consumer-Consumer-topic-71a8f9c9_1f3e_4f2c_8602_89a8da2da31a-12, groupId=Consumer-topic-71a8f9c9_1f3e_4f2c_8602_89a8da2da31a] (Re-)joining group
2025-08-07 12:26:02,275 INFO  [org.apa.kaf.cli.con.int.ConsumerCoordinator] (Thread-694) [Consumer clientId=consumer-Consumer-topic-71a8f9c9_1f3e_4f2c_8602_89a8da2da31a-12, groupId=Consumer-topic-71a8f9c9_1f3e_4f2c_8602_89a8da2da31a] Request joining group due to: need to re-join with the given member-id: consumer-Consumer-topic-71a8f9c9_1f3e_4f2c_8602_89a8da2da31a-12-1550e9f7-f5bc-4656-b76e-ad09f77d40d4
2025-08-07 12:26:02,275 INFO  [org.apa.kaf.cli.con.int.ConsumerCoordinator] (Thread-694) [Consumer clientId=consumer-Consumer-topic-71a8f9c9_1f3e_4f2c_8602_89a8da2da31a-12, groupId=Consumer-topic-71a8f9c9_1f3e_4f2c_8602_89a8da2da31a] (Re-)joining group
2025-08-07 12:26:03,267 INFO  [io.api.tes.ser.api.KafkaSerdesTester] (Thread-694) None found
2025-08-07 12:26:04,267 INFO  [io.api.tes.ser.api.KafkaSerdesTester] (Thread-694) None found
2025-08-07 12:26:05,267 INFO  [io.api.tes.ser.api.KafkaSerdesTester] (Thread-694) None found
2025-08-07 12:26:05,278 INFO  [org.apa.kaf.cli.con.int.ConsumerCoordinator] (Thread-694) [Consumer clientId=consumer-Consumer-topic-71a8f9c9_1f3e_4f2c_8602_89a8da2da31a-12, groupId=Consumer-topic-71a8f9c9_1f3e_4f2c_8602_89a8da2da31a] Successfully joined group with generation Generation{generationId=5, memberId='consumer-Consumer-topic-71a8f9c9_1f3e_4f2c_8602_89a8da2da31a-12-1550e9f7-f5bc-4656-b76e-ad09f77d40d4', protocol='range'}
2025-08-07 12:26:05,279 INFO  [org.apa.kaf.cli.con.int.ConsumerCoordinator] (Thread-694) [Consumer clientId=consumer-Consumer-topic-71a8f9c9_1f3e_4f2c_8602_89a8da2da31a-12, groupId=Consumer-topic-71a8f9c9_1f3e_4f2c_8602_89a8da2da31a] Finished assignment for group at generation 5: {consumer-Consumer-topic-71a8f9c9_1f3e_4f2c_8602_89a8da2da31a-12-1550e9f7-f5bc-4656-b76e-ad09f77d40d4=Assignment(partitions=[topic-71a8f9c9_1f3e_4f2c_8602_89a8da2da31a-0])}
2025-08-07 12:26:05,285 INFO  [org.apa.kaf.cli.con.int.ConsumerCoordinator] (Thread-694) [Consumer clientId=consumer-Consumer-topic-71a8f9c9_1f3e_4f2c_8602_89a8da2da31a-12, groupId=Consumer-topic-71a8f9c9_1f3e_4f2c_8602_89a8da2da31a] Successfully synced group in generation Generation{generationId=5, memberId='consumer-Consumer-topic-71a8f9c9_1f3e_4f2c_8602_89a8da2da31a-12-1550e9f7-f5bc-4656-b76e-ad09f77d40d4', protocol='range'}
2025-08-07 12:26:05,285 INFO  [org.apa.kaf.cli.con.int.ConsumerCoordinator] (Thread-694) [Consumer clientId=consumer-Consumer-topic-71a8f9c9_1f3e_4f2c_8602_89a8da2da31a-12, groupId=Consumer-topic-71a8f9c9_1f3e_4f2c_8602_89a8da2da31a] Notifying assignor about the new Assignment(partitions=[topic-71a8f9c9_1f3e_4f2c_8602_89a8da2da31a-0])
2025-08-07 12:26:05,285 INFO  [org.apa.kaf.cli.con.int.ConsumerRebalanceListenerInvoker] (Thread-694) [Consumer clientId=consumer-Consumer-topic-71a8f9c9_1f3e_4f2c_8602_89a8da2da31a-12, groupId=Consumer-topic-71a8f9c9_1f3e_4f2c_8602_89a8da2da31a] Adding newly assigned partitions: topic-71a8f9c9_1f3e_4f2c_8602_89a8da2da31a-0
2025-08-07 12:26:05,286 INFO  [org.apa.kaf.cli.con.int.ConsumerUtils] (Thread-694) Setting offset for partition topic-71a8f9c9_1f3e_4f2c_8602_89a8da2da31a-0 to the committed offset FetchPosition{offset=30, offsetEpoch=Optional[0], currentLeader=LeaderAndEpoch{leader=Optional[localhost:32769 (id: 0 rack: null)], epoch=0}}
2025-08-07 12:26:05,896 INFO  [io.api.tes.ser.api.KafkaSerdesTester] (Thread-694) topic-71a8f9c9_1f3e_4f2c_8602_89a8da2da31a 0 30 {"key11754569549550": "value-0", "key21754569554791": "value-0", "key31754569560405": "value-0"}
2025-08-07 12:26:05,896 INFO  [io.api.tes.ser.api.KafkaSerdesTester] (Thread-694) topic-71a8f9c9_1f3e_4f2c_8602_89a8da2da31a 0 31 {"key11754569549550": "value-1", "key21754569554791": "value-1", "key31754569560405": "value-1"}
2025-08-07 12:26:05,896 INFO  [io.api.tes.ser.api.KafkaSerdesTester] (Thread-694) topic-71a8f9c9_1f3e_4f2c_8602_89a8da2da31a 0 32 {"key11754569549550": "value-2", "key21754569554791": "value-2", "key31754569560405": "value-2"}
2025-08-07 12:26:05,896 INFO  [io.api.tes.ser.api.KafkaSerdesTester] (Thread-694) topic-71a8f9c9_1f3e_4f2c_8602_89a8da2da31a 0 33 {"key11754569549550": "value-3", "key21754569554791": "value-3", "key31754569560405": "value-3"}
2025-08-07 12:26:05,896 INFO  [io.api.tes.ser.api.KafkaSerdesTester] (Thread-694) topic-71a8f9c9_1f3e_4f2c_8602_89a8da2da31a 0 34 {"key11754569549550": "value-4", "key21754569554791": "value-4", "key31754569560405": "value-4"}
2025-08-07 12:26:05,896 INFO  [io.api.tes.ser.api.KafkaSerdesTester] (Thread-694) topic-71a8f9c9_1f3e_4f2c_8602_89a8da2da31a 0 35 {"key11754569549550": "value-5", "key21754569554791": "value-5", "key31754569560405": "value-5"}
2025-08-07 12:26:05,896 INFO  [io.api.tes.ser.api.KafkaSerdesTester] (Thread-694) topic-71a8f9c9_1f3e_4f2c_8602_89a8da2da31a 0 36 {"key11754569549550": "value-6", "key21754569554791": "value-6", "key31754569560405": "value-6"}
2025-08-07 12:26:05,897 INFO  [io.api.tes.ser.api.KafkaSerdesTester] (Thread-694) topic-71a8f9c9_1f3e_4f2c_8602_89a8da2da31a 0 37 {"key11754569549550": "value-7", "key21754569554791": "value-7", "key31754569560405": "value-7"}
2025-08-07 12:26:05,897 INFO  [io.api.tes.ser.api.KafkaSerdesTester] (Thread-694) topic-71a8f9c9_1f3e_4f2c_8602_89a8da2da31a 0 38 {"key11754569549550": "value-8", "key21754569554791": "value-8", "key31754569560405": "value-8"}
2025-08-07 12:26:05,897 INFO  [io.api.tes.ser.api.KafkaSerdesTester] (Thread-694) topic-71a8f9c9_1f3e_4f2c_8602_89a8da2da31a 0 39 {"key11754569549550": "value-9", "key21754569554791": "value-9", "key31754569560405": "value-9"}
2025-08-07 12:26:05,897 INFO  [io.api.tes.ser.api.KafkaSerdesTester] (Thread-694) topic-71a8f9c9_1f3e_4f2c_8602_89a8da2da31a 0 40 {"key11754569549550": "value-0", "key21754569554791": "value-0"}
2025-08-07 12:26:05,897 INFO  [io.api.tes.ser.api.KafkaSerdesTester] (Thread-694) topic-71a8f9c9_1f3e_4f2c_8602_89a8da2da31a 0 41 {"key11754569549550": "value-1", "key21754569554791": "value-1"}
2025-08-07 12:26:05,897 INFO  [io.api.tes.ser.api.KafkaSerdesTester] (Thread-694) topic-71a8f9c9_1f3e_4f2c_8602_89a8da2da31a 0 42 {"key11754569549550": "value-2", "key21754569554791": "value-2"}
2025-08-07 12:26:05,897 INFO  [io.api.tes.ser.api.KafkaSerdesTester] (Thread-694) topic-71a8f9c9_1f3e_4f2c_8602_89a8da2da31a 0 43 {"key11754569549550": "value-3", "key21754569554791": "value-3"}
2025-08-07 12:26:05,897 INFO  [io.api.tes.ser.api.KafkaSerdesTester] (Thread-694) topic-71a8f9c9_1f3e_4f2c_8602_89a8da2da31a 0 44 {"key11754569549550": "value-4", "key21754569554791": "value-4"}
2025-08-07 12:26:05,897 INFO  [io.api.tes.ser.api.KafkaSerdesTester] (Thread-694) topic-71a8f9c9_1f3e_4f2c_8602_89a8da2da31a 0 45 {"key11754569549550": "value-5", "key21754569554791": "value-5"}
2025-08-07 12:26:05,897 INFO  [io.api.tes.ser.api.KafkaSerdesTester] (Thread-694) topic-71a8f9c9_1f3e_4f2c_8602_89a8da2da31a 0 46 {"key11754569549550": "value-6", "key21754569554791": "value-6"}
2025-08-07 12:26:05,897 INFO  [io.api.tes.ser.api.KafkaSerdesTester] (Thread-694) topic-71a8f9c9_1f3e_4f2c_8602_89a8da2da31a 0 47 {"key11754569549550": "value-7", "key21754569554791": "value-7"}
2025-08-07 12:26:05,897 INFO  [io.api.tes.ser.api.KafkaSerdesTester] (Thread-694) topic-71a8f9c9_1f3e_4f2c_8602_89a8da2da31a 0 48 {"key11754569549550": "value-8", "key21754569554791": "value-8"}
2025-08-07 12:26:05,897 INFO  [io.api.tes.ser.api.KafkaSerdesTester] (Thread-694) topic-71a8f9c9_1f3e_4f2c_8602_89a8da2da31a 0 49 {"key11754569549550": "value-9", "key21754569554791": "value-9"}
2025-08-07 12:26:05,897 INFO  [io.api.tes.ser.api.KafkaSerdesTester] (Thread-694) topic-71a8f9c9_1f3e_4f2c_8602_89a8da2da31a 0 50 {"key11754569549550": "value-0"}
2025-08-07 12:26:05,897 INFO  [io.api.tes.ser.api.KafkaSerdesTester] (Thread-694) topic-71a8f9c9_1f3e_4f2c_8602_89a8da2da31a 0 51 {"key11754569549550": "value-1"}
2025-08-07 12:26:05,897 INFO  [io.api.tes.ser.api.KafkaSerdesTester] (Thread-694) topic-71a8f9c9_1f3e_4f2c_8602_89a8da2da31a 0 52 {"key11754569549550": "value-2"}
2025-08-07 12:26:05,897 INFO  [io.api.tes.ser.api.KafkaSerdesTester] (Thread-694) topic-71a8f9c9_1f3e_4f2c_8602_89a8da2da31a 0 53 {"key11754569549550": "value-3"}
2025-08-07 12:26:05,897 INFO  [io.api.tes.ser.api.KafkaSerdesTester] (Thread-694) topic-71a8f9c9_1f3e_4f2c_8602_89a8da2da31a 0 54 {"key11754569549550": "value-4"}
2025-08-07 12:26:05,897 INFO  [io.api.tes.ser.api.KafkaSerdesTester] (Thread-694) topic-71a8f9c9_1f3e_4f2c_8602_89a8da2da31a 0 55 {"key11754569549550": "value-5"}
2025-08-07 12:26:05,897 INFO  [io.api.tes.ser.api.KafkaSerdesTester] (Thread-694) topic-71a8f9c9_1f3e_4f2c_8602_89a8da2da31a 0 56 {"key11754569549550": "value-6"}
2025-08-07 12:26:05,897 INFO  [io.api.tes.ser.api.KafkaSerdesTester] (Thread-694) topic-71a8f9c9_1f3e_4f2c_8602_89a8da2da31a 0 57 {"key11754569549550": "value-7"}
2025-08-07 12:26:05,897 INFO  [io.api.tes.ser.api.KafkaSerdesTester] (Thread-694) topic-71a8f9c9_1f3e_4f2c_8602_89a8da2da31a 0 58 {"key11754569549550": "value-8"}
2025-08-07 12:26:05,897 INFO  [io.api.tes.ser.api.KafkaSerdesTester] (Thread-694) topic-71a8f9c9_1f3e_4f2c_8602_89a8da2da31a 0 59 {"key11754569549550": "value-9"}
2025-08-07 12:26:05,897 INFO  [io.api.tes.ser.api.KafkaSerdesTester] (Thread-694) Consumed 30 messages
2025-08-07 12:26:05,904 INFO  [org.apa.kaf.cli.con.int.ConsumerRebalanceListenerInvoker] (Thread-694) [Consumer clientId=consumer-Consumer-topic-71a8f9c9_1f3e_4f2c_8602_89a8da2da31a-12, groupId=Consumer-topic-71a8f9c9_1f3e_4f2c_8602_89a8da2da31a] Revoke previously assigned partitions topic-71a8f9c9_1f3e_4f2c_8602_89a8da2da31a-0
2025-08-07 12:26:05,904 INFO  [org.apa.kaf.cli.con.int.ConsumerCoordinator] (Thread-694) [Consumer clientId=consumer-Consumer-topic-71a8f9c9_1f3e_4f2c_8602_89a8da2da31a-12, groupId=Consumer-topic-71a8f9c9_1f3e_4f2c_8602_89a8da2da31a] Member consumer-Consumer-topic-71a8f9c9_1f3e_4f2c_8602_89a8da2da31a-12-1550e9f7-f5bc-4656-b76e-ad09f77d40d4 sending LeaveGroup request to coordinator localhost:32769 (id: 2147483647 rack: null) due to the consumer is being closed
2025-08-07 12:26:05,904 INFO  [org.apa.kaf.cli.con.int.ConsumerCoordinator] (Thread-694) [Consumer clientId=consumer-Consumer-topic-71a8f9c9_1f3e_4f2c_8602_89a8da2da31a-12, groupId=Consumer-topic-71a8f9c9_1f3e_4f2c_8602_89a8da2da31a] Resetting generation and member id due to: consumer pro-actively leaving the group
2025-08-07 12:26:05,904 INFO  [org.apa.kaf.cli.con.int.ConsumerCoordinator] (Thread-694) [Consumer clientId=consumer-Consumer-topic-71a8f9c9_1f3e_4f2c_8602_89a8da2da31a-12, groupId=Consumer-topic-71a8f9c9_1f3e_4f2c_8602_89a8da2da31a] Request joining group due to: consumer pro-actively leaving the group
2025-08-07 12:26:06,399 INFO  [org.apa.kaf.com.met.Metrics] (Thread-694) Metrics scheduler closed
2025-08-07 12:26:06,399 INFO  [org.apa.kaf.com.met.Metrics] (Thread-694) Closing reporter org.apache.kafka.common.metrics.JmxReporter
2025-08-07 12:26:06,399 INFO  [org.apa.kaf.com.met.Metrics] (Thread-694) Closing reporter org.apache.kafka.common.telemetry.internals.ClientTelemetryReporter
2025-08-07 12:26:06,399 INFO  [org.apa.kaf.com.met.Metrics] (Thread-694) Metrics reporters closed
2025-08-07 12:26:06,402 INFO  [org.apa.kaf.com.uti.AppInfoParser] (Thread-694) App info kafka.consumer for consumer-Consumer-topic-71a8f9c9_1f3e_4f2c_8602_89a8da2da31a-12 unregistered
2025-08-07 12:26:06,402 INFO  [org.apa.kaf.cli.pro.KafkaProducer] (main) [Producer clientId=Producer-topic-71a8f9c9_1f3e_4f2c_8602_89a8da2da31a] Closing the Kafka producer with timeoutMillis = 9223372036854775807 ms.
2025-08-07 12:26:06,403 INFO  [org.apa.kaf.com.met.Metrics] (main) Metrics scheduler closed
2025-08-07 12:26:06,403 INFO  [org.apa.kaf.com.met.Metrics] (main) Closing reporter org.apache.kafka.common.metrics.JmxReporter
2025-08-07 12:26:06,403 INFO  [org.apa.kaf.com.met.Metrics] (main) Closing reporter org.apache.kafka.common.telemetry.internals.ClientTelemetryReporter
2025-08-07 12:26:06,403 INFO  [org.apa.kaf.com.met.Metrics] (main) Metrics reporters closed
2025-08-07 12:26:06,403 INFO  [org.apa.kaf.com.uti.AppInfoParser] (main) App info kafka.producer for Producer-topic-71a8f9c9_1f3e_4f2c_8602_89a8da2da31a unregistered
2025-08-07 12:26:06,403 INFO  [io.api.tes.uti.TestSeparator] (main) io.apicurio.tests.serdes.apicurio.AvroSerdeIT.testEvolveAvroApicurio-FINISHED
2025-08-07 12:26:06,404 INFO  [io.api.tes.uti.TestSeparator] (main) ############################################################################
Test passed: testEvolveAvroApicurio
]]></system-out>
  </testcase>
  <testcase name="testTopicRecordIdStrategydFindLatest" classname="io.apicurio.tests.serdes.apicurio.AvroSerdeIT" time="5.418">
    <system-out><![CDATA[2025-08-07 12:26:06,407 INFO  [io.api.tes.uti.TestSeparator] (main) ############################################################################
2025-08-07 12:26:06,407 INFO  [io.api.tes.uti.TestSeparator] (main) io.apicurio.tests.serdes.apicurio.AvroSerdeIT.testTopicRecordIdStrategydFindLatest-STARTED
2025-08-07 12:26:06,410 INFO  [io.api.tes.ser.api.AvroSerdeIT] (main) Registering Avro Schema: {"type":"record","name":"s0c8914cbxe13cx4034xa22ax8072232760e7","namespace":"s202f6b61xd14ex457fxa017xa8f2a3bf72ae","fields":[{"name":"key11754569566409","type":"string"}]}
**** Registry Base URL: http://registry-app-mysql.apps.ci419.apicurio-testing.org:80
2025-08-07 12:26:07,615 INFO  [org.apa.kaf.cli.pro.ProducerConfig] (main) ProducerConfig values: 
	acks = -1
	auto.include.jmx.reporter = true
	batch.size = 16384
	bootstrap.servers = [PLAINTEXT://localhost:32769]
	buffer.memory = 33554432
	client.dns.lookup = use_all_dns_ips
	client.id = Producer-topic-1cc72db7_ef2c_405b_ac2f_52be50e24975
	compression.gzip.level = -1
	compression.lz4.level = 9
	compression.type = none
	compression.zstd.level = 3
	connections.max.idle.ms = 10000
	delivery.timeout.ms = 120000
	enable.idempotence = true
	enable.metrics.push = true
	interceptor.classes = []
	key.serializer = class org.apache.kafka.common.serialization.StringSerializer
	linger.ms = 0
	max.block.ms = 60000
	max.in.flight.requests.per.connection = 5
	max.request.size = 1048576
	metadata.max.age.ms = 300000
	metadata.max.idle.ms = 300000
	metadata.recovery.strategy = none
	metric.reporters = []
	metrics.num.samples = 2
	metrics.recording.level = INFO
	metrics.sample.window.ms = 30000
	partitioner.adaptive.partitioning.enable = true
	partitioner.availability.timeout.ms = 0
	partitioner.class = null
	partitioner.ignore.keys = false
	receive.buffer.bytes = 32768
	reconnect.backoff.max.ms = 1000
	reconnect.backoff.ms = 50
	request.timeout.ms = 5000
	retries = 2147483647
	retry.backoff.max.ms = 1000
	retry.backoff.ms = 100
	sasl.client.callback.handler.class = null
	sasl.jaas.config = null
	sasl.kerberos.kinit.cmd = /usr/bin/kinit
	sasl.kerberos.min.time.before.relogin = 60000
	sasl.kerberos.service.name = null
	sasl.kerberos.ticket.renew.jitter = 0.05
	sasl.kerberos.ticket.renew.window.factor = 0.8
	sasl.login.callback.handler.class = null
	sasl.login.class = null
	sasl.login.connect.timeout.ms = null
	sasl.login.read.timeout.ms = null
	sasl.login.refresh.buffer.seconds = 300
	sasl.login.refresh.min.period.seconds = 60
	sasl.login.refresh.window.factor = 0.8
	sasl.login.refresh.window.jitter = 0.05
	sasl.login.retry.backoff.max.ms = 10000
	sasl.login.retry.backoff.ms = 100
	sasl.mechanism = GSSAPI
	sasl.oauthbearer.clock.skew.seconds = 30
	sasl.oauthbearer.expected.audience = null
	sasl.oauthbearer.expected.issuer = null
	sasl.oauthbearer.header.urlencode = false
	sasl.oauthbearer.jwks.endpoint.refresh.ms = 3600000
	sasl.oauthbearer.jwks.endpoint.retry.backoff.max.ms = 10000
	sasl.oauthbearer.jwks.endpoint.retry.backoff.ms = 100
	sasl.oauthbearer.jwks.endpoint.url = null
	sasl.oauthbearer.scope.claim.name = scope
	sasl.oauthbearer.sub.claim.name = sub
	sasl.oauthbearer.token.endpoint.url = null
	security.protocol = PLAINTEXT
	security.providers = null
	send.buffer.bytes = 131072
	socket.connection.setup.timeout.max.ms = 30000
	socket.connection.setup.timeout.ms = 10000
	ssl.cipher.suites = null
	ssl.enabled.protocols = [TLSv1.2, TLSv1.3]
	ssl.endpoint.identification.algorithm = https
	ssl.engine.factory.class = null
	ssl.key.password = null
	ssl.keymanager.algorithm = SunX509
	ssl.keystore.certificate.chain = null
	ssl.keystore.key = null
	ssl.keystore.location = null
	ssl.keystore.password = null
	ssl.keystore.type = JKS
	ssl.protocol = TLSv1.3
	ssl.provider = null
	ssl.secure.random.implementation = null
	ssl.trustmanager.algorithm = PKIX
	ssl.truststore.certificates = null
	ssl.truststore.location = null
	ssl.truststore.password = null
	ssl.truststore.type = JKS
	transaction.timeout.ms = 60000
	transactional.id = null
	value.serializer = class io.apicurio.registry.serde.avro.AvroKafkaSerializer

2025-08-07 12:26:07,616 INFO  [org.apa.kaf.com.tel.int.KafkaMetricsCollector] (main) initializing Kafka metrics collector
2025-08-07 12:26:07,618 INFO  [org.apa.kaf.cli.pro.KafkaProducer] (main) [Producer clientId=Producer-topic-1cc72db7_ef2c_405b_ac2f_52be50e24975] Instantiated an idempotent producer.
2025-08-07 12:26:07,621 INFO  [org.apa.kaf.cli.pro.ProducerConfig] (main) These configurations '[apicurio.registry.find-latest, apicurio.registry.url, apicurio.registry.artifact-resolver-strategy]' were supplied but are not used yet.
2025-08-07 12:26:07,622 INFO  [org.apa.kaf.com.uti.AppInfoParser] (main) Kafka version: 3.9.1
2025-08-07 12:26:07,622 INFO  [org.apa.kaf.com.uti.AppInfoParser] (main) Kafka commitId: f745dfdcee2b9851
2025-08-07 12:26:07,622 INFO  [org.apa.kaf.com.uti.AppInfoParser] (main) Kafka startTimeMs: 1754569567622
2025-08-07 12:26:07,622 INFO  [io.api.tes.ser.api.SimpleSerdesTesterBuilder$SimpleSerdesTester] (main) Using producer configuration: {apicurio.registry.find-latest=true, apicurio.registry.url=http://registry-app-mysql.apps.ci419.apicurio-testing.org:80/apis/registry/v3, apicurio.registry.artifact-resolver-strategy=io.apicurio.registry.serde.avro.strategy.TopicRecordIdStrategy, value.serializer=io.apicurio.registry.serde.avro.AvroKafkaSerializer, request.timeout.ms=5000, acks=all, bootstrap.servers=PLAINTEXT://localhost:32769, connections.max.idle.ms=10000, key.serializer=org.apache.kafka.common.serialization.StringSerializer, client.id=Producer-topic-1cc72db7_ef2c_405b_ac2f_52be50e24975}
2025-08-07 12:26:07,622 INFO  [io.api.tes.ser.api.SimpleSerdesTesterBuilder$SimpleSerdesTester] (main) Using consumer configuration: {}
2025-08-07 12:26:07,623 INFO  [io.api.tes.ser.api.KafkaSerdesTester] (Thread-697) Sending message {"key11754569566409": "value-0"} to topic topic-1cc72db7_ef2c_405b_ac2f_52be50e24975
2025-08-07 12:26:07,625 INFO  [org.apa.kaf.cli.Metadata] (kafka-producer-network-thread | Producer-topic-1cc72db7_ef2c_405b_ac2f_52be50e24975) [Producer clientId=Producer-topic-1cc72db7_ef2c_405b_ac2f_52be50e24975] Cluster ID: w_73WABzQ2iBfYWfnNB4Cg
2025-08-07 12:26:07,625 INFO  [org.apa.kaf.cli.pro.int.TransactionManager] (kafka-producer-network-thread | Producer-topic-1cc72db7_ef2c_405b_ac2f_52be50e24975) [Producer clientId=Producer-topic-1cc72db7_ef2c_405b_ac2f_52be50e24975] ProducerId set to 18 with epoch 0
2025-08-07 12:26:07,973 INFO  [io.api.tes.ser.api.KafkaSerdesTester] (Thread-697) Sending message {"key11754569566409": "value-1"} to topic topic-1cc72db7_ef2c_405b_ac2f_52be50e24975
2025-08-07 12:26:07,974 INFO  [io.api.tes.ser.api.KafkaSerdesTester] (Thread-697) Sending message {"key11754569566409": "value-2"} to topic topic-1cc72db7_ef2c_405b_ac2f_52be50e24975
2025-08-07 12:26:07,977 INFO  [io.api.tes.ser.api.KafkaSerdesTester] (Thread-697) Sending message {"key11754569566409": "value-3"} to topic topic-1cc72db7_ef2c_405b_ac2f_52be50e24975
2025-08-07 12:26:07,980 INFO  [io.api.tes.ser.api.KafkaSerdesTester] (Thread-697) Sending message {"key11754569566409": "value-4"} to topic topic-1cc72db7_ef2c_405b_ac2f_52be50e24975
2025-08-07 12:26:07,982 INFO  [io.api.tes.ser.api.KafkaSerdesTester] (Thread-697) Sending message {"key11754569566409": "value-5"} to topic topic-1cc72db7_ef2c_405b_ac2f_52be50e24975
2025-08-07 12:26:07,984 INFO  [io.api.tes.ser.api.KafkaSerdesTester] (Thread-697) Sending message {"key11754569566409": "value-6"} to topic topic-1cc72db7_ef2c_405b_ac2f_52be50e24975
2025-08-07 12:26:07,985 INFO  [io.api.tes.ser.api.KafkaSerdesTester] (Thread-697) Sending message {"key11754569566409": "value-7"} to topic topic-1cc72db7_ef2c_405b_ac2f_52be50e24975
2025-08-07 12:26:07,988 INFO  [io.api.tes.ser.api.KafkaSerdesTester] (Thread-697) Sending message {"key11754569566409": "value-8"} to topic topic-1cc72db7_ef2c_405b_ac2f_52be50e24975
2025-08-07 12:26:07,991 INFO  [io.api.tes.ser.api.KafkaSerdesTester] (Thread-697) Sending message {"key11754569566409": "value-9"} to topic topic-1cc72db7_ef2c_405b_ac2f_52be50e24975
2025-08-07 12:26:07,993 INFO  [io.api.tes.ser.api.KafkaSerdesTester] (Thread-697) Produced 10 messages
2025-08-07 12:26:07,993 INFO  [org.apa.kaf.cli.pro.KafkaProducer] (Thread-697) [Producer clientId=Producer-topic-1cc72db7_ef2c_405b_ac2f_52be50e24975] Closing the Kafka producer with timeoutMillis = 9223372036854775807 ms.
2025-08-07 12:26:07,996 INFO  [org.apa.kaf.com.met.Metrics] (Thread-697) Metrics scheduler closed
2025-08-07 12:26:07,996 INFO  [org.apa.kaf.com.met.Metrics] (Thread-697) Closing reporter org.apache.kafka.common.metrics.JmxReporter
2025-08-07 12:26:07,996 INFO  [org.apa.kaf.com.met.Metrics] (Thread-697) Closing reporter org.apache.kafka.common.telemetry.internals.ClientTelemetryReporter
2025-08-07 12:26:07,996 INFO  [org.apa.kaf.com.met.Metrics] (Thread-697) Metrics reporters closed
2025-08-07 12:26:07,996 INFO  [org.apa.kaf.com.uti.AppInfoParser] (Thread-697) App info kafka.producer for Producer-topic-1cc72db7_ef2c_405b_ac2f_52be50e24975 unregistered
**** Registry Base URL: http://registry-app-mysql.apps.ci419.apicurio-testing.org:80
2025-08-07 12:26:07,997 INFO  [org.apa.kaf.cli.con.ConsumerConfig] (main) ConsumerConfig values: 
	allow.auto.create.topics = true
	auto.commit.interval.ms = 500
	auto.include.jmx.reporter = true
	auto.offset.reset = earliest
	bootstrap.servers = [PLAINTEXT://localhost:32769]
	check.crcs = true
	client.dns.lookup = use_all_dns_ips
	client.id = consumer-Consumer-topic-1cc72db7_ef2c_405b_ac2f_52be50e24975-13
	client.rack = 
	connections.max.idle.ms = 10000
	default.api.timeout.ms = 60000
	enable.auto.commit = true
	enable.metrics.push = true
	exclude.internal.topics = true
	fetch.max.bytes = 52428800
	fetch.max.wait.ms = 500
	fetch.min.bytes = 1
	group.id = Consumer-topic-1cc72db7_ef2c_405b_ac2f_52be50e24975
	group.instance.id = null
	group.protocol = classic
	group.remote.assignor = null
	heartbeat.interval.ms = 3000
	interceptor.classes = []
	internal.leave.group.on.close = true
	internal.throw.on.fetch.stable.offset.unsupported = false
	isolation.level = read_uncommitted
	key.deserializer = class org.apache.kafka.common.serialization.StringDeserializer
	max.partition.fetch.bytes = 1048576
	max.poll.interval.ms = 300000
	max.poll.records = 500
	metadata.max.age.ms = 300000
	metadata.recovery.strategy = none
	metric.reporters = []
	metrics.num.samples = 2
	metrics.recording.level = INFO
	metrics.sample.window.ms = 30000
	partition.assignment.strategy = [class org.apache.kafka.clients.consumer.RangeAssignor, class org.apache.kafka.clients.consumer.CooperativeStickyAssignor]
	receive.buffer.bytes = 65536
	reconnect.backoff.max.ms = 1000
	reconnect.backoff.ms = 50
	request.timeout.ms = 5000
	retry.backoff.max.ms = 1000
	retry.backoff.ms = 100
	sasl.client.callback.handler.class = null
	sasl.jaas.config = null
	sasl.kerberos.kinit.cmd = /usr/bin/kinit
	sasl.kerberos.min.time.before.relogin = 60000
	sasl.kerberos.service.name = null
	sasl.kerberos.ticket.renew.jitter = 0.05
	sasl.kerberos.ticket.renew.window.factor = 0.8
	sasl.login.callback.handler.class = null
	sasl.login.class = null
	sasl.login.connect.timeout.ms = null
	sasl.login.read.timeout.ms = null
	sasl.login.refresh.buffer.seconds = 300
	sasl.login.refresh.min.period.seconds = 60
	sasl.login.refresh.window.factor = 0.8
	sasl.login.refresh.window.jitter = 0.05
	sasl.login.retry.backoff.max.ms = 10000
	sasl.login.retry.backoff.ms = 100
	sasl.mechanism = GSSAPI
	sasl.oauthbearer.clock.skew.seconds = 30
	sasl.oauthbearer.expected.audience = null
	sasl.oauthbearer.expected.issuer = null
	sasl.oauthbearer.header.urlencode = false
	sasl.oauthbearer.jwks.endpoint.refresh.ms = 3600000
	sasl.oauthbearer.jwks.endpoint.retry.backoff.max.ms = 10000
	sasl.oauthbearer.jwks.endpoint.retry.backoff.ms = 100
	sasl.oauthbearer.jwks.endpoint.url = null
	sasl.oauthbearer.scope.claim.name = scope
	sasl.oauthbearer.sub.claim.name = sub
	sasl.oauthbearer.token.endpoint.url = null
	security.protocol = PLAINTEXT
	security.providers = null
	send.buffer.bytes = 131072
	session.timeout.ms = 45000
	socket.connection.setup.timeout.max.ms = 30000
	socket.connection.setup.timeout.ms = 10000
	ssl.cipher.suites = null
	ssl.enabled.protocols = [TLSv1.2, TLSv1.3]
	ssl.endpoint.identification.algorithm = https
	ssl.engine.factory.class = null
	ssl.key.password = null
	ssl.keymanager.algorithm = SunX509
	ssl.keystore.certificate.chain = null
	ssl.keystore.key = null
	ssl.keystore.location = null
	ssl.keystore.password = null
	ssl.keystore.type = JKS
	ssl.protocol = TLSv1.3
	ssl.provider = null
	ssl.secure.random.implementation = null
	ssl.trustmanager.algorithm = PKIX
	ssl.truststore.certificates = null
	ssl.truststore.location = null
	ssl.truststore.password = null
	ssl.truststore.type = JKS
	value.deserializer = class io.apicurio.registry.serde.avro.AvroKafkaDeserializer

2025-08-07 12:26:07,997 INFO  [org.apa.kaf.com.tel.int.KafkaMetricsCollector] (main) initializing Kafka metrics collector
2025-08-07 12:26:08,006 INFO  [org.apa.kaf.cli.con.ConsumerConfig] (main) These configurations '[apicurio.registry.url]' were supplied but are not used yet.
2025-08-07 12:26:08,007 INFO  [org.apa.kaf.com.uti.AppInfoParser] (main) Kafka version: 3.9.1
2025-08-07 12:26:08,007 INFO  [org.apa.kaf.com.uti.AppInfoParser] (main) Kafka commitId: f745dfdcee2b9851
2025-08-07 12:26:08,007 INFO  [org.apa.kaf.com.uti.AppInfoParser] (main) Kafka startTimeMs: 1754569568007
2025-08-07 12:26:08,007 INFO  [org.apa.kaf.cli.con.int.ClassicKafkaConsumer] (Thread-700) [Consumer clientId=consumer-Consumer-topic-1cc72db7_ef2c_405b_ac2f_52be50e24975-13, groupId=Consumer-topic-1cc72db7_ef2c_405b_ac2f_52be50e24975] Subscribed to topic(s): topic-1cc72db7_ef2c_405b_ac2f_52be50e24975
2025-08-07 12:26:08,012 INFO  [org.apa.kaf.cli.Metadata] (Thread-700) [Consumer clientId=consumer-Consumer-topic-1cc72db7_ef2c_405b_ac2f_52be50e24975-13, groupId=Consumer-topic-1cc72db7_ef2c_405b_ac2f_52be50e24975] Cluster ID: w_73WABzQ2iBfYWfnNB4Cg
2025-08-07 12:26:08,013 INFO  [org.apa.kaf.cli.con.int.ConsumerCoordinator] (Thread-700) [Consumer clientId=consumer-Consumer-topic-1cc72db7_ef2c_405b_ac2f_52be50e24975-13, groupId=Consumer-topic-1cc72db7_ef2c_405b_ac2f_52be50e24975] Discovered group coordinator localhost:32769 (id: 2147483647 rack: null)
2025-08-07 12:26:08,014 INFO  [org.apa.kaf.cli.con.int.ConsumerCoordinator] (Thread-700) [Consumer clientId=consumer-Consumer-topic-1cc72db7_ef2c_405b_ac2f_52be50e24975-13, groupId=Consumer-topic-1cc72db7_ef2c_405b_ac2f_52be50e24975] (Re-)joining group
2025-08-07 12:26:08,016 INFO  [org.apa.kaf.cli.con.int.ConsumerCoordinator] (Thread-700) [Consumer clientId=consumer-Consumer-topic-1cc72db7_ef2c_405b_ac2f_52be50e24975-13, groupId=Consumer-topic-1cc72db7_ef2c_405b_ac2f_52be50e24975] Request joining group due to: need to re-join with the given member-id: consumer-Consumer-topic-1cc72db7_ef2c_405b_ac2f_52be50e24975-13-fea8130d-eab7-41fd-b341-f5835597c4d8
2025-08-07 12:26:08,016 INFO  [org.apa.kaf.cli.con.int.ConsumerCoordinator] (Thread-700) [Consumer clientId=consumer-Consumer-topic-1cc72db7_ef2c_405b_ac2f_52be50e24975-13, groupId=Consumer-topic-1cc72db7_ef2c_405b_ac2f_52be50e24975] (Re-)joining group
2025-08-07 12:26:09,007 INFO  [io.api.tes.ser.api.KafkaSerdesTester] (Thread-700) None found
2025-08-07 12:26:10,007 INFO  [io.api.tes.ser.api.KafkaSerdesTester] (Thread-700) None found
2025-08-07 12:26:11,007 INFO  [io.api.tes.ser.api.KafkaSerdesTester] (Thread-700) None found
2025-08-07 12:26:11,018 INFO  [org.apa.kaf.cli.con.int.ConsumerCoordinator] (Thread-700) [Consumer clientId=consumer-Consumer-topic-1cc72db7_ef2c_405b_ac2f_52be50e24975-13, groupId=Consumer-topic-1cc72db7_ef2c_405b_ac2f_52be50e24975] Successfully joined group with generation Generation{generationId=1, memberId='consumer-Consumer-topic-1cc72db7_ef2c_405b_ac2f_52be50e24975-13-fea8130d-eab7-41fd-b341-f5835597c4d8', protocol='range'}
2025-08-07 12:26:11,019 INFO  [org.apa.kaf.cli.con.int.ConsumerCoordinator] (Thread-700) [Consumer clientId=consumer-Consumer-topic-1cc72db7_ef2c_405b_ac2f_52be50e24975-13, groupId=Consumer-topic-1cc72db7_ef2c_405b_ac2f_52be50e24975] Finished assignment for group at generation 1: {consumer-Consumer-topic-1cc72db7_ef2c_405b_ac2f_52be50e24975-13-fea8130d-eab7-41fd-b341-f5835597c4d8=Assignment(partitions=[topic-1cc72db7_ef2c_405b_ac2f_52be50e24975-0])}
2025-08-07 12:26:11,025 INFO  [org.apa.kaf.cli.con.int.ConsumerCoordinator] (Thread-700) [Consumer clientId=consumer-Consumer-topic-1cc72db7_ef2c_405b_ac2f_52be50e24975-13, groupId=Consumer-topic-1cc72db7_ef2c_405b_ac2f_52be50e24975] Successfully synced group in generation Generation{generationId=1, memberId='consumer-Consumer-topic-1cc72db7_ef2c_405b_ac2f_52be50e24975-13-fea8130d-eab7-41fd-b341-f5835597c4d8', protocol='range'}
2025-08-07 12:26:11,026 INFO  [org.apa.kaf.cli.con.int.ConsumerCoordinator] (Thread-700) [Consumer clientId=consumer-Consumer-topic-1cc72db7_ef2c_405b_ac2f_52be50e24975-13, groupId=Consumer-topic-1cc72db7_ef2c_405b_ac2f_52be50e24975] Notifying assignor about the new Assignment(partitions=[topic-1cc72db7_ef2c_405b_ac2f_52be50e24975-0])
2025-08-07 12:26:11,026 INFO  [org.apa.kaf.cli.con.int.ConsumerRebalanceListenerInvoker] (Thread-700) [Consumer clientId=consumer-Consumer-topic-1cc72db7_ef2c_405b_ac2f_52be50e24975-13, groupId=Consumer-topic-1cc72db7_ef2c_405b_ac2f_52be50e24975] Adding newly assigned partitions: topic-1cc72db7_ef2c_405b_ac2f_52be50e24975-0
2025-08-07 12:26:11,026 INFO  [org.apa.kaf.cli.con.int.ConsumerCoordinator] (Thread-700) [Consumer clientId=consumer-Consumer-topic-1cc72db7_ef2c_405b_ac2f_52be50e24975-13, groupId=Consumer-topic-1cc72db7_ef2c_405b_ac2f_52be50e24975] Found no committed offset for partition topic-1cc72db7_ef2c_405b_ac2f_52be50e24975-0
2025-08-07 12:26:11,029 INFO  [org.apa.kaf.cli.con.int.SubscriptionState] (Thread-700) [Consumer clientId=consumer-Consumer-topic-1cc72db7_ef2c_405b_ac2f_52be50e24975-13, groupId=Consumer-topic-1cc72db7_ef2c_405b_ac2f_52be50e24975] Resetting offset for partition topic-1cc72db7_ef2c_405b_ac2f_52be50e24975-0 to position FetchPosition{offset=0, offsetEpoch=Optional.empty, currentLeader=LeaderAndEpoch{leader=Optional[localhost:32769 (id: 0 rack: null)], epoch=0}}.
2025-08-07 12:26:11,317 INFO  [io.api.tes.ser.api.KafkaSerdesTester] (Thread-700) topic-1cc72db7_ef2c_405b_ac2f_52be50e24975 0 0 {"key11754569566409": "value-0"}
2025-08-07 12:26:11,317 INFO  [io.api.tes.ser.api.KafkaSerdesTester] (Thread-700) topic-1cc72db7_ef2c_405b_ac2f_52be50e24975 0 1 {"key11754569566409": "value-1"}
2025-08-07 12:26:11,317 INFO  [io.api.tes.ser.api.KafkaSerdesTester] (Thread-700) topic-1cc72db7_ef2c_405b_ac2f_52be50e24975 0 2 {"key11754569566409": "value-2"}
2025-08-07 12:26:11,317 INFO  [io.api.tes.ser.api.KafkaSerdesTester] (Thread-700) topic-1cc72db7_ef2c_405b_ac2f_52be50e24975 0 3 {"key11754569566409": "value-3"}
2025-08-07 12:26:11,317 INFO  [io.api.tes.ser.api.KafkaSerdesTester] (Thread-700) topic-1cc72db7_ef2c_405b_ac2f_52be50e24975 0 4 {"key11754569566409": "value-4"}
2025-08-07 12:26:11,317 INFO  [io.api.tes.ser.api.KafkaSerdesTester] (Thread-700) topic-1cc72db7_ef2c_405b_ac2f_52be50e24975 0 5 {"key11754569566409": "value-5"}
2025-08-07 12:26:11,317 INFO  [io.api.tes.ser.api.KafkaSerdesTester] (Thread-700) topic-1cc72db7_ef2c_405b_ac2f_52be50e24975 0 6 {"key11754569566409": "value-6"}
2025-08-07 12:26:11,317 INFO  [io.api.tes.ser.api.KafkaSerdesTester] (Thread-700) topic-1cc72db7_ef2c_405b_ac2f_52be50e24975 0 7 {"key11754569566409": "value-7"}
2025-08-07 12:26:11,318 INFO  [io.api.tes.ser.api.KafkaSerdesTester] (Thread-700) topic-1cc72db7_ef2c_405b_ac2f_52be50e24975 0 8 {"key11754569566409": "value-8"}
2025-08-07 12:26:11,318 INFO  [io.api.tes.ser.api.KafkaSerdesTester] (Thread-700) topic-1cc72db7_ef2c_405b_ac2f_52be50e24975 0 9 {"key11754569566409": "value-9"}
2025-08-07 12:26:11,318 INFO  [io.api.tes.ser.api.KafkaSerdesTester] (Thread-700) Consumed 10 messages
2025-08-07 12:26:11,325 INFO  [org.apa.kaf.cli.con.int.ConsumerRebalanceListenerInvoker] (Thread-700) [Consumer clientId=consumer-Consumer-topic-1cc72db7_ef2c_405b_ac2f_52be50e24975-13, groupId=Consumer-topic-1cc72db7_ef2c_405b_ac2f_52be50e24975] Revoke previously assigned partitions topic-1cc72db7_ef2c_405b_ac2f_52be50e24975-0
2025-08-07 12:26:11,325 INFO  [org.apa.kaf.cli.con.int.ConsumerCoordinator] (Thread-700) [Consumer clientId=consumer-Consumer-topic-1cc72db7_ef2c_405b_ac2f_52be50e24975-13, groupId=Consumer-topic-1cc72db7_ef2c_405b_ac2f_52be50e24975] Member consumer-Consumer-topic-1cc72db7_ef2c_405b_ac2f_52be50e24975-13-fea8130d-eab7-41fd-b341-f5835597c4d8 sending LeaveGroup request to coordinator localhost:32769 (id: 2147483647 rack: null) due to the consumer is being closed
2025-08-07 12:26:11,326 INFO  [org.apa.kaf.cli.con.int.ConsumerCoordinator] (Thread-700) [Consumer clientId=consumer-Consumer-topic-1cc72db7_ef2c_405b_ac2f_52be50e24975-13, groupId=Consumer-topic-1cc72db7_ef2c_405b_ac2f_52be50e24975] Resetting generation and member id due to: consumer pro-actively leaving the group
2025-08-07 12:26:11,326 INFO  [org.apa.kaf.cli.con.int.ConsumerCoordinator] (Thread-700) [Consumer clientId=consumer-Consumer-topic-1cc72db7_ef2c_405b_ac2f_52be50e24975-13, groupId=Consumer-topic-1cc72db7_ef2c_405b_ac2f_52be50e24975] Request joining group due to: consumer pro-actively leaving the group
2025-08-07 12:26:11,819 INFO  [org.apa.kaf.com.met.Metrics] (Thread-700) Metrics scheduler closed
2025-08-07 12:26:11,820 INFO  [org.apa.kaf.com.met.Metrics] (Thread-700) Closing reporter org.apache.kafka.common.metrics.JmxReporter
2025-08-07 12:26:11,820 INFO  [org.apa.kaf.com.met.Metrics] (Thread-700) Closing reporter org.apache.kafka.common.telemetry.internals.ClientTelemetryReporter
2025-08-07 12:26:11,820 INFO  [org.apa.kaf.com.met.Metrics] (Thread-700) Metrics reporters closed
2025-08-07 12:26:11,822 INFO  [org.apa.kaf.com.uti.AppInfoParser] (Thread-700) App info kafka.consumer for consumer-Consumer-topic-1cc72db7_ef2c_405b_ac2f_52be50e24975-13 unregistered
2025-08-07 12:26:11,823 INFO  [io.api.tes.uti.TestSeparator] (main) io.apicurio.tests.serdes.apicurio.AvroSerdeIT.testTopicRecordIdStrategydFindLatest-FINISHED
2025-08-07 12:26:11,823 INFO  [io.api.tes.uti.TestSeparator] (main) ############################################################################
Test passed: testTopicRecordIdStrategydFindLatest
]]></system-out>
  </testcase>
  <testcase name="testAvroConfluentForMultipleTopics" classname="io.apicurio.tests.serdes.apicurio.AvroSerdeIT" time="13.212">
    <system-out><![CDATA[2025-08-07 12:26:11,824 INFO  [io.api.tes.uti.TestSeparator] (main) ############################################################################
2025-08-07 12:26:11,824 INFO  [io.api.tes.uti.TestSeparator] (main) io.apicurio.tests.serdes.apicurio.AvroSerdeIT.testAvroConfluentForMultipleTopics-STARTED
2025-08-07 12:26:11,826 INFO  [io.api.tes.ser.api.AvroSerdeIT] (main) Registering Avro Schema: {"type":"record","name":"myrecordconfluent","fields":[{"name":"key11754569571824","type":"string"}]}
**** Registry Base URL: http://registry-app-mysql.apps.ci419.apicurio-testing.org:80
2025-08-07 12:26:13,026 INFO  [org.apa.kaf.cli.pro.ProducerConfig] (main) ProducerConfig values: 
	acks = -1
	auto.include.jmx.reporter = true
	batch.size = 16384
	bootstrap.servers = [PLAINTEXT://localhost:32769]
	buffer.memory = 33554432
	client.dns.lookup = use_all_dns_ips
	client.id = Producer-topic-1227d3bb_d237_47c3_b13a_47be574430d9
	compression.gzip.level = -1
	compression.lz4.level = 9
	compression.type = none
	compression.zstd.level = 3
	connections.max.idle.ms = 10000
	delivery.timeout.ms = 120000
	enable.idempotence = true
	enable.metrics.push = true
	interceptor.classes = []
	key.serializer = class org.apache.kafka.common.serialization.StringSerializer
	linger.ms = 0
	max.block.ms = 60000
	max.in.flight.requests.per.connection = 5
	max.request.size = 1048576
	metadata.max.age.ms = 300000
	metadata.max.idle.ms = 300000
	metadata.recovery.strategy = none
	metric.reporters = []
	metrics.num.samples = 2
	metrics.recording.level = INFO
	metrics.sample.window.ms = 30000
	partitioner.adaptive.partitioning.enable = true
	partitioner.availability.timeout.ms = 0
	partitioner.class = null
	partitioner.ignore.keys = false
	receive.buffer.bytes = 32768
	reconnect.backoff.max.ms = 1000
	reconnect.backoff.ms = 50
	request.timeout.ms = 5000
	retries = 2147483647
	retry.backoff.max.ms = 1000
	retry.backoff.ms = 100
	sasl.client.callback.handler.class = null
	sasl.jaas.config = null
	sasl.kerberos.kinit.cmd = /usr/bin/kinit
	sasl.kerberos.min.time.before.relogin = 60000
	sasl.kerberos.service.name = null
	sasl.kerberos.ticket.renew.jitter = 0.05
	sasl.kerberos.ticket.renew.window.factor = 0.8
	sasl.login.callback.handler.class = null
	sasl.login.class = null
	sasl.login.connect.timeout.ms = null
	sasl.login.read.timeout.ms = null
	sasl.login.refresh.buffer.seconds = 300
	sasl.login.refresh.min.period.seconds = 60
	sasl.login.refresh.window.factor = 0.8
	sasl.login.refresh.window.jitter = 0.05
	sasl.login.retry.backoff.max.ms = 10000
	sasl.login.retry.backoff.ms = 100
	sasl.mechanism = GSSAPI
	sasl.oauthbearer.clock.skew.seconds = 30
	sasl.oauthbearer.expected.audience = null
	sasl.oauthbearer.expected.issuer = null
	sasl.oauthbearer.header.urlencode = false
	sasl.oauthbearer.jwks.endpoint.refresh.ms = 3600000
	sasl.oauthbearer.jwks.endpoint.retry.backoff.max.ms = 10000
	sasl.oauthbearer.jwks.endpoint.retry.backoff.ms = 100
	sasl.oauthbearer.jwks.endpoint.url = null
	sasl.oauthbearer.scope.claim.name = scope
	sasl.oauthbearer.sub.claim.name = sub
	sasl.oauthbearer.token.endpoint.url = null
	security.protocol = PLAINTEXT
	security.providers = null
	send.buffer.bytes = 131072
	socket.connection.setup.timeout.max.ms = 30000
	socket.connection.setup.timeout.ms = 10000
	ssl.cipher.suites = null
	ssl.enabled.protocols = [TLSv1.2, TLSv1.3]
	ssl.endpoint.identification.algorithm = https
	ssl.engine.factory.class = null
	ssl.key.password = null
	ssl.keymanager.algorithm = SunX509
	ssl.keystore.certificate.chain = null
	ssl.keystore.key = null
	ssl.keystore.location = null
	ssl.keystore.password = null
	ssl.keystore.type = JKS
	ssl.protocol = TLSv1.3
	ssl.provider = null
	ssl.secure.random.implementation = null
	ssl.trustmanager.algorithm = PKIX
	ssl.truststore.certificates = null
	ssl.truststore.location = null
	ssl.truststore.password = null
	ssl.truststore.type = JKS
	transaction.timeout.ms = 60000
	transactional.id = null
	value.serializer = class io.apicurio.registry.serde.avro.AvroKafkaSerializer

2025-08-07 12:26:13,026 INFO  [org.apa.kaf.com.tel.int.KafkaMetricsCollector] (main) initializing Kafka metrics collector
2025-08-07 12:26:13,028 INFO  [org.apa.kaf.cli.pro.KafkaProducer] (main) [Producer clientId=Producer-topic-1227d3bb_d237_47c3_b13a_47be574430d9] Instantiated an idempotent producer.
2025-08-07 12:26:13,030 INFO  [org.apa.kaf.cli.pro.ProducerConfig] (main) These configurations '[apicurio.registry.url, apicurio.registry.artifact-resolver-strategy]' were supplied but are not used yet.
2025-08-07 12:26:13,030 INFO  [org.apa.kaf.com.uti.AppInfoParser] (main) Kafka version: 3.9.1
2025-08-07 12:26:13,031 INFO  [org.apa.kaf.com.uti.AppInfoParser] (main) Kafka commitId: f745dfdcee2b9851
2025-08-07 12:26:13,031 INFO  [org.apa.kaf.com.uti.AppInfoParser] (main) Kafka startTimeMs: 1754569573030
**** Registry Base URL: http://registry-app-mysql.apps.ci419.apicurio-testing.org:80
2025-08-07 12:26:13,031 INFO  [org.apa.kaf.cli.pro.ProducerConfig] (main) ProducerConfig values: 
	acks = -1
	auto.include.jmx.reporter = true
	batch.size = 16384
	bootstrap.servers = [PLAINTEXT://localhost:32769]
	buffer.memory = 33554432
	client.dns.lookup = use_all_dns_ips
	client.id = Producer-topic-b0715894_6563_4bca_9c3f_64a8b950073a
	compression.gzip.level = -1
	compression.lz4.level = 9
	compression.type = none
	compression.zstd.level = 3
	connections.max.idle.ms = 10000
	delivery.timeout.ms = 120000
	enable.idempotence = true
	enable.metrics.push = true
	interceptor.classes = []
	key.serializer = class org.apache.kafka.common.serialization.StringSerializer
	linger.ms = 0
	max.block.ms = 60000
	max.in.flight.requests.per.connection = 5
	max.request.size = 1048576
	metadata.max.age.ms = 300000
	metadata.max.idle.ms = 300000
	metadata.recovery.strategy = none
	metric.reporters = []
	metrics.num.samples = 2
	metrics.recording.level = INFO
	metrics.sample.window.ms = 30000
	partitioner.adaptive.partitioning.enable = true
	partitioner.availability.timeout.ms = 0
	partitioner.class = null
	partitioner.ignore.keys = false
	receive.buffer.bytes = 32768
	reconnect.backoff.max.ms = 1000
	reconnect.backoff.ms = 50
	request.timeout.ms = 5000
	retries = 2147483647
	retry.backoff.max.ms = 1000
	retry.backoff.ms = 100
	sasl.client.callback.handler.class = null
	sasl.jaas.config = null
	sasl.kerberos.kinit.cmd = /usr/bin/kinit
	sasl.kerberos.min.time.before.relogin = 60000
	sasl.kerberos.service.name = null
	sasl.kerberos.ticket.renew.jitter = 0.05
	sasl.kerberos.ticket.renew.window.factor = 0.8
	sasl.login.callback.handler.class = null
	sasl.login.class = null
	sasl.login.connect.timeout.ms = null
	sasl.login.read.timeout.ms = null
	sasl.login.refresh.buffer.seconds = 300
	sasl.login.refresh.min.period.seconds = 60
	sasl.login.refresh.window.factor = 0.8
	sasl.login.refresh.window.jitter = 0.05
	sasl.login.retry.backoff.max.ms = 10000
	sasl.login.retry.backoff.ms = 100
	sasl.mechanism = GSSAPI
	sasl.oauthbearer.clock.skew.seconds = 30
	sasl.oauthbearer.expected.audience = null
	sasl.oauthbearer.expected.issuer = null
	sasl.oauthbearer.header.urlencode = false
	sasl.oauthbearer.jwks.endpoint.refresh.ms = 3600000
	sasl.oauthbearer.jwks.endpoint.retry.backoff.max.ms = 10000
	sasl.oauthbearer.jwks.endpoint.retry.backoff.ms = 100
	sasl.oauthbearer.jwks.endpoint.url = null
	sasl.oauthbearer.scope.claim.name = scope
	sasl.oauthbearer.sub.claim.name = sub
	sasl.oauthbearer.token.endpoint.url = null
	security.protocol = PLAINTEXT
	security.providers = null
	send.buffer.bytes = 131072
	socket.connection.setup.timeout.max.ms = 30000
	socket.connection.setup.timeout.ms = 10000
	ssl.cipher.suites = null
	ssl.enabled.protocols = [TLSv1.2, TLSv1.3]
	ssl.endpoint.identification.algorithm = https
	ssl.engine.factory.class = null
	ssl.key.password = null
	ssl.keymanager.algorithm = SunX509
	ssl.keystore.certificate.chain = null
	ssl.keystore.key = null
	ssl.keystore.location = null
	ssl.keystore.password = null
	ssl.keystore.type = JKS
	ssl.protocol = TLSv1.3
	ssl.provider = null
	ssl.secure.random.implementation = null
	ssl.trustmanager.algorithm = PKIX
	ssl.truststore.certificates = null
	ssl.truststore.location = null
	ssl.truststore.password = null
	ssl.truststore.type = JKS
	transaction.timeout.ms = 60000
	transactional.id = null
	value.serializer = class io.apicurio.registry.serde.avro.AvroKafkaSerializer

2025-08-07 12:26:13,031 INFO  [org.apa.kaf.com.tel.int.KafkaMetricsCollector] (main) initializing Kafka metrics collector
2025-08-07 12:26:13,036 INFO  [org.apa.kaf.cli.pro.KafkaProducer] (main) [Producer clientId=Producer-topic-b0715894_6563_4bca_9c3f_64a8b950073a] Instantiated an idempotent producer.
2025-08-07 12:26:13,037 INFO  [org.apa.kaf.cli.Metadata] (kafka-producer-network-thread | Producer-topic-1227d3bb_d237_47c3_b13a_47be574430d9) [Producer clientId=Producer-topic-1227d3bb_d237_47c3_b13a_47be574430d9] Cluster ID: w_73WABzQ2iBfYWfnNB4Cg
2025-08-07 12:26:13,038 INFO  [org.apa.kaf.cli.pro.int.TransactionManager] (kafka-producer-network-thread | Producer-topic-1227d3bb_d237_47c3_b13a_47be574430d9) [Producer clientId=Producer-topic-1227d3bb_d237_47c3_b13a_47be574430d9] ProducerId set to 19 with epoch 0
2025-08-07 12:26:13,038 INFO  [org.apa.kaf.cli.pro.ProducerConfig] (main) These configurations '[apicurio.registry.url, apicurio.registry.artifact-resolver-strategy]' were supplied but are not used yet.
2025-08-07 12:26:13,038 INFO  [org.apa.kaf.com.uti.AppInfoParser] (main) Kafka version: 3.9.1
2025-08-07 12:26:13,038 INFO  [org.apa.kaf.com.uti.AppInfoParser] (main) Kafka commitId: f745dfdcee2b9851
2025-08-07 12:26:13,038 INFO  [org.apa.kaf.com.uti.AppInfoParser] (main) Kafka startTimeMs: 1754569573038
**** Registry Base URL: http://registry-app-mysql.apps.ci419.apicurio-testing.org:80
2025-08-07 12:26:13,039 INFO  [org.apa.kaf.cli.pro.ProducerConfig] (main) ProducerConfig values: 
	acks = -1
	auto.include.jmx.reporter = true
	batch.size = 16384
	bootstrap.servers = [PLAINTEXT://localhost:32769]
	buffer.memory = 33554432
	client.dns.lookup = use_all_dns_ips
	client.id = Producer-topic-233755b2_628f_4123_afa1_427d00f5419a
	compression.gzip.level = -1
	compression.lz4.level = 9
	compression.type = none
	compression.zstd.level = 3
	connections.max.idle.ms = 10000
	delivery.timeout.ms = 120000
	enable.idempotence = true
	enable.metrics.push = true
	interceptor.classes = []
	key.serializer = class org.apache.kafka.common.serialization.StringSerializer
	linger.ms = 0
	max.block.ms = 60000
	max.in.flight.requests.per.connection = 5
	max.request.size = 1048576
	metadata.max.age.ms = 300000
	metadata.max.idle.ms = 300000
	metadata.recovery.strategy = none
	metric.reporters = []
	metrics.num.samples = 2
	metrics.recording.level = INFO
	metrics.sample.window.ms = 30000
	partitioner.adaptive.partitioning.enable = true
	partitioner.availability.timeout.ms = 0
	partitioner.class = null
	partitioner.ignore.keys = false
	receive.buffer.bytes = 32768
	reconnect.backoff.max.ms = 1000
	reconnect.backoff.ms = 50
	request.timeout.ms = 5000
	retries = 2147483647
	retry.backoff.max.ms = 1000
	retry.backoff.ms = 100
	sasl.client.callback.handler.class = null
	sasl.jaas.config = null
	sasl.kerberos.kinit.cmd = /usr/bin/kinit
	sasl.kerberos.min.time.before.relogin = 60000
	sasl.kerberos.service.name = null
	sasl.kerberos.ticket.renew.jitter = 0.05
	sasl.kerberos.ticket.renew.window.factor = 0.8
	sasl.login.callback.handler.class = null
	sasl.login.class = null
	sasl.login.connect.timeout.ms = null
	sasl.login.read.timeout.ms = null
	sasl.login.refresh.buffer.seconds = 300
	sasl.login.refresh.min.period.seconds = 60
	sasl.login.refresh.window.factor = 0.8
	sasl.login.refresh.window.jitter = 0.05
	sasl.login.retry.backoff.max.ms = 10000
	sasl.login.retry.backoff.ms = 100
	sasl.mechanism = GSSAPI
	sasl.oauthbearer.clock.skew.seconds = 30
	sasl.oauthbearer.expected.audience = null
	sasl.oauthbearer.expected.issuer = null
	sasl.oauthbearer.header.urlencode = false
	sasl.oauthbearer.jwks.endpoint.refresh.ms = 3600000
	sasl.oauthbearer.jwks.endpoint.retry.backoff.max.ms = 10000
	sasl.oauthbearer.jwks.endpoint.retry.backoff.ms = 100
	sasl.oauthbearer.jwks.endpoint.url = null
	sasl.oauthbearer.scope.claim.name = scope
	sasl.oauthbearer.sub.claim.name = sub
	sasl.oauthbearer.token.endpoint.url = null
	security.protocol = PLAINTEXT
	security.providers = null
	send.buffer.bytes = 131072
	socket.connection.setup.timeout.max.ms = 30000
	socket.connection.setup.timeout.ms = 10000
	ssl.cipher.suites = null
	ssl.enabled.protocols = [TLSv1.2, TLSv1.3]
	ssl.endpoint.identification.algorithm = https
	ssl.engine.factory.class = null
	ssl.key.password = null
	ssl.keymanager.algorithm = SunX509
	ssl.keystore.certificate.chain = null
	ssl.keystore.key = null
	ssl.keystore.location = null
	ssl.keystore.password = null
	ssl.keystore.type = JKS
	ssl.protocol = TLSv1.3
	ssl.provider = null
	ssl.secure.random.implementation = null
	ssl.trustmanager.algorithm = PKIX
	ssl.truststore.certificates = null
	ssl.truststore.location = null
	ssl.truststore.password = null
	ssl.truststore.type = JKS
	transaction.timeout.ms = 60000
	transactional.id = null
	value.serializer = class io.apicurio.registry.serde.avro.AvroKafkaSerializer

2025-08-07 12:26:13,039 INFO  [org.apa.kaf.com.tel.int.KafkaMetricsCollector] (main) initializing Kafka metrics collector
2025-08-07 12:26:13,043 INFO  [org.apa.kaf.cli.Metadata] (kafka-producer-network-thread | Producer-topic-b0715894_6563_4bca_9c3f_64a8b950073a) [Producer clientId=Producer-topic-b0715894_6563_4bca_9c3f_64a8b950073a] Cluster ID: w_73WABzQ2iBfYWfnNB4Cg
2025-08-07 12:26:13,043 INFO  [org.apa.kaf.cli.pro.int.TransactionManager] (kafka-producer-network-thread | Producer-topic-b0715894_6563_4bca_9c3f_64a8b950073a) [Producer clientId=Producer-topic-b0715894_6563_4bca_9c3f_64a8b950073a] ProducerId set to 20 with epoch 0
2025-08-07 12:26:13,049 INFO  [org.apa.kaf.cli.pro.KafkaProducer] (main) [Producer clientId=Producer-topic-233755b2_628f_4123_afa1_427d00f5419a] Instantiated an idempotent producer.
2025-08-07 12:26:13,051 INFO  [org.apa.kaf.cli.pro.ProducerConfig] (main) These configurations '[apicurio.registry.url, apicurio.registry.artifact-resolver-strategy]' were supplied but are not used yet.
2025-08-07 12:26:13,051 INFO  [org.apa.kaf.com.uti.AppInfoParser] (main) Kafka version: 3.9.1
2025-08-07 12:26:13,051 INFO  [org.apa.kaf.com.uti.AppInfoParser] (main) Kafka commitId: f745dfdcee2b9851
2025-08-07 12:26:13,051 INFO  [org.apa.kaf.com.uti.AppInfoParser] (main) Kafka startTimeMs: 1754569573051
**** Registry Base URL: http://registry-app-mysql.apps.ci419.apicurio-testing.org:80
2025-08-07 12:26:13,052 INFO  [org.apa.kaf.cli.con.ConsumerConfig] (main) ConsumerConfig values: 
	allow.auto.create.topics = true
	auto.commit.interval.ms = 500
	auto.include.jmx.reporter = true
	auto.offset.reset = earliest
	bootstrap.servers = [PLAINTEXT://localhost:32769]
	check.crcs = true
	client.dns.lookup = use_all_dns_ips
	client.id = consumer-Consumer-topic-1227d3bb_d237_47c3_b13a_47be574430d9-14
	client.rack = 
	connections.max.idle.ms = 10000
	default.api.timeout.ms = 60000
	enable.auto.commit = true
	enable.metrics.push = true
	exclude.internal.topics = true
	fetch.max.bytes = 52428800
	fetch.max.wait.ms = 500
	fetch.min.bytes = 1
	group.id = Consumer-topic-1227d3bb_d237_47c3_b13a_47be574430d9
	group.instance.id = null
	group.protocol = classic
	group.remote.assignor = null
	heartbeat.interval.ms = 3000
	interceptor.classes = []
	internal.leave.group.on.close = true
	internal.throw.on.fetch.stable.offset.unsupported = false
	isolation.level = read_uncommitted
	key.deserializer = class org.apache.kafka.common.serialization.StringDeserializer
	max.partition.fetch.bytes = 1048576
	max.poll.interval.ms = 300000
	max.poll.records = 500
	metadata.max.age.ms = 300000
	metadata.recovery.strategy = none
	metric.reporters = []
	metrics.num.samples = 2
	metrics.recording.level = INFO
	metrics.sample.window.ms = 30000
	partition.assignment.strategy = [class org.apache.kafka.clients.consumer.RangeAssignor, class org.apache.kafka.clients.consumer.CooperativeStickyAssignor]
	receive.buffer.bytes = 65536
	reconnect.backoff.max.ms = 1000
	reconnect.backoff.ms = 50
	request.timeout.ms = 5000
	retry.backoff.max.ms = 1000
	retry.backoff.ms = 100
	sasl.client.callback.handler.class = null
	sasl.jaas.config = null
	sasl.kerberos.kinit.cmd = /usr/bin/kinit
	sasl.kerberos.min.time.before.relogin = 60000
	sasl.kerberos.service.name = null
	sasl.kerberos.ticket.renew.jitter = 0.05
	sasl.kerberos.ticket.renew.window.factor = 0.8
	sasl.login.callback.handler.class = null
	sasl.login.class = null
	sasl.login.connect.timeout.ms = null
	sasl.login.read.timeout.ms = null
	sasl.login.refresh.buffer.seconds = 300
	sasl.login.refresh.min.period.seconds = 60
	sasl.login.refresh.window.factor = 0.8
	sasl.login.refresh.window.jitter = 0.05
	sasl.login.retry.backoff.max.ms = 10000
	sasl.login.retry.backoff.ms = 100
	sasl.mechanism = GSSAPI
	sasl.oauthbearer.clock.skew.seconds = 30
	sasl.oauthbearer.expected.audience = null
	sasl.oauthbearer.expected.issuer = null
	sasl.oauthbearer.header.urlencode = false
	sasl.oauthbearer.jwks.endpoint.refresh.ms = 3600000
	sasl.oauthbearer.jwks.endpoint.retry.backoff.max.ms = 10000
	sasl.oauthbearer.jwks.endpoint.retry.backoff.ms = 100
	sasl.oauthbearer.jwks.endpoint.url = null
	sasl.oauthbearer.scope.claim.name = scope
	sasl.oauthbearer.sub.claim.name = sub
	sasl.oauthbearer.token.endpoint.url = null
	security.protocol = PLAINTEXT
	security.providers = null
	send.buffer.bytes = 131072
	session.timeout.ms = 45000
	socket.connection.setup.timeout.max.ms = 30000
	socket.connection.setup.timeout.ms = 10000
	ssl.cipher.suites = null
	ssl.enabled.protocols = [TLSv1.2, TLSv1.3]
	ssl.endpoint.identification.algorithm = https
	ssl.engine.factory.class = null
	ssl.key.password = null
	ssl.keymanager.algorithm = SunX509
	ssl.keystore.certificate.chain = null
	ssl.keystore.key = null
	ssl.keystore.location = null
	ssl.keystore.password = null
	ssl.keystore.type = JKS
	ssl.protocol = TLSv1.3
	ssl.provider = null
	ssl.secure.random.implementation = null
	ssl.trustmanager.algorithm = PKIX
	ssl.truststore.certificates = null
	ssl.truststore.location = null
	ssl.truststore.password = null
	ssl.truststore.type = JKS
	value.deserializer = class io.apicurio.registry.serde.avro.AvroKafkaDeserializer

2025-08-07 12:26:13,052 INFO  [org.apa.kaf.com.tel.int.KafkaMetricsCollector] (main) initializing Kafka metrics collector
2025-08-07 12:26:13,057 INFO  [org.apa.kaf.cli.Metadata] (kafka-producer-network-thread | Producer-topic-233755b2_628f_4123_afa1_427d00f5419a) [Producer clientId=Producer-topic-233755b2_628f_4123_afa1_427d00f5419a] Cluster ID: w_73WABzQ2iBfYWfnNB4Cg
2025-08-07 12:26:13,059 INFO  [org.apa.kaf.cli.pro.int.TransactionManager] (kafka-producer-network-thread | Producer-topic-233755b2_628f_4123_afa1_427d00f5419a) [Producer clientId=Producer-topic-233755b2_628f_4123_afa1_427d00f5419a] ProducerId set to 21 with epoch 0
2025-08-07 12:26:13,063 INFO  [org.apa.kaf.cli.con.ConsumerConfig] (main) These configurations '[apicurio.registry.url]' were supplied but are not used yet.
2025-08-07 12:26:13,064 INFO  [org.apa.kaf.com.uti.AppInfoParser] (main) Kafka version: 3.9.1
2025-08-07 12:26:13,064 INFO  [org.apa.kaf.com.uti.AppInfoParser] (main) Kafka commitId: f745dfdcee2b9851
2025-08-07 12:26:13,064 INFO  [org.apa.kaf.com.uti.AppInfoParser] (main) Kafka startTimeMs: 1754569573064
**** Registry Base URL: http://registry-app-mysql.apps.ci419.apicurio-testing.org:80
2025-08-07 12:26:13,064 INFO  [org.apa.kaf.cli.con.ConsumerConfig] (main) ConsumerConfig values: 
	allow.auto.create.topics = true
	auto.commit.interval.ms = 500
	auto.include.jmx.reporter = true
	auto.offset.reset = earliest
	bootstrap.servers = [PLAINTEXT://localhost:32769]
	check.crcs = true
	client.dns.lookup = use_all_dns_ips
	client.id = consumer-Consumer-topic-b0715894_6563_4bca_9c3f_64a8b950073a-15
	client.rack = 
	connections.max.idle.ms = 10000
	default.api.timeout.ms = 60000
	enable.auto.commit = true
	enable.metrics.push = true
	exclude.internal.topics = true
	fetch.max.bytes = 52428800
	fetch.max.wait.ms = 500
	fetch.min.bytes = 1
	group.id = Consumer-topic-b0715894_6563_4bca_9c3f_64a8b950073a
	group.instance.id = null
	group.protocol = classic
	group.remote.assignor = null
	heartbeat.interval.ms = 3000
	interceptor.classes = []
	internal.leave.group.on.close = true
	internal.throw.on.fetch.stable.offset.unsupported = false
	isolation.level = read_uncommitted
	key.deserializer = class org.apache.kafka.common.serialization.StringDeserializer
	max.partition.fetch.bytes = 1048576
	max.poll.interval.ms = 300000
	max.poll.records = 500
	metadata.max.age.ms = 300000
	metadata.recovery.strategy = none
	metric.reporters = []
	metrics.num.samples = 2
	metrics.recording.level = INFO
	metrics.sample.window.ms = 30000
	partition.assignment.strategy = [class org.apache.kafka.clients.consumer.RangeAssignor, class org.apache.kafka.clients.consumer.CooperativeStickyAssignor]
	receive.buffer.bytes = 65536
	reconnect.backoff.max.ms = 1000
	reconnect.backoff.ms = 50
	request.timeout.ms = 5000
	retry.backoff.max.ms = 1000
	retry.backoff.ms = 100
	sasl.client.callback.handler.class = null
	sasl.jaas.config = null
	sasl.kerberos.kinit.cmd = /usr/bin/kinit
	sasl.kerberos.min.time.before.relogin = 60000
	sasl.kerberos.service.name = null
	sasl.kerberos.ticket.renew.jitter = 0.05
	sasl.kerberos.ticket.renew.window.factor = 0.8
	sasl.login.callback.handler.class = null
	sasl.login.class = null
	sasl.login.connect.timeout.ms = null
	sasl.login.read.timeout.ms = null
	sasl.login.refresh.buffer.seconds = 300
	sasl.login.refresh.min.period.seconds = 60
	sasl.login.refresh.window.factor = 0.8
	sasl.login.refresh.window.jitter = 0.05
	sasl.login.retry.backoff.max.ms = 10000
	sasl.login.retry.backoff.ms = 100
	sasl.mechanism = GSSAPI
	sasl.oauthbearer.clock.skew.seconds = 30
	sasl.oauthbearer.expected.audience = null
	sasl.oauthbearer.expected.issuer = null
	sasl.oauthbearer.header.urlencode = false
	sasl.oauthbearer.jwks.endpoint.refresh.ms = 3600000
	sasl.oauthbearer.jwks.endpoint.retry.backoff.max.ms = 10000
	sasl.oauthbearer.jwks.endpoint.retry.backoff.ms = 100
	sasl.oauthbearer.jwks.endpoint.url = null
	sasl.oauthbearer.scope.claim.name = scope
	sasl.oauthbearer.sub.claim.name = sub
	sasl.oauthbearer.token.endpoint.url = null
	security.protocol = PLAINTEXT
	security.providers = null
	send.buffer.bytes = 131072
	session.timeout.ms = 45000
	socket.connection.setup.timeout.max.ms = 30000
	socket.connection.setup.timeout.ms = 10000
	ssl.cipher.suites = null
	ssl.enabled.protocols = [TLSv1.2, TLSv1.3]
	ssl.endpoint.identification.algorithm = https
	ssl.engine.factory.class = null
	ssl.key.password = null
	ssl.keymanager.algorithm = SunX509
	ssl.keystore.certificate.chain = null
	ssl.keystore.key = null
	ssl.keystore.location = null
	ssl.keystore.password = null
	ssl.keystore.type = JKS
	ssl.protocol = TLSv1.3
	ssl.provider = null
	ssl.secure.random.implementation = null
	ssl.trustmanager.algorithm = PKIX
	ssl.truststore.certificates = null
	ssl.truststore.location = null
	ssl.truststore.password = null
	ssl.truststore.type = JKS
	value.deserializer = class io.apicurio.registry.serde.avro.AvroKafkaDeserializer

2025-08-07 12:26:13,064 INFO  [org.apa.kaf.com.tel.int.KafkaMetricsCollector] (main) initializing Kafka metrics collector
2025-08-07 12:26:13,068 INFO  [org.apa.kaf.cli.con.ConsumerConfig] (main) These configurations '[apicurio.registry.url]' were supplied but are not used yet.
2025-08-07 12:26:13,069 INFO  [org.apa.kaf.com.uti.AppInfoParser] (main) Kafka version: 3.9.1
2025-08-07 12:26:13,069 INFO  [org.apa.kaf.com.uti.AppInfoParser] (main) Kafka commitId: f745dfdcee2b9851
2025-08-07 12:26:13,069 INFO  [org.apa.kaf.com.uti.AppInfoParser] (main) Kafka startTimeMs: 1754569573068
**** Registry Base URL: http://registry-app-mysql.apps.ci419.apicurio-testing.org:80
2025-08-07 12:26:13,069 INFO  [org.apa.kaf.cli.con.ConsumerConfig] (main) ConsumerConfig values: 
	allow.auto.create.topics = true
	auto.commit.interval.ms = 500
	auto.include.jmx.reporter = true
	auto.offset.reset = earliest
	bootstrap.servers = [PLAINTEXT://localhost:32769]
	check.crcs = true
	client.dns.lookup = use_all_dns_ips
	client.id = consumer-Consumer-topic-233755b2_628f_4123_afa1_427d00f5419a-16
	client.rack = 
	connections.max.idle.ms = 10000
	default.api.timeout.ms = 60000
	enable.auto.commit = true
	enable.metrics.push = true
	exclude.internal.topics = true
	fetch.max.bytes = 52428800
	fetch.max.wait.ms = 500
	fetch.min.bytes = 1
	group.id = Consumer-topic-233755b2_628f_4123_afa1_427d00f5419a
	group.instance.id = null
	group.protocol = classic
	group.remote.assignor = null
	heartbeat.interval.ms = 3000
	interceptor.classes = []
	internal.leave.group.on.close = true
	internal.throw.on.fetch.stable.offset.unsupported = false
	isolation.level = read_uncommitted
	key.deserializer = class org.apache.kafka.common.serialization.StringDeserializer
	max.partition.fetch.bytes = 1048576
	max.poll.interval.ms = 300000
	max.poll.records = 500
	metadata.max.age.ms = 300000
	metadata.recovery.strategy = none
	metric.reporters = []
	metrics.num.samples = 2
	metrics.recording.level = INFO
	metrics.sample.window.ms = 30000
	partition.assignment.strategy = [class org.apache.kafka.clients.consumer.RangeAssignor, class org.apache.kafka.clients.consumer.CooperativeStickyAssignor]
	receive.buffer.bytes = 65536
	reconnect.backoff.max.ms = 1000
	reconnect.backoff.ms = 50
	request.timeout.ms = 5000
	retry.backoff.max.ms = 1000
	retry.backoff.ms = 100
	sasl.client.callback.handler.class = null
	sasl.jaas.config = null
	sasl.kerberos.kinit.cmd = /usr/bin/kinit
	sasl.kerberos.min.time.before.relogin = 60000
	sasl.kerberos.service.name = null
	sasl.kerberos.ticket.renew.jitter = 0.05
	sasl.kerberos.ticket.renew.window.factor = 0.8
	sasl.login.callback.handler.class = null
	sasl.login.class = null
	sasl.login.connect.timeout.ms = null
	sasl.login.read.timeout.ms = null
	sasl.login.refresh.buffer.seconds = 300
	sasl.login.refresh.min.period.seconds = 60
	sasl.login.refresh.window.factor = 0.8
	sasl.login.refresh.window.jitter = 0.05
	sasl.login.retry.backoff.max.ms = 10000
	sasl.login.retry.backoff.ms = 100
	sasl.mechanism = GSSAPI
	sasl.oauthbearer.clock.skew.seconds = 30
	sasl.oauthbearer.expected.audience = null
	sasl.oauthbearer.expected.issuer = null
	sasl.oauthbearer.header.urlencode = false
	sasl.oauthbearer.jwks.endpoint.refresh.ms = 3600000
	sasl.oauthbearer.jwks.endpoint.retry.backoff.max.ms = 10000
	sasl.oauthbearer.jwks.endpoint.retry.backoff.ms = 100
	sasl.oauthbearer.jwks.endpoint.url = null
	sasl.oauthbearer.scope.claim.name = scope
	sasl.oauthbearer.sub.claim.name = sub
	sasl.oauthbearer.token.endpoint.url = null
	security.protocol = PLAINTEXT
	security.providers = null
	send.buffer.bytes = 131072
	session.timeout.ms = 45000
	socket.connection.setup.timeout.max.ms = 30000
	socket.connection.setup.timeout.ms = 10000
	ssl.cipher.suites = null
	ssl.enabled.protocols = [TLSv1.2, TLSv1.3]
	ssl.endpoint.identification.algorithm = https
	ssl.engine.factory.class = null
	ssl.key.password = null
	ssl.keymanager.algorithm = SunX509
	ssl.keystore.certificate.chain = null
	ssl.keystore.key = null
	ssl.keystore.location = null
	ssl.keystore.password = null
	ssl.keystore.type = JKS
	ssl.protocol = TLSv1.3
	ssl.provider = null
	ssl.secure.random.implementation = null
	ssl.trustmanager.algorithm = PKIX
	ssl.truststore.certificates = null
	ssl.truststore.location = null
	ssl.truststore.password = null
	ssl.truststore.type = JKS
	value.deserializer = class io.apicurio.registry.serde.avro.AvroKafkaDeserializer

2025-08-07 12:26:13,069 INFO  [org.apa.kaf.com.tel.int.KafkaMetricsCollector] (main) initializing Kafka metrics collector
2025-08-07 12:26:13,074 INFO  [org.apa.kaf.cli.con.ConsumerConfig] (main) These configurations '[apicurio.registry.url]' were supplied but are not used yet.
2025-08-07 12:26:13,074 INFO  [org.apa.kaf.com.uti.AppInfoParser] (main) Kafka version: 3.9.1
2025-08-07 12:26:13,074 INFO  [org.apa.kaf.com.uti.AppInfoParser] (main) Kafka commitId: f745dfdcee2b9851
2025-08-07 12:26:13,074 INFO  [org.apa.kaf.com.uti.AppInfoParser] (main) Kafka startTimeMs: 1754569573074
2025-08-07 12:26:13,075 INFO  [io.api.tes.ser.api.KafkaSerdesTester] (Thread-713) Sending message {"key11754569571824": "value-0"} to topic topic-1227d3bb_d237_47c3_b13a_47be574430d9
2025-08-07 12:26:13,079 INFO  [DefaultSchemaResolver] (Thread-713) Retrieving schema content using string: {"type":"record","name":"myrecordconfluent","fields":[{"name":"key11754569571824","type":"string"}]}
2025-08-07 12:26:13,248 INFO  [io.api.tes.ser.api.KafkaSerdesTester] (Thread-713) Sending message {"key11754569571824": "value-1"} to topic topic-1227d3bb_d237_47c3_b13a_47be574430d9
2025-08-07 12:26:13,250 INFO  [io.api.tes.ser.api.KafkaSerdesTester] (Thread-713) Sending message {"key11754569571824": "value-2"} to topic topic-1227d3bb_d237_47c3_b13a_47be574430d9
2025-08-07 12:26:13,251 INFO  [io.api.tes.ser.api.KafkaSerdesTester] (Thread-713) Sending message {"key11754569571824": "value-3"} to topic topic-1227d3bb_d237_47c3_b13a_47be574430d9
2025-08-07 12:26:13,252 INFO  [io.api.tes.ser.api.KafkaSerdesTester] (Thread-713) Sending message {"key11754569571824": "value-4"} to topic topic-1227d3bb_d237_47c3_b13a_47be574430d9
2025-08-07 12:26:13,253 INFO  [io.api.tes.ser.api.KafkaSerdesTester] (Thread-713) Sending message {"key11754569571824": "value-5"} to topic topic-1227d3bb_d237_47c3_b13a_47be574430d9
2025-08-07 12:26:13,254 INFO  [io.api.tes.ser.api.KafkaSerdesTester] (Thread-713) Sending message {"key11754569571824": "value-6"} to topic topic-1227d3bb_d237_47c3_b13a_47be574430d9
2025-08-07 12:26:13,256 INFO  [io.api.tes.ser.api.KafkaSerdesTester] (Thread-713) Sending message {"key11754569571824": "value-7"} to topic topic-1227d3bb_d237_47c3_b13a_47be574430d9
2025-08-07 12:26:13,257 INFO  [io.api.tes.ser.api.KafkaSerdesTester] (Thread-713) Sending message {"key11754569571824": "value-8"} to topic topic-1227d3bb_d237_47c3_b13a_47be574430d9
2025-08-07 12:26:13,258 INFO  [io.api.tes.ser.api.KafkaSerdesTester] (Thread-713) Sending message {"key11754569571824": "value-9"} to topic topic-1227d3bb_d237_47c3_b13a_47be574430d9
2025-08-07 12:26:13,259 INFO  [io.api.tes.ser.api.KafkaSerdesTester] (Thread-713) Produced 10 messages
2025-08-07 12:26:13,259 INFO  [org.apa.kaf.cli.pro.KafkaProducer] (Thread-713) [Producer clientId=Producer-topic-1227d3bb_d237_47c3_b13a_47be574430d9] Closing the Kafka producer with timeoutMillis = 9223372036854775807 ms.
2025-08-07 12:26:13,261 INFO  [org.apa.kaf.com.met.Metrics] (Thread-713) Metrics scheduler closed
2025-08-07 12:26:13,261 INFO  [org.apa.kaf.com.met.Metrics] (Thread-713) Closing reporter org.apache.kafka.common.metrics.JmxReporter
2025-08-07 12:26:13,261 INFO  [org.apa.kaf.com.met.Metrics] (Thread-713) Closing reporter org.apache.kafka.common.telemetry.internals.ClientTelemetryReporter
2025-08-07 12:26:13,261 INFO  [org.apa.kaf.com.met.Metrics] (Thread-713) Metrics reporters closed
2025-08-07 12:26:13,261 INFO  [org.apa.kaf.com.uti.AppInfoParser] (Thread-713) App info kafka.producer for Producer-topic-1227d3bb_d237_47c3_b13a_47be574430d9 unregistered
2025-08-07 12:26:13,263 INFO  [io.api.tes.ser.api.KafkaSerdesTester] (Thread-714) Sending message {"key11754569571824": "value-0"} to topic topic-b0715894_6563_4bca_9c3f_64a8b950073a
2025-08-07 12:26:13,268 INFO  [DefaultSchemaResolver] (Thread-714) Retrieving schema content using string: {"type":"record","name":"myrecordconfluent","fields":[{"name":"key11754569571824","type":"string"}]}
2025-08-07 12:26:13,451 INFO  [io.api.tes.ser.api.KafkaSerdesTester] (Thread-714) Sending message {"key11754569571824": "value-1"} to topic topic-b0715894_6563_4bca_9c3f_64a8b950073a
2025-08-07 12:26:13,452 INFO  [io.api.tes.ser.api.KafkaSerdesTester] (Thread-714) Sending message {"key11754569571824": "value-2"} to topic topic-b0715894_6563_4bca_9c3f_64a8b950073a
2025-08-07 12:26:13,453 INFO  [io.api.tes.ser.api.KafkaSerdesTester] (Thread-714) Sending message {"key11754569571824": "value-3"} to topic topic-b0715894_6563_4bca_9c3f_64a8b950073a
2025-08-07 12:26:13,454 INFO  [io.api.tes.ser.api.KafkaSerdesTester] (Thread-714) Sending message {"key11754569571824": "value-4"} to topic topic-b0715894_6563_4bca_9c3f_64a8b950073a
2025-08-07 12:26:13,457 INFO  [io.api.tes.ser.api.KafkaSerdesTester] (Thread-714) Sending message {"key11754569571824": "value-5"} to topic topic-b0715894_6563_4bca_9c3f_64a8b950073a
2025-08-07 12:26:13,458 INFO  [io.api.tes.ser.api.KafkaSerdesTester] (Thread-714) Sending message {"key11754569571824": "value-6"} to topic topic-b0715894_6563_4bca_9c3f_64a8b950073a
2025-08-07 12:26:13,459 INFO  [io.api.tes.ser.api.KafkaSerdesTester] (Thread-714) Sending message {"key11754569571824": "value-7"} to topic topic-b0715894_6563_4bca_9c3f_64a8b950073a
2025-08-07 12:26:13,460 INFO  [io.api.tes.ser.api.KafkaSerdesTester] (Thread-714) Sending message {"key11754569571824": "value-8"} to topic topic-b0715894_6563_4bca_9c3f_64a8b950073a
2025-08-07 12:26:13,461 INFO  [io.api.tes.ser.api.KafkaSerdesTester] (Thread-714) Sending message {"key11754569571824": "value-9"} to topic topic-b0715894_6563_4bca_9c3f_64a8b950073a
2025-08-07 12:26:13,465 INFO  [io.api.tes.ser.api.KafkaSerdesTester] (Thread-714) Produced 10 messages
2025-08-07 12:26:13,465 INFO  [org.apa.kaf.cli.pro.KafkaProducer] (Thread-714) [Producer clientId=Producer-topic-b0715894_6563_4bca_9c3f_64a8b950073a] Closing the Kafka producer with timeoutMillis = 9223372036854775807 ms.
2025-08-07 12:26:13,467 INFO  [org.apa.kaf.com.met.Metrics] (Thread-714) Metrics scheduler closed
2025-08-07 12:26:13,467 INFO  [org.apa.kaf.com.met.Metrics] (Thread-714) Closing reporter org.apache.kafka.common.metrics.JmxReporter
2025-08-07 12:26:13,467 INFO  [org.apa.kaf.com.met.Metrics] (Thread-714) Closing reporter org.apache.kafka.common.telemetry.internals.ClientTelemetryReporter
2025-08-07 12:26:13,467 INFO  [org.apa.kaf.com.met.Metrics] (Thread-714) Metrics reporters closed
2025-08-07 12:26:13,468 INFO  [org.apa.kaf.com.uti.AppInfoParser] (Thread-714) App info kafka.producer for Producer-topic-b0715894_6563_4bca_9c3f_64a8b950073a unregistered
2025-08-07 12:26:13,468 INFO  [io.api.tes.ser.api.KafkaSerdesTester] (Thread-715) Sending message {"key11754569571824": "value-0"} to topic topic-233755b2_628f_4123_afa1_427d00f5419a
2025-08-07 12:26:13,473 INFO  [DefaultSchemaResolver] (Thread-715) Retrieving schema content using string: {"type":"record","name":"myrecordconfluent","fields":[{"name":"key11754569571824","type":"string"}]}
2025-08-07 12:26:13,650 INFO  [io.api.tes.ser.api.KafkaSerdesTester] (Thread-715) Sending message {"key11754569571824": "value-1"} to topic topic-233755b2_628f_4123_afa1_427d00f5419a
2025-08-07 12:26:13,651 INFO  [io.api.tes.ser.api.KafkaSerdesTester] (Thread-715) Sending message {"key11754569571824": "value-2"} to topic topic-233755b2_628f_4123_afa1_427d00f5419a
2025-08-07 12:26:13,652 INFO  [io.api.tes.ser.api.KafkaSerdesTester] (Thread-715) Sending message {"key11754569571824": "value-3"} to topic topic-233755b2_628f_4123_afa1_427d00f5419a
2025-08-07 12:26:13,654 INFO  [io.api.tes.ser.api.KafkaSerdesTester] (Thread-715) Sending message {"key11754569571824": "value-4"} to topic topic-233755b2_628f_4123_afa1_427d00f5419a
2025-08-07 12:26:13,657 INFO  [io.api.tes.ser.api.KafkaSerdesTester] (Thread-715) Sending message {"key11754569571824": "value-5"} to topic topic-233755b2_628f_4123_afa1_427d00f5419a
2025-08-07 12:26:13,658 INFO  [io.api.tes.ser.api.KafkaSerdesTester] (Thread-715) Sending message {"key11754569571824": "value-6"} to topic topic-233755b2_628f_4123_afa1_427d00f5419a
2025-08-07 12:26:13,660 INFO  [io.api.tes.ser.api.KafkaSerdesTester] (Thread-715) Sending message {"key11754569571824": "value-7"} to topic topic-233755b2_628f_4123_afa1_427d00f5419a
2025-08-07 12:26:13,662 INFO  [io.api.tes.ser.api.KafkaSerdesTester] (Thread-715) Sending message {"key11754569571824": "value-8"} to topic topic-233755b2_628f_4123_afa1_427d00f5419a
2025-08-07 12:26:13,663 INFO  [io.api.tes.ser.api.KafkaSerdesTester] (Thread-715) Sending message {"key11754569571824": "value-9"} to topic topic-233755b2_628f_4123_afa1_427d00f5419a
2025-08-07 12:26:13,664 INFO  [io.api.tes.ser.api.KafkaSerdesTester] (Thread-715) Produced 10 messages
2025-08-07 12:26:13,664 INFO  [org.apa.kaf.cli.pro.KafkaProducer] (Thread-715) [Producer clientId=Producer-topic-233755b2_628f_4123_afa1_427d00f5419a] Closing the Kafka producer with timeoutMillis = 9223372036854775807 ms.
2025-08-07 12:26:13,666 INFO  [org.apa.kaf.com.met.Metrics] (Thread-715) Metrics scheduler closed
2025-08-07 12:26:13,666 INFO  [org.apa.kaf.com.met.Metrics] (Thread-715) Closing reporter org.apache.kafka.common.metrics.JmxReporter
2025-08-07 12:26:13,666 INFO  [org.apa.kaf.com.met.Metrics] (Thread-715) Closing reporter org.apache.kafka.common.telemetry.internals.ClientTelemetryReporter
2025-08-07 12:26:13,666 INFO  [org.apa.kaf.com.met.Metrics] (Thread-715) Metrics reporters closed
2025-08-07 12:26:13,667 INFO  [org.apa.kaf.com.uti.AppInfoParser] (Thread-715) App info kafka.producer for Producer-topic-233755b2_628f_4123_afa1_427d00f5419a unregistered
2025-08-07 12:26:13,667 INFO  [org.apa.kaf.cli.con.int.ClassicKafkaConsumer] (Thread-716) [Consumer clientId=consumer-Consumer-topic-1227d3bb_d237_47c3_b13a_47be574430d9-14, groupId=Consumer-topic-1227d3bb_d237_47c3_b13a_47be574430d9] Subscribed to topic(s): topic-1227d3bb_d237_47c3_b13a_47be574430d9
2025-08-07 12:26:13,674 INFO  [org.apa.kaf.cli.Metadata] (Thread-716) [Consumer clientId=consumer-Consumer-topic-1227d3bb_d237_47c3_b13a_47be574430d9-14, groupId=Consumer-topic-1227d3bb_d237_47c3_b13a_47be574430d9] Cluster ID: w_73WABzQ2iBfYWfnNB4Cg
2025-08-07 12:26:13,674 INFO  [org.apa.kaf.cli.con.int.ConsumerCoordinator] (Thread-716) [Consumer clientId=consumer-Consumer-topic-1227d3bb_d237_47c3_b13a_47be574430d9-14, groupId=Consumer-topic-1227d3bb_d237_47c3_b13a_47be574430d9] Discovered group coordinator localhost:32769 (id: 2147483647 rack: null)
2025-08-07 12:26:13,676 INFO  [org.apa.kaf.cli.con.int.ConsumerCoordinator] (Thread-716) [Consumer clientId=consumer-Consumer-topic-1227d3bb_d237_47c3_b13a_47be574430d9-14, groupId=Consumer-topic-1227d3bb_d237_47c3_b13a_47be574430d9] (Re-)joining group
2025-08-07 12:26:13,680 INFO  [org.apa.kaf.cli.con.int.ConsumerCoordinator] (Thread-716) [Consumer clientId=consumer-Consumer-topic-1227d3bb_d237_47c3_b13a_47be574430d9-14, groupId=Consumer-topic-1227d3bb_d237_47c3_b13a_47be574430d9] Request joining group due to: need to re-join with the given member-id: consumer-Consumer-topic-1227d3bb_d237_47c3_b13a_47be574430d9-14-c3cfccb5-612e-4625-bf7e-ea0009f25c43
2025-08-07 12:26:13,681 INFO  [org.apa.kaf.cli.con.int.ConsumerCoordinator] (Thread-716) [Consumer clientId=consumer-Consumer-topic-1227d3bb_d237_47c3_b13a_47be574430d9-14, groupId=Consumer-topic-1227d3bb_d237_47c3_b13a_47be574430d9] (Re-)joining group
2025-08-07 12:26:14,668 INFO  [io.api.tes.ser.api.KafkaSerdesTester] (Thread-716) None found
2025-08-07 12:26:15,668 INFO  [io.api.tes.ser.api.KafkaSerdesTester] (Thread-716) None found
2025-08-07 12:26:16,669 INFO  [io.api.tes.ser.api.KafkaSerdesTester] (Thread-716) None found
2025-08-07 12:26:16,686 INFO  [org.apa.kaf.cli.con.int.ConsumerCoordinator] (Thread-716) [Consumer clientId=consumer-Consumer-topic-1227d3bb_d237_47c3_b13a_47be574430d9-14, groupId=Consumer-topic-1227d3bb_d237_47c3_b13a_47be574430d9] Successfully joined group with generation Generation{generationId=1, memberId='consumer-Consumer-topic-1227d3bb_d237_47c3_b13a_47be574430d9-14-c3cfccb5-612e-4625-bf7e-ea0009f25c43', protocol='range'}
2025-08-07 12:26:16,687 INFO  [org.apa.kaf.cli.con.int.ConsumerCoordinator] (Thread-716) [Consumer clientId=consumer-Consumer-topic-1227d3bb_d237_47c3_b13a_47be574430d9-14, groupId=Consumer-topic-1227d3bb_d237_47c3_b13a_47be574430d9] Finished assignment for group at generation 1: {consumer-Consumer-topic-1227d3bb_d237_47c3_b13a_47be574430d9-14-c3cfccb5-612e-4625-bf7e-ea0009f25c43=Assignment(partitions=[topic-1227d3bb_d237_47c3_b13a_47be574430d9-0])}
2025-08-07 12:26:16,694 INFO  [org.apa.kaf.cli.con.int.ConsumerCoordinator] (Thread-716) [Consumer clientId=consumer-Consumer-topic-1227d3bb_d237_47c3_b13a_47be574430d9-14, groupId=Consumer-topic-1227d3bb_d237_47c3_b13a_47be574430d9] Successfully synced group in generation Generation{generationId=1, memberId='consumer-Consumer-topic-1227d3bb_d237_47c3_b13a_47be574430d9-14-c3cfccb5-612e-4625-bf7e-ea0009f25c43', protocol='range'}
2025-08-07 12:26:16,694 INFO  [org.apa.kaf.cli.con.int.ConsumerCoordinator] (Thread-716) [Consumer clientId=consumer-Consumer-topic-1227d3bb_d237_47c3_b13a_47be574430d9-14, groupId=Consumer-topic-1227d3bb_d237_47c3_b13a_47be574430d9] Notifying assignor about the new Assignment(partitions=[topic-1227d3bb_d237_47c3_b13a_47be574430d9-0])
2025-08-07 12:26:16,694 INFO  [org.apa.kaf.cli.con.int.ConsumerRebalanceListenerInvoker] (Thread-716) [Consumer clientId=consumer-Consumer-topic-1227d3bb_d237_47c3_b13a_47be574430d9-14, groupId=Consumer-topic-1227d3bb_d237_47c3_b13a_47be574430d9] Adding newly assigned partitions: topic-1227d3bb_d237_47c3_b13a_47be574430d9-0
2025-08-07 12:26:16,695 INFO  [org.apa.kaf.cli.con.int.ConsumerCoordinator] (Thread-716) [Consumer clientId=consumer-Consumer-topic-1227d3bb_d237_47c3_b13a_47be574430d9-14, groupId=Consumer-topic-1227d3bb_d237_47c3_b13a_47be574430d9] Found no committed offset for partition topic-1227d3bb_d237_47c3_b13a_47be574430d9-0
2025-08-07 12:26:16,697 INFO  [org.apa.kaf.cli.con.int.SubscriptionState] (Thread-716) [Consumer clientId=consumer-Consumer-topic-1227d3bb_d237_47c3_b13a_47be574430d9-14, groupId=Consumer-topic-1227d3bb_d237_47c3_b13a_47be574430d9] Resetting offset for partition topic-1227d3bb_d237_47c3_b13a_47be574430d9-0 to position FetchPosition{offset=0, offsetEpoch=Optional.empty, currentLeader=LeaderAndEpoch{leader=Optional[localhost:32769 (id: 0 rack: null)], epoch=0}}.
2025-08-07 12:26:16,953 INFO  [io.api.tes.ser.api.KafkaSerdesTester] (Thread-716) topic-1227d3bb_d237_47c3_b13a_47be574430d9 0 0 {"key11754569571824": "value-0"}
2025-08-07 12:26:16,953 INFO  [io.api.tes.ser.api.KafkaSerdesTester] (Thread-716) topic-1227d3bb_d237_47c3_b13a_47be574430d9 0 1 {"key11754569571824": "value-1"}
2025-08-07 12:26:16,953 INFO  [io.api.tes.ser.api.KafkaSerdesTester] (Thread-716) topic-1227d3bb_d237_47c3_b13a_47be574430d9 0 2 {"key11754569571824": "value-2"}
2025-08-07 12:26:16,954 INFO  [io.api.tes.ser.api.KafkaSerdesTester] (Thread-716) topic-1227d3bb_d237_47c3_b13a_47be574430d9 0 3 {"key11754569571824": "value-3"}
2025-08-07 12:26:16,954 INFO  [io.api.tes.ser.api.KafkaSerdesTester] (Thread-716) topic-1227d3bb_d237_47c3_b13a_47be574430d9 0 4 {"key11754569571824": "value-4"}
2025-08-07 12:26:16,954 INFO  [io.api.tes.ser.api.KafkaSerdesTester] (Thread-716) topic-1227d3bb_d237_47c3_b13a_47be574430d9 0 5 {"key11754569571824": "value-5"}
2025-08-07 12:26:16,954 INFO  [io.api.tes.ser.api.KafkaSerdesTester] (Thread-716) topic-1227d3bb_d237_47c3_b13a_47be574430d9 0 6 {"key11754569571824": "value-6"}
2025-08-07 12:26:16,954 INFO  [io.api.tes.ser.api.KafkaSerdesTester] (Thread-716) topic-1227d3bb_d237_47c3_b13a_47be574430d9 0 7 {"key11754569571824": "value-7"}
2025-08-07 12:26:16,954 INFO  [io.api.tes.ser.api.KafkaSerdesTester] (Thread-716) topic-1227d3bb_d237_47c3_b13a_47be574430d9 0 8 {"key11754569571824": "value-8"}
2025-08-07 12:26:16,954 INFO  [io.api.tes.ser.api.KafkaSerdesTester] (Thread-716) topic-1227d3bb_d237_47c3_b13a_47be574430d9 0 9 {"key11754569571824": "value-9"}
2025-08-07 12:26:16,954 INFO  [io.api.tes.ser.api.KafkaSerdesTester] (Thread-716) Consumed 10 messages
2025-08-07 12:26:16,962 INFO  [org.apa.kaf.cli.con.int.ConsumerRebalanceListenerInvoker] (Thread-716) [Consumer clientId=consumer-Consumer-topic-1227d3bb_d237_47c3_b13a_47be574430d9-14, groupId=Consumer-topic-1227d3bb_d237_47c3_b13a_47be574430d9] Revoke previously assigned partitions topic-1227d3bb_d237_47c3_b13a_47be574430d9-0
2025-08-07 12:26:16,962 INFO  [org.apa.kaf.cli.con.int.ConsumerCoordinator] (Thread-716) [Consumer clientId=consumer-Consumer-topic-1227d3bb_d237_47c3_b13a_47be574430d9-14, groupId=Consumer-topic-1227d3bb_d237_47c3_b13a_47be574430d9] Member consumer-Consumer-topic-1227d3bb_d237_47c3_b13a_47be574430d9-14-c3cfccb5-612e-4625-bf7e-ea0009f25c43 sending LeaveGroup request to coordinator localhost:32769 (id: 2147483647 rack: null) due to the consumer is being closed
2025-08-07 12:26:16,963 INFO  [org.apa.kaf.cli.con.int.ConsumerCoordinator] (Thread-716) [Consumer clientId=consumer-Consumer-topic-1227d3bb_d237_47c3_b13a_47be574430d9-14, groupId=Consumer-topic-1227d3bb_d237_47c3_b13a_47be574430d9] Resetting generation and member id due to: consumer pro-actively leaving the group
2025-08-07 12:26:16,963 INFO  [org.apa.kaf.cli.con.int.ConsumerCoordinator] (Thread-716) [Consumer clientId=consumer-Consumer-topic-1227d3bb_d237_47c3_b13a_47be574430d9-14, groupId=Consumer-topic-1227d3bb_d237_47c3_b13a_47be574430d9] Request joining group due to: consumer pro-actively leaving the group
2025-08-07 12:26:17,457 INFO  [org.apa.kaf.com.met.Metrics] (Thread-716) Metrics scheduler closed
2025-08-07 12:26:17,457 INFO  [org.apa.kaf.com.met.Metrics] (Thread-716) Closing reporter org.apache.kafka.common.metrics.JmxReporter
2025-08-07 12:26:17,457 INFO  [org.apa.kaf.com.met.Metrics] (Thread-716) Closing reporter org.apache.kafka.common.telemetry.internals.ClientTelemetryReporter
2025-08-07 12:26:17,457 INFO  [org.apa.kaf.com.met.Metrics] (Thread-716) Metrics reporters closed
2025-08-07 12:26:17,459 INFO  [org.apa.kaf.com.uti.AppInfoParser] (Thread-716) App info kafka.consumer for consumer-Consumer-topic-1227d3bb_d237_47c3_b13a_47be574430d9-14 unregistered
2025-08-07 12:26:17,461 INFO  [org.apa.kaf.cli.con.int.ClassicKafkaConsumer] (Thread-717) [Consumer clientId=consumer-Consumer-topic-b0715894_6563_4bca_9c3f_64a8b950073a-15, groupId=Consumer-topic-b0715894_6563_4bca_9c3f_64a8b950073a] Subscribed to topic(s): topic-b0715894_6563_4bca_9c3f_64a8b950073a
2025-08-07 12:26:17,467 INFO  [org.apa.kaf.cli.Metadata] (Thread-717) [Consumer clientId=consumer-Consumer-topic-b0715894_6563_4bca_9c3f_64a8b950073a-15, groupId=Consumer-topic-b0715894_6563_4bca_9c3f_64a8b950073a] Cluster ID: w_73WABzQ2iBfYWfnNB4Cg
2025-08-07 12:26:17,468 INFO  [org.apa.kaf.cli.con.int.ConsumerCoordinator] (Thread-717) [Consumer clientId=consumer-Consumer-topic-b0715894_6563_4bca_9c3f_64a8b950073a-15, groupId=Consumer-topic-b0715894_6563_4bca_9c3f_64a8b950073a] Discovered group coordinator localhost:32769 (id: 2147483647 rack: null)
2025-08-07 12:26:17,469 INFO  [org.apa.kaf.cli.con.int.ConsumerCoordinator] (Thread-717) [Consumer clientId=consumer-Consumer-topic-b0715894_6563_4bca_9c3f_64a8b950073a-15, groupId=Consumer-topic-b0715894_6563_4bca_9c3f_64a8b950073a] (Re-)joining group
2025-08-07 12:26:17,471 INFO  [org.apa.kaf.cli.con.int.ConsumerCoordinator] (Thread-717) [Consumer clientId=consumer-Consumer-topic-b0715894_6563_4bca_9c3f_64a8b950073a-15, groupId=Consumer-topic-b0715894_6563_4bca_9c3f_64a8b950073a] Request joining group due to: need to re-join with the given member-id: consumer-Consumer-topic-b0715894_6563_4bca_9c3f_64a8b950073a-15-8f015b01-f603-4e1d-83b5-a907abf34db1
2025-08-07 12:26:17,471 INFO  [org.apa.kaf.cli.con.int.ConsumerCoordinator] (Thread-717) [Consumer clientId=consumer-Consumer-topic-b0715894_6563_4bca_9c3f_64a8b950073a-15, groupId=Consumer-topic-b0715894_6563_4bca_9c3f_64a8b950073a] (Re-)joining group
2025-08-07 12:26:18,461 INFO  [io.api.tes.ser.api.KafkaSerdesTester] (Thread-717) None found
2025-08-07 12:26:19,462 INFO  [io.api.tes.ser.api.KafkaSerdesTester] (Thread-717) None found
2025-08-07 12:26:20,463 INFO  [io.api.tes.ser.api.KafkaSerdesTester] (Thread-717) None found
2025-08-07 12:26:20,473 INFO  [org.apa.kaf.cli.con.int.ConsumerCoordinator] (Thread-717) [Consumer clientId=consumer-Consumer-topic-b0715894_6563_4bca_9c3f_64a8b950073a-15, groupId=Consumer-topic-b0715894_6563_4bca_9c3f_64a8b950073a] Successfully joined group with generation Generation{generationId=1, memberId='consumer-Consumer-topic-b0715894_6563_4bca_9c3f_64a8b950073a-15-8f015b01-f603-4e1d-83b5-a907abf34db1', protocol='range'}
2025-08-07 12:26:20,473 INFO  [org.apa.kaf.cli.con.int.ConsumerCoordinator] (Thread-717) [Consumer clientId=consumer-Consumer-topic-b0715894_6563_4bca_9c3f_64a8b950073a-15, groupId=Consumer-topic-b0715894_6563_4bca_9c3f_64a8b950073a] Finished assignment for group at generation 1: {consumer-Consumer-topic-b0715894_6563_4bca_9c3f_64a8b950073a-15-8f015b01-f603-4e1d-83b5-a907abf34db1=Assignment(partitions=[topic-b0715894_6563_4bca_9c3f_64a8b950073a-0])}
2025-08-07 12:26:20,480 INFO  [org.apa.kaf.cli.con.int.ConsumerCoordinator] (Thread-717) [Consumer clientId=consumer-Consumer-topic-b0715894_6563_4bca_9c3f_64a8b950073a-15, groupId=Consumer-topic-b0715894_6563_4bca_9c3f_64a8b950073a] Successfully synced group in generation Generation{generationId=1, memberId='consumer-Consumer-topic-b0715894_6563_4bca_9c3f_64a8b950073a-15-8f015b01-f603-4e1d-83b5-a907abf34db1', protocol='range'}
2025-08-07 12:26:20,480 INFO  [org.apa.kaf.cli.con.int.ConsumerCoordinator] (Thread-717) [Consumer clientId=consumer-Consumer-topic-b0715894_6563_4bca_9c3f_64a8b950073a-15, groupId=Consumer-topic-b0715894_6563_4bca_9c3f_64a8b950073a] Notifying assignor about the new Assignment(partitions=[topic-b0715894_6563_4bca_9c3f_64a8b950073a-0])
2025-08-07 12:26:20,480 INFO  [org.apa.kaf.cli.con.int.ConsumerRebalanceListenerInvoker] (Thread-717) [Consumer clientId=consumer-Consumer-topic-b0715894_6563_4bca_9c3f_64a8b950073a-15, groupId=Consumer-topic-b0715894_6563_4bca_9c3f_64a8b950073a] Adding newly assigned partitions: topic-b0715894_6563_4bca_9c3f_64a8b950073a-0
2025-08-07 12:26:20,481 INFO  [org.apa.kaf.cli.con.int.ConsumerCoordinator] (Thread-717) [Consumer clientId=consumer-Consumer-topic-b0715894_6563_4bca_9c3f_64a8b950073a-15, groupId=Consumer-topic-b0715894_6563_4bca_9c3f_64a8b950073a] Found no committed offset for partition topic-b0715894_6563_4bca_9c3f_64a8b950073a-0
2025-08-07 12:26:20,483 INFO  [org.apa.kaf.cli.con.int.SubscriptionState] (Thread-717) [Consumer clientId=consumer-Consumer-topic-b0715894_6563_4bca_9c3f_64a8b950073a-15, groupId=Consumer-topic-b0715894_6563_4bca_9c3f_64a8b950073a] Resetting offset for partition topic-b0715894_6563_4bca_9c3f_64a8b950073a-0 to position FetchPosition{offset=0, offsetEpoch=Optional.empty, currentLeader=LeaderAndEpoch{leader=Optional[localhost:32769 (id: 0 rack: null)], epoch=0}}.
2025-08-07 12:26:20,746 INFO  [io.api.tes.ser.api.KafkaSerdesTester] (Thread-717) topic-b0715894_6563_4bca_9c3f_64a8b950073a 0 0 {"key11754569571824": "value-0"}
2025-08-07 12:26:20,746 INFO  [io.api.tes.ser.api.KafkaSerdesTester] (Thread-717) topic-b0715894_6563_4bca_9c3f_64a8b950073a 0 1 {"key11754569571824": "value-1"}
2025-08-07 12:26:20,746 INFO  [io.api.tes.ser.api.KafkaSerdesTester] (Thread-717) topic-b0715894_6563_4bca_9c3f_64a8b950073a 0 2 {"key11754569571824": "value-2"}
2025-08-07 12:26:20,746 INFO  [io.api.tes.ser.api.KafkaSerdesTester] (Thread-717) topic-b0715894_6563_4bca_9c3f_64a8b950073a 0 3 {"key11754569571824": "value-3"}
2025-08-07 12:26:20,746 INFO  [io.api.tes.ser.api.KafkaSerdesTester] (Thread-717) topic-b0715894_6563_4bca_9c3f_64a8b950073a 0 4 {"key11754569571824": "value-4"}
2025-08-07 12:26:20,746 INFO  [io.api.tes.ser.api.KafkaSerdesTester] (Thread-717) topic-b0715894_6563_4bca_9c3f_64a8b950073a 0 5 {"key11754569571824": "value-5"}
2025-08-07 12:26:20,746 INFO  [io.api.tes.ser.api.KafkaSerdesTester] (Thread-717) topic-b0715894_6563_4bca_9c3f_64a8b950073a 0 6 {"key11754569571824": "value-6"}
2025-08-07 12:26:20,746 INFO  [io.api.tes.ser.api.KafkaSerdesTester] (Thread-717) topic-b0715894_6563_4bca_9c3f_64a8b950073a 0 7 {"key11754569571824": "value-7"}
2025-08-07 12:26:20,746 INFO  [io.api.tes.ser.api.KafkaSerdesTester] (Thread-717) topic-b0715894_6563_4bca_9c3f_64a8b950073a 0 8 {"key11754569571824": "value-8"}
2025-08-07 12:26:20,746 INFO  [io.api.tes.ser.api.KafkaSerdesTester] (Thread-717) topic-b0715894_6563_4bca_9c3f_64a8b950073a 0 9 {"key11754569571824": "value-9"}
2025-08-07 12:26:20,746 INFO  [io.api.tes.ser.api.KafkaSerdesTester] (Thread-717) Consumed 10 messages
2025-08-07 12:26:20,754 INFO  [org.apa.kaf.cli.con.int.ConsumerRebalanceListenerInvoker] (Thread-717) [Consumer clientId=consumer-Consumer-topic-b0715894_6563_4bca_9c3f_64a8b950073a-15, groupId=Consumer-topic-b0715894_6563_4bca_9c3f_64a8b950073a] Revoke previously assigned partitions topic-b0715894_6563_4bca_9c3f_64a8b950073a-0
2025-08-07 12:26:20,754 INFO  [org.apa.kaf.cli.con.int.ConsumerCoordinator] (Thread-717) [Consumer clientId=consumer-Consumer-topic-b0715894_6563_4bca_9c3f_64a8b950073a-15, groupId=Consumer-topic-b0715894_6563_4bca_9c3f_64a8b950073a] Member consumer-Consumer-topic-b0715894_6563_4bca_9c3f_64a8b950073a-15-8f015b01-f603-4e1d-83b5-a907abf34db1 sending LeaveGroup request to coordinator localhost:32769 (id: 2147483647 rack: null) due to the consumer is being closed
2025-08-07 12:26:20,754 INFO  [org.apa.kaf.cli.con.int.ConsumerCoordinator] (Thread-717) [Consumer clientId=consumer-Consumer-topic-b0715894_6563_4bca_9c3f_64a8b950073a-15, groupId=Consumer-topic-b0715894_6563_4bca_9c3f_64a8b950073a] Resetting generation and member id due to: consumer pro-actively leaving the group
2025-08-07 12:26:20,754 INFO  [org.apa.kaf.cli.con.int.ConsumerCoordinator] (Thread-717) [Consumer clientId=consumer-Consumer-topic-b0715894_6563_4bca_9c3f_64a8b950073a-15, groupId=Consumer-topic-b0715894_6563_4bca_9c3f_64a8b950073a] Request joining group due to: consumer pro-actively leaving the group
2025-08-07 12:26:21,248 INFO  [org.apa.kaf.com.met.Metrics] (Thread-717) Metrics scheduler closed
2025-08-07 12:26:21,248 INFO  [org.apa.kaf.com.met.Metrics] (Thread-717) Closing reporter org.apache.kafka.common.metrics.JmxReporter
2025-08-07 12:26:21,248 INFO  [org.apa.kaf.com.met.Metrics] (Thread-717) Closing reporter org.apache.kafka.common.telemetry.internals.ClientTelemetryReporter
2025-08-07 12:26:21,248 INFO  [org.apa.kaf.com.met.Metrics] (Thread-717) Metrics reporters closed
2025-08-07 12:26:21,251 INFO  [org.apa.kaf.com.uti.AppInfoParser] (Thread-717) App info kafka.consumer for consumer-Consumer-topic-b0715894_6563_4bca_9c3f_64a8b950073a-15 unregistered
2025-08-07 12:26:21,252 INFO  [org.apa.kaf.cli.con.int.ClassicKafkaConsumer] (Thread-718) [Consumer clientId=consumer-Consumer-topic-233755b2_628f_4123_afa1_427d00f5419a-16, groupId=Consumer-topic-233755b2_628f_4123_afa1_427d00f5419a] Subscribed to topic(s): topic-233755b2_628f_4123_afa1_427d00f5419a
2025-08-07 12:26:21,258 INFO  [org.apa.kaf.cli.Metadata] (Thread-718) [Consumer clientId=consumer-Consumer-topic-233755b2_628f_4123_afa1_427d00f5419a-16, groupId=Consumer-topic-233755b2_628f_4123_afa1_427d00f5419a] Cluster ID: w_73WABzQ2iBfYWfnNB4Cg
2025-08-07 12:26:21,258 INFO  [org.apa.kaf.cli.con.int.ConsumerCoordinator] (Thread-718) [Consumer clientId=consumer-Consumer-topic-233755b2_628f_4123_afa1_427d00f5419a-16, groupId=Consumer-topic-233755b2_628f_4123_afa1_427d00f5419a] Discovered group coordinator localhost:32769 (id: 2147483647 rack: null)
2025-08-07 12:26:21,260 INFO  [org.apa.kaf.cli.con.int.ConsumerCoordinator] (Thread-718) [Consumer clientId=consumer-Consumer-topic-233755b2_628f_4123_afa1_427d00f5419a-16, groupId=Consumer-topic-233755b2_628f_4123_afa1_427d00f5419a] (Re-)joining group
2025-08-07 12:26:21,263 INFO  [org.apa.kaf.cli.con.int.ConsumerCoordinator] (Thread-718) [Consumer clientId=consumer-Consumer-topic-233755b2_628f_4123_afa1_427d00f5419a-16, groupId=Consumer-topic-233755b2_628f_4123_afa1_427d00f5419a] Request joining group due to: need to re-join with the given member-id: consumer-Consumer-topic-233755b2_628f_4123_afa1_427d00f5419a-16-956703c3-9d8c-48a0-b0c1-590bfb9cfbbb
2025-08-07 12:26:21,263 INFO  [org.apa.kaf.cli.con.int.ConsumerCoordinator] (Thread-718) [Consumer clientId=consumer-Consumer-topic-233755b2_628f_4123_afa1_427d00f5419a-16, groupId=Consumer-topic-233755b2_628f_4123_afa1_427d00f5419a] (Re-)joining group
2025-08-07 12:26:22,253 INFO  [io.api.tes.ser.api.KafkaSerdesTester] (Thread-718) None found
2025-08-07 12:26:23,253 INFO  [io.api.tes.ser.api.KafkaSerdesTester] (Thread-718) None found
2025-08-07 12:26:24,253 INFO  [io.api.tes.ser.api.KafkaSerdesTester] (Thread-718) None found
2025-08-07 12:26:24,266 INFO  [org.apa.kaf.cli.con.int.ConsumerCoordinator] (Thread-718) [Consumer clientId=consumer-Consumer-topic-233755b2_628f_4123_afa1_427d00f5419a-16, groupId=Consumer-topic-233755b2_628f_4123_afa1_427d00f5419a] Successfully joined group with generation Generation{generationId=1, memberId='consumer-Consumer-topic-233755b2_628f_4123_afa1_427d00f5419a-16-956703c3-9d8c-48a0-b0c1-590bfb9cfbbb', protocol='range'}
2025-08-07 12:26:24,266 INFO  [org.apa.kaf.cli.con.int.ConsumerCoordinator] (Thread-718) [Consumer clientId=consumer-Consumer-topic-233755b2_628f_4123_afa1_427d00f5419a-16, groupId=Consumer-topic-233755b2_628f_4123_afa1_427d00f5419a] Finished assignment for group at generation 1: {consumer-Consumer-topic-233755b2_628f_4123_afa1_427d00f5419a-16-956703c3-9d8c-48a0-b0c1-590bfb9cfbbb=Assignment(partitions=[topic-233755b2_628f_4123_afa1_427d00f5419a-0])}
2025-08-07 12:26:24,273 INFO  [org.apa.kaf.cli.con.int.ConsumerCoordinator] (Thread-718) [Consumer clientId=consumer-Consumer-topic-233755b2_628f_4123_afa1_427d00f5419a-16, groupId=Consumer-topic-233755b2_628f_4123_afa1_427d00f5419a] Successfully synced group in generation Generation{generationId=1, memberId='consumer-Consumer-topic-233755b2_628f_4123_afa1_427d00f5419a-16-956703c3-9d8c-48a0-b0c1-590bfb9cfbbb', protocol='range'}
2025-08-07 12:26:24,273 INFO  [org.apa.kaf.cli.con.int.ConsumerCoordinator] (Thread-718) [Consumer clientId=consumer-Consumer-topic-233755b2_628f_4123_afa1_427d00f5419a-16, groupId=Consumer-topic-233755b2_628f_4123_afa1_427d00f5419a] Notifying assignor about the new Assignment(partitions=[topic-233755b2_628f_4123_afa1_427d00f5419a-0])
2025-08-07 12:26:24,273 INFO  [org.apa.kaf.cli.con.int.ConsumerRebalanceListenerInvoker] (Thread-718) [Consumer clientId=consumer-Consumer-topic-233755b2_628f_4123_afa1_427d00f5419a-16, groupId=Consumer-topic-233755b2_628f_4123_afa1_427d00f5419a] Adding newly assigned partitions: topic-233755b2_628f_4123_afa1_427d00f5419a-0
2025-08-07 12:26:24,275 INFO  [org.apa.kaf.cli.con.int.ConsumerCoordinator] (Thread-718) [Consumer clientId=consumer-Consumer-topic-233755b2_628f_4123_afa1_427d00f5419a-16, groupId=Consumer-topic-233755b2_628f_4123_afa1_427d00f5419a] Found no committed offset for partition topic-233755b2_628f_4123_afa1_427d00f5419a-0
2025-08-07 12:26:24,279 INFO  [org.apa.kaf.cli.con.int.SubscriptionState] (Thread-718) [Consumer clientId=consumer-Consumer-topic-233755b2_628f_4123_afa1_427d00f5419a-16, groupId=Consumer-topic-233755b2_628f_4123_afa1_427d00f5419a] Resetting offset for partition topic-233755b2_628f_4123_afa1_427d00f5419a-0 to position FetchPosition{offset=0, offsetEpoch=Optional.empty, currentLeader=LeaderAndEpoch{leader=Optional[localhost:32769 (id: 0 rack: null)], epoch=0}}.
2025-08-07 12:26:24,528 INFO  [io.api.tes.ser.api.KafkaSerdesTester] (Thread-718) topic-233755b2_628f_4123_afa1_427d00f5419a 0 0 {"key11754569571824": "value-0"}
2025-08-07 12:26:24,528 INFO  [io.api.tes.ser.api.KafkaSerdesTester] (Thread-718) topic-233755b2_628f_4123_afa1_427d00f5419a 0 1 {"key11754569571824": "value-1"}
2025-08-07 12:26:24,528 INFO  [io.api.tes.ser.api.KafkaSerdesTester] (Thread-718) topic-233755b2_628f_4123_afa1_427d00f5419a 0 2 {"key11754569571824": "value-2"}
2025-08-07 12:26:24,528 INFO  [io.api.tes.ser.api.KafkaSerdesTester] (Thread-718) topic-233755b2_628f_4123_afa1_427d00f5419a 0 3 {"key11754569571824": "value-3"}
2025-08-07 12:26:24,528 INFO  [io.api.tes.ser.api.KafkaSerdesTester] (Thread-718) topic-233755b2_628f_4123_afa1_427d00f5419a 0 4 {"key11754569571824": "value-4"}
2025-08-07 12:26:24,528 INFO  [io.api.tes.ser.api.KafkaSerdesTester] (Thread-718) topic-233755b2_628f_4123_afa1_427d00f5419a 0 5 {"key11754569571824": "value-5"}
2025-08-07 12:26:24,528 INFO  [io.api.tes.ser.api.KafkaSerdesTester] (Thread-718) topic-233755b2_628f_4123_afa1_427d00f5419a 0 6 {"key11754569571824": "value-6"}
2025-08-07 12:26:24,528 INFO  [io.api.tes.ser.api.KafkaSerdesTester] (Thread-718) topic-233755b2_628f_4123_afa1_427d00f5419a 0 7 {"key11754569571824": "value-7"}
2025-08-07 12:26:24,528 INFO  [io.api.tes.ser.api.KafkaSerdesTester] (Thread-718) topic-233755b2_628f_4123_afa1_427d00f5419a 0 8 {"key11754569571824": "value-8"}
2025-08-07 12:26:24,528 INFO  [io.api.tes.ser.api.KafkaSerdesTester] (Thread-718) topic-233755b2_628f_4123_afa1_427d00f5419a 0 9 {"key11754569571824": "value-9"}
2025-08-07 12:26:24,528 INFO  [io.api.tes.ser.api.KafkaSerdesTester] (Thread-718) Consumed 10 messages
2025-08-07 12:26:24,535 INFO  [org.apa.kaf.cli.con.int.ConsumerRebalanceListenerInvoker] (Thread-718) [Consumer clientId=consumer-Consumer-topic-233755b2_628f_4123_afa1_427d00f5419a-16, groupId=Consumer-topic-233755b2_628f_4123_afa1_427d00f5419a] Revoke previously assigned partitions topic-233755b2_628f_4123_afa1_427d00f5419a-0
2025-08-07 12:26:24,535 INFO  [org.apa.kaf.cli.con.int.ConsumerCoordinator] (Thread-718) [Consumer clientId=consumer-Consumer-topic-233755b2_628f_4123_afa1_427d00f5419a-16, groupId=Consumer-topic-233755b2_628f_4123_afa1_427d00f5419a] Member consumer-Consumer-topic-233755b2_628f_4123_afa1_427d00f5419a-16-956703c3-9d8c-48a0-b0c1-590bfb9cfbbb sending LeaveGroup request to coordinator localhost:32769 (id: 2147483647 rack: null) due to the consumer is being closed
2025-08-07 12:26:24,535 INFO  [org.apa.kaf.cli.con.int.ConsumerCoordinator] (Thread-718) [Consumer clientId=consumer-Consumer-topic-233755b2_628f_4123_afa1_427d00f5419a-16, groupId=Consumer-topic-233755b2_628f_4123_afa1_427d00f5419a] Resetting generation and member id due to: consumer pro-actively leaving the group
2025-08-07 12:26:24,535 INFO  [org.apa.kaf.cli.con.int.ConsumerCoordinator] (Thread-718) [Consumer clientId=consumer-Consumer-topic-233755b2_628f_4123_afa1_427d00f5419a-16, groupId=Consumer-topic-233755b2_628f_4123_afa1_427d00f5419a] Request joining group due to: consumer pro-actively leaving the group
2025-08-07 12:26:25,032 INFO  [org.apa.kaf.com.met.Metrics] (Thread-718) Metrics scheduler closed
2025-08-07 12:26:25,032 INFO  [org.apa.kaf.com.met.Metrics] (Thread-718) Closing reporter org.apache.kafka.common.metrics.JmxReporter
2025-08-07 12:26:25,032 INFO  [org.apa.kaf.com.met.Metrics] (Thread-718) Closing reporter org.apache.kafka.common.telemetry.internals.ClientTelemetryReporter
2025-08-07 12:26:25,032 INFO  [org.apa.kaf.com.met.Metrics] (Thread-718) Metrics reporters closed
2025-08-07 12:26:25,034 INFO  [org.apa.kaf.com.uti.AppInfoParser] (Thread-718) App info kafka.consumer for consumer-Consumer-topic-233755b2_628f_4123_afa1_427d00f5419a-16 unregistered
2025-08-07 12:26:25,035 INFO  [io.api.tes.uti.TestSeparator] (main) io.apicurio.tests.serdes.apicurio.AvroSerdeIT.testAvroConfluentForMultipleTopics-FINISHED
2025-08-07 12:26:25,035 INFO  [io.api.tes.uti.TestSeparator] (main) ############################################################################
Test passed: testAvroConfluentForMultipleTopics
]]></system-out>
  </testcase>
  <testcase name="testFirstRequestFailsRateLimited" classname="io.apicurio.tests.serdes.apicurio.AvroSerdeIT" time="1.111">
    <system-out><![CDATA[2025-08-07 12:26:25,037 INFO  [io.api.tes.uti.TestSeparator] (main) ############################################################################
2025-08-07 12:26:25,037 INFO  [io.api.tes.uti.TestSeparator] (main) io.apicurio.tests.serdes.apicurio.AvroSerdeIT.testFirstRequestFailsRateLimited-STARTED
2025-08-07 12:26:25,559 WARN  [org.ecl.jet.ser.AbstractConnector] (main) Acceptors should be <= availableProcessors: NetworkTrafficServerConnector@ee1493e{HTTP/1.1, (http/1.1, h2c)}{0.0.0.0:0} 
2025-08-07 12:26:25,726 INFO  [org.ecl.jet.ser.Server] (main) jetty-11.0.15; built: 2023-04-11T18:37:53.775Z; git: 5bc5e562c8d05c5862505aebe5cf83a61bdbcb96; jvm 17.0.16+8
2025-08-07 12:26:25,766 INFO  [org.ecl.jet.ser.han.ContextHandler] (main) Started o.e.j.s.ServletContextHandler@32730f12{/__admin,null,AVAILABLE}
2025-08-07 12:26:25,779 INFO  [org.ecl.jet.ser.han.Con.ROOT] (main) RequestHandlerClass from context returned com.github.tomakehurst.wiremock.http.StubRequestHandler. Normalized mapped under returned 'null'
2025-08-07 12:26:25,779 INFO  [org.ecl.jet.ser.han.ContextHandler] (main) Started o.e.j.s.ServletContextHandler@7102b480{/,null,AVAILABLE}
2025-08-07 12:26:25,787 INFO  [org.ecl.jet.ser.AbstractConnector] (main) Started NetworkTrafficServerConnector@ee1493e{HTTP/1.1, (http/1.1, h2c)}{0.0.0.0:40277}
2025-08-07 12:26:25,788 INFO  [org.ecl.jet.ser.Server] (main) Started Server@1898593{STARTING}[11.0.15,sto=1000] @124227ms
**** Registry Base URL: http://registry-app-mysql.apps.ci419.apicurio-testing.org:80
2025-08-07 12:26:25,799 INFO  [org.apa.kaf.cli.pro.ProducerConfig] (main) ProducerConfig values: 
	acks = -1
	auto.include.jmx.reporter = true
	batch.size = 16384
	bootstrap.servers = [PLAINTEXT://localhost:32769]
	buffer.memory = 33554432
	client.dns.lookup = use_all_dns_ips
	client.id = Producer-topic-3c076aa2_dd96_42b8_851e_59a822da5c60
	compression.gzip.level = -1
	compression.lz4.level = 9
	compression.type = none
	compression.zstd.level = 3
	connections.max.idle.ms = 10000
	delivery.timeout.ms = 120000
	enable.idempotence = true
	enable.metrics.push = true
	interceptor.classes = []
	key.serializer = class org.apache.kafka.common.serialization.StringSerializer
	linger.ms = 0
	max.block.ms = 60000
	max.in.flight.requests.per.connection = 5
	max.request.size = 1048576
	metadata.max.age.ms = 300000
	metadata.max.idle.ms = 300000
	metadata.recovery.strategy = none
	metric.reporters = []
	metrics.num.samples = 2
	metrics.recording.level = INFO
	metrics.sample.window.ms = 30000
	partitioner.adaptive.partitioning.enable = true
	partitioner.availability.timeout.ms = 0
	partitioner.class = null
	partitioner.ignore.keys = false
	receive.buffer.bytes = 32768
	reconnect.backoff.max.ms = 1000
	reconnect.backoff.ms = 50
	request.timeout.ms = 5000
	retries = 2147483647
	retry.backoff.max.ms = 1000
	retry.backoff.ms = 100
	sasl.client.callback.handler.class = null
	sasl.jaas.config = null
	sasl.kerberos.kinit.cmd = /usr/bin/kinit
	sasl.kerberos.min.time.before.relogin = 60000
	sasl.kerberos.service.name = null
	sasl.kerberos.ticket.renew.jitter = 0.05
	sasl.kerberos.ticket.renew.window.factor = 0.8
	sasl.login.callback.handler.class = null
	sasl.login.class = null
	sasl.login.connect.timeout.ms = null
	sasl.login.read.timeout.ms = null
	sasl.login.refresh.buffer.seconds = 300
	sasl.login.refresh.min.period.seconds = 60
	sasl.login.refresh.window.factor = 0.8
	sasl.login.refresh.window.jitter = 0.05
	sasl.login.retry.backoff.max.ms = 10000
	sasl.login.retry.backoff.ms = 100
	sasl.mechanism = GSSAPI
	sasl.oauthbearer.clock.skew.seconds = 30
	sasl.oauthbearer.expected.audience = null
	sasl.oauthbearer.expected.issuer = null
	sasl.oauthbearer.header.urlencode = false
	sasl.oauthbearer.jwks.endpoint.refresh.ms = 3600000
	sasl.oauthbearer.jwks.endpoint.retry.backoff.max.ms = 10000
	sasl.oauthbearer.jwks.endpoint.retry.backoff.ms = 100
	sasl.oauthbearer.jwks.endpoint.url = null
	sasl.oauthbearer.scope.claim.name = scope
	sasl.oauthbearer.sub.claim.name = sub
	sasl.oauthbearer.token.endpoint.url = null
	security.protocol = PLAINTEXT
	security.providers = null
	send.buffer.bytes = 131072
	socket.connection.setup.timeout.max.ms = 30000
	socket.connection.setup.timeout.ms = 10000
	ssl.cipher.suites = null
	ssl.enabled.protocols = [TLSv1.2, TLSv1.3]
	ssl.endpoint.identification.algorithm = https
	ssl.engine.factory.class = null
	ssl.key.password = null
	ssl.keymanager.algorithm = SunX509
	ssl.keystore.certificate.chain = null
	ssl.keystore.key = null
	ssl.keystore.location = null
	ssl.keystore.password = null
	ssl.keystore.type = JKS
	ssl.protocol = TLSv1.3
	ssl.provider = null
	ssl.secure.random.implementation = null
	ssl.trustmanager.algorithm = PKIX
	ssl.truststore.certificates = null
	ssl.truststore.location = null
	ssl.truststore.password = null
	ssl.truststore.type = JKS
	transaction.timeout.ms = 60000
	transactional.id = null
	value.serializer = class io.apicurio.registry.serde.avro.AvroKafkaSerializer

2025-08-07 12:26:25,800 INFO  [org.apa.kaf.com.tel.int.KafkaMetricsCollector] (main) initializing Kafka metrics collector
2025-08-07 12:26:25,804 INFO  [org.apa.kaf.cli.pro.KafkaProducer] (main) [Producer clientId=Producer-topic-3c076aa2_dd96_42b8_851e_59a822da5c60] Instantiated an idempotent producer.
2025-08-07 12:26:25,807 INFO  [org.apa.kaf.cli.pro.ProducerConfig] (main) These configurations '[apicurio.registry.url, apicurio.registry.artifact-resolver-strategy]' were supplied but are not used yet.
2025-08-07 12:26:25,807 INFO  [org.apa.kaf.com.uti.AppInfoParser] (main) Kafka version: 3.9.1
2025-08-07 12:26:25,807 INFO  [org.apa.kaf.com.uti.AppInfoParser] (main) Kafka commitId: f745dfdcee2b9851
2025-08-07 12:26:25,807 INFO  [org.apa.kaf.com.uti.AppInfoParser] (main) Kafka startTimeMs: 1754569585807
2025-08-07 12:26:25,809 INFO  [io.api.tes.ser.api.KafkaSerdesTester] (Thread-729) Sending message {"keyB": "value-0"} to topic topic-3c076aa2_dd96_42b8_851e_59a822da5c60
2025-08-07 12:26:25,813 WARN  [org.apa.kaf.cli.NetworkClient] (kafka-producer-network-thread | Producer-topic-3c076aa2_dd96_42b8_851e_59a822da5c60) [Producer clientId=Producer-topic-3c076aa2_dd96_42b8_851e_59a822da5c60] The metadata response from the cluster reported a recoverable issue with correlation id 1 : {topic-3c076aa2_dd96_42b8_851e_59a822da5c60=UNKNOWN_TOPIC_OR_PARTITION}
2025-08-07 12:26:25,813 INFO  [org.apa.kaf.cli.Metadata] (kafka-producer-network-thread | Producer-topic-3c076aa2_dd96_42b8_851e_59a822da5c60) [Producer clientId=Producer-topic-3c076aa2_dd96_42b8_851e_59a822da5c60] Cluster ID: w_73WABzQ2iBfYWfnNB4Cg
2025-08-07 12:26:25,815 INFO  [org.apa.kaf.cli.pro.int.TransactionManager] (kafka-producer-network-thread | Producer-topic-3c076aa2_dd96_42b8_851e_59a822da5c60) [Producer clientId=Producer-topic-3c076aa2_dd96_42b8_851e_59a822da5c60] ProducerId set to 22 with epoch 0
2025-08-07 12:26:25,936 INFO  [DefaultSchemaResolver] (Thread-729) Retrieving schema content using string: {"type":"record","name":"myrecord","namespace":"mygroup","fields":[{"name":"keyB","type":"string"}]}
2025-08-07 12:26:26,127 INFO  [org.apa.kaf.cli.pro.KafkaProducer] (Thread-729) [Producer clientId=Producer-topic-3c076aa2_dd96_42b8_851e_59a822da5c60] Closing the Kafka producer with timeoutMillis = 9223372036854775807 ms.
2025-08-07 12:26:26,130 INFO  [org.apa.kaf.com.met.Metrics] (Thread-729) Metrics scheduler closed
2025-08-07 12:26:26,130 INFO  [org.apa.kaf.com.met.Metrics] (Thread-729) Closing reporter org.apache.kafka.common.metrics.JmxReporter
2025-08-07 12:26:26,130 INFO  [org.apa.kaf.com.met.Metrics] (Thread-729) Closing reporter org.apache.kafka.common.telemetry.internals.ClientTelemetryReporter
2025-08-07 12:26:26,130 INFO  [org.apa.kaf.com.met.Metrics] (Thread-729) Metrics reporters closed
2025-08-07 12:26:26,130 INFO  [org.apa.kaf.com.uti.AppInfoParser] (Thread-729) App info kafka.producer for Producer-topic-3c076aa2_dd96_42b8_851e_59a822da5c60 unregistered
2025-08-07 12:26:26,135 INFO  [org.ecl.jet.ser.Server] (main) Stopped Server@1898593{STOPPING}[11.0.15,sto=1000]
2025-08-07 12:26:26,136 INFO  [org.ecl.jet.ser.Server] (main) Shutdown Server@1898593{STOPPING}[11.0.15,sto=1000]
2025-08-07 12:26:26,143 INFO  [org.ecl.jet.ser.AbstractConnector] (main) Stopped NetworkTrafficServerConnector@ee1493e{HTTP/1.1, (http/1.1, h2c)}{0.0.0.0:0}
2025-08-07 12:26:26,144 INFO  [org.ecl.jet.ser.han.ContextHandler] (main) Stopped o.e.j.s.ServletContextHandler@7102b480{/,null,STOPPED}
2025-08-07 12:26:26,144 INFO  [org.ecl.jet.ser.han.ContextHandler] (main) Stopped o.e.j.s.ServletContextHandler@32730f12{/__admin,null,STOPPED}
2025-08-07 12:26:26,147 INFO  [io.api.tes.uti.TestSeparator] (main) io.apicurio.tests.serdes.apicurio.AvroSerdeIT.testFirstRequestFailsRateLimited-FINISHED
2025-08-07 12:26:26,147 INFO  [io.api.tes.uti.TestSeparator] (main) ############################################################################
Test passed: testFirstRequestFailsRateLimited
]]></system-out>
    <system-err><![CDATA[com.microsoft.kiota.ApiException: the server returned an unexpected status code and no error class is registered for this code 429
	at com.microsoft.kiota.ApiExceptionBuilder.withMessage(ApiExceptionBuilder.java:45)
	at io.kiota.http.vertx.VertXRequestAdapter.throwIfFailedResponse(VertXRequestAdapter.java:370)
	at io.kiota.http.vertx.VertXRequestAdapter.send(VertXRequestAdapter.java:170)
	at io.apicurio.registry.rest.client.search.versions.VersionsRequestBuilder.post(VersionsRequestBuilder.java:94)
	at io.apicurio.registry.resolver.client.RegistryClientFacadeImpl.searchVersionsByContent(RegistryClientFacadeImpl.java:106)
	at io.apicurio.registry.resolver.DefaultSchemaResolver.lambda$handleResolveSchemaByContent$3(DefaultSchemaResolver.java:258)
	at io.apicurio.registry.resolver.cache.ERCache.lambda$getValue$0(ERCache.java:174)
	at io.apicurio.registry.resolver.cache.ERCache.retry(ERCache.java:227)
	at io.apicurio.registry.resolver.cache.ERCache.getValue(ERCache.java:173)
	at io.apicurio.registry.resolver.cache.ERCache.getByContent(ERCache.java:147)
	at io.apicurio.registry.resolver.DefaultSchemaResolver.handleResolveSchemaByContent(DefaultSchemaResolver.java:253)
	at io.apicurio.registry.resolver.DefaultSchemaResolver.getSchemaFromRegistry(DefaultSchemaResolver.java:138)
	at io.apicurio.registry.resolver.DefaultSchemaResolver.lambda$resolveSchema$0(DefaultSchemaResolver.java:84)
	at java.base/java.util.Optional.orElseGet(Optional.java:364)
	at io.apicurio.registry.resolver.DefaultSchemaResolver.resolveSchema(DefaultSchemaResolver.java:84)
	at io.apicurio.registry.serde.AbstractSerializer.serializeData(AbstractSerializer.java:62)
	at io.apicurio.registry.serde.KafkaSerializer.serialize(KafkaSerializer.java:77)
	at org.apache.kafka.clients.producer.KafkaProducer.doSend(KafkaProducer.java:1046)
	at org.apache.kafka.clients.producer.KafkaProducer.send(KafkaProducer.java:993)
	at org.apache.kafka.clients.producer.KafkaProducer.send(KafkaProducer.java:875)
	at io.apicurio.tests.serdes.apicurio.KafkaSerdesTester.lambda$produceMessages$3(KafkaSerdesTester.java:138)
	at java.base/java.util.concurrent.CompletableFuture$AsyncSupply.run(CompletableFuture.java:1768)
	at java.base/java.lang.Thread.run(Thread.java:840)
]]></system-err>
  </testcase>
  <testcase name="testFirstEmptyFieldConfusedAsMagicByte" classname="io.apicurio.tests.serdes.apicurio.AvroSerdeIT" time="4.35">
    <system-out><![CDATA[2025-08-07 12:26:26,150 INFO  [io.api.tes.uti.TestSeparator] (main) ############################################################################
2025-08-07 12:26:26,150 INFO  [io.api.tes.uti.TestSeparator] (main) io.apicurio.tests.serdes.apicurio.AvroSerdeIT.testFirstEmptyFieldConfusedAsMagicByte-STARTED
**** Registry Base URL: http://registry-app-mysql.apps.ci419.apicurio-testing.org:80
2025-08-07 12:26:26,153 INFO  [org.apa.kaf.cli.pro.ProducerConfig] (main) ProducerConfig values: 
	acks = -1
	auto.include.jmx.reporter = true
	batch.size = 16384
	bootstrap.servers = [PLAINTEXT://localhost:32769]
	buffer.memory = 33554432
	client.dns.lookup = use_all_dns_ips
	client.id = Producer-topic-722ee12f_bc84_4621_874c_f44bd25a6882
	compression.gzip.level = -1
	compression.lz4.level = 9
	compression.type = none
	compression.zstd.level = 3
	connections.max.idle.ms = 10000
	delivery.timeout.ms = 120000
	enable.idempotence = true
	enable.metrics.push = true
	interceptor.classes = []
	key.serializer = class org.apache.kafka.common.serialization.StringSerializer
	linger.ms = 0
	max.block.ms = 60000
	max.in.flight.requests.per.connection = 5
	max.request.size = 1048576
	metadata.max.age.ms = 300000
	metadata.max.idle.ms = 300000
	metadata.recovery.strategy = none
	metric.reporters = []
	metrics.num.samples = 2
	metrics.recording.level = INFO
	metrics.sample.window.ms = 30000
	partitioner.adaptive.partitioning.enable = true
	partitioner.availability.timeout.ms = 0
	partitioner.class = null
	partitioner.ignore.keys = false
	receive.buffer.bytes = 32768
	reconnect.backoff.max.ms = 1000
	reconnect.backoff.ms = 50
	request.timeout.ms = 5000
	retries = 2147483647
	retry.backoff.max.ms = 1000
	retry.backoff.ms = 100
	sasl.client.callback.handler.class = null
	sasl.jaas.config = null
	sasl.kerberos.kinit.cmd = /usr/bin/kinit
	sasl.kerberos.min.time.before.relogin = 60000
	sasl.kerberos.service.name = null
	sasl.kerberos.ticket.renew.jitter = 0.05
	sasl.kerberos.ticket.renew.window.factor = 0.8
	sasl.login.callback.handler.class = null
	sasl.login.class = null
	sasl.login.connect.timeout.ms = null
	sasl.login.read.timeout.ms = null
	sasl.login.refresh.buffer.seconds = 300
	sasl.login.refresh.min.period.seconds = 60
	sasl.login.refresh.window.factor = 0.8
	sasl.login.refresh.window.jitter = 0.05
	sasl.login.retry.backoff.max.ms = 10000
	sasl.login.retry.backoff.ms = 100
	sasl.mechanism = GSSAPI
	sasl.oauthbearer.clock.skew.seconds = 30
	sasl.oauthbearer.expected.audience = null
	sasl.oauthbearer.expected.issuer = null
	sasl.oauthbearer.header.urlencode = false
	sasl.oauthbearer.jwks.endpoint.refresh.ms = 3600000
	sasl.oauthbearer.jwks.endpoint.retry.backoff.max.ms = 10000
	sasl.oauthbearer.jwks.endpoint.retry.backoff.ms = 100
	sasl.oauthbearer.jwks.endpoint.url = null
	sasl.oauthbearer.scope.claim.name = scope
	sasl.oauthbearer.sub.claim.name = sub
	sasl.oauthbearer.token.endpoint.url = null
	security.protocol = PLAINTEXT
	security.providers = null
	send.buffer.bytes = 131072
	socket.connection.setup.timeout.max.ms = 30000
	socket.connection.setup.timeout.ms = 10000
	ssl.cipher.suites = null
	ssl.enabled.protocols = [TLSv1.2, TLSv1.3]
	ssl.endpoint.identification.algorithm = https
	ssl.engine.factory.class = null
	ssl.key.password = null
	ssl.keymanager.algorithm = SunX509
	ssl.keystore.certificate.chain = null
	ssl.keystore.key = null
	ssl.keystore.location = null
	ssl.keystore.password = null
	ssl.keystore.type = JKS
	ssl.protocol = TLSv1.3
	ssl.provider = null
	ssl.secure.random.implementation = null
	ssl.trustmanager.algorithm = PKIX
	ssl.truststore.certificates = null
	ssl.truststore.location = null
	ssl.truststore.password = null
	ssl.truststore.type = JKS
	transaction.timeout.ms = 60000
	transactional.id = null
	value.serializer = class io.apicurio.registry.serde.avro.AvroKafkaSerializer

2025-08-07 12:26:26,154 INFO  [org.apa.kaf.com.tel.int.KafkaMetricsCollector] (main) initializing Kafka metrics collector
2025-08-07 12:26:26,157 INFO  [org.apa.kaf.cli.pro.KafkaProducer] (main) [Producer clientId=Producer-topic-722ee12f_bc84_4621_874c_f44bd25a6882] Instantiated an idempotent producer.
2025-08-07 12:26:26,159 INFO  [org.apa.kaf.cli.pro.ProducerConfig] (main) These configurations '[apicurio.registry.url, apicurio.registry.auto-register, apicurio.registry.artifact-resolver-strategy]' were supplied but are not used yet.
2025-08-07 12:26:26,159 INFO  [org.apa.kaf.com.uti.AppInfoParser] (main) Kafka version: 3.9.1
2025-08-07 12:26:26,159 INFO  [org.apa.kaf.com.uti.AppInfoParser] (main) Kafka commitId: f745dfdcee2b9851
2025-08-07 12:26:26,159 INFO  [org.apa.kaf.com.uti.AppInfoParser] (main) Kafka startTimeMs: 1754569586159
2025-08-07 12:26:26,159 INFO  [io.api.tes.ser.api.SimpleSerdesTesterBuilder$SimpleSerdesTester] (main) Using producer configuration: {apicurio.registry.url=http://registry-app-mysql.apps.ci419.apicurio-testing.org:80/apis/registry/v3, apicurio.registry.auto-register=true, apicurio.registry.artifact-resolver-strategy=io.apicurio.registry.serde.strategy.SimpleTopicIdStrategy, value.serializer=io.apicurio.registry.serde.avro.AvroKafkaSerializer, request.timeout.ms=5000, acks=all, bootstrap.servers=PLAINTEXT://localhost:32769, connections.max.idle.ms=10000, key.serializer=org.apache.kafka.common.serialization.StringSerializer, client.id=Producer-topic-722ee12f_bc84_4621_874c_f44bd25a6882}
2025-08-07 12:26:26,159 INFO  [io.api.tes.ser.api.SimpleSerdesTesterBuilder$SimpleSerdesTester] (main) Using consumer configuration: {}
2025-08-07 12:26:26,161 INFO  [io.api.tes.ser.api.KafkaSerdesTester] (Thread-732) Sending message {"username": null} to topic topic-722ee12f_bc84_4621_874c_f44bd25a6882
2025-08-07 12:26:26,166 WARN  [org.apa.kaf.cli.NetworkClient] (kafka-producer-network-thread | Producer-topic-722ee12f_bc84_4621_874c_f44bd25a6882) [Producer clientId=Producer-topic-722ee12f_bc84_4621_874c_f44bd25a6882] The metadata response from the cluster reported a recoverable issue with correlation id 1 : {topic-722ee12f_bc84_4621_874c_f44bd25a6882=UNKNOWN_TOPIC_OR_PARTITION}
2025-08-07 12:26:26,166 INFO  [org.apa.kaf.cli.Metadata] (kafka-producer-network-thread | Producer-topic-722ee12f_bc84_4621_874c_f44bd25a6882) [Producer clientId=Producer-topic-722ee12f_bc84_4621_874c_f44bd25a6882] Cluster ID: w_73WABzQ2iBfYWfnNB4Cg
2025-08-07 12:26:26,168 INFO  [org.apa.kaf.cli.pro.int.TransactionManager] (kafka-producer-network-thread | Producer-topic-722ee12f_bc84_4621_874c_f44bd25a6882) [Producer clientId=Producer-topic-722ee12f_bc84_4621_874c_f44bd25a6882] ProducerId set to 23 with epoch 0
2025-08-07 12:26:26,472 INFO  [io.api.tes.ser.api.KafkaSerdesTester] (Thread-732) Sending message {"username": null} to topic topic-722ee12f_bc84_4621_874c_f44bd25a6882
2025-08-07 12:26:26,479 INFO  [io.api.tes.ser.api.KafkaSerdesTester] (Thread-732) Sending message {"username": "value-2"} to topic topic-722ee12f_bc84_4621_874c_f44bd25a6882
2025-08-07 12:26:26,484 INFO  [io.api.tes.ser.api.KafkaSerdesTester] (Thread-732) Sending message {"username": null} to topic topic-722ee12f_bc84_4621_874c_f44bd25a6882
2025-08-07 12:26:26,488 INFO  [io.api.tes.ser.api.KafkaSerdesTester] (Thread-732) Sending message {"username": "value-4"} to topic topic-722ee12f_bc84_4621_874c_f44bd25a6882
2025-08-07 12:26:26,492 INFO  [io.api.tes.ser.api.KafkaSerdesTester] (Thread-732) Sending message {"username": null} to topic topic-722ee12f_bc84_4621_874c_f44bd25a6882
2025-08-07 12:26:26,495 INFO  [io.api.tes.ser.api.KafkaSerdesTester] (Thread-732) Sending message {"username": "value-6"} to topic topic-722ee12f_bc84_4621_874c_f44bd25a6882
2025-08-07 12:26:26,497 INFO  [io.api.tes.ser.api.KafkaSerdesTester] (Thread-732) Sending message {"username": null} to topic topic-722ee12f_bc84_4621_874c_f44bd25a6882
2025-08-07 12:26:26,500 INFO  [io.api.tes.ser.api.KafkaSerdesTester] (Thread-732) Sending message {"username": "value-8"} to topic topic-722ee12f_bc84_4621_874c_f44bd25a6882
2025-08-07 12:26:26,503 INFO  [io.api.tes.ser.api.KafkaSerdesTester] (Thread-732) Sending message {"username": null} to topic topic-722ee12f_bc84_4621_874c_f44bd25a6882
2025-08-07 12:26:26,505 INFO  [io.api.tes.ser.api.KafkaSerdesTester] (Thread-732) Produced 10 messages
2025-08-07 12:26:26,505 INFO  [org.apa.kaf.cli.pro.KafkaProducer] (Thread-732) [Producer clientId=Producer-topic-722ee12f_bc84_4621_874c_f44bd25a6882] Closing the Kafka producer with timeoutMillis = 9223372036854775807 ms.
2025-08-07 12:26:26,508 INFO  [org.apa.kaf.com.met.Metrics] (Thread-732) Metrics scheduler closed
2025-08-07 12:26:26,508 INFO  [org.apa.kaf.com.met.Metrics] (Thread-732) Closing reporter org.apache.kafka.common.metrics.JmxReporter
2025-08-07 12:26:26,508 INFO  [org.apa.kaf.com.met.Metrics] (Thread-732) Closing reporter org.apache.kafka.common.telemetry.internals.ClientTelemetryReporter
2025-08-07 12:26:26,508 INFO  [org.apa.kaf.com.met.Metrics] (Thread-732) Metrics reporters closed
2025-08-07 12:26:26,508 INFO  [org.apa.kaf.com.uti.AppInfoParser] (Thread-732) App info kafka.producer for Producer-topic-722ee12f_bc84_4621_874c_f44bd25a6882 unregistered
**** Registry Base URL: http://registry-app-mysql.apps.ci419.apicurio-testing.org:80
2025-08-07 12:26:26,691 INFO  [org.apa.kaf.cli.con.ConsumerConfig] (main) ConsumerConfig values: 
	allow.auto.create.topics = true
	auto.commit.interval.ms = 500
	auto.include.jmx.reporter = true
	auto.offset.reset = earliest
	bootstrap.servers = [PLAINTEXT://localhost:32769]
	check.crcs = true
	client.dns.lookup = use_all_dns_ips
	client.id = consumer-Consumer-topic-722ee12f_bc84_4621_874c_f44bd25a6882-17
	client.rack = 
	connections.max.idle.ms = 10000
	default.api.timeout.ms = 60000
	enable.auto.commit = true
	enable.metrics.push = true
	exclude.internal.topics = true
	fetch.max.bytes = 52428800
	fetch.max.wait.ms = 500
	fetch.min.bytes = 1
	group.id = Consumer-topic-722ee12f_bc84_4621_874c_f44bd25a6882
	group.instance.id = null
	group.protocol = classic
	group.remote.assignor = null
	heartbeat.interval.ms = 3000
	interceptor.classes = []
	internal.leave.group.on.close = true
	internal.throw.on.fetch.stable.offset.unsupported = false
	isolation.level = read_uncommitted
	key.deserializer = class org.apache.kafka.common.serialization.StringDeserializer
	max.partition.fetch.bytes = 1048576
	max.poll.interval.ms = 300000
	max.poll.records = 500
	metadata.max.age.ms = 300000
	metadata.recovery.strategy = none
	metric.reporters = []
	metrics.num.samples = 2
	metrics.recording.level = INFO
	metrics.sample.window.ms = 30000
	partition.assignment.strategy = [class org.apache.kafka.clients.consumer.RangeAssignor, class org.apache.kafka.clients.consumer.CooperativeStickyAssignor]
	receive.buffer.bytes = 65536
	reconnect.backoff.max.ms = 1000
	reconnect.backoff.ms = 50
	request.timeout.ms = 5000
	retry.backoff.max.ms = 1000
	retry.backoff.ms = 100
	sasl.client.callback.handler.class = null
	sasl.jaas.config = null
	sasl.kerberos.kinit.cmd = /usr/bin/kinit
	sasl.kerberos.min.time.before.relogin = 60000
	sasl.kerberos.service.name = null
	sasl.kerberos.ticket.renew.jitter = 0.05
	sasl.kerberos.ticket.renew.window.factor = 0.8
	sasl.login.callback.handler.class = null
	sasl.login.class = null
	sasl.login.connect.timeout.ms = null
	sasl.login.read.timeout.ms = null
	sasl.login.refresh.buffer.seconds = 300
	sasl.login.refresh.min.period.seconds = 60
	sasl.login.refresh.window.factor = 0.8
	sasl.login.refresh.window.jitter = 0.05
	sasl.login.retry.backoff.max.ms = 10000
	sasl.login.retry.backoff.ms = 100
	sasl.mechanism = GSSAPI
	sasl.oauthbearer.clock.skew.seconds = 30
	sasl.oauthbearer.expected.audience = null
	sasl.oauthbearer.expected.issuer = null
	sasl.oauthbearer.header.urlencode = false
	sasl.oauthbearer.jwks.endpoint.refresh.ms = 3600000
	sasl.oauthbearer.jwks.endpoint.retry.backoff.max.ms = 10000
	sasl.oauthbearer.jwks.endpoint.retry.backoff.ms = 100
	sasl.oauthbearer.jwks.endpoint.url = null
	sasl.oauthbearer.scope.claim.name = scope
	sasl.oauthbearer.sub.claim.name = sub
	sasl.oauthbearer.token.endpoint.url = null
	security.protocol = PLAINTEXT
	security.providers = null
	send.buffer.bytes = 131072
	session.timeout.ms = 45000
	socket.connection.setup.timeout.max.ms = 30000
	socket.connection.setup.timeout.ms = 10000
	ssl.cipher.suites = null
	ssl.enabled.protocols = [TLSv1.2, TLSv1.3]
	ssl.endpoint.identification.algorithm = https
	ssl.engine.factory.class = null
	ssl.key.password = null
	ssl.keymanager.algorithm = SunX509
	ssl.keystore.certificate.chain = null
	ssl.keystore.key = null
	ssl.keystore.location = null
	ssl.keystore.password = null
	ssl.keystore.type = JKS
	ssl.protocol = TLSv1.3
	ssl.provider = null
	ssl.secure.random.implementation = null
	ssl.trustmanager.algorithm = PKIX
	ssl.truststore.certificates = null
	ssl.truststore.location = null
	ssl.truststore.password = null
	ssl.truststore.type = JKS
	value.deserializer = class io.apicurio.registry.serde.avro.AvroKafkaDeserializer

2025-08-07 12:26:26,691 INFO  [org.apa.kaf.com.tel.int.KafkaMetricsCollector] (main) initializing Kafka metrics collector
2025-08-07 12:26:26,700 INFO  [org.apa.kaf.cli.con.ConsumerConfig] (main) These configurations '[apicurio.registry.url]' were supplied but are not used yet.
2025-08-07 12:26:26,702 INFO  [org.apa.kaf.com.uti.AppInfoParser] (main) Kafka version: 3.9.1
2025-08-07 12:26:26,702 INFO  [org.apa.kaf.com.uti.AppInfoParser] (main) Kafka commitId: f745dfdcee2b9851
2025-08-07 12:26:26,702 INFO  [org.apa.kaf.com.uti.AppInfoParser] (main) Kafka startTimeMs: 1754569586702
2025-08-07 12:26:26,703 INFO  [org.apa.kaf.cli.con.int.ClassicKafkaConsumer] (Thread-735) [Consumer clientId=consumer-Consumer-topic-722ee12f_bc84_4621_874c_f44bd25a6882-17, groupId=Consumer-topic-722ee12f_bc84_4621_874c_f44bd25a6882] Subscribed to topic(s): topic-722ee12f_bc84_4621_874c_f44bd25a6882
2025-08-07 12:26:26,713 INFO  [org.apa.kaf.cli.Metadata] (Thread-735) [Consumer clientId=consumer-Consumer-topic-722ee12f_bc84_4621_874c_f44bd25a6882-17, groupId=Consumer-topic-722ee12f_bc84_4621_874c_f44bd25a6882] Cluster ID: w_73WABzQ2iBfYWfnNB4Cg
2025-08-07 12:26:26,715 INFO  [org.apa.kaf.cli.con.int.ConsumerCoordinator] (Thread-735) [Consumer clientId=consumer-Consumer-topic-722ee12f_bc84_4621_874c_f44bd25a6882-17, groupId=Consumer-topic-722ee12f_bc84_4621_874c_f44bd25a6882] Discovered group coordinator localhost:32769 (id: 2147483647 rack: null)
2025-08-07 12:26:26,717 INFO  [org.apa.kaf.cli.con.int.ConsumerCoordinator] (Thread-735) [Consumer clientId=consumer-Consumer-topic-722ee12f_bc84_4621_874c_f44bd25a6882-17, groupId=Consumer-topic-722ee12f_bc84_4621_874c_f44bd25a6882] (Re-)joining group
2025-08-07 12:26:26,723 INFO  [org.apa.kaf.cli.con.int.ConsumerCoordinator] (Thread-735) [Consumer clientId=consumer-Consumer-topic-722ee12f_bc84_4621_874c_f44bd25a6882-17, groupId=Consumer-topic-722ee12f_bc84_4621_874c_f44bd25a6882] Request joining group due to: need to re-join with the given member-id: consumer-Consumer-topic-722ee12f_bc84_4621_874c_f44bd25a6882-17-5884054e-5e86-4dee-9856-81611b5539d9
2025-08-07 12:26:26,723 INFO  [org.apa.kaf.cli.con.int.ConsumerCoordinator] (Thread-735) [Consumer clientId=consumer-Consumer-topic-722ee12f_bc84_4621_874c_f44bd25a6882-17, groupId=Consumer-topic-722ee12f_bc84_4621_874c_f44bd25a6882] (Re-)joining group
2025-08-07 12:26:27,704 INFO  [io.api.tes.ser.api.KafkaSerdesTester] (Thread-735) None found
2025-08-07 12:26:28,705 INFO  [io.api.tes.ser.api.KafkaSerdesTester] (Thread-735) None found
2025-08-07 12:26:29,705 INFO  [io.api.tes.ser.api.KafkaSerdesTester] (Thread-735) None found
2025-08-07 12:26:29,726 INFO  [org.apa.kaf.cli.con.int.ConsumerCoordinator] (Thread-735) [Consumer clientId=consumer-Consumer-topic-722ee12f_bc84_4621_874c_f44bd25a6882-17, groupId=Consumer-topic-722ee12f_bc84_4621_874c_f44bd25a6882] Successfully joined group with generation Generation{generationId=1, memberId='consumer-Consumer-topic-722ee12f_bc84_4621_874c_f44bd25a6882-17-5884054e-5e86-4dee-9856-81611b5539d9', protocol='range'}
2025-08-07 12:26:29,727 INFO  [org.apa.kaf.cli.con.int.ConsumerCoordinator] (Thread-735) [Consumer clientId=consumer-Consumer-topic-722ee12f_bc84_4621_874c_f44bd25a6882-17, groupId=Consumer-topic-722ee12f_bc84_4621_874c_f44bd25a6882] Finished assignment for group at generation 1: {consumer-Consumer-topic-722ee12f_bc84_4621_874c_f44bd25a6882-17-5884054e-5e86-4dee-9856-81611b5539d9=Assignment(partitions=[topic-722ee12f_bc84_4621_874c_f44bd25a6882-0])}
2025-08-07 12:26:29,734 INFO  [org.apa.kaf.cli.con.int.ConsumerCoordinator] (Thread-735) [Consumer clientId=consumer-Consumer-topic-722ee12f_bc84_4621_874c_f44bd25a6882-17, groupId=Consumer-topic-722ee12f_bc84_4621_874c_f44bd25a6882] Successfully synced group in generation Generation{generationId=1, memberId='consumer-Consumer-topic-722ee12f_bc84_4621_874c_f44bd25a6882-17-5884054e-5e86-4dee-9856-81611b5539d9', protocol='range'}
2025-08-07 12:26:29,735 INFO  [org.apa.kaf.cli.con.int.ConsumerCoordinator] (Thread-735) [Consumer clientId=consumer-Consumer-topic-722ee12f_bc84_4621_874c_f44bd25a6882-17, groupId=Consumer-topic-722ee12f_bc84_4621_874c_f44bd25a6882] Notifying assignor about the new Assignment(partitions=[topic-722ee12f_bc84_4621_874c_f44bd25a6882-0])
2025-08-07 12:26:29,735 INFO  [org.apa.kaf.cli.con.int.ConsumerRebalanceListenerInvoker] (Thread-735) [Consumer clientId=consumer-Consumer-topic-722ee12f_bc84_4621_874c_f44bd25a6882-17, groupId=Consumer-topic-722ee12f_bc84_4621_874c_f44bd25a6882] Adding newly assigned partitions: topic-722ee12f_bc84_4621_874c_f44bd25a6882-0
2025-08-07 12:26:29,736 INFO  [org.apa.kaf.cli.con.int.ConsumerCoordinator] (Thread-735) [Consumer clientId=consumer-Consumer-topic-722ee12f_bc84_4621_874c_f44bd25a6882-17, groupId=Consumer-topic-722ee12f_bc84_4621_874c_f44bd25a6882] Found no committed offset for partition topic-722ee12f_bc84_4621_874c_f44bd25a6882-0
2025-08-07 12:26:29,739 INFO  [org.apa.kaf.cli.con.int.SubscriptionState] (Thread-735) [Consumer clientId=consumer-Consumer-topic-722ee12f_bc84_4621_874c_f44bd25a6882-17, groupId=Consumer-topic-722ee12f_bc84_4621_874c_f44bd25a6882] Resetting offset for partition topic-722ee12f_bc84_4621_874c_f44bd25a6882-0 to position FetchPosition{offset=0, offsetEpoch=Optional.empty, currentLeader=LeaderAndEpoch{leader=Optional[localhost:32769 (id: 0 rack: null)], epoch=0}}.
2025-08-07 12:26:29,993 INFO  [io.api.tes.ser.api.KafkaSerdesTester] (Thread-735) topic-722ee12f_bc84_4621_874c_f44bd25a6882 0 0 {"username": null}
2025-08-07 12:26:29,993 INFO  [io.api.tes.ser.api.KafkaSerdesTester] (Thread-735) topic-722ee12f_bc84_4621_874c_f44bd25a6882 0 1 {"username": null}
2025-08-07 12:26:29,993 INFO  [io.api.tes.ser.api.KafkaSerdesTester] (Thread-735) topic-722ee12f_bc84_4621_874c_f44bd25a6882 0 2 {"username": "value-2"}
2025-08-07 12:26:29,993 INFO  [io.api.tes.ser.api.KafkaSerdesTester] (Thread-735) topic-722ee12f_bc84_4621_874c_f44bd25a6882 0 3 {"username": null}
2025-08-07 12:26:29,993 INFO  [io.api.tes.ser.api.KafkaSerdesTester] (Thread-735) topic-722ee12f_bc84_4621_874c_f44bd25a6882 0 4 {"username": "value-4"}
2025-08-07 12:26:29,993 INFO  [io.api.tes.ser.api.KafkaSerdesTester] (Thread-735) topic-722ee12f_bc84_4621_874c_f44bd25a6882 0 5 {"username": null}
2025-08-07 12:26:29,993 INFO  [io.api.tes.ser.api.KafkaSerdesTester] (Thread-735) topic-722ee12f_bc84_4621_874c_f44bd25a6882 0 6 {"username": "value-6"}
2025-08-07 12:26:29,993 INFO  [io.api.tes.ser.api.KafkaSerdesTester] (Thread-735) topic-722ee12f_bc84_4621_874c_f44bd25a6882 0 7 {"username": null}
2025-08-07 12:26:29,993 INFO  [io.api.tes.ser.api.KafkaSerdesTester] (Thread-735) topic-722ee12f_bc84_4621_874c_f44bd25a6882 0 8 {"username": "value-8"}
2025-08-07 12:26:29,993 INFO  [io.api.tes.ser.api.KafkaSerdesTester] (Thread-735) topic-722ee12f_bc84_4621_874c_f44bd25a6882 0 9 {"username": null}
2025-08-07 12:26:29,993 INFO  [io.api.tes.ser.api.KafkaSerdesTester] (Thread-735) Consumed 10 messages
2025-08-07 12:26:30,001 INFO  [org.apa.kaf.cli.con.int.ConsumerRebalanceListenerInvoker] (Thread-735) [Consumer clientId=consumer-Consumer-topic-722ee12f_bc84_4621_874c_f44bd25a6882-17, groupId=Consumer-topic-722ee12f_bc84_4621_874c_f44bd25a6882] Revoke previously assigned partitions topic-722ee12f_bc84_4621_874c_f44bd25a6882-0
2025-08-07 12:26:30,001 INFO  [org.apa.kaf.cli.con.int.ConsumerCoordinator] (Thread-735) [Consumer clientId=consumer-Consumer-topic-722ee12f_bc84_4621_874c_f44bd25a6882-17, groupId=Consumer-topic-722ee12f_bc84_4621_874c_f44bd25a6882] Member consumer-Consumer-topic-722ee12f_bc84_4621_874c_f44bd25a6882-17-5884054e-5e86-4dee-9856-81611b5539d9 sending LeaveGroup request to coordinator localhost:32769 (id: 2147483647 rack: null) due to the consumer is being closed
2025-08-07 12:26:30,001 INFO  [org.apa.kaf.cli.con.int.ConsumerCoordinator] (Thread-735) [Consumer clientId=consumer-Consumer-topic-722ee12f_bc84_4621_874c_f44bd25a6882-17, groupId=Consumer-topic-722ee12f_bc84_4621_874c_f44bd25a6882] Resetting generation and member id due to: consumer pro-actively leaving the group
2025-08-07 12:26:30,001 INFO  [org.apa.kaf.cli.con.int.ConsumerCoordinator] (Thread-735) [Consumer clientId=consumer-Consumer-topic-722ee12f_bc84_4621_874c_f44bd25a6882-17, groupId=Consumer-topic-722ee12f_bc84_4621_874c_f44bd25a6882] Request joining group due to: consumer pro-actively leaving the group
2025-08-07 12:26:30,496 INFO  [org.apa.kaf.com.met.Metrics] (Thread-735) Metrics scheduler closed
2025-08-07 12:26:30,496 INFO  [org.apa.kaf.com.met.Metrics] (Thread-735) Closing reporter org.apache.kafka.common.metrics.JmxReporter
2025-08-07 12:26:30,496 INFO  [org.apa.kaf.com.met.Metrics] (Thread-735) Closing reporter org.apache.kafka.common.telemetry.internals.ClientTelemetryReporter
2025-08-07 12:26:30,496 INFO  [org.apa.kaf.com.met.Metrics] (Thread-735) Metrics reporters closed
2025-08-07 12:26:30,498 INFO  [org.apa.kaf.com.uti.AppInfoParser] (Thread-735) App info kafka.consumer for consumer-Consumer-topic-722ee12f_bc84_4621_874c_f44bd25a6882-17 unregistered
2025-08-07 12:26:30,498 INFO  [io.api.tes.uti.TestSeparator] (main) io.apicurio.tests.serdes.apicurio.AvroSerdeIT.testFirstEmptyFieldConfusedAsMagicByte-FINISHED
2025-08-07 12:26:30,498 INFO  [io.api.tes.uti.TestSeparator] (main) ############################################################################
Test passed: testFirstEmptyFieldConfusedAsMagicByte
]]></system-out>
  </testcase>
  <testcase name="testAvroSerDesFailDifferentSchemaByContent" classname="io.apicurio.tests.serdes.apicurio.AvroSerdeIT" time="1.489">
    <system-out><![CDATA[2025-08-07 12:26:30,501 INFO  [io.api.tes.uti.TestSeparator] (main) ############################################################################
2025-08-07 12:26:30,501 INFO  [io.api.tes.uti.TestSeparator] (main) io.apicurio.tests.serdes.apicurio.AvroSerdeIT.testAvroSerDesFailDifferentSchemaByContent-STARTED
**** Registry Base URL: http://registry-app-mysql.apps.ci419.apicurio-testing.org:80
2025-08-07 12:26:31,708 INFO  [org.apa.kaf.cli.pro.ProducerConfig] (main) ProducerConfig values: 
	acks = -1
	auto.include.jmx.reporter = true
	batch.size = 16384
	bootstrap.servers = [PLAINTEXT://localhost:32769]
	buffer.memory = 33554432
	client.dns.lookup = use_all_dns_ips
	client.id = Producer-topic-d370758d_24fa_46c1_8e82_dabf8abdd299
	compression.gzip.level = -1
	compression.lz4.level = 9
	compression.type = none
	compression.zstd.level = 3
	connections.max.idle.ms = 10000
	delivery.timeout.ms = 120000
	enable.idempotence = true
	enable.metrics.push = true
	interceptor.classes = []
	key.serializer = class org.apache.kafka.common.serialization.StringSerializer
	linger.ms = 0
	max.block.ms = 60000
	max.in.flight.requests.per.connection = 5
	max.request.size = 1048576
	metadata.max.age.ms = 300000
	metadata.max.idle.ms = 300000
	metadata.recovery.strategy = none
	metric.reporters = []
	metrics.num.samples = 2
	metrics.recording.level = INFO
	metrics.sample.window.ms = 30000
	partitioner.adaptive.partitioning.enable = true
	partitioner.availability.timeout.ms = 0
	partitioner.class = null
	partitioner.ignore.keys = false
	receive.buffer.bytes = 32768
	reconnect.backoff.max.ms = 1000
	reconnect.backoff.ms = 50
	request.timeout.ms = 5000
	retries = 2147483647
	retry.backoff.max.ms = 1000
	retry.backoff.ms = 100
	sasl.client.callback.handler.class = null
	sasl.jaas.config = null
	sasl.kerberos.kinit.cmd = /usr/bin/kinit
	sasl.kerberos.min.time.before.relogin = 60000
	sasl.kerberos.service.name = null
	sasl.kerberos.ticket.renew.jitter = 0.05
	sasl.kerberos.ticket.renew.window.factor = 0.8
	sasl.login.callback.handler.class = null
	sasl.login.class = null
	sasl.login.connect.timeout.ms = null
	sasl.login.read.timeout.ms = null
	sasl.login.refresh.buffer.seconds = 300
	sasl.login.refresh.min.period.seconds = 60
	sasl.login.refresh.window.factor = 0.8
	sasl.login.refresh.window.jitter = 0.05
	sasl.login.retry.backoff.max.ms = 10000
	sasl.login.retry.backoff.ms = 100
	sasl.mechanism = GSSAPI
	sasl.oauthbearer.clock.skew.seconds = 30
	sasl.oauthbearer.expected.audience = null
	sasl.oauthbearer.expected.issuer = null
	sasl.oauthbearer.header.urlencode = false
	sasl.oauthbearer.jwks.endpoint.refresh.ms = 3600000
	sasl.oauthbearer.jwks.endpoint.retry.backoff.max.ms = 10000
	sasl.oauthbearer.jwks.endpoint.retry.backoff.ms = 100
	sasl.oauthbearer.jwks.endpoint.url = null
	sasl.oauthbearer.scope.claim.name = scope
	sasl.oauthbearer.sub.claim.name = sub
	sasl.oauthbearer.token.endpoint.url = null
	security.protocol = PLAINTEXT
	security.providers = null
	send.buffer.bytes = 131072
	socket.connection.setup.timeout.max.ms = 30000
	socket.connection.setup.timeout.ms = 10000
	ssl.cipher.suites = null
	ssl.enabled.protocols = [TLSv1.2, TLSv1.3]
	ssl.endpoint.identification.algorithm = https
	ssl.engine.factory.class = null
	ssl.key.password = null
	ssl.keymanager.algorithm = SunX509
	ssl.keystore.certificate.chain = null
	ssl.keystore.key = null
	ssl.keystore.location = null
	ssl.keystore.password = null
	ssl.keystore.type = JKS
	ssl.protocol = TLSv1.3
	ssl.provider = null
	ssl.secure.random.implementation = null
	ssl.trustmanager.algorithm = PKIX
	ssl.truststore.certificates = null
	ssl.truststore.location = null
	ssl.truststore.password = null
	ssl.truststore.type = JKS
	transaction.timeout.ms = 60000
	transactional.id = null
	value.serializer = class io.apicurio.registry.serde.avro.AvroKafkaSerializer

2025-08-07 12:26:31,709 INFO  [org.apa.kaf.com.tel.int.KafkaMetricsCollector] (main) initializing Kafka metrics collector
2025-08-07 12:26:31,712 INFO  [org.apa.kaf.cli.pro.KafkaProducer] (main) [Producer clientId=Producer-topic-d370758d_24fa_46c1_8e82_dabf8abdd299] Instantiated an idempotent producer.
2025-08-07 12:26:31,714 INFO  [org.apa.kaf.cli.pro.ProducerConfig] (main) These configurations '[apicurio.registry.url, apicurio.registry.artifact-resolver-strategy]' were supplied but are not used yet.
2025-08-07 12:26:31,714 INFO  [org.apa.kaf.com.uti.AppInfoParser] (main) Kafka version: 3.9.1
2025-08-07 12:26:31,714 INFO  [org.apa.kaf.com.uti.AppInfoParser] (main) Kafka commitId: f745dfdcee2b9851
2025-08-07 12:26:31,714 INFO  [org.apa.kaf.com.uti.AppInfoParser] (main) Kafka startTimeMs: 1754569591714
2025-08-07 12:26:31,715 INFO  [io.api.tes.ser.api.KafkaSerdesTester] (Thread-738) Sending message {"keyB": "value-0"} to topic topic-d370758d_24fa_46c1_8e82_dabf8abdd299
2025-08-07 12:26:31,719 INFO  [org.apa.kaf.cli.Metadata] (kafka-producer-network-thread | Producer-topic-d370758d_24fa_46c1_8e82_dabf8abdd299) [Producer clientId=Producer-topic-d370758d_24fa_46c1_8e82_dabf8abdd299] Cluster ID: w_73WABzQ2iBfYWfnNB4Cg
2025-08-07 12:26:31,719 INFO  [org.apa.kaf.cli.pro.int.TransactionManager] (kafka-producer-network-thread | Producer-topic-d370758d_24fa_46c1_8e82_dabf8abdd299) [Producer clientId=Producer-topic-d370758d_24fa_46c1_8e82_dabf8abdd299] ProducerId set to 24 with epoch 0
2025-08-07 12:26:31,719 INFO  [DefaultSchemaResolver] (Thread-738) Retrieving schema content using string: {"type":"record","name":"sc1623525xe586x4389xb567xf1276d6decaa","namespace":"s9d791cc1x9c6ax4473xa300x0c8630d351bc","fields":[{"name":"keyB","type":"string"}]}
2025-08-07 12:26:31,986 INFO  [org.apa.kaf.cli.pro.KafkaProducer] (Thread-738) [Producer clientId=Producer-topic-d370758d_24fa_46c1_8e82_dabf8abdd299] Closing the Kafka producer with timeoutMillis = 9223372036854775807 ms.
2025-08-07 12:26:31,987 INFO  [org.apa.kaf.com.met.Metrics] (Thread-738) Metrics scheduler closed
2025-08-07 12:26:31,987 INFO  [org.apa.kaf.com.met.Metrics] (Thread-738) Closing reporter org.apache.kafka.common.metrics.JmxReporter
2025-08-07 12:26:31,987 INFO  [org.apa.kaf.com.met.Metrics] (Thread-738) Closing reporter org.apache.kafka.common.telemetry.internals.ClientTelemetryReporter
2025-08-07 12:26:31,987 INFO  [org.apa.kaf.com.met.Metrics] (Thread-738) Metrics reporters closed
2025-08-07 12:26:31,988 INFO  [org.apa.kaf.com.uti.AppInfoParser] (Thread-738) App info kafka.producer for Producer-topic-d370758d_24fa_46c1_8e82_dabf8abdd299 unregistered
2025-08-07 12:26:31,988 INFO  [io.api.tes.uti.TestSeparator] (main) io.apicurio.tests.serdes.apicurio.AvroSerdeIT.testAvroSerDesFailDifferentSchemaByContent-FINISHED
2025-08-07 12:26:31,988 INFO  [io.api.tes.uti.TestSeparator] (main) ############################################################################
Test passed: testAvroSerDesFailDifferentSchemaByContent
]]></system-out>
    <system-err><![CDATA[java.lang.RuntimeException: Could not resolve artifact reference by content: {"type":"record","name":"sc1623525xe586x4389xb567xf1276d6decaa","namespace":"s9d791cc1x9c6ax4473xa300x0c8630d351bc","fields":[{"name":"keyB","type":"string"}]}&ArtifactReference [groupId=s9d791cc1x9c6ax4473xa300x0c8630d351bc, artifactId=sc1623525xe586x4389xb567xf1276d6decaa, version=null, globalId=null, contentId=null, contentHash=null]
	at io.apicurio.registry.resolver.DefaultSchemaResolver.lambda$handleResolveSchemaByContent$3(DefaultSchemaResolver.java:265)
	at io.apicurio.registry.resolver.cache.ERCache.lambda$getValue$0(ERCache.java:174)
	at io.apicurio.registry.resolver.cache.ERCache.retry(ERCache.java:227)
	at io.apicurio.registry.resolver.cache.ERCache.getValue(ERCache.java:173)
	at io.apicurio.registry.resolver.cache.ERCache.getByContent(ERCache.java:147)
	at io.apicurio.registry.resolver.DefaultSchemaResolver.handleResolveSchemaByContent(DefaultSchemaResolver.java:253)
	at io.apicurio.registry.resolver.DefaultSchemaResolver.getSchemaFromRegistry(DefaultSchemaResolver.java:138)
	at io.apicurio.registry.resolver.DefaultSchemaResolver.lambda$resolveSchema$0(DefaultSchemaResolver.java:84)
	at java.base/java.util.Optional.orElseGet(Optional.java:364)
	at io.apicurio.registry.resolver.DefaultSchemaResolver.resolveSchema(DefaultSchemaResolver.java:84)
	at io.apicurio.registry.serde.AbstractSerializer.serializeData(AbstractSerializer.java:62)
	at io.apicurio.registry.serde.KafkaSerializer.serialize(KafkaSerializer.java:77)
	at org.apache.kafka.clients.producer.KafkaProducer.doSend(KafkaProducer.java:1046)
	at org.apache.kafka.clients.producer.KafkaProducer.send(KafkaProducer.java:993)
	at org.apache.kafka.clients.producer.KafkaProducer.send(KafkaProducer.java:875)
	at io.apicurio.tests.serdes.apicurio.KafkaSerdesTester.lambda$produceMessages$3(KafkaSerdesTester.java:138)
	at java.base/java.util.concurrent.CompletableFuture$AsyncSupply.run(CompletableFuture.java:1768)
	at java.base/java.lang.Thread.run(Thread.java:840)
]]></system-err>
  </testcase>
  <testcase name="testGlobalIdInBody" classname="io.apicurio.tests.serdes.apicurio.AvroSerdeIT" time="4.312">
    <system-out><![CDATA[2025-08-07 12:26:31,994 INFO  [io.api.tes.uti.TestSeparator] (main) ############################################################################
2025-08-07 12:26:31,994 INFO  [io.api.tes.uti.TestSeparator] (main) io.apicurio.tests.serdes.apicurio.AvroSerdeIT.testGlobalIdInBody-STARTED
**** Registry Base URL: http://registry-app-mysql.apps.ci419.apicurio-testing.org:80
2025-08-07 12:26:32,003 INFO  [org.apa.kaf.cli.pro.ProducerConfig] (main) ProducerConfig values: 
	acks = -1
	auto.include.jmx.reporter = true
	batch.size = 16384
	bootstrap.servers = [PLAINTEXT://localhost:32769]
	buffer.memory = 33554432
	client.dns.lookup = use_all_dns_ips
	client.id = Producer-topic-dd831b90_9055_471e_8264_734723930d16
	compression.gzip.level = -1
	compression.lz4.level = 9
	compression.type = none
	compression.zstd.level = 3
	connections.max.idle.ms = 10000
	delivery.timeout.ms = 120000
	enable.idempotence = true
	enable.metrics.push = true
	interceptor.classes = []
	key.serializer = class org.apache.kafka.common.serialization.StringSerializer
	linger.ms = 0
	max.block.ms = 60000
	max.in.flight.requests.per.connection = 5
	max.request.size = 1048576
	metadata.max.age.ms = 300000
	metadata.max.idle.ms = 300000
	metadata.recovery.strategy = none
	metric.reporters = []
	metrics.num.samples = 2
	metrics.recording.level = INFO
	metrics.sample.window.ms = 30000
	partitioner.adaptive.partitioning.enable = true
	partitioner.availability.timeout.ms = 0
	partitioner.class = null
	partitioner.ignore.keys = false
	receive.buffer.bytes = 32768
	reconnect.backoff.max.ms = 1000
	reconnect.backoff.ms = 50
	request.timeout.ms = 5000
	retries = 2147483647
	retry.backoff.max.ms = 1000
	retry.backoff.ms = 100
	sasl.client.callback.handler.class = null
	sasl.jaas.config = null
	sasl.kerberos.kinit.cmd = /usr/bin/kinit
	sasl.kerberos.min.time.before.relogin = 60000
	sasl.kerberos.service.name = null
	sasl.kerberos.ticket.renew.jitter = 0.05
	sasl.kerberos.ticket.renew.window.factor = 0.8
	sasl.login.callback.handler.class = null
	sasl.login.class = null
	sasl.login.connect.timeout.ms = null
	sasl.login.read.timeout.ms = null
	sasl.login.refresh.buffer.seconds = 300
	sasl.login.refresh.min.period.seconds = 60
	sasl.login.refresh.window.factor = 0.8
	sasl.login.refresh.window.jitter = 0.05
	sasl.login.retry.backoff.max.ms = 10000
	sasl.login.retry.backoff.ms = 100
	sasl.mechanism = GSSAPI
	sasl.oauthbearer.clock.skew.seconds = 30
	sasl.oauthbearer.expected.audience = null
	sasl.oauthbearer.expected.issuer = null
	sasl.oauthbearer.header.urlencode = false
	sasl.oauthbearer.jwks.endpoint.refresh.ms = 3600000
	sasl.oauthbearer.jwks.endpoint.retry.backoff.max.ms = 10000
	sasl.oauthbearer.jwks.endpoint.retry.backoff.ms = 100
	sasl.oauthbearer.jwks.endpoint.url = null
	sasl.oauthbearer.scope.claim.name = scope
	sasl.oauthbearer.sub.claim.name = sub
	sasl.oauthbearer.token.endpoint.url = null
	security.protocol = PLAINTEXT
	security.providers = null
	send.buffer.bytes = 131072
	socket.connection.setup.timeout.max.ms = 30000
	socket.connection.setup.timeout.ms = 10000
	ssl.cipher.suites = null
	ssl.enabled.protocols = [TLSv1.2, TLSv1.3]
	ssl.endpoint.identification.algorithm = https
	ssl.engine.factory.class = null
	ssl.key.password = null
	ssl.keymanager.algorithm = SunX509
	ssl.keystore.certificate.chain = null
	ssl.keystore.key = null
	ssl.keystore.location = null
	ssl.keystore.password = null
	ssl.keystore.type = JKS
	ssl.protocol = TLSv1.3
	ssl.provider = null
	ssl.secure.random.implementation = null
	ssl.trustmanager.algorithm = PKIX
	ssl.truststore.certificates = null
	ssl.truststore.location = null
	ssl.truststore.password = null
	ssl.truststore.type = JKS
	transaction.timeout.ms = 60000
	transactional.id = null
	value.serializer = class io.apicurio.registry.serde.avro.AvroKafkaSerializer

2025-08-07 12:26:32,003 INFO  [org.apa.kaf.com.tel.int.KafkaMetricsCollector] (main) initializing Kafka metrics collector
2025-08-07 12:26:32,008 INFO  [org.apa.kaf.cli.pro.KafkaProducer] (main) [Producer clientId=Producer-topic-dd831b90_9055_471e_8264_734723930d16] Instantiated an idempotent producer.
2025-08-07 12:26:32,010 INFO  [org.apa.kaf.cli.pro.ProducerConfig] (main) These configurations '[apicurio.registry.url, apicurio.registry.auto-register, apicurio.registry.use-id, apicurio.registry.artifact-resolver-strategy]' were supplied but are not used yet.
2025-08-07 12:26:32,010 INFO  [org.apa.kaf.com.uti.AppInfoParser] (main) Kafka version: 3.9.1
2025-08-07 12:26:32,010 INFO  [org.apa.kaf.com.uti.AppInfoParser] (main) Kafka commitId: f745dfdcee2b9851
2025-08-07 12:26:32,010 INFO  [org.apa.kaf.com.uti.AppInfoParser] (main) Kafka startTimeMs: 1754569592010
2025-08-07 12:26:32,010 INFO  [io.api.tes.ser.api.SimpleSerdesTesterBuilder$SimpleSerdesTester] (main) Using producer configuration: {apicurio.registry.url=http://registry-app-mysql.apps.ci419.apicurio-testing.org:80/apis/registry/v3, apicurio.registry.auto-register=true, apicurio.registry.use-id=globalId, apicurio.registry.artifact-resolver-strategy=io.apicurio.registry.serde.strategy.TopicIdStrategy, value.serializer=io.apicurio.registry.serde.avro.AvroKafkaSerializer, request.timeout.ms=5000, acks=all, bootstrap.servers=PLAINTEXT://localhost:32769, connections.max.idle.ms=10000, key.serializer=org.apache.kafka.common.serialization.StringSerializer, client.id=Producer-topic-dd831b90_9055_471e_8264_734723930d16}
2025-08-07 12:26:32,010 INFO  [io.api.tes.ser.api.SimpleSerdesTesterBuilder$SimpleSerdesTester] (main) Using consumer configuration: {apicurio.registry.use-id=globalId}
2025-08-07 12:26:32,011 INFO  [io.api.tes.ser.api.KafkaSerdesTester] (Thread-741) Sending message {"key11754569591998": "value-0"} to topic topic-dd831b90_9055_471e_8264_734723930d16
2025-08-07 12:26:32,016 WARN  [org.apa.kaf.cli.NetworkClient] (kafka-producer-network-thread | Producer-topic-dd831b90_9055_471e_8264_734723930d16) [Producer clientId=Producer-topic-dd831b90_9055_471e_8264_734723930d16] The metadata response from the cluster reported a recoverable issue with correlation id 1 : {topic-dd831b90_9055_471e_8264_734723930d16=UNKNOWN_TOPIC_OR_PARTITION}
2025-08-07 12:26:32,017 INFO  [org.apa.kaf.cli.Metadata] (kafka-producer-network-thread | Producer-topic-dd831b90_9055_471e_8264_734723930d16) [Producer clientId=Producer-topic-dd831b90_9055_471e_8264_734723930d16] Cluster ID: w_73WABzQ2iBfYWfnNB4Cg
2025-08-07 12:26:32,017 INFO  [org.apa.kaf.cli.pro.int.TransactionManager] (kafka-producer-network-thread | Producer-topic-dd831b90_9055_471e_8264_734723930d16) [Producer clientId=Producer-topic-dd831b90_9055_471e_8264_734723930d16] ProducerId set to 25 with epoch 0
2025-08-07 12:26:32,304 INFO  [io.api.tes.ser.api.KafkaSerdesTester] (Thread-741) Sending message {"key11754569591998": "value-1"} to topic topic-dd831b90_9055_471e_8264_734723930d16
2025-08-07 12:26:32,305 INFO  [io.api.tes.ser.api.KafkaSerdesTester] (Thread-741) Sending message {"key11754569591998": "value-2"} to topic topic-dd831b90_9055_471e_8264_734723930d16
2025-08-07 12:26:32,306 INFO  [io.api.tes.ser.api.KafkaSerdesTester] (Thread-741) Sending message {"key11754569591998": "value-3"} to topic topic-dd831b90_9055_471e_8264_734723930d16
2025-08-07 12:26:32,308 INFO  [io.api.tes.ser.api.KafkaSerdesTester] (Thread-741) Sending message {"key11754569591998": "value-4"} to topic topic-dd831b90_9055_471e_8264_734723930d16
2025-08-07 12:26:32,309 INFO  [io.api.tes.ser.api.KafkaSerdesTester] (Thread-741) Sending message {"key11754569591998": "value-5"} to topic topic-dd831b90_9055_471e_8264_734723930d16
2025-08-07 12:26:32,313 INFO  [io.api.tes.ser.api.KafkaSerdesTester] (Thread-741) Sending message {"key11754569591998": "value-6"} to topic topic-dd831b90_9055_471e_8264_734723930d16
2025-08-07 12:26:32,317 INFO  [io.api.tes.ser.api.KafkaSerdesTester] (Thread-741) Sending message {"key11754569591998": "value-7"} to topic topic-dd831b90_9055_471e_8264_734723930d16
2025-08-07 12:26:32,319 INFO  [io.api.tes.ser.api.KafkaSerdesTester] (Thread-741) Sending message {"key11754569591998": "value-8"} to topic topic-dd831b90_9055_471e_8264_734723930d16
2025-08-07 12:26:32,320 INFO  [io.api.tes.ser.api.KafkaSerdesTester] (Thread-741) Sending message {"key11754569591998": "value-9"} to topic topic-dd831b90_9055_471e_8264_734723930d16
2025-08-07 12:26:32,323 INFO  [io.api.tes.ser.api.KafkaSerdesTester] (Thread-741) Produced 10 messages
2025-08-07 12:26:32,323 INFO  [org.apa.kaf.cli.pro.KafkaProducer] (Thread-741) [Producer clientId=Producer-topic-dd831b90_9055_471e_8264_734723930d16] Closing the Kafka producer with timeoutMillis = 9223372036854775807 ms.
2025-08-07 12:26:32,325 INFO  [org.apa.kaf.com.met.Metrics] (Thread-741) Metrics scheduler closed
2025-08-07 12:26:32,325 INFO  [org.apa.kaf.com.met.Metrics] (Thread-741) Closing reporter org.apache.kafka.common.metrics.JmxReporter
2025-08-07 12:26:32,326 INFO  [org.apa.kaf.com.met.Metrics] (Thread-741) Closing reporter org.apache.kafka.common.telemetry.internals.ClientTelemetryReporter
2025-08-07 12:26:32,326 INFO  [org.apa.kaf.com.met.Metrics] (Thread-741) Metrics reporters closed
2025-08-07 12:26:32,326 INFO  [org.apa.kaf.com.uti.AppInfoParser] (Thread-741) App info kafka.producer for Producer-topic-dd831b90_9055_471e_8264_734723930d16 unregistered
**** Registry Base URL: http://registry-app-mysql.apps.ci419.apicurio-testing.org:80
2025-08-07 12:26:32,507 INFO  [org.apa.kaf.cli.con.ConsumerConfig] (main) ConsumerConfig values: 
	allow.auto.create.topics = true
	auto.commit.interval.ms = 500
	auto.include.jmx.reporter = true
	auto.offset.reset = earliest
	bootstrap.servers = [PLAINTEXT://localhost:32769]
	check.crcs = true
	client.dns.lookup = use_all_dns_ips
	client.id = consumer-Consumer-topic-dd831b90_9055_471e_8264_734723930d16-18
	client.rack = 
	connections.max.idle.ms = 10000
	default.api.timeout.ms = 60000
	enable.auto.commit = true
	enable.metrics.push = true
	exclude.internal.topics = true
	fetch.max.bytes = 52428800
	fetch.max.wait.ms = 500
	fetch.min.bytes = 1
	group.id = Consumer-topic-dd831b90_9055_471e_8264_734723930d16
	group.instance.id = null
	group.protocol = classic
	group.remote.assignor = null
	heartbeat.interval.ms = 3000
	interceptor.classes = []
	internal.leave.group.on.close = true
	internal.throw.on.fetch.stable.offset.unsupported = false
	isolation.level = read_uncommitted
	key.deserializer = class org.apache.kafka.common.serialization.StringDeserializer
	max.partition.fetch.bytes = 1048576
	max.poll.interval.ms = 300000
	max.poll.records = 500
	metadata.max.age.ms = 300000
	metadata.recovery.strategy = none
	metric.reporters = []
	metrics.num.samples = 2
	metrics.recording.level = INFO
	metrics.sample.window.ms = 30000
	partition.assignment.strategy = [class org.apache.kafka.clients.consumer.RangeAssignor, class org.apache.kafka.clients.consumer.CooperativeStickyAssignor]
	receive.buffer.bytes = 65536
	reconnect.backoff.max.ms = 1000
	reconnect.backoff.ms = 50
	request.timeout.ms = 5000
	retry.backoff.max.ms = 1000
	retry.backoff.ms = 100
	sasl.client.callback.handler.class = null
	sasl.jaas.config = null
	sasl.kerberos.kinit.cmd = /usr/bin/kinit
	sasl.kerberos.min.time.before.relogin = 60000
	sasl.kerberos.service.name = null
	sasl.kerberos.ticket.renew.jitter = 0.05
	sasl.kerberos.ticket.renew.window.factor = 0.8
	sasl.login.callback.handler.class = null
	sasl.login.class = null
	sasl.login.connect.timeout.ms = null
	sasl.login.read.timeout.ms = null
	sasl.login.refresh.buffer.seconds = 300
	sasl.login.refresh.min.period.seconds = 60
	sasl.login.refresh.window.factor = 0.8
	sasl.login.refresh.window.jitter = 0.05
	sasl.login.retry.backoff.max.ms = 10000
	sasl.login.retry.backoff.ms = 100
	sasl.mechanism = GSSAPI
	sasl.oauthbearer.clock.skew.seconds = 30
	sasl.oauthbearer.expected.audience = null
	sasl.oauthbearer.expected.issuer = null
	sasl.oauthbearer.header.urlencode = false
	sasl.oauthbearer.jwks.endpoint.refresh.ms = 3600000
	sasl.oauthbearer.jwks.endpoint.retry.backoff.max.ms = 10000
	sasl.oauthbearer.jwks.endpoint.retry.backoff.ms = 100
	sasl.oauthbearer.jwks.endpoint.url = null
	sasl.oauthbearer.scope.claim.name = scope
	sasl.oauthbearer.sub.claim.name = sub
	sasl.oauthbearer.token.endpoint.url = null
	security.protocol = PLAINTEXT
	security.providers = null
	send.buffer.bytes = 131072
	session.timeout.ms = 45000
	socket.connection.setup.timeout.max.ms = 30000
	socket.connection.setup.timeout.ms = 10000
	ssl.cipher.suites = null
	ssl.enabled.protocols = [TLSv1.2, TLSv1.3]
	ssl.endpoint.identification.algorithm = https
	ssl.engine.factory.class = null
	ssl.key.password = null
	ssl.keymanager.algorithm = SunX509
	ssl.keystore.certificate.chain = null
	ssl.keystore.key = null
	ssl.keystore.location = null
	ssl.keystore.password = null
	ssl.keystore.type = JKS
	ssl.protocol = TLSv1.3
	ssl.provider = null
	ssl.secure.random.implementation = null
	ssl.trustmanager.algorithm = PKIX
	ssl.truststore.certificates = null
	ssl.truststore.location = null
	ssl.truststore.password = null
	ssl.truststore.type = JKS
	value.deserializer = class io.apicurio.registry.serde.avro.AvroKafkaDeserializer

2025-08-07 12:26:32,507 INFO  [org.apa.kaf.com.tel.int.KafkaMetricsCollector] (main) initializing Kafka metrics collector
2025-08-07 12:26:32,511 INFO  [org.apa.kaf.cli.con.ConsumerConfig] (main) These configurations '[apicurio.registry.url, apicurio.registry.use-id]' were supplied but are not used yet.
2025-08-07 12:26:32,511 INFO  [org.apa.kaf.com.uti.AppInfoParser] (main) Kafka version: 3.9.1
2025-08-07 12:26:32,511 INFO  [org.apa.kaf.com.uti.AppInfoParser] (main) Kafka commitId: f745dfdcee2b9851
2025-08-07 12:26:32,511 INFO  [org.apa.kaf.com.uti.AppInfoParser] (main) Kafka startTimeMs: 1754569592511
2025-08-07 12:26:32,511 INFO  [org.apa.kaf.cli.con.int.ClassicKafkaConsumer] (Thread-744) [Consumer clientId=consumer-Consumer-topic-dd831b90_9055_471e_8264_734723930d16-18, groupId=Consumer-topic-dd831b90_9055_471e_8264_734723930d16] Subscribed to topic(s): topic-dd831b90_9055_471e_8264_734723930d16
2025-08-07 12:26:32,515 INFO  [org.apa.kaf.cli.Metadata] (Thread-744) [Consumer clientId=consumer-Consumer-topic-dd831b90_9055_471e_8264_734723930d16-18, groupId=Consumer-topic-dd831b90_9055_471e_8264_734723930d16] Cluster ID: w_73WABzQ2iBfYWfnNB4Cg
2025-08-07 12:26:32,516 INFO  [org.apa.kaf.cli.con.int.ConsumerCoordinator] (Thread-744) [Consumer clientId=consumer-Consumer-topic-dd831b90_9055_471e_8264_734723930d16-18, groupId=Consumer-topic-dd831b90_9055_471e_8264_734723930d16] Discovered group coordinator localhost:32769 (id: 2147483647 rack: null)
2025-08-07 12:26:32,517 INFO  [org.apa.kaf.cli.con.int.ConsumerCoordinator] (Thread-744) [Consumer clientId=consumer-Consumer-topic-dd831b90_9055_471e_8264_734723930d16-18, groupId=Consumer-topic-dd831b90_9055_471e_8264_734723930d16] (Re-)joining group
2025-08-07 12:26:32,519 INFO  [org.apa.kaf.cli.con.int.ConsumerCoordinator] (Thread-744) [Consumer clientId=consumer-Consumer-topic-dd831b90_9055_471e_8264_734723930d16-18, groupId=Consumer-topic-dd831b90_9055_471e_8264_734723930d16] Request joining group due to: need to re-join with the given member-id: consumer-Consumer-topic-dd831b90_9055_471e_8264_734723930d16-18-d593deb7-5f26-4886-8bf0-8678f06be82d
2025-08-07 12:26:32,519 INFO  [org.apa.kaf.cli.con.int.ConsumerCoordinator] (Thread-744) [Consumer clientId=consumer-Consumer-topic-dd831b90_9055_471e_8264_734723930d16-18, groupId=Consumer-topic-dd831b90_9055_471e_8264_734723930d16] (Re-)joining group
2025-08-07 12:26:33,512 INFO  [io.api.tes.ser.api.KafkaSerdesTester] (Thread-744) None found
2025-08-07 12:26:34,512 INFO  [io.api.tes.ser.api.KafkaSerdesTester] (Thread-744) None found
2025-08-07 12:26:35,512 INFO  [io.api.tes.ser.api.KafkaSerdesTester] (Thread-744) None found
2025-08-07 12:26:35,520 INFO  [org.apa.kaf.cli.con.int.ConsumerCoordinator] (Thread-744) [Consumer clientId=consumer-Consumer-topic-dd831b90_9055_471e_8264_734723930d16-18, groupId=Consumer-topic-dd831b90_9055_471e_8264_734723930d16] Successfully joined group with generation Generation{generationId=1, memberId='consumer-Consumer-topic-dd831b90_9055_471e_8264_734723930d16-18-d593deb7-5f26-4886-8bf0-8678f06be82d', protocol='range'}
2025-08-07 12:26:35,520 INFO  [org.apa.kaf.cli.con.int.ConsumerCoordinator] (Thread-744) [Consumer clientId=consumer-Consumer-topic-dd831b90_9055_471e_8264_734723930d16-18, groupId=Consumer-topic-dd831b90_9055_471e_8264_734723930d16] Finished assignment for group at generation 1: {consumer-Consumer-topic-dd831b90_9055_471e_8264_734723930d16-18-d593deb7-5f26-4886-8bf0-8678f06be82d=Assignment(partitions=[topic-dd831b90_9055_471e_8264_734723930d16-0])}
2025-08-07 12:26:35,527 INFO  [org.apa.kaf.cli.con.int.ConsumerCoordinator] (Thread-744) [Consumer clientId=consumer-Consumer-topic-dd831b90_9055_471e_8264_734723930d16-18, groupId=Consumer-topic-dd831b90_9055_471e_8264_734723930d16] Successfully synced group in generation Generation{generationId=1, memberId='consumer-Consumer-topic-dd831b90_9055_471e_8264_734723930d16-18-d593deb7-5f26-4886-8bf0-8678f06be82d', protocol='range'}
2025-08-07 12:26:35,527 INFO  [org.apa.kaf.cli.con.int.ConsumerCoordinator] (Thread-744) [Consumer clientId=consumer-Consumer-topic-dd831b90_9055_471e_8264_734723930d16-18, groupId=Consumer-topic-dd831b90_9055_471e_8264_734723930d16] Notifying assignor about the new Assignment(partitions=[topic-dd831b90_9055_471e_8264_734723930d16-0])
2025-08-07 12:26:35,527 INFO  [org.apa.kaf.cli.con.int.ConsumerRebalanceListenerInvoker] (Thread-744) [Consumer clientId=consumer-Consumer-topic-dd831b90_9055_471e_8264_734723930d16-18, groupId=Consumer-topic-dd831b90_9055_471e_8264_734723930d16] Adding newly assigned partitions: topic-dd831b90_9055_471e_8264_734723930d16-0
2025-08-07 12:26:35,529 INFO  [org.apa.kaf.cli.con.int.ConsumerCoordinator] (Thread-744) [Consumer clientId=consumer-Consumer-topic-dd831b90_9055_471e_8264_734723930d16-18, groupId=Consumer-topic-dd831b90_9055_471e_8264_734723930d16] Found no committed offset for partition topic-dd831b90_9055_471e_8264_734723930d16-0
2025-08-07 12:26:35,532 INFO  [org.apa.kaf.cli.con.int.SubscriptionState] (Thread-744) [Consumer clientId=consumer-Consumer-topic-dd831b90_9055_471e_8264_734723930d16-18, groupId=Consumer-topic-dd831b90_9055_471e_8264_734723930d16] Resetting offset for partition topic-dd831b90_9055_471e_8264_734723930d16-0 to position FetchPosition{offset=0, offsetEpoch=Optional.empty, currentLeader=LeaderAndEpoch{leader=Optional[localhost:32769 (id: 0 rack: null)], epoch=0}}.
2025-08-07 12:26:35,795 INFO  [io.api.tes.ser.api.KafkaSerdesTester] (Thread-744) topic-dd831b90_9055_471e_8264_734723930d16 0 0 {"key11754569591998": "value-0"}
2025-08-07 12:26:35,795 INFO  [io.api.tes.ser.api.KafkaSerdesTester] (Thread-744) topic-dd831b90_9055_471e_8264_734723930d16 0 1 {"key11754569591998": "value-1"}
2025-08-07 12:26:35,795 INFO  [io.api.tes.ser.api.KafkaSerdesTester] (Thread-744) topic-dd831b90_9055_471e_8264_734723930d16 0 2 {"key11754569591998": "value-2"}
2025-08-07 12:26:35,796 INFO  [io.api.tes.ser.api.KafkaSerdesTester] (Thread-744) topic-dd831b90_9055_471e_8264_734723930d16 0 3 {"key11754569591998": "value-3"}
2025-08-07 12:26:35,796 INFO  [io.api.tes.ser.api.KafkaSerdesTester] (Thread-744) topic-dd831b90_9055_471e_8264_734723930d16 0 4 {"key11754569591998": "value-4"}
2025-08-07 12:26:35,796 INFO  [io.api.tes.ser.api.KafkaSerdesTester] (Thread-744) topic-dd831b90_9055_471e_8264_734723930d16 0 5 {"key11754569591998": "value-5"}
2025-08-07 12:26:35,796 INFO  [io.api.tes.ser.api.KafkaSerdesTester] (Thread-744) topic-dd831b90_9055_471e_8264_734723930d16 0 6 {"key11754569591998": "value-6"}
2025-08-07 12:26:35,796 INFO  [io.api.tes.ser.api.KafkaSerdesTester] (Thread-744) topic-dd831b90_9055_471e_8264_734723930d16 0 7 {"key11754569591998": "value-7"}
2025-08-07 12:26:35,796 INFO  [io.api.tes.ser.api.KafkaSerdesTester] (Thread-744) topic-dd831b90_9055_471e_8264_734723930d16 0 8 {"key11754569591998": "value-8"}
2025-08-07 12:26:35,796 INFO  [io.api.tes.ser.api.KafkaSerdesTester] (Thread-744) topic-dd831b90_9055_471e_8264_734723930d16 0 9 {"key11754569591998": "value-9"}
2025-08-07 12:26:35,796 INFO  [io.api.tes.ser.api.KafkaSerdesTester] (Thread-744) Consumed 10 messages
2025-08-07 12:26:35,803 INFO  [org.apa.kaf.cli.con.int.ConsumerRebalanceListenerInvoker] (Thread-744) [Consumer clientId=consumer-Consumer-topic-dd831b90_9055_471e_8264_734723930d16-18, groupId=Consumer-topic-dd831b90_9055_471e_8264_734723930d16] Revoke previously assigned partitions topic-dd831b90_9055_471e_8264_734723930d16-0
2025-08-07 12:26:35,803 INFO  [org.apa.kaf.cli.con.int.ConsumerCoordinator] (Thread-744) [Consumer clientId=consumer-Consumer-topic-dd831b90_9055_471e_8264_734723930d16-18, groupId=Consumer-topic-dd831b90_9055_471e_8264_734723930d16] Member consumer-Consumer-topic-dd831b90_9055_471e_8264_734723930d16-18-d593deb7-5f26-4886-8bf0-8678f06be82d sending LeaveGroup request to coordinator localhost:32769 (id: 2147483647 rack: null) due to the consumer is being closed
2025-08-07 12:26:35,803 INFO  [org.apa.kaf.cli.con.int.ConsumerCoordinator] (Thread-744) [Consumer clientId=consumer-Consumer-topic-dd831b90_9055_471e_8264_734723930d16-18, groupId=Consumer-topic-dd831b90_9055_471e_8264_734723930d16] Resetting generation and member id due to: consumer pro-actively leaving the group
2025-08-07 12:26:35,803 INFO  [org.apa.kaf.cli.con.int.ConsumerCoordinator] (Thread-744) [Consumer clientId=consumer-Consumer-topic-dd831b90_9055_471e_8264_734723930d16-18, groupId=Consumer-topic-dd831b90_9055_471e_8264_734723930d16] Request joining group due to: consumer pro-actively leaving the group
2025-08-07 12:26:36,299 INFO  [org.apa.kaf.com.met.Metrics] (Thread-744) Metrics scheduler closed
2025-08-07 12:26:36,299 INFO  [org.apa.kaf.com.met.Metrics] (Thread-744) Closing reporter org.apache.kafka.common.metrics.JmxReporter
2025-08-07 12:26:36,299 INFO  [org.apa.kaf.com.met.Metrics] (Thread-744) Closing reporter org.apache.kafka.common.telemetry.internals.ClientTelemetryReporter
2025-08-07 12:26:36,299 INFO  [org.apa.kaf.com.met.Metrics] (Thread-744) Metrics reporters closed
2025-08-07 12:26:36,300 INFO  [org.apa.kaf.com.uti.AppInfoParser] (Thread-744) App info kafka.consumer for consumer-Consumer-topic-dd831b90_9055_471e_8264_734723930d16-18 unregistered
2025-08-07 12:26:36,301 INFO  [io.api.tes.uti.TestSeparator] (main) io.apicurio.tests.serdes.apicurio.AvroSerdeIT.testGlobalIdInBody-FINISHED
2025-08-07 12:26:36,301 INFO  [io.api.tes.uti.TestSeparator] (main) ############################################################################
Test passed: testGlobalIdInBody
]]></system-out>
  </testcase>
  <testcase name="testProducerUsesGlobalIdConsumerUsesDefault" classname="io.apicurio.tests.serdes.apicurio.AvroSerdeIT" time="0.0">
    <skipped message="void io.apicurio.tests.serdes.apicurio.AvroSerdeIT.testProducerUsesGlobalIdConsumerUsesDefault() throws java.lang.Exception is @Disabled"/>
  </testcase>
</testsuite>