<?xml version="1.0" encoding="UTF-8"?>
<testsuite xmlns:xsi="http://www.w3.org/2001/XMLSchema-instance" xsi:noNamespaceSchemaLocation="https://maven.apache.org/surefire/maven-failsafe-plugin/xsd/failsafe-test-report.xsd" version="3.0.2" name="io.apicurio.tests.serdes.apicurio.AvroSerdeIT" time="116.494" tests="21" errors="0" skipped="2" failures="0">
  <properties>
    <property name="java.specification.version" value="17"/>
    <property name="sun.jnu.encoding" value="UTF-8"/>
    <property name="java.class.path" value="/home/runner/work/apicurio-testing/apicurio-testing/clusters/ci419/namespaces/pg17/tests/integration/apicurio-registry/integration-tests/target/test-classes:/home/runner/work/apicurio-testing/apicurio-testing/clusters/ci419/namespaces/pg17/tests/integration/apicurio-registry/integration-tests/target/apicurio-registry-integration-tests-3.0.12-SNAPSHOT.jar:/home/runner/.m2/repository/io/quarkus/quarkus-junit5/3.20.2/quarkus-junit5-3.20.2.jar:/home/runner/.m2/repository/io/quarkus/quarkus-bootstrap-core/3.20.2/quarkus-bootstrap-core-3.20.2.jar:/home/runner/.m2/repository/io/quarkus/quarkus-classloader-commons/3.20.2/quarkus-classloader-commons-3.20.2.jar:/home/runner/.m2/repository/io/quarkus/quarkus-bootstrap-app-model/3.20.2/quarkus-bootstrap-app-model-3.20.2.jar:/home/runner/.m2/repository/io/smallrye/common/smallrye-common-io/2.12.0/smallrye-common-io-2.12.0.jar:/home/runner/.m2/repository/org/eclipse/sisu/org.eclipse.sisu.inject/0.9.0.M3/org.eclipse.sisu.inject-0.9.0.M3.jar:/home/runner/.m2/repository/io/quarkus/quarkus-test-common/3.20.2/quarkus-test-common-3.20.2.jar:/home/runner/.m2/repository/io/quarkus/quarkus-core-deployment/3.20.2/quarkus-core-deployment-3.20.2.jar:/home/runner/.m2/repository/org/aesh/readline/2.6/readline-2.6.jar:/home/runner/.m2/repository/org/fusesource/jansi/jansi/2.4.0/jansi-2.4.0.jar:/home/runner/.m2/repository/org/aesh/aesh/2.8.2/aesh-2.8.2.jar:/home/runner/.m2/repository/io/quarkus/gizmo/gizmo/1.8.0/gizmo-1.8.0.jar:/home/runner/.m2/repository/org/ow2/asm/asm-util/9.7.1/asm-util-9.7.1.jar:/home/runner/.m2/repository/org/ow2/asm/asm-analysis/9.7.1/asm-analysis-9.7.1.jar:/home/runner/.m2/repository/org/ow2/asm/asm-commons/9.7.1/asm-commons-9.7.1.jar:/home/runner/.m2/repository/org/ow2/asm/asm-tree/9.7.1/asm-tree-9.7.1.jar:/home/runner/.m2/repository/io/quarkus/quarkus-hibernate-validator-spi/3.20.2/quarkus-hibernate-validator-spi-3.20.2.jar:/home/runner/.m2/repository/io/quarkus/quarkus-class-change-agent/3.20.2/quarkus-class-change-agent-3.20.2.jar:/home/runner/.m2/repository/io/quarkus/quarkus-devtools-utilities/3.20.2/quarkus-devtools-utilities-3.20.2.jar:/home/runner/.m2/repository/io/quarkus/quarkus-builder/3.20.2/quarkus-builder-3.20.2.jar:/home/runner/.m2/repository/org/graalvm/sdk/nativeimage/23.1.2/nativeimage-23.1.2.jar:/home/runner/.m2/repository/org/graalvm/sdk/word/23.1.2/word-23.1.2.jar:/home/runner/.m2/repository/io/quarkus/quarkus-bootstrap-maven-resolver/3.20.2/quarkus-bootstrap-maven-resolver-3.20.2.jar:/home/runner/.m2/repository/io/smallrye/beanbag/smallrye-beanbag-maven/1.5.2/smallrye-beanbag-maven-1.5.2.jar:/home/runner/.m2/repository/io/smallrye/beanbag/smallrye-beanbag-sisu/1.5.2/smallrye-beanbag-sisu-1.5.2.jar:/home/runner/.m2/repository/io/smallrye/beanbag/smallrye-beanbag/1.5.2/smallrye-beanbag-1.5.2.jar:/home/runner/.m2/repository/javax/inject/javax.inject/1/javax.inject-1.jar:/home/runner/.m2/repository/org/apache/maven/maven-artifact/3.9.9/maven-artifact-3.9.9.jar:/home/runner/.m2/repository/org/apache/maven/maven-builder-support/3.9.9/maven-builder-support-3.9.9.jar:/home/runner/.m2/repository/org/apache/maven/maven-model/3.9.9/maven-model-3.9.9.jar:/home/runner/.m2/repository/org/apache/maven/maven-model-builder/3.9.9/maven-model-builder-3.9.9.jar:/home/runner/.m2/repository/org/apache/maven/maven-repository-metadata/3.9.9/maven-repository-metadata-3.9.9.jar:/home/runner/.m2/repository/org/apache/maven/maven-settings/3.9.9/maven-settings-3.9.9.jar:/home/runner/.m2/repository/org/apache/maven/resolver/maven-resolver-api/1.9.22/maven-resolver-api-1.9.22.jar:/home/runner/.m2/repository/org/apache/maven/resolver/maven-resolver-impl/1.9.22/maven-resolver-impl-1.9.22.jar:/home/runner/.m2/repository/org/apache/maven/resolver/maven-resolver-named-locks/1.9.22/maven-resolver-named-locks-1.9.22.jar:/home/runner/.m2/repository/org/apache/maven/resolver/maven-resolver-spi/1.9.22/maven-resolver-spi-1.9.22.jar:/home/runner/.m2/repository/org/apache/maven/resolver/maven-resolver-util/1.9.22/maven-resolver-util-1.9.22.jar:/home/runner/.m2/repository/org/apache/maven/resolver/maven-resolver-transport-http/1.9.20/maven-resolver-transport-http-1.9.20.jar:/home/runner/.m2/repository/org/apache/maven/wagon/wagon-provider-api/3.5.3/wagon-provider-api-3.5.3.jar:/home/runner/.m2/repository/org/apache/maven/wagon/wagon-http-shared/3.5.3/wagon-http-shared-3.5.3.jar:/home/runner/.m2/repository/org/codehaus/plexus/plexus-interpolation/1.26/plexus-interpolation-1.26.jar:/home/runner/.m2/repository/org/codehaus/plexus/plexus-utils/3.5.1/plexus-utils-3.5.1.jar:/home/runner/.m2/repository/org/codehaus/plexus/plexus-xml/4.0.1/plexus-xml-4.0.1.jar:/home/runner/.m2/repository/org/apache/maven/maven-xml-impl/4.0.0-alpha-5/maven-xml-impl-4.0.0-alpha-5.jar:/home/runner/.m2/repository/org/apache/maven/maven-api-xml/4.0.0-alpha-5/maven-api-xml-4.0.0-alpha-5.jar:/home/runner/.m2/repository/org/apache/maven/maven-api-meta/4.0.0-alpha-5/maven-api-meta-4.0.0-alpha-5.jar:/home/runner/.m2/repository/org/codehaus/plexus/plexus-cipher/2.0/plexus-cipher-2.0.jar:/home/runner/.m2/repository/org/codehaus/plexus/plexus-sec-dispatcher/2.0/plexus-sec-dispatcher-2.0.jar:/home/runner/.m2/repository/org/apache/maven/maven-embedder/3.9.9/maven-embedder-3.9.9.jar:/home/runner/.m2/repository/org/apache/maven/maven-core/3.9.9/maven-core-3.9.9.jar:/home/runner/.m2/repository/org/codehaus/plexus/plexus-component-annotations/2.1.0/plexus-component-annotations-2.1.0.jar:/home/runner/.m2/repository/org/apache/maven/maven-plugin-api/3.9.9/maven-plugin-api-3.9.9.jar:/home/runner/.m2/repository/org/apache/maven/shared/maven-shared-utils/3.4.2/maven-shared-utils-3.4.2.jar:/home/runner/.m2/repository/com/google/inject/guice/5.1.0/guice-5.1.0.jar:/home/runner/.m2/repository/aopalliance/aopalliance/1.0/aopalliance-1.0.jar:/home/runner/.m2/repository/org/codehaus/plexus/plexus-classworlds/2.6.0/plexus-classworlds-2.6.0.jar:/home/runner/.m2/repository/commons-cli/commons-cli/1.8.0/commons-cli-1.8.0.jar:/home/runner/.m2/repository/org/eclipse/sisu/org.eclipse.sisu.plexus/0.9.0.M3/org.eclipse.sisu.plexus-0.9.0.M3.jar:/home/runner/.m2/repository/org/apache/maven/maven-settings-builder/3.9.9/maven-settings-builder-3.9.9.jar:/home/runner/.m2/repository/org/apache/maven/maven-resolver-provider/3.9.9/maven-resolver-provider-3.9.9.jar:/home/runner/.m2/repository/org/apache/maven/resolver/maven-resolver-connector-basic/1.9.22/maven-resolver-connector-basic-1.9.22.jar:/home/runner/.m2/repository/org/apache/maven/resolver/maven-resolver-transport-wagon/1.9.22/maven-resolver-transport-wagon-1.9.22.jar:/home/runner/.m2/repository/org/apache/maven/wagon/wagon-http/3.5.3/wagon-http-3.5.3.jar:/home/runner/.m2/repository/org/apache/maven/wagon/wagon-file/3.5.3/wagon-file-3.5.3.jar:/home/runner/.m2/repository/io/quarkus/quarkus-bootstrap-gradle-resolver/3.20.2/quarkus-bootstrap-gradle-resolver-3.20.2.jar:/home/runner/.m2/repository/io/smallrye/jandex/3.3.0/jandex-3.3.0.jar:/home/runner/.m2/repository/org/jboss/logging/commons-logging-jboss-logging/1.0.0.Final/commons-logging-jboss-logging-1.0.0.Final.jar:/home/runner/.m2/repository/io/quarkus/quarkus-junit5-config/3.20.2/quarkus-junit5-config-3.20.2.jar:/home/runner/.m2/repository/org/junit/jupiter/junit-jupiter-api/5.12.1/junit-jupiter-api-5.12.1.jar:/home/runner/.m2/repository/io/smallrye/config/smallrye-config/3.11.4/smallrye-config-3.11.4.jar:/home/runner/.m2/repository/io/smallrye/config/smallrye-config-core/3.11.4/smallrye-config-core-3.11.4.jar:/home/runner/.m2/repository/io/smallrye/common/smallrye-common-classloader/2.12.0/smallrye-common-classloader-2.12.0.jar:/home/runner/.m2/repository/io/smallrye/config/smallrye-config-common/3.11.4/smallrye-config-common-3.11.4.jar:/home/runner/.m2/repository/org/junit/jupiter/junit-jupiter/5.12.1/junit-jupiter-5.12.1.jar:/home/runner/.m2/repository/org/junit/jupiter/junit-jupiter-params/5.12.1/junit-jupiter-params-5.12.1.jar:/home/runner/.m2/repository/org/junit/jupiter/junit-jupiter-engine/5.12.1/junit-jupiter-engine-5.12.1.jar:/home/runner/.m2/repository/io/quarkus/quarkus-core/3.20.2/quarkus-core-3.20.2.jar:/home/runner/.m2/repository/jakarta/enterprise/jakarta.enterprise.cdi-api/4.1.0/jakarta.enterprise.cdi-api-4.1.0.jar:/home/runner/.m2/repository/jakarta/enterprise/jakarta.enterprise.lang-model/4.1.0/jakarta.enterprise.lang-model-4.1.0.jar:/home/runner/.m2/repository/jakarta/el/jakarta.el-api/5.0.1/jakarta.el-api-5.0.1.jar:/home/runner/.m2/repository/jakarta/interceptor/jakarta.interceptor-api/2.2.0/jakarta.interceptor-api-2.2.0.jar:/home/runner/.m2/repository/jakarta/inject/jakarta.inject-api/2.0.1/jakarta.inject-api-2.0.1.jar:/home/runner/.m2/repository/io/smallrye/common/smallrye-common-os/2.12.0/smallrye-common-os-2.12.0.jar:/home/runner/.m2/repository/io/quarkus/quarkus-ide-launcher/3.20.2/quarkus-ide-launcher-3.20.2.jar:/home/runner/.m2/repository/io/quarkus/quarkus-development-mode-spi/3.20.2/quarkus-development-mode-spi-3.20.2.jar:/home/runner/.m2/repository/org/jboss/logging/jboss-logging/3.6.1.Final/jboss-logging-3.6.1.Final.jar:/home/runner/.m2/repository/org/jboss/logmanager/jboss-logmanager/3.1.2.Final/jboss-logmanager-3.1.2.Final.jar:/home/runner/.m2/repository/io/smallrye/common/smallrye-common-constraint/2.12.0/smallrye-common-constraint-2.12.0.jar:/home/runner/.m2/repository/io/smallrye/common/smallrye-common-cpu/2.12.0/smallrye-common-cpu-2.12.0.jar:/home/runner/.m2/repository/io/smallrye/common/smallrye-common-expression/2.12.0/smallrye-common-expression-2.12.0.jar:/home/runner/.m2/repository/io/smallrye/common/smallrye-common-net/2.12.0/smallrye-common-net-2.12.0.jar:/home/runner/.m2/repository/io/smallrye/common/smallrye-common-ref/2.12.0/smallrye-common-ref-2.12.0.jar:/home/runner/.m2/repository/jakarta/json/jakarta.json-api/2.1.3/jakarta.json-api-2.1.3.jar:/home/runner/.m2/repository/org/eclipse/parsson/parsson/1.1.7/parsson-1.1.7.jar:/home/runner/.m2/repository/org/jboss/logging/jboss-logging-annotations/3.0.4.Final/jboss-logging-annotations-3.0.4.Final.jar:/home/runner/.m2/repository/org/jboss/threads/jboss-threads/3.8.0.Final/jboss-threads-3.8.0.Final.jar:/home/runner/.m2/repository/io/smallrye/common/smallrye-common-annotation/2.12.0/smallrye-common-annotation-2.12.0.jar:/home/runner/.m2/repository/io/smallrye/common/smallrye-common-function/2.12.0/smallrye-common-function-2.12.0.jar:/home/runner/.m2/repository/org/jboss/slf4j/slf4j-jboss-logmanager/2.0.0.Final/slf4j-jboss-logmanager-2.0.0.Final.jar:/home/runner/.m2/repository/org/wildfly/common/wildfly-common/2.0.1/wildfly-common-2.0.1.jar:/home/runner/.m2/repository/io/quarkus/quarkus-bootstrap-runner/3.20.2/quarkus-bootstrap-runner-3.20.2.jar:/home/runner/.m2/repository/io/github/crac/org-crac/0.1.3/org-crac-0.1.3.jar:/home/runner/.m2/repository/io/quarkus/quarkus-fs-util/0.0.10/quarkus-fs-util-0.0.10.jar:/home/runner/.m2/repository/org/jboss/marshalling/jboss-marshalling/2.2.2.Final/jboss-marshalling-2.2.2.Final.jar:/home/runner/.m2/repository/io/fabric8/kubernetes-client/7.1.0/kubernetes-client-7.1.0.jar:/home/runner/.m2/repository/io/fabric8/kubernetes-client-api/7.1.0/kubernetes-client-api-7.1.0.jar:/home/runner/.m2/repository/io/fabric8/kubernetes-model-core/7.1.0/kubernetes-model-core-7.1.0.jar:/home/runner/.m2/repository/io/fabric8/kubernetes-model-common/7.1.0/kubernetes-model-common-7.1.0.jar:/home/runner/.m2/repository/javax/annotation/javax.annotation-api/1.3.2/javax.annotation-api-1.3.2.jar:/home/runner/.m2/repository/io/fabric8/kubernetes-model-gatewayapi/7.1.0/kubernetes-model-gatewayapi-7.1.0.jar:/home/runner/.m2/repository/io/fabric8/kubernetes-model-resource/7.1.0/kubernetes-model-resource-7.1.0.jar:/home/runner/.m2/repository/io/fabric8/kubernetes-model-rbac/7.1.0/kubernetes-model-rbac-7.1.0.jar:/home/runner/.m2/repository/io/fabric8/kubernetes-model-admissionregistration/7.1.0/kubernetes-model-admissionregistration-7.1.0.jar:/home/runner/.m2/repository/io/fabric8/kubernetes-model-apps/7.1.0/kubernetes-model-apps-7.1.0.jar:/home/runner/.m2/repository/io/fabric8/kubernetes-model-autoscaling/7.1.0/kubernetes-model-autoscaling-7.1.0.jar:/home/runner/.m2/repository/io/fabric8/kubernetes-model-apiextensions/7.1.0/kubernetes-model-apiextensions-7.1.0.jar:/home/runner/.m2/repository/io/fabric8/kubernetes-model-batch/7.1.0/kubernetes-model-batch-7.1.0.jar:/home/runner/.m2/repository/io/fabric8/kubernetes-model-certificates/7.1.0/kubernetes-model-certificates-7.1.0.jar:/home/runner/.m2/repository/io/fabric8/kubernetes-model-coordination/7.1.0/kubernetes-model-coordination-7.1.0.jar:/home/runner/.m2/repository/io/fabric8/kubernetes-model-discovery/7.1.0/kubernetes-model-discovery-7.1.0.jar:/home/runner/.m2/repository/io/fabric8/kubernetes-model-events/7.1.0/kubernetes-model-events-7.1.0.jar:/home/runner/.m2/repository/io/fabric8/kubernetes-model-extensions/7.1.0/kubernetes-model-extensions-7.1.0.jar:/home/runner/.m2/repository/io/fabric8/kubernetes-model-flowcontrol/7.1.0/kubernetes-model-flowcontrol-7.1.0.jar:/home/runner/.m2/repository/io/fabric8/kubernetes-model-networking/7.1.0/kubernetes-model-networking-7.1.0.jar:/home/runner/.m2/repository/io/fabric8/kubernetes-model-metrics/7.1.0/kubernetes-model-metrics-7.1.0.jar:/home/runner/.m2/repository/io/fabric8/kubernetes-model-policy/7.1.0/kubernetes-model-policy-7.1.0.jar:/home/runner/.m2/repository/io/fabric8/kubernetes-model-scheduling/7.1.0/kubernetes-model-scheduling-7.1.0.jar:/home/runner/.m2/repository/io/fabric8/kubernetes-model-storageclass/7.1.0/kubernetes-model-storageclass-7.1.0.jar:/home/runner/.m2/repository/io/fabric8/kubernetes-model-node/7.1.0/kubernetes-model-node-7.1.0.jar:/home/runner/.m2/repository/org/snakeyaml/snakeyaml-engine/2.9/snakeyaml-engine-2.9.jar:/home/runner/.m2/repository/com/fasterxml/jackson/dataformat/jackson-dataformat-yaml/2.18.2/jackson-dataformat-yaml-2.18.2.jar:/home/runner/.m2/repository/com/fasterxml/jackson/datatype/jackson-datatype-jsr310/2.18.2/jackson-datatype-jsr310-2.18.2.jar:/home/runner/.m2/repository/io/fabric8/zjsonpatch/7.1.0/zjsonpatch-7.1.0.jar:/home/runner/.m2/repository/io/fabric8/kubernetes-httpclient-vertx/7.1.0/kubernetes-httpclient-vertx-7.1.0.jar:/home/runner/.m2/repository/io/vertx/vertx-web-client/4.5.16/vertx-web-client-4.5.16.jar:/home/runner/.m2/repository/io/vertx/vertx-web-common/4.5.16/vertx-web-common-4.5.16.jar:/home/runner/.m2/repository/io/vertx/vertx-auth-common/4.5.16/vertx-auth-common-4.5.16.jar:/home/runner/.m2/repository/io/vertx/vertx-uri-template/4.5.16/vertx-uri-template-4.5.16.jar:/home/runner/.m2/repository/io/fabric8/openshift-client/7.1.0/openshift-client-7.1.0.jar:/home/runner/.m2/repository/io/fabric8/openshift-client-api/7.1.0/openshift-client-api-7.1.0.jar:/home/runner/.m2/repository/io/fabric8/openshift-model/7.1.0/openshift-model-7.1.0.jar:/home/runner/.m2/repository/io/fabric8/openshift-model-autoscaling/7.1.0/openshift-model-autoscaling-7.1.0.jar:/home/runner/.m2/repository/io/fabric8/openshift-model-operator/7.1.0/openshift-model-operator-7.1.0.jar:/home/runner/.m2/repository/io/fabric8/openshift-model-operatorhub/7.1.0/openshift-model-operatorhub-7.1.0.jar:/home/runner/.m2/repository/io/fabric8/openshift-model-machine/7.1.0/openshift-model-machine-7.1.0.jar:/home/runner/.m2/repository/io/fabric8/openshift-model-whereabouts/7.1.0/openshift-model-whereabouts-7.1.0.jar:/home/runner/.m2/repository/io/fabric8/openshift-model-monitoring/7.1.0/openshift-model-monitoring-7.1.0.jar:/home/runner/.m2/repository/io/fabric8/openshift-model-storageversionmigrator/7.1.0/openshift-model-storageversionmigrator-7.1.0.jar:/home/runner/.m2/repository/io/fabric8/openshift-model-tuned/7.1.0/openshift-model-tuned-7.1.0.jar:/home/runner/.m2/repository/io/fabric8/openshift-model-console/7.1.0/openshift-model-console-7.1.0.jar:/home/runner/.m2/repository/io/fabric8/openshift-model-config/7.1.0/openshift-model-config-7.1.0.jar:/home/runner/.m2/repository/io/fabric8/openshift-model-machineconfiguration/7.1.0/openshift-model-machineconfiguration-7.1.0.jar:/home/runner/.m2/repository/io/fabric8/openshift-model-miscellaneous/7.1.0/openshift-model-miscellaneous-7.1.0.jar:/home/runner/.m2/repository/io/fabric8/openshift-model-hive/7.1.0/openshift-model-hive-7.1.0.jar:/home/runner/.m2/repository/io/fabric8/openshift-model-installer/7.1.0/openshift-model-installer-7.1.0.jar:/home/runner/.m2/repository/org/junit/platform/junit-platform-launcher/1.12.1/junit-platform-launcher-1.12.1.jar:/home/runner/.m2/repository/org/junit/platform/junit-platform-engine/1.12.1/junit-platform-engine-1.12.1.jar:/home/runner/.m2/repository/org/opentest4j/opentest4j/1.3.0/opentest4j-1.3.0.jar:/home/runner/.m2/repository/org/junit/platform/junit-platform-commons/1.12.1/junit-platform-commons-1.12.1.jar:/home/runner/.m2/repository/org/apiguardian/apiguardian-api/1.1.2/apiguardian-api-1.1.2.jar:/home/runner/.m2/repository/jakarta/ws/rs/jakarta.ws.rs-api/3.1.0/jakarta.ws.rs-api-3.1.0.jar:/home/runner/work/apicurio-testing/apicurio-testing/clusters/ci419/namespaces/pg17/tests/integration/apicurio-registry/java-sdk/target/apicurio-registry-java-sdk-3.0.12-SNAPSHOT.jar:/home/runner/.m2/repository/com/microsoft/kiota/microsoft-kiota-abstractions/1.8.8/microsoft-kiota-abstractions-1.8.8.jar:/home/runner/.m2/repository/io/github/std-uritemplate/std-uritemplate/2.0.0/std-uritemplate-2.0.0.jar:/home/runner/.m2/repository/io/kiota/kiota-http-jdk/0.0.29/kiota-http-jdk-0.0.29.jar:/home/runner/.m2/repository/io/kiota/kiota-http-vertx/0.0.29/kiota-http-vertx-0.0.29.jar:/home/runner/.m2/repository/io/kiota/kiota-serialization-jackson/0.0.29/kiota-serialization-jackson-0.0.29.jar:/home/runner/.m2/repository/com/microsoft/kiota/microsoft-kiota-serialization-text/1.8.8/microsoft-kiota-serialization-text-1.8.8.jar:/home/runner/.m2/repository/com/microsoft/kiota/microsoft-kiota-serialization-form/1.8.8/microsoft-kiota-serialization-form-1.8.8.jar:/home/runner/.m2/repository/com/microsoft/kiota/microsoft-kiota-serialization-multipart/1.8.8/microsoft-kiota-serialization-multipart-1.8.8.jar:/home/runner/.m2/repository/jakarta/annotation/jakarta.annotation-api/3.0.0/jakarta.annotation-api-3.0.0.jar:/home/runner/.m2/repository/io/vertx/vertx-auth-oauth2/4.5.16/vertx-auth-oauth2-4.5.16.jar:/home/runner/work/apicurio-testing/apicurio-testing/clusters/ci419/namespaces/pg17/tests/integration/apicurio-registry/java-sdk-v2/target/apicurio-registry-v2-java-sdk-3.0.12-SNAPSHOT.jar:/home/runner/work/apicurio-testing/apicurio-testing/clusters/ci419/namespaces/pg17/tests/integration/apicurio-registry/utils/kafka/target/apicurio-registry-utils-kafka-3.0.12-SNAPSHOT-tests.jar:/home/runner/.m2/repository/org/eclipse/microprofile/config/microprofile-config-api/3.1/microprofile-config-api-3.1.jar:/home/runner/.m2/repository/org/apache/kafka/kafka-clients/3.9.1/kafka-clients-3.9.1.jar:/home/runner/.m2/repository/com/github/luben/zstd-jni/1.5.6-4/zstd-jni-1.5.6-4.jar:/home/runner/.m2/repository/org/lz4/lz4-java/1.8.0/lz4-java-1.8.0.jar:/home/runner/.m2/repository/org/xerial/snappy/snappy-java/1.1.10.5/snappy-java-1.1.10.5.jar:/home/runner/.m2/repository/org/slf4j/slf4j-api/2.0.6/slf4j-api-2.0.6.jar:/home/runner/work/apicurio-testing/apicurio-testing/clusters/ci419/namespaces/pg17/tests/integration/apicurio-registry/utils/tests/target/apicurio-registry-utils-tests-3.0.12-SNAPSHOT.jar:/home/runner/work/apicurio-testing/apicurio-testing/clusters/ci419/namespaces/pg17/tests/integration/apicurio-registry/common/target/apicurio-registry-common-3.0.12-SNAPSHOT.jar:/home/runner/.m2/repository/jakarta/validation/jakarta.validation-api/3.0.2/jakarta.validation-api-3.0.2.jar:/home/runner/.m2/repository/com/github/dasniko/testcontainers-keycloak/3.8.0/testcontainers-keycloak-3.8.0.jar:/home/runner/.m2/repository/org/testcontainers/testcontainers/1.20.6/testcontainers-1.20.6.jar:/home/runner/.m2/repository/org/rnorth/duct-tape/duct-tape/1.0.8/duct-tape-1.0.8.jar:/home/runner/.m2/repository/com/github/docker-java/docker-java-transport-zerodep/3.4.1/docker-java-transport-zerodep-3.4.1.jar:/home/runner/.m2/repository/com/github/docker-java/docker-java-transport/3.4.1/docker-java-transport-3.4.1.jar:/home/runner/.m2/repository/net/java/dev/jna/jna/5.8.0/jna-5.8.0.jar:/home/runner/.m2/repository/io/quarkus/quarkus-junit4-mock/3.20.2/quarkus-junit4-mock-3.20.2.jar:/home/runner/.m2/repository/org/jboss/shrinkwrap/shrinkwrap-api/2.0.0-beta-2/shrinkwrap-api-2.0.0-beta-2.jar:/home/runner/.m2/repository/org/jboss/shrinkwrap/shrinkwrap-impl-base/2.0.0-beta-2/shrinkwrap-impl-base-2.0.0-beta-2.jar:/home/runner/.m2/repository/org/jboss/shrinkwrap/shrinkwrap-spi/2.0.0-beta-2/shrinkwrap-spi-2.0.0-beta-2.jar:/home/runner/.m2/repository/org/keycloak/keycloak-admin-client/26.0.4/keycloak-admin-client-26.0.4.jar:/home/runner/.m2/repository/org/keycloak/keycloak-client-common-synced/26.0.4/keycloak-client-common-synced-26.0.4.jar:/home/runner/.m2/repository/jakarta/activation/jakarta.activation-api/2.1.3/jakarta.activation-api-2.1.3.jar:/home/runner/.m2/repository/org/eclipse/microprofile/openapi/microprofile-openapi-api/4.0.2/microprofile-openapi-api-4.0.2.jar:/home/runner/.m2/repository/org/jboss/resteasy/resteasy-client/6.2.12.Final/resteasy-client-6.2.12.Final.jar:/home/runner/.m2/repository/org/jboss/resteasy/resteasy-client-api/6.2.12.Final/resteasy-client-api-6.2.12.Final.jar:/home/runner/.m2/repository/org/jboss/resteasy/resteasy-core-spi/6.2.12.Final/resteasy-core-spi-6.2.12.Final.jar:/home/runner/.m2/repository/org/jboss/resteasy/resteasy-core/6.2.12.Final/resteasy-core-6.2.12.Final.jar:/home/runner/.m2/repository/org/eclipse/angus/angus-activation/2.0.2/angus-activation-2.0.2.jar:/home/runner/.m2/repository/com/ibm/async/asyncutil/0.1.0/asyncutil-0.1.0.jar:/home/runner/.m2/repository/org/reactivestreams/reactive-streams/1.0.4/reactive-streams-1.0.4.jar:/home/runner/.m2/repository/org/jboss/resteasy/resteasy-multipart-provider/6.2.12.Final/resteasy-multipart-provider-6.2.12.Final.jar:/home/runner/.m2/repository/jakarta/mail/jakarta.mail-api/2.1.3/jakarta.mail-api-2.1.3.jar:/home/runner/.m2/repository/org/eclipse/angus/angus-mail/2.0.3/angus-mail-2.0.3.jar:/home/runner/.m2/repository/org/apache/james/apache-mime4j-dom/0.8.12/apache-mime4j-dom-0.8.12.jar:/home/runner/.m2/repository/org/apache/james/apache-mime4j-core/0.8.12/apache-mime4j-core-0.8.12.jar:/home/runner/.m2/repository/org/apache/james/apache-mime4j-storage/0.8.12/apache-mime4j-storage-0.8.12.jar:/home/runner/.m2/repository/org/jboss/resteasy/resteasy-jackson2-provider/6.2.12.Final/resteasy-jackson2-provider-6.2.12.Final.jar:/home/runner/.m2/repository/com/fasterxml/jackson/jakarta/rs/jackson-jakarta-rs-base/2.18.2/jackson-jakarta-rs-base-2.18.2.jar:/home/runner/.m2/repository/com/fasterxml/jackson/jakarta/rs/jackson-jakarta-rs-json-provider/2.18.2/jackson-jakarta-rs-json-provider-2.18.2.jar:/home/runner/.m2/repository/com/fasterxml/jackson/module/jackson-module-jakarta-xmlbind-annotations/2.18.2/jackson-module-jakarta-xmlbind-annotations-2.18.2.jar:/home/runner/.m2/repository/com/github/java-json-tools/json-patch/1.13/json-patch-1.13.jar:/home/runner/.m2/repository/com/github/java-json-tools/msg-simple/1.2/msg-simple-1.2.jar:/home/runner/.m2/repository/com/github/java-json-tools/btf/1.3/btf-1.3.jar:/home/runner/.m2/repository/com/github/java-json-tools/jackson-coreutils/2.0/jackson-coreutils-2.0.jar:/home/runner/.m2/repository/org/jboss/resteasy/resteasy-jaxb-provider/6.2.12.Final/resteasy-jaxb-provider-6.2.12.Final.jar:/home/runner/.m2/repository/org/glassfish/jaxb/codemodel/4.0.5/codemodel-4.0.5.jar:/home/runner/.m2/repository/org/glassfish/jaxb/jaxb-core/4.0.5/jaxb-core-4.0.5.jar:/home/runner/.m2/repository/org/glassfish/jaxb/jaxb-jxc/4.0.5/jaxb-jxc-4.0.5.jar:/home/runner/.m2/repository/org/glassfish/jaxb/jaxb-runtime/4.0.5/jaxb-runtime-4.0.5.jar:/home/runner/.m2/repository/org/glassfish/jaxb/txw2/4.0.5/txw2-4.0.5.jar:/home/runner/.m2/repository/org/glassfish/jaxb/jaxb-xjc/4.0.5/jaxb-xjc-4.0.5.jar:/home/runner/.m2/repository/org/glassfish/jaxb/xsom/4.0.5/xsom-4.0.5.jar:/home/runner/.m2/repository/com/sun/istack/istack-commons-runtime/4.1.2/istack-commons-runtime-4.1.2.jar:/home/runner/.m2/repository/com/sun/istack/istack-commons-tools/4.1.2/istack-commons-tools-4.1.2.jar:/home/runner/.m2/repository/com/sun/xml/bind/external/relaxng-datatype/4.0.5/relaxng-datatype-4.0.5.jar:/home/runner/.m2/repository/com/sun/xml/bind/external/rngom/4.0.5/rngom-4.0.5.jar:/home/runner/.m2/repository/org/testcontainers/mssqlserver/1.20.6/mssqlserver-1.20.6.jar:/home/runner/.m2/repository/org/testcontainers/jdbc/1.20.6/jdbc-1.20.6.jar:/home/runner/.m2/repository/org/testcontainers/database-commons/1.20.6/database-commons-1.20.6.jar:/home/runner/.m2/repository/org/testcontainers/mysql/1.20.6/mysql-1.20.6.jar:/home/runner/.m2/repository/io/strimzi/strimzi-test-container/0.111.0/strimzi-test-container-0.111.0.jar:/home/runner/.m2/repository/org/testcontainers/toxiproxy/1.20.6/toxiproxy-1.20.6.jar:/home/runner/.m2/repository/com/github/docker-java/docker-java-api/3.4.1/docker-java-api-3.4.1.jar:/home/runner/.m2/repository/org/apache/logging/log4j/log4j-slf4j-impl/2.19.0/log4j-slf4j-impl-2.19.0.jar:/home/runner/.m2/repository/org/apache/logging/log4j/log4j-api/2.24.3/log4j-api-2.24.3.jar:/home/runner/.m2/repository/org/apache/logging/log4j/log4j-core/2.19.0/log4j-core-2.19.0.jar:/home/runner/.m2/repository/eu/rekawek/toxiproxy/toxiproxy-java/2.1.7/toxiproxy-java-2.1.7.jar:/home/runner/.m2/repository/org/testcontainers/pulsar/1.21.3/pulsar-1.21.3.jar:/home/runner/.m2/repository/io/debezium/debezium-testing-testcontainers/2.7.4.Final/debezium-testing-testcontainers-2.7.4.Final.jar:/home/runner/.m2/repository/org/testcontainers/kafka/1.20.6/kafka-1.20.6.jar:/home/runner/.m2/repository/com/squareup/okhttp3/okhttp/4.8.1/okhttp-4.8.1.jar:/home/runner/.m2/repository/com/squareup/okio/okio/3.10.2/okio-3.10.2.jar:/home/runner/.m2/repository/com/squareup/okio/okio-jvm/3.10.2/okio-jvm-3.10.2.jar:/home/runner/.m2/repository/org/jetbrains/kotlin/kotlin-stdlib/2.0.21/kotlin-stdlib-2.0.21.jar:/home/runner/.m2/repository/org/awaitility/awaitility/4.3.0/awaitility-4.3.0.jar:/home/runner/.m2/repository/org/testcontainers/mongodb/1.20.6/mongodb-1.20.6.jar:/home/runner/.m2/repository/org/testcontainers/mariadb/1.20.6/mariadb-1.20.6.jar:/home/runner/.m2/repository/org/testcontainers/oracle-xe/1.20.6/oracle-xe-1.20.6.jar:/home/runner/.m2/repository/org/testcontainers/postgresql/1.20.6/postgresql-1.20.6.jar:/home/runner/.m2/repository/org/wiremock/wiremock/3.0.1/wiremock-3.0.1.jar:/home/runner/.m2/repository/org/eclipse/jetty/jetty-server/11.0.15/jetty-server-11.0.15.jar:/home/runner/.m2/repository/org/eclipse/jetty/toolchain/jetty-jakarta-servlet-api/5.0.2/jetty-jakarta-servlet-api-5.0.2.jar:/home/runner/.m2/repository/org/eclipse/jetty/jetty-http/11.0.15/jetty-http-11.0.15.jar:/home/runner/.m2/repository/org/eclipse/jetty/jetty-io/11.0.15/jetty-io-11.0.15.jar:/home/runner/.m2/repository/org/eclipse/jetty/jetty-servlet/11.0.15/jetty-servlet-11.0.15.jar:/home/runner/.m2/repository/org/eclipse/jetty/jetty-security/11.0.15/jetty-security-11.0.15.jar:/home/runner/.m2/repository/org/eclipse/jetty/jetty-servlets/11.0.15/jetty-servlets-11.0.15.jar:/home/runner/.m2/repository/org/eclipse/jetty/jetty-util/11.0.15/jetty-util-11.0.15.jar:/home/runner/.m2/repository/org/eclipse/jetty/jetty-webapp/11.0.15/jetty-webapp-11.0.15.jar:/home/runner/.m2/repository/org/eclipse/jetty/jetty-xml/11.0.15/jetty-xml-11.0.15.jar:/home/runner/.m2/repository/org/eclipse/jetty/jetty-proxy/11.0.15/jetty-proxy-11.0.15.jar:/home/runner/.m2/repository/org/eclipse/jetty/jetty-client/11.0.15/jetty-client-11.0.15.jar:/home/runner/.m2/repository/org/eclipse/jetty/http2/http2-server/11.0.15/http2-server-11.0.15.jar:/home/runner/.m2/repository/org/eclipse/jetty/http2/http2-common/11.0.15/http2-common-11.0.15.jar:/home/runner/.m2/repository/org/eclipse/jetty/http2/http2-hpack/11.0.15/http2-hpack-11.0.15.jar:/home/runner/.m2/repository/org/eclipse/jetty/jetty-alpn-server/11.0.15/jetty-alpn-server-11.0.15.jar:/home/runner/.m2/repository/org/eclipse/jetty/jetty-alpn-java-server/11.0.15/jetty-alpn-java-server-11.0.15.jar:/home/runner/.m2/repository/org/eclipse/jetty/jetty-alpn-java-client/11.0.15/jetty-alpn-java-client-11.0.15.jar:/home/runner/.m2/repository/org/eclipse/jetty/jetty-alpn-client/11.0.15/jetty-alpn-client-11.0.15.jar:/home/runner/.m2/repository/org/apache/httpcomponents/client5/httpclient5/5.2.1/httpclient5-5.2.1.jar:/home/runner/.m2/repository/org/apache/httpcomponents/core5/httpcore5/5.2/httpcore5-5.2.jar:/home/runner/.m2/repository/org/apache/httpcomponents/core5/httpcore5-h2/5.2/httpcore5-h2-5.2.jar:/home/runner/.m2/repository/org/xmlunit/xmlunit-core/2.9.1/xmlunit-core-2.9.1.jar:/home/runner/.m2/repository/jakarta/xml/bind/jakarta.xml.bind-api/4.0.2/jakarta.xml.bind-api-4.0.2.jar:/home/runner/.m2/repository/org/xmlunit/xmlunit-legacy/2.9.1/xmlunit-legacy-2.9.1.jar:/home/runner/.m2/repository/org/xmlunit/xmlunit-placeholders/2.9.1/xmlunit-placeholders-2.9.1.jar:/home/runner/.m2/repository/net/javacrumbs/json-unit/json-unit-core/2.38.0/json-unit-core-2.38.0.jar:/home/runner/.m2/repository/org/hamcrest/hamcrest-core/2.2/hamcrest-core-2.2.jar:/home/runner/.m2/repository/com/jayway/jsonpath/json-path/2.8.0/json-path-2.8.0.jar:/home/runner/.m2/repository/net/minidev/json-smart/2.4.10/json-smart-2.4.10.jar:/home/runner/.m2/repository/net/minidev/accessors-smart/2.4.9/accessors-smart-2.4.9.jar:/home/runner/.m2/repository/org/ow2/asm/asm/9.7.1/asm-9.7.1.jar:/home/runner/.m2/repository/net/sf/jopt-simple/jopt-simple/5.0.4/jopt-simple-5.0.4.jar:/home/runner/.m2/repository/com/github/jknack/handlebars/4.3.1/handlebars-4.3.1.jar:/home/runner/.m2/repository/com/github/jknack/handlebars-helpers/4.3.1/handlebars-helpers-4.3.1.jar:/home/runner/.m2/repository/commons-fileupload/commons-fileupload/1.5/commons-fileupload-1.5.jar:/home/runner/.m2/repository/com/networknt/json-schema-validator/1.5.8/json-schema-validator-1.5.8.jar:/home/runner/.m2/repository/com/ethlo/time/itu/1.10.3/itu-1.10.3.jar:/home/runner/.m2/repository/io/quarkus/quarkus-smallrye-jwt-build/3.20.2/quarkus-smallrye-jwt-build-3.20.2.jar:/home/runner/.m2/repository/io/smallrye/smallrye-jwt-build/4.6.2/smallrye-jwt-build-4.6.2.jar:/home/runner/.m2/repository/org/eclipse/microprofile/jwt/microprofile-jwt-auth-api/2.1/microprofile-jwt-auth-api-2.1.jar:/home/runner/.m2/repository/org/bitbucket/b_c/jose4j/0.9.6/jose4j-0.9.6.jar:/home/runner/.m2/repository/io/smallrye/smallrye-jwt-common/4.6.2/smallrye-jwt-common-4.6.2.jar:/home/runner/.m2/repository/io/quarkus/quarkus-jsonp/3.20.2/quarkus-jsonp-3.20.2.jar:/home/runner/.m2/repository/io/quarkus/quarkus-arc/3.20.2/quarkus-arc-3.20.2.jar:/home/runner/.m2/repository/io/quarkus/arc/arc/3.20.2/arc-3.20.2.jar:/home/runner/.m2/repository/jakarta/transaction/jakarta.transaction-api/2.0.1/jakarta.transaction-api-2.0.1.jar:/home/runner/.m2/repository/io/smallrye/reactive/mutiny/2.9.2/mutiny-2.9.2.jar:/home/runner/.m2/repository/org/jctools/jctools-core/4.0.5/jctools-core-4.0.5.jar:/home/runner/.m2/repository/org/eclipse/microprofile/context-propagation/microprofile-context-propagation-api/1.3/microprofile-context-propagation-api-1.3.jar:/home/runner/.m2/repository/io/apicurio/apicurio-common-rest-client-common/0.1.18.Final/apicurio-common-rest-client-common-0.1.18.Final.jar:/home/runner/work/apicurio-testing/apicurio-testing/clusters/ci419/namespaces/pg17/tests/integration/apicurio-registry/utils/maven-plugin/target/apicurio-registry-maven-plugin-3.0.12-SNAPSHOT.jar:/home/runner/.m2/repository/com/fasterxml/jackson/core/jackson-databind/2.18.2/jackson-databind-2.18.2.jar:/home/runner/.m2/repository/org/apache/avro/avro/1.12.0/avro-1.12.0.jar:/home/runner/.m2/repository/com/google/protobuf/protobuf-java/4.31.1/protobuf-java-4.31.1.jar:/home/runner/.m2/repository/com/google/protobuf/protobuf-java-util/4.31.1/protobuf-java-util-4.31.1.jar:/home/runner/.m2/repository/com/google/code/findbugs/jsr305/3.0.2/jsr305-3.0.2.jar:/home/runner/.m2/repository/com/google/code/gson/gson/2.12.1/gson-2.12.1.jar:/home/runner/.m2/repository/com/google/errorprone/error_prone_annotations/2.36.0/error_prone_annotations-2.36.0.jar:/home/runner/.m2/repository/com/google/j2objc/j2objc-annotations/2.8/j2objc-annotations-2.8.jar:/home/runner/work/apicurio-testing/apicurio-testing/clusters/ci419/namespaces/pg17/tests/integration/apicurio-registry/schema-util/util-provider/target/apicurio-registry-schema-util-provider-3.0.12-SNAPSHOT.jar:/home/runner/work/apicurio-testing/apicurio-testing/clusters/ci419/namespaces/pg17/tests/integration/apicurio-registry/schema-util/common/target/apicurio-registry-schema-util-common-3.0.12-SNAPSHOT.jar:/home/runner/.m2/repository/com/fasterxml/jackson/module/jackson-module-parameter-names/2.18.2/jackson-module-parameter-names-2.18.2.jar:/home/runner/.m2/repository/com/fasterxml/jackson/datatype/jackson-datatype-json-org/2.18.2/jackson-datatype-json-org-2.18.2.jar:/home/runner/work/apicurio-testing/apicurio-testing/clusters/ci419/namespaces/pg17/tests/integration/apicurio-registry/schema-util/json/target/apicurio-registry-schema-util-json-3.0.12-SNAPSHOT.jar:/home/runner/.m2/repository/com/github/erosb/everit-json-schema/1.14.5/everit-json-schema-1.14.5.jar:/home/runner/.m2/repository/commons-validator/commons-validator/1.9.0/commons-validator-1.9.0.jar:/home/runner/.m2/repository/commons-digester/commons-digester/2.1/commons-digester-2.1.jar:/home/runner/.m2/repository/commons-collections/commons-collections/3.2.2/commons-collections-3.2.2.jar:/home/runner/.m2/repository/com/damnhandy/handy-uri-templates/2.1.8/handy-uri-templates-2.1.8.jar:/home/runner/.m2/repository/joda-time/joda-time/2.10.2/joda-time-2.10.2.jar:/home/runner/.m2/repository/com/github/erosb/json-sKema/0.20.0/json-sKema-0.20.0.jar:/home/runner/.m2/repository/io/vertx/vertx-json-schema/4.5.16/vertx-json-schema-4.5.16.jar:/home/runner/work/apicurio-testing/apicurio-testing/clusters/ci419/namespaces/pg17/tests/integration/apicurio-registry/schema-util/protobuf/target/apicurio-registry-schema-util-protobuf-3.0.12-SNAPSHOT.jar:/home/runner/work/apicurio-testing/apicurio-testing/clusters/ci419/namespaces/pg17/tests/integration/apicurio-registry/utils/protobuf-schema-utilities/target/apicurio-registry-protobuf-schema-utilities-3.0.12-SNAPSHOT.jar:/home/runner/.m2/repository/com/google/api/grpc/proto-google-common-protos/2.52.0/proto-google-common-protos-2.52.0.jar:/home/runner/.m2/repository/com/squareup/wire/wire-schema-jvm/5.3.3/wire-schema-jvm-5.3.3.jar:/home/runner/.m2/repository/com/palantir/javapoet/javapoet/0.6.0/javapoet-0.6.0.jar:/home/runner/.m2/repository/com/squareup/kotlinpoet-jvm/2.0.0/kotlinpoet-jvm-2.0.0.jar:/home/runner/.m2/repository/org/jetbrains/kotlin/kotlin-reflect/2.0.21/kotlin-reflect-2.0.21.jar:/home/runner/.m2/repository/com/squareup/wire/wire-runtime-jvm/5.3.3/wire-runtime-jvm-5.3.3.jar:/home/runner/.m2/repository/com/ibm/icu/icu4j/76.1/icu4j-76.1.jar:/home/runner/.m2/repository/com/squareup/okio/okio-fakefilesystem/3.10.2/okio-fakefilesystem-3.10.2.jar:/home/runner/.m2/repository/com/squareup/okio/okio-fakefilesystem-jvm/3.10.2/okio-fakefilesystem-jvm-3.10.2.jar:/home/runner/.m2/repository/org/jetbrains/kotlinx/kotlinx-datetime-jvm/0.6.1/kotlinx-datetime-jvm-0.6.1.jar:/home/runner/work/apicurio-testing/apicurio-testing/clusters/ci419/namespaces/pg17/tests/integration/apicurio-registry/schema-util/asyncapi/target/apicurio-registry-schema-util-asyncapi-3.0.12-SNAPSHOT.jar:/home/runner/work/apicurio-testing/apicurio-testing/clusters/ci419/namespaces/pg17/tests/integration/apicurio-registry/schema-util/avro/target/apicurio-registry-schema-util-avro-3.0.12-SNAPSHOT.jar:/home/runner/work/apicurio-testing/apicurio-testing/clusters/ci419/namespaces/pg17/tests/integration/apicurio-registry/schema-util/graphql/target/apicurio-registry-schema-util-graphql-3.0.12-SNAPSHOT.jar:/home/runner/.m2/repository/com/graphql-java/graphql-java/22.4/graphql-java-22.4.jar:/home/runner/.m2/repository/com/graphql-java/java-dataloader/3.3.0/java-dataloader-3.3.0.jar:/home/runner/work/apicurio-testing/apicurio-testing/clusters/ci419/namespaces/pg17/tests/integration/apicurio-registry/schema-util/kconnect/target/apicurio-registry-schema-util-kconnect-3.0.12-SNAPSHOT.jar:/home/runner/work/apicurio-testing/apicurio-testing/clusters/ci419/namespaces/pg17/tests/integration/apicurio-registry/schema-util/openapi/target/apicurio-registry-schema-util-openapi-3.0.12-SNAPSHOT.jar:/home/runner/.m2/repository/io/apicurio/apicurio-data-models/2.2.2/apicurio-data-models-2.2.2.jar:/home/runner/.m2/repository/org/openapitools/openapidiff/openapi-diff-core/2.1.2/openapi-diff-core-2.1.2.jar:/home/runner/.m2/repository/io/swagger/parser/v3/swagger-parser/2.1.28/swagger-parser-2.1.28.jar:/home/runner/.m2/repository/io/swagger/parser/v3/swagger-parser-v2-converter/2.1.28/swagger-parser-v2-converter-2.1.28.jar:/home/runner/.m2/repository/io/swagger/swagger-core/1.6.16/swagger-core-1.6.16.jar:/home/runner/.m2/repository/io/swagger/swagger-models/1.6.16/swagger-models-1.6.16.jar:/home/runner/.m2/repository/io/swagger/swagger-annotations/1.6.16/swagger-annotations-1.6.16.jar:/home/runner/.m2/repository/io/swagger/swagger-parser/1.0.75/swagger-parser-1.0.75.jar:/home/runner/.m2/repository/io/swagger/swagger-parser-safe-url-resolver/1.0.75/swagger-parser-safe-url-resolver-1.0.75.jar:/home/runner/.m2/repository/io/swagger/swagger-compat-spec-parser/1.0.75/swagger-compat-spec-parser-1.0.75.jar:/home/runner/.m2/repository/com/github/java-json-tools/json-schema-validator/2.2.14/json-schema-validator-2.2.14.jar:/home/runner/.m2/repository/com/github/java-json-tools/jackson-coreutils-equivalence/1.0/jackson-coreutils-equivalence-1.0.jar:/home/runner/.m2/repository/com/github/java-json-tools/json-schema-core/1.2.14/json-schema-core-1.2.14.jar:/home/runner/.m2/repository/com/github/java-json-tools/uri-template/0.10/uri-template-0.10.jar:/home/runner/.m2/repository/com/googlecode/libphonenumber/libphonenumber/8.11.1/libphonenumber-8.11.1.jar:/home/runner/.m2/repository/com/j2html/j2html/1.6.0/j2html-1.6.0.jar:/home/runner/.m2/repository/org/apache/commons/commons-collections4/4.5.0/commons-collections4-4.5.0.jar:/home/runner/.m2/repository/org/slf4j/jcl-over-slf4j/2.0.17/jcl-over-slf4j-2.0.17.jar:/home/runner/.m2/repository/io/swagger/parser/v3/swagger-parser-v3/2.1.31/swagger-parser-v3-2.1.31.jar:/home/runner/.m2/repository/io/swagger/core/v3/swagger-models/2.2.34/swagger-models-2.2.34.jar:/home/runner/.m2/repository/io/swagger/core/v3/swagger-core/2.2.34/swagger-core-2.2.34.jar:/home/runner/.m2/repository/io/swagger/parser/v3/swagger-parser-core/2.1.31/swagger-parser-core-2.1.31.jar:/home/runner/.m2/repository/io/swagger/parser/v3/swagger-parser-safe-url-resolver/2.1.31/swagger-parser-safe-url-resolver-2.1.31.jar:/home/runner/work/apicurio-testing/apicurio-testing/clusters/ci419/namespaces/pg17/tests/integration/apicurio-registry/schema-util/wsdl/target/apicurio-registry-schema-util-wsdl-3.0.12-SNAPSHOT.jar:/home/runner/.m2/repository/wsdl4j/wsdl4j/1.6.3/wsdl4j-1.6.3.jar:/home/runner/work/apicurio-testing/apicurio-testing/clusters/ci419/namespaces/pg17/tests/integration/apicurio-registry/schema-util/xml/target/apicurio-registry-schema-util-xml-3.0.12-SNAPSHOT.jar:/home/runner/.m2/repository/org/apache/santuario/xmlsec/4.0.4/xmlsec-4.0.4.jar:/home/runner/.m2/repository/com/fasterxml/woodstox/woodstox-core/7.1.1/woodstox-core-7.1.1.jar:/home/runner/.m2/repository/org/codehaus/woodstox/stax2-api/4.2.2/stax2-api-4.2.2.jar:/home/runner/work/apicurio-testing/apicurio-testing/clusters/ci419/namespaces/pg17/tests/integration/apicurio-registry/schema-util/xsd/target/apicurio-registry-schema-util-xsd-3.0.12-SNAPSHOT.jar:/home/runner/work/apicurio-testing/apicurio-testing/clusters/ci419/namespaces/pg17/tests/integration/apicurio-registry/serdes/kafka/jsonschema-serde/target/apicurio-registry-jsonschema-serde-kafka-3.0.12-SNAPSHOT.jar:/home/runner/work/apicurio-testing/apicurio-testing/clusters/ci419/namespaces/pg17/tests/integration/apicurio-registry/serdes/kafka/serde-kafka-common/target/apicurio-registry-serde-kafka-common-3.0.12-SNAPSHOT.jar:/home/runner/work/apicurio-testing/apicurio-testing/clusters/ci419/namespaces/pg17/tests/integration/apicurio-registry/serdes/generic/serde-common/target/apicurio-registry-serde-common-3.0.12-SNAPSHOT.jar:/home/runner/work/apicurio-testing/apicurio-testing/clusters/ci419/namespaces/pg17/tests/integration/apicurio-registry/serdes/generic/serde-common-jsonschema/target/apicurio-registry-serde-common-jsonschema-3.0.12-SNAPSHOT.jar:/home/runner/.m2/repository/org/json/json/20250107/json-20250107.jar:/home/runner/work/apicurio-testing/apicurio-testing/clusters/ci419/namespaces/pg17/tests/integration/apicurio-registry/serdes/kafka/avro-serde/target/apicurio-registry-avro-serde-kafka-3.0.12-SNAPSHOT.jar:/home/runner/work/apicurio-testing/apicurio-testing/clusters/ci419/namespaces/pg17/tests/integration/apicurio-registry/serdes/generic/serde-common-avro/target/apicurio-registry-serde-common-avro-3.0.12-SNAPSHOT.jar:/home/runner/work/apicurio-testing/apicurio-testing/clusters/ci419/namespaces/pg17/tests/integration/apicurio-registry/serdes/kafka/protobuf-serde/target/apicurio-registry-protobuf-serde-kafka-3.0.12-SNAPSHOT.jar:/home/runner/work/apicurio-testing/apicurio-testing/clusters/ci419/namespaces/pg17/tests/integration/apicurio-registry/serdes/generic/serde-common-protobuf/target/apicurio-registry-serde-common-protobuf-3.0.12-SNAPSHOT.jar:/home/runner/.m2/repository/com/squareup/wire/wire-schema/5.3.3/wire-schema-5.3.3.jar:/home/runner/.m2/repository/com/squareup/wire/wire-runtime/5.3.3/wire-runtime-5.3.3.jar:/home/runner/work/apicurio-testing/apicurio-testing/clusters/ci419/namespaces/pg17/tests/integration/apicurio-registry/serdes/pulsar/avro-serde/target/apicurio-registry-avro-serde-pulsar-3.0.12-SNAPSHOT.jar:/home/runner/.m2/repository/org/apache/pulsar/pulsar-functions-api/3.3.8/pulsar-functions-api-3.3.8.jar:/home/runner/work/apicurio-testing/apicurio-testing/clusters/ci419/namespaces/pg17/tests/integration/apicurio-registry/serdes/nats/avro-serde/target/apicurio-registry-avro-serde-nats-3.0.12-SNAPSHOT.jar:/home/runner/.m2/repository/io/nats/jnats/2.21.4/jnats-2.21.4.jar:/home/runner/.m2/repository/org/bouncycastle/bcprov-lts8on/2.73.7/bcprov-lts8on-2.73.7.jar:/home/runner/.m2/repository/org/jetbrains/annotations/26.0.2/annotations-26.0.2.jar:/home/runner/work/apicurio-testing/apicurio-testing/clusters/ci419/namespaces/pg17/tests/integration/apicurio-registry/utils/converter/target/apicurio-registry-utils-converter-3.0.12-SNAPSHOT.jar:/home/runner/work/apicurio-testing/apicurio-testing/clusters/ci419/namespaces/pg17/tests/integration/apicurio-registry/schema-resolver/target/apicurio-registry-schema-resolver-3.0.12-SNAPSHOT.jar:/home/runner/.m2/repository/org/apache/kafka/connect-api/3.9.1/connect-api-3.9.1.jar:/home/runner/.m2/repository/javax/ws/rs/javax.ws.rs-api/2.1.1/javax.ws.rs-api-2.1.1.jar:/home/runner/.m2/repository/org/apache/kafka/connect-json/3.9.1/connect-json-3.9.1.jar:/home/runner/.m2/repository/com/fasterxml/jackson/datatype/jackson-datatype-jdk8/2.18.2/jackson-datatype-jdk8-2.18.2.jar:/home/runner/.m2/repository/com/fasterxml/jackson/module/jackson-module-afterburner/2.18.2/jackson-module-afterburner-2.18.2.jar:/home/runner/work/apicurio-testing/apicurio-testing/clusters/ci419/namespaces/pg17/tests/integration/apicurio-registry/utils/kafka/target/apicurio-registry-utils-kafka-3.0.12-SNAPSHOT.jar:/home/runner/.m2/repository/org/apache/pulsar/pulsar-client/3.3.8/pulsar-client-3.3.8.jar:/home/runner/.m2/repository/org/apache/pulsar/pulsar-client-api/3.3.8/pulsar-client-api-3.3.8.jar:/home/runner/.m2/repository/org/apache/pulsar/pulsar-client-admin-api/3.3.8/pulsar-client-admin-api-3.3.8.jar:/home/runner/.m2/repository/org/apache/pulsar/bouncy-castle-bc/3.3.8/bouncy-castle-bc-3.3.8-pkg.jar:/home/runner/.m2/repository/org/bouncycastle/bcpkix-jdk18on/1.81/bcpkix-jdk18on-1.81.jar:/home/runner/.m2/repository/org/bouncycastle/bcutil-jdk18on/1.81/bcutil-jdk18on-1.81.jar:/home/runner/.m2/repository/org/bouncycastle/bcprov-jdk18on/1.81/bcprov-jdk18on-1.81.jar:/home/runner/.m2/repository/io/opentelemetry/opentelemetry-api/1.44.1/opentelemetry-api-1.44.1.jar:/home/runner/.m2/repository/io/opentelemetry/opentelemetry-context/1.44.1/opentelemetry-context-1.44.1.jar:/home/runner/.m2/repository/io/opentelemetry/opentelemetry-api-incubator/1.44.1-alpha/opentelemetry-api-incubator-1.44.1-alpha.jar:/home/runner/.m2/repository/com/fasterxml/jackson/core/jackson-annotations/2.18.2/jackson-annotations-2.18.2.jar:/home/runner/.m2/repository/javax/validation/validation-api/1.1.0.Final/validation-api-1.1.0.Final.jar:/home/runner/.m2/repository/org/jspecify/jspecify/1.0.0/jspecify-1.0.0.jar:/home/runner/.m2/repository/org/apache/commons/commons-configuration2/2.12.0/commons-configuration2-2.12.0.jar:/home/runner/.m2/repository/commons-logging/commons-logging/1.3.5/commons-logging-1.3.5.jar:/home/runner/.m2/repository/org/apache/commons/commons-text/1.13.0/commons-text-1.13.0.jar:/home/runner/.m2/repository/io/confluent/kafka-avro-serializer/8.0.0/kafka-avro-serializer-8.0.0.jar:/home/runner/.m2/repository/org/apache/commons/commons-compress/1.27.1/commons-compress-1.27.1.jar:/home/runner/.m2/repository/io/confluent/kafka-schema-serializer/8.0.0/kafka-schema-serializer-8.0.0.jar:/home/runner/.m2/repository/com/fasterxml/jackson/dataformat/jackson-dataformat-csv/2.18.2/jackson-dataformat-csv-2.18.2.jar:/home/runner/.m2/repository/io/confluent/kafka-schema-registry-client/8.0.0/kafka-schema-registry-client-8.0.0.jar:/home/runner/.m2/repository/org/yaml/snakeyaml/2.3/snakeyaml-2.3.jar:/home/runner/.m2/repository/io/swagger/core/v3/swagger-annotations/2.2.29/swagger-annotations-2.2.29.jar:/home/runner/.m2/repository/com/google/guava/guava/33.4.0-jre/guava-33.4.0-jre.jar:/home/runner/.m2/repository/com/google/guava/failureaccess/1.0.1/failureaccess-1.0.1.jar:/home/runner/.m2/repository/org/checkerframework/checker-qual/3.49.0/checker-qual-3.49.0.jar:/home/runner/.m2/repository/io/confluent/logredactor/1.0.13/logredactor-1.0.13.jar:/home/runner/.m2/repository/com/google/re2j/re2j/1.6/re2j-1.6.jar:/home/runner/.m2/repository/io/confluent/logredactor-metrics/1.0.13/logredactor-metrics-1.0.13.jar:/home/runner/.m2/repository/com/eclipsesource/minimal-json/minimal-json/0.9.5/minimal-json-0.9.5.jar:/home/runner/.m2/repository/io/confluent/common-utils/8.0.0/common-utils-8.0.0.jar:/home/runner/.m2/repository/io/confluent/kafka-connect-avro-converter/8.0.0/kafka-connect-avro-converter-8.0.0.jar:/home/runner/.m2/repository/io/confluent/kafka-connect-avro-data/8.0.0/kafka-connect-avro-data-8.0.0.jar:/home/runner/.m2/repository/io/confluent/kafka-schema-converter/8.0.0/kafka-schema-converter-8.0.0.jar:/home/runner/.m2/repository/io/rest-assured/rest-assured/5.5.1/rest-assured-5.5.1.jar:/home/runner/.m2/repository/org/apache/groovy/groovy/4.0.22/groovy-4.0.22.jar:/home/runner/.m2/repository/org/apache/groovy/groovy-xml/4.0.22/groovy-xml-4.0.22.jar:/home/runner/.m2/repository/org/apache/httpcomponents/httpclient/4.5.14/httpclient-4.5.14.jar:/home/runner/.m2/repository/org/apache/httpcomponents/httpcore/4.4.16/httpcore-4.4.16.jar:/home/runner/.m2/repository/org/apache/httpcomponents/httpmime/4.5.14/httpmime-4.5.14.jar:/home/runner/.m2/repository/org/hamcrest/hamcrest/2.2/hamcrest-2.2.jar:/home/runner/.m2/repository/org/ccil/cowan/tagsoup/tagsoup/1.2.1/tagsoup-1.2.1.jar:/home/runner/.m2/repository/io/rest-assured/json-path/5.5.1/json-path-5.5.1.jar:/home/runner/.m2/repository/org/apache/groovy/groovy-json/4.0.22/groovy-json-4.0.22.jar:/home/runner/.m2/repository/io/rest-assured/rest-assured-common/5.5.1/rest-assured-common-5.5.1.jar:/home/runner/.m2/repository/io/rest-assured/xml-path/5.5.1/xml-path-5.5.1.jar:/home/runner/.m2/repository/io/zonky/test/embedded-postgres/2.1.0/embedded-postgres-2.1.0.jar:/home/runner/.m2/repository/io/zonky/test/postgres/embedded-postgres-binaries-windows-amd64/14.15.0/embedded-postgres-binaries-windows-amd64-14.15.0.jar:/home/runner/.m2/repository/io/zonky/test/postgres/embedded-postgres-binaries-darwin-amd64/14.15.0/embedded-postgres-binaries-darwin-amd64-14.15.0.jar:/home/runner/.m2/repository/io/zonky/test/postgres/embedded-postgres-binaries-linux-amd64/14.15.0/embedded-postgres-binaries-linux-amd64-14.15.0.jar:/home/runner/.m2/repository/io/zonky/test/postgres/embedded-postgres-binaries-linux-amd64-alpine/14.15.0/embedded-postgres-binaries-linux-amd64-alpine-14.15.0.jar:/home/runner/.m2/repository/org/apache/commons/commons-lang3/3.17.0/commons-lang3-3.17.0.jar:/home/runner/.m2/repository/org/tukaani/xz/1.10/xz-1.10.jar:/home/runner/.m2/repository/commons-codec/commons-codec/1.19.0/commons-codec-1.19.0.jar:/home/runner/.m2/repository/org/postgresql/postgresql/42.7.7/postgresql-42.7.7.jar:/home/runner/.m2/repository/commons-io/commons-io/2.18.0/commons-io-2.18.0.jar:/home/runner/work/apicurio-testing/apicurio-testing/clusters/ci419/namespaces/pg17/tests/integration/apicurio-registry/utils/importexport/target/apicurio-registry-utils-import-export-3.0.12-SNAPSHOT.jar:/home/runner/.m2/repository/io/vertx/vertx-core/4.5.16/vertx-core-4.5.16.jar:/home/runner/.m2/repository/io/netty/netty-common/4.1.121.Final/netty-common-4.1.121.Final.jar:/home/runner/.m2/repository/io/netty/netty-buffer/4.1.121.Final/netty-buffer-4.1.121.Final.jar:/home/runner/.m2/repository/io/netty/netty-transport/4.1.121.Final/netty-transport-4.1.121.Final.jar:/home/runner/.m2/repository/io/netty/netty-handler/4.1.121.Final/netty-handler-4.1.121.Final.jar:/home/runner/.m2/repository/io/netty/netty-transport-native-unix-common/4.1.121.Final/netty-transport-native-unix-common-4.1.121.Final.jar:/home/runner/.m2/repository/io/netty/netty-codec/4.1.121.Final/netty-codec-4.1.121.Final.jar:/home/runner/.m2/repository/io/netty/netty-handler-proxy/4.1.121.Final/netty-handler-proxy-4.1.121.Final.jar:/home/runner/.m2/repository/io/netty/netty-codec-socks/4.1.121.Final/netty-codec-socks-4.1.121.Final.jar:/home/runner/.m2/repository/io/netty/netty-codec-http/4.1.121.Final/netty-codec-http-4.1.121.Final.jar:/home/runner/.m2/repository/io/netty/netty-codec-http2/4.1.121.Final/netty-codec-http2-4.1.121.Final.jar:/home/runner/.m2/repository/io/netty/netty-resolver/4.1.121.Final/netty-resolver-4.1.121.Final.jar:/home/runner/.m2/repository/io/netty/netty-resolver-dns/4.1.121.Final/netty-resolver-dns-4.1.121.Final.jar:/home/runner/.m2/repository/io/netty/netty-codec-dns/4.1.121.Final/netty-codec-dns-4.1.121.Final.jar:/home/runner/.m2/repository/com/fasterxml/jackson/core/jackson-core/2.18.2/jackson-core-2.18.2.jar:"/>
    <property name="java.vm.vendor" value="Eclipse Adoptium"/>
    <property name="maven.javadoc.skip" value="true"/>
    <property name="sun.arch.data.model" value="64"/>
    <property name="java.vendor.url" value="https://adoptium.net/"/>
    <property name="user.timezone" value="Etc/UTC"/>
    <property name="os.name" value="Linux"/>
    <property name="java.vm.specification.version" value="17"/>
    <property name="sun.java.launcher" value="SUN_STANDARD"/>
    <property name="quarkus.http.test-port" value="80"/>
    <property name="sun.boot.library.path" value="/usr/lib/jvm/temurin-17-jdk-amd64/lib"/>
    <property name="sun.java.command" value="/home/runner/work/apicurio-testing/apicurio-testing/clusters/ci419/namespaces/pg17/tests/integration/apicurio-registry/integration-tests/target/surefire/surefirebooter-20250806153602077_3.jar /home/runner/work/apicurio-testing/apicurio-testing/clusters/ci419/namespaces/pg17/tests/integration/apicurio-registry/integration-tests/target/surefire 2025-08-06T15-36-02_012-jvmRun1 surefire-20250806153602077_1tmp surefire_0-20250806153602077_2tmp"/>
    <property name="maven.home" value="/home/runner/.m2/wrapper/dists/apache-maven-3.9.8-bin/4fnp1ql35bgk2a0p7m31ovbgb0/apache-maven-3.9.8"/>
    <property name="jdk.debug" value="release"/>
    <property name="surefire.test.class.path" value="/home/runner/work/apicurio-testing/apicurio-testing/clusters/ci419/namespaces/pg17/tests/integration/apicurio-registry/integration-tests/target/test-classes:/home/runner/work/apicurio-testing/apicurio-testing/clusters/ci419/namespaces/pg17/tests/integration/apicurio-registry/integration-tests/target/apicurio-registry-integration-tests-3.0.12-SNAPSHOT.jar:/home/runner/.m2/repository/io/quarkus/quarkus-junit5/3.20.2/quarkus-junit5-3.20.2.jar:/home/runner/.m2/repository/io/quarkus/quarkus-bootstrap-core/3.20.2/quarkus-bootstrap-core-3.20.2.jar:/home/runner/.m2/repository/io/quarkus/quarkus-classloader-commons/3.20.2/quarkus-classloader-commons-3.20.2.jar:/home/runner/.m2/repository/io/quarkus/quarkus-bootstrap-app-model/3.20.2/quarkus-bootstrap-app-model-3.20.2.jar:/home/runner/.m2/repository/io/smallrye/common/smallrye-common-io/2.12.0/smallrye-common-io-2.12.0.jar:/home/runner/.m2/repository/org/eclipse/sisu/org.eclipse.sisu.inject/0.9.0.M3/org.eclipse.sisu.inject-0.9.0.M3.jar:/home/runner/.m2/repository/io/quarkus/quarkus-test-common/3.20.2/quarkus-test-common-3.20.2.jar:/home/runner/.m2/repository/io/quarkus/quarkus-core-deployment/3.20.2/quarkus-core-deployment-3.20.2.jar:/home/runner/.m2/repository/org/aesh/readline/2.6/readline-2.6.jar:/home/runner/.m2/repository/org/fusesource/jansi/jansi/2.4.0/jansi-2.4.0.jar:/home/runner/.m2/repository/org/aesh/aesh/2.8.2/aesh-2.8.2.jar:/home/runner/.m2/repository/io/quarkus/gizmo/gizmo/1.8.0/gizmo-1.8.0.jar:/home/runner/.m2/repository/org/ow2/asm/asm-util/9.7.1/asm-util-9.7.1.jar:/home/runner/.m2/repository/org/ow2/asm/asm-analysis/9.7.1/asm-analysis-9.7.1.jar:/home/runner/.m2/repository/org/ow2/asm/asm-commons/9.7.1/asm-commons-9.7.1.jar:/home/runner/.m2/repository/org/ow2/asm/asm-tree/9.7.1/asm-tree-9.7.1.jar:/home/runner/.m2/repository/io/quarkus/quarkus-hibernate-validator-spi/3.20.2/quarkus-hibernate-validator-spi-3.20.2.jar:/home/runner/.m2/repository/io/quarkus/quarkus-class-change-agent/3.20.2/quarkus-class-change-agent-3.20.2.jar:/home/runner/.m2/repository/io/quarkus/quarkus-devtools-utilities/3.20.2/quarkus-devtools-utilities-3.20.2.jar:/home/runner/.m2/repository/io/quarkus/quarkus-builder/3.20.2/quarkus-builder-3.20.2.jar:/home/runner/.m2/repository/org/graalvm/sdk/nativeimage/23.1.2/nativeimage-23.1.2.jar:/home/runner/.m2/repository/org/graalvm/sdk/word/23.1.2/word-23.1.2.jar:/home/runner/.m2/repository/io/quarkus/quarkus-bootstrap-maven-resolver/3.20.2/quarkus-bootstrap-maven-resolver-3.20.2.jar:/home/runner/.m2/repository/io/smallrye/beanbag/smallrye-beanbag-maven/1.5.2/smallrye-beanbag-maven-1.5.2.jar:/home/runner/.m2/repository/io/smallrye/beanbag/smallrye-beanbag-sisu/1.5.2/smallrye-beanbag-sisu-1.5.2.jar:/home/runner/.m2/repository/io/smallrye/beanbag/smallrye-beanbag/1.5.2/smallrye-beanbag-1.5.2.jar:/home/runner/.m2/repository/javax/inject/javax.inject/1/javax.inject-1.jar:/home/runner/.m2/repository/org/apache/maven/maven-artifact/3.9.9/maven-artifact-3.9.9.jar:/home/runner/.m2/repository/org/apache/maven/maven-builder-support/3.9.9/maven-builder-support-3.9.9.jar:/home/runner/.m2/repository/org/apache/maven/maven-model/3.9.9/maven-model-3.9.9.jar:/home/runner/.m2/repository/org/apache/maven/maven-model-builder/3.9.9/maven-model-builder-3.9.9.jar:/home/runner/.m2/repository/org/apache/maven/maven-repository-metadata/3.9.9/maven-repository-metadata-3.9.9.jar:/home/runner/.m2/repository/org/apache/maven/maven-settings/3.9.9/maven-settings-3.9.9.jar:/home/runner/.m2/repository/org/apache/maven/resolver/maven-resolver-api/1.9.22/maven-resolver-api-1.9.22.jar:/home/runner/.m2/repository/org/apache/maven/resolver/maven-resolver-impl/1.9.22/maven-resolver-impl-1.9.22.jar:/home/runner/.m2/repository/org/apache/maven/resolver/maven-resolver-named-locks/1.9.22/maven-resolver-named-locks-1.9.22.jar:/home/runner/.m2/repository/org/apache/maven/resolver/maven-resolver-spi/1.9.22/maven-resolver-spi-1.9.22.jar:/home/runner/.m2/repository/org/apache/maven/resolver/maven-resolver-util/1.9.22/maven-resolver-util-1.9.22.jar:/home/runner/.m2/repository/org/apache/maven/resolver/maven-resolver-transport-http/1.9.20/maven-resolver-transport-http-1.9.20.jar:/home/runner/.m2/repository/org/apache/maven/wagon/wagon-provider-api/3.5.3/wagon-provider-api-3.5.3.jar:/home/runner/.m2/repository/org/apache/maven/wagon/wagon-http-shared/3.5.3/wagon-http-shared-3.5.3.jar:/home/runner/.m2/repository/org/codehaus/plexus/plexus-interpolation/1.26/plexus-interpolation-1.26.jar:/home/runner/.m2/repository/org/codehaus/plexus/plexus-utils/3.5.1/plexus-utils-3.5.1.jar:/home/runner/.m2/repository/org/codehaus/plexus/plexus-xml/4.0.1/plexus-xml-4.0.1.jar:/home/runner/.m2/repository/org/apache/maven/maven-xml-impl/4.0.0-alpha-5/maven-xml-impl-4.0.0-alpha-5.jar:/home/runner/.m2/repository/org/apache/maven/maven-api-xml/4.0.0-alpha-5/maven-api-xml-4.0.0-alpha-5.jar:/home/runner/.m2/repository/org/apache/maven/maven-api-meta/4.0.0-alpha-5/maven-api-meta-4.0.0-alpha-5.jar:/home/runner/.m2/repository/org/codehaus/plexus/plexus-cipher/2.0/plexus-cipher-2.0.jar:/home/runner/.m2/repository/org/codehaus/plexus/plexus-sec-dispatcher/2.0/plexus-sec-dispatcher-2.0.jar:/home/runner/.m2/repository/org/apache/maven/maven-embedder/3.9.9/maven-embedder-3.9.9.jar:/home/runner/.m2/repository/org/apache/maven/maven-core/3.9.9/maven-core-3.9.9.jar:/home/runner/.m2/repository/org/codehaus/plexus/plexus-component-annotations/2.1.0/plexus-component-annotations-2.1.0.jar:/home/runner/.m2/repository/org/apache/maven/maven-plugin-api/3.9.9/maven-plugin-api-3.9.9.jar:/home/runner/.m2/repository/org/apache/maven/shared/maven-shared-utils/3.4.2/maven-shared-utils-3.4.2.jar:/home/runner/.m2/repository/com/google/inject/guice/5.1.0/guice-5.1.0.jar:/home/runner/.m2/repository/aopalliance/aopalliance/1.0/aopalliance-1.0.jar:/home/runner/.m2/repository/org/codehaus/plexus/plexus-classworlds/2.6.0/plexus-classworlds-2.6.0.jar:/home/runner/.m2/repository/commons-cli/commons-cli/1.8.0/commons-cli-1.8.0.jar:/home/runner/.m2/repository/org/eclipse/sisu/org.eclipse.sisu.plexus/0.9.0.M3/org.eclipse.sisu.plexus-0.9.0.M3.jar:/home/runner/.m2/repository/org/apache/maven/maven-settings-builder/3.9.9/maven-settings-builder-3.9.9.jar:/home/runner/.m2/repository/org/apache/maven/maven-resolver-provider/3.9.9/maven-resolver-provider-3.9.9.jar:/home/runner/.m2/repository/org/apache/maven/resolver/maven-resolver-connector-basic/1.9.22/maven-resolver-connector-basic-1.9.22.jar:/home/runner/.m2/repository/org/apache/maven/resolver/maven-resolver-transport-wagon/1.9.22/maven-resolver-transport-wagon-1.9.22.jar:/home/runner/.m2/repository/org/apache/maven/wagon/wagon-http/3.5.3/wagon-http-3.5.3.jar:/home/runner/.m2/repository/org/apache/maven/wagon/wagon-file/3.5.3/wagon-file-3.5.3.jar:/home/runner/.m2/repository/io/quarkus/quarkus-bootstrap-gradle-resolver/3.20.2/quarkus-bootstrap-gradle-resolver-3.20.2.jar:/home/runner/.m2/repository/io/smallrye/jandex/3.3.0/jandex-3.3.0.jar:/home/runner/.m2/repository/org/jboss/logging/commons-logging-jboss-logging/1.0.0.Final/commons-logging-jboss-logging-1.0.0.Final.jar:/home/runner/.m2/repository/io/quarkus/quarkus-junit5-config/3.20.2/quarkus-junit5-config-3.20.2.jar:/home/runner/.m2/repository/org/junit/jupiter/junit-jupiter-api/5.12.1/junit-jupiter-api-5.12.1.jar:/home/runner/.m2/repository/io/smallrye/config/smallrye-config/3.11.4/smallrye-config-3.11.4.jar:/home/runner/.m2/repository/io/smallrye/config/smallrye-config-core/3.11.4/smallrye-config-core-3.11.4.jar:/home/runner/.m2/repository/io/smallrye/common/smallrye-common-classloader/2.12.0/smallrye-common-classloader-2.12.0.jar:/home/runner/.m2/repository/io/smallrye/config/smallrye-config-common/3.11.4/smallrye-config-common-3.11.4.jar:/home/runner/.m2/repository/org/junit/jupiter/junit-jupiter/5.12.1/junit-jupiter-5.12.1.jar:/home/runner/.m2/repository/org/junit/jupiter/junit-jupiter-params/5.12.1/junit-jupiter-params-5.12.1.jar:/home/runner/.m2/repository/org/junit/jupiter/junit-jupiter-engine/5.12.1/junit-jupiter-engine-5.12.1.jar:/home/runner/.m2/repository/io/quarkus/quarkus-core/3.20.2/quarkus-core-3.20.2.jar:/home/runner/.m2/repository/jakarta/enterprise/jakarta.enterprise.cdi-api/4.1.0/jakarta.enterprise.cdi-api-4.1.0.jar:/home/runner/.m2/repository/jakarta/enterprise/jakarta.enterprise.lang-model/4.1.0/jakarta.enterprise.lang-model-4.1.0.jar:/home/runner/.m2/repository/jakarta/el/jakarta.el-api/5.0.1/jakarta.el-api-5.0.1.jar:/home/runner/.m2/repository/jakarta/interceptor/jakarta.interceptor-api/2.2.0/jakarta.interceptor-api-2.2.0.jar:/home/runner/.m2/repository/jakarta/inject/jakarta.inject-api/2.0.1/jakarta.inject-api-2.0.1.jar:/home/runner/.m2/repository/io/smallrye/common/smallrye-common-os/2.12.0/smallrye-common-os-2.12.0.jar:/home/runner/.m2/repository/io/quarkus/quarkus-ide-launcher/3.20.2/quarkus-ide-launcher-3.20.2.jar:/home/runner/.m2/repository/io/quarkus/quarkus-development-mode-spi/3.20.2/quarkus-development-mode-spi-3.20.2.jar:/home/runner/.m2/repository/org/jboss/logging/jboss-logging/3.6.1.Final/jboss-logging-3.6.1.Final.jar:/home/runner/.m2/repository/org/jboss/logmanager/jboss-logmanager/3.1.2.Final/jboss-logmanager-3.1.2.Final.jar:/home/runner/.m2/repository/io/smallrye/common/smallrye-common-constraint/2.12.0/smallrye-common-constraint-2.12.0.jar:/home/runner/.m2/repository/io/smallrye/common/smallrye-common-cpu/2.12.0/smallrye-common-cpu-2.12.0.jar:/home/runner/.m2/repository/io/smallrye/common/smallrye-common-expression/2.12.0/smallrye-common-expression-2.12.0.jar:/home/runner/.m2/repository/io/smallrye/common/smallrye-common-net/2.12.0/smallrye-common-net-2.12.0.jar:/home/runner/.m2/repository/io/smallrye/common/smallrye-common-ref/2.12.0/smallrye-common-ref-2.12.0.jar:/home/runner/.m2/repository/jakarta/json/jakarta.json-api/2.1.3/jakarta.json-api-2.1.3.jar:/home/runner/.m2/repository/org/eclipse/parsson/parsson/1.1.7/parsson-1.1.7.jar:/home/runner/.m2/repository/org/jboss/logging/jboss-logging-annotations/3.0.4.Final/jboss-logging-annotations-3.0.4.Final.jar:/home/runner/.m2/repository/org/jboss/threads/jboss-threads/3.8.0.Final/jboss-threads-3.8.0.Final.jar:/home/runner/.m2/repository/io/smallrye/common/smallrye-common-annotation/2.12.0/smallrye-common-annotation-2.12.0.jar:/home/runner/.m2/repository/io/smallrye/common/smallrye-common-function/2.12.0/smallrye-common-function-2.12.0.jar:/home/runner/.m2/repository/org/jboss/slf4j/slf4j-jboss-logmanager/2.0.0.Final/slf4j-jboss-logmanager-2.0.0.Final.jar:/home/runner/.m2/repository/org/wildfly/common/wildfly-common/2.0.1/wildfly-common-2.0.1.jar:/home/runner/.m2/repository/io/quarkus/quarkus-bootstrap-runner/3.20.2/quarkus-bootstrap-runner-3.20.2.jar:/home/runner/.m2/repository/io/github/crac/org-crac/0.1.3/org-crac-0.1.3.jar:/home/runner/.m2/repository/io/quarkus/quarkus-fs-util/0.0.10/quarkus-fs-util-0.0.10.jar:/home/runner/.m2/repository/org/jboss/marshalling/jboss-marshalling/2.2.2.Final/jboss-marshalling-2.2.2.Final.jar:/home/runner/.m2/repository/io/fabric8/kubernetes-client/7.1.0/kubernetes-client-7.1.0.jar:/home/runner/.m2/repository/io/fabric8/kubernetes-client-api/7.1.0/kubernetes-client-api-7.1.0.jar:/home/runner/.m2/repository/io/fabric8/kubernetes-model-core/7.1.0/kubernetes-model-core-7.1.0.jar:/home/runner/.m2/repository/io/fabric8/kubernetes-model-common/7.1.0/kubernetes-model-common-7.1.0.jar:/home/runner/.m2/repository/javax/annotation/javax.annotation-api/1.3.2/javax.annotation-api-1.3.2.jar:/home/runner/.m2/repository/io/fabric8/kubernetes-model-gatewayapi/7.1.0/kubernetes-model-gatewayapi-7.1.0.jar:/home/runner/.m2/repository/io/fabric8/kubernetes-model-resource/7.1.0/kubernetes-model-resource-7.1.0.jar:/home/runner/.m2/repository/io/fabric8/kubernetes-model-rbac/7.1.0/kubernetes-model-rbac-7.1.0.jar:/home/runner/.m2/repository/io/fabric8/kubernetes-model-admissionregistration/7.1.0/kubernetes-model-admissionregistration-7.1.0.jar:/home/runner/.m2/repository/io/fabric8/kubernetes-model-apps/7.1.0/kubernetes-model-apps-7.1.0.jar:/home/runner/.m2/repository/io/fabric8/kubernetes-model-autoscaling/7.1.0/kubernetes-model-autoscaling-7.1.0.jar:/home/runner/.m2/repository/io/fabric8/kubernetes-model-apiextensions/7.1.0/kubernetes-model-apiextensions-7.1.0.jar:/home/runner/.m2/repository/io/fabric8/kubernetes-model-batch/7.1.0/kubernetes-model-batch-7.1.0.jar:/home/runner/.m2/repository/io/fabric8/kubernetes-model-certificates/7.1.0/kubernetes-model-certificates-7.1.0.jar:/home/runner/.m2/repository/io/fabric8/kubernetes-model-coordination/7.1.0/kubernetes-model-coordination-7.1.0.jar:/home/runner/.m2/repository/io/fabric8/kubernetes-model-discovery/7.1.0/kubernetes-model-discovery-7.1.0.jar:/home/runner/.m2/repository/io/fabric8/kubernetes-model-events/7.1.0/kubernetes-model-events-7.1.0.jar:/home/runner/.m2/repository/io/fabric8/kubernetes-model-extensions/7.1.0/kubernetes-model-extensions-7.1.0.jar:/home/runner/.m2/repository/io/fabric8/kubernetes-model-flowcontrol/7.1.0/kubernetes-model-flowcontrol-7.1.0.jar:/home/runner/.m2/repository/io/fabric8/kubernetes-model-networking/7.1.0/kubernetes-model-networking-7.1.0.jar:/home/runner/.m2/repository/io/fabric8/kubernetes-model-metrics/7.1.0/kubernetes-model-metrics-7.1.0.jar:/home/runner/.m2/repository/io/fabric8/kubernetes-model-policy/7.1.0/kubernetes-model-policy-7.1.0.jar:/home/runner/.m2/repository/io/fabric8/kubernetes-model-scheduling/7.1.0/kubernetes-model-scheduling-7.1.0.jar:/home/runner/.m2/repository/io/fabric8/kubernetes-model-storageclass/7.1.0/kubernetes-model-storageclass-7.1.0.jar:/home/runner/.m2/repository/io/fabric8/kubernetes-model-node/7.1.0/kubernetes-model-node-7.1.0.jar:/home/runner/.m2/repository/org/snakeyaml/snakeyaml-engine/2.9/snakeyaml-engine-2.9.jar:/home/runner/.m2/repository/com/fasterxml/jackson/dataformat/jackson-dataformat-yaml/2.18.2/jackson-dataformat-yaml-2.18.2.jar:/home/runner/.m2/repository/com/fasterxml/jackson/datatype/jackson-datatype-jsr310/2.18.2/jackson-datatype-jsr310-2.18.2.jar:/home/runner/.m2/repository/io/fabric8/zjsonpatch/7.1.0/zjsonpatch-7.1.0.jar:/home/runner/.m2/repository/io/fabric8/kubernetes-httpclient-vertx/7.1.0/kubernetes-httpclient-vertx-7.1.0.jar:/home/runner/.m2/repository/io/vertx/vertx-web-client/4.5.16/vertx-web-client-4.5.16.jar:/home/runner/.m2/repository/io/vertx/vertx-web-common/4.5.16/vertx-web-common-4.5.16.jar:/home/runner/.m2/repository/io/vertx/vertx-auth-common/4.5.16/vertx-auth-common-4.5.16.jar:/home/runner/.m2/repository/io/vertx/vertx-uri-template/4.5.16/vertx-uri-template-4.5.16.jar:/home/runner/.m2/repository/io/fabric8/openshift-client/7.1.0/openshift-client-7.1.0.jar:/home/runner/.m2/repository/io/fabric8/openshift-client-api/7.1.0/openshift-client-api-7.1.0.jar:/home/runner/.m2/repository/io/fabric8/openshift-model/7.1.0/openshift-model-7.1.0.jar:/home/runner/.m2/repository/io/fabric8/openshift-model-autoscaling/7.1.0/openshift-model-autoscaling-7.1.0.jar:/home/runner/.m2/repository/io/fabric8/openshift-model-operator/7.1.0/openshift-model-operator-7.1.0.jar:/home/runner/.m2/repository/io/fabric8/openshift-model-operatorhub/7.1.0/openshift-model-operatorhub-7.1.0.jar:/home/runner/.m2/repository/io/fabric8/openshift-model-machine/7.1.0/openshift-model-machine-7.1.0.jar:/home/runner/.m2/repository/io/fabric8/openshift-model-whereabouts/7.1.0/openshift-model-whereabouts-7.1.0.jar:/home/runner/.m2/repository/io/fabric8/openshift-model-monitoring/7.1.0/openshift-model-monitoring-7.1.0.jar:/home/runner/.m2/repository/io/fabric8/openshift-model-storageversionmigrator/7.1.0/openshift-model-storageversionmigrator-7.1.0.jar:/home/runner/.m2/repository/io/fabric8/openshift-model-tuned/7.1.0/openshift-model-tuned-7.1.0.jar:/home/runner/.m2/repository/io/fabric8/openshift-model-console/7.1.0/openshift-model-console-7.1.0.jar:/home/runner/.m2/repository/io/fabric8/openshift-model-config/7.1.0/openshift-model-config-7.1.0.jar:/home/runner/.m2/repository/io/fabric8/openshift-model-machineconfiguration/7.1.0/openshift-model-machineconfiguration-7.1.0.jar:/home/runner/.m2/repository/io/fabric8/openshift-model-miscellaneous/7.1.0/openshift-model-miscellaneous-7.1.0.jar:/home/runner/.m2/repository/io/fabric8/openshift-model-hive/7.1.0/openshift-model-hive-7.1.0.jar:/home/runner/.m2/repository/io/fabric8/openshift-model-installer/7.1.0/openshift-model-installer-7.1.0.jar:/home/runner/.m2/repository/org/junit/platform/junit-platform-launcher/1.12.1/junit-platform-launcher-1.12.1.jar:/home/runner/.m2/repository/org/junit/platform/junit-platform-engine/1.12.1/junit-platform-engine-1.12.1.jar:/home/runner/.m2/repository/org/opentest4j/opentest4j/1.3.0/opentest4j-1.3.0.jar:/home/runner/.m2/repository/org/junit/platform/junit-platform-commons/1.12.1/junit-platform-commons-1.12.1.jar:/home/runner/.m2/repository/org/apiguardian/apiguardian-api/1.1.2/apiguardian-api-1.1.2.jar:/home/runner/.m2/repository/jakarta/ws/rs/jakarta.ws.rs-api/3.1.0/jakarta.ws.rs-api-3.1.0.jar:/home/runner/work/apicurio-testing/apicurio-testing/clusters/ci419/namespaces/pg17/tests/integration/apicurio-registry/java-sdk/target/apicurio-registry-java-sdk-3.0.12-SNAPSHOT.jar:/home/runner/.m2/repository/com/microsoft/kiota/microsoft-kiota-abstractions/1.8.8/microsoft-kiota-abstractions-1.8.8.jar:/home/runner/.m2/repository/io/github/std-uritemplate/std-uritemplate/2.0.0/std-uritemplate-2.0.0.jar:/home/runner/.m2/repository/io/kiota/kiota-http-jdk/0.0.29/kiota-http-jdk-0.0.29.jar:/home/runner/.m2/repository/io/kiota/kiota-http-vertx/0.0.29/kiota-http-vertx-0.0.29.jar:/home/runner/.m2/repository/io/kiota/kiota-serialization-jackson/0.0.29/kiota-serialization-jackson-0.0.29.jar:/home/runner/.m2/repository/com/microsoft/kiota/microsoft-kiota-serialization-text/1.8.8/microsoft-kiota-serialization-text-1.8.8.jar:/home/runner/.m2/repository/com/microsoft/kiota/microsoft-kiota-serialization-form/1.8.8/microsoft-kiota-serialization-form-1.8.8.jar:/home/runner/.m2/repository/com/microsoft/kiota/microsoft-kiota-serialization-multipart/1.8.8/microsoft-kiota-serialization-multipart-1.8.8.jar:/home/runner/.m2/repository/jakarta/annotation/jakarta.annotation-api/3.0.0/jakarta.annotation-api-3.0.0.jar:/home/runner/.m2/repository/io/vertx/vertx-auth-oauth2/4.5.16/vertx-auth-oauth2-4.5.16.jar:/home/runner/work/apicurio-testing/apicurio-testing/clusters/ci419/namespaces/pg17/tests/integration/apicurio-registry/java-sdk-v2/target/apicurio-registry-v2-java-sdk-3.0.12-SNAPSHOT.jar:/home/runner/work/apicurio-testing/apicurio-testing/clusters/ci419/namespaces/pg17/tests/integration/apicurio-registry/utils/kafka/target/apicurio-registry-utils-kafka-3.0.12-SNAPSHOT-tests.jar:/home/runner/.m2/repository/org/eclipse/microprofile/config/microprofile-config-api/3.1/microprofile-config-api-3.1.jar:/home/runner/.m2/repository/org/apache/kafka/kafka-clients/3.9.1/kafka-clients-3.9.1.jar:/home/runner/.m2/repository/com/github/luben/zstd-jni/1.5.6-4/zstd-jni-1.5.6-4.jar:/home/runner/.m2/repository/org/lz4/lz4-java/1.8.0/lz4-java-1.8.0.jar:/home/runner/.m2/repository/org/xerial/snappy/snappy-java/1.1.10.5/snappy-java-1.1.10.5.jar:/home/runner/.m2/repository/org/slf4j/slf4j-api/2.0.6/slf4j-api-2.0.6.jar:/home/runner/work/apicurio-testing/apicurio-testing/clusters/ci419/namespaces/pg17/tests/integration/apicurio-registry/utils/tests/target/apicurio-registry-utils-tests-3.0.12-SNAPSHOT.jar:/home/runner/work/apicurio-testing/apicurio-testing/clusters/ci419/namespaces/pg17/tests/integration/apicurio-registry/common/target/apicurio-registry-common-3.0.12-SNAPSHOT.jar:/home/runner/.m2/repository/jakarta/validation/jakarta.validation-api/3.0.2/jakarta.validation-api-3.0.2.jar:/home/runner/.m2/repository/com/github/dasniko/testcontainers-keycloak/3.8.0/testcontainers-keycloak-3.8.0.jar:/home/runner/.m2/repository/org/testcontainers/testcontainers/1.20.6/testcontainers-1.20.6.jar:/home/runner/.m2/repository/org/rnorth/duct-tape/duct-tape/1.0.8/duct-tape-1.0.8.jar:/home/runner/.m2/repository/com/github/docker-java/docker-java-transport-zerodep/3.4.1/docker-java-transport-zerodep-3.4.1.jar:/home/runner/.m2/repository/com/github/docker-java/docker-java-transport/3.4.1/docker-java-transport-3.4.1.jar:/home/runner/.m2/repository/net/java/dev/jna/jna/5.8.0/jna-5.8.0.jar:/home/runner/.m2/repository/io/quarkus/quarkus-junit4-mock/3.20.2/quarkus-junit4-mock-3.20.2.jar:/home/runner/.m2/repository/org/jboss/shrinkwrap/shrinkwrap-api/2.0.0-beta-2/shrinkwrap-api-2.0.0-beta-2.jar:/home/runner/.m2/repository/org/jboss/shrinkwrap/shrinkwrap-impl-base/2.0.0-beta-2/shrinkwrap-impl-base-2.0.0-beta-2.jar:/home/runner/.m2/repository/org/jboss/shrinkwrap/shrinkwrap-spi/2.0.0-beta-2/shrinkwrap-spi-2.0.0-beta-2.jar:/home/runner/.m2/repository/org/keycloak/keycloak-admin-client/26.0.4/keycloak-admin-client-26.0.4.jar:/home/runner/.m2/repository/org/keycloak/keycloak-client-common-synced/26.0.4/keycloak-client-common-synced-26.0.4.jar:/home/runner/.m2/repository/jakarta/activation/jakarta.activation-api/2.1.3/jakarta.activation-api-2.1.3.jar:/home/runner/.m2/repository/org/eclipse/microprofile/openapi/microprofile-openapi-api/4.0.2/microprofile-openapi-api-4.0.2.jar:/home/runner/.m2/repository/org/jboss/resteasy/resteasy-client/6.2.12.Final/resteasy-client-6.2.12.Final.jar:/home/runner/.m2/repository/org/jboss/resteasy/resteasy-client-api/6.2.12.Final/resteasy-client-api-6.2.12.Final.jar:/home/runner/.m2/repository/org/jboss/resteasy/resteasy-core-spi/6.2.12.Final/resteasy-core-spi-6.2.12.Final.jar:/home/runner/.m2/repository/org/jboss/resteasy/resteasy-core/6.2.12.Final/resteasy-core-6.2.12.Final.jar:/home/runner/.m2/repository/org/eclipse/angus/angus-activation/2.0.2/angus-activation-2.0.2.jar:/home/runner/.m2/repository/com/ibm/async/asyncutil/0.1.0/asyncutil-0.1.0.jar:/home/runner/.m2/repository/org/reactivestreams/reactive-streams/1.0.4/reactive-streams-1.0.4.jar:/home/runner/.m2/repository/org/jboss/resteasy/resteasy-multipart-provider/6.2.12.Final/resteasy-multipart-provider-6.2.12.Final.jar:/home/runner/.m2/repository/jakarta/mail/jakarta.mail-api/2.1.3/jakarta.mail-api-2.1.3.jar:/home/runner/.m2/repository/org/eclipse/angus/angus-mail/2.0.3/angus-mail-2.0.3.jar:/home/runner/.m2/repository/org/apache/james/apache-mime4j-dom/0.8.12/apache-mime4j-dom-0.8.12.jar:/home/runner/.m2/repository/org/apache/james/apache-mime4j-core/0.8.12/apache-mime4j-core-0.8.12.jar:/home/runner/.m2/repository/org/apache/james/apache-mime4j-storage/0.8.12/apache-mime4j-storage-0.8.12.jar:/home/runner/.m2/repository/org/jboss/resteasy/resteasy-jackson2-provider/6.2.12.Final/resteasy-jackson2-provider-6.2.12.Final.jar:/home/runner/.m2/repository/com/fasterxml/jackson/jakarta/rs/jackson-jakarta-rs-base/2.18.2/jackson-jakarta-rs-base-2.18.2.jar:/home/runner/.m2/repository/com/fasterxml/jackson/jakarta/rs/jackson-jakarta-rs-json-provider/2.18.2/jackson-jakarta-rs-json-provider-2.18.2.jar:/home/runner/.m2/repository/com/fasterxml/jackson/module/jackson-module-jakarta-xmlbind-annotations/2.18.2/jackson-module-jakarta-xmlbind-annotations-2.18.2.jar:/home/runner/.m2/repository/com/github/java-json-tools/json-patch/1.13/json-patch-1.13.jar:/home/runner/.m2/repository/com/github/java-json-tools/msg-simple/1.2/msg-simple-1.2.jar:/home/runner/.m2/repository/com/github/java-json-tools/btf/1.3/btf-1.3.jar:/home/runner/.m2/repository/com/github/java-json-tools/jackson-coreutils/2.0/jackson-coreutils-2.0.jar:/home/runner/.m2/repository/org/jboss/resteasy/resteasy-jaxb-provider/6.2.12.Final/resteasy-jaxb-provider-6.2.12.Final.jar:/home/runner/.m2/repository/org/glassfish/jaxb/codemodel/4.0.5/codemodel-4.0.5.jar:/home/runner/.m2/repository/org/glassfish/jaxb/jaxb-core/4.0.5/jaxb-core-4.0.5.jar:/home/runner/.m2/repository/org/glassfish/jaxb/jaxb-jxc/4.0.5/jaxb-jxc-4.0.5.jar:/home/runner/.m2/repository/org/glassfish/jaxb/jaxb-runtime/4.0.5/jaxb-runtime-4.0.5.jar:/home/runner/.m2/repository/org/glassfish/jaxb/txw2/4.0.5/txw2-4.0.5.jar:/home/runner/.m2/repository/org/glassfish/jaxb/jaxb-xjc/4.0.5/jaxb-xjc-4.0.5.jar:/home/runner/.m2/repository/org/glassfish/jaxb/xsom/4.0.5/xsom-4.0.5.jar:/home/runner/.m2/repository/com/sun/istack/istack-commons-runtime/4.1.2/istack-commons-runtime-4.1.2.jar:/home/runner/.m2/repository/com/sun/istack/istack-commons-tools/4.1.2/istack-commons-tools-4.1.2.jar:/home/runner/.m2/repository/com/sun/xml/bind/external/relaxng-datatype/4.0.5/relaxng-datatype-4.0.5.jar:/home/runner/.m2/repository/com/sun/xml/bind/external/rngom/4.0.5/rngom-4.0.5.jar:/home/runner/.m2/repository/org/testcontainers/mssqlserver/1.20.6/mssqlserver-1.20.6.jar:/home/runner/.m2/repository/org/testcontainers/jdbc/1.20.6/jdbc-1.20.6.jar:/home/runner/.m2/repository/org/testcontainers/database-commons/1.20.6/database-commons-1.20.6.jar:/home/runner/.m2/repository/org/testcontainers/mysql/1.20.6/mysql-1.20.6.jar:/home/runner/.m2/repository/io/strimzi/strimzi-test-container/0.111.0/strimzi-test-container-0.111.0.jar:/home/runner/.m2/repository/org/testcontainers/toxiproxy/1.20.6/toxiproxy-1.20.6.jar:/home/runner/.m2/repository/com/github/docker-java/docker-java-api/3.4.1/docker-java-api-3.4.1.jar:/home/runner/.m2/repository/org/apache/logging/log4j/log4j-slf4j-impl/2.19.0/log4j-slf4j-impl-2.19.0.jar:/home/runner/.m2/repository/org/apache/logging/log4j/log4j-api/2.24.3/log4j-api-2.24.3.jar:/home/runner/.m2/repository/org/apache/logging/log4j/log4j-core/2.19.0/log4j-core-2.19.0.jar:/home/runner/.m2/repository/eu/rekawek/toxiproxy/toxiproxy-java/2.1.7/toxiproxy-java-2.1.7.jar:/home/runner/.m2/repository/org/testcontainers/pulsar/1.21.3/pulsar-1.21.3.jar:/home/runner/.m2/repository/io/debezium/debezium-testing-testcontainers/2.7.4.Final/debezium-testing-testcontainers-2.7.4.Final.jar:/home/runner/.m2/repository/org/testcontainers/kafka/1.20.6/kafka-1.20.6.jar:/home/runner/.m2/repository/com/squareup/okhttp3/okhttp/4.8.1/okhttp-4.8.1.jar:/home/runner/.m2/repository/com/squareup/okio/okio/3.10.2/okio-3.10.2.jar:/home/runner/.m2/repository/com/squareup/okio/okio-jvm/3.10.2/okio-jvm-3.10.2.jar:/home/runner/.m2/repository/org/jetbrains/kotlin/kotlin-stdlib/2.0.21/kotlin-stdlib-2.0.21.jar:/home/runner/.m2/repository/org/awaitility/awaitility/4.3.0/awaitility-4.3.0.jar:/home/runner/.m2/repository/org/testcontainers/mongodb/1.20.6/mongodb-1.20.6.jar:/home/runner/.m2/repository/org/testcontainers/mariadb/1.20.6/mariadb-1.20.6.jar:/home/runner/.m2/repository/org/testcontainers/oracle-xe/1.20.6/oracle-xe-1.20.6.jar:/home/runner/.m2/repository/org/testcontainers/postgresql/1.20.6/postgresql-1.20.6.jar:/home/runner/.m2/repository/org/wiremock/wiremock/3.0.1/wiremock-3.0.1.jar:/home/runner/.m2/repository/org/eclipse/jetty/jetty-server/11.0.15/jetty-server-11.0.15.jar:/home/runner/.m2/repository/org/eclipse/jetty/toolchain/jetty-jakarta-servlet-api/5.0.2/jetty-jakarta-servlet-api-5.0.2.jar:/home/runner/.m2/repository/org/eclipse/jetty/jetty-http/11.0.15/jetty-http-11.0.15.jar:/home/runner/.m2/repository/org/eclipse/jetty/jetty-io/11.0.15/jetty-io-11.0.15.jar:/home/runner/.m2/repository/org/eclipse/jetty/jetty-servlet/11.0.15/jetty-servlet-11.0.15.jar:/home/runner/.m2/repository/org/eclipse/jetty/jetty-security/11.0.15/jetty-security-11.0.15.jar:/home/runner/.m2/repository/org/eclipse/jetty/jetty-servlets/11.0.15/jetty-servlets-11.0.15.jar:/home/runner/.m2/repository/org/eclipse/jetty/jetty-util/11.0.15/jetty-util-11.0.15.jar:/home/runner/.m2/repository/org/eclipse/jetty/jetty-webapp/11.0.15/jetty-webapp-11.0.15.jar:/home/runner/.m2/repository/org/eclipse/jetty/jetty-xml/11.0.15/jetty-xml-11.0.15.jar:/home/runner/.m2/repository/org/eclipse/jetty/jetty-proxy/11.0.15/jetty-proxy-11.0.15.jar:/home/runner/.m2/repository/org/eclipse/jetty/jetty-client/11.0.15/jetty-client-11.0.15.jar:/home/runner/.m2/repository/org/eclipse/jetty/http2/http2-server/11.0.15/http2-server-11.0.15.jar:/home/runner/.m2/repository/org/eclipse/jetty/http2/http2-common/11.0.15/http2-common-11.0.15.jar:/home/runner/.m2/repository/org/eclipse/jetty/http2/http2-hpack/11.0.15/http2-hpack-11.0.15.jar:/home/runner/.m2/repository/org/eclipse/jetty/jetty-alpn-server/11.0.15/jetty-alpn-server-11.0.15.jar:/home/runner/.m2/repository/org/eclipse/jetty/jetty-alpn-java-server/11.0.15/jetty-alpn-java-server-11.0.15.jar:/home/runner/.m2/repository/org/eclipse/jetty/jetty-alpn-java-client/11.0.15/jetty-alpn-java-client-11.0.15.jar:/home/runner/.m2/repository/org/eclipse/jetty/jetty-alpn-client/11.0.15/jetty-alpn-client-11.0.15.jar:/home/runner/.m2/repository/org/apache/httpcomponents/client5/httpclient5/5.2.1/httpclient5-5.2.1.jar:/home/runner/.m2/repository/org/apache/httpcomponents/core5/httpcore5/5.2/httpcore5-5.2.jar:/home/runner/.m2/repository/org/apache/httpcomponents/core5/httpcore5-h2/5.2/httpcore5-h2-5.2.jar:/home/runner/.m2/repository/org/xmlunit/xmlunit-core/2.9.1/xmlunit-core-2.9.1.jar:/home/runner/.m2/repository/jakarta/xml/bind/jakarta.xml.bind-api/4.0.2/jakarta.xml.bind-api-4.0.2.jar:/home/runner/.m2/repository/org/xmlunit/xmlunit-legacy/2.9.1/xmlunit-legacy-2.9.1.jar:/home/runner/.m2/repository/org/xmlunit/xmlunit-placeholders/2.9.1/xmlunit-placeholders-2.9.1.jar:/home/runner/.m2/repository/net/javacrumbs/json-unit/json-unit-core/2.38.0/json-unit-core-2.38.0.jar:/home/runner/.m2/repository/org/hamcrest/hamcrest-core/2.2/hamcrest-core-2.2.jar:/home/runner/.m2/repository/com/jayway/jsonpath/json-path/2.8.0/json-path-2.8.0.jar:/home/runner/.m2/repository/net/minidev/json-smart/2.4.10/json-smart-2.4.10.jar:/home/runner/.m2/repository/net/minidev/accessors-smart/2.4.9/accessors-smart-2.4.9.jar:/home/runner/.m2/repository/org/ow2/asm/asm/9.7.1/asm-9.7.1.jar:/home/runner/.m2/repository/net/sf/jopt-simple/jopt-simple/5.0.4/jopt-simple-5.0.4.jar:/home/runner/.m2/repository/com/github/jknack/handlebars/4.3.1/handlebars-4.3.1.jar:/home/runner/.m2/repository/com/github/jknack/handlebars-helpers/4.3.1/handlebars-helpers-4.3.1.jar:/home/runner/.m2/repository/commons-fileupload/commons-fileupload/1.5/commons-fileupload-1.5.jar:/home/runner/.m2/repository/com/networknt/json-schema-validator/1.5.8/json-schema-validator-1.5.8.jar:/home/runner/.m2/repository/com/ethlo/time/itu/1.10.3/itu-1.10.3.jar:/home/runner/.m2/repository/io/quarkus/quarkus-smallrye-jwt-build/3.20.2/quarkus-smallrye-jwt-build-3.20.2.jar:/home/runner/.m2/repository/io/smallrye/smallrye-jwt-build/4.6.2/smallrye-jwt-build-4.6.2.jar:/home/runner/.m2/repository/org/eclipse/microprofile/jwt/microprofile-jwt-auth-api/2.1/microprofile-jwt-auth-api-2.1.jar:/home/runner/.m2/repository/org/bitbucket/b_c/jose4j/0.9.6/jose4j-0.9.6.jar:/home/runner/.m2/repository/io/smallrye/smallrye-jwt-common/4.6.2/smallrye-jwt-common-4.6.2.jar:/home/runner/.m2/repository/io/quarkus/quarkus-jsonp/3.20.2/quarkus-jsonp-3.20.2.jar:/home/runner/.m2/repository/io/quarkus/quarkus-arc/3.20.2/quarkus-arc-3.20.2.jar:/home/runner/.m2/repository/io/quarkus/arc/arc/3.20.2/arc-3.20.2.jar:/home/runner/.m2/repository/jakarta/transaction/jakarta.transaction-api/2.0.1/jakarta.transaction-api-2.0.1.jar:/home/runner/.m2/repository/io/smallrye/reactive/mutiny/2.9.2/mutiny-2.9.2.jar:/home/runner/.m2/repository/org/jctools/jctools-core/4.0.5/jctools-core-4.0.5.jar:/home/runner/.m2/repository/org/eclipse/microprofile/context-propagation/microprofile-context-propagation-api/1.3/microprofile-context-propagation-api-1.3.jar:/home/runner/.m2/repository/io/apicurio/apicurio-common-rest-client-common/0.1.18.Final/apicurio-common-rest-client-common-0.1.18.Final.jar:/home/runner/work/apicurio-testing/apicurio-testing/clusters/ci419/namespaces/pg17/tests/integration/apicurio-registry/utils/maven-plugin/target/apicurio-registry-maven-plugin-3.0.12-SNAPSHOT.jar:/home/runner/.m2/repository/com/fasterxml/jackson/core/jackson-databind/2.18.2/jackson-databind-2.18.2.jar:/home/runner/.m2/repository/org/apache/avro/avro/1.12.0/avro-1.12.0.jar:/home/runner/.m2/repository/com/google/protobuf/protobuf-java/4.31.1/protobuf-java-4.31.1.jar:/home/runner/.m2/repository/com/google/protobuf/protobuf-java-util/4.31.1/protobuf-java-util-4.31.1.jar:/home/runner/.m2/repository/com/google/code/findbugs/jsr305/3.0.2/jsr305-3.0.2.jar:/home/runner/.m2/repository/com/google/code/gson/gson/2.12.1/gson-2.12.1.jar:/home/runner/.m2/repository/com/google/errorprone/error_prone_annotations/2.36.0/error_prone_annotations-2.36.0.jar:/home/runner/.m2/repository/com/google/j2objc/j2objc-annotations/2.8/j2objc-annotations-2.8.jar:/home/runner/work/apicurio-testing/apicurio-testing/clusters/ci419/namespaces/pg17/tests/integration/apicurio-registry/schema-util/util-provider/target/apicurio-registry-schema-util-provider-3.0.12-SNAPSHOT.jar:/home/runner/work/apicurio-testing/apicurio-testing/clusters/ci419/namespaces/pg17/tests/integration/apicurio-registry/schema-util/common/target/apicurio-registry-schema-util-common-3.0.12-SNAPSHOT.jar:/home/runner/.m2/repository/com/fasterxml/jackson/module/jackson-module-parameter-names/2.18.2/jackson-module-parameter-names-2.18.2.jar:/home/runner/.m2/repository/com/fasterxml/jackson/datatype/jackson-datatype-json-org/2.18.2/jackson-datatype-json-org-2.18.2.jar:/home/runner/work/apicurio-testing/apicurio-testing/clusters/ci419/namespaces/pg17/tests/integration/apicurio-registry/schema-util/json/target/apicurio-registry-schema-util-json-3.0.12-SNAPSHOT.jar:/home/runner/.m2/repository/com/github/erosb/everit-json-schema/1.14.5/everit-json-schema-1.14.5.jar:/home/runner/.m2/repository/commons-validator/commons-validator/1.9.0/commons-validator-1.9.0.jar:/home/runner/.m2/repository/commons-digester/commons-digester/2.1/commons-digester-2.1.jar:/home/runner/.m2/repository/commons-collections/commons-collections/3.2.2/commons-collections-3.2.2.jar:/home/runner/.m2/repository/com/damnhandy/handy-uri-templates/2.1.8/handy-uri-templates-2.1.8.jar:/home/runner/.m2/repository/joda-time/joda-time/2.10.2/joda-time-2.10.2.jar:/home/runner/.m2/repository/com/github/erosb/json-sKema/0.20.0/json-sKema-0.20.0.jar:/home/runner/.m2/repository/io/vertx/vertx-json-schema/4.5.16/vertx-json-schema-4.5.16.jar:/home/runner/work/apicurio-testing/apicurio-testing/clusters/ci419/namespaces/pg17/tests/integration/apicurio-registry/schema-util/protobuf/target/apicurio-registry-schema-util-protobuf-3.0.12-SNAPSHOT.jar:/home/runner/work/apicurio-testing/apicurio-testing/clusters/ci419/namespaces/pg17/tests/integration/apicurio-registry/utils/protobuf-schema-utilities/target/apicurio-registry-protobuf-schema-utilities-3.0.12-SNAPSHOT.jar:/home/runner/.m2/repository/com/google/api/grpc/proto-google-common-protos/2.52.0/proto-google-common-protos-2.52.0.jar:/home/runner/.m2/repository/com/squareup/wire/wire-schema-jvm/5.3.3/wire-schema-jvm-5.3.3.jar:/home/runner/.m2/repository/com/palantir/javapoet/javapoet/0.6.0/javapoet-0.6.0.jar:/home/runner/.m2/repository/com/squareup/kotlinpoet-jvm/2.0.0/kotlinpoet-jvm-2.0.0.jar:/home/runner/.m2/repository/org/jetbrains/kotlin/kotlin-reflect/2.0.21/kotlin-reflect-2.0.21.jar:/home/runner/.m2/repository/com/squareup/wire/wire-runtime-jvm/5.3.3/wire-runtime-jvm-5.3.3.jar:/home/runner/.m2/repository/com/ibm/icu/icu4j/76.1/icu4j-76.1.jar:/home/runner/.m2/repository/com/squareup/okio/okio-fakefilesystem/3.10.2/okio-fakefilesystem-3.10.2.jar:/home/runner/.m2/repository/com/squareup/okio/okio-fakefilesystem-jvm/3.10.2/okio-fakefilesystem-jvm-3.10.2.jar:/home/runner/.m2/repository/org/jetbrains/kotlinx/kotlinx-datetime-jvm/0.6.1/kotlinx-datetime-jvm-0.6.1.jar:/home/runner/work/apicurio-testing/apicurio-testing/clusters/ci419/namespaces/pg17/tests/integration/apicurio-registry/schema-util/asyncapi/target/apicurio-registry-schema-util-asyncapi-3.0.12-SNAPSHOT.jar:/home/runner/work/apicurio-testing/apicurio-testing/clusters/ci419/namespaces/pg17/tests/integration/apicurio-registry/schema-util/avro/target/apicurio-registry-schema-util-avro-3.0.12-SNAPSHOT.jar:/home/runner/work/apicurio-testing/apicurio-testing/clusters/ci419/namespaces/pg17/tests/integration/apicurio-registry/schema-util/graphql/target/apicurio-registry-schema-util-graphql-3.0.12-SNAPSHOT.jar:/home/runner/.m2/repository/com/graphql-java/graphql-java/22.4/graphql-java-22.4.jar:/home/runner/.m2/repository/com/graphql-java/java-dataloader/3.3.0/java-dataloader-3.3.0.jar:/home/runner/work/apicurio-testing/apicurio-testing/clusters/ci419/namespaces/pg17/tests/integration/apicurio-registry/schema-util/kconnect/target/apicurio-registry-schema-util-kconnect-3.0.12-SNAPSHOT.jar:/home/runner/work/apicurio-testing/apicurio-testing/clusters/ci419/namespaces/pg17/tests/integration/apicurio-registry/schema-util/openapi/target/apicurio-registry-schema-util-openapi-3.0.12-SNAPSHOT.jar:/home/runner/.m2/repository/io/apicurio/apicurio-data-models/2.2.2/apicurio-data-models-2.2.2.jar:/home/runner/.m2/repository/org/openapitools/openapidiff/openapi-diff-core/2.1.2/openapi-diff-core-2.1.2.jar:/home/runner/.m2/repository/io/swagger/parser/v3/swagger-parser/2.1.28/swagger-parser-2.1.28.jar:/home/runner/.m2/repository/io/swagger/parser/v3/swagger-parser-v2-converter/2.1.28/swagger-parser-v2-converter-2.1.28.jar:/home/runner/.m2/repository/io/swagger/swagger-core/1.6.16/swagger-core-1.6.16.jar:/home/runner/.m2/repository/io/swagger/swagger-models/1.6.16/swagger-models-1.6.16.jar:/home/runner/.m2/repository/io/swagger/swagger-annotations/1.6.16/swagger-annotations-1.6.16.jar:/home/runner/.m2/repository/io/swagger/swagger-parser/1.0.75/swagger-parser-1.0.75.jar:/home/runner/.m2/repository/io/swagger/swagger-parser-safe-url-resolver/1.0.75/swagger-parser-safe-url-resolver-1.0.75.jar:/home/runner/.m2/repository/io/swagger/swagger-compat-spec-parser/1.0.75/swagger-compat-spec-parser-1.0.75.jar:/home/runner/.m2/repository/com/github/java-json-tools/json-schema-validator/2.2.14/json-schema-validator-2.2.14.jar:/home/runner/.m2/repository/com/github/java-json-tools/jackson-coreutils-equivalence/1.0/jackson-coreutils-equivalence-1.0.jar:/home/runner/.m2/repository/com/github/java-json-tools/json-schema-core/1.2.14/json-schema-core-1.2.14.jar:/home/runner/.m2/repository/com/github/java-json-tools/uri-template/0.10/uri-template-0.10.jar:/home/runner/.m2/repository/com/googlecode/libphonenumber/libphonenumber/8.11.1/libphonenumber-8.11.1.jar:/home/runner/.m2/repository/com/j2html/j2html/1.6.0/j2html-1.6.0.jar:/home/runner/.m2/repository/org/apache/commons/commons-collections4/4.5.0/commons-collections4-4.5.0.jar:/home/runner/.m2/repository/org/slf4j/jcl-over-slf4j/2.0.17/jcl-over-slf4j-2.0.17.jar:/home/runner/.m2/repository/io/swagger/parser/v3/swagger-parser-v3/2.1.31/swagger-parser-v3-2.1.31.jar:/home/runner/.m2/repository/io/swagger/core/v3/swagger-models/2.2.34/swagger-models-2.2.34.jar:/home/runner/.m2/repository/io/swagger/core/v3/swagger-core/2.2.34/swagger-core-2.2.34.jar:/home/runner/.m2/repository/io/swagger/parser/v3/swagger-parser-core/2.1.31/swagger-parser-core-2.1.31.jar:/home/runner/.m2/repository/io/swagger/parser/v3/swagger-parser-safe-url-resolver/2.1.31/swagger-parser-safe-url-resolver-2.1.31.jar:/home/runner/work/apicurio-testing/apicurio-testing/clusters/ci419/namespaces/pg17/tests/integration/apicurio-registry/schema-util/wsdl/target/apicurio-registry-schema-util-wsdl-3.0.12-SNAPSHOT.jar:/home/runner/.m2/repository/wsdl4j/wsdl4j/1.6.3/wsdl4j-1.6.3.jar:/home/runner/work/apicurio-testing/apicurio-testing/clusters/ci419/namespaces/pg17/tests/integration/apicurio-registry/schema-util/xml/target/apicurio-registry-schema-util-xml-3.0.12-SNAPSHOT.jar:/home/runner/.m2/repository/org/apache/santuario/xmlsec/4.0.4/xmlsec-4.0.4.jar:/home/runner/.m2/repository/com/fasterxml/woodstox/woodstox-core/7.1.1/woodstox-core-7.1.1.jar:/home/runner/.m2/repository/org/codehaus/woodstox/stax2-api/4.2.2/stax2-api-4.2.2.jar:/home/runner/work/apicurio-testing/apicurio-testing/clusters/ci419/namespaces/pg17/tests/integration/apicurio-registry/schema-util/xsd/target/apicurio-registry-schema-util-xsd-3.0.12-SNAPSHOT.jar:/home/runner/work/apicurio-testing/apicurio-testing/clusters/ci419/namespaces/pg17/tests/integration/apicurio-registry/serdes/kafka/jsonschema-serde/target/apicurio-registry-jsonschema-serde-kafka-3.0.12-SNAPSHOT.jar:/home/runner/work/apicurio-testing/apicurio-testing/clusters/ci419/namespaces/pg17/tests/integration/apicurio-registry/serdes/kafka/serde-kafka-common/target/apicurio-registry-serde-kafka-common-3.0.12-SNAPSHOT.jar:/home/runner/work/apicurio-testing/apicurio-testing/clusters/ci419/namespaces/pg17/tests/integration/apicurio-registry/serdes/generic/serde-common/target/apicurio-registry-serde-common-3.0.12-SNAPSHOT.jar:/home/runner/work/apicurio-testing/apicurio-testing/clusters/ci419/namespaces/pg17/tests/integration/apicurio-registry/serdes/generic/serde-common-jsonschema/target/apicurio-registry-serde-common-jsonschema-3.0.12-SNAPSHOT.jar:/home/runner/.m2/repository/org/json/json/20250107/json-20250107.jar:/home/runner/work/apicurio-testing/apicurio-testing/clusters/ci419/namespaces/pg17/tests/integration/apicurio-registry/serdes/kafka/avro-serde/target/apicurio-registry-avro-serde-kafka-3.0.12-SNAPSHOT.jar:/home/runner/work/apicurio-testing/apicurio-testing/clusters/ci419/namespaces/pg17/tests/integration/apicurio-registry/serdes/generic/serde-common-avro/target/apicurio-registry-serde-common-avro-3.0.12-SNAPSHOT.jar:/home/runner/work/apicurio-testing/apicurio-testing/clusters/ci419/namespaces/pg17/tests/integration/apicurio-registry/serdes/kafka/protobuf-serde/target/apicurio-registry-protobuf-serde-kafka-3.0.12-SNAPSHOT.jar:/home/runner/work/apicurio-testing/apicurio-testing/clusters/ci419/namespaces/pg17/tests/integration/apicurio-registry/serdes/generic/serde-common-protobuf/target/apicurio-registry-serde-common-protobuf-3.0.12-SNAPSHOT.jar:/home/runner/.m2/repository/com/squareup/wire/wire-schema/5.3.3/wire-schema-5.3.3.jar:/home/runner/.m2/repository/com/squareup/wire/wire-runtime/5.3.3/wire-runtime-5.3.3.jar:/home/runner/work/apicurio-testing/apicurio-testing/clusters/ci419/namespaces/pg17/tests/integration/apicurio-registry/serdes/pulsar/avro-serde/target/apicurio-registry-avro-serde-pulsar-3.0.12-SNAPSHOT.jar:/home/runner/.m2/repository/org/apache/pulsar/pulsar-functions-api/3.3.8/pulsar-functions-api-3.3.8.jar:/home/runner/work/apicurio-testing/apicurio-testing/clusters/ci419/namespaces/pg17/tests/integration/apicurio-registry/serdes/nats/avro-serde/target/apicurio-registry-avro-serde-nats-3.0.12-SNAPSHOT.jar:/home/runner/.m2/repository/io/nats/jnats/2.21.4/jnats-2.21.4.jar:/home/runner/.m2/repository/org/bouncycastle/bcprov-lts8on/2.73.7/bcprov-lts8on-2.73.7.jar:/home/runner/.m2/repository/org/jetbrains/annotations/26.0.2/annotations-26.0.2.jar:/home/runner/work/apicurio-testing/apicurio-testing/clusters/ci419/namespaces/pg17/tests/integration/apicurio-registry/utils/converter/target/apicurio-registry-utils-converter-3.0.12-SNAPSHOT.jar:/home/runner/work/apicurio-testing/apicurio-testing/clusters/ci419/namespaces/pg17/tests/integration/apicurio-registry/schema-resolver/target/apicurio-registry-schema-resolver-3.0.12-SNAPSHOT.jar:/home/runner/.m2/repository/org/apache/kafka/connect-api/3.9.1/connect-api-3.9.1.jar:/home/runner/.m2/repository/javax/ws/rs/javax.ws.rs-api/2.1.1/javax.ws.rs-api-2.1.1.jar:/home/runner/.m2/repository/org/apache/kafka/connect-json/3.9.1/connect-json-3.9.1.jar:/home/runner/.m2/repository/com/fasterxml/jackson/datatype/jackson-datatype-jdk8/2.18.2/jackson-datatype-jdk8-2.18.2.jar:/home/runner/.m2/repository/com/fasterxml/jackson/module/jackson-module-afterburner/2.18.2/jackson-module-afterburner-2.18.2.jar:/home/runner/work/apicurio-testing/apicurio-testing/clusters/ci419/namespaces/pg17/tests/integration/apicurio-registry/utils/kafka/target/apicurio-registry-utils-kafka-3.0.12-SNAPSHOT.jar:/home/runner/.m2/repository/org/apache/pulsar/pulsar-client/3.3.8/pulsar-client-3.3.8.jar:/home/runner/.m2/repository/org/apache/pulsar/pulsar-client-api/3.3.8/pulsar-client-api-3.3.8.jar:/home/runner/.m2/repository/org/apache/pulsar/pulsar-client-admin-api/3.3.8/pulsar-client-admin-api-3.3.8.jar:/home/runner/.m2/repository/org/apache/pulsar/bouncy-castle-bc/3.3.8/bouncy-castle-bc-3.3.8-pkg.jar:/home/runner/.m2/repository/org/bouncycastle/bcpkix-jdk18on/1.81/bcpkix-jdk18on-1.81.jar:/home/runner/.m2/repository/org/bouncycastle/bcutil-jdk18on/1.81/bcutil-jdk18on-1.81.jar:/home/runner/.m2/repository/org/bouncycastle/bcprov-jdk18on/1.81/bcprov-jdk18on-1.81.jar:/home/runner/.m2/repository/io/opentelemetry/opentelemetry-api/1.44.1/opentelemetry-api-1.44.1.jar:/home/runner/.m2/repository/io/opentelemetry/opentelemetry-context/1.44.1/opentelemetry-context-1.44.1.jar:/home/runner/.m2/repository/io/opentelemetry/opentelemetry-api-incubator/1.44.1-alpha/opentelemetry-api-incubator-1.44.1-alpha.jar:/home/runner/.m2/repository/com/fasterxml/jackson/core/jackson-annotations/2.18.2/jackson-annotations-2.18.2.jar:/home/runner/.m2/repository/javax/validation/validation-api/1.1.0.Final/validation-api-1.1.0.Final.jar:/home/runner/.m2/repository/org/jspecify/jspecify/1.0.0/jspecify-1.0.0.jar:/home/runner/.m2/repository/org/apache/commons/commons-configuration2/2.12.0/commons-configuration2-2.12.0.jar:/home/runner/.m2/repository/commons-logging/commons-logging/1.3.5/commons-logging-1.3.5.jar:/home/runner/.m2/repository/org/apache/commons/commons-text/1.13.0/commons-text-1.13.0.jar:/home/runner/.m2/repository/io/confluent/kafka-avro-serializer/8.0.0/kafka-avro-serializer-8.0.0.jar:/home/runner/.m2/repository/org/apache/commons/commons-compress/1.27.1/commons-compress-1.27.1.jar:/home/runner/.m2/repository/io/confluent/kafka-schema-serializer/8.0.0/kafka-schema-serializer-8.0.0.jar:/home/runner/.m2/repository/com/fasterxml/jackson/dataformat/jackson-dataformat-csv/2.18.2/jackson-dataformat-csv-2.18.2.jar:/home/runner/.m2/repository/io/confluent/kafka-schema-registry-client/8.0.0/kafka-schema-registry-client-8.0.0.jar:/home/runner/.m2/repository/org/yaml/snakeyaml/2.3/snakeyaml-2.3.jar:/home/runner/.m2/repository/io/swagger/core/v3/swagger-annotations/2.2.29/swagger-annotations-2.2.29.jar:/home/runner/.m2/repository/com/google/guava/guava/33.4.0-jre/guava-33.4.0-jre.jar:/home/runner/.m2/repository/com/google/guava/failureaccess/1.0.1/failureaccess-1.0.1.jar:/home/runner/.m2/repository/org/checkerframework/checker-qual/3.49.0/checker-qual-3.49.0.jar:/home/runner/.m2/repository/io/confluent/logredactor/1.0.13/logredactor-1.0.13.jar:/home/runner/.m2/repository/com/google/re2j/re2j/1.6/re2j-1.6.jar:/home/runner/.m2/repository/io/confluent/logredactor-metrics/1.0.13/logredactor-metrics-1.0.13.jar:/home/runner/.m2/repository/com/eclipsesource/minimal-json/minimal-json/0.9.5/minimal-json-0.9.5.jar:/home/runner/.m2/repository/io/confluent/common-utils/8.0.0/common-utils-8.0.0.jar:/home/runner/.m2/repository/io/confluent/kafka-connect-avro-converter/8.0.0/kafka-connect-avro-converter-8.0.0.jar:/home/runner/.m2/repository/io/confluent/kafka-connect-avro-data/8.0.0/kafka-connect-avro-data-8.0.0.jar:/home/runner/.m2/repository/io/confluent/kafka-schema-converter/8.0.0/kafka-schema-converter-8.0.0.jar:/home/runner/.m2/repository/io/rest-assured/rest-assured/5.5.1/rest-assured-5.5.1.jar:/home/runner/.m2/repository/org/apache/groovy/groovy/4.0.22/groovy-4.0.22.jar:/home/runner/.m2/repository/org/apache/groovy/groovy-xml/4.0.22/groovy-xml-4.0.22.jar:/home/runner/.m2/repository/org/apache/httpcomponents/httpclient/4.5.14/httpclient-4.5.14.jar:/home/runner/.m2/repository/org/apache/httpcomponents/httpcore/4.4.16/httpcore-4.4.16.jar:/home/runner/.m2/repository/org/apache/httpcomponents/httpmime/4.5.14/httpmime-4.5.14.jar:/home/runner/.m2/repository/org/hamcrest/hamcrest/2.2/hamcrest-2.2.jar:/home/runner/.m2/repository/org/ccil/cowan/tagsoup/tagsoup/1.2.1/tagsoup-1.2.1.jar:/home/runner/.m2/repository/io/rest-assured/json-path/5.5.1/json-path-5.5.1.jar:/home/runner/.m2/repository/org/apache/groovy/groovy-json/4.0.22/groovy-json-4.0.22.jar:/home/runner/.m2/repository/io/rest-assured/rest-assured-common/5.5.1/rest-assured-common-5.5.1.jar:/home/runner/.m2/repository/io/rest-assured/xml-path/5.5.1/xml-path-5.5.1.jar:/home/runner/.m2/repository/io/zonky/test/embedded-postgres/2.1.0/embedded-postgres-2.1.0.jar:/home/runner/.m2/repository/io/zonky/test/postgres/embedded-postgres-binaries-windows-amd64/14.15.0/embedded-postgres-binaries-windows-amd64-14.15.0.jar:/home/runner/.m2/repository/io/zonky/test/postgres/embedded-postgres-binaries-darwin-amd64/14.15.0/embedded-postgres-binaries-darwin-amd64-14.15.0.jar:/home/runner/.m2/repository/io/zonky/test/postgres/embedded-postgres-binaries-linux-amd64/14.15.0/embedded-postgres-binaries-linux-amd64-14.15.0.jar:/home/runner/.m2/repository/io/zonky/test/postgres/embedded-postgres-binaries-linux-amd64-alpine/14.15.0/embedded-postgres-binaries-linux-amd64-alpine-14.15.0.jar:/home/runner/.m2/repository/org/apache/commons/commons-lang3/3.17.0/commons-lang3-3.17.0.jar:/home/runner/.m2/repository/org/tukaani/xz/1.10/xz-1.10.jar:/home/runner/.m2/repository/commons-codec/commons-codec/1.19.0/commons-codec-1.19.0.jar:/home/runner/.m2/repository/org/postgresql/postgresql/42.7.7/postgresql-42.7.7.jar:/home/runner/.m2/repository/commons-io/commons-io/2.18.0/commons-io-2.18.0.jar:/home/runner/work/apicurio-testing/apicurio-testing/clusters/ci419/namespaces/pg17/tests/integration/apicurio-registry/utils/importexport/target/apicurio-registry-utils-import-export-3.0.12-SNAPSHOT.jar:/home/runner/.m2/repository/io/vertx/vertx-core/4.5.16/vertx-core-4.5.16.jar:/home/runner/.m2/repository/io/netty/netty-common/4.1.121.Final/netty-common-4.1.121.Final.jar:/home/runner/.m2/repository/io/netty/netty-buffer/4.1.121.Final/netty-buffer-4.1.121.Final.jar:/home/runner/.m2/repository/io/netty/netty-transport/4.1.121.Final/netty-transport-4.1.121.Final.jar:/home/runner/.m2/repository/io/netty/netty-handler/4.1.121.Final/netty-handler-4.1.121.Final.jar:/home/runner/.m2/repository/io/netty/netty-transport-native-unix-common/4.1.121.Final/netty-transport-native-unix-common-4.1.121.Final.jar:/home/runner/.m2/repository/io/netty/netty-codec/4.1.121.Final/netty-codec-4.1.121.Final.jar:/home/runner/.m2/repository/io/netty/netty-handler-proxy/4.1.121.Final/netty-handler-proxy-4.1.121.Final.jar:/home/runner/.m2/repository/io/netty/netty-codec-socks/4.1.121.Final/netty-codec-socks-4.1.121.Final.jar:/home/runner/.m2/repository/io/netty/netty-codec-http/4.1.121.Final/netty-codec-http-4.1.121.Final.jar:/home/runner/.m2/repository/io/netty/netty-codec-http2/4.1.121.Final/netty-codec-http2-4.1.121.Final.jar:/home/runner/.m2/repository/io/netty/netty-resolver/4.1.121.Final/netty-resolver-4.1.121.Final.jar:/home/runner/.m2/repository/io/netty/netty-resolver-dns/4.1.121.Final/netty-resolver-dns-4.1.121.Final.jar:/home/runner/.m2/repository/io/netty/netty-codec-dns/4.1.121.Final/netty-codec-dns-4.1.121.Final.jar:/home/runner/.m2/repository/com/fasterxml/jackson/core/jackson-core/2.18.2/jackson-core-2.18.2.jar:"/>
    <property name="sun.cpu.endian" value="little"/>
    <property name="user.home" value="/home/runner"/>
    <property name="user.language" value="en"/>
    <property name="jboss.log-version" value="false"/>
    <property name="java.specification.vendor" value="Oracle Corporation"/>
    <property name="java.version.date" value="2025-07-15"/>
    <property name="java.home" value="/usr/lib/jvm/temurin-17-jdk-amd64"/>
    <property name="file.separator" value="/"/>
    <property name="basedir" value="/home/runner/work/apicurio-testing/apicurio-testing/clusters/ci419/namespaces/pg17/tests/integration/apicurio-registry/integration-tests"/>
    <property name="java.vm.compressedOopsMode" value="32-bit"/>
    <property name="line.separator" value="&#10;"/>
    <property name="java.specification.name" value="Java Platform API Specification"/>
    <property name="java.vm.specification.vendor" value="Oracle Corporation"/>
    <property name="quarkus.http.test-host" value="registry-app-pg17.apps.ci419.apicurio-testing.org"/>
    <property name="surefire.real.class.path" value="/home/runner/work/apicurio-testing/apicurio-testing/clusters/ci419/namespaces/pg17/tests/integration/apicurio-registry/integration-tests/target/surefire/surefirebooter-20250806153602077_3.jar"/>
    <property name="sun.management.compiler" value="HotSpot 64-Bit Tiered Compilers"/>
    <property name="org.eclipse.jetty.http.HttpGenerator.STRICT" value="true"/>
    <property name="java.runtime.version" value="17.0.16+8"/>
    <property name="user.name" value="runner"/>
    <property name="path.separator" value=":"/>
    <property name="os.version" value="6.8.0-1031-azure"/>
    <property name="java.runtime.name" value="OpenJDK Runtime Environment"/>
    <property name="file.encoding" value="UTF-8"/>
    <property name="jnidispatch.path" value="/home/runner/.cache/JNA/temp/jna10507028511730864078.tmp"/>
    <property name="java.vm.name" value="OpenJDK 64-Bit Server VM"/>
    <property name="jna.platform.library.path" value="/usr/lib/x86_64-linux-gnu:/lib/x86_64-linux-gnu:/usr/lib64:/lib64:/usr/lib:/lib:/lib32:/usr/local/lib:/usr/lib/x86_64-linux-gnu/libfakeroot"/>
    <property name="java.vendor.version" value="Temurin-17.0.16+8"/>
    <property name="quarkus.oidc.token-path" value="https://keycloak-pg17.apps.ci419.apicurio-testing.org/realms/registry/protocol/openid-connect/token"/>
    <property name="quarkus.http.host" value="registry-app-pg17.apps.ci419.apicurio-testing.org"/>
    <property name="localRepository" value="/home/runner/.m2/repository"/>
    <property name="javax.xml.xpath.XPathFactory:http://java.sun.com/jaxp/xpath/dom" value="com.sun.org.apache.xpath.internal.jaxp.XPathFactoryImpl"/>
    <property name="jna.loaded" value="true"/>
    <property name="java.vendor.url.bug" value="https://github.com/adoptium/adoptium-support/issues"/>
    <property name="jetty.git.hash" value="5bc5e562c8d05c5862505aebe5cf83a61bdbcb96"/>
    <property name="java.io.tmpdir" value="/tmp"/>
    <property name="quarkus.http.test-protocol" value="http"/>
    <property name="java.version" value="17.0.16"/>
    <property name="user.dir" value="/home/runner/work/apicurio-testing/apicurio-testing/clusters/ci419/namespaces/pg17/tests/integration/apicurio-registry/integration-tests"/>
    <property name="os.arch" value="amd64"/>
    <property name="groups" value="( smoke | serdes | acceptance | ui)"/>
    <property name="java.vm.specification.name" value="Java Virtual Machine Specification"/>
    <property name="native.encoding" value="UTF-8"/>
    <property name="java.util.logging.manager" value="org.jboss.logmanager.LogManager"/>
    <property name="java.library.path" value="/usr/java/packages/lib:/usr/lib64:/lib64:/lib:/usr/lib"/>
    <property name="jdk.console" value="java.base"/>
    <property name="java.vm.info" value="mixed mode, sharing"/>
    <property name="java.vendor" value="Eclipse Adoptium"/>
    <property name="java.vm.version" value="17.0.16+8"/>
    <property name="java.specification.maintenance.version" value="1"/>
    <property name="sun.io.unicode.encoding" value="UnicodeLittle"/>
    <property name="javax.xml.transform.TransformerFactory" value="com.sun.org.apache.xalan.internal.xsltc.trax.TransformerFactoryImpl"/>
    <property name="java.class.version" value="61.0"/>
  </properties>
  <testcase name="testGlobalIdInHeaders" classname="io.apicurio.tests.serdes.apicurio.AvroSerdeIT" time="6.177">
    <system-out><![CDATA[**** Registry Base URL: http://registry-app-pg17.apps.ci419.apicurio-testing.org:80
**** Registry Base URL: http://registry-app-pg17.apps.ci419.apicurio-testing.org:80
2025-08-06 15:36:16,080 INFO  [io.api.tes.ser.api.AvroSerdeIT] (main) RestAssured configured with http://registry-app-pg17.apps.ci419.apicurio-testing.org:80/apis/registry/v3
2025-08-06 15:36:16,080 INFO  [io.api.tes.uti.KafkaFacade] (main) Starting kafka container
2025-08-06 15:36:16,129 INFO  [org.tes.ima.PullPolicy] (main) Image pull policy will be performed by: DefaultPullPolicy()
2025-08-06 15:36:16,133 INFO  [org.tes.uti.ImageNameSubstitutor] (main) Image name substitution will be performed by: DefaultImageNameSubstitutor (composite of 'ConfigurationFileImageNameSubstitutor' and 'PrefixingImageNameSubstitutor')
2025-08-06 15:36:16,146 INFO  [org.tes.DockerClientFactory] (main) Testcontainers version: 1.20.6
2025-08-06 15:36:16,679 INFO  [org.tes.doc.DockerClientProviderStrategy] (main) Found Docker environment with local Unix socket (unix:///var/run/docker.sock)
2025-08-06 15:36:16,688 INFO  [org.tes.DockerClientFactory] (main) Docker host IP address is localhost
2025-08-06 15:36:16,711 INFO  [org.tes.DockerClientFactory] (main) Connected to docker: 
  Server Version: 28.0.4
  API Version: 1.48
  Operating System: Ubuntu 22.04.5 LTS
  Total Memory: 7944 MB
2025-08-06 15:36:16,750 INFO  [tc.tes.11.0] (main) Pulling docker image: testcontainers/ryuk:0.11.0. Please be patient; this may take some time but only needs to be done once.
2025-08-06 15:36:17,793 INFO  [tc.tes.11.0] (docker-java-stream--1295187651) Starting to pull image
2025-08-06 15:36:17,816 INFO  [tc.tes.11.0] (docker-java-stream--1295187651) Pulling image layers:  0 pending,  0 downloaded,  0 extracted, (0 bytes/0 bytes)
2025-08-06 15:36:18,315 INFO  [tc.tes.11.0] (docker-java-stream--1295187651) Pulling image layers:  2 pending,  1 downloaded,  0 extracted, (8 KB/? MB)
2025-08-06 15:36:18,339 INFO  [tc.tes.11.0] (docker-java-stream--1295187651) Pulling image layers:  1 pending,  2 downloaded,  0 extracted, (3 MB/? MB)
2025-08-06 15:36:18,461 INFO  [tc.tes.11.0] (docker-java-stream--1295187651) Pulling image layers:  1 pending,  2 downloaded,  1 extracted, (7 MB/? MB)
2025-08-06 15:36:18,597 INFO  [tc.tes.11.0] (docker-java-stream--1295187651) Pulling image layers:  0 pending,  3 downloaded,  1 extracted, (10 MB/10 MB)
2025-08-06 15:36:19,439 INFO  [tc.tes.11.0] (docker-java-stream--1295187651) Pulling image layers:  0 pending,  3 downloaded,  2 extracted, (10 MB/10 MB)
2025-08-06 15:36:19,485 INFO  [tc.tes.11.0] (docker-java-stream--1295187651) Pulling image layers:  0 pending,  3 downloaded,  3 extracted, (10 MB/10 MB)
2025-08-06 15:36:19,491 INFO  [tc.tes.11.0] (docker-java-stream--1295187651) Pull complete. 3 layers, pulled in 1s (downloaded 10 MB at 10 MB/s)
2025-08-06 15:36:19,492 INFO  [tc.tes.11.0] (main) Image testcontainers/ryuk:0.11.0 pull took PT2.741253007S
2025-08-06 15:36:19,511 INFO  [tc.tes.11.0] (main) Creating container for image: testcontainers/ryuk:0.11.0
2025-08-06 15:36:19,603 INFO  [tc.tes.11.0] (main) Container testcontainers/ryuk:0.11.0 is starting: ee51d48e3ce3bc77b7579746655a822faee4268a458198e69af5e749347ea813
2025-08-06 15:36:20,002 INFO  [tc.tes.11.0] (main) Container testcontainers/ryuk:0.11.0 started in PT0.4914797S
2025-08-06 15:36:20,008 INFO  [org.tes.uti.RyukResourceReaper] (main) Ryuk started - will monitor and terminate Testcontainers containers on JVM exit
2025-08-06 15:36:20,008 INFO  [org.tes.DockerClientFactory] (main) Checking the system...
2025-08-06 15:36:20,008 INFO  [org.tes.DockerClientFactory] (main) ✔︎ Docker server version should be at least 1.6.0
2025-08-06 15:36:20,014 INFO  [io.str.tes.con.KafkaVersionService] (main) Latest release of Kafka is:LogicalKafkaVersionEntity{version='4.0.0', image='quay.io/strimzi-test-container/test-container:0.111.0-kafka-4.0.0'}
2025-08-06 15:36:20,015 INFO  [io.str.tes.con.KafkaVersionService] (main) Latest release of Kafka is:LogicalKafkaVersionEntity{version='4.0.0', image='quay.io/strimzi-test-container/test-container:0.111.0-kafka-4.0.0'}
2025-08-06 15:36:20,015 INFO  [io.str.tes.con.KafkaVersionService] (main) No Kafka version specified. Using latest release: 4.0.0
2025-08-06 15:36:20,020 INFO  [tc.qua.io/.111.0-k.0.0] (main) Pulling docker image: quay.io/strimzi-test-container/test-container:0.111.0-kafka-4.0.0. Please be patient; this may take some time but only needs to be done once.
2025-08-06 15:36:21,142 INFO  [tc.qua.io/.111.0-k.0.0] (docker-java-stream--29267298) Starting to pull image
2025-08-06 15:36:21,143 INFO  [tc.qua.io/.111.0-k.0.0] (docker-java-stream--29267298) Pulling image layers:  0 pending,  0 downloaded,  0 extracted, (0 bytes/0 bytes)
2025-08-06 15:36:21,989 INFO  [tc.qua.io/.111.0-k.0.0] (docker-java-stream--29267298) Pulling image layers:  6 pending,  1 downloaded,  0 extracted, (6 MB/? MB)
2025-08-06 15:36:22,244 INFO  [tc.qua.io/.111.0-k.0.0] (docker-java-stream--29267298) Pulling image layers:  5 pending,  2 downloaded,  0 extracted, (36 MB/? MB)
2025-08-06 15:36:22,660 INFO  [tc.qua.io/.111.0-k.0.0] (docker-java-stream--29267298) Pulling image layers:  4 pending,  3 downloaded,  0 extracted, (70 MB/? MB)
2025-08-06 15:36:23,201 INFO  [tc.qua.io/.111.0-k.0.0] (docker-java-stream--29267298) Pulling image layers:  3 pending,  4 downloaded,  0 extracted, (108 MB/? MB)
2025-08-06 15:36:23,448 INFO  [tc.qua.io/.111.0-k.0.0] (docker-java-stream--29267298) Pulling image layers:  2 pending,  5 downloaded,  0 extracted, (132 MB/? MB)
2025-08-06 15:36:23,770 INFO  [tc.qua.io/.111.0-k.0.0] (docker-java-stream--29267298) Pulling image layers:  1 pending,  6 downloaded,  0 extracted, (171 MB/? MB)
2025-08-06 15:36:23,854 INFO  [tc.qua.io/.111.0-k.0.0] (docker-java-stream--29267298) Pulling image layers:  1 pending,  6 downloaded,  1 extracted, (172 MB/? MB)
2025-08-06 15:36:24,906 INFO  [tc.qua.io/.111.0-k.0.0] (docker-java-stream--29267298) Pulling image layers:  0 pending,  7 downloaded,  1 extracted, (240 MB/249 MB)
2025-08-06 15:36:26,265 INFO  [tc.qua.io/.111.0-k.0.0] (docker-java-stream--29267298) Pulling image layers:  0 pending,  7 downloaded,  2 extracted, (241 MB/249 MB)
2025-08-06 15:36:27,995 INFO  [tc.qua.io/.111.0-k.0.0] (docker-java-stream--29267298) Pulling image layers:  0 pending,  7 downloaded,  3 extracted, (244 MB/249 MB)
2025-08-06 15:36:28,011 INFO  [tc.qua.io/.111.0-k.0.0] (docker-java-stream--29267298) Pulling image layers:  0 pending,  7 downloaded,  4 extracted, (244 MB/249 MB)
2025-08-06 15:36:29,194 INFO  [tc.qua.io/.111.0-k.0.0] (docker-java-stream--29267298) Pulling image layers:  0 pending,  7 downloaded,  5 extracted, (249 MB/249 MB)
2025-08-06 15:36:29,239 INFO  [tc.qua.io/.111.0-k.0.0] (docker-java-stream--29267298) Pulling image layers:  0 pending,  7 downloaded,  6 extracted, (249 MB/249 MB)
2025-08-06 15:36:29,256 INFO  [tc.qua.io/.111.0-k.0.0] (docker-java-stream--29267298) Pulling image layers:  0 pending,  7 downloaded,  7 extracted, (249 MB/249 MB)
2025-08-06 15:36:29,265 INFO  [tc.qua.io/.111.0-k.0.0] (docker-java-stream--29267298) Pull complete. 7 layers, pulled in 8s (downloaded 249 MB at 31 MB/s)
2025-08-06 15:36:29,265 INFO  [tc.qua.io/.111.0-k.0.0] (main) Image quay.io/strimzi-test-container/test-container:0.111.0-kafka-4.0.0 pull took PT9.244742243S
2025-08-06 15:36:29,270 INFO  [tc.qua.io/.111.0-k.0.0] (main) Creating container for image: quay.io/strimzi-test-container/test-container:0.111.0-kafka-4.0.0
2025-08-06 15:36:29,362 INFO  [tc.qua.io/.111.0-k.0.0] (main) Container quay.io/strimzi-test-container/test-container:0.111.0-kafka-4.0.0 is starting: b39c44b925b2156e52dfe87657aa2043b1cea8b0307a8c9608b8cc417282a647
2025-08-06 15:36:29,566 INFO  [io.str.tes.con.StrimziKafkaContainer] (main) Mapped port: 32769
2025-08-06 15:36:29,567 WARN  [io.str.tes.con.StrimziKafkaContainer] (main) Node ID is not set. Using broker ID 0 as the default node ID.
2025-08-06 15:36:29,567 INFO  [io.str.tes.con.StrimziKafkaContainer] (main) This is all advertised listeners for Kafka PLAINTEXT://localhost:32769,BROKER1://172.18.0.2:9091,CONTROLLER://broker-0:9094
2025-08-06 15:36:29,603 INFO  [io.str.tes.con.StrimziKafkaContainer] (main) New `cluster.id` has been generated: xNUQX5UBRx2CPqcHCglV-w
2025-08-06 15:36:29,606 INFO  [io.str.tes.con.StrimziKafkaContainer] (main) Copying command to 'STARTER_SCRIPT' script.
2025-08-06 15:36:35,651 INFO  [tc.qua.io/.111.0-k.0.0] (main) Container quay.io/strimzi-test-container/test-container:0.111.0-kafka-4.0.0 started in PT6.380791576S
2025-08-06 15:36:35,653 INFO  [io.api.tes.uti.TestSeparator] (main) ############################################################################
2025-08-06 15:36:35,657 INFO  [io.api.tes.uti.TestSeparator] (main) io.apicurio.tests.serdes.apicurio.AvroSerdeIT.testGlobalIdInHeaders-STARTED
2025-08-06 15:36:35,668 INFO  [org.apa.kaf.cli.adm.AdminClientConfig] (main) AdminClientConfig values: 
	auto.include.jmx.reporter = true
	bootstrap.controllers = []
	bootstrap.servers = [PLAINTEXT://localhost:32769]
	client.dns.lookup = use_all_dns_ips
	client.id = 
	connections.max.idle.ms = 10000
	default.api.timeout.ms = 60000
	enable.metrics.push = true
	metadata.max.age.ms = 300000
	metadata.recovery.strategy = none
	metric.reporters = []
	metrics.num.samples = 2
	metrics.recording.level = INFO
	metrics.sample.window.ms = 30000
	receive.buffer.bytes = 65536
	reconnect.backoff.max.ms = 1000
	reconnect.backoff.ms = 50
	request.timeout.ms = 5000
	retries = 2147483647
	retry.backoff.max.ms = 1000
	retry.backoff.ms = 100
	sasl.client.callback.handler.class = null
	sasl.jaas.config = null
	sasl.kerberos.kinit.cmd = /usr/bin/kinit
	sasl.kerberos.min.time.before.relogin = 60000
	sasl.kerberos.service.name = null
	sasl.kerberos.ticket.renew.jitter = 0.05
	sasl.kerberos.ticket.renew.window.factor = 0.8
	sasl.login.callback.handler.class = null
	sasl.login.class = null
	sasl.login.connect.timeout.ms = null
	sasl.login.read.timeout.ms = null
	sasl.login.refresh.buffer.seconds = 300
	sasl.login.refresh.min.period.seconds = 60
	sasl.login.refresh.window.factor = 0.8
	sasl.login.refresh.window.jitter = 0.05
	sasl.login.retry.backoff.max.ms = 10000
	sasl.login.retry.backoff.ms = 100
	sasl.mechanism = GSSAPI
	sasl.oauthbearer.clock.skew.seconds = 30
	sasl.oauthbearer.expected.audience = null
	sasl.oauthbearer.expected.issuer = null
	sasl.oauthbearer.header.urlencode = false
	sasl.oauthbearer.jwks.endpoint.refresh.ms = 3600000
	sasl.oauthbearer.jwks.endpoint.retry.backoff.max.ms = 10000
	sasl.oauthbearer.jwks.endpoint.retry.backoff.ms = 100
	sasl.oauthbearer.jwks.endpoint.url = null
	sasl.oauthbearer.scope.claim.name = scope
	sasl.oauthbearer.sub.claim.name = sub
	sasl.oauthbearer.token.endpoint.url = null
	security.protocol = PLAINTEXT
	security.providers = null
	send.buffer.bytes = 131072
	socket.connection.setup.timeout.max.ms = 30000
	socket.connection.setup.timeout.ms = 10000
	ssl.cipher.suites = null
	ssl.enabled.protocols = [TLSv1.2, TLSv1.3]
	ssl.endpoint.identification.algorithm = https
	ssl.engine.factory.class = null
	ssl.key.password = null
	ssl.keymanager.algorithm = SunX509
	ssl.keystore.certificate.chain = null
	ssl.keystore.key = null
	ssl.keystore.location = null
	ssl.keystore.password = null
	ssl.keystore.type = JKS
	ssl.protocol = TLSv1.3
	ssl.provider = null
	ssl.secure.random.implementation = null
	ssl.trustmanager.algorithm = PKIX
	ssl.truststore.certificates = null
	ssl.truststore.location = null
	ssl.truststore.password = null
	ssl.truststore.type = JKS

2025-08-06 15:36:35,920 INFO  [org.apa.kaf.com.uti.AppInfoParser] (main) Kafka version: 3.9.1
2025-08-06 15:36:35,920 INFO  [org.apa.kaf.com.uti.AppInfoParser] (main) Kafka commitId: f745dfdcee2b9851
2025-08-06 15:36:35,921 INFO  [org.apa.kaf.com.uti.AppInfoParser] (main) Kafka startTimeMs: 1754494595919
**** Registry Base URL: http://registry-app-pg17.apps.ci419.apicurio-testing.org:80
2025-08-06 15:36:35,978 INFO  [org.apa.kaf.cli.pro.ProducerConfig] (main) ProducerConfig values: 
	acks = -1
	auto.include.jmx.reporter = true
	batch.size = 16384
	bootstrap.servers = [PLAINTEXT://localhost:32769]
	buffer.memory = 33554432
	client.dns.lookup = use_all_dns_ips
	client.id = Producer-topic-2e796595_353d_4513_bab0_51efaadc5c73
	compression.gzip.level = -1
	compression.lz4.level = 9
	compression.type = none
	compression.zstd.level = 3
	connections.max.idle.ms = 10000
	delivery.timeout.ms = 120000
	enable.idempotence = true
	enable.metrics.push = true
	interceptor.classes = []
	key.serializer = class org.apache.kafka.common.serialization.StringSerializer
	linger.ms = 0
	max.block.ms = 60000
	max.in.flight.requests.per.connection = 5
	max.request.size = 1048576
	metadata.max.age.ms = 300000
	metadata.max.idle.ms = 300000
	metadata.recovery.strategy = none
	metric.reporters = []
	metrics.num.samples = 2
	metrics.recording.level = INFO
	metrics.sample.window.ms = 30000
	partitioner.adaptive.partitioning.enable = true
	partitioner.availability.timeout.ms = 0
	partitioner.class = null
	partitioner.ignore.keys = false
	receive.buffer.bytes = 32768
	reconnect.backoff.max.ms = 1000
	reconnect.backoff.ms = 50
	request.timeout.ms = 5000
	retries = 2147483647
	retry.backoff.max.ms = 1000
	retry.backoff.ms = 100
	sasl.client.callback.handler.class = null
	sasl.jaas.config = null
	sasl.kerberos.kinit.cmd = /usr/bin/kinit
	sasl.kerberos.min.time.before.relogin = 60000
	sasl.kerberos.service.name = null
	sasl.kerberos.ticket.renew.jitter = 0.05
	sasl.kerberos.ticket.renew.window.factor = 0.8
	sasl.login.callback.handler.class = null
	sasl.login.class = null
	sasl.login.connect.timeout.ms = null
	sasl.login.read.timeout.ms = null
	sasl.login.refresh.buffer.seconds = 300
	sasl.login.refresh.min.period.seconds = 60
	sasl.login.refresh.window.factor = 0.8
	sasl.login.refresh.window.jitter = 0.05
	sasl.login.retry.backoff.max.ms = 10000
	sasl.login.retry.backoff.ms = 100
	sasl.mechanism = GSSAPI
	sasl.oauthbearer.clock.skew.seconds = 30
	sasl.oauthbearer.expected.audience = null
	sasl.oauthbearer.expected.issuer = null
	sasl.oauthbearer.header.urlencode = false
	sasl.oauthbearer.jwks.endpoint.refresh.ms = 3600000
	sasl.oauthbearer.jwks.endpoint.retry.backoff.max.ms = 10000
	sasl.oauthbearer.jwks.endpoint.retry.backoff.ms = 100
	sasl.oauthbearer.jwks.endpoint.url = null
	sasl.oauthbearer.scope.claim.name = scope
	sasl.oauthbearer.sub.claim.name = sub
	sasl.oauthbearer.token.endpoint.url = null
	security.protocol = PLAINTEXT
	security.providers = null
	send.buffer.bytes = 131072
	socket.connection.setup.timeout.max.ms = 30000
	socket.connection.setup.timeout.ms = 10000
	ssl.cipher.suites = null
	ssl.enabled.protocols = [TLSv1.2, TLSv1.3]
	ssl.endpoint.identification.algorithm = https
	ssl.engine.factory.class = null
	ssl.key.password = null
	ssl.keymanager.algorithm = SunX509
	ssl.keystore.certificate.chain = null
	ssl.keystore.key = null
	ssl.keystore.location = null
	ssl.keystore.password = null
	ssl.keystore.type = JKS
	ssl.protocol = TLSv1.3
	ssl.provider = null
	ssl.secure.random.implementation = null
	ssl.trustmanager.algorithm = PKIX
	ssl.truststore.certificates = null
	ssl.truststore.location = null
	ssl.truststore.password = null
	ssl.truststore.type = JKS
	transaction.timeout.ms = 60000
	transactional.id = null
	value.serializer = class io.apicurio.registry.serde.avro.AvroKafkaSerializer

2025-08-06 15:36:36,027 INFO  [org.apa.kaf.com.tel.int.KafkaMetricsCollector] (main) initializing Kafka metrics collector
2025-08-06 15:36:36,054 INFO  [org.apa.kaf.cli.pro.KafkaProducer] (main) [Producer clientId=Producer-topic-2e796595_353d_4513_bab0_51efaadc5c73] Instantiated an idempotent producer.
2025-08-06 15:36:36,089 INFO  [org.apa.kaf.cli.pro.ProducerConfig] (main) These configurations '[apicurio.registry.url, apicurio.registry.auto-register, apicurio.registry.use-id, apicurio.registry.artifact-resolver-strategy]' were supplied but are not used yet.
2025-08-06 15:36:36,090 INFO  [org.apa.kaf.com.uti.AppInfoParser] (main) Kafka version: 3.9.1
2025-08-06 15:36:36,090 INFO  [org.apa.kaf.com.uti.AppInfoParser] (main) Kafka commitId: f745dfdcee2b9851
2025-08-06 15:36:36,090 INFO  [org.apa.kaf.com.uti.AppInfoParser] (main) Kafka startTimeMs: 1754494596090
2025-08-06 15:36:36,091 INFO  [io.api.tes.ser.api.SimpleSerdesTesterBuilder$SimpleSerdesTester] (main) Using producer configuration: {apicurio.registry.url=http://registry-app-pg17.apps.ci419.apicurio-testing.org:80/apis/registry/v3, apicurio.registry.auto-register=true, apicurio.registry.use-id=globalId, apicurio.registry.artifact-resolver-strategy=io.apicurio.registry.serde.strategy.TopicIdStrategy, value.serializer=io.apicurio.registry.serde.avro.AvroKafkaSerializer, request.timeout.ms=5000, acks=all, bootstrap.servers=PLAINTEXT://localhost:32769, connections.max.idle.ms=10000, key.serializer=org.apache.kafka.common.serialization.StringSerializer, client.id=Producer-topic-2e796595_353d_4513_bab0_51efaadc5c73}
2025-08-06 15:36:36,091 INFO  [io.api.tes.ser.api.SimpleSerdesTesterBuilder$SimpleSerdesTester] (main) Using consumer configuration: {apicurio.registry.use-id=globalId}
2025-08-06 15:36:36,095 INFO  [io.api.tes.ser.api.KafkaSerdesTester] (Thread-600) Sending message {"key11754494595952": "value-0"} to topic topic-2e796595_353d_4513_bab0_51efaadc5c73
2025-08-06 15:36:36,450 WARN  [org.apa.kaf.cli.NetworkClient] (kafka-producer-network-thread | Producer-topic-2e796595_353d_4513_bab0_51efaadc5c73) [Producer clientId=Producer-topic-2e796595_353d_4513_bab0_51efaadc5c73] The metadata response from the cluster reported a recoverable issue with correlation id 1 : {topic-2e796595_353d_4513_bab0_51efaadc5c73=UNKNOWN_TOPIC_OR_PARTITION}
2025-08-06 15:36:36,458 INFO  [org.apa.kaf.cli.Metadata] (kafka-producer-network-thread | Producer-topic-2e796595_353d_4513_bab0_51efaadc5c73) [Producer clientId=Producer-topic-2e796595_353d_4513_bab0_51efaadc5c73] Cluster ID: xNUQX5UBRx2CPqcHCglV-w
2025-08-06 15:36:36,579 INFO  [org.apa.kaf.cli.pro.int.TransactionManager] (kafka-producer-network-thread | Producer-topic-2e796595_353d_4513_bab0_51efaadc5c73) [Producer clientId=Producer-topic-2e796595_353d_4513_bab0_51efaadc5c73] ProducerId set to 0 with epoch 0
2025-08-06 15:36:36,852 INFO  [io.api.tes.ser.api.KafkaSerdesTester] (Thread-600) Sending message {"key11754494595952": "value-1"} to topic topic-2e796595_353d_4513_bab0_51efaadc5c73
2025-08-06 15:36:36,861 INFO  [io.api.tes.ser.api.KafkaSerdesTester] (Thread-600) Sending message {"key11754494595952": "value-2"} to topic topic-2e796595_353d_4513_bab0_51efaadc5c73
2025-08-06 15:36:36,866 INFO  [io.api.tes.ser.api.KafkaSerdesTester] (Thread-600) Sending message {"key11754494595952": "value-3"} to topic topic-2e796595_353d_4513_bab0_51efaadc5c73
2025-08-06 15:36:36,872 INFO  [io.api.tes.ser.api.KafkaSerdesTester] (Thread-600) Sending message {"key11754494595952": "value-4"} to topic topic-2e796595_353d_4513_bab0_51efaadc5c73
2025-08-06 15:36:36,878 INFO  [io.api.tes.ser.api.KafkaSerdesTester] (Thread-600) Sending message {"key11754494595952": "value-5"} to topic topic-2e796595_353d_4513_bab0_51efaadc5c73
2025-08-06 15:36:36,881 INFO  [io.api.tes.ser.api.KafkaSerdesTester] (Thread-600) Sending message {"key11754494595952": "value-6"} to topic topic-2e796595_353d_4513_bab0_51efaadc5c73
2025-08-06 15:36:36,885 INFO  [io.api.tes.ser.api.KafkaSerdesTester] (Thread-600) Sending message {"key11754494595952": "value-7"} to topic topic-2e796595_353d_4513_bab0_51efaadc5c73
2025-08-06 15:36:36,888 INFO  [io.api.tes.ser.api.KafkaSerdesTester] (Thread-600) Sending message {"key11754494595952": "value-8"} to topic topic-2e796595_353d_4513_bab0_51efaadc5c73
2025-08-06 15:36:36,892 INFO  [io.api.tes.ser.api.KafkaSerdesTester] (Thread-600) Sending message {"key11754494595952": "value-9"} to topic topic-2e796595_353d_4513_bab0_51efaadc5c73
2025-08-06 15:36:36,895 INFO  [io.api.tes.ser.api.KafkaSerdesTester] (Thread-600) Produced 10 messages
2025-08-06 15:36:36,896 INFO  [org.apa.kaf.cli.pro.KafkaProducer] (Thread-600) [Producer clientId=Producer-topic-2e796595_353d_4513_bab0_51efaadc5c73] Closing the Kafka producer with timeoutMillis = 9223372036854775807 ms.
2025-08-06 15:36:36,911 INFO  [org.apa.kaf.com.met.Metrics] (Thread-600) Metrics scheduler closed
2025-08-06 15:36:36,911 INFO  [org.apa.kaf.com.met.Metrics] (Thread-600) Closing reporter org.apache.kafka.common.metrics.JmxReporter
2025-08-06 15:36:36,911 INFO  [org.apa.kaf.com.met.Metrics] (Thread-600) Closing reporter org.apache.kafka.common.telemetry.internals.ClientTelemetryReporter
2025-08-06 15:36:36,911 INFO  [org.apa.kaf.com.met.Metrics] (Thread-600) Metrics reporters closed
2025-08-06 15:36:36,912 INFO  [org.apa.kaf.com.uti.AppInfoParser] (Thread-600) App info kafka.producer for Producer-topic-2e796595_353d_4513_bab0_51efaadc5c73 unregistered
**** Registry Base URL: http://registry-app-pg17.apps.ci419.apicurio-testing.org:80
2025-08-06 15:36:37,144 INFO  [org.apa.kaf.cli.con.ConsumerConfig] (main) ConsumerConfig values: 
	allow.auto.create.topics = true
	auto.commit.interval.ms = 500
	auto.include.jmx.reporter = true
	auto.offset.reset = earliest
	bootstrap.servers = [PLAINTEXT://localhost:32769]
	check.crcs = true
	client.dns.lookup = use_all_dns_ips
	client.id = consumer-Consumer-topic-2e796595_353d_4513_bab0_51efaadc5c73-1
	client.rack = 
	connections.max.idle.ms = 10000
	default.api.timeout.ms = 60000
	enable.auto.commit = true
	enable.metrics.push = true
	exclude.internal.topics = true
	fetch.max.bytes = 52428800
	fetch.max.wait.ms = 500
	fetch.min.bytes = 1
	group.id = Consumer-topic-2e796595_353d_4513_bab0_51efaadc5c73
	group.instance.id = null
	group.protocol = classic
	group.remote.assignor = null
	heartbeat.interval.ms = 3000
	interceptor.classes = []
	internal.leave.group.on.close = true
	internal.throw.on.fetch.stable.offset.unsupported = false
	isolation.level = read_uncommitted
	key.deserializer = class org.apache.kafka.common.serialization.StringDeserializer
	max.partition.fetch.bytes = 1048576
	max.poll.interval.ms = 300000
	max.poll.records = 500
	metadata.max.age.ms = 300000
	metadata.recovery.strategy = none
	metric.reporters = []
	metrics.num.samples = 2
	metrics.recording.level = INFO
	metrics.sample.window.ms = 30000
	partition.assignment.strategy = [class org.apache.kafka.clients.consumer.RangeAssignor, class org.apache.kafka.clients.consumer.CooperativeStickyAssignor]
	receive.buffer.bytes = 65536
	reconnect.backoff.max.ms = 1000
	reconnect.backoff.ms = 50
	request.timeout.ms = 5000
	retry.backoff.max.ms = 1000
	retry.backoff.ms = 100
	sasl.client.callback.handler.class = null
	sasl.jaas.config = null
	sasl.kerberos.kinit.cmd = /usr/bin/kinit
	sasl.kerberos.min.time.before.relogin = 60000
	sasl.kerberos.service.name = null
	sasl.kerberos.ticket.renew.jitter = 0.05
	sasl.kerberos.ticket.renew.window.factor = 0.8
	sasl.login.callback.handler.class = null
	sasl.login.class = null
	sasl.login.connect.timeout.ms = null
	sasl.login.read.timeout.ms = null
	sasl.login.refresh.buffer.seconds = 300
	sasl.login.refresh.min.period.seconds = 60
	sasl.login.refresh.window.factor = 0.8
	sasl.login.refresh.window.jitter = 0.05
	sasl.login.retry.backoff.max.ms = 10000
	sasl.login.retry.backoff.ms = 100
	sasl.mechanism = GSSAPI
	sasl.oauthbearer.clock.skew.seconds = 30
	sasl.oauthbearer.expected.audience = null
	sasl.oauthbearer.expected.issuer = null
	sasl.oauthbearer.header.urlencode = false
	sasl.oauthbearer.jwks.endpoint.refresh.ms = 3600000
	sasl.oauthbearer.jwks.endpoint.retry.backoff.max.ms = 10000
	sasl.oauthbearer.jwks.endpoint.retry.backoff.ms = 100
	sasl.oauthbearer.jwks.endpoint.url = null
	sasl.oauthbearer.scope.claim.name = scope
	sasl.oauthbearer.sub.claim.name = sub
	sasl.oauthbearer.token.endpoint.url = null
	security.protocol = PLAINTEXT
	security.providers = null
	send.buffer.bytes = 131072
	session.timeout.ms = 45000
	socket.connection.setup.timeout.max.ms = 30000
	socket.connection.setup.timeout.ms = 10000
	ssl.cipher.suites = null
	ssl.enabled.protocols = [TLSv1.2, TLSv1.3]
	ssl.endpoint.identification.algorithm = https
	ssl.engine.factory.class = null
	ssl.key.password = null
	ssl.keymanager.algorithm = SunX509
	ssl.keystore.certificate.chain = null
	ssl.keystore.key = null
	ssl.keystore.location = null
	ssl.keystore.password = null
	ssl.keystore.type = JKS
	ssl.protocol = TLSv1.3
	ssl.provider = null
	ssl.secure.random.implementation = null
	ssl.trustmanager.algorithm = PKIX
	ssl.truststore.certificates = null
	ssl.truststore.location = null
	ssl.truststore.password = null
	ssl.truststore.type = JKS
	value.deserializer = class io.apicurio.registry.serde.avro.AvroKafkaDeserializer

2025-08-06 15:36:37,153 INFO  [org.apa.kaf.com.tel.int.KafkaMetricsCollector] (main) initializing Kafka metrics collector
2025-08-06 15:36:37,203 INFO  [org.apa.kaf.cli.con.ConsumerConfig] (main) These configurations '[apicurio.registry.url, apicurio.registry.use-id]' were supplied but are not used yet.
2025-08-06 15:36:37,204 INFO  [org.apa.kaf.com.uti.AppInfoParser] (main) Kafka version: 3.9.1
2025-08-06 15:36:37,204 INFO  [org.apa.kaf.com.uti.AppInfoParser] (main) Kafka commitId: f745dfdcee2b9851
2025-08-06 15:36:37,205 INFO  [org.apa.kaf.com.uti.AppInfoParser] (main) Kafka startTimeMs: 1754494597204
2025-08-06 15:36:37,208 INFO  [org.apa.kaf.cli.con.int.ClassicKafkaConsumer] (Thread-603) [Consumer clientId=consumer-Consumer-topic-2e796595_353d_4513_bab0_51efaadc5c73-1, groupId=Consumer-topic-2e796595_353d_4513_bab0_51efaadc5c73] Subscribed to topic(s): topic-2e796595_353d_4513_bab0_51efaadc5c73
2025-08-06 15:36:37,223 INFO  [org.apa.kaf.cli.Metadata] (Thread-603) [Consumer clientId=consumer-Consumer-topic-2e796595_353d_4513_bab0_51efaadc5c73-1, groupId=Consumer-topic-2e796595_353d_4513_bab0_51efaadc5c73] Cluster ID: xNUQX5UBRx2CPqcHCglV-w
2025-08-06 15:36:37,373 INFO  [org.apa.kaf.cli.con.int.ConsumerCoordinator] (Thread-603) [Consumer clientId=consumer-Consumer-topic-2e796595_353d_4513_bab0_51efaadc5c73-1, groupId=Consumer-topic-2e796595_353d_4513_bab0_51efaadc5c73] Discovered group coordinator localhost:32769 (id: 2147483647 rack: null)
2025-08-06 15:36:37,386 INFO  [org.apa.kaf.cli.con.int.ConsumerCoordinator] (Thread-603) [Consumer clientId=consumer-Consumer-topic-2e796595_353d_4513_bab0_51efaadc5c73-1, groupId=Consumer-topic-2e796595_353d_4513_bab0_51efaadc5c73] (Re-)joining group
2025-08-06 15:36:37,416 INFO  [org.apa.kaf.cli.con.int.ConsumerCoordinator] (Thread-603) [Consumer clientId=consumer-Consumer-topic-2e796595_353d_4513_bab0_51efaadc5c73-1, groupId=Consumer-topic-2e796595_353d_4513_bab0_51efaadc5c73] Group coordinator localhost:32769 (id: 2147483647 rack: null) is unavailable or invalid due to cause: error response NOT_COORDINATOR. isDisconnected: false. Rediscovery will be attempted.
2025-08-06 15:36:37,417 INFO  [org.apa.kaf.cli.con.int.ConsumerCoordinator] (Thread-603) [Consumer clientId=consumer-Consumer-topic-2e796595_353d_4513_bab0_51efaadc5c73-1, groupId=Consumer-topic-2e796595_353d_4513_bab0_51efaadc5c73] Requesting disconnect from last known coordinator localhost:32769 (id: 2147483647 rack: null)
2025-08-06 15:36:37,417 INFO  [org.apa.kaf.cli.con.int.ConsumerCoordinator] (Thread-603) [Consumer clientId=consumer-Consumer-topic-2e796595_353d_4513_bab0_51efaadc5c73-1, groupId=Consumer-topic-2e796595_353d_4513_bab0_51efaadc5c73] JoinGroup failed: This is not the correct coordinator. Marking coordinator unknown. Sent generation was Generation{generationId=-1, memberId='', protocol='null'}
2025-08-06 15:36:37,417 INFO  [org.apa.kaf.cli.NetworkClient] (Thread-603) [Consumer clientId=consumer-Consumer-topic-2e796595_353d_4513_bab0_51efaadc5c73-1, groupId=Consumer-topic-2e796595_353d_4513_bab0_51efaadc5c73] Client requested disconnect from node 2147483647
2025-08-06 15:36:37,426 INFO  [org.apa.kaf.cli.con.int.ConsumerCoordinator] (Thread-603) [Consumer clientId=consumer-Consumer-topic-2e796595_353d_4513_bab0_51efaadc5c73-1, groupId=Consumer-topic-2e796595_353d_4513_bab0_51efaadc5c73] Discovered group coordinator localhost:32769 (id: 2147483647 rack: null)
2025-08-06 15:36:37,426 INFO  [org.apa.kaf.cli.con.int.ConsumerCoordinator] (Thread-603) [Consumer clientId=consumer-Consumer-topic-2e796595_353d_4513_bab0_51efaadc5c73-1, groupId=Consumer-topic-2e796595_353d_4513_bab0_51efaadc5c73] Group coordinator localhost:32769 (id: 2147483647 rack: null) is unavailable or invalid due to cause: coordinator unavailable. isDisconnected: false. Rediscovery will be attempted.
2025-08-06 15:36:37,426 INFO  [org.apa.kaf.cli.con.int.ConsumerCoordinator] (Thread-603) [Consumer clientId=consumer-Consumer-topic-2e796595_353d_4513_bab0_51efaadc5c73-1, groupId=Consumer-topic-2e796595_353d_4513_bab0_51efaadc5c73] Requesting disconnect from last known coordinator localhost:32769 (id: 2147483647 rack: null)
2025-08-06 15:36:37,547 INFO  [org.apa.kaf.cli.con.int.ConsumerCoordinator] (Thread-603) [Consumer clientId=consumer-Consumer-topic-2e796595_353d_4513_bab0_51efaadc5c73-1, groupId=Consumer-topic-2e796595_353d_4513_bab0_51efaadc5c73] Discovered group coordinator localhost:32769 (id: 2147483647 rack: null)
2025-08-06 15:36:37,550 INFO  [org.apa.kaf.cli.con.int.ConsumerCoordinator] (Thread-603) [Consumer clientId=consumer-Consumer-topic-2e796595_353d_4513_bab0_51efaadc5c73-1, groupId=Consumer-topic-2e796595_353d_4513_bab0_51efaadc5c73] Request joining group due to: rebalance failed due to 'This is not the correct coordinator.' (NotCoordinatorException)
2025-08-06 15:36:37,552 INFO  [org.apa.kaf.cli.con.int.ConsumerCoordinator] (Thread-603) [Consumer clientId=consumer-Consumer-topic-2e796595_353d_4513_bab0_51efaadc5c73-1, groupId=Consumer-topic-2e796595_353d_4513_bab0_51efaadc5c73] (Re-)joining group
2025-08-06 15:36:37,557 INFO  [org.apa.kaf.cli.con.int.ConsumerCoordinator] (Thread-603) [Consumer clientId=consumer-Consumer-topic-2e796595_353d_4513_bab0_51efaadc5c73-1, groupId=Consumer-topic-2e796595_353d_4513_bab0_51efaadc5c73] Group coordinator localhost:32769 (id: 2147483647 rack: null) is unavailable or invalid due to cause: error response NOT_COORDINATOR. isDisconnected: false. Rediscovery will be attempted.
2025-08-06 15:36:37,557 INFO  [org.apa.kaf.cli.con.int.ConsumerCoordinator] (Thread-603) [Consumer clientId=consumer-Consumer-topic-2e796595_353d_4513_bab0_51efaadc5c73-1, groupId=Consumer-topic-2e796595_353d_4513_bab0_51efaadc5c73] Requesting disconnect from last known coordinator localhost:32769 (id: 2147483647 rack: null)
2025-08-06 15:36:37,557 INFO  [org.apa.kaf.cli.con.int.ConsumerCoordinator] (Thread-603) [Consumer clientId=consumer-Consumer-topic-2e796595_353d_4513_bab0_51efaadc5c73-1, groupId=Consumer-topic-2e796595_353d_4513_bab0_51efaadc5c73] JoinGroup failed: This is not the correct coordinator. Marking coordinator unknown. Sent generation was Generation{generationId=-1, memberId='', protocol='null'}
2025-08-06 15:36:37,557 INFO  [org.apa.kaf.cli.NetworkClient] (Thread-603) [Consumer clientId=consumer-Consumer-topic-2e796595_353d_4513_bab0_51efaadc5c73-1, groupId=Consumer-topic-2e796595_353d_4513_bab0_51efaadc5c73] Client requested disconnect from node 2147483647
2025-08-06 15:36:37,563 INFO  [org.apa.kaf.cli.con.int.ConsumerCoordinator] (Thread-603) [Consumer clientId=consumer-Consumer-topic-2e796595_353d_4513_bab0_51efaadc5c73-1, groupId=Consumer-topic-2e796595_353d_4513_bab0_51efaadc5c73] Discovered group coordinator localhost:32769 (id: 2147483647 rack: null)
2025-08-06 15:36:37,563 INFO  [org.apa.kaf.cli.con.int.ConsumerCoordinator] (Thread-603) [Consumer clientId=consumer-Consumer-topic-2e796595_353d_4513_bab0_51efaadc5c73-1, groupId=Consumer-topic-2e796595_353d_4513_bab0_51efaadc5c73] Group coordinator localhost:32769 (id: 2147483647 rack: null) is unavailable or invalid due to cause: coordinator unavailable. isDisconnected: false. Rediscovery will be attempted.
2025-08-06 15:36:37,563 INFO  [org.apa.kaf.cli.con.int.ConsumerCoordinator] (Thread-603) [Consumer clientId=consumer-Consumer-topic-2e796595_353d_4513_bab0_51efaadc5c73-1, groupId=Consumer-topic-2e796595_353d_4513_bab0_51efaadc5c73] Requesting disconnect from last known coordinator localhost:32769 (id: 2147483647 rack: null)
2025-08-06 15:36:37,662 INFO  [org.apa.kaf.cli.con.int.ConsumerCoordinator] (Thread-603) [Consumer clientId=consumer-Consumer-topic-2e796595_353d_4513_bab0_51efaadc5c73-1, groupId=Consumer-topic-2e796595_353d_4513_bab0_51efaadc5c73] Discovered group coordinator localhost:32769 (id: 2147483647 rack: null)
2025-08-06 15:36:37,664 INFO  [org.apa.kaf.cli.con.int.ConsumerCoordinator] (Thread-603) [Consumer clientId=consumer-Consumer-topic-2e796595_353d_4513_bab0_51efaadc5c73-1, groupId=Consumer-topic-2e796595_353d_4513_bab0_51efaadc5c73] Request joining group due to: rebalance failed due to 'This is not the correct coordinator.' (NotCoordinatorException)
2025-08-06 15:36:37,666 INFO  [org.apa.kaf.cli.con.int.ConsumerCoordinator] (Thread-603) [Consumer clientId=consumer-Consumer-topic-2e796595_353d_4513_bab0_51efaadc5c73-1, groupId=Consumer-topic-2e796595_353d_4513_bab0_51efaadc5c73] (Re-)joining group
2025-08-06 15:36:37,674 INFO  [org.apa.kaf.cli.con.int.ConsumerCoordinator] (Thread-603) [Consumer clientId=consumer-Consumer-topic-2e796595_353d_4513_bab0_51efaadc5c73-1, groupId=Consumer-topic-2e796595_353d_4513_bab0_51efaadc5c73] Group coordinator localhost:32769 (id: 2147483647 rack: null) is unavailable or invalid due to cause: error response NOT_COORDINATOR. isDisconnected: false. Rediscovery will be attempted.
2025-08-06 15:36:37,674 INFO  [org.apa.kaf.cli.con.int.ConsumerCoordinator] (Thread-603) [Consumer clientId=consumer-Consumer-topic-2e796595_353d_4513_bab0_51efaadc5c73-1, groupId=Consumer-topic-2e796595_353d_4513_bab0_51efaadc5c73] Requesting disconnect from last known coordinator localhost:32769 (id: 2147483647 rack: null)
2025-08-06 15:36:37,674 INFO  [org.apa.kaf.cli.con.int.ConsumerCoordinator] (Thread-603) [Consumer clientId=consumer-Consumer-topic-2e796595_353d_4513_bab0_51efaadc5c73-1, groupId=Consumer-topic-2e796595_353d_4513_bab0_51efaadc5c73] JoinGroup failed: This is not the correct coordinator. Marking coordinator unknown. Sent generation was Generation{generationId=-1, memberId='', protocol='null'}
2025-08-06 15:36:37,677 INFO  [org.apa.kaf.cli.NetworkClient] (Thread-603) [Consumer clientId=consumer-Consumer-topic-2e796595_353d_4513_bab0_51efaadc5c73-1, groupId=Consumer-topic-2e796595_353d_4513_bab0_51efaadc5c73] Client requested disconnect from node 2147483647
2025-08-06 15:36:37,685 INFO  [org.apa.kaf.cli.con.int.ConsumerCoordinator] (Thread-603) [Consumer clientId=consumer-Consumer-topic-2e796595_353d_4513_bab0_51efaadc5c73-1, groupId=Consumer-topic-2e796595_353d_4513_bab0_51efaadc5c73] Discovered group coordinator localhost:32769 (id: 2147483647 rack: null)
2025-08-06 15:36:37,688 INFO  [org.apa.kaf.cli.con.int.ConsumerCoordinator] (Thread-603) [Consumer clientId=consumer-Consumer-topic-2e796595_353d_4513_bab0_51efaadc5c73-1, groupId=Consumer-topic-2e796595_353d_4513_bab0_51efaadc5c73] Group coordinator localhost:32769 (id: 2147483647 rack: null) is unavailable or invalid due to cause: coordinator unavailable. isDisconnected: false. Rediscovery will be attempted.
2025-08-06 15:36:37,688 INFO  [org.apa.kaf.cli.con.int.ConsumerCoordinator] (Thread-603) [Consumer clientId=consumer-Consumer-topic-2e796595_353d_4513_bab0_51efaadc5c73-1, groupId=Consumer-topic-2e796595_353d_4513_bab0_51efaadc5c73] Requesting disconnect from last known coordinator localhost:32769 (id: 2147483647 rack: null)
2025-08-06 15:36:37,779 INFO  [org.apa.kaf.cli.con.int.ConsumerCoordinator] (Thread-603) [Consumer clientId=consumer-Consumer-topic-2e796595_353d_4513_bab0_51efaadc5c73-1, groupId=Consumer-topic-2e796595_353d_4513_bab0_51efaadc5c73] Discovered group coordinator localhost:32769 (id: 2147483647 rack: null)
2025-08-06 15:36:37,782 INFO  [org.apa.kaf.cli.con.int.ConsumerCoordinator] (Thread-603) [Consumer clientId=consumer-Consumer-topic-2e796595_353d_4513_bab0_51efaadc5c73-1, groupId=Consumer-topic-2e796595_353d_4513_bab0_51efaadc5c73] Request joining group due to: rebalance failed due to 'This is not the correct coordinator.' (NotCoordinatorException)
2025-08-06 15:36:37,783 INFO  [org.apa.kaf.cli.con.int.ConsumerCoordinator] (Thread-603) [Consumer clientId=consumer-Consumer-topic-2e796595_353d_4513_bab0_51efaadc5c73-1, groupId=Consumer-topic-2e796595_353d_4513_bab0_51efaadc5c73] (Re-)joining group
2025-08-06 15:36:37,790 INFO  [org.apa.kaf.cli.con.int.ConsumerCoordinator] (Thread-603) [Consumer clientId=consumer-Consumer-topic-2e796595_353d_4513_bab0_51efaadc5c73-1, groupId=Consumer-topic-2e796595_353d_4513_bab0_51efaadc5c73] Group coordinator localhost:32769 (id: 2147483647 rack: null) is unavailable or invalid due to cause: error response NOT_COORDINATOR. isDisconnected: false. Rediscovery will be attempted.
2025-08-06 15:36:37,790 INFO  [org.apa.kaf.cli.con.int.ConsumerCoordinator] (Thread-603) [Consumer clientId=consumer-Consumer-topic-2e796595_353d_4513_bab0_51efaadc5c73-1, groupId=Consumer-topic-2e796595_353d_4513_bab0_51efaadc5c73] Requesting disconnect from last known coordinator localhost:32769 (id: 2147483647 rack: null)
2025-08-06 15:36:37,792 INFO  [org.apa.kaf.cli.con.int.ConsumerCoordinator] (Thread-603) [Consumer clientId=consumer-Consumer-topic-2e796595_353d_4513_bab0_51efaadc5c73-1, groupId=Consumer-topic-2e796595_353d_4513_bab0_51efaadc5c73] JoinGroup failed: This is not the correct coordinator. Marking coordinator unknown. Sent generation was Generation{generationId=-1, memberId='', protocol='null'}
2025-08-06 15:36:37,792 INFO  [org.apa.kaf.cli.NetworkClient] (Thread-603) [Consumer clientId=consumer-Consumer-topic-2e796595_353d_4513_bab0_51efaadc5c73-1, groupId=Consumer-topic-2e796595_353d_4513_bab0_51efaadc5c73] Client requested disconnect from node 2147483647
2025-08-06 15:36:37,798 INFO  [org.apa.kaf.cli.con.int.ConsumerCoordinator] (Thread-603) [Consumer clientId=consumer-Consumer-topic-2e796595_353d_4513_bab0_51efaadc5c73-1, groupId=Consumer-topic-2e796595_353d_4513_bab0_51efaadc5c73] Discovered group coordinator localhost:32769 (id: 2147483647 rack: null)
2025-08-06 15:36:37,799 INFO  [org.apa.kaf.cli.con.int.ConsumerCoordinator] (Thread-603) [Consumer clientId=consumer-Consumer-topic-2e796595_353d_4513_bab0_51efaadc5c73-1, groupId=Consumer-topic-2e796595_353d_4513_bab0_51efaadc5c73] Group coordinator localhost:32769 (id: 2147483647 rack: null) is unavailable or invalid due to cause: coordinator unavailable. isDisconnected: false. Rediscovery will be attempted.
2025-08-06 15:36:37,799 INFO  [org.apa.kaf.cli.con.int.ConsumerCoordinator] (Thread-603) [Consumer clientId=consumer-Consumer-topic-2e796595_353d_4513_bab0_51efaadc5c73-1, groupId=Consumer-topic-2e796595_353d_4513_bab0_51efaadc5c73] Requesting disconnect from last known coordinator localhost:32769 (id: 2147483647 rack: null)
2025-08-06 15:36:37,908 INFO  [org.apa.kaf.cli.con.int.ConsumerCoordinator] (Thread-603) [Consumer clientId=consumer-Consumer-topic-2e796595_353d_4513_bab0_51efaadc5c73-1, groupId=Consumer-topic-2e796595_353d_4513_bab0_51efaadc5c73] Discovered group coordinator localhost:32769 (id: 2147483647 rack: null)
2025-08-06 15:36:37,913 INFO  [org.apa.kaf.cli.con.int.ConsumerCoordinator] (Thread-603) [Consumer clientId=consumer-Consumer-topic-2e796595_353d_4513_bab0_51efaadc5c73-1, groupId=Consumer-topic-2e796595_353d_4513_bab0_51efaadc5c73] Request joining group due to: rebalance failed due to 'This is not the correct coordinator.' (NotCoordinatorException)
2025-08-06 15:36:37,918 INFO  [org.apa.kaf.cli.con.int.ConsumerCoordinator] (Thread-603) [Consumer clientId=consumer-Consumer-topic-2e796595_353d_4513_bab0_51efaadc5c73-1, groupId=Consumer-topic-2e796595_353d_4513_bab0_51efaadc5c73] (Re-)joining group
2025-08-06 15:36:37,936 INFO  [org.apa.kaf.cli.con.int.ConsumerCoordinator] (Thread-603) [Consumer clientId=consumer-Consumer-topic-2e796595_353d_4513_bab0_51efaadc5c73-1, groupId=Consumer-topic-2e796595_353d_4513_bab0_51efaadc5c73] Request joining group due to: need to re-join with the given member-id: consumer-Consumer-topic-2e796595_353d_4513_bab0_51efaadc5c73-1-7cf32848-227d-44cb-9d83-a2f324900d8f
2025-08-06 15:36:37,936 INFO  [org.apa.kaf.cli.con.int.ConsumerCoordinator] (Thread-603) [Consumer clientId=consumer-Consumer-topic-2e796595_353d_4513_bab0_51efaadc5c73-1, groupId=Consumer-topic-2e796595_353d_4513_bab0_51efaadc5c73] (Re-)joining group
2025-08-06 15:36:38,209 INFO  [io.api.tes.ser.api.KafkaSerdesTester] (Thread-603) None found
2025-08-06 15:36:39,210 INFO  [io.api.tes.ser.api.KafkaSerdesTester] (Thread-603) None found
2025-08-06 15:36:40,211 INFO  [io.api.tes.ser.api.KafkaSerdesTester] (Thread-603) None found
2025-08-06 15:36:40,951 INFO  [org.apa.kaf.cli.con.int.ConsumerCoordinator] (Thread-603) [Consumer clientId=consumer-Consumer-topic-2e796595_353d_4513_bab0_51efaadc5c73-1, groupId=Consumer-topic-2e796595_353d_4513_bab0_51efaadc5c73] Successfully joined group with generation Generation{generationId=1, memberId='consumer-Consumer-topic-2e796595_353d_4513_bab0_51efaadc5c73-1-7cf32848-227d-44cb-9d83-a2f324900d8f', protocol='range'}
2025-08-06 15:36:40,962 INFO  [org.apa.kaf.cli.con.int.ConsumerCoordinator] (Thread-603) [Consumer clientId=consumer-Consumer-topic-2e796595_353d_4513_bab0_51efaadc5c73-1, groupId=Consumer-topic-2e796595_353d_4513_bab0_51efaadc5c73] Finished assignment for group at generation 1: {consumer-Consumer-topic-2e796595_353d_4513_bab0_51efaadc5c73-1-7cf32848-227d-44cb-9d83-a2f324900d8f=Assignment(partitions=[topic-2e796595_353d_4513_bab0_51efaadc5c73-0])}
2025-08-06 15:36:40,978 INFO  [org.apa.kaf.cli.con.int.ConsumerCoordinator] (Thread-603) [Consumer clientId=consumer-Consumer-topic-2e796595_353d_4513_bab0_51efaadc5c73-1, groupId=Consumer-topic-2e796595_353d_4513_bab0_51efaadc5c73] Successfully synced group in generation Generation{generationId=1, memberId='consumer-Consumer-topic-2e796595_353d_4513_bab0_51efaadc5c73-1-7cf32848-227d-44cb-9d83-a2f324900d8f', protocol='range'}
2025-08-06 15:36:40,978 INFO  [org.apa.kaf.cli.con.int.ConsumerCoordinator] (Thread-603) [Consumer clientId=consumer-Consumer-topic-2e796595_353d_4513_bab0_51efaadc5c73-1, groupId=Consumer-topic-2e796595_353d_4513_bab0_51efaadc5c73] Notifying assignor about the new Assignment(partitions=[topic-2e796595_353d_4513_bab0_51efaadc5c73-0])
2025-08-06 15:36:40,981 INFO  [org.apa.kaf.cli.con.int.ConsumerRebalanceListenerInvoker] (Thread-603) [Consumer clientId=consumer-Consumer-topic-2e796595_353d_4513_bab0_51efaadc5c73-1, groupId=Consumer-topic-2e796595_353d_4513_bab0_51efaadc5c73] Adding newly assigned partitions: topic-2e796595_353d_4513_bab0_51efaadc5c73-0
2025-08-06 15:36:40,993 INFO  [org.apa.kaf.cli.con.int.ConsumerCoordinator] (Thread-603) [Consumer clientId=consumer-Consumer-topic-2e796595_353d_4513_bab0_51efaadc5c73-1, groupId=Consumer-topic-2e796595_353d_4513_bab0_51efaadc5c73] Found no committed offset for partition topic-2e796595_353d_4513_bab0_51efaadc5c73-0
2025-08-06 15:36:41,009 INFO  [org.apa.kaf.cli.con.int.SubscriptionState] (Thread-603) [Consumer clientId=consumer-Consumer-topic-2e796595_353d_4513_bab0_51efaadc5c73-1, groupId=Consumer-topic-2e796595_353d_4513_bab0_51efaadc5c73] Resetting offset for partition topic-2e796595_353d_4513_bab0_51efaadc5c73-0 to position FetchPosition{offset=0, offsetEpoch=Optional.empty, currentLeader=LeaderAndEpoch{leader=Optional[localhost:32769 (id: 0 rack: null)], epoch=0}}.
2025-08-06 15:36:41,297 INFO  [io.api.tes.ser.api.KafkaSerdesTester] (Thread-603) topic-2e796595_353d_4513_bab0_51efaadc5c73 0 0 {"key11754494595952": "value-0"}
2025-08-06 15:36:41,298 INFO  [io.api.tes.ser.api.KafkaSerdesTester] (Thread-603) topic-2e796595_353d_4513_bab0_51efaadc5c73 0 1 {"key11754494595952": "value-1"}
2025-08-06 15:36:41,298 INFO  [io.api.tes.ser.api.KafkaSerdesTester] (Thread-603) topic-2e796595_353d_4513_bab0_51efaadc5c73 0 2 {"key11754494595952": "value-2"}
2025-08-06 15:36:41,298 INFO  [io.api.tes.ser.api.KafkaSerdesTester] (Thread-603) topic-2e796595_353d_4513_bab0_51efaadc5c73 0 3 {"key11754494595952": "value-3"}
2025-08-06 15:36:41,300 INFO  [io.api.tes.ser.api.KafkaSerdesTester] (Thread-603) topic-2e796595_353d_4513_bab0_51efaadc5c73 0 4 {"key11754494595952": "value-4"}
2025-08-06 15:36:41,301 INFO  [io.api.tes.ser.api.KafkaSerdesTester] (Thread-603) topic-2e796595_353d_4513_bab0_51efaadc5c73 0 5 {"key11754494595952": "value-5"}
2025-08-06 15:36:41,301 INFO  [io.api.tes.ser.api.KafkaSerdesTester] (Thread-603) topic-2e796595_353d_4513_bab0_51efaadc5c73 0 6 {"key11754494595952": "value-6"}
2025-08-06 15:36:41,301 INFO  [io.api.tes.ser.api.KafkaSerdesTester] (Thread-603) topic-2e796595_353d_4513_bab0_51efaadc5c73 0 7 {"key11754494595952": "value-7"}
2025-08-06 15:36:41,301 INFO  [io.api.tes.ser.api.KafkaSerdesTester] (Thread-603) topic-2e796595_353d_4513_bab0_51efaadc5c73 0 8 {"key11754494595952": "value-8"}
2025-08-06 15:36:41,301 INFO  [io.api.tes.ser.api.KafkaSerdesTester] (Thread-603) topic-2e796595_353d_4513_bab0_51efaadc5c73 0 9 {"key11754494595952": "value-9"}
2025-08-06 15:36:41,301 INFO  [io.api.tes.ser.api.KafkaSerdesTester] (Thread-603) Consumed 10 messages
2025-08-06 15:36:41,337 INFO  [org.apa.kaf.cli.con.int.ConsumerRebalanceListenerInvoker] (Thread-603) [Consumer clientId=consumer-Consumer-topic-2e796595_353d_4513_bab0_51efaadc5c73-1, groupId=Consumer-topic-2e796595_353d_4513_bab0_51efaadc5c73] Revoke previously assigned partitions topic-2e796595_353d_4513_bab0_51efaadc5c73-0
2025-08-06 15:36:41,337 INFO  [org.apa.kaf.cli.con.int.ConsumerCoordinator] (Thread-603) [Consumer clientId=consumer-Consumer-topic-2e796595_353d_4513_bab0_51efaadc5c73-1, groupId=Consumer-topic-2e796595_353d_4513_bab0_51efaadc5c73] Member consumer-Consumer-topic-2e796595_353d_4513_bab0_51efaadc5c73-1-7cf32848-227d-44cb-9d83-a2f324900d8f sending LeaveGroup request to coordinator localhost:32769 (id: 2147483647 rack: null) due to the consumer is being closed
2025-08-06 15:36:41,342 INFO  [org.apa.kaf.cli.con.int.ConsumerCoordinator] (Thread-603) [Consumer clientId=consumer-Consumer-topic-2e796595_353d_4513_bab0_51efaadc5c73-1, groupId=Consumer-topic-2e796595_353d_4513_bab0_51efaadc5c73] Resetting generation and member id due to: consumer pro-actively leaving the group
2025-08-06 15:36:41,342 INFO  [org.apa.kaf.cli.con.int.ConsumerCoordinator] (Thread-603) [Consumer clientId=consumer-Consumer-topic-2e796595_353d_4513_bab0_51efaadc5c73-1, groupId=Consumer-topic-2e796595_353d_4513_bab0_51efaadc5c73] Request joining group due to: consumer pro-actively leaving the group
2025-08-06 15:36:41,818 INFO  [org.apa.kaf.com.met.Metrics] (Thread-603) Metrics scheduler closed
2025-08-06 15:36:41,818 INFO  [org.apa.kaf.com.met.Metrics] (Thread-603) Closing reporter org.apache.kafka.common.metrics.JmxReporter
2025-08-06 15:36:41,818 INFO  [org.apa.kaf.com.met.Metrics] (Thread-603) Closing reporter org.apache.kafka.common.telemetry.internals.ClientTelemetryReporter
2025-08-06 15:36:41,818 INFO  [org.apa.kaf.com.met.Metrics] (Thread-603) Metrics reporters closed
2025-08-06 15:36:41,826 INFO  [org.apa.kaf.com.uti.AppInfoParser] (Thread-603) App info kafka.consumer for consumer-Consumer-topic-2e796595_353d_4513_bab0_51efaadc5c73-1 unregistered
2025-08-06 15:36:41,829 INFO  [io.api.tes.uti.TestSeparator] (main) io.apicurio.tests.serdes.apicurio.AvroSerdeIT.testGlobalIdInHeaders-FINISHED
2025-08-06 15:36:41,829 INFO  [io.api.tes.uti.TestSeparator] (main) ############################################################################
Test passed: testGlobalIdInHeaders
]]></system-out>
  </testcase>
  <testcase name="testSimpleTopicIdStrategyFindLatest" classname="io.apicurio.tests.serdes.apicurio.AvroSerdeIT" time="5.364">
    <system-out><![CDATA[2025-08-06 15:36:41,838 INFO  [io.api.tes.uti.TestSeparator] (main) ############################################################################
2025-08-06 15:36:41,838 INFO  [io.api.tes.uti.TestSeparator] (main) io.apicurio.tests.serdes.apicurio.AvroSerdeIT.testSimpleTopicIdStrategyFindLatest-STARTED
2025-08-06 15:36:41,839 INFO  [io.api.tes.ser.api.AvroSerdeIT] (main) Registering Avro Schema: {"type":"record","name":"myrecordapicurio1","fields":[{"name":"key11754494601838","type":"string"}]}
**** Registry Base URL: http://registry-app-pg17.apps.ci419.apicurio-testing.org:80
2025-08-06 15:36:43,002 INFO  [org.apa.kaf.cli.pro.ProducerConfig] (main) ProducerConfig values: 
	acks = -1
	auto.include.jmx.reporter = true
	batch.size = 16384
	bootstrap.servers = [PLAINTEXT://localhost:32769]
	buffer.memory = 33554432
	client.dns.lookup = use_all_dns_ips
	client.id = Producer-topic-2c5bf93e_6f04_419d_b92c_95aa7c4cf594
	compression.gzip.level = -1
	compression.lz4.level = 9
	compression.type = none
	compression.zstd.level = 3
	connections.max.idle.ms = 10000
	delivery.timeout.ms = 120000
	enable.idempotence = true
	enable.metrics.push = true
	interceptor.classes = []
	key.serializer = class org.apache.kafka.common.serialization.StringSerializer
	linger.ms = 0
	max.block.ms = 60000
	max.in.flight.requests.per.connection = 5
	max.request.size = 1048576
	metadata.max.age.ms = 300000
	metadata.max.idle.ms = 300000
	metadata.recovery.strategy = none
	metric.reporters = []
	metrics.num.samples = 2
	metrics.recording.level = INFO
	metrics.sample.window.ms = 30000
	partitioner.adaptive.partitioning.enable = true
	partitioner.availability.timeout.ms = 0
	partitioner.class = null
	partitioner.ignore.keys = false
	receive.buffer.bytes = 32768
	reconnect.backoff.max.ms = 1000
	reconnect.backoff.ms = 50
	request.timeout.ms = 5000
	retries = 2147483647
	retry.backoff.max.ms = 1000
	retry.backoff.ms = 100
	sasl.client.callback.handler.class = null
	sasl.jaas.config = null
	sasl.kerberos.kinit.cmd = /usr/bin/kinit
	sasl.kerberos.min.time.before.relogin = 60000
	sasl.kerberos.service.name = null
	sasl.kerberos.ticket.renew.jitter = 0.05
	sasl.kerberos.ticket.renew.window.factor = 0.8
	sasl.login.callback.handler.class = null
	sasl.login.class = null
	sasl.login.connect.timeout.ms = null
	sasl.login.read.timeout.ms = null
	sasl.login.refresh.buffer.seconds = 300
	sasl.login.refresh.min.period.seconds = 60
	sasl.login.refresh.window.factor = 0.8
	sasl.login.refresh.window.jitter = 0.05
	sasl.login.retry.backoff.max.ms = 10000
	sasl.login.retry.backoff.ms = 100
	sasl.mechanism = GSSAPI
	sasl.oauthbearer.clock.skew.seconds = 30
	sasl.oauthbearer.expected.audience = null
	sasl.oauthbearer.expected.issuer = null
	sasl.oauthbearer.header.urlencode = false
	sasl.oauthbearer.jwks.endpoint.refresh.ms = 3600000
	sasl.oauthbearer.jwks.endpoint.retry.backoff.max.ms = 10000
	sasl.oauthbearer.jwks.endpoint.retry.backoff.ms = 100
	sasl.oauthbearer.jwks.endpoint.url = null
	sasl.oauthbearer.scope.claim.name = scope
	sasl.oauthbearer.sub.claim.name = sub
	sasl.oauthbearer.token.endpoint.url = null
	security.protocol = PLAINTEXT
	security.providers = null
	send.buffer.bytes = 131072
	socket.connection.setup.timeout.max.ms = 30000
	socket.connection.setup.timeout.ms = 10000
	ssl.cipher.suites = null
	ssl.enabled.protocols = [TLSv1.2, TLSv1.3]
	ssl.endpoint.identification.algorithm = https
	ssl.engine.factory.class = null
	ssl.key.password = null
	ssl.keymanager.algorithm = SunX509
	ssl.keystore.certificate.chain = null
	ssl.keystore.key = null
	ssl.keystore.location = null
	ssl.keystore.password = null
	ssl.keystore.type = JKS
	ssl.protocol = TLSv1.3
	ssl.provider = null
	ssl.secure.random.implementation = null
	ssl.trustmanager.algorithm = PKIX
	ssl.truststore.certificates = null
	ssl.truststore.location = null
	ssl.truststore.password = null
	ssl.truststore.type = JKS
	transaction.timeout.ms = 60000
	transactional.id = null
	value.serializer = class io.apicurio.registry.serde.avro.AvroKafkaSerializer

2025-08-06 15:36:43,003 INFO  [org.apa.kaf.com.tel.int.KafkaMetricsCollector] (main) initializing Kafka metrics collector
2025-08-06 15:36:43,008 INFO  [org.apa.kaf.cli.pro.KafkaProducer] (main) [Producer clientId=Producer-topic-2c5bf93e_6f04_419d_b92c_95aa7c4cf594] Instantiated an idempotent producer.
2025-08-06 15:36:43,012 INFO  [org.apa.kaf.cli.pro.ProducerConfig] (main) These configurations '[apicurio.registry.find-latest, apicurio.registry.artifact.group-id, apicurio.registry.url, apicurio.registry.artifact-resolver-strategy]' were supplied but are not used yet.
2025-08-06 15:36:43,012 INFO  [org.apa.kaf.com.uti.AppInfoParser] (main) Kafka version: 3.9.1
2025-08-06 15:36:43,012 INFO  [org.apa.kaf.com.uti.AppInfoParser] (main) Kafka commitId: f745dfdcee2b9851
2025-08-06 15:36:43,012 INFO  [org.apa.kaf.com.uti.AppInfoParser] (main) Kafka startTimeMs: 1754494603012
2025-08-06 15:36:43,012 INFO  [io.api.tes.ser.api.SimpleSerdesTesterBuilder$SimpleSerdesTester] (main) Using producer configuration: {apicurio.registry.find-latest=true, apicurio.registry.artifact.group-id=topic-2c5bf93e_6f04_419d_b92c_95aa7c4cf594, apicurio.registry.url=http://registry-app-pg17.apps.ci419.apicurio-testing.org:80/apis/registry/v3, apicurio.registry.artifact-resolver-strategy=io.apicurio.registry.serde.strategy.SimpleTopicIdStrategy, value.serializer=io.apicurio.registry.serde.avro.AvroKafkaSerializer, request.timeout.ms=5000, acks=all, bootstrap.servers=PLAINTEXT://localhost:32769, connections.max.idle.ms=10000, key.serializer=org.apache.kafka.common.serialization.StringSerializer, client.id=Producer-topic-2c5bf93e_6f04_419d_b92c_95aa7c4cf594}
2025-08-06 15:36:43,012 INFO  [io.api.tes.ser.api.SimpleSerdesTesterBuilder$SimpleSerdesTester] (main) Using consumer configuration: {}
2025-08-06 15:36:43,015 INFO  [io.api.tes.ser.api.KafkaSerdesTester] (Thread-606) Sending message {"key11754494601838": "value-0"} to topic topic-2c5bf93e_6f04_419d_b92c_95aa7c4cf594
2025-08-06 15:36:43,021 INFO  [org.apa.kaf.cli.Metadata] (kafka-producer-network-thread | Producer-topic-2c5bf93e_6f04_419d_b92c_95aa7c4cf594) [Producer clientId=Producer-topic-2c5bf93e_6f04_419d_b92c_95aa7c4cf594] Cluster ID: xNUQX5UBRx2CPqcHCglV-w
2025-08-06 15:36:43,024 INFO  [org.apa.kaf.cli.pro.int.TransactionManager] (kafka-producer-network-thread | Producer-topic-2c5bf93e_6f04_419d_b92c_95aa7c4cf594) [Producer clientId=Producer-topic-2c5bf93e_6f04_419d_b92c_95aa7c4cf594] ProducerId set to 1 with epoch 0
2025-08-06 15:36:43,344 INFO  [io.api.tes.ser.api.KafkaSerdesTester] (Thread-606) Sending message {"key11754494601838": "value-1"} to topic topic-2c5bf93e_6f04_419d_b92c_95aa7c4cf594
2025-08-06 15:36:43,348 INFO  [io.api.tes.ser.api.KafkaSerdesTester] (Thread-606) Sending message {"key11754494601838": "value-2"} to topic topic-2c5bf93e_6f04_419d_b92c_95aa7c4cf594
2025-08-06 15:36:43,351 INFO  [io.api.tes.ser.api.KafkaSerdesTester] (Thread-606) Sending message {"key11754494601838": "value-3"} to topic topic-2c5bf93e_6f04_419d_b92c_95aa7c4cf594
2025-08-06 15:36:43,354 INFO  [io.api.tes.ser.api.KafkaSerdesTester] (Thread-606) Sending message {"key11754494601838": "value-4"} to topic topic-2c5bf93e_6f04_419d_b92c_95aa7c4cf594
2025-08-06 15:36:43,356 INFO  [io.api.tes.ser.api.KafkaSerdesTester] (Thread-606) Sending message {"key11754494601838": "value-5"} to topic topic-2c5bf93e_6f04_419d_b92c_95aa7c4cf594
2025-08-06 15:36:43,362 INFO  [io.api.tes.ser.api.KafkaSerdesTester] (Thread-606) Sending message {"key11754494601838": "value-6"} to topic topic-2c5bf93e_6f04_419d_b92c_95aa7c4cf594
2025-08-06 15:36:43,365 INFO  [io.api.tes.ser.api.KafkaSerdesTester] (Thread-606) Sending message {"key11754494601838": "value-7"} to topic topic-2c5bf93e_6f04_419d_b92c_95aa7c4cf594
2025-08-06 15:36:43,368 INFO  [io.api.tes.ser.api.KafkaSerdesTester] (Thread-606) Sending message {"key11754494601838": "value-8"} to topic topic-2c5bf93e_6f04_419d_b92c_95aa7c4cf594
2025-08-06 15:36:43,371 INFO  [io.api.tes.ser.api.KafkaSerdesTester] (Thread-606) Sending message {"key11754494601838": "value-9"} to topic topic-2c5bf93e_6f04_419d_b92c_95aa7c4cf594
2025-08-06 15:36:43,373 INFO  [io.api.tes.ser.api.KafkaSerdesTester] (Thread-606) Produced 10 messages
2025-08-06 15:36:43,373 INFO  [org.apa.kaf.cli.pro.KafkaProducer] (Thread-606) [Producer clientId=Producer-topic-2c5bf93e_6f04_419d_b92c_95aa7c4cf594] Closing the Kafka producer with timeoutMillis = 9223372036854775807 ms.
2025-08-06 15:36:43,378 INFO  [org.apa.kaf.com.met.Metrics] (Thread-606) Metrics scheduler closed
2025-08-06 15:36:43,378 INFO  [org.apa.kaf.com.met.Metrics] (Thread-606) Closing reporter org.apache.kafka.common.metrics.JmxReporter
2025-08-06 15:36:43,378 INFO  [org.apa.kaf.com.met.Metrics] (Thread-606) Closing reporter org.apache.kafka.common.telemetry.internals.ClientTelemetryReporter
2025-08-06 15:36:43,378 INFO  [org.apa.kaf.com.met.Metrics] (Thread-606) Metrics reporters closed
2025-08-06 15:36:43,379 INFO  [org.apa.kaf.com.uti.AppInfoParser] (Thread-606) App info kafka.producer for Producer-topic-2c5bf93e_6f04_419d_b92c_95aa7c4cf594 unregistered
**** Registry Base URL: http://registry-app-pg17.apps.ci419.apicurio-testing.org:80
2025-08-06 15:36:43,381 INFO  [org.apa.kaf.cli.con.ConsumerConfig] (main) ConsumerConfig values: 
	allow.auto.create.topics = true
	auto.commit.interval.ms = 500
	auto.include.jmx.reporter = true
	auto.offset.reset = earliest
	bootstrap.servers = [PLAINTEXT://localhost:32769]
	check.crcs = true
	client.dns.lookup = use_all_dns_ips
	client.id = consumer-Consumer-topic-2c5bf93e_6f04_419d_b92c_95aa7c4cf594-2
	client.rack = 
	connections.max.idle.ms = 10000
	default.api.timeout.ms = 60000
	enable.auto.commit = true
	enable.metrics.push = true
	exclude.internal.topics = true
	fetch.max.bytes = 52428800
	fetch.max.wait.ms = 500
	fetch.min.bytes = 1
	group.id = Consumer-topic-2c5bf93e_6f04_419d_b92c_95aa7c4cf594
	group.instance.id = null
	group.protocol = classic
	group.remote.assignor = null
	heartbeat.interval.ms = 3000
	interceptor.classes = []
	internal.leave.group.on.close = true
	internal.throw.on.fetch.stable.offset.unsupported = false
	isolation.level = read_uncommitted
	key.deserializer = class org.apache.kafka.common.serialization.StringDeserializer
	max.partition.fetch.bytes = 1048576
	max.poll.interval.ms = 300000
	max.poll.records = 500
	metadata.max.age.ms = 300000
	metadata.recovery.strategy = none
	metric.reporters = []
	metrics.num.samples = 2
	metrics.recording.level = INFO
	metrics.sample.window.ms = 30000
	partition.assignment.strategy = [class org.apache.kafka.clients.consumer.RangeAssignor, class org.apache.kafka.clients.consumer.CooperativeStickyAssignor]
	receive.buffer.bytes = 65536
	reconnect.backoff.max.ms = 1000
	reconnect.backoff.ms = 50
	request.timeout.ms = 5000
	retry.backoff.max.ms = 1000
	retry.backoff.ms = 100
	sasl.client.callback.handler.class = null
	sasl.jaas.config = null
	sasl.kerberos.kinit.cmd = /usr/bin/kinit
	sasl.kerberos.min.time.before.relogin = 60000
	sasl.kerberos.service.name = null
	sasl.kerberos.ticket.renew.jitter = 0.05
	sasl.kerberos.ticket.renew.window.factor = 0.8
	sasl.login.callback.handler.class = null
	sasl.login.class = null
	sasl.login.connect.timeout.ms = null
	sasl.login.read.timeout.ms = null
	sasl.login.refresh.buffer.seconds = 300
	sasl.login.refresh.min.period.seconds = 60
	sasl.login.refresh.window.factor = 0.8
	sasl.login.refresh.window.jitter = 0.05
	sasl.login.retry.backoff.max.ms = 10000
	sasl.login.retry.backoff.ms = 100
	sasl.mechanism = GSSAPI
	sasl.oauthbearer.clock.skew.seconds = 30
	sasl.oauthbearer.expected.audience = null
	sasl.oauthbearer.expected.issuer = null
	sasl.oauthbearer.header.urlencode = false
	sasl.oauthbearer.jwks.endpoint.refresh.ms = 3600000
	sasl.oauthbearer.jwks.endpoint.retry.backoff.max.ms = 10000
	sasl.oauthbearer.jwks.endpoint.retry.backoff.ms = 100
	sasl.oauthbearer.jwks.endpoint.url = null
	sasl.oauthbearer.scope.claim.name = scope
	sasl.oauthbearer.sub.claim.name = sub
	sasl.oauthbearer.token.endpoint.url = null
	security.protocol = PLAINTEXT
	security.providers = null
	send.buffer.bytes = 131072
	session.timeout.ms = 45000
	socket.connection.setup.timeout.max.ms = 30000
	socket.connection.setup.timeout.ms = 10000
	ssl.cipher.suites = null
	ssl.enabled.protocols = [TLSv1.2, TLSv1.3]
	ssl.endpoint.identification.algorithm = https
	ssl.engine.factory.class = null
	ssl.key.password = null
	ssl.keymanager.algorithm = SunX509
	ssl.keystore.certificate.chain = null
	ssl.keystore.key = null
	ssl.keystore.location = null
	ssl.keystore.password = null
	ssl.keystore.type = JKS
	ssl.protocol = TLSv1.3
	ssl.provider = null
	ssl.secure.random.implementation = null
	ssl.trustmanager.algorithm = PKIX
	ssl.truststore.certificates = null
	ssl.truststore.location = null
	ssl.truststore.password = null
	ssl.truststore.type = JKS
	value.deserializer = class io.apicurio.registry.serde.avro.AvroKafkaDeserializer

2025-08-06 15:36:43,381 INFO  [org.apa.kaf.com.tel.int.KafkaMetricsCollector] (main) initializing Kafka metrics collector
2025-08-06 15:36:43,399 INFO  [org.apa.kaf.cli.con.ConsumerConfig] (main) These configurations '[apicurio.registry.url]' were supplied but are not used yet.
2025-08-06 15:36:43,399 INFO  [org.apa.kaf.com.uti.AppInfoParser] (main) Kafka version: 3.9.1
2025-08-06 15:36:43,399 INFO  [org.apa.kaf.com.uti.AppInfoParser] (main) Kafka commitId: f745dfdcee2b9851
2025-08-06 15:36:43,399 INFO  [org.apa.kaf.com.uti.AppInfoParser] (main) Kafka startTimeMs: 1754494603399
2025-08-06 15:36:43,402 INFO  [org.apa.kaf.cli.con.int.ClassicKafkaConsumer] (Thread-609) [Consumer clientId=consumer-Consumer-topic-2c5bf93e_6f04_419d_b92c_95aa7c4cf594-2, groupId=Consumer-topic-2c5bf93e_6f04_419d_b92c_95aa7c4cf594] Subscribed to topic(s): topic-2c5bf93e_6f04_419d_b92c_95aa7c4cf594
2025-08-06 15:36:43,412 INFO  [org.apa.kaf.cli.Metadata] (Thread-609) [Consumer clientId=consumer-Consumer-topic-2c5bf93e_6f04_419d_b92c_95aa7c4cf594-2, groupId=Consumer-topic-2c5bf93e_6f04_419d_b92c_95aa7c4cf594] Cluster ID: xNUQX5UBRx2CPqcHCglV-w
2025-08-06 15:36:43,415 INFO  [org.apa.kaf.cli.con.int.ConsumerCoordinator] (Thread-609) [Consumer clientId=consumer-Consumer-topic-2c5bf93e_6f04_419d_b92c_95aa7c4cf594-2, groupId=Consumer-topic-2c5bf93e_6f04_419d_b92c_95aa7c4cf594] Discovered group coordinator localhost:32769 (id: 2147483647 rack: null)
2025-08-06 15:36:43,422 INFO  [org.apa.kaf.cli.con.int.ConsumerCoordinator] (Thread-609) [Consumer clientId=consumer-Consumer-topic-2c5bf93e_6f04_419d_b92c_95aa7c4cf594-2, groupId=Consumer-topic-2c5bf93e_6f04_419d_b92c_95aa7c4cf594] (Re-)joining group
2025-08-06 15:36:43,430 INFO  [org.apa.kaf.cli.con.int.ConsumerCoordinator] (Thread-609) [Consumer clientId=consumer-Consumer-topic-2c5bf93e_6f04_419d_b92c_95aa7c4cf594-2, groupId=Consumer-topic-2c5bf93e_6f04_419d_b92c_95aa7c4cf594] Request joining group due to: need to re-join with the given member-id: consumer-Consumer-topic-2c5bf93e_6f04_419d_b92c_95aa7c4cf594-2-92ec3c47-3fec-444d-a944-e2c222ac66e9
2025-08-06 15:36:43,430 INFO  [org.apa.kaf.cli.con.int.ConsumerCoordinator] (Thread-609) [Consumer clientId=consumer-Consumer-topic-2c5bf93e_6f04_419d_b92c_95aa7c4cf594-2, groupId=Consumer-topic-2c5bf93e_6f04_419d_b92c_95aa7c4cf594] (Re-)joining group
2025-08-06 15:36:44,402 INFO  [io.api.tes.ser.api.KafkaSerdesTester] (Thread-609) None found
2025-08-06 15:36:45,403 INFO  [io.api.tes.ser.api.KafkaSerdesTester] (Thread-609) None found
2025-08-06 15:36:46,403 INFO  [io.api.tes.ser.api.KafkaSerdesTester] (Thread-609) None found
2025-08-06 15:36:46,433 INFO  [org.apa.kaf.cli.con.int.ConsumerCoordinator] (Thread-609) [Consumer clientId=consumer-Consumer-topic-2c5bf93e_6f04_419d_b92c_95aa7c4cf594-2, groupId=Consumer-topic-2c5bf93e_6f04_419d_b92c_95aa7c4cf594] Successfully joined group with generation Generation{generationId=1, memberId='consumer-Consumer-topic-2c5bf93e_6f04_419d_b92c_95aa7c4cf594-2-92ec3c47-3fec-444d-a944-e2c222ac66e9', protocol='range'}
2025-08-06 15:36:46,434 INFO  [org.apa.kaf.cli.con.int.ConsumerCoordinator] (Thread-609) [Consumer clientId=consumer-Consumer-topic-2c5bf93e_6f04_419d_b92c_95aa7c4cf594-2, groupId=Consumer-topic-2c5bf93e_6f04_419d_b92c_95aa7c4cf594] Finished assignment for group at generation 1: {consumer-Consumer-topic-2c5bf93e_6f04_419d_b92c_95aa7c4cf594-2-92ec3c47-3fec-444d-a944-e2c222ac66e9=Assignment(partitions=[topic-2c5bf93e_6f04_419d_b92c_95aa7c4cf594-0])}
2025-08-06 15:36:46,442 INFO  [org.apa.kaf.cli.con.int.ConsumerCoordinator] (Thread-609) [Consumer clientId=consumer-Consumer-topic-2c5bf93e_6f04_419d_b92c_95aa7c4cf594-2, groupId=Consumer-topic-2c5bf93e_6f04_419d_b92c_95aa7c4cf594] Successfully synced group in generation Generation{generationId=1, memberId='consumer-Consumer-topic-2c5bf93e_6f04_419d_b92c_95aa7c4cf594-2-92ec3c47-3fec-444d-a944-e2c222ac66e9', protocol='range'}
2025-08-06 15:36:46,443 INFO  [org.apa.kaf.cli.con.int.ConsumerCoordinator] (Thread-609) [Consumer clientId=consumer-Consumer-topic-2c5bf93e_6f04_419d_b92c_95aa7c4cf594-2, groupId=Consumer-topic-2c5bf93e_6f04_419d_b92c_95aa7c4cf594] Notifying assignor about the new Assignment(partitions=[topic-2c5bf93e_6f04_419d_b92c_95aa7c4cf594-0])
2025-08-06 15:36:46,443 INFO  [org.apa.kaf.cli.con.int.ConsumerRebalanceListenerInvoker] (Thread-609) [Consumer clientId=consumer-Consumer-topic-2c5bf93e_6f04_419d_b92c_95aa7c4cf594-2, groupId=Consumer-topic-2c5bf93e_6f04_419d_b92c_95aa7c4cf594] Adding newly assigned partitions: topic-2c5bf93e_6f04_419d_b92c_95aa7c4cf594-0
2025-08-06 15:36:46,444 INFO  [org.apa.kaf.cli.con.int.ConsumerCoordinator] (Thread-609) [Consumer clientId=consumer-Consumer-topic-2c5bf93e_6f04_419d_b92c_95aa7c4cf594-2, groupId=Consumer-topic-2c5bf93e_6f04_419d_b92c_95aa7c4cf594] Found no committed offset for partition topic-2c5bf93e_6f04_419d_b92c_95aa7c4cf594-0
2025-08-06 15:36:46,447 INFO  [org.apa.kaf.cli.con.int.SubscriptionState] (Thread-609) [Consumer clientId=consumer-Consumer-topic-2c5bf93e_6f04_419d_b92c_95aa7c4cf594-2, groupId=Consumer-topic-2c5bf93e_6f04_419d_b92c_95aa7c4cf594] Resetting offset for partition topic-2c5bf93e_6f04_419d_b92c_95aa7c4cf594-0 to position FetchPosition{offset=0, offsetEpoch=Optional.empty, currentLeader=LeaderAndEpoch{leader=Optional[localhost:32769 (id: 0 rack: null)], epoch=0}}.
2025-08-06 15:36:46,680 INFO  [io.api.tes.ser.api.KafkaSerdesTester] (Thread-609) topic-2c5bf93e_6f04_419d_b92c_95aa7c4cf594 0 0 {"key11754494601838": "value-0"}
2025-08-06 15:36:46,680 INFO  [io.api.tes.ser.api.KafkaSerdesTester] (Thread-609) topic-2c5bf93e_6f04_419d_b92c_95aa7c4cf594 0 1 {"key11754494601838": "value-1"}
2025-08-06 15:36:46,681 INFO  [io.api.tes.ser.api.KafkaSerdesTester] (Thread-609) topic-2c5bf93e_6f04_419d_b92c_95aa7c4cf594 0 2 {"key11754494601838": "value-2"}
2025-08-06 15:36:46,681 INFO  [io.api.tes.ser.api.KafkaSerdesTester] (Thread-609) topic-2c5bf93e_6f04_419d_b92c_95aa7c4cf594 0 3 {"key11754494601838": "value-3"}
2025-08-06 15:36:46,681 INFO  [io.api.tes.ser.api.KafkaSerdesTester] (Thread-609) topic-2c5bf93e_6f04_419d_b92c_95aa7c4cf594 0 4 {"key11754494601838": "value-4"}
2025-08-06 15:36:46,681 INFO  [io.api.tes.ser.api.KafkaSerdesTester] (Thread-609) topic-2c5bf93e_6f04_419d_b92c_95aa7c4cf594 0 5 {"key11754494601838": "value-5"}
2025-08-06 15:36:46,681 INFO  [io.api.tes.ser.api.KafkaSerdesTester] (Thread-609) topic-2c5bf93e_6f04_419d_b92c_95aa7c4cf594 0 6 {"key11754494601838": "value-6"}
2025-08-06 15:36:46,681 INFO  [io.api.tes.ser.api.KafkaSerdesTester] (Thread-609) topic-2c5bf93e_6f04_419d_b92c_95aa7c4cf594 0 7 {"key11754494601838": "value-7"}
2025-08-06 15:36:46,681 INFO  [io.api.tes.ser.api.KafkaSerdesTester] (Thread-609) topic-2c5bf93e_6f04_419d_b92c_95aa7c4cf594 0 8 {"key11754494601838": "value-8"}
2025-08-06 15:36:46,681 INFO  [io.api.tes.ser.api.KafkaSerdesTester] (Thread-609) topic-2c5bf93e_6f04_419d_b92c_95aa7c4cf594 0 9 {"key11754494601838": "value-9"}
2025-08-06 15:36:46,681 INFO  [io.api.tes.ser.api.KafkaSerdesTester] (Thread-609) Consumed 10 messages
2025-08-06 15:36:46,691 INFO  [org.apa.kaf.cli.con.int.ConsumerRebalanceListenerInvoker] (Thread-609) [Consumer clientId=consumer-Consumer-topic-2c5bf93e_6f04_419d_b92c_95aa7c4cf594-2, groupId=Consumer-topic-2c5bf93e_6f04_419d_b92c_95aa7c4cf594] Revoke previously assigned partitions topic-2c5bf93e_6f04_419d_b92c_95aa7c4cf594-0
2025-08-06 15:36:46,692 INFO  [org.apa.kaf.cli.con.int.ConsumerCoordinator] (Thread-609) [Consumer clientId=consumer-Consumer-topic-2c5bf93e_6f04_419d_b92c_95aa7c4cf594-2, groupId=Consumer-topic-2c5bf93e_6f04_419d_b92c_95aa7c4cf594] Member consumer-Consumer-topic-2c5bf93e_6f04_419d_b92c_95aa7c4cf594-2-92ec3c47-3fec-444d-a944-e2c222ac66e9 sending LeaveGroup request to coordinator localhost:32769 (id: 2147483647 rack: null) due to the consumer is being closed
2025-08-06 15:36:46,692 INFO  [org.apa.kaf.cli.con.int.ConsumerCoordinator] (Thread-609) [Consumer clientId=consumer-Consumer-topic-2c5bf93e_6f04_419d_b92c_95aa7c4cf594-2, groupId=Consumer-topic-2c5bf93e_6f04_419d_b92c_95aa7c4cf594] Resetting generation and member id due to: consumer pro-actively leaving the group
2025-08-06 15:36:46,692 INFO  [org.apa.kaf.cli.con.int.ConsumerCoordinator] (Thread-609) [Consumer clientId=consumer-Consumer-topic-2c5bf93e_6f04_419d_b92c_95aa7c4cf594-2, groupId=Consumer-topic-2c5bf93e_6f04_419d_b92c_95aa7c4cf594] Request joining group due to: consumer pro-actively leaving the group
2025-08-06 15:36:47,185 INFO  [org.apa.kaf.com.met.Metrics] (Thread-609) Metrics scheduler closed
2025-08-06 15:36:47,186 INFO  [org.apa.kaf.com.met.Metrics] (Thread-609) Closing reporter org.apache.kafka.common.metrics.JmxReporter
2025-08-06 15:36:47,186 INFO  [org.apa.kaf.com.met.Metrics] (Thread-609) Closing reporter org.apache.kafka.common.telemetry.internals.ClientTelemetryReporter
2025-08-06 15:36:47,186 INFO  [org.apa.kaf.com.met.Metrics] (Thread-609) Metrics reporters closed
2025-08-06 15:36:47,191 INFO  [org.apa.kaf.com.uti.AppInfoParser] (Thread-609) App info kafka.consumer for consumer-Consumer-topic-2c5bf93e_6f04_419d_b92c_95aa7c4cf594-2 unregistered
2025-08-06 15:36:47,193 INFO  [io.api.tes.uti.TestSeparator] (main) io.apicurio.tests.serdes.apicurio.AvroSerdeIT.testSimpleTopicIdStrategyFindLatest-FINISHED
2025-08-06 15:36:47,193 INFO  [io.api.tes.uti.TestSeparator] (main) ############################################################################
Test passed: testSimpleTopicIdStrategyFindLatest
]]></system-out>
  </testcase>
  <testcase name="testWrongSchema" classname="io.apicurio.tests.serdes.apicurio.AvroSerdeIT" time="1.361">
    <system-out><![CDATA[2025-08-06 15:36:47,195 INFO  [io.api.tes.uti.TestSeparator] (main) ############################################################################
2025-08-06 15:36:47,195 INFO  [io.api.tes.uti.TestSeparator] (main) io.apicurio.tests.serdes.apicurio.AvroSerdeIT.testWrongSchema-STARTED
**** Registry Base URL: http://registry-app-pg17.apps.ci419.apicurio-testing.org:80
2025-08-06 15:36:48,360 INFO  [org.apa.kaf.cli.pro.ProducerConfig] (main) ProducerConfig values: 
	acks = -1
	auto.include.jmx.reporter = true
	batch.size = 16384
	bootstrap.servers = [PLAINTEXT://localhost:32769]
	buffer.memory = 33554432
	client.dns.lookup = use_all_dns_ips
	client.id = Producer-scd6a12fax4138x48bbx82caxcddbfd2e18bf
	compression.gzip.level = -1
	compression.lz4.level = 9
	compression.type = none
	compression.zstd.level = 3
	connections.max.idle.ms = 10000
	delivery.timeout.ms = 120000
	enable.idempotence = true
	enable.metrics.push = true
	interceptor.classes = []
	key.serializer = class org.apache.kafka.common.serialization.StringSerializer
	linger.ms = 0
	max.block.ms = 60000
	max.in.flight.requests.per.connection = 5
	max.request.size = 1048576
	metadata.max.age.ms = 300000
	metadata.max.idle.ms = 300000
	metadata.recovery.strategy = none
	metric.reporters = []
	metrics.num.samples = 2
	metrics.recording.level = INFO
	metrics.sample.window.ms = 30000
	partitioner.adaptive.partitioning.enable = true
	partitioner.availability.timeout.ms = 0
	partitioner.class = null
	partitioner.ignore.keys = false
	receive.buffer.bytes = 32768
	reconnect.backoff.max.ms = 1000
	reconnect.backoff.ms = 50
	request.timeout.ms = 5000
	retries = 2147483647
	retry.backoff.max.ms = 1000
	retry.backoff.ms = 100
	sasl.client.callback.handler.class = null
	sasl.jaas.config = null
	sasl.kerberos.kinit.cmd = /usr/bin/kinit
	sasl.kerberos.min.time.before.relogin = 60000
	sasl.kerberos.service.name = null
	sasl.kerberos.ticket.renew.jitter = 0.05
	sasl.kerberos.ticket.renew.window.factor = 0.8
	sasl.login.callback.handler.class = null
	sasl.login.class = null
	sasl.login.connect.timeout.ms = null
	sasl.login.read.timeout.ms = null
	sasl.login.refresh.buffer.seconds = 300
	sasl.login.refresh.min.period.seconds = 60
	sasl.login.refresh.window.factor = 0.8
	sasl.login.refresh.window.jitter = 0.05
	sasl.login.retry.backoff.max.ms = 10000
	sasl.login.retry.backoff.ms = 100
	sasl.mechanism = GSSAPI
	sasl.oauthbearer.clock.skew.seconds = 30
	sasl.oauthbearer.expected.audience = null
	sasl.oauthbearer.expected.issuer = null
	sasl.oauthbearer.header.urlencode = false
	sasl.oauthbearer.jwks.endpoint.refresh.ms = 3600000
	sasl.oauthbearer.jwks.endpoint.retry.backoff.max.ms = 10000
	sasl.oauthbearer.jwks.endpoint.retry.backoff.ms = 100
	sasl.oauthbearer.jwks.endpoint.url = null
	sasl.oauthbearer.scope.claim.name = scope
	sasl.oauthbearer.sub.claim.name = sub
	sasl.oauthbearer.token.endpoint.url = null
	security.protocol = PLAINTEXT
	security.providers = null
	send.buffer.bytes = 131072
	socket.connection.setup.timeout.max.ms = 30000
	socket.connection.setup.timeout.ms = 10000
	ssl.cipher.suites = null
	ssl.enabled.protocols = [TLSv1.2, TLSv1.3]
	ssl.endpoint.identification.algorithm = https
	ssl.engine.factory.class = null
	ssl.key.password = null
	ssl.keymanager.algorithm = SunX509
	ssl.keystore.certificate.chain = null
	ssl.keystore.key = null
	ssl.keystore.location = null
	ssl.keystore.password = null
	ssl.keystore.type = JKS
	ssl.protocol = TLSv1.3
	ssl.provider = null
	ssl.secure.random.implementation = null
	ssl.trustmanager.algorithm = PKIX
	ssl.truststore.certificates = null
	ssl.truststore.location = null
	ssl.truststore.password = null
	ssl.truststore.type = JKS
	transaction.timeout.ms = 60000
	transactional.id = null
	value.serializer = class io.apicurio.registry.serde.avro.AvroKafkaSerializer

2025-08-06 15:36:48,360 INFO  [org.apa.kaf.com.tel.int.KafkaMetricsCollector] (main) initializing Kafka metrics collector
2025-08-06 15:36:48,365 INFO  [org.apa.kaf.cli.pro.KafkaProducer] (main) [Producer clientId=Producer-scd6a12fax4138x48bbx82caxcddbfd2e18bf] Instantiated an idempotent producer.
2025-08-06 15:36:48,368 INFO  [org.apa.kaf.cli.pro.ProducerConfig] (main) These configurations '[apicurio.registry.find-latest, apicurio.registry.url, apicurio.registry.artifact-resolver-strategy]' were supplied but are not used yet.
2025-08-06 15:36:48,368 INFO  [org.apa.kaf.com.uti.AppInfoParser] (main) Kafka version: 3.9.1
2025-08-06 15:36:48,368 INFO  [org.apa.kaf.com.uti.AppInfoParser] (main) Kafka commitId: f745dfdcee2b9851
2025-08-06 15:36:48,368 INFO  [org.apa.kaf.com.uti.AppInfoParser] (main) Kafka startTimeMs: 1754494608368
2025-08-06 15:36:48,372 INFO  [io.api.tes.ser.api.KafkaSerdesTester] (Thread-612) Sending message {"keyB": "value-0"} to topic scd6a12fax4138x48bbx82caxcddbfd2e18bf
2025-08-06 15:36:48,378 INFO  [org.apa.kaf.cli.Metadata] (kafka-producer-network-thread | Producer-scd6a12fax4138x48bbx82caxcddbfd2e18bf) [Producer clientId=Producer-scd6a12fax4138x48bbx82caxcddbfd2e18bf] Cluster ID: xNUQX5UBRx2CPqcHCglV-w
2025-08-06 15:36:48,378 INFO  [org.apa.kaf.cli.pro.int.TransactionManager] (kafka-producer-network-thread | Producer-scd6a12fax4138x48bbx82caxcddbfd2e18bf) [Producer clientId=Producer-scd6a12fax4138x48bbx82caxcddbfd2e18bf] ProducerId set to 2 with epoch 0
2025-08-06 15:36:48,550 INFO  [org.apa.kaf.cli.pro.KafkaProducer] (Thread-612) [Producer clientId=Producer-scd6a12fax4138x48bbx82caxcddbfd2e18bf] Closing the Kafka producer with timeoutMillis = 9223372036854775807 ms.
2025-08-06 15:36:48,553 INFO  [org.apa.kaf.com.met.Metrics] (Thread-612) Metrics scheduler closed
2025-08-06 15:36:48,553 INFO  [org.apa.kaf.com.met.Metrics] (Thread-612) Closing reporter org.apache.kafka.common.metrics.JmxReporter
2025-08-06 15:36:48,553 INFO  [org.apa.kaf.com.met.Metrics] (Thread-612) Closing reporter org.apache.kafka.common.telemetry.internals.ClientTelemetryReporter
2025-08-06 15:36:48,553 INFO  [org.apa.kaf.com.met.Metrics] (Thread-612) Metrics reporters closed
2025-08-06 15:36:48,554 INFO  [org.apa.kaf.com.uti.AppInfoParser] (Thread-612) App info kafka.producer for Producer-scd6a12fax4138x48bbx82caxcddbfd2e18bf unregistered
2025-08-06 15:36:48,554 INFO  [io.api.tes.uti.TestSeparator] (main) io.apicurio.tests.serdes.apicurio.AvroSerdeIT.testWrongSchema-FINISHED
2025-08-06 15:36:48,554 INFO  [io.api.tes.uti.TestSeparator] (main) ############################################################################
Test passed: testWrongSchema
]]></system-out>
    <system-err><![CDATA[io.apicurio.registry.rest.client.models.ProblemDetails
	at io.apicurio.registry.rest.client.models.ProblemDetails.createFromDiscriminatorValue(ProblemDetails.java:58)
	at io.kiota.serialization.json.JsonParseNode.getObjectValue(JsonParseNode.java:247)
	at io.kiota.http.vertx.VertXRequestAdapter.lambda$throwIfFailedResponse$0(VertXRequestAdapter.java:400)
	at com.microsoft.kiota.ApiExceptionBuilder.<init>(ApiExceptionBuilder.java:26)
	at io.kiota.http.vertx.VertXRequestAdapter.throwIfFailedResponse(VertXRequestAdapter.java:399)
	at io.kiota.http.vertx.VertXRequestAdapter.send(VertXRequestAdapter.java:170)
	at io.apicurio.registry.rest.client.groups.item.artifacts.item.versions.item.WithVersionExpressionItemRequestBuilder.get(WithVersionExpressionItemRequestBuilder.java:128)
	at io.apicurio.registry.rest.client.groups.item.artifacts.item.versions.item.WithVersionExpressionItemRequestBuilder.get(WithVersionExpressionItemRequestBuilder.java:111)
	at io.apicurio.registry.resolver.client.RegistryClientFacadeImpl.getVersionCoordinatesByGAV(RegistryClientFacadeImpl.java:159)
	at io.apicurio.registry.resolver.DefaultSchemaResolver.resolveByCoordinates(DefaultSchemaResolver.java:352)
	at io.apicurio.registry.resolver.DefaultSchemaResolver.lambda$resolveSchemaByArtifactReferenceCached$6(DefaultSchemaResolver.java:340)
	at io.apicurio.registry.resolver.cache.ERCache.lambda$getValue$0(ERCache.java:174)
	at io.apicurio.registry.resolver.cache.ERCache.retry(ERCache.java:227)
	at io.apicurio.registry.resolver.cache.ERCache.getValue(ERCache.java:173)
	at io.apicurio.registry.resolver.cache.ERCache.getByArtifactCoordinates(ERCache.java:158)
	at io.apicurio.registry.resolver.DefaultSchemaResolver.resolveSchemaByArtifactReferenceCached(DefaultSchemaResolver.java:338)
	at io.apicurio.registry.resolver.DefaultSchemaResolver.resolveSchemaByCoordinates(DefaultSchemaResolver.java:193)
	at io.apicurio.registry.resolver.DefaultSchemaResolver.getSchemaFromRegistry(DefaultSchemaResolver.java:130)
	at io.apicurio.registry.resolver.DefaultSchemaResolver.lambda$resolveSchema$0(DefaultSchemaResolver.java:84)
	at java.base/java.util.Optional.orElseGet(Optional.java:364)
	at io.apicurio.registry.resolver.DefaultSchemaResolver.resolveSchema(DefaultSchemaResolver.java:84)
	at io.apicurio.registry.serde.AbstractSerializer.serializeData(AbstractSerializer.java:62)
	at io.apicurio.registry.serde.KafkaSerializer.serialize(KafkaSerializer.java:77)
	at org.apache.kafka.clients.producer.KafkaProducer.doSend(KafkaProducer.java:1046)
	at org.apache.kafka.clients.producer.KafkaProducer.send(KafkaProducer.java:993)
	at org.apache.kafka.clients.producer.KafkaProducer.send(KafkaProducer.java:875)
	at io.apicurio.tests.serdes.apicurio.KafkaSerdesTester.lambda$produceMessages$3(KafkaSerdesTester.java:138)
	at java.base/java.util.concurrent.CompletableFuture$AsyncSupply.run(CompletableFuture.java:1768)
	at java.base/java.lang.Thread.run(Thread.java:840)
]]></system-err>
  </testcase>
  <testcase name="testAvroJSON" classname="io.apicurio.tests.serdes.apicurio.AvroSerdeIT" time="4.296">
    <system-out><![CDATA[2025-08-06 15:36:48,565 INFO  [io.api.tes.uti.TestSeparator] (main) ############################################################################
2025-08-06 15:36:48,565 INFO  [io.api.tes.uti.TestSeparator] (main) io.apicurio.tests.serdes.apicurio.AvroSerdeIT.testAvroJSON-STARTED
**** Registry Base URL: http://registry-app-pg17.apps.ci419.apicurio-testing.org:80
2025-08-06 15:36:48,569 INFO  [org.apa.kaf.cli.pro.ProducerConfig] (main) ProducerConfig values: 
	acks = -1
	auto.include.jmx.reporter = true
	batch.size = 16384
	bootstrap.servers = [PLAINTEXT://localhost:32769]
	buffer.memory = 33554432
	client.dns.lookup = use_all_dns_ips
	client.id = Producer-topic-63b2c708_7a1c_476f_b83d_f00105675ffe
	compression.gzip.level = -1
	compression.lz4.level = 9
	compression.type = none
	compression.zstd.level = 3
	connections.max.idle.ms = 10000
	delivery.timeout.ms = 120000
	enable.idempotence = true
	enable.metrics.push = true
	interceptor.classes = []
	key.serializer = class org.apache.kafka.common.serialization.StringSerializer
	linger.ms = 0
	max.block.ms = 60000
	max.in.flight.requests.per.connection = 5
	max.request.size = 1048576
	metadata.max.age.ms = 300000
	metadata.max.idle.ms = 300000
	metadata.recovery.strategy = none
	metric.reporters = []
	metrics.num.samples = 2
	metrics.recording.level = INFO
	metrics.sample.window.ms = 30000
	partitioner.adaptive.partitioning.enable = true
	partitioner.availability.timeout.ms = 0
	partitioner.class = null
	partitioner.ignore.keys = false
	receive.buffer.bytes = 32768
	reconnect.backoff.max.ms = 1000
	reconnect.backoff.ms = 50
	request.timeout.ms = 5000
	retries = 2147483647
	retry.backoff.max.ms = 1000
	retry.backoff.ms = 100
	sasl.client.callback.handler.class = null
	sasl.jaas.config = null
	sasl.kerberos.kinit.cmd = /usr/bin/kinit
	sasl.kerberos.min.time.before.relogin = 60000
	sasl.kerberos.service.name = null
	sasl.kerberos.ticket.renew.jitter = 0.05
	sasl.kerberos.ticket.renew.window.factor = 0.8
	sasl.login.callback.handler.class = null
	sasl.login.class = null
	sasl.login.connect.timeout.ms = null
	sasl.login.read.timeout.ms = null
	sasl.login.refresh.buffer.seconds = 300
	sasl.login.refresh.min.period.seconds = 60
	sasl.login.refresh.window.factor = 0.8
	sasl.login.refresh.window.jitter = 0.05
	sasl.login.retry.backoff.max.ms = 10000
	sasl.login.retry.backoff.ms = 100
	sasl.mechanism = GSSAPI
	sasl.oauthbearer.clock.skew.seconds = 30
	sasl.oauthbearer.expected.audience = null
	sasl.oauthbearer.expected.issuer = null
	sasl.oauthbearer.header.urlencode = false
	sasl.oauthbearer.jwks.endpoint.refresh.ms = 3600000
	sasl.oauthbearer.jwks.endpoint.retry.backoff.max.ms = 10000
	sasl.oauthbearer.jwks.endpoint.retry.backoff.ms = 100
	sasl.oauthbearer.jwks.endpoint.url = null
	sasl.oauthbearer.scope.claim.name = scope
	sasl.oauthbearer.sub.claim.name = sub
	sasl.oauthbearer.token.endpoint.url = null
	security.protocol = PLAINTEXT
	security.providers = null
	send.buffer.bytes = 131072
	socket.connection.setup.timeout.max.ms = 30000
	socket.connection.setup.timeout.ms = 10000
	ssl.cipher.suites = null
	ssl.enabled.protocols = [TLSv1.2, TLSv1.3]
	ssl.endpoint.identification.algorithm = https
	ssl.engine.factory.class = null
	ssl.key.password = null
	ssl.keymanager.algorithm = SunX509
	ssl.keystore.certificate.chain = null
	ssl.keystore.key = null
	ssl.keystore.location = null
	ssl.keystore.password = null
	ssl.keystore.type = JKS
	ssl.protocol = TLSv1.3
	ssl.provider = null
	ssl.secure.random.implementation = null
	ssl.trustmanager.algorithm = PKIX
	ssl.truststore.certificates = null
	ssl.truststore.location = null
	ssl.truststore.password = null
	ssl.truststore.type = JKS
	transaction.timeout.ms = 60000
	transactional.id = null
	value.serializer = class io.apicurio.registry.serde.avro.AvroKafkaSerializer

2025-08-06 15:36:48,569 INFO  [org.apa.kaf.com.tel.int.KafkaMetricsCollector] (main) initializing Kafka metrics collector
2025-08-06 15:36:48,580 INFO  [org.apa.kaf.cli.pro.KafkaProducer] (main) [Producer clientId=Producer-topic-63b2c708_7a1c_476f_b83d_f00105675ffe] Instantiated an idempotent producer.
2025-08-06 15:36:48,584 INFO  [org.apa.kaf.cli.pro.ProducerConfig] (main) These configurations '[apicurio.registry.avro.encoding, apicurio.registry.url, apicurio.registry.auto-register, apicurio.registry.artifact-resolver-strategy]' were supplied but are not used yet.
2025-08-06 15:36:48,584 INFO  [org.apa.kaf.com.uti.AppInfoParser] (main) Kafka version: 3.9.1
2025-08-06 15:36:48,584 INFO  [org.apa.kaf.com.uti.AppInfoParser] (main) Kafka commitId: f745dfdcee2b9851
2025-08-06 15:36:48,584 INFO  [org.apa.kaf.com.uti.AppInfoParser] (main) Kafka startTimeMs: 1754494608584
2025-08-06 15:36:48,585 INFO  [io.api.tes.ser.api.SimpleSerdesTesterBuilder$SimpleSerdesTester] (main) Using producer configuration: {apicurio.registry.avro.encoding=JSON, apicurio.registry.url=http://registry-app-pg17.apps.ci419.apicurio-testing.org:80/apis/registry/v3, apicurio.registry.auto-register=true, apicurio.registry.artifact-resolver-strategy=io.apicurio.registry.serde.strategy.TopicIdStrategy, value.serializer=io.apicurio.registry.serde.avro.AvroKafkaSerializer, request.timeout.ms=5000, acks=all, bootstrap.servers=PLAINTEXT://localhost:32769, connections.max.idle.ms=10000, key.serializer=org.apache.kafka.common.serialization.StringSerializer, client.id=Producer-topic-63b2c708_7a1c_476f_b83d_f00105675ffe}
2025-08-06 15:36:48,585 INFO  [io.api.tes.ser.api.SimpleSerdesTesterBuilder$SimpleSerdesTester] (main) Using consumer configuration: {apicurio.registry.avro.encoding=JSON}
2025-08-06 15:36:48,587 INFO  [io.api.tes.ser.api.KafkaSerdesTester] (Thread-615) Sending message {"bar": "value-0"} to topic topic-63b2c708_7a1c_476f_b83d_f00105675ffe
2025-08-06 15:36:48,592 WARN  [org.apa.kaf.cli.NetworkClient] (kafka-producer-network-thread | Producer-topic-63b2c708_7a1c_476f_b83d_f00105675ffe) [Producer clientId=Producer-topic-63b2c708_7a1c_476f_b83d_f00105675ffe] The metadata response from the cluster reported a recoverable issue with correlation id 1 : {topic-63b2c708_7a1c_476f_b83d_f00105675ffe=UNKNOWN_TOPIC_OR_PARTITION}
2025-08-06 15:36:48,592 INFO  [org.apa.kaf.cli.Metadata] (kafka-producer-network-thread | Producer-topic-63b2c708_7a1c_476f_b83d_f00105675ffe) [Producer clientId=Producer-topic-63b2c708_7a1c_476f_b83d_f00105675ffe] Cluster ID: xNUQX5UBRx2CPqcHCglV-w
2025-08-06 15:36:48,593 INFO  [org.apa.kaf.cli.pro.int.TransactionManager] (kafka-producer-network-thread | Producer-topic-63b2c708_7a1c_476f_b83d_f00105675ffe) [Producer clientId=Producer-topic-63b2c708_7a1c_476f_b83d_f00105675ffe] ProducerId set to 3 with epoch 0
2025-08-06 15:36:48,876 INFO  [io.api.tes.ser.api.KafkaSerdesTester] (Thread-615) Sending message {"bar": "value-1"} to topic topic-63b2c708_7a1c_476f_b83d_f00105675ffe
2025-08-06 15:36:48,879 INFO  [io.api.tes.ser.api.KafkaSerdesTester] (Thread-615) Sending message {"bar": "value-2"} to topic topic-63b2c708_7a1c_476f_b83d_f00105675ffe
2025-08-06 15:36:48,883 INFO  [io.api.tes.ser.api.KafkaSerdesTester] (Thread-615) Sending message {"bar": "value-3"} to topic topic-63b2c708_7a1c_476f_b83d_f00105675ffe
2025-08-06 15:36:48,887 INFO  [io.api.tes.ser.api.KafkaSerdesTester] (Thread-615) Sending message {"bar": "value-4"} to topic topic-63b2c708_7a1c_476f_b83d_f00105675ffe
2025-08-06 15:36:48,889 INFO  [io.api.tes.ser.api.KafkaSerdesTester] (Thread-615) Sending message {"bar": "value-5"} to topic topic-63b2c708_7a1c_476f_b83d_f00105675ffe
2025-08-06 15:36:48,892 INFO  [io.api.tes.ser.api.KafkaSerdesTester] (Thread-615) Sending message {"bar": "value-6"} to topic topic-63b2c708_7a1c_476f_b83d_f00105675ffe
2025-08-06 15:36:48,894 INFO  [io.api.tes.ser.api.KafkaSerdesTester] (Thread-615) Sending message {"bar": "value-7"} to topic topic-63b2c708_7a1c_476f_b83d_f00105675ffe
2025-08-06 15:36:48,898 INFO  [io.api.tes.ser.api.KafkaSerdesTester] (Thread-615) Sending message {"bar": "value-8"} to topic topic-63b2c708_7a1c_476f_b83d_f00105675ffe
2025-08-06 15:36:48,905 INFO  [io.api.tes.ser.api.KafkaSerdesTester] (Thread-615) Sending message {"bar": "value-9"} to topic topic-63b2c708_7a1c_476f_b83d_f00105675ffe
2025-08-06 15:36:48,908 INFO  [io.api.tes.ser.api.KafkaSerdesTester] (Thread-615) Produced 10 messages
2025-08-06 15:36:48,909 INFO  [org.apa.kaf.cli.pro.KafkaProducer] (Thread-615) [Producer clientId=Producer-topic-63b2c708_7a1c_476f_b83d_f00105675ffe] Closing the Kafka producer with timeoutMillis = 9223372036854775807 ms.
2025-08-06 15:36:48,916 INFO  [org.apa.kaf.com.met.Metrics] (Thread-615) Metrics scheduler closed
2025-08-06 15:36:48,916 INFO  [org.apa.kaf.com.met.Metrics] (Thread-615) Closing reporter org.apache.kafka.common.metrics.JmxReporter
2025-08-06 15:36:48,916 INFO  [org.apa.kaf.com.met.Metrics] (Thread-615) Closing reporter org.apache.kafka.common.telemetry.internals.ClientTelemetryReporter
2025-08-06 15:36:48,916 INFO  [org.apa.kaf.com.met.Metrics] (Thread-615) Metrics reporters closed
2025-08-06 15:36:48,916 INFO  [org.apa.kaf.com.uti.AppInfoParser] (Thread-615) App info kafka.producer for Producer-topic-63b2c708_7a1c_476f_b83d_f00105675ffe unregistered
**** Registry Base URL: http://registry-app-pg17.apps.ci419.apicurio-testing.org:80
2025-08-06 15:36:49,070 INFO  [org.apa.kaf.cli.con.ConsumerConfig] (main) ConsumerConfig values: 
	allow.auto.create.topics = true
	auto.commit.interval.ms = 500
	auto.include.jmx.reporter = true
	auto.offset.reset = earliest
	bootstrap.servers = [PLAINTEXT://localhost:32769]
	check.crcs = true
	client.dns.lookup = use_all_dns_ips
	client.id = consumer-Consumer-topic-63b2c708_7a1c_476f_b83d_f00105675ffe-3
	client.rack = 
	connections.max.idle.ms = 10000
	default.api.timeout.ms = 60000
	enable.auto.commit = true
	enable.metrics.push = true
	exclude.internal.topics = true
	fetch.max.bytes = 52428800
	fetch.max.wait.ms = 500
	fetch.min.bytes = 1
	group.id = Consumer-topic-63b2c708_7a1c_476f_b83d_f00105675ffe
	group.instance.id = null
	group.protocol = classic
	group.remote.assignor = null
	heartbeat.interval.ms = 3000
	interceptor.classes = []
	internal.leave.group.on.close = true
	internal.throw.on.fetch.stable.offset.unsupported = false
	isolation.level = read_uncommitted
	key.deserializer = class org.apache.kafka.common.serialization.StringDeserializer
	max.partition.fetch.bytes = 1048576
	max.poll.interval.ms = 300000
	max.poll.records = 500
	metadata.max.age.ms = 300000
	metadata.recovery.strategy = none
	metric.reporters = []
	metrics.num.samples = 2
	metrics.recording.level = INFO
	metrics.sample.window.ms = 30000
	partition.assignment.strategy = [class org.apache.kafka.clients.consumer.RangeAssignor, class org.apache.kafka.clients.consumer.CooperativeStickyAssignor]
	receive.buffer.bytes = 65536
	reconnect.backoff.max.ms = 1000
	reconnect.backoff.ms = 50
	request.timeout.ms = 5000
	retry.backoff.max.ms = 1000
	retry.backoff.ms = 100
	sasl.client.callback.handler.class = null
	sasl.jaas.config = null
	sasl.kerberos.kinit.cmd = /usr/bin/kinit
	sasl.kerberos.min.time.before.relogin = 60000
	sasl.kerberos.service.name = null
	sasl.kerberos.ticket.renew.jitter = 0.05
	sasl.kerberos.ticket.renew.window.factor = 0.8
	sasl.login.callback.handler.class = null
	sasl.login.class = null
	sasl.login.connect.timeout.ms = null
	sasl.login.read.timeout.ms = null
	sasl.login.refresh.buffer.seconds = 300
	sasl.login.refresh.min.period.seconds = 60
	sasl.login.refresh.window.factor = 0.8
	sasl.login.refresh.window.jitter = 0.05
	sasl.login.retry.backoff.max.ms = 10000
	sasl.login.retry.backoff.ms = 100
	sasl.mechanism = GSSAPI
	sasl.oauthbearer.clock.skew.seconds = 30
	sasl.oauthbearer.expected.audience = null
	sasl.oauthbearer.expected.issuer = null
	sasl.oauthbearer.header.urlencode = false
	sasl.oauthbearer.jwks.endpoint.refresh.ms = 3600000
	sasl.oauthbearer.jwks.endpoint.retry.backoff.max.ms = 10000
	sasl.oauthbearer.jwks.endpoint.retry.backoff.ms = 100
	sasl.oauthbearer.jwks.endpoint.url = null
	sasl.oauthbearer.scope.claim.name = scope
	sasl.oauthbearer.sub.claim.name = sub
	sasl.oauthbearer.token.endpoint.url = null
	security.protocol = PLAINTEXT
	security.providers = null
	send.buffer.bytes = 131072
	session.timeout.ms = 45000
	socket.connection.setup.timeout.max.ms = 30000
	socket.connection.setup.timeout.ms = 10000
	ssl.cipher.suites = null
	ssl.enabled.protocols = [TLSv1.2, TLSv1.3]
	ssl.endpoint.identification.algorithm = https
	ssl.engine.factory.class = null
	ssl.key.password = null
	ssl.keymanager.algorithm = SunX509
	ssl.keystore.certificate.chain = null
	ssl.keystore.key = null
	ssl.keystore.location = null
	ssl.keystore.password = null
	ssl.keystore.type = JKS
	ssl.protocol = TLSv1.3
	ssl.provider = null
	ssl.secure.random.implementation = null
	ssl.trustmanager.algorithm = PKIX
	ssl.truststore.certificates = null
	ssl.truststore.location = null
	ssl.truststore.password = null
	ssl.truststore.type = JKS
	value.deserializer = class io.apicurio.registry.serde.avro.AvroKafkaDeserializer

2025-08-06 15:36:49,070 INFO  [org.apa.kaf.com.tel.int.KafkaMetricsCollector] (main) initializing Kafka metrics collector
2025-08-06 15:36:49,079 INFO  [org.apa.kaf.cli.con.ConsumerConfig] (main) These configurations '[apicurio.registry.avro.encoding, apicurio.registry.url]' were supplied but are not used yet.
2025-08-06 15:36:49,079 INFO  [org.apa.kaf.com.uti.AppInfoParser] (main) Kafka version: 3.9.1
2025-08-06 15:36:49,079 INFO  [org.apa.kaf.com.uti.AppInfoParser] (main) Kafka commitId: f745dfdcee2b9851
2025-08-06 15:36:49,079 INFO  [org.apa.kaf.com.uti.AppInfoParser] (main) Kafka startTimeMs: 1754494609079
2025-08-06 15:36:49,080 INFO  [org.apa.kaf.cli.con.int.ClassicKafkaConsumer] (Thread-618) [Consumer clientId=consumer-Consumer-topic-63b2c708_7a1c_476f_b83d_f00105675ffe-3, groupId=Consumer-topic-63b2c708_7a1c_476f_b83d_f00105675ffe] Subscribed to topic(s): topic-63b2c708_7a1c_476f_b83d_f00105675ffe
2025-08-06 15:36:49,087 INFO  [org.apa.kaf.cli.Metadata] (Thread-618) [Consumer clientId=consumer-Consumer-topic-63b2c708_7a1c_476f_b83d_f00105675ffe-3, groupId=Consumer-topic-63b2c708_7a1c_476f_b83d_f00105675ffe] Cluster ID: xNUQX5UBRx2CPqcHCglV-w
2025-08-06 15:36:49,089 INFO  [org.apa.kaf.cli.con.int.ConsumerCoordinator] (Thread-618) [Consumer clientId=consumer-Consumer-topic-63b2c708_7a1c_476f_b83d_f00105675ffe-3, groupId=Consumer-topic-63b2c708_7a1c_476f_b83d_f00105675ffe] Discovered group coordinator localhost:32769 (id: 2147483647 rack: null)
2025-08-06 15:36:49,091 INFO  [org.apa.kaf.cli.con.int.ConsumerCoordinator] (Thread-618) [Consumer clientId=consumer-Consumer-topic-63b2c708_7a1c_476f_b83d_f00105675ffe-3, groupId=Consumer-topic-63b2c708_7a1c_476f_b83d_f00105675ffe] (Re-)joining group
2025-08-06 15:36:49,096 INFO  [org.apa.kaf.cli.con.int.ConsumerCoordinator] (Thread-618) [Consumer clientId=consumer-Consumer-topic-63b2c708_7a1c_476f_b83d_f00105675ffe-3, groupId=Consumer-topic-63b2c708_7a1c_476f_b83d_f00105675ffe] Request joining group due to: need to re-join with the given member-id: consumer-Consumer-topic-63b2c708_7a1c_476f_b83d_f00105675ffe-3-25cefe4c-0cc4-46e1-b71b-a2232f314d2d
2025-08-06 15:36:49,096 INFO  [org.apa.kaf.cli.con.int.ConsumerCoordinator] (Thread-618) [Consumer clientId=consumer-Consumer-topic-63b2c708_7a1c_476f_b83d_f00105675ffe-3, groupId=Consumer-topic-63b2c708_7a1c_476f_b83d_f00105675ffe] (Re-)joining group
2025-08-06 15:36:50,081 INFO  [io.api.tes.ser.api.KafkaSerdesTester] (Thread-618) None found
2025-08-06 15:36:51,081 INFO  [io.api.tes.ser.api.KafkaSerdesTester] (Thread-618) None found
2025-08-06 15:36:52,082 INFO  [io.api.tes.ser.api.KafkaSerdesTester] (Thread-618) None found
2025-08-06 15:36:52,099 INFO  [org.apa.kaf.cli.con.int.ConsumerCoordinator] (Thread-618) [Consumer clientId=consumer-Consumer-topic-63b2c708_7a1c_476f_b83d_f00105675ffe-3, groupId=Consumer-topic-63b2c708_7a1c_476f_b83d_f00105675ffe] Successfully joined group with generation Generation{generationId=1, memberId='consumer-Consumer-topic-63b2c708_7a1c_476f_b83d_f00105675ffe-3-25cefe4c-0cc4-46e1-b71b-a2232f314d2d', protocol='range'}
2025-08-06 15:36:52,099 INFO  [org.apa.kaf.cli.con.int.ConsumerCoordinator] (Thread-618) [Consumer clientId=consumer-Consumer-topic-63b2c708_7a1c_476f_b83d_f00105675ffe-3, groupId=Consumer-topic-63b2c708_7a1c_476f_b83d_f00105675ffe] Finished assignment for group at generation 1: {consumer-Consumer-topic-63b2c708_7a1c_476f_b83d_f00105675ffe-3-25cefe4c-0cc4-46e1-b71b-a2232f314d2d=Assignment(partitions=[topic-63b2c708_7a1c_476f_b83d_f00105675ffe-0])}
2025-08-06 15:36:52,107 INFO  [org.apa.kaf.cli.con.int.ConsumerCoordinator] (Thread-618) [Consumer clientId=consumer-Consumer-topic-63b2c708_7a1c_476f_b83d_f00105675ffe-3, groupId=Consumer-topic-63b2c708_7a1c_476f_b83d_f00105675ffe] Successfully synced group in generation Generation{generationId=1, memberId='consumer-Consumer-topic-63b2c708_7a1c_476f_b83d_f00105675ffe-3-25cefe4c-0cc4-46e1-b71b-a2232f314d2d', protocol='range'}
2025-08-06 15:36:52,107 INFO  [org.apa.kaf.cli.con.int.ConsumerCoordinator] (Thread-618) [Consumer clientId=consumer-Consumer-topic-63b2c708_7a1c_476f_b83d_f00105675ffe-3, groupId=Consumer-topic-63b2c708_7a1c_476f_b83d_f00105675ffe] Notifying assignor about the new Assignment(partitions=[topic-63b2c708_7a1c_476f_b83d_f00105675ffe-0])
2025-08-06 15:36:52,107 INFO  [org.apa.kaf.cli.con.int.ConsumerRebalanceListenerInvoker] (Thread-618) [Consumer clientId=consumer-Consumer-topic-63b2c708_7a1c_476f_b83d_f00105675ffe-3, groupId=Consumer-topic-63b2c708_7a1c_476f_b83d_f00105675ffe] Adding newly assigned partitions: topic-63b2c708_7a1c_476f_b83d_f00105675ffe-0
2025-08-06 15:36:52,108 INFO  [org.apa.kaf.cli.con.int.ConsumerCoordinator] (Thread-618) [Consumer clientId=consumer-Consumer-topic-63b2c708_7a1c_476f_b83d_f00105675ffe-3, groupId=Consumer-topic-63b2c708_7a1c_476f_b83d_f00105675ffe] Found no committed offset for partition topic-63b2c708_7a1c_476f_b83d_f00105675ffe-0
2025-08-06 15:36:52,116 INFO  [org.apa.kaf.cli.con.int.SubscriptionState] (Thread-618) [Consumer clientId=consumer-Consumer-topic-63b2c708_7a1c_476f_b83d_f00105675ffe-3, groupId=Consumer-topic-63b2c708_7a1c_476f_b83d_f00105675ffe] Resetting offset for partition topic-63b2c708_7a1c_476f_b83d_f00105675ffe-0 to position FetchPosition{offset=0, offsetEpoch=Optional.empty, currentLeader=LeaderAndEpoch{leader=Optional[localhost:32769 (id: 0 rack: null)], epoch=0}}.
2025-08-06 15:36:52,346 INFO  [io.api.tes.ser.api.KafkaSerdesTester] (Thread-618) topic-63b2c708_7a1c_476f_b83d_f00105675ffe 0 0 {"bar": "value-0"}
2025-08-06 15:36:52,346 INFO  [io.api.tes.ser.api.KafkaSerdesTester] (Thread-618) topic-63b2c708_7a1c_476f_b83d_f00105675ffe 0 1 {"bar": "value-1"}
2025-08-06 15:36:52,346 INFO  [io.api.tes.ser.api.KafkaSerdesTester] (Thread-618) topic-63b2c708_7a1c_476f_b83d_f00105675ffe 0 2 {"bar": "value-2"}
2025-08-06 15:36:52,346 INFO  [io.api.tes.ser.api.KafkaSerdesTester] (Thread-618) topic-63b2c708_7a1c_476f_b83d_f00105675ffe 0 3 {"bar": "value-3"}
2025-08-06 15:36:52,346 INFO  [io.api.tes.ser.api.KafkaSerdesTester] (Thread-618) topic-63b2c708_7a1c_476f_b83d_f00105675ffe 0 4 {"bar": "value-4"}
2025-08-06 15:36:52,346 INFO  [io.api.tes.ser.api.KafkaSerdesTester] (Thread-618) topic-63b2c708_7a1c_476f_b83d_f00105675ffe 0 5 {"bar": "value-5"}
2025-08-06 15:36:52,346 INFO  [io.api.tes.ser.api.KafkaSerdesTester] (Thread-618) topic-63b2c708_7a1c_476f_b83d_f00105675ffe 0 6 {"bar": "value-6"}
2025-08-06 15:36:52,347 INFO  [io.api.tes.ser.api.KafkaSerdesTester] (Thread-618) topic-63b2c708_7a1c_476f_b83d_f00105675ffe 0 7 {"bar": "value-7"}
2025-08-06 15:36:52,347 INFO  [io.api.tes.ser.api.KafkaSerdesTester] (Thread-618) topic-63b2c708_7a1c_476f_b83d_f00105675ffe 0 8 {"bar": "value-8"}
2025-08-06 15:36:52,347 INFO  [io.api.tes.ser.api.KafkaSerdesTester] (Thread-618) topic-63b2c708_7a1c_476f_b83d_f00105675ffe 0 9 {"bar": "value-9"}
2025-08-06 15:36:52,347 INFO  [io.api.tes.ser.api.KafkaSerdesTester] (Thread-618) Consumed 10 messages
2025-08-06 15:36:52,356 INFO  [org.apa.kaf.cli.con.int.ConsumerRebalanceListenerInvoker] (Thread-618) [Consumer clientId=consumer-Consumer-topic-63b2c708_7a1c_476f_b83d_f00105675ffe-3, groupId=Consumer-topic-63b2c708_7a1c_476f_b83d_f00105675ffe] Revoke previously assigned partitions topic-63b2c708_7a1c_476f_b83d_f00105675ffe-0
2025-08-06 15:36:52,356 INFO  [org.apa.kaf.cli.con.int.ConsumerCoordinator] (Thread-618) [Consumer clientId=consumer-Consumer-topic-63b2c708_7a1c_476f_b83d_f00105675ffe-3, groupId=Consumer-topic-63b2c708_7a1c_476f_b83d_f00105675ffe] Member consumer-Consumer-topic-63b2c708_7a1c_476f_b83d_f00105675ffe-3-25cefe4c-0cc4-46e1-b71b-a2232f314d2d sending LeaveGroup request to coordinator localhost:32769 (id: 2147483647 rack: null) due to the consumer is being closed
2025-08-06 15:36:52,356 INFO  [org.apa.kaf.cli.con.int.ConsumerCoordinator] (Thread-618) [Consumer clientId=consumer-Consumer-topic-63b2c708_7a1c_476f_b83d_f00105675ffe-3, groupId=Consumer-topic-63b2c708_7a1c_476f_b83d_f00105675ffe] Resetting generation and member id due to: consumer pro-actively leaving the group
2025-08-06 15:36:52,357 INFO  [org.apa.kaf.cli.con.int.ConsumerCoordinator] (Thread-618) [Consumer clientId=consumer-Consumer-topic-63b2c708_7a1c_476f_b83d_f00105675ffe-3, groupId=Consumer-topic-63b2c708_7a1c_476f_b83d_f00105675ffe] Request joining group due to: consumer pro-actively leaving the group
2025-08-06 15:36:52,849 INFO  [org.apa.kaf.com.met.Metrics] (Thread-618) Metrics scheduler closed
2025-08-06 15:36:52,850 INFO  [org.apa.kaf.com.met.Metrics] (Thread-618) Closing reporter org.apache.kafka.common.metrics.JmxReporter
2025-08-06 15:36:52,850 INFO  [org.apa.kaf.com.met.Metrics] (Thread-618) Closing reporter org.apache.kafka.common.telemetry.internals.ClientTelemetryReporter
2025-08-06 15:36:52,850 INFO  [org.apa.kaf.com.met.Metrics] (Thread-618) Metrics reporters closed
2025-08-06 15:36:52,853 INFO  [org.apa.kaf.com.uti.AppInfoParser] (Thread-618) App info kafka.consumer for consumer-Consumer-topic-63b2c708_7a1c_476f_b83d_f00105675ffe-3 unregistered
2025-08-06 15:36:52,854 INFO  [io.api.tes.uti.TestSeparator] (main) io.apicurio.tests.serdes.apicurio.AvroSerdeIT.testAvroJSON-FINISHED
2025-08-06 15:36:52,855 INFO  [io.api.tes.uti.TestSeparator] (main) ############################################################################
Test passed: testAvroJSON
]]></system-out>
  </testcase>
  <testcase name="testTopicIdStrategyAutoRegister" classname="io.apicurio.tests.serdes.apicurio.AvroSerdeIT" time="4.416">
    <system-out><![CDATA[2025-08-06 15:36:52,857 INFO  [io.api.tes.uti.TestSeparator] (main) ############################################################################
2025-08-06 15:36:52,857 INFO  [io.api.tes.uti.TestSeparator] (main) io.apicurio.tests.serdes.apicurio.AvroSerdeIT.testTopicIdStrategyAutoRegister-STARTED
**** Registry Base URL: http://registry-app-pg17.apps.ci419.apicurio-testing.org:80
2025-08-06 15:36:52,861 INFO  [org.apa.kaf.cli.pro.ProducerConfig] (main) ProducerConfig values: 
	acks = -1
	auto.include.jmx.reporter = true
	batch.size = 16384
	bootstrap.servers = [PLAINTEXT://localhost:32769]
	buffer.memory = 33554432
	client.dns.lookup = use_all_dns_ips
	client.id = Producer-topic-a1559bc8_b268_4878_b1be_b4cdfcd905bf
	compression.gzip.level = -1
	compression.lz4.level = 9
	compression.type = none
	compression.zstd.level = 3
	connections.max.idle.ms = 10000
	delivery.timeout.ms = 120000
	enable.idempotence = true
	enable.metrics.push = true
	interceptor.classes = []
	key.serializer = class org.apache.kafka.common.serialization.StringSerializer
	linger.ms = 0
	max.block.ms = 60000
	max.in.flight.requests.per.connection = 5
	max.request.size = 1048576
	metadata.max.age.ms = 300000
	metadata.max.idle.ms = 300000
	metadata.recovery.strategy = none
	metric.reporters = []
	metrics.num.samples = 2
	metrics.recording.level = INFO
	metrics.sample.window.ms = 30000
	partitioner.adaptive.partitioning.enable = true
	partitioner.availability.timeout.ms = 0
	partitioner.class = null
	partitioner.ignore.keys = false
	receive.buffer.bytes = 32768
	reconnect.backoff.max.ms = 1000
	reconnect.backoff.ms = 50
	request.timeout.ms = 5000
	retries = 2147483647
	retry.backoff.max.ms = 1000
	retry.backoff.ms = 100
	sasl.client.callback.handler.class = null
	sasl.jaas.config = null
	sasl.kerberos.kinit.cmd = /usr/bin/kinit
	sasl.kerberos.min.time.before.relogin = 60000
	sasl.kerberos.service.name = null
	sasl.kerberos.ticket.renew.jitter = 0.05
	sasl.kerberos.ticket.renew.window.factor = 0.8
	sasl.login.callback.handler.class = null
	sasl.login.class = null
	sasl.login.connect.timeout.ms = null
	sasl.login.read.timeout.ms = null
	sasl.login.refresh.buffer.seconds = 300
	sasl.login.refresh.min.period.seconds = 60
	sasl.login.refresh.window.factor = 0.8
	sasl.login.refresh.window.jitter = 0.05
	sasl.login.retry.backoff.max.ms = 10000
	sasl.login.retry.backoff.ms = 100
	sasl.mechanism = GSSAPI
	sasl.oauthbearer.clock.skew.seconds = 30
	sasl.oauthbearer.expected.audience = null
	sasl.oauthbearer.expected.issuer = null
	sasl.oauthbearer.header.urlencode = false
	sasl.oauthbearer.jwks.endpoint.refresh.ms = 3600000
	sasl.oauthbearer.jwks.endpoint.retry.backoff.max.ms = 10000
	sasl.oauthbearer.jwks.endpoint.retry.backoff.ms = 100
	sasl.oauthbearer.jwks.endpoint.url = null
	sasl.oauthbearer.scope.claim.name = scope
	sasl.oauthbearer.sub.claim.name = sub
	sasl.oauthbearer.token.endpoint.url = null
	security.protocol = PLAINTEXT
	security.providers = null
	send.buffer.bytes = 131072
	socket.connection.setup.timeout.max.ms = 30000
	socket.connection.setup.timeout.ms = 10000
	ssl.cipher.suites = null
	ssl.enabled.protocols = [TLSv1.2, TLSv1.3]
	ssl.endpoint.identification.algorithm = https
	ssl.engine.factory.class = null
	ssl.key.password = null
	ssl.keymanager.algorithm = SunX509
	ssl.keystore.certificate.chain = null
	ssl.keystore.key = null
	ssl.keystore.location = null
	ssl.keystore.password = null
	ssl.keystore.type = JKS
	ssl.protocol = TLSv1.3
	ssl.provider = null
	ssl.secure.random.implementation = null
	ssl.trustmanager.algorithm = PKIX
	ssl.truststore.certificates = null
	ssl.truststore.location = null
	ssl.truststore.password = null
	ssl.truststore.type = JKS
	transaction.timeout.ms = 60000
	transactional.id = null
	value.serializer = class io.apicurio.registry.serde.avro.AvroKafkaSerializer

2025-08-06 15:36:52,866 INFO  [org.apa.kaf.com.tel.int.KafkaMetricsCollector] (main) initializing Kafka metrics collector
2025-08-06 15:36:52,876 INFO  [org.apa.kaf.cli.pro.KafkaProducer] (main) [Producer clientId=Producer-topic-a1559bc8_b268_4878_b1be_b4cdfcd905bf] Instantiated an idempotent producer.
2025-08-06 15:36:52,880 INFO  [org.apa.kaf.cli.pro.ProducerConfig] (main) These configurations '[apicurio.registry.url, apicurio.registry.auto-register, apicurio.registry.artifact-resolver-strategy]' were supplied but are not used yet.
2025-08-06 15:36:52,880 INFO  [org.apa.kaf.com.uti.AppInfoParser] (main) Kafka version: 3.9.1
2025-08-06 15:36:52,880 INFO  [org.apa.kaf.com.uti.AppInfoParser] (main) Kafka commitId: f745dfdcee2b9851
2025-08-06 15:36:52,880 INFO  [org.apa.kaf.com.uti.AppInfoParser] (main) Kafka startTimeMs: 1754494612880
2025-08-06 15:36:52,881 INFO  [io.api.tes.ser.api.SimpleSerdesTesterBuilder$SimpleSerdesTester] (main) Using producer configuration: {apicurio.registry.url=http://registry-app-pg17.apps.ci419.apicurio-testing.org:80/apis/registry/v3, apicurio.registry.auto-register=true, apicurio.registry.artifact-resolver-strategy=io.apicurio.registry.serde.strategy.TopicIdStrategy, value.serializer=io.apicurio.registry.serde.avro.AvroKafkaSerializer, request.timeout.ms=5000, acks=all, bootstrap.servers=PLAINTEXT://localhost:32769, connections.max.idle.ms=10000, key.serializer=org.apache.kafka.common.serialization.StringSerializer, client.id=Producer-topic-a1559bc8_b268_4878_b1be_b4cdfcd905bf}
2025-08-06 15:36:52,881 INFO  [io.api.tes.ser.api.SimpleSerdesTesterBuilder$SimpleSerdesTester] (main) Using consumer configuration: {}
2025-08-06 15:36:52,884 INFO  [io.api.tes.ser.api.KafkaSerdesTester] (Thread-621) Sending message {"key11754494612859": "value-0"} to topic topic-a1559bc8_b268_4878_b1be_b4cdfcd905bf
2025-08-06 15:36:52,890 WARN  [org.apa.kaf.cli.NetworkClient] (kafka-producer-network-thread | Producer-topic-a1559bc8_b268_4878_b1be_b4cdfcd905bf) [Producer clientId=Producer-topic-a1559bc8_b268_4878_b1be_b4cdfcd905bf] The metadata response from the cluster reported a recoverable issue with correlation id 1 : {topic-a1559bc8_b268_4878_b1be_b4cdfcd905bf=UNKNOWN_TOPIC_OR_PARTITION}
2025-08-06 15:36:52,890 INFO  [org.apa.kaf.cli.Metadata] (kafka-producer-network-thread | Producer-topic-a1559bc8_b268_4878_b1be_b4cdfcd905bf) [Producer clientId=Producer-topic-a1559bc8_b268_4878_b1be_b4cdfcd905bf] Cluster ID: xNUQX5UBRx2CPqcHCglV-w
2025-08-06 15:36:52,892 INFO  [org.apa.kaf.cli.pro.int.TransactionManager] (kafka-producer-network-thread | Producer-topic-a1559bc8_b268_4878_b1be_b4cdfcd905bf) [Producer clientId=Producer-topic-a1559bc8_b268_4878_b1be_b4cdfcd905bf] ProducerId set to 4 with epoch 0
2025-08-06 15:36:53,169 INFO  [io.api.tes.ser.api.KafkaSerdesTester] (Thread-621) Sending message {"key11754494612859": "value-1"} to topic topic-a1559bc8_b268_4878_b1be_b4cdfcd905bf
2025-08-06 15:36:53,172 INFO  [io.api.tes.ser.api.KafkaSerdesTester] (Thread-621) Sending message {"key11754494612859": "value-2"} to topic topic-a1559bc8_b268_4878_b1be_b4cdfcd905bf
2025-08-06 15:36:53,174 INFO  [io.api.tes.ser.api.KafkaSerdesTester] (Thread-621) Sending message {"key11754494612859": "value-3"} to topic topic-a1559bc8_b268_4878_b1be_b4cdfcd905bf
2025-08-06 15:36:53,177 INFO  [io.api.tes.ser.api.KafkaSerdesTester] (Thread-621) Sending message {"key11754494612859": "value-4"} to topic topic-a1559bc8_b268_4878_b1be_b4cdfcd905bf
2025-08-06 15:36:53,179 INFO  [io.api.tes.ser.api.KafkaSerdesTester] (Thread-621) Sending message {"key11754494612859": "value-5"} to topic topic-a1559bc8_b268_4878_b1be_b4cdfcd905bf
2025-08-06 15:36:53,182 INFO  [io.api.tes.ser.api.KafkaSerdesTester] (Thread-621) Sending message {"key11754494612859": "value-6"} to topic topic-a1559bc8_b268_4878_b1be_b4cdfcd905bf
2025-08-06 15:36:53,184 INFO  [io.api.tes.ser.api.KafkaSerdesTester] (Thread-621) Sending message {"key11754494612859": "value-7"} to topic topic-a1559bc8_b268_4878_b1be_b4cdfcd905bf
2025-08-06 15:36:53,189 INFO  [io.api.tes.ser.api.KafkaSerdesTester] (Thread-621) Sending message {"key11754494612859": "value-8"} to topic topic-a1559bc8_b268_4878_b1be_b4cdfcd905bf
2025-08-06 15:36:53,190 INFO  [io.api.tes.ser.api.KafkaSerdesTester] (Thread-621) Sending message {"key11754494612859": "value-9"} to topic topic-a1559bc8_b268_4878_b1be_b4cdfcd905bf
2025-08-06 15:36:53,192 INFO  [io.api.tes.ser.api.KafkaSerdesTester] (Thread-621) Produced 10 messages
2025-08-06 15:36:53,192 INFO  [org.apa.kaf.cli.pro.KafkaProducer] (Thread-621) [Producer clientId=Producer-topic-a1559bc8_b268_4878_b1be_b4cdfcd905bf] Closing the Kafka producer with timeoutMillis = 9223372036854775807 ms.
2025-08-06 15:36:53,196 INFO  [org.apa.kaf.com.met.Metrics] (Thread-621) Metrics scheduler closed
2025-08-06 15:36:53,196 INFO  [org.apa.kaf.com.met.Metrics] (Thread-621) Closing reporter org.apache.kafka.common.metrics.JmxReporter
2025-08-06 15:36:53,196 INFO  [org.apa.kaf.com.met.Metrics] (Thread-621) Closing reporter org.apache.kafka.common.telemetry.internals.ClientTelemetryReporter
2025-08-06 15:36:53,196 INFO  [org.apa.kaf.com.met.Metrics] (Thread-621) Metrics reporters closed
2025-08-06 15:36:53,197 INFO  [org.apa.kaf.com.uti.AppInfoParser] (Thread-621) App info kafka.producer for Producer-topic-a1559bc8_b268_4878_b1be_b4cdfcd905bf unregistered
**** Registry Base URL: http://registry-app-pg17.apps.ci419.apicurio-testing.org:80
2025-08-06 15:36:53,346 INFO  [org.apa.kaf.cli.con.ConsumerConfig] (main) ConsumerConfig values: 
	allow.auto.create.topics = true
	auto.commit.interval.ms = 500
	auto.include.jmx.reporter = true
	auto.offset.reset = earliest
	bootstrap.servers = [PLAINTEXT://localhost:32769]
	check.crcs = true
	client.dns.lookup = use_all_dns_ips
	client.id = consumer-Consumer-topic-a1559bc8_b268_4878_b1be_b4cdfcd905bf-4
	client.rack = 
	connections.max.idle.ms = 10000
	default.api.timeout.ms = 60000
	enable.auto.commit = true
	enable.metrics.push = true
	exclude.internal.topics = true
	fetch.max.bytes = 52428800
	fetch.max.wait.ms = 500
	fetch.min.bytes = 1
	group.id = Consumer-topic-a1559bc8_b268_4878_b1be_b4cdfcd905bf
	group.instance.id = null
	group.protocol = classic
	group.remote.assignor = null
	heartbeat.interval.ms = 3000
	interceptor.classes = []
	internal.leave.group.on.close = true
	internal.throw.on.fetch.stable.offset.unsupported = false
	isolation.level = read_uncommitted
	key.deserializer = class org.apache.kafka.common.serialization.StringDeserializer
	max.partition.fetch.bytes = 1048576
	max.poll.interval.ms = 300000
	max.poll.records = 500
	metadata.max.age.ms = 300000
	metadata.recovery.strategy = none
	metric.reporters = []
	metrics.num.samples = 2
	metrics.recording.level = INFO
	metrics.sample.window.ms = 30000
	partition.assignment.strategy = [class org.apache.kafka.clients.consumer.RangeAssignor, class org.apache.kafka.clients.consumer.CooperativeStickyAssignor]
	receive.buffer.bytes = 65536
	reconnect.backoff.max.ms = 1000
	reconnect.backoff.ms = 50
	request.timeout.ms = 5000
	retry.backoff.max.ms = 1000
	retry.backoff.ms = 100
	sasl.client.callback.handler.class = null
	sasl.jaas.config = null
	sasl.kerberos.kinit.cmd = /usr/bin/kinit
	sasl.kerberos.min.time.before.relogin = 60000
	sasl.kerberos.service.name = null
	sasl.kerberos.ticket.renew.jitter = 0.05
	sasl.kerberos.ticket.renew.window.factor = 0.8
	sasl.login.callback.handler.class = null
	sasl.login.class = null
	sasl.login.connect.timeout.ms = null
	sasl.login.read.timeout.ms = null
	sasl.login.refresh.buffer.seconds = 300
	sasl.login.refresh.min.period.seconds = 60
	sasl.login.refresh.window.factor = 0.8
	sasl.login.refresh.window.jitter = 0.05
	sasl.login.retry.backoff.max.ms = 10000
	sasl.login.retry.backoff.ms = 100
	sasl.mechanism = GSSAPI
	sasl.oauthbearer.clock.skew.seconds = 30
	sasl.oauthbearer.expected.audience = null
	sasl.oauthbearer.expected.issuer = null
	sasl.oauthbearer.header.urlencode = false
	sasl.oauthbearer.jwks.endpoint.refresh.ms = 3600000
	sasl.oauthbearer.jwks.endpoint.retry.backoff.max.ms = 10000
	sasl.oauthbearer.jwks.endpoint.retry.backoff.ms = 100
	sasl.oauthbearer.jwks.endpoint.url = null
	sasl.oauthbearer.scope.claim.name = scope
	sasl.oauthbearer.sub.claim.name = sub
	sasl.oauthbearer.token.endpoint.url = null
	security.protocol = PLAINTEXT
	security.providers = null
	send.buffer.bytes = 131072
	session.timeout.ms = 45000
	socket.connection.setup.timeout.max.ms = 30000
	socket.connection.setup.timeout.ms = 10000
	ssl.cipher.suites = null
	ssl.enabled.protocols = [TLSv1.2, TLSv1.3]
	ssl.endpoint.identification.algorithm = https
	ssl.engine.factory.class = null
	ssl.key.password = null
	ssl.keymanager.algorithm = SunX509
	ssl.keystore.certificate.chain = null
	ssl.keystore.key = null
	ssl.keystore.location = null
	ssl.keystore.password = null
	ssl.keystore.type = JKS
	ssl.protocol = TLSv1.3
	ssl.provider = null
	ssl.secure.random.implementation = null
	ssl.trustmanager.algorithm = PKIX
	ssl.truststore.certificates = null
	ssl.truststore.location = null
	ssl.truststore.password = null
	ssl.truststore.type = JKS
	value.deserializer = class io.apicurio.registry.serde.avro.AvroKafkaDeserializer

2025-08-06 15:36:53,346 INFO  [org.apa.kaf.com.tel.int.KafkaMetricsCollector] (main) initializing Kafka metrics collector
2025-08-06 15:36:53,354 INFO  [org.apa.kaf.cli.con.ConsumerConfig] (main) These configurations '[apicurio.registry.url]' were supplied but are not used yet.
2025-08-06 15:36:53,354 INFO  [org.apa.kaf.com.uti.AppInfoParser] (main) Kafka version: 3.9.1
2025-08-06 15:36:53,354 INFO  [org.apa.kaf.com.uti.AppInfoParser] (main) Kafka commitId: f745dfdcee2b9851
2025-08-06 15:36:53,354 INFO  [org.apa.kaf.com.uti.AppInfoParser] (main) Kafka startTimeMs: 1754494613354
2025-08-06 15:36:53,355 INFO  [org.apa.kaf.cli.con.int.ClassicKafkaConsumer] (Thread-624) [Consumer clientId=consumer-Consumer-topic-a1559bc8_b268_4878_b1be_b4cdfcd905bf-4, groupId=Consumer-topic-a1559bc8_b268_4878_b1be_b4cdfcd905bf] Subscribed to topic(s): topic-a1559bc8_b268_4878_b1be_b4cdfcd905bf
2025-08-06 15:36:53,363 INFO  [org.apa.kaf.cli.Metadata] (Thread-624) [Consumer clientId=consumer-Consumer-topic-a1559bc8_b268_4878_b1be_b4cdfcd905bf-4, groupId=Consumer-topic-a1559bc8_b268_4878_b1be_b4cdfcd905bf] Cluster ID: xNUQX5UBRx2CPqcHCglV-w
2025-08-06 15:36:53,364 INFO  [org.apa.kaf.cli.con.int.ConsumerCoordinator] (Thread-624) [Consumer clientId=consumer-Consumer-topic-a1559bc8_b268_4878_b1be_b4cdfcd905bf-4, groupId=Consumer-topic-a1559bc8_b268_4878_b1be_b4cdfcd905bf] Discovered group coordinator localhost:32769 (id: 2147483647 rack: null)
2025-08-06 15:36:53,367 INFO  [org.apa.kaf.cli.con.int.ConsumerCoordinator] (Thread-624) [Consumer clientId=consumer-Consumer-topic-a1559bc8_b268_4878_b1be_b4cdfcd905bf-4, groupId=Consumer-topic-a1559bc8_b268_4878_b1be_b4cdfcd905bf] (Re-)joining group
2025-08-06 15:36:53,372 INFO  [org.apa.kaf.cli.con.int.ConsumerCoordinator] (Thread-624) [Consumer clientId=consumer-Consumer-topic-a1559bc8_b268_4878_b1be_b4cdfcd905bf-4, groupId=Consumer-topic-a1559bc8_b268_4878_b1be_b4cdfcd905bf] Request joining group due to: need to re-join with the given member-id: consumer-Consumer-topic-a1559bc8_b268_4878_b1be_b4cdfcd905bf-4-60d8eec4-82c7-4c2d-a378-56b91f56ac86
2025-08-06 15:36:53,373 INFO  [org.apa.kaf.cli.con.int.ConsumerCoordinator] (Thread-624) [Consumer clientId=consumer-Consumer-topic-a1559bc8_b268_4878_b1be_b4cdfcd905bf-4, groupId=Consumer-topic-a1559bc8_b268_4878_b1be_b4cdfcd905bf] (Re-)joining group
2025-08-06 15:36:54,355 INFO  [io.api.tes.ser.api.KafkaSerdesTester] (Thread-624) None found
2025-08-06 15:36:55,355 INFO  [io.api.tes.ser.api.KafkaSerdesTester] (Thread-624) None found
2025-08-06 15:36:56,356 INFO  [io.api.tes.ser.api.KafkaSerdesTester] (Thread-624) None found
2025-08-06 15:36:56,375 INFO  [org.apa.kaf.cli.con.int.ConsumerCoordinator] (Thread-624) [Consumer clientId=consumer-Consumer-topic-a1559bc8_b268_4878_b1be_b4cdfcd905bf-4, groupId=Consumer-topic-a1559bc8_b268_4878_b1be_b4cdfcd905bf] Successfully joined group with generation Generation{generationId=1, memberId='consumer-Consumer-topic-a1559bc8_b268_4878_b1be_b4cdfcd905bf-4-60d8eec4-82c7-4c2d-a378-56b91f56ac86', protocol='range'}
2025-08-06 15:36:56,376 INFO  [org.apa.kaf.cli.con.int.ConsumerCoordinator] (Thread-624) [Consumer clientId=consumer-Consumer-topic-a1559bc8_b268_4878_b1be_b4cdfcd905bf-4, groupId=Consumer-topic-a1559bc8_b268_4878_b1be_b4cdfcd905bf] Finished assignment for group at generation 1: {consumer-Consumer-topic-a1559bc8_b268_4878_b1be_b4cdfcd905bf-4-60d8eec4-82c7-4c2d-a378-56b91f56ac86=Assignment(partitions=[topic-a1559bc8_b268_4878_b1be_b4cdfcd905bf-0])}
2025-08-06 15:36:56,383 INFO  [org.apa.kaf.cli.con.int.ConsumerCoordinator] (Thread-624) [Consumer clientId=consumer-Consumer-topic-a1559bc8_b268_4878_b1be_b4cdfcd905bf-4, groupId=Consumer-topic-a1559bc8_b268_4878_b1be_b4cdfcd905bf] Successfully synced group in generation Generation{generationId=1, memberId='consumer-Consumer-topic-a1559bc8_b268_4878_b1be_b4cdfcd905bf-4-60d8eec4-82c7-4c2d-a378-56b91f56ac86', protocol='range'}
2025-08-06 15:36:56,384 INFO  [org.apa.kaf.cli.con.int.ConsumerCoordinator] (Thread-624) [Consumer clientId=consumer-Consumer-topic-a1559bc8_b268_4878_b1be_b4cdfcd905bf-4, groupId=Consumer-topic-a1559bc8_b268_4878_b1be_b4cdfcd905bf] Notifying assignor about the new Assignment(partitions=[topic-a1559bc8_b268_4878_b1be_b4cdfcd905bf-0])
2025-08-06 15:36:56,384 INFO  [org.apa.kaf.cli.con.int.ConsumerRebalanceListenerInvoker] (Thread-624) [Consumer clientId=consumer-Consumer-topic-a1559bc8_b268_4878_b1be_b4cdfcd905bf-4, groupId=Consumer-topic-a1559bc8_b268_4878_b1be_b4cdfcd905bf] Adding newly assigned partitions: topic-a1559bc8_b268_4878_b1be_b4cdfcd905bf-0
2025-08-06 15:36:56,385 INFO  [org.apa.kaf.cli.con.int.ConsumerCoordinator] (Thread-624) [Consumer clientId=consumer-Consumer-topic-a1559bc8_b268_4878_b1be_b4cdfcd905bf-4, groupId=Consumer-topic-a1559bc8_b268_4878_b1be_b4cdfcd905bf] Found no committed offset for partition topic-a1559bc8_b268_4878_b1be_b4cdfcd905bf-0
2025-08-06 15:36:56,390 INFO  [org.apa.kaf.cli.con.int.SubscriptionState] (Thread-624) [Consumer clientId=consumer-Consumer-topic-a1559bc8_b268_4878_b1be_b4cdfcd905bf-4, groupId=Consumer-topic-a1559bc8_b268_4878_b1be_b4cdfcd905bf] Resetting offset for partition topic-a1559bc8_b268_4878_b1be_b4cdfcd905bf-0 to position FetchPosition{offset=0, offsetEpoch=Optional.empty, currentLeader=LeaderAndEpoch{leader=Optional[localhost:32769 (id: 0 rack: null)], epoch=0}}.
2025-08-06 15:36:56,617 INFO  [io.api.tes.ser.api.KafkaSerdesTester] (Thread-624) topic-a1559bc8_b268_4878_b1be_b4cdfcd905bf 0 0 {"key11754494612859": "value-0"}
2025-08-06 15:36:56,617 INFO  [io.api.tes.ser.api.KafkaSerdesTester] (Thread-624) topic-a1559bc8_b268_4878_b1be_b4cdfcd905bf 0 1 {"key11754494612859": "value-1"}
2025-08-06 15:36:56,617 INFO  [io.api.tes.ser.api.KafkaSerdesTester] (Thread-624) topic-a1559bc8_b268_4878_b1be_b4cdfcd905bf 0 2 {"key11754494612859": "value-2"}
2025-08-06 15:36:56,618 INFO  [io.api.tes.ser.api.KafkaSerdesTester] (Thread-624) topic-a1559bc8_b268_4878_b1be_b4cdfcd905bf 0 3 {"key11754494612859": "value-3"}
2025-08-06 15:36:56,618 INFO  [io.api.tes.ser.api.KafkaSerdesTester] (Thread-624) topic-a1559bc8_b268_4878_b1be_b4cdfcd905bf 0 4 {"key11754494612859": "value-4"}
2025-08-06 15:36:56,618 INFO  [io.api.tes.ser.api.KafkaSerdesTester] (Thread-624) topic-a1559bc8_b268_4878_b1be_b4cdfcd905bf 0 5 {"key11754494612859": "value-5"}
2025-08-06 15:36:56,618 INFO  [io.api.tes.ser.api.KafkaSerdesTester] (Thread-624) topic-a1559bc8_b268_4878_b1be_b4cdfcd905bf 0 6 {"key11754494612859": "value-6"}
2025-08-06 15:36:56,618 INFO  [io.api.tes.ser.api.KafkaSerdesTester] (Thread-624) topic-a1559bc8_b268_4878_b1be_b4cdfcd905bf 0 7 {"key11754494612859": "value-7"}
2025-08-06 15:36:56,618 INFO  [io.api.tes.ser.api.KafkaSerdesTester] (Thread-624) topic-a1559bc8_b268_4878_b1be_b4cdfcd905bf 0 8 {"key11754494612859": "value-8"}
2025-08-06 15:36:56,618 INFO  [io.api.tes.ser.api.KafkaSerdesTester] (Thread-624) topic-a1559bc8_b268_4878_b1be_b4cdfcd905bf 0 9 {"key11754494612859": "value-9"}
2025-08-06 15:36:56,618 INFO  [io.api.tes.ser.api.KafkaSerdesTester] (Thread-624) Consumed 10 messages
2025-08-06 15:36:56,627 INFO  [org.apa.kaf.cli.con.int.ConsumerRebalanceListenerInvoker] (Thread-624) [Consumer clientId=consumer-Consumer-topic-a1559bc8_b268_4878_b1be_b4cdfcd905bf-4, groupId=Consumer-topic-a1559bc8_b268_4878_b1be_b4cdfcd905bf] Revoke previously assigned partitions topic-a1559bc8_b268_4878_b1be_b4cdfcd905bf-0
2025-08-06 15:36:56,627 INFO  [org.apa.kaf.cli.con.int.ConsumerCoordinator] (Thread-624) [Consumer clientId=consumer-Consumer-topic-a1559bc8_b268_4878_b1be_b4cdfcd905bf-4, groupId=Consumer-topic-a1559bc8_b268_4878_b1be_b4cdfcd905bf] Member consumer-Consumer-topic-a1559bc8_b268_4878_b1be_b4cdfcd905bf-4-60d8eec4-82c7-4c2d-a378-56b91f56ac86 sending LeaveGroup request to coordinator localhost:32769 (id: 2147483647 rack: null) due to the consumer is being closed
2025-08-06 15:36:56,627 INFO  [org.apa.kaf.cli.con.int.ConsumerCoordinator] (Thread-624) [Consumer clientId=consumer-Consumer-topic-a1559bc8_b268_4878_b1be_b4cdfcd905bf-4, groupId=Consumer-topic-a1559bc8_b268_4878_b1be_b4cdfcd905bf] Resetting generation and member id due to: consumer pro-actively leaving the group
2025-08-06 15:36:56,627 INFO  [org.apa.kaf.cli.con.int.ConsumerCoordinator] (Thread-624) [Consumer clientId=consumer-Consumer-topic-a1559bc8_b268_4878_b1be_b4cdfcd905bf-4, groupId=Consumer-topic-a1559bc8_b268_4878_b1be_b4cdfcd905bf] Request joining group due to: consumer pro-actively leaving the group
2025-08-06 15:36:57,120 INFO  [org.apa.kaf.com.met.Metrics] (Thread-624) Metrics scheduler closed
2025-08-06 15:36:57,121 INFO  [org.apa.kaf.com.met.Metrics] (Thread-624) Closing reporter org.apache.kafka.common.metrics.JmxReporter
2025-08-06 15:36:57,121 INFO  [org.apa.kaf.com.met.Metrics] (Thread-624) Closing reporter org.apache.kafka.common.telemetry.internals.ClientTelemetryReporter
2025-08-06 15:36:57,121 INFO  [org.apa.kaf.com.met.Metrics] (Thread-624) Metrics reporters closed
2025-08-06 15:36:57,123 INFO  [org.apa.kaf.com.uti.AppInfoParser] (Thread-624) App info kafka.consumer for consumer-Consumer-topic-a1559bc8_b268_4878_b1be_b4cdfcd905bf-4 unregistered
2025-08-06 15:36:57,272 INFO  [io.api.tes.uti.TestSeparator] (main) io.apicurio.tests.serdes.apicurio.AvroSerdeIT.testTopicIdStrategyAutoRegister-FINISHED
2025-08-06 15:36:57,272 INFO  [io.api.tes.uti.TestSeparator] (main) ############################################################################
Test passed: testTopicIdStrategyAutoRegister
]]></system-out>
  </testcase>
  <testcase name="testRecordIdStrategydFindLatest" classname="io.apicurio.tests.serdes.apicurio.AvroSerdeIT" time="5.295">
    <system-out><![CDATA[2025-08-06 15:36:57,274 INFO  [io.api.tes.uti.TestSeparator] (main) ############################################################################
2025-08-06 15:36:57,274 INFO  [io.api.tes.uti.TestSeparator] (main) io.apicurio.tests.serdes.apicurio.AvroSerdeIT.testRecordIdStrategydFindLatest-STARTED
2025-08-06 15:36:57,275 INFO  [io.api.tes.ser.api.AvroSerdeIT] (main) Registering Avro Schema: {"type":"record","name":"sd946f843x913fx4db9x9040xa16c3529550f","namespace":"scd7654dcx08d5x484fx916bx4b7ef75a6949","fields":[{"name":"key11754494617274","type":"string"}]}
**** Registry Base URL: http://registry-app-pg17.apps.ci419.apicurio-testing.org:80
2025-08-06 15:36:58,437 INFO  [org.apa.kaf.cli.pro.ProducerConfig] (main) ProducerConfig values: 
	acks = -1
	auto.include.jmx.reporter = true
	batch.size = 16384
	bootstrap.servers = [PLAINTEXT://localhost:32769]
	buffer.memory = 33554432
	client.dns.lookup = use_all_dns_ips
	client.id = Producer-topic-5d695cdd_de03_4019_a726_5fb6bcdc3174
	compression.gzip.level = -1
	compression.lz4.level = 9
	compression.type = none
	compression.zstd.level = 3
	connections.max.idle.ms = 10000
	delivery.timeout.ms = 120000
	enable.idempotence = true
	enable.metrics.push = true
	interceptor.classes = []
	key.serializer = class org.apache.kafka.common.serialization.StringSerializer
	linger.ms = 0
	max.block.ms = 60000
	max.in.flight.requests.per.connection = 5
	max.request.size = 1048576
	metadata.max.age.ms = 300000
	metadata.max.idle.ms = 300000
	metadata.recovery.strategy = none
	metric.reporters = []
	metrics.num.samples = 2
	metrics.recording.level = INFO
	metrics.sample.window.ms = 30000
	partitioner.adaptive.partitioning.enable = true
	partitioner.availability.timeout.ms = 0
	partitioner.class = null
	partitioner.ignore.keys = false
	receive.buffer.bytes = 32768
	reconnect.backoff.max.ms = 1000
	reconnect.backoff.ms = 50
	request.timeout.ms = 5000
	retries = 2147483647
	retry.backoff.max.ms = 1000
	retry.backoff.ms = 100
	sasl.client.callback.handler.class = null
	sasl.jaas.config = null
	sasl.kerberos.kinit.cmd = /usr/bin/kinit
	sasl.kerberos.min.time.before.relogin = 60000
	sasl.kerberos.service.name = null
	sasl.kerberos.ticket.renew.jitter = 0.05
	sasl.kerberos.ticket.renew.window.factor = 0.8
	sasl.login.callback.handler.class = null
	sasl.login.class = null
	sasl.login.connect.timeout.ms = null
	sasl.login.read.timeout.ms = null
	sasl.login.refresh.buffer.seconds = 300
	sasl.login.refresh.min.period.seconds = 60
	sasl.login.refresh.window.factor = 0.8
	sasl.login.refresh.window.jitter = 0.05
	sasl.login.retry.backoff.max.ms = 10000
	sasl.login.retry.backoff.ms = 100
	sasl.mechanism = GSSAPI
	sasl.oauthbearer.clock.skew.seconds = 30
	sasl.oauthbearer.expected.audience = null
	sasl.oauthbearer.expected.issuer = null
	sasl.oauthbearer.header.urlencode = false
	sasl.oauthbearer.jwks.endpoint.refresh.ms = 3600000
	sasl.oauthbearer.jwks.endpoint.retry.backoff.max.ms = 10000
	sasl.oauthbearer.jwks.endpoint.retry.backoff.ms = 100
	sasl.oauthbearer.jwks.endpoint.url = null
	sasl.oauthbearer.scope.claim.name = scope
	sasl.oauthbearer.sub.claim.name = sub
	sasl.oauthbearer.token.endpoint.url = null
	security.protocol = PLAINTEXT
	security.providers = null
	send.buffer.bytes = 131072
	socket.connection.setup.timeout.max.ms = 30000
	socket.connection.setup.timeout.ms = 10000
	ssl.cipher.suites = null
	ssl.enabled.protocols = [TLSv1.2, TLSv1.3]
	ssl.endpoint.identification.algorithm = https
	ssl.engine.factory.class = null
	ssl.key.password = null
	ssl.keymanager.algorithm = SunX509
	ssl.keystore.certificate.chain = null
	ssl.keystore.key = null
	ssl.keystore.location = null
	ssl.keystore.password = null
	ssl.keystore.type = JKS
	ssl.protocol = TLSv1.3
	ssl.provider = null
	ssl.secure.random.implementation = null
	ssl.trustmanager.algorithm = PKIX
	ssl.truststore.certificates = null
	ssl.truststore.location = null
	ssl.truststore.password = null
	ssl.truststore.type = JKS
	transaction.timeout.ms = 60000
	transactional.id = null
	value.serializer = class io.apicurio.registry.serde.avro.AvroKafkaSerializer

2025-08-06 15:36:58,438 INFO  [org.apa.kaf.com.tel.int.KafkaMetricsCollector] (main) initializing Kafka metrics collector
2025-08-06 15:36:58,441 INFO  [org.apa.kaf.cli.pro.KafkaProducer] (main) [Producer clientId=Producer-topic-5d695cdd_de03_4019_a726_5fb6bcdc3174] Instantiated an idempotent producer.
2025-08-06 15:36:58,444 INFO  [org.apa.kaf.cli.pro.ProducerConfig] (main) These configurations '[apicurio.registry.find-latest, apicurio.registry.url, apicurio.registry.artifact-resolver-strategy]' were supplied but are not used yet.
2025-08-06 15:36:58,444 INFO  [org.apa.kaf.com.uti.AppInfoParser] (main) Kafka version: 3.9.1
2025-08-06 15:36:58,444 INFO  [org.apa.kaf.com.uti.AppInfoParser] (main) Kafka commitId: f745dfdcee2b9851
2025-08-06 15:36:58,444 INFO  [org.apa.kaf.com.uti.AppInfoParser] (main) Kafka startTimeMs: 1754494618444
2025-08-06 15:36:58,444 INFO  [io.api.tes.ser.api.SimpleSerdesTesterBuilder$SimpleSerdesTester] (main) Using producer configuration: {apicurio.registry.find-latest=true, apicurio.registry.url=http://registry-app-pg17.apps.ci419.apicurio-testing.org:80/apis/registry/v3, apicurio.registry.artifact-resolver-strategy=io.apicurio.registry.serde.avro.strategy.RecordIdStrategy, value.serializer=io.apicurio.registry.serde.avro.AvroKafkaSerializer, request.timeout.ms=5000, acks=all, bootstrap.servers=PLAINTEXT://localhost:32769, connections.max.idle.ms=10000, key.serializer=org.apache.kafka.common.serialization.StringSerializer, client.id=Producer-topic-5d695cdd_de03_4019_a726_5fb6bcdc3174}
2025-08-06 15:36:58,444 INFO  [io.api.tes.ser.api.SimpleSerdesTesterBuilder$SimpleSerdesTester] (main) Using consumer configuration: {}
2025-08-06 15:36:58,447 INFO  [io.api.tes.ser.api.KafkaSerdesTester] (Thread-627) Sending message {"key11754494617274": "value-0"} to topic topic-5d695cdd_de03_4019_a726_5fb6bcdc3174
2025-08-06 15:36:58,451 INFO  [org.apa.kaf.cli.Metadata] (kafka-producer-network-thread | Producer-topic-5d695cdd_de03_4019_a726_5fb6bcdc3174) [Producer clientId=Producer-topic-5d695cdd_de03_4019_a726_5fb6bcdc3174] Cluster ID: xNUQX5UBRx2CPqcHCglV-w
2025-08-06 15:36:58,454 INFO  [org.apa.kaf.cli.pro.int.TransactionManager] (kafka-producer-network-thread | Producer-topic-5d695cdd_de03_4019_a726_5fb6bcdc3174) [Producer clientId=Producer-topic-5d695cdd_de03_4019_a726_5fb6bcdc3174] ProducerId set to 5 with epoch 0
2025-08-06 15:36:58,757 INFO  [io.api.tes.ser.api.KafkaSerdesTester] (Thread-627) Sending message {"key11754494617274": "value-1"} to topic topic-5d695cdd_de03_4019_a726_5fb6bcdc3174
2025-08-06 15:36:58,759 INFO  [io.api.tes.ser.api.KafkaSerdesTester] (Thread-627) Sending message {"key11754494617274": "value-2"} to topic topic-5d695cdd_de03_4019_a726_5fb6bcdc3174
2025-08-06 15:36:58,762 INFO  [io.api.tes.ser.api.KafkaSerdesTester] (Thread-627) Sending message {"key11754494617274": "value-3"} to topic topic-5d695cdd_de03_4019_a726_5fb6bcdc3174
2025-08-06 15:36:58,764 INFO  [io.api.tes.ser.api.KafkaSerdesTester] (Thread-627) Sending message {"key11754494617274": "value-4"} to topic topic-5d695cdd_de03_4019_a726_5fb6bcdc3174
2025-08-06 15:36:58,769 INFO  [io.api.tes.ser.api.KafkaSerdesTester] (Thread-627) Sending message {"key11754494617274": "value-5"} to topic topic-5d695cdd_de03_4019_a726_5fb6bcdc3174
2025-08-06 15:36:58,771 INFO  [io.api.tes.ser.api.KafkaSerdesTester] (Thread-627) Sending message {"key11754494617274": "value-6"} to topic topic-5d695cdd_de03_4019_a726_5fb6bcdc3174
2025-08-06 15:36:58,774 INFO  [io.api.tes.ser.api.KafkaSerdesTester] (Thread-627) Sending message {"key11754494617274": "value-7"} to topic topic-5d695cdd_de03_4019_a726_5fb6bcdc3174
2025-08-06 15:36:58,776 INFO  [io.api.tes.ser.api.KafkaSerdesTester] (Thread-627) Sending message {"key11754494617274": "value-8"} to topic topic-5d695cdd_de03_4019_a726_5fb6bcdc3174
2025-08-06 15:36:58,778 INFO  [io.api.tes.ser.api.KafkaSerdesTester] (Thread-627) Sending message {"key11754494617274": "value-9"} to topic topic-5d695cdd_de03_4019_a726_5fb6bcdc3174
2025-08-06 15:36:58,780 INFO  [io.api.tes.ser.api.KafkaSerdesTester] (Thread-627) Produced 10 messages
2025-08-06 15:36:58,781 INFO  [org.apa.kaf.cli.pro.KafkaProducer] (Thread-627) [Producer clientId=Producer-topic-5d695cdd_de03_4019_a726_5fb6bcdc3174] Closing the Kafka producer with timeoutMillis = 9223372036854775807 ms.
2025-08-06 15:36:58,784 INFO  [org.apa.kaf.com.met.Metrics] (Thread-627) Metrics scheduler closed
2025-08-06 15:36:58,784 INFO  [org.apa.kaf.com.met.Metrics] (Thread-627) Closing reporter org.apache.kafka.common.metrics.JmxReporter
2025-08-06 15:36:58,784 INFO  [org.apa.kaf.com.met.Metrics] (Thread-627) Closing reporter org.apache.kafka.common.telemetry.internals.ClientTelemetryReporter
2025-08-06 15:36:58,784 INFO  [org.apa.kaf.com.met.Metrics] (Thread-627) Metrics reporters closed
2025-08-06 15:36:58,785 INFO  [org.apa.kaf.com.uti.AppInfoParser] (Thread-627) App info kafka.producer for Producer-topic-5d695cdd_de03_4019_a726_5fb6bcdc3174 unregistered
**** Registry Base URL: http://registry-app-pg17.apps.ci419.apicurio-testing.org:80
2025-08-06 15:36:58,785 INFO  [org.apa.kaf.cli.con.ConsumerConfig] (main) ConsumerConfig values: 
	allow.auto.create.topics = true
	auto.commit.interval.ms = 500
	auto.include.jmx.reporter = true
	auto.offset.reset = earliest
	bootstrap.servers = [PLAINTEXT://localhost:32769]
	check.crcs = true
	client.dns.lookup = use_all_dns_ips
	client.id = consumer-Consumer-topic-5d695cdd_de03_4019_a726_5fb6bcdc3174-5
	client.rack = 
	connections.max.idle.ms = 10000
	default.api.timeout.ms = 60000
	enable.auto.commit = true
	enable.metrics.push = true
	exclude.internal.topics = true
	fetch.max.bytes = 52428800
	fetch.max.wait.ms = 500
	fetch.min.bytes = 1
	group.id = Consumer-topic-5d695cdd_de03_4019_a726_5fb6bcdc3174
	group.instance.id = null
	group.protocol = classic
	group.remote.assignor = null
	heartbeat.interval.ms = 3000
	interceptor.classes = []
	internal.leave.group.on.close = true
	internal.throw.on.fetch.stable.offset.unsupported = false
	isolation.level = read_uncommitted
	key.deserializer = class org.apache.kafka.common.serialization.StringDeserializer
	max.partition.fetch.bytes = 1048576
	max.poll.interval.ms = 300000
	max.poll.records = 500
	metadata.max.age.ms = 300000
	metadata.recovery.strategy = none
	metric.reporters = []
	metrics.num.samples = 2
	metrics.recording.level = INFO
	metrics.sample.window.ms = 30000
	partition.assignment.strategy = [class org.apache.kafka.clients.consumer.RangeAssignor, class org.apache.kafka.clients.consumer.CooperativeStickyAssignor]
	receive.buffer.bytes = 65536
	reconnect.backoff.max.ms = 1000
	reconnect.backoff.ms = 50
	request.timeout.ms = 5000
	retry.backoff.max.ms = 1000
	retry.backoff.ms = 100
	sasl.client.callback.handler.class = null
	sasl.jaas.config = null
	sasl.kerberos.kinit.cmd = /usr/bin/kinit
	sasl.kerberos.min.time.before.relogin = 60000
	sasl.kerberos.service.name = null
	sasl.kerberos.ticket.renew.jitter = 0.05
	sasl.kerberos.ticket.renew.window.factor = 0.8
	sasl.login.callback.handler.class = null
	sasl.login.class = null
	sasl.login.connect.timeout.ms = null
	sasl.login.read.timeout.ms = null
	sasl.login.refresh.buffer.seconds = 300
	sasl.login.refresh.min.period.seconds = 60
	sasl.login.refresh.window.factor = 0.8
	sasl.login.refresh.window.jitter = 0.05
	sasl.login.retry.backoff.max.ms = 10000
	sasl.login.retry.backoff.ms = 100
	sasl.mechanism = GSSAPI
	sasl.oauthbearer.clock.skew.seconds = 30
	sasl.oauthbearer.expected.audience = null
	sasl.oauthbearer.expected.issuer = null
	sasl.oauthbearer.header.urlencode = false
	sasl.oauthbearer.jwks.endpoint.refresh.ms = 3600000
	sasl.oauthbearer.jwks.endpoint.retry.backoff.max.ms = 10000
	sasl.oauthbearer.jwks.endpoint.retry.backoff.ms = 100
	sasl.oauthbearer.jwks.endpoint.url = null
	sasl.oauthbearer.scope.claim.name = scope
	sasl.oauthbearer.sub.claim.name = sub
	sasl.oauthbearer.token.endpoint.url = null
	security.protocol = PLAINTEXT
	security.providers = null
	send.buffer.bytes = 131072
	session.timeout.ms = 45000
	socket.connection.setup.timeout.max.ms = 30000
	socket.connection.setup.timeout.ms = 10000
	ssl.cipher.suites = null
	ssl.enabled.protocols = [TLSv1.2, TLSv1.3]
	ssl.endpoint.identification.algorithm = https
	ssl.engine.factory.class = null
	ssl.key.password = null
	ssl.keymanager.algorithm = SunX509
	ssl.keystore.certificate.chain = null
	ssl.keystore.key = null
	ssl.keystore.location = null
	ssl.keystore.password = null
	ssl.keystore.type = JKS
	ssl.protocol = TLSv1.3
	ssl.provider = null
	ssl.secure.random.implementation = null
	ssl.trustmanager.algorithm = PKIX
	ssl.truststore.certificates = null
	ssl.truststore.location = null
	ssl.truststore.password = null
	ssl.truststore.type = JKS
	value.deserializer = class io.apicurio.registry.serde.avro.AvroKafkaDeserializer

2025-08-06 15:36:58,786 INFO  [org.apa.kaf.com.tel.int.KafkaMetricsCollector] (main) initializing Kafka metrics collector
2025-08-06 15:36:58,794 INFO  [org.apa.kaf.cli.con.ConsumerConfig] (main) These configurations '[apicurio.registry.url]' were supplied but are not used yet.
2025-08-06 15:36:58,794 INFO  [org.apa.kaf.com.uti.AppInfoParser] (main) Kafka version: 3.9.1
2025-08-06 15:36:58,794 INFO  [org.apa.kaf.com.uti.AppInfoParser] (main) Kafka commitId: f745dfdcee2b9851
2025-08-06 15:36:58,794 INFO  [org.apa.kaf.com.uti.AppInfoParser] (main) Kafka startTimeMs: 1754494618794
2025-08-06 15:36:58,795 INFO  [org.apa.kaf.cli.con.int.ClassicKafkaConsumer] (Thread-630) [Consumer clientId=consumer-Consumer-topic-5d695cdd_de03_4019_a726_5fb6bcdc3174-5, groupId=Consumer-topic-5d695cdd_de03_4019_a726_5fb6bcdc3174] Subscribed to topic(s): topic-5d695cdd_de03_4019_a726_5fb6bcdc3174
2025-08-06 15:36:58,807 INFO  [org.apa.kaf.cli.Metadata] (Thread-630) [Consumer clientId=consumer-Consumer-topic-5d695cdd_de03_4019_a726_5fb6bcdc3174-5, groupId=Consumer-topic-5d695cdd_de03_4019_a726_5fb6bcdc3174] Cluster ID: xNUQX5UBRx2CPqcHCglV-w
2025-08-06 15:36:58,811 INFO  [org.apa.kaf.cli.con.int.ConsumerCoordinator] (Thread-630) [Consumer clientId=consumer-Consumer-topic-5d695cdd_de03_4019_a726_5fb6bcdc3174-5, groupId=Consumer-topic-5d695cdd_de03_4019_a726_5fb6bcdc3174] Discovered group coordinator localhost:32769 (id: 2147483647 rack: null)
2025-08-06 15:36:58,819 INFO  [org.apa.kaf.cli.con.int.ConsumerCoordinator] (Thread-630) [Consumer clientId=consumer-Consumer-topic-5d695cdd_de03_4019_a726_5fb6bcdc3174-5, groupId=Consumer-topic-5d695cdd_de03_4019_a726_5fb6bcdc3174] (Re-)joining group
2025-08-06 15:36:58,823 INFO  [org.apa.kaf.cli.con.int.ConsumerCoordinator] (Thread-630) [Consumer clientId=consumer-Consumer-topic-5d695cdd_de03_4019_a726_5fb6bcdc3174-5, groupId=Consumer-topic-5d695cdd_de03_4019_a726_5fb6bcdc3174] Request joining group due to: need to re-join with the given member-id: consumer-Consumer-topic-5d695cdd_de03_4019_a726_5fb6bcdc3174-5-3cd5b6cf-ed24-4aab-8cc3-ab7072f3d360
2025-08-06 15:36:58,823 INFO  [org.apa.kaf.cli.con.int.ConsumerCoordinator] (Thread-630) [Consumer clientId=consumer-Consumer-topic-5d695cdd_de03_4019_a726_5fb6bcdc3174-5, groupId=Consumer-topic-5d695cdd_de03_4019_a726_5fb6bcdc3174] (Re-)joining group
2025-08-06 15:36:59,796 INFO  [io.api.tes.ser.api.KafkaSerdesTester] (Thread-630) None found
2025-08-06 15:37:00,797 INFO  [io.api.tes.ser.api.KafkaSerdesTester] (Thread-630) None found
2025-08-06 15:37:01,797 INFO  [io.api.tes.ser.api.KafkaSerdesTester] (Thread-630) None found
2025-08-06 15:37:01,825 INFO  [org.apa.kaf.cli.con.int.ConsumerCoordinator] (Thread-630) [Consumer clientId=consumer-Consumer-topic-5d695cdd_de03_4019_a726_5fb6bcdc3174-5, groupId=Consumer-topic-5d695cdd_de03_4019_a726_5fb6bcdc3174] Successfully joined group with generation Generation{generationId=1, memberId='consumer-Consumer-topic-5d695cdd_de03_4019_a726_5fb6bcdc3174-5-3cd5b6cf-ed24-4aab-8cc3-ab7072f3d360', protocol='range'}
2025-08-06 15:37:01,826 INFO  [org.apa.kaf.cli.con.int.ConsumerCoordinator] (Thread-630) [Consumer clientId=consumer-Consumer-topic-5d695cdd_de03_4019_a726_5fb6bcdc3174-5, groupId=Consumer-topic-5d695cdd_de03_4019_a726_5fb6bcdc3174] Finished assignment for group at generation 1: {consumer-Consumer-topic-5d695cdd_de03_4019_a726_5fb6bcdc3174-5-3cd5b6cf-ed24-4aab-8cc3-ab7072f3d360=Assignment(partitions=[topic-5d695cdd_de03_4019_a726_5fb6bcdc3174-0])}
2025-08-06 15:37:01,833 INFO  [org.apa.kaf.cli.con.int.ConsumerCoordinator] (Thread-630) [Consumer clientId=consumer-Consumer-topic-5d695cdd_de03_4019_a726_5fb6bcdc3174-5, groupId=Consumer-topic-5d695cdd_de03_4019_a726_5fb6bcdc3174] Successfully synced group in generation Generation{generationId=1, memberId='consumer-Consumer-topic-5d695cdd_de03_4019_a726_5fb6bcdc3174-5-3cd5b6cf-ed24-4aab-8cc3-ab7072f3d360', protocol='range'}
2025-08-06 15:37:01,833 INFO  [org.apa.kaf.cli.con.int.ConsumerCoordinator] (Thread-630) [Consumer clientId=consumer-Consumer-topic-5d695cdd_de03_4019_a726_5fb6bcdc3174-5, groupId=Consumer-topic-5d695cdd_de03_4019_a726_5fb6bcdc3174] Notifying assignor about the new Assignment(partitions=[topic-5d695cdd_de03_4019_a726_5fb6bcdc3174-0])
2025-08-06 15:37:01,833 INFO  [org.apa.kaf.cli.con.int.ConsumerRebalanceListenerInvoker] (Thread-630) [Consumer clientId=consumer-Consumer-topic-5d695cdd_de03_4019_a726_5fb6bcdc3174-5, groupId=Consumer-topic-5d695cdd_de03_4019_a726_5fb6bcdc3174] Adding newly assigned partitions: topic-5d695cdd_de03_4019_a726_5fb6bcdc3174-0
2025-08-06 15:37:01,836 INFO  [org.apa.kaf.cli.con.int.ConsumerCoordinator] (Thread-630) [Consumer clientId=consumer-Consumer-topic-5d695cdd_de03_4019_a726_5fb6bcdc3174-5, groupId=Consumer-topic-5d695cdd_de03_4019_a726_5fb6bcdc3174] Found no committed offset for partition topic-5d695cdd_de03_4019_a726_5fb6bcdc3174-0
2025-08-06 15:37:01,837 INFO  [org.apa.kaf.cli.con.int.SubscriptionState] (Thread-630) [Consumer clientId=consumer-Consumer-topic-5d695cdd_de03_4019_a726_5fb6bcdc3174-5, groupId=Consumer-topic-5d695cdd_de03_4019_a726_5fb6bcdc3174] Resetting offset for partition topic-5d695cdd_de03_4019_a726_5fb6bcdc3174-0 to position FetchPosition{offset=0, offsetEpoch=Optional.empty, currentLeader=LeaderAndEpoch{leader=Optional[localhost:32769 (id: 0 rack: null)], epoch=0}}.
2025-08-06 15:37:02,057 INFO  [io.api.tes.ser.api.KafkaSerdesTester] (Thread-630) topic-5d695cdd_de03_4019_a726_5fb6bcdc3174 0 0 {"key11754494617274": "value-0"}
2025-08-06 15:37:02,057 INFO  [io.api.tes.ser.api.KafkaSerdesTester] (Thread-630) topic-5d695cdd_de03_4019_a726_5fb6bcdc3174 0 1 {"key11754494617274": "value-1"}
2025-08-06 15:37:02,057 INFO  [io.api.tes.ser.api.KafkaSerdesTester] (Thread-630) topic-5d695cdd_de03_4019_a726_5fb6bcdc3174 0 2 {"key11754494617274": "value-2"}
2025-08-06 15:37:02,057 INFO  [io.api.tes.ser.api.KafkaSerdesTester] (Thread-630) topic-5d695cdd_de03_4019_a726_5fb6bcdc3174 0 3 {"key11754494617274": "value-3"}
2025-08-06 15:37:02,057 INFO  [io.api.tes.ser.api.KafkaSerdesTester] (Thread-630) topic-5d695cdd_de03_4019_a726_5fb6bcdc3174 0 4 {"key11754494617274": "value-4"}
2025-08-06 15:37:02,058 INFO  [io.api.tes.ser.api.KafkaSerdesTester] (Thread-630) topic-5d695cdd_de03_4019_a726_5fb6bcdc3174 0 5 {"key11754494617274": "value-5"}
2025-08-06 15:37:02,058 INFO  [io.api.tes.ser.api.KafkaSerdesTester] (Thread-630) topic-5d695cdd_de03_4019_a726_5fb6bcdc3174 0 6 {"key11754494617274": "value-6"}
2025-08-06 15:37:02,058 INFO  [io.api.tes.ser.api.KafkaSerdesTester] (Thread-630) topic-5d695cdd_de03_4019_a726_5fb6bcdc3174 0 7 {"key11754494617274": "value-7"}
2025-08-06 15:37:02,058 INFO  [io.api.tes.ser.api.KafkaSerdesTester] (Thread-630) topic-5d695cdd_de03_4019_a726_5fb6bcdc3174 0 8 {"key11754494617274": "value-8"}
2025-08-06 15:37:02,058 INFO  [io.api.tes.ser.api.KafkaSerdesTester] (Thread-630) topic-5d695cdd_de03_4019_a726_5fb6bcdc3174 0 9 {"key11754494617274": "value-9"}
2025-08-06 15:37:02,058 INFO  [io.api.tes.ser.api.KafkaSerdesTester] (Thread-630) Consumed 10 messages
2025-08-06 15:37:02,066 INFO  [org.apa.kaf.cli.con.int.ConsumerRebalanceListenerInvoker] (Thread-630) [Consumer clientId=consumer-Consumer-topic-5d695cdd_de03_4019_a726_5fb6bcdc3174-5, groupId=Consumer-topic-5d695cdd_de03_4019_a726_5fb6bcdc3174] Revoke previously assigned partitions topic-5d695cdd_de03_4019_a726_5fb6bcdc3174-0
2025-08-06 15:37:02,066 INFO  [org.apa.kaf.cli.con.int.ConsumerCoordinator] (Thread-630) [Consumer clientId=consumer-Consumer-topic-5d695cdd_de03_4019_a726_5fb6bcdc3174-5, groupId=Consumer-topic-5d695cdd_de03_4019_a726_5fb6bcdc3174] Member consumer-Consumer-topic-5d695cdd_de03_4019_a726_5fb6bcdc3174-5-3cd5b6cf-ed24-4aab-8cc3-ab7072f3d360 sending LeaveGroup request to coordinator localhost:32769 (id: 2147483647 rack: null) due to the consumer is being closed
2025-08-06 15:37:02,066 INFO  [org.apa.kaf.cli.con.int.ConsumerCoordinator] (Thread-630) [Consumer clientId=consumer-Consumer-topic-5d695cdd_de03_4019_a726_5fb6bcdc3174-5, groupId=Consumer-topic-5d695cdd_de03_4019_a726_5fb6bcdc3174] Resetting generation and member id due to: consumer pro-actively leaving the group
2025-08-06 15:37:02,066 INFO  [org.apa.kaf.cli.con.int.ConsumerCoordinator] (Thread-630) [Consumer clientId=consumer-Consumer-topic-5d695cdd_de03_4019_a726_5fb6bcdc3174-5, groupId=Consumer-topic-5d695cdd_de03_4019_a726_5fb6bcdc3174] Request joining group due to: consumer pro-actively leaving the group
2025-08-06 15:37:02,562 INFO  [org.apa.kaf.com.met.Metrics] (Thread-630) Metrics scheduler closed
2025-08-06 15:37:02,562 INFO  [org.apa.kaf.com.met.Metrics] (Thread-630) Closing reporter org.apache.kafka.common.metrics.JmxReporter
2025-08-06 15:37:02,562 INFO  [org.apa.kaf.com.met.Metrics] (Thread-630) Closing reporter org.apache.kafka.common.telemetry.internals.ClientTelemetryReporter
2025-08-06 15:37:02,562 INFO  [org.apa.kaf.com.met.Metrics] (Thread-630) Metrics reporters closed
2025-08-06 15:37:02,566 INFO  [org.apa.kaf.com.uti.AppInfoParser] (Thread-630) App info kafka.consumer for consumer-Consumer-topic-5d695cdd_de03_4019_a726_5fb6bcdc3174-5 unregistered
2025-08-06 15:37:02,567 INFO  [io.api.tes.uti.TestSeparator] (main) io.apicurio.tests.serdes.apicurio.AvroSerdeIT.testRecordIdStrategydFindLatest-FINISHED
2025-08-06 15:37:02,567 INFO  [io.api.tes.uti.TestSeparator] (main) ############################################################################
Test passed: testRecordIdStrategydFindLatest
]]></system-out>
  </testcase>
  <testcase name="testReflectAutoRegister" classname="io.apicurio.tests.serdes.apicurio.AvroSerdeIT" time="4.28">
    <system-out><![CDATA[2025-08-06 15:37:02,569 INFO  [io.api.tes.uti.TestSeparator] (main) ############################################################################
2025-08-06 15:37:02,569 INFO  [io.api.tes.uti.TestSeparator] (main) io.apicurio.tests.serdes.apicurio.AvroSerdeIT.testReflectAutoRegister-STARTED
**** Registry Base URL: http://registry-app-pg17.apps.ci419.apicurio-testing.org:80
2025-08-06 15:37:02,579 INFO  [org.apa.kaf.cli.pro.ProducerConfig] (main) ProducerConfig values: 
	acks = -1
	auto.include.jmx.reporter = true
	batch.size = 16384
	bootstrap.servers = [PLAINTEXT://localhost:32769]
	buffer.memory = 33554432
	client.dns.lookup = use_all_dns_ips
	client.id = Producer-topic-98e804b5_d80d_4700_8cc0_0dac8c089412
	compression.gzip.level = -1
	compression.lz4.level = 9
	compression.type = none
	compression.zstd.level = 3
	connections.max.idle.ms = 10000
	delivery.timeout.ms = 120000
	enable.idempotence = true
	enable.metrics.push = true
	interceptor.classes = []
	key.serializer = class org.apache.kafka.common.serialization.StringSerializer
	linger.ms = 0
	max.block.ms = 60000
	max.in.flight.requests.per.connection = 5
	max.request.size = 1048576
	metadata.max.age.ms = 300000
	metadata.max.idle.ms = 300000
	metadata.recovery.strategy = none
	metric.reporters = []
	metrics.num.samples = 2
	metrics.recording.level = INFO
	metrics.sample.window.ms = 30000
	partitioner.adaptive.partitioning.enable = true
	partitioner.availability.timeout.ms = 0
	partitioner.class = null
	partitioner.ignore.keys = false
	receive.buffer.bytes = 32768
	reconnect.backoff.max.ms = 1000
	reconnect.backoff.ms = 50
	request.timeout.ms = 5000
	retries = 2147483647
	retry.backoff.max.ms = 1000
	retry.backoff.ms = 100
	sasl.client.callback.handler.class = null
	sasl.jaas.config = null
	sasl.kerberos.kinit.cmd = /usr/bin/kinit
	sasl.kerberos.min.time.before.relogin = 60000
	sasl.kerberos.service.name = null
	sasl.kerberos.ticket.renew.jitter = 0.05
	sasl.kerberos.ticket.renew.window.factor = 0.8
	sasl.login.callback.handler.class = null
	sasl.login.class = null
	sasl.login.connect.timeout.ms = null
	sasl.login.read.timeout.ms = null
	sasl.login.refresh.buffer.seconds = 300
	sasl.login.refresh.min.period.seconds = 60
	sasl.login.refresh.window.factor = 0.8
	sasl.login.refresh.window.jitter = 0.05
	sasl.login.retry.backoff.max.ms = 10000
	sasl.login.retry.backoff.ms = 100
	sasl.mechanism = GSSAPI
	sasl.oauthbearer.clock.skew.seconds = 30
	sasl.oauthbearer.expected.audience = null
	sasl.oauthbearer.expected.issuer = null
	sasl.oauthbearer.header.urlencode = false
	sasl.oauthbearer.jwks.endpoint.refresh.ms = 3600000
	sasl.oauthbearer.jwks.endpoint.retry.backoff.max.ms = 10000
	sasl.oauthbearer.jwks.endpoint.retry.backoff.ms = 100
	sasl.oauthbearer.jwks.endpoint.url = null
	sasl.oauthbearer.scope.claim.name = scope
	sasl.oauthbearer.sub.claim.name = sub
	sasl.oauthbearer.token.endpoint.url = null
	security.protocol = PLAINTEXT
	security.providers = null
	send.buffer.bytes = 131072
	socket.connection.setup.timeout.max.ms = 30000
	socket.connection.setup.timeout.ms = 10000
	ssl.cipher.suites = null
	ssl.enabled.protocols = [TLSv1.2, TLSv1.3]
	ssl.endpoint.identification.algorithm = https
	ssl.engine.factory.class = null
	ssl.key.password = null
	ssl.keymanager.algorithm = SunX509
	ssl.keystore.certificate.chain = null
	ssl.keystore.key = null
	ssl.keystore.location = null
	ssl.keystore.password = null
	ssl.keystore.type = JKS
	ssl.protocol = TLSv1.3
	ssl.provider = null
	ssl.secure.random.implementation = null
	ssl.trustmanager.algorithm = PKIX
	ssl.truststore.certificates = null
	ssl.truststore.location = null
	ssl.truststore.password = null
	ssl.truststore.type = JKS
	transaction.timeout.ms = 60000
	transactional.id = null
	value.serializer = class io.apicurio.registry.serde.avro.AvroKafkaSerializer

2025-08-06 15:37:02,580 INFO  [org.apa.kaf.com.tel.int.KafkaMetricsCollector] (main) initializing Kafka metrics collector
2025-08-06 15:37:02,590 INFO  [org.apa.kaf.cli.pro.KafkaProducer] (main) [Producer clientId=Producer-topic-98e804b5_d80d_4700_8cc0_0dac8c089412] Instantiated an idempotent producer.
2025-08-06 15:37:02,593 INFO  [org.apa.kaf.cli.pro.ProducerConfig] (main) These configurations '[apicurio.registry.url, apicurio.registry.auto-register, apicurio.registry.artifact-resolver-strategy, apicurio.registry.avro-datum-provider]' were supplied but are not used yet.
2025-08-06 15:37:02,593 INFO  [org.apa.kaf.com.uti.AppInfoParser] (main) Kafka version: 3.9.1
2025-08-06 15:37:02,593 INFO  [org.apa.kaf.com.uti.AppInfoParser] (main) Kafka commitId: f745dfdcee2b9851
2025-08-06 15:37:02,593 INFO  [org.apa.kaf.com.uti.AppInfoParser] (main) Kafka startTimeMs: 1754494622593
2025-08-06 15:37:02,593 INFO  [io.api.tes.ser.api.SimpleSerdesTesterBuilder$SimpleSerdesTester] (main) Using producer configuration: {apicurio.registry.url=http://registry-app-pg17.apps.ci419.apicurio-testing.org:80/apis/registry/v3, apicurio.registry.auto-register=true, apicurio.registry.artifact-resolver-strategy=io.apicurio.registry.serde.strategy.TopicIdStrategy, value.serializer=io.apicurio.registry.serde.avro.AvroKafkaSerializer, request.timeout.ms=5000, acks=all, bootstrap.servers=PLAINTEXT://localhost:32769, connections.max.idle.ms=10000, key.serializer=org.apache.kafka.common.serialization.StringSerializer, apicurio.registry.avro-datum-provider=io.apicurio.registry.serde.avro.ReflectAvroDatumProvider, client.id=Producer-topic-98e804b5_d80d_4700_8cc0_0dac8c089412}
2025-08-06 15:37:02,593 INFO  [io.api.tes.ser.api.SimpleSerdesTesterBuilder$SimpleSerdesTester] (main) Using consumer configuration: {apicurio.registry.avro-datum-provider=io.apicurio.registry.serde.avro.ReflectAvroDatumProvider}
2025-08-06 15:37:02,598 INFO  [io.api.tes.ser.api.KafkaSerdesTester] (Thread-633) Sending message io.apicurio.tests.common.serdes.TestObject@3dbd29cb to topic topic-98e804b5_d80d_4700_8cc0_0dac8c089412
2025-08-06 15:37:02,604 WARN  [org.apa.kaf.cli.NetworkClient] (kafka-producer-network-thread | Producer-topic-98e804b5_d80d_4700_8cc0_0dac8c089412) [Producer clientId=Producer-topic-98e804b5_d80d_4700_8cc0_0dac8c089412] The metadata response from the cluster reported a recoverable issue with correlation id 1 : {topic-98e804b5_d80d_4700_8cc0_0dac8c089412=UNKNOWN_TOPIC_OR_PARTITION}
2025-08-06 15:37:02,605 INFO  [org.apa.kaf.cli.Metadata] (kafka-producer-network-thread | Producer-topic-98e804b5_d80d_4700_8cc0_0dac8c089412) [Producer clientId=Producer-topic-98e804b5_d80d_4700_8cc0_0dac8c089412] Cluster ID: xNUQX5UBRx2CPqcHCglV-w
2025-08-06 15:37:02,607 INFO  [org.apa.kaf.cli.pro.int.TransactionManager] (kafka-producer-network-thread | Producer-topic-98e804b5_d80d_4700_8cc0_0dac8c089412) [Producer clientId=Producer-topic-98e804b5_d80d_4700_8cc0_0dac8c089412] ProducerId set to 6 with epoch 0
2025-08-06 15:37:02,892 INFO  [io.api.tes.ser.api.KafkaSerdesTester] (Thread-633) Sending message io.apicurio.tests.common.serdes.TestObject@3dbd29cb to topic topic-98e804b5_d80d_4700_8cc0_0dac8c089412
2025-08-06 15:37:02,894 INFO  [io.api.tes.ser.api.KafkaSerdesTester] (Thread-633) Sending message io.apicurio.tests.common.serdes.TestObject@3dbd29cb to topic topic-98e804b5_d80d_4700_8cc0_0dac8c089412
2025-08-06 15:37:02,897 INFO  [io.api.tes.ser.api.KafkaSerdesTester] (Thread-633) Sending message io.apicurio.tests.common.serdes.TestObject@3dbd29cb to topic topic-98e804b5_d80d_4700_8cc0_0dac8c089412
2025-08-06 15:37:02,899 INFO  [io.api.tes.ser.api.KafkaSerdesTester] (Thread-633) Sending message io.apicurio.tests.common.serdes.TestObject@3dbd29cb to topic topic-98e804b5_d80d_4700_8cc0_0dac8c089412
2025-08-06 15:37:02,901 INFO  [io.api.tes.ser.api.KafkaSerdesTester] (Thread-633) Sending message io.apicurio.tests.common.serdes.TestObject@3dbd29cb to topic topic-98e804b5_d80d_4700_8cc0_0dac8c089412
2025-08-06 15:37:02,903 INFO  [io.api.tes.ser.api.KafkaSerdesTester] (Thread-633) Sending message io.apicurio.tests.common.serdes.TestObject@3dbd29cb to topic topic-98e804b5_d80d_4700_8cc0_0dac8c089412
2025-08-06 15:37:02,906 INFO  [io.api.tes.ser.api.KafkaSerdesTester] (Thread-633) Sending message io.apicurio.tests.common.serdes.TestObject@3dbd29cb to topic topic-98e804b5_d80d_4700_8cc0_0dac8c089412
2025-08-06 15:37:02,908 INFO  [io.api.tes.ser.api.KafkaSerdesTester] (Thread-633) Sending message io.apicurio.tests.common.serdes.TestObject@3dbd29cb to topic topic-98e804b5_d80d_4700_8cc0_0dac8c089412
2025-08-06 15:37:02,911 INFO  [io.api.tes.ser.api.KafkaSerdesTester] (Thread-633) Sending message io.apicurio.tests.common.serdes.TestObject@3dbd29cb to topic topic-98e804b5_d80d_4700_8cc0_0dac8c089412
2025-08-06 15:37:02,914 INFO  [io.api.tes.ser.api.KafkaSerdesTester] (Thread-633) Produced 10 messages
2025-08-06 15:37:02,914 INFO  [org.apa.kaf.cli.pro.KafkaProducer] (Thread-633) [Producer clientId=Producer-topic-98e804b5_d80d_4700_8cc0_0dac8c089412] Closing the Kafka producer with timeoutMillis = 9223372036854775807 ms.
2025-08-06 15:37:02,917 INFO  [org.apa.kaf.com.met.Metrics] (Thread-633) Metrics scheduler closed
2025-08-06 15:37:02,918 INFO  [org.apa.kaf.com.met.Metrics] (Thread-633) Closing reporter org.apache.kafka.common.metrics.JmxReporter
2025-08-06 15:37:02,918 INFO  [org.apa.kaf.com.met.Metrics] (Thread-633) Closing reporter org.apache.kafka.common.telemetry.internals.ClientTelemetryReporter
2025-08-06 15:37:02,918 INFO  [org.apa.kaf.com.met.Metrics] (Thread-633) Metrics reporters closed
2025-08-06 15:37:02,919 INFO  [org.apa.kaf.com.uti.AppInfoParser] (Thread-633) App info kafka.producer for Producer-topic-98e804b5_d80d_4700_8cc0_0dac8c089412 unregistered
**** Registry Base URL: http://registry-app-pg17.apps.ci419.apicurio-testing.org:80
2025-08-06 15:37:03,070 INFO  [org.apa.kaf.cli.con.ConsumerConfig] (main) ConsumerConfig values: 
	allow.auto.create.topics = true
	auto.commit.interval.ms = 500
	auto.include.jmx.reporter = true
	auto.offset.reset = earliest
	bootstrap.servers = [PLAINTEXT://localhost:32769]
	check.crcs = true
	client.dns.lookup = use_all_dns_ips
	client.id = consumer-Consumer-topic-98e804b5_d80d_4700_8cc0_0dac8c089412-6
	client.rack = 
	connections.max.idle.ms = 10000
	default.api.timeout.ms = 60000
	enable.auto.commit = true
	enable.metrics.push = true
	exclude.internal.topics = true
	fetch.max.bytes = 52428800
	fetch.max.wait.ms = 500
	fetch.min.bytes = 1
	group.id = Consumer-topic-98e804b5_d80d_4700_8cc0_0dac8c089412
	group.instance.id = null
	group.protocol = classic
	group.remote.assignor = null
	heartbeat.interval.ms = 3000
	interceptor.classes = []
	internal.leave.group.on.close = true
	internal.throw.on.fetch.stable.offset.unsupported = false
	isolation.level = read_uncommitted
	key.deserializer = class org.apache.kafka.common.serialization.StringDeserializer
	max.partition.fetch.bytes = 1048576
	max.poll.interval.ms = 300000
	max.poll.records = 500
	metadata.max.age.ms = 300000
	metadata.recovery.strategy = none
	metric.reporters = []
	metrics.num.samples = 2
	metrics.recording.level = INFO
	metrics.sample.window.ms = 30000
	partition.assignment.strategy = [class org.apache.kafka.clients.consumer.RangeAssignor, class org.apache.kafka.clients.consumer.CooperativeStickyAssignor]
	receive.buffer.bytes = 65536
	reconnect.backoff.max.ms = 1000
	reconnect.backoff.ms = 50
	request.timeout.ms = 5000
	retry.backoff.max.ms = 1000
	retry.backoff.ms = 100
	sasl.client.callback.handler.class = null
	sasl.jaas.config = null
	sasl.kerberos.kinit.cmd = /usr/bin/kinit
	sasl.kerberos.min.time.before.relogin = 60000
	sasl.kerberos.service.name = null
	sasl.kerberos.ticket.renew.jitter = 0.05
	sasl.kerberos.ticket.renew.window.factor = 0.8
	sasl.login.callback.handler.class = null
	sasl.login.class = null
	sasl.login.connect.timeout.ms = null
	sasl.login.read.timeout.ms = null
	sasl.login.refresh.buffer.seconds = 300
	sasl.login.refresh.min.period.seconds = 60
	sasl.login.refresh.window.factor = 0.8
	sasl.login.refresh.window.jitter = 0.05
	sasl.login.retry.backoff.max.ms = 10000
	sasl.login.retry.backoff.ms = 100
	sasl.mechanism = GSSAPI
	sasl.oauthbearer.clock.skew.seconds = 30
	sasl.oauthbearer.expected.audience = null
	sasl.oauthbearer.expected.issuer = null
	sasl.oauthbearer.header.urlencode = false
	sasl.oauthbearer.jwks.endpoint.refresh.ms = 3600000
	sasl.oauthbearer.jwks.endpoint.retry.backoff.max.ms = 10000
	sasl.oauthbearer.jwks.endpoint.retry.backoff.ms = 100
	sasl.oauthbearer.jwks.endpoint.url = null
	sasl.oauthbearer.scope.claim.name = scope
	sasl.oauthbearer.sub.claim.name = sub
	sasl.oauthbearer.token.endpoint.url = null
	security.protocol = PLAINTEXT
	security.providers = null
	send.buffer.bytes = 131072
	session.timeout.ms = 45000
	socket.connection.setup.timeout.max.ms = 30000
	socket.connection.setup.timeout.ms = 10000
	ssl.cipher.suites = null
	ssl.enabled.protocols = [TLSv1.2, TLSv1.3]
	ssl.endpoint.identification.algorithm = https
	ssl.engine.factory.class = null
	ssl.key.password = null
	ssl.keymanager.algorithm = SunX509
	ssl.keystore.certificate.chain = null
	ssl.keystore.key = null
	ssl.keystore.location = null
	ssl.keystore.password = null
	ssl.keystore.type = JKS
	ssl.protocol = TLSv1.3
	ssl.provider = null
	ssl.secure.random.implementation = null
	ssl.trustmanager.algorithm = PKIX
	ssl.truststore.certificates = null
	ssl.truststore.location = null
	ssl.truststore.password = null
	ssl.truststore.type = JKS
	value.deserializer = class io.apicurio.registry.serde.avro.AvroKafkaDeserializer

2025-08-06 15:37:03,071 INFO  [org.apa.kaf.com.tel.int.KafkaMetricsCollector] (main) initializing Kafka metrics collector
2025-08-06 15:37:03,075 INFO  [org.apa.kaf.cli.con.ConsumerConfig] (main) These configurations '[apicurio.registry.url, apicurio.registry.avro-datum-provider]' were supplied but are not used yet.
2025-08-06 15:37:03,075 INFO  [org.apa.kaf.com.uti.AppInfoParser] (main) Kafka version: 3.9.1
2025-08-06 15:37:03,075 INFO  [org.apa.kaf.com.uti.AppInfoParser] (main) Kafka commitId: f745dfdcee2b9851
2025-08-06 15:37:03,075 INFO  [org.apa.kaf.com.uti.AppInfoParser] (main) Kafka startTimeMs: 1754494623075
2025-08-06 15:37:03,076 INFO  [org.apa.kaf.cli.con.int.ClassicKafkaConsumer] (Thread-636) [Consumer clientId=consumer-Consumer-topic-98e804b5_d80d_4700_8cc0_0dac8c089412-6, groupId=Consumer-topic-98e804b5_d80d_4700_8cc0_0dac8c089412] Subscribed to topic(s): topic-98e804b5_d80d_4700_8cc0_0dac8c089412
2025-08-06 15:37:03,081 INFO  [org.apa.kaf.cli.Metadata] (Thread-636) [Consumer clientId=consumer-Consumer-topic-98e804b5_d80d_4700_8cc0_0dac8c089412-6, groupId=Consumer-topic-98e804b5_d80d_4700_8cc0_0dac8c089412] Cluster ID: xNUQX5UBRx2CPqcHCglV-w
2025-08-06 15:37:03,082 INFO  [org.apa.kaf.cli.con.int.ConsumerCoordinator] (Thread-636) [Consumer clientId=consumer-Consumer-topic-98e804b5_d80d_4700_8cc0_0dac8c089412-6, groupId=Consumer-topic-98e804b5_d80d_4700_8cc0_0dac8c089412] Discovered group coordinator localhost:32769 (id: 2147483647 rack: null)
2025-08-06 15:37:03,083 INFO  [org.apa.kaf.cli.con.int.ConsumerCoordinator] (Thread-636) [Consumer clientId=consumer-Consumer-topic-98e804b5_d80d_4700_8cc0_0dac8c089412-6, groupId=Consumer-topic-98e804b5_d80d_4700_8cc0_0dac8c089412] (Re-)joining group
2025-08-06 15:37:03,088 INFO  [org.apa.kaf.cli.con.int.ConsumerCoordinator] (Thread-636) [Consumer clientId=consumer-Consumer-topic-98e804b5_d80d_4700_8cc0_0dac8c089412-6, groupId=Consumer-topic-98e804b5_d80d_4700_8cc0_0dac8c089412] Request joining group due to: need to re-join with the given member-id: consumer-Consumer-topic-98e804b5_d80d_4700_8cc0_0dac8c089412-6-689047d8-5dca-4752-83b3-fd47cefc82c8
2025-08-06 15:37:03,088 INFO  [org.apa.kaf.cli.con.int.ConsumerCoordinator] (Thread-636) [Consumer clientId=consumer-Consumer-topic-98e804b5_d80d_4700_8cc0_0dac8c089412-6, groupId=Consumer-topic-98e804b5_d80d_4700_8cc0_0dac8c089412] (Re-)joining group
2025-08-06 15:37:04,077 INFO  [io.api.tes.ser.api.KafkaSerdesTester] (Thread-636) None found
2025-08-06 15:37:05,077 INFO  [io.api.tes.ser.api.KafkaSerdesTester] (Thread-636) None found
2025-08-06 15:37:06,077 INFO  [io.api.tes.ser.api.KafkaSerdesTester] (Thread-636) None found
2025-08-06 15:37:06,090 INFO  [org.apa.kaf.cli.con.int.ConsumerCoordinator] (Thread-636) [Consumer clientId=consumer-Consumer-topic-98e804b5_d80d_4700_8cc0_0dac8c089412-6, groupId=Consumer-topic-98e804b5_d80d_4700_8cc0_0dac8c089412] Successfully joined group with generation Generation{generationId=1, memberId='consumer-Consumer-topic-98e804b5_d80d_4700_8cc0_0dac8c089412-6-689047d8-5dca-4752-83b3-fd47cefc82c8', protocol='range'}
2025-08-06 15:37:06,091 INFO  [org.apa.kaf.cli.con.int.ConsumerCoordinator] (Thread-636) [Consumer clientId=consumer-Consumer-topic-98e804b5_d80d_4700_8cc0_0dac8c089412-6, groupId=Consumer-topic-98e804b5_d80d_4700_8cc0_0dac8c089412] Finished assignment for group at generation 1: {consumer-Consumer-topic-98e804b5_d80d_4700_8cc0_0dac8c089412-6-689047d8-5dca-4752-83b3-fd47cefc82c8=Assignment(partitions=[topic-98e804b5_d80d_4700_8cc0_0dac8c089412-0])}
2025-08-06 15:37:06,098 INFO  [org.apa.kaf.cli.con.int.ConsumerCoordinator] (Thread-636) [Consumer clientId=consumer-Consumer-topic-98e804b5_d80d_4700_8cc0_0dac8c089412-6, groupId=Consumer-topic-98e804b5_d80d_4700_8cc0_0dac8c089412] Successfully synced group in generation Generation{generationId=1, memberId='consumer-Consumer-topic-98e804b5_d80d_4700_8cc0_0dac8c089412-6-689047d8-5dca-4752-83b3-fd47cefc82c8', protocol='range'}
2025-08-06 15:37:06,099 INFO  [org.apa.kaf.cli.con.int.ConsumerCoordinator] (Thread-636) [Consumer clientId=consumer-Consumer-topic-98e804b5_d80d_4700_8cc0_0dac8c089412-6, groupId=Consumer-topic-98e804b5_d80d_4700_8cc0_0dac8c089412] Notifying assignor about the new Assignment(partitions=[topic-98e804b5_d80d_4700_8cc0_0dac8c089412-0])
2025-08-06 15:37:06,099 INFO  [org.apa.kaf.cli.con.int.ConsumerRebalanceListenerInvoker] (Thread-636) [Consumer clientId=consumer-Consumer-topic-98e804b5_d80d_4700_8cc0_0dac8c089412-6, groupId=Consumer-topic-98e804b5_d80d_4700_8cc0_0dac8c089412] Adding newly assigned partitions: topic-98e804b5_d80d_4700_8cc0_0dac8c089412-0
2025-08-06 15:37:06,100 INFO  [org.apa.kaf.cli.con.int.ConsumerCoordinator] (Thread-636) [Consumer clientId=consumer-Consumer-topic-98e804b5_d80d_4700_8cc0_0dac8c089412-6, groupId=Consumer-topic-98e804b5_d80d_4700_8cc0_0dac8c089412] Found no committed offset for partition topic-98e804b5_d80d_4700_8cc0_0dac8c089412-0
2025-08-06 15:37:06,107 INFO  [org.apa.kaf.cli.con.int.SubscriptionState] (Thread-636) [Consumer clientId=consumer-Consumer-topic-98e804b5_d80d_4700_8cc0_0dac8c089412-6, groupId=Consumer-topic-98e804b5_d80d_4700_8cc0_0dac8c089412] Resetting offset for partition topic-98e804b5_d80d_4700_8cc0_0dac8c089412-0 to position FetchPosition{offset=0, offsetEpoch=Optional.empty, currentLeader=LeaderAndEpoch{leader=Optional[localhost:32769 (id: 0 rack: null)], epoch=0}}.
2025-08-06 15:37:06,342 INFO  [io.api.tes.ser.api.KafkaSerdesTester] (Thread-636) topic-98e804b5_d80d_4700_8cc0_0dac8c089412 0 0 io.apicurio.tests.common.serdes.TestObject@3dbd29cb
2025-08-06 15:37:06,342 INFO  [io.api.tes.ser.api.KafkaSerdesTester] (Thread-636) topic-98e804b5_d80d_4700_8cc0_0dac8c089412 0 1 io.apicurio.tests.common.serdes.TestObject@3dbd29cb
2025-08-06 15:37:06,342 INFO  [io.api.tes.ser.api.KafkaSerdesTester] (Thread-636) topic-98e804b5_d80d_4700_8cc0_0dac8c089412 0 2 io.apicurio.tests.common.serdes.TestObject@3dbd29cb
2025-08-06 15:37:06,342 INFO  [io.api.tes.ser.api.KafkaSerdesTester] (Thread-636) topic-98e804b5_d80d_4700_8cc0_0dac8c089412 0 3 io.apicurio.tests.common.serdes.TestObject@3dbd29cb
2025-08-06 15:37:06,342 INFO  [io.api.tes.ser.api.KafkaSerdesTester] (Thread-636) topic-98e804b5_d80d_4700_8cc0_0dac8c089412 0 4 io.apicurio.tests.common.serdes.TestObject@3dbd29cb
2025-08-06 15:37:06,342 INFO  [io.api.tes.ser.api.KafkaSerdesTester] (Thread-636) topic-98e804b5_d80d_4700_8cc0_0dac8c089412 0 5 io.apicurio.tests.common.serdes.TestObject@3dbd29cb
2025-08-06 15:37:06,343 INFO  [io.api.tes.ser.api.KafkaSerdesTester] (Thread-636) topic-98e804b5_d80d_4700_8cc0_0dac8c089412 0 6 io.apicurio.tests.common.serdes.TestObject@3dbd29cb
2025-08-06 15:37:06,343 INFO  [io.api.tes.ser.api.KafkaSerdesTester] (Thread-636) topic-98e804b5_d80d_4700_8cc0_0dac8c089412 0 7 io.apicurio.tests.common.serdes.TestObject@3dbd29cb
2025-08-06 15:37:06,343 INFO  [io.api.tes.ser.api.KafkaSerdesTester] (Thread-636) topic-98e804b5_d80d_4700_8cc0_0dac8c089412 0 8 io.apicurio.tests.common.serdes.TestObject@3dbd29cb
2025-08-06 15:37:06,343 INFO  [io.api.tes.ser.api.KafkaSerdesTester] (Thread-636) topic-98e804b5_d80d_4700_8cc0_0dac8c089412 0 9 io.apicurio.tests.common.serdes.TestObject@3dbd29cb
2025-08-06 15:37:06,343 INFO  [io.api.tes.ser.api.KafkaSerdesTester] (Thread-636) Consumed 10 messages
2025-08-06 15:37:06,352 INFO  [org.apa.kaf.cli.con.int.ConsumerRebalanceListenerInvoker] (Thread-636) [Consumer clientId=consumer-Consumer-topic-98e804b5_d80d_4700_8cc0_0dac8c089412-6, groupId=Consumer-topic-98e804b5_d80d_4700_8cc0_0dac8c089412] Revoke previously assigned partitions topic-98e804b5_d80d_4700_8cc0_0dac8c089412-0
2025-08-06 15:37:06,352 INFO  [org.apa.kaf.cli.con.int.ConsumerCoordinator] (Thread-636) [Consumer clientId=consumer-Consumer-topic-98e804b5_d80d_4700_8cc0_0dac8c089412-6, groupId=Consumer-topic-98e804b5_d80d_4700_8cc0_0dac8c089412] Member consumer-Consumer-topic-98e804b5_d80d_4700_8cc0_0dac8c089412-6-689047d8-5dca-4752-83b3-fd47cefc82c8 sending LeaveGroup request to coordinator localhost:32769 (id: 2147483647 rack: null) due to the consumer is being closed
2025-08-06 15:37:06,353 INFO  [org.apa.kaf.cli.con.int.ConsumerCoordinator] (Thread-636) [Consumer clientId=consumer-Consumer-topic-98e804b5_d80d_4700_8cc0_0dac8c089412-6, groupId=Consumer-topic-98e804b5_d80d_4700_8cc0_0dac8c089412] Resetting generation and member id due to: consumer pro-actively leaving the group
2025-08-06 15:37:06,353 INFO  [org.apa.kaf.cli.con.int.ConsumerCoordinator] (Thread-636) [Consumer clientId=consumer-Consumer-topic-98e804b5_d80d_4700_8cc0_0dac8c089412-6, groupId=Consumer-topic-98e804b5_d80d_4700_8cc0_0dac8c089412] Request joining group due to: consumer pro-actively leaving the group
2025-08-06 15:37:06,844 INFO  [org.apa.kaf.com.met.Metrics] (Thread-636) Metrics scheduler closed
2025-08-06 15:37:06,844 INFO  [org.apa.kaf.com.met.Metrics] (Thread-636) Closing reporter org.apache.kafka.common.metrics.JmxReporter
2025-08-06 15:37:06,844 INFO  [org.apa.kaf.com.met.Metrics] (Thread-636) Closing reporter org.apache.kafka.common.telemetry.internals.ClientTelemetryReporter
2025-08-06 15:37:06,844 INFO  [org.apa.kaf.com.met.Metrics] (Thread-636) Metrics reporters closed
2025-08-06 15:37:06,847 INFO  [org.apa.kaf.com.uti.AppInfoParser] (Thread-636) App info kafka.consumer for consumer-Consumer-topic-98e804b5_d80d_4700_8cc0_0dac8c089412-6 unregistered
2025-08-06 15:37:06,848 INFO  [io.api.tes.uti.TestSeparator] (main) io.apicurio.tests.serdes.apicurio.AvroSerdeIT.testReflectAutoRegister-FINISHED
2025-08-06 15:37:06,848 INFO  [io.api.tes.uti.TestSeparator] (main) ############################################################################
Test passed: testReflectAutoRegister
]]></system-out>
  </testcase>
  <testcase name="testArtifactNotFound" classname="io.apicurio.tests.serdes.apicurio.AvroSerdeIT" time="0.375">
    <system-out><![CDATA[2025-08-06 15:37:06,850 INFO  [io.api.tes.uti.TestSeparator] (main) ############################################################################
2025-08-06 15:37:06,850 INFO  [io.api.tes.uti.TestSeparator] (main) io.apicurio.tests.serdes.apicurio.AvroSerdeIT.testArtifactNotFound-STARTED
**** Registry Base URL: http://registry-app-pg17.apps.ci419.apicurio-testing.org:80
2025-08-06 15:37:06,853 INFO  [org.apa.kaf.cli.pro.ProducerConfig] (main) ProducerConfig values: 
	acks = -1
	auto.include.jmx.reporter = true
	batch.size = 16384
	bootstrap.servers = [PLAINTEXT://localhost:32769]
	buffer.memory = 33554432
	client.dns.lookup = use_all_dns_ips
	client.id = Producer-s0c1922b1x9c61x4119xbbd2x5df4f1717675
	compression.gzip.level = -1
	compression.lz4.level = 9
	compression.type = none
	compression.zstd.level = 3
	connections.max.idle.ms = 10000
	delivery.timeout.ms = 120000
	enable.idempotence = true
	enable.metrics.push = true
	interceptor.classes = []
	key.serializer = class org.apache.kafka.common.serialization.StringSerializer
	linger.ms = 0
	max.block.ms = 60000
	max.in.flight.requests.per.connection = 5
	max.request.size = 1048576
	metadata.max.age.ms = 300000
	metadata.max.idle.ms = 300000
	metadata.recovery.strategy = none
	metric.reporters = []
	metrics.num.samples = 2
	metrics.recording.level = INFO
	metrics.sample.window.ms = 30000
	partitioner.adaptive.partitioning.enable = true
	partitioner.availability.timeout.ms = 0
	partitioner.class = null
	partitioner.ignore.keys = false
	receive.buffer.bytes = 32768
	reconnect.backoff.max.ms = 1000
	reconnect.backoff.ms = 50
	request.timeout.ms = 5000
	retries = 2147483647
	retry.backoff.max.ms = 1000
	retry.backoff.ms = 100
	sasl.client.callback.handler.class = null
	sasl.jaas.config = null
	sasl.kerberos.kinit.cmd = /usr/bin/kinit
	sasl.kerberos.min.time.before.relogin = 60000
	sasl.kerberos.service.name = null
	sasl.kerberos.ticket.renew.jitter = 0.05
	sasl.kerberos.ticket.renew.window.factor = 0.8
	sasl.login.callback.handler.class = null
	sasl.login.class = null
	sasl.login.connect.timeout.ms = null
	sasl.login.read.timeout.ms = null
	sasl.login.refresh.buffer.seconds = 300
	sasl.login.refresh.min.period.seconds = 60
	sasl.login.refresh.window.factor = 0.8
	sasl.login.refresh.window.jitter = 0.05
	sasl.login.retry.backoff.max.ms = 10000
	sasl.login.retry.backoff.ms = 100
	sasl.mechanism = GSSAPI
	sasl.oauthbearer.clock.skew.seconds = 30
	sasl.oauthbearer.expected.audience = null
	sasl.oauthbearer.expected.issuer = null
	sasl.oauthbearer.header.urlencode = false
	sasl.oauthbearer.jwks.endpoint.refresh.ms = 3600000
	sasl.oauthbearer.jwks.endpoint.retry.backoff.max.ms = 10000
	sasl.oauthbearer.jwks.endpoint.retry.backoff.ms = 100
	sasl.oauthbearer.jwks.endpoint.url = null
	sasl.oauthbearer.scope.claim.name = scope
	sasl.oauthbearer.sub.claim.name = sub
	sasl.oauthbearer.token.endpoint.url = null
	security.protocol = PLAINTEXT
	security.providers = null
	send.buffer.bytes = 131072
	socket.connection.setup.timeout.max.ms = 30000
	socket.connection.setup.timeout.ms = 10000
	ssl.cipher.suites = null
	ssl.enabled.protocols = [TLSv1.2, TLSv1.3]
	ssl.endpoint.identification.algorithm = https
	ssl.engine.factory.class = null
	ssl.key.password = null
	ssl.keymanager.algorithm = SunX509
	ssl.keystore.certificate.chain = null
	ssl.keystore.key = null
	ssl.keystore.location = null
	ssl.keystore.password = null
	ssl.keystore.type = JKS
	ssl.protocol = TLSv1.3
	ssl.provider = null
	ssl.secure.random.implementation = null
	ssl.trustmanager.algorithm = PKIX
	ssl.truststore.certificates = null
	ssl.truststore.location = null
	ssl.truststore.password = null
	ssl.truststore.type = JKS
	transaction.timeout.ms = 60000
	transactional.id = null
	value.serializer = class io.apicurio.registry.serde.avro.AvroKafkaSerializer

2025-08-06 15:37:06,853 INFO  [org.apa.kaf.com.tel.int.KafkaMetricsCollector] (main) initializing Kafka metrics collector
2025-08-06 15:37:06,859 INFO  [org.apa.kaf.cli.pro.KafkaProducer] (main) [Producer clientId=Producer-s0c1922b1x9c61x4119xbbd2x5df4f1717675] Instantiated an idempotent producer.
2025-08-06 15:37:06,861 INFO  [org.apa.kaf.cli.pro.ProducerConfig] (main) These configurations '[apicurio.registry.url, apicurio.registry.artifact-resolver-strategy]' were supplied but are not used yet.
2025-08-06 15:37:06,862 INFO  [org.apa.kaf.com.uti.AppInfoParser] (main) Kafka version: 3.9.1
2025-08-06 15:37:06,862 INFO  [org.apa.kaf.com.uti.AppInfoParser] (main) Kafka commitId: f745dfdcee2b9851
2025-08-06 15:37:06,862 INFO  [org.apa.kaf.com.uti.AppInfoParser] (main) Kafka startTimeMs: 1754494626862
2025-08-06 15:37:06,864 INFO  [io.api.tes.ser.api.KafkaSerdesTester] (Thread-639) Sending message {"keyB": "value-0"} to topic s0c1922b1x9c61x4119xbbd2x5df4f1717675
2025-08-06 15:37:06,868 WARN  [org.apa.kaf.cli.NetworkClient] (kafka-producer-network-thread | Producer-s0c1922b1x9c61x4119xbbd2x5df4f1717675) [Producer clientId=Producer-s0c1922b1x9c61x4119xbbd2x5df4f1717675] The metadata response from the cluster reported a recoverable issue with correlation id 1 : {s0c1922b1x9c61x4119xbbd2x5df4f1717675=UNKNOWN_TOPIC_OR_PARTITION}
2025-08-06 15:37:06,868 INFO  [org.apa.kaf.cli.Metadata] (kafka-producer-network-thread | Producer-s0c1922b1x9c61x4119xbbd2x5df4f1717675) [Producer clientId=Producer-s0c1922b1x9c61x4119xbbd2x5df4f1717675] Cluster ID: xNUQX5UBRx2CPqcHCglV-w
2025-08-06 15:37:06,869 INFO  [org.apa.kaf.cli.pro.int.TransactionManager] (kafka-producer-network-thread | Producer-s0c1922b1x9c61x4119xbbd2x5df4f1717675) [Producer clientId=Producer-s0c1922b1x9c61x4119xbbd2x5df4f1717675] ProducerId set to 7 with epoch 0
2025-08-06 15:37:06,992 INFO  [DefaultSchemaResolver] (Thread-639) Retrieving schema content using string: {"type":"record","name":"myrecord","namespace":"mygroup","fields":[{"name":"keyB","type":"string"}]}
2025-08-06 15:37:07,218 INFO  [org.apa.kaf.cli.pro.KafkaProducer] (Thread-639) [Producer clientId=Producer-s0c1922b1x9c61x4119xbbd2x5df4f1717675] Closing the Kafka producer with timeoutMillis = 9223372036854775807 ms.
2025-08-06 15:37:07,221 INFO  [org.apa.kaf.com.met.Metrics] (Thread-639) Metrics scheduler closed
2025-08-06 15:37:07,221 INFO  [org.apa.kaf.com.met.Metrics] (Thread-639) Closing reporter org.apache.kafka.common.metrics.JmxReporter
2025-08-06 15:37:07,221 INFO  [org.apa.kaf.com.met.Metrics] (Thread-639) Closing reporter org.apache.kafka.common.telemetry.internals.ClientTelemetryReporter
2025-08-06 15:37:07,221 INFO  [org.apa.kaf.com.met.Metrics] (Thread-639) Metrics reporters closed
2025-08-06 15:37:07,221 INFO  [org.apa.kaf.com.uti.AppInfoParser] (Thread-639) App info kafka.producer for Producer-s0c1922b1x9c61x4119xbbd2x5df4f1717675 unregistered
2025-08-06 15:37:07,223 INFO  [io.api.tes.uti.TestSeparator] (main) io.apicurio.tests.serdes.apicurio.AvroSerdeIT.testArtifactNotFound-FINISHED
2025-08-06 15:37:07,223 INFO  [io.api.tes.uti.TestSeparator] (main) ############################################################################
Test passed: testArtifactNotFound
]]></system-out>
    <system-err><![CDATA[java.lang.RuntimeException: Could not resolve artifact reference by content: {"type":"record","name":"myrecord","namespace":"mygroup","fields":[{"name":"keyB","type":"string"}]}&ArtifactReference [groupId=default, artifactId=s0c1922b1x9c61x4119xbbd2x5df4f1717675-value, version=null, globalId=null, contentId=null, contentHash=null]
	at io.apicurio.registry.resolver.DefaultSchemaResolver.lambda$handleResolveSchemaByContent$3(DefaultSchemaResolver.java:265)
	at io.apicurio.registry.resolver.cache.ERCache.lambda$getValue$0(ERCache.java:174)
	at io.apicurio.registry.resolver.cache.ERCache.retry(ERCache.java:227)
	at io.apicurio.registry.resolver.cache.ERCache.getValue(ERCache.java:173)
	at io.apicurio.registry.resolver.cache.ERCache.getByContent(ERCache.java:147)
	at io.apicurio.registry.resolver.DefaultSchemaResolver.handleResolveSchemaByContent(DefaultSchemaResolver.java:253)
	at io.apicurio.registry.resolver.DefaultSchemaResolver.getSchemaFromRegistry(DefaultSchemaResolver.java:138)
	at io.apicurio.registry.resolver.DefaultSchemaResolver.lambda$resolveSchema$0(DefaultSchemaResolver.java:84)
	at java.base/java.util.Optional.orElseGet(Optional.java:364)
	at io.apicurio.registry.resolver.DefaultSchemaResolver.resolveSchema(DefaultSchemaResolver.java:84)
	at io.apicurio.registry.serde.AbstractSerializer.serializeData(AbstractSerializer.java:62)
	at io.apicurio.registry.serde.KafkaSerializer.serialize(KafkaSerializer.java:77)
	at org.apache.kafka.clients.producer.KafkaProducer.doSend(KafkaProducer.java:1046)
	at org.apache.kafka.clients.producer.KafkaProducer.send(KafkaProducer.java:993)
	at org.apache.kafka.clients.producer.KafkaProducer.send(KafkaProducer.java:875)
	at io.apicurio.tests.serdes.apicurio.KafkaSerdesTester.lambda$produceMessages$3(KafkaSerdesTester.java:138)
	at java.base/java.util.concurrent.CompletableFuture$AsyncSupply.run(CompletableFuture.java:1768)
	at java.base/java.lang.Thread.run(Thread.java:840)
]]></system-err>
  </testcase>
  <testcase name="testAvroSerDesFailDifferentSchemaByRecordName" classname="io.apicurio.tests.serdes.apicurio.AvroSerdeIT" time="1.332">
    <system-out><![CDATA[2025-08-06 15:37:07,228 INFO  [io.api.tes.uti.TestSeparator] (main) ############################################################################
2025-08-06 15:37:07,228 INFO  [io.api.tes.uti.TestSeparator] (main) io.apicurio.tests.serdes.apicurio.AvroSerdeIT.testAvroSerDesFailDifferentSchemaByRecordName-STARTED
**** Registry Base URL: http://registry-app-pg17.apps.ci419.apicurio-testing.org:80
2025-08-06 15:37:08,393 INFO  [org.apa.kaf.cli.pro.ProducerConfig] (main) ProducerConfig values: 
	acks = -1
	auto.include.jmx.reporter = true
	batch.size = 16384
	bootstrap.servers = [PLAINTEXT://localhost:32769]
	buffer.memory = 33554432
	client.dns.lookup = use_all_dns_ips
	client.id = Producer-topic-be08d3e8_eb66_4f40_8e38_2c9bf86d1dec
	compression.gzip.level = -1
	compression.lz4.level = 9
	compression.type = none
	compression.zstd.level = 3
	connections.max.idle.ms = 10000
	delivery.timeout.ms = 120000
	enable.idempotence = true
	enable.metrics.push = true
	interceptor.classes = []
	key.serializer = class org.apache.kafka.common.serialization.StringSerializer
	linger.ms = 0
	max.block.ms = 60000
	max.in.flight.requests.per.connection = 5
	max.request.size = 1048576
	metadata.max.age.ms = 300000
	metadata.max.idle.ms = 300000
	metadata.recovery.strategy = none
	metric.reporters = []
	metrics.num.samples = 2
	metrics.recording.level = INFO
	metrics.sample.window.ms = 30000
	partitioner.adaptive.partitioning.enable = true
	partitioner.availability.timeout.ms = 0
	partitioner.class = null
	partitioner.ignore.keys = false
	receive.buffer.bytes = 32768
	reconnect.backoff.max.ms = 1000
	reconnect.backoff.ms = 50
	request.timeout.ms = 5000
	retries = 2147483647
	retry.backoff.max.ms = 1000
	retry.backoff.ms = 100
	sasl.client.callback.handler.class = null
	sasl.jaas.config = null
	sasl.kerberos.kinit.cmd = /usr/bin/kinit
	sasl.kerberos.min.time.before.relogin = 60000
	sasl.kerberos.service.name = null
	sasl.kerberos.ticket.renew.jitter = 0.05
	sasl.kerberos.ticket.renew.window.factor = 0.8
	sasl.login.callback.handler.class = null
	sasl.login.class = null
	sasl.login.connect.timeout.ms = null
	sasl.login.read.timeout.ms = null
	sasl.login.refresh.buffer.seconds = 300
	sasl.login.refresh.min.period.seconds = 60
	sasl.login.refresh.window.factor = 0.8
	sasl.login.refresh.window.jitter = 0.05
	sasl.login.retry.backoff.max.ms = 10000
	sasl.login.retry.backoff.ms = 100
	sasl.mechanism = GSSAPI
	sasl.oauthbearer.clock.skew.seconds = 30
	sasl.oauthbearer.expected.audience = null
	sasl.oauthbearer.expected.issuer = null
	sasl.oauthbearer.header.urlencode = false
	sasl.oauthbearer.jwks.endpoint.refresh.ms = 3600000
	sasl.oauthbearer.jwks.endpoint.retry.backoff.max.ms = 10000
	sasl.oauthbearer.jwks.endpoint.retry.backoff.ms = 100
	sasl.oauthbearer.jwks.endpoint.url = null
	sasl.oauthbearer.scope.claim.name = scope
	sasl.oauthbearer.sub.claim.name = sub
	sasl.oauthbearer.token.endpoint.url = null
	security.protocol = PLAINTEXT
	security.providers = null
	send.buffer.bytes = 131072
	socket.connection.setup.timeout.max.ms = 30000
	socket.connection.setup.timeout.ms = 10000
	ssl.cipher.suites = null
	ssl.enabled.protocols = [TLSv1.2, TLSv1.3]
	ssl.endpoint.identification.algorithm = https
	ssl.engine.factory.class = null
	ssl.key.password = null
	ssl.keymanager.algorithm = SunX509
	ssl.keystore.certificate.chain = null
	ssl.keystore.key = null
	ssl.keystore.location = null
	ssl.keystore.password = null
	ssl.keystore.type = JKS
	ssl.protocol = TLSv1.3
	ssl.provider = null
	ssl.secure.random.implementation = null
	ssl.trustmanager.algorithm = PKIX
	ssl.truststore.certificates = null
	ssl.truststore.location = null
	ssl.truststore.password = null
	ssl.truststore.type = JKS
	transaction.timeout.ms = 60000
	transactional.id = null
	value.serializer = class io.apicurio.registry.serde.avro.AvroKafkaSerializer

2025-08-06 15:37:08,393 INFO  [org.apa.kaf.com.tel.int.KafkaMetricsCollector] (main) initializing Kafka metrics collector
2025-08-06 15:37:08,397 INFO  [org.apa.kaf.cli.pro.KafkaProducer] (main) [Producer clientId=Producer-topic-be08d3e8_eb66_4f40_8e38_2c9bf86d1dec] Instantiated an idempotent producer.
2025-08-06 15:37:08,399 INFO  [org.apa.kaf.cli.pro.ProducerConfig] (main) These configurations '[apicurio.registry.find-latest, apicurio.registry.url, apicurio.registry.artifact-resolver-strategy]' were supplied but are not used yet.
2025-08-06 15:37:08,399 INFO  [org.apa.kaf.com.uti.AppInfoParser] (main) Kafka version: 3.9.1
2025-08-06 15:37:08,399 INFO  [org.apa.kaf.com.uti.AppInfoParser] (main) Kafka commitId: f745dfdcee2b9851
2025-08-06 15:37:08,399 INFO  [org.apa.kaf.com.uti.AppInfoParser] (main) Kafka startTimeMs: 1754494628399
2025-08-06 15:37:08,402 INFO  [io.api.tes.ser.api.KafkaSerdesTester] (Thread-642) Sending message {"keyB": "value-0"} to topic topic-be08d3e8_eb66_4f40_8e38_2c9bf86d1dec
2025-08-06 15:37:08,406 INFO  [org.apa.kaf.cli.Metadata] (kafka-producer-network-thread | Producer-topic-be08d3e8_eb66_4f40_8e38_2c9bf86d1dec) [Producer clientId=Producer-topic-be08d3e8_eb66_4f40_8e38_2c9bf86d1dec] Cluster ID: xNUQX5UBRx2CPqcHCglV-w
2025-08-06 15:37:08,407 INFO  [org.apa.kaf.cli.pro.int.TransactionManager] (kafka-producer-network-thread | Producer-topic-be08d3e8_eb66_4f40_8e38_2c9bf86d1dec) [Producer clientId=Producer-topic-be08d3e8_eb66_4f40_8e38_2c9bf86d1dec] ProducerId set to 8 with epoch 0
2025-08-06 15:37:08,556 INFO  [org.apa.kaf.cli.pro.KafkaProducer] (Thread-642) [Producer clientId=Producer-topic-be08d3e8_eb66_4f40_8e38_2c9bf86d1dec] Closing the Kafka producer with timeoutMillis = 9223372036854775807 ms.
2025-08-06 15:37:08,558 INFO  [org.apa.kaf.com.met.Metrics] (Thread-642) Metrics scheduler closed
2025-08-06 15:37:08,558 INFO  [org.apa.kaf.com.met.Metrics] (Thread-642) Closing reporter org.apache.kafka.common.metrics.JmxReporter
2025-08-06 15:37:08,558 INFO  [org.apa.kaf.com.met.Metrics] (Thread-642) Closing reporter org.apache.kafka.common.telemetry.internals.ClientTelemetryReporter
2025-08-06 15:37:08,558 INFO  [org.apa.kaf.com.met.Metrics] (Thread-642) Metrics reporters closed
2025-08-06 15:37:08,559 INFO  [org.apa.kaf.com.uti.AppInfoParser] (Thread-642) App info kafka.producer for Producer-topic-be08d3e8_eb66_4f40_8e38_2c9bf86d1dec unregistered
2025-08-06 15:37:08,559 INFO  [io.api.tes.uti.TestSeparator] (main) io.apicurio.tests.serdes.apicurio.AvroSerdeIT.testAvroSerDesFailDifferentSchemaByRecordName-FINISHED
2025-08-06 15:37:08,559 INFO  [io.api.tes.uti.TestSeparator] (main) ############################################################################
Test passed: testAvroSerDesFailDifferentSchemaByRecordName
]]></system-out>
    <system-err><![CDATA[io.apicurio.registry.rest.client.models.ProblemDetails
	at io.apicurio.registry.rest.client.models.ProblemDetails.createFromDiscriminatorValue(ProblemDetails.java:58)
	at io.kiota.serialization.json.JsonParseNode.getObjectValue(JsonParseNode.java:247)
	at io.kiota.http.vertx.VertXRequestAdapter.lambda$throwIfFailedResponse$0(VertXRequestAdapter.java:400)
	at com.microsoft.kiota.ApiExceptionBuilder.<init>(ApiExceptionBuilder.java:26)
	at io.kiota.http.vertx.VertXRequestAdapter.throwIfFailedResponse(VertXRequestAdapter.java:399)
	at io.kiota.http.vertx.VertXRequestAdapter.send(VertXRequestAdapter.java:170)
	at io.apicurio.registry.rest.client.groups.item.artifacts.item.versions.item.WithVersionExpressionItemRequestBuilder.get(WithVersionExpressionItemRequestBuilder.java:128)
	at io.apicurio.registry.rest.client.groups.item.artifacts.item.versions.item.WithVersionExpressionItemRequestBuilder.get(WithVersionExpressionItemRequestBuilder.java:111)
	at io.apicurio.registry.resolver.client.RegistryClientFacadeImpl.getVersionCoordinatesByGAV(RegistryClientFacadeImpl.java:159)
	at io.apicurio.registry.resolver.DefaultSchemaResolver.resolveByCoordinates(DefaultSchemaResolver.java:352)
	at io.apicurio.registry.resolver.DefaultSchemaResolver.lambda$resolveSchemaByArtifactReferenceCached$6(DefaultSchemaResolver.java:340)
	at io.apicurio.registry.resolver.cache.ERCache.lambda$getValue$0(ERCache.java:174)
	at io.apicurio.registry.resolver.cache.ERCache.retry(ERCache.java:227)
	at io.apicurio.registry.resolver.cache.ERCache.getValue(ERCache.java:173)
	at io.apicurio.registry.resolver.cache.ERCache.getByArtifactCoordinates(ERCache.java:158)
	at io.apicurio.registry.resolver.DefaultSchemaResolver.resolveSchemaByArtifactReferenceCached(DefaultSchemaResolver.java:338)
	at io.apicurio.registry.resolver.DefaultSchemaResolver.resolveSchemaByCoordinates(DefaultSchemaResolver.java:193)
	at io.apicurio.registry.resolver.DefaultSchemaResolver.getSchemaFromRegistry(DefaultSchemaResolver.java:130)
	at io.apicurio.registry.resolver.DefaultSchemaResolver.lambda$resolveSchema$0(DefaultSchemaResolver.java:84)
	at java.base/java.util.Optional.orElseGet(Optional.java:364)
	at io.apicurio.registry.resolver.DefaultSchemaResolver.resolveSchema(DefaultSchemaResolver.java:84)
	at io.apicurio.registry.serde.AbstractSerializer.serializeData(AbstractSerializer.java:62)
	at io.apicurio.registry.serde.KafkaSerializer.serialize(KafkaSerializer.java:77)
	at org.apache.kafka.clients.producer.KafkaProducer.doSend(KafkaProducer.java:1046)
	at org.apache.kafka.clients.producer.KafkaProducer.send(KafkaProducer.java:993)
	at org.apache.kafka.clients.producer.KafkaProducer.send(KafkaProducer.java:875)
	at io.apicurio.tests.serdes.apicurio.KafkaSerdesTester.lambda$produceMessages$3(KafkaSerdesTester.java:138)
	at java.base/java.util.concurrent.CompletableFuture$AsyncSupply.run(CompletableFuture.java:1768)
	at java.base/java.lang.Thread.run(Thread.java:840)
]]></system-err>
  </testcase>
  <testcase name="testTopicIdStrategyFindLatest" classname="io.apicurio.tests.serdes.apicurio.AvroSerdeIT" time="5.498">
    <system-out><![CDATA[2025-08-06 15:37:08,561 INFO  [io.api.tes.uti.TestSeparator] (main) ############################################################################
2025-08-06 15:37:08,561 INFO  [io.api.tes.uti.TestSeparator] (main) io.apicurio.tests.serdes.apicurio.AvroSerdeIT.testTopicIdStrategyFindLatest-STARTED
2025-08-06 15:37:08,562 INFO  [io.api.tes.ser.api.AvroSerdeIT] (main) Registering Avro Schema: {"type":"record","name":"myrecordapicurio1","fields":[{"name":"key11754494628562","type":"string"}]}
**** Registry Base URL: http://registry-app-pg17.apps.ci419.apicurio-testing.org:80
2025-08-06 15:37:09,727 INFO  [org.apa.kaf.cli.pro.ProducerConfig] (main) ProducerConfig values: 
	acks = -1
	auto.include.jmx.reporter = true
	batch.size = 16384
	bootstrap.servers = [PLAINTEXT://localhost:32769]
	buffer.memory = 33554432
	client.dns.lookup = use_all_dns_ips
	client.id = Producer-topic-5a1fc5e7_11bb_40e6_aebe_f1339799daf3
	compression.gzip.level = -1
	compression.lz4.level = 9
	compression.type = none
	compression.zstd.level = 3
	connections.max.idle.ms = 10000
	delivery.timeout.ms = 120000
	enable.idempotence = true
	enable.metrics.push = true
	interceptor.classes = []
	key.serializer = class org.apache.kafka.common.serialization.StringSerializer
	linger.ms = 0
	max.block.ms = 60000
	max.in.flight.requests.per.connection = 5
	max.request.size = 1048576
	metadata.max.age.ms = 300000
	metadata.max.idle.ms = 300000
	metadata.recovery.strategy = none
	metric.reporters = []
	metrics.num.samples = 2
	metrics.recording.level = INFO
	metrics.sample.window.ms = 30000
	partitioner.adaptive.partitioning.enable = true
	partitioner.availability.timeout.ms = 0
	partitioner.class = null
	partitioner.ignore.keys = false
	receive.buffer.bytes = 32768
	reconnect.backoff.max.ms = 1000
	reconnect.backoff.ms = 50
	request.timeout.ms = 5000
	retries = 2147483647
	retry.backoff.max.ms = 1000
	retry.backoff.ms = 100
	sasl.client.callback.handler.class = null
	sasl.jaas.config = null
	sasl.kerberos.kinit.cmd = /usr/bin/kinit
	sasl.kerberos.min.time.before.relogin = 60000
	sasl.kerberos.service.name = null
	sasl.kerberos.ticket.renew.jitter = 0.05
	sasl.kerberos.ticket.renew.window.factor = 0.8
	sasl.login.callback.handler.class = null
	sasl.login.class = null
	sasl.login.connect.timeout.ms = null
	sasl.login.read.timeout.ms = null
	sasl.login.refresh.buffer.seconds = 300
	sasl.login.refresh.min.period.seconds = 60
	sasl.login.refresh.window.factor = 0.8
	sasl.login.refresh.window.jitter = 0.05
	sasl.login.retry.backoff.max.ms = 10000
	sasl.login.retry.backoff.ms = 100
	sasl.mechanism = GSSAPI
	sasl.oauthbearer.clock.skew.seconds = 30
	sasl.oauthbearer.expected.audience = null
	sasl.oauthbearer.expected.issuer = null
	sasl.oauthbearer.header.urlencode = false
	sasl.oauthbearer.jwks.endpoint.refresh.ms = 3600000
	sasl.oauthbearer.jwks.endpoint.retry.backoff.max.ms = 10000
	sasl.oauthbearer.jwks.endpoint.retry.backoff.ms = 100
	sasl.oauthbearer.jwks.endpoint.url = null
	sasl.oauthbearer.scope.claim.name = scope
	sasl.oauthbearer.sub.claim.name = sub
	sasl.oauthbearer.token.endpoint.url = null
	security.protocol = PLAINTEXT
	security.providers = null
	send.buffer.bytes = 131072
	socket.connection.setup.timeout.max.ms = 30000
	socket.connection.setup.timeout.ms = 10000
	ssl.cipher.suites = null
	ssl.enabled.protocols = [TLSv1.2, TLSv1.3]
	ssl.endpoint.identification.algorithm = https
	ssl.engine.factory.class = null
	ssl.key.password = null
	ssl.keymanager.algorithm = SunX509
	ssl.keystore.certificate.chain = null
	ssl.keystore.key = null
	ssl.keystore.location = null
	ssl.keystore.password = null
	ssl.keystore.type = JKS
	ssl.protocol = TLSv1.3
	ssl.provider = null
	ssl.secure.random.implementation = null
	ssl.trustmanager.algorithm = PKIX
	ssl.truststore.certificates = null
	ssl.truststore.location = null
	ssl.truststore.password = null
	ssl.truststore.type = JKS
	transaction.timeout.ms = 60000
	transactional.id = null
	value.serializer = class io.apicurio.registry.serde.avro.AvroKafkaSerializer

2025-08-06 15:37:09,728 INFO  [org.apa.kaf.com.tel.int.KafkaMetricsCollector] (main) initializing Kafka metrics collector
2025-08-06 15:37:09,731 INFO  [org.apa.kaf.cli.pro.KafkaProducer] (main) [Producer clientId=Producer-topic-5a1fc5e7_11bb_40e6_aebe_f1339799daf3] Instantiated an idempotent producer.
2025-08-06 15:37:09,734 INFO  [org.apa.kaf.cli.pro.ProducerConfig] (main) These configurations '[apicurio.registry.find-latest, apicurio.registry.url, apicurio.registry.artifact-resolver-strategy]' were supplied but are not used yet.
2025-08-06 15:37:09,734 INFO  [org.apa.kaf.com.uti.AppInfoParser] (main) Kafka version: 3.9.1
2025-08-06 15:37:09,734 INFO  [org.apa.kaf.com.uti.AppInfoParser] (main) Kafka commitId: f745dfdcee2b9851
2025-08-06 15:37:09,734 INFO  [org.apa.kaf.com.uti.AppInfoParser] (main) Kafka startTimeMs: 1754494629734
2025-08-06 15:37:09,735 INFO  [io.api.tes.ser.api.SimpleSerdesTesterBuilder$SimpleSerdesTester] (main) Using producer configuration: {apicurio.registry.find-latest=true, apicurio.registry.url=http://registry-app-pg17.apps.ci419.apicurio-testing.org:80/apis/registry/v3, apicurio.registry.artifact-resolver-strategy=io.apicurio.registry.serde.strategy.TopicIdStrategy, value.serializer=io.apicurio.registry.serde.avro.AvroKafkaSerializer, request.timeout.ms=5000, acks=all, bootstrap.servers=PLAINTEXT://localhost:32769, connections.max.idle.ms=10000, key.serializer=org.apache.kafka.common.serialization.StringSerializer, client.id=Producer-topic-5a1fc5e7_11bb_40e6_aebe_f1339799daf3}
2025-08-06 15:37:09,735 INFO  [io.api.tes.ser.api.SimpleSerdesTesterBuilder$SimpleSerdesTester] (main) Using consumer configuration: {}
2025-08-06 15:37:09,737 INFO  [io.api.tes.ser.api.KafkaSerdesTester] (Thread-645) Sending message {"key11754494628562": "value-0"} to topic topic-5a1fc5e7_11bb_40e6_aebe_f1339799daf3
2025-08-06 15:37:09,742 INFO  [org.apa.kaf.cli.Metadata] (kafka-producer-network-thread | Producer-topic-5a1fc5e7_11bb_40e6_aebe_f1339799daf3) [Producer clientId=Producer-topic-5a1fc5e7_11bb_40e6_aebe_f1339799daf3] Cluster ID: xNUQX5UBRx2CPqcHCglV-w
2025-08-06 15:37:09,746 INFO  [org.apa.kaf.cli.pro.int.TransactionManager] (kafka-producer-network-thread | Producer-topic-5a1fc5e7_11bb_40e6_aebe_f1339799daf3) [Producer clientId=Producer-topic-5a1fc5e7_11bb_40e6_aebe_f1339799daf3] ProducerId set to 9 with epoch 0
2025-08-06 15:37:10,049 INFO  [io.api.tes.ser.api.KafkaSerdesTester] (Thread-645) Sending message {"key11754494628562": "value-1"} to topic topic-5a1fc5e7_11bb_40e6_aebe_f1339799daf3
2025-08-06 15:37:10,051 INFO  [io.api.tes.ser.api.KafkaSerdesTester] (Thread-645) Sending message {"key11754494628562": "value-2"} to topic topic-5a1fc5e7_11bb_40e6_aebe_f1339799daf3
2025-08-06 15:37:10,053 INFO  [io.api.tes.ser.api.KafkaSerdesTester] (Thread-645) Sending message {"key11754494628562": "value-3"} to topic topic-5a1fc5e7_11bb_40e6_aebe_f1339799daf3
2025-08-06 15:37:10,056 INFO  [io.api.tes.ser.api.KafkaSerdesTester] (Thread-645) Sending message {"key11754494628562": "value-4"} to topic topic-5a1fc5e7_11bb_40e6_aebe_f1339799daf3
2025-08-06 15:37:10,057 INFO  [io.api.tes.ser.api.KafkaSerdesTester] (Thread-645) Sending message {"key11754494628562": "value-5"} to topic topic-5a1fc5e7_11bb_40e6_aebe_f1339799daf3
2025-08-06 15:37:10,059 INFO  [io.api.tes.ser.api.KafkaSerdesTester] (Thread-645) Sending message {"key11754494628562": "value-6"} to topic topic-5a1fc5e7_11bb_40e6_aebe_f1339799daf3
2025-08-06 15:37:10,060 INFO  [io.api.tes.ser.api.KafkaSerdesTester] (Thread-645) Sending message {"key11754494628562": "value-7"} to topic topic-5a1fc5e7_11bb_40e6_aebe_f1339799daf3
2025-08-06 15:37:10,065 INFO  [io.api.tes.ser.api.KafkaSerdesTester] (Thread-645) Sending message {"key11754494628562": "value-8"} to topic topic-5a1fc5e7_11bb_40e6_aebe_f1339799daf3
2025-08-06 15:37:10,068 INFO  [io.api.tes.ser.api.KafkaSerdesTester] (Thread-645) Sending message {"key11754494628562": "value-9"} to topic topic-5a1fc5e7_11bb_40e6_aebe_f1339799daf3
2025-08-06 15:37:10,070 INFO  [io.api.tes.ser.api.KafkaSerdesTester] (Thread-645) Produced 10 messages
2025-08-06 15:37:10,070 INFO  [org.apa.kaf.cli.pro.KafkaProducer] (Thread-645) [Producer clientId=Producer-topic-5a1fc5e7_11bb_40e6_aebe_f1339799daf3] Closing the Kafka producer with timeoutMillis = 9223372036854775807 ms.
2025-08-06 15:37:10,072 INFO  [org.apa.kaf.com.met.Metrics] (Thread-645) Metrics scheduler closed
2025-08-06 15:37:10,072 INFO  [org.apa.kaf.com.met.Metrics] (Thread-645) Closing reporter org.apache.kafka.common.metrics.JmxReporter
2025-08-06 15:37:10,073 INFO  [org.apa.kaf.com.met.Metrics] (Thread-645) Closing reporter org.apache.kafka.common.telemetry.internals.ClientTelemetryReporter
2025-08-06 15:37:10,073 INFO  [org.apa.kaf.com.met.Metrics] (Thread-645) Metrics reporters closed
2025-08-06 15:37:10,073 INFO  [org.apa.kaf.com.uti.AppInfoParser] (Thread-645) App info kafka.producer for Producer-topic-5a1fc5e7_11bb_40e6_aebe_f1339799daf3 unregistered
**** Registry Base URL: http://registry-app-pg17.apps.ci419.apicurio-testing.org:80
2025-08-06 15:37:10,081 INFO  [org.apa.kaf.cli.con.ConsumerConfig] (main) ConsumerConfig values: 
	allow.auto.create.topics = true
	auto.commit.interval.ms = 500
	auto.include.jmx.reporter = true
	auto.offset.reset = earliest
	bootstrap.servers = [PLAINTEXT://localhost:32769]
	check.crcs = true
	client.dns.lookup = use_all_dns_ips
	client.id = consumer-Consumer-topic-5a1fc5e7_11bb_40e6_aebe_f1339799daf3-7
	client.rack = 
	connections.max.idle.ms = 10000
	default.api.timeout.ms = 60000
	enable.auto.commit = true
	enable.metrics.push = true
	exclude.internal.topics = true
	fetch.max.bytes = 52428800
	fetch.max.wait.ms = 500
	fetch.min.bytes = 1
	group.id = Consumer-topic-5a1fc5e7_11bb_40e6_aebe_f1339799daf3
	group.instance.id = null
	group.protocol = classic
	group.remote.assignor = null
	heartbeat.interval.ms = 3000
	interceptor.classes = []
	internal.leave.group.on.close = true
	internal.throw.on.fetch.stable.offset.unsupported = false
	isolation.level = read_uncommitted
	key.deserializer = class org.apache.kafka.common.serialization.StringDeserializer
	max.partition.fetch.bytes = 1048576
	max.poll.interval.ms = 300000
	max.poll.records = 500
	metadata.max.age.ms = 300000
	metadata.recovery.strategy = none
	metric.reporters = []
	metrics.num.samples = 2
	metrics.recording.level = INFO
	metrics.sample.window.ms = 30000
	partition.assignment.strategy = [class org.apache.kafka.clients.consumer.RangeAssignor, class org.apache.kafka.clients.consumer.CooperativeStickyAssignor]
	receive.buffer.bytes = 65536
	reconnect.backoff.max.ms = 1000
	reconnect.backoff.ms = 50
	request.timeout.ms = 5000
	retry.backoff.max.ms = 1000
	retry.backoff.ms = 100
	sasl.client.callback.handler.class = null
	sasl.jaas.config = null
	sasl.kerberos.kinit.cmd = /usr/bin/kinit
	sasl.kerberos.min.time.before.relogin = 60000
	sasl.kerberos.service.name = null
	sasl.kerberos.ticket.renew.jitter = 0.05
	sasl.kerberos.ticket.renew.window.factor = 0.8
	sasl.login.callback.handler.class = null
	sasl.login.class = null
	sasl.login.connect.timeout.ms = null
	sasl.login.read.timeout.ms = null
	sasl.login.refresh.buffer.seconds = 300
	sasl.login.refresh.min.period.seconds = 60
	sasl.login.refresh.window.factor = 0.8
	sasl.login.refresh.window.jitter = 0.05
	sasl.login.retry.backoff.max.ms = 10000
	sasl.login.retry.backoff.ms = 100
	sasl.mechanism = GSSAPI
	sasl.oauthbearer.clock.skew.seconds = 30
	sasl.oauthbearer.expected.audience = null
	sasl.oauthbearer.expected.issuer = null
	sasl.oauthbearer.header.urlencode = false
	sasl.oauthbearer.jwks.endpoint.refresh.ms = 3600000
	sasl.oauthbearer.jwks.endpoint.retry.backoff.max.ms = 10000
	sasl.oauthbearer.jwks.endpoint.retry.backoff.ms = 100
	sasl.oauthbearer.jwks.endpoint.url = null
	sasl.oauthbearer.scope.claim.name = scope
	sasl.oauthbearer.sub.claim.name = sub
	sasl.oauthbearer.token.endpoint.url = null
	security.protocol = PLAINTEXT
	security.providers = null
	send.buffer.bytes = 131072
	session.timeout.ms = 45000
	socket.connection.setup.timeout.max.ms = 30000
	socket.connection.setup.timeout.ms = 10000
	ssl.cipher.suites = null
	ssl.enabled.protocols = [TLSv1.2, TLSv1.3]
	ssl.endpoint.identification.algorithm = https
	ssl.engine.factory.class = null
	ssl.key.password = null
	ssl.keymanager.algorithm = SunX509
	ssl.keystore.certificate.chain = null
	ssl.keystore.key = null
	ssl.keystore.location = null
	ssl.keystore.password = null
	ssl.keystore.type = JKS
	ssl.protocol = TLSv1.3
	ssl.provider = null
	ssl.secure.random.implementation = null
	ssl.trustmanager.algorithm = PKIX
	ssl.truststore.certificates = null
	ssl.truststore.location = null
	ssl.truststore.password = null
	ssl.truststore.type = JKS
	value.deserializer = class io.apicurio.registry.serde.avro.AvroKafkaDeserializer

2025-08-06 15:37:10,081 INFO  [org.apa.kaf.com.tel.int.KafkaMetricsCollector] (main) initializing Kafka metrics collector
2025-08-06 15:37:10,091 INFO  [org.apa.kaf.cli.con.ConsumerConfig] (main) These configurations '[apicurio.registry.url]' were supplied but are not used yet.
2025-08-06 15:37:10,091 INFO  [org.apa.kaf.com.uti.AppInfoParser] (main) Kafka version: 3.9.1
2025-08-06 15:37:10,091 INFO  [org.apa.kaf.com.uti.AppInfoParser] (main) Kafka commitId: f745dfdcee2b9851
2025-08-06 15:37:10,091 INFO  [org.apa.kaf.com.uti.AppInfoParser] (main) Kafka startTimeMs: 1754494630091
2025-08-06 15:37:10,092 INFO  [org.apa.kaf.cli.con.int.ClassicKafkaConsumer] (Thread-648) [Consumer clientId=consumer-Consumer-topic-5a1fc5e7_11bb_40e6_aebe_f1339799daf3-7, groupId=Consumer-topic-5a1fc5e7_11bb_40e6_aebe_f1339799daf3] Subscribed to topic(s): topic-5a1fc5e7_11bb_40e6_aebe_f1339799daf3
2025-08-06 15:37:10,096 INFO  [org.apa.kaf.cli.Metadata] (Thread-648) [Consumer clientId=consumer-Consumer-topic-5a1fc5e7_11bb_40e6_aebe_f1339799daf3-7, groupId=Consumer-topic-5a1fc5e7_11bb_40e6_aebe_f1339799daf3] Cluster ID: xNUQX5UBRx2CPqcHCglV-w
2025-08-06 15:37:10,100 INFO  [org.apa.kaf.cli.con.int.ConsumerCoordinator] (Thread-648) [Consumer clientId=consumer-Consumer-topic-5a1fc5e7_11bb_40e6_aebe_f1339799daf3-7, groupId=Consumer-topic-5a1fc5e7_11bb_40e6_aebe_f1339799daf3] Discovered group coordinator localhost:32769 (id: 2147483647 rack: null)
2025-08-06 15:37:10,103 INFO  [org.apa.kaf.cli.con.int.ConsumerCoordinator] (Thread-648) [Consumer clientId=consumer-Consumer-topic-5a1fc5e7_11bb_40e6_aebe_f1339799daf3-7, groupId=Consumer-topic-5a1fc5e7_11bb_40e6_aebe_f1339799daf3] (Re-)joining group
2025-08-06 15:37:10,108 INFO  [org.apa.kaf.cli.con.int.ConsumerCoordinator] (Thread-648) [Consumer clientId=consumer-Consumer-topic-5a1fc5e7_11bb_40e6_aebe_f1339799daf3-7, groupId=Consumer-topic-5a1fc5e7_11bb_40e6_aebe_f1339799daf3] Request joining group due to: need to re-join with the given member-id: consumer-Consumer-topic-5a1fc5e7_11bb_40e6_aebe_f1339799daf3-7-99d7904a-e3b3-45c0-96d7-cfbc53d4bffc
2025-08-06 15:37:10,108 INFO  [org.apa.kaf.cli.con.int.ConsumerCoordinator] (Thread-648) [Consumer clientId=consumer-Consumer-topic-5a1fc5e7_11bb_40e6_aebe_f1339799daf3-7, groupId=Consumer-topic-5a1fc5e7_11bb_40e6_aebe_f1339799daf3] (Re-)joining group
2025-08-06 15:37:11,092 INFO  [io.api.tes.ser.api.KafkaSerdesTester] (Thread-648) None found
2025-08-06 15:37:12,092 INFO  [io.api.tes.ser.api.KafkaSerdesTester] (Thread-648) None found
2025-08-06 15:37:13,092 INFO  [io.api.tes.ser.api.KafkaSerdesTester] (Thread-648) None found
2025-08-06 15:37:13,111 INFO  [org.apa.kaf.cli.con.int.ConsumerCoordinator] (Thread-648) [Consumer clientId=consumer-Consumer-topic-5a1fc5e7_11bb_40e6_aebe_f1339799daf3-7, groupId=Consumer-topic-5a1fc5e7_11bb_40e6_aebe_f1339799daf3] Successfully joined group with generation Generation{generationId=1, memberId='consumer-Consumer-topic-5a1fc5e7_11bb_40e6_aebe_f1339799daf3-7-99d7904a-e3b3-45c0-96d7-cfbc53d4bffc', protocol='range'}
2025-08-06 15:37:13,111 INFO  [org.apa.kaf.cli.con.int.ConsumerCoordinator] (Thread-648) [Consumer clientId=consumer-Consumer-topic-5a1fc5e7_11bb_40e6_aebe_f1339799daf3-7, groupId=Consumer-topic-5a1fc5e7_11bb_40e6_aebe_f1339799daf3] Finished assignment for group at generation 1: {consumer-Consumer-topic-5a1fc5e7_11bb_40e6_aebe_f1339799daf3-7-99d7904a-e3b3-45c0-96d7-cfbc53d4bffc=Assignment(partitions=[topic-5a1fc5e7_11bb_40e6_aebe_f1339799daf3-0])}
2025-08-06 15:37:13,118 INFO  [org.apa.kaf.cli.con.int.ConsumerCoordinator] (Thread-648) [Consumer clientId=consumer-Consumer-topic-5a1fc5e7_11bb_40e6_aebe_f1339799daf3-7, groupId=Consumer-topic-5a1fc5e7_11bb_40e6_aebe_f1339799daf3] Successfully synced group in generation Generation{generationId=1, memberId='consumer-Consumer-topic-5a1fc5e7_11bb_40e6_aebe_f1339799daf3-7-99d7904a-e3b3-45c0-96d7-cfbc53d4bffc', protocol='range'}
2025-08-06 15:37:13,118 INFO  [org.apa.kaf.cli.con.int.ConsumerCoordinator] (Thread-648) [Consumer clientId=consumer-Consumer-topic-5a1fc5e7_11bb_40e6_aebe_f1339799daf3-7, groupId=Consumer-topic-5a1fc5e7_11bb_40e6_aebe_f1339799daf3] Notifying assignor about the new Assignment(partitions=[topic-5a1fc5e7_11bb_40e6_aebe_f1339799daf3-0])
2025-08-06 15:37:13,118 INFO  [org.apa.kaf.cli.con.int.ConsumerRebalanceListenerInvoker] (Thread-648) [Consumer clientId=consumer-Consumer-topic-5a1fc5e7_11bb_40e6_aebe_f1339799daf3-7, groupId=Consumer-topic-5a1fc5e7_11bb_40e6_aebe_f1339799daf3] Adding newly assigned partitions: topic-5a1fc5e7_11bb_40e6_aebe_f1339799daf3-0
2025-08-06 15:37:13,120 INFO  [org.apa.kaf.cli.con.int.ConsumerCoordinator] (Thread-648) [Consumer clientId=consumer-Consumer-topic-5a1fc5e7_11bb_40e6_aebe_f1339799daf3-7, groupId=Consumer-topic-5a1fc5e7_11bb_40e6_aebe_f1339799daf3] Found no committed offset for partition topic-5a1fc5e7_11bb_40e6_aebe_f1339799daf3-0
2025-08-06 15:37:13,126 INFO  [org.apa.kaf.cli.con.int.SubscriptionState] (Thread-648) [Consumer clientId=consumer-Consumer-topic-5a1fc5e7_11bb_40e6_aebe_f1339799daf3-7, groupId=Consumer-topic-5a1fc5e7_11bb_40e6_aebe_f1339799daf3] Resetting offset for partition topic-5a1fc5e7_11bb_40e6_aebe_f1339799daf3-0 to position FetchPosition{offset=0, offsetEpoch=Optional.empty, currentLeader=LeaderAndEpoch{leader=Optional[localhost:32769 (id: 0 rack: null)], epoch=0}}.
2025-08-06 15:37:13,551 INFO  [io.api.tes.ser.api.KafkaSerdesTester] (Thread-648) topic-5a1fc5e7_11bb_40e6_aebe_f1339799daf3 0 0 {"key11754494628562": "value-0"}
2025-08-06 15:37:13,552 INFO  [io.api.tes.ser.api.KafkaSerdesTester] (Thread-648) topic-5a1fc5e7_11bb_40e6_aebe_f1339799daf3 0 1 {"key11754494628562": "value-1"}
2025-08-06 15:37:13,552 INFO  [io.api.tes.ser.api.KafkaSerdesTester] (Thread-648) topic-5a1fc5e7_11bb_40e6_aebe_f1339799daf3 0 2 {"key11754494628562": "value-2"}
2025-08-06 15:37:13,552 INFO  [io.api.tes.ser.api.KafkaSerdesTester] (Thread-648) topic-5a1fc5e7_11bb_40e6_aebe_f1339799daf3 0 3 {"key11754494628562": "value-3"}
2025-08-06 15:37:13,552 INFO  [io.api.tes.ser.api.KafkaSerdesTester] (Thread-648) topic-5a1fc5e7_11bb_40e6_aebe_f1339799daf3 0 4 {"key11754494628562": "value-4"}
2025-08-06 15:37:13,552 INFO  [io.api.tes.ser.api.KafkaSerdesTester] (Thread-648) topic-5a1fc5e7_11bb_40e6_aebe_f1339799daf3 0 5 {"key11754494628562": "value-5"}
2025-08-06 15:37:13,552 INFO  [io.api.tes.ser.api.KafkaSerdesTester] (Thread-648) topic-5a1fc5e7_11bb_40e6_aebe_f1339799daf3 0 6 {"key11754494628562": "value-6"}
2025-08-06 15:37:13,552 INFO  [io.api.tes.ser.api.KafkaSerdesTester] (Thread-648) topic-5a1fc5e7_11bb_40e6_aebe_f1339799daf3 0 7 {"key11754494628562": "value-7"}
2025-08-06 15:37:13,552 INFO  [io.api.tes.ser.api.KafkaSerdesTester] (Thread-648) topic-5a1fc5e7_11bb_40e6_aebe_f1339799daf3 0 8 {"key11754494628562": "value-8"}
2025-08-06 15:37:13,552 INFO  [io.api.tes.ser.api.KafkaSerdesTester] (Thread-648) topic-5a1fc5e7_11bb_40e6_aebe_f1339799daf3 0 9 {"key11754494628562": "value-9"}
2025-08-06 15:37:13,552 INFO  [io.api.tes.ser.api.KafkaSerdesTester] (Thread-648) Consumed 10 messages
2025-08-06 15:37:13,561 INFO  [org.apa.kaf.cli.con.int.ConsumerRebalanceListenerInvoker] (Thread-648) [Consumer clientId=consumer-Consumer-topic-5a1fc5e7_11bb_40e6_aebe_f1339799daf3-7, groupId=Consumer-topic-5a1fc5e7_11bb_40e6_aebe_f1339799daf3] Revoke previously assigned partitions topic-5a1fc5e7_11bb_40e6_aebe_f1339799daf3-0
2025-08-06 15:37:13,561 INFO  [org.apa.kaf.cli.con.int.ConsumerCoordinator] (Thread-648) [Consumer clientId=consumer-Consumer-topic-5a1fc5e7_11bb_40e6_aebe_f1339799daf3-7, groupId=Consumer-topic-5a1fc5e7_11bb_40e6_aebe_f1339799daf3] Member consumer-Consumer-topic-5a1fc5e7_11bb_40e6_aebe_f1339799daf3-7-99d7904a-e3b3-45c0-96d7-cfbc53d4bffc sending LeaveGroup request to coordinator localhost:32769 (id: 2147483647 rack: null) due to the consumer is being closed
2025-08-06 15:37:13,561 INFO  [org.apa.kaf.cli.con.int.ConsumerCoordinator] (Thread-648) [Consumer clientId=consumer-Consumer-topic-5a1fc5e7_11bb_40e6_aebe_f1339799daf3-7, groupId=Consumer-topic-5a1fc5e7_11bb_40e6_aebe_f1339799daf3] Resetting generation and member id due to: consumer pro-actively leaving the group
2025-08-06 15:37:13,562 INFO  [org.apa.kaf.cli.con.int.ConsumerCoordinator] (Thread-648) [Consumer clientId=consumer-Consumer-topic-5a1fc5e7_11bb_40e6_aebe_f1339799daf3-7, groupId=Consumer-topic-5a1fc5e7_11bb_40e6_aebe_f1339799daf3] Request joining group due to: consumer pro-actively leaving the group
2025-08-06 15:37:14,055 INFO  [org.apa.kaf.com.met.Metrics] (Thread-648) Metrics scheduler closed
2025-08-06 15:37:14,055 INFO  [org.apa.kaf.com.met.Metrics] (Thread-648) Closing reporter org.apache.kafka.common.metrics.JmxReporter
2025-08-06 15:37:14,055 INFO  [org.apa.kaf.com.met.Metrics] (Thread-648) Closing reporter org.apache.kafka.common.telemetry.internals.ClientTelemetryReporter
2025-08-06 15:37:14,055 INFO  [org.apa.kaf.com.met.Metrics] (Thread-648) Metrics reporters closed
2025-08-06 15:37:14,058 INFO  [org.apa.kaf.com.uti.AppInfoParser] (Thread-648) App info kafka.consumer for consumer-Consumer-topic-5a1fc5e7_11bb_40e6_aebe_f1339799daf3-7 unregistered
2025-08-06 15:37:14,058 INFO  [io.api.tes.uti.TestSeparator] (main) io.apicurio.tests.serdes.apicurio.AvroSerdeIT.testTopicIdStrategyFindLatest-FINISHED
2025-08-06 15:37:14,058 INFO  [io.api.tes.uti.TestSeparator] (main) ############################################################################
Test passed: testTopicIdStrategyFindLatest
]]></system-out>
  </testcase>
  <testcase name="testAvroUnionWithSpecificReader" classname="io.apicurio.tests.serdes.apicurio.AvroSerdeIT" time="4.683">
    <system-out><![CDATA[2025-08-06 15:37:14,060 INFO  [io.api.tes.uti.TestSeparator] (main) ############################################################################
2025-08-06 15:37:14,060 INFO  [io.api.tes.uti.TestSeparator] (main) io.apicurio.tests.serdes.apicurio.AvroSerdeIT.testAvroUnionWithSpecificReader-STARTED
**** Registry Base URL: http://registry-app-pg17.apps.ci419.apicurio-testing.org:80
2025-08-06 15:37:14,066 INFO  [org.apa.kaf.cli.pro.ProducerConfig] (main) ProducerConfig values: 
	acks = -1
	auto.include.jmx.reporter = true
	batch.size = 16384
	bootstrap.servers = [PLAINTEXT://localhost:32769]
	buffer.memory = 33554432
	client.dns.lookup = use_all_dns_ips
	client.id = Producer-topic-7c22f8cb_aa9c_47ad_b9d4_71b1259c62ee
	compression.gzip.level = -1
	compression.lz4.level = 9
	compression.type = none
	compression.zstd.level = 3
	connections.max.idle.ms = 10000
	delivery.timeout.ms = 120000
	enable.idempotence = true
	enable.metrics.push = true
	interceptor.classes = []
	key.serializer = class org.apache.kafka.common.serialization.StringSerializer
	linger.ms = 0
	max.block.ms = 60000
	max.in.flight.requests.per.connection = 5
	max.request.size = 1048576
	metadata.max.age.ms = 300000
	metadata.max.idle.ms = 300000
	metadata.recovery.strategy = none
	metric.reporters = []
	metrics.num.samples = 2
	metrics.recording.level = INFO
	metrics.sample.window.ms = 30000
	partitioner.adaptive.partitioning.enable = true
	partitioner.availability.timeout.ms = 0
	partitioner.class = null
	partitioner.ignore.keys = false
	receive.buffer.bytes = 32768
	reconnect.backoff.max.ms = 1000
	reconnect.backoff.ms = 50
	request.timeout.ms = 5000
	retries = 2147483647
	retry.backoff.max.ms = 1000
	retry.backoff.ms = 100
	sasl.client.callback.handler.class = null
	sasl.jaas.config = null
	sasl.kerberos.kinit.cmd = /usr/bin/kinit
	sasl.kerberos.min.time.before.relogin = 60000
	sasl.kerberos.service.name = null
	sasl.kerberos.ticket.renew.jitter = 0.05
	sasl.kerberos.ticket.renew.window.factor = 0.8
	sasl.login.callback.handler.class = null
	sasl.login.class = null
	sasl.login.connect.timeout.ms = null
	sasl.login.read.timeout.ms = null
	sasl.login.refresh.buffer.seconds = 300
	sasl.login.refresh.min.period.seconds = 60
	sasl.login.refresh.window.factor = 0.8
	sasl.login.refresh.window.jitter = 0.05
	sasl.login.retry.backoff.max.ms = 10000
	sasl.login.retry.backoff.ms = 100
	sasl.mechanism = GSSAPI
	sasl.oauthbearer.clock.skew.seconds = 30
	sasl.oauthbearer.expected.audience = null
	sasl.oauthbearer.expected.issuer = null
	sasl.oauthbearer.header.urlencode = false
	sasl.oauthbearer.jwks.endpoint.refresh.ms = 3600000
	sasl.oauthbearer.jwks.endpoint.retry.backoff.max.ms = 10000
	sasl.oauthbearer.jwks.endpoint.retry.backoff.ms = 100
	sasl.oauthbearer.jwks.endpoint.url = null
	sasl.oauthbearer.scope.claim.name = scope
	sasl.oauthbearer.sub.claim.name = sub
	sasl.oauthbearer.token.endpoint.url = null
	security.protocol = PLAINTEXT
	security.providers = null
	send.buffer.bytes = 131072
	socket.connection.setup.timeout.max.ms = 30000
	socket.connection.setup.timeout.ms = 10000
	ssl.cipher.suites = null
	ssl.enabled.protocols = [TLSv1.2, TLSv1.3]
	ssl.endpoint.identification.algorithm = https
	ssl.engine.factory.class = null
	ssl.key.password = null
	ssl.keymanager.algorithm = SunX509
	ssl.keystore.certificate.chain = null
	ssl.keystore.key = null
	ssl.keystore.location = null
	ssl.keystore.password = null
	ssl.keystore.type = JKS
	ssl.protocol = TLSv1.3
	ssl.provider = null
	ssl.secure.random.implementation = null
	ssl.trustmanager.algorithm = PKIX
	ssl.truststore.certificates = null
	ssl.truststore.location = null
	ssl.truststore.password = null
	ssl.truststore.type = JKS
	transaction.timeout.ms = 60000
	transactional.id = null
	value.serializer = class io.apicurio.registry.serde.avro.AvroKafkaSerializer

2025-08-06 15:37:14,066 INFO  [org.apa.kaf.com.tel.int.KafkaMetricsCollector] (main) initializing Kafka metrics collector
2025-08-06 15:37:14,075 INFO  [org.apa.kaf.cli.pro.KafkaProducer] (main) [Producer clientId=Producer-topic-7c22f8cb_aa9c_47ad_b9d4_71b1259c62ee] Instantiated an idempotent producer.
2025-08-06 15:37:14,077 INFO  [org.apa.kaf.cli.pro.ProducerConfig] (main) These configurations '[apicurio.registry.url, apicurio.registry.auto-register, apicurio.registry.artifact-resolver-strategy]' were supplied but are not used yet.
2025-08-06 15:37:14,077 INFO  [org.apa.kaf.com.uti.AppInfoParser] (main) Kafka version: 3.9.1
2025-08-06 15:37:14,077 INFO  [org.apa.kaf.com.uti.AppInfoParser] (main) Kafka commitId: f745dfdcee2b9851
2025-08-06 15:37:14,077 INFO  [org.apa.kaf.com.uti.AppInfoParser] (main) Kafka startTimeMs: 1754494634077
2025-08-06 15:37:14,077 INFO  [io.api.tes.ser.api.SimpleSerdesTesterBuilder$SimpleSerdesTester] (main) Using producer configuration: {apicurio.registry.url=http://registry-app-pg17.apps.ci419.apicurio-testing.org:80/apis/registry/v3, apicurio.registry.auto-register=true, apicurio.registry.artifact-resolver-strategy=io.apicurio.registry.serde.strategy.TopicIdStrategy, value.serializer=io.apicurio.registry.serde.avro.AvroKafkaSerializer, request.timeout.ms=5000, acks=all, bootstrap.servers=PLAINTEXT://localhost:32769, connections.max.idle.ms=10000, key.serializer=org.apache.kafka.common.serialization.StringSerializer, client.id=Producer-topic-7c22f8cb_aa9c_47ad_b9d4_71b1259c62ee}
2025-08-06 15:37:14,077 INFO  [io.api.tes.ser.api.SimpleSerdesTesterBuilder$SimpleSerdesTester] (main) Using consumer configuration: {}
2025-08-06 15:37:14,079 INFO  [io.api.tes.ser.api.KafkaSerdesTester] (Thread-651) Sending message {"id": "record-0"} to topic topic-7c22f8cb_aa9c_47ad_b9d4_71b1259c62ee
2025-08-06 15:37:14,083 WARN  [org.apa.kaf.cli.NetworkClient] (kafka-producer-network-thread | Producer-topic-7c22f8cb_aa9c_47ad_b9d4_71b1259c62ee) [Producer clientId=Producer-topic-7c22f8cb_aa9c_47ad_b9d4_71b1259c62ee] The metadata response from the cluster reported a recoverable issue with correlation id 1 : {topic-7c22f8cb_aa9c_47ad_b9d4_71b1259c62ee=UNKNOWN_TOPIC_OR_PARTITION}
2025-08-06 15:37:14,083 INFO  [org.apa.kaf.cli.Metadata] (kafka-producer-network-thread | Producer-topic-7c22f8cb_aa9c_47ad_b9d4_71b1259c62ee) [Producer clientId=Producer-topic-7c22f8cb_aa9c_47ad_b9d4_71b1259c62ee] Cluster ID: xNUQX5UBRx2CPqcHCglV-w
2025-08-06 15:37:14,083 INFO  [org.apa.kaf.cli.pro.int.TransactionManager] (kafka-producer-network-thread | Producer-topic-7c22f8cb_aa9c_47ad_b9d4_71b1259c62ee) [Producer clientId=Producer-topic-7c22f8cb_aa9c_47ad_b9d4_71b1259c62ee] ProducerId set to 10 with epoch 0
2025-08-06 15:37:14,379 INFO  [io.api.tes.ser.api.KafkaSerdesTester] (Thread-651) Sending message {"value": 1} to topic topic-7c22f8cb_aa9c_47ad_b9d4_71b1259c62ee
2025-08-06 15:37:14,482 INFO  [io.api.tes.ser.api.KafkaSerdesTester] (Thread-651) Sending message {"active": true} to topic topic-7c22f8cb_aa9c_47ad_b9d4_71b1259c62ee
2025-08-06 15:37:14,576 INFO  [io.api.tes.ser.api.KafkaSerdesTester] (Thread-651) Sending message {"id": "record-3"} to topic topic-7c22f8cb_aa9c_47ad_b9d4_71b1259c62ee
2025-08-06 15:37:14,579 INFO  [io.api.tes.ser.api.KafkaSerdesTester] (Thread-651) Sending message {"value": 4} to topic topic-7c22f8cb_aa9c_47ad_b9d4_71b1259c62ee
2025-08-06 15:37:14,581 INFO  [io.api.tes.ser.api.KafkaSerdesTester] (Thread-651) Sending message {"active": false} to topic topic-7c22f8cb_aa9c_47ad_b9d4_71b1259c62ee
2025-08-06 15:37:14,583 INFO  [io.api.tes.ser.api.KafkaSerdesTester] (Thread-651) Sending message {"id": "record-6"} to topic topic-7c22f8cb_aa9c_47ad_b9d4_71b1259c62ee
2025-08-06 15:37:14,586 INFO  [io.api.tes.ser.api.KafkaSerdesTester] (Thread-651) Sending message {"value": 7} to topic topic-7c22f8cb_aa9c_47ad_b9d4_71b1259c62ee
2025-08-06 15:37:14,589 INFO  [io.api.tes.ser.api.KafkaSerdesTester] (Thread-651) Sending message {"active": true} to topic topic-7c22f8cb_aa9c_47ad_b9d4_71b1259c62ee
2025-08-06 15:37:14,591 INFO  [io.api.tes.ser.api.KafkaSerdesTester] (Thread-651) Sending message {"id": "record-9"} to topic topic-7c22f8cb_aa9c_47ad_b9d4_71b1259c62ee
2025-08-06 15:37:14,593 INFO  [io.api.tes.ser.api.KafkaSerdesTester] (Thread-651) Produced 10 messages
2025-08-06 15:37:14,594 INFO  [org.apa.kaf.cli.pro.KafkaProducer] (Thread-651) [Producer clientId=Producer-topic-7c22f8cb_aa9c_47ad_b9d4_71b1259c62ee] Closing the Kafka producer with timeoutMillis = 9223372036854775807 ms.
2025-08-06 15:37:14,596 INFO  [org.apa.kaf.com.met.Metrics] (Thread-651) Metrics scheduler closed
2025-08-06 15:37:14,596 INFO  [org.apa.kaf.com.met.Metrics] (Thread-651) Closing reporter org.apache.kafka.common.metrics.JmxReporter
2025-08-06 15:37:14,596 INFO  [org.apa.kaf.com.met.Metrics] (Thread-651) Closing reporter org.apache.kafka.common.telemetry.internals.ClientTelemetryReporter
2025-08-06 15:37:14,596 INFO  [org.apa.kaf.com.met.Metrics] (Thread-651) Metrics reporters closed
2025-08-06 15:37:14,596 INFO  [org.apa.kaf.com.uti.AppInfoParser] (Thread-651) App info kafka.producer for Producer-topic-7c22f8cb_aa9c_47ad_b9d4_71b1259c62ee unregistered
2025-08-06 15:37:14,672 INFO  [io.api.tes.ser.api.AvroSerdeIT] (main) Artifact topic-7c22f8cb_aa9c_47ad_b9d4_71b1259c62ee-value found in registry with globalId 25
**** Registry Base URL: http://registry-app-pg17.apps.ci419.apicurio-testing.org:80
2025-08-06 15:37:14,672 INFO  [org.apa.kaf.cli.con.ConsumerConfig] (main) ConsumerConfig values: 
	allow.auto.create.topics = true
	auto.commit.interval.ms = 500
	auto.include.jmx.reporter = true
	auto.offset.reset = earliest
	bootstrap.servers = [PLAINTEXT://localhost:32769]
	check.crcs = true
	client.dns.lookup = use_all_dns_ips
	client.id = consumer-Consumer-topic-7c22f8cb_aa9c_47ad_b9d4_71b1259c62ee-8
	client.rack = 
	connections.max.idle.ms = 10000
	default.api.timeout.ms = 60000
	enable.auto.commit = true
	enable.metrics.push = true
	exclude.internal.topics = true
	fetch.max.bytes = 52428800
	fetch.max.wait.ms = 500
	fetch.min.bytes = 1
	group.id = Consumer-topic-7c22f8cb_aa9c_47ad_b9d4_71b1259c62ee
	group.instance.id = null
	group.protocol = classic
	group.remote.assignor = null
	heartbeat.interval.ms = 3000
	interceptor.classes = []
	internal.leave.group.on.close = true
	internal.throw.on.fetch.stable.offset.unsupported = false
	isolation.level = read_uncommitted
	key.deserializer = class org.apache.kafka.common.serialization.StringDeserializer
	max.partition.fetch.bytes = 1048576
	max.poll.interval.ms = 300000
	max.poll.records = 500
	metadata.max.age.ms = 300000
	metadata.recovery.strategy = none
	metric.reporters = []
	metrics.num.samples = 2
	metrics.recording.level = INFO
	metrics.sample.window.ms = 30000
	partition.assignment.strategy = [class org.apache.kafka.clients.consumer.RangeAssignor, class org.apache.kafka.clients.consumer.CooperativeStickyAssignor]
	receive.buffer.bytes = 65536
	reconnect.backoff.max.ms = 1000
	reconnect.backoff.ms = 50
	request.timeout.ms = 5000
	retry.backoff.max.ms = 1000
	retry.backoff.ms = 100
	sasl.client.callback.handler.class = null
	sasl.jaas.config = null
	sasl.kerberos.kinit.cmd = /usr/bin/kinit
	sasl.kerberos.min.time.before.relogin = 60000
	sasl.kerberos.service.name = null
	sasl.kerberos.ticket.renew.jitter = 0.05
	sasl.kerberos.ticket.renew.window.factor = 0.8
	sasl.login.callback.handler.class = null
	sasl.login.class = null
	sasl.login.connect.timeout.ms = null
	sasl.login.read.timeout.ms = null
	sasl.login.refresh.buffer.seconds = 300
	sasl.login.refresh.min.period.seconds = 60
	sasl.login.refresh.window.factor = 0.8
	sasl.login.refresh.window.jitter = 0.05
	sasl.login.retry.backoff.max.ms = 10000
	sasl.login.retry.backoff.ms = 100
	sasl.mechanism = GSSAPI
	sasl.oauthbearer.clock.skew.seconds = 30
	sasl.oauthbearer.expected.audience = null
	sasl.oauthbearer.expected.issuer = null
	sasl.oauthbearer.header.urlencode = false
	sasl.oauthbearer.jwks.endpoint.refresh.ms = 3600000
	sasl.oauthbearer.jwks.endpoint.retry.backoff.max.ms = 10000
	sasl.oauthbearer.jwks.endpoint.retry.backoff.ms = 100
	sasl.oauthbearer.jwks.endpoint.url = null
	sasl.oauthbearer.scope.claim.name = scope
	sasl.oauthbearer.sub.claim.name = sub
	sasl.oauthbearer.token.endpoint.url = null
	security.protocol = PLAINTEXT
	security.providers = null
	send.buffer.bytes = 131072
	session.timeout.ms = 45000
	socket.connection.setup.timeout.max.ms = 30000
	socket.connection.setup.timeout.ms = 10000
	ssl.cipher.suites = null
	ssl.enabled.protocols = [TLSv1.2, TLSv1.3]
	ssl.endpoint.identification.algorithm = https
	ssl.engine.factory.class = null
	ssl.key.password = null
	ssl.keymanager.algorithm = SunX509
	ssl.keystore.certificate.chain = null
	ssl.keystore.key = null
	ssl.keystore.location = null
	ssl.keystore.password = null
	ssl.keystore.type = JKS
	ssl.protocol = TLSv1.3
	ssl.provider = null
	ssl.secure.random.implementation = null
	ssl.trustmanager.algorithm = PKIX
	ssl.truststore.certificates = null
	ssl.truststore.location = null
	ssl.truststore.password = null
	ssl.truststore.type = JKS
	value.deserializer = class io.apicurio.registry.serde.avro.AvroKafkaDeserializer

2025-08-06 15:37:14,673 INFO  [org.apa.kaf.com.tel.int.KafkaMetricsCollector] (main) initializing Kafka metrics collector
2025-08-06 15:37:14,679 INFO  [org.apa.kaf.cli.con.ConsumerConfig] (main) These configurations '[apicurio.registry.url]' were supplied but are not used yet.
2025-08-06 15:37:14,679 INFO  [org.apa.kaf.com.uti.AppInfoParser] (main) Kafka version: 3.9.1
2025-08-06 15:37:14,680 INFO  [org.apa.kaf.com.uti.AppInfoParser] (main) Kafka commitId: f745dfdcee2b9851
2025-08-06 15:37:14,680 INFO  [org.apa.kaf.com.uti.AppInfoParser] (main) Kafka startTimeMs: 1754494634679
2025-08-06 15:37:14,680 INFO  [org.apa.kaf.cli.con.int.ClassicKafkaConsumer] (Thread-654) [Consumer clientId=consumer-Consumer-topic-7c22f8cb_aa9c_47ad_b9d4_71b1259c62ee-8, groupId=Consumer-topic-7c22f8cb_aa9c_47ad_b9d4_71b1259c62ee] Subscribed to topic(s): topic-7c22f8cb_aa9c_47ad_b9d4_71b1259c62ee
2025-08-06 15:37:14,686 INFO  [org.apa.kaf.cli.Metadata] (Thread-654) [Consumer clientId=consumer-Consumer-topic-7c22f8cb_aa9c_47ad_b9d4_71b1259c62ee-8, groupId=Consumer-topic-7c22f8cb_aa9c_47ad_b9d4_71b1259c62ee] Cluster ID: xNUQX5UBRx2CPqcHCglV-w
2025-08-06 15:37:14,688 INFO  [org.apa.kaf.cli.con.int.ConsumerCoordinator] (Thread-654) [Consumer clientId=consumer-Consumer-topic-7c22f8cb_aa9c_47ad_b9d4_71b1259c62ee-8, groupId=Consumer-topic-7c22f8cb_aa9c_47ad_b9d4_71b1259c62ee] Discovered group coordinator localhost:32769 (id: 2147483647 rack: null)
2025-08-06 15:37:14,690 INFO  [org.apa.kaf.cli.con.int.ConsumerCoordinator] (Thread-654) [Consumer clientId=consumer-Consumer-topic-7c22f8cb_aa9c_47ad_b9d4_71b1259c62ee-8, groupId=Consumer-topic-7c22f8cb_aa9c_47ad_b9d4_71b1259c62ee] (Re-)joining group
2025-08-06 15:37:14,692 INFO  [org.apa.kaf.cli.con.int.ConsumerCoordinator] (Thread-654) [Consumer clientId=consumer-Consumer-topic-7c22f8cb_aa9c_47ad_b9d4_71b1259c62ee-8, groupId=Consumer-topic-7c22f8cb_aa9c_47ad_b9d4_71b1259c62ee] Request joining group due to: need to re-join with the given member-id: consumer-Consumer-topic-7c22f8cb_aa9c_47ad_b9d4_71b1259c62ee-8-0815498e-ca5c-4043-9827-b30c1d6fda3d
2025-08-06 15:37:14,693 INFO  [org.apa.kaf.cli.con.int.ConsumerCoordinator] (Thread-654) [Consumer clientId=consumer-Consumer-topic-7c22f8cb_aa9c_47ad_b9d4_71b1259c62ee-8, groupId=Consumer-topic-7c22f8cb_aa9c_47ad_b9d4_71b1259c62ee] (Re-)joining group
2025-08-06 15:37:15,680 INFO  [io.api.tes.ser.api.KafkaSerdesTester] (Thread-654) None found
2025-08-06 15:37:16,680 INFO  [io.api.tes.ser.api.KafkaSerdesTester] (Thread-654) None found
2025-08-06 15:37:17,681 INFO  [io.api.tes.ser.api.KafkaSerdesTester] (Thread-654) None found
2025-08-06 15:37:17,694 INFO  [org.apa.kaf.cli.con.int.ConsumerCoordinator] (Thread-654) [Consumer clientId=consumer-Consumer-topic-7c22f8cb_aa9c_47ad_b9d4_71b1259c62ee-8, groupId=Consumer-topic-7c22f8cb_aa9c_47ad_b9d4_71b1259c62ee] Successfully joined group with generation Generation{generationId=1, memberId='consumer-Consumer-topic-7c22f8cb_aa9c_47ad_b9d4_71b1259c62ee-8-0815498e-ca5c-4043-9827-b30c1d6fda3d', protocol='range'}
2025-08-06 15:37:17,695 INFO  [org.apa.kaf.cli.con.int.ConsumerCoordinator] (Thread-654) [Consumer clientId=consumer-Consumer-topic-7c22f8cb_aa9c_47ad_b9d4_71b1259c62ee-8, groupId=Consumer-topic-7c22f8cb_aa9c_47ad_b9d4_71b1259c62ee] Finished assignment for group at generation 1: {consumer-Consumer-topic-7c22f8cb_aa9c_47ad_b9d4_71b1259c62ee-8-0815498e-ca5c-4043-9827-b30c1d6fda3d=Assignment(partitions=[topic-7c22f8cb_aa9c_47ad_b9d4_71b1259c62ee-0])}
2025-08-06 15:37:17,702 INFO  [org.apa.kaf.cli.con.int.ConsumerCoordinator] (Thread-654) [Consumer clientId=consumer-Consumer-topic-7c22f8cb_aa9c_47ad_b9d4_71b1259c62ee-8, groupId=Consumer-topic-7c22f8cb_aa9c_47ad_b9d4_71b1259c62ee] Successfully synced group in generation Generation{generationId=1, memberId='consumer-Consumer-topic-7c22f8cb_aa9c_47ad_b9d4_71b1259c62ee-8-0815498e-ca5c-4043-9827-b30c1d6fda3d', protocol='range'}
2025-08-06 15:37:17,702 INFO  [org.apa.kaf.cli.con.int.ConsumerCoordinator] (Thread-654) [Consumer clientId=consumer-Consumer-topic-7c22f8cb_aa9c_47ad_b9d4_71b1259c62ee-8, groupId=Consumer-topic-7c22f8cb_aa9c_47ad_b9d4_71b1259c62ee] Notifying assignor about the new Assignment(partitions=[topic-7c22f8cb_aa9c_47ad_b9d4_71b1259c62ee-0])
2025-08-06 15:37:17,702 INFO  [org.apa.kaf.cli.con.int.ConsumerRebalanceListenerInvoker] (Thread-654) [Consumer clientId=consumer-Consumer-topic-7c22f8cb_aa9c_47ad_b9d4_71b1259c62ee-8, groupId=Consumer-topic-7c22f8cb_aa9c_47ad_b9d4_71b1259c62ee] Adding newly assigned partitions: topic-7c22f8cb_aa9c_47ad_b9d4_71b1259c62ee-0
2025-08-06 15:37:17,704 INFO  [org.apa.kaf.cli.con.int.ConsumerCoordinator] (Thread-654) [Consumer clientId=consumer-Consumer-topic-7c22f8cb_aa9c_47ad_b9d4_71b1259c62ee-8, groupId=Consumer-topic-7c22f8cb_aa9c_47ad_b9d4_71b1259c62ee] Found no committed offset for partition topic-7c22f8cb_aa9c_47ad_b9d4_71b1259c62ee-0
2025-08-06 15:37:17,708 INFO  [org.apa.kaf.cli.con.int.SubscriptionState] (Thread-654) [Consumer clientId=consumer-Consumer-topic-7c22f8cb_aa9c_47ad_b9d4_71b1259c62ee-8, groupId=Consumer-topic-7c22f8cb_aa9c_47ad_b9d4_71b1259c62ee] Resetting offset for partition topic-7c22f8cb_aa9c_47ad_b9d4_71b1259c62ee-0 to position FetchPosition{offset=0, offsetEpoch=Optional.empty, currentLeader=LeaderAndEpoch{leader=Optional[localhost:32769 (id: 0 rack: null)], epoch=0}}.
2025-08-06 15:37:18,233 INFO  [io.api.tes.ser.api.KafkaSerdesTester] (Thread-654) topic-7c22f8cb_aa9c_47ad_b9d4_71b1259c62ee 0 0 {"id": "record-0"}
2025-08-06 15:37:18,233 INFO  [io.api.tes.ser.api.KafkaSerdesTester] (Thread-654) topic-7c22f8cb_aa9c_47ad_b9d4_71b1259c62ee 0 1 {"value": 1}
2025-08-06 15:37:18,233 INFO  [io.api.tes.ser.api.KafkaSerdesTester] (Thread-654) topic-7c22f8cb_aa9c_47ad_b9d4_71b1259c62ee 0 2 {"active": true}
2025-08-06 15:37:18,233 INFO  [io.api.tes.ser.api.KafkaSerdesTester] (Thread-654) topic-7c22f8cb_aa9c_47ad_b9d4_71b1259c62ee 0 3 {"id": "record-3"}
2025-08-06 15:37:18,233 INFO  [io.api.tes.ser.api.KafkaSerdesTester] (Thread-654) topic-7c22f8cb_aa9c_47ad_b9d4_71b1259c62ee 0 4 {"value": 4}
2025-08-06 15:37:18,233 INFO  [io.api.tes.ser.api.KafkaSerdesTester] (Thread-654) topic-7c22f8cb_aa9c_47ad_b9d4_71b1259c62ee 0 5 {"active": false}
2025-08-06 15:37:18,233 INFO  [io.api.tes.ser.api.KafkaSerdesTester] (Thread-654) topic-7c22f8cb_aa9c_47ad_b9d4_71b1259c62ee 0 6 {"id": "record-6"}
2025-08-06 15:37:18,233 INFO  [io.api.tes.ser.api.KafkaSerdesTester] (Thread-654) topic-7c22f8cb_aa9c_47ad_b9d4_71b1259c62ee 0 7 {"value": 7}
2025-08-06 15:37:18,233 INFO  [io.api.tes.ser.api.KafkaSerdesTester] (Thread-654) topic-7c22f8cb_aa9c_47ad_b9d4_71b1259c62ee 0 8 {"active": true}
2025-08-06 15:37:18,234 INFO  [io.api.tes.ser.api.KafkaSerdesTester] (Thread-654) topic-7c22f8cb_aa9c_47ad_b9d4_71b1259c62ee 0 9 {"id": "record-9"}
2025-08-06 15:37:18,234 INFO  [io.api.tes.ser.api.KafkaSerdesTester] (Thread-654) Consumed 10 messages
2025-08-06 15:37:18,241 INFO  [org.apa.kaf.cli.con.int.ConsumerRebalanceListenerInvoker] (Thread-654) [Consumer clientId=consumer-Consumer-topic-7c22f8cb_aa9c_47ad_b9d4_71b1259c62ee-8, groupId=Consumer-topic-7c22f8cb_aa9c_47ad_b9d4_71b1259c62ee] Revoke previously assigned partitions topic-7c22f8cb_aa9c_47ad_b9d4_71b1259c62ee-0
2025-08-06 15:37:18,241 INFO  [org.apa.kaf.cli.con.int.ConsumerCoordinator] (Thread-654) [Consumer clientId=consumer-Consumer-topic-7c22f8cb_aa9c_47ad_b9d4_71b1259c62ee-8, groupId=Consumer-topic-7c22f8cb_aa9c_47ad_b9d4_71b1259c62ee] Member consumer-Consumer-topic-7c22f8cb_aa9c_47ad_b9d4_71b1259c62ee-8-0815498e-ca5c-4043-9827-b30c1d6fda3d sending LeaveGroup request to coordinator localhost:32769 (id: 2147483647 rack: null) due to the consumer is being closed
2025-08-06 15:37:18,241 INFO  [org.apa.kaf.cli.con.int.ConsumerCoordinator] (Thread-654) [Consumer clientId=consumer-Consumer-topic-7c22f8cb_aa9c_47ad_b9d4_71b1259c62ee-8, groupId=Consumer-topic-7c22f8cb_aa9c_47ad_b9d4_71b1259c62ee] Resetting generation and member id due to: consumer pro-actively leaving the group
2025-08-06 15:37:18,242 INFO  [org.apa.kaf.cli.con.int.ConsumerCoordinator] (Thread-654) [Consumer clientId=consumer-Consumer-topic-7c22f8cb_aa9c_47ad_b9d4_71b1259c62ee-8, groupId=Consumer-topic-7c22f8cb_aa9c_47ad_b9d4_71b1259c62ee] Request joining group due to: consumer pro-actively leaving the group
2025-08-06 15:37:18,738 INFO  [org.apa.kaf.com.met.Metrics] (Thread-654) Metrics scheduler closed
2025-08-06 15:37:18,738 INFO  [org.apa.kaf.com.met.Metrics] (Thread-654) Closing reporter org.apache.kafka.common.metrics.JmxReporter
2025-08-06 15:37:18,738 INFO  [org.apa.kaf.com.met.Metrics] (Thread-654) Closing reporter org.apache.kafka.common.telemetry.internals.ClientTelemetryReporter
2025-08-06 15:37:18,738 INFO  [org.apa.kaf.com.met.Metrics] (Thread-654) Metrics reporters closed
2025-08-06 15:37:18,741 INFO  [org.apa.kaf.com.uti.AppInfoParser] (Thread-654) App info kafka.consumer for consumer-Consumer-topic-7c22f8cb_aa9c_47ad_b9d4_71b1259c62ee-8 unregistered
2025-08-06 15:37:18,742 INFO  [io.api.tes.uti.TestSeparator] (main) io.apicurio.tests.serdes.apicurio.AvroSerdeIT.testAvroUnionWithSpecificReader-FINISHED
2025-08-06 15:37:18,742 INFO  [io.api.tes.uti.TestSeparator] (main) ############################################################################
Test passed: testAvroUnionWithSpecificReader
]]></system-out>
  </testcase>
  <testcase name="testEvolveAvroApicurioReusingClient" classname="io.apicurio.tests.serdes.apicurio.AvroSerdeIT" time="8.028">
    <system-out><![CDATA[2025-08-06 15:37:18,744 INFO  [io.api.tes.uti.TestSeparator] (main) ############################################################################
2025-08-06 15:37:18,744 INFO  [io.api.tes.uti.TestSeparator] (main) io.apicurio.tests.serdes.apicurio.AvroSerdeIT.testEvolveAvroApicurioReusingClient-STARTED
2025-08-06 15:37:18,749 INFO  [io.api.tes.ser.api.AvroSerdeIT] (main) Registering Avro Schema: {"type":"record","name":"s73f49f88xbad4x44d2xbcf1xfa287ea4fd7b","namespace":"ns_beb35b47_5008_4695_a986_b7cc1a80bfa4","fields":[{"name":"key11754494638748","type":"string"}]}
**** Registry Base URL: http://registry-app-pg17.apps.ci419.apicurio-testing.org:80
2025-08-06 15:37:19,910 INFO  [org.apa.kaf.cli.pro.ProducerConfig] (main) ProducerConfig values: 
	acks = -1
	auto.include.jmx.reporter = true
	batch.size = 16384
	bootstrap.servers = [PLAINTEXT://localhost:32769]
	buffer.memory = 33554432
	client.dns.lookup = use_all_dns_ips
	client.id = Producer-topic-8457191b_b310_4206_9beb_24b9d501db4c
	compression.gzip.level = -1
	compression.lz4.level = 9
	compression.type = none
	compression.zstd.level = 3
	connections.max.idle.ms = 10000
	delivery.timeout.ms = 120000
	enable.idempotence = true
	enable.metrics.push = true
	interceptor.classes = []
	key.serializer = class org.apache.kafka.common.serialization.StringSerializer
	linger.ms = 0
	max.block.ms = 60000
	max.in.flight.requests.per.connection = 5
	max.request.size = 1048576
	metadata.max.age.ms = 300000
	metadata.max.idle.ms = 300000
	metadata.recovery.strategy = none
	metric.reporters = []
	metrics.num.samples = 2
	metrics.recording.level = INFO
	metrics.sample.window.ms = 30000
	partitioner.adaptive.partitioning.enable = true
	partitioner.availability.timeout.ms = 0
	partitioner.class = null
	partitioner.ignore.keys = false
	receive.buffer.bytes = 32768
	reconnect.backoff.max.ms = 1000
	reconnect.backoff.ms = 50
	request.timeout.ms = 5000
	retries = 2147483647
	retry.backoff.max.ms = 1000
	retry.backoff.ms = 100
	sasl.client.callback.handler.class = null
	sasl.jaas.config = null
	sasl.kerberos.kinit.cmd = /usr/bin/kinit
	sasl.kerberos.min.time.before.relogin = 60000
	sasl.kerberos.service.name = null
	sasl.kerberos.ticket.renew.jitter = 0.05
	sasl.kerberos.ticket.renew.window.factor = 0.8
	sasl.login.callback.handler.class = null
	sasl.login.class = null
	sasl.login.connect.timeout.ms = null
	sasl.login.read.timeout.ms = null
	sasl.login.refresh.buffer.seconds = 300
	sasl.login.refresh.min.period.seconds = 60
	sasl.login.refresh.window.factor = 0.8
	sasl.login.refresh.window.jitter = 0.05
	sasl.login.retry.backoff.max.ms = 10000
	sasl.login.retry.backoff.ms = 100
	sasl.mechanism = GSSAPI
	sasl.oauthbearer.clock.skew.seconds = 30
	sasl.oauthbearer.expected.audience = null
	sasl.oauthbearer.expected.issuer = null
	sasl.oauthbearer.header.urlencode = false
	sasl.oauthbearer.jwks.endpoint.refresh.ms = 3600000
	sasl.oauthbearer.jwks.endpoint.retry.backoff.max.ms = 10000
	sasl.oauthbearer.jwks.endpoint.retry.backoff.ms = 100
	sasl.oauthbearer.jwks.endpoint.url = null
	sasl.oauthbearer.scope.claim.name = scope
	sasl.oauthbearer.sub.claim.name = sub
	sasl.oauthbearer.token.endpoint.url = null
	security.protocol = PLAINTEXT
	security.providers = null
	send.buffer.bytes = 131072
	socket.connection.setup.timeout.max.ms = 30000
	socket.connection.setup.timeout.ms = 10000
	ssl.cipher.suites = null
	ssl.enabled.protocols = [TLSv1.2, TLSv1.3]
	ssl.endpoint.identification.algorithm = https
	ssl.engine.factory.class = null
	ssl.key.password = null
	ssl.keymanager.algorithm = SunX509
	ssl.keystore.certificate.chain = null
	ssl.keystore.key = null
	ssl.keystore.location = null
	ssl.keystore.password = null
	ssl.keystore.type = JKS
	ssl.protocol = TLSv1.3
	ssl.provider = null
	ssl.secure.random.implementation = null
	ssl.trustmanager.algorithm = PKIX
	ssl.truststore.certificates = null
	ssl.truststore.location = null
	ssl.truststore.password = null
	ssl.truststore.type = JKS
	transaction.timeout.ms = 60000
	transactional.id = null
	value.serializer = class io.apicurio.registry.serde.avro.AvroKafkaSerializer

2025-08-06 15:37:19,910 INFO  [org.apa.kaf.com.tel.int.KafkaMetricsCollector] (main) initializing Kafka metrics collector
2025-08-06 15:37:19,912 INFO  [org.apa.kaf.cli.pro.KafkaProducer] (main) [Producer clientId=Producer-topic-8457191b_b310_4206_9beb_24b9d501db4c] Instantiated an idempotent producer.
2025-08-06 15:37:19,914 INFO  [org.apa.kaf.cli.pro.ProducerConfig] (main) These configurations '[apicurio.registry.url, apicurio.registry.artifact-resolver-strategy]' were supplied but are not used yet.
2025-08-06 15:37:19,914 INFO  [org.apa.kaf.com.uti.AppInfoParser] (main) Kafka version: 3.9.1
2025-08-06 15:37:19,914 INFO  [org.apa.kaf.com.uti.AppInfoParser] (main) Kafka commitId: f745dfdcee2b9851
2025-08-06 15:37:19,914 INFO  [org.apa.kaf.com.uti.AppInfoParser] (main) Kafka startTimeMs: 1754494639914
**** Registry Base URL: http://registry-app-pg17.apps.ci419.apicurio-testing.org:80
2025-08-06 15:37:19,915 INFO  [org.apa.kaf.cli.con.ConsumerConfig] (main) ConsumerConfig values: 
	allow.auto.create.topics = true
	auto.commit.interval.ms = 500
	auto.include.jmx.reporter = true
	auto.offset.reset = earliest
	bootstrap.servers = [PLAINTEXT://localhost:32769]
	check.crcs = true
	client.dns.lookup = use_all_dns_ips
	client.id = consumer-Consumer-topic-8457191b_b310_4206_9beb_24b9d501db4c-9
	client.rack = 
	connections.max.idle.ms = 10000
	default.api.timeout.ms = 60000
	enable.auto.commit = true
	enable.metrics.push = true
	exclude.internal.topics = true
	fetch.max.bytes = 52428800
	fetch.max.wait.ms = 500
	fetch.min.bytes = 1
	group.id = Consumer-topic-8457191b_b310_4206_9beb_24b9d501db4c
	group.instance.id = null
	group.protocol = classic
	group.remote.assignor = null
	heartbeat.interval.ms = 3000
	interceptor.classes = []
	internal.leave.group.on.close = true
	internal.throw.on.fetch.stable.offset.unsupported = false
	isolation.level = read_uncommitted
	key.deserializer = class org.apache.kafka.common.serialization.StringDeserializer
	max.partition.fetch.bytes = 1048576
	max.poll.interval.ms = 300000
	max.poll.records = 500
	metadata.max.age.ms = 300000
	metadata.recovery.strategy = none
	metric.reporters = []
	metrics.num.samples = 2
	metrics.recording.level = INFO
	metrics.sample.window.ms = 30000
	partition.assignment.strategy = [class org.apache.kafka.clients.consumer.RangeAssignor, class org.apache.kafka.clients.consumer.CooperativeStickyAssignor]
	receive.buffer.bytes = 65536
	reconnect.backoff.max.ms = 1000
	reconnect.backoff.ms = 50
	request.timeout.ms = 5000
	retry.backoff.max.ms = 1000
	retry.backoff.ms = 100
	sasl.client.callback.handler.class = null
	sasl.jaas.config = null
	sasl.kerberos.kinit.cmd = /usr/bin/kinit
	sasl.kerberos.min.time.before.relogin = 60000
	sasl.kerberos.service.name = null
	sasl.kerberos.ticket.renew.jitter = 0.05
	sasl.kerberos.ticket.renew.window.factor = 0.8
	sasl.login.callback.handler.class = null
	sasl.login.class = null
	sasl.login.connect.timeout.ms = null
	sasl.login.read.timeout.ms = null
	sasl.login.refresh.buffer.seconds = 300
	sasl.login.refresh.min.period.seconds = 60
	sasl.login.refresh.window.factor = 0.8
	sasl.login.refresh.window.jitter = 0.05
	sasl.login.retry.backoff.max.ms = 10000
	sasl.login.retry.backoff.ms = 100
	sasl.mechanism = GSSAPI
	sasl.oauthbearer.clock.skew.seconds = 30
	sasl.oauthbearer.expected.audience = null
	sasl.oauthbearer.expected.issuer = null
	sasl.oauthbearer.header.urlencode = false
	sasl.oauthbearer.jwks.endpoint.refresh.ms = 3600000
	sasl.oauthbearer.jwks.endpoint.retry.backoff.max.ms = 10000
	sasl.oauthbearer.jwks.endpoint.retry.backoff.ms = 100
	sasl.oauthbearer.jwks.endpoint.url = null
	sasl.oauthbearer.scope.claim.name = scope
	sasl.oauthbearer.sub.claim.name = sub
	sasl.oauthbearer.token.endpoint.url = null
	security.protocol = PLAINTEXT
	security.providers = null
	send.buffer.bytes = 131072
	session.timeout.ms = 45000
	socket.connection.setup.timeout.max.ms = 30000
	socket.connection.setup.timeout.ms = 10000
	ssl.cipher.suites = null
	ssl.enabled.protocols = [TLSv1.2, TLSv1.3]
	ssl.endpoint.identification.algorithm = https
	ssl.engine.factory.class = null
	ssl.key.password = null
	ssl.keymanager.algorithm = SunX509
	ssl.keystore.certificate.chain = null
	ssl.keystore.key = null
	ssl.keystore.location = null
	ssl.keystore.password = null
	ssl.keystore.type = JKS
	ssl.protocol = TLSv1.3
	ssl.provider = null
	ssl.secure.random.implementation = null
	ssl.trustmanager.algorithm = PKIX
	ssl.truststore.certificates = null
	ssl.truststore.location = null
	ssl.truststore.password = null
	ssl.truststore.type = JKS
	value.deserializer = class io.apicurio.registry.serde.avro.AvroKafkaDeserializer

2025-08-06 15:37:19,915 INFO  [org.apa.kaf.com.tel.int.KafkaMetricsCollector] (main) initializing Kafka metrics collector
2025-08-06 15:37:19,922 INFO  [org.apa.kaf.cli.con.ConsumerConfig] (main) These configurations '[apicurio.registry.url]' were supplied but are not used yet.
2025-08-06 15:37:19,922 INFO  [org.apa.kaf.com.uti.AppInfoParser] (main) Kafka version: 3.9.1
2025-08-06 15:37:19,922 INFO  [org.apa.kaf.com.uti.AppInfoParser] (main) Kafka commitId: f745dfdcee2b9851
2025-08-06 15:37:19,922 INFO  [org.apa.kaf.com.uti.AppInfoParser] (main) Kafka startTimeMs: 1754494639922
2025-08-06 15:37:19,922 INFO  [org.apa.kaf.cli.Metadata] (kafka-producer-network-thread | Producer-topic-8457191b_b310_4206_9beb_24b9d501db4c) [Producer clientId=Producer-topic-8457191b_b310_4206_9beb_24b9d501db4c] Cluster ID: xNUQX5UBRx2CPqcHCglV-w
2025-08-06 15:37:19,923 INFO  [org.apa.kaf.cli.pro.int.TransactionManager] (kafka-producer-network-thread | Producer-topic-8457191b_b310_4206_9beb_24b9d501db4c) [Producer clientId=Producer-topic-8457191b_b310_4206_9beb_24b9d501db4c] ProducerId set to 11 with epoch 0
2025-08-06 15:37:19,925 INFO  [io.api.tes.ser.api.KafkaSerdesTester] (Thread-659) Sending message {"key11754494638748": "value-0"} to topic topic-8457191b_b310_4206_9beb_24b9d501db4c
2025-08-06 15:37:19,934 INFO  [DefaultSchemaResolver] (Thread-659) Retrieving schema content using string: {"type":"record","name":"s73f49f88xbad4x44d2xbcf1xfa287ea4fd7b","namespace":"ns_beb35b47_5008_4695_a986_b7cc1a80bfa4","fields":[{"name":"key11754494638748","type":"string"}]}
2025-08-06 15:37:20,089 INFO  [io.api.tes.ser.api.KafkaSerdesTester] (Thread-659) Sending message {"key11754494638748": "value-1"} to topic topic-8457191b_b310_4206_9beb_24b9d501db4c
2025-08-06 15:37:20,091 INFO  [io.api.tes.ser.api.KafkaSerdesTester] (Thread-659) Sending message {"key11754494638748": "value-2"} to topic topic-8457191b_b310_4206_9beb_24b9d501db4c
2025-08-06 15:37:20,093 INFO  [io.api.tes.ser.api.KafkaSerdesTester] (Thread-659) Sending message {"key11754494638748": "value-3"} to topic topic-8457191b_b310_4206_9beb_24b9d501db4c
2025-08-06 15:37:20,094 INFO  [io.api.tes.ser.api.KafkaSerdesTester] (Thread-659) Sending message {"key11754494638748": "value-4"} to topic topic-8457191b_b310_4206_9beb_24b9d501db4c
2025-08-06 15:37:20,096 INFO  [io.api.tes.ser.api.KafkaSerdesTester] (Thread-659) Sending message {"key11754494638748": "value-5"} to topic topic-8457191b_b310_4206_9beb_24b9d501db4c
2025-08-06 15:37:20,098 INFO  [io.api.tes.ser.api.KafkaSerdesTester] (Thread-659) Sending message {"key11754494638748": "value-6"} to topic topic-8457191b_b310_4206_9beb_24b9d501db4c
2025-08-06 15:37:20,100 INFO  [io.api.tes.ser.api.KafkaSerdesTester] (Thread-659) Sending message {"key11754494638748": "value-7"} to topic topic-8457191b_b310_4206_9beb_24b9d501db4c
2025-08-06 15:37:20,101 INFO  [io.api.tes.ser.api.KafkaSerdesTester] (Thread-659) Sending message {"key11754494638748": "value-8"} to topic topic-8457191b_b310_4206_9beb_24b9d501db4c
2025-08-06 15:37:20,103 INFO  [io.api.tes.ser.api.KafkaSerdesTester] (Thread-659) Sending message {"key11754494638748": "value-9"} to topic topic-8457191b_b310_4206_9beb_24b9d501db4c
2025-08-06 15:37:20,105 INFO  [io.api.tes.ser.api.KafkaSerdesTester] (Thread-659) Produced 10 messages
2025-08-06 15:37:20,106 INFO  [org.apa.kaf.cli.con.int.ClassicKafkaConsumer] (Thread-660) [Consumer clientId=consumer-Consumer-topic-8457191b_b310_4206_9beb_24b9d501db4c-9, groupId=Consumer-topic-8457191b_b310_4206_9beb_24b9d501db4c] Subscribed to topic(s): topic-8457191b_b310_4206_9beb_24b9d501db4c
2025-08-06 15:37:20,114 INFO  [org.apa.kaf.cli.Metadata] (Thread-660) [Consumer clientId=consumer-Consumer-topic-8457191b_b310_4206_9beb_24b9d501db4c-9, groupId=Consumer-topic-8457191b_b310_4206_9beb_24b9d501db4c] Cluster ID: xNUQX5UBRx2CPqcHCglV-w
2025-08-06 15:37:20,115 INFO  [org.apa.kaf.cli.con.int.ConsumerCoordinator] (Thread-660) [Consumer clientId=consumer-Consumer-topic-8457191b_b310_4206_9beb_24b9d501db4c-9, groupId=Consumer-topic-8457191b_b310_4206_9beb_24b9d501db4c] Discovered group coordinator localhost:32769 (id: 2147483647 rack: null)
2025-08-06 15:37:20,116 INFO  [org.apa.kaf.cli.con.int.ConsumerCoordinator] (Thread-660) [Consumer clientId=consumer-Consumer-topic-8457191b_b310_4206_9beb_24b9d501db4c-9, groupId=Consumer-topic-8457191b_b310_4206_9beb_24b9d501db4c] (Re-)joining group
2025-08-06 15:37:20,119 INFO  [org.apa.kaf.cli.con.int.ConsumerCoordinator] (Thread-660) [Consumer clientId=consumer-Consumer-topic-8457191b_b310_4206_9beb_24b9d501db4c-9, groupId=Consumer-topic-8457191b_b310_4206_9beb_24b9d501db4c] Request joining group due to: need to re-join with the given member-id: consumer-Consumer-topic-8457191b_b310_4206_9beb_24b9d501db4c-9-9ab0fc73-09e0-4e6b-a79f-9e4a3a2b2327
2025-08-06 15:37:20,119 INFO  [org.apa.kaf.cli.con.int.ConsumerCoordinator] (Thread-660) [Consumer clientId=consumer-Consumer-topic-8457191b_b310_4206_9beb_24b9d501db4c-9, groupId=Consumer-topic-8457191b_b310_4206_9beb_24b9d501db4c] (Re-)joining group
2025-08-06 15:37:21,107 INFO  [io.api.tes.ser.api.KafkaSerdesTester] (Thread-660) None found
2025-08-06 15:37:22,107 INFO  [io.api.tes.ser.api.KafkaSerdesTester] (Thread-660) None found
2025-08-06 15:37:23,107 INFO  [io.api.tes.ser.api.KafkaSerdesTester] (Thread-660) None found
2025-08-06 15:37:23,121 INFO  [org.apa.kaf.cli.con.int.ConsumerCoordinator] (Thread-660) [Consumer clientId=consumer-Consumer-topic-8457191b_b310_4206_9beb_24b9d501db4c-9, groupId=Consumer-topic-8457191b_b310_4206_9beb_24b9d501db4c] Successfully joined group with generation Generation{generationId=1, memberId='consumer-Consumer-topic-8457191b_b310_4206_9beb_24b9d501db4c-9-9ab0fc73-09e0-4e6b-a79f-9e4a3a2b2327', protocol='range'}
2025-08-06 15:37:23,121 INFO  [org.apa.kaf.cli.con.int.ConsumerCoordinator] (Thread-660) [Consumer clientId=consumer-Consumer-topic-8457191b_b310_4206_9beb_24b9d501db4c-9, groupId=Consumer-topic-8457191b_b310_4206_9beb_24b9d501db4c] Finished assignment for group at generation 1: {consumer-Consumer-topic-8457191b_b310_4206_9beb_24b9d501db4c-9-9ab0fc73-09e0-4e6b-a79f-9e4a3a2b2327=Assignment(partitions=[topic-8457191b_b310_4206_9beb_24b9d501db4c-0])}
2025-08-06 15:37:23,128 INFO  [org.apa.kaf.cli.con.int.ConsumerCoordinator] (Thread-660) [Consumer clientId=consumer-Consumer-topic-8457191b_b310_4206_9beb_24b9d501db4c-9, groupId=Consumer-topic-8457191b_b310_4206_9beb_24b9d501db4c] Successfully synced group in generation Generation{generationId=1, memberId='consumer-Consumer-topic-8457191b_b310_4206_9beb_24b9d501db4c-9-9ab0fc73-09e0-4e6b-a79f-9e4a3a2b2327', protocol='range'}
2025-08-06 15:37:23,128 INFO  [org.apa.kaf.cli.con.int.ConsumerCoordinator] (Thread-660) [Consumer clientId=consumer-Consumer-topic-8457191b_b310_4206_9beb_24b9d501db4c-9, groupId=Consumer-topic-8457191b_b310_4206_9beb_24b9d501db4c] Notifying assignor about the new Assignment(partitions=[topic-8457191b_b310_4206_9beb_24b9d501db4c-0])
2025-08-06 15:37:23,128 INFO  [org.apa.kaf.cli.con.int.ConsumerRebalanceListenerInvoker] (Thread-660) [Consumer clientId=consumer-Consumer-topic-8457191b_b310_4206_9beb_24b9d501db4c-9, groupId=Consumer-topic-8457191b_b310_4206_9beb_24b9d501db4c] Adding newly assigned partitions: topic-8457191b_b310_4206_9beb_24b9d501db4c-0
2025-08-06 15:37:23,129 INFO  [org.apa.kaf.cli.con.int.ConsumerCoordinator] (Thread-660) [Consumer clientId=consumer-Consumer-topic-8457191b_b310_4206_9beb_24b9d501db4c-9, groupId=Consumer-topic-8457191b_b310_4206_9beb_24b9d501db4c] Found no committed offset for partition topic-8457191b_b310_4206_9beb_24b9d501db4c-0
2025-08-06 15:37:23,135 INFO  [org.apa.kaf.cli.con.int.SubscriptionState] (Thread-660) [Consumer clientId=consumer-Consumer-topic-8457191b_b310_4206_9beb_24b9d501db4c-9, groupId=Consumer-topic-8457191b_b310_4206_9beb_24b9d501db4c] Resetting offset for partition topic-8457191b_b310_4206_9beb_24b9d501db4c-0 to position FetchPosition{offset=0, offsetEpoch=Optional.empty, currentLeader=LeaderAndEpoch{leader=Optional[localhost:32769 (id: 0 rack: null)], epoch=0}}.
2025-08-06 15:37:23,366 INFO  [io.api.tes.ser.api.KafkaSerdesTester] (Thread-660) topic-8457191b_b310_4206_9beb_24b9d501db4c 0 0 {"key11754494638748": "value-0"}
2025-08-06 15:37:23,366 INFO  [io.api.tes.ser.api.KafkaSerdesTester] (Thread-660) topic-8457191b_b310_4206_9beb_24b9d501db4c 0 1 {"key11754494638748": "value-1"}
2025-08-06 15:37:23,366 INFO  [io.api.tes.ser.api.KafkaSerdesTester] (Thread-660) topic-8457191b_b310_4206_9beb_24b9d501db4c 0 2 {"key11754494638748": "value-2"}
2025-08-06 15:37:23,366 INFO  [io.api.tes.ser.api.KafkaSerdesTester] (Thread-660) topic-8457191b_b310_4206_9beb_24b9d501db4c 0 3 {"key11754494638748": "value-3"}
2025-08-06 15:37:23,366 INFO  [io.api.tes.ser.api.KafkaSerdesTester] (Thread-660) topic-8457191b_b310_4206_9beb_24b9d501db4c 0 4 {"key11754494638748": "value-4"}
2025-08-06 15:37:23,367 INFO  [io.api.tes.ser.api.KafkaSerdesTester] (Thread-660) topic-8457191b_b310_4206_9beb_24b9d501db4c 0 5 {"key11754494638748": "value-5"}
2025-08-06 15:37:23,367 INFO  [io.api.tes.ser.api.KafkaSerdesTester] (Thread-660) topic-8457191b_b310_4206_9beb_24b9d501db4c 0 6 {"key11754494638748": "value-6"}
2025-08-06 15:37:23,367 INFO  [io.api.tes.ser.api.KafkaSerdesTester] (Thread-660) topic-8457191b_b310_4206_9beb_24b9d501db4c 0 7 {"key11754494638748": "value-7"}
2025-08-06 15:37:23,367 INFO  [io.api.tes.ser.api.KafkaSerdesTester] (Thread-660) topic-8457191b_b310_4206_9beb_24b9d501db4c 0 8 {"key11754494638748": "value-8"}
2025-08-06 15:37:23,367 INFO  [io.api.tes.ser.api.KafkaSerdesTester] (Thread-660) topic-8457191b_b310_4206_9beb_24b9d501db4c 0 9 {"key11754494638748": "value-9"}
2025-08-06 15:37:23,367 INFO  [io.api.tes.ser.api.KafkaSerdesTester] (Thread-660) Consumed 10 messages
2025-08-06 15:37:23,369 INFO  [io.api.tes.ser.api.AvroSerdeIT] (main) Registering Avro Schema 2: {"type":"record","name":"s73f49f88xbad4x44d2xbcf1xfa287ea4fd7b","namespace":"ns_beb35b47_5008_4695_a986_b7cc1a80bfa4","fields":[{"name":"key11754494638748","type":"string"},{"name":"key21754494643368","type":"string"}]}
2025-08-06 15:37:24,529 INFO  [io.api.tes.ser.api.KafkaSerdesTester] (Thread-661) Sending message {"key11754494638748": "value-0", "key21754494643368": "value-0"} to topic topic-8457191b_b310_4206_9beb_24b9d501db4c
2025-08-06 15:37:24,529 INFO  [DefaultSchemaResolver] (Thread-661) Retrieving schema content using string: {"type":"record","name":"s73f49f88xbad4x44d2xbcf1xfa287ea4fd7b","namespace":"ns_beb35b47_5008_4695_a986_b7cc1a80bfa4","fields":[{"name":"key11754494638748","type":"string"},{"name":"key21754494643368","type":"string"}]}
2025-08-06 15:37:24,617 INFO  [io.api.tes.ser.api.KafkaSerdesTester] (Thread-661) Sending message {"key11754494638748": "value-1", "key21754494643368": "value-1"} to topic topic-8457191b_b310_4206_9beb_24b9d501db4c
2025-08-06 15:37:24,620 INFO  [io.api.tes.ser.api.KafkaSerdesTester] (Thread-661) Sending message {"key11754494638748": "value-2", "key21754494643368": "value-2"} to topic topic-8457191b_b310_4206_9beb_24b9d501db4c
2025-08-06 15:37:24,621 INFO  [io.api.tes.ser.api.KafkaSerdesTester] (Thread-661) Sending message {"key11754494638748": "value-3", "key21754494643368": "value-3"} to topic topic-8457191b_b310_4206_9beb_24b9d501db4c
2025-08-06 15:37:24,623 INFO  [io.api.tes.ser.api.KafkaSerdesTester] (Thread-661) Sending message {"key11754494638748": "value-4", "key21754494643368": "value-4"} to topic topic-8457191b_b310_4206_9beb_24b9d501db4c
2025-08-06 15:37:24,625 INFO  [io.api.tes.ser.api.KafkaSerdesTester] (Thread-661) Sending message {"key11754494638748": "value-5", "key21754494643368": "value-5"} to topic topic-8457191b_b310_4206_9beb_24b9d501db4c
2025-08-06 15:37:24,626 INFO  [io.api.tes.ser.api.KafkaSerdesTester] (Thread-661) Sending message {"key11754494638748": "value-6", "key21754494643368": "value-6"} to topic topic-8457191b_b310_4206_9beb_24b9d501db4c
2025-08-06 15:37:24,628 INFO  [io.api.tes.ser.api.KafkaSerdesTester] (Thread-661) Sending message {"key11754494638748": "value-7", "key21754494643368": "value-7"} to topic topic-8457191b_b310_4206_9beb_24b9d501db4c
2025-08-06 15:37:24,629 INFO  [io.api.tes.ser.api.KafkaSerdesTester] (Thread-661) Sending message {"key11754494638748": "value-8", "key21754494643368": "value-8"} to topic topic-8457191b_b310_4206_9beb_24b9d501db4c
2025-08-06 15:37:24,633 INFO  [io.api.tes.ser.api.KafkaSerdesTester] (Thread-661) Sending message {"key11754494638748": "value-9", "key21754494643368": "value-9"} to topic topic-8457191b_b310_4206_9beb_24b9d501db4c
2025-08-06 15:37:24,634 INFO  [io.api.tes.ser.api.KafkaSerdesTester] (Thread-661) Produced 10 messages
2025-08-06 15:37:24,635 INFO  [io.api.tes.ser.api.KafkaSerdesTester] (Thread-662) Sending message {"key11754494638748": "value-0"} to topic topic-8457191b_b310_4206_9beb_24b9d501db4c
2025-08-06 15:37:24,637 INFO  [io.api.tes.ser.api.KafkaSerdesTester] (Thread-662) Sending message {"key11754494638748": "value-1"} to topic topic-8457191b_b310_4206_9beb_24b9d501db4c
2025-08-06 15:37:24,638 INFO  [io.api.tes.ser.api.KafkaSerdesTester] (Thread-662) Sending message {"key11754494638748": "value-2"} to topic topic-8457191b_b310_4206_9beb_24b9d501db4c
2025-08-06 15:37:24,640 INFO  [io.api.tes.ser.api.KafkaSerdesTester] (Thread-662) Sending message {"key11754494638748": "value-3"} to topic topic-8457191b_b310_4206_9beb_24b9d501db4c
2025-08-06 15:37:24,641 INFO  [io.api.tes.ser.api.KafkaSerdesTester] (Thread-662) Sending message {"key11754494638748": "value-4"} to topic topic-8457191b_b310_4206_9beb_24b9d501db4c
2025-08-06 15:37:24,645 INFO  [io.api.tes.ser.api.KafkaSerdesTester] (Thread-662) Sending message {"key11754494638748": "value-5"} to topic topic-8457191b_b310_4206_9beb_24b9d501db4c
2025-08-06 15:37:24,648 INFO  [io.api.tes.ser.api.KafkaSerdesTester] (Thread-662) Sending message {"key11754494638748": "value-6"} to topic topic-8457191b_b310_4206_9beb_24b9d501db4c
2025-08-06 15:37:24,650 INFO  [io.api.tes.ser.api.KafkaSerdesTester] (Thread-662) Sending message {"key11754494638748": "value-7"} to topic topic-8457191b_b310_4206_9beb_24b9d501db4c
2025-08-06 15:37:24,652 INFO  [io.api.tes.ser.api.KafkaSerdesTester] (Thread-662) Sending message {"key11754494638748": "value-8"} to topic topic-8457191b_b310_4206_9beb_24b9d501db4c
2025-08-06 15:37:24,658 INFO  [io.api.tes.ser.api.KafkaSerdesTester] (Thread-662) Sending message {"key11754494638748": "value-9"} to topic topic-8457191b_b310_4206_9beb_24b9d501db4c
2025-08-06 15:37:24,659 INFO  [io.api.tes.ser.api.KafkaSerdesTester] (Thread-662) Produced 10 messages
2025-08-06 15:37:24,662 INFO  [org.apa.kaf.cli.con.int.ClassicKafkaConsumer] (Thread-663) [Consumer clientId=consumer-Consumer-topic-8457191b_b310_4206_9beb_24b9d501db4c-9, groupId=Consumer-topic-8457191b_b310_4206_9beb_24b9d501db4c] Subscribed to topic(s): topic-8457191b_b310_4206_9beb_24b9d501db4c
2025-08-06 15:37:24,818 INFO  [io.api.tes.ser.api.KafkaSerdesTester] (Thread-663) topic-8457191b_b310_4206_9beb_24b9d501db4c 0 10 {"key11754494638748": "value-0", "key21754494643368": "value-0"}
2025-08-06 15:37:24,819 INFO  [io.api.tes.ser.api.KafkaSerdesTester] (Thread-663) topic-8457191b_b310_4206_9beb_24b9d501db4c 0 11 {"key11754494638748": "value-1", "key21754494643368": "value-1"}
2025-08-06 15:37:24,819 INFO  [io.api.tes.ser.api.KafkaSerdesTester] (Thread-663) topic-8457191b_b310_4206_9beb_24b9d501db4c 0 12 {"key11754494638748": "value-2", "key21754494643368": "value-2"}
2025-08-06 15:37:24,819 INFO  [io.api.tes.ser.api.KafkaSerdesTester] (Thread-663) topic-8457191b_b310_4206_9beb_24b9d501db4c 0 13 {"key11754494638748": "value-3", "key21754494643368": "value-3"}
2025-08-06 15:37:24,819 INFO  [io.api.tes.ser.api.KafkaSerdesTester] (Thread-663) topic-8457191b_b310_4206_9beb_24b9d501db4c 0 14 {"key11754494638748": "value-4", "key21754494643368": "value-4"}
2025-08-06 15:37:24,819 INFO  [io.api.tes.ser.api.KafkaSerdesTester] (Thread-663) topic-8457191b_b310_4206_9beb_24b9d501db4c 0 15 {"key11754494638748": "value-5", "key21754494643368": "value-5"}
2025-08-06 15:37:24,819 INFO  [io.api.tes.ser.api.KafkaSerdesTester] (Thread-663) topic-8457191b_b310_4206_9beb_24b9d501db4c 0 16 {"key11754494638748": "value-6", "key21754494643368": "value-6"}
2025-08-06 15:37:24,819 INFO  [io.api.tes.ser.api.KafkaSerdesTester] (Thread-663) topic-8457191b_b310_4206_9beb_24b9d501db4c 0 17 {"key11754494638748": "value-7", "key21754494643368": "value-7"}
2025-08-06 15:37:24,819 INFO  [io.api.tes.ser.api.KafkaSerdesTester] (Thread-663) topic-8457191b_b310_4206_9beb_24b9d501db4c 0 18 {"key11754494638748": "value-8", "key21754494643368": "value-8"}
2025-08-06 15:37:24,819 INFO  [io.api.tes.ser.api.KafkaSerdesTester] (Thread-663) topic-8457191b_b310_4206_9beb_24b9d501db4c 0 19 {"key11754494638748": "value-9", "key21754494643368": "value-9"}
2025-08-06 15:37:24,819 INFO  [io.api.tes.ser.api.KafkaSerdesTester] (Thread-663) topic-8457191b_b310_4206_9beb_24b9d501db4c 0 20 {"key11754494638748": "value-0"}
2025-08-06 15:37:24,819 INFO  [io.api.tes.ser.api.KafkaSerdesTester] (Thread-663) topic-8457191b_b310_4206_9beb_24b9d501db4c 0 21 {"key11754494638748": "value-1"}
2025-08-06 15:37:24,819 INFO  [io.api.tes.ser.api.KafkaSerdesTester] (Thread-663) topic-8457191b_b310_4206_9beb_24b9d501db4c 0 22 {"key11754494638748": "value-2"}
2025-08-06 15:37:24,819 INFO  [io.api.tes.ser.api.KafkaSerdesTester] (Thread-663) topic-8457191b_b310_4206_9beb_24b9d501db4c 0 23 {"key11754494638748": "value-3"}
2025-08-06 15:37:24,819 INFO  [io.api.tes.ser.api.KafkaSerdesTester] (Thread-663) topic-8457191b_b310_4206_9beb_24b9d501db4c 0 24 {"key11754494638748": "value-4"}
2025-08-06 15:37:24,820 INFO  [io.api.tes.ser.api.KafkaSerdesTester] (Thread-663) topic-8457191b_b310_4206_9beb_24b9d501db4c 0 25 {"key11754494638748": "value-5"}
2025-08-06 15:37:24,820 INFO  [io.api.tes.ser.api.KafkaSerdesTester] (Thread-663) topic-8457191b_b310_4206_9beb_24b9d501db4c 0 26 {"key11754494638748": "value-6"}
2025-08-06 15:37:24,820 INFO  [io.api.tes.ser.api.KafkaSerdesTester] (Thread-663) topic-8457191b_b310_4206_9beb_24b9d501db4c 0 27 {"key11754494638748": "value-7"}
2025-08-06 15:37:24,820 INFO  [io.api.tes.ser.api.KafkaSerdesTester] (Thread-663) topic-8457191b_b310_4206_9beb_24b9d501db4c 0 28 {"key11754494638748": "value-8"}
2025-08-06 15:37:24,820 INFO  [io.api.tes.ser.api.KafkaSerdesTester] (Thread-663) topic-8457191b_b310_4206_9beb_24b9d501db4c 0 29 {"key11754494638748": "value-9"}
2025-08-06 15:37:24,820 INFO  [io.api.tes.ser.api.KafkaSerdesTester] (Thread-663) Consumed 20 messages
2025-08-06 15:37:24,821 INFO  [io.api.tes.ser.api.AvroSerdeIT] (main) Registering Avro Schema 3: {"type":"record","name":"s73f49f88xbad4x44d2xbcf1xfa287ea4fd7b","namespace":"ns_beb35b47_5008_4695_a986_b7cc1a80bfa4","fields":[{"name":"key11754494638748","type":"string"},{"name":"key21754494643368","type":"string"},{"name":"key31754494644821","type":"string"}]}
2025-08-06 15:37:25,978 INFO  [io.api.tes.ser.api.KafkaSerdesTester] (Thread-664) Sending message {"key11754494638748": "value-0", "key21754494643368": "value-0", "key31754494644821": "value-0"} to topic topic-8457191b_b310_4206_9beb_24b9d501db4c
2025-08-06 15:37:25,979 INFO  [DefaultSchemaResolver] (Thread-664) Retrieving schema content using string: {"type":"record","name":"s73f49f88xbad4x44d2xbcf1xfa287ea4fd7b","namespace":"ns_beb35b47_5008_4695_a986_b7cc1a80bfa4","fields":[{"name":"key11754494638748","type":"string"},{"name":"key21754494643368","type":"string"},{"name":"key31754494644821","type":"string"}]}
2025-08-06 15:37:26,060 INFO  [io.api.tes.ser.api.KafkaSerdesTester] (Thread-664) Sending message {"key11754494638748": "value-1", "key21754494643368": "value-1", "key31754494644821": "value-1"} to topic topic-8457191b_b310_4206_9beb_24b9d501db4c
2025-08-06 15:37:26,062 INFO  [io.api.tes.ser.api.KafkaSerdesTester] (Thread-664) Sending message {"key11754494638748": "value-2", "key21754494643368": "value-2", "key31754494644821": "value-2"} to topic topic-8457191b_b310_4206_9beb_24b9d501db4c
2025-08-06 15:37:26,064 INFO  [io.api.tes.ser.api.KafkaSerdesTester] (Thread-664) Sending message {"key11754494638748": "value-3", "key21754494643368": "value-3", "key31754494644821": "value-3"} to topic topic-8457191b_b310_4206_9beb_24b9d501db4c
2025-08-06 15:37:26,066 INFO  [io.api.tes.ser.api.KafkaSerdesTester] (Thread-664) Sending message {"key11754494638748": "value-4", "key21754494643368": "value-4", "key31754494644821": "value-4"} to topic topic-8457191b_b310_4206_9beb_24b9d501db4c
2025-08-06 15:37:26,068 INFO  [io.api.tes.ser.api.KafkaSerdesTester] (Thread-664) Sending message {"key11754494638748": "value-5", "key21754494643368": "value-5", "key31754494644821": "value-5"} to topic topic-8457191b_b310_4206_9beb_24b9d501db4c
2025-08-06 15:37:26,070 INFO  [io.api.tes.ser.api.KafkaSerdesTester] (Thread-664) Sending message {"key11754494638748": "value-6", "key21754494643368": "value-6", "key31754494644821": "value-6"} to topic topic-8457191b_b310_4206_9beb_24b9d501db4c
2025-08-06 15:37:26,072 INFO  [io.api.tes.ser.api.KafkaSerdesTester] (Thread-664) Sending message {"key11754494638748": "value-7", "key21754494643368": "value-7", "key31754494644821": "value-7"} to topic topic-8457191b_b310_4206_9beb_24b9d501db4c
2025-08-06 15:37:26,074 INFO  [io.api.tes.ser.api.KafkaSerdesTester] (Thread-664) Sending message {"key11754494638748": "value-8", "key21754494643368": "value-8", "key31754494644821": "value-8"} to topic topic-8457191b_b310_4206_9beb_24b9d501db4c
2025-08-06 15:37:26,076 INFO  [io.api.tes.ser.api.KafkaSerdesTester] (Thread-664) Sending message {"key11754494638748": "value-9", "key21754494643368": "value-9", "key31754494644821": "value-9"} to topic topic-8457191b_b310_4206_9beb_24b9d501db4c
2025-08-06 15:37:26,078 INFO  [io.api.tes.ser.api.KafkaSerdesTester] (Thread-664) Produced 10 messages
2025-08-06 15:37:26,079 INFO  [io.api.tes.ser.api.KafkaSerdesTester] (Thread-665) Sending message {"key11754494638748": "value-0", "key21754494643368": "value-0"} to topic topic-8457191b_b310_4206_9beb_24b9d501db4c
2025-08-06 15:37:26,081 INFO  [io.api.tes.ser.api.KafkaSerdesTester] (Thread-665) Sending message {"key11754494638748": "value-1", "key21754494643368": "value-1"} to topic topic-8457191b_b310_4206_9beb_24b9d501db4c
2025-08-06 15:37:26,082 INFO  [io.api.tes.ser.api.KafkaSerdesTester] (Thread-665) Sending message {"key11754494638748": "value-2", "key21754494643368": "value-2"} to topic topic-8457191b_b310_4206_9beb_24b9d501db4c
2025-08-06 15:37:26,083 INFO  [io.api.tes.ser.api.KafkaSerdesTester] (Thread-665) Sending message {"key11754494638748": "value-3", "key21754494643368": "value-3"} to topic topic-8457191b_b310_4206_9beb_24b9d501db4c
2025-08-06 15:37:26,085 INFO  [io.api.tes.ser.api.KafkaSerdesTester] (Thread-665) Sending message {"key11754494638748": "value-4", "key21754494643368": "value-4"} to topic topic-8457191b_b310_4206_9beb_24b9d501db4c
2025-08-06 15:37:26,086 INFO  [io.api.tes.ser.api.KafkaSerdesTester] (Thread-665) Sending message {"key11754494638748": "value-5", "key21754494643368": "value-5"} to topic topic-8457191b_b310_4206_9beb_24b9d501db4c
2025-08-06 15:37:26,087 INFO  [io.api.tes.ser.api.KafkaSerdesTester] (Thread-665) Sending message {"key11754494638748": "value-6", "key21754494643368": "value-6"} to topic topic-8457191b_b310_4206_9beb_24b9d501db4c
2025-08-06 15:37:26,089 INFO  [io.api.tes.ser.api.KafkaSerdesTester] (Thread-665) Sending message {"key11754494638748": "value-7", "key21754494643368": "value-7"} to topic topic-8457191b_b310_4206_9beb_24b9d501db4c
2025-08-06 15:37:26,092 INFO  [io.api.tes.ser.api.KafkaSerdesTester] (Thread-665) Sending message {"key11754494638748": "value-8", "key21754494643368": "value-8"} to topic topic-8457191b_b310_4206_9beb_24b9d501db4c
2025-08-06 15:37:26,094 INFO  [io.api.tes.ser.api.KafkaSerdesTester] (Thread-665) Sending message {"key11754494638748": "value-9", "key21754494643368": "value-9"} to topic topic-8457191b_b310_4206_9beb_24b9d501db4c
2025-08-06 15:37:26,095 INFO  [io.api.tes.ser.api.KafkaSerdesTester] (Thread-665) Produced 10 messages
2025-08-06 15:37:26,096 INFO  [io.api.tes.ser.api.KafkaSerdesTester] (Thread-666) Sending message {"key11754494638748": "value-0"} to topic topic-8457191b_b310_4206_9beb_24b9d501db4c
2025-08-06 15:37:26,097 INFO  [io.api.tes.ser.api.KafkaSerdesTester] (Thread-666) Sending message {"key11754494638748": "value-1"} to topic topic-8457191b_b310_4206_9beb_24b9d501db4c
2025-08-06 15:37:26,098 INFO  [io.api.tes.ser.api.KafkaSerdesTester] (Thread-666) Sending message {"key11754494638748": "value-2"} to topic topic-8457191b_b310_4206_9beb_24b9d501db4c
2025-08-06 15:37:26,100 INFO  [io.api.tes.ser.api.KafkaSerdesTester] (Thread-666) Sending message {"key11754494638748": "value-3"} to topic topic-8457191b_b310_4206_9beb_24b9d501db4c
2025-08-06 15:37:26,101 INFO  [io.api.tes.ser.api.KafkaSerdesTester] (Thread-666) Sending message {"key11754494638748": "value-4"} to topic topic-8457191b_b310_4206_9beb_24b9d501db4c
2025-08-06 15:37:26,102 INFO  [io.api.tes.ser.api.KafkaSerdesTester] (Thread-666) Sending message {"key11754494638748": "value-5"} to topic topic-8457191b_b310_4206_9beb_24b9d501db4c
2025-08-06 15:37:26,103 INFO  [io.api.tes.ser.api.KafkaSerdesTester] (Thread-666) Sending message {"key11754494638748": "value-6"} to topic topic-8457191b_b310_4206_9beb_24b9d501db4c
2025-08-06 15:37:26,105 INFO  [io.api.tes.ser.api.KafkaSerdesTester] (Thread-666) Sending message {"key11754494638748": "value-7"} to topic topic-8457191b_b310_4206_9beb_24b9d501db4c
2025-08-06 15:37:26,106 INFO  [io.api.tes.ser.api.KafkaSerdesTester] (Thread-666) Sending message {"key11754494638748": "value-8"} to topic topic-8457191b_b310_4206_9beb_24b9d501db4c
2025-08-06 15:37:26,107 INFO  [io.api.tes.ser.api.KafkaSerdesTester] (Thread-666) Sending message {"key11754494638748": "value-9"} to topic topic-8457191b_b310_4206_9beb_24b9d501db4c
2025-08-06 15:37:26,109 INFO  [io.api.tes.ser.api.KafkaSerdesTester] (Thread-666) Produced 10 messages
2025-08-06 15:37:26,110 INFO  [org.apa.kaf.cli.con.int.ClassicKafkaConsumer] (Thread-667) [Consumer clientId=consumer-Consumer-topic-8457191b_b310_4206_9beb_24b9d501db4c-9, groupId=Consumer-topic-8457191b_b310_4206_9beb_24b9d501db4c] Subscribed to topic(s): topic-8457191b_b310_4206_9beb_24b9d501db4c
2025-08-06 15:37:26,264 INFO  [io.api.tes.ser.api.KafkaSerdesTester] (Thread-667) topic-8457191b_b310_4206_9beb_24b9d501db4c 0 30 {"key11754494638748": "value-0", "key21754494643368": "value-0", "key31754494644821": "value-0"}
2025-08-06 15:37:26,264 INFO  [io.api.tes.ser.api.KafkaSerdesTester] (Thread-667) topic-8457191b_b310_4206_9beb_24b9d501db4c 0 31 {"key11754494638748": "value-1", "key21754494643368": "value-1", "key31754494644821": "value-1"}
2025-08-06 15:37:26,264 INFO  [io.api.tes.ser.api.KafkaSerdesTester] (Thread-667) topic-8457191b_b310_4206_9beb_24b9d501db4c 0 32 {"key11754494638748": "value-2", "key21754494643368": "value-2", "key31754494644821": "value-2"}
2025-08-06 15:37:26,264 INFO  [io.api.tes.ser.api.KafkaSerdesTester] (Thread-667) topic-8457191b_b310_4206_9beb_24b9d501db4c 0 33 {"key11754494638748": "value-3", "key21754494643368": "value-3", "key31754494644821": "value-3"}
2025-08-06 15:37:26,264 INFO  [io.api.tes.ser.api.KafkaSerdesTester] (Thread-667) topic-8457191b_b310_4206_9beb_24b9d501db4c 0 34 {"key11754494638748": "value-4", "key21754494643368": "value-4", "key31754494644821": "value-4"}
2025-08-06 15:37:26,264 INFO  [io.api.tes.ser.api.KafkaSerdesTester] (Thread-667) topic-8457191b_b310_4206_9beb_24b9d501db4c 0 35 {"key11754494638748": "value-5", "key21754494643368": "value-5", "key31754494644821": "value-5"}
2025-08-06 15:37:26,264 INFO  [io.api.tes.ser.api.KafkaSerdesTester] (Thread-667) topic-8457191b_b310_4206_9beb_24b9d501db4c 0 36 {"key11754494638748": "value-6", "key21754494643368": "value-6", "key31754494644821": "value-6"}
2025-08-06 15:37:26,264 INFO  [io.api.tes.ser.api.KafkaSerdesTester] (Thread-667) topic-8457191b_b310_4206_9beb_24b9d501db4c 0 37 {"key11754494638748": "value-7", "key21754494643368": "value-7", "key31754494644821": "value-7"}
2025-08-06 15:37:26,264 INFO  [io.api.tes.ser.api.KafkaSerdesTester] (Thread-667) topic-8457191b_b310_4206_9beb_24b9d501db4c 0 38 {"key11754494638748": "value-8", "key21754494643368": "value-8", "key31754494644821": "value-8"}
2025-08-06 15:37:26,264 INFO  [io.api.tes.ser.api.KafkaSerdesTester] (Thread-667) topic-8457191b_b310_4206_9beb_24b9d501db4c 0 39 {"key11754494638748": "value-9", "key21754494643368": "value-9", "key31754494644821": "value-9"}
2025-08-06 15:37:26,265 INFO  [io.api.tes.ser.api.KafkaSerdesTester] (Thread-667) topic-8457191b_b310_4206_9beb_24b9d501db4c 0 40 {"key11754494638748": "value-0", "key21754494643368": "value-0"}
2025-08-06 15:37:26,265 INFO  [io.api.tes.ser.api.KafkaSerdesTester] (Thread-667) topic-8457191b_b310_4206_9beb_24b9d501db4c 0 41 {"key11754494638748": "value-1", "key21754494643368": "value-1"}
2025-08-06 15:37:26,265 INFO  [io.api.tes.ser.api.KafkaSerdesTester] (Thread-667) topic-8457191b_b310_4206_9beb_24b9d501db4c 0 42 {"key11754494638748": "value-2", "key21754494643368": "value-2"}
2025-08-06 15:37:26,265 INFO  [io.api.tes.ser.api.KafkaSerdesTester] (Thread-667) topic-8457191b_b310_4206_9beb_24b9d501db4c 0 43 {"key11754494638748": "value-3", "key21754494643368": "value-3"}
2025-08-06 15:37:26,265 INFO  [io.api.tes.ser.api.KafkaSerdesTester] (Thread-667) topic-8457191b_b310_4206_9beb_24b9d501db4c 0 44 {"key11754494638748": "value-4", "key21754494643368": "value-4"}
2025-08-06 15:37:26,265 INFO  [io.api.tes.ser.api.KafkaSerdesTester] (Thread-667) topic-8457191b_b310_4206_9beb_24b9d501db4c 0 45 {"key11754494638748": "value-5", "key21754494643368": "value-5"}
2025-08-06 15:37:26,265 INFO  [io.api.tes.ser.api.KafkaSerdesTester] (Thread-667) topic-8457191b_b310_4206_9beb_24b9d501db4c 0 46 {"key11754494638748": "value-6", "key21754494643368": "value-6"}
2025-08-06 15:37:26,265 INFO  [io.api.tes.ser.api.KafkaSerdesTester] (Thread-667) topic-8457191b_b310_4206_9beb_24b9d501db4c 0 47 {"key11754494638748": "value-7", "key21754494643368": "value-7"}
2025-08-06 15:37:26,265 INFO  [io.api.tes.ser.api.KafkaSerdesTester] (Thread-667) topic-8457191b_b310_4206_9beb_24b9d501db4c 0 48 {"key11754494638748": "value-8", "key21754494643368": "value-8"}
2025-08-06 15:37:26,265 INFO  [io.api.tes.ser.api.KafkaSerdesTester] (Thread-667) topic-8457191b_b310_4206_9beb_24b9d501db4c 0 49 {"key11754494638748": "value-9", "key21754494643368": "value-9"}
2025-08-06 15:37:26,265 INFO  [io.api.tes.ser.api.KafkaSerdesTester] (Thread-667) topic-8457191b_b310_4206_9beb_24b9d501db4c 0 50 {"key11754494638748": "value-0"}
2025-08-06 15:37:26,265 INFO  [io.api.tes.ser.api.KafkaSerdesTester] (Thread-667) topic-8457191b_b310_4206_9beb_24b9d501db4c 0 51 {"key11754494638748": "value-1"}
2025-08-06 15:37:26,265 INFO  [io.api.tes.ser.api.KafkaSerdesTester] (Thread-667) topic-8457191b_b310_4206_9beb_24b9d501db4c 0 52 {"key11754494638748": "value-2"}
2025-08-06 15:37:26,265 INFO  [io.api.tes.ser.api.KafkaSerdesTester] (Thread-667) topic-8457191b_b310_4206_9beb_24b9d501db4c 0 53 {"key11754494638748": "value-3"}
2025-08-06 15:37:26,266 INFO  [io.api.tes.ser.api.KafkaSerdesTester] (Thread-667) topic-8457191b_b310_4206_9beb_24b9d501db4c 0 54 {"key11754494638748": "value-4"}
2025-08-06 15:37:26,266 INFO  [io.api.tes.ser.api.KafkaSerdesTester] (Thread-667) topic-8457191b_b310_4206_9beb_24b9d501db4c 0 55 {"key11754494638748": "value-5"}
2025-08-06 15:37:26,266 INFO  [io.api.tes.ser.api.KafkaSerdesTester] (Thread-667) topic-8457191b_b310_4206_9beb_24b9d501db4c 0 56 {"key11754494638748": "value-6"}
2025-08-06 15:37:26,266 INFO  [io.api.tes.ser.api.KafkaSerdesTester] (Thread-667) topic-8457191b_b310_4206_9beb_24b9d501db4c 0 57 {"key11754494638748": "value-7"}
2025-08-06 15:37:26,266 INFO  [io.api.tes.ser.api.KafkaSerdesTester] (Thread-667) topic-8457191b_b310_4206_9beb_24b9d501db4c 0 58 {"key11754494638748": "value-8"}
2025-08-06 15:37:26,266 INFO  [io.api.tes.ser.api.KafkaSerdesTester] (Thread-667) topic-8457191b_b310_4206_9beb_24b9d501db4c 0 59 {"key11754494638748": "value-9"}
2025-08-06 15:37:26,266 INFO  [io.api.tes.ser.api.KafkaSerdesTester] (Thread-667) Consumed 30 messages
2025-08-06 15:37:26,267 INFO  [org.apa.kaf.cli.pro.KafkaProducer] (main) [Producer clientId=Producer-topic-8457191b_b310_4206_9beb_24b9d501db4c] Closing the Kafka producer with timeoutMillis = 9223372036854775807 ms.
2025-08-06 15:37:26,269 INFO  [org.apa.kaf.com.met.Metrics] (main) Metrics scheduler closed
2025-08-06 15:37:26,269 INFO  [org.apa.kaf.com.met.Metrics] (main) Closing reporter org.apache.kafka.common.metrics.JmxReporter
2025-08-06 15:37:26,269 INFO  [org.apa.kaf.com.met.Metrics] (main) Closing reporter org.apache.kafka.common.telemetry.internals.ClientTelemetryReporter
2025-08-06 15:37:26,269 INFO  [org.apa.kaf.com.met.Metrics] (main) Metrics reporters closed
2025-08-06 15:37:26,270 INFO  [org.apa.kaf.com.uti.AppInfoParser] (main) App info kafka.producer for Producer-topic-8457191b_b310_4206_9beb_24b9d501db4c unregistered
2025-08-06 15:37:26,277 INFO  [org.apa.kaf.cli.con.int.ConsumerRebalanceListenerInvoker] (main) [Consumer clientId=consumer-Consumer-topic-8457191b_b310_4206_9beb_24b9d501db4c-9, groupId=Consumer-topic-8457191b_b310_4206_9beb_24b9d501db4c] Revoke previously assigned partitions topic-8457191b_b310_4206_9beb_24b9d501db4c-0
2025-08-06 15:37:26,277 INFO  [org.apa.kaf.cli.con.int.ConsumerCoordinator] (main) [Consumer clientId=consumer-Consumer-topic-8457191b_b310_4206_9beb_24b9d501db4c-9, groupId=Consumer-topic-8457191b_b310_4206_9beb_24b9d501db4c] Member consumer-Consumer-topic-8457191b_b310_4206_9beb_24b9d501db4c-9-9ab0fc73-09e0-4e6b-a79f-9e4a3a2b2327 sending LeaveGroup request to coordinator localhost:32769 (id: 2147483647 rack: null) due to the consumer is being closed
2025-08-06 15:37:26,278 INFO  [org.apa.kaf.cli.con.int.ConsumerCoordinator] (main) [Consumer clientId=consumer-Consumer-topic-8457191b_b310_4206_9beb_24b9d501db4c-9, groupId=Consumer-topic-8457191b_b310_4206_9beb_24b9d501db4c] Resetting generation and member id due to: consumer pro-actively leaving the group
2025-08-06 15:37:26,278 INFO  [org.apa.kaf.cli.con.int.ConsumerCoordinator] (main) [Consumer clientId=consumer-Consumer-topic-8457191b_b310_4206_9beb_24b9d501db4c-9, groupId=Consumer-topic-8457191b_b310_4206_9beb_24b9d501db4c] Request joining group due to: consumer pro-actively leaving the group
2025-08-06 15:37:26,767 INFO  [org.apa.kaf.com.met.Metrics] (main) Metrics scheduler closed
2025-08-06 15:37:26,767 INFO  [org.apa.kaf.com.met.Metrics] (main) Closing reporter org.apache.kafka.common.metrics.JmxReporter
2025-08-06 15:37:26,767 INFO  [org.apa.kaf.com.met.Metrics] (main) Closing reporter org.apache.kafka.common.telemetry.internals.ClientTelemetryReporter
2025-08-06 15:37:26,768 INFO  [org.apa.kaf.com.met.Metrics] (main) Metrics reporters closed
2025-08-06 15:37:26,771 INFO  [org.apa.kaf.com.uti.AppInfoParser] (main) App info kafka.consumer for consumer-Consumer-topic-8457191b_b310_4206_9beb_24b9d501db4c-9 unregistered
2025-08-06 15:37:26,771 INFO  [io.api.tes.uti.TestSeparator] (main) io.apicurio.tests.serdes.apicurio.AvroSerdeIT.testEvolveAvroApicurioReusingClient-FINISHED
2025-08-06 15:37:26,771 INFO  [io.api.tes.uti.TestSeparator] (main) ############################################################################
Test passed: testEvolveAvroApicurioReusingClient
]]></system-out>
  </testcase>
  <testcase name="testProducerUsesDefaultConsumerUsesGlobalId" classname="io.apicurio.tests.serdes.apicurio.AvroSerdeIT" time="0.0">
    <skipped message="void io.apicurio.tests.serdes.apicurio.AvroSerdeIT.testProducerUsesDefaultConsumerUsesGlobalId() throws java.lang.Exception is @Disabled"/>
  </testcase>
  <testcase name="testEvolveAvroApicurio" classname="io.apicurio.tests.serdes.apicurio.AvroSerdeIT" time="16.356">
    <system-out><![CDATA[2025-08-06 15:37:26,777 INFO  [io.api.tes.uti.TestSeparator] (main) ############################################################################
2025-08-06 15:37:26,777 INFO  [io.api.tes.uti.TestSeparator] (main) io.apicurio.tests.serdes.apicurio.AvroSerdeIT.testEvolveAvroApicurio-STARTED
2025-08-06 15:37:26,777 INFO  [io.api.tes.ser.api.AvroSerdeIT] (main) Registering Avro Schema: {"type":"record","name":"s38afddcax1d16x4766xa24fx1df1b6f1cbbe","namespace":"ns_5a16a2a7_19ce_4bfd_8ed6_2ba2a07abf47","fields":[{"name":"key11754494646777","type":"string"}]}
**** Registry Base URL: http://registry-app-pg17.apps.ci419.apicurio-testing.org:80
2025-08-06 15:37:27,936 INFO  [org.apa.kaf.cli.pro.ProducerConfig] (main) ProducerConfig values: 
	acks = -1
	auto.include.jmx.reporter = true
	batch.size = 16384
	bootstrap.servers = [PLAINTEXT://localhost:32769]
	buffer.memory = 33554432
	client.dns.lookup = use_all_dns_ips
	client.id = Producer-topic-f3b76e78_610a_4d11_9005_1486890bd681
	compression.gzip.level = -1
	compression.lz4.level = 9
	compression.type = none
	compression.zstd.level = 3
	connections.max.idle.ms = 10000
	delivery.timeout.ms = 120000
	enable.idempotence = true
	enable.metrics.push = true
	interceptor.classes = []
	key.serializer = class org.apache.kafka.common.serialization.StringSerializer
	linger.ms = 0
	max.block.ms = 60000
	max.in.flight.requests.per.connection = 5
	max.request.size = 1048576
	metadata.max.age.ms = 300000
	metadata.max.idle.ms = 300000
	metadata.recovery.strategy = none
	metric.reporters = []
	metrics.num.samples = 2
	metrics.recording.level = INFO
	metrics.sample.window.ms = 30000
	partitioner.adaptive.partitioning.enable = true
	partitioner.availability.timeout.ms = 0
	partitioner.class = null
	partitioner.ignore.keys = false
	receive.buffer.bytes = 32768
	reconnect.backoff.max.ms = 1000
	reconnect.backoff.ms = 50
	request.timeout.ms = 5000
	retries = 2147483647
	retry.backoff.max.ms = 1000
	retry.backoff.ms = 100
	sasl.client.callback.handler.class = null
	sasl.jaas.config = null
	sasl.kerberos.kinit.cmd = /usr/bin/kinit
	sasl.kerberos.min.time.before.relogin = 60000
	sasl.kerberos.service.name = null
	sasl.kerberos.ticket.renew.jitter = 0.05
	sasl.kerberos.ticket.renew.window.factor = 0.8
	sasl.login.callback.handler.class = null
	sasl.login.class = null
	sasl.login.connect.timeout.ms = null
	sasl.login.read.timeout.ms = null
	sasl.login.refresh.buffer.seconds = 300
	sasl.login.refresh.min.period.seconds = 60
	sasl.login.refresh.window.factor = 0.8
	sasl.login.refresh.window.jitter = 0.05
	sasl.login.retry.backoff.max.ms = 10000
	sasl.login.retry.backoff.ms = 100
	sasl.mechanism = GSSAPI
	sasl.oauthbearer.clock.skew.seconds = 30
	sasl.oauthbearer.expected.audience = null
	sasl.oauthbearer.expected.issuer = null
	sasl.oauthbearer.header.urlencode = false
	sasl.oauthbearer.jwks.endpoint.refresh.ms = 3600000
	sasl.oauthbearer.jwks.endpoint.retry.backoff.max.ms = 10000
	sasl.oauthbearer.jwks.endpoint.retry.backoff.ms = 100
	sasl.oauthbearer.jwks.endpoint.url = null
	sasl.oauthbearer.scope.claim.name = scope
	sasl.oauthbearer.sub.claim.name = sub
	sasl.oauthbearer.token.endpoint.url = null
	security.protocol = PLAINTEXT
	security.providers = null
	send.buffer.bytes = 131072
	socket.connection.setup.timeout.max.ms = 30000
	socket.connection.setup.timeout.ms = 10000
	ssl.cipher.suites = null
	ssl.enabled.protocols = [TLSv1.2, TLSv1.3]
	ssl.endpoint.identification.algorithm = https
	ssl.engine.factory.class = null
	ssl.key.password = null
	ssl.keymanager.algorithm = SunX509
	ssl.keystore.certificate.chain = null
	ssl.keystore.key = null
	ssl.keystore.location = null
	ssl.keystore.password = null
	ssl.keystore.type = JKS
	ssl.protocol = TLSv1.3
	ssl.provider = null
	ssl.secure.random.implementation = null
	ssl.trustmanager.algorithm = PKIX
	ssl.truststore.certificates = null
	ssl.truststore.location = null
	ssl.truststore.password = null
	ssl.truststore.type = JKS
	transaction.timeout.ms = 60000
	transactional.id = null
	value.serializer = class io.apicurio.registry.serde.avro.AvroKafkaSerializer

2025-08-06 15:37:27,936 INFO  [org.apa.kaf.com.tel.int.KafkaMetricsCollector] (main) initializing Kafka metrics collector
2025-08-06 15:37:27,941 INFO  [org.apa.kaf.cli.pro.KafkaProducer] (main) [Producer clientId=Producer-topic-f3b76e78_610a_4d11_9005_1486890bd681] Instantiated an idempotent producer.
2025-08-06 15:37:27,946 INFO  [org.apa.kaf.cli.pro.ProducerConfig] (main) These configurations '[apicurio.registry.url, apicurio.registry.artifact-resolver-strategy]' were supplied but are not used yet.
2025-08-06 15:37:27,947 INFO  [org.apa.kaf.com.uti.AppInfoParser] (main) Kafka version: 3.9.1
2025-08-06 15:37:27,947 INFO  [org.apa.kaf.com.uti.AppInfoParser] (main) Kafka commitId: f745dfdcee2b9851
2025-08-06 15:37:27,947 INFO  [org.apa.kaf.com.uti.AppInfoParser] (main) Kafka startTimeMs: 1754494647947
**** Registry Base URL: http://registry-app-pg17.apps.ci419.apicurio-testing.org:80
2025-08-06 15:37:27,948 INFO  [org.apa.kaf.cli.con.ConsumerConfig] (main) ConsumerConfig values: 
	allow.auto.create.topics = true
	auto.commit.interval.ms = 500
	auto.include.jmx.reporter = true
	auto.offset.reset = earliest
	bootstrap.servers = [PLAINTEXT://localhost:32769]
	check.crcs = true
	client.dns.lookup = use_all_dns_ips
	client.id = consumer-Consumer-topic-f3b76e78_610a_4d11_9005_1486890bd681-10
	client.rack = 
	connections.max.idle.ms = 10000
	default.api.timeout.ms = 60000
	enable.auto.commit = true
	enable.metrics.push = true
	exclude.internal.topics = true
	fetch.max.bytes = 52428800
	fetch.max.wait.ms = 500
	fetch.min.bytes = 1
	group.id = Consumer-topic-f3b76e78_610a_4d11_9005_1486890bd681
	group.instance.id = null
	group.protocol = classic
	group.remote.assignor = null
	heartbeat.interval.ms = 3000
	interceptor.classes = []
	internal.leave.group.on.close = true
	internal.throw.on.fetch.stable.offset.unsupported = false
	isolation.level = read_uncommitted
	key.deserializer = class org.apache.kafka.common.serialization.StringDeserializer
	max.partition.fetch.bytes = 1048576
	max.poll.interval.ms = 300000
	max.poll.records = 500
	metadata.max.age.ms = 300000
	metadata.recovery.strategy = none
	metric.reporters = []
	metrics.num.samples = 2
	metrics.recording.level = INFO
	metrics.sample.window.ms = 30000
	partition.assignment.strategy = [class org.apache.kafka.clients.consumer.RangeAssignor, class org.apache.kafka.clients.consumer.CooperativeStickyAssignor]
	receive.buffer.bytes = 65536
	reconnect.backoff.max.ms = 1000
	reconnect.backoff.ms = 50
	request.timeout.ms = 5000
	retry.backoff.max.ms = 1000
	retry.backoff.ms = 100
	sasl.client.callback.handler.class = null
	sasl.jaas.config = null
	sasl.kerberos.kinit.cmd = /usr/bin/kinit
	sasl.kerberos.min.time.before.relogin = 60000
	sasl.kerberos.service.name = null
	sasl.kerberos.ticket.renew.jitter = 0.05
	sasl.kerberos.ticket.renew.window.factor = 0.8
	sasl.login.callback.handler.class = null
	sasl.login.class = null
	sasl.login.connect.timeout.ms = null
	sasl.login.read.timeout.ms = null
	sasl.login.refresh.buffer.seconds = 300
	sasl.login.refresh.min.period.seconds = 60
	sasl.login.refresh.window.factor = 0.8
	sasl.login.refresh.window.jitter = 0.05
	sasl.login.retry.backoff.max.ms = 10000
	sasl.login.retry.backoff.ms = 100
	sasl.mechanism = GSSAPI
	sasl.oauthbearer.clock.skew.seconds = 30
	sasl.oauthbearer.expected.audience = null
	sasl.oauthbearer.expected.issuer = null
	sasl.oauthbearer.header.urlencode = false
	sasl.oauthbearer.jwks.endpoint.refresh.ms = 3600000
	sasl.oauthbearer.jwks.endpoint.retry.backoff.max.ms = 10000
	sasl.oauthbearer.jwks.endpoint.retry.backoff.ms = 100
	sasl.oauthbearer.jwks.endpoint.url = null
	sasl.oauthbearer.scope.claim.name = scope
	sasl.oauthbearer.sub.claim.name = sub
	sasl.oauthbearer.token.endpoint.url = null
	security.protocol = PLAINTEXT
	security.providers = null
	send.buffer.bytes = 131072
	session.timeout.ms = 45000
	socket.connection.setup.timeout.max.ms = 30000
	socket.connection.setup.timeout.ms = 10000
	ssl.cipher.suites = null
	ssl.enabled.protocols = [TLSv1.2, TLSv1.3]
	ssl.endpoint.identification.algorithm = https
	ssl.engine.factory.class = null
	ssl.key.password = null
	ssl.keymanager.algorithm = SunX509
	ssl.keystore.certificate.chain = null
	ssl.keystore.key = null
	ssl.keystore.location = null
	ssl.keystore.password = null
	ssl.keystore.type = JKS
	ssl.protocol = TLSv1.3
	ssl.provider = null
	ssl.secure.random.implementation = null
	ssl.trustmanager.algorithm = PKIX
	ssl.truststore.certificates = null
	ssl.truststore.location = null
	ssl.truststore.password = null
	ssl.truststore.type = JKS
	value.deserializer = class io.apicurio.registry.serde.avro.AvroKafkaDeserializer

2025-08-06 15:37:27,948 INFO  [org.apa.kaf.com.tel.int.KafkaMetricsCollector] (main) initializing Kafka metrics collector
2025-08-06 15:37:27,950 INFO  [org.apa.kaf.cli.Metadata] (kafka-producer-network-thread | Producer-topic-f3b76e78_610a_4d11_9005_1486890bd681) [Producer clientId=Producer-topic-f3b76e78_610a_4d11_9005_1486890bd681] Cluster ID: xNUQX5UBRx2CPqcHCglV-w
2025-08-06 15:37:27,950 INFO  [org.apa.kaf.cli.pro.int.TransactionManager] (kafka-producer-network-thread | Producer-topic-f3b76e78_610a_4d11_9005_1486890bd681) [Producer clientId=Producer-topic-f3b76e78_610a_4d11_9005_1486890bd681] ProducerId set to 12 with epoch 0
2025-08-06 15:37:27,955 INFO  [org.apa.kaf.cli.con.ConsumerConfig] (main) These configurations '[apicurio.registry.url]' were supplied but are not used yet.
2025-08-06 15:37:27,955 INFO  [org.apa.kaf.com.uti.AppInfoParser] (main) Kafka version: 3.9.1
2025-08-06 15:37:27,955 INFO  [org.apa.kaf.com.uti.AppInfoParser] (main) Kafka commitId: f745dfdcee2b9851
2025-08-06 15:37:27,955 INFO  [org.apa.kaf.com.uti.AppInfoParser] (main) Kafka startTimeMs: 1754494647955
2025-08-06 15:37:27,956 INFO  [io.api.tes.ser.api.KafkaSerdesTester] (Thread-672) Sending message {"key11754494646777": "value-0"} to topic topic-f3b76e78_610a_4d11_9005_1486890bd681
2025-08-06 15:37:27,966 INFO  [DefaultSchemaResolver] (Thread-672) Retrieving schema content using string: {"type":"record","name":"s38afddcax1d16x4766xa24fx1df1b6f1cbbe","namespace":"ns_5a16a2a7_19ce_4bfd_8ed6_2ba2a07abf47","fields":[{"name":"key11754494646777","type":"string"}]}
2025-08-06 15:37:28,120 INFO  [io.api.tes.ser.api.KafkaSerdesTester] (Thread-672) Sending message {"key11754494646777": "value-1"} to topic topic-f3b76e78_610a_4d11_9005_1486890bd681
2025-08-06 15:37:28,121 INFO  [io.api.tes.ser.api.KafkaSerdesTester] (Thread-672) Sending message {"key11754494646777": "value-2"} to topic topic-f3b76e78_610a_4d11_9005_1486890bd681
2025-08-06 15:37:28,123 INFO  [io.api.tes.ser.api.KafkaSerdesTester] (Thread-672) Sending message {"key11754494646777": "value-3"} to topic topic-f3b76e78_610a_4d11_9005_1486890bd681
2025-08-06 15:37:28,124 INFO  [io.api.tes.ser.api.KafkaSerdesTester] (Thread-672) Sending message {"key11754494646777": "value-4"} to topic topic-f3b76e78_610a_4d11_9005_1486890bd681
2025-08-06 15:37:28,125 INFO  [io.api.tes.ser.api.KafkaSerdesTester] (Thread-672) Sending message {"key11754494646777": "value-5"} to topic topic-f3b76e78_610a_4d11_9005_1486890bd681
2025-08-06 15:37:28,127 INFO  [io.api.tes.ser.api.KafkaSerdesTester] (Thread-672) Sending message {"key11754494646777": "value-6"} to topic topic-f3b76e78_610a_4d11_9005_1486890bd681
2025-08-06 15:37:28,132 INFO  [io.api.tes.ser.api.KafkaSerdesTester] (Thread-672) Sending message {"key11754494646777": "value-7"} to topic topic-f3b76e78_610a_4d11_9005_1486890bd681
2025-08-06 15:37:28,137 INFO  [io.api.tes.ser.api.KafkaSerdesTester] (Thread-672) Sending message {"key11754494646777": "value-8"} to topic topic-f3b76e78_610a_4d11_9005_1486890bd681
2025-08-06 15:37:28,140 INFO  [io.api.tes.ser.api.KafkaSerdesTester] (Thread-672) Sending message {"key11754494646777": "value-9"} to topic topic-f3b76e78_610a_4d11_9005_1486890bd681
2025-08-06 15:37:28,141 INFO  [io.api.tes.ser.api.KafkaSerdesTester] (Thread-672) Produced 10 messages
2025-08-06 15:37:28,141 INFO  [org.apa.kaf.cli.pro.KafkaProducer] (Thread-672) [Producer clientId=Producer-topic-f3b76e78_610a_4d11_9005_1486890bd681] Closing the Kafka producer with timeoutMillis = 9223372036854775807 ms.
2025-08-06 15:37:28,143 INFO  [org.apa.kaf.com.met.Metrics] (Thread-672) Metrics scheduler closed
2025-08-06 15:37:28,143 INFO  [org.apa.kaf.com.met.Metrics] (Thread-672) Closing reporter org.apache.kafka.common.metrics.JmxReporter
2025-08-06 15:37:28,143 INFO  [org.apa.kaf.com.met.Metrics] (Thread-672) Closing reporter org.apache.kafka.common.telemetry.internals.ClientTelemetryReporter
2025-08-06 15:37:28,143 INFO  [org.apa.kaf.com.met.Metrics] (Thread-672) Metrics reporters closed
2025-08-06 15:37:28,144 INFO  [org.apa.kaf.com.uti.AppInfoParser] (Thread-672) App info kafka.producer for Producer-topic-f3b76e78_610a_4d11_9005_1486890bd681 unregistered
2025-08-06 15:37:28,145 INFO  [org.apa.kaf.cli.con.int.ClassicKafkaConsumer] (Thread-673) [Consumer clientId=consumer-Consumer-topic-f3b76e78_610a_4d11_9005_1486890bd681-10, groupId=Consumer-topic-f3b76e78_610a_4d11_9005_1486890bd681] Subscribed to topic(s): topic-f3b76e78_610a_4d11_9005_1486890bd681
2025-08-06 15:37:28,151 INFO  [org.apa.kaf.cli.Metadata] (Thread-673) [Consumer clientId=consumer-Consumer-topic-f3b76e78_610a_4d11_9005_1486890bd681-10, groupId=Consumer-topic-f3b76e78_610a_4d11_9005_1486890bd681] Cluster ID: xNUQX5UBRx2CPqcHCglV-w
2025-08-06 15:37:28,151 INFO  [org.apa.kaf.cli.con.int.ConsumerCoordinator] (Thread-673) [Consumer clientId=consumer-Consumer-topic-f3b76e78_610a_4d11_9005_1486890bd681-10, groupId=Consumer-topic-f3b76e78_610a_4d11_9005_1486890bd681] Discovered group coordinator localhost:32769 (id: 2147483647 rack: null)
2025-08-06 15:37:28,156 INFO  [org.apa.kaf.cli.con.int.ConsumerCoordinator] (Thread-673) [Consumer clientId=consumer-Consumer-topic-f3b76e78_610a_4d11_9005_1486890bd681-10, groupId=Consumer-topic-f3b76e78_610a_4d11_9005_1486890bd681] (Re-)joining group
2025-08-06 15:37:28,162 INFO  [org.apa.kaf.cli.con.int.ConsumerCoordinator] (Thread-673) [Consumer clientId=consumer-Consumer-topic-f3b76e78_610a_4d11_9005_1486890bd681-10, groupId=Consumer-topic-f3b76e78_610a_4d11_9005_1486890bd681] Request joining group due to: need to re-join with the given member-id: consumer-Consumer-topic-f3b76e78_610a_4d11_9005_1486890bd681-10-12cf5785-da89-4cad-8df8-5c60f3f98c03
2025-08-06 15:37:28,162 INFO  [org.apa.kaf.cli.con.int.ConsumerCoordinator] (Thread-673) [Consumer clientId=consumer-Consumer-topic-f3b76e78_610a_4d11_9005_1486890bd681-10, groupId=Consumer-topic-f3b76e78_610a_4d11_9005_1486890bd681] (Re-)joining group
2025-08-06 15:37:29,145 INFO  [io.api.tes.ser.api.KafkaSerdesTester] (Thread-673) None found
2025-08-06 15:37:30,145 INFO  [io.api.tes.ser.api.KafkaSerdesTester] (Thread-673) None found
2025-08-06 15:37:31,146 INFO  [io.api.tes.ser.api.KafkaSerdesTester] (Thread-673) None found
2025-08-06 15:37:31,165 INFO  [org.apa.kaf.cli.con.int.ConsumerCoordinator] (Thread-673) [Consumer clientId=consumer-Consumer-topic-f3b76e78_610a_4d11_9005_1486890bd681-10, groupId=Consumer-topic-f3b76e78_610a_4d11_9005_1486890bd681] Successfully joined group with generation Generation{generationId=1, memberId='consumer-Consumer-topic-f3b76e78_610a_4d11_9005_1486890bd681-10-12cf5785-da89-4cad-8df8-5c60f3f98c03', protocol='range'}
2025-08-06 15:37:31,165 INFO  [org.apa.kaf.cli.con.int.ConsumerCoordinator] (Thread-673) [Consumer clientId=consumer-Consumer-topic-f3b76e78_610a_4d11_9005_1486890bd681-10, groupId=Consumer-topic-f3b76e78_610a_4d11_9005_1486890bd681] Finished assignment for group at generation 1: {consumer-Consumer-topic-f3b76e78_610a_4d11_9005_1486890bd681-10-12cf5785-da89-4cad-8df8-5c60f3f98c03=Assignment(partitions=[topic-f3b76e78_610a_4d11_9005_1486890bd681-0])}
2025-08-06 15:37:31,172 INFO  [org.apa.kaf.cli.con.int.ConsumerCoordinator] (Thread-673) [Consumer clientId=consumer-Consumer-topic-f3b76e78_610a_4d11_9005_1486890bd681-10, groupId=Consumer-topic-f3b76e78_610a_4d11_9005_1486890bd681] Successfully synced group in generation Generation{generationId=1, memberId='consumer-Consumer-topic-f3b76e78_610a_4d11_9005_1486890bd681-10-12cf5785-da89-4cad-8df8-5c60f3f98c03', protocol='range'}
2025-08-06 15:37:31,172 INFO  [org.apa.kaf.cli.con.int.ConsumerCoordinator] (Thread-673) [Consumer clientId=consumer-Consumer-topic-f3b76e78_610a_4d11_9005_1486890bd681-10, groupId=Consumer-topic-f3b76e78_610a_4d11_9005_1486890bd681] Notifying assignor about the new Assignment(partitions=[topic-f3b76e78_610a_4d11_9005_1486890bd681-0])
2025-08-06 15:37:31,172 INFO  [org.apa.kaf.cli.con.int.ConsumerRebalanceListenerInvoker] (Thread-673) [Consumer clientId=consumer-Consumer-topic-f3b76e78_610a_4d11_9005_1486890bd681-10, groupId=Consumer-topic-f3b76e78_610a_4d11_9005_1486890bd681] Adding newly assigned partitions: topic-f3b76e78_610a_4d11_9005_1486890bd681-0
2025-08-06 15:37:31,174 INFO  [org.apa.kaf.cli.con.int.ConsumerCoordinator] (Thread-673) [Consumer clientId=consumer-Consumer-topic-f3b76e78_610a_4d11_9005_1486890bd681-10, groupId=Consumer-topic-f3b76e78_610a_4d11_9005_1486890bd681] Found no committed offset for partition topic-f3b76e78_610a_4d11_9005_1486890bd681-0
2025-08-06 15:37:31,180 INFO  [org.apa.kaf.cli.con.int.SubscriptionState] (Thread-673) [Consumer clientId=consumer-Consumer-topic-f3b76e78_610a_4d11_9005_1486890bd681-10, groupId=Consumer-topic-f3b76e78_610a_4d11_9005_1486890bd681] Resetting offset for partition topic-f3b76e78_610a_4d11_9005_1486890bd681-0 to position FetchPosition{offset=0, offsetEpoch=Optional.empty, currentLeader=LeaderAndEpoch{leader=Optional[localhost:32769 (id: 0 rack: null)], epoch=0}}.
2025-08-06 15:37:31,408 INFO  [io.api.tes.ser.api.KafkaSerdesTester] (Thread-673) topic-f3b76e78_610a_4d11_9005_1486890bd681 0 0 {"key11754494646777": "value-0"}
2025-08-06 15:37:31,408 INFO  [io.api.tes.ser.api.KafkaSerdesTester] (Thread-673) topic-f3b76e78_610a_4d11_9005_1486890bd681 0 1 {"key11754494646777": "value-1"}
2025-08-06 15:37:31,409 INFO  [io.api.tes.ser.api.KafkaSerdesTester] (Thread-673) topic-f3b76e78_610a_4d11_9005_1486890bd681 0 2 {"key11754494646777": "value-2"}
2025-08-06 15:37:31,409 INFO  [io.api.tes.ser.api.KafkaSerdesTester] (Thread-673) topic-f3b76e78_610a_4d11_9005_1486890bd681 0 3 {"key11754494646777": "value-3"}
2025-08-06 15:37:31,409 INFO  [io.api.tes.ser.api.KafkaSerdesTester] (Thread-673) topic-f3b76e78_610a_4d11_9005_1486890bd681 0 4 {"key11754494646777": "value-4"}
2025-08-06 15:37:31,409 INFO  [io.api.tes.ser.api.KafkaSerdesTester] (Thread-673) topic-f3b76e78_610a_4d11_9005_1486890bd681 0 5 {"key11754494646777": "value-5"}
2025-08-06 15:37:31,409 INFO  [io.api.tes.ser.api.KafkaSerdesTester] (Thread-673) topic-f3b76e78_610a_4d11_9005_1486890bd681 0 6 {"key11754494646777": "value-6"}
2025-08-06 15:37:31,409 INFO  [io.api.tes.ser.api.KafkaSerdesTester] (Thread-673) topic-f3b76e78_610a_4d11_9005_1486890bd681 0 7 {"key11754494646777": "value-7"}
2025-08-06 15:37:31,409 INFO  [io.api.tes.ser.api.KafkaSerdesTester] (Thread-673) topic-f3b76e78_610a_4d11_9005_1486890bd681 0 8 {"key11754494646777": "value-8"}
2025-08-06 15:37:31,409 INFO  [io.api.tes.ser.api.KafkaSerdesTester] (Thread-673) topic-f3b76e78_610a_4d11_9005_1486890bd681 0 9 {"key11754494646777": "value-9"}
2025-08-06 15:37:31,409 INFO  [io.api.tes.ser.api.KafkaSerdesTester] (Thread-673) Consumed 10 messages
2025-08-06 15:37:31,416 INFO  [org.apa.kaf.cli.con.int.ConsumerRebalanceListenerInvoker] (Thread-673) [Consumer clientId=consumer-Consumer-topic-f3b76e78_610a_4d11_9005_1486890bd681-10, groupId=Consumer-topic-f3b76e78_610a_4d11_9005_1486890bd681] Revoke previously assigned partitions topic-f3b76e78_610a_4d11_9005_1486890bd681-0
2025-08-06 15:37:31,416 INFO  [org.apa.kaf.cli.con.int.ConsumerCoordinator] (Thread-673) [Consumer clientId=consumer-Consumer-topic-f3b76e78_610a_4d11_9005_1486890bd681-10, groupId=Consumer-topic-f3b76e78_610a_4d11_9005_1486890bd681] Member consumer-Consumer-topic-f3b76e78_610a_4d11_9005_1486890bd681-10-12cf5785-da89-4cad-8df8-5c60f3f98c03 sending LeaveGroup request to coordinator localhost:32769 (id: 2147483647 rack: null) due to the consumer is being closed
2025-08-06 15:37:31,416 INFO  [org.apa.kaf.cli.con.int.ConsumerCoordinator] (Thread-673) [Consumer clientId=consumer-Consumer-topic-f3b76e78_610a_4d11_9005_1486890bd681-10, groupId=Consumer-topic-f3b76e78_610a_4d11_9005_1486890bd681] Resetting generation and member id due to: consumer pro-actively leaving the group
2025-08-06 15:37:31,416 INFO  [org.apa.kaf.cli.con.int.ConsumerCoordinator] (Thread-673) [Consumer clientId=consumer-Consumer-topic-f3b76e78_610a_4d11_9005_1486890bd681-10, groupId=Consumer-topic-f3b76e78_610a_4d11_9005_1486890bd681] Request joining group due to: consumer pro-actively leaving the group
2025-08-06 15:37:31,911 INFO  [org.apa.kaf.com.met.Metrics] (Thread-673) Metrics scheduler closed
2025-08-06 15:37:31,911 INFO  [org.apa.kaf.com.met.Metrics] (Thread-673) Closing reporter org.apache.kafka.common.metrics.JmxReporter
2025-08-06 15:37:31,912 INFO  [org.apa.kaf.com.met.Metrics] (Thread-673) Closing reporter org.apache.kafka.common.telemetry.internals.ClientTelemetryReporter
2025-08-06 15:37:31,912 INFO  [org.apa.kaf.com.met.Metrics] (Thread-673) Metrics reporters closed
2025-08-06 15:37:31,914 INFO  [org.apa.kaf.com.uti.AppInfoParser] (Thread-673) App info kafka.consumer for consumer-Consumer-topic-f3b76e78_610a_4d11_9005_1486890bd681-10 unregistered
2025-08-06 15:37:31,914 INFO  [io.api.tes.ser.api.AvroSerdeIT] (main) Registering Avro Schema 2: {"type":"record","name":"s38afddcax1d16x4766xa24fx1df1b6f1cbbe","namespace":"ns_5a16a2a7_19ce_4bfd_8ed6_2ba2a07abf47","fields":[{"name":"key11754494646777","type":"string"},{"name":"key21754494651914","type":"string"}]}
**** Registry Base URL: http://registry-app-pg17.apps.ci419.apicurio-testing.org:80
2025-08-06 15:37:33,072 INFO  [org.apa.kaf.cli.pro.ProducerConfig] (main) ProducerConfig values: 
	acks = -1
	auto.include.jmx.reporter = true
	batch.size = 16384
	bootstrap.servers = [PLAINTEXT://localhost:32769]
	buffer.memory = 33554432
	client.dns.lookup = use_all_dns_ips
	client.id = Producer-topic-f3b76e78_610a_4d11_9005_1486890bd681
	compression.gzip.level = -1
	compression.lz4.level = 9
	compression.type = none
	compression.zstd.level = 3
	connections.max.idle.ms = 10000
	delivery.timeout.ms = 120000
	enable.idempotence = true
	enable.metrics.push = true
	interceptor.classes = []
	key.serializer = class org.apache.kafka.common.serialization.StringSerializer
	linger.ms = 0
	max.block.ms = 60000
	max.in.flight.requests.per.connection = 5
	max.request.size = 1048576
	metadata.max.age.ms = 300000
	metadata.max.idle.ms = 300000
	metadata.recovery.strategy = none
	metric.reporters = []
	metrics.num.samples = 2
	metrics.recording.level = INFO
	metrics.sample.window.ms = 30000
	partitioner.adaptive.partitioning.enable = true
	partitioner.availability.timeout.ms = 0
	partitioner.class = null
	partitioner.ignore.keys = false
	receive.buffer.bytes = 32768
	reconnect.backoff.max.ms = 1000
	reconnect.backoff.ms = 50
	request.timeout.ms = 5000
	retries = 2147483647
	retry.backoff.max.ms = 1000
	retry.backoff.ms = 100
	sasl.client.callback.handler.class = null
	sasl.jaas.config = null
	sasl.kerberos.kinit.cmd = /usr/bin/kinit
	sasl.kerberos.min.time.before.relogin = 60000
	sasl.kerberos.service.name = null
	sasl.kerberos.ticket.renew.jitter = 0.05
	sasl.kerberos.ticket.renew.window.factor = 0.8
	sasl.login.callback.handler.class = null
	sasl.login.class = null
	sasl.login.connect.timeout.ms = null
	sasl.login.read.timeout.ms = null
	sasl.login.refresh.buffer.seconds = 300
	sasl.login.refresh.min.period.seconds = 60
	sasl.login.refresh.window.factor = 0.8
	sasl.login.refresh.window.jitter = 0.05
	sasl.login.retry.backoff.max.ms = 10000
	sasl.login.retry.backoff.ms = 100
	sasl.mechanism = GSSAPI
	sasl.oauthbearer.clock.skew.seconds = 30
	sasl.oauthbearer.expected.audience = null
	sasl.oauthbearer.expected.issuer = null
	sasl.oauthbearer.header.urlencode = false
	sasl.oauthbearer.jwks.endpoint.refresh.ms = 3600000
	sasl.oauthbearer.jwks.endpoint.retry.backoff.max.ms = 10000
	sasl.oauthbearer.jwks.endpoint.retry.backoff.ms = 100
	sasl.oauthbearer.jwks.endpoint.url = null
	sasl.oauthbearer.scope.claim.name = scope
	sasl.oauthbearer.sub.claim.name = sub
	sasl.oauthbearer.token.endpoint.url = null
	security.protocol = PLAINTEXT
	security.providers = null
	send.buffer.bytes = 131072
	socket.connection.setup.timeout.max.ms = 30000
	socket.connection.setup.timeout.ms = 10000
	ssl.cipher.suites = null
	ssl.enabled.protocols = [TLSv1.2, TLSv1.3]
	ssl.endpoint.identification.algorithm = https
	ssl.engine.factory.class = null
	ssl.key.password = null
	ssl.keymanager.algorithm = SunX509
	ssl.keystore.certificate.chain = null
	ssl.keystore.key = null
	ssl.keystore.location = null
	ssl.keystore.password = null
	ssl.keystore.type = JKS
	ssl.protocol = TLSv1.3
	ssl.provider = null
	ssl.secure.random.implementation = null
	ssl.trustmanager.algorithm = PKIX
	ssl.truststore.certificates = null
	ssl.truststore.location = null
	ssl.truststore.password = null
	ssl.truststore.type = JKS
	transaction.timeout.ms = 60000
	transactional.id = null
	value.serializer = class io.apicurio.registry.serde.avro.AvroKafkaSerializer

2025-08-06 15:37:33,073 INFO  [org.apa.kaf.com.tel.int.KafkaMetricsCollector] (main) initializing Kafka metrics collector
2025-08-06 15:37:33,076 INFO  [org.apa.kaf.cli.pro.KafkaProducer] (main) [Producer clientId=Producer-topic-f3b76e78_610a_4d11_9005_1486890bd681] Instantiated an idempotent producer.
2025-08-06 15:37:33,077 INFO  [org.apa.kaf.cli.pro.ProducerConfig] (main) These configurations '[apicurio.registry.url, apicurio.registry.artifact-resolver-strategy]' were supplied but are not used yet.
2025-08-06 15:37:33,077 INFO  [org.apa.kaf.com.uti.AppInfoParser] (main) Kafka version: 3.9.1
2025-08-06 15:37:33,077 INFO  [org.apa.kaf.com.uti.AppInfoParser] (main) Kafka commitId: f745dfdcee2b9851
2025-08-06 15:37:33,077 INFO  [org.apa.kaf.com.uti.AppInfoParser] (main) Kafka startTimeMs: 1754494653077
2025-08-06 15:37:33,078 INFO  [io.api.tes.ser.api.KafkaSerdesTester] (Thread-676) Sending message {"key11754494646777": "value-0", "key21754494651914": "value-0"} to topic topic-f3b76e78_610a_4d11_9005_1486890bd681
2025-08-06 15:37:33,081 INFO  [org.apa.kaf.cli.Metadata] (kafka-producer-network-thread | Producer-topic-f3b76e78_610a_4d11_9005_1486890bd681) [Producer clientId=Producer-topic-f3b76e78_610a_4d11_9005_1486890bd681] Cluster ID: xNUQX5UBRx2CPqcHCglV-w
2025-08-06 15:37:33,081 INFO  [org.apa.kaf.cli.pro.int.TransactionManager] (kafka-producer-network-thread | Producer-topic-f3b76e78_610a_4d11_9005_1486890bd681) [Producer clientId=Producer-topic-f3b76e78_610a_4d11_9005_1486890bd681] ProducerId set to 13 with epoch 0
2025-08-06 15:37:33,082 INFO  [DefaultSchemaResolver] (Thread-676) Retrieving schema content using string: {"type":"record","name":"s38afddcax1d16x4766xa24fx1df1b6f1cbbe","namespace":"ns_5a16a2a7_19ce_4bfd_8ed6_2ba2a07abf47","fields":[{"name":"key11754494646777","type":"string"},{"name":"key21754494651914","type":"string"}]}
2025-08-06 15:37:33,237 INFO  [io.api.tes.ser.api.KafkaSerdesTester] (Thread-676) Sending message {"key11754494646777": "value-1", "key21754494651914": "value-1"} to topic topic-f3b76e78_610a_4d11_9005_1486890bd681
2025-08-06 15:37:33,239 INFO  [io.api.tes.ser.api.KafkaSerdesTester] (Thread-676) Sending message {"key11754494646777": "value-2", "key21754494651914": "value-2"} to topic topic-f3b76e78_610a_4d11_9005_1486890bd681
2025-08-06 15:37:33,244 INFO  [io.api.tes.ser.api.KafkaSerdesTester] (Thread-676) Sending message {"key11754494646777": "value-3", "key21754494651914": "value-3"} to topic topic-f3b76e78_610a_4d11_9005_1486890bd681
2025-08-06 15:37:33,246 INFO  [io.api.tes.ser.api.KafkaSerdesTester] (Thread-676) Sending message {"key11754494646777": "value-4", "key21754494651914": "value-4"} to topic topic-f3b76e78_610a_4d11_9005_1486890bd681
2025-08-06 15:37:33,248 INFO  [io.api.tes.ser.api.KafkaSerdesTester] (Thread-676) Sending message {"key11754494646777": "value-5", "key21754494651914": "value-5"} to topic topic-f3b76e78_610a_4d11_9005_1486890bd681
2025-08-06 15:37:33,249 INFO  [io.api.tes.ser.api.KafkaSerdesTester] (Thread-676) Sending message {"key11754494646777": "value-6", "key21754494651914": "value-6"} to topic topic-f3b76e78_610a_4d11_9005_1486890bd681
2025-08-06 15:37:33,250 INFO  [io.api.tes.ser.api.KafkaSerdesTester] (Thread-676) Sending message {"key11754494646777": "value-7", "key21754494651914": "value-7"} to topic topic-f3b76e78_610a_4d11_9005_1486890bd681
2025-08-06 15:37:33,251 INFO  [io.api.tes.ser.api.KafkaSerdesTester] (Thread-676) Sending message {"key11754494646777": "value-8", "key21754494651914": "value-8"} to topic topic-f3b76e78_610a_4d11_9005_1486890bd681
2025-08-06 15:37:33,252 INFO  [io.api.tes.ser.api.KafkaSerdesTester] (Thread-676) Sending message {"key11754494646777": "value-9", "key21754494651914": "value-9"} to topic topic-f3b76e78_610a_4d11_9005_1486890bd681
2025-08-06 15:37:33,266 INFO  [io.api.tes.ser.api.KafkaSerdesTester] (Thread-676) Produced 10 messages
2025-08-06 15:37:33,266 INFO  [org.apa.kaf.cli.pro.KafkaProducer] (Thread-676) [Producer clientId=Producer-topic-f3b76e78_610a_4d11_9005_1486890bd681] Closing the Kafka producer with timeoutMillis = 9223372036854775807 ms.
2025-08-06 15:37:33,269 INFO  [org.apa.kaf.com.met.Metrics] (Thread-676) Metrics scheduler closed
2025-08-06 15:37:33,269 INFO  [org.apa.kaf.com.met.Metrics] (Thread-676) Closing reporter org.apache.kafka.common.metrics.JmxReporter
2025-08-06 15:37:33,269 INFO  [org.apa.kaf.com.met.Metrics] (Thread-676) Closing reporter org.apache.kafka.common.telemetry.internals.ClientTelemetryReporter
2025-08-06 15:37:33,269 INFO  [org.apa.kaf.com.met.Metrics] (Thread-676) Metrics reporters closed
2025-08-06 15:37:33,269 INFO  [org.apa.kaf.com.uti.AppInfoParser] (Thread-676) App info kafka.producer for Producer-topic-f3b76e78_610a_4d11_9005_1486890bd681 unregistered
**** Registry Base URL: http://registry-app-pg17.apps.ci419.apicurio-testing.org:80
2025-08-06 15:37:33,270 INFO  [org.apa.kaf.cli.pro.ProducerConfig] (main) ProducerConfig values: 
	acks = -1
	auto.include.jmx.reporter = true
	batch.size = 16384
	bootstrap.servers = [PLAINTEXT://localhost:32769]
	buffer.memory = 33554432
	client.dns.lookup = use_all_dns_ips
	client.id = Producer-topic-f3b76e78_610a_4d11_9005_1486890bd681
	compression.gzip.level = -1
	compression.lz4.level = 9
	compression.type = none
	compression.zstd.level = 3
	connections.max.idle.ms = 10000
	delivery.timeout.ms = 120000
	enable.idempotence = true
	enable.metrics.push = true
	interceptor.classes = []
	key.serializer = class org.apache.kafka.common.serialization.StringSerializer
	linger.ms = 0
	max.block.ms = 60000
	max.in.flight.requests.per.connection = 5
	max.request.size = 1048576
	metadata.max.age.ms = 300000
	metadata.max.idle.ms = 300000
	metadata.recovery.strategy = none
	metric.reporters = []
	metrics.num.samples = 2
	metrics.recording.level = INFO
	metrics.sample.window.ms = 30000
	partitioner.adaptive.partitioning.enable = true
	partitioner.availability.timeout.ms = 0
	partitioner.class = null
	partitioner.ignore.keys = false
	receive.buffer.bytes = 32768
	reconnect.backoff.max.ms = 1000
	reconnect.backoff.ms = 50
	request.timeout.ms = 5000
	retries = 2147483647
	retry.backoff.max.ms = 1000
	retry.backoff.ms = 100
	sasl.client.callback.handler.class = null
	sasl.jaas.config = null
	sasl.kerberos.kinit.cmd = /usr/bin/kinit
	sasl.kerberos.min.time.before.relogin = 60000
	sasl.kerberos.service.name = null
	sasl.kerberos.ticket.renew.jitter = 0.05
	sasl.kerberos.ticket.renew.window.factor = 0.8
	sasl.login.callback.handler.class = null
	sasl.login.class = null
	sasl.login.connect.timeout.ms = null
	sasl.login.read.timeout.ms = null
	sasl.login.refresh.buffer.seconds = 300
	sasl.login.refresh.min.period.seconds = 60
	sasl.login.refresh.window.factor = 0.8
	sasl.login.refresh.window.jitter = 0.05
	sasl.login.retry.backoff.max.ms = 10000
	sasl.login.retry.backoff.ms = 100
	sasl.mechanism = GSSAPI
	sasl.oauthbearer.clock.skew.seconds = 30
	sasl.oauthbearer.expected.audience = null
	sasl.oauthbearer.expected.issuer = null
	sasl.oauthbearer.header.urlencode = false
	sasl.oauthbearer.jwks.endpoint.refresh.ms = 3600000
	sasl.oauthbearer.jwks.endpoint.retry.backoff.max.ms = 10000
	sasl.oauthbearer.jwks.endpoint.retry.backoff.ms = 100
	sasl.oauthbearer.jwks.endpoint.url = null
	sasl.oauthbearer.scope.claim.name = scope
	sasl.oauthbearer.sub.claim.name = sub
	sasl.oauthbearer.token.endpoint.url = null
	security.protocol = PLAINTEXT
	security.providers = null
	send.buffer.bytes = 131072
	socket.connection.setup.timeout.max.ms = 30000
	socket.connection.setup.timeout.ms = 10000
	ssl.cipher.suites = null
	ssl.enabled.protocols = [TLSv1.2, TLSv1.3]
	ssl.endpoint.identification.algorithm = https
	ssl.engine.factory.class = null
	ssl.key.password = null
	ssl.keymanager.algorithm = SunX509
	ssl.keystore.certificate.chain = null
	ssl.keystore.key = null
	ssl.keystore.location = null
	ssl.keystore.password = null
	ssl.keystore.type = JKS
	ssl.protocol = TLSv1.3
	ssl.provider = null
	ssl.secure.random.implementation = null
	ssl.trustmanager.algorithm = PKIX
	ssl.truststore.certificates = null
	ssl.truststore.location = null
	ssl.truststore.password = null
	ssl.truststore.type = JKS
	transaction.timeout.ms = 60000
	transactional.id = null
	value.serializer = class io.apicurio.registry.serde.avro.AvroKafkaSerializer

2025-08-06 15:37:33,271 INFO  [org.apa.kaf.com.tel.int.KafkaMetricsCollector] (main) initializing Kafka metrics collector
2025-08-06 15:37:33,279 INFO  [org.apa.kaf.cli.pro.KafkaProducer] (main) [Producer clientId=Producer-topic-f3b76e78_610a_4d11_9005_1486890bd681] Instantiated an idempotent producer.
2025-08-06 15:37:33,281 INFO  [org.apa.kaf.cli.pro.ProducerConfig] (main) These configurations '[apicurio.registry.url, apicurio.registry.artifact-resolver-strategy]' were supplied but are not used yet.
2025-08-06 15:37:33,281 INFO  [org.apa.kaf.com.uti.AppInfoParser] (main) Kafka version: 3.9.1
2025-08-06 15:37:33,281 INFO  [org.apa.kaf.com.uti.AppInfoParser] (main) Kafka commitId: f745dfdcee2b9851
2025-08-06 15:37:33,281 INFO  [org.apa.kaf.com.uti.AppInfoParser] (main) Kafka startTimeMs: 1754494653281
2025-08-06 15:37:33,283 INFO  [io.api.tes.ser.api.KafkaSerdesTester] (Thread-679) Sending message {"key11754494646777": "value-0"} to topic topic-f3b76e78_610a_4d11_9005_1486890bd681
2025-08-06 15:37:33,287 INFO  [org.apa.kaf.cli.Metadata] (kafka-producer-network-thread | Producer-topic-f3b76e78_610a_4d11_9005_1486890bd681) [Producer clientId=Producer-topic-f3b76e78_610a_4d11_9005_1486890bd681] Cluster ID: xNUQX5UBRx2CPqcHCglV-w
2025-08-06 15:37:33,288 INFO  [org.apa.kaf.cli.pro.int.TransactionManager] (kafka-producer-network-thread | Producer-topic-f3b76e78_610a_4d11_9005_1486890bd681) [Producer clientId=Producer-topic-f3b76e78_610a_4d11_9005_1486890bd681] ProducerId set to 14 with epoch 0
2025-08-06 15:37:33,288 INFO  [DefaultSchemaResolver] (Thread-679) Retrieving schema content using string: {"type":"record","name":"s38afddcax1d16x4766xa24fx1df1b6f1cbbe","namespace":"ns_5a16a2a7_19ce_4bfd_8ed6_2ba2a07abf47","fields":[{"name":"key11754494646777","type":"string"}]}
2025-08-06 15:37:33,443 INFO  [io.api.tes.ser.api.KafkaSerdesTester] (Thread-679) Sending message {"key11754494646777": "value-1"} to topic topic-f3b76e78_610a_4d11_9005_1486890bd681
2025-08-06 15:37:33,445 INFO  [io.api.tes.ser.api.KafkaSerdesTester] (Thread-679) Sending message {"key11754494646777": "value-2"} to topic topic-f3b76e78_610a_4d11_9005_1486890bd681
2025-08-06 15:37:33,447 INFO  [io.api.tes.ser.api.KafkaSerdesTester] (Thread-679) Sending message {"key11754494646777": "value-3"} to topic topic-f3b76e78_610a_4d11_9005_1486890bd681
2025-08-06 15:37:33,448 INFO  [io.api.tes.ser.api.KafkaSerdesTester] (Thread-679) Sending message {"key11754494646777": "value-4"} to topic topic-f3b76e78_610a_4d11_9005_1486890bd681
2025-08-06 15:37:33,450 INFO  [io.api.tes.ser.api.KafkaSerdesTester] (Thread-679) Sending message {"key11754494646777": "value-5"} to topic topic-f3b76e78_610a_4d11_9005_1486890bd681
2025-08-06 15:37:33,451 INFO  [io.api.tes.ser.api.KafkaSerdesTester] (Thread-679) Sending message {"key11754494646777": "value-6"} to topic topic-f3b76e78_610a_4d11_9005_1486890bd681
2025-08-06 15:37:33,452 INFO  [io.api.tes.ser.api.KafkaSerdesTester] (Thread-679) Sending message {"key11754494646777": "value-7"} to topic topic-f3b76e78_610a_4d11_9005_1486890bd681
2025-08-06 15:37:33,454 INFO  [io.api.tes.ser.api.KafkaSerdesTester] (Thread-679) Sending message {"key11754494646777": "value-8"} to topic topic-f3b76e78_610a_4d11_9005_1486890bd681
2025-08-06 15:37:33,455 INFO  [io.api.tes.ser.api.KafkaSerdesTester] (Thread-679) Sending message {"key11754494646777": "value-9"} to topic topic-f3b76e78_610a_4d11_9005_1486890bd681
2025-08-06 15:37:33,457 INFO  [io.api.tes.ser.api.KafkaSerdesTester] (Thread-679) Produced 10 messages
2025-08-06 15:37:33,457 INFO  [org.apa.kaf.cli.pro.KafkaProducer] (Thread-679) [Producer clientId=Producer-topic-f3b76e78_610a_4d11_9005_1486890bd681] Closing the Kafka producer with timeoutMillis = 9223372036854775807 ms.
2025-08-06 15:37:33,460 INFO  [org.apa.kaf.com.met.Metrics] (Thread-679) Metrics scheduler closed
2025-08-06 15:37:33,460 INFO  [org.apa.kaf.com.met.Metrics] (Thread-679) Closing reporter org.apache.kafka.common.metrics.JmxReporter
2025-08-06 15:37:33,460 INFO  [org.apa.kaf.com.met.Metrics] (Thread-679) Closing reporter org.apache.kafka.common.telemetry.internals.ClientTelemetryReporter
2025-08-06 15:37:33,460 INFO  [org.apa.kaf.com.met.Metrics] (Thread-679) Metrics reporters closed
2025-08-06 15:37:33,460 INFO  [org.apa.kaf.com.uti.AppInfoParser] (Thread-679) App info kafka.producer for Producer-topic-f3b76e78_610a_4d11_9005_1486890bd681 unregistered
**** Registry Base URL: http://registry-app-pg17.apps.ci419.apicurio-testing.org:80
2025-08-06 15:37:33,461 INFO  [org.apa.kaf.cli.con.ConsumerConfig] (main) ConsumerConfig values: 
	allow.auto.create.topics = true
	auto.commit.interval.ms = 500
	auto.include.jmx.reporter = true
	auto.offset.reset = earliest
	bootstrap.servers = [PLAINTEXT://localhost:32769]
	check.crcs = true
	client.dns.lookup = use_all_dns_ips
	client.id = consumer-Consumer-topic-f3b76e78_610a_4d11_9005_1486890bd681-11
	client.rack = 
	connections.max.idle.ms = 10000
	default.api.timeout.ms = 60000
	enable.auto.commit = true
	enable.metrics.push = true
	exclude.internal.topics = true
	fetch.max.bytes = 52428800
	fetch.max.wait.ms = 500
	fetch.min.bytes = 1
	group.id = Consumer-topic-f3b76e78_610a_4d11_9005_1486890bd681
	group.instance.id = null
	group.protocol = classic
	group.remote.assignor = null
	heartbeat.interval.ms = 3000
	interceptor.classes = []
	internal.leave.group.on.close = true
	internal.throw.on.fetch.stable.offset.unsupported = false
	isolation.level = read_uncommitted
	key.deserializer = class org.apache.kafka.common.serialization.StringDeserializer
	max.partition.fetch.bytes = 1048576
	max.poll.interval.ms = 300000
	max.poll.records = 500
	metadata.max.age.ms = 300000
	metadata.recovery.strategy = none
	metric.reporters = []
	metrics.num.samples = 2
	metrics.recording.level = INFO
	metrics.sample.window.ms = 30000
	partition.assignment.strategy = [class org.apache.kafka.clients.consumer.RangeAssignor, class org.apache.kafka.clients.consumer.CooperativeStickyAssignor]
	receive.buffer.bytes = 65536
	reconnect.backoff.max.ms = 1000
	reconnect.backoff.ms = 50
	request.timeout.ms = 5000
	retry.backoff.max.ms = 1000
	retry.backoff.ms = 100
	sasl.client.callback.handler.class = null
	sasl.jaas.config = null
	sasl.kerberos.kinit.cmd = /usr/bin/kinit
	sasl.kerberos.min.time.before.relogin = 60000
	sasl.kerberos.service.name = null
	sasl.kerberos.ticket.renew.jitter = 0.05
	sasl.kerberos.ticket.renew.window.factor = 0.8
	sasl.login.callback.handler.class = null
	sasl.login.class = null
	sasl.login.connect.timeout.ms = null
	sasl.login.read.timeout.ms = null
	sasl.login.refresh.buffer.seconds = 300
	sasl.login.refresh.min.period.seconds = 60
	sasl.login.refresh.window.factor = 0.8
	sasl.login.refresh.window.jitter = 0.05
	sasl.login.retry.backoff.max.ms = 10000
	sasl.login.retry.backoff.ms = 100
	sasl.mechanism = GSSAPI
	sasl.oauthbearer.clock.skew.seconds = 30
	sasl.oauthbearer.expected.audience = null
	sasl.oauthbearer.expected.issuer = null
	sasl.oauthbearer.header.urlencode = false
	sasl.oauthbearer.jwks.endpoint.refresh.ms = 3600000
	sasl.oauthbearer.jwks.endpoint.retry.backoff.max.ms = 10000
	sasl.oauthbearer.jwks.endpoint.retry.backoff.ms = 100
	sasl.oauthbearer.jwks.endpoint.url = null
	sasl.oauthbearer.scope.claim.name = scope
	sasl.oauthbearer.sub.claim.name = sub
	sasl.oauthbearer.token.endpoint.url = null
	security.protocol = PLAINTEXT
	security.providers = null
	send.buffer.bytes = 131072
	session.timeout.ms = 45000
	socket.connection.setup.timeout.max.ms = 30000
	socket.connection.setup.timeout.ms = 10000
	ssl.cipher.suites = null
	ssl.enabled.protocols = [TLSv1.2, TLSv1.3]
	ssl.endpoint.identification.algorithm = https
	ssl.engine.factory.class = null
	ssl.key.password = null
	ssl.keymanager.algorithm = SunX509
	ssl.keystore.certificate.chain = null
	ssl.keystore.key = null
	ssl.keystore.location = null
	ssl.keystore.password = null
	ssl.keystore.type = JKS
	ssl.protocol = TLSv1.3
	ssl.provider = null
	ssl.secure.random.implementation = null
	ssl.trustmanager.algorithm = PKIX
	ssl.truststore.certificates = null
	ssl.truststore.location = null
	ssl.truststore.password = null
	ssl.truststore.type = JKS
	value.deserializer = class io.apicurio.registry.serde.avro.AvroKafkaDeserializer

2025-08-06 15:37:33,461 INFO  [org.apa.kaf.com.tel.int.KafkaMetricsCollector] (main) initializing Kafka metrics collector
2025-08-06 15:37:33,469 INFO  [org.apa.kaf.cli.con.ConsumerConfig] (main) These configurations '[apicurio.registry.url]' were supplied but are not used yet.
2025-08-06 15:37:33,469 INFO  [org.apa.kaf.com.uti.AppInfoParser] (main) Kafka version: 3.9.1
2025-08-06 15:37:33,469 INFO  [org.apa.kaf.com.uti.AppInfoParser] (main) Kafka commitId: f745dfdcee2b9851
2025-08-06 15:37:33,469 INFO  [org.apa.kaf.com.uti.AppInfoParser] (main) Kafka startTimeMs: 1754494653469
2025-08-06 15:37:33,469 INFO  [org.apa.kaf.cli.con.int.ClassicKafkaConsumer] (Thread-682) [Consumer clientId=consumer-Consumer-topic-f3b76e78_610a_4d11_9005_1486890bd681-11, groupId=Consumer-topic-f3b76e78_610a_4d11_9005_1486890bd681] Subscribed to topic(s): topic-f3b76e78_610a_4d11_9005_1486890bd681
2025-08-06 15:37:33,474 INFO  [org.apa.kaf.cli.Metadata] (Thread-682) [Consumer clientId=consumer-Consumer-topic-f3b76e78_610a_4d11_9005_1486890bd681-11, groupId=Consumer-topic-f3b76e78_610a_4d11_9005_1486890bd681] Cluster ID: xNUQX5UBRx2CPqcHCglV-w
2025-08-06 15:37:33,475 INFO  [org.apa.kaf.cli.con.int.ConsumerCoordinator] (Thread-682) [Consumer clientId=consumer-Consumer-topic-f3b76e78_610a_4d11_9005_1486890bd681-11, groupId=Consumer-topic-f3b76e78_610a_4d11_9005_1486890bd681] Discovered group coordinator localhost:32769 (id: 2147483647 rack: null)
2025-08-06 15:37:33,476 INFO  [org.apa.kaf.cli.con.int.ConsumerCoordinator] (Thread-682) [Consumer clientId=consumer-Consumer-topic-f3b76e78_610a_4d11_9005_1486890bd681-11, groupId=Consumer-topic-f3b76e78_610a_4d11_9005_1486890bd681] (Re-)joining group
2025-08-06 15:37:33,479 INFO  [org.apa.kaf.cli.con.int.ConsumerCoordinator] (Thread-682) [Consumer clientId=consumer-Consumer-topic-f3b76e78_610a_4d11_9005_1486890bd681-11, groupId=Consumer-topic-f3b76e78_610a_4d11_9005_1486890bd681] Request joining group due to: need to re-join with the given member-id: consumer-Consumer-topic-f3b76e78_610a_4d11_9005_1486890bd681-11-485541b2-cb77-48c9-9f98-a1f4cf5b2df2
2025-08-06 15:37:33,480 INFO  [org.apa.kaf.cli.con.int.ConsumerCoordinator] (Thread-682) [Consumer clientId=consumer-Consumer-topic-f3b76e78_610a_4d11_9005_1486890bd681-11, groupId=Consumer-topic-f3b76e78_610a_4d11_9005_1486890bd681] (Re-)joining group
2025-08-06 15:37:34,469 INFO  [io.api.tes.ser.api.KafkaSerdesTester] (Thread-682) None found
2025-08-06 15:37:35,469 INFO  [io.api.tes.ser.api.KafkaSerdesTester] (Thread-682) None found
2025-08-06 15:37:36,470 INFO  [io.api.tes.ser.api.KafkaSerdesTester] (Thread-682) None found
2025-08-06 15:37:36,483 INFO  [org.apa.kaf.cli.con.int.ConsumerCoordinator] (Thread-682) [Consumer clientId=consumer-Consumer-topic-f3b76e78_610a_4d11_9005_1486890bd681-11, groupId=Consumer-topic-f3b76e78_610a_4d11_9005_1486890bd681] Successfully joined group with generation Generation{generationId=3, memberId='consumer-Consumer-topic-f3b76e78_610a_4d11_9005_1486890bd681-11-485541b2-cb77-48c9-9f98-a1f4cf5b2df2', protocol='range'}
2025-08-06 15:37:36,483 INFO  [org.apa.kaf.cli.con.int.ConsumerCoordinator] (Thread-682) [Consumer clientId=consumer-Consumer-topic-f3b76e78_610a_4d11_9005_1486890bd681-11, groupId=Consumer-topic-f3b76e78_610a_4d11_9005_1486890bd681] Finished assignment for group at generation 3: {consumer-Consumer-topic-f3b76e78_610a_4d11_9005_1486890bd681-11-485541b2-cb77-48c9-9f98-a1f4cf5b2df2=Assignment(partitions=[topic-f3b76e78_610a_4d11_9005_1486890bd681-0])}
2025-08-06 15:37:36,490 INFO  [org.apa.kaf.cli.con.int.ConsumerCoordinator] (Thread-682) [Consumer clientId=consumer-Consumer-topic-f3b76e78_610a_4d11_9005_1486890bd681-11, groupId=Consumer-topic-f3b76e78_610a_4d11_9005_1486890bd681] Successfully synced group in generation Generation{generationId=3, memberId='consumer-Consumer-topic-f3b76e78_610a_4d11_9005_1486890bd681-11-485541b2-cb77-48c9-9f98-a1f4cf5b2df2', protocol='range'}
2025-08-06 15:37:36,490 INFO  [org.apa.kaf.cli.con.int.ConsumerCoordinator] (Thread-682) [Consumer clientId=consumer-Consumer-topic-f3b76e78_610a_4d11_9005_1486890bd681-11, groupId=Consumer-topic-f3b76e78_610a_4d11_9005_1486890bd681] Notifying assignor about the new Assignment(partitions=[topic-f3b76e78_610a_4d11_9005_1486890bd681-0])
2025-08-06 15:37:36,490 INFO  [org.apa.kaf.cli.con.int.ConsumerRebalanceListenerInvoker] (Thread-682) [Consumer clientId=consumer-Consumer-topic-f3b76e78_610a_4d11_9005_1486890bd681-11, groupId=Consumer-topic-f3b76e78_610a_4d11_9005_1486890bd681] Adding newly assigned partitions: topic-f3b76e78_610a_4d11_9005_1486890bd681-0
2025-08-06 15:37:36,492 INFO  [org.apa.kaf.cli.con.int.ConsumerUtils] (Thread-682) Setting offset for partition topic-f3b76e78_610a_4d11_9005_1486890bd681-0 to the committed offset FetchPosition{offset=10, offsetEpoch=Optional[0], currentLeader=LeaderAndEpoch{leader=Optional[localhost:32769 (id: 0 rack: null)], epoch=0}}
2025-08-06 15:37:36,859 INFO  [io.api.tes.ser.api.KafkaSerdesTester] (Thread-682) topic-f3b76e78_610a_4d11_9005_1486890bd681 0 10 {"key11754494646777": "value-0", "key21754494651914": "value-0"}
2025-08-06 15:37:36,859 INFO  [io.api.tes.ser.api.KafkaSerdesTester] (Thread-682) topic-f3b76e78_610a_4d11_9005_1486890bd681 0 11 {"key11754494646777": "value-1", "key21754494651914": "value-1"}
2025-08-06 15:37:36,859 INFO  [io.api.tes.ser.api.KafkaSerdesTester] (Thread-682) topic-f3b76e78_610a_4d11_9005_1486890bd681 0 12 {"key11754494646777": "value-2", "key21754494651914": "value-2"}
2025-08-06 15:37:36,859 INFO  [io.api.tes.ser.api.KafkaSerdesTester] (Thread-682) topic-f3b76e78_610a_4d11_9005_1486890bd681 0 13 {"key11754494646777": "value-3", "key21754494651914": "value-3"}
2025-08-06 15:37:36,860 INFO  [io.api.tes.ser.api.KafkaSerdesTester] (Thread-682) topic-f3b76e78_610a_4d11_9005_1486890bd681 0 14 {"key11754494646777": "value-4", "key21754494651914": "value-4"}
2025-08-06 15:37:36,860 INFO  [io.api.tes.ser.api.KafkaSerdesTester] (Thread-682) topic-f3b76e78_610a_4d11_9005_1486890bd681 0 15 {"key11754494646777": "value-5", "key21754494651914": "value-5"}
2025-08-06 15:37:36,860 INFO  [io.api.tes.ser.api.KafkaSerdesTester] (Thread-682) topic-f3b76e78_610a_4d11_9005_1486890bd681 0 16 {"key11754494646777": "value-6", "key21754494651914": "value-6"}
2025-08-06 15:37:36,860 INFO  [io.api.tes.ser.api.KafkaSerdesTester] (Thread-682) topic-f3b76e78_610a_4d11_9005_1486890bd681 0 17 {"key11754494646777": "value-7", "key21754494651914": "value-7"}
2025-08-06 15:37:36,860 INFO  [io.api.tes.ser.api.KafkaSerdesTester] (Thread-682) topic-f3b76e78_610a_4d11_9005_1486890bd681 0 18 {"key11754494646777": "value-8", "key21754494651914": "value-8"}
2025-08-06 15:37:36,860 INFO  [io.api.tes.ser.api.KafkaSerdesTester] (Thread-682) topic-f3b76e78_610a_4d11_9005_1486890bd681 0 19 {"key11754494646777": "value-9", "key21754494651914": "value-9"}
2025-08-06 15:37:36,860 INFO  [io.api.tes.ser.api.KafkaSerdesTester] (Thread-682) topic-f3b76e78_610a_4d11_9005_1486890bd681 0 20 {"key11754494646777": "value-0"}
2025-08-06 15:37:36,860 INFO  [io.api.tes.ser.api.KafkaSerdesTester] (Thread-682) topic-f3b76e78_610a_4d11_9005_1486890bd681 0 21 {"key11754494646777": "value-1"}
2025-08-06 15:37:36,860 INFO  [io.api.tes.ser.api.KafkaSerdesTester] (Thread-682) topic-f3b76e78_610a_4d11_9005_1486890bd681 0 22 {"key11754494646777": "value-2"}
2025-08-06 15:37:36,860 INFO  [io.api.tes.ser.api.KafkaSerdesTester] (Thread-682) topic-f3b76e78_610a_4d11_9005_1486890bd681 0 23 {"key11754494646777": "value-3"}
2025-08-06 15:37:36,860 INFO  [io.api.tes.ser.api.KafkaSerdesTester] (Thread-682) topic-f3b76e78_610a_4d11_9005_1486890bd681 0 24 {"key11754494646777": "value-4"}
2025-08-06 15:37:36,860 INFO  [io.api.tes.ser.api.KafkaSerdesTester] (Thread-682) topic-f3b76e78_610a_4d11_9005_1486890bd681 0 25 {"key11754494646777": "value-5"}
2025-08-06 15:37:36,860 INFO  [io.api.tes.ser.api.KafkaSerdesTester] (Thread-682) topic-f3b76e78_610a_4d11_9005_1486890bd681 0 26 {"key11754494646777": "value-6"}
2025-08-06 15:37:36,860 INFO  [io.api.tes.ser.api.KafkaSerdesTester] (Thread-682) topic-f3b76e78_610a_4d11_9005_1486890bd681 0 27 {"key11754494646777": "value-7"}
2025-08-06 15:37:36,860 INFO  [io.api.tes.ser.api.KafkaSerdesTester] (Thread-682) topic-f3b76e78_610a_4d11_9005_1486890bd681 0 28 {"key11754494646777": "value-8"}
2025-08-06 15:37:36,860 INFO  [io.api.tes.ser.api.KafkaSerdesTester] (Thread-682) topic-f3b76e78_610a_4d11_9005_1486890bd681 0 29 {"key11754494646777": "value-9"}
2025-08-06 15:37:36,860 INFO  [io.api.tes.ser.api.KafkaSerdesTester] (Thread-682) Consumed 20 messages
2025-08-06 15:37:36,867 INFO  [org.apa.kaf.cli.con.int.ConsumerRebalanceListenerInvoker] (Thread-682) [Consumer clientId=consumer-Consumer-topic-f3b76e78_610a_4d11_9005_1486890bd681-11, groupId=Consumer-topic-f3b76e78_610a_4d11_9005_1486890bd681] Revoke previously assigned partitions topic-f3b76e78_610a_4d11_9005_1486890bd681-0
2025-08-06 15:37:36,867 INFO  [org.apa.kaf.cli.con.int.ConsumerCoordinator] (Thread-682) [Consumer clientId=consumer-Consumer-topic-f3b76e78_610a_4d11_9005_1486890bd681-11, groupId=Consumer-topic-f3b76e78_610a_4d11_9005_1486890bd681] Member consumer-Consumer-topic-f3b76e78_610a_4d11_9005_1486890bd681-11-485541b2-cb77-48c9-9f98-a1f4cf5b2df2 sending LeaveGroup request to coordinator localhost:32769 (id: 2147483647 rack: null) due to the consumer is being closed
2025-08-06 15:37:36,867 INFO  [org.apa.kaf.cli.con.int.ConsumerCoordinator] (Thread-682) [Consumer clientId=consumer-Consumer-topic-f3b76e78_610a_4d11_9005_1486890bd681-11, groupId=Consumer-topic-f3b76e78_610a_4d11_9005_1486890bd681] Resetting generation and member id due to: consumer pro-actively leaving the group
2025-08-06 15:37:36,867 INFO  [org.apa.kaf.cli.con.int.ConsumerCoordinator] (Thread-682) [Consumer clientId=consumer-Consumer-topic-f3b76e78_610a_4d11_9005_1486890bd681-11, groupId=Consumer-topic-f3b76e78_610a_4d11_9005_1486890bd681] Request joining group due to: consumer pro-actively leaving the group
2025-08-06 15:37:37,362 INFO  [org.apa.kaf.com.met.Metrics] (Thread-682) Metrics scheduler closed
2025-08-06 15:37:37,362 INFO  [org.apa.kaf.com.met.Metrics] (Thread-682) Closing reporter org.apache.kafka.common.metrics.JmxReporter
2025-08-06 15:37:37,362 INFO  [org.apa.kaf.com.met.Metrics] (Thread-682) Closing reporter org.apache.kafka.common.telemetry.internals.ClientTelemetryReporter
2025-08-06 15:37:37,362 INFO  [org.apa.kaf.com.met.Metrics] (Thread-682) Metrics reporters closed
2025-08-06 15:37:37,366 INFO  [org.apa.kaf.com.uti.AppInfoParser] (Thread-682) App info kafka.consumer for consumer-Consumer-topic-f3b76e78_610a_4d11_9005_1486890bd681-11 unregistered
2025-08-06 15:37:37,367 INFO  [io.api.tes.ser.api.AvroSerdeIT] (main) Registering Avro Schema 3: {"type":"record","name":"s38afddcax1d16x4766xa24fx1df1b6f1cbbe","namespace":"ns_5a16a2a7_19ce_4bfd_8ed6_2ba2a07abf47","fields":[{"name":"key11754494646777","type":"string"},{"name":"key21754494651914","type":"string"},{"name":"key31754494657366","type":"string"}]}
**** Registry Base URL: http://registry-app-pg17.apps.ci419.apicurio-testing.org:80
2025-08-06 15:37:38,524 INFO  [org.apa.kaf.cli.pro.ProducerConfig] (main) ProducerConfig values: 
	acks = -1
	auto.include.jmx.reporter = true
	batch.size = 16384
	bootstrap.servers = [PLAINTEXT://localhost:32769]
	buffer.memory = 33554432
	client.dns.lookup = use_all_dns_ips
	client.id = Producer-topic-f3b76e78_610a_4d11_9005_1486890bd681
	compression.gzip.level = -1
	compression.lz4.level = 9
	compression.type = none
	compression.zstd.level = 3
	connections.max.idle.ms = 10000
	delivery.timeout.ms = 120000
	enable.idempotence = true
	enable.metrics.push = true
	interceptor.classes = []
	key.serializer = class org.apache.kafka.common.serialization.StringSerializer
	linger.ms = 0
	max.block.ms = 60000
	max.in.flight.requests.per.connection = 5
	max.request.size = 1048576
	metadata.max.age.ms = 300000
	metadata.max.idle.ms = 300000
	metadata.recovery.strategy = none
	metric.reporters = []
	metrics.num.samples = 2
	metrics.recording.level = INFO
	metrics.sample.window.ms = 30000
	partitioner.adaptive.partitioning.enable = true
	partitioner.availability.timeout.ms = 0
	partitioner.class = null
	partitioner.ignore.keys = false
	receive.buffer.bytes = 32768
	reconnect.backoff.max.ms = 1000
	reconnect.backoff.ms = 50
	request.timeout.ms = 5000
	retries = 2147483647
	retry.backoff.max.ms = 1000
	retry.backoff.ms = 100
	sasl.client.callback.handler.class = null
	sasl.jaas.config = null
	sasl.kerberos.kinit.cmd = /usr/bin/kinit
	sasl.kerberos.min.time.before.relogin = 60000
	sasl.kerberos.service.name = null
	sasl.kerberos.ticket.renew.jitter = 0.05
	sasl.kerberos.ticket.renew.window.factor = 0.8
	sasl.login.callback.handler.class = null
	sasl.login.class = null
	sasl.login.connect.timeout.ms = null
	sasl.login.read.timeout.ms = null
	sasl.login.refresh.buffer.seconds = 300
	sasl.login.refresh.min.period.seconds = 60
	sasl.login.refresh.window.factor = 0.8
	sasl.login.refresh.window.jitter = 0.05
	sasl.login.retry.backoff.max.ms = 10000
	sasl.login.retry.backoff.ms = 100
	sasl.mechanism = GSSAPI
	sasl.oauthbearer.clock.skew.seconds = 30
	sasl.oauthbearer.expected.audience = null
	sasl.oauthbearer.expected.issuer = null
	sasl.oauthbearer.header.urlencode = false
	sasl.oauthbearer.jwks.endpoint.refresh.ms = 3600000
	sasl.oauthbearer.jwks.endpoint.retry.backoff.max.ms = 10000
	sasl.oauthbearer.jwks.endpoint.retry.backoff.ms = 100
	sasl.oauthbearer.jwks.endpoint.url = null
	sasl.oauthbearer.scope.claim.name = scope
	sasl.oauthbearer.sub.claim.name = sub
	sasl.oauthbearer.token.endpoint.url = null
	security.protocol = PLAINTEXT
	security.providers = null
	send.buffer.bytes = 131072
	socket.connection.setup.timeout.max.ms = 30000
	socket.connection.setup.timeout.ms = 10000
	ssl.cipher.suites = null
	ssl.enabled.protocols = [TLSv1.2, TLSv1.3]
	ssl.endpoint.identification.algorithm = https
	ssl.engine.factory.class = null
	ssl.key.password = null
	ssl.keymanager.algorithm = SunX509
	ssl.keystore.certificate.chain = null
	ssl.keystore.key = null
	ssl.keystore.location = null
	ssl.keystore.password = null
	ssl.keystore.type = JKS
	ssl.protocol = TLSv1.3
	ssl.provider = null
	ssl.secure.random.implementation = null
	ssl.trustmanager.algorithm = PKIX
	ssl.truststore.certificates = null
	ssl.truststore.location = null
	ssl.truststore.password = null
	ssl.truststore.type = JKS
	transaction.timeout.ms = 60000
	transactional.id = null
	value.serializer = class io.apicurio.registry.serde.avro.AvroKafkaSerializer

2025-08-06 15:37:38,524 INFO  [org.apa.kaf.com.tel.int.KafkaMetricsCollector] (main) initializing Kafka metrics collector
2025-08-06 15:37:38,528 INFO  [org.apa.kaf.cli.pro.KafkaProducer] (main) [Producer clientId=Producer-topic-f3b76e78_610a_4d11_9005_1486890bd681] Instantiated an idempotent producer.
2025-08-06 15:37:38,530 INFO  [org.apa.kaf.cli.pro.ProducerConfig] (main) These configurations '[apicurio.registry.url, apicurio.registry.artifact-resolver-strategy]' were supplied but are not used yet.
2025-08-06 15:37:38,530 INFO  [org.apa.kaf.com.uti.AppInfoParser] (main) Kafka version: 3.9.1
2025-08-06 15:37:38,530 INFO  [org.apa.kaf.com.uti.AppInfoParser] (main) Kafka commitId: f745dfdcee2b9851
2025-08-06 15:37:38,530 INFO  [org.apa.kaf.com.uti.AppInfoParser] (main) Kafka startTimeMs: 1754494658530
2025-08-06 15:37:38,530 INFO  [io.api.tes.ser.api.KafkaSerdesTester] (Thread-685) Sending message {"key11754494646777": "value-0", "key21754494651914": "value-0", "key31754494657366": "value-0"} to topic topic-f3b76e78_610a_4d11_9005_1486890bd681
2025-08-06 15:37:38,533 INFO  [org.apa.kaf.cli.Metadata] (kafka-producer-network-thread | Producer-topic-f3b76e78_610a_4d11_9005_1486890bd681) [Producer clientId=Producer-topic-f3b76e78_610a_4d11_9005_1486890bd681] Cluster ID: xNUQX5UBRx2CPqcHCglV-w
2025-08-06 15:37:38,533 INFO  [org.apa.kaf.cli.pro.int.TransactionManager] (kafka-producer-network-thread | Producer-topic-f3b76e78_610a_4d11_9005_1486890bd681) [Producer clientId=Producer-topic-f3b76e78_610a_4d11_9005_1486890bd681] ProducerId set to 15 with epoch 0
2025-08-06 15:37:38,533 INFO  [DefaultSchemaResolver] (Thread-685) Retrieving schema content using string: {"type":"record","name":"s38afddcax1d16x4766xa24fx1df1b6f1cbbe","namespace":"ns_5a16a2a7_19ce_4bfd_8ed6_2ba2a07abf47","fields":[{"name":"key11754494646777","type":"string"},{"name":"key21754494651914","type":"string"},{"name":"key31754494657366","type":"string"}]}
2025-08-06 15:37:38,688 INFO  [io.api.tes.ser.api.KafkaSerdesTester] (Thread-685) Sending message {"key11754494646777": "value-1", "key21754494651914": "value-1", "key31754494657366": "value-1"} to topic topic-f3b76e78_610a_4d11_9005_1486890bd681
2025-08-06 15:37:38,690 INFO  [io.api.tes.ser.api.KafkaSerdesTester] (Thread-685) Sending message {"key11754494646777": "value-2", "key21754494651914": "value-2", "key31754494657366": "value-2"} to topic topic-f3b76e78_610a_4d11_9005_1486890bd681
2025-08-06 15:37:38,691 INFO  [io.api.tes.ser.api.KafkaSerdesTester] (Thread-685) Sending message {"key11754494646777": "value-3", "key21754494651914": "value-3", "key31754494657366": "value-3"} to topic topic-f3b76e78_610a_4d11_9005_1486890bd681
2025-08-06 15:37:38,692 INFO  [io.api.tes.ser.api.KafkaSerdesTester] (Thread-685) Sending message {"key11754494646777": "value-4", "key21754494651914": "value-4", "key31754494657366": "value-4"} to topic topic-f3b76e78_610a_4d11_9005_1486890bd681
2025-08-06 15:37:38,694 INFO  [io.api.tes.ser.api.KafkaSerdesTester] (Thread-685) Sending message {"key11754494646777": "value-5", "key21754494651914": "value-5", "key31754494657366": "value-5"} to topic topic-f3b76e78_610a_4d11_9005_1486890bd681
2025-08-06 15:37:38,699 INFO  [io.api.tes.ser.api.KafkaSerdesTester] (Thread-685) Sending message {"key11754494646777": "value-6", "key21754494651914": "value-6", "key31754494657366": "value-6"} to topic topic-f3b76e78_610a_4d11_9005_1486890bd681
2025-08-06 15:37:38,700 INFO  [io.api.tes.ser.api.KafkaSerdesTester] (Thread-685) Sending message {"key11754494646777": "value-7", "key21754494651914": "value-7", "key31754494657366": "value-7"} to topic topic-f3b76e78_610a_4d11_9005_1486890bd681
2025-08-06 15:37:38,701 INFO  [io.api.tes.ser.api.KafkaSerdesTester] (Thread-685) Sending message {"key11754494646777": "value-8", "key21754494651914": "value-8", "key31754494657366": "value-8"} to topic topic-f3b76e78_610a_4d11_9005_1486890bd681
2025-08-06 15:37:38,703 INFO  [io.api.tes.ser.api.KafkaSerdesTester] (Thread-685) Sending message {"key11754494646777": "value-9", "key21754494651914": "value-9", "key31754494657366": "value-9"} to topic topic-f3b76e78_610a_4d11_9005_1486890bd681
2025-08-06 15:37:38,704 INFO  [io.api.tes.ser.api.KafkaSerdesTester] (Thread-685) Produced 10 messages
2025-08-06 15:37:38,704 INFO  [org.apa.kaf.cli.pro.KafkaProducer] (Thread-685) [Producer clientId=Producer-topic-f3b76e78_610a_4d11_9005_1486890bd681] Closing the Kafka producer with timeoutMillis = 9223372036854775807 ms.
2025-08-06 15:37:38,706 INFO  [org.apa.kaf.com.met.Metrics] (Thread-685) Metrics scheduler closed
2025-08-06 15:37:38,706 INFO  [org.apa.kaf.com.met.Metrics] (Thread-685) Closing reporter org.apache.kafka.common.metrics.JmxReporter
2025-08-06 15:37:38,706 INFO  [org.apa.kaf.com.met.Metrics] (Thread-685) Closing reporter org.apache.kafka.common.telemetry.internals.ClientTelemetryReporter
2025-08-06 15:37:38,706 INFO  [org.apa.kaf.com.met.Metrics] (Thread-685) Metrics reporters closed
2025-08-06 15:37:38,707 INFO  [org.apa.kaf.com.uti.AppInfoParser] (Thread-685) App info kafka.producer for Producer-topic-f3b76e78_610a_4d11_9005_1486890bd681 unregistered
**** Registry Base URL: http://registry-app-pg17.apps.ci419.apicurio-testing.org:80
2025-08-06 15:37:38,708 INFO  [org.apa.kaf.cli.pro.ProducerConfig] (main) ProducerConfig values: 
	acks = -1
	auto.include.jmx.reporter = true
	batch.size = 16384
	bootstrap.servers = [PLAINTEXT://localhost:32769]
	buffer.memory = 33554432
	client.dns.lookup = use_all_dns_ips
	client.id = Producer-topic-f3b76e78_610a_4d11_9005_1486890bd681
	compression.gzip.level = -1
	compression.lz4.level = 9
	compression.type = none
	compression.zstd.level = 3
	connections.max.idle.ms = 10000
	delivery.timeout.ms = 120000
	enable.idempotence = true
	enable.metrics.push = true
	interceptor.classes = []
	key.serializer = class org.apache.kafka.common.serialization.StringSerializer
	linger.ms = 0
	max.block.ms = 60000
	max.in.flight.requests.per.connection = 5
	max.request.size = 1048576
	metadata.max.age.ms = 300000
	metadata.max.idle.ms = 300000
	metadata.recovery.strategy = none
	metric.reporters = []
	metrics.num.samples = 2
	metrics.recording.level = INFO
	metrics.sample.window.ms = 30000
	partitioner.adaptive.partitioning.enable = true
	partitioner.availability.timeout.ms = 0
	partitioner.class = null
	partitioner.ignore.keys = false
	receive.buffer.bytes = 32768
	reconnect.backoff.max.ms = 1000
	reconnect.backoff.ms = 50
	request.timeout.ms = 5000
	retries = 2147483647
	retry.backoff.max.ms = 1000
	retry.backoff.ms = 100
	sasl.client.callback.handler.class = null
	sasl.jaas.config = null
	sasl.kerberos.kinit.cmd = /usr/bin/kinit
	sasl.kerberos.min.time.before.relogin = 60000
	sasl.kerberos.service.name = null
	sasl.kerberos.ticket.renew.jitter = 0.05
	sasl.kerberos.ticket.renew.window.factor = 0.8
	sasl.login.callback.handler.class = null
	sasl.login.class = null
	sasl.login.connect.timeout.ms = null
	sasl.login.read.timeout.ms = null
	sasl.login.refresh.buffer.seconds = 300
	sasl.login.refresh.min.period.seconds = 60
	sasl.login.refresh.window.factor = 0.8
	sasl.login.refresh.window.jitter = 0.05
	sasl.login.retry.backoff.max.ms = 10000
	sasl.login.retry.backoff.ms = 100
	sasl.mechanism = GSSAPI
	sasl.oauthbearer.clock.skew.seconds = 30
	sasl.oauthbearer.expected.audience = null
	sasl.oauthbearer.expected.issuer = null
	sasl.oauthbearer.header.urlencode = false
	sasl.oauthbearer.jwks.endpoint.refresh.ms = 3600000
	sasl.oauthbearer.jwks.endpoint.retry.backoff.max.ms = 10000
	sasl.oauthbearer.jwks.endpoint.retry.backoff.ms = 100
	sasl.oauthbearer.jwks.endpoint.url = null
	sasl.oauthbearer.scope.claim.name = scope
	sasl.oauthbearer.sub.claim.name = sub
	sasl.oauthbearer.token.endpoint.url = null
	security.protocol = PLAINTEXT
	security.providers = null
	send.buffer.bytes = 131072
	socket.connection.setup.timeout.max.ms = 30000
	socket.connection.setup.timeout.ms = 10000
	ssl.cipher.suites = null
	ssl.enabled.protocols = [TLSv1.2, TLSv1.3]
	ssl.endpoint.identification.algorithm = https
	ssl.engine.factory.class = null
	ssl.key.password = null
	ssl.keymanager.algorithm = SunX509
	ssl.keystore.certificate.chain = null
	ssl.keystore.key = null
	ssl.keystore.location = null
	ssl.keystore.password = null
	ssl.keystore.type = JKS
	ssl.protocol = TLSv1.3
	ssl.provider = null
	ssl.secure.random.implementation = null
	ssl.trustmanager.algorithm = PKIX
	ssl.truststore.certificates = null
	ssl.truststore.location = null
	ssl.truststore.password = null
	ssl.truststore.type = JKS
	transaction.timeout.ms = 60000
	transactional.id = null
	value.serializer = class io.apicurio.registry.serde.avro.AvroKafkaSerializer

2025-08-06 15:37:38,708 INFO  [org.apa.kaf.com.tel.int.KafkaMetricsCollector] (main) initializing Kafka metrics collector
2025-08-06 15:37:38,715 INFO  [org.apa.kaf.cli.pro.KafkaProducer] (main) [Producer clientId=Producer-topic-f3b76e78_610a_4d11_9005_1486890bd681] Instantiated an idempotent producer.
2025-08-06 15:37:38,717 INFO  [org.apa.kaf.cli.pro.ProducerConfig] (main) These configurations '[apicurio.registry.url, apicurio.registry.artifact-resolver-strategy]' were supplied but are not used yet.
2025-08-06 15:37:38,717 INFO  [org.apa.kaf.com.uti.AppInfoParser] (main) Kafka version: 3.9.1
2025-08-06 15:37:38,717 INFO  [org.apa.kaf.com.uti.AppInfoParser] (main) Kafka commitId: f745dfdcee2b9851
2025-08-06 15:37:38,717 INFO  [org.apa.kaf.com.uti.AppInfoParser] (main) Kafka startTimeMs: 1754494658717
2025-08-06 15:37:38,719 INFO  [io.api.tes.ser.api.KafkaSerdesTester] (Thread-688) Sending message {"key11754494646777": "value-0", "key21754494651914": "value-0"} to topic topic-f3b76e78_610a_4d11_9005_1486890bd681
2025-08-06 15:37:38,722 INFO  [org.apa.kaf.cli.Metadata] (kafka-producer-network-thread | Producer-topic-f3b76e78_610a_4d11_9005_1486890bd681) [Producer clientId=Producer-topic-f3b76e78_610a_4d11_9005_1486890bd681] Cluster ID: xNUQX5UBRx2CPqcHCglV-w
2025-08-06 15:37:38,722 INFO  [DefaultSchemaResolver] (Thread-688) Retrieving schema content using string: {"type":"record","name":"s38afddcax1d16x4766xa24fx1df1b6f1cbbe","namespace":"ns_5a16a2a7_19ce_4bfd_8ed6_2ba2a07abf47","fields":[{"name":"key11754494646777","type":"string"},{"name":"key21754494651914","type":"string"}]}
2025-08-06 15:37:38,723 INFO  [org.apa.kaf.cli.pro.int.TransactionManager] (kafka-producer-network-thread | Producer-topic-f3b76e78_610a_4d11_9005_1486890bd681) [Producer clientId=Producer-topic-f3b76e78_610a_4d11_9005_1486890bd681] ProducerId set to 16 with epoch 0
2025-08-06 15:37:38,873 INFO  [io.api.tes.ser.api.KafkaSerdesTester] (Thread-688) Sending message {"key11754494646777": "value-1", "key21754494651914": "value-1"} to topic topic-f3b76e78_610a_4d11_9005_1486890bd681
2025-08-06 15:37:38,875 INFO  [io.api.tes.ser.api.KafkaSerdesTester] (Thread-688) Sending message {"key11754494646777": "value-2", "key21754494651914": "value-2"} to topic topic-f3b76e78_610a_4d11_9005_1486890bd681
2025-08-06 15:37:38,876 INFO  [io.api.tes.ser.api.KafkaSerdesTester] (Thread-688) Sending message {"key11754494646777": "value-3", "key21754494651914": "value-3"} to topic topic-f3b76e78_610a_4d11_9005_1486890bd681
2025-08-06 15:37:38,878 INFO  [io.api.tes.ser.api.KafkaSerdesTester] (Thread-688) Sending message {"key11754494646777": "value-4", "key21754494651914": "value-4"} to topic topic-f3b76e78_610a_4d11_9005_1486890bd681
2025-08-06 15:37:38,879 INFO  [io.api.tes.ser.api.KafkaSerdesTester] (Thread-688) Sending message {"key11754494646777": "value-5", "key21754494651914": "value-5"} to topic topic-f3b76e78_610a_4d11_9005_1486890bd681
2025-08-06 15:37:38,881 INFO  [io.api.tes.ser.api.KafkaSerdesTester] (Thread-688) Sending message {"key11754494646777": "value-6", "key21754494651914": "value-6"} to topic topic-f3b76e78_610a_4d11_9005_1486890bd681
2025-08-06 15:37:38,884 INFO  [io.api.tes.ser.api.KafkaSerdesTester] (Thread-688) Sending message {"key11754494646777": "value-7", "key21754494651914": "value-7"} to topic topic-f3b76e78_610a_4d11_9005_1486890bd681
2025-08-06 15:37:38,886 INFO  [io.api.tes.ser.api.KafkaSerdesTester] (Thread-688) Sending message {"key11754494646777": "value-8", "key21754494651914": "value-8"} to topic topic-f3b76e78_610a_4d11_9005_1486890bd681
2025-08-06 15:37:38,891 INFO  [io.api.tes.ser.api.KafkaSerdesTester] (Thread-688) Sending message {"key11754494646777": "value-9", "key21754494651914": "value-9"} to topic topic-f3b76e78_610a_4d11_9005_1486890bd681
2025-08-06 15:37:38,894 INFO  [io.api.tes.ser.api.KafkaSerdesTester] (Thread-688) Produced 10 messages
2025-08-06 15:37:38,894 INFO  [org.apa.kaf.cli.pro.KafkaProducer] (Thread-688) [Producer clientId=Producer-topic-f3b76e78_610a_4d11_9005_1486890bd681] Closing the Kafka producer with timeoutMillis = 9223372036854775807 ms.
2025-08-06 15:37:38,898 INFO  [org.apa.kaf.com.met.Metrics] (Thread-688) Metrics scheduler closed
2025-08-06 15:37:38,898 INFO  [org.apa.kaf.com.met.Metrics] (Thread-688) Closing reporter org.apache.kafka.common.metrics.JmxReporter
2025-08-06 15:37:38,898 INFO  [org.apa.kaf.com.met.Metrics] (Thread-688) Closing reporter org.apache.kafka.common.telemetry.internals.ClientTelemetryReporter
2025-08-06 15:37:38,898 INFO  [org.apa.kaf.com.met.Metrics] (Thread-688) Metrics reporters closed
2025-08-06 15:37:38,898 INFO  [org.apa.kaf.com.uti.AppInfoParser] (Thread-688) App info kafka.producer for Producer-topic-f3b76e78_610a_4d11_9005_1486890bd681 unregistered
**** Registry Base URL: http://registry-app-pg17.apps.ci419.apicurio-testing.org:80
2025-08-06 15:37:38,899 INFO  [org.apa.kaf.cli.pro.ProducerConfig] (main) ProducerConfig values: 
	acks = -1
	auto.include.jmx.reporter = true
	batch.size = 16384
	bootstrap.servers = [PLAINTEXT://localhost:32769]
	buffer.memory = 33554432
	client.dns.lookup = use_all_dns_ips
	client.id = Producer-topic-f3b76e78_610a_4d11_9005_1486890bd681
	compression.gzip.level = -1
	compression.lz4.level = 9
	compression.type = none
	compression.zstd.level = 3
	connections.max.idle.ms = 10000
	delivery.timeout.ms = 120000
	enable.idempotence = true
	enable.metrics.push = true
	interceptor.classes = []
	key.serializer = class org.apache.kafka.common.serialization.StringSerializer
	linger.ms = 0
	max.block.ms = 60000
	max.in.flight.requests.per.connection = 5
	max.request.size = 1048576
	metadata.max.age.ms = 300000
	metadata.max.idle.ms = 300000
	metadata.recovery.strategy = none
	metric.reporters = []
	metrics.num.samples = 2
	metrics.recording.level = INFO
	metrics.sample.window.ms = 30000
	partitioner.adaptive.partitioning.enable = true
	partitioner.availability.timeout.ms = 0
	partitioner.class = null
	partitioner.ignore.keys = false
	receive.buffer.bytes = 32768
	reconnect.backoff.max.ms = 1000
	reconnect.backoff.ms = 50
	request.timeout.ms = 5000
	retries = 2147483647
	retry.backoff.max.ms = 1000
	retry.backoff.ms = 100
	sasl.client.callback.handler.class = null
	sasl.jaas.config = null
	sasl.kerberos.kinit.cmd = /usr/bin/kinit
	sasl.kerberos.min.time.before.relogin = 60000
	sasl.kerberos.service.name = null
	sasl.kerberos.ticket.renew.jitter = 0.05
	sasl.kerberos.ticket.renew.window.factor = 0.8
	sasl.login.callback.handler.class = null
	sasl.login.class = null
	sasl.login.connect.timeout.ms = null
	sasl.login.read.timeout.ms = null
	sasl.login.refresh.buffer.seconds = 300
	sasl.login.refresh.min.period.seconds = 60
	sasl.login.refresh.window.factor = 0.8
	sasl.login.refresh.window.jitter = 0.05
	sasl.login.retry.backoff.max.ms = 10000
	sasl.login.retry.backoff.ms = 100
	sasl.mechanism = GSSAPI
	sasl.oauthbearer.clock.skew.seconds = 30
	sasl.oauthbearer.expected.audience = null
	sasl.oauthbearer.expected.issuer = null
	sasl.oauthbearer.header.urlencode = false
	sasl.oauthbearer.jwks.endpoint.refresh.ms = 3600000
	sasl.oauthbearer.jwks.endpoint.retry.backoff.max.ms = 10000
	sasl.oauthbearer.jwks.endpoint.retry.backoff.ms = 100
	sasl.oauthbearer.jwks.endpoint.url = null
	sasl.oauthbearer.scope.claim.name = scope
	sasl.oauthbearer.sub.claim.name = sub
	sasl.oauthbearer.token.endpoint.url = null
	security.protocol = PLAINTEXT
	security.providers = null
	send.buffer.bytes = 131072
	socket.connection.setup.timeout.max.ms = 30000
	socket.connection.setup.timeout.ms = 10000
	ssl.cipher.suites = null
	ssl.enabled.protocols = [TLSv1.2, TLSv1.3]
	ssl.endpoint.identification.algorithm = https
	ssl.engine.factory.class = null
	ssl.key.password = null
	ssl.keymanager.algorithm = SunX509
	ssl.keystore.certificate.chain = null
	ssl.keystore.key = null
	ssl.keystore.location = null
	ssl.keystore.password = null
	ssl.keystore.type = JKS
	ssl.protocol = TLSv1.3
	ssl.provider = null
	ssl.secure.random.implementation = null
	ssl.trustmanager.algorithm = PKIX
	ssl.truststore.certificates = null
	ssl.truststore.location = null
	ssl.truststore.password = null
	ssl.truststore.type = JKS
	transaction.timeout.ms = 60000
	transactional.id = null
	value.serializer = class io.apicurio.registry.serde.avro.AvroKafkaSerializer

2025-08-06 15:37:38,899 INFO  [org.apa.kaf.com.tel.int.KafkaMetricsCollector] (main) initializing Kafka metrics collector
2025-08-06 15:37:38,906 INFO  [org.apa.kaf.cli.pro.KafkaProducer] (main) [Producer clientId=Producer-topic-f3b76e78_610a_4d11_9005_1486890bd681] Instantiated an idempotent producer.
2025-08-06 15:37:38,909 INFO  [org.apa.kaf.cli.pro.ProducerConfig] (main) These configurations '[apicurio.registry.url, apicurio.registry.artifact-resolver-strategy]' were supplied but are not used yet.
2025-08-06 15:37:38,909 INFO  [org.apa.kaf.com.uti.AppInfoParser] (main) Kafka version: 3.9.1
2025-08-06 15:37:38,909 INFO  [org.apa.kaf.com.uti.AppInfoParser] (main) Kafka commitId: f745dfdcee2b9851
2025-08-06 15:37:38,909 INFO  [org.apa.kaf.com.uti.AppInfoParser] (main) Kafka startTimeMs: 1754494658909
2025-08-06 15:37:38,911 INFO  [io.api.tes.ser.api.KafkaSerdesTester] (Thread-691) Sending message {"key11754494646777": "value-0"} to topic topic-f3b76e78_610a_4d11_9005_1486890bd681
2025-08-06 15:37:38,915 INFO  [org.apa.kaf.cli.Metadata] (kafka-producer-network-thread | Producer-topic-f3b76e78_610a_4d11_9005_1486890bd681) [Producer clientId=Producer-topic-f3b76e78_610a_4d11_9005_1486890bd681] Cluster ID: xNUQX5UBRx2CPqcHCglV-w
2025-08-06 15:37:38,916 INFO  [org.apa.kaf.cli.pro.int.TransactionManager] (kafka-producer-network-thread | Producer-topic-f3b76e78_610a_4d11_9005_1486890bd681) [Producer clientId=Producer-topic-f3b76e78_610a_4d11_9005_1486890bd681] ProducerId set to 17 with epoch 0
2025-08-06 15:37:38,916 INFO  [DefaultSchemaResolver] (Thread-691) Retrieving schema content using string: {"type":"record","name":"s38afddcax1d16x4766xa24fx1df1b6f1cbbe","namespace":"ns_5a16a2a7_19ce_4bfd_8ed6_2ba2a07abf47","fields":[{"name":"key11754494646777","type":"string"}]}
2025-08-06 15:37:39,074 INFO  [io.api.tes.ser.api.KafkaSerdesTester] (Thread-691) Sending message {"key11754494646777": "value-1"} to topic topic-f3b76e78_610a_4d11_9005_1486890bd681
2025-08-06 15:37:39,078 INFO  [io.api.tes.ser.api.KafkaSerdesTester] (Thread-691) Sending message {"key11754494646777": "value-2"} to topic topic-f3b76e78_610a_4d11_9005_1486890bd681
2025-08-06 15:37:39,080 INFO  [io.api.tes.ser.api.KafkaSerdesTester] (Thread-691) Sending message {"key11754494646777": "value-3"} to topic topic-f3b76e78_610a_4d11_9005_1486890bd681
2025-08-06 15:37:39,081 INFO  [io.api.tes.ser.api.KafkaSerdesTester] (Thread-691) Sending message {"key11754494646777": "value-4"} to topic topic-f3b76e78_610a_4d11_9005_1486890bd681
2025-08-06 15:37:39,083 INFO  [io.api.tes.ser.api.KafkaSerdesTester] (Thread-691) Sending message {"key11754494646777": "value-5"} to topic topic-f3b76e78_610a_4d11_9005_1486890bd681
2025-08-06 15:37:39,084 INFO  [io.api.tes.ser.api.KafkaSerdesTester] (Thread-691) Sending message {"key11754494646777": "value-6"} to topic topic-f3b76e78_610a_4d11_9005_1486890bd681
2025-08-06 15:37:39,085 INFO  [io.api.tes.ser.api.KafkaSerdesTester] (Thread-691) Sending message {"key11754494646777": "value-7"} to topic topic-f3b76e78_610a_4d11_9005_1486890bd681
2025-08-06 15:37:39,086 INFO  [io.api.tes.ser.api.KafkaSerdesTester] (Thread-691) Sending message {"key11754494646777": "value-8"} to topic topic-f3b76e78_610a_4d11_9005_1486890bd681
2025-08-06 15:37:39,087 INFO  [io.api.tes.ser.api.KafkaSerdesTester] (Thread-691) Sending message {"key11754494646777": "value-9"} to topic topic-f3b76e78_610a_4d11_9005_1486890bd681
2025-08-06 15:37:39,088 INFO  [io.api.tes.ser.api.KafkaSerdesTester] (Thread-691) Produced 10 messages
2025-08-06 15:37:39,089 INFO  [org.apa.kaf.cli.pro.KafkaProducer] (Thread-691) [Producer clientId=Producer-topic-f3b76e78_610a_4d11_9005_1486890bd681] Closing the Kafka producer with timeoutMillis = 9223372036854775807 ms.
2025-08-06 15:37:39,091 INFO  [org.apa.kaf.com.met.Metrics] (Thread-691) Metrics scheduler closed
2025-08-06 15:37:39,091 INFO  [org.apa.kaf.com.met.Metrics] (Thread-691) Closing reporter org.apache.kafka.common.metrics.JmxReporter
2025-08-06 15:37:39,091 INFO  [org.apa.kaf.com.met.Metrics] (Thread-691) Closing reporter org.apache.kafka.common.telemetry.internals.ClientTelemetryReporter
2025-08-06 15:37:39,091 INFO  [org.apa.kaf.com.met.Metrics] (Thread-691) Metrics reporters closed
2025-08-06 15:37:39,092 INFO  [org.apa.kaf.com.uti.AppInfoParser] (Thread-691) App info kafka.producer for Producer-topic-f3b76e78_610a_4d11_9005_1486890bd681 unregistered
**** Registry Base URL: http://registry-app-pg17.apps.ci419.apicurio-testing.org:80
2025-08-06 15:37:39,092 INFO  [org.apa.kaf.cli.con.ConsumerConfig] (main) ConsumerConfig values: 
	allow.auto.create.topics = true
	auto.commit.interval.ms = 500
	auto.include.jmx.reporter = true
	auto.offset.reset = earliest
	bootstrap.servers = [PLAINTEXT://localhost:32769]
	check.crcs = true
	client.dns.lookup = use_all_dns_ips
	client.id = consumer-Consumer-topic-f3b76e78_610a_4d11_9005_1486890bd681-12
	client.rack = 
	connections.max.idle.ms = 10000
	default.api.timeout.ms = 60000
	enable.auto.commit = true
	enable.metrics.push = true
	exclude.internal.topics = true
	fetch.max.bytes = 52428800
	fetch.max.wait.ms = 500
	fetch.min.bytes = 1
	group.id = Consumer-topic-f3b76e78_610a_4d11_9005_1486890bd681
	group.instance.id = null
	group.protocol = classic
	group.remote.assignor = null
	heartbeat.interval.ms = 3000
	interceptor.classes = []
	internal.leave.group.on.close = true
	internal.throw.on.fetch.stable.offset.unsupported = false
	isolation.level = read_uncommitted
	key.deserializer = class org.apache.kafka.common.serialization.StringDeserializer
	max.partition.fetch.bytes = 1048576
	max.poll.interval.ms = 300000
	max.poll.records = 500
	metadata.max.age.ms = 300000
	metadata.recovery.strategy = none
	metric.reporters = []
	metrics.num.samples = 2
	metrics.recording.level = INFO
	metrics.sample.window.ms = 30000
	partition.assignment.strategy = [class org.apache.kafka.clients.consumer.RangeAssignor, class org.apache.kafka.clients.consumer.CooperativeStickyAssignor]
	receive.buffer.bytes = 65536
	reconnect.backoff.max.ms = 1000
	reconnect.backoff.ms = 50
	request.timeout.ms = 5000
	retry.backoff.max.ms = 1000
	retry.backoff.ms = 100
	sasl.client.callback.handler.class = null
	sasl.jaas.config = null
	sasl.kerberos.kinit.cmd = /usr/bin/kinit
	sasl.kerberos.min.time.before.relogin = 60000
	sasl.kerberos.service.name = null
	sasl.kerberos.ticket.renew.jitter = 0.05
	sasl.kerberos.ticket.renew.window.factor = 0.8
	sasl.login.callback.handler.class = null
	sasl.login.class = null
	sasl.login.connect.timeout.ms = null
	sasl.login.read.timeout.ms = null
	sasl.login.refresh.buffer.seconds = 300
	sasl.login.refresh.min.period.seconds = 60
	sasl.login.refresh.window.factor = 0.8
	sasl.login.refresh.window.jitter = 0.05
	sasl.login.retry.backoff.max.ms = 10000
	sasl.login.retry.backoff.ms = 100
	sasl.mechanism = GSSAPI
	sasl.oauthbearer.clock.skew.seconds = 30
	sasl.oauthbearer.expected.audience = null
	sasl.oauthbearer.expected.issuer = null
	sasl.oauthbearer.header.urlencode = false
	sasl.oauthbearer.jwks.endpoint.refresh.ms = 3600000
	sasl.oauthbearer.jwks.endpoint.retry.backoff.max.ms = 10000
	sasl.oauthbearer.jwks.endpoint.retry.backoff.ms = 100
	sasl.oauthbearer.jwks.endpoint.url = null
	sasl.oauthbearer.scope.claim.name = scope
	sasl.oauthbearer.sub.claim.name = sub
	sasl.oauthbearer.token.endpoint.url = null
	security.protocol = PLAINTEXT
	security.providers = null
	send.buffer.bytes = 131072
	session.timeout.ms = 45000
	socket.connection.setup.timeout.max.ms = 30000
	socket.connection.setup.timeout.ms = 10000
	ssl.cipher.suites = null
	ssl.enabled.protocols = [TLSv1.2, TLSv1.3]
	ssl.endpoint.identification.algorithm = https
	ssl.engine.factory.class = null
	ssl.key.password = null
	ssl.keymanager.algorithm = SunX509
	ssl.keystore.certificate.chain = null
	ssl.keystore.key = null
	ssl.keystore.location = null
	ssl.keystore.password = null
	ssl.keystore.type = JKS
	ssl.protocol = TLSv1.3
	ssl.provider = null
	ssl.secure.random.implementation = null
	ssl.trustmanager.algorithm = PKIX
	ssl.truststore.certificates = null
	ssl.truststore.location = null
	ssl.truststore.password = null
	ssl.truststore.type = JKS
	value.deserializer = class io.apicurio.registry.serde.avro.AvroKafkaDeserializer

2025-08-06 15:37:39,093 INFO  [org.apa.kaf.com.tel.int.KafkaMetricsCollector] (main) initializing Kafka metrics collector
2025-08-06 15:37:39,098 INFO  [org.apa.kaf.cli.con.ConsumerConfig] (main) These configurations '[apicurio.registry.url]' were supplied but are not used yet.
2025-08-06 15:37:39,098 INFO  [org.apa.kaf.com.uti.AppInfoParser] (main) Kafka version: 3.9.1
2025-08-06 15:37:39,098 INFO  [org.apa.kaf.com.uti.AppInfoParser] (main) Kafka commitId: f745dfdcee2b9851
2025-08-06 15:37:39,098 INFO  [org.apa.kaf.com.uti.AppInfoParser] (main) Kafka startTimeMs: 1754494659098
2025-08-06 15:37:39,098 INFO  [org.apa.kaf.cli.con.int.ClassicKafkaConsumer] (Thread-694) [Consumer clientId=consumer-Consumer-topic-f3b76e78_610a_4d11_9005_1486890bd681-12, groupId=Consumer-topic-f3b76e78_610a_4d11_9005_1486890bd681] Subscribed to topic(s): topic-f3b76e78_610a_4d11_9005_1486890bd681
2025-08-06 15:37:39,102 INFO  [org.apa.kaf.cli.Metadata] (Thread-694) [Consumer clientId=consumer-Consumer-topic-f3b76e78_610a_4d11_9005_1486890bd681-12, groupId=Consumer-topic-f3b76e78_610a_4d11_9005_1486890bd681] Cluster ID: xNUQX5UBRx2CPqcHCglV-w
2025-08-06 15:37:39,103 INFO  [org.apa.kaf.cli.con.int.ConsumerCoordinator] (Thread-694) [Consumer clientId=consumer-Consumer-topic-f3b76e78_610a_4d11_9005_1486890bd681-12, groupId=Consumer-topic-f3b76e78_610a_4d11_9005_1486890bd681] Discovered group coordinator localhost:32769 (id: 2147483647 rack: null)
2025-08-06 15:37:39,104 INFO  [org.apa.kaf.cli.con.int.ConsumerCoordinator] (Thread-694) [Consumer clientId=consumer-Consumer-topic-f3b76e78_610a_4d11_9005_1486890bd681-12, groupId=Consumer-topic-f3b76e78_610a_4d11_9005_1486890bd681] (Re-)joining group
2025-08-06 15:37:39,105 INFO  [org.apa.kaf.cli.con.int.ConsumerCoordinator] (Thread-694) [Consumer clientId=consumer-Consumer-topic-f3b76e78_610a_4d11_9005_1486890bd681-12, groupId=Consumer-topic-f3b76e78_610a_4d11_9005_1486890bd681] Request joining group due to: need to re-join with the given member-id: consumer-Consumer-topic-f3b76e78_610a_4d11_9005_1486890bd681-12-9715921a-069c-4176-bc79-e49f1f6ef157
2025-08-06 15:37:39,106 INFO  [org.apa.kaf.cli.con.int.ConsumerCoordinator] (Thread-694) [Consumer clientId=consumer-Consumer-topic-f3b76e78_610a_4d11_9005_1486890bd681-12, groupId=Consumer-topic-f3b76e78_610a_4d11_9005_1486890bd681] (Re-)joining group
2025-08-06 15:37:40,098 INFO  [io.api.tes.ser.api.KafkaSerdesTester] (Thread-694) None found
2025-08-06 15:37:41,099 INFO  [io.api.tes.ser.api.KafkaSerdesTester] (Thread-694) None found
2025-08-06 15:37:42,099 INFO  [io.api.tes.ser.api.KafkaSerdesTester] (Thread-694) None found
2025-08-06 15:37:42,107 INFO  [org.apa.kaf.cli.con.int.ConsumerCoordinator] (Thread-694) [Consumer clientId=consumer-Consumer-topic-f3b76e78_610a_4d11_9005_1486890bd681-12, groupId=Consumer-topic-f3b76e78_610a_4d11_9005_1486890bd681] Successfully joined group with generation Generation{generationId=5, memberId='consumer-Consumer-topic-f3b76e78_610a_4d11_9005_1486890bd681-12-9715921a-069c-4176-bc79-e49f1f6ef157', protocol='range'}
2025-08-06 15:37:42,107 INFO  [org.apa.kaf.cli.con.int.ConsumerCoordinator] (Thread-694) [Consumer clientId=consumer-Consumer-topic-f3b76e78_610a_4d11_9005_1486890bd681-12, groupId=Consumer-topic-f3b76e78_610a_4d11_9005_1486890bd681] Finished assignment for group at generation 5: {consumer-Consumer-topic-f3b76e78_610a_4d11_9005_1486890bd681-12-9715921a-069c-4176-bc79-e49f1f6ef157=Assignment(partitions=[topic-f3b76e78_610a_4d11_9005_1486890bd681-0])}
2025-08-06 15:37:42,114 INFO  [org.apa.kaf.cli.con.int.ConsumerCoordinator] (Thread-694) [Consumer clientId=consumer-Consumer-topic-f3b76e78_610a_4d11_9005_1486890bd681-12, groupId=Consumer-topic-f3b76e78_610a_4d11_9005_1486890bd681] Successfully synced group in generation Generation{generationId=5, memberId='consumer-Consumer-topic-f3b76e78_610a_4d11_9005_1486890bd681-12-9715921a-069c-4176-bc79-e49f1f6ef157', protocol='range'}
2025-08-06 15:37:42,114 INFO  [org.apa.kaf.cli.con.int.ConsumerCoordinator] (Thread-694) [Consumer clientId=consumer-Consumer-topic-f3b76e78_610a_4d11_9005_1486890bd681-12, groupId=Consumer-topic-f3b76e78_610a_4d11_9005_1486890bd681] Notifying assignor about the new Assignment(partitions=[topic-f3b76e78_610a_4d11_9005_1486890bd681-0])
2025-08-06 15:37:42,114 INFO  [org.apa.kaf.cli.con.int.ConsumerRebalanceListenerInvoker] (Thread-694) [Consumer clientId=consumer-Consumer-topic-f3b76e78_610a_4d11_9005_1486890bd681-12, groupId=Consumer-topic-f3b76e78_610a_4d11_9005_1486890bd681] Adding newly assigned partitions: topic-f3b76e78_610a_4d11_9005_1486890bd681-0
2025-08-06 15:37:42,115 INFO  [org.apa.kaf.cli.con.int.ConsumerUtils] (Thread-694) Setting offset for partition topic-f3b76e78_610a_4d11_9005_1486890bd681-0 to the committed offset FetchPosition{offset=30, offsetEpoch=Optional[0], currentLeader=LeaderAndEpoch{leader=Optional[localhost:32769 (id: 0 rack: null)], epoch=0}}
2025-08-06 15:37:42,627 INFO  [io.api.tes.ser.api.KafkaSerdesTester] (Thread-694) topic-f3b76e78_610a_4d11_9005_1486890bd681 0 30 {"key11754494646777": "value-0", "key21754494651914": "value-0", "key31754494657366": "value-0"}
2025-08-06 15:37:42,627 INFO  [io.api.tes.ser.api.KafkaSerdesTester] (Thread-694) topic-f3b76e78_610a_4d11_9005_1486890bd681 0 31 {"key11754494646777": "value-1", "key21754494651914": "value-1", "key31754494657366": "value-1"}
2025-08-06 15:37:42,627 INFO  [io.api.tes.ser.api.KafkaSerdesTester] (Thread-694) topic-f3b76e78_610a_4d11_9005_1486890bd681 0 32 {"key11754494646777": "value-2", "key21754494651914": "value-2", "key31754494657366": "value-2"}
2025-08-06 15:37:42,627 INFO  [io.api.tes.ser.api.KafkaSerdesTester] (Thread-694) topic-f3b76e78_610a_4d11_9005_1486890bd681 0 33 {"key11754494646777": "value-3", "key21754494651914": "value-3", "key31754494657366": "value-3"}
2025-08-06 15:37:42,627 INFO  [io.api.tes.ser.api.KafkaSerdesTester] (Thread-694) topic-f3b76e78_610a_4d11_9005_1486890bd681 0 34 {"key11754494646777": "value-4", "key21754494651914": "value-4", "key31754494657366": "value-4"}
2025-08-06 15:37:42,627 INFO  [io.api.tes.ser.api.KafkaSerdesTester] (Thread-694) topic-f3b76e78_610a_4d11_9005_1486890bd681 0 35 {"key11754494646777": "value-5", "key21754494651914": "value-5", "key31754494657366": "value-5"}
2025-08-06 15:37:42,627 INFO  [io.api.tes.ser.api.KafkaSerdesTester] (Thread-694) topic-f3b76e78_610a_4d11_9005_1486890bd681 0 36 {"key11754494646777": "value-6", "key21754494651914": "value-6", "key31754494657366": "value-6"}
2025-08-06 15:37:42,627 INFO  [io.api.tes.ser.api.KafkaSerdesTester] (Thread-694) topic-f3b76e78_610a_4d11_9005_1486890bd681 0 37 {"key11754494646777": "value-7", "key21754494651914": "value-7", "key31754494657366": "value-7"}
2025-08-06 15:37:42,627 INFO  [io.api.tes.ser.api.KafkaSerdesTester] (Thread-694) topic-f3b76e78_610a_4d11_9005_1486890bd681 0 38 {"key11754494646777": "value-8", "key21754494651914": "value-8", "key31754494657366": "value-8"}
2025-08-06 15:37:42,627 INFO  [io.api.tes.ser.api.KafkaSerdesTester] (Thread-694) topic-f3b76e78_610a_4d11_9005_1486890bd681 0 39 {"key11754494646777": "value-9", "key21754494651914": "value-9", "key31754494657366": "value-9"}
2025-08-06 15:37:42,627 INFO  [io.api.tes.ser.api.KafkaSerdesTester] (Thread-694) topic-f3b76e78_610a_4d11_9005_1486890bd681 0 40 {"key11754494646777": "value-0", "key21754494651914": "value-0"}
2025-08-06 15:37:42,627 INFO  [io.api.tes.ser.api.KafkaSerdesTester] (Thread-694) topic-f3b76e78_610a_4d11_9005_1486890bd681 0 41 {"key11754494646777": "value-1", "key21754494651914": "value-1"}
2025-08-06 15:37:42,627 INFO  [io.api.tes.ser.api.KafkaSerdesTester] (Thread-694) topic-f3b76e78_610a_4d11_9005_1486890bd681 0 42 {"key11754494646777": "value-2", "key21754494651914": "value-2"}
2025-08-06 15:37:42,627 INFO  [io.api.tes.ser.api.KafkaSerdesTester] (Thread-694) topic-f3b76e78_610a_4d11_9005_1486890bd681 0 43 {"key11754494646777": "value-3", "key21754494651914": "value-3"}
2025-08-06 15:37:42,628 INFO  [io.api.tes.ser.api.KafkaSerdesTester] (Thread-694) topic-f3b76e78_610a_4d11_9005_1486890bd681 0 44 {"key11754494646777": "value-4", "key21754494651914": "value-4"}
2025-08-06 15:37:42,628 INFO  [io.api.tes.ser.api.KafkaSerdesTester] (Thread-694) topic-f3b76e78_610a_4d11_9005_1486890bd681 0 45 {"key11754494646777": "value-5", "key21754494651914": "value-5"}
2025-08-06 15:37:42,628 INFO  [io.api.tes.ser.api.KafkaSerdesTester] (Thread-694) topic-f3b76e78_610a_4d11_9005_1486890bd681 0 46 {"key11754494646777": "value-6", "key21754494651914": "value-6"}
2025-08-06 15:37:42,628 INFO  [io.api.tes.ser.api.KafkaSerdesTester] (Thread-694) topic-f3b76e78_610a_4d11_9005_1486890bd681 0 47 {"key11754494646777": "value-7", "key21754494651914": "value-7"}
2025-08-06 15:37:42,628 INFO  [io.api.tes.ser.api.KafkaSerdesTester] (Thread-694) topic-f3b76e78_610a_4d11_9005_1486890bd681 0 48 {"key11754494646777": "value-8", "key21754494651914": "value-8"}
2025-08-06 15:37:42,628 INFO  [io.api.tes.ser.api.KafkaSerdesTester] (Thread-694) topic-f3b76e78_610a_4d11_9005_1486890bd681 0 49 {"key11754494646777": "value-9", "key21754494651914": "value-9"}
2025-08-06 15:37:42,628 INFO  [io.api.tes.ser.api.KafkaSerdesTester] (Thread-694) topic-f3b76e78_610a_4d11_9005_1486890bd681 0 50 {"key11754494646777": "value-0"}
2025-08-06 15:37:42,628 INFO  [io.api.tes.ser.api.KafkaSerdesTester] (Thread-694) topic-f3b76e78_610a_4d11_9005_1486890bd681 0 51 {"key11754494646777": "value-1"}
2025-08-06 15:37:42,628 INFO  [io.api.tes.ser.api.KafkaSerdesTester] (Thread-694) topic-f3b76e78_610a_4d11_9005_1486890bd681 0 52 {"key11754494646777": "value-2"}
2025-08-06 15:37:42,628 INFO  [io.api.tes.ser.api.KafkaSerdesTester] (Thread-694) topic-f3b76e78_610a_4d11_9005_1486890bd681 0 53 {"key11754494646777": "value-3"}
2025-08-06 15:37:42,628 INFO  [io.api.tes.ser.api.KafkaSerdesTester] (Thread-694) topic-f3b76e78_610a_4d11_9005_1486890bd681 0 54 {"key11754494646777": "value-4"}
2025-08-06 15:37:42,628 INFO  [io.api.tes.ser.api.KafkaSerdesTester] (Thread-694) topic-f3b76e78_610a_4d11_9005_1486890bd681 0 55 {"key11754494646777": "value-5"}
2025-08-06 15:37:42,628 INFO  [io.api.tes.ser.api.KafkaSerdesTester] (Thread-694) topic-f3b76e78_610a_4d11_9005_1486890bd681 0 56 {"key11754494646777": "value-6"}
2025-08-06 15:37:42,628 INFO  [io.api.tes.ser.api.KafkaSerdesTester] (Thread-694) topic-f3b76e78_610a_4d11_9005_1486890bd681 0 57 {"key11754494646777": "value-7"}
2025-08-06 15:37:42,628 INFO  [io.api.tes.ser.api.KafkaSerdesTester] (Thread-694) topic-f3b76e78_610a_4d11_9005_1486890bd681 0 58 {"key11754494646777": "value-8"}
2025-08-06 15:37:42,628 INFO  [io.api.tes.ser.api.KafkaSerdesTester] (Thread-694) topic-f3b76e78_610a_4d11_9005_1486890bd681 0 59 {"key11754494646777": "value-9"}
2025-08-06 15:37:42,628 INFO  [io.api.tes.ser.api.KafkaSerdesTester] (Thread-694) Consumed 30 messages
2025-08-06 15:37:42,635 INFO  [org.apa.kaf.cli.con.int.ConsumerRebalanceListenerInvoker] (Thread-694) [Consumer clientId=consumer-Consumer-topic-f3b76e78_610a_4d11_9005_1486890bd681-12, groupId=Consumer-topic-f3b76e78_610a_4d11_9005_1486890bd681] Revoke previously assigned partitions topic-f3b76e78_610a_4d11_9005_1486890bd681-0
2025-08-06 15:37:42,635 INFO  [org.apa.kaf.cli.con.int.ConsumerCoordinator] (Thread-694) [Consumer clientId=consumer-Consumer-topic-f3b76e78_610a_4d11_9005_1486890bd681-12, groupId=Consumer-topic-f3b76e78_610a_4d11_9005_1486890bd681] Member consumer-Consumer-topic-f3b76e78_610a_4d11_9005_1486890bd681-12-9715921a-069c-4176-bc79-e49f1f6ef157 sending LeaveGroup request to coordinator localhost:32769 (id: 2147483647 rack: null) due to the consumer is being closed
2025-08-06 15:37:42,635 INFO  [org.apa.kaf.cli.con.int.ConsumerCoordinator] (Thread-694) [Consumer clientId=consumer-Consumer-topic-f3b76e78_610a_4d11_9005_1486890bd681-12, groupId=Consumer-topic-f3b76e78_610a_4d11_9005_1486890bd681] Resetting generation and member id due to: consumer pro-actively leaving the group
2025-08-06 15:37:42,635 INFO  [org.apa.kaf.cli.con.int.ConsumerCoordinator] (Thread-694) [Consumer clientId=consumer-Consumer-topic-f3b76e78_610a_4d11_9005_1486890bd681-12, groupId=Consumer-topic-f3b76e78_610a_4d11_9005_1486890bd681] Request joining group due to: consumer pro-actively leaving the group
2025-08-06 15:37:43,129 INFO  [org.apa.kaf.com.met.Metrics] (Thread-694) Metrics scheduler closed
2025-08-06 15:37:43,129 INFO  [org.apa.kaf.com.met.Metrics] (Thread-694) Closing reporter org.apache.kafka.common.metrics.JmxReporter
2025-08-06 15:37:43,129 INFO  [org.apa.kaf.com.met.Metrics] (Thread-694) Closing reporter org.apache.kafka.common.telemetry.internals.ClientTelemetryReporter
2025-08-06 15:37:43,129 INFO  [org.apa.kaf.com.met.Metrics] (Thread-694) Metrics reporters closed
2025-08-06 15:37:43,131 INFO  [org.apa.kaf.com.uti.AppInfoParser] (Thread-694) App info kafka.consumer for consumer-Consumer-topic-f3b76e78_610a_4d11_9005_1486890bd681-12 unregistered
2025-08-06 15:37:43,132 INFO  [org.apa.kaf.cli.pro.KafkaProducer] (main) [Producer clientId=Producer-topic-f3b76e78_610a_4d11_9005_1486890bd681] Closing the Kafka producer with timeoutMillis = 9223372036854775807 ms.
2025-08-06 15:37:43,132 INFO  [org.apa.kaf.com.met.Metrics] (main) Metrics scheduler closed
2025-08-06 15:37:43,132 INFO  [org.apa.kaf.com.met.Metrics] (main) Closing reporter org.apache.kafka.common.metrics.JmxReporter
2025-08-06 15:37:43,132 INFO  [org.apa.kaf.com.met.Metrics] (main) Closing reporter org.apache.kafka.common.telemetry.internals.ClientTelemetryReporter
2025-08-06 15:37:43,132 INFO  [org.apa.kaf.com.met.Metrics] (main) Metrics reporters closed
2025-08-06 15:37:43,132 INFO  [org.apa.kaf.com.uti.AppInfoParser] (main) App info kafka.producer for Producer-topic-f3b76e78_610a_4d11_9005_1486890bd681 unregistered
2025-08-06 15:37:43,132 INFO  [io.api.tes.uti.TestSeparator] (main) io.apicurio.tests.serdes.apicurio.AvroSerdeIT.testEvolveAvroApicurio-FINISHED
2025-08-06 15:37:43,132 INFO  [io.api.tes.uti.TestSeparator] (main) ############################################################################
Test passed: testEvolveAvroApicurio
]]></system-out>
  </testcase>
  <testcase name="testTopicRecordIdStrategydFindLatest" classname="io.apicurio.tests.serdes.apicurio.AvroSerdeIT" time="5.248">
    <system-out><![CDATA[2025-08-06 15:37:43,134 INFO  [io.api.tes.uti.TestSeparator] (main) ############################################################################
2025-08-06 15:37:43,134 INFO  [io.api.tes.uti.TestSeparator] (main) io.apicurio.tests.serdes.apicurio.AvroSerdeIT.testTopicRecordIdStrategydFindLatest-STARTED
2025-08-06 15:37:43,135 INFO  [io.api.tes.ser.api.AvroSerdeIT] (main) Registering Avro Schema: {"type":"record","name":"s7b529646xb514x4096xbdcax444a7a068336","namespace":"sd3d89da8xd2b9x4dc2xa47ax0248c1de4619","fields":[{"name":"key11754494663134","type":"string"}]}
**** Registry Base URL: http://registry-app-pg17.apps.ci419.apicurio-testing.org:80
2025-08-06 15:37:44,293 INFO  [org.apa.kaf.cli.pro.ProducerConfig] (main) ProducerConfig values: 
	acks = -1
	auto.include.jmx.reporter = true
	batch.size = 16384
	bootstrap.servers = [PLAINTEXT://localhost:32769]
	buffer.memory = 33554432
	client.dns.lookup = use_all_dns_ips
	client.id = Producer-topic-3c173ca0_5348_4097_a010_6920dead0737
	compression.gzip.level = -1
	compression.lz4.level = 9
	compression.type = none
	compression.zstd.level = 3
	connections.max.idle.ms = 10000
	delivery.timeout.ms = 120000
	enable.idempotence = true
	enable.metrics.push = true
	interceptor.classes = []
	key.serializer = class org.apache.kafka.common.serialization.StringSerializer
	linger.ms = 0
	max.block.ms = 60000
	max.in.flight.requests.per.connection = 5
	max.request.size = 1048576
	metadata.max.age.ms = 300000
	metadata.max.idle.ms = 300000
	metadata.recovery.strategy = none
	metric.reporters = []
	metrics.num.samples = 2
	metrics.recording.level = INFO
	metrics.sample.window.ms = 30000
	partitioner.adaptive.partitioning.enable = true
	partitioner.availability.timeout.ms = 0
	partitioner.class = null
	partitioner.ignore.keys = false
	receive.buffer.bytes = 32768
	reconnect.backoff.max.ms = 1000
	reconnect.backoff.ms = 50
	request.timeout.ms = 5000
	retries = 2147483647
	retry.backoff.max.ms = 1000
	retry.backoff.ms = 100
	sasl.client.callback.handler.class = null
	sasl.jaas.config = null
	sasl.kerberos.kinit.cmd = /usr/bin/kinit
	sasl.kerberos.min.time.before.relogin = 60000
	sasl.kerberos.service.name = null
	sasl.kerberos.ticket.renew.jitter = 0.05
	sasl.kerberos.ticket.renew.window.factor = 0.8
	sasl.login.callback.handler.class = null
	sasl.login.class = null
	sasl.login.connect.timeout.ms = null
	sasl.login.read.timeout.ms = null
	sasl.login.refresh.buffer.seconds = 300
	sasl.login.refresh.min.period.seconds = 60
	sasl.login.refresh.window.factor = 0.8
	sasl.login.refresh.window.jitter = 0.05
	sasl.login.retry.backoff.max.ms = 10000
	sasl.login.retry.backoff.ms = 100
	sasl.mechanism = GSSAPI
	sasl.oauthbearer.clock.skew.seconds = 30
	sasl.oauthbearer.expected.audience = null
	sasl.oauthbearer.expected.issuer = null
	sasl.oauthbearer.header.urlencode = false
	sasl.oauthbearer.jwks.endpoint.refresh.ms = 3600000
	sasl.oauthbearer.jwks.endpoint.retry.backoff.max.ms = 10000
	sasl.oauthbearer.jwks.endpoint.retry.backoff.ms = 100
	sasl.oauthbearer.jwks.endpoint.url = null
	sasl.oauthbearer.scope.claim.name = scope
	sasl.oauthbearer.sub.claim.name = sub
	sasl.oauthbearer.token.endpoint.url = null
	security.protocol = PLAINTEXT
	security.providers = null
	send.buffer.bytes = 131072
	socket.connection.setup.timeout.max.ms = 30000
	socket.connection.setup.timeout.ms = 10000
	ssl.cipher.suites = null
	ssl.enabled.protocols = [TLSv1.2, TLSv1.3]
	ssl.endpoint.identification.algorithm = https
	ssl.engine.factory.class = null
	ssl.key.password = null
	ssl.keymanager.algorithm = SunX509
	ssl.keystore.certificate.chain = null
	ssl.keystore.key = null
	ssl.keystore.location = null
	ssl.keystore.password = null
	ssl.keystore.type = JKS
	ssl.protocol = TLSv1.3
	ssl.provider = null
	ssl.secure.random.implementation = null
	ssl.trustmanager.algorithm = PKIX
	ssl.truststore.certificates = null
	ssl.truststore.location = null
	ssl.truststore.password = null
	ssl.truststore.type = JKS
	transaction.timeout.ms = 60000
	transactional.id = null
	value.serializer = class io.apicurio.registry.serde.avro.AvroKafkaSerializer

2025-08-06 15:37:44,293 INFO  [org.apa.kaf.com.tel.int.KafkaMetricsCollector] (main) initializing Kafka metrics collector
2025-08-06 15:37:44,296 INFO  [org.apa.kaf.cli.pro.KafkaProducer] (main) [Producer clientId=Producer-topic-3c173ca0_5348_4097_a010_6920dead0737] Instantiated an idempotent producer.
2025-08-06 15:37:44,297 INFO  [org.apa.kaf.cli.pro.ProducerConfig] (main) These configurations '[apicurio.registry.find-latest, apicurio.registry.url, apicurio.registry.artifact-resolver-strategy]' were supplied but are not used yet.
2025-08-06 15:37:44,298 INFO  [org.apa.kaf.com.uti.AppInfoParser] (main) Kafka version: 3.9.1
2025-08-06 15:37:44,298 INFO  [org.apa.kaf.com.uti.AppInfoParser] (main) Kafka commitId: f745dfdcee2b9851
2025-08-06 15:37:44,298 INFO  [org.apa.kaf.com.uti.AppInfoParser] (main) Kafka startTimeMs: 1754494664297
2025-08-06 15:37:44,298 INFO  [io.api.tes.ser.api.SimpleSerdesTesterBuilder$SimpleSerdesTester] (main) Using producer configuration: {apicurio.registry.find-latest=true, apicurio.registry.url=http://registry-app-pg17.apps.ci419.apicurio-testing.org:80/apis/registry/v3, apicurio.registry.artifact-resolver-strategy=io.apicurio.registry.serde.avro.strategy.TopicRecordIdStrategy, value.serializer=io.apicurio.registry.serde.avro.AvroKafkaSerializer, request.timeout.ms=5000, acks=all, bootstrap.servers=PLAINTEXT://localhost:32769, connections.max.idle.ms=10000, key.serializer=org.apache.kafka.common.serialization.StringSerializer, client.id=Producer-topic-3c173ca0_5348_4097_a010_6920dead0737}
2025-08-06 15:37:44,298 INFO  [io.api.tes.ser.api.SimpleSerdesTesterBuilder$SimpleSerdesTester] (main) Using consumer configuration: {}
2025-08-06 15:37:44,298 INFO  [io.api.tes.ser.api.KafkaSerdesTester] (Thread-697) Sending message {"key11754494663134": "value-0"} to topic topic-3c173ca0_5348_4097_a010_6920dead0737
2025-08-06 15:37:44,301 INFO  [org.apa.kaf.cli.Metadata] (kafka-producer-network-thread | Producer-topic-3c173ca0_5348_4097_a010_6920dead0737) [Producer clientId=Producer-topic-3c173ca0_5348_4097_a010_6920dead0737] Cluster ID: xNUQX5UBRx2CPqcHCglV-w
2025-08-06 15:37:44,301 INFO  [org.apa.kaf.cli.pro.int.TransactionManager] (kafka-producer-network-thread | Producer-topic-3c173ca0_5348_4097_a010_6920dead0737) [Producer clientId=Producer-topic-3c173ca0_5348_4097_a010_6920dead0737] ProducerId set to 18 with epoch 0
2025-08-06 15:37:44,604 INFO  [io.api.tes.ser.api.KafkaSerdesTester] (Thread-697) Sending message {"key11754494663134": "value-1"} to topic topic-3c173ca0_5348_4097_a010_6920dead0737
2025-08-06 15:37:44,605 INFO  [io.api.tes.ser.api.KafkaSerdesTester] (Thread-697) Sending message {"key11754494663134": "value-2"} to topic topic-3c173ca0_5348_4097_a010_6920dead0737
2025-08-06 15:37:44,607 INFO  [io.api.tes.ser.api.KafkaSerdesTester] (Thread-697) Sending message {"key11754494663134": "value-3"} to topic topic-3c173ca0_5348_4097_a010_6920dead0737
2025-08-06 15:37:44,610 INFO  [io.api.tes.ser.api.KafkaSerdesTester] (Thread-697) Sending message {"key11754494663134": "value-4"} to topic topic-3c173ca0_5348_4097_a010_6920dead0737
2025-08-06 15:37:44,612 INFO  [io.api.tes.ser.api.KafkaSerdesTester] (Thread-697) Sending message {"key11754494663134": "value-5"} to topic topic-3c173ca0_5348_4097_a010_6920dead0737
2025-08-06 15:37:44,614 INFO  [io.api.tes.ser.api.KafkaSerdesTester] (Thread-697) Sending message {"key11754494663134": "value-6"} to topic topic-3c173ca0_5348_4097_a010_6920dead0737
2025-08-06 15:37:44,616 INFO  [io.api.tes.ser.api.KafkaSerdesTester] (Thread-697) Sending message {"key11754494663134": "value-7"} to topic topic-3c173ca0_5348_4097_a010_6920dead0737
2025-08-06 15:37:44,618 INFO  [io.api.tes.ser.api.KafkaSerdesTester] (Thread-697) Sending message {"key11754494663134": "value-8"} to topic topic-3c173ca0_5348_4097_a010_6920dead0737
2025-08-06 15:37:44,619 INFO  [io.api.tes.ser.api.KafkaSerdesTester] (Thread-697) Sending message {"key11754494663134": "value-9"} to topic topic-3c173ca0_5348_4097_a010_6920dead0737
2025-08-06 15:37:44,620 INFO  [io.api.tes.ser.api.KafkaSerdesTester] (Thread-697) Produced 10 messages
2025-08-06 15:37:44,620 INFO  [org.apa.kaf.cli.pro.KafkaProducer] (Thread-697) [Producer clientId=Producer-topic-3c173ca0_5348_4097_a010_6920dead0737] Closing the Kafka producer with timeoutMillis = 9223372036854775807 ms.
2025-08-06 15:37:44,623 INFO  [org.apa.kaf.com.met.Metrics] (Thread-697) Metrics scheduler closed
2025-08-06 15:37:44,623 INFO  [org.apa.kaf.com.met.Metrics] (Thread-697) Closing reporter org.apache.kafka.common.metrics.JmxReporter
2025-08-06 15:37:44,623 INFO  [org.apa.kaf.com.met.Metrics] (Thread-697) Closing reporter org.apache.kafka.common.telemetry.internals.ClientTelemetryReporter
2025-08-06 15:37:44,623 INFO  [org.apa.kaf.com.met.Metrics] (Thread-697) Metrics reporters closed
2025-08-06 15:37:44,623 INFO  [org.apa.kaf.com.uti.AppInfoParser] (Thread-697) App info kafka.producer for Producer-topic-3c173ca0_5348_4097_a010_6920dead0737 unregistered
**** Registry Base URL: http://registry-app-pg17.apps.ci419.apicurio-testing.org:80
2025-08-06 15:37:44,624 INFO  [org.apa.kaf.cli.con.ConsumerConfig] (main) ConsumerConfig values: 
	allow.auto.create.topics = true
	auto.commit.interval.ms = 500
	auto.include.jmx.reporter = true
	auto.offset.reset = earliest
	bootstrap.servers = [PLAINTEXT://localhost:32769]
	check.crcs = true
	client.dns.lookup = use_all_dns_ips
	client.id = consumer-Consumer-topic-3c173ca0_5348_4097_a010_6920dead0737-13
	client.rack = 
	connections.max.idle.ms = 10000
	default.api.timeout.ms = 60000
	enable.auto.commit = true
	enable.metrics.push = true
	exclude.internal.topics = true
	fetch.max.bytes = 52428800
	fetch.max.wait.ms = 500
	fetch.min.bytes = 1
	group.id = Consumer-topic-3c173ca0_5348_4097_a010_6920dead0737
	group.instance.id = null
	group.protocol = classic
	group.remote.assignor = null
	heartbeat.interval.ms = 3000
	interceptor.classes = []
	internal.leave.group.on.close = true
	internal.throw.on.fetch.stable.offset.unsupported = false
	isolation.level = read_uncommitted
	key.deserializer = class org.apache.kafka.common.serialization.StringDeserializer
	max.partition.fetch.bytes = 1048576
	max.poll.interval.ms = 300000
	max.poll.records = 500
	metadata.max.age.ms = 300000
	metadata.recovery.strategy = none
	metric.reporters = []
	metrics.num.samples = 2
	metrics.recording.level = INFO
	metrics.sample.window.ms = 30000
	partition.assignment.strategy = [class org.apache.kafka.clients.consumer.RangeAssignor, class org.apache.kafka.clients.consumer.CooperativeStickyAssignor]
	receive.buffer.bytes = 65536
	reconnect.backoff.max.ms = 1000
	reconnect.backoff.ms = 50
	request.timeout.ms = 5000
	retry.backoff.max.ms = 1000
	retry.backoff.ms = 100
	sasl.client.callback.handler.class = null
	sasl.jaas.config = null
	sasl.kerberos.kinit.cmd = /usr/bin/kinit
	sasl.kerberos.min.time.before.relogin = 60000
	sasl.kerberos.service.name = null
	sasl.kerberos.ticket.renew.jitter = 0.05
	sasl.kerberos.ticket.renew.window.factor = 0.8
	sasl.login.callback.handler.class = null
	sasl.login.class = null
	sasl.login.connect.timeout.ms = null
	sasl.login.read.timeout.ms = null
	sasl.login.refresh.buffer.seconds = 300
	sasl.login.refresh.min.period.seconds = 60
	sasl.login.refresh.window.factor = 0.8
	sasl.login.refresh.window.jitter = 0.05
	sasl.login.retry.backoff.max.ms = 10000
	sasl.login.retry.backoff.ms = 100
	sasl.mechanism = GSSAPI
	sasl.oauthbearer.clock.skew.seconds = 30
	sasl.oauthbearer.expected.audience = null
	sasl.oauthbearer.expected.issuer = null
	sasl.oauthbearer.header.urlencode = false
	sasl.oauthbearer.jwks.endpoint.refresh.ms = 3600000
	sasl.oauthbearer.jwks.endpoint.retry.backoff.max.ms = 10000
	sasl.oauthbearer.jwks.endpoint.retry.backoff.ms = 100
	sasl.oauthbearer.jwks.endpoint.url = null
	sasl.oauthbearer.scope.claim.name = scope
	sasl.oauthbearer.sub.claim.name = sub
	sasl.oauthbearer.token.endpoint.url = null
	security.protocol = PLAINTEXT
	security.providers = null
	send.buffer.bytes = 131072
	session.timeout.ms = 45000
	socket.connection.setup.timeout.max.ms = 30000
	socket.connection.setup.timeout.ms = 10000
	ssl.cipher.suites = null
	ssl.enabled.protocols = [TLSv1.2, TLSv1.3]
	ssl.endpoint.identification.algorithm = https
	ssl.engine.factory.class = null
	ssl.key.password = null
	ssl.keymanager.algorithm = SunX509
	ssl.keystore.certificate.chain = null
	ssl.keystore.key = null
	ssl.keystore.location = null
	ssl.keystore.password = null
	ssl.keystore.type = JKS
	ssl.protocol = TLSv1.3
	ssl.provider = null
	ssl.secure.random.implementation = null
	ssl.trustmanager.algorithm = PKIX
	ssl.truststore.certificates = null
	ssl.truststore.location = null
	ssl.truststore.password = null
	ssl.truststore.type = JKS
	value.deserializer = class io.apicurio.registry.serde.avro.AvroKafkaDeserializer

2025-08-06 15:37:44,624 INFO  [org.apa.kaf.com.tel.int.KafkaMetricsCollector] (main) initializing Kafka metrics collector
2025-08-06 15:37:44,629 INFO  [org.apa.kaf.cli.con.ConsumerConfig] (main) These configurations '[apicurio.registry.url]' were supplied but are not used yet.
2025-08-06 15:37:44,629 INFO  [org.apa.kaf.com.uti.AppInfoParser] (main) Kafka version: 3.9.1
2025-08-06 15:37:44,629 INFO  [org.apa.kaf.com.uti.AppInfoParser] (main) Kafka commitId: f745dfdcee2b9851
2025-08-06 15:37:44,629 INFO  [org.apa.kaf.com.uti.AppInfoParser] (main) Kafka startTimeMs: 1754494664629
2025-08-06 15:37:44,630 INFO  [org.apa.kaf.cli.con.int.ClassicKafkaConsumer] (Thread-700) [Consumer clientId=consumer-Consumer-topic-3c173ca0_5348_4097_a010_6920dead0737-13, groupId=Consumer-topic-3c173ca0_5348_4097_a010_6920dead0737] Subscribed to topic(s): topic-3c173ca0_5348_4097_a010_6920dead0737
2025-08-06 15:37:44,633 INFO  [org.apa.kaf.cli.Metadata] (Thread-700) [Consumer clientId=consumer-Consumer-topic-3c173ca0_5348_4097_a010_6920dead0737-13, groupId=Consumer-topic-3c173ca0_5348_4097_a010_6920dead0737] Cluster ID: xNUQX5UBRx2CPqcHCglV-w
2025-08-06 15:37:44,634 INFO  [org.apa.kaf.cli.con.int.ConsumerCoordinator] (Thread-700) [Consumer clientId=consumer-Consumer-topic-3c173ca0_5348_4097_a010_6920dead0737-13, groupId=Consumer-topic-3c173ca0_5348_4097_a010_6920dead0737] Discovered group coordinator localhost:32769 (id: 2147483647 rack: null)
2025-08-06 15:37:44,636 INFO  [org.apa.kaf.cli.con.int.ConsumerCoordinator] (Thread-700) [Consumer clientId=consumer-Consumer-topic-3c173ca0_5348_4097_a010_6920dead0737-13, groupId=Consumer-topic-3c173ca0_5348_4097_a010_6920dead0737] (Re-)joining group
2025-08-06 15:37:44,639 INFO  [org.apa.kaf.cli.con.int.ConsumerCoordinator] (Thread-700) [Consumer clientId=consumer-Consumer-topic-3c173ca0_5348_4097_a010_6920dead0737-13, groupId=Consumer-topic-3c173ca0_5348_4097_a010_6920dead0737] Request joining group due to: need to re-join with the given member-id: consumer-Consumer-topic-3c173ca0_5348_4097_a010_6920dead0737-13-3049a2b6-2572-4f59-9fd0-7f66283fc381
2025-08-06 15:37:44,639 INFO  [org.apa.kaf.cli.con.int.ConsumerCoordinator] (Thread-700) [Consumer clientId=consumer-Consumer-topic-3c173ca0_5348_4097_a010_6920dead0737-13, groupId=Consumer-topic-3c173ca0_5348_4097_a010_6920dead0737] (Re-)joining group
2025-08-06 15:37:45,631 INFO  [io.api.tes.ser.api.KafkaSerdesTester] (Thread-700) None found
2025-08-06 15:37:46,631 INFO  [io.api.tes.ser.api.KafkaSerdesTester] (Thread-700) None found
2025-08-06 15:37:47,632 INFO  [io.api.tes.ser.api.KafkaSerdesTester] (Thread-700) None found
2025-08-06 15:37:47,640 INFO  [org.apa.kaf.cli.con.int.ConsumerCoordinator] (Thread-700) [Consumer clientId=consumer-Consumer-topic-3c173ca0_5348_4097_a010_6920dead0737-13, groupId=Consumer-topic-3c173ca0_5348_4097_a010_6920dead0737] Successfully joined group with generation Generation{generationId=1, memberId='consumer-Consumer-topic-3c173ca0_5348_4097_a010_6920dead0737-13-3049a2b6-2572-4f59-9fd0-7f66283fc381', protocol='range'}
2025-08-06 15:37:47,640 INFO  [org.apa.kaf.cli.con.int.ConsumerCoordinator] (Thread-700) [Consumer clientId=consumer-Consumer-topic-3c173ca0_5348_4097_a010_6920dead0737-13, groupId=Consumer-topic-3c173ca0_5348_4097_a010_6920dead0737] Finished assignment for group at generation 1: {consumer-Consumer-topic-3c173ca0_5348_4097_a010_6920dead0737-13-3049a2b6-2572-4f59-9fd0-7f66283fc381=Assignment(partitions=[topic-3c173ca0_5348_4097_a010_6920dead0737-0])}
2025-08-06 15:37:47,647 INFO  [org.apa.kaf.cli.con.int.ConsumerCoordinator] (Thread-700) [Consumer clientId=consumer-Consumer-topic-3c173ca0_5348_4097_a010_6920dead0737-13, groupId=Consumer-topic-3c173ca0_5348_4097_a010_6920dead0737] Successfully synced group in generation Generation{generationId=1, memberId='consumer-Consumer-topic-3c173ca0_5348_4097_a010_6920dead0737-13-3049a2b6-2572-4f59-9fd0-7f66283fc381', protocol='range'}
2025-08-06 15:37:47,647 INFO  [org.apa.kaf.cli.con.int.ConsumerCoordinator] (Thread-700) [Consumer clientId=consumer-Consumer-topic-3c173ca0_5348_4097_a010_6920dead0737-13, groupId=Consumer-topic-3c173ca0_5348_4097_a010_6920dead0737] Notifying assignor about the new Assignment(partitions=[topic-3c173ca0_5348_4097_a010_6920dead0737-0])
2025-08-06 15:37:47,647 INFO  [org.apa.kaf.cli.con.int.ConsumerRebalanceListenerInvoker] (Thread-700) [Consumer clientId=consumer-Consumer-topic-3c173ca0_5348_4097_a010_6920dead0737-13, groupId=Consumer-topic-3c173ca0_5348_4097_a010_6920dead0737] Adding newly assigned partitions: topic-3c173ca0_5348_4097_a010_6920dead0737-0
2025-08-06 15:37:47,648 INFO  [org.apa.kaf.cli.con.int.ConsumerCoordinator] (Thread-700) [Consumer clientId=consumer-Consumer-topic-3c173ca0_5348_4097_a010_6920dead0737-13, groupId=Consumer-topic-3c173ca0_5348_4097_a010_6920dead0737] Found no committed offset for partition topic-3c173ca0_5348_4097_a010_6920dead0737-0
2025-08-06 15:37:47,651 INFO  [org.apa.kaf.cli.con.int.SubscriptionState] (Thread-700) [Consumer clientId=consumer-Consumer-topic-3c173ca0_5348_4097_a010_6920dead0737-13, groupId=Consumer-topic-3c173ca0_5348_4097_a010_6920dead0737] Resetting offset for partition topic-3c173ca0_5348_4097_a010_6920dead0737-0 to position FetchPosition{offset=0, offsetEpoch=Optional.empty, currentLeader=LeaderAndEpoch{leader=Optional[localhost:32769 (id: 0 rack: null)], epoch=0}}.
2025-08-06 15:37:47,875 INFO  [io.api.tes.ser.api.KafkaSerdesTester] (Thread-700) topic-3c173ca0_5348_4097_a010_6920dead0737 0 0 {"key11754494663134": "value-0"}
2025-08-06 15:37:47,875 INFO  [io.api.tes.ser.api.KafkaSerdesTester] (Thread-700) topic-3c173ca0_5348_4097_a010_6920dead0737 0 1 {"key11754494663134": "value-1"}
2025-08-06 15:37:47,876 INFO  [io.api.tes.ser.api.KafkaSerdesTester] (Thread-700) topic-3c173ca0_5348_4097_a010_6920dead0737 0 2 {"key11754494663134": "value-2"}
2025-08-06 15:37:47,876 INFO  [io.api.tes.ser.api.KafkaSerdesTester] (Thread-700) topic-3c173ca0_5348_4097_a010_6920dead0737 0 3 {"key11754494663134": "value-3"}
2025-08-06 15:37:47,876 INFO  [io.api.tes.ser.api.KafkaSerdesTester] (Thread-700) topic-3c173ca0_5348_4097_a010_6920dead0737 0 4 {"key11754494663134": "value-4"}
2025-08-06 15:37:47,876 INFO  [io.api.tes.ser.api.KafkaSerdesTester] (Thread-700) topic-3c173ca0_5348_4097_a010_6920dead0737 0 5 {"key11754494663134": "value-5"}
2025-08-06 15:37:47,876 INFO  [io.api.tes.ser.api.KafkaSerdesTester] (Thread-700) topic-3c173ca0_5348_4097_a010_6920dead0737 0 6 {"key11754494663134": "value-6"}
2025-08-06 15:37:47,876 INFO  [io.api.tes.ser.api.KafkaSerdesTester] (Thread-700) topic-3c173ca0_5348_4097_a010_6920dead0737 0 7 {"key11754494663134": "value-7"}
2025-08-06 15:37:47,876 INFO  [io.api.tes.ser.api.KafkaSerdesTester] (Thread-700) topic-3c173ca0_5348_4097_a010_6920dead0737 0 8 {"key11754494663134": "value-8"}
2025-08-06 15:37:47,876 INFO  [io.api.tes.ser.api.KafkaSerdesTester] (Thread-700) topic-3c173ca0_5348_4097_a010_6920dead0737 0 9 {"key11754494663134": "value-9"}
2025-08-06 15:37:47,876 INFO  [io.api.tes.ser.api.KafkaSerdesTester] (Thread-700) Consumed 10 messages
2025-08-06 15:37:47,884 INFO  [org.apa.kaf.cli.con.int.ConsumerRebalanceListenerInvoker] (Thread-700) [Consumer clientId=consumer-Consumer-topic-3c173ca0_5348_4097_a010_6920dead0737-13, groupId=Consumer-topic-3c173ca0_5348_4097_a010_6920dead0737] Revoke previously assigned partitions topic-3c173ca0_5348_4097_a010_6920dead0737-0
2025-08-06 15:37:47,884 INFO  [org.apa.kaf.cli.con.int.ConsumerCoordinator] (Thread-700) [Consumer clientId=consumer-Consumer-topic-3c173ca0_5348_4097_a010_6920dead0737-13, groupId=Consumer-topic-3c173ca0_5348_4097_a010_6920dead0737] Member consumer-Consumer-topic-3c173ca0_5348_4097_a010_6920dead0737-13-3049a2b6-2572-4f59-9fd0-7f66283fc381 sending LeaveGroup request to coordinator localhost:32769 (id: 2147483647 rack: null) due to the consumer is being closed
2025-08-06 15:37:47,884 INFO  [org.apa.kaf.cli.con.int.ConsumerCoordinator] (Thread-700) [Consumer clientId=consumer-Consumer-topic-3c173ca0_5348_4097_a010_6920dead0737-13, groupId=Consumer-topic-3c173ca0_5348_4097_a010_6920dead0737] Resetting generation and member id due to: consumer pro-actively leaving the group
2025-08-06 15:37:47,884 INFO  [org.apa.kaf.cli.con.int.ConsumerCoordinator] (Thread-700) [Consumer clientId=consumer-Consumer-topic-3c173ca0_5348_4097_a010_6920dead0737-13, groupId=Consumer-topic-3c173ca0_5348_4097_a010_6920dead0737] Request joining group due to: consumer pro-actively leaving the group
2025-08-06 15:37:48,378 INFO  [org.apa.kaf.com.met.Metrics] (Thread-700) Metrics scheduler closed
2025-08-06 15:37:48,378 INFO  [org.apa.kaf.com.met.Metrics] (Thread-700) Closing reporter org.apache.kafka.common.metrics.JmxReporter
2025-08-06 15:37:48,378 INFO  [org.apa.kaf.com.met.Metrics] (Thread-700) Closing reporter org.apache.kafka.common.telemetry.internals.ClientTelemetryReporter
2025-08-06 15:37:48,378 INFO  [org.apa.kaf.com.met.Metrics] (Thread-700) Metrics reporters closed
2025-08-06 15:37:48,380 INFO  [org.apa.kaf.com.uti.AppInfoParser] (Thread-700) App info kafka.consumer for consumer-Consumer-topic-3c173ca0_5348_4097_a010_6920dead0737-13 unregistered
2025-08-06 15:37:48,380 INFO  [io.api.tes.uti.TestSeparator] (main) io.apicurio.tests.serdes.apicurio.AvroSerdeIT.testTopicRecordIdStrategydFindLatest-FINISHED
2025-08-06 15:37:48,380 INFO  [io.api.tes.uti.TestSeparator] (main) ############################################################################
Test passed: testTopicRecordIdStrategydFindLatest
]]></system-out>
  </testcase>
  <testcase name="testAvroConfluentForMultipleTopics" classname="io.apicurio.tests.serdes.apicurio.AvroSerdeIT" time="13.004">
    <system-out><![CDATA[2025-08-06 15:37:48,382 INFO  [io.api.tes.uti.TestSeparator] (main) ############################################################################
2025-08-06 15:37:48,382 INFO  [io.api.tes.uti.TestSeparator] (main) io.apicurio.tests.serdes.apicurio.AvroSerdeIT.testAvroConfluentForMultipleTopics-STARTED
2025-08-06 15:37:48,383 INFO  [io.api.tes.ser.api.AvroSerdeIT] (main) Registering Avro Schema: {"type":"record","name":"myrecordconfluent","fields":[{"name":"key11754494668383","type":"string"}]}
**** Registry Base URL: http://registry-app-pg17.apps.ci419.apicurio-testing.org:80
2025-08-06 15:37:49,540 INFO  [org.apa.kaf.cli.pro.ProducerConfig] (main) ProducerConfig values: 
	acks = -1
	auto.include.jmx.reporter = true
	batch.size = 16384
	bootstrap.servers = [PLAINTEXT://localhost:32769]
	buffer.memory = 33554432
	client.dns.lookup = use_all_dns_ips
	client.id = Producer-topic-c5b28da0_070c_432f_adbf_66c32542ece6
	compression.gzip.level = -1
	compression.lz4.level = 9
	compression.type = none
	compression.zstd.level = 3
	connections.max.idle.ms = 10000
	delivery.timeout.ms = 120000
	enable.idempotence = true
	enable.metrics.push = true
	interceptor.classes = []
	key.serializer = class org.apache.kafka.common.serialization.StringSerializer
	linger.ms = 0
	max.block.ms = 60000
	max.in.flight.requests.per.connection = 5
	max.request.size = 1048576
	metadata.max.age.ms = 300000
	metadata.max.idle.ms = 300000
	metadata.recovery.strategy = none
	metric.reporters = []
	metrics.num.samples = 2
	metrics.recording.level = INFO
	metrics.sample.window.ms = 30000
	partitioner.adaptive.partitioning.enable = true
	partitioner.availability.timeout.ms = 0
	partitioner.class = null
	partitioner.ignore.keys = false
	receive.buffer.bytes = 32768
	reconnect.backoff.max.ms = 1000
	reconnect.backoff.ms = 50
	request.timeout.ms = 5000
	retries = 2147483647
	retry.backoff.max.ms = 1000
	retry.backoff.ms = 100
	sasl.client.callback.handler.class = null
	sasl.jaas.config = null
	sasl.kerberos.kinit.cmd = /usr/bin/kinit
	sasl.kerberos.min.time.before.relogin = 60000
	sasl.kerberos.service.name = null
	sasl.kerberos.ticket.renew.jitter = 0.05
	sasl.kerberos.ticket.renew.window.factor = 0.8
	sasl.login.callback.handler.class = null
	sasl.login.class = null
	sasl.login.connect.timeout.ms = null
	sasl.login.read.timeout.ms = null
	sasl.login.refresh.buffer.seconds = 300
	sasl.login.refresh.min.period.seconds = 60
	sasl.login.refresh.window.factor = 0.8
	sasl.login.refresh.window.jitter = 0.05
	sasl.login.retry.backoff.max.ms = 10000
	sasl.login.retry.backoff.ms = 100
	sasl.mechanism = GSSAPI
	sasl.oauthbearer.clock.skew.seconds = 30
	sasl.oauthbearer.expected.audience = null
	sasl.oauthbearer.expected.issuer = null
	sasl.oauthbearer.header.urlencode = false
	sasl.oauthbearer.jwks.endpoint.refresh.ms = 3600000
	sasl.oauthbearer.jwks.endpoint.retry.backoff.max.ms = 10000
	sasl.oauthbearer.jwks.endpoint.retry.backoff.ms = 100
	sasl.oauthbearer.jwks.endpoint.url = null
	sasl.oauthbearer.scope.claim.name = scope
	sasl.oauthbearer.sub.claim.name = sub
	sasl.oauthbearer.token.endpoint.url = null
	security.protocol = PLAINTEXT
	security.providers = null
	send.buffer.bytes = 131072
	socket.connection.setup.timeout.max.ms = 30000
	socket.connection.setup.timeout.ms = 10000
	ssl.cipher.suites = null
	ssl.enabled.protocols = [TLSv1.2, TLSv1.3]
	ssl.endpoint.identification.algorithm = https
	ssl.engine.factory.class = null
	ssl.key.password = null
	ssl.keymanager.algorithm = SunX509
	ssl.keystore.certificate.chain = null
	ssl.keystore.key = null
	ssl.keystore.location = null
	ssl.keystore.password = null
	ssl.keystore.type = JKS
	ssl.protocol = TLSv1.3
	ssl.provider = null
	ssl.secure.random.implementation = null
	ssl.trustmanager.algorithm = PKIX
	ssl.truststore.certificates = null
	ssl.truststore.location = null
	ssl.truststore.password = null
	ssl.truststore.type = JKS
	transaction.timeout.ms = 60000
	transactional.id = null
	value.serializer = class io.apicurio.registry.serde.avro.AvroKafkaSerializer

2025-08-06 15:37:49,540 INFO  [org.apa.kaf.com.tel.int.KafkaMetricsCollector] (main) initializing Kafka metrics collector
2025-08-06 15:37:49,543 INFO  [org.apa.kaf.cli.pro.KafkaProducer] (main) [Producer clientId=Producer-topic-c5b28da0_070c_432f_adbf_66c32542ece6] Instantiated an idempotent producer.
2025-08-06 15:37:49,545 INFO  [org.apa.kaf.cli.pro.ProducerConfig] (main) These configurations '[apicurio.registry.url, apicurio.registry.artifact-resolver-strategy]' were supplied but are not used yet.
2025-08-06 15:37:49,545 INFO  [org.apa.kaf.com.uti.AppInfoParser] (main) Kafka version: 3.9.1
2025-08-06 15:37:49,545 INFO  [org.apa.kaf.com.uti.AppInfoParser] (main) Kafka commitId: f745dfdcee2b9851
2025-08-06 15:37:49,545 INFO  [org.apa.kaf.com.uti.AppInfoParser] (main) Kafka startTimeMs: 1754494669545
**** Registry Base URL: http://registry-app-pg17.apps.ci419.apicurio-testing.org:80
2025-08-06 15:37:49,545 INFO  [org.apa.kaf.cli.pro.ProducerConfig] (main) ProducerConfig values: 
	acks = -1
	auto.include.jmx.reporter = true
	batch.size = 16384
	bootstrap.servers = [PLAINTEXT://localhost:32769]
	buffer.memory = 33554432
	client.dns.lookup = use_all_dns_ips
	client.id = Producer-topic-f78eaa4a_b80d_43e9_8619_01091c6f20c3
	compression.gzip.level = -1
	compression.lz4.level = 9
	compression.type = none
	compression.zstd.level = 3
	connections.max.idle.ms = 10000
	delivery.timeout.ms = 120000
	enable.idempotence = true
	enable.metrics.push = true
	interceptor.classes = []
	key.serializer = class org.apache.kafka.common.serialization.StringSerializer
	linger.ms = 0
	max.block.ms = 60000
	max.in.flight.requests.per.connection = 5
	max.request.size = 1048576
	metadata.max.age.ms = 300000
	metadata.max.idle.ms = 300000
	metadata.recovery.strategy = none
	metric.reporters = []
	metrics.num.samples = 2
	metrics.recording.level = INFO
	metrics.sample.window.ms = 30000
	partitioner.adaptive.partitioning.enable = true
	partitioner.availability.timeout.ms = 0
	partitioner.class = null
	partitioner.ignore.keys = false
	receive.buffer.bytes = 32768
	reconnect.backoff.max.ms = 1000
	reconnect.backoff.ms = 50
	request.timeout.ms = 5000
	retries = 2147483647
	retry.backoff.max.ms = 1000
	retry.backoff.ms = 100
	sasl.client.callback.handler.class = null
	sasl.jaas.config = null
	sasl.kerberos.kinit.cmd = /usr/bin/kinit
	sasl.kerberos.min.time.before.relogin = 60000
	sasl.kerberos.service.name = null
	sasl.kerberos.ticket.renew.jitter = 0.05
	sasl.kerberos.ticket.renew.window.factor = 0.8
	sasl.login.callback.handler.class = null
	sasl.login.class = null
	sasl.login.connect.timeout.ms = null
	sasl.login.read.timeout.ms = null
	sasl.login.refresh.buffer.seconds = 300
	sasl.login.refresh.min.period.seconds = 60
	sasl.login.refresh.window.factor = 0.8
	sasl.login.refresh.window.jitter = 0.05
	sasl.login.retry.backoff.max.ms = 10000
	sasl.login.retry.backoff.ms = 100
	sasl.mechanism = GSSAPI
	sasl.oauthbearer.clock.skew.seconds = 30
	sasl.oauthbearer.expected.audience = null
	sasl.oauthbearer.expected.issuer = null
	sasl.oauthbearer.header.urlencode = false
	sasl.oauthbearer.jwks.endpoint.refresh.ms = 3600000
	sasl.oauthbearer.jwks.endpoint.retry.backoff.max.ms = 10000
	sasl.oauthbearer.jwks.endpoint.retry.backoff.ms = 100
	sasl.oauthbearer.jwks.endpoint.url = null
	sasl.oauthbearer.scope.claim.name = scope
	sasl.oauthbearer.sub.claim.name = sub
	sasl.oauthbearer.token.endpoint.url = null
	security.protocol = PLAINTEXT
	security.providers = null
	send.buffer.bytes = 131072
	socket.connection.setup.timeout.max.ms = 30000
	socket.connection.setup.timeout.ms = 10000
	ssl.cipher.suites = null
	ssl.enabled.protocols = [TLSv1.2, TLSv1.3]
	ssl.endpoint.identification.algorithm = https
	ssl.engine.factory.class = null
	ssl.key.password = null
	ssl.keymanager.algorithm = SunX509
	ssl.keystore.certificate.chain = null
	ssl.keystore.key = null
	ssl.keystore.location = null
	ssl.keystore.password = null
	ssl.keystore.type = JKS
	ssl.protocol = TLSv1.3
	ssl.provider = null
	ssl.secure.random.implementation = null
	ssl.trustmanager.algorithm = PKIX
	ssl.truststore.certificates = null
	ssl.truststore.location = null
	ssl.truststore.password = null
	ssl.truststore.type = JKS
	transaction.timeout.ms = 60000
	transactional.id = null
	value.serializer = class io.apicurio.registry.serde.avro.AvroKafkaSerializer

2025-08-06 15:37:49,545 INFO  [org.apa.kaf.com.tel.int.KafkaMetricsCollector] (main) initializing Kafka metrics collector
2025-08-06 15:37:49,548 INFO  [org.apa.kaf.cli.pro.KafkaProducer] (main) [Producer clientId=Producer-topic-f78eaa4a_b80d_43e9_8619_01091c6f20c3] Instantiated an idempotent producer.
2025-08-06 15:37:49,550 INFO  [org.apa.kaf.cli.Metadata] (kafka-producer-network-thread | Producer-topic-c5b28da0_070c_432f_adbf_66c32542ece6) [Producer clientId=Producer-topic-c5b28da0_070c_432f_adbf_66c32542ece6] Cluster ID: xNUQX5UBRx2CPqcHCglV-w
2025-08-06 15:37:49,552 INFO  [org.apa.kaf.cli.pro.int.TransactionManager] (kafka-producer-network-thread | Producer-topic-c5b28da0_070c_432f_adbf_66c32542ece6) [Producer clientId=Producer-topic-c5b28da0_070c_432f_adbf_66c32542ece6] ProducerId set to 19 with epoch 0
2025-08-06 15:37:49,553 INFO  [org.apa.kaf.cli.pro.ProducerConfig] (main) These configurations '[apicurio.registry.url, apicurio.registry.artifact-resolver-strategy]' were supplied but are not used yet.
2025-08-06 15:37:49,553 INFO  [org.apa.kaf.com.uti.AppInfoParser] (main) Kafka version: 3.9.1
2025-08-06 15:37:49,553 INFO  [org.apa.kaf.com.uti.AppInfoParser] (main) Kafka commitId: f745dfdcee2b9851
2025-08-06 15:37:49,553 INFO  [org.apa.kaf.com.uti.AppInfoParser] (main) Kafka startTimeMs: 1754494669553
**** Registry Base URL: http://registry-app-pg17.apps.ci419.apicurio-testing.org:80
2025-08-06 15:37:49,553 INFO  [org.apa.kaf.cli.pro.ProducerConfig] (main) ProducerConfig values: 
	acks = -1
	auto.include.jmx.reporter = true
	batch.size = 16384
	bootstrap.servers = [PLAINTEXT://localhost:32769]
	buffer.memory = 33554432
	client.dns.lookup = use_all_dns_ips
	client.id = Producer-topic-bddfe5cb_45b9_4b81_93a7_736e2446747d
	compression.gzip.level = -1
	compression.lz4.level = 9
	compression.type = none
	compression.zstd.level = 3
	connections.max.idle.ms = 10000
	delivery.timeout.ms = 120000
	enable.idempotence = true
	enable.metrics.push = true
	interceptor.classes = []
	key.serializer = class org.apache.kafka.common.serialization.StringSerializer
	linger.ms = 0
	max.block.ms = 60000
	max.in.flight.requests.per.connection = 5
	max.request.size = 1048576
	metadata.max.age.ms = 300000
	metadata.max.idle.ms = 300000
	metadata.recovery.strategy = none
	metric.reporters = []
	metrics.num.samples = 2
	metrics.recording.level = INFO
	metrics.sample.window.ms = 30000
	partitioner.adaptive.partitioning.enable = true
	partitioner.availability.timeout.ms = 0
	partitioner.class = null
	partitioner.ignore.keys = false
	receive.buffer.bytes = 32768
	reconnect.backoff.max.ms = 1000
	reconnect.backoff.ms = 50
	request.timeout.ms = 5000
	retries = 2147483647
	retry.backoff.max.ms = 1000
	retry.backoff.ms = 100
	sasl.client.callback.handler.class = null
	sasl.jaas.config = null
	sasl.kerberos.kinit.cmd = /usr/bin/kinit
	sasl.kerberos.min.time.before.relogin = 60000
	sasl.kerberos.service.name = null
	sasl.kerberos.ticket.renew.jitter = 0.05
	sasl.kerberos.ticket.renew.window.factor = 0.8
	sasl.login.callback.handler.class = null
	sasl.login.class = null
	sasl.login.connect.timeout.ms = null
	sasl.login.read.timeout.ms = null
	sasl.login.refresh.buffer.seconds = 300
	sasl.login.refresh.min.period.seconds = 60
	sasl.login.refresh.window.factor = 0.8
	sasl.login.refresh.window.jitter = 0.05
	sasl.login.retry.backoff.max.ms = 10000
	sasl.login.retry.backoff.ms = 100
	sasl.mechanism = GSSAPI
	sasl.oauthbearer.clock.skew.seconds = 30
	sasl.oauthbearer.expected.audience = null
	sasl.oauthbearer.expected.issuer = null
	sasl.oauthbearer.header.urlencode = false
	sasl.oauthbearer.jwks.endpoint.refresh.ms = 3600000
	sasl.oauthbearer.jwks.endpoint.retry.backoff.max.ms = 10000
	sasl.oauthbearer.jwks.endpoint.retry.backoff.ms = 100
	sasl.oauthbearer.jwks.endpoint.url = null
	sasl.oauthbearer.scope.claim.name = scope
	sasl.oauthbearer.sub.claim.name = sub
	sasl.oauthbearer.token.endpoint.url = null
	security.protocol = PLAINTEXT
	security.providers = null
	send.buffer.bytes = 131072
	socket.connection.setup.timeout.max.ms = 30000
	socket.connection.setup.timeout.ms = 10000
	ssl.cipher.suites = null
	ssl.enabled.protocols = [TLSv1.2, TLSv1.3]
	ssl.endpoint.identification.algorithm = https
	ssl.engine.factory.class = null
	ssl.key.password = null
	ssl.keymanager.algorithm = SunX509
	ssl.keystore.certificate.chain = null
	ssl.keystore.key = null
	ssl.keystore.location = null
	ssl.keystore.password = null
	ssl.keystore.type = JKS
	ssl.protocol = TLSv1.3
	ssl.provider = null
	ssl.secure.random.implementation = null
	ssl.trustmanager.algorithm = PKIX
	ssl.truststore.certificates = null
	ssl.truststore.location = null
	ssl.truststore.password = null
	ssl.truststore.type = JKS
	transaction.timeout.ms = 60000
	transactional.id = null
	value.serializer = class io.apicurio.registry.serde.avro.AvroKafkaSerializer

2025-08-06 15:37:49,554 INFO  [org.apa.kaf.com.tel.int.KafkaMetricsCollector] (main) initializing Kafka metrics collector
2025-08-06 15:37:49,557 INFO  [org.apa.kaf.cli.Metadata] (kafka-producer-network-thread | Producer-topic-f78eaa4a_b80d_43e9_8619_01091c6f20c3) [Producer clientId=Producer-topic-f78eaa4a_b80d_43e9_8619_01091c6f20c3] Cluster ID: xNUQX5UBRx2CPqcHCglV-w
2025-08-06 15:37:49,557 INFO  [org.apa.kaf.cli.pro.int.TransactionManager] (kafka-producer-network-thread | Producer-topic-f78eaa4a_b80d_43e9_8619_01091c6f20c3) [Producer clientId=Producer-topic-f78eaa4a_b80d_43e9_8619_01091c6f20c3] ProducerId set to 20 with epoch 0
2025-08-06 15:37:49,565 INFO  [org.apa.kaf.cli.pro.KafkaProducer] (main) [Producer clientId=Producer-topic-bddfe5cb_45b9_4b81_93a7_736e2446747d] Instantiated an idempotent producer.
2025-08-06 15:37:49,569 INFO  [org.apa.kaf.cli.pro.ProducerConfig] (main) These configurations '[apicurio.registry.url, apicurio.registry.artifact-resolver-strategy]' were supplied but are not used yet.
2025-08-06 15:37:49,570 INFO  [org.apa.kaf.com.uti.AppInfoParser] (main) Kafka version: 3.9.1
2025-08-06 15:37:49,570 INFO  [org.apa.kaf.com.uti.AppInfoParser] (main) Kafka commitId: f745dfdcee2b9851
2025-08-06 15:37:49,570 INFO  [org.apa.kaf.com.uti.AppInfoParser] (main) Kafka startTimeMs: 1754494669570
**** Registry Base URL: http://registry-app-pg17.apps.ci419.apicurio-testing.org:80
2025-08-06 15:37:49,571 INFO  [org.apa.kaf.cli.con.ConsumerConfig] (main) ConsumerConfig values: 
	allow.auto.create.topics = true
	auto.commit.interval.ms = 500
	auto.include.jmx.reporter = true
	auto.offset.reset = earliest
	bootstrap.servers = [PLAINTEXT://localhost:32769]
	check.crcs = true
	client.dns.lookup = use_all_dns_ips
	client.id = consumer-Consumer-topic-c5b28da0_070c_432f_adbf_66c32542ece6-14
	client.rack = 
	connections.max.idle.ms = 10000
	default.api.timeout.ms = 60000
	enable.auto.commit = true
	enable.metrics.push = true
	exclude.internal.topics = true
	fetch.max.bytes = 52428800
	fetch.max.wait.ms = 500
	fetch.min.bytes = 1
	group.id = Consumer-topic-c5b28da0_070c_432f_adbf_66c32542ece6
	group.instance.id = null
	group.protocol = classic
	group.remote.assignor = null
	heartbeat.interval.ms = 3000
	interceptor.classes = []
	internal.leave.group.on.close = true
	internal.throw.on.fetch.stable.offset.unsupported = false
	isolation.level = read_uncommitted
	key.deserializer = class org.apache.kafka.common.serialization.StringDeserializer
	max.partition.fetch.bytes = 1048576
	max.poll.interval.ms = 300000
	max.poll.records = 500
	metadata.max.age.ms = 300000
	metadata.recovery.strategy = none
	metric.reporters = []
	metrics.num.samples = 2
	metrics.recording.level = INFO
	metrics.sample.window.ms = 30000
	partition.assignment.strategy = [class org.apache.kafka.clients.consumer.RangeAssignor, class org.apache.kafka.clients.consumer.CooperativeStickyAssignor]
	receive.buffer.bytes = 65536
	reconnect.backoff.max.ms = 1000
	reconnect.backoff.ms = 50
	request.timeout.ms = 5000
	retry.backoff.max.ms = 1000
	retry.backoff.ms = 100
	sasl.client.callback.handler.class = null
	sasl.jaas.config = null
	sasl.kerberos.kinit.cmd = /usr/bin/kinit
	sasl.kerberos.min.time.before.relogin = 60000
	sasl.kerberos.service.name = null
	sasl.kerberos.ticket.renew.jitter = 0.05
	sasl.kerberos.ticket.renew.window.factor = 0.8
	sasl.login.callback.handler.class = null
	sasl.login.class = null
	sasl.login.connect.timeout.ms = null
	sasl.login.read.timeout.ms = null
	sasl.login.refresh.buffer.seconds = 300
	sasl.login.refresh.min.period.seconds = 60
	sasl.login.refresh.window.factor = 0.8
	sasl.login.refresh.window.jitter = 0.05
	sasl.login.retry.backoff.max.ms = 10000
	sasl.login.retry.backoff.ms = 100
	sasl.mechanism = GSSAPI
	sasl.oauthbearer.clock.skew.seconds = 30
	sasl.oauthbearer.expected.audience = null
	sasl.oauthbearer.expected.issuer = null
	sasl.oauthbearer.header.urlencode = false
	sasl.oauthbearer.jwks.endpoint.refresh.ms = 3600000
	sasl.oauthbearer.jwks.endpoint.retry.backoff.max.ms = 10000
	sasl.oauthbearer.jwks.endpoint.retry.backoff.ms = 100
	sasl.oauthbearer.jwks.endpoint.url = null
	sasl.oauthbearer.scope.claim.name = scope
	sasl.oauthbearer.sub.claim.name = sub
	sasl.oauthbearer.token.endpoint.url = null
	security.protocol = PLAINTEXT
	security.providers = null
	send.buffer.bytes = 131072
	session.timeout.ms = 45000
	socket.connection.setup.timeout.max.ms = 30000
	socket.connection.setup.timeout.ms = 10000
	ssl.cipher.suites = null
	ssl.enabled.protocols = [TLSv1.2, TLSv1.3]
	ssl.endpoint.identification.algorithm = https
	ssl.engine.factory.class = null
	ssl.key.password = null
	ssl.keymanager.algorithm = SunX509
	ssl.keystore.certificate.chain = null
	ssl.keystore.key = null
	ssl.keystore.location = null
	ssl.keystore.password = null
	ssl.keystore.type = JKS
	ssl.protocol = TLSv1.3
	ssl.provider = null
	ssl.secure.random.implementation = null
	ssl.trustmanager.algorithm = PKIX
	ssl.truststore.certificates = null
	ssl.truststore.location = null
	ssl.truststore.password = null
	ssl.truststore.type = JKS
	value.deserializer = class io.apicurio.registry.serde.avro.AvroKafkaDeserializer

2025-08-06 15:37:49,571 INFO  [org.apa.kaf.com.tel.int.KafkaMetricsCollector] (main) initializing Kafka metrics collector
2025-08-06 15:37:49,580 INFO  [org.apa.kaf.cli.Metadata] (kafka-producer-network-thread | Producer-topic-bddfe5cb_45b9_4b81_93a7_736e2446747d) [Producer clientId=Producer-topic-bddfe5cb_45b9_4b81_93a7_736e2446747d] Cluster ID: xNUQX5UBRx2CPqcHCglV-w
2025-08-06 15:37:49,581 INFO  [org.apa.kaf.cli.pro.int.TransactionManager] (kafka-producer-network-thread | Producer-topic-bddfe5cb_45b9_4b81_93a7_736e2446747d) [Producer clientId=Producer-topic-bddfe5cb_45b9_4b81_93a7_736e2446747d] ProducerId set to 21 with epoch 0
2025-08-06 15:37:49,585 INFO  [org.apa.kaf.cli.con.ConsumerConfig] (main) These configurations '[apicurio.registry.url]' were supplied but are not used yet.
2025-08-06 15:37:49,585 INFO  [org.apa.kaf.com.uti.AppInfoParser] (main) Kafka version: 3.9.1
2025-08-06 15:37:49,585 INFO  [org.apa.kaf.com.uti.AppInfoParser] (main) Kafka commitId: f745dfdcee2b9851
2025-08-06 15:37:49,585 INFO  [org.apa.kaf.com.uti.AppInfoParser] (main) Kafka startTimeMs: 1754494669585
**** Registry Base URL: http://registry-app-pg17.apps.ci419.apicurio-testing.org:80
2025-08-06 15:37:49,587 INFO  [org.apa.kaf.cli.con.ConsumerConfig] (main) ConsumerConfig values: 
	allow.auto.create.topics = true
	auto.commit.interval.ms = 500
	auto.include.jmx.reporter = true
	auto.offset.reset = earliest
	bootstrap.servers = [PLAINTEXT://localhost:32769]
	check.crcs = true
	client.dns.lookup = use_all_dns_ips
	client.id = consumer-Consumer-topic-f78eaa4a_b80d_43e9_8619_01091c6f20c3-15
	client.rack = 
	connections.max.idle.ms = 10000
	default.api.timeout.ms = 60000
	enable.auto.commit = true
	enable.metrics.push = true
	exclude.internal.topics = true
	fetch.max.bytes = 52428800
	fetch.max.wait.ms = 500
	fetch.min.bytes = 1
	group.id = Consumer-topic-f78eaa4a_b80d_43e9_8619_01091c6f20c3
	group.instance.id = null
	group.protocol = classic
	group.remote.assignor = null
	heartbeat.interval.ms = 3000
	interceptor.classes = []
	internal.leave.group.on.close = true
	internal.throw.on.fetch.stable.offset.unsupported = false
	isolation.level = read_uncommitted
	key.deserializer = class org.apache.kafka.common.serialization.StringDeserializer
	max.partition.fetch.bytes = 1048576
	max.poll.interval.ms = 300000
	max.poll.records = 500
	metadata.max.age.ms = 300000
	metadata.recovery.strategy = none
	metric.reporters = []
	metrics.num.samples = 2
	metrics.recording.level = INFO
	metrics.sample.window.ms = 30000
	partition.assignment.strategy = [class org.apache.kafka.clients.consumer.RangeAssignor, class org.apache.kafka.clients.consumer.CooperativeStickyAssignor]
	receive.buffer.bytes = 65536
	reconnect.backoff.max.ms = 1000
	reconnect.backoff.ms = 50
	request.timeout.ms = 5000
	retry.backoff.max.ms = 1000
	retry.backoff.ms = 100
	sasl.client.callback.handler.class = null
	sasl.jaas.config = null
	sasl.kerberos.kinit.cmd = /usr/bin/kinit
	sasl.kerberos.min.time.before.relogin = 60000
	sasl.kerberos.service.name = null
	sasl.kerberos.ticket.renew.jitter = 0.05
	sasl.kerberos.ticket.renew.window.factor = 0.8
	sasl.login.callback.handler.class = null
	sasl.login.class = null
	sasl.login.connect.timeout.ms = null
	sasl.login.read.timeout.ms = null
	sasl.login.refresh.buffer.seconds = 300
	sasl.login.refresh.min.period.seconds = 60
	sasl.login.refresh.window.factor = 0.8
	sasl.login.refresh.window.jitter = 0.05
	sasl.login.retry.backoff.max.ms = 10000
	sasl.login.retry.backoff.ms = 100
	sasl.mechanism = GSSAPI
	sasl.oauthbearer.clock.skew.seconds = 30
	sasl.oauthbearer.expected.audience = null
	sasl.oauthbearer.expected.issuer = null
	sasl.oauthbearer.header.urlencode = false
	sasl.oauthbearer.jwks.endpoint.refresh.ms = 3600000
	sasl.oauthbearer.jwks.endpoint.retry.backoff.max.ms = 10000
	sasl.oauthbearer.jwks.endpoint.retry.backoff.ms = 100
	sasl.oauthbearer.jwks.endpoint.url = null
	sasl.oauthbearer.scope.claim.name = scope
	sasl.oauthbearer.sub.claim.name = sub
	sasl.oauthbearer.token.endpoint.url = null
	security.protocol = PLAINTEXT
	security.providers = null
	send.buffer.bytes = 131072
	session.timeout.ms = 45000
	socket.connection.setup.timeout.max.ms = 30000
	socket.connection.setup.timeout.ms = 10000
	ssl.cipher.suites = null
	ssl.enabled.protocols = [TLSv1.2, TLSv1.3]
	ssl.endpoint.identification.algorithm = https
	ssl.engine.factory.class = null
	ssl.key.password = null
	ssl.keymanager.algorithm = SunX509
	ssl.keystore.certificate.chain = null
	ssl.keystore.key = null
	ssl.keystore.location = null
	ssl.keystore.password = null
	ssl.keystore.type = JKS
	ssl.protocol = TLSv1.3
	ssl.provider = null
	ssl.secure.random.implementation = null
	ssl.trustmanager.algorithm = PKIX
	ssl.truststore.certificates = null
	ssl.truststore.location = null
	ssl.truststore.password = null
	ssl.truststore.type = JKS
	value.deserializer = class io.apicurio.registry.serde.avro.AvroKafkaDeserializer

2025-08-06 15:37:49,587 INFO  [org.apa.kaf.com.tel.int.KafkaMetricsCollector] (main) initializing Kafka metrics collector
2025-08-06 15:37:49,593 INFO  [org.apa.kaf.cli.con.ConsumerConfig] (main) These configurations '[apicurio.registry.url]' were supplied but are not used yet.
2025-08-06 15:37:49,593 INFO  [org.apa.kaf.com.uti.AppInfoParser] (main) Kafka version: 3.9.1
2025-08-06 15:37:49,593 INFO  [org.apa.kaf.com.uti.AppInfoParser] (main) Kafka commitId: f745dfdcee2b9851
2025-08-06 15:37:49,593 INFO  [org.apa.kaf.com.uti.AppInfoParser] (main) Kafka startTimeMs: 1754494669593
**** Registry Base URL: http://registry-app-pg17.apps.ci419.apicurio-testing.org:80
2025-08-06 15:37:49,594 INFO  [org.apa.kaf.cli.con.ConsumerConfig] (main) ConsumerConfig values: 
	allow.auto.create.topics = true
	auto.commit.interval.ms = 500
	auto.include.jmx.reporter = true
	auto.offset.reset = earliest
	bootstrap.servers = [PLAINTEXT://localhost:32769]
	check.crcs = true
	client.dns.lookup = use_all_dns_ips
	client.id = consumer-Consumer-topic-bddfe5cb_45b9_4b81_93a7_736e2446747d-16
	client.rack = 
	connections.max.idle.ms = 10000
	default.api.timeout.ms = 60000
	enable.auto.commit = true
	enable.metrics.push = true
	exclude.internal.topics = true
	fetch.max.bytes = 52428800
	fetch.max.wait.ms = 500
	fetch.min.bytes = 1
	group.id = Consumer-topic-bddfe5cb_45b9_4b81_93a7_736e2446747d
	group.instance.id = null
	group.protocol = classic
	group.remote.assignor = null
	heartbeat.interval.ms = 3000
	interceptor.classes = []
	internal.leave.group.on.close = true
	internal.throw.on.fetch.stable.offset.unsupported = false
	isolation.level = read_uncommitted
	key.deserializer = class org.apache.kafka.common.serialization.StringDeserializer
	max.partition.fetch.bytes = 1048576
	max.poll.interval.ms = 300000
	max.poll.records = 500
	metadata.max.age.ms = 300000
	metadata.recovery.strategy = none
	metric.reporters = []
	metrics.num.samples = 2
	metrics.recording.level = INFO
	metrics.sample.window.ms = 30000
	partition.assignment.strategy = [class org.apache.kafka.clients.consumer.RangeAssignor, class org.apache.kafka.clients.consumer.CooperativeStickyAssignor]
	receive.buffer.bytes = 65536
	reconnect.backoff.max.ms = 1000
	reconnect.backoff.ms = 50
	request.timeout.ms = 5000
	retry.backoff.max.ms = 1000
	retry.backoff.ms = 100
	sasl.client.callback.handler.class = null
	sasl.jaas.config = null
	sasl.kerberos.kinit.cmd = /usr/bin/kinit
	sasl.kerberos.min.time.before.relogin = 60000
	sasl.kerberos.service.name = null
	sasl.kerberos.ticket.renew.jitter = 0.05
	sasl.kerberos.ticket.renew.window.factor = 0.8
	sasl.login.callback.handler.class = null
	sasl.login.class = null
	sasl.login.connect.timeout.ms = null
	sasl.login.read.timeout.ms = null
	sasl.login.refresh.buffer.seconds = 300
	sasl.login.refresh.min.period.seconds = 60
	sasl.login.refresh.window.factor = 0.8
	sasl.login.refresh.window.jitter = 0.05
	sasl.login.retry.backoff.max.ms = 10000
	sasl.login.retry.backoff.ms = 100
	sasl.mechanism = GSSAPI
	sasl.oauthbearer.clock.skew.seconds = 30
	sasl.oauthbearer.expected.audience = null
	sasl.oauthbearer.expected.issuer = null
	sasl.oauthbearer.header.urlencode = false
	sasl.oauthbearer.jwks.endpoint.refresh.ms = 3600000
	sasl.oauthbearer.jwks.endpoint.retry.backoff.max.ms = 10000
	sasl.oauthbearer.jwks.endpoint.retry.backoff.ms = 100
	sasl.oauthbearer.jwks.endpoint.url = null
	sasl.oauthbearer.scope.claim.name = scope
	sasl.oauthbearer.sub.claim.name = sub
	sasl.oauthbearer.token.endpoint.url = null
	security.protocol = PLAINTEXT
	security.providers = null
	send.buffer.bytes = 131072
	session.timeout.ms = 45000
	socket.connection.setup.timeout.max.ms = 30000
	socket.connection.setup.timeout.ms = 10000
	ssl.cipher.suites = null
	ssl.enabled.protocols = [TLSv1.2, TLSv1.3]
	ssl.endpoint.identification.algorithm = https
	ssl.engine.factory.class = null
	ssl.key.password = null
	ssl.keymanager.algorithm = SunX509
	ssl.keystore.certificate.chain = null
	ssl.keystore.key = null
	ssl.keystore.location = null
	ssl.keystore.password = null
	ssl.keystore.type = JKS
	ssl.protocol = TLSv1.3
	ssl.provider = null
	ssl.secure.random.implementation = null
	ssl.trustmanager.algorithm = PKIX
	ssl.truststore.certificates = null
	ssl.truststore.location = null
	ssl.truststore.password = null
	ssl.truststore.type = JKS
	value.deserializer = class io.apicurio.registry.serde.avro.AvroKafkaDeserializer

2025-08-06 15:37:49,594 INFO  [org.apa.kaf.com.tel.int.KafkaMetricsCollector] (main) initializing Kafka metrics collector
2025-08-06 15:37:49,602 INFO  [org.apa.kaf.cli.con.ConsumerConfig] (main) These configurations '[apicurio.registry.url]' were supplied but are not used yet.
2025-08-06 15:37:49,602 INFO  [org.apa.kaf.com.uti.AppInfoParser] (main) Kafka version: 3.9.1
2025-08-06 15:37:49,602 INFO  [org.apa.kaf.com.uti.AppInfoParser] (main) Kafka commitId: f745dfdcee2b9851
2025-08-06 15:37:49,602 INFO  [org.apa.kaf.com.uti.AppInfoParser] (main) Kafka startTimeMs: 1754494669602
2025-08-06 15:37:49,603 INFO  [io.api.tes.ser.api.KafkaSerdesTester] (Thread-713) Sending message {"key11754494668383": "value-0"} to topic topic-c5b28da0_070c_432f_adbf_66c32542ece6
2025-08-06 15:37:49,605 INFO  [DefaultSchemaResolver] (Thread-713) Retrieving schema content using string: {"type":"record","name":"myrecordconfluent","fields":[{"name":"key11754494668383","type":"string"}]}
2025-08-06 15:37:49,754 INFO  [io.api.tes.ser.api.KafkaSerdesTester] (Thread-713) Sending message {"key11754494668383": "value-1"} to topic topic-c5b28da0_070c_432f_adbf_66c32542ece6
2025-08-06 15:37:49,755 INFO  [io.api.tes.ser.api.KafkaSerdesTester] (Thread-713) Sending message {"key11754494668383": "value-2"} to topic topic-c5b28da0_070c_432f_adbf_66c32542ece6
2025-08-06 15:37:49,757 INFO  [io.api.tes.ser.api.KafkaSerdesTester] (Thread-713) Sending message {"key11754494668383": "value-3"} to topic topic-c5b28da0_070c_432f_adbf_66c32542ece6
2025-08-06 15:37:49,758 INFO  [io.api.tes.ser.api.KafkaSerdesTester] (Thread-713) Sending message {"key11754494668383": "value-4"} to topic topic-c5b28da0_070c_432f_adbf_66c32542ece6
2025-08-06 15:37:49,759 INFO  [io.api.tes.ser.api.KafkaSerdesTester] (Thread-713) Sending message {"key11754494668383": "value-5"} to topic topic-c5b28da0_070c_432f_adbf_66c32542ece6
2025-08-06 15:37:49,760 INFO  [io.api.tes.ser.api.KafkaSerdesTester] (Thread-713) Sending message {"key11754494668383": "value-6"} to topic topic-c5b28da0_070c_432f_adbf_66c32542ece6
2025-08-06 15:37:49,761 INFO  [io.api.tes.ser.api.KafkaSerdesTester] (Thread-713) Sending message {"key11754494668383": "value-7"} to topic topic-c5b28da0_070c_432f_adbf_66c32542ece6
2025-08-06 15:37:49,762 INFO  [io.api.tes.ser.api.KafkaSerdesTester] (Thread-713) Sending message {"key11754494668383": "value-8"} to topic topic-c5b28da0_070c_432f_adbf_66c32542ece6
2025-08-06 15:37:49,763 INFO  [io.api.tes.ser.api.KafkaSerdesTester] (Thread-713) Sending message {"key11754494668383": "value-9"} to topic topic-c5b28da0_070c_432f_adbf_66c32542ece6
2025-08-06 15:37:49,764 INFO  [io.api.tes.ser.api.KafkaSerdesTester] (Thread-713) Produced 10 messages
2025-08-06 15:37:49,764 INFO  [org.apa.kaf.cli.pro.KafkaProducer] (Thread-713) [Producer clientId=Producer-topic-c5b28da0_070c_432f_adbf_66c32542ece6] Closing the Kafka producer with timeoutMillis = 9223372036854775807 ms.
2025-08-06 15:37:49,765 INFO  [org.apa.kaf.com.met.Metrics] (Thread-713) Metrics scheduler closed
2025-08-06 15:37:49,766 INFO  [org.apa.kaf.com.met.Metrics] (Thread-713) Closing reporter org.apache.kafka.common.metrics.JmxReporter
2025-08-06 15:37:49,766 INFO  [org.apa.kaf.com.met.Metrics] (Thread-713) Closing reporter org.apache.kafka.common.telemetry.internals.ClientTelemetryReporter
2025-08-06 15:37:49,766 INFO  [org.apa.kaf.com.met.Metrics] (Thread-713) Metrics reporters closed
2025-08-06 15:37:49,766 INFO  [org.apa.kaf.com.uti.AppInfoParser] (Thread-713) App info kafka.producer for Producer-topic-c5b28da0_070c_432f_adbf_66c32542ece6 unregistered
2025-08-06 15:37:49,767 INFO  [io.api.tes.ser.api.KafkaSerdesTester] (Thread-714) Sending message {"key11754494668383": "value-0"} to topic topic-f78eaa4a_b80d_43e9_8619_01091c6f20c3
2025-08-06 15:37:49,772 INFO  [DefaultSchemaResolver] (Thread-714) Retrieving schema content using string: {"type":"record","name":"myrecordconfluent","fields":[{"name":"key11754494668383","type":"string"}]}
2025-08-06 15:37:49,931 INFO  [io.api.tes.ser.api.KafkaSerdesTester] (Thread-714) Sending message {"key11754494668383": "value-1"} to topic topic-f78eaa4a_b80d_43e9_8619_01091c6f20c3
2025-08-06 15:37:49,932 INFO  [io.api.tes.ser.api.KafkaSerdesTester] (Thread-714) Sending message {"key11754494668383": "value-2"} to topic topic-f78eaa4a_b80d_43e9_8619_01091c6f20c3
2025-08-06 15:37:49,933 INFO  [io.api.tes.ser.api.KafkaSerdesTester] (Thread-714) Sending message {"key11754494668383": "value-3"} to topic topic-f78eaa4a_b80d_43e9_8619_01091c6f20c3
2025-08-06 15:37:49,934 INFO  [io.api.tes.ser.api.KafkaSerdesTester] (Thread-714) Sending message {"key11754494668383": "value-4"} to topic topic-f78eaa4a_b80d_43e9_8619_01091c6f20c3
2025-08-06 15:37:49,935 INFO  [io.api.tes.ser.api.KafkaSerdesTester] (Thread-714) Sending message {"key11754494668383": "value-5"} to topic topic-f78eaa4a_b80d_43e9_8619_01091c6f20c3
2025-08-06 15:37:49,936 INFO  [io.api.tes.ser.api.KafkaSerdesTester] (Thread-714) Sending message {"key11754494668383": "value-6"} to topic topic-f78eaa4a_b80d_43e9_8619_01091c6f20c3
2025-08-06 15:37:49,937 INFO  [io.api.tes.ser.api.KafkaSerdesTester] (Thread-714) Sending message {"key11754494668383": "value-7"} to topic topic-f78eaa4a_b80d_43e9_8619_01091c6f20c3
2025-08-06 15:37:49,938 INFO  [io.api.tes.ser.api.KafkaSerdesTester] (Thread-714) Sending message {"key11754494668383": "value-8"} to topic topic-f78eaa4a_b80d_43e9_8619_01091c6f20c3
2025-08-06 15:37:49,939 INFO  [io.api.tes.ser.api.KafkaSerdesTester] (Thread-714) Sending message {"key11754494668383": "value-9"} to topic topic-f78eaa4a_b80d_43e9_8619_01091c6f20c3
2025-08-06 15:37:49,940 INFO  [io.api.tes.ser.api.KafkaSerdesTester] (Thread-714) Produced 10 messages
2025-08-06 15:37:49,940 INFO  [org.apa.kaf.cli.pro.KafkaProducer] (Thread-714) [Producer clientId=Producer-topic-f78eaa4a_b80d_43e9_8619_01091c6f20c3] Closing the Kafka producer with timeoutMillis = 9223372036854775807 ms.
2025-08-06 15:37:49,942 INFO  [org.apa.kaf.com.met.Metrics] (Thread-714) Metrics scheduler closed
2025-08-06 15:37:49,942 INFO  [org.apa.kaf.com.met.Metrics] (Thread-714) Closing reporter org.apache.kafka.common.metrics.JmxReporter
2025-08-06 15:37:49,942 INFO  [org.apa.kaf.com.met.Metrics] (Thread-714) Closing reporter org.apache.kafka.common.telemetry.internals.ClientTelemetryReporter
2025-08-06 15:37:49,942 INFO  [org.apa.kaf.com.met.Metrics] (Thread-714) Metrics reporters closed
2025-08-06 15:37:49,942 INFO  [org.apa.kaf.com.uti.AppInfoParser] (Thread-714) App info kafka.producer for Producer-topic-f78eaa4a_b80d_43e9_8619_01091c6f20c3 unregistered
2025-08-06 15:37:49,943 INFO  [io.api.tes.ser.api.KafkaSerdesTester] (Thread-715) Sending message {"key11754494668383": "value-0"} to topic topic-bddfe5cb_45b9_4b81_93a7_736e2446747d
2025-08-06 15:37:49,948 INFO  [DefaultSchemaResolver] (Thread-715) Retrieving schema content using string: {"type":"record","name":"myrecordconfluent","fields":[{"name":"key11754494668383","type":"string"}]}
2025-08-06 15:37:50,100 INFO  [io.api.tes.ser.api.KafkaSerdesTester] (Thread-715) Sending message {"key11754494668383": "value-1"} to topic topic-bddfe5cb_45b9_4b81_93a7_736e2446747d
2025-08-06 15:37:50,102 INFO  [io.api.tes.ser.api.KafkaSerdesTester] (Thread-715) Sending message {"key11754494668383": "value-2"} to topic topic-bddfe5cb_45b9_4b81_93a7_736e2446747d
2025-08-06 15:37:50,103 INFO  [io.api.tes.ser.api.KafkaSerdesTester] (Thread-715) Sending message {"key11754494668383": "value-3"} to topic topic-bddfe5cb_45b9_4b81_93a7_736e2446747d
2025-08-06 15:37:50,105 INFO  [io.api.tes.ser.api.KafkaSerdesTester] (Thread-715) Sending message {"key11754494668383": "value-4"} to topic topic-bddfe5cb_45b9_4b81_93a7_736e2446747d
2025-08-06 15:37:50,106 INFO  [io.api.tes.ser.api.KafkaSerdesTester] (Thread-715) Sending message {"key11754494668383": "value-5"} to topic topic-bddfe5cb_45b9_4b81_93a7_736e2446747d
2025-08-06 15:37:50,107 INFO  [io.api.tes.ser.api.KafkaSerdesTester] (Thread-715) Sending message {"key11754494668383": "value-6"} to topic topic-bddfe5cb_45b9_4b81_93a7_736e2446747d
2025-08-06 15:37:50,109 INFO  [io.api.tes.ser.api.KafkaSerdesTester] (Thread-715) Sending message {"key11754494668383": "value-7"} to topic topic-bddfe5cb_45b9_4b81_93a7_736e2446747d
2025-08-06 15:37:50,112 INFO  [io.api.tes.ser.api.KafkaSerdesTester] (Thread-715) Sending message {"key11754494668383": "value-8"} to topic topic-bddfe5cb_45b9_4b81_93a7_736e2446747d
2025-08-06 15:37:50,114 INFO  [io.api.tes.ser.api.KafkaSerdesTester] (Thread-715) Sending message {"key11754494668383": "value-9"} to topic topic-bddfe5cb_45b9_4b81_93a7_736e2446747d
2025-08-06 15:37:50,115 INFO  [io.api.tes.ser.api.KafkaSerdesTester] (Thread-715) Produced 10 messages
2025-08-06 15:37:50,115 INFO  [org.apa.kaf.cli.pro.KafkaProducer] (Thread-715) [Producer clientId=Producer-topic-bddfe5cb_45b9_4b81_93a7_736e2446747d] Closing the Kafka producer with timeoutMillis = 9223372036854775807 ms.
2025-08-06 15:37:50,117 INFO  [org.apa.kaf.com.met.Metrics] (Thread-715) Metrics scheduler closed
2025-08-06 15:37:50,117 INFO  [org.apa.kaf.com.met.Metrics] (Thread-715) Closing reporter org.apache.kafka.common.metrics.JmxReporter
2025-08-06 15:37:50,117 INFO  [org.apa.kaf.com.met.Metrics] (Thread-715) Closing reporter org.apache.kafka.common.telemetry.internals.ClientTelemetryReporter
2025-08-06 15:37:50,117 INFO  [org.apa.kaf.com.met.Metrics] (Thread-715) Metrics reporters closed
2025-08-06 15:37:50,118 INFO  [org.apa.kaf.com.uti.AppInfoParser] (Thread-715) App info kafka.producer for Producer-topic-bddfe5cb_45b9_4b81_93a7_736e2446747d unregistered
2025-08-06 15:37:50,118 INFO  [org.apa.kaf.cli.con.int.ClassicKafkaConsumer] (Thread-716) [Consumer clientId=consumer-Consumer-topic-c5b28da0_070c_432f_adbf_66c32542ece6-14, groupId=Consumer-topic-c5b28da0_070c_432f_adbf_66c32542ece6] Subscribed to topic(s): topic-c5b28da0_070c_432f_adbf_66c32542ece6
2025-08-06 15:37:50,122 INFO  [org.apa.kaf.cli.Metadata] (Thread-716) [Consumer clientId=consumer-Consumer-topic-c5b28da0_070c_432f_adbf_66c32542ece6-14, groupId=Consumer-topic-c5b28da0_070c_432f_adbf_66c32542ece6] Cluster ID: xNUQX5UBRx2CPqcHCglV-w
2025-08-06 15:37:50,125 INFO  [org.apa.kaf.cli.con.int.ConsumerCoordinator] (Thread-716) [Consumer clientId=consumer-Consumer-topic-c5b28da0_070c_432f_adbf_66c32542ece6-14, groupId=Consumer-topic-c5b28da0_070c_432f_adbf_66c32542ece6] Discovered group coordinator localhost:32769 (id: 2147483647 rack: null)
2025-08-06 15:37:50,126 INFO  [org.apa.kaf.cli.con.int.ConsumerCoordinator] (Thread-716) [Consumer clientId=consumer-Consumer-topic-c5b28da0_070c_432f_adbf_66c32542ece6-14, groupId=Consumer-topic-c5b28da0_070c_432f_adbf_66c32542ece6] (Re-)joining group
2025-08-06 15:37:50,129 INFO  [org.apa.kaf.cli.con.int.ConsumerCoordinator] (Thread-716) [Consumer clientId=consumer-Consumer-topic-c5b28da0_070c_432f_adbf_66c32542ece6-14, groupId=Consumer-topic-c5b28da0_070c_432f_adbf_66c32542ece6] Request joining group due to: need to re-join with the given member-id: consumer-Consumer-topic-c5b28da0_070c_432f_adbf_66c32542ece6-14-56023e20-c01d-4def-a731-a9c575f23418
2025-08-06 15:37:50,129 INFO  [org.apa.kaf.cli.con.int.ConsumerCoordinator] (Thread-716) [Consumer clientId=consumer-Consumer-topic-c5b28da0_070c_432f_adbf_66c32542ece6-14, groupId=Consumer-topic-c5b28da0_070c_432f_adbf_66c32542ece6] (Re-)joining group
2025-08-06 15:37:51,118 INFO  [io.api.tes.ser.api.KafkaSerdesTester] (Thread-716) None found
2025-08-06 15:37:52,118 INFO  [io.api.tes.ser.api.KafkaSerdesTester] (Thread-716) None found
2025-08-06 15:37:53,118 INFO  [io.api.tes.ser.api.KafkaSerdesTester] (Thread-716) None found
2025-08-06 15:37:53,131 INFO  [org.apa.kaf.cli.con.int.ConsumerCoordinator] (Thread-716) [Consumer clientId=consumer-Consumer-topic-c5b28da0_070c_432f_adbf_66c32542ece6-14, groupId=Consumer-topic-c5b28da0_070c_432f_adbf_66c32542ece6] Successfully joined group with generation Generation{generationId=1, memberId='consumer-Consumer-topic-c5b28da0_070c_432f_adbf_66c32542ece6-14-56023e20-c01d-4def-a731-a9c575f23418', protocol='range'}
2025-08-06 15:37:53,131 INFO  [org.apa.kaf.cli.con.int.ConsumerCoordinator] (Thread-716) [Consumer clientId=consumer-Consumer-topic-c5b28da0_070c_432f_adbf_66c32542ece6-14, groupId=Consumer-topic-c5b28da0_070c_432f_adbf_66c32542ece6] Finished assignment for group at generation 1: {consumer-Consumer-topic-c5b28da0_070c_432f_adbf_66c32542ece6-14-56023e20-c01d-4def-a731-a9c575f23418=Assignment(partitions=[topic-c5b28da0_070c_432f_adbf_66c32542ece6-0])}
2025-08-06 15:37:53,138 INFO  [org.apa.kaf.cli.con.int.ConsumerCoordinator] (Thread-716) [Consumer clientId=consumer-Consumer-topic-c5b28da0_070c_432f_adbf_66c32542ece6-14, groupId=Consumer-topic-c5b28da0_070c_432f_adbf_66c32542ece6] Successfully synced group in generation Generation{generationId=1, memberId='consumer-Consumer-topic-c5b28da0_070c_432f_adbf_66c32542ece6-14-56023e20-c01d-4def-a731-a9c575f23418', protocol='range'}
2025-08-06 15:37:53,138 INFO  [org.apa.kaf.cli.con.int.ConsumerCoordinator] (Thread-716) [Consumer clientId=consumer-Consumer-topic-c5b28da0_070c_432f_adbf_66c32542ece6-14, groupId=Consumer-topic-c5b28da0_070c_432f_adbf_66c32542ece6] Notifying assignor about the new Assignment(partitions=[topic-c5b28da0_070c_432f_adbf_66c32542ece6-0])
2025-08-06 15:37:53,138 INFO  [org.apa.kaf.cli.con.int.ConsumerRebalanceListenerInvoker] (Thread-716) [Consumer clientId=consumer-Consumer-topic-c5b28da0_070c_432f_adbf_66c32542ece6-14, groupId=Consumer-topic-c5b28da0_070c_432f_adbf_66c32542ece6] Adding newly assigned partitions: topic-c5b28da0_070c_432f_adbf_66c32542ece6-0
2025-08-06 15:37:53,139 INFO  [org.apa.kaf.cli.con.int.ConsumerCoordinator] (Thread-716) [Consumer clientId=consumer-Consumer-topic-c5b28da0_070c_432f_adbf_66c32542ece6-14, groupId=Consumer-topic-c5b28da0_070c_432f_adbf_66c32542ece6] Found no committed offset for partition topic-c5b28da0_070c_432f_adbf_66c32542ece6-0
2025-08-06 15:37:53,141 INFO  [org.apa.kaf.cli.con.int.SubscriptionState] (Thread-716) [Consumer clientId=consumer-Consumer-topic-c5b28da0_070c_432f_adbf_66c32542ece6-14, groupId=Consumer-topic-c5b28da0_070c_432f_adbf_66c32542ece6] Resetting offset for partition topic-c5b28da0_070c_432f_adbf_66c32542ece6-0 to position FetchPosition{offset=0, offsetEpoch=Optional.empty, currentLeader=LeaderAndEpoch{leader=Optional[localhost:32769 (id: 0 rack: null)], epoch=0}}.
2025-08-06 15:37:53,367 INFO  [io.api.tes.ser.api.KafkaSerdesTester] (Thread-716) topic-c5b28da0_070c_432f_adbf_66c32542ece6 0 0 {"key11754494668383": "value-0"}
2025-08-06 15:37:53,367 INFO  [io.api.tes.ser.api.KafkaSerdesTester] (Thread-716) topic-c5b28da0_070c_432f_adbf_66c32542ece6 0 1 {"key11754494668383": "value-1"}
2025-08-06 15:37:53,367 INFO  [io.api.tes.ser.api.KafkaSerdesTester] (Thread-716) topic-c5b28da0_070c_432f_adbf_66c32542ece6 0 2 {"key11754494668383": "value-2"}
2025-08-06 15:37:53,367 INFO  [io.api.tes.ser.api.KafkaSerdesTester] (Thread-716) topic-c5b28da0_070c_432f_adbf_66c32542ece6 0 3 {"key11754494668383": "value-3"}
2025-08-06 15:37:53,367 INFO  [io.api.tes.ser.api.KafkaSerdesTester] (Thread-716) topic-c5b28da0_070c_432f_adbf_66c32542ece6 0 4 {"key11754494668383": "value-4"}
2025-08-06 15:37:53,367 INFO  [io.api.tes.ser.api.KafkaSerdesTester] (Thread-716) topic-c5b28da0_070c_432f_adbf_66c32542ece6 0 5 {"key11754494668383": "value-5"}
2025-08-06 15:37:53,367 INFO  [io.api.tes.ser.api.KafkaSerdesTester] (Thread-716) topic-c5b28da0_070c_432f_adbf_66c32542ece6 0 6 {"key11754494668383": "value-6"}
2025-08-06 15:37:53,367 INFO  [io.api.tes.ser.api.KafkaSerdesTester] (Thread-716) topic-c5b28da0_070c_432f_adbf_66c32542ece6 0 7 {"key11754494668383": "value-7"}
2025-08-06 15:37:53,368 INFO  [io.api.tes.ser.api.KafkaSerdesTester] (Thread-716) topic-c5b28da0_070c_432f_adbf_66c32542ece6 0 8 {"key11754494668383": "value-8"}
2025-08-06 15:37:53,368 INFO  [io.api.tes.ser.api.KafkaSerdesTester] (Thread-716) topic-c5b28da0_070c_432f_adbf_66c32542ece6 0 9 {"key11754494668383": "value-9"}
2025-08-06 15:37:53,368 INFO  [io.api.tes.ser.api.KafkaSerdesTester] (Thread-716) Consumed 10 messages
2025-08-06 15:37:53,375 INFO  [org.apa.kaf.cli.con.int.ConsumerRebalanceListenerInvoker] (Thread-716) [Consumer clientId=consumer-Consumer-topic-c5b28da0_070c_432f_adbf_66c32542ece6-14, groupId=Consumer-topic-c5b28da0_070c_432f_adbf_66c32542ece6] Revoke previously assigned partitions topic-c5b28da0_070c_432f_adbf_66c32542ece6-0
2025-08-06 15:37:53,375 INFO  [org.apa.kaf.cli.con.int.ConsumerCoordinator] (Thread-716) [Consumer clientId=consumer-Consumer-topic-c5b28da0_070c_432f_adbf_66c32542ece6-14, groupId=Consumer-topic-c5b28da0_070c_432f_adbf_66c32542ece6] Member consumer-Consumer-topic-c5b28da0_070c_432f_adbf_66c32542ece6-14-56023e20-c01d-4def-a731-a9c575f23418 sending LeaveGroup request to coordinator localhost:32769 (id: 2147483647 rack: null) due to the consumer is being closed
2025-08-06 15:37:53,376 INFO  [org.apa.kaf.cli.con.int.ConsumerCoordinator] (Thread-716) [Consumer clientId=consumer-Consumer-topic-c5b28da0_070c_432f_adbf_66c32542ece6-14, groupId=Consumer-topic-c5b28da0_070c_432f_adbf_66c32542ece6] Resetting generation and member id due to: consumer pro-actively leaving the group
2025-08-06 15:37:53,376 INFO  [org.apa.kaf.cli.con.int.ConsumerCoordinator] (Thread-716) [Consumer clientId=consumer-Consumer-topic-c5b28da0_070c_432f_adbf_66c32542ece6-14, groupId=Consumer-topic-c5b28da0_070c_432f_adbf_66c32542ece6] Request joining group due to: consumer pro-actively leaving the group
2025-08-06 15:37:53,871 INFO  [org.apa.kaf.com.met.Metrics] (Thread-716) Metrics scheduler closed
2025-08-06 15:37:53,871 INFO  [org.apa.kaf.com.met.Metrics] (Thread-716) Closing reporter org.apache.kafka.common.metrics.JmxReporter
2025-08-06 15:37:53,871 INFO  [org.apa.kaf.com.met.Metrics] (Thread-716) Closing reporter org.apache.kafka.common.telemetry.internals.ClientTelemetryReporter
2025-08-06 15:37:53,871 INFO  [org.apa.kaf.com.met.Metrics] (Thread-716) Metrics reporters closed
2025-08-06 15:37:53,873 INFO  [org.apa.kaf.com.uti.AppInfoParser] (Thread-716) App info kafka.consumer for consumer-Consumer-topic-c5b28da0_070c_432f_adbf_66c32542ece6-14 unregistered
2025-08-06 15:37:53,874 INFO  [org.apa.kaf.cli.con.int.ClassicKafkaConsumer] (Thread-717) [Consumer clientId=consumer-Consumer-topic-f78eaa4a_b80d_43e9_8619_01091c6f20c3-15, groupId=Consumer-topic-f78eaa4a_b80d_43e9_8619_01091c6f20c3] Subscribed to topic(s): topic-f78eaa4a_b80d_43e9_8619_01091c6f20c3
2025-08-06 15:37:53,880 INFO  [org.apa.kaf.cli.Metadata] (Thread-717) [Consumer clientId=consumer-Consumer-topic-f78eaa4a_b80d_43e9_8619_01091c6f20c3-15, groupId=Consumer-topic-f78eaa4a_b80d_43e9_8619_01091c6f20c3] Cluster ID: xNUQX5UBRx2CPqcHCglV-w
2025-08-06 15:37:53,880 INFO  [org.apa.kaf.cli.con.int.ConsumerCoordinator] (Thread-717) [Consumer clientId=consumer-Consumer-topic-f78eaa4a_b80d_43e9_8619_01091c6f20c3-15, groupId=Consumer-topic-f78eaa4a_b80d_43e9_8619_01091c6f20c3] Discovered group coordinator localhost:32769 (id: 2147483647 rack: null)
2025-08-06 15:37:53,882 INFO  [org.apa.kaf.cli.con.int.ConsumerCoordinator] (Thread-717) [Consumer clientId=consumer-Consumer-topic-f78eaa4a_b80d_43e9_8619_01091c6f20c3-15, groupId=Consumer-topic-f78eaa4a_b80d_43e9_8619_01091c6f20c3] (Re-)joining group
2025-08-06 15:37:53,885 INFO  [org.apa.kaf.cli.con.int.ConsumerCoordinator] (Thread-717) [Consumer clientId=consumer-Consumer-topic-f78eaa4a_b80d_43e9_8619_01091c6f20c3-15, groupId=Consumer-topic-f78eaa4a_b80d_43e9_8619_01091c6f20c3] Request joining group due to: need to re-join with the given member-id: consumer-Consumer-topic-f78eaa4a_b80d_43e9_8619_01091c6f20c3-15-a486d9ae-f9e6-4633-860c-eff378227937
2025-08-06 15:37:53,885 INFO  [org.apa.kaf.cli.con.int.ConsumerCoordinator] (Thread-717) [Consumer clientId=consumer-Consumer-topic-f78eaa4a_b80d_43e9_8619_01091c6f20c3-15, groupId=Consumer-topic-f78eaa4a_b80d_43e9_8619_01091c6f20c3] (Re-)joining group
2025-08-06 15:37:54,874 INFO  [io.api.tes.ser.api.KafkaSerdesTester] (Thread-717) None found
2025-08-06 15:37:55,874 INFO  [io.api.tes.ser.api.KafkaSerdesTester] (Thread-717) None found
2025-08-06 15:37:56,874 INFO  [io.api.tes.ser.api.KafkaSerdesTester] (Thread-717) None found
2025-08-06 15:37:56,887 INFO  [org.apa.kaf.cli.con.int.ConsumerCoordinator] (Thread-717) [Consumer clientId=consumer-Consumer-topic-f78eaa4a_b80d_43e9_8619_01091c6f20c3-15, groupId=Consumer-topic-f78eaa4a_b80d_43e9_8619_01091c6f20c3] Successfully joined group with generation Generation{generationId=1, memberId='consumer-Consumer-topic-f78eaa4a_b80d_43e9_8619_01091c6f20c3-15-a486d9ae-f9e6-4633-860c-eff378227937', protocol='range'}
2025-08-06 15:37:56,887 INFO  [org.apa.kaf.cli.con.int.ConsumerCoordinator] (Thread-717) [Consumer clientId=consumer-Consumer-topic-f78eaa4a_b80d_43e9_8619_01091c6f20c3-15, groupId=Consumer-topic-f78eaa4a_b80d_43e9_8619_01091c6f20c3] Finished assignment for group at generation 1: {consumer-Consumer-topic-f78eaa4a_b80d_43e9_8619_01091c6f20c3-15-a486d9ae-f9e6-4633-860c-eff378227937=Assignment(partitions=[topic-f78eaa4a_b80d_43e9_8619_01091c6f20c3-0])}
2025-08-06 15:37:56,894 INFO  [org.apa.kaf.cli.con.int.ConsumerCoordinator] (Thread-717) [Consumer clientId=consumer-Consumer-topic-f78eaa4a_b80d_43e9_8619_01091c6f20c3-15, groupId=Consumer-topic-f78eaa4a_b80d_43e9_8619_01091c6f20c3] Successfully synced group in generation Generation{generationId=1, memberId='consumer-Consumer-topic-f78eaa4a_b80d_43e9_8619_01091c6f20c3-15-a486d9ae-f9e6-4633-860c-eff378227937', protocol='range'}
2025-08-06 15:37:56,894 INFO  [org.apa.kaf.cli.con.int.ConsumerCoordinator] (Thread-717) [Consumer clientId=consumer-Consumer-topic-f78eaa4a_b80d_43e9_8619_01091c6f20c3-15, groupId=Consumer-topic-f78eaa4a_b80d_43e9_8619_01091c6f20c3] Notifying assignor about the new Assignment(partitions=[topic-f78eaa4a_b80d_43e9_8619_01091c6f20c3-0])
2025-08-06 15:37:56,894 INFO  [org.apa.kaf.cli.con.int.ConsumerRebalanceListenerInvoker] (Thread-717) [Consumer clientId=consumer-Consumer-topic-f78eaa4a_b80d_43e9_8619_01091c6f20c3-15, groupId=Consumer-topic-f78eaa4a_b80d_43e9_8619_01091c6f20c3] Adding newly assigned partitions: topic-f78eaa4a_b80d_43e9_8619_01091c6f20c3-0
2025-08-06 15:37:56,894 INFO  [org.apa.kaf.cli.con.int.ConsumerCoordinator] (Thread-717) [Consumer clientId=consumer-Consumer-topic-f78eaa4a_b80d_43e9_8619_01091c6f20c3-15, groupId=Consumer-topic-f78eaa4a_b80d_43e9_8619_01091c6f20c3] Found no committed offset for partition topic-f78eaa4a_b80d_43e9_8619_01091c6f20c3-0
2025-08-06 15:37:56,897 INFO  [org.apa.kaf.cli.con.int.SubscriptionState] (Thread-717) [Consumer clientId=consumer-Consumer-topic-f78eaa4a_b80d_43e9_8619_01091c6f20c3-15, groupId=Consumer-topic-f78eaa4a_b80d_43e9_8619_01091c6f20c3] Resetting offset for partition topic-f78eaa4a_b80d_43e9_8619_01091c6f20c3-0 to position FetchPosition{offset=0, offsetEpoch=Optional.empty, currentLeader=LeaderAndEpoch{leader=Optional[localhost:32769 (id: 0 rack: null)], epoch=0}}.
2025-08-06 15:37:57,121 INFO  [io.api.tes.ser.api.KafkaSerdesTester] (Thread-717) topic-f78eaa4a_b80d_43e9_8619_01091c6f20c3 0 0 {"key11754494668383": "value-0"}
2025-08-06 15:37:57,121 INFO  [io.api.tes.ser.api.KafkaSerdesTester] (Thread-717) topic-f78eaa4a_b80d_43e9_8619_01091c6f20c3 0 1 {"key11754494668383": "value-1"}
2025-08-06 15:37:57,121 INFO  [io.api.tes.ser.api.KafkaSerdesTester] (Thread-717) topic-f78eaa4a_b80d_43e9_8619_01091c6f20c3 0 2 {"key11754494668383": "value-2"}
2025-08-06 15:37:57,121 INFO  [io.api.tes.ser.api.KafkaSerdesTester] (Thread-717) topic-f78eaa4a_b80d_43e9_8619_01091c6f20c3 0 3 {"key11754494668383": "value-3"}
2025-08-06 15:37:57,121 INFO  [io.api.tes.ser.api.KafkaSerdesTester] (Thread-717) topic-f78eaa4a_b80d_43e9_8619_01091c6f20c3 0 4 {"key11754494668383": "value-4"}
2025-08-06 15:37:57,121 INFO  [io.api.tes.ser.api.KafkaSerdesTester] (Thread-717) topic-f78eaa4a_b80d_43e9_8619_01091c6f20c3 0 5 {"key11754494668383": "value-5"}
2025-08-06 15:37:57,121 INFO  [io.api.tes.ser.api.KafkaSerdesTester] (Thread-717) topic-f78eaa4a_b80d_43e9_8619_01091c6f20c3 0 6 {"key11754494668383": "value-6"}
2025-08-06 15:37:57,121 INFO  [io.api.tes.ser.api.KafkaSerdesTester] (Thread-717) topic-f78eaa4a_b80d_43e9_8619_01091c6f20c3 0 7 {"key11754494668383": "value-7"}
2025-08-06 15:37:57,121 INFO  [io.api.tes.ser.api.KafkaSerdesTester] (Thread-717) topic-f78eaa4a_b80d_43e9_8619_01091c6f20c3 0 8 {"key11754494668383": "value-8"}
2025-08-06 15:37:57,121 INFO  [io.api.tes.ser.api.KafkaSerdesTester] (Thread-717) topic-f78eaa4a_b80d_43e9_8619_01091c6f20c3 0 9 {"key11754494668383": "value-9"}
2025-08-06 15:37:57,121 INFO  [io.api.tes.ser.api.KafkaSerdesTester] (Thread-717) Consumed 10 messages
2025-08-06 15:37:57,128 INFO  [org.apa.kaf.cli.con.int.ConsumerRebalanceListenerInvoker] (Thread-717) [Consumer clientId=consumer-Consumer-topic-f78eaa4a_b80d_43e9_8619_01091c6f20c3-15, groupId=Consumer-topic-f78eaa4a_b80d_43e9_8619_01091c6f20c3] Revoke previously assigned partitions topic-f78eaa4a_b80d_43e9_8619_01091c6f20c3-0
2025-08-06 15:37:57,128 INFO  [org.apa.kaf.cli.con.int.ConsumerCoordinator] (Thread-717) [Consumer clientId=consumer-Consumer-topic-f78eaa4a_b80d_43e9_8619_01091c6f20c3-15, groupId=Consumer-topic-f78eaa4a_b80d_43e9_8619_01091c6f20c3] Member consumer-Consumer-topic-f78eaa4a_b80d_43e9_8619_01091c6f20c3-15-a486d9ae-f9e6-4633-860c-eff378227937 sending LeaveGroup request to coordinator localhost:32769 (id: 2147483647 rack: null) due to the consumer is being closed
2025-08-06 15:37:57,128 INFO  [org.apa.kaf.cli.con.int.ConsumerCoordinator] (Thread-717) [Consumer clientId=consumer-Consumer-topic-f78eaa4a_b80d_43e9_8619_01091c6f20c3-15, groupId=Consumer-topic-f78eaa4a_b80d_43e9_8619_01091c6f20c3] Resetting generation and member id due to: consumer pro-actively leaving the group
2025-08-06 15:37:57,129 INFO  [org.apa.kaf.cli.con.int.ConsumerCoordinator] (Thread-717) [Consumer clientId=consumer-Consumer-topic-f78eaa4a_b80d_43e9_8619_01091c6f20c3-15, groupId=Consumer-topic-f78eaa4a_b80d_43e9_8619_01091c6f20c3] Request joining group due to: consumer pro-actively leaving the group
2025-08-06 15:37:57,623 INFO  [org.apa.kaf.com.met.Metrics] (Thread-717) Metrics scheduler closed
2025-08-06 15:37:57,623 INFO  [org.apa.kaf.com.met.Metrics] (Thread-717) Closing reporter org.apache.kafka.common.metrics.JmxReporter
2025-08-06 15:37:57,623 INFO  [org.apa.kaf.com.met.Metrics] (Thread-717) Closing reporter org.apache.kafka.common.telemetry.internals.ClientTelemetryReporter
2025-08-06 15:37:57,623 INFO  [org.apa.kaf.com.met.Metrics] (Thread-717) Metrics reporters closed
2025-08-06 15:37:57,626 INFO  [org.apa.kaf.com.uti.AppInfoParser] (Thread-717) App info kafka.consumer for consumer-Consumer-topic-f78eaa4a_b80d_43e9_8619_01091c6f20c3-15 unregistered
2025-08-06 15:37:57,627 INFO  [org.apa.kaf.cli.con.int.ClassicKafkaConsumer] (Thread-718) [Consumer clientId=consumer-Consumer-topic-bddfe5cb_45b9_4b81_93a7_736e2446747d-16, groupId=Consumer-topic-bddfe5cb_45b9_4b81_93a7_736e2446747d] Subscribed to topic(s): topic-bddfe5cb_45b9_4b81_93a7_736e2446747d
2025-08-06 15:37:57,632 INFO  [org.apa.kaf.cli.Metadata] (Thread-718) [Consumer clientId=consumer-Consumer-topic-bddfe5cb_45b9_4b81_93a7_736e2446747d-16, groupId=Consumer-topic-bddfe5cb_45b9_4b81_93a7_736e2446747d] Cluster ID: xNUQX5UBRx2CPqcHCglV-w
2025-08-06 15:37:57,632 INFO  [org.apa.kaf.cli.con.int.ConsumerCoordinator] (Thread-718) [Consumer clientId=consumer-Consumer-topic-bddfe5cb_45b9_4b81_93a7_736e2446747d-16, groupId=Consumer-topic-bddfe5cb_45b9_4b81_93a7_736e2446747d] Discovered group coordinator localhost:32769 (id: 2147483647 rack: null)
2025-08-06 15:37:57,633 INFO  [org.apa.kaf.cli.con.int.ConsumerCoordinator] (Thread-718) [Consumer clientId=consumer-Consumer-topic-bddfe5cb_45b9_4b81_93a7_736e2446747d-16, groupId=Consumer-topic-bddfe5cb_45b9_4b81_93a7_736e2446747d] (Re-)joining group
2025-08-06 15:37:57,637 INFO  [org.apa.kaf.cli.con.int.ConsumerCoordinator] (Thread-718) [Consumer clientId=consumer-Consumer-topic-bddfe5cb_45b9_4b81_93a7_736e2446747d-16, groupId=Consumer-topic-bddfe5cb_45b9_4b81_93a7_736e2446747d] Request joining group due to: need to re-join with the given member-id: consumer-Consumer-topic-bddfe5cb_45b9_4b81_93a7_736e2446747d-16-e37e4b01-2c91-4a56-88da-d7f6581dd431
2025-08-06 15:37:57,637 INFO  [org.apa.kaf.cli.con.int.ConsumerCoordinator] (Thread-718) [Consumer clientId=consumer-Consumer-topic-bddfe5cb_45b9_4b81_93a7_736e2446747d-16, groupId=Consumer-topic-bddfe5cb_45b9_4b81_93a7_736e2446747d] (Re-)joining group
2025-08-06 15:37:58,627 INFO  [io.api.tes.ser.api.KafkaSerdesTester] (Thread-718) None found
2025-08-06 15:37:59,627 INFO  [io.api.tes.ser.api.KafkaSerdesTester] (Thread-718) None found
2025-08-06 15:38:00,627 INFO  [io.api.tes.ser.api.KafkaSerdesTester] (Thread-718) None found
2025-08-06 15:38:00,640 INFO  [org.apa.kaf.cli.con.int.ConsumerCoordinator] (Thread-718) [Consumer clientId=consumer-Consumer-topic-bddfe5cb_45b9_4b81_93a7_736e2446747d-16, groupId=Consumer-topic-bddfe5cb_45b9_4b81_93a7_736e2446747d] Successfully joined group with generation Generation{generationId=1, memberId='consumer-Consumer-topic-bddfe5cb_45b9_4b81_93a7_736e2446747d-16-e37e4b01-2c91-4a56-88da-d7f6581dd431', protocol='range'}
2025-08-06 15:38:00,640 INFO  [org.apa.kaf.cli.con.int.ConsumerCoordinator] (Thread-718) [Consumer clientId=consumer-Consumer-topic-bddfe5cb_45b9_4b81_93a7_736e2446747d-16, groupId=Consumer-topic-bddfe5cb_45b9_4b81_93a7_736e2446747d] Finished assignment for group at generation 1: {consumer-Consumer-topic-bddfe5cb_45b9_4b81_93a7_736e2446747d-16-e37e4b01-2c91-4a56-88da-d7f6581dd431=Assignment(partitions=[topic-bddfe5cb_45b9_4b81_93a7_736e2446747d-0])}
2025-08-06 15:38:00,646 INFO  [org.apa.kaf.cli.con.int.ConsumerCoordinator] (Thread-718) [Consumer clientId=consumer-Consumer-topic-bddfe5cb_45b9_4b81_93a7_736e2446747d-16, groupId=Consumer-topic-bddfe5cb_45b9_4b81_93a7_736e2446747d] Successfully synced group in generation Generation{generationId=1, memberId='consumer-Consumer-topic-bddfe5cb_45b9_4b81_93a7_736e2446747d-16-e37e4b01-2c91-4a56-88da-d7f6581dd431', protocol='range'}
2025-08-06 15:38:00,646 INFO  [org.apa.kaf.cli.con.int.ConsumerCoordinator] (Thread-718) [Consumer clientId=consumer-Consumer-topic-bddfe5cb_45b9_4b81_93a7_736e2446747d-16, groupId=Consumer-topic-bddfe5cb_45b9_4b81_93a7_736e2446747d] Notifying assignor about the new Assignment(partitions=[topic-bddfe5cb_45b9_4b81_93a7_736e2446747d-0])
2025-08-06 15:38:00,646 INFO  [org.apa.kaf.cli.con.int.ConsumerRebalanceListenerInvoker] (Thread-718) [Consumer clientId=consumer-Consumer-topic-bddfe5cb_45b9_4b81_93a7_736e2446747d-16, groupId=Consumer-topic-bddfe5cb_45b9_4b81_93a7_736e2446747d] Adding newly assigned partitions: topic-bddfe5cb_45b9_4b81_93a7_736e2446747d-0
2025-08-06 15:38:00,647 INFO  [org.apa.kaf.cli.con.int.ConsumerCoordinator] (Thread-718) [Consumer clientId=consumer-Consumer-topic-bddfe5cb_45b9_4b81_93a7_736e2446747d-16, groupId=Consumer-topic-bddfe5cb_45b9_4b81_93a7_736e2446747d] Found no committed offset for partition topic-bddfe5cb_45b9_4b81_93a7_736e2446747d-0
2025-08-06 15:38:00,653 INFO  [org.apa.kaf.cli.con.int.SubscriptionState] (Thread-718) [Consumer clientId=consumer-Consumer-topic-bddfe5cb_45b9_4b81_93a7_736e2446747d-16, groupId=Consumer-topic-bddfe5cb_45b9_4b81_93a7_736e2446747d] Resetting offset for partition topic-bddfe5cb_45b9_4b81_93a7_736e2446747d-0 to position FetchPosition{offset=0, offsetEpoch=Optional.empty, currentLeader=LeaderAndEpoch{leader=Optional[localhost:32769 (id: 0 rack: null)], epoch=0}}.
2025-08-06 15:38:00,878 INFO  [io.api.tes.ser.api.KafkaSerdesTester] (Thread-718) topic-bddfe5cb_45b9_4b81_93a7_736e2446747d 0 0 {"key11754494668383": "value-0"}
2025-08-06 15:38:00,878 INFO  [io.api.tes.ser.api.KafkaSerdesTester] (Thread-718) topic-bddfe5cb_45b9_4b81_93a7_736e2446747d 0 1 {"key11754494668383": "value-1"}
2025-08-06 15:38:00,878 INFO  [io.api.tes.ser.api.KafkaSerdesTester] (Thread-718) topic-bddfe5cb_45b9_4b81_93a7_736e2446747d 0 2 {"key11754494668383": "value-2"}
2025-08-06 15:38:00,878 INFO  [io.api.tes.ser.api.KafkaSerdesTester] (Thread-718) topic-bddfe5cb_45b9_4b81_93a7_736e2446747d 0 3 {"key11754494668383": "value-3"}
2025-08-06 15:38:00,878 INFO  [io.api.tes.ser.api.KafkaSerdesTester] (Thread-718) topic-bddfe5cb_45b9_4b81_93a7_736e2446747d 0 4 {"key11754494668383": "value-4"}
2025-08-06 15:38:00,878 INFO  [io.api.tes.ser.api.KafkaSerdesTester] (Thread-718) topic-bddfe5cb_45b9_4b81_93a7_736e2446747d 0 5 {"key11754494668383": "value-5"}
2025-08-06 15:38:00,878 INFO  [io.api.tes.ser.api.KafkaSerdesTester] (Thread-718) topic-bddfe5cb_45b9_4b81_93a7_736e2446747d 0 6 {"key11754494668383": "value-6"}
2025-08-06 15:38:00,878 INFO  [io.api.tes.ser.api.KafkaSerdesTester] (Thread-718) topic-bddfe5cb_45b9_4b81_93a7_736e2446747d 0 7 {"key11754494668383": "value-7"}
2025-08-06 15:38:00,878 INFO  [io.api.tes.ser.api.KafkaSerdesTester] (Thread-718) topic-bddfe5cb_45b9_4b81_93a7_736e2446747d 0 8 {"key11754494668383": "value-8"}
2025-08-06 15:38:00,878 INFO  [io.api.tes.ser.api.KafkaSerdesTester] (Thread-718) topic-bddfe5cb_45b9_4b81_93a7_736e2446747d 0 9 {"key11754494668383": "value-9"}
2025-08-06 15:38:00,878 INFO  [io.api.tes.ser.api.KafkaSerdesTester] (Thread-718) Consumed 10 messages
2025-08-06 15:38:00,886 INFO  [org.apa.kaf.cli.con.int.ConsumerRebalanceListenerInvoker] (Thread-718) [Consumer clientId=consumer-Consumer-topic-bddfe5cb_45b9_4b81_93a7_736e2446747d-16, groupId=Consumer-topic-bddfe5cb_45b9_4b81_93a7_736e2446747d] Revoke previously assigned partitions topic-bddfe5cb_45b9_4b81_93a7_736e2446747d-0
2025-08-06 15:38:00,886 INFO  [org.apa.kaf.cli.con.int.ConsumerCoordinator] (Thread-718) [Consumer clientId=consumer-Consumer-topic-bddfe5cb_45b9_4b81_93a7_736e2446747d-16, groupId=Consumer-topic-bddfe5cb_45b9_4b81_93a7_736e2446747d] Member consumer-Consumer-topic-bddfe5cb_45b9_4b81_93a7_736e2446747d-16-e37e4b01-2c91-4a56-88da-d7f6581dd431 sending LeaveGroup request to coordinator localhost:32769 (id: 2147483647 rack: null) due to the consumer is being closed
2025-08-06 15:38:00,886 INFO  [org.apa.kaf.cli.con.int.ConsumerCoordinator] (Thread-718) [Consumer clientId=consumer-Consumer-topic-bddfe5cb_45b9_4b81_93a7_736e2446747d-16, groupId=Consumer-topic-bddfe5cb_45b9_4b81_93a7_736e2446747d] Resetting generation and member id due to: consumer pro-actively leaving the group
2025-08-06 15:38:00,886 INFO  [org.apa.kaf.cli.con.int.ConsumerCoordinator] (Thread-718) [Consumer clientId=consumer-Consumer-topic-bddfe5cb_45b9_4b81_93a7_736e2446747d-16, groupId=Consumer-topic-bddfe5cb_45b9_4b81_93a7_736e2446747d] Request joining group due to: consumer pro-actively leaving the group
2025-08-06 15:38:01,381 INFO  [org.apa.kaf.com.met.Metrics] (Thread-718) Metrics scheduler closed
2025-08-06 15:38:01,381 INFO  [org.apa.kaf.com.met.Metrics] (Thread-718) Closing reporter org.apache.kafka.common.metrics.JmxReporter
2025-08-06 15:38:01,381 INFO  [org.apa.kaf.com.met.Metrics] (Thread-718) Closing reporter org.apache.kafka.common.telemetry.internals.ClientTelemetryReporter
2025-08-06 15:38:01,381 INFO  [org.apa.kaf.com.met.Metrics] (Thread-718) Metrics reporters closed
2025-08-06 15:38:01,383 INFO  [org.apa.kaf.com.uti.AppInfoParser] (Thread-718) App info kafka.consumer for consumer-Consumer-topic-bddfe5cb_45b9_4b81_93a7_736e2446747d-16 unregistered
2025-08-06 15:38:01,384 INFO  [io.api.tes.uti.TestSeparator] (main) io.apicurio.tests.serdes.apicurio.AvroSerdeIT.testAvroConfluentForMultipleTopics-FINISHED
2025-08-06 15:38:01,384 INFO  [io.api.tes.uti.TestSeparator] (main) ############################################################################
Test passed: testAvroConfluentForMultipleTopics
]]></system-out>
  </testcase>
  <testcase name="testFirstRequestFailsRateLimited" classname="io.apicurio.tests.serdes.apicurio.AvroSerdeIT" time="1.151">
    <system-out><![CDATA[2025-08-06 15:38:01,387 INFO  [io.api.tes.uti.TestSeparator] (main) ############################################################################
2025-08-06 15:38:01,387 INFO  [io.api.tes.uti.TestSeparator] (main) io.apicurio.tests.serdes.apicurio.AvroSerdeIT.testFirstRequestFailsRateLimited-STARTED
2025-08-06 15:38:02,009 WARN  [org.ecl.jet.ser.AbstractConnector] (main) Acceptors should be <= availableProcessors: NetworkTrafficServerConnector@6816b13d{HTTP/1.1, (http/1.1, h2c)}{0.0.0.0:0} 
2025-08-06 15:38:02,134 INFO  [org.ecl.jet.ser.Server] (main) jetty-11.0.15; built: 2023-04-11T18:37:53.775Z; git: 5bc5e562c8d05c5862505aebe5cf83a61bdbcb96; jvm 17.0.16+8
2025-08-06 15:38:02,178 INFO  [org.ecl.jet.ser.han.ContextHandler] (main) Started o.e.j.s.ServletContextHandler@2d589ced{/__admin,null,AVAILABLE}
2025-08-06 15:38:02,191 INFO  [org.ecl.jet.ser.han.Con.ROOT] (main) RequestHandlerClass from context returned com.github.tomakehurst.wiremock.http.StubRequestHandler. Normalized mapped under returned 'null'
2025-08-06 15:38:02,194 INFO  [org.ecl.jet.ser.han.ContextHandler] (main) Started o.e.j.s.ServletContextHandler@33966111{/,null,AVAILABLE}
2025-08-06 15:38:02,201 INFO  [org.ecl.jet.ser.AbstractConnector] (main) Started NetworkTrafficServerConnector@6816b13d{HTTP/1.1, (http/1.1, h2c)}{0.0.0.0:42881}
2025-08-06 15:38:02,203 INFO  [org.ecl.jet.ser.Server] (main) Started Server@4e5361df{STARTING}[11.0.15,sto=1000] @120059ms
**** Registry Base URL: http://registry-app-pg17.apps.ci419.apicurio-testing.org:80
2025-08-06 15:38:02,213 INFO  [org.apa.kaf.cli.pro.ProducerConfig] (main) ProducerConfig values: 
	acks = -1
	auto.include.jmx.reporter = true
	batch.size = 16384
	bootstrap.servers = [PLAINTEXT://localhost:32769]
	buffer.memory = 33554432
	client.dns.lookup = use_all_dns_ips
	client.id = Producer-topic-4df1a3bf_b2f4_4852_bb94_4342c1e85c92
	compression.gzip.level = -1
	compression.lz4.level = 9
	compression.type = none
	compression.zstd.level = 3
	connections.max.idle.ms = 10000
	delivery.timeout.ms = 120000
	enable.idempotence = true
	enable.metrics.push = true
	interceptor.classes = []
	key.serializer = class org.apache.kafka.common.serialization.StringSerializer
	linger.ms = 0
	max.block.ms = 60000
	max.in.flight.requests.per.connection = 5
	max.request.size = 1048576
	metadata.max.age.ms = 300000
	metadata.max.idle.ms = 300000
	metadata.recovery.strategy = none
	metric.reporters = []
	metrics.num.samples = 2
	metrics.recording.level = INFO
	metrics.sample.window.ms = 30000
	partitioner.adaptive.partitioning.enable = true
	partitioner.availability.timeout.ms = 0
	partitioner.class = null
	partitioner.ignore.keys = false
	receive.buffer.bytes = 32768
	reconnect.backoff.max.ms = 1000
	reconnect.backoff.ms = 50
	request.timeout.ms = 5000
	retries = 2147483647
	retry.backoff.max.ms = 1000
	retry.backoff.ms = 100
	sasl.client.callback.handler.class = null
	sasl.jaas.config = null
	sasl.kerberos.kinit.cmd = /usr/bin/kinit
	sasl.kerberos.min.time.before.relogin = 60000
	sasl.kerberos.service.name = null
	sasl.kerberos.ticket.renew.jitter = 0.05
	sasl.kerberos.ticket.renew.window.factor = 0.8
	sasl.login.callback.handler.class = null
	sasl.login.class = null
	sasl.login.connect.timeout.ms = null
	sasl.login.read.timeout.ms = null
	sasl.login.refresh.buffer.seconds = 300
	sasl.login.refresh.min.period.seconds = 60
	sasl.login.refresh.window.factor = 0.8
	sasl.login.refresh.window.jitter = 0.05
	sasl.login.retry.backoff.max.ms = 10000
	sasl.login.retry.backoff.ms = 100
	sasl.mechanism = GSSAPI
	sasl.oauthbearer.clock.skew.seconds = 30
	sasl.oauthbearer.expected.audience = null
	sasl.oauthbearer.expected.issuer = null
	sasl.oauthbearer.header.urlencode = false
	sasl.oauthbearer.jwks.endpoint.refresh.ms = 3600000
	sasl.oauthbearer.jwks.endpoint.retry.backoff.max.ms = 10000
	sasl.oauthbearer.jwks.endpoint.retry.backoff.ms = 100
	sasl.oauthbearer.jwks.endpoint.url = null
	sasl.oauthbearer.scope.claim.name = scope
	sasl.oauthbearer.sub.claim.name = sub
	sasl.oauthbearer.token.endpoint.url = null
	security.protocol = PLAINTEXT
	security.providers = null
	send.buffer.bytes = 131072
	socket.connection.setup.timeout.max.ms = 30000
	socket.connection.setup.timeout.ms = 10000
	ssl.cipher.suites = null
	ssl.enabled.protocols = [TLSv1.2, TLSv1.3]
	ssl.endpoint.identification.algorithm = https
	ssl.engine.factory.class = null
	ssl.key.password = null
	ssl.keymanager.algorithm = SunX509
	ssl.keystore.certificate.chain = null
	ssl.keystore.key = null
	ssl.keystore.location = null
	ssl.keystore.password = null
	ssl.keystore.type = JKS
	ssl.protocol = TLSv1.3
	ssl.provider = null
	ssl.secure.random.implementation = null
	ssl.trustmanager.algorithm = PKIX
	ssl.truststore.certificates = null
	ssl.truststore.location = null
	ssl.truststore.password = null
	ssl.truststore.type = JKS
	transaction.timeout.ms = 60000
	transactional.id = null
	value.serializer = class io.apicurio.registry.serde.avro.AvroKafkaSerializer

2025-08-06 15:38:02,214 INFO  [org.apa.kaf.com.tel.int.KafkaMetricsCollector] (main) initializing Kafka metrics collector
2025-08-06 15:38:02,218 INFO  [org.apa.kaf.cli.pro.KafkaProducer] (main) [Producer clientId=Producer-topic-4df1a3bf_b2f4_4852_bb94_4342c1e85c92] Instantiated an idempotent producer.
2025-08-06 15:38:02,220 INFO  [org.apa.kaf.cli.pro.ProducerConfig] (main) These configurations '[apicurio.registry.url, apicurio.registry.artifact-resolver-strategy]' were supplied but are not used yet.
2025-08-06 15:38:02,221 INFO  [org.apa.kaf.com.uti.AppInfoParser] (main) Kafka version: 3.9.1
2025-08-06 15:38:02,221 INFO  [org.apa.kaf.com.uti.AppInfoParser] (main) Kafka commitId: f745dfdcee2b9851
2025-08-06 15:38:02,221 INFO  [org.apa.kaf.com.uti.AppInfoParser] (main) Kafka startTimeMs: 1754494682220
2025-08-06 15:38:02,221 INFO  [io.api.tes.ser.api.KafkaSerdesTester] (Thread-729) Sending message {"keyB": "value-0"} to topic topic-4df1a3bf_b2f4_4852_bb94_4342c1e85c92
2025-08-06 15:38:02,229 WARN  [org.apa.kaf.cli.NetworkClient] (kafka-producer-network-thread | Producer-topic-4df1a3bf_b2f4_4852_bb94_4342c1e85c92) [Producer clientId=Producer-topic-4df1a3bf_b2f4_4852_bb94_4342c1e85c92] The metadata response from the cluster reported a recoverable issue with correlation id 1 : {topic-4df1a3bf_b2f4_4852_bb94_4342c1e85c92=UNKNOWN_TOPIC_OR_PARTITION}
2025-08-06 15:38:02,229 INFO  [org.apa.kaf.cli.Metadata] (kafka-producer-network-thread | Producer-topic-4df1a3bf_b2f4_4852_bb94_4342c1e85c92) [Producer clientId=Producer-topic-4df1a3bf_b2f4_4852_bb94_4342c1e85c92] Cluster ID: xNUQX5UBRx2CPqcHCglV-w
2025-08-06 15:38:02,230 INFO  [org.apa.kaf.cli.pro.int.TransactionManager] (kafka-producer-network-thread | Producer-topic-4df1a3bf_b2f4_4852_bb94_4342c1e85c92) [Producer clientId=Producer-topic-4df1a3bf_b2f4_4852_bb94_4342c1e85c92] ProducerId set to 22 with epoch 0
2025-08-06 15:38:02,346 INFO  [DefaultSchemaResolver] (Thread-729) Retrieving schema content using string: {"type":"record","name":"myrecord","namespace":"mygroup","fields":[{"name":"keyB","type":"string"}]}
2025-08-06 15:38:02,520 INFO  [org.apa.kaf.cli.pro.KafkaProducer] (Thread-729) [Producer clientId=Producer-topic-4df1a3bf_b2f4_4852_bb94_4342c1e85c92] Closing the Kafka producer with timeoutMillis = 9223372036854775807 ms.
2025-08-06 15:38:02,522 INFO  [org.apa.kaf.com.met.Metrics] (Thread-729) Metrics scheduler closed
2025-08-06 15:38:02,522 INFO  [org.apa.kaf.com.met.Metrics] (Thread-729) Closing reporter org.apache.kafka.common.metrics.JmxReporter
2025-08-06 15:38:02,522 INFO  [org.apa.kaf.com.met.Metrics] (Thread-729) Closing reporter org.apache.kafka.common.telemetry.internals.ClientTelemetryReporter
2025-08-06 15:38:02,523 INFO  [org.apa.kaf.com.met.Metrics] (Thread-729) Metrics reporters closed
2025-08-06 15:38:02,525 INFO  [org.apa.kaf.com.uti.AppInfoParser] (Thread-729) App info kafka.producer for Producer-topic-4df1a3bf_b2f4_4852_bb94_4342c1e85c92 unregistered
2025-08-06 15:38:02,526 INFO  [org.ecl.jet.ser.Server] (main) Stopped Server@4e5361df{STOPPING}[11.0.15,sto=1000]
2025-08-06 15:38:02,526 INFO  [org.ecl.jet.ser.Server] (main) Shutdown Server@4e5361df{STOPPING}[11.0.15,sto=1000]
2025-08-06 15:38:02,532 INFO  [org.ecl.jet.ser.AbstractConnector] (main) Stopped NetworkTrafficServerConnector@6816b13d{HTTP/1.1, (http/1.1, h2c)}{0.0.0.0:0}
2025-08-06 15:38:02,534 INFO  [org.ecl.jet.ser.han.ContextHandler] (main) Stopped o.e.j.s.ServletContextHandler@33966111{/,null,STOPPED}
2025-08-06 15:38:02,535 INFO  [org.ecl.jet.ser.han.ContextHandler] (main) Stopped o.e.j.s.ServletContextHandler@2d589ced{/__admin,null,STOPPED}
2025-08-06 15:38:02,537 INFO  [io.api.tes.uti.TestSeparator] (main) io.apicurio.tests.serdes.apicurio.AvroSerdeIT.testFirstRequestFailsRateLimited-FINISHED
2025-08-06 15:38:02,537 INFO  [io.api.tes.uti.TestSeparator] (main) ############################################################################
Test passed: testFirstRequestFailsRateLimited
]]></system-out>
    <system-err><![CDATA[com.microsoft.kiota.ApiException: the server returned an unexpected status code and no error class is registered for this code 429
	at com.microsoft.kiota.ApiExceptionBuilder.withMessage(ApiExceptionBuilder.java:45)
	at io.kiota.http.vertx.VertXRequestAdapter.throwIfFailedResponse(VertXRequestAdapter.java:370)
	at io.kiota.http.vertx.VertXRequestAdapter.send(VertXRequestAdapter.java:170)
	at io.apicurio.registry.rest.client.search.versions.VersionsRequestBuilder.post(VersionsRequestBuilder.java:94)
	at io.apicurio.registry.resolver.client.RegistryClientFacadeImpl.searchVersionsByContent(RegistryClientFacadeImpl.java:106)
	at io.apicurio.registry.resolver.DefaultSchemaResolver.lambda$handleResolveSchemaByContent$3(DefaultSchemaResolver.java:258)
	at io.apicurio.registry.resolver.cache.ERCache.lambda$getValue$0(ERCache.java:174)
	at io.apicurio.registry.resolver.cache.ERCache.retry(ERCache.java:227)
	at io.apicurio.registry.resolver.cache.ERCache.getValue(ERCache.java:173)
	at io.apicurio.registry.resolver.cache.ERCache.getByContent(ERCache.java:147)
	at io.apicurio.registry.resolver.DefaultSchemaResolver.handleResolveSchemaByContent(DefaultSchemaResolver.java:253)
	at io.apicurio.registry.resolver.DefaultSchemaResolver.getSchemaFromRegistry(DefaultSchemaResolver.java:138)
	at io.apicurio.registry.resolver.DefaultSchemaResolver.lambda$resolveSchema$0(DefaultSchemaResolver.java:84)
	at java.base/java.util.Optional.orElseGet(Optional.java:364)
	at io.apicurio.registry.resolver.DefaultSchemaResolver.resolveSchema(DefaultSchemaResolver.java:84)
	at io.apicurio.registry.serde.AbstractSerializer.serializeData(AbstractSerializer.java:62)
	at io.apicurio.registry.serde.KafkaSerializer.serialize(KafkaSerializer.java:77)
	at org.apache.kafka.clients.producer.KafkaProducer.doSend(KafkaProducer.java:1046)
	at org.apache.kafka.clients.producer.KafkaProducer.send(KafkaProducer.java:993)
	at org.apache.kafka.clients.producer.KafkaProducer.send(KafkaProducer.java:875)
	at io.apicurio.tests.serdes.apicurio.KafkaSerdesTester.lambda$produceMessages$3(KafkaSerdesTester.java:138)
	at java.base/java.util.concurrent.CompletableFuture$AsyncSupply.run(CompletableFuture.java:1768)
	at java.base/java.lang.Thread.run(Thread.java:840)
]]></system-err>
  </testcase>
  <testcase name="testFirstEmptyFieldConfusedAsMagicByte" classname="io.apicurio.tests.serdes.apicurio.AvroSerdeIT" time="4.254">
    <system-out><![CDATA[2025-08-06 15:38:02,541 INFO  [io.api.tes.uti.TestSeparator] (main) ############################################################################
2025-08-06 15:38:02,541 INFO  [io.api.tes.uti.TestSeparator] (main) io.apicurio.tests.serdes.apicurio.AvroSerdeIT.testFirstEmptyFieldConfusedAsMagicByte-STARTED
**** Registry Base URL: http://registry-app-pg17.apps.ci419.apicurio-testing.org:80
2025-08-06 15:38:02,548 INFO  [org.apa.kaf.cli.pro.ProducerConfig] (main) ProducerConfig values: 
	acks = -1
	auto.include.jmx.reporter = true
	batch.size = 16384
	bootstrap.servers = [PLAINTEXT://localhost:32769]
	buffer.memory = 33554432
	client.dns.lookup = use_all_dns_ips
	client.id = Producer-topic-c42c37c2_b882_4284_8aff_b3634d6fea7d
	compression.gzip.level = -1
	compression.lz4.level = 9
	compression.type = none
	compression.zstd.level = 3
	connections.max.idle.ms = 10000
	delivery.timeout.ms = 120000
	enable.idempotence = true
	enable.metrics.push = true
	interceptor.classes = []
	key.serializer = class org.apache.kafka.common.serialization.StringSerializer
	linger.ms = 0
	max.block.ms = 60000
	max.in.flight.requests.per.connection = 5
	max.request.size = 1048576
	metadata.max.age.ms = 300000
	metadata.max.idle.ms = 300000
	metadata.recovery.strategy = none
	metric.reporters = []
	metrics.num.samples = 2
	metrics.recording.level = INFO
	metrics.sample.window.ms = 30000
	partitioner.adaptive.partitioning.enable = true
	partitioner.availability.timeout.ms = 0
	partitioner.class = null
	partitioner.ignore.keys = false
	receive.buffer.bytes = 32768
	reconnect.backoff.max.ms = 1000
	reconnect.backoff.ms = 50
	request.timeout.ms = 5000
	retries = 2147483647
	retry.backoff.max.ms = 1000
	retry.backoff.ms = 100
	sasl.client.callback.handler.class = null
	sasl.jaas.config = null
	sasl.kerberos.kinit.cmd = /usr/bin/kinit
	sasl.kerberos.min.time.before.relogin = 60000
	sasl.kerberos.service.name = null
	sasl.kerberos.ticket.renew.jitter = 0.05
	sasl.kerberos.ticket.renew.window.factor = 0.8
	sasl.login.callback.handler.class = null
	sasl.login.class = null
	sasl.login.connect.timeout.ms = null
	sasl.login.read.timeout.ms = null
	sasl.login.refresh.buffer.seconds = 300
	sasl.login.refresh.min.period.seconds = 60
	sasl.login.refresh.window.factor = 0.8
	sasl.login.refresh.window.jitter = 0.05
	sasl.login.retry.backoff.max.ms = 10000
	sasl.login.retry.backoff.ms = 100
	sasl.mechanism = GSSAPI
	sasl.oauthbearer.clock.skew.seconds = 30
	sasl.oauthbearer.expected.audience = null
	sasl.oauthbearer.expected.issuer = null
	sasl.oauthbearer.header.urlencode = false
	sasl.oauthbearer.jwks.endpoint.refresh.ms = 3600000
	sasl.oauthbearer.jwks.endpoint.retry.backoff.max.ms = 10000
	sasl.oauthbearer.jwks.endpoint.retry.backoff.ms = 100
	sasl.oauthbearer.jwks.endpoint.url = null
	sasl.oauthbearer.scope.claim.name = scope
	sasl.oauthbearer.sub.claim.name = sub
	sasl.oauthbearer.token.endpoint.url = null
	security.protocol = PLAINTEXT
	security.providers = null
	send.buffer.bytes = 131072
	socket.connection.setup.timeout.max.ms = 30000
	socket.connection.setup.timeout.ms = 10000
	ssl.cipher.suites = null
	ssl.enabled.protocols = [TLSv1.2, TLSv1.3]
	ssl.endpoint.identification.algorithm = https
	ssl.engine.factory.class = null
	ssl.key.password = null
	ssl.keymanager.algorithm = SunX509
	ssl.keystore.certificate.chain = null
	ssl.keystore.key = null
	ssl.keystore.location = null
	ssl.keystore.password = null
	ssl.keystore.type = JKS
	ssl.protocol = TLSv1.3
	ssl.provider = null
	ssl.secure.random.implementation = null
	ssl.trustmanager.algorithm = PKIX
	ssl.truststore.certificates = null
	ssl.truststore.location = null
	ssl.truststore.password = null
	ssl.truststore.type = JKS
	transaction.timeout.ms = 60000
	transactional.id = null
	value.serializer = class io.apicurio.registry.serde.avro.AvroKafkaSerializer

2025-08-06 15:38:02,548 INFO  [org.apa.kaf.com.tel.int.KafkaMetricsCollector] (main) initializing Kafka metrics collector
2025-08-06 15:38:02,555 INFO  [org.apa.kaf.cli.pro.KafkaProducer] (main) [Producer clientId=Producer-topic-c42c37c2_b882_4284_8aff_b3634d6fea7d] Instantiated an idempotent producer.
2025-08-06 15:38:02,556 INFO  [org.apa.kaf.cli.pro.ProducerConfig] (main) These configurations '[apicurio.registry.url, apicurio.registry.auto-register, apicurio.registry.artifact-resolver-strategy]' were supplied but are not used yet.
2025-08-06 15:38:02,557 INFO  [org.apa.kaf.com.uti.AppInfoParser] (main) Kafka version: 3.9.1
2025-08-06 15:38:02,557 INFO  [org.apa.kaf.com.uti.AppInfoParser] (main) Kafka commitId: f745dfdcee2b9851
2025-08-06 15:38:02,557 INFO  [org.apa.kaf.com.uti.AppInfoParser] (main) Kafka startTimeMs: 1754494682557
2025-08-06 15:38:02,557 INFO  [io.api.tes.ser.api.SimpleSerdesTesterBuilder$SimpleSerdesTester] (main) Using producer configuration: {apicurio.registry.url=http://registry-app-pg17.apps.ci419.apicurio-testing.org:80/apis/registry/v3, apicurio.registry.auto-register=true, apicurio.registry.artifact-resolver-strategy=io.apicurio.registry.serde.strategy.SimpleTopicIdStrategy, value.serializer=io.apicurio.registry.serde.avro.AvroKafkaSerializer, request.timeout.ms=5000, acks=all, bootstrap.servers=PLAINTEXT://localhost:32769, connections.max.idle.ms=10000, key.serializer=org.apache.kafka.common.serialization.StringSerializer, client.id=Producer-topic-c42c37c2_b882_4284_8aff_b3634d6fea7d}
2025-08-06 15:38:02,557 INFO  [io.api.tes.ser.api.SimpleSerdesTesterBuilder$SimpleSerdesTester] (main) Using consumer configuration: {}
2025-08-06 15:38:02,560 INFO  [io.api.tes.ser.api.KafkaSerdesTester] (Thread-732) Sending message {"username": null} to topic topic-c42c37c2_b882_4284_8aff_b3634d6fea7d
2025-08-06 15:38:02,560 INFO  [org.apa.kaf.cli.Metadata] (kafka-producer-network-thread | Producer-topic-c42c37c2_b882_4284_8aff_b3634d6fea7d) [Producer clientId=Producer-topic-c42c37c2_b882_4284_8aff_b3634d6fea7d] Cluster ID: xNUQX5UBRx2CPqcHCglV-w
2025-08-06 15:38:02,561 INFO  [org.apa.kaf.cli.pro.int.TransactionManager] (kafka-producer-network-thread | Producer-topic-c42c37c2_b882_4284_8aff_b3634d6fea7d) [Producer clientId=Producer-topic-c42c37c2_b882_4284_8aff_b3634d6fea7d] ProducerId set to 23 with epoch 0
2025-08-06 15:38:02,566 WARN  [org.apa.kaf.cli.NetworkClient] (kafka-producer-network-thread | Producer-topic-c42c37c2_b882_4284_8aff_b3634d6fea7d) [Producer clientId=Producer-topic-c42c37c2_b882_4284_8aff_b3634d6fea7d] The metadata response from the cluster reported a recoverable issue with correlation id 4 : {topic-c42c37c2_b882_4284_8aff_b3634d6fea7d=UNKNOWN_TOPIC_OR_PARTITION}
2025-08-06 15:38:02,847 INFO  [io.api.tes.ser.api.KafkaSerdesTester] (Thread-732) Sending message {"username": null} to topic topic-c42c37c2_b882_4284_8aff_b3634d6fea7d
2025-08-06 15:38:02,850 INFO  [io.api.tes.ser.api.KafkaSerdesTester] (Thread-732) Sending message {"username": "value-2"} to topic topic-c42c37c2_b882_4284_8aff_b3634d6fea7d
2025-08-06 15:38:02,852 INFO  [io.api.tes.ser.api.KafkaSerdesTester] (Thread-732) Sending message {"username": null} to topic topic-c42c37c2_b882_4284_8aff_b3634d6fea7d
2025-08-06 15:38:02,855 INFO  [io.api.tes.ser.api.KafkaSerdesTester] (Thread-732) Sending message {"username": "value-4"} to topic topic-c42c37c2_b882_4284_8aff_b3634d6fea7d
2025-08-06 15:38:02,856 INFO  [io.api.tes.ser.api.KafkaSerdesTester] (Thread-732) Sending message {"username": null} to topic topic-c42c37c2_b882_4284_8aff_b3634d6fea7d
2025-08-06 15:38:02,858 INFO  [io.api.tes.ser.api.KafkaSerdesTester] (Thread-732) Sending message {"username": "value-6"} to topic topic-c42c37c2_b882_4284_8aff_b3634d6fea7d
2025-08-06 15:38:02,866 INFO  [io.api.tes.ser.api.KafkaSerdesTester] (Thread-732) Sending message {"username": null} to topic topic-c42c37c2_b882_4284_8aff_b3634d6fea7d
2025-08-06 15:38:02,873 INFO  [io.api.tes.ser.api.KafkaSerdesTester] (Thread-732) Sending message {"username": "value-8"} to topic topic-c42c37c2_b882_4284_8aff_b3634d6fea7d
2025-08-06 15:38:02,880 INFO  [io.api.tes.ser.api.KafkaSerdesTester] (Thread-732) Sending message {"username": null} to topic topic-c42c37c2_b882_4284_8aff_b3634d6fea7d
2025-08-06 15:38:02,883 INFO  [io.api.tes.ser.api.KafkaSerdesTester] (Thread-732) Produced 10 messages
2025-08-06 15:38:02,883 INFO  [org.apa.kaf.cli.pro.KafkaProducer] (Thread-732) [Producer clientId=Producer-topic-c42c37c2_b882_4284_8aff_b3634d6fea7d] Closing the Kafka producer with timeoutMillis = 9223372036854775807 ms.
2025-08-06 15:38:02,886 INFO  [org.apa.kaf.com.met.Metrics] (Thread-732) Metrics scheduler closed
2025-08-06 15:38:02,886 INFO  [org.apa.kaf.com.met.Metrics] (Thread-732) Closing reporter org.apache.kafka.common.metrics.JmxReporter
2025-08-06 15:38:02,886 INFO  [org.apa.kaf.com.met.Metrics] (Thread-732) Closing reporter org.apache.kafka.common.telemetry.internals.ClientTelemetryReporter
2025-08-06 15:38:02,886 INFO  [org.apa.kaf.com.met.Metrics] (Thread-732) Metrics reporters closed
2025-08-06 15:38:02,886 INFO  [org.apa.kaf.com.uti.AppInfoParser] (Thread-732) App info kafka.producer for Producer-topic-c42c37c2_b882_4284_8aff_b3634d6fea7d unregistered
**** Registry Base URL: http://registry-app-pg17.apps.ci419.apicurio-testing.org:80
2025-08-06 15:38:03,035 INFO  [org.apa.kaf.cli.con.ConsumerConfig] (main) ConsumerConfig values: 
	allow.auto.create.topics = true
	auto.commit.interval.ms = 500
	auto.include.jmx.reporter = true
	auto.offset.reset = earliest
	bootstrap.servers = [PLAINTEXT://localhost:32769]
	check.crcs = true
	client.dns.lookup = use_all_dns_ips
	client.id = consumer-Consumer-topic-c42c37c2_b882_4284_8aff_b3634d6fea7d-17
	client.rack = 
	connections.max.idle.ms = 10000
	default.api.timeout.ms = 60000
	enable.auto.commit = true
	enable.metrics.push = true
	exclude.internal.topics = true
	fetch.max.bytes = 52428800
	fetch.max.wait.ms = 500
	fetch.min.bytes = 1
	group.id = Consumer-topic-c42c37c2_b882_4284_8aff_b3634d6fea7d
	group.instance.id = null
	group.protocol = classic
	group.remote.assignor = null
	heartbeat.interval.ms = 3000
	interceptor.classes = []
	internal.leave.group.on.close = true
	internal.throw.on.fetch.stable.offset.unsupported = false
	isolation.level = read_uncommitted
	key.deserializer = class org.apache.kafka.common.serialization.StringDeserializer
	max.partition.fetch.bytes = 1048576
	max.poll.interval.ms = 300000
	max.poll.records = 500
	metadata.max.age.ms = 300000
	metadata.recovery.strategy = none
	metric.reporters = []
	metrics.num.samples = 2
	metrics.recording.level = INFO
	metrics.sample.window.ms = 30000
	partition.assignment.strategy = [class org.apache.kafka.clients.consumer.RangeAssignor, class org.apache.kafka.clients.consumer.CooperativeStickyAssignor]
	receive.buffer.bytes = 65536
	reconnect.backoff.max.ms = 1000
	reconnect.backoff.ms = 50
	request.timeout.ms = 5000
	retry.backoff.max.ms = 1000
	retry.backoff.ms = 100
	sasl.client.callback.handler.class = null
	sasl.jaas.config = null
	sasl.kerberos.kinit.cmd = /usr/bin/kinit
	sasl.kerberos.min.time.before.relogin = 60000
	sasl.kerberos.service.name = null
	sasl.kerberos.ticket.renew.jitter = 0.05
	sasl.kerberos.ticket.renew.window.factor = 0.8
	sasl.login.callback.handler.class = null
	sasl.login.class = null
	sasl.login.connect.timeout.ms = null
	sasl.login.read.timeout.ms = null
	sasl.login.refresh.buffer.seconds = 300
	sasl.login.refresh.min.period.seconds = 60
	sasl.login.refresh.window.factor = 0.8
	sasl.login.refresh.window.jitter = 0.05
	sasl.login.retry.backoff.max.ms = 10000
	sasl.login.retry.backoff.ms = 100
	sasl.mechanism = GSSAPI
	sasl.oauthbearer.clock.skew.seconds = 30
	sasl.oauthbearer.expected.audience = null
	sasl.oauthbearer.expected.issuer = null
	sasl.oauthbearer.header.urlencode = false
	sasl.oauthbearer.jwks.endpoint.refresh.ms = 3600000
	sasl.oauthbearer.jwks.endpoint.retry.backoff.max.ms = 10000
	sasl.oauthbearer.jwks.endpoint.retry.backoff.ms = 100
	sasl.oauthbearer.jwks.endpoint.url = null
	sasl.oauthbearer.scope.claim.name = scope
	sasl.oauthbearer.sub.claim.name = sub
	sasl.oauthbearer.token.endpoint.url = null
	security.protocol = PLAINTEXT
	security.providers = null
	send.buffer.bytes = 131072
	session.timeout.ms = 45000
	socket.connection.setup.timeout.max.ms = 30000
	socket.connection.setup.timeout.ms = 10000
	ssl.cipher.suites = null
	ssl.enabled.protocols = [TLSv1.2, TLSv1.3]
	ssl.endpoint.identification.algorithm = https
	ssl.engine.factory.class = null
	ssl.key.password = null
	ssl.keymanager.algorithm = SunX509
	ssl.keystore.certificate.chain = null
	ssl.keystore.key = null
	ssl.keystore.location = null
	ssl.keystore.password = null
	ssl.keystore.type = JKS
	ssl.protocol = TLSv1.3
	ssl.provider = null
	ssl.secure.random.implementation = null
	ssl.trustmanager.algorithm = PKIX
	ssl.truststore.certificates = null
	ssl.truststore.location = null
	ssl.truststore.password = null
	ssl.truststore.type = JKS
	value.deserializer = class io.apicurio.registry.serde.avro.AvroKafkaDeserializer

2025-08-06 15:38:03,036 INFO  [org.apa.kaf.com.tel.int.KafkaMetricsCollector] (main) initializing Kafka metrics collector
2025-08-06 15:38:03,041 INFO  [org.apa.kaf.cli.con.ConsumerConfig] (main) These configurations '[apicurio.registry.url]' were supplied but are not used yet.
2025-08-06 15:38:03,041 INFO  [org.apa.kaf.com.uti.AppInfoParser] (main) Kafka version: 3.9.1
2025-08-06 15:38:03,041 INFO  [org.apa.kaf.com.uti.AppInfoParser] (main) Kafka commitId: f745dfdcee2b9851
2025-08-06 15:38:03,041 INFO  [org.apa.kaf.com.uti.AppInfoParser] (main) Kafka startTimeMs: 1754494683041
2025-08-06 15:38:03,041 INFO  [org.apa.kaf.cli.con.int.ClassicKafkaConsumer] (Thread-735) [Consumer clientId=consumer-Consumer-topic-c42c37c2_b882_4284_8aff_b3634d6fea7d-17, groupId=Consumer-topic-c42c37c2_b882_4284_8aff_b3634d6fea7d] Subscribed to topic(s): topic-c42c37c2_b882_4284_8aff_b3634d6fea7d
2025-08-06 15:38:03,046 INFO  [org.apa.kaf.cli.Metadata] (Thread-735) [Consumer clientId=consumer-Consumer-topic-c42c37c2_b882_4284_8aff_b3634d6fea7d-17, groupId=Consumer-topic-c42c37c2_b882_4284_8aff_b3634d6fea7d] Cluster ID: xNUQX5UBRx2CPqcHCglV-w
2025-08-06 15:38:03,047 INFO  [org.apa.kaf.cli.con.int.ConsumerCoordinator] (Thread-735) [Consumer clientId=consumer-Consumer-topic-c42c37c2_b882_4284_8aff_b3634d6fea7d-17, groupId=Consumer-topic-c42c37c2_b882_4284_8aff_b3634d6fea7d] Discovered group coordinator localhost:32769 (id: 2147483647 rack: null)
2025-08-06 15:38:03,048 INFO  [org.apa.kaf.cli.con.int.ConsumerCoordinator] (Thread-735) [Consumer clientId=consumer-Consumer-topic-c42c37c2_b882_4284_8aff_b3634d6fea7d-17, groupId=Consumer-topic-c42c37c2_b882_4284_8aff_b3634d6fea7d] (Re-)joining group
2025-08-06 15:38:03,051 INFO  [org.apa.kaf.cli.con.int.ConsumerCoordinator] (Thread-735) [Consumer clientId=consumer-Consumer-topic-c42c37c2_b882_4284_8aff_b3634d6fea7d-17, groupId=Consumer-topic-c42c37c2_b882_4284_8aff_b3634d6fea7d] Request joining group due to: need to re-join with the given member-id: consumer-Consumer-topic-c42c37c2_b882_4284_8aff_b3634d6fea7d-17-a716e5fd-9ba2-4355-ba26-f76b99ad94c7
2025-08-06 15:38:03,052 INFO  [org.apa.kaf.cli.con.int.ConsumerCoordinator] (Thread-735) [Consumer clientId=consumer-Consumer-topic-c42c37c2_b882_4284_8aff_b3634d6fea7d-17, groupId=Consumer-topic-c42c37c2_b882_4284_8aff_b3634d6fea7d] (Re-)joining group
2025-08-06 15:38:04,041 INFO  [io.api.tes.ser.api.KafkaSerdesTester] (Thread-735) None found
2025-08-06 15:38:05,041 INFO  [io.api.tes.ser.api.KafkaSerdesTester] (Thread-735) None found
2025-08-06 15:38:06,041 INFO  [io.api.tes.ser.api.KafkaSerdesTester] (Thread-735) None found
2025-08-06 15:38:06,054 INFO  [org.apa.kaf.cli.con.int.ConsumerCoordinator] (Thread-735) [Consumer clientId=consumer-Consumer-topic-c42c37c2_b882_4284_8aff_b3634d6fea7d-17, groupId=Consumer-topic-c42c37c2_b882_4284_8aff_b3634d6fea7d] Successfully joined group with generation Generation{generationId=1, memberId='consumer-Consumer-topic-c42c37c2_b882_4284_8aff_b3634d6fea7d-17-a716e5fd-9ba2-4355-ba26-f76b99ad94c7', protocol='range'}
2025-08-06 15:38:06,054 INFO  [org.apa.kaf.cli.con.int.ConsumerCoordinator] (Thread-735) [Consumer clientId=consumer-Consumer-topic-c42c37c2_b882_4284_8aff_b3634d6fea7d-17, groupId=Consumer-topic-c42c37c2_b882_4284_8aff_b3634d6fea7d] Finished assignment for group at generation 1: {consumer-Consumer-topic-c42c37c2_b882_4284_8aff_b3634d6fea7d-17-a716e5fd-9ba2-4355-ba26-f76b99ad94c7=Assignment(partitions=[topic-c42c37c2_b882_4284_8aff_b3634d6fea7d-0])}
2025-08-06 15:38:06,061 INFO  [org.apa.kaf.cli.con.int.ConsumerCoordinator] (Thread-735) [Consumer clientId=consumer-Consumer-topic-c42c37c2_b882_4284_8aff_b3634d6fea7d-17, groupId=Consumer-topic-c42c37c2_b882_4284_8aff_b3634d6fea7d] Successfully synced group in generation Generation{generationId=1, memberId='consumer-Consumer-topic-c42c37c2_b882_4284_8aff_b3634d6fea7d-17-a716e5fd-9ba2-4355-ba26-f76b99ad94c7', protocol='range'}
2025-08-06 15:38:06,061 INFO  [org.apa.kaf.cli.con.int.ConsumerCoordinator] (Thread-735) [Consumer clientId=consumer-Consumer-topic-c42c37c2_b882_4284_8aff_b3634d6fea7d-17, groupId=Consumer-topic-c42c37c2_b882_4284_8aff_b3634d6fea7d] Notifying assignor about the new Assignment(partitions=[topic-c42c37c2_b882_4284_8aff_b3634d6fea7d-0])
2025-08-06 15:38:06,061 INFO  [org.apa.kaf.cli.con.int.ConsumerRebalanceListenerInvoker] (Thread-735) [Consumer clientId=consumer-Consumer-topic-c42c37c2_b882_4284_8aff_b3634d6fea7d-17, groupId=Consumer-topic-c42c37c2_b882_4284_8aff_b3634d6fea7d] Adding newly assigned partitions: topic-c42c37c2_b882_4284_8aff_b3634d6fea7d-0
2025-08-06 15:38:06,062 INFO  [org.apa.kaf.cli.con.int.ConsumerCoordinator] (Thread-735) [Consumer clientId=consumer-Consumer-topic-c42c37c2_b882_4284_8aff_b3634d6fea7d-17, groupId=Consumer-topic-c42c37c2_b882_4284_8aff_b3634d6fea7d] Found no committed offset for partition topic-c42c37c2_b882_4284_8aff_b3634d6fea7d-0
2025-08-06 15:38:06,063 INFO  [org.apa.kaf.cli.con.int.SubscriptionState] (Thread-735) [Consumer clientId=consumer-Consumer-topic-c42c37c2_b882_4284_8aff_b3634d6fea7d-17, groupId=Consumer-topic-c42c37c2_b882_4284_8aff_b3634d6fea7d] Resetting offset for partition topic-c42c37c2_b882_4284_8aff_b3634d6fea7d-0 to position FetchPosition{offset=0, offsetEpoch=Optional.empty, currentLeader=LeaderAndEpoch{leader=Optional[localhost:32769 (id: 0 rack: null)], epoch=0}}.
2025-08-06 15:38:06,289 INFO  [io.api.tes.ser.api.KafkaSerdesTester] (Thread-735) topic-c42c37c2_b882_4284_8aff_b3634d6fea7d 0 0 {"username": null}
2025-08-06 15:38:06,289 INFO  [io.api.tes.ser.api.KafkaSerdesTester] (Thread-735) topic-c42c37c2_b882_4284_8aff_b3634d6fea7d 0 1 {"username": null}
2025-08-06 15:38:06,289 INFO  [io.api.tes.ser.api.KafkaSerdesTester] (Thread-735) topic-c42c37c2_b882_4284_8aff_b3634d6fea7d 0 2 {"username": "value-2"}
2025-08-06 15:38:06,289 INFO  [io.api.tes.ser.api.KafkaSerdesTester] (Thread-735) topic-c42c37c2_b882_4284_8aff_b3634d6fea7d 0 3 {"username": null}
2025-08-06 15:38:06,289 INFO  [io.api.tes.ser.api.KafkaSerdesTester] (Thread-735) topic-c42c37c2_b882_4284_8aff_b3634d6fea7d 0 4 {"username": "value-4"}
2025-08-06 15:38:06,289 INFO  [io.api.tes.ser.api.KafkaSerdesTester] (Thread-735) topic-c42c37c2_b882_4284_8aff_b3634d6fea7d 0 5 {"username": null}
2025-08-06 15:38:06,289 INFO  [io.api.tes.ser.api.KafkaSerdesTester] (Thread-735) topic-c42c37c2_b882_4284_8aff_b3634d6fea7d 0 6 {"username": "value-6"}
2025-08-06 15:38:06,289 INFO  [io.api.tes.ser.api.KafkaSerdesTester] (Thread-735) topic-c42c37c2_b882_4284_8aff_b3634d6fea7d 0 7 {"username": null}
2025-08-06 15:38:06,289 INFO  [io.api.tes.ser.api.KafkaSerdesTester] (Thread-735) topic-c42c37c2_b882_4284_8aff_b3634d6fea7d 0 8 {"username": "value-8"}
2025-08-06 15:38:06,289 INFO  [io.api.tes.ser.api.KafkaSerdesTester] (Thread-735) topic-c42c37c2_b882_4284_8aff_b3634d6fea7d 0 9 {"username": null}
2025-08-06 15:38:06,289 INFO  [io.api.tes.ser.api.KafkaSerdesTester] (Thread-735) Consumed 10 messages
2025-08-06 15:38:06,297 INFO  [org.apa.kaf.cli.con.int.ConsumerRebalanceListenerInvoker] (Thread-735) [Consumer clientId=consumer-Consumer-topic-c42c37c2_b882_4284_8aff_b3634d6fea7d-17, groupId=Consumer-topic-c42c37c2_b882_4284_8aff_b3634d6fea7d] Revoke previously assigned partitions topic-c42c37c2_b882_4284_8aff_b3634d6fea7d-0
2025-08-06 15:38:06,297 INFO  [org.apa.kaf.cli.con.int.ConsumerCoordinator] (Thread-735) [Consumer clientId=consumer-Consumer-topic-c42c37c2_b882_4284_8aff_b3634d6fea7d-17, groupId=Consumer-topic-c42c37c2_b882_4284_8aff_b3634d6fea7d] Member consumer-Consumer-topic-c42c37c2_b882_4284_8aff_b3634d6fea7d-17-a716e5fd-9ba2-4355-ba26-f76b99ad94c7 sending LeaveGroup request to coordinator localhost:32769 (id: 2147483647 rack: null) due to the consumer is being closed
2025-08-06 15:38:06,297 INFO  [org.apa.kaf.cli.con.int.ConsumerCoordinator] (Thread-735) [Consumer clientId=consumer-Consumer-topic-c42c37c2_b882_4284_8aff_b3634d6fea7d-17, groupId=Consumer-topic-c42c37c2_b882_4284_8aff_b3634d6fea7d] Resetting generation and member id due to: consumer pro-actively leaving the group
2025-08-06 15:38:06,297 INFO  [org.apa.kaf.cli.con.int.ConsumerCoordinator] (Thread-735) [Consumer clientId=consumer-Consumer-topic-c42c37c2_b882_4284_8aff_b3634d6fea7d-17, groupId=Consumer-topic-c42c37c2_b882_4284_8aff_b3634d6fea7d] Request joining group due to: consumer pro-actively leaving the group
2025-08-06 15:38:06,790 INFO  [org.apa.kaf.com.met.Metrics] (Thread-735) Metrics scheduler closed
2025-08-06 15:38:06,790 INFO  [org.apa.kaf.com.met.Metrics] (Thread-735) Closing reporter org.apache.kafka.common.metrics.JmxReporter
2025-08-06 15:38:06,790 INFO  [org.apa.kaf.com.met.Metrics] (Thread-735) Closing reporter org.apache.kafka.common.telemetry.internals.ClientTelemetryReporter
2025-08-06 15:38:06,790 INFO  [org.apa.kaf.com.met.Metrics] (Thread-735) Metrics reporters closed
2025-08-06 15:38:06,792 INFO  [org.apa.kaf.com.uti.AppInfoParser] (Thread-735) App info kafka.consumer for consumer-Consumer-topic-c42c37c2_b882_4284_8aff_b3634d6fea7d-17 unregistered
2025-08-06 15:38:06,792 INFO  [io.api.tes.uti.TestSeparator] (main) io.apicurio.tests.serdes.apicurio.AvroSerdeIT.testFirstEmptyFieldConfusedAsMagicByte-FINISHED
2025-08-06 15:38:06,793 INFO  [io.api.tes.uti.TestSeparator] (main) ############################################################################
Test passed: testFirstEmptyFieldConfusedAsMagicByte
]]></system-out>
  </testcase>
  <testcase name="testAvroSerDesFailDifferentSchemaByContent" classname="io.apicurio.tests.serdes.apicurio.AvroSerdeIT" time="1.392">
    <system-out><![CDATA[2025-08-06 15:38:06,795 INFO  [io.api.tes.uti.TestSeparator] (main) ############################################################################
2025-08-06 15:38:06,795 INFO  [io.api.tes.uti.TestSeparator] (main) io.apicurio.tests.serdes.apicurio.AvroSerdeIT.testAvroSerDesFailDifferentSchemaByContent-STARTED
**** Registry Base URL: http://registry-app-pg17.apps.ci419.apicurio-testing.org:80
2025-08-06 15:38:07,956 INFO  [org.apa.kaf.cli.pro.ProducerConfig] (main) ProducerConfig values: 
	acks = -1
	auto.include.jmx.reporter = true
	batch.size = 16384
	bootstrap.servers = [PLAINTEXT://localhost:32769]
	buffer.memory = 33554432
	client.dns.lookup = use_all_dns_ips
	client.id = Producer-topic-251891e9_241b_49f5_9c43_0623440f0e86
	compression.gzip.level = -1
	compression.lz4.level = 9
	compression.type = none
	compression.zstd.level = 3
	connections.max.idle.ms = 10000
	delivery.timeout.ms = 120000
	enable.idempotence = true
	enable.metrics.push = true
	interceptor.classes = []
	key.serializer = class org.apache.kafka.common.serialization.StringSerializer
	linger.ms = 0
	max.block.ms = 60000
	max.in.flight.requests.per.connection = 5
	max.request.size = 1048576
	metadata.max.age.ms = 300000
	metadata.max.idle.ms = 300000
	metadata.recovery.strategy = none
	metric.reporters = []
	metrics.num.samples = 2
	metrics.recording.level = INFO
	metrics.sample.window.ms = 30000
	partitioner.adaptive.partitioning.enable = true
	partitioner.availability.timeout.ms = 0
	partitioner.class = null
	partitioner.ignore.keys = false
	receive.buffer.bytes = 32768
	reconnect.backoff.max.ms = 1000
	reconnect.backoff.ms = 50
	request.timeout.ms = 5000
	retries = 2147483647
	retry.backoff.max.ms = 1000
	retry.backoff.ms = 100
	sasl.client.callback.handler.class = null
	sasl.jaas.config = null
	sasl.kerberos.kinit.cmd = /usr/bin/kinit
	sasl.kerberos.min.time.before.relogin = 60000
	sasl.kerberos.service.name = null
	sasl.kerberos.ticket.renew.jitter = 0.05
	sasl.kerberos.ticket.renew.window.factor = 0.8
	sasl.login.callback.handler.class = null
	sasl.login.class = null
	sasl.login.connect.timeout.ms = null
	sasl.login.read.timeout.ms = null
	sasl.login.refresh.buffer.seconds = 300
	sasl.login.refresh.min.period.seconds = 60
	sasl.login.refresh.window.factor = 0.8
	sasl.login.refresh.window.jitter = 0.05
	sasl.login.retry.backoff.max.ms = 10000
	sasl.login.retry.backoff.ms = 100
	sasl.mechanism = GSSAPI
	sasl.oauthbearer.clock.skew.seconds = 30
	sasl.oauthbearer.expected.audience = null
	sasl.oauthbearer.expected.issuer = null
	sasl.oauthbearer.header.urlencode = false
	sasl.oauthbearer.jwks.endpoint.refresh.ms = 3600000
	sasl.oauthbearer.jwks.endpoint.retry.backoff.max.ms = 10000
	sasl.oauthbearer.jwks.endpoint.retry.backoff.ms = 100
	sasl.oauthbearer.jwks.endpoint.url = null
	sasl.oauthbearer.scope.claim.name = scope
	sasl.oauthbearer.sub.claim.name = sub
	sasl.oauthbearer.token.endpoint.url = null
	security.protocol = PLAINTEXT
	security.providers = null
	send.buffer.bytes = 131072
	socket.connection.setup.timeout.max.ms = 30000
	socket.connection.setup.timeout.ms = 10000
	ssl.cipher.suites = null
	ssl.enabled.protocols = [TLSv1.2, TLSv1.3]
	ssl.endpoint.identification.algorithm = https
	ssl.engine.factory.class = null
	ssl.key.password = null
	ssl.keymanager.algorithm = SunX509
	ssl.keystore.certificate.chain = null
	ssl.keystore.key = null
	ssl.keystore.location = null
	ssl.keystore.password = null
	ssl.keystore.type = JKS
	ssl.protocol = TLSv1.3
	ssl.provider = null
	ssl.secure.random.implementation = null
	ssl.trustmanager.algorithm = PKIX
	ssl.truststore.certificates = null
	ssl.truststore.location = null
	ssl.truststore.password = null
	ssl.truststore.type = JKS
	transaction.timeout.ms = 60000
	transactional.id = null
	value.serializer = class io.apicurio.registry.serde.avro.AvroKafkaSerializer

2025-08-06 15:38:07,956 INFO  [org.apa.kaf.com.tel.int.KafkaMetricsCollector] (main) initializing Kafka metrics collector
2025-08-06 15:38:07,959 INFO  [org.apa.kaf.cli.pro.KafkaProducer] (main) [Producer clientId=Producer-topic-251891e9_241b_49f5_9c43_0623440f0e86] Instantiated an idempotent producer.
2025-08-06 15:38:07,961 INFO  [org.apa.kaf.cli.pro.ProducerConfig] (main) These configurations '[apicurio.registry.url, apicurio.registry.artifact-resolver-strategy]' were supplied but are not used yet.
2025-08-06 15:38:07,961 INFO  [org.apa.kaf.com.uti.AppInfoParser] (main) Kafka version: 3.9.1
2025-08-06 15:38:07,961 INFO  [org.apa.kaf.com.uti.AppInfoParser] (main) Kafka commitId: f745dfdcee2b9851
2025-08-06 15:38:07,961 INFO  [org.apa.kaf.com.uti.AppInfoParser] (main) Kafka startTimeMs: 1754494687961
2025-08-06 15:38:07,964 INFO  [io.api.tes.ser.api.KafkaSerdesTester] (Thread-738) Sending message {"keyB": "value-0"} to topic topic-251891e9_241b_49f5_9c43_0623440f0e86
2025-08-06 15:38:07,965 INFO  [org.apa.kaf.cli.Metadata] (kafka-producer-network-thread | Producer-topic-251891e9_241b_49f5_9c43_0623440f0e86) [Producer clientId=Producer-topic-251891e9_241b_49f5_9c43_0623440f0e86] Cluster ID: xNUQX5UBRx2CPqcHCglV-w
2025-08-06 15:38:07,965 INFO  [DefaultSchemaResolver] (Thread-738) Retrieving schema content using string: {"type":"record","name":"s44ac4a8ex810ax4975x80a8x0c8683dd0a7f","namespace":"sd4ab3ec4xabe7x477exa755xf75fb6d5055c","fields":[{"name":"keyB","type":"string"}]}
2025-08-06 15:38:07,966 INFO  [org.apa.kaf.cli.pro.int.TransactionManager] (kafka-producer-network-thread | Producer-topic-251891e9_241b_49f5_9c43_0623440f0e86) [Producer clientId=Producer-topic-251891e9_241b_49f5_9c43_0623440f0e86] ProducerId set to 24 with epoch 0
2025-08-06 15:38:08,183 INFO  [org.apa.kaf.cli.pro.KafkaProducer] (Thread-738) [Producer clientId=Producer-topic-251891e9_241b_49f5_9c43_0623440f0e86] Closing the Kafka producer with timeoutMillis = 9223372036854775807 ms.
2025-08-06 15:38:08,185 INFO  [org.apa.kaf.com.met.Metrics] (Thread-738) Metrics scheduler closed
2025-08-06 15:38:08,185 INFO  [org.apa.kaf.com.met.Metrics] (Thread-738) Closing reporter org.apache.kafka.common.metrics.JmxReporter
2025-08-06 15:38:08,185 INFO  [org.apa.kaf.com.met.Metrics] (Thread-738) Closing reporter org.apache.kafka.common.telemetry.internals.ClientTelemetryReporter
2025-08-06 15:38:08,185 INFO  [org.apa.kaf.com.met.Metrics] (Thread-738) Metrics reporters closed
2025-08-06 15:38:08,185 INFO  [org.apa.kaf.com.uti.AppInfoParser] (Thread-738) App info kafka.producer for Producer-topic-251891e9_241b_49f5_9c43_0623440f0e86 unregistered
2025-08-06 15:38:08,185 INFO  [io.api.tes.uti.TestSeparator] (main) io.apicurio.tests.serdes.apicurio.AvroSerdeIT.testAvroSerDesFailDifferentSchemaByContent-FINISHED
2025-08-06 15:38:08,186 INFO  [io.api.tes.uti.TestSeparator] (main) ############################################################################
Test passed: testAvroSerDesFailDifferentSchemaByContent
]]></system-out>
    <system-err><![CDATA[java.lang.RuntimeException: Could not resolve artifact reference by content: {"type":"record","name":"s44ac4a8ex810ax4975x80a8x0c8683dd0a7f","namespace":"sd4ab3ec4xabe7x477exa755xf75fb6d5055c","fields":[{"name":"keyB","type":"string"}]}&ArtifactReference [groupId=sd4ab3ec4xabe7x477exa755xf75fb6d5055c, artifactId=s44ac4a8ex810ax4975x80a8x0c8683dd0a7f, version=null, globalId=null, contentId=null, contentHash=null]
	at io.apicurio.registry.resolver.DefaultSchemaResolver.lambda$handleResolveSchemaByContent$3(DefaultSchemaResolver.java:265)
	at io.apicurio.registry.resolver.cache.ERCache.lambda$getValue$0(ERCache.java:174)
	at io.apicurio.registry.resolver.cache.ERCache.retry(ERCache.java:227)
	at io.apicurio.registry.resolver.cache.ERCache.getValue(ERCache.java:173)
	at io.apicurio.registry.resolver.cache.ERCache.getByContent(ERCache.java:147)
	at io.apicurio.registry.resolver.DefaultSchemaResolver.handleResolveSchemaByContent(DefaultSchemaResolver.java:253)
	at io.apicurio.registry.resolver.DefaultSchemaResolver.getSchemaFromRegistry(DefaultSchemaResolver.java:138)
	at io.apicurio.registry.resolver.DefaultSchemaResolver.lambda$resolveSchema$0(DefaultSchemaResolver.java:84)
	at java.base/java.util.Optional.orElseGet(Optional.java:364)
	at io.apicurio.registry.resolver.DefaultSchemaResolver.resolveSchema(DefaultSchemaResolver.java:84)
	at io.apicurio.registry.serde.AbstractSerializer.serializeData(AbstractSerializer.java:62)
	at io.apicurio.registry.serde.KafkaSerializer.serialize(KafkaSerializer.java:77)
	at org.apache.kafka.clients.producer.KafkaProducer.doSend(KafkaProducer.java:1046)
	at org.apache.kafka.clients.producer.KafkaProducer.send(KafkaProducer.java:993)
	at org.apache.kafka.clients.producer.KafkaProducer.send(KafkaProducer.java:875)
	at io.apicurio.tests.serdes.apicurio.KafkaSerdesTester.lambda$produceMessages$3(KafkaSerdesTester.java:138)
	at java.base/java.util.concurrent.CompletableFuture$AsyncSupply.run(CompletableFuture.java:1768)
	at java.base/java.lang.Thread.run(Thread.java:840)
]]></system-err>
  </testcase>
  <testcase name="testGlobalIdInBody" classname="io.apicurio.tests.serdes.apicurio.AvroSerdeIT" time="4.222">
    <system-out><![CDATA[2025-08-06 15:38:08,187 INFO  [io.api.tes.uti.TestSeparator] (main) ############################################################################
2025-08-06 15:38:08,187 INFO  [io.api.tes.uti.TestSeparator] (main) io.apicurio.tests.serdes.apicurio.AvroSerdeIT.testGlobalIdInBody-STARTED
**** Registry Base URL: http://registry-app-pg17.apps.ci419.apicurio-testing.org:80
2025-08-06 15:38:08,191 INFO  [org.apa.kaf.cli.pro.ProducerConfig] (main) ProducerConfig values: 
	acks = -1
	auto.include.jmx.reporter = true
	batch.size = 16384
	bootstrap.servers = [PLAINTEXT://localhost:32769]
	buffer.memory = 33554432
	client.dns.lookup = use_all_dns_ips
	client.id = Producer-topic-dced2465_4103_4be9_a065_822011caf326
	compression.gzip.level = -1
	compression.lz4.level = 9
	compression.type = none
	compression.zstd.level = 3
	connections.max.idle.ms = 10000
	delivery.timeout.ms = 120000
	enable.idempotence = true
	enable.metrics.push = true
	interceptor.classes = []
	key.serializer = class org.apache.kafka.common.serialization.StringSerializer
	linger.ms = 0
	max.block.ms = 60000
	max.in.flight.requests.per.connection = 5
	max.request.size = 1048576
	metadata.max.age.ms = 300000
	metadata.max.idle.ms = 300000
	metadata.recovery.strategy = none
	metric.reporters = []
	metrics.num.samples = 2
	metrics.recording.level = INFO
	metrics.sample.window.ms = 30000
	partitioner.adaptive.partitioning.enable = true
	partitioner.availability.timeout.ms = 0
	partitioner.class = null
	partitioner.ignore.keys = false
	receive.buffer.bytes = 32768
	reconnect.backoff.max.ms = 1000
	reconnect.backoff.ms = 50
	request.timeout.ms = 5000
	retries = 2147483647
	retry.backoff.max.ms = 1000
	retry.backoff.ms = 100
	sasl.client.callback.handler.class = null
	sasl.jaas.config = null
	sasl.kerberos.kinit.cmd = /usr/bin/kinit
	sasl.kerberos.min.time.before.relogin = 60000
	sasl.kerberos.service.name = null
	sasl.kerberos.ticket.renew.jitter = 0.05
	sasl.kerberos.ticket.renew.window.factor = 0.8
	sasl.login.callback.handler.class = null
	sasl.login.class = null
	sasl.login.connect.timeout.ms = null
	sasl.login.read.timeout.ms = null
	sasl.login.refresh.buffer.seconds = 300
	sasl.login.refresh.min.period.seconds = 60
	sasl.login.refresh.window.factor = 0.8
	sasl.login.refresh.window.jitter = 0.05
	sasl.login.retry.backoff.max.ms = 10000
	sasl.login.retry.backoff.ms = 100
	sasl.mechanism = GSSAPI
	sasl.oauthbearer.clock.skew.seconds = 30
	sasl.oauthbearer.expected.audience = null
	sasl.oauthbearer.expected.issuer = null
	sasl.oauthbearer.header.urlencode = false
	sasl.oauthbearer.jwks.endpoint.refresh.ms = 3600000
	sasl.oauthbearer.jwks.endpoint.retry.backoff.max.ms = 10000
	sasl.oauthbearer.jwks.endpoint.retry.backoff.ms = 100
	sasl.oauthbearer.jwks.endpoint.url = null
	sasl.oauthbearer.scope.claim.name = scope
	sasl.oauthbearer.sub.claim.name = sub
	sasl.oauthbearer.token.endpoint.url = null
	security.protocol = PLAINTEXT
	security.providers = null
	send.buffer.bytes = 131072
	socket.connection.setup.timeout.max.ms = 30000
	socket.connection.setup.timeout.ms = 10000
	ssl.cipher.suites = null
	ssl.enabled.protocols = [TLSv1.2, TLSv1.3]
	ssl.endpoint.identification.algorithm = https
	ssl.engine.factory.class = null
	ssl.key.password = null
	ssl.keymanager.algorithm = SunX509
	ssl.keystore.certificate.chain = null
	ssl.keystore.key = null
	ssl.keystore.location = null
	ssl.keystore.password = null
	ssl.keystore.type = JKS
	ssl.protocol = TLSv1.3
	ssl.provider = null
	ssl.secure.random.implementation = null
	ssl.trustmanager.algorithm = PKIX
	ssl.truststore.certificates = null
	ssl.truststore.location = null
	ssl.truststore.password = null
	ssl.truststore.type = JKS
	transaction.timeout.ms = 60000
	transactional.id = null
	value.serializer = class io.apicurio.registry.serde.avro.AvroKafkaSerializer

2025-08-06 15:38:08,193 INFO  [org.apa.kaf.com.tel.int.KafkaMetricsCollector] (main) initializing Kafka metrics collector
2025-08-06 15:38:08,200 INFO  [org.apa.kaf.cli.pro.KafkaProducer] (main) [Producer clientId=Producer-topic-dced2465_4103_4be9_a065_822011caf326] Instantiated an idempotent producer.
2025-08-06 15:38:08,202 INFO  [org.apa.kaf.cli.pro.ProducerConfig] (main) These configurations '[apicurio.registry.url, apicurio.registry.auto-register, apicurio.registry.use-id, apicurio.registry.artifact-resolver-strategy]' were supplied but are not used yet.
2025-08-06 15:38:08,202 INFO  [org.apa.kaf.com.uti.AppInfoParser] (main) Kafka version: 3.9.1
2025-08-06 15:38:08,202 INFO  [org.apa.kaf.com.uti.AppInfoParser] (main) Kafka commitId: f745dfdcee2b9851
2025-08-06 15:38:08,202 INFO  [org.apa.kaf.com.uti.AppInfoParser] (main) Kafka startTimeMs: 1754494688202
2025-08-06 15:38:08,202 INFO  [io.api.tes.ser.api.SimpleSerdesTesterBuilder$SimpleSerdesTester] (main) Using producer configuration: {apicurio.registry.url=http://registry-app-pg17.apps.ci419.apicurio-testing.org:80/apis/registry/v3, apicurio.registry.auto-register=true, apicurio.registry.use-id=globalId, apicurio.registry.artifact-resolver-strategy=io.apicurio.registry.serde.strategy.TopicIdStrategy, value.serializer=io.apicurio.registry.serde.avro.AvroKafkaSerializer, request.timeout.ms=5000, acks=all, bootstrap.servers=PLAINTEXT://localhost:32769, connections.max.idle.ms=10000, key.serializer=org.apache.kafka.common.serialization.StringSerializer, client.id=Producer-topic-dced2465_4103_4be9_a065_822011caf326}
2025-08-06 15:38:08,202 INFO  [io.api.tes.ser.api.SimpleSerdesTesterBuilder$SimpleSerdesTester] (main) Using consumer configuration: {apicurio.registry.use-id=globalId}
2025-08-06 15:38:08,204 INFO  [io.api.tes.ser.api.KafkaSerdesTester] (Thread-741) Sending message {"key11754494688190": "value-0"} to topic topic-dced2465_4103_4be9_a065_822011caf326
2025-08-06 15:38:08,210 WARN  [org.apa.kaf.cli.NetworkClient] (kafka-producer-network-thread | Producer-topic-dced2465_4103_4be9_a065_822011caf326) [Producer clientId=Producer-topic-dced2465_4103_4be9_a065_822011caf326] The metadata response from the cluster reported a recoverable issue with correlation id 1 : {topic-dced2465_4103_4be9_a065_822011caf326=UNKNOWN_TOPIC_OR_PARTITION}
2025-08-06 15:38:08,210 INFO  [org.apa.kaf.cli.Metadata] (kafka-producer-network-thread | Producer-topic-dced2465_4103_4be9_a065_822011caf326) [Producer clientId=Producer-topic-dced2465_4103_4be9_a065_822011caf326] Cluster ID: xNUQX5UBRx2CPqcHCglV-w
2025-08-06 15:38:08,211 INFO  [org.apa.kaf.cli.pro.int.TransactionManager] (kafka-producer-network-thread | Producer-topic-dced2465_4103_4be9_a065_822011caf326) [Producer clientId=Producer-topic-dced2465_4103_4be9_a065_822011caf326] ProducerId set to 25 with epoch 0
2025-08-06 15:38:08,478 INFO  [io.api.tes.ser.api.KafkaSerdesTester] (Thread-741) Sending message {"key11754494688190": "value-1"} to topic topic-dced2465_4103_4be9_a065_822011caf326
2025-08-06 15:38:08,480 INFO  [io.api.tes.ser.api.KafkaSerdesTester] (Thread-741) Sending message {"key11754494688190": "value-2"} to topic topic-dced2465_4103_4be9_a065_822011caf326
2025-08-06 15:38:08,481 INFO  [io.api.tes.ser.api.KafkaSerdesTester] (Thread-741) Sending message {"key11754494688190": "value-3"} to topic topic-dced2465_4103_4be9_a065_822011caf326
2025-08-06 15:38:08,483 INFO  [io.api.tes.ser.api.KafkaSerdesTester] (Thread-741) Sending message {"key11754494688190": "value-4"} to topic topic-dced2465_4103_4be9_a065_822011caf326
2025-08-06 15:38:08,485 INFO  [io.api.tes.ser.api.KafkaSerdesTester] (Thread-741) Sending message {"key11754494688190": "value-5"} to topic topic-dced2465_4103_4be9_a065_822011caf326
2025-08-06 15:38:08,491 INFO  [io.api.tes.ser.api.KafkaSerdesTester] (Thread-741) Sending message {"key11754494688190": "value-6"} to topic topic-dced2465_4103_4be9_a065_822011caf326
2025-08-06 15:38:08,493 INFO  [io.api.tes.ser.api.KafkaSerdesTester] (Thread-741) Sending message {"key11754494688190": "value-7"} to topic topic-dced2465_4103_4be9_a065_822011caf326
2025-08-06 15:38:08,495 INFO  [io.api.tes.ser.api.KafkaSerdesTester] (Thread-741) Sending message {"key11754494688190": "value-8"} to topic topic-dced2465_4103_4be9_a065_822011caf326
2025-08-06 15:38:08,497 INFO  [io.api.tes.ser.api.KafkaSerdesTester] (Thread-741) Sending message {"key11754494688190": "value-9"} to topic topic-dced2465_4103_4be9_a065_822011caf326
2025-08-06 15:38:08,500 INFO  [io.api.tes.ser.api.KafkaSerdesTester] (Thread-741) Produced 10 messages
2025-08-06 15:38:08,500 INFO  [org.apa.kaf.cli.pro.KafkaProducer] (Thread-741) [Producer clientId=Producer-topic-dced2465_4103_4be9_a065_822011caf326] Closing the Kafka producer with timeoutMillis = 9223372036854775807 ms.
2025-08-06 15:38:08,501 INFO  [org.apa.kaf.com.met.Metrics] (Thread-741) Metrics scheduler closed
2025-08-06 15:38:08,502 INFO  [org.apa.kaf.com.met.Metrics] (Thread-741) Closing reporter org.apache.kafka.common.metrics.JmxReporter
2025-08-06 15:38:08,502 INFO  [org.apa.kaf.com.met.Metrics] (Thread-741) Closing reporter org.apache.kafka.common.telemetry.internals.ClientTelemetryReporter
2025-08-06 15:38:08,502 INFO  [org.apa.kaf.com.met.Metrics] (Thread-741) Metrics reporters closed
2025-08-06 15:38:08,502 INFO  [org.apa.kaf.com.uti.AppInfoParser] (Thread-741) App info kafka.producer for Producer-topic-dced2465_4103_4be9_a065_822011caf326 unregistered
**** Registry Base URL: http://registry-app-pg17.apps.ci419.apicurio-testing.org:80
2025-08-06 15:38:08,646 INFO  [org.apa.kaf.cli.con.ConsumerConfig] (main) ConsumerConfig values: 
	allow.auto.create.topics = true
	auto.commit.interval.ms = 500
	auto.include.jmx.reporter = true
	auto.offset.reset = earliest
	bootstrap.servers = [PLAINTEXT://localhost:32769]
	check.crcs = true
	client.dns.lookup = use_all_dns_ips
	client.id = consumer-Consumer-topic-dced2465_4103_4be9_a065_822011caf326-18
	client.rack = 
	connections.max.idle.ms = 10000
	default.api.timeout.ms = 60000
	enable.auto.commit = true
	enable.metrics.push = true
	exclude.internal.topics = true
	fetch.max.bytes = 52428800
	fetch.max.wait.ms = 500
	fetch.min.bytes = 1
	group.id = Consumer-topic-dced2465_4103_4be9_a065_822011caf326
	group.instance.id = null
	group.protocol = classic
	group.remote.assignor = null
	heartbeat.interval.ms = 3000
	interceptor.classes = []
	internal.leave.group.on.close = true
	internal.throw.on.fetch.stable.offset.unsupported = false
	isolation.level = read_uncommitted
	key.deserializer = class org.apache.kafka.common.serialization.StringDeserializer
	max.partition.fetch.bytes = 1048576
	max.poll.interval.ms = 300000
	max.poll.records = 500
	metadata.max.age.ms = 300000
	metadata.recovery.strategy = none
	metric.reporters = []
	metrics.num.samples = 2
	metrics.recording.level = INFO
	metrics.sample.window.ms = 30000
	partition.assignment.strategy = [class org.apache.kafka.clients.consumer.RangeAssignor, class org.apache.kafka.clients.consumer.CooperativeStickyAssignor]
	receive.buffer.bytes = 65536
	reconnect.backoff.max.ms = 1000
	reconnect.backoff.ms = 50
	request.timeout.ms = 5000
	retry.backoff.max.ms = 1000
	retry.backoff.ms = 100
	sasl.client.callback.handler.class = null
	sasl.jaas.config = null
	sasl.kerberos.kinit.cmd = /usr/bin/kinit
	sasl.kerberos.min.time.before.relogin = 60000
	sasl.kerberos.service.name = null
	sasl.kerberos.ticket.renew.jitter = 0.05
	sasl.kerberos.ticket.renew.window.factor = 0.8
	sasl.login.callback.handler.class = null
	sasl.login.class = null
	sasl.login.connect.timeout.ms = null
	sasl.login.read.timeout.ms = null
	sasl.login.refresh.buffer.seconds = 300
	sasl.login.refresh.min.period.seconds = 60
	sasl.login.refresh.window.factor = 0.8
	sasl.login.refresh.window.jitter = 0.05
	sasl.login.retry.backoff.max.ms = 10000
	sasl.login.retry.backoff.ms = 100
	sasl.mechanism = GSSAPI
	sasl.oauthbearer.clock.skew.seconds = 30
	sasl.oauthbearer.expected.audience = null
	sasl.oauthbearer.expected.issuer = null
	sasl.oauthbearer.header.urlencode = false
	sasl.oauthbearer.jwks.endpoint.refresh.ms = 3600000
	sasl.oauthbearer.jwks.endpoint.retry.backoff.max.ms = 10000
	sasl.oauthbearer.jwks.endpoint.retry.backoff.ms = 100
	sasl.oauthbearer.jwks.endpoint.url = null
	sasl.oauthbearer.scope.claim.name = scope
	sasl.oauthbearer.sub.claim.name = sub
	sasl.oauthbearer.token.endpoint.url = null
	security.protocol = PLAINTEXT
	security.providers = null
	send.buffer.bytes = 131072
	session.timeout.ms = 45000
	socket.connection.setup.timeout.max.ms = 30000
	socket.connection.setup.timeout.ms = 10000
	ssl.cipher.suites = null
	ssl.enabled.protocols = [TLSv1.2, TLSv1.3]
	ssl.endpoint.identification.algorithm = https
	ssl.engine.factory.class = null
	ssl.key.password = null
	ssl.keymanager.algorithm = SunX509
	ssl.keystore.certificate.chain = null
	ssl.keystore.key = null
	ssl.keystore.location = null
	ssl.keystore.password = null
	ssl.keystore.type = JKS
	ssl.protocol = TLSv1.3
	ssl.provider = null
	ssl.secure.random.implementation = null
	ssl.trustmanager.algorithm = PKIX
	ssl.truststore.certificates = null
	ssl.truststore.location = null
	ssl.truststore.password = null
	ssl.truststore.type = JKS
	value.deserializer = class io.apicurio.registry.serde.avro.AvroKafkaDeserializer

2025-08-06 15:38:08,646 INFO  [org.apa.kaf.com.tel.int.KafkaMetricsCollector] (main) initializing Kafka metrics collector
2025-08-06 15:38:08,650 INFO  [org.apa.kaf.cli.con.ConsumerConfig] (main) These configurations '[apicurio.registry.url, apicurio.registry.use-id]' were supplied but are not used yet.
2025-08-06 15:38:08,650 INFO  [org.apa.kaf.com.uti.AppInfoParser] (main) Kafka version: 3.9.1
2025-08-06 15:38:08,650 INFO  [org.apa.kaf.com.uti.AppInfoParser] (main) Kafka commitId: f745dfdcee2b9851
2025-08-06 15:38:08,650 INFO  [org.apa.kaf.com.uti.AppInfoParser] (main) Kafka startTimeMs: 1754494688650
2025-08-06 15:38:08,651 INFO  [org.apa.kaf.cli.con.int.ClassicKafkaConsumer] (Thread-744) [Consumer clientId=consumer-Consumer-topic-dced2465_4103_4be9_a065_822011caf326-18, groupId=Consumer-topic-dced2465_4103_4be9_a065_822011caf326] Subscribed to topic(s): topic-dced2465_4103_4be9_a065_822011caf326
2025-08-06 15:38:08,656 INFO  [org.apa.kaf.cli.Metadata] (Thread-744) [Consumer clientId=consumer-Consumer-topic-dced2465_4103_4be9_a065_822011caf326-18, groupId=Consumer-topic-dced2465_4103_4be9_a065_822011caf326] Cluster ID: xNUQX5UBRx2CPqcHCglV-w
2025-08-06 15:38:08,657 INFO  [org.apa.kaf.cli.con.int.ConsumerCoordinator] (Thread-744) [Consumer clientId=consumer-Consumer-topic-dced2465_4103_4be9_a065_822011caf326-18, groupId=Consumer-topic-dced2465_4103_4be9_a065_822011caf326] Discovered group coordinator localhost:32769 (id: 2147483647 rack: null)
2025-08-06 15:38:08,658 INFO  [org.apa.kaf.cli.con.int.ConsumerCoordinator] (Thread-744) [Consumer clientId=consumer-Consumer-topic-dced2465_4103_4be9_a065_822011caf326-18, groupId=Consumer-topic-dced2465_4103_4be9_a065_822011caf326] (Re-)joining group
2025-08-06 15:38:08,661 INFO  [org.apa.kaf.cli.con.int.ConsumerCoordinator] (Thread-744) [Consumer clientId=consumer-Consumer-topic-dced2465_4103_4be9_a065_822011caf326-18, groupId=Consumer-topic-dced2465_4103_4be9_a065_822011caf326] Request joining group due to: need to re-join with the given member-id: consumer-Consumer-topic-dced2465_4103_4be9_a065_822011caf326-18-be238553-25c8-4738-bce1-510d4de6ed1f
2025-08-06 15:38:08,661 INFO  [org.apa.kaf.cli.con.int.ConsumerCoordinator] (Thread-744) [Consumer clientId=consumer-Consumer-topic-dced2465_4103_4be9_a065_822011caf326-18, groupId=Consumer-topic-dced2465_4103_4be9_a065_822011caf326] (Re-)joining group
2025-08-06 15:38:09,652 INFO  [io.api.tes.ser.api.KafkaSerdesTester] (Thread-744) None found
2025-08-06 15:38:10,652 INFO  [io.api.tes.ser.api.KafkaSerdesTester] (Thread-744) None found
2025-08-06 15:38:11,652 INFO  [io.api.tes.ser.api.KafkaSerdesTester] (Thread-744) None found
2025-08-06 15:38:11,665 INFO  [org.apa.kaf.cli.con.int.ConsumerCoordinator] (Thread-744) [Consumer clientId=consumer-Consumer-topic-dced2465_4103_4be9_a065_822011caf326-18, groupId=Consumer-topic-dced2465_4103_4be9_a065_822011caf326] Successfully joined group with generation Generation{generationId=1, memberId='consumer-Consumer-topic-dced2465_4103_4be9_a065_822011caf326-18-be238553-25c8-4738-bce1-510d4de6ed1f', protocol='range'}
2025-08-06 15:38:11,665 INFO  [org.apa.kaf.cli.con.int.ConsumerCoordinator] (Thread-744) [Consumer clientId=consumer-Consumer-topic-dced2465_4103_4be9_a065_822011caf326-18, groupId=Consumer-topic-dced2465_4103_4be9_a065_822011caf326] Finished assignment for group at generation 1: {consumer-Consumer-topic-dced2465_4103_4be9_a065_822011caf326-18-be238553-25c8-4738-bce1-510d4de6ed1f=Assignment(partitions=[topic-dced2465_4103_4be9_a065_822011caf326-0])}
2025-08-06 15:38:11,671 INFO  [org.apa.kaf.cli.con.int.ConsumerCoordinator] (Thread-744) [Consumer clientId=consumer-Consumer-topic-dced2465_4103_4be9_a065_822011caf326-18, groupId=Consumer-topic-dced2465_4103_4be9_a065_822011caf326] Successfully synced group in generation Generation{generationId=1, memberId='consumer-Consumer-topic-dced2465_4103_4be9_a065_822011caf326-18-be238553-25c8-4738-bce1-510d4de6ed1f', protocol='range'}
2025-08-06 15:38:11,672 INFO  [org.apa.kaf.cli.con.int.ConsumerCoordinator] (Thread-744) [Consumer clientId=consumer-Consumer-topic-dced2465_4103_4be9_a065_822011caf326-18, groupId=Consumer-topic-dced2465_4103_4be9_a065_822011caf326] Notifying assignor about the new Assignment(partitions=[topic-dced2465_4103_4be9_a065_822011caf326-0])
2025-08-06 15:38:11,672 INFO  [org.apa.kaf.cli.con.int.ConsumerRebalanceListenerInvoker] (Thread-744) [Consumer clientId=consumer-Consumer-topic-dced2465_4103_4be9_a065_822011caf326-18, groupId=Consumer-topic-dced2465_4103_4be9_a065_822011caf326] Adding newly assigned partitions: topic-dced2465_4103_4be9_a065_822011caf326-0
2025-08-06 15:38:11,672 INFO  [org.apa.kaf.cli.con.int.ConsumerCoordinator] (Thread-744) [Consumer clientId=consumer-Consumer-topic-dced2465_4103_4be9_a065_822011caf326-18, groupId=Consumer-topic-dced2465_4103_4be9_a065_822011caf326] Found no committed offset for partition topic-dced2465_4103_4be9_a065_822011caf326-0
2025-08-06 15:38:11,675 INFO  [org.apa.kaf.cli.con.int.SubscriptionState] (Thread-744) [Consumer clientId=consumer-Consumer-topic-dced2465_4103_4be9_a065_822011caf326-18, groupId=Consumer-topic-dced2465_4103_4be9_a065_822011caf326] Resetting offset for partition topic-dced2465_4103_4be9_a065_822011caf326-0 to position FetchPosition{offset=0, offsetEpoch=Optional.empty, currentLeader=LeaderAndEpoch{leader=Optional[localhost:32769 (id: 0 rack: null)], epoch=0}}.
2025-08-06 15:38:11,900 INFO  [io.api.tes.ser.api.KafkaSerdesTester] (Thread-744) topic-dced2465_4103_4be9_a065_822011caf326 0 0 {"key11754494688190": "value-0"}
2025-08-06 15:38:11,900 INFO  [io.api.tes.ser.api.KafkaSerdesTester] (Thread-744) topic-dced2465_4103_4be9_a065_822011caf326 0 1 {"key11754494688190": "value-1"}
2025-08-06 15:38:11,900 INFO  [io.api.tes.ser.api.KafkaSerdesTester] (Thread-744) topic-dced2465_4103_4be9_a065_822011caf326 0 2 {"key11754494688190": "value-2"}
2025-08-06 15:38:11,900 INFO  [io.api.tes.ser.api.KafkaSerdesTester] (Thread-744) topic-dced2465_4103_4be9_a065_822011caf326 0 3 {"key11754494688190": "value-3"}
2025-08-06 15:38:11,901 INFO  [io.api.tes.ser.api.KafkaSerdesTester] (Thread-744) topic-dced2465_4103_4be9_a065_822011caf326 0 4 {"key11754494688190": "value-4"}
2025-08-06 15:38:11,901 INFO  [io.api.tes.ser.api.KafkaSerdesTester] (Thread-744) topic-dced2465_4103_4be9_a065_822011caf326 0 5 {"key11754494688190": "value-5"}
2025-08-06 15:38:11,901 INFO  [io.api.tes.ser.api.KafkaSerdesTester] (Thread-744) topic-dced2465_4103_4be9_a065_822011caf326 0 6 {"key11754494688190": "value-6"}
2025-08-06 15:38:11,901 INFO  [io.api.tes.ser.api.KafkaSerdesTester] (Thread-744) topic-dced2465_4103_4be9_a065_822011caf326 0 7 {"key11754494688190": "value-7"}
2025-08-06 15:38:11,901 INFO  [io.api.tes.ser.api.KafkaSerdesTester] (Thread-744) topic-dced2465_4103_4be9_a065_822011caf326 0 8 {"key11754494688190": "value-8"}
2025-08-06 15:38:11,901 INFO  [io.api.tes.ser.api.KafkaSerdesTester] (Thread-744) topic-dced2465_4103_4be9_a065_822011caf326 0 9 {"key11754494688190": "value-9"}
2025-08-06 15:38:11,901 INFO  [io.api.tes.ser.api.KafkaSerdesTester] (Thread-744) Consumed 10 messages
2025-08-06 15:38:11,908 INFO  [org.apa.kaf.cli.con.int.ConsumerRebalanceListenerInvoker] (Thread-744) [Consumer clientId=consumer-Consumer-topic-dced2465_4103_4be9_a065_822011caf326-18, groupId=Consumer-topic-dced2465_4103_4be9_a065_822011caf326] Revoke previously assigned partitions topic-dced2465_4103_4be9_a065_822011caf326-0
2025-08-06 15:38:11,909 INFO  [org.apa.kaf.cli.con.int.ConsumerCoordinator] (Thread-744) [Consumer clientId=consumer-Consumer-topic-dced2465_4103_4be9_a065_822011caf326-18, groupId=Consumer-topic-dced2465_4103_4be9_a065_822011caf326] Member consumer-Consumer-topic-dced2465_4103_4be9_a065_822011caf326-18-be238553-25c8-4738-bce1-510d4de6ed1f sending LeaveGroup request to coordinator localhost:32769 (id: 2147483647 rack: null) due to the consumer is being closed
2025-08-06 15:38:11,909 INFO  [org.apa.kaf.cli.con.int.ConsumerCoordinator] (Thread-744) [Consumer clientId=consumer-Consumer-topic-dced2465_4103_4be9_a065_822011caf326-18, groupId=Consumer-topic-dced2465_4103_4be9_a065_822011caf326] Resetting generation and member id due to: consumer pro-actively leaving the group
2025-08-06 15:38:11,909 INFO  [org.apa.kaf.cli.con.int.ConsumerCoordinator] (Thread-744) [Consumer clientId=consumer-Consumer-topic-dced2465_4103_4be9_a065_822011caf326-18, groupId=Consumer-topic-dced2465_4103_4be9_a065_822011caf326] Request joining group due to: consumer pro-actively leaving the group
2025-08-06 15:38:12,404 INFO  [org.apa.kaf.com.met.Metrics] (Thread-744) Metrics scheduler closed
2025-08-06 15:38:12,404 INFO  [org.apa.kaf.com.met.Metrics] (Thread-744) Closing reporter org.apache.kafka.common.metrics.JmxReporter
2025-08-06 15:38:12,404 INFO  [org.apa.kaf.com.met.Metrics] (Thread-744) Closing reporter org.apache.kafka.common.telemetry.internals.ClientTelemetryReporter
2025-08-06 15:38:12,404 INFO  [org.apa.kaf.com.met.Metrics] (Thread-744) Metrics reporters closed
2025-08-06 15:38:12,407 INFO  [org.apa.kaf.com.uti.AppInfoParser] (Thread-744) App info kafka.consumer for consumer-Consumer-topic-dced2465_4103_4be9_a065_822011caf326-18 unregistered
2025-08-06 15:38:12,408 INFO  [io.api.tes.uti.TestSeparator] (main) io.apicurio.tests.serdes.apicurio.AvroSerdeIT.testGlobalIdInBody-FINISHED
2025-08-06 15:38:12,408 INFO  [io.api.tes.uti.TestSeparator] (main) ############################################################################
Test passed: testGlobalIdInBody
]]></system-out>
  </testcase>
  <testcase name="testProducerUsesGlobalIdConsumerUsesDefault" classname="io.apicurio.tests.serdes.apicurio.AvroSerdeIT" time="0.0">
    <skipped message="void io.apicurio.tests.serdes.apicurio.AvroSerdeIT.testProducerUsesGlobalIdConsumerUsesDefault() throws java.lang.Exception is @Disabled"/>
  </testcase>
</testsuite>