<?xml version="1.0" encoding="UTF-8"?>
<testsuite xmlns:xsi="http://www.w3.org/2001/XMLSchema-instance" xsi:noNamespaceSchemaLocation="https://maven.apache.org/surefire/maven-failsafe-plugin/xsd/failsafe-test-report.xsd" version="3.0.2" name="io.apicurio.tests.serdes.apicurio.AvroSerdeIT" time="99.904" tests="21" errors="3" skipped="2" failures="0">
  <properties>
    <property name="java.specification.version" value="17"/>
    <property name="sun.jnu.encoding" value="UTF-8"/>
    <property name="java.class.path" value="/home/runner/work/apicurio-testing/apicurio-testing/clusters/ci419/namespaces/pg17/tests/integration/apicurio-registry/integration-tests/target/test-classes:/home/runner/work/apicurio-testing/apicurio-testing/clusters/ci419/namespaces/pg17/tests/integration/apicurio-registry/integration-tests/target/apicurio-registry-integration-tests-3.0.12-SNAPSHOT.jar:/home/runner/.m2/repository/io/quarkus/quarkus-junit5/3.20.2/quarkus-junit5-3.20.2.jar:/home/runner/.m2/repository/io/quarkus/quarkus-bootstrap-core/3.20.2/quarkus-bootstrap-core-3.20.2.jar:/home/runner/.m2/repository/io/quarkus/quarkus-classloader-commons/3.20.2/quarkus-classloader-commons-3.20.2.jar:/home/runner/.m2/repository/io/quarkus/quarkus-bootstrap-app-model/3.20.2/quarkus-bootstrap-app-model-3.20.2.jar:/home/runner/.m2/repository/io/smallrye/common/smallrye-common-io/2.12.0/smallrye-common-io-2.12.0.jar:/home/runner/.m2/repository/org/eclipse/sisu/org.eclipse.sisu.inject/0.9.0.M3/org.eclipse.sisu.inject-0.9.0.M3.jar:/home/runner/.m2/repository/io/quarkus/quarkus-test-common/3.20.2/quarkus-test-common-3.20.2.jar:/home/runner/.m2/repository/io/quarkus/quarkus-core-deployment/3.20.2/quarkus-core-deployment-3.20.2.jar:/home/runner/.m2/repository/org/aesh/readline/2.6/readline-2.6.jar:/home/runner/.m2/repository/org/fusesource/jansi/jansi/2.4.0/jansi-2.4.0.jar:/home/runner/.m2/repository/org/aesh/aesh/2.8.2/aesh-2.8.2.jar:/home/runner/.m2/repository/io/quarkus/gizmo/gizmo/1.8.0/gizmo-1.8.0.jar:/home/runner/.m2/repository/org/ow2/asm/asm-util/9.7.1/asm-util-9.7.1.jar:/home/runner/.m2/repository/org/ow2/asm/asm-analysis/9.7.1/asm-analysis-9.7.1.jar:/home/runner/.m2/repository/org/ow2/asm/asm-commons/9.7.1/asm-commons-9.7.1.jar:/home/runner/.m2/repository/org/ow2/asm/asm-tree/9.7.1/asm-tree-9.7.1.jar:/home/runner/.m2/repository/io/quarkus/quarkus-hibernate-validator-spi/3.20.2/quarkus-hibernate-validator-spi-3.20.2.jar:/home/runner/.m2/repository/io/quarkus/quarkus-class-change-agent/3.20.2/quarkus-class-change-agent-3.20.2.jar:/home/runner/.m2/repository/io/quarkus/quarkus-devtools-utilities/3.20.2/quarkus-devtools-utilities-3.20.2.jar:/home/runner/.m2/repository/io/quarkus/quarkus-builder/3.20.2/quarkus-builder-3.20.2.jar:/home/runner/.m2/repository/org/graalvm/sdk/nativeimage/23.1.2/nativeimage-23.1.2.jar:/home/runner/.m2/repository/org/graalvm/sdk/word/23.1.2/word-23.1.2.jar:/home/runner/.m2/repository/io/quarkus/quarkus-bootstrap-maven-resolver/3.20.2/quarkus-bootstrap-maven-resolver-3.20.2.jar:/home/runner/.m2/repository/io/smallrye/beanbag/smallrye-beanbag-maven/1.5.2/smallrye-beanbag-maven-1.5.2.jar:/home/runner/.m2/repository/io/smallrye/beanbag/smallrye-beanbag-sisu/1.5.2/smallrye-beanbag-sisu-1.5.2.jar:/home/runner/.m2/repository/io/smallrye/beanbag/smallrye-beanbag/1.5.2/smallrye-beanbag-1.5.2.jar:/home/runner/.m2/repository/javax/inject/javax.inject/1/javax.inject-1.jar:/home/runner/.m2/repository/org/apache/maven/maven-artifact/3.9.9/maven-artifact-3.9.9.jar:/home/runner/.m2/repository/org/apache/maven/maven-builder-support/3.9.9/maven-builder-support-3.9.9.jar:/home/runner/.m2/repository/org/apache/maven/maven-model/3.9.9/maven-model-3.9.9.jar:/home/runner/.m2/repository/org/apache/maven/maven-model-builder/3.9.9/maven-model-builder-3.9.9.jar:/home/runner/.m2/repository/org/apache/maven/maven-repository-metadata/3.9.9/maven-repository-metadata-3.9.9.jar:/home/runner/.m2/repository/org/apache/maven/maven-settings/3.9.9/maven-settings-3.9.9.jar:/home/runner/.m2/repository/org/apache/maven/resolver/maven-resolver-api/1.9.22/maven-resolver-api-1.9.22.jar:/home/runner/.m2/repository/org/apache/maven/resolver/maven-resolver-impl/1.9.22/maven-resolver-impl-1.9.22.jar:/home/runner/.m2/repository/org/apache/maven/resolver/maven-resolver-named-locks/1.9.22/maven-resolver-named-locks-1.9.22.jar:/home/runner/.m2/repository/org/apache/maven/resolver/maven-resolver-spi/1.9.22/maven-resolver-spi-1.9.22.jar:/home/runner/.m2/repository/org/apache/maven/resolver/maven-resolver-util/1.9.22/maven-resolver-util-1.9.22.jar:/home/runner/.m2/repository/org/apache/maven/resolver/maven-resolver-transport-http/1.9.20/maven-resolver-transport-http-1.9.20.jar:/home/runner/.m2/repository/org/apache/maven/wagon/wagon-provider-api/3.5.3/wagon-provider-api-3.5.3.jar:/home/runner/.m2/repository/org/apache/maven/wagon/wagon-http-shared/3.5.3/wagon-http-shared-3.5.3.jar:/home/runner/.m2/repository/org/codehaus/plexus/plexus-interpolation/1.26/plexus-interpolation-1.26.jar:/home/runner/.m2/repository/org/codehaus/plexus/plexus-utils/3.5.1/plexus-utils-3.5.1.jar:/home/runner/.m2/repository/org/codehaus/plexus/plexus-xml/4.0.1/plexus-xml-4.0.1.jar:/home/runner/.m2/repository/org/apache/maven/maven-xml-impl/4.0.0-alpha-5/maven-xml-impl-4.0.0-alpha-5.jar:/home/runner/.m2/repository/org/apache/maven/maven-api-xml/4.0.0-alpha-5/maven-api-xml-4.0.0-alpha-5.jar:/home/runner/.m2/repository/org/apache/maven/maven-api-meta/4.0.0-alpha-5/maven-api-meta-4.0.0-alpha-5.jar:/home/runner/.m2/repository/org/codehaus/plexus/plexus-cipher/2.0/plexus-cipher-2.0.jar:/home/runner/.m2/repository/org/codehaus/plexus/plexus-sec-dispatcher/2.0/plexus-sec-dispatcher-2.0.jar:/home/runner/.m2/repository/org/apache/maven/maven-embedder/3.9.9/maven-embedder-3.9.9.jar:/home/runner/.m2/repository/org/apache/maven/maven-core/3.9.9/maven-core-3.9.9.jar:/home/runner/.m2/repository/org/codehaus/plexus/plexus-component-annotations/2.1.0/plexus-component-annotations-2.1.0.jar:/home/runner/.m2/repository/org/apache/maven/maven-plugin-api/3.9.9/maven-plugin-api-3.9.9.jar:/home/runner/.m2/repository/org/apache/maven/shared/maven-shared-utils/3.4.2/maven-shared-utils-3.4.2.jar:/home/runner/.m2/repository/com/google/inject/guice/5.1.0/guice-5.1.0.jar:/home/runner/.m2/repository/aopalliance/aopalliance/1.0/aopalliance-1.0.jar:/home/runner/.m2/repository/org/codehaus/plexus/plexus-classworlds/2.6.0/plexus-classworlds-2.6.0.jar:/home/runner/.m2/repository/commons-cli/commons-cli/1.8.0/commons-cli-1.8.0.jar:/home/runner/.m2/repository/org/eclipse/sisu/org.eclipse.sisu.plexus/0.9.0.M3/org.eclipse.sisu.plexus-0.9.0.M3.jar:/home/runner/.m2/repository/org/apache/maven/maven-settings-builder/3.9.9/maven-settings-builder-3.9.9.jar:/home/runner/.m2/repository/org/apache/maven/maven-resolver-provider/3.9.9/maven-resolver-provider-3.9.9.jar:/home/runner/.m2/repository/org/apache/maven/resolver/maven-resolver-connector-basic/1.9.22/maven-resolver-connector-basic-1.9.22.jar:/home/runner/.m2/repository/org/apache/maven/resolver/maven-resolver-transport-wagon/1.9.22/maven-resolver-transport-wagon-1.9.22.jar:/home/runner/.m2/repository/org/apache/maven/wagon/wagon-http/3.5.3/wagon-http-3.5.3.jar:/home/runner/.m2/repository/org/apache/maven/wagon/wagon-file/3.5.3/wagon-file-3.5.3.jar:/home/runner/.m2/repository/io/quarkus/quarkus-bootstrap-gradle-resolver/3.20.2/quarkus-bootstrap-gradle-resolver-3.20.2.jar:/home/runner/.m2/repository/io/smallrye/jandex/3.3.0/jandex-3.3.0.jar:/home/runner/.m2/repository/org/jboss/logging/commons-logging-jboss-logging/1.0.0.Final/commons-logging-jboss-logging-1.0.0.Final.jar:/home/runner/.m2/repository/io/quarkus/quarkus-junit5-config/3.20.2/quarkus-junit5-config-3.20.2.jar:/home/runner/.m2/repository/org/junit/jupiter/junit-jupiter-api/5.12.1/junit-jupiter-api-5.12.1.jar:/home/runner/.m2/repository/io/smallrye/config/smallrye-config/3.11.4/smallrye-config-3.11.4.jar:/home/runner/.m2/repository/io/smallrye/config/smallrye-config-core/3.11.4/smallrye-config-core-3.11.4.jar:/home/runner/.m2/repository/io/smallrye/common/smallrye-common-classloader/2.12.0/smallrye-common-classloader-2.12.0.jar:/home/runner/.m2/repository/io/smallrye/config/smallrye-config-common/3.11.4/smallrye-config-common-3.11.4.jar:/home/runner/.m2/repository/org/junit/jupiter/junit-jupiter/5.12.1/junit-jupiter-5.12.1.jar:/home/runner/.m2/repository/org/junit/jupiter/junit-jupiter-params/5.12.1/junit-jupiter-params-5.12.1.jar:/home/runner/.m2/repository/org/junit/jupiter/junit-jupiter-engine/5.12.1/junit-jupiter-engine-5.12.1.jar:/home/runner/.m2/repository/io/quarkus/quarkus-core/3.20.2/quarkus-core-3.20.2.jar:/home/runner/.m2/repository/jakarta/enterprise/jakarta.enterprise.cdi-api/4.1.0/jakarta.enterprise.cdi-api-4.1.0.jar:/home/runner/.m2/repository/jakarta/enterprise/jakarta.enterprise.lang-model/4.1.0/jakarta.enterprise.lang-model-4.1.0.jar:/home/runner/.m2/repository/jakarta/el/jakarta.el-api/5.0.1/jakarta.el-api-5.0.1.jar:/home/runner/.m2/repository/jakarta/interceptor/jakarta.interceptor-api/2.2.0/jakarta.interceptor-api-2.2.0.jar:/home/runner/.m2/repository/jakarta/inject/jakarta.inject-api/2.0.1/jakarta.inject-api-2.0.1.jar:/home/runner/.m2/repository/io/smallrye/common/smallrye-common-os/2.12.0/smallrye-common-os-2.12.0.jar:/home/runner/.m2/repository/io/quarkus/quarkus-ide-launcher/3.20.2/quarkus-ide-launcher-3.20.2.jar:/home/runner/.m2/repository/io/quarkus/quarkus-development-mode-spi/3.20.2/quarkus-development-mode-spi-3.20.2.jar:/home/runner/.m2/repository/org/jboss/logging/jboss-logging/3.6.1.Final/jboss-logging-3.6.1.Final.jar:/home/runner/.m2/repository/org/jboss/logmanager/jboss-logmanager/3.1.2.Final/jboss-logmanager-3.1.2.Final.jar:/home/runner/.m2/repository/io/smallrye/common/smallrye-common-constraint/2.12.0/smallrye-common-constraint-2.12.0.jar:/home/runner/.m2/repository/io/smallrye/common/smallrye-common-cpu/2.12.0/smallrye-common-cpu-2.12.0.jar:/home/runner/.m2/repository/io/smallrye/common/smallrye-common-expression/2.12.0/smallrye-common-expression-2.12.0.jar:/home/runner/.m2/repository/io/smallrye/common/smallrye-common-net/2.12.0/smallrye-common-net-2.12.0.jar:/home/runner/.m2/repository/io/smallrye/common/smallrye-common-ref/2.12.0/smallrye-common-ref-2.12.0.jar:/home/runner/.m2/repository/jakarta/json/jakarta.json-api/2.1.3/jakarta.json-api-2.1.3.jar:/home/runner/.m2/repository/org/eclipse/parsson/parsson/1.1.7/parsson-1.1.7.jar:/home/runner/.m2/repository/org/jboss/logging/jboss-logging-annotations/3.0.4.Final/jboss-logging-annotations-3.0.4.Final.jar:/home/runner/.m2/repository/org/jboss/threads/jboss-threads/3.8.0.Final/jboss-threads-3.8.0.Final.jar:/home/runner/.m2/repository/io/smallrye/common/smallrye-common-annotation/2.12.0/smallrye-common-annotation-2.12.0.jar:/home/runner/.m2/repository/io/smallrye/common/smallrye-common-function/2.12.0/smallrye-common-function-2.12.0.jar:/home/runner/.m2/repository/org/jboss/slf4j/slf4j-jboss-logmanager/2.0.0.Final/slf4j-jboss-logmanager-2.0.0.Final.jar:/home/runner/.m2/repository/org/wildfly/common/wildfly-common/2.0.1/wildfly-common-2.0.1.jar:/home/runner/.m2/repository/io/quarkus/quarkus-bootstrap-runner/3.20.2/quarkus-bootstrap-runner-3.20.2.jar:/home/runner/.m2/repository/io/github/crac/org-crac/0.1.3/org-crac-0.1.3.jar:/home/runner/.m2/repository/io/quarkus/quarkus-fs-util/0.0.10/quarkus-fs-util-0.0.10.jar:/home/runner/.m2/repository/org/jboss/marshalling/jboss-marshalling/2.2.2.Final/jboss-marshalling-2.2.2.Final.jar:/home/runner/.m2/repository/io/fabric8/kubernetes-client/7.1.0/kubernetes-client-7.1.0.jar:/home/runner/.m2/repository/io/fabric8/kubernetes-client-api/7.1.0/kubernetes-client-api-7.1.0.jar:/home/runner/.m2/repository/io/fabric8/kubernetes-model-core/7.1.0/kubernetes-model-core-7.1.0.jar:/home/runner/.m2/repository/io/fabric8/kubernetes-model-common/7.1.0/kubernetes-model-common-7.1.0.jar:/home/runner/.m2/repository/javax/annotation/javax.annotation-api/1.3.2/javax.annotation-api-1.3.2.jar:/home/runner/.m2/repository/io/fabric8/kubernetes-model-gatewayapi/7.1.0/kubernetes-model-gatewayapi-7.1.0.jar:/home/runner/.m2/repository/io/fabric8/kubernetes-model-resource/7.1.0/kubernetes-model-resource-7.1.0.jar:/home/runner/.m2/repository/io/fabric8/kubernetes-model-rbac/7.1.0/kubernetes-model-rbac-7.1.0.jar:/home/runner/.m2/repository/io/fabric8/kubernetes-model-admissionregistration/7.1.0/kubernetes-model-admissionregistration-7.1.0.jar:/home/runner/.m2/repository/io/fabric8/kubernetes-model-apps/7.1.0/kubernetes-model-apps-7.1.0.jar:/home/runner/.m2/repository/io/fabric8/kubernetes-model-autoscaling/7.1.0/kubernetes-model-autoscaling-7.1.0.jar:/home/runner/.m2/repository/io/fabric8/kubernetes-model-apiextensions/7.1.0/kubernetes-model-apiextensions-7.1.0.jar:/home/runner/.m2/repository/io/fabric8/kubernetes-model-batch/7.1.0/kubernetes-model-batch-7.1.0.jar:/home/runner/.m2/repository/io/fabric8/kubernetes-model-certificates/7.1.0/kubernetes-model-certificates-7.1.0.jar:/home/runner/.m2/repository/io/fabric8/kubernetes-model-coordination/7.1.0/kubernetes-model-coordination-7.1.0.jar:/home/runner/.m2/repository/io/fabric8/kubernetes-model-discovery/7.1.0/kubernetes-model-discovery-7.1.0.jar:/home/runner/.m2/repository/io/fabric8/kubernetes-model-events/7.1.0/kubernetes-model-events-7.1.0.jar:/home/runner/.m2/repository/io/fabric8/kubernetes-model-extensions/7.1.0/kubernetes-model-extensions-7.1.0.jar:/home/runner/.m2/repository/io/fabric8/kubernetes-model-flowcontrol/7.1.0/kubernetes-model-flowcontrol-7.1.0.jar:/home/runner/.m2/repository/io/fabric8/kubernetes-model-networking/7.1.0/kubernetes-model-networking-7.1.0.jar:/home/runner/.m2/repository/io/fabric8/kubernetes-model-metrics/7.1.0/kubernetes-model-metrics-7.1.0.jar:/home/runner/.m2/repository/io/fabric8/kubernetes-model-policy/7.1.0/kubernetes-model-policy-7.1.0.jar:/home/runner/.m2/repository/io/fabric8/kubernetes-model-scheduling/7.1.0/kubernetes-model-scheduling-7.1.0.jar:/home/runner/.m2/repository/io/fabric8/kubernetes-model-storageclass/7.1.0/kubernetes-model-storageclass-7.1.0.jar:/home/runner/.m2/repository/io/fabric8/kubernetes-model-node/7.1.0/kubernetes-model-node-7.1.0.jar:/home/runner/.m2/repository/org/snakeyaml/snakeyaml-engine/2.9/snakeyaml-engine-2.9.jar:/home/runner/.m2/repository/com/fasterxml/jackson/dataformat/jackson-dataformat-yaml/2.18.2/jackson-dataformat-yaml-2.18.2.jar:/home/runner/.m2/repository/com/fasterxml/jackson/datatype/jackson-datatype-jsr310/2.18.2/jackson-datatype-jsr310-2.18.2.jar:/home/runner/.m2/repository/io/fabric8/zjsonpatch/7.1.0/zjsonpatch-7.1.0.jar:/home/runner/.m2/repository/io/fabric8/kubernetes-httpclient-vertx/7.1.0/kubernetes-httpclient-vertx-7.1.0.jar:/home/runner/.m2/repository/io/vertx/vertx-web-client/4.5.16/vertx-web-client-4.5.16.jar:/home/runner/.m2/repository/io/vertx/vertx-web-common/4.5.16/vertx-web-common-4.5.16.jar:/home/runner/.m2/repository/io/vertx/vertx-auth-common/4.5.16/vertx-auth-common-4.5.16.jar:/home/runner/.m2/repository/io/vertx/vertx-uri-template/4.5.16/vertx-uri-template-4.5.16.jar:/home/runner/.m2/repository/io/fabric8/openshift-client/7.1.0/openshift-client-7.1.0.jar:/home/runner/.m2/repository/io/fabric8/openshift-client-api/7.1.0/openshift-client-api-7.1.0.jar:/home/runner/.m2/repository/io/fabric8/openshift-model/7.1.0/openshift-model-7.1.0.jar:/home/runner/.m2/repository/io/fabric8/openshift-model-autoscaling/7.1.0/openshift-model-autoscaling-7.1.0.jar:/home/runner/.m2/repository/io/fabric8/openshift-model-operator/7.1.0/openshift-model-operator-7.1.0.jar:/home/runner/.m2/repository/io/fabric8/openshift-model-operatorhub/7.1.0/openshift-model-operatorhub-7.1.0.jar:/home/runner/.m2/repository/io/fabric8/openshift-model-machine/7.1.0/openshift-model-machine-7.1.0.jar:/home/runner/.m2/repository/io/fabric8/openshift-model-whereabouts/7.1.0/openshift-model-whereabouts-7.1.0.jar:/home/runner/.m2/repository/io/fabric8/openshift-model-monitoring/7.1.0/openshift-model-monitoring-7.1.0.jar:/home/runner/.m2/repository/io/fabric8/openshift-model-storageversionmigrator/7.1.0/openshift-model-storageversionmigrator-7.1.0.jar:/home/runner/.m2/repository/io/fabric8/openshift-model-tuned/7.1.0/openshift-model-tuned-7.1.0.jar:/home/runner/.m2/repository/io/fabric8/openshift-model-console/7.1.0/openshift-model-console-7.1.0.jar:/home/runner/.m2/repository/io/fabric8/openshift-model-config/7.1.0/openshift-model-config-7.1.0.jar:/home/runner/.m2/repository/io/fabric8/openshift-model-machineconfiguration/7.1.0/openshift-model-machineconfiguration-7.1.0.jar:/home/runner/.m2/repository/io/fabric8/openshift-model-miscellaneous/7.1.0/openshift-model-miscellaneous-7.1.0.jar:/home/runner/.m2/repository/io/fabric8/openshift-model-hive/7.1.0/openshift-model-hive-7.1.0.jar:/home/runner/.m2/repository/io/fabric8/openshift-model-installer/7.1.0/openshift-model-installer-7.1.0.jar:/home/runner/.m2/repository/org/junit/platform/junit-platform-launcher/1.12.1/junit-platform-launcher-1.12.1.jar:/home/runner/.m2/repository/org/junit/platform/junit-platform-engine/1.12.1/junit-platform-engine-1.12.1.jar:/home/runner/.m2/repository/org/opentest4j/opentest4j/1.3.0/opentest4j-1.3.0.jar:/home/runner/.m2/repository/org/junit/platform/junit-platform-commons/1.12.1/junit-platform-commons-1.12.1.jar:/home/runner/.m2/repository/org/apiguardian/apiguardian-api/1.1.2/apiguardian-api-1.1.2.jar:/home/runner/.m2/repository/jakarta/ws/rs/jakarta.ws.rs-api/3.1.0/jakarta.ws.rs-api-3.1.0.jar:/home/runner/work/apicurio-testing/apicurio-testing/clusters/ci419/namespaces/pg17/tests/integration/apicurio-registry/java-sdk/target/apicurio-registry-java-sdk-3.0.12-SNAPSHOT.jar:/home/runner/.m2/repository/com/microsoft/kiota/microsoft-kiota-abstractions/1.8.8/microsoft-kiota-abstractions-1.8.8.jar:/home/runner/.m2/repository/io/github/std-uritemplate/std-uritemplate/2.0.0/std-uritemplate-2.0.0.jar:/home/runner/.m2/repository/io/kiota/kiota-http-jdk/0.0.29/kiota-http-jdk-0.0.29.jar:/home/runner/.m2/repository/io/kiota/kiota-http-vertx/0.0.29/kiota-http-vertx-0.0.29.jar:/home/runner/.m2/repository/io/kiota/kiota-serialization-jackson/0.0.29/kiota-serialization-jackson-0.0.29.jar:/home/runner/.m2/repository/com/microsoft/kiota/microsoft-kiota-serialization-text/1.8.8/microsoft-kiota-serialization-text-1.8.8.jar:/home/runner/.m2/repository/com/microsoft/kiota/microsoft-kiota-serialization-form/1.8.8/microsoft-kiota-serialization-form-1.8.8.jar:/home/runner/.m2/repository/com/microsoft/kiota/microsoft-kiota-serialization-multipart/1.8.8/microsoft-kiota-serialization-multipart-1.8.8.jar:/home/runner/.m2/repository/jakarta/annotation/jakarta.annotation-api/3.0.0/jakarta.annotation-api-3.0.0.jar:/home/runner/.m2/repository/io/vertx/vertx-auth-oauth2/4.5.16/vertx-auth-oauth2-4.5.16.jar:/home/runner/work/apicurio-testing/apicurio-testing/clusters/ci419/namespaces/pg17/tests/integration/apicurio-registry/java-sdk-v2/target/apicurio-registry-v2-java-sdk-3.0.12-SNAPSHOT.jar:/home/runner/work/apicurio-testing/apicurio-testing/clusters/ci419/namespaces/pg17/tests/integration/apicurio-registry/utils/kafka/target/apicurio-registry-utils-kafka-3.0.12-SNAPSHOT-tests.jar:/home/runner/.m2/repository/org/eclipse/microprofile/config/microprofile-config-api/3.1/microprofile-config-api-3.1.jar:/home/runner/.m2/repository/org/apache/kafka/kafka-clients/3.9.1/kafka-clients-3.9.1.jar:/home/runner/.m2/repository/com/github/luben/zstd-jni/1.5.6-4/zstd-jni-1.5.6-4.jar:/home/runner/.m2/repository/org/lz4/lz4-java/1.8.0/lz4-java-1.8.0.jar:/home/runner/.m2/repository/org/xerial/snappy/snappy-java/1.1.10.5/snappy-java-1.1.10.5.jar:/home/runner/.m2/repository/org/slf4j/slf4j-api/2.0.6/slf4j-api-2.0.6.jar:/home/runner/work/apicurio-testing/apicurio-testing/clusters/ci419/namespaces/pg17/tests/integration/apicurio-registry/utils/tests/target/apicurio-registry-utils-tests-3.0.12-SNAPSHOT.jar:/home/runner/work/apicurio-testing/apicurio-testing/clusters/ci419/namespaces/pg17/tests/integration/apicurio-registry/common/target/apicurio-registry-common-3.0.12-SNAPSHOT.jar:/home/runner/.m2/repository/jakarta/validation/jakarta.validation-api/3.0.2/jakarta.validation-api-3.0.2.jar:/home/runner/.m2/repository/com/github/dasniko/testcontainers-keycloak/3.8.0/testcontainers-keycloak-3.8.0.jar:/home/runner/.m2/repository/org/testcontainers/testcontainers/1.20.6/testcontainers-1.20.6.jar:/home/runner/.m2/repository/org/rnorth/duct-tape/duct-tape/1.0.8/duct-tape-1.0.8.jar:/home/runner/.m2/repository/com/github/docker-java/docker-java-transport-zerodep/3.4.1/docker-java-transport-zerodep-3.4.1.jar:/home/runner/.m2/repository/com/github/docker-java/docker-java-transport/3.4.1/docker-java-transport-3.4.1.jar:/home/runner/.m2/repository/net/java/dev/jna/jna/5.8.0/jna-5.8.0.jar:/home/runner/.m2/repository/io/quarkus/quarkus-junit4-mock/3.20.2/quarkus-junit4-mock-3.20.2.jar:/home/runner/.m2/repository/org/jboss/shrinkwrap/shrinkwrap-api/2.0.0-beta-2/shrinkwrap-api-2.0.0-beta-2.jar:/home/runner/.m2/repository/org/jboss/shrinkwrap/shrinkwrap-impl-base/2.0.0-beta-2/shrinkwrap-impl-base-2.0.0-beta-2.jar:/home/runner/.m2/repository/org/jboss/shrinkwrap/shrinkwrap-spi/2.0.0-beta-2/shrinkwrap-spi-2.0.0-beta-2.jar:/home/runner/.m2/repository/org/keycloak/keycloak-admin-client/26.0.4/keycloak-admin-client-26.0.4.jar:/home/runner/.m2/repository/org/keycloak/keycloak-client-common-synced/26.0.4/keycloak-client-common-synced-26.0.4.jar:/home/runner/.m2/repository/jakarta/activation/jakarta.activation-api/2.1.3/jakarta.activation-api-2.1.3.jar:/home/runner/.m2/repository/org/eclipse/microprofile/openapi/microprofile-openapi-api/4.0.2/microprofile-openapi-api-4.0.2.jar:/home/runner/.m2/repository/org/jboss/resteasy/resteasy-client/6.2.12.Final/resteasy-client-6.2.12.Final.jar:/home/runner/.m2/repository/org/jboss/resteasy/resteasy-client-api/6.2.12.Final/resteasy-client-api-6.2.12.Final.jar:/home/runner/.m2/repository/org/jboss/resteasy/resteasy-core-spi/6.2.12.Final/resteasy-core-spi-6.2.12.Final.jar:/home/runner/.m2/repository/org/jboss/resteasy/resteasy-core/6.2.12.Final/resteasy-core-6.2.12.Final.jar:/home/runner/.m2/repository/org/eclipse/angus/angus-activation/2.0.2/angus-activation-2.0.2.jar:/home/runner/.m2/repository/com/ibm/async/asyncutil/0.1.0/asyncutil-0.1.0.jar:/home/runner/.m2/repository/org/reactivestreams/reactive-streams/1.0.4/reactive-streams-1.0.4.jar:/home/runner/.m2/repository/org/jboss/resteasy/resteasy-multipart-provider/6.2.12.Final/resteasy-multipart-provider-6.2.12.Final.jar:/home/runner/.m2/repository/jakarta/mail/jakarta.mail-api/2.1.3/jakarta.mail-api-2.1.3.jar:/home/runner/.m2/repository/org/eclipse/angus/angus-mail/2.0.3/angus-mail-2.0.3.jar:/home/runner/.m2/repository/org/apache/james/apache-mime4j-dom/0.8.12/apache-mime4j-dom-0.8.12.jar:/home/runner/.m2/repository/org/apache/james/apache-mime4j-core/0.8.12/apache-mime4j-core-0.8.12.jar:/home/runner/.m2/repository/org/apache/james/apache-mime4j-storage/0.8.12/apache-mime4j-storage-0.8.12.jar:/home/runner/.m2/repository/org/jboss/resteasy/resteasy-jackson2-provider/6.2.12.Final/resteasy-jackson2-provider-6.2.12.Final.jar:/home/runner/.m2/repository/com/fasterxml/jackson/jakarta/rs/jackson-jakarta-rs-base/2.18.2/jackson-jakarta-rs-base-2.18.2.jar:/home/runner/.m2/repository/com/fasterxml/jackson/jakarta/rs/jackson-jakarta-rs-json-provider/2.18.2/jackson-jakarta-rs-json-provider-2.18.2.jar:/home/runner/.m2/repository/com/fasterxml/jackson/module/jackson-module-jakarta-xmlbind-annotations/2.18.2/jackson-module-jakarta-xmlbind-annotations-2.18.2.jar:/home/runner/.m2/repository/com/github/java-json-tools/json-patch/1.13/json-patch-1.13.jar:/home/runner/.m2/repository/com/github/java-json-tools/msg-simple/1.2/msg-simple-1.2.jar:/home/runner/.m2/repository/com/github/java-json-tools/btf/1.3/btf-1.3.jar:/home/runner/.m2/repository/com/github/java-json-tools/jackson-coreutils/2.0/jackson-coreutils-2.0.jar:/home/runner/.m2/repository/org/jboss/resteasy/resteasy-jaxb-provider/6.2.12.Final/resteasy-jaxb-provider-6.2.12.Final.jar:/home/runner/.m2/repository/org/glassfish/jaxb/codemodel/4.0.5/codemodel-4.0.5.jar:/home/runner/.m2/repository/org/glassfish/jaxb/jaxb-core/4.0.5/jaxb-core-4.0.5.jar:/home/runner/.m2/repository/org/glassfish/jaxb/jaxb-jxc/4.0.5/jaxb-jxc-4.0.5.jar:/home/runner/.m2/repository/org/glassfish/jaxb/jaxb-runtime/4.0.5/jaxb-runtime-4.0.5.jar:/home/runner/.m2/repository/org/glassfish/jaxb/txw2/4.0.5/txw2-4.0.5.jar:/home/runner/.m2/repository/org/glassfish/jaxb/jaxb-xjc/4.0.5/jaxb-xjc-4.0.5.jar:/home/runner/.m2/repository/org/glassfish/jaxb/xsom/4.0.5/xsom-4.0.5.jar:/home/runner/.m2/repository/com/sun/istack/istack-commons-runtime/4.1.2/istack-commons-runtime-4.1.2.jar:/home/runner/.m2/repository/com/sun/istack/istack-commons-tools/4.1.2/istack-commons-tools-4.1.2.jar:/home/runner/.m2/repository/com/sun/xml/bind/external/relaxng-datatype/4.0.5/relaxng-datatype-4.0.5.jar:/home/runner/.m2/repository/com/sun/xml/bind/external/rngom/4.0.5/rngom-4.0.5.jar:/home/runner/.m2/repository/org/testcontainers/mssqlserver/1.20.6/mssqlserver-1.20.6.jar:/home/runner/.m2/repository/org/testcontainers/jdbc/1.20.6/jdbc-1.20.6.jar:/home/runner/.m2/repository/org/testcontainers/database-commons/1.20.6/database-commons-1.20.6.jar:/home/runner/.m2/repository/org/testcontainers/mysql/1.20.6/mysql-1.20.6.jar:/home/runner/.m2/repository/io/strimzi/strimzi-test-container/0.111.0/strimzi-test-container-0.111.0.jar:/home/runner/.m2/repository/org/testcontainers/toxiproxy/1.20.6/toxiproxy-1.20.6.jar:/home/runner/.m2/repository/com/github/docker-java/docker-java-api/3.4.1/docker-java-api-3.4.1.jar:/home/runner/.m2/repository/org/apache/logging/log4j/log4j-slf4j-impl/2.19.0/log4j-slf4j-impl-2.19.0.jar:/home/runner/.m2/repository/org/apache/logging/log4j/log4j-api/2.24.3/log4j-api-2.24.3.jar:/home/runner/.m2/repository/org/apache/logging/log4j/log4j-core/2.19.0/log4j-core-2.19.0.jar:/home/runner/.m2/repository/eu/rekawek/toxiproxy/toxiproxy-java/2.1.7/toxiproxy-java-2.1.7.jar:/home/runner/.m2/repository/org/testcontainers/pulsar/1.21.3/pulsar-1.21.3.jar:/home/runner/.m2/repository/io/debezium/debezium-testing-testcontainers/2.7.4.Final/debezium-testing-testcontainers-2.7.4.Final.jar:/home/runner/.m2/repository/org/testcontainers/kafka/1.20.6/kafka-1.20.6.jar:/home/runner/.m2/repository/com/squareup/okhttp3/okhttp/4.8.1/okhttp-4.8.1.jar:/home/runner/.m2/repository/com/squareup/okio/okio/3.10.2/okio-3.10.2.jar:/home/runner/.m2/repository/com/squareup/okio/okio-jvm/3.10.2/okio-jvm-3.10.2.jar:/home/runner/.m2/repository/org/jetbrains/kotlin/kotlin-stdlib/2.0.21/kotlin-stdlib-2.0.21.jar:/home/runner/.m2/repository/org/awaitility/awaitility/4.3.0/awaitility-4.3.0.jar:/home/runner/.m2/repository/org/testcontainers/mongodb/1.20.6/mongodb-1.20.6.jar:/home/runner/.m2/repository/org/testcontainers/mariadb/1.20.6/mariadb-1.20.6.jar:/home/runner/.m2/repository/org/testcontainers/oracle-xe/1.20.6/oracle-xe-1.20.6.jar:/home/runner/.m2/repository/org/testcontainers/postgresql/1.20.6/postgresql-1.20.6.jar:/home/runner/.m2/repository/org/wiremock/wiremock/3.0.1/wiremock-3.0.1.jar:/home/runner/.m2/repository/org/eclipse/jetty/jetty-server/11.0.15/jetty-server-11.0.15.jar:/home/runner/.m2/repository/org/eclipse/jetty/toolchain/jetty-jakarta-servlet-api/5.0.2/jetty-jakarta-servlet-api-5.0.2.jar:/home/runner/.m2/repository/org/eclipse/jetty/jetty-http/11.0.15/jetty-http-11.0.15.jar:/home/runner/.m2/repository/org/eclipse/jetty/jetty-io/11.0.15/jetty-io-11.0.15.jar:/home/runner/.m2/repository/org/eclipse/jetty/jetty-servlet/11.0.15/jetty-servlet-11.0.15.jar:/home/runner/.m2/repository/org/eclipse/jetty/jetty-security/11.0.15/jetty-security-11.0.15.jar:/home/runner/.m2/repository/org/eclipse/jetty/jetty-servlets/11.0.15/jetty-servlets-11.0.15.jar:/home/runner/.m2/repository/org/eclipse/jetty/jetty-util/11.0.15/jetty-util-11.0.15.jar:/home/runner/.m2/repository/org/eclipse/jetty/jetty-webapp/11.0.15/jetty-webapp-11.0.15.jar:/home/runner/.m2/repository/org/eclipse/jetty/jetty-xml/11.0.15/jetty-xml-11.0.15.jar:/home/runner/.m2/repository/org/eclipse/jetty/jetty-proxy/11.0.15/jetty-proxy-11.0.15.jar:/home/runner/.m2/repository/org/eclipse/jetty/jetty-client/11.0.15/jetty-client-11.0.15.jar:/home/runner/.m2/repository/org/eclipse/jetty/http2/http2-server/11.0.15/http2-server-11.0.15.jar:/home/runner/.m2/repository/org/eclipse/jetty/http2/http2-common/11.0.15/http2-common-11.0.15.jar:/home/runner/.m2/repository/org/eclipse/jetty/http2/http2-hpack/11.0.15/http2-hpack-11.0.15.jar:/home/runner/.m2/repository/org/eclipse/jetty/jetty-alpn-server/11.0.15/jetty-alpn-server-11.0.15.jar:/home/runner/.m2/repository/org/eclipse/jetty/jetty-alpn-java-server/11.0.15/jetty-alpn-java-server-11.0.15.jar:/home/runner/.m2/repository/org/eclipse/jetty/jetty-alpn-java-client/11.0.15/jetty-alpn-java-client-11.0.15.jar:/home/runner/.m2/repository/org/eclipse/jetty/jetty-alpn-client/11.0.15/jetty-alpn-client-11.0.15.jar:/home/runner/.m2/repository/org/apache/httpcomponents/client5/httpclient5/5.2.1/httpclient5-5.2.1.jar:/home/runner/.m2/repository/org/apache/httpcomponents/core5/httpcore5/5.2/httpcore5-5.2.jar:/home/runner/.m2/repository/org/apache/httpcomponents/core5/httpcore5-h2/5.2/httpcore5-h2-5.2.jar:/home/runner/.m2/repository/org/xmlunit/xmlunit-core/2.9.1/xmlunit-core-2.9.1.jar:/home/runner/.m2/repository/jakarta/xml/bind/jakarta.xml.bind-api/4.0.2/jakarta.xml.bind-api-4.0.2.jar:/home/runner/.m2/repository/org/xmlunit/xmlunit-legacy/2.9.1/xmlunit-legacy-2.9.1.jar:/home/runner/.m2/repository/org/xmlunit/xmlunit-placeholders/2.9.1/xmlunit-placeholders-2.9.1.jar:/home/runner/.m2/repository/net/javacrumbs/json-unit/json-unit-core/2.38.0/json-unit-core-2.38.0.jar:/home/runner/.m2/repository/org/hamcrest/hamcrest-core/2.2/hamcrest-core-2.2.jar:/home/runner/.m2/repository/com/jayway/jsonpath/json-path/2.8.0/json-path-2.8.0.jar:/home/runner/.m2/repository/net/minidev/json-smart/2.4.10/json-smart-2.4.10.jar:/home/runner/.m2/repository/net/minidev/accessors-smart/2.4.9/accessors-smart-2.4.9.jar:/home/runner/.m2/repository/org/ow2/asm/asm/9.7.1/asm-9.7.1.jar:/home/runner/.m2/repository/net/sf/jopt-simple/jopt-simple/5.0.4/jopt-simple-5.0.4.jar:/home/runner/.m2/repository/com/github/jknack/handlebars/4.3.1/handlebars-4.3.1.jar:/home/runner/.m2/repository/com/github/jknack/handlebars-helpers/4.3.1/handlebars-helpers-4.3.1.jar:/home/runner/.m2/repository/commons-fileupload/commons-fileupload/1.5/commons-fileupload-1.5.jar:/home/runner/.m2/repository/com/networknt/json-schema-validator/1.5.8/json-schema-validator-1.5.8.jar:/home/runner/.m2/repository/com/ethlo/time/itu/1.10.3/itu-1.10.3.jar:/home/runner/.m2/repository/io/quarkus/quarkus-smallrye-jwt-build/3.20.2/quarkus-smallrye-jwt-build-3.20.2.jar:/home/runner/.m2/repository/io/smallrye/smallrye-jwt-build/4.6.2/smallrye-jwt-build-4.6.2.jar:/home/runner/.m2/repository/org/eclipse/microprofile/jwt/microprofile-jwt-auth-api/2.1/microprofile-jwt-auth-api-2.1.jar:/home/runner/.m2/repository/org/bitbucket/b_c/jose4j/0.9.6/jose4j-0.9.6.jar:/home/runner/.m2/repository/io/smallrye/smallrye-jwt-common/4.6.2/smallrye-jwt-common-4.6.2.jar:/home/runner/.m2/repository/io/quarkus/quarkus-jsonp/3.20.2/quarkus-jsonp-3.20.2.jar:/home/runner/.m2/repository/io/quarkus/quarkus-arc/3.20.2/quarkus-arc-3.20.2.jar:/home/runner/.m2/repository/io/quarkus/arc/arc/3.20.2/arc-3.20.2.jar:/home/runner/.m2/repository/jakarta/transaction/jakarta.transaction-api/2.0.1/jakarta.transaction-api-2.0.1.jar:/home/runner/.m2/repository/io/smallrye/reactive/mutiny/2.9.2/mutiny-2.9.2.jar:/home/runner/.m2/repository/org/jctools/jctools-core/4.0.5/jctools-core-4.0.5.jar:/home/runner/.m2/repository/org/eclipse/microprofile/context-propagation/microprofile-context-propagation-api/1.3/microprofile-context-propagation-api-1.3.jar:/home/runner/.m2/repository/io/apicurio/apicurio-common-rest-client-common/0.1.18.Final/apicurio-common-rest-client-common-0.1.18.Final.jar:/home/runner/work/apicurio-testing/apicurio-testing/clusters/ci419/namespaces/pg17/tests/integration/apicurio-registry/utils/maven-plugin/target/apicurio-registry-maven-plugin-3.0.12-SNAPSHOT.jar:/home/runner/.m2/repository/com/fasterxml/jackson/core/jackson-databind/2.18.2/jackson-databind-2.18.2.jar:/home/runner/.m2/repository/org/apache/avro/avro/1.12.0/avro-1.12.0.jar:/home/runner/.m2/repository/com/google/protobuf/protobuf-java/4.31.1/protobuf-java-4.31.1.jar:/home/runner/.m2/repository/com/google/protobuf/protobuf-java-util/4.31.1/protobuf-java-util-4.31.1.jar:/home/runner/.m2/repository/com/google/code/findbugs/jsr305/3.0.2/jsr305-3.0.2.jar:/home/runner/.m2/repository/com/google/code/gson/gson/2.12.1/gson-2.12.1.jar:/home/runner/.m2/repository/com/google/errorprone/error_prone_annotations/2.36.0/error_prone_annotations-2.36.0.jar:/home/runner/.m2/repository/com/google/j2objc/j2objc-annotations/2.8/j2objc-annotations-2.8.jar:/home/runner/work/apicurio-testing/apicurio-testing/clusters/ci419/namespaces/pg17/tests/integration/apicurio-registry/schema-util/util-provider/target/apicurio-registry-schema-util-provider-3.0.12-SNAPSHOT.jar:/home/runner/work/apicurio-testing/apicurio-testing/clusters/ci419/namespaces/pg17/tests/integration/apicurio-registry/schema-util/common/target/apicurio-registry-schema-util-common-3.0.12-SNAPSHOT.jar:/home/runner/.m2/repository/com/fasterxml/jackson/module/jackson-module-parameter-names/2.18.2/jackson-module-parameter-names-2.18.2.jar:/home/runner/.m2/repository/com/fasterxml/jackson/datatype/jackson-datatype-json-org/2.18.2/jackson-datatype-json-org-2.18.2.jar:/home/runner/work/apicurio-testing/apicurio-testing/clusters/ci419/namespaces/pg17/tests/integration/apicurio-registry/schema-util/json/target/apicurio-registry-schema-util-json-3.0.12-SNAPSHOT.jar:/home/runner/.m2/repository/com/github/erosb/everit-json-schema/1.14.5/everit-json-schema-1.14.5.jar:/home/runner/.m2/repository/commons-validator/commons-validator/1.9.0/commons-validator-1.9.0.jar:/home/runner/.m2/repository/commons-digester/commons-digester/2.1/commons-digester-2.1.jar:/home/runner/.m2/repository/commons-collections/commons-collections/3.2.2/commons-collections-3.2.2.jar:/home/runner/.m2/repository/com/damnhandy/handy-uri-templates/2.1.8/handy-uri-templates-2.1.8.jar:/home/runner/.m2/repository/joda-time/joda-time/2.10.2/joda-time-2.10.2.jar:/home/runner/.m2/repository/com/github/erosb/json-sKema/0.20.0/json-sKema-0.20.0.jar:/home/runner/.m2/repository/io/vertx/vertx-json-schema/4.5.16/vertx-json-schema-4.5.16.jar:/home/runner/work/apicurio-testing/apicurio-testing/clusters/ci419/namespaces/pg17/tests/integration/apicurio-registry/schema-util/protobuf/target/apicurio-registry-schema-util-protobuf-3.0.12-SNAPSHOT.jar:/home/runner/work/apicurio-testing/apicurio-testing/clusters/ci419/namespaces/pg17/tests/integration/apicurio-registry/utils/protobuf-schema-utilities/target/apicurio-registry-protobuf-schema-utilities-3.0.12-SNAPSHOT.jar:/home/runner/.m2/repository/com/google/api/grpc/proto-google-common-protos/2.52.0/proto-google-common-protos-2.52.0.jar:/home/runner/.m2/repository/com/squareup/wire/wire-schema-jvm/5.3.3/wire-schema-jvm-5.3.3.jar:/home/runner/.m2/repository/com/palantir/javapoet/javapoet/0.6.0/javapoet-0.6.0.jar:/home/runner/.m2/repository/com/squareup/kotlinpoet-jvm/2.0.0/kotlinpoet-jvm-2.0.0.jar:/home/runner/.m2/repository/org/jetbrains/kotlin/kotlin-reflect/2.0.21/kotlin-reflect-2.0.21.jar:/home/runner/.m2/repository/com/squareup/wire/wire-runtime-jvm/5.3.3/wire-runtime-jvm-5.3.3.jar:/home/runner/.m2/repository/com/ibm/icu/icu4j/76.1/icu4j-76.1.jar:/home/runner/.m2/repository/com/squareup/okio/okio-fakefilesystem/3.10.2/okio-fakefilesystem-3.10.2.jar:/home/runner/.m2/repository/com/squareup/okio/okio-fakefilesystem-jvm/3.10.2/okio-fakefilesystem-jvm-3.10.2.jar:/home/runner/.m2/repository/org/jetbrains/kotlinx/kotlinx-datetime-jvm/0.6.1/kotlinx-datetime-jvm-0.6.1.jar:/home/runner/work/apicurio-testing/apicurio-testing/clusters/ci419/namespaces/pg17/tests/integration/apicurio-registry/schema-util/asyncapi/target/apicurio-registry-schema-util-asyncapi-3.0.12-SNAPSHOT.jar:/home/runner/work/apicurio-testing/apicurio-testing/clusters/ci419/namespaces/pg17/tests/integration/apicurio-registry/schema-util/avro/target/apicurio-registry-schema-util-avro-3.0.12-SNAPSHOT.jar:/home/runner/work/apicurio-testing/apicurio-testing/clusters/ci419/namespaces/pg17/tests/integration/apicurio-registry/schema-util/graphql/target/apicurio-registry-schema-util-graphql-3.0.12-SNAPSHOT.jar:/home/runner/.m2/repository/com/graphql-java/graphql-java/22.4/graphql-java-22.4.jar:/home/runner/.m2/repository/com/graphql-java/java-dataloader/3.3.0/java-dataloader-3.3.0.jar:/home/runner/work/apicurio-testing/apicurio-testing/clusters/ci419/namespaces/pg17/tests/integration/apicurio-registry/schema-util/kconnect/target/apicurio-registry-schema-util-kconnect-3.0.12-SNAPSHOT.jar:/home/runner/work/apicurio-testing/apicurio-testing/clusters/ci419/namespaces/pg17/tests/integration/apicurio-registry/schema-util/openapi/target/apicurio-registry-schema-util-openapi-3.0.12-SNAPSHOT.jar:/home/runner/.m2/repository/io/apicurio/apicurio-data-models/2.2.2/apicurio-data-models-2.2.2.jar:/home/runner/.m2/repository/org/openapitools/openapidiff/openapi-diff-core/2.1.2/openapi-diff-core-2.1.2.jar:/home/runner/.m2/repository/io/swagger/parser/v3/swagger-parser/2.1.28/swagger-parser-2.1.28.jar:/home/runner/.m2/repository/io/swagger/parser/v3/swagger-parser-v2-converter/2.1.28/swagger-parser-v2-converter-2.1.28.jar:/home/runner/.m2/repository/io/swagger/swagger-core/1.6.16/swagger-core-1.6.16.jar:/home/runner/.m2/repository/io/swagger/swagger-models/1.6.16/swagger-models-1.6.16.jar:/home/runner/.m2/repository/io/swagger/swagger-annotations/1.6.16/swagger-annotations-1.6.16.jar:/home/runner/.m2/repository/io/swagger/swagger-parser/1.0.75/swagger-parser-1.0.75.jar:/home/runner/.m2/repository/io/swagger/swagger-parser-safe-url-resolver/1.0.75/swagger-parser-safe-url-resolver-1.0.75.jar:/home/runner/.m2/repository/io/swagger/swagger-compat-spec-parser/1.0.75/swagger-compat-spec-parser-1.0.75.jar:/home/runner/.m2/repository/com/github/java-json-tools/json-schema-validator/2.2.14/json-schema-validator-2.2.14.jar:/home/runner/.m2/repository/com/github/java-json-tools/jackson-coreutils-equivalence/1.0/jackson-coreutils-equivalence-1.0.jar:/home/runner/.m2/repository/com/github/java-json-tools/json-schema-core/1.2.14/json-schema-core-1.2.14.jar:/home/runner/.m2/repository/com/github/java-json-tools/uri-template/0.10/uri-template-0.10.jar:/home/runner/.m2/repository/com/googlecode/libphonenumber/libphonenumber/8.11.1/libphonenumber-8.11.1.jar:/home/runner/.m2/repository/com/j2html/j2html/1.6.0/j2html-1.6.0.jar:/home/runner/.m2/repository/org/apache/commons/commons-collections4/4.5.0/commons-collections4-4.5.0.jar:/home/runner/.m2/repository/org/slf4j/jcl-over-slf4j/2.0.17/jcl-over-slf4j-2.0.17.jar:/home/runner/.m2/repository/io/swagger/parser/v3/swagger-parser-v3/2.1.31/swagger-parser-v3-2.1.31.jar:/home/runner/.m2/repository/io/swagger/core/v3/swagger-models/2.2.34/swagger-models-2.2.34.jar:/home/runner/.m2/repository/io/swagger/core/v3/swagger-core/2.2.34/swagger-core-2.2.34.jar:/home/runner/.m2/repository/io/swagger/parser/v3/swagger-parser-core/2.1.31/swagger-parser-core-2.1.31.jar:/home/runner/.m2/repository/io/swagger/parser/v3/swagger-parser-safe-url-resolver/2.1.31/swagger-parser-safe-url-resolver-2.1.31.jar:/home/runner/work/apicurio-testing/apicurio-testing/clusters/ci419/namespaces/pg17/tests/integration/apicurio-registry/schema-util/wsdl/target/apicurio-registry-schema-util-wsdl-3.0.12-SNAPSHOT.jar:/home/runner/.m2/repository/wsdl4j/wsdl4j/1.6.3/wsdl4j-1.6.3.jar:/home/runner/work/apicurio-testing/apicurio-testing/clusters/ci419/namespaces/pg17/tests/integration/apicurio-registry/schema-util/xml/target/apicurio-registry-schema-util-xml-3.0.12-SNAPSHOT.jar:/home/runner/.m2/repository/org/apache/santuario/xmlsec/4.0.4/xmlsec-4.0.4.jar:/home/runner/.m2/repository/com/fasterxml/woodstox/woodstox-core/7.1.1/woodstox-core-7.1.1.jar:/home/runner/.m2/repository/org/codehaus/woodstox/stax2-api/4.2.2/stax2-api-4.2.2.jar:/home/runner/work/apicurio-testing/apicurio-testing/clusters/ci419/namespaces/pg17/tests/integration/apicurio-registry/schema-util/xsd/target/apicurio-registry-schema-util-xsd-3.0.12-SNAPSHOT.jar:/home/runner/work/apicurio-testing/apicurio-testing/clusters/ci419/namespaces/pg17/tests/integration/apicurio-registry/serdes/kafka/jsonschema-serde/target/apicurio-registry-jsonschema-serde-kafka-3.0.12-SNAPSHOT.jar:/home/runner/work/apicurio-testing/apicurio-testing/clusters/ci419/namespaces/pg17/tests/integration/apicurio-registry/serdes/kafka/serde-kafka-common/target/apicurio-registry-serde-kafka-common-3.0.12-SNAPSHOT.jar:/home/runner/work/apicurio-testing/apicurio-testing/clusters/ci419/namespaces/pg17/tests/integration/apicurio-registry/serdes/generic/serde-common/target/apicurio-registry-serde-common-3.0.12-SNAPSHOT.jar:/home/runner/work/apicurio-testing/apicurio-testing/clusters/ci419/namespaces/pg17/tests/integration/apicurio-registry/serdes/generic/serde-common-jsonschema/target/apicurio-registry-serde-common-jsonschema-3.0.12-SNAPSHOT.jar:/home/runner/.m2/repository/org/json/json/20250107/json-20250107.jar:/home/runner/work/apicurio-testing/apicurio-testing/clusters/ci419/namespaces/pg17/tests/integration/apicurio-registry/serdes/kafka/avro-serde/target/apicurio-registry-avro-serde-kafka-3.0.12-SNAPSHOT.jar:/home/runner/work/apicurio-testing/apicurio-testing/clusters/ci419/namespaces/pg17/tests/integration/apicurio-registry/serdes/generic/serde-common-avro/target/apicurio-registry-serde-common-avro-3.0.12-SNAPSHOT.jar:/home/runner/work/apicurio-testing/apicurio-testing/clusters/ci419/namespaces/pg17/tests/integration/apicurio-registry/serdes/kafka/protobuf-serde/target/apicurio-registry-protobuf-serde-kafka-3.0.12-SNAPSHOT.jar:/home/runner/work/apicurio-testing/apicurio-testing/clusters/ci419/namespaces/pg17/tests/integration/apicurio-registry/serdes/generic/serde-common-protobuf/target/apicurio-registry-serde-common-protobuf-3.0.12-SNAPSHOT.jar:/home/runner/.m2/repository/com/squareup/wire/wire-schema/5.3.3/wire-schema-5.3.3.jar:/home/runner/.m2/repository/com/squareup/wire/wire-runtime/5.3.3/wire-runtime-5.3.3.jar:/home/runner/work/apicurio-testing/apicurio-testing/clusters/ci419/namespaces/pg17/tests/integration/apicurio-registry/serdes/pulsar/avro-serde/target/apicurio-registry-avro-serde-pulsar-3.0.12-SNAPSHOT.jar:/home/runner/.m2/repository/org/apache/pulsar/pulsar-functions-api/3.3.8/pulsar-functions-api-3.3.8.jar:/home/runner/work/apicurio-testing/apicurio-testing/clusters/ci419/namespaces/pg17/tests/integration/apicurio-registry/serdes/nats/avro-serde/target/apicurio-registry-avro-serde-nats-3.0.12-SNAPSHOT.jar:/home/runner/.m2/repository/io/nats/jnats/2.21.4/jnats-2.21.4.jar:/home/runner/.m2/repository/org/bouncycastle/bcprov-lts8on/2.73.7/bcprov-lts8on-2.73.7.jar:/home/runner/.m2/repository/org/jetbrains/annotations/26.0.2/annotations-26.0.2.jar:/home/runner/work/apicurio-testing/apicurio-testing/clusters/ci419/namespaces/pg17/tests/integration/apicurio-registry/utils/converter/target/apicurio-registry-utils-converter-3.0.12-SNAPSHOT.jar:/home/runner/work/apicurio-testing/apicurio-testing/clusters/ci419/namespaces/pg17/tests/integration/apicurio-registry/schema-resolver/target/apicurio-registry-schema-resolver-3.0.12-SNAPSHOT.jar:/home/runner/.m2/repository/org/apache/kafka/connect-api/3.9.1/connect-api-3.9.1.jar:/home/runner/.m2/repository/javax/ws/rs/javax.ws.rs-api/2.1.1/javax.ws.rs-api-2.1.1.jar:/home/runner/.m2/repository/org/apache/kafka/connect-json/3.9.1/connect-json-3.9.1.jar:/home/runner/.m2/repository/com/fasterxml/jackson/datatype/jackson-datatype-jdk8/2.18.2/jackson-datatype-jdk8-2.18.2.jar:/home/runner/.m2/repository/com/fasterxml/jackson/module/jackson-module-afterburner/2.18.2/jackson-module-afterburner-2.18.2.jar:/home/runner/work/apicurio-testing/apicurio-testing/clusters/ci419/namespaces/pg17/tests/integration/apicurio-registry/utils/kafka/target/apicurio-registry-utils-kafka-3.0.12-SNAPSHOT.jar:/home/runner/.m2/repository/org/apache/pulsar/pulsar-client/3.3.8/pulsar-client-3.3.8.jar:/home/runner/.m2/repository/org/apache/pulsar/pulsar-client-api/3.3.8/pulsar-client-api-3.3.8.jar:/home/runner/.m2/repository/org/apache/pulsar/pulsar-client-admin-api/3.3.8/pulsar-client-admin-api-3.3.8.jar:/home/runner/.m2/repository/org/apache/pulsar/bouncy-castle-bc/3.3.8/bouncy-castle-bc-3.3.8-pkg.jar:/home/runner/.m2/repository/org/bouncycastle/bcpkix-jdk18on/1.81/bcpkix-jdk18on-1.81.jar:/home/runner/.m2/repository/org/bouncycastle/bcutil-jdk18on/1.81/bcutil-jdk18on-1.81.jar:/home/runner/.m2/repository/org/bouncycastle/bcprov-jdk18on/1.81/bcprov-jdk18on-1.81.jar:/home/runner/.m2/repository/io/opentelemetry/opentelemetry-api/1.44.1/opentelemetry-api-1.44.1.jar:/home/runner/.m2/repository/io/opentelemetry/opentelemetry-context/1.44.1/opentelemetry-context-1.44.1.jar:/home/runner/.m2/repository/io/opentelemetry/opentelemetry-api-incubator/1.44.1-alpha/opentelemetry-api-incubator-1.44.1-alpha.jar:/home/runner/.m2/repository/com/fasterxml/jackson/core/jackson-annotations/2.18.2/jackson-annotations-2.18.2.jar:/home/runner/.m2/repository/javax/validation/validation-api/1.1.0.Final/validation-api-1.1.0.Final.jar:/home/runner/.m2/repository/org/jspecify/jspecify/1.0.0/jspecify-1.0.0.jar:/home/runner/.m2/repository/org/apache/commons/commons-configuration2/2.12.0/commons-configuration2-2.12.0.jar:/home/runner/.m2/repository/commons-logging/commons-logging/1.3.5/commons-logging-1.3.5.jar:/home/runner/.m2/repository/org/apache/commons/commons-text/1.13.0/commons-text-1.13.0.jar:/home/runner/.m2/repository/io/confluent/kafka-avro-serializer/8.0.0/kafka-avro-serializer-8.0.0.jar:/home/runner/.m2/repository/org/apache/commons/commons-compress/1.27.1/commons-compress-1.27.1.jar:/home/runner/.m2/repository/io/confluent/kafka-schema-serializer/8.0.0/kafka-schema-serializer-8.0.0.jar:/home/runner/.m2/repository/com/fasterxml/jackson/dataformat/jackson-dataformat-csv/2.18.2/jackson-dataformat-csv-2.18.2.jar:/home/runner/.m2/repository/io/confluent/kafka-schema-registry-client/8.0.0/kafka-schema-registry-client-8.0.0.jar:/home/runner/.m2/repository/org/yaml/snakeyaml/2.3/snakeyaml-2.3.jar:/home/runner/.m2/repository/io/swagger/core/v3/swagger-annotations/2.2.29/swagger-annotations-2.2.29.jar:/home/runner/.m2/repository/com/google/guava/guava/33.4.0-jre/guava-33.4.0-jre.jar:/home/runner/.m2/repository/com/google/guava/failureaccess/1.0.1/failureaccess-1.0.1.jar:/home/runner/.m2/repository/org/checkerframework/checker-qual/3.49.0/checker-qual-3.49.0.jar:/home/runner/.m2/repository/io/confluent/logredactor/1.0.13/logredactor-1.0.13.jar:/home/runner/.m2/repository/com/google/re2j/re2j/1.6/re2j-1.6.jar:/home/runner/.m2/repository/io/confluent/logredactor-metrics/1.0.13/logredactor-metrics-1.0.13.jar:/home/runner/.m2/repository/com/eclipsesource/minimal-json/minimal-json/0.9.5/minimal-json-0.9.5.jar:/home/runner/.m2/repository/io/confluent/common-utils/8.0.0/common-utils-8.0.0.jar:/home/runner/.m2/repository/io/confluent/kafka-connect-avro-converter/8.0.0/kafka-connect-avro-converter-8.0.0.jar:/home/runner/.m2/repository/io/confluent/kafka-connect-avro-data/8.0.0/kafka-connect-avro-data-8.0.0.jar:/home/runner/.m2/repository/io/confluent/kafka-schema-converter/8.0.0/kafka-schema-converter-8.0.0.jar:/home/runner/.m2/repository/io/rest-assured/rest-assured/5.5.1/rest-assured-5.5.1.jar:/home/runner/.m2/repository/org/apache/groovy/groovy/4.0.22/groovy-4.0.22.jar:/home/runner/.m2/repository/org/apache/groovy/groovy-xml/4.0.22/groovy-xml-4.0.22.jar:/home/runner/.m2/repository/org/apache/httpcomponents/httpclient/4.5.14/httpclient-4.5.14.jar:/home/runner/.m2/repository/org/apache/httpcomponents/httpcore/4.4.16/httpcore-4.4.16.jar:/home/runner/.m2/repository/org/apache/httpcomponents/httpmime/4.5.14/httpmime-4.5.14.jar:/home/runner/.m2/repository/org/hamcrest/hamcrest/2.2/hamcrest-2.2.jar:/home/runner/.m2/repository/org/ccil/cowan/tagsoup/tagsoup/1.2.1/tagsoup-1.2.1.jar:/home/runner/.m2/repository/io/rest-assured/json-path/5.5.1/json-path-5.5.1.jar:/home/runner/.m2/repository/org/apache/groovy/groovy-json/4.0.22/groovy-json-4.0.22.jar:/home/runner/.m2/repository/io/rest-assured/rest-assured-common/5.5.1/rest-assured-common-5.5.1.jar:/home/runner/.m2/repository/io/rest-assured/xml-path/5.5.1/xml-path-5.5.1.jar:/home/runner/.m2/repository/io/zonky/test/embedded-postgres/2.1.0/embedded-postgres-2.1.0.jar:/home/runner/.m2/repository/io/zonky/test/postgres/embedded-postgres-binaries-windows-amd64/14.15.0/embedded-postgres-binaries-windows-amd64-14.15.0.jar:/home/runner/.m2/repository/io/zonky/test/postgres/embedded-postgres-binaries-darwin-amd64/14.15.0/embedded-postgres-binaries-darwin-amd64-14.15.0.jar:/home/runner/.m2/repository/io/zonky/test/postgres/embedded-postgres-binaries-linux-amd64/14.15.0/embedded-postgres-binaries-linux-amd64-14.15.0.jar:/home/runner/.m2/repository/io/zonky/test/postgres/embedded-postgres-binaries-linux-amd64-alpine/14.15.0/embedded-postgres-binaries-linux-amd64-alpine-14.15.0.jar:/home/runner/.m2/repository/org/apache/commons/commons-lang3/3.17.0/commons-lang3-3.17.0.jar:/home/runner/.m2/repository/org/tukaani/xz/1.10/xz-1.10.jar:/home/runner/.m2/repository/commons-codec/commons-codec/1.19.0/commons-codec-1.19.0.jar:/home/runner/.m2/repository/org/postgresql/postgresql/42.7.7/postgresql-42.7.7.jar:/home/runner/.m2/repository/commons-io/commons-io/2.18.0/commons-io-2.18.0.jar:/home/runner/work/apicurio-testing/apicurio-testing/clusters/ci419/namespaces/pg17/tests/integration/apicurio-registry/utils/importexport/target/apicurio-registry-utils-import-export-3.0.12-SNAPSHOT.jar:/home/runner/.m2/repository/io/vertx/vertx-core/4.5.16/vertx-core-4.5.16.jar:/home/runner/.m2/repository/io/netty/netty-common/4.1.121.Final/netty-common-4.1.121.Final.jar:/home/runner/.m2/repository/io/netty/netty-buffer/4.1.121.Final/netty-buffer-4.1.121.Final.jar:/home/runner/.m2/repository/io/netty/netty-transport/4.1.121.Final/netty-transport-4.1.121.Final.jar:/home/runner/.m2/repository/io/netty/netty-handler/4.1.121.Final/netty-handler-4.1.121.Final.jar:/home/runner/.m2/repository/io/netty/netty-transport-native-unix-common/4.1.121.Final/netty-transport-native-unix-common-4.1.121.Final.jar:/home/runner/.m2/repository/io/netty/netty-codec/4.1.121.Final/netty-codec-4.1.121.Final.jar:/home/runner/.m2/repository/io/netty/netty-handler-proxy/4.1.121.Final/netty-handler-proxy-4.1.121.Final.jar:/home/runner/.m2/repository/io/netty/netty-codec-socks/4.1.121.Final/netty-codec-socks-4.1.121.Final.jar:/home/runner/.m2/repository/io/netty/netty-codec-http/4.1.121.Final/netty-codec-http-4.1.121.Final.jar:/home/runner/.m2/repository/io/netty/netty-codec-http2/4.1.121.Final/netty-codec-http2-4.1.121.Final.jar:/home/runner/.m2/repository/io/netty/netty-resolver/4.1.121.Final/netty-resolver-4.1.121.Final.jar:/home/runner/.m2/repository/io/netty/netty-resolver-dns/4.1.121.Final/netty-resolver-dns-4.1.121.Final.jar:/home/runner/.m2/repository/io/netty/netty-codec-dns/4.1.121.Final/netty-codec-dns-4.1.121.Final.jar:/home/runner/.m2/repository/com/fasterxml/jackson/core/jackson-core/2.18.2/jackson-core-2.18.2.jar:"/>
    <property name="java.vm.vendor" value="Eclipse Adoptium"/>
    <property name="maven.javadoc.skip" value="true"/>
    <property name="sun.arch.data.model" value="64"/>
    <property name="java.vendor.url" value="https://adoptium.net/"/>
    <property name="user.timezone" value="Etc/UTC"/>
    <property name="os.name" value="Linux"/>
    <property name="java.vm.specification.version" value="17"/>
    <property name="sun.java.launcher" value="SUN_STANDARD"/>
    <property name="quarkus.http.test-port" value="80"/>
    <property name="sun.boot.library.path" value="/usr/lib/jvm/temurin-17-jdk-amd64/lib"/>
    <property name="sun.java.command" value="/home/runner/work/apicurio-testing/apicurio-testing/clusters/ci419/namespaces/pg17/tests/integration/apicurio-registry/integration-tests/target/surefire/surefirebooter-20250806185152150_3.jar /home/runner/work/apicurio-testing/apicurio-testing/clusters/ci419/namespaces/pg17/tests/integration/apicurio-registry/integration-tests/target/surefire 2025-08-06T18-51-52_041-jvmRun1 surefire-20250806185152150_1tmp surefire_0-20250806185152150_2tmp"/>
    <property name="maven.home" value="/home/runner/.m2/wrapper/dists/apache-maven-3.9.8-bin/4fnp1ql35bgk2a0p7m31ovbgb0/apache-maven-3.9.8"/>
    <property name="jdk.debug" value="release"/>
    <property name="surefire.test.class.path" value="/home/runner/work/apicurio-testing/apicurio-testing/clusters/ci419/namespaces/pg17/tests/integration/apicurio-registry/integration-tests/target/test-classes:/home/runner/work/apicurio-testing/apicurio-testing/clusters/ci419/namespaces/pg17/tests/integration/apicurio-registry/integration-tests/target/apicurio-registry-integration-tests-3.0.12-SNAPSHOT.jar:/home/runner/.m2/repository/io/quarkus/quarkus-junit5/3.20.2/quarkus-junit5-3.20.2.jar:/home/runner/.m2/repository/io/quarkus/quarkus-bootstrap-core/3.20.2/quarkus-bootstrap-core-3.20.2.jar:/home/runner/.m2/repository/io/quarkus/quarkus-classloader-commons/3.20.2/quarkus-classloader-commons-3.20.2.jar:/home/runner/.m2/repository/io/quarkus/quarkus-bootstrap-app-model/3.20.2/quarkus-bootstrap-app-model-3.20.2.jar:/home/runner/.m2/repository/io/smallrye/common/smallrye-common-io/2.12.0/smallrye-common-io-2.12.0.jar:/home/runner/.m2/repository/org/eclipse/sisu/org.eclipse.sisu.inject/0.9.0.M3/org.eclipse.sisu.inject-0.9.0.M3.jar:/home/runner/.m2/repository/io/quarkus/quarkus-test-common/3.20.2/quarkus-test-common-3.20.2.jar:/home/runner/.m2/repository/io/quarkus/quarkus-core-deployment/3.20.2/quarkus-core-deployment-3.20.2.jar:/home/runner/.m2/repository/org/aesh/readline/2.6/readline-2.6.jar:/home/runner/.m2/repository/org/fusesource/jansi/jansi/2.4.0/jansi-2.4.0.jar:/home/runner/.m2/repository/org/aesh/aesh/2.8.2/aesh-2.8.2.jar:/home/runner/.m2/repository/io/quarkus/gizmo/gizmo/1.8.0/gizmo-1.8.0.jar:/home/runner/.m2/repository/org/ow2/asm/asm-util/9.7.1/asm-util-9.7.1.jar:/home/runner/.m2/repository/org/ow2/asm/asm-analysis/9.7.1/asm-analysis-9.7.1.jar:/home/runner/.m2/repository/org/ow2/asm/asm-commons/9.7.1/asm-commons-9.7.1.jar:/home/runner/.m2/repository/org/ow2/asm/asm-tree/9.7.1/asm-tree-9.7.1.jar:/home/runner/.m2/repository/io/quarkus/quarkus-hibernate-validator-spi/3.20.2/quarkus-hibernate-validator-spi-3.20.2.jar:/home/runner/.m2/repository/io/quarkus/quarkus-class-change-agent/3.20.2/quarkus-class-change-agent-3.20.2.jar:/home/runner/.m2/repository/io/quarkus/quarkus-devtools-utilities/3.20.2/quarkus-devtools-utilities-3.20.2.jar:/home/runner/.m2/repository/io/quarkus/quarkus-builder/3.20.2/quarkus-builder-3.20.2.jar:/home/runner/.m2/repository/org/graalvm/sdk/nativeimage/23.1.2/nativeimage-23.1.2.jar:/home/runner/.m2/repository/org/graalvm/sdk/word/23.1.2/word-23.1.2.jar:/home/runner/.m2/repository/io/quarkus/quarkus-bootstrap-maven-resolver/3.20.2/quarkus-bootstrap-maven-resolver-3.20.2.jar:/home/runner/.m2/repository/io/smallrye/beanbag/smallrye-beanbag-maven/1.5.2/smallrye-beanbag-maven-1.5.2.jar:/home/runner/.m2/repository/io/smallrye/beanbag/smallrye-beanbag-sisu/1.5.2/smallrye-beanbag-sisu-1.5.2.jar:/home/runner/.m2/repository/io/smallrye/beanbag/smallrye-beanbag/1.5.2/smallrye-beanbag-1.5.2.jar:/home/runner/.m2/repository/javax/inject/javax.inject/1/javax.inject-1.jar:/home/runner/.m2/repository/org/apache/maven/maven-artifact/3.9.9/maven-artifact-3.9.9.jar:/home/runner/.m2/repository/org/apache/maven/maven-builder-support/3.9.9/maven-builder-support-3.9.9.jar:/home/runner/.m2/repository/org/apache/maven/maven-model/3.9.9/maven-model-3.9.9.jar:/home/runner/.m2/repository/org/apache/maven/maven-model-builder/3.9.9/maven-model-builder-3.9.9.jar:/home/runner/.m2/repository/org/apache/maven/maven-repository-metadata/3.9.9/maven-repository-metadata-3.9.9.jar:/home/runner/.m2/repository/org/apache/maven/maven-settings/3.9.9/maven-settings-3.9.9.jar:/home/runner/.m2/repository/org/apache/maven/resolver/maven-resolver-api/1.9.22/maven-resolver-api-1.9.22.jar:/home/runner/.m2/repository/org/apache/maven/resolver/maven-resolver-impl/1.9.22/maven-resolver-impl-1.9.22.jar:/home/runner/.m2/repository/org/apache/maven/resolver/maven-resolver-named-locks/1.9.22/maven-resolver-named-locks-1.9.22.jar:/home/runner/.m2/repository/org/apache/maven/resolver/maven-resolver-spi/1.9.22/maven-resolver-spi-1.9.22.jar:/home/runner/.m2/repository/org/apache/maven/resolver/maven-resolver-util/1.9.22/maven-resolver-util-1.9.22.jar:/home/runner/.m2/repository/org/apache/maven/resolver/maven-resolver-transport-http/1.9.20/maven-resolver-transport-http-1.9.20.jar:/home/runner/.m2/repository/org/apache/maven/wagon/wagon-provider-api/3.5.3/wagon-provider-api-3.5.3.jar:/home/runner/.m2/repository/org/apache/maven/wagon/wagon-http-shared/3.5.3/wagon-http-shared-3.5.3.jar:/home/runner/.m2/repository/org/codehaus/plexus/plexus-interpolation/1.26/plexus-interpolation-1.26.jar:/home/runner/.m2/repository/org/codehaus/plexus/plexus-utils/3.5.1/plexus-utils-3.5.1.jar:/home/runner/.m2/repository/org/codehaus/plexus/plexus-xml/4.0.1/plexus-xml-4.0.1.jar:/home/runner/.m2/repository/org/apache/maven/maven-xml-impl/4.0.0-alpha-5/maven-xml-impl-4.0.0-alpha-5.jar:/home/runner/.m2/repository/org/apache/maven/maven-api-xml/4.0.0-alpha-5/maven-api-xml-4.0.0-alpha-5.jar:/home/runner/.m2/repository/org/apache/maven/maven-api-meta/4.0.0-alpha-5/maven-api-meta-4.0.0-alpha-5.jar:/home/runner/.m2/repository/org/codehaus/plexus/plexus-cipher/2.0/plexus-cipher-2.0.jar:/home/runner/.m2/repository/org/codehaus/plexus/plexus-sec-dispatcher/2.0/plexus-sec-dispatcher-2.0.jar:/home/runner/.m2/repository/org/apache/maven/maven-embedder/3.9.9/maven-embedder-3.9.9.jar:/home/runner/.m2/repository/org/apache/maven/maven-core/3.9.9/maven-core-3.9.9.jar:/home/runner/.m2/repository/org/codehaus/plexus/plexus-component-annotations/2.1.0/plexus-component-annotations-2.1.0.jar:/home/runner/.m2/repository/org/apache/maven/maven-plugin-api/3.9.9/maven-plugin-api-3.9.9.jar:/home/runner/.m2/repository/org/apache/maven/shared/maven-shared-utils/3.4.2/maven-shared-utils-3.4.2.jar:/home/runner/.m2/repository/com/google/inject/guice/5.1.0/guice-5.1.0.jar:/home/runner/.m2/repository/aopalliance/aopalliance/1.0/aopalliance-1.0.jar:/home/runner/.m2/repository/org/codehaus/plexus/plexus-classworlds/2.6.0/plexus-classworlds-2.6.0.jar:/home/runner/.m2/repository/commons-cli/commons-cli/1.8.0/commons-cli-1.8.0.jar:/home/runner/.m2/repository/org/eclipse/sisu/org.eclipse.sisu.plexus/0.9.0.M3/org.eclipse.sisu.plexus-0.9.0.M3.jar:/home/runner/.m2/repository/org/apache/maven/maven-settings-builder/3.9.9/maven-settings-builder-3.9.9.jar:/home/runner/.m2/repository/org/apache/maven/maven-resolver-provider/3.9.9/maven-resolver-provider-3.9.9.jar:/home/runner/.m2/repository/org/apache/maven/resolver/maven-resolver-connector-basic/1.9.22/maven-resolver-connector-basic-1.9.22.jar:/home/runner/.m2/repository/org/apache/maven/resolver/maven-resolver-transport-wagon/1.9.22/maven-resolver-transport-wagon-1.9.22.jar:/home/runner/.m2/repository/org/apache/maven/wagon/wagon-http/3.5.3/wagon-http-3.5.3.jar:/home/runner/.m2/repository/org/apache/maven/wagon/wagon-file/3.5.3/wagon-file-3.5.3.jar:/home/runner/.m2/repository/io/quarkus/quarkus-bootstrap-gradle-resolver/3.20.2/quarkus-bootstrap-gradle-resolver-3.20.2.jar:/home/runner/.m2/repository/io/smallrye/jandex/3.3.0/jandex-3.3.0.jar:/home/runner/.m2/repository/org/jboss/logging/commons-logging-jboss-logging/1.0.0.Final/commons-logging-jboss-logging-1.0.0.Final.jar:/home/runner/.m2/repository/io/quarkus/quarkus-junit5-config/3.20.2/quarkus-junit5-config-3.20.2.jar:/home/runner/.m2/repository/org/junit/jupiter/junit-jupiter-api/5.12.1/junit-jupiter-api-5.12.1.jar:/home/runner/.m2/repository/io/smallrye/config/smallrye-config/3.11.4/smallrye-config-3.11.4.jar:/home/runner/.m2/repository/io/smallrye/config/smallrye-config-core/3.11.4/smallrye-config-core-3.11.4.jar:/home/runner/.m2/repository/io/smallrye/common/smallrye-common-classloader/2.12.0/smallrye-common-classloader-2.12.0.jar:/home/runner/.m2/repository/io/smallrye/config/smallrye-config-common/3.11.4/smallrye-config-common-3.11.4.jar:/home/runner/.m2/repository/org/junit/jupiter/junit-jupiter/5.12.1/junit-jupiter-5.12.1.jar:/home/runner/.m2/repository/org/junit/jupiter/junit-jupiter-params/5.12.1/junit-jupiter-params-5.12.1.jar:/home/runner/.m2/repository/org/junit/jupiter/junit-jupiter-engine/5.12.1/junit-jupiter-engine-5.12.1.jar:/home/runner/.m2/repository/io/quarkus/quarkus-core/3.20.2/quarkus-core-3.20.2.jar:/home/runner/.m2/repository/jakarta/enterprise/jakarta.enterprise.cdi-api/4.1.0/jakarta.enterprise.cdi-api-4.1.0.jar:/home/runner/.m2/repository/jakarta/enterprise/jakarta.enterprise.lang-model/4.1.0/jakarta.enterprise.lang-model-4.1.0.jar:/home/runner/.m2/repository/jakarta/el/jakarta.el-api/5.0.1/jakarta.el-api-5.0.1.jar:/home/runner/.m2/repository/jakarta/interceptor/jakarta.interceptor-api/2.2.0/jakarta.interceptor-api-2.2.0.jar:/home/runner/.m2/repository/jakarta/inject/jakarta.inject-api/2.0.1/jakarta.inject-api-2.0.1.jar:/home/runner/.m2/repository/io/smallrye/common/smallrye-common-os/2.12.0/smallrye-common-os-2.12.0.jar:/home/runner/.m2/repository/io/quarkus/quarkus-ide-launcher/3.20.2/quarkus-ide-launcher-3.20.2.jar:/home/runner/.m2/repository/io/quarkus/quarkus-development-mode-spi/3.20.2/quarkus-development-mode-spi-3.20.2.jar:/home/runner/.m2/repository/org/jboss/logging/jboss-logging/3.6.1.Final/jboss-logging-3.6.1.Final.jar:/home/runner/.m2/repository/org/jboss/logmanager/jboss-logmanager/3.1.2.Final/jboss-logmanager-3.1.2.Final.jar:/home/runner/.m2/repository/io/smallrye/common/smallrye-common-constraint/2.12.0/smallrye-common-constraint-2.12.0.jar:/home/runner/.m2/repository/io/smallrye/common/smallrye-common-cpu/2.12.0/smallrye-common-cpu-2.12.0.jar:/home/runner/.m2/repository/io/smallrye/common/smallrye-common-expression/2.12.0/smallrye-common-expression-2.12.0.jar:/home/runner/.m2/repository/io/smallrye/common/smallrye-common-net/2.12.0/smallrye-common-net-2.12.0.jar:/home/runner/.m2/repository/io/smallrye/common/smallrye-common-ref/2.12.0/smallrye-common-ref-2.12.0.jar:/home/runner/.m2/repository/jakarta/json/jakarta.json-api/2.1.3/jakarta.json-api-2.1.3.jar:/home/runner/.m2/repository/org/eclipse/parsson/parsson/1.1.7/parsson-1.1.7.jar:/home/runner/.m2/repository/org/jboss/logging/jboss-logging-annotations/3.0.4.Final/jboss-logging-annotations-3.0.4.Final.jar:/home/runner/.m2/repository/org/jboss/threads/jboss-threads/3.8.0.Final/jboss-threads-3.8.0.Final.jar:/home/runner/.m2/repository/io/smallrye/common/smallrye-common-annotation/2.12.0/smallrye-common-annotation-2.12.0.jar:/home/runner/.m2/repository/io/smallrye/common/smallrye-common-function/2.12.0/smallrye-common-function-2.12.0.jar:/home/runner/.m2/repository/org/jboss/slf4j/slf4j-jboss-logmanager/2.0.0.Final/slf4j-jboss-logmanager-2.0.0.Final.jar:/home/runner/.m2/repository/org/wildfly/common/wildfly-common/2.0.1/wildfly-common-2.0.1.jar:/home/runner/.m2/repository/io/quarkus/quarkus-bootstrap-runner/3.20.2/quarkus-bootstrap-runner-3.20.2.jar:/home/runner/.m2/repository/io/github/crac/org-crac/0.1.3/org-crac-0.1.3.jar:/home/runner/.m2/repository/io/quarkus/quarkus-fs-util/0.0.10/quarkus-fs-util-0.0.10.jar:/home/runner/.m2/repository/org/jboss/marshalling/jboss-marshalling/2.2.2.Final/jboss-marshalling-2.2.2.Final.jar:/home/runner/.m2/repository/io/fabric8/kubernetes-client/7.1.0/kubernetes-client-7.1.0.jar:/home/runner/.m2/repository/io/fabric8/kubernetes-client-api/7.1.0/kubernetes-client-api-7.1.0.jar:/home/runner/.m2/repository/io/fabric8/kubernetes-model-core/7.1.0/kubernetes-model-core-7.1.0.jar:/home/runner/.m2/repository/io/fabric8/kubernetes-model-common/7.1.0/kubernetes-model-common-7.1.0.jar:/home/runner/.m2/repository/javax/annotation/javax.annotation-api/1.3.2/javax.annotation-api-1.3.2.jar:/home/runner/.m2/repository/io/fabric8/kubernetes-model-gatewayapi/7.1.0/kubernetes-model-gatewayapi-7.1.0.jar:/home/runner/.m2/repository/io/fabric8/kubernetes-model-resource/7.1.0/kubernetes-model-resource-7.1.0.jar:/home/runner/.m2/repository/io/fabric8/kubernetes-model-rbac/7.1.0/kubernetes-model-rbac-7.1.0.jar:/home/runner/.m2/repository/io/fabric8/kubernetes-model-admissionregistration/7.1.0/kubernetes-model-admissionregistration-7.1.0.jar:/home/runner/.m2/repository/io/fabric8/kubernetes-model-apps/7.1.0/kubernetes-model-apps-7.1.0.jar:/home/runner/.m2/repository/io/fabric8/kubernetes-model-autoscaling/7.1.0/kubernetes-model-autoscaling-7.1.0.jar:/home/runner/.m2/repository/io/fabric8/kubernetes-model-apiextensions/7.1.0/kubernetes-model-apiextensions-7.1.0.jar:/home/runner/.m2/repository/io/fabric8/kubernetes-model-batch/7.1.0/kubernetes-model-batch-7.1.0.jar:/home/runner/.m2/repository/io/fabric8/kubernetes-model-certificates/7.1.0/kubernetes-model-certificates-7.1.0.jar:/home/runner/.m2/repository/io/fabric8/kubernetes-model-coordination/7.1.0/kubernetes-model-coordination-7.1.0.jar:/home/runner/.m2/repository/io/fabric8/kubernetes-model-discovery/7.1.0/kubernetes-model-discovery-7.1.0.jar:/home/runner/.m2/repository/io/fabric8/kubernetes-model-events/7.1.0/kubernetes-model-events-7.1.0.jar:/home/runner/.m2/repository/io/fabric8/kubernetes-model-extensions/7.1.0/kubernetes-model-extensions-7.1.0.jar:/home/runner/.m2/repository/io/fabric8/kubernetes-model-flowcontrol/7.1.0/kubernetes-model-flowcontrol-7.1.0.jar:/home/runner/.m2/repository/io/fabric8/kubernetes-model-networking/7.1.0/kubernetes-model-networking-7.1.0.jar:/home/runner/.m2/repository/io/fabric8/kubernetes-model-metrics/7.1.0/kubernetes-model-metrics-7.1.0.jar:/home/runner/.m2/repository/io/fabric8/kubernetes-model-policy/7.1.0/kubernetes-model-policy-7.1.0.jar:/home/runner/.m2/repository/io/fabric8/kubernetes-model-scheduling/7.1.0/kubernetes-model-scheduling-7.1.0.jar:/home/runner/.m2/repository/io/fabric8/kubernetes-model-storageclass/7.1.0/kubernetes-model-storageclass-7.1.0.jar:/home/runner/.m2/repository/io/fabric8/kubernetes-model-node/7.1.0/kubernetes-model-node-7.1.0.jar:/home/runner/.m2/repository/org/snakeyaml/snakeyaml-engine/2.9/snakeyaml-engine-2.9.jar:/home/runner/.m2/repository/com/fasterxml/jackson/dataformat/jackson-dataformat-yaml/2.18.2/jackson-dataformat-yaml-2.18.2.jar:/home/runner/.m2/repository/com/fasterxml/jackson/datatype/jackson-datatype-jsr310/2.18.2/jackson-datatype-jsr310-2.18.2.jar:/home/runner/.m2/repository/io/fabric8/zjsonpatch/7.1.0/zjsonpatch-7.1.0.jar:/home/runner/.m2/repository/io/fabric8/kubernetes-httpclient-vertx/7.1.0/kubernetes-httpclient-vertx-7.1.0.jar:/home/runner/.m2/repository/io/vertx/vertx-web-client/4.5.16/vertx-web-client-4.5.16.jar:/home/runner/.m2/repository/io/vertx/vertx-web-common/4.5.16/vertx-web-common-4.5.16.jar:/home/runner/.m2/repository/io/vertx/vertx-auth-common/4.5.16/vertx-auth-common-4.5.16.jar:/home/runner/.m2/repository/io/vertx/vertx-uri-template/4.5.16/vertx-uri-template-4.5.16.jar:/home/runner/.m2/repository/io/fabric8/openshift-client/7.1.0/openshift-client-7.1.0.jar:/home/runner/.m2/repository/io/fabric8/openshift-client-api/7.1.0/openshift-client-api-7.1.0.jar:/home/runner/.m2/repository/io/fabric8/openshift-model/7.1.0/openshift-model-7.1.0.jar:/home/runner/.m2/repository/io/fabric8/openshift-model-autoscaling/7.1.0/openshift-model-autoscaling-7.1.0.jar:/home/runner/.m2/repository/io/fabric8/openshift-model-operator/7.1.0/openshift-model-operator-7.1.0.jar:/home/runner/.m2/repository/io/fabric8/openshift-model-operatorhub/7.1.0/openshift-model-operatorhub-7.1.0.jar:/home/runner/.m2/repository/io/fabric8/openshift-model-machine/7.1.0/openshift-model-machine-7.1.0.jar:/home/runner/.m2/repository/io/fabric8/openshift-model-whereabouts/7.1.0/openshift-model-whereabouts-7.1.0.jar:/home/runner/.m2/repository/io/fabric8/openshift-model-monitoring/7.1.0/openshift-model-monitoring-7.1.0.jar:/home/runner/.m2/repository/io/fabric8/openshift-model-storageversionmigrator/7.1.0/openshift-model-storageversionmigrator-7.1.0.jar:/home/runner/.m2/repository/io/fabric8/openshift-model-tuned/7.1.0/openshift-model-tuned-7.1.0.jar:/home/runner/.m2/repository/io/fabric8/openshift-model-console/7.1.0/openshift-model-console-7.1.0.jar:/home/runner/.m2/repository/io/fabric8/openshift-model-config/7.1.0/openshift-model-config-7.1.0.jar:/home/runner/.m2/repository/io/fabric8/openshift-model-machineconfiguration/7.1.0/openshift-model-machineconfiguration-7.1.0.jar:/home/runner/.m2/repository/io/fabric8/openshift-model-miscellaneous/7.1.0/openshift-model-miscellaneous-7.1.0.jar:/home/runner/.m2/repository/io/fabric8/openshift-model-hive/7.1.0/openshift-model-hive-7.1.0.jar:/home/runner/.m2/repository/io/fabric8/openshift-model-installer/7.1.0/openshift-model-installer-7.1.0.jar:/home/runner/.m2/repository/org/junit/platform/junit-platform-launcher/1.12.1/junit-platform-launcher-1.12.1.jar:/home/runner/.m2/repository/org/junit/platform/junit-platform-engine/1.12.1/junit-platform-engine-1.12.1.jar:/home/runner/.m2/repository/org/opentest4j/opentest4j/1.3.0/opentest4j-1.3.0.jar:/home/runner/.m2/repository/org/junit/platform/junit-platform-commons/1.12.1/junit-platform-commons-1.12.1.jar:/home/runner/.m2/repository/org/apiguardian/apiguardian-api/1.1.2/apiguardian-api-1.1.2.jar:/home/runner/.m2/repository/jakarta/ws/rs/jakarta.ws.rs-api/3.1.0/jakarta.ws.rs-api-3.1.0.jar:/home/runner/work/apicurio-testing/apicurio-testing/clusters/ci419/namespaces/pg17/tests/integration/apicurio-registry/java-sdk/target/apicurio-registry-java-sdk-3.0.12-SNAPSHOT.jar:/home/runner/.m2/repository/com/microsoft/kiota/microsoft-kiota-abstractions/1.8.8/microsoft-kiota-abstractions-1.8.8.jar:/home/runner/.m2/repository/io/github/std-uritemplate/std-uritemplate/2.0.0/std-uritemplate-2.0.0.jar:/home/runner/.m2/repository/io/kiota/kiota-http-jdk/0.0.29/kiota-http-jdk-0.0.29.jar:/home/runner/.m2/repository/io/kiota/kiota-http-vertx/0.0.29/kiota-http-vertx-0.0.29.jar:/home/runner/.m2/repository/io/kiota/kiota-serialization-jackson/0.0.29/kiota-serialization-jackson-0.0.29.jar:/home/runner/.m2/repository/com/microsoft/kiota/microsoft-kiota-serialization-text/1.8.8/microsoft-kiota-serialization-text-1.8.8.jar:/home/runner/.m2/repository/com/microsoft/kiota/microsoft-kiota-serialization-form/1.8.8/microsoft-kiota-serialization-form-1.8.8.jar:/home/runner/.m2/repository/com/microsoft/kiota/microsoft-kiota-serialization-multipart/1.8.8/microsoft-kiota-serialization-multipart-1.8.8.jar:/home/runner/.m2/repository/jakarta/annotation/jakarta.annotation-api/3.0.0/jakarta.annotation-api-3.0.0.jar:/home/runner/.m2/repository/io/vertx/vertx-auth-oauth2/4.5.16/vertx-auth-oauth2-4.5.16.jar:/home/runner/work/apicurio-testing/apicurio-testing/clusters/ci419/namespaces/pg17/tests/integration/apicurio-registry/java-sdk-v2/target/apicurio-registry-v2-java-sdk-3.0.12-SNAPSHOT.jar:/home/runner/work/apicurio-testing/apicurio-testing/clusters/ci419/namespaces/pg17/tests/integration/apicurio-registry/utils/kafka/target/apicurio-registry-utils-kafka-3.0.12-SNAPSHOT-tests.jar:/home/runner/.m2/repository/org/eclipse/microprofile/config/microprofile-config-api/3.1/microprofile-config-api-3.1.jar:/home/runner/.m2/repository/org/apache/kafka/kafka-clients/3.9.1/kafka-clients-3.9.1.jar:/home/runner/.m2/repository/com/github/luben/zstd-jni/1.5.6-4/zstd-jni-1.5.6-4.jar:/home/runner/.m2/repository/org/lz4/lz4-java/1.8.0/lz4-java-1.8.0.jar:/home/runner/.m2/repository/org/xerial/snappy/snappy-java/1.1.10.5/snappy-java-1.1.10.5.jar:/home/runner/.m2/repository/org/slf4j/slf4j-api/2.0.6/slf4j-api-2.0.6.jar:/home/runner/work/apicurio-testing/apicurio-testing/clusters/ci419/namespaces/pg17/tests/integration/apicurio-registry/utils/tests/target/apicurio-registry-utils-tests-3.0.12-SNAPSHOT.jar:/home/runner/work/apicurio-testing/apicurio-testing/clusters/ci419/namespaces/pg17/tests/integration/apicurio-registry/common/target/apicurio-registry-common-3.0.12-SNAPSHOT.jar:/home/runner/.m2/repository/jakarta/validation/jakarta.validation-api/3.0.2/jakarta.validation-api-3.0.2.jar:/home/runner/.m2/repository/com/github/dasniko/testcontainers-keycloak/3.8.0/testcontainers-keycloak-3.8.0.jar:/home/runner/.m2/repository/org/testcontainers/testcontainers/1.20.6/testcontainers-1.20.6.jar:/home/runner/.m2/repository/org/rnorth/duct-tape/duct-tape/1.0.8/duct-tape-1.0.8.jar:/home/runner/.m2/repository/com/github/docker-java/docker-java-transport-zerodep/3.4.1/docker-java-transport-zerodep-3.4.1.jar:/home/runner/.m2/repository/com/github/docker-java/docker-java-transport/3.4.1/docker-java-transport-3.4.1.jar:/home/runner/.m2/repository/net/java/dev/jna/jna/5.8.0/jna-5.8.0.jar:/home/runner/.m2/repository/io/quarkus/quarkus-junit4-mock/3.20.2/quarkus-junit4-mock-3.20.2.jar:/home/runner/.m2/repository/org/jboss/shrinkwrap/shrinkwrap-api/2.0.0-beta-2/shrinkwrap-api-2.0.0-beta-2.jar:/home/runner/.m2/repository/org/jboss/shrinkwrap/shrinkwrap-impl-base/2.0.0-beta-2/shrinkwrap-impl-base-2.0.0-beta-2.jar:/home/runner/.m2/repository/org/jboss/shrinkwrap/shrinkwrap-spi/2.0.0-beta-2/shrinkwrap-spi-2.0.0-beta-2.jar:/home/runner/.m2/repository/org/keycloak/keycloak-admin-client/26.0.4/keycloak-admin-client-26.0.4.jar:/home/runner/.m2/repository/org/keycloak/keycloak-client-common-synced/26.0.4/keycloak-client-common-synced-26.0.4.jar:/home/runner/.m2/repository/jakarta/activation/jakarta.activation-api/2.1.3/jakarta.activation-api-2.1.3.jar:/home/runner/.m2/repository/org/eclipse/microprofile/openapi/microprofile-openapi-api/4.0.2/microprofile-openapi-api-4.0.2.jar:/home/runner/.m2/repository/org/jboss/resteasy/resteasy-client/6.2.12.Final/resteasy-client-6.2.12.Final.jar:/home/runner/.m2/repository/org/jboss/resteasy/resteasy-client-api/6.2.12.Final/resteasy-client-api-6.2.12.Final.jar:/home/runner/.m2/repository/org/jboss/resteasy/resteasy-core-spi/6.2.12.Final/resteasy-core-spi-6.2.12.Final.jar:/home/runner/.m2/repository/org/jboss/resteasy/resteasy-core/6.2.12.Final/resteasy-core-6.2.12.Final.jar:/home/runner/.m2/repository/org/eclipse/angus/angus-activation/2.0.2/angus-activation-2.0.2.jar:/home/runner/.m2/repository/com/ibm/async/asyncutil/0.1.0/asyncutil-0.1.0.jar:/home/runner/.m2/repository/org/reactivestreams/reactive-streams/1.0.4/reactive-streams-1.0.4.jar:/home/runner/.m2/repository/org/jboss/resteasy/resteasy-multipart-provider/6.2.12.Final/resteasy-multipart-provider-6.2.12.Final.jar:/home/runner/.m2/repository/jakarta/mail/jakarta.mail-api/2.1.3/jakarta.mail-api-2.1.3.jar:/home/runner/.m2/repository/org/eclipse/angus/angus-mail/2.0.3/angus-mail-2.0.3.jar:/home/runner/.m2/repository/org/apache/james/apache-mime4j-dom/0.8.12/apache-mime4j-dom-0.8.12.jar:/home/runner/.m2/repository/org/apache/james/apache-mime4j-core/0.8.12/apache-mime4j-core-0.8.12.jar:/home/runner/.m2/repository/org/apache/james/apache-mime4j-storage/0.8.12/apache-mime4j-storage-0.8.12.jar:/home/runner/.m2/repository/org/jboss/resteasy/resteasy-jackson2-provider/6.2.12.Final/resteasy-jackson2-provider-6.2.12.Final.jar:/home/runner/.m2/repository/com/fasterxml/jackson/jakarta/rs/jackson-jakarta-rs-base/2.18.2/jackson-jakarta-rs-base-2.18.2.jar:/home/runner/.m2/repository/com/fasterxml/jackson/jakarta/rs/jackson-jakarta-rs-json-provider/2.18.2/jackson-jakarta-rs-json-provider-2.18.2.jar:/home/runner/.m2/repository/com/fasterxml/jackson/module/jackson-module-jakarta-xmlbind-annotations/2.18.2/jackson-module-jakarta-xmlbind-annotations-2.18.2.jar:/home/runner/.m2/repository/com/github/java-json-tools/json-patch/1.13/json-patch-1.13.jar:/home/runner/.m2/repository/com/github/java-json-tools/msg-simple/1.2/msg-simple-1.2.jar:/home/runner/.m2/repository/com/github/java-json-tools/btf/1.3/btf-1.3.jar:/home/runner/.m2/repository/com/github/java-json-tools/jackson-coreutils/2.0/jackson-coreutils-2.0.jar:/home/runner/.m2/repository/org/jboss/resteasy/resteasy-jaxb-provider/6.2.12.Final/resteasy-jaxb-provider-6.2.12.Final.jar:/home/runner/.m2/repository/org/glassfish/jaxb/codemodel/4.0.5/codemodel-4.0.5.jar:/home/runner/.m2/repository/org/glassfish/jaxb/jaxb-core/4.0.5/jaxb-core-4.0.5.jar:/home/runner/.m2/repository/org/glassfish/jaxb/jaxb-jxc/4.0.5/jaxb-jxc-4.0.5.jar:/home/runner/.m2/repository/org/glassfish/jaxb/jaxb-runtime/4.0.5/jaxb-runtime-4.0.5.jar:/home/runner/.m2/repository/org/glassfish/jaxb/txw2/4.0.5/txw2-4.0.5.jar:/home/runner/.m2/repository/org/glassfish/jaxb/jaxb-xjc/4.0.5/jaxb-xjc-4.0.5.jar:/home/runner/.m2/repository/org/glassfish/jaxb/xsom/4.0.5/xsom-4.0.5.jar:/home/runner/.m2/repository/com/sun/istack/istack-commons-runtime/4.1.2/istack-commons-runtime-4.1.2.jar:/home/runner/.m2/repository/com/sun/istack/istack-commons-tools/4.1.2/istack-commons-tools-4.1.2.jar:/home/runner/.m2/repository/com/sun/xml/bind/external/relaxng-datatype/4.0.5/relaxng-datatype-4.0.5.jar:/home/runner/.m2/repository/com/sun/xml/bind/external/rngom/4.0.5/rngom-4.0.5.jar:/home/runner/.m2/repository/org/testcontainers/mssqlserver/1.20.6/mssqlserver-1.20.6.jar:/home/runner/.m2/repository/org/testcontainers/jdbc/1.20.6/jdbc-1.20.6.jar:/home/runner/.m2/repository/org/testcontainers/database-commons/1.20.6/database-commons-1.20.6.jar:/home/runner/.m2/repository/org/testcontainers/mysql/1.20.6/mysql-1.20.6.jar:/home/runner/.m2/repository/io/strimzi/strimzi-test-container/0.111.0/strimzi-test-container-0.111.0.jar:/home/runner/.m2/repository/org/testcontainers/toxiproxy/1.20.6/toxiproxy-1.20.6.jar:/home/runner/.m2/repository/com/github/docker-java/docker-java-api/3.4.1/docker-java-api-3.4.1.jar:/home/runner/.m2/repository/org/apache/logging/log4j/log4j-slf4j-impl/2.19.0/log4j-slf4j-impl-2.19.0.jar:/home/runner/.m2/repository/org/apache/logging/log4j/log4j-api/2.24.3/log4j-api-2.24.3.jar:/home/runner/.m2/repository/org/apache/logging/log4j/log4j-core/2.19.0/log4j-core-2.19.0.jar:/home/runner/.m2/repository/eu/rekawek/toxiproxy/toxiproxy-java/2.1.7/toxiproxy-java-2.1.7.jar:/home/runner/.m2/repository/org/testcontainers/pulsar/1.21.3/pulsar-1.21.3.jar:/home/runner/.m2/repository/io/debezium/debezium-testing-testcontainers/2.7.4.Final/debezium-testing-testcontainers-2.7.4.Final.jar:/home/runner/.m2/repository/org/testcontainers/kafka/1.20.6/kafka-1.20.6.jar:/home/runner/.m2/repository/com/squareup/okhttp3/okhttp/4.8.1/okhttp-4.8.1.jar:/home/runner/.m2/repository/com/squareup/okio/okio/3.10.2/okio-3.10.2.jar:/home/runner/.m2/repository/com/squareup/okio/okio-jvm/3.10.2/okio-jvm-3.10.2.jar:/home/runner/.m2/repository/org/jetbrains/kotlin/kotlin-stdlib/2.0.21/kotlin-stdlib-2.0.21.jar:/home/runner/.m2/repository/org/awaitility/awaitility/4.3.0/awaitility-4.3.0.jar:/home/runner/.m2/repository/org/testcontainers/mongodb/1.20.6/mongodb-1.20.6.jar:/home/runner/.m2/repository/org/testcontainers/mariadb/1.20.6/mariadb-1.20.6.jar:/home/runner/.m2/repository/org/testcontainers/oracle-xe/1.20.6/oracle-xe-1.20.6.jar:/home/runner/.m2/repository/org/testcontainers/postgresql/1.20.6/postgresql-1.20.6.jar:/home/runner/.m2/repository/org/wiremock/wiremock/3.0.1/wiremock-3.0.1.jar:/home/runner/.m2/repository/org/eclipse/jetty/jetty-server/11.0.15/jetty-server-11.0.15.jar:/home/runner/.m2/repository/org/eclipse/jetty/toolchain/jetty-jakarta-servlet-api/5.0.2/jetty-jakarta-servlet-api-5.0.2.jar:/home/runner/.m2/repository/org/eclipse/jetty/jetty-http/11.0.15/jetty-http-11.0.15.jar:/home/runner/.m2/repository/org/eclipse/jetty/jetty-io/11.0.15/jetty-io-11.0.15.jar:/home/runner/.m2/repository/org/eclipse/jetty/jetty-servlet/11.0.15/jetty-servlet-11.0.15.jar:/home/runner/.m2/repository/org/eclipse/jetty/jetty-security/11.0.15/jetty-security-11.0.15.jar:/home/runner/.m2/repository/org/eclipse/jetty/jetty-servlets/11.0.15/jetty-servlets-11.0.15.jar:/home/runner/.m2/repository/org/eclipse/jetty/jetty-util/11.0.15/jetty-util-11.0.15.jar:/home/runner/.m2/repository/org/eclipse/jetty/jetty-webapp/11.0.15/jetty-webapp-11.0.15.jar:/home/runner/.m2/repository/org/eclipse/jetty/jetty-xml/11.0.15/jetty-xml-11.0.15.jar:/home/runner/.m2/repository/org/eclipse/jetty/jetty-proxy/11.0.15/jetty-proxy-11.0.15.jar:/home/runner/.m2/repository/org/eclipse/jetty/jetty-client/11.0.15/jetty-client-11.0.15.jar:/home/runner/.m2/repository/org/eclipse/jetty/http2/http2-server/11.0.15/http2-server-11.0.15.jar:/home/runner/.m2/repository/org/eclipse/jetty/http2/http2-common/11.0.15/http2-common-11.0.15.jar:/home/runner/.m2/repository/org/eclipse/jetty/http2/http2-hpack/11.0.15/http2-hpack-11.0.15.jar:/home/runner/.m2/repository/org/eclipse/jetty/jetty-alpn-server/11.0.15/jetty-alpn-server-11.0.15.jar:/home/runner/.m2/repository/org/eclipse/jetty/jetty-alpn-java-server/11.0.15/jetty-alpn-java-server-11.0.15.jar:/home/runner/.m2/repository/org/eclipse/jetty/jetty-alpn-java-client/11.0.15/jetty-alpn-java-client-11.0.15.jar:/home/runner/.m2/repository/org/eclipse/jetty/jetty-alpn-client/11.0.15/jetty-alpn-client-11.0.15.jar:/home/runner/.m2/repository/org/apache/httpcomponents/client5/httpclient5/5.2.1/httpclient5-5.2.1.jar:/home/runner/.m2/repository/org/apache/httpcomponents/core5/httpcore5/5.2/httpcore5-5.2.jar:/home/runner/.m2/repository/org/apache/httpcomponents/core5/httpcore5-h2/5.2/httpcore5-h2-5.2.jar:/home/runner/.m2/repository/org/xmlunit/xmlunit-core/2.9.1/xmlunit-core-2.9.1.jar:/home/runner/.m2/repository/jakarta/xml/bind/jakarta.xml.bind-api/4.0.2/jakarta.xml.bind-api-4.0.2.jar:/home/runner/.m2/repository/org/xmlunit/xmlunit-legacy/2.9.1/xmlunit-legacy-2.9.1.jar:/home/runner/.m2/repository/org/xmlunit/xmlunit-placeholders/2.9.1/xmlunit-placeholders-2.9.1.jar:/home/runner/.m2/repository/net/javacrumbs/json-unit/json-unit-core/2.38.0/json-unit-core-2.38.0.jar:/home/runner/.m2/repository/org/hamcrest/hamcrest-core/2.2/hamcrest-core-2.2.jar:/home/runner/.m2/repository/com/jayway/jsonpath/json-path/2.8.0/json-path-2.8.0.jar:/home/runner/.m2/repository/net/minidev/json-smart/2.4.10/json-smart-2.4.10.jar:/home/runner/.m2/repository/net/minidev/accessors-smart/2.4.9/accessors-smart-2.4.9.jar:/home/runner/.m2/repository/org/ow2/asm/asm/9.7.1/asm-9.7.1.jar:/home/runner/.m2/repository/net/sf/jopt-simple/jopt-simple/5.0.4/jopt-simple-5.0.4.jar:/home/runner/.m2/repository/com/github/jknack/handlebars/4.3.1/handlebars-4.3.1.jar:/home/runner/.m2/repository/com/github/jknack/handlebars-helpers/4.3.1/handlebars-helpers-4.3.1.jar:/home/runner/.m2/repository/commons-fileupload/commons-fileupload/1.5/commons-fileupload-1.5.jar:/home/runner/.m2/repository/com/networknt/json-schema-validator/1.5.8/json-schema-validator-1.5.8.jar:/home/runner/.m2/repository/com/ethlo/time/itu/1.10.3/itu-1.10.3.jar:/home/runner/.m2/repository/io/quarkus/quarkus-smallrye-jwt-build/3.20.2/quarkus-smallrye-jwt-build-3.20.2.jar:/home/runner/.m2/repository/io/smallrye/smallrye-jwt-build/4.6.2/smallrye-jwt-build-4.6.2.jar:/home/runner/.m2/repository/org/eclipse/microprofile/jwt/microprofile-jwt-auth-api/2.1/microprofile-jwt-auth-api-2.1.jar:/home/runner/.m2/repository/org/bitbucket/b_c/jose4j/0.9.6/jose4j-0.9.6.jar:/home/runner/.m2/repository/io/smallrye/smallrye-jwt-common/4.6.2/smallrye-jwt-common-4.6.2.jar:/home/runner/.m2/repository/io/quarkus/quarkus-jsonp/3.20.2/quarkus-jsonp-3.20.2.jar:/home/runner/.m2/repository/io/quarkus/quarkus-arc/3.20.2/quarkus-arc-3.20.2.jar:/home/runner/.m2/repository/io/quarkus/arc/arc/3.20.2/arc-3.20.2.jar:/home/runner/.m2/repository/jakarta/transaction/jakarta.transaction-api/2.0.1/jakarta.transaction-api-2.0.1.jar:/home/runner/.m2/repository/io/smallrye/reactive/mutiny/2.9.2/mutiny-2.9.2.jar:/home/runner/.m2/repository/org/jctools/jctools-core/4.0.5/jctools-core-4.0.5.jar:/home/runner/.m2/repository/org/eclipse/microprofile/context-propagation/microprofile-context-propagation-api/1.3/microprofile-context-propagation-api-1.3.jar:/home/runner/.m2/repository/io/apicurio/apicurio-common-rest-client-common/0.1.18.Final/apicurio-common-rest-client-common-0.1.18.Final.jar:/home/runner/work/apicurio-testing/apicurio-testing/clusters/ci419/namespaces/pg17/tests/integration/apicurio-registry/utils/maven-plugin/target/apicurio-registry-maven-plugin-3.0.12-SNAPSHOT.jar:/home/runner/.m2/repository/com/fasterxml/jackson/core/jackson-databind/2.18.2/jackson-databind-2.18.2.jar:/home/runner/.m2/repository/org/apache/avro/avro/1.12.0/avro-1.12.0.jar:/home/runner/.m2/repository/com/google/protobuf/protobuf-java/4.31.1/protobuf-java-4.31.1.jar:/home/runner/.m2/repository/com/google/protobuf/protobuf-java-util/4.31.1/protobuf-java-util-4.31.1.jar:/home/runner/.m2/repository/com/google/code/findbugs/jsr305/3.0.2/jsr305-3.0.2.jar:/home/runner/.m2/repository/com/google/code/gson/gson/2.12.1/gson-2.12.1.jar:/home/runner/.m2/repository/com/google/errorprone/error_prone_annotations/2.36.0/error_prone_annotations-2.36.0.jar:/home/runner/.m2/repository/com/google/j2objc/j2objc-annotations/2.8/j2objc-annotations-2.8.jar:/home/runner/work/apicurio-testing/apicurio-testing/clusters/ci419/namespaces/pg17/tests/integration/apicurio-registry/schema-util/util-provider/target/apicurio-registry-schema-util-provider-3.0.12-SNAPSHOT.jar:/home/runner/work/apicurio-testing/apicurio-testing/clusters/ci419/namespaces/pg17/tests/integration/apicurio-registry/schema-util/common/target/apicurio-registry-schema-util-common-3.0.12-SNAPSHOT.jar:/home/runner/.m2/repository/com/fasterxml/jackson/module/jackson-module-parameter-names/2.18.2/jackson-module-parameter-names-2.18.2.jar:/home/runner/.m2/repository/com/fasterxml/jackson/datatype/jackson-datatype-json-org/2.18.2/jackson-datatype-json-org-2.18.2.jar:/home/runner/work/apicurio-testing/apicurio-testing/clusters/ci419/namespaces/pg17/tests/integration/apicurio-registry/schema-util/json/target/apicurio-registry-schema-util-json-3.0.12-SNAPSHOT.jar:/home/runner/.m2/repository/com/github/erosb/everit-json-schema/1.14.5/everit-json-schema-1.14.5.jar:/home/runner/.m2/repository/commons-validator/commons-validator/1.9.0/commons-validator-1.9.0.jar:/home/runner/.m2/repository/commons-digester/commons-digester/2.1/commons-digester-2.1.jar:/home/runner/.m2/repository/commons-collections/commons-collections/3.2.2/commons-collections-3.2.2.jar:/home/runner/.m2/repository/com/damnhandy/handy-uri-templates/2.1.8/handy-uri-templates-2.1.8.jar:/home/runner/.m2/repository/joda-time/joda-time/2.10.2/joda-time-2.10.2.jar:/home/runner/.m2/repository/com/github/erosb/json-sKema/0.20.0/json-sKema-0.20.0.jar:/home/runner/.m2/repository/io/vertx/vertx-json-schema/4.5.16/vertx-json-schema-4.5.16.jar:/home/runner/work/apicurio-testing/apicurio-testing/clusters/ci419/namespaces/pg17/tests/integration/apicurio-registry/schema-util/protobuf/target/apicurio-registry-schema-util-protobuf-3.0.12-SNAPSHOT.jar:/home/runner/work/apicurio-testing/apicurio-testing/clusters/ci419/namespaces/pg17/tests/integration/apicurio-registry/utils/protobuf-schema-utilities/target/apicurio-registry-protobuf-schema-utilities-3.0.12-SNAPSHOT.jar:/home/runner/.m2/repository/com/google/api/grpc/proto-google-common-protos/2.52.0/proto-google-common-protos-2.52.0.jar:/home/runner/.m2/repository/com/squareup/wire/wire-schema-jvm/5.3.3/wire-schema-jvm-5.3.3.jar:/home/runner/.m2/repository/com/palantir/javapoet/javapoet/0.6.0/javapoet-0.6.0.jar:/home/runner/.m2/repository/com/squareup/kotlinpoet-jvm/2.0.0/kotlinpoet-jvm-2.0.0.jar:/home/runner/.m2/repository/org/jetbrains/kotlin/kotlin-reflect/2.0.21/kotlin-reflect-2.0.21.jar:/home/runner/.m2/repository/com/squareup/wire/wire-runtime-jvm/5.3.3/wire-runtime-jvm-5.3.3.jar:/home/runner/.m2/repository/com/ibm/icu/icu4j/76.1/icu4j-76.1.jar:/home/runner/.m2/repository/com/squareup/okio/okio-fakefilesystem/3.10.2/okio-fakefilesystem-3.10.2.jar:/home/runner/.m2/repository/com/squareup/okio/okio-fakefilesystem-jvm/3.10.2/okio-fakefilesystem-jvm-3.10.2.jar:/home/runner/.m2/repository/org/jetbrains/kotlinx/kotlinx-datetime-jvm/0.6.1/kotlinx-datetime-jvm-0.6.1.jar:/home/runner/work/apicurio-testing/apicurio-testing/clusters/ci419/namespaces/pg17/tests/integration/apicurio-registry/schema-util/asyncapi/target/apicurio-registry-schema-util-asyncapi-3.0.12-SNAPSHOT.jar:/home/runner/work/apicurio-testing/apicurio-testing/clusters/ci419/namespaces/pg17/tests/integration/apicurio-registry/schema-util/avro/target/apicurio-registry-schema-util-avro-3.0.12-SNAPSHOT.jar:/home/runner/work/apicurio-testing/apicurio-testing/clusters/ci419/namespaces/pg17/tests/integration/apicurio-registry/schema-util/graphql/target/apicurio-registry-schema-util-graphql-3.0.12-SNAPSHOT.jar:/home/runner/.m2/repository/com/graphql-java/graphql-java/22.4/graphql-java-22.4.jar:/home/runner/.m2/repository/com/graphql-java/java-dataloader/3.3.0/java-dataloader-3.3.0.jar:/home/runner/work/apicurio-testing/apicurio-testing/clusters/ci419/namespaces/pg17/tests/integration/apicurio-registry/schema-util/kconnect/target/apicurio-registry-schema-util-kconnect-3.0.12-SNAPSHOT.jar:/home/runner/work/apicurio-testing/apicurio-testing/clusters/ci419/namespaces/pg17/tests/integration/apicurio-registry/schema-util/openapi/target/apicurio-registry-schema-util-openapi-3.0.12-SNAPSHOT.jar:/home/runner/.m2/repository/io/apicurio/apicurio-data-models/2.2.2/apicurio-data-models-2.2.2.jar:/home/runner/.m2/repository/org/openapitools/openapidiff/openapi-diff-core/2.1.2/openapi-diff-core-2.1.2.jar:/home/runner/.m2/repository/io/swagger/parser/v3/swagger-parser/2.1.28/swagger-parser-2.1.28.jar:/home/runner/.m2/repository/io/swagger/parser/v3/swagger-parser-v2-converter/2.1.28/swagger-parser-v2-converter-2.1.28.jar:/home/runner/.m2/repository/io/swagger/swagger-core/1.6.16/swagger-core-1.6.16.jar:/home/runner/.m2/repository/io/swagger/swagger-models/1.6.16/swagger-models-1.6.16.jar:/home/runner/.m2/repository/io/swagger/swagger-annotations/1.6.16/swagger-annotations-1.6.16.jar:/home/runner/.m2/repository/io/swagger/swagger-parser/1.0.75/swagger-parser-1.0.75.jar:/home/runner/.m2/repository/io/swagger/swagger-parser-safe-url-resolver/1.0.75/swagger-parser-safe-url-resolver-1.0.75.jar:/home/runner/.m2/repository/io/swagger/swagger-compat-spec-parser/1.0.75/swagger-compat-spec-parser-1.0.75.jar:/home/runner/.m2/repository/com/github/java-json-tools/json-schema-validator/2.2.14/json-schema-validator-2.2.14.jar:/home/runner/.m2/repository/com/github/java-json-tools/jackson-coreutils-equivalence/1.0/jackson-coreutils-equivalence-1.0.jar:/home/runner/.m2/repository/com/github/java-json-tools/json-schema-core/1.2.14/json-schema-core-1.2.14.jar:/home/runner/.m2/repository/com/github/java-json-tools/uri-template/0.10/uri-template-0.10.jar:/home/runner/.m2/repository/com/googlecode/libphonenumber/libphonenumber/8.11.1/libphonenumber-8.11.1.jar:/home/runner/.m2/repository/com/j2html/j2html/1.6.0/j2html-1.6.0.jar:/home/runner/.m2/repository/org/apache/commons/commons-collections4/4.5.0/commons-collections4-4.5.0.jar:/home/runner/.m2/repository/org/slf4j/jcl-over-slf4j/2.0.17/jcl-over-slf4j-2.0.17.jar:/home/runner/.m2/repository/io/swagger/parser/v3/swagger-parser-v3/2.1.31/swagger-parser-v3-2.1.31.jar:/home/runner/.m2/repository/io/swagger/core/v3/swagger-models/2.2.34/swagger-models-2.2.34.jar:/home/runner/.m2/repository/io/swagger/core/v3/swagger-core/2.2.34/swagger-core-2.2.34.jar:/home/runner/.m2/repository/io/swagger/parser/v3/swagger-parser-core/2.1.31/swagger-parser-core-2.1.31.jar:/home/runner/.m2/repository/io/swagger/parser/v3/swagger-parser-safe-url-resolver/2.1.31/swagger-parser-safe-url-resolver-2.1.31.jar:/home/runner/work/apicurio-testing/apicurio-testing/clusters/ci419/namespaces/pg17/tests/integration/apicurio-registry/schema-util/wsdl/target/apicurio-registry-schema-util-wsdl-3.0.12-SNAPSHOT.jar:/home/runner/.m2/repository/wsdl4j/wsdl4j/1.6.3/wsdl4j-1.6.3.jar:/home/runner/work/apicurio-testing/apicurio-testing/clusters/ci419/namespaces/pg17/tests/integration/apicurio-registry/schema-util/xml/target/apicurio-registry-schema-util-xml-3.0.12-SNAPSHOT.jar:/home/runner/.m2/repository/org/apache/santuario/xmlsec/4.0.4/xmlsec-4.0.4.jar:/home/runner/.m2/repository/com/fasterxml/woodstox/woodstox-core/7.1.1/woodstox-core-7.1.1.jar:/home/runner/.m2/repository/org/codehaus/woodstox/stax2-api/4.2.2/stax2-api-4.2.2.jar:/home/runner/work/apicurio-testing/apicurio-testing/clusters/ci419/namespaces/pg17/tests/integration/apicurio-registry/schema-util/xsd/target/apicurio-registry-schema-util-xsd-3.0.12-SNAPSHOT.jar:/home/runner/work/apicurio-testing/apicurio-testing/clusters/ci419/namespaces/pg17/tests/integration/apicurio-registry/serdes/kafka/jsonschema-serde/target/apicurio-registry-jsonschema-serde-kafka-3.0.12-SNAPSHOT.jar:/home/runner/work/apicurio-testing/apicurio-testing/clusters/ci419/namespaces/pg17/tests/integration/apicurio-registry/serdes/kafka/serde-kafka-common/target/apicurio-registry-serde-kafka-common-3.0.12-SNAPSHOT.jar:/home/runner/work/apicurio-testing/apicurio-testing/clusters/ci419/namespaces/pg17/tests/integration/apicurio-registry/serdes/generic/serde-common/target/apicurio-registry-serde-common-3.0.12-SNAPSHOT.jar:/home/runner/work/apicurio-testing/apicurio-testing/clusters/ci419/namespaces/pg17/tests/integration/apicurio-registry/serdes/generic/serde-common-jsonschema/target/apicurio-registry-serde-common-jsonschema-3.0.12-SNAPSHOT.jar:/home/runner/.m2/repository/org/json/json/20250107/json-20250107.jar:/home/runner/work/apicurio-testing/apicurio-testing/clusters/ci419/namespaces/pg17/tests/integration/apicurio-registry/serdes/kafka/avro-serde/target/apicurio-registry-avro-serde-kafka-3.0.12-SNAPSHOT.jar:/home/runner/work/apicurio-testing/apicurio-testing/clusters/ci419/namespaces/pg17/tests/integration/apicurio-registry/serdes/generic/serde-common-avro/target/apicurio-registry-serde-common-avro-3.0.12-SNAPSHOT.jar:/home/runner/work/apicurio-testing/apicurio-testing/clusters/ci419/namespaces/pg17/tests/integration/apicurio-registry/serdes/kafka/protobuf-serde/target/apicurio-registry-protobuf-serde-kafka-3.0.12-SNAPSHOT.jar:/home/runner/work/apicurio-testing/apicurio-testing/clusters/ci419/namespaces/pg17/tests/integration/apicurio-registry/serdes/generic/serde-common-protobuf/target/apicurio-registry-serde-common-protobuf-3.0.12-SNAPSHOT.jar:/home/runner/.m2/repository/com/squareup/wire/wire-schema/5.3.3/wire-schema-5.3.3.jar:/home/runner/.m2/repository/com/squareup/wire/wire-runtime/5.3.3/wire-runtime-5.3.3.jar:/home/runner/work/apicurio-testing/apicurio-testing/clusters/ci419/namespaces/pg17/tests/integration/apicurio-registry/serdes/pulsar/avro-serde/target/apicurio-registry-avro-serde-pulsar-3.0.12-SNAPSHOT.jar:/home/runner/.m2/repository/org/apache/pulsar/pulsar-functions-api/3.3.8/pulsar-functions-api-3.3.8.jar:/home/runner/work/apicurio-testing/apicurio-testing/clusters/ci419/namespaces/pg17/tests/integration/apicurio-registry/serdes/nats/avro-serde/target/apicurio-registry-avro-serde-nats-3.0.12-SNAPSHOT.jar:/home/runner/.m2/repository/io/nats/jnats/2.21.4/jnats-2.21.4.jar:/home/runner/.m2/repository/org/bouncycastle/bcprov-lts8on/2.73.7/bcprov-lts8on-2.73.7.jar:/home/runner/.m2/repository/org/jetbrains/annotations/26.0.2/annotations-26.0.2.jar:/home/runner/work/apicurio-testing/apicurio-testing/clusters/ci419/namespaces/pg17/tests/integration/apicurio-registry/utils/converter/target/apicurio-registry-utils-converter-3.0.12-SNAPSHOT.jar:/home/runner/work/apicurio-testing/apicurio-testing/clusters/ci419/namespaces/pg17/tests/integration/apicurio-registry/schema-resolver/target/apicurio-registry-schema-resolver-3.0.12-SNAPSHOT.jar:/home/runner/.m2/repository/org/apache/kafka/connect-api/3.9.1/connect-api-3.9.1.jar:/home/runner/.m2/repository/javax/ws/rs/javax.ws.rs-api/2.1.1/javax.ws.rs-api-2.1.1.jar:/home/runner/.m2/repository/org/apache/kafka/connect-json/3.9.1/connect-json-3.9.1.jar:/home/runner/.m2/repository/com/fasterxml/jackson/datatype/jackson-datatype-jdk8/2.18.2/jackson-datatype-jdk8-2.18.2.jar:/home/runner/.m2/repository/com/fasterxml/jackson/module/jackson-module-afterburner/2.18.2/jackson-module-afterburner-2.18.2.jar:/home/runner/work/apicurio-testing/apicurio-testing/clusters/ci419/namespaces/pg17/tests/integration/apicurio-registry/utils/kafka/target/apicurio-registry-utils-kafka-3.0.12-SNAPSHOT.jar:/home/runner/.m2/repository/org/apache/pulsar/pulsar-client/3.3.8/pulsar-client-3.3.8.jar:/home/runner/.m2/repository/org/apache/pulsar/pulsar-client-api/3.3.8/pulsar-client-api-3.3.8.jar:/home/runner/.m2/repository/org/apache/pulsar/pulsar-client-admin-api/3.3.8/pulsar-client-admin-api-3.3.8.jar:/home/runner/.m2/repository/org/apache/pulsar/bouncy-castle-bc/3.3.8/bouncy-castle-bc-3.3.8-pkg.jar:/home/runner/.m2/repository/org/bouncycastle/bcpkix-jdk18on/1.81/bcpkix-jdk18on-1.81.jar:/home/runner/.m2/repository/org/bouncycastle/bcutil-jdk18on/1.81/bcutil-jdk18on-1.81.jar:/home/runner/.m2/repository/org/bouncycastle/bcprov-jdk18on/1.81/bcprov-jdk18on-1.81.jar:/home/runner/.m2/repository/io/opentelemetry/opentelemetry-api/1.44.1/opentelemetry-api-1.44.1.jar:/home/runner/.m2/repository/io/opentelemetry/opentelemetry-context/1.44.1/opentelemetry-context-1.44.1.jar:/home/runner/.m2/repository/io/opentelemetry/opentelemetry-api-incubator/1.44.1-alpha/opentelemetry-api-incubator-1.44.1-alpha.jar:/home/runner/.m2/repository/com/fasterxml/jackson/core/jackson-annotations/2.18.2/jackson-annotations-2.18.2.jar:/home/runner/.m2/repository/javax/validation/validation-api/1.1.0.Final/validation-api-1.1.0.Final.jar:/home/runner/.m2/repository/org/jspecify/jspecify/1.0.0/jspecify-1.0.0.jar:/home/runner/.m2/repository/org/apache/commons/commons-configuration2/2.12.0/commons-configuration2-2.12.0.jar:/home/runner/.m2/repository/commons-logging/commons-logging/1.3.5/commons-logging-1.3.5.jar:/home/runner/.m2/repository/org/apache/commons/commons-text/1.13.0/commons-text-1.13.0.jar:/home/runner/.m2/repository/io/confluent/kafka-avro-serializer/8.0.0/kafka-avro-serializer-8.0.0.jar:/home/runner/.m2/repository/org/apache/commons/commons-compress/1.27.1/commons-compress-1.27.1.jar:/home/runner/.m2/repository/io/confluent/kafka-schema-serializer/8.0.0/kafka-schema-serializer-8.0.0.jar:/home/runner/.m2/repository/com/fasterxml/jackson/dataformat/jackson-dataformat-csv/2.18.2/jackson-dataformat-csv-2.18.2.jar:/home/runner/.m2/repository/io/confluent/kafka-schema-registry-client/8.0.0/kafka-schema-registry-client-8.0.0.jar:/home/runner/.m2/repository/org/yaml/snakeyaml/2.3/snakeyaml-2.3.jar:/home/runner/.m2/repository/io/swagger/core/v3/swagger-annotations/2.2.29/swagger-annotations-2.2.29.jar:/home/runner/.m2/repository/com/google/guava/guava/33.4.0-jre/guava-33.4.0-jre.jar:/home/runner/.m2/repository/com/google/guava/failureaccess/1.0.1/failureaccess-1.0.1.jar:/home/runner/.m2/repository/org/checkerframework/checker-qual/3.49.0/checker-qual-3.49.0.jar:/home/runner/.m2/repository/io/confluent/logredactor/1.0.13/logredactor-1.0.13.jar:/home/runner/.m2/repository/com/google/re2j/re2j/1.6/re2j-1.6.jar:/home/runner/.m2/repository/io/confluent/logredactor-metrics/1.0.13/logredactor-metrics-1.0.13.jar:/home/runner/.m2/repository/com/eclipsesource/minimal-json/minimal-json/0.9.5/minimal-json-0.9.5.jar:/home/runner/.m2/repository/io/confluent/common-utils/8.0.0/common-utils-8.0.0.jar:/home/runner/.m2/repository/io/confluent/kafka-connect-avro-converter/8.0.0/kafka-connect-avro-converter-8.0.0.jar:/home/runner/.m2/repository/io/confluent/kafka-connect-avro-data/8.0.0/kafka-connect-avro-data-8.0.0.jar:/home/runner/.m2/repository/io/confluent/kafka-schema-converter/8.0.0/kafka-schema-converter-8.0.0.jar:/home/runner/.m2/repository/io/rest-assured/rest-assured/5.5.1/rest-assured-5.5.1.jar:/home/runner/.m2/repository/org/apache/groovy/groovy/4.0.22/groovy-4.0.22.jar:/home/runner/.m2/repository/org/apache/groovy/groovy-xml/4.0.22/groovy-xml-4.0.22.jar:/home/runner/.m2/repository/org/apache/httpcomponents/httpclient/4.5.14/httpclient-4.5.14.jar:/home/runner/.m2/repository/org/apache/httpcomponents/httpcore/4.4.16/httpcore-4.4.16.jar:/home/runner/.m2/repository/org/apache/httpcomponents/httpmime/4.5.14/httpmime-4.5.14.jar:/home/runner/.m2/repository/org/hamcrest/hamcrest/2.2/hamcrest-2.2.jar:/home/runner/.m2/repository/org/ccil/cowan/tagsoup/tagsoup/1.2.1/tagsoup-1.2.1.jar:/home/runner/.m2/repository/io/rest-assured/json-path/5.5.1/json-path-5.5.1.jar:/home/runner/.m2/repository/org/apache/groovy/groovy-json/4.0.22/groovy-json-4.0.22.jar:/home/runner/.m2/repository/io/rest-assured/rest-assured-common/5.5.1/rest-assured-common-5.5.1.jar:/home/runner/.m2/repository/io/rest-assured/xml-path/5.5.1/xml-path-5.5.1.jar:/home/runner/.m2/repository/io/zonky/test/embedded-postgres/2.1.0/embedded-postgres-2.1.0.jar:/home/runner/.m2/repository/io/zonky/test/postgres/embedded-postgres-binaries-windows-amd64/14.15.0/embedded-postgres-binaries-windows-amd64-14.15.0.jar:/home/runner/.m2/repository/io/zonky/test/postgres/embedded-postgres-binaries-darwin-amd64/14.15.0/embedded-postgres-binaries-darwin-amd64-14.15.0.jar:/home/runner/.m2/repository/io/zonky/test/postgres/embedded-postgres-binaries-linux-amd64/14.15.0/embedded-postgres-binaries-linux-amd64-14.15.0.jar:/home/runner/.m2/repository/io/zonky/test/postgres/embedded-postgres-binaries-linux-amd64-alpine/14.15.0/embedded-postgres-binaries-linux-amd64-alpine-14.15.0.jar:/home/runner/.m2/repository/org/apache/commons/commons-lang3/3.17.0/commons-lang3-3.17.0.jar:/home/runner/.m2/repository/org/tukaani/xz/1.10/xz-1.10.jar:/home/runner/.m2/repository/commons-codec/commons-codec/1.19.0/commons-codec-1.19.0.jar:/home/runner/.m2/repository/org/postgresql/postgresql/42.7.7/postgresql-42.7.7.jar:/home/runner/.m2/repository/commons-io/commons-io/2.18.0/commons-io-2.18.0.jar:/home/runner/work/apicurio-testing/apicurio-testing/clusters/ci419/namespaces/pg17/tests/integration/apicurio-registry/utils/importexport/target/apicurio-registry-utils-import-export-3.0.12-SNAPSHOT.jar:/home/runner/.m2/repository/io/vertx/vertx-core/4.5.16/vertx-core-4.5.16.jar:/home/runner/.m2/repository/io/netty/netty-common/4.1.121.Final/netty-common-4.1.121.Final.jar:/home/runner/.m2/repository/io/netty/netty-buffer/4.1.121.Final/netty-buffer-4.1.121.Final.jar:/home/runner/.m2/repository/io/netty/netty-transport/4.1.121.Final/netty-transport-4.1.121.Final.jar:/home/runner/.m2/repository/io/netty/netty-handler/4.1.121.Final/netty-handler-4.1.121.Final.jar:/home/runner/.m2/repository/io/netty/netty-transport-native-unix-common/4.1.121.Final/netty-transport-native-unix-common-4.1.121.Final.jar:/home/runner/.m2/repository/io/netty/netty-codec/4.1.121.Final/netty-codec-4.1.121.Final.jar:/home/runner/.m2/repository/io/netty/netty-handler-proxy/4.1.121.Final/netty-handler-proxy-4.1.121.Final.jar:/home/runner/.m2/repository/io/netty/netty-codec-socks/4.1.121.Final/netty-codec-socks-4.1.121.Final.jar:/home/runner/.m2/repository/io/netty/netty-codec-http/4.1.121.Final/netty-codec-http-4.1.121.Final.jar:/home/runner/.m2/repository/io/netty/netty-codec-http2/4.1.121.Final/netty-codec-http2-4.1.121.Final.jar:/home/runner/.m2/repository/io/netty/netty-resolver/4.1.121.Final/netty-resolver-4.1.121.Final.jar:/home/runner/.m2/repository/io/netty/netty-resolver-dns/4.1.121.Final/netty-resolver-dns-4.1.121.Final.jar:/home/runner/.m2/repository/io/netty/netty-codec-dns/4.1.121.Final/netty-codec-dns-4.1.121.Final.jar:/home/runner/.m2/repository/com/fasterxml/jackson/core/jackson-core/2.18.2/jackson-core-2.18.2.jar:"/>
    <property name="sun.cpu.endian" value="little"/>
    <property name="user.home" value="/home/runner"/>
    <property name="user.language" value="en"/>
    <property name="jboss.log-version" value="false"/>
    <property name="java.specification.vendor" value="Oracle Corporation"/>
    <property name="java.version.date" value="2025-07-15"/>
    <property name="java.home" value="/usr/lib/jvm/temurin-17-jdk-amd64"/>
    <property name="file.separator" value="/"/>
    <property name="basedir" value="/home/runner/work/apicurio-testing/apicurio-testing/clusters/ci419/namespaces/pg17/tests/integration/apicurio-registry/integration-tests"/>
    <property name="java.vm.compressedOopsMode" value="32-bit"/>
    <property name="line.separator" value="&#10;"/>
    <property name="java.specification.name" value="Java Platform API Specification"/>
    <property name="java.vm.specification.vendor" value="Oracle Corporation"/>
    <property name="quarkus.http.test-host" value="registry-app-pg17.apps.ci419.apicurio-testing.org"/>
    <property name="surefire.real.class.path" value="/home/runner/work/apicurio-testing/apicurio-testing/clusters/ci419/namespaces/pg17/tests/integration/apicurio-registry/integration-tests/target/surefire/surefirebooter-20250806185152150_3.jar"/>
    <property name="sun.management.compiler" value="HotSpot 64-Bit Tiered Compilers"/>
    <property name="org.eclipse.jetty.http.HttpGenerator.STRICT" value="true"/>
    <property name="java.runtime.version" value="17.0.16+8"/>
    <property name="user.name" value="runner"/>
    <property name="path.separator" value=":"/>
    <property name="os.version" value="6.8.0-1031-azure"/>
    <property name="java.runtime.name" value="OpenJDK Runtime Environment"/>
    <property name="file.encoding" value="UTF-8"/>
    <property name="jnidispatch.path" value="/home/runner/.cache/JNA/temp/jna13701005988846705094.tmp"/>
    <property name="java.vm.name" value="OpenJDK 64-Bit Server VM"/>
    <property name="jna.platform.library.path" value="/usr/lib/x86_64-linux-gnu:/lib/x86_64-linux-gnu:/usr/lib64:/lib64:/usr/lib:/lib:/lib32:/usr/local/lib:/usr/lib/x86_64-linux-gnu/libfakeroot"/>
    <property name="java.vendor.version" value="Temurin-17.0.16+8"/>
    <property name="quarkus.oidc.token-path" value="https://keycloak-pg17.apps.ci419.apicurio-testing.org/realms/registry/protocol/openid-connect/token"/>
    <property name="quarkus.http.host" value="registry-app-pg17.apps.ci419.apicurio-testing.org"/>
    <property name="localRepository" value="/home/runner/.m2/repository"/>
    <property name="javax.xml.xpath.XPathFactory:http://java.sun.com/jaxp/xpath/dom" value="com.sun.org.apache.xpath.internal.jaxp.XPathFactoryImpl"/>
    <property name="jna.loaded" value="true"/>
    <property name="java.vendor.url.bug" value="https://github.com/adoptium/adoptium-support/issues"/>
    <property name="jetty.git.hash" value="5bc5e562c8d05c5862505aebe5cf83a61bdbcb96"/>
    <property name="java.io.tmpdir" value="/tmp"/>
    <property name="quarkus.http.test-protocol" value="http"/>
    <property name="java.version" value="17.0.16"/>
    <property name="user.dir" value="/home/runner/work/apicurio-testing/apicurio-testing/clusters/ci419/namespaces/pg17/tests/integration/apicurio-registry/integration-tests"/>
    <property name="os.arch" value="amd64"/>
    <property name="groups" value="( smoke | serdes | acceptance | ui)"/>
    <property name="java.vm.specification.name" value="Java Virtual Machine Specification"/>
    <property name="native.encoding" value="UTF-8"/>
    <property name="java.util.logging.manager" value="org.jboss.logmanager.LogManager"/>
    <property name="java.library.path" value="/usr/java/packages/lib:/usr/lib64:/lib64:/lib:/usr/lib"/>
    <property name="jdk.console" value="java.base"/>
    <property name="java.vm.info" value="mixed mode, sharing"/>
    <property name="java.vendor" value="Eclipse Adoptium"/>
    <property name="java.vm.version" value="17.0.16+8"/>
    <property name="java.specification.maintenance.version" value="1"/>
    <property name="sun.io.unicode.encoding" value="UnicodeLittle"/>
    <property name="javax.xml.transform.TransformerFactory" value="com.sun.org.apache.xalan.internal.xsltc.trax.TransformerFactoryImpl"/>
    <property name="java.class.version" value="61.0"/>
  </properties>
  <testcase name="testGlobalIdInHeaders" classname="io.apicurio.tests.serdes.apicurio.AvroSerdeIT" time="6.751">
    <system-out><![CDATA[**** Registry Base URL: http://registry-app-pg17.apps.ci419.apicurio-testing.org:80
**** Registry Base URL: http://registry-app-pg17.apps.ci419.apicurio-testing.org:80
2025-08-06 18:52:05,910 INFO  [io.api.tes.ser.api.AvroSerdeIT] (main) RestAssured configured with http://registry-app-pg17.apps.ci419.apicurio-testing.org:80/apis/registry/v3
2025-08-06 18:52:05,911 INFO  [io.api.tes.uti.KafkaFacade] (main) Starting kafka container
2025-08-06 18:52:05,943 INFO  [org.tes.ima.PullPolicy] (main) Image pull policy will be performed by: DefaultPullPolicy()
2025-08-06 18:52:05,945 INFO  [org.tes.uti.ImageNameSubstitutor] (main) Image name substitution will be performed by: DefaultImageNameSubstitutor (composite of 'ConfigurationFileImageNameSubstitutor' and 'PrefixingImageNameSubstitutor')
2025-08-06 18:52:05,955 INFO  [org.tes.DockerClientFactory] (main) Testcontainers version: 1.20.6
2025-08-06 18:52:06,479 INFO  [org.tes.doc.DockerClientProviderStrategy] (main) Found Docker environment with local Unix socket (unix:///var/run/docker.sock)
2025-08-06 18:52:06,488 INFO  [org.tes.DockerClientFactory] (main) Docker host IP address is localhost
2025-08-06 18:52:06,510 INFO  [org.tes.DockerClientFactory] (main) Connected to docker: 
  Server Version: 28.0.4
  API Version: 1.48
  Operating System: Ubuntu 22.04.5 LTS
  Total Memory: 7944 MB
2025-08-06 18:52:06,557 INFO  [tc.tes.11.0] (main) Pulling docker image: testcontainers/ryuk:0.11.0. Please be patient; this may take some time but only needs to be done once.
2025-08-06 18:52:07,617 INFO  [tc.tes.11.0] (docker-java-stream--1295187651) Starting to pull image
2025-08-06 18:52:07,651 INFO  [tc.tes.11.0] (docker-java-stream--1295187651) Pulling image layers:  0 pending,  0 downloaded,  0 extracted, (0 bytes/0 bytes)
2025-08-06 18:52:08,215 INFO  [tc.tes.11.0] (docker-java-stream--1295187651) Pulling image layers:  2 pending,  1 downloaded,  0 extracted, (806 KB/? MB)
2025-08-06 18:52:08,234 INFO  [tc.tes.11.0] (docker-java-stream--1295187651) Pulling image layers:  1 pending,  2 downloaded,  0 extracted, (806 KB/? MB)
2025-08-06 18:52:08,357 INFO  [tc.tes.11.0] (docker-java-stream--1295187651) Pulling image layers:  0 pending,  3 downloaded,  0 extracted, (10 MB/10 MB)
2025-08-06 18:52:08,365 INFO  [tc.tes.11.0] (docker-java-stream--1295187651) Pulling image layers:  0 pending,  3 downloaded,  1 extracted, (10 MB/10 MB)
2025-08-06 18:52:09,343 INFO  [tc.tes.11.0] (docker-java-stream--1295187651) Pulling image layers:  0 pending,  3 downloaded,  2 extracted, (10 MB/10 MB)
2025-08-06 18:52:09,387 INFO  [tc.tes.11.0] (docker-java-stream--1295187651) Pulling image layers:  0 pending,  3 downloaded,  3 extracted, (10 MB/10 MB)
2025-08-06 18:52:09,394 INFO  [tc.tes.11.0] (docker-java-stream--1295187651) Pull complete. 3 layers, pulled in 1s (downloaded 10 MB at 10 MB/s)
2025-08-06 18:52:09,395 INFO  [tc.tes.11.0] (main) Image testcontainers/ryuk:0.11.0 pull took PT2.837581491S
2025-08-06 18:52:09,413 INFO  [tc.tes.11.0] (main) Creating container for image: testcontainers/ryuk:0.11.0
2025-08-06 18:52:09,507 INFO  [tc.tes.11.0] (main) Container testcontainers/ryuk:0.11.0 is starting: 63791fd2c1a9d097e3be2bd1ce28dc3a116f8bbc7718b70cbc744475c021a22b
2025-08-06 18:52:09,862 INFO  [tc.tes.11.0] (main) Container testcontainers/ryuk:0.11.0 started in PT0.44924434S
2025-08-06 18:52:09,867 INFO  [org.tes.uti.RyukResourceReaper] (main) Ryuk started - will monitor and terminate Testcontainers containers on JVM exit
2025-08-06 18:52:09,868 INFO  [org.tes.DockerClientFactory] (main) Checking the system...
2025-08-06 18:52:09,868 INFO  [org.tes.DockerClientFactory] (main) ✔︎ Docker server version should be at least 1.6.0
2025-08-06 18:52:09,871 INFO  [io.str.tes.con.KafkaVersionService] (main) Latest release of Kafka is:LogicalKafkaVersionEntity{version='4.0.0', image='quay.io/strimzi-test-container/test-container:0.111.0-kafka-4.0.0'}
2025-08-06 18:52:09,871 INFO  [io.str.tes.con.KafkaVersionService] (main) Latest release of Kafka is:LogicalKafkaVersionEntity{version='4.0.0', image='quay.io/strimzi-test-container/test-container:0.111.0-kafka-4.0.0'}
2025-08-06 18:52:09,872 INFO  [io.str.tes.con.KafkaVersionService] (main) No Kafka version specified. Using latest release: 4.0.0
2025-08-06 18:52:09,878 INFO  [tc.qua.io/.111.0-k.0.0] (main) Pulling docker image: quay.io/strimzi-test-container/test-container:0.111.0-kafka-4.0.0. Please be patient; this may take some time but only needs to be done once.
2025-08-06 18:52:11,082 INFO  [tc.qua.io/.111.0-k.0.0] (docker-java-stream--29267298) Starting to pull image
2025-08-06 18:52:11,084 INFO  [tc.qua.io/.111.0-k.0.0] (docker-java-stream--29267298) Pulling image layers:  0 pending,  0 downloaded,  0 extracted, (0 bytes/0 bytes)
2025-08-06 18:52:11,770 INFO  [tc.qua.io/.111.0-k.0.0] (docker-java-stream--29267298) Pulling image layers:  6 pending,  1 downloaded,  0 extracted, (2 MB/? MB)
2025-08-06 18:52:12,105 INFO  [tc.qua.io/.111.0-k.0.0] (docker-java-stream--29267298) Pulling image layers:  5 pending,  2 downloaded,  0 extracted, (14 MB/? MB)
2025-08-06 18:52:13,042 INFO  [tc.qua.io/.111.0-k.0.0] (docker-java-stream--29267298) Pulling image layers:  4 pending,  3 downloaded,  0 extracted, (72 MB/? MB)
2025-08-06 18:52:13,778 INFO  [tc.qua.io/.111.0-k.0.0] (docker-java-stream--29267298) Pulling image layers:  3 pending,  4 downloaded,  0 extracted, (103 MB/? MB)
2025-08-06 18:52:14,124 INFO  [tc.qua.io/.111.0-k.0.0] (docker-java-stream--29267298) Pulling image layers:  2 pending,  5 downloaded,  0 extracted, (125 MB/? MB)
2025-08-06 18:52:14,154 INFO  [tc.qua.io/.111.0-k.0.0] (docker-java-stream--29267298) Pulling image layers:  2 pending,  5 downloaded,  1 extracted, (127 MB/? MB)
2025-08-06 18:52:15,106 INFO  [tc.qua.io/.111.0-k.0.0] (docker-java-stream--29267298) Pulling image layers:  1 pending,  6 downloaded,  1 extracted, (191 MB/? MB)
2025-08-06 18:52:17,486 INFO  [tc.qua.io/.111.0-k.0.0] (docker-java-stream--29267298) Pulling image layers:  1 pending,  6 downloaded,  2 extracted, (242 MB/? MB)
2025-08-06 18:52:17,622 INFO  [tc.qua.io/.111.0-k.0.0] (docker-java-stream--29267298) Pulling image layers:  0 pending,  7 downloaded,  2 extracted, (246 MB/249 MB)
2025-08-06 18:52:19,536 INFO  [tc.qua.io/.111.0-k.0.0] (docker-java-stream--29267298) Pulling image layers:  0 pending,  7 downloaded,  3 extracted, (246 MB/249 MB)
2025-08-06 18:52:19,555 INFO  [tc.qua.io/.111.0-k.0.0] (docker-java-stream--29267298) Pulling image layers:  0 pending,  7 downloaded,  4 extracted, (246 MB/249 MB)
2025-08-06 18:52:20,692 INFO  [tc.qua.io/.111.0-k.0.0] (docker-java-stream--29267298) Pulling image layers:  0 pending,  7 downloaded,  5 extracted, (249 MB/249 MB)
2025-08-06 18:52:20,726 INFO  [tc.qua.io/.111.0-k.0.0] (docker-java-stream--29267298) Pulling image layers:  0 pending,  7 downloaded,  6 extracted, (249 MB/249 MB)
2025-08-06 18:52:20,742 INFO  [tc.qua.io/.111.0-k.0.0] (docker-java-stream--29267298) Pulling image layers:  0 pending,  7 downloaded,  7 extracted, (249 MB/249 MB)
2025-08-06 18:52:20,748 INFO  [tc.qua.io/.111.0-k.0.0] (docker-java-stream--29267298) Pull complete. 7 layers, pulled in 9s (downloaded 249 MB at 27 MB/s)
2025-08-06 18:52:20,748 INFO  [tc.qua.io/.111.0-k.0.0] (main) Image quay.io/strimzi-test-container/test-container:0.111.0-kafka-4.0.0 pull took PT10.868977212S
2025-08-06 18:52:20,751 INFO  [tc.qua.io/.111.0-k.0.0] (main) Creating container for image: quay.io/strimzi-test-container/test-container:0.111.0-kafka-4.0.0
2025-08-06 18:52:20,838 INFO  [tc.qua.io/.111.0-k.0.0] (main) Container quay.io/strimzi-test-container/test-container:0.111.0-kafka-4.0.0 is starting: 45f0a2f4dd604ce57edb24c578058a00e691b3bfa6994d0b94e3b3e3a963d8bf
2025-08-06 18:52:21,015 INFO  [io.str.tes.con.StrimziKafkaContainer] (main) Mapped port: 32769
2025-08-06 18:52:21,015 WARN  [io.str.tes.con.StrimziKafkaContainer] (main) Node ID is not set. Using broker ID 0 as the default node ID.
2025-08-06 18:52:21,016 INFO  [io.str.tes.con.StrimziKafkaContainer] (main) This is all advertised listeners for Kafka PLAINTEXT://localhost:32769,BROKER1://172.18.0.2:9091,CONTROLLER://broker-0:9094
2025-08-06 18:52:21,041 INFO  [io.str.tes.con.StrimziKafkaContainer] (main) New `cluster.id` has been generated: igMICRUWSZmdRuxlP-JQ6A
2025-08-06 18:52:21,042 INFO  [io.str.tes.con.StrimziKafkaContainer] (main) Copying command to 'STARTER_SCRIPT' script.
2025-08-06 18:52:26,415 INFO  [tc.qua.io/.111.0-k.0.0] (main) Container quay.io/strimzi-test-container/test-container:0.111.0-kafka-4.0.0 started in PT5.664273077S
2025-08-06 18:52:26,417 INFO  [io.api.tes.uti.TestSeparator] (main) ############################################################################
2025-08-06 18:52:26,417 INFO  [io.api.tes.uti.TestSeparator] (main) io.apicurio.tests.serdes.apicurio.AvroSerdeIT.testGlobalIdInHeaders-STARTED
2025-08-06 18:52:26,443 INFO  [org.apa.kaf.cli.adm.AdminClientConfig] (main) AdminClientConfig values: 
	auto.include.jmx.reporter = true
	bootstrap.controllers = []
	bootstrap.servers = [PLAINTEXT://localhost:32769]
	client.dns.lookup = use_all_dns_ips
	client.id = 
	connections.max.idle.ms = 10000
	default.api.timeout.ms = 60000
	enable.metrics.push = true
	metadata.max.age.ms = 300000
	metadata.recovery.strategy = none
	metric.reporters = []
	metrics.num.samples = 2
	metrics.recording.level = INFO
	metrics.sample.window.ms = 30000
	receive.buffer.bytes = 65536
	reconnect.backoff.max.ms = 1000
	reconnect.backoff.ms = 50
	request.timeout.ms = 5000
	retries = 2147483647
	retry.backoff.max.ms = 1000
	retry.backoff.ms = 100
	sasl.client.callback.handler.class = null
	sasl.jaas.config = null
	sasl.kerberos.kinit.cmd = /usr/bin/kinit
	sasl.kerberos.min.time.before.relogin = 60000
	sasl.kerberos.service.name = null
	sasl.kerberos.ticket.renew.jitter = 0.05
	sasl.kerberos.ticket.renew.window.factor = 0.8
	sasl.login.callback.handler.class = null
	sasl.login.class = null
	sasl.login.connect.timeout.ms = null
	sasl.login.read.timeout.ms = null
	sasl.login.refresh.buffer.seconds = 300
	sasl.login.refresh.min.period.seconds = 60
	sasl.login.refresh.window.factor = 0.8
	sasl.login.refresh.window.jitter = 0.05
	sasl.login.retry.backoff.max.ms = 10000
	sasl.login.retry.backoff.ms = 100
	sasl.mechanism = GSSAPI
	sasl.oauthbearer.clock.skew.seconds = 30
	sasl.oauthbearer.expected.audience = null
	sasl.oauthbearer.expected.issuer = null
	sasl.oauthbearer.header.urlencode = false
	sasl.oauthbearer.jwks.endpoint.refresh.ms = 3600000
	sasl.oauthbearer.jwks.endpoint.retry.backoff.max.ms = 10000
	sasl.oauthbearer.jwks.endpoint.retry.backoff.ms = 100
	sasl.oauthbearer.jwks.endpoint.url = null
	sasl.oauthbearer.scope.claim.name = scope
	sasl.oauthbearer.sub.claim.name = sub
	sasl.oauthbearer.token.endpoint.url = null
	security.protocol = PLAINTEXT
	security.providers = null
	send.buffer.bytes = 131072
	socket.connection.setup.timeout.max.ms = 30000
	socket.connection.setup.timeout.ms = 10000
	ssl.cipher.suites = null
	ssl.enabled.protocols = [TLSv1.2, TLSv1.3]
	ssl.endpoint.identification.algorithm = https
	ssl.engine.factory.class = null
	ssl.key.password = null
	ssl.keymanager.algorithm = SunX509
	ssl.keystore.certificate.chain = null
	ssl.keystore.key = null
	ssl.keystore.location = null
	ssl.keystore.password = null
	ssl.keystore.type = JKS
	ssl.protocol = TLSv1.3
	ssl.provider = null
	ssl.secure.random.implementation = null
	ssl.trustmanager.algorithm = PKIX
	ssl.truststore.certificates = null
	ssl.truststore.location = null
	ssl.truststore.password = null
	ssl.truststore.type = JKS

2025-08-06 18:52:26,870 INFO  [org.apa.kaf.com.uti.AppInfoParser] (main) Kafka version: 3.9.1
2025-08-06 18:52:26,870 INFO  [org.apa.kaf.com.uti.AppInfoParser] (main) Kafka commitId: f745dfdcee2b9851
2025-08-06 18:52:26,871 INFO  [org.apa.kaf.com.uti.AppInfoParser] (main) Kafka startTimeMs: 1754506346868
**** Registry Base URL: http://registry-app-pg17.apps.ci419.apicurio-testing.org:80
2025-08-06 18:52:26,938 INFO  [org.apa.kaf.cli.pro.ProducerConfig] (main) ProducerConfig values: 
	acks = -1
	auto.include.jmx.reporter = true
	batch.size = 16384
	bootstrap.servers = [PLAINTEXT://localhost:32769]
	buffer.memory = 33554432
	client.dns.lookup = use_all_dns_ips
	client.id = Producer-topic-f1baf72a_e79f_497c_b653_d7d52203ae96
	compression.gzip.level = -1
	compression.lz4.level = 9
	compression.type = none
	compression.zstd.level = 3
	connections.max.idle.ms = 10000
	delivery.timeout.ms = 120000
	enable.idempotence = true
	enable.metrics.push = true
	interceptor.classes = []
	key.serializer = class org.apache.kafka.common.serialization.StringSerializer
	linger.ms = 0
	max.block.ms = 60000
	max.in.flight.requests.per.connection = 5
	max.request.size = 1048576
	metadata.max.age.ms = 300000
	metadata.max.idle.ms = 300000
	metadata.recovery.strategy = none
	metric.reporters = []
	metrics.num.samples = 2
	metrics.recording.level = INFO
	metrics.sample.window.ms = 30000
	partitioner.adaptive.partitioning.enable = true
	partitioner.availability.timeout.ms = 0
	partitioner.class = null
	partitioner.ignore.keys = false
	receive.buffer.bytes = 32768
	reconnect.backoff.max.ms = 1000
	reconnect.backoff.ms = 50
	request.timeout.ms = 5000
	retries = 2147483647
	retry.backoff.max.ms = 1000
	retry.backoff.ms = 100
	sasl.client.callback.handler.class = null
	sasl.jaas.config = null
	sasl.kerberos.kinit.cmd = /usr/bin/kinit
	sasl.kerberos.min.time.before.relogin = 60000
	sasl.kerberos.service.name = null
	sasl.kerberos.ticket.renew.jitter = 0.05
	sasl.kerberos.ticket.renew.window.factor = 0.8
	sasl.login.callback.handler.class = null
	sasl.login.class = null
	sasl.login.connect.timeout.ms = null
	sasl.login.read.timeout.ms = null
	sasl.login.refresh.buffer.seconds = 300
	sasl.login.refresh.min.period.seconds = 60
	sasl.login.refresh.window.factor = 0.8
	sasl.login.refresh.window.jitter = 0.05
	sasl.login.retry.backoff.max.ms = 10000
	sasl.login.retry.backoff.ms = 100
	sasl.mechanism = GSSAPI
	sasl.oauthbearer.clock.skew.seconds = 30
	sasl.oauthbearer.expected.audience = null
	sasl.oauthbearer.expected.issuer = null
	sasl.oauthbearer.header.urlencode = false
	sasl.oauthbearer.jwks.endpoint.refresh.ms = 3600000
	sasl.oauthbearer.jwks.endpoint.retry.backoff.max.ms = 10000
	sasl.oauthbearer.jwks.endpoint.retry.backoff.ms = 100
	sasl.oauthbearer.jwks.endpoint.url = null
	sasl.oauthbearer.scope.claim.name = scope
	sasl.oauthbearer.sub.claim.name = sub
	sasl.oauthbearer.token.endpoint.url = null
	security.protocol = PLAINTEXT
	security.providers = null
	send.buffer.bytes = 131072
	socket.connection.setup.timeout.max.ms = 30000
	socket.connection.setup.timeout.ms = 10000
	ssl.cipher.suites = null
	ssl.enabled.protocols = [TLSv1.2, TLSv1.3]
	ssl.endpoint.identification.algorithm = https
	ssl.engine.factory.class = null
	ssl.key.password = null
	ssl.keymanager.algorithm = SunX509
	ssl.keystore.certificate.chain = null
	ssl.keystore.key = null
	ssl.keystore.location = null
	ssl.keystore.password = null
	ssl.keystore.type = JKS
	ssl.protocol = TLSv1.3
	ssl.provider = null
	ssl.secure.random.implementation = null
	ssl.trustmanager.algorithm = PKIX
	ssl.truststore.certificates = null
	ssl.truststore.location = null
	ssl.truststore.password = null
	ssl.truststore.type = JKS
	transaction.timeout.ms = 60000
	transactional.id = null
	value.serializer = class io.apicurio.registry.serde.avro.AvroKafkaSerializer

2025-08-06 18:52:26,993 INFO  [org.apa.kaf.com.tel.int.KafkaMetricsCollector] (main) initializing Kafka metrics collector
2025-08-06 18:52:27,028 INFO  [org.apa.kaf.cli.pro.KafkaProducer] (main) [Producer clientId=Producer-topic-f1baf72a_e79f_497c_b653_d7d52203ae96] Instantiated an idempotent producer.
2025-08-06 18:52:27,080 INFO  [org.apa.kaf.cli.pro.ProducerConfig] (main) These configurations '[apicurio.registry.url, apicurio.registry.auto-register, apicurio.registry.use-id, apicurio.registry.artifact-resolver-strategy]' were supplied but are not used yet.
2025-08-06 18:52:27,081 INFO  [org.apa.kaf.com.uti.AppInfoParser] (main) Kafka version: 3.9.1
2025-08-06 18:52:27,081 INFO  [org.apa.kaf.com.uti.AppInfoParser] (main) Kafka commitId: f745dfdcee2b9851
2025-08-06 18:52:27,081 INFO  [org.apa.kaf.com.uti.AppInfoParser] (main) Kafka startTimeMs: 1754506347081
2025-08-06 18:52:27,082 INFO  [io.api.tes.ser.api.SimpleSerdesTesterBuilder$SimpleSerdesTester] (main) Using producer configuration: {apicurio.registry.url=http://registry-app-pg17.apps.ci419.apicurio-testing.org:80/apis/registry/v3, apicurio.registry.auto-register=true, apicurio.registry.use-id=globalId, apicurio.registry.artifact-resolver-strategy=io.apicurio.registry.serde.strategy.TopicIdStrategy, value.serializer=io.apicurio.registry.serde.avro.AvroKafkaSerializer, request.timeout.ms=5000, acks=all, bootstrap.servers=PLAINTEXT://localhost:32769, connections.max.idle.ms=10000, key.serializer=org.apache.kafka.common.serialization.StringSerializer, client.id=Producer-topic-f1baf72a_e79f_497c_b653_d7d52203ae96}
2025-08-06 18:52:27,082 INFO  [io.api.tes.ser.api.SimpleSerdesTesterBuilder$SimpleSerdesTester] (main) Using consumer configuration: {apicurio.registry.use-id=globalId}
2025-08-06 18:52:27,086 INFO  [io.api.tes.ser.api.KafkaSerdesTester] (Thread-600) Sending message {"key11754506346900": "value-0"} to topic topic-f1baf72a_e79f_497c_b653_d7d52203ae96
2025-08-06 18:52:27,413 WARN  [org.apa.kaf.cli.NetworkClient] (kafka-producer-network-thread | Producer-topic-f1baf72a_e79f_497c_b653_d7d52203ae96) [Producer clientId=Producer-topic-f1baf72a_e79f_497c_b653_d7d52203ae96] The metadata response from the cluster reported a recoverable issue with correlation id 1 : {topic-f1baf72a_e79f_497c_b653_d7d52203ae96=UNKNOWN_TOPIC_OR_PARTITION}
2025-08-06 18:52:27,421 INFO  [org.apa.kaf.cli.Metadata] (kafka-producer-network-thread | Producer-topic-f1baf72a_e79f_497c_b653_d7d52203ae96) [Producer clientId=Producer-topic-f1baf72a_e79f_497c_b653_d7d52203ae96] Cluster ID: igMICRUWSZmdRuxlP-JQ6A
2025-08-06 18:52:27,667 INFO  [org.apa.kaf.cli.pro.int.TransactionManager] (kafka-producer-network-thread | Producer-topic-f1baf72a_e79f_497c_b653_d7d52203ae96) [Producer clientId=Producer-topic-f1baf72a_e79f_497c_b653_d7d52203ae96] ProducerId set to 0 with epoch 0
2025-08-06 18:52:27,958 INFO  [io.api.tes.ser.api.KafkaSerdesTester] (Thread-600) Sending message {"key11754506346900": "value-1"} to topic topic-f1baf72a_e79f_497c_b653_d7d52203ae96
2025-08-06 18:52:27,970 INFO  [io.api.tes.ser.api.KafkaSerdesTester] (Thread-600) Sending message {"key11754506346900": "value-2"} to topic topic-f1baf72a_e79f_497c_b653_d7d52203ae96
2025-08-06 18:52:27,980 INFO  [io.api.tes.ser.api.KafkaSerdesTester] (Thread-600) Sending message {"key11754506346900": "value-3"} to topic topic-f1baf72a_e79f_497c_b653_d7d52203ae96
2025-08-06 18:52:27,989 INFO  [io.api.tes.ser.api.KafkaSerdesTester] (Thread-600) Sending message {"key11754506346900": "value-4"} to topic topic-f1baf72a_e79f_497c_b653_d7d52203ae96
2025-08-06 18:52:27,995 INFO  [io.api.tes.ser.api.KafkaSerdesTester] (Thread-600) Sending message {"key11754506346900": "value-5"} to topic topic-f1baf72a_e79f_497c_b653_d7d52203ae96
2025-08-06 18:52:28,000 INFO  [io.api.tes.ser.api.KafkaSerdesTester] (Thread-600) Sending message {"key11754506346900": "value-6"} to topic topic-f1baf72a_e79f_497c_b653_d7d52203ae96
2025-08-06 18:52:28,007 INFO  [io.api.tes.ser.api.KafkaSerdesTester] (Thread-600) Sending message {"key11754506346900": "value-7"} to topic topic-f1baf72a_e79f_497c_b653_d7d52203ae96
2025-08-06 18:52:28,014 INFO  [io.api.tes.ser.api.KafkaSerdesTester] (Thread-600) Sending message {"key11754506346900": "value-8"} to topic topic-f1baf72a_e79f_497c_b653_d7d52203ae96
2025-08-06 18:52:28,024 INFO  [io.api.tes.ser.api.KafkaSerdesTester] (Thread-600) Sending message {"key11754506346900": "value-9"} to topic topic-f1baf72a_e79f_497c_b653_d7d52203ae96
2025-08-06 18:52:28,030 INFO  [io.api.tes.ser.api.KafkaSerdesTester] (Thread-600) Produced 10 messages
2025-08-06 18:52:28,030 INFO  [org.apa.kaf.cli.pro.KafkaProducer] (Thread-600) [Producer clientId=Producer-topic-f1baf72a_e79f_497c_b653_d7d52203ae96] Closing the Kafka producer with timeoutMillis = 9223372036854775807 ms.
2025-08-06 18:52:28,052 INFO  [org.apa.kaf.com.met.Metrics] (Thread-600) Metrics scheduler closed
2025-08-06 18:52:28,052 INFO  [org.apa.kaf.com.met.Metrics] (Thread-600) Closing reporter org.apache.kafka.common.metrics.JmxReporter
2025-08-06 18:52:28,052 INFO  [org.apa.kaf.com.met.Metrics] (Thread-600) Closing reporter org.apache.kafka.common.telemetry.internals.ClientTelemetryReporter
2025-08-06 18:52:28,052 INFO  [org.apa.kaf.com.met.Metrics] (Thread-600) Metrics reporters closed
2025-08-06 18:52:28,056 INFO  [org.apa.kaf.com.uti.AppInfoParser] (Thread-600) App info kafka.producer for Producer-topic-f1baf72a_e79f_497c_b653_d7d52203ae96 unregistered
**** Registry Base URL: http://registry-app-pg17.apps.ci419.apicurio-testing.org:80
2025-08-06 18:52:28,308 INFO  [org.apa.kaf.cli.con.ConsumerConfig] (main) ConsumerConfig values: 
	allow.auto.create.topics = true
	auto.commit.interval.ms = 500
	auto.include.jmx.reporter = true
	auto.offset.reset = earliest
	bootstrap.servers = [PLAINTEXT://localhost:32769]
	check.crcs = true
	client.dns.lookup = use_all_dns_ips
	client.id = consumer-Consumer-topic-f1baf72a_e79f_497c_b653_d7d52203ae96-1
	client.rack = 
	connections.max.idle.ms = 10000
	default.api.timeout.ms = 60000
	enable.auto.commit = true
	enable.metrics.push = true
	exclude.internal.topics = true
	fetch.max.bytes = 52428800
	fetch.max.wait.ms = 500
	fetch.min.bytes = 1
	group.id = Consumer-topic-f1baf72a_e79f_497c_b653_d7d52203ae96
	group.instance.id = null
	group.protocol = classic
	group.remote.assignor = null
	heartbeat.interval.ms = 3000
	interceptor.classes = []
	internal.leave.group.on.close = true
	internal.throw.on.fetch.stable.offset.unsupported = false
	isolation.level = read_uncommitted
	key.deserializer = class org.apache.kafka.common.serialization.StringDeserializer
	max.partition.fetch.bytes = 1048576
	max.poll.interval.ms = 300000
	max.poll.records = 500
	metadata.max.age.ms = 300000
	metadata.recovery.strategy = none
	metric.reporters = []
	metrics.num.samples = 2
	metrics.recording.level = INFO
	metrics.sample.window.ms = 30000
	partition.assignment.strategy = [class org.apache.kafka.clients.consumer.RangeAssignor, class org.apache.kafka.clients.consumer.CooperativeStickyAssignor]
	receive.buffer.bytes = 65536
	reconnect.backoff.max.ms = 1000
	reconnect.backoff.ms = 50
	request.timeout.ms = 5000
	retry.backoff.max.ms = 1000
	retry.backoff.ms = 100
	sasl.client.callback.handler.class = null
	sasl.jaas.config = null
	sasl.kerberos.kinit.cmd = /usr/bin/kinit
	sasl.kerberos.min.time.before.relogin = 60000
	sasl.kerberos.service.name = null
	sasl.kerberos.ticket.renew.jitter = 0.05
	sasl.kerberos.ticket.renew.window.factor = 0.8
	sasl.login.callback.handler.class = null
	sasl.login.class = null
	sasl.login.connect.timeout.ms = null
	sasl.login.read.timeout.ms = null
	sasl.login.refresh.buffer.seconds = 300
	sasl.login.refresh.min.period.seconds = 60
	sasl.login.refresh.window.factor = 0.8
	sasl.login.refresh.window.jitter = 0.05
	sasl.login.retry.backoff.max.ms = 10000
	sasl.login.retry.backoff.ms = 100
	sasl.mechanism = GSSAPI
	sasl.oauthbearer.clock.skew.seconds = 30
	sasl.oauthbearer.expected.audience = null
	sasl.oauthbearer.expected.issuer = null
	sasl.oauthbearer.header.urlencode = false
	sasl.oauthbearer.jwks.endpoint.refresh.ms = 3600000
	sasl.oauthbearer.jwks.endpoint.retry.backoff.max.ms = 10000
	sasl.oauthbearer.jwks.endpoint.retry.backoff.ms = 100
	sasl.oauthbearer.jwks.endpoint.url = null
	sasl.oauthbearer.scope.claim.name = scope
	sasl.oauthbearer.sub.claim.name = sub
	sasl.oauthbearer.token.endpoint.url = null
	security.protocol = PLAINTEXT
	security.providers = null
	send.buffer.bytes = 131072
	session.timeout.ms = 45000
	socket.connection.setup.timeout.max.ms = 30000
	socket.connection.setup.timeout.ms = 10000
	ssl.cipher.suites = null
	ssl.enabled.protocols = [TLSv1.2, TLSv1.3]
	ssl.endpoint.identification.algorithm = https
	ssl.engine.factory.class = null
	ssl.key.password = null
	ssl.keymanager.algorithm = SunX509
	ssl.keystore.certificate.chain = null
	ssl.keystore.key = null
	ssl.keystore.location = null
	ssl.keystore.password = null
	ssl.keystore.type = JKS
	ssl.protocol = TLSv1.3
	ssl.provider = null
	ssl.secure.random.implementation = null
	ssl.trustmanager.algorithm = PKIX
	ssl.truststore.certificates = null
	ssl.truststore.location = null
	ssl.truststore.password = null
	ssl.truststore.type = JKS
	value.deserializer = class io.apicurio.registry.serde.avro.AvroKafkaDeserializer

2025-08-06 18:52:28,317 INFO  [org.apa.kaf.com.tel.int.KafkaMetricsCollector] (main) initializing Kafka metrics collector
2025-08-06 18:52:28,377 INFO  [org.apa.kaf.cli.con.ConsumerConfig] (main) These configurations '[apicurio.registry.url, apicurio.registry.use-id]' were supplied but are not used yet.
2025-08-06 18:52:28,377 INFO  [org.apa.kaf.com.uti.AppInfoParser] (main) Kafka version: 3.9.1
2025-08-06 18:52:28,377 INFO  [org.apa.kaf.com.uti.AppInfoParser] (main) Kafka commitId: f745dfdcee2b9851
2025-08-06 18:52:28,377 INFO  [org.apa.kaf.com.uti.AppInfoParser] (main) Kafka startTimeMs: 1754506348377
2025-08-06 18:52:28,379 INFO  [org.apa.kaf.cli.con.int.ClassicKafkaConsumer] (Thread-603) [Consumer clientId=consumer-Consumer-topic-f1baf72a_e79f_497c_b653_d7d52203ae96-1, groupId=Consumer-topic-f1baf72a_e79f_497c_b653_d7d52203ae96] Subscribed to topic(s): topic-f1baf72a_e79f_497c_b653_d7d52203ae96
2025-08-06 18:52:28,395 INFO  [org.apa.kaf.cli.Metadata] (Thread-603) [Consumer clientId=consumer-Consumer-topic-f1baf72a_e79f_497c_b653_d7d52203ae96-1, groupId=Consumer-topic-f1baf72a_e79f_497c_b653_d7d52203ae96] Cluster ID: igMICRUWSZmdRuxlP-JQ6A
2025-08-06 18:52:28,578 INFO  [org.apa.kaf.cli.con.int.ConsumerCoordinator] (Thread-603) [Consumer clientId=consumer-Consumer-topic-f1baf72a_e79f_497c_b653_d7d52203ae96-1, groupId=Consumer-topic-f1baf72a_e79f_497c_b653_d7d52203ae96] Discovered group coordinator localhost:32769 (id: 2147483647 rack: null)
2025-08-06 18:52:28,602 INFO  [org.apa.kaf.cli.con.int.ConsumerCoordinator] (Thread-603) [Consumer clientId=consumer-Consumer-topic-f1baf72a_e79f_497c_b653_d7d52203ae96-1, groupId=Consumer-topic-f1baf72a_e79f_497c_b653_d7d52203ae96] (Re-)joining group
2025-08-06 18:52:28,683 INFO  [org.apa.kaf.cli.con.int.ConsumerCoordinator] (Thread-603) [Consumer clientId=consumer-Consumer-topic-f1baf72a_e79f_497c_b653_d7d52203ae96-1, groupId=Consumer-topic-f1baf72a_e79f_497c_b653_d7d52203ae96] Group coordinator localhost:32769 (id: 2147483647 rack: null) is unavailable or invalid due to cause: error response NOT_COORDINATOR. isDisconnected: false. Rediscovery will be attempted.
2025-08-06 18:52:28,683 INFO  [org.apa.kaf.cli.con.int.ConsumerCoordinator] (Thread-603) [Consumer clientId=consumer-Consumer-topic-f1baf72a_e79f_497c_b653_d7d52203ae96-1, groupId=Consumer-topic-f1baf72a_e79f_497c_b653_d7d52203ae96] Requesting disconnect from last known coordinator localhost:32769 (id: 2147483647 rack: null)
2025-08-06 18:52:28,685 INFO  [org.apa.kaf.cli.con.int.ConsumerCoordinator] (Thread-603) [Consumer clientId=consumer-Consumer-topic-f1baf72a_e79f_497c_b653_d7d52203ae96-1, groupId=Consumer-topic-f1baf72a_e79f_497c_b653_d7d52203ae96] JoinGroup failed: This is not the correct coordinator. Marking coordinator unknown. Sent generation was Generation{generationId=-1, memberId='', protocol='null'}
2025-08-06 18:52:28,685 INFO  [org.apa.kaf.cli.NetworkClient] (Thread-603) [Consumer clientId=consumer-Consumer-topic-f1baf72a_e79f_497c_b653_d7d52203ae96-1, groupId=Consumer-topic-f1baf72a_e79f_497c_b653_d7d52203ae96] Client requested disconnect from node 2147483647
2025-08-06 18:52:28,696 INFO  [org.apa.kaf.cli.con.int.ConsumerCoordinator] (Thread-603) [Consumer clientId=consumer-Consumer-topic-f1baf72a_e79f_497c_b653_d7d52203ae96-1, groupId=Consumer-topic-f1baf72a_e79f_497c_b653_d7d52203ae96] Discovered group coordinator localhost:32769 (id: 2147483647 rack: null)
2025-08-06 18:52:28,696 INFO  [org.apa.kaf.cli.con.int.ConsumerCoordinator] (Thread-603) [Consumer clientId=consumer-Consumer-topic-f1baf72a_e79f_497c_b653_d7d52203ae96-1, groupId=Consumer-topic-f1baf72a_e79f_497c_b653_d7d52203ae96] Group coordinator localhost:32769 (id: 2147483647 rack: null) is unavailable or invalid due to cause: coordinator unavailable. isDisconnected: false. Rediscovery will be attempted.
2025-08-06 18:52:28,697 INFO  [org.apa.kaf.cli.con.int.ConsumerCoordinator] (Thread-603) [Consumer clientId=consumer-Consumer-topic-f1baf72a_e79f_497c_b653_d7d52203ae96-1, groupId=Consumer-topic-f1baf72a_e79f_497c_b653_d7d52203ae96] Requesting disconnect from last known coordinator localhost:32769 (id: 2147483647 rack: null)
2025-08-06 18:52:28,789 INFO  [org.apa.kaf.cli.con.int.ConsumerCoordinator] (Thread-603) [Consumer clientId=consumer-Consumer-topic-f1baf72a_e79f_497c_b653_d7d52203ae96-1, groupId=Consumer-topic-f1baf72a_e79f_497c_b653_d7d52203ae96] Discovered group coordinator localhost:32769 (id: 2147483647 rack: null)
2025-08-06 18:52:28,791 INFO  [org.apa.kaf.cli.con.int.ConsumerCoordinator] (Thread-603) [Consumer clientId=consumer-Consumer-topic-f1baf72a_e79f_497c_b653_d7d52203ae96-1, groupId=Consumer-topic-f1baf72a_e79f_497c_b653_d7d52203ae96] Request joining group due to: rebalance failed due to 'This is not the correct coordinator.' (NotCoordinatorException)
2025-08-06 18:52:28,792 INFO  [org.apa.kaf.cli.con.int.ConsumerCoordinator] (Thread-603) [Consumer clientId=consumer-Consumer-topic-f1baf72a_e79f_497c_b653_d7d52203ae96-1, groupId=Consumer-topic-f1baf72a_e79f_497c_b653_d7d52203ae96] (Re-)joining group
2025-08-06 18:52:28,799 INFO  [org.apa.kaf.cli.con.int.ConsumerCoordinator] (Thread-603) [Consumer clientId=consumer-Consumer-topic-f1baf72a_e79f_497c_b653_d7d52203ae96-1, groupId=Consumer-topic-f1baf72a_e79f_497c_b653_d7d52203ae96] Group coordinator localhost:32769 (id: 2147483647 rack: null) is unavailable or invalid due to cause: error response NOT_COORDINATOR. isDisconnected: false. Rediscovery will be attempted.
2025-08-06 18:52:28,799 INFO  [org.apa.kaf.cli.con.int.ConsumerCoordinator] (Thread-603) [Consumer clientId=consumer-Consumer-topic-f1baf72a_e79f_497c_b653_d7d52203ae96-1, groupId=Consumer-topic-f1baf72a_e79f_497c_b653_d7d52203ae96] Requesting disconnect from last known coordinator localhost:32769 (id: 2147483647 rack: null)
2025-08-06 18:52:28,799 INFO  [org.apa.kaf.cli.con.int.ConsumerCoordinator] (Thread-603) [Consumer clientId=consumer-Consumer-topic-f1baf72a_e79f_497c_b653_d7d52203ae96-1, groupId=Consumer-topic-f1baf72a_e79f_497c_b653_d7d52203ae96] JoinGroup failed: This is not the correct coordinator. Marking coordinator unknown. Sent generation was Generation{generationId=-1, memberId='', protocol='null'}
2025-08-06 18:52:28,799 INFO  [org.apa.kaf.cli.NetworkClient] (Thread-603) [Consumer clientId=consumer-Consumer-topic-f1baf72a_e79f_497c_b653_d7d52203ae96-1, groupId=Consumer-topic-f1baf72a_e79f_497c_b653_d7d52203ae96] Client requested disconnect from node 2147483647
2025-08-06 18:52:28,805 INFO  [org.apa.kaf.cli.con.int.ConsumerCoordinator] (Thread-603) [Consumer clientId=consumer-Consumer-topic-f1baf72a_e79f_497c_b653_d7d52203ae96-1, groupId=Consumer-topic-f1baf72a_e79f_497c_b653_d7d52203ae96] Discovered group coordinator localhost:32769 (id: 2147483647 rack: null)
2025-08-06 18:52:28,805 INFO  [org.apa.kaf.cli.con.int.ConsumerCoordinator] (Thread-603) [Consumer clientId=consumer-Consumer-topic-f1baf72a_e79f_497c_b653_d7d52203ae96-1, groupId=Consumer-topic-f1baf72a_e79f_497c_b653_d7d52203ae96] Group coordinator localhost:32769 (id: 2147483647 rack: null) is unavailable or invalid due to cause: coordinator unavailable. isDisconnected: false. Rediscovery will be attempted.
2025-08-06 18:52:28,805 INFO  [org.apa.kaf.cli.con.int.ConsumerCoordinator] (Thread-603) [Consumer clientId=consumer-Consumer-topic-f1baf72a_e79f_497c_b653_d7d52203ae96-1, groupId=Consumer-topic-f1baf72a_e79f_497c_b653_d7d52203ae96] Requesting disconnect from last known coordinator localhost:32769 (id: 2147483647 rack: null)
2025-08-06 18:52:28,903 INFO  [org.apa.kaf.cli.con.int.ConsumerCoordinator] (Thread-603) [Consumer clientId=consumer-Consumer-topic-f1baf72a_e79f_497c_b653_d7d52203ae96-1, groupId=Consumer-topic-f1baf72a_e79f_497c_b653_d7d52203ae96] Discovered group coordinator localhost:32769 (id: 2147483647 rack: null)
2025-08-06 18:52:28,904 INFO  [org.apa.kaf.cli.con.int.ConsumerCoordinator] (Thread-603) [Consumer clientId=consumer-Consumer-topic-f1baf72a_e79f_497c_b653_d7d52203ae96-1, groupId=Consumer-topic-f1baf72a_e79f_497c_b653_d7d52203ae96] Request joining group due to: rebalance failed due to 'This is not the correct coordinator.' (NotCoordinatorException)
2025-08-06 18:52:28,905 INFO  [org.apa.kaf.cli.con.int.ConsumerCoordinator] (Thread-603) [Consumer clientId=consumer-Consumer-topic-f1baf72a_e79f_497c_b653_d7d52203ae96-1, groupId=Consumer-topic-f1baf72a_e79f_497c_b653_d7d52203ae96] (Re-)joining group
2025-08-06 18:52:28,914 INFO  [org.apa.kaf.cli.con.int.ConsumerCoordinator] (Thread-603) [Consumer clientId=consumer-Consumer-topic-f1baf72a_e79f_497c_b653_d7d52203ae96-1, groupId=Consumer-topic-f1baf72a_e79f_497c_b653_d7d52203ae96] Group coordinator localhost:32769 (id: 2147483647 rack: null) is unavailable or invalid due to cause: error response NOT_COORDINATOR. isDisconnected: false. Rediscovery will be attempted.
2025-08-06 18:52:28,914 INFO  [org.apa.kaf.cli.con.int.ConsumerCoordinator] (Thread-603) [Consumer clientId=consumer-Consumer-topic-f1baf72a_e79f_497c_b653_d7d52203ae96-1, groupId=Consumer-topic-f1baf72a_e79f_497c_b653_d7d52203ae96] Requesting disconnect from last known coordinator localhost:32769 (id: 2147483647 rack: null)
2025-08-06 18:52:28,914 INFO  [org.apa.kaf.cli.con.int.ConsumerCoordinator] (Thread-603) [Consumer clientId=consumer-Consumer-topic-f1baf72a_e79f_497c_b653_d7d52203ae96-1, groupId=Consumer-topic-f1baf72a_e79f_497c_b653_d7d52203ae96] JoinGroup failed: This is not the correct coordinator. Marking coordinator unknown. Sent generation was Generation{generationId=-1, memberId='', protocol='null'}
2025-08-06 18:52:28,915 INFO  [org.apa.kaf.cli.NetworkClient] (Thread-603) [Consumer clientId=consumer-Consumer-topic-f1baf72a_e79f_497c_b653_d7d52203ae96-1, groupId=Consumer-topic-f1baf72a_e79f_497c_b653_d7d52203ae96] Client requested disconnect from node 2147483647
2025-08-06 18:52:28,920 INFO  [org.apa.kaf.cli.con.int.ConsumerCoordinator] (Thread-603) [Consumer clientId=consumer-Consumer-topic-f1baf72a_e79f_497c_b653_d7d52203ae96-1, groupId=Consumer-topic-f1baf72a_e79f_497c_b653_d7d52203ae96] Discovered group coordinator localhost:32769 (id: 2147483647 rack: null)
2025-08-06 18:52:28,921 INFO  [org.apa.kaf.cli.con.int.ConsumerCoordinator] (Thread-603) [Consumer clientId=consumer-Consumer-topic-f1baf72a_e79f_497c_b653_d7d52203ae96-1, groupId=Consumer-topic-f1baf72a_e79f_497c_b653_d7d52203ae96] Group coordinator localhost:32769 (id: 2147483647 rack: null) is unavailable or invalid due to cause: coordinator unavailable. isDisconnected: false. Rediscovery will be attempted.
2025-08-06 18:52:28,921 INFO  [org.apa.kaf.cli.con.int.ConsumerCoordinator] (Thread-603) [Consumer clientId=consumer-Consumer-topic-f1baf72a_e79f_497c_b653_d7d52203ae96-1, groupId=Consumer-topic-f1baf72a_e79f_497c_b653_d7d52203ae96] Requesting disconnect from last known coordinator localhost:32769 (id: 2147483647 rack: null)
2025-08-06 18:52:29,036 INFO  [org.apa.kaf.cli.con.int.ConsumerCoordinator] (Thread-603) [Consumer clientId=consumer-Consumer-topic-f1baf72a_e79f_497c_b653_d7d52203ae96-1, groupId=Consumer-topic-f1baf72a_e79f_497c_b653_d7d52203ae96] Discovered group coordinator localhost:32769 (id: 2147483647 rack: null)
2025-08-06 18:52:29,037 INFO  [org.apa.kaf.cli.con.int.ConsumerCoordinator] (Thread-603) [Consumer clientId=consumer-Consumer-topic-f1baf72a_e79f_497c_b653_d7d52203ae96-1, groupId=Consumer-topic-f1baf72a_e79f_497c_b653_d7d52203ae96] Request joining group due to: rebalance failed due to 'This is not the correct coordinator.' (NotCoordinatorException)
2025-08-06 18:52:29,039 INFO  [org.apa.kaf.cli.con.int.ConsumerCoordinator] (Thread-603) [Consumer clientId=consumer-Consumer-topic-f1baf72a_e79f_497c_b653_d7d52203ae96-1, groupId=Consumer-topic-f1baf72a_e79f_497c_b653_d7d52203ae96] (Re-)joining group
2025-08-06 18:52:29,083 INFO  [org.apa.kaf.cli.con.int.ConsumerCoordinator] (Thread-603) [Consumer clientId=consumer-Consumer-topic-f1baf72a_e79f_497c_b653_d7d52203ae96-1, groupId=Consumer-topic-f1baf72a_e79f_497c_b653_d7d52203ae96] JoinGroup failed: Coordinator localhost:32769 (id: 2147483647 rack: null) is loading the group.
2025-08-06 18:52:29,083 INFO  [org.apa.kaf.cli.con.int.ConsumerCoordinator] (Thread-603) [Consumer clientId=consumer-Consumer-topic-f1baf72a_e79f_497c_b653_d7d52203ae96-1, groupId=Consumer-topic-f1baf72a_e79f_497c_b653_d7d52203ae96] Request joining group due to: rebalance failed due to 'The coordinator is loading and hence can't process requests.' (CoordinatorLoadInProgressException)
2025-08-06 18:52:29,184 INFO  [org.apa.kaf.cli.con.int.ConsumerCoordinator] (Thread-603) [Consumer clientId=consumer-Consumer-topic-f1baf72a_e79f_497c_b653_d7d52203ae96-1, groupId=Consumer-topic-f1baf72a_e79f_497c_b653_d7d52203ae96] (Re-)joining group
2025-08-06 18:52:29,191 INFO  [org.apa.kaf.cli.con.int.ConsumerCoordinator] (Thread-603) [Consumer clientId=consumer-Consumer-topic-f1baf72a_e79f_497c_b653_d7d52203ae96-1, groupId=Consumer-topic-f1baf72a_e79f_497c_b653_d7d52203ae96] Request joining group due to: need to re-join with the given member-id: consumer-Consumer-topic-f1baf72a_e79f_497c_b653_d7d52203ae96-1-d8e2aae1-85d9-43bb-9961-81e77619c6de
2025-08-06 18:52:29,191 INFO  [org.apa.kaf.cli.con.int.ConsumerCoordinator] (Thread-603) [Consumer clientId=consumer-Consumer-topic-f1baf72a_e79f_497c_b653_d7d52203ae96-1, groupId=Consumer-topic-f1baf72a_e79f_497c_b653_d7d52203ae96] (Re-)joining group
2025-08-06 18:52:29,380 INFO  [io.api.tes.ser.api.KafkaSerdesTester] (Thread-603) None found
2025-08-06 18:52:30,380 INFO  [io.api.tes.ser.api.KafkaSerdesTester] (Thread-603) None found
2025-08-06 18:52:31,382 INFO  [io.api.tes.ser.api.KafkaSerdesTester] (Thread-603) None found
2025-08-06 18:52:32,211 INFO  [org.apa.kaf.cli.con.int.ConsumerCoordinator] (Thread-603) [Consumer clientId=consumer-Consumer-topic-f1baf72a_e79f_497c_b653_d7d52203ae96-1, groupId=Consumer-topic-f1baf72a_e79f_497c_b653_d7d52203ae96] Successfully joined group with generation Generation{generationId=1, memberId='consumer-Consumer-topic-f1baf72a_e79f_497c_b653_d7d52203ae96-1-d8e2aae1-85d9-43bb-9961-81e77619c6de', protocol='range'}
2025-08-06 18:52:32,221 INFO  [org.apa.kaf.cli.con.int.ConsumerCoordinator] (Thread-603) [Consumer clientId=consumer-Consumer-topic-f1baf72a_e79f_497c_b653_d7d52203ae96-1, groupId=Consumer-topic-f1baf72a_e79f_497c_b653_d7d52203ae96] Finished assignment for group at generation 1: {consumer-Consumer-topic-f1baf72a_e79f_497c_b653_d7d52203ae96-1-d8e2aae1-85d9-43bb-9961-81e77619c6de=Assignment(partitions=[topic-f1baf72a_e79f_497c_b653_d7d52203ae96-0])}
2025-08-06 18:52:32,239 INFO  [org.apa.kaf.cli.con.int.ConsumerCoordinator] (Thread-603) [Consumer clientId=consumer-Consumer-topic-f1baf72a_e79f_497c_b653_d7d52203ae96-1, groupId=Consumer-topic-f1baf72a_e79f_497c_b653_d7d52203ae96] Successfully synced group in generation Generation{generationId=1, memberId='consumer-Consumer-topic-f1baf72a_e79f_497c_b653_d7d52203ae96-1-d8e2aae1-85d9-43bb-9961-81e77619c6de', protocol='range'}
2025-08-06 18:52:32,239 INFO  [org.apa.kaf.cli.con.int.ConsumerCoordinator] (Thread-603) [Consumer clientId=consumer-Consumer-topic-f1baf72a_e79f_497c_b653_d7d52203ae96-1, groupId=Consumer-topic-f1baf72a_e79f_497c_b653_d7d52203ae96] Notifying assignor about the new Assignment(partitions=[topic-f1baf72a_e79f_497c_b653_d7d52203ae96-0])
2025-08-06 18:52:32,249 INFO  [org.apa.kaf.cli.con.int.ConsumerRebalanceListenerInvoker] (Thread-603) [Consumer clientId=consumer-Consumer-topic-f1baf72a_e79f_497c_b653_d7d52203ae96-1, groupId=Consumer-topic-f1baf72a_e79f_497c_b653_d7d52203ae96] Adding newly assigned partitions: topic-f1baf72a_e79f_497c_b653_d7d52203ae96-0
2025-08-06 18:52:32,268 INFO  [org.apa.kaf.cli.con.int.ConsumerCoordinator] (Thread-603) [Consumer clientId=consumer-Consumer-topic-f1baf72a_e79f_497c_b653_d7d52203ae96-1, groupId=Consumer-topic-f1baf72a_e79f_497c_b653_d7d52203ae96] Found no committed offset for partition topic-f1baf72a_e79f_497c_b653_d7d52203ae96-0
2025-08-06 18:52:32,286 INFO  [org.apa.kaf.cli.con.int.SubscriptionState] (Thread-603) [Consumer clientId=consumer-Consumer-topic-f1baf72a_e79f_497c_b653_d7d52203ae96-1, groupId=Consumer-topic-f1baf72a_e79f_497c_b653_d7d52203ae96] Resetting offset for partition topic-f1baf72a_e79f_497c_b653_d7d52203ae96-0 to position FetchPosition{offset=0, offsetEpoch=Optional.empty, currentLeader=LeaderAndEpoch{leader=Optional[localhost:32769 (id: 0 rack: null)], epoch=0}}.
2025-08-06 18:52:32,632 INFO  [io.api.tes.ser.api.KafkaSerdesTester] (Thread-603) topic-f1baf72a_e79f_497c_b653_d7d52203ae96 0 0 {"key11754506346900": "value-0"}
2025-08-06 18:52:32,633 INFO  [io.api.tes.ser.api.KafkaSerdesTester] (Thread-603) topic-f1baf72a_e79f_497c_b653_d7d52203ae96 0 1 {"key11754506346900": "value-1"}
2025-08-06 18:52:32,633 INFO  [io.api.tes.ser.api.KafkaSerdesTester] (Thread-603) topic-f1baf72a_e79f_497c_b653_d7d52203ae96 0 2 {"key11754506346900": "value-2"}
2025-08-06 18:52:32,633 INFO  [io.api.tes.ser.api.KafkaSerdesTester] (Thread-603) topic-f1baf72a_e79f_497c_b653_d7d52203ae96 0 3 {"key11754506346900": "value-3"}
2025-08-06 18:52:32,633 INFO  [io.api.tes.ser.api.KafkaSerdesTester] (Thread-603) topic-f1baf72a_e79f_497c_b653_d7d52203ae96 0 4 {"key11754506346900": "value-4"}
2025-08-06 18:52:32,633 INFO  [io.api.tes.ser.api.KafkaSerdesTester] (Thread-603) topic-f1baf72a_e79f_497c_b653_d7d52203ae96 0 5 {"key11754506346900": "value-5"}
2025-08-06 18:52:32,633 INFO  [io.api.tes.ser.api.KafkaSerdesTester] (Thread-603) topic-f1baf72a_e79f_497c_b653_d7d52203ae96 0 6 {"key11754506346900": "value-6"}
2025-08-06 18:52:32,633 INFO  [io.api.tes.ser.api.KafkaSerdesTester] (Thread-603) topic-f1baf72a_e79f_497c_b653_d7d52203ae96 0 7 {"key11754506346900": "value-7"}
2025-08-06 18:52:32,633 INFO  [io.api.tes.ser.api.KafkaSerdesTester] (Thread-603) topic-f1baf72a_e79f_497c_b653_d7d52203ae96 0 8 {"key11754506346900": "value-8"}
2025-08-06 18:52:32,634 INFO  [io.api.tes.ser.api.KafkaSerdesTester] (Thread-603) topic-f1baf72a_e79f_497c_b653_d7d52203ae96 0 9 {"key11754506346900": "value-9"}
2025-08-06 18:52:32,634 INFO  [io.api.tes.ser.api.KafkaSerdesTester] (Thread-603) Consumed 10 messages
2025-08-06 18:52:32,679 INFO  [org.apa.kaf.cli.con.int.ConsumerRebalanceListenerInvoker] (Thread-603) [Consumer clientId=consumer-Consumer-topic-f1baf72a_e79f_497c_b653_d7d52203ae96-1, groupId=Consumer-topic-f1baf72a_e79f_497c_b653_d7d52203ae96] Revoke previously assigned partitions topic-f1baf72a_e79f_497c_b653_d7d52203ae96-0
2025-08-06 18:52:32,679 INFO  [org.apa.kaf.cli.con.int.ConsumerCoordinator] (Thread-603) [Consumer clientId=consumer-Consumer-topic-f1baf72a_e79f_497c_b653_d7d52203ae96-1, groupId=Consumer-topic-f1baf72a_e79f_497c_b653_d7d52203ae96] Member consumer-Consumer-topic-f1baf72a_e79f_497c_b653_d7d52203ae96-1-d8e2aae1-85d9-43bb-9961-81e77619c6de sending LeaveGroup request to coordinator localhost:32769 (id: 2147483647 rack: null) due to the consumer is being closed
2025-08-06 18:52:32,681 INFO  [org.apa.kaf.cli.con.int.ConsumerCoordinator] (Thread-603) [Consumer clientId=consumer-Consumer-topic-f1baf72a_e79f_497c_b653_d7d52203ae96-1, groupId=Consumer-topic-f1baf72a_e79f_497c_b653_d7d52203ae96] Resetting generation and member id due to: consumer pro-actively leaving the group
2025-08-06 18:52:32,681 INFO  [org.apa.kaf.cli.con.int.ConsumerCoordinator] (Thread-603) [Consumer clientId=consumer-Consumer-topic-f1baf72a_e79f_497c_b653_d7d52203ae96-1, groupId=Consumer-topic-f1baf72a_e79f_497c_b653_d7d52203ae96] Request joining group due to: consumer pro-actively leaving the group
2025-08-06 18:52:33,149 INFO  [org.apa.kaf.com.met.Metrics] (Thread-603) Metrics scheduler closed
2025-08-06 18:52:33,149 INFO  [org.apa.kaf.com.met.Metrics] (Thread-603) Closing reporter org.apache.kafka.common.metrics.JmxReporter
2025-08-06 18:52:33,150 INFO  [org.apa.kaf.com.met.Metrics] (Thread-603) Closing reporter org.apache.kafka.common.telemetry.internals.ClientTelemetryReporter
2025-08-06 18:52:33,150 INFO  [org.apa.kaf.com.met.Metrics] (Thread-603) Metrics reporters closed
2025-08-06 18:52:33,164 INFO  [org.apa.kaf.com.uti.AppInfoParser] (Thread-603) App info kafka.consumer for consumer-Consumer-topic-f1baf72a_e79f_497c_b653_d7d52203ae96-1 unregistered
2025-08-06 18:52:33,166 INFO  [io.api.tes.uti.TestSeparator] (main) io.apicurio.tests.serdes.apicurio.AvroSerdeIT.testGlobalIdInHeaders-FINISHED
2025-08-06 18:52:33,166 INFO  [io.api.tes.uti.TestSeparator] (main) ############################################################################
Test passed: testGlobalIdInHeaders
]]></system-out>
  </testcase>
  <testcase name="testSimpleTopicIdStrategyFindLatest" classname="io.apicurio.tests.serdes.apicurio.AvroSerdeIT" time="5.413">
    <system-out><![CDATA[2025-08-06 18:52:33,168 INFO  [io.api.tes.uti.TestSeparator] (main) ############################################################################
2025-08-06 18:52:33,168 INFO  [io.api.tes.uti.TestSeparator] (main) io.apicurio.tests.serdes.apicurio.AvroSerdeIT.testSimpleTopicIdStrategyFindLatest-STARTED
2025-08-06 18:52:33,172 INFO  [io.api.tes.ser.api.AvroSerdeIT] (main) Registering Avro Schema: {"type":"record","name":"myrecordapicurio1","fields":[{"name":"key11754506353169","type":"string"}]}
**** Registry Base URL: http://registry-app-pg17.apps.ci419.apicurio-testing.org:80
2025-08-06 18:52:34,361 INFO  [org.apa.kaf.cli.pro.ProducerConfig] (main) ProducerConfig values: 
	acks = -1
	auto.include.jmx.reporter = true
	batch.size = 16384
	bootstrap.servers = [PLAINTEXT://localhost:32769]
	buffer.memory = 33554432
	client.dns.lookup = use_all_dns_ips
	client.id = Producer-topic-c115d220_5a64_4c29_8d5c_e78bcd215491
	compression.gzip.level = -1
	compression.lz4.level = 9
	compression.type = none
	compression.zstd.level = 3
	connections.max.idle.ms = 10000
	delivery.timeout.ms = 120000
	enable.idempotence = true
	enable.metrics.push = true
	interceptor.classes = []
	key.serializer = class org.apache.kafka.common.serialization.StringSerializer
	linger.ms = 0
	max.block.ms = 60000
	max.in.flight.requests.per.connection = 5
	max.request.size = 1048576
	metadata.max.age.ms = 300000
	metadata.max.idle.ms = 300000
	metadata.recovery.strategy = none
	metric.reporters = []
	metrics.num.samples = 2
	metrics.recording.level = INFO
	metrics.sample.window.ms = 30000
	partitioner.adaptive.partitioning.enable = true
	partitioner.availability.timeout.ms = 0
	partitioner.class = null
	partitioner.ignore.keys = false
	receive.buffer.bytes = 32768
	reconnect.backoff.max.ms = 1000
	reconnect.backoff.ms = 50
	request.timeout.ms = 5000
	retries = 2147483647
	retry.backoff.max.ms = 1000
	retry.backoff.ms = 100
	sasl.client.callback.handler.class = null
	sasl.jaas.config = null
	sasl.kerberos.kinit.cmd = /usr/bin/kinit
	sasl.kerberos.min.time.before.relogin = 60000
	sasl.kerberos.service.name = null
	sasl.kerberos.ticket.renew.jitter = 0.05
	sasl.kerberos.ticket.renew.window.factor = 0.8
	sasl.login.callback.handler.class = null
	sasl.login.class = null
	sasl.login.connect.timeout.ms = null
	sasl.login.read.timeout.ms = null
	sasl.login.refresh.buffer.seconds = 300
	sasl.login.refresh.min.period.seconds = 60
	sasl.login.refresh.window.factor = 0.8
	sasl.login.refresh.window.jitter = 0.05
	sasl.login.retry.backoff.max.ms = 10000
	sasl.login.retry.backoff.ms = 100
	sasl.mechanism = GSSAPI
	sasl.oauthbearer.clock.skew.seconds = 30
	sasl.oauthbearer.expected.audience = null
	sasl.oauthbearer.expected.issuer = null
	sasl.oauthbearer.header.urlencode = false
	sasl.oauthbearer.jwks.endpoint.refresh.ms = 3600000
	sasl.oauthbearer.jwks.endpoint.retry.backoff.max.ms = 10000
	sasl.oauthbearer.jwks.endpoint.retry.backoff.ms = 100
	sasl.oauthbearer.jwks.endpoint.url = null
	sasl.oauthbearer.scope.claim.name = scope
	sasl.oauthbearer.sub.claim.name = sub
	sasl.oauthbearer.token.endpoint.url = null
	security.protocol = PLAINTEXT
	security.providers = null
	send.buffer.bytes = 131072
	socket.connection.setup.timeout.max.ms = 30000
	socket.connection.setup.timeout.ms = 10000
	ssl.cipher.suites = null
	ssl.enabled.protocols = [TLSv1.2, TLSv1.3]
	ssl.endpoint.identification.algorithm = https
	ssl.engine.factory.class = null
	ssl.key.password = null
	ssl.keymanager.algorithm = SunX509
	ssl.keystore.certificate.chain = null
	ssl.keystore.key = null
	ssl.keystore.location = null
	ssl.keystore.password = null
	ssl.keystore.type = JKS
	ssl.protocol = TLSv1.3
	ssl.provider = null
	ssl.secure.random.implementation = null
	ssl.trustmanager.algorithm = PKIX
	ssl.truststore.certificates = null
	ssl.truststore.location = null
	ssl.truststore.password = null
	ssl.truststore.type = JKS
	transaction.timeout.ms = 60000
	transactional.id = null
	value.serializer = class io.apicurio.registry.serde.avro.AvroKafkaSerializer

2025-08-06 18:52:34,362 INFO  [org.apa.kaf.com.tel.int.KafkaMetricsCollector] (main) initializing Kafka metrics collector
2025-08-06 18:52:34,366 INFO  [org.apa.kaf.cli.pro.KafkaProducer] (main) [Producer clientId=Producer-topic-c115d220_5a64_4c29_8d5c_e78bcd215491] Instantiated an idempotent producer.
2025-08-06 18:52:34,370 INFO  [org.apa.kaf.cli.pro.ProducerConfig] (main) These configurations '[apicurio.registry.find-latest, apicurio.registry.artifact.group-id, apicurio.registry.url, apicurio.registry.artifact-resolver-strategy]' were supplied but are not used yet.
2025-08-06 18:52:34,371 INFO  [org.apa.kaf.com.uti.AppInfoParser] (main) Kafka version: 3.9.1
2025-08-06 18:52:34,371 INFO  [org.apa.kaf.com.uti.AppInfoParser] (main) Kafka commitId: f745dfdcee2b9851
2025-08-06 18:52:34,371 INFO  [org.apa.kaf.com.uti.AppInfoParser] (main) Kafka startTimeMs: 1754506354371
2025-08-06 18:52:34,371 INFO  [io.api.tes.ser.api.SimpleSerdesTesterBuilder$SimpleSerdesTester] (main) Using producer configuration: {apicurio.registry.find-latest=true, apicurio.registry.artifact.group-id=topic-c115d220_5a64_4c29_8d5c_e78bcd215491, apicurio.registry.url=http://registry-app-pg17.apps.ci419.apicurio-testing.org:80/apis/registry/v3, apicurio.registry.artifact-resolver-strategy=io.apicurio.registry.serde.strategy.SimpleTopicIdStrategy, value.serializer=io.apicurio.registry.serde.avro.AvroKafkaSerializer, request.timeout.ms=5000, acks=all, bootstrap.servers=PLAINTEXT://localhost:32769, connections.max.idle.ms=10000, key.serializer=org.apache.kafka.common.serialization.StringSerializer, client.id=Producer-topic-c115d220_5a64_4c29_8d5c_e78bcd215491}
2025-08-06 18:52:34,371 INFO  [io.api.tes.ser.api.SimpleSerdesTesterBuilder$SimpleSerdesTester] (main) Using consumer configuration: {}
2025-08-06 18:52:34,374 INFO  [io.api.tes.ser.api.KafkaSerdesTester] (Thread-606) Sending message {"key11754506353169": "value-0"} to topic topic-c115d220_5a64_4c29_8d5c_e78bcd215491
2025-08-06 18:52:34,380 INFO  [org.apa.kaf.cli.Metadata] (kafka-producer-network-thread | Producer-topic-c115d220_5a64_4c29_8d5c_e78bcd215491) [Producer clientId=Producer-topic-c115d220_5a64_4c29_8d5c_e78bcd215491] Cluster ID: igMICRUWSZmdRuxlP-JQ6A
2025-08-06 18:52:34,382 INFO  [org.apa.kaf.cli.pro.int.TransactionManager] (kafka-producer-network-thread | Producer-topic-c115d220_5a64_4c29_8d5c_e78bcd215491) [Producer clientId=Producer-topic-c115d220_5a64_4c29_8d5c_e78bcd215491] ProducerId set to 1 with epoch 0
2025-08-06 18:52:34,713 INFO  [io.api.tes.ser.api.KafkaSerdesTester] (Thread-606) Sending message {"key11754506353169": "value-1"} to topic topic-c115d220_5a64_4c29_8d5c_e78bcd215491
2025-08-06 18:52:34,718 INFO  [io.api.tes.ser.api.KafkaSerdesTester] (Thread-606) Sending message {"key11754506353169": "value-2"} to topic topic-c115d220_5a64_4c29_8d5c_e78bcd215491
2025-08-06 18:52:34,721 INFO  [io.api.tes.ser.api.KafkaSerdesTester] (Thread-606) Sending message {"key11754506353169": "value-3"} to topic topic-c115d220_5a64_4c29_8d5c_e78bcd215491
2025-08-06 18:52:34,724 INFO  [io.api.tes.ser.api.KafkaSerdesTester] (Thread-606) Sending message {"key11754506353169": "value-4"} to topic topic-c115d220_5a64_4c29_8d5c_e78bcd215491
2025-08-06 18:52:34,728 INFO  [io.api.tes.ser.api.KafkaSerdesTester] (Thread-606) Sending message {"key11754506353169": "value-5"} to topic topic-c115d220_5a64_4c29_8d5c_e78bcd215491
2025-08-06 18:52:34,732 INFO  [io.api.tes.ser.api.KafkaSerdesTester] (Thread-606) Sending message {"key11754506353169": "value-6"} to topic topic-c115d220_5a64_4c29_8d5c_e78bcd215491
2025-08-06 18:52:34,735 INFO  [io.api.tes.ser.api.KafkaSerdesTester] (Thread-606) Sending message {"key11754506353169": "value-7"} to topic topic-c115d220_5a64_4c29_8d5c_e78bcd215491
2025-08-06 18:52:34,737 INFO  [io.api.tes.ser.api.KafkaSerdesTester] (Thread-606) Sending message {"key11754506353169": "value-8"} to topic topic-c115d220_5a64_4c29_8d5c_e78bcd215491
2025-08-06 18:52:34,740 INFO  [io.api.tes.ser.api.KafkaSerdesTester] (Thread-606) Sending message {"key11754506353169": "value-9"} to topic topic-c115d220_5a64_4c29_8d5c_e78bcd215491
2025-08-06 18:52:34,743 INFO  [io.api.tes.ser.api.KafkaSerdesTester] (Thread-606) Produced 10 messages
2025-08-06 18:52:34,743 INFO  [org.apa.kaf.cli.pro.KafkaProducer] (Thread-606) [Producer clientId=Producer-topic-c115d220_5a64_4c29_8d5c_e78bcd215491] Closing the Kafka producer with timeoutMillis = 9223372036854775807 ms.
2025-08-06 18:52:34,750 INFO  [org.apa.kaf.com.met.Metrics] (Thread-606) Metrics scheduler closed
2025-08-06 18:52:34,751 INFO  [org.apa.kaf.com.met.Metrics] (Thread-606) Closing reporter org.apache.kafka.common.metrics.JmxReporter
2025-08-06 18:52:34,751 INFO  [org.apa.kaf.com.met.Metrics] (Thread-606) Closing reporter org.apache.kafka.common.telemetry.internals.ClientTelemetryReporter
2025-08-06 18:52:34,751 INFO  [org.apa.kaf.com.met.Metrics] (Thread-606) Metrics reporters closed
2025-08-06 18:52:34,756 INFO  [org.apa.kaf.com.uti.AppInfoParser] (Thread-606) App info kafka.producer for Producer-topic-c115d220_5a64_4c29_8d5c_e78bcd215491 unregistered
**** Registry Base URL: http://registry-app-pg17.apps.ci419.apicurio-testing.org:80
2025-08-06 18:52:34,757 INFO  [org.apa.kaf.cli.con.ConsumerConfig] (main) ConsumerConfig values: 
	allow.auto.create.topics = true
	auto.commit.interval.ms = 500
	auto.include.jmx.reporter = true
	auto.offset.reset = earliest
	bootstrap.servers = [PLAINTEXT://localhost:32769]
	check.crcs = true
	client.dns.lookup = use_all_dns_ips
	client.id = consumer-Consumer-topic-c115d220_5a64_4c29_8d5c_e78bcd215491-2
	client.rack = 
	connections.max.idle.ms = 10000
	default.api.timeout.ms = 60000
	enable.auto.commit = true
	enable.metrics.push = true
	exclude.internal.topics = true
	fetch.max.bytes = 52428800
	fetch.max.wait.ms = 500
	fetch.min.bytes = 1
	group.id = Consumer-topic-c115d220_5a64_4c29_8d5c_e78bcd215491
	group.instance.id = null
	group.protocol = classic
	group.remote.assignor = null
	heartbeat.interval.ms = 3000
	interceptor.classes = []
	internal.leave.group.on.close = true
	internal.throw.on.fetch.stable.offset.unsupported = false
	isolation.level = read_uncommitted
	key.deserializer = class org.apache.kafka.common.serialization.StringDeserializer
	max.partition.fetch.bytes = 1048576
	max.poll.interval.ms = 300000
	max.poll.records = 500
	metadata.max.age.ms = 300000
	metadata.recovery.strategy = none
	metric.reporters = []
	metrics.num.samples = 2
	metrics.recording.level = INFO
	metrics.sample.window.ms = 30000
	partition.assignment.strategy = [class org.apache.kafka.clients.consumer.RangeAssignor, class org.apache.kafka.clients.consumer.CooperativeStickyAssignor]
	receive.buffer.bytes = 65536
	reconnect.backoff.max.ms = 1000
	reconnect.backoff.ms = 50
	request.timeout.ms = 5000
	retry.backoff.max.ms = 1000
	retry.backoff.ms = 100
	sasl.client.callback.handler.class = null
	sasl.jaas.config = null
	sasl.kerberos.kinit.cmd = /usr/bin/kinit
	sasl.kerberos.min.time.before.relogin = 60000
	sasl.kerberos.service.name = null
	sasl.kerberos.ticket.renew.jitter = 0.05
	sasl.kerberos.ticket.renew.window.factor = 0.8
	sasl.login.callback.handler.class = null
	sasl.login.class = null
	sasl.login.connect.timeout.ms = null
	sasl.login.read.timeout.ms = null
	sasl.login.refresh.buffer.seconds = 300
	sasl.login.refresh.min.period.seconds = 60
	sasl.login.refresh.window.factor = 0.8
	sasl.login.refresh.window.jitter = 0.05
	sasl.login.retry.backoff.max.ms = 10000
	sasl.login.retry.backoff.ms = 100
	sasl.mechanism = GSSAPI
	sasl.oauthbearer.clock.skew.seconds = 30
	sasl.oauthbearer.expected.audience = null
	sasl.oauthbearer.expected.issuer = null
	sasl.oauthbearer.header.urlencode = false
	sasl.oauthbearer.jwks.endpoint.refresh.ms = 3600000
	sasl.oauthbearer.jwks.endpoint.retry.backoff.max.ms = 10000
	sasl.oauthbearer.jwks.endpoint.retry.backoff.ms = 100
	sasl.oauthbearer.jwks.endpoint.url = null
	sasl.oauthbearer.scope.claim.name = scope
	sasl.oauthbearer.sub.claim.name = sub
	sasl.oauthbearer.token.endpoint.url = null
	security.protocol = PLAINTEXT
	security.providers = null
	send.buffer.bytes = 131072
	session.timeout.ms = 45000
	socket.connection.setup.timeout.max.ms = 30000
	socket.connection.setup.timeout.ms = 10000
	ssl.cipher.suites = null
	ssl.enabled.protocols = [TLSv1.2, TLSv1.3]
	ssl.endpoint.identification.algorithm = https
	ssl.engine.factory.class = null
	ssl.key.password = null
	ssl.keymanager.algorithm = SunX509
	ssl.keystore.certificate.chain = null
	ssl.keystore.key = null
	ssl.keystore.location = null
	ssl.keystore.password = null
	ssl.keystore.type = JKS
	ssl.protocol = TLSv1.3
	ssl.provider = null
	ssl.secure.random.implementation = null
	ssl.trustmanager.algorithm = PKIX
	ssl.truststore.certificates = null
	ssl.truststore.location = null
	ssl.truststore.password = null
	ssl.truststore.type = JKS
	value.deserializer = class io.apicurio.registry.serde.avro.AvroKafkaDeserializer

2025-08-06 18:52:34,757 INFO  [org.apa.kaf.com.tel.int.KafkaMetricsCollector] (main) initializing Kafka metrics collector
2025-08-06 18:52:34,773 INFO  [org.apa.kaf.cli.con.ConsumerConfig] (main) These configurations '[apicurio.registry.url]' were supplied but are not used yet.
2025-08-06 18:52:34,773 INFO  [org.apa.kaf.com.uti.AppInfoParser] (main) Kafka version: 3.9.1
2025-08-06 18:52:34,773 INFO  [org.apa.kaf.com.uti.AppInfoParser] (main) Kafka commitId: f745dfdcee2b9851
2025-08-06 18:52:34,773 INFO  [org.apa.kaf.com.uti.AppInfoParser] (main) Kafka startTimeMs: 1754506354773
2025-08-06 18:52:34,774 INFO  [org.apa.kaf.cli.con.int.ClassicKafkaConsumer] (Thread-609) [Consumer clientId=consumer-Consumer-topic-c115d220_5a64_4c29_8d5c_e78bcd215491-2, groupId=Consumer-topic-c115d220_5a64_4c29_8d5c_e78bcd215491] Subscribed to topic(s): topic-c115d220_5a64_4c29_8d5c_e78bcd215491
2025-08-06 18:52:34,785 INFO  [org.apa.kaf.cli.Metadata] (Thread-609) [Consumer clientId=consumer-Consumer-topic-c115d220_5a64_4c29_8d5c_e78bcd215491-2, groupId=Consumer-topic-c115d220_5a64_4c29_8d5c_e78bcd215491] Cluster ID: igMICRUWSZmdRuxlP-JQ6A
2025-08-06 18:52:34,789 INFO  [org.apa.kaf.cli.con.int.ConsumerCoordinator] (Thread-609) [Consumer clientId=consumer-Consumer-topic-c115d220_5a64_4c29_8d5c_e78bcd215491-2, groupId=Consumer-topic-c115d220_5a64_4c29_8d5c_e78bcd215491] Discovered group coordinator localhost:32769 (id: 2147483647 rack: null)
2025-08-06 18:52:34,792 INFO  [org.apa.kaf.cli.con.int.ConsumerCoordinator] (Thread-609) [Consumer clientId=consumer-Consumer-topic-c115d220_5a64_4c29_8d5c_e78bcd215491-2, groupId=Consumer-topic-c115d220_5a64_4c29_8d5c_e78bcd215491] (Re-)joining group
2025-08-06 18:52:34,800 INFO  [org.apa.kaf.cli.con.int.ConsumerCoordinator] (Thread-609) [Consumer clientId=consumer-Consumer-topic-c115d220_5a64_4c29_8d5c_e78bcd215491-2, groupId=Consumer-topic-c115d220_5a64_4c29_8d5c_e78bcd215491] Request joining group due to: need to re-join with the given member-id: consumer-Consumer-topic-c115d220_5a64_4c29_8d5c_e78bcd215491-2-a6b3ba3d-ce05-465a-ba95-881c5b065c39
2025-08-06 18:52:34,801 INFO  [org.apa.kaf.cli.con.int.ConsumerCoordinator] (Thread-609) [Consumer clientId=consumer-Consumer-topic-c115d220_5a64_4c29_8d5c_e78bcd215491-2, groupId=Consumer-topic-c115d220_5a64_4c29_8d5c_e78bcd215491] (Re-)joining group
2025-08-06 18:52:35,775 INFO  [io.api.tes.ser.api.KafkaSerdesTester] (Thread-609) None found
2025-08-06 18:52:36,775 INFO  [io.api.tes.ser.api.KafkaSerdesTester] (Thread-609) None found
2025-08-06 18:52:37,775 INFO  [io.api.tes.ser.api.KafkaSerdesTester] (Thread-609) None found
2025-08-06 18:52:37,803 INFO  [org.apa.kaf.cli.con.int.ConsumerCoordinator] (Thread-609) [Consumer clientId=consumer-Consumer-topic-c115d220_5a64_4c29_8d5c_e78bcd215491-2, groupId=Consumer-topic-c115d220_5a64_4c29_8d5c_e78bcd215491] Successfully joined group with generation Generation{generationId=1, memberId='consumer-Consumer-topic-c115d220_5a64_4c29_8d5c_e78bcd215491-2-a6b3ba3d-ce05-465a-ba95-881c5b065c39', protocol='range'}
2025-08-06 18:52:37,803 INFO  [org.apa.kaf.cli.con.int.ConsumerCoordinator] (Thread-609) [Consumer clientId=consumer-Consumer-topic-c115d220_5a64_4c29_8d5c_e78bcd215491-2, groupId=Consumer-topic-c115d220_5a64_4c29_8d5c_e78bcd215491] Finished assignment for group at generation 1: {consumer-Consumer-topic-c115d220_5a64_4c29_8d5c_e78bcd215491-2-a6b3ba3d-ce05-465a-ba95-881c5b065c39=Assignment(partitions=[topic-c115d220_5a64_4c29_8d5c_e78bcd215491-0])}
2025-08-06 18:52:37,812 INFO  [org.apa.kaf.cli.con.int.ConsumerCoordinator] (Thread-609) [Consumer clientId=consumer-Consumer-topic-c115d220_5a64_4c29_8d5c_e78bcd215491-2, groupId=Consumer-topic-c115d220_5a64_4c29_8d5c_e78bcd215491] Successfully synced group in generation Generation{generationId=1, memberId='consumer-Consumer-topic-c115d220_5a64_4c29_8d5c_e78bcd215491-2-a6b3ba3d-ce05-465a-ba95-881c5b065c39', protocol='range'}
2025-08-06 18:52:37,812 INFO  [org.apa.kaf.cli.con.int.ConsumerCoordinator] (Thread-609) [Consumer clientId=consumer-Consumer-topic-c115d220_5a64_4c29_8d5c_e78bcd215491-2, groupId=Consumer-topic-c115d220_5a64_4c29_8d5c_e78bcd215491] Notifying assignor about the new Assignment(partitions=[topic-c115d220_5a64_4c29_8d5c_e78bcd215491-0])
2025-08-06 18:52:37,812 INFO  [org.apa.kaf.cli.con.int.ConsumerRebalanceListenerInvoker] (Thread-609) [Consumer clientId=consumer-Consumer-topic-c115d220_5a64_4c29_8d5c_e78bcd215491-2, groupId=Consumer-topic-c115d220_5a64_4c29_8d5c_e78bcd215491] Adding newly assigned partitions: topic-c115d220_5a64_4c29_8d5c_e78bcd215491-0
2025-08-06 18:52:37,815 INFO  [org.apa.kaf.cli.con.int.ConsumerCoordinator] (Thread-609) [Consumer clientId=consumer-Consumer-topic-c115d220_5a64_4c29_8d5c_e78bcd215491-2, groupId=Consumer-topic-c115d220_5a64_4c29_8d5c_e78bcd215491] Found no committed offset for partition topic-c115d220_5a64_4c29_8d5c_e78bcd215491-0
2025-08-06 18:52:37,822 INFO  [org.apa.kaf.cli.con.int.SubscriptionState] (Thread-609) [Consumer clientId=consumer-Consumer-topic-c115d220_5a64_4c29_8d5c_e78bcd215491-2, groupId=Consumer-topic-c115d220_5a64_4c29_8d5c_e78bcd215491] Resetting offset for partition topic-c115d220_5a64_4c29_8d5c_e78bcd215491-0 to position FetchPosition{offset=0, offsetEpoch=Optional.empty, currentLeader=LeaderAndEpoch{leader=Optional[localhost:32769 (id: 0 rack: null)], epoch=0}}.
2025-08-06 18:52:38,069 INFO  [io.api.tes.ser.api.KafkaSerdesTester] (Thread-609) topic-c115d220_5a64_4c29_8d5c_e78bcd215491 0 0 {"key11754506353169": "value-0"}
2025-08-06 18:52:38,069 INFO  [io.api.tes.ser.api.KafkaSerdesTester] (Thread-609) topic-c115d220_5a64_4c29_8d5c_e78bcd215491 0 1 {"key11754506353169": "value-1"}
2025-08-06 18:52:38,070 INFO  [io.api.tes.ser.api.KafkaSerdesTester] (Thread-609) topic-c115d220_5a64_4c29_8d5c_e78bcd215491 0 2 {"key11754506353169": "value-2"}
2025-08-06 18:52:38,070 INFO  [io.api.tes.ser.api.KafkaSerdesTester] (Thread-609) topic-c115d220_5a64_4c29_8d5c_e78bcd215491 0 3 {"key11754506353169": "value-3"}
2025-08-06 18:52:38,070 INFO  [io.api.tes.ser.api.KafkaSerdesTester] (Thread-609) topic-c115d220_5a64_4c29_8d5c_e78bcd215491 0 4 {"key11754506353169": "value-4"}
2025-08-06 18:52:38,070 INFO  [io.api.tes.ser.api.KafkaSerdesTester] (Thread-609) topic-c115d220_5a64_4c29_8d5c_e78bcd215491 0 5 {"key11754506353169": "value-5"}
2025-08-06 18:52:38,070 INFO  [io.api.tes.ser.api.KafkaSerdesTester] (Thread-609) topic-c115d220_5a64_4c29_8d5c_e78bcd215491 0 6 {"key11754506353169": "value-6"}
2025-08-06 18:52:38,070 INFO  [io.api.tes.ser.api.KafkaSerdesTester] (Thread-609) topic-c115d220_5a64_4c29_8d5c_e78bcd215491 0 7 {"key11754506353169": "value-7"}
2025-08-06 18:52:38,070 INFO  [io.api.tes.ser.api.KafkaSerdesTester] (Thread-609) topic-c115d220_5a64_4c29_8d5c_e78bcd215491 0 8 {"key11754506353169": "value-8"}
2025-08-06 18:52:38,071 INFO  [io.api.tes.ser.api.KafkaSerdesTester] (Thread-609) topic-c115d220_5a64_4c29_8d5c_e78bcd215491 0 9 {"key11754506353169": "value-9"}
2025-08-06 18:52:38,071 INFO  [io.api.tes.ser.api.KafkaSerdesTester] (Thread-609) Consumed 10 messages
2025-08-06 18:52:38,081 INFO  [org.apa.kaf.cli.con.int.ConsumerRebalanceListenerInvoker] (Thread-609) [Consumer clientId=consumer-Consumer-topic-c115d220_5a64_4c29_8d5c_e78bcd215491-2, groupId=Consumer-topic-c115d220_5a64_4c29_8d5c_e78bcd215491] Revoke previously assigned partitions topic-c115d220_5a64_4c29_8d5c_e78bcd215491-0
2025-08-06 18:52:38,081 INFO  [org.apa.kaf.cli.con.int.ConsumerCoordinator] (Thread-609) [Consumer clientId=consumer-Consumer-topic-c115d220_5a64_4c29_8d5c_e78bcd215491-2, groupId=Consumer-topic-c115d220_5a64_4c29_8d5c_e78bcd215491] Member consumer-Consumer-topic-c115d220_5a64_4c29_8d5c_e78bcd215491-2-a6b3ba3d-ce05-465a-ba95-881c5b065c39 sending LeaveGroup request to coordinator localhost:32769 (id: 2147483647 rack: null) due to the consumer is being closed
2025-08-06 18:52:38,082 INFO  [org.apa.kaf.cli.con.int.ConsumerCoordinator] (Thread-609) [Consumer clientId=consumer-Consumer-topic-c115d220_5a64_4c29_8d5c_e78bcd215491-2, groupId=Consumer-topic-c115d220_5a64_4c29_8d5c_e78bcd215491] Resetting generation and member id due to: consumer pro-actively leaving the group
2025-08-06 18:52:38,082 INFO  [org.apa.kaf.cli.con.int.ConsumerCoordinator] (Thread-609) [Consumer clientId=consumer-Consumer-topic-c115d220_5a64_4c29_8d5c_e78bcd215491-2, groupId=Consumer-topic-c115d220_5a64_4c29_8d5c_e78bcd215491] Request joining group due to: consumer pro-actively leaving the group
2025-08-06 18:52:38,573 INFO  [org.apa.kaf.com.met.Metrics] (Thread-609) Metrics scheduler closed
2025-08-06 18:52:38,573 INFO  [org.apa.kaf.com.met.Metrics] (Thread-609) Closing reporter org.apache.kafka.common.metrics.JmxReporter
2025-08-06 18:52:38,573 INFO  [org.apa.kaf.com.met.Metrics] (Thread-609) Closing reporter org.apache.kafka.common.telemetry.internals.ClientTelemetryReporter
2025-08-06 18:52:38,574 INFO  [org.apa.kaf.com.met.Metrics] (Thread-609) Metrics reporters closed
2025-08-06 18:52:38,578 INFO  [org.apa.kaf.com.uti.AppInfoParser] (Thread-609) App info kafka.consumer for consumer-Consumer-topic-c115d220_5a64_4c29_8d5c_e78bcd215491-2 unregistered
2025-08-06 18:52:38,579 INFO  [io.api.tes.uti.TestSeparator] (main) io.apicurio.tests.serdes.apicurio.AvroSerdeIT.testSimpleTopicIdStrategyFindLatest-FINISHED
2025-08-06 18:52:38,579 INFO  [io.api.tes.uti.TestSeparator] (main) ############################################################################
Test passed: testSimpleTopicIdStrategyFindLatest
]]></system-out>
  </testcase>
  <testcase name="testWrongSchema" classname="io.apicurio.tests.serdes.apicurio.AvroSerdeIT" time="1.38">
    <system-out><![CDATA[2025-08-06 18:52:38,586 INFO  [io.api.tes.uti.TestSeparator] (main) ############################################################################
2025-08-06 18:52:38,586 INFO  [io.api.tes.uti.TestSeparator] (main) io.apicurio.tests.serdes.apicurio.AvroSerdeIT.testWrongSchema-STARTED
**** Registry Base URL: http://registry-app-pg17.apps.ci419.apicurio-testing.org:80
2025-08-06 18:52:39,775 INFO  [org.apa.kaf.cli.pro.ProducerConfig] (main) ProducerConfig values: 
	acks = -1
	auto.include.jmx.reporter = true
	batch.size = 16384
	bootstrap.servers = [PLAINTEXT://localhost:32769]
	buffer.memory = 33554432
	client.dns.lookup = use_all_dns_ips
	client.id = Producer-sc762a0f8x6a91x4237x87a2x55f2184d65c1
	compression.gzip.level = -1
	compression.lz4.level = 9
	compression.type = none
	compression.zstd.level = 3
	connections.max.idle.ms = 10000
	delivery.timeout.ms = 120000
	enable.idempotence = true
	enable.metrics.push = true
	interceptor.classes = []
	key.serializer = class org.apache.kafka.common.serialization.StringSerializer
	linger.ms = 0
	max.block.ms = 60000
	max.in.flight.requests.per.connection = 5
	max.request.size = 1048576
	metadata.max.age.ms = 300000
	metadata.max.idle.ms = 300000
	metadata.recovery.strategy = none
	metric.reporters = []
	metrics.num.samples = 2
	metrics.recording.level = INFO
	metrics.sample.window.ms = 30000
	partitioner.adaptive.partitioning.enable = true
	partitioner.availability.timeout.ms = 0
	partitioner.class = null
	partitioner.ignore.keys = false
	receive.buffer.bytes = 32768
	reconnect.backoff.max.ms = 1000
	reconnect.backoff.ms = 50
	request.timeout.ms = 5000
	retries = 2147483647
	retry.backoff.max.ms = 1000
	retry.backoff.ms = 100
	sasl.client.callback.handler.class = null
	sasl.jaas.config = null
	sasl.kerberos.kinit.cmd = /usr/bin/kinit
	sasl.kerberos.min.time.before.relogin = 60000
	sasl.kerberos.service.name = null
	sasl.kerberos.ticket.renew.jitter = 0.05
	sasl.kerberos.ticket.renew.window.factor = 0.8
	sasl.login.callback.handler.class = null
	sasl.login.class = null
	sasl.login.connect.timeout.ms = null
	sasl.login.read.timeout.ms = null
	sasl.login.refresh.buffer.seconds = 300
	sasl.login.refresh.min.period.seconds = 60
	sasl.login.refresh.window.factor = 0.8
	sasl.login.refresh.window.jitter = 0.05
	sasl.login.retry.backoff.max.ms = 10000
	sasl.login.retry.backoff.ms = 100
	sasl.mechanism = GSSAPI
	sasl.oauthbearer.clock.skew.seconds = 30
	sasl.oauthbearer.expected.audience = null
	sasl.oauthbearer.expected.issuer = null
	sasl.oauthbearer.header.urlencode = false
	sasl.oauthbearer.jwks.endpoint.refresh.ms = 3600000
	sasl.oauthbearer.jwks.endpoint.retry.backoff.max.ms = 10000
	sasl.oauthbearer.jwks.endpoint.retry.backoff.ms = 100
	sasl.oauthbearer.jwks.endpoint.url = null
	sasl.oauthbearer.scope.claim.name = scope
	sasl.oauthbearer.sub.claim.name = sub
	sasl.oauthbearer.token.endpoint.url = null
	security.protocol = PLAINTEXT
	security.providers = null
	send.buffer.bytes = 131072
	socket.connection.setup.timeout.max.ms = 30000
	socket.connection.setup.timeout.ms = 10000
	ssl.cipher.suites = null
	ssl.enabled.protocols = [TLSv1.2, TLSv1.3]
	ssl.endpoint.identification.algorithm = https
	ssl.engine.factory.class = null
	ssl.key.password = null
	ssl.keymanager.algorithm = SunX509
	ssl.keystore.certificate.chain = null
	ssl.keystore.key = null
	ssl.keystore.location = null
	ssl.keystore.password = null
	ssl.keystore.type = JKS
	ssl.protocol = TLSv1.3
	ssl.provider = null
	ssl.secure.random.implementation = null
	ssl.trustmanager.algorithm = PKIX
	ssl.truststore.certificates = null
	ssl.truststore.location = null
	ssl.truststore.password = null
	ssl.truststore.type = JKS
	transaction.timeout.ms = 60000
	transactional.id = null
	value.serializer = class io.apicurio.registry.serde.avro.AvroKafkaSerializer

2025-08-06 18:52:39,775 INFO  [org.apa.kaf.com.tel.int.KafkaMetricsCollector] (main) initializing Kafka metrics collector
2025-08-06 18:52:39,779 INFO  [org.apa.kaf.cli.pro.KafkaProducer] (main) [Producer clientId=Producer-sc762a0f8x6a91x4237x87a2x55f2184d65c1] Instantiated an idempotent producer.
2025-08-06 18:52:39,783 INFO  [org.apa.kaf.cli.pro.ProducerConfig] (main) These configurations '[apicurio.registry.find-latest, apicurio.registry.url, apicurio.registry.artifact-resolver-strategy]' were supplied but are not used yet.
2025-08-06 18:52:39,783 INFO  [org.apa.kaf.com.uti.AppInfoParser] (main) Kafka version: 3.9.1
2025-08-06 18:52:39,783 INFO  [org.apa.kaf.com.uti.AppInfoParser] (main) Kafka commitId: f745dfdcee2b9851
2025-08-06 18:52:39,784 INFO  [org.apa.kaf.com.uti.AppInfoParser] (main) Kafka startTimeMs: 1754506359783
2025-08-06 18:52:39,785 INFO  [io.api.tes.ser.api.KafkaSerdesTester] (Thread-612) Sending message {"keyB": "value-0"} to topic sc762a0f8x6a91x4237x87a2x55f2184d65c1
2025-08-06 18:52:39,791 INFO  [org.apa.kaf.cli.Metadata] (kafka-producer-network-thread | Producer-sc762a0f8x6a91x4237x87a2x55f2184d65c1) [Producer clientId=Producer-sc762a0f8x6a91x4237x87a2x55f2184d65c1] Cluster ID: igMICRUWSZmdRuxlP-JQ6A
2025-08-06 18:52:39,792 INFO  [org.apa.kaf.cli.pro.int.TransactionManager] (kafka-producer-network-thread | Producer-sc762a0f8x6a91x4237x87a2x55f2184d65c1) [Producer clientId=Producer-sc762a0f8x6a91x4237x87a2x55f2184d65c1] ProducerId set to 2 with epoch 0
2025-08-06 18:52:39,954 INFO  [org.apa.kaf.cli.pro.KafkaProducer] (Thread-612) [Producer clientId=Producer-sc762a0f8x6a91x4237x87a2x55f2184d65c1] Closing the Kafka producer with timeoutMillis = 9223372036854775807 ms.
2025-08-06 18:52:39,957 INFO  [org.apa.kaf.com.met.Metrics] (Thread-612) Metrics scheduler closed
2025-08-06 18:52:39,957 INFO  [org.apa.kaf.com.met.Metrics] (Thread-612) Closing reporter org.apache.kafka.common.metrics.JmxReporter
2025-08-06 18:52:39,957 INFO  [org.apa.kaf.com.met.Metrics] (Thread-612) Closing reporter org.apache.kafka.common.telemetry.internals.ClientTelemetryReporter
2025-08-06 18:52:39,957 INFO  [org.apa.kaf.com.met.Metrics] (Thread-612) Metrics reporters closed
2025-08-06 18:52:39,957 INFO  [org.apa.kaf.com.uti.AppInfoParser] (Thread-612) App info kafka.producer for Producer-sc762a0f8x6a91x4237x87a2x55f2184d65c1 unregistered
2025-08-06 18:52:39,959 INFO  [io.api.tes.uti.TestSeparator] (main) io.apicurio.tests.serdes.apicurio.AvroSerdeIT.testWrongSchema-FINISHED
2025-08-06 18:52:39,959 INFO  [io.api.tes.uti.TestSeparator] (main) ############################################################################
Test passed: testWrongSchema
]]></system-out>
    <system-err><![CDATA[io.apicurio.registry.rest.client.models.ProblemDetails
	at io.apicurio.registry.rest.client.models.ProblemDetails.createFromDiscriminatorValue(ProblemDetails.java:58)
	at io.kiota.serialization.json.JsonParseNode.getObjectValue(JsonParseNode.java:247)
	at io.kiota.http.vertx.VertXRequestAdapter.lambda$throwIfFailedResponse$0(VertXRequestAdapter.java:400)
	at com.microsoft.kiota.ApiExceptionBuilder.<init>(ApiExceptionBuilder.java:26)
	at io.kiota.http.vertx.VertXRequestAdapter.throwIfFailedResponse(VertXRequestAdapter.java:399)
	at io.kiota.http.vertx.VertXRequestAdapter.send(VertXRequestAdapter.java:170)
	at io.apicurio.registry.rest.client.groups.item.artifacts.item.versions.item.WithVersionExpressionItemRequestBuilder.get(WithVersionExpressionItemRequestBuilder.java:128)
	at io.apicurio.registry.rest.client.groups.item.artifacts.item.versions.item.WithVersionExpressionItemRequestBuilder.get(WithVersionExpressionItemRequestBuilder.java:111)
	at io.apicurio.registry.resolver.client.RegistryClientFacadeImpl.getVersionCoordinatesByGAV(RegistryClientFacadeImpl.java:159)
	at io.apicurio.registry.resolver.DefaultSchemaResolver.resolveByCoordinates(DefaultSchemaResolver.java:352)
	at io.apicurio.registry.resolver.DefaultSchemaResolver.lambda$resolveSchemaByArtifactReferenceCached$6(DefaultSchemaResolver.java:340)
	at io.apicurio.registry.resolver.cache.ERCache.lambda$getValue$0(ERCache.java:174)
	at io.apicurio.registry.resolver.cache.ERCache.retry(ERCache.java:227)
	at io.apicurio.registry.resolver.cache.ERCache.getValue(ERCache.java:173)
	at io.apicurio.registry.resolver.cache.ERCache.getByArtifactCoordinates(ERCache.java:158)
	at io.apicurio.registry.resolver.DefaultSchemaResolver.resolveSchemaByArtifactReferenceCached(DefaultSchemaResolver.java:338)
	at io.apicurio.registry.resolver.DefaultSchemaResolver.resolveSchemaByCoordinates(DefaultSchemaResolver.java:193)
	at io.apicurio.registry.resolver.DefaultSchemaResolver.getSchemaFromRegistry(DefaultSchemaResolver.java:130)
	at io.apicurio.registry.resolver.DefaultSchemaResolver.lambda$resolveSchema$0(DefaultSchemaResolver.java:84)
	at java.base/java.util.Optional.orElseGet(Optional.java:364)
	at io.apicurio.registry.resolver.DefaultSchemaResolver.resolveSchema(DefaultSchemaResolver.java:84)
	at io.apicurio.registry.serde.AbstractSerializer.serializeData(AbstractSerializer.java:62)
	at io.apicurio.registry.serde.KafkaSerializer.serialize(KafkaSerializer.java:77)
	at org.apache.kafka.clients.producer.KafkaProducer.doSend(KafkaProducer.java:1046)
	at org.apache.kafka.clients.producer.KafkaProducer.send(KafkaProducer.java:993)
	at org.apache.kafka.clients.producer.KafkaProducer.send(KafkaProducer.java:875)
	at io.apicurio.tests.serdes.apicurio.KafkaSerdesTester.lambda$produceMessages$3(KafkaSerdesTester.java:138)
	at java.base/java.util.concurrent.CompletableFuture$AsyncSupply.run(CompletableFuture.java:1768)
	at java.base/java.lang.Thread.run(Thread.java:840)
]]></system-err>
  </testcase>
  <testcase name="testAvroJSON" classname="io.apicurio.tests.serdes.apicurio.AvroSerdeIT" time="4.318">
    <system-out><![CDATA[2025-08-06 18:52:39,969 INFO  [io.api.tes.uti.TestSeparator] (main) ############################################################################
2025-08-06 18:52:39,969 INFO  [io.api.tes.uti.TestSeparator] (main) io.apicurio.tests.serdes.apicurio.AvroSerdeIT.testAvroJSON-STARTED
**** Registry Base URL: http://registry-app-pg17.apps.ci419.apicurio-testing.org:80
2025-08-06 18:52:39,974 INFO  [org.apa.kaf.cli.pro.ProducerConfig] (main) ProducerConfig values: 
	acks = -1
	auto.include.jmx.reporter = true
	batch.size = 16384
	bootstrap.servers = [PLAINTEXT://localhost:32769]
	buffer.memory = 33554432
	client.dns.lookup = use_all_dns_ips
	client.id = Producer-topic-2975f0f0_054e_4ade_aa5c_337b531009de
	compression.gzip.level = -1
	compression.lz4.level = 9
	compression.type = none
	compression.zstd.level = 3
	connections.max.idle.ms = 10000
	delivery.timeout.ms = 120000
	enable.idempotence = true
	enable.metrics.push = true
	interceptor.classes = []
	key.serializer = class org.apache.kafka.common.serialization.StringSerializer
	linger.ms = 0
	max.block.ms = 60000
	max.in.flight.requests.per.connection = 5
	max.request.size = 1048576
	metadata.max.age.ms = 300000
	metadata.max.idle.ms = 300000
	metadata.recovery.strategy = none
	metric.reporters = []
	metrics.num.samples = 2
	metrics.recording.level = INFO
	metrics.sample.window.ms = 30000
	partitioner.adaptive.partitioning.enable = true
	partitioner.availability.timeout.ms = 0
	partitioner.class = null
	partitioner.ignore.keys = false
	receive.buffer.bytes = 32768
	reconnect.backoff.max.ms = 1000
	reconnect.backoff.ms = 50
	request.timeout.ms = 5000
	retries = 2147483647
	retry.backoff.max.ms = 1000
	retry.backoff.ms = 100
	sasl.client.callback.handler.class = null
	sasl.jaas.config = null
	sasl.kerberos.kinit.cmd = /usr/bin/kinit
	sasl.kerberos.min.time.before.relogin = 60000
	sasl.kerberos.service.name = null
	sasl.kerberos.ticket.renew.jitter = 0.05
	sasl.kerberos.ticket.renew.window.factor = 0.8
	sasl.login.callback.handler.class = null
	sasl.login.class = null
	sasl.login.connect.timeout.ms = null
	sasl.login.read.timeout.ms = null
	sasl.login.refresh.buffer.seconds = 300
	sasl.login.refresh.min.period.seconds = 60
	sasl.login.refresh.window.factor = 0.8
	sasl.login.refresh.window.jitter = 0.05
	sasl.login.retry.backoff.max.ms = 10000
	sasl.login.retry.backoff.ms = 100
	sasl.mechanism = GSSAPI
	sasl.oauthbearer.clock.skew.seconds = 30
	sasl.oauthbearer.expected.audience = null
	sasl.oauthbearer.expected.issuer = null
	sasl.oauthbearer.header.urlencode = false
	sasl.oauthbearer.jwks.endpoint.refresh.ms = 3600000
	sasl.oauthbearer.jwks.endpoint.retry.backoff.max.ms = 10000
	sasl.oauthbearer.jwks.endpoint.retry.backoff.ms = 100
	sasl.oauthbearer.jwks.endpoint.url = null
	sasl.oauthbearer.scope.claim.name = scope
	sasl.oauthbearer.sub.claim.name = sub
	sasl.oauthbearer.token.endpoint.url = null
	security.protocol = PLAINTEXT
	security.providers = null
	send.buffer.bytes = 131072
	socket.connection.setup.timeout.max.ms = 30000
	socket.connection.setup.timeout.ms = 10000
	ssl.cipher.suites = null
	ssl.enabled.protocols = [TLSv1.2, TLSv1.3]
	ssl.endpoint.identification.algorithm = https
	ssl.engine.factory.class = null
	ssl.key.password = null
	ssl.keymanager.algorithm = SunX509
	ssl.keystore.certificate.chain = null
	ssl.keystore.key = null
	ssl.keystore.location = null
	ssl.keystore.password = null
	ssl.keystore.type = JKS
	ssl.protocol = TLSv1.3
	ssl.provider = null
	ssl.secure.random.implementation = null
	ssl.trustmanager.algorithm = PKIX
	ssl.truststore.certificates = null
	ssl.truststore.location = null
	ssl.truststore.password = null
	ssl.truststore.type = JKS
	transaction.timeout.ms = 60000
	transactional.id = null
	value.serializer = class io.apicurio.registry.serde.avro.AvroKafkaSerializer

2025-08-06 18:52:39,976 INFO  [org.apa.kaf.com.tel.int.KafkaMetricsCollector] (main) initializing Kafka metrics collector
2025-08-06 18:52:39,980 INFO  [org.apa.kaf.cli.pro.KafkaProducer] (main) [Producer clientId=Producer-topic-2975f0f0_054e_4ade_aa5c_337b531009de] Instantiated an idempotent producer.
2025-08-06 18:52:39,982 INFO  [org.apa.kaf.cli.pro.ProducerConfig] (main) These configurations '[apicurio.registry.avro.encoding, apicurio.registry.url, apicurio.registry.auto-register, apicurio.registry.artifact-resolver-strategy]' were supplied but are not used yet.
2025-08-06 18:52:39,982 INFO  [org.apa.kaf.com.uti.AppInfoParser] (main) Kafka version: 3.9.1
2025-08-06 18:52:39,982 INFO  [org.apa.kaf.com.uti.AppInfoParser] (main) Kafka commitId: f745dfdcee2b9851
2025-08-06 18:52:39,983 INFO  [org.apa.kaf.com.uti.AppInfoParser] (main) Kafka startTimeMs: 1754506359982
2025-08-06 18:52:39,983 INFO  [io.api.tes.ser.api.SimpleSerdesTesterBuilder$SimpleSerdesTester] (main) Using producer configuration: {apicurio.registry.avro.encoding=JSON, apicurio.registry.url=http://registry-app-pg17.apps.ci419.apicurio-testing.org:80/apis/registry/v3, apicurio.registry.auto-register=true, apicurio.registry.artifact-resolver-strategy=io.apicurio.registry.serde.strategy.TopicIdStrategy, value.serializer=io.apicurio.registry.serde.avro.AvroKafkaSerializer, request.timeout.ms=5000, acks=all, bootstrap.servers=PLAINTEXT://localhost:32769, connections.max.idle.ms=10000, key.serializer=org.apache.kafka.common.serialization.StringSerializer, client.id=Producer-topic-2975f0f0_054e_4ade_aa5c_337b531009de}
2025-08-06 18:52:39,983 INFO  [io.api.tes.ser.api.SimpleSerdesTesterBuilder$SimpleSerdesTester] (main) Using consumer configuration: {apicurio.registry.avro.encoding=JSON}
2025-08-06 18:52:39,984 INFO  [io.api.tes.ser.api.KafkaSerdesTester] (Thread-615) Sending message {"bar": "value-0"} to topic topic-2975f0f0_054e_4ade_aa5c_337b531009de
2025-08-06 18:52:39,990 WARN  [org.apa.kaf.cli.NetworkClient] (kafka-producer-network-thread | Producer-topic-2975f0f0_054e_4ade_aa5c_337b531009de) [Producer clientId=Producer-topic-2975f0f0_054e_4ade_aa5c_337b531009de] The metadata response from the cluster reported a recoverable issue with correlation id 1 : {topic-2975f0f0_054e_4ade_aa5c_337b531009de=UNKNOWN_TOPIC_OR_PARTITION}
2025-08-06 18:52:39,990 INFO  [org.apa.kaf.cli.Metadata] (kafka-producer-network-thread | Producer-topic-2975f0f0_054e_4ade_aa5c_337b531009de) [Producer clientId=Producer-topic-2975f0f0_054e_4ade_aa5c_337b531009de] Cluster ID: igMICRUWSZmdRuxlP-JQ6A
2025-08-06 18:52:39,990 INFO  [org.apa.kaf.cli.pro.int.TransactionManager] (kafka-producer-network-thread | Producer-topic-2975f0f0_054e_4ade_aa5c_337b531009de) [Producer clientId=Producer-topic-2975f0f0_054e_4ade_aa5c_337b531009de] ProducerId set to 3 with epoch 0
2025-08-06 18:52:40,292 INFO  [io.api.tes.ser.api.KafkaSerdesTester] (Thread-615) Sending message {"bar": "value-1"} to topic topic-2975f0f0_054e_4ade_aa5c_337b531009de
2025-08-06 18:52:40,296 INFO  [io.api.tes.ser.api.KafkaSerdesTester] (Thread-615) Sending message {"bar": "value-2"} to topic topic-2975f0f0_054e_4ade_aa5c_337b531009de
2025-08-06 18:52:40,299 INFO  [io.api.tes.ser.api.KafkaSerdesTester] (Thread-615) Sending message {"bar": "value-3"} to topic topic-2975f0f0_054e_4ade_aa5c_337b531009de
2025-08-06 18:52:40,302 INFO  [io.api.tes.ser.api.KafkaSerdesTester] (Thread-615) Sending message {"bar": "value-4"} to topic topic-2975f0f0_054e_4ade_aa5c_337b531009de
2025-08-06 18:52:40,305 INFO  [io.api.tes.ser.api.KafkaSerdesTester] (Thread-615) Sending message {"bar": "value-5"} to topic topic-2975f0f0_054e_4ade_aa5c_337b531009de
2025-08-06 18:52:40,309 INFO  [io.api.tes.ser.api.KafkaSerdesTester] (Thread-615) Sending message {"bar": "value-6"} to topic topic-2975f0f0_054e_4ade_aa5c_337b531009de
2025-08-06 18:52:40,311 INFO  [io.api.tes.ser.api.KafkaSerdesTester] (Thread-615) Sending message {"bar": "value-7"} to topic topic-2975f0f0_054e_4ade_aa5c_337b531009de
2025-08-06 18:52:40,313 INFO  [io.api.tes.ser.api.KafkaSerdesTester] (Thread-615) Sending message {"bar": "value-8"} to topic topic-2975f0f0_054e_4ade_aa5c_337b531009de
2025-08-06 18:52:40,320 INFO  [io.api.tes.ser.api.KafkaSerdesTester] (Thread-615) Sending message {"bar": "value-9"} to topic topic-2975f0f0_054e_4ade_aa5c_337b531009de
2025-08-06 18:52:40,326 INFO  [io.api.tes.ser.api.KafkaSerdesTester] (Thread-615) Produced 10 messages
2025-08-06 18:52:40,326 INFO  [org.apa.kaf.cli.pro.KafkaProducer] (Thread-615) [Producer clientId=Producer-topic-2975f0f0_054e_4ade_aa5c_337b531009de] Closing the Kafka producer with timeoutMillis = 9223372036854775807 ms.
2025-08-06 18:52:40,329 INFO  [org.apa.kaf.com.met.Metrics] (Thread-615) Metrics scheduler closed
2025-08-06 18:52:40,329 INFO  [org.apa.kaf.com.met.Metrics] (Thread-615) Closing reporter org.apache.kafka.common.metrics.JmxReporter
2025-08-06 18:52:40,329 INFO  [org.apa.kaf.com.met.Metrics] (Thread-615) Closing reporter org.apache.kafka.common.telemetry.internals.ClientTelemetryReporter
2025-08-06 18:52:40,329 INFO  [org.apa.kaf.com.met.Metrics] (Thread-615) Metrics reporters closed
2025-08-06 18:52:40,330 INFO  [org.apa.kaf.com.uti.AppInfoParser] (Thread-615) App info kafka.producer for Producer-topic-2975f0f0_054e_4ade_aa5c_337b531009de unregistered
**** Registry Base URL: http://registry-app-pg17.apps.ci419.apicurio-testing.org:80
2025-08-06 18:52:40,494 INFO  [org.apa.kaf.cli.con.ConsumerConfig] (main) ConsumerConfig values: 
	allow.auto.create.topics = true
	auto.commit.interval.ms = 500
	auto.include.jmx.reporter = true
	auto.offset.reset = earliest
	bootstrap.servers = [PLAINTEXT://localhost:32769]
	check.crcs = true
	client.dns.lookup = use_all_dns_ips
	client.id = consumer-Consumer-topic-2975f0f0_054e_4ade_aa5c_337b531009de-3
	client.rack = 
	connections.max.idle.ms = 10000
	default.api.timeout.ms = 60000
	enable.auto.commit = true
	enable.metrics.push = true
	exclude.internal.topics = true
	fetch.max.bytes = 52428800
	fetch.max.wait.ms = 500
	fetch.min.bytes = 1
	group.id = Consumer-topic-2975f0f0_054e_4ade_aa5c_337b531009de
	group.instance.id = null
	group.protocol = classic
	group.remote.assignor = null
	heartbeat.interval.ms = 3000
	interceptor.classes = []
	internal.leave.group.on.close = true
	internal.throw.on.fetch.stable.offset.unsupported = false
	isolation.level = read_uncommitted
	key.deserializer = class org.apache.kafka.common.serialization.StringDeserializer
	max.partition.fetch.bytes = 1048576
	max.poll.interval.ms = 300000
	max.poll.records = 500
	metadata.max.age.ms = 300000
	metadata.recovery.strategy = none
	metric.reporters = []
	metrics.num.samples = 2
	metrics.recording.level = INFO
	metrics.sample.window.ms = 30000
	partition.assignment.strategy = [class org.apache.kafka.clients.consumer.RangeAssignor, class org.apache.kafka.clients.consumer.CooperativeStickyAssignor]
	receive.buffer.bytes = 65536
	reconnect.backoff.max.ms = 1000
	reconnect.backoff.ms = 50
	request.timeout.ms = 5000
	retry.backoff.max.ms = 1000
	retry.backoff.ms = 100
	sasl.client.callback.handler.class = null
	sasl.jaas.config = null
	sasl.kerberos.kinit.cmd = /usr/bin/kinit
	sasl.kerberos.min.time.before.relogin = 60000
	sasl.kerberos.service.name = null
	sasl.kerberos.ticket.renew.jitter = 0.05
	sasl.kerberos.ticket.renew.window.factor = 0.8
	sasl.login.callback.handler.class = null
	sasl.login.class = null
	sasl.login.connect.timeout.ms = null
	sasl.login.read.timeout.ms = null
	sasl.login.refresh.buffer.seconds = 300
	sasl.login.refresh.min.period.seconds = 60
	sasl.login.refresh.window.factor = 0.8
	sasl.login.refresh.window.jitter = 0.05
	sasl.login.retry.backoff.max.ms = 10000
	sasl.login.retry.backoff.ms = 100
	sasl.mechanism = GSSAPI
	sasl.oauthbearer.clock.skew.seconds = 30
	sasl.oauthbearer.expected.audience = null
	sasl.oauthbearer.expected.issuer = null
	sasl.oauthbearer.header.urlencode = false
	sasl.oauthbearer.jwks.endpoint.refresh.ms = 3600000
	sasl.oauthbearer.jwks.endpoint.retry.backoff.max.ms = 10000
	sasl.oauthbearer.jwks.endpoint.retry.backoff.ms = 100
	sasl.oauthbearer.jwks.endpoint.url = null
	sasl.oauthbearer.scope.claim.name = scope
	sasl.oauthbearer.sub.claim.name = sub
	sasl.oauthbearer.token.endpoint.url = null
	security.protocol = PLAINTEXT
	security.providers = null
	send.buffer.bytes = 131072
	session.timeout.ms = 45000
	socket.connection.setup.timeout.max.ms = 30000
	socket.connection.setup.timeout.ms = 10000
	ssl.cipher.suites = null
	ssl.enabled.protocols = [TLSv1.2, TLSv1.3]
	ssl.endpoint.identification.algorithm = https
	ssl.engine.factory.class = null
	ssl.key.password = null
	ssl.keymanager.algorithm = SunX509
	ssl.keystore.certificate.chain = null
	ssl.keystore.key = null
	ssl.keystore.location = null
	ssl.keystore.password = null
	ssl.keystore.type = JKS
	ssl.protocol = TLSv1.3
	ssl.provider = null
	ssl.secure.random.implementation = null
	ssl.trustmanager.algorithm = PKIX
	ssl.truststore.certificates = null
	ssl.truststore.location = null
	ssl.truststore.password = null
	ssl.truststore.type = JKS
	value.deserializer = class io.apicurio.registry.serde.avro.AvroKafkaDeserializer

2025-08-06 18:52:40,494 INFO  [org.apa.kaf.com.tel.int.KafkaMetricsCollector] (main) initializing Kafka metrics collector
2025-08-06 18:52:40,501 INFO  [org.apa.kaf.cli.con.ConsumerConfig] (main) These configurations '[apicurio.registry.avro.encoding, apicurio.registry.url]' were supplied but are not used yet.
2025-08-06 18:52:40,501 INFO  [org.apa.kaf.com.uti.AppInfoParser] (main) Kafka version: 3.9.1
2025-08-06 18:52:40,501 INFO  [org.apa.kaf.com.uti.AppInfoParser] (main) Kafka commitId: f745dfdcee2b9851
2025-08-06 18:52:40,501 INFO  [org.apa.kaf.com.uti.AppInfoParser] (main) Kafka startTimeMs: 1754506360501
2025-08-06 18:52:40,502 INFO  [org.apa.kaf.cli.con.int.ClassicKafkaConsumer] (Thread-618) [Consumer clientId=consumer-Consumer-topic-2975f0f0_054e_4ade_aa5c_337b531009de-3, groupId=Consumer-topic-2975f0f0_054e_4ade_aa5c_337b531009de] Subscribed to topic(s): topic-2975f0f0_054e_4ade_aa5c_337b531009de
2025-08-06 18:52:40,507 INFO  [org.apa.kaf.cli.Metadata] (Thread-618) [Consumer clientId=consumer-Consumer-topic-2975f0f0_054e_4ade_aa5c_337b531009de-3, groupId=Consumer-topic-2975f0f0_054e_4ade_aa5c_337b531009de] Cluster ID: igMICRUWSZmdRuxlP-JQ6A
2025-08-06 18:52:40,508 INFO  [org.apa.kaf.cli.con.int.ConsumerCoordinator] (Thread-618) [Consumer clientId=consumer-Consumer-topic-2975f0f0_054e_4ade_aa5c_337b531009de-3, groupId=Consumer-topic-2975f0f0_054e_4ade_aa5c_337b531009de] Discovered group coordinator localhost:32769 (id: 2147483647 rack: null)
2025-08-06 18:52:40,510 INFO  [org.apa.kaf.cli.con.int.ConsumerCoordinator] (Thread-618) [Consumer clientId=consumer-Consumer-topic-2975f0f0_054e_4ade_aa5c_337b531009de-3, groupId=Consumer-topic-2975f0f0_054e_4ade_aa5c_337b531009de] (Re-)joining group
2025-08-06 18:52:40,514 INFO  [org.apa.kaf.cli.con.int.ConsumerCoordinator] (Thread-618) [Consumer clientId=consumer-Consumer-topic-2975f0f0_054e_4ade_aa5c_337b531009de-3, groupId=Consumer-topic-2975f0f0_054e_4ade_aa5c_337b531009de] Request joining group due to: need to re-join with the given member-id: consumer-Consumer-topic-2975f0f0_054e_4ade_aa5c_337b531009de-3-e6ee3278-3fcd-4275-ab27-bd7abe9e9963
2025-08-06 18:52:40,515 INFO  [org.apa.kaf.cli.con.int.ConsumerCoordinator] (Thread-618) [Consumer clientId=consumer-Consumer-topic-2975f0f0_054e_4ade_aa5c_337b531009de-3, groupId=Consumer-topic-2975f0f0_054e_4ade_aa5c_337b531009de] (Re-)joining group
2025-08-06 18:52:41,502 INFO  [io.api.tes.ser.api.KafkaSerdesTester] (Thread-618) None found
2025-08-06 18:52:42,502 INFO  [io.api.tes.ser.api.KafkaSerdesTester] (Thread-618) None found
2025-08-06 18:52:43,503 INFO  [io.api.tes.ser.api.KafkaSerdesTester] (Thread-618) None found
2025-08-06 18:52:43,518 INFO  [org.apa.kaf.cli.con.int.ConsumerCoordinator] (Thread-618) [Consumer clientId=consumer-Consumer-topic-2975f0f0_054e_4ade_aa5c_337b531009de-3, groupId=Consumer-topic-2975f0f0_054e_4ade_aa5c_337b531009de] Successfully joined group with generation Generation{generationId=1, memberId='consumer-Consumer-topic-2975f0f0_054e_4ade_aa5c_337b531009de-3-e6ee3278-3fcd-4275-ab27-bd7abe9e9963', protocol='range'}
2025-08-06 18:52:43,518 INFO  [org.apa.kaf.cli.con.int.ConsumerCoordinator] (Thread-618) [Consumer clientId=consumer-Consumer-topic-2975f0f0_054e_4ade_aa5c_337b531009de-3, groupId=Consumer-topic-2975f0f0_054e_4ade_aa5c_337b531009de] Finished assignment for group at generation 1: {consumer-Consumer-topic-2975f0f0_054e_4ade_aa5c_337b531009de-3-e6ee3278-3fcd-4275-ab27-bd7abe9e9963=Assignment(partitions=[topic-2975f0f0_054e_4ade_aa5c_337b531009de-0])}
2025-08-06 18:52:43,526 INFO  [org.apa.kaf.cli.con.int.ConsumerCoordinator] (Thread-618) [Consumer clientId=consumer-Consumer-topic-2975f0f0_054e_4ade_aa5c_337b531009de-3, groupId=Consumer-topic-2975f0f0_054e_4ade_aa5c_337b531009de] Successfully synced group in generation Generation{generationId=1, memberId='consumer-Consumer-topic-2975f0f0_054e_4ade_aa5c_337b531009de-3-e6ee3278-3fcd-4275-ab27-bd7abe9e9963', protocol='range'}
2025-08-06 18:52:43,526 INFO  [org.apa.kaf.cli.con.int.ConsumerCoordinator] (Thread-618) [Consumer clientId=consumer-Consumer-topic-2975f0f0_054e_4ade_aa5c_337b531009de-3, groupId=Consumer-topic-2975f0f0_054e_4ade_aa5c_337b531009de] Notifying assignor about the new Assignment(partitions=[topic-2975f0f0_054e_4ade_aa5c_337b531009de-0])
2025-08-06 18:52:43,526 INFO  [org.apa.kaf.cli.con.int.ConsumerRebalanceListenerInvoker] (Thread-618) [Consumer clientId=consumer-Consumer-topic-2975f0f0_054e_4ade_aa5c_337b531009de-3, groupId=Consumer-topic-2975f0f0_054e_4ade_aa5c_337b531009de] Adding newly assigned partitions: topic-2975f0f0_054e_4ade_aa5c_337b531009de-0
2025-08-06 18:52:43,528 INFO  [org.apa.kaf.cli.con.int.ConsumerCoordinator] (Thread-618) [Consumer clientId=consumer-Consumer-topic-2975f0f0_054e_4ade_aa5c_337b531009de-3, groupId=Consumer-topic-2975f0f0_054e_4ade_aa5c_337b531009de] Found no committed offset for partition topic-2975f0f0_054e_4ade_aa5c_337b531009de-0
2025-08-06 18:52:43,532 INFO  [org.apa.kaf.cli.con.int.SubscriptionState] (Thread-618) [Consumer clientId=consumer-Consumer-topic-2975f0f0_054e_4ade_aa5c_337b531009de-3, groupId=Consumer-topic-2975f0f0_054e_4ade_aa5c_337b531009de] Resetting offset for partition topic-2975f0f0_054e_4ade_aa5c_337b531009de-0 to position FetchPosition{offset=0, offsetEpoch=Optional.empty, currentLeader=LeaderAndEpoch{leader=Optional[localhost:32769 (id: 0 rack: null)], epoch=0}}.
2025-08-06 18:52:43,767 INFO  [io.api.tes.ser.api.KafkaSerdesTester] (Thread-618) topic-2975f0f0_054e_4ade_aa5c_337b531009de 0 0 {"bar": "value-0"}
2025-08-06 18:52:43,768 INFO  [io.api.tes.ser.api.KafkaSerdesTester] (Thread-618) topic-2975f0f0_054e_4ade_aa5c_337b531009de 0 1 {"bar": "value-1"}
2025-08-06 18:52:43,768 INFO  [io.api.tes.ser.api.KafkaSerdesTester] (Thread-618) topic-2975f0f0_054e_4ade_aa5c_337b531009de 0 2 {"bar": "value-2"}
2025-08-06 18:52:43,768 INFO  [io.api.tes.ser.api.KafkaSerdesTester] (Thread-618) topic-2975f0f0_054e_4ade_aa5c_337b531009de 0 3 {"bar": "value-3"}
2025-08-06 18:52:43,768 INFO  [io.api.tes.ser.api.KafkaSerdesTester] (Thread-618) topic-2975f0f0_054e_4ade_aa5c_337b531009de 0 4 {"bar": "value-4"}
2025-08-06 18:52:43,768 INFO  [io.api.tes.ser.api.KafkaSerdesTester] (Thread-618) topic-2975f0f0_054e_4ade_aa5c_337b531009de 0 5 {"bar": "value-5"}
2025-08-06 18:52:43,768 INFO  [io.api.tes.ser.api.KafkaSerdesTester] (Thread-618) topic-2975f0f0_054e_4ade_aa5c_337b531009de 0 6 {"bar": "value-6"}
2025-08-06 18:52:43,769 INFO  [io.api.tes.ser.api.KafkaSerdesTester] (Thread-618) topic-2975f0f0_054e_4ade_aa5c_337b531009de 0 7 {"bar": "value-7"}
2025-08-06 18:52:43,769 INFO  [io.api.tes.ser.api.KafkaSerdesTester] (Thread-618) topic-2975f0f0_054e_4ade_aa5c_337b531009de 0 8 {"bar": "value-8"}
2025-08-06 18:52:43,769 INFO  [io.api.tes.ser.api.KafkaSerdesTester] (Thread-618) topic-2975f0f0_054e_4ade_aa5c_337b531009de 0 9 {"bar": "value-9"}
2025-08-06 18:52:43,769 INFO  [io.api.tes.ser.api.KafkaSerdesTester] (Thread-618) Consumed 10 messages
2025-08-06 18:52:43,777 INFO  [org.apa.kaf.cli.con.int.ConsumerRebalanceListenerInvoker] (Thread-618) [Consumer clientId=consumer-Consumer-topic-2975f0f0_054e_4ade_aa5c_337b531009de-3, groupId=Consumer-topic-2975f0f0_054e_4ade_aa5c_337b531009de] Revoke previously assigned partitions topic-2975f0f0_054e_4ade_aa5c_337b531009de-0
2025-08-06 18:52:43,777 INFO  [org.apa.kaf.cli.con.int.ConsumerCoordinator] (Thread-618) [Consumer clientId=consumer-Consumer-topic-2975f0f0_054e_4ade_aa5c_337b531009de-3, groupId=Consumer-topic-2975f0f0_054e_4ade_aa5c_337b531009de] Member consumer-Consumer-topic-2975f0f0_054e_4ade_aa5c_337b531009de-3-e6ee3278-3fcd-4275-ab27-bd7abe9e9963 sending LeaveGroup request to coordinator localhost:32769 (id: 2147483647 rack: null) due to the consumer is being closed
2025-08-06 18:52:43,778 INFO  [org.apa.kaf.cli.con.int.ConsumerCoordinator] (Thread-618) [Consumer clientId=consumer-Consumer-topic-2975f0f0_054e_4ade_aa5c_337b531009de-3, groupId=Consumer-topic-2975f0f0_054e_4ade_aa5c_337b531009de] Resetting generation and member id due to: consumer pro-actively leaving the group
2025-08-06 18:52:43,778 INFO  [org.apa.kaf.cli.con.int.ConsumerCoordinator] (Thread-618) [Consumer clientId=consumer-Consumer-topic-2975f0f0_054e_4ade_aa5c_337b531009de-3, groupId=Consumer-topic-2975f0f0_054e_4ade_aa5c_337b531009de] Request joining group due to: consumer pro-actively leaving the group
2025-08-06 18:52:44,272 INFO  [org.apa.kaf.com.met.Metrics] (Thread-618) Metrics scheduler closed
2025-08-06 18:52:44,272 INFO  [org.apa.kaf.com.met.Metrics] (Thread-618) Closing reporter org.apache.kafka.common.metrics.JmxReporter
2025-08-06 18:52:44,272 INFO  [org.apa.kaf.com.met.Metrics] (Thread-618) Closing reporter org.apache.kafka.common.telemetry.internals.ClientTelemetryReporter
2025-08-06 18:52:44,272 INFO  [org.apa.kaf.com.met.Metrics] (Thread-618) Metrics reporters closed
2025-08-06 18:52:44,276 INFO  [org.apa.kaf.com.uti.AppInfoParser] (Thread-618) App info kafka.consumer for consumer-Consumer-topic-2975f0f0_054e_4ade_aa5c_337b531009de-3 unregistered
2025-08-06 18:52:44,277 INFO  [io.api.tes.uti.TestSeparator] (main) io.apicurio.tests.serdes.apicurio.AvroSerdeIT.testAvroJSON-FINISHED
2025-08-06 18:52:44,277 INFO  [io.api.tes.uti.TestSeparator] (main) ############################################################################
Test passed: testAvroJSON
]]></system-out>
  </testcase>
  <testcase name="testTopicIdStrategyAutoRegister" classname="io.apicurio.tests.serdes.apicurio.AvroSerdeIT" time="4.487">
    <system-out><![CDATA[2025-08-06 18:52:44,279 INFO  [io.api.tes.uti.TestSeparator] (main) ############################################################################
2025-08-06 18:52:44,279 INFO  [io.api.tes.uti.TestSeparator] (main) io.apicurio.tests.serdes.apicurio.AvroSerdeIT.testTopicIdStrategyAutoRegister-STARTED
**** Registry Base URL: http://registry-app-pg17.apps.ci419.apicurio-testing.org:80
2025-08-06 18:52:44,285 INFO  [org.apa.kaf.cli.pro.ProducerConfig] (main) ProducerConfig values: 
	acks = -1
	auto.include.jmx.reporter = true
	batch.size = 16384
	bootstrap.servers = [PLAINTEXT://localhost:32769]
	buffer.memory = 33554432
	client.dns.lookup = use_all_dns_ips
	client.id = Producer-topic-70f8be26_b728_4e4e_85aa_03fb531951ec
	compression.gzip.level = -1
	compression.lz4.level = 9
	compression.type = none
	compression.zstd.level = 3
	connections.max.idle.ms = 10000
	delivery.timeout.ms = 120000
	enable.idempotence = true
	enable.metrics.push = true
	interceptor.classes = []
	key.serializer = class org.apache.kafka.common.serialization.StringSerializer
	linger.ms = 0
	max.block.ms = 60000
	max.in.flight.requests.per.connection = 5
	max.request.size = 1048576
	metadata.max.age.ms = 300000
	metadata.max.idle.ms = 300000
	metadata.recovery.strategy = none
	metric.reporters = []
	metrics.num.samples = 2
	metrics.recording.level = INFO
	metrics.sample.window.ms = 30000
	partitioner.adaptive.partitioning.enable = true
	partitioner.availability.timeout.ms = 0
	partitioner.class = null
	partitioner.ignore.keys = false
	receive.buffer.bytes = 32768
	reconnect.backoff.max.ms = 1000
	reconnect.backoff.ms = 50
	request.timeout.ms = 5000
	retries = 2147483647
	retry.backoff.max.ms = 1000
	retry.backoff.ms = 100
	sasl.client.callback.handler.class = null
	sasl.jaas.config = null
	sasl.kerberos.kinit.cmd = /usr/bin/kinit
	sasl.kerberos.min.time.before.relogin = 60000
	sasl.kerberos.service.name = null
	sasl.kerberos.ticket.renew.jitter = 0.05
	sasl.kerberos.ticket.renew.window.factor = 0.8
	sasl.login.callback.handler.class = null
	sasl.login.class = null
	sasl.login.connect.timeout.ms = null
	sasl.login.read.timeout.ms = null
	sasl.login.refresh.buffer.seconds = 300
	sasl.login.refresh.min.period.seconds = 60
	sasl.login.refresh.window.factor = 0.8
	sasl.login.refresh.window.jitter = 0.05
	sasl.login.retry.backoff.max.ms = 10000
	sasl.login.retry.backoff.ms = 100
	sasl.mechanism = GSSAPI
	sasl.oauthbearer.clock.skew.seconds = 30
	sasl.oauthbearer.expected.audience = null
	sasl.oauthbearer.expected.issuer = null
	sasl.oauthbearer.header.urlencode = false
	sasl.oauthbearer.jwks.endpoint.refresh.ms = 3600000
	sasl.oauthbearer.jwks.endpoint.retry.backoff.max.ms = 10000
	sasl.oauthbearer.jwks.endpoint.retry.backoff.ms = 100
	sasl.oauthbearer.jwks.endpoint.url = null
	sasl.oauthbearer.scope.claim.name = scope
	sasl.oauthbearer.sub.claim.name = sub
	sasl.oauthbearer.token.endpoint.url = null
	security.protocol = PLAINTEXT
	security.providers = null
	send.buffer.bytes = 131072
	socket.connection.setup.timeout.max.ms = 30000
	socket.connection.setup.timeout.ms = 10000
	ssl.cipher.suites = null
	ssl.enabled.protocols = [TLSv1.2, TLSv1.3]
	ssl.endpoint.identification.algorithm = https
	ssl.engine.factory.class = null
	ssl.key.password = null
	ssl.keymanager.algorithm = SunX509
	ssl.keystore.certificate.chain = null
	ssl.keystore.key = null
	ssl.keystore.location = null
	ssl.keystore.password = null
	ssl.keystore.type = JKS
	ssl.protocol = TLSv1.3
	ssl.provider = null
	ssl.secure.random.implementation = null
	ssl.trustmanager.algorithm = PKIX
	ssl.truststore.certificates = null
	ssl.truststore.location = null
	ssl.truststore.password = null
	ssl.truststore.type = JKS
	transaction.timeout.ms = 60000
	transactional.id = null
	value.serializer = class io.apicurio.registry.serde.avro.AvroKafkaSerializer

2025-08-06 18:52:44,286 INFO  [org.apa.kaf.com.tel.int.KafkaMetricsCollector] (main) initializing Kafka metrics collector
2025-08-06 18:52:44,290 INFO  [org.apa.kaf.cli.pro.KafkaProducer] (main) [Producer clientId=Producer-topic-70f8be26_b728_4e4e_85aa_03fb531951ec] Instantiated an idempotent producer.
2025-08-06 18:52:44,292 INFO  [org.apa.kaf.cli.pro.ProducerConfig] (main) These configurations '[apicurio.registry.url, apicurio.registry.auto-register, apicurio.registry.artifact-resolver-strategy]' were supplied but are not used yet.
2025-08-06 18:52:44,292 INFO  [org.apa.kaf.com.uti.AppInfoParser] (main) Kafka version: 3.9.1
2025-08-06 18:52:44,292 INFO  [org.apa.kaf.com.uti.AppInfoParser] (main) Kafka commitId: f745dfdcee2b9851
2025-08-06 18:52:44,293 INFO  [org.apa.kaf.com.uti.AppInfoParser] (main) Kafka startTimeMs: 1754506364292
2025-08-06 18:52:44,293 INFO  [io.api.tes.ser.api.SimpleSerdesTesterBuilder$SimpleSerdesTester] (main) Using producer configuration: {apicurio.registry.url=http://registry-app-pg17.apps.ci419.apicurio-testing.org:80/apis/registry/v3, apicurio.registry.auto-register=true, apicurio.registry.artifact-resolver-strategy=io.apicurio.registry.serde.strategy.TopicIdStrategy, value.serializer=io.apicurio.registry.serde.avro.AvroKafkaSerializer, request.timeout.ms=5000, acks=all, bootstrap.servers=PLAINTEXT://localhost:32769, connections.max.idle.ms=10000, key.serializer=org.apache.kafka.common.serialization.StringSerializer, client.id=Producer-topic-70f8be26_b728_4e4e_85aa_03fb531951ec}
2025-08-06 18:52:44,293 INFO  [io.api.tes.ser.api.SimpleSerdesTesterBuilder$SimpleSerdesTester] (main) Using consumer configuration: {}
2025-08-06 18:52:44,295 INFO  [io.api.tes.ser.api.KafkaSerdesTester] (Thread-621) Sending message {"key11754506364279": "value-0"} to topic topic-70f8be26_b728_4e4e_85aa_03fb531951ec
2025-08-06 18:52:44,300 WARN  [org.apa.kaf.cli.NetworkClient] (kafka-producer-network-thread | Producer-topic-70f8be26_b728_4e4e_85aa_03fb531951ec) [Producer clientId=Producer-topic-70f8be26_b728_4e4e_85aa_03fb531951ec] The metadata response from the cluster reported a recoverable issue with correlation id 1 : {topic-70f8be26_b728_4e4e_85aa_03fb531951ec=UNKNOWN_TOPIC_OR_PARTITION}
2025-08-06 18:52:44,300 INFO  [org.apa.kaf.cli.Metadata] (kafka-producer-network-thread | Producer-topic-70f8be26_b728_4e4e_85aa_03fb531951ec) [Producer clientId=Producer-topic-70f8be26_b728_4e4e_85aa_03fb531951ec] Cluster ID: igMICRUWSZmdRuxlP-JQ6A
2025-08-06 18:52:44,301 INFO  [org.apa.kaf.cli.pro.int.TransactionManager] (kafka-producer-network-thread | Producer-topic-70f8be26_b728_4e4e_85aa_03fb531951ec) [Producer clientId=Producer-topic-70f8be26_b728_4e4e_85aa_03fb531951ec] ProducerId set to 4 with epoch 0
2025-08-06 18:52:44,613 INFO  [io.api.tes.ser.api.KafkaSerdesTester] (Thread-621) Sending message {"key11754506364279": "value-1"} to topic topic-70f8be26_b728_4e4e_85aa_03fb531951ec
2025-08-06 18:52:44,617 INFO  [io.api.tes.ser.api.KafkaSerdesTester] (Thread-621) Sending message {"key11754506364279": "value-2"} to topic topic-70f8be26_b728_4e4e_85aa_03fb531951ec
2025-08-06 18:52:44,622 INFO  [io.api.tes.ser.api.KafkaSerdesTester] (Thread-621) Sending message {"key11754506364279": "value-3"} to topic topic-70f8be26_b728_4e4e_85aa_03fb531951ec
2025-08-06 18:52:44,625 INFO  [io.api.tes.ser.api.KafkaSerdesTester] (Thread-621) Sending message {"key11754506364279": "value-4"} to topic topic-70f8be26_b728_4e4e_85aa_03fb531951ec
2025-08-06 18:52:44,628 INFO  [io.api.tes.ser.api.KafkaSerdesTester] (Thread-621) Sending message {"key11754506364279": "value-5"} to topic topic-70f8be26_b728_4e4e_85aa_03fb531951ec
2025-08-06 18:52:44,630 INFO  [io.api.tes.ser.api.KafkaSerdesTester] (Thread-621) Sending message {"key11754506364279": "value-6"} to topic topic-70f8be26_b728_4e4e_85aa_03fb531951ec
2025-08-06 18:52:44,632 INFO  [io.api.tes.ser.api.KafkaSerdesTester] (Thread-621) Sending message {"key11754506364279": "value-7"} to topic topic-70f8be26_b728_4e4e_85aa_03fb531951ec
2025-08-06 18:52:44,634 INFO  [io.api.tes.ser.api.KafkaSerdesTester] (Thread-621) Sending message {"key11754506364279": "value-8"} to topic topic-70f8be26_b728_4e4e_85aa_03fb531951ec
2025-08-06 18:52:44,638 INFO  [io.api.tes.ser.api.KafkaSerdesTester] (Thread-621) Sending message {"key11754506364279": "value-9"} to topic topic-70f8be26_b728_4e4e_85aa_03fb531951ec
2025-08-06 18:52:44,640 INFO  [io.api.tes.ser.api.KafkaSerdesTester] (Thread-621) Produced 10 messages
2025-08-06 18:52:44,640 INFO  [org.apa.kaf.cli.pro.KafkaProducer] (Thread-621) [Producer clientId=Producer-topic-70f8be26_b728_4e4e_85aa_03fb531951ec] Closing the Kafka producer with timeoutMillis = 9223372036854775807 ms.
2025-08-06 18:52:44,644 INFO  [org.apa.kaf.com.met.Metrics] (Thread-621) Metrics scheduler closed
2025-08-06 18:52:44,644 INFO  [org.apa.kaf.com.met.Metrics] (Thread-621) Closing reporter org.apache.kafka.common.metrics.JmxReporter
2025-08-06 18:52:44,644 INFO  [org.apa.kaf.com.met.Metrics] (Thread-621) Closing reporter org.apache.kafka.common.telemetry.internals.ClientTelemetryReporter
2025-08-06 18:52:44,644 INFO  [org.apa.kaf.com.met.Metrics] (Thread-621) Metrics reporters closed
2025-08-06 18:52:44,645 INFO  [org.apa.kaf.com.uti.AppInfoParser] (Thread-621) App info kafka.producer for Producer-topic-70f8be26_b728_4e4e_85aa_03fb531951ec unregistered
**** Registry Base URL: http://registry-app-pg17.apps.ci419.apicurio-testing.org:80
2025-08-06 18:52:44,813 INFO  [org.apa.kaf.cli.con.ConsumerConfig] (main) ConsumerConfig values: 
	allow.auto.create.topics = true
	auto.commit.interval.ms = 500
	auto.include.jmx.reporter = true
	auto.offset.reset = earliest
	bootstrap.servers = [PLAINTEXT://localhost:32769]
	check.crcs = true
	client.dns.lookup = use_all_dns_ips
	client.id = consumer-Consumer-topic-70f8be26_b728_4e4e_85aa_03fb531951ec-4
	client.rack = 
	connections.max.idle.ms = 10000
	default.api.timeout.ms = 60000
	enable.auto.commit = true
	enable.metrics.push = true
	exclude.internal.topics = true
	fetch.max.bytes = 52428800
	fetch.max.wait.ms = 500
	fetch.min.bytes = 1
	group.id = Consumer-topic-70f8be26_b728_4e4e_85aa_03fb531951ec
	group.instance.id = null
	group.protocol = classic
	group.remote.assignor = null
	heartbeat.interval.ms = 3000
	interceptor.classes = []
	internal.leave.group.on.close = true
	internal.throw.on.fetch.stable.offset.unsupported = false
	isolation.level = read_uncommitted
	key.deserializer = class org.apache.kafka.common.serialization.StringDeserializer
	max.partition.fetch.bytes = 1048576
	max.poll.interval.ms = 300000
	max.poll.records = 500
	metadata.max.age.ms = 300000
	metadata.recovery.strategy = none
	metric.reporters = []
	metrics.num.samples = 2
	metrics.recording.level = INFO
	metrics.sample.window.ms = 30000
	partition.assignment.strategy = [class org.apache.kafka.clients.consumer.RangeAssignor, class org.apache.kafka.clients.consumer.CooperativeStickyAssignor]
	receive.buffer.bytes = 65536
	reconnect.backoff.max.ms = 1000
	reconnect.backoff.ms = 50
	request.timeout.ms = 5000
	retry.backoff.max.ms = 1000
	retry.backoff.ms = 100
	sasl.client.callback.handler.class = null
	sasl.jaas.config = null
	sasl.kerberos.kinit.cmd = /usr/bin/kinit
	sasl.kerberos.min.time.before.relogin = 60000
	sasl.kerberos.service.name = null
	sasl.kerberos.ticket.renew.jitter = 0.05
	sasl.kerberos.ticket.renew.window.factor = 0.8
	sasl.login.callback.handler.class = null
	sasl.login.class = null
	sasl.login.connect.timeout.ms = null
	sasl.login.read.timeout.ms = null
	sasl.login.refresh.buffer.seconds = 300
	sasl.login.refresh.min.period.seconds = 60
	sasl.login.refresh.window.factor = 0.8
	sasl.login.refresh.window.jitter = 0.05
	sasl.login.retry.backoff.max.ms = 10000
	sasl.login.retry.backoff.ms = 100
	sasl.mechanism = GSSAPI
	sasl.oauthbearer.clock.skew.seconds = 30
	sasl.oauthbearer.expected.audience = null
	sasl.oauthbearer.expected.issuer = null
	sasl.oauthbearer.header.urlencode = false
	sasl.oauthbearer.jwks.endpoint.refresh.ms = 3600000
	sasl.oauthbearer.jwks.endpoint.retry.backoff.max.ms = 10000
	sasl.oauthbearer.jwks.endpoint.retry.backoff.ms = 100
	sasl.oauthbearer.jwks.endpoint.url = null
	sasl.oauthbearer.scope.claim.name = scope
	sasl.oauthbearer.sub.claim.name = sub
	sasl.oauthbearer.token.endpoint.url = null
	security.protocol = PLAINTEXT
	security.providers = null
	send.buffer.bytes = 131072
	session.timeout.ms = 45000
	socket.connection.setup.timeout.max.ms = 30000
	socket.connection.setup.timeout.ms = 10000
	ssl.cipher.suites = null
	ssl.enabled.protocols = [TLSv1.2, TLSv1.3]
	ssl.endpoint.identification.algorithm = https
	ssl.engine.factory.class = null
	ssl.key.password = null
	ssl.keymanager.algorithm = SunX509
	ssl.keystore.certificate.chain = null
	ssl.keystore.key = null
	ssl.keystore.location = null
	ssl.keystore.password = null
	ssl.keystore.type = JKS
	ssl.protocol = TLSv1.3
	ssl.provider = null
	ssl.secure.random.implementation = null
	ssl.trustmanager.algorithm = PKIX
	ssl.truststore.certificates = null
	ssl.truststore.location = null
	ssl.truststore.password = null
	ssl.truststore.type = JKS
	value.deserializer = class io.apicurio.registry.serde.avro.AvroKafkaDeserializer

2025-08-06 18:52:44,814 INFO  [org.apa.kaf.com.tel.int.KafkaMetricsCollector] (main) initializing Kafka metrics collector
2025-08-06 18:52:44,820 INFO  [org.apa.kaf.cli.con.ConsumerConfig] (main) These configurations '[apicurio.registry.url]' were supplied but are not used yet.
2025-08-06 18:52:44,820 INFO  [org.apa.kaf.com.uti.AppInfoParser] (main) Kafka version: 3.9.1
2025-08-06 18:52:44,820 INFO  [org.apa.kaf.com.uti.AppInfoParser] (main) Kafka commitId: f745dfdcee2b9851
2025-08-06 18:52:44,820 INFO  [org.apa.kaf.com.uti.AppInfoParser] (main) Kafka startTimeMs: 1754506364820
2025-08-06 18:52:44,821 INFO  [org.apa.kaf.cli.con.int.ClassicKafkaConsumer] (Thread-624) [Consumer clientId=consumer-Consumer-topic-70f8be26_b728_4e4e_85aa_03fb531951ec-4, groupId=Consumer-topic-70f8be26_b728_4e4e_85aa_03fb531951ec] Subscribed to topic(s): topic-70f8be26_b728_4e4e_85aa_03fb531951ec
2025-08-06 18:52:44,828 INFO  [org.apa.kaf.cli.Metadata] (Thread-624) [Consumer clientId=consumer-Consumer-topic-70f8be26_b728_4e4e_85aa_03fb531951ec-4, groupId=Consumer-topic-70f8be26_b728_4e4e_85aa_03fb531951ec] Cluster ID: igMICRUWSZmdRuxlP-JQ6A
2025-08-06 18:52:44,831 INFO  [org.apa.kaf.cli.con.int.ConsumerCoordinator] (Thread-624) [Consumer clientId=consumer-Consumer-topic-70f8be26_b728_4e4e_85aa_03fb531951ec-4, groupId=Consumer-topic-70f8be26_b728_4e4e_85aa_03fb531951ec] Discovered group coordinator localhost:32769 (id: 2147483647 rack: null)
2025-08-06 18:52:44,835 INFO  [org.apa.kaf.cli.con.int.ConsumerCoordinator] (Thread-624) [Consumer clientId=consumer-Consumer-topic-70f8be26_b728_4e4e_85aa_03fb531951ec-4, groupId=Consumer-topic-70f8be26_b728_4e4e_85aa_03fb531951ec] (Re-)joining group
2025-08-06 18:52:44,840 INFO  [org.apa.kaf.cli.con.int.ConsumerCoordinator] (Thread-624) [Consumer clientId=consumer-Consumer-topic-70f8be26_b728_4e4e_85aa_03fb531951ec-4, groupId=Consumer-topic-70f8be26_b728_4e4e_85aa_03fb531951ec] Request joining group due to: need to re-join with the given member-id: consumer-Consumer-topic-70f8be26_b728_4e4e_85aa_03fb531951ec-4-ee5859d2-b126-46bd-847b-e8ac697d0624
2025-08-06 18:52:44,840 INFO  [org.apa.kaf.cli.con.int.ConsumerCoordinator] (Thread-624) [Consumer clientId=consumer-Consumer-topic-70f8be26_b728_4e4e_85aa_03fb531951ec-4, groupId=Consumer-topic-70f8be26_b728_4e4e_85aa_03fb531951ec] (Re-)joining group
2025-08-06 18:52:45,821 INFO  [io.api.tes.ser.api.KafkaSerdesTester] (Thread-624) None found
2025-08-06 18:52:46,821 INFO  [io.api.tes.ser.api.KafkaSerdesTester] (Thread-624) None found
2025-08-06 18:52:47,822 INFO  [io.api.tes.ser.api.KafkaSerdesTester] (Thread-624) None found
2025-08-06 18:52:47,843 INFO  [org.apa.kaf.cli.con.int.ConsumerCoordinator] (Thread-624) [Consumer clientId=consumer-Consumer-topic-70f8be26_b728_4e4e_85aa_03fb531951ec-4, groupId=Consumer-topic-70f8be26_b728_4e4e_85aa_03fb531951ec] Successfully joined group with generation Generation{generationId=1, memberId='consumer-Consumer-topic-70f8be26_b728_4e4e_85aa_03fb531951ec-4-ee5859d2-b126-46bd-847b-e8ac697d0624', protocol='range'}
2025-08-06 18:52:47,843 INFO  [org.apa.kaf.cli.con.int.ConsumerCoordinator] (Thread-624) [Consumer clientId=consumer-Consumer-topic-70f8be26_b728_4e4e_85aa_03fb531951ec-4, groupId=Consumer-topic-70f8be26_b728_4e4e_85aa_03fb531951ec] Finished assignment for group at generation 1: {consumer-Consumer-topic-70f8be26_b728_4e4e_85aa_03fb531951ec-4-ee5859d2-b126-46bd-847b-e8ac697d0624=Assignment(partitions=[topic-70f8be26_b728_4e4e_85aa_03fb531951ec-0])}
2025-08-06 18:52:47,851 INFO  [org.apa.kaf.cli.con.int.ConsumerCoordinator] (Thread-624) [Consumer clientId=consumer-Consumer-topic-70f8be26_b728_4e4e_85aa_03fb531951ec-4, groupId=Consumer-topic-70f8be26_b728_4e4e_85aa_03fb531951ec] Successfully synced group in generation Generation{generationId=1, memberId='consumer-Consumer-topic-70f8be26_b728_4e4e_85aa_03fb531951ec-4-ee5859d2-b126-46bd-847b-e8ac697d0624', protocol='range'}
2025-08-06 18:52:47,851 INFO  [org.apa.kaf.cli.con.int.ConsumerCoordinator] (Thread-624) [Consumer clientId=consumer-Consumer-topic-70f8be26_b728_4e4e_85aa_03fb531951ec-4, groupId=Consumer-topic-70f8be26_b728_4e4e_85aa_03fb531951ec] Notifying assignor about the new Assignment(partitions=[topic-70f8be26_b728_4e4e_85aa_03fb531951ec-0])
2025-08-06 18:52:47,851 INFO  [org.apa.kaf.cli.con.int.ConsumerRebalanceListenerInvoker] (Thread-624) [Consumer clientId=consumer-Consumer-topic-70f8be26_b728_4e4e_85aa_03fb531951ec-4, groupId=Consumer-topic-70f8be26_b728_4e4e_85aa_03fb531951ec] Adding newly assigned partitions: topic-70f8be26_b728_4e4e_85aa_03fb531951ec-0
2025-08-06 18:52:47,853 INFO  [org.apa.kaf.cli.con.int.ConsumerCoordinator] (Thread-624) [Consumer clientId=consumer-Consumer-topic-70f8be26_b728_4e4e_85aa_03fb531951ec-4, groupId=Consumer-topic-70f8be26_b728_4e4e_85aa_03fb531951ec] Found no committed offset for partition topic-70f8be26_b728_4e4e_85aa_03fb531951ec-0
2025-08-06 18:52:47,858 INFO  [org.apa.kaf.cli.con.int.SubscriptionState] (Thread-624) [Consumer clientId=consumer-Consumer-topic-70f8be26_b728_4e4e_85aa_03fb531951ec-4, groupId=Consumer-topic-70f8be26_b728_4e4e_85aa_03fb531951ec] Resetting offset for partition topic-70f8be26_b728_4e4e_85aa_03fb531951ec-0 to position FetchPosition{offset=0, offsetEpoch=Optional.empty, currentLeader=LeaderAndEpoch{leader=Optional[localhost:32769 (id: 0 rack: null)], epoch=0}}.
2025-08-06 18:52:48,097 INFO  [io.api.tes.ser.api.KafkaSerdesTester] (Thread-624) topic-70f8be26_b728_4e4e_85aa_03fb531951ec 0 0 {"key11754506364279": "value-0"}
2025-08-06 18:52:48,098 INFO  [io.api.tes.ser.api.KafkaSerdesTester] (Thread-624) topic-70f8be26_b728_4e4e_85aa_03fb531951ec 0 1 {"key11754506364279": "value-1"}
2025-08-06 18:52:48,098 INFO  [io.api.tes.ser.api.KafkaSerdesTester] (Thread-624) topic-70f8be26_b728_4e4e_85aa_03fb531951ec 0 2 {"key11754506364279": "value-2"}
2025-08-06 18:52:48,098 INFO  [io.api.tes.ser.api.KafkaSerdesTester] (Thread-624) topic-70f8be26_b728_4e4e_85aa_03fb531951ec 0 3 {"key11754506364279": "value-3"}
2025-08-06 18:52:48,098 INFO  [io.api.tes.ser.api.KafkaSerdesTester] (Thread-624) topic-70f8be26_b728_4e4e_85aa_03fb531951ec 0 4 {"key11754506364279": "value-4"}
2025-08-06 18:52:48,099 INFO  [io.api.tes.ser.api.KafkaSerdesTester] (Thread-624) topic-70f8be26_b728_4e4e_85aa_03fb531951ec 0 5 {"key11754506364279": "value-5"}
2025-08-06 18:52:48,099 INFO  [io.api.tes.ser.api.KafkaSerdesTester] (Thread-624) topic-70f8be26_b728_4e4e_85aa_03fb531951ec 0 6 {"key11754506364279": "value-6"}
2025-08-06 18:52:48,099 INFO  [io.api.tes.ser.api.KafkaSerdesTester] (Thread-624) topic-70f8be26_b728_4e4e_85aa_03fb531951ec 0 7 {"key11754506364279": "value-7"}
2025-08-06 18:52:48,099 INFO  [io.api.tes.ser.api.KafkaSerdesTester] (Thread-624) topic-70f8be26_b728_4e4e_85aa_03fb531951ec 0 8 {"key11754506364279": "value-8"}
2025-08-06 18:52:48,099 INFO  [io.api.tes.ser.api.KafkaSerdesTester] (Thread-624) topic-70f8be26_b728_4e4e_85aa_03fb531951ec 0 9 {"key11754506364279": "value-9"}
2025-08-06 18:52:48,099 INFO  [io.api.tes.ser.api.KafkaSerdesTester] (Thread-624) Consumed 10 messages
2025-08-06 18:52:48,107 INFO  [org.apa.kaf.cli.con.int.ConsumerRebalanceListenerInvoker] (Thread-624) [Consumer clientId=consumer-Consumer-topic-70f8be26_b728_4e4e_85aa_03fb531951ec-4, groupId=Consumer-topic-70f8be26_b728_4e4e_85aa_03fb531951ec] Revoke previously assigned partitions topic-70f8be26_b728_4e4e_85aa_03fb531951ec-0
2025-08-06 18:52:48,107 INFO  [org.apa.kaf.cli.con.int.ConsumerCoordinator] (Thread-624) [Consumer clientId=consumer-Consumer-topic-70f8be26_b728_4e4e_85aa_03fb531951ec-4, groupId=Consumer-topic-70f8be26_b728_4e4e_85aa_03fb531951ec] Member consumer-Consumer-topic-70f8be26_b728_4e4e_85aa_03fb531951ec-4-ee5859d2-b126-46bd-847b-e8ac697d0624 sending LeaveGroup request to coordinator localhost:32769 (id: 2147483647 rack: null) due to the consumer is being closed
2025-08-06 18:52:48,107 INFO  [org.apa.kaf.cli.con.int.ConsumerCoordinator] (Thread-624) [Consumer clientId=consumer-Consumer-topic-70f8be26_b728_4e4e_85aa_03fb531951ec-4, groupId=Consumer-topic-70f8be26_b728_4e4e_85aa_03fb531951ec] Resetting generation and member id due to: consumer pro-actively leaving the group
2025-08-06 18:52:48,107 INFO  [org.apa.kaf.cli.con.int.ConsumerCoordinator] (Thread-624) [Consumer clientId=consumer-Consumer-topic-70f8be26_b728_4e4e_85aa_03fb531951ec-4, groupId=Consumer-topic-70f8be26_b728_4e4e_85aa_03fb531951ec] Request joining group due to: consumer pro-actively leaving the group
2025-08-06 18:52:48,601 INFO  [org.apa.kaf.com.met.Metrics] (Thread-624) Metrics scheduler closed
2025-08-06 18:52:48,601 INFO  [org.apa.kaf.com.met.Metrics] (Thread-624) Closing reporter org.apache.kafka.common.metrics.JmxReporter
2025-08-06 18:52:48,601 INFO  [org.apa.kaf.com.met.Metrics] (Thread-624) Closing reporter org.apache.kafka.common.telemetry.internals.ClientTelemetryReporter
2025-08-06 18:52:48,601 INFO  [org.apa.kaf.com.met.Metrics] (Thread-624) Metrics reporters closed
2025-08-06 18:52:48,605 INFO  [org.apa.kaf.com.uti.AppInfoParser] (Thread-624) App info kafka.consumer for consumer-Consumer-topic-70f8be26_b728_4e4e_85aa_03fb531951ec-4 unregistered
2025-08-06 18:52:48,765 INFO  [io.api.tes.uti.TestSeparator] (main) io.apicurio.tests.serdes.apicurio.AvroSerdeIT.testTopicIdStrategyAutoRegister-FINISHED
2025-08-06 18:52:48,765 INFO  [io.api.tes.uti.TestSeparator] (main) ############################################################################
Test passed: testTopicIdStrategyAutoRegister
]]></system-out>
  </testcase>
  <testcase name="testRecordIdStrategydFindLatest" classname="io.apicurio.tests.serdes.apicurio.AvroSerdeIT" time="5.356">
    <system-out><![CDATA[2025-08-06 18:52:48,767 INFO  [io.api.tes.uti.TestSeparator] (main) ############################################################################
2025-08-06 18:52:48,767 INFO  [io.api.tes.uti.TestSeparator] (main) io.apicurio.tests.serdes.apicurio.AvroSerdeIT.testRecordIdStrategydFindLatest-STARTED
2025-08-06 18:52:48,768 INFO  [io.api.tes.ser.api.AvroSerdeIT] (main) Registering Avro Schema: {"type":"record","name":"s6350414ex6a05x4f25x93e5xf10e46582275","namespace":"s496cb448x8adbx4c73x9ebcxf3a46ff4cc39","fields":[{"name":"key11754506368767","type":"string"}]}
**** Registry Base URL: http://registry-app-pg17.apps.ci419.apicurio-testing.org:80
2025-08-06 18:52:49,952 INFO  [org.apa.kaf.cli.pro.ProducerConfig] (main) ProducerConfig values: 
	acks = -1
	auto.include.jmx.reporter = true
	batch.size = 16384
	bootstrap.servers = [PLAINTEXT://localhost:32769]
	buffer.memory = 33554432
	client.dns.lookup = use_all_dns_ips
	client.id = Producer-topic-388ac5f3_b1ba_4772_ac00_1bf3b7f5b7c2
	compression.gzip.level = -1
	compression.lz4.level = 9
	compression.type = none
	compression.zstd.level = 3
	connections.max.idle.ms = 10000
	delivery.timeout.ms = 120000
	enable.idempotence = true
	enable.metrics.push = true
	interceptor.classes = []
	key.serializer = class org.apache.kafka.common.serialization.StringSerializer
	linger.ms = 0
	max.block.ms = 60000
	max.in.flight.requests.per.connection = 5
	max.request.size = 1048576
	metadata.max.age.ms = 300000
	metadata.max.idle.ms = 300000
	metadata.recovery.strategy = none
	metric.reporters = []
	metrics.num.samples = 2
	metrics.recording.level = INFO
	metrics.sample.window.ms = 30000
	partitioner.adaptive.partitioning.enable = true
	partitioner.availability.timeout.ms = 0
	partitioner.class = null
	partitioner.ignore.keys = false
	receive.buffer.bytes = 32768
	reconnect.backoff.max.ms = 1000
	reconnect.backoff.ms = 50
	request.timeout.ms = 5000
	retries = 2147483647
	retry.backoff.max.ms = 1000
	retry.backoff.ms = 100
	sasl.client.callback.handler.class = null
	sasl.jaas.config = null
	sasl.kerberos.kinit.cmd = /usr/bin/kinit
	sasl.kerberos.min.time.before.relogin = 60000
	sasl.kerberos.service.name = null
	sasl.kerberos.ticket.renew.jitter = 0.05
	sasl.kerberos.ticket.renew.window.factor = 0.8
	sasl.login.callback.handler.class = null
	sasl.login.class = null
	sasl.login.connect.timeout.ms = null
	sasl.login.read.timeout.ms = null
	sasl.login.refresh.buffer.seconds = 300
	sasl.login.refresh.min.period.seconds = 60
	sasl.login.refresh.window.factor = 0.8
	sasl.login.refresh.window.jitter = 0.05
	sasl.login.retry.backoff.max.ms = 10000
	sasl.login.retry.backoff.ms = 100
	sasl.mechanism = GSSAPI
	sasl.oauthbearer.clock.skew.seconds = 30
	sasl.oauthbearer.expected.audience = null
	sasl.oauthbearer.expected.issuer = null
	sasl.oauthbearer.header.urlencode = false
	sasl.oauthbearer.jwks.endpoint.refresh.ms = 3600000
	sasl.oauthbearer.jwks.endpoint.retry.backoff.max.ms = 10000
	sasl.oauthbearer.jwks.endpoint.retry.backoff.ms = 100
	sasl.oauthbearer.jwks.endpoint.url = null
	sasl.oauthbearer.scope.claim.name = scope
	sasl.oauthbearer.sub.claim.name = sub
	sasl.oauthbearer.token.endpoint.url = null
	security.protocol = PLAINTEXT
	security.providers = null
	send.buffer.bytes = 131072
	socket.connection.setup.timeout.max.ms = 30000
	socket.connection.setup.timeout.ms = 10000
	ssl.cipher.suites = null
	ssl.enabled.protocols = [TLSv1.2, TLSv1.3]
	ssl.endpoint.identification.algorithm = https
	ssl.engine.factory.class = null
	ssl.key.password = null
	ssl.keymanager.algorithm = SunX509
	ssl.keystore.certificate.chain = null
	ssl.keystore.key = null
	ssl.keystore.location = null
	ssl.keystore.password = null
	ssl.keystore.type = JKS
	ssl.protocol = TLSv1.3
	ssl.provider = null
	ssl.secure.random.implementation = null
	ssl.trustmanager.algorithm = PKIX
	ssl.truststore.certificates = null
	ssl.truststore.location = null
	ssl.truststore.password = null
	ssl.truststore.type = JKS
	transaction.timeout.ms = 60000
	transactional.id = null
	value.serializer = class io.apicurio.registry.serde.avro.AvroKafkaSerializer

2025-08-06 18:52:49,952 INFO  [org.apa.kaf.com.tel.int.KafkaMetricsCollector] (main) initializing Kafka metrics collector
2025-08-06 18:52:49,956 INFO  [org.apa.kaf.cli.pro.KafkaProducer] (main) [Producer clientId=Producer-topic-388ac5f3_b1ba_4772_ac00_1bf3b7f5b7c2] Instantiated an idempotent producer.
2025-08-06 18:52:49,958 INFO  [org.apa.kaf.cli.pro.ProducerConfig] (main) These configurations '[apicurio.registry.find-latest, apicurio.registry.url, apicurio.registry.artifact-resolver-strategy]' were supplied but are not used yet.
2025-08-06 18:52:49,958 INFO  [org.apa.kaf.com.uti.AppInfoParser] (main) Kafka version: 3.9.1
2025-08-06 18:52:49,959 INFO  [org.apa.kaf.com.uti.AppInfoParser] (main) Kafka commitId: f745dfdcee2b9851
2025-08-06 18:52:49,959 INFO  [org.apa.kaf.com.uti.AppInfoParser] (main) Kafka startTimeMs: 1754506369958
2025-08-06 18:52:49,959 INFO  [io.api.tes.ser.api.SimpleSerdesTesterBuilder$SimpleSerdesTester] (main) Using producer configuration: {apicurio.registry.find-latest=true, apicurio.registry.url=http://registry-app-pg17.apps.ci419.apicurio-testing.org:80/apis/registry/v3, apicurio.registry.artifact-resolver-strategy=io.apicurio.registry.serde.avro.strategy.RecordIdStrategy, value.serializer=io.apicurio.registry.serde.avro.AvroKafkaSerializer, request.timeout.ms=5000, acks=all, bootstrap.servers=PLAINTEXT://localhost:32769, connections.max.idle.ms=10000, key.serializer=org.apache.kafka.common.serialization.StringSerializer, client.id=Producer-topic-388ac5f3_b1ba_4772_ac00_1bf3b7f5b7c2}
2025-08-06 18:52:49,959 INFO  [io.api.tes.ser.api.SimpleSerdesTesterBuilder$SimpleSerdesTester] (main) Using consumer configuration: {}
2025-08-06 18:52:49,962 INFO  [io.api.tes.ser.api.KafkaSerdesTester] (Thread-627) Sending message {"key11754506368767": "value-0"} to topic topic-388ac5f3_b1ba_4772_ac00_1bf3b7f5b7c2
2025-08-06 18:52:49,966 INFO  [org.apa.kaf.cli.Metadata] (kafka-producer-network-thread | Producer-topic-388ac5f3_b1ba_4772_ac00_1bf3b7f5b7c2) [Producer clientId=Producer-topic-388ac5f3_b1ba_4772_ac00_1bf3b7f5b7c2] Cluster ID: igMICRUWSZmdRuxlP-JQ6A
2025-08-06 18:52:49,966 INFO  [org.apa.kaf.cli.pro.int.TransactionManager] (kafka-producer-network-thread | Producer-topic-388ac5f3_b1ba_4772_ac00_1bf3b7f5b7c2) [Producer clientId=Producer-topic-388ac5f3_b1ba_4772_ac00_1bf3b7f5b7c2] ProducerId set to 5 with epoch 0
2025-08-06 18:52:50,293 INFO  [io.api.tes.ser.api.KafkaSerdesTester] (Thread-627) Sending message {"key11754506368767": "value-1"} to topic topic-388ac5f3_b1ba_4772_ac00_1bf3b7f5b7c2
2025-08-06 18:52:50,299 INFO  [io.api.tes.ser.api.KafkaSerdesTester] (Thread-627) Sending message {"key11754506368767": "value-2"} to topic topic-388ac5f3_b1ba_4772_ac00_1bf3b7f5b7c2
2025-08-06 18:52:50,302 INFO  [io.api.tes.ser.api.KafkaSerdesTester] (Thread-627) Sending message {"key11754506368767": "value-3"} to topic topic-388ac5f3_b1ba_4772_ac00_1bf3b7f5b7c2
2025-08-06 18:52:50,304 INFO  [io.api.tes.ser.api.KafkaSerdesTester] (Thread-627) Sending message {"key11754506368767": "value-4"} to topic topic-388ac5f3_b1ba_4772_ac00_1bf3b7f5b7c2
2025-08-06 18:52:50,307 INFO  [io.api.tes.ser.api.KafkaSerdesTester] (Thread-627) Sending message {"key11754506368767": "value-5"} to topic topic-388ac5f3_b1ba_4772_ac00_1bf3b7f5b7c2
2025-08-06 18:52:50,309 INFO  [io.api.tes.ser.api.KafkaSerdesTester] (Thread-627) Sending message {"key11754506368767": "value-6"} to topic topic-388ac5f3_b1ba_4772_ac00_1bf3b7f5b7c2
2025-08-06 18:52:50,311 INFO  [io.api.tes.ser.api.KafkaSerdesTester] (Thread-627) Sending message {"key11754506368767": "value-7"} to topic topic-388ac5f3_b1ba_4772_ac00_1bf3b7f5b7c2
2025-08-06 18:52:50,314 INFO  [io.api.tes.ser.api.KafkaSerdesTester] (Thread-627) Sending message {"key11754506368767": "value-8"} to topic topic-388ac5f3_b1ba_4772_ac00_1bf3b7f5b7c2
2025-08-06 18:52:50,316 INFO  [io.api.tes.ser.api.KafkaSerdesTester] (Thread-627) Sending message {"key11754506368767": "value-9"} to topic topic-388ac5f3_b1ba_4772_ac00_1bf3b7f5b7c2
2025-08-06 18:52:50,318 INFO  [io.api.tes.ser.api.KafkaSerdesTester] (Thread-627) Produced 10 messages
2025-08-06 18:52:50,318 INFO  [org.apa.kaf.cli.pro.KafkaProducer] (Thread-627) [Producer clientId=Producer-topic-388ac5f3_b1ba_4772_ac00_1bf3b7f5b7c2] Closing the Kafka producer with timeoutMillis = 9223372036854775807 ms.
2025-08-06 18:52:50,321 INFO  [org.apa.kaf.com.met.Metrics] (Thread-627) Metrics scheduler closed
2025-08-06 18:52:50,322 INFO  [org.apa.kaf.com.met.Metrics] (Thread-627) Closing reporter org.apache.kafka.common.metrics.JmxReporter
2025-08-06 18:52:50,322 INFO  [org.apa.kaf.com.met.Metrics] (Thread-627) Closing reporter org.apache.kafka.common.telemetry.internals.ClientTelemetryReporter
2025-08-06 18:52:50,322 INFO  [org.apa.kaf.com.met.Metrics] (Thread-627) Metrics reporters closed
2025-08-06 18:52:50,322 INFO  [org.apa.kaf.com.uti.AppInfoParser] (Thread-627) App info kafka.producer for Producer-topic-388ac5f3_b1ba_4772_ac00_1bf3b7f5b7c2 unregistered
**** Registry Base URL: http://registry-app-pg17.apps.ci419.apicurio-testing.org:80
2025-08-06 18:52:50,323 INFO  [org.apa.kaf.cli.con.ConsumerConfig] (main) ConsumerConfig values: 
	allow.auto.create.topics = true
	auto.commit.interval.ms = 500
	auto.include.jmx.reporter = true
	auto.offset.reset = earliest
	bootstrap.servers = [PLAINTEXT://localhost:32769]
	check.crcs = true
	client.dns.lookup = use_all_dns_ips
	client.id = consumer-Consumer-topic-388ac5f3_b1ba_4772_ac00_1bf3b7f5b7c2-5
	client.rack = 
	connections.max.idle.ms = 10000
	default.api.timeout.ms = 60000
	enable.auto.commit = true
	enable.metrics.push = true
	exclude.internal.topics = true
	fetch.max.bytes = 52428800
	fetch.max.wait.ms = 500
	fetch.min.bytes = 1
	group.id = Consumer-topic-388ac5f3_b1ba_4772_ac00_1bf3b7f5b7c2
	group.instance.id = null
	group.protocol = classic
	group.remote.assignor = null
	heartbeat.interval.ms = 3000
	interceptor.classes = []
	internal.leave.group.on.close = true
	internal.throw.on.fetch.stable.offset.unsupported = false
	isolation.level = read_uncommitted
	key.deserializer = class org.apache.kafka.common.serialization.StringDeserializer
	max.partition.fetch.bytes = 1048576
	max.poll.interval.ms = 300000
	max.poll.records = 500
	metadata.max.age.ms = 300000
	metadata.recovery.strategy = none
	metric.reporters = []
	metrics.num.samples = 2
	metrics.recording.level = INFO
	metrics.sample.window.ms = 30000
	partition.assignment.strategy = [class org.apache.kafka.clients.consumer.RangeAssignor, class org.apache.kafka.clients.consumer.CooperativeStickyAssignor]
	receive.buffer.bytes = 65536
	reconnect.backoff.max.ms = 1000
	reconnect.backoff.ms = 50
	request.timeout.ms = 5000
	retry.backoff.max.ms = 1000
	retry.backoff.ms = 100
	sasl.client.callback.handler.class = null
	sasl.jaas.config = null
	sasl.kerberos.kinit.cmd = /usr/bin/kinit
	sasl.kerberos.min.time.before.relogin = 60000
	sasl.kerberos.service.name = null
	sasl.kerberos.ticket.renew.jitter = 0.05
	sasl.kerberos.ticket.renew.window.factor = 0.8
	sasl.login.callback.handler.class = null
	sasl.login.class = null
	sasl.login.connect.timeout.ms = null
	sasl.login.read.timeout.ms = null
	sasl.login.refresh.buffer.seconds = 300
	sasl.login.refresh.min.period.seconds = 60
	sasl.login.refresh.window.factor = 0.8
	sasl.login.refresh.window.jitter = 0.05
	sasl.login.retry.backoff.max.ms = 10000
	sasl.login.retry.backoff.ms = 100
	sasl.mechanism = GSSAPI
	sasl.oauthbearer.clock.skew.seconds = 30
	sasl.oauthbearer.expected.audience = null
	sasl.oauthbearer.expected.issuer = null
	sasl.oauthbearer.header.urlencode = false
	sasl.oauthbearer.jwks.endpoint.refresh.ms = 3600000
	sasl.oauthbearer.jwks.endpoint.retry.backoff.max.ms = 10000
	sasl.oauthbearer.jwks.endpoint.retry.backoff.ms = 100
	sasl.oauthbearer.jwks.endpoint.url = null
	sasl.oauthbearer.scope.claim.name = scope
	sasl.oauthbearer.sub.claim.name = sub
	sasl.oauthbearer.token.endpoint.url = null
	security.protocol = PLAINTEXT
	security.providers = null
	send.buffer.bytes = 131072
	session.timeout.ms = 45000
	socket.connection.setup.timeout.max.ms = 30000
	socket.connection.setup.timeout.ms = 10000
	ssl.cipher.suites = null
	ssl.enabled.protocols = [TLSv1.2, TLSv1.3]
	ssl.endpoint.identification.algorithm = https
	ssl.engine.factory.class = null
	ssl.key.password = null
	ssl.keymanager.algorithm = SunX509
	ssl.keystore.certificate.chain = null
	ssl.keystore.key = null
	ssl.keystore.location = null
	ssl.keystore.password = null
	ssl.keystore.type = JKS
	ssl.protocol = TLSv1.3
	ssl.provider = null
	ssl.secure.random.implementation = null
	ssl.trustmanager.algorithm = PKIX
	ssl.truststore.certificates = null
	ssl.truststore.location = null
	ssl.truststore.password = null
	ssl.truststore.type = JKS
	value.deserializer = class io.apicurio.registry.serde.avro.AvroKafkaDeserializer

2025-08-06 18:52:50,323 INFO  [org.apa.kaf.com.tel.int.KafkaMetricsCollector] (main) initializing Kafka metrics collector
2025-08-06 18:52:50,332 INFO  [org.apa.kaf.cli.con.ConsumerConfig] (main) These configurations '[apicurio.registry.url]' were supplied but are not used yet.
2025-08-06 18:52:50,332 INFO  [org.apa.kaf.com.uti.AppInfoParser] (main) Kafka version: 3.9.1
2025-08-06 18:52:50,332 INFO  [org.apa.kaf.com.uti.AppInfoParser] (main) Kafka commitId: f745dfdcee2b9851
2025-08-06 18:52:50,332 INFO  [org.apa.kaf.com.uti.AppInfoParser] (main) Kafka startTimeMs: 1754506370332
2025-08-06 18:52:50,335 INFO  [org.apa.kaf.cli.con.int.ClassicKafkaConsumer] (Thread-630) [Consumer clientId=consumer-Consumer-topic-388ac5f3_b1ba_4772_ac00_1bf3b7f5b7c2-5, groupId=Consumer-topic-388ac5f3_b1ba_4772_ac00_1bf3b7f5b7c2] Subscribed to topic(s): topic-388ac5f3_b1ba_4772_ac00_1bf3b7f5b7c2
2025-08-06 18:52:50,344 INFO  [org.apa.kaf.cli.Metadata] (Thread-630) [Consumer clientId=consumer-Consumer-topic-388ac5f3_b1ba_4772_ac00_1bf3b7f5b7c2-5, groupId=Consumer-topic-388ac5f3_b1ba_4772_ac00_1bf3b7f5b7c2] Cluster ID: igMICRUWSZmdRuxlP-JQ6A
2025-08-06 18:52:50,347 INFO  [org.apa.kaf.cli.con.int.ConsumerCoordinator] (Thread-630) [Consumer clientId=consumer-Consumer-topic-388ac5f3_b1ba_4772_ac00_1bf3b7f5b7c2-5, groupId=Consumer-topic-388ac5f3_b1ba_4772_ac00_1bf3b7f5b7c2] Discovered group coordinator localhost:32769 (id: 2147483647 rack: null)
2025-08-06 18:52:50,349 INFO  [org.apa.kaf.cli.con.int.ConsumerCoordinator] (Thread-630) [Consumer clientId=consumer-Consumer-topic-388ac5f3_b1ba_4772_ac00_1bf3b7f5b7c2-5, groupId=Consumer-topic-388ac5f3_b1ba_4772_ac00_1bf3b7f5b7c2] (Re-)joining group
2025-08-06 18:52:50,357 INFO  [org.apa.kaf.cli.con.int.ConsumerCoordinator] (Thread-630) [Consumer clientId=consumer-Consumer-topic-388ac5f3_b1ba_4772_ac00_1bf3b7f5b7c2-5, groupId=Consumer-topic-388ac5f3_b1ba_4772_ac00_1bf3b7f5b7c2] Request joining group due to: need to re-join with the given member-id: consumer-Consumer-topic-388ac5f3_b1ba_4772_ac00_1bf3b7f5b7c2-5-5bc653f8-05ff-4546-9cd4-03a05927296a
2025-08-06 18:52:50,357 INFO  [org.apa.kaf.cli.con.int.ConsumerCoordinator] (Thread-630) [Consumer clientId=consumer-Consumer-topic-388ac5f3_b1ba_4772_ac00_1bf3b7f5b7c2-5, groupId=Consumer-topic-388ac5f3_b1ba_4772_ac00_1bf3b7f5b7c2] (Re-)joining group
2025-08-06 18:52:51,336 INFO  [io.api.tes.ser.api.KafkaSerdesTester] (Thread-630) None found
2025-08-06 18:52:52,336 INFO  [io.api.tes.ser.api.KafkaSerdesTester] (Thread-630) None found
2025-08-06 18:52:53,337 INFO  [io.api.tes.ser.api.KafkaSerdesTester] (Thread-630) None found
2025-08-06 18:52:53,360 INFO  [org.apa.kaf.cli.con.int.ConsumerCoordinator] (Thread-630) [Consumer clientId=consumer-Consumer-topic-388ac5f3_b1ba_4772_ac00_1bf3b7f5b7c2-5, groupId=Consumer-topic-388ac5f3_b1ba_4772_ac00_1bf3b7f5b7c2] Successfully joined group with generation Generation{generationId=1, memberId='consumer-Consumer-topic-388ac5f3_b1ba_4772_ac00_1bf3b7f5b7c2-5-5bc653f8-05ff-4546-9cd4-03a05927296a', protocol='range'}
2025-08-06 18:52:53,361 INFO  [org.apa.kaf.cli.con.int.ConsumerCoordinator] (Thread-630) [Consumer clientId=consumer-Consumer-topic-388ac5f3_b1ba_4772_ac00_1bf3b7f5b7c2-5, groupId=Consumer-topic-388ac5f3_b1ba_4772_ac00_1bf3b7f5b7c2] Finished assignment for group at generation 1: {consumer-Consumer-topic-388ac5f3_b1ba_4772_ac00_1bf3b7f5b7c2-5-5bc653f8-05ff-4546-9cd4-03a05927296a=Assignment(partitions=[topic-388ac5f3_b1ba_4772_ac00_1bf3b7f5b7c2-0])}
2025-08-06 18:52:53,368 INFO  [org.apa.kaf.cli.con.int.ConsumerCoordinator] (Thread-630) [Consumer clientId=consumer-Consumer-topic-388ac5f3_b1ba_4772_ac00_1bf3b7f5b7c2-5, groupId=Consumer-topic-388ac5f3_b1ba_4772_ac00_1bf3b7f5b7c2] Successfully synced group in generation Generation{generationId=1, memberId='consumer-Consumer-topic-388ac5f3_b1ba_4772_ac00_1bf3b7f5b7c2-5-5bc653f8-05ff-4546-9cd4-03a05927296a', protocol='range'}
2025-08-06 18:52:53,368 INFO  [org.apa.kaf.cli.con.int.ConsumerCoordinator] (Thread-630) [Consumer clientId=consumer-Consumer-topic-388ac5f3_b1ba_4772_ac00_1bf3b7f5b7c2-5, groupId=Consumer-topic-388ac5f3_b1ba_4772_ac00_1bf3b7f5b7c2] Notifying assignor about the new Assignment(partitions=[topic-388ac5f3_b1ba_4772_ac00_1bf3b7f5b7c2-0])
2025-08-06 18:52:53,368 INFO  [org.apa.kaf.cli.con.int.ConsumerRebalanceListenerInvoker] (Thread-630) [Consumer clientId=consumer-Consumer-topic-388ac5f3_b1ba_4772_ac00_1bf3b7f5b7c2-5, groupId=Consumer-topic-388ac5f3_b1ba_4772_ac00_1bf3b7f5b7c2] Adding newly assigned partitions: topic-388ac5f3_b1ba_4772_ac00_1bf3b7f5b7c2-0
2025-08-06 18:52:53,370 INFO  [org.apa.kaf.cli.con.int.ConsumerCoordinator] (Thread-630) [Consumer clientId=consumer-Consumer-topic-388ac5f3_b1ba_4772_ac00_1bf3b7f5b7c2-5, groupId=Consumer-topic-388ac5f3_b1ba_4772_ac00_1bf3b7f5b7c2] Found no committed offset for partition topic-388ac5f3_b1ba_4772_ac00_1bf3b7f5b7c2-0
2025-08-06 18:52:53,377 INFO  [org.apa.kaf.cli.con.int.SubscriptionState] (Thread-630) [Consumer clientId=consumer-Consumer-topic-388ac5f3_b1ba_4772_ac00_1bf3b7f5b7c2-5, groupId=Consumer-topic-388ac5f3_b1ba_4772_ac00_1bf3b7f5b7c2] Resetting offset for partition topic-388ac5f3_b1ba_4772_ac00_1bf3b7f5b7c2-0 to position FetchPosition{offset=0, offsetEpoch=Optional.empty, currentLeader=LeaderAndEpoch{leader=Optional[localhost:32769 (id: 0 rack: null)], epoch=0}}.
2025-08-06 18:52:53,611 INFO  [io.api.tes.ser.api.KafkaSerdesTester] (Thread-630) topic-388ac5f3_b1ba_4772_ac00_1bf3b7f5b7c2 0 0 {"key11754506368767": "value-0"}
2025-08-06 18:52:53,611 INFO  [io.api.tes.ser.api.KafkaSerdesTester] (Thread-630) topic-388ac5f3_b1ba_4772_ac00_1bf3b7f5b7c2 0 1 {"key11754506368767": "value-1"}
2025-08-06 18:52:53,611 INFO  [io.api.tes.ser.api.KafkaSerdesTester] (Thread-630) topic-388ac5f3_b1ba_4772_ac00_1bf3b7f5b7c2 0 2 {"key11754506368767": "value-2"}
2025-08-06 18:52:53,611 INFO  [io.api.tes.ser.api.KafkaSerdesTester] (Thread-630) topic-388ac5f3_b1ba_4772_ac00_1bf3b7f5b7c2 0 3 {"key11754506368767": "value-3"}
2025-08-06 18:52:53,612 INFO  [io.api.tes.ser.api.KafkaSerdesTester] (Thread-630) topic-388ac5f3_b1ba_4772_ac00_1bf3b7f5b7c2 0 4 {"key11754506368767": "value-4"}
2025-08-06 18:52:53,612 INFO  [io.api.tes.ser.api.KafkaSerdesTester] (Thread-630) topic-388ac5f3_b1ba_4772_ac00_1bf3b7f5b7c2 0 5 {"key11754506368767": "value-5"}
2025-08-06 18:52:53,612 INFO  [io.api.tes.ser.api.KafkaSerdesTester] (Thread-630) topic-388ac5f3_b1ba_4772_ac00_1bf3b7f5b7c2 0 6 {"key11754506368767": "value-6"}
2025-08-06 18:52:53,612 INFO  [io.api.tes.ser.api.KafkaSerdesTester] (Thread-630) topic-388ac5f3_b1ba_4772_ac00_1bf3b7f5b7c2 0 7 {"key11754506368767": "value-7"}
2025-08-06 18:52:53,612 INFO  [io.api.tes.ser.api.KafkaSerdesTester] (Thread-630) topic-388ac5f3_b1ba_4772_ac00_1bf3b7f5b7c2 0 8 {"key11754506368767": "value-8"}
2025-08-06 18:52:53,612 INFO  [io.api.tes.ser.api.KafkaSerdesTester] (Thread-630) topic-388ac5f3_b1ba_4772_ac00_1bf3b7f5b7c2 0 9 {"key11754506368767": "value-9"}
2025-08-06 18:52:53,612 INFO  [io.api.tes.ser.api.KafkaSerdesTester] (Thread-630) Consumed 10 messages
2025-08-06 18:52:53,621 INFO  [org.apa.kaf.cli.con.int.ConsumerRebalanceListenerInvoker] (Thread-630) [Consumer clientId=consumer-Consumer-topic-388ac5f3_b1ba_4772_ac00_1bf3b7f5b7c2-5, groupId=Consumer-topic-388ac5f3_b1ba_4772_ac00_1bf3b7f5b7c2] Revoke previously assigned partitions topic-388ac5f3_b1ba_4772_ac00_1bf3b7f5b7c2-0
2025-08-06 18:52:53,621 INFO  [org.apa.kaf.cli.con.int.ConsumerCoordinator] (Thread-630) [Consumer clientId=consumer-Consumer-topic-388ac5f3_b1ba_4772_ac00_1bf3b7f5b7c2-5, groupId=Consumer-topic-388ac5f3_b1ba_4772_ac00_1bf3b7f5b7c2] Member consumer-Consumer-topic-388ac5f3_b1ba_4772_ac00_1bf3b7f5b7c2-5-5bc653f8-05ff-4546-9cd4-03a05927296a sending LeaveGroup request to coordinator localhost:32769 (id: 2147483647 rack: null) due to the consumer is being closed
2025-08-06 18:52:53,622 INFO  [org.apa.kaf.cli.con.int.ConsumerCoordinator] (Thread-630) [Consumer clientId=consumer-Consumer-topic-388ac5f3_b1ba_4772_ac00_1bf3b7f5b7c2-5, groupId=Consumer-topic-388ac5f3_b1ba_4772_ac00_1bf3b7f5b7c2] Resetting generation and member id due to: consumer pro-actively leaving the group
2025-08-06 18:52:53,622 INFO  [org.apa.kaf.cli.con.int.ConsumerCoordinator] (Thread-630) [Consumer clientId=consumer-Consumer-topic-388ac5f3_b1ba_4772_ac00_1bf3b7f5b7c2-5, groupId=Consumer-topic-388ac5f3_b1ba_4772_ac00_1bf3b7f5b7c2] Request joining group due to: consumer pro-actively leaving the group
2025-08-06 18:52:54,116 INFO  [org.apa.kaf.com.met.Metrics] (Thread-630) Metrics scheduler closed
2025-08-06 18:52:54,116 INFO  [org.apa.kaf.com.met.Metrics] (Thread-630) Closing reporter org.apache.kafka.common.metrics.JmxReporter
2025-08-06 18:52:54,118 INFO  [org.apa.kaf.com.met.Metrics] (Thread-630) Closing reporter org.apache.kafka.common.telemetry.internals.ClientTelemetryReporter
2025-08-06 18:52:54,118 INFO  [org.apa.kaf.com.met.Metrics] (Thread-630) Metrics reporters closed
2025-08-06 18:52:54,121 INFO  [org.apa.kaf.com.uti.AppInfoParser] (Thread-630) App info kafka.consumer for consumer-Consumer-topic-388ac5f3_b1ba_4772_ac00_1bf3b7f5b7c2-5 unregistered
2025-08-06 18:52:54,122 INFO  [io.api.tes.uti.TestSeparator] (main) io.apicurio.tests.serdes.apicurio.AvroSerdeIT.testRecordIdStrategydFindLatest-FINISHED
2025-08-06 18:52:54,122 INFO  [io.api.tes.uti.TestSeparator] (main) ############################################################################
Test passed: testRecordIdStrategydFindLatest
]]></system-out>
  </testcase>
  <testcase name="testReflectAutoRegister" classname="io.apicurio.tests.serdes.apicurio.AvroSerdeIT" time="4.323">
    <system-out><![CDATA[2025-08-06 18:52:54,125 INFO  [io.api.tes.uti.TestSeparator] (main) ############################################################################
2025-08-06 18:52:54,126 INFO  [io.api.tes.uti.TestSeparator] (main) io.apicurio.tests.serdes.apicurio.AvroSerdeIT.testReflectAutoRegister-STARTED
**** Registry Base URL: http://registry-app-pg17.apps.ci419.apicurio-testing.org:80
2025-08-06 18:52:54,129 INFO  [org.apa.kaf.cli.pro.ProducerConfig] (main) ProducerConfig values: 
	acks = -1
	auto.include.jmx.reporter = true
	batch.size = 16384
	bootstrap.servers = [PLAINTEXT://localhost:32769]
	buffer.memory = 33554432
	client.dns.lookup = use_all_dns_ips
	client.id = Producer-topic-1c06ffef_202e_4b7c_bf07_395faa9381fa
	compression.gzip.level = -1
	compression.lz4.level = 9
	compression.type = none
	compression.zstd.level = 3
	connections.max.idle.ms = 10000
	delivery.timeout.ms = 120000
	enable.idempotence = true
	enable.metrics.push = true
	interceptor.classes = []
	key.serializer = class org.apache.kafka.common.serialization.StringSerializer
	linger.ms = 0
	max.block.ms = 60000
	max.in.flight.requests.per.connection = 5
	max.request.size = 1048576
	metadata.max.age.ms = 300000
	metadata.max.idle.ms = 300000
	metadata.recovery.strategy = none
	metric.reporters = []
	metrics.num.samples = 2
	metrics.recording.level = INFO
	metrics.sample.window.ms = 30000
	partitioner.adaptive.partitioning.enable = true
	partitioner.availability.timeout.ms = 0
	partitioner.class = null
	partitioner.ignore.keys = false
	receive.buffer.bytes = 32768
	reconnect.backoff.max.ms = 1000
	reconnect.backoff.ms = 50
	request.timeout.ms = 5000
	retries = 2147483647
	retry.backoff.max.ms = 1000
	retry.backoff.ms = 100
	sasl.client.callback.handler.class = null
	sasl.jaas.config = null
	sasl.kerberos.kinit.cmd = /usr/bin/kinit
	sasl.kerberos.min.time.before.relogin = 60000
	sasl.kerberos.service.name = null
	sasl.kerberos.ticket.renew.jitter = 0.05
	sasl.kerberos.ticket.renew.window.factor = 0.8
	sasl.login.callback.handler.class = null
	sasl.login.class = null
	sasl.login.connect.timeout.ms = null
	sasl.login.read.timeout.ms = null
	sasl.login.refresh.buffer.seconds = 300
	sasl.login.refresh.min.period.seconds = 60
	sasl.login.refresh.window.factor = 0.8
	sasl.login.refresh.window.jitter = 0.05
	sasl.login.retry.backoff.max.ms = 10000
	sasl.login.retry.backoff.ms = 100
	sasl.mechanism = GSSAPI
	sasl.oauthbearer.clock.skew.seconds = 30
	sasl.oauthbearer.expected.audience = null
	sasl.oauthbearer.expected.issuer = null
	sasl.oauthbearer.header.urlencode = false
	sasl.oauthbearer.jwks.endpoint.refresh.ms = 3600000
	sasl.oauthbearer.jwks.endpoint.retry.backoff.max.ms = 10000
	sasl.oauthbearer.jwks.endpoint.retry.backoff.ms = 100
	sasl.oauthbearer.jwks.endpoint.url = null
	sasl.oauthbearer.scope.claim.name = scope
	sasl.oauthbearer.sub.claim.name = sub
	sasl.oauthbearer.token.endpoint.url = null
	security.protocol = PLAINTEXT
	security.providers = null
	send.buffer.bytes = 131072
	socket.connection.setup.timeout.max.ms = 30000
	socket.connection.setup.timeout.ms = 10000
	ssl.cipher.suites = null
	ssl.enabled.protocols = [TLSv1.2, TLSv1.3]
	ssl.endpoint.identification.algorithm = https
	ssl.engine.factory.class = null
	ssl.key.password = null
	ssl.keymanager.algorithm = SunX509
	ssl.keystore.certificate.chain = null
	ssl.keystore.key = null
	ssl.keystore.location = null
	ssl.keystore.password = null
	ssl.keystore.type = JKS
	ssl.protocol = TLSv1.3
	ssl.provider = null
	ssl.secure.random.implementation = null
	ssl.trustmanager.algorithm = PKIX
	ssl.truststore.certificates = null
	ssl.truststore.location = null
	ssl.truststore.password = null
	ssl.truststore.type = JKS
	transaction.timeout.ms = 60000
	transactional.id = null
	value.serializer = class io.apicurio.registry.serde.avro.AvroKafkaSerializer

2025-08-06 18:52:54,130 INFO  [org.apa.kaf.com.tel.int.KafkaMetricsCollector] (main) initializing Kafka metrics collector
2025-08-06 18:52:54,140 INFO  [org.apa.kaf.cli.pro.KafkaProducer] (main) [Producer clientId=Producer-topic-1c06ffef_202e_4b7c_bf07_395faa9381fa] Instantiated an idempotent producer.
2025-08-06 18:52:54,142 INFO  [org.apa.kaf.cli.pro.ProducerConfig] (main) These configurations '[apicurio.registry.url, apicurio.registry.auto-register, apicurio.registry.artifact-resolver-strategy, apicurio.registry.avro-datum-provider]' were supplied but are not used yet.
2025-08-06 18:52:54,142 INFO  [org.apa.kaf.com.uti.AppInfoParser] (main) Kafka version: 3.9.1
2025-08-06 18:52:54,142 INFO  [org.apa.kaf.com.uti.AppInfoParser] (main) Kafka commitId: f745dfdcee2b9851
2025-08-06 18:52:54,142 INFO  [org.apa.kaf.com.uti.AppInfoParser] (main) Kafka startTimeMs: 1754506374142
2025-08-06 18:52:54,142 INFO  [io.api.tes.ser.api.SimpleSerdesTesterBuilder$SimpleSerdesTester] (main) Using producer configuration: {apicurio.registry.url=http://registry-app-pg17.apps.ci419.apicurio-testing.org:80/apis/registry/v3, apicurio.registry.auto-register=true, apicurio.registry.artifact-resolver-strategy=io.apicurio.registry.serde.strategy.TopicIdStrategy, value.serializer=io.apicurio.registry.serde.avro.AvroKafkaSerializer, request.timeout.ms=5000, acks=all, bootstrap.servers=PLAINTEXT://localhost:32769, connections.max.idle.ms=10000, key.serializer=org.apache.kafka.common.serialization.StringSerializer, apicurio.registry.avro-datum-provider=io.apicurio.registry.serde.avro.ReflectAvroDatumProvider, client.id=Producer-topic-1c06ffef_202e_4b7c_bf07_395faa9381fa}
2025-08-06 18:52:54,142 INFO  [io.api.tes.ser.api.SimpleSerdesTesterBuilder$SimpleSerdesTester] (main) Using consumer configuration: {apicurio.registry.avro-datum-provider=io.apicurio.registry.serde.avro.ReflectAvroDatumProvider}
2025-08-06 18:52:54,143 INFO  [io.api.tes.ser.api.KafkaSerdesTester] (Thread-633) Sending message io.apicurio.tests.common.serdes.TestObject@3dbd29cb to topic topic-1c06ffef_202e_4b7c_bf07_395faa9381fa
2025-08-06 18:52:54,147 WARN  [org.apa.kaf.cli.NetworkClient] (kafka-producer-network-thread | Producer-topic-1c06ffef_202e_4b7c_bf07_395faa9381fa) [Producer clientId=Producer-topic-1c06ffef_202e_4b7c_bf07_395faa9381fa] The metadata response from the cluster reported a recoverable issue with correlation id 1 : {topic-1c06ffef_202e_4b7c_bf07_395faa9381fa=UNKNOWN_TOPIC_OR_PARTITION}
2025-08-06 18:52:54,147 INFO  [org.apa.kaf.cli.Metadata] (kafka-producer-network-thread | Producer-topic-1c06ffef_202e_4b7c_bf07_395faa9381fa) [Producer clientId=Producer-topic-1c06ffef_202e_4b7c_bf07_395faa9381fa] Cluster ID: igMICRUWSZmdRuxlP-JQ6A
2025-08-06 18:52:54,147 INFO  [org.apa.kaf.cli.pro.int.TransactionManager] (kafka-producer-network-thread | Producer-topic-1c06ffef_202e_4b7c_bf07_395faa9381fa) [Producer clientId=Producer-topic-1c06ffef_202e_4b7c_bf07_395faa9381fa] ProducerId set to 6 with epoch 0
2025-08-06 18:52:54,451 INFO  [io.api.tes.ser.api.KafkaSerdesTester] (Thread-633) Sending message io.apicurio.tests.common.serdes.TestObject@3dbd29cb to topic topic-1c06ffef_202e_4b7c_bf07_395faa9381fa
2025-08-06 18:52:54,456 INFO  [io.api.tes.ser.api.KafkaSerdesTester] (Thread-633) Sending message io.apicurio.tests.common.serdes.TestObject@3dbd29cb to topic topic-1c06ffef_202e_4b7c_bf07_395faa9381fa
2025-08-06 18:52:54,460 INFO  [io.api.tes.ser.api.KafkaSerdesTester] (Thread-633) Sending message io.apicurio.tests.common.serdes.TestObject@3dbd29cb to topic topic-1c06ffef_202e_4b7c_bf07_395faa9381fa
2025-08-06 18:52:54,463 INFO  [io.api.tes.ser.api.KafkaSerdesTester] (Thread-633) Sending message io.apicurio.tests.common.serdes.TestObject@3dbd29cb to topic topic-1c06ffef_202e_4b7c_bf07_395faa9381fa
2025-08-06 18:52:54,469 INFO  [io.api.tes.ser.api.KafkaSerdesTester] (Thread-633) Sending message io.apicurio.tests.common.serdes.TestObject@3dbd29cb to topic topic-1c06ffef_202e_4b7c_bf07_395faa9381fa
2025-08-06 18:52:54,472 INFO  [io.api.tes.ser.api.KafkaSerdesTester] (Thread-633) Sending message io.apicurio.tests.common.serdes.TestObject@3dbd29cb to topic topic-1c06ffef_202e_4b7c_bf07_395faa9381fa
2025-08-06 18:52:54,475 INFO  [io.api.tes.ser.api.KafkaSerdesTester] (Thread-633) Sending message io.apicurio.tests.common.serdes.TestObject@3dbd29cb to topic topic-1c06ffef_202e_4b7c_bf07_395faa9381fa
2025-08-06 18:52:54,481 INFO  [io.api.tes.ser.api.KafkaSerdesTester] (Thread-633) Sending message io.apicurio.tests.common.serdes.TestObject@3dbd29cb to topic topic-1c06ffef_202e_4b7c_bf07_395faa9381fa
2025-08-06 18:52:54,489 INFO  [io.api.tes.ser.api.KafkaSerdesTester] (Thread-633) Sending message io.apicurio.tests.common.serdes.TestObject@3dbd29cb to topic topic-1c06ffef_202e_4b7c_bf07_395faa9381fa
2025-08-06 18:52:54,495 INFO  [io.api.tes.ser.api.KafkaSerdesTester] (Thread-633) Produced 10 messages
2025-08-06 18:52:54,496 INFO  [org.apa.kaf.cli.pro.KafkaProducer] (Thread-633) [Producer clientId=Producer-topic-1c06ffef_202e_4b7c_bf07_395faa9381fa] Closing the Kafka producer with timeoutMillis = 9223372036854775807 ms.
2025-08-06 18:52:54,501 INFO  [org.apa.kaf.com.met.Metrics] (Thread-633) Metrics scheduler closed
2025-08-06 18:52:54,502 INFO  [org.apa.kaf.com.met.Metrics] (Thread-633) Closing reporter org.apache.kafka.common.metrics.JmxReporter
2025-08-06 18:52:54,502 INFO  [org.apa.kaf.com.met.Metrics] (Thread-633) Closing reporter org.apache.kafka.common.telemetry.internals.ClientTelemetryReporter
2025-08-06 18:52:54,502 INFO  [org.apa.kaf.com.met.Metrics] (Thread-633) Metrics reporters closed
2025-08-06 18:52:54,502 INFO  [org.apa.kaf.com.uti.AppInfoParser] (Thread-633) App info kafka.producer for Producer-topic-1c06ffef_202e_4b7c_bf07_395faa9381fa unregistered
**** Registry Base URL: http://registry-app-pg17.apps.ci419.apicurio-testing.org:80
2025-08-06 18:52:54,663 INFO  [org.apa.kaf.cli.con.ConsumerConfig] (main) ConsumerConfig values: 
	allow.auto.create.topics = true
	auto.commit.interval.ms = 500
	auto.include.jmx.reporter = true
	auto.offset.reset = earliest
	bootstrap.servers = [PLAINTEXT://localhost:32769]
	check.crcs = true
	client.dns.lookup = use_all_dns_ips
	client.id = consumer-Consumer-topic-1c06ffef_202e_4b7c_bf07_395faa9381fa-6
	client.rack = 
	connections.max.idle.ms = 10000
	default.api.timeout.ms = 60000
	enable.auto.commit = true
	enable.metrics.push = true
	exclude.internal.topics = true
	fetch.max.bytes = 52428800
	fetch.max.wait.ms = 500
	fetch.min.bytes = 1
	group.id = Consumer-topic-1c06ffef_202e_4b7c_bf07_395faa9381fa
	group.instance.id = null
	group.protocol = classic
	group.remote.assignor = null
	heartbeat.interval.ms = 3000
	interceptor.classes = []
	internal.leave.group.on.close = true
	internal.throw.on.fetch.stable.offset.unsupported = false
	isolation.level = read_uncommitted
	key.deserializer = class org.apache.kafka.common.serialization.StringDeserializer
	max.partition.fetch.bytes = 1048576
	max.poll.interval.ms = 300000
	max.poll.records = 500
	metadata.max.age.ms = 300000
	metadata.recovery.strategy = none
	metric.reporters = []
	metrics.num.samples = 2
	metrics.recording.level = INFO
	metrics.sample.window.ms = 30000
	partition.assignment.strategy = [class org.apache.kafka.clients.consumer.RangeAssignor, class org.apache.kafka.clients.consumer.CooperativeStickyAssignor]
	receive.buffer.bytes = 65536
	reconnect.backoff.max.ms = 1000
	reconnect.backoff.ms = 50
	request.timeout.ms = 5000
	retry.backoff.max.ms = 1000
	retry.backoff.ms = 100
	sasl.client.callback.handler.class = null
	sasl.jaas.config = null
	sasl.kerberos.kinit.cmd = /usr/bin/kinit
	sasl.kerberos.min.time.before.relogin = 60000
	sasl.kerberos.service.name = null
	sasl.kerberos.ticket.renew.jitter = 0.05
	sasl.kerberos.ticket.renew.window.factor = 0.8
	sasl.login.callback.handler.class = null
	sasl.login.class = null
	sasl.login.connect.timeout.ms = null
	sasl.login.read.timeout.ms = null
	sasl.login.refresh.buffer.seconds = 300
	sasl.login.refresh.min.period.seconds = 60
	sasl.login.refresh.window.factor = 0.8
	sasl.login.refresh.window.jitter = 0.05
	sasl.login.retry.backoff.max.ms = 10000
	sasl.login.retry.backoff.ms = 100
	sasl.mechanism = GSSAPI
	sasl.oauthbearer.clock.skew.seconds = 30
	sasl.oauthbearer.expected.audience = null
	sasl.oauthbearer.expected.issuer = null
	sasl.oauthbearer.header.urlencode = false
	sasl.oauthbearer.jwks.endpoint.refresh.ms = 3600000
	sasl.oauthbearer.jwks.endpoint.retry.backoff.max.ms = 10000
	sasl.oauthbearer.jwks.endpoint.retry.backoff.ms = 100
	sasl.oauthbearer.jwks.endpoint.url = null
	sasl.oauthbearer.scope.claim.name = scope
	sasl.oauthbearer.sub.claim.name = sub
	sasl.oauthbearer.token.endpoint.url = null
	security.protocol = PLAINTEXT
	security.providers = null
	send.buffer.bytes = 131072
	session.timeout.ms = 45000
	socket.connection.setup.timeout.max.ms = 30000
	socket.connection.setup.timeout.ms = 10000
	ssl.cipher.suites = null
	ssl.enabled.protocols = [TLSv1.2, TLSv1.3]
	ssl.endpoint.identification.algorithm = https
	ssl.engine.factory.class = null
	ssl.key.password = null
	ssl.keymanager.algorithm = SunX509
	ssl.keystore.certificate.chain = null
	ssl.keystore.key = null
	ssl.keystore.location = null
	ssl.keystore.password = null
	ssl.keystore.type = JKS
	ssl.protocol = TLSv1.3
	ssl.provider = null
	ssl.secure.random.implementation = null
	ssl.trustmanager.algorithm = PKIX
	ssl.truststore.certificates = null
	ssl.truststore.location = null
	ssl.truststore.password = null
	ssl.truststore.type = JKS
	value.deserializer = class io.apicurio.registry.serde.avro.AvroKafkaDeserializer

2025-08-06 18:52:54,664 INFO  [org.apa.kaf.com.tel.int.KafkaMetricsCollector] (main) initializing Kafka metrics collector
2025-08-06 18:52:54,668 INFO  [org.apa.kaf.cli.con.ConsumerConfig] (main) These configurations '[apicurio.registry.url, apicurio.registry.avro-datum-provider]' were supplied but are not used yet.
2025-08-06 18:52:54,668 INFO  [org.apa.kaf.com.uti.AppInfoParser] (main) Kafka version: 3.9.1
2025-08-06 18:52:54,668 INFO  [org.apa.kaf.com.uti.AppInfoParser] (main) Kafka commitId: f745dfdcee2b9851
2025-08-06 18:52:54,668 INFO  [org.apa.kaf.com.uti.AppInfoParser] (main) Kafka startTimeMs: 1754506374668
2025-08-06 18:52:54,669 INFO  [org.apa.kaf.cli.con.int.ClassicKafkaConsumer] (Thread-636) [Consumer clientId=consumer-Consumer-topic-1c06ffef_202e_4b7c_bf07_395faa9381fa-6, groupId=Consumer-topic-1c06ffef_202e_4b7c_bf07_395faa9381fa] Subscribed to topic(s): topic-1c06ffef_202e_4b7c_bf07_395faa9381fa
2025-08-06 18:52:54,674 INFO  [org.apa.kaf.cli.Metadata] (Thread-636) [Consumer clientId=consumer-Consumer-topic-1c06ffef_202e_4b7c_bf07_395faa9381fa-6, groupId=Consumer-topic-1c06ffef_202e_4b7c_bf07_395faa9381fa] Cluster ID: igMICRUWSZmdRuxlP-JQ6A
2025-08-06 18:52:54,676 INFO  [org.apa.kaf.cli.con.int.ConsumerCoordinator] (Thread-636) [Consumer clientId=consumer-Consumer-topic-1c06ffef_202e_4b7c_bf07_395faa9381fa-6, groupId=Consumer-topic-1c06ffef_202e_4b7c_bf07_395faa9381fa] Discovered group coordinator localhost:32769 (id: 2147483647 rack: null)
2025-08-06 18:52:54,677 INFO  [org.apa.kaf.cli.con.int.ConsumerCoordinator] (Thread-636) [Consumer clientId=consumer-Consumer-topic-1c06ffef_202e_4b7c_bf07_395faa9381fa-6, groupId=Consumer-topic-1c06ffef_202e_4b7c_bf07_395faa9381fa] (Re-)joining group
2025-08-06 18:52:54,682 INFO  [org.apa.kaf.cli.con.int.ConsumerCoordinator] (Thread-636) [Consumer clientId=consumer-Consumer-topic-1c06ffef_202e_4b7c_bf07_395faa9381fa-6, groupId=Consumer-topic-1c06ffef_202e_4b7c_bf07_395faa9381fa] Request joining group due to: need to re-join with the given member-id: consumer-Consumer-topic-1c06ffef_202e_4b7c_bf07_395faa9381fa-6-055bead9-2e4a-432e-a7c5-0967d9e9d99c
2025-08-06 18:52:54,682 INFO  [org.apa.kaf.cli.con.int.ConsumerCoordinator] (Thread-636) [Consumer clientId=consumer-Consumer-topic-1c06ffef_202e_4b7c_bf07_395faa9381fa-6, groupId=Consumer-topic-1c06ffef_202e_4b7c_bf07_395faa9381fa] (Re-)joining group
2025-08-06 18:52:55,669 INFO  [io.api.tes.ser.api.KafkaSerdesTester] (Thread-636) None found
2025-08-06 18:52:56,669 INFO  [io.api.tes.ser.api.KafkaSerdesTester] (Thread-636) None found
2025-08-06 18:52:57,669 INFO  [io.api.tes.ser.api.KafkaSerdesTester] (Thread-636) None found
2025-08-06 18:52:57,685 INFO  [org.apa.kaf.cli.con.int.ConsumerCoordinator] (Thread-636) [Consumer clientId=consumer-Consumer-topic-1c06ffef_202e_4b7c_bf07_395faa9381fa-6, groupId=Consumer-topic-1c06ffef_202e_4b7c_bf07_395faa9381fa] Successfully joined group with generation Generation{generationId=1, memberId='consumer-Consumer-topic-1c06ffef_202e_4b7c_bf07_395faa9381fa-6-055bead9-2e4a-432e-a7c5-0967d9e9d99c', protocol='range'}
2025-08-06 18:52:57,685 INFO  [org.apa.kaf.cli.con.int.ConsumerCoordinator] (Thread-636) [Consumer clientId=consumer-Consumer-topic-1c06ffef_202e_4b7c_bf07_395faa9381fa-6, groupId=Consumer-topic-1c06ffef_202e_4b7c_bf07_395faa9381fa] Finished assignment for group at generation 1: {consumer-Consumer-topic-1c06ffef_202e_4b7c_bf07_395faa9381fa-6-055bead9-2e4a-432e-a7c5-0967d9e9d99c=Assignment(partitions=[topic-1c06ffef_202e_4b7c_bf07_395faa9381fa-0])}
2025-08-06 18:52:57,693 INFO  [org.apa.kaf.cli.con.int.ConsumerCoordinator] (Thread-636) [Consumer clientId=consumer-Consumer-topic-1c06ffef_202e_4b7c_bf07_395faa9381fa-6, groupId=Consumer-topic-1c06ffef_202e_4b7c_bf07_395faa9381fa] Successfully synced group in generation Generation{generationId=1, memberId='consumer-Consumer-topic-1c06ffef_202e_4b7c_bf07_395faa9381fa-6-055bead9-2e4a-432e-a7c5-0967d9e9d99c', protocol='range'}
2025-08-06 18:52:57,693 INFO  [org.apa.kaf.cli.con.int.ConsumerCoordinator] (Thread-636) [Consumer clientId=consumer-Consumer-topic-1c06ffef_202e_4b7c_bf07_395faa9381fa-6, groupId=Consumer-topic-1c06ffef_202e_4b7c_bf07_395faa9381fa] Notifying assignor about the new Assignment(partitions=[topic-1c06ffef_202e_4b7c_bf07_395faa9381fa-0])
2025-08-06 18:52:57,693 INFO  [org.apa.kaf.cli.con.int.ConsumerRebalanceListenerInvoker] (Thread-636) [Consumer clientId=consumer-Consumer-topic-1c06ffef_202e_4b7c_bf07_395faa9381fa-6, groupId=Consumer-topic-1c06ffef_202e_4b7c_bf07_395faa9381fa] Adding newly assigned partitions: topic-1c06ffef_202e_4b7c_bf07_395faa9381fa-0
2025-08-06 18:52:57,694 INFO  [org.apa.kaf.cli.con.int.ConsumerCoordinator] (Thread-636) [Consumer clientId=consumer-Consumer-topic-1c06ffef_202e_4b7c_bf07_395faa9381fa-6, groupId=Consumer-topic-1c06ffef_202e_4b7c_bf07_395faa9381fa] Found no committed offset for partition topic-1c06ffef_202e_4b7c_bf07_395faa9381fa-0
2025-08-06 18:52:57,698 INFO  [org.apa.kaf.cli.con.int.SubscriptionState] (Thread-636) [Consumer clientId=consumer-Consumer-topic-1c06ffef_202e_4b7c_bf07_395faa9381fa-6, groupId=Consumer-topic-1c06ffef_202e_4b7c_bf07_395faa9381fa] Resetting offset for partition topic-1c06ffef_202e_4b7c_bf07_395faa9381fa-0 to position FetchPosition{offset=0, offsetEpoch=Optional.empty, currentLeader=LeaderAndEpoch{leader=Optional[localhost:32769 (id: 0 rack: null)], epoch=0}}.
2025-08-06 18:52:57,937 INFO  [io.api.tes.ser.api.KafkaSerdesTester] (Thread-636) topic-1c06ffef_202e_4b7c_bf07_395faa9381fa 0 0 io.apicurio.tests.common.serdes.TestObject@3dbd29cb
2025-08-06 18:52:57,937 INFO  [io.api.tes.ser.api.KafkaSerdesTester] (Thread-636) topic-1c06ffef_202e_4b7c_bf07_395faa9381fa 0 1 io.apicurio.tests.common.serdes.TestObject@3dbd29cb
2025-08-06 18:52:57,937 INFO  [io.api.tes.ser.api.KafkaSerdesTester] (Thread-636) topic-1c06ffef_202e_4b7c_bf07_395faa9381fa 0 2 io.apicurio.tests.common.serdes.TestObject@3dbd29cb
2025-08-06 18:52:57,937 INFO  [io.api.tes.ser.api.KafkaSerdesTester] (Thread-636) topic-1c06ffef_202e_4b7c_bf07_395faa9381fa 0 3 io.apicurio.tests.common.serdes.TestObject@3dbd29cb
2025-08-06 18:52:57,937 INFO  [io.api.tes.ser.api.KafkaSerdesTester] (Thread-636) topic-1c06ffef_202e_4b7c_bf07_395faa9381fa 0 4 io.apicurio.tests.common.serdes.TestObject@3dbd29cb
2025-08-06 18:52:57,937 INFO  [io.api.tes.ser.api.KafkaSerdesTester] (Thread-636) topic-1c06ffef_202e_4b7c_bf07_395faa9381fa 0 5 io.apicurio.tests.common.serdes.TestObject@3dbd29cb
2025-08-06 18:52:57,937 INFO  [io.api.tes.ser.api.KafkaSerdesTester] (Thread-636) topic-1c06ffef_202e_4b7c_bf07_395faa9381fa 0 6 io.apicurio.tests.common.serdes.TestObject@3dbd29cb
2025-08-06 18:52:57,937 INFO  [io.api.tes.ser.api.KafkaSerdesTester] (Thread-636) topic-1c06ffef_202e_4b7c_bf07_395faa9381fa 0 7 io.apicurio.tests.common.serdes.TestObject@3dbd29cb
2025-08-06 18:52:57,937 INFO  [io.api.tes.ser.api.KafkaSerdesTester] (Thread-636) topic-1c06ffef_202e_4b7c_bf07_395faa9381fa 0 8 io.apicurio.tests.common.serdes.TestObject@3dbd29cb
2025-08-06 18:52:57,937 INFO  [io.api.tes.ser.api.KafkaSerdesTester] (Thread-636) topic-1c06ffef_202e_4b7c_bf07_395faa9381fa 0 9 io.apicurio.tests.common.serdes.TestObject@3dbd29cb
2025-08-06 18:52:57,937 INFO  [io.api.tes.ser.api.KafkaSerdesTester] (Thread-636) Consumed 10 messages
2025-08-06 18:52:57,945 INFO  [org.apa.kaf.cli.con.int.ConsumerRebalanceListenerInvoker] (Thread-636) [Consumer clientId=consumer-Consumer-topic-1c06ffef_202e_4b7c_bf07_395faa9381fa-6, groupId=Consumer-topic-1c06ffef_202e_4b7c_bf07_395faa9381fa] Revoke previously assigned partitions topic-1c06ffef_202e_4b7c_bf07_395faa9381fa-0
2025-08-06 18:52:57,945 INFO  [org.apa.kaf.cli.con.int.ConsumerCoordinator] (Thread-636) [Consumer clientId=consumer-Consumer-topic-1c06ffef_202e_4b7c_bf07_395faa9381fa-6, groupId=Consumer-topic-1c06ffef_202e_4b7c_bf07_395faa9381fa] Member consumer-Consumer-topic-1c06ffef_202e_4b7c_bf07_395faa9381fa-6-055bead9-2e4a-432e-a7c5-0967d9e9d99c sending LeaveGroup request to coordinator localhost:32769 (id: 2147483647 rack: null) due to the consumer is being closed
2025-08-06 18:52:57,945 INFO  [org.apa.kaf.cli.con.int.ConsumerCoordinator] (Thread-636) [Consumer clientId=consumer-Consumer-topic-1c06ffef_202e_4b7c_bf07_395faa9381fa-6, groupId=Consumer-topic-1c06ffef_202e_4b7c_bf07_395faa9381fa] Resetting generation and member id due to: consumer pro-actively leaving the group
2025-08-06 18:52:57,945 INFO  [org.apa.kaf.cli.con.int.ConsumerCoordinator] (Thread-636) [Consumer clientId=consumer-Consumer-topic-1c06ffef_202e_4b7c_bf07_395faa9381fa-6, groupId=Consumer-topic-1c06ffef_202e_4b7c_bf07_395faa9381fa] Request joining group due to: consumer pro-actively leaving the group
2025-08-06 18:52:58,440 INFO  [org.apa.kaf.com.met.Metrics] (Thread-636) Metrics scheduler closed
2025-08-06 18:52:58,440 INFO  [org.apa.kaf.com.met.Metrics] (Thread-636) Closing reporter org.apache.kafka.common.metrics.JmxReporter
2025-08-06 18:52:58,440 INFO  [org.apa.kaf.com.met.Metrics] (Thread-636) Closing reporter org.apache.kafka.common.telemetry.internals.ClientTelemetryReporter
2025-08-06 18:52:58,440 INFO  [org.apa.kaf.com.met.Metrics] (Thread-636) Metrics reporters closed
2025-08-06 18:52:58,444 INFO  [org.apa.kaf.com.uti.AppInfoParser] (Thread-636) App info kafka.consumer for consumer-Consumer-topic-1c06ffef_202e_4b7c_bf07_395faa9381fa-6 unregistered
2025-08-06 18:52:58,445 INFO  [io.api.tes.uti.TestSeparator] (main) io.apicurio.tests.serdes.apicurio.AvroSerdeIT.testReflectAutoRegister-FINISHED
2025-08-06 18:52:58,446 INFO  [io.api.tes.uti.TestSeparator] (main) ############################################################################
Test passed: testReflectAutoRegister
]]></system-out>
  </testcase>
  <testcase name="testArtifactNotFound" classname="io.apicurio.tests.serdes.apicurio.AvroSerdeIT" time="0.396">
    <system-out><![CDATA[2025-08-06 18:52:58,448 INFO  [io.api.tes.uti.TestSeparator] (main) ############################################################################
2025-08-06 18:52:58,448 INFO  [io.api.tes.uti.TestSeparator] (main) io.apicurio.tests.serdes.apicurio.AvroSerdeIT.testArtifactNotFound-STARTED
**** Registry Base URL: http://registry-app-pg17.apps.ci419.apicurio-testing.org:80
2025-08-06 18:52:58,455 INFO  [org.apa.kaf.cli.pro.ProducerConfig] (main) ProducerConfig values: 
	acks = -1
	auto.include.jmx.reporter = true
	batch.size = 16384
	bootstrap.servers = [PLAINTEXT://localhost:32769]
	buffer.memory = 33554432
	client.dns.lookup = use_all_dns_ips
	client.id = Producer-s928f6636x6e43x48c4x9a98xf2a17caebce5
	compression.gzip.level = -1
	compression.lz4.level = 9
	compression.type = none
	compression.zstd.level = 3
	connections.max.idle.ms = 10000
	delivery.timeout.ms = 120000
	enable.idempotence = true
	enable.metrics.push = true
	interceptor.classes = []
	key.serializer = class org.apache.kafka.common.serialization.StringSerializer
	linger.ms = 0
	max.block.ms = 60000
	max.in.flight.requests.per.connection = 5
	max.request.size = 1048576
	metadata.max.age.ms = 300000
	metadata.max.idle.ms = 300000
	metadata.recovery.strategy = none
	metric.reporters = []
	metrics.num.samples = 2
	metrics.recording.level = INFO
	metrics.sample.window.ms = 30000
	partitioner.adaptive.partitioning.enable = true
	partitioner.availability.timeout.ms = 0
	partitioner.class = null
	partitioner.ignore.keys = false
	receive.buffer.bytes = 32768
	reconnect.backoff.max.ms = 1000
	reconnect.backoff.ms = 50
	request.timeout.ms = 5000
	retries = 2147483647
	retry.backoff.max.ms = 1000
	retry.backoff.ms = 100
	sasl.client.callback.handler.class = null
	sasl.jaas.config = null
	sasl.kerberos.kinit.cmd = /usr/bin/kinit
	sasl.kerberos.min.time.before.relogin = 60000
	sasl.kerberos.service.name = null
	sasl.kerberos.ticket.renew.jitter = 0.05
	sasl.kerberos.ticket.renew.window.factor = 0.8
	sasl.login.callback.handler.class = null
	sasl.login.class = null
	sasl.login.connect.timeout.ms = null
	sasl.login.read.timeout.ms = null
	sasl.login.refresh.buffer.seconds = 300
	sasl.login.refresh.min.period.seconds = 60
	sasl.login.refresh.window.factor = 0.8
	sasl.login.refresh.window.jitter = 0.05
	sasl.login.retry.backoff.max.ms = 10000
	sasl.login.retry.backoff.ms = 100
	sasl.mechanism = GSSAPI
	sasl.oauthbearer.clock.skew.seconds = 30
	sasl.oauthbearer.expected.audience = null
	sasl.oauthbearer.expected.issuer = null
	sasl.oauthbearer.header.urlencode = false
	sasl.oauthbearer.jwks.endpoint.refresh.ms = 3600000
	sasl.oauthbearer.jwks.endpoint.retry.backoff.max.ms = 10000
	sasl.oauthbearer.jwks.endpoint.retry.backoff.ms = 100
	sasl.oauthbearer.jwks.endpoint.url = null
	sasl.oauthbearer.scope.claim.name = scope
	sasl.oauthbearer.sub.claim.name = sub
	sasl.oauthbearer.token.endpoint.url = null
	security.protocol = PLAINTEXT
	security.providers = null
	send.buffer.bytes = 131072
	socket.connection.setup.timeout.max.ms = 30000
	socket.connection.setup.timeout.ms = 10000
	ssl.cipher.suites = null
	ssl.enabled.protocols = [TLSv1.2, TLSv1.3]
	ssl.endpoint.identification.algorithm = https
	ssl.engine.factory.class = null
	ssl.key.password = null
	ssl.keymanager.algorithm = SunX509
	ssl.keystore.certificate.chain = null
	ssl.keystore.key = null
	ssl.keystore.location = null
	ssl.keystore.password = null
	ssl.keystore.type = JKS
	ssl.protocol = TLSv1.3
	ssl.provider = null
	ssl.secure.random.implementation = null
	ssl.trustmanager.algorithm = PKIX
	ssl.truststore.certificates = null
	ssl.truststore.location = null
	ssl.truststore.password = null
	ssl.truststore.type = JKS
	transaction.timeout.ms = 60000
	transactional.id = null
	value.serializer = class io.apicurio.registry.serde.avro.AvroKafkaSerializer

2025-08-06 18:52:58,455 INFO  [org.apa.kaf.com.tel.int.KafkaMetricsCollector] (main) initializing Kafka metrics collector
2025-08-06 18:52:58,464 INFO  [org.apa.kaf.cli.pro.KafkaProducer] (main) [Producer clientId=Producer-s928f6636x6e43x48c4x9a98xf2a17caebce5] Instantiated an idempotent producer.
2025-08-06 18:52:58,467 INFO  [org.apa.kaf.cli.pro.ProducerConfig] (main) These configurations '[apicurio.registry.url, apicurio.registry.artifact-resolver-strategy]' were supplied but are not used yet.
2025-08-06 18:52:58,467 INFO  [org.apa.kaf.com.uti.AppInfoParser] (main) Kafka version: 3.9.1
2025-08-06 18:52:58,467 INFO  [org.apa.kaf.com.uti.AppInfoParser] (main) Kafka commitId: f745dfdcee2b9851
2025-08-06 18:52:58,467 INFO  [org.apa.kaf.com.uti.AppInfoParser] (main) Kafka startTimeMs: 1754506378467
2025-08-06 18:52:58,468 INFO  [io.api.tes.ser.api.KafkaSerdesTester] (Thread-639) Sending message {"keyB": "value-0"} to topic s928f6636x6e43x48c4x9a98xf2a17caebce5
2025-08-06 18:52:58,474 WARN  [org.apa.kaf.cli.NetworkClient] (kafka-producer-network-thread | Producer-s928f6636x6e43x48c4x9a98xf2a17caebce5) [Producer clientId=Producer-s928f6636x6e43x48c4x9a98xf2a17caebce5] The metadata response from the cluster reported a recoverable issue with correlation id 1 : {s928f6636x6e43x48c4x9a98xf2a17caebce5=UNKNOWN_TOPIC_OR_PARTITION}
2025-08-06 18:52:58,474 INFO  [org.apa.kaf.cli.Metadata] (kafka-producer-network-thread | Producer-s928f6636x6e43x48c4x9a98xf2a17caebce5) [Producer clientId=Producer-s928f6636x6e43x48c4x9a98xf2a17caebce5] Cluster ID: igMICRUWSZmdRuxlP-JQ6A
2025-08-06 18:52:58,475 INFO  [org.apa.kaf.cli.pro.int.TransactionManager] (kafka-producer-network-thread | Producer-s928f6636x6e43x48c4x9a98xf2a17caebce5) [Producer clientId=Producer-s928f6636x6e43x48c4x9a98xf2a17caebce5] ProducerId set to 7 with epoch 0
2025-08-06 18:52:58,594 INFO  [DefaultSchemaResolver] (Thread-639) Retrieving schema content using string: {"type":"record","name":"myrecord","namespace":"mygroup","fields":[{"name":"keyB","type":"string"}]}
2025-08-06 18:52:58,838 INFO  [org.apa.kaf.cli.pro.KafkaProducer] (Thread-639) [Producer clientId=Producer-s928f6636x6e43x48c4x9a98xf2a17caebce5] Closing the Kafka producer with timeoutMillis = 9223372036854775807 ms.
2025-08-06 18:52:58,841 INFO  [org.apa.kaf.com.met.Metrics] (Thread-639) Metrics scheduler closed
2025-08-06 18:52:58,841 INFO  [org.apa.kaf.com.met.Metrics] (Thread-639) Closing reporter org.apache.kafka.common.metrics.JmxReporter
2025-08-06 18:52:58,841 INFO  [org.apa.kaf.com.met.Metrics] (Thread-639) Closing reporter org.apache.kafka.common.telemetry.internals.ClientTelemetryReporter
2025-08-06 18:52:58,841 INFO  [org.apa.kaf.com.met.Metrics] (Thread-639) Metrics reporters closed
2025-08-06 18:52:58,841 INFO  [org.apa.kaf.com.uti.AppInfoParser] (Thread-639) App info kafka.producer for Producer-s928f6636x6e43x48c4x9a98xf2a17caebce5 unregistered
2025-08-06 18:52:58,843 INFO  [io.api.tes.uti.TestSeparator] (main) io.apicurio.tests.serdes.apicurio.AvroSerdeIT.testArtifactNotFound-FINISHED
2025-08-06 18:52:58,843 INFO  [io.api.tes.uti.TestSeparator] (main) ############################################################################
Test passed: testArtifactNotFound
]]></system-out>
    <system-err><![CDATA[java.lang.RuntimeException: Could not resolve artifact reference by content: {"type":"record","name":"myrecord","namespace":"mygroup","fields":[{"name":"keyB","type":"string"}]}&ArtifactReference [groupId=default, artifactId=s928f6636x6e43x48c4x9a98xf2a17caebce5-value, version=null, globalId=null, contentId=null, contentHash=null]
	at io.apicurio.registry.resolver.DefaultSchemaResolver.lambda$handleResolveSchemaByContent$3(DefaultSchemaResolver.java:265)
	at io.apicurio.registry.resolver.cache.ERCache.lambda$getValue$0(ERCache.java:174)
	at io.apicurio.registry.resolver.cache.ERCache.retry(ERCache.java:227)
	at io.apicurio.registry.resolver.cache.ERCache.getValue(ERCache.java:173)
	at io.apicurio.registry.resolver.cache.ERCache.getByContent(ERCache.java:147)
	at io.apicurio.registry.resolver.DefaultSchemaResolver.handleResolveSchemaByContent(DefaultSchemaResolver.java:253)
	at io.apicurio.registry.resolver.DefaultSchemaResolver.getSchemaFromRegistry(DefaultSchemaResolver.java:138)
	at io.apicurio.registry.resolver.DefaultSchemaResolver.lambda$resolveSchema$0(DefaultSchemaResolver.java:84)
	at java.base/java.util.Optional.orElseGet(Optional.java:364)
	at io.apicurio.registry.resolver.DefaultSchemaResolver.resolveSchema(DefaultSchemaResolver.java:84)
	at io.apicurio.registry.serde.AbstractSerializer.serializeData(AbstractSerializer.java:62)
	at io.apicurio.registry.serde.KafkaSerializer.serialize(KafkaSerializer.java:77)
	at org.apache.kafka.clients.producer.KafkaProducer.doSend(KafkaProducer.java:1046)
	at org.apache.kafka.clients.producer.KafkaProducer.send(KafkaProducer.java:993)
	at org.apache.kafka.clients.producer.KafkaProducer.send(KafkaProducer.java:875)
	at io.apicurio.tests.serdes.apicurio.KafkaSerdesTester.lambda$produceMessages$3(KafkaSerdesTester.java:138)
	at java.base/java.util.concurrent.CompletableFuture$AsyncSupply.run(CompletableFuture.java:1768)
	at java.base/java.lang.Thread.run(Thread.java:840)
]]></system-err>
  </testcase>
  <testcase name="testAvroSerDesFailDifferentSchemaByRecordName" classname="io.apicurio.tests.serdes.apicurio.AvroSerdeIT" time="1.364">
    <system-out><![CDATA[2025-08-06 18:52:58,846 INFO  [io.api.tes.uti.TestSeparator] (main) ############################################################################
2025-08-06 18:52:58,846 INFO  [io.api.tes.uti.TestSeparator] (main) io.apicurio.tests.serdes.apicurio.AvroSerdeIT.testAvroSerDesFailDifferentSchemaByRecordName-STARTED
**** Registry Base URL: http://registry-app-pg17.apps.ci419.apicurio-testing.org:80
2025-08-06 18:53:00,028 INFO  [org.apa.kaf.cli.pro.ProducerConfig] (main) ProducerConfig values: 
	acks = -1
	auto.include.jmx.reporter = true
	batch.size = 16384
	bootstrap.servers = [PLAINTEXT://localhost:32769]
	buffer.memory = 33554432
	client.dns.lookup = use_all_dns_ips
	client.id = Producer-topic-f1fe9bd1_0f67_4c84_8017_8b677b91c624
	compression.gzip.level = -1
	compression.lz4.level = 9
	compression.type = none
	compression.zstd.level = 3
	connections.max.idle.ms = 10000
	delivery.timeout.ms = 120000
	enable.idempotence = true
	enable.metrics.push = true
	interceptor.classes = []
	key.serializer = class org.apache.kafka.common.serialization.StringSerializer
	linger.ms = 0
	max.block.ms = 60000
	max.in.flight.requests.per.connection = 5
	max.request.size = 1048576
	metadata.max.age.ms = 300000
	metadata.max.idle.ms = 300000
	metadata.recovery.strategy = none
	metric.reporters = []
	metrics.num.samples = 2
	metrics.recording.level = INFO
	metrics.sample.window.ms = 30000
	partitioner.adaptive.partitioning.enable = true
	partitioner.availability.timeout.ms = 0
	partitioner.class = null
	partitioner.ignore.keys = false
	receive.buffer.bytes = 32768
	reconnect.backoff.max.ms = 1000
	reconnect.backoff.ms = 50
	request.timeout.ms = 5000
	retries = 2147483647
	retry.backoff.max.ms = 1000
	retry.backoff.ms = 100
	sasl.client.callback.handler.class = null
	sasl.jaas.config = null
	sasl.kerberos.kinit.cmd = /usr/bin/kinit
	sasl.kerberos.min.time.before.relogin = 60000
	sasl.kerberos.service.name = null
	sasl.kerberos.ticket.renew.jitter = 0.05
	sasl.kerberos.ticket.renew.window.factor = 0.8
	sasl.login.callback.handler.class = null
	sasl.login.class = null
	sasl.login.connect.timeout.ms = null
	sasl.login.read.timeout.ms = null
	sasl.login.refresh.buffer.seconds = 300
	sasl.login.refresh.min.period.seconds = 60
	sasl.login.refresh.window.factor = 0.8
	sasl.login.refresh.window.jitter = 0.05
	sasl.login.retry.backoff.max.ms = 10000
	sasl.login.retry.backoff.ms = 100
	sasl.mechanism = GSSAPI
	sasl.oauthbearer.clock.skew.seconds = 30
	sasl.oauthbearer.expected.audience = null
	sasl.oauthbearer.expected.issuer = null
	sasl.oauthbearer.header.urlencode = false
	sasl.oauthbearer.jwks.endpoint.refresh.ms = 3600000
	sasl.oauthbearer.jwks.endpoint.retry.backoff.max.ms = 10000
	sasl.oauthbearer.jwks.endpoint.retry.backoff.ms = 100
	sasl.oauthbearer.jwks.endpoint.url = null
	sasl.oauthbearer.scope.claim.name = scope
	sasl.oauthbearer.sub.claim.name = sub
	sasl.oauthbearer.token.endpoint.url = null
	security.protocol = PLAINTEXT
	security.providers = null
	send.buffer.bytes = 131072
	socket.connection.setup.timeout.max.ms = 30000
	socket.connection.setup.timeout.ms = 10000
	ssl.cipher.suites = null
	ssl.enabled.protocols = [TLSv1.2, TLSv1.3]
	ssl.endpoint.identification.algorithm = https
	ssl.engine.factory.class = null
	ssl.key.password = null
	ssl.keymanager.algorithm = SunX509
	ssl.keystore.certificate.chain = null
	ssl.keystore.key = null
	ssl.keystore.location = null
	ssl.keystore.password = null
	ssl.keystore.type = JKS
	ssl.protocol = TLSv1.3
	ssl.provider = null
	ssl.secure.random.implementation = null
	ssl.trustmanager.algorithm = PKIX
	ssl.truststore.certificates = null
	ssl.truststore.location = null
	ssl.truststore.password = null
	ssl.truststore.type = JKS
	transaction.timeout.ms = 60000
	transactional.id = null
	value.serializer = class io.apicurio.registry.serde.avro.AvroKafkaSerializer

2025-08-06 18:53:00,029 INFO  [org.apa.kaf.com.tel.int.KafkaMetricsCollector] (main) initializing Kafka metrics collector
2025-08-06 18:53:00,034 INFO  [org.apa.kaf.cli.pro.KafkaProducer] (main) [Producer clientId=Producer-topic-f1fe9bd1_0f67_4c84_8017_8b677b91c624] Instantiated an idempotent producer.
2025-08-06 18:53:00,038 INFO  [org.apa.kaf.cli.pro.ProducerConfig] (main) These configurations '[apicurio.registry.find-latest, apicurio.registry.url, apicurio.registry.artifact-resolver-strategy]' were supplied but are not used yet.
2025-08-06 18:53:00,038 INFO  [org.apa.kaf.com.uti.AppInfoParser] (main) Kafka version: 3.9.1
2025-08-06 18:53:00,038 INFO  [org.apa.kaf.com.uti.AppInfoParser] (main) Kafka commitId: f745dfdcee2b9851
2025-08-06 18:53:00,038 INFO  [org.apa.kaf.com.uti.AppInfoParser] (main) Kafka startTimeMs: 1754506380038
2025-08-06 18:53:00,041 INFO  [io.api.tes.ser.api.KafkaSerdesTester] (Thread-642) Sending message {"keyB": "value-0"} to topic topic-f1fe9bd1_0f67_4c84_8017_8b677b91c624
2025-08-06 18:53:00,048 INFO  [org.apa.kaf.cli.Metadata] (kafka-producer-network-thread | Producer-topic-f1fe9bd1_0f67_4c84_8017_8b677b91c624) [Producer clientId=Producer-topic-f1fe9bd1_0f67_4c84_8017_8b677b91c624] Cluster ID: igMICRUWSZmdRuxlP-JQ6A
2025-08-06 18:53:00,049 INFO  [org.apa.kaf.cli.pro.int.TransactionManager] (kafka-producer-network-thread | Producer-topic-f1fe9bd1_0f67_4c84_8017_8b677b91c624) [Producer clientId=Producer-topic-f1fe9bd1_0f67_4c84_8017_8b677b91c624] ProducerId set to 8 with epoch 0
2025-08-06 18:53:00,205 INFO  [org.apa.kaf.cli.pro.KafkaProducer] (Thread-642) [Producer clientId=Producer-topic-f1fe9bd1_0f67_4c84_8017_8b677b91c624] Closing the Kafka producer with timeoutMillis = 9223372036854775807 ms.
2025-08-06 18:53:00,207 INFO  [org.apa.kaf.com.met.Metrics] (Thread-642) Metrics scheduler closed
2025-08-06 18:53:00,207 INFO  [org.apa.kaf.com.met.Metrics] (Thread-642) Closing reporter org.apache.kafka.common.metrics.JmxReporter
2025-08-06 18:53:00,207 INFO  [org.apa.kaf.com.met.Metrics] (Thread-642) Closing reporter org.apache.kafka.common.telemetry.internals.ClientTelemetryReporter
2025-08-06 18:53:00,207 INFO  [org.apa.kaf.com.met.Metrics] (Thread-642) Metrics reporters closed
2025-08-06 18:53:00,208 INFO  [org.apa.kaf.com.uti.AppInfoParser] (Thread-642) App info kafka.producer for Producer-topic-f1fe9bd1_0f67_4c84_8017_8b677b91c624 unregistered
2025-08-06 18:53:00,208 INFO  [io.api.tes.uti.TestSeparator] (main) io.apicurio.tests.serdes.apicurio.AvroSerdeIT.testAvroSerDesFailDifferentSchemaByRecordName-FINISHED
2025-08-06 18:53:00,208 INFO  [io.api.tes.uti.TestSeparator] (main) ############################################################################
Test passed: testAvroSerDesFailDifferentSchemaByRecordName
]]></system-out>
    <system-err><![CDATA[io.apicurio.registry.rest.client.models.ProblemDetails
	at io.apicurio.registry.rest.client.models.ProblemDetails.createFromDiscriminatorValue(ProblemDetails.java:58)
	at io.kiota.serialization.json.JsonParseNode.getObjectValue(JsonParseNode.java:247)
	at io.kiota.http.vertx.VertXRequestAdapter.lambda$throwIfFailedResponse$0(VertXRequestAdapter.java:400)
	at com.microsoft.kiota.ApiExceptionBuilder.<init>(ApiExceptionBuilder.java:26)
	at io.kiota.http.vertx.VertXRequestAdapter.throwIfFailedResponse(VertXRequestAdapter.java:399)
	at io.kiota.http.vertx.VertXRequestAdapter.send(VertXRequestAdapter.java:170)
	at io.apicurio.registry.rest.client.groups.item.artifacts.item.versions.item.WithVersionExpressionItemRequestBuilder.get(WithVersionExpressionItemRequestBuilder.java:128)
	at io.apicurio.registry.rest.client.groups.item.artifacts.item.versions.item.WithVersionExpressionItemRequestBuilder.get(WithVersionExpressionItemRequestBuilder.java:111)
	at io.apicurio.registry.resolver.client.RegistryClientFacadeImpl.getVersionCoordinatesByGAV(RegistryClientFacadeImpl.java:159)
	at io.apicurio.registry.resolver.DefaultSchemaResolver.resolveByCoordinates(DefaultSchemaResolver.java:352)
	at io.apicurio.registry.resolver.DefaultSchemaResolver.lambda$resolveSchemaByArtifactReferenceCached$6(DefaultSchemaResolver.java:340)
	at io.apicurio.registry.resolver.cache.ERCache.lambda$getValue$0(ERCache.java:174)
	at io.apicurio.registry.resolver.cache.ERCache.retry(ERCache.java:227)
	at io.apicurio.registry.resolver.cache.ERCache.getValue(ERCache.java:173)
	at io.apicurio.registry.resolver.cache.ERCache.getByArtifactCoordinates(ERCache.java:158)
	at io.apicurio.registry.resolver.DefaultSchemaResolver.resolveSchemaByArtifactReferenceCached(DefaultSchemaResolver.java:338)
	at io.apicurio.registry.resolver.DefaultSchemaResolver.resolveSchemaByCoordinates(DefaultSchemaResolver.java:193)
	at io.apicurio.registry.resolver.DefaultSchemaResolver.getSchemaFromRegistry(DefaultSchemaResolver.java:130)
	at io.apicurio.registry.resolver.DefaultSchemaResolver.lambda$resolveSchema$0(DefaultSchemaResolver.java:84)
	at java.base/java.util.Optional.orElseGet(Optional.java:364)
	at io.apicurio.registry.resolver.DefaultSchemaResolver.resolveSchema(DefaultSchemaResolver.java:84)
	at io.apicurio.registry.serde.AbstractSerializer.serializeData(AbstractSerializer.java:62)
	at io.apicurio.registry.serde.KafkaSerializer.serialize(KafkaSerializer.java:77)
	at org.apache.kafka.clients.producer.KafkaProducer.doSend(KafkaProducer.java:1046)
	at org.apache.kafka.clients.producer.KafkaProducer.send(KafkaProducer.java:993)
	at org.apache.kafka.clients.producer.KafkaProducer.send(KafkaProducer.java:875)
	at io.apicurio.tests.serdes.apicurio.KafkaSerdesTester.lambda$produceMessages$3(KafkaSerdesTester.java:138)
	at java.base/java.util.concurrent.CompletableFuture$AsyncSupply.run(CompletableFuture.java:1768)
	at java.base/java.lang.Thread.run(Thread.java:840)
]]></system-err>
  </testcase>
  <testcase name="testTopicIdStrategyFindLatest" classname="io.apicurio.tests.serdes.apicurio.AvroSerdeIT" time="5.426">
    <system-out><![CDATA[2025-08-06 18:53:00,217 INFO  [io.api.tes.uti.TestSeparator] (main) ############################################################################
2025-08-06 18:53:00,217 INFO  [io.api.tes.uti.TestSeparator] (main) io.apicurio.tests.serdes.apicurio.AvroSerdeIT.testTopicIdStrategyFindLatest-STARTED
2025-08-06 18:53:00,220 INFO  [io.api.tes.ser.api.AvroSerdeIT] (main) Registering Avro Schema: {"type":"record","name":"myrecordapicurio1","fields":[{"name":"key11754506380217","type":"string"}]}
**** Registry Base URL: http://registry-app-pg17.apps.ci419.apicurio-testing.org:80
2025-08-06 18:53:01,481 INFO  [org.apa.kaf.cli.pro.ProducerConfig] (main) ProducerConfig values: 
	acks = -1
	auto.include.jmx.reporter = true
	batch.size = 16384
	bootstrap.servers = [PLAINTEXT://localhost:32769]
	buffer.memory = 33554432
	client.dns.lookup = use_all_dns_ips
	client.id = Producer-topic-b50f62ce_91d0_460f_b098_493dae6c9bc7
	compression.gzip.level = -1
	compression.lz4.level = 9
	compression.type = none
	compression.zstd.level = 3
	connections.max.idle.ms = 10000
	delivery.timeout.ms = 120000
	enable.idempotence = true
	enable.metrics.push = true
	interceptor.classes = []
	key.serializer = class org.apache.kafka.common.serialization.StringSerializer
	linger.ms = 0
	max.block.ms = 60000
	max.in.flight.requests.per.connection = 5
	max.request.size = 1048576
	metadata.max.age.ms = 300000
	metadata.max.idle.ms = 300000
	metadata.recovery.strategy = none
	metric.reporters = []
	metrics.num.samples = 2
	metrics.recording.level = INFO
	metrics.sample.window.ms = 30000
	partitioner.adaptive.partitioning.enable = true
	partitioner.availability.timeout.ms = 0
	partitioner.class = null
	partitioner.ignore.keys = false
	receive.buffer.bytes = 32768
	reconnect.backoff.max.ms = 1000
	reconnect.backoff.ms = 50
	request.timeout.ms = 5000
	retries = 2147483647
	retry.backoff.max.ms = 1000
	retry.backoff.ms = 100
	sasl.client.callback.handler.class = null
	sasl.jaas.config = null
	sasl.kerberos.kinit.cmd = /usr/bin/kinit
	sasl.kerberos.min.time.before.relogin = 60000
	sasl.kerberos.service.name = null
	sasl.kerberos.ticket.renew.jitter = 0.05
	sasl.kerberos.ticket.renew.window.factor = 0.8
	sasl.login.callback.handler.class = null
	sasl.login.class = null
	sasl.login.connect.timeout.ms = null
	sasl.login.read.timeout.ms = null
	sasl.login.refresh.buffer.seconds = 300
	sasl.login.refresh.min.period.seconds = 60
	sasl.login.refresh.window.factor = 0.8
	sasl.login.refresh.window.jitter = 0.05
	sasl.login.retry.backoff.max.ms = 10000
	sasl.login.retry.backoff.ms = 100
	sasl.mechanism = GSSAPI
	sasl.oauthbearer.clock.skew.seconds = 30
	sasl.oauthbearer.expected.audience = null
	sasl.oauthbearer.expected.issuer = null
	sasl.oauthbearer.header.urlencode = false
	sasl.oauthbearer.jwks.endpoint.refresh.ms = 3600000
	sasl.oauthbearer.jwks.endpoint.retry.backoff.max.ms = 10000
	sasl.oauthbearer.jwks.endpoint.retry.backoff.ms = 100
	sasl.oauthbearer.jwks.endpoint.url = null
	sasl.oauthbearer.scope.claim.name = scope
	sasl.oauthbearer.sub.claim.name = sub
	sasl.oauthbearer.token.endpoint.url = null
	security.protocol = PLAINTEXT
	security.providers = null
	send.buffer.bytes = 131072
	socket.connection.setup.timeout.max.ms = 30000
	socket.connection.setup.timeout.ms = 10000
	ssl.cipher.suites = null
	ssl.enabled.protocols = [TLSv1.2, TLSv1.3]
	ssl.endpoint.identification.algorithm = https
	ssl.engine.factory.class = null
	ssl.key.password = null
	ssl.keymanager.algorithm = SunX509
	ssl.keystore.certificate.chain = null
	ssl.keystore.key = null
	ssl.keystore.location = null
	ssl.keystore.password = null
	ssl.keystore.type = JKS
	ssl.protocol = TLSv1.3
	ssl.provider = null
	ssl.secure.random.implementation = null
	ssl.trustmanager.algorithm = PKIX
	ssl.truststore.certificates = null
	ssl.truststore.location = null
	ssl.truststore.password = null
	ssl.truststore.type = JKS
	transaction.timeout.ms = 60000
	transactional.id = null
	value.serializer = class io.apicurio.registry.serde.avro.AvroKafkaSerializer

2025-08-06 18:53:01,482 INFO  [org.apa.kaf.com.tel.int.KafkaMetricsCollector] (main) initializing Kafka metrics collector
2025-08-06 18:53:01,485 INFO  [org.apa.kaf.cli.pro.KafkaProducer] (main) [Producer clientId=Producer-topic-b50f62ce_91d0_460f_b098_493dae6c9bc7] Instantiated an idempotent producer.
2025-08-06 18:53:01,488 INFO  [org.apa.kaf.cli.pro.ProducerConfig] (main) These configurations '[apicurio.registry.find-latest, apicurio.registry.url, apicurio.registry.artifact-resolver-strategy]' were supplied but are not used yet.
2025-08-06 18:53:01,488 INFO  [org.apa.kaf.com.uti.AppInfoParser] (main) Kafka version: 3.9.1
2025-08-06 18:53:01,488 INFO  [org.apa.kaf.com.uti.AppInfoParser] (main) Kafka commitId: f745dfdcee2b9851
2025-08-06 18:53:01,488 INFO  [org.apa.kaf.com.uti.AppInfoParser] (main) Kafka startTimeMs: 1754506381488
2025-08-06 18:53:01,488 INFO  [io.api.tes.ser.api.SimpleSerdesTesterBuilder$SimpleSerdesTester] (main) Using producer configuration: {apicurio.registry.find-latest=true, apicurio.registry.url=http://registry-app-pg17.apps.ci419.apicurio-testing.org:80/apis/registry/v3, apicurio.registry.artifact-resolver-strategy=io.apicurio.registry.serde.strategy.TopicIdStrategy, value.serializer=io.apicurio.registry.serde.avro.AvroKafkaSerializer, request.timeout.ms=5000, acks=all, bootstrap.servers=PLAINTEXT://localhost:32769, connections.max.idle.ms=10000, key.serializer=org.apache.kafka.common.serialization.StringSerializer, client.id=Producer-topic-b50f62ce_91d0_460f_b098_493dae6c9bc7}
2025-08-06 18:53:01,488 INFO  [io.api.tes.ser.api.SimpleSerdesTesterBuilder$SimpleSerdesTester] (main) Using consumer configuration: {}
2025-08-06 18:53:01,490 INFO  [io.api.tes.ser.api.KafkaSerdesTester] (Thread-645) Sending message {"key11754506380217": "value-0"} to topic topic-b50f62ce_91d0_460f_b098_493dae6c9bc7
2025-08-06 18:53:01,493 INFO  [org.apa.kaf.cli.Metadata] (kafka-producer-network-thread | Producer-topic-b50f62ce_91d0_460f_b098_493dae6c9bc7) [Producer clientId=Producer-topic-b50f62ce_91d0_460f_b098_493dae6c9bc7] Cluster ID: igMICRUWSZmdRuxlP-JQ6A
2025-08-06 18:53:01,496 INFO  [org.apa.kaf.cli.pro.int.TransactionManager] (kafka-producer-network-thread | Producer-topic-b50f62ce_91d0_460f_b098_493dae6c9bc7) [Producer clientId=Producer-topic-b50f62ce_91d0_460f_b098_493dae6c9bc7] ProducerId set to 9 with epoch 0
2025-08-06 18:53:01,817 INFO  [io.api.tes.ser.api.KafkaSerdesTester] (Thread-645) Sending message {"key11754506380217": "value-1"} to topic topic-b50f62ce_91d0_460f_b098_493dae6c9bc7
2025-08-06 18:53:01,818 INFO  [io.api.tes.ser.api.KafkaSerdesTester] (Thread-645) Sending message {"key11754506380217": "value-2"} to topic topic-b50f62ce_91d0_460f_b098_493dae6c9bc7
2025-08-06 18:53:01,820 INFO  [io.api.tes.ser.api.KafkaSerdesTester] (Thread-645) Sending message {"key11754506380217": "value-3"} to topic topic-b50f62ce_91d0_460f_b098_493dae6c9bc7
2025-08-06 18:53:01,822 INFO  [io.api.tes.ser.api.KafkaSerdesTester] (Thread-645) Sending message {"key11754506380217": "value-4"} to topic topic-b50f62ce_91d0_460f_b098_493dae6c9bc7
2025-08-06 18:53:01,825 INFO  [io.api.tes.ser.api.KafkaSerdesTester] (Thread-645) Sending message {"key11754506380217": "value-5"} to topic topic-b50f62ce_91d0_460f_b098_493dae6c9bc7
2025-08-06 18:53:01,827 INFO  [io.api.tes.ser.api.KafkaSerdesTester] (Thread-645) Sending message {"key11754506380217": "value-6"} to topic topic-b50f62ce_91d0_460f_b098_493dae6c9bc7
2025-08-06 18:53:01,829 INFO  [io.api.tes.ser.api.KafkaSerdesTester] (Thread-645) Sending message {"key11754506380217": "value-7"} to topic topic-b50f62ce_91d0_460f_b098_493dae6c9bc7
2025-08-06 18:53:01,832 INFO  [io.api.tes.ser.api.KafkaSerdesTester] (Thread-645) Sending message {"key11754506380217": "value-8"} to topic topic-b50f62ce_91d0_460f_b098_493dae6c9bc7
2025-08-06 18:53:01,836 INFO  [io.api.tes.ser.api.KafkaSerdesTester] (Thread-645) Sending message {"key11754506380217": "value-9"} to topic topic-b50f62ce_91d0_460f_b098_493dae6c9bc7
2025-08-06 18:53:01,840 INFO  [io.api.tes.ser.api.KafkaSerdesTester] (Thread-645) Produced 10 messages
2025-08-06 18:53:01,840 INFO  [org.apa.kaf.cli.pro.KafkaProducer] (Thread-645) [Producer clientId=Producer-topic-b50f62ce_91d0_460f_b098_493dae6c9bc7] Closing the Kafka producer with timeoutMillis = 9223372036854775807 ms.
2025-08-06 18:53:01,844 INFO  [org.apa.kaf.com.met.Metrics] (Thread-645) Metrics scheduler closed
2025-08-06 18:53:01,844 INFO  [org.apa.kaf.com.met.Metrics] (Thread-645) Closing reporter org.apache.kafka.common.metrics.JmxReporter
2025-08-06 18:53:01,844 INFO  [org.apa.kaf.com.met.Metrics] (Thread-645) Closing reporter org.apache.kafka.common.telemetry.internals.ClientTelemetryReporter
2025-08-06 18:53:01,844 INFO  [org.apa.kaf.com.met.Metrics] (Thread-645) Metrics reporters closed
2025-08-06 18:53:01,847 INFO  [org.apa.kaf.com.uti.AppInfoParser] (Thread-645) App info kafka.producer for Producer-topic-b50f62ce_91d0_460f_b098_493dae6c9bc7 unregistered
**** Registry Base URL: http://registry-app-pg17.apps.ci419.apicurio-testing.org:80
2025-08-06 18:53:01,848 INFO  [org.apa.kaf.cli.con.ConsumerConfig] (main) ConsumerConfig values: 
	allow.auto.create.topics = true
	auto.commit.interval.ms = 500
	auto.include.jmx.reporter = true
	auto.offset.reset = earliest
	bootstrap.servers = [PLAINTEXT://localhost:32769]
	check.crcs = true
	client.dns.lookup = use_all_dns_ips
	client.id = consumer-Consumer-topic-b50f62ce_91d0_460f_b098_493dae6c9bc7-7
	client.rack = 
	connections.max.idle.ms = 10000
	default.api.timeout.ms = 60000
	enable.auto.commit = true
	enable.metrics.push = true
	exclude.internal.topics = true
	fetch.max.bytes = 52428800
	fetch.max.wait.ms = 500
	fetch.min.bytes = 1
	group.id = Consumer-topic-b50f62ce_91d0_460f_b098_493dae6c9bc7
	group.instance.id = null
	group.protocol = classic
	group.remote.assignor = null
	heartbeat.interval.ms = 3000
	interceptor.classes = []
	internal.leave.group.on.close = true
	internal.throw.on.fetch.stable.offset.unsupported = false
	isolation.level = read_uncommitted
	key.deserializer = class org.apache.kafka.common.serialization.StringDeserializer
	max.partition.fetch.bytes = 1048576
	max.poll.interval.ms = 300000
	max.poll.records = 500
	metadata.max.age.ms = 300000
	metadata.recovery.strategy = none
	metric.reporters = []
	metrics.num.samples = 2
	metrics.recording.level = INFO
	metrics.sample.window.ms = 30000
	partition.assignment.strategy = [class org.apache.kafka.clients.consumer.RangeAssignor, class org.apache.kafka.clients.consumer.CooperativeStickyAssignor]
	receive.buffer.bytes = 65536
	reconnect.backoff.max.ms = 1000
	reconnect.backoff.ms = 50
	request.timeout.ms = 5000
	retry.backoff.max.ms = 1000
	retry.backoff.ms = 100
	sasl.client.callback.handler.class = null
	sasl.jaas.config = null
	sasl.kerberos.kinit.cmd = /usr/bin/kinit
	sasl.kerberos.min.time.before.relogin = 60000
	sasl.kerberos.service.name = null
	sasl.kerberos.ticket.renew.jitter = 0.05
	sasl.kerberos.ticket.renew.window.factor = 0.8
	sasl.login.callback.handler.class = null
	sasl.login.class = null
	sasl.login.connect.timeout.ms = null
	sasl.login.read.timeout.ms = null
	sasl.login.refresh.buffer.seconds = 300
	sasl.login.refresh.min.period.seconds = 60
	sasl.login.refresh.window.factor = 0.8
	sasl.login.refresh.window.jitter = 0.05
	sasl.login.retry.backoff.max.ms = 10000
	sasl.login.retry.backoff.ms = 100
	sasl.mechanism = GSSAPI
	sasl.oauthbearer.clock.skew.seconds = 30
	sasl.oauthbearer.expected.audience = null
	sasl.oauthbearer.expected.issuer = null
	sasl.oauthbearer.header.urlencode = false
	sasl.oauthbearer.jwks.endpoint.refresh.ms = 3600000
	sasl.oauthbearer.jwks.endpoint.retry.backoff.max.ms = 10000
	sasl.oauthbearer.jwks.endpoint.retry.backoff.ms = 100
	sasl.oauthbearer.jwks.endpoint.url = null
	sasl.oauthbearer.scope.claim.name = scope
	sasl.oauthbearer.sub.claim.name = sub
	sasl.oauthbearer.token.endpoint.url = null
	security.protocol = PLAINTEXT
	security.providers = null
	send.buffer.bytes = 131072
	session.timeout.ms = 45000
	socket.connection.setup.timeout.max.ms = 30000
	socket.connection.setup.timeout.ms = 10000
	ssl.cipher.suites = null
	ssl.enabled.protocols = [TLSv1.2, TLSv1.3]
	ssl.endpoint.identification.algorithm = https
	ssl.engine.factory.class = null
	ssl.key.password = null
	ssl.keymanager.algorithm = SunX509
	ssl.keystore.certificate.chain = null
	ssl.keystore.key = null
	ssl.keystore.location = null
	ssl.keystore.password = null
	ssl.keystore.type = JKS
	ssl.protocol = TLSv1.3
	ssl.provider = null
	ssl.secure.random.implementation = null
	ssl.trustmanager.algorithm = PKIX
	ssl.truststore.certificates = null
	ssl.truststore.location = null
	ssl.truststore.password = null
	ssl.truststore.type = JKS
	value.deserializer = class io.apicurio.registry.serde.avro.AvroKafkaDeserializer

2025-08-06 18:53:01,848 INFO  [org.apa.kaf.com.tel.int.KafkaMetricsCollector] (main) initializing Kafka metrics collector
2025-08-06 18:53:01,858 INFO  [org.apa.kaf.cli.con.ConsumerConfig] (main) These configurations '[apicurio.registry.url]' were supplied but are not used yet.
2025-08-06 18:53:01,858 INFO  [org.apa.kaf.com.uti.AppInfoParser] (main) Kafka version: 3.9.1
2025-08-06 18:53:01,858 INFO  [org.apa.kaf.com.uti.AppInfoParser] (main) Kafka commitId: f745dfdcee2b9851
2025-08-06 18:53:01,858 INFO  [org.apa.kaf.com.uti.AppInfoParser] (main) Kafka startTimeMs: 1754506381858
2025-08-06 18:53:01,858 INFO  [org.apa.kaf.cli.con.int.ClassicKafkaConsumer] (Thread-648) [Consumer clientId=consumer-Consumer-topic-b50f62ce_91d0_460f_b098_493dae6c9bc7-7, groupId=Consumer-topic-b50f62ce_91d0_460f_b098_493dae6c9bc7] Subscribed to topic(s): topic-b50f62ce_91d0_460f_b098_493dae6c9bc7
2025-08-06 18:53:01,863 INFO  [org.apa.kaf.cli.Metadata] (Thread-648) [Consumer clientId=consumer-Consumer-topic-b50f62ce_91d0_460f_b098_493dae6c9bc7-7, groupId=Consumer-topic-b50f62ce_91d0_460f_b098_493dae6c9bc7] Cluster ID: igMICRUWSZmdRuxlP-JQ6A
2025-08-06 18:53:01,865 INFO  [org.apa.kaf.cli.con.int.ConsumerCoordinator] (Thread-648) [Consumer clientId=consumer-Consumer-topic-b50f62ce_91d0_460f_b098_493dae6c9bc7-7, groupId=Consumer-topic-b50f62ce_91d0_460f_b098_493dae6c9bc7] Discovered group coordinator localhost:32769 (id: 2147483647 rack: null)
2025-08-06 18:53:01,868 INFO  [org.apa.kaf.cli.con.int.ConsumerCoordinator] (Thread-648) [Consumer clientId=consumer-Consumer-topic-b50f62ce_91d0_460f_b098_493dae6c9bc7-7, groupId=Consumer-topic-b50f62ce_91d0_460f_b098_493dae6c9bc7] (Re-)joining group
2025-08-06 18:53:01,871 INFO  [org.apa.kaf.cli.con.int.ConsumerCoordinator] (Thread-648) [Consumer clientId=consumer-Consumer-topic-b50f62ce_91d0_460f_b098_493dae6c9bc7-7, groupId=Consumer-topic-b50f62ce_91d0_460f_b098_493dae6c9bc7] Request joining group due to: need to re-join with the given member-id: consumer-Consumer-topic-b50f62ce_91d0_460f_b098_493dae6c9bc7-7-9ab1fd90-706e-4b6e-907c-8a477e476955
2025-08-06 18:53:01,872 INFO  [org.apa.kaf.cli.con.int.ConsumerCoordinator] (Thread-648) [Consumer clientId=consumer-Consumer-topic-b50f62ce_91d0_460f_b098_493dae6c9bc7-7, groupId=Consumer-topic-b50f62ce_91d0_460f_b098_493dae6c9bc7] (Re-)joining group
2025-08-06 18:53:02,858 INFO  [io.api.tes.ser.api.KafkaSerdesTester] (Thread-648) None found
2025-08-06 18:53:03,859 INFO  [io.api.tes.ser.api.KafkaSerdesTester] (Thread-648) None found
2025-08-06 18:53:04,859 INFO  [io.api.tes.ser.api.KafkaSerdesTester] (Thread-648) None found
2025-08-06 18:53:04,876 INFO  [org.apa.kaf.cli.con.int.ConsumerCoordinator] (Thread-648) [Consumer clientId=consumer-Consumer-topic-b50f62ce_91d0_460f_b098_493dae6c9bc7-7, groupId=Consumer-topic-b50f62ce_91d0_460f_b098_493dae6c9bc7] Successfully joined group with generation Generation{generationId=1, memberId='consumer-Consumer-topic-b50f62ce_91d0_460f_b098_493dae6c9bc7-7-9ab1fd90-706e-4b6e-907c-8a477e476955', protocol='range'}
2025-08-06 18:53:04,877 INFO  [org.apa.kaf.cli.con.int.ConsumerCoordinator] (Thread-648) [Consumer clientId=consumer-Consumer-topic-b50f62ce_91d0_460f_b098_493dae6c9bc7-7, groupId=Consumer-topic-b50f62ce_91d0_460f_b098_493dae6c9bc7] Finished assignment for group at generation 1: {consumer-Consumer-topic-b50f62ce_91d0_460f_b098_493dae6c9bc7-7-9ab1fd90-706e-4b6e-907c-8a477e476955=Assignment(partitions=[topic-b50f62ce_91d0_460f_b098_493dae6c9bc7-0])}
2025-08-06 18:53:04,884 INFO  [org.apa.kaf.cli.con.int.ConsumerCoordinator] (Thread-648) [Consumer clientId=consumer-Consumer-topic-b50f62ce_91d0_460f_b098_493dae6c9bc7-7, groupId=Consumer-topic-b50f62ce_91d0_460f_b098_493dae6c9bc7] Successfully synced group in generation Generation{generationId=1, memberId='consumer-Consumer-topic-b50f62ce_91d0_460f_b098_493dae6c9bc7-7-9ab1fd90-706e-4b6e-907c-8a477e476955', protocol='range'}
2025-08-06 18:53:04,885 INFO  [org.apa.kaf.cli.con.int.ConsumerCoordinator] (Thread-648) [Consumer clientId=consumer-Consumer-topic-b50f62ce_91d0_460f_b098_493dae6c9bc7-7, groupId=Consumer-topic-b50f62ce_91d0_460f_b098_493dae6c9bc7] Notifying assignor about the new Assignment(partitions=[topic-b50f62ce_91d0_460f_b098_493dae6c9bc7-0])
2025-08-06 18:53:04,885 INFO  [org.apa.kaf.cli.con.int.ConsumerRebalanceListenerInvoker] (Thread-648) [Consumer clientId=consumer-Consumer-topic-b50f62ce_91d0_460f_b098_493dae6c9bc7-7, groupId=Consumer-topic-b50f62ce_91d0_460f_b098_493dae6c9bc7] Adding newly assigned partitions: topic-b50f62ce_91d0_460f_b098_493dae6c9bc7-0
2025-08-06 18:53:04,886 INFO  [org.apa.kaf.cli.con.int.ConsumerCoordinator] (Thread-648) [Consumer clientId=consumer-Consumer-topic-b50f62ce_91d0_460f_b098_493dae6c9bc7-7, groupId=Consumer-topic-b50f62ce_91d0_460f_b098_493dae6c9bc7] Found no committed offset for partition topic-b50f62ce_91d0_460f_b098_493dae6c9bc7-0
2025-08-06 18:53:04,889 INFO  [org.apa.kaf.cli.con.int.SubscriptionState] (Thread-648) [Consumer clientId=consumer-Consumer-topic-b50f62ce_91d0_460f_b098_493dae6c9bc7-7, groupId=Consumer-topic-b50f62ce_91d0_460f_b098_493dae6c9bc7] Resetting offset for partition topic-b50f62ce_91d0_460f_b098_493dae6c9bc7-0 to position FetchPosition{offset=0, offsetEpoch=Optional.empty, currentLeader=LeaderAndEpoch{leader=Optional[localhost:32769 (id: 0 rack: null)], epoch=0}}.
2025-08-06 18:53:05,131 INFO  [io.api.tes.ser.api.KafkaSerdesTester] (Thread-648) topic-b50f62ce_91d0_460f_b098_493dae6c9bc7 0 0 {"key11754506380217": "value-0"}
2025-08-06 18:53:05,131 INFO  [io.api.tes.ser.api.KafkaSerdesTester] (Thread-648) topic-b50f62ce_91d0_460f_b098_493dae6c9bc7 0 1 {"key11754506380217": "value-1"}
2025-08-06 18:53:05,131 INFO  [io.api.tes.ser.api.KafkaSerdesTester] (Thread-648) topic-b50f62ce_91d0_460f_b098_493dae6c9bc7 0 2 {"key11754506380217": "value-2"}
2025-08-06 18:53:05,131 INFO  [io.api.tes.ser.api.KafkaSerdesTester] (Thread-648) topic-b50f62ce_91d0_460f_b098_493dae6c9bc7 0 3 {"key11754506380217": "value-3"}
2025-08-06 18:53:05,131 INFO  [io.api.tes.ser.api.KafkaSerdesTester] (Thread-648) topic-b50f62ce_91d0_460f_b098_493dae6c9bc7 0 4 {"key11754506380217": "value-4"}
2025-08-06 18:53:05,131 INFO  [io.api.tes.ser.api.KafkaSerdesTester] (Thread-648) topic-b50f62ce_91d0_460f_b098_493dae6c9bc7 0 5 {"key11754506380217": "value-5"}
2025-08-06 18:53:05,131 INFO  [io.api.tes.ser.api.KafkaSerdesTester] (Thread-648) topic-b50f62ce_91d0_460f_b098_493dae6c9bc7 0 6 {"key11754506380217": "value-6"}
2025-08-06 18:53:05,131 INFO  [io.api.tes.ser.api.KafkaSerdesTester] (Thread-648) topic-b50f62ce_91d0_460f_b098_493dae6c9bc7 0 7 {"key11754506380217": "value-7"}
2025-08-06 18:53:05,131 INFO  [io.api.tes.ser.api.KafkaSerdesTester] (Thread-648) topic-b50f62ce_91d0_460f_b098_493dae6c9bc7 0 8 {"key11754506380217": "value-8"}
2025-08-06 18:53:05,131 INFO  [io.api.tes.ser.api.KafkaSerdesTester] (Thread-648) topic-b50f62ce_91d0_460f_b098_493dae6c9bc7 0 9 {"key11754506380217": "value-9"}
2025-08-06 18:53:05,131 INFO  [io.api.tes.ser.api.KafkaSerdesTester] (Thread-648) Consumed 10 messages
2025-08-06 18:53:05,139 INFO  [org.apa.kaf.cli.con.int.ConsumerRebalanceListenerInvoker] (Thread-648) [Consumer clientId=consumer-Consumer-topic-b50f62ce_91d0_460f_b098_493dae6c9bc7-7, groupId=Consumer-topic-b50f62ce_91d0_460f_b098_493dae6c9bc7] Revoke previously assigned partitions topic-b50f62ce_91d0_460f_b098_493dae6c9bc7-0
2025-08-06 18:53:05,139 INFO  [org.apa.kaf.cli.con.int.ConsumerCoordinator] (Thread-648) [Consumer clientId=consumer-Consumer-topic-b50f62ce_91d0_460f_b098_493dae6c9bc7-7, groupId=Consumer-topic-b50f62ce_91d0_460f_b098_493dae6c9bc7] Member consumer-Consumer-topic-b50f62ce_91d0_460f_b098_493dae6c9bc7-7-9ab1fd90-706e-4b6e-907c-8a477e476955 sending LeaveGroup request to coordinator localhost:32769 (id: 2147483647 rack: null) due to the consumer is being closed
2025-08-06 18:53:05,139 INFO  [org.apa.kaf.cli.con.int.ConsumerCoordinator] (Thread-648) [Consumer clientId=consumer-Consumer-topic-b50f62ce_91d0_460f_b098_493dae6c9bc7-7, groupId=Consumer-topic-b50f62ce_91d0_460f_b098_493dae6c9bc7] Resetting generation and member id due to: consumer pro-actively leaving the group
2025-08-06 18:53:05,139 INFO  [org.apa.kaf.cli.con.int.ConsumerCoordinator] (Thread-648) [Consumer clientId=consumer-Consumer-topic-b50f62ce_91d0_460f_b098_493dae6c9bc7-7, groupId=Consumer-topic-b50f62ce_91d0_460f_b098_493dae6c9bc7] Request joining group due to: consumer pro-actively leaving the group
2025-08-06 18:53:05,634 INFO  [org.apa.kaf.com.met.Metrics] (Thread-648) Metrics scheduler closed
2025-08-06 18:53:05,634 INFO  [org.apa.kaf.com.met.Metrics] (Thread-648) Closing reporter org.apache.kafka.common.metrics.JmxReporter
2025-08-06 18:53:05,634 INFO  [org.apa.kaf.com.met.Metrics] (Thread-648) Closing reporter org.apache.kafka.common.telemetry.internals.ClientTelemetryReporter
2025-08-06 18:53:05,634 INFO  [org.apa.kaf.com.met.Metrics] (Thread-648) Metrics reporters closed
2025-08-06 18:53:05,637 INFO  [org.apa.kaf.com.uti.AppInfoParser] (Thread-648) App info kafka.consumer for consumer-Consumer-topic-b50f62ce_91d0_460f_b098_493dae6c9bc7-7 unregistered
2025-08-06 18:53:05,638 INFO  [io.api.tes.uti.TestSeparator] (main) io.apicurio.tests.serdes.apicurio.AvroSerdeIT.testTopicIdStrategyFindLatest-FINISHED
2025-08-06 18:53:05,638 INFO  [io.api.tes.uti.TestSeparator] (main) ############################################################################
Test passed: testTopicIdStrategyFindLatest
]]></system-out>
  </testcase>
  <testcase name="testAvroUnionWithSpecificReader" classname="io.apicurio.tests.serdes.apicurio.AvroSerdeIT" time="0.428">
    <error message="java.lang.RuntimeException: io.apicurio.registry.rest.client.models.RuleViolationProblemDetails" type="java.util.concurrent.ExecutionException"><![CDATA[java.util.concurrent.ExecutionException: java.lang.RuntimeException: io.apicurio.registry.rest.client.models.RuleViolationProblemDetails
	at java.base/java.util.concurrent.CompletableFuture.reportGet(CompletableFuture.java:396)
	at java.base/java.util.concurrent.CompletableFuture.get(CompletableFuture.java:2096)
	at io.apicurio.tests.serdes.apicurio.KafkaSerdesTester.produceMessages(KafkaSerdesTester.java:160)
	at io.apicurio.tests.serdes.apicurio.KafkaSerdesTester.produceMessages(KafkaSerdesTester.java:123)
	at io.apicurio.tests.serdes.apicurio.SimpleSerdesTesterBuilder$SimpleSerdesTester.test(SimpleSerdesTesterBuilder.java:139)
	at io.apicurio.tests.serdes.apicurio.AvroSerdeIT.testAvroUnionWithSpecificReader(AvroSerdeIT.java:838)
	at java.base/java.lang.reflect.Method.invoke(Method.java:569)
	at java.base/java.util.ArrayList.forEach(ArrayList.java:1511)
	at java.base/java.util.ArrayList.forEach(ArrayList.java:1511)
Caused by: java.lang.RuntimeException: io.apicurio.registry.rest.client.models.RuleViolationProblemDetails
	at io.apicurio.registry.resolver.cache.ERCache.retry(ERCache.java:242)
	at io.apicurio.registry.resolver.cache.ERCache.getValue(ERCache.java:173)
	at io.apicurio.registry.resolver.cache.ERCache.getByContent(ERCache.java:147)
	at io.apicurio.registry.resolver.DefaultSchemaResolver.handleAutoCreateArtifact(DefaultSchemaResolver.java:295)
	at io.apicurio.registry.resolver.DefaultSchemaResolver.getSchemaFromRegistry(DefaultSchemaResolver.java:120)
	at io.apicurio.registry.resolver.DefaultSchemaResolver.lambda$resolveSchema$0(DefaultSchemaResolver.java:84)
	at java.base/java.util.Optional.orElseGet(Optional.java:364)
	at io.apicurio.registry.resolver.DefaultSchemaResolver.resolveSchema(DefaultSchemaResolver.java:84)
	at io.apicurio.registry.serde.AbstractSerializer.serializeData(AbstractSerializer.java:62)
	at io.apicurio.registry.serde.KafkaSerializer.serialize(KafkaSerializer.java:77)
	at org.apache.kafka.clients.producer.KafkaProducer.doSend(KafkaProducer.java:1046)
	at org.apache.kafka.clients.producer.KafkaProducer.send(KafkaProducer.java:993)
	at org.apache.kafka.clients.producer.KafkaProducer.send(KafkaProducer.java:875)
	at io.apicurio.tests.serdes.apicurio.KafkaSerdesTester.lambda$produceMessages$3(KafkaSerdesTester.java:138)
	at java.base/java.util.concurrent.CompletableFuture$AsyncSupply.run(CompletableFuture.java:1768)
	at java.base/java.lang.Thread.run(Thread.java:840)
Caused by: io.apicurio.registry.rest.client.models.RuleViolationProblemDetails
	at io.apicurio.registry.rest.client.models.RuleViolationProblemDetails.createFromDiscriminatorValue(RuleViolationProblemDetails.java:62)
	at io.kiota.serialization.json.JsonParseNode.getObjectValue(JsonParseNode.java:247)
	at io.kiota.http.vertx.VertXRequestAdapter.lambda$throwIfFailedResponse$0(VertXRequestAdapter.java:400)
	at com.microsoft.kiota.ApiExceptionBuilder.<init>(ApiExceptionBuilder.java:26)
	at io.kiota.http.vertx.VertXRequestAdapter.throwIfFailedResponse(VertXRequestAdapter.java:399)
	at io.kiota.http.vertx.VertXRequestAdapter.send(VertXRequestAdapter.java:170)
	at io.apicurio.registry.rest.client.groups.item.artifacts.ArtifactsRequestBuilder.post(ArtifactsRequestBuilder.java:130)
	at io.apicurio.registry.resolver.client.RegistryClientFacadeImpl.createSchema(RegistryClientFacadeImpl.java:144)
	at io.apicurio.registry.resolver.DefaultSchemaResolver.lambda$handleAutoCreateArtifact$4(DefaultSchemaResolver.java:307)
	at io.apicurio.registry.resolver.cache.ERCache.lambda$getValue$0(ERCache.java:174)
	at io.apicurio.registry.resolver.cache.ERCache.retry(ERCache.java:227)
	... 15 more
]]></error>
    <system-out><![CDATA[2025-08-06 18:53:05,642 INFO  [io.api.tes.uti.TestSeparator] (main) ############################################################################
2025-08-06 18:53:05,642 INFO  [io.api.tes.uti.TestSeparator] (main) io.apicurio.tests.serdes.apicurio.AvroSerdeIT.testAvroUnionWithSpecificReader-STARTED
**** Registry Base URL: http://registry-app-pg17.apps.ci419.apicurio-testing.org:80
2025-08-06 18:53:05,646 INFO  [org.apa.kaf.cli.pro.ProducerConfig] (main) ProducerConfig values: 
	acks = -1
	auto.include.jmx.reporter = true
	batch.size = 16384
	bootstrap.servers = [PLAINTEXT://localhost:32769]
	buffer.memory = 33554432
	client.dns.lookup = use_all_dns_ips
	client.id = Producer-topic-30a89465_d8f1_4de3_bb6f_b7f6f06fd16c
	compression.gzip.level = -1
	compression.lz4.level = 9
	compression.type = none
	compression.zstd.level = 3
	connections.max.idle.ms = 10000
	delivery.timeout.ms = 120000
	enable.idempotence = true
	enable.metrics.push = true
	interceptor.classes = []
	key.serializer = class org.apache.kafka.common.serialization.StringSerializer
	linger.ms = 0
	max.block.ms = 60000
	max.in.flight.requests.per.connection = 5
	max.request.size = 1048576
	metadata.max.age.ms = 300000
	metadata.max.idle.ms = 300000
	metadata.recovery.strategy = none
	metric.reporters = []
	metrics.num.samples = 2
	metrics.recording.level = INFO
	metrics.sample.window.ms = 30000
	partitioner.adaptive.partitioning.enable = true
	partitioner.availability.timeout.ms = 0
	partitioner.class = null
	partitioner.ignore.keys = false
	receive.buffer.bytes = 32768
	reconnect.backoff.max.ms = 1000
	reconnect.backoff.ms = 50
	request.timeout.ms = 5000
	retries = 2147483647
	retry.backoff.max.ms = 1000
	retry.backoff.ms = 100
	sasl.client.callback.handler.class = null
	sasl.jaas.config = null
	sasl.kerberos.kinit.cmd = /usr/bin/kinit
	sasl.kerberos.min.time.before.relogin = 60000
	sasl.kerberos.service.name = null
	sasl.kerberos.ticket.renew.jitter = 0.05
	sasl.kerberos.ticket.renew.window.factor = 0.8
	sasl.login.callback.handler.class = null
	sasl.login.class = null
	sasl.login.connect.timeout.ms = null
	sasl.login.read.timeout.ms = null
	sasl.login.refresh.buffer.seconds = 300
	sasl.login.refresh.min.period.seconds = 60
	sasl.login.refresh.window.factor = 0.8
	sasl.login.refresh.window.jitter = 0.05
	sasl.login.retry.backoff.max.ms = 10000
	sasl.login.retry.backoff.ms = 100
	sasl.mechanism = GSSAPI
	sasl.oauthbearer.clock.skew.seconds = 30
	sasl.oauthbearer.expected.audience = null
	sasl.oauthbearer.expected.issuer = null
	sasl.oauthbearer.header.urlencode = false
	sasl.oauthbearer.jwks.endpoint.refresh.ms = 3600000
	sasl.oauthbearer.jwks.endpoint.retry.backoff.max.ms = 10000
	sasl.oauthbearer.jwks.endpoint.retry.backoff.ms = 100
	sasl.oauthbearer.jwks.endpoint.url = null
	sasl.oauthbearer.scope.claim.name = scope
	sasl.oauthbearer.sub.claim.name = sub
	sasl.oauthbearer.token.endpoint.url = null
	security.protocol = PLAINTEXT
	security.providers = null
	send.buffer.bytes = 131072
	socket.connection.setup.timeout.max.ms = 30000
	socket.connection.setup.timeout.ms = 10000
	ssl.cipher.suites = null
	ssl.enabled.protocols = [TLSv1.2, TLSv1.3]
	ssl.endpoint.identification.algorithm = https
	ssl.engine.factory.class = null
	ssl.key.password = null
	ssl.keymanager.algorithm = SunX509
	ssl.keystore.certificate.chain = null
	ssl.keystore.key = null
	ssl.keystore.location = null
	ssl.keystore.password = null
	ssl.keystore.type = JKS
	ssl.protocol = TLSv1.3
	ssl.provider = null
	ssl.secure.random.implementation = null
	ssl.trustmanager.algorithm = PKIX
	ssl.truststore.certificates = null
	ssl.truststore.location = null
	ssl.truststore.password = null
	ssl.truststore.type = JKS
	transaction.timeout.ms = 60000
	transactional.id = null
	value.serializer = class io.apicurio.registry.serde.avro.AvroKafkaSerializer

2025-08-06 18:53:05,646 INFO  [org.apa.kaf.com.tel.int.KafkaMetricsCollector] (main) initializing Kafka metrics collector
2025-08-06 18:53:05,651 INFO  [org.apa.kaf.cli.pro.KafkaProducer] (main) [Producer clientId=Producer-topic-30a89465_d8f1_4de3_bb6f_b7f6f06fd16c] Instantiated an idempotent producer.
2025-08-06 18:53:05,654 INFO  [org.apa.kaf.cli.pro.ProducerConfig] (main) These configurations '[apicurio.registry.url, apicurio.registry.auto-register, apicurio.registry.artifact-resolver-strategy]' were supplied but are not used yet.
2025-08-06 18:53:05,654 INFO  [org.apa.kaf.com.uti.AppInfoParser] (main) Kafka version: 3.9.1
2025-08-06 18:53:05,654 INFO  [org.apa.kaf.com.uti.AppInfoParser] (main) Kafka commitId: f745dfdcee2b9851
2025-08-06 18:53:05,654 INFO  [org.apa.kaf.com.uti.AppInfoParser] (main) Kafka startTimeMs: 1754506385654
2025-08-06 18:53:05,654 INFO  [io.api.tes.ser.api.SimpleSerdesTesterBuilder$SimpleSerdesTester] (main) Using producer configuration: {apicurio.registry.url=http://registry-app-pg17.apps.ci419.apicurio-testing.org:80/apis/registry/v3, apicurio.registry.auto-register=true, apicurio.registry.artifact-resolver-strategy=io.apicurio.registry.serde.strategy.TopicIdStrategy, value.serializer=io.apicurio.registry.serde.avro.AvroKafkaSerializer, request.timeout.ms=5000, acks=all, bootstrap.servers=PLAINTEXT://localhost:32769, connections.max.idle.ms=10000, key.serializer=org.apache.kafka.common.serialization.StringSerializer, client.id=Producer-topic-30a89465_d8f1_4de3_bb6f_b7f6f06fd16c}
2025-08-06 18:53:05,654 INFO  [io.api.tes.ser.api.SimpleSerdesTesterBuilder$SimpleSerdesTester] (main) Using consumer configuration: {}
2025-08-06 18:53:05,656 INFO  [io.api.tes.ser.api.KafkaSerdesTester] (Thread-651) Sending message {"id": "record-0"} to topic topic-30a89465_d8f1_4de3_bb6f_b7f6f06fd16c
2025-08-06 18:53:05,659 WARN  [org.apa.kaf.cli.NetworkClient] (kafka-producer-network-thread | Producer-topic-30a89465_d8f1_4de3_bb6f_b7f6f06fd16c) [Producer clientId=Producer-topic-30a89465_d8f1_4de3_bb6f_b7f6f06fd16c] The metadata response from the cluster reported a recoverable issue with correlation id 1 : {topic-30a89465_d8f1_4de3_bb6f_b7f6f06fd16c=UNKNOWN_TOPIC_OR_PARTITION}
2025-08-06 18:53:05,659 INFO  [org.apa.kaf.cli.Metadata] (kafka-producer-network-thread | Producer-topic-30a89465_d8f1_4de3_bb6f_b7f6f06fd16c) [Producer clientId=Producer-topic-30a89465_d8f1_4de3_bb6f_b7f6f06fd16c] Cluster ID: igMICRUWSZmdRuxlP-JQ6A
2025-08-06 18:53:05,660 INFO  [org.apa.kaf.cli.pro.int.TransactionManager] (kafka-producer-network-thread | Producer-topic-30a89465_d8f1_4de3_bb6f_b7f6f06fd16c) [Producer clientId=Producer-topic-30a89465_d8f1_4de3_bb6f_b7f6f06fd16c] ProducerId set to 10 with epoch 0
2025-08-06 18:53:05,956 INFO  [io.api.tes.ser.api.KafkaSerdesTester] (Thread-651) Sending message {"value": 1} to topic topic-30a89465_d8f1_4de3_bb6f_b7f6f06fd16c
2025-08-06 18:53:06,061 INFO  [org.apa.kaf.cli.pro.KafkaProducer] (Thread-651) [Producer clientId=Producer-topic-30a89465_d8f1_4de3_bb6f_b7f6f06fd16c] Closing the Kafka producer with timeoutMillis = 9223372036854775807 ms.
2025-08-06 18:53:06,064 INFO  [org.apa.kaf.com.met.Metrics] (Thread-651) Metrics scheduler closed
2025-08-06 18:53:06,064 INFO  [org.apa.kaf.com.met.Metrics] (Thread-651) Closing reporter org.apache.kafka.common.metrics.JmxReporter
2025-08-06 18:53:06,064 INFO  [org.apa.kaf.com.met.Metrics] (Thread-651) Closing reporter org.apache.kafka.common.telemetry.internals.ClientTelemetryReporter
2025-08-06 18:53:06,064 INFO  [org.apa.kaf.com.met.Metrics] (Thread-651) Metrics reporters closed
2025-08-06 18:53:06,064 INFO  [org.apa.kaf.com.uti.AppInfoParser] (Thread-651) App info kafka.producer for Producer-topic-30a89465_d8f1_4de3_bb6f_b7f6f06fd16c unregistered
2025-08-06 18:53:06,065 INFO  [io.api.tes.uti.TestSeparator] (main) io.apicurio.tests.serdes.apicurio.AvroSerdeIT.testAvroUnionWithSpecificReader-FINISHED
2025-08-06 18:53:06,065 INFO  [io.api.tes.uti.TestSeparator] (main) ############################################################################
2025-08-06 18:53:06,065 ERROR [io.api.reg.uti.tes.TestUtils] (main) === TEST FAILED ===
2025-08-06 18:53:06,065 ERROR [io.api.reg.uti.tes.TestUtils] (main) Class: class io.apicurio.tests.serdes.apicurio.AvroSerdeIT
2025-08-06 18:53:06,065 ERROR [io.api.reg.uti.tes.TestUtils] (main) Test:  testAvroUnionWithSpecificReader
2025-08-06 18:53:06,065 ERROR [io.api.reg.uti.tes.TestUtils] (main) ID:    [engine:junit-jupiter]/[class:io.apicurio.tests.serdes.apicurio.AvroSerdeIT]/[method:testAvroUnionWithSpecificReader()]
2025-08-06 18:53:06,065 ERROR [io.api.reg.uti.tes.TestUtils] (main) Error: ExecutionException - java.lang.RuntimeException: io.apicurio.registry.rest.client.models.RuleViolationProblemDetails
2025-08-06 18:53:06,065 WARNING [org.jun.jup.eng.des.MethodBasedTestDescriptor] (main) Failed to invoke TestWatcher [io.apicurio.tests.ApicurioRegistryBaseIT$RegistryApiErrorWatcher] for method [io.apicurio.tests.serdes.apicurio.AvroSerdeIT#testAvroUnionWithSpecificReader()] with display name [testAvroUnionWithSpecificReader]: java.lang.ClassCastException: class java.util.concurrent.ExecutionException cannot be cast to class io.apicurio.registry.rest.client.models.RuleViolationProblemDetails (java.util.concurrent.ExecutionException is in module java.base of loader 'bootstrap'; io.apicurio.registry.rest.client.models.RuleViolationProblemDetails is in unnamed module of loader 'app')
	at io.apicurio.tests.ApicurioRegistryBaseIT$RegistryApiErrorWatcher.testFailed(ApicurioRegistryBaseIT.java:133)
	at org.junit.jupiter.engine.descriptor.TestMethodTestDescriptor.lambda$nodeFinished$15(TestMethodTestDescriptor.java:305)
	at org.junit.jupiter.engine.descriptor.MethodBasedTestDescriptor.lambda$invokeTestWatchers$4(MethodBasedTestDescriptor.java:160)
	at org.junit.platform.commons.util.CollectionUtils.forEachInReverseOrder(CollectionUtils.java:243)
	at org.junit.jupiter.engine.descriptor.MethodBasedTestDescriptor.invokeTestWatchers(MethodBasedTestDescriptor.java:174)
	at org.junit.jupiter.engine.descriptor.TestMethodTestDescriptor.nodeFinished(TestMethodTestDescriptor.java:296)
	at org.junit.jupiter.engine.descriptor.TestMethodTestDescriptor.nodeFinished(TestMethodTestDescriptor.java:69)
	at org.junit.platform.engine.support.hierarchical.NodeTestTask.reportCompletion(NodeTestTask.java:193)
	at org.junit.platform.engine.support.hierarchical.NodeTestTask.execute(NodeTestTask.java:105)
	at java.base/java.util.ArrayList.forEach(ArrayList.java:1511)
	at org.junit.platform.engine.support.hierarchical.SameThreadHierarchicalTestExecutorService.invokeAll(SameThreadHierarchicalTestExecutorService.java:41)
	at org.junit.platform.engine.support.hierarchical.NodeTestTask.lambda$executeRecursively$6(NodeTestTask.java:160)
	at org.junit.platform.engine.support.hierarchical.ThrowableCollector.execute(ThrowableCollector.java:73)
	at org.junit.platform.engine.support.hierarchical.NodeTestTask.lambda$executeRecursively$8(NodeTestTask.java:146)
	at org.junit.platform.engine.support.hierarchical.Node.around(Node.java:137)
	at org.junit.platform.engine.support.hierarchical.NodeTestTask.lambda$executeRecursively$9(NodeTestTask.java:144)
	at org.junit.platform.engine.support.hierarchical.ThrowableCollector.execute(ThrowableCollector.java:73)
	at org.junit.platform.engine.support.hierarchical.NodeTestTask.executeRecursively(NodeTestTask.java:143)
	at org.junit.platform.engine.support.hierarchical.NodeTestTask.execute(NodeTestTask.java:100)
	at java.base/java.util.ArrayList.forEach(ArrayList.java:1511)
	at org.junit.platform.engine.support.hierarchical.SameThreadHierarchicalTestExecutorService.invokeAll(SameThreadHierarchicalTestExecutorService.java:41)
	at org.junit.platform.engine.support.hierarchical.NodeTestTask.lambda$executeRecursively$6(NodeTestTask.java:160)
	at org.junit.platform.engine.support.hierarchical.ThrowableCollector.execute(ThrowableCollector.java:73)
	at org.junit.platform.engine.support.hierarchical.NodeTestTask.lambda$executeRecursively$8(NodeTestTask.java:146)
	at org.junit.platform.engine.support.hierarchical.Node.around(Node.java:137)
	at org.junit.platform.engine.support.hierarchical.NodeTestTask.lambda$executeRecursively$9(NodeTestTask.java:144)
	at org.junit.platform.engine.support.hierarchical.ThrowableCollector.execute(ThrowableCollector.java:73)
	at org.junit.platform.engine.support.hierarchical.NodeTestTask.executeRecursively(NodeTestTask.java:143)
	at org.junit.platform.engine.support.hierarchical.NodeTestTask.execute(NodeTestTask.java:100)
	at org.junit.platform.engine.support.hierarchical.SameThreadHierarchicalTestExecutorService.submit(SameThreadHierarchicalTestExecutorService.java:35)
	at org.junit.platform.engine.support.hierarchical.HierarchicalTestExecutor.execute(HierarchicalTestExecutor.java:57)
	at org.junit.platform.engine.support.hierarchical.HierarchicalTestEngine.execute(HierarchicalTestEngine.java:54)
	at org.junit.platform.launcher.core.EngineExecutionOrchestrator.execute(EngineExecutionOrchestrator.java:201)
	at org.junit.platform.launcher.core.EngineExecutionOrchestrator.execute(EngineExecutionOrchestrator.java:170)
	at org.junit.platform.launcher.core.EngineExecutionOrchestrator.execute(EngineExecutionOrchestrator.java:94)
	at org.junit.platform.launcher.core.EngineExecutionOrchestrator.lambda$execute$0(EngineExecutionOrchestrator.java:59)
	at org.junit.platform.launcher.core.EngineExecutionOrchestrator.withInterceptedStreams(EngineExecutionOrchestrator.java:142)
	at org.junit.platform.launcher.core.EngineExecutionOrchestrator.execute(EngineExecutionOrchestrator.java:58)
	at org.junit.platform.launcher.core.DefaultLauncher.execute(DefaultLauncher.java:103)
	at org.junit.platform.launcher.core.DefaultLauncher.execute(DefaultLauncher.java:85)
	at org.junit.platform.launcher.core.DelegatingLauncher.execute(DelegatingLauncher.java:47)
	at org.junit.platform.launcher.core.InterceptingLauncher.lambda$execute$1(InterceptingLauncher.java:39)
	at org.junit.platform.launcher.core.ClasspathAlignmentCheckingLauncherInterceptor.intercept(ClasspathAlignmentCheckingLauncherInterceptor.java:25)
	at org.junit.platform.launcher.core.InterceptingLauncher.execute(InterceptingLauncher.java:38)
	at org.junit.platform.launcher.core.DelegatingLauncher.execute(DelegatingLauncher.java:47)
	at org.apache.maven.surefire.junitplatform.LazyLauncher.execute(LazyLauncher.java:56)
	at org.apache.maven.surefire.junitplatform.JUnitPlatformProvider.execute(JUnitPlatformProvider.java:184)
	at org.apache.maven.surefire.junitplatform.JUnitPlatformProvider.invokeAllTests(JUnitPlatformProvider.java:148)
	at org.apache.maven.surefire.junitplatform.JUnitPlatformProvider.invoke(JUnitPlatformProvider.java:122)
	at org.apache.maven.surefire.booter.ForkedBooter.runSuitesInProcess(ForkedBooter.java:385)
	at org.apache.maven.surefire.booter.ForkedBooter.execute(ForkedBooter.java:162)
	at org.apache.maven.surefire.booter.ForkedBooter.run(ForkedBooter.java:507)
	at org.apache.maven.surefire.booter.ForkedBooter.main(ForkedBooter.java:495)

]]></system-out>
    <system-err><![CDATA[io.apicurio.registry.rest.client.models.RuleViolationProblemDetails
	at io.apicurio.registry.rest.client.models.RuleViolationProblemDetails.createFromDiscriminatorValue(RuleViolationProblemDetails.java:62)
	at io.kiota.serialization.json.JsonParseNode.getObjectValue(JsonParseNode.java:247)
	at io.kiota.http.vertx.VertXRequestAdapter.lambda$throwIfFailedResponse$0(VertXRequestAdapter.java:400)
	at com.microsoft.kiota.ApiExceptionBuilder.<init>(ApiExceptionBuilder.java:26)
	at io.kiota.http.vertx.VertXRequestAdapter.throwIfFailedResponse(VertXRequestAdapter.java:399)
	at io.kiota.http.vertx.VertXRequestAdapter.send(VertXRequestAdapter.java:170)
	at io.apicurio.registry.rest.client.groups.item.artifacts.ArtifactsRequestBuilder.post(ArtifactsRequestBuilder.java:130)
	at io.apicurio.registry.resolver.client.RegistryClientFacadeImpl.createSchema(RegistryClientFacadeImpl.java:144)
	at io.apicurio.registry.resolver.DefaultSchemaResolver.lambda$handleAutoCreateArtifact$4(DefaultSchemaResolver.java:307)
	at io.apicurio.registry.resolver.cache.ERCache.lambda$getValue$0(ERCache.java:174)
	at io.apicurio.registry.resolver.cache.ERCache.retry(ERCache.java:227)
	at io.apicurio.registry.resolver.cache.ERCache.getValue(ERCache.java:173)
	at io.apicurio.registry.resolver.cache.ERCache.getByContent(ERCache.java:147)
	at io.apicurio.registry.resolver.DefaultSchemaResolver.handleAutoCreateArtifact(DefaultSchemaResolver.java:295)
	at io.apicurio.registry.resolver.DefaultSchemaResolver.getSchemaFromRegistry(DefaultSchemaResolver.java:120)
	at io.apicurio.registry.resolver.DefaultSchemaResolver.lambda$resolveSchema$0(DefaultSchemaResolver.java:84)
	at java.base/java.util.Optional.orElseGet(Optional.java:364)
	at io.apicurio.registry.resolver.DefaultSchemaResolver.resolveSchema(DefaultSchemaResolver.java:84)
	at io.apicurio.registry.serde.AbstractSerializer.serializeData(AbstractSerializer.java:62)
	at io.apicurio.registry.serde.KafkaSerializer.serialize(KafkaSerializer.java:77)
	at org.apache.kafka.clients.producer.KafkaProducer.doSend(KafkaProducer.java:1046)
	at org.apache.kafka.clients.producer.KafkaProducer.send(KafkaProducer.java:993)
	at org.apache.kafka.clients.producer.KafkaProducer.send(KafkaProducer.java:875)
	at io.apicurio.tests.serdes.apicurio.KafkaSerdesTester.lambda$produceMessages$3(KafkaSerdesTester.java:138)
	at java.base/java.util.concurrent.CompletableFuture$AsyncSupply.run(CompletableFuture.java:1768)
	at java.base/java.lang.Thread.run(Thread.java:840)
]]></system-err>
  </testcase>
  <testcase name="testEvolveAvroApicurioReusingClient" classname="io.apicurio.tests.serdes.apicurio.AvroSerdeIT" time="4.766">
    <error type="io.apicurio.registry.rest.client.models.RuleViolationProblemDetails"><![CDATA[io.apicurio.registry.rest.client.models.RuleViolationProblemDetails
	at io.apicurio.registry.rest.client.models.RuleViolationProblemDetails.createFromDiscriminatorValue(RuleViolationProblemDetails.java:62)
	at io.kiota.serialization.json.JsonParseNode.getObjectValue(JsonParseNode.java:247)
	at io.kiota.http.vertx.VertXRequestAdapter.lambda$throwIfFailedResponse$0(VertXRequestAdapter.java:400)
	at com.microsoft.kiota.ApiExceptionBuilder.<init>(ApiExceptionBuilder.java:26)
	at io.kiota.http.vertx.VertXRequestAdapter.throwIfFailedResponse(VertXRequestAdapter.java:399)
	at io.kiota.http.vertx.VertXRequestAdapter.send(VertXRequestAdapter.java:170)
	at io.apicurio.registry.rest.client.groups.item.artifacts.item.versions.VersionsRequestBuilder.post(VersionsRequestBuilder.java:117)
	at io.apicurio.registry.rest.client.groups.item.artifacts.item.versions.VersionsRequestBuilder.post(VersionsRequestBuilder.java:94)
	at io.apicurio.tests.ApicurioRegistryBaseIT.createArtifactVersion(ApicurioRegistryBaseIT.java:219)
	at io.apicurio.tests.serdes.apicurio.AvroSerdeIT.evolveSchemaTest(AvroSerdeIT.java:337)
	at io.apicurio.tests.serdes.apicurio.AvroSerdeIT.testEvolveAvroApicurioReusingClient(AvroSerdeIT.java:281)
	at java.base/java.lang.reflect.Method.invoke(Method.java:569)
	at java.base/java.util.ArrayList.forEach(ArrayList.java:1511)
	at java.base/java.util.ArrayList.forEach(ArrayList.java:1511)
]]></error>
    <system-out><![CDATA[2025-08-06 18:53:06,068 INFO  [io.api.tes.uti.TestSeparator] (main) ############################################################################
2025-08-06 18:53:06,068 INFO  [io.api.tes.uti.TestSeparator] (main) io.apicurio.tests.serdes.apicurio.AvroSerdeIT.testEvolveAvroApicurioReusingClient-STARTED
2025-08-06 18:53:06,072 INFO  [io.api.tes.ser.api.AvroSerdeIT] (main) Registering Avro Schema: {"type":"record","name":"s26806905xc6a1x477fx93dax53af4c521e2a","namespace":"ns_d3c33d09_3a2f_400d_b5b0_89d8ac469886","fields":[{"name":"key11754506386069","type":"string"}]}
**** Registry Base URL: http://registry-app-pg17.apps.ci419.apicurio-testing.org:80
2025-08-06 18:53:07,252 INFO  [org.apa.kaf.cli.pro.ProducerConfig] (main) ProducerConfig values: 
	acks = -1
	auto.include.jmx.reporter = true
	batch.size = 16384
	bootstrap.servers = [PLAINTEXT://localhost:32769]
	buffer.memory = 33554432
	client.dns.lookup = use_all_dns_ips
	client.id = Producer-topic-cecca90b_6e36_443f_8781_9fa06c3a9352
	compression.gzip.level = -1
	compression.lz4.level = 9
	compression.type = none
	compression.zstd.level = 3
	connections.max.idle.ms = 10000
	delivery.timeout.ms = 120000
	enable.idempotence = true
	enable.metrics.push = true
	interceptor.classes = []
	key.serializer = class org.apache.kafka.common.serialization.StringSerializer
	linger.ms = 0
	max.block.ms = 60000
	max.in.flight.requests.per.connection = 5
	max.request.size = 1048576
	metadata.max.age.ms = 300000
	metadata.max.idle.ms = 300000
	metadata.recovery.strategy = none
	metric.reporters = []
	metrics.num.samples = 2
	metrics.recording.level = INFO
	metrics.sample.window.ms = 30000
	partitioner.adaptive.partitioning.enable = true
	partitioner.availability.timeout.ms = 0
	partitioner.class = null
	partitioner.ignore.keys = false
	receive.buffer.bytes = 32768
	reconnect.backoff.max.ms = 1000
	reconnect.backoff.ms = 50
	request.timeout.ms = 5000
	retries = 2147483647
	retry.backoff.max.ms = 1000
	retry.backoff.ms = 100
	sasl.client.callback.handler.class = null
	sasl.jaas.config = null
	sasl.kerberos.kinit.cmd = /usr/bin/kinit
	sasl.kerberos.min.time.before.relogin = 60000
	sasl.kerberos.service.name = null
	sasl.kerberos.ticket.renew.jitter = 0.05
	sasl.kerberos.ticket.renew.window.factor = 0.8
	sasl.login.callback.handler.class = null
	sasl.login.class = null
	sasl.login.connect.timeout.ms = null
	sasl.login.read.timeout.ms = null
	sasl.login.refresh.buffer.seconds = 300
	sasl.login.refresh.min.period.seconds = 60
	sasl.login.refresh.window.factor = 0.8
	sasl.login.refresh.window.jitter = 0.05
	sasl.login.retry.backoff.max.ms = 10000
	sasl.login.retry.backoff.ms = 100
	sasl.mechanism = GSSAPI
	sasl.oauthbearer.clock.skew.seconds = 30
	sasl.oauthbearer.expected.audience = null
	sasl.oauthbearer.expected.issuer = null
	sasl.oauthbearer.header.urlencode = false
	sasl.oauthbearer.jwks.endpoint.refresh.ms = 3600000
	sasl.oauthbearer.jwks.endpoint.retry.backoff.max.ms = 10000
	sasl.oauthbearer.jwks.endpoint.retry.backoff.ms = 100
	sasl.oauthbearer.jwks.endpoint.url = null
	sasl.oauthbearer.scope.claim.name = scope
	sasl.oauthbearer.sub.claim.name = sub
	sasl.oauthbearer.token.endpoint.url = null
	security.protocol = PLAINTEXT
	security.providers = null
	send.buffer.bytes = 131072
	socket.connection.setup.timeout.max.ms = 30000
	socket.connection.setup.timeout.ms = 10000
	ssl.cipher.suites = null
	ssl.enabled.protocols = [TLSv1.2, TLSv1.3]
	ssl.endpoint.identification.algorithm = https
	ssl.engine.factory.class = null
	ssl.key.password = null
	ssl.keymanager.algorithm = SunX509
	ssl.keystore.certificate.chain = null
	ssl.keystore.key = null
	ssl.keystore.location = null
	ssl.keystore.password = null
	ssl.keystore.type = JKS
	ssl.protocol = TLSv1.3
	ssl.provider = null
	ssl.secure.random.implementation = null
	ssl.trustmanager.algorithm = PKIX
	ssl.truststore.certificates = null
	ssl.truststore.location = null
	ssl.truststore.password = null
	ssl.truststore.type = JKS
	transaction.timeout.ms = 60000
	transactional.id = null
	value.serializer = class io.apicurio.registry.serde.avro.AvroKafkaSerializer

2025-08-06 18:53:07,252 INFO  [org.apa.kaf.com.tel.int.KafkaMetricsCollector] (main) initializing Kafka metrics collector
2025-08-06 18:53:07,255 INFO  [org.apa.kaf.cli.pro.KafkaProducer] (main) [Producer clientId=Producer-topic-cecca90b_6e36_443f_8781_9fa06c3a9352] Instantiated an idempotent producer.
2025-08-06 18:53:07,258 INFO  [org.apa.kaf.cli.pro.ProducerConfig] (main) These configurations '[apicurio.registry.url, apicurio.registry.artifact-resolver-strategy]' were supplied but are not used yet.
2025-08-06 18:53:07,258 INFO  [org.apa.kaf.com.uti.AppInfoParser] (main) Kafka version: 3.9.1
2025-08-06 18:53:07,258 INFO  [org.apa.kaf.com.uti.AppInfoParser] (main) Kafka commitId: f745dfdcee2b9851
2025-08-06 18:53:07,258 INFO  [org.apa.kaf.com.uti.AppInfoParser] (main) Kafka startTimeMs: 1754506387258
**** Registry Base URL: http://registry-app-pg17.apps.ci419.apicurio-testing.org:80
2025-08-06 18:53:07,258 INFO  [org.apa.kaf.cli.con.ConsumerConfig] (main) ConsumerConfig values: 
	allow.auto.create.topics = true
	auto.commit.interval.ms = 500
	auto.include.jmx.reporter = true
	auto.offset.reset = earliest
	bootstrap.servers = [PLAINTEXT://localhost:32769]
	check.crcs = true
	client.dns.lookup = use_all_dns_ips
	client.id = consumer-Consumer-topic-cecca90b_6e36_443f_8781_9fa06c3a9352-8
	client.rack = 
	connections.max.idle.ms = 10000
	default.api.timeout.ms = 60000
	enable.auto.commit = true
	enable.metrics.push = true
	exclude.internal.topics = true
	fetch.max.bytes = 52428800
	fetch.max.wait.ms = 500
	fetch.min.bytes = 1
	group.id = Consumer-topic-cecca90b_6e36_443f_8781_9fa06c3a9352
	group.instance.id = null
	group.protocol = classic
	group.remote.assignor = null
	heartbeat.interval.ms = 3000
	interceptor.classes = []
	internal.leave.group.on.close = true
	internal.throw.on.fetch.stable.offset.unsupported = false
	isolation.level = read_uncommitted
	key.deserializer = class org.apache.kafka.common.serialization.StringDeserializer
	max.partition.fetch.bytes = 1048576
	max.poll.interval.ms = 300000
	max.poll.records = 500
	metadata.max.age.ms = 300000
	metadata.recovery.strategy = none
	metric.reporters = []
	metrics.num.samples = 2
	metrics.recording.level = INFO
	metrics.sample.window.ms = 30000
	partition.assignment.strategy = [class org.apache.kafka.clients.consumer.RangeAssignor, class org.apache.kafka.clients.consumer.CooperativeStickyAssignor]
	receive.buffer.bytes = 65536
	reconnect.backoff.max.ms = 1000
	reconnect.backoff.ms = 50
	request.timeout.ms = 5000
	retry.backoff.max.ms = 1000
	retry.backoff.ms = 100
	sasl.client.callback.handler.class = null
	sasl.jaas.config = null
	sasl.kerberos.kinit.cmd = /usr/bin/kinit
	sasl.kerberos.min.time.before.relogin = 60000
	sasl.kerberos.service.name = null
	sasl.kerberos.ticket.renew.jitter = 0.05
	sasl.kerberos.ticket.renew.window.factor = 0.8
	sasl.login.callback.handler.class = null
	sasl.login.class = null
	sasl.login.connect.timeout.ms = null
	sasl.login.read.timeout.ms = null
	sasl.login.refresh.buffer.seconds = 300
	sasl.login.refresh.min.period.seconds = 60
	sasl.login.refresh.window.factor = 0.8
	sasl.login.refresh.window.jitter = 0.05
	sasl.login.retry.backoff.max.ms = 10000
	sasl.login.retry.backoff.ms = 100
	sasl.mechanism = GSSAPI
	sasl.oauthbearer.clock.skew.seconds = 30
	sasl.oauthbearer.expected.audience = null
	sasl.oauthbearer.expected.issuer = null
	sasl.oauthbearer.header.urlencode = false
	sasl.oauthbearer.jwks.endpoint.refresh.ms = 3600000
	sasl.oauthbearer.jwks.endpoint.retry.backoff.max.ms = 10000
	sasl.oauthbearer.jwks.endpoint.retry.backoff.ms = 100
	sasl.oauthbearer.jwks.endpoint.url = null
	sasl.oauthbearer.scope.claim.name = scope
	sasl.oauthbearer.sub.claim.name = sub
	sasl.oauthbearer.token.endpoint.url = null
	security.protocol = PLAINTEXT
	security.providers = null
	send.buffer.bytes = 131072
	session.timeout.ms = 45000
	socket.connection.setup.timeout.max.ms = 30000
	socket.connection.setup.timeout.ms = 10000
	ssl.cipher.suites = null
	ssl.enabled.protocols = [TLSv1.2, TLSv1.3]
	ssl.endpoint.identification.algorithm = https
	ssl.engine.factory.class = null
	ssl.key.password = null
	ssl.keymanager.algorithm = SunX509
	ssl.keystore.certificate.chain = null
	ssl.keystore.key = null
	ssl.keystore.location = null
	ssl.keystore.password = null
	ssl.keystore.type = JKS
	ssl.protocol = TLSv1.3
	ssl.provider = null
	ssl.secure.random.implementation = null
	ssl.trustmanager.algorithm = PKIX
	ssl.truststore.certificates = null
	ssl.truststore.location = null
	ssl.truststore.password = null
	ssl.truststore.type = JKS
	value.deserializer = class io.apicurio.registry.serde.avro.AvroKafkaDeserializer

2025-08-06 18:53:07,258 INFO  [org.apa.kaf.com.tel.int.KafkaMetricsCollector] (main) initializing Kafka metrics collector
2025-08-06 18:53:07,265 INFO  [org.apa.kaf.cli.Metadata] (kafka-producer-network-thread | Producer-topic-cecca90b_6e36_443f_8781_9fa06c3a9352) [Producer clientId=Producer-topic-cecca90b_6e36_443f_8781_9fa06c3a9352] Cluster ID: igMICRUWSZmdRuxlP-JQ6A
2025-08-06 18:53:07,266 INFO  [org.apa.kaf.cli.pro.int.TransactionManager] (kafka-producer-network-thread | Producer-topic-cecca90b_6e36_443f_8781_9fa06c3a9352) [Producer clientId=Producer-topic-cecca90b_6e36_443f_8781_9fa06c3a9352] ProducerId set to 11 with epoch 0
2025-08-06 18:53:07,270 INFO  [org.apa.kaf.cli.con.ConsumerConfig] (main) These configurations '[apicurio.registry.url]' were supplied but are not used yet.
2025-08-06 18:53:07,270 INFO  [org.apa.kaf.com.uti.AppInfoParser] (main) Kafka version: 3.9.1
2025-08-06 18:53:07,270 INFO  [org.apa.kaf.com.uti.AppInfoParser] (main) Kafka commitId: f745dfdcee2b9851
2025-08-06 18:53:07,270 INFO  [org.apa.kaf.com.uti.AppInfoParser] (main) Kafka startTimeMs: 1754506387270
2025-08-06 18:53:07,272 INFO  [io.api.tes.ser.api.KafkaSerdesTester] (Thread-656) Sending message {"key11754506386069": "value-0"} to topic topic-cecca90b_6e36_443f_8781_9fa06c3a9352
2025-08-06 18:53:07,279 INFO  [DefaultSchemaResolver] (Thread-656) Retrieving schema content using string: {"type":"record","name":"s26806905xc6a1x477fx93dax53af4c521e2a","namespace":"ns_d3c33d09_3a2f_400d_b5b0_89d8ac469886","fields":[{"name":"key11754506386069","type":"string"}]}
2025-08-06 18:53:07,444 INFO  [io.api.tes.ser.api.KafkaSerdesTester] (Thread-656) Sending message {"key11754506386069": "value-1"} to topic topic-cecca90b_6e36_443f_8781_9fa06c3a9352
2025-08-06 18:53:07,446 INFO  [io.api.tes.ser.api.KafkaSerdesTester] (Thread-656) Sending message {"key11754506386069": "value-2"} to topic topic-cecca90b_6e36_443f_8781_9fa06c3a9352
2025-08-06 18:53:07,449 INFO  [io.api.tes.ser.api.KafkaSerdesTester] (Thread-656) Sending message {"key11754506386069": "value-3"} to topic topic-cecca90b_6e36_443f_8781_9fa06c3a9352
2025-08-06 18:53:07,451 INFO  [io.api.tes.ser.api.KafkaSerdesTester] (Thread-656) Sending message {"key11754506386069": "value-4"} to topic topic-cecca90b_6e36_443f_8781_9fa06c3a9352
2025-08-06 18:53:07,455 INFO  [io.api.tes.ser.api.KafkaSerdesTester] (Thread-656) Sending message {"key11754506386069": "value-5"} to topic topic-cecca90b_6e36_443f_8781_9fa06c3a9352
2025-08-06 18:53:07,457 INFO  [io.api.tes.ser.api.KafkaSerdesTester] (Thread-656) Sending message {"key11754506386069": "value-6"} to topic topic-cecca90b_6e36_443f_8781_9fa06c3a9352
2025-08-06 18:53:07,458 INFO  [io.api.tes.ser.api.KafkaSerdesTester] (Thread-656) Sending message {"key11754506386069": "value-7"} to topic topic-cecca90b_6e36_443f_8781_9fa06c3a9352
2025-08-06 18:53:07,461 INFO  [io.api.tes.ser.api.KafkaSerdesTester] (Thread-656) Sending message {"key11754506386069": "value-8"} to topic topic-cecca90b_6e36_443f_8781_9fa06c3a9352
2025-08-06 18:53:07,463 INFO  [io.api.tes.ser.api.KafkaSerdesTester] (Thread-656) Sending message {"key11754506386069": "value-9"} to topic topic-cecca90b_6e36_443f_8781_9fa06c3a9352
2025-08-06 18:53:07,467 INFO  [io.api.tes.ser.api.KafkaSerdesTester] (Thread-656) Produced 10 messages
2025-08-06 18:53:07,468 INFO  [org.apa.kaf.cli.con.int.ClassicKafkaConsumer] (Thread-657) [Consumer clientId=consumer-Consumer-topic-cecca90b_6e36_443f_8781_9fa06c3a9352-8, groupId=Consumer-topic-cecca90b_6e36_443f_8781_9fa06c3a9352] Subscribed to topic(s): topic-cecca90b_6e36_443f_8781_9fa06c3a9352
2025-08-06 18:53:07,474 INFO  [org.apa.kaf.cli.Metadata] (Thread-657) [Consumer clientId=consumer-Consumer-topic-cecca90b_6e36_443f_8781_9fa06c3a9352-8, groupId=Consumer-topic-cecca90b_6e36_443f_8781_9fa06c3a9352] Cluster ID: igMICRUWSZmdRuxlP-JQ6A
2025-08-06 18:53:07,475 INFO  [org.apa.kaf.cli.con.int.ConsumerCoordinator] (Thread-657) [Consumer clientId=consumer-Consumer-topic-cecca90b_6e36_443f_8781_9fa06c3a9352-8, groupId=Consumer-topic-cecca90b_6e36_443f_8781_9fa06c3a9352] Discovered group coordinator localhost:32769 (id: 2147483647 rack: null)
2025-08-06 18:53:07,476 INFO  [org.apa.kaf.cli.con.int.ConsumerCoordinator] (Thread-657) [Consumer clientId=consumer-Consumer-topic-cecca90b_6e36_443f_8781_9fa06c3a9352-8, groupId=Consumer-topic-cecca90b_6e36_443f_8781_9fa06c3a9352] (Re-)joining group
2025-08-06 18:53:07,479 INFO  [org.apa.kaf.cli.con.int.ConsumerCoordinator] (Thread-657) [Consumer clientId=consumer-Consumer-topic-cecca90b_6e36_443f_8781_9fa06c3a9352-8, groupId=Consumer-topic-cecca90b_6e36_443f_8781_9fa06c3a9352] Request joining group due to: need to re-join with the given member-id: consumer-Consumer-topic-cecca90b_6e36_443f_8781_9fa06c3a9352-8-c5287130-acb9-4f20-888d-60a05023908c
2025-08-06 18:53:07,480 INFO  [org.apa.kaf.cli.con.int.ConsumerCoordinator] (Thread-657) [Consumer clientId=consumer-Consumer-topic-cecca90b_6e36_443f_8781_9fa06c3a9352-8, groupId=Consumer-topic-cecca90b_6e36_443f_8781_9fa06c3a9352] (Re-)joining group
2025-08-06 18:53:08,469 INFO  [io.api.tes.ser.api.KafkaSerdesTester] (Thread-657) None found
2025-08-06 18:53:09,469 INFO  [io.api.tes.ser.api.KafkaSerdesTester] (Thread-657) None found
2025-08-06 18:53:10,470 INFO  [io.api.tes.ser.api.KafkaSerdesTester] (Thread-657) None found
2025-08-06 18:53:10,482 INFO  [org.apa.kaf.cli.con.int.ConsumerCoordinator] (Thread-657) [Consumer clientId=consumer-Consumer-topic-cecca90b_6e36_443f_8781_9fa06c3a9352-8, groupId=Consumer-topic-cecca90b_6e36_443f_8781_9fa06c3a9352] Successfully joined group with generation Generation{generationId=1, memberId='consumer-Consumer-topic-cecca90b_6e36_443f_8781_9fa06c3a9352-8-c5287130-acb9-4f20-888d-60a05023908c', protocol='range'}
2025-08-06 18:53:10,482 INFO  [org.apa.kaf.cli.con.int.ConsumerCoordinator] (Thread-657) [Consumer clientId=consumer-Consumer-topic-cecca90b_6e36_443f_8781_9fa06c3a9352-8, groupId=Consumer-topic-cecca90b_6e36_443f_8781_9fa06c3a9352] Finished assignment for group at generation 1: {consumer-Consumer-topic-cecca90b_6e36_443f_8781_9fa06c3a9352-8-c5287130-acb9-4f20-888d-60a05023908c=Assignment(partitions=[topic-cecca90b_6e36_443f_8781_9fa06c3a9352-0])}
2025-08-06 18:53:10,489 INFO  [org.apa.kaf.cli.con.int.ConsumerCoordinator] (Thread-657) [Consumer clientId=consumer-Consumer-topic-cecca90b_6e36_443f_8781_9fa06c3a9352-8, groupId=Consumer-topic-cecca90b_6e36_443f_8781_9fa06c3a9352] Successfully synced group in generation Generation{generationId=1, memberId='consumer-Consumer-topic-cecca90b_6e36_443f_8781_9fa06c3a9352-8-c5287130-acb9-4f20-888d-60a05023908c', protocol='range'}
2025-08-06 18:53:10,490 INFO  [org.apa.kaf.cli.con.int.ConsumerCoordinator] (Thread-657) [Consumer clientId=consumer-Consumer-topic-cecca90b_6e36_443f_8781_9fa06c3a9352-8, groupId=Consumer-topic-cecca90b_6e36_443f_8781_9fa06c3a9352] Notifying assignor about the new Assignment(partitions=[topic-cecca90b_6e36_443f_8781_9fa06c3a9352-0])
2025-08-06 18:53:10,490 INFO  [org.apa.kaf.cli.con.int.ConsumerRebalanceListenerInvoker] (Thread-657) [Consumer clientId=consumer-Consumer-topic-cecca90b_6e36_443f_8781_9fa06c3a9352-8, groupId=Consumer-topic-cecca90b_6e36_443f_8781_9fa06c3a9352] Adding newly assigned partitions: topic-cecca90b_6e36_443f_8781_9fa06c3a9352-0
2025-08-06 18:53:10,491 INFO  [org.apa.kaf.cli.con.int.ConsumerCoordinator] (Thread-657) [Consumer clientId=consumer-Consumer-topic-cecca90b_6e36_443f_8781_9fa06c3a9352-8, groupId=Consumer-topic-cecca90b_6e36_443f_8781_9fa06c3a9352] Found no committed offset for partition topic-cecca90b_6e36_443f_8781_9fa06c3a9352-0
2025-08-06 18:53:10,494 INFO  [org.apa.kaf.cli.con.int.SubscriptionState] (Thread-657) [Consumer clientId=consumer-Consumer-topic-cecca90b_6e36_443f_8781_9fa06c3a9352-8, groupId=Consumer-topic-cecca90b_6e36_443f_8781_9fa06c3a9352] Resetting offset for partition topic-cecca90b_6e36_443f_8781_9fa06c3a9352-0 to position FetchPosition{offset=0, offsetEpoch=Optional.empty, currentLeader=LeaderAndEpoch{leader=Optional[localhost:32769 (id: 0 rack: null)], epoch=0}}.
2025-08-06 18:53:10,730 INFO  [io.api.tes.ser.api.KafkaSerdesTester] (Thread-657) topic-cecca90b_6e36_443f_8781_9fa06c3a9352 0 0 {"key11754506386069": "value-0"}
2025-08-06 18:53:10,730 INFO  [io.api.tes.ser.api.KafkaSerdesTester] (Thread-657) topic-cecca90b_6e36_443f_8781_9fa06c3a9352 0 1 {"key11754506386069": "value-1"}
2025-08-06 18:53:10,730 INFO  [io.api.tes.ser.api.KafkaSerdesTester] (Thread-657) topic-cecca90b_6e36_443f_8781_9fa06c3a9352 0 2 {"key11754506386069": "value-2"}
2025-08-06 18:53:10,730 INFO  [io.api.tes.ser.api.KafkaSerdesTester] (Thread-657) topic-cecca90b_6e36_443f_8781_9fa06c3a9352 0 3 {"key11754506386069": "value-3"}
2025-08-06 18:53:10,732 INFO  [io.api.tes.ser.api.KafkaSerdesTester] (Thread-657) topic-cecca90b_6e36_443f_8781_9fa06c3a9352 0 4 {"key11754506386069": "value-4"}
2025-08-06 18:53:10,732 INFO  [io.api.tes.ser.api.KafkaSerdesTester] (Thread-657) topic-cecca90b_6e36_443f_8781_9fa06c3a9352 0 5 {"key11754506386069": "value-5"}
2025-08-06 18:53:10,732 INFO  [io.api.tes.ser.api.KafkaSerdesTester] (Thread-657) topic-cecca90b_6e36_443f_8781_9fa06c3a9352 0 6 {"key11754506386069": "value-6"}
2025-08-06 18:53:10,732 INFO  [io.api.tes.ser.api.KafkaSerdesTester] (Thread-657) topic-cecca90b_6e36_443f_8781_9fa06c3a9352 0 7 {"key11754506386069": "value-7"}
2025-08-06 18:53:10,732 INFO  [io.api.tes.ser.api.KafkaSerdesTester] (Thread-657) topic-cecca90b_6e36_443f_8781_9fa06c3a9352 0 8 {"key11754506386069": "value-8"}
2025-08-06 18:53:10,733 INFO  [io.api.tes.ser.api.KafkaSerdesTester] (Thread-657) topic-cecca90b_6e36_443f_8781_9fa06c3a9352 0 9 {"key11754506386069": "value-9"}
2025-08-06 18:53:10,733 INFO  [io.api.tes.ser.api.KafkaSerdesTester] (Thread-657) Consumed 10 messages
2025-08-06 18:53:10,733 INFO  [io.api.tes.ser.api.AvroSerdeIT] (main) Registering Avro Schema 2: {"type":"record","name":"s26806905xc6a1x477fx93dax53af4c521e2a","namespace":"ns_d3c33d09_3a2f_400d_b5b0_89d8ac469886","fields":[{"name":"key11754506386069","type":"string"},{"name":"key21754506390733","type":"string"}]}
2025-08-06 18:53:10,830 INFO  [io.api.tes.uti.TestSeparator] (main) io.apicurio.tests.serdes.apicurio.AvroSerdeIT.testEvolveAvroApicurioReusingClient-FINISHED
2025-08-06 18:53:10,830 INFO  [io.api.tes.uti.TestSeparator] (main) ############################################################################
2025-08-06 18:53:10,830 ERROR [io.api.reg.uti.tes.TestUtils] (main) === TEST FAILED ===
2025-08-06 18:53:10,830 ERROR [io.api.reg.uti.tes.TestUtils] (main) Class: class io.apicurio.tests.serdes.apicurio.AvroSerdeIT
2025-08-06 18:53:10,830 ERROR [io.api.reg.uti.tes.TestUtils] (main) Test:  testEvolveAvroApicurioReusingClient
2025-08-06 18:53:10,830 ERROR [io.api.reg.uti.tes.TestUtils] (main) ID:    [engine:junit-jupiter]/[class:io.apicurio.tests.serdes.apicurio.AvroSerdeIT]/[method:testEvolveAvroApicurioReusingClient()]
2025-08-06 18:53:10,830 ERROR [io.api.reg.uti.tes.TestUtils] (main) Error: RuleViolationProblemDetails - null
2025-08-06 18:53:10,830 ERROR [io.api.reg.uti.tes.TestUtils] (main) Rule Violation Problem Details
2025-08-06 18:53:10,830 ERROR [io.api.reg.uti.tes.TestUtils] (main)     Name:     RuleViolationException
2025-08-06 18:53:10,830 ERROR [io.api.reg.uti.tes.TestUtils] (main)     Title:    Incompatible artifact: topic-cecca90b_6e36_443f_8781_9fa06c3a9352-s26806905xc6a1x477fx93dax53af4c521e2a [AVRO], num of incompatible diffs: {1}, list of diff types: [key21754506390733 at /fields/1]
2025-08-06 18:53:10,830 ERROR [io.api.reg.uti.tes.TestUtils] (main)     Detail:   Incompatible artifact: topic-cecca90b_6e36_443f_8781_9fa06c3a9352-s26806905xc6a1x477fx93dax53af4c521e2a [AVRO], num of incompatible diffs: {1}, list of diff types: [key21754506390733 at /fields/1] Causes: key21754506390733 at /fields/1
2025-08-06 18:53:10,830 ERROR [io.api.reg.uti.tes.TestUtils] (main)     Instance: null
2025-08-06 18:53:10,830 ERROR [io.api.reg.uti.tes.TestUtils] (main)     Type:     null
2025-08-06 18:53:10,830 ERROR [io.api.reg.uti.tes.TestUtils] (main)     Message:  null
2025-08-06 18:53:10,830 ERROR [io.api.reg.uti.tes.TestUtils] (main)     Status:   409
2025-08-06 18:53:10,830 ERROR [io.api.reg.uti.tes.TestUtils] (main)     Causes:
2025-08-06 18:53:10,831 ERROR [io.api.reg.uti.tes.TestUtils] (main)         Context:     /fields/1
2025-08-06 18:53:10,831 ERROR [io.api.reg.uti.tes.TestUtils] (main)         Description: key21754506390733
2025-08-06 18:53:10,831 ERROR [io.api.reg.uti.tes.TestUtils] (main)         ---
2025-08-06 18:53:10,831 ERROR [io.api.reg.uti.tes.TestUtils] (main) Root Cause: io.apicurio.registry.rest.client.models.RuleViolationProblemDetails
	at io.apicurio.registry.rest.client.models.RuleViolationProblemDetails.createFromDiscriminatorValue(RuleViolationProblemDetails.java:62)
	at io.kiota.serialization.json.JsonParseNode.getObjectValue(JsonParseNode.java:247)
	at io.kiota.http.vertx.VertXRequestAdapter.lambda$throwIfFailedResponse$0(VertXRequestAdapter.java:400)
	at com.microsoft.kiota.ApiExceptionBuilder.<init>(ApiExceptionBuilder.java:26)
	at io.kiota.http.vertx.VertXRequestAdapter.throwIfFailedResponse(VertXRequestAdapter.java:399)
	at io.kiota.http.vertx.VertXRequestAdapter.send(VertXRequestAdapter.java:170)
	at io.apicurio.registry.rest.client.groups.item.artifacts.item.versions.VersionsRequestBuilder.post(VersionsRequestBuilder.java:117)
	at io.apicurio.registry.rest.client.groups.item.artifacts.item.versions.VersionsRequestBuilder.post(VersionsRequestBuilder.java:94)
	at io.apicurio.tests.ApicurioRegistryBaseIT.createArtifactVersion(ApicurioRegistryBaseIT.java:219)
	at io.apicurio.tests.serdes.apicurio.AvroSerdeIT.evolveSchemaTest(AvroSerdeIT.java:337)
	at io.apicurio.tests.serdes.apicurio.AvroSerdeIT.testEvolveAvroApicurioReusingClient(AvroSerdeIT.java:281)
	at java.base/jdk.internal.reflect.NativeMethodAccessorImpl.invoke0(Native Method)
	at java.base/jdk.internal.reflect.NativeMethodAccessorImpl.invoke(NativeMethodAccessorImpl.java:77)
	at java.base/jdk.internal.reflect.DelegatingMethodAccessorImpl.invoke(DelegatingMethodAccessorImpl.java:43)
	at java.base/java.lang.reflect.Method.invoke(Method.java:569)
	at org.junit.platform.commons.util.ReflectionUtils.invokeMethod(ReflectionUtils.java:775)
	at org.junit.platform.commons.support.ReflectionSupport.invokeMethod(ReflectionSupport.java:479)
	at org.junit.jupiter.engine.execution.MethodInvocation.proceed(MethodInvocation.java:60)
	at org.junit.jupiter.engine.execution.InvocationInterceptorChain$ValidatingInvocation.proceed(InvocationInterceptorChain.java:131)
	at org.junit.jupiter.engine.extension.TimeoutExtension.intercept(TimeoutExtension.java:161)
	at org.junit.jupiter.engine.extension.TimeoutExtension.interceptTestableMethod(TimeoutExtension.java:152)
	at org.junit.jupiter.engine.extension.TimeoutExtension.interceptTestMethod(TimeoutExtension.java:91)
	at org.junit.jupiter.engine.execution.InterceptingExecutableInvoker$ReflectiveInterceptorCall.lambda$ofVoidMethod$0(InterceptingExecutableInvoker.java:112)
	at org.junit.jupiter.engine.execution.InterceptingExecutableInvoker.lambda$invoke$0(InterceptingExecutableInvoker.java:94)
	at org.junit.jupiter.engine.execution.InvocationInterceptorChain$InterceptedInvocation.proceed(InvocationInterceptorChain.java:106)
	at org.junit.jupiter.engine.execution.InvocationInterceptorChain.proceed(InvocationInterceptorChain.java:64)
	at org.junit.jupiter.engine.execution.InvocationInterceptorChain.chainAndInvoke(InvocationInterceptorChain.java:45)
	at org.junit.jupiter.engine.execution.InvocationInterceptorChain.invoke(InvocationInterceptorChain.java:37)
	at org.junit.jupiter.engine.execution.InterceptingExecutableInvoker.invoke(InterceptingExecutableInvoker.java:93)
	at org.junit.jupiter.engine.execution.InterceptingExecutableInvoker.invoke(InterceptingExecutableInvoker.java:87)
	at org.junit.jupiter.engine.descriptor.TestMethodTestDescriptor.lambda$invokeTestMethod$7(TestMethodTestDescriptor.java:216)
	at org.junit.platform.engine.support.hierarchical.ThrowableCollector.execute(ThrowableCollector.java:73)
	at org.junit.jupiter.engine.descriptor.TestMethodTestDescriptor.invokeTestMethod(TestMethodTestDescriptor.java:212)
	at org.junit.jupiter.engine.descriptor.TestMethodTestDescriptor.execute(TestMethodTestDescriptor.java:137)
	at org.junit.jupiter.engine.descriptor.TestMethodTestDescriptor.execute(TestMethodTestDescriptor.java:69)
	at org.junit.platform.engine.support.hierarchical.NodeTestTask.lambda$executeRecursively$6(NodeTestTask.java:156)
	at org.junit.platform.engine.support.hierarchical.ThrowableCollector.execute(ThrowableCollector.java:73)
	at org.junit.platform.engine.support.hierarchical.NodeTestTask.lambda$executeRecursively$8(NodeTestTask.java:146)
	at org.junit.platform.engine.support.hierarchical.Node.around(Node.java:137)
	at org.junit.platform.engine.support.hierarchical.NodeTestTask.lambda$executeRecursively$9(NodeTestTask.java:144)
	at org.junit.platform.engine.support.hierarchical.ThrowableCollector.execute(ThrowableCollector.java:73)
	at org.junit.platform.engine.support.hierarchical.NodeTestTask.executeRecursively(NodeTestTask.java:143)
	at org.junit.platform.engine.support.hierarchical.NodeTestTask.execute(NodeTestTask.java:100)
	at java.base/java.util.ArrayList.forEach(ArrayList.java:1511)
	at org.junit.platform.engine.support.hierarchical.SameThreadHierarchicalTestExecutorService.invokeAll(SameThreadHierarchicalTestExecutorService.java:41)
	at org.junit.platform.engine.support.hierarchical.NodeTestTask.lambda$executeRecursively$6(NodeTestTask.java:160)
	at org.junit.platform.engine.support.hierarchical.ThrowableCollector.execute(ThrowableCollector.java:73)
	at org.junit.platform.engine.support.hierarchical.NodeTestTask.lambda$executeRecursively$8(NodeTestTask.java:146)
	at org.junit.platform.engine.support.hierarchical.Node.around(Node.java:137)
	at org.junit.platform.engine.support.hierarchical.NodeTestTask.lambda$executeRecursively$9(NodeTestTask.java:144)
	at org.junit.platform.engine.support.hierarchical.ThrowableCollector.execute(ThrowableCollector.java:73)
	at org.junit.platform.engine.support.hierarchical.NodeTestTask.executeRecursively(NodeTestTask.java:143)
	at org.junit.platform.engine.support.hierarchical.NodeTestTask.execute(NodeTestTask.java:100)
	at java.base/java.util.ArrayList.forEach(ArrayList.java:1511)
	at org.junit.platform.engine.support.hierarchical.SameThreadHierarchicalTestExecutorService.invokeAll(SameThreadHierarchicalTestExecutorService.java:41)
	at org.junit.platform.engine.support.hierarchical.NodeTestTask.lambda$executeRecursively$6(NodeTestTask.java:160)
	at org.junit.platform.engine.support.hierarchical.ThrowableCollector.execute(ThrowableCollector.java:73)
	at org.junit.platform.engine.support.hierarchical.NodeTestTask.lambda$executeRecursively$8(NodeTestTask.java:146)
	at org.junit.platform.engine.support.hierarchical.Node.around(Node.java:137)
	at org.junit.platform.engine.support.hierarchical.NodeTestTask.lambda$executeRecursively$9(NodeTestTask.java:144)
	at org.junit.platform.engine.support.hierarchical.ThrowableCollector.execute(ThrowableCollector.java:73)
	at org.junit.platform.engine.support.hierarchical.NodeTestTask.executeRecursively(NodeTestTask.java:143)
	at org.junit.platform.engine.support.hierarchical.NodeTestTask.execute(NodeTestTask.java:100)
	at org.junit.platform.engine.support.hierarchical.SameThreadHierarchicalTestExecutorService.submit(SameThreadHierarchicalTestExecutorService.java:35)
	at org.junit.platform.engine.support.hierarchical.HierarchicalTestExecutor.execute(HierarchicalTestExecutor.java:57)
	at org.junit.platform.engine.support.hierarchical.HierarchicalTestEngine.execute(HierarchicalTestEngine.java:54)
	at org.junit.platform.launcher.core.EngineExecutionOrchestrator.execute(EngineExecutionOrchestrator.java:201)
	at org.junit.platform.launcher.core.EngineExecutionOrchestrator.execute(EngineExecutionOrchestrator.java:170)
	at org.junit.platform.launcher.core.EngineExecutionOrchestrator.execute(EngineExecutionOrchestrator.java:94)
	at org.junit.platform.launcher.core.EngineExecutionOrchestrator.lambda$execute$0(EngineExecutionOrchestrator.java:59)
	at org.junit.platform.launcher.core.EngineExecutionOrchestrator.withInterceptedStreams(EngineExecutionOrchestrator.java:142)
	at org.junit.platform.launcher.core.EngineExecutionOrchestrator.execute(EngineExecutionOrchestrator.java:58)
	at org.junit.platform.launcher.core.DefaultLauncher.execute(DefaultLauncher.java:103)
	at org.junit.platform.launcher.core.DefaultLauncher.execute(DefaultLauncher.java:85)
	at org.junit.platform.launcher.core.DelegatingLauncher.execute(DelegatingLauncher.java:47)
	at org.junit.platform.launcher.core.InterceptingLauncher.lambda$execute$1(InterceptingLauncher.java:39)
	at org.junit.platform.launcher.core.ClasspathAlignmentCheckingLauncherInterceptor.intercept(ClasspathAlignmentCheckingLauncherInterceptor.java:25)
	at org.junit.platform.launcher.core.InterceptingLauncher.execute(InterceptingLauncher.java:38)
	at org.junit.platform.launcher.core.DelegatingLauncher.execute(DelegatingLauncher.java:47)
	at org.apache.maven.surefire.junitplatform.LazyLauncher.execute(LazyLauncher.java:56)
	at org.apache.maven.surefire.junitplatform.JUnitPlatformProvider.execute(JUnitPlatformProvider.java:184)
	at org.apache.maven.surefire.junitplatform.JUnitPlatformProvider.invokeAllTests(JUnitPlatformProvider.java:148)
	at org.apache.maven.surefire.junitplatform.JUnitPlatformProvider.invoke(JUnitPlatformProvider.java:122)
	at org.apache.maven.surefire.booter.ForkedBooter.runSuitesInProcess(ForkedBooter.java:385)
	at org.apache.maven.surefire.booter.ForkedBooter.execute(ForkedBooter.java:162)
	at org.apache.maven.surefire.booter.ForkedBooter.run(ForkedBooter.java:507)
	at org.apache.maven.surefire.booter.ForkedBooter.main(ForkedBooter.java:495)

2025-08-06 18:53:10,833 ERROR [io.api.reg.uti.tes.TestUtils] (main) === =========== ===
]]></system-out>
  </testcase>
  <testcase name="testProducerUsesDefaultConsumerUsesGlobalId" classname="io.apicurio.tests.serdes.apicurio.AvroSerdeIT" time="0.0">
    <skipped message="void io.apicurio.tests.serdes.apicurio.AvroSerdeIT.testProducerUsesDefaultConsumerUsesGlobalId() throws java.lang.Exception is @Disabled"/>
  </testcase>
  <testcase name="testEvolveAvroApicurio" classname="io.apicurio.tests.serdes.apicurio.AvroSerdeIT" time="5.29">
    <error type="io.apicurio.registry.rest.client.models.RuleViolationProblemDetails"><![CDATA[io.apicurio.registry.rest.client.models.RuleViolationProblemDetails
	at io.apicurio.registry.rest.client.models.RuleViolationProblemDetails.createFromDiscriminatorValue(RuleViolationProblemDetails.java:62)
	at io.kiota.serialization.json.JsonParseNode.getObjectValue(JsonParseNode.java:247)
	at io.kiota.http.vertx.VertXRequestAdapter.lambda$throwIfFailedResponse$0(VertXRequestAdapter.java:400)
	at com.microsoft.kiota.ApiExceptionBuilder.<init>(ApiExceptionBuilder.java:26)
	at io.kiota.http.vertx.VertXRequestAdapter.throwIfFailedResponse(VertXRequestAdapter.java:399)
	at io.kiota.http.vertx.VertXRequestAdapter.send(VertXRequestAdapter.java:170)
	at io.apicurio.registry.rest.client.groups.item.artifacts.item.versions.VersionsRequestBuilder.post(VersionsRequestBuilder.java:117)
	at io.apicurio.registry.rest.client.groups.item.artifacts.item.versions.VersionsRequestBuilder.post(VersionsRequestBuilder.java:94)
	at io.apicurio.tests.ApicurioRegistryBaseIT.createArtifactVersion(ApicurioRegistryBaseIT.java:219)
	at io.apicurio.tests.serdes.apicurio.AvroSerdeIT.evolveSchemaTest(AvroSerdeIT.java:337)
	at io.apicurio.tests.serdes.apicurio.AvroSerdeIT.testEvolveAvroApicurio(AvroSerdeIT.java:275)
	at java.base/java.lang.reflect.Method.invoke(Method.java:569)
	at java.base/java.util.ArrayList.forEach(ArrayList.java:1511)
	at java.base/java.util.ArrayList.forEach(ArrayList.java:1511)
]]></error>
    <system-out><![CDATA[2025-08-06 18:53:10,836 INFO  [io.api.tes.uti.TestSeparator] (main) ############################################################################
2025-08-06 18:53:10,836 INFO  [io.api.tes.uti.TestSeparator] (main) io.apicurio.tests.serdes.apicurio.AvroSerdeIT.testEvolveAvroApicurio-STARTED
2025-08-06 18:53:10,838 INFO  [io.api.tes.ser.api.AvroSerdeIT] (main) Registering Avro Schema: {"type":"record","name":"s55523024xa7bcx4666x8866x46254a13d58c","namespace":"ns_befb96d0_0bf4_4fea_b984_c52c2046306d","fields":[{"name":"key11754506390837","type":"string"}]}
**** Registry Base URL: http://registry-app-pg17.apps.ci419.apicurio-testing.org:80
2025-08-06 18:53:12,017 INFO  [org.apa.kaf.cli.pro.ProducerConfig] (main) ProducerConfig values: 
	acks = -1
	auto.include.jmx.reporter = true
	batch.size = 16384
	bootstrap.servers = [PLAINTEXT://localhost:32769]
	buffer.memory = 33554432
	client.dns.lookup = use_all_dns_ips
	client.id = Producer-topic-450a286f_799e_4174_b606_4115c444d920
	compression.gzip.level = -1
	compression.lz4.level = 9
	compression.type = none
	compression.zstd.level = 3
	connections.max.idle.ms = 10000
	delivery.timeout.ms = 120000
	enable.idempotence = true
	enable.metrics.push = true
	interceptor.classes = []
	key.serializer = class org.apache.kafka.common.serialization.StringSerializer
	linger.ms = 0
	max.block.ms = 60000
	max.in.flight.requests.per.connection = 5
	max.request.size = 1048576
	metadata.max.age.ms = 300000
	metadata.max.idle.ms = 300000
	metadata.recovery.strategy = none
	metric.reporters = []
	metrics.num.samples = 2
	metrics.recording.level = INFO
	metrics.sample.window.ms = 30000
	partitioner.adaptive.partitioning.enable = true
	partitioner.availability.timeout.ms = 0
	partitioner.class = null
	partitioner.ignore.keys = false
	receive.buffer.bytes = 32768
	reconnect.backoff.max.ms = 1000
	reconnect.backoff.ms = 50
	request.timeout.ms = 5000
	retries = 2147483647
	retry.backoff.max.ms = 1000
	retry.backoff.ms = 100
	sasl.client.callback.handler.class = null
	sasl.jaas.config = null
	sasl.kerberos.kinit.cmd = /usr/bin/kinit
	sasl.kerberos.min.time.before.relogin = 60000
	sasl.kerberos.service.name = null
	sasl.kerberos.ticket.renew.jitter = 0.05
	sasl.kerberos.ticket.renew.window.factor = 0.8
	sasl.login.callback.handler.class = null
	sasl.login.class = null
	sasl.login.connect.timeout.ms = null
	sasl.login.read.timeout.ms = null
	sasl.login.refresh.buffer.seconds = 300
	sasl.login.refresh.min.period.seconds = 60
	sasl.login.refresh.window.factor = 0.8
	sasl.login.refresh.window.jitter = 0.05
	sasl.login.retry.backoff.max.ms = 10000
	sasl.login.retry.backoff.ms = 100
	sasl.mechanism = GSSAPI
	sasl.oauthbearer.clock.skew.seconds = 30
	sasl.oauthbearer.expected.audience = null
	sasl.oauthbearer.expected.issuer = null
	sasl.oauthbearer.header.urlencode = false
	sasl.oauthbearer.jwks.endpoint.refresh.ms = 3600000
	sasl.oauthbearer.jwks.endpoint.retry.backoff.max.ms = 10000
	sasl.oauthbearer.jwks.endpoint.retry.backoff.ms = 100
	sasl.oauthbearer.jwks.endpoint.url = null
	sasl.oauthbearer.scope.claim.name = scope
	sasl.oauthbearer.sub.claim.name = sub
	sasl.oauthbearer.token.endpoint.url = null
	security.protocol = PLAINTEXT
	security.providers = null
	send.buffer.bytes = 131072
	socket.connection.setup.timeout.max.ms = 30000
	socket.connection.setup.timeout.ms = 10000
	ssl.cipher.suites = null
	ssl.enabled.protocols = [TLSv1.2, TLSv1.3]
	ssl.endpoint.identification.algorithm = https
	ssl.engine.factory.class = null
	ssl.key.password = null
	ssl.keymanager.algorithm = SunX509
	ssl.keystore.certificate.chain = null
	ssl.keystore.key = null
	ssl.keystore.location = null
	ssl.keystore.password = null
	ssl.keystore.type = JKS
	ssl.protocol = TLSv1.3
	ssl.provider = null
	ssl.secure.random.implementation = null
	ssl.trustmanager.algorithm = PKIX
	ssl.truststore.certificates = null
	ssl.truststore.location = null
	ssl.truststore.password = null
	ssl.truststore.type = JKS
	transaction.timeout.ms = 60000
	transactional.id = null
	value.serializer = class io.apicurio.registry.serde.avro.AvroKafkaSerializer

2025-08-06 18:53:12,017 INFO  [org.apa.kaf.com.tel.int.KafkaMetricsCollector] (main) initializing Kafka metrics collector
2025-08-06 18:53:12,027 INFO  [org.apa.kaf.cli.pro.KafkaProducer] (main) [Producer clientId=Producer-topic-450a286f_799e_4174_b606_4115c444d920] Instantiated an idempotent producer.
2025-08-06 18:53:12,029 INFO  [org.apa.kaf.cli.pro.ProducerConfig] (main) These configurations '[apicurio.registry.url, apicurio.registry.artifact-resolver-strategy]' were supplied but are not used yet.
2025-08-06 18:53:12,029 INFO  [org.apa.kaf.com.uti.AppInfoParser] (main) Kafka version: 3.9.1
2025-08-06 18:53:12,029 INFO  [org.apa.kaf.com.uti.AppInfoParser] (main) Kafka commitId: f745dfdcee2b9851
2025-08-06 18:53:12,029 INFO  [org.apa.kaf.com.uti.AppInfoParser] (main) Kafka startTimeMs: 1754506392029
**** Registry Base URL: http://registry-app-pg17.apps.ci419.apicurio-testing.org:80
2025-08-06 18:53:12,030 INFO  [org.apa.kaf.cli.con.ConsumerConfig] (main) ConsumerConfig values: 
	allow.auto.create.topics = true
	auto.commit.interval.ms = 500
	auto.include.jmx.reporter = true
	auto.offset.reset = earliest
	bootstrap.servers = [PLAINTEXT://localhost:32769]
	check.crcs = true
	client.dns.lookup = use_all_dns_ips
	client.id = consumer-Consumer-topic-450a286f_799e_4174_b606_4115c444d920-9
	client.rack = 
	connections.max.idle.ms = 10000
	default.api.timeout.ms = 60000
	enable.auto.commit = true
	enable.metrics.push = true
	exclude.internal.topics = true
	fetch.max.bytes = 52428800
	fetch.max.wait.ms = 500
	fetch.min.bytes = 1
	group.id = Consumer-topic-450a286f_799e_4174_b606_4115c444d920
	group.instance.id = null
	group.protocol = classic
	group.remote.assignor = null
	heartbeat.interval.ms = 3000
	interceptor.classes = []
	internal.leave.group.on.close = true
	internal.throw.on.fetch.stable.offset.unsupported = false
	isolation.level = read_uncommitted
	key.deserializer = class org.apache.kafka.common.serialization.StringDeserializer
	max.partition.fetch.bytes = 1048576
	max.poll.interval.ms = 300000
	max.poll.records = 500
	metadata.max.age.ms = 300000
	metadata.recovery.strategy = none
	metric.reporters = []
	metrics.num.samples = 2
	metrics.recording.level = INFO
	metrics.sample.window.ms = 30000
	partition.assignment.strategy = [class org.apache.kafka.clients.consumer.RangeAssignor, class org.apache.kafka.clients.consumer.CooperativeStickyAssignor]
	receive.buffer.bytes = 65536
	reconnect.backoff.max.ms = 1000
	reconnect.backoff.ms = 50
	request.timeout.ms = 5000
	retry.backoff.max.ms = 1000
	retry.backoff.ms = 100
	sasl.client.callback.handler.class = null
	sasl.jaas.config = null
	sasl.kerberos.kinit.cmd = /usr/bin/kinit
	sasl.kerberos.min.time.before.relogin = 60000
	sasl.kerberos.service.name = null
	sasl.kerberos.ticket.renew.jitter = 0.05
	sasl.kerberos.ticket.renew.window.factor = 0.8
	sasl.login.callback.handler.class = null
	sasl.login.class = null
	sasl.login.connect.timeout.ms = null
	sasl.login.read.timeout.ms = null
	sasl.login.refresh.buffer.seconds = 300
	sasl.login.refresh.min.period.seconds = 60
	sasl.login.refresh.window.factor = 0.8
	sasl.login.refresh.window.jitter = 0.05
	sasl.login.retry.backoff.max.ms = 10000
	sasl.login.retry.backoff.ms = 100
	sasl.mechanism = GSSAPI
	sasl.oauthbearer.clock.skew.seconds = 30
	sasl.oauthbearer.expected.audience = null
	sasl.oauthbearer.expected.issuer = null
	sasl.oauthbearer.header.urlencode = false
	sasl.oauthbearer.jwks.endpoint.refresh.ms = 3600000
	sasl.oauthbearer.jwks.endpoint.retry.backoff.max.ms = 10000
	sasl.oauthbearer.jwks.endpoint.retry.backoff.ms = 100
	sasl.oauthbearer.jwks.endpoint.url = null
	sasl.oauthbearer.scope.claim.name = scope
	sasl.oauthbearer.sub.claim.name = sub
	sasl.oauthbearer.token.endpoint.url = null
	security.protocol = PLAINTEXT
	security.providers = null
	send.buffer.bytes = 131072
	session.timeout.ms = 45000
	socket.connection.setup.timeout.max.ms = 30000
	socket.connection.setup.timeout.ms = 10000
	ssl.cipher.suites = null
	ssl.enabled.protocols = [TLSv1.2, TLSv1.3]
	ssl.endpoint.identification.algorithm = https
	ssl.engine.factory.class = null
	ssl.key.password = null
	ssl.keymanager.algorithm = SunX509
	ssl.keystore.certificate.chain = null
	ssl.keystore.key = null
	ssl.keystore.location = null
	ssl.keystore.password = null
	ssl.keystore.type = JKS
	ssl.protocol = TLSv1.3
	ssl.provider = null
	ssl.secure.random.implementation = null
	ssl.trustmanager.algorithm = PKIX
	ssl.truststore.certificates = null
	ssl.truststore.location = null
	ssl.truststore.password = null
	ssl.truststore.type = JKS
	value.deserializer = class io.apicurio.registry.serde.avro.AvroKafkaDeserializer

2025-08-06 18:53:12,032 INFO  [org.apa.kaf.com.tel.int.KafkaMetricsCollector] (main) initializing Kafka metrics collector
2025-08-06 18:53:12,035 INFO  [org.apa.kaf.cli.Metadata] (kafka-producer-network-thread | Producer-topic-450a286f_799e_4174_b606_4115c444d920) [Producer clientId=Producer-topic-450a286f_799e_4174_b606_4115c444d920] Cluster ID: igMICRUWSZmdRuxlP-JQ6A
2025-08-06 18:53:12,036 INFO  [org.apa.kaf.cli.pro.int.TransactionManager] (kafka-producer-network-thread | Producer-topic-450a286f_799e_4174_b606_4115c444d920) [Producer clientId=Producer-topic-450a286f_799e_4174_b606_4115c444d920] ProducerId set to 12 with epoch 0
2025-08-06 18:53:12,042 INFO  [org.apa.kaf.cli.con.ConsumerConfig] (main) These configurations '[apicurio.registry.url]' were supplied but are not used yet.
2025-08-06 18:53:12,042 INFO  [org.apa.kaf.com.uti.AppInfoParser] (main) Kafka version: 3.9.1
2025-08-06 18:53:12,042 INFO  [org.apa.kaf.com.uti.AppInfoParser] (main) Kafka commitId: f745dfdcee2b9851
2025-08-06 18:53:12,042 INFO  [org.apa.kaf.com.uti.AppInfoParser] (main) Kafka startTimeMs: 1754506392042
2025-08-06 18:53:12,043 INFO  [io.api.tes.ser.api.KafkaSerdesTester] (Thread-662) Sending message {"key11754506390837": "value-0"} to topic topic-450a286f_799e_4174_b606_4115c444d920
2025-08-06 18:53:12,046 INFO  [DefaultSchemaResolver] (Thread-662) Retrieving schema content using string: {"type":"record","name":"s55523024xa7bcx4666x8866x46254a13d58c","namespace":"ns_befb96d0_0bf4_4fea_b984_c52c2046306d","fields":[{"name":"key11754506390837","type":"string"}]}
2025-08-06 18:53:12,218 INFO  [io.api.tes.ser.api.KafkaSerdesTester] (Thread-662) Sending message {"key11754506390837": "value-1"} to topic topic-450a286f_799e_4174_b606_4115c444d920
2025-08-06 18:53:12,220 INFO  [io.api.tes.ser.api.KafkaSerdesTester] (Thread-662) Sending message {"key11754506390837": "value-2"} to topic topic-450a286f_799e_4174_b606_4115c444d920
2025-08-06 18:53:12,223 INFO  [io.api.tes.ser.api.KafkaSerdesTester] (Thread-662) Sending message {"key11754506390837": "value-3"} to topic topic-450a286f_799e_4174_b606_4115c444d920
2025-08-06 18:53:12,227 INFO  [io.api.tes.ser.api.KafkaSerdesTester] (Thread-662) Sending message {"key11754506390837": "value-4"} to topic topic-450a286f_799e_4174_b606_4115c444d920
2025-08-06 18:53:12,230 INFO  [io.api.tes.ser.api.KafkaSerdesTester] (Thread-662) Sending message {"key11754506390837": "value-5"} to topic topic-450a286f_799e_4174_b606_4115c444d920
2025-08-06 18:53:12,233 INFO  [io.api.tes.ser.api.KafkaSerdesTester] (Thread-662) Sending message {"key11754506390837": "value-6"} to topic topic-450a286f_799e_4174_b606_4115c444d920
2025-08-06 18:53:12,235 INFO  [io.api.tes.ser.api.KafkaSerdesTester] (Thread-662) Sending message {"key11754506390837": "value-7"} to topic topic-450a286f_799e_4174_b606_4115c444d920
2025-08-06 18:53:12,238 INFO  [io.api.tes.ser.api.KafkaSerdesTester] (Thread-662) Sending message {"key11754506390837": "value-8"} to topic topic-450a286f_799e_4174_b606_4115c444d920
2025-08-06 18:53:12,240 INFO  [io.api.tes.ser.api.KafkaSerdesTester] (Thread-662) Sending message {"key11754506390837": "value-9"} to topic topic-450a286f_799e_4174_b606_4115c444d920
2025-08-06 18:53:12,243 INFO  [io.api.tes.ser.api.KafkaSerdesTester] (Thread-662) Produced 10 messages
2025-08-06 18:53:12,245 INFO  [org.apa.kaf.cli.pro.KafkaProducer] (Thread-662) [Producer clientId=Producer-topic-450a286f_799e_4174_b606_4115c444d920] Closing the Kafka producer with timeoutMillis = 9223372036854775807 ms.
2025-08-06 18:53:12,248 INFO  [org.apa.kaf.com.met.Metrics] (Thread-662) Metrics scheduler closed
2025-08-06 18:53:12,248 INFO  [org.apa.kaf.com.met.Metrics] (Thread-662) Closing reporter org.apache.kafka.common.metrics.JmxReporter
2025-08-06 18:53:12,248 INFO  [org.apa.kaf.com.met.Metrics] (Thread-662) Closing reporter org.apache.kafka.common.telemetry.internals.ClientTelemetryReporter
2025-08-06 18:53:12,248 INFO  [org.apa.kaf.com.met.Metrics] (Thread-662) Metrics reporters closed
2025-08-06 18:53:12,249 INFO  [org.apa.kaf.com.uti.AppInfoParser] (Thread-662) App info kafka.producer for Producer-topic-450a286f_799e_4174_b606_4115c444d920 unregistered
2025-08-06 18:53:12,251 INFO  [org.apa.kaf.cli.con.int.ClassicKafkaConsumer] (Thread-663) [Consumer clientId=consumer-Consumer-topic-450a286f_799e_4174_b606_4115c444d920-9, groupId=Consumer-topic-450a286f_799e_4174_b606_4115c444d920] Subscribed to topic(s): topic-450a286f_799e_4174_b606_4115c444d920
2025-08-06 18:53:12,262 INFO  [org.apa.kaf.cli.Metadata] (Thread-663) [Consumer clientId=consumer-Consumer-topic-450a286f_799e_4174_b606_4115c444d920-9, groupId=Consumer-topic-450a286f_799e_4174_b606_4115c444d920] Cluster ID: igMICRUWSZmdRuxlP-JQ6A
2025-08-06 18:53:12,262 INFO  [org.apa.kaf.cli.con.int.ConsumerCoordinator] (Thread-663) [Consumer clientId=consumer-Consumer-topic-450a286f_799e_4174_b606_4115c444d920-9, groupId=Consumer-topic-450a286f_799e_4174_b606_4115c444d920] Discovered group coordinator localhost:32769 (id: 2147483647 rack: null)
2025-08-06 18:53:12,265 INFO  [org.apa.kaf.cli.con.int.ConsumerCoordinator] (Thread-663) [Consumer clientId=consumer-Consumer-topic-450a286f_799e_4174_b606_4115c444d920-9, groupId=Consumer-topic-450a286f_799e_4174_b606_4115c444d920] (Re-)joining group
2025-08-06 18:53:12,268 INFO  [org.apa.kaf.cli.con.int.ConsumerCoordinator] (Thread-663) [Consumer clientId=consumer-Consumer-topic-450a286f_799e_4174_b606_4115c444d920-9, groupId=Consumer-topic-450a286f_799e_4174_b606_4115c444d920] Request joining group due to: need to re-join with the given member-id: consumer-Consumer-topic-450a286f_799e_4174_b606_4115c444d920-9-f563cbf5-d14a-4bb9-b8e7-37e86642111e
2025-08-06 18:53:12,268 INFO  [org.apa.kaf.cli.con.int.ConsumerCoordinator] (Thread-663) [Consumer clientId=consumer-Consumer-topic-450a286f_799e_4174_b606_4115c444d920-9, groupId=Consumer-topic-450a286f_799e_4174_b606_4115c444d920] (Re-)joining group
2025-08-06 18:53:13,251 INFO  [io.api.tes.ser.api.KafkaSerdesTester] (Thread-663) None found
2025-08-06 18:53:14,252 INFO  [io.api.tes.ser.api.KafkaSerdesTester] (Thread-663) None found
2025-08-06 18:53:15,252 INFO  [io.api.tes.ser.api.KafkaSerdesTester] (Thread-663) None found
2025-08-06 18:53:15,270 INFO  [org.apa.kaf.cli.con.int.ConsumerCoordinator] (Thread-663) [Consumer clientId=consumer-Consumer-topic-450a286f_799e_4174_b606_4115c444d920-9, groupId=Consumer-topic-450a286f_799e_4174_b606_4115c444d920] Successfully joined group with generation Generation{generationId=1, memberId='consumer-Consumer-topic-450a286f_799e_4174_b606_4115c444d920-9-f563cbf5-d14a-4bb9-b8e7-37e86642111e', protocol='range'}
2025-08-06 18:53:15,270 INFO  [org.apa.kaf.cli.con.int.ConsumerCoordinator] (Thread-663) [Consumer clientId=consumer-Consumer-topic-450a286f_799e_4174_b606_4115c444d920-9, groupId=Consumer-topic-450a286f_799e_4174_b606_4115c444d920] Finished assignment for group at generation 1: {consumer-Consumer-topic-450a286f_799e_4174_b606_4115c444d920-9-f563cbf5-d14a-4bb9-b8e7-37e86642111e=Assignment(partitions=[topic-450a286f_799e_4174_b606_4115c444d920-0])}
2025-08-06 18:53:15,277 INFO  [org.apa.kaf.cli.con.int.ConsumerCoordinator] (Thread-663) [Consumer clientId=consumer-Consumer-topic-450a286f_799e_4174_b606_4115c444d920-9, groupId=Consumer-topic-450a286f_799e_4174_b606_4115c444d920] Successfully synced group in generation Generation{generationId=1, memberId='consumer-Consumer-topic-450a286f_799e_4174_b606_4115c444d920-9-f563cbf5-d14a-4bb9-b8e7-37e86642111e', protocol='range'}
2025-08-06 18:53:15,277 INFO  [org.apa.kaf.cli.con.int.ConsumerCoordinator] (Thread-663) [Consumer clientId=consumer-Consumer-topic-450a286f_799e_4174_b606_4115c444d920-9, groupId=Consumer-topic-450a286f_799e_4174_b606_4115c444d920] Notifying assignor about the new Assignment(partitions=[topic-450a286f_799e_4174_b606_4115c444d920-0])
2025-08-06 18:53:15,277 INFO  [org.apa.kaf.cli.con.int.ConsumerRebalanceListenerInvoker] (Thread-663) [Consumer clientId=consumer-Consumer-topic-450a286f_799e_4174_b606_4115c444d920-9, groupId=Consumer-topic-450a286f_799e_4174_b606_4115c444d920] Adding newly assigned partitions: topic-450a286f_799e_4174_b606_4115c444d920-0
2025-08-06 18:53:15,279 INFO  [org.apa.kaf.cli.con.int.ConsumerCoordinator] (Thread-663) [Consumer clientId=consumer-Consumer-topic-450a286f_799e_4174_b606_4115c444d920-9, groupId=Consumer-topic-450a286f_799e_4174_b606_4115c444d920] Found no committed offset for partition topic-450a286f_799e_4174_b606_4115c444d920-0
2025-08-06 18:53:15,284 INFO  [org.apa.kaf.cli.con.int.SubscriptionState] (Thread-663) [Consumer clientId=consumer-Consumer-topic-450a286f_799e_4174_b606_4115c444d920-9, groupId=Consumer-topic-450a286f_799e_4174_b606_4115c444d920] Resetting offset for partition topic-450a286f_799e_4174_b606_4115c444d920-0 to position FetchPosition{offset=0, offsetEpoch=Optional.empty, currentLeader=LeaderAndEpoch{leader=Optional[localhost:32769 (id: 0 rack: null)], epoch=0}}.
2025-08-06 18:53:15,522 INFO  [io.api.tes.ser.api.KafkaSerdesTester] (Thread-663) topic-450a286f_799e_4174_b606_4115c444d920 0 0 {"key11754506390837": "value-0"}
2025-08-06 18:53:15,522 INFO  [io.api.tes.ser.api.KafkaSerdesTester] (Thread-663) topic-450a286f_799e_4174_b606_4115c444d920 0 1 {"key11754506390837": "value-1"}
2025-08-06 18:53:15,522 INFO  [io.api.tes.ser.api.KafkaSerdesTester] (Thread-663) topic-450a286f_799e_4174_b606_4115c444d920 0 2 {"key11754506390837": "value-2"}
2025-08-06 18:53:15,522 INFO  [io.api.tes.ser.api.KafkaSerdesTester] (Thread-663) topic-450a286f_799e_4174_b606_4115c444d920 0 3 {"key11754506390837": "value-3"}
2025-08-06 18:53:15,522 INFO  [io.api.tes.ser.api.KafkaSerdesTester] (Thread-663) topic-450a286f_799e_4174_b606_4115c444d920 0 4 {"key11754506390837": "value-4"}
2025-08-06 18:53:15,522 INFO  [io.api.tes.ser.api.KafkaSerdesTester] (Thread-663) topic-450a286f_799e_4174_b606_4115c444d920 0 5 {"key11754506390837": "value-5"}
2025-08-06 18:53:15,522 INFO  [io.api.tes.ser.api.KafkaSerdesTester] (Thread-663) topic-450a286f_799e_4174_b606_4115c444d920 0 6 {"key11754506390837": "value-6"}
2025-08-06 18:53:15,522 INFO  [io.api.tes.ser.api.KafkaSerdesTester] (Thread-663) topic-450a286f_799e_4174_b606_4115c444d920 0 7 {"key11754506390837": "value-7"}
2025-08-06 18:53:15,522 INFO  [io.api.tes.ser.api.KafkaSerdesTester] (Thread-663) topic-450a286f_799e_4174_b606_4115c444d920 0 8 {"key11754506390837": "value-8"}
2025-08-06 18:53:15,522 INFO  [io.api.tes.ser.api.KafkaSerdesTester] (Thread-663) topic-450a286f_799e_4174_b606_4115c444d920 0 9 {"key11754506390837": "value-9"}
2025-08-06 18:53:15,522 INFO  [io.api.tes.ser.api.KafkaSerdesTester] (Thread-663) Consumed 10 messages
2025-08-06 18:53:15,531 INFO  [org.apa.kaf.cli.con.int.ConsumerRebalanceListenerInvoker] (Thread-663) [Consumer clientId=consumer-Consumer-topic-450a286f_799e_4174_b606_4115c444d920-9, groupId=Consumer-topic-450a286f_799e_4174_b606_4115c444d920] Revoke previously assigned partitions topic-450a286f_799e_4174_b606_4115c444d920-0
2025-08-06 18:53:15,531 INFO  [org.apa.kaf.cli.con.int.ConsumerCoordinator] (Thread-663) [Consumer clientId=consumer-Consumer-topic-450a286f_799e_4174_b606_4115c444d920-9, groupId=Consumer-topic-450a286f_799e_4174_b606_4115c444d920] Member consumer-Consumer-topic-450a286f_799e_4174_b606_4115c444d920-9-f563cbf5-d14a-4bb9-b8e7-37e86642111e sending LeaveGroup request to coordinator localhost:32769 (id: 2147483647 rack: null) due to the consumer is being closed
2025-08-06 18:53:15,532 INFO  [org.apa.kaf.cli.con.int.ConsumerCoordinator] (Thread-663) [Consumer clientId=consumer-Consumer-topic-450a286f_799e_4174_b606_4115c444d920-9, groupId=Consumer-topic-450a286f_799e_4174_b606_4115c444d920] Resetting generation and member id due to: consumer pro-actively leaving the group
2025-08-06 18:53:15,532 INFO  [org.apa.kaf.cli.con.int.ConsumerCoordinator] (Thread-663) [Consumer clientId=consumer-Consumer-topic-450a286f_799e_4174_b606_4115c444d920-9, groupId=Consumer-topic-450a286f_799e_4174_b606_4115c444d920] Request joining group due to: consumer pro-actively leaving the group
2025-08-06 18:53:16,026 INFO  [org.apa.kaf.com.met.Metrics] (Thread-663) Metrics scheduler closed
2025-08-06 18:53:16,027 INFO  [org.apa.kaf.com.met.Metrics] (Thread-663) Closing reporter org.apache.kafka.common.metrics.JmxReporter
2025-08-06 18:53:16,027 INFO  [org.apa.kaf.com.met.Metrics] (Thread-663) Closing reporter org.apache.kafka.common.telemetry.internals.ClientTelemetryReporter
2025-08-06 18:53:16,027 INFO  [org.apa.kaf.com.met.Metrics] (Thread-663) Metrics reporters closed
2025-08-06 18:53:16,030 INFO  [org.apa.kaf.com.uti.AppInfoParser] (Thread-663) App info kafka.consumer for consumer-Consumer-topic-450a286f_799e_4174_b606_4115c444d920-9 unregistered
2025-08-06 18:53:16,031 INFO  [io.api.tes.ser.api.AvroSerdeIT] (main) Registering Avro Schema 2: {"type":"record","name":"s55523024xa7bcx4666x8866x46254a13d58c","namespace":"ns_befb96d0_0bf4_4fea_b984_c52c2046306d","fields":[{"name":"key11754506390837","type":"string"},{"name":"key21754506396030","type":"string"}]}
2025-08-06 18:53:16,124 INFO  [io.api.tes.uti.TestSeparator] (main) io.apicurio.tests.serdes.apicurio.AvroSerdeIT.testEvolveAvroApicurio-FINISHED
2025-08-06 18:53:16,124 INFO  [io.api.tes.uti.TestSeparator] (main) ############################################################################
2025-08-06 18:53:16,124 ERROR [io.api.reg.uti.tes.TestUtils] (main) === TEST FAILED ===
2025-08-06 18:53:16,124 ERROR [io.api.reg.uti.tes.TestUtils] (main) Class: class io.apicurio.tests.serdes.apicurio.AvroSerdeIT
2025-08-06 18:53:16,124 ERROR [io.api.reg.uti.tes.TestUtils] (main) Test:  testEvolveAvroApicurio
2025-08-06 18:53:16,124 ERROR [io.api.reg.uti.tes.TestUtils] (main) ID:    [engine:junit-jupiter]/[class:io.apicurio.tests.serdes.apicurio.AvroSerdeIT]/[method:testEvolveAvroApicurio()]
2025-08-06 18:53:16,124 ERROR [io.api.reg.uti.tes.TestUtils] (main) Error: RuleViolationProblemDetails - null
2025-08-06 18:53:16,124 ERROR [io.api.reg.uti.tes.TestUtils] (main) Rule Violation Problem Details
2025-08-06 18:53:16,124 ERROR [io.api.reg.uti.tes.TestUtils] (main)     Name:     RuleViolationException
2025-08-06 18:53:16,124 ERROR [io.api.reg.uti.tes.TestUtils] (main)     Title:    Incompatible artifact: topic-450a286f_799e_4174_b606_4115c444d920-s55523024xa7bcx4666x8866x46254a13d58c [AVRO], num of incompatible diffs: {1}, list of diff types: [key21754506396030 at /fields/1]
2025-08-06 18:53:16,124 ERROR [io.api.reg.uti.tes.TestUtils] (main)     Detail:   Incompatible artifact: topic-450a286f_799e_4174_b606_4115c444d920-s55523024xa7bcx4666x8866x46254a13d58c [AVRO], num of incompatible diffs: {1}, list of diff types: [key21754506396030 at /fields/1] Causes: key21754506396030 at /fields/1
2025-08-06 18:53:16,124 ERROR [io.api.reg.uti.tes.TestUtils] (main)     Instance: null
2025-08-06 18:53:16,124 ERROR [io.api.reg.uti.tes.TestUtils] (main)     Type:     null
2025-08-06 18:53:16,124 ERROR [io.api.reg.uti.tes.TestUtils] (main)     Message:  null
2025-08-06 18:53:16,124 ERROR [io.api.reg.uti.tes.TestUtils] (main)     Status:   409
2025-08-06 18:53:16,124 ERROR [io.api.reg.uti.tes.TestUtils] (main)     Causes:
2025-08-06 18:53:16,124 ERROR [io.api.reg.uti.tes.TestUtils] (main)         Context:     /fields/1
2025-08-06 18:53:16,124 ERROR [io.api.reg.uti.tes.TestUtils] (main)         Description: key21754506396030
2025-08-06 18:53:16,124 ERROR [io.api.reg.uti.tes.TestUtils] (main)         ---
2025-08-06 18:53:16,124 ERROR [io.api.reg.uti.tes.TestUtils] (main) Root Cause: io.apicurio.registry.rest.client.models.RuleViolationProblemDetails
	at io.apicurio.registry.rest.client.models.RuleViolationProblemDetails.createFromDiscriminatorValue(RuleViolationProblemDetails.java:62)
	at io.kiota.serialization.json.JsonParseNode.getObjectValue(JsonParseNode.java:247)
	at io.kiota.http.vertx.VertXRequestAdapter.lambda$throwIfFailedResponse$0(VertXRequestAdapter.java:400)
	at com.microsoft.kiota.ApiExceptionBuilder.<init>(ApiExceptionBuilder.java:26)
	at io.kiota.http.vertx.VertXRequestAdapter.throwIfFailedResponse(VertXRequestAdapter.java:399)
	at io.kiota.http.vertx.VertXRequestAdapter.send(VertXRequestAdapter.java:170)
	at io.apicurio.registry.rest.client.groups.item.artifacts.item.versions.VersionsRequestBuilder.post(VersionsRequestBuilder.java:117)
	at io.apicurio.registry.rest.client.groups.item.artifacts.item.versions.VersionsRequestBuilder.post(VersionsRequestBuilder.java:94)
	at io.apicurio.tests.ApicurioRegistryBaseIT.createArtifactVersion(ApicurioRegistryBaseIT.java:219)
	at io.apicurio.tests.serdes.apicurio.AvroSerdeIT.evolveSchemaTest(AvroSerdeIT.java:337)
	at io.apicurio.tests.serdes.apicurio.AvroSerdeIT.testEvolveAvroApicurio(AvroSerdeIT.java:275)
	at java.base/jdk.internal.reflect.NativeMethodAccessorImpl.invoke0(Native Method)
	at java.base/jdk.internal.reflect.NativeMethodAccessorImpl.invoke(NativeMethodAccessorImpl.java:77)
	at java.base/jdk.internal.reflect.DelegatingMethodAccessorImpl.invoke(DelegatingMethodAccessorImpl.java:43)
	at java.base/java.lang.reflect.Method.invoke(Method.java:569)
	at org.junit.platform.commons.util.ReflectionUtils.invokeMethod(ReflectionUtils.java:775)
	at org.junit.platform.commons.support.ReflectionSupport.invokeMethod(ReflectionSupport.java:479)
	at org.junit.jupiter.engine.execution.MethodInvocation.proceed(MethodInvocation.java:60)
	at org.junit.jupiter.engine.execution.InvocationInterceptorChain$ValidatingInvocation.proceed(InvocationInterceptorChain.java:131)
	at org.junit.jupiter.engine.extension.TimeoutExtension.intercept(TimeoutExtension.java:161)
	at org.junit.jupiter.engine.extension.TimeoutExtension.interceptTestableMethod(TimeoutExtension.java:152)
	at org.junit.jupiter.engine.extension.TimeoutExtension.interceptTestMethod(TimeoutExtension.java:91)
	at org.junit.jupiter.engine.execution.InterceptingExecutableInvoker$ReflectiveInterceptorCall.lambda$ofVoidMethod$0(InterceptingExecutableInvoker.java:112)
	at org.junit.jupiter.engine.execution.InterceptingExecutableInvoker.lambda$invoke$0(InterceptingExecutableInvoker.java:94)
	at org.junit.jupiter.engine.execution.InvocationInterceptorChain$InterceptedInvocation.proceed(InvocationInterceptorChain.java:106)
	at org.junit.jupiter.engine.execution.InvocationInterceptorChain.proceed(InvocationInterceptorChain.java:64)
	at org.junit.jupiter.engine.execution.InvocationInterceptorChain.chainAndInvoke(InvocationInterceptorChain.java:45)
	at org.junit.jupiter.engine.execution.InvocationInterceptorChain.invoke(InvocationInterceptorChain.java:37)
	at org.junit.jupiter.engine.execution.InterceptingExecutableInvoker.invoke(InterceptingExecutableInvoker.java:93)
	at org.junit.jupiter.engine.execution.InterceptingExecutableInvoker.invoke(InterceptingExecutableInvoker.java:87)
	at org.junit.jupiter.engine.descriptor.TestMethodTestDescriptor.lambda$invokeTestMethod$7(TestMethodTestDescriptor.java:216)
	at org.junit.platform.engine.support.hierarchical.ThrowableCollector.execute(ThrowableCollector.java:73)
	at org.junit.jupiter.engine.descriptor.TestMethodTestDescriptor.invokeTestMethod(TestMethodTestDescriptor.java:212)
	at org.junit.jupiter.engine.descriptor.TestMethodTestDescriptor.execute(TestMethodTestDescriptor.java:137)
	at org.junit.jupiter.engine.descriptor.TestMethodTestDescriptor.execute(TestMethodTestDescriptor.java:69)
	at org.junit.platform.engine.support.hierarchical.NodeTestTask.lambda$executeRecursively$6(NodeTestTask.java:156)
	at org.junit.platform.engine.support.hierarchical.ThrowableCollector.execute(ThrowableCollector.java:73)
	at org.junit.platform.engine.support.hierarchical.NodeTestTask.lambda$executeRecursively$8(NodeTestTask.java:146)
	at org.junit.platform.engine.support.hierarchical.Node.around(Node.java:137)
	at org.junit.platform.engine.support.hierarchical.NodeTestTask.lambda$executeRecursively$9(NodeTestTask.java:144)
	at org.junit.platform.engine.support.hierarchical.ThrowableCollector.execute(ThrowableCollector.java:73)
	at org.junit.platform.engine.support.hierarchical.NodeTestTask.executeRecursively(NodeTestTask.java:143)
	at org.junit.platform.engine.support.hierarchical.NodeTestTask.execute(NodeTestTask.java:100)
	at java.base/java.util.ArrayList.forEach(ArrayList.java:1511)
	at org.junit.platform.engine.support.hierarchical.SameThreadHierarchicalTestExecutorService.invokeAll(SameThreadHierarchicalTestExecutorService.java:41)
	at org.junit.platform.engine.support.hierarchical.NodeTestTask.lambda$executeRecursively$6(NodeTestTask.java:160)
	at org.junit.platform.engine.support.hierarchical.ThrowableCollector.execute(ThrowableCollector.java:73)
	at org.junit.platform.engine.support.hierarchical.NodeTestTask.lambda$executeRecursively$8(NodeTestTask.java:146)
	at org.junit.platform.engine.support.hierarchical.Node.around(Node.java:137)
	at org.junit.platform.engine.support.hierarchical.NodeTestTask.lambda$executeRecursively$9(NodeTestTask.java:144)
	at org.junit.platform.engine.support.hierarchical.ThrowableCollector.execute(ThrowableCollector.java:73)
	at org.junit.platform.engine.support.hierarchical.NodeTestTask.executeRecursively(NodeTestTask.java:143)
	at org.junit.platform.engine.support.hierarchical.NodeTestTask.execute(NodeTestTask.java:100)
	at java.base/java.util.ArrayList.forEach(ArrayList.java:1511)
	at org.junit.platform.engine.support.hierarchical.SameThreadHierarchicalTestExecutorService.invokeAll(SameThreadHierarchicalTestExecutorService.java:41)
	at org.junit.platform.engine.support.hierarchical.NodeTestTask.lambda$executeRecursively$6(NodeTestTask.java:160)
	at org.junit.platform.engine.support.hierarchical.ThrowableCollector.execute(ThrowableCollector.java:73)
	at org.junit.platform.engine.support.hierarchical.NodeTestTask.lambda$executeRecursively$8(NodeTestTask.java:146)
	at org.junit.platform.engine.support.hierarchical.Node.around(Node.java:137)
	at org.junit.platform.engine.support.hierarchical.NodeTestTask.lambda$executeRecursively$9(NodeTestTask.java:144)
	at org.junit.platform.engine.support.hierarchical.ThrowableCollector.execute(ThrowableCollector.java:73)
	at org.junit.platform.engine.support.hierarchical.NodeTestTask.executeRecursively(NodeTestTask.java:143)
	at org.junit.platform.engine.support.hierarchical.NodeTestTask.execute(NodeTestTask.java:100)
	at org.junit.platform.engine.support.hierarchical.SameThreadHierarchicalTestExecutorService.submit(SameThreadHierarchicalTestExecutorService.java:35)
	at org.junit.platform.engine.support.hierarchical.HierarchicalTestExecutor.execute(HierarchicalTestExecutor.java:57)
	at org.junit.platform.engine.support.hierarchical.HierarchicalTestEngine.execute(HierarchicalTestEngine.java:54)
	at org.junit.platform.launcher.core.EngineExecutionOrchestrator.execute(EngineExecutionOrchestrator.java:201)
	at org.junit.platform.launcher.core.EngineExecutionOrchestrator.execute(EngineExecutionOrchestrator.java:170)
	at org.junit.platform.launcher.core.EngineExecutionOrchestrator.execute(EngineExecutionOrchestrator.java:94)
	at org.junit.platform.launcher.core.EngineExecutionOrchestrator.lambda$execute$0(EngineExecutionOrchestrator.java:59)
	at org.junit.platform.launcher.core.EngineExecutionOrchestrator.withInterceptedStreams(EngineExecutionOrchestrator.java:142)
	at org.junit.platform.launcher.core.EngineExecutionOrchestrator.execute(EngineExecutionOrchestrator.java:58)
	at org.junit.platform.launcher.core.DefaultLauncher.execute(DefaultLauncher.java:103)
	at org.junit.platform.launcher.core.DefaultLauncher.execute(DefaultLauncher.java:85)
	at org.junit.platform.launcher.core.DelegatingLauncher.execute(DelegatingLauncher.java:47)
	at org.junit.platform.launcher.core.InterceptingLauncher.lambda$execute$1(InterceptingLauncher.java:39)
	at org.junit.platform.launcher.core.ClasspathAlignmentCheckingLauncherInterceptor.intercept(ClasspathAlignmentCheckingLauncherInterceptor.java:25)
	at org.junit.platform.launcher.core.InterceptingLauncher.execute(InterceptingLauncher.java:38)
	at org.junit.platform.launcher.core.DelegatingLauncher.execute(DelegatingLauncher.java:47)
	at org.apache.maven.surefire.junitplatform.LazyLauncher.execute(LazyLauncher.java:56)
	at org.apache.maven.surefire.junitplatform.JUnitPlatformProvider.execute(JUnitPlatformProvider.java:184)
	at org.apache.maven.surefire.junitplatform.JUnitPlatformProvider.invokeAllTests(JUnitPlatformProvider.java:148)
	at org.apache.maven.surefire.junitplatform.JUnitPlatformProvider.invoke(JUnitPlatformProvider.java:122)
	at org.apache.maven.surefire.booter.ForkedBooter.runSuitesInProcess(ForkedBooter.java:385)
	at org.apache.maven.surefire.booter.ForkedBooter.execute(ForkedBooter.java:162)
	at org.apache.maven.surefire.booter.ForkedBooter.run(ForkedBooter.java:507)
	at org.apache.maven.surefire.booter.ForkedBooter.main(ForkedBooter.java:495)

2025-08-06 18:53:16,125 ERROR [io.api.reg.uti.tes.TestUtils] (main) === =========== ===
]]></system-out>
  </testcase>
  <testcase name="testTopicRecordIdStrategydFindLatest" classname="io.apicurio.tests.serdes.apicurio.AvroSerdeIT" time="5.326">
    <system-out><![CDATA[2025-08-06 18:53:16,126 INFO  [io.api.tes.uti.TestSeparator] (main) ############################################################################
2025-08-06 18:53:16,126 INFO  [io.api.tes.uti.TestSeparator] (main) io.apicurio.tests.serdes.apicurio.AvroSerdeIT.testTopicRecordIdStrategydFindLatest-STARTED
2025-08-06 18:53:16,127 INFO  [io.api.tes.ser.api.AvroSerdeIT] (main) Registering Avro Schema: {"type":"record","name":"s85f570edx0324x4488x87f9x0bf9449f6ce1","namespace":"s69b0f6a5xc6ffx46bdx9257x98b22f889fdf","fields":[{"name":"key11754506396127","type":"string"}]}
**** Registry Base URL: http://registry-app-pg17.apps.ci419.apicurio-testing.org:80
2025-08-06 18:53:17,316 INFO  [org.apa.kaf.cli.pro.ProducerConfig] (main) ProducerConfig values: 
	acks = -1
	auto.include.jmx.reporter = true
	batch.size = 16384
	bootstrap.servers = [PLAINTEXT://localhost:32769]
	buffer.memory = 33554432
	client.dns.lookup = use_all_dns_ips
	client.id = Producer-topic-7b250222_dd84_4952_8f68_5931f33dd9d4
	compression.gzip.level = -1
	compression.lz4.level = 9
	compression.type = none
	compression.zstd.level = 3
	connections.max.idle.ms = 10000
	delivery.timeout.ms = 120000
	enable.idempotence = true
	enable.metrics.push = true
	interceptor.classes = []
	key.serializer = class org.apache.kafka.common.serialization.StringSerializer
	linger.ms = 0
	max.block.ms = 60000
	max.in.flight.requests.per.connection = 5
	max.request.size = 1048576
	metadata.max.age.ms = 300000
	metadata.max.idle.ms = 300000
	metadata.recovery.strategy = none
	metric.reporters = []
	metrics.num.samples = 2
	metrics.recording.level = INFO
	metrics.sample.window.ms = 30000
	partitioner.adaptive.partitioning.enable = true
	partitioner.availability.timeout.ms = 0
	partitioner.class = null
	partitioner.ignore.keys = false
	receive.buffer.bytes = 32768
	reconnect.backoff.max.ms = 1000
	reconnect.backoff.ms = 50
	request.timeout.ms = 5000
	retries = 2147483647
	retry.backoff.max.ms = 1000
	retry.backoff.ms = 100
	sasl.client.callback.handler.class = null
	sasl.jaas.config = null
	sasl.kerberos.kinit.cmd = /usr/bin/kinit
	sasl.kerberos.min.time.before.relogin = 60000
	sasl.kerberos.service.name = null
	sasl.kerberos.ticket.renew.jitter = 0.05
	sasl.kerberos.ticket.renew.window.factor = 0.8
	sasl.login.callback.handler.class = null
	sasl.login.class = null
	sasl.login.connect.timeout.ms = null
	sasl.login.read.timeout.ms = null
	sasl.login.refresh.buffer.seconds = 300
	sasl.login.refresh.min.period.seconds = 60
	sasl.login.refresh.window.factor = 0.8
	sasl.login.refresh.window.jitter = 0.05
	sasl.login.retry.backoff.max.ms = 10000
	sasl.login.retry.backoff.ms = 100
	sasl.mechanism = GSSAPI
	sasl.oauthbearer.clock.skew.seconds = 30
	sasl.oauthbearer.expected.audience = null
	sasl.oauthbearer.expected.issuer = null
	sasl.oauthbearer.header.urlencode = false
	sasl.oauthbearer.jwks.endpoint.refresh.ms = 3600000
	sasl.oauthbearer.jwks.endpoint.retry.backoff.max.ms = 10000
	sasl.oauthbearer.jwks.endpoint.retry.backoff.ms = 100
	sasl.oauthbearer.jwks.endpoint.url = null
	sasl.oauthbearer.scope.claim.name = scope
	sasl.oauthbearer.sub.claim.name = sub
	sasl.oauthbearer.token.endpoint.url = null
	security.protocol = PLAINTEXT
	security.providers = null
	send.buffer.bytes = 131072
	socket.connection.setup.timeout.max.ms = 30000
	socket.connection.setup.timeout.ms = 10000
	ssl.cipher.suites = null
	ssl.enabled.protocols = [TLSv1.2, TLSv1.3]
	ssl.endpoint.identification.algorithm = https
	ssl.engine.factory.class = null
	ssl.key.password = null
	ssl.keymanager.algorithm = SunX509
	ssl.keystore.certificate.chain = null
	ssl.keystore.key = null
	ssl.keystore.location = null
	ssl.keystore.password = null
	ssl.keystore.type = JKS
	ssl.protocol = TLSv1.3
	ssl.provider = null
	ssl.secure.random.implementation = null
	ssl.trustmanager.algorithm = PKIX
	ssl.truststore.certificates = null
	ssl.truststore.location = null
	ssl.truststore.password = null
	ssl.truststore.type = JKS
	transaction.timeout.ms = 60000
	transactional.id = null
	value.serializer = class io.apicurio.registry.serde.avro.AvroKafkaSerializer

2025-08-06 18:53:17,316 INFO  [org.apa.kaf.com.tel.int.KafkaMetricsCollector] (main) initializing Kafka metrics collector
2025-08-06 18:53:17,328 INFO  [org.apa.kaf.cli.pro.KafkaProducer] (main) [Producer clientId=Producer-topic-7b250222_dd84_4952_8f68_5931f33dd9d4] Instantiated an idempotent producer.
2025-08-06 18:53:17,330 INFO  [org.apa.kaf.cli.pro.ProducerConfig] (main) These configurations '[apicurio.registry.find-latest, apicurio.registry.url, apicurio.registry.artifact-resolver-strategy]' were supplied but are not used yet.
2025-08-06 18:53:17,330 INFO  [org.apa.kaf.com.uti.AppInfoParser] (main) Kafka version: 3.9.1
2025-08-06 18:53:17,330 INFO  [org.apa.kaf.com.uti.AppInfoParser] (main) Kafka commitId: f745dfdcee2b9851
2025-08-06 18:53:17,330 INFO  [org.apa.kaf.com.uti.AppInfoParser] (main) Kafka startTimeMs: 1754506397330
2025-08-06 18:53:17,331 INFO  [io.api.tes.ser.api.SimpleSerdesTesterBuilder$SimpleSerdesTester] (main) Using producer configuration: {apicurio.registry.find-latest=true, apicurio.registry.url=http://registry-app-pg17.apps.ci419.apicurio-testing.org:80/apis/registry/v3, apicurio.registry.artifact-resolver-strategy=io.apicurio.registry.serde.avro.strategy.TopicRecordIdStrategy, value.serializer=io.apicurio.registry.serde.avro.AvroKafkaSerializer, request.timeout.ms=5000, acks=all, bootstrap.servers=PLAINTEXT://localhost:32769, connections.max.idle.ms=10000, key.serializer=org.apache.kafka.common.serialization.StringSerializer, client.id=Producer-topic-7b250222_dd84_4952_8f68_5931f33dd9d4}
2025-08-06 18:53:17,331 INFO  [io.api.tes.ser.api.SimpleSerdesTesterBuilder$SimpleSerdesTester] (main) Using consumer configuration: {}
2025-08-06 18:53:17,331 INFO  [io.api.tes.ser.api.KafkaSerdesTester] (Thread-666) Sending message {"key11754506396127": "value-0"} to topic topic-7b250222_dd84_4952_8f68_5931f33dd9d4
2025-08-06 18:53:17,334 INFO  [org.apa.kaf.cli.Metadata] (kafka-producer-network-thread | Producer-topic-7b250222_dd84_4952_8f68_5931f33dd9d4) [Producer clientId=Producer-topic-7b250222_dd84_4952_8f68_5931f33dd9d4] Cluster ID: igMICRUWSZmdRuxlP-JQ6A
2025-08-06 18:53:17,334 INFO  [org.apa.kaf.cli.pro.int.TransactionManager] (kafka-producer-network-thread | Producer-topic-7b250222_dd84_4952_8f68_5931f33dd9d4) [Producer clientId=Producer-topic-7b250222_dd84_4952_8f68_5931f33dd9d4] ProducerId set to 13 with epoch 0
2025-08-06 18:53:17,647 INFO  [io.api.tes.ser.api.KafkaSerdesTester] (Thread-666) Sending message {"key11754506396127": "value-1"} to topic topic-7b250222_dd84_4952_8f68_5931f33dd9d4
2025-08-06 18:53:17,652 INFO  [io.api.tes.ser.api.KafkaSerdesTester] (Thread-666) Sending message {"key11754506396127": "value-2"} to topic topic-7b250222_dd84_4952_8f68_5931f33dd9d4
2025-08-06 18:53:17,654 INFO  [io.api.tes.ser.api.KafkaSerdesTester] (Thread-666) Sending message {"key11754506396127": "value-3"} to topic topic-7b250222_dd84_4952_8f68_5931f33dd9d4
2025-08-06 18:53:17,655 INFO  [io.api.tes.ser.api.KafkaSerdesTester] (Thread-666) Sending message {"key11754506396127": "value-4"} to topic topic-7b250222_dd84_4952_8f68_5931f33dd9d4
2025-08-06 18:53:17,658 INFO  [io.api.tes.ser.api.KafkaSerdesTester] (Thread-666) Sending message {"key11754506396127": "value-5"} to topic topic-7b250222_dd84_4952_8f68_5931f33dd9d4
2025-08-06 18:53:17,660 INFO  [io.api.tes.ser.api.KafkaSerdesTester] (Thread-666) Sending message {"key11754506396127": "value-6"} to topic topic-7b250222_dd84_4952_8f68_5931f33dd9d4
2025-08-06 18:53:17,662 INFO  [io.api.tes.ser.api.KafkaSerdesTester] (Thread-666) Sending message {"key11754506396127": "value-7"} to topic topic-7b250222_dd84_4952_8f68_5931f33dd9d4
2025-08-06 18:53:17,665 INFO  [io.api.tes.ser.api.KafkaSerdesTester] (Thread-666) Sending message {"key11754506396127": "value-8"} to topic topic-7b250222_dd84_4952_8f68_5931f33dd9d4
2025-08-06 18:53:17,668 INFO  [io.api.tes.ser.api.KafkaSerdesTester] (Thread-666) Sending message {"key11754506396127": "value-9"} to topic topic-7b250222_dd84_4952_8f68_5931f33dd9d4
2025-08-06 18:53:17,669 INFO  [io.api.tes.ser.api.KafkaSerdesTester] (Thread-666) Produced 10 messages
2025-08-06 18:53:17,669 INFO  [org.apa.kaf.cli.pro.KafkaProducer] (Thread-666) [Producer clientId=Producer-topic-7b250222_dd84_4952_8f68_5931f33dd9d4] Closing the Kafka producer with timeoutMillis = 9223372036854775807 ms.
2025-08-06 18:53:17,672 INFO  [org.apa.kaf.com.met.Metrics] (Thread-666) Metrics scheduler closed
2025-08-06 18:53:17,672 INFO  [org.apa.kaf.com.met.Metrics] (Thread-666) Closing reporter org.apache.kafka.common.metrics.JmxReporter
2025-08-06 18:53:17,672 INFO  [org.apa.kaf.com.met.Metrics] (Thread-666) Closing reporter org.apache.kafka.common.telemetry.internals.ClientTelemetryReporter
2025-08-06 18:53:17,672 INFO  [org.apa.kaf.com.met.Metrics] (Thread-666) Metrics reporters closed
2025-08-06 18:53:17,672 INFO  [org.apa.kaf.com.uti.AppInfoParser] (Thread-666) App info kafka.producer for Producer-topic-7b250222_dd84_4952_8f68_5931f33dd9d4 unregistered
**** Registry Base URL: http://registry-app-pg17.apps.ci419.apicurio-testing.org:80
2025-08-06 18:53:17,673 INFO  [org.apa.kaf.cli.con.ConsumerConfig] (main) ConsumerConfig values: 
	allow.auto.create.topics = true
	auto.commit.interval.ms = 500
	auto.include.jmx.reporter = true
	auto.offset.reset = earliest
	bootstrap.servers = [PLAINTEXT://localhost:32769]
	check.crcs = true
	client.dns.lookup = use_all_dns_ips
	client.id = consumer-Consumer-topic-7b250222_dd84_4952_8f68_5931f33dd9d4-10
	client.rack = 
	connections.max.idle.ms = 10000
	default.api.timeout.ms = 60000
	enable.auto.commit = true
	enable.metrics.push = true
	exclude.internal.topics = true
	fetch.max.bytes = 52428800
	fetch.max.wait.ms = 500
	fetch.min.bytes = 1
	group.id = Consumer-topic-7b250222_dd84_4952_8f68_5931f33dd9d4
	group.instance.id = null
	group.protocol = classic
	group.remote.assignor = null
	heartbeat.interval.ms = 3000
	interceptor.classes = []
	internal.leave.group.on.close = true
	internal.throw.on.fetch.stable.offset.unsupported = false
	isolation.level = read_uncommitted
	key.deserializer = class org.apache.kafka.common.serialization.StringDeserializer
	max.partition.fetch.bytes = 1048576
	max.poll.interval.ms = 300000
	max.poll.records = 500
	metadata.max.age.ms = 300000
	metadata.recovery.strategy = none
	metric.reporters = []
	metrics.num.samples = 2
	metrics.recording.level = INFO
	metrics.sample.window.ms = 30000
	partition.assignment.strategy = [class org.apache.kafka.clients.consumer.RangeAssignor, class org.apache.kafka.clients.consumer.CooperativeStickyAssignor]
	receive.buffer.bytes = 65536
	reconnect.backoff.max.ms = 1000
	reconnect.backoff.ms = 50
	request.timeout.ms = 5000
	retry.backoff.max.ms = 1000
	retry.backoff.ms = 100
	sasl.client.callback.handler.class = null
	sasl.jaas.config = null
	sasl.kerberos.kinit.cmd = /usr/bin/kinit
	sasl.kerberos.min.time.before.relogin = 60000
	sasl.kerberos.service.name = null
	sasl.kerberos.ticket.renew.jitter = 0.05
	sasl.kerberos.ticket.renew.window.factor = 0.8
	sasl.login.callback.handler.class = null
	sasl.login.class = null
	sasl.login.connect.timeout.ms = null
	sasl.login.read.timeout.ms = null
	sasl.login.refresh.buffer.seconds = 300
	sasl.login.refresh.min.period.seconds = 60
	sasl.login.refresh.window.factor = 0.8
	sasl.login.refresh.window.jitter = 0.05
	sasl.login.retry.backoff.max.ms = 10000
	sasl.login.retry.backoff.ms = 100
	sasl.mechanism = GSSAPI
	sasl.oauthbearer.clock.skew.seconds = 30
	sasl.oauthbearer.expected.audience = null
	sasl.oauthbearer.expected.issuer = null
	sasl.oauthbearer.header.urlencode = false
	sasl.oauthbearer.jwks.endpoint.refresh.ms = 3600000
	sasl.oauthbearer.jwks.endpoint.retry.backoff.max.ms = 10000
	sasl.oauthbearer.jwks.endpoint.retry.backoff.ms = 100
	sasl.oauthbearer.jwks.endpoint.url = null
	sasl.oauthbearer.scope.claim.name = scope
	sasl.oauthbearer.sub.claim.name = sub
	sasl.oauthbearer.token.endpoint.url = null
	security.protocol = PLAINTEXT
	security.providers = null
	send.buffer.bytes = 131072
	session.timeout.ms = 45000
	socket.connection.setup.timeout.max.ms = 30000
	socket.connection.setup.timeout.ms = 10000
	ssl.cipher.suites = null
	ssl.enabled.protocols = [TLSv1.2, TLSv1.3]
	ssl.endpoint.identification.algorithm = https
	ssl.engine.factory.class = null
	ssl.key.password = null
	ssl.keymanager.algorithm = SunX509
	ssl.keystore.certificate.chain = null
	ssl.keystore.key = null
	ssl.keystore.location = null
	ssl.keystore.password = null
	ssl.keystore.type = JKS
	ssl.protocol = TLSv1.3
	ssl.provider = null
	ssl.secure.random.implementation = null
	ssl.trustmanager.algorithm = PKIX
	ssl.truststore.certificates = null
	ssl.truststore.location = null
	ssl.truststore.password = null
	ssl.truststore.type = JKS
	value.deserializer = class io.apicurio.registry.serde.avro.AvroKafkaDeserializer

2025-08-06 18:53:17,673 INFO  [org.apa.kaf.com.tel.int.KafkaMetricsCollector] (main) initializing Kafka metrics collector
2025-08-06 18:53:17,680 INFO  [org.apa.kaf.cli.con.ConsumerConfig] (main) These configurations '[apicurio.registry.url]' were supplied but are not used yet.
2025-08-06 18:53:17,680 INFO  [org.apa.kaf.com.uti.AppInfoParser] (main) Kafka version: 3.9.1
2025-08-06 18:53:17,680 INFO  [org.apa.kaf.com.uti.AppInfoParser] (main) Kafka commitId: f745dfdcee2b9851
2025-08-06 18:53:17,680 INFO  [org.apa.kaf.com.uti.AppInfoParser] (main) Kafka startTimeMs: 1754506397680
2025-08-06 18:53:17,680 INFO  [org.apa.kaf.cli.con.int.ClassicKafkaConsumer] (Thread-669) [Consumer clientId=consumer-Consumer-topic-7b250222_dd84_4952_8f68_5931f33dd9d4-10, groupId=Consumer-topic-7b250222_dd84_4952_8f68_5931f33dd9d4] Subscribed to topic(s): topic-7b250222_dd84_4952_8f68_5931f33dd9d4
2025-08-06 18:53:17,686 INFO  [org.apa.kaf.cli.Metadata] (Thread-669) [Consumer clientId=consumer-Consumer-topic-7b250222_dd84_4952_8f68_5931f33dd9d4-10, groupId=Consumer-topic-7b250222_dd84_4952_8f68_5931f33dd9d4] Cluster ID: igMICRUWSZmdRuxlP-JQ6A
2025-08-06 18:53:17,687 INFO  [org.apa.kaf.cli.con.int.ConsumerCoordinator] (Thread-669) [Consumer clientId=consumer-Consumer-topic-7b250222_dd84_4952_8f68_5931f33dd9d4-10, groupId=Consumer-topic-7b250222_dd84_4952_8f68_5931f33dd9d4] Discovered group coordinator localhost:32769 (id: 2147483647 rack: null)
2025-08-06 18:53:17,689 INFO  [org.apa.kaf.cli.con.int.ConsumerCoordinator] (Thread-669) [Consumer clientId=consumer-Consumer-topic-7b250222_dd84_4952_8f68_5931f33dd9d4-10, groupId=Consumer-topic-7b250222_dd84_4952_8f68_5931f33dd9d4] (Re-)joining group
2025-08-06 18:53:17,693 INFO  [org.apa.kaf.cli.con.int.ConsumerCoordinator] (Thread-669) [Consumer clientId=consumer-Consumer-topic-7b250222_dd84_4952_8f68_5931f33dd9d4-10, groupId=Consumer-topic-7b250222_dd84_4952_8f68_5931f33dd9d4] Request joining group due to: need to re-join with the given member-id: consumer-Consumer-topic-7b250222_dd84_4952_8f68_5931f33dd9d4-10-05789084-567f-4ad7-bf71-350008af2ffa
2025-08-06 18:53:17,693 INFO  [org.apa.kaf.cli.con.int.ConsumerCoordinator] (Thread-669) [Consumer clientId=consumer-Consumer-topic-7b250222_dd84_4952_8f68_5931f33dd9d4-10, groupId=Consumer-topic-7b250222_dd84_4952_8f68_5931f33dd9d4] (Re-)joining group
2025-08-06 18:53:18,680 INFO  [io.api.tes.ser.api.KafkaSerdesTester] (Thread-669) None found
2025-08-06 18:53:19,680 INFO  [io.api.tes.ser.api.KafkaSerdesTester] (Thread-669) None found
2025-08-06 18:53:20,680 INFO  [io.api.tes.ser.api.KafkaSerdesTester] (Thread-669) None found
2025-08-06 18:53:20,695 INFO  [org.apa.kaf.cli.con.int.ConsumerCoordinator] (Thread-669) [Consumer clientId=consumer-Consumer-topic-7b250222_dd84_4952_8f68_5931f33dd9d4-10, groupId=Consumer-topic-7b250222_dd84_4952_8f68_5931f33dd9d4] Successfully joined group with generation Generation{generationId=1, memberId='consumer-Consumer-topic-7b250222_dd84_4952_8f68_5931f33dd9d4-10-05789084-567f-4ad7-bf71-350008af2ffa', protocol='range'}
2025-08-06 18:53:20,695 INFO  [org.apa.kaf.cli.con.int.ConsumerCoordinator] (Thread-669) [Consumer clientId=consumer-Consumer-topic-7b250222_dd84_4952_8f68_5931f33dd9d4-10, groupId=Consumer-topic-7b250222_dd84_4952_8f68_5931f33dd9d4] Finished assignment for group at generation 1: {consumer-Consumer-topic-7b250222_dd84_4952_8f68_5931f33dd9d4-10-05789084-567f-4ad7-bf71-350008af2ffa=Assignment(partitions=[topic-7b250222_dd84_4952_8f68_5931f33dd9d4-0])}
2025-08-06 18:53:20,702 INFO  [org.apa.kaf.cli.con.int.ConsumerCoordinator] (Thread-669) [Consumer clientId=consumer-Consumer-topic-7b250222_dd84_4952_8f68_5931f33dd9d4-10, groupId=Consumer-topic-7b250222_dd84_4952_8f68_5931f33dd9d4] Successfully synced group in generation Generation{generationId=1, memberId='consumer-Consumer-topic-7b250222_dd84_4952_8f68_5931f33dd9d4-10-05789084-567f-4ad7-bf71-350008af2ffa', protocol='range'}
2025-08-06 18:53:20,702 INFO  [org.apa.kaf.cli.con.int.ConsumerCoordinator] (Thread-669) [Consumer clientId=consumer-Consumer-topic-7b250222_dd84_4952_8f68_5931f33dd9d4-10, groupId=Consumer-topic-7b250222_dd84_4952_8f68_5931f33dd9d4] Notifying assignor about the new Assignment(partitions=[topic-7b250222_dd84_4952_8f68_5931f33dd9d4-0])
2025-08-06 18:53:20,702 INFO  [org.apa.kaf.cli.con.int.ConsumerRebalanceListenerInvoker] (Thread-669) [Consumer clientId=consumer-Consumer-topic-7b250222_dd84_4952_8f68_5931f33dd9d4-10, groupId=Consumer-topic-7b250222_dd84_4952_8f68_5931f33dd9d4] Adding newly assigned partitions: topic-7b250222_dd84_4952_8f68_5931f33dd9d4-0
2025-08-06 18:53:20,703 INFO  [org.apa.kaf.cli.con.int.ConsumerCoordinator] (Thread-669) [Consumer clientId=consumer-Consumer-topic-7b250222_dd84_4952_8f68_5931f33dd9d4-10, groupId=Consumer-topic-7b250222_dd84_4952_8f68_5931f33dd9d4] Found no committed offset for partition topic-7b250222_dd84_4952_8f68_5931f33dd9d4-0
2025-08-06 18:53:20,708 INFO  [org.apa.kaf.cli.con.int.SubscriptionState] (Thread-669) [Consumer clientId=consumer-Consumer-topic-7b250222_dd84_4952_8f68_5931f33dd9d4-10, groupId=Consumer-topic-7b250222_dd84_4952_8f68_5931f33dd9d4] Resetting offset for partition topic-7b250222_dd84_4952_8f68_5931f33dd9d4-0 to position FetchPosition{offset=0, offsetEpoch=Optional.empty, currentLeader=LeaderAndEpoch{leader=Optional[localhost:32769 (id: 0 rack: null)], epoch=0}}.
2025-08-06 18:53:20,946 INFO  [io.api.tes.ser.api.KafkaSerdesTester] (Thread-669) topic-7b250222_dd84_4952_8f68_5931f33dd9d4 0 0 {"key11754506396127": "value-0"}
2025-08-06 18:53:20,946 INFO  [io.api.tes.ser.api.KafkaSerdesTester] (Thread-669) topic-7b250222_dd84_4952_8f68_5931f33dd9d4 0 1 {"key11754506396127": "value-1"}
2025-08-06 18:53:20,947 INFO  [io.api.tes.ser.api.KafkaSerdesTester] (Thread-669) topic-7b250222_dd84_4952_8f68_5931f33dd9d4 0 2 {"key11754506396127": "value-2"}
2025-08-06 18:53:20,947 INFO  [io.api.tes.ser.api.KafkaSerdesTester] (Thread-669) topic-7b250222_dd84_4952_8f68_5931f33dd9d4 0 3 {"key11754506396127": "value-3"}
2025-08-06 18:53:20,947 INFO  [io.api.tes.ser.api.KafkaSerdesTester] (Thread-669) topic-7b250222_dd84_4952_8f68_5931f33dd9d4 0 4 {"key11754506396127": "value-4"}
2025-08-06 18:53:20,947 INFO  [io.api.tes.ser.api.KafkaSerdesTester] (Thread-669) topic-7b250222_dd84_4952_8f68_5931f33dd9d4 0 5 {"key11754506396127": "value-5"}
2025-08-06 18:53:20,947 INFO  [io.api.tes.ser.api.KafkaSerdesTester] (Thread-669) topic-7b250222_dd84_4952_8f68_5931f33dd9d4 0 6 {"key11754506396127": "value-6"}
2025-08-06 18:53:20,947 INFO  [io.api.tes.ser.api.KafkaSerdesTester] (Thread-669) topic-7b250222_dd84_4952_8f68_5931f33dd9d4 0 7 {"key11754506396127": "value-7"}
2025-08-06 18:53:20,947 INFO  [io.api.tes.ser.api.KafkaSerdesTester] (Thread-669) topic-7b250222_dd84_4952_8f68_5931f33dd9d4 0 8 {"key11754506396127": "value-8"}
2025-08-06 18:53:20,947 INFO  [io.api.tes.ser.api.KafkaSerdesTester] (Thread-669) topic-7b250222_dd84_4952_8f68_5931f33dd9d4 0 9 {"key11754506396127": "value-9"}
2025-08-06 18:53:20,947 INFO  [io.api.tes.ser.api.KafkaSerdesTester] (Thread-669) Consumed 10 messages
2025-08-06 18:53:20,954 INFO  [org.apa.kaf.cli.con.int.ConsumerRebalanceListenerInvoker] (Thread-669) [Consumer clientId=consumer-Consumer-topic-7b250222_dd84_4952_8f68_5931f33dd9d4-10, groupId=Consumer-topic-7b250222_dd84_4952_8f68_5931f33dd9d4] Revoke previously assigned partitions topic-7b250222_dd84_4952_8f68_5931f33dd9d4-0
2025-08-06 18:53:20,954 INFO  [org.apa.kaf.cli.con.int.ConsumerCoordinator] (Thread-669) [Consumer clientId=consumer-Consumer-topic-7b250222_dd84_4952_8f68_5931f33dd9d4-10, groupId=Consumer-topic-7b250222_dd84_4952_8f68_5931f33dd9d4] Member consumer-Consumer-topic-7b250222_dd84_4952_8f68_5931f33dd9d4-10-05789084-567f-4ad7-bf71-350008af2ffa sending LeaveGroup request to coordinator localhost:32769 (id: 2147483647 rack: null) due to the consumer is being closed
2025-08-06 18:53:20,955 INFO  [org.apa.kaf.cli.con.int.ConsumerCoordinator] (Thread-669) [Consumer clientId=consumer-Consumer-topic-7b250222_dd84_4952_8f68_5931f33dd9d4-10, groupId=Consumer-topic-7b250222_dd84_4952_8f68_5931f33dd9d4] Resetting generation and member id due to: consumer pro-actively leaving the group
2025-08-06 18:53:20,955 INFO  [org.apa.kaf.cli.con.int.ConsumerCoordinator] (Thread-669) [Consumer clientId=consumer-Consumer-topic-7b250222_dd84_4952_8f68_5931f33dd9d4-10, groupId=Consumer-topic-7b250222_dd84_4952_8f68_5931f33dd9d4] Request joining group due to: consumer pro-actively leaving the group
2025-08-06 18:53:21,449 INFO  [org.apa.kaf.com.met.Metrics] (Thread-669) Metrics scheduler closed
2025-08-06 18:53:21,449 INFO  [org.apa.kaf.com.met.Metrics] (Thread-669) Closing reporter org.apache.kafka.common.metrics.JmxReporter
2025-08-06 18:53:21,449 INFO  [org.apa.kaf.com.met.Metrics] (Thread-669) Closing reporter org.apache.kafka.common.telemetry.internals.ClientTelemetryReporter
2025-08-06 18:53:21,449 INFO  [org.apa.kaf.com.met.Metrics] (Thread-669) Metrics reporters closed
2025-08-06 18:53:21,451 INFO  [org.apa.kaf.com.uti.AppInfoParser] (Thread-669) App info kafka.consumer for consumer-Consumer-topic-7b250222_dd84_4952_8f68_5931f33dd9d4-10 unregistered
2025-08-06 18:53:21,452 INFO  [io.api.tes.uti.TestSeparator] (main) io.apicurio.tests.serdes.apicurio.AvroSerdeIT.testTopicRecordIdStrategydFindLatest-FINISHED
2025-08-06 18:53:21,452 INFO  [io.api.tes.uti.TestSeparator] (main) ############################################################################
Test passed: testTopicRecordIdStrategydFindLatest
]]></system-out>
  </testcase>
  <testcase name="testAvroConfluentForMultipleTopics" classname="io.apicurio.tests.serdes.apicurio.AvroSerdeIT" time="13.102">
    <system-out><![CDATA[2025-08-06 18:53:21,453 INFO  [io.api.tes.uti.TestSeparator] (main) ############################################################################
2025-08-06 18:53:21,453 INFO  [io.api.tes.uti.TestSeparator] (main) io.apicurio.tests.serdes.apicurio.AvroSerdeIT.testAvroConfluentForMultipleTopics-STARTED
2025-08-06 18:53:21,454 INFO  [io.api.tes.ser.api.AvroSerdeIT] (main) Registering Avro Schema: {"type":"record","name":"myrecordconfluent","fields":[{"name":"key11754506401454","type":"string"}]}
**** Registry Base URL: http://registry-app-pg17.apps.ci419.apicurio-testing.org:80
2025-08-06 18:53:22,628 INFO  [org.apa.kaf.cli.pro.ProducerConfig] (main) ProducerConfig values: 
	acks = -1
	auto.include.jmx.reporter = true
	batch.size = 16384
	bootstrap.servers = [PLAINTEXT://localhost:32769]
	buffer.memory = 33554432
	client.dns.lookup = use_all_dns_ips
	client.id = Producer-topic-cea254f6_c42e_43c2_b5df_32c800184f79
	compression.gzip.level = -1
	compression.lz4.level = 9
	compression.type = none
	compression.zstd.level = 3
	connections.max.idle.ms = 10000
	delivery.timeout.ms = 120000
	enable.idempotence = true
	enable.metrics.push = true
	interceptor.classes = []
	key.serializer = class org.apache.kafka.common.serialization.StringSerializer
	linger.ms = 0
	max.block.ms = 60000
	max.in.flight.requests.per.connection = 5
	max.request.size = 1048576
	metadata.max.age.ms = 300000
	metadata.max.idle.ms = 300000
	metadata.recovery.strategy = none
	metric.reporters = []
	metrics.num.samples = 2
	metrics.recording.level = INFO
	metrics.sample.window.ms = 30000
	partitioner.adaptive.partitioning.enable = true
	partitioner.availability.timeout.ms = 0
	partitioner.class = null
	partitioner.ignore.keys = false
	receive.buffer.bytes = 32768
	reconnect.backoff.max.ms = 1000
	reconnect.backoff.ms = 50
	request.timeout.ms = 5000
	retries = 2147483647
	retry.backoff.max.ms = 1000
	retry.backoff.ms = 100
	sasl.client.callback.handler.class = null
	sasl.jaas.config = null
	sasl.kerberos.kinit.cmd = /usr/bin/kinit
	sasl.kerberos.min.time.before.relogin = 60000
	sasl.kerberos.service.name = null
	sasl.kerberos.ticket.renew.jitter = 0.05
	sasl.kerberos.ticket.renew.window.factor = 0.8
	sasl.login.callback.handler.class = null
	sasl.login.class = null
	sasl.login.connect.timeout.ms = null
	sasl.login.read.timeout.ms = null
	sasl.login.refresh.buffer.seconds = 300
	sasl.login.refresh.min.period.seconds = 60
	sasl.login.refresh.window.factor = 0.8
	sasl.login.refresh.window.jitter = 0.05
	sasl.login.retry.backoff.max.ms = 10000
	sasl.login.retry.backoff.ms = 100
	sasl.mechanism = GSSAPI
	sasl.oauthbearer.clock.skew.seconds = 30
	sasl.oauthbearer.expected.audience = null
	sasl.oauthbearer.expected.issuer = null
	sasl.oauthbearer.header.urlencode = false
	sasl.oauthbearer.jwks.endpoint.refresh.ms = 3600000
	sasl.oauthbearer.jwks.endpoint.retry.backoff.max.ms = 10000
	sasl.oauthbearer.jwks.endpoint.retry.backoff.ms = 100
	sasl.oauthbearer.jwks.endpoint.url = null
	sasl.oauthbearer.scope.claim.name = scope
	sasl.oauthbearer.sub.claim.name = sub
	sasl.oauthbearer.token.endpoint.url = null
	security.protocol = PLAINTEXT
	security.providers = null
	send.buffer.bytes = 131072
	socket.connection.setup.timeout.max.ms = 30000
	socket.connection.setup.timeout.ms = 10000
	ssl.cipher.suites = null
	ssl.enabled.protocols = [TLSv1.2, TLSv1.3]
	ssl.endpoint.identification.algorithm = https
	ssl.engine.factory.class = null
	ssl.key.password = null
	ssl.keymanager.algorithm = SunX509
	ssl.keystore.certificate.chain = null
	ssl.keystore.key = null
	ssl.keystore.location = null
	ssl.keystore.password = null
	ssl.keystore.type = JKS
	ssl.protocol = TLSv1.3
	ssl.provider = null
	ssl.secure.random.implementation = null
	ssl.trustmanager.algorithm = PKIX
	ssl.truststore.certificates = null
	ssl.truststore.location = null
	ssl.truststore.password = null
	ssl.truststore.type = JKS
	transaction.timeout.ms = 60000
	transactional.id = null
	value.serializer = class io.apicurio.registry.serde.avro.AvroKafkaSerializer

2025-08-06 18:53:22,629 INFO  [org.apa.kaf.com.tel.int.KafkaMetricsCollector] (main) initializing Kafka metrics collector
2025-08-06 18:53:22,632 INFO  [org.apa.kaf.cli.pro.KafkaProducer] (main) [Producer clientId=Producer-topic-cea254f6_c42e_43c2_b5df_32c800184f79] Instantiated an idempotent producer.
2025-08-06 18:53:22,633 INFO  [org.apa.kaf.cli.pro.ProducerConfig] (main) These configurations '[apicurio.registry.url, apicurio.registry.artifact-resolver-strategy]' were supplied but are not used yet.
2025-08-06 18:53:22,633 INFO  [org.apa.kaf.com.uti.AppInfoParser] (main) Kafka version: 3.9.1
2025-08-06 18:53:22,633 INFO  [org.apa.kaf.com.uti.AppInfoParser] (main) Kafka commitId: f745dfdcee2b9851
2025-08-06 18:53:22,633 INFO  [org.apa.kaf.com.uti.AppInfoParser] (main) Kafka startTimeMs: 1754506402633
**** Registry Base URL: http://registry-app-pg17.apps.ci419.apicurio-testing.org:80
2025-08-06 18:53:22,634 INFO  [org.apa.kaf.cli.pro.ProducerConfig] (main) ProducerConfig values: 
	acks = -1
	auto.include.jmx.reporter = true
	batch.size = 16384
	bootstrap.servers = [PLAINTEXT://localhost:32769]
	buffer.memory = 33554432
	client.dns.lookup = use_all_dns_ips
	client.id = Producer-topic-da88e8b7_fbbe_42ab_8dfb_1f232fe13b13
	compression.gzip.level = -1
	compression.lz4.level = 9
	compression.type = none
	compression.zstd.level = 3
	connections.max.idle.ms = 10000
	delivery.timeout.ms = 120000
	enable.idempotence = true
	enable.metrics.push = true
	interceptor.classes = []
	key.serializer = class org.apache.kafka.common.serialization.StringSerializer
	linger.ms = 0
	max.block.ms = 60000
	max.in.flight.requests.per.connection = 5
	max.request.size = 1048576
	metadata.max.age.ms = 300000
	metadata.max.idle.ms = 300000
	metadata.recovery.strategy = none
	metric.reporters = []
	metrics.num.samples = 2
	metrics.recording.level = INFO
	metrics.sample.window.ms = 30000
	partitioner.adaptive.partitioning.enable = true
	partitioner.availability.timeout.ms = 0
	partitioner.class = null
	partitioner.ignore.keys = false
	receive.buffer.bytes = 32768
	reconnect.backoff.max.ms = 1000
	reconnect.backoff.ms = 50
	request.timeout.ms = 5000
	retries = 2147483647
	retry.backoff.max.ms = 1000
	retry.backoff.ms = 100
	sasl.client.callback.handler.class = null
	sasl.jaas.config = null
	sasl.kerberos.kinit.cmd = /usr/bin/kinit
	sasl.kerberos.min.time.before.relogin = 60000
	sasl.kerberos.service.name = null
	sasl.kerberos.ticket.renew.jitter = 0.05
	sasl.kerberos.ticket.renew.window.factor = 0.8
	sasl.login.callback.handler.class = null
	sasl.login.class = null
	sasl.login.connect.timeout.ms = null
	sasl.login.read.timeout.ms = null
	sasl.login.refresh.buffer.seconds = 300
	sasl.login.refresh.min.period.seconds = 60
	sasl.login.refresh.window.factor = 0.8
	sasl.login.refresh.window.jitter = 0.05
	sasl.login.retry.backoff.max.ms = 10000
	sasl.login.retry.backoff.ms = 100
	sasl.mechanism = GSSAPI
	sasl.oauthbearer.clock.skew.seconds = 30
	sasl.oauthbearer.expected.audience = null
	sasl.oauthbearer.expected.issuer = null
	sasl.oauthbearer.header.urlencode = false
	sasl.oauthbearer.jwks.endpoint.refresh.ms = 3600000
	sasl.oauthbearer.jwks.endpoint.retry.backoff.max.ms = 10000
	sasl.oauthbearer.jwks.endpoint.retry.backoff.ms = 100
	sasl.oauthbearer.jwks.endpoint.url = null
	sasl.oauthbearer.scope.claim.name = scope
	sasl.oauthbearer.sub.claim.name = sub
	sasl.oauthbearer.token.endpoint.url = null
	security.protocol = PLAINTEXT
	security.providers = null
	send.buffer.bytes = 131072
	socket.connection.setup.timeout.max.ms = 30000
	socket.connection.setup.timeout.ms = 10000
	ssl.cipher.suites = null
	ssl.enabled.protocols = [TLSv1.2, TLSv1.3]
	ssl.endpoint.identification.algorithm = https
	ssl.engine.factory.class = null
	ssl.key.password = null
	ssl.keymanager.algorithm = SunX509
	ssl.keystore.certificate.chain = null
	ssl.keystore.key = null
	ssl.keystore.location = null
	ssl.keystore.password = null
	ssl.keystore.type = JKS
	ssl.protocol = TLSv1.3
	ssl.provider = null
	ssl.secure.random.implementation = null
	ssl.trustmanager.algorithm = PKIX
	ssl.truststore.certificates = null
	ssl.truststore.location = null
	ssl.truststore.password = null
	ssl.truststore.type = JKS
	transaction.timeout.ms = 60000
	transactional.id = null
	value.serializer = class io.apicurio.registry.serde.avro.AvroKafkaSerializer

2025-08-06 18:53:22,634 INFO  [org.apa.kaf.com.tel.int.KafkaMetricsCollector] (main) initializing Kafka metrics collector
2025-08-06 18:53:22,640 INFO  [org.apa.kaf.cli.Metadata] (kafka-producer-network-thread | Producer-topic-cea254f6_c42e_43c2_b5df_32c800184f79) [Producer clientId=Producer-topic-cea254f6_c42e_43c2_b5df_32c800184f79] Cluster ID: igMICRUWSZmdRuxlP-JQ6A
2025-08-06 18:53:22,640 INFO  [org.apa.kaf.cli.pro.int.TransactionManager] (kafka-producer-network-thread | Producer-topic-cea254f6_c42e_43c2_b5df_32c800184f79) [Producer clientId=Producer-topic-cea254f6_c42e_43c2_b5df_32c800184f79] ProducerId set to 14 with epoch 0
2025-08-06 18:53:22,640 INFO  [org.apa.kaf.cli.pro.KafkaProducer] (main) [Producer clientId=Producer-topic-da88e8b7_fbbe_42ab_8dfb_1f232fe13b13] Instantiated an idempotent producer.
2025-08-06 18:53:22,642 INFO  [org.apa.kaf.cli.pro.ProducerConfig] (main) These configurations '[apicurio.registry.url, apicurio.registry.artifact-resolver-strategy]' were supplied but are not used yet.
2025-08-06 18:53:22,642 INFO  [org.apa.kaf.com.uti.AppInfoParser] (main) Kafka version: 3.9.1
2025-08-06 18:53:22,642 INFO  [org.apa.kaf.com.uti.AppInfoParser] (main) Kafka commitId: f745dfdcee2b9851
2025-08-06 18:53:22,642 INFO  [org.apa.kaf.com.uti.AppInfoParser] (main) Kafka startTimeMs: 1754506402642
**** Registry Base URL: http://registry-app-pg17.apps.ci419.apicurio-testing.org:80
2025-08-06 18:53:22,643 INFO  [org.apa.kaf.cli.pro.ProducerConfig] (main) ProducerConfig values: 
	acks = -1
	auto.include.jmx.reporter = true
	batch.size = 16384
	bootstrap.servers = [PLAINTEXT://localhost:32769]
	buffer.memory = 33554432
	client.dns.lookup = use_all_dns_ips
	client.id = Producer-topic-f54d0a6e_d64a_4b83_8632_a8f0c6bd2240
	compression.gzip.level = -1
	compression.lz4.level = 9
	compression.type = none
	compression.zstd.level = 3
	connections.max.idle.ms = 10000
	delivery.timeout.ms = 120000
	enable.idempotence = true
	enable.metrics.push = true
	interceptor.classes = []
	key.serializer = class org.apache.kafka.common.serialization.StringSerializer
	linger.ms = 0
	max.block.ms = 60000
	max.in.flight.requests.per.connection = 5
	max.request.size = 1048576
	metadata.max.age.ms = 300000
	metadata.max.idle.ms = 300000
	metadata.recovery.strategy = none
	metric.reporters = []
	metrics.num.samples = 2
	metrics.recording.level = INFO
	metrics.sample.window.ms = 30000
	partitioner.adaptive.partitioning.enable = true
	partitioner.availability.timeout.ms = 0
	partitioner.class = null
	partitioner.ignore.keys = false
	receive.buffer.bytes = 32768
	reconnect.backoff.max.ms = 1000
	reconnect.backoff.ms = 50
	request.timeout.ms = 5000
	retries = 2147483647
	retry.backoff.max.ms = 1000
	retry.backoff.ms = 100
	sasl.client.callback.handler.class = null
	sasl.jaas.config = null
	sasl.kerberos.kinit.cmd = /usr/bin/kinit
	sasl.kerberos.min.time.before.relogin = 60000
	sasl.kerberos.service.name = null
	sasl.kerberos.ticket.renew.jitter = 0.05
	sasl.kerberos.ticket.renew.window.factor = 0.8
	sasl.login.callback.handler.class = null
	sasl.login.class = null
	sasl.login.connect.timeout.ms = null
	sasl.login.read.timeout.ms = null
	sasl.login.refresh.buffer.seconds = 300
	sasl.login.refresh.min.period.seconds = 60
	sasl.login.refresh.window.factor = 0.8
	sasl.login.refresh.window.jitter = 0.05
	sasl.login.retry.backoff.max.ms = 10000
	sasl.login.retry.backoff.ms = 100
	sasl.mechanism = GSSAPI
	sasl.oauthbearer.clock.skew.seconds = 30
	sasl.oauthbearer.expected.audience = null
	sasl.oauthbearer.expected.issuer = null
	sasl.oauthbearer.header.urlencode = false
	sasl.oauthbearer.jwks.endpoint.refresh.ms = 3600000
	sasl.oauthbearer.jwks.endpoint.retry.backoff.max.ms = 10000
	sasl.oauthbearer.jwks.endpoint.retry.backoff.ms = 100
	sasl.oauthbearer.jwks.endpoint.url = null
	sasl.oauthbearer.scope.claim.name = scope
	sasl.oauthbearer.sub.claim.name = sub
	sasl.oauthbearer.token.endpoint.url = null
	security.protocol = PLAINTEXT
	security.providers = null
	send.buffer.bytes = 131072
	socket.connection.setup.timeout.max.ms = 30000
	socket.connection.setup.timeout.ms = 10000
	ssl.cipher.suites = null
	ssl.enabled.protocols = [TLSv1.2, TLSv1.3]
	ssl.endpoint.identification.algorithm = https
	ssl.engine.factory.class = null
	ssl.key.password = null
	ssl.keymanager.algorithm = SunX509
	ssl.keystore.certificate.chain = null
	ssl.keystore.key = null
	ssl.keystore.location = null
	ssl.keystore.password = null
	ssl.keystore.type = JKS
	ssl.protocol = TLSv1.3
	ssl.provider = null
	ssl.secure.random.implementation = null
	ssl.trustmanager.algorithm = PKIX
	ssl.truststore.certificates = null
	ssl.truststore.location = null
	ssl.truststore.password = null
	ssl.truststore.type = JKS
	transaction.timeout.ms = 60000
	transactional.id = null
	value.serializer = class io.apicurio.registry.serde.avro.AvroKafkaSerializer

2025-08-06 18:53:22,643 INFO  [org.apa.kaf.com.tel.int.KafkaMetricsCollector] (main) initializing Kafka metrics collector
2025-08-06 18:53:22,649 INFO  [org.apa.kaf.cli.Metadata] (kafka-producer-network-thread | Producer-topic-da88e8b7_fbbe_42ab_8dfb_1f232fe13b13) [Producer clientId=Producer-topic-da88e8b7_fbbe_42ab_8dfb_1f232fe13b13] Cluster ID: igMICRUWSZmdRuxlP-JQ6A
2025-08-06 18:53:22,650 INFO  [org.apa.kaf.cli.pro.int.TransactionManager] (kafka-producer-network-thread | Producer-topic-da88e8b7_fbbe_42ab_8dfb_1f232fe13b13) [Producer clientId=Producer-topic-da88e8b7_fbbe_42ab_8dfb_1f232fe13b13] ProducerId set to 15 with epoch 0
2025-08-06 18:53:22,652 INFO  [org.apa.kaf.cli.pro.KafkaProducer] (main) [Producer clientId=Producer-topic-f54d0a6e_d64a_4b83_8632_a8f0c6bd2240] Instantiated an idempotent producer.
2025-08-06 18:53:22,654 INFO  [org.apa.kaf.cli.pro.ProducerConfig] (main) These configurations '[apicurio.registry.url, apicurio.registry.artifact-resolver-strategy]' were supplied but are not used yet.
2025-08-06 18:53:22,654 INFO  [org.apa.kaf.com.uti.AppInfoParser] (main) Kafka version: 3.9.1
2025-08-06 18:53:22,654 INFO  [org.apa.kaf.com.uti.AppInfoParser] (main) Kafka commitId: f745dfdcee2b9851
2025-08-06 18:53:22,654 INFO  [org.apa.kaf.com.uti.AppInfoParser] (main) Kafka startTimeMs: 1754506402654
**** Registry Base URL: http://registry-app-pg17.apps.ci419.apicurio-testing.org:80
2025-08-06 18:53:22,654 INFO  [org.apa.kaf.cli.con.ConsumerConfig] (main) ConsumerConfig values: 
	allow.auto.create.topics = true
	auto.commit.interval.ms = 500
	auto.include.jmx.reporter = true
	auto.offset.reset = earliest
	bootstrap.servers = [PLAINTEXT://localhost:32769]
	check.crcs = true
	client.dns.lookup = use_all_dns_ips
	client.id = consumer-Consumer-topic-cea254f6_c42e_43c2_b5df_32c800184f79-11
	client.rack = 
	connections.max.idle.ms = 10000
	default.api.timeout.ms = 60000
	enable.auto.commit = true
	enable.metrics.push = true
	exclude.internal.topics = true
	fetch.max.bytes = 52428800
	fetch.max.wait.ms = 500
	fetch.min.bytes = 1
	group.id = Consumer-topic-cea254f6_c42e_43c2_b5df_32c800184f79
	group.instance.id = null
	group.protocol = classic
	group.remote.assignor = null
	heartbeat.interval.ms = 3000
	interceptor.classes = []
	internal.leave.group.on.close = true
	internal.throw.on.fetch.stable.offset.unsupported = false
	isolation.level = read_uncommitted
	key.deserializer = class org.apache.kafka.common.serialization.StringDeserializer
	max.partition.fetch.bytes = 1048576
	max.poll.interval.ms = 300000
	max.poll.records = 500
	metadata.max.age.ms = 300000
	metadata.recovery.strategy = none
	metric.reporters = []
	metrics.num.samples = 2
	metrics.recording.level = INFO
	metrics.sample.window.ms = 30000
	partition.assignment.strategy = [class org.apache.kafka.clients.consumer.RangeAssignor, class org.apache.kafka.clients.consumer.CooperativeStickyAssignor]
	receive.buffer.bytes = 65536
	reconnect.backoff.max.ms = 1000
	reconnect.backoff.ms = 50
	request.timeout.ms = 5000
	retry.backoff.max.ms = 1000
	retry.backoff.ms = 100
	sasl.client.callback.handler.class = null
	sasl.jaas.config = null
	sasl.kerberos.kinit.cmd = /usr/bin/kinit
	sasl.kerberos.min.time.before.relogin = 60000
	sasl.kerberos.service.name = null
	sasl.kerberos.ticket.renew.jitter = 0.05
	sasl.kerberos.ticket.renew.window.factor = 0.8
	sasl.login.callback.handler.class = null
	sasl.login.class = null
	sasl.login.connect.timeout.ms = null
	sasl.login.read.timeout.ms = null
	sasl.login.refresh.buffer.seconds = 300
	sasl.login.refresh.min.period.seconds = 60
	sasl.login.refresh.window.factor = 0.8
	sasl.login.refresh.window.jitter = 0.05
	sasl.login.retry.backoff.max.ms = 10000
	sasl.login.retry.backoff.ms = 100
	sasl.mechanism = GSSAPI
	sasl.oauthbearer.clock.skew.seconds = 30
	sasl.oauthbearer.expected.audience = null
	sasl.oauthbearer.expected.issuer = null
	sasl.oauthbearer.header.urlencode = false
	sasl.oauthbearer.jwks.endpoint.refresh.ms = 3600000
	sasl.oauthbearer.jwks.endpoint.retry.backoff.max.ms = 10000
	sasl.oauthbearer.jwks.endpoint.retry.backoff.ms = 100
	sasl.oauthbearer.jwks.endpoint.url = null
	sasl.oauthbearer.scope.claim.name = scope
	sasl.oauthbearer.sub.claim.name = sub
	sasl.oauthbearer.token.endpoint.url = null
	security.protocol = PLAINTEXT
	security.providers = null
	send.buffer.bytes = 131072
	session.timeout.ms = 45000
	socket.connection.setup.timeout.max.ms = 30000
	socket.connection.setup.timeout.ms = 10000
	ssl.cipher.suites = null
	ssl.enabled.protocols = [TLSv1.2, TLSv1.3]
	ssl.endpoint.identification.algorithm = https
	ssl.engine.factory.class = null
	ssl.key.password = null
	ssl.keymanager.algorithm = SunX509
	ssl.keystore.certificate.chain = null
	ssl.keystore.key = null
	ssl.keystore.location = null
	ssl.keystore.password = null
	ssl.keystore.type = JKS
	ssl.protocol = TLSv1.3
	ssl.provider = null
	ssl.secure.random.implementation = null
	ssl.trustmanager.algorithm = PKIX
	ssl.truststore.certificates = null
	ssl.truststore.location = null
	ssl.truststore.password = null
	ssl.truststore.type = JKS
	value.deserializer = class io.apicurio.registry.serde.avro.AvroKafkaDeserializer

2025-08-06 18:53:22,655 INFO  [org.apa.kaf.com.tel.int.KafkaMetricsCollector] (main) initializing Kafka metrics collector
2025-08-06 18:53:22,659 INFO  [org.apa.kaf.cli.Metadata] (kafka-producer-network-thread | Producer-topic-f54d0a6e_d64a_4b83_8632_a8f0c6bd2240) [Producer clientId=Producer-topic-f54d0a6e_d64a_4b83_8632_a8f0c6bd2240] Cluster ID: igMICRUWSZmdRuxlP-JQ6A
2025-08-06 18:53:22,659 INFO  [org.apa.kaf.cli.pro.int.TransactionManager] (kafka-producer-network-thread | Producer-topic-f54d0a6e_d64a_4b83_8632_a8f0c6bd2240) [Producer clientId=Producer-topic-f54d0a6e_d64a_4b83_8632_a8f0c6bd2240] ProducerId set to 16 with epoch 0
2025-08-06 18:53:22,662 INFO  [org.apa.kaf.cli.con.ConsumerConfig] (main) These configurations '[apicurio.registry.url]' were supplied but are not used yet.
2025-08-06 18:53:22,662 INFO  [org.apa.kaf.com.uti.AppInfoParser] (main) Kafka version: 3.9.1
2025-08-06 18:53:22,662 INFO  [org.apa.kaf.com.uti.AppInfoParser] (main) Kafka commitId: f745dfdcee2b9851
2025-08-06 18:53:22,662 INFO  [org.apa.kaf.com.uti.AppInfoParser] (main) Kafka startTimeMs: 1754506402662
**** Registry Base URL: http://registry-app-pg17.apps.ci419.apicurio-testing.org:80
2025-08-06 18:53:22,663 INFO  [org.apa.kaf.cli.con.ConsumerConfig] (main) ConsumerConfig values: 
	allow.auto.create.topics = true
	auto.commit.interval.ms = 500
	auto.include.jmx.reporter = true
	auto.offset.reset = earliest
	bootstrap.servers = [PLAINTEXT://localhost:32769]
	check.crcs = true
	client.dns.lookup = use_all_dns_ips
	client.id = consumer-Consumer-topic-da88e8b7_fbbe_42ab_8dfb_1f232fe13b13-12
	client.rack = 
	connections.max.idle.ms = 10000
	default.api.timeout.ms = 60000
	enable.auto.commit = true
	enable.metrics.push = true
	exclude.internal.topics = true
	fetch.max.bytes = 52428800
	fetch.max.wait.ms = 500
	fetch.min.bytes = 1
	group.id = Consumer-topic-da88e8b7_fbbe_42ab_8dfb_1f232fe13b13
	group.instance.id = null
	group.protocol = classic
	group.remote.assignor = null
	heartbeat.interval.ms = 3000
	interceptor.classes = []
	internal.leave.group.on.close = true
	internal.throw.on.fetch.stable.offset.unsupported = false
	isolation.level = read_uncommitted
	key.deserializer = class org.apache.kafka.common.serialization.StringDeserializer
	max.partition.fetch.bytes = 1048576
	max.poll.interval.ms = 300000
	max.poll.records = 500
	metadata.max.age.ms = 300000
	metadata.recovery.strategy = none
	metric.reporters = []
	metrics.num.samples = 2
	metrics.recording.level = INFO
	metrics.sample.window.ms = 30000
	partition.assignment.strategy = [class org.apache.kafka.clients.consumer.RangeAssignor, class org.apache.kafka.clients.consumer.CooperativeStickyAssignor]
	receive.buffer.bytes = 65536
	reconnect.backoff.max.ms = 1000
	reconnect.backoff.ms = 50
	request.timeout.ms = 5000
	retry.backoff.max.ms = 1000
	retry.backoff.ms = 100
	sasl.client.callback.handler.class = null
	sasl.jaas.config = null
	sasl.kerberos.kinit.cmd = /usr/bin/kinit
	sasl.kerberos.min.time.before.relogin = 60000
	sasl.kerberos.service.name = null
	sasl.kerberos.ticket.renew.jitter = 0.05
	sasl.kerberos.ticket.renew.window.factor = 0.8
	sasl.login.callback.handler.class = null
	sasl.login.class = null
	sasl.login.connect.timeout.ms = null
	sasl.login.read.timeout.ms = null
	sasl.login.refresh.buffer.seconds = 300
	sasl.login.refresh.min.period.seconds = 60
	sasl.login.refresh.window.factor = 0.8
	sasl.login.refresh.window.jitter = 0.05
	sasl.login.retry.backoff.max.ms = 10000
	sasl.login.retry.backoff.ms = 100
	sasl.mechanism = GSSAPI
	sasl.oauthbearer.clock.skew.seconds = 30
	sasl.oauthbearer.expected.audience = null
	sasl.oauthbearer.expected.issuer = null
	sasl.oauthbearer.header.urlencode = false
	sasl.oauthbearer.jwks.endpoint.refresh.ms = 3600000
	sasl.oauthbearer.jwks.endpoint.retry.backoff.max.ms = 10000
	sasl.oauthbearer.jwks.endpoint.retry.backoff.ms = 100
	sasl.oauthbearer.jwks.endpoint.url = null
	sasl.oauthbearer.scope.claim.name = scope
	sasl.oauthbearer.sub.claim.name = sub
	sasl.oauthbearer.token.endpoint.url = null
	security.protocol = PLAINTEXT
	security.providers = null
	send.buffer.bytes = 131072
	session.timeout.ms = 45000
	socket.connection.setup.timeout.max.ms = 30000
	socket.connection.setup.timeout.ms = 10000
	ssl.cipher.suites = null
	ssl.enabled.protocols = [TLSv1.2, TLSv1.3]
	ssl.endpoint.identification.algorithm = https
	ssl.engine.factory.class = null
	ssl.key.password = null
	ssl.keymanager.algorithm = SunX509
	ssl.keystore.certificate.chain = null
	ssl.keystore.key = null
	ssl.keystore.location = null
	ssl.keystore.password = null
	ssl.keystore.type = JKS
	ssl.protocol = TLSv1.3
	ssl.provider = null
	ssl.secure.random.implementation = null
	ssl.trustmanager.algorithm = PKIX
	ssl.truststore.certificates = null
	ssl.truststore.location = null
	ssl.truststore.password = null
	ssl.truststore.type = JKS
	value.deserializer = class io.apicurio.registry.serde.avro.AvroKafkaDeserializer

2025-08-06 18:53:22,663 INFO  [org.apa.kaf.com.tel.int.KafkaMetricsCollector] (main) initializing Kafka metrics collector
2025-08-06 18:53:22,668 INFO  [org.apa.kaf.cli.con.ConsumerConfig] (main) These configurations '[apicurio.registry.url]' were supplied but are not used yet.
2025-08-06 18:53:22,668 INFO  [org.apa.kaf.com.uti.AppInfoParser] (main) Kafka version: 3.9.1
2025-08-06 18:53:22,668 INFO  [org.apa.kaf.com.uti.AppInfoParser] (main) Kafka commitId: f745dfdcee2b9851
2025-08-06 18:53:22,668 INFO  [org.apa.kaf.com.uti.AppInfoParser] (main) Kafka startTimeMs: 1754506402668
**** Registry Base URL: http://registry-app-pg17.apps.ci419.apicurio-testing.org:80
2025-08-06 18:53:22,669 INFO  [org.apa.kaf.cli.con.ConsumerConfig] (main) ConsumerConfig values: 
	allow.auto.create.topics = true
	auto.commit.interval.ms = 500
	auto.include.jmx.reporter = true
	auto.offset.reset = earliest
	bootstrap.servers = [PLAINTEXT://localhost:32769]
	check.crcs = true
	client.dns.lookup = use_all_dns_ips
	client.id = consumer-Consumer-topic-f54d0a6e_d64a_4b83_8632_a8f0c6bd2240-13
	client.rack = 
	connections.max.idle.ms = 10000
	default.api.timeout.ms = 60000
	enable.auto.commit = true
	enable.metrics.push = true
	exclude.internal.topics = true
	fetch.max.bytes = 52428800
	fetch.max.wait.ms = 500
	fetch.min.bytes = 1
	group.id = Consumer-topic-f54d0a6e_d64a_4b83_8632_a8f0c6bd2240
	group.instance.id = null
	group.protocol = classic
	group.remote.assignor = null
	heartbeat.interval.ms = 3000
	interceptor.classes = []
	internal.leave.group.on.close = true
	internal.throw.on.fetch.stable.offset.unsupported = false
	isolation.level = read_uncommitted
	key.deserializer = class org.apache.kafka.common.serialization.StringDeserializer
	max.partition.fetch.bytes = 1048576
	max.poll.interval.ms = 300000
	max.poll.records = 500
	metadata.max.age.ms = 300000
	metadata.recovery.strategy = none
	metric.reporters = []
	metrics.num.samples = 2
	metrics.recording.level = INFO
	metrics.sample.window.ms = 30000
	partition.assignment.strategy = [class org.apache.kafka.clients.consumer.RangeAssignor, class org.apache.kafka.clients.consumer.CooperativeStickyAssignor]
	receive.buffer.bytes = 65536
	reconnect.backoff.max.ms = 1000
	reconnect.backoff.ms = 50
	request.timeout.ms = 5000
	retry.backoff.max.ms = 1000
	retry.backoff.ms = 100
	sasl.client.callback.handler.class = null
	sasl.jaas.config = null
	sasl.kerberos.kinit.cmd = /usr/bin/kinit
	sasl.kerberos.min.time.before.relogin = 60000
	sasl.kerberos.service.name = null
	sasl.kerberos.ticket.renew.jitter = 0.05
	sasl.kerberos.ticket.renew.window.factor = 0.8
	sasl.login.callback.handler.class = null
	sasl.login.class = null
	sasl.login.connect.timeout.ms = null
	sasl.login.read.timeout.ms = null
	sasl.login.refresh.buffer.seconds = 300
	sasl.login.refresh.min.period.seconds = 60
	sasl.login.refresh.window.factor = 0.8
	sasl.login.refresh.window.jitter = 0.05
	sasl.login.retry.backoff.max.ms = 10000
	sasl.login.retry.backoff.ms = 100
	sasl.mechanism = GSSAPI
	sasl.oauthbearer.clock.skew.seconds = 30
	sasl.oauthbearer.expected.audience = null
	sasl.oauthbearer.expected.issuer = null
	sasl.oauthbearer.header.urlencode = false
	sasl.oauthbearer.jwks.endpoint.refresh.ms = 3600000
	sasl.oauthbearer.jwks.endpoint.retry.backoff.max.ms = 10000
	sasl.oauthbearer.jwks.endpoint.retry.backoff.ms = 100
	sasl.oauthbearer.jwks.endpoint.url = null
	sasl.oauthbearer.scope.claim.name = scope
	sasl.oauthbearer.sub.claim.name = sub
	sasl.oauthbearer.token.endpoint.url = null
	security.protocol = PLAINTEXT
	security.providers = null
	send.buffer.bytes = 131072
	session.timeout.ms = 45000
	socket.connection.setup.timeout.max.ms = 30000
	socket.connection.setup.timeout.ms = 10000
	ssl.cipher.suites = null
	ssl.enabled.protocols = [TLSv1.2, TLSv1.3]
	ssl.endpoint.identification.algorithm = https
	ssl.engine.factory.class = null
	ssl.key.password = null
	ssl.keymanager.algorithm = SunX509
	ssl.keystore.certificate.chain = null
	ssl.keystore.key = null
	ssl.keystore.location = null
	ssl.keystore.password = null
	ssl.keystore.type = JKS
	ssl.protocol = TLSv1.3
	ssl.provider = null
	ssl.secure.random.implementation = null
	ssl.trustmanager.algorithm = PKIX
	ssl.truststore.certificates = null
	ssl.truststore.location = null
	ssl.truststore.password = null
	ssl.truststore.type = JKS
	value.deserializer = class io.apicurio.registry.serde.avro.AvroKafkaDeserializer

2025-08-06 18:53:22,669 INFO  [org.apa.kaf.com.tel.int.KafkaMetricsCollector] (main) initializing Kafka metrics collector
2025-08-06 18:53:22,674 INFO  [org.apa.kaf.cli.con.ConsumerConfig] (main) These configurations '[apicurio.registry.url]' were supplied but are not used yet.
2025-08-06 18:53:22,674 INFO  [org.apa.kaf.com.uti.AppInfoParser] (main) Kafka version: 3.9.1
2025-08-06 18:53:22,674 INFO  [org.apa.kaf.com.uti.AppInfoParser] (main) Kafka commitId: f745dfdcee2b9851
2025-08-06 18:53:22,674 INFO  [org.apa.kaf.com.uti.AppInfoParser] (main) Kafka startTimeMs: 1754506402674
2025-08-06 18:53:22,676 INFO  [io.api.tes.ser.api.KafkaSerdesTester] (Thread-682) Sending message {"key11754506401454": "value-0"} to topic topic-cea254f6_c42e_43c2_b5df_32c800184f79
2025-08-06 18:53:22,681 INFO  [DefaultSchemaResolver] (Thread-682) Retrieving schema content using string: {"type":"record","name":"myrecordconfluent","fields":[{"name":"key11754506401454","type":"string"}]}
2025-08-06 18:53:22,839 INFO  [io.api.tes.ser.api.KafkaSerdesTester] (Thread-682) Sending message {"key11754506401454": "value-1"} to topic topic-cea254f6_c42e_43c2_b5df_32c800184f79
2025-08-06 18:53:22,841 INFO  [io.api.tes.ser.api.KafkaSerdesTester] (Thread-682) Sending message {"key11754506401454": "value-2"} to topic topic-cea254f6_c42e_43c2_b5df_32c800184f79
2025-08-06 18:53:22,844 INFO  [io.api.tes.ser.api.KafkaSerdesTester] (Thread-682) Sending message {"key11754506401454": "value-3"} to topic topic-cea254f6_c42e_43c2_b5df_32c800184f79
2025-08-06 18:53:22,846 INFO  [io.api.tes.ser.api.KafkaSerdesTester] (Thread-682) Sending message {"key11754506401454": "value-4"} to topic topic-cea254f6_c42e_43c2_b5df_32c800184f79
2025-08-06 18:53:22,847 INFO  [io.api.tes.ser.api.KafkaSerdesTester] (Thread-682) Sending message {"key11754506401454": "value-5"} to topic topic-cea254f6_c42e_43c2_b5df_32c800184f79
2025-08-06 18:53:22,849 INFO  [io.api.tes.ser.api.KafkaSerdesTester] (Thread-682) Sending message {"key11754506401454": "value-6"} to topic topic-cea254f6_c42e_43c2_b5df_32c800184f79
2025-08-06 18:53:22,850 INFO  [io.api.tes.ser.api.KafkaSerdesTester] (Thread-682) Sending message {"key11754506401454": "value-7"} to topic topic-cea254f6_c42e_43c2_b5df_32c800184f79
2025-08-06 18:53:22,853 INFO  [io.api.tes.ser.api.KafkaSerdesTester] (Thread-682) Sending message {"key11754506401454": "value-8"} to topic topic-cea254f6_c42e_43c2_b5df_32c800184f79
2025-08-06 18:53:22,854 INFO  [io.api.tes.ser.api.KafkaSerdesTester] (Thread-682) Sending message {"key11754506401454": "value-9"} to topic topic-cea254f6_c42e_43c2_b5df_32c800184f79
2025-08-06 18:53:22,856 INFO  [io.api.tes.ser.api.KafkaSerdesTester] (Thread-682) Produced 10 messages
2025-08-06 18:53:22,856 INFO  [org.apa.kaf.cli.pro.KafkaProducer] (Thread-682) [Producer clientId=Producer-topic-cea254f6_c42e_43c2_b5df_32c800184f79] Closing the Kafka producer with timeoutMillis = 9223372036854775807 ms.
2025-08-06 18:53:22,858 INFO  [org.apa.kaf.com.met.Metrics] (Thread-682) Metrics scheduler closed
2025-08-06 18:53:22,859 INFO  [org.apa.kaf.com.met.Metrics] (Thread-682) Closing reporter org.apache.kafka.common.metrics.JmxReporter
2025-08-06 18:53:22,859 INFO  [org.apa.kaf.com.met.Metrics] (Thread-682) Closing reporter org.apache.kafka.common.telemetry.internals.ClientTelemetryReporter
2025-08-06 18:53:22,859 INFO  [org.apa.kaf.com.met.Metrics] (Thread-682) Metrics reporters closed
2025-08-06 18:53:22,859 INFO  [org.apa.kaf.com.uti.AppInfoParser] (Thread-682) App info kafka.producer for Producer-topic-cea254f6_c42e_43c2_b5df_32c800184f79 unregistered
2025-08-06 18:53:22,860 INFO  [io.api.tes.ser.api.KafkaSerdesTester] (Thread-683) Sending message {"key11754506401454": "value-0"} to topic topic-da88e8b7_fbbe_42ab_8dfb_1f232fe13b13
2025-08-06 18:53:22,866 INFO  [DefaultSchemaResolver] (Thread-683) Retrieving schema content using string: {"type":"record","name":"myrecordconfluent","fields":[{"name":"key11754506401454","type":"string"}]}
2025-08-06 18:53:23,026 INFO  [io.api.tes.ser.api.KafkaSerdesTester] (Thread-683) Sending message {"key11754506401454": "value-1"} to topic topic-da88e8b7_fbbe_42ab_8dfb_1f232fe13b13
2025-08-06 18:53:23,027 INFO  [io.api.tes.ser.api.KafkaSerdesTester] (Thread-683) Sending message {"key11754506401454": "value-2"} to topic topic-da88e8b7_fbbe_42ab_8dfb_1f232fe13b13
2025-08-06 18:53:23,029 INFO  [io.api.tes.ser.api.KafkaSerdesTester] (Thread-683) Sending message {"key11754506401454": "value-3"} to topic topic-da88e8b7_fbbe_42ab_8dfb_1f232fe13b13
2025-08-06 18:53:23,031 INFO  [io.api.tes.ser.api.KafkaSerdesTester] (Thread-683) Sending message {"key11754506401454": "value-4"} to topic topic-da88e8b7_fbbe_42ab_8dfb_1f232fe13b13
2025-08-06 18:53:23,032 INFO  [io.api.tes.ser.api.KafkaSerdesTester] (Thread-683) Sending message {"key11754506401454": "value-5"} to topic topic-da88e8b7_fbbe_42ab_8dfb_1f232fe13b13
2025-08-06 18:53:23,033 INFO  [io.api.tes.ser.api.KafkaSerdesTester] (Thread-683) Sending message {"key11754506401454": "value-6"} to topic topic-da88e8b7_fbbe_42ab_8dfb_1f232fe13b13
2025-08-06 18:53:23,035 INFO  [io.api.tes.ser.api.KafkaSerdesTester] (Thread-683) Sending message {"key11754506401454": "value-7"} to topic topic-da88e8b7_fbbe_42ab_8dfb_1f232fe13b13
2025-08-06 18:53:23,036 INFO  [io.api.tes.ser.api.KafkaSerdesTester] (Thread-683) Sending message {"key11754506401454": "value-8"} to topic topic-da88e8b7_fbbe_42ab_8dfb_1f232fe13b13
2025-08-06 18:53:23,038 INFO  [io.api.tes.ser.api.KafkaSerdesTester] (Thread-683) Sending message {"key11754506401454": "value-9"} to topic topic-da88e8b7_fbbe_42ab_8dfb_1f232fe13b13
2025-08-06 18:53:23,040 INFO  [io.api.tes.ser.api.KafkaSerdesTester] (Thread-683) Produced 10 messages
2025-08-06 18:53:23,040 INFO  [org.apa.kaf.cli.pro.KafkaProducer] (Thread-683) [Producer clientId=Producer-topic-da88e8b7_fbbe_42ab_8dfb_1f232fe13b13] Closing the Kafka producer with timeoutMillis = 9223372036854775807 ms.
2025-08-06 18:53:23,046 INFO  [org.apa.kaf.com.met.Metrics] (Thread-683) Metrics scheduler closed
2025-08-06 18:53:23,046 INFO  [org.apa.kaf.com.met.Metrics] (Thread-683) Closing reporter org.apache.kafka.common.metrics.JmxReporter
2025-08-06 18:53:23,046 INFO  [org.apa.kaf.com.met.Metrics] (Thread-683) Closing reporter org.apache.kafka.common.telemetry.internals.ClientTelemetryReporter
2025-08-06 18:53:23,046 INFO  [org.apa.kaf.com.met.Metrics] (Thread-683) Metrics reporters closed
2025-08-06 18:53:23,047 INFO  [org.apa.kaf.com.uti.AppInfoParser] (Thread-683) App info kafka.producer for Producer-topic-da88e8b7_fbbe_42ab_8dfb_1f232fe13b13 unregistered
2025-08-06 18:53:23,049 INFO  [io.api.tes.ser.api.KafkaSerdesTester] (Thread-684) Sending message {"key11754506401454": "value-0"} to topic topic-f54d0a6e_d64a_4b83_8632_a8f0c6bd2240
2025-08-06 18:53:23,055 INFO  [DefaultSchemaResolver] (Thread-684) Retrieving schema content using string: {"type":"record","name":"myrecordconfluent","fields":[{"name":"key11754506401454","type":"string"}]}
2025-08-06 18:53:23,218 INFO  [io.api.tes.ser.api.KafkaSerdesTester] (Thread-684) Sending message {"key11754506401454": "value-1"} to topic topic-f54d0a6e_d64a_4b83_8632_a8f0c6bd2240
2025-08-06 18:53:23,220 INFO  [io.api.tes.ser.api.KafkaSerdesTester] (Thread-684) Sending message {"key11754506401454": "value-2"} to topic topic-f54d0a6e_d64a_4b83_8632_a8f0c6bd2240
2025-08-06 18:53:23,222 INFO  [io.api.tes.ser.api.KafkaSerdesTester] (Thread-684) Sending message {"key11754506401454": "value-3"} to topic topic-f54d0a6e_d64a_4b83_8632_a8f0c6bd2240
2025-08-06 18:53:23,224 INFO  [io.api.tes.ser.api.KafkaSerdesTester] (Thread-684) Sending message {"key11754506401454": "value-4"} to topic topic-f54d0a6e_d64a_4b83_8632_a8f0c6bd2240
2025-08-06 18:53:23,226 INFO  [io.api.tes.ser.api.KafkaSerdesTester] (Thread-684) Sending message {"key11754506401454": "value-5"} to topic topic-f54d0a6e_d64a_4b83_8632_a8f0c6bd2240
2025-08-06 18:53:23,227 INFO  [io.api.tes.ser.api.KafkaSerdesTester] (Thread-684) Sending message {"key11754506401454": "value-6"} to topic topic-f54d0a6e_d64a_4b83_8632_a8f0c6bd2240
2025-08-06 18:53:23,231 INFO  [io.api.tes.ser.api.KafkaSerdesTester] (Thread-684) Sending message {"key11754506401454": "value-7"} to topic topic-f54d0a6e_d64a_4b83_8632_a8f0c6bd2240
2025-08-06 18:53:23,232 INFO  [io.api.tes.ser.api.KafkaSerdesTester] (Thread-684) Sending message {"key11754506401454": "value-8"} to topic topic-f54d0a6e_d64a_4b83_8632_a8f0c6bd2240
2025-08-06 18:53:23,233 INFO  [io.api.tes.ser.api.KafkaSerdesTester] (Thread-684) Sending message {"key11754506401454": "value-9"} to topic topic-f54d0a6e_d64a_4b83_8632_a8f0c6bd2240
2025-08-06 18:53:23,236 INFO  [io.api.tes.ser.api.KafkaSerdesTester] (Thread-684) Produced 10 messages
2025-08-06 18:53:23,237 INFO  [org.apa.kaf.cli.pro.KafkaProducer] (Thread-684) [Producer clientId=Producer-topic-f54d0a6e_d64a_4b83_8632_a8f0c6bd2240] Closing the Kafka producer with timeoutMillis = 9223372036854775807 ms.
2025-08-06 18:53:23,239 INFO  [org.apa.kaf.com.met.Metrics] (Thread-684) Metrics scheduler closed
2025-08-06 18:53:23,239 INFO  [org.apa.kaf.com.met.Metrics] (Thread-684) Closing reporter org.apache.kafka.common.metrics.JmxReporter
2025-08-06 18:53:23,239 INFO  [org.apa.kaf.com.met.Metrics] (Thread-684) Closing reporter org.apache.kafka.common.telemetry.internals.ClientTelemetryReporter
2025-08-06 18:53:23,239 INFO  [org.apa.kaf.com.met.Metrics] (Thread-684) Metrics reporters closed
2025-08-06 18:53:23,240 INFO  [org.apa.kaf.com.uti.AppInfoParser] (Thread-684) App info kafka.producer for Producer-topic-f54d0a6e_d64a_4b83_8632_a8f0c6bd2240 unregistered
2025-08-06 18:53:23,242 INFO  [org.apa.kaf.cli.con.int.ClassicKafkaConsumer] (Thread-685) [Consumer clientId=consumer-Consumer-topic-cea254f6_c42e_43c2_b5df_32c800184f79-11, groupId=Consumer-topic-cea254f6_c42e_43c2_b5df_32c800184f79] Subscribed to topic(s): topic-cea254f6_c42e_43c2_b5df_32c800184f79
2025-08-06 18:53:23,248 INFO  [org.apa.kaf.cli.Metadata] (Thread-685) [Consumer clientId=consumer-Consumer-topic-cea254f6_c42e_43c2_b5df_32c800184f79-11, groupId=Consumer-topic-cea254f6_c42e_43c2_b5df_32c800184f79] Cluster ID: igMICRUWSZmdRuxlP-JQ6A
2025-08-06 18:53:23,250 INFO  [org.apa.kaf.cli.con.int.ConsumerCoordinator] (Thread-685) [Consumer clientId=consumer-Consumer-topic-cea254f6_c42e_43c2_b5df_32c800184f79-11, groupId=Consumer-topic-cea254f6_c42e_43c2_b5df_32c800184f79] Discovered group coordinator localhost:32769 (id: 2147483647 rack: null)
2025-08-06 18:53:23,253 INFO  [org.apa.kaf.cli.con.int.ConsumerCoordinator] (Thread-685) [Consumer clientId=consumer-Consumer-topic-cea254f6_c42e_43c2_b5df_32c800184f79-11, groupId=Consumer-topic-cea254f6_c42e_43c2_b5df_32c800184f79] (Re-)joining group
2025-08-06 18:53:23,258 INFO  [org.apa.kaf.cli.con.int.ConsumerCoordinator] (Thread-685) [Consumer clientId=consumer-Consumer-topic-cea254f6_c42e_43c2_b5df_32c800184f79-11, groupId=Consumer-topic-cea254f6_c42e_43c2_b5df_32c800184f79] Request joining group due to: need to re-join with the given member-id: consumer-Consumer-topic-cea254f6_c42e_43c2_b5df_32c800184f79-11-d2f94602-7102-4c25-81af-37bf432731ef
2025-08-06 18:53:23,259 INFO  [org.apa.kaf.cli.con.int.ConsumerCoordinator] (Thread-685) [Consumer clientId=consumer-Consumer-topic-cea254f6_c42e_43c2_b5df_32c800184f79-11, groupId=Consumer-topic-cea254f6_c42e_43c2_b5df_32c800184f79] (Re-)joining group
2025-08-06 18:53:24,242 INFO  [io.api.tes.ser.api.KafkaSerdesTester] (Thread-685) None found
2025-08-06 18:53:25,242 INFO  [io.api.tes.ser.api.KafkaSerdesTester] (Thread-685) None found
2025-08-06 18:53:26,242 INFO  [io.api.tes.ser.api.KafkaSerdesTester] (Thread-685) None found
2025-08-06 18:53:26,261 INFO  [org.apa.kaf.cli.con.int.ConsumerCoordinator] (Thread-685) [Consumer clientId=consumer-Consumer-topic-cea254f6_c42e_43c2_b5df_32c800184f79-11, groupId=Consumer-topic-cea254f6_c42e_43c2_b5df_32c800184f79] Successfully joined group with generation Generation{generationId=1, memberId='consumer-Consumer-topic-cea254f6_c42e_43c2_b5df_32c800184f79-11-d2f94602-7102-4c25-81af-37bf432731ef', protocol='range'}
2025-08-06 18:53:26,261 INFO  [org.apa.kaf.cli.con.int.ConsumerCoordinator] (Thread-685) [Consumer clientId=consumer-Consumer-topic-cea254f6_c42e_43c2_b5df_32c800184f79-11, groupId=Consumer-topic-cea254f6_c42e_43c2_b5df_32c800184f79] Finished assignment for group at generation 1: {consumer-Consumer-topic-cea254f6_c42e_43c2_b5df_32c800184f79-11-d2f94602-7102-4c25-81af-37bf432731ef=Assignment(partitions=[topic-cea254f6_c42e_43c2_b5df_32c800184f79-0])}
2025-08-06 18:53:26,268 INFO  [org.apa.kaf.cli.con.int.ConsumerCoordinator] (Thread-685) [Consumer clientId=consumer-Consumer-topic-cea254f6_c42e_43c2_b5df_32c800184f79-11, groupId=Consumer-topic-cea254f6_c42e_43c2_b5df_32c800184f79] Successfully synced group in generation Generation{generationId=1, memberId='consumer-Consumer-topic-cea254f6_c42e_43c2_b5df_32c800184f79-11-d2f94602-7102-4c25-81af-37bf432731ef', protocol='range'}
2025-08-06 18:53:26,268 INFO  [org.apa.kaf.cli.con.int.ConsumerCoordinator] (Thread-685) [Consumer clientId=consumer-Consumer-topic-cea254f6_c42e_43c2_b5df_32c800184f79-11, groupId=Consumer-topic-cea254f6_c42e_43c2_b5df_32c800184f79] Notifying assignor about the new Assignment(partitions=[topic-cea254f6_c42e_43c2_b5df_32c800184f79-0])
2025-08-06 18:53:26,268 INFO  [org.apa.kaf.cli.con.int.ConsumerRebalanceListenerInvoker] (Thread-685) [Consumer clientId=consumer-Consumer-topic-cea254f6_c42e_43c2_b5df_32c800184f79-11, groupId=Consumer-topic-cea254f6_c42e_43c2_b5df_32c800184f79] Adding newly assigned partitions: topic-cea254f6_c42e_43c2_b5df_32c800184f79-0
2025-08-06 18:53:26,269 INFO  [org.apa.kaf.cli.con.int.ConsumerCoordinator] (Thread-685) [Consumer clientId=consumer-Consumer-topic-cea254f6_c42e_43c2_b5df_32c800184f79-11, groupId=Consumer-topic-cea254f6_c42e_43c2_b5df_32c800184f79] Found no committed offset for partition topic-cea254f6_c42e_43c2_b5df_32c800184f79-0
2025-08-06 18:53:26,273 INFO  [org.apa.kaf.cli.con.int.SubscriptionState] (Thread-685) [Consumer clientId=consumer-Consumer-topic-cea254f6_c42e_43c2_b5df_32c800184f79-11, groupId=Consumer-topic-cea254f6_c42e_43c2_b5df_32c800184f79] Resetting offset for partition topic-cea254f6_c42e_43c2_b5df_32c800184f79-0 to position FetchPosition{offset=0, offsetEpoch=Optional.empty, currentLeader=LeaderAndEpoch{leader=Optional[localhost:32769 (id: 0 rack: null)], epoch=0}}.
2025-08-06 18:53:26,514 INFO  [io.api.tes.ser.api.KafkaSerdesTester] (Thread-685) topic-cea254f6_c42e_43c2_b5df_32c800184f79 0 0 {"key11754506401454": "value-0"}
2025-08-06 18:53:26,514 INFO  [io.api.tes.ser.api.KafkaSerdesTester] (Thread-685) topic-cea254f6_c42e_43c2_b5df_32c800184f79 0 1 {"key11754506401454": "value-1"}
2025-08-06 18:53:26,514 INFO  [io.api.tes.ser.api.KafkaSerdesTester] (Thread-685) topic-cea254f6_c42e_43c2_b5df_32c800184f79 0 2 {"key11754506401454": "value-2"}
2025-08-06 18:53:26,514 INFO  [io.api.tes.ser.api.KafkaSerdesTester] (Thread-685) topic-cea254f6_c42e_43c2_b5df_32c800184f79 0 3 {"key11754506401454": "value-3"}
2025-08-06 18:53:26,514 INFO  [io.api.tes.ser.api.KafkaSerdesTester] (Thread-685) topic-cea254f6_c42e_43c2_b5df_32c800184f79 0 4 {"key11754506401454": "value-4"}
2025-08-06 18:53:26,514 INFO  [io.api.tes.ser.api.KafkaSerdesTester] (Thread-685) topic-cea254f6_c42e_43c2_b5df_32c800184f79 0 5 {"key11754506401454": "value-5"}
2025-08-06 18:53:26,514 INFO  [io.api.tes.ser.api.KafkaSerdesTester] (Thread-685) topic-cea254f6_c42e_43c2_b5df_32c800184f79 0 6 {"key11754506401454": "value-6"}
2025-08-06 18:53:26,514 INFO  [io.api.tes.ser.api.KafkaSerdesTester] (Thread-685) topic-cea254f6_c42e_43c2_b5df_32c800184f79 0 7 {"key11754506401454": "value-7"}
2025-08-06 18:53:26,514 INFO  [io.api.tes.ser.api.KafkaSerdesTester] (Thread-685) topic-cea254f6_c42e_43c2_b5df_32c800184f79 0 8 {"key11754506401454": "value-8"}
2025-08-06 18:53:26,514 INFO  [io.api.tes.ser.api.KafkaSerdesTester] (Thread-685) topic-cea254f6_c42e_43c2_b5df_32c800184f79 0 9 {"key11754506401454": "value-9"}
2025-08-06 18:53:26,514 INFO  [io.api.tes.ser.api.KafkaSerdesTester] (Thread-685) Consumed 10 messages
2025-08-06 18:53:26,522 INFO  [org.apa.kaf.cli.con.int.ConsumerRebalanceListenerInvoker] (Thread-685) [Consumer clientId=consumer-Consumer-topic-cea254f6_c42e_43c2_b5df_32c800184f79-11, groupId=Consumer-topic-cea254f6_c42e_43c2_b5df_32c800184f79] Revoke previously assigned partitions topic-cea254f6_c42e_43c2_b5df_32c800184f79-0
2025-08-06 18:53:26,522 INFO  [org.apa.kaf.cli.con.int.ConsumerCoordinator] (Thread-685) [Consumer clientId=consumer-Consumer-topic-cea254f6_c42e_43c2_b5df_32c800184f79-11, groupId=Consumer-topic-cea254f6_c42e_43c2_b5df_32c800184f79] Member consumer-Consumer-topic-cea254f6_c42e_43c2_b5df_32c800184f79-11-d2f94602-7102-4c25-81af-37bf432731ef sending LeaveGroup request to coordinator localhost:32769 (id: 2147483647 rack: null) due to the consumer is being closed
2025-08-06 18:53:26,522 INFO  [org.apa.kaf.cli.con.int.ConsumerCoordinator] (Thread-685) [Consumer clientId=consumer-Consumer-topic-cea254f6_c42e_43c2_b5df_32c800184f79-11, groupId=Consumer-topic-cea254f6_c42e_43c2_b5df_32c800184f79] Resetting generation and member id due to: consumer pro-actively leaving the group
2025-08-06 18:53:26,522 INFO  [org.apa.kaf.cli.con.int.ConsumerCoordinator] (Thread-685) [Consumer clientId=consumer-Consumer-topic-cea254f6_c42e_43c2_b5df_32c800184f79-11, groupId=Consumer-topic-cea254f6_c42e_43c2_b5df_32c800184f79] Request joining group due to: consumer pro-actively leaving the group
2025-08-06 18:53:27,017 INFO  [org.apa.kaf.com.met.Metrics] (Thread-685) Metrics scheduler closed
2025-08-06 18:53:27,017 INFO  [org.apa.kaf.com.met.Metrics] (Thread-685) Closing reporter org.apache.kafka.common.metrics.JmxReporter
2025-08-06 18:53:27,017 INFO  [org.apa.kaf.com.met.Metrics] (Thread-685) Closing reporter org.apache.kafka.common.telemetry.internals.ClientTelemetryReporter
2025-08-06 18:53:27,017 INFO  [org.apa.kaf.com.met.Metrics] (Thread-685) Metrics reporters closed
2025-08-06 18:53:27,019 INFO  [org.apa.kaf.com.uti.AppInfoParser] (Thread-685) App info kafka.consumer for consumer-Consumer-topic-cea254f6_c42e_43c2_b5df_32c800184f79-11 unregistered
2025-08-06 18:53:27,020 INFO  [org.apa.kaf.cli.con.int.ClassicKafkaConsumer] (Thread-686) [Consumer clientId=consumer-Consumer-topic-da88e8b7_fbbe_42ab_8dfb_1f232fe13b13-12, groupId=Consumer-topic-da88e8b7_fbbe_42ab_8dfb_1f232fe13b13] Subscribed to topic(s): topic-da88e8b7_fbbe_42ab_8dfb_1f232fe13b13
2025-08-06 18:53:27,025 INFO  [org.apa.kaf.cli.Metadata] (Thread-686) [Consumer clientId=consumer-Consumer-topic-da88e8b7_fbbe_42ab_8dfb_1f232fe13b13-12, groupId=Consumer-topic-da88e8b7_fbbe_42ab_8dfb_1f232fe13b13] Cluster ID: igMICRUWSZmdRuxlP-JQ6A
2025-08-06 18:53:27,026 INFO  [org.apa.kaf.cli.con.int.ConsumerCoordinator] (Thread-686) [Consumer clientId=consumer-Consumer-topic-da88e8b7_fbbe_42ab_8dfb_1f232fe13b13-12, groupId=Consumer-topic-da88e8b7_fbbe_42ab_8dfb_1f232fe13b13] Discovered group coordinator localhost:32769 (id: 2147483647 rack: null)
2025-08-06 18:53:27,027 INFO  [org.apa.kaf.cli.con.int.ConsumerCoordinator] (Thread-686) [Consumer clientId=consumer-Consumer-topic-da88e8b7_fbbe_42ab_8dfb_1f232fe13b13-12, groupId=Consumer-topic-da88e8b7_fbbe_42ab_8dfb_1f232fe13b13] (Re-)joining group
2025-08-06 18:53:27,032 INFO  [org.apa.kaf.cli.con.int.ConsumerCoordinator] (Thread-686) [Consumer clientId=consumer-Consumer-topic-da88e8b7_fbbe_42ab_8dfb_1f232fe13b13-12, groupId=Consumer-topic-da88e8b7_fbbe_42ab_8dfb_1f232fe13b13] Request joining group due to: need to re-join with the given member-id: consumer-Consumer-topic-da88e8b7_fbbe_42ab_8dfb_1f232fe13b13-12-33451a5b-b384-4f04-9121-be550e7e9305
2025-08-06 18:53:27,032 INFO  [org.apa.kaf.cli.con.int.ConsumerCoordinator] (Thread-686) [Consumer clientId=consumer-Consumer-topic-da88e8b7_fbbe_42ab_8dfb_1f232fe13b13-12, groupId=Consumer-topic-da88e8b7_fbbe_42ab_8dfb_1f232fe13b13] (Re-)joining group
2025-08-06 18:53:28,020 INFO  [io.api.tes.ser.api.KafkaSerdesTester] (Thread-686) None found
2025-08-06 18:53:29,021 INFO  [io.api.tes.ser.api.KafkaSerdesTester] (Thread-686) None found
2025-08-06 18:53:30,021 INFO  [io.api.tes.ser.api.KafkaSerdesTester] (Thread-686) None found
2025-08-06 18:53:30,035 INFO  [org.apa.kaf.cli.con.int.ConsumerCoordinator] (Thread-686) [Consumer clientId=consumer-Consumer-topic-da88e8b7_fbbe_42ab_8dfb_1f232fe13b13-12, groupId=Consumer-topic-da88e8b7_fbbe_42ab_8dfb_1f232fe13b13] Successfully joined group with generation Generation{generationId=1, memberId='consumer-Consumer-topic-da88e8b7_fbbe_42ab_8dfb_1f232fe13b13-12-33451a5b-b384-4f04-9121-be550e7e9305', protocol='range'}
2025-08-06 18:53:30,035 INFO  [org.apa.kaf.cli.con.int.ConsumerCoordinator] (Thread-686) [Consumer clientId=consumer-Consumer-topic-da88e8b7_fbbe_42ab_8dfb_1f232fe13b13-12, groupId=Consumer-topic-da88e8b7_fbbe_42ab_8dfb_1f232fe13b13] Finished assignment for group at generation 1: {consumer-Consumer-topic-da88e8b7_fbbe_42ab_8dfb_1f232fe13b13-12-33451a5b-b384-4f04-9121-be550e7e9305=Assignment(partitions=[topic-da88e8b7_fbbe_42ab_8dfb_1f232fe13b13-0])}
2025-08-06 18:53:30,042 INFO  [org.apa.kaf.cli.con.int.ConsumerCoordinator] (Thread-686) [Consumer clientId=consumer-Consumer-topic-da88e8b7_fbbe_42ab_8dfb_1f232fe13b13-12, groupId=Consumer-topic-da88e8b7_fbbe_42ab_8dfb_1f232fe13b13] Successfully synced group in generation Generation{generationId=1, memberId='consumer-Consumer-topic-da88e8b7_fbbe_42ab_8dfb_1f232fe13b13-12-33451a5b-b384-4f04-9121-be550e7e9305', protocol='range'}
2025-08-06 18:53:30,042 INFO  [org.apa.kaf.cli.con.int.ConsumerCoordinator] (Thread-686) [Consumer clientId=consumer-Consumer-topic-da88e8b7_fbbe_42ab_8dfb_1f232fe13b13-12, groupId=Consumer-topic-da88e8b7_fbbe_42ab_8dfb_1f232fe13b13] Notifying assignor about the new Assignment(partitions=[topic-da88e8b7_fbbe_42ab_8dfb_1f232fe13b13-0])
2025-08-06 18:53:30,042 INFO  [org.apa.kaf.cli.con.int.ConsumerRebalanceListenerInvoker] (Thread-686) [Consumer clientId=consumer-Consumer-topic-da88e8b7_fbbe_42ab_8dfb_1f232fe13b13-12, groupId=Consumer-topic-da88e8b7_fbbe_42ab_8dfb_1f232fe13b13] Adding newly assigned partitions: topic-da88e8b7_fbbe_42ab_8dfb_1f232fe13b13-0
2025-08-06 18:53:30,043 INFO  [org.apa.kaf.cli.con.int.ConsumerCoordinator] (Thread-686) [Consumer clientId=consumer-Consumer-topic-da88e8b7_fbbe_42ab_8dfb_1f232fe13b13-12, groupId=Consumer-topic-da88e8b7_fbbe_42ab_8dfb_1f232fe13b13] Found no committed offset for partition topic-da88e8b7_fbbe_42ab_8dfb_1f232fe13b13-0
2025-08-06 18:53:30,044 INFO  [org.apa.kaf.cli.con.int.SubscriptionState] (Thread-686) [Consumer clientId=consumer-Consumer-topic-da88e8b7_fbbe_42ab_8dfb_1f232fe13b13-12, groupId=Consumer-topic-da88e8b7_fbbe_42ab_8dfb_1f232fe13b13] Resetting offset for partition topic-da88e8b7_fbbe_42ab_8dfb_1f232fe13b13-0 to position FetchPosition{offset=0, offsetEpoch=Optional.empty, currentLeader=LeaderAndEpoch{leader=Optional[localhost:32769 (id: 0 rack: null)], epoch=0}}.
2025-08-06 18:53:30,276 INFO  [io.api.tes.ser.api.KafkaSerdesTester] (Thread-686) topic-da88e8b7_fbbe_42ab_8dfb_1f232fe13b13 0 0 {"key11754506401454": "value-0"}
2025-08-06 18:53:30,276 INFO  [io.api.tes.ser.api.KafkaSerdesTester] (Thread-686) topic-da88e8b7_fbbe_42ab_8dfb_1f232fe13b13 0 1 {"key11754506401454": "value-1"}
2025-08-06 18:53:30,276 INFO  [io.api.tes.ser.api.KafkaSerdesTester] (Thread-686) topic-da88e8b7_fbbe_42ab_8dfb_1f232fe13b13 0 2 {"key11754506401454": "value-2"}
2025-08-06 18:53:30,276 INFO  [io.api.tes.ser.api.KafkaSerdesTester] (Thread-686) topic-da88e8b7_fbbe_42ab_8dfb_1f232fe13b13 0 3 {"key11754506401454": "value-3"}
2025-08-06 18:53:30,276 INFO  [io.api.tes.ser.api.KafkaSerdesTester] (Thread-686) topic-da88e8b7_fbbe_42ab_8dfb_1f232fe13b13 0 4 {"key11754506401454": "value-4"}
2025-08-06 18:53:30,276 INFO  [io.api.tes.ser.api.KafkaSerdesTester] (Thread-686) topic-da88e8b7_fbbe_42ab_8dfb_1f232fe13b13 0 5 {"key11754506401454": "value-5"}
2025-08-06 18:53:30,276 INFO  [io.api.tes.ser.api.KafkaSerdesTester] (Thread-686) topic-da88e8b7_fbbe_42ab_8dfb_1f232fe13b13 0 6 {"key11754506401454": "value-6"}
2025-08-06 18:53:30,276 INFO  [io.api.tes.ser.api.KafkaSerdesTester] (Thread-686) topic-da88e8b7_fbbe_42ab_8dfb_1f232fe13b13 0 7 {"key11754506401454": "value-7"}
2025-08-06 18:53:30,276 INFO  [io.api.tes.ser.api.KafkaSerdesTester] (Thread-686) topic-da88e8b7_fbbe_42ab_8dfb_1f232fe13b13 0 8 {"key11754506401454": "value-8"}
2025-08-06 18:53:30,276 INFO  [io.api.tes.ser.api.KafkaSerdesTester] (Thread-686) topic-da88e8b7_fbbe_42ab_8dfb_1f232fe13b13 0 9 {"key11754506401454": "value-9"}
2025-08-06 18:53:30,277 INFO  [io.api.tes.ser.api.KafkaSerdesTester] (Thread-686) Consumed 10 messages
2025-08-06 18:53:30,284 INFO  [org.apa.kaf.cli.con.int.ConsumerRebalanceListenerInvoker] (Thread-686) [Consumer clientId=consumer-Consumer-topic-da88e8b7_fbbe_42ab_8dfb_1f232fe13b13-12, groupId=Consumer-topic-da88e8b7_fbbe_42ab_8dfb_1f232fe13b13] Revoke previously assigned partitions topic-da88e8b7_fbbe_42ab_8dfb_1f232fe13b13-0
2025-08-06 18:53:30,284 INFO  [org.apa.kaf.cli.con.int.ConsumerCoordinator] (Thread-686) [Consumer clientId=consumer-Consumer-topic-da88e8b7_fbbe_42ab_8dfb_1f232fe13b13-12, groupId=Consumer-topic-da88e8b7_fbbe_42ab_8dfb_1f232fe13b13] Member consumer-Consumer-topic-da88e8b7_fbbe_42ab_8dfb_1f232fe13b13-12-33451a5b-b384-4f04-9121-be550e7e9305 sending LeaveGroup request to coordinator localhost:32769 (id: 2147483647 rack: null) due to the consumer is being closed
2025-08-06 18:53:30,284 INFO  [org.apa.kaf.cli.con.int.ConsumerCoordinator] (Thread-686) [Consumer clientId=consumer-Consumer-topic-da88e8b7_fbbe_42ab_8dfb_1f232fe13b13-12, groupId=Consumer-topic-da88e8b7_fbbe_42ab_8dfb_1f232fe13b13] Resetting generation and member id due to: consumer pro-actively leaving the group
2025-08-06 18:53:30,285 INFO  [org.apa.kaf.cli.con.int.ConsumerCoordinator] (Thread-686) [Consumer clientId=consumer-Consumer-topic-da88e8b7_fbbe_42ab_8dfb_1f232fe13b13-12, groupId=Consumer-topic-da88e8b7_fbbe_42ab_8dfb_1f232fe13b13] Request joining group due to: consumer pro-actively leaving the group
2025-08-06 18:53:30,779 INFO  [org.apa.kaf.com.met.Metrics] (Thread-686) Metrics scheduler closed
2025-08-06 18:53:30,779 INFO  [org.apa.kaf.com.met.Metrics] (Thread-686) Closing reporter org.apache.kafka.common.metrics.JmxReporter
2025-08-06 18:53:30,779 INFO  [org.apa.kaf.com.met.Metrics] (Thread-686) Closing reporter org.apache.kafka.common.telemetry.internals.ClientTelemetryReporter
2025-08-06 18:53:30,779 INFO  [org.apa.kaf.com.met.Metrics] (Thread-686) Metrics reporters closed
2025-08-06 18:53:30,781 INFO  [org.apa.kaf.com.uti.AppInfoParser] (Thread-686) App info kafka.consumer for consumer-Consumer-topic-da88e8b7_fbbe_42ab_8dfb_1f232fe13b13-12 unregistered
2025-08-06 18:53:30,782 INFO  [org.apa.kaf.cli.con.int.ClassicKafkaConsumer] (Thread-687) [Consumer clientId=consumer-Consumer-topic-f54d0a6e_d64a_4b83_8632_a8f0c6bd2240-13, groupId=Consumer-topic-f54d0a6e_d64a_4b83_8632_a8f0c6bd2240] Subscribed to topic(s): topic-f54d0a6e_d64a_4b83_8632_a8f0c6bd2240
2025-08-06 18:53:30,788 INFO  [org.apa.kaf.cli.Metadata] (Thread-687) [Consumer clientId=consumer-Consumer-topic-f54d0a6e_d64a_4b83_8632_a8f0c6bd2240-13, groupId=Consumer-topic-f54d0a6e_d64a_4b83_8632_a8f0c6bd2240] Cluster ID: igMICRUWSZmdRuxlP-JQ6A
2025-08-06 18:53:30,789 INFO  [org.apa.kaf.cli.con.int.ConsumerCoordinator] (Thread-687) [Consumer clientId=consumer-Consumer-topic-f54d0a6e_d64a_4b83_8632_a8f0c6bd2240-13, groupId=Consumer-topic-f54d0a6e_d64a_4b83_8632_a8f0c6bd2240] Discovered group coordinator localhost:32769 (id: 2147483647 rack: null)
2025-08-06 18:53:30,794 INFO  [org.apa.kaf.cli.con.int.ConsumerCoordinator] (Thread-687) [Consumer clientId=consumer-Consumer-topic-f54d0a6e_d64a_4b83_8632_a8f0c6bd2240-13, groupId=Consumer-topic-f54d0a6e_d64a_4b83_8632_a8f0c6bd2240] (Re-)joining group
2025-08-06 18:53:30,797 INFO  [org.apa.kaf.cli.con.int.ConsumerCoordinator] (Thread-687) [Consumer clientId=consumer-Consumer-topic-f54d0a6e_d64a_4b83_8632_a8f0c6bd2240-13, groupId=Consumer-topic-f54d0a6e_d64a_4b83_8632_a8f0c6bd2240] Request joining group due to: need to re-join with the given member-id: consumer-Consumer-topic-f54d0a6e_d64a_4b83_8632_a8f0c6bd2240-13-41414dcb-914a-4519-8966-28ff9621f4fd
2025-08-06 18:53:30,797 INFO  [org.apa.kaf.cli.con.int.ConsumerCoordinator] (Thread-687) [Consumer clientId=consumer-Consumer-topic-f54d0a6e_d64a_4b83_8632_a8f0c6bd2240-13, groupId=Consumer-topic-f54d0a6e_d64a_4b83_8632_a8f0c6bd2240] (Re-)joining group
2025-08-06 18:53:31,783 INFO  [io.api.tes.ser.api.KafkaSerdesTester] (Thread-687) None found
2025-08-06 18:53:32,783 INFO  [io.api.tes.ser.api.KafkaSerdesTester] (Thread-687) None found
2025-08-06 18:53:33,784 INFO  [io.api.tes.ser.api.KafkaSerdesTester] (Thread-687) None found
2025-08-06 18:53:33,800 INFO  [org.apa.kaf.cli.con.int.ConsumerCoordinator] (Thread-687) [Consumer clientId=consumer-Consumer-topic-f54d0a6e_d64a_4b83_8632_a8f0c6bd2240-13, groupId=Consumer-topic-f54d0a6e_d64a_4b83_8632_a8f0c6bd2240] Successfully joined group with generation Generation{generationId=1, memberId='consumer-Consumer-topic-f54d0a6e_d64a_4b83_8632_a8f0c6bd2240-13-41414dcb-914a-4519-8966-28ff9621f4fd', protocol='range'}
2025-08-06 18:53:33,801 INFO  [org.apa.kaf.cli.con.int.ConsumerCoordinator] (Thread-687) [Consumer clientId=consumer-Consumer-topic-f54d0a6e_d64a_4b83_8632_a8f0c6bd2240-13, groupId=Consumer-topic-f54d0a6e_d64a_4b83_8632_a8f0c6bd2240] Finished assignment for group at generation 1: {consumer-Consumer-topic-f54d0a6e_d64a_4b83_8632_a8f0c6bd2240-13-41414dcb-914a-4519-8966-28ff9621f4fd=Assignment(partitions=[topic-f54d0a6e_d64a_4b83_8632_a8f0c6bd2240-0])}
2025-08-06 18:53:33,807 INFO  [org.apa.kaf.cli.con.int.ConsumerCoordinator] (Thread-687) [Consumer clientId=consumer-Consumer-topic-f54d0a6e_d64a_4b83_8632_a8f0c6bd2240-13, groupId=Consumer-topic-f54d0a6e_d64a_4b83_8632_a8f0c6bd2240] Successfully synced group in generation Generation{generationId=1, memberId='consumer-Consumer-topic-f54d0a6e_d64a_4b83_8632_a8f0c6bd2240-13-41414dcb-914a-4519-8966-28ff9621f4fd', protocol='range'}
2025-08-06 18:53:33,808 INFO  [org.apa.kaf.cli.con.int.ConsumerCoordinator] (Thread-687) [Consumer clientId=consumer-Consumer-topic-f54d0a6e_d64a_4b83_8632_a8f0c6bd2240-13, groupId=Consumer-topic-f54d0a6e_d64a_4b83_8632_a8f0c6bd2240] Notifying assignor about the new Assignment(partitions=[topic-f54d0a6e_d64a_4b83_8632_a8f0c6bd2240-0])
2025-08-06 18:53:33,808 INFO  [org.apa.kaf.cli.con.int.ConsumerRebalanceListenerInvoker] (Thread-687) [Consumer clientId=consumer-Consumer-topic-f54d0a6e_d64a_4b83_8632_a8f0c6bd2240-13, groupId=Consumer-topic-f54d0a6e_d64a_4b83_8632_a8f0c6bd2240] Adding newly assigned partitions: topic-f54d0a6e_d64a_4b83_8632_a8f0c6bd2240-0
2025-08-06 18:53:33,809 INFO  [org.apa.kaf.cli.con.int.ConsumerCoordinator] (Thread-687) [Consumer clientId=consumer-Consumer-topic-f54d0a6e_d64a_4b83_8632_a8f0c6bd2240-13, groupId=Consumer-topic-f54d0a6e_d64a_4b83_8632_a8f0c6bd2240] Found no committed offset for partition topic-f54d0a6e_d64a_4b83_8632_a8f0c6bd2240-0
2025-08-06 18:53:33,812 INFO  [org.apa.kaf.cli.con.int.SubscriptionState] (Thread-687) [Consumer clientId=consumer-Consumer-topic-f54d0a6e_d64a_4b83_8632_a8f0c6bd2240-13, groupId=Consumer-topic-f54d0a6e_d64a_4b83_8632_a8f0c6bd2240] Resetting offset for partition topic-f54d0a6e_d64a_4b83_8632_a8f0c6bd2240-0 to position FetchPosition{offset=0, offsetEpoch=Optional.empty, currentLeader=LeaderAndEpoch{leader=Optional[localhost:32769 (id: 0 rack: null)], epoch=0}}.
2025-08-06 18:53:34,048 INFO  [io.api.tes.ser.api.KafkaSerdesTester] (Thread-687) topic-f54d0a6e_d64a_4b83_8632_a8f0c6bd2240 0 0 {"key11754506401454": "value-0"}
2025-08-06 18:53:34,048 INFO  [io.api.tes.ser.api.KafkaSerdesTester] (Thread-687) topic-f54d0a6e_d64a_4b83_8632_a8f0c6bd2240 0 1 {"key11754506401454": "value-1"}
2025-08-06 18:53:34,048 INFO  [io.api.tes.ser.api.KafkaSerdesTester] (Thread-687) topic-f54d0a6e_d64a_4b83_8632_a8f0c6bd2240 0 2 {"key11754506401454": "value-2"}
2025-08-06 18:53:34,048 INFO  [io.api.tes.ser.api.KafkaSerdesTester] (Thread-687) topic-f54d0a6e_d64a_4b83_8632_a8f0c6bd2240 0 3 {"key11754506401454": "value-3"}
2025-08-06 18:53:34,048 INFO  [io.api.tes.ser.api.KafkaSerdesTester] (Thread-687) topic-f54d0a6e_d64a_4b83_8632_a8f0c6bd2240 0 4 {"key11754506401454": "value-4"}
2025-08-06 18:53:34,049 INFO  [io.api.tes.ser.api.KafkaSerdesTester] (Thread-687) topic-f54d0a6e_d64a_4b83_8632_a8f0c6bd2240 0 5 {"key11754506401454": "value-5"}
2025-08-06 18:53:34,049 INFO  [io.api.tes.ser.api.KafkaSerdesTester] (Thread-687) topic-f54d0a6e_d64a_4b83_8632_a8f0c6bd2240 0 6 {"key11754506401454": "value-6"}
2025-08-06 18:53:34,049 INFO  [io.api.tes.ser.api.KafkaSerdesTester] (Thread-687) topic-f54d0a6e_d64a_4b83_8632_a8f0c6bd2240 0 7 {"key11754506401454": "value-7"}
2025-08-06 18:53:34,049 INFO  [io.api.tes.ser.api.KafkaSerdesTester] (Thread-687) topic-f54d0a6e_d64a_4b83_8632_a8f0c6bd2240 0 8 {"key11754506401454": "value-8"}
2025-08-06 18:53:34,049 INFO  [io.api.tes.ser.api.KafkaSerdesTester] (Thread-687) topic-f54d0a6e_d64a_4b83_8632_a8f0c6bd2240 0 9 {"key11754506401454": "value-9"}
2025-08-06 18:53:34,049 INFO  [io.api.tes.ser.api.KafkaSerdesTester] (Thread-687) Consumed 10 messages
2025-08-06 18:53:34,059 INFO  [org.apa.kaf.cli.con.int.ConsumerRebalanceListenerInvoker] (Thread-687) [Consumer clientId=consumer-Consumer-topic-f54d0a6e_d64a_4b83_8632_a8f0c6bd2240-13, groupId=Consumer-topic-f54d0a6e_d64a_4b83_8632_a8f0c6bd2240] Revoke previously assigned partitions topic-f54d0a6e_d64a_4b83_8632_a8f0c6bd2240-0
2025-08-06 18:53:34,059 INFO  [org.apa.kaf.cli.con.int.ConsumerCoordinator] (Thread-687) [Consumer clientId=consumer-Consumer-topic-f54d0a6e_d64a_4b83_8632_a8f0c6bd2240-13, groupId=Consumer-topic-f54d0a6e_d64a_4b83_8632_a8f0c6bd2240] Member consumer-Consumer-topic-f54d0a6e_d64a_4b83_8632_a8f0c6bd2240-13-41414dcb-914a-4519-8966-28ff9621f4fd sending LeaveGroup request to coordinator localhost:32769 (id: 2147483647 rack: null) due to the consumer is being closed
2025-08-06 18:53:34,059 INFO  [org.apa.kaf.cli.con.int.ConsumerCoordinator] (Thread-687) [Consumer clientId=consumer-Consumer-topic-f54d0a6e_d64a_4b83_8632_a8f0c6bd2240-13, groupId=Consumer-topic-f54d0a6e_d64a_4b83_8632_a8f0c6bd2240] Resetting generation and member id due to: consumer pro-actively leaving the group
2025-08-06 18:53:34,059 INFO  [org.apa.kaf.cli.con.int.ConsumerCoordinator] (Thread-687) [Consumer clientId=consumer-Consumer-topic-f54d0a6e_d64a_4b83_8632_a8f0c6bd2240-13, groupId=Consumer-topic-f54d0a6e_d64a_4b83_8632_a8f0c6bd2240] Request joining group due to: consumer pro-actively leaving the group
2025-08-06 18:53:34,552 INFO  [org.apa.kaf.com.met.Metrics] (Thread-687) Metrics scheduler closed
2025-08-06 18:53:34,552 INFO  [org.apa.kaf.com.met.Metrics] (Thread-687) Closing reporter org.apache.kafka.common.metrics.JmxReporter
2025-08-06 18:53:34,552 INFO  [org.apa.kaf.com.met.Metrics] (Thread-687) Closing reporter org.apache.kafka.common.telemetry.internals.ClientTelemetryReporter
2025-08-06 18:53:34,552 INFO  [org.apa.kaf.com.met.Metrics] (Thread-687) Metrics reporters closed
2025-08-06 18:53:34,554 INFO  [org.apa.kaf.com.uti.AppInfoParser] (Thread-687) App info kafka.consumer for consumer-Consumer-topic-f54d0a6e_d64a_4b83_8632_a8f0c6bd2240-13 unregistered
2025-08-06 18:53:34,554 INFO  [io.api.tes.uti.TestSeparator] (main) io.apicurio.tests.serdes.apicurio.AvroSerdeIT.testAvroConfluentForMultipleTopics-FINISHED
2025-08-06 18:53:34,554 INFO  [io.api.tes.uti.TestSeparator] (main) ############################################################################
Test passed: testAvroConfluentForMultipleTopics
]]></system-out>
  </testcase>
  <testcase name="testFirstRequestFailsRateLimited" classname="io.apicurio.tests.serdes.apicurio.AvroSerdeIT" time="0.972">
    <system-out><![CDATA[2025-08-06 18:53:34,556 INFO  [io.api.tes.uti.TestSeparator] (main) ############################################################################
2025-08-06 18:53:34,556 INFO  [io.api.tes.uti.TestSeparator] (main) io.apicurio.tests.serdes.apicurio.AvroSerdeIT.testFirstRequestFailsRateLimited-STARTED
2025-08-06 18:53:35,015 WARN  [org.ecl.jet.ser.AbstractConnector] (main) Acceptors should be <= availableProcessors: NetworkTrafficServerConnector@68e1f0a1{HTTP/1.1, (http/1.1, h2c)}{0.0.0.0:0} 
2025-08-06 18:53:35,120 INFO  [org.ecl.jet.ser.Server] (main) jetty-11.0.15; built: 2023-04-11T18:37:53.775Z; git: 5bc5e562c8d05c5862505aebe5cf83a61bdbcb96; jvm 17.0.16+8
2025-08-06 18:53:35,148 INFO  [org.ecl.jet.ser.han.ContextHandler] (main) Started o.e.j.s.ServletContextHandler@688fa02f{/__admin,null,AVAILABLE}
2025-08-06 18:53:35,156 INFO  [org.ecl.jet.ser.han.Con.ROOT] (main) RequestHandlerClass from context returned com.github.tomakehurst.wiremock.http.StubRequestHandler. Normalized mapped under returned 'null'
2025-08-06 18:53:35,156 INFO  [org.ecl.jet.ser.han.ContextHandler] (main) Started o.e.j.s.ServletContextHandler@47174ef0{/,null,AVAILABLE}
2025-08-06 18:53:35,168 INFO  [org.ecl.jet.ser.AbstractConnector] (main) Started NetworkTrafficServerConnector@68e1f0a1{HTTP/1.1, (http/1.1, h2c)}{0.0.0.0:42195}
2025-08-06 18:53:35,171 INFO  [org.ecl.jet.ser.Server] (main) Started Server@7eecb648{STARTING}[11.0.15,sto=1000] @102915ms
**** Registry Base URL: http://registry-app-pg17.apps.ci419.apicurio-testing.org:80
2025-08-06 18:53:35,181 INFO  [org.apa.kaf.cli.pro.ProducerConfig] (main) ProducerConfig values: 
	acks = -1
	auto.include.jmx.reporter = true
	batch.size = 16384
	bootstrap.servers = [PLAINTEXT://localhost:32769]
	buffer.memory = 33554432
	client.dns.lookup = use_all_dns_ips
	client.id = Producer-topic-c0a4545f_8953_41b0_9304_5ca520e11549
	compression.gzip.level = -1
	compression.lz4.level = 9
	compression.type = none
	compression.zstd.level = 3
	connections.max.idle.ms = 10000
	delivery.timeout.ms = 120000
	enable.idempotence = true
	enable.metrics.push = true
	interceptor.classes = []
	key.serializer = class org.apache.kafka.common.serialization.StringSerializer
	linger.ms = 0
	max.block.ms = 60000
	max.in.flight.requests.per.connection = 5
	max.request.size = 1048576
	metadata.max.age.ms = 300000
	metadata.max.idle.ms = 300000
	metadata.recovery.strategy = none
	metric.reporters = []
	metrics.num.samples = 2
	metrics.recording.level = INFO
	metrics.sample.window.ms = 30000
	partitioner.adaptive.partitioning.enable = true
	partitioner.availability.timeout.ms = 0
	partitioner.class = null
	partitioner.ignore.keys = false
	receive.buffer.bytes = 32768
	reconnect.backoff.max.ms = 1000
	reconnect.backoff.ms = 50
	request.timeout.ms = 5000
	retries = 2147483647
	retry.backoff.max.ms = 1000
	retry.backoff.ms = 100
	sasl.client.callback.handler.class = null
	sasl.jaas.config = null
	sasl.kerberos.kinit.cmd = /usr/bin/kinit
	sasl.kerberos.min.time.before.relogin = 60000
	sasl.kerberos.service.name = null
	sasl.kerberos.ticket.renew.jitter = 0.05
	sasl.kerberos.ticket.renew.window.factor = 0.8
	sasl.login.callback.handler.class = null
	sasl.login.class = null
	sasl.login.connect.timeout.ms = null
	sasl.login.read.timeout.ms = null
	sasl.login.refresh.buffer.seconds = 300
	sasl.login.refresh.min.period.seconds = 60
	sasl.login.refresh.window.factor = 0.8
	sasl.login.refresh.window.jitter = 0.05
	sasl.login.retry.backoff.max.ms = 10000
	sasl.login.retry.backoff.ms = 100
	sasl.mechanism = GSSAPI
	sasl.oauthbearer.clock.skew.seconds = 30
	sasl.oauthbearer.expected.audience = null
	sasl.oauthbearer.expected.issuer = null
	sasl.oauthbearer.header.urlencode = false
	sasl.oauthbearer.jwks.endpoint.refresh.ms = 3600000
	sasl.oauthbearer.jwks.endpoint.retry.backoff.max.ms = 10000
	sasl.oauthbearer.jwks.endpoint.retry.backoff.ms = 100
	sasl.oauthbearer.jwks.endpoint.url = null
	sasl.oauthbearer.scope.claim.name = scope
	sasl.oauthbearer.sub.claim.name = sub
	sasl.oauthbearer.token.endpoint.url = null
	security.protocol = PLAINTEXT
	security.providers = null
	send.buffer.bytes = 131072
	socket.connection.setup.timeout.max.ms = 30000
	socket.connection.setup.timeout.ms = 10000
	ssl.cipher.suites = null
	ssl.enabled.protocols = [TLSv1.2, TLSv1.3]
	ssl.endpoint.identification.algorithm = https
	ssl.engine.factory.class = null
	ssl.key.password = null
	ssl.keymanager.algorithm = SunX509
	ssl.keystore.certificate.chain = null
	ssl.keystore.key = null
	ssl.keystore.location = null
	ssl.keystore.password = null
	ssl.keystore.type = JKS
	ssl.protocol = TLSv1.3
	ssl.provider = null
	ssl.secure.random.implementation = null
	ssl.trustmanager.algorithm = PKIX
	ssl.truststore.certificates = null
	ssl.truststore.location = null
	ssl.truststore.password = null
	ssl.truststore.type = JKS
	transaction.timeout.ms = 60000
	transactional.id = null
	value.serializer = class io.apicurio.registry.serde.avro.AvroKafkaSerializer

2025-08-06 18:53:35,181 INFO  [org.apa.kaf.com.tel.int.KafkaMetricsCollector] (main) initializing Kafka metrics collector
2025-08-06 18:53:35,185 INFO  [org.apa.kaf.cli.pro.KafkaProducer] (main) [Producer clientId=Producer-topic-c0a4545f_8953_41b0_9304_5ca520e11549] Instantiated an idempotent producer.
2025-08-06 18:53:35,189 INFO  [org.apa.kaf.cli.pro.ProducerConfig] (main) These configurations '[apicurio.registry.url, apicurio.registry.artifact-resolver-strategy]' were supplied but are not used yet.
2025-08-06 18:53:35,189 INFO  [org.apa.kaf.com.uti.AppInfoParser] (main) Kafka version: 3.9.1
2025-08-06 18:53:35,189 INFO  [org.apa.kaf.com.uti.AppInfoParser] (main) Kafka commitId: f745dfdcee2b9851
2025-08-06 18:53:35,189 INFO  [org.apa.kaf.com.uti.AppInfoParser] (main) Kafka startTimeMs: 1754506415189
2025-08-06 18:53:35,191 INFO  [io.api.tes.ser.api.KafkaSerdesTester] (Thread-698) Sending message {"keyB": "value-0"} to topic topic-c0a4545f_8953_41b0_9304_5ca520e11549
2025-08-06 18:53:35,195 WARN  [org.apa.kaf.cli.NetworkClient] (kafka-producer-network-thread | Producer-topic-c0a4545f_8953_41b0_9304_5ca520e11549) [Producer clientId=Producer-topic-c0a4545f_8953_41b0_9304_5ca520e11549] The metadata response from the cluster reported a recoverable issue with correlation id 1 : {topic-c0a4545f_8953_41b0_9304_5ca520e11549=UNKNOWN_TOPIC_OR_PARTITION}
2025-08-06 18:53:35,195 INFO  [org.apa.kaf.cli.Metadata] (kafka-producer-network-thread | Producer-topic-c0a4545f_8953_41b0_9304_5ca520e11549) [Producer clientId=Producer-topic-c0a4545f_8953_41b0_9304_5ca520e11549] Cluster ID: igMICRUWSZmdRuxlP-JQ6A
2025-08-06 18:53:35,195 INFO  [org.apa.kaf.cli.pro.int.TransactionManager] (kafka-producer-network-thread | Producer-topic-c0a4545f_8953_41b0_9304_5ca520e11549) [Producer clientId=Producer-topic-c0a4545f_8953_41b0_9304_5ca520e11549] ProducerId set to 17 with epoch 0
2025-08-06 18:53:35,319 INFO  [DefaultSchemaResolver] (Thread-698) Retrieving schema content using string: {"type":"record","name":"myrecord","namespace":"mygroup","fields":[{"name":"keyB","type":"string"}]}
2025-08-06 18:53:35,511 INFO  [org.apa.kaf.cli.pro.KafkaProducer] (Thread-698) [Producer clientId=Producer-topic-c0a4545f_8953_41b0_9304_5ca520e11549] Closing the Kafka producer with timeoutMillis = 9223372036854775807 ms.
2025-08-06 18:53:35,514 INFO  [org.apa.kaf.com.met.Metrics] (Thread-698) Metrics scheduler closed
2025-08-06 18:53:35,514 INFO  [org.apa.kaf.com.met.Metrics] (Thread-698) Closing reporter org.apache.kafka.common.metrics.JmxReporter
2025-08-06 18:53:35,514 INFO  [org.apa.kaf.com.met.Metrics] (Thread-698) Closing reporter org.apache.kafka.common.telemetry.internals.ClientTelemetryReporter
2025-08-06 18:53:35,514 INFO  [org.apa.kaf.com.met.Metrics] (Thread-698) Metrics reporters closed
2025-08-06 18:53:35,515 INFO  [org.apa.kaf.com.uti.AppInfoParser] (Thread-698) App info kafka.producer for Producer-topic-c0a4545f_8953_41b0_9304_5ca520e11549 unregistered
2025-08-06 18:53:35,518 INFO  [org.ecl.jet.ser.Server] (main) Stopped Server@7eecb648{STOPPING}[11.0.15,sto=1000]
2025-08-06 18:53:35,518 INFO  [org.ecl.jet.ser.Server] (main) Shutdown Server@7eecb648{STOPPING}[11.0.15,sto=1000]
2025-08-06 18:53:35,524 INFO  [org.ecl.jet.ser.AbstractConnector] (main) Stopped NetworkTrafficServerConnector@68e1f0a1{HTTP/1.1, (http/1.1, h2c)}{0.0.0.0:0}
2025-08-06 18:53:35,525 INFO  [org.ecl.jet.ser.han.ContextHandler] (main) Stopped o.e.j.s.ServletContextHandler@47174ef0{/,null,STOPPED}
2025-08-06 18:53:35,525 INFO  [org.ecl.jet.ser.han.ContextHandler] (main) Stopped o.e.j.s.ServletContextHandler@688fa02f{/__admin,null,STOPPED}
2025-08-06 18:53:35,527 INFO  [io.api.tes.uti.TestSeparator] (main) io.apicurio.tests.serdes.apicurio.AvroSerdeIT.testFirstRequestFailsRateLimited-FINISHED
2025-08-06 18:53:35,528 INFO  [io.api.tes.uti.TestSeparator] (main) ############################################################################
Test passed: testFirstRequestFailsRateLimited
]]></system-out>
    <system-err><![CDATA[com.microsoft.kiota.ApiException: the server returned an unexpected status code and no error class is registered for this code 429
	at com.microsoft.kiota.ApiExceptionBuilder.withMessage(ApiExceptionBuilder.java:45)
	at io.kiota.http.vertx.VertXRequestAdapter.throwIfFailedResponse(VertXRequestAdapter.java:370)
	at io.kiota.http.vertx.VertXRequestAdapter.send(VertXRequestAdapter.java:170)
	at io.apicurio.registry.rest.client.search.versions.VersionsRequestBuilder.post(VersionsRequestBuilder.java:94)
	at io.apicurio.registry.resolver.client.RegistryClientFacadeImpl.searchVersionsByContent(RegistryClientFacadeImpl.java:106)
	at io.apicurio.registry.resolver.DefaultSchemaResolver.lambda$handleResolveSchemaByContent$3(DefaultSchemaResolver.java:258)
	at io.apicurio.registry.resolver.cache.ERCache.lambda$getValue$0(ERCache.java:174)
	at io.apicurio.registry.resolver.cache.ERCache.retry(ERCache.java:227)
	at io.apicurio.registry.resolver.cache.ERCache.getValue(ERCache.java:173)
	at io.apicurio.registry.resolver.cache.ERCache.getByContent(ERCache.java:147)
	at io.apicurio.registry.resolver.DefaultSchemaResolver.handleResolveSchemaByContent(DefaultSchemaResolver.java:253)
	at io.apicurio.registry.resolver.DefaultSchemaResolver.getSchemaFromRegistry(DefaultSchemaResolver.java:138)
	at io.apicurio.registry.resolver.DefaultSchemaResolver.lambda$resolveSchema$0(DefaultSchemaResolver.java:84)
	at java.base/java.util.Optional.orElseGet(Optional.java:364)
	at io.apicurio.registry.resolver.DefaultSchemaResolver.resolveSchema(DefaultSchemaResolver.java:84)
	at io.apicurio.registry.serde.AbstractSerializer.serializeData(AbstractSerializer.java:62)
	at io.apicurio.registry.serde.KafkaSerializer.serialize(KafkaSerializer.java:77)
	at org.apache.kafka.clients.producer.KafkaProducer.doSend(KafkaProducer.java:1046)
	at org.apache.kafka.clients.producer.KafkaProducer.send(KafkaProducer.java:993)
	at org.apache.kafka.clients.producer.KafkaProducer.send(KafkaProducer.java:875)
	at io.apicurio.tests.serdes.apicurio.KafkaSerdesTester.lambda$produceMessages$3(KafkaSerdesTester.java:138)
	at java.base/java.util.concurrent.CompletableFuture$AsyncSupply.run(CompletableFuture.java:1768)
	at java.base/java.lang.Thread.run(Thread.java:840)
]]></system-err>
  </testcase>
  <testcase name="testFirstEmptyFieldConfusedAsMagicByte" classname="io.apicurio.tests.serdes.apicurio.AvroSerdeIT" time="4.349">
    <system-out><![CDATA[2025-08-06 18:53:35,536 INFO  [io.api.tes.uti.TestSeparator] (main) ############################################################################
2025-08-06 18:53:35,536 INFO  [io.api.tes.uti.TestSeparator] (main) io.apicurio.tests.serdes.apicurio.AvroSerdeIT.testFirstEmptyFieldConfusedAsMagicByte-STARTED
**** Registry Base URL: http://registry-app-pg17.apps.ci419.apicurio-testing.org:80
2025-08-06 18:53:35,539 INFO  [org.apa.kaf.cli.pro.ProducerConfig] (main) ProducerConfig values: 
	acks = -1
	auto.include.jmx.reporter = true
	batch.size = 16384
	bootstrap.servers = [PLAINTEXT://localhost:32769]
	buffer.memory = 33554432
	client.dns.lookup = use_all_dns_ips
	client.id = Producer-topic-deeda6f1_da81_47c2_9387_4202af5cd934
	compression.gzip.level = -1
	compression.lz4.level = 9
	compression.type = none
	compression.zstd.level = 3
	connections.max.idle.ms = 10000
	delivery.timeout.ms = 120000
	enable.idempotence = true
	enable.metrics.push = true
	interceptor.classes = []
	key.serializer = class org.apache.kafka.common.serialization.StringSerializer
	linger.ms = 0
	max.block.ms = 60000
	max.in.flight.requests.per.connection = 5
	max.request.size = 1048576
	metadata.max.age.ms = 300000
	metadata.max.idle.ms = 300000
	metadata.recovery.strategy = none
	metric.reporters = []
	metrics.num.samples = 2
	metrics.recording.level = INFO
	metrics.sample.window.ms = 30000
	partitioner.adaptive.partitioning.enable = true
	partitioner.availability.timeout.ms = 0
	partitioner.class = null
	partitioner.ignore.keys = false
	receive.buffer.bytes = 32768
	reconnect.backoff.max.ms = 1000
	reconnect.backoff.ms = 50
	request.timeout.ms = 5000
	retries = 2147483647
	retry.backoff.max.ms = 1000
	retry.backoff.ms = 100
	sasl.client.callback.handler.class = null
	sasl.jaas.config = null
	sasl.kerberos.kinit.cmd = /usr/bin/kinit
	sasl.kerberos.min.time.before.relogin = 60000
	sasl.kerberos.service.name = null
	sasl.kerberos.ticket.renew.jitter = 0.05
	sasl.kerberos.ticket.renew.window.factor = 0.8
	sasl.login.callback.handler.class = null
	sasl.login.class = null
	sasl.login.connect.timeout.ms = null
	sasl.login.read.timeout.ms = null
	sasl.login.refresh.buffer.seconds = 300
	sasl.login.refresh.min.period.seconds = 60
	sasl.login.refresh.window.factor = 0.8
	sasl.login.refresh.window.jitter = 0.05
	sasl.login.retry.backoff.max.ms = 10000
	sasl.login.retry.backoff.ms = 100
	sasl.mechanism = GSSAPI
	sasl.oauthbearer.clock.skew.seconds = 30
	sasl.oauthbearer.expected.audience = null
	sasl.oauthbearer.expected.issuer = null
	sasl.oauthbearer.header.urlencode = false
	sasl.oauthbearer.jwks.endpoint.refresh.ms = 3600000
	sasl.oauthbearer.jwks.endpoint.retry.backoff.max.ms = 10000
	sasl.oauthbearer.jwks.endpoint.retry.backoff.ms = 100
	sasl.oauthbearer.jwks.endpoint.url = null
	sasl.oauthbearer.scope.claim.name = scope
	sasl.oauthbearer.sub.claim.name = sub
	sasl.oauthbearer.token.endpoint.url = null
	security.protocol = PLAINTEXT
	security.providers = null
	send.buffer.bytes = 131072
	socket.connection.setup.timeout.max.ms = 30000
	socket.connection.setup.timeout.ms = 10000
	ssl.cipher.suites = null
	ssl.enabled.protocols = [TLSv1.2, TLSv1.3]
	ssl.endpoint.identification.algorithm = https
	ssl.engine.factory.class = null
	ssl.key.password = null
	ssl.keymanager.algorithm = SunX509
	ssl.keystore.certificate.chain = null
	ssl.keystore.key = null
	ssl.keystore.location = null
	ssl.keystore.password = null
	ssl.keystore.type = JKS
	ssl.protocol = TLSv1.3
	ssl.provider = null
	ssl.secure.random.implementation = null
	ssl.trustmanager.algorithm = PKIX
	ssl.truststore.certificates = null
	ssl.truststore.location = null
	ssl.truststore.password = null
	ssl.truststore.type = JKS
	transaction.timeout.ms = 60000
	transactional.id = null
	value.serializer = class io.apicurio.registry.serde.avro.AvroKafkaSerializer

2025-08-06 18:53:35,539 INFO  [org.apa.kaf.com.tel.int.KafkaMetricsCollector] (main) initializing Kafka metrics collector
2025-08-06 18:53:35,545 INFO  [org.apa.kaf.cli.pro.KafkaProducer] (main) [Producer clientId=Producer-topic-deeda6f1_da81_47c2_9387_4202af5cd934] Instantiated an idempotent producer.
2025-08-06 18:53:35,547 INFO  [org.apa.kaf.cli.pro.ProducerConfig] (main) These configurations '[apicurio.registry.url, apicurio.registry.auto-register, apicurio.registry.artifact-resolver-strategy]' were supplied but are not used yet.
2025-08-06 18:53:35,547 INFO  [org.apa.kaf.com.uti.AppInfoParser] (main) Kafka version: 3.9.1
2025-08-06 18:53:35,547 INFO  [org.apa.kaf.com.uti.AppInfoParser] (main) Kafka commitId: f745dfdcee2b9851
2025-08-06 18:53:35,547 INFO  [org.apa.kaf.com.uti.AppInfoParser] (main) Kafka startTimeMs: 1754506415547
2025-08-06 18:53:35,547 INFO  [io.api.tes.ser.api.SimpleSerdesTesterBuilder$SimpleSerdesTester] (main) Using producer configuration: {apicurio.registry.url=http://registry-app-pg17.apps.ci419.apicurio-testing.org:80/apis/registry/v3, apicurio.registry.auto-register=true, apicurio.registry.artifact-resolver-strategy=io.apicurio.registry.serde.strategy.SimpleTopicIdStrategy, value.serializer=io.apicurio.registry.serde.avro.AvroKafkaSerializer, request.timeout.ms=5000, acks=all, bootstrap.servers=PLAINTEXT://localhost:32769, connections.max.idle.ms=10000, key.serializer=org.apache.kafka.common.serialization.StringSerializer, client.id=Producer-topic-deeda6f1_da81_47c2_9387_4202af5cd934}
2025-08-06 18:53:35,547 INFO  [io.api.tes.ser.api.SimpleSerdesTesterBuilder$SimpleSerdesTester] (main) Using consumer configuration: {}
2025-08-06 18:53:35,549 INFO  [io.api.tes.ser.api.KafkaSerdesTester] (Thread-701) Sending message {"username": null} to topic topic-deeda6f1_da81_47c2_9387_4202af5cd934
2025-08-06 18:53:35,551 WARN  [org.apa.kaf.cli.NetworkClient] (kafka-producer-network-thread | Producer-topic-deeda6f1_da81_47c2_9387_4202af5cd934) [Producer clientId=Producer-topic-deeda6f1_da81_47c2_9387_4202af5cd934] The metadata response from the cluster reported a recoverable issue with correlation id 1 : {topic-deeda6f1_da81_47c2_9387_4202af5cd934=UNKNOWN_TOPIC_OR_PARTITION}
2025-08-06 18:53:35,552 INFO  [org.apa.kaf.cli.Metadata] (kafka-producer-network-thread | Producer-topic-deeda6f1_da81_47c2_9387_4202af5cd934) [Producer clientId=Producer-topic-deeda6f1_da81_47c2_9387_4202af5cd934] Cluster ID: igMICRUWSZmdRuxlP-JQ6A
2025-08-06 18:53:35,552 INFO  [org.apa.kaf.cli.pro.int.TransactionManager] (kafka-producer-network-thread | Producer-topic-deeda6f1_da81_47c2_9387_4202af5cd934) [Producer clientId=Producer-topic-deeda6f1_da81_47c2_9387_4202af5cd934] ProducerId set to 18 with epoch 0
2025-08-06 18:53:35,853 INFO  [io.api.tes.ser.api.KafkaSerdesTester] (Thread-701) Sending message {"username": null} to topic topic-deeda6f1_da81_47c2_9387_4202af5cd934
2025-08-06 18:53:35,855 INFO  [io.api.tes.ser.api.KafkaSerdesTester] (Thread-701) Sending message {"username": "value-2"} to topic topic-deeda6f1_da81_47c2_9387_4202af5cd934
2025-08-06 18:53:35,856 INFO  [io.api.tes.ser.api.KafkaSerdesTester] (Thread-701) Sending message {"username": null} to topic topic-deeda6f1_da81_47c2_9387_4202af5cd934
2025-08-06 18:53:35,857 INFO  [io.api.tes.ser.api.KafkaSerdesTester] (Thread-701) Sending message {"username": "value-4"} to topic topic-deeda6f1_da81_47c2_9387_4202af5cd934
2025-08-06 18:53:35,859 INFO  [io.api.tes.ser.api.KafkaSerdesTester] (Thread-701) Sending message {"username": null} to topic topic-deeda6f1_da81_47c2_9387_4202af5cd934
2025-08-06 18:53:35,860 INFO  [io.api.tes.ser.api.KafkaSerdesTester] (Thread-701) Sending message {"username": "value-6"} to topic topic-deeda6f1_da81_47c2_9387_4202af5cd934
2025-08-06 18:53:35,861 INFO  [io.api.tes.ser.api.KafkaSerdesTester] (Thread-701) Sending message {"username": null} to topic topic-deeda6f1_da81_47c2_9387_4202af5cd934
2025-08-06 18:53:35,863 INFO  [io.api.tes.ser.api.KafkaSerdesTester] (Thread-701) Sending message {"username": "value-8"} to topic topic-deeda6f1_da81_47c2_9387_4202af5cd934
2025-08-06 18:53:35,865 INFO  [io.api.tes.ser.api.KafkaSerdesTester] (Thread-701) Sending message {"username": null} to topic topic-deeda6f1_da81_47c2_9387_4202af5cd934
2025-08-06 18:53:35,867 INFO  [io.api.tes.ser.api.KafkaSerdesTester] (Thread-701) Produced 10 messages
2025-08-06 18:53:35,867 INFO  [org.apa.kaf.cli.pro.KafkaProducer] (Thread-701) [Producer clientId=Producer-topic-deeda6f1_da81_47c2_9387_4202af5cd934] Closing the Kafka producer with timeoutMillis = 9223372036854775807 ms.
2025-08-06 18:53:35,869 INFO  [org.apa.kaf.com.met.Metrics] (Thread-701) Metrics scheduler closed
2025-08-06 18:53:35,869 INFO  [org.apa.kaf.com.met.Metrics] (Thread-701) Closing reporter org.apache.kafka.common.metrics.JmxReporter
2025-08-06 18:53:35,869 INFO  [org.apa.kaf.com.met.Metrics] (Thread-701) Closing reporter org.apache.kafka.common.telemetry.internals.ClientTelemetryReporter
2025-08-06 18:53:35,869 INFO  [org.apa.kaf.com.met.Metrics] (Thread-701) Metrics reporters closed
2025-08-06 18:53:35,869 INFO  [org.apa.kaf.com.uti.AppInfoParser] (Thread-701) App info kafka.producer for Producer-topic-deeda6f1_da81_47c2_9387_4202af5cd934 unregistered
**** Registry Base URL: http://registry-app-pg17.apps.ci419.apicurio-testing.org:80
2025-08-06 18:53:36,105 INFO  [org.apa.kaf.cli.con.ConsumerConfig] (main) ConsumerConfig values: 
	allow.auto.create.topics = true
	auto.commit.interval.ms = 500
	auto.include.jmx.reporter = true
	auto.offset.reset = earliest
	bootstrap.servers = [PLAINTEXT://localhost:32769]
	check.crcs = true
	client.dns.lookup = use_all_dns_ips
	client.id = consumer-Consumer-topic-deeda6f1_da81_47c2_9387_4202af5cd934-14
	client.rack = 
	connections.max.idle.ms = 10000
	default.api.timeout.ms = 60000
	enable.auto.commit = true
	enable.metrics.push = true
	exclude.internal.topics = true
	fetch.max.bytes = 52428800
	fetch.max.wait.ms = 500
	fetch.min.bytes = 1
	group.id = Consumer-topic-deeda6f1_da81_47c2_9387_4202af5cd934
	group.instance.id = null
	group.protocol = classic
	group.remote.assignor = null
	heartbeat.interval.ms = 3000
	interceptor.classes = []
	internal.leave.group.on.close = true
	internal.throw.on.fetch.stable.offset.unsupported = false
	isolation.level = read_uncommitted
	key.deserializer = class org.apache.kafka.common.serialization.StringDeserializer
	max.partition.fetch.bytes = 1048576
	max.poll.interval.ms = 300000
	max.poll.records = 500
	metadata.max.age.ms = 300000
	metadata.recovery.strategy = none
	metric.reporters = []
	metrics.num.samples = 2
	metrics.recording.level = INFO
	metrics.sample.window.ms = 30000
	partition.assignment.strategy = [class org.apache.kafka.clients.consumer.RangeAssignor, class org.apache.kafka.clients.consumer.CooperativeStickyAssignor]
	receive.buffer.bytes = 65536
	reconnect.backoff.max.ms = 1000
	reconnect.backoff.ms = 50
	request.timeout.ms = 5000
	retry.backoff.max.ms = 1000
	retry.backoff.ms = 100
	sasl.client.callback.handler.class = null
	sasl.jaas.config = null
	sasl.kerberos.kinit.cmd = /usr/bin/kinit
	sasl.kerberos.min.time.before.relogin = 60000
	sasl.kerberos.service.name = null
	sasl.kerberos.ticket.renew.jitter = 0.05
	sasl.kerberos.ticket.renew.window.factor = 0.8
	sasl.login.callback.handler.class = null
	sasl.login.class = null
	sasl.login.connect.timeout.ms = null
	sasl.login.read.timeout.ms = null
	sasl.login.refresh.buffer.seconds = 300
	sasl.login.refresh.min.period.seconds = 60
	sasl.login.refresh.window.factor = 0.8
	sasl.login.refresh.window.jitter = 0.05
	sasl.login.retry.backoff.max.ms = 10000
	sasl.login.retry.backoff.ms = 100
	sasl.mechanism = GSSAPI
	sasl.oauthbearer.clock.skew.seconds = 30
	sasl.oauthbearer.expected.audience = null
	sasl.oauthbearer.expected.issuer = null
	sasl.oauthbearer.header.urlencode = false
	sasl.oauthbearer.jwks.endpoint.refresh.ms = 3600000
	sasl.oauthbearer.jwks.endpoint.retry.backoff.max.ms = 10000
	sasl.oauthbearer.jwks.endpoint.retry.backoff.ms = 100
	sasl.oauthbearer.jwks.endpoint.url = null
	sasl.oauthbearer.scope.claim.name = scope
	sasl.oauthbearer.sub.claim.name = sub
	sasl.oauthbearer.token.endpoint.url = null
	security.protocol = PLAINTEXT
	security.providers = null
	send.buffer.bytes = 131072
	session.timeout.ms = 45000
	socket.connection.setup.timeout.max.ms = 30000
	socket.connection.setup.timeout.ms = 10000
	ssl.cipher.suites = null
	ssl.enabled.protocols = [TLSv1.2, TLSv1.3]
	ssl.endpoint.identification.algorithm = https
	ssl.engine.factory.class = null
	ssl.key.password = null
	ssl.keymanager.algorithm = SunX509
	ssl.keystore.certificate.chain = null
	ssl.keystore.key = null
	ssl.keystore.location = null
	ssl.keystore.password = null
	ssl.keystore.type = JKS
	ssl.protocol = TLSv1.3
	ssl.provider = null
	ssl.secure.random.implementation = null
	ssl.trustmanager.algorithm = PKIX
	ssl.truststore.certificates = null
	ssl.truststore.location = null
	ssl.truststore.password = null
	ssl.truststore.type = JKS
	value.deserializer = class io.apicurio.registry.serde.avro.AvroKafkaDeserializer

2025-08-06 18:53:36,106 INFO  [org.apa.kaf.com.tel.int.KafkaMetricsCollector] (main) initializing Kafka metrics collector
2025-08-06 18:53:36,121 INFO  [org.apa.kaf.cli.con.ConsumerConfig] (main) These configurations '[apicurio.registry.url]' were supplied but are not used yet.
2025-08-06 18:53:36,121 INFO  [org.apa.kaf.com.uti.AppInfoParser] (main) Kafka version: 3.9.1
2025-08-06 18:53:36,121 INFO  [org.apa.kaf.com.uti.AppInfoParser] (main) Kafka commitId: f745dfdcee2b9851
2025-08-06 18:53:36,121 INFO  [org.apa.kaf.com.uti.AppInfoParser] (main) Kafka startTimeMs: 1754506416121
2025-08-06 18:53:36,122 INFO  [org.apa.kaf.cli.con.int.ClassicKafkaConsumer] (Thread-704) [Consumer clientId=consumer-Consumer-topic-deeda6f1_da81_47c2_9387_4202af5cd934-14, groupId=Consumer-topic-deeda6f1_da81_47c2_9387_4202af5cd934] Subscribed to topic(s): topic-deeda6f1_da81_47c2_9387_4202af5cd934
2025-08-06 18:53:36,126 INFO  [org.apa.kaf.cli.Metadata] (Thread-704) [Consumer clientId=consumer-Consumer-topic-deeda6f1_da81_47c2_9387_4202af5cd934-14, groupId=Consumer-topic-deeda6f1_da81_47c2_9387_4202af5cd934] Cluster ID: igMICRUWSZmdRuxlP-JQ6A
2025-08-06 18:53:36,127 INFO  [org.apa.kaf.cli.con.int.ConsumerCoordinator] (Thread-704) [Consumer clientId=consumer-Consumer-topic-deeda6f1_da81_47c2_9387_4202af5cd934-14, groupId=Consumer-topic-deeda6f1_da81_47c2_9387_4202af5cd934] Discovered group coordinator localhost:32769 (id: 2147483647 rack: null)
2025-08-06 18:53:36,129 INFO  [org.apa.kaf.cli.con.int.ConsumerCoordinator] (Thread-704) [Consumer clientId=consumer-Consumer-topic-deeda6f1_da81_47c2_9387_4202af5cd934-14, groupId=Consumer-topic-deeda6f1_da81_47c2_9387_4202af5cd934] (Re-)joining group
2025-08-06 18:53:36,132 INFO  [org.apa.kaf.cli.con.int.ConsumerCoordinator] (Thread-704) [Consumer clientId=consumer-Consumer-topic-deeda6f1_da81_47c2_9387_4202af5cd934-14, groupId=Consumer-topic-deeda6f1_da81_47c2_9387_4202af5cd934] Request joining group due to: need to re-join with the given member-id: consumer-Consumer-topic-deeda6f1_da81_47c2_9387_4202af5cd934-14-d4043998-3019-433c-b39a-76be36473d89
2025-08-06 18:53:36,132 INFO  [org.apa.kaf.cli.con.int.ConsumerCoordinator] (Thread-704) [Consumer clientId=consumer-Consumer-topic-deeda6f1_da81_47c2_9387_4202af5cd934-14, groupId=Consumer-topic-deeda6f1_da81_47c2_9387_4202af5cd934] (Re-)joining group
2025-08-06 18:53:37,122 INFO  [io.api.tes.ser.api.KafkaSerdesTester] (Thread-704) None found
2025-08-06 18:53:38,123 INFO  [io.api.tes.ser.api.KafkaSerdesTester] (Thread-704) None found
2025-08-06 18:53:39,123 INFO  [io.api.tes.ser.api.KafkaSerdesTester] (Thread-704) None found
2025-08-06 18:53:39,134 INFO  [org.apa.kaf.cli.con.int.ConsumerCoordinator] (Thread-704) [Consumer clientId=consumer-Consumer-topic-deeda6f1_da81_47c2_9387_4202af5cd934-14, groupId=Consumer-topic-deeda6f1_da81_47c2_9387_4202af5cd934] Successfully joined group with generation Generation{generationId=1, memberId='consumer-Consumer-topic-deeda6f1_da81_47c2_9387_4202af5cd934-14-d4043998-3019-433c-b39a-76be36473d89', protocol='range'}
2025-08-06 18:53:39,134 INFO  [org.apa.kaf.cli.con.int.ConsumerCoordinator] (Thread-704) [Consumer clientId=consumer-Consumer-topic-deeda6f1_da81_47c2_9387_4202af5cd934-14, groupId=Consumer-topic-deeda6f1_da81_47c2_9387_4202af5cd934] Finished assignment for group at generation 1: {consumer-Consumer-topic-deeda6f1_da81_47c2_9387_4202af5cd934-14-d4043998-3019-433c-b39a-76be36473d89=Assignment(partitions=[topic-deeda6f1_da81_47c2_9387_4202af5cd934-0])}
2025-08-06 18:53:39,141 INFO  [org.apa.kaf.cli.con.int.ConsumerCoordinator] (Thread-704) [Consumer clientId=consumer-Consumer-topic-deeda6f1_da81_47c2_9387_4202af5cd934-14, groupId=Consumer-topic-deeda6f1_da81_47c2_9387_4202af5cd934] Successfully synced group in generation Generation{generationId=1, memberId='consumer-Consumer-topic-deeda6f1_da81_47c2_9387_4202af5cd934-14-d4043998-3019-433c-b39a-76be36473d89', protocol='range'}
2025-08-06 18:53:39,141 INFO  [org.apa.kaf.cli.con.int.ConsumerCoordinator] (Thread-704) [Consumer clientId=consumer-Consumer-topic-deeda6f1_da81_47c2_9387_4202af5cd934-14, groupId=Consumer-topic-deeda6f1_da81_47c2_9387_4202af5cd934] Notifying assignor about the new Assignment(partitions=[topic-deeda6f1_da81_47c2_9387_4202af5cd934-0])
2025-08-06 18:53:39,141 INFO  [org.apa.kaf.cli.con.int.ConsumerRebalanceListenerInvoker] (Thread-704) [Consumer clientId=consumer-Consumer-topic-deeda6f1_da81_47c2_9387_4202af5cd934-14, groupId=Consumer-topic-deeda6f1_da81_47c2_9387_4202af5cd934] Adding newly assigned partitions: topic-deeda6f1_da81_47c2_9387_4202af5cd934-0
2025-08-06 18:53:39,142 INFO  [org.apa.kaf.cli.con.int.ConsumerCoordinator] (Thread-704) [Consumer clientId=consumer-Consumer-topic-deeda6f1_da81_47c2_9387_4202af5cd934-14, groupId=Consumer-topic-deeda6f1_da81_47c2_9387_4202af5cd934] Found no committed offset for partition topic-deeda6f1_da81_47c2_9387_4202af5cd934-0
2025-08-06 18:53:39,146 INFO  [org.apa.kaf.cli.con.int.SubscriptionState] (Thread-704) [Consumer clientId=consumer-Consumer-topic-deeda6f1_da81_47c2_9387_4202af5cd934-14, groupId=Consumer-topic-deeda6f1_da81_47c2_9387_4202af5cd934] Resetting offset for partition topic-deeda6f1_da81_47c2_9387_4202af5cd934-0 to position FetchPosition{offset=0, offsetEpoch=Optional.empty, currentLeader=LeaderAndEpoch{leader=Optional[localhost:32769 (id: 0 rack: null)], epoch=0}}.
2025-08-06 18:53:39,373 INFO  [io.api.tes.ser.api.KafkaSerdesTester] (Thread-704) topic-deeda6f1_da81_47c2_9387_4202af5cd934 0 0 {"username": null}
2025-08-06 18:53:39,373 INFO  [io.api.tes.ser.api.KafkaSerdesTester] (Thread-704) topic-deeda6f1_da81_47c2_9387_4202af5cd934 0 1 {"username": null}
2025-08-06 18:53:39,373 INFO  [io.api.tes.ser.api.KafkaSerdesTester] (Thread-704) topic-deeda6f1_da81_47c2_9387_4202af5cd934 0 2 {"username": "value-2"}
2025-08-06 18:53:39,374 INFO  [io.api.tes.ser.api.KafkaSerdesTester] (Thread-704) topic-deeda6f1_da81_47c2_9387_4202af5cd934 0 3 {"username": null}
2025-08-06 18:53:39,374 INFO  [io.api.tes.ser.api.KafkaSerdesTester] (Thread-704) topic-deeda6f1_da81_47c2_9387_4202af5cd934 0 4 {"username": "value-4"}
2025-08-06 18:53:39,374 INFO  [io.api.tes.ser.api.KafkaSerdesTester] (Thread-704) topic-deeda6f1_da81_47c2_9387_4202af5cd934 0 5 {"username": null}
2025-08-06 18:53:39,374 INFO  [io.api.tes.ser.api.KafkaSerdesTester] (Thread-704) topic-deeda6f1_da81_47c2_9387_4202af5cd934 0 6 {"username": "value-6"}
2025-08-06 18:53:39,374 INFO  [io.api.tes.ser.api.KafkaSerdesTester] (Thread-704) topic-deeda6f1_da81_47c2_9387_4202af5cd934 0 7 {"username": null}
2025-08-06 18:53:39,374 INFO  [io.api.tes.ser.api.KafkaSerdesTester] (Thread-704) topic-deeda6f1_da81_47c2_9387_4202af5cd934 0 8 {"username": "value-8"}
2025-08-06 18:53:39,374 INFO  [io.api.tes.ser.api.KafkaSerdesTester] (Thread-704) topic-deeda6f1_da81_47c2_9387_4202af5cd934 0 9 {"username": null}
2025-08-06 18:53:39,374 INFO  [io.api.tes.ser.api.KafkaSerdesTester] (Thread-704) Consumed 10 messages
2025-08-06 18:53:39,382 INFO  [org.apa.kaf.cli.con.int.ConsumerRebalanceListenerInvoker] (Thread-704) [Consumer clientId=consumer-Consumer-topic-deeda6f1_da81_47c2_9387_4202af5cd934-14, groupId=Consumer-topic-deeda6f1_da81_47c2_9387_4202af5cd934] Revoke previously assigned partitions topic-deeda6f1_da81_47c2_9387_4202af5cd934-0
2025-08-06 18:53:39,382 INFO  [org.apa.kaf.cli.con.int.ConsumerCoordinator] (Thread-704) [Consumer clientId=consumer-Consumer-topic-deeda6f1_da81_47c2_9387_4202af5cd934-14, groupId=Consumer-topic-deeda6f1_da81_47c2_9387_4202af5cd934] Member consumer-Consumer-topic-deeda6f1_da81_47c2_9387_4202af5cd934-14-d4043998-3019-433c-b39a-76be36473d89 sending LeaveGroup request to coordinator localhost:32769 (id: 2147483647 rack: null) due to the consumer is being closed
2025-08-06 18:53:39,382 INFO  [org.apa.kaf.cli.con.int.ConsumerCoordinator] (Thread-704) [Consumer clientId=consumer-Consumer-topic-deeda6f1_da81_47c2_9387_4202af5cd934-14, groupId=Consumer-topic-deeda6f1_da81_47c2_9387_4202af5cd934] Resetting generation and member id due to: consumer pro-actively leaving the group
2025-08-06 18:53:39,382 INFO  [org.apa.kaf.cli.con.int.ConsumerCoordinator] (Thread-704) [Consumer clientId=consumer-Consumer-topic-deeda6f1_da81_47c2_9387_4202af5cd934-14, groupId=Consumer-topic-deeda6f1_da81_47c2_9387_4202af5cd934] Request joining group due to: consumer pro-actively leaving the group
2025-08-06 18:53:39,877 INFO  [org.apa.kaf.com.met.Metrics] (Thread-704) Metrics scheduler closed
2025-08-06 18:53:39,877 INFO  [org.apa.kaf.com.met.Metrics] (Thread-704) Closing reporter org.apache.kafka.common.metrics.JmxReporter
2025-08-06 18:53:39,877 INFO  [org.apa.kaf.com.met.Metrics] (Thread-704) Closing reporter org.apache.kafka.common.telemetry.internals.ClientTelemetryReporter
2025-08-06 18:53:39,877 INFO  [org.apa.kaf.com.met.Metrics] (Thread-704) Metrics reporters closed
2025-08-06 18:53:39,880 INFO  [org.apa.kaf.com.uti.AppInfoParser] (Thread-704) App info kafka.consumer for consumer-Consumer-topic-deeda6f1_da81_47c2_9387_4202af5cd934-14 unregistered
2025-08-06 18:53:39,881 INFO  [io.api.tes.uti.TestSeparator] (main) io.apicurio.tests.serdes.apicurio.AvroSerdeIT.testFirstEmptyFieldConfusedAsMagicByte-FINISHED
2025-08-06 18:53:39,881 INFO  [io.api.tes.uti.TestSeparator] (main) ############################################################################
Test passed: testFirstEmptyFieldConfusedAsMagicByte
]]></system-out>
  </testcase>
  <testcase name="testAvroSerDesFailDifferentSchemaByContent" classname="io.apicurio.tests.serdes.apicurio.AvroSerdeIT" time="1.464">
    <system-out><![CDATA[2025-08-06 18:53:39,885 INFO  [io.api.tes.uti.TestSeparator] (main) ############################################################################
2025-08-06 18:53:39,885 INFO  [io.api.tes.uti.TestSeparator] (main) io.apicurio.tests.serdes.apicurio.AvroSerdeIT.testAvroSerDesFailDifferentSchemaByContent-STARTED
**** Registry Base URL: http://registry-app-pg17.apps.ci419.apicurio-testing.org:80
2025-08-06 18:53:41,096 INFO  [org.apa.kaf.cli.pro.ProducerConfig] (main) ProducerConfig values: 
	acks = -1
	auto.include.jmx.reporter = true
	batch.size = 16384
	bootstrap.servers = [PLAINTEXT://localhost:32769]
	buffer.memory = 33554432
	client.dns.lookup = use_all_dns_ips
	client.id = Producer-topic-ab517bf2_b24b_43bc_876b_c3435abee5fe
	compression.gzip.level = -1
	compression.lz4.level = 9
	compression.type = none
	compression.zstd.level = 3
	connections.max.idle.ms = 10000
	delivery.timeout.ms = 120000
	enable.idempotence = true
	enable.metrics.push = true
	interceptor.classes = []
	key.serializer = class org.apache.kafka.common.serialization.StringSerializer
	linger.ms = 0
	max.block.ms = 60000
	max.in.flight.requests.per.connection = 5
	max.request.size = 1048576
	metadata.max.age.ms = 300000
	metadata.max.idle.ms = 300000
	metadata.recovery.strategy = none
	metric.reporters = []
	metrics.num.samples = 2
	metrics.recording.level = INFO
	metrics.sample.window.ms = 30000
	partitioner.adaptive.partitioning.enable = true
	partitioner.availability.timeout.ms = 0
	partitioner.class = null
	partitioner.ignore.keys = false
	receive.buffer.bytes = 32768
	reconnect.backoff.max.ms = 1000
	reconnect.backoff.ms = 50
	request.timeout.ms = 5000
	retries = 2147483647
	retry.backoff.max.ms = 1000
	retry.backoff.ms = 100
	sasl.client.callback.handler.class = null
	sasl.jaas.config = null
	sasl.kerberos.kinit.cmd = /usr/bin/kinit
	sasl.kerberos.min.time.before.relogin = 60000
	sasl.kerberos.service.name = null
	sasl.kerberos.ticket.renew.jitter = 0.05
	sasl.kerberos.ticket.renew.window.factor = 0.8
	sasl.login.callback.handler.class = null
	sasl.login.class = null
	sasl.login.connect.timeout.ms = null
	sasl.login.read.timeout.ms = null
	sasl.login.refresh.buffer.seconds = 300
	sasl.login.refresh.min.period.seconds = 60
	sasl.login.refresh.window.factor = 0.8
	sasl.login.refresh.window.jitter = 0.05
	sasl.login.retry.backoff.max.ms = 10000
	sasl.login.retry.backoff.ms = 100
	sasl.mechanism = GSSAPI
	sasl.oauthbearer.clock.skew.seconds = 30
	sasl.oauthbearer.expected.audience = null
	sasl.oauthbearer.expected.issuer = null
	sasl.oauthbearer.header.urlencode = false
	sasl.oauthbearer.jwks.endpoint.refresh.ms = 3600000
	sasl.oauthbearer.jwks.endpoint.retry.backoff.max.ms = 10000
	sasl.oauthbearer.jwks.endpoint.retry.backoff.ms = 100
	sasl.oauthbearer.jwks.endpoint.url = null
	sasl.oauthbearer.scope.claim.name = scope
	sasl.oauthbearer.sub.claim.name = sub
	sasl.oauthbearer.token.endpoint.url = null
	security.protocol = PLAINTEXT
	security.providers = null
	send.buffer.bytes = 131072
	socket.connection.setup.timeout.max.ms = 30000
	socket.connection.setup.timeout.ms = 10000
	ssl.cipher.suites = null
	ssl.enabled.protocols = [TLSv1.2, TLSv1.3]
	ssl.endpoint.identification.algorithm = https
	ssl.engine.factory.class = null
	ssl.key.password = null
	ssl.keymanager.algorithm = SunX509
	ssl.keystore.certificate.chain = null
	ssl.keystore.key = null
	ssl.keystore.location = null
	ssl.keystore.password = null
	ssl.keystore.type = JKS
	ssl.protocol = TLSv1.3
	ssl.provider = null
	ssl.secure.random.implementation = null
	ssl.trustmanager.algorithm = PKIX
	ssl.truststore.certificates = null
	ssl.truststore.location = null
	ssl.truststore.password = null
	ssl.truststore.type = JKS
	transaction.timeout.ms = 60000
	transactional.id = null
	value.serializer = class io.apicurio.registry.serde.avro.AvroKafkaSerializer

2025-08-06 18:53:41,097 INFO  [org.apa.kaf.com.tel.int.KafkaMetricsCollector] (main) initializing Kafka metrics collector
2025-08-06 18:53:41,100 INFO  [org.apa.kaf.cli.pro.KafkaProducer] (main) [Producer clientId=Producer-topic-ab517bf2_b24b_43bc_876b_c3435abee5fe] Instantiated an idempotent producer.
2025-08-06 18:53:41,103 INFO  [org.apa.kaf.cli.pro.ProducerConfig] (main) These configurations '[apicurio.registry.url, apicurio.registry.artifact-resolver-strategy]' were supplied but are not used yet.
2025-08-06 18:53:41,103 INFO  [org.apa.kaf.com.uti.AppInfoParser] (main) Kafka version: 3.9.1
2025-08-06 18:53:41,103 INFO  [org.apa.kaf.com.uti.AppInfoParser] (main) Kafka commitId: f745dfdcee2b9851
2025-08-06 18:53:41,103 INFO  [org.apa.kaf.com.uti.AppInfoParser] (main) Kafka startTimeMs: 1754506421103
2025-08-06 18:53:41,104 INFO  [io.api.tes.ser.api.KafkaSerdesTester] (Thread-707) Sending message {"keyB": "value-0"} to topic topic-ab517bf2_b24b_43bc_876b_c3435abee5fe
2025-08-06 18:53:41,109 INFO  [org.apa.kaf.cli.Metadata] (kafka-producer-network-thread | Producer-topic-ab517bf2_b24b_43bc_876b_c3435abee5fe) [Producer clientId=Producer-topic-ab517bf2_b24b_43bc_876b_c3435abee5fe] Cluster ID: igMICRUWSZmdRuxlP-JQ6A
2025-08-06 18:53:41,109 INFO  [org.apa.kaf.cli.pro.int.TransactionManager] (kafka-producer-network-thread | Producer-topic-ab517bf2_b24b_43bc_876b_c3435abee5fe) [Producer clientId=Producer-topic-ab517bf2_b24b_43bc_876b_c3435abee5fe] ProducerId set to 19 with epoch 0
2025-08-06 18:53:41,110 INFO  [DefaultSchemaResolver] (Thread-707) Retrieving schema content using string: {"type":"record","name":"s0b428af5x96aex44d1xb9fcxe96c27973bfd","namespace":"s7cc6b34bxf8e2x4ce2x9a55x5daa115157ec","fields":[{"name":"keyB","type":"string"}]}
2025-08-06 18:53:41,344 INFO  [org.apa.kaf.cli.pro.KafkaProducer] (Thread-707) [Producer clientId=Producer-topic-ab517bf2_b24b_43bc_876b_c3435abee5fe] Closing the Kafka producer with timeoutMillis = 9223372036854775807 ms.
2025-08-06 18:53:41,345 INFO  [org.apa.kaf.com.met.Metrics] (Thread-707) Metrics scheduler closed
2025-08-06 18:53:41,345 INFO  [org.apa.kaf.com.met.Metrics] (Thread-707) Closing reporter org.apache.kafka.common.metrics.JmxReporter
2025-08-06 18:53:41,345 INFO  [org.apa.kaf.com.met.Metrics] (Thread-707) Closing reporter org.apache.kafka.common.telemetry.internals.ClientTelemetryReporter
2025-08-06 18:53:41,345 INFO  [org.apa.kaf.com.met.Metrics] (Thread-707) Metrics reporters closed
2025-08-06 18:53:41,345 INFO  [org.apa.kaf.com.uti.AppInfoParser] (Thread-707) App info kafka.producer for Producer-topic-ab517bf2_b24b_43bc_876b_c3435abee5fe unregistered
2025-08-06 18:53:41,346 INFO  [io.api.tes.uti.TestSeparator] (main) io.apicurio.tests.serdes.apicurio.AvroSerdeIT.testAvroSerDesFailDifferentSchemaByContent-FINISHED
2025-08-06 18:53:41,346 INFO  [io.api.tes.uti.TestSeparator] (main) ############################################################################
Test passed: testAvroSerDesFailDifferentSchemaByContent
]]></system-out>
    <system-err><![CDATA[java.lang.RuntimeException: Could not resolve artifact reference by content: {"type":"record","name":"s0b428af5x96aex44d1xb9fcxe96c27973bfd","namespace":"s7cc6b34bxf8e2x4ce2x9a55x5daa115157ec","fields":[{"name":"keyB","type":"string"}]}&ArtifactReference [groupId=s7cc6b34bxf8e2x4ce2x9a55x5daa115157ec, artifactId=s0b428af5x96aex44d1xb9fcxe96c27973bfd, version=null, globalId=null, contentId=null, contentHash=null]
	at io.apicurio.registry.resolver.DefaultSchemaResolver.lambda$handleResolveSchemaByContent$3(DefaultSchemaResolver.java:265)
	at io.apicurio.registry.resolver.cache.ERCache.lambda$getValue$0(ERCache.java:174)
	at io.apicurio.registry.resolver.cache.ERCache.retry(ERCache.java:227)
	at io.apicurio.registry.resolver.cache.ERCache.getValue(ERCache.java:173)
	at io.apicurio.registry.resolver.cache.ERCache.getByContent(ERCache.java:147)
	at io.apicurio.registry.resolver.DefaultSchemaResolver.handleResolveSchemaByContent(DefaultSchemaResolver.java:253)
	at io.apicurio.registry.resolver.DefaultSchemaResolver.getSchemaFromRegistry(DefaultSchemaResolver.java:138)
	at io.apicurio.registry.resolver.DefaultSchemaResolver.lambda$resolveSchema$0(DefaultSchemaResolver.java:84)
	at java.base/java.util.Optional.orElseGet(Optional.java:364)
	at io.apicurio.registry.resolver.DefaultSchemaResolver.resolveSchema(DefaultSchemaResolver.java:84)
	at io.apicurio.registry.serde.AbstractSerializer.serializeData(AbstractSerializer.java:62)
	at io.apicurio.registry.serde.KafkaSerializer.serialize(KafkaSerializer.java:77)
	at org.apache.kafka.clients.producer.KafkaProducer.doSend(KafkaProducer.java:1046)
	at org.apache.kafka.clients.producer.KafkaProducer.send(KafkaProducer.java:993)
	at org.apache.kafka.clients.producer.KafkaProducer.send(KafkaProducer.java:875)
	at io.apicurio.tests.serdes.apicurio.KafkaSerdesTester.lambda$produceMessages$3(KafkaSerdesTester.java:138)
	at java.base/java.util.concurrent.CompletableFuture$AsyncSupply.run(CompletableFuture.java:1768)
	at java.base/java.lang.Thread.run(Thread.java:840)
]]></system-err>
  </testcase>
  <testcase name="testGlobalIdInBody" classname="io.apicurio.tests.serdes.apicurio.AvroSerdeIT" time="4.294">
    <system-out><![CDATA[2025-08-06 18:53:41,349 INFO  [io.api.tes.uti.TestSeparator] (main) ############################################################################
2025-08-06 18:53:41,349 INFO  [io.api.tes.uti.TestSeparator] (main) io.apicurio.tests.serdes.apicurio.AvroSerdeIT.testGlobalIdInBody-STARTED
**** Registry Base URL: http://registry-app-pg17.apps.ci419.apicurio-testing.org:80
2025-08-06 18:53:41,351 INFO  [org.apa.kaf.cli.pro.ProducerConfig] (main) ProducerConfig values: 
	acks = -1
	auto.include.jmx.reporter = true
	batch.size = 16384
	bootstrap.servers = [PLAINTEXT://localhost:32769]
	buffer.memory = 33554432
	client.dns.lookup = use_all_dns_ips
	client.id = Producer-topic-ece6f0a3_3855_44dc_8dc4_a375986d11da
	compression.gzip.level = -1
	compression.lz4.level = 9
	compression.type = none
	compression.zstd.level = 3
	connections.max.idle.ms = 10000
	delivery.timeout.ms = 120000
	enable.idempotence = true
	enable.metrics.push = true
	interceptor.classes = []
	key.serializer = class org.apache.kafka.common.serialization.StringSerializer
	linger.ms = 0
	max.block.ms = 60000
	max.in.flight.requests.per.connection = 5
	max.request.size = 1048576
	metadata.max.age.ms = 300000
	metadata.max.idle.ms = 300000
	metadata.recovery.strategy = none
	metric.reporters = []
	metrics.num.samples = 2
	metrics.recording.level = INFO
	metrics.sample.window.ms = 30000
	partitioner.adaptive.partitioning.enable = true
	partitioner.availability.timeout.ms = 0
	partitioner.class = null
	partitioner.ignore.keys = false
	receive.buffer.bytes = 32768
	reconnect.backoff.max.ms = 1000
	reconnect.backoff.ms = 50
	request.timeout.ms = 5000
	retries = 2147483647
	retry.backoff.max.ms = 1000
	retry.backoff.ms = 100
	sasl.client.callback.handler.class = null
	sasl.jaas.config = null
	sasl.kerberos.kinit.cmd = /usr/bin/kinit
	sasl.kerberos.min.time.before.relogin = 60000
	sasl.kerberos.service.name = null
	sasl.kerberos.ticket.renew.jitter = 0.05
	sasl.kerberos.ticket.renew.window.factor = 0.8
	sasl.login.callback.handler.class = null
	sasl.login.class = null
	sasl.login.connect.timeout.ms = null
	sasl.login.read.timeout.ms = null
	sasl.login.refresh.buffer.seconds = 300
	sasl.login.refresh.min.period.seconds = 60
	sasl.login.refresh.window.factor = 0.8
	sasl.login.refresh.window.jitter = 0.05
	sasl.login.retry.backoff.max.ms = 10000
	sasl.login.retry.backoff.ms = 100
	sasl.mechanism = GSSAPI
	sasl.oauthbearer.clock.skew.seconds = 30
	sasl.oauthbearer.expected.audience = null
	sasl.oauthbearer.expected.issuer = null
	sasl.oauthbearer.header.urlencode = false
	sasl.oauthbearer.jwks.endpoint.refresh.ms = 3600000
	sasl.oauthbearer.jwks.endpoint.retry.backoff.max.ms = 10000
	sasl.oauthbearer.jwks.endpoint.retry.backoff.ms = 100
	sasl.oauthbearer.jwks.endpoint.url = null
	sasl.oauthbearer.scope.claim.name = scope
	sasl.oauthbearer.sub.claim.name = sub
	sasl.oauthbearer.token.endpoint.url = null
	security.protocol = PLAINTEXT
	security.providers = null
	send.buffer.bytes = 131072
	socket.connection.setup.timeout.max.ms = 30000
	socket.connection.setup.timeout.ms = 10000
	ssl.cipher.suites = null
	ssl.enabled.protocols = [TLSv1.2, TLSv1.3]
	ssl.endpoint.identification.algorithm = https
	ssl.engine.factory.class = null
	ssl.key.password = null
	ssl.keymanager.algorithm = SunX509
	ssl.keystore.certificate.chain = null
	ssl.keystore.key = null
	ssl.keystore.location = null
	ssl.keystore.password = null
	ssl.keystore.type = JKS
	ssl.protocol = TLSv1.3
	ssl.provider = null
	ssl.secure.random.implementation = null
	ssl.trustmanager.algorithm = PKIX
	ssl.truststore.certificates = null
	ssl.truststore.location = null
	ssl.truststore.password = null
	ssl.truststore.type = JKS
	transaction.timeout.ms = 60000
	transactional.id = null
	value.serializer = class io.apicurio.registry.serde.avro.AvroKafkaSerializer

2025-08-06 18:53:41,351 INFO  [org.apa.kaf.com.tel.int.KafkaMetricsCollector] (main) initializing Kafka metrics collector
2025-08-06 18:53:41,354 INFO  [org.apa.kaf.cli.pro.KafkaProducer] (main) [Producer clientId=Producer-topic-ece6f0a3_3855_44dc_8dc4_a375986d11da] Instantiated an idempotent producer.
2025-08-06 18:53:41,359 INFO  [org.apa.kaf.cli.pro.ProducerConfig] (main) These configurations '[apicurio.registry.url, apicurio.registry.auto-register, apicurio.registry.use-id, apicurio.registry.artifact-resolver-strategy]' were supplied but are not used yet.
2025-08-06 18:53:41,359 INFO  [org.apa.kaf.com.uti.AppInfoParser] (main) Kafka version: 3.9.1
2025-08-06 18:53:41,359 INFO  [org.apa.kaf.com.uti.AppInfoParser] (main) Kafka commitId: f745dfdcee2b9851
2025-08-06 18:53:41,359 INFO  [org.apa.kaf.com.uti.AppInfoParser] (main) Kafka startTimeMs: 1754506421359
2025-08-06 18:53:41,359 INFO  [io.api.tes.ser.api.SimpleSerdesTesterBuilder$SimpleSerdesTester] (main) Using producer configuration: {apicurio.registry.url=http://registry-app-pg17.apps.ci419.apicurio-testing.org:80/apis/registry/v3, apicurio.registry.auto-register=true, apicurio.registry.use-id=globalId, apicurio.registry.artifact-resolver-strategy=io.apicurio.registry.serde.strategy.TopicIdStrategy, value.serializer=io.apicurio.registry.serde.avro.AvroKafkaSerializer, request.timeout.ms=5000, acks=all, bootstrap.servers=PLAINTEXT://localhost:32769, connections.max.idle.ms=10000, key.serializer=org.apache.kafka.common.serialization.StringSerializer, client.id=Producer-topic-ece6f0a3_3855_44dc_8dc4_a375986d11da}
2025-08-06 18:53:41,359 INFO  [io.api.tes.ser.api.SimpleSerdesTesterBuilder$SimpleSerdesTester] (main) Using consumer configuration: {apicurio.registry.use-id=globalId}
2025-08-06 18:53:41,363 INFO  [io.api.tes.ser.api.KafkaSerdesTester] (Thread-710) Sending message {"key11754506421349": "value-0"} to topic topic-ece6f0a3_3855_44dc_8dc4_a375986d11da
2025-08-06 18:53:41,370 WARN  [org.apa.kaf.cli.NetworkClient] (kafka-producer-network-thread | Producer-topic-ece6f0a3_3855_44dc_8dc4_a375986d11da) [Producer clientId=Producer-topic-ece6f0a3_3855_44dc_8dc4_a375986d11da] The metadata response from the cluster reported a recoverable issue with correlation id 1 : {topic-ece6f0a3_3855_44dc_8dc4_a375986d11da=UNKNOWN_TOPIC_OR_PARTITION}
2025-08-06 18:53:41,371 INFO  [org.apa.kaf.cli.Metadata] (kafka-producer-network-thread | Producer-topic-ece6f0a3_3855_44dc_8dc4_a375986d11da) [Producer clientId=Producer-topic-ece6f0a3_3855_44dc_8dc4_a375986d11da] Cluster ID: igMICRUWSZmdRuxlP-JQ6A
2025-08-06 18:53:41,371 INFO  [org.apa.kaf.cli.pro.int.TransactionManager] (kafka-producer-network-thread | Producer-topic-ece6f0a3_3855_44dc_8dc4_a375986d11da) [Producer clientId=Producer-topic-ece6f0a3_3855_44dc_8dc4_a375986d11da] ProducerId set to 20 with epoch 0
2025-08-06 18:53:41,684 INFO  [io.api.tes.ser.api.KafkaSerdesTester] (Thread-710) Sending message {"key11754506421349": "value-1"} to topic topic-ece6f0a3_3855_44dc_8dc4_a375986d11da
2025-08-06 18:53:41,686 INFO  [io.api.tes.ser.api.KafkaSerdesTester] (Thread-710) Sending message {"key11754506421349": "value-2"} to topic topic-ece6f0a3_3855_44dc_8dc4_a375986d11da
2025-08-06 18:53:41,687 INFO  [io.api.tes.ser.api.KafkaSerdesTester] (Thread-710) Sending message {"key11754506421349": "value-3"} to topic topic-ece6f0a3_3855_44dc_8dc4_a375986d11da
2025-08-06 18:53:41,688 INFO  [io.api.tes.ser.api.KafkaSerdesTester] (Thread-710) Sending message {"key11754506421349": "value-4"} to topic topic-ece6f0a3_3855_44dc_8dc4_a375986d11da
2025-08-06 18:53:41,690 INFO  [io.api.tes.ser.api.KafkaSerdesTester] (Thread-710) Sending message {"key11754506421349": "value-5"} to topic topic-ece6f0a3_3855_44dc_8dc4_a375986d11da
2025-08-06 18:53:41,692 INFO  [io.api.tes.ser.api.KafkaSerdesTester] (Thread-710) Sending message {"key11754506421349": "value-6"} to topic topic-ece6f0a3_3855_44dc_8dc4_a375986d11da
2025-08-06 18:53:41,694 INFO  [io.api.tes.ser.api.KafkaSerdesTester] (Thread-710) Sending message {"key11754506421349": "value-7"} to topic topic-ece6f0a3_3855_44dc_8dc4_a375986d11da
2025-08-06 18:53:41,695 INFO  [io.api.tes.ser.api.KafkaSerdesTester] (Thread-710) Sending message {"key11754506421349": "value-8"} to topic topic-ece6f0a3_3855_44dc_8dc4_a375986d11da
2025-08-06 18:53:41,697 INFO  [io.api.tes.ser.api.KafkaSerdesTester] (Thread-710) Sending message {"key11754506421349": "value-9"} to topic topic-ece6f0a3_3855_44dc_8dc4_a375986d11da
2025-08-06 18:53:41,699 INFO  [io.api.tes.ser.api.KafkaSerdesTester] (Thread-710) Produced 10 messages
2025-08-06 18:53:41,699 INFO  [org.apa.kaf.cli.pro.KafkaProducer] (Thread-710) [Producer clientId=Producer-topic-ece6f0a3_3855_44dc_8dc4_a375986d11da] Closing the Kafka producer with timeoutMillis = 9223372036854775807 ms.
2025-08-06 18:53:41,701 INFO  [org.apa.kaf.com.met.Metrics] (Thread-710) Metrics scheduler closed
2025-08-06 18:53:41,701 INFO  [org.apa.kaf.com.met.Metrics] (Thread-710) Closing reporter org.apache.kafka.common.metrics.JmxReporter
2025-08-06 18:53:41,701 INFO  [org.apa.kaf.com.met.Metrics] (Thread-710) Closing reporter org.apache.kafka.common.telemetry.internals.ClientTelemetryReporter
2025-08-06 18:53:41,701 INFO  [org.apa.kaf.com.met.Metrics] (Thread-710) Metrics reporters closed
2025-08-06 18:53:41,701 INFO  [org.apa.kaf.com.uti.AppInfoParser] (Thread-710) App info kafka.producer for Producer-topic-ece6f0a3_3855_44dc_8dc4_a375986d11da unregistered
**** Registry Base URL: http://registry-app-pg17.apps.ci419.apicurio-testing.org:80
2025-08-06 18:53:41,869 INFO  [org.apa.kaf.cli.con.ConsumerConfig] (main) ConsumerConfig values: 
	allow.auto.create.topics = true
	auto.commit.interval.ms = 500
	auto.include.jmx.reporter = true
	auto.offset.reset = earliest
	bootstrap.servers = [PLAINTEXT://localhost:32769]
	check.crcs = true
	client.dns.lookup = use_all_dns_ips
	client.id = consumer-Consumer-topic-ece6f0a3_3855_44dc_8dc4_a375986d11da-15
	client.rack = 
	connections.max.idle.ms = 10000
	default.api.timeout.ms = 60000
	enable.auto.commit = true
	enable.metrics.push = true
	exclude.internal.topics = true
	fetch.max.bytes = 52428800
	fetch.max.wait.ms = 500
	fetch.min.bytes = 1
	group.id = Consumer-topic-ece6f0a3_3855_44dc_8dc4_a375986d11da
	group.instance.id = null
	group.protocol = classic
	group.remote.assignor = null
	heartbeat.interval.ms = 3000
	interceptor.classes = []
	internal.leave.group.on.close = true
	internal.throw.on.fetch.stable.offset.unsupported = false
	isolation.level = read_uncommitted
	key.deserializer = class org.apache.kafka.common.serialization.StringDeserializer
	max.partition.fetch.bytes = 1048576
	max.poll.interval.ms = 300000
	max.poll.records = 500
	metadata.max.age.ms = 300000
	metadata.recovery.strategy = none
	metric.reporters = []
	metrics.num.samples = 2
	metrics.recording.level = INFO
	metrics.sample.window.ms = 30000
	partition.assignment.strategy = [class org.apache.kafka.clients.consumer.RangeAssignor, class org.apache.kafka.clients.consumer.CooperativeStickyAssignor]
	receive.buffer.bytes = 65536
	reconnect.backoff.max.ms = 1000
	reconnect.backoff.ms = 50
	request.timeout.ms = 5000
	retry.backoff.max.ms = 1000
	retry.backoff.ms = 100
	sasl.client.callback.handler.class = null
	sasl.jaas.config = null
	sasl.kerberos.kinit.cmd = /usr/bin/kinit
	sasl.kerberos.min.time.before.relogin = 60000
	sasl.kerberos.service.name = null
	sasl.kerberos.ticket.renew.jitter = 0.05
	sasl.kerberos.ticket.renew.window.factor = 0.8
	sasl.login.callback.handler.class = null
	sasl.login.class = null
	sasl.login.connect.timeout.ms = null
	sasl.login.read.timeout.ms = null
	sasl.login.refresh.buffer.seconds = 300
	sasl.login.refresh.min.period.seconds = 60
	sasl.login.refresh.window.factor = 0.8
	sasl.login.refresh.window.jitter = 0.05
	sasl.login.retry.backoff.max.ms = 10000
	sasl.login.retry.backoff.ms = 100
	sasl.mechanism = GSSAPI
	sasl.oauthbearer.clock.skew.seconds = 30
	sasl.oauthbearer.expected.audience = null
	sasl.oauthbearer.expected.issuer = null
	sasl.oauthbearer.header.urlencode = false
	sasl.oauthbearer.jwks.endpoint.refresh.ms = 3600000
	sasl.oauthbearer.jwks.endpoint.retry.backoff.max.ms = 10000
	sasl.oauthbearer.jwks.endpoint.retry.backoff.ms = 100
	sasl.oauthbearer.jwks.endpoint.url = null
	sasl.oauthbearer.scope.claim.name = scope
	sasl.oauthbearer.sub.claim.name = sub
	sasl.oauthbearer.token.endpoint.url = null
	security.protocol = PLAINTEXT
	security.providers = null
	send.buffer.bytes = 131072
	session.timeout.ms = 45000
	socket.connection.setup.timeout.max.ms = 30000
	socket.connection.setup.timeout.ms = 10000
	ssl.cipher.suites = null
	ssl.enabled.protocols = [TLSv1.2, TLSv1.3]
	ssl.endpoint.identification.algorithm = https
	ssl.engine.factory.class = null
	ssl.key.password = null
	ssl.keymanager.algorithm = SunX509
	ssl.keystore.certificate.chain = null
	ssl.keystore.key = null
	ssl.keystore.location = null
	ssl.keystore.password = null
	ssl.keystore.type = JKS
	ssl.protocol = TLSv1.3
	ssl.provider = null
	ssl.secure.random.implementation = null
	ssl.trustmanager.algorithm = PKIX
	ssl.truststore.certificates = null
	ssl.truststore.location = null
	ssl.truststore.password = null
	ssl.truststore.type = JKS
	value.deserializer = class io.apicurio.registry.serde.avro.AvroKafkaDeserializer

2025-08-06 18:53:41,869 INFO  [org.apa.kaf.com.tel.int.KafkaMetricsCollector] (main) initializing Kafka metrics collector
2025-08-06 18:53:41,874 INFO  [org.apa.kaf.cli.con.ConsumerConfig] (main) These configurations '[apicurio.registry.url, apicurio.registry.use-id]' were supplied but are not used yet.
2025-08-06 18:53:41,874 INFO  [org.apa.kaf.com.uti.AppInfoParser] (main) Kafka version: 3.9.1
2025-08-06 18:53:41,874 INFO  [org.apa.kaf.com.uti.AppInfoParser] (main) Kafka commitId: f745dfdcee2b9851
2025-08-06 18:53:41,874 INFO  [org.apa.kaf.com.uti.AppInfoParser] (main) Kafka startTimeMs: 1754506421874
2025-08-06 18:53:41,874 INFO  [org.apa.kaf.cli.con.int.ClassicKafkaConsumer] (Thread-713) [Consumer clientId=consumer-Consumer-topic-ece6f0a3_3855_44dc_8dc4_a375986d11da-15, groupId=Consumer-topic-ece6f0a3_3855_44dc_8dc4_a375986d11da] Subscribed to topic(s): topic-ece6f0a3_3855_44dc_8dc4_a375986d11da
2025-08-06 18:53:41,878 INFO  [org.apa.kaf.cli.Metadata] (Thread-713) [Consumer clientId=consumer-Consumer-topic-ece6f0a3_3855_44dc_8dc4_a375986d11da-15, groupId=Consumer-topic-ece6f0a3_3855_44dc_8dc4_a375986d11da] Cluster ID: igMICRUWSZmdRuxlP-JQ6A
2025-08-06 18:53:41,879 INFO  [org.apa.kaf.cli.con.int.ConsumerCoordinator] (Thread-713) [Consumer clientId=consumer-Consumer-topic-ece6f0a3_3855_44dc_8dc4_a375986d11da-15, groupId=Consumer-topic-ece6f0a3_3855_44dc_8dc4_a375986d11da] Discovered group coordinator localhost:32769 (id: 2147483647 rack: null)
2025-08-06 18:53:41,881 INFO  [org.apa.kaf.cli.con.int.ConsumerCoordinator] (Thread-713) [Consumer clientId=consumer-Consumer-topic-ece6f0a3_3855_44dc_8dc4_a375986d11da-15, groupId=Consumer-topic-ece6f0a3_3855_44dc_8dc4_a375986d11da] (Re-)joining group
2025-08-06 18:53:41,883 INFO  [org.apa.kaf.cli.con.int.ConsumerCoordinator] (Thread-713) [Consumer clientId=consumer-Consumer-topic-ece6f0a3_3855_44dc_8dc4_a375986d11da-15, groupId=Consumer-topic-ece6f0a3_3855_44dc_8dc4_a375986d11da] Request joining group due to: need to re-join with the given member-id: consumer-Consumer-topic-ece6f0a3_3855_44dc_8dc4_a375986d11da-15-9449b2dd-8b7a-41bc-9536-e921c0ebc298
2025-08-06 18:53:41,883 INFO  [org.apa.kaf.cli.con.int.ConsumerCoordinator] (Thread-713) [Consumer clientId=consumer-Consumer-topic-ece6f0a3_3855_44dc_8dc4_a375986d11da-15, groupId=Consumer-topic-ece6f0a3_3855_44dc_8dc4_a375986d11da] (Re-)joining group
2025-08-06 18:53:42,875 INFO  [io.api.tes.ser.api.KafkaSerdesTester] (Thread-713) None found
2025-08-06 18:53:43,875 INFO  [io.api.tes.ser.api.KafkaSerdesTester] (Thread-713) None found
2025-08-06 18:53:44,876 INFO  [io.api.tes.ser.api.KafkaSerdesTester] (Thread-713) None found
2025-08-06 18:53:44,884 INFO  [org.apa.kaf.cli.con.int.ConsumerCoordinator] (Thread-713) [Consumer clientId=consumer-Consumer-topic-ece6f0a3_3855_44dc_8dc4_a375986d11da-15, groupId=Consumer-topic-ece6f0a3_3855_44dc_8dc4_a375986d11da] Successfully joined group with generation Generation{generationId=1, memberId='consumer-Consumer-topic-ece6f0a3_3855_44dc_8dc4_a375986d11da-15-9449b2dd-8b7a-41bc-9536-e921c0ebc298', protocol='range'}
2025-08-06 18:53:44,885 INFO  [org.apa.kaf.cli.con.int.ConsumerCoordinator] (Thread-713) [Consumer clientId=consumer-Consumer-topic-ece6f0a3_3855_44dc_8dc4_a375986d11da-15, groupId=Consumer-topic-ece6f0a3_3855_44dc_8dc4_a375986d11da] Finished assignment for group at generation 1: {consumer-Consumer-topic-ece6f0a3_3855_44dc_8dc4_a375986d11da-15-9449b2dd-8b7a-41bc-9536-e921c0ebc298=Assignment(partitions=[topic-ece6f0a3_3855_44dc_8dc4_a375986d11da-0])}
2025-08-06 18:53:44,892 INFO  [org.apa.kaf.cli.con.int.ConsumerCoordinator] (Thread-713) [Consumer clientId=consumer-Consumer-topic-ece6f0a3_3855_44dc_8dc4_a375986d11da-15, groupId=Consumer-topic-ece6f0a3_3855_44dc_8dc4_a375986d11da] Successfully synced group in generation Generation{generationId=1, memberId='consumer-Consumer-topic-ece6f0a3_3855_44dc_8dc4_a375986d11da-15-9449b2dd-8b7a-41bc-9536-e921c0ebc298', protocol='range'}
2025-08-06 18:53:44,892 INFO  [org.apa.kaf.cli.con.int.ConsumerCoordinator] (Thread-713) [Consumer clientId=consumer-Consumer-topic-ece6f0a3_3855_44dc_8dc4_a375986d11da-15, groupId=Consumer-topic-ece6f0a3_3855_44dc_8dc4_a375986d11da] Notifying assignor about the new Assignment(partitions=[topic-ece6f0a3_3855_44dc_8dc4_a375986d11da-0])
2025-08-06 18:53:44,892 INFO  [org.apa.kaf.cli.con.int.ConsumerRebalanceListenerInvoker] (Thread-713) [Consumer clientId=consumer-Consumer-topic-ece6f0a3_3855_44dc_8dc4_a375986d11da-15, groupId=Consumer-topic-ece6f0a3_3855_44dc_8dc4_a375986d11da] Adding newly assigned partitions: topic-ece6f0a3_3855_44dc_8dc4_a375986d11da-0
2025-08-06 18:53:44,893 INFO  [org.apa.kaf.cli.con.int.ConsumerCoordinator] (Thread-713) [Consumer clientId=consumer-Consumer-topic-ece6f0a3_3855_44dc_8dc4_a375986d11da-15, groupId=Consumer-topic-ece6f0a3_3855_44dc_8dc4_a375986d11da] Found no committed offset for partition topic-ece6f0a3_3855_44dc_8dc4_a375986d11da-0
2025-08-06 18:53:44,896 INFO  [org.apa.kaf.cli.con.int.SubscriptionState] (Thread-713) [Consumer clientId=consumer-Consumer-topic-ece6f0a3_3855_44dc_8dc4_a375986d11da-15, groupId=Consumer-topic-ece6f0a3_3855_44dc_8dc4_a375986d11da] Resetting offset for partition topic-ece6f0a3_3855_44dc_8dc4_a375986d11da-0 to position FetchPosition{offset=0, offsetEpoch=Optional.empty, currentLeader=LeaderAndEpoch{leader=Optional[localhost:32769 (id: 0 rack: null)], epoch=0}}.
2025-08-06 18:53:45,135 INFO  [io.api.tes.ser.api.KafkaSerdesTester] (Thread-713) topic-ece6f0a3_3855_44dc_8dc4_a375986d11da 0 0 {"key11754506421349": "value-0"}
2025-08-06 18:53:45,135 INFO  [io.api.tes.ser.api.KafkaSerdesTester] (Thread-713) topic-ece6f0a3_3855_44dc_8dc4_a375986d11da 0 1 {"key11754506421349": "value-1"}
2025-08-06 18:53:45,135 INFO  [io.api.tes.ser.api.KafkaSerdesTester] (Thread-713) topic-ece6f0a3_3855_44dc_8dc4_a375986d11da 0 2 {"key11754506421349": "value-2"}
2025-08-06 18:53:45,135 INFO  [io.api.tes.ser.api.KafkaSerdesTester] (Thread-713) topic-ece6f0a3_3855_44dc_8dc4_a375986d11da 0 3 {"key11754506421349": "value-3"}
2025-08-06 18:53:45,135 INFO  [io.api.tes.ser.api.KafkaSerdesTester] (Thread-713) topic-ece6f0a3_3855_44dc_8dc4_a375986d11da 0 4 {"key11754506421349": "value-4"}
2025-08-06 18:53:45,135 INFO  [io.api.tes.ser.api.KafkaSerdesTester] (Thread-713) topic-ece6f0a3_3855_44dc_8dc4_a375986d11da 0 5 {"key11754506421349": "value-5"}
2025-08-06 18:53:45,135 INFO  [io.api.tes.ser.api.KafkaSerdesTester] (Thread-713) topic-ece6f0a3_3855_44dc_8dc4_a375986d11da 0 6 {"key11754506421349": "value-6"}
2025-08-06 18:53:45,135 INFO  [io.api.tes.ser.api.KafkaSerdesTester] (Thread-713) topic-ece6f0a3_3855_44dc_8dc4_a375986d11da 0 7 {"key11754506421349": "value-7"}
2025-08-06 18:53:45,135 INFO  [io.api.tes.ser.api.KafkaSerdesTester] (Thread-713) topic-ece6f0a3_3855_44dc_8dc4_a375986d11da 0 8 {"key11754506421349": "value-8"}
2025-08-06 18:53:45,135 INFO  [io.api.tes.ser.api.KafkaSerdesTester] (Thread-713) topic-ece6f0a3_3855_44dc_8dc4_a375986d11da 0 9 {"key11754506421349": "value-9"}
2025-08-06 18:53:45,135 INFO  [io.api.tes.ser.api.KafkaSerdesTester] (Thread-713) Consumed 10 messages
2025-08-06 18:53:45,142 INFO  [org.apa.kaf.cli.con.int.ConsumerRebalanceListenerInvoker] (Thread-713) [Consumer clientId=consumer-Consumer-topic-ece6f0a3_3855_44dc_8dc4_a375986d11da-15, groupId=Consumer-topic-ece6f0a3_3855_44dc_8dc4_a375986d11da] Revoke previously assigned partitions topic-ece6f0a3_3855_44dc_8dc4_a375986d11da-0
2025-08-06 18:53:45,142 INFO  [org.apa.kaf.cli.con.int.ConsumerCoordinator] (Thread-713) [Consumer clientId=consumer-Consumer-topic-ece6f0a3_3855_44dc_8dc4_a375986d11da-15, groupId=Consumer-topic-ece6f0a3_3855_44dc_8dc4_a375986d11da] Member consumer-Consumer-topic-ece6f0a3_3855_44dc_8dc4_a375986d11da-15-9449b2dd-8b7a-41bc-9536-e921c0ebc298 sending LeaveGroup request to coordinator localhost:32769 (id: 2147483647 rack: null) due to the consumer is being closed
2025-08-06 18:53:45,142 INFO  [org.apa.kaf.cli.con.int.ConsumerCoordinator] (Thread-713) [Consumer clientId=consumer-Consumer-topic-ece6f0a3_3855_44dc_8dc4_a375986d11da-15, groupId=Consumer-topic-ece6f0a3_3855_44dc_8dc4_a375986d11da] Resetting generation and member id due to: consumer pro-actively leaving the group
2025-08-06 18:53:45,142 INFO  [org.apa.kaf.cli.con.int.ConsumerCoordinator] (Thread-713) [Consumer clientId=consumer-Consumer-topic-ece6f0a3_3855_44dc_8dc4_a375986d11da-15, groupId=Consumer-topic-ece6f0a3_3855_44dc_8dc4_a375986d11da] Request joining group due to: consumer pro-actively leaving the group
2025-08-06 18:53:45,637 INFO  [org.apa.kaf.com.met.Metrics] (Thread-713) Metrics scheduler closed
2025-08-06 18:53:45,637 INFO  [org.apa.kaf.com.met.Metrics] (Thread-713) Closing reporter org.apache.kafka.common.metrics.JmxReporter
2025-08-06 18:53:45,637 INFO  [org.apa.kaf.com.met.Metrics] (Thread-713) Closing reporter org.apache.kafka.common.telemetry.internals.ClientTelemetryReporter
2025-08-06 18:53:45,637 INFO  [org.apa.kaf.com.met.Metrics] (Thread-713) Metrics reporters closed
2025-08-06 18:53:45,639 INFO  [org.apa.kaf.com.uti.AppInfoParser] (Thread-713) App info kafka.consumer for consumer-Consumer-topic-ece6f0a3_3855_44dc_8dc4_a375986d11da-15 unregistered
2025-08-06 18:53:45,641 INFO  [io.api.tes.uti.TestSeparator] (main) io.apicurio.tests.serdes.apicurio.AvroSerdeIT.testGlobalIdInBody-FINISHED
2025-08-06 18:53:45,641 INFO  [io.api.tes.uti.TestSeparator] (main) ############################################################################
Test passed: testGlobalIdInBody
]]></system-out>
  </testcase>
  <testcase name="testProducerUsesGlobalIdConsumerUsesDefault" classname="io.apicurio.tests.serdes.apicurio.AvroSerdeIT" time="0.0">
    <skipped message="void io.apicurio.tests.serdes.apicurio.AvroSerdeIT.testProducerUsesGlobalIdConsumerUsesDefault() throws java.lang.Exception is @Disabled"/>
  </testcase>
</testsuite>