<?xml version="1.0" encoding="UTF-8"?>
<testsuite xmlns:xsi="http://www.w3.org/2001/XMLSchema-instance" xsi:noNamespaceSchemaLocation="https://maven.apache.org/surefire/maven-failsafe-plugin/xsd/failsafe-test-report.xsd" version="3.0.2" name="io.apicurio.tests.serdes.apicurio.ProtobufSerdeIT" time="63.381" tests="17" errors="1" skipped="0" failures="0">
  <properties>
    <property name="java.specification.version" value="17"/>
    <property name="sun.jnu.encoding" value="UTF-8"/>
    <property name="java.class.path" value="/home/runner/work/apicurio-testing/apicurio-testing/clusters/ci419/namespaces/pg17/tests/integration/apicurio-registry/integration-tests/target/test-classes:/home/runner/work/apicurio-testing/apicurio-testing/clusters/ci419/namespaces/pg17/tests/integration/apicurio-registry/integration-tests/target/apicurio-registry-integration-tests-3.0.12-SNAPSHOT.jar:/home/runner/.m2/repository/io/quarkus/quarkus-junit5/3.20.2/quarkus-junit5-3.20.2.jar:/home/runner/.m2/repository/io/quarkus/quarkus-bootstrap-core/3.20.2/quarkus-bootstrap-core-3.20.2.jar:/home/runner/.m2/repository/io/quarkus/quarkus-classloader-commons/3.20.2/quarkus-classloader-commons-3.20.2.jar:/home/runner/.m2/repository/io/quarkus/quarkus-bootstrap-app-model/3.20.2/quarkus-bootstrap-app-model-3.20.2.jar:/home/runner/.m2/repository/io/smallrye/common/smallrye-common-io/2.12.0/smallrye-common-io-2.12.0.jar:/home/runner/.m2/repository/org/eclipse/sisu/org.eclipse.sisu.inject/0.9.0.M3/org.eclipse.sisu.inject-0.9.0.M3.jar:/home/runner/.m2/repository/io/quarkus/quarkus-test-common/3.20.2/quarkus-test-common-3.20.2.jar:/home/runner/.m2/repository/io/quarkus/quarkus-core-deployment/3.20.2/quarkus-core-deployment-3.20.2.jar:/home/runner/.m2/repository/org/aesh/readline/2.6/readline-2.6.jar:/home/runner/.m2/repository/org/fusesource/jansi/jansi/2.4.0/jansi-2.4.0.jar:/home/runner/.m2/repository/org/aesh/aesh/2.8.2/aesh-2.8.2.jar:/home/runner/.m2/repository/io/quarkus/gizmo/gizmo/1.8.0/gizmo-1.8.0.jar:/home/runner/.m2/repository/org/ow2/asm/asm-util/9.7.1/asm-util-9.7.1.jar:/home/runner/.m2/repository/org/ow2/asm/asm-analysis/9.7.1/asm-analysis-9.7.1.jar:/home/runner/.m2/repository/org/ow2/asm/asm-commons/9.7.1/asm-commons-9.7.1.jar:/home/runner/.m2/repository/org/ow2/asm/asm-tree/9.7.1/asm-tree-9.7.1.jar:/home/runner/.m2/repository/io/quarkus/quarkus-hibernate-validator-spi/3.20.2/quarkus-hibernate-validator-spi-3.20.2.jar:/home/runner/.m2/repository/io/quarkus/quarkus-class-change-agent/3.20.2/quarkus-class-change-agent-3.20.2.jar:/home/runner/.m2/repository/io/quarkus/quarkus-devtools-utilities/3.20.2/quarkus-devtools-utilities-3.20.2.jar:/home/runner/.m2/repository/io/quarkus/quarkus-builder/3.20.2/quarkus-builder-3.20.2.jar:/home/runner/.m2/repository/org/graalvm/sdk/nativeimage/23.1.2/nativeimage-23.1.2.jar:/home/runner/.m2/repository/org/graalvm/sdk/word/23.1.2/word-23.1.2.jar:/home/runner/.m2/repository/io/quarkus/quarkus-bootstrap-maven-resolver/3.20.2/quarkus-bootstrap-maven-resolver-3.20.2.jar:/home/runner/.m2/repository/io/smallrye/beanbag/smallrye-beanbag-maven/1.5.2/smallrye-beanbag-maven-1.5.2.jar:/home/runner/.m2/repository/io/smallrye/beanbag/smallrye-beanbag-sisu/1.5.2/smallrye-beanbag-sisu-1.5.2.jar:/home/runner/.m2/repository/io/smallrye/beanbag/smallrye-beanbag/1.5.2/smallrye-beanbag-1.5.2.jar:/home/runner/.m2/repository/javax/inject/javax.inject/1/javax.inject-1.jar:/home/runner/.m2/repository/org/apache/maven/maven-artifact/3.9.9/maven-artifact-3.9.9.jar:/home/runner/.m2/repository/org/apache/maven/maven-builder-support/3.9.9/maven-builder-support-3.9.9.jar:/home/runner/.m2/repository/org/apache/maven/maven-model/3.9.9/maven-model-3.9.9.jar:/home/runner/.m2/repository/org/apache/maven/maven-model-builder/3.9.9/maven-model-builder-3.9.9.jar:/home/runner/.m2/repository/org/apache/maven/maven-repository-metadata/3.9.9/maven-repository-metadata-3.9.9.jar:/home/runner/.m2/repository/org/apache/maven/maven-settings/3.9.9/maven-settings-3.9.9.jar:/home/runner/.m2/repository/org/apache/maven/resolver/maven-resolver-api/1.9.22/maven-resolver-api-1.9.22.jar:/home/runner/.m2/repository/org/apache/maven/resolver/maven-resolver-impl/1.9.22/maven-resolver-impl-1.9.22.jar:/home/runner/.m2/repository/org/apache/maven/resolver/maven-resolver-named-locks/1.9.22/maven-resolver-named-locks-1.9.22.jar:/home/runner/.m2/repository/org/apache/maven/resolver/maven-resolver-spi/1.9.22/maven-resolver-spi-1.9.22.jar:/home/runner/.m2/repository/org/apache/maven/resolver/maven-resolver-util/1.9.22/maven-resolver-util-1.9.22.jar:/home/runner/.m2/repository/org/apache/maven/resolver/maven-resolver-transport-http/1.9.20/maven-resolver-transport-http-1.9.20.jar:/home/runner/.m2/repository/org/apache/maven/wagon/wagon-provider-api/3.5.3/wagon-provider-api-3.5.3.jar:/home/runner/.m2/repository/org/apache/maven/wagon/wagon-http-shared/3.5.3/wagon-http-shared-3.5.3.jar:/home/runner/.m2/repository/org/codehaus/plexus/plexus-interpolation/1.26/plexus-interpolation-1.26.jar:/home/runner/.m2/repository/org/codehaus/plexus/plexus-utils/3.5.1/plexus-utils-3.5.1.jar:/home/runner/.m2/repository/org/codehaus/plexus/plexus-xml/4.0.1/plexus-xml-4.0.1.jar:/home/runner/.m2/repository/org/apache/maven/maven-xml-impl/4.0.0-alpha-5/maven-xml-impl-4.0.0-alpha-5.jar:/home/runner/.m2/repository/org/apache/maven/maven-api-xml/4.0.0-alpha-5/maven-api-xml-4.0.0-alpha-5.jar:/home/runner/.m2/repository/org/apache/maven/maven-api-meta/4.0.0-alpha-5/maven-api-meta-4.0.0-alpha-5.jar:/home/runner/.m2/repository/org/codehaus/plexus/plexus-cipher/2.0/plexus-cipher-2.0.jar:/home/runner/.m2/repository/org/codehaus/plexus/plexus-sec-dispatcher/2.0/plexus-sec-dispatcher-2.0.jar:/home/runner/.m2/repository/org/apache/maven/maven-embedder/3.9.9/maven-embedder-3.9.9.jar:/home/runner/.m2/repository/org/apache/maven/maven-core/3.9.9/maven-core-3.9.9.jar:/home/runner/.m2/repository/org/codehaus/plexus/plexus-component-annotations/2.1.0/plexus-component-annotations-2.1.0.jar:/home/runner/.m2/repository/org/apache/maven/maven-plugin-api/3.9.9/maven-plugin-api-3.9.9.jar:/home/runner/.m2/repository/org/apache/maven/shared/maven-shared-utils/3.4.2/maven-shared-utils-3.4.2.jar:/home/runner/.m2/repository/com/google/inject/guice/5.1.0/guice-5.1.0.jar:/home/runner/.m2/repository/aopalliance/aopalliance/1.0/aopalliance-1.0.jar:/home/runner/.m2/repository/org/codehaus/plexus/plexus-classworlds/2.6.0/plexus-classworlds-2.6.0.jar:/home/runner/.m2/repository/commons-cli/commons-cli/1.8.0/commons-cli-1.8.0.jar:/home/runner/.m2/repository/org/eclipse/sisu/org.eclipse.sisu.plexus/0.9.0.M3/org.eclipse.sisu.plexus-0.9.0.M3.jar:/home/runner/.m2/repository/org/apache/maven/maven-settings-builder/3.9.9/maven-settings-builder-3.9.9.jar:/home/runner/.m2/repository/org/apache/maven/maven-resolver-provider/3.9.9/maven-resolver-provider-3.9.9.jar:/home/runner/.m2/repository/org/apache/maven/resolver/maven-resolver-connector-basic/1.9.22/maven-resolver-connector-basic-1.9.22.jar:/home/runner/.m2/repository/org/apache/maven/resolver/maven-resolver-transport-wagon/1.9.22/maven-resolver-transport-wagon-1.9.22.jar:/home/runner/.m2/repository/org/apache/maven/wagon/wagon-http/3.5.3/wagon-http-3.5.3.jar:/home/runner/.m2/repository/org/apache/maven/wagon/wagon-file/3.5.3/wagon-file-3.5.3.jar:/home/runner/.m2/repository/io/quarkus/quarkus-bootstrap-gradle-resolver/3.20.2/quarkus-bootstrap-gradle-resolver-3.20.2.jar:/home/runner/.m2/repository/io/smallrye/jandex/3.3.0/jandex-3.3.0.jar:/home/runner/.m2/repository/org/jboss/logging/commons-logging-jboss-logging/1.0.0.Final/commons-logging-jboss-logging-1.0.0.Final.jar:/home/runner/.m2/repository/io/quarkus/quarkus-junit5-config/3.20.2/quarkus-junit5-config-3.20.2.jar:/home/runner/.m2/repository/org/junit/jupiter/junit-jupiter-api/5.12.1/junit-jupiter-api-5.12.1.jar:/home/runner/.m2/repository/io/smallrye/config/smallrye-config/3.11.4/smallrye-config-3.11.4.jar:/home/runner/.m2/repository/io/smallrye/config/smallrye-config-core/3.11.4/smallrye-config-core-3.11.4.jar:/home/runner/.m2/repository/io/smallrye/common/smallrye-common-classloader/2.12.0/smallrye-common-classloader-2.12.0.jar:/home/runner/.m2/repository/io/smallrye/config/smallrye-config-common/3.11.4/smallrye-config-common-3.11.4.jar:/home/runner/.m2/repository/org/junit/jupiter/junit-jupiter/5.12.1/junit-jupiter-5.12.1.jar:/home/runner/.m2/repository/org/junit/jupiter/junit-jupiter-params/5.12.1/junit-jupiter-params-5.12.1.jar:/home/runner/.m2/repository/org/junit/jupiter/junit-jupiter-engine/5.12.1/junit-jupiter-engine-5.12.1.jar:/home/runner/.m2/repository/io/quarkus/quarkus-core/3.20.2/quarkus-core-3.20.2.jar:/home/runner/.m2/repository/jakarta/enterprise/jakarta.enterprise.cdi-api/4.1.0/jakarta.enterprise.cdi-api-4.1.0.jar:/home/runner/.m2/repository/jakarta/enterprise/jakarta.enterprise.lang-model/4.1.0/jakarta.enterprise.lang-model-4.1.0.jar:/home/runner/.m2/repository/jakarta/el/jakarta.el-api/5.0.1/jakarta.el-api-5.0.1.jar:/home/runner/.m2/repository/jakarta/interceptor/jakarta.interceptor-api/2.2.0/jakarta.interceptor-api-2.2.0.jar:/home/runner/.m2/repository/jakarta/inject/jakarta.inject-api/2.0.1/jakarta.inject-api-2.0.1.jar:/home/runner/.m2/repository/io/smallrye/common/smallrye-common-os/2.12.0/smallrye-common-os-2.12.0.jar:/home/runner/.m2/repository/io/quarkus/quarkus-ide-launcher/3.20.2/quarkus-ide-launcher-3.20.2.jar:/home/runner/.m2/repository/io/quarkus/quarkus-development-mode-spi/3.20.2/quarkus-development-mode-spi-3.20.2.jar:/home/runner/.m2/repository/org/jboss/logging/jboss-logging/3.6.1.Final/jboss-logging-3.6.1.Final.jar:/home/runner/.m2/repository/org/jboss/logmanager/jboss-logmanager/3.1.2.Final/jboss-logmanager-3.1.2.Final.jar:/home/runner/.m2/repository/io/smallrye/common/smallrye-common-constraint/2.12.0/smallrye-common-constraint-2.12.0.jar:/home/runner/.m2/repository/io/smallrye/common/smallrye-common-cpu/2.12.0/smallrye-common-cpu-2.12.0.jar:/home/runner/.m2/repository/io/smallrye/common/smallrye-common-expression/2.12.0/smallrye-common-expression-2.12.0.jar:/home/runner/.m2/repository/io/smallrye/common/smallrye-common-net/2.12.0/smallrye-common-net-2.12.0.jar:/home/runner/.m2/repository/io/smallrye/common/smallrye-common-ref/2.12.0/smallrye-common-ref-2.12.0.jar:/home/runner/.m2/repository/jakarta/json/jakarta.json-api/2.1.3/jakarta.json-api-2.1.3.jar:/home/runner/.m2/repository/org/eclipse/parsson/parsson/1.1.7/parsson-1.1.7.jar:/home/runner/.m2/repository/org/jboss/logging/jboss-logging-annotations/3.0.4.Final/jboss-logging-annotations-3.0.4.Final.jar:/home/runner/.m2/repository/org/jboss/threads/jboss-threads/3.8.0.Final/jboss-threads-3.8.0.Final.jar:/home/runner/.m2/repository/io/smallrye/common/smallrye-common-annotation/2.12.0/smallrye-common-annotation-2.12.0.jar:/home/runner/.m2/repository/io/smallrye/common/smallrye-common-function/2.12.0/smallrye-common-function-2.12.0.jar:/home/runner/.m2/repository/org/jboss/slf4j/slf4j-jboss-logmanager/2.0.0.Final/slf4j-jboss-logmanager-2.0.0.Final.jar:/home/runner/.m2/repository/org/wildfly/common/wildfly-common/2.0.1/wildfly-common-2.0.1.jar:/home/runner/.m2/repository/io/quarkus/quarkus-bootstrap-runner/3.20.2/quarkus-bootstrap-runner-3.20.2.jar:/home/runner/.m2/repository/io/github/crac/org-crac/0.1.3/org-crac-0.1.3.jar:/home/runner/.m2/repository/io/quarkus/quarkus-fs-util/0.0.10/quarkus-fs-util-0.0.10.jar:/home/runner/.m2/repository/org/jboss/marshalling/jboss-marshalling/2.2.2.Final/jboss-marshalling-2.2.2.Final.jar:/home/runner/.m2/repository/io/fabric8/kubernetes-client/7.1.0/kubernetes-client-7.1.0.jar:/home/runner/.m2/repository/io/fabric8/kubernetes-client-api/7.1.0/kubernetes-client-api-7.1.0.jar:/home/runner/.m2/repository/io/fabric8/kubernetes-model-core/7.1.0/kubernetes-model-core-7.1.0.jar:/home/runner/.m2/repository/io/fabric8/kubernetes-model-common/7.1.0/kubernetes-model-common-7.1.0.jar:/home/runner/.m2/repository/javax/annotation/javax.annotation-api/1.3.2/javax.annotation-api-1.3.2.jar:/home/runner/.m2/repository/io/fabric8/kubernetes-model-gatewayapi/7.1.0/kubernetes-model-gatewayapi-7.1.0.jar:/home/runner/.m2/repository/io/fabric8/kubernetes-model-resource/7.1.0/kubernetes-model-resource-7.1.0.jar:/home/runner/.m2/repository/io/fabric8/kubernetes-model-rbac/7.1.0/kubernetes-model-rbac-7.1.0.jar:/home/runner/.m2/repository/io/fabric8/kubernetes-model-admissionregistration/7.1.0/kubernetes-model-admissionregistration-7.1.0.jar:/home/runner/.m2/repository/io/fabric8/kubernetes-model-apps/7.1.0/kubernetes-model-apps-7.1.0.jar:/home/runner/.m2/repository/io/fabric8/kubernetes-model-autoscaling/7.1.0/kubernetes-model-autoscaling-7.1.0.jar:/home/runner/.m2/repository/io/fabric8/kubernetes-model-apiextensions/7.1.0/kubernetes-model-apiextensions-7.1.0.jar:/home/runner/.m2/repository/io/fabric8/kubernetes-model-batch/7.1.0/kubernetes-model-batch-7.1.0.jar:/home/runner/.m2/repository/io/fabric8/kubernetes-model-certificates/7.1.0/kubernetes-model-certificates-7.1.0.jar:/home/runner/.m2/repository/io/fabric8/kubernetes-model-coordination/7.1.0/kubernetes-model-coordination-7.1.0.jar:/home/runner/.m2/repository/io/fabric8/kubernetes-model-discovery/7.1.0/kubernetes-model-discovery-7.1.0.jar:/home/runner/.m2/repository/io/fabric8/kubernetes-model-events/7.1.0/kubernetes-model-events-7.1.0.jar:/home/runner/.m2/repository/io/fabric8/kubernetes-model-extensions/7.1.0/kubernetes-model-extensions-7.1.0.jar:/home/runner/.m2/repository/io/fabric8/kubernetes-model-flowcontrol/7.1.0/kubernetes-model-flowcontrol-7.1.0.jar:/home/runner/.m2/repository/io/fabric8/kubernetes-model-networking/7.1.0/kubernetes-model-networking-7.1.0.jar:/home/runner/.m2/repository/io/fabric8/kubernetes-model-metrics/7.1.0/kubernetes-model-metrics-7.1.0.jar:/home/runner/.m2/repository/io/fabric8/kubernetes-model-policy/7.1.0/kubernetes-model-policy-7.1.0.jar:/home/runner/.m2/repository/io/fabric8/kubernetes-model-scheduling/7.1.0/kubernetes-model-scheduling-7.1.0.jar:/home/runner/.m2/repository/io/fabric8/kubernetes-model-storageclass/7.1.0/kubernetes-model-storageclass-7.1.0.jar:/home/runner/.m2/repository/io/fabric8/kubernetes-model-node/7.1.0/kubernetes-model-node-7.1.0.jar:/home/runner/.m2/repository/org/snakeyaml/snakeyaml-engine/2.9/snakeyaml-engine-2.9.jar:/home/runner/.m2/repository/com/fasterxml/jackson/dataformat/jackson-dataformat-yaml/2.18.2/jackson-dataformat-yaml-2.18.2.jar:/home/runner/.m2/repository/com/fasterxml/jackson/datatype/jackson-datatype-jsr310/2.18.2/jackson-datatype-jsr310-2.18.2.jar:/home/runner/.m2/repository/io/fabric8/zjsonpatch/7.1.0/zjsonpatch-7.1.0.jar:/home/runner/.m2/repository/io/fabric8/kubernetes-httpclient-vertx/7.1.0/kubernetes-httpclient-vertx-7.1.0.jar:/home/runner/.m2/repository/io/vertx/vertx-web-client/4.5.16/vertx-web-client-4.5.16.jar:/home/runner/.m2/repository/io/vertx/vertx-web-common/4.5.16/vertx-web-common-4.5.16.jar:/home/runner/.m2/repository/io/vertx/vertx-auth-common/4.5.16/vertx-auth-common-4.5.16.jar:/home/runner/.m2/repository/io/vertx/vertx-uri-template/4.5.16/vertx-uri-template-4.5.16.jar:/home/runner/.m2/repository/io/fabric8/openshift-client/7.1.0/openshift-client-7.1.0.jar:/home/runner/.m2/repository/io/fabric8/openshift-client-api/7.1.0/openshift-client-api-7.1.0.jar:/home/runner/.m2/repository/io/fabric8/openshift-model/7.1.0/openshift-model-7.1.0.jar:/home/runner/.m2/repository/io/fabric8/openshift-model-autoscaling/7.1.0/openshift-model-autoscaling-7.1.0.jar:/home/runner/.m2/repository/io/fabric8/openshift-model-operator/7.1.0/openshift-model-operator-7.1.0.jar:/home/runner/.m2/repository/io/fabric8/openshift-model-operatorhub/7.1.0/openshift-model-operatorhub-7.1.0.jar:/home/runner/.m2/repository/io/fabric8/openshift-model-machine/7.1.0/openshift-model-machine-7.1.0.jar:/home/runner/.m2/repository/io/fabric8/openshift-model-whereabouts/7.1.0/openshift-model-whereabouts-7.1.0.jar:/home/runner/.m2/repository/io/fabric8/openshift-model-monitoring/7.1.0/openshift-model-monitoring-7.1.0.jar:/home/runner/.m2/repository/io/fabric8/openshift-model-storageversionmigrator/7.1.0/openshift-model-storageversionmigrator-7.1.0.jar:/home/runner/.m2/repository/io/fabric8/openshift-model-tuned/7.1.0/openshift-model-tuned-7.1.0.jar:/home/runner/.m2/repository/io/fabric8/openshift-model-console/7.1.0/openshift-model-console-7.1.0.jar:/home/runner/.m2/repository/io/fabric8/openshift-model-config/7.1.0/openshift-model-config-7.1.0.jar:/home/runner/.m2/repository/io/fabric8/openshift-model-machineconfiguration/7.1.0/openshift-model-machineconfiguration-7.1.0.jar:/home/runner/.m2/repository/io/fabric8/openshift-model-miscellaneous/7.1.0/openshift-model-miscellaneous-7.1.0.jar:/home/runner/.m2/repository/io/fabric8/openshift-model-hive/7.1.0/openshift-model-hive-7.1.0.jar:/home/runner/.m2/repository/io/fabric8/openshift-model-installer/7.1.0/openshift-model-installer-7.1.0.jar:/home/runner/.m2/repository/org/junit/platform/junit-platform-launcher/1.12.1/junit-platform-launcher-1.12.1.jar:/home/runner/.m2/repository/org/junit/platform/junit-platform-engine/1.12.1/junit-platform-engine-1.12.1.jar:/home/runner/.m2/repository/org/opentest4j/opentest4j/1.3.0/opentest4j-1.3.0.jar:/home/runner/.m2/repository/org/junit/platform/junit-platform-commons/1.12.1/junit-platform-commons-1.12.1.jar:/home/runner/.m2/repository/org/apiguardian/apiguardian-api/1.1.2/apiguardian-api-1.1.2.jar:/home/runner/.m2/repository/jakarta/ws/rs/jakarta.ws.rs-api/3.1.0/jakarta.ws.rs-api-3.1.0.jar:/home/runner/work/apicurio-testing/apicurio-testing/clusters/ci419/namespaces/pg17/tests/integration/apicurio-registry/java-sdk/target/apicurio-registry-java-sdk-3.0.12-SNAPSHOT.jar:/home/runner/.m2/repository/com/microsoft/kiota/microsoft-kiota-abstractions/1.8.8/microsoft-kiota-abstractions-1.8.8.jar:/home/runner/.m2/repository/io/github/std-uritemplate/std-uritemplate/2.0.0/std-uritemplate-2.0.0.jar:/home/runner/.m2/repository/io/kiota/kiota-http-jdk/0.0.29/kiota-http-jdk-0.0.29.jar:/home/runner/.m2/repository/io/kiota/kiota-http-vertx/0.0.29/kiota-http-vertx-0.0.29.jar:/home/runner/.m2/repository/io/kiota/kiota-serialization-jackson/0.0.29/kiota-serialization-jackson-0.0.29.jar:/home/runner/.m2/repository/com/microsoft/kiota/microsoft-kiota-serialization-text/1.8.8/microsoft-kiota-serialization-text-1.8.8.jar:/home/runner/.m2/repository/com/microsoft/kiota/microsoft-kiota-serialization-form/1.8.8/microsoft-kiota-serialization-form-1.8.8.jar:/home/runner/.m2/repository/com/microsoft/kiota/microsoft-kiota-serialization-multipart/1.8.8/microsoft-kiota-serialization-multipart-1.8.8.jar:/home/runner/.m2/repository/jakarta/annotation/jakarta.annotation-api/3.0.0/jakarta.annotation-api-3.0.0.jar:/home/runner/.m2/repository/io/vertx/vertx-auth-oauth2/4.5.16/vertx-auth-oauth2-4.5.16.jar:/home/runner/work/apicurio-testing/apicurio-testing/clusters/ci419/namespaces/pg17/tests/integration/apicurio-registry/java-sdk-v2/target/apicurio-registry-v2-java-sdk-3.0.12-SNAPSHOT.jar:/home/runner/work/apicurio-testing/apicurio-testing/clusters/ci419/namespaces/pg17/tests/integration/apicurio-registry/utils/kafka/target/apicurio-registry-utils-kafka-3.0.12-SNAPSHOT-tests.jar:/home/runner/.m2/repository/org/eclipse/microprofile/config/microprofile-config-api/3.1/microprofile-config-api-3.1.jar:/home/runner/.m2/repository/org/apache/kafka/kafka-clients/3.9.1/kafka-clients-3.9.1.jar:/home/runner/.m2/repository/com/github/luben/zstd-jni/1.5.6-4/zstd-jni-1.5.6-4.jar:/home/runner/.m2/repository/org/lz4/lz4-java/1.8.0/lz4-java-1.8.0.jar:/home/runner/.m2/repository/org/xerial/snappy/snappy-java/1.1.10.5/snappy-java-1.1.10.5.jar:/home/runner/.m2/repository/org/slf4j/slf4j-api/2.0.6/slf4j-api-2.0.6.jar:/home/runner/work/apicurio-testing/apicurio-testing/clusters/ci419/namespaces/pg17/tests/integration/apicurio-registry/utils/tests/target/apicurio-registry-utils-tests-3.0.12-SNAPSHOT.jar:/home/runner/work/apicurio-testing/apicurio-testing/clusters/ci419/namespaces/pg17/tests/integration/apicurio-registry/common/target/apicurio-registry-common-3.0.12-SNAPSHOT.jar:/home/runner/.m2/repository/jakarta/validation/jakarta.validation-api/3.0.2/jakarta.validation-api-3.0.2.jar:/home/runner/.m2/repository/com/github/dasniko/testcontainers-keycloak/3.8.0/testcontainers-keycloak-3.8.0.jar:/home/runner/.m2/repository/org/testcontainers/testcontainers/1.20.6/testcontainers-1.20.6.jar:/home/runner/.m2/repository/org/rnorth/duct-tape/duct-tape/1.0.8/duct-tape-1.0.8.jar:/home/runner/.m2/repository/com/github/docker-java/docker-java-transport-zerodep/3.4.1/docker-java-transport-zerodep-3.4.1.jar:/home/runner/.m2/repository/com/github/docker-java/docker-java-transport/3.4.1/docker-java-transport-3.4.1.jar:/home/runner/.m2/repository/net/java/dev/jna/jna/5.8.0/jna-5.8.0.jar:/home/runner/.m2/repository/io/quarkus/quarkus-junit4-mock/3.20.2/quarkus-junit4-mock-3.20.2.jar:/home/runner/.m2/repository/org/jboss/shrinkwrap/shrinkwrap-api/2.0.0-beta-2/shrinkwrap-api-2.0.0-beta-2.jar:/home/runner/.m2/repository/org/jboss/shrinkwrap/shrinkwrap-impl-base/2.0.0-beta-2/shrinkwrap-impl-base-2.0.0-beta-2.jar:/home/runner/.m2/repository/org/jboss/shrinkwrap/shrinkwrap-spi/2.0.0-beta-2/shrinkwrap-spi-2.0.0-beta-2.jar:/home/runner/.m2/repository/org/keycloak/keycloak-admin-client/26.0.4/keycloak-admin-client-26.0.4.jar:/home/runner/.m2/repository/org/keycloak/keycloak-client-common-synced/26.0.4/keycloak-client-common-synced-26.0.4.jar:/home/runner/.m2/repository/jakarta/activation/jakarta.activation-api/2.1.3/jakarta.activation-api-2.1.3.jar:/home/runner/.m2/repository/org/eclipse/microprofile/openapi/microprofile-openapi-api/4.0.2/microprofile-openapi-api-4.0.2.jar:/home/runner/.m2/repository/org/jboss/resteasy/resteasy-client/6.2.12.Final/resteasy-client-6.2.12.Final.jar:/home/runner/.m2/repository/org/jboss/resteasy/resteasy-client-api/6.2.12.Final/resteasy-client-api-6.2.12.Final.jar:/home/runner/.m2/repository/org/jboss/resteasy/resteasy-core-spi/6.2.12.Final/resteasy-core-spi-6.2.12.Final.jar:/home/runner/.m2/repository/org/jboss/resteasy/resteasy-core/6.2.12.Final/resteasy-core-6.2.12.Final.jar:/home/runner/.m2/repository/org/eclipse/angus/angus-activation/2.0.2/angus-activation-2.0.2.jar:/home/runner/.m2/repository/com/ibm/async/asyncutil/0.1.0/asyncutil-0.1.0.jar:/home/runner/.m2/repository/org/reactivestreams/reactive-streams/1.0.4/reactive-streams-1.0.4.jar:/home/runner/.m2/repository/org/jboss/resteasy/resteasy-multipart-provider/6.2.12.Final/resteasy-multipart-provider-6.2.12.Final.jar:/home/runner/.m2/repository/jakarta/mail/jakarta.mail-api/2.1.3/jakarta.mail-api-2.1.3.jar:/home/runner/.m2/repository/org/eclipse/angus/angus-mail/2.0.3/angus-mail-2.0.3.jar:/home/runner/.m2/repository/org/apache/james/apache-mime4j-dom/0.8.12/apache-mime4j-dom-0.8.12.jar:/home/runner/.m2/repository/org/apache/james/apache-mime4j-core/0.8.12/apache-mime4j-core-0.8.12.jar:/home/runner/.m2/repository/org/apache/james/apache-mime4j-storage/0.8.12/apache-mime4j-storage-0.8.12.jar:/home/runner/.m2/repository/org/jboss/resteasy/resteasy-jackson2-provider/6.2.12.Final/resteasy-jackson2-provider-6.2.12.Final.jar:/home/runner/.m2/repository/com/fasterxml/jackson/jakarta/rs/jackson-jakarta-rs-base/2.18.2/jackson-jakarta-rs-base-2.18.2.jar:/home/runner/.m2/repository/com/fasterxml/jackson/jakarta/rs/jackson-jakarta-rs-json-provider/2.18.2/jackson-jakarta-rs-json-provider-2.18.2.jar:/home/runner/.m2/repository/com/fasterxml/jackson/module/jackson-module-jakarta-xmlbind-annotations/2.18.2/jackson-module-jakarta-xmlbind-annotations-2.18.2.jar:/home/runner/.m2/repository/com/github/java-json-tools/json-patch/1.13/json-patch-1.13.jar:/home/runner/.m2/repository/com/github/java-json-tools/msg-simple/1.2/msg-simple-1.2.jar:/home/runner/.m2/repository/com/github/java-json-tools/btf/1.3/btf-1.3.jar:/home/runner/.m2/repository/com/github/java-json-tools/jackson-coreutils/2.0/jackson-coreutils-2.0.jar:/home/runner/.m2/repository/org/jboss/resteasy/resteasy-jaxb-provider/6.2.12.Final/resteasy-jaxb-provider-6.2.12.Final.jar:/home/runner/.m2/repository/org/glassfish/jaxb/codemodel/4.0.5/codemodel-4.0.5.jar:/home/runner/.m2/repository/org/glassfish/jaxb/jaxb-core/4.0.5/jaxb-core-4.0.5.jar:/home/runner/.m2/repository/org/glassfish/jaxb/jaxb-jxc/4.0.5/jaxb-jxc-4.0.5.jar:/home/runner/.m2/repository/org/glassfish/jaxb/jaxb-runtime/4.0.5/jaxb-runtime-4.0.5.jar:/home/runner/.m2/repository/org/glassfish/jaxb/txw2/4.0.5/txw2-4.0.5.jar:/home/runner/.m2/repository/org/glassfish/jaxb/jaxb-xjc/4.0.5/jaxb-xjc-4.0.5.jar:/home/runner/.m2/repository/org/glassfish/jaxb/xsom/4.0.5/xsom-4.0.5.jar:/home/runner/.m2/repository/com/sun/istack/istack-commons-runtime/4.1.2/istack-commons-runtime-4.1.2.jar:/home/runner/.m2/repository/com/sun/istack/istack-commons-tools/4.1.2/istack-commons-tools-4.1.2.jar:/home/runner/.m2/repository/com/sun/xml/bind/external/relaxng-datatype/4.0.5/relaxng-datatype-4.0.5.jar:/home/runner/.m2/repository/com/sun/xml/bind/external/rngom/4.0.5/rngom-4.0.5.jar:/home/runner/.m2/repository/org/testcontainers/mssqlserver/1.20.6/mssqlserver-1.20.6.jar:/home/runner/.m2/repository/org/testcontainers/jdbc/1.20.6/jdbc-1.20.6.jar:/home/runner/.m2/repository/org/testcontainers/database-commons/1.20.6/database-commons-1.20.6.jar:/home/runner/.m2/repository/org/testcontainers/mysql/1.20.6/mysql-1.20.6.jar:/home/runner/.m2/repository/io/strimzi/strimzi-test-container/0.111.0/strimzi-test-container-0.111.0.jar:/home/runner/.m2/repository/org/testcontainers/toxiproxy/1.20.6/toxiproxy-1.20.6.jar:/home/runner/.m2/repository/com/github/docker-java/docker-java-api/3.4.1/docker-java-api-3.4.1.jar:/home/runner/.m2/repository/org/apache/logging/log4j/log4j-slf4j-impl/2.19.0/log4j-slf4j-impl-2.19.0.jar:/home/runner/.m2/repository/org/apache/logging/log4j/log4j-api/2.24.3/log4j-api-2.24.3.jar:/home/runner/.m2/repository/org/apache/logging/log4j/log4j-core/2.19.0/log4j-core-2.19.0.jar:/home/runner/.m2/repository/eu/rekawek/toxiproxy/toxiproxy-java/2.1.7/toxiproxy-java-2.1.7.jar:/home/runner/.m2/repository/org/testcontainers/pulsar/1.21.3/pulsar-1.21.3.jar:/home/runner/.m2/repository/io/debezium/debezium-testing-testcontainers/2.7.4.Final/debezium-testing-testcontainers-2.7.4.Final.jar:/home/runner/.m2/repository/org/testcontainers/kafka/1.20.6/kafka-1.20.6.jar:/home/runner/.m2/repository/com/squareup/okhttp3/okhttp/4.8.1/okhttp-4.8.1.jar:/home/runner/.m2/repository/com/squareup/okio/okio/3.10.2/okio-3.10.2.jar:/home/runner/.m2/repository/com/squareup/okio/okio-jvm/3.10.2/okio-jvm-3.10.2.jar:/home/runner/.m2/repository/org/jetbrains/kotlin/kotlin-stdlib/2.0.21/kotlin-stdlib-2.0.21.jar:/home/runner/.m2/repository/org/awaitility/awaitility/4.3.0/awaitility-4.3.0.jar:/home/runner/.m2/repository/org/testcontainers/mongodb/1.20.6/mongodb-1.20.6.jar:/home/runner/.m2/repository/org/testcontainers/mariadb/1.20.6/mariadb-1.20.6.jar:/home/runner/.m2/repository/org/testcontainers/oracle-xe/1.20.6/oracle-xe-1.20.6.jar:/home/runner/.m2/repository/org/testcontainers/postgresql/1.20.6/postgresql-1.20.6.jar:/home/runner/.m2/repository/org/wiremock/wiremock/3.0.1/wiremock-3.0.1.jar:/home/runner/.m2/repository/org/eclipse/jetty/jetty-server/11.0.15/jetty-server-11.0.15.jar:/home/runner/.m2/repository/org/eclipse/jetty/toolchain/jetty-jakarta-servlet-api/5.0.2/jetty-jakarta-servlet-api-5.0.2.jar:/home/runner/.m2/repository/org/eclipse/jetty/jetty-http/11.0.15/jetty-http-11.0.15.jar:/home/runner/.m2/repository/org/eclipse/jetty/jetty-io/11.0.15/jetty-io-11.0.15.jar:/home/runner/.m2/repository/org/eclipse/jetty/jetty-servlet/11.0.15/jetty-servlet-11.0.15.jar:/home/runner/.m2/repository/org/eclipse/jetty/jetty-security/11.0.15/jetty-security-11.0.15.jar:/home/runner/.m2/repository/org/eclipse/jetty/jetty-servlets/11.0.15/jetty-servlets-11.0.15.jar:/home/runner/.m2/repository/org/eclipse/jetty/jetty-util/11.0.15/jetty-util-11.0.15.jar:/home/runner/.m2/repository/org/eclipse/jetty/jetty-webapp/11.0.15/jetty-webapp-11.0.15.jar:/home/runner/.m2/repository/org/eclipse/jetty/jetty-xml/11.0.15/jetty-xml-11.0.15.jar:/home/runner/.m2/repository/org/eclipse/jetty/jetty-proxy/11.0.15/jetty-proxy-11.0.15.jar:/home/runner/.m2/repository/org/eclipse/jetty/jetty-client/11.0.15/jetty-client-11.0.15.jar:/home/runner/.m2/repository/org/eclipse/jetty/http2/http2-server/11.0.15/http2-server-11.0.15.jar:/home/runner/.m2/repository/org/eclipse/jetty/http2/http2-common/11.0.15/http2-common-11.0.15.jar:/home/runner/.m2/repository/org/eclipse/jetty/http2/http2-hpack/11.0.15/http2-hpack-11.0.15.jar:/home/runner/.m2/repository/org/eclipse/jetty/jetty-alpn-server/11.0.15/jetty-alpn-server-11.0.15.jar:/home/runner/.m2/repository/org/eclipse/jetty/jetty-alpn-java-server/11.0.15/jetty-alpn-java-server-11.0.15.jar:/home/runner/.m2/repository/org/eclipse/jetty/jetty-alpn-java-client/11.0.15/jetty-alpn-java-client-11.0.15.jar:/home/runner/.m2/repository/org/eclipse/jetty/jetty-alpn-client/11.0.15/jetty-alpn-client-11.0.15.jar:/home/runner/.m2/repository/org/apache/httpcomponents/client5/httpclient5/5.2.1/httpclient5-5.2.1.jar:/home/runner/.m2/repository/org/apache/httpcomponents/core5/httpcore5/5.2/httpcore5-5.2.jar:/home/runner/.m2/repository/org/apache/httpcomponents/core5/httpcore5-h2/5.2/httpcore5-h2-5.2.jar:/home/runner/.m2/repository/org/xmlunit/xmlunit-core/2.9.1/xmlunit-core-2.9.1.jar:/home/runner/.m2/repository/jakarta/xml/bind/jakarta.xml.bind-api/4.0.2/jakarta.xml.bind-api-4.0.2.jar:/home/runner/.m2/repository/org/xmlunit/xmlunit-legacy/2.9.1/xmlunit-legacy-2.9.1.jar:/home/runner/.m2/repository/org/xmlunit/xmlunit-placeholders/2.9.1/xmlunit-placeholders-2.9.1.jar:/home/runner/.m2/repository/net/javacrumbs/json-unit/json-unit-core/2.38.0/json-unit-core-2.38.0.jar:/home/runner/.m2/repository/org/hamcrest/hamcrest-core/2.2/hamcrest-core-2.2.jar:/home/runner/.m2/repository/com/jayway/jsonpath/json-path/2.8.0/json-path-2.8.0.jar:/home/runner/.m2/repository/net/minidev/json-smart/2.4.10/json-smart-2.4.10.jar:/home/runner/.m2/repository/net/minidev/accessors-smart/2.4.9/accessors-smart-2.4.9.jar:/home/runner/.m2/repository/org/ow2/asm/asm/9.7.1/asm-9.7.1.jar:/home/runner/.m2/repository/net/sf/jopt-simple/jopt-simple/5.0.4/jopt-simple-5.0.4.jar:/home/runner/.m2/repository/com/github/jknack/handlebars/4.3.1/handlebars-4.3.1.jar:/home/runner/.m2/repository/com/github/jknack/handlebars-helpers/4.3.1/handlebars-helpers-4.3.1.jar:/home/runner/.m2/repository/commons-fileupload/commons-fileupload/1.5/commons-fileupload-1.5.jar:/home/runner/.m2/repository/com/networknt/json-schema-validator/1.5.8/json-schema-validator-1.5.8.jar:/home/runner/.m2/repository/com/ethlo/time/itu/1.10.3/itu-1.10.3.jar:/home/runner/.m2/repository/io/quarkus/quarkus-smallrye-jwt-build/3.20.2/quarkus-smallrye-jwt-build-3.20.2.jar:/home/runner/.m2/repository/io/smallrye/smallrye-jwt-build/4.6.2/smallrye-jwt-build-4.6.2.jar:/home/runner/.m2/repository/org/eclipse/microprofile/jwt/microprofile-jwt-auth-api/2.1/microprofile-jwt-auth-api-2.1.jar:/home/runner/.m2/repository/org/bitbucket/b_c/jose4j/0.9.6/jose4j-0.9.6.jar:/home/runner/.m2/repository/io/smallrye/smallrye-jwt-common/4.6.2/smallrye-jwt-common-4.6.2.jar:/home/runner/.m2/repository/io/quarkus/quarkus-jsonp/3.20.2/quarkus-jsonp-3.20.2.jar:/home/runner/.m2/repository/io/quarkus/quarkus-arc/3.20.2/quarkus-arc-3.20.2.jar:/home/runner/.m2/repository/io/quarkus/arc/arc/3.20.2/arc-3.20.2.jar:/home/runner/.m2/repository/jakarta/transaction/jakarta.transaction-api/2.0.1/jakarta.transaction-api-2.0.1.jar:/home/runner/.m2/repository/io/smallrye/reactive/mutiny/2.9.2/mutiny-2.9.2.jar:/home/runner/.m2/repository/org/jctools/jctools-core/4.0.5/jctools-core-4.0.5.jar:/home/runner/.m2/repository/org/eclipse/microprofile/context-propagation/microprofile-context-propagation-api/1.3/microprofile-context-propagation-api-1.3.jar:/home/runner/.m2/repository/io/apicurio/apicurio-common-rest-client-common/0.1.18.Final/apicurio-common-rest-client-common-0.1.18.Final.jar:/home/runner/work/apicurio-testing/apicurio-testing/clusters/ci419/namespaces/pg17/tests/integration/apicurio-registry/utils/maven-plugin/target/apicurio-registry-maven-plugin-3.0.12-SNAPSHOT.jar:/home/runner/.m2/repository/com/fasterxml/jackson/core/jackson-databind/2.18.2/jackson-databind-2.18.2.jar:/home/runner/.m2/repository/org/apache/avro/avro/1.12.0/avro-1.12.0.jar:/home/runner/.m2/repository/com/google/protobuf/protobuf-java/4.31.1/protobuf-java-4.31.1.jar:/home/runner/.m2/repository/com/google/protobuf/protobuf-java-util/4.31.1/protobuf-java-util-4.31.1.jar:/home/runner/.m2/repository/com/google/code/findbugs/jsr305/3.0.2/jsr305-3.0.2.jar:/home/runner/.m2/repository/com/google/code/gson/gson/2.12.1/gson-2.12.1.jar:/home/runner/.m2/repository/com/google/errorprone/error_prone_annotations/2.36.0/error_prone_annotations-2.36.0.jar:/home/runner/.m2/repository/com/google/j2objc/j2objc-annotations/2.8/j2objc-annotations-2.8.jar:/home/runner/work/apicurio-testing/apicurio-testing/clusters/ci419/namespaces/pg17/tests/integration/apicurio-registry/schema-util/util-provider/target/apicurio-registry-schema-util-provider-3.0.12-SNAPSHOT.jar:/home/runner/work/apicurio-testing/apicurio-testing/clusters/ci419/namespaces/pg17/tests/integration/apicurio-registry/schema-util/common/target/apicurio-registry-schema-util-common-3.0.12-SNAPSHOT.jar:/home/runner/.m2/repository/com/fasterxml/jackson/module/jackson-module-parameter-names/2.18.2/jackson-module-parameter-names-2.18.2.jar:/home/runner/.m2/repository/com/fasterxml/jackson/datatype/jackson-datatype-json-org/2.18.2/jackson-datatype-json-org-2.18.2.jar:/home/runner/work/apicurio-testing/apicurio-testing/clusters/ci419/namespaces/pg17/tests/integration/apicurio-registry/schema-util/json/target/apicurio-registry-schema-util-json-3.0.12-SNAPSHOT.jar:/home/runner/.m2/repository/com/github/erosb/everit-json-schema/1.14.5/everit-json-schema-1.14.5.jar:/home/runner/.m2/repository/commons-validator/commons-validator/1.9.0/commons-validator-1.9.0.jar:/home/runner/.m2/repository/commons-digester/commons-digester/2.1/commons-digester-2.1.jar:/home/runner/.m2/repository/commons-collections/commons-collections/3.2.2/commons-collections-3.2.2.jar:/home/runner/.m2/repository/com/damnhandy/handy-uri-templates/2.1.8/handy-uri-templates-2.1.8.jar:/home/runner/.m2/repository/joda-time/joda-time/2.10.2/joda-time-2.10.2.jar:/home/runner/.m2/repository/com/github/erosb/json-sKema/0.20.0/json-sKema-0.20.0.jar:/home/runner/.m2/repository/io/vertx/vertx-json-schema/4.5.16/vertx-json-schema-4.5.16.jar:/home/runner/work/apicurio-testing/apicurio-testing/clusters/ci419/namespaces/pg17/tests/integration/apicurio-registry/schema-util/protobuf/target/apicurio-registry-schema-util-protobuf-3.0.12-SNAPSHOT.jar:/home/runner/work/apicurio-testing/apicurio-testing/clusters/ci419/namespaces/pg17/tests/integration/apicurio-registry/utils/protobuf-schema-utilities/target/apicurio-registry-protobuf-schema-utilities-3.0.12-SNAPSHOT.jar:/home/runner/.m2/repository/com/google/api/grpc/proto-google-common-protos/2.52.0/proto-google-common-protos-2.52.0.jar:/home/runner/.m2/repository/com/squareup/wire/wire-schema-jvm/5.3.3/wire-schema-jvm-5.3.3.jar:/home/runner/.m2/repository/com/palantir/javapoet/javapoet/0.6.0/javapoet-0.6.0.jar:/home/runner/.m2/repository/com/squareup/kotlinpoet-jvm/2.0.0/kotlinpoet-jvm-2.0.0.jar:/home/runner/.m2/repository/org/jetbrains/kotlin/kotlin-reflect/2.0.21/kotlin-reflect-2.0.21.jar:/home/runner/.m2/repository/com/squareup/wire/wire-runtime-jvm/5.3.3/wire-runtime-jvm-5.3.3.jar:/home/runner/.m2/repository/com/ibm/icu/icu4j/76.1/icu4j-76.1.jar:/home/runner/.m2/repository/com/squareup/okio/okio-fakefilesystem/3.10.2/okio-fakefilesystem-3.10.2.jar:/home/runner/.m2/repository/com/squareup/okio/okio-fakefilesystem-jvm/3.10.2/okio-fakefilesystem-jvm-3.10.2.jar:/home/runner/.m2/repository/org/jetbrains/kotlinx/kotlinx-datetime-jvm/0.6.1/kotlinx-datetime-jvm-0.6.1.jar:/home/runner/work/apicurio-testing/apicurio-testing/clusters/ci419/namespaces/pg17/tests/integration/apicurio-registry/schema-util/asyncapi/target/apicurio-registry-schema-util-asyncapi-3.0.12-SNAPSHOT.jar:/home/runner/work/apicurio-testing/apicurio-testing/clusters/ci419/namespaces/pg17/tests/integration/apicurio-registry/schema-util/avro/target/apicurio-registry-schema-util-avro-3.0.12-SNAPSHOT.jar:/home/runner/work/apicurio-testing/apicurio-testing/clusters/ci419/namespaces/pg17/tests/integration/apicurio-registry/schema-util/graphql/target/apicurio-registry-schema-util-graphql-3.0.12-SNAPSHOT.jar:/home/runner/.m2/repository/com/graphql-java/graphql-java/22.4/graphql-java-22.4.jar:/home/runner/.m2/repository/com/graphql-java/java-dataloader/3.3.0/java-dataloader-3.3.0.jar:/home/runner/work/apicurio-testing/apicurio-testing/clusters/ci419/namespaces/pg17/tests/integration/apicurio-registry/schema-util/kconnect/target/apicurio-registry-schema-util-kconnect-3.0.12-SNAPSHOT.jar:/home/runner/work/apicurio-testing/apicurio-testing/clusters/ci419/namespaces/pg17/tests/integration/apicurio-registry/schema-util/openapi/target/apicurio-registry-schema-util-openapi-3.0.12-SNAPSHOT.jar:/home/runner/.m2/repository/io/apicurio/apicurio-data-models/2.2.2/apicurio-data-models-2.2.2.jar:/home/runner/.m2/repository/org/openapitools/openapidiff/openapi-diff-core/2.1.2/openapi-diff-core-2.1.2.jar:/home/runner/.m2/repository/io/swagger/parser/v3/swagger-parser/2.1.28/swagger-parser-2.1.28.jar:/home/runner/.m2/repository/io/swagger/parser/v3/swagger-parser-v2-converter/2.1.28/swagger-parser-v2-converter-2.1.28.jar:/home/runner/.m2/repository/io/swagger/swagger-core/1.6.16/swagger-core-1.6.16.jar:/home/runner/.m2/repository/io/swagger/swagger-models/1.6.16/swagger-models-1.6.16.jar:/home/runner/.m2/repository/io/swagger/swagger-annotations/1.6.16/swagger-annotations-1.6.16.jar:/home/runner/.m2/repository/io/swagger/swagger-parser/1.0.75/swagger-parser-1.0.75.jar:/home/runner/.m2/repository/io/swagger/swagger-parser-safe-url-resolver/1.0.75/swagger-parser-safe-url-resolver-1.0.75.jar:/home/runner/.m2/repository/io/swagger/swagger-compat-spec-parser/1.0.75/swagger-compat-spec-parser-1.0.75.jar:/home/runner/.m2/repository/com/github/java-json-tools/json-schema-validator/2.2.14/json-schema-validator-2.2.14.jar:/home/runner/.m2/repository/com/github/java-json-tools/jackson-coreutils-equivalence/1.0/jackson-coreutils-equivalence-1.0.jar:/home/runner/.m2/repository/com/github/java-json-tools/json-schema-core/1.2.14/json-schema-core-1.2.14.jar:/home/runner/.m2/repository/com/github/java-json-tools/uri-template/0.10/uri-template-0.10.jar:/home/runner/.m2/repository/com/googlecode/libphonenumber/libphonenumber/8.11.1/libphonenumber-8.11.1.jar:/home/runner/.m2/repository/com/j2html/j2html/1.6.0/j2html-1.6.0.jar:/home/runner/.m2/repository/org/apache/commons/commons-collections4/4.5.0/commons-collections4-4.5.0.jar:/home/runner/.m2/repository/org/slf4j/jcl-over-slf4j/2.0.17/jcl-over-slf4j-2.0.17.jar:/home/runner/.m2/repository/io/swagger/parser/v3/swagger-parser-v3/2.1.31/swagger-parser-v3-2.1.31.jar:/home/runner/.m2/repository/io/swagger/core/v3/swagger-models/2.2.34/swagger-models-2.2.34.jar:/home/runner/.m2/repository/io/swagger/core/v3/swagger-core/2.2.34/swagger-core-2.2.34.jar:/home/runner/.m2/repository/io/swagger/parser/v3/swagger-parser-core/2.1.31/swagger-parser-core-2.1.31.jar:/home/runner/.m2/repository/io/swagger/parser/v3/swagger-parser-safe-url-resolver/2.1.31/swagger-parser-safe-url-resolver-2.1.31.jar:/home/runner/work/apicurio-testing/apicurio-testing/clusters/ci419/namespaces/pg17/tests/integration/apicurio-registry/schema-util/wsdl/target/apicurio-registry-schema-util-wsdl-3.0.12-SNAPSHOT.jar:/home/runner/.m2/repository/wsdl4j/wsdl4j/1.6.3/wsdl4j-1.6.3.jar:/home/runner/work/apicurio-testing/apicurio-testing/clusters/ci419/namespaces/pg17/tests/integration/apicurio-registry/schema-util/xml/target/apicurio-registry-schema-util-xml-3.0.12-SNAPSHOT.jar:/home/runner/.m2/repository/org/apache/santuario/xmlsec/4.0.4/xmlsec-4.0.4.jar:/home/runner/.m2/repository/com/fasterxml/woodstox/woodstox-core/7.1.1/woodstox-core-7.1.1.jar:/home/runner/.m2/repository/org/codehaus/woodstox/stax2-api/4.2.2/stax2-api-4.2.2.jar:/home/runner/work/apicurio-testing/apicurio-testing/clusters/ci419/namespaces/pg17/tests/integration/apicurio-registry/schema-util/xsd/target/apicurio-registry-schema-util-xsd-3.0.12-SNAPSHOT.jar:/home/runner/work/apicurio-testing/apicurio-testing/clusters/ci419/namespaces/pg17/tests/integration/apicurio-registry/serdes/kafka/jsonschema-serde/target/apicurio-registry-jsonschema-serde-kafka-3.0.12-SNAPSHOT.jar:/home/runner/work/apicurio-testing/apicurio-testing/clusters/ci419/namespaces/pg17/tests/integration/apicurio-registry/serdes/kafka/serde-kafka-common/target/apicurio-registry-serde-kafka-common-3.0.12-SNAPSHOT.jar:/home/runner/work/apicurio-testing/apicurio-testing/clusters/ci419/namespaces/pg17/tests/integration/apicurio-registry/serdes/generic/serde-common/target/apicurio-registry-serde-common-3.0.12-SNAPSHOT.jar:/home/runner/work/apicurio-testing/apicurio-testing/clusters/ci419/namespaces/pg17/tests/integration/apicurio-registry/serdes/generic/serde-common-jsonschema/target/apicurio-registry-serde-common-jsonschema-3.0.12-SNAPSHOT.jar:/home/runner/.m2/repository/org/json/json/20250107/json-20250107.jar:/home/runner/work/apicurio-testing/apicurio-testing/clusters/ci419/namespaces/pg17/tests/integration/apicurio-registry/serdes/kafka/avro-serde/target/apicurio-registry-avro-serde-kafka-3.0.12-SNAPSHOT.jar:/home/runner/work/apicurio-testing/apicurio-testing/clusters/ci419/namespaces/pg17/tests/integration/apicurio-registry/serdes/generic/serde-common-avro/target/apicurio-registry-serde-common-avro-3.0.12-SNAPSHOT.jar:/home/runner/work/apicurio-testing/apicurio-testing/clusters/ci419/namespaces/pg17/tests/integration/apicurio-registry/serdes/kafka/protobuf-serde/target/apicurio-registry-protobuf-serde-kafka-3.0.12-SNAPSHOT.jar:/home/runner/work/apicurio-testing/apicurio-testing/clusters/ci419/namespaces/pg17/tests/integration/apicurio-registry/serdes/generic/serde-common-protobuf/target/apicurio-registry-serde-common-protobuf-3.0.12-SNAPSHOT.jar:/home/runner/.m2/repository/com/squareup/wire/wire-schema/5.3.3/wire-schema-5.3.3.jar:/home/runner/.m2/repository/com/squareup/wire/wire-runtime/5.3.3/wire-runtime-5.3.3.jar:/home/runner/work/apicurio-testing/apicurio-testing/clusters/ci419/namespaces/pg17/tests/integration/apicurio-registry/serdes/pulsar/avro-serde/target/apicurio-registry-avro-serde-pulsar-3.0.12-SNAPSHOT.jar:/home/runner/.m2/repository/org/apache/pulsar/pulsar-functions-api/3.3.8/pulsar-functions-api-3.3.8.jar:/home/runner/work/apicurio-testing/apicurio-testing/clusters/ci419/namespaces/pg17/tests/integration/apicurio-registry/serdes/nats/avro-serde/target/apicurio-registry-avro-serde-nats-3.0.12-SNAPSHOT.jar:/home/runner/.m2/repository/io/nats/jnats/2.21.4/jnats-2.21.4.jar:/home/runner/.m2/repository/org/bouncycastle/bcprov-lts8on/2.73.7/bcprov-lts8on-2.73.7.jar:/home/runner/.m2/repository/org/jetbrains/annotations/26.0.2/annotations-26.0.2.jar:/home/runner/work/apicurio-testing/apicurio-testing/clusters/ci419/namespaces/pg17/tests/integration/apicurio-registry/utils/converter/target/apicurio-registry-utils-converter-3.0.12-SNAPSHOT.jar:/home/runner/work/apicurio-testing/apicurio-testing/clusters/ci419/namespaces/pg17/tests/integration/apicurio-registry/schema-resolver/target/apicurio-registry-schema-resolver-3.0.12-SNAPSHOT.jar:/home/runner/.m2/repository/org/apache/kafka/connect-api/3.9.1/connect-api-3.9.1.jar:/home/runner/.m2/repository/javax/ws/rs/javax.ws.rs-api/2.1.1/javax.ws.rs-api-2.1.1.jar:/home/runner/.m2/repository/org/apache/kafka/connect-json/3.9.1/connect-json-3.9.1.jar:/home/runner/.m2/repository/com/fasterxml/jackson/datatype/jackson-datatype-jdk8/2.18.2/jackson-datatype-jdk8-2.18.2.jar:/home/runner/.m2/repository/com/fasterxml/jackson/module/jackson-module-afterburner/2.18.2/jackson-module-afterburner-2.18.2.jar:/home/runner/work/apicurio-testing/apicurio-testing/clusters/ci419/namespaces/pg17/tests/integration/apicurio-registry/utils/kafka/target/apicurio-registry-utils-kafka-3.0.12-SNAPSHOT.jar:/home/runner/.m2/repository/org/apache/pulsar/pulsar-client/3.3.8/pulsar-client-3.3.8.jar:/home/runner/.m2/repository/org/apache/pulsar/pulsar-client-api/3.3.8/pulsar-client-api-3.3.8.jar:/home/runner/.m2/repository/org/apache/pulsar/pulsar-client-admin-api/3.3.8/pulsar-client-admin-api-3.3.8.jar:/home/runner/.m2/repository/org/apache/pulsar/bouncy-castle-bc/3.3.8/bouncy-castle-bc-3.3.8-pkg.jar:/home/runner/.m2/repository/org/bouncycastle/bcpkix-jdk18on/1.81/bcpkix-jdk18on-1.81.jar:/home/runner/.m2/repository/org/bouncycastle/bcutil-jdk18on/1.81/bcutil-jdk18on-1.81.jar:/home/runner/.m2/repository/org/bouncycastle/bcprov-jdk18on/1.81/bcprov-jdk18on-1.81.jar:/home/runner/.m2/repository/io/opentelemetry/opentelemetry-api/1.44.1/opentelemetry-api-1.44.1.jar:/home/runner/.m2/repository/io/opentelemetry/opentelemetry-context/1.44.1/opentelemetry-context-1.44.1.jar:/home/runner/.m2/repository/io/opentelemetry/opentelemetry-api-incubator/1.44.1-alpha/opentelemetry-api-incubator-1.44.1-alpha.jar:/home/runner/.m2/repository/com/fasterxml/jackson/core/jackson-annotations/2.18.2/jackson-annotations-2.18.2.jar:/home/runner/.m2/repository/javax/validation/validation-api/1.1.0.Final/validation-api-1.1.0.Final.jar:/home/runner/.m2/repository/org/jspecify/jspecify/1.0.0/jspecify-1.0.0.jar:/home/runner/.m2/repository/org/apache/commons/commons-configuration2/2.12.0/commons-configuration2-2.12.0.jar:/home/runner/.m2/repository/commons-logging/commons-logging/1.3.5/commons-logging-1.3.5.jar:/home/runner/.m2/repository/org/apache/commons/commons-text/1.13.0/commons-text-1.13.0.jar:/home/runner/.m2/repository/io/confluent/kafka-avro-serializer/8.0.0/kafka-avro-serializer-8.0.0.jar:/home/runner/.m2/repository/org/apache/commons/commons-compress/1.27.1/commons-compress-1.27.1.jar:/home/runner/.m2/repository/io/confluent/kafka-schema-serializer/8.0.0/kafka-schema-serializer-8.0.0.jar:/home/runner/.m2/repository/com/fasterxml/jackson/dataformat/jackson-dataformat-csv/2.18.2/jackson-dataformat-csv-2.18.2.jar:/home/runner/.m2/repository/io/confluent/kafka-schema-registry-client/8.0.0/kafka-schema-registry-client-8.0.0.jar:/home/runner/.m2/repository/org/yaml/snakeyaml/2.3/snakeyaml-2.3.jar:/home/runner/.m2/repository/io/swagger/core/v3/swagger-annotations/2.2.29/swagger-annotations-2.2.29.jar:/home/runner/.m2/repository/com/google/guava/guava/33.4.0-jre/guava-33.4.0-jre.jar:/home/runner/.m2/repository/com/google/guava/failureaccess/1.0.1/failureaccess-1.0.1.jar:/home/runner/.m2/repository/org/checkerframework/checker-qual/3.49.0/checker-qual-3.49.0.jar:/home/runner/.m2/repository/io/confluent/logredactor/1.0.13/logredactor-1.0.13.jar:/home/runner/.m2/repository/com/google/re2j/re2j/1.6/re2j-1.6.jar:/home/runner/.m2/repository/io/confluent/logredactor-metrics/1.0.13/logredactor-metrics-1.0.13.jar:/home/runner/.m2/repository/com/eclipsesource/minimal-json/minimal-json/0.9.5/minimal-json-0.9.5.jar:/home/runner/.m2/repository/io/confluent/common-utils/8.0.0/common-utils-8.0.0.jar:/home/runner/.m2/repository/io/confluent/kafka-connect-avro-converter/8.0.0/kafka-connect-avro-converter-8.0.0.jar:/home/runner/.m2/repository/io/confluent/kafka-connect-avro-data/8.0.0/kafka-connect-avro-data-8.0.0.jar:/home/runner/.m2/repository/io/confluent/kafka-schema-converter/8.0.0/kafka-schema-converter-8.0.0.jar:/home/runner/.m2/repository/io/rest-assured/rest-assured/5.5.1/rest-assured-5.5.1.jar:/home/runner/.m2/repository/org/apache/groovy/groovy/4.0.22/groovy-4.0.22.jar:/home/runner/.m2/repository/org/apache/groovy/groovy-xml/4.0.22/groovy-xml-4.0.22.jar:/home/runner/.m2/repository/org/apache/httpcomponents/httpclient/4.5.14/httpclient-4.5.14.jar:/home/runner/.m2/repository/org/apache/httpcomponents/httpcore/4.4.16/httpcore-4.4.16.jar:/home/runner/.m2/repository/org/apache/httpcomponents/httpmime/4.5.14/httpmime-4.5.14.jar:/home/runner/.m2/repository/org/hamcrest/hamcrest/2.2/hamcrest-2.2.jar:/home/runner/.m2/repository/org/ccil/cowan/tagsoup/tagsoup/1.2.1/tagsoup-1.2.1.jar:/home/runner/.m2/repository/io/rest-assured/json-path/5.5.1/json-path-5.5.1.jar:/home/runner/.m2/repository/org/apache/groovy/groovy-json/4.0.22/groovy-json-4.0.22.jar:/home/runner/.m2/repository/io/rest-assured/rest-assured-common/5.5.1/rest-assured-common-5.5.1.jar:/home/runner/.m2/repository/io/rest-assured/xml-path/5.5.1/xml-path-5.5.1.jar:/home/runner/.m2/repository/io/zonky/test/embedded-postgres/2.1.0/embedded-postgres-2.1.0.jar:/home/runner/.m2/repository/io/zonky/test/postgres/embedded-postgres-binaries-windows-amd64/14.15.0/embedded-postgres-binaries-windows-amd64-14.15.0.jar:/home/runner/.m2/repository/io/zonky/test/postgres/embedded-postgres-binaries-darwin-amd64/14.15.0/embedded-postgres-binaries-darwin-amd64-14.15.0.jar:/home/runner/.m2/repository/io/zonky/test/postgres/embedded-postgres-binaries-linux-amd64/14.15.0/embedded-postgres-binaries-linux-amd64-14.15.0.jar:/home/runner/.m2/repository/io/zonky/test/postgres/embedded-postgres-binaries-linux-amd64-alpine/14.15.0/embedded-postgres-binaries-linux-amd64-alpine-14.15.0.jar:/home/runner/.m2/repository/org/apache/commons/commons-lang3/3.17.0/commons-lang3-3.17.0.jar:/home/runner/.m2/repository/org/tukaani/xz/1.10/xz-1.10.jar:/home/runner/.m2/repository/commons-codec/commons-codec/1.19.0/commons-codec-1.19.0.jar:/home/runner/.m2/repository/org/postgresql/postgresql/42.7.7/postgresql-42.7.7.jar:/home/runner/.m2/repository/commons-io/commons-io/2.18.0/commons-io-2.18.0.jar:/home/runner/work/apicurio-testing/apicurio-testing/clusters/ci419/namespaces/pg17/tests/integration/apicurio-registry/utils/importexport/target/apicurio-registry-utils-import-export-3.0.12-SNAPSHOT.jar:/home/runner/.m2/repository/io/vertx/vertx-core/4.5.16/vertx-core-4.5.16.jar:/home/runner/.m2/repository/io/netty/netty-common/4.1.121.Final/netty-common-4.1.121.Final.jar:/home/runner/.m2/repository/io/netty/netty-buffer/4.1.121.Final/netty-buffer-4.1.121.Final.jar:/home/runner/.m2/repository/io/netty/netty-transport/4.1.121.Final/netty-transport-4.1.121.Final.jar:/home/runner/.m2/repository/io/netty/netty-handler/4.1.121.Final/netty-handler-4.1.121.Final.jar:/home/runner/.m2/repository/io/netty/netty-transport-native-unix-common/4.1.121.Final/netty-transport-native-unix-common-4.1.121.Final.jar:/home/runner/.m2/repository/io/netty/netty-codec/4.1.121.Final/netty-codec-4.1.121.Final.jar:/home/runner/.m2/repository/io/netty/netty-handler-proxy/4.1.121.Final/netty-handler-proxy-4.1.121.Final.jar:/home/runner/.m2/repository/io/netty/netty-codec-socks/4.1.121.Final/netty-codec-socks-4.1.121.Final.jar:/home/runner/.m2/repository/io/netty/netty-codec-http/4.1.121.Final/netty-codec-http-4.1.121.Final.jar:/home/runner/.m2/repository/io/netty/netty-codec-http2/4.1.121.Final/netty-codec-http2-4.1.121.Final.jar:/home/runner/.m2/repository/io/netty/netty-resolver/4.1.121.Final/netty-resolver-4.1.121.Final.jar:/home/runner/.m2/repository/io/netty/netty-resolver-dns/4.1.121.Final/netty-resolver-dns-4.1.121.Final.jar:/home/runner/.m2/repository/io/netty/netty-codec-dns/4.1.121.Final/netty-codec-dns-4.1.121.Final.jar:/home/runner/.m2/repository/com/fasterxml/jackson/core/jackson-core/2.18.2/jackson-core-2.18.2.jar:"/>
    <property name="java.vm.vendor" value="Eclipse Adoptium"/>
    <property name="maven.javadoc.skip" value="true"/>
    <property name="sun.arch.data.model" value="64"/>
    <property name="java.vendor.url" value="https://adoptium.net/"/>
    <property name="user.timezone" value="Etc/UTC"/>
    <property name="os.name" value="Linux"/>
    <property name="java.vm.specification.version" value="17"/>
    <property name="sun.java.launcher" value="SUN_STANDARD"/>
    <property name="quarkus.http.test-port" value="80"/>
    <property name="sun.boot.library.path" value="/usr/lib/jvm/temurin-17-jdk-amd64/lib"/>
    <property name="sun.java.command" value="/home/runner/work/apicurio-testing/apicurio-testing/clusters/ci419/namespaces/pg17/tests/integration/apicurio-registry/integration-tests/target/surefire/surefirebooter-20250806185152150_3.jar /home/runner/work/apicurio-testing/apicurio-testing/clusters/ci419/namespaces/pg17/tests/integration/apicurio-registry/integration-tests/target/surefire 2025-08-06T18-51-52_041-jvmRun1 surefire-20250806185152150_1tmp surefire_0-20250806185152150_2tmp"/>
    <property name="maven.home" value="/home/runner/.m2/wrapper/dists/apache-maven-3.9.8-bin/4fnp1ql35bgk2a0p7m31ovbgb0/apache-maven-3.9.8"/>
    <property name="jdk.debug" value="release"/>
    <property name="surefire.test.class.path" value="/home/runner/work/apicurio-testing/apicurio-testing/clusters/ci419/namespaces/pg17/tests/integration/apicurio-registry/integration-tests/target/test-classes:/home/runner/work/apicurio-testing/apicurio-testing/clusters/ci419/namespaces/pg17/tests/integration/apicurio-registry/integration-tests/target/apicurio-registry-integration-tests-3.0.12-SNAPSHOT.jar:/home/runner/.m2/repository/io/quarkus/quarkus-junit5/3.20.2/quarkus-junit5-3.20.2.jar:/home/runner/.m2/repository/io/quarkus/quarkus-bootstrap-core/3.20.2/quarkus-bootstrap-core-3.20.2.jar:/home/runner/.m2/repository/io/quarkus/quarkus-classloader-commons/3.20.2/quarkus-classloader-commons-3.20.2.jar:/home/runner/.m2/repository/io/quarkus/quarkus-bootstrap-app-model/3.20.2/quarkus-bootstrap-app-model-3.20.2.jar:/home/runner/.m2/repository/io/smallrye/common/smallrye-common-io/2.12.0/smallrye-common-io-2.12.0.jar:/home/runner/.m2/repository/org/eclipse/sisu/org.eclipse.sisu.inject/0.9.0.M3/org.eclipse.sisu.inject-0.9.0.M3.jar:/home/runner/.m2/repository/io/quarkus/quarkus-test-common/3.20.2/quarkus-test-common-3.20.2.jar:/home/runner/.m2/repository/io/quarkus/quarkus-core-deployment/3.20.2/quarkus-core-deployment-3.20.2.jar:/home/runner/.m2/repository/org/aesh/readline/2.6/readline-2.6.jar:/home/runner/.m2/repository/org/fusesource/jansi/jansi/2.4.0/jansi-2.4.0.jar:/home/runner/.m2/repository/org/aesh/aesh/2.8.2/aesh-2.8.2.jar:/home/runner/.m2/repository/io/quarkus/gizmo/gizmo/1.8.0/gizmo-1.8.0.jar:/home/runner/.m2/repository/org/ow2/asm/asm-util/9.7.1/asm-util-9.7.1.jar:/home/runner/.m2/repository/org/ow2/asm/asm-analysis/9.7.1/asm-analysis-9.7.1.jar:/home/runner/.m2/repository/org/ow2/asm/asm-commons/9.7.1/asm-commons-9.7.1.jar:/home/runner/.m2/repository/org/ow2/asm/asm-tree/9.7.1/asm-tree-9.7.1.jar:/home/runner/.m2/repository/io/quarkus/quarkus-hibernate-validator-spi/3.20.2/quarkus-hibernate-validator-spi-3.20.2.jar:/home/runner/.m2/repository/io/quarkus/quarkus-class-change-agent/3.20.2/quarkus-class-change-agent-3.20.2.jar:/home/runner/.m2/repository/io/quarkus/quarkus-devtools-utilities/3.20.2/quarkus-devtools-utilities-3.20.2.jar:/home/runner/.m2/repository/io/quarkus/quarkus-builder/3.20.2/quarkus-builder-3.20.2.jar:/home/runner/.m2/repository/org/graalvm/sdk/nativeimage/23.1.2/nativeimage-23.1.2.jar:/home/runner/.m2/repository/org/graalvm/sdk/word/23.1.2/word-23.1.2.jar:/home/runner/.m2/repository/io/quarkus/quarkus-bootstrap-maven-resolver/3.20.2/quarkus-bootstrap-maven-resolver-3.20.2.jar:/home/runner/.m2/repository/io/smallrye/beanbag/smallrye-beanbag-maven/1.5.2/smallrye-beanbag-maven-1.5.2.jar:/home/runner/.m2/repository/io/smallrye/beanbag/smallrye-beanbag-sisu/1.5.2/smallrye-beanbag-sisu-1.5.2.jar:/home/runner/.m2/repository/io/smallrye/beanbag/smallrye-beanbag/1.5.2/smallrye-beanbag-1.5.2.jar:/home/runner/.m2/repository/javax/inject/javax.inject/1/javax.inject-1.jar:/home/runner/.m2/repository/org/apache/maven/maven-artifact/3.9.9/maven-artifact-3.9.9.jar:/home/runner/.m2/repository/org/apache/maven/maven-builder-support/3.9.9/maven-builder-support-3.9.9.jar:/home/runner/.m2/repository/org/apache/maven/maven-model/3.9.9/maven-model-3.9.9.jar:/home/runner/.m2/repository/org/apache/maven/maven-model-builder/3.9.9/maven-model-builder-3.9.9.jar:/home/runner/.m2/repository/org/apache/maven/maven-repository-metadata/3.9.9/maven-repository-metadata-3.9.9.jar:/home/runner/.m2/repository/org/apache/maven/maven-settings/3.9.9/maven-settings-3.9.9.jar:/home/runner/.m2/repository/org/apache/maven/resolver/maven-resolver-api/1.9.22/maven-resolver-api-1.9.22.jar:/home/runner/.m2/repository/org/apache/maven/resolver/maven-resolver-impl/1.9.22/maven-resolver-impl-1.9.22.jar:/home/runner/.m2/repository/org/apache/maven/resolver/maven-resolver-named-locks/1.9.22/maven-resolver-named-locks-1.9.22.jar:/home/runner/.m2/repository/org/apache/maven/resolver/maven-resolver-spi/1.9.22/maven-resolver-spi-1.9.22.jar:/home/runner/.m2/repository/org/apache/maven/resolver/maven-resolver-util/1.9.22/maven-resolver-util-1.9.22.jar:/home/runner/.m2/repository/org/apache/maven/resolver/maven-resolver-transport-http/1.9.20/maven-resolver-transport-http-1.9.20.jar:/home/runner/.m2/repository/org/apache/maven/wagon/wagon-provider-api/3.5.3/wagon-provider-api-3.5.3.jar:/home/runner/.m2/repository/org/apache/maven/wagon/wagon-http-shared/3.5.3/wagon-http-shared-3.5.3.jar:/home/runner/.m2/repository/org/codehaus/plexus/plexus-interpolation/1.26/plexus-interpolation-1.26.jar:/home/runner/.m2/repository/org/codehaus/plexus/plexus-utils/3.5.1/plexus-utils-3.5.1.jar:/home/runner/.m2/repository/org/codehaus/plexus/plexus-xml/4.0.1/plexus-xml-4.0.1.jar:/home/runner/.m2/repository/org/apache/maven/maven-xml-impl/4.0.0-alpha-5/maven-xml-impl-4.0.0-alpha-5.jar:/home/runner/.m2/repository/org/apache/maven/maven-api-xml/4.0.0-alpha-5/maven-api-xml-4.0.0-alpha-5.jar:/home/runner/.m2/repository/org/apache/maven/maven-api-meta/4.0.0-alpha-5/maven-api-meta-4.0.0-alpha-5.jar:/home/runner/.m2/repository/org/codehaus/plexus/plexus-cipher/2.0/plexus-cipher-2.0.jar:/home/runner/.m2/repository/org/codehaus/plexus/plexus-sec-dispatcher/2.0/plexus-sec-dispatcher-2.0.jar:/home/runner/.m2/repository/org/apache/maven/maven-embedder/3.9.9/maven-embedder-3.9.9.jar:/home/runner/.m2/repository/org/apache/maven/maven-core/3.9.9/maven-core-3.9.9.jar:/home/runner/.m2/repository/org/codehaus/plexus/plexus-component-annotations/2.1.0/plexus-component-annotations-2.1.0.jar:/home/runner/.m2/repository/org/apache/maven/maven-plugin-api/3.9.9/maven-plugin-api-3.9.9.jar:/home/runner/.m2/repository/org/apache/maven/shared/maven-shared-utils/3.4.2/maven-shared-utils-3.4.2.jar:/home/runner/.m2/repository/com/google/inject/guice/5.1.0/guice-5.1.0.jar:/home/runner/.m2/repository/aopalliance/aopalliance/1.0/aopalliance-1.0.jar:/home/runner/.m2/repository/org/codehaus/plexus/plexus-classworlds/2.6.0/plexus-classworlds-2.6.0.jar:/home/runner/.m2/repository/commons-cli/commons-cli/1.8.0/commons-cli-1.8.0.jar:/home/runner/.m2/repository/org/eclipse/sisu/org.eclipse.sisu.plexus/0.9.0.M3/org.eclipse.sisu.plexus-0.9.0.M3.jar:/home/runner/.m2/repository/org/apache/maven/maven-settings-builder/3.9.9/maven-settings-builder-3.9.9.jar:/home/runner/.m2/repository/org/apache/maven/maven-resolver-provider/3.9.9/maven-resolver-provider-3.9.9.jar:/home/runner/.m2/repository/org/apache/maven/resolver/maven-resolver-connector-basic/1.9.22/maven-resolver-connector-basic-1.9.22.jar:/home/runner/.m2/repository/org/apache/maven/resolver/maven-resolver-transport-wagon/1.9.22/maven-resolver-transport-wagon-1.9.22.jar:/home/runner/.m2/repository/org/apache/maven/wagon/wagon-http/3.5.3/wagon-http-3.5.3.jar:/home/runner/.m2/repository/org/apache/maven/wagon/wagon-file/3.5.3/wagon-file-3.5.3.jar:/home/runner/.m2/repository/io/quarkus/quarkus-bootstrap-gradle-resolver/3.20.2/quarkus-bootstrap-gradle-resolver-3.20.2.jar:/home/runner/.m2/repository/io/smallrye/jandex/3.3.0/jandex-3.3.0.jar:/home/runner/.m2/repository/org/jboss/logging/commons-logging-jboss-logging/1.0.0.Final/commons-logging-jboss-logging-1.0.0.Final.jar:/home/runner/.m2/repository/io/quarkus/quarkus-junit5-config/3.20.2/quarkus-junit5-config-3.20.2.jar:/home/runner/.m2/repository/org/junit/jupiter/junit-jupiter-api/5.12.1/junit-jupiter-api-5.12.1.jar:/home/runner/.m2/repository/io/smallrye/config/smallrye-config/3.11.4/smallrye-config-3.11.4.jar:/home/runner/.m2/repository/io/smallrye/config/smallrye-config-core/3.11.4/smallrye-config-core-3.11.4.jar:/home/runner/.m2/repository/io/smallrye/common/smallrye-common-classloader/2.12.0/smallrye-common-classloader-2.12.0.jar:/home/runner/.m2/repository/io/smallrye/config/smallrye-config-common/3.11.4/smallrye-config-common-3.11.4.jar:/home/runner/.m2/repository/org/junit/jupiter/junit-jupiter/5.12.1/junit-jupiter-5.12.1.jar:/home/runner/.m2/repository/org/junit/jupiter/junit-jupiter-params/5.12.1/junit-jupiter-params-5.12.1.jar:/home/runner/.m2/repository/org/junit/jupiter/junit-jupiter-engine/5.12.1/junit-jupiter-engine-5.12.1.jar:/home/runner/.m2/repository/io/quarkus/quarkus-core/3.20.2/quarkus-core-3.20.2.jar:/home/runner/.m2/repository/jakarta/enterprise/jakarta.enterprise.cdi-api/4.1.0/jakarta.enterprise.cdi-api-4.1.0.jar:/home/runner/.m2/repository/jakarta/enterprise/jakarta.enterprise.lang-model/4.1.0/jakarta.enterprise.lang-model-4.1.0.jar:/home/runner/.m2/repository/jakarta/el/jakarta.el-api/5.0.1/jakarta.el-api-5.0.1.jar:/home/runner/.m2/repository/jakarta/interceptor/jakarta.interceptor-api/2.2.0/jakarta.interceptor-api-2.2.0.jar:/home/runner/.m2/repository/jakarta/inject/jakarta.inject-api/2.0.1/jakarta.inject-api-2.0.1.jar:/home/runner/.m2/repository/io/smallrye/common/smallrye-common-os/2.12.0/smallrye-common-os-2.12.0.jar:/home/runner/.m2/repository/io/quarkus/quarkus-ide-launcher/3.20.2/quarkus-ide-launcher-3.20.2.jar:/home/runner/.m2/repository/io/quarkus/quarkus-development-mode-spi/3.20.2/quarkus-development-mode-spi-3.20.2.jar:/home/runner/.m2/repository/org/jboss/logging/jboss-logging/3.6.1.Final/jboss-logging-3.6.1.Final.jar:/home/runner/.m2/repository/org/jboss/logmanager/jboss-logmanager/3.1.2.Final/jboss-logmanager-3.1.2.Final.jar:/home/runner/.m2/repository/io/smallrye/common/smallrye-common-constraint/2.12.0/smallrye-common-constraint-2.12.0.jar:/home/runner/.m2/repository/io/smallrye/common/smallrye-common-cpu/2.12.0/smallrye-common-cpu-2.12.0.jar:/home/runner/.m2/repository/io/smallrye/common/smallrye-common-expression/2.12.0/smallrye-common-expression-2.12.0.jar:/home/runner/.m2/repository/io/smallrye/common/smallrye-common-net/2.12.0/smallrye-common-net-2.12.0.jar:/home/runner/.m2/repository/io/smallrye/common/smallrye-common-ref/2.12.0/smallrye-common-ref-2.12.0.jar:/home/runner/.m2/repository/jakarta/json/jakarta.json-api/2.1.3/jakarta.json-api-2.1.3.jar:/home/runner/.m2/repository/org/eclipse/parsson/parsson/1.1.7/parsson-1.1.7.jar:/home/runner/.m2/repository/org/jboss/logging/jboss-logging-annotations/3.0.4.Final/jboss-logging-annotations-3.0.4.Final.jar:/home/runner/.m2/repository/org/jboss/threads/jboss-threads/3.8.0.Final/jboss-threads-3.8.0.Final.jar:/home/runner/.m2/repository/io/smallrye/common/smallrye-common-annotation/2.12.0/smallrye-common-annotation-2.12.0.jar:/home/runner/.m2/repository/io/smallrye/common/smallrye-common-function/2.12.0/smallrye-common-function-2.12.0.jar:/home/runner/.m2/repository/org/jboss/slf4j/slf4j-jboss-logmanager/2.0.0.Final/slf4j-jboss-logmanager-2.0.0.Final.jar:/home/runner/.m2/repository/org/wildfly/common/wildfly-common/2.0.1/wildfly-common-2.0.1.jar:/home/runner/.m2/repository/io/quarkus/quarkus-bootstrap-runner/3.20.2/quarkus-bootstrap-runner-3.20.2.jar:/home/runner/.m2/repository/io/github/crac/org-crac/0.1.3/org-crac-0.1.3.jar:/home/runner/.m2/repository/io/quarkus/quarkus-fs-util/0.0.10/quarkus-fs-util-0.0.10.jar:/home/runner/.m2/repository/org/jboss/marshalling/jboss-marshalling/2.2.2.Final/jboss-marshalling-2.2.2.Final.jar:/home/runner/.m2/repository/io/fabric8/kubernetes-client/7.1.0/kubernetes-client-7.1.0.jar:/home/runner/.m2/repository/io/fabric8/kubernetes-client-api/7.1.0/kubernetes-client-api-7.1.0.jar:/home/runner/.m2/repository/io/fabric8/kubernetes-model-core/7.1.0/kubernetes-model-core-7.1.0.jar:/home/runner/.m2/repository/io/fabric8/kubernetes-model-common/7.1.0/kubernetes-model-common-7.1.0.jar:/home/runner/.m2/repository/javax/annotation/javax.annotation-api/1.3.2/javax.annotation-api-1.3.2.jar:/home/runner/.m2/repository/io/fabric8/kubernetes-model-gatewayapi/7.1.0/kubernetes-model-gatewayapi-7.1.0.jar:/home/runner/.m2/repository/io/fabric8/kubernetes-model-resource/7.1.0/kubernetes-model-resource-7.1.0.jar:/home/runner/.m2/repository/io/fabric8/kubernetes-model-rbac/7.1.0/kubernetes-model-rbac-7.1.0.jar:/home/runner/.m2/repository/io/fabric8/kubernetes-model-admissionregistration/7.1.0/kubernetes-model-admissionregistration-7.1.0.jar:/home/runner/.m2/repository/io/fabric8/kubernetes-model-apps/7.1.0/kubernetes-model-apps-7.1.0.jar:/home/runner/.m2/repository/io/fabric8/kubernetes-model-autoscaling/7.1.0/kubernetes-model-autoscaling-7.1.0.jar:/home/runner/.m2/repository/io/fabric8/kubernetes-model-apiextensions/7.1.0/kubernetes-model-apiextensions-7.1.0.jar:/home/runner/.m2/repository/io/fabric8/kubernetes-model-batch/7.1.0/kubernetes-model-batch-7.1.0.jar:/home/runner/.m2/repository/io/fabric8/kubernetes-model-certificates/7.1.0/kubernetes-model-certificates-7.1.0.jar:/home/runner/.m2/repository/io/fabric8/kubernetes-model-coordination/7.1.0/kubernetes-model-coordination-7.1.0.jar:/home/runner/.m2/repository/io/fabric8/kubernetes-model-discovery/7.1.0/kubernetes-model-discovery-7.1.0.jar:/home/runner/.m2/repository/io/fabric8/kubernetes-model-events/7.1.0/kubernetes-model-events-7.1.0.jar:/home/runner/.m2/repository/io/fabric8/kubernetes-model-extensions/7.1.0/kubernetes-model-extensions-7.1.0.jar:/home/runner/.m2/repository/io/fabric8/kubernetes-model-flowcontrol/7.1.0/kubernetes-model-flowcontrol-7.1.0.jar:/home/runner/.m2/repository/io/fabric8/kubernetes-model-networking/7.1.0/kubernetes-model-networking-7.1.0.jar:/home/runner/.m2/repository/io/fabric8/kubernetes-model-metrics/7.1.0/kubernetes-model-metrics-7.1.0.jar:/home/runner/.m2/repository/io/fabric8/kubernetes-model-policy/7.1.0/kubernetes-model-policy-7.1.0.jar:/home/runner/.m2/repository/io/fabric8/kubernetes-model-scheduling/7.1.0/kubernetes-model-scheduling-7.1.0.jar:/home/runner/.m2/repository/io/fabric8/kubernetes-model-storageclass/7.1.0/kubernetes-model-storageclass-7.1.0.jar:/home/runner/.m2/repository/io/fabric8/kubernetes-model-node/7.1.0/kubernetes-model-node-7.1.0.jar:/home/runner/.m2/repository/org/snakeyaml/snakeyaml-engine/2.9/snakeyaml-engine-2.9.jar:/home/runner/.m2/repository/com/fasterxml/jackson/dataformat/jackson-dataformat-yaml/2.18.2/jackson-dataformat-yaml-2.18.2.jar:/home/runner/.m2/repository/com/fasterxml/jackson/datatype/jackson-datatype-jsr310/2.18.2/jackson-datatype-jsr310-2.18.2.jar:/home/runner/.m2/repository/io/fabric8/zjsonpatch/7.1.0/zjsonpatch-7.1.0.jar:/home/runner/.m2/repository/io/fabric8/kubernetes-httpclient-vertx/7.1.0/kubernetes-httpclient-vertx-7.1.0.jar:/home/runner/.m2/repository/io/vertx/vertx-web-client/4.5.16/vertx-web-client-4.5.16.jar:/home/runner/.m2/repository/io/vertx/vertx-web-common/4.5.16/vertx-web-common-4.5.16.jar:/home/runner/.m2/repository/io/vertx/vertx-auth-common/4.5.16/vertx-auth-common-4.5.16.jar:/home/runner/.m2/repository/io/vertx/vertx-uri-template/4.5.16/vertx-uri-template-4.5.16.jar:/home/runner/.m2/repository/io/fabric8/openshift-client/7.1.0/openshift-client-7.1.0.jar:/home/runner/.m2/repository/io/fabric8/openshift-client-api/7.1.0/openshift-client-api-7.1.0.jar:/home/runner/.m2/repository/io/fabric8/openshift-model/7.1.0/openshift-model-7.1.0.jar:/home/runner/.m2/repository/io/fabric8/openshift-model-autoscaling/7.1.0/openshift-model-autoscaling-7.1.0.jar:/home/runner/.m2/repository/io/fabric8/openshift-model-operator/7.1.0/openshift-model-operator-7.1.0.jar:/home/runner/.m2/repository/io/fabric8/openshift-model-operatorhub/7.1.0/openshift-model-operatorhub-7.1.0.jar:/home/runner/.m2/repository/io/fabric8/openshift-model-machine/7.1.0/openshift-model-machine-7.1.0.jar:/home/runner/.m2/repository/io/fabric8/openshift-model-whereabouts/7.1.0/openshift-model-whereabouts-7.1.0.jar:/home/runner/.m2/repository/io/fabric8/openshift-model-monitoring/7.1.0/openshift-model-monitoring-7.1.0.jar:/home/runner/.m2/repository/io/fabric8/openshift-model-storageversionmigrator/7.1.0/openshift-model-storageversionmigrator-7.1.0.jar:/home/runner/.m2/repository/io/fabric8/openshift-model-tuned/7.1.0/openshift-model-tuned-7.1.0.jar:/home/runner/.m2/repository/io/fabric8/openshift-model-console/7.1.0/openshift-model-console-7.1.0.jar:/home/runner/.m2/repository/io/fabric8/openshift-model-config/7.1.0/openshift-model-config-7.1.0.jar:/home/runner/.m2/repository/io/fabric8/openshift-model-machineconfiguration/7.1.0/openshift-model-machineconfiguration-7.1.0.jar:/home/runner/.m2/repository/io/fabric8/openshift-model-miscellaneous/7.1.0/openshift-model-miscellaneous-7.1.0.jar:/home/runner/.m2/repository/io/fabric8/openshift-model-hive/7.1.0/openshift-model-hive-7.1.0.jar:/home/runner/.m2/repository/io/fabric8/openshift-model-installer/7.1.0/openshift-model-installer-7.1.0.jar:/home/runner/.m2/repository/org/junit/platform/junit-platform-launcher/1.12.1/junit-platform-launcher-1.12.1.jar:/home/runner/.m2/repository/org/junit/platform/junit-platform-engine/1.12.1/junit-platform-engine-1.12.1.jar:/home/runner/.m2/repository/org/opentest4j/opentest4j/1.3.0/opentest4j-1.3.0.jar:/home/runner/.m2/repository/org/junit/platform/junit-platform-commons/1.12.1/junit-platform-commons-1.12.1.jar:/home/runner/.m2/repository/org/apiguardian/apiguardian-api/1.1.2/apiguardian-api-1.1.2.jar:/home/runner/.m2/repository/jakarta/ws/rs/jakarta.ws.rs-api/3.1.0/jakarta.ws.rs-api-3.1.0.jar:/home/runner/work/apicurio-testing/apicurio-testing/clusters/ci419/namespaces/pg17/tests/integration/apicurio-registry/java-sdk/target/apicurio-registry-java-sdk-3.0.12-SNAPSHOT.jar:/home/runner/.m2/repository/com/microsoft/kiota/microsoft-kiota-abstractions/1.8.8/microsoft-kiota-abstractions-1.8.8.jar:/home/runner/.m2/repository/io/github/std-uritemplate/std-uritemplate/2.0.0/std-uritemplate-2.0.0.jar:/home/runner/.m2/repository/io/kiota/kiota-http-jdk/0.0.29/kiota-http-jdk-0.0.29.jar:/home/runner/.m2/repository/io/kiota/kiota-http-vertx/0.0.29/kiota-http-vertx-0.0.29.jar:/home/runner/.m2/repository/io/kiota/kiota-serialization-jackson/0.0.29/kiota-serialization-jackson-0.0.29.jar:/home/runner/.m2/repository/com/microsoft/kiota/microsoft-kiota-serialization-text/1.8.8/microsoft-kiota-serialization-text-1.8.8.jar:/home/runner/.m2/repository/com/microsoft/kiota/microsoft-kiota-serialization-form/1.8.8/microsoft-kiota-serialization-form-1.8.8.jar:/home/runner/.m2/repository/com/microsoft/kiota/microsoft-kiota-serialization-multipart/1.8.8/microsoft-kiota-serialization-multipart-1.8.8.jar:/home/runner/.m2/repository/jakarta/annotation/jakarta.annotation-api/3.0.0/jakarta.annotation-api-3.0.0.jar:/home/runner/.m2/repository/io/vertx/vertx-auth-oauth2/4.5.16/vertx-auth-oauth2-4.5.16.jar:/home/runner/work/apicurio-testing/apicurio-testing/clusters/ci419/namespaces/pg17/tests/integration/apicurio-registry/java-sdk-v2/target/apicurio-registry-v2-java-sdk-3.0.12-SNAPSHOT.jar:/home/runner/work/apicurio-testing/apicurio-testing/clusters/ci419/namespaces/pg17/tests/integration/apicurio-registry/utils/kafka/target/apicurio-registry-utils-kafka-3.0.12-SNAPSHOT-tests.jar:/home/runner/.m2/repository/org/eclipse/microprofile/config/microprofile-config-api/3.1/microprofile-config-api-3.1.jar:/home/runner/.m2/repository/org/apache/kafka/kafka-clients/3.9.1/kafka-clients-3.9.1.jar:/home/runner/.m2/repository/com/github/luben/zstd-jni/1.5.6-4/zstd-jni-1.5.6-4.jar:/home/runner/.m2/repository/org/lz4/lz4-java/1.8.0/lz4-java-1.8.0.jar:/home/runner/.m2/repository/org/xerial/snappy/snappy-java/1.1.10.5/snappy-java-1.1.10.5.jar:/home/runner/.m2/repository/org/slf4j/slf4j-api/2.0.6/slf4j-api-2.0.6.jar:/home/runner/work/apicurio-testing/apicurio-testing/clusters/ci419/namespaces/pg17/tests/integration/apicurio-registry/utils/tests/target/apicurio-registry-utils-tests-3.0.12-SNAPSHOT.jar:/home/runner/work/apicurio-testing/apicurio-testing/clusters/ci419/namespaces/pg17/tests/integration/apicurio-registry/common/target/apicurio-registry-common-3.0.12-SNAPSHOT.jar:/home/runner/.m2/repository/jakarta/validation/jakarta.validation-api/3.0.2/jakarta.validation-api-3.0.2.jar:/home/runner/.m2/repository/com/github/dasniko/testcontainers-keycloak/3.8.0/testcontainers-keycloak-3.8.0.jar:/home/runner/.m2/repository/org/testcontainers/testcontainers/1.20.6/testcontainers-1.20.6.jar:/home/runner/.m2/repository/org/rnorth/duct-tape/duct-tape/1.0.8/duct-tape-1.0.8.jar:/home/runner/.m2/repository/com/github/docker-java/docker-java-transport-zerodep/3.4.1/docker-java-transport-zerodep-3.4.1.jar:/home/runner/.m2/repository/com/github/docker-java/docker-java-transport/3.4.1/docker-java-transport-3.4.1.jar:/home/runner/.m2/repository/net/java/dev/jna/jna/5.8.0/jna-5.8.0.jar:/home/runner/.m2/repository/io/quarkus/quarkus-junit4-mock/3.20.2/quarkus-junit4-mock-3.20.2.jar:/home/runner/.m2/repository/org/jboss/shrinkwrap/shrinkwrap-api/2.0.0-beta-2/shrinkwrap-api-2.0.0-beta-2.jar:/home/runner/.m2/repository/org/jboss/shrinkwrap/shrinkwrap-impl-base/2.0.0-beta-2/shrinkwrap-impl-base-2.0.0-beta-2.jar:/home/runner/.m2/repository/org/jboss/shrinkwrap/shrinkwrap-spi/2.0.0-beta-2/shrinkwrap-spi-2.0.0-beta-2.jar:/home/runner/.m2/repository/org/keycloak/keycloak-admin-client/26.0.4/keycloak-admin-client-26.0.4.jar:/home/runner/.m2/repository/org/keycloak/keycloak-client-common-synced/26.0.4/keycloak-client-common-synced-26.0.4.jar:/home/runner/.m2/repository/jakarta/activation/jakarta.activation-api/2.1.3/jakarta.activation-api-2.1.3.jar:/home/runner/.m2/repository/org/eclipse/microprofile/openapi/microprofile-openapi-api/4.0.2/microprofile-openapi-api-4.0.2.jar:/home/runner/.m2/repository/org/jboss/resteasy/resteasy-client/6.2.12.Final/resteasy-client-6.2.12.Final.jar:/home/runner/.m2/repository/org/jboss/resteasy/resteasy-client-api/6.2.12.Final/resteasy-client-api-6.2.12.Final.jar:/home/runner/.m2/repository/org/jboss/resteasy/resteasy-core-spi/6.2.12.Final/resteasy-core-spi-6.2.12.Final.jar:/home/runner/.m2/repository/org/jboss/resteasy/resteasy-core/6.2.12.Final/resteasy-core-6.2.12.Final.jar:/home/runner/.m2/repository/org/eclipse/angus/angus-activation/2.0.2/angus-activation-2.0.2.jar:/home/runner/.m2/repository/com/ibm/async/asyncutil/0.1.0/asyncutil-0.1.0.jar:/home/runner/.m2/repository/org/reactivestreams/reactive-streams/1.0.4/reactive-streams-1.0.4.jar:/home/runner/.m2/repository/org/jboss/resteasy/resteasy-multipart-provider/6.2.12.Final/resteasy-multipart-provider-6.2.12.Final.jar:/home/runner/.m2/repository/jakarta/mail/jakarta.mail-api/2.1.3/jakarta.mail-api-2.1.3.jar:/home/runner/.m2/repository/org/eclipse/angus/angus-mail/2.0.3/angus-mail-2.0.3.jar:/home/runner/.m2/repository/org/apache/james/apache-mime4j-dom/0.8.12/apache-mime4j-dom-0.8.12.jar:/home/runner/.m2/repository/org/apache/james/apache-mime4j-core/0.8.12/apache-mime4j-core-0.8.12.jar:/home/runner/.m2/repository/org/apache/james/apache-mime4j-storage/0.8.12/apache-mime4j-storage-0.8.12.jar:/home/runner/.m2/repository/org/jboss/resteasy/resteasy-jackson2-provider/6.2.12.Final/resteasy-jackson2-provider-6.2.12.Final.jar:/home/runner/.m2/repository/com/fasterxml/jackson/jakarta/rs/jackson-jakarta-rs-base/2.18.2/jackson-jakarta-rs-base-2.18.2.jar:/home/runner/.m2/repository/com/fasterxml/jackson/jakarta/rs/jackson-jakarta-rs-json-provider/2.18.2/jackson-jakarta-rs-json-provider-2.18.2.jar:/home/runner/.m2/repository/com/fasterxml/jackson/module/jackson-module-jakarta-xmlbind-annotations/2.18.2/jackson-module-jakarta-xmlbind-annotations-2.18.2.jar:/home/runner/.m2/repository/com/github/java-json-tools/json-patch/1.13/json-patch-1.13.jar:/home/runner/.m2/repository/com/github/java-json-tools/msg-simple/1.2/msg-simple-1.2.jar:/home/runner/.m2/repository/com/github/java-json-tools/btf/1.3/btf-1.3.jar:/home/runner/.m2/repository/com/github/java-json-tools/jackson-coreutils/2.0/jackson-coreutils-2.0.jar:/home/runner/.m2/repository/org/jboss/resteasy/resteasy-jaxb-provider/6.2.12.Final/resteasy-jaxb-provider-6.2.12.Final.jar:/home/runner/.m2/repository/org/glassfish/jaxb/codemodel/4.0.5/codemodel-4.0.5.jar:/home/runner/.m2/repository/org/glassfish/jaxb/jaxb-core/4.0.5/jaxb-core-4.0.5.jar:/home/runner/.m2/repository/org/glassfish/jaxb/jaxb-jxc/4.0.5/jaxb-jxc-4.0.5.jar:/home/runner/.m2/repository/org/glassfish/jaxb/jaxb-runtime/4.0.5/jaxb-runtime-4.0.5.jar:/home/runner/.m2/repository/org/glassfish/jaxb/txw2/4.0.5/txw2-4.0.5.jar:/home/runner/.m2/repository/org/glassfish/jaxb/jaxb-xjc/4.0.5/jaxb-xjc-4.0.5.jar:/home/runner/.m2/repository/org/glassfish/jaxb/xsom/4.0.5/xsom-4.0.5.jar:/home/runner/.m2/repository/com/sun/istack/istack-commons-runtime/4.1.2/istack-commons-runtime-4.1.2.jar:/home/runner/.m2/repository/com/sun/istack/istack-commons-tools/4.1.2/istack-commons-tools-4.1.2.jar:/home/runner/.m2/repository/com/sun/xml/bind/external/relaxng-datatype/4.0.5/relaxng-datatype-4.0.5.jar:/home/runner/.m2/repository/com/sun/xml/bind/external/rngom/4.0.5/rngom-4.0.5.jar:/home/runner/.m2/repository/org/testcontainers/mssqlserver/1.20.6/mssqlserver-1.20.6.jar:/home/runner/.m2/repository/org/testcontainers/jdbc/1.20.6/jdbc-1.20.6.jar:/home/runner/.m2/repository/org/testcontainers/database-commons/1.20.6/database-commons-1.20.6.jar:/home/runner/.m2/repository/org/testcontainers/mysql/1.20.6/mysql-1.20.6.jar:/home/runner/.m2/repository/io/strimzi/strimzi-test-container/0.111.0/strimzi-test-container-0.111.0.jar:/home/runner/.m2/repository/org/testcontainers/toxiproxy/1.20.6/toxiproxy-1.20.6.jar:/home/runner/.m2/repository/com/github/docker-java/docker-java-api/3.4.1/docker-java-api-3.4.1.jar:/home/runner/.m2/repository/org/apache/logging/log4j/log4j-slf4j-impl/2.19.0/log4j-slf4j-impl-2.19.0.jar:/home/runner/.m2/repository/org/apache/logging/log4j/log4j-api/2.24.3/log4j-api-2.24.3.jar:/home/runner/.m2/repository/org/apache/logging/log4j/log4j-core/2.19.0/log4j-core-2.19.0.jar:/home/runner/.m2/repository/eu/rekawek/toxiproxy/toxiproxy-java/2.1.7/toxiproxy-java-2.1.7.jar:/home/runner/.m2/repository/org/testcontainers/pulsar/1.21.3/pulsar-1.21.3.jar:/home/runner/.m2/repository/io/debezium/debezium-testing-testcontainers/2.7.4.Final/debezium-testing-testcontainers-2.7.4.Final.jar:/home/runner/.m2/repository/org/testcontainers/kafka/1.20.6/kafka-1.20.6.jar:/home/runner/.m2/repository/com/squareup/okhttp3/okhttp/4.8.1/okhttp-4.8.1.jar:/home/runner/.m2/repository/com/squareup/okio/okio/3.10.2/okio-3.10.2.jar:/home/runner/.m2/repository/com/squareup/okio/okio-jvm/3.10.2/okio-jvm-3.10.2.jar:/home/runner/.m2/repository/org/jetbrains/kotlin/kotlin-stdlib/2.0.21/kotlin-stdlib-2.0.21.jar:/home/runner/.m2/repository/org/awaitility/awaitility/4.3.0/awaitility-4.3.0.jar:/home/runner/.m2/repository/org/testcontainers/mongodb/1.20.6/mongodb-1.20.6.jar:/home/runner/.m2/repository/org/testcontainers/mariadb/1.20.6/mariadb-1.20.6.jar:/home/runner/.m2/repository/org/testcontainers/oracle-xe/1.20.6/oracle-xe-1.20.6.jar:/home/runner/.m2/repository/org/testcontainers/postgresql/1.20.6/postgresql-1.20.6.jar:/home/runner/.m2/repository/org/wiremock/wiremock/3.0.1/wiremock-3.0.1.jar:/home/runner/.m2/repository/org/eclipse/jetty/jetty-server/11.0.15/jetty-server-11.0.15.jar:/home/runner/.m2/repository/org/eclipse/jetty/toolchain/jetty-jakarta-servlet-api/5.0.2/jetty-jakarta-servlet-api-5.0.2.jar:/home/runner/.m2/repository/org/eclipse/jetty/jetty-http/11.0.15/jetty-http-11.0.15.jar:/home/runner/.m2/repository/org/eclipse/jetty/jetty-io/11.0.15/jetty-io-11.0.15.jar:/home/runner/.m2/repository/org/eclipse/jetty/jetty-servlet/11.0.15/jetty-servlet-11.0.15.jar:/home/runner/.m2/repository/org/eclipse/jetty/jetty-security/11.0.15/jetty-security-11.0.15.jar:/home/runner/.m2/repository/org/eclipse/jetty/jetty-servlets/11.0.15/jetty-servlets-11.0.15.jar:/home/runner/.m2/repository/org/eclipse/jetty/jetty-util/11.0.15/jetty-util-11.0.15.jar:/home/runner/.m2/repository/org/eclipse/jetty/jetty-webapp/11.0.15/jetty-webapp-11.0.15.jar:/home/runner/.m2/repository/org/eclipse/jetty/jetty-xml/11.0.15/jetty-xml-11.0.15.jar:/home/runner/.m2/repository/org/eclipse/jetty/jetty-proxy/11.0.15/jetty-proxy-11.0.15.jar:/home/runner/.m2/repository/org/eclipse/jetty/jetty-client/11.0.15/jetty-client-11.0.15.jar:/home/runner/.m2/repository/org/eclipse/jetty/http2/http2-server/11.0.15/http2-server-11.0.15.jar:/home/runner/.m2/repository/org/eclipse/jetty/http2/http2-common/11.0.15/http2-common-11.0.15.jar:/home/runner/.m2/repository/org/eclipse/jetty/http2/http2-hpack/11.0.15/http2-hpack-11.0.15.jar:/home/runner/.m2/repository/org/eclipse/jetty/jetty-alpn-server/11.0.15/jetty-alpn-server-11.0.15.jar:/home/runner/.m2/repository/org/eclipse/jetty/jetty-alpn-java-server/11.0.15/jetty-alpn-java-server-11.0.15.jar:/home/runner/.m2/repository/org/eclipse/jetty/jetty-alpn-java-client/11.0.15/jetty-alpn-java-client-11.0.15.jar:/home/runner/.m2/repository/org/eclipse/jetty/jetty-alpn-client/11.0.15/jetty-alpn-client-11.0.15.jar:/home/runner/.m2/repository/org/apache/httpcomponents/client5/httpclient5/5.2.1/httpclient5-5.2.1.jar:/home/runner/.m2/repository/org/apache/httpcomponents/core5/httpcore5/5.2/httpcore5-5.2.jar:/home/runner/.m2/repository/org/apache/httpcomponents/core5/httpcore5-h2/5.2/httpcore5-h2-5.2.jar:/home/runner/.m2/repository/org/xmlunit/xmlunit-core/2.9.1/xmlunit-core-2.9.1.jar:/home/runner/.m2/repository/jakarta/xml/bind/jakarta.xml.bind-api/4.0.2/jakarta.xml.bind-api-4.0.2.jar:/home/runner/.m2/repository/org/xmlunit/xmlunit-legacy/2.9.1/xmlunit-legacy-2.9.1.jar:/home/runner/.m2/repository/org/xmlunit/xmlunit-placeholders/2.9.1/xmlunit-placeholders-2.9.1.jar:/home/runner/.m2/repository/net/javacrumbs/json-unit/json-unit-core/2.38.0/json-unit-core-2.38.0.jar:/home/runner/.m2/repository/org/hamcrest/hamcrest-core/2.2/hamcrest-core-2.2.jar:/home/runner/.m2/repository/com/jayway/jsonpath/json-path/2.8.0/json-path-2.8.0.jar:/home/runner/.m2/repository/net/minidev/json-smart/2.4.10/json-smart-2.4.10.jar:/home/runner/.m2/repository/net/minidev/accessors-smart/2.4.9/accessors-smart-2.4.9.jar:/home/runner/.m2/repository/org/ow2/asm/asm/9.7.1/asm-9.7.1.jar:/home/runner/.m2/repository/net/sf/jopt-simple/jopt-simple/5.0.4/jopt-simple-5.0.4.jar:/home/runner/.m2/repository/com/github/jknack/handlebars/4.3.1/handlebars-4.3.1.jar:/home/runner/.m2/repository/com/github/jknack/handlebars-helpers/4.3.1/handlebars-helpers-4.3.1.jar:/home/runner/.m2/repository/commons-fileupload/commons-fileupload/1.5/commons-fileupload-1.5.jar:/home/runner/.m2/repository/com/networknt/json-schema-validator/1.5.8/json-schema-validator-1.5.8.jar:/home/runner/.m2/repository/com/ethlo/time/itu/1.10.3/itu-1.10.3.jar:/home/runner/.m2/repository/io/quarkus/quarkus-smallrye-jwt-build/3.20.2/quarkus-smallrye-jwt-build-3.20.2.jar:/home/runner/.m2/repository/io/smallrye/smallrye-jwt-build/4.6.2/smallrye-jwt-build-4.6.2.jar:/home/runner/.m2/repository/org/eclipse/microprofile/jwt/microprofile-jwt-auth-api/2.1/microprofile-jwt-auth-api-2.1.jar:/home/runner/.m2/repository/org/bitbucket/b_c/jose4j/0.9.6/jose4j-0.9.6.jar:/home/runner/.m2/repository/io/smallrye/smallrye-jwt-common/4.6.2/smallrye-jwt-common-4.6.2.jar:/home/runner/.m2/repository/io/quarkus/quarkus-jsonp/3.20.2/quarkus-jsonp-3.20.2.jar:/home/runner/.m2/repository/io/quarkus/quarkus-arc/3.20.2/quarkus-arc-3.20.2.jar:/home/runner/.m2/repository/io/quarkus/arc/arc/3.20.2/arc-3.20.2.jar:/home/runner/.m2/repository/jakarta/transaction/jakarta.transaction-api/2.0.1/jakarta.transaction-api-2.0.1.jar:/home/runner/.m2/repository/io/smallrye/reactive/mutiny/2.9.2/mutiny-2.9.2.jar:/home/runner/.m2/repository/org/jctools/jctools-core/4.0.5/jctools-core-4.0.5.jar:/home/runner/.m2/repository/org/eclipse/microprofile/context-propagation/microprofile-context-propagation-api/1.3/microprofile-context-propagation-api-1.3.jar:/home/runner/.m2/repository/io/apicurio/apicurio-common-rest-client-common/0.1.18.Final/apicurio-common-rest-client-common-0.1.18.Final.jar:/home/runner/work/apicurio-testing/apicurio-testing/clusters/ci419/namespaces/pg17/tests/integration/apicurio-registry/utils/maven-plugin/target/apicurio-registry-maven-plugin-3.0.12-SNAPSHOT.jar:/home/runner/.m2/repository/com/fasterxml/jackson/core/jackson-databind/2.18.2/jackson-databind-2.18.2.jar:/home/runner/.m2/repository/org/apache/avro/avro/1.12.0/avro-1.12.0.jar:/home/runner/.m2/repository/com/google/protobuf/protobuf-java/4.31.1/protobuf-java-4.31.1.jar:/home/runner/.m2/repository/com/google/protobuf/protobuf-java-util/4.31.1/protobuf-java-util-4.31.1.jar:/home/runner/.m2/repository/com/google/code/findbugs/jsr305/3.0.2/jsr305-3.0.2.jar:/home/runner/.m2/repository/com/google/code/gson/gson/2.12.1/gson-2.12.1.jar:/home/runner/.m2/repository/com/google/errorprone/error_prone_annotations/2.36.0/error_prone_annotations-2.36.0.jar:/home/runner/.m2/repository/com/google/j2objc/j2objc-annotations/2.8/j2objc-annotations-2.8.jar:/home/runner/work/apicurio-testing/apicurio-testing/clusters/ci419/namespaces/pg17/tests/integration/apicurio-registry/schema-util/util-provider/target/apicurio-registry-schema-util-provider-3.0.12-SNAPSHOT.jar:/home/runner/work/apicurio-testing/apicurio-testing/clusters/ci419/namespaces/pg17/tests/integration/apicurio-registry/schema-util/common/target/apicurio-registry-schema-util-common-3.0.12-SNAPSHOT.jar:/home/runner/.m2/repository/com/fasterxml/jackson/module/jackson-module-parameter-names/2.18.2/jackson-module-parameter-names-2.18.2.jar:/home/runner/.m2/repository/com/fasterxml/jackson/datatype/jackson-datatype-json-org/2.18.2/jackson-datatype-json-org-2.18.2.jar:/home/runner/work/apicurio-testing/apicurio-testing/clusters/ci419/namespaces/pg17/tests/integration/apicurio-registry/schema-util/json/target/apicurio-registry-schema-util-json-3.0.12-SNAPSHOT.jar:/home/runner/.m2/repository/com/github/erosb/everit-json-schema/1.14.5/everit-json-schema-1.14.5.jar:/home/runner/.m2/repository/commons-validator/commons-validator/1.9.0/commons-validator-1.9.0.jar:/home/runner/.m2/repository/commons-digester/commons-digester/2.1/commons-digester-2.1.jar:/home/runner/.m2/repository/commons-collections/commons-collections/3.2.2/commons-collections-3.2.2.jar:/home/runner/.m2/repository/com/damnhandy/handy-uri-templates/2.1.8/handy-uri-templates-2.1.8.jar:/home/runner/.m2/repository/joda-time/joda-time/2.10.2/joda-time-2.10.2.jar:/home/runner/.m2/repository/com/github/erosb/json-sKema/0.20.0/json-sKema-0.20.0.jar:/home/runner/.m2/repository/io/vertx/vertx-json-schema/4.5.16/vertx-json-schema-4.5.16.jar:/home/runner/work/apicurio-testing/apicurio-testing/clusters/ci419/namespaces/pg17/tests/integration/apicurio-registry/schema-util/protobuf/target/apicurio-registry-schema-util-protobuf-3.0.12-SNAPSHOT.jar:/home/runner/work/apicurio-testing/apicurio-testing/clusters/ci419/namespaces/pg17/tests/integration/apicurio-registry/utils/protobuf-schema-utilities/target/apicurio-registry-protobuf-schema-utilities-3.0.12-SNAPSHOT.jar:/home/runner/.m2/repository/com/google/api/grpc/proto-google-common-protos/2.52.0/proto-google-common-protos-2.52.0.jar:/home/runner/.m2/repository/com/squareup/wire/wire-schema-jvm/5.3.3/wire-schema-jvm-5.3.3.jar:/home/runner/.m2/repository/com/palantir/javapoet/javapoet/0.6.0/javapoet-0.6.0.jar:/home/runner/.m2/repository/com/squareup/kotlinpoet-jvm/2.0.0/kotlinpoet-jvm-2.0.0.jar:/home/runner/.m2/repository/org/jetbrains/kotlin/kotlin-reflect/2.0.21/kotlin-reflect-2.0.21.jar:/home/runner/.m2/repository/com/squareup/wire/wire-runtime-jvm/5.3.3/wire-runtime-jvm-5.3.3.jar:/home/runner/.m2/repository/com/ibm/icu/icu4j/76.1/icu4j-76.1.jar:/home/runner/.m2/repository/com/squareup/okio/okio-fakefilesystem/3.10.2/okio-fakefilesystem-3.10.2.jar:/home/runner/.m2/repository/com/squareup/okio/okio-fakefilesystem-jvm/3.10.2/okio-fakefilesystem-jvm-3.10.2.jar:/home/runner/.m2/repository/org/jetbrains/kotlinx/kotlinx-datetime-jvm/0.6.1/kotlinx-datetime-jvm-0.6.1.jar:/home/runner/work/apicurio-testing/apicurio-testing/clusters/ci419/namespaces/pg17/tests/integration/apicurio-registry/schema-util/asyncapi/target/apicurio-registry-schema-util-asyncapi-3.0.12-SNAPSHOT.jar:/home/runner/work/apicurio-testing/apicurio-testing/clusters/ci419/namespaces/pg17/tests/integration/apicurio-registry/schema-util/avro/target/apicurio-registry-schema-util-avro-3.0.12-SNAPSHOT.jar:/home/runner/work/apicurio-testing/apicurio-testing/clusters/ci419/namespaces/pg17/tests/integration/apicurio-registry/schema-util/graphql/target/apicurio-registry-schema-util-graphql-3.0.12-SNAPSHOT.jar:/home/runner/.m2/repository/com/graphql-java/graphql-java/22.4/graphql-java-22.4.jar:/home/runner/.m2/repository/com/graphql-java/java-dataloader/3.3.0/java-dataloader-3.3.0.jar:/home/runner/work/apicurio-testing/apicurio-testing/clusters/ci419/namespaces/pg17/tests/integration/apicurio-registry/schema-util/kconnect/target/apicurio-registry-schema-util-kconnect-3.0.12-SNAPSHOT.jar:/home/runner/work/apicurio-testing/apicurio-testing/clusters/ci419/namespaces/pg17/tests/integration/apicurio-registry/schema-util/openapi/target/apicurio-registry-schema-util-openapi-3.0.12-SNAPSHOT.jar:/home/runner/.m2/repository/io/apicurio/apicurio-data-models/2.2.2/apicurio-data-models-2.2.2.jar:/home/runner/.m2/repository/org/openapitools/openapidiff/openapi-diff-core/2.1.2/openapi-diff-core-2.1.2.jar:/home/runner/.m2/repository/io/swagger/parser/v3/swagger-parser/2.1.28/swagger-parser-2.1.28.jar:/home/runner/.m2/repository/io/swagger/parser/v3/swagger-parser-v2-converter/2.1.28/swagger-parser-v2-converter-2.1.28.jar:/home/runner/.m2/repository/io/swagger/swagger-core/1.6.16/swagger-core-1.6.16.jar:/home/runner/.m2/repository/io/swagger/swagger-models/1.6.16/swagger-models-1.6.16.jar:/home/runner/.m2/repository/io/swagger/swagger-annotations/1.6.16/swagger-annotations-1.6.16.jar:/home/runner/.m2/repository/io/swagger/swagger-parser/1.0.75/swagger-parser-1.0.75.jar:/home/runner/.m2/repository/io/swagger/swagger-parser-safe-url-resolver/1.0.75/swagger-parser-safe-url-resolver-1.0.75.jar:/home/runner/.m2/repository/io/swagger/swagger-compat-spec-parser/1.0.75/swagger-compat-spec-parser-1.0.75.jar:/home/runner/.m2/repository/com/github/java-json-tools/json-schema-validator/2.2.14/json-schema-validator-2.2.14.jar:/home/runner/.m2/repository/com/github/java-json-tools/jackson-coreutils-equivalence/1.0/jackson-coreutils-equivalence-1.0.jar:/home/runner/.m2/repository/com/github/java-json-tools/json-schema-core/1.2.14/json-schema-core-1.2.14.jar:/home/runner/.m2/repository/com/github/java-json-tools/uri-template/0.10/uri-template-0.10.jar:/home/runner/.m2/repository/com/googlecode/libphonenumber/libphonenumber/8.11.1/libphonenumber-8.11.1.jar:/home/runner/.m2/repository/com/j2html/j2html/1.6.0/j2html-1.6.0.jar:/home/runner/.m2/repository/org/apache/commons/commons-collections4/4.5.0/commons-collections4-4.5.0.jar:/home/runner/.m2/repository/org/slf4j/jcl-over-slf4j/2.0.17/jcl-over-slf4j-2.0.17.jar:/home/runner/.m2/repository/io/swagger/parser/v3/swagger-parser-v3/2.1.31/swagger-parser-v3-2.1.31.jar:/home/runner/.m2/repository/io/swagger/core/v3/swagger-models/2.2.34/swagger-models-2.2.34.jar:/home/runner/.m2/repository/io/swagger/core/v3/swagger-core/2.2.34/swagger-core-2.2.34.jar:/home/runner/.m2/repository/io/swagger/parser/v3/swagger-parser-core/2.1.31/swagger-parser-core-2.1.31.jar:/home/runner/.m2/repository/io/swagger/parser/v3/swagger-parser-safe-url-resolver/2.1.31/swagger-parser-safe-url-resolver-2.1.31.jar:/home/runner/work/apicurio-testing/apicurio-testing/clusters/ci419/namespaces/pg17/tests/integration/apicurio-registry/schema-util/wsdl/target/apicurio-registry-schema-util-wsdl-3.0.12-SNAPSHOT.jar:/home/runner/.m2/repository/wsdl4j/wsdl4j/1.6.3/wsdl4j-1.6.3.jar:/home/runner/work/apicurio-testing/apicurio-testing/clusters/ci419/namespaces/pg17/tests/integration/apicurio-registry/schema-util/xml/target/apicurio-registry-schema-util-xml-3.0.12-SNAPSHOT.jar:/home/runner/.m2/repository/org/apache/santuario/xmlsec/4.0.4/xmlsec-4.0.4.jar:/home/runner/.m2/repository/com/fasterxml/woodstox/woodstox-core/7.1.1/woodstox-core-7.1.1.jar:/home/runner/.m2/repository/org/codehaus/woodstox/stax2-api/4.2.2/stax2-api-4.2.2.jar:/home/runner/work/apicurio-testing/apicurio-testing/clusters/ci419/namespaces/pg17/tests/integration/apicurio-registry/schema-util/xsd/target/apicurio-registry-schema-util-xsd-3.0.12-SNAPSHOT.jar:/home/runner/work/apicurio-testing/apicurio-testing/clusters/ci419/namespaces/pg17/tests/integration/apicurio-registry/serdes/kafka/jsonschema-serde/target/apicurio-registry-jsonschema-serde-kafka-3.0.12-SNAPSHOT.jar:/home/runner/work/apicurio-testing/apicurio-testing/clusters/ci419/namespaces/pg17/tests/integration/apicurio-registry/serdes/kafka/serde-kafka-common/target/apicurio-registry-serde-kafka-common-3.0.12-SNAPSHOT.jar:/home/runner/work/apicurio-testing/apicurio-testing/clusters/ci419/namespaces/pg17/tests/integration/apicurio-registry/serdes/generic/serde-common/target/apicurio-registry-serde-common-3.0.12-SNAPSHOT.jar:/home/runner/work/apicurio-testing/apicurio-testing/clusters/ci419/namespaces/pg17/tests/integration/apicurio-registry/serdes/generic/serde-common-jsonschema/target/apicurio-registry-serde-common-jsonschema-3.0.12-SNAPSHOT.jar:/home/runner/.m2/repository/org/json/json/20250107/json-20250107.jar:/home/runner/work/apicurio-testing/apicurio-testing/clusters/ci419/namespaces/pg17/tests/integration/apicurio-registry/serdes/kafka/avro-serde/target/apicurio-registry-avro-serde-kafka-3.0.12-SNAPSHOT.jar:/home/runner/work/apicurio-testing/apicurio-testing/clusters/ci419/namespaces/pg17/tests/integration/apicurio-registry/serdes/generic/serde-common-avro/target/apicurio-registry-serde-common-avro-3.0.12-SNAPSHOT.jar:/home/runner/work/apicurio-testing/apicurio-testing/clusters/ci419/namespaces/pg17/tests/integration/apicurio-registry/serdes/kafka/protobuf-serde/target/apicurio-registry-protobuf-serde-kafka-3.0.12-SNAPSHOT.jar:/home/runner/work/apicurio-testing/apicurio-testing/clusters/ci419/namespaces/pg17/tests/integration/apicurio-registry/serdes/generic/serde-common-protobuf/target/apicurio-registry-serde-common-protobuf-3.0.12-SNAPSHOT.jar:/home/runner/.m2/repository/com/squareup/wire/wire-schema/5.3.3/wire-schema-5.3.3.jar:/home/runner/.m2/repository/com/squareup/wire/wire-runtime/5.3.3/wire-runtime-5.3.3.jar:/home/runner/work/apicurio-testing/apicurio-testing/clusters/ci419/namespaces/pg17/tests/integration/apicurio-registry/serdes/pulsar/avro-serde/target/apicurio-registry-avro-serde-pulsar-3.0.12-SNAPSHOT.jar:/home/runner/.m2/repository/org/apache/pulsar/pulsar-functions-api/3.3.8/pulsar-functions-api-3.3.8.jar:/home/runner/work/apicurio-testing/apicurio-testing/clusters/ci419/namespaces/pg17/tests/integration/apicurio-registry/serdes/nats/avro-serde/target/apicurio-registry-avro-serde-nats-3.0.12-SNAPSHOT.jar:/home/runner/.m2/repository/io/nats/jnats/2.21.4/jnats-2.21.4.jar:/home/runner/.m2/repository/org/bouncycastle/bcprov-lts8on/2.73.7/bcprov-lts8on-2.73.7.jar:/home/runner/.m2/repository/org/jetbrains/annotations/26.0.2/annotations-26.0.2.jar:/home/runner/work/apicurio-testing/apicurio-testing/clusters/ci419/namespaces/pg17/tests/integration/apicurio-registry/utils/converter/target/apicurio-registry-utils-converter-3.0.12-SNAPSHOT.jar:/home/runner/work/apicurio-testing/apicurio-testing/clusters/ci419/namespaces/pg17/tests/integration/apicurio-registry/schema-resolver/target/apicurio-registry-schema-resolver-3.0.12-SNAPSHOT.jar:/home/runner/.m2/repository/org/apache/kafka/connect-api/3.9.1/connect-api-3.9.1.jar:/home/runner/.m2/repository/javax/ws/rs/javax.ws.rs-api/2.1.1/javax.ws.rs-api-2.1.1.jar:/home/runner/.m2/repository/org/apache/kafka/connect-json/3.9.1/connect-json-3.9.1.jar:/home/runner/.m2/repository/com/fasterxml/jackson/datatype/jackson-datatype-jdk8/2.18.2/jackson-datatype-jdk8-2.18.2.jar:/home/runner/.m2/repository/com/fasterxml/jackson/module/jackson-module-afterburner/2.18.2/jackson-module-afterburner-2.18.2.jar:/home/runner/work/apicurio-testing/apicurio-testing/clusters/ci419/namespaces/pg17/tests/integration/apicurio-registry/utils/kafka/target/apicurio-registry-utils-kafka-3.0.12-SNAPSHOT.jar:/home/runner/.m2/repository/org/apache/pulsar/pulsar-client/3.3.8/pulsar-client-3.3.8.jar:/home/runner/.m2/repository/org/apache/pulsar/pulsar-client-api/3.3.8/pulsar-client-api-3.3.8.jar:/home/runner/.m2/repository/org/apache/pulsar/pulsar-client-admin-api/3.3.8/pulsar-client-admin-api-3.3.8.jar:/home/runner/.m2/repository/org/apache/pulsar/bouncy-castle-bc/3.3.8/bouncy-castle-bc-3.3.8-pkg.jar:/home/runner/.m2/repository/org/bouncycastle/bcpkix-jdk18on/1.81/bcpkix-jdk18on-1.81.jar:/home/runner/.m2/repository/org/bouncycastle/bcutil-jdk18on/1.81/bcutil-jdk18on-1.81.jar:/home/runner/.m2/repository/org/bouncycastle/bcprov-jdk18on/1.81/bcprov-jdk18on-1.81.jar:/home/runner/.m2/repository/io/opentelemetry/opentelemetry-api/1.44.1/opentelemetry-api-1.44.1.jar:/home/runner/.m2/repository/io/opentelemetry/opentelemetry-context/1.44.1/opentelemetry-context-1.44.1.jar:/home/runner/.m2/repository/io/opentelemetry/opentelemetry-api-incubator/1.44.1-alpha/opentelemetry-api-incubator-1.44.1-alpha.jar:/home/runner/.m2/repository/com/fasterxml/jackson/core/jackson-annotations/2.18.2/jackson-annotations-2.18.2.jar:/home/runner/.m2/repository/javax/validation/validation-api/1.1.0.Final/validation-api-1.1.0.Final.jar:/home/runner/.m2/repository/org/jspecify/jspecify/1.0.0/jspecify-1.0.0.jar:/home/runner/.m2/repository/org/apache/commons/commons-configuration2/2.12.0/commons-configuration2-2.12.0.jar:/home/runner/.m2/repository/commons-logging/commons-logging/1.3.5/commons-logging-1.3.5.jar:/home/runner/.m2/repository/org/apache/commons/commons-text/1.13.0/commons-text-1.13.0.jar:/home/runner/.m2/repository/io/confluent/kafka-avro-serializer/8.0.0/kafka-avro-serializer-8.0.0.jar:/home/runner/.m2/repository/org/apache/commons/commons-compress/1.27.1/commons-compress-1.27.1.jar:/home/runner/.m2/repository/io/confluent/kafka-schema-serializer/8.0.0/kafka-schema-serializer-8.0.0.jar:/home/runner/.m2/repository/com/fasterxml/jackson/dataformat/jackson-dataformat-csv/2.18.2/jackson-dataformat-csv-2.18.2.jar:/home/runner/.m2/repository/io/confluent/kafka-schema-registry-client/8.0.0/kafka-schema-registry-client-8.0.0.jar:/home/runner/.m2/repository/org/yaml/snakeyaml/2.3/snakeyaml-2.3.jar:/home/runner/.m2/repository/io/swagger/core/v3/swagger-annotations/2.2.29/swagger-annotations-2.2.29.jar:/home/runner/.m2/repository/com/google/guava/guava/33.4.0-jre/guava-33.4.0-jre.jar:/home/runner/.m2/repository/com/google/guava/failureaccess/1.0.1/failureaccess-1.0.1.jar:/home/runner/.m2/repository/org/checkerframework/checker-qual/3.49.0/checker-qual-3.49.0.jar:/home/runner/.m2/repository/io/confluent/logredactor/1.0.13/logredactor-1.0.13.jar:/home/runner/.m2/repository/com/google/re2j/re2j/1.6/re2j-1.6.jar:/home/runner/.m2/repository/io/confluent/logredactor-metrics/1.0.13/logredactor-metrics-1.0.13.jar:/home/runner/.m2/repository/com/eclipsesource/minimal-json/minimal-json/0.9.5/minimal-json-0.9.5.jar:/home/runner/.m2/repository/io/confluent/common-utils/8.0.0/common-utils-8.0.0.jar:/home/runner/.m2/repository/io/confluent/kafka-connect-avro-converter/8.0.0/kafka-connect-avro-converter-8.0.0.jar:/home/runner/.m2/repository/io/confluent/kafka-connect-avro-data/8.0.0/kafka-connect-avro-data-8.0.0.jar:/home/runner/.m2/repository/io/confluent/kafka-schema-converter/8.0.0/kafka-schema-converter-8.0.0.jar:/home/runner/.m2/repository/io/rest-assured/rest-assured/5.5.1/rest-assured-5.5.1.jar:/home/runner/.m2/repository/org/apache/groovy/groovy/4.0.22/groovy-4.0.22.jar:/home/runner/.m2/repository/org/apache/groovy/groovy-xml/4.0.22/groovy-xml-4.0.22.jar:/home/runner/.m2/repository/org/apache/httpcomponents/httpclient/4.5.14/httpclient-4.5.14.jar:/home/runner/.m2/repository/org/apache/httpcomponents/httpcore/4.4.16/httpcore-4.4.16.jar:/home/runner/.m2/repository/org/apache/httpcomponents/httpmime/4.5.14/httpmime-4.5.14.jar:/home/runner/.m2/repository/org/hamcrest/hamcrest/2.2/hamcrest-2.2.jar:/home/runner/.m2/repository/org/ccil/cowan/tagsoup/tagsoup/1.2.1/tagsoup-1.2.1.jar:/home/runner/.m2/repository/io/rest-assured/json-path/5.5.1/json-path-5.5.1.jar:/home/runner/.m2/repository/org/apache/groovy/groovy-json/4.0.22/groovy-json-4.0.22.jar:/home/runner/.m2/repository/io/rest-assured/rest-assured-common/5.5.1/rest-assured-common-5.5.1.jar:/home/runner/.m2/repository/io/rest-assured/xml-path/5.5.1/xml-path-5.5.1.jar:/home/runner/.m2/repository/io/zonky/test/embedded-postgres/2.1.0/embedded-postgres-2.1.0.jar:/home/runner/.m2/repository/io/zonky/test/postgres/embedded-postgres-binaries-windows-amd64/14.15.0/embedded-postgres-binaries-windows-amd64-14.15.0.jar:/home/runner/.m2/repository/io/zonky/test/postgres/embedded-postgres-binaries-darwin-amd64/14.15.0/embedded-postgres-binaries-darwin-amd64-14.15.0.jar:/home/runner/.m2/repository/io/zonky/test/postgres/embedded-postgres-binaries-linux-amd64/14.15.0/embedded-postgres-binaries-linux-amd64-14.15.0.jar:/home/runner/.m2/repository/io/zonky/test/postgres/embedded-postgres-binaries-linux-amd64-alpine/14.15.0/embedded-postgres-binaries-linux-amd64-alpine-14.15.0.jar:/home/runner/.m2/repository/org/apache/commons/commons-lang3/3.17.0/commons-lang3-3.17.0.jar:/home/runner/.m2/repository/org/tukaani/xz/1.10/xz-1.10.jar:/home/runner/.m2/repository/commons-codec/commons-codec/1.19.0/commons-codec-1.19.0.jar:/home/runner/.m2/repository/org/postgresql/postgresql/42.7.7/postgresql-42.7.7.jar:/home/runner/.m2/repository/commons-io/commons-io/2.18.0/commons-io-2.18.0.jar:/home/runner/work/apicurio-testing/apicurio-testing/clusters/ci419/namespaces/pg17/tests/integration/apicurio-registry/utils/importexport/target/apicurio-registry-utils-import-export-3.0.12-SNAPSHOT.jar:/home/runner/.m2/repository/io/vertx/vertx-core/4.5.16/vertx-core-4.5.16.jar:/home/runner/.m2/repository/io/netty/netty-common/4.1.121.Final/netty-common-4.1.121.Final.jar:/home/runner/.m2/repository/io/netty/netty-buffer/4.1.121.Final/netty-buffer-4.1.121.Final.jar:/home/runner/.m2/repository/io/netty/netty-transport/4.1.121.Final/netty-transport-4.1.121.Final.jar:/home/runner/.m2/repository/io/netty/netty-handler/4.1.121.Final/netty-handler-4.1.121.Final.jar:/home/runner/.m2/repository/io/netty/netty-transport-native-unix-common/4.1.121.Final/netty-transport-native-unix-common-4.1.121.Final.jar:/home/runner/.m2/repository/io/netty/netty-codec/4.1.121.Final/netty-codec-4.1.121.Final.jar:/home/runner/.m2/repository/io/netty/netty-handler-proxy/4.1.121.Final/netty-handler-proxy-4.1.121.Final.jar:/home/runner/.m2/repository/io/netty/netty-codec-socks/4.1.121.Final/netty-codec-socks-4.1.121.Final.jar:/home/runner/.m2/repository/io/netty/netty-codec-http/4.1.121.Final/netty-codec-http-4.1.121.Final.jar:/home/runner/.m2/repository/io/netty/netty-codec-http2/4.1.121.Final/netty-codec-http2-4.1.121.Final.jar:/home/runner/.m2/repository/io/netty/netty-resolver/4.1.121.Final/netty-resolver-4.1.121.Final.jar:/home/runner/.m2/repository/io/netty/netty-resolver-dns/4.1.121.Final/netty-resolver-dns-4.1.121.Final.jar:/home/runner/.m2/repository/io/netty/netty-codec-dns/4.1.121.Final/netty-codec-dns-4.1.121.Final.jar:/home/runner/.m2/repository/com/fasterxml/jackson/core/jackson-core/2.18.2/jackson-core-2.18.2.jar:"/>
    <property name="sun.cpu.endian" value="little"/>
    <property name="user.home" value="/home/runner"/>
    <property name="user.language" value="en"/>
    <property name="jboss.log-version" value="false"/>
    <property name="java.specification.vendor" value="Oracle Corporation"/>
    <property name="java.version.date" value="2025-07-15"/>
    <property name="java.home" value="/usr/lib/jvm/temurin-17-jdk-amd64"/>
    <property name="file.separator" value="/"/>
    <property name="basedir" value="/home/runner/work/apicurio-testing/apicurio-testing/clusters/ci419/namespaces/pg17/tests/integration/apicurio-registry/integration-tests"/>
    <property name="java.vm.compressedOopsMode" value="32-bit"/>
    <property name="line.separator" value="&#10;"/>
    <property name="java.specification.name" value="Java Platform API Specification"/>
    <property name="java.vm.specification.vendor" value="Oracle Corporation"/>
    <property name="quarkus.http.test-host" value="registry-app-pg17.apps.ci419.apicurio-testing.org"/>
    <property name="surefire.real.class.path" value="/home/runner/work/apicurio-testing/apicurio-testing/clusters/ci419/namespaces/pg17/tests/integration/apicurio-registry/integration-tests/target/surefire/surefirebooter-20250806185152150_3.jar"/>
    <property name="sun.management.compiler" value="HotSpot 64-Bit Tiered Compilers"/>
    <property name="org.eclipse.jetty.http.HttpGenerator.STRICT" value="true"/>
    <property name="java.runtime.version" value="17.0.16+8"/>
    <property name="user.name" value="runner"/>
    <property name="path.separator" value=":"/>
    <property name="os.version" value="6.8.0-1031-azure"/>
    <property name="java.runtime.name" value="OpenJDK Runtime Environment"/>
    <property name="file.encoding" value="UTF-8"/>
    <property name="jnidispatch.path" value="/home/runner/.cache/JNA/temp/jna13701005988846705094.tmp"/>
    <property name="java.vm.name" value="OpenJDK 64-Bit Server VM"/>
    <property name="jna.platform.library.path" value="/usr/lib/x86_64-linux-gnu:/lib/x86_64-linux-gnu:/usr/lib64:/lib64:/usr/lib:/lib:/lib32:/usr/local/lib:/usr/lib/x86_64-linux-gnu/libfakeroot"/>
    <property name="java.vendor.version" value="Temurin-17.0.16+8"/>
    <property name="quarkus.oidc.token-path" value="https://keycloak-pg17.apps.ci419.apicurio-testing.org/realms/registry/protocol/openid-connect/token"/>
    <property name="quarkus.http.host" value="registry-app-pg17.apps.ci419.apicurio-testing.org"/>
    <property name="localRepository" value="/home/runner/.m2/repository"/>
    <property name="javax.xml.xpath.XPathFactory:http://java.sun.com/jaxp/xpath/dom" value="com.sun.org.apache.xpath.internal.jaxp.XPathFactoryImpl"/>
    <property name="jna.loaded" value="true"/>
    <property name="java.vendor.url.bug" value="https://github.com/adoptium/adoptium-support/issues"/>
    <property name="jetty.git.hash" value="5bc5e562c8d05c5862505aebe5cf83a61bdbcb96"/>
    <property name="java.io.tmpdir" value="/tmp"/>
    <property name="quarkus.http.test-protocol" value="http"/>
    <property name="java.version" value="17.0.16"/>
    <property name="user.dir" value="/home/runner/work/apicurio-testing/apicurio-testing/clusters/ci419/namespaces/pg17/tests/integration/apicurio-registry/integration-tests"/>
    <property name="os.arch" value="amd64"/>
    <property name="groups" value="( smoke | serdes | acceptance | ui)"/>
    <property name="java.vm.specification.name" value="Java Virtual Machine Specification"/>
    <property name="native.encoding" value="UTF-8"/>
    <property name="java.util.logging.manager" value="org.jboss.logmanager.LogManager"/>
    <property name="java.library.path" value="/usr/java/packages/lib:/usr/lib64:/lib64:/lib:/usr/lib"/>
    <property name="jdk.console" value="java.base"/>
    <property name="java.vm.info" value="mixed mode, sharing"/>
    <property name="java.vendor" value="Eclipse Adoptium"/>
    <property name="java.vm.version" value="17.0.16+8"/>
    <property name="java.specification.maintenance.version" value="1"/>
    <property name="sun.io.unicode.encoding" value="UnicodeLittle"/>
    <property name="javax.xml.transform.TransformerFactory" value="com.sun.org.apache.xalan.internal.xsltc.trax.TransformerFactoryImpl"/>
    <property name="java.class.version" value="61.0"/>
  </properties>
  <testcase name="testSimpleTopicIdStrategyFindLatest" classname="io.apicurio.tests.serdes.apicurio.ProtobufSerdeIT" time="1.405">
    <system-out><![CDATA[**** Registry Base URL: http://registry-app-pg17.apps.ci419.apicurio-testing.org:80
**** Registry Base URL: http://registry-app-pg17.apps.ci419.apicurio-testing.org:80
2025-08-06 18:54:09,009 INFO  [io.api.tes.ser.api.ProtobufSerdeIT] (main) RestAssured configured with http://registry-app-pg17.apps.ci419.apicurio-testing.org:80/apis/registry/v3
2025-08-06 18:54:09,013 INFO  [io.api.tes.uti.KafkaFacade] (main) Skipping deployment of kafka, because it's already deployed
2025-08-06 18:54:09,173 INFO  [io.api.tes.uti.TestSeparator] (main) ############################################################################
2025-08-06 18:54:09,173 INFO  [io.api.tes.uti.TestSeparator] (main) io.apicurio.tests.serdes.apicurio.ProtobufSerdeIT.testSimpleTopicIdStrategyFindLatest-STARTED
2025-08-06 18:54:09,174 INFO  [org.apa.kaf.cli.adm.AdminClientConfig] (main) AdminClientConfig values: 
	auto.include.jmx.reporter = true
	bootstrap.controllers = []
	bootstrap.servers = [PLAINTEXT://localhost:32769]
	client.dns.lookup = use_all_dns_ips
	client.id = 
	connections.max.idle.ms = 10000
	default.api.timeout.ms = 60000
	enable.metrics.push = true
	metadata.max.age.ms = 300000
	metadata.recovery.strategy = none
	metric.reporters = []
	metrics.num.samples = 2
	metrics.recording.level = INFO
	metrics.sample.window.ms = 30000
	receive.buffer.bytes = 65536
	reconnect.backoff.max.ms = 1000
	reconnect.backoff.ms = 50
	request.timeout.ms = 5000
	retries = 2147483647
	retry.backoff.max.ms = 1000
	retry.backoff.ms = 100
	sasl.client.callback.handler.class = null
	sasl.jaas.config = null
	sasl.kerberos.kinit.cmd = /usr/bin/kinit
	sasl.kerberos.min.time.before.relogin = 60000
	sasl.kerberos.service.name = null
	sasl.kerberos.ticket.renew.jitter = 0.05
	sasl.kerberos.ticket.renew.window.factor = 0.8
	sasl.login.callback.handler.class = null
	sasl.login.class = null
	sasl.login.connect.timeout.ms = null
	sasl.login.read.timeout.ms = null
	sasl.login.refresh.buffer.seconds = 300
	sasl.login.refresh.min.period.seconds = 60
	sasl.login.refresh.window.factor = 0.8
	sasl.login.refresh.window.jitter = 0.05
	sasl.login.retry.backoff.max.ms = 10000
	sasl.login.retry.backoff.ms = 100
	sasl.mechanism = GSSAPI
	sasl.oauthbearer.clock.skew.seconds = 30
	sasl.oauthbearer.expected.audience = null
	sasl.oauthbearer.expected.issuer = null
	sasl.oauthbearer.header.urlencode = false
	sasl.oauthbearer.jwks.endpoint.refresh.ms = 3600000
	sasl.oauthbearer.jwks.endpoint.retry.backoff.max.ms = 10000
	sasl.oauthbearer.jwks.endpoint.retry.backoff.ms = 100
	sasl.oauthbearer.jwks.endpoint.url = null
	sasl.oauthbearer.scope.claim.name = scope
	sasl.oauthbearer.sub.claim.name = sub
	sasl.oauthbearer.token.endpoint.url = null
	security.protocol = PLAINTEXT
	security.providers = null
	send.buffer.bytes = 131072
	socket.connection.setup.timeout.max.ms = 30000
	socket.connection.setup.timeout.ms = 10000
	ssl.cipher.suites = null
	ssl.enabled.protocols = [TLSv1.2, TLSv1.3]
	ssl.endpoint.identification.algorithm = https
	ssl.engine.factory.class = null
	ssl.key.password = null
	ssl.keymanager.algorithm = SunX509
	ssl.keystore.certificate.chain = null
	ssl.keystore.key = null
	ssl.keystore.location = null
	ssl.keystore.password = null
	ssl.keystore.type = JKS
	ssl.protocol = TLSv1.3
	ssl.provider = null
	ssl.secure.random.implementation = null
	ssl.trustmanager.algorithm = PKIX
	ssl.truststore.certificates = null
	ssl.truststore.location = null
	ssl.truststore.password = null
	ssl.truststore.type = JKS

2025-08-06 18:54:09,177 INFO  [org.apa.kaf.com.uti.AppInfoParser] (main) Kafka version: 3.9.1
2025-08-06 18:54:09,177 INFO  [org.apa.kaf.com.uti.AppInfoParser] (main) Kafka commitId: f745dfdcee2b9851
2025-08-06 18:54:09,177 INFO  [org.apa.kaf.com.uti.AppInfoParser] (main) Kafka startTimeMs: 1754506449177
2025-08-06 18:54:10,576 INFO  [io.api.tes.uti.TestSeparator] (main) io.apicurio.tests.serdes.apicurio.ProtobufSerdeIT.testSimpleTopicIdStrategyFindLatest-FINISHED
2025-08-06 18:54:10,576 INFO  [io.api.tes.uti.TestSeparator] (main) ############################################################################
Test passed: testSimpleTopicIdStrategyFindLatest
]]></system-out>
  </testcase>
  <testcase name="testFindLatestDeriveClassProtobufTypeTopicIdStrategy" classname="io.apicurio.tests.serdes.apicurio.ProtobufSerdeIT" time="1.177">
    <system-out><![CDATA[2025-08-06 18:54:10,577 INFO  [io.api.tes.uti.TestSeparator] (main) ############################################################################
2025-08-06 18:54:10,577 INFO  [io.api.tes.uti.TestSeparator] (main) io.apicurio.tests.serdes.apicurio.ProtobufSerdeIT.testFindLatestDeriveClassProtobufTypeTopicIdStrategy-STARTED
2025-08-06 18:54:11,754 INFO  [io.api.tes.uti.TestSeparator] (main) io.apicurio.tests.serdes.apicurio.ProtobufSerdeIT.testFindLatestDeriveClassProtobufTypeTopicIdStrategy-FINISHED
2025-08-06 18:54:11,754 INFO  [io.api.tes.uti.TestSeparator] (main) ############################################################################
Test passed: testFindLatestDeriveClassProtobufTypeTopicIdStrategy
]]></system-out>
  </testcase>
  <testcase name="testWrongSchema" classname="io.apicurio.tests.serdes.apicurio.ProtobufSerdeIT" time="1.183">
    <system-out><![CDATA[2025-08-06 18:54:11,755 INFO  [io.api.tes.uti.TestSeparator] (main) ############################################################################
2025-08-06 18:54:11,755 INFO  [io.api.tes.uti.TestSeparator] (main) io.apicurio.tests.serdes.apicurio.ProtobufSerdeIT.testWrongSchema-STARTED
2025-08-06 18:54:12,938 INFO  [io.api.tes.uti.TestSeparator] (main) io.apicurio.tests.serdes.apicurio.ProtobufSerdeIT.testWrongSchema-FINISHED
2025-08-06 18:54:12,938 INFO  [io.api.tes.uti.TestSeparator] (main) ############################################################################
Test passed: testWrongSchema
]]></system-out>
  </testcase>
  <testcase name="testTopicIdStrategyAutoRegister" classname="io.apicurio.tests.serdes.apicurio.ProtobufSerdeIT" time="5.74">
    <system-out><![CDATA[2025-08-06 18:54:12,939 INFO  [io.api.tes.uti.TestSeparator] (main) ############################################################################
2025-08-06 18:54:12,939 INFO  [io.api.tes.uti.TestSeparator] (main) io.apicurio.tests.serdes.apicurio.ProtobufSerdeIT.testTopicIdStrategyAutoRegister-STARTED
**** Registry Base URL: http://registry-app-pg17.apps.ci419.apicurio-testing.org:80
2025-08-06 18:54:12,944 INFO  [org.apa.kaf.cli.pro.ProducerConfig] (main) ProducerConfig values: 
	acks = -1
	auto.include.jmx.reporter = true
	batch.size = 16384
	bootstrap.servers = [PLAINTEXT://localhost:32769]
	buffer.memory = 33554432
	client.dns.lookup = use_all_dns_ips
	client.id = Producer-topic-f74fc4cf_5f29_4772_b12a_de5300d4ad24
	compression.gzip.level = -1
	compression.lz4.level = 9
	compression.type = none
	compression.zstd.level = 3
	connections.max.idle.ms = 10000
	delivery.timeout.ms = 120000
	enable.idempotence = true
	enable.metrics.push = true
	interceptor.classes = []
	key.serializer = class org.apache.kafka.common.serialization.StringSerializer
	linger.ms = 0
	max.block.ms = 60000
	max.in.flight.requests.per.connection = 5
	max.request.size = 1048576
	metadata.max.age.ms = 300000
	metadata.max.idle.ms = 300000
	metadata.recovery.strategy = none
	metric.reporters = []
	metrics.num.samples = 2
	metrics.recording.level = INFO
	metrics.sample.window.ms = 30000
	partitioner.adaptive.partitioning.enable = true
	partitioner.availability.timeout.ms = 0
	partitioner.class = null
	partitioner.ignore.keys = false
	receive.buffer.bytes = 32768
	reconnect.backoff.max.ms = 1000
	reconnect.backoff.ms = 50
	request.timeout.ms = 5000
	retries = 2147483647
	retry.backoff.max.ms = 1000
	retry.backoff.ms = 100
	sasl.client.callback.handler.class = null
	sasl.jaas.config = null
	sasl.kerberos.kinit.cmd = /usr/bin/kinit
	sasl.kerberos.min.time.before.relogin = 60000
	sasl.kerberos.service.name = null
	sasl.kerberos.ticket.renew.jitter = 0.05
	sasl.kerberos.ticket.renew.window.factor = 0.8
	sasl.login.callback.handler.class = null
	sasl.login.class = null
	sasl.login.connect.timeout.ms = null
	sasl.login.read.timeout.ms = null
	sasl.login.refresh.buffer.seconds = 300
	sasl.login.refresh.min.period.seconds = 60
	sasl.login.refresh.window.factor = 0.8
	sasl.login.refresh.window.jitter = 0.05
	sasl.login.retry.backoff.max.ms = 10000
	sasl.login.retry.backoff.ms = 100
	sasl.mechanism = GSSAPI
	sasl.oauthbearer.clock.skew.seconds = 30
	sasl.oauthbearer.expected.audience = null
	sasl.oauthbearer.expected.issuer = null
	sasl.oauthbearer.header.urlencode = false
	sasl.oauthbearer.jwks.endpoint.refresh.ms = 3600000
	sasl.oauthbearer.jwks.endpoint.retry.backoff.max.ms = 10000
	sasl.oauthbearer.jwks.endpoint.retry.backoff.ms = 100
	sasl.oauthbearer.jwks.endpoint.url = null
	sasl.oauthbearer.scope.claim.name = scope
	sasl.oauthbearer.sub.claim.name = sub
	sasl.oauthbearer.token.endpoint.url = null
	security.protocol = PLAINTEXT
	security.providers = null
	send.buffer.bytes = 131072
	socket.connection.setup.timeout.max.ms = 30000
	socket.connection.setup.timeout.ms = 10000
	ssl.cipher.suites = null
	ssl.enabled.protocols = [TLSv1.2, TLSv1.3]
	ssl.endpoint.identification.algorithm = https
	ssl.engine.factory.class = null
	ssl.key.password = null
	ssl.keymanager.algorithm = SunX509
	ssl.keystore.certificate.chain = null
	ssl.keystore.key = null
	ssl.keystore.location = null
	ssl.keystore.password = null
	ssl.keystore.type = JKS
	ssl.protocol = TLSv1.3
	ssl.provider = null
	ssl.secure.random.implementation = null
	ssl.trustmanager.algorithm = PKIX
	ssl.truststore.certificates = null
	ssl.truststore.location = null
	ssl.truststore.password = null
	ssl.truststore.type = JKS
	transaction.timeout.ms = 60000
	transactional.id = null
	value.serializer = class io.apicurio.registry.serde.protobuf.ProtobufKafkaSerializer

2025-08-06 18:54:12,944 INFO  [org.apa.kaf.com.tel.int.KafkaMetricsCollector] (main) initializing Kafka metrics collector
2025-08-06 18:54:12,949 INFO  [org.apa.kaf.cli.pro.KafkaProducer] (main) [Producer clientId=Producer-topic-f74fc4cf_5f29_4772_b12a_de5300d4ad24] Instantiated an idempotent producer.
2025-08-06 18:54:12,952 INFO  [org.apa.kaf.cli.pro.ProducerConfig] (main) These configurations '[apicurio.registry.url, apicurio.registry.headers.enabled, apicurio.registry.auto-register, apicurio.registry.artifact-resolver-strategy]' were supplied but are not used yet.
2025-08-06 18:54:12,952 INFO  [org.apa.kaf.com.uti.AppInfoParser] (main) Kafka version: 3.9.1
2025-08-06 18:54:12,952 INFO  [org.apa.kaf.com.uti.AppInfoParser] (main) Kafka commitId: f745dfdcee2b9851
2025-08-06 18:54:12,952 INFO  [org.apa.kaf.com.uti.AppInfoParser] (main) Kafka startTimeMs: 1754506452952
2025-08-06 18:54:12,952 INFO  [io.api.tes.ser.api.SimpleSerdesTesterBuilder$SimpleSerdesTester] (main) Using producer configuration: {apicurio.registry.url=http://registry-app-pg17.apps.ci419.apicurio-testing.org:80/apis/registry/v3, apicurio.registry.headers.enabled=true, apicurio.registry.auto-register=true, apicurio.registry.artifact-resolver-strategy=io.apicurio.registry.serde.strategy.TopicIdStrategy, value.serializer=io.apicurio.registry.serde.protobuf.ProtobufKafkaSerializer, request.timeout.ms=5000, acks=all, bootstrap.servers=PLAINTEXT://localhost:32769, connections.max.idle.ms=10000, key.serializer=org.apache.kafka.common.serialization.StringSerializer, client.id=Producer-topic-f74fc4cf_5f29_4772_b12a_de5300d4ad24}
2025-08-06 18:54:12,952 INFO  [io.api.tes.ser.api.SimpleSerdesTesterBuilder$SimpleSerdesTester] (main) Using consumer configuration: {apicurio.registry.headers.enabled=true}
2025-08-06 18:54:12,960 INFO  [org.apa.kaf.cli.Metadata] (kafka-producer-network-thread | Producer-topic-f74fc4cf_5f29_4772_b12a_de5300d4ad24) [Producer clientId=Producer-topic-f74fc4cf_5f29_4772_b12a_de5300d4ad24] Cluster ID: igMICRUWSZmdRuxlP-JQ6A
2025-08-06 18:54:12,960 INFO  [org.apa.kaf.cli.pro.int.TransactionManager] (kafka-producer-network-thread | Producer-topic-f74fc4cf_5f29_4772_b12a_de5300d4ad24) [Producer clientId=Producer-topic-f74fc4cf_5f29_4772_b12a_de5300d4ad24] ProducerId set to 27 with epoch 0
2025-08-06 18:54:13,113 INFO  [io.api.tes.ser.api.KafkaSerdesTester] (Thread-748) Sending message header {
  time {
  }
}
d1: 1.754506452954E12
s1: "a"
i1: 123
bi1: 1
point {
  longitude: 22.0
  latitude: 22.0
  altitude: 1.0
}
 to topic topic-f74fc4cf_5f29_4772_b12a_de5300d4ad24
2025-08-06 18:54:13,517 INFO  [io.api.tes.ser.api.KafkaSerdesTester] (Thread-748) Sending message header {
  time {
  }
}
d1: 1.754506453516E12
s1: "a"
i1: 123
bi1: 1
point {
  longitude: 22.0
  latitude: 22.0
  altitude: 1.0
}
 to topic topic-f74fc4cf_5f29_4772_b12a_de5300d4ad24
2025-08-06 18:54:13,614 INFO  [io.api.tes.ser.api.KafkaSerdesTester] (Thread-748) Sending message header {
  time {
  }
}
d1: 1.754506453613E12
s1: "a"
i1: 123
bi1: 1
point {
  longitude: 22.0
  latitude: 22.0
  altitude: 1.0
}
 to topic topic-f74fc4cf_5f29_4772_b12a_de5300d4ad24
2025-08-06 18:54:13,710 INFO  [io.api.tes.ser.api.KafkaSerdesTester] (Thread-748) Sending message header {
  time {
  }
}
d1: 1.75450645371E12
s1: "a"
i1: 123
bi1: 1
point {
  longitude: 22.0
  latitude: 22.0
  altitude: 1.0
}
 to topic topic-f74fc4cf_5f29_4772_b12a_de5300d4ad24
2025-08-06 18:54:13,808 INFO  [io.api.tes.ser.api.KafkaSerdesTester] (Thread-748) Sending message header {
  time {
  }
}
d1: 1.754506453807E12
s1: "a"
i1: 123
bi1: 1
point {
  longitude: 22.0
  latitude: 22.0
  altitude: 1.0
}
 to topic topic-f74fc4cf_5f29_4772_b12a_de5300d4ad24
2025-08-06 18:54:13,905 INFO  [io.api.tes.ser.api.KafkaSerdesTester] (Thread-748) Sending message header {
  time {
  }
}
d1: 1.754506453905E12
s1: "a"
i1: 123
bi1: 1
point {
  longitude: 22.0
  latitude: 22.0
  altitude: 1.0
}
 to topic topic-f74fc4cf_5f29_4772_b12a_de5300d4ad24
2025-08-06 18:54:14,004 INFO  [io.api.tes.ser.api.KafkaSerdesTester] (Thread-748) Sending message header {
  time {
  }
}
d1: 1.754506454003E12
s1: "a"
i1: 123
bi1: 1
point {
  longitude: 22.0
  latitude: 22.0
  altitude: 1.0
}
 to topic topic-f74fc4cf_5f29_4772_b12a_de5300d4ad24
2025-08-06 18:54:14,103 INFO  [io.api.tes.ser.api.KafkaSerdesTester] (Thread-748) Sending message header {
  time {
  }
}
d1: 1.754506454101E12
s1: "a"
i1: 123
bi1: 1
point {
  longitude: 22.0
  latitude: 22.0
  altitude: 1.0
}
 to topic topic-f74fc4cf_5f29_4772_b12a_de5300d4ad24
2025-08-06 18:54:14,202 INFO  [io.api.tes.ser.api.KafkaSerdesTester] (Thread-748) Sending message header {
  time {
  }
}
d1: 1.754506454202E12
s1: "a"
i1: 123
bi1: 1
point {
  longitude: 22.0
  latitude: 22.0
  altitude: 1.0
}
 to topic topic-f74fc4cf_5f29_4772_b12a_de5300d4ad24
2025-08-06 18:54:14,298 INFO  [io.api.tes.ser.api.KafkaSerdesTester] (Thread-748) Sending message header {
  time {
  }
}
d1: 1.754506454298E12
s1: "a"
i1: 123
bi1: 1
point {
  longitude: 22.0
  latitude: 22.0
  altitude: 1.0
}
 to topic topic-f74fc4cf_5f29_4772_b12a_de5300d4ad24
2025-08-06 18:54:14,394 INFO  [io.api.tes.ser.api.KafkaSerdesTester] (Thread-748) Produced 10 messages
2025-08-06 18:54:14,394 INFO  [org.apa.kaf.cli.pro.KafkaProducer] (Thread-748) [Producer clientId=Producer-topic-f74fc4cf_5f29_4772_b12a_de5300d4ad24] Closing the Kafka producer with timeoutMillis = 9223372036854775807 ms.
2025-08-06 18:54:14,397 INFO  [org.apa.kaf.com.met.Metrics] (Thread-748) Metrics scheduler closed
2025-08-06 18:54:14,397 INFO  [org.apa.kaf.com.met.Metrics] (Thread-748) Closing reporter org.apache.kafka.common.metrics.JmxReporter
2025-08-06 18:54:14,397 INFO  [org.apa.kaf.com.met.Metrics] (Thread-748) Closing reporter org.apache.kafka.common.telemetry.internals.ClientTelemetryReporter
2025-08-06 18:54:14,397 INFO  [org.apa.kaf.com.met.Metrics] (Thread-748) Metrics reporters closed
2025-08-06 18:54:14,397 INFO  [org.apa.kaf.com.uti.AppInfoParser] (Thread-748) App info kafka.producer for Producer-topic-f74fc4cf_5f29_4772_b12a_de5300d4ad24 unregistered
**** Registry Base URL: http://registry-app-pg17.apps.ci419.apicurio-testing.org:80
2025-08-06 18:54:14,636 INFO  [org.apa.kaf.cli.con.ConsumerConfig] (main) ConsumerConfig values: 
	allow.auto.create.topics = true
	auto.commit.interval.ms = 500
	auto.include.jmx.reporter = true
	auto.offset.reset = earliest
	bootstrap.servers = [PLAINTEXT://localhost:32769]
	check.crcs = true
	client.dns.lookup = use_all_dns_ips
	client.id = consumer-Consumer-topic-f74fc4cf_5f29_4772_b12a_de5300d4ad24-20
	client.rack = 
	connections.max.idle.ms = 10000
	default.api.timeout.ms = 60000
	enable.auto.commit = true
	enable.metrics.push = true
	exclude.internal.topics = true
	fetch.max.bytes = 52428800
	fetch.max.wait.ms = 500
	fetch.min.bytes = 1
	group.id = Consumer-topic-f74fc4cf_5f29_4772_b12a_de5300d4ad24
	group.instance.id = null
	group.protocol = classic
	group.remote.assignor = null
	heartbeat.interval.ms = 3000
	interceptor.classes = []
	internal.leave.group.on.close = true
	internal.throw.on.fetch.stable.offset.unsupported = false
	isolation.level = read_uncommitted
	key.deserializer = class org.apache.kafka.common.serialization.StringDeserializer
	max.partition.fetch.bytes = 1048576
	max.poll.interval.ms = 300000
	max.poll.records = 500
	metadata.max.age.ms = 300000
	metadata.recovery.strategy = none
	metric.reporters = []
	metrics.num.samples = 2
	metrics.recording.level = INFO
	metrics.sample.window.ms = 30000
	partition.assignment.strategy = [class org.apache.kafka.clients.consumer.RangeAssignor, class org.apache.kafka.clients.consumer.CooperativeStickyAssignor]
	receive.buffer.bytes = 65536
	reconnect.backoff.max.ms = 1000
	reconnect.backoff.ms = 50
	request.timeout.ms = 5000
	retry.backoff.max.ms = 1000
	retry.backoff.ms = 100
	sasl.client.callback.handler.class = null
	sasl.jaas.config = null
	sasl.kerberos.kinit.cmd = /usr/bin/kinit
	sasl.kerberos.min.time.before.relogin = 60000
	sasl.kerberos.service.name = null
	sasl.kerberos.ticket.renew.jitter = 0.05
	sasl.kerberos.ticket.renew.window.factor = 0.8
	sasl.login.callback.handler.class = null
	sasl.login.class = null
	sasl.login.connect.timeout.ms = null
	sasl.login.read.timeout.ms = null
	sasl.login.refresh.buffer.seconds = 300
	sasl.login.refresh.min.period.seconds = 60
	sasl.login.refresh.window.factor = 0.8
	sasl.login.refresh.window.jitter = 0.05
	sasl.login.retry.backoff.max.ms = 10000
	sasl.login.retry.backoff.ms = 100
	sasl.mechanism = GSSAPI
	sasl.oauthbearer.clock.skew.seconds = 30
	sasl.oauthbearer.expected.audience = null
	sasl.oauthbearer.expected.issuer = null
	sasl.oauthbearer.header.urlencode = false
	sasl.oauthbearer.jwks.endpoint.refresh.ms = 3600000
	sasl.oauthbearer.jwks.endpoint.retry.backoff.max.ms = 10000
	sasl.oauthbearer.jwks.endpoint.retry.backoff.ms = 100
	sasl.oauthbearer.jwks.endpoint.url = null
	sasl.oauthbearer.scope.claim.name = scope
	sasl.oauthbearer.sub.claim.name = sub
	sasl.oauthbearer.token.endpoint.url = null
	security.protocol = PLAINTEXT
	security.providers = null
	send.buffer.bytes = 131072
	session.timeout.ms = 45000
	socket.connection.setup.timeout.max.ms = 30000
	socket.connection.setup.timeout.ms = 10000
	ssl.cipher.suites = null
	ssl.enabled.protocols = [TLSv1.2, TLSv1.3]
	ssl.endpoint.identification.algorithm = https
	ssl.engine.factory.class = null
	ssl.key.password = null
	ssl.keymanager.algorithm = SunX509
	ssl.keystore.certificate.chain = null
	ssl.keystore.key = null
	ssl.keystore.location = null
	ssl.keystore.password = null
	ssl.keystore.type = JKS
	ssl.protocol = TLSv1.3
	ssl.provider = null
	ssl.secure.random.implementation = null
	ssl.trustmanager.algorithm = PKIX
	ssl.truststore.certificates = null
	ssl.truststore.location = null
	ssl.truststore.password = null
	ssl.truststore.type = JKS
	value.deserializer = class io.apicurio.registry.serde.protobuf.ProtobufKafkaDeserializer

2025-08-06 18:54:14,636 INFO  [org.apa.kaf.com.tel.int.KafkaMetricsCollector] (main) initializing Kafka metrics collector
2025-08-06 18:54:14,642 INFO  [org.apa.kaf.cli.con.ConsumerConfig] (main) These configurations '[apicurio.registry.url, apicurio.registry.headers.enabled]' were supplied but are not used yet.
2025-08-06 18:54:14,642 INFO  [org.apa.kaf.com.uti.AppInfoParser] (main) Kafka version: 3.9.1
2025-08-06 18:54:14,642 INFO  [org.apa.kaf.com.uti.AppInfoParser] (main) Kafka commitId: f745dfdcee2b9851
2025-08-06 18:54:14,642 INFO  [org.apa.kaf.com.uti.AppInfoParser] (main) Kafka startTimeMs: 1754506454642
2025-08-06 18:54:14,642 INFO  [org.apa.kaf.cli.con.int.ClassicKafkaConsumer] (Thread-751) [Consumer clientId=consumer-Consumer-topic-f74fc4cf_5f29_4772_b12a_de5300d4ad24-20, groupId=Consumer-topic-f74fc4cf_5f29_4772_b12a_de5300d4ad24] Subscribed to topic(s): topic-f74fc4cf_5f29_4772_b12a_de5300d4ad24
2025-08-06 18:54:14,646 INFO  [org.apa.kaf.cli.Metadata] (Thread-751) [Consumer clientId=consumer-Consumer-topic-f74fc4cf_5f29_4772_b12a_de5300d4ad24-20, groupId=Consumer-topic-f74fc4cf_5f29_4772_b12a_de5300d4ad24] Cluster ID: igMICRUWSZmdRuxlP-JQ6A
2025-08-06 18:54:14,647 INFO  [org.apa.kaf.cli.con.int.ConsumerCoordinator] (Thread-751) [Consumer clientId=consumer-Consumer-topic-f74fc4cf_5f29_4772_b12a_de5300d4ad24-20, groupId=Consumer-topic-f74fc4cf_5f29_4772_b12a_de5300d4ad24] Discovered group coordinator localhost:32769 (id: 2147483647 rack: null)
2025-08-06 18:54:14,651 INFO  [org.apa.kaf.cli.con.int.ConsumerCoordinator] (Thread-751) [Consumer clientId=consumer-Consumer-topic-f74fc4cf_5f29_4772_b12a_de5300d4ad24-20, groupId=Consumer-topic-f74fc4cf_5f29_4772_b12a_de5300d4ad24] (Re-)joining group
2025-08-06 18:54:14,653 INFO  [org.apa.kaf.cli.con.int.ConsumerCoordinator] (Thread-751) [Consumer clientId=consumer-Consumer-topic-f74fc4cf_5f29_4772_b12a_de5300d4ad24-20, groupId=Consumer-topic-f74fc4cf_5f29_4772_b12a_de5300d4ad24] Request joining group due to: need to re-join with the given member-id: consumer-Consumer-topic-f74fc4cf_5f29_4772_b12a_de5300d4ad24-20-994aaf24-b5be-49b8-8d23-7cca8cf2c135
2025-08-06 18:54:14,653 INFO  [org.apa.kaf.cli.con.int.ConsumerCoordinator] (Thread-751) [Consumer clientId=consumer-Consumer-topic-f74fc4cf_5f29_4772_b12a_de5300d4ad24-20, groupId=Consumer-topic-f74fc4cf_5f29_4772_b12a_de5300d4ad24] (Re-)joining group
2025-08-06 18:54:15,643 INFO  [io.api.tes.ser.api.KafkaSerdesTester] (Thread-751) None found
2025-08-06 18:54:16,643 INFO  [io.api.tes.ser.api.KafkaSerdesTester] (Thread-751) None found
2025-08-06 18:54:17,644 INFO  [io.api.tes.ser.api.KafkaSerdesTester] (Thread-751) None found
2025-08-06 18:54:17,655 INFO  [org.apa.kaf.cli.con.int.ConsumerCoordinator] (Thread-751) [Consumer clientId=consumer-Consumer-topic-f74fc4cf_5f29_4772_b12a_de5300d4ad24-20, groupId=Consumer-topic-f74fc4cf_5f29_4772_b12a_de5300d4ad24] Successfully joined group with generation Generation{generationId=1, memberId='consumer-Consumer-topic-f74fc4cf_5f29_4772_b12a_de5300d4ad24-20-994aaf24-b5be-49b8-8d23-7cca8cf2c135', protocol='range'}
2025-08-06 18:54:17,655 INFO  [org.apa.kaf.cli.con.int.ConsumerCoordinator] (Thread-751) [Consumer clientId=consumer-Consumer-topic-f74fc4cf_5f29_4772_b12a_de5300d4ad24-20, groupId=Consumer-topic-f74fc4cf_5f29_4772_b12a_de5300d4ad24] Finished assignment for group at generation 1: {consumer-Consumer-topic-f74fc4cf_5f29_4772_b12a_de5300d4ad24-20-994aaf24-b5be-49b8-8d23-7cca8cf2c135=Assignment(partitions=[topic-f74fc4cf_5f29_4772_b12a_de5300d4ad24-0])}
2025-08-06 18:54:17,663 INFO  [org.apa.kaf.cli.con.int.ConsumerCoordinator] (Thread-751) [Consumer clientId=consumer-Consumer-topic-f74fc4cf_5f29_4772_b12a_de5300d4ad24-20, groupId=Consumer-topic-f74fc4cf_5f29_4772_b12a_de5300d4ad24] Successfully synced group in generation Generation{generationId=1, memberId='consumer-Consumer-topic-f74fc4cf_5f29_4772_b12a_de5300d4ad24-20-994aaf24-b5be-49b8-8d23-7cca8cf2c135', protocol='range'}
2025-08-06 18:54:17,663 INFO  [org.apa.kaf.cli.con.int.ConsumerCoordinator] (Thread-751) [Consumer clientId=consumer-Consumer-topic-f74fc4cf_5f29_4772_b12a_de5300d4ad24-20, groupId=Consumer-topic-f74fc4cf_5f29_4772_b12a_de5300d4ad24] Notifying assignor about the new Assignment(partitions=[topic-f74fc4cf_5f29_4772_b12a_de5300d4ad24-0])
2025-08-06 18:54:17,663 INFO  [org.apa.kaf.cli.con.int.ConsumerRebalanceListenerInvoker] (Thread-751) [Consumer clientId=consumer-Consumer-topic-f74fc4cf_5f29_4772_b12a_de5300d4ad24-20, groupId=Consumer-topic-f74fc4cf_5f29_4772_b12a_de5300d4ad24] Adding newly assigned partitions: topic-f74fc4cf_5f29_4772_b12a_de5300d4ad24-0
2025-08-06 18:54:17,664 INFO  [org.apa.kaf.cli.con.int.ConsumerCoordinator] (Thread-751) [Consumer clientId=consumer-Consumer-topic-f74fc4cf_5f29_4772_b12a_de5300d4ad24-20, groupId=Consumer-topic-f74fc4cf_5f29_4772_b12a_de5300d4ad24] Found no committed offset for partition topic-f74fc4cf_5f29_4772_b12a_de5300d4ad24-0
2025-08-06 18:54:17,668 INFO  [org.apa.kaf.cli.con.int.SubscriptionState] (Thread-751) [Consumer clientId=consumer-Consumer-topic-f74fc4cf_5f29_4772_b12a_de5300d4ad24-20, groupId=Consumer-topic-f74fc4cf_5f29_4772_b12a_de5300d4ad24] Resetting offset for partition topic-f74fc4cf_5f29_4772_b12a_de5300d4ad24-0 to position FetchPosition{offset=0, offsetEpoch=Optional.empty, currentLeader=LeaderAndEpoch{leader=Optional[localhost:32769 (id: 0 rack: null)], epoch=0}}.
2025-08-06 18:54:18,089 INFO  [io.api.tes.ser.api.KafkaSerdesTester] (Thread-751) topic-f74fc4cf_5f29_4772_b12a_de5300d4ad24 0 0 header {
  time {
  }
}
d1: 1.754506452954E12
s1: "a"
i1: 123
bi1: 1
point {
  longitude: 22.0
  latitude: 22.0
  altitude: 1.0
}

2025-08-06 18:54:18,090 INFO  [io.api.tes.ser.api.KafkaSerdesTester] (Thread-751) topic-f74fc4cf_5f29_4772_b12a_de5300d4ad24 0 1 header {
  time {
  }
}
d1: 1.754506453516E12
s1: "a"
i1: 123
bi1: 1
point {
  longitude: 22.0
  latitude: 22.0
  altitude: 1.0
}

2025-08-06 18:54:18,090 INFO  [io.api.tes.ser.api.KafkaSerdesTester] (Thread-751) topic-f74fc4cf_5f29_4772_b12a_de5300d4ad24 0 2 header {
  time {
  }
}
d1: 1.754506453613E12
s1: "a"
i1: 123
bi1: 1
point {
  longitude: 22.0
  latitude: 22.0
  altitude: 1.0
}

2025-08-06 18:54:18,090 INFO  [io.api.tes.ser.api.KafkaSerdesTester] (Thread-751) topic-f74fc4cf_5f29_4772_b12a_de5300d4ad24 0 3 header {
  time {
  }
}
d1: 1.75450645371E12
s1: "a"
i1: 123
bi1: 1
point {
  longitude: 22.0
  latitude: 22.0
  altitude: 1.0
}

2025-08-06 18:54:18,090 INFO  [io.api.tes.ser.api.KafkaSerdesTester] (Thread-751) topic-f74fc4cf_5f29_4772_b12a_de5300d4ad24 0 4 header {
  time {
  }
}
d1: 1.754506453807E12
s1: "a"
i1: 123
bi1: 1
point {
  longitude: 22.0
  latitude: 22.0
  altitude: 1.0
}

2025-08-06 18:54:18,094 INFO  [io.api.tes.ser.api.KafkaSerdesTester] (Thread-751) topic-f74fc4cf_5f29_4772_b12a_de5300d4ad24 0 5 header {
  time {
  }
}
d1: 1.754506453905E12
s1: "a"
i1: 123
bi1: 1
point {
  longitude: 22.0
  latitude: 22.0
  altitude: 1.0
}

2025-08-06 18:54:18,094 INFO  [io.api.tes.ser.api.KafkaSerdesTester] (Thread-751) topic-f74fc4cf_5f29_4772_b12a_de5300d4ad24 0 6 header {
  time {
  }
}
d1: 1.754506454003E12
s1: "a"
i1: 123
bi1: 1
point {
  longitude: 22.0
  latitude: 22.0
  altitude: 1.0
}

2025-08-06 18:54:18,094 INFO  [io.api.tes.ser.api.KafkaSerdesTester] (Thread-751) topic-f74fc4cf_5f29_4772_b12a_de5300d4ad24 0 7 header {
  time {
  }
}
d1: 1.754506454101E12
s1: "a"
i1: 123
bi1: 1
point {
  longitude: 22.0
  latitude: 22.0
  altitude: 1.0
}

2025-08-06 18:54:18,094 INFO  [io.api.tes.ser.api.KafkaSerdesTester] (Thread-751) topic-f74fc4cf_5f29_4772_b12a_de5300d4ad24 0 8 header {
  time {
  }
}
d1: 1.754506454202E12
s1: "a"
i1: 123
bi1: 1
point {
  longitude: 22.0
  latitude: 22.0
  altitude: 1.0
}

2025-08-06 18:54:18,095 INFO  [io.api.tes.ser.api.KafkaSerdesTester] (Thread-751) topic-f74fc4cf_5f29_4772_b12a_de5300d4ad24 0 9 header {
  time {
  }
}
d1: 1.754506454298E12
s1: "a"
i1: 123
bi1: 1
point {
  longitude: 22.0
  latitude: 22.0
  altitude: 1.0
}

2025-08-06 18:54:18,095 INFO  [io.api.tes.ser.api.KafkaSerdesTester] (Thread-751) Consumed 10 messages
2025-08-06 18:54:18,104 INFO  [org.apa.kaf.cli.con.int.ConsumerRebalanceListenerInvoker] (Thread-751) [Consumer clientId=consumer-Consumer-topic-f74fc4cf_5f29_4772_b12a_de5300d4ad24-20, groupId=Consumer-topic-f74fc4cf_5f29_4772_b12a_de5300d4ad24] Revoke previously assigned partitions topic-f74fc4cf_5f29_4772_b12a_de5300d4ad24-0
2025-08-06 18:54:18,104 INFO  [org.apa.kaf.cli.con.int.ConsumerCoordinator] (Thread-751) [Consumer clientId=consumer-Consumer-topic-f74fc4cf_5f29_4772_b12a_de5300d4ad24-20, groupId=Consumer-topic-f74fc4cf_5f29_4772_b12a_de5300d4ad24] Member consumer-Consumer-topic-f74fc4cf_5f29_4772_b12a_de5300d4ad24-20-994aaf24-b5be-49b8-8d23-7cca8cf2c135 sending LeaveGroup request to coordinator localhost:32769 (id: 2147483647 rack: null) due to the consumer is being closed
2025-08-06 18:54:18,104 INFO  [org.apa.kaf.cli.con.int.ConsumerCoordinator] (Thread-751) [Consumer clientId=consumer-Consumer-topic-f74fc4cf_5f29_4772_b12a_de5300d4ad24-20, groupId=Consumer-topic-f74fc4cf_5f29_4772_b12a_de5300d4ad24] Resetting generation and member id due to: consumer pro-actively leaving the group
2025-08-06 18:54:18,104 INFO  [org.apa.kaf.cli.con.int.ConsumerCoordinator] (Thread-751) [Consumer clientId=consumer-Consumer-topic-f74fc4cf_5f29_4772_b12a_de5300d4ad24-20, groupId=Consumer-topic-f74fc4cf_5f29_4772_b12a_de5300d4ad24] Request joining group due to: consumer pro-actively leaving the group
2025-08-06 18:54:18,591 INFO  [org.apa.kaf.com.met.Metrics] (Thread-751) Metrics scheduler closed
2025-08-06 18:54:18,591 INFO  [org.apa.kaf.com.met.Metrics] (Thread-751) Closing reporter org.apache.kafka.common.metrics.JmxReporter
2025-08-06 18:54:18,591 INFO  [org.apa.kaf.com.met.Metrics] (Thread-751) Closing reporter org.apache.kafka.common.telemetry.internals.ClientTelemetryReporter
2025-08-06 18:54:18,591 INFO  [org.apa.kaf.com.met.Metrics] (Thread-751) Metrics reporters closed
2025-08-06 18:54:18,593 INFO  [org.apa.kaf.com.uti.AppInfoParser] (Thread-751) App info kafka.consumer for consumer-Consumer-topic-f74fc4cf_5f29_4772_b12a_de5300d4ad24-20 unregistered
2025-08-06 18:54:18,679 INFO  [io.api.tes.uti.TestSeparator] (main) io.apicurio.tests.serdes.apicurio.ProtobufSerdeIT.testTopicIdStrategyAutoRegister-FINISHED
2025-08-06 18:54:18,679 INFO  [io.api.tes.uti.TestSeparator] (main) ############################################################################
Test passed: testTopicIdStrategyAutoRegister
]]></system-out>
  </testcase>
  <testcase name="testAutoRegisterAndUseBody" classname="io.apicurio.tests.serdes.apicurio.ProtobufSerdeIT" time="0.638">
    <error message="java.lang.RuntimeException: java.lang.RuntimeException: java.util.concurrent.ExecutionException: io.vertx.core.http.HttpClosedException: Connection was closed" type="java.util.concurrent.ExecutionException"><![CDATA[java.util.concurrent.ExecutionException: java.lang.RuntimeException: java.lang.RuntimeException: java.util.concurrent.ExecutionException: io.vertx.core.http.HttpClosedException: Connection was closed
	at java.base/java.util.concurrent.CompletableFuture.reportGet(CompletableFuture.java:396)
	at java.base/java.util.concurrent.CompletableFuture.get(CompletableFuture.java:2096)
	at io.apicurio.tests.serdes.apicurio.KafkaSerdesTester.produceMessages(KafkaSerdesTester.java:160)
	at io.apicurio.tests.serdes.apicurio.KafkaSerdesTester.produceMessages(KafkaSerdesTester.java:123)
	at io.apicurio.tests.serdes.apicurio.SimpleSerdesTesterBuilder$SimpleSerdesTester.test(SimpleSerdesTesterBuilder.java:139)
	at io.apicurio.tests.serdes.apicurio.ProtobufSerdeIT.testAutoRegisterAndUseBody(ProtobufSerdeIT.java:452)
	at java.base/java.lang.reflect.Method.invoke(Method.java:569)
	at java.base/java.util.ArrayList.forEach(ArrayList.java:1511)
	at java.base/java.util.ArrayList.forEach(ArrayList.java:1511)
Caused by: java.lang.RuntimeException: java.lang.RuntimeException: java.util.concurrent.ExecutionException: io.vertx.core.http.HttpClosedException: Connection was closed
	at io.apicurio.registry.resolver.cache.ERCache.retry(ERCache.java:242)
	at io.apicurio.registry.resolver.cache.ERCache.getValue(ERCache.java:173)
	at io.apicurio.registry.resolver.cache.ERCache.getByContent(ERCache.java:147)
	at io.apicurio.registry.resolver.DefaultSchemaResolver.handleAutoCreateArtifact(DefaultSchemaResolver.java:295)
	at io.apicurio.registry.resolver.DefaultSchemaResolver.getSchemaFromRegistry(DefaultSchemaResolver.java:120)
	at io.apicurio.registry.resolver.DefaultSchemaResolver.lambda$resolveSchema$0(DefaultSchemaResolver.java:84)
	at java.base/java.util.Optional.orElseGet(Optional.java:364)
	at io.apicurio.registry.resolver.DefaultSchemaResolver.resolveSchema(DefaultSchemaResolver.java:84)
	at io.apicurio.registry.serde.AbstractSerializer.serializeData(AbstractSerializer.java:62)
	at io.apicurio.registry.serde.KafkaSerializer.serialize(KafkaSerializer.java:77)
	at org.apache.kafka.clients.producer.KafkaProducer.doSend(KafkaProducer.java:1046)
	at org.apache.kafka.clients.producer.KafkaProducer.send(KafkaProducer.java:993)
	at org.apache.kafka.clients.producer.KafkaProducer.send(KafkaProducer.java:875)
	at io.apicurio.tests.serdes.apicurio.KafkaSerdesTester.lambda$produceMessages$3(KafkaSerdesTester.java:138)
	at java.base/java.util.concurrent.CompletableFuture$AsyncSupply.run(CompletableFuture.java:1768)
	at java.base/java.lang.Thread.run(Thread.java:840)
Caused by: java.lang.RuntimeException: java.util.concurrent.ExecutionException: io.vertx.core.http.HttpClosedException: Connection was closed
	at io.kiota.http.vertx.VertXRequestAdapter.getHttpResponseMessage(VertXRequestAdapter.java:437)
	at io.kiota.http.vertx.VertXRequestAdapter.send(VertXRequestAdapter.java:167)
	at io.apicurio.registry.rest.client.groups.item.artifacts.ArtifactsRequestBuilder.post(ArtifactsRequestBuilder.java:130)
	at io.apicurio.registry.resolver.client.RegistryClientFacadeImpl.createSchema(RegistryClientFacadeImpl.java:144)
	at io.apicurio.registry.resolver.DefaultSchemaResolver.lambda$handleAutoCreateArtifact$4(DefaultSchemaResolver.java:307)
	at io.apicurio.registry.resolver.cache.ERCache.lambda$getValue$0(ERCache.java:174)
	at io.apicurio.registry.resolver.cache.ERCache.retry(ERCache.java:227)
	... 15 more
Caused by: java.util.concurrent.ExecutionException: io.vertx.core.http.HttpClosedException: Connection was closed
	at java.base/java.util.concurrent.CompletableFuture.reportGet(CompletableFuture.java:396)
	at java.base/java.util.concurrent.CompletableFuture.get(CompletableFuture.java:2073)
	at io.kiota.http.vertx.VertXRequestAdapter.getHttpResponseMessage(VertXRequestAdapter.java:431)
	... 21 more
Caused by: io.vertx.core.http.HttpClosedException: Connection was closed
]]></error>
    <system-out><![CDATA[2025-08-06 18:54:18,680 INFO  [io.api.tes.uti.TestSeparator] (main) ############################################################################
2025-08-06 18:54:18,680 INFO  [io.api.tes.uti.TestSeparator] (main) io.apicurio.tests.serdes.apicurio.ProtobufSerdeIT.testAutoRegisterAndUseBody-STARTED
**** Registry Base URL: http://registry-app-pg17.apps.ci419.apicurio-testing.org:80
2025-08-06 18:54:18,683 INFO  [org.apa.kaf.cli.pro.ProducerConfig] (main) ProducerConfig values: 
	acks = -1
	auto.include.jmx.reporter = true
	batch.size = 16384
	bootstrap.servers = [PLAINTEXT://localhost:32769]
	buffer.memory = 33554432
	client.dns.lookup = use_all_dns_ips
	client.id = Producer-topic-da824d5b_e3be_4a90_9d3b_2f932d722279
	compression.gzip.level = -1
	compression.lz4.level = 9
	compression.type = none
	compression.zstd.level = 3
	connections.max.idle.ms = 10000
	delivery.timeout.ms = 120000
	enable.idempotence = true
	enable.metrics.push = true
	interceptor.classes = []
	key.serializer = class org.apache.kafka.common.serialization.StringSerializer
	linger.ms = 0
	max.block.ms = 60000
	max.in.flight.requests.per.connection = 5
	max.request.size = 1048576
	metadata.max.age.ms = 300000
	metadata.max.idle.ms = 300000
	metadata.recovery.strategy = none
	metric.reporters = []
	metrics.num.samples = 2
	metrics.recording.level = INFO
	metrics.sample.window.ms = 30000
	partitioner.adaptive.partitioning.enable = true
	partitioner.availability.timeout.ms = 0
	partitioner.class = null
	partitioner.ignore.keys = false
	receive.buffer.bytes = 32768
	reconnect.backoff.max.ms = 1000
	reconnect.backoff.ms = 50
	request.timeout.ms = 5000
	retries = 2147483647
	retry.backoff.max.ms = 1000
	retry.backoff.ms = 100
	sasl.client.callback.handler.class = null
	sasl.jaas.config = null
	sasl.kerberos.kinit.cmd = /usr/bin/kinit
	sasl.kerberos.min.time.before.relogin = 60000
	sasl.kerberos.service.name = null
	sasl.kerberos.ticket.renew.jitter = 0.05
	sasl.kerberos.ticket.renew.window.factor = 0.8
	sasl.login.callback.handler.class = null
	sasl.login.class = null
	sasl.login.connect.timeout.ms = null
	sasl.login.read.timeout.ms = null
	sasl.login.refresh.buffer.seconds = 300
	sasl.login.refresh.min.period.seconds = 60
	sasl.login.refresh.window.factor = 0.8
	sasl.login.refresh.window.jitter = 0.05
	sasl.login.retry.backoff.max.ms = 10000
	sasl.login.retry.backoff.ms = 100
	sasl.mechanism = GSSAPI
	sasl.oauthbearer.clock.skew.seconds = 30
	sasl.oauthbearer.expected.audience = null
	sasl.oauthbearer.expected.issuer = null
	sasl.oauthbearer.header.urlencode = false
	sasl.oauthbearer.jwks.endpoint.refresh.ms = 3600000
	sasl.oauthbearer.jwks.endpoint.retry.backoff.max.ms = 10000
	sasl.oauthbearer.jwks.endpoint.retry.backoff.ms = 100
	sasl.oauthbearer.jwks.endpoint.url = null
	sasl.oauthbearer.scope.claim.name = scope
	sasl.oauthbearer.sub.claim.name = sub
	sasl.oauthbearer.token.endpoint.url = null
	security.protocol = PLAINTEXT
	security.providers = null
	send.buffer.bytes = 131072
	socket.connection.setup.timeout.max.ms = 30000
	socket.connection.setup.timeout.ms = 10000
	ssl.cipher.suites = null
	ssl.enabled.protocols = [TLSv1.2, TLSv1.3]
	ssl.endpoint.identification.algorithm = https
	ssl.engine.factory.class = null
	ssl.key.password = null
	ssl.keymanager.algorithm = SunX509
	ssl.keystore.certificate.chain = null
	ssl.keystore.key = null
	ssl.keystore.location = null
	ssl.keystore.password = null
	ssl.keystore.type = JKS
	ssl.protocol = TLSv1.3
	ssl.provider = null
	ssl.secure.random.implementation = null
	ssl.trustmanager.algorithm = PKIX
	ssl.truststore.certificates = null
	ssl.truststore.location = null
	ssl.truststore.password = null
	ssl.truststore.type = JKS
	transaction.timeout.ms = 60000
	transactional.id = null
	value.serializer = class io.apicurio.registry.serde.protobuf.ProtobufKafkaSerializer

2025-08-06 18:54:18,683 INFO  [org.apa.kaf.com.tel.int.KafkaMetricsCollector] (main) initializing Kafka metrics collector
2025-08-06 18:54:18,689 INFO  [org.apa.kaf.cli.pro.KafkaProducer] (main) [Producer clientId=Producer-topic-da824d5b_e3be_4a90_9d3b_2f932d722279] Instantiated an idempotent producer.
2025-08-06 18:54:18,692 INFO  [org.apa.kaf.cli.pro.ProducerConfig] (main) These configurations '[apicurio.registry.url, apicurio.registry.auto-register, apicurio.registry.artifact-resolver-strategy]' were supplied but are not used yet.
2025-08-06 18:54:18,692 INFO  [org.apa.kaf.com.uti.AppInfoParser] (main) Kafka version: 3.9.1
2025-08-06 18:54:18,692 INFO  [org.apa.kaf.com.uti.AppInfoParser] (main) Kafka commitId: f745dfdcee2b9851
2025-08-06 18:54:18,692 INFO  [org.apa.kaf.com.uti.AppInfoParser] (main) Kafka startTimeMs: 1754506458692
2025-08-06 18:54:18,692 INFO  [io.api.tes.ser.api.SimpleSerdesTesterBuilder$SimpleSerdesTester] (main) Using producer configuration: {apicurio.registry.url=http://registry-app-pg17.apps.ci419.apicurio-testing.org:80/apis/registry/v3, apicurio.registry.auto-register=true, apicurio.registry.artifact-resolver-strategy=io.apicurio.registry.serde.strategy.TopicIdStrategy, value.serializer=io.apicurio.registry.serde.protobuf.ProtobufKafkaSerializer, request.timeout.ms=5000, acks=all, bootstrap.servers=PLAINTEXT://localhost:32769, connections.max.idle.ms=10000, key.serializer=org.apache.kafka.common.serialization.StringSerializer, client.id=Producer-topic-da824d5b_e3be_4a90_9d3b_2f932d722279}
2025-08-06 18:54:18,692 INFO  [io.api.tes.ser.api.SimpleSerdesTesterBuilder$SimpleSerdesTester] (main) Using consumer configuration: {apicurio.protobuf.derive.class=true}
2025-08-06 18:54:18,693 INFO  [org.apa.kaf.cli.Metadata] (kafka-producer-network-thread | Producer-topic-da824d5b_e3be_4a90_9d3b_2f932d722279) [Producer clientId=Producer-topic-da824d5b_e3be_4a90_9d3b_2f932d722279] Cluster ID: igMICRUWSZmdRuxlP-JQ6A
2025-08-06 18:54:18,694 INFO  [io.api.tes.ser.api.KafkaSerdesTester] (Thread-754) Sending message header {
  time {
  }
}
d1: 1.754506458692E12
s1: "a"
i1: 123
bi1: 1
point {
  longitude: 22.0
  latitude: 22.0
  altitude: 1.0
}
 to topic topic-da824d5b_e3be_4a90_9d3b_2f932d722279
2025-08-06 18:54:18,695 INFO  [org.apa.kaf.cli.pro.int.TransactionManager] (kafka-producer-network-thread | Producer-topic-da824d5b_e3be_4a90_9d3b_2f932d722279) [Producer clientId=Producer-topic-da824d5b_e3be_4a90_9d3b_2f932d722279] ProducerId set to 28 with epoch 0
2025-08-06 18:54:18,697 WARN  [org.apa.kaf.cli.NetworkClient] (kafka-producer-network-thread | Producer-topic-da824d5b_e3be_4a90_9d3b_2f932d722279) [Producer clientId=Producer-topic-da824d5b_e3be_4a90_9d3b_2f932d722279] The metadata response from the cluster reported a recoverable issue with correlation id 4 : {topic-da824d5b_e3be_4a90_9d3b_2f932d722279=UNKNOWN_TOPIC_OR_PARTITION}
2025-08-06 18:54:19,072 INFO  [io.api.tes.ser.api.KafkaSerdesTester] (Thread-754) Sending message header {
  time {
  }
}
d1: 1.754506459072E12
s1: "a"
i1: 123
bi1: 1
point {
  longitude: 22.0
  latitude: 22.0
  altitude: 1.0
}
 to topic topic-da824d5b_e3be_4a90_9d3b_2f932d722279
2025-08-06 18:54:19,164 INFO  [io.api.tes.ser.api.KafkaSerdesTester] (Thread-754) Sending message header {
  time {
  }
}
d1: 1.754506459164E12
s1: "a"
i1: 123
bi1: 1
point {
  longitude: 22.0
  latitude: 22.0
  altitude: 1.0
}
 to topic topic-da824d5b_e3be_4a90_9d3b_2f932d722279
2025-08-06 18:54:19,255 INFO  [io.api.tes.ser.api.KafkaSerdesTester] (Thread-754) Sending message header {
  time {
  }
}
d1: 1.754506459255E12
s1: "a"
i1: 123
bi1: 1
point {
  longitude: 22.0
  latitude: 22.0
  altitude: 1.0
}
 to topic topic-da824d5b_e3be_4a90_9d3b_2f932d722279
2025-08-06 18:54:19,314 INFO  [org.apa.kaf.cli.pro.KafkaProducer] (Thread-754) [Producer clientId=Producer-topic-da824d5b_e3be_4a90_9d3b_2f932d722279] Closing the Kafka producer with timeoutMillis = 9223372036854775807 ms.
2025-08-06 18:54:19,316 INFO  [org.apa.kaf.com.met.Metrics] (Thread-754) Metrics scheduler closed
2025-08-06 18:54:19,316 INFO  [org.apa.kaf.com.met.Metrics] (Thread-754) Closing reporter org.apache.kafka.common.metrics.JmxReporter
2025-08-06 18:54:19,316 INFO  [org.apa.kaf.com.met.Metrics] (Thread-754) Closing reporter org.apache.kafka.common.telemetry.internals.ClientTelemetryReporter
2025-08-06 18:54:19,316 INFO  [org.apa.kaf.com.met.Metrics] (Thread-754) Metrics reporters closed
2025-08-06 18:54:19,316 INFO  [org.apa.kaf.com.uti.AppInfoParser] (Thread-754) App info kafka.producer for Producer-topic-da824d5b_e3be_4a90_9d3b_2f932d722279 unregistered
2025-08-06 18:54:19,317 INFO  [io.api.tes.uti.TestSeparator] (main) io.apicurio.tests.serdes.apicurio.ProtobufSerdeIT.testAutoRegisterAndUseBody-FINISHED
2025-08-06 18:54:19,317 INFO  [io.api.tes.uti.TestSeparator] (main) ############################################################################
2025-08-06 18:54:19,317 ERROR [io.api.reg.uti.tes.TestUtils] (main) === TEST FAILED ===
2025-08-06 18:54:19,317 ERROR [io.api.reg.uti.tes.TestUtils] (main) Class: class io.apicurio.tests.serdes.apicurio.ProtobufSerdeIT
2025-08-06 18:54:19,317 ERROR [io.api.reg.uti.tes.TestUtils] (main) Test:  testAutoRegisterAndUseBody
2025-08-06 18:54:19,317 ERROR [io.api.reg.uti.tes.TestUtils] (main) ID:    [engine:junit-jupiter]/[class:io.apicurio.tests.serdes.apicurio.ProtobufSerdeIT]/[method:testAutoRegisterAndUseBody()]
2025-08-06 18:54:19,317 ERROR [io.api.reg.uti.tes.TestUtils] (main) Error: ExecutionException - java.lang.RuntimeException: java.lang.RuntimeException: java.util.concurrent.ExecutionException: io.vertx.core.http.HttpClosedException: Connection was closed
2025-08-06 18:54:19,317 ERROR [io.api.reg.uti.tes.TestUtils] (main) Root Cause: io.vertx.core.http.HttpClosedException: Connection was closed

2025-08-06 18:54:19,317 ERROR [io.api.reg.uti.tes.TestUtils] (main) === =========== ===
]]></system-out>
    <system-err><![CDATA[java.lang.RuntimeException: java.util.concurrent.ExecutionException: io.vertx.core.http.HttpClosedException: Connection was closed
	at io.kiota.http.vertx.VertXRequestAdapter.getHttpResponseMessage(VertXRequestAdapter.java:437)
	at io.kiota.http.vertx.VertXRequestAdapter.send(VertXRequestAdapter.java:167)
	at io.apicurio.registry.rest.client.groups.item.artifacts.ArtifactsRequestBuilder.post(ArtifactsRequestBuilder.java:130)
	at io.apicurio.registry.resolver.client.RegistryClientFacadeImpl.createSchema(RegistryClientFacadeImpl.java:144)
	at io.apicurio.registry.resolver.DefaultSchemaResolver.lambda$handleAutoCreateArtifact$4(DefaultSchemaResolver.java:307)
	at io.apicurio.registry.resolver.cache.ERCache.lambda$getValue$0(ERCache.java:174)
	at io.apicurio.registry.resolver.cache.ERCache.retry(ERCache.java:227)
	at io.apicurio.registry.resolver.cache.ERCache.getValue(ERCache.java:173)
	at io.apicurio.registry.resolver.cache.ERCache.getByContent(ERCache.java:147)
	at io.apicurio.registry.resolver.DefaultSchemaResolver.handleAutoCreateArtifact(DefaultSchemaResolver.java:295)
	at io.apicurio.registry.resolver.DefaultSchemaResolver.getSchemaFromRegistry(DefaultSchemaResolver.java:120)
	at io.apicurio.registry.resolver.DefaultSchemaResolver.lambda$resolveSchema$0(DefaultSchemaResolver.java:84)
	at java.base/java.util.Optional.orElseGet(Optional.java:364)
	at io.apicurio.registry.resolver.DefaultSchemaResolver.resolveSchema(DefaultSchemaResolver.java:84)
	at io.apicurio.registry.serde.AbstractSerializer.serializeData(AbstractSerializer.java:62)
	at io.apicurio.registry.serde.KafkaSerializer.serialize(KafkaSerializer.java:77)
	at org.apache.kafka.clients.producer.KafkaProducer.doSend(KafkaProducer.java:1046)
	at org.apache.kafka.clients.producer.KafkaProducer.send(KafkaProducer.java:993)
	at org.apache.kafka.clients.producer.KafkaProducer.send(KafkaProducer.java:875)
	at io.apicurio.tests.serdes.apicurio.KafkaSerdesTester.lambda$produceMessages$3(KafkaSerdesTester.java:138)
	at java.base/java.util.concurrent.CompletableFuture$AsyncSupply.run(CompletableFuture.java:1768)
	at java.base/java.lang.Thread.run(Thread.java:840)
Caused by: java.util.concurrent.ExecutionException: io.vertx.core.http.HttpClosedException: Connection was closed
	at java.base/java.util.concurrent.CompletableFuture.reportGet(CompletableFuture.java:396)
	at java.base/java.util.concurrent.CompletableFuture.get(CompletableFuture.java:2073)
	at io.kiota.http.vertx.VertXRequestAdapter.getHttpResponseMessage(VertXRequestAdapter.java:431)
	... 21 more
Caused by: io.vertx.core.http.HttpClosedException: Connection was closed
]]></system-err>
  </testcase>
  <testcase name="testValidation" classname="io.apicurio.tests.serdes.apicurio.ProtobufSerdeIT" time="24.202">
    <system-out><![CDATA[2025-08-06 18:54:19,319 INFO  [io.api.tes.uti.TestSeparator] (main) ############################################################################
2025-08-06 18:54:19,319 INFO  [io.api.tes.uti.TestSeparator] (main) io.apicurio.tests.serdes.apicurio.ProtobufSerdeIT.testValidation-STARTED
**** Registry Base URL: http://registry-app-pg17.apps.ci419.apicurio-testing.org:80
2025-08-06 18:54:21,750 INFO  [org.apa.kaf.cli.pro.ProducerConfig] (main) ProducerConfig values: 
	acks = -1
	auto.include.jmx.reporter = true
	batch.size = 16384
	bootstrap.servers = [PLAINTEXT://localhost:32769]
	buffer.memory = 33554432
	client.dns.lookup = use_all_dns_ips
	client.id = Producer-sfa386745xce5ex43a7x98b1x9f5ec09e843e
	compression.gzip.level = -1
	compression.lz4.level = 9
	compression.type = none
	compression.zstd.level = 3
	connections.max.idle.ms = 10000
	delivery.timeout.ms = 120000
	enable.idempotence = true
	enable.metrics.push = true
	interceptor.classes = []
	key.serializer = class org.apache.kafka.common.serialization.StringSerializer
	linger.ms = 0
	max.block.ms = 60000
	max.in.flight.requests.per.connection = 5
	max.request.size = 1048576
	metadata.max.age.ms = 300000
	metadata.max.idle.ms = 300000
	metadata.recovery.strategy = none
	metric.reporters = []
	metrics.num.samples = 2
	metrics.recording.level = INFO
	metrics.sample.window.ms = 30000
	partitioner.adaptive.partitioning.enable = true
	partitioner.availability.timeout.ms = 0
	partitioner.class = null
	partitioner.ignore.keys = false
	receive.buffer.bytes = 32768
	reconnect.backoff.max.ms = 1000
	reconnect.backoff.ms = 50
	request.timeout.ms = 5000
	retries = 2147483647
	retry.backoff.max.ms = 1000
	retry.backoff.ms = 100
	sasl.client.callback.handler.class = null
	sasl.jaas.config = null
	sasl.kerberos.kinit.cmd = /usr/bin/kinit
	sasl.kerberos.min.time.before.relogin = 60000
	sasl.kerberos.service.name = null
	sasl.kerberos.ticket.renew.jitter = 0.05
	sasl.kerberos.ticket.renew.window.factor = 0.8
	sasl.login.callback.handler.class = null
	sasl.login.class = null
	sasl.login.connect.timeout.ms = null
	sasl.login.read.timeout.ms = null
	sasl.login.refresh.buffer.seconds = 300
	sasl.login.refresh.min.period.seconds = 60
	sasl.login.refresh.window.factor = 0.8
	sasl.login.refresh.window.jitter = 0.05
	sasl.login.retry.backoff.max.ms = 10000
	sasl.login.retry.backoff.ms = 100
	sasl.mechanism = GSSAPI
	sasl.oauthbearer.clock.skew.seconds = 30
	sasl.oauthbearer.expected.audience = null
	sasl.oauthbearer.expected.issuer = null
	sasl.oauthbearer.header.urlencode = false
	sasl.oauthbearer.jwks.endpoint.refresh.ms = 3600000
	sasl.oauthbearer.jwks.endpoint.retry.backoff.max.ms = 10000
	sasl.oauthbearer.jwks.endpoint.retry.backoff.ms = 100
	sasl.oauthbearer.jwks.endpoint.url = null
	sasl.oauthbearer.scope.claim.name = scope
	sasl.oauthbearer.sub.claim.name = sub
	sasl.oauthbearer.token.endpoint.url = null
	security.protocol = PLAINTEXT
	security.providers = null
	send.buffer.bytes = 131072
	socket.connection.setup.timeout.max.ms = 30000
	socket.connection.setup.timeout.ms = 10000
	ssl.cipher.suites = null
	ssl.enabled.protocols = [TLSv1.2, TLSv1.3]
	ssl.endpoint.identification.algorithm = https
	ssl.engine.factory.class = null
	ssl.key.password = null
	ssl.keymanager.algorithm = SunX509
	ssl.keystore.certificate.chain = null
	ssl.keystore.key = null
	ssl.keystore.location = null
	ssl.keystore.password = null
	ssl.keystore.type = JKS
	ssl.protocol = TLSv1.3
	ssl.provider = null
	ssl.secure.random.implementation = null
	ssl.trustmanager.algorithm = PKIX
	ssl.truststore.certificates = null
	ssl.truststore.location = null
	ssl.truststore.password = null
	ssl.truststore.type = JKS
	transaction.timeout.ms = 60000
	transactional.id = null
	value.serializer = class io.apicurio.registry.serde.protobuf.ProtobufKafkaSerializer

2025-08-06 18:54:21,750 INFO  [org.apa.kaf.com.tel.int.KafkaMetricsCollector] (main) initializing Kafka metrics collector
2025-08-06 18:54:21,753 INFO  [org.apa.kaf.cli.pro.KafkaProducer] (main) [Producer clientId=Producer-sfa386745xce5ex43a7x98b1x9f5ec09e843e] Instantiated an idempotent producer.
2025-08-06 18:54:21,754 INFO  [org.apa.kaf.cli.pro.ProducerConfig] (main) These configurations '[apicurio.registry.headers.enabled, apicurio.registry.find-latest, apicurio.registry.url, apicurio.registry.artifact-resolver-strategy, apicurio.registry.artifact.version]' were supplied but are not used yet.
2025-08-06 18:54:21,754 INFO  [org.apa.kaf.com.uti.AppInfoParser] (main) Kafka version: 3.9.1
2025-08-06 18:54:21,754 INFO  [org.apa.kaf.com.uti.AppInfoParser] (main) Kafka commitId: f745dfdcee2b9851
2025-08-06 18:54:21,754 INFO  [org.apa.kaf.com.uti.AppInfoParser] (main) Kafka startTimeMs: 1754506461754
2025-08-06 18:54:21,754 INFO  [io.api.tes.ser.api.SimpleSerdesTesterBuilder$SimpleSerdesTester] (main) Using producer configuration: {apicurio.registry.headers.enabled=true, request.timeout.ms=5000, acks=all, bootstrap.servers=PLAINTEXT://localhost:32769, key.serializer=org.apache.kafka.common.serialization.StringSerializer, apicurio.registry.find-latest=false, apicurio.registry.url=http://registry-app-pg17.apps.ci419.apicurio-testing.org:80/apis/registry/v3, apicurio.registry.artifact-resolver-strategy=io.apicurio.registry.serde.strategy.TopicIdStrategy, value.serializer=io.apicurio.registry.serde.protobuf.ProtobufKafkaSerializer, connections.max.idle.ms=10000, apicurio.registry.artifact.version=1, client.id=Producer-sfa386745xce5ex43a7x98b1x9f5ec09e843e}
2025-08-06 18:54:21,754 INFO  [io.api.tes.ser.api.SimpleSerdesTesterBuilder$SimpleSerdesTester] (main) Using consumer configuration: {apicurio.registry.headers.enabled=true}
2025-08-06 18:54:21,755 INFO  [io.api.tes.ser.api.KafkaSerdesTester] (Thread-757) Sending message header {
  time {
  }
}
d1: 1.754506461755E12
s1: "a"
i1: 123
bi1: 1
point {
  longitude: 22.0
  latitude: 22.0
  altitude: 1.0
}
 to topic sfa386745xce5ex43a7x98b1x9f5ec09e843e
2025-08-06 18:54:21,757 INFO  [org.apa.kaf.cli.Metadata] (kafka-producer-network-thread | Producer-sfa386745xce5ex43a7x98b1x9f5ec09e843e) [Producer clientId=Producer-sfa386745xce5ex43a7x98b1x9f5ec09e843e] Cluster ID: igMICRUWSZmdRuxlP-JQ6A
2025-08-06 18:54:21,757 INFO  [org.apa.kaf.cli.pro.int.TransactionManager] (kafka-producer-network-thread | Producer-sfa386745xce5ex43a7x98b1x9f5ec09e843e) [Producer clientId=Producer-sfa386745xce5ex43a7x98b1x9f5ec09e843e] ProducerId set to 29 with epoch 0
2025-08-06 18:54:23,120 INFO  [io.api.tes.ser.api.KafkaSerdesTester] (Thread-757) Sending message header {
  time {
  }
}
d1: 1.754506463119E12
s1: "a"
i1: 123
bi1: 1
point {
  longitude: 22.0
  latitude: 22.0
  altitude: 1.0
}
 to topic sfa386745xce5ex43a7x98b1x9f5ec09e843e
2025-08-06 18:54:23,122 INFO  [io.api.tes.ser.api.KafkaSerdesTester] (Thread-757) Sending message header {
  time {
  }
}
d1: 1.754506463121E12
s1: "a"
i1: 123
bi1: 1
point {
  longitude: 22.0
  latitude: 22.0
  altitude: 1.0
}
 to topic sfa386745xce5ex43a7x98b1x9f5ec09e843e
2025-08-06 18:54:23,123 INFO  [io.api.tes.ser.api.KafkaSerdesTester] (Thread-757) Sending message header {
  time {
  }
}
d1: 1.754506463123E12
s1: "a"
i1: 123
bi1: 1
point {
  longitude: 22.0
  latitude: 22.0
  altitude: 1.0
}
 to topic sfa386745xce5ex43a7x98b1x9f5ec09e843e
2025-08-06 18:54:23,125 INFO  [io.api.tes.ser.api.KafkaSerdesTester] (Thread-757) Sending message header {
  time {
  }
}
d1: 1.754506463125E12
s1: "a"
i1: 123
bi1: 1
point {
  longitude: 22.0
  latitude: 22.0
  altitude: 1.0
}
 to topic sfa386745xce5ex43a7x98b1x9f5ec09e843e
2025-08-06 18:54:23,127 INFO  [io.api.tes.ser.api.KafkaSerdesTester] (Thread-757) Sending message header {
  time {
  }
}
d1: 1.754506463127E12
s1: "a"
i1: 123
bi1: 1
point {
  longitude: 22.0
  latitude: 22.0
  altitude: 1.0
}
 to topic sfa386745xce5ex43a7x98b1x9f5ec09e843e
2025-08-06 18:54:23,131 INFO  [io.api.tes.ser.api.KafkaSerdesTester] (Thread-757) Sending message header {
  time {
  }
}
d1: 1.75450646313E12
s1: "a"
i1: 123
bi1: 1
point {
  longitude: 22.0
  latitude: 22.0
  altitude: 1.0
}
 to topic sfa386745xce5ex43a7x98b1x9f5ec09e843e
2025-08-06 18:54:23,133 INFO  [io.api.tes.ser.api.KafkaSerdesTester] (Thread-757) Sending message header {
  time {
  }
}
d1: 1.754506463133E12
s1: "a"
i1: 123
bi1: 1
point {
  longitude: 22.0
  latitude: 22.0
  altitude: 1.0
}
 to topic sfa386745xce5ex43a7x98b1x9f5ec09e843e
2025-08-06 18:54:23,134 INFO  [io.api.tes.ser.api.KafkaSerdesTester] (Thread-757) Sending message header {
  time {
  }
}
d1: 1.754506463134E12
s1: "a"
i1: 123
bi1: 1
point {
  longitude: 22.0
  latitude: 22.0
  altitude: 1.0
}
 to topic sfa386745xce5ex43a7x98b1x9f5ec09e843e
2025-08-06 18:54:23,136 INFO  [io.api.tes.ser.api.KafkaSerdesTester] (Thread-757) Sending message header {
  time {
  }
}
d1: 1.754506463136E12
s1: "a"
i1: 123
bi1: 1
point {
  longitude: 22.0
  latitude: 22.0
  altitude: 1.0
}
 to topic sfa386745xce5ex43a7x98b1x9f5ec09e843e
2025-08-06 18:54:23,138 INFO  [io.api.tes.ser.api.KafkaSerdesTester] (Thread-757) Produced 10 messages
2025-08-06 18:54:23,138 INFO  [org.apa.kaf.cli.pro.KafkaProducer] (Thread-757) [Producer clientId=Producer-sfa386745xce5ex43a7x98b1x9f5ec09e843e] Closing the Kafka producer with timeoutMillis = 9223372036854775807 ms.
2025-08-06 18:54:23,140 INFO  [org.apa.kaf.com.met.Metrics] (Thread-757) Metrics scheduler closed
2025-08-06 18:54:23,140 INFO  [org.apa.kaf.com.met.Metrics] (Thread-757) Closing reporter org.apache.kafka.common.metrics.JmxReporter
2025-08-06 18:54:23,140 INFO  [org.apa.kaf.com.met.Metrics] (Thread-757) Closing reporter org.apache.kafka.common.telemetry.internals.ClientTelemetryReporter
2025-08-06 18:54:23,140 INFO  [org.apa.kaf.com.met.Metrics] (Thread-757) Metrics reporters closed
2025-08-06 18:54:23,141 INFO  [org.apa.kaf.com.uti.AppInfoParser] (Thread-757) App info kafka.producer for Producer-sfa386745xce5ex43a7x98b1x9f5ec09e843e unregistered
**** Registry Base URL: http://registry-app-pg17.apps.ci419.apicurio-testing.org:80
2025-08-06 18:54:23,141 INFO  [org.apa.kaf.cli.con.ConsumerConfig] (main) ConsumerConfig values: 
	allow.auto.create.topics = true
	auto.commit.interval.ms = 500
	auto.include.jmx.reporter = true
	auto.offset.reset = earliest
	bootstrap.servers = [PLAINTEXT://localhost:32769]
	check.crcs = true
	client.dns.lookup = use_all_dns_ips
	client.id = consumer-Consumer-sfa386745xce5ex43a7x98b1x9f5ec09e843e-21
	client.rack = 
	connections.max.idle.ms = 10000
	default.api.timeout.ms = 60000
	enable.auto.commit = true
	enable.metrics.push = true
	exclude.internal.topics = true
	fetch.max.bytes = 52428800
	fetch.max.wait.ms = 500
	fetch.min.bytes = 1
	group.id = Consumer-sfa386745xce5ex43a7x98b1x9f5ec09e843e
	group.instance.id = null
	group.protocol = classic
	group.remote.assignor = null
	heartbeat.interval.ms = 3000
	interceptor.classes = []
	internal.leave.group.on.close = true
	internal.throw.on.fetch.stable.offset.unsupported = false
	isolation.level = read_uncommitted
	key.deserializer = class org.apache.kafka.common.serialization.StringDeserializer
	max.partition.fetch.bytes = 1048576
	max.poll.interval.ms = 300000
	max.poll.records = 500
	metadata.max.age.ms = 300000
	metadata.recovery.strategy = none
	metric.reporters = []
	metrics.num.samples = 2
	metrics.recording.level = INFO
	metrics.sample.window.ms = 30000
	partition.assignment.strategy = [class org.apache.kafka.clients.consumer.RangeAssignor, class org.apache.kafka.clients.consumer.CooperativeStickyAssignor]
	receive.buffer.bytes = 65536
	reconnect.backoff.max.ms = 1000
	reconnect.backoff.ms = 50
	request.timeout.ms = 5000
	retry.backoff.max.ms = 1000
	retry.backoff.ms = 100
	sasl.client.callback.handler.class = null
	sasl.jaas.config = null
	sasl.kerberos.kinit.cmd = /usr/bin/kinit
	sasl.kerberos.min.time.before.relogin = 60000
	sasl.kerberos.service.name = null
	sasl.kerberos.ticket.renew.jitter = 0.05
	sasl.kerberos.ticket.renew.window.factor = 0.8
	sasl.login.callback.handler.class = null
	sasl.login.class = null
	sasl.login.connect.timeout.ms = null
	sasl.login.read.timeout.ms = null
	sasl.login.refresh.buffer.seconds = 300
	sasl.login.refresh.min.period.seconds = 60
	sasl.login.refresh.window.factor = 0.8
	sasl.login.refresh.window.jitter = 0.05
	sasl.login.retry.backoff.max.ms = 10000
	sasl.login.retry.backoff.ms = 100
	sasl.mechanism = GSSAPI
	sasl.oauthbearer.clock.skew.seconds = 30
	sasl.oauthbearer.expected.audience = null
	sasl.oauthbearer.expected.issuer = null
	sasl.oauthbearer.header.urlencode = false
	sasl.oauthbearer.jwks.endpoint.refresh.ms = 3600000
	sasl.oauthbearer.jwks.endpoint.retry.backoff.max.ms = 10000
	sasl.oauthbearer.jwks.endpoint.retry.backoff.ms = 100
	sasl.oauthbearer.jwks.endpoint.url = null
	sasl.oauthbearer.scope.claim.name = scope
	sasl.oauthbearer.sub.claim.name = sub
	sasl.oauthbearer.token.endpoint.url = null
	security.protocol = PLAINTEXT
	security.providers = null
	send.buffer.bytes = 131072
	session.timeout.ms = 45000
	socket.connection.setup.timeout.max.ms = 30000
	socket.connection.setup.timeout.ms = 10000
	ssl.cipher.suites = null
	ssl.enabled.protocols = [TLSv1.2, TLSv1.3]
	ssl.endpoint.identification.algorithm = https
	ssl.engine.factory.class = null
	ssl.key.password = null
	ssl.keymanager.algorithm = SunX509
	ssl.keystore.certificate.chain = null
	ssl.keystore.key = null
	ssl.keystore.location = null
	ssl.keystore.password = null
	ssl.keystore.type = JKS
	ssl.protocol = TLSv1.3
	ssl.provider = null
	ssl.secure.random.implementation = null
	ssl.trustmanager.algorithm = PKIX
	ssl.truststore.certificates = null
	ssl.truststore.location = null
	ssl.truststore.password = null
	ssl.truststore.type = JKS
	value.deserializer = class io.apicurio.registry.serde.protobuf.ProtobufKafkaDeserializer

2025-08-06 18:54:23,142 INFO  [org.apa.kaf.com.tel.int.KafkaMetricsCollector] (main) initializing Kafka metrics collector
2025-08-06 18:54:23,149 INFO  [org.apa.kaf.cli.con.ConsumerConfig] (main) These configurations '[apicurio.registry.url, apicurio.registry.headers.enabled]' were supplied but are not used yet.
2025-08-06 18:54:23,149 INFO  [org.apa.kaf.com.uti.AppInfoParser] (main) Kafka version: 3.9.1
2025-08-06 18:54:23,150 INFO  [org.apa.kaf.com.uti.AppInfoParser] (main) Kafka commitId: f745dfdcee2b9851
2025-08-06 18:54:23,150 INFO  [org.apa.kaf.com.uti.AppInfoParser] (main) Kafka startTimeMs: 1754506463149
2025-08-06 18:54:23,150 INFO  [org.apa.kaf.cli.con.int.ClassicKafkaConsumer] (Thread-760) [Consumer clientId=consumer-Consumer-sfa386745xce5ex43a7x98b1x9f5ec09e843e-21, groupId=Consumer-sfa386745xce5ex43a7x98b1x9f5ec09e843e] Subscribed to topic(s): sfa386745xce5ex43a7x98b1x9f5ec09e843e
2025-08-06 18:54:23,154 INFO  [org.apa.kaf.cli.Metadata] (Thread-760) [Consumer clientId=consumer-Consumer-sfa386745xce5ex43a7x98b1x9f5ec09e843e-21, groupId=Consumer-sfa386745xce5ex43a7x98b1x9f5ec09e843e] Cluster ID: igMICRUWSZmdRuxlP-JQ6A
2025-08-06 18:54:23,155 INFO  [org.apa.kaf.cli.con.int.ConsumerCoordinator] (Thread-760) [Consumer clientId=consumer-Consumer-sfa386745xce5ex43a7x98b1x9f5ec09e843e-21, groupId=Consumer-sfa386745xce5ex43a7x98b1x9f5ec09e843e] Discovered group coordinator localhost:32769 (id: 2147483647 rack: null)
2025-08-06 18:54:23,157 INFO  [org.apa.kaf.cli.con.int.ConsumerCoordinator] (Thread-760) [Consumer clientId=consumer-Consumer-sfa386745xce5ex43a7x98b1x9f5ec09e843e-21, groupId=Consumer-sfa386745xce5ex43a7x98b1x9f5ec09e843e] (Re-)joining group
2025-08-06 18:54:23,161 INFO  [org.apa.kaf.cli.con.int.ConsumerCoordinator] (Thread-760) [Consumer clientId=consumer-Consumer-sfa386745xce5ex43a7x98b1x9f5ec09e843e-21, groupId=Consumer-sfa386745xce5ex43a7x98b1x9f5ec09e843e] Request joining group due to: need to re-join with the given member-id: consumer-Consumer-sfa386745xce5ex43a7x98b1x9f5ec09e843e-21-3a1311ad-ffdb-45c0-a7c8-4670952d2ac0
2025-08-06 18:54:23,161 INFO  [org.apa.kaf.cli.con.int.ConsumerCoordinator] (Thread-760) [Consumer clientId=consumer-Consumer-sfa386745xce5ex43a7x98b1x9f5ec09e843e-21, groupId=Consumer-sfa386745xce5ex43a7x98b1x9f5ec09e843e] (Re-)joining group
2025-08-06 18:54:24,150 INFO  [io.api.tes.ser.api.KafkaSerdesTester] (Thread-760) None found
2025-08-06 18:54:25,150 INFO  [io.api.tes.ser.api.KafkaSerdesTester] (Thread-760) None found
2025-08-06 18:54:26,150 INFO  [io.api.tes.ser.api.KafkaSerdesTester] (Thread-760) None found
2025-08-06 18:54:26,162 INFO  [org.apa.kaf.cli.con.int.ConsumerCoordinator] (Thread-760) [Consumer clientId=consumer-Consumer-sfa386745xce5ex43a7x98b1x9f5ec09e843e-21, groupId=Consumer-sfa386745xce5ex43a7x98b1x9f5ec09e843e] Successfully joined group with generation Generation{generationId=1, memberId='consumer-Consumer-sfa386745xce5ex43a7x98b1x9f5ec09e843e-21-3a1311ad-ffdb-45c0-a7c8-4670952d2ac0', protocol='range'}
2025-08-06 18:54:26,163 INFO  [org.apa.kaf.cli.con.int.ConsumerCoordinator] (Thread-760) [Consumer clientId=consumer-Consumer-sfa386745xce5ex43a7x98b1x9f5ec09e843e-21, groupId=Consumer-sfa386745xce5ex43a7x98b1x9f5ec09e843e] Finished assignment for group at generation 1: {consumer-Consumer-sfa386745xce5ex43a7x98b1x9f5ec09e843e-21-3a1311ad-ffdb-45c0-a7c8-4670952d2ac0=Assignment(partitions=[sfa386745xce5ex43a7x98b1x9f5ec09e843e-0])}
2025-08-06 18:54:26,169 INFO  [org.apa.kaf.cli.con.int.ConsumerCoordinator] (Thread-760) [Consumer clientId=consumer-Consumer-sfa386745xce5ex43a7x98b1x9f5ec09e843e-21, groupId=Consumer-sfa386745xce5ex43a7x98b1x9f5ec09e843e] Successfully synced group in generation Generation{generationId=1, memberId='consumer-Consumer-sfa386745xce5ex43a7x98b1x9f5ec09e843e-21-3a1311ad-ffdb-45c0-a7c8-4670952d2ac0', protocol='range'}
2025-08-06 18:54:26,169 INFO  [org.apa.kaf.cli.con.int.ConsumerCoordinator] (Thread-760) [Consumer clientId=consumer-Consumer-sfa386745xce5ex43a7x98b1x9f5ec09e843e-21, groupId=Consumer-sfa386745xce5ex43a7x98b1x9f5ec09e843e] Notifying assignor about the new Assignment(partitions=[sfa386745xce5ex43a7x98b1x9f5ec09e843e-0])
2025-08-06 18:54:26,169 INFO  [org.apa.kaf.cli.con.int.ConsumerRebalanceListenerInvoker] (Thread-760) [Consumer clientId=consumer-Consumer-sfa386745xce5ex43a7x98b1x9f5ec09e843e-21, groupId=Consumer-sfa386745xce5ex43a7x98b1x9f5ec09e843e] Adding newly assigned partitions: sfa386745xce5ex43a7x98b1x9f5ec09e843e-0
2025-08-06 18:54:26,170 INFO  [org.apa.kaf.cli.con.int.ConsumerCoordinator] (Thread-760) [Consumer clientId=consumer-Consumer-sfa386745xce5ex43a7x98b1x9f5ec09e843e-21, groupId=Consumer-sfa386745xce5ex43a7x98b1x9f5ec09e843e] Found no committed offset for partition sfa386745xce5ex43a7x98b1x9f5ec09e843e-0
2025-08-06 18:54:26,171 INFO  [org.apa.kaf.cli.con.int.SubscriptionState] (Thread-760) [Consumer clientId=consumer-Consumer-sfa386745xce5ex43a7x98b1x9f5ec09e843e-21, groupId=Consumer-sfa386745xce5ex43a7x98b1x9f5ec09e843e] Resetting offset for partition sfa386745xce5ex43a7x98b1x9f5ec09e843e-0 to position FetchPosition{offset=0, offsetEpoch=Optional.empty, currentLeader=LeaderAndEpoch{leader=Optional[localhost:32769 (id: 0 rack: null)], epoch=0}}.
2025-08-06 18:54:26,473 INFO  [io.api.tes.ser.api.KafkaSerdesTester] (Thread-760) sfa386745xce5ex43a7x98b1x9f5ec09e843e 0 0 header {
  time {
  }
}
d1: 1.754506461755E12
s1: "a"
i1: 123
bi1: 1
point {
  longitude: 22.0
  latitude: 22.0
  altitude: 1.0
}

2025-08-06 18:54:26,474 INFO  [io.api.tes.ser.api.KafkaSerdesTester] (Thread-760) sfa386745xce5ex43a7x98b1x9f5ec09e843e 0 1 header {
  time {
  }
}
d1: 1.754506463119E12
s1: "a"
i1: 123
bi1: 1
point {
  longitude: 22.0
  latitude: 22.0
  altitude: 1.0
}

2025-08-06 18:54:26,474 INFO  [io.api.tes.ser.api.KafkaSerdesTester] (Thread-760) sfa386745xce5ex43a7x98b1x9f5ec09e843e 0 2 header {
  time {
  }
}
d1: 1.754506463121E12
s1: "a"
i1: 123
bi1: 1
point {
  longitude: 22.0
  latitude: 22.0
  altitude: 1.0
}

2025-08-06 18:54:26,474 INFO  [io.api.tes.ser.api.KafkaSerdesTester] (Thread-760) sfa386745xce5ex43a7x98b1x9f5ec09e843e 0 3 header {
  time {
  }
}
d1: 1.754506463123E12
s1: "a"
i1: 123
bi1: 1
point {
  longitude: 22.0
  latitude: 22.0
  altitude: 1.0
}

2025-08-06 18:54:26,474 INFO  [io.api.tes.ser.api.KafkaSerdesTester] (Thread-760) sfa386745xce5ex43a7x98b1x9f5ec09e843e 0 4 header {
  time {
  }
}
d1: 1.754506463125E12
s1: "a"
i1: 123
bi1: 1
point {
  longitude: 22.0
  latitude: 22.0
  altitude: 1.0
}

2025-08-06 18:54:26,474 INFO  [io.api.tes.ser.api.KafkaSerdesTester] (Thread-760) sfa386745xce5ex43a7x98b1x9f5ec09e843e 0 5 header {
  time {
  }
}
d1: 1.754506463127E12
s1: "a"
i1: 123
bi1: 1
point {
  longitude: 22.0
  latitude: 22.0
  altitude: 1.0
}

2025-08-06 18:54:26,474 INFO  [io.api.tes.ser.api.KafkaSerdesTester] (Thread-760) sfa386745xce5ex43a7x98b1x9f5ec09e843e 0 6 header {
  time {
  }
}
d1: 1.75450646313E12
s1: "a"
i1: 123
bi1: 1
point {
  longitude: 22.0
  latitude: 22.0
  altitude: 1.0
}

2025-08-06 18:54:26,475 INFO  [io.api.tes.ser.api.KafkaSerdesTester] (Thread-760) sfa386745xce5ex43a7x98b1x9f5ec09e843e 0 7 header {
  time {
  }
}
d1: 1.754506463133E12
s1: "a"
i1: 123
bi1: 1
point {
  longitude: 22.0
  latitude: 22.0
  altitude: 1.0
}

2025-08-06 18:54:26,475 INFO  [io.api.tes.ser.api.KafkaSerdesTester] (Thread-760) sfa386745xce5ex43a7x98b1x9f5ec09e843e 0 8 header {
  time {
  }
}
d1: 1.754506463134E12
s1: "a"
i1: 123
bi1: 1
point {
  longitude: 22.0
  latitude: 22.0
  altitude: 1.0
}

2025-08-06 18:54:26,475 INFO  [io.api.tes.ser.api.KafkaSerdesTester] (Thread-760) sfa386745xce5ex43a7x98b1x9f5ec09e843e 0 9 header {
  time {
  }
}
d1: 1.754506463136E12
s1: "a"
i1: 123
bi1: 1
point {
  longitude: 22.0
  latitude: 22.0
  altitude: 1.0
}

2025-08-06 18:54:26,475 INFO  [io.api.tes.ser.api.KafkaSerdesTester] (Thread-760) Consumed 10 messages
2025-08-06 18:54:26,482 INFO  [org.apa.kaf.cli.con.int.ConsumerRebalanceListenerInvoker] (Thread-760) [Consumer clientId=consumer-Consumer-sfa386745xce5ex43a7x98b1x9f5ec09e843e-21, groupId=Consumer-sfa386745xce5ex43a7x98b1x9f5ec09e843e] Revoke previously assigned partitions sfa386745xce5ex43a7x98b1x9f5ec09e843e-0
2025-08-06 18:54:26,482 INFO  [org.apa.kaf.cli.con.int.ConsumerCoordinator] (Thread-760) [Consumer clientId=consumer-Consumer-sfa386745xce5ex43a7x98b1x9f5ec09e843e-21, groupId=Consumer-sfa386745xce5ex43a7x98b1x9f5ec09e843e] Member consumer-Consumer-sfa386745xce5ex43a7x98b1x9f5ec09e843e-21-3a1311ad-ffdb-45c0-a7c8-4670952d2ac0 sending LeaveGroup request to coordinator localhost:32769 (id: 2147483647 rack: null) due to the consumer is being closed
2025-08-06 18:54:26,482 INFO  [org.apa.kaf.cli.con.int.ConsumerCoordinator] (Thread-760) [Consumer clientId=consumer-Consumer-sfa386745xce5ex43a7x98b1x9f5ec09e843e-21, groupId=Consumer-sfa386745xce5ex43a7x98b1x9f5ec09e843e] Resetting generation and member id due to: consumer pro-actively leaving the group
2025-08-06 18:54:26,482 INFO  [org.apa.kaf.cli.con.int.ConsumerCoordinator] (Thread-760) [Consumer clientId=consumer-Consumer-sfa386745xce5ex43a7x98b1x9f5ec09e843e-21, groupId=Consumer-sfa386745xce5ex43a7x98b1x9f5ec09e843e] Request joining group due to: consumer pro-actively leaving the group
2025-08-06 18:54:26,975 INFO  [org.apa.kaf.com.met.Metrics] (Thread-760) Metrics scheduler closed
2025-08-06 18:54:26,975 INFO  [org.apa.kaf.com.met.Metrics] (Thread-760) Closing reporter org.apache.kafka.common.metrics.JmxReporter
2025-08-06 18:54:26,975 INFO  [org.apa.kaf.com.met.Metrics] (Thread-760) Closing reporter org.apache.kafka.common.telemetry.internals.ClientTelemetryReporter
2025-08-06 18:54:26,975 INFO  [org.apa.kaf.com.met.Metrics] (Thread-760) Metrics reporters closed
2025-08-06 18:54:26,977 INFO  [org.apa.kaf.com.uti.AppInfoParser] (Thread-760) App info kafka.consumer for consumer-Consumer-sfa386745xce5ex43a7x98b1x9f5ec09e843e-21 unregistered
**** Registry Base URL: http://registry-app-pg17.apps.ci419.apicurio-testing.org:80
2025-08-06 18:54:26,978 INFO  [org.apa.kaf.cli.pro.ProducerConfig] (main) ProducerConfig values: 
	acks = -1
	auto.include.jmx.reporter = true
	batch.size = 16384
	bootstrap.servers = [PLAINTEXT://localhost:32769]
	buffer.memory = 33554432
	client.dns.lookup = use_all_dns_ips
	client.id = Producer-sfa386745xce5ex43a7x98b1x9f5ec09e843e
	compression.gzip.level = -1
	compression.lz4.level = 9
	compression.type = none
	compression.zstd.level = 3
	connections.max.idle.ms = 10000
	delivery.timeout.ms = 120000
	enable.idempotence = true
	enable.metrics.push = true
	interceptor.classes = []
	key.serializer = class org.apache.kafka.common.serialization.StringSerializer
	linger.ms = 0
	max.block.ms = 60000
	max.in.flight.requests.per.connection = 5
	max.request.size = 1048576
	metadata.max.age.ms = 300000
	metadata.max.idle.ms = 300000
	metadata.recovery.strategy = none
	metric.reporters = []
	metrics.num.samples = 2
	metrics.recording.level = INFO
	metrics.sample.window.ms = 30000
	partitioner.adaptive.partitioning.enable = true
	partitioner.availability.timeout.ms = 0
	partitioner.class = null
	partitioner.ignore.keys = false
	receive.buffer.bytes = 32768
	reconnect.backoff.max.ms = 1000
	reconnect.backoff.ms = 50
	request.timeout.ms = 5000
	retries = 2147483647
	retry.backoff.max.ms = 1000
	retry.backoff.ms = 100
	sasl.client.callback.handler.class = null
	sasl.jaas.config = null
	sasl.kerberos.kinit.cmd = /usr/bin/kinit
	sasl.kerberos.min.time.before.relogin = 60000
	sasl.kerberos.service.name = null
	sasl.kerberos.ticket.renew.jitter = 0.05
	sasl.kerberos.ticket.renew.window.factor = 0.8
	sasl.login.callback.handler.class = null
	sasl.login.class = null
	sasl.login.connect.timeout.ms = null
	sasl.login.read.timeout.ms = null
	sasl.login.refresh.buffer.seconds = 300
	sasl.login.refresh.min.period.seconds = 60
	sasl.login.refresh.window.factor = 0.8
	sasl.login.refresh.window.jitter = 0.05
	sasl.login.retry.backoff.max.ms = 10000
	sasl.login.retry.backoff.ms = 100
	sasl.mechanism = GSSAPI
	sasl.oauthbearer.clock.skew.seconds = 30
	sasl.oauthbearer.expected.audience = null
	sasl.oauthbearer.expected.issuer = null
	sasl.oauthbearer.header.urlencode = false
	sasl.oauthbearer.jwks.endpoint.refresh.ms = 3600000
	sasl.oauthbearer.jwks.endpoint.retry.backoff.max.ms = 10000
	sasl.oauthbearer.jwks.endpoint.retry.backoff.ms = 100
	sasl.oauthbearer.jwks.endpoint.url = null
	sasl.oauthbearer.scope.claim.name = scope
	sasl.oauthbearer.sub.claim.name = sub
	sasl.oauthbearer.token.endpoint.url = null
	security.protocol = PLAINTEXT
	security.providers = null
	send.buffer.bytes = 131072
	socket.connection.setup.timeout.max.ms = 30000
	socket.connection.setup.timeout.ms = 10000
	ssl.cipher.suites = null
	ssl.enabled.protocols = [TLSv1.2, TLSv1.3]
	ssl.endpoint.identification.algorithm = https
	ssl.engine.factory.class = null
	ssl.key.password = null
	ssl.keymanager.algorithm = SunX509
	ssl.keystore.certificate.chain = null
	ssl.keystore.key = null
	ssl.keystore.location = null
	ssl.keystore.password = null
	ssl.keystore.type = JKS
	ssl.protocol = TLSv1.3
	ssl.provider = null
	ssl.secure.random.implementation = null
	ssl.trustmanager.algorithm = PKIX
	ssl.truststore.certificates = null
	ssl.truststore.location = null
	ssl.truststore.password = null
	ssl.truststore.type = JKS
	transaction.timeout.ms = 60000
	transactional.id = null
	value.serializer = class io.apicurio.registry.serde.protobuf.ProtobufKafkaSerializer

2025-08-06 18:54:26,979 INFO  [org.apa.kaf.com.tel.int.KafkaMetricsCollector] (main) initializing Kafka metrics collector
2025-08-06 18:54:26,983 INFO  [org.apa.kaf.cli.pro.KafkaProducer] (main) [Producer clientId=Producer-sfa386745xce5ex43a7x98b1x9f5ec09e843e] Instantiated an idempotent producer.
2025-08-06 18:54:26,984 INFO  [org.apa.kaf.cli.pro.ProducerConfig] (main) These configurations '[apicurio.registry.find-latest, apicurio.registry.url, apicurio.registry.headers.enabled, apicurio.registry.artifact-resolver-strategy]' were supplied but are not used yet.
2025-08-06 18:54:26,984 INFO  [org.apa.kaf.com.uti.AppInfoParser] (main) Kafka version: 3.9.1
2025-08-06 18:54:26,984 INFO  [org.apa.kaf.com.uti.AppInfoParser] (main) Kafka commitId: f745dfdcee2b9851
2025-08-06 18:54:26,984 INFO  [org.apa.kaf.com.uti.AppInfoParser] (main) Kafka startTimeMs: 1754506466984
2025-08-06 18:54:26,985 INFO  [io.api.tes.ser.api.SimpleSerdesTesterBuilder$SimpleSerdesTester] (main) Using producer configuration: {apicurio.registry.find-latest=false, apicurio.registry.url=http://registry-app-pg17.apps.ci419.apicurio-testing.org:80/apis/registry/v3, apicurio.registry.headers.enabled=true, apicurio.registry.artifact-resolver-strategy=io.apicurio.registry.serde.strategy.TopicIdStrategy, value.serializer=io.apicurio.registry.serde.protobuf.ProtobufKafkaSerializer, request.timeout.ms=5000, acks=all, bootstrap.servers=PLAINTEXT://localhost:32769, connections.max.idle.ms=10000, key.serializer=org.apache.kafka.common.serialization.StringSerializer, client.id=Producer-sfa386745xce5ex43a7x98b1x9f5ec09e843e}
2025-08-06 18:54:26,985 INFO  [io.api.tes.ser.api.SimpleSerdesTesterBuilder$SimpleSerdesTester] (main) Using consumer configuration: {apicurio.registry.headers.enabled=true}
2025-08-06 18:54:26,986 INFO  [io.api.tes.ser.api.KafkaSerdesTester] (Thread-763) Sending message header {
  time {
  }
}
d1: 1.754506466985E12
s1: "a"
i1: 123
bi1: 1
point {
  longitude: 22.0
  latitude: 22.0
  altitude: 1.0
}
 to topic sfa386745xce5ex43a7x98b1x9f5ec09e843e
2025-08-06 18:54:26,988 INFO  [org.apa.kaf.cli.Metadata] (kafka-producer-network-thread | Producer-sfa386745xce5ex43a7x98b1x9f5ec09e843e) [Producer clientId=Producer-sfa386745xce5ex43a7x98b1x9f5ec09e843e] Cluster ID: igMICRUWSZmdRuxlP-JQ6A
2025-08-06 18:54:26,989 INFO  [org.apa.kaf.cli.pro.int.TransactionManager] (kafka-producer-network-thread | Producer-sfa386745xce5ex43a7x98b1x9f5ec09e843e) [Producer clientId=Producer-sfa386745xce5ex43a7x98b1x9f5ec09e843e] ProducerId set to 30 with epoch 0
2025-08-06 18:54:26,989 INFO  [DefaultSchemaResolver] (Thread-763) Retrieving schema content using string: // Proto schema formatted by Wire, do not edit.
// Source: 

syntax = "proto3";

package io.apicurio.tests.protobuf;

import "google/protobuf/timestamp.proto";

option java_multiple_files = true;

message ProtobufTestMessage {
  .io.apicurio.tests.protobuf.Header header = 1;

  double d1 = 2;

  string s1 = 4;

  int32 i1 = 7;

  int64 bi1 = 12;

  .google.protobuf.Timestamp state_time = 22;

  .io.apicurio.tests.protobuf.Point point = 30;
}

message Header {
  .google.protobuf.Timestamp time = 1;

  string source = 2;

  string destination = 3;

  string uuid = 4;

  repeated string source_uuids = 5;

  string message_type_id = 6;

  string raw_message = 7;
}

message Point {
  oneof longitude_oneof {
    double longitude = 1;
  }

  oneof latitude_oneof {
    double latitude = 2;
  }

  oneof altitude_oneof {
    double altitude = 3;
  }
}

2025-08-06 18:54:27,151 INFO  [io.api.tes.ser.api.KafkaSerdesTester] (Thread-763) Sending message header {
  time {
  }
}
d1: 1.75450646715E12
s1: "a"
i1: 123
bi1: 1
point {
  longitude: 22.0
  latitude: 22.0
  altitude: 1.0
}
 to topic sfa386745xce5ex43a7x98b1x9f5ec09e843e
2025-08-06 18:54:27,153 INFO  [io.api.tes.ser.api.KafkaSerdesTester] (Thread-763) Sending message header {
  time {
  }
}
d1: 1.754506467153E12
s1: "a"
i1: 123
bi1: 1
point {
  longitude: 22.0
  latitude: 22.0
  altitude: 1.0
}
 to topic sfa386745xce5ex43a7x98b1x9f5ec09e843e
2025-08-06 18:54:27,155 INFO  [io.api.tes.ser.api.KafkaSerdesTester] (Thread-763) Sending message header {
  time {
  }
}
d1: 1.754506467155E12
s1: "a"
i1: 123
bi1: 1
point {
  longitude: 22.0
  latitude: 22.0
  altitude: 1.0
}
 to topic sfa386745xce5ex43a7x98b1x9f5ec09e843e
2025-08-06 18:54:27,157 INFO  [io.api.tes.ser.api.KafkaSerdesTester] (Thread-763) Sending message header {
  time {
  }
}
d1: 1.754506467156E12
s1: "a"
i1: 123
bi1: 1
point {
  longitude: 22.0
  latitude: 22.0
  altitude: 1.0
}
 to topic sfa386745xce5ex43a7x98b1x9f5ec09e843e
2025-08-06 18:54:27,161 INFO  [io.api.tes.ser.api.KafkaSerdesTester] (Thread-763) Sending message header {
  time {
  }
}
d1: 1.754506467161E12
s1: "a"
i1: 123
bi1: 1
point {
  longitude: 22.0
  latitude: 22.0
  altitude: 1.0
}
 to topic sfa386745xce5ex43a7x98b1x9f5ec09e843e
2025-08-06 18:54:27,165 INFO  [io.api.tes.ser.api.KafkaSerdesTester] (Thread-763) Sending message header {
  time {
  }
}
d1: 1.754506467165E12
s1: "a"
i1: 123
bi1: 1
point {
  longitude: 22.0
  latitude: 22.0
  altitude: 1.0
}
 to topic sfa386745xce5ex43a7x98b1x9f5ec09e843e
2025-08-06 18:54:27,167 INFO  [io.api.tes.ser.api.KafkaSerdesTester] (Thread-763) Sending message header {
  time {
  }
}
d1: 1.754506467167E12
s1: "a"
i1: 123
bi1: 1
point {
  longitude: 22.0
  latitude: 22.0
  altitude: 1.0
}
 to topic sfa386745xce5ex43a7x98b1x9f5ec09e843e
2025-08-06 18:54:27,170 INFO  [io.api.tes.ser.api.KafkaSerdesTester] (Thread-763) Sending message header {
  time {
  }
}
d1: 1.75450646717E12
s1: "a"
i1: 123
bi1: 1
point {
  longitude: 22.0
  latitude: 22.0
  altitude: 1.0
}
 to topic sfa386745xce5ex43a7x98b1x9f5ec09e843e
2025-08-06 18:54:27,174 INFO  [io.api.tes.ser.api.KafkaSerdesTester] (Thread-763) Sending message header {
  time {
  }
}
d1: 1.754506467174E12
s1: "a"
i1: 123
bi1: 1
point {
  longitude: 22.0
  latitude: 22.0
  altitude: 1.0
}
 to topic sfa386745xce5ex43a7x98b1x9f5ec09e843e
2025-08-06 18:54:27,177 INFO  [io.api.tes.ser.api.KafkaSerdesTester] (Thread-763) Produced 10 messages
2025-08-06 18:54:27,177 INFO  [org.apa.kaf.cli.pro.KafkaProducer] (Thread-763) [Producer clientId=Producer-sfa386745xce5ex43a7x98b1x9f5ec09e843e] Closing the Kafka producer with timeoutMillis = 9223372036854775807 ms.
2025-08-06 18:54:27,179 INFO  [org.apa.kaf.com.met.Metrics] (Thread-763) Metrics scheduler closed
2025-08-06 18:54:27,179 INFO  [org.apa.kaf.com.met.Metrics] (Thread-763) Closing reporter org.apache.kafka.common.metrics.JmxReporter
2025-08-06 18:54:27,179 INFO  [org.apa.kaf.com.met.Metrics] (Thread-763) Closing reporter org.apache.kafka.common.telemetry.internals.ClientTelemetryReporter
2025-08-06 18:54:27,179 INFO  [org.apa.kaf.com.met.Metrics] (Thread-763) Metrics reporters closed
2025-08-06 18:54:27,179 INFO  [org.apa.kaf.com.uti.AppInfoParser] (Thread-763) App info kafka.producer for Producer-sfa386745xce5ex43a7x98b1x9f5ec09e843e unregistered
**** Registry Base URL: http://registry-app-pg17.apps.ci419.apicurio-testing.org:80
2025-08-06 18:54:27,180 INFO  [org.apa.kaf.cli.con.ConsumerConfig] (main) ConsumerConfig values: 
	allow.auto.create.topics = true
	auto.commit.interval.ms = 500
	auto.include.jmx.reporter = true
	auto.offset.reset = earliest
	bootstrap.servers = [PLAINTEXT://localhost:32769]
	check.crcs = true
	client.dns.lookup = use_all_dns_ips
	client.id = consumer-Consumer-sfa386745xce5ex43a7x98b1x9f5ec09e843e-22
	client.rack = 
	connections.max.idle.ms = 10000
	default.api.timeout.ms = 60000
	enable.auto.commit = true
	enable.metrics.push = true
	exclude.internal.topics = true
	fetch.max.bytes = 52428800
	fetch.max.wait.ms = 500
	fetch.min.bytes = 1
	group.id = Consumer-sfa386745xce5ex43a7x98b1x9f5ec09e843e
	group.instance.id = null
	group.protocol = classic
	group.remote.assignor = null
	heartbeat.interval.ms = 3000
	interceptor.classes = []
	internal.leave.group.on.close = true
	internal.throw.on.fetch.stable.offset.unsupported = false
	isolation.level = read_uncommitted
	key.deserializer = class org.apache.kafka.common.serialization.StringDeserializer
	max.partition.fetch.bytes = 1048576
	max.poll.interval.ms = 300000
	max.poll.records = 500
	metadata.max.age.ms = 300000
	metadata.recovery.strategy = none
	metric.reporters = []
	metrics.num.samples = 2
	metrics.recording.level = INFO
	metrics.sample.window.ms = 30000
	partition.assignment.strategy = [class org.apache.kafka.clients.consumer.RangeAssignor, class org.apache.kafka.clients.consumer.CooperativeStickyAssignor]
	receive.buffer.bytes = 65536
	reconnect.backoff.max.ms = 1000
	reconnect.backoff.ms = 50
	request.timeout.ms = 5000
	retry.backoff.max.ms = 1000
	retry.backoff.ms = 100
	sasl.client.callback.handler.class = null
	sasl.jaas.config = null
	sasl.kerberos.kinit.cmd = /usr/bin/kinit
	sasl.kerberos.min.time.before.relogin = 60000
	sasl.kerberos.service.name = null
	sasl.kerberos.ticket.renew.jitter = 0.05
	sasl.kerberos.ticket.renew.window.factor = 0.8
	sasl.login.callback.handler.class = null
	sasl.login.class = null
	sasl.login.connect.timeout.ms = null
	sasl.login.read.timeout.ms = null
	sasl.login.refresh.buffer.seconds = 300
	sasl.login.refresh.min.period.seconds = 60
	sasl.login.refresh.window.factor = 0.8
	sasl.login.refresh.window.jitter = 0.05
	sasl.login.retry.backoff.max.ms = 10000
	sasl.login.retry.backoff.ms = 100
	sasl.mechanism = GSSAPI
	sasl.oauthbearer.clock.skew.seconds = 30
	sasl.oauthbearer.expected.audience = null
	sasl.oauthbearer.expected.issuer = null
	sasl.oauthbearer.header.urlencode = false
	sasl.oauthbearer.jwks.endpoint.refresh.ms = 3600000
	sasl.oauthbearer.jwks.endpoint.retry.backoff.max.ms = 10000
	sasl.oauthbearer.jwks.endpoint.retry.backoff.ms = 100
	sasl.oauthbearer.jwks.endpoint.url = null
	sasl.oauthbearer.scope.claim.name = scope
	sasl.oauthbearer.sub.claim.name = sub
	sasl.oauthbearer.token.endpoint.url = null
	security.protocol = PLAINTEXT
	security.providers = null
	send.buffer.bytes = 131072
	session.timeout.ms = 45000
	socket.connection.setup.timeout.max.ms = 30000
	socket.connection.setup.timeout.ms = 10000
	ssl.cipher.suites = null
	ssl.enabled.protocols = [TLSv1.2, TLSv1.3]
	ssl.endpoint.identification.algorithm = https
	ssl.engine.factory.class = null
	ssl.key.password = null
	ssl.keymanager.algorithm = SunX509
	ssl.keystore.certificate.chain = null
	ssl.keystore.key = null
	ssl.keystore.location = null
	ssl.keystore.password = null
	ssl.keystore.type = JKS
	ssl.protocol = TLSv1.3
	ssl.provider = null
	ssl.secure.random.implementation = null
	ssl.trustmanager.algorithm = PKIX
	ssl.truststore.certificates = null
	ssl.truststore.location = null
	ssl.truststore.password = null
	ssl.truststore.type = JKS
	value.deserializer = class io.apicurio.registry.serde.protobuf.ProtobufKafkaDeserializer

2025-08-06 18:54:27,180 INFO  [org.apa.kaf.com.tel.int.KafkaMetricsCollector] (main) initializing Kafka metrics collector
2025-08-06 18:54:27,187 INFO  [org.apa.kaf.cli.con.ConsumerConfig] (main) These configurations '[apicurio.registry.url, apicurio.registry.headers.enabled]' were supplied but are not used yet.
2025-08-06 18:54:27,187 INFO  [org.apa.kaf.com.uti.AppInfoParser] (main) Kafka version: 3.9.1
2025-08-06 18:54:27,187 INFO  [org.apa.kaf.com.uti.AppInfoParser] (main) Kafka commitId: f745dfdcee2b9851
2025-08-06 18:54:27,187 INFO  [org.apa.kaf.com.uti.AppInfoParser] (main) Kafka startTimeMs: 1754506467187
2025-08-06 18:54:27,188 INFO  [org.apa.kaf.cli.con.int.ClassicKafkaConsumer] (Thread-766) [Consumer clientId=consumer-Consumer-sfa386745xce5ex43a7x98b1x9f5ec09e843e-22, groupId=Consumer-sfa386745xce5ex43a7x98b1x9f5ec09e843e] Subscribed to topic(s): sfa386745xce5ex43a7x98b1x9f5ec09e843e
2025-08-06 18:54:27,192 INFO  [org.apa.kaf.cli.Metadata] (Thread-766) [Consumer clientId=consumer-Consumer-sfa386745xce5ex43a7x98b1x9f5ec09e843e-22, groupId=Consumer-sfa386745xce5ex43a7x98b1x9f5ec09e843e] Cluster ID: igMICRUWSZmdRuxlP-JQ6A
2025-08-06 18:54:27,193 INFO  [org.apa.kaf.cli.con.int.ConsumerCoordinator] (Thread-766) [Consumer clientId=consumer-Consumer-sfa386745xce5ex43a7x98b1x9f5ec09e843e-22, groupId=Consumer-sfa386745xce5ex43a7x98b1x9f5ec09e843e] Discovered group coordinator localhost:32769 (id: 2147483647 rack: null)
2025-08-06 18:54:27,193 INFO  [org.apa.kaf.cli.con.int.ConsumerCoordinator] (Thread-766) [Consumer clientId=consumer-Consumer-sfa386745xce5ex43a7x98b1x9f5ec09e843e-22, groupId=Consumer-sfa386745xce5ex43a7x98b1x9f5ec09e843e] (Re-)joining group
2025-08-06 18:54:27,198 INFO  [org.apa.kaf.cli.con.int.ConsumerCoordinator] (Thread-766) [Consumer clientId=consumer-Consumer-sfa386745xce5ex43a7x98b1x9f5ec09e843e-22, groupId=Consumer-sfa386745xce5ex43a7x98b1x9f5ec09e843e] Request joining group due to: need to re-join with the given member-id: consumer-Consumer-sfa386745xce5ex43a7x98b1x9f5ec09e843e-22-ef89d2c9-edc8-45ea-a166-ed7e678b6f72
2025-08-06 18:54:27,199 INFO  [org.apa.kaf.cli.con.int.ConsumerCoordinator] (Thread-766) [Consumer clientId=consumer-Consumer-sfa386745xce5ex43a7x98b1x9f5ec09e843e-22, groupId=Consumer-sfa386745xce5ex43a7x98b1x9f5ec09e843e] (Re-)joining group
2025-08-06 18:54:28,188 INFO  [io.api.tes.ser.api.KafkaSerdesTester] (Thread-766) None found
2025-08-06 18:54:29,188 INFO  [io.api.tes.ser.api.KafkaSerdesTester] (Thread-766) None found
2025-08-06 18:54:30,188 INFO  [io.api.tes.ser.api.KafkaSerdesTester] (Thread-766) None found
2025-08-06 18:54:30,201 INFO  [org.apa.kaf.cli.con.int.ConsumerCoordinator] (Thread-766) [Consumer clientId=consumer-Consumer-sfa386745xce5ex43a7x98b1x9f5ec09e843e-22, groupId=Consumer-sfa386745xce5ex43a7x98b1x9f5ec09e843e] Successfully joined group with generation Generation{generationId=3, memberId='consumer-Consumer-sfa386745xce5ex43a7x98b1x9f5ec09e843e-22-ef89d2c9-edc8-45ea-a166-ed7e678b6f72', protocol='range'}
2025-08-06 18:54:30,202 INFO  [org.apa.kaf.cli.con.int.ConsumerCoordinator] (Thread-766) [Consumer clientId=consumer-Consumer-sfa386745xce5ex43a7x98b1x9f5ec09e843e-22, groupId=Consumer-sfa386745xce5ex43a7x98b1x9f5ec09e843e] Finished assignment for group at generation 3: {consumer-Consumer-sfa386745xce5ex43a7x98b1x9f5ec09e843e-22-ef89d2c9-edc8-45ea-a166-ed7e678b6f72=Assignment(partitions=[sfa386745xce5ex43a7x98b1x9f5ec09e843e-0])}
2025-08-06 18:54:30,208 INFO  [org.apa.kaf.cli.con.int.ConsumerCoordinator] (Thread-766) [Consumer clientId=consumer-Consumer-sfa386745xce5ex43a7x98b1x9f5ec09e843e-22, groupId=Consumer-sfa386745xce5ex43a7x98b1x9f5ec09e843e] Successfully synced group in generation Generation{generationId=3, memberId='consumer-Consumer-sfa386745xce5ex43a7x98b1x9f5ec09e843e-22-ef89d2c9-edc8-45ea-a166-ed7e678b6f72', protocol='range'}
2025-08-06 18:54:30,208 INFO  [org.apa.kaf.cli.con.int.ConsumerCoordinator] (Thread-766) [Consumer clientId=consumer-Consumer-sfa386745xce5ex43a7x98b1x9f5ec09e843e-22, groupId=Consumer-sfa386745xce5ex43a7x98b1x9f5ec09e843e] Notifying assignor about the new Assignment(partitions=[sfa386745xce5ex43a7x98b1x9f5ec09e843e-0])
2025-08-06 18:54:30,208 INFO  [org.apa.kaf.cli.con.int.ConsumerRebalanceListenerInvoker] (Thread-766) [Consumer clientId=consumer-Consumer-sfa386745xce5ex43a7x98b1x9f5ec09e843e-22, groupId=Consumer-sfa386745xce5ex43a7x98b1x9f5ec09e843e] Adding newly assigned partitions: sfa386745xce5ex43a7x98b1x9f5ec09e843e-0
2025-08-06 18:54:30,210 INFO  [org.apa.kaf.cli.con.int.ConsumerUtils] (Thread-766) Setting offset for partition sfa386745xce5ex43a7x98b1x9f5ec09e843e-0 to the committed offset FetchPosition{offset=10, offsetEpoch=Optional[0], currentLeader=LeaderAndEpoch{leader=Optional[localhost:32769 (id: 0 rack: null)], epoch=0}}
2025-08-06 18:54:30,492 INFO  [io.api.tes.ser.api.KafkaSerdesTester] (Thread-766) sfa386745xce5ex43a7x98b1x9f5ec09e843e 0 10 header {
  time {
  }
}
d1: 1.754506466985E12
s1: "a"
i1: 123
bi1: 1
point {
  longitude: 22.0
  latitude: 22.0
  altitude: 1.0
}

2025-08-06 18:54:30,493 INFO  [io.api.tes.ser.api.KafkaSerdesTester] (Thread-766) sfa386745xce5ex43a7x98b1x9f5ec09e843e 0 11 header {
  time {
  }
}
d1: 1.75450646715E12
s1: "a"
i1: 123
bi1: 1
point {
  longitude: 22.0
  latitude: 22.0
  altitude: 1.0
}

2025-08-06 18:54:30,493 INFO  [io.api.tes.ser.api.KafkaSerdesTester] (Thread-766) sfa386745xce5ex43a7x98b1x9f5ec09e843e 0 12 header {
  time {
  }
}
d1: 1.754506467153E12
s1: "a"
i1: 123
bi1: 1
point {
  longitude: 22.0
  latitude: 22.0
  altitude: 1.0
}

2025-08-06 18:54:30,493 INFO  [io.api.tes.ser.api.KafkaSerdesTester] (Thread-766) sfa386745xce5ex43a7x98b1x9f5ec09e843e 0 13 header {
  time {
  }
}
d1: 1.754506467155E12
s1: "a"
i1: 123
bi1: 1
point {
  longitude: 22.0
  latitude: 22.0
  altitude: 1.0
}

2025-08-06 18:54:30,493 INFO  [io.api.tes.ser.api.KafkaSerdesTester] (Thread-766) sfa386745xce5ex43a7x98b1x9f5ec09e843e 0 14 header {
  time {
  }
}
d1: 1.754506467156E12
s1: "a"
i1: 123
bi1: 1
point {
  longitude: 22.0
  latitude: 22.0
  altitude: 1.0
}

2025-08-06 18:54:30,493 INFO  [io.api.tes.ser.api.KafkaSerdesTester] (Thread-766) sfa386745xce5ex43a7x98b1x9f5ec09e843e 0 15 header {
  time {
  }
}
d1: 1.754506467161E12
s1: "a"
i1: 123
bi1: 1
point {
  longitude: 22.0
  latitude: 22.0
  altitude: 1.0
}

2025-08-06 18:54:30,494 INFO  [io.api.tes.ser.api.KafkaSerdesTester] (Thread-766) sfa386745xce5ex43a7x98b1x9f5ec09e843e 0 16 header {
  time {
  }
}
d1: 1.754506467165E12
s1: "a"
i1: 123
bi1: 1
point {
  longitude: 22.0
  latitude: 22.0
  altitude: 1.0
}

2025-08-06 18:54:30,494 INFO  [io.api.tes.ser.api.KafkaSerdesTester] (Thread-766) sfa386745xce5ex43a7x98b1x9f5ec09e843e 0 17 header {
  time {
  }
}
d1: 1.754506467167E12
s1: "a"
i1: 123
bi1: 1
point {
  longitude: 22.0
  latitude: 22.0
  altitude: 1.0
}

2025-08-06 18:54:30,494 INFO  [io.api.tes.ser.api.KafkaSerdesTester] (Thread-766) sfa386745xce5ex43a7x98b1x9f5ec09e843e 0 18 header {
  time {
  }
}
d1: 1.75450646717E12
s1: "a"
i1: 123
bi1: 1
point {
  longitude: 22.0
  latitude: 22.0
  altitude: 1.0
}

2025-08-06 18:54:30,494 INFO  [io.api.tes.ser.api.KafkaSerdesTester] (Thread-766) sfa386745xce5ex43a7x98b1x9f5ec09e843e 0 19 header {
  time {
  }
}
d1: 1.754506467174E12
s1: "a"
i1: 123
bi1: 1
point {
  longitude: 22.0
  latitude: 22.0
  altitude: 1.0
}

2025-08-06 18:54:30,494 INFO  [io.api.tes.ser.api.KafkaSerdesTester] (Thread-766) Consumed 10 messages
2025-08-06 18:54:30,504 INFO  [org.apa.kaf.cli.con.int.ConsumerRebalanceListenerInvoker] (Thread-766) [Consumer clientId=consumer-Consumer-sfa386745xce5ex43a7x98b1x9f5ec09e843e-22, groupId=Consumer-sfa386745xce5ex43a7x98b1x9f5ec09e843e] Revoke previously assigned partitions sfa386745xce5ex43a7x98b1x9f5ec09e843e-0
2025-08-06 18:54:30,504 INFO  [org.apa.kaf.cli.con.int.ConsumerCoordinator] (Thread-766) [Consumer clientId=consumer-Consumer-sfa386745xce5ex43a7x98b1x9f5ec09e843e-22, groupId=Consumer-sfa386745xce5ex43a7x98b1x9f5ec09e843e] Member consumer-Consumer-sfa386745xce5ex43a7x98b1x9f5ec09e843e-22-ef89d2c9-edc8-45ea-a166-ed7e678b6f72 sending LeaveGroup request to coordinator localhost:32769 (id: 2147483647 rack: null) due to the consumer is being closed
2025-08-06 18:54:30,505 INFO  [org.apa.kaf.cli.con.int.ConsumerCoordinator] (Thread-766) [Consumer clientId=consumer-Consumer-sfa386745xce5ex43a7x98b1x9f5ec09e843e-22, groupId=Consumer-sfa386745xce5ex43a7x98b1x9f5ec09e843e] Resetting generation and member id due to: consumer pro-actively leaving the group
2025-08-06 18:54:30,505 INFO  [org.apa.kaf.cli.con.int.ConsumerCoordinator] (Thread-766) [Consumer clientId=consumer-Consumer-sfa386745xce5ex43a7x98b1x9f5ec09e843e-22, groupId=Consumer-sfa386745xce5ex43a7x98b1x9f5ec09e843e] Request joining group due to: consumer pro-actively leaving the group
2025-08-06 18:54:30,994 INFO  [org.apa.kaf.com.met.Metrics] (Thread-766) Metrics scheduler closed
2025-08-06 18:54:30,995 INFO  [org.apa.kaf.com.met.Metrics] (Thread-766) Closing reporter org.apache.kafka.common.metrics.JmxReporter
2025-08-06 18:54:30,995 INFO  [org.apa.kaf.com.met.Metrics] (Thread-766) Closing reporter org.apache.kafka.common.telemetry.internals.ClientTelemetryReporter
2025-08-06 18:54:30,995 INFO  [org.apa.kaf.com.met.Metrics] (Thread-766) Metrics reporters closed
2025-08-06 18:54:30,996 INFO  [org.apa.kaf.com.uti.AppInfoParser] (Thread-766) App info kafka.consumer for consumer-Consumer-sfa386745xce5ex43a7x98b1x9f5ec09e843e-22 unregistered
**** Registry Base URL: http://registry-app-pg17.apps.ci419.apicurio-testing.org:80
2025-08-06 18:54:30,997 INFO  [org.apa.kaf.cli.pro.ProducerConfig] (main) ProducerConfig values: 
	acks = -1
	auto.include.jmx.reporter = true
	batch.size = 16384
	bootstrap.servers = [PLAINTEXT://localhost:32769]
	buffer.memory = 33554432
	client.dns.lookup = use_all_dns_ips
	client.id = Producer-sfa386745xce5ex43a7x98b1x9f5ec09e843e
	compression.gzip.level = -1
	compression.lz4.level = 9
	compression.type = none
	compression.zstd.level = 3
	connections.max.idle.ms = 10000
	delivery.timeout.ms = 120000
	enable.idempotence = true
	enable.metrics.push = true
	interceptor.classes = []
	key.serializer = class org.apache.kafka.common.serialization.StringSerializer
	linger.ms = 0
	max.block.ms = 60000
	max.in.flight.requests.per.connection = 5
	max.request.size = 1048576
	metadata.max.age.ms = 300000
	metadata.max.idle.ms = 300000
	metadata.recovery.strategy = none
	metric.reporters = []
	metrics.num.samples = 2
	metrics.recording.level = INFO
	metrics.sample.window.ms = 30000
	partitioner.adaptive.partitioning.enable = true
	partitioner.availability.timeout.ms = 0
	partitioner.class = null
	partitioner.ignore.keys = false
	receive.buffer.bytes = 32768
	reconnect.backoff.max.ms = 1000
	reconnect.backoff.ms = 50
	request.timeout.ms = 5000
	retries = 2147483647
	retry.backoff.max.ms = 1000
	retry.backoff.ms = 100
	sasl.client.callback.handler.class = null
	sasl.jaas.config = null
	sasl.kerberos.kinit.cmd = /usr/bin/kinit
	sasl.kerberos.min.time.before.relogin = 60000
	sasl.kerberos.service.name = null
	sasl.kerberos.ticket.renew.jitter = 0.05
	sasl.kerberos.ticket.renew.window.factor = 0.8
	sasl.login.callback.handler.class = null
	sasl.login.class = null
	sasl.login.connect.timeout.ms = null
	sasl.login.read.timeout.ms = null
	sasl.login.refresh.buffer.seconds = 300
	sasl.login.refresh.min.period.seconds = 60
	sasl.login.refresh.window.factor = 0.8
	sasl.login.refresh.window.jitter = 0.05
	sasl.login.retry.backoff.max.ms = 10000
	sasl.login.retry.backoff.ms = 100
	sasl.mechanism = GSSAPI
	sasl.oauthbearer.clock.skew.seconds = 30
	sasl.oauthbearer.expected.audience = null
	sasl.oauthbearer.expected.issuer = null
	sasl.oauthbearer.header.urlencode = false
	sasl.oauthbearer.jwks.endpoint.refresh.ms = 3600000
	sasl.oauthbearer.jwks.endpoint.retry.backoff.max.ms = 10000
	sasl.oauthbearer.jwks.endpoint.retry.backoff.ms = 100
	sasl.oauthbearer.jwks.endpoint.url = null
	sasl.oauthbearer.scope.claim.name = scope
	sasl.oauthbearer.sub.claim.name = sub
	sasl.oauthbearer.token.endpoint.url = null
	security.protocol = PLAINTEXT
	security.providers = null
	send.buffer.bytes = 131072
	socket.connection.setup.timeout.max.ms = 30000
	socket.connection.setup.timeout.ms = 10000
	ssl.cipher.suites = null
	ssl.enabled.protocols = [TLSv1.2, TLSv1.3]
	ssl.endpoint.identification.algorithm = https
	ssl.engine.factory.class = null
	ssl.key.password = null
	ssl.keymanager.algorithm = SunX509
	ssl.keystore.certificate.chain = null
	ssl.keystore.key = null
	ssl.keystore.location = null
	ssl.keystore.password = null
	ssl.keystore.type = JKS
	ssl.protocol = TLSv1.3
	ssl.provider = null
	ssl.secure.random.implementation = null
	ssl.trustmanager.algorithm = PKIX
	ssl.truststore.certificates = null
	ssl.truststore.location = null
	ssl.truststore.password = null
	ssl.truststore.type = JKS
	transaction.timeout.ms = 60000
	transactional.id = null
	value.serializer = class io.apicurio.registry.serde.protobuf.ProtobufKafkaSerializer

2025-08-06 18:54:30,997 INFO  [org.apa.kaf.com.tel.int.KafkaMetricsCollector] (main) initializing Kafka metrics collector
2025-08-06 18:54:31,003 INFO  [org.apa.kaf.cli.pro.KafkaProducer] (main) [Producer clientId=Producer-sfa386745xce5ex43a7x98b1x9f5ec09e843e] Instantiated an idempotent producer.
2025-08-06 18:54:31,007 INFO  [org.apa.kaf.cli.pro.ProducerConfig] (main) These configurations '[apicurio.registry.url, apicurio.registry.headers.enabled, apicurio.registry.artifact-resolver-strategy]' were supplied but are not used yet.
2025-08-06 18:54:31,007 INFO  [org.apa.kaf.com.uti.AppInfoParser] (main) Kafka version: 3.9.1
2025-08-06 18:54:31,007 INFO  [org.apa.kaf.com.uti.AppInfoParser] (main) Kafka commitId: f745dfdcee2b9851
2025-08-06 18:54:31,007 INFO  [org.apa.kaf.com.uti.AppInfoParser] (main) Kafka startTimeMs: 1754506471007
2025-08-06 18:54:31,008 INFO  [io.api.tes.ser.api.SimpleSerdesTesterBuilder$SimpleSerdesTester] (main) Using producer configuration: {apicurio.registry.url=http://registry-app-pg17.apps.ci419.apicurio-testing.org:80/apis/registry/v3, apicurio.registry.headers.enabled=true, apicurio.registry.artifact-resolver-strategy=io.apicurio.registry.serde.strategy.TopicIdStrategy, value.serializer=io.apicurio.registry.serde.protobuf.ProtobufKafkaSerializer, request.timeout.ms=5000, acks=all, bootstrap.servers=PLAINTEXT://localhost:32769, connections.max.idle.ms=10000, key.serializer=org.apache.kafka.common.serialization.StringSerializer, client.id=Producer-sfa386745xce5ex43a7x98b1x9f5ec09e843e}
2025-08-06 18:54:31,008 INFO  [io.api.tes.ser.api.SimpleSerdesTesterBuilder$SimpleSerdesTester] (main) Using consumer configuration: {apicurio.registry.headers.enabled=true}
2025-08-06 18:54:31,009 INFO  [io.api.tes.ser.api.KafkaSerdesTester] (Thread-769) Sending message msb: 1754506471009
lsb: 321
 to topic sfa386745xce5ex43a7x98b1x9f5ec09e843e
2025-08-06 18:54:31,011 INFO  [org.apa.kaf.cli.Metadata] (kafka-producer-network-thread | Producer-sfa386745xce5ex43a7x98b1x9f5ec09e843e) [Producer clientId=Producer-sfa386745xce5ex43a7x98b1x9f5ec09e843e] Cluster ID: igMICRUWSZmdRuxlP-JQ6A
2025-08-06 18:54:31,012 INFO  [org.apa.kaf.cli.pro.int.TransactionManager] (kafka-producer-network-thread | Producer-sfa386745xce5ex43a7x98b1x9f5ec09e843e) [Producer clientId=Producer-sfa386745xce5ex43a7x98b1x9f5ec09e843e] ProducerId set to 31 with epoch 0
2025-08-06 18:54:31,014 INFO  [DefaultSchemaResolver] (Thread-769) Retrieving schema content using string: // Proto schema formatted by Wire, do not edit.
// Source: 

syntax = "proto3";

package io.apicurio.registry.common.proto;

option java_package = "io.apicurio.registry.common.proto";
option java_outer_classname = "Cmmn";

message UUID {
  fixed64 msb = 1;

  fixed64 lsb = 2;
}

2025-08-06 18:54:31,170 INFO  [io.api.tes.ser.api.KafkaSerdesTester] (Thread-769) Sending message msb: 1754506471170
lsb: 321
 to topic sfa386745xce5ex43a7x98b1x9f5ec09e843e
2025-08-06 18:54:31,172 INFO  [io.api.tes.ser.api.KafkaSerdesTester] (Thread-769) Sending message msb: 1754506471171
lsb: 321
 to topic sfa386745xce5ex43a7x98b1x9f5ec09e843e
2025-08-06 18:54:31,173 INFO  [io.api.tes.ser.api.KafkaSerdesTester] (Thread-769) Sending message msb: 1754506471173
lsb: 321
 to topic sfa386745xce5ex43a7x98b1x9f5ec09e843e
2025-08-06 18:54:31,174 INFO  [io.api.tes.ser.api.KafkaSerdesTester] (Thread-769) Sending message msb: 1754506471174
lsb: 321
 to topic sfa386745xce5ex43a7x98b1x9f5ec09e843e
2025-08-06 18:54:31,175 INFO  [io.api.tes.ser.api.KafkaSerdesTester] (Thread-769) Sending message msb: 1754506471175
lsb: 321
 to topic sfa386745xce5ex43a7x98b1x9f5ec09e843e
2025-08-06 18:54:31,177 INFO  [io.api.tes.ser.api.KafkaSerdesTester] (Thread-769) Sending message msb: 1754506471177
lsb: 321
 to topic sfa386745xce5ex43a7x98b1x9f5ec09e843e
2025-08-06 18:54:31,179 INFO  [io.api.tes.ser.api.KafkaSerdesTester] (Thread-769) Sending message msb: 1754506471178
lsb: 321
 to topic sfa386745xce5ex43a7x98b1x9f5ec09e843e
2025-08-06 18:54:31,180 INFO  [io.api.tes.ser.api.KafkaSerdesTester] (Thread-769) Sending message msb: 1754506471180
lsb: 321
 to topic sfa386745xce5ex43a7x98b1x9f5ec09e843e
2025-08-06 18:54:31,181 INFO  [io.api.tes.ser.api.KafkaSerdesTester] (Thread-769) Sending message msb: 1754506471181
lsb: 321
 to topic sfa386745xce5ex43a7x98b1x9f5ec09e843e
2025-08-06 18:54:31,182 INFO  [io.api.tes.ser.api.KafkaSerdesTester] (Thread-769) Produced 10 messages
2025-08-06 18:54:31,182 INFO  [org.apa.kaf.cli.pro.KafkaProducer] (Thread-769) [Producer clientId=Producer-sfa386745xce5ex43a7x98b1x9f5ec09e843e] Closing the Kafka producer with timeoutMillis = 9223372036854775807 ms.
2025-08-06 18:54:31,184 INFO  [org.apa.kaf.com.met.Metrics] (Thread-769) Metrics scheduler closed
2025-08-06 18:54:31,184 INFO  [org.apa.kaf.com.met.Metrics] (Thread-769) Closing reporter org.apache.kafka.common.metrics.JmxReporter
2025-08-06 18:54:31,184 INFO  [org.apa.kaf.com.met.Metrics] (Thread-769) Closing reporter org.apache.kafka.common.telemetry.internals.ClientTelemetryReporter
2025-08-06 18:54:31,184 INFO  [org.apa.kaf.com.met.Metrics] (Thread-769) Metrics reporters closed
2025-08-06 18:54:31,185 INFO  [org.apa.kaf.com.uti.AppInfoParser] (Thread-769) App info kafka.producer for Producer-sfa386745xce5ex43a7x98b1x9f5ec09e843e unregistered
**** Registry Base URL: http://registry-app-pg17.apps.ci419.apicurio-testing.org:80
2025-08-06 18:54:31,185 INFO  [org.apa.kaf.cli.con.ConsumerConfig] (main) ConsumerConfig values: 
	allow.auto.create.topics = true
	auto.commit.interval.ms = 500
	auto.include.jmx.reporter = true
	auto.offset.reset = earliest
	bootstrap.servers = [PLAINTEXT://localhost:32769]
	check.crcs = true
	client.dns.lookup = use_all_dns_ips
	client.id = consumer-Consumer-sfa386745xce5ex43a7x98b1x9f5ec09e843e-23
	client.rack = 
	connections.max.idle.ms = 10000
	default.api.timeout.ms = 60000
	enable.auto.commit = true
	enable.metrics.push = true
	exclude.internal.topics = true
	fetch.max.bytes = 52428800
	fetch.max.wait.ms = 500
	fetch.min.bytes = 1
	group.id = Consumer-sfa386745xce5ex43a7x98b1x9f5ec09e843e
	group.instance.id = null
	group.protocol = classic
	group.remote.assignor = null
	heartbeat.interval.ms = 3000
	interceptor.classes = []
	internal.leave.group.on.close = true
	internal.throw.on.fetch.stable.offset.unsupported = false
	isolation.level = read_uncommitted
	key.deserializer = class org.apache.kafka.common.serialization.StringDeserializer
	max.partition.fetch.bytes = 1048576
	max.poll.interval.ms = 300000
	max.poll.records = 500
	metadata.max.age.ms = 300000
	metadata.recovery.strategy = none
	metric.reporters = []
	metrics.num.samples = 2
	metrics.recording.level = INFO
	metrics.sample.window.ms = 30000
	partition.assignment.strategy = [class org.apache.kafka.clients.consumer.RangeAssignor, class org.apache.kafka.clients.consumer.CooperativeStickyAssignor]
	receive.buffer.bytes = 65536
	reconnect.backoff.max.ms = 1000
	reconnect.backoff.ms = 50
	request.timeout.ms = 5000
	retry.backoff.max.ms = 1000
	retry.backoff.ms = 100
	sasl.client.callback.handler.class = null
	sasl.jaas.config = null
	sasl.kerberos.kinit.cmd = /usr/bin/kinit
	sasl.kerberos.min.time.before.relogin = 60000
	sasl.kerberos.service.name = null
	sasl.kerberos.ticket.renew.jitter = 0.05
	sasl.kerberos.ticket.renew.window.factor = 0.8
	sasl.login.callback.handler.class = null
	sasl.login.class = null
	sasl.login.connect.timeout.ms = null
	sasl.login.read.timeout.ms = null
	sasl.login.refresh.buffer.seconds = 300
	sasl.login.refresh.min.period.seconds = 60
	sasl.login.refresh.window.factor = 0.8
	sasl.login.refresh.window.jitter = 0.05
	sasl.login.retry.backoff.max.ms = 10000
	sasl.login.retry.backoff.ms = 100
	sasl.mechanism = GSSAPI
	sasl.oauthbearer.clock.skew.seconds = 30
	sasl.oauthbearer.expected.audience = null
	sasl.oauthbearer.expected.issuer = null
	sasl.oauthbearer.header.urlencode = false
	sasl.oauthbearer.jwks.endpoint.refresh.ms = 3600000
	sasl.oauthbearer.jwks.endpoint.retry.backoff.max.ms = 10000
	sasl.oauthbearer.jwks.endpoint.retry.backoff.ms = 100
	sasl.oauthbearer.jwks.endpoint.url = null
	sasl.oauthbearer.scope.claim.name = scope
	sasl.oauthbearer.sub.claim.name = sub
	sasl.oauthbearer.token.endpoint.url = null
	security.protocol = PLAINTEXT
	security.providers = null
	send.buffer.bytes = 131072
	session.timeout.ms = 45000
	socket.connection.setup.timeout.max.ms = 30000
	socket.connection.setup.timeout.ms = 10000
	ssl.cipher.suites = null
	ssl.enabled.protocols = [TLSv1.2, TLSv1.3]
	ssl.endpoint.identification.algorithm = https
	ssl.engine.factory.class = null
	ssl.key.password = null
	ssl.keymanager.algorithm = SunX509
	ssl.keystore.certificate.chain = null
	ssl.keystore.key = null
	ssl.keystore.location = null
	ssl.keystore.password = null
	ssl.keystore.type = JKS
	ssl.protocol = TLSv1.3
	ssl.provider = null
	ssl.secure.random.implementation = null
	ssl.trustmanager.algorithm = PKIX
	ssl.truststore.certificates = null
	ssl.truststore.location = null
	ssl.truststore.password = null
	ssl.truststore.type = JKS
	value.deserializer = class io.apicurio.registry.serde.protobuf.ProtobufKafkaDeserializer

2025-08-06 18:54:31,185 INFO  [org.apa.kaf.com.tel.int.KafkaMetricsCollector] (main) initializing Kafka metrics collector
2025-08-06 18:54:31,193 INFO  [org.apa.kaf.cli.con.ConsumerConfig] (main) These configurations '[apicurio.registry.url, apicurio.registry.headers.enabled]' were supplied but are not used yet.
2025-08-06 18:54:31,193 INFO  [org.apa.kaf.com.uti.AppInfoParser] (main) Kafka version: 3.9.1
2025-08-06 18:54:31,193 INFO  [org.apa.kaf.com.uti.AppInfoParser] (main) Kafka commitId: f745dfdcee2b9851
2025-08-06 18:54:31,193 INFO  [org.apa.kaf.com.uti.AppInfoParser] (main) Kafka startTimeMs: 1754506471193
2025-08-06 18:54:31,193 INFO  [org.apa.kaf.cli.con.int.ClassicKafkaConsumer] (Thread-772) [Consumer clientId=consumer-Consumer-sfa386745xce5ex43a7x98b1x9f5ec09e843e-23, groupId=Consumer-sfa386745xce5ex43a7x98b1x9f5ec09e843e] Subscribed to topic(s): sfa386745xce5ex43a7x98b1x9f5ec09e843e
2025-08-06 18:54:31,197 INFO  [org.apa.kaf.cli.Metadata] (Thread-772) [Consumer clientId=consumer-Consumer-sfa386745xce5ex43a7x98b1x9f5ec09e843e-23, groupId=Consumer-sfa386745xce5ex43a7x98b1x9f5ec09e843e] Cluster ID: igMICRUWSZmdRuxlP-JQ6A
2025-08-06 18:54:31,198 INFO  [org.apa.kaf.cli.con.int.ConsumerCoordinator] (Thread-772) [Consumer clientId=consumer-Consumer-sfa386745xce5ex43a7x98b1x9f5ec09e843e-23, groupId=Consumer-sfa386745xce5ex43a7x98b1x9f5ec09e843e] Discovered group coordinator localhost:32769 (id: 2147483647 rack: null)
2025-08-06 18:54:31,199 INFO  [org.apa.kaf.cli.con.int.ConsumerCoordinator] (Thread-772) [Consumer clientId=consumer-Consumer-sfa386745xce5ex43a7x98b1x9f5ec09e843e-23, groupId=Consumer-sfa386745xce5ex43a7x98b1x9f5ec09e843e] (Re-)joining group
2025-08-06 18:54:31,201 INFO  [org.apa.kaf.cli.con.int.ConsumerCoordinator] (Thread-772) [Consumer clientId=consumer-Consumer-sfa386745xce5ex43a7x98b1x9f5ec09e843e-23, groupId=Consumer-sfa386745xce5ex43a7x98b1x9f5ec09e843e] Request joining group due to: need to re-join with the given member-id: consumer-Consumer-sfa386745xce5ex43a7x98b1x9f5ec09e843e-23-144b45df-6beb-47ea-84b7-abd7dab812dc
2025-08-06 18:54:31,201 INFO  [org.apa.kaf.cli.con.int.ConsumerCoordinator] (Thread-772) [Consumer clientId=consumer-Consumer-sfa386745xce5ex43a7x98b1x9f5ec09e843e-23, groupId=Consumer-sfa386745xce5ex43a7x98b1x9f5ec09e843e] (Re-)joining group
2025-08-06 18:54:32,193 INFO  [io.api.tes.ser.api.KafkaSerdesTester] (Thread-772) None found
2025-08-06 18:54:33,194 INFO  [io.api.tes.ser.api.KafkaSerdesTester] (Thread-772) None found
2025-08-06 18:54:34,194 INFO  [io.api.tes.ser.api.KafkaSerdesTester] (Thread-772) None found
2025-08-06 18:54:34,202 INFO  [org.apa.kaf.cli.con.int.ConsumerCoordinator] (Thread-772) [Consumer clientId=consumer-Consumer-sfa386745xce5ex43a7x98b1x9f5ec09e843e-23, groupId=Consumer-sfa386745xce5ex43a7x98b1x9f5ec09e843e] Successfully joined group with generation Generation{generationId=5, memberId='consumer-Consumer-sfa386745xce5ex43a7x98b1x9f5ec09e843e-23-144b45df-6beb-47ea-84b7-abd7dab812dc', protocol='range'}
2025-08-06 18:54:34,203 INFO  [org.apa.kaf.cli.con.int.ConsumerCoordinator] (Thread-772) [Consumer clientId=consumer-Consumer-sfa386745xce5ex43a7x98b1x9f5ec09e843e-23, groupId=Consumer-sfa386745xce5ex43a7x98b1x9f5ec09e843e] Finished assignment for group at generation 5: {consumer-Consumer-sfa386745xce5ex43a7x98b1x9f5ec09e843e-23-144b45df-6beb-47ea-84b7-abd7dab812dc=Assignment(partitions=[sfa386745xce5ex43a7x98b1x9f5ec09e843e-0])}
2025-08-06 18:54:34,209 INFO  [org.apa.kaf.cli.con.int.ConsumerCoordinator] (Thread-772) [Consumer clientId=consumer-Consumer-sfa386745xce5ex43a7x98b1x9f5ec09e843e-23, groupId=Consumer-sfa386745xce5ex43a7x98b1x9f5ec09e843e] Successfully synced group in generation Generation{generationId=5, memberId='consumer-Consumer-sfa386745xce5ex43a7x98b1x9f5ec09e843e-23-144b45df-6beb-47ea-84b7-abd7dab812dc', protocol='range'}
2025-08-06 18:54:34,210 INFO  [org.apa.kaf.cli.con.int.ConsumerCoordinator] (Thread-772) [Consumer clientId=consumer-Consumer-sfa386745xce5ex43a7x98b1x9f5ec09e843e-23, groupId=Consumer-sfa386745xce5ex43a7x98b1x9f5ec09e843e] Notifying assignor about the new Assignment(partitions=[sfa386745xce5ex43a7x98b1x9f5ec09e843e-0])
2025-08-06 18:54:34,210 INFO  [org.apa.kaf.cli.con.int.ConsumerRebalanceListenerInvoker] (Thread-772) [Consumer clientId=consumer-Consumer-sfa386745xce5ex43a7x98b1x9f5ec09e843e-23, groupId=Consumer-sfa386745xce5ex43a7x98b1x9f5ec09e843e] Adding newly assigned partitions: sfa386745xce5ex43a7x98b1x9f5ec09e843e-0
2025-08-06 18:54:34,210 INFO  [org.apa.kaf.cli.con.int.ConsumerUtils] (Thread-772) Setting offset for partition sfa386745xce5ex43a7x98b1x9f5ec09e843e-0 to the committed offset FetchPosition{offset=20, offsetEpoch=Optional[0], currentLeader=LeaderAndEpoch{leader=Optional[localhost:32769 (id: 0 rack: null)], epoch=0}}
2025-08-06 18:54:34,448 INFO  [io.api.tes.ser.api.KafkaSerdesTester] (Thread-772) sfa386745xce5ex43a7x98b1x9f5ec09e843e 0 20 msb: 1754506471009
lsb: 321

2025-08-06 18:54:34,448 INFO  [io.api.tes.ser.api.KafkaSerdesTester] (Thread-772) sfa386745xce5ex43a7x98b1x9f5ec09e843e 0 21 msb: 1754506471170
lsb: 321

2025-08-06 18:54:34,448 INFO  [io.api.tes.ser.api.KafkaSerdesTester] (Thread-772) sfa386745xce5ex43a7x98b1x9f5ec09e843e 0 22 msb: 1754506471171
lsb: 321

2025-08-06 18:54:34,448 INFO  [io.api.tes.ser.api.KafkaSerdesTester] (Thread-772) sfa386745xce5ex43a7x98b1x9f5ec09e843e 0 23 msb: 1754506471173
lsb: 321

2025-08-06 18:54:34,448 INFO  [io.api.tes.ser.api.KafkaSerdesTester] (Thread-772) sfa386745xce5ex43a7x98b1x9f5ec09e843e 0 24 msb: 1754506471174
lsb: 321

2025-08-06 18:54:34,448 INFO  [io.api.tes.ser.api.KafkaSerdesTester] (Thread-772) sfa386745xce5ex43a7x98b1x9f5ec09e843e 0 25 msb: 1754506471175
lsb: 321

2025-08-06 18:54:34,448 INFO  [io.api.tes.ser.api.KafkaSerdesTester] (Thread-772) sfa386745xce5ex43a7x98b1x9f5ec09e843e 0 26 msb: 1754506471177
lsb: 321

2025-08-06 18:54:34,449 INFO  [io.api.tes.ser.api.KafkaSerdesTester] (Thread-772) sfa386745xce5ex43a7x98b1x9f5ec09e843e 0 27 msb: 1754506471178
lsb: 321

2025-08-06 18:54:34,449 INFO  [io.api.tes.ser.api.KafkaSerdesTester] (Thread-772) sfa386745xce5ex43a7x98b1x9f5ec09e843e 0 28 msb: 1754506471180
lsb: 321

2025-08-06 18:54:34,449 INFO  [io.api.tes.ser.api.KafkaSerdesTester] (Thread-772) sfa386745xce5ex43a7x98b1x9f5ec09e843e 0 29 msb: 1754506471181
lsb: 321

2025-08-06 18:54:34,449 INFO  [io.api.tes.ser.api.KafkaSerdesTester] (Thread-772) Consumed 10 messages
2025-08-06 18:54:34,456 INFO  [org.apa.kaf.cli.con.int.ConsumerRebalanceListenerInvoker] (Thread-772) [Consumer clientId=consumer-Consumer-sfa386745xce5ex43a7x98b1x9f5ec09e843e-23, groupId=Consumer-sfa386745xce5ex43a7x98b1x9f5ec09e843e] Revoke previously assigned partitions sfa386745xce5ex43a7x98b1x9f5ec09e843e-0
2025-08-06 18:54:34,456 INFO  [org.apa.kaf.cli.con.int.ConsumerCoordinator] (Thread-772) [Consumer clientId=consumer-Consumer-sfa386745xce5ex43a7x98b1x9f5ec09e843e-23, groupId=Consumer-sfa386745xce5ex43a7x98b1x9f5ec09e843e] Member consumer-Consumer-sfa386745xce5ex43a7x98b1x9f5ec09e843e-23-144b45df-6beb-47ea-84b7-abd7dab812dc sending LeaveGroup request to coordinator localhost:32769 (id: 2147483647 rack: null) due to the consumer is being closed
2025-08-06 18:54:34,456 INFO  [org.apa.kaf.cli.con.int.ConsumerCoordinator] (Thread-772) [Consumer clientId=consumer-Consumer-sfa386745xce5ex43a7x98b1x9f5ec09e843e-23, groupId=Consumer-sfa386745xce5ex43a7x98b1x9f5ec09e843e] Resetting generation and member id due to: consumer pro-actively leaving the group
2025-08-06 18:54:34,456 INFO  [org.apa.kaf.cli.con.int.ConsumerCoordinator] (Thread-772) [Consumer clientId=consumer-Consumer-sfa386745xce5ex43a7x98b1x9f5ec09e843e-23, groupId=Consumer-sfa386745xce5ex43a7x98b1x9f5ec09e843e] Request joining group due to: consumer pro-actively leaving the group
2025-08-06 18:54:34,952 INFO  [org.apa.kaf.com.met.Metrics] (Thread-772) Metrics scheduler closed
2025-08-06 18:54:34,952 INFO  [org.apa.kaf.com.met.Metrics] (Thread-772) Closing reporter org.apache.kafka.common.metrics.JmxReporter
2025-08-06 18:54:34,952 INFO  [org.apa.kaf.com.met.Metrics] (Thread-772) Closing reporter org.apache.kafka.common.telemetry.internals.ClientTelemetryReporter
2025-08-06 18:54:34,952 INFO  [org.apa.kaf.com.met.Metrics] (Thread-772) Metrics reporters closed
2025-08-06 18:54:34,954 INFO  [org.apa.kaf.com.uti.AppInfoParser] (Thread-772) App info kafka.consumer for consumer-Consumer-sfa386745xce5ex43a7x98b1x9f5ec09e843e-23 unregistered
**** Registry Base URL: http://registry-app-pg17.apps.ci419.apicurio-testing.org:80
2025-08-06 18:54:34,955 INFO  [org.apa.kaf.cli.pro.ProducerConfig] (main) ProducerConfig values: 
	acks = -1
	auto.include.jmx.reporter = true
	batch.size = 16384
	bootstrap.servers = [PLAINTEXT://localhost:32769]
	buffer.memory = 33554432
	client.dns.lookup = use_all_dns_ips
	client.id = Producer-sfa386745xce5ex43a7x98b1x9f5ec09e843e
	compression.gzip.level = -1
	compression.lz4.level = 9
	compression.type = none
	compression.zstd.level = 3
	connections.max.idle.ms = 10000
	delivery.timeout.ms = 120000
	enable.idempotence = true
	enable.metrics.push = true
	interceptor.classes = []
	key.serializer = class org.apache.kafka.common.serialization.StringSerializer
	linger.ms = 0
	max.block.ms = 60000
	max.in.flight.requests.per.connection = 5
	max.request.size = 1048576
	metadata.max.age.ms = 300000
	metadata.max.idle.ms = 300000
	metadata.recovery.strategy = none
	metric.reporters = []
	metrics.num.samples = 2
	metrics.recording.level = INFO
	metrics.sample.window.ms = 30000
	partitioner.adaptive.partitioning.enable = true
	partitioner.availability.timeout.ms = 0
	partitioner.class = null
	partitioner.ignore.keys = false
	receive.buffer.bytes = 32768
	reconnect.backoff.max.ms = 1000
	reconnect.backoff.ms = 50
	request.timeout.ms = 5000
	retries = 2147483647
	retry.backoff.max.ms = 1000
	retry.backoff.ms = 100
	sasl.client.callback.handler.class = null
	sasl.jaas.config = null
	sasl.kerberos.kinit.cmd = /usr/bin/kinit
	sasl.kerberos.min.time.before.relogin = 60000
	sasl.kerberos.service.name = null
	sasl.kerberos.ticket.renew.jitter = 0.05
	sasl.kerberos.ticket.renew.window.factor = 0.8
	sasl.login.callback.handler.class = null
	sasl.login.class = null
	sasl.login.connect.timeout.ms = null
	sasl.login.read.timeout.ms = null
	sasl.login.refresh.buffer.seconds = 300
	sasl.login.refresh.min.period.seconds = 60
	sasl.login.refresh.window.factor = 0.8
	sasl.login.refresh.window.jitter = 0.05
	sasl.login.retry.backoff.max.ms = 10000
	sasl.login.retry.backoff.ms = 100
	sasl.mechanism = GSSAPI
	sasl.oauthbearer.clock.skew.seconds = 30
	sasl.oauthbearer.expected.audience = null
	sasl.oauthbearer.expected.issuer = null
	sasl.oauthbearer.header.urlencode = false
	sasl.oauthbearer.jwks.endpoint.refresh.ms = 3600000
	sasl.oauthbearer.jwks.endpoint.retry.backoff.max.ms = 10000
	sasl.oauthbearer.jwks.endpoint.retry.backoff.ms = 100
	sasl.oauthbearer.jwks.endpoint.url = null
	sasl.oauthbearer.scope.claim.name = scope
	sasl.oauthbearer.sub.claim.name = sub
	sasl.oauthbearer.token.endpoint.url = null
	security.protocol = PLAINTEXT
	security.providers = null
	send.buffer.bytes = 131072
	socket.connection.setup.timeout.max.ms = 30000
	socket.connection.setup.timeout.ms = 10000
	ssl.cipher.suites = null
	ssl.enabled.protocols = [TLSv1.2, TLSv1.3]
	ssl.endpoint.identification.algorithm = https
	ssl.engine.factory.class = null
	ssl.key.password = null
	ssl.keymanager.algorithm = SunX509
	ssl.keystore.certificate.chain = null
	ssl.keystore.key = null
	ssl.keystore.location = null
	ssl.keystore.password = null
	ssl.keystore.type = JKS
	ssl.protocol = TLSv1.3
	ssl.provider = null
	ssl.secure.random.implementation = null
	ssl.trustmanager.algorithm = PKIX
	ssl.truststore.certificates = null
	ssl.truststore.location = null
	ssl.truststore.password = null
	ssl.truststore.type = JKS
	transaction.timeout.ms = 60000
	transactional.id = null
	value.serializer = class io.apicurio.registry.serde.protobuf.ProtobufKafkaSerializer

2025-08-06 18:54:34,955 INFO  [org.apa.kaf.com.tel.int.KafkaMetricsCollector] (main) initializing Kafka metrics collector
2025-08-06 18:54:34,960 INFO  [org.apa.kaf.cli.pro.KafkaProducer] (main) [Producer clientId=Producer-sfa386745xce5ex43a7x98b1x9f5ec09e843e] Instantiated an idempotent producer.
2025-08-06 18:54:34,962 INFO  [org.apa.kaf.cli.pro.ProducerConfig] (main) These configurations '[apicurio.registry.find-latest, apicurio.registry.url, apicurio.registry.artifact-resolver-strategy]' were supplied but are not used yet.
2025-08-06 18:54:34,962 INFO  [org.apa.kaf.com.uti.AppInfoParser] (main) Kafka version: 3.9.1
2025-08-06 18:54:34,962 INFO  [org.apa.kaf.com.uti.AppInfoParser] (main) Kafka commitId: f745dfdcee2b9851
2025-08-06 18:54:34,962 INFO  [org.apa.kaf.com.uti.AppInfoParser] (main) Kafka startTimeMs: 1754506474962
2025-08-06 18:54:34,964 INFO  [io.api.tes.ser.api.KafkaSerdesTester] (Thread-775) Sending message header {
  time {
  }
}
d1: 1.754506474963E12
s1: "a"
i1: 123
bi1: 1
point {
  longitude: 22.0
  latitude: 22.0
  altitude: 1.0
}
 to topic sfa386745xce5ex43a7x98b1x9f5ec09e843e
2025-08-06 18:54:34,966 INFO  [org.apa.kaf.cli.Metadata] (kafka-producer-network-thread | Producer-sfa386745xce5ex43a7x98b1x9f5ec09e843e) [Producer clientId=Producer-sfa386745xce5ex43a7x98b1x9f5ec09e843e] Cluster ID: igMICRUWSZmdRuxlP-JQ6A
2025-08-06 18:54:34,967 INFO  [org.apa.kaf.cli.pro.int.TransactionManager] (kafka-producer-network-thread | Producer-sfa386745xce5ex43a7x98b1x9f5ec09e843e) [Producer clientId=Producer-sfa386745xce5ex43a7x98b1x9f5ec09e843e] ProducerId set to 32 with epoch 0
2025-08-06 18:54:35,278 INFO  [org.apa.kaf.cli.pro.KafkaProducer] (Thread-775) [Producer clientId=Producer-sfa386745xce5ex43a7x98b1x9f5ec09e843e] Closing the Kafka producer with timeoutMillis = 9223372036854775807 ms.
2025-08-06 18:54:35,280 INFO  [org.apa.kaf.com.met.Metrics] (Thread-775) Metrics scheduler closed
2025-08-06 18:54:35,280 INFO  [org.apa.kaf.com.met.Metrics] (Thread-775) Closing reporter org.apache.kafka.common.metrics.JmxReporter
2025-08-06 18:54:35,280 INFO  [org.apa.kaf.com.met.Metrics] (Thread-775) Closing reporter org.apache.kafka.common.telemetry.internals.ClientTelemetryReporter
2025-08-06 18:54:35,280 INFO  [org.apa.kaf.com.met.Metrics] (Thread-775) Metrics reporters closed
2025-08-06 18:54:35,280 INFO  [org.apa.kaf.com.uti.AppInfoParser] (Thread-775) App info kafka.producer for Producer-sfa386745xce5ex43a7x98b1x9f5ec09e843e unregistered
**** Registry Base URL: http://registry-app-pg17.apps.ci419.apicurio-testing.org:80
2025-08-06 18:54:35,282 INFO  [org.apa.kaf.cli.pro.ProducerConfig] (main) ProducerConfig values: 
	acks = -1
	auto.include.jmx.reporter = true
	batch.size = 16384
	bootstrap.servers = [PLAINTEXT://localhost:32769]
	buffer.memory = 33554432
	client.dns.lookup = use_all_dns_ips
	client.id = Producer-sfa386745xce5ex43a7x98b1x9f5ec09e843e
	compression.gzip.level = -1
	compression.lz4.level = 9
	compression.type = none
	compression.zstd.level = 3
	connections.max.idle.ms = 10000
	delivery.timeout.ms = 120000
	enable.idempotence = true
	enable.metrics.push = true
	interceptor.classes = []
	key.serializer = class org.apache.kafka.common.serialization.StringSerializer
	linger.ms = 0
	max.block.ms = 60000
	max.in.flight.requests.per.connection = 5
	max.request.size = 1048576
	metadata.max.age.ms = 300000
	metadata.max.idle.ms = 300000
	metadata.recovery.strategy = none
	metric.reporters = []
	metrics.num.samples = 2
	metrics.recording.level = INFO
	metrics.sample.window.ms = 30000
	partitioner.adaptive.partitioning.enable = true
	partitioner.availability.timeout.ms = 0
	partitioner.class = null
	partitioner.ignore.keys = false
	receive.buffer.bytes = 32768
	reconnect.backoff.max.ms = 1000
	reconnect.backoff.ms = 50
	request.timeout.ms = 5000
	retries = 2147483647
	retry.backoff.max.ms = 1000
	retry.backoff.ms = 100
	sasl.client.callback.handler.class = null
	sasl.jaas.config = null
	sasl.kerberos.kinit.cmd = /usr/bin/kinit
	sasl.kerberos.min.time.before.relogin = 60000
	sasl.kerberos.service.name = null
	sasl.kerberos.ticket.renew.jitter = 0.05
	sasl.kerberos.ticket.renew.window.factor = 0.8
	sasl.login.callback.handler.class = null
	sasl.login.class = null
	sasl.login.connect.timeout.ms = null
	sasl.login.read.timeout.ms = null
	sasl.login.refresh.buffer.seconds = 300
	sasl.login.refresh.min.period.seconds = 60
	sasl.login.refresh.window.factor = 0.8
	sasl.login.refresh.window.jitter = 0.05
	sasl.login.retry.backoff.max.ms = 10000
	sasl.login.retry.backoff.ms = 100
	sasl.mechanism = GSSAPI
	sasl.oauthbearer.clock.skew.seconds = 30
	sasl.oauthbearer.expected.audience = null
	sasl.oauthbearer.expected.issuer = null
	sasl.oauthbearer.header.urlencode = false
	sasl.oauthbearer.jwks.endpoint.refresh.ms = 3600000
	sasl.oauthbearer.jwks.endpoint.retry.backoff.max.ms = 10000
	sasl.oauthbearer.jwks.endpoint.retry.backoff.ms = 100
	sasl.oauthbearer.jwks.endpoint.url = null
	sasl.oauthbearer.scope.claim.name = scope
	sasl.oauthbearer.sub.claim.name = sub
	sasl.oauthbearer.token.endpoint.url = null
	security.protocol = PLAINTEXT
	security.providers = null
	send.buffer.bytes = 131072
	socket.connection.setup.timeout.max.ms = 30000
	socket.connection.setup.timeout.ms = 10000
	ssl.cipher.suites = null
	ssl.enabled.protocols = [TLSv1.2, TLSv1.3]
	ssl.endpoint.identification.algorithm = https
	ssl.engine.factory.class = null
	ssl.key.password = null
	ssl.keymanager.algorithm = SunX509
	ssl.keystore.certificate.chain = null
	ssl.keystore.key = null
	ssl.keystore.location = null
	ssl.keystore.password = null
	ssl.keystore.type = JKS
	ssl.protocol = TLSv1.3
	ssl.provider = null
	ssl.secure.random.implementation = null
	ssl.trustmanager.algorithm = PKIX
	ssl.truststore.certificates = null
	ssl.truststore.location = null
	ssl.truststore.password = null
	ssl.truststore.type = JKS
	transaction.timeout.ms = 60000
	transactional.id = null
	value.serializer = class io.apicurio.registry.serde.protobuf.ProtobufKafkaSerializer

2025-08-06 18:54:35,282 INFO  [org.apa.kaf.com.tel.int.KafkaMetricsCollector] (main) initializing Kafka metrics collector
2025-08-06 18:54:35,287 INFO  [org.apa.kaf.cli.pro.KafkaProducer] (main) [Producer clientId=Producer-sfa386745xce5ex43a7x98b1x9f5ec09e843e] Instantiated an idempotent producer.
2025-08-06 18:54:35,288 INFO  [org.apa.kaf.cli.pro.ProducerConfig] (main) These configurations '[apicurio.registry.find-latest, apicurio.registry.url, apicurio.registry.headers.enabled, apicurio.registry.artifact-resolver-strategy]' were supplied but are not used yet.
2025-08-06 18:54:35,288 INFO  [org.apa.kaf.com.uti.AppInfoParser] (main) Kafka version: 3.9.1
2025-08-06 18:54:35,288 INFO  [org.apa.kaf.com.uti.AppInfoParser] (main) Kafka commitId: f745dfdcee2b9851
2025-08-06 18:54:35,288 INFO  [org.apa.kaf.com.uti.AppInfoParser] (main) Kafka startTimeMs: 1754506475288
2025-08-06 18:54:35,288 INFO  [io.api.tes.ser.api.SimpleSerdesTesterBuilder$SimpleSerdesTester] (main) Using producer configuration: {apicurio.registry.find-latest=true, apicurio.registry.url=http://registry-app-pg17.apps.ci419.apicurio-testing.org:80/apis/registry/v3, apicurio.registry.headers.enabled=true, apicurio.registry.artifact-resolver-strategy=io.apicurio.registry.serde.strategy.TopicIdStrategy, value.serializer=io.apicurio.registry.serde.protobuf.ProtobufKafkaSerializer, request.timeout.ms=5000, acks=all, bootstrap.servers=PLAINTEXT://localhost:32769, connections.max.idle.ms=10000, key.serializer=org.apache.kafka.common.serialization.StringSerializer, client.id=Producer-sfa386745xce5ex43a7x98b1x9f5ec09e843e}
2025-08-06 18:54:35,288 INFO  [io.api.tes.ser.api.SimpleSerdesTesterBuilder$SimpleSerdesTester] (main) Using consumer configuration: {apicurio.registry.headers.enabled=true}
2025-08-06 18:54:35,290 INFO  [io.api.tes.ser.api.KafkaSerdesTester] (Thread-778) Sending message msb: 1754506475290
lsb: 321
 to topic sfa386745xce5ex43a7x98b1x9f5ec09e843e
2025-08-06 18:54:35,292 INFO  [org.apa.kaf.cli.Metadata] (kafka-producer-network-thread | Producer-sfa386745xce5ex43a7x98b1x9f5ec09e843e) [Producer clientId=Producer-sfa386745xce5ex43a7x98b1x9f5ec09e843e] Cluster ID: igMICRUWSZmdRuxlP-JQ6A
2025-08-06 18:54:35,292 INFO  [org.apa.kaf.cli.pro.int.TransactionManager] (kafka-producer-network-thread | Producer-sfa386745xce5ex43a7x98b1x9f5ec09e843e) [Producer clientId=Producer-sfa386745xce5ex43a7x98b1x9f5ec09e843e] ProducerId set to 33 with epoch 0
2025-08-06 18:54:35,610 INFO  [io.api.tes.ser.api.KafkaSerdesTester] (Thread-778) Sending message msb: 1754506475610
lsb: 321
 to topic sfa386745xce5ex43a7x98b1x9f5ec09e843e
2025-08-06 18:54:35,612 INFO  [io.api.tes.ser.api.KafkaSerdesTester] (Thread-778) Sending message msb: 1754506475612
lsb: 321
 to topic sfa386745xce5ex43a7x98b1x9f5ec09e843e
2025-08-06 18:54:35,615 INFO  [io.api.tes.ser.api.KafkaSerdesTester] (Thread-778) Sending message msb: 1754506475615
lsb: 321
 to topic sfa386745xce5ex43a7x98b1x9f5ec09e843e
2025-08-06 18:54:35,617 INFO  [io.api.tes.ser.api.KafkaSerdesTester] (Thread-778) Sending message msb: 1754506475617
lsb: 321
 to topic sfa386745xce5ex43a7x98b1x9f5ec09e843e
2025-08-06 18:54:35,618 INFO  [io.api.tes.ser.api.KafkaSerdesTester] (Thread-778) Sending message msb: 1754506475618
lsb: 321
 to topic sfa386745xce5ex43a7x98b1x9f5ec09e843e
2025-08-06 18:54:35,619 INFO  [io.api.tes.ser.api.KafkaSerdesTester] (Thread-778) Sending message msb: 1754506475619
lsb: 321
 to topic sfa386745xce5ex43a7x98b1x9f5ec09e843e
2025-08-06 18:54:35,620 INFO  [io.api.tes.ser.api.KafkaSerdesTester] (Thread-778) Sending message msb: 1754506475620
lsb: 321
 to topic sfa386745xce5ex43a7x98b1x9f5ec09e843e
2025-08-06 18:54:35,622 INFO  [io.api.tes.ser.api.KafkaSerdesTester] (Thread-778) Sending message msb: 1754506475622
lsb: 321
 to topic sfa386745xce5ex43a7x98b1x9f5ec09e843e
2025-08-06 18:54:35,623 INFO  [io.api.tes.ser.api.KafkaSerdesTester] (Thread-778) Sending message msb: 1754506475623
lsb: 321
 to topic sfa386745xce5ex43a7x98b1x9f5ec09e843e
2025-08-06 18:54:35,625 INFO  [io.api.tes.ser.api.KafkaSerdesTester] (Thread-778) Produced 10 messages
2025-08-06 18:54:35,625 INFO  [org.apa.kaf.cli.pro.KafkaProducer] (Thread-778) [Producer clientId=Producer-sfa386745xce5ex43a7x98b1x9f5ec09e843e] Closing the Kafka producer with timeoutMillis = 9223372036854775807 ms.
2025-08-06 18:54:35,627 INFO  [org.apa.kaf.com.met.Metrics] (Thread-778) Metrics scheduler closed
2025-08-06 18:54:35,627 INFO  [org.apa.kaf.com.met.Metrics] (Thread-778) Closing reporter org.apache.kafka.common.metrics.JmxReporter
2025-08-06 18:54:35,627 INFO  [org.apa.kaf.com.met.Metrics] (Thread-778) Closing reporter org.apache.kafka.common.telemetry.internals.ClientTelemetryReporter
2025-08-06 18:54:35,627 INFO  [org.apa.kaf.com.met.Metrics] (Thread-778) Metrics reporters closed
2025-08-06 18:54:35,627 INFO  [org.apa.kaf.com.uti.AppInfoParser] (Thread-778) App info kafka.producer for Producer-sfa386745xce5ex43a7x98b1x9f5ec09e843e unregistered
**** Registry Base URL: http://registry-app-pg17.apps.ci419.apicurio-testing.org:80
2025-08-06 18:54:35,628 INFO  [org.apa.kaf.cli.con.ConsumerConfig] (main) ConsumerConfig values: 
	allow.auto.create.topics = true
	auto.commit.interval.ms = 500
	auto.include.jmx.reporter = true
	auto.offset.reset = earliest
	bootstrap.servers = [PLAINTEXT://localhost:32769]
	check.crcs = true
	client.dns.lookup = use_all_dns_ips
	client.id = consumer-Consumer-sfa386745xce5ex43a7x98b1x9f5ec09e843e-24
	client.rack = 
	connections.max.idle.ms = 10000
	default.api.timeout.ms = 60000
	enable.auto.commit = true
	enable.metrics.push = true
	exclude.internal.topics = true
	fetch.max.bytes = 52428800
	fetch.max.wait.ms = 500
	fetch.min.bytes = 1
	group.id = Consumer-sfa386745xce5ex43a7x98b1x9f5ec09e843e
	group.instance.id = null
	group.protocol = classic
	group.remote.assignor = null
	heartbeat.interval.ms = 3000
	interceptor.classes = []
	internal.leave.group.on.close = true
	internal.throw.on.fetch.stable.offset.unsupported = false
	isolation.level = read_uncommitted
	key.deserializer = class org.apache.kafka.common.serialization.StringDeserializer
	max.partition.fetch.bytes = 1048576
	max.poll.interval.ms = 300000
	max.poll.records = 500
	metadata.max.age.ms = 300000
	metadata.recovery.strategy = none
	metric.reporters = []
	metrics.num.samples = 2
	metrics.recording.level = INFO
	metrics.sample.window.ms = 30000
	partition.assignment.strategy = [class org.apache.kafka.clients.consumer.RangeAssignor, class org.apache.kafka.clients.consumer.CooperativeStickyAssignor]
	receive.buffer.bytes = 65536
	reconnect.backoff.max.ms = 1000
	reconnect.backoff.ms = 50
	request.timeout.ms = 5000
	retry.backoff.max.ms = 1000
	retry.backoff.ms = 100
	sasl.client.callback.handler.class = null
	sasl.jaas.config = null
	sasl.kerberos.kinit.cmd = /usr/bin/kinit
	sasl.kerberos.min.time.before.relogin = 60000
	sasl.kerberos.service.name = null
	sasl.kerberos.ticket.renew.jitter = 0.05
	sasl.kerberos.ticket.renew.window.factor = 0.8
	sasl.login.callback.handler.class = null
	sasl.login.class = null
	sasl.login.connect.timeout.ms = null
	sasl.login.read.timeout.ms = null
	sasl.login.refresh.buffer.seconds = 300
	sasl.login.refresh.min.period.seconds = 60
	sasl.login.refresh.window.factor = 0.8
	sasl.login.refresh.window.jitter = 0.05
	sasl.login.retry.backoff.max.ms = 10000
	sasl.login.retry.backoff.ms = 100
	sasl.mechanism = GSSAPI
	sasl.oauthbearer.clock.skew.seconds = 30
	sasl.oauthbearer.expected.audience = null
	sasl.oauthbearer.expected.issuer = null
	sasl.oauthbearer.header.urlencode = false
	sasl.oauthbearer.jwks.endpoint.refresh.ms = 3600000
	sasl.oauthbearer.jwks.endpoint.retry.backoff.max.ms = 10000
	sasl.oauthbearer.jwks.endpoint.retry.backoff.ms = 100
	sasl.oauthbearer.jwks.endpoint.url = null
	sasl.oauthbearer.scope.claim.name = scope
	sasl.oauthbearer.sub.claim.name = sub
	sasl.oauthbearer.token.endpoint.url = null
	security.protocol = PLAINTEXT
	security.providers = null
	send.buffer.bytes = 131072
	session.timeout.ms = 45000
	socket.connection.setup.timeout.max.ms = 30000
	socket.connection.setup.timeout.ms = 10000
	ssl.cipher.suites = null
	ssl.enabled.protocols = [TLSv1.2, TLSv1.3]
	ssl.endpoint.identification.algorithm = https
	ssl.engine.factory.class = null
	ssl.key.password = null
	ssl.keymanager.algorithm = SunX509
	ssl.keystore.certificate.chain = null
	ssl.keystore.key = null
	ssl.keystore.location = null
	ssl.keystore.password = null
	ssl.keystore.type = JKS
	ssl.protocol = TLSv1.3
	ssl.provider = null
	ssl.secure.random.implementation = null
	ssl.trustmanager.algorithm = PKIX
	ssl.truststore.certificates = null
	ssl.truststore.location = null
	ssl.truststore.password = null
	ssl.truststore.type = JKS
	value.deserializer = class io.apicurio.registry.serde.protobuf.ProtobufKafkaDeserializer

2025-08-06 18:54:35,628 INFO  [org.apa.kaf.com.tel.int.KafkaMetricsCollector] (main) initializing Kafka metrics collector
2025-08-06 18:54:35,636 INFO  [org.apa.kaf.cli.con.ConsumerConfig] (main) These configurations '[apicurio.registry.url, apicurio.registry.headers.enabled]' were supplied but are not used yet.
2025-08-06 18:54:35,636 INFO  [org.apa.kaf.com.uti.AppInfoParser] (main) Kafka version: 3.9.1
2025-08-06 18:54:35,636 INFO  [org.apa.kaf.com.uti.AppInfoParser] (main) Kafka commitId: f745dfdcee2b9851
2025-08-06 18:54:35,636 INFO  [org.apa.kaf.com.uti.AppInfoParser] (main) Kafka startTimeMs: 1754506475636
2025-08-06 18:54:35,636 INFO  [org.apa.kaf.cli.con.int.ClassicKafkaConsumer] (Thread-781) [Consumer clientId=consumer-Consumer-sfa386745xce5ex43a7x98b1x9f5ec09e843e-24, groupId=Consumer-sfa386745xce5ex43a7x98b1x9f5ec09e843e] Subscribed to topic(s): sfa386745xce5ex43a7x98b1x9f5ec09e843e
2025-08-06 18:54:35,640 INFO  [org.apa.kaf.cli.Metadata] (Thread-781) [Consumer clientId=consumer-Consumer-sfa386745xce5ex43a7x98b1x9f5ec09e843e-24, groupId=Consumer-sfa386745xce5ex43a7x98b1x9f5ec09e843e] Cluster ID: igMICRUWSZmdRuxlP-JQ6A
2025-08-06 18:54:35,640 INFO  [org.apa.kaf.cli.con.int.ConsumerCoordinator] (Thread-781) [Consumer clientId=consumer-Consumer-sfa386745xce5ex43a7x98b1x9f5ec09e843e-24, groupId=Consumer-sfa386745xce5ex43a7x98b1x9f5ec09e843e] Discovered group coordinator localhost:32769 (id: 2147483647 rack: null)
2025-08-06 18:54:35,641 INFO  [org.apa.kaf.cli.con.int.ConsumerCoordinator] (Thread-781) [Consumer clientId=consumer-Consumer-sfa386745xce5ex43a7x98b1x9f5ec09e843e-24, groupId=Consumer-sfa386745xce5ex43a7x98b1x9f5ec09e843e] (Re-)joining group
2025-08-06 18:54:35,648 INFO  [org.apa.kaf.cli.con.int.ConsumerCoordinator] (Thread-781) [Consumer clientId=consumer-Consumer-sfa386745xce5ex43a7x98b1x9f5ec09e843e-24, groupId=Consumer-sfa386745xce5ex43a7x98b1x9f5ec09e843e] Request joining group due to: need to re-join with the given member-id: consumer-Consumer-sfa386745xce5ex43a7x98b1x9f5ec09e843e-24-7e10f131-486c-4b5b-9e42-80bedc05eb3e
2025-08-06 18:54:35,648 INFO  [org.apa.kaf.cli.con.int.ConsumerCoordinator] (Thread-781) [Consumer clientId=consumer-Consumer-sfa386745xce5ex43a7x98b1x9f5ec09e843e-24, groupId=Consumer-sfa386745xce5ex43a7x98b1x9f5ec09e843e] (Re-)joining group
2025-08-06 18:54:36,636 INFO  [io.api.tes.ser.api.KafkaSerdesTester] (Thread-781) None found
2025-08-06 18:54:37,636 INFO  [io.api.tes.ser.api.KafkaSerdesTester] (Thread-781) None found
2025-08-06 18:54:38,636 INFO  [io.api.tes.ser.api.KafkaSerdesTester] (Thread-781) None found
2025-08-06 18:54:38,649 INFO  [org.apa.kaf.cli.con.int.ConsumerCoordinator] (Thread-781) [Consumer clientId=consumer-Consumer-sfa386745xce5ex43a7x98b1x9f5ec09e843e-24, groupId=Consumer-sfa386745xce5ex43a7x98b1x9f5ec09e843e] Successfully joined group with generation Generation{generationId=7, memberId='consumer-Consumer-sfa386745xce5ex43a7x98b1x9f5ec09e843e-24-7e10f131-486c-4b5b-9e42-80bedc05eb3e', protocol='range'}
2025-08-06 18:54:38,650 INFO  [org.apa.kaf.cli.con.int.ConsumerCoordinator] (Thread-781) [Consumer clientId=consumer-Consumer-sfa386745xce5ex43a7x98b1x9f5ec09e843e-24, groupId=Consumer-sfa386745xce5ex43a7x98b1x9f5ec09e843e] Finished assignment for group at generation 7: {consumer-Consumer-sfa386745xce5ex43a7x98b1x9f5ec09e843e-24-7e10f131-486c-4b5b-9e42-80bedc05eb3e=Assignment(partitions=[sfa386745xce5ex43a7x98b1x9f5ec09e843e-0])}
2025-08-06 18:54:38,656 INFO  [org.apa.kaf.cli.con.int.ConsumerCoordinator] (Thread-781) [Consumer clientId=consumer-Consumer-sfa386745xce5ex43a7x98b1x9f5ec09e843e-24, groupId=Consumer-sfa386745xce5ex43a7x98b1x9f5ec09e843e] Successfully synced group in generation Generation{generationId=7, memberId='consumer-Consumer-sfa386745xce5ex43a7x98b1x9f5ec09e843e-24-7e10f131-486c-4b5b-9e42-80bedc05eb3e', protocol='range'}
2025-08-06 18:54:38,656 INFO  [org.apa.kaf.cli.con.int.ConsumerCoordinator] (Thread-781) [Consumer clientId=consumer-Consumer-sfa386745xce5ex43a7x98b1x9f5ec09e843e-24, groupId=Consumer-sfa386745xce5ex43a7x98b1x9f5ec09e843e] Notifying assignor about the new Assignment(partitions=[sfa386745xce5ex43a7x98b1x9f5ec09e843e-0])
2025-08-06 18:54:38,656 INFO  [org.apa.kaf.cli.con.int.ConsumerRebalanceListenerInvoker] (Thread-781) [Consumer clientId=consumer-Consumer-sfa386745xce5ex43a7x98b1x9f5ec09e843e-24, groupId=Consumer-sfa386745xce5ex43a7x98b1x9f5ec09e843e] Adding newly assigned partitions: sfa386745xce5ex43a7x98b1x9f5ec09e843e-0
2025-08-06 18:54:38,657 INFO  [org.apa.kaf.cli.con.int.ConsumerUtils] (Thread-781) Setting offset for partition sfa386745xce5ex43a7x98b1x9f5ec09e843e-0 to the committed offset FetchPosition{offset=30, offsetEpoch=Optional[0], currentLeader=LeaderAndEpoch{leader=Optional[localhost:32769 (id: 0 rack: null)], epoch=0}}
2025-08-06 18:54:38,888 INFO  [io.api.tes.ser.api.KafkaSerdesTester] (Thread-781) sfa386745xce5ex43a7x98b1x9f5ec09e843e 0 30 msb: 1754506475290
lsb: 321

2025-08-06 18:54:38,888 INFO  [io.api.tes.ser.api.KafkaSerdesTester] (Thread-781) sfa386745xce5ex43a7x98b1x9f5ec09e843e 0 31 msb: 1754506475610
lsb: 321

2025-08-06 18:54:38,888 INFO  [io.api.tes.ser.api.KafkaSerdesTester] (Thread-781) sfa386745xce5ex43a7x98b1x9f5ec09e843e 0 32 msb: 1754506475612
lsb: 321

2025-08-06 18:54:38,888 INFO  [io.api.tes.ser.api.KafkaSerdesTester] (Thread-781) sfa386745xce5ex43a7x98b1x9f5ec09e843e 0 33 msb: 1754506475615
lsb: 321

2025-08-06 18:54:38,888 INFO  [io.api.tes.ser.api.KafkaSerdesTester] (Thread-781) sfa386745xce5ex43a7x98b1x9f5ec09e843e 0 34 msb: 1754506475617
lsb: 321

2025-08-06 18:54:38,888 INFO  [io.api.tes.ser.api.KafkaSerdesTester] (Thread-781) sfa386745xce5ex43a7x98b1x9f5ec09e843e 0 35 msb: 1754506475618
lsb: 321

2025-08-06 18:54:38,888 INFO  [io.api.tes.ser.api.KafkaSerdesTester] (Thread-781) sfa386745xce5ex43a7x98b1x9f5ec09e843e 0 36 msb: 1754506475619
lsb: 321

2025-08-06 18:54:38,888 INFO  [io.api.tes.ser.api.KafkaSerdesTester] (Thread-781) sfa386745xce5ex43a7x98b1x9f5ec09e843e 0 37 msb: 1754506475620
lsb: 321

2025-08-06 18:54:38,889 INFO  [io.api.tes.ser.api.KafkaSerdesTester] (Thread-781) sfa386745xce5ex43a7x98b1x9f5ec09e843e 0 38 msb: 1754506475622
lsb: 321

2025-08-06 18:54:38,889 INFO  [io.api.tes.ser.api.KafkaSerdesTester] (Thread-781) sfa386745xce5ex43a7x98b1x9f5ec09e843e 0 39 msb: 1754506475623
lsb: 321

2025-08-06 18:54:38,889 INFO  [io.api.tes.ser.api.KafkaSerdesTester] (Thread-781) Consumed 10 messages
2025-08-06 18:54:38,897 INFO  [org.apa.kaf.cli.con.int.ConsumerRebalanceListenerInvoker] (Thread-781) [Consumer clientId=consumer-Consumer-sfa386745xce5ex43a7x98b1x9f5ec09e843e-24, groupId=Consumer-sfa386745xce5ex43a7x98b1x9f5ec09e843e] Revoke previously assigned partitions sfa386745xce5ex43a7x98b1x9f5ec09e843e-0
2025-08-06 18:54:38,898 INFO  [org.apa.kaf.cli.con.int.ConsumerCoordinator] (Thread-781) [Consumer clientId=consumer-Consumer-sfa386745xce5ex43a7x98b1x9f5ec09e843e-24, groupId=Consumer-sfa386745xce5ex43a7x98b1x9f5ec09e843e] Member consumer-Consumer-sfa386745xce5ex43a7x98b1x9f5ec09e843e-24-7e10f131-486c-4b5b-9e42-80bedc05eb3e sending LeaveGroup request to coordinator localhost:32769 (id: 2147483647 rack: null) due to the consumer is being closed
2025-08-06 18:54:38,898 INFO  [org.apa.kaf.cli.con.int.ConsumerCoordinator] (Thread-781) [Consumer clientId=consumer-Consumer-sfa386745xce5ex43a7x98b1x9f5ec09e843e-24, groupId=Consumer-sfa386745xce5ex43a7x98b1x9f5ec09e843e] Resetting generation and member id due to: consumer pro-actively leaving the group
2025-08-06 18:54:38,898 INFO  [org.apa.kaf.cli.con.int.ConsumerCoordinator] (Thread-781) [Consumer clientId=consumer-Consumer-sfa386745xce5ex43a7x98b1x9f5ec09e843e-24, groupId=Consumer-sfa386745xce5ex43a7x98b1x9f5ec09e843e] Request joining group due to: consumer pro-actively leaving the group
2025-08-06 18:54:39,391 INFO  [org.apa.kaf.com.met.Metrics] (Thread-781) Metrics scheduler closed
2025-08-06 18:54:39,392 INFO  [org.apa.kaf.com.met.Metrics] (Thread-781) Closing reporter org.apache.kafka.common.metrics.JmxReporter
2025-08-06 18:54:39,392 INFO  [org.apa.kaf.com.met.Metrics] (Thread-781) Closing reporter org.apache.kafka.common.telemetry.internals.ClientTelemetryReporter
2025-08-06 18:54:39,392 INFO  [org.apa.kaf.com.met.Metrics] (Thread-781) Metrics reporters closed
2025-08-06 18:54:39,393 INFO  [org.apa.kaf.com.uti.AppInfoParser] (Thread-781) App info kafka.consumer for consumer-Consumer-sfa386745xce5ex43a7x98b1x9f5ec09e843e-24 unregistered
**** Registry Base URL: http://registry-app-pg17.apps.ci419.apicurio-testing.org:80
2025-08-06 18:54:39,394 INFO  [org.apa.kaf.cli.pro.ProducerConfig] (main) ProducerConfig values: 
	acks = -1
	auto.include.jmx.reporter = true
	batch.size = 16384
	bootstrap.servers = [PLAINTEXT://localhost:32769]
	buffer.memory = 33554432
	client.dns.lookup = use_all_dns_ips
	client.id = Producer-sfa386745xce5ex43a7x98b1x9f5ec09e843e
	compression.gzip.level = -1
	compression.lz4.level = 9
	compression.type = none
	compression.zstd.level = 3
	connections.max.idle.ms = 10000
	delivery.timeout.ms = 120000
	enable.idempotence = true
	enable.metrics.push = true
	interceptor.classes = []
	key.serializer = class org.apache.kafka.common.serialization.StringSerializer
	linger.ms = 0
	max.block.ms = 60000
	max.in.flight.requests.per.connection = 5
	max.request.size = 1048576
	metadata.max.age.ms = 300000
	metadata.max.idle.ms = 300000
	metadata.recovery.strategy = none
	metric.reporters = []
	metrics.num.samples = 2
	metrics.recording.level = INFO
	metrics.sample.window.ms = 30000
	partitioner.adaptive.partitioning.enable = true
	partitioner.availability.timeout.ms = 0
	partitioner.class = null
	partitioner.ignore.keys = false
	receive.buffer.bytes = 32768
	reconnect.backoff.max.ms = 1000
	reconnect.backoff.ms = 50
	request.timeout.ms = 5000
	retries = 2147483647
	retry.backoff.max.ms = 1000
	retry.backoff.ms = 100
	sasl.client.callback.handler.class = null
	sasl.jaas.config = null
	sasl.kerberos.kinit.cmd = /usr/bin/kinit
	sasl.kerberos.min.time.before.relogin = 60000
	sasl.kerberos.service.name = null
	sasl.kerberos.ticket.renew.jitter = 0.05
	sasl.kerberos.ticket.renew.window.factor = 0.8
	sasl.login.callback.handler.class = null
	sasl.login.class = null
	sasl.login.connect.timeout.ms = null
	sasl.login.read.timeout.ms = null
	sasl.login.refresh.buffer.seconds = 300
	sasl.login.refresh.min.period.seconds = 60
	sasl.login.refresh.window.factor = 0.8
	sasl.login.refresh.window.jitter = 0.05
	sasl.login.retry.backoff.max.ms = 10000
	sasl.login.retry.backoff.ms = 100
	sasl.mechanism = GSSAPI
	sasl.oauthbearer.clock.skew.seconds = 30
	sasl.oauthbearer.expected.audience = null
	sasl.oauthbearer.expected.issuer = null
	sasl.oauthbearer.header.urlencode = false
	sasl.oauthbearer.jwks.endpoint.refresh.ms = 3600000
	sasl.oauthbearer.jwks.endpoint.retry.backoff.max.ms = 10000
	sasl.oauthbearer.jwks.endpoint.retry.backoff.ms = 100
	sasl.oauthbearer.jwks.endpoint.url = null
	sasl.oauthbearer.scope.claim.name = scope
	sasl.oauthbearer.sub.claim.name = sub
	sasl.oauthbearer.token.endpoint.url = null
	security.protocol = PLAINTEXT
	security.providers = null
	send.buffer.bytes = 131072
	socket.connection.setup.timeout.max.ms = 30000
	socket.connection.setup.timeout.ms = 10000
	ssl.cipher.suites = null
	ssl.enabled.protocols = [TLSv1.2, TLSv1.3]
	ssl.endpoint.identification.algorithm = https
	ssl.engine.factory.class = null
	ssl.key.password = null
	ssl.keymanager.algorithm = SunX509
	ssl.keystore.certificate.chain = null
	ssl.keystore.key = null
	ssl.keystore.location = null
	ssl.keystore.password = null
	ssl.keystore.type = JKS
	ssl.protocol = TLSv1.3
	ssl.provider = null
	ssl.secure.random.implementation = null
	ssl.trustmanager.algorithm = PKIX
	ssl.truststore.certificates = null
	ssl.truststore.location = null
	ssl.truststore.password = null
	ssl.truststore.type = JKS
	transaction.timeout.ms = 60000
	transactional.id = null
	value.serializer = class io.apicurio.registry.serde.protobuf.ProtobufKafkaSerializer

2025-08-06 18:54:39,395 INFO  [org.apa.kaf.com.tel.int.KafkaMetricsCollector] (main) initializing Kafka metrics collector
2025-08-06 18:54:39,400 INFO  [org.apa.kaf.cli.pro.KafkaProducer] (main) [Producer clientId=Producer-sfa386745xce5ex43a7x98b1x9f5ec09e843e] Instantiated an idempotent producer.
2025-08-06 18:54:39,402 INFO  [org.apa.kaf.cli.pro.ProducerConfig] (main) These configurations '[apicurio.registry.url, apicurio.registry.headers.enabled, apicurio.registry.artifact-resolver-strategy, apicurio.registry.artifact.version]' were supplied but are not used yet.
2025-08-06 18:54:39,402 INFO  [org.apa.kaf.com.uti.AppInfoParser] (main) Kafka version: 3.9.1
2025-08-06 18:54:39,402 INFO  [org.apa.kaf.com.uti.AppInfoParser] (main) Kafka commitId: f745dfdcee2b9851
2025-08-06 18:54:39,402 INFO  [org.apa.kaf.com.uti.AppInfoParser] (main) Kafka startTimeMs: 1754506479402
2025-08-06 18:54:39,402 INFO  [io.api.tes.ser.api.SimpleSerdesTesterBuilder$SimpleSerdesTester] (main) Using producer configuration: {apicurio.registry.url=http://registry-app-pg17.apps.ci419.apicurio-testing.org:80/apis/registry/v3, apicurio.registry.headers.enabled=true, apicurio.registry.artifact-resolver-strategy=io.apicurio.registry.serde.strategy.TopicIdStrategy, value.serializer=io.apicurio.registry.serde.protobuf.ProtobufKafkaSerializer, request.timeout.ms=5000, acks=all, bootstrap.servers=PLAINTEXT://localhost:32769, connections.max.idle.ms=10000, apicurio.registry.artifact.version=2, key.serializer=org.apache.kafka.common.serialization.StringSerializer, client.id=Producer-sfa386745xce5ex43a7x98b1x9f5ec09e843e}
2025-08-06 18:54:39,402 INFO  [io.api.tes.ser.api.SimpleSerdesTesterBuilder$SimpleSerdesTester] (main) Using consumer configuration: {apicurio.registry.headers.enabled=true}
2025-08-06 18:54:39,404 INFO  [io.api.tes.ser.api.KafkaSerdesTester] (Thread-784) Sending message msb: 1754506479404
lsb: 321
 to topic sfa386745xce5ex43a7x98b1x9f5ec09e843e
2025-08-06 18:54:39,406 INFO  [org.apa.kaf.cli.Metadata] (kafka-producer-network-thread | Producer-sfa386745xce5ex43a7x98b1x9f5ec09e843e) [Producer clientId=Producer-sfa386745xce5ex43a7x98b1x9f5ec09e843e] Cluster ID: igMICRUWSZmdRuxlP-JQ6A
2025-08-06 18:54:39,407 INFO  [org.apa.kaf.cli.pro.int.TransactionManager] (kafka-producer-network-thread | Producer-sfa386745xce5ex43a7x98b1x9f5ec09e843e) [Producer clientId=Producer-sfa386745xce5ex43a7x98b1x9f5ec09e843e] ProducerId set to 34 with epoch 0
2025-08-06 18:54:39,719 INFO  [io.api.tes.ser.api.KafkaSerdesTester] (Thread-784) Sending message msb: 1754506479719
lsb: 321
 to topic sfa386745xce5ex43a7x98b1x9f5ec09e843e
2025-08-06 18:54:39,724 INFO  [io.api.tes.ser.api.KafkaSerdesTester] (Thread-784) Sending message msb: 1754506479724
lsb: 321
 to topic sfa386745xce5ex43a7x98b1x9f5ec09e843e
2025-08-06 18:54:39,725 INFO  [io.api.tes.ser.api.KafkaSerdesTester] (Thread-784) Sending message msb: 1754506479725
lsb: 321
 to topic sfa386745xce5ex43a7x98b1x9f5ec09e843e
2025-08-06 18:54:39,727 INFO  [io.api.tes.ser.api.KafkaSerdesTester] (Thread-784) Sending message msb: 1754506479726
lsb: 321
 to topic sfa386745xce5ex43a7x98b1x9f5ec09e843e
2025-08-06 18:54:39,729 INFO  [io.api.tes.ser.api.KafkaSerdesTester] (Thread-784) Sending message msb: 1754506479729
lsb: 321
 to topic sfa386745xce5ex43a7x98b1x9f5ec09e843e
2025-08-06 18:54:39,735 INFO  [io.api.tes.ser.api.KafkaSerdesTester] (Thread-784) Sending message msb: 1754506479734
lsb: 321
 to topic sfa386745xce5ex43a7x98b1x9f5ec09e843e
2025-08-06 18:54:39,736 INFO  [io.api.tes.ser.api.KafkaSerdesTester] (Thread-784) Sending message msb: 1754506479736
lsb: 321
 to topic sfa386745xce5ex43a7x98b1x9f5ec09e843e
2025-08-06 18:54:39,739 INFO  [io.api.tes.ser.api.KafkaSerdesTester] (Thread-784) Sending message msb: 1754506479739
lsb: 321
 to topic sfa386745xce5ex43a7x98b1x9f5ec09e843e
2025-08-06 18:54:39,740 INFO  [io.api.tes.ser.api.KafkaSerdesTester] (Thread-784) Sending message msb: 1754506479740
lsb: 321
 to topic sfa386745xce5ex43a7x98b1x9f5ec09e843e
2025-08-06 18:54:39,742 INFO  [io.api.tes.ser.api.KafkaSerdesTester] (Thread-784) Produced 10 messages
2025-08-06 18:54:39,742 INFO  [org.apa.kaf.cli.pro.KafkaProducer] (Thread-784) [Producer clientId=Producer-sfa386745xce5ex43a7x98b1x9f5ec09e843e] Closing the Kafka producer with timeoutMillis = 9223372036854775807 ms.
2025-08-06 18:54:39,743 INFO  [org.apa.kaf.com.met.Metrics] (Thread-784) Metrics scheduler closed
2025-08-06 18:54:39,744 INFO  [org.apa.kaf.com.met.Metrics] (Thread-784) Closing reporter org.apache.kafka.common.metrics.JmxReporter
2025-08-06 18:54:39,744 INFO  [org.apa.kaf.com.met.Metrics] (Thread-784) Closing reporter org.apache.kafka.common.telemetry.internals.ClientTelemetryReporter
2025-08-06 18:54:39,744 INFO  [org.apa.kaf.com.met.Metrics] (Thread-784) Metrics reporters closed
2025-08-06 18:54:39,744 INFO  [org.apa.kaf.com.uti.AppInfoParser] (Thread-784) App info kafka.producer for Producer-sfa386745xce5ex43a7x98b1x9f5ec09e843e unregistered
**** Registry Base URL: http://registry-app-pg17.apps.ci419.apicurio-testing.org:80
2025-08-06 18:54:39,744 INFO  [org.apa.kaf.cli.con.ConsumerConfig] (main) ConsumerConfig values: 
	allow.auto.create.topics = true
	auto.commit.interval.ms = 500
	auto.include.jmx.reporter = true
	auto.offset.reset = earliest
	bootstrap.servers = [PLAINTEXT://localhost:32769]
	check.crcs = true
	client.dns.lookup = use_all_dns_ips
	client.id = consumer-Consumer-sfa386745xce5ex43a7x98b1x9f5ec09e843e-25
	client.rack = 
	connections.max.idle.ms = 10000
	default.api.timeout.ms = 60000
	enable.auto.commit = true
	enable.metrics.push = true
	exclude.internal.topics = true
	fetch.max.bytes = 52428800
	fetch.max.wait.ms = 500
	fetch.min.bytes = 1
	group.id = Consumer-sfa386745xce5ex43a7x98b1x9f5ec09e843e
	group.instance.id = null
	group.protocol = classic
	group.remote.assignor = null
	heartbeat.interval.ms = 3000
	interceptor.classes = []
	internal.leave.group.on.close = true
	internal.throw.on.fetch.stable.offset.unsupported = false
	isolation.level = read_uncommitted
	key.deserializer = class org.apache.kafka.common.serialization.StringDeserializer
	max.partition.fetch.bytes = 1048576
	max.poll.interval.ms = 300000
	max.poll.records = 500
	metadata.max.age.ms = 300000
	metadata.recovery.strategy = none
	metric.reporters = []
	metrics.num.samples = 2
	metrics.recording.level = INFO
	metrics.sample.window.ms = 30000
	partition.assignment.strategy = [class org.apache.kafka.clients.consumer.RangeAssignor, class org.apache.kafka.clients.consumer.CooperativeStickyAssignor]
	receive.buffer.bytes = 65536
	reconnect.backoff.max.ms = 1000
	reconnect.backoff.ms = 50
	request.timeout.ms = 5000
	retry.backoff.max.ms = 1000
	retry.backoff.ms = 100
	sasl.client.callback.handler.class = null
	sasl.jaas.config = null
	sasl.kerberos.kinit.cmd = /usr/bin/kinit
	sasl.kerberos.min.time.before.relogin = 60000
	sasl.kerberos.service.name = null
	sasl.kerberos.ticket.renew.jitter = 0.05
	sasl.kerberos.ticket.renew.window.factor = 0.8
	sasl.login.callback.handler.class = null
	sasl.login.class = null
	sasl.login.connect.timeout.ms = null
	sasl.login.read.timeout.ms = null
	sasl.login.refresh.buffer.seconds = 300
	sasl.login.refresh.min.period.seconds = 60
	sasl.login.refresh.window.factor = 0.8
	sasl.login.refresh.window.jitter = 0.05
	sasl.login.retry.backoff.max.ms = 10000
	sasl.login.retry.backoff.ms = 100
	sasl.mechanism = GSSAPI
	sasl.oauthbearer.clock.skew.seconds = 30
	sasl.oauthbearer.expected.audience = null
	sasl.oauthbearer.expected.issuer = null
	sasl.oauthbearer.header.urlencode = false
	sasl.oauthbearer.jwks.endpoint.refresh.ms = 3600000
	sasl.oauthbearer.jwks.endpoint.retry.backoff.max.ms = 10000
	sasl.oauthbearer.jwks.endpoint.retry.backoff.ms = 100
	sasl.oauthbearer.jwks.endpoint.url = null
	sasl.oauthbearer.scope.claim.name = scope
	sasl.oauthbearer.sub.claim.name = sub
	sasl.oauthbearer.token.endpoint.url = null
	security.protocol = PLAINTEXT
	security.providers = null
	send.buffer.bytes = 131072
	session.timeout.ms = 45000
	socket.connection.setup.timeout.max.ms = 30000
	socket.connection.setup.timeout.ms = 10000
	ssl.cipher.suites = null
	ssl.enabled.protocols = [TLSv1.2, TLSv1.3]
	ssl.endpoint.identification.algorithm = https
	ssl.engine.factory.class = null
	ssl.key.password = null
	ssl.keymanager.algorithm = SunX509
	ssl.keystore.certificate.chain = null
	ssl.keystore.key = null
	ssl.keystore.location = null
	ssl.keystore.password = null
	ssl.keystore.type = JKS
	ssl.protocol = TLSv1.3
	ssl.provider = null
	ssl.secure.random.implementation = null
	ssl.trustmanager.algorithm = PKIX
	ssl.truststore.certificates = null
	ssl.truststore.location = null
	ssl.truststore.password = null
	ssl.truststore.type = JKS
	value.deserializer = class io.apicurio.registry.serde.protobuf.ProtobufKafkaDeserializer

2025-08-06 18:54:39,745 INFO  [org.apa.kaf.com.tel.int.KafkaMetricsCollector] (main) initializing Kafka metrics collector
2025-08-06 18:54:39,758 INFO  [org.apa.kaf.cli.con.ConsumerConfig] (main) These configurations '[apicurio.registry.url, apicurio.registry.headers.enabled]' were supplied but are not used yet.
2025-08-06 18:54:39,758 INFO  [org.apa.kaf.com.uti.AppInfoParser] (main) Kafka version: 3.9.1
2025-08-06 18:54:39,758 INFO  [org.apa.kaf.com.uti.AppInfoParser] (main) Kafka commitId: f745dfdcee2b9851
2025-08-06 18:54:39,758 INFO  [org.apa.kaf.com.uti.AppInfoParser] (main) Kafka startTimeMs: 1754506479758
2025-08-06 18:54:39,758 INFO  [org.apa.kaf.cli.con.int.ClassicKafkaConsumer] (Thread-787) [Consumer clientId=consumer-Consumer-sfa386745xce5ex43a7x98b1x9f5ec09e843e-25, groupId=Consumer-sfa386745xce5ex43a7x98b1x9f5ec09e843e] Subscribed to topic(s): sfa386745xce5ex43a7x98b1x9f5ec09e843e
2025-08-06 18:54:39,767 INFO  [org.apa.kaf.cli.Metadata] (Thread-787) [Consumer clientId=consumer-Consumer-sfa386745xce5ex43a7x98b1x9f5ec09e843e-25, groupId=Consumer-sfa386745xce5ex43a7x98b1x9f5ec09e843e] Cluster ID: igMICRUWSZmdRuxlP-JQ6A
2025-08-06 18:54:39,767 INFO  [org.apa.kaf.cli.con.int.ConsumerCoordinator] (Thread-787) [Consumer clientId=consumer-Consumer-sfa386745xce5ex43a7x98b1x9f5ec09e843e-25, groupId=Consumer-sfa386745xce5ex43a7x98b1x9f5ec09e843e] Discovered group coordinator localhost:32769 (id: 2147483647 rack: null)
2025-08-06 18:54:39,770 INFO  [org.apa.kaf.cli.con.int.ConsumerCoordinator] (Thread-787) [Consumer clientId=consumer-Consumer-sfa386745xce5ex43a7x98b1x9f5ec09e843e-25, groupId=Consumer-sfa386745xce5ex43a7x98b1x9f5ec09e843e] (Re-)joining group
2025-08-06 18:54:39,771 INFO  [org.apa.kaf.cli.con.int.ConsumerCoordinator] (Thread-787) [Consumer clientId=consumer-Consumer-sfa386745xce5ex43a7x98b1x9f5ec09e843e-25, groupId=Consumer-sfa386745xce5ex43a7x98b1x9f5ec09e843e] Request joining group due to: need to re-join with the given member-id: consumer-Consumer-sfa386745xce5ex43a7x98b1x9f5ec09e843e-25-9e88553a-7a3d-45fc-a7e3-7b72341c4bd3
2025-08-06 18:54:39,772 INFO  [org.apa.kaf.cli.con.int.ConsumerCoordinator] (Thread-787) [Consumer clientId=consumer-Consumer-sfa386745xce5ex43a7x98b1x9f5ec09e843e-25, groupId=Consumer-sfa386745xce5ex43a7x98b1x9f5ec09e843e] (Re-)joining group
2025-08-06 18:54:40,758 INFO  [io.api.tes.ser.api.KafkaSerdesTester] (Thread-787) None found
2025-08-06 18:54:41,759 INFO  [io.api.tes.ser.api.KafkaSerdesTester] (Thread-787) None found
2025-08-06 18:54:42,759 INFO  [io.api.tes.ser.api.KafkaSerdesTester] (Thread-787) None found
2025-08-06 18:54:42,772 INFO  [org.apa.kaf.cli.con.int.ConsumerCoordinator] (Thread-787) [Consumer clientId=consumer-Consumer-sfa386745xce5ex43a7x98b1x9f5ec09e843e-25, groupId=Consumer-sfa386745xce5ex43a7x98b1x9f5ec09e843e] Successfully joined group with generation Generation{generationId=9, memberId='consumer-Consumer-sfa386745xce5ex43a7x98b1x9f5ec09e843e-25-9e88553a-7a3d-45fc-a7e3-7b72341c4bd3', protocol='range'}
2025-08-06 18:54:42,773 INFO  [org.apa.kaf.cli.con.int.ConsumerCoordinator] (Thread-787) [Consumer clientId=consumer-Consumer-sfa386745xce5ex43a7x98b1x9f5ec09e843e-25, groupId=Consumer-sfa386745xce5ex43a7x98b1x9f5ec09e843e] Finished assignment for group at generation 9: {consumer-Consumer-sfa386745xce5ex43a7x98b1x9f5ec09e843e-25-9e88553a-7a3d-45fc-a7e3-7b72341c4bd3=Assignment(partitions=[sfa386745xce5ex43a7x98b1x9f5ec09e843e-0])}
2025-08-06 18:54:42,779 INFO  [org.apa.kaf.cli.con.int.ConsumerCoordinator] (Thread-787) [Consumer clientId=consumer-Consumer-sfa386745xce5ex43a7x98b1x9f5ec09e843e-25, groupId=Consumer-sfa386745xce5ex43a7x98b1x9f5ec09e843e] Successfully synced group in generation Generation{generationId=9, memberId='consumer-Consumer-sfa386745xce5ex43a7x98b1x9f5ec09e843e-25-9e88553a-7a3d-45fc-a7e3-7b72341c4bd3', protocol='range'}
2025-08-06 18:54:42,779 INFO  [org.apa.kaf.cli.con.int.ConsumerCoordinator] (Thread-787) [Consumer clientId=consumer-Consumer-sfa386745xce5ex43a7x98b1x9f5ec09e843e-25, groupId=Consumer-sfa386745xce5ex43a7x98b1x9f5ec09e843e] Notifying assignor about the new Assignment(partitions=[sfa386745xce5ex43a7x98b1x9f5ec09e843e-0])
2025-08-06 18:54:42,779 INFO  [org.apa.kaf.cli.con.int.ConsumerRebalanceListenerInvoker] (Thread-787) [Consumer clientId=consumer-Consumer-sfa386745xce5ex43a7x98b1x9f5ec09e843e-25, groupId=Consumer-sfa386745xce5ex43a7x98b1x9f5ec09e843e] Adding newly assigned partitions: sfa386745xce5ex43a7x98b1x9f5ec09e843e-0
2025-08-06 18:54:42,780 INFO  [org.apa.kaf.cli.con.int.ConsumerUtils] (Thread-787) Setting offset for partition sfa386745xce5ex43a7x98b1x9f5ec09e843e-0 to the committed offset FetchPosition{offset=40, offsetEpoch=Optional[0], currentLeader=LeaderAndEpoch{leader=Optional[localhost:32769 (id: 0 rack: null)], epoch=0}}
2025-08-06 18:54:43,015 INFO  [io.api.tes.ser.api.KafkaSerdesTester] (Thread-787) sfa386745xce5ex43a7x98b1x9f5ec09e843e 0 40 msb: 1754506479404
lsb: 321

2025-08-06 18:54:43,015 INFO  [io.api.tes.ser.api.KafkaSerdesTester] (Thread-787) sfa386745xce5ex43a7x98b1x9f5ec09e843e 0 41 msb: 1754506479719
lsb: 321

2025-08-06 18:54:43,015 INFO  [io.api.tes.ser.api.KafkaSerdesTester] (Thread-787) sfa386745xce5ex43a7x98b1x9f5ec09e843e 0 42 msb: 1754506479724
lsb: 321

2025-08-06 18:54:43,015 INFO  [io.api.tes.ser.api.KafkaSerdesTester] (Thread-787) sfa386745xce5ex43a7x98b1x9f5ec09e843e 0 43 msb: 1754506479725
lsb: 321

2025-08-06 18:54:43,015 INFO  [io.api.tes.ser.api.KafkaSerdesTester] (Thread-787) sfa386745xce5ex43a7x98b1x9f5ec09e843e 0 44 msb: 1754506479726
lsb: 321

2025-08-06 18:54:43,015 INFO  [io.api.tes.ser.api.KafkaSerdesTester] (Thread-787) sfa386745xce5ex43a7x98b1x9f5ec09e843e 0 45 msb: 1754506479729
lsb: 321

2025-08-06 18:54:43,015 INFO  [io.api.tes.ser.api.KafkaSerdesTester] (Thread-787) sfa386745xce5ex43a7x98b1x9f5ec09e843e 0 46 msb: 1754506479734
lsb: 321

2025-08-06 18:54:43,015 INFO  [io.api.tes.ser.api.KafkaSerdesTester] (Thread-787) sfa386745xce5ex43a7x98b1x9f5ec09e843e 0 47 msb: 1754506479736
lsb: 321

2025-08-06 18:54:43,015 INFO  [io.api.tes.ser.api.KafkaSerdesTester] (Thread-787) sfa386745xce5ex43a7x98b1x9f5ec09e843e 0 48 msb: 1754506479739
lsb: 321

2025-08-06 18:54:43,015 INFO  [io.api.tes.ser.api.KafkaSerdesTester] (Thread-787) sfa386745xce5ex43a7x98b1x9f5ec09e843e 0 49 msb: 1754506479740
lsb: 321

2025-08-06 18:54:43,015 INFO  [io.api.tes.ser.api.KafkaSerdesTester] (Thread-787) Consumed 10 messages
2025-08-06 18:54:43,023 INFO  [org.apa.kaf.cli.con.int.ConsumerRebalanceListenerInvoker] (Thread-787) [Consumer clientId=consumer-Consumer-sfa386745xce5ex43a7x98b1x9f5ec09e843e-25, groupId=Consumer-sfa386745xce5ex43a7x98b1x9f5ec09e843e] Revoke previously assigned partitions sfa386745xce5ex43a7x98b1x9f5ec09e843e-0
2025-08-06 18:54:43,023 INFO  [org.apa.kaf.cli.con.int.ConsumerCoordinator] (Thread-787) [Consumer clientId=consumer-Consumer-sfa386745xce5ex43a7x98b1x9f5ec09e843e-25, groupId=Consumer-sfa386745xce5ex43a7x98b1x9f5ec09e843e] Member consumer-Consumer-sfa386745xce5ex43a7x98b1x9f5ec09e843e-25-9e88553a-7a3d-45fc-a7e3-7b72341c4bd3 sending LeaveGroup request to coordinator localhost:32769 (id: 2147483647 rack: null) due to the consumer is being closed
2025-08-06 18:54:43,023 INFO  [org.apa.kaf.cli.con.int.ConsumerCoordinator] (Thread-787) [Consumer clientId=consumer-Consumer-sfa386745xce5ex43a7x98b1x9f5ec09e843e-25, groupId=Consumer-sfa386745xce5ex43a7x98b1x9f5ec09e843e] Resetting generation and member id due to: consumer pro-actively leaving the group
2025-08-06 18:54:43,023 INFO  [org.apa.kaf.cli.con.int.ConsumerCoordinator] (Thread-787) [Consumer clientId=consumer-Consumer-sfa386745xce5ex43a7x98b1x9f5ec09e843e-25, groupId=Consumer-sfa386745xce5ex43a7x98b1x9f5ec09e843e] Request joining group due to: consumer pro-actively leaving the group
2025-08-06 18:54:43,518 INFO  [org.apa.kaf.com.met.Metrics] (Thread-787) Metrics scheduler closed
2025-08-06 18:54:43,518 INFO  [org.apa.kaf.com.met.Metrics] (Thread-787) Closing reporter org.apache.kafka.common.metrics.JmxReporter
2025-08-06 18:54:43,519 INFO  [org.apa.kaf.com.met.Metrics] (Thread-787) Closing reporter org.apache.kafka.common.telemetry.internals.ClientTelemetryReporter
2025-08-06 18:54:43,519 INFO  [org.apa.kaf.com.met.Metrics] (Thread-787) Metrics reporters closed
2025-08-06 18:54:43,520 INFO  [org.apa.kaf.com.uti.AppInfoParser] (Thread-787) App info kafka.consumer for consumer-Consumer-sfa386745xce5ex43a7x98b1x9f5ec09e843e-25 unregistered
2025-08-06 18:54:43,520 INFO  [io.api.tes.uti.TestSeparator] (main) io.apicurio.tests.serdes.apicurio.ProtobufSerdeIT.testValidation-FINISHED
2025-08-06 18:54:43,520 INFO  [io.api.tes.uti.TestSeparator] (main) ############################################################################
Test passed: testValidation
]]></system-out>
  </testcase>
  <testcase name="testArtifactNotFound" classname="io.apicurio.tests.serdes.apicurio.ProtobufSerdeIT" time="0.002">
    <system-out><![CDATA[2025-08-06 18:54:43,521 INFO  [io.api.tes.uti.TestSeparator] (main) ############################################################################
2025-08-06 18:54:43,521 INFO  [io.api.tes.uti.TestSeparator] (main) io.apicurio.tests.serdes.apicurio.ProtobufSerdeIT.testArtifactNotFound-STARTED
2025-08-06 18:54:43,522 INFO  [io.api.tes.uti.TestSeparator] (main) io.apicurio.tests.serdes.apicurio.ProtobufSerdeIT.testArtifactNotFound-FINISHED
2025-08-06 18:54:43,522 INFO  [io.api.tes.uti.TestSeparator] (main) ############################################################################
Test passed: testArtifactNotFound
]]></system-out>
  </testcase>
  <testcase name="testTopicIdStrategyFindLatest" classname="io.apicurio.tests.serdes.apicurio.ProtobufSerdeIT" time="1.258">
    <system-out><![CDATA[2025-08-06 18:54:43,523 INFO  [io.api.tes.uti.TestSeparator] (main) ############################################################################
2025-08-06 18:54:43,523 INFO  [io.api.tes.uti.TestSeparator] (main) io.apicurio.tests.serdes.apicurio.ProtobufSerdeIT.testTopicIdStrategyFindLatest-STARTED
2025-08-06 18:54:44,780 INFO  [io.api.tes.uti.TestSeparator] (main) io.apicurio.tests.serdes.apicurio.ProtobufSerdeIT.testTopicIdStrategyFindLatest-FINISHED
2025-08-06 18:54:44,780 INFO  [io.api.tes.uti.TestSeparator] (main) ############################################################################
Test passed: testTopicIdStrategyFindLatest
]]></system-out>
  </testcase>
  <testcase name="testWrongSchemaFindLatest" classname="io.apicurio.tests.serdes.apicurio.ProtobufSerdeIT" time="1.173">
    <system-out><![CDATA[2025-08-06 18:54:44,781 INFO  [io.api.tes.uti.TestSeparator] (main) ############################################################################
2025-08-06 18:54:44,781 INFO  [io.api.tes.uti.TestSeparator] (main) io.apicurio.tests.serdes.apicurio.ProtobufSerdeIT.testWrongSchemaFindLatest-STARTED
2025-08-06 18:54:45,954 INFO  [io.api.tes.uti.TestSeparator] (main) io.apicurio.tests.serdes.apicurio.ProtobufSerdeIT.testWrongSchemaFindLatest-FINISHED
2025-08-06 18:54:45,954 INFO  [io.api.tes.uti.TestSeparator] (main) ############################################################################
Test passed: testWrongSchemaFindLatest
]]></system-out>
  </testcase>
  <testcase name="testAutoRegisterDeriveClassProtobufType" classname="io.apicurio.tests.serdes.apicurio.ProtobufSerdeIT" time="5.398">
    <system-out><![CDATA[2025-08-06 18:54:45,955 INFO  [io.api.tes.uti.TestSeparator] (main) ############################################################################
2025-08-06 18:54:45,955 INFO  [io.api.tes.uti.TestSeparator] (main) io.apicurio.tests.serdes.apicurio.ProtobufSerdeIT.testAutoRegisterDeriveClassProtobufType-STARTED
**** Registry Base URL: http://registry-app-pg17.apps.ci419.apicurio-testing.org:80
2025-08-06 18:54:45,956 INFO  [org.apa.kaf.cli.pro.ProducerConfig] (main) ProducerConfig values: 
	acks = -1
	auto.include.jmx.reporter = true
	batch.size = 16384
	bootstrap.servers = [PLAINTEXT://localhost:32769]
	buffer.memory = 33554432
	client.dns.lookup = use_all_dns_ips
	client.id = Producer-topic-32048184_768a_4e7c_9ec3_496c9080960f
	compression.gzip.level = -1
	compression.lz4.level = 9
	compression.type = none
	compression.zstd.level = 3
	connections.max.idle.ms = 10000
	delivery.timeout.ms = 120000
	enable.idempotence = true
	enable.metrics.push = true
	interceptor.classes = []
	key.serializer = class org.apache.kafka.common.serialization.StringSerializer
	linger.ms = 0
	max.block.ms = 60000
	max.in.flight.requests.per.connection = 5
	max.request.size = 1048576
	metadata.max.age.ms = 300000
	metadata.max.idle.ms = 300000
	metadata.recovery.strategy = none
	metric.reporters = []
	metrics.num.samples = 2
	metrics.recording.level = INFO
	metrics.sample.window.ms = 30000
	partitioner.adaptive.partitioning.enable = true
	partitioner.availability.timeout.ms = 0
	partitioner.class = null
	partitioner.ignore.keys = false
	receive.buffer.bytes = 32768
	reconnect.backoff.max.ms = 1000
	reconnect.backoff.ms = 50
	request.timeout.ms = 5000
	retries = 2147483647
	retry.backoff.max.ms = 1000
	retry.backoff.ms = 100
	sasl.client.callback.handler.class = null
	sasl.jaas.config = null
	sasl.kerberos.kinit.cmd = /usr/bin/kinit
	sasl.kerberos.min.time.before.relogin = 60000
	sasl.kerberos.service.name = null
	sasl.kerberos.ticket.renew.jitter = 0.05
	sasl.kerberos.ticket.renew.window.factor = 0.8
	sasl.login.callback.handler.class = null
	sasl.login.class = null
	sasl.login.connect.timeout.ms = null
	sasl.login.read.timeout.ms = null
	sasl.login.refresh.buffer.seconds = 300
	sasl.login.refresh.min.period.seconds = 60
	sasl.login.refresh.window.factor = 0.8
	sasl.login.refresh.window.jitter = 0.05
	sasl.login.retry.backoff.max.ms = 10000
	sasl.login.retry.backoff.ms = 100
	sasl.mechanism = GSSAPI
	sasl.oauthbearer.clock.skew.seconds = 30
	sasl.oauthbearer.expected.audience = null
	sasl.oauthbearer.expected.issuer = null
	sasl.oauthbearer.header.urlencode = false
	sasl.oauthbearer.jwks.endpoint.refresh.ms = 3600000
	sasl.oauthbearer.jwks.endpoint.retry.backoff.max.ms = 10000
	sasl.oauthbearer.jwks.endpoint.retry.backoff.ms = 100
	sasl.oauthbearer.jwks.endpoint.url = null
	sasl.oauthbearer.scope.claim.name = scope
	sasl.oauthbearer.sub.claim.name = sub
	sasl.oauthbearer.token.endpoint.url = null
	security.protocol = PLAINTEXT
	security.providers = null
	send.buffer.bytes = 131072
	socket.connection.setup.timeout.max.ms = 30000
	socket.connection.setup.timeout.ms = 10000
	ssl.cipher.suites = null
	ssl.enabled.protocols = [TLSv1.2, TLSv1.3]
	ssl.endpoint.identification.algorithm = https
	ssl.engine.factory.class = null
	ssl.key.password = null
	ssl.keymanager.algorithm = SunX509
	ssl.keystore.certificate.chain = null
	ssl.keystore.key = null
	ssl.keystore.location = null
	ssl.keystore.password = null
	ssl.keystore.type = JKS
	ssl.protocol = TLSv1.3
	ssl.provider = null
	ssl.secure.random.implementation = null
	ssl.trustmanager.algorithm = PKIX
	ssl.truststore.certificates = null
	ssl.truststore.location = null
	ssl.truststore.password = null
	ssl.truststore.type = JKS
	transaction.timeout.ms = 60000
	transactional.id = null
	value.serializer = class io.apicurio.registry.serde.protobuf.ProtobufKafkaSerializer

2025-08-06 18:54:45,957 INFO  [org.apa.kaf.com.tel.int.KafkaMetricsCollector] (main) initializing Kafka metrics collector
2025-08-06 18:54:45,961 INFO  [org.apa.kaf.cli.pro.KafkaProducer] (main) [Producer clientId=Producer-topic-32048184_768a_4e7c_9ec3_496c9080960f] Instantiated an idempotent producer.
2025-08-06 18:54:45,962 INFO  [org.apa.kaf.cli.pro.ProducerConfig] (main) These configurations '[apicurio.registry.url, apicurio.registry.auto-register, apicurio.registry.artifact-resolver-strategy]' were supplied but are not used yet.
2025-08-06 18:54:45,963 INFO  [org.apa.kaf.com.uti.AppInfoParser] (main) Kafka version: 3.9.1
2025-08-06 18:54:45,963 INFO  [org.apa.kaf.com.uti.AppInfoParser] (main) Kafka commitId: f745dfdcee2b9851
2025-08-06 18:54:45,963 INFO  [org.apa.kaf.com.uti.AppInfoParser] (main) Kafka startTimeMs: 1754506485963
2025-08-06 18:54:45,963 INFO  [io.api.tes.ser.api.SimpleSerdesTesterBuilder$SimpleSerdesTester] (main) Using producer configuration: {apicurio.registry.url=http://registry-app-pg17.apps.ci419.apicurio-testing.org:80/apis/registry/v3, apicurio.registry.auto-register=true, apicurio.registry.artifact-resolver-strategy=io.apicurio.registry.serde.strategy.TopicIdStrategy, value.serializer=io.apicurio.registry.serde.protobuf.ProtobufKafkaSerializer, request.timeout.ms=5000, acks=all, bootstrap.servers=PLAINTEXT://localhost:32769, connections.max.idle.ms=10000, key.serializer=org.apache.kafka.common.serialization.StringSerializer, client.id=Producer-topic-32048184_768a_4e7c_9ec3_496c9080960f}
2025-08-06 18:54:45,963 INFO  [io.api.tes.ser.api.SimpleSerdesTesterBuilder$SimpleSerdesTester] (main) Using consumer configuration: {apicurio.protobuf.derive.class=true}
2025-08-06 18:54:45,964 INFO  [io.api.tes.ser.api.KafkaSerdesTester] (Thread-790) Sending message header {
  time {
  }
}
d1: 1.754506485964E12
s1: "a"
i1: 123
bi1: 1
point {
  longitude: 22.0
  latitude: 22.0
  altitude: 1.0
}
 to topic topic-32048184_768a_4e7c_9ec3_496c9080960f
2025-08-06 18:54:45,967 WARN  [org.apa.kaf.cli.NetworkClient] (kafka-producer-network-thread | Producer-topic-32048184_768a_4e7c_9ec3_496c9080960f) [Producer clientId=Producer-topic-32048184_768a_4e7c_9ec3_496c9080960f] The metadata response from the cluster reported a recoverable issue with correlation id 1 : {topic-32048184_768a_4e7c_9ec3_496c9080960f=UNKNOWN_TOPIC_OR_PARTITION}
2025-08-06 18:54:45,967 INFO  [org.apa.kaf.cli.Metadata] (kafka-producer-network-thread | Producer-topic-32048184_768a_4e7c_9ec3_496c9080960f) [Producer clientId=Producer-topic-32048184_768a_4e7c_9ec3_496c9080960f] Cluster ID: igMICRUWSZmdRuxlP-JQ6A
2025-08-06 18:54:45,968 INFO  [org.apa.kaf.cli.pro.int.TransactionManager] (kafka-producer-network-thread | Producer-topic-32048184_768a_4e7c_9ec3_496c9080960f) [Producer clientId=Producer-topic-32048184_768a_4e7c_9ec3_496c9080960f] ProducerId set to 35 with epoch 0
2025-08-06 18:54:46,338 INFO  [io.api.tes.ser.api.KafkaSerdesTester] (Thread-790) Sending message header {
  time {
  }
}
d1: 1.754506486338E12
s1: "a"
i1: 123
bi1: 1
point {
  longitude: 22.0
  latitude: 22.0
  altitude: 1.0
}
 to topic topic-32048184_768a_4e7c_9ec3_496c9080960f
2025-08-06 18:54:46,436 INFO  [io.api.tes.ser.api.KafkaSerdesTester] (Thread-790) Sending message header {
  time {
  }
}
d1: 1.754506486436E12
s1: "a"
i1: 123
bi1: 1
point {
  longitude: 22.0
  latitude: 22.0
  altitude: 1.0
}
 to topic topic-32048184_768a_4e7c_9ec3_496c9080960f
2025-08-06 18:54:46,530 INFO  [io.api.tes.ser.api.KafkaSerdesTester] (Thread-790) Sending message header {
  time {
  }
}
d1: 1.75450648653E12
s1: "a"
i1: 123
bi1: 1
point {
  longitude: 22.0
  latitude: 22.0
  altitude: 1.0
}
 to topic topic-32048184_768a_4e7c_9ec3_496c9080960f
2025-08-06 18:54:46,624 INFO  [io.api.tes.ser.api.KafkaSerdesTester] (Thread-790) Sending message header {
  time {
  }
}
d1: 1.754506486624E12
s1: "a"
i1: 123
bi1: 1
point {
  longitude: 22.0
  latitude: 22.0
  altitude: 1.0
}
 to topic topic-32048184_768a_4e7c_9ec3_496c9080960f
2025-08-06 18:54:46,718 INFO  [io.api.tes.ser.api.KafkaSerdesTester] (Thread-790) Sending message header {
  time {
  }
}
d1: 1.754506486718E12
s1: "a"
i1: 123
bi1: 1
point {
  longitude: 22.0
  latitude: 22.0
  altitude: 1.0
}
 to topic topic-32048184_768a_4e7c_9ec3_496c9080960f
2025-08-06 18:54:46,811 INFO  [io.api.tes.ser.api.KafkaSerdesTester] (Thread-790) Sending message header {
  time {
  }
}
d1: 1.754506486811E12
s1: "a"
i1: 123
bi1: 1
point {
  longitude: 22.0
  latitude: 22.0
  altitude: 1.0
}
 to topic topic-32048184_768a_4e7c_9ec3_496c9080960f
2025-08-06 18:54:46,904 INFO  [io.api.tes.ser.api.KafkaSerdesTester] (Thread-790) Sending message header {
  time {
  }
}
d1: 1.754506486904E12
s1: "a"
i1: 123
bi1: 1
point {
  longitude: 22.0
  latitude: 22.0
  altitude: 1.0
}
 to topic topic-32048184_768a_4e7c_9ec3_496c9080960f
2025-08-06 18:54:46,997 INFO  [io.api.tes.ser.api.KafkaSerdesTester] (Thread-790) Sending message header {
  time {
  }
}
d1: 1.754506486997E12
s1: "a"
i1: 123
bi1: 1
point {
  longitude: 22.0
  latitude: 22.0
  altitude: 1.0
}
 to topic topic-32048184_768a_4e7c_9ec3_496c9080960f
2025-08-06 18:54:47,094 INFO  [io.api.tes.ser.api.KafkaSerdesTester] (Thread-790) Sending message header {
  time {
  }
}
d1: 1.754506487093E12
s1: "a"
i1: 123
bi1: 1
point {
  longitude: 22.0
  latitude: 22.0
  altitude: 1.0
}
 to topic topic-32048184_768a_4e7c_9ec3_496c9080960f
2025-08-06 18:54:47,188 INFO  [io.api.tes.ser.api.KafkaSerdesTester] (Thread-790) Produced 10 messages
2025-08-06 18:54:47,188 INFO  [org.apa.kaf.cli.pro.KafkaProducer] (Thread-790) [Producer clientId=Producer-topic-32048184_768a_4e7c_9ec3_496c9080960f] Closing the Kafka producer with timeoutMillis = 9223372036854775807 ms.
2025-08-06 18:54:47,191 INFO  [org.apa.kaf.com.met.Metrics] (Thread-790) Metrics scheduler closed
2025-08-06 18:54:47,192 INFO  [org.apa.kaf.com.met.Metrics] (Thread-790) Closing reporter org.apache.kafka.common.metrics.JmxReporter
2025-08-06 18:54:47,192 INFO  [org.apa.kaf.com.met.Metrics] (Thread-790) Closing reporter org.apache.kafka.common.telemetry.internals.ClientTelemetryReporter
2025-08-06 18:54:47,192 INFO  [org.apa.kaf.com.met.Metrics] (Thread-790) Metrics reporters closed
2025-08-06 18:54:47,192 INFO  [org.apa.kaf.com.uti.AppInfoParser] (Thread-790) App info kafka.producer for Producer-topic-32048184_768a_4e7c_9ec3_496c9080960f unregistered
**** Registry Base URL: http://registry-app-pg17.apps.ci419.apicurio-testing.org:80
2025-08-06 18:54:47,350 INFO  [org.apa.kaf.cli.con.ConsumerConfig] (main) ConsumerConfig values: 
	allow.auto.create.topics = true
	auto.commit.interval.ms = 500
	auto.include.jmx.reporter = true
	auto.offset.reset = earliest
	bootstrap.servers = [PLAINTEXT://localhost:32769]
	check.crcs = true
	client.dns.lookup = use_all_dns_ips
	client.id = consumer-Consumer-topic-32048184_768a_4e7c_9ec3_496c9080960f-26
	client.rack = 
	connections.max.idle.ms = 10000
	default.api.timeout.ms = 60000
	enable.auto.commit = true
	enable.metrics.push = true
	exclude.internal.topics = true
	fetch.max.bytes = 52428800
	fetch.max.wait.ms = 500
	fetch.min.bytes = 1
	group.id = Consumer-topic-32048184_768a_4e7c_9ec3_496c9080960f
	group.instance.id = null
	group.protocol = classic
	group.remote.assignor = null
	heartbeat.interval.ms = 3000
	interceptor.classes = []
	internal.leave.group.on.close = true
	internal.throw.on.fetch.stable.offset.unsupported = false
	isolation.level = read_uncommitted
	key.deserializer = class org.apache.kafka.common.serialization.StringDeserializer
	max.partition.fetch.bytes = 1048576
	max.poll.interval.ms = 300000
	max.poll.records = 500
	metadata.max.age.ms = 300000
	metadata.recovery.strategy = none
	metric.reporters = []
	metrics.num.samples = 2
	metrics.recording.level = INFO
	metrics.sample.window.ms = 30000
	partition.assignment.strategy = [class org.apache.kafka.clients.consumer.RangeAssignor, class org.apache.kafka.clients.consumer.CooperativeStickyAssignor]
	receive.buffer.bytes = 65536
	reconnect.backoff.max.ms = 1000
	reconnect.backoff.ms = 50
	request.timeout.ms = 5000
	retry.backoff.max.ms = 1000
	retry.backoff.ms = 100
	sasl.client.callback.handler.class = null
	sasl.jaas.config = null
	sasl.kerberos.kinit.cmd = /usr/bin/kinit
	sasl.kerberos.min.time.before.relogin = 60000
	sasl.kerberos.service.name = null
	sasl.kerberos.ticket.renew.jitter = 0.05
	sasl.kerberos.ticket.renew.window.factor = 0.8
	sasl.login.callback.handler.class = null
	sasl.login.class = null
	sasl.login.connect.timeout.ms = null
	sasl.login.read.timeout.ms = null
	sasl.login.refresh.buffer.seconds = 300
	sasl.login.refresh.min.period.seconds = 60
	sasl.login.refresh.window.factor = 0.8
	sasl.login.refresh.window.jitter = 0.05
	sasl.login.retry.backoff.max.ms = 10000
	sasl.login.retry.backoff.ms = 100
	sasl.mechanism = GSSAPI
	sasl.oauthbearer.clock.skew.seconds = 30
	sasl.oauthbearer.expected.audience = null
	sasl.oauthbearer.expected.issuer = null
	sasl.oauthbearer.header.urlencode = false
	sasl.oauthbearer.jwks.endpoint.refresh.ms = 3600000
	sasl.oauthbearer.jwks.endpoint.retry.backoff.max.ms = 10000
	sasl.oauthbearer.jwks.endpoint.retry.backoff.ms = 100
	sasl.oauthbearer.jwks.endpoint.url = null
	sasl.oauthbearer.scope.claim.name = scope
	sasl.oauthbearer.sub.claim.name = sub
	sasl.oauthbearer.token.endpoint.url = null
	security.protocol = PLAINTEXT
	security.providers = null
	send.buffer.bytes = 131072
	session.timeout.ms = 45000
	socket.connection.setup.timeout.max.ms = 30000
	socket.connection.setup.timeout.ms = 10000
	ssl.cipher.suites = null
	ssl.enabled.protocols = [TLSv1.2, TLSv1.3]
	ssl.endpoint.identification.algorithm = https
	ssl.engine.factory.class = null
	ssl.key.password = null
	ssl.keymanager.algorithm = SunX509
	ssl.keystore.certificate.chain = null
	ssl.keystore.key = null
	ssl.keystore.location = null
	ssl.keystore.password = null
	ssl.keystore.type = JKS
	ssl.protocol = TLSv1.3
	ssl.provider = null
	ssl.secure.random.implementation = null
	ssl.trustmanager.algorithm = PKIX
	ssl.truststore.certificates = null
	ssl.truststore.location = null
	ssl.truststore.password = null
	ssl.truststore.type = JKS
	value.deserializer = class io.apicurio.registry.serde.protobuf.ProtobufKafkaDeserializer

2025-08-06 18:54:47,351 INFO  [org.apa.kaf.com.tel.int.KafkaMetricsCollector] (main) initializing Kafka metrics collector
2025-08-06 18:54:47,355 INFO  [org.apa.kaf.cli.con.ConsumerConfig] (main) These configurations '[apicurio.registry.url, apicurio.protobuf.derive.class]' were supplied but are not used yet.
2025-08-06 18:54:47,355 INFO  [org.apa.kaf.com.uti.AppInfoParser] (main) Kafka version: 3.9.1
2025-08-06 18:54:47,355 INFO  [org.apa.kaf.com.uti.AppInfoParser] (main) Kafka commitId: f745dfdcee2b9851
2025-08-06 18:54:47,355 INFO  [org.apa.kaf.com.uti.AppInfoParser] (main) Kafka startTimeMs: 1754506487355
2025-08-06 18:54:47,355 INFO  [org.apa.kaf.cli.con.int.ClassicKafkaConsumer] (Thread-793) [Consumer clientId=consumer-Consumer-topic-32048184_768a_4e7c_9ec3_496c9080960f-26, groupId=Consumer-topic-32048184_768a_4e7c_9ec3_496c9080960f] Subscribed to topic(s): topic-32048184_768a_4e7c_9ec3_496c9080960f
2025-08-06 18:54:47,359 INFO  [org.apa.kaf.cli.Metadata] (Thread-793) [Consumer clientId=consumer-Consumer-topic-32048184_768a_4e7c_9ec3_496c9080960f-26, groupId=Consumer-topic-32048184_768a_4e7c_9ec3_496c9080960f] Cluster ID: igMICRUWSZmdRuxlP-JQ6A
2025-08-06 18:54:47,359 INFO  [org.apa.kaf.cli.con.int.ConsumerCoordinator] (Thread-793) [Consumer clientId=consumer-Consumer-topic-32048184_768a_4e7c_9ec3_496c9080960f-26, groupId=Consumer-topic-32048184_768a_4e7c_9ec3_496c9080960f] Discovered group coordinator localhost:32769 (id: 2147483647 rack: null)
2025-08-06 18:54:47,360 INFO  [org.apa.kaf.cli.con.int.ConsumerCoordinator] (Thread-793) [Consumer clientId=consumer-Consumer-topic-32048184_768a_4e7c_9ec3_496c9080960f-26, groupId=Consumer-topic-32048184_768a_4e7c_9ec3_496c9080960f] (Re-)joining group
2025-08-06 18:54:47,363 INFO  [org.apa.kaf.cli.con.int.ConsumerCoordinator] (Thread-793) [Consumer clientId=consumer-Consumer-topic-32048184_768a_4e7c_9ec3_496c9080960f-26, groupId=Consumer-topic-32048184_768a_4e7c_9ec3_496c9080960f] Request joining group due to: need to re-join with the given member-id: consumer-Consumer-topic-32048184_768a_4e7c_9ec3_496c9080960f-26-f8047077-1df0-43bc-949e-5cc539f9d5b6
2025-08-06 18:54:47,363 INFO  [org.apa.kaf.cli.con.int.ConsumerCoordinator] (Thread-793) [Consumer clientId=consumer-Consumer-topic-32048184_768a_4e7c_9ec3_496c9080960f-26, groupId=Consumer-topic-32048184_768a_4e7c_9ec3_496c9080960f] (Re-)joining group
2025-08-06 18:54:48,356 INFO  [io.api.tes.ser.api.KafkaSerdesTester] (Thread-793) None found
2025-08-06 18:54:49,356 INFO  [io.api.tes.ser.api.KafkaSerdesTester] (Thread-793) None found
2025-08-06 18:54:50,357 INFO  [io.api.tes.ser.api.KafkaSerdesTester] (Thread-793) None found
2025-08-06 18:54:50,364 INFO  [org.apa.kaf.cli.con.int.ConsumerCoordinator] (Thread-793) [Consumer clientId=consumer-Consumer-topic-32048184_768a_4e7c_9ec3_496c9080960f-26, groupId=Consumer-topic-32048184_768a_4e7c_9ec3_496c9080960f] Successfully joined group with generation Generation{generationId=1, memberId='consumer-Consumer-topic-32048184_768a_4e7c_9ec3_496c9080960f-26-f8047077-1df0-43bc-949e-5cc539f9d5b6', protocol='range'}
2025-08-06 18:54:50,365 INFO  [org.apa.kaf.cli.con.int.ConsumerCoordinator] (Thread-793) [Consumer clientId=consumer-Consumer-topic-32048184_768a_4e7c_9ec3_496c9080960f-26, groupId=Consumer-topic-32048184_768a_4e7c_9ec3_496c9080960f] Finished assignment for group at generation 1: {consumer-Consumer-topic-32048184_768a_4e7c_9ec3_496c9080960f-26-f8047077-1df0-43bc-949e-5cc539f9d5b6=Assignment(partitions=[topic-32048184_768a_4e7c_9ec3_496c9080960f-0])}
2025-08-06 18:54:50,371 INFO  [org.apa.kaf.cli.con.int.ConsumerCoordinator] (Thread-793) [Consumer clientId=consumer-Consumer-topic-32048184_768a_4e7c_9ec3_496c9080960f-26, groupId=Consumer-topic-32048184_768a_4e7c_9ec3_496c9080960f] Successfully synced group in generation Generation{generationId=1, memberId='consumer-Consumer-topic-32048184_768a_4e7c_9ec3_496c9080960f-26-f8047077-1df0-43bc-949e-5cc539f9d5b6', protocol='range'}
2025-08-06 18:54:50,372 INFO  [org.apa.kaf.cli.con.int.ConsumerCoordinator] (Thread-793) [Consumer clientId=consumer-Consumer-topic-32048184_768a_4e7c_9ec3_496c9080960f-26, groupId=Consumer-topic-32048184_768a_4e7c_9ec3_496c9080960f] Notifying assignor about the new Assignment(partitions=[topic-32048184_768a_4e7c_9ec3_496c9080960f-0])
2025-08-06 18:54:50,372 INFO  [org.apa.kaf.cli.con.int.ConsumerRebalanceListenerInvoker] (Thread-793) [Consumer clientId=consumer-Consumer-topic-32048184_768a_4e7c_9ec3_496c9080960f-26, groupId=Consumer-topic-32048184_768a_4e7c_9ec3_496c9080960f] Adding newly assigned partitions: topic-32048184_768a_4e7c_9ec3_496c9080960f-0
2025-08-06 18:54:50,372 INFO  [org.apa.kaf.cli.con.int.ConsumerCoordinator] (Thread-793) [Consumer clientId=consumer-Consumer-topic-32048184_768a_4e7c_9ec3_496c9080960f-26, groupId=Consumer-topic-32048184_768a_4e7c_9ec3_496c9080960f] Found no committed offset for partition topic-32048184_768a_4e7c_9ec3_496c9080960f-0
2025-08-06 18:54:50,376 INFO  [org.apa.kaf.cli.con.int.SubscriptionState] (Thread-793) [Consumer clientId=consumer-Consumer-topic-32048184_768a_4e7c_9ec3_496c9080960f-26, groupId=Consumer-topic-32048184_768a_4e7c_9ec3_496c9080960f] Resetting offset for partition topic-32048184_768a_4e7c_9ec3_496c9080960f-0 to position FetchPosition{offset=0, offsetEpoch=Optional.empty, currentLeader=LeaderAndEpoch{leader=Optional[localhost:32769 (id: 0 rack: null)], epoch=0}}.
2025-08-06 18:54:50,766 INFO  [io.api.tes.ser.api.KafkaSerdesTester] (Thread-793) topic-32048184_768a_4e7c_9ec3_496c9080960f 0 0 header {
  time {
  }
}
d1: 1.754506485964E12
s1: "a"
i1: 123
bi1: 1
point {
  longitude: 22.0
  latitude: 22.0
  altitude: 1.0
}

2025-08-06 18:54:50,766 INFO  [io.api.tes.ser.api.KafkaSerdesTester] (Thread-793) topic-32048184_768a_4e7c_9ec3_496c9080960f 0 1 header {
  time {
  }
}
d1: 1.754506486338E12
s1: "a"
i1: 123
bi1: 1
point {
  longitude: 22.0
  latitude: 22.0
  altitude: 1.0
}

2025-08-06 18:54:50,766 INFO  [io.api.tes.ser.api.KafkaSerdesTester] (Thread-793) topic-32048184_768a_4e7c_9ec3_496c9080960f 0 2 header {
  time {
  }
}
d1: 1.754506486436E12
s1: "a"
i1: 123
bi1: 1
point {
  longitude: 22.0
  latitude: 22.0
  altitude: 1.0
}

2025-08-06 18:54:50,766 INFO  [io.api.tes.ser.api.KafkaSerdesTester] (Thread-793) topic-32048184_768a_4e7c_9ec3_496c9080960f 0 3 header {
  time {
  }
}
d1: 1.75450648653E12
s1: "a"
i1: 123
bi1: 1
point {
  longitude: 22.0
  latitude: 22.0
  altitude: 1.0
}

2025-08-06 18:54:50,767 INFO  [io.api.tes.ser.api.KafkaSerdesTester] (Thread-793) topic-32048184_768a_4e7c_9ec3_496c9080960f 0 4 header {
  time {
  }
}
d1: 1.754506486624E12
s1: "a"
i1: 123
bi1: 1
point {
  longitude: 22.0
  latitude: 22.0
  altitude: 1.0
}

2025-08-06 18:54:50,768 INFO  [io.api.tes.ser.api.KafkaSerdesTester] (Thread-793) topic-32048184_768a_4e7c_9ec3_496c9080960f 0 5 header {
  time {
  }
}
d1: 1.754506486718E12
s1: "a"
i1: 123
bi1: 1
point {
  longitude: 22.0
  latitude: 22.0
  altitude: 1.0
}

2025-08-06 18:54:50,768 INFO  [io.api.tes.ser.api.KafkaSerdesTester] (Thread-793) topic-32048184_768a_4e7c_9ec3_496c9080960f 0 6 header {
  time {
  }
}
d1: 1.754506486811E12
s1: "a"
i1: 123
bi1: 1
point {
  longitude: 22.0
  latitude: 22.0
  altitude: 1.0
}

2025-08-06 18:54:50,768 INFO  [io.api.tes.ser.api.KafkaSerdesTester] (Thread-793) topic-32048184_768a_4e7c_9ec3_496c9080960f 0 7 header {
  time {
  }
}
d1: 1.754506486904E12
s1: "a"
i1: 123
bi1: 1
point {
  longitude: 22.0
  latitude: 22.0
  altitude: 1.0
}

2025-08-06 18:54:50,768 INFO  [io.api.tes.ser.api.KafkaSerdesTester] (Thread-793) topic-32048184_768a_4e7c_9ec3_496c9080960f 0 8 header {
  time {
  }
}
d1: 1.754506486997E12
s1: "a"
i1: 123
bi1: 1
point {
  longitude: 22.0
  latitude: 22.0
  altitude: 1.0
}

2025-08-06 18:54:50,769 INFO  [io.api.tes.ser.api.KafkaSerdesTester] (Thread-793) topic-32048184_768a_4e7c_9ec3_496c9080960f 0 9 header {
  time {
  }
}
d1: 1.754506487093E12
s1: "a"
i1: 123
bi1: 1
point {
  longitude: 22.0
  latitude: 22.0
  altitude: 1.0
}

2025-08-06 18:54:50,769 INFO  [io.api.tes.ser.api.KafkaSerdesTester] (Thread-793) Consumed 10 messages
2025-08-06 18:54:50,776 INFO  [org.apa.kaf.cli.con.int.ConsumerRebalanceListenerInvoker] (Thread-793) [Consumer clientId=consumer-Consumer-topic-32048184_768a_4e7c_9ec3_496c9080960f-26, groupId=Consumer-topic-32048184_768a_4e7c_9ec3_496c9080960f] Revoke previously assigned partitions topic-32048184_768a_4e7c_9ec3_496c9080960f-0
2025-08-06 18:54:50,776 INFO  [org.apa.kaf.cli.con.int.ConsumerCoordinator] (Thread-793) [Consumer clientId=consumer-Consumer-topic-32048184_768a_4e7c_9ec3_496c9080960f-26, groupId=Consumer-topic-32048184_768a_4e7c_9ec3_496c9080960f] Member consumer-Consumer-topic-32048184_768a_4e7c_9ec3_496c9080960f-26-f8047077-1df0-43bc-949e-5cc539f9d5b6 sending LeaveGroup request to coordinator localhost:32769 (id: 2147483647 rack: null) due to the consumer is being closed
2025-08-06 18:54:50,776 INFO  [org.apa.kaf.cli.con.int.ConsumerCoordinator] (Thread-793) [Consumer clientId=consumer-Consumer-topic-32048184_768a_4e7c_9ec3_496c9080960f-26, groupId=Consumer-topic-32048184_768a_4e7c_9ec3_496c9080960f] Resetting generation and member id due to: consumer pro-actively leaving the group
2025-08-06 18:54:50,776 INFO  [org.apa.kaf.cli.con.int.ConsumerCoordinator] (Thread-793) [Consumer clientId=consumer-Consumer-topic-32048184_768a_4e7c_9ec3_496c9080960f-26, groupId=Consumer-topic-32048184_768a_4e7c_9ec3_496c9080960f] Request joining group due to: consumer pro-actively leaving the group
2025-08-06 18:54:51,268 INFO  [org.apa.kaf.com.met.Metrics] (Thread-793) Metrics scheduler closed
2025-08-06 18:54:51,268 INFO  [org.apa.kaf.com.met.Metrics] (Thread-793) Closing reporter org.apache.kafka.common.metrics.JmxReporter
2025-08-06 18:54:51,268 INFO  [org.apa.kaf.com.met.Metrics] (Thread-793) Closing reporter org.apache.kafka.common.telemetry.internals.ClientTelemetryReporter
2025-08-06 18:54:51,268 INFO  [org.apa.kaf.com.met.Metrics] (Thread-793) Metrics reporters closed
2025-08-06 18:54:51,269 INFO  [org.apa.kaf.com.uti.AppInfoParser] (Thread-793) App info kafka.consumer for consumer-Consumer-topic-32048184_768a_4e7c_9ec3_496c9080960f-26 unregistered
2025-08-06 18:54:51,352 INFO  [io.api.tes.uti.TestSeparator] (main) io.apicurio.tests.serdes.apicurio.ProtobufSerdeIT.testAutoRegisterDeriveClassProtobufType-FINISHED
2025-08-06 18:54:51,353 INFO  [io.api.tes.uti.TestSeparator] (main) ############################################################################
Test passed: testAutoRegisterDeriveClassProtobufType
]]></system-out>
  </testcase>
  <testcase name="testConsumeReturnSpecificClass" classname="io.apicurio.tests.serdes.apicurio.ProtobufSerdeIT" time="1.172">
    <system-out><![CDATA[2025-08-06 18:54:51,354 INFO  [io.api.tes.uti.TestSeparator] (main) ############################################################################
2025-08-06 18:54:51,354 INFO  [io.api.tes.uti.TestSeparator] (main) io.apicurio.tests.serdes.apicurio.ProtobufSerdeIT.testConsumeReturnSpecificClass-STARTED
2025-08-06 18:54:52,525 INFO  [io.api.tes.uti.TestSeparator] (main) io.apicurio.tests.serdes.apicurio.ProtobufSerdeIT.testConsumeReturnSpecificClass-FINISHED
2025-08-06 18:54:52,525 INFO  [io.api.tes.uti.TestSeparator] (main) ############################################################################
Test passed: testConsumeReturnSpecificClass
]]></system-out>
  </testcase>
  <testcase name="testFindLatestSpecificProtobufType" classname="io.apicurio.tests.serdes.apicurio.ProtobufSerdeIT" time="1.179">
    <system-out><![CDATA[2025-08-06 18:54:52,526 INFO  [io.api.tes.uti.TestSeparator] (main) ############################################################################
2025-08-06 18:54:52,526 INFO  [io.api.tes.uti.TestSeparator] (main) io.apicurio.tests.serdes.apicurio.ProtobufSerdeIT.testFindLatestSpecificProtobufType-STARTED
2025-08-06 18:54:53,704 INFO  [io.api.tes.uti.TestSeparator] (main) io.apicurio.tests.serdes.apicurio.ProtobufSerdeIT.testFindLatestSpecificProtobufType-FINISHED
2025-08-06 18:54:53,704 INFO  [io.api.tes.uti.TestSeparator] (main) ############################################################################
Test passed: testFindLatestSpecificProtobufType
]]></system-out>
  </testcase>
  <testcase name="testFindLatestDynamicMessageProtobufType" classname="io.apicurio.tests.serdes.apicurio.ProtobufSerdeIT" time="5.388">
    <system-out><![CDATA[2025-08-06 18:54:53,706 INFO  [io.api.tes.uti.TestSeparator] (main) ############################################################################
2025-08-06 18:54:53,706 INFO  [io.api.tes.uti.TestSeparator] (main) io.apicurio.tests.serdes.apicurio.ProtobufSerdeIT.testFindLatestDynamicMessageProtobufType-STARTED
**** Registry Base URL: http://registry-app-pg17.apps.ci419.apicurio-testing.org:80
2025-08-06 18:54:54,879 INFO  [org.apa.kaf.cli.pro.ProducerConfig] (main) ProducerConfig values: 
	acks = -1
	auto.include.jmx.reporter = true
	batch.size = 16384
	bootstrap.servers = [PLAINTEXT://localhost:32769]
	buffer.memory = 33554432
	client.dns.lookup = use_all_dns_ips
	client.id = Producer-topic-37428d24_4534_43b1_8bf4_322856595230
	compression.gzip.level = -1
	compression.lz4.level = 9
	compression.type = none
	compression.zstd.level = 3
	connections.max.idle.ms = 10000
	delivery.timeout.ms = 120000
	enable.idempotence = true
	enable.metrics.push = true
	interceptor.classes = []
	key.serializer = class org.apache.kafka.common.serialization.StringSerializer
	linger.ms = 0
	max.block.ms = 60000
	max.in.flight.requests.per.connection = 5
	max.request.size = 1048576
	metadata.max.age.ms = 300000
	metadata.max.idle.ms = 300000
	metadata.recovery.strategy = none
	metric.reporters = []
	metrics.num.samples = 2
	metrics.recording.level = INFO
	metrics.sample.window.ms = 30000
	partitioner.adaptive.partitioning.enable = true
	partitioner.availability.timeout.ms = 0
	partitioner.class = null
	partitioner.ignore.keys = false
	receive.buffer.bytes = 32768
	reconnect.backoff.max.ms = 1000
	reconnect.backoff.ms = 50
	request.timeout.ms = 5000
	retries = 2147483647
	retry.backoff.max.ms = 1000
	retry.backoff.ms = 100
	sasl.client.callback.handler.class = null
	sasl.jaas.config = null
	sasl.kerberos.kinit.cmd = /usr/bin/kinit
	sasl.kerberos.min.time.before.relogin = 60000
	sasl.kerberos.service.name = null
	sasl.kerberos.ticket.renew.jitter = 0.05
	sasl.kerberos.ticket.renew.window.factor = 0.8
	sasl.login.callback.handler.class = null
	sasl.login.class = null
	sasl.login.connect.timeout.ms = null
	sasl.login.read.timeout.ms = null
	sasl.login.refresh.buffer.seconds = 300
	sasl.login.refresh.min.period.seconds = 60
	sasl.login.refresh.window.factor = 0.8
	sasl.login.refresh.window.jitter = 0.05
	sasl.login.retry.backoff.max.ms = 10000
	sasl.login.retry.backoff.ms = 100
	sasl.mechanism = GSSAPI
	sasl.oauthbearer.clock.skew.seconds = 30
	sasl.oauthbearer.expected.audience = null
	sasl.oauthbearer.expected.issuer = null
	sasl.oauthbearer.header.urlencode = false
	sasl.oauthbearer.jwks.endpoint.refresh.ms = 3600000
	sasl.oauthbearer.jwks.endpoint.retry.backoff.max.ms = 10000
	sasl.oauthbearer.jwks.endpoint.retry.backoff.ms = 100
	sasl.oauthbearer.jwks.endpoint.url = null
	sasl.oauthbearer.scope.claim.name = scope
	sasl.oauthbearer.sub.claim.name = sub
	sasl.oauthbearer.token.endpoint.url = null
	security.protocol = PLAINTEXT
	security.providers = null
	send.buffer.bytes = 131072
	socket.connection.setup.timeout.max.ms = 30000
	socket.connection.setup.timeout.ms = 10000
	ssl.cipher.suites = null
	ssl.enabled.protocols = [TLSv1.2, TLSv1.3]
	ssl.endpoint.identification.algorithm = https
	ssl.engine.factory.class = null
	ssl.key.password = null
	ssl.keymanager.algorithm = SunX509
	ssl.keystore.certificate.chain = null
	ssl.keystore.key = null
	ssl.keystore.location = null
	ssl.keystore.password = null
	ssl.keystore.type = JKS
	ssl.protocol = TLSv1.3
	ssl.provider = null
	ssl.secure.random.implementation = null
	ssl.trustmanager.algorithm = PKIX
	ssl.truststore.certificates = null
	ssl.truststore.location = null
	ssl.truststore.password = null
	ssl.truststore.type = JKS
	transaction.timeout.ms = 60000
	transactional.id = null
	value.serializer = class io.apicurio.registry.serde.protobuf.ProtobufKafkaSerializer

2025-08-06 18:54:54,879 INFO  [org.apa.kaf.com.tel.int.KafkaMetricsCollector] (main) initializing Kafka metrics collector
2025-08-06 18:54:54,881 INFO  [org.apa.kaf.cli.pro.KafkaProducer] (main) [Producer clientId=Producer-topic-37428d24_4534_43b1_8bf4_322856595230] Instantiated an idempotent producer.
2025-08-06 18:54:54,882 INFO  [org.apa.kaf.cli.pro.ProducerConfig] (main) These configurations '[apicurio.registry.find-latest, apicurio.registry.url, apicurio.registry.artifact-resolver-strategy]' were supplied but are not used yet.
2025-08-06 18:54:54,883 INFO  [org.apa.kaf.com.uti.AppInfoParser] (main) Kafka version: 3.9.1
2025-08-06 18:54:54,883 INFO  [org.apa.kaf.com.uti.AppInfoParser] (main) Kafka commitId: f745dfdcee2b9851
2025-08-06 18:54:54,883 INFO  [org.apa.kaf.com.uti.AppInfoParser] (main) Kafka startTimeMs: 1754506494883
2025-08-06 18:54:54,890 INFO  [io.api.tes.ser.api.SimpleSerdesTesterBuilder$SimpleSerdesTester] (main) Using producer configuration: {apicurio.registry.find-latest=true, apicurio.registry.url=http://registry-app-pg17.apps.ci419.apicurio-testing.org:80/apis/registry/v3, apicurio.registry.artifact-resolver-strategy=io.apicurio.registry.serde.strategy.SimpleTopicIdStrategy, value.serializer=io.apicurio.registry.serde.protobuf.ProtobufKafkaSerializer, request.timeout.ms=5000, acks=all, bootstrap.servers=PLAINTEXT://localhost:32769, connections.max.idle.ms=10000, key.serializer=org.apache.kafka.common.serialization.StringSerializer, client.id=Producer-topic-37428d24_4534_43b1_8bf4_322856595230}
2025-08-06 18:54:54,890 INFO  [io.api.tes.ser.api.SimpleSerdesTesterBuilder$SimpleSerdesTester] (main) Using consumer configuration: {apicurio.registry.deserializer.value.return-class=com.google.protobuf.DynamicMessage}
2025-08-06 18:54:54,891 INFO  [io.api.tes.ser.api.KafkaSerdesTester] (Thread-796) Sending message header {
  time {
  }
}
d1: 1.754506494891E12
s1: "a"
i1: 123
bi1: 1
point {
  longitude: 22.0
  latitude: 22.0
  altitude: 1.0
}
 to topic topic-37428d24_4534_43b1_8bf4_322856595230
2025-08-06 18:54:54,895 INFO  [org.apa.kaf.cli.Metadata] (kafka-producer-network-thread | Producer-topic-37428d24_4534_43b1_8bf4_322856595230) [Producer clientId=Producer-topic-37428d24_4534_43b1_8bf4_322856595230] Cluster ID: igMICRUWSZmdRuxlP-JQ6A
2025-08-06 18:54:54,895 INFO  [org.apa.kaf.cli.pro.int.TransactionManager] (kafka-producer-network-thread | Producer-topic-37428d24_4534_43b1_8bf4_322856595230) [Producer clientId=Producer-topic-37428d24_4534_43b1_8bf4_322856595230] ProducerId set to 36 with epoch 0
2025-08-06 18:54:55,252 INFO  [io.api.tes.ser.api.KafkaSerdesTester] (Thread-796) Sending message header {
  time {
  }
}
d1: 1.754506495251E12
s1: "a"
i1: 123
bi1: 1
point {
  longitude: 22.0
  latitude: 22.0
  altitude: 1.0
}
 to topic topic-37428d24_4534_43b1_8bf4_322856595230
2025-08-06 18:54:55,254 INFO  [io.api.tes.ser.api.KafkaSerdesTester] (Thread-796) Sending message header {
  time {
  }
}
d1: 1.754506495254E12
s1: "a"
i1: 123
bi1: 1
point {
  longitude: 22.0
  latitude: 22.0
  altitude: 1.0
}
 to topic topic-37428d24_4534_43b1_8bf4_322856595230
2025-08-06 18:54:55,256 INFO  [io.api.tes.ser.api.KafkaSerdesTester] (Thread-796) Sending message header {
  time {
  }
}
d1: 1.754506495255E12
s1: "a"
i1: 123
bi1: 1
point {
  longitude: 22.0
  latitude: 22.0
  altitude: 1.0
}
 to topic topic-37428d24_4534_43b1_8bf4_322856595230
2025-08-06 18:54:55,257 INFO  [io.api.tes.ser.api.KafkaSerdesTester] (Thread-796) Sending message header {
  time {
  }
}
d1: 1.754506495257E12
s1: "a"
i1: 123
bi1: 1
point {
  longitude: 22.0
  latitude: 22.0
  altitude: 1.0
}
 to topic topic-37428d24_4534_43b1_8bf4_322856595230
2025-08-06 18:54:55,258 INFO  [io.api.tes.ser.api.KafkaSerdesTester] (Thread-796) Sending message header {
  time {
  }
}
d1: 1.754506495258E12
s1: "a"
i1: 123
bi1: 1
point {
  longitude: 22.0
  latitude: 22.0
  altitude: 1.0
}
 to topic topic-37428d24_4534_43b1_8bf4_322856595230
2025-08-06 18:54:55,260 INFO  [io.api.tes.ser.api.KafkaSerdesTester] (Thread-796) Sending message header {
  time {
  }
}
d1: 1.75450649526E12
s1: "a"
i1: 123
bi1: 1
point {
  longitude: 22.0
  latitude: 22.0
  altitude: 1.0
}
 to topic topic-37428d24_4534_43b1_8bf4_322856595230
2025-08-06 18:54:55,263 INFO  [io.api.tes.ser.api.KafkaSerdesTester] (Thread-796) Sending message header {
  time {
  }
}
d1: 1.754506495263E12
s1: "a"
i1: 123
bi1: 1
point {
  longitude: 22.0
  latitude: 22.0
  altitude: 1.0
}
 to topic topic-37428d24_4534_43b1_8bf4_322856595230
2025-08-06 18:54:55,267 INFO  [io.api.tes.ser.api.KafkaSerdesTester] (Thread-796) Sending message header {
  time {
  }
}
d1: 1.754506495266E12
s1: "a"
i1: 123
bi1: 1
point {
  longitude: 22.0
  latitude: 22.0
  altitude: 1.0
}
 to topic topic-37428d24_4534_43b1_8bf4_322856595230
2025-08-06 18:54:55,268 INFO  [io.api.tes.ser.api.KafkaSerdesTester] (Thread-796) Sending message header {
  time {
  }
}
d1: 1.754506495268E12
s1: "a"
i1: 123
bi1: 1
point {
  longitude: 22.0
  latitude: 22.0
  altitude: 1.0
}
 to topic topic-37428d24_4534_43b1_8bf4_322856595230
2025-08-06 18:54:55,269 INFO  [io.api.tes.ser.api.KafkaSerdesTester] (Thread-796) Produced 10 messages
2025-08-06 18:54:55,269 INFO  [org.apa.kaf.cli.pro.KafkaProducer] (Thread-796) [Producer clientId=Producer-topic-37428d24_4534_43b1_8bf4_322856595230] Closing the Kafka producer with timeoutMillis = 9223372036854775807 ms.
2025-08-06 18:54:55,272 INFO  [org.apa.kaf.com.met.Metrics] (Thread-796) Metrics scheduler closed
2025-08-06 18:54:55,272 INFO  [org.apa.kaf.com.met.Metrics] (Thread-796) Closing reporter org.apache.kafka.common.metrics.JmxReporter
2025-08-06 18:54:55,272 INFO  [org.apa.kaf.com.met.Metrics] (Thread-796) Closing reporter org.apache.kafka.common.telemetry.internals.ClientTelemetryReporter
2025-08-06 18:54:55,272 INFO  [org.apa.kaf.com.met.Metrics] (Thread-796) Metrics reporters closed
2025-08-06 18:54:55,272 INFO  [org.apa.kaf.com.uti.AppInfoParser] (Thread-796) App info kafka.producer for Producer-topic-37428d24_4534_43b1_8bf4_322856595230 unregistered
**** Registry Base URL: http://registry-app-pg17.apps.ci419.apicurio-testing.org:80
2025-08-06 18:54:55,275 INFO  [org.apa.kaf.cli.con.ConsumerConfig] (main) ConsumerConfig values: 
	allow.auto.create.topics = true
	auto.commit.interval.ms = 500
	auto.include.jmx.reporter = true
	auto.offset.reset = earliest
	bootstrap.servers = [PLAINTEXT://localhost:32769]
	check.crcs = true
	client.dns.lookup = use_all_dns_ips
	client.id = consumer-Consumer-topic-37428d24_4534_43b1_8bf4_322856595230-27
	client.rack = 
	connections.max.idle.ms = 10000
	default.api.timeout.ms = 60000
	enable.auto.commit = true
	enable.metrics.push = true
	exclude.internal.topics = true
	fetch.max.bytes = 52428800
	fetch.max.wait.ms = 500
	fetch.min.bytes = 1
	group.id = Consumer-topic-37428d24_4534_43b1_8bf4_322856595230
	group.instance.id = null
	group.protocol = classic
	group.remote.assignor = null
	heartbeat.interval.ms = 3000
	interceptor.classes = []
	internal.leave.group.on.close = true
	internal.throw.on.fetch.stable.offset.unsupported = false
	isolation.level = read_uncommitted
	key.deserializer = class org.apache.kafka.common.serialization.StringDeserializer
	max.partition.fetch.bytes = 1048576
	max.poll.interval.ms = 300000
	max.poll.records = 500
	metadata.max.age.ms = 300000
	metadata.recovery.strategy = none
	metric.reporters = []
	metrics.num.samples = 2
	metrics.recording.level = INFO
	metrics.sample.window.ms = 30000
	partition.assignment.strategy = [class org.apache.kafka.clients.consumer.RangeAssignor, class org.apache.kafka.clients.consumer.CooperativeStickyAssignor]
	receive.buffer.bytes = 65536
	reconnect.backoff.max.ms = 1000
	reconnect.backoff.ms = 50
	request.timeout.ms = 5000
	retry.backoff.max.ms = 1000
	retry.backoff.ms = 100
	sasl.client.callback.handler.class = null
	sasl.jaas.config = null
	sasl.kerberos.kinit.cmd = /usr/bin/kinit
	sasl.kerberos.min.time.before.relogin = 60000
	sasl.kerberos.service.name = null
	sasl.kerberos.ticket.renew.jitter = 0.05
	sasl.kerberos.ticket.renew.window.factor = 0.8
	sasl.login.callback.handler.class = null
	sasl.login.class = null
	sasl.login.connect.timeout.ms = null
	sasl.login.read.timeout.ms = null
	sasl.login.refresh.buffer.seconds = 300
	sasl.login.refresh.min.period.seconds = 60
	sasl.login.refresh.window.factor = 0.8
	sasl.login.refresh.window.jitter = 0.05
	sasl.login.retry.backoff.max.ms = 10000
	sasl.login.retry.backoff.ms = 100
	sasl.mechanism = GSSAPI
	sasl.oauthbearer.clock.skew.seconds = 30
	sasl.oauthbearer.expected.audience = null
	sasl.oauthbearer.expected.issuer = null
	sasl.oauthbearer.header.urlencode = false
	sasl.oauthbearer.jwks.endpoint.refresh.ms = 3600000
	sasl.oauthbearer.jwks.endpoint.retry.backoff.max.ms = 10000
	sasl.oauthbearer.jwks.endpoint.retry.backoff.ms = 100
	sasl.oauthbearer.jwks.endpoint.url = null
	sasl.oauthbearer.scope.claim.name = scope
	sasl.oauthbearer.sub.claim.name = sub
	sasl.oauthbearer.token.endpoint.url = null
	security.protocol = PLAINTEXT
	security.providers = null
	send.buffer.bytes = 131072
	session.timeout.ms = 45000
	socket.connection.setup.timeout.max.ms = 30000
	socket.connection.setup.timeout.ms = 10000
	ssl.cipher.suites = null
	ssl.enabled.protocols = [TLSv1.2, TLSv1.3]
	ssl.endpoint.identification.algorithm = https
	ssl.engine.factory.class = null
	ssl.key.password = null
	ssl.keymanager.algorithm = SunX509
	ssl.keystore.certificate.chain = null
	ssl.keystore.key = null
	ssl.keystore.location = null
	ssl.keystore.password = null
	ssl.keystore.type = JKS
	ssl.protocol = TLSv1.3
	ssl.provider = null
	ssl.secure.random.implementation = null
	ssl.trustmanager.algorithm = PKIX
	ssl.truststore.certificates = null
	ssl.truststore.location = null
	ssl.truststore.password = null
	ssl.truststore.type = JKS
	value.deserializer = class io.apicurio.registry.serde.protobuf.ProtobufKafkaDeserializer

2025-08-06 18:54:55,275 INFO  [org.apa.kaf.com.tel.int.KafkaMetricsCollector] (main) initializing Kafka metrics collector
2025-08-06 18:54:55,283 INFO  [org.apa.kaf.cli.con.ConsumerConfig] (main) These configurations '[apicurio.registry.deserializer.value.return-class, apicurio.registry.url]' were supplied but are not used yet.
2025-08-06 18:54:55,283 INFO  [org.apa.kaf.com.uti.AppInfoParser] (main) Kafka version: 3.9.1
2025-08-06 18:54:55,283 INFO  [org.apa.kaf.com.uti.AppInfoParser] (main) Kafka commitId: f745dfdcee2b9851
2025-08-06 18:54:55,283 INFO  [org.apa.kaf.com.uti.AppInfoParser] (main) Kafka startTimeMs: 1754506495283
2025-08-06 18:54:55,284 INFO  [org.apa.kaf.cli.con.int.ClassicKafkaConsumer] (Thread-799) [Consumer clientId=consumer-Consumer-topic-37428d24_4534_43b1_8bf4_322856595230-27, groupId=Consumer-topic-37428d24_4534_43b1_8bf4_322856595230] Subscribed to topic(s): topic-37428d24_4534_43b1_8bf4_322856595230
2025-08-06 18:54:55,289 INFO  [org.apa.kaf.cli.Metadata] (Thread-799) [Consumer clientId=consumer-Consumer-topic-37428d24_4534_43b1_8bf4_322856595230-27, groupId=Consumer-topic-37428d24_4534_43b1_8bf4_322856595230] Cluster ID: igMICRUWSZmdRuxlP-JQ6A
2025-08-06 18:54:55,290 INFO  [org.apa.kaf.cli.con.int.ConsumerCoordinator] (Thread-799) [Consumer clientId=consumer-Consumer-topic-37428d24_4534_43b1_8bf4_322856595230-27, groupId=Consumer-topic-37428d24_4534_43b1_8bf4_322856595230] Discovered group coordinator localhost:32769 (id: 2147483647 rack: null)
2025-08-06 18:54:55,292 INFO  [org.apa.kaf.cli.con.int.ConsumerCoordinator] (Thread-799) [Consumer clientId=consumer-Consumer-topic-37428d24_4534_43b1_8bf4_322856595230-27, groupId=Consumer-topic-37428d24_4534_43b1_8bf4_322856595230] (Re-)joining group
2025-08-06 18:54:55,294 INFO  [org.apa.kaf.cli.con.int.ConsumerCoordinator] (Thread-799) [Consumer clientId=consumer-Consumer-topic-37428d24_4534_43b1_8bf4_322856595230-27, groupId=Consumer-topic-37428d24_4534_43b1_8bf4_322856595230] Request joining group due to: need to re-join with the given member-id: consumer-Consumer-topic-37428d24_4534_43b1_8bf4_322856595230-27-abd57157-68d6-4be4-8802-eb43d960cc26
2025-08-06 18:54:55,294 INFO  [org.apa.kaf.cli.con.int.ConsumerCoordinator] (Thread-799) [Consumer clientId=consumer-Consumer-topic-37428d24_4534_43b1_8bf4_322856595230-27, groupId=Consumer-topic-37428d24_4534_43b1_8bf4_322856595230] (Re-)joining group
2025-08-06 18:54:56,284 INFO  [io.api.tes.ser.api.KafkaSerdesTester] (Thread-799) None found
2025-08-06 18:54:57,284 INFO  [io.api.tes.ser.api.KafkaSerdesTester] (Thread-799) None found
2025-08-06 18:54:58,285 INFO  [io.api.tes.ser.api.KafkaSerdesTester] (Thread-799) None found
2025-08-06 18:54:58,296 INFO  [org.apa.kaf.cli.con.int.ConsumerCoordinator] (Thread-799) [Consumer clientId=consumer-Consumer-topic-37428d24_4534_43b1_8bf4_322856595230-27, groupId=Consumer-topic-37428d24_4534_43b1_8bf4_322856595230] Successfully joined group with generation Generation{generationId=1, memberId='consumer-Consumer-topic-37428d24_4534_43b1_8bf4_322856595230-27-abd57157-68d6-4be4-8802-eb43d960cc26', protocol='range'}
2025-08-06 18:54:58,297 INFO  [org.apa.kaf.cli.con.int.ConsumerCoordinator] (Thread-799) [Consumer clientId=consumer-Consumer-topic-37428d24_4534_43b1_8bf4_322856595230-27, groupId=Consumer-topic-37428d24_4534_43b1_8bf4_322856595230] Finished assignment for group at generation 1: {consumer-Consumer-topic-37428d24_4534_43b1_8bf4_322856595230-27-abd57157-68d6-4be4-8802-eb43d960cc26=Assignment(partitions=[topic-37428d24_4534_43b1_8bf4_322856595230-0])}
2025-08-06 18:54:58,303 INFO  [org.apa.kaf.cli.con.int.ConsumerCoordinator] (Thread-799) [Consumer clientId=consumer-Consumer-topic-37428d24_4534_43b1_8bf4_322856595230-27, groupId=Consumer-topic-37428d24_4534_43b1_8bf4_322856595230] Successfully synced group in generation Generation{generationId=1, memberId='consumer-Consumer-topic-37428d24_4534_43b1_8bf4_322856595230-27-abd57157-68d6-4be4-8802-eb43d960cc26', protocol='range'}
2025-08-06 18:54:58,303 INFO  [org.apa.kaf.cli.con.int.ConsumerCoordinator] (Thread-799) [Consumer clientId=consumer-Consumer-topic-37428d24_4534_43b1_8bf4_322856595230-27, groupId=Consumer-topic-37428d24_4534_43b1_8bf4_322856595230] Notifying assignor about the new Assignment(partitions=[topic-37428d24_4534_43b1_8bf4_322856595230-0])
2025-08-06 18:54:58,303 INFO  [org.apa.kaf.cli.con.int.ConsumerRebalanceListenerInvoker] (Thread-799) [Consumer clientId=consumer-Consumer-topic-37428d24_4534_43b1_8bf4_322856595230-27, groupId=Consumer-topic-37428d24_4534_43b1_8bf4_322856595230] Adding newly assigned partitions: topic-37428d24_4534_43b1_8bf4_322856595230-0
2025-08-06 18:54:58,304 INFO  [org.apa.kaf.cli.con.int.ConsumerCoordinator] (Thread-799) [Consumer clientId=consumer-Consumer-topic-37428d24_4534_43b1_8bf4_322856595230-27, groupId=Consumer-topic-37428d24_4534_43b1_8bf4_322856595230] Found no committed offset for partition topic-37428d24_4534_43b1_8bf4_322856595230-0
2025-08-06 18:54:58,305 INFO  [org.apa.kaf.cli.con.int.SubscriptionState] (Thread-799) [Consumer clientId=consumer-Consumer-topic-37428d24_4534_43b1_8bf4_322856595230-27, groupId=Consumer-topic-37428d24_4534_43b1_8bf4_322856595230] Resetting offset for partition topic-37428d24_4534_43b1_8bf4_322856595230-0 to position FetchPosition{offset=0, offsetEpoch=Optional.empty, currentLeader=LeaderAndEpoch{leader=Optional[localhost:32769 (id: 0 rack: null)], epoch=0}}.
2025-08-06 18:54:58,587 INFO  [io.api.tes.ser.api.KafkaSerdesTester] (Thread-799) topic-37428d24_4534_43b1_8bf4_322856595230 0 0 header {
  time {
  }
}
d1: 1.754506494891E12
s1: "a"
i1: 123
bi1: 1
point {
  longitude: 22.0
  latitude: 22.0
  altitude: 1.0
}

2025-08-06 18:54:58,588 INFO  [io.api.tes.ser.api.KafkaSerdesTester] (Thread-799) topic-37428d24_4534_43b1_8bf4_322856595230 0 1 header {
  time {
  }
}
d1: 1.754506495251E12
s1: "a"
i1: 123
bi1: 1
point {
  longitude: 22.0
  latitude: 22.0
  altitude: 1.0
}

2025-08-06 18:54:58,588 INFO  [io.api.tes.ser.api.KafkaSerdesTester] (Thread-799) topic-37428d24_4534_43b1_8bf4_322856595230 0 2 header {
  time {
  }
}
d1: 1.754506495254E12
s1: "a"
i1: 123
bi1: 1
point {
  longitude: 22.0
  latitude: 22.0
  altitude: 1.0
}

2025-08-06 18:54:58,588 INFO  [io.api.tes.ser.api.KafkaSerdesTester] (Thread-799) topic-37428d24_4534_43b1_8bf4_322856595230 0 3 header {
  time {
  }
}
d1: 1.754506495255E12
s1: "a"
i1: 123
bi1: 1
point {
  longitude: 22.0
  latitude: 22.0
  altitude: 1.0
}

2025-08-06 18:54:58,588 INFO  [io.api.tes.ser.api.KafkaSerdesTester] (Thread-799) topic-37428d24_4534_43b1_8bf4_322856595230 0 4 header {
  time {
  }
}
d1: 1.754506495257E12
s1: "a"
i1: 123
bi1: 1
point {
  longitude: 22.0
  latitude: 22.0
  altitude: 1.0
}

2025-08-06 18:54:58,588 INFO  [io.api.tes.ser.api.KafkaSerdesTester] (Thread-799) topic-37428d24_4534_43b1_8bf4_322856595230 0 5 header {
  time {
  }
}
d1: 1.754506495258E12
s1: "a"
i1: 123
bi1: 1
point {
  longitude: 22.0
  latitude: 22.0
  altitude: 1.0
}

2025-08-06 18:54:58,589 INFO  [io.api.tes.ser.api.KafkaSerdesTester] (Thread-799) topic-37428d24_4534_43b1_8bf4_322856595230 0 6 header {
  time {
  }
}
d1: 1.75450649526E12
s1: "a"
i1: 123
bi1: 1
point {
  longitude: 22.0
  latitude: 22.0
  altitude: 1.0
}

2025-08-06 18:54:58,589 INFO  [io.api.tes.ser.api.KafkaSerdesTester] (Thread-799) topic-37428d24_4534_43b1_8bf4_322856595230 0 7 header {
  time {
  }
}
d1: 1.754506495263E12
s1: "a"
i1: 123
bi1: 1
point {
  longitude: 22.0
  latitude: 22.0
  altitude: 1.0
}

2025-08-06 18:54:58,589 INFO  [io.api.tes.ser.api.KafkaSerdesTester] (Thread-799) topic-37428d24_4534_43b1_8bf4_322856595230 0 8 header {
  time {
  }
}
d1: 1.754506495266E12
s1: "a"
i1: 123
bi1: 1
point {
  longitude: 22.0
  latitude: 22.0
  altitude: 1.0
}

2025-08-06 18:54:58,589 INFO  [io.api.tes.ser.api.KafkaSerdesTester] (Thread-799) topic-37428d24_4534_43b1_8bf4_322856595230 0 9 header {
  time {
  }
}
d1: 1.754506495268E12
s1: "a"
i1: 123
bi1: 1
point {
  longitude: 22.0
  latitude: 22.0
  altitude: 1.0
}

2025-08-06 18:54:58,589 INFO  [io.api.tes.ser.api.KafkaSerdesTester] (Thread-799) Consumed 10 messages
2025-08-06 18:54:58,596 INFO  [org.apa.kaf.cli.con.int.ConsumerRebalanceListenerInvoker] (Thread-799) [Consumer clientId=consumer-Consumer-topic-37428d24_4534_43b1_8bf4_322856595230-27, groupId=Consumer-topic-37428d24_4534_43b1_8bf4_322856595230] Revoke previously assigned partitions topic-37428d24_4534_43b1_8bf4_322856595230-0
2025-08-06 18:54:58,596 INFO  [org.apa.kaf.cli.con.int.ConsumerCoordinator] (Thread-799) [Consumer clientId=consumer-Consumer-topic-37428d24_4534_43b1_8bf4_322856595230-27, groupId=Consumer-topic-37428d24_4534_43b1_8bf4_322856595230] Member consumer-Consumer-topic-37428d24_4534_43b1_8bf4_322856595230-27-abd57157-68d6-4be4-8802-eb43d960cc26 sending LeaveGroup request to coordinator localhost:32769 (id: 2147483647 rack: null) due to the consumer is being closed
2025-08-06 18:54:58,597 INFO  [org.apa.kaf.cli.con.int.ConsumerCoordinator] (Thread-799) [Consumer clientId=consumer-Consumer-topic-37428d24_4534_43b1_8bf4_322856595230-27, groupId=Consumer-topic-37428d24_4534_43b1_8bf4_322856595230] Resetting generation and member id due to: consumer pro-actively leaving the group
2025-08-06 18:54:58,597 INFO  [org.apa.kaf.cli.con.int.ConsumerCoordinator] (Thread-799) [Consumer clientId=consumer-Consumer-topic-37428d24_4534_43b1_8bf4_322856595230-27, groupId=Consumer-topic-37428d24_4534_43b1_8bf4_322856595230] Request joining group due to: consumer pro-actively leaving the group
2025-08-06 18:54:59,090 INFO  [org.apa.kaf.com.met.Metrics] (Thread-799) Metrics scheduler closed
2025-08-06 18:54:59,090 INFO  [org.apa.kaf.com.met.Metrics] (Thread-799) Closing reporter org.apache.kafka.common.metrics.JmxReporter
2025-08-06 18:54:59,090 INFO  [org.apa.kaf.com.met.Metrics] (Thread-799) Closing reporter org.apache.kafka.common.telemetry.internals.ClientTelemetryReporter
2025-08-06 18:54:59,090 INFO  [org.apa.kaf.com.met.Metrics] (Thread-799) Metrics reporters closed
2025-08-06 18:54:59,093 INFO  [org.apa.kaf.com.uti.AppInfoParser] (Thread-799) App info kafka.consumer for consumer-Consumer-topic-37428d24_4534_43b1_8bf4_322856595230-27 unregistered
2025-08-06 18:54:59,093 INFO  [io.api.tes.uti.TestSeparator] (main) io.apicurio.tests.serdes.apicurio.ProtobufSerdeIT.testFindLatestDynamicMessageProtobufType-FINISHED
2025-08-06 18:54:59,093 INFO  [io.api.tes.uti.TestSeparator] (main) ############################################################################
Test passed: testFindLatestDynamicMessageProtobufType
]]></system-out>
  </testcase>
  <testcase name="testFindLatestDeriveClassProtobufTypeSimpleTopicIdStrategy" classname="io.apicurio.tests.serdes.apicurio.ProtobufSerdeIT" time="1.178">
    <system-out><![CDATA[2025-08-06 18:54:59,094 INFO  [io.api.tes.uti.TestSeparator] (main) ############################################################################
2025-08-06 18:54:59,095 INFO  [io.api.tes.uti.TestSeparator] (main) io.apicurio.tests.serdes.apicurio.ProtobufSerdeIT.testFindLatestDeriveClassProtobufTypeSimpleTopicIdStrategy-STARTED
2025-08-06 18:55:00,272 INFO  [io.api.tes.uti.TestSeparator] (main) io.apicurio.tests.serdes.apicurio.ProtobufSerdeIT.testFindLatestDeriveClassProtobufTypeSimpleTopicIdStrategy-FINISHED
2025-08-06 18:55:00,272 INFO  [io.api.tes.uti.TestSeparator] (main) ############################################################################
Test passed: testFindLatestDeriveClassProtobufTypeSimpleTopicIdStrategy
]]></system-out>
  </testcase>
  <testcase name="testFindLatestAndUseBody" classname="io.apicurio.tests.serdes.apicurio.ProtobufSerdeIT" time="5.347">
    <system-out><![CDATA[2025-08-06 18:55:00,273 INFO  [io.api.tes.uti.TestSeparator] (main) ############################################################################
2025-08-06 18:55:00,273 INFO  [io.api.tes.uti.TestSeparator] (main) io.apicurio.tests.serdes.apicurio.ProtobufSerdeIT.testFindLatestAndUseBody-STARTED
**** Registry Base URL: http://registry-app-pg17.apps.ci419.apicurio-testing.org:80
2025-08-06 18:55:01,447 INFO  [org.apa.kaf.cli.pro.ProducerConfig] (main) ProducerConfig values: 
	acks = -1
	auto.include.jmx.reporter = true
	batch.size = 16384
	bootstrap.servers = [PLAINTEXT://localhost:32769]
	buffer.memory = 33554432
	client.dns.lookup = use_all_dns_ips
	client.id = Producer-topic-82da0249_1a77_4e5a_97bb_a9ec8cd884dc
	compression.gzip.level = -1
	compression.lz4.level = 9
	compression.type = none
	compression.zstd.level = 3
	connections.max.idle.ms = 10000
	delivery.timeout.ms = 120000
	enable.idempotence = true
	enable.metrics.push = true
	interceptor.classes = []
	key.serializer = class org.apache.kafka.common.serialization.StringSerializer
	linger.ms = 0
	max.block.ms = 60000
	max.in.flight.requests.per.connection = 5
	max.request.size = 1048576
	metadata.max.age.ms = 300000
	metadata.max.idle.ms = 300000
	metadata.recovery.strategy = none
	metric.reporters = []
	metrics.num.samples = 2
	metrics.recording.level = INFO
	metrics.sample.window.ms = 30000
	partitioner.adaptive.partitioning.enable = true
	partitioner.availability.timeout.ms = 0
	partitioner.class = null
	partitioner.ignore.keys = false
	receive.buffer.bytes = 32768
	reconnect.backoff.max.ms = 1000
	reconnect.backoff.ms = 50
	request.timeout.ms = 5000
	retries = 2147483647
	retry.backoff.max.ms = 1000
	retry.backoff.ms = 100
	sasl.client.callback.handler.class = null
	sasl.jaas.config = null
	sasl.kerberos.kinit.cmd = /usr/bin/kinit
	sasl.kerberos.min.time.before.relogin = 60000
	sasl.kerberos.service.name = null
	sasl.kerberos.ticket.renew.jitter = 0.05
	sasl.kerberos.ticket.renew.window.factor = 0.8
	sasl.login.callback.handler.class = null
	sasl.login.class = null
	sasl.login.connect.timeout.ms = null
	sasl.login.read.timeout.ms = null
	sasl.login.refresh.buffer.seconds = 300
	sasl.login.refresh.min.period.seconds = 60
	sasl.login.refresh.window.factor = 0.8
	sasl.login.refresh.window.jitter = 0.05
	sasl.login.retry.backoff.max.ms = 10000
	sasl.login.retry.backoff.ms = 100
	sasl.mechanism = GSSAPI
	sasl.oauthbearer.clock.skew.seconds = 30
	sasl.oauthbearer.expected.audience = null
	sasl.oauthbearer.expected.issuer = null
	sasl.oauthbearer.header.urlencode = false
	sasl.oauthbearer.jwks.endpoint.refresh.ms = 3600000
	sasl.oauthbearer.jwks.endpoint.retry.backoff.max.ms = 10000
	sasl.oauthbearer.jwks.endpoint.retry.backoff.ms = 100
	sasl.oauthbearer.jwks.endpoint.url = null
	sasl.oauthbearer.scope.claim.name = scope
	sasl.oauthbearer.sub.claim.name = sub
	sasl.oauthbearer.token.endpoint.url = null
	security.protocol = PLAINTEXT
	security.providers = null
	send.buffer.bytes = 131072
	socket.connection.setup.timeout.max.ms = 30000
	socket.connection.setup.timeout.ms = 10000
	ssl.cipher.suites = null
	ssl.enabled.protocols = [TLSv1.2, TLSv1.3]
	ssl.endpoint.identification.algorithm = https
	ssl.engine.factory.class = null
	ssl.key.password = null
	ssl.keymanager.algorithm = SunX509
	ssl.keystore.certificate.chain = null
	ssl.keystore.key = null
	ssl.keystore.location = null
	ssl.keystore.password = null
	ssl.keystore.type = JKS
	ssl.protocol = TLSv1.3
	ssl.provider = null
	ssl.secure.random.implementation = null
	ssl.trustmanager.algorithm = PKIX
	ssl.truststore.certificates = null
	ssl.truststore.location = null
	ssl.truststore.password = null
	ssl.truststore.type = JKS
	transaction.timeout.ms = 60000
	transactional.id = null
	value.serializer = class io.apicurio.registry.serde.protobuf.ProtobufKafkaSerializer

2025-08-06 18:55:01,447 INFO  [org.apa.kaf.com.tel.int.KafkaMetricsCollector] (main) initializing Kafka metrics collector
2025-08-06 18:55:01,450 INFO  [org.apa.kaf.cli.pro.KafkaProducer] (main) [Producer clientId=Producer-topic-82da0249_1a77_4e5a_97bb_a9ec8cd884dc] Instantiated an idempotent producer.
2025-08-06 18:55:01,451 INFO  [org.apa.kaf.cli.pro.ProducerConfig] (main) These configurations '[apicurio.registry.find-latest, apicurio.registry.url, apicurio.registry.artifact-resolver-strategy]' were supplied but are not used yet.
2025-08-06 18:55:01,451 INFO  [org.apa.kaf.com.uti.AppInfoParser] (main) Kafka version: 3.9.1
2025-08-06 18:55:01,451 INFO  [org.apa.kaf.com.uti.AppInfoParser] (main) Kafka commitId: f745dfdcee2b9851
2025-08-06 18:55:01,451 INFO  [org.apa.kaf.com.uti.AppInfoParser] (main) Kafka startTimeMs: 1754506501451
2025-08-06 18:55:01,451 INFO  [io.api.tes.ser.api.SimpleSerdesTesterBuilder$SimpleSerdesTester] (main) Using producer configuration: {apicurio.registry.find-latest=true, apicurio.registry.url=http://registry-app-pg17.apps.ci419.apicurio-testing.org:80/apis/registry/v3, apicurio.registry.artifact-resolver-strategy=io.apicurio.registry.serde.strategy.TopicIdStrategy, value.serializer=io.apicurio.registry.serde.protobuf.ProtobufKafkaSerializer, request.timeout.ms=5000, acks=all, bootstrap.servers=PLAINTEXT://localhost:32769, connections.max.idle.ms=10000, key.serializer=org.apache.kafka.common.serialization.StringSerializer, client.id=Producer-topic-82da0249_1a77_4e5a_97bb_a9ec8cd884dc}
2025-08-06 18:55:01,451 INFO  [io.api.tes.ser.api.SimpleSerdesTesterBuilder$SimpleSerdesTester] (main) Using consumer configuration: {}
2025-08-06 18:55:01,452 INFO  [io.api.tes.ser.api.KafkaSerdesTester] (Thread-802) Sending message header {
  time {
  }
}
d1: 1.754506501451E12
s1: "a"
i1: 123
bi1: 1
point {
  longitude: 22.0
  latitude: 22.0
  altitude: 1.0
}
 to topic topic-82da0249_1a77_4e5a_97bb_a9ec8cd884dc
2025-08-06 18:55:01,454 INFO  [org.apa.kaf.cli.Metadata] (kafka-producer-network-thread | Producer-topic-82da0249_1a77_4e5a_97bb_a9ec8cd884dc) [Producer clientId=Producer-topic-82da0249_1a77_4e5a_97bb_a9ec8cd884dc] Cluster ID: igMICRUWSZmdRuxlP-JQ6A
2025-08-06 18:55:01,454 INFO  [org.apa.kaf.cli.pro.int.TransactionManager] (kafka-producer-network-thread | Producer-topic-82da0249_1a77_4e5a_97bb_a9ec8cd884dc) [Producer clientId=Producer-topic-82da0249_1a77_4e5a_97bb_a9ec8cd884dc] ProducerId set to 37 with epoch 0
2025-08-06 18:55:01,792 INFO  [io.api.tes.ser.api.KafkaSerdesTester] (Thread-802) Sending message header {
  time {
  }
}
d1: 1.754506501791E12
s1: "a"
i1: 123
bi1: 1
point {
  longitude: 22.0
  latitude: 22.0
  altitude: 1.0
}
 to topic topic-82da0249_1a77_4e5a_97bb_a9ec8cd884dc
2025-08-06 18:55:01,796 INFO  [io.api.tes.ser.api.KafkaSerdesTester] (Thread-802) Sending message header {
  time {
  }
}
d1: 1.754506501795E12
s1: "a"
i1: 123
bi1: 1
point {
  longitude: 22.0
  latitude: 22.0
  altitude: 1.0
}
 to topic topic-82da0249_1a77_4e5a_97bb_a9ec8cd884dc
2025-08-06 18:55:01,802 INFO  [io.api.tes.ser.api.KafkaSerdesTester] (Thread-802) Sending message header {
  time {
  }
}
d1: 1.754506501802E12
s1: "a"
i1: 123
bi1: 1
point {
  longitude: 22.0
  latitude: 22.0
  altitude: 1.0
}
 to topic topic-82da0249_1a77_4e5a_97bb_a9ec8cd884dc
2025-08-06 18:55:01,805 INFO  [io.api.tes.ser.api.KafkaSerdesTester] (Thread-802) Sending message header {
  time {
  }
}
d1: 1.754506501805E12
s1: "a"
i1: 123
bi1: 1
point {
  longitude: 22.0
  latitude: 22.0
  altitude: 1.0
}
 to topic topic-82da0249_1a77_4e5a_97bb_a9ec8cd884dc
2025-08-06 18:55:01,812 INFO  [io.api.tes.ser.api.KafkaSerdesTester] (Thread-802) Sending message header {
  time {
  }
}
d1: 1.754506501812E12
s1: "a"
i1: 123
bi1: 1
point {
  longitude: 22.0
  latitude: 22.0
  altitude: 1.0
}
 to topic topic-82da0249_1a77_4e5a_97bb_a9ec8cd884dc
2025-08-06 18:55:01,815 INFO  [io.api.tes.ser.api.KafkaSerdesTester] (Thread-802) Sending message header {
  time {
  }
}
d1: 1.754506501815E12
s1: "a"
i1: 123
bi1: 1
point {
  longitude: 22.0
  latitude: 22.0
  altitude: 1.0
}
 to topic topic-82da0249_1a77_4e5a_97bb_a9ec8cd884dc
2025-08-06 18:55:01,817 INFO  [io.api.tes.ser.api.KafkaSerdesTester] (Thread-802) Sending message header {
  time {
  }
}
d1: 1.754506501817E12
s1: "a"
i1: 123
bi1: 1
point {
  longitude: 22.0
  latitude: 22.0
  altitude: 1.0
}
 to topic topic-82da0249_1a77_4e5a_97bb_a9ec8cd884dc
2025-08-06 18:55:01,819 INFO  [io.api.tes.ser.api.KafkaSerdesTester] (Thread-802) Sending message header {
  time {
  }
}
d1: 1.754506501819E12
s1: "a"
i1: 123
bi1: 1
point {
  longitude: 22.0
  latitude: 22.0
  altitude: 1.0
}
 to topic topic-82da0249_1a77_4e5a_97bb_a9ec8cd884dc
2025-08-06 18:55:01,825 INFO  [io.api.tes.ser.api.KafkaSerdesTester] (Thread-802) Sending message header {
  time {
  }
}
d1: 1.754506501825E12
s1: "a"
i1: 123
bi1: 1
point {
  longitude: 22.0
  latitude: 22.0
  altitude: 1.0
}
 to topic topic-82da0249_1a77_4e5a_97bb_a9ec8cd884dc
2025-08-06 18:55:01,827 INFO  [io.api.tes.ser.api.KafkaSerdesTester] (Thread-802) Produced 10 messages
2025-08-06 18:55:01,828 INFO  [org.apa.kaf.cli.pro.KafkaProducer] (Thread-802) [Producer clientId=Producer-topic-82da0249_1a77_4e5a_97bb_a9ec8cd884dc] Closing the Kafka producer with timeoutMillis = 9223372036854775807 ms.
2025-08-06 18:55:01,830 INFO  [org.apa.kaf.com.met.Metrics] (Thread-802) Metrics scheduler closed
2025-08-06 18:55:01,830 INFO  [org.apa.kaf.com.met.Metrics] (Thread-802) Closing reporter org.apache.kafka.common.metrics.JmxReporter
2025-08-06 18:55:01,830 INFO  [org.apa.kaf.com.met.Metrics] (Thread-802) Closing reporter org.apache.kafka.common.telemetry.internals.ClientTelemetryReporter
2025-08-06 18:55:01,830 INFO  [org.apa.kaf.com.met.Metrics] (Thread-802) Metrics reporters closed
2025-08-06 18:55:01,830 INFO  [org.apa.kaf.com.uti.AppInfoParser] (Thread-802) App info kafka.producer for Producer-topic-82da0249_1a77_4e5a_97bb_a9ec8cd884dc unregistered
**** Registry Base URL: http://registry-app-pg17.apps.ci419.apicurio-testing.org:80
2025-08-06 18:55:01,832 INFO  [org.apa.kaf.cli.con.ConsumerConfig] (main) ConsumerConfig values: 
	allow.auto.create.topics = true
	auto.commit.interval.ms = 500
	auto.include.jmx.reporter = true
	auto.offset.reset = earliest
	bootstrap.servers = [PLAINTEXT://localhost:32769]
	check.crcs = true
	client.dns.lookup = use_all_dns_ips
	client.id = consumer-Consumer-topic-82da0249_1a77_4e5a_97bb_a9ec8cd884dc-28
	client.rack = 
	connections.max.idle.ms = 10000
	default.api.timeout.ms = 60000
	enable.auto.commit = true
	enable.metrics.push = true
	exclude.internal.topics = true
	fetch.max.bytes = 52428800
	fetch.max.wait.ms = 500
	fetch.min.bytes = 1
	group.id = Consumer-topic-82da0249_1a77_4e5a_97bb_a9ec8cd884dc
	group.instance.id = null
	group.protocol = classic
	group.remote.assignor = null
	heartbeat.interval.ms = 3000
	interceptor.classes = []
	internal.leave.group.on.close = true
	internal.throw.on.fetch.stable.offset.unsupported = false
	isolation.level = read_uncommitted
	key.deserializer = class org.apache.kafka.common.serialization.StringDeserializer
	max.partition.fetch.bytes = 1048576
	max.poll.interval.ms = 300000
	max.poll.records = 500
	metadata.max.age.ms = 300000
	metadata.recovery.strategy = none
	metric.reporters = []
	metrics.num.samples = 2
	metrics.recording.level = INFO
	metrics.sample.window.ms = 30000
	partition.assignment.strategy = [class org.apache.kafka.clients.consumer.RangeAssignor, class org.apache.kafka.clients.consumer.CooperativeStickyAssignor]
	receive.buffer.bytes = 65536
	reconnect.backoff.max.ms = 1000
	reconnect.backoff.ms = 50
	request.timeout.ms = 5000
	retry.backoff.max.ms = 1000
	retry.backoff.ms = 100
	sasl.client.callback.handler.class = null
	sasl.jaas.config = null
	sasl.kerberos.kinit.cmd = /usr/bin/kinit
	sasl.kerberos.min.time.before.relogin = 60000
	sasl.kerberos.service.name = null
	sasl.kerberos.ticket.renew.jitter = 0.05
	sasl.kerberos.ticket.renew.window.factor = 0.8
	sasl.login.callback.handler.class = null
	sasl.login.class = null
	sasl.login.connect.timeout.ms = null
	sasl.login.read.timeout.ms = null
	sasl.login.refresh.buffer.seconds = 300
	sasl.login.refresh.min.period.seconds = 60
	sasl.login.refresh.window.factor = 0.8
	sasl.login.refresh.window.jitter = 0.05
	sasl.login.retry.backoff.max.ms = 10000
	sasl.login.retry.backoff.ms = 100
	sasl.mechanism = GSSAPI
	sasl.oauthbearer.clock.skew.seconds = 30
	sasl.oauthbearer.expected.audience = null
	sasl.oauthbearer.expected.issuer = null
	sasl.oauthbearer.header.urlencode = false
	sasl.oauthbearer.jwks.endpoint.refresh.ms = 3600000
	sasl.oauthbearer.jwks.endpoint.retry.backoff.max.ms = 10000
	sasl.oauthbearer.jwks.endpoint.retry.backoff.ms = 100
	sasl.oauthbearer.jwks.endpoint.url = null
	sasl.oauthbearer.scope.claim.name = scope
	sasl.oauthbearer.sub.claim.name = sub
	sasl.oauthbearer.token.endpoint.url = null
	security.protocol = PLAINTEXT
	security.providers = null
	send.buffer.bytes = 131072
	session.timeout.ms = 45000
	socket.connection.setup.timeout.max.ms = 30000
	socket.connection.setup.timeout.ms = 10000
	ssl.cipher.suites = null
	ssl.enabled.protocols = [TLSv1.2, TLSv1.3]
	ssl.endpoint.identification.algorithm = https
	ssl.engine.factory.class = null
	ssl.key.password = null
	ssl.keymanager.algorithm = SunX509
	ssl.keystore.certificate.chain = null
	ssl.keystore.key = null
	ssl.keystore.location = null
	ssl.keystore.password = null
	ssl.keystore.type = JKS
	ssl.protocol = TLSv1.3
	ssl.provider = null
	ssl.secure.random.implementation = null
	ssl.trustmanager.algorithm = PKIX
	ssl.truststore.certificates = null
	ssl.truststore.location = null
	ssl.truststore.password = null
	ssl.truststore.type = JKS
	value.deserializer = class io.apicurio.registry.serde.protobuf.ProtobufKafkaDeserializer

2025-08-06 18:55:01,832 INFO  [org.apa.kaf.com.tel.int.KafkaMetricsCollector] (main) initializing Kafka metrics collector
2025-08-06 18:55:01,840 INFO  [org.apa.kaf.cli.con.ConsumerConfig] (main) These configurations '[apicurio.registry.url]' were supplied but are not used yet.
2025-08-06 18:55:01,840 INFO  [org.apa.kaf.com.uti.AppInfoParser] (main) Kafka version: 3.9.1
2025-08-06 18:55:01,840 INFO  [org.apa.kaf.com.uti.AppInfoParser] (main) Kafka commitId: f745dfdcee2b9851
2025-08-06 18:55:01,840 INFO  [org.apa.kaf.com.uti.AppInfoParser] (main) Kafka startTimeMs: 1754506501840
2025-08-06 18:55:01,841 INFO  [org.apa.kaf.cli.con.int.ClassicKafkaConsumer] (Thread-805) [Consumer clientId=consumer-Consumer-topic-82da0249_1a77_4e5a_97bb_a9ec8cd884dc-28, groupId=Consumer-topic-82da0249_1a77_4e5a_97bb_a9ec8cd884dc] Subscribed to topic(s): topic-82da0249_1a77_4e5a_97bb_a9ec8cd884dc
2025-08-06 18:55:01,844 INFO  [org.apa.kaf.cli.Metadata] (Thread-805) [Consumer clientId=consumer-Consumer-topic-82da0249_1a77_4e5a_97bb_a9ec8cd884dc-28, groupId=Consumer-topic-82da0249_1a77_4e5a_97bb_a9ec8cd884dc] Cluster ID: igMICRUWSZmdRuxlP-JQ6A
2025-08-06 18:55:01,844 INFO  [org.apa.kaf.cli.con.int.ConsumerCoordinator] (Thread-805) [Consumer clientId=consumer-Consumer-topic-82da0249_1a77_4e5a_97bb_a9ec8cd884dc-28, groupId=Consumer-topic-82da0249_1a77_4e5a_97bb_a9ec8cd884dc] Discovered group coordinator localhost:32769 (id: 2147483647 rack: null)
2025-08-06 18:55:01,846 INFO  [org.apa.kaf.cli.con.int.ConsumerCoordinator] (Thread-805) [Consumer clientId=consumer-Consumer-topic-82da0249_1a77_4e5a_97bb_a9ec8cd884dc-28, groupId=Consumer-topic-82da0249_1a77_4e5a_97bb_a9ec8cd884dc] (Re-)joining group
2025-08-06 18:55:01,848 INFO  [org.apa.kaf.cli.con.int.ConsumerCoordinator] (Thread-805) [Consumer clientId=consumer-Consumer-topic-82da0249_1a77_4e5a_97bb_a9ec8cd884dc-28, groupId=Consumer-topic-82da0249_1a77_4e5a_97bb_a9ec8cd884dc] Request joining group due to: need to re-join with the given member-id: consumer-Consumer-topic-82da0249_1a77_4e5a_97bb_a9ec8cd884dc-28-4f7054ed-66ad-4380-a4ac-79148454e625
2025-08-06 18:55:01,848 INFO  [org.apa.kaf.cli.con.int.ConsumerCoordinator] (Thread-805) [Consumer clientId=consumer-Consumer-topic-82da0249_1a77_4e5a_97bb_a9ec8cd884dc-28, groupId=Consumer-topic-82da0249_1a77_4e5a_97bb_a9ec8cd884dc] (Re-)joining group
2025-08-06 18:55:02,841 INFO  [io.api.tes.ser.api.KafkaSerdesTester] (Thread-805) None found
2025-08-06 18:55:03,841 INFO  [io.api.tes.ser.api.KafkaSerdesTester] (Thread-805) None found
2025-08-06 18:55:04,841 INFO  [io.api.tes.ser.api.KafkaSerdesTester] (Thread-805) None found
2025-08-06 18:55:04,850 INFO  [org.apa.kaf.cli.con.int.ConsumerCoordinator] (Thread-805) [Consumer clientId=consumer-Consumer-topic-82da0249_1a77_4e5a_97bb_a9ec8cd884dc-28, groupId=Consumer-topic-82da0249_1a77_4e5a_97bb_a9ec8cd884dc] Successfully joined group with generation Generation{generationId=1, memberId='consumer-Consumer-topic-82da0249_1a77_4e5a_97bb_a9ec8cd884dc-28-4f7054ed-66ad-4380-a4ac-79148454e625', protocol='range'}
2025-08-06 18:55:04,850 INFO  [org.apa.kaf.cli.con.int.ConsumerCoordinator] (Thread-805) [Consumer clientId=consumer-Consumer-topic-82da0249_1a77_4e5a_97bb_a9ec8cd884dc-28, groupId=Consumer-topic-82da0249_1a77_4e5a_97bb_a9ec8cd884dc] Finished assignment for group at generation 1: {consumer-Consumer-topic-82da0249_1a77_4e5a_97bb_a9ec8cd884dc-28-4f7054ed-66ad-4380-a4ac-79148454e625=Assignment(partitions=[topic-82da0249_1a77_4e5a_97bb_a9ec8cd884dc-0])}
2025-08-06 18:55:04,857 INFO  [org.apa.kaf.cli.con.int.ConsumerCoordinator] (Thread-805) [Consumer clientId=consumer-Consumer-topic-82da0249_1a77_4e5a_97bb_a9ec8cd884dc-28, groupId=Consumer-topic-82da0249_1a77_4e5a_97bb_a9ec8cd884dc] Successfully synced group in generation Generation{generationId=1, memberId='consumer-Consumer-topic-82da0249_1a77_4e5a_97bb_a9ec8cd884dc-28-4f7054ed-66ad-4380-a4ac-79148454e625', protocol='range'}
2025-08-06 18:55:04,857 INFO  [org.apa.kaf.cli.con.int.ConsumerCoordinator] (Thread-805) [Consumer clientId=consumer-Consumer-topic-82da0249_1a77_4e5a_97bb_a9ec8cd884dc-28, groupId=Consumer-topic-82da0249_1a77_4e5a_97bb_a9ec8cd884dc] Notifying assignor about the new Assignment(partitions=[topic-82da0249_1a77_4e5a_97bb_a9ec8cd884dc-0])
2025-08-06 18:55:04,857 INFO  [org.apa.kaf.cli.con.int.ConsumerRebalanceListenerInvoker] (Thread-805) [Consumer clientId=consumer-Consumer-topic-82da0249_1a77_4e5a_97bb_a9ec8cd884dc-28, groupId=Consumer-topic-82da0249_1a77_4e5a_97bb_a9ec8cd884dc] Adding newly assigned partitions: topic-82da0249_1a77_4e5a_97bb_a9ec8cd884dc-0
2025-08-06 18:55:04,858 INFO  [org.apa.kaf.cli.con.int.ConsumerCoordinator] (Thread-805) [Consumer clientId=consumer-Consumer-topic-82da0249_1a77_4e5a_97bb_a9ec8cd884dc-28, groupId=Consumer-topic-82da0249_1a77_4e5a_97bb_a9ec8cd884dc] Found no committed offset for partition topic-82da0249_1a77_4e5a_97bb_a9ec8cd884dc-0
2025-08-06 18:55:04,860 INFO  [org.apa.kaf.cli.con.int.SubscriptionState] (Thread-805) [Consumer clientId=consumer-Consumer-topic-82da0249_1a77_4e5a_97bb_a9ec8cd884dc-28, groupId=Consumer-topic-82da0249_1a77_4e5a_97bb_a9ec8cd884dc] Resetting offset for partition topic-82da0249_1a77_4e5a_97bb_a9ec8cd884dc-0 to position FetchPosition{offset=0, offsetEpoch=Optional.empty, currentLeader=LeaderAndEpoch{leader=Optional[localhost:32769 (id: 0 rack: null)], epoch=0}}.
2025-08-06 18:55:05,112 INFO  [io.api.tes.ser.api.KafkaSerdesTester] (Thread-805) topic-82da0249_1a77_4e5a_97bb_a9ec8cd884dc 0 0 header {
  time {
  }
}
d1: 1.754506501451E12
s1: "a"
i1: 123
bi1: 1
point {
  longitude: 22.0
  latitude: 22.0
  altitude: 1.0
}

2025-08-06 18:55:05,112 INFO  [io.api.tes.ser.api.KafkaSerdesTester] (Thread-805) topic-82da0249_1a77_4e5a_97bb_a9ec8cd884dc 0 1 header {
  time {
  }
}
d1: 1.754506501791E12
s1: "a"
i1: 123
bi1: 1
point {
  longitude: 22.0
  latitude: 22.0
  altitude: 1.0
}

2025-08-06 18:55:05,113 INFO  [io.api.tes.ser.api.KafkaSerdesTester] (Thread-805) topic-82da0249_1a77_4e5a_97bb_a9ec8cd884dc 0 2 header {
  time {
  }
}
d1: 1.754506501795E12
s1: "a"
i1: 123
bi1: 1
point {
  longitude: 22.0
  latitude: 22.0
  altitude: 1.0
}

2025-08-06 18:55:05,113 INFO  [io.api.tes.ser.api.KafkaSerdesTester] (Thread-805) topic-82da0249_1a77_4e5a_97bb_a9ec8cd884dc 0 3 header {
  time {
  }
}
d1: 1.754506501802E12
s1: "a"
i1: 123
bi1: 1
point {
  longitude: 22.0
  latitude: 22.0
  altitude: 1.0
}

2025-08-06 18:55:05,113 INFO  [io.api.tes.ser.api.KafkaSerdesTester] (Thread-805) topic-82da0249_1a77_4e5a_97bb_a9ec8cd884dc 0 4 header {
  time {
  }
}
d1: 1.754506501805E12
s1: "a"
i1: 123
bi1: 1
point {
  longitude: 22.0
  latitude: 22.0
  altitude: 1.0
}

2025-08-06 18:55:05,113 INFO  [io.api.tes.ser.api.KafkaSerdesTester] (Thread-805) topic-82da0249_1a77_4e5a_97bb_a9ec8cd884dc 0 5 header {
  time {
  }
}
d1: 1.754506501812E12
s1: "a"
i1: 123
bi1: 1
point {
  longitude: 22.0
  latitude: 22.0
  altitude: 1.0
}

2025-08-06 18:55:05,113 INFO  [io.api.tes.ser.api.KafkaSerdesTester] (Thread-805) topic-82da0249_1a77_4e5a_97bb_a9ec8cd884dc 0 6 header {
  time {
  }
}
d1: 1.754506501815E12
s1: "a"
i1: 123
bi1: 1
point {
  longitude: 22.0
  latitude: 22.0
  altitude: 1.0
}

2025-08-06 18:55:05,113 INFO  [io.api.tes.ser.api.KafkaSerdesTester] (Thread-805) topic-82da0249_1a77_4e5a_97bb_a9ec8cd884dc 0 7 header {
  time {
  }
}
d1: 1.754506501817E12
s1: "a"
i1: 123
bi1: 1
point {
  longitude: 22.0
  latitude: 22.0
  altitude: 1.0
}

2025-08-06 18:55:05,113 INFO  [io.api.tes.ser.api.KafkaSerdesTester] (Thread-805) topic-82da0249_1a77_4e5a_97bb_a9ec8cd884dc 0 8 header {
  time {
  }
}
d1: 1.754506501819E12
s1: "a"
i1: 123
bi1: 1
point {
  longitude: 22.0
  latitude: 22.0
  altitude: 1.0
}

2025-08-06 18:55:05,113 INFO  [io.api.tes.ser.api.KafkaSerdesTester] (Thread-805) topic-82da0249_1a77_4e5a_97bb_a9ec8cd884dc 0 9 header {
  time {
  }
}
d1: 1.754506501825E12
s1: "a"
i1: 123
bi1: 1
point {
  longitude: 22.0
  latitude: 22.0
  altitude: 1.0
}

2025-08-06 18:55:05,113 INFO  [io.api.tes.ser.api.KafkaSerdesTester] (Thread-805) Consumed 10 messages
2025-08-06 18:55:05,123 INFO  [org.apa.kaf.cli.con.int.ConsumerRebalanceListenerInvoker] (Thread-805) [Consumer clientId=consumer-Consumer-topic-82da0249_1a77_4e5a_97bb_a9ec8cd884dc-28, groupId=Consumer-topic-82da0249_1a77_4e5a_97bb_a9ec8cd884dc] Revoke previously assigned partitions topic-82da0249_1a77_4e5a_97bb_a9ec8cd884dc-0
2025-08-06 18:55:05,123 INFO  [org.apa.kaf.cli.con.int.ConsumerCoordinator] (Thread-805) [Consumer clientId=consumer-Consumer-topic-82da0249_1a77_4e5a_97bb_a9ec8cd884dc-28, groupId=Consumer-topic-82da0249_1a77_4e5a_97bb_a9ec8cd884dc] Member consumer-Consumer-topic-82da0249_1a77_4e5a_97bb_a9ec8cd884dc-28-4f7054ed-66ad-4380-a4ac-79148454e625 sending LeaveGroup request to coordinator localhost:32769 (id: 2147483647 rack: null) due to the consumer is being closed
2025-08-06 18:55:05,123 INFO  [org.apa.kaf.cli.con.int.ConsumerCoordinator] (Thread-805) [Consumer clientId=consumer-Consumer-topic-82da0249_1a77_4e5a_97bb_a9ec8cd884dc-28, groupId=Consumer-topic-82da0249_1a77_4e5a_97bb_a9ec8cd884dc] Resetting generation and member id due to: consumer pro-actively leaving the group
2025-08-06 18:55:05,123 INFO  [org.apa.kaf.cli.con.int.ConsumerCoordinator] (Thread-805) [Consumer clientId=consumer-Consumer-topic-82da0249_1a77_4e5a_97bb_a9ec8cd884dc-28, groupId=Consumer-topic-82da0249_1a77_4e5a_97bb_a9ec8cd884dc] Request joining group due to: consumer pro-actively leaving the group
2025-08-06 18:55:05,617 INFO  [org.apa.kaf.com.met.Metrics] (Thread-805) Metrics scheduler closed
2025-08-06 18:55:05,617 INFO  [org.apa.kaf.com.met.Metrics] (Thread-805) Closing reporter org.apache.kafka.common.metrics.JmxReporter
2025-08-06 18:55:05,617 INFO  [org.apa.kaf.com.met.Metrics] (Thread-805) Closing reporter org.apache.kafka.common.telemetry.internals.ClientTelemetryReporter
2025-08-06 18:55:05,618 INFO  [org.apa.kaf.com.met.Metrics] (Thread-805) Metrics reporters closed
2025-08-06 18:55:05,619 INFO  [org.apa.kaf.com.uti.AppInfoParser] (Thread-805) App info kafka.consumer for consumer-Consumer-topic-82da0249_1a77_4e5a_97bb_a9ec8cd884dc-28 unregistered
2025-08-06 18:55:05,620 INFO  [io.api.tes.uti.TestSeparator] (main) io.apicurio.tests.serdes.apicurio.ProtobufSerdeIT.testFindLatestAndUseBody-FINISHED
2025-08-06 18:55:05,620 INFO  [io.api.tes.uti.TestSeparator] (main) ############################################################################
Test passed: testFindLatestAndUseBody
]]></system-out>
  </testcase>
  <testcase name="testConsumeDynamicMessage" classname="io.apicurio.tests.serdes.apicurio.ProtobufSerdeIT" time="1.178">
    <system-out><![CDATA[2025-08-06 18:55:05,624 INFO  [io.api.tes.uti.TestSeparator] (main) ############################################################################
2025-08-06 18:55:05,624 INFO  [io.api.tes.uti.TestSeparator] (main) io.apicurio.tests.serdes.apicurio.ProtobufSerdeIT.testConsumeDynamicMessage-STARTED
2025-08-06 18:55:06,797 INFO  [io.api.tes.uti.TestSeparator] (main) io.apicurio.tests.serdes.apicurio.ProtobufSerdeIT.testConsumeDynamicMessage-FINISHED
2025-08-06 18:55:06,797 INFO  [io.api.tes.uti.TestSeparator] (main) ############################################################################
Test passed: testConsumeDynamicMessage
]]></system-out>
  </testcase>
  <testcase name="testAutoRegisterDynamicMessageProtobufType" classname="io.apicurio.tests.serdes.apicurio.ProtobufSerdeIT" time="5.541">
    <system-out><![CDATA[2025-08-06 18:55:06,799 INFO  [io.api.tes.uti.TestSeparator] (main) ############################################################################
2025-08-06 18:55:06,799 INFO  [io.api.tes.uti.TestSeparator] (main) io.apicurio.tests.serdes.apicurio.ProtobufSerdeIT.testAutoRegisterDynamicMessageProtobufType-STARTED
**** Registry Base URL: http://registry-app-pg17.apps.ci419.apicurio-testing.org:80
2025-08-06 18:55:06,800 INFO  [org.apa.kaf.cli.pro.ProducerConfig] (main) ProducerConfig values: 
	acks = -1
	auto.include.jmx.reporter = true
	batch.size = 16384
	bootstrap.servers = [PLAINTEXT://localhost:32769]
	buffer.memory = 33554432
	client.dns.lookup = use_all_dns_ips
	client.id = Producer-topic-25caa0a7_3de5_4b0e_ba89_b2ae128a2577
	compression.gzip.level = -1
	compression.lz4.level = 9
	compression.type = none
	compression.zstd.level = 3
	connections.max.idle.ms = 10000
	delivery.timeout.ms = 120000
	enable.idempotence = true
	enable.metrics.push = true
	interceptor.classes = []
	key.serializer = class org.apache.kafka.common.serialization.StringSerializer
	linger.ms = 0
	max.block.ms = 60000
	max.in.flight.requests.per.connection = 5
	max.request.size = 1048576
	metadata.max.age.ms = 300000
	metadata.max.idle.ms = 300000
	metadata.recovery.strategy = none
	metric.reporters = []
	metrics.num.samples = 2
	metrics.recording.level = INFO
	metrics.sample.window.ms = 30000
	partitioner.adaptive.partitioning.enable = true
	partitioner.availability.timeout.ms = 0
	partitioner.class = null
	partitioner.ignore.keys = false
	receive.buffer.bytes = 32768
	reconnect.backoff.max.ms = 1000
	reconnect.backoff.ms = 50
	request.timeout.ms = 5000
	retries = 2147483647
	retry.backoff.max.ms = 1000
	retry.backoff.ms = 100
	sasl.client.callback.handler.class = null
	sasl.jaas.config = null
	sasl.kerberos.kinit.cmd = /usr/bin/kinit
	sasl.kerberos.min.time.before.relogin = 60000
	sasl.kerberos.service.name = null
	sasl.kerberos.ticket.renew.jitter = 0.05
	sasl.kerberos.ticket.renew.window.factor = 0.8
	sasl.login.callback.handler.class = null
	sasl.login.class = null
	sasl.login.connect.timeout.ms = null
	sasl.login.read.timeout.ms = null
	sasl.login.refresh.buffer.seconds = 300
	sasl.login.refresh.min.period.seconds = 60
	sasl.login.refresh.window.factor = 0.8
	sasl.login.refresh.window.jitter = 0.05
	sasl.login.retry.backoff.max.ms = 10000
	sasl.login.retry.backoff.ms = 100
	sasl.mechanism = GSSAPI
	sasl.oauthbearer.clock.skew.seconds = 30
	sasl.oauthbearer.expected.audience = null
	sasl.oauthbearer.expected.issuer = null
	sasl.oauthbearer.header.urlencode = false
	sasl.oauthbearer.jwks.endpoint.refresh.ms = 3600000
	sasl.oauthbearer.jwks.endpoint.retry.backoff.max.ms = 10000
	sasl.oauthbearer.jwks.endpoint.retry.backoff.ms = 100
	sasl.oauthbearer.jwks.endpoint.url = null
	sasl.oauthbearer.scope.claim.name = scope
	sasl.oauthbearer.sub.claim.name = sub
	sasl.oauthbearer.token.endpoint.url = null
	security.protocol = PLAINTEXT
	security.providers = null
	send.buffer.bytes = 131072
	socket.connection.setup.timeout.max.ms = 30000
	socket.connection.setup.timeout.ms = 10000
	ssl.cipher.suites = null
	ssl.enabled.protocols = [TLSv1.2, TLSv1.3]
	ssl.endpoint.identification.algorithm = https
	ssl.engine.factory.class = null
	ssl.key.password = null
	ssl.keymanager.algorithm = SunX509
	ssl.keystore.certificate.chain = null
	ssl.keystore.key = null
	ssl.keystore.location = null
	ssl.keystore.password = null
	ssl.keystore.type = JKS
	ssl.protocol = TLSv1.3
	ssl.provider = null
	ssl.secure.random.implementation = null
	ssl.trustmanager.algorithm = PKIX
	ssl.truststore.certificates = null
	ssl.truststore.location = null
	ssl.truststore.password = null
	ssl.truststore.type = JKS
	transaction.timeout.ms = 60000
	transactional.id = null
	value.serializer = class io.apicurio.registry.serde.protobuf.ProtobufKafkaSerializer

2025-08-06 18:55:06,800 INFO  [org.apa.kaf.com.tel.int.KafkaMetricsCollector] (main) initializing Kafka metrics collector
2025-08-06 18:55:06,803 INFO  [org.apa.kaf.cli.pro.KafkaProducer] (main) [Producer clientId=Producer-topic-25caa0a7_3de5_4b0e_ba89_b2ae128a2577] Instantiated an idempotent producer.
2025-08-06 18:55:06,805 INFO  [org.apa.kaf.cli.pro.ProducerConfig] (main) These configurations '[apicurio.registry.url, apicurio.registry.auto-register, apicurio.registry.artifact-resolver-strategy]' were supplied but are not used yet.
2025-08-06 18:55:06,805 INFO  [org.apa.kaf.com.uti.AppInfoParser] (main) Kafka version: 3.9.1
2025-08-06 18:55:06,805 INFO  [org.apa.kaf.com.uti.AppInfoParser] (main) Kafka commitId: f745dfdcee2b9851
2025-08-06 18:55:06,805 INFO  [org.apa.kaf.com.uti.AppInfoParser] (main) Kafka startTimeMs: 1754506506805
2025-08-06 18:55:06,805 INFO  [io.api.tes.ser.api.SimpleSerdesTesterBuilder$SimpleSerdesTester] (main) Using producer configuration: {apicurio.registry.url=http://registry-app-pg17.apps.ci419.apicurio-testing.org:80/apis/registry/v3, apicurio.registry.auto-register=true, apicurio.registry.artifact-resolver-strategy=io.apicurio.registry.serde.strategy.TopicIdStrategy, value.serializer=io.apicurio.registry.serde.protobuf.ProtobufKafkaSerializer, request.timeout.ms=5000, acks=all, bootstrap.servers=PLAINTEXT://localhost:32769, connections.max.idle.ms=10000, key.serializer=org.apache.kafka.common.serialization.StringSerializer, client.id=Producer-topic-25caa0a7_3de5_4b0e_ba89_b2ae128a2577}
2025-08-06 18:55:06,805 INFO  [io.api.tes.ser.api.SimpleSerdesTesterBuilder$SimpleSerdesTester] (main) Using consumer configuration: {apicurio.registry.deserializer.value.return-class=com.google.protobuf.DynamicMessage}
2025-08-06 18:55:06,806 INFO  [io.api.tes.ser.api.KafkaSerdesTester] (Thread-808) Sending message header {
  time {
  }
}
d1: 1.754506506806E12
s1: "a"
i1: 123
bi1: 1
point {
  longitude: 22.0
  latitude: 22.0
  altitude: 1.0
}
 to topic topic-25caa0a7_3de5_4b0e_ba89_b2ae128a2577
2025-08-06 18:55:06,809 WARN  [org.apa.kaf.cli.NetworkClient] (kafka-producer-network-thread | Producer-topic-25caa0a7_3de5_4b0e_ba89_b2ae128a2577) [Producer clientId=Producer-topic-25caa0a7_3de5_4b0e_ba89_b2ae128a2577] The metadata response from the cluster reported a recoverable issue with correlation id 1 : {topic-25caa0a7_3de5_4b0e_ba89_b2ae128a2577=UNKNOWN_TOPIC_OR_PARTITION}
2025-08-06 18:55:06,809 INFO  [org.apa.kaf.cli.Metadata] (kafka-producer-network-thread | Producer-topic-25caa0a7_3de5_4b0e_ba89_b2ae128a2577) [Producer clientId=Producer-topic-25caa0a7_3de5_4b0e_ba89_b2ae128a2577] Cluster ID: igMICRUWSZmdRuxlP-JQ6A
2025-08-06 18:55:06,811 INFO  [org.apa.kaf.cli.pro.int.TransactionManager] (kafka-producer-network-thread | Producer-topic-25caa0a7_3de5_4b0e_ba89_b2ae128a2577) [Producer clientId=Producer-topic-25caa0a7_3de5_4b0e_ba89_b2ae128a2577] ProducerId set to 38 with epoch 0
2025-08-06 18:55:07,197 INFO  [io.api.tes.ser.api.KafkaSerdesTester] (Thread-808) Sending message header {
  time {
  }
}
d1: 1.754506507197E12
s1: "a"
i1: 123
bi1: 1
point {
  longitude: 22.0
  latitude: 22.0
  altitude: 1.0
}
 to topic topic-25caa0a7_3de5_4b0e_ba89_b2ae128a2577
2025-08-06 18:55:07,292 INFO  [io.api.tes.ser.api.KafkaSerdesTester] (Thread-808) Sending message header {
  time {
  }
}
d1: 1.754506507292E12
s1: "a"
i1: 123
bi1: 1
point {
  longitude: 22.0
  latitude: 22.0
  altitude: 1.0
}
 to topic topic-25caa0a7_3de5_4b0e_ba89_b2ae128a2577
2025-08-06 18:55:07,389 INFO  [io.api.tes.ser.api.KafkaSerdesTester] (Thread-808) Sending message header {
  time {
  }
}
d1: 1.754506507388E12
s1: "a"
i1: 123
bi1: 1
point {
  longitude: 22.0
  latitude: 22.0
  altitude: 1.0
}
 to topic topic-25caa0a7_3de5_4b0e_ba89_b2ae128a2577
2025-08-06 18:55:07,485 INFO  [io.api.tes.ser.api.KafkaSerdesTester] (Thread-808) Sending message header {
  time {
  }
}
d1: 1.754506507485E12
s1: "a"
i1: 123
bi1: 1
point {
  longitude: 22.0
  latitude: 22.0
  altitude: 1.0
}
 to topic topic-25caa0a7_3de5_4b0e_ba89_b2ae128a2577
2025-08-06 18:55:07,581 INFO  [io.api.tes.ser.api.KafkaSerdesTester] (Thread-808) Sending message header {
  time {
  }
}
d1: 1.75450650758E12
s1: "a"
i1: 123
bi1: 1
point {
  longitude: 22.0
  latitude: 22.0
  altitude: 1.0
}
 to topic topic-25caa0a7_3de5_4b0e_ba89_b2ae128a2577
2025-08-06 18:55:07,678 INFO  [io.api.tes.ser.api.KafkaSerdesTester] (Thread-808) Sending message header {
  time {
  }
}
d1: 1.754506507677E12
s1: "a"
i1: 123
bi1: 1
point {
  longitude: 22.0
  latitude: 22.0
  altitude: 1.0
}
 to topic topic-25caa0a7_3de5_4b0e_ba89_b2ae128a2577
2025-08-06 18:55:07,775 INFO  [io.api.tes.ser.api.KafkaSerdesTester] (Thread-808) Sending message header {
  time {
  }
}
d1: 1.754506507774E12
s1: "a"
i1: 123
bi1: 1
point {
  longitude: 22.0
  latitude: 22.0
  altitude: 1.0
}
 to topic topic-25caa0a7_3de5_4b0e_ba89_b2ae128a2577
2025-08-06 18:55:07,871 INFO  [io.api.tes.ser.api.KafkaSerdesTester] (Thread-808) Sending message header {
  time {
  }
}
d1: 1.754506507871E12
s1: "a"
i1: 123
bi1: 1
point {
  longitude: 22.0
  latitude: 22.0
  altitude: 1.0
}
 to topic topic-25caa0a7_3de5_4b0e_ba89_b2ae128a2577
2025-08-06 18:55:07,967 INFO  [io.api.tes.ser.api.KafkaSerdesTester] (Thread-808) Sending message header {
  time {
  }
}
d1: 1.754506507966E12
s1: "a"
i1: 123
bi1: 1
point {
  longitude: 22.0
  latitude: 22.0
  altitude: 1.0
}
 to topic topic-25caa0a7_3de5_4b0e_ba89_b2ae128a2577
2025-08-06 18:55:08,063 INFO  [io.api.tes.ser.api.KafkaSerdesTester] (Thread-808) Produced 10 messages
2025-08-06 18:55:08,064 INFO  [org.apa.kaf.cli.pro.KafkaProducer] (Thread-808) [Producer clientId=Producer-topic-25caa0a7_3de5_4b0e_ba89_b2ae128a2577] Closing the Kafka producer with timeoutMillis = 9223372036854775807 ms.
2025-08-06 18:55:08,065 INFO  [org.apa.kaf.com.met.Metrics] (Thread-808) Metrics scheduler closed
2025-08-06 18:55:08,065 INFO  [org.apa.kaf.com.met.Metrics] (Thread-808) Closing reporter org.apache.kafka.common.metrics.JmxReporter
2025-08-06 18:55:08,065 INFO  [org.apa.kaf.com.met.Metrics] (Thread-808) Closing reporter org.apache.kafka.common.telemetry.internals.ClientTelemetryReporter
2025-08-06 18:55:08,065 INFO  [org.apa.kaf.com.met.Metrics] (Thread-808) Metrics reporters closed
2025-08-06 18:55:08,065 INFO  [org.apa.kaf.com.uti.AppInfoParser] (Thread-808) App info kafka.producer for Producer-topic-25caa0a7_3de5_4b0e_ba89_b2ae128a2577 unregistered
**** Registry Base URL: http://registry-app-pg17.apps.ci419.apicurio-testing.org:80
2025-08-06 18:55:08,225 INFO  [org.apa.kaf.cli.con.ConsumerConfig] (main) ConsumerConfig values: 
	allow.auto.create.topics = true
	auto.commit.interval.ms = 500
	auto.include.jmx.reporter = true
	auto.offset.reset = earliest
	bootstrap.servers = [PLAINTEXT://localhost:32769]
	check.crcs = true
	client.dns.lookup = use_all_dns_ips
	client.id = consumer-Consumer-topic-25caa0a7_3de5_4b0e_ba89_b2ae128a2577-29
	client.rack = 
	connections.max.idle.ms = 10000
	default.api.timeout.ms = 60000
	enable.auto.commit = true
	enable.metrics.push = true
	exclude.internal.topics = true
	fetch.max.bytes = 52428800
	fetch.max.wait.ms = 500
	fetch.min.bytes = 1
	group.id = Consumer-topic-25caa0a7_3de5_4b0e_ba89_b2ae128a2577
	group.instance.id = null
	group.protocol = classic
	group.remote.assignor = null
	heartbeat.interval.ms = 3000
	interceptor.classes = []
	internal.leave.group.on.close = true
	internal.throw.on.fetch.stable.offset.unsupported = false
	isolation.level = read_uncommitted
	key.deserializer = class org.apache.kafka.common.serialization.StringDeserializer
	max.partition.fetch.bytes = 1048576
	max.poll.interval.ms = 300000
	max.poll.records = 500
	metadata.max.age.ms = 300000
	metadata.recovery.strategy = none
	metric.reporters = []
	metrics.num.samples = 2
	metrics.recording.level = INFO
	metrics.sample.window.ms = 30000
	partition.assignment.strategy = [class org.apache.kafka.clients.consumer.RangeAssignor, class org.apache.kafka.clients.consumer.CooperativeStickyAssignor]
	receive.buffer.bytes = 65536
	reconnect.backoff.max.ms = 1000
	reconnect.backoff.ms = 50
	request.timeout.ms = 5000
	retry.backoff.max.ms = 1000
	retry.backoff.ms = 100
	sasl.client.callback.handler.class = null
	sasl.jaas.config = null
	sasl.kerberos.kinit.cmd = /usr/bin/kinit
	sasl.kerberos.min.time.before.relogin = 60000
	sasl.kerberos.service.name = null
	sasl.kerberos.ticket.renew.jitter = 0.05
	sasl.kerberos.ticket.renew.window.factor = 0.8
	sasl.login.callback.handler.class = null
	sasl.login.class = null
	sasl.login.connect.timeout.ms = null
	sasl.login.read.timeout.ms = null
	sasl.login.refresh.buffer.seconds = 300
	sasl.login.refresh.min.period.seconds = 60
	sasl.login.refresh.window.factor = 0.8
	sasl.login.refresh.window.jitter = 0.05
	sasl.login.retry.backoff.max.ms = 10000
	sasl.login.retry.backoff.ms = 100
	sasl.mechanism = GSSAPI
	sasl.oauthbearer.clock.skew.seconds = 30
	sasl.oauthbearer.expected.audience = null
	sasl.oauthbearer.expected.issuer = null
	sasl.oauthbearer.header.urlencode = false
	sasl.oauthbearer.jwks.endpoint.refresh.ms = 3600000
	sasl.oauthbearer.jwks.endpoint.retry.backoff.max.ms = 10000
	sasl.oauthbearer.jwks.endpoint.retry.backoff.ms = 100
	sasl.oauthbearer.jwks.endpoint.url = null
	sasl.oauthbearer.scope.claim.name = scope
	sasl.oauthbearer.sub.claim.name = sub
	sasl.oauthbearer.token.endpoint.url = null
	security.protocol = PLAINTEXT
	security.providers = null
	send.buffer.bytes = 131072
	session.timeout.ms = 45000
	socket.connection.setup.timeout.max.ms = 30000
	socket.connection.setup.timeout.ms = 10000
	ssl.cipher.suites = null
	ssl.enabled.protocols = [TLSv1.2, TLSv1.3]
	ssl.endpoint.identification.algorithm = https
	ssl.engine.factory.class = null
	ssl.key.password = null
	ssl.keymanager.algorithm = SunX509
	ssl.keystore.certificate.chain = null
	ssl.keystore.key = null
	ssl.keystore.location = null
	ssl.keystore.password = null
	ssl.keystore.type = JKS
	ssl.protocol = TLSv1.3
	ssl.provider = null
	ssl.secure.random.implementation = null
	ssl.trustmanager.algorithm = PKIX
	ssl.truststore.certificates = null
	ssl.truststore.location = null
	ssl.truststore.password = null
	ssl.truststore.type = JKS
	value.deserializer = class io.apicurio.registry.serde.protobuf.ProtobufKafkaDeserializer

2025-08-06 18:55:08,225 INFO  [org.apa.kaf.com.tel.int.KafkaMetricsCollector] (main) initializing Kafka metrics collector
2025-08-06 18:55:08,229 INFO  [org.apa.kaf.cli.con.ConsumerConfig] (main) These configurations '[apicurio.registry.deserializer.value.return-class, apicurio.registry.url]' were supplied but are not used yet.
2025-08-06 18:55:08,229 INFO  [org.apa.kaf.com.uti.AppInfoParser] (main) Kafka version: 3.9.1
2025-08-06 18:55:08,229 INFO  [org.apa.kaf.com.uti.AppInfoParser] (main) Kafka commitId: f745dfdcee2b9851
2025-08-06 18:55:08,229 INFO  [org.apa.kaf.com.uti.AppInfoParser] (main) Kafka startTimeMs: 1754506508229
2025-08-06 18:55:08,229 INFO  [org.apa.kaf.cli.con.int.ClassicKafkaConsumer] (Thread-811) [Consumer clientId=consumer-Consumer-topic-25caa0a7_3de5_4b0e_ba89_b2ae128a2577-29, groupId=Consumer-topic-25caa0a7_3de5_4b0e_ba89_b2ae128a2577] Subscribed to topic(s): topic-25caa0a7_3de5_4b0e_ba89_b2ae128a2577
2025-08-06 18:55:08,232 INFO  [org.apa.kaf.cli.Metadata] (Thread-811) [Consumer clientId=consumer-Consumer-topic-25caa0a7_3de5_4b0e_ba89_b2ae128a2577-29, groupId=Consumer-topic-25caa0a7_3de5_4b0e_ba89_b2ae128a2577] Cluster ID: igMICRUWSZmdRuxlP-JQ6A
2025-08-06 18:55:08,232 INFO  [org.apa.kaf.cli.con.int.ConsumerCoordinator] (Thread-811) [Consumer clientId=consumer-Consumer-topic-25caa0a7_3de5_4b0e_ba89_b2ae128a2577-29, groupId=Consumer-topic-25caa0a7_3de5_4b0e_ba89_b2ae128a2577] Discovered group coordinator localhost:32769 (id: 2147483647 rack: null)
2025-08-06 18:55:08,233 INFO  [org.apa.kaf.cli.con.int.ConsumerCoordinator] (Thread-811) [Consumer clientId=consumer-Consumer-topic-25caa0a7_3de5_4b0e_ba89_b2ae128a2577-29, groupId=Consumer-topic-25caa0a7_3de5_4b0e_ba89_b2ae128a2577] (Re-)joining group
2025-08-06 18:55:08,235 INFO  [org.apa.kaf.cli.con.int.ConsumerCoordinator] (Thread-811) [Consumer clientId=consumer-Consumer-topic-25caa0a7_3de5_4b0e_ba89_b2ae128a2577-29, groupId=Consumer-topic-25caa0a7_3de5_4b0e_ba89_b2ae128a2577] Request joining group due to: need to re-join with the given member-id: consumer-Consumer-topic-25caa0a7_3de5_4b0e_ba89_b2ae128a2577-29-3b581aab-de0d-4d6e-a1db-34d35ff5a462
2025-08-06 18:55:08,235 INFO  [org.apa.kaf.cli.con.int.ConsumerCoordinator] (Thread-811) [Consumer clientId=consumer-Consumer-topic-25caa0a7_3de5_4b0e_ba89_b2ae128a2577-29, groupId=Consumer-topic-25caa0a7_3de5_4b0e_ba89_b2ae128a2577] (Re-)joining group
2025-08-06 18:55:09,229 INFO  [io.api.tes.ser.api.KafkaSerdesTester] (Thread-811) None found
2025-08-06 18:55:10,229 INFO  [io.api.tes.ser.api.KafkaSerdesTester] (Thread-811) None found
2025-08-06 18:55:11,229 INFO  [io.api.tes.ser.api.KafkaSerdesTester] (Thread-811) None found
2025-08-06 18:55:11,236 INFO  [org.apa.kaf.cli.con.int.ConsumerCoordinator] (Thread-811) [Consumer clientId=consumer-Consumer-topic-25caa0a7_3de5_4b0e_ba89_b2ae128a2577-29, groupId=Consumer-topic-25caa0a7_3de5_4b0e_ba89_b2ae128a2577] Successfully joined group with generation Generation{generationId=1, memberId='consumer-Consumer-topic-25caa0a7_3de5_4b0e_ba89_b2ae128a2577-29-3b581aab-de0d-4d6e-a1db-34d35ff5a462', protocol='range'}
2025-08-06 18:55:11,237 INFO  [org.apa.kaf.cli.con.int.ConsumerCoordinator] (Thread-811) [Consumer clientId=consumer-Consumer-topic-25caa0a7_3de5_4b0e_ba89_b2ae128a2577-29, groupId=Consumer-topic-25caa0a7_3de5_4b0e_ba89_b2ae128a2577] Finished assignment for group at generation 1: {consumer-Consumer-topic-25caa0a7_3de5_4b0e_ba89_b2ae128a2577-29-3b581aab-de0d-4d6e-a1db-34d35ff5a462=Assignment(partitions=[topic-25caa0a7_3de5_4b0e_ba89_b2ae128a2577-0])}
2025-08-06 18:55:11,243 INFO  [org.apa.kaf.cli.con.int.ConsumerCoordinator] (Thread-811) [Consumer clientId=consumer-Consumer-topic-25caa0a7_3de5_4b0e_ba89_b2ae128a2577-29, groupId=Consumer-topic-25caa0a7_3de5_4b0e_ba89_b2ae128a2577] Successfully synced group in generation Generation{generationId=1, memberId='consumer-Consumer-topic-25caa0a7_3de5_4b0e_ba89_b2ae128a2577-29-3b581aab-de0d-4d6e-a1db-34d35ff5a462', protocol='range'}
2025-08-06 18:55:11,243 INFO  [org.apa.kaf.cli.con.int.ConsumerCoordinator] (Thread-811) [Consumer clientId=consumer-Consumer-topic-25caa0a7_3de5_4b0e_ba89_b2ae128a2577-29, groupId=Consumer-topic-25caa0a7_3de5_4b0e_ba89_b2ae128a2577] Notifying assignor about the new Assignment(partitions=[topic-25caa0a7_3de5_4b0e_ba89_b2ae128a2577-0])
2025-08-06 18:55:11,243 INFO  [org.apa.kaf.cli.con.int.ConsumerRebalanceListenerInvoker] (Thread-811) [Consumer clientId=consumer-Consumer-topic-25caa0a7_3de5_4b0e_ba89_b2ae128a2577-29, groupId=Consumer-topic-25caa0a7_3de5_4b0e_ba89_b2ae128a2577] Adding newly assigned partitions: topic-25caa0a7_3de5_4b0e_ba89_b2ae128a2577-0
2025-08-06 18:55:11,244 INFO  [org.apa.kaf.cli.con.int.ConsumerCoordinator] (Thread-811) [Consumer clientId=consumer-Consumer-topic-25caa0a7_3de5_4b0e_ba89_b2ae128a2577-29, groupId=Consumer-topic-25caa0a7_3de5_4b0e_ba89_b2ae128a2577] Found no committed offset for partition topic-25caa0a7_3de5_4b0e_ba89_b2ae128a2577-0
2025-08-06 18:55:11,246 INFO  [org.apa.kaf.cli.con.int.SubscriptionState] (Thread-811) [Consumer clientId=consumer-Consumer-topic-25caa0a7_3de5_4b0e_ba89_b2ae128a2577-29, groupId=Consumer-topic-25caa0a7_3de5_4b0e_ba89_b2ae128a2577] Resetting offset for partition topic-25caa0a7_3de5_4b0e_ba89_b2ae128a2577-0 to position FetchPosition{offset=0, offsetEpoch=Optional.empty, currentLeader=LeaderAndEpoch{leader=Optional[localhost:32769 (id: 0 rack: null)], epoch=0}}.
2025-08-06 18:55:11,748 INFO  [io.api.tes.ser.api.KafkaSerdesTester] (Thread-811) topic-25caa0a7_3de5_4b0e_ba89_b2ae128a2577 0 0 header {
  time {
  }
}
d1: 1.754506506806E12
s1: "a"
i1: 123
bi1: 1
point {
  longitude: 22.0
  latitude: 22.0
  altitude: 1.0
}

2025-08-06 18:55:11,748 INFO  [io.api.tes.ser.api.KafkaSerdesTester] (Thread-811) topic-25caa0a7_3de5_4b0e_ba89_b2ae128a2577 0 1 header {
  time {
  }
}
d1: 1.754506507197E12
s1: "a"
i1: 123
bi1: 1
point {
  longitude: 22.0
  latitude: 22.0
  altitude: 1.0
}

2025-08-06 18:55:11,748 INFO  [io.api.tes.ser.api.KafkaSerdesTester] (Thread-811) topic-25caa0a7_3de5_4b0e_ba89_b2ae128a2577 0 2 header {
  time {
  }
}
d1: 1.754506507292E12
s1: "a"
i1: 123
bi1: 1
point {
  longitude: 22.0
  latitude: 22.0
  altitude: 1.0
}

2025-08-06 18:55:11,748 INFO  [io.api.tes.ser.api.KafkaSerdesTester] (Thread-811) topic-25caa0a7_3de5_4b0e_ba89_b2ae128a2577 0 3 header {
  time {
  }
}
d1: 1.754506507388E12
s1: "a"
i1: 123
bi1: 1
point {
  longitude: 22.0
  latitude: 22.0
  altitude: 1.0
}

2025-08-06 18:55:11,748 INFO  [io.api.tes.ser.api.KafkaSerdesTester] (Thread-811) topic-25caa0a7_3de5_4b0e_ba89_b2ae128a2577 0 4 header {
  time {
  }
}
d1: 1.754506507485E12
s1: "a"
i1: 123
bi1: 1
point {
  longitude: 22.0
  latitude: 22.0
  altitude: 1.0
}

2025-08-06 18:55:11,748 INFO  [io.api.tes.ser.api.KafkaSerdesTester] (Thread-811) topic-25caa0a7_3de5_4b0e_ba89_b2ae128a2577 0 5 header {
  time {
  }
}
d1: 1.75450650758E12
s1: "a"
i1: 123
bi1: 1
point {
  longitude: 22.0
  latitude: 22.0
  altitude: 1.0
}

2025-08-06 18:55:11,748 INFO  [io.api.tes.ser.api.KafkaSerdesTester] (Thread-811) topic-25caa0a7_3de5_4b0e_ba89_b2ae128a2577 0 6 header {
  time {
  }
}
d1: 1.754506507677E12
s1: "a"
i1: 123
bi1: 1
point {
  longitude: 22.0
  latitude: 22.0
  altitude: 1.0
}

2025-08-06 18:55:11,748 INFO  [io.api.tes.ser.api.KafkaSerdesTester] (Thread-811) topic-25caa0a7_3de5_4b0e_ba89_b2ae128a2577 0 7 header {
  time {
  }
}
d1: 1.754506507774E12
s1: "a"
i1: 123
bi1: 1
point {
  longitude: 22.0
  latitude: 22.0
  altitude: 1.0
}

2025-08-06 18:55:11,748 INFO  [io.api.tes.ser.api.KafkaSerdesTester] (Thread-811) topic-25caa0a7_3de5_4b0e_ba89_b2ae128a2577 0 8 header {
  time {
  }
}
d1: 1.754506507871E12
s1: "a"
i1: 123
bi1: 1
point {
  longitude: 22.0
  latitude: 22.0
  altitude: 1.0
}

2025-08-06 18:55:11,749 INFO  [io.api.tes.ser.api.KafkaSerdesTester] (Thread-811) topic-25caa0a7_3de5_4b0e_ba89_b2ae128a2577 0 9 header {
  time {
  }
}
d1: 1.754506507966E12
s1: "a"
i1: 123
bi1: 1
point {
  longitude: 22.0
  latitude: 22.0
  altitude: 1.0
}

2025-08-06 18:55:11,749 INFO  [io.api.tes.ser.api.KafkaSerdesTester] (Thread-811) Consumed 10 messages
2025-08-06 18:55:11,754 INFO  [org.apa.kaf.cli.con.int.ConsumerRebalanceListenerInvoker] (Thread-811) [Consumer clientId=consumer-Consumer-topic-25caa0a7_3de5_4b0e_ba89_b2ae128a2577-29, groupId=Consumer-topic-25caa0a7_3de5_4b0e_ba89_b2ae128a2577] Revoke previously assigned partitions topic-25caa0a7_3de5_4b0e_ba89_b2ae128a2577-0
2025-08-06 18:55:11,754 INFO  [org.apa.kaf.cli.con.int.ConsumerCoordinator] (Thread-811) [Consumer clientId=consumer-Consumer-topic-25caa0a7_3de5_4b0e_ba89_b2ae128a2577-29, groupId=Consumer-topic-25caa0a7_3de5_4b0e_ba89_b2ae128a2577] Member consumer-Consumer-topic-25caa0a7_3de5_4b0e_ba89_b2ae128a2577-29-3b581aab-de0d-4d6e-a1db-34d35ff5a462 sending LeaveGroup request to coordinator localhost:32769 (id: 2147483647 rack: null) due to the consumer is being closed
2025-08-06 18:55:11,754 INFO  [org.apa.kaf.cli.con.int.ConsumerCoordinator] (Thread-811) [Consumer clientId=consumer-Consumer-topic-25caa0a7_3de5_4b0e_ba89_b2ae128a2577-29, groupId=Consumer-topic-25caa0a7_3de5_4b0e_ba89_b2ae128a2577] Resetting generation and member id due to: consumer pro-actively leaving the group
2025-08-06 18:55:11,754 INFO  [org.apa.kaf.cli.con.int.ConsumerCoordinator] (Thread-811) [Consumer clientId=consumer-Consumer-topic-25caa0a7_3de5_4b0e_ba89_b2ae128a2577-29, groupId=Consumer-topic-25caa0a7_3de5_4b0e_ba89_b2ae128a2577] Request joining group due to: consumer pro-actively leaving the group
2025-08-06 18:55:12,251 INFO  [org.apa.kaf.com.met.Metrics] (Thread-811) Metrics scheduler closed
2025-08-06 18:55:12,251 INFO  [org.apa.kaf.com.met.Metrics] (Thread-811) Closing reporter org.apache.kafka.common.metrics.JmxReporter
2025-08-06 18:55:12,251 INFO  [org.apa.kaf.com.met.Metrics] (Thread-811) Closing reporter org.apache.kafka.common.telemetry.internals.ClientTelemetryReporter
2025-08-06 18:55:12,251 INFO  [org.apa.kaf.com.met.Metrics] (Thread-811) Metrics reporters closed
2025-08-06 18:55:12,253 INFO  [org.apa.kaf.com.uti.AppInfoParser] (Thread-811) App info kafka.consumer for consumer-Consumer-topic-25caa0a7_3de5_4b0e_ba89_b2ae128a2577-29 unregistered
2025-08-06 18:55:12,339 INFO  [io.api.tes.uti.TestSeparator] (main) io.apicurio.tests.serdes.apicurio.ProtobufSerdeIT.testAutoRegisterDynamicMessageProtobufType-FINISHED
2025-08-06 18:55:12,339 INFO  [io.api.tes.uti.TestSeparator] (main) ############################################################################
Test passed: testAutoRegisterDynamicMessageProtobufType
]]></system-out>
  </testcase>
</testsuite>