<?xml version="1.0" encoding="UTF-8"?>
<testsuite xmlns:xsi="http://www.w3.org/2001/XMLSchema-instance" xsi:noNamespaceSchemaLocation="https://maven.apache.org/surefire/maven-failsafe-plugin/xsd/failsafe-test-report.xsd" version="3.0.2" name="io.apicurio.tests.serdes.confluent.BasicConfluentSerDesIT" time="46.339" tests="8" errors="0" skipped="0" failures="0">
  <properties>
    <property name="java.specification.version" value="17"/>
    <property name="sun.jnu.encoding" value="UTF-8"/>
    <property name="java.class.path" value="/home/runner/work/apicurio-testing/apicurio-testing/clusters/ci419/namespaces/pg17/tests/integration/apicurio-registry/integration-tests/target/test-classes:/home/runner/work/apicurio-testing/apicurio-testing/clusters/ci419/namespaces/pg17/tests/integration/apicurio-registry/integration-tests/target/apicurio-registry-integration-tests-3.0.12-SNAPSHOT.jar:/home/runner/.m2/repository/io/quarkus/quarkus-junit5/3.20.2/quarkus-junit5-3.20.2.jar:/home/runner/.m2/repository/io/quarkus/quarkus-bootstrap-core/3.20.2/quarkus-bootstrap-core-3.20.2.jar:/home/runner/.m2/repository/io/quarkus/quarkus-classloader-commons/3.20.2/quarkus-classloader-commons-3.20.2.jar:/home/runner/.m2/repository/io/quarkus/quarkus-bootstrap-app-model/3.20.2/quarkus-bootstrap-app-model-3.20.2.jar:/home/runner/.m2/repository/io/smallrye/common/smallrye-common-io/2.12.0/smallrye-common-io-2.12.0.jar:/home/runner/.m2/repository/org/eclipse/sisu/org.eclipse.sisu.inject/0.9.0.M3/org.eclipse.sisu.inject-0.9.0.M3.jar:/home/runner/.m2/repository/io/quarkus/quarkus-test-common/3.20.2/quarkus-test-common-3.20.2.jar:/home/runner/.m2/repository/io/quarkus/quarkus-core-deployment/3.20.2/quarkus-core-deployment-3.20.2.jar:/home/runner/.m2/repository/org/aesh/readline/2.6/readline-2.6.jar:/home/runner/.m2/repository/org/fusesource/jansi/jansi/2.4.0/jansi-2.4.0.jar:/home/runner/.m2/repository/org/aesh/aesh/2.8.2/aesh-2.8.2.jar:/home/runner/.m2/repository/io/quarkus/gizmo/gizmo/1.8.0/gizmo-1.8.0.jar:/home/runner/.m2/repository/org/ow2/asm/asm-util/9.7.1/asm-util-9.7.1.jar:/home/runner/.m2/repository/org/ow2/asm/asm-analysis/9.7.1/asm-analysis-9.7.1.jar:/home/runner/.m2/repository/org/ow2/asm/asm-commons/9.7.1/asm-commons-9.7.1.jar:/home/runner/.m2/repository/org/ow2/asm/asm-tree/9.7.1/asm-tree-9.7.1.jar:/home/runner/.m2/repository/io/quarkus/quarkus-hibernate-validator-spi/3.20.2/quarkus-hibernate-validator-spi-3.20.2.jar:/home/runner/.m2/repository/io/quarkus/quarkus-class-change-agent/3.20.2/quarkus-class-change-agent-3.20.2.jar:/home/runner/.m2/repository/io/quarkus/quarkus-devtools-utilities/3.20.2/quarkus-devtools-utilities-3.20.2.jar:/home/runner/.m2/repository/io/quarkus/quarkus-builder/3.20.2/quarkus-builder-3.20.2.jar:/home/runner/.m2/repository/org/graalvm/sdk/nativeimage/23.1.2/nativeimage-23.1.2.jar:/home/runner/.m2/repository/org/graalvm/sdk/word/23.1.2/word-23.1.2.jar:/home/runner/.m2/repository/io/quarkus/quarkus-bootstrap-maven-resolver/3.20.2/quarkus-bootstrap-maven-resolver-3.20.2.jar:/home/runner/.m2/repository/io/smallrye/beanbag/smallrye-beanbag-maven/1.5.2/smallrye-beanbag-maven-1.5.2.jar:/home/runner/.m2/repository/io/smallrye/beanbag/smallrye-beanbag-sisu/1.5.2/smallrye-beanbag-sisu-1.5.2.jar:/home/runner/.m2/repository/io/smallrye/beanbag/smallrye-beanbag/1.5.2/smallrye-beanbag-1.5.2.jar:/home/runner/.m2/repository/javax/inject/javax.inject/1/javax.inject-1.jar:/home/runner/.m2/repository/org/apache/maven/maven-artifact/3.9.9/maven-artifact-3.9.9.jar:/home/runner/.m2/repository/org/apache/maven/maven-builder-support/3.9.9/maven-builder-support-3.9.9.jar:/home/runner/.m2/repository/org/apache/maven/maven-model/3.9.9/maven-model-3.9.9.jar:/home/runner/.m2/repository/org/apache/maven/maven-model-builder/3.9.9/maven-model-builder-3.9.9.jar:/home/runner/.m2/repository/org/apache/maven/maven-repository-metadata/3.9.9/maven-repository-metadata-3.9.9.jar:/home/runner/.m2/repository/org/apache/maven/maven-settings/3.9.9/maven-settings-3.9.9.jar:/home/runner/.m2/repository/org/apache/maven/resolver/maven-resolver-api/1.9.22/maven-resolver-api-1.9.22.jar:/home/runner/.m2/repository/org/apache/maven/resolver/maven-resolver-impl/1.9.22/maven-resolver-impl-1.9.22.jar:/home/runner/.m2/repository/org/apache/maven/resolver/maven-resolver-named-locks/1.9.22/maven-resolver-named-locks-1.9.22.jar:/home/runner/.m2/repository/org/apache/maven/resolver/maven-resolver-spi/1.9.22/maven-resolver-spi-1.9.22.jar:/home/runner/.m2/repository/org/apache/maven/resolver/maven-resolver-util/1.9.22/maven-resolver-util-1.9.22.jar:/home/runner/.m2/repository/org/apache/maven/resolver/maven-resolver-transport-http/1.9.20/maven-resolver-transport-http-1.9.20.jar:/home/runner/.m2/repository/org/apache/maven/wagon/wagon-provider-api/3.5.3/wagon-provider-api-3.5.3.jar:/home/runner/.m2/repository/org/apache/maven/wagon/wagon-http-shared/3.5.3/wagon-http-shared-3.5.3.jar:/home/runner/.m2/repository/org/codehaus/plexus/plexus-interpolation/1.26/plexus-interpolation-1.26.jar:/home/runner/.m2/repository/org/codehaus/plexus/plexus-utils/3.5.1/plexus-utils-3.5.1.jar:/home/runner/.m2/repository/org/codehaus/plexus/plexus-xml/4.0.1/plexus-xml-4.0.1.jar:/home/runner/.m2/repository/org/apache/maven/maven-xml-impl/4.0.0-alpha-5/maven-xml-impl-4.0.0-alpha-5.jar:/home/runner/.m2/repository/org/apache/maven/maven-api-xml/4.0.0-alpha-5/maven-api-xml-4.0.0-alpha-5.jar:/home/runner/.m2/repository/org/apache/maven/maven-api-meta/4.0.0-alpha-5/maven-api-meta-4.0.0-alpha-5.jar:/home/runner/.m2/repository/org/codehaus/plexus/plexus-cipher/2.0/plexus-cipher-2.0.jar:/home/runner/.m2/repository/org/codehaus/plexus/plexus-sec-dispatcher/2.0/plexus-sec-dispatcher-2.0.jar:/home/runner/.m2/repository/org/apache/maven/maven-embedder/3.9.9/maven-embedder-3.9.9.jar:/home/runner/.m2/repository/org/apache/maven/maven-core/3.9.9/maven-core-3.9.9.jar:/home/runner/.m2/repository/org/codehaus/plexus/plexus-component-annotations/2.1.0/plexus-component-annotations-2.1.0.jar:/home/runner/.m2/repository/org/apache/maven/maven-plugin-api/3.9.9/maven-plugin-api-3.9.9.jar:/home/runner/.m2/repository/org/apache/maven/shared/maven-shared-utils/3.4.2/maven-shared-utils-3.4.2.jar:/home/runner/.m2/repository/com/google/inject/guice/5.1.0/guice-5.1.0.jar:/home/runner/.m2/repository/aopalliance/aopalliance/1.0/aopalliance-1.0.jar:/home/runner/.m2/repository/org/codehaus/plexus/plexus-classworlds/2.6.0/plexus-classworlds-2.6.0.jar:/home/runner/.m2/repository/commons-cli/commons-cli/1.8.0/commons-cli-1.8.0.jar:/home/runner/.m2/repository/org/eclipse/sisu/org.eclipse.sisu.plexus/0.9.0.M3/org.eclipse.sisu.plexus-0.9.0.M3.jar:/home/runner/.m2/repository/org/apache/maven/maven-settings-builder/3.9.9/maven-settings-builder-3.9.9.jar:/home/runner/.m2/repository/org/apache/maven/maven-resolver-provider/3.9.9/maven-resolver-provider-3.9.9.jar:/home/runner/.m2/repository/org/apache/maven/resolver/maven-resolver-connector-basic/1.9.22/maven-resolver-connector-basic-1.9.22.jar:/home/runner/.m2/repository/org/apache/maven/resolver/maven-resolver-transport-wagon/1.9.22/maven-resolver-transport-wagon-1.9.22.jar:/home/runner/.m2/repository/org/apache/maven/wagon/wagon-http/3.5.3/wagon-http-3.5.3.jar:/home/runner/.m2/repository/org/apache/maven/wagon/wagon-file/3.5.3/wagon-file-3.5.3.jar:/home/runner/.m2/repository/io/quarkus/quarkus-bootstrap-gradle-resolver/3.20.2/quarkus-bootstrap-gradle-resolver-3.20.2.jar:/home/runner/.m2/repository/io/smallrye/jandex/3.3.0/jandex-3.3.0.jar:/home/runner/.m2/repository/org/jboss/logging/commons-logging-jboss-logging/1.0.0.Final/commons-logging-jboss-logging-1.0.0.Final.jar:/home/runner/.m2/repository/io/quarkus/quarkus-junit5-config/3.20.2/quarkus-junit5-config-3.20.2.jar:/home/runner/.m2/repository/org/junit/jupiter/junit-jupiter-api/5.12.1/junit-jupiter-api-5.12.1.jar:/home/runner/.m2/repository/io/smallrye/config/smallrye-config/3.11.4/smallrye-config-3.11.4.jar:/home/runner/.m2/repository/io/smallrye/config/smallrye-config-core/3.11.4/smallrye-config-core-3.11.4.jar:/home/runner/.m2/repository/io/smallrye/common/smallrye-common-classloader/2.12.0/smallrye-common-classloader-2.12.0.jar:/home/runner/.m2/repository/io/smallrye/config/smallrye-config-common/3.11.4/smallrye-config-common-3.11.4.jar:/home/runner/.m2/repository/org/junit/jupiter/junit-jupiter/5.12.1/junit-jupiter-5.12.1.jar:/home/runner/.m2/repository/org/junit/jupiter/junit-jupiter-params/5.12.1/junit-jupiter-params-5.12.1.jar:/home/runner/.m2/repository/org/junit/jupiter/junit-jupiter-engine/5.12.1/junit-jupiter-engine-5.12.1.jar:/home/runner/.m2/repository/io/quarkus/quarkus-core/3.20.2/quarkus-core-3.20.2.jar:/home/runner/.m2/repository/jakarta/enterprise/jakarta.enterprise.cdi-api/4.1.0/jakarta.enterprise.cdi-api-4.1.0.jar:/home/runner/.m2/repository/jakarta/enterprise/jakarta.enterprise.lang-model/4.1.0/jakarta.enterprise.lang-model-4.1.0.jar:/home/runner/.m2/repository/jakarta/el/jakarta.el-api/5.0.1/jakarta.el-api-5.0.1.jar:/home/runner/.m2/repository/jakarta/interceptor/jakarta.interceptor-api/2.2.0/jakarta.interceptor-api-2.2.0.jar:/home/runner/.m2/repository/jakarta/inject/jakarta.inject-api/2.0.1/jakarta.inject-api-2.0.1.jar:/home/runner/.m2/repository/io/smallrye/common/smallrye-common-os/2.12.0/smallrye-common-os-2.12.0.jar:/home/runner/.m2/repository/io/quarkus/quarkus-ide-launcher/3.20.2/quarkus-ide-launcher-3.20.2.jar:/home/runner/.m2/repository/io/quarkus/quarkus-development-mode-spi/3.20.2/quarkus-development-mode-spi-3.20.2.jar:/home/runner/.m2/repository/org/jboss/logging/jboss-logging/3.6.1.Final/jboss-logging-3.6.1.Final.jar:/home/runner/.m2/repository/org/jboss/logmanager/jboss-logmanager/3.1.2.Final/jboss-logmanager-3.1.2.Final.jar:/home/runner/.m2/repository/io/smallrye/common/smallrye-common-constraint/2.12.0/smallrye-common-constraint-2.12.0.jar:/home/runner/.m2/repository/io/smallrye/common/smallrye-common-cpu/2.12.0/smallrye-common-cpu-2.12.0.jar:/home/runner/.m2/repository/io/smallrye/common/smallrye-common-expression/2.12.0/smallrye-common-expression-2.12.0.jar:/home/runner/.m2/repository/io/smallrye/common/smallrye-common-net/2.12.0/smallrye-common-net-2.12.0.jar:/home/runner/.m2/repository/io/smallrye/common/smallrye-common-ref/2.12.0/smallrye-common-ref-2.12.0.jar:/home/runner/.m2/repository/jakarta/json/jakarta.json-api/2.1.3/jakarta.json-api-2.1.3.jar:/home/runner/.m2/repository/org/eclipse/parsson/parsson/1.1.7/parsson-1.1.7.jar:/home/runner/.m2/repository/org/jboss/logging/jboss-logging-annotations/3.0.4.Final/jboss-logging-annotations-3.0.4.Final.jar:/home/runner/.m2/repository/org/jboss/threads/jboss-threads/3.8.0.Final/jboss-threads-3.8.0.Final.jar:/home/runner/.m2/repository/io/smallrye/common/smallrye-common-annotation/2.12.0/smallrye-common-annotation-2.12.0.jar:/home/runner/.m2/repository/io/smallrye/common/smallrye-common-function/2.12.0/smallrye-common-function-2.12.0.jar:/home/runner/.m2/repository/org/jboss/slf4j/slf4j-jboss-logmanager/2.0.0.Final/slf4j-jboss-logmanager-2.0.0.Final.jar:/home/runner/.m2/repository/org/wildfly/common/wildfly-common/2.0.1/wildfly-common-2.0.1.jar:/home/runner/.m2/repository/io/quarkus/quarkus-bootstrap-runner/3.20.2/quarkus-bootstrap-runner-3.20.2.jar:/home/runner/.m2/repository/io/github/crac/org-crac/0.1.3/org-crac-0.1.3.jar:/home/runner/.m2/repository/io/quarkus/quarkus-fs-util/0.0.10/quarkus-fs-util-0.0.10.jar:/home/runner/.m2/repository/org/jboss/marshalling/jboss-marshalling/2.2.2.Final/jboss-marshalling-2.2.2.Final.jar:/home/runner/.m2/repository/io/fabric8/kubernetes-client/7.1.0/kubernetes-client-7.1.0.jar:/home/runner/.m2/repository/io/fabric8/kubernetes-client-api/7.1.0/kubernetes-client-api-7.1.0.jar:/home/runner/.m2/repository/io/fabric8/kubernetes-model-core/7.1.0/kubernetes-model-core-7.1.0.jar:/home/runner/.m2/repository/io/fabric8/kubernetes-model-common/7.1.0/kubernetes-model-common-7.1.0.jar:/home/runner/.m2/repository/javax/annotation/javax.annotation-api/1.3.2/javax.annotation-api-1.3.2.jar:/home/runner/.m2/repository/io/fabric8/kubernetes-model-gatewayapi/7.1.0/kubernetes-model-gatewayapi-7.1.0.jar:/home/runner/.m2/repository/io/fabric8/kubernetes-model-resource/7.1.0/kubernetes-model-resource-7.1.0.jar:/home/runner/.m2/repository/io/fabric8/kubernetes-model-rbac/7.1.0/kubernetes-model-rbac-7.1.0.jar:/home/runner/.m2/repository/io/fabric8/kubernetes-model-admissionregistration/7.1.0/kubernetes-model-admissionregistration-7.1.0.jar:/home/runner/.m2/repository/io/fabric8/kubernetes-model-apps/7.1.0/kubernetes-model-apps-7.1.0.jar:/home/runner/.m2/repository/io/fabric8/kubernetes-model-autoscaling/7.1.0/kubernetes-model-autoscaling-7.1.0.jar:/home/runner/.m2/repository/io/fabric8/kubernetes-model-apiextensions/7.1.0/kubernetes-model-apiextensions-7.1.0.jar:/home/runner/.m2/repository/io/fabric8/kubernetes-model-batch/7.1.0/kubernetes-model-batch-7.1.0.jar:/home/runner/.m2/repository/io/fabric8/kubernetes-model-certificates/7.1.0/kubernetes-model-certificates-7.1.0.jar:/home/runner/.m2/repository/io/fabric8/kubernetes-model-coordination/7.1.0/kubernetes-model-coordination-7.1.0.jar:/home/runner/.m2/repository/io/fabric8/kubernetes-model-discovery/7.1.0/kubernetes-model-discovery-7.1.0.jar:/home/runner/.m2/repository/io/fabric8/kubernetes-model-events/7.1.0/kubernetes-model-events-7.1.0.jar:/home/runner/.m2/repository/io/fabric8/kubernetes-model-extensions/7.1.0/kubernetes-model-extensions-7.1.0.jar:/home/runner/.m2/repository/io/fabric8/kubernetes-model-flowcontrol/7.1.0/kubernetes-model-flowcontrol-7.1.0.jar:/home/runner/.m2/repository/io/fabric8/kubernetes-model-networking/7.1.0/kubernetes-model-networking-7.1.0.jar:/home/runner/.m2/repository/io/fabric8/kubernetes-model-metrics/7.1.0/kubernetes-model-metrics-7.1.0.jar:/home/runner/.m2/repository/io/fabric8/kubernetes-model-policy/7.1.0/kubernetes-model-policy-7.1.0.jar:/home/runner/.m2/repository/io/fabric8/kubernetes-model-scheduling/7.1.0/kubernetes-model-scheduling-7.1.0.jar:/home/runner/.m2/repository/io/fabric8/kubernetes-model-storageclass/7.1.0/kubernetes-model-storageclass-7.1.0.jar:/home/runner/.m2/repository/io/fabric8/kubernetes-model-node/7.1.0/kubernetes-model-node-7.1.0.jar:/home/runner/.m2/repository/org/snakeyaml/snakeyaml-engine/2.9/snakeyaml-engine-2.9.jar:/home/runner/.m2/repository/com/fasterxml/jackson/dataformat/jackson-dataformat-yaml/2.18.2/jackson-dataformat-yaml-2.18.2.jar:/home/runner/.m2/repository/com/fasterxml/jackson/datatype/jackson-datatype-jsr310/2.18.2/jackson-datatype-jsr310-2.18.2.jar:/home/runner/.m2/repository/io/fabric8/zjsonpatch/7.1.0/zjsonpatch-7.1.0.jar:/home/runner/.m2/repository/io/fabric8/kubernetes-httpclient-vertx/7.1.0/kubernetes-httpclient-vertx-7.1.0.jar:/home/runner/.m2/repository/io/vertx/vertx-web-client/4.5.16/vertx-web-client-4.5.16.jar:/home/runner/.m2/repository/io/vertx/vertx-web-common/4.5.16/vertx-web-common-4.5.16.jar:/home/runner/.m2/repository/io/vertx/vertx-auth-common/4.5.16/vertx-auth-common-4.5.16.jar:/home/runner/.m2/repository/io/vertx/vertx-uri-template/4.5.16/vertx-uri-template-4.5.16.jar:/home/runner/.m2/repository/io/fabric8/openshift-client/7.1.0/openshift-client-7.1.0.jar:/home/runner/.m2/repository/io/fabric8/openshift-client-api/7.1.0/openshift-client-api-7.1.0.jar:/home/runner/.m2/repository/io/fabric8/openshift-model/7.1.0/openshift-model-7.1.0.jar:/home/runner/.m2/repository/io/fabric8/openshift-model-autoscaling/7.1.0/openshift-model-autoscaling-7.1.0.jar:/home/runner/.m2/repository/io/fabric8/openshift-model-operator/7.1.0/openshift-model-operator-7.1.0.jar:/home/runner/.m2/repository/io/fabric8/openshift-model-operatorhub/7.1.0/openshift-model-operatorhub-7.1.0.jar:/home/runner/.m2/repository/io/fabric8/openshift-model-machine/7.1.0/openshift-model-machine-7.1.0.jar:/home/runner/.m2/repository/io/fabric8/openshift-model-whereabouts/7.1.0/openshift-model-whereabouts-7.1.0.jar:/home/runner/.m2/repository/io/fabric8/openshift-model-monitoring/7.1.0/openshift-model-monitoring-7.1.0.jar:/home/runner/.m2/repository/io/fabric8/openshift-model-storageversionmigrator/7.1.0/openshift-model-storageversionmigrator-7.1.0.jar:/home/runner/.m2/repository/io/fabric8/openshift-model-tuned/7.1.0/openshift-model-tuned-7.1.0.jar:/home/runner/.m2/repository/io/fabric8/openshift-model-console/7.1.0/openshift-model-console-7.1.0.jar:/home/runner/.m2/repository/io/fabric8/openshift-model-config/7.1.0/openshift-model-config-7.1.0.jar:/home/runner/.m2/repository/io/fabric8/openshift-model-machineconfiguration/7.1.0/openshift-model-machineconfiguration-7.1.0.jar:/home/runner/.m2/repository/io/fabric8/openshift-model-miscellaneous/7.1.0/openshift-model-miscellaneous-7.1.0.jar:/home/runner/.m2/repository/io/fabric8/openshift-model-hive/7.1.0/openshift-model-hive-7.1.0.jar:/home/runner/.m2/repository/io/fabric8/openshift-model-installer/7.1.0/openshift-model-installer-7.1.0.jar:/home/runner/.m2/repository/org/junit/platform/junit-platform-launcher/1.12.1/junit-platform-launcher-1.12.1.jar:/home/runner/.m2/repository/org/junit/platform/junit-platform-engine/1.12.1/junit-platform-engine-1.12.1.jar:/home/runner/.m2/repository/org/opentest4j/opentest4j/1.3.0/opentest4j-1.3.0.jar:/home/runner/.m2/repository/org/junit/platform/junit-platform-commons/1.12.1/junit-platform-commons-1.12.1.jar:/home/runner/.m2/repository/org/apiguardian/apiguardian-api/1.1.2/apiguardian-api-1.1.2.jar:/home/runner/.m2/repository/jakarta/ws/rs/jakarta.ws.rs-api/3.1.0/jakarta.ws.rs-api-3.1.0.jar:/home/runner/work/apicurio-testing/apicurio-testing/clusters/ci419/namespaces/pg17/tests/integration/apicurio-registry/java-sdk/target/apicurio-registry-java-sdk-3.0.12-SNAPSHOT.jar:/home/runner/.m2/repository/com/microsoft/kiota/microsoft-kiota-abstractions/1.8.8/microsoft-kiota-abstractions-1.8.8.jar:/home/runner/.m2/repository/io/github/std-uritemplate/std-uritemplate/2.0.0/std-uritemplate-2.0.0.jar:/home/runner/.m2/repository/io/kiota/kiota-http-jdk/0.0.29/kiota-http-jdk-0.0.29.jar:/home/runner/.m2/repository/io/kiota/kiota-http-vertx/0.0.29/kiota-http-vertx-0.0.29.jar:/home/runner/.m2/repository/io/kiota/kiota-serialization-jackson/0.0.29/kiota-serialization-jackson-0.0.29.jar:/home/runner/.m2/repository/com/microsoft/kiota/microsoft-kiota-serialization-text/1.8.8/microsoft-kiota-serialization-text-1.8.8.jar:/home/runner/.m2/repository/com/microsoft/kiota/microsoft-kiota-serialization-form/1.8.8/microsoft-kiota-serialization-form-1.8.8.jar:/home/runner/.m2/repository/com/microsoft/kiota/microsoft-kiota-serialization-multipart/1.8.8/microsoft-kiota-serialization-multipart-1.8.8.jar:/home/runner/.m2/repository/jakarta/annotation/jakarta.annotation-api/3.0.0/jakarta.annotation-api-3.0.0.jar:/home/runner/.m2/repository/io/vertx/vertx-auth-oauth2/4.5.16/vertx-auth-oauth2-4.5.16.jar:/home/runner/work/apicurio-testing/apicurio-testing/clusters/ci419/namespaces/pg17/tests/integration/apicurio-registry/java-sdk-v2/target/apicurio-registry-v2-java-sdk-3.0.12-SNAPSHOT.jar:/home/runner/work/apicurio-testing/apicurio-testing/clusters/ci419/namespaces/pg17/tests/integration/apicurio-registry/utils/kafka/target/apicurio-registry-utils-kafka-3.0.12-SNAPSHOT-tests.jar:/home/runner/.m2/repository/org/eclipse/microprofile/config/microprofile-config-api/3.1/microprofile-config-api-3.1.jar:/home/runner/.m2/repository/org/apache/kafka/kafka-clients/3.9.1/kafka-clients-3.9.1.jar:/home/runner/.m2/repository/com/github/luben/zstd-jni/1.5.6-4/zstd-jni-1.5.6-4.jar:/home/runner/.m2/repository/org/lz4/lz4-java/1.8.0/lz4-java-1.8.0.jar:/home/runner/.m2/repository/org/xerial/snappy/snappy-java/1.1.10.5/snappy-java-1.1.10.5.jar:/home/runner/.m2/repository/org/slf4j/slf4j-api/2.0.6/slf4j-api-2.0.6.jar:/home/runner/work/apicurio-testing/apicurio-testing/clusters/ci419/namespaces/pg17/tests/integration/apicurio-registry/utils/tests/target/apicurio-registry-utils-tests-3.0.12-SNAPSHOT.jar:/home/runner/work/apicurio-testing/apicurio-testing/clusters/ci419/namespaces/pg17/tests/integration/apicurio-registry/common/target/apicurio-registry-common-3.0.12-SNAPSHOT.jar:/home/runner/.m2/repository/jakarta/validation/jakarta.validation-api/3.0.2/jakarta.validation-api-3.0.2.jar:/home/runner/.m2/repository/com/github/dasniko/testcontainers-keycloak/3.8.0/testcontainers-keycloak-3.8.0.jar:/home/runner/.m2/repository/org/testcontainers/testcontainers/1.20.6/testcontainers-1.20.6.jar:/home/runner/.m2/repository/org/rnorth/duct-tape/duct-tape/1.0.8/duct-tape-1.0.8.jar:/home/runner/.m2/repository/com/github/docker-java/docker-java-transport-zerodep/3.4.1/docker-java-transport-zerodep-3.4.1.jar:/home/runner/.m2/repository/com/github/docker-java/docker-java-transport/3.4.1/docker-java-transport-3.4.1.jar:/home/runner/.m2/repository/net/java/dev/jna/jna/5.8.0/jna-5.8.0.jar:/home/runner/.m2/repository/io/quarkus/quarkus-junit4-mock/3.20.2/quarkus-junit4-mock-3.20.2.jar:/home/runner/.m2/repository/org/jboss/shrinkwrap/shrinkwrap-api/2.0.0-beta-2/shrinkwrap-api-2.0.0-beta-2.jar:/home/runner/.m2/repository/org/jboss/shrinkwrap/shrinkwrap-impl-base/2.0.0-beta-2/shrinkwrap-impl-base-2.0.0-beta-2.jar:/home/runner/.m2/repository/org/jboss/shrinkwrap/shrinkwrap-spi/2.0.0-beta-2/shrinkwrap-spi-2.0.0-beta-2.jar:/home/runner/.m2/repository/org/keycloak/keycloak-admin-client/26.0.4/keycloak-admin-client-26.0.4.jar:/home/runner/.m2/repository/org/keycloak/keycloak-client-common-synced/26.0.4/keycloak-client-common-synced-26.0.4.jar:/home/runner/.m2/repository/jakarta/activation/jakarta.activation-api/2.1.3/jakarta.activation-api-2.1.3.jar:/home/runner/.m2/repository/org/eclipse/microprofile/openapi/microprofile-openapi-api/4.0.2/microprofile-openapi-api-4.0.2.jar:/home/runner/.m2/repository/org/jboss/resteasy/resteasy-client/6.2.12.Final/resteasy-client-6.2.12.Final.jar:/home/runner/.m2/repository/org/jboss/resteasy/resteasy-client-api/6.2.12.Final/resteasy-client-api-6.2.12.Final.jar:/home/runner/.m2/repository/org/jboss/resteasy/resteasy-core-spi/6.2.12.Final/resteasy-core-spi-6.2.12.Final.jar:/home/runner/.m2/repository/org/jboss/resteasy/resteasy-core/6.2.12.Final/resteasy-core-6.2.12.Final.jar:/home/runner/.m2/repository/org/eclipse/angus/angus-activation/2.0.2/angus-activation-2.0.2.jar:/home/runner/.m2/repository/com/ibm/async/asyncutil/0.1.0/asyncutil-0.1.0.jar:/home/runner/.m2/repository/org/reactivestreams/reactive-streams/1.0.4/reactive-streams-1.0.4.jar:/home/runner/.m2/repository/org/jboss/resteasy/resteasy-multipart-provider/6.2.12.Final/resteasy-multipart-provider-6.2.12.Final.jar:/home/runner/.m2/repository/jakarta/mail/jakarta.mail-api/2.1.3/jakarta.mail-api-2.1.3.jar:/home/runner/.m2/repository/org/eclipse/angus/angus-mail/2.0.3/angus-mail-2.0.3.jar:/home/runner/.m2/repository/org/apache/james/apache-mime4j-dom/0.8.12/apache-mime4j-dom-0.8.12.jar:/home/runner/.m2/repository/org/apache/james/apache-mime4j-core/0.8.12/apache-mime4j-core-0.8.12.jar:/home/runner/.m2/repository/org/apache/james/apache-mime4j-storage/0.8.12/apache-mime4j-storage-0.8.12.jar:/home/runner/.m2/repository/org/jboss/resteasy/resteasy-jackson2-provider/6.2.12.Final/resteasy-jackson2-provider-6.2.12.Final.jar:/home/runner/.m2/repository/com/fasterxml/jackson/jakarta/rs/jackson-jakarta-rs-base/2.18.2/jackson-jakarta-rs-base-2.18.2.jar:/home/runner/.m2/repository/com/fasterxml/jackson/jakarta/rs/jackson-jakarta-rs-json-provider/2.18.2/jackson-jakarta-rs-json-provider-2.18.2.jar:/home/runner/.m2/repository/com/fasterxml/jackson/module/jackson-module-jakarta-xmlbind-annotations/2.18.2/jackson-module-jakarta-xmlbind-annotations-2.18.2.jar:/home/runner/.m2/repository/com/github/java-json-tools/json-patch/1.13/json-patch-1.13.jar:/home/runner/.m2/repository/com/github/java-json-tools/msg-simple/1.2/msg-simple-1.2.jar:/home/runner/.m2/repository/com/github/java-json-tools/btf/1.3/btf-1.3.jar:/home/runner/.m2/repository/com/github/java-json-tools/jackson-coreutils/2.0/jackson-coreutils-2.0.jar:/home/runner/.m2/repository/org/jboss/resteasy/resteasy-jaxb-provider/6.2.12.Final/resteasy-jaxb-provider-6.2.12.Final.jar:/home/runner/.m2/repository/org/glassfish/jaxb/codemodel/4.0.5/codemodel-4.0.5.jar:/home/runner/.m2/repository/org/glassfish/jaxb/jaxb-core/4.0.5/jaxb-core-4.0.5.jar:/home/runner/.m2/repository/org/glassfish/jaxb/jaxb-jxc/4.0.5/jaxb-jxc-4.0.5.jar:/home/runner/.m2/repository/org/glassfish/jaxb/jaxb-runtime/4.0.5/jaxb-runtime-4.0.5.jar:/home/runner/.m2/repository/org/glassfish/jaxb/txw2/4.0.5/txw2-4.0.5.jar:/home/runner/.m2/repository/org/glassfish/jaxb/jaxb-xjc/4.0.5/jaxb-xjc-4.0.5.jar:/home/runner/.m2/repository/org/glassfish/jaxb/xsom/4.0.5/xsom-4.0.5.jar:/home/runner/.m2/repository/com/sun/istack/istack-commons-runtime/4.1.2/istack-commons-runtime-4.1.2.jar:/home/runner/.m2/repository/com/sun/istack/istack-commons-tools/4.1.2/istack-commons-tools-4.1.2.jar:/home/runner/.m2/repository/com/sun/xml/bind/external/relaxng-datatype/4.0.5/relaxng-datatype-4.0.5.jar:/home/runner/.m2/repository/com/sun/xml/bind/external/rngom/4.0.5/rngom-4.0.5.jar:/home/runner/.m2/repository/org/testcontainers/mssqlserver/1.20.6/mssqlserver-1.20.6.jar:/home/runner/.m2/repository/org/testcontainers/jdbc/1.20.6/jdbc-1.20.6.jar:/home/runner/.m2/repository/org/testcontainers/database-commons/1.20.6/database-commons-1.20.6.jar:/home/runner/.m2/repository/org/testcontainers/mysql/1.20.6/mysql-1.20.6.jar:/home/runner/.m2/repository/io/strimzi/strimzi-test-container/0.111.0/strimzi-test-container-0.111.0.jar:/home/runner/.m2/repository/org/testcontainers/toxiproxy/1.20.6/toxiproxy-1.20.6.jar:/home/runner/.m2/repository/com/github/docker-java/docker-java-api/3.4.1/docker-java-api-3.4.1.jar:/home/runner/.m2/repository/org/apache/logging/log4j/log4j-slf4j-impl/2.19.0/log4j-slf4j-impl-2.19.0.jar:/home/runner/.m2/repository/org/apache/logging/log4j/log4j-api/2.24.3/log4j-api-2.24.3.jar:/home/runner/.m2/repository/org/apache/logging/log4j/log4j-core/2.19.0/log4j-core-2.19.0.jar:/home/runner/.m2/repository/eu/rekawek/toxiproxy/toxiproxy-java/2.1.7/toxiproxy-java-2.1.7.jar:/home/runner/.m2/repository/org/testcontainers/pulsar/1.21.3/pulsar-1.21.3.jar:/home/runner/.m2/repository/io/debezium/debezium-testing-testcontainers/2.7.4.Final/debezium-testing-testcontainers-2.7.4.Final.jar:/home/runner/.m2/repository/org/testcontainers/kafka/1.20.6/kafka-1.20.6.jar:/home/runner/.m2/repository/com/squareup/okhttp3/okhttp/4.8.1/okhttp-4.8.1.jar:/home/runner/.m2/repository/com/squareup/okio/okio/3.10.2/okio-3.10.2.jar:/home/runner/.m2/repository/com/squareup/okio/okio-jvm/3.10.2/okio-jvm-3.10.2.jar:/home/runner/.m2/repository/org/jetbrains/kotlin/kotlin-stdlib/2.0.21/kotlin-stdlib-2.0.21.jar:/home/runner/.m2/repository/org/awaitility/awaitility/4.3.0/awaitility-4.3.0.jar:/home/runner/.m2/repository/org/testcontainers/mongodb/1.20.6/mongodb-1.20.6.jar:/home/runner/.m2/repository/org/testcontainers/mariadb/1.20.6/mariadb-1.20.6.jar:/home/runner/.m2/repository/org/testcontainers/oracle-xe/1.20.6/oracle-xe-1.20.6.jar:/home/runner/.m2/repository/org/testcontainers/postgresql/1.20.6/postgresql-1.20.6.jar:/home/runner/.m2/repository/org/wiremock/wiremock/3.0.1/wiremock-3.0.1.jar:/home/runner/.m2/repository/org/eclipse/jetty/jetty-server/11.0.15/jetty-server-11.0.15.jar:/home/runner/.m2/repository/org/eclipse/jetty/toolchain/jetty-jakarta-servlet-api/5.0.2/jetty-jakarta-servlet-api-5.0.2.jar:/home/runner/.m2/repository/org/eclipse/jetty/jetty-http/11.0.15/jetty-http-11.0.15.jar:/home/runner/.m2/repository/org/eclipse/jetty/jetty-io/11.0.15/jetty-io-11.0.15.jar:/home/runner/.m2/repository/org/eclipse/jetty/jetty-servlet/11.0.15/jetty-servlet-11.0.15.jar:/home/runner/.m2/repository/org/eclipse/jetty/jetty-security/11.0.15/jetty-security-11.0.15.jar:/home/runner/.m2/repository/org/eclipse/jetty/jetty-servlets/11.0.15/jetty-servlets-11.0.15.jar:/home/runner/.m2/repository/org/eclipse/jetty/jetty-util/11.0.15/jetty-util-11.0.15.jar:/home/runner/.m2/repository/org/eclipse/jetty/jetty-webapp/11.0.15/jetty-webapp-11.0.15.jar:/home/runner/.m2/repository/org/eclipse/jetty/jetty-xml/11.0.15/jetty-xml-11.0.15.jar:/home/runner/.m2/repository/org/eclipse/jetty/jetty-proxy/11.0.15/jetty-proxy-11.0.15.jar:/home/runner/.m2/repository/org/eclipse/jetty/jetty-client/11.0.15/jetty-client-11.0.15.jar:/home/runner/.m2/repository/org/eclipse/jetty/http2/http2-server/11.0.15/http2-server-11.0.15.jar:/home/runner/.m2/repository/org/eclipse/jetty/http2/http2-common/11.0.15/http2-common-11.0.15.jar:/home/runner/.m2/repository/org/eclipse/jetty/http2/http2-hpack/11.0.15/http2-hpack-11.0.15.jar:/home/runner/.m2/repository/org/eclipse/jetty/jetty-alpn-server/11.0.15/jetty-alpn-server-11.0.15.jar:/home/runner/.m2/repository/org/eclipse/jetty/jetty-alpn-java-server/11.0.15/jetty-alpn-java-server-11.0.15.jar:/home/runner/.m2/repository/org/eclipse/jetty/jetty-alpn-java-client/11.0.15/jetty-alpn-java-client-11.0.15.jar:/home/runner/.m2/repository/org/eclipse/jetty/jetty-alpn-client/11.0.15/jetty-alpn-client-11.0.15.jar:/home/runner/.m2/repository/org/apache/httpcomponents/client5/httpclient5/5.2.1/httpclient5-5.2.1.jar:/home/runner/.m2/repository/org/apache/httpcomponents/core5/httpcore5/5.2/httpcore5-5.2.jar:/home/runner/.m2/repository/org/apache/httpcomponents/core5/httpcore5-h2/5.2/httpcore5-h2-5.2.jar:/home/runner/.m2/repository/org/xmlunit/xmlunit-core/2.9.1/xmlunit-core-2.9.1.jar:/home/runner/.m2/repository/jakarta/xml/bind/jakarta.xml.bind-api/4.0.2/jakarta.xml.bind-api-4.0.2.jar:/home/runner/.m2/repository/org/xmlunit/xmlunit-legacy/2.9.1/xmlunit-legacy-2.9.1.jar:/home/runner/.m2/repository/org/xmlunit/xmlunit-placeholders/2.9.1/xmlunit-placeholders-2.9.1.jar:/home/runner/.m2/repository/net/javacrumbs/json-unit/json-unit-core/2.38.0/json-unit-core-2.38.0.jar:/home/runner/.m2/repository/org/hamcrest/hamcrest-core/2.2/hamcrest-core-2.2.jar:/home/runner/.m2/repository/com/jayway/jsonpath/json-path/2.8.0/json-path-2.8.0.jar:/home/runner/.m2/repository/net/minidev/json-smart/2.4.10/json-smart-2.4.10.jar:/home/runner/.m2/repository/net/minidev/accessors-smart/2.4.9/accessors-smart-2.4.9.jar:/home/runner/.m2/repository/org/ow2/asm/asm/9.7.1/asm-9.7.1.jar:/home/runner/.m2/repository/net/sf/jopt-simple/jopt-simple/5.0.4/jopt-simple-5.0.4.jar:/home/runner/.m2/repository/com/github/jknack/handlebars/4.3.1/handlebars-4.3.1.jar:/home/runner/.m2/repository/com/github/jknack/handlebars-helpers/4.3.1/handlebars-helpers-4.3.1.jar:/home/runner/.m2/repository/commons-fileupload/commons-fileupload/1.5/commons-fileupload-1.5.jar:/home/runner/.m2/repository/com/networknt/json-schema-validator/1.5.8/json-schema-validator-1.5.8.jar:/home/runner/.m2/repository/com/ethlo/time/itu/1.10.3/itu-1.10.3.jar:/home/runner/.m2/repository/io/quarkus/quarkus-smallrye-jwt-build/3.20.2/quarkus-smallrye-jwt-build-3.20.2.jar:/home/runner/.m2/repository/io/smallrye/smallrye-jwt-build/4.6.2/smallrye-jwt-build-4.6.2.jar:/home/runner/.m2/repository/org/eclipse/microprofile/jwt/microprofile-jwt-auth-api/2.1/microprofile-jwt-auth-api-2.1.jar:/home/runner/.m2/repository/org/bitbucket/b_c/jose4j/0.9.6/jose4j-0.9.6.jar:/home/runner/.m2/repository/io/smallrye/smallrye-jwt-common/4.6.2/smallrye-jwt-common-4.6.2.jar:/home/runner/.m2/repository/io/quarkus/quarkus-jsonp/3.20.2/quarkus-jsonp-3.20.2.jar:/home/runner/.m2/repository/io/quarkus/quarkus-arc/3.20.2/quarkus-arc-3.20.2.jar:/home/runner/.m2/repository/io/quarkus/arc/arc/3.20.2/arc-3.20.2.jar:/home/runner/.m2/repository/jakarta/transaction/jakarta.transaction-api/2.0.1/jakarta.transaction-api-2.0.1.jar:/home/runner/.m2/repository/io/smallrye/reactive/mutiny/2.9.2/mutiny-2.9.2.jar:/home/runner/.m2/repository/org/jctools/jctools-core/4.0.5/jctools-core-4.0.5.jar:/home/runner/.m2/repository/org/eclipse/microprofile/context-propagation/microprofile-context-propagation-api/1.3/microprofile-context-propagation-api-1.3.jar:/home/runner/.m2/repository/io/apicurio/apicurio-common-rest-client-common/0.1.18.Final/apicurio-common-rest-client-common-0.1.18.Final.jar:/home/runner/work/apicurio-testing/apicurio-testing/clusters/ci419/namespaces/pg17/tests/integration/apicurio-registry/utils/maven-plugin/target/apicurio-registry-maven-plugin-3.0.12-SNAPSHOT.jar:/home/runner/.m2/repository/com/fasterxml/jackson/core/jackson-databind/2.18.2/jackson-databind-2.18.2.jar:/home/runner/.m2/repository/org/apache/avro/avro/1.12.0/avro-1.12.0.jar:/home/runner/.m2/repository/com/google/protobuf/protobuf-java/4.31.1/protobuf-java-4.31.1.jar:/home/runner/.m2/repository/com/google/protobuf/protobuf-java-util/4.31.1/protobuf-java-util-4.31.1.jar:/home/runner/.m2/repository/com/google/code/findbugs/jsr305/3.0.2/jsr305-3.0.2.jar:/home/runner/.m2/repository/com/google/code/gson/gson/2.12.1/gson-2.12.1.jar:/home/runner/.m2/repository/com/google/errorprone/error_prone_annotations/2.36.0/error_prone_annotations-2.36.0.jar:/home/runner/.m2/repository/com/google/j2objc/j2objc-annotations/2.8/j2objc-annotations-2.8.jar:/home/runner/work/apicurio-testing/apicurio-testing/clusters/ci419/namespaces/pg17/tests/integration/apicurio-registry/schema-util/util-provider/target/apicurio-registry-schema-util-provider-3.0.12-SNAPSHOT.jar:/home/runner/work/apicurio-testing/apicurio-testing/clusters/ci419/namespaces/pg17/tests/integration/apicurio-registry/schema-util/common/target/apicurio-registry-schema-util-common-3.0.12-SNAPSHOT.jar:/home/runner/.m2/repository/com/fasterxml/jackson/module/jackson-module-parameter-names/2.18.2/jackson-module-parameter-names-2.18.2.jar:/home/runner/.m2/repository/com/fasterxml/jackson/datatype/jackson-datatype-json-org/2.18.2/jackson-datatype-json-org-2.18.2.jar:/home/runner/work/apicurio-testing/apicurio-testing/clusters/ci419/namespaces/pg17/tests/integration/apicurio-registry/schema-util/json/target/apicurio-registry-schema-util-json-3.0.12-SNAPSHOT.jar:/home/runner/.m2/repository/com/github/erosb/everit-json-schema/1.14.5/everit-json-schema-1.14.5.jar:/home/runner/.m2/repository/commons-validator/commons-validator/1.9.0/commons-validator-1.9.0.jar:/home/runner/.m2/repository/commons-digester/commons-digester/2.1/commons-digester-2.1.jar:/home/runner/.m2/repository/commons-collections/commons-collections/3.2.2/commons-collections-3.2.2.jar:/home/runner/.m2/repository/com/damnhandy/handy-uri-templates/2.1.8/handy-uri-templates-2.1.8.jar:/home/runner/.m2/repository/joda-time/joda-time/2.10.2/joda-time-2.10.2.jar:/home/runner/.m2/repository/com/github/erosb/json-sKema/0.20.0/json-sKema-0.20.0.jar:/home/runner/.m2/repository/io/vertx/vertx-json-schema/4.5.16/vertx-json-schema-4.5.16.jar:/home/runner/work/apicurio-testing/apicurio-testing/clusters/ci419/namespaces/pg17/tests/integration/apicurio-registry/schema-util/protobuf/target/apicurio-registry-schema-util-protobuf-3.0.12-SNAPSHOT.jar:/home/runner/work/apicurio-testing/apicurio-testing/clusters/ci419/namespaces/pg17/tests/integration/apicurio-registry/utils/protobuf-schema-utilities/target/apicurio-registry-protobuf-schema-utilities-3.0.12-SNAPSHOT.jar:/home/runner/.m2/repository/com/google/api/grpc/proto-google-common-protos/2.52.0/proto-google-common-protos-2.52.0.jar:/home/runner/.m2/repository/com/squareup/wire/wire-schema-jvm/5.3.3/wire-schema-jvm-5.3.3.jar:/home/runner/.m2/repository/com/palantir/javapoet/javapoet/0.6.0/javapoet-0.6.0.jar:/home/runner/.m2/repository/com/squareup/kotlinpoet-jvm/2.0.0/kotlinpoet-jvm-2.0.0.jar:/home/runner/.m2/repository/org/jetbrains/kotlin/kotlin-reflect/2.0.21/kotlin-reflect-2.0.21.jar:/home/runner/.m2/repository/com/squareup/wire/wire-runtime-jvm/5.3.3/wire-runtime-jvm-5.3.3.jar:/home/runner/.m2/repository/com/ibm/icu/icu4j/76.1/icu4j-76.1.jar:/home/runner/.m2/repository/com/squareup/okio/okio-fakefilesystem/3.10.2/okio-fakefilesystem-3.10.2.jar:/home/runner/.m2/repository/com/squareup/okio/okio-fakefilesystem-jvm/3.10.2/okio-fakefilesystem-jvm-3.10.2.jar:/home/runner/.m2/repository/org/jetbrains/kotlinx/kotlinx-datetime-jvm/0.6.1/kotlinx-datetime-jvm-0.6.1.jar:/home/runner/work/apicurio-testing/apicurio-testing/clusters/ci419/namespaces/pg17/tests/integration/apicurio-registry/schema-util/asyncapi/target/apicurio-registry-schema-util-asyncapi-3.0.12-SNAPSHOT.jar:/home/runner/work/apicurio-testing/apicurio-testing/clusters/ci419/namespaces/pg17/tests/integration/apicurio-registry/schema-util/avro/target/apicurio-registry-schema-util-avro-3.0.12-SNAPSHOT.jar:/home/runner/work/apicurio-testing/apicurio-testing/clusters/ci419/namespaces/pg17/tests/integration/apicurio-registry/schema-util/graphql/target/apicurio-registry-schema-util-graphql-3.0.12-SNAPSHOT.jar:/home/runner/.m2/repository/com/graphql-java/graphql-java/22.4/graphql-java-22.4.jar:/home/runner/.m2/repository/com/graphql-java/java-dataloader/3.3.0/java-dataloader-3.3.0.jar:/home/runner/work/apicurio-testing/apicurio-testing/clusters/ci419/namespaces/pg17/tests/integration/apicurio-registry/schema-util/kconnect/target/apicurio-registry-schema-util-kconnect-3.0.12-SNAPSHOT.jar:/home/runner/work/apicurio-testing/apicurio-testing/clusters/ci419/namespaces/pg17/tests/integration/apicurio-registry/schema-util/openapi/target/apicurio-registry-schema-util-openapi-3.0.12-SNAPSHOT.jar:/home/runner/.m2/repository/io/apicurio/apicurio-data-models/2.2.2/apicurio-data-models-2.2.2.jar:/home/runner/.m2/repository/org/openapitools/openapidiff/openapi-diff-core/2.1.2/openapi-diff-core-2.1.2.jar:/home/runner/.m2/repository/io/swagger/parser/v3/swagger-parser/2.1.28/swagger-parser-2.1.28.jar:/home/runner/.m2/repository/io/swagger/parser/v3/swagger-parser-v2-converter/2.1.28/swagger-parser-v2-converter-2.1.28.jar:/home/runner/.m2/repository/io/swagger/swagger-core/1.6.16/swagger-core-1.6.16.jar:/home/runner/.m2/repository/io/swagger/swagger-models/1.6.16/swagger-models-1.6.16.jar:/home/runner/.m2/repository/io/swagger/swagger-annotations/1.6.16/swagger-annotations-1.6.16.jar:/home/runner/.m2/repository/io/swagger/swagger-parser/1.0.75/swagger-parser-1.0.75.jar:/home/runner/.m2/repository/io/swagger/swagger-parser-safe-url-resolver/1.0.75/swagger-parser-safe-url-resolver-1.0.75.jar:/home/runner/.m2/repository/io/swagger/swagger-compat-spec-parser/1.0.75/swagger-compat-spec-parser-1.0.75.jar:/home/runner/.m2/repository/com/github/java-json-tools/json-schema-validator/2.2.14/json-schema-validator-2.2.14.jar:/home/runner/.m2/repository/com/github/java-json-tools/jackson-coreutils-equivalence/1.0/jackson-coreutils-equivalence-1.0.jar:/home/runner/.m2/repository/com/github/java-json-tools/json-schema-core/1.2.14/json-schema-core-1.2.14.jar:/home/runner/.m2/repository/com/github/java-json-tools/uri-template/0.10/uri-template-0.10.jar:/home/runner/.m2/repository/com/googlecode/libphonenumber/libphonenumber/8.11.1/libphonenumber-8.11.1.jar:/home/runner/.m2/repository/com/j2html/j2html/1.6.0/j2html-1.6.0.jar:/home/runner/.m2/repository/org/apache/commons/commons-collections4/4.5.0/commons-collections4-4.5.0.jar:/home/runner/.m2/repository/org/slf4j/jcl-over-slf4j/2.0.17/jcl-over-slf4j-2.0.17.jar:/home/runner/.m2/repository/io/swagger/parser/v3/swagger-parser-v3/2.1.31/swagger-parser-v3-2.1.31.jar:/home/runner/.m2/repository/io/swagger/core/v3/swagger-models/2.2.34/swagger-models-2.2.34.jar:/home/runner/.m2/repository/io/swagger/core/v3/swagger-core/2.2.34/swagger-core-2.2.34.jar:/home/runner/.m2/repository/io/swagger/parser/v3/swagger-parser-core/2.1.31/swagger-parser-core-2.1.31.jar:/home/runner/.m2/repository/io/swagger/parser/v3/swagger-parser-safe-url-resolver/2.1.31/swagger-parser-safe-url-resolver-2.1.31.jar:/home/runner/work/apicurio-testing/apicurio-testing/clusters/ci419/namespaces/pg17/tests/integration/apicurio-registry/schema-util/wsdl/target/apicurio-registry-schema-util-wsdl-3.0.12-SNAPSHOT.jar:/home/runner/.m2/repository/wsdl4j/wsdl4j/1.6.3/wsdl4j-1.6.3.jar:/home/runner/work/apicurio-testing/apicurio-testing/clusters/ci419/namespaces/pg17/tests/integration/apicurio-registry/schema-util/xml/target/apicurio-registry-schema-util-xml-3.0.12-SNAPSHOT.jar:/home/runner/.m2/repository/org/apache/santuario/xmlsec/4.0.4/xmlsec-4.0.4.jar:/home/runner/.m2/repository/com/fasterxml/woodstox/woodstox-core/7.1.1/woodstox-core-7.1.1.jar:/home/runner/.m2/repository/org/codehaus/woodstox/stax2-api/4.2.2/stax2-api-4.2.2.jar:/home/runner/work/apicurio-testing/apicurio-testing/clusters/ci419/namespaces/pg17/tests/integration/apicurio-registry/schema-util/xsd/target/apicurio-registry-schema-util-xsd-3.0.12-SNAPSHOT.jar:/home/runner/work/apicurio-testing/apicurio-testing/clusters/ci419/namespaces/pg17/tests/integration/apicurio-registry/serdes/kafka/jsonschema-serde/target/apicurio-registry-jsonschema-serde-kafka-3.0.12-SNAPSHOT.jar:/home/runner/work/apicurio-testing/apicurio-testing/clusters/ci419/namespaces/pg17/tests/integration/apicurio-registry/serdes/kafka/serde-kafka-common/target/apicurio-registry-serde-kafka-common-3.0.12-SNAPSHOT.jar:/home/runner/work/apicurio-testing/apicurio-testing/clusters/ci419/namespaces/pg17/tests/integration/apicurio-registry/serdes/generic/serde-common/target/apicurio-registry-serde-common-3.0.12-SNAPSHOT.jar:/home/runner/work/apicurio-testing/apicurio-testing/clusters/ci419/namespaces/pg17/tests/integration/apicurio-registry/serdes/generic/serde-common-jsonschema/target/apicurio-registry-serde-common-jsonschema-3.0.12-SNAPSHOT.jar:/home/runner/.m2/repository/org/json/json/20250107/json-20250107.jar:/home/runner/work/apicurio-testing/apicurio-testing/clusters/ci419/namespaces/pg17/tests/integration/apicurio-registry/serdes/kafka/avro-serde/target/apicurio-registry-avro-serde-kafka-3.0.12-SNAPSHOT.jar:/home/runner/work/apicurio-testing/apicurio-testing/clusters/ci419/namespaces/pg17/tests/integration/apicurio-registry/serdes/generic/serde-common-avro/target/apicurio-registry-serde-common-avro-3.0.12-SNAPSHOT.jar:/home/runner/work/apicurio-testing/apicurio-testing/clusters/ci419/namespaces/pg17/tests/integration/apicurio-registry/serdes/kafka/protobuf-serde/target/apicurio-registry-protobuf-serde-kafka-3.0.12-SNAPSHOT.jar:/home/runner/work/apicurio-testing/apicurio-testing/clusters/ci419/namespaces/pg17/tests/integration/apicurio-registry/serdes/generic/serde-common-protobuf/target/apicurio-registry-serde-common-protobuf-3.0.12-SNAPSHOT.jar:/home/runner/.m2/repository/com/squareup/wire/wire-schema/5.3.3/wire-schema-5.3.3.jar:/home/runner/.m2/repository/com/squareup/wire/wire-runtime/5.3.3/wire-runtime-5.3.3.jar:/home/runner/work/apicurio-testing/apicurio-testing/clusters/ci419/namespaces/pg17/tests/integration/apicurio-registry/serdes/pulsar/avro-serde/target/apicurio-registry-avro-serde-pulsar-3.0.12-SNAPSHOT.jar:/home/runner/.m2/repository/org/apache/pulsar/pulsar-functions-api/3.3.8/pulsar-functions-api-3.3.8.jar:/home/runner/work/apicurio-testing/apicurio-testing/clusters/ci419/namespaces/pg17/tests/integration/apicurio-registry/serdes/nats/avro-serde/target/apicurio-registry-avro-serde-nats-3.0.12-SNAPSHOT.jar:/home/runner/.m2/repository/io/nats/jnats/2.21.4/jnats-2.21.4.jar:/home/runner/.m2/repository/org/bouncycastle/bcprov-lts8on/2.73.7/bcprov-lts8on-2.73.7.jar:/home/runner/.m2/repository/org/jetbrains/annotations/26.0.2/annotations-26.0.2.jar:/home/runner/work/apicurio-testing/apicurio-testing/clusters/ci419/namespaces/pg17/tests/integration/apicurio-registry/utils/converter/target/apicurio-registry-utils-converter-3.0.12-SNAPSHOT.jar:/home/runner/work/apicurio-testing/apicurio-testing/clusters/ci419/namespaces/pg17/tests/integration/apicurio-registry/schema-resolver/target/apicurio-registry-schema-resolver-3.0.12-SNAPSHOT.jar:/home/runner/.m2/repository/org/apache/kafka/connect-api/3.9.1/connect-api-3.9.1.jar:/home/runner/.m2/repository/javax/ws/rs/javax.ws.rs-api/2.1.1/javax.ws.rs-api-2.1.1.jar:/home/runner/.m2/repository/org/apache/kafka/connect-json/3.9.1/connect-json-3.9.1.jar:/home/runner/.m2/repository/com/fasterxml/jackson/datatype/jackson-datatype-jdk8/2.18.2/jackson-datatype-jdk8-2.18.2.jar:/home/runner/.m2/repository/com/fasterxml/jackson/module/jackson-module-afterburner/2.18.2/jackson-module-afterburner-2.18.2.jar:/home/runner/work/apicurio-testing/apicurio-testing/clusters/ci419/namespaces/pg17/tests/integration/apicurio-registry/utils/kafka/target/apicurio-registry-utils-kafka-3.0.12-SNAPSHOT.jar:/home/runner/.m2/repository/org/apache/pulsar/pulsar-client/3.3.8/pulsar-client-3.3.8.jar:/home/runner/.m2/repository/org/apache/pulsar/pulsar-client-api/3.3.8/pulsar-client-api-3.3.8.jar:/home/runner/.m2/repository/org/apache/pulsar/pulsar-client-admin-api/3.3.8/pulsar-client-admin-api-3.3.8.jar:/home/runner/.m2/repository/org/apache/pulsar/bouncy-castle-bc/3.3.8/bouncy-castle-bc-3.3.8-pkg.jar:/home/runner/.m2/repository/org/bouncycastle/bcpkix-jdk18on/1.81/bcpkix-jdk18on-1.81.jar:/home/runner/.m2/repository/org/bouncycastle/bcutil-jdk18on/1.81/bcutil-jdk18on-1.81.jar:/home/runner/.m2/repository/org/bouncycastle/bcprov-jdk18on/1.81/bcprov-jdk18on-1.81.jar:/home/runner/.m2/repository/io/opentelemetry/opentelemetry-api/1.44.1/opentelemetry-api-1.44.1.jar:/home/runner/.m2/repository/io/opentelemetry/opentelemetry-context/1.44.1/opentelemetry-context-1.44.1.jar:/home/runner/.m2/repository/io/opentelemetry/opentelemetry-api-incubator/1.44.1-alpha/opentelemetry-api-incubator-1.44.1-alpha.jar:/home/runner/.m2/repository/com/fasterxml/jackson/core/jackson-annotations/2.18.2/jackson-annotations-2.18.2.jar:/home/runner/.m2/repository/javax/validation/validation-api/1.1.0.Final/validation-api-1.1.0.Final.jar:/home/runner/.m2/repository/org/jspecify/jspecify/1.0.0/jspecify-1.0.0.jar:/home/runner/.m2/repository/org/apache/commons/commons-configuration2/2.12.0/commons-configuration2-2.12.0.jar:/home/runner/.m2/repository/commons-logging/commons-logging/1.3.5/commons-logging-1.3.5.jar:/home/runner/.m2/repository/org/apache/commons/commons-text/1.13.0/commons-text-1.13.0.jar:/home/runner/.m2/repository/io/confluent/kafka-avro-serializer/8.0.0/kafka-avro-serializer-8.0.0.jar:/home/runner/.m2/repository/org/apache/commons/commons-compress/1.27.1/commons-compress-1.27.1.jar:/home/runner/.m2/repository/io/confluent/kafka-schema-serializer/8.0.0/kafka-schema-serializer-8.0.0.jar:/home/runner/.m2/repository/com/fasterxml/jackson/dataformat/jackson-dataformat-csv/2.18.2/jackson-dataformat-csv-2.18.2.jar:/home/runner/.m2/repository/io/confluent/kafka-schema-registry-client/8.0.0/kafka-schema-registry-client-8.0.0.jar:/home/runner/.m2/repository/org/yaml/snakeyaml/2.3/snakeyaml-2.3.jar:/home/runner/.m2/repository/io/swagger/core/v3/swagger-annotations/2.2.29/swagger-annotations-2.2.29.jar:/home/runner/.m2/repository/com/google/guava/guava/33.4.0-jre/guava-33.4.0-jre.jar:/home/runner/.m2/repository/com/google/guava/failureaccess/1.0.1/failureaccess-1.0.1.jar:/home/runner/.m2/repository/org/checkerframework/checker-qual/3.49.0/checker-qual-3.49.0.jar:/home/runner/.m2/repository/io/confluent/logredactor/1.0.13/logredactor-1.0.13.jar:/home/runner/.m2/repository/com/google/re2j/re2j/1.6/re2j-1.6.jar:/home/runner/.m2/repository/io/confluent/logredactor-metrics/1.0.13/logredactor-metrics-1.0.13.jar:/home/runner/.m2/repository/com/eclipsesource/minimal-json/minimal-json/0.9.5/minimal-json-0.9.5.jar:/home/runner/.m2/repository/io/confluent/common-utils/8.0.0/common-utils-8.0.0.jar:/home/runner/.m2/repository/io/confluent/kafka-connect-avro-converter/8.0.0/kafka-connect-avro-converter-8.0.0.jar:/home/runner/.m2/repository/io/confluent/kafka-connect-avro-data/8.0.0/kafka-connect-avro-data-8.0.0.jar:/home/runner/.m2/repository/io/confluent/kafka-schema-converter/8.0.0/kafka-schema-converter-8.0.0.jar:/home/runner/.m2/repository/io/rest-assured/rest-assured/5.5.1/rest-assured-5.5.1.jar:/home/runner/.m2/repository/org/apache/groovy/groovy/4.0.22/groovy-4.0.22.jar:/home/runner/.m2/repository/org/apache/groovy/groovy-xml/4.0.22/groovy-xml-4.0.22.jar:/home/runner/.m2/repository/org/apache/httpcomponents/httpclient/4.5.14/httpclient-4.5.14.jar:/home/runner/.m2/repository/org/apache/httpcomponents/httpcore/4.4.16/httpcore-4.4.16.jar:/home/runner/.m2/repository/org/apache/httpcomponents/httpmime/4.5.14/httpmime-4.5.14.jar:/home/runner/.m2/repository/org/hamcrest/hamcrest/2.2/hamcrest-2.2.jar:/home/runner/.m2/repository/org/ccil/cowan/tagsoup/tagsoup/1.2.1/tagsoup-1.2.1.jar:/home/runner/.m2/repository/io/rest-assured/json-path/5.5.1/json-path-5.5.1.jar:/home/runner/.m2/repository/org/apache/groovy/groovy-json/4.0.22/groovy-json-4.0.22.jar:/home/runner/.m2/repository/io/rest-assured/rest-assured-common/5.5.1/rest-assured-common-5.5.1.jar:/home/runner/.m2/repository/io/rest-assured/xml-path/5.5.1/xml-path-5.5.1.jar:/home/runner/.m2/repository/io/zonky/test/embedded-postgres/2.1.0/embedded-postgres-2.1.0.jar:/home/runner/.m2/repository/io/zonky/test/postgres/embedded-postgres-binaries-windows-amd64/14.15.0/embedded-postgres-binaries-windows-amd64-14.15.0.jar:/home/runner/.m2/repository/io/zonky/test/postgres/embedded-postgres-binaries-darwin-amd64/14.15.0/embedded-postgres-binaries-darwin-amd64-14.15.0.jar:/home/runner/.m2/repository/io/zonky/test/postgres/embedded-postgres-binaries-linux-amd64/14.15.0/embedded-postgres-binaries-linux-amd64-14.15.0.jar:/home/runner/.m2/repository/io/zonky/test/postgres/embedded-postgres-binaries-linux-amd64-alpine/14.15.0/embedded-postgres-binaries-linux-amd64-alpine-14.15.0.jar:/home/runner/.m2/repository/org/apache/commons/commons-lang3/3.17.0/commons-lang3-3.17.0.jar:/home/runner/.m2/repository/org/tukaani/xz/1.10/xz-1.10.jar:/home/runner/.m2/repository/commons-codec/commons-codec/1.19.0/commons-codec-1.19.0.jar:/home/runner/.m2/repository/org/postgresql/postgresql/42.7.7/postgresql-42.7.7.jar:/home/runner/.m2/repository/commons-io/commons-io/2.18.0/commons-io-2.18.0.jar:/home/runner/work/apicurio-testing/apicurio-testing/clusters/ci419/namespaces/pg17/tests/integration/apicurio-registry/utils/importexport/target/apicurio-registry-utils-import-export-3.0.12-SNAPSHOT.jar:/home/runner/.m2/repository/io/vertx/vertx-core/4.5.16/vertx-core-4.5.16.jar:/home/runner/.m2/repository/io/netty/netty-common/4.1.121.Final/netty-common-4.1.121.Final.jar:/home/runner/.m2/repository/io/netty/netty-buffer/4.1.121.Final/netty-buffer-4.1.121.Final.jar:/home/runner/.m2/repository/io/netty/netty-transport/4.1.121.Final/netty-transport-4.1.121.Final.jar:/home/runner/.m2/repository/io/netty/netty-handler/4.1.121.Final/netty-handler-4.1.121.Final.jar:/home/runner/.m2/repository/io/netty/netty-transport-native-unix-common/4.1.121.Final/netty-transport-native-unix-common-4.1.121.Final.jar:/home/runner/.m2/repository/io/netty/netty-codec/4.1.121.Final/netty-codec-4.1.121.Final.jar:/home/runner/.m2/repository/io/netty/netty-handler-proxy/4.1.121.Final/netty-handler-proxy-4.1.121.Final.jar:/home/runner/.m2/repository/io/netty/netty-codec-socks/4.1.121.Final/netty-codec-socks-4.1.121.Final.jar:/home/runner/.m2/repository/io/netty/netty-codec-http/4.1.121.Final/netty-codec-http-4.1.121.Final.jar:/home/runner/.m2/repository/io/netty/netty-codec-http2/4.1.121.Final/netty-codec-http2-4.1.121.Final.jar:/home/runner/.m2/repository/io/netty/netty-resolver/4.1.121.Final/netty-resolver-4.1.121.Final.jar:/home/runner/.m2/repository/io/netty/netty-resolver-dns/4.1.121.Final/netty-resolver-dns-4.1.121.Final.jar:/home/runner/.m2/repository/io/netty/netty-codec-dns/4.1.121.Final/netty-codec-dns-4.1.121.Final.jar:/home/runner/.m2/repository/com/fasterxml/jackson/core/jackson-core/2.18.2/jackson-core-2.18.2.jar:"/>
    <property name="java.vm.vendor" value="Eclipse Adoptium"/>
    <property name="maven.javadoc.skip" value="true"/>
    <property name="sun.arch.data.model" value="64"/>
    <property name="java.vendor.url" value="https://adoptium.net/"/>
    <property name="user.timezone" value="Etc/UTC"/>
    <property name="os.name" value="Linux"/>
    <property name="java.vm.specification.version" value="17"/>
    <property name="sun.java.launcher" value="SUN_STANDARD"/>
    <property name="quarkus.http.test-port" value="80"/>
    <property name="sun.boot.library.path" value="/usr/lib/jvm/temurin-17-jdk-amd64/lib"/>
    <property name="sun.java.command" value="/home/runner/work/apicurio-testing/apicurio-testing/clusters/ci419/namespaces/pg17/tests/integration/apicurio-registry/integration-tests/target/surefire/surefirebooter-20250806185152150_3.jar /home/runner/work/apicurio-testing/apicurio-testing/clusters/ci419/namespaces/pg17/tests/integration/apicurio-registry/integration-tests/target/surefire 2025-08-06T18-51-52_041-jvmRun1 surefire-20250806185152150_1tmp surefire_0-20250806185152150_2tmp"/>
    <property name="maven.home" value="/home/runner/.m2/wrapper/dists/apache-maven-3.9.8-bin/4fnp1ql35bgk2a0p7m31ovbgb0/apache-maven-3.9.8"/>
    <property name="jdk.debug" value="release"/>
    <property name="surefire.test.class.path" value="/home/runner/work/apicurio-testing/apicurio-testing/clusters/ci419/namespaces/pg17/tests/integration/apicurio-registry/integration-tests/target/test-classes:/home/runner/work/apicurio-testing/apicurio-testing/clusters/ci419/namespaces/pg17/tests/integration/apicurio-registry/integration-tests/target/apicurio-registry-integration-tests-3.0.12-SNAPSHOT.jar:/home/runner/.m2/repository/io/quarkus/quarkus-junit5/3.20.2/quarkus-junit5-3.20.2.jar:/home/runner/.m2/repository/io/quarkus/quarkus-bootstrap-core/3.20.2/quarkus-bootstrap-core-3.20.2.jar:/home/runner/.m2/repository/io/quarkus/quarkus-classloader-commons/3.20.2/quarkus-classloader-commons-3.20.2.jar:/home/runner/.m2/repository/io/quarkus/quarkus-bootstrap-app-model/3.20.2/quarkus-bootstrap-app-model-3.20.2.jar:/home/runner/.m2/repository/io/smallrye/common/smallrye-common-io/2.12.0/smallrye-common-io-2.12.0.jar:/home/runner/.m2/repository/org/eclipse/sisu/org.eclipse.sisu.inject/0.9.0.M3/org.eclipse.sisu.inject-0.9.0.M3.jar:/home/runner/.m2/repository/io/quarkus/quarkus-test-common/3.20.2/quarkus-test-common-3.20.2.jar:/home/runner/.m2/repository/io/quarkus/quarkus-core-deployment/3.20.2/quarkus-core-deployment-3.20.2.jar:/home/runner/.m2/repository/org/aesh/readline/2.6/readline-2.6.jar:/home/runner/.m2/repository/org/fusesource/jansi/jansi/2.4.0/jansi-2.4.0.jar:/home/runner/.m2/repository/org/aesh/aesh/2.8.2/aesh-2.8.2.jar:/home/runner/.m2/repository/io/quarkus/gizmo/gizmo/1.8.0/gizmo-1.8.0.jar:/home/runner/.m2/repository/org/ow2/asm/asm-util/9.7.1/asm-util-9.7.1.jar:/home/runner/.m2/repository/org/ow2/asm/asm-analysis/9.7.1/asm-analysis-9.7.1.jar:/home/runner/.m2/repository/org/ow2/asm/asm-commons/9.7.1/asm-commons-9.7.1.jar:/home/runner/.m2/repository/org/ow2/asm/asm-tree/9.7.1/asm-tree-9.7.1.jar:/home/runner/.m2/repository/io/quarkus/quarkus-hibernate-validator-spi/3.20.2/quarkus-hibernate-validator-spi-3.20.2.jar:/home/runner/.m2/repository/io/quarkus/quarkus-class-change-agent/3.20.2/quarkus-class-change-agent-3.20.2.jar:/home/runner/.m2/repository/io/quarkus/quarkus-devtools-utilities/3.20.2/quarkus-devtools-utilities-3.20.2.jar:/home/runner/.m2/repository/io/quarkus/quarkus-builder/3.20.2/quarkus-builder-3.20.2.jar:/home/runner/.m2/repository/org/graalvm/sdk/nativeimage/23.1.2/nativeimage-23.1.2.jar:/home/runner/.m2/repository/org/graalvm/sdk/word/23.1.2/word-23.1.2.jar:/home/runner/.m2/repository/io/quarkus/quarkus-bootstrap-maven-resolver/3.20.2/quarkus-bootstrap-maven-resolver-3.20.2.jar:/home/runner/.m2/repository/io/smallrye/beanbag/smallrye-beanbag-maven/1.5.2/smallrye-beanbag-maven-1.5.2.jar:/home/runner/.m2/repository/io/smallrye/beanbag/smallrye-beanbag-sisu/1.5.2/smallrye-beanbag-sisu-1.5.2.jar:/home/runner/.m2/repository/io/smallrye/beanbag/smallrye-beanbag/1.5.2/smallrye-beanbag-1.5.2.jar:/home/runner/.m2/repository/javax/inject/javax.inject/1/javax.inject-1.jar:/home/runner/.m2/repository/org/apache/maven/maven-artifact/3.9.9/maven-artifact-3.9.9.jar:/home/runner/.m2/repository/org/apache/maven/maven-builder-support/3.9.9/maven-builder-support-3.9.9.jar:/home/runner/.m2/repository/org/apache/maven/maven-model/3.9.9/maven-model-3.9.9.jar:/home/runner/.m2/repository/org/apache/maven/maven-model-builder/3.9.9/maven-model-builder-3.9.9.jar:/home/runner/.m2/repository/org/apache/maven/maven-repository-metadata/3.9.9/maven-repository-metadata-3.9.9.jar:/home/runner/.m2/repository/org/apache/maven/maven-settings/3.9.9/maven-settings-3.9.9.jar:/home/runner/.m2/repository/org/apache/maven/resolver/maven-resolver-api/1.9.22/maven-resolver-api-1.9.22.jar:/home/runner/.m2/repository/org/apache/maven/resolver/maven-resolver-impl/1.9.22/maven-resolver-impl-1.9.22.jar:/home/runner/.m2/repository/org/apache/maven/resolver/maven-resolver-named-locks/1.9.22/maven-resolver-named-locks-1.9.22.jar:/home/runner/.m2/repository/org/apache/maven/resolver/maven-resolver-spi/1.9.22/maven-resolver-spi-1.9.22.jar:/home/runner/.m2/repository/org/apache/maven/resolver/maven-resolver-util/1.9.22/maven-resolver-util-1.9.22.jar:/home/runner/.m2/repository/org/apache/maven/resolver/maven-resolver-transport-http/1.9.20/maven-resolver-transport-http-1.9.20.jar:/home/runner/.m2/repository/org/apache/maven/wagon/wagon-provider-api/3.5.3/wagon-provider-api-3.5.3.jar:/home/runner/.m2/repository/org/apache/maven/wagon/wagon-http-shared/3.5.3/wagon-http-shared-3.5.3.jar:/home/runner/.m2/repository/org/codehaus/plexus/plexus-interpolation/1.26/plexus-interpolation-1.26.jar:/home/runner/.m2/repository/org/codehaus/plexus/plexus-utils/3.5.1/plexus-utils-3.5.1.jar:/home/runner/.m2/repository/org/codehaus/plexus/plexus-xml/4.0.1/plexus-xml-4.0.1.jar:/home/runner/.m2/repository/org/apache/maven/maven-xml-impl/4.0.0-alpha-5/maven-xml-impl-4.0.0-alpha-5.jar:/home/runner/.m2/repository/org/apache/maven/maven-api-xml/4.0.0-alpha-5/maven-api-xml-4.0.0-alpha-5.jar:/home/runner/.m2/repository/org/apache/maven/maven-api-meta/4.0.0-alpha-5/maven-api-meta-4.0.0-alpha-5.jar:/home/runner/.m2/repository/org/codehaus/plexus/plexus-cipher/2.0/plexus-cipher-2.0.jar:/home/runner/.m2/repository/org/codehaus/plexus/plexus-sec-dispatcher/2.0/plexus-sec-dispatcher-2.0.jar:/home/runner/.m2/repository/org/apache/maven/maven-embedder/3.9.9/maven-embedder-3.9.9.jar:/home/runner/.m2/repository/org/apache/maven/maven-core/3.9.9/maven-core-3.9.9.jar:/home/runner/.m2/repository/org/codehaus/plexus/plexus-component-annotations/2.1.0/plexus-component-annotations-2.1.0.jar:/home/runner/.m2/repository/org/apache/maven/maven-plugin-api/3.9.9/maven-plugin-api-3.9.9.jar:/home/runner/.m2/repository/org/apache/maven/shared/maven-shared-utils/3.4.2/maven-shared-utils-3.4.2.jar:/home/runner/.m2/repository/com/google/inject/guice/5.1.0/guice-5.1.0.jar:/home/runner/.m2/repository/aopalliance/aopalliance/1.0/aopalliance-1.0.jar:/home/runner/.m2/repository/org/codehaus/plexus/plexus-classworlds/2.6.0/plexus-classworlds-2.6.0.jar:/home/runner/.m2/repository/commons-cli/commons-cli/1.8.0/commons-cli-1.8.0.jar:/home/runner/.m2/repository/org/eclipse/sisu/org.eclipse.sisu.plexus/0.9.0.M3/org.eclipse.sisu.plexus-0.9.0.M3.jar:/home/runner/.m2/repository/org/apache/maven/maven-settings-builder/3.9.9/maven-settings-builder-3.9.9.jar:/home/runner/.m2/repository/org/apache/maven/maven-resolver-provider/3.9.9/maven-resolver-provider-3.9.9.jar:/home/runner/.m2/repository/org/apache/maven/resolver/maven-resolver-connector-basic/1.9.22/maven-resolver-connector-basic-1.9.22.jar:/home/runner/.m2/repository/org/apache/maven/resolver/maven-resolver-transport-wagon/1.9.22/maven-resolver-transport-wagon-1.9.22.jar:/home/runner/.m2/repository/org/apache/maven/wagon/wagon-http/3.5.3/wagon-http-3.5.3.jar:/home/runner/.m2/repository/org/apache/maven/wagon/wagon-file/3.5.3/wagon-file-3.5.3.jar:/home/runner/.m2/repository/io/quarkus/quarkus-bootstrap-gradle-resolver/3.20.2/quarkus-bootstrap-gradle-resolver-3.20.2.jar:/home/runner/.m2/repository/io/smallrye/jandex/3.3.0/jandex-3.3.0.jar:/home/runner/.m2/repository/org/jboss/logging/commons-logging-jboss-logging/1.0.0.Final/commons-logging-jboss-logging-1.0.0.Final.jar:/home/runner/.m2/repository/io/quarkus/quarkus-junit5-config/3.20.2/quarkus-junit5-config-3.20.2.jar:/home/runner/.m2/repository/org/junit/jupiter/junit-jupiter-api/5.12.1/junit-jupiter-api-5.12.1.jar:/home/runner/.m2/repository/io/smallrye/config/smallrye-config/3.11.4/smallrye-config-3.11.4.jar:/home/runner/.m2/repository/io/smallrye/config/smallrye-config-core/3.11.4/smallrye-config-core-3.11.4.jar:/home/runner/.m2/repository/io/smallrye/common/smallrye-common-classloader/2.12.0/smallrye-common-classloader-2.12.0.jar:/home/runner/.m2/repository/io/smallrye/config/smallrye-config-common/3.11.4/smallrye-config-common-3.11.4.jar:/home/runner/.m2/repository/org/junit/jupiter/junit-jupiter/5.12.1/junit-jupiter-5.12.1.jar:/home/runner/.m2/repository/org/junit/jupiter/junit-jupiter-params/5.12.1/junit-jupiter-params-5.12.1.jar:/home/runner/.m2/repository/org/junit/jupiter/junit-jupiter-engine/5.12.1/junit-jupiter-engine-5.12.1.jar:/home/runner/.m2/repository/io/quarkus/quarkus-core/3.20.2/quarkus-core-3.20.2.jar:/home/runner/.m2/repository/jakarta/enterprise/jakarta.enterprise.cdi-api/4.1.0/jakarta.enterprise.cdi-api-4.1.0.jar:/home/runner/.m2/repository/jakarta/enterprise/jakarta.enterprise.lang-model/4.1.0/jakarta.enterprise.lang-model-4.1.0.jar:/home/runner/.m2/repository/jakarta/el/jakarta.el-api/5.0.1/jakarta.el-api-5.0.1.jar:/home/runner/.m2/repository/jakarta/interceptor/jakarta.interceptor-api/2.2.0/jakarta.interceptor-api-2.2.0.jar:/home/runner/.m2/repository/jakarta/inject/jakarta.inject-api/2.0.1/jakarta.inject-api-2.0.1.jar:/home/runner/.m2/repository/io/smallrye/common/smallrye-common-os/2.12.0/smallrye-common-os-2.12.0.jar:/home/runner/.m2/repository/io/quarkus/quarkus-ide-launcher/3.20.2/quarkus-ide-launcher-3.20.2.jar:/home/runner/.m2/repository/io/quarkus/quarkus-development-mode-spi/3.20.2/quarkus-development-mode-spi-3.20.2.jar:/home/runner/.m2/repository/org/jboss/logging/jboss-logging/3.6.1.Final/jboss-logging-3.6.1.Final.jar:/home/runner/.m2/repository/org/jboss/logmanager/jboss-logmanager/3.1.2.Final/jboss-logmanager-3.1.2.Final.jar:/home/runner/.m2/repository/io/smallrye/common/smallrye-common-constraint/2.12.0/smallrye-common-constraint-2.12.0.jar:/home/runner/.m2/repository/io/smallrye/common/smallrye-common-cpu/2.12.0/smallrye-common-cpu-2.12.0.jar:/home/runner/.m2/repository/io/smallrye/common/smallrye-common-expression/2.12.0/smallrye-common-expression-2.12.0.jar:/home/runner/.m2/repository/io/smallrye/common/smallrye-common-net/2.12.0/smallrye-common-net-2.12.0.jar:/home/runner/.m2/repository/io/smallrye/common/smallrye-common-ref/2.12.0/smallrye-common-ref-2.12.0.jar:/home/runner/.m2/repository/jakarta/json/jakarta.json-api/2.1.3/jakarta.json-api-2.1.3.jar:/home/runner/.m2/repository/org/eclipse/parsson/parsson/1.1.7/parsson-1.1.7.jar:/home/runner/.m2/repository/org/jboss/logging/jboss-logging-annotations/3.0.4.Final/jboss-logging-annotations-3.0.4.Final.jar:/home/runner/.m2/repository/org/jboss/threads/jboss-threads/3.8.0.Final/jboss-threads-3.8.0.Final.jar:/home/runner/.m2/repository/io/smallrye/common/smallrye-common-annotation/2.12.0/smallrye-common-annotation-2.12.0.jar:/home/runner/.m2/repository/io/smallrye/common/smallrye-common-function/2.12.0/smallrye-common-function-2.12.0.jar:/home/runner/.m2/repository/org/jboss/slf4j/slf4j-jboss-logmanager/2.0.0.Final/slf4j-jboss-logmanager-2.0.0.Final.jar:/home/runner/.m2/repository/org/wildfly/common/wildfly-common/2.0.1/wildfly-common-2.0.1.jar:/home/runner/.m2/repository/io/quarkus/quarkus-bootstrap-runner/3.20.2/quarkus-bootstrap-runner-3.20.2.jar:/home/runner/.m2/repository/io/github/crac/org-crac/0.1.3/org-crac-0.1.3.jar:/home/runner/.m2/repository/io/quarkus/quarkus-fs-util/0.0.10/quarkus-fs-util-0.0.10.jar:/home/runner/.m2/repository/org/jboss/marshalling/jboss-marshalling/2.2.2.Final/jboss-marshalling-2.2.2.Final.jar:/home/runner/.m2/repository/io/fabric8/kubernetes-client/7.1.0/kubernetes-client-7.1.0.jar:/home/runner/.m2/repository/io/fabric8/kubernetes-client-api/7.1.0/kubernetes-client-api-7.1.0.jar:/home/runner/.m2/repository/io/fabric8/kubernetes-model-core/7.1.0/kubernetes-model-core-7.1.0.jar:/home/runner/.m2/repository/io/fabric8/kubernetes-model-common/7.1.0/kubernetes-model-common-7.1.0.jar:/home/runner/.m2/repository/javax/annotation/javax.annotation-api/1.3.2/javax.annotation-api-1.3.2.jar:/home/runner/.m2/repository/io/fabric8/kubernetes-model-gatewayapi/7.1.0/kubernetes-model-gatewayapi-7.1.0.jar:/home/runner/.m2/repository/io/fabric8/kubernetes-model-resource/7.1.0/kubernetes-model-resource-7.1.0.jar:/home/runner/.m2/repository/io/fabric8/kubernetes-model-rbac/7.1.0/kubernetes-model-rbac-7.1.0.jar:/home/runner/.m2/repository/io/fabric8/kubernetes-model-admissionregistration/7.1.0/kubernetes-model-admissionregistration-7.1.0.jar:/home/runner/.m2/repository/io/fabric8/kubernetes-model-apps/7.1.0/kubernetes-model-apps-7.1.0.jar:/home/runner/.m2/repository/io/fabric8/kubernetes-model-autoscaling/7.1.0/kubernetes-model-autoscaling-7.1.0.jar:/home/runner/.m2/repository/io/fabric8/kubernetes-model-apiextensions/7.1.0/kubernetes-model-apiextensions-7.1.0.jar:/home/runner/.m2/repository/io/fabric8/kubernetes-model-batch/7.1.0/kubernetes-model-batch-7.1.0.jar:/home/runner/.m2/repository/io/fabric8/kubernetes-model-certificates/7.1.0/kubernetes-model-certificates-7.1.0.jar:/home/runner/.m2/repository/io/fabric8/kubernetes-model-coordination/7.1.0/kubernetes-model-coordination-7.1.0.jar:/home/runner/.m2/repository/io/fabric8/kubernetes-model-discovery/7.1.0/kubernetes-model-discovery-7.1.0.jar:/home/runner/.m2/repository/io/fabric8/kubernetes-model-events/7.1.0/kubernetes-model-events-7.1.0.jar:/home/runner/.m2/repository/io/fabric8/kubernetes-model-extensions/7.1.0/kubernetes-model-extensions-7.1.0.jar:/home/runner/.m2/repository/io/fabric8/kubernetes-model-flowcontrol/7.1.0/kubernetes-model-flowcontrol-7.1.0.jar:/home/runner/.m2/repository/io/fabric8/kubernetes-model-networking/7.1.0/kubernetes-model-networking-7.1.0.jar:/home/runner/.m2/repository/io/fabric8/kubernetes-model-metrics/7.1.0/kubernetes-model-metrics-7.1.0.jar:/home/runner/.m2/repository/io/fabric8/kubernetes-model-policy/7.1.0/kubernetes-model-policy-7.1.0.jar:/home/runner/.m2/repository/io/fabric8/kubernetes-model-scheduling/7.1.0/kubernetes-model-scheduling-7.1.0.jar:/home/runner/.m2/repository/io/fabric8/kubernetes-model-storageclass/7.1.0/kubernetes-model-storageclass-7.1.0.jar:/home/runner/.m2/repository/io/fabric8/kubernetes-model-node/7.1.0/kubernetes-model-node-7.1.0.jar:/home/runner/.m2/repository/org/snakeyaml/snakeyaml-engine/2.9/snakeyaml-engine-2.9.jar:/home/runner/.m2/repository/com/fasterxml/jackson/dataformat/jackson-dataformat-yaml/2.18.2/jackson-dataformat-yaml-2.18.2.jar:/home/runner/.m2/repository/com/fasterxml/jackson/datatype/jackson-datatype-jsr310/2.18.2/jackson-datatype-jsr310-2.18.2.jar:/home/runner/.m2/repository/io/fabric8/zjsonpatch/7.1.0/zjsonpatch-7.1.0.jar:/home/runner/.m2/repository/io/fabric8/kubernetes-httpclient-vertx/7.1.0/kubernetes-httpclient-vertx-7.1.0.jar:/home/runner/.m2/repository/io/vertx/vertx-web-client/4.5.16/vertx-web-client-4.5.16.jar:/home/runner/.m2/repository/io/vertx/vertx-web-common/4.5.16/vertx-web-common-4.5.16.jar:/home/runner/.m2/repository/io/vertx/vertx-auth-common/4.5.16/vertx-auth-common-4.5.16.jar:/home/runner/.m2/repository/io/vertx/vertx-uri-template/4.5.16/vertx-uri-template-4.5.16.jar:/home/runner/.m2/repository/io/fabric8/openshift-client/7.1.0/openshift-client-7.1.0.jar:/home/runner/.m2/repository/io/fabric8/openshift-client-api/7.1.0/openshift-client-api-7.1.0.jar:/home/runner/.m2/repository/io/fabric8/openshift-model/7.1.0/openshift-model-7.1.0.jar:/home/runner/.m2/repository/io/fabric8/openshift-model-autoscaling/7.1.0/openshift-model-autoscaling-7.1.0.jar:/home/runner/.m2/repository/io/fabric8/openshift-model-operator/7.1.0/openshift-model-operator-7.1.0.jar:/home/runner/.m2/repository/io/fabric8/openshift-model-operatorhub/7.1.0/openshift-model-operatorhub-7.1.0.jar:/home/runner/.m2/repository/io/fabric8/openshift-model-machine/7.1.0/openshift-model-machine-7.1.0.jar:/home/runner/.m2/repository/io/fabric8/openshift-model-whereabouts/7.1.0/openshift-model-whereabouts-7.1.0.jar:/home/runner/.m2/repository/io/fabric8/openshift-model-monitoring/7.1.0/openshift-model-monitoring-7.1.0.jar:/home/runner/.m2/repository/io/fabric8/openshift-model-storageversionmigrator/7.1.0/openshift-model-storageversionmigrator-7.1.0.jar:/home/runner/.m2/repository/io/fabric8/openshift-model-tuned/7.1.0/openshift-model-tuned-7.1.0.jar:/home/runner/.m2/repository/io/fabric8/openshift-model-console/7.1.0/openshift-model-console-7.1.0.jar:/home/runner/.m2/repository/io/fabric8/openshift-model-config/7.1.0/openshift-model-config-7.1.0.jar:/home/runner/.m2/repository/io/fabric8/openshift-model-machineconfiguration/7.1.0/openshift-model-machineconfiguration-7.1.0.jar:/home/runner/.m2/repository/io/fabric8/openshift-model-miscellaneous/7.1.0/openshift-model-miscellaneous-7.1.0.jar:/home/runner/.m2/repository/io/fabric8/openshift-model-hive/7.1.0/openshift-model-hive-7.1.0.jar:/home/runner/.m2/repository/io/fabric8/openshift-model-installer/7.1.0/openshift-model-installer-7.1.0.jar:/home/runner/.m2/repository/org/junit/platform/junit-platform-launcher/1.12.1/junit-platform-launcher-1.12.1.jar:/home/runner/.m2/repository/org/junit/platform/junit-platform-engine/1.12.1/junit-platform-engine-1.12.1.jar:/home/runner/.m2/repository/org/opentest4j/opentest4j/1.3.0/opentest4j-1.3.0.jar:/home/runner/.m2/repository/org/junit/platform/junit-platform-commons/1.12.1/junit-platform-commons-1.12.1.jar:/home/runner/.m2/repository/org/apiguardian/apiguardian-api/1.1.2/apiguardian-api-1.1.2.jar:/home/runner/.m2/repository/jakarta/ws/rs/jakarta.ws.rs-api/3.1.0/jakarta.ws.rs-api-3.1.0.jar:/home/runner/work/apicurio-testing/apicurio-testing/clusters/ci419/namespaces/pg17/tests/integration/apicurio-registry/java-sdk/target/apicurio-registry-java-sdk-3.0.12-SNAPSHOT.jar:/home/runner/.m2/repository/com/microsoft/kiota/microsoft-kiota-abstractions/1.8.8/microsoft-kiota-abstractions-1.8.8.jar:/home/runner/.m2/repository/io/github/std-uritemplate/std-uritemplate/2.0.0/std-uritemplate-2.0.0.jar:/home/runner/.m2/repository/io/kiota/kiota-http-jdk/0.0.29/kiota-http-jdk-0.0.29.jar:/home/runner/.m2/repository/io/kiota/kiota-http-vertx/0.0.29/kiota-http-vertx-0.0.29.jar:/home/runner/.m2/repository/io/kiota/kiota-serialization-jackson/0.0.29/kiota-serialization-jackson-0.0.29.jar:/home/runner/.m2/repository/com/microsoft/kiota/microsoft-kiota-serialization-text/1.8.8/microsoft-kiota-serialization-text-1.8.8.jar:/home/runner/.m2/repository/com/microsoft/kiota/microsoft-kiota-serialization-form/1.8.8/microsoft-kiota-serialization-form-1.8.8.jar:/home/runner/.m2/repository/com/microsoft/kiota/microsoft-kiota-serialization-multipart/1.8.8/microsoft-kiota-serialization-multipart-1.8.8.jar:/home/runner/.m2/repository/jakarta/annotation/jakarta.annotation-api/3.0.0/jakarta.annotation-api-3.0.0.jar:/home/runner/.m2/repository/io/vertx/vertx-auth-oauth2/4.5.16/vertx-auth-oauth2-4.5.16.jar:/home/runner/work/apicurio-testing/apicurio-testing/clusters/ci419/namespaces/pg17/tests/integration/apicurio-registry/java-sdk-v2/target/apicurio-registry-v2-java-sdk-3.0.12-SNAPSHOT.jar:/home/runner/work/apicurio-testing/apicurio-testing/clusters/ci419/namespaces/pg17/tests/integration/apicurio-registry/utils/kafka/target/apicurio-registry-utils-kafka-3.0.12-SNAPSHOT-tests.jar:/home/runner/.m2/repository/org/eclipse/microprofile/config/microprofile-config-api/3.1/microprofile-config-api-3.1.jar:/home/runner/.m2/repository/org/apache/kafka/kafka-clients/3.9.1/kafka-clients-3.9.1.jar:/home/runner/.m2/repository/com/github/luben/zstd-jni/1.5.6-4/zstd-jni-1.5.6-4.jar:/home/runner/.m2/repository/org/lz4/lz4-java/1.8.0/lz4-java-1.8.0.jar:/home/runner/.m2/repository/org/xerial/snappy/snappy-java/1.1.10.5/snappy-java-1.1.10.5.jar:/home/runner/.m2/repository/org/slf4j/slf4j-api/2.0.6/slf4j-api-2.0.6.jar:/home/runner/work/apicurio-testing/apicurio-testing/clusters/ci419/namespaces/pg17/tests/integration/apicurio-registry/utils/tests/target/apicurio-registry-utils-tests-3.0.12-SNAPSHOT.jar:/home/runner/work/apicurio-testing/apicurio-testing/clusters/ci419/namespaces/pg17/tests/integration/apicurio-registry/common/target/apicurio-registry-common-3.0.12-SNAPSHOT.jar:/home/runner/.m2/repository/jakarta/validation/jakarta.validation-api/3.0.2/jakarta.validation-api-3.0.2.jar:/home/runner/.m2/repository/com/github/dasniko/testcontainers-keycloak/3.8.0/testcontainers-keycloak-3.8.0.jar:/home/runner/.m2/repository/org/testcontainers/testcontainers/1.20.6/testcontainers-1.20.6.jar:/home/runner/.m2/repository/org/rnorth/duct-tape/duct-tape/1.0.8/duct-tape-1.0.8.jar:/home/runner/.m2/repository/com/github/docker-java/docker-java-transport-zerodep/3.4.1/docker-java-transport-zerodep-3.4.1.jar:/home/runner/.m2/repository/com/github/docker-java/docker-java-transport/3.4.1/docker-java-transport-3.4.1.jar:/home/runner/.m2/repository/net/java/dev/jna/jna/5.8.0/jna-5.8.0.jar:/home/runner/.m2/repository/io/quarkus/quarkus-junit4-mock/3.20.2/quarkus-junit4-mock-3.20.2.jar:/home/runner/.m2/repository/org/jboss/shrinkwrap/shrinkwrap-api/2.0.0-beta-2/shrinkwrap-api-2.0.0-beta-2.jar:/home/runner/.m2/repository/org/jboss/shrinkwrap/shrinkwrap-impl-base/2.0.0-beta-2/shrinkwrap-impl-base-2.0.0-beta-2.jar:/home/runner/.m2/repository/org/jboss/shrinkwrap/shrinkwrap-spi/2.0.0-beta-2/shrinkwrap-spi-2.0.0-beta-2.jar:/home/runner/.m2/repository/org/keycloak/keycloak-admin-client/26.0.4/keycloak-admin-client-26.0.4.jar:/home/runner/.m2/repository/org/keycloak/keycloak-client-common-synced/26.0.4/keycloak-client-common-synced-26.0.4.jar:/home/runner/.m2/repository/jakarta/activation/jakarta.activation-api/2.1.3/jakarta.activation-api-2.1.3.jar:/home/runner/.m2/repository/org/eclipse/microprofile/openapi/microprofile-openapi-api/4.0.2/microprofile-openapi-api-4.0.2.jar:/home/runner/.m2/repository/org/jboss/resteasy/resteasy-client/6.2.12.Final/resteasy-client-6.2.12.Final.jar:/home/runner/.m2/repository/org/jboss/resteasy/resteasy-client-api/6.2.12.Final/resteasy-client-api-6.2.12.Final.jar:/home/runner/.m2/repository/org/jboss/resteasy/resteasy-core-spi/6.2.12.Final/resteasy-core-spi-6.2.12.Final.jar:/home/runner/.m2/repository/org/jboss/resteasy/resteasy-core/6.2.12.Final/resteasy-core-6.2.12.Final.jar:/home/runner/.m2/repository/org/eclipse/angus/angus-activation/2.0.2/angus-activation-2.0.2.jar:/home/runner/.m2/repository/com/ibm/async/asyncutil/0.1.0/asyncutil-0.1.0.jar:/home/runner/.m2/repository/org/reactivestreams/reactive-streams/1.0.4/reactive-streams-1.0.4.jar:/home/runner/.m2/repository/org/jboss/resteasy/resteasy-multipart-provider/6.2.12.Final/resteasy-multipart-provider-6.2.12.Final.jar:/home/runner/.m2/repository/jakarta/mail/jakarta.mail-api/2.1.3/jakarta.mail-api-2.1.3.jar:/home/runner/.m2/repository/org/eclipse/angus/angus-mail/2.0.3/angus-mail-2.0.3.jar:/home/runner/.m2/repository/org/apache/james/apache-mime4j-dom/0.8.12/apache-mime4j-dom-0.8.12.jar:/home/runner/.m2/repository/org/apache/james/apache-mime4j-core/0.8.12/apache-mime4j-core-0.8.12.jar:/home/runner/.m2/repository/org/apache/james/apache-mime4j-storage/0.8.12/apache-mime4j-storage-0.8.12.jar:/home/runner/.m2/repository/org/jboss/resteasy/resteasy-jackson2-provider/6.2.12.Final/resteasy-jackson2-provider-6.2.12.Final.jar:/home/runner/.m2/repository/com/fasterxml/jackson/jakarta/rs/jackson-jakarta-rs-base/2.18.2/jackson-jakarta-rs-base-2.18.2.jar:/home/runner/.m2/repository/com/fasterxml/jackson/jakarta/rs/jackson-jakarta-rs-json-provider/2.18.2/jackson-jakarta-rs-json-provider-2.18.2.jar:/home/runner/.m2/repository/com/fasterxml/jackson/module/jackson-module-jakarta-xmlbind-annotations/2.18.2/jackson-module-jakarta-xmlbind-annotations-2.18.2.jar:/home/runner/.m2/repository/com/github/java-json-tools/json-patch/1.13/json-patch-1.13.jar:/home/runner/.m2/repository/com/github/java-json-tools/msg-simple/1.2/msg-simple-1.2.jar:/home/runner/.m2/repository/com/github/java-json-tools/btf/1.3/btf-1.3.jar:/home/runner/.m2/repository/com/github/java-json-tools/jackson-coreutils/2.0/jackson-coreutils-2.0.jar:/home/runner/.m2/repository/org/jboss/resteasy/resteasy-jaxb-provider/6.2.12.Final/resteasy-jaxb-provider-6.2.12.Final.jar:/home/runner/.m2/repository/org/glassfish/jaxb/codemodel/4.0.5/codemodel-4.0.5.jar:/home/runner/.m2/repository/org/glassfish/jaxb/jaxb-core/4.0.5/jaxb-core-4.0.5.jar:/home/runner/.m2/repository/org/glassfish/jaxb/jaxb-jxc/4.0.5/jaxb-jxc-4.0.5.jar:/home/runner/.m2/repository/org/glassfish/jaxb/jaxb-runtime/4.0.5/jaxb-runtime-4.0.5.jar:/home/runner/.m2/repository/org/glassfish/jaxb/txw2/4.0.5/txw2-4.0.5.jar:/home/runner/.m2/repository/org/glassfish/jaxb/jaxb-xjc/4.0.5/jaxb-xjc-4.0.5.jar:/home/runner/.m2/repository/org/glassfish/jaxb/xsom/4.0.5/xsom-4.0.5.jar:/home/runner/.m2/repository/com/sun/istack/istack-commons-runtime/4.1.2/istack-commons-runtime-4.1.2.jar:/home/runner/.m2/repository/com/sun/istack/istack-commons-tools/4.1.2/istack-commons-tools-4.1.2.jar:/home/runner/.m2/repository/com/sun/xml/bind/external/relaxng-datatype/4.0.5/relaxng-datatype-4.0.5.jar:/home/runner/.m2/repository/com/sun/xml/bind/external/rngom/4.0.5/rngom-4.0.5.jar:/home/runner/.m2/repository/org/testcontainers/mssqlserver/1.20.6/mssqlserver-1.20.6.jar:/home/runner/.m2/repository/org/testcontainers/jdbc/1.20.6/jdbc-1.20.6.jar:/home/runner/.m2/repository/org/testcontainers/database-commons/1.20.6/database-commons-1.20.6.jar:/home/runner/.m2/repository/org/testcontainers/mysql/1.20.6/mysql-1.20.6.jar:/home/runner/.m2/repository/io/strimzi/strimzi-test-container/0.111.0/strimzi-test-container-0.111.0.jar:/home/runner/.m2/repository/org/testcontainers/toxiproxy/1.20.6/toxiproxy-1.20.6.jar:/home/runner/.m2/repository/com/github/docker-java/docker-java-api/3.4.1/docker-java-api-3.4.1.jar:/home/runner/.m2/repository/org/apache/logging/log4j/log4j-slf4j-impl/2.19.0/log4j-slf4j-impl-2.19.0.jar:/home/runner/.m2/repository/org/apache/logging/log4j/log4j-api/2.24.3/log4j-api-2.24.3.jar:/home/runner/.m2/repository/org/apache/logging/log4j/log4j-core/2.19.0/log4j-core-2.19.0.jar:/home/runner/.m2/repository/eu/rekawek/toxiproxy/toxiproxy-java/2.1.7/toxiproxy-java-2.1.7.jar:/home/runner/.m2/repository/org/testcontainers/pulsar/1.21.3/pulsar-1.21.3.jar:/home/runner/.m2/repository/io/debezium/debezium-testing-testcontainers/2.7.4.Final/debezium-testing-testcontainers-2.7.4.Final.jar:/home/runner/.m2/repository/org/testcontainers/kafka/1.20.6/kafka-1.20.6.jar:/home/runner/.m2/repository/com/squareup/okhttp3/okhttp/4.8.1/okhttp-4.8.1.jar:/home/runner/.m2/repository/com/squareup/okio/okio/3.10.2/okio-3.10.2.jar:/home/runner/.m2/repository/com/squareup/okio/okio-jvm/3.10.2/okio-jvm-3.10.2.jar:/home/runner/.m2/repository/org/jetbrains/kotlin/kotlin-stdlib/2.0.21/kotlin-stdlib-2.0.21.jar:/home/runner/.m2/repository/org/awaitility/awaitility/4.3.0/awaitility-4.3.0.jar:/home/runner/.m2/repository/org/testcontainers/mongodb/1.20.6/mongodb-1.20.6.jar:/home/runner/.m2/repository/org/testcontainers/mariadb/1.20.6/mariadb-1.20.6.jar:/home/runner/.m2/repository/org/testcontainers/oracle-xe/1.20.6/oracle-xe-1.20.6.jar:/home/runner/.m2/repository/org/testcontainers/postgresql/1.20.6/postgresql-1.20.6.jar:/home/runner/.m2/repository/org/wiremock/wiremock/3.0.1/wiremock-3.0.1.jar:/home/runner/.m2/repository/org/eclipse/jetty/jetty-server/11.0.15/jetty-server-11.0.15.jar:/home/runner/.m2/repository/org/eclipse/jetty/toolchain/jetty-jakarta-servlet-api/5.0.2/jetty-jakarta-servlet-api-5.0.2.jar:/home/runner/.m2/repository/org/eclipse/jetty/jetty-http/11.0.15/jetty-http-11.0.15.jar:/home/runner/.m2/repository/org/eclipse/jetty/jetty-io/11.0.15/jetty-io-11.0.15.jar:/home/runner/.m2/repository/org/eclipse/jetty/jetty-servlet/11.0.15/jetty-servlet-11.0.15.jar:/home/runner/.m2/repository/org/eclipse/jetty/jetty-security/11.0.15/jetty-security-11.0.15.jar:/home/runner/.m2/repository/org/eclipse/jetty/jetty-servlets/11.0.15/jetty-servlets-11.0.15.jar:/home/runner/.m2/repository/org/eclipse/jetty/jetty-util/11.0.15/jetty-util-11.0.15.jar:/home/runner/.m2/repository/org/eclipse/jetty/jetty-webapp/11.0.15/jetty-webapp-11.0.15.jar:/home/runner/.m2/repository/org/eclipse/jetty/jetty-xml/11.0.15/jetty-xml-11.0.15.jar:/home/runner/.m2/repository/org/eclipse/jetty/jetty-proxy/11.0.15/jetty-proxy-11.0.15.jar:/home/runner/.m2/repository/org/eclipse/jetty/jetty-client/11.0.15/jetty-client-11.0.15.jar:/home/runner/.m2/repository/org/eclipse/jetty/http2/http2-server/11.0.15/http2-server-11.0.15.jar:/home/runner/.m2/repository/org/eclipse/jetty/http2/http2-common/11.0.15/http2-common-11.0.15.jar:/home/runner/.m2/repository/org/eclipse/jetty/http2/http2-hpack/11.0.15/http2-hpack-11.0.15.jar:/home/runner/.m2/repository/org/eclipse/jetty/jetty-alpn-server/11.0.15/jetty-alpn-server-11.0.15.jar:/home/runner/.m2/repository/org/eclipse/jetty/jetty-alpn-java-server/11.0.15/jetty-alpn-java-server-11.0.15.jar:/home/runner/.m2/repository/org/eclipse/jetty/jetty-alpn-java-client/11.0.15/jetty-alpn-java-client-11.0.15.jar:/home/runner/.m2/repository/org/eclipse/jetty/jetty-alpn-client/11.0.15/jetty-alpn-client-11.0.15.jar:/home/runner/.m2/repository/org/apache/httpcomponents/client5/httpclient5/5.2.1/httpclient5-5.2.1.jar:/home/runner/.m2/repository/org/apache/httpcomponents/core5/httpcore5/5.2/httpcore5-5.2.jar:/home/runner/.m2/repository/org/apache/httpcomponents/core5/httpcore5-h2/5.2/httpcore5-h2-5.2.jar:/home/runner/.m2/repository/org/xmlunit/xmlunit-core/2.9.1/xmlunit-core-2.9.1.jar:/home/runner/.m2/repository/jakarta/xml/bind/jakarta.xml.bind-api/4.0.2/jakarta.xml.bind-api-4.0.2.jar:/home/runner/.m2/repository/org/xmlunit/xmlunit-legacy/2.9.1/xmlunit-legacy-2.9.1.jar:/home/runner/.m2/repository/org/xmlunit/xmlunit-placeholders/2.9.1/xmlunit-placeholders-2.9.1.jar:/home/runner/.m2/repository/net/javacrumbs/json-unit/json-unit-core/2.38.0/json-unit-core-2.38.0.jar:/home/runner/.m2/repository/org/hamcrest/hamcrest-core/2.2/hamcrest-core-2.2.jar:/home/runner/.m2/repository/com/jayway/jsonpath/json-path/2.8.0/json-path-2.8.0.jar:/home/runner/.m2/repository/net/minidev/json-smart/2.4.10/json-smart-2.4.10.jar:/home/runner/.m2/repository/net/minidev/accessors-smart/2.4.9/accessors-smart-2.4.9.jar:/home/runner/.m2/repository/org/ow2/asm/asm/9.7.1/asm-9.7.1.jar:/home/runner/.m2/repository/net/sf/jopt-simple/jopt-simple/5.0.4/jopt-simple-5.0.4.jar:/home/runner/.m2/repository/com/github/jknack/handlebars/4.3.1/handlebars-4.3.1.jar:/home/runner/.m2/repository/com/github/jknack/handlebars-helpers/4.3.1/handlebars-helpers-4.3.1.jar:/home/runner/.m2/repository/commons-fileupload/commons-fileupload/1.5/commons-fileupload-1.5.jar:/home/runner/.m2/repository/com/networknt/json-schema-validator/1.5.8/json-schema-validator-1.5.8.jar:/home/runner/.m2/repository/com/ethlo/time/itu/1.10.3/itu-1.10.3.jar:/home/runner/.m2/repository/io/quarkus/quarkus-smallrye-jwt-build/3.20.2/quarkus-smallrye-jwt-build-3.20.2.jar:/home/runner/.m2/repository/io/smallrye/smallrye-jwt-build/4.6.2/smallrye-jwt-build-4.6.2.jar:/home/runner/.m2/repository/org/eclipse/microprofile/jwt/microprofile-jwt-auth-api/2.1/microprofile-jwt-auth-api-2.1.jar:/home/runner/.m2/repository/org/bitbucket/b_c/jose4j/0.9.6/jose4j-0.9.6.jar:/home/runner/.m2/repository/io/smallrye/smallrye-jwt-common/4.6.2/smallrye-jwt-common-4.6.2.jar:/home/runner/.m2/repository/io/quarkus/quarkus-jsonp/3.20.2/quarkus-jsonp-3.20.2.jar:/home/runner/.m2/repository/io/quarkus/quarkus-arc/3.20.2/quarkus-arc-3.20.2.jar:/home/runner/.m2/repository/io/quarkus/arc/arc/3.20.2/arc-3.20.2.jar:/home/runner/.m2/repository/jakarta/transaction/jakarta.transaction-api/2.0.1/jakarta.transaction-api-2.0.1.jar:/home/runner/.m2/repository/io/smallrye/reactive/mutiny/2.9.2/mutiny-2.9.2.jar:/home/runner/.m2/repository/org/jctools/jctools-core/4.0.5/jctools-core-4.0.5.jar:/home/runner/.m2/repository/org/eclipse/microprofile/context-propagation/microprofile-context-propagation-api/1.3/microprofile-context-propagation-api-1.3.jar:/home/runner/.m2/repository/io/apicurio/apicurio-common-rest-client-common/0.1.18.Final/apicurio-common-rest-client-common-0.1.18.Final.jar:/home/runner/work/apicurio-testing/apicurio-testing/clusters/ci419/namespaces/pg17/tests/integration/apicurio-registry/utils/maven-plugin/target/apicurio-registry-maven-plugin-3.0.12-SNAPSHOT.jar:/home/runner/.m2/repository/com/fasterxml/jackson/core/jackson-databind/2.18.2/jackson-databind-2.18.2.jar:/home/runner/.m2/repository/org/apache/avro/avro/1.12.0/avro-1.12.0.jar:/home/runner/.m2/repository/com/google/protobuf/protobuf-java/4.31.1/protobuf-java-4.31.1.jar:/home/runner/.m2/repository/com/google/protobuf/protobuf-java-util/4.31.1/protobuf-java-util-4.31.1.jar:/home/runner/.m2/repository/com/google/code/findbugs/jsr305/3.0.2/jsr305-3.0.2.jar:/home/runner/.m2/repository/com/google/code/gson/gson/2.12.1/gson-2.12.1.jar:/home/runner/.m2/repository/com/google/errorprone/error_prone_annotations/2.36.0/error_prone_annotations-2.36.0.jar:/home/runner/.m2/repository/com/google/j2objc/j2objc-annotations/2.8/j2objc-annotations-2.8.jar:/home/runner/work/apicurio-testing/apicurio-testing/clusters/ci419/namespaces/pg17/tests/integration/apicurio-registry/schema-util/util-provider/target/apicurio-registry-schema-util-provider-3.0.12-SNAPSHOT.jar:/home/runner/work/apicurio-testing/apicurio-testing/clusters/ci419/namespaces/pg17/tests/integration/apicurio-registry/schema-util/common/target/apicurio-registry-schema-util-common-3.0.12-SNAPSHOT.jar:/home/runner/.m2/repository/com/fasterxml/jackson/module/jackson-module-parameter-names/2.18.2/jackson-module-parameter-names-2.18.2.jar:/home/runner/.m2/repository/com/fasterxml/jackson/datatype/jackson-datatype-json-org/2.18.2/jackson-datatype-json-org-2.18.2.jar:/home/runner/work/apicurio-testing/apicurio-testing/clusters/ci419/namespaces/pg17/tests/integration/apicurio-registry/schema-util/json/target/apicurio-registry-schema-util-json-3.0.12-SNAPSHOT.jar:/home/runner/.m2/repository/com/github/erosb/everit-json-schema/1.14.5/everit-json-schema-1.14.5.jar:/home/runner/.m2/repository/commons-validator/commons-validator/1.9.0/commons-validator-1.9.0.jar:/home/runner/.m2/repository/commons-digester/commons-digester/2.1/commons-digester-2.1.jar:/home/runner/.m2/repository/commons-collections/commons-collections/3.2.2/commons-collections-3.2.2.jar:/home/runner/.m2/repository/com/damnhandy/handy-uri-templates/2.1.8/handy-uri-templates-2.1.8.jar:/home/runner/.m2/repository/joda-time/joda-time/2.10.2/joda-time-2.10.2.jar:/home/runner/.m2/repository/com/github/erosb/json-sKema/0.20.0/json-sKema-0.20.0.jar:/home/runner/.m2/repository/io/vertx/vertx-json-schema/4.5.16/vertx-json-schema-4.5.16.jar:/home/runner/work/apicurio-testing/apicurio-testing/clusters/ci419/namespaces/pg17/tests/integration/apicurio-registry/schema-util/protobuf/target/apicurio-registry-schema-util-protobuf-3.0.12-SNAPSHOT.jar:/home/runner/work/apicurio-testing/apicurio-testing/clusters/ci419/namespaces/pg17/tests/integration/apicurio-registry/utils/protobuf-schema-utilities/target/apicurio-registry-protobuf-schema-utilities-3.0.12-SNAPSHOT.jar:/home/runner/.m2/repository/com/google/api/grpc/proto-google-common-protos/2.52.0/proto-google-common-protos-2.52.0.jar:/home/runner/.m2/repository/com/squareup/wire/wire-schema-jvm/5.3.3/wire-schema-jvm-5.3.3.jar:/home/runner/.m2/repository/com/palantir/javapoet/javapoet/0.6.0/javapoet-0.6.0.jar:/home/runner/.m2/repository/com/squareup/kotlinpoet-jvm/2.0.0/kotlinpoet-jvm-2.0.0.jar:/home/runner/.m2/repository/org/jetbrains/kotlin/kotlin-reflect/2.0.21/kotlin-reflect-2.0.21.jar:/home/runner/.m2/repository/com/squareup/wire/wire-runtime-jvm/5.3.3/wire-runtime-jvm-5.3.3.jar:/home/runner/.m2/repository/com/ibm/icu/icu4j/76.1/icu4j-76.1.jar:/home/runner/.m2/repository/com/squareup/okio/okio-fakefilesystem/3.10.2/okio-fakefilesystem-3.10.2.jar:/home/runner/.m2/repository/com/squareup/okio/okio-fakefilesystem-jvm/3.10.2/okio-fakefilesystem-jvm-3.10.2.jar:/home/runner/.m2/repository/org/jetbrains/kotlinx/kotlinx-datetime-jvm/0.6.1/kotlinx-datetime-jvm-0.6.1.jar:/home/runner/work/apicurio-testing/apicurio-testing/clusters/ci419/namespaces/pg17/tests/integration/apicurio-registry/schema-util/asyncapi/target/apicurio-registry-schema-util-asyncapi-3.0.12-SNAPSHOT.jar:/home/runner/work/apicurio-testing/apicurio-testing/clusters/ci419/namespaces/pg17/tests/integration/apicurio-registry/schema-util/avro/target/apicurio-registry-schema-util-avro-3.0.12-SNAPSHOT.jar:/home/runner/work/apicurio-testing/apicurio-testing/clusters/ci419/namespaces/pg17/tests/integration/apicurio-registry/schema-util/graphql/target/apicurio-registry-schema-util-graphql-3.0.12-SNAPSHOT.jar:/home/runner/.m2/repository/com/graphql-java/graphql-java/22.4/graphql-java-22.4.jar:/home/runner/.m2/repository/com/graphql-java/java-dataloader/3.3.0/java-dataloader-3.3.0.jar:/home/runner/work/apicurio-testing/apicurio-testing/clusters/ci419/namespaces/pg17/tests/integration/apicurio-registry/schema-util/kconnect/target/apicurio-registry-schema-util-kconnect-3.0.12-SNAPSHOT.jar:/home/runner/work/apicurio-testing/apicurio-testing/clusters/ci419/namespaces/pg17/tests/integration/apicurio-registry/schema-util/openapi/target/apicurio-registry-schema-util-openapi-3.0.12-SNAPSHOT.jar:/home/runner/.m2/repository/io/apicurio/apicurio-data-models/2.2.2/apicurio-data-models-2.2.2.jar:/home/runner/.m2/repository/org/openapitools/openapidiff/openapi-diff-core/2.1.2/openapi-diff-core-2.1.2.jar:/home/runner/.m2/repository/io/swagger/parser/v3/swagger-parser/2.1.28/swagger-parser-2.1.28.jar:/home/runner/.m2/repository/io/swagger/parser/v3/swagger-parser-v2-converter/2.1.28/swagger-parser-v2-converter-2.1.28.jar:/home/runner/.m2/repository/io/swagger/swagger-core/1.6.16/swagger-core-1.6.16.jar:/home/runner/.m2/repository/io/swagger/swagger-models/1.6.16/swagger-models-1.6.16.jar:/home/runner/.m2/repository/io/swagger/swagger-annotations/1.6.16/swagger-annotations-1.6.16.jar:/home/runner/.m2/repository/io/swagger/swagger-parser/1.0.75/swagger-parser-1.0.75.jar:/home/runner/.m2/repository/io/swagger/swagger-parser-safe-url-resolver/1.0.75/swagger-parser-safe-url-resolver-1.0.75.jar:/home/runner/.m2/repository/io/swagger/swagger-compat-spec-parser/1.0.75/swagger-compat-spec-parser-1.0.75.jar:/home/runner/.m2/repository/com/github/java-json-tools/json-schema-validator/2.2.14/json-schema-validator-2.2.14.jar:/home/runner/.m2/repository/com/github/java-json-tools/jackson-coreutils-equivalence/1.0/jackson-coreutils-equivalence-1.0.jar:/home/runner/.m2/repository/com/github/java-json-tools/json-schema-core/1.2.14/json-schema-core-1.2.14.jar:/home/runner/.m2/repository/com/github/java-json-tools/uri-template/0.10/uri-template-0.10.jar:/home/runner/.m2/repository/com/googlecode/libphonenumber/libphonenumber/8.11.1/libphonenumber-8.11.1.jar:/home/runner/.m2/repository/com/j2html/j2html/1.6.0/j2html-1.6.0.jar:/home/runner/.m2/repository/org/apache/commons/commons-collections4/4.5.0/commons-collections4-4.5.0.jar:/home/runner/.m2/repository/org/slf4j/jcl-over-slf4j/2.0.17/jcl-over-slf4j-2.0.17.jar:/home/runner/.m2/repository/io/swagger/parser/v3/swagger-parser-v3/2.1.31/swagger-parser-v3-2.1.31.jar:/home/runner/.m2/repository/io/swagger/core/v3/swagger-models/2.2.34/swagger-models-2.2.34.jar:/home/runner/.m2/repository/io/swagger/core/v3/swagger-core/2.2.34/swagger-core-2.2.34.jar:/home/runner/.m2/repository/io/swagger/parser/v3/swagger-parser-core/2.1.31/swagger-parser-core-2.1.31.jar:/home/runner/.m2/repository/io/swagger/parser/v3/swagger-parser-safe-url-resolver/2.1.31/swagger-parser-safe-url-resolver-2.1.31.jar:/home/runner/work/apicurio-testing/apicurio-testing/clusters/ci419/namespaces/pg17/tests/integration/apicurio-registry/schema-util/wsdl/target/apicurio-registry-schema-util-wsdl-3.0.12-SNAPSHOT.jar:/home/runner/.m2/repository/wsdl4j/wsdl4j/1.6.3/wsdl4j-1.6.3.jar:/home/runner/work/apicurio-testing/apicurio-testing/clusters/ci419/namespaces/pg17/tests/integration/apicurio-registry/schema-util/xml/target/apicurio-registry-schema-util-xml-3.0.12-SNAPSHOT.jar:/home/runner/.m2/repository/org/apache/santuario/xmlsec/4.0.4/xmlsec-4.0.4.jar:/home/runner/.m2/repository/com/fasterxml/woodstox/woodstox-core/7.1.1/woodstox-core-7.1.1.jar:/home/runner/.m2/repository/org/codehaus/woodstox/stax2-api/4.2.2/stax2-api-4.2.2.jar:/home/runner/work/apicurio-testing/apicurio-testing/clusters/ci419/namespaces/pg17/tests/integration/apicurio-registry/schema-util/xsd/target/apicurio-registry-schema-util-xsd-3.0.12-SNAPSHOT.jar:/home/runner/work/apicurio-testing/apicurio-testing/clusters/ci419/namespaces/pg17/tests/integration/apicurio-registry/serdes/kafka/jsonschema-serde/target/apicurio-registry-jsonschema-serde-kafka-3.0.12-SNAPSHOT.jar:/home/runner/work/apicurio-testing/apicurio-testing/clusters/ci419/namespaces/pg17/tests/integration/apicurio-registry/serdes/kafka/serde-kafka-common/target/apicurio-registry-serde-kafka-common-3.0.12-SNAPSHOT.jar:/home/runner/work/apicurio-testing/apicurio-testing/clusters/ci419/namespaces/pg17/tests/integration/apicurio-registry/serdes/generic/serde-common/target/apicurio-registry-serde-common-3.0.12-SNAPSHOT.jar:/home/runner/work/apicurio-testing/apicurio-testing/clusters/ci419/namespaces/pg17/tests/integration/apicurio-registry/serdes/generic/serde-common-jsonschema/target/apicurio-registry-serde-common-jsonschema-3.0.12-SNAPSHOT.jar:/home/runner/.m2/repository/org/json/json/20250107/json-20250107.jar:/home/runner/work/apicurio-testing/apicurio-testing/clusters/ci419/namespaces/pg17/tests/integration/apicurio-registry/serdes/kafka/avro-serde/target/apicurio-registry-avro-serde-kafka-3.0.12-SNAPSHOT.jar:/home/runner/work/apicurio-testing/apicurio-testing/clusters/ci419/namespaces/pg17/tests/integration/apicurio-registry/serdes/generic/serde-common-avro/target/apicurio-registry-serde-common-avro-3.0.12-SNAPSHOT.jar:/home/runner/work/apicurio-testing/apicurio-testing/clusters/ci419/namespaces/pg17/tests/integration/apicurio-registry/serdes/kafka/protobuf-serde/target/apicurio-registry-protobuf-serde-kafka-3.0.12-SNAPSHOT.jar:/home/runner/work/apicurio-testing/apicurio-testing/clusters/ci419/namespaces/pg17/tests/integration/apicurio-registry/serdes/generic/serde-common-protobuf/target/apicurio-registry-serde-common-protobuf-3.0.12-SNAPSHOT.jar:/home/runner/.m2/repository/com/squareup/wire/wire-schema/5.3.3/wire-schema-5.3.3.jar:/home/runner/.m2/repository/com/squareup/wire/wire-runtime/5.3.3/wire-runtime-5.3.3.jar:/home/runner/work/apicurio-testing/apicurio-testing/clusters/ci419/namespaces/pg17/tests/integration/apicurio-registry/serdes/pulsar/avro-serde/target/apicurio-registry-avro-serde-pulsar-3.0.12-SNAPSHOT.jar:/home/runner/.m2/repository/org/apache/pulsar/pulsar-functions-api/3.3.8/pulsar-functions-api-3.3.8.jar:/home/runner/work/apicurio-testing/apicurio-testing/clusters/ci419/namespaces/pg17/tests/integration/apicurio-registry/serdes/nats/avro-serde/target/apicurio-registry-avro-serde-nats-3.0.12-SNAPSHOT.jar:/home/runner/.m2/repository/io/nats/jnats/2.21.4/jnats-2.21.4.jar:/home/runner/.m2/repository/org/bouncycastle/bcprov-lts8on/2.73.7/bcprov-lts8on-2.73.7.jar:/home/runner/.m2/repository/org/jetbrains/annotations/26.0.2/annotations-26.0.2.jar:/home/runner/work/apicurio-testing/apicurio-testing/clusters/ci419/namespaces/pg17/tests/integration/apicurio-registry/utils/converter/target/apicurio-registry-utils-converter-3.0.12-SNAPSHOT.jar:/home/runner/work/apicurio-testing/apicurio-testing/clusters/ci419/namespaces/pg17/tests/integration/apicurio-registry/schema-resolver/target/apicurio-registry-schema-resolver-3.0.12-SNAPSHOT.jar:/home/runner/.m2/repository/org/apache/kafka/connect-api/3.9.1/connect-api-3.9.1.jar:/home/runner/.m2/repository/javax/ws/rs/javax.ws.rs-api/2.1.1/javax.ws.rs-api-2.1.1.jar:/home/runner/.m2/repository/org/apache/kafka/connect-json/3.9.1/connect-json-3.9.1.jar:/home/runner/.m2/repository/com/fasterxml/jackson/datatype/jackson-datatype-jdk8/2.18.2/jackson-datatype-jdk8-2.18.2.jar:/home/runner/.m2/repository/com/fasterxml/jackson/module/jackson-module-afterburner/2.18.2/jackson-module-afterburner-2.18.2.jar:/home/runner/work/apicurio-testing/apicurio-testing/clusters/ci419/namespaces/pg17/tests/integration/apicurio-registry/utils/kafka/target/apicurio-registry-utils-kafka-3.0.12-SNAPSHOT.jar:/home/runner/.m2/repository/org/apache/pulsar/pulsar-client/3.3.8/pulsar-client-3.3.8.jar:/home/runner/.m2/repository/org/apache/pulsar/pulsar-client-api/3.3.8/pulsar-client-api-3.3.8.jar:/home/runner/.m2/repository/org/apache/pulsar/pulsar-client-admin-api/3.3.8/pulsar-client-admin-api-3.3.8.jar:/home/runner/.m2/repository/org/apache/pulsar/bouncy-castle-bc/3.3.8/bouncy-castle-bc-3.3.8-pkg.jar:/home/runner/.m2/repository/org/bouncycastle/bcpkix-jdk18on/1.81/bcpkix-jdk18on-1.81.jar:/home/runner/.m2/repository/org/bouncycastle/bcutil-jdk18on/1.81/bcutil-jdk18on-1.81.jar:/home/runner/.m2/repository/org/bouncycastle/bcprov-jdk18on/1.81/bcprov-jdk18on-1.81.jar:/home/runner/.m2/repository/io/opentelemetry/opentelemetry-api/1.44.1/opentelemetry-api-1.44.1.jar:/home/runner/.m2/repository/io/opentelemetry/opentelemetry-context/1.44.1/opentelemetry-context-1.44.1.jar:/home/runner/.m2/repository/io/opentelemetry/opentelemetry-api-incubator/1.44.1-alpha/opentelemetry-api-incubator-1.44.1-alpha.jar:/home/runner/.m2/repository/com/fasterxml/jackson/core/jackson-annotations/2.18.2/jackson-annotations-2.18.2.jar:/home/runner/.m2/repository/javax/validation/validation-api/1.1.0.Final/validation-api-1.1.0.Final.jar:/home/runner/.m2/repository/org/jspecify/jspecify/1.0.0/jspecify-1.0.0.jar:/home/runner/.m2/repository/org/apache/commons/commons-configuration2/2.12.0/commons-configuration2-2.12.0.jar:/home/runner/.m2/repository/commons-logging/commons-logging/1.3.5/commons-logging-1.3.5.jar:/home/runner/.m2/repository/org/apache/commons/commons-text/1.13.0/commons-text-1.13.0.jar:/home/runner/.m2/repository/io/confluent/kafka-avro-serializer/8.0.0/kafka-avro-serializer-8.0.0.jar:/home/runner/.m2/repository/org/apache/commons/commons-compress/1.27.1/commons-compress-1.27.1.jar:/home/runner/.m2/repository/io/confluent/kafka-schema-serializer/8.0.0/kafka-schema-serializer-8.0.0.jar:/home/runner/.m2/repository/com/fasterxml/jackson/dataformat/jackson-dataformat-csv/2.18.2/jackson-dataformat-csv-2.18.2.jar:/home/runner/.m2/repository/io/confluent/kafka-schema-registry-client/8.0.0/kafka-schema-registry-client-8.0.0.jar:/home/runner/.m2/repository/org/yaml/snakeyaml/2.3/snakeyaml-2.3.jar:/home/runner/.m2/repository/io/swagger/core/v3/swagger-annotations/2.2.29/swagger-annotations-2.2.29.jar:/home/runner/.m2/repository/com/google/guava/guava/33.4.0-jre/guava-33.4.0-jre.jar:/home/runner/.m2/repository/com/google/guava/failureaccess/1.0.1/failureaccess-1.0.1.jar:/home/runner/.m2/repository/org/checkerframework/checker-qual/3.49.0/checker-qual-3.49.0.jar:/home/runner/.m2/repository/io/confluent/logredactor/1.0.13/logredactor-1.0.13.jar:/home/runner/.m2/repository/com/google/re2j/re2j/1.6/re2j-1.6.jar:/home/runner/.m2/repository/io/confluent/logredactor-metrics/1.0.13/logredactor-metrics-1.0.13.jar:/home/runner/.m2/repository/com/eclipsesource/minimal-json/minimal-json/0.9.5/minimal-json-0.9.5.jar:/home/runner/.m2/repository/io/confluent/common-utils/8.0.0/common-utils-8.0.0.jar:/home/runner/.m2/repository/io/confluent/kafka-connect-avro-converter/8.0.0/kafka-connect-avro-converter-8.0.0.jar:/home/runner/.m2/repository/io/confluent/kafka-connect-avro-data/8.0.0/kafka-connect-avro-data-8.0.0.jar:/home/runner/.m2/repository/io/confluent/kafka-schema-converter/8.0.0/kafka-schema-converter-8.0.0.jar:/home/runner/.m2/repository/io/rest-assured/rest-assured/5.5.1/rest-assured-5.5.1.jar:/home/runner/.m2/repository/org/apache/groovy/groovy/4.0.22/groovy-4.0.22.jar:/home/runner/.m2/repository/org/apache/groovy/groovy-xml/4.0.22/groovy-xml-4.0.22.jar:/home/runner/.m2/repository/org/apache/httpcomponents/httpclient/4.5.14/httpclient-4.5.14.jar:/home/runner/.m2/repository/org/apache/httpcomponents/httpcore/4.4.16/httpcore-4.4.16.jar:/home/runner/.m2/repository/org/apache/httpcomponents/httpmime/4.5.14/httpmime-4.5.14.jar:/home/runner/.m2/repository/org/hamcrest/hamcrest/2.2/hamcrest-2.2.jar:/home/runner/.m2/repository/org/ccil/cowan/tagsoup/tagsoup/1.2.1/tagsoup-1.2.1.jar:/home/runner/.m2/repository/io/rest-assured/json-path/5.5.1/json-path-5.5.1.jar:/home/runner/.m2/repository/org/apache/groovy/groovy-json/4.0.22/groovy-json-4.0.22.jar:/home/runner/.m2/repository/io/rest-assured/rest-assured-common/5.5.1/rest-assured-common-5.5.1.jar:/home/runner/.m2/repository/io/rest-assured/xml-path/5.5.1/xml-path-5.5.1.jar:/home/runner/.m2/repository/io/zonky/test/embedded-postgres/2.1.0/embedded-postgres-2.1.0.jar:/home/runner/.m2/repository/io/zonky/test/postgres/embedded-postgres-binaries-windows-amd64/14.15.0/embedded-postgres-binaries-windows-amd64-14.15.0.jar:/home/runner/.m2/repository/io/zonky/test/postgres/embedded-postgres-binaries-darwin-amd64/14.15.0/embedded-postgres-binaries-darwin-amd64-14.15.0.jar:/home/runner/.m2/repository/io/zonky/test/postgres/embedded-postgres-binaries-linux-amd64/14.15.0/embedded-postgres-binaries-linux-amd64-14.15.0.jar:/home/runner/.m2/repository/io/zonky/test/postgres/embedded-postgres-binaries-linux-amd64-alpine/14.15.0/embedded-postgres-binaries-linux-amd64-alpine-14.15.0.jar:/home/runner/.m2/repository/org/apache/commons/commons-lang3/3.17.0/commons-lang3-3.17.0.jar:/home/runner/.m2/repository/org/tukaani/xz/1.10/xz-1.10.jar:/home/runner/.m2/repository/commons-codec/commons-codec/1.19.0/commons-codec-1.19.0.jar:/home/runner/.m2/repository/org/postgresql/postgresql/42.7.7/postgresql-42.7.7.jar:/home/runner/.m2/repository/commons-io/commons-io/2.18.0/commons-io-2.18.0.jar:/home/runner/work/apicurio-testing/apicurio-testing/clusters/ci419/namespaces/pg17/tests/integration/apicurio-registry/utils/importexport/target/apicurio-registry-utils-import-export-3.0.12-SNAPSHOT.jar:/home/runner/.m2/repository/io/vertx/vertx-core/4.5.16/vertx-core-4.5.16.jar:/home/runner/.m2/repository/io/netty/netty-common/4.1.121.Final/netty-common-4.1.121.Final.jar:/home/runner/.m2/repository/io/netty/netty-buffer/4.1.121.Final/netty-buffer-4.1.121.Final.jar:/home/runner/.m2/repository/io/netty/netty-transport/4.1.121.Final/netty-transport-4.1.121.Final.jar:/home/runner/.m2/repository/io/netty/netty-handler/4.1.121.Final/netty-handler-4.1.121.Final.jar:/home/runner/.m2/repository/io/netty/netty-transport-native-unix-common/4.1.121.Final/netty-transport-native-unix-common-4.1.121.Final.jar:/home/runner/.m2/repository/io/netty/netty-codec/4.1.121.Final/netty-codec-4.1.121.Final.jar:/home/runner/.m2/repository/io/netty/netty-handler-proxy/4.1.121.Final/netty-handler-proxy-4.1.121.Final.jar:/home/runner/.m2/repository/io/netty/netty-codec-socks/4.1.121.Final/netty-codec-socks-4.1.121.Final.jar:/home/runner/.m2/repository/io/netty/netty-codec-http/4.1.121.Final/netty-codec-http-4.1.121.Final.jar:/home/runner/.m2/repository/io/netty/netty-codec-http2/4.1.121.Final/netty-codec-http2-4.1.121.Final.jar:/home/runner/.m2/repository/io/netty/netty-resolver/4.1.121.Final/netty-resolver-4.1.121.Final.jar:/home/runner/.m2/repository/io/netty/netty-resolver-dns/4.1.121.Final/netty-resolver-dns-4.1.121.Final.jar:/home/runner/.m2/repository/io/netty/netty-codec-dns/4.1.121.Final/netty-codec-dns-4.1.121.Final.jar:/home/runner/.m2/repository/com/fasterxml/jackson/core/jackson-core/2.18.2/jackson-core-2.18.2.jar:"/>
    <property name="sun.cpu.endian" value="little"/>
    <property name="user.home" value="/home/runner"/>
    <property name="user.language" value="en"/>
    <property name="jboss.log-version" value="false"/>
    <property name="java.specification.vendor" value="Oracle Corporation"/>
    <property name="java.version.date" value="2025-07-15"/>
    <property name="java.home" value="/usr/lib/jvm/temurin-17-jdk-amd64"/>
    <property name="file.separator" value="/"/>
    <property name="basedir" value="/home/runner/work/apicurio-testing/apicurio-testing/clusters/ci419/namespaces/pg17/tests/integration/apicurio-registry/integration-tests"/>
    <property name="java.vm.compressedOopsMode" value="32-bit"/>
    <property name="line.separator" value="&#10;"/>
    <property name="java.specification.name" value="Java Platform API Specification"/>
    <property name="java.vm.specification.vendor" value="Oracle Corporation"/>
    <property name="quarkus.http.test-host" value="registry-app-pg17.apps.ci419.apicurio-testing.org"/>
    <property name="surefire.real.class.path" value="/home/runner/work/apicurio-testing/apicurio-testing/clusters/ci419/namespaces/pg17/tests/integration/apicurio-registry/integration-tests/target/surefire/surefirebooter-20250806185152150_3.jar"/>
    <property name="sun.management.compiler" value="HotSpot 64-Bit Tiered Compilers"/>
    <property name="org.eclipse.jetty.http.HttpGenerator.STRICT" value="true"/>
    <property name="java.runtime.version" value="17.0.16+8"/>
    <property name="user.name" value="runner"/>
    <property name="path.separator" value=":"/>
    <property name="os.version" value="6.8.0-1031-azure"/>
    <property name="java.runtime.name" value="OpenJDK Runtime Environment"/>
    <property name="file.encoding" value="UTF-8"/>
    <property name="jnidispatch.path" value="/home/runner/.cache/JNA/temp/jna13701005988846705094.tmp"/>
    <property name="java.vm.name" value="OpenJDK 64-Bit Server VM"/>
    <property name="jna.platform.library.path" value="/usr/lib/x86_64-linux-gnu:/lib/x86_64-linux-gnu:/usr/lib64:/lib64:/usr/lib:/lib:/lib32:/usr/local/lib:/usr/lib/x86_64-linux-gnu/libfakeroot"/>
    <property name="java.vendor.version" value="Temurin-17.0.16+8"/>
    <property name="quarkus.oidc.token-path" value="https://keycloak-pg17.apps.ci419.apicurio-testing.org/realms/registry/protocol/openid-connect/token"/>
    <property name="quarkus.http.host" value="registry-app-pg17.apps.ci419.apicurio-testing.org"/>
    <property name="localRepository" value="/home/runner/.m2/repository"/>
    <property name="javax.xml.xpath.XPathFactory:http://java.sun.com/jaxp/xpath/dom" value="com.sun.org.apache.xpath.internal.jaxp.XPathFactoryImpl"/>
    <property name="jna.loaded" value="true"/>
    <property name="java.vendor.url.bug" value="https://github.com/adoptium/adoptium-support/issues"/>
    <property name="jetty.git.hash" value="5bc5e562c8d05c5862505aebe5cf83a61bdbcb96"/>
    <property name="java.io.tmpdir" value="/tmp"/>
    <property name="quarkus.http.test-protocol" value="http"/>
    <property name="java.version" value="17.0.16"/>
    <property name="user.dir" value="/home/runner/work/apicurio-testing/apicurio-testing/clusters/ci419/namespaces/pg17/tests/integration/apicurio-registry/integration-tests"/>
    <property name="os.arch" value="amd64"/>
    <property name="groups" value="( smoke | serdes | acceptance | ui)"/>
    <property name="java.vm.specification.name" value="Java Virtual Machine Specification"/>
    <property name="native.encoding" value="UTF-8"/>
    <property name="java.util.logging.manager" value="org.jboss.logmanager.LogManager"/>
    <property name="java.library.path" value="/usr/java/packages/lib:/usr/lib64:/lib64:/lib:/usr/lib"/>
    <property name="jdk.console" value="java.base"/>
    <property name="java.vm.info" value="mixed mode, sharing"/>
    <property name="java.vendor" value="Eclipse Adoptium"/>
    <property name="java.vm.version" value="17.0.16+8"/>
    <property name="java.specification.maintenance.version" value="1"/>
    <property name="sun.io.unicode.encoding" value="UnicodeLittle"/>
    <property name="javax.xml.transform.TransformerFactory" value="com.sun.org.apache.xalan.internal.xsltc.trax.TransformerFactoryImpl"/>
    <property name="java.class.version" value="61.0"/>
  </properties>
  <testcase name="testEvolveAvroConfluent" classname="io.apicurio.tests.serdes.confluent.BasicConfluentSerDesIT" time="14.748">
    <system-out><![CDATA[**** Registry Base URL: http://registry-app-pg17.apps.ci419.apicurio-testing.org:80
**** Registry Base URL: http://registry-app-pg17.apps.ci419.apicurio-testing.org:80
2025-08-06 18:55:44,766 INFO  [io.api.tes.ser.con.BasicConfluentSerDesIT] (main) RestAssured configured with http://registry-app-pg17.apps.ci419.apicurio-testing.org:80/apis/registry/v3
**** Registry Base URL: http://registry-app-pg17.apps.ci419.apicurio-testing.org:80
2025-08-06 18:55:45,053 INFO  [io.api.tes.ser.con.BasicConfluentSerDesIT] (main) Deleting confluent schema subj_90c71a17_b8af_4e4d_85c4_e73ad7b6569e-value
2025-08-06 18:55:45,214 INFO  [io.api.tes.ser.con.BasicConfluentSerDesIT] (main) Deleting confluent schema subj_2ec16620_2448_47ef_aca8_f5abd4d9e0ad-value
2025-08-06 18:55:45,297 INFO  [io.api.tes.ser.con.BasicConfluentSerDesIT] (main) Deleting confluent schema CUSTOMERS-key
2025-08-06 18:55:45,379 INFO  [io.api.tes.ser.con.BasicConfluentSerDesIT] (main) Deleting confluent schema CUSTOMERS.Value
2025-08-06 18:55:45,460 INFO  [io.api.tes.ser.con.BasicConfluentSerDesIT] (main) Deleting confluent schema CUSTOMERS-value
2025-08-06 18:55:45,543 INFO  [io.api.tes.ser.con.BasicConfluentSerDesIT] (main) Deleting confluent schema subj_13fb0ab7_72d6_428f_a95c_3e38808c1779-value
2025-08-06 18:55:45,629 INFO  [io.api.tes.ser.con.BasicConfluentSerDesIT] (main) Deleting confluent schema topic-f1baf72a_e79f_497c_b653_d7d52203ae96-value
2025-08-06 18:55:45,710 INFO  [io.api.tes.ser.con.BasicConfluentSerDesIT] (main) Deleting confluent schema topic-2975f0f0_054e_4ade_aa5c_337b531009de-value
2025-08-06 18:55:45,792 INFO  [io.api.tes.ser.con.BasicConfluentSerDesIT] (main) Deleting confluent schema topic-70f8be26_b728_4e4e_85aa_03fb531951ec-value
2025-08-06 18:55:45,873 INFO  [io.api.tes.ser.con.BasicConfluentSerDesIT] (main) Deleting confluent schema topic-1c06ffef_202e_4b7c_bf07_395faa9381fa-value
2025-08-06 18:55:45,955 INFO  [io.api.tes.ser.con.BasicConfluentSerDesIT] (main) Deleting confluent schema topic-b50f62ce_91d0_460f_b098_493dae6c9bc7-value
2025-08-06 18:55:46,037 INFO  [io.api.tes.ser.con.BasicConfluentSerDesIT] (main) Deleting confluent schema topic-30a89465_d8f1_4de3_bb6f_b7f6f06fd16c-value
2025-08-06 18:55:46,118 INFO  [io.api.tes.ser.con.BasicConfluentSerDesIT] (main) Deleting confluent schema myrecordconfluent
2025-08-06 18:55:46,200 INFO  [io.api.tes.ser.con.BasicConfluentSerDesIT] (main) Deleting confluent schema topic-deeda6f1_da81_47c2_9387_4202af5cd934
2025-08-06 18:55:46,281 INFO  [io.api.tes.ser.con.BasicConfluentSerDesIT] (main) Deleting confluent schema topic-ece6f0a3_3855_44dc_8dc4_a375986d11da-value
2025-08-06 18:55:46,362 INFO  [io.api.tes.ser.con.BasicConfluentSerDesIT] (main) Deleting confluent schema topic-20545762_bcbd_44d0_b093_c62cff5aa5b1
2025-08-06 18:55:46,445 INFO  [io.api.tes.ser.con.BasicConfluentSerDesIT] (main) Deleting confluent schema topic-2b88e8eb_1e95_494c_a459_ad915c9bd5c5-value
2025-08-06 18:55:46,527 INFO  [io.api.tes.ser.con.BasicConfluentSerDesIT] (main) Deleting confluent schema topic-4885bb37_347e_41fd_8ead_3d9baee601b0
2025-08-06 18:55:46,608 INFO  [io.api.tes.ser.con.BasicConfluentSerDesIT] (main) Deleting confluent schema topic-009e3848_0755_4ea7_84ce_70b4c83254c0
2025-08-06 18:55:46,690 INFO  [io.api.tes.ser.con.BasicConfluentSerDesIT] (main) Deleting confluent schema topic-5cb81d89_bd20_4cd4_a5b5_1e07234fc74f-value
2025-08-06 18:55:46,771 INFO  [io.api.tes.ser.con.BasicConfluentSerDesIT] (main) Deleting confluent schema s7501b610x9225x4a9ex9cf6x2e371668bd60-value
2025-08-06 18:55:46,853 INFO  [io.api.tes.ser.con.BasicConfluentSerDesIT] (main) Deleting confluent schema google/protobuf/timestamp.proto
2025-08-06 18:55:46,934 INFO  [io.api.tes.ser.con.BasicConfluentSerDesIT] (main) Deleting confluent schema topic-f74fc4cf_5f29_4772_b12a_de5300d4ad24-value
2025-08-06 18:55:47,016 INFO  [io.api.tes.ser.con.BasicConfluentSerDesIT] (main) Deleting confluent schema topic-da824d5b_e3be_4a90_9d3b_2f932d722279-value
2025-08-06 18:55:47,097 INFO  [io.api.tes.ser.con.BasicConfluentSerDesIT] (main) Deleting confluent schema sfa386745xce5ex43a7x98b1x9f5ec09e843e-value
2025-08-06 18:55:47,179 INFO  [io.api.tes.ser.con.BasicConfluentSerDesIT] (main) Deleting confluent schema topic-023fcb86_e62f_4aa5_afc0_b51026f2f439-value
2025-08-06 18:55:47,259 INFO  [io.api.tes.ser.con.BasicConfluentSerDesIT] (main) Deleting confluent schema sb75e68a6xb7b4x49dcxa153xf8d2a39cd859-value
2025-08-06 18:55:47,340 INFO  [io.api.tes.ser.con.BasicConfluentSerDesIT] (main) Deleting confluent schema topic-32048184_768a_4e7c_9ec3_496c9080960f-value
2025-08-06 18:55:47,421 INFO  [io.api.tes.ser.con.BasicConfluentSerDesIT] (main) Deleting confluent schema topic-0542815e_4033_4b2f_b5ca_d4d53e3f8eb7-value
2025-08-06 18:55:47,503 INFO  [io.api.tes.ser.con.BasicConfluentSerDesIT] (main) Deleting confluent schema topic-37428d24_4534_43b1_8bf4_322856595230
2025-08-06 18:55:47,585 INFO  [io.api.tes.ser.con.BasicConfluentSerDesIT] (main) Deleting confluent schema topic-d842782e_0311_454a_af0f_601b4085f6b4
2025-08-06 18:55:47,666 INFO  [io.api.tes.ser.con.BasicConfluentSerDesIT] (main) Deleting confluent schema topic-82da0249_1a77_4e5a_97bb_a9ec8cd884dc-value
2025-08-06 18:55:47,747 INFO  [io.api.tes.ser.con.BasicConfluentSerDesIT] (main) Deleting confluent schema topic-c787b2e0_30cf_479c_9ebb_8f1a9aec7d40-value
2025-08-06 18:55:47,828 INFO  [io.api.tes.ser.con.BasicConfluentSerDesIT] (main) Deleting confluent schema topic-25caa0a7_3de5_4b0e_ba89_b2ae128a2577-value
2025-08-06 18:55:47,914 INFO  [io.api.tes.uti.KafkaFacade] (main) Skipping deployment of kafka, because it's already deployed
2025-08-06 18:55:47,915 INFO  [io.api.tes.uti.TestSeparator] (main) ############################################################################
2025-08-06 18:55:47,915 INFO  [io.api.tes.uti.TestSeparator] (main) io.apicurio.tests.serdes.confluent.BasicConfluentSerDesIT.testEvolveAvroConfluent-STARTED
2025-08-06 18:55:47,916 INFO  [org.apa.kaf.cli.adm.AdminClientConfig] (main) AdminClientConfig values: 
	auto.include.jmx.reporter = true
	bootstrap.controllers = []
	bootstrap.servers = [PLAINTEXT://localhost:32769]
	client.dns.lookup = use_all_dns_ips
	client.id = 
	connections.max.idle.ms = 10000
	default.api.timeout.ms = 60000
	enable.metrics.push = true
	metadata.max.age.ms = 300000
	metadata.recovery.strategy = none
	metric.reporters = []
	metrics.num.samples = 2
	metrics.recording.level = INFO
	metrics.sample.window.ms = 30000
	receive.buffer.bytes = 65536
	reconnect.backoff.max.ms = 1000
	reconnect.backoff.ms = 50
	request.timeout.ms = 5000
	retries = 2147483647
	retry.backoff.max.ms = 1000
	retry.backoff.ms = 100
	sasl.client.callback.handler.class = null
	sasl.jaas.config = null
	sasl.kerberos.kinit.cmd = /usr/bin/kinit
	sasl.kerberos.min.time.before.relogin = 60000
	sasl.kerberos.service.name = null
	sasl.kerberos.ticket.renew.jitter = 0.05
	sasl.kerberos.ticket.renew.window.factor = 0.8
	sasl.login.callback.handler.class = null
	sasl.login.class = null
	sasl.login.connect.timeout.ms = null
	sasl.login.read.timeout.ms = null
	sasl.login.refresh.buffer.seconds = 300
	sasl.login.refresh.min.period.seconds = 60
	sasl.login.refresh.window.factor = 0.8
	sasl.login.refresh.window.jitter = 0.05
	sasl.login.retry.backoff.max.ms = 10000
	sasl.login.retry.backoff.ms = 100
	sasl.mechanism = GSSAPI
	sasl.oauthbearer.clock.skew.seconds = 30
	sasl.oauthbearer.expected.audience = null
	sasl.oauthbearer.expected.issuer = null
	sasl.oauthbearer.header.urlencode = false
	sasl.oauthbearer.jwks.endpoint.refresh.ms = 3600000
	sasl.oauthbearer.jwks.endpoint.retry.backoff.max.ms = 10000
	sasl.oauthbearer.jwks.endpoint.retry.backoff.ms = 100
	sasl.oauthbearer.jwks.endpoint.url = null
	sasl.oauthbearer.scope.claim.name = scope
	sasl.oauthbearer.sub.claim.name = sub
	sasl.oauthbearer.token.endpoint.url = null
	security.protocol = PLAINTEXT
	security.providers = null
	send.buffer.bytes = 131072
	socket.connection.setup.timeout.max.ms = 30000
	socket.connection.setup.timeout.ms = 10000
	ssl.cipher.suites = null
	ssl.enabled.protocols = [TLSv1.2, TLSv1.3]
	ssl.endpoint.identification.algorithm = https
	ssl.engine.factory.class = null
	ssl.key.password = null
	ssl.keymanager.algorithm = SunX509
	ssl.keystore.certificate.chain = null
	ssl.keystore.key = null
	ssl.keystore.location = null
	ssl.keystore.password = null
	ssl.keystore.type = JKS
	ssl.protocol = TLSv1.3
	ssl.provider = null
	ssl.secure.random.implementation = null
	ssl.trustmanager.algorithm = PKIX
	ssl.truststore.certificates = null
	ssl.truststore.location = null
	ssl.truststore.password = null
	ssl.truststore.type = JKS

2025-08-06 18:55:47,918 INFO  [org.apa.kaf.com.uti.AppInfoParser] (main) Kafka version: 3.9.1
2025-08-06 18:55:47,918 INFO  [org.apa.kaf.com.uti.AppInfoParser] (main) Kafka commitId: f745dfdcee2b9851
2025-08-06 18:55:47,918 INFO  [org.apa.kaf.com.uti.AppInfoParser] (main) Kafka startTimeMs: 1754506547917
2025-08-06 18:55:48,203 INFO  [io.api.tes.ser.con.BasicConfluentSerDesIT] (main) Checking that created schema is equal to the get schema
2025-08-06 18:55:48,298 INFO  [io.api.tes.ser.con.BasicConfluentSerDesIT] (main) Created schema with id:41 and name:sd5542152x3329x432dx82e1xcc91a6fdf1df
**** Registry Base URL: http://registry-app-pg17.apps.ci419.apicurio-testing.org:80
2025-08-06 18:55:48,306 INFO  [org.apa.kaf.cli.pro.ProducerConfig] (main) ProducerConfig values: 
	acks = -1
	auto.include.jmx.reporter = true
	batch.size = 16384
	bootstrap.servers = [PLAINTEXT://localhost:32769]
	buffer.memory = 33554432
	client.dns.lookup = use_all_dns_ips
	client.id = Producer-topic-520bda25_b9aa_45b8_ba2b_44cb8571628e
	compression.gzip.level = -1
	compression.lz4.level = 9
	compression.type = none
	compression.zstd.level = 3
	connections.max.idle.ms = 10000
	delivery.timeout.ms = 120000
	enable.idempotence = true
	enable.metrics.push = true
	interceptor.classes = []
	key.serializer = class org.apache.kafka.common.serialization.StringSerializer
	linger.ms = 0
	max.block.ms = 60000
	max.in.flight.requests.per.connection = 5
	max.request.size = 1048576
	metadata.max.age.ms = 300000
	metadata.max.idle.ms = 300000
	metadata.recovery.strategy = none
	metric.reporters = []
	metrics.num.samples = 2
	metrics.recording.level = INFO
	metrics.sample.window.ms = 30000
	partitioner.adaptive.partitioning.enable = true
	partitioner.availability.timeout.ms = 0
	partitioner.class = null
	partitioner.ignore.keys = false
	receive.buffer.bytes = 32768
	reconnect.backoff.max.ms = 1000
	reconnect.backoff.ms = 50
	request.timeout.ms = 5000
	retries = 2147483647
	retry.backoff.max.ms = 1000
	retry.backoff.ms = 100
	sasl.client.callback.handler.class = null
	sasl.jaas.config = null
	sasl.kerberos.kinit.cmd = /usr/bin/kinit
	sasl.kerberos.min.time.before.relogin = 60000
	sasl.kerberos.service.name = null
	sasl.kerberos.ticket.renew.jitter = 0.05
	sasl.kerberos.ticket.renew.window.factor = 0.8
	sasl.login.callback.handler.class = null
	sasl.login.class = null
	sasl.login.connect.timeout.ms = null
	sasl.login.read.timeout.ms = null
	sasl.login.refresh.buffer.seconds = 300
	sasl.login.refresh.min.period.seconds = 60
	sasl.login.refresh.window.factor = 0.8
	sasl.login.refresh.window.jitter = 0.05
	sasl.login.retry.backoff.max.ms = 10000
	sasl.login.retry.backoff.ms = 100
	sasl.mechanism = GSSAPI
	sasl.oauthbearer.clock.skew.seconds = 30
	sasl.oauthbearer.expected.audience = null
	sasl.oauthbearer.expected.issuer = null
	sasl.oauthbearer.header.urlencode = false
	sasl.oauthbearer.jwks.endpoint.refresh.ms = 3600000
	sasl.oauthbearer.jwks.endpoint.retry.backoff.max.ms = 10000
	sasl.oauthbearer.jwks.endpoint.retry.backoff.ms = 100
	sasl.oauthbearer.jwks.endpoint.url = null
	sasl.oauthbearer.scope.claim.name = scope
	sasl.oauthbearer.sub.claim.name = sub
	sasl.oauthbearer.token.endpoint.url = null
	security.protocol = PLAINTEXT
	security.providers = null
	send.buffer.bytes = 131072
	socket.connection.setup.timeout.max.ms = 30000
	socket.connection.setup.timeout.ms = 10000
	ssl.cipher.suites = null
	ssl.enabled.protocols = [TLSv1.2, TLSv1.3]
	ssl.endpoint.identification.algorithm = https
	ssl.engine.factory.class = null
	ssl.key.password = null
	ssl.keymanager.algorithm = SunX509
	ssl.keystore.certificate.chain = null
	ssl.keystore.key = null
	ssl.keystore.location = null
	ssl.keystore.password = null
	ssl.keystore.type = JKS
	ssl.protocol = TLSv1.3
	ssl.provider = null
	ssl.secure.random.implementation = null
	ssl.trustmanager.algorithm = PKIX
	ssl.truststore.certificates = null
	ssl.truststore.location = null
	ssl.truststore.password = null
	ssl.truststore.type = JKS
	transaction.timeout.ms = 60000
	transactional.id = null
	value.serializer = class io.confluent.kafka.serializers.KafkaAvroSerializer

2025-08-06 18:55:48,306 INFO  [org.apa.kaf.com.tel.int.KafkaMetricsCollector] (main) initializing Kafka metrics collector
2025-08-06 18:55:48,309 INFO  [io.con.kaf.ser.KafkaAvroSerializerConfig] (main) KafkaAvroSerializerConfig values: 
	auto.register.schemas = false
	avro.reflection.allow.null = false
	avro.remove.java.properties = false
	avro.use.logical.type.converters = false
	basic.auth.credentials.source = URL
	basic.auth.user.info = [hidden]
	bearer.auth.cache.expiry.buffer.seconds = 300
	bearer.auth.client.id = null
	bearer.auth.client.secret = null
	bearer.auth.credentials.source = STATIC_TOKEN
	bearer.auth.custom.provider.class = null
	bearer.auth.identity.pool.id = null
	bearer.auth.issuer.endpoint.url = null
	bearer.auth.logical.cluster = null
	bearer.auth.scope = null
	bearer.auth.scope.claim.name = scope
	bearer.auth.sub.claim.name = sub
	bearer.auth.token = [hidden]
	context.name.strategy = class io.confluent.kafka.serializers.context.NullContextNameStrategy
	http.connect.timeout.ms = 60000
	http.read.timeout.ms = 60000
	id.compatibility.strict = true
	key.schema.id.deserializer = class io.confluent.kafka.serializers.schema.id.DualSchemaIdDeserializer
	key.schema.id.serializer = class io.confluent.kafka.serializers.schema.id.PrefixSchemaIdSerializer
	key.subject.name.strategy = class io.confluent.kafka.serializers.subject.TopicNameStrategy
	latest.cache.size = 1000
	latest.cache.ttl.sec = -1
	latest.compatibility.strict = true
	max.retries = 3
	max.schemas.per.subject = 1000
	normalize.schemas = false
	propagate.schema.tags = false
	proxy.host = 
	proxy.port = -1
	retries.max.wait.ms = 20000
	retries.wait.ms = 1000
	rule.actions = []
	rule.executors = []
	rule.service.loader.enable = true
	schema.format = null
	schema.reflection = false
	schema.registry.basic.auth.user.info = [hidden]
	schema.registry.ssl.cipher.suites = null
	schema.registry.ssl.enabled.protocols = [TLSv1.2, TLSv1.3]
	schema.registry.ssl.endpoint.identification.algorithm = https
	schema.registry.ssl.engine.factory.class = null
	schema.registry.ssl.key.password = null
	schema.registry.ssl.keymanager.algorithm = SunX509
	schema.registry.ssl.keystore.certificate.chain = null
	schema.registry.ssl.keystore.key = null
	schema.registry.ssl.keystore.location = null
	schema.registry.ssl.keystore.password = null
	schema.registry.ssl.keystore.type = JKS
	schema.registry.ssl.protocol = TLSv1.3
	schema.registry.ssl.provider = null
	schema.registry.ssl.secure.random.implementation = null
	schema.registry.ssl.trustmanager.algorithm = PKIX
	schema.registry.ssl.truststore.certificates = null
	schema.registry.ssl.truststore.location = null
	schema.registry.ssl.truststore.password = null
	schema.registry.ssl.truststore.type = JKS
	schema.registry.url = [http://registry-app-pg17.apps.ci419.apicurio-testing.org:80/apis/ccompat/v7]
	schema.registry.url.randomize = false
	use.latest.version = false
	use.latest.with.metadata = null
	use.schema.id = -1
	value.schema.id.deserializer = class io.confluent.kafka.serializers.schema.id.DualSchemaIdDeserializer
	value.schema.id.serializer = class io.confluent.kafka.serializers.schema.id.PrefixSchemaIdSerializer
	value.subject.name.strategy = class io.confluent.kafka.serializers.subject.TopicRecordNameStrategy

2025-08-06 18:55:48,320 INFO  [org.apa.kaf.cli.pro.KafkaProducer] (main) [Producer clientId=Producer-topic-520bda25_b9aa_45b8_ba2b_44cb8571628e] Instantiated an idempotent producer.
2025-08-06 18:55:48,322 INFO  [org.apa.kaf.cli.pro.ProducerConfig] (main) These configurations '[schema.registry.url, auto.register.schemas, value.subject.name.strategy]' were supplied but are not used yet.
2025-08-06 18:55:48,322 INFO  [org.apa.kaf.com.uti.AppInfoParser] (main) Kafka version: 3.9.1
2025-08-06 18:55:48,322 INFO  [org.apa.kaf.com.uti.AppInfoParser] (main) Kafka commitId: f745dfdcee2b9851
2025-08-06 18:55:48,322 INFO  [org.apa.kaf.com.uti.AppInfoParser] (main) Kafka startTimeMs: 1754506548322
**** Registry Base URL: http://registry-app-pg17.apps.ci419.apicurio-testing.org:80
2025-08-06 18:55:48,327 INFO  [org.apa.kaf.cli.con.ConsumerConfig] (main) ConsumerConfig values: 
	allow.auto.create.topics = true
	auto.commit.interval.ms = 500
	auto.include.jmx.reporter = true
	auto.offset.reset = earliest
	bootstrap.servers = [PLAINTEXT://localhost:32769]
	check.crcs = true
	client.dns.lookup = use_all_dns_ips
	client.id = consumer-Consumer-topic-520bda25_b9aa_45b8_ba2b_44cb8571628e-30
	client.rack = 
	connections.max.idle.ms = 10000
	default.api.timeout.ms = 60000
	enable.auto.commit = true
	enable.metrics.push = true
	exclude.internal.topics = true
	fetch.max.bytes = 52428800
	fetch.max.wait.ms = 500
	fetch.min.bytes = 1
	group.id = Consumer-topic-520bda25_b9aa_45b8_ba2b_44cb8571628e
	group.instance.id = null
	group.protocol = classic
	group.remote.assignor = null
	heartbeat.interval.ms = 3000
	interceptor.classes = []
	internal.leave.group.on.close = true
	internal.throw.on.fetch.stable.offset.unsupported = false
	isolation.level = read_uncommitted
	key.deserializer = class org.apache.kafka.common.serialization.StringDeserializer
	max.partition.fetch.bytes = 1048576
	max.poll.interval.ms = 300000
	max.poll.records = 500
	metadata.max.age.ms = 300000
	metadata.recovery.strategy = none
	metric.reporters = []
	metrics.num.samples = 2
	metrics.recording.level = INFO
	metrics.sample.window.ms = 30000
	partition.assignment.strategy = [class org.apache.kafka.clients.consumer.RangeAssignor, class org.apache.kafka.clients.consumer.CooperativeStickyAssignor]
	receive.buffer.bytes = 65536
	reconnect.backoff.max.ms = 1000
	reconnect.backoff.ms = 50
	request.timeout.ms = 5000
	retry.backoff.max.ms = 1000
	retry.backoff.ms = 100
	sasl.client.callback.handler.class = null
	sasl.jaas.config = null
	sasl.kerberos.kinit.cmd = /usr/bin/kinit
	sasl.kerberos.min.time.before.relogin = 60000
	sasl.kerberos.service.name = null
	sasl.kerberos.ticket.renew.jitter = 0.05
	sasl.kerberos.ticket.renew.window.factor = 0.8
	sasl.login.callback.handler.class = null
	sasl.login.class = null
	sasl.login.connect.timeout.ms = null
	sasl.login.read.timeout.ms = null
	sasl.login.refresh.buffer.seconds = 300
	sasl.login.refresh.min.period.seconds = 60
	sasl.login.refresh.window.factor = 0.8
	sasl.login.refresh.window.jitter = 0.05
	sasl.login.retry.backoff.max.ms = 10000
	sasl.login.retry.backoff.ms = 100
	sasl.mechanism = GSSAPI
	sasl.oauthbearer.clock.skew.seconds = 30
	sasl.oauthbearer.expected.audience = null
	sasl.oauthbearer.expected.issuer = null
	sasl.oauthbearer.header.urlencode = false
	sasl.oauthbearer.jwks.endpoint.refresh.ms = 3600000
	sasl.oauthbearer.jwks.endpoint.retry.backoff.max.ms = 10000
	sasl.oauthbearer.jwks.endpoint.retry.backoff.ms = 100
	sasl.oauthbearer.jwks.endpoint.url = null
	sasl.oauthbearer.scope.claim.name = scope
	sasl.oauthbearer.sub.claim.name = sub
	sasl.oauthbearer.token.endpoint.url = null
	security.protocol = PLAINTEXT
	security.providers = null
	send.buffer.bytes = 131072
	session.timeout.ms = 45000
	socket.connection.setup.timeout.max.ms = 30000
	socket.connection.setup.timeout.ms = 10000
	ssl.cipher.suites = null
	ssl.enabled.protocols = [TLSv1.2, TLSv1.3]
	ssl.endpoint.identification.algorithm = https
	ssl.engine.factory.class = null
	ssl.key.password = null
	ssl.keymanager.algorithm = SunX509
	ssl.keystore.certificate.chain = null
	ssl.keystore.key = null
	ssl.keystore.location = null
	ssl.keystore.password = null
	ssl.keystore.type = JKS
	ssl.protocol = TLSv1.3
	ssl.provider = null
	ssl.secure.random.implementation = null
	ssl.trustmanager.algorithm = PKIX
	ssl.truststore.certificates = null
	ssl.truststore.location = null
	ssl.truststore.password = null
	ssl.truststore.type = JKS
	value.deserializer = class io.confluent.kafka.serializers.KafkaAvroDeserializer

2025-08-06 18:55:48,327 INFO  [org.apa.kaf.com.tel.int.KafkaMetricsCollector] (main) initializing Kafka metrics collector
2025-08-06 18:55:48,328 INFO  [org.apa.kaf.cli.Metadata] (kafka-producer-network-thread | Producer-topic-520bda25_b9aa_45b8_ba2b_44cb8571628e) [Producer clientId=Producer-topic-520bda25_b9aa_45b8_ba2b_44cb8571628e] Cluster ID: igMICRUWSZmdRuxlP-JQ6A
2025-08-06 18:55:48,328 INFO  [org.apa.kaf.cli.pro.int.TransactionManager] (kafka-producer-network-thread | Producer-topic-520bda25_b9aa_45b8_ba2b_44cb8571628e) [Producer clientId=Producer-topic-520bda25_b9aa_45b8_ba2b_44cb8571628e] ProducerId set to 39 with epoch 0
2025-08-06 18:55:48,328 INFO  [io.con.kaf.ser.KafkaAvroDeserializerConfig] (main) KafkaAvroDeserializerConfig values: 
	auto.register.schemas = true
	avro.reflection.allow.null = false
	avro.use.logical.type.converters = false
	basic.auth.credentials.source = URL
	basic.auth.user.info = [hidden]
	bearer.auth.cache.expiry.buffer.seconds = 300
	bearer.auth.client.id = null
	bearer.auth.client.secret = null
	bearer.auth.credentials.source = STATIC_TOKEN
	bearer.auth.custom.provider.class = null
	bearer.auth.identity.pool.id = null
	bearer.auth.issuer.endpoint.url = null
	bearer.auth.logical.cluster = null
	bearer.auth.scope = null
	bearer.auth.scope.claim.name = scope
	bearer.auth.sub.claim.name = sub
	bearer.auth.token = [hidden]
	context.name.strategy = class io.confluent.kafka.serializers.context.NullContextNameStrategy
	http.connect.timeout.ms = 60000
	http.read.timeout.ms = 60000
	id.compatibility.strict = true
	key.schema.id.deserializer = class io.confluent.kafka.serializers.schema.id.DualSchemaIdDeserializer
	key.schema.id.serializer = class io.confluent.kafka.serializers.schema.id.PrefixSchemaIdSerializer
	key.subject.name.strategy = class io.confluent.kafka.serializers.subject.TopicNameStrategy
	latest.cache.size = 1000
	latest.cache.ttl.sec = -1
	latest.compatibility.strict = true
	max.retries = 3
	max.schemas.per.subject = 1000
	normalize.schemas = false
	propagate.schema.tags = false
	proxy.host = 
	proxy.port = -1
	retries.max.wait.ms = 20000
	retries.wait.ms = 1000
	rule.actions = []
	rule.executors = []
	rule.service.loader.enable = true
	schema.format = null
	schema.reflection = false
	schema.registry.basic.auth.user.info = [hidden]
	schema.registry.ssl.cipher.suites = null
	schema.registry.ssl.enabled.protocols = [TLSv1.2, TLSv1.3]
	schema.registry.ssl.endpoint.identification.algorithm = https
	schema.registry.ssl.engine.factory.class = null
	schema.registry.ssl.key.password = null
	schema.registry.ssl.keymanager.algorithm = SunX509
	schema.registry.ssl.keystore.certificate.chain = null
	schema.registry.ssl.keystore.key = null
	schema.registry.ssl.keystore.location = null
	schema.registry.ssl.keystore.password = null
	schema.registry.ssl.keystore.type = JKS
	schema.registry.ssl.protocol = TLSv1.3
	schema.registry.ssl.provider = null
	schema.registry.ssl.secure.random.implementation = null
	schema.registry.ssl.trustmanager.algorithm = PKIX
	schema.registry.ssl.truststore.certificates = null
	schema.registry.ssl.truststore.location = null
	schema.registry.ssl.truststore.password = null
	schema.registry.ssl.truststore.type = JKS
	schema.registry.url = [http://registry-app-pg17.apps.ci419.apicurio-testing.org:80/apis/ccompat/v7]
	schema.registry.url.randomize = false
	specific.avro.key.type = null
	specific.avro.reader = false
	specific.avro.value.type = null
	use.latest.version = false
	use.latest.with.metadata = null
	use.schema.id = -1
	value.schema.id.deserializer = class io.confluent.kafka.serializers.schema.id.DualSchemaIdDeserializer
	value.schema.id.serializer = class io.confluent.kafka.serializers.schema.id.PrefixSchemaIdSerializer
	value.subject.name.strategy = class io.confluent.kafka.serializers.subject.TopicNameStrategy

2025-08-06 18:55:48,332 INFO  [org.apa.kaf.cli.con.ConsumerConfig] (main) These configurations '[schema.registry.url]' were supplied but are not used yet.
2025-08-06 18:55:48,332 INFO  [org.apa.kaf.com.uti.AppInfoParser] (main) Kafka version: 3.9.1
2025-08-06 18:55:48,332 INFO  [org.apa.kaf.com.uti.AppInfoParser] (main) Kafka commitId: f745dfdcee2b9851
2025-08-06 18:55:48,332 INFO  [org.apa.kaf.com.uti.AppInfoParser] (main) Kafka startTimeMs: 1754506548332
2025-08-06 18:55:48,333 INFO  [io.api.tes.ser.api.KafkaSerdesTester] (Thread-836) Sending message {"key1": "value-0"} to topic topic-520bda25_b9aa_45b8_ba2b_44cb8571628e
2025-08-06 18:55:48,439 INFO  [io.api.tes.ser.api.KafkaSerdesTester] (Thread-836) Sending message {"key1": "value-1"} to topic topic-520bda25_b9aa_45b8_ba2b_44cb8571628e
2025-08-06 18:55:48,441 INFO  [io.api.tes.ser.api.KafkaSerdesTester] (Thread-836) Sending message {"key1": "value-2"} to topic topic-520bda25_b9aa_45b8_ba2b_44cb8571628e
2025-08-06 18:55:48,442 INFO  [io.api.tes.ser.api.KafkaSerdesTester] (Thread-836) Sending message {"key1": "value-3"} to topic topic-520bda25_b9aa_45b8_ba2b_44cb8571628e
2025-08-06 18:55:48,443 INFO  [io.api.tes.ser.api.KafkaSerdesTester] (Thread-836) Sending message {"key1": "value-4"} to topic topic-520bda25_b9aa_45b8_ba2b_44cb8571628e
2025-08-06 18:55:48,445 INFO  [io.api.tes.ser.api.KafkaSerdesTester] (Thread-836) Sending message {"key1": "value-5"} to topic topic-520bda25_b9aa_45b8_ba2b_44cb8571628e
2025-08-06 18:55:48,447 INFO  [io.api.tes.ser.api.KafkaSerdesTester] (Thread-836) Sending message {"key1": "value-6"} to topic topic-520bda25_b9aa_45b8_ba2b_44cb8571628e
2025-08-06 18:55:48,449 INFO  [io.api.tes.ser.api.KafkaSerdesTester] (Thread-836) Sending message {"key1": "value-7"} to topic topic-520bda25_b9aa_45b8_ba2b_44cb8571628e
2025-08-06 18:55:48,451 INFO  [io.api.tes.ser.api.KafkaSerdesTester] (Thread-836) Sending message {"key1": "value-8"} to topic topic-520bda25_b9aa_45b8_ba2b_44cb8571628e
2025-08-06 18:55:48,453 INFO  [io.api.tes.ser.api.KafkaSerdesTester] (Thread-836) Sending message {"key1": "value-9"} to topic topic-520bda25_b9aa_45b8_ba2b_44cb8571628e
2025-08-06 18:55:48,456 INFO  [io.api.tes.ser.api.KafkaSerdesTester] (Thread-836) Produced 10 messages
2025-08-06 18:55:48,456 INFO  [org.apa.kaf.cli.pro.KafkaProducer] (Thread-836) [Producer clientId=Producer-topic-520bda25_b9aa_45b8_ba2b_44cb8571628e] Closing the Kafka producer with timeoutMillis = 9223372036854775807 ms.
2025-08-06 18:55:48,458 INFO  [org.apa.kaf.com.met.Metrics] (Thread-836) Metrics scheduler closed
2025-08-06 18:55:48,459 INFO  [org.apa.kaf.com.met.Metrics] (Thread-836) Closing reporter org.apache.kafka.common.metrics.JmxReporter
2025-08-06 18:55:48,459 INFO  [org.apa.kaf.com.met.Metrics] (Thread-836) Closing reporter org.apache.kafka.common.telemetry.internals.ClientTelemetryReporter
2025-08-06 18:55:48,459 INFO  [org.apa.kaf.com.met.Metrics] (Thread-836) Metrics reporters closed
2025-08-06 18:55:48,459 INFO  [org.apa.kaf.com.uti.AppInfoParser] (Thread-836) App info kafka.producer for Producer-topic-520bda25_b9aa_45b8_ba2b_44cb8571628e unregistered
2025-08-06 18:55:48,460 INFO  [org.apa.kaf.cli.con.int.ClassicKafkaConsumer] (Thread-837) [Consumer clientId=consumer-Consumer-topic-520bda25_b9aa_45b8_ba2b_44cb8571628e-30, groupId=Consumer-topic-520bda25_b9aa_45b8_ba2b_44cb8571628e] Subscribed to topic(s): topic-520bda25_b9aa_45b8_ba2b_44cb8571628e
2025-08-06 18:55:48,464 INFO  [org.apa.kaf.cli.Metadata] (Thread-837) [Consumer clientId=consumer-Consumer-topic-520bda25_b9aa_45b8_ba2b_44cb8571628e-30, groupId=Consumer-topic-520bda25_b9aa_45b8_ba2b_44cb8571628e] Cluster ID: igMICRUWSZmdRuxlP-JQ6A
2025-08-06 18:55:48,466 INFO  [org.apa.kaf.cli.con.int.ConsumerCoordinator] (Thread-837) [Consumer clientId=consumer-Consumer-topic-520bda25_b9aa_45b8_ba2b_44cb8571628e-30, groupId=Consumer-topic-520bda25_b9aa_45b8_ba2b_44cb8571628e] Discovered group coordinator localhost:32769 (id: 2147483647 rack: null)
2025-08-06 18:55:48,468 INFO  [org.apa.kaf.cli.con.int.ConsumerCoordinator] (Thread-837) [Consumer clientId=consumer-Consumer-topic-520bda25_b9aa_45b8_ba2b_44cb8571628e-30, groupId=Consumer-topic-520bda25_b9aa_45b8_ba2b_44cb8571628e] (Re-)joining group
2025-08-06 18:55:48,470 INFO  [org.apa.kaf.cli.con.int.ConsumerCoordinator] (Thread-837) [Consumer clientId=consumer-Consumer-topic-520bda25_b9aa_45b8_ba2b_44cb8571628e-30, groupId=Consumer-topic-520bda25_b9aa_45b8_ba2b_44cb8571628e] Request joining group due to: need to re-join with the given member-id: consumer-Consumer-topic-520bda25_b9aa_45b8_ba2b_44cb8571628e-30-53ba55ff-c99a-40ac-bcc3-3c417291524f
2025-08-06 18:55:48,470 INFO  [org.apa.kaf.cli.con.int.ConsumerCoordinator] (Thread-837) [Consumer clientId=consumer-Consumer-topic-520bda25_b9aa_45b8_ba2b_44cb8571628e-30, groupId=Consumer-topic-520bda25_b9aa_45b8_ba2b_44cb8571628e] (Re-)joining group
2025-08-06 18:55:49,460 INFO  [io.api.tes.ser.api.KafkaSerdesTester] (Thread-837) None found
2025-08-06 18:55:50,460 INFO  [io.api.tes.ser.api.KafkaSerdesTester] (Thread-837) None found
2025-08-06 18:55:51,462 INFO  [io.api.tes.ser.api.KafkaSerdesTester] (Thread-837) None found
2025-08-06 18:55:51,472 INFO  [org.apa.kaf.cli.con.int.ConsumerCoordinator] (Thread-837) [Consumer clientId=consumer-Consumer-topic-520bda25_b9aa_45b8_ba2b_44cb8571628e-30, groupId=Consumer-topic-520bda25_b9aa_45b8_ba2b_44cb8571628e] Successfully joined group with generation Generation{generationId=1, memberId='consumer-Consumer-topic-520bda25_b9aa_45b8_ba2b_44cb8571628e-30-53ba55ff-c99a-40ac-bcc3-3c417291524f', protocol='range'}
2025-08-06 18:55:51,472 INFO  [org.apa.kaf.cli.con.int.ConsumerCoordinator] (Thread-837) [Consumer clientId=consumer-Consumer-topic-520bda25_b9aa_45b8_ba2b_44cb8571628e-30, groupId=Consumer-topic-520bda25_b9aa_45b8_ba2b_44cb8571628e] Finished assignment for group at generation 1: {consumer-Consumer-topic-520bda25_b9aa_45b8_ba2b_44cb8571628e-30-53ba55ff-c99a-40ac-bcc3-3c417291524f=Assignment(partitions=[topic-520bda25_b9aa_45b8_ba2b_44cb8571628e-0])}
2025-08-06 18:55:51,479 INFO  [org.apa.kaf.cli.con.int.ConsumerCoordinator] (Thread-837) [Consumer clientId=consumer-Consumer-topic-520bda25_b9aa_45b8_ba2b_44cb8571628e-30, groupId=Consumer-topic-520bda25_b9aa_45b8_ba2b_44cb8571628e] Successfully synced group in generation Generation{generationId=1, memberId='consumer-Consumer-topic-520bda25_b9aa_45b8_ba2b_44cb8571628e-30-53ba55ff-c99a-40ac-bcc3-3c417291524f', protocol='range'}
2025-08-06 18:55:51,479 INFO  [org.apa.kaf.cli.con.int.ConsumerCoordinator] (Thread-837) [Consumer clientId=consumer-Consumer-topic-520bda25_b9aa_45b8_ba2b_44cb8571628e-30, groupId=Consumer-topic-520bda25_b9aa_45b8_ba2b_44cb8571628e] Notifying assignor about the new Assignment(partitions=[topic-520bda25_b9aa_45b8_ba2b_44cb8571628e-0])
2025-08-06 18:55:51,479 INFO  [org.apa.kaf.cli.con.int.ConsumerRebalanceListenerInvoker] (Thread-837) [Consumer clientId=consumer-Consumer-topic-520bda25_b9aa_45b8_ba2b_44cb8571628e-30, groupId=Consumer-topic-520bda25_b9aa_45b8_ba2b_44cb8571628e] Adding newly assigned partitions: topic-520bda25_b9aa_45b8_ba2b_44cb8571628e-0
2025-08-06 18:55:51,480 INFO  [org.apa.kaf.cli.con.int.ConsumerCoordinator] (Thread-837) [Consumer clientId=consumer-Consumer-topic-520bda25_b9aa_45b8_ba2b_44cb8571628e-30, groupId=Consumer-topic-520bda25_b9aa_45b8_ba2b_44cb8571628e] Found no committed offset for partition topic-520bda25_b9aa_45b8_ba2b_44cb8571628e-0
2025-08-06 18:55:51,483 INFO  [org.apa.kaf.cli.con.int.SubscriptionState] (Thread-837) [Consumer clientId=consumer-Consumer-topic-520bda25_b9aa_45b8_ba2b_44cb8571628e-30, groupId=Consumer-topic-520bda25_b9aa_45b8_ba2b_44cb8571628e] Resetting offset for partition topic-520bda25_b9aa_45b8_ba2b_44cb8571628e-0 to position FetchPosition{offset=0, offsetEpoch=Optional.empty, currentLeader=LeaderAndEpoch{leader=Optional[localhost:32769 (id: 0 rack: null)], epoch=0}}.
2025-08-06 18:55:51,569 INFO  [io.api.tes.ser.api.KafkaSerdesTester] (Thread-837) topic-520bda25_b9aa_45b8_ba2b_44cb8571628e 0 0 {"key1": "value-0"}
2025-08-06 18:55:51,569 INFO  [io.api.tes.ser.api.KafkaSerdesTester] (Thread-837) topic-520bda25_b9aa_45b8_ba2b_44cb8571628e 0 1 {"key1": "value-1"}
2025-08-06 18:55:51,569 INFO  [io.api.tes.ser.api.KafkaSerdesTester] (Thread-837) topic-520bda25_b9aa_45b8_ba2b_44cb8571628e 0 2 {"key1": "value-2"}
2025-08-06 18:55:51,569 INFO  [io.api.tes.ser.api.KafkaSerdesTester] (Thread-837) topic-520bda25_b9aa_45b8_ba2b_44cb8571628e 0 3 {"key1": "value-3"}
2025-08-06 18:55:51,569 INFO  [io.api.tes.ser.api.KafkaSerdesTester] (Thread-837) topic-520bda25_b9aa_45b8_ba2b_44cb8571628e 0 4 {"key1": "value-4"}
2025-08-06 18:55:51,569 INFO  [io.api.tes.ser.api.KafkaSerdesTester] (Thread-837) topic-520bda25_b9aa_45b8_ba2b_44cb8571628e 0 5 {"key1": "value-5"}
2025-08-06 18:55:51,569 INFO  [io.api.tes.ser.api.KafkaSerdesTester] (Thread-837) topic-520bda25_b9aa_45b8_ba2b_44cb8571628e 0 6 {"key1": "value-6"}
2025-08-06 18:55:51,569 INFO  [io.api.tes.ser.api.KafkaSerdesTester] (Thread-837) topic-520bda25_b9aa_45b8_ba2b_44cb8571628e 0 7 {"key1": "value-7"}
2025-08-06 18:55:51,569 INFO  [io.api.tes.ser.api.KafkaSerdesTester] (Thread-837) topic-520bda25_b9aa_45b8_ba2b_44cb8571628e 0 8 {"key1": "value-8"}
2025-08-06 18:55:51,569 INFO  [io.api.tes.ser.api.KafkaSerdesTester] (Thread-837) topic-520bda25_b9aa_45b8_ba2b_44cb8571628e 0 9 {"key1": "value-9"}
2025-08-06 18:55:51,569 INFO  [io.api.tes.ser.api.KafkaSerdesTester] (Thread-837) Consumed 10 messages
2025-08-06 18:55:51,577 INFO  [org.apa.kaf.cli.con.int.ConsumerRebalanceListenerInvoker] (Thread-837) [Consumer clientId=consumer-Consumer-topic-520bda25_b9aa_45b8_ba2b_44cb8571628e-30, groupId=Consumer-topic-520bda25_b9aa_45b8_ba2b_44cb8571628e] Revoke previously assigned partitions topic-520bda25_b9aa_45b8_ba2b_44cb8571628e-0
2025-08-06 18:55:51,577 INFO  [org.apa.kaf.cli.con.int.ConsumerCoordinator] (Thread-837) [Consumer clientId=consumer-Consumer-topic-520bda25_b9aa_45b8_ba2b_44cb8571628e-30, groupId=Consumer-topic-520bda25_b9aa_45b8_ba2b_44cb8571628e] Member consumer-Consumer-topic-520bda25_b9aa_45b8_ba2b_44cb8571628e-30-53ba55ff-c99a-40ac-bcc3-3c417291524f sending LeaveGroup request to coordinator localhost:32769 (id: 2147483647 rack: null) due to the consumer is being closed
2025-08-06 18:55:51,577 INFO  [org.apa.kaf.cli.con.int.ConsumerCoordinator] (Thread-837) [Consumer clientId=consumer-Consumer-topic-520bda25_b9aa_45b8_ba2b_44cb8571628e-30, groupId=Consumer-topic-520bda25_b9aa_45b8_ba2b_44cb8571628e] Resetting generation and member id due to: consumer pro-actively leaving the group
2025-08-06 18:55:51,577 INFO  [org.apa.kaf.cli.con.int.ConsumerCoordinator] (Thread-837) [Consumer clientId=consumer-Consumer-topic-520bda25_b9aa_45b8_ba2b_44cb8571628e-30, groupId=Consumer-topic-520bda25_b9aa_45b8_ba2b_44cb8571628e] Request joining group due to: consumer pro-actively leaving the group
2025-08-06 18:55:52,072 INFO  [org.apa.kaf.com.met.Metrics] (Thread-837) Metrics scheduler closed
2025-08-06 18:55:52,072 INFO  [org.apa.kaf.com.met.Metrics] (Thread-837) Closing reporter org.apache.kafka.common.metrics.JmxReporter
2025-08-06 18:55:52,073 INFO  [org.apa.kaf.com.met.Metrics] (Thread-837) Closing reporter org.apache.kafka.common.telemetry.internals.ClientTelemetryReporter
2025-08-06 18:55:52,073 INFO  [org.apa.kaf.com.met.Metrics] (Thread-837) Metrics reporters closed
2025-08-06 18:55:52,074 INFO  [org.apa.kaf.com.uti.AppInfoParser] (Thread-837) App info kafka.consumer for consumer-Consumer-topic-520bda25_b9aa_45b8_ba2b_44cb8571628e-30 unregistered
**** Registry Base URL: http://registry-app-pg17.apps.ci419.apicurio-testing.org:80
2025-08-06 18:55:53,251 INFO  [org.apa.kaf.cli.pro.ProducerConfig] (main) ProducerConfig values: 
	acks = -1
	auto.include.jmx.reporter = true
	batch.size = 16384
	bootstrap.servers = [PLAINTEXT://localhost:32769]
	buffer.memory = 33554432
	client.dns.lookup = use_all_dns_ips
	client.id = Producer-topic-520bda25_b9aa_45b8_ba2b_44cb8571628e
	compression.gzip.level = -1
	compression.lz4.level = 9
	compression.type = none
	compression.zstd.level = 3
	connections.max.idle.ms = 10000
	delivery.timeout.ms = 120000
	enable.idempotence = true
	enable.metrics.push = true
	interceptor.classes = []
	key.serializer = class org.apache.kafka.common.serialization.StringSerializer
	linger.ms = 0
	max.block.ms = 60000
	max.in.flight.requests.per.connection = 5
	max.request.size = 1048576
	metadata.max.age.ms = 300000
	metadata.max.idle.ms = 300000
	metadata.recovery.strategy = none
	metric.reporters = []
	metrics.num.samples = 2
	metrics.recording.level = INFO
	metrics.sample.window.ms = 30000
	partitioner.adaptive.partitioning.enable = true
	partitioner.availability.timeout.ms = 0
	partitioner.class = null
	partitioner.ignore.keys = false
	receive.buffer.bytes = 32768
	reconnect.backoff.max.ms = 1000
	reconnect.backoff.ms = 50
	request.timeout.ms = 5000
	retries = 2147483647
	retry.backoff.max.ms = 1000
	retry.backoff.ms = 100
	sasl.client.callback.handler.class = null
	sasl.jaas.config = null
	sasl.kerberos.kinit.cmd = /usr/bin/kinit
	sasl.kerberos.min.time.before.relogin = 60000
	sasl.kerberos.service.name = null
	sasl.kerberos.ticket.renew.jitter = 0.05
	sasl.kerberos.ticket.renew.window.factor = 0.8
	sasl.login.callback.handler.class = null
	sasl.login.class = null
	sasl.login.connect.timeout.ms = null
	sasl.login.read.timeout.ms = null
	sasl.login.refresh.buffer.seconds = 300
	sasl.login.refresh.min.period.seconds = 60
	sasl.login.refresh.window.factor = 0.8
	sasl.login.refresh.window.jitter = 0.05
	sasl.login.retry.backoff.max.ms = 10000
	sasl.login.retry.backoff.ms = 100
	sasl.mechanism = GSSAPI
	sasl.oauthbearer.clock.skew.seconds = 30
	sasl.oauthbearer.expected.audience = null
	sasl.oauthbearer.expected.issuer = null
	sasl.oauthbearer.header.urlencode = false
	sasl.oauthbearer.jwks.endpoint.refresh.ms = 3600000
	sasl.oauthbearer.jwks.endpoint.retry.backoff.max.ms = 10000
	sasl.oauthbearer.jwks.endpoint.retry.backoff.ms = 100
	sasl.oauthbearer.jwks.endpoint.url = null
	sasl.oauthbearer.scope.claim.name = scope
	sasl.oauthbearer.sub.claim.name = sub
	sasl.oauthbearer.token.endpoint.url = null
	security.protocol = PLAINTEXT
	security.providers = null
	send.buffer.bytes = 131072
	socket.connection.setup.timeout.max.ms = 30000
	socket.connection.setup.timeout.ms = 10000
	ssl.cipher.suites = null
	ssl.enabled.protocols = [TLSv1.2, TLSv1.3]
	ssl.endpoint.identification.algorithm = https
	ssl.engine.factory.class = null
	ssl.key.password = null
	ssl.keymanager.algorithm = SunX509
	ssl.keystore.certificate.chain = null
	ssl.keystore.key = null
	ssl.keystore.location = null
	ssl.keystore.password = null
	ssl.keystore.type = JKS
	ssl.protocol = TLSv1.3
	ssl.provider = null
	ssl.secure.random.implementation = null
	ssl.trustmanager.algorithm = PKIX
	ssl.truststore.certificates = null
	ssl.truststore.location = null
	ssl.truststore.password = null
	ssl.truststore.type = JKS
	transaction.timeout.ms = 60000
	transactional.id = null
	value.serializer = class io.confluent.kafka.serializers.KafkaAvroSerializer

2025-08-06 18:55:53,251 INFO  [org.apa.kaf.com.tel.int.KafkaMetricsCollector] (main) initializing Kafka metrics collector
2025-08-06 18:55:53,252 INFO  [io.con.kaf.ser.KafkaAvroSerializerConfig] (main) KafkaAvroSerializerConfig values: 
	auto.register.schemas = false
	avro.reflection.allow.null = false
	avro.remove.java.properties = false
	avro.use.logical.type.converters = false
	basic.auth.credentials.source = URL
	basic.auth.user.info = [hidden]
	bearer.auth.cache.expiry.buffer.seconds = 300
	bearer.auth.client.id = null
	bearer.auth.client.secret = null
	bearer.auth.credentials.source = STATIC_TOKEN
	bearer.auth.custom.provider.class = null
	bearer.auth.identity.pool.id = null
	bearer.auth.issuer.endpoint.url = null
	bearer.auth.logical.cluster = null
	bearer.auth.scope = null
	bearer.auth.scope.claim.name = scope
	bearer.auth.sub.claim.name = sub
	bearer.auth.token = [hidden]
	context.name.strategy = class io.confluent.kafka.serializers.context.NullContextNameStrategy
	http.connect.timeout.ms = 60000
	http.read.timeout.ms = 60000
	id.compatibility.strict = true
	key.schema.id.deserializer = class io.confluent.kafka.serializers.schema.id.DualSchemaIdDeserializer
	key.schema.id.serializer = class io.confluent.kafka.serializers.schema.id.PrefixSchemaIdSerializer
	key.subject.name.strategy = class io.confluent.kafka.serializers.subject.TopicNameStrategy
	latest.cache.size = 1000
	latest.cache.ttl.sec = -1
	latest.compatibility.strict = true
	max.retries = 3
	max.schemas.per.subject = 1000
	normalize.schemas = false
	propagate.schema.tags = false
	proxy.host = 
	proxy.port = -1
	retries.max.wait.ms = 20000
	retries.wait.ms = 1000
	rule.actions = []
	rule.executors = []
	rule.service.loader.enable = true
	schema.format = null
	schema.reflection = false
	schema.registry.basic.auth.user.info = [hidden]
	schema.registry.ssl.cipher.suites = null
	schema.registry.ssl.enabled.protocols = [TLSv1.2, TLSv1.3]
	schema.registry.ssl.endpoint.identification.algorithm = https
	schema.registry.ssl.engine.factory.class = null
	schema.registry.ssl.key.password = null
	schema.registry.ssl.keymanager.algorithm = SunX509
	schema.registry.ssl.keystore.certificate.chain = null
	schema.registry.ssl.keystore.key = null
	schema.registry.ssl.keystore.location = null
	schema.registry.ssl.keystore.password = null
	schema.registry.ssl.keystore.type = JKS
	schema.registry.ssl.protocol = TLSv1.3
	schema.registry.ssl.provider = null
	schema.registry.ssl.secure.random.implementation = null
	schema.registry.ssl.trustmanager.algorithm = PKIX
	schema.registry.ssl.truststore.certificates = null
	schema.registry.ssl.truststore.location = null
	schema.registry.ssl.truststore.password = null
	schema.registry.ssl.truststore.type = JKS
	schema.registry.url = [http://registry-app-pg17.apps.ci419.apicurio-testing.org:80/apis/ccompat/v7]
	schema.registry.url.randomize = false
	use.latest.version = false
	use.latest.with.metadata = null
	use.schema.id = -1
	value.schema.id.deserializer = class io.confluent.kafka.serializers.schema.id.DualSchemaIdDeserializer
	value.schema.id.serializer = class io.confluent.kafka.serializers.schema.id.PrefixSchemaIdSerializer
	value.subject.name.strategy = class io.confluent.kafka.serializers.subject.TopicRecordNameStrategy

2025-08-06 18:55:53,254 INFO  [org.apa.kaf.cli.pro.KafkaProducer] (main) [Producer clientId=Producer-topic-520bda25_b9aa_45b8_ba2b_44cb8571628e] Instantiated an idempotent producer.
2025-08-06 18:55:53,255 INFO  [org.apa.kaf.cli.pro.ProducerConfig] (main) These configurations '[schema.registry.url, auto.register.schemas, value.subject.name.strategy]' were supplied but are not used yet.
2025-08-06 18:55:53,255 INFO  [org.apa.kaf.com.uti.AppInfoParser] (main) Kafka version: 3.9.1
2025-08-06 18:55:53,255 INFO  [org.apa.kaf.com.uti.AppInfoParser] (main) Kafka commitId: f745dfdcee2b9851
2025-08-06 18:55:53,255 INFO  [org.apa.kaf.com.uti.AppInfoParser] (main) Kafka startTimeMs: 1754506553255
2025-08-06 18:55:53,256 INFO  [io.api.tes.ser.api.KafkaSerdesTester] (Thread-838) Sending message {"key1": "value-0", "key2": "value-0"} to topic topic-520bda25_b9aa_45b8_ba2b_44cb8571628e
2025-08-06 18:55:53,258 INFO  [org.apa.kaf.cli.Metadata] (kafka-producer-network-thread | Producer-topic-520bda25_b9aa_45b8_ba2b_44cb8571628e) [Producer clientId=Producer-topic-520bda25_b9aa_45b8_ba2b_44cb8571628e] Cluster ID: igMICRUWSZmdRuxlP-JQ6A
2025-08-06 18:55:53,258 INFO  [org.apa.kaf.cli.pro.int.TransactionManager] (kafka-producer-network-thread | Producer-topic-520bda25_b9aa_45b8_ba2b_44cb8571628e) [Producer clientId=Producer-topic-520bda25_b9aa_45b8_ba2b_44cb8571628e] ProducerId set to 40 with epoch 0
2025-08-06 18:55:53,343 INFO  [io.api.tes.ser.api.KafkaSerdesTester] (Thread-838) Sending message {"key1": "value-1", "key2": "value-1"} to topic topic-520bda25_b9aa_45b8_ba2b_44cb8571628e
2025-08-06 18:55:53,344 INFO  [io.api.tes.ser.api.KafkaSerdesTester] (Thread-838) Sending message {"key1": "value-2", "key2": "value-2"} to topic topic-520bda25_b9aa_45b8_ba2b_44cb8571628e
2025-08-06 18:55:53,345 INFO  [io.api.tes.ser.api.KafkaSerdesTester] (Thread-838) Sending message {"key1": "value-3", "key2": "value-3"} to topic topic-520bda25_b9aa_45b8_ba2b_44cb8571628e
2025-08-06 18:55:53,346 INFO  [io.api.tes.ser.api.KafkaSerdesTester] (Thread-838) Sending message {"key1": "value-4", "key2": "value-4"} to topic topic-520bda25_b9aa_45b8_ba2b_44cb8571628e
2025-08-06 18:55:53,347 INFO  [io.api.tes.ser.api.KafkaSerdesTester] (Thread-838) Sending message {"key1": "value-5", "key2": "value-5"} to topic topic-520bda25_b9aa_45b8_ba2b_44cb8571628e
2025-08-06 18:55:53,348 INFO  [io.api.tes.ser.api.KafkaSerdesTester] (Thread-838) Sending message {"key1": "value-6", "key2": "value-6"} to topic topic-520bda25_b9aa_45b8_ba2b_44cb8571628e
2025-08-06 18:55:53,349 INFO  [io.api.tes.ser.api.KafkaSerdesTester] (Thread-838) Sending message {"key1": "value-7", "key2": "value-7"} to topic topic-520bda25_b9aa_45b8_ba2b_44cb8571628e
2025-08-06 18:55:53,350 INFO  [io.api.tes.ser.api.KafkaSerdesTester] (Thread-838) Sending message {"key1": "value-8", "key2": "value-8"} to topic topic-520bda25_b9aa_45b8_ba2b_44cb8571628e
2025-08-06 18:55:53,351 INFO  [io.api.tes.ser.api.KafkaSerdesTester] (Thread-838) Sending message {"key1": "value-9", "key2": "value-9"} to topic topic-520bda25_b9aa_45b8_ba2b_44cb8571628e
2025-08-06 18:55:53,352 INFO  [io.api.tes.ser.api.KafkaSerdesTester] (Thread-838) Produced 10 messages
2025-08-06 18:55:53,353 INFO  [org.apa.kaf.cli.pro.KafkaProducer] (Thread-838) [Producer clientId=Producer-topic-520bda25_b9aa_45b8_ba2b_44cb8571628e] Closing the Kafka producer with timeoutMillis = 9223372036854775807 ms.
2025-08-06 18:55:53,355 INFO  [org.apa.kaf.com.met.Metrics] (Thread-838) Metrics scheduler closed
2025-08-06 18:55:53,355 INFO  [org.apa.kaf.com.met.Metrics] (Thread-838) Closing reporter org.apache.kafka.common.metrics.JmxReporter
2025-08-06 18:55:53,355 INFO  [org.apa.kaf.com.met.Metrics] (Thread-838) Closing reporter org.apache.kafka.common.telemetry.internals.ClientTelemetryReporter
2025-08-06 18:55:53,355 INFO  [org.apa.kaf.com.met.Metrics] (Thread-838) Metrics reporters closed
2025-08-06 18:55:53,355 INFO  [org.apa.kaf.com.uti.AppInfoParser] (Thread-838) App info kafka.producer for Producer-topic-520bda25_b9aa_45b8_ba2b_44cb8571628e unregistered
**** Registry Base URL: http://registry-app-pg17.apps.ci419.apicurio-testing.org:80
2025-08-06 18:55:53,356 INFO  [org.apa.kaf.cli.pro.ProducerConfig] (main) ProducerConfig values: 
	acks = -1
	auto.include.jmx.reporter = true
	batch.size = 16384
	bootstrap.servers = [PLAINTEXT://localhost:32769]
	buffer.memory = 33554432
	client.dns.lookup = use_all_dns_ips
	client.id = Producer-topic-520bda25_b9aa_45b8_ba2b_44cb8571628e
	compression.gzip.level = -1
	compression.lz4.level = 9
	compression.type = none
	compression.zstd.level = 3
	connections.max.idle.ms = 10000
	delivery.timeout.ms = 120000
	enable.idempotence = true
	enable.metrics.push = true
	interceptor.classes = []
	key.serializer = class org.apache.kafka.common.serialization.StringSerializer
	linger.ms = 0
	max.block.ms = 60000
	max.in.flight.requests.per.connection = 5
	max.request.size = 1048576
	metadata.max.age.ms = 300000
	metadata.max.idle.ms = 300000
	metadata.recovery.strategy = none
	metric.reporters = []
	metrics.num.samples = 2
	metrics.recording.level = INFO
	metrics.sample.window.ms = 30000
	partitioner.adaptive.partitioning.enable = true
	partitioner.availability.timeout.ms = 0
	partitioner.class = null
	partitioner.ignore.keys = false
	receive.buffer.bytes = 32768
	reconnect.backoff.max.ms = 1000
	reconnect.backoff.ms = 50
	request.timeout.ms = 5000
	retries = 2147483647
	retry.backoff.max.ms = 1000
	retry.backoff.ms = 100
	sasl.client.callback.handler.class = null
	sasl.jaas.config = null
	sasl.kerberos.kinit.cmd = /usr/bin/kinit
	sasl.kerberos.min.time.before.relogin = 60000
	sasl.kerberos.service.name = null
	sasl.kerberos.ticket.renew.jitter = 0.05
	sasl.kerberos.ticket.renew.window.factor = 0.8
	sasl.login.callback.handler.class = null
	sasl.login.class = null
	sasl.login.connect.timeout.ms = null
	sasl.login.read.timeout.ms = null
	sasl.login.refresh.buffer.seconds = 300
	sasl.login.refresh.min.period.seconds = 60
	sasl.login.refresh.window.factor = 0.8
	sasl.login.refresh.window.jitter = 0.05
	sasl.login.retry.backoff.max.ms = 10000
	sasl.login.retry.backoff.ms = 100
	sasl.mechanism = GSSAPI
	sasl.oauthbearer.clock.skew.seconds = 30
	sasl.oauthbearer.expected.audience = null
	sasl.oauthbearer.expected.issuer = null
	sasl.oauthbearer.header.urlencode = false
	sasl.oauthbearer.jwks.endpoint.refresh.ms = 3600000
	sasl.oauthbearer.jwks.endpoint.retry.backoff.max.ms = 10000
	sasl.oauthbearer.jwks.endpoint.retry.backoff.ms = 100
	sasl.oauthbearer.jwks.endpoint.url = null
	sasl.oauthbearer.scope.claim.name = scope
	sasl.oauthbearer.sub.claim.name = sub
	sasl.oauthbearer.token.endpoint.url = null
	security.protocol = PLAINTEXT
	security.providers = null
	send.buffer.bytes = 131072
	socket.connection.setup.timeout.max.ms = 30000
	socket.connection.setup.timeout.ms = 10000
	ssl.cipher.suites = null
	ssl.enabled.protocols = [TLSv1.2, TLSv1.3]
	ssl.endpoint.identification.algorithm = https
	ssl.engine.factory.class = null
	ssl.key.password = null
	ssl.keymanager.algorithm = SunX509
	ssl.keystore.certificate.chain = null
	ssl.keystore.key = null
	ssl.keystore.location = null
	ssl.keystore.password = null
	ssl.keystore.type = JKS
	ssl.protocol = TLSv1.3
	ssl.provider = null
	ssl.secure.random.implementation = null
	ssl.trustmanager.algorithm = PKIX
	ssl.truststore.certificates = null
	ssl.truststore.location = null
	ssl.truststore.password = null
	ssl.truststore.type = JKS
	transaction.timeout.ms = 60000
	transactional.id = null
	value.serializer = class io.confluent.kafka.serializers.KafkaAvroSerializer

2025-08-06 18:55:53,356 INFO  [org.apa.kaf.com.tel.int.KafkaMetricsCollector] (main) initializing Kafka metrics collector
2025-08-06 18:55:53,356 INFO  [io.con.kaf.ser.KafkaAvroSerializerConfig] (main) KafkaAvroSerializerConfig values: 
	auto.register.schemas = false
	avro.reflection.allow.null = false
	avro.remove.java.properties = false
	avro.use.logical.type.converters = false
	basic.auth.credentials.source = URL
	basic.auth.user.info = [hidden]
	bearer.auth.cache.expiry.buffer.seconds = 300
	bearer.auth.client.id = null
	bearer.auth.client.secret = null
	bearer.auth.credentials.source = STATIC_TOKEN
	bearer.auth.custom.provider.class = null
	bearer.auth.identity.pool.id = null
	bearer.auth.issuer.endpoint.url = null
	bearer.auth.logical.cluster = null
	bearer.auth.scope = null
	bearer.auth.scope.claim.name = scope
	bearer.auth.sub.claim.name = sub
	bearer.auth.token = [hidden]
	context.name.strategy = class io.confluent.kafka.serializers.context.NullContextNameStrategy
	http.connect.timeout.ms = 60000
	http.read.timeout.ms = 60000
	id.compatibility.strict = true
	key.schema.id.deserializer = class io.confluent.kafka.serializers.schema.id.DualSchemaIdDeserializer
	key.schema.id.serializer = class io.confluent.kafka.serializers.schema.id.PrefixSchemaIdSerializer
	key.subject.name.strategy = class io.confluent.kafka.serializers.subject.TopicNameStrategy
	latest.cache.size = 1000
	latest.cache.ttl.sec = -1
	latest.compatibility.strict = true
	max.retries = 3
	max.schemas.per.subject = 1000
	normalize.schemas = false
	propagate.schema.tags = false
	proxy.host = 
	proxy.port = -1
	retries.max.wait.ms = 20000
	retries.wait.ms = 1000
	rule.actions = []
	rule.executors = []
	rule.service.loader.enable = true
	schema.format = null
	schema.reflection = false
	schema.registry.basic.auth.user.info = [hidden]
	schema.registry.ssl.cipher.suites = null
	schema.registry.ssl.enabled.protocols = [TLSv1.2, TLSv1.3]
	schema.registry.ssl.endpoint.identification.algorithm = https
	schema.registry.ssl.engine.factory.class = null
	schema.registry.ssl.key.password = null
	schema.registry.ssl.keymanager.algorithm = SunX509
	schema.registry.ssl.keystore.certificate.chain = null
	schema.registry.ssl.keystore.key = null
	schema.registry.ssl.keystore.location = null
	schema.registry.ssl.keystore.password = null
	schema.registry.ssl.keystore.type = JKS
	schema.registry.ssl.protocol = TLSv1.3
	schema.registry.ssl.provider = null
	schema.registry.ssl.secure.random.implementation = null
	schema.registry.ssl.trustmanager.algorithm = PKIX
	schema.registry.ssl.truststore.certificates = null
	schema.registry.ssl.truststore.location = null
	schema.registry.ssl.truststore.password = null
	schema.registry.ssl.truststore.type = JKS
	schema.registry.url = [http://registry-app-pg17.apps.ci419.apicurio-testing.org:80/apis/ccompat/v7]
	schema.registry.url.randomize = false
	use.latest.version = false
	use.latest.with.metadata = null
	use.schema.id = -1
	value.schema.id.deserializer = class io.confluent.kafka.serializers.schema.id.DualSchemaIdDeserializer
	value.schema.id.serializer = class io.confluent.kafka.serializers.schema.id.PrefixSchemaIdSerializer
	value.subject.name.strategy = class io.confluent.kafka.serializers.subject.TopicRecordNameStrategy

2025-08-06 18:55:53,358 INFO  [org.apa.kaf.cli.pro.KafkaProducer] (main) [Producer clientId=Producer-topic-520bda25_b9aa_45b8_ba2b_44cb8571628e] Instantiated an idempotent producer.
2025-08-06 18:55:53,360 INFO  [org.apa.kaf.cli.pro.ProducerConfig] (main) These configurations '[schema.registry.url, auto.register.schemas, value.subject.name.strategy]' were supplied but are not used yet.
2025-08-06 18:55:53,360 INFO  [org.apa.kaf.com.uti.AppInfoParser] (main) Kafka version: 3.9.1
2025-08-06 18:55:53,360 INFO  [org.apa.kaf.com.uti.AppInfoParser] (main) Kafka commitId: f745dfdcee2b9851
2025-08-06 18:55:53,360 INFO  [org.apa.kaf.com.uti.AppInfoParser] (main) Kafka startTimeMs: 1754506553360
2025-08-06 18:55:53,360 INFO  [io.api.tes.ser.api.KafkaSerdesTester] (Thread-839) Sending message {"key1": "value-0"} to topic topic-520bda25_b9aa_45b8_ba2b_44cb8571628e
2025-08-06 18:55:53,362 INFO  [org.apa.kaf.cli.Metadata] (kafka-producer-network-thread | Producer-topic-520bda25_b9aa_45b8_ba2b_44cb8571628e) [Producer clientId=Producer-topic-520bda25_b9aa_45b8_ba2b_44cb8571628e] Cluster ID: igMICRUWSZmdRuxlP-JQ6A
2025-08-06 18:55:53,363 INFO  [org.apa.kaf.cli.pro.int.TransactionManager] (kafka-producer-network-thread | Producer-topic-520bda25_b9aa_45b8_ba2b_44cb8571628e) [Producer clientId=Producer-topic-520bda25_b9aa_45b8_ba2b_44cb8571628e] ProducerId set to 41 with epoch 0
2025-08-06 18:55:53,447 INFO  [io.api.tes.ser.api.KafkaSerdesTester] (Thread-839) Sending message {"key1": "value-1"} to topic topic-520bda25_b9aa_45b8_ba2b_44cb8571628e
2025-08-06 18:55:53,448 INFO  [io.api.tes.ser.api.KafkaSerdesTester] (Thread-839) Sending message {"key1": "value-2"} to topic topic-520bda25_b9aa_45b8_ba2b_44cb8571628e
2025-08-06 18:55:53,449 INFO  [io.api.tes.ser.api.KafkaSerdesTester] (Thread-839) Sending message {"key1": "value-3"} to topic topic-520bda25_b9aa_45b8_ba2b_44cb8571628e
2025-08-06 18:55:53,450 INFO  [io.api.tes.ser.api.KafkaSerdesTester] (Thread-839) Sending message {"key1": "value-4"} to topic topic-520bda25_b9aa_45b8_ba2b_44cb8571628e
2025-08-06 18:55:53,451 INFO  [io.api.tes.ser.api.KafkaSerdesTester] (Thread-839) Sending message {"key1": "value-5"} to topic topic-520bda25_b9aa_45b8_ba2b_44cb8571628e
2025-08-06 18:55:53,452 INFO  [io.api.tes.ser.api.KafkaSerdesTester] (Thread-839) Sending message {"key1": "value-6"} to topic topic-520bda25_b9aa_45b8_ba2b_44cb8571628e
2025-08-06 18:55:53,453 INFO  [io.api.tes.ser.api.KafkaSerdesTester] (Thread-839) Sending message {"key1": "value-7"} to topic topic-520bda25_b9aa_45b8_ba2b_44cb8571628e
2025-08-06 18:55:53,454 INFO  [io.api.tes.ser.api.KafkaSerdesTester] (Thread-839) Sending message {"key1": "value-8"} to topic topic-520bda25_b9aa_45b8_ba2b_44cb8571628e
2025-08-06 18:55:53,455 INFO  [io.api.tes.ser.api.KafkaSerdesTester] (Thread-839) Sending message {"key1": "value-9"} to topic topic-520bda25_b9aa_45b8_ba2b_44cb8571628e
2025-08-06 18:55:53,456 INFO  [io.api.tes.ser.api.KafkaSerdesTester] (Thread-839) Produced 10 messages
2025-08-06 18:55:53,456 INFO  [org.apa.kaf.cli.pro.KafkaProducer] (Thread-839) [Producer clientId=Producer-topic-520bda25_b9aa_45b8_ba2b_44cb8571628e] Closing the Kafka producer with timeoutMillis = 9223372036854775807 ms.
2025-08-06 18:55:53,458 INFO  [org.apa.kaf.com.met.Metrics] (Thread-839) Metrics scheduler closed
2025-08-06 18:55:53,458 INFO  [org.apa.kaf.com.met.Metrics] (Thread-839) Closing reporter org.apache.kafka.common.metrics.JmxReporter
2025-08-06 18:55:53,458 INFO  [org.apa.kaf.com.met.Metrics] (Thread-839) Closing reporter org.apache.kafka.common.telemetry.internals.ClientTelemetryReporter
2025-08-06 18:55:53,458 INFO  [org.apa.kaf.com.met.Metrics] (Thread-839) Metrics reporters closed
2025-08-06 18:55:53,458 INFO  [org.apa.kaf.com.uti.AppInfoParser] (Thread-839) App info kafka.producer for Producer-topic-520bda25_b9aa_45b8_ba2b_44cb8571628e unregistered
**** Registry Base URL: http://registry-app-pg17.apps.ci419.apicurio-testing.org:80
2025-08-06 18:55:53,458 INFO  [org.apa.kaf.cli.con.ConsumerConfig] (main) ConsumerConfig values: 
	allow.auto.create.topics = true
	auto.commit.interval.ms = 500
	auto.include.jmx.reporter = true
	auto.offset.reset = earliest
	bootstrap.servers = [PLAINTEXT://localhost:32769]
	check.crcs = true
	client.dns.lookup = use_all_dns_ips
	client.id = consumer-Consumer-topic-520bda25_b9aa_45b8_ba2b_44cb8571628e-31
	client.rack = 
	connections.max.idle.ms = 10000
	default.api.timeout.ms = 60000
	enable.auto.commit = true
	enable.metrics.push = true
	exclude.internal.topics = true
	fetch.max.bytes = 52428800
	fetch.max.wait.ms = 500
	fetch.min.bytes = 1
	group.id = Consumer-topic-520bda25_b9aa_45b8_ba2b_44cb8571628e
	group.instance.id = null
	group.protocol = classic
	group.remote.assignor = null
	heartbeat.interval.ms = 3000
	interceptor.classes = []
	internal.leave.group.on.close = true
	internal.throw.on.fetch.stable.offset.unsupported = false
	isolation.level = read_uncommitted
	key.deserializer = class org.apache.kafka.common.serialization.StringDeserializer
	max.partition.fetch.bytes = 1048576
	max.poll.interval.ms = 300000
	max.poll.records = 500
	metadata.max.age.ms = 300000
	metadata.recovery.strategy = none
	metric.reporters = []
	metrics.num.samples = 2
	metrics.recording.level = INFO
	metrics.sample.window.ms = 30000
	partition.assignment.strategy = [class org.apache.kafka.clients.consumer.RangeAssignor, class org.apache.kafka.clients.consumer.CooperativeStickyAssignor]
	receive.buffer.bytes = 65536
	reconnect.backoff.max.ms = 1000
	reconnect.backoff.ms = 50
	request.timeout.ms = 5000
	retry.backoff.max.ms = 1000
	retry.backoff.ms = 100
	sasl.client.callback.handler.class = null
	sasl.jaas.config = null
	sasl.kerberos.kinit.cmd = /usr/bin/kinit
	sasl.kerberos.min.time.before.relogin = 60000
	sasl.kerberos.service.name = null
	sasl.kerberos.ticket.renew.jitter = 0.05
	sasl.kerberos.ticket.renew.window.factor = 0.8
	sasl.login.callback.handler.class = null
	sasl.login.class = null
	sasl.login.connect.timeout.ms = null
	sasl.login.read.timeout.ms = null
	sasl.login.refresh.buffer.seconds = 300
	sasl.login.refresh.min.period.seconds = 60
	sasl.login.refresh.window.factor = 0.8
	sasl.login.refresh.window.jitter = 0.05
	sasl.login.retry.backoff.max.ms = 10000
	sasl.login.retry.backoff.ms = 100
	sasl.mechanism = GSSAPI
	sasl.oauthbearer.clock.skew.seconds = 30
	sasl.oauthbearer.expected.audience = null
	sasl.oauthbearer.expected.issuer = null
	sasl.oauthbearer.header.urlencode = false
	sasl.oauthbearer.jwks.endpoint.refresh.ms = 3600000
	sasl.oauthbearer.jwks.endpoint.retry.backoff.max.ms = 10000
	sasl.oauthbearer.jwks.endpoint.retry.backoff.ms = 100
	sasl.oauthbearer.jwks.endpoint.url = null
	sasl.oauthbearer.scope.claim.name = scope
	sasl.oauthbearer.sub.claim.name = sub
	sasl.oauthbearer.token.endpoint.url = null
	security.protocol = PLAINTEXT
	security.providers = null
	send.buffer.bytes = 131072
	session.timeout.ms = 45000
	socket.connection.setup.timeout.max.ms = 30000
	socket.connection.setup.timeout.ms = 10000
	ssl.cipher.suites = null
	ssl.enabled.protocols = [TLSv1.2, TLSv1.3]
	ssl.endpoint.identification.algorithm = https
	ssl.engine.factory.class = null
	ssl.key.password = null
	ssl.keymanager.algorithm = SunX509
	ssl.keystore.certificate.chain = null
	ssl.keystore.key = null
	ssl.keystore.location = null
	ssl.keystore.password = null
	ssl.keystore.type = JKS
	ssl.protocol = TLSv1.3
	ssl.provider = null
	ssl.secure.random.implementation = null
	ssl.trustmanager.algorithm = PKIX
	ssl.truststore.certificates = null
	ssl.truststore.location = null
	ssl.truststore.password = null
	ssl.truststore.type = JKS
	value.deserializer = class io.confluent.kafka.serializers.KafkaAvroDeserializer

2025-08-06 18:55:53,458 INFO  [org.apa.kaf.com.tel.int.KafkaMetricsCollector] (main) initializing Kafka metrics collector
2025-08-06 18:55:53,459 INFO  [io.con.kaf.ser.KafkaAvroDeserializerConfig] (main) KafkaAvroDeserializerConfig values: 
	auto.register.schemas = true
	avro.reflection.allow.null = false
	avro.use.logical.type.converters = false
	basic.auth.credentials.source = URL
	basic.auth.user.info = [hidden]
	bearer.auth.cache.expiry.buffer.seconds = 300
	bearer.auth.client.id = null
	bearer.auth.client.secret = null
	bearer.auth.credentials.source = STATIC_TOKEN
	bearer.auth.custom.provider.class = null
	bearer.auth.identity.pool.id = null
	bearer.auth.issuer.endpoint.url = null
	bearer.auth.logical.cluster = null
	bearer.auth.scope = null
	bearer.auth.scope.claim.name = scope
	bearer.auth.sub.claim.name = sub
	bearer.auth.token = [hidden]
	context.name.strategy = class io.confluent.kafka.serializers.context.NullContextNameStrategy
	http.connect.timeout.ms = 60000
	http.read.timeout.ms = 60000
	id.compatibility.strict = true
	key.schema.id.deserializer = class io.confluent.kafka.serializers.schema.id.DualSchemaIdDeserializer
	key.schema.id.serializer = class io.confluent.kafka.serializers.schema.id.PrefixSchemaIdSerializer
	key.subject.name.strategy = class io.confluent.kafka.serializers.subject.TopicNameStrategy
	latest.cache.size = 1000
	latest.cache.ttl.sec = -1
	latest.compatibility.strict = true
	max.retries = 3
	max.schemas.per.subject = 1000
	normalize.schemas = false
	propagate.schema.tags = false
	proxy.host = 
	proxy.port = -1
	retries.max.wait.ms = 20000
	retries.wait.ms = 1000
	rule.actions = []
	rule.executors = []
	rule.service.loader.enable = true
	schema.format = null
	schema.reflection = false
	schema.registry.basic.auth.user.info = [hidden]
	schema.registry.ssl.cipher.suites = null
	schema.registry.ssl.enabled.protocols = [TLSv1.2, TLSv1.3]
	schema.registry.ssl.endpoint.identification.algorithm = https
	schema.registry.ssl.engine.factory.class = null
	schema.registry.ssl.key.password = null
	schema.registry.ssl.keymanager.algorithm = SunX509
	schema.registry.ssl.keystore.certificate.chain = null
	schema.registry.ssl.keystore.key = null
	schema.registry.ssl.keystore.location = null
	schema.registry.ssl.keystore.password = null
	schema.registry.ssl.keystore.type = JKS
	schema.registry.ssl.protocol = TLSv1.3
	schema.registry.ssl.provider = null
	schema.registry.ssl.secure.random.implementation = null
	schema.registry.ssl.trustmanager.algorithm = PKIX
	schema.registry.ssl.truststore.certificates = null
	schema.registry.ssl.truststore.location = null
	schema.registry.ssl.truststore.password = null
	schema.registry.ssl.truststore.type = JKS
	schema.registry.url = [http://registry-app-pg17.apps.ci419.apicurio-testing.org:80/apis/ccompat/v7]
	schema.registry.url.randomize = false
	specific.avro.key.type = null
	specific.avro.reader = false
	specific.avro.value.type = null
	use.latest.version = false
	use.latest.with.metadata = null
	use.schema.id = -1
	value.schema.id.deserializer = class io.confluent.kafka.serializers.schema.id.DualSchemaIdDeserializer
	value.schema.id.serializer = class io.confluent.kafka.serializers.schema.id.PrefixSchemaIdSerializer
	value.subject.name.strategy = class io.confluent.kafka.serializers.subject.TopicNameStrategy

2025-08-06 18:55:53,462 INFO  [org.apa.kaf.cli.con.ConsumerConfig] (main) These configurations '[schema.registry.url]' were supplied but are not used yet.
2025-08-06 18:55:53,462 INFO  [org.apa.kaf.com.uti.AppInfoParser] (main) Kafka version: 3.9.1
2025-08-06 18:55:53,462 INFO  [org.apa.kaf.com.uti.AppInfoParser] (main) Kafka commitId: f745dfdcee2b9851
2025-08-06 18:55:53,462 INFO  [org.apa.kaf.com.uti.AppInfoParser] (main) Kafka startTimeMs: 1754506553462
2025-08-06 18:55:53,462 INFO  [org.apa.kaf.cli.con.int.ClassicKafkaConsumer] (Thread-840) [Consumer clientId=consumer-Consumer-topic-520bda25_b9aa_45b8_ba2b_44cb8571628e-31, groupId=Consumer-topic-520bda25_b9aa_45b8_ba2b_44cb8571628e] Subscribed to topic(s): topic-520bda25_b9aa_45b8_ba2b_44cb8571628e
2025-08-06 18:55:53,465 INFO  [org.apa.kaf.cli.Metadata] (Thread-840) [Consumer clientId=consumer-Consumer-topic-520bda25_b9aa_45b8_ba2b_44cb8571628e-31, groupId=Consumer-topic-520bda25_b9aa_45b8_ba2b_44cb8571628e] Cluster ID: igMICRUWSZmdRuxlP-JQ6A
2025-08-06 18:55:53,465 INFO  [org.apa.kaf.cli.con.int.ConsumerCoordinator] (Thread-840) [Consumer clientId=consumer-Consumer-topic-520bda25_b9aa_45b8_ba2b_44cb8571628e-31, groupId=Consumer-topic-520bda25_b9aa_45b8_ba2b_44cb8571628e] Discovered group coordinator localhost:32769 (id: 2147483647 rack: null)
2025-08-06 18:55:53,466 INFO  [org.apa.kaf.cli.con.int.ConsumerCoordinator] (Thread-840) [Consumer clientId=consumer-Consumer-topic-520bda25_b9aa_45b8_ba2b_44cb8571628e-31, groupId=Consumer-topic-520bda25_b9aa_45b8_ba2b_44cb8571628e] (Re-)joining group
2025-08-06 18:55:53,467 INFO  [org.apa.kaf.cli.con.int.ConsumerCoordinator] (Thread-840) [Consumer clientId=consumer-Consumer-topic-520bda25_b9aa_45b8_ba2b_44cb8571628e-31, groupId=Consumer-topic-520bda25_b9aa_45b8_ba2b_44cb8571628e] Request joining group due to: need to re-join with the given member-id: consumer-Consumer-topic-520bda25_b9aa_45b8_ba2b_44cb8571628e-31-cc64bc9f-bbb1-459a-b9a5-6e1bb5939b9b
2025-08-06 18:55:53,467 INFO  [org.apa.kaf.cli.con.int.ConsumerCoordinator] (Thread-840) [Consumer clientId=consumer-Consumer-topic-520bda25_b9aa_45b8_ba2b_44cb8571628e-31, groupId=Consumer-topic-520bda25_b9aa_45b8_ba2b_44cb8571628e] (Re-)joining group
2025-08-06 18:55:54,462 INFO  [io.api.tes.ser.api.KafkaSerdesTester] (Thread-840) None found
2025-08-06 18:55:55,464 INFO  [io.api.tes.ser.api.KafkaSerdesTester] (Thread-840) None found
2025-08-06 18:55:56,465 INFO  [io.api.tes.ser.api.KafkaSerdesTester] (Thread-840) None found
2025-08-06 18:55:56,469 INFO  [org.apa.kaf.cli.con.int.ConsumerCoordinator] (Thread-840) [Consumer clientId=consumer-Consumer-topic-520bda25_b9aa_45b8_ba2b_44cb8571628e-31, groupId=Consumer-topic-520bda25_b9aa_45b8_ba2b_44cb8571628e] Successfully joined group with generation Generation{generationId=3, memberId='consumer-Consumer-topic-520bda25_b9aa_45b8_ba2b_44cb8571628e-31-cc64bc9f-bbb1-459a-b9a5-6e1bb5939b9b', protocol='range'}
2025-08-06 18:55:56,469 INFO  [org.apa.kaf.cli.con.int.ConsumerCoordinator] (Thread-840) [Consumer clientId=consumer-Consumer-topic-520bda25_b9aa_45b8_ba2b_44cb8571628e-31, groupId=Consumer-topic-520bda25_b9aa_45b8_ba2b_44cb8571628e] Finished assignment for group at generation 3: {consumer-Consumer-topic-520bda25_b9aa_45b8_ba2b_44cb8571628e-31-cc64bc9f-bbb1-459a-b9a5-6e1bb5939b9b=Assignment(partitions=[topic-520bda25_b9aa_45b8_ba2b_44cb8571628e-0])}
2025-08-06 18:55:56,475 INFO  [org.apa.kaf.cli.con.int.ConsumerCoordinator] (Thread-840) [Consumer clientId=consumer-Consumer-topic-520bda25_b9aa_45b8_ba2b_44cb8571628e-31, groupId=Consumer-topic-520bda25_b9aa_45b8_ba2b_44cb8571628e] Successfully synced group in generation Generation{generationId=3, memberId='consumer-Consumer-topic-520bda25_b9aa_45b8_ba2b_44cb8571628e-31-cc64bc9f-bbb1-459a-b9a5-6e1bb5939b9b', protocol='range'}
2025-08-06 18:55:56,476 INFO  [org.apa.kaf.cli.con.int.ConsumerCoordinator] (Thread-840) [Consumer clientId=consumer-Consumer-topic-520bda25_b9aa_45b8_ba2b_44cb8571628e-31, groupId=Consumer-topic-520bda25_b9aa_45b8_ba2b_44cb8571628e] Notifying assignor about the new Assignment(partitions=[topic-520bda25_b9aa_45b8_ba2b_44cb8571628e-0])
2025-08-06 18:55:56,476 INFO  [org.apa.kaf.cli.con.int.ConsumerRebalanceListenerInvoker] (Thread-840) [Consumer clientId=consumer-Consumer-topic-520bda25_b9aa_45b8_ba2b_44cb8571628e-31, groupId=Consumer-topic-520bda25_b9aa_45b8_ba2b_44cb8571628e] Adding newly assigned partitions: topic-520bda25_b9aa_45b8_ba2b_44cb8571628e-0
2025-08-06 18:55:56,477 INFO  [org.apa.kaf.cli.con.int.ConsumerUtils] (Thread-840) Setting offset for partition topic-520bda25_b9aa_45b8_ba2b_44cb8571628e-0 to the committed offset FetchPosition{offset=10, offsetEpoch=Optional[0], currentLeader=LeaderAndEpoch{leader=Optional[localhost:32769 (id: 0 rack: null)], epoch=0}}
2025-08-06 18:55:56,641 INFO  [io.api.tes.ser.api.KafkaSerdesTester] (Thread-840) topic-520bda25_b9aa_45b8_ba2b_44cb8571628e 0 10 {"key1": "value-0", "key2": "value-0"}
2025-08-06 18:55:56,641 INFO  [io.api.tes.ser.api.KafkaSerdesTester] (Thread-840) topic-520bda25_b9aa_45b8_ba2b_44cb8571628e 0 11 {"key1": "value-1", "key2": "value-1"}
2025-08-06 18:55:56,641 INFO  [io.api.tes.ser.api.KafkaSerdesTester] (Thread-840) topic-520bda25_b9aa_45b8_ba2b_44cb8571628e 0 12 {"key1": "value-2", "key2": "value-2"}
2025-08-06 18:55:56,641 INFO  [io.api.tes.ser.api.KafkaSerdesTester] (Thread-840) topic-520bda25_b9aa_45b8_ba2b_44cb8571628e 0 13 {"key1": "value-3", "key2": "value-3"}
2025-08-06 18:55:56,641 INFO  [io.api.tes.ser.api.KafkaSerdesTester] (Thread-840) topic-520bda25_b9aa_45b8_ba2b_44cb8571628e 0 14 {"key1": "value-4", "key2": "value-4"}
2025-08-06 18:55:56,641 INFO  [io.api.tes.ser.api.KafkaSerdesTester] (Thread-840) topic-520bda25_b9aa_45b8_ba2b_44cb8571628e 0 15 {"key1": "value-5", "key2": "value-5"}
2025-08-06 18:55:56,642 INFO  [io.api.tes.ser.api.KafkaSerdesTester] (Thread-840) topic-520bda25_b9aa_45b8_ba2b_44cb8571628e 0 16 {"key1": "value-6", "key2": "value-6"}
2025-08-06 18:55:56,642 INFO  [io.api.tes.ser.api.KafkaSerdesTester] (Thread-840) topic-520bda25_b9aa_45b8_ba2b_44cb8571628e 0 17 {"key1": "value-7", "key2": "value-7"}
2025-08-06 18:55:56,642 INFO  [io.api.tes.ser.api.KafkaSerdesTester] (Thread-840) topic-520bda25_b9aa_45b8_ba2b_44cb8571628e 0 18 {"key1": "value-8", "key2": "value-8"}
2025-08-06 18:55:56,642 INFO  [io.api.tes.ser.api.KafkaSerdesTester] (Thread-840) topic-520bda25_b9aa_45b8_ba2b_44cb8571628e 0 19 {"key1": "value-9", "key2": "value-9"}
2025-08-06 18:55:56,642 INFO  [io.api.tes.ser.api.KafkaSerdesTester] (Thread-840) topic-520bda25_b9aa_45b8_ba2b_44cb8571628e 0 20 {"key1": "value-0"}
2025-08-06 18:55:56,642 INFO  [io.api.tes.ser.api.KafkaSerdesTester] (Thread-840) topic-520bda25_b9aa_45b8_ba2b_44cb8571628e 0 21 {"key1": "value-1"}
2025-08-06 18:55:56,643 INFO  [io.api.tes.ser.api.KafkaSerdesTester] (Thread-840) topic-520bda25_b9aa_45b8_ba2b_44cb8571628e 0 22 {"key1": "value-2"}
2025-08-06 18:55:56,643 INFO  [io.api.tes.ser.api.KafkaSerdesTester] (Thread-840) topic-520bda25_b9aa_45b8_ba2b_44cb8571628e 0 23 {"key1": "value-3"}
2025-08-06 18:55:56,643 INFO  [io.api.tes.ser.api.KafkaSerdesTester] (Thread-840) topic-520bda25_b9aa_45b8_ba2b_44cb8571628e 0 24 {"key1": "value-4"}
2025-08-06 18:55:56,643 INFO  [io.api.tes.ser.api.KafkaSerdesTester] (Thread-840) topic-520bda25_b9aa_45b8_ba2b_44cb8571628e 0 25 {"key1": "value-5"}
2025-08-06 18:55:56,643 INFO  [io.api.tes.ser.api.KafkaSerdesTester] (Thread-840) topic-520bda25_b9aa_45b8_ba2b_44cb8571628e 0 26 {"key1": "value-6"}
2025-08-06 18:55:56,643 INFO  [io.api.tes.ser.api.KafkaSerdesTester] (Thread-840) topic-520bda25_b9aa_45b8_ba2b_44cb8571628e 0 27 {"key1": "value-7"}
2025-08-06 18:55:56,643 INFO  [io.api.tes.ser.api.KafkaSerdesTester] (Thread-840) topic-520bda25_b9aa_45b8_ba2b_44cb8571628e 0 28 {"key1": "value-8"}
2025-08-06 18:55:56,643 INFO  [io.api.tes.ser.api.KafkaSerdesTester] (Thread-840) topic-520bda25_b9aa_45b8_ba2b_44cb8571628e 0 29 {"key1": "value-9"}
2025-08-06 18:55:56,643 INFO  [io.api.tes.ser.api.KafkaSerdesTester] (Thread-840) Consumed 20 messages
2025-08-06 18:55:56,652 INFO  [org.apa.kaf.cli.con.int.ConsumerRebalanceListenerInvoker] (Thread-840) [Consumer clientId=consumer-Consumer-topic-520bda25_b9aa_45b8_ba2b_44cb8571628e-31, groupId=Consumer-topic-520bda25_b9aa_45b8_ba2b_44cb8571628e] Revoke previously assigned partitions topic-520bda25_b9aa_45b8_ba2b_44cb8571628e-0
2025-08-06 18:55:56,652 INFO  [org.apa.kaf.cli.con.int.ConsumerCoordinator] (Thread-840) [Consumer clientId=consumer-Consumer-topic-520bda25_b9aa_45b8_ba2b_44cb8571628e-31, groupId=Consumer-topic-520bda25_b9aa_45b8_ba2b_44cb8571628e] Member consumer-Consumer-topic-520bda25_b9aa_45b8_ba2b_44cb8571628e-31-cc64bc9f-bbb1-459a-b9a5-6e1bb5939b9b sending LeaveGroup request to coordinator localhost:32769 (id: 2147483647 rack: null) due to the consumer is being closed
2025-08-06 18:55:56,652 INFO  [org.apa.kaf.cli.con.int.ConsumerCoordinator] (Thread-840) [Consumer clientId=consumer-Consumer-topic-520bda25_b9aa_45b8_ba2b_44cb8571628e-31, groupId=Consumer-topic-520bda25_b9aa_45b8_ba2b_44cb8571628e] Resetting generation and member id due to: consumer pro-actively leaving the group
2025-08-06 18:55:56,652 INFO  [org.apa.kaf.cli.con.int.ConsumerCoordinator] (Thread-840) [Consumer clientId=consumer-Consumer-topic-520bda25_b9aa_45b8_ba2b_44cb8571628e-31, groupId=Consumer-topic-520bda25_b9aa_45b8_ba2b_44cb8571628e] Request joining group due to: consumer pro-actively leaving the group
2025-08-06 18:55:57,146 INFO  [org.apa.kaf.com.met.Metrics] (Thread-840) Metrics scheduler closed
2025-08-06 18:55:57,146 INFO  [org.apa.kaf.com.met.Metrics] (Thread-840) Closing reporter org.apache.kafka.common.metrics.JmxReporter
2025-08-06 18:55:57,146 INFO  [org.apa.kaf.com.met.Metrics] (Thread-840) Closing reporter org.apache.kafka.common.telemetry.internals.ClientTelemetryReporter
2025-08-06 18:55:57,146 INFO  [org.apa.kaf.com.met.Metrics] (Thread-840) Metrics reporters closed
2025-08-06 18:55:57,149 INFO  [org.apa.kaf.com.uti.AppInfoParser] (Thread-840) App info kafka.consumer for consumer-Consumer-topic-520bda25_b9aa_45b8_ba2b_44cb8571628e-31 unregistered
**** Registry Base URL: http://registry-app-pg17.apps.ci419.apicurio-testing.org:80
2025-08-06 18:55:58,326 INFO  [org.apa.kaf.cli.pro.ProducerConfig] (main) ProducerConfig values: 
	acks = -1
	auto.include.jmx.reporter = true
	batch.size = 16384
	bootstrap.servers = [PLAINTEXT://localhost:32769]
	buffer.memory = 33554432
	client.dns.lookup = use_all_dns_ips
	client.id = Producer-topic-520bda25_b9aa_45b8_ba2b_44cb8571628e
	compression.gzip.level = -1
	compression.lz4.level = 9
	compression.type = none
	compression.zstd.level = 3
	connections.max.idle.ms = 10000
	delivery.timeout.ms = 120000
	enable.idempotence = true
	enable.metrics.push = true
	interceptor.classes = []
	key.serializer = class org.apache.kafka.common.serialization.StringSerializer
	linger.ms = 0
	max.block.ms = 60000
	max.in.flight.requests.per.connection = 5
	max.request.size = 1048576
	metadata.max.age.ms = 300000
	metadata.max.idle.ms = 300000
	metadata.recovery.strategy = none
	metric.reporters = []
	metrics.num.samples = 2
	metrics.recording.level = INFO
	metrics.sample.window.ms = 30000
	partitioner.adaptive.partitioning.enable = true
	partitioner.availability.timeout.ms = 0
	partitioner.class = null
	partitioner.ignore.keys = false
	receive.buffer.bytes = 32768
	reconnect.backoff.max.ms = 1000
	reconnect.backoff.ms = 50
	request.timeout.ms = 5000
	retries = 2147483647
	retry.backoff.max.ms = 1000
	retry.backoff.ms = 100
	sasl.client.callback.handler.class = null
	sasl.jaas.config = null
	sasl.kerberos.kinit.cmd = /usr/bin/kinit
	sasl.kerberos.min.time.before.relogin = 60000
	sasl.kerberos.service.name = null
	sasl.kerberos.ticket.renew.jitter = 0.05
	sasl.kerberos.ticket.renew.window.factor = 0.8
	sasl.login.callback.handler.class = null
	sasl.login.class = null
	sasl.login.connect.timeout.ms = null
	sasl.login.read.timeout.ms = null
	sasl.login.refresh.buffer.seconds = 300
	sasl.login.refresh.min.period.seconds = 60
	sasl.login.refresh.window.factor = 0.8
	sasl.login.refresh.window.jitter = 0.05
	sasl.login.retry.backoff.max.ms = 10000
	sasl.login.retry.backoff.ms = 100
	sasl.mechanism = GSSAPI
	sasl.oauthbearer.clock.skew.seconds = 30
	sasl.oauthbearer.expected.audience = null
	sasl.oauthbearer.expected.issuer = null
	sasl.oauthbearer.header.urlencode = false
	sasl.oauthbearer.jwks.endpoint.refresh.ms = 3600000
	sasl.oauthbearer.jwks.endpoint.retry.backoff.max.ms = 10000
	sasl.oauthbearer.jwks.endpoint.retry.backoff.ms = 100
	sasl.oauthbearer.jwks.endpoint.url = null
	sasl.oauthbearer.scope.claim.name = scope
	sasl.oauthbearer.sub.claim.name = sub
	sasl.oauthbearer.token.endpoint.url = null
	security.protocol = PLAINTEXT
	security.providers = null
	send.buffer.bytes = 131072
	socket.connection.setup.timeout.max.ms = 30000
	socket.connection.setup.timeout.ms = 10000
	ssl.cipher.suites = null
	ssl.enabled.protocols = [TLSv1.2, TLSv1.3]
	ssl.endpoint.identification.algorithm = https
	ssl.engine.factory.class = null
	ssl.key.password = null
	ssl.keymanager.algorithm = SunX509
	ssl.keystore.certificate.chain = null
	ssl.keystore.key = null
	ssl.keystore.location = null
	ssl.keystore.password = null
	ssl.keystore.type = JKS
	ssl.protocol = TLSv1.3
	ssl.provider = null
	ssl.secure.random.implementation = null
	ssl.trustmanager.algorithm = PKIX
	ssl.truststore.certificates = null
	ssl.truststore.location = null
	ssl.truststore.password = null
	ssl.truststore.type = JKS
	transaction.timeout.ms = 60000
	transactional.id = null
	value.serializer = class io.confluent.kafka.serializers.KafkaAvroSerializer

2025-08-06 18:55:58,327 INFO  [org.apa.kaf.com.tel.int.KafkaMetricsCollector] (main) initializing Kafka metrics collector
2025-08-06 18:55:58,327 INFO  [io.con.kaf.ser.KafkaAvroSerializerConfig] (main) KafkaAvroSerializerConfig values: 
	auto.register.schemas = false
	avro.reflection.allow.null = false
	avro.remove.java.properties = false
	avro.use.logical.type.converters = false
	basic.auth.credentials.source = URL
	basic.auth.user.info = [hidden]
	bearer.auth.cache.expiry.buffer.seconds = 300
	bearer.auth.client.id = null
	bearer.auth.client.secret = null
	bearer.auth.credentials.source = STATIC_TOKEN
	bearer.auth.custom.provider.class = null
	bearer.auth.identity.pool.id = null
	bearer.auth.issuer.endpoint.url = null
	bearer.auth.logical.cluster = null
	bearer.auth.scope = null
	bearer.auth.scope.claim.name = scope
	bearer.auth.sub.claim.name = sub
	bearer.auth.token = [hidden]
	context.name.strategy = class io.confluent.kafka.serializers.context.NullContextNameStrategy
	http.connect.timeout.ms = 60000
	http.read.timeout.ms = 60000
	id.compatibility.strict = true
	key.schema.id.deserializer = class io.confluent.kafka.serializers.schema.id.DualSchemaIdDeserializer
	key.schema.id.serializer = class io.confluent.kafka.serializers.schema.id.PrefixSchemaIdSerializer
	key.subject.name.strategy = class io.confluent.kafka.serializers.subject.TopicNameStrategy
	latest.cache.size = 1000
	latest.cache.ttl.sec = -1
	latest.compatibility.strict = true
	max.retries = 3
	max.schemas.per.subject = 1000
	normalize.schemas = false
	propagate.schema.tags = false
	proxy.host = 
	proxy.port = -1
	retries.max.wait.ms = 20000
	retries.wait.ms = 1000
	rule.actions = []
	rule.executors = []
	rule.service.loader.enable = true
	schema.format = null
	schema.reflection = false
	schema.registry.basic.auth.user.info = [hidden]
	schema.registry.ssl.cipher.suites = null
	schema.registry.ssl.enabled.protocols = [TLSv1.2, TLSv1.3]
	schema.registry.ssl.endpoint.identification.algorithm = https
	schema.registry.ssl.engine.factory.class = null
	schema.registry.ssl.key.password = null
	schema.registry.ssl.keymanager.algorithm = SunX509
	schema.registry.ssl.keystore.certificate.chain = null
	schema.registry.ssl.keystore.key = null
	schema.registry.ssl.keystore.location = null
	schema.registry.ssl.keystore.password = null
	schema.registry.ssl.keystore.type = JKS
	schema.registry.ssl.protocol = TLSv1.3
	schema.registry.ssl.provider = null
	schema.registry.ssl.secure.random.implementation = null
	schema.registry.ssl.trustmanager.algorithm = PKIX
	schema.registry.ssl.truststore.certificates = null
	schema.registry.ssl.truststore.location = null
	schema.registry.ssl.truststore.password = null
	schema.registry.ssl.truststore.type = JKS
	schema.registry.url = [http://registry-app-pg17.apps.ci419.apicurio-testing.org:80/apis/ccompat/v7]
	schema.registry.url.randomize = false
	use.latest.version = false
	use.latest.with.metadata = null
	use.schema.id = -1
	value.schema.id.deserializer = class io.confluent.kafka.serializers.schema.id.DualSchemaIdDeserializer
	value.schema.id.serializer = class io.confluent.kafka.serializers.schema.id.PrefixSchemaIdSerializer
	value.subject.name.strategy = class io.confluent.kafka.serializers.subject.TopicRecordNameStrategy

2025-08-06 18:55:58,329 INFO  [org.apa.kaf.cli.pro.KafkaProducer] (main) [Producer clientId=Producer-topic-520bda25_b9aa_45b8_ba2b_44cb8571628e] Instantiated an idempotent producer.
2025-08-06 18:55:58,331 INFO  [org.apa.kaf.cli.pro.ProducerConfig] (main) These configurations '[schema.registry.url, auto.register.schemas, value.subject.name.strategy]' were supplied but are not used yet.
2025-08-06 18:55:58,331 INFO  [org.apa.kaf.com.uti.AppInfoParser] (main) Kafka version: 3.9.1
2025-08-06 18:55:58,331 INFO  [org.apa.kaf.com.uti.AppInfoParser] (main) Kafka commitId: f745dfdcee2b9851
2025-08-06 18:55:58,331 INFO  [org.apa.kaf.com.uti.AppInfoParser] (main) Kafka startTimeMs: 1754506558331
2025-08-06 18:55:58,333 INFO  [io.api.tes.ser.api.KafkaSerdesTester] (Thread-841) Sending message {"key1": "value-0", "key2": "value-0", "key3": "value-0"} to topic topic-520bda25_b9aa_45b8_ba2b_44cb8571628e
2025-08-06 18:55:58,335 INFO  [org.apa.kaf.cli.Metadata] (kafka-producer-network-thread | Producer-topic-520bda25_b9aa_45b8_ba2b_44cb8571628e) [Producer clientId=Producer-topic-520bda25_b9aa_45b8_ba2b_44cb8571628e] Cluster ID: igMICRUWSZmdRuxlP-JQ6A
2025-08-06 18:55:58,338 INFO  [org.apa.kaf.cli.pro.int.TransactionManager] (kafka-producer-network-thread | Producer-topic-520bda25_b9aa_45b8_ba2b_44cb8571628e) [Producer clientId=Producer-topic-520bda25_b9aa_45b8_ba2b_44cb8571628e] ProducerId set to 42 with epoch 0
2025-08-06 18:55:58,422 INFO  [io.api.tes.ser.api.KafkaSerdesTester] (Thread-841) Sending message {"key1": "value-1", "key2": "value-1", "key3": "value-1"} to topic topic-520bda25_b9aa_45b8_ba2b_44cb8571628e
2025-08-06 18:55:58,424 INFO  [io.api.tes.ser.api.KafkaSerdesTester] (Thread-841) Sending message {"key1": "value-2", "key2": "value-2", "key3": "value-2"} to topic topic-520bda25_b9aa_45b8_ba2b_44cb8571628e
2025-08-06 18:55:58,426 INFO  [io.api.tes.ser.api.KafkaSerdesTester] (Thread-841) Sending message {"key1": "value-3", "key2": "value-3", "key3": "value-3"} to topic topic-520bda25_b9aa_45b8_ba2b_44cb8571628e
2025-08-06 18:55:58,428 INFO  [io.api.tes.ser.api.KafkaSerdesTester] (Thread-841) Sending message {"key1": "value-4", "key2": "value-4", "key3": "value-4"} to topic topic-520bda25_b9aa_45b8_ba2b_44cb8571628e
2025-08-06 18:55:58,432 INFO  [io.api.tes.ser.api.KafkaSerdesTester] (Thread-841) Sending message {"key1": "value-5", "key2": "value-5", "key3": "value-5"} to topic topic-520bda25_b9aa_45b8_ba2b_44cb8571628e
2025-08-06 18:55:58,433 INFO  [io.api.tes.ser.api.KafkaSerdesTester] (Thread-841) Sending message {"key1": "value-6", "key2": "value-6", "key3": "value-6"} to topic topic-520bda25_b9aa_45b8_ba2b_44cb8571628e
2025-08-06 18:55:58,435 INFO  [io.api.tes.ser.api.KafkaSerdesTester] (Thread-841) Sending message {"key1": "value-7", "key2": "value-7", "key3": "value-7"} to topic topic-520bda25_b9aa_45b8_ba2b_44cb8571628e
2025-08-06 18:55:58,436 INFO  [io.api.tes.ser.api.KafkaSerdesTester] (Thread-841) Sending message {"key1": "value-8", "key2": "value-8", "key3": "value-8"} to topic topic-520bda25_b9aa_45b8_ba2b_44cb8571628e
2025-08-06 18:55:58,437 INFO  [io.api.tes.ser.api.KafkaSerdesTester] (Thread-841) Sending message {"key1": "value-9", "key2": "value-9", "key3": "value-9"} to topic topic-520bda25_b9aa_45b8_ba2b_44cb8571628e
2025-08-06 18:55:58,438 INFO  [io.api.tes.ser.api.KafkaSerdesTester] (Thread-841) Produced 10 messages
2025-08-06 18:55:58,438 INFO  [org.apa.kaf.cli.pro.KafkaProducer] (Thread-841) [Producer clientId=Producer-topic-520bda25_b9aa_45b8_ba2b_44cb8571628e] Closing the Kafka producer with timeoutMillis = 9223372036854775807 ms.
2025-08-06 18:55:58,439 INFO  [org.apa.kaf.com.met.Metrics] (Thread-841) Metrics scheduler closed
2025-08-06 18:55:58,439 INFO  [org.apa.kaf.com.met.Metrics] (Thread-841) Closing reporter org.apache.kafka.common.metrics.JmxReporter
2025-08-06 18:55:58,439 INFO  [org.apa.kaf.com.met.Metrics] (Thread-841) Closing reporter org.apache.kafka.common.telemetry.internals.ClientTelemetryReporter
2025-08-06 18:55:58,439 INFO  [org.apa.kaf.com.met.Metrics] (Thread-841) Metrics reporters closed
2025-08-06 18:55:58,439 INFO  [org.apa.kaf.com.uti.AppInfoParser] (Thread-841) App info kafka.producer for Producer-topic-520bda25_b9aa_45b8_ba2b_44cb8571628e unregistered
**** Registry Base URL: http://registry-app-pg17.apps.ci419.apicurio-testing.org:80
2025-08-06 18:55:58,440 INFO  [org.apa.kaf.cli.pro.ProducerConfig] (main) ProducerConfig values: 
	acks = -1
	auto.include.jmx.reporter = true
	batch.size = 16384
	bootstrap.servers = [PLAINTEXT://localhost:32769]
	buffer.memory = 33554432
	client.dns.lookup = use_all_dns_ips
	client.id = Producer-topic-520bda25_b9aa_45b8_ba2b_44cb8571628e
	compression.gzip.level = -1
	compression.lz4.level = 9
	compression.type = none
	compression.zstd.level = 3
	connections.max.idle.ms = 10000
	delivery.timeout.ms = 120000
	enable.idempotence = true
	enable.metrics.push = true
	interceptor.classes = []
	key.serializer = class org.apache.kafka.common.serialization.StringSerializer
	linger.ms = 0
	max.block.ms = 60000
	max.in.flight.requests.per.connection = 5
	max.request.size = 1048576
	metadata.max.age.ms = 300000
	metadata.max.idle.ms = 300000
	metadata.recovery.strategy = none
	metric.reporters = []
	metrics.num.samples = 2
	metrics.recording.level = INFO
	metrics.sample.window.ms = 30000
	partitioner.adaptive.partitioning.enable = true
	partitioner.availability.timeout.ms = 0
	partitioner.class = null
	partitioner.ignore.keys = false
	receive.buffer.bytes = 32768
	reconnect.backoff.max.ms = 1000
	reconnect.backoff.ms = 50
	request.timeout.ms = 5000
	retries = 2147483647
	retry.backoff.max.ms = 1000
	retry.backoff.ms = 100
	sasl.client.callback.handler.class = null
	sasl.jaas.config = null
	sasl.kerberos.kinit.cmd = /usr/bin/kinit
	sasl.kerberos.min.time.before.relogin = 60000
	sasl.kerberos.service.name = null
	sasl.kerberos.ticket.renew.jitter = 0.05
	sasl.kerberos.ticket.renew.window.factor = 0.8
	sasl.login.callback.handler.class = null
	sasl.login.class = null
	sasl.login.connect.timeout.ms = null
	sasl.login.read.timeout.ms = null
	sasl.login.refresh.buffer.seconds = 300
	sasl.login.refresh.min.period.seconds = 60
	sasl.login.refresh.window.factor = 0.8
	sasl.login.refresh.window.jitter = 0.05
	sasl.login.retry.backoff.max.ms = 10000
	sasl.login.retry.backoff.ms = 100
	sasl.mechanism = GSSAPI
	sasl.oauthbearer.clock.skew.seconds = 30
	sasl.oauthbearer.expected.audience = null
	sasl.oauthbearer.expected.issuer = null
	sasl.oauthbearer.header.urlencode = false
	sasl.oauthbearer.jwks.endpoint.refresh.ms = 3600000
	sasl.oauthbearer.jwks.endpoint.retry.backoff.max.ms = 10000
	sasl.oauthbearer.jwks.endpoint.retry.backoff.ms = 100
	sasl.oauthbearer.jwks.endpoint.url = null
	sasl.oauthbearer.scope.claim.name = scope
	sasl.oauthbearer.sub.claim.name = sub
	sasl.oauthbearer.token.endpoint.url = null
	security.protocol = PLAINTEXT
	security.providers = null
	send.buffer.bytes = 131072
	socket.connection.setup.timeout.max.ms = 30000
	socket.connection.setup.timeout.ms = 10000
	ssl.cipher.suites = null
	ssl.enabled.protocols = [TLSv1.2, TLSv1.3]
	ssl.endpoint.identification.algorithm = https
	ssl.engine.factory.class = null
	ssl.key.password = null
	ssl.keymanager.algorithm = SunX509
	ssl.keystore.certificate.chain = null
	ssl.keystore.key = null
	ssl.keystore.location = null
	ssl.keystore.password = null
	ssl.keystore.type = JKS
	ssl.protocol = TLSv1.3
	ssl.provider = null
	ssl.secure.random.implementation = null
	ssl.trustmanager.algorithm = PKIX
	ssl.truststore.certificates = null
	ssl.truststore.location = null
	ssl.truststore.password = null
	ssl.truststore.type = JKS
	transaction.timeout.ms = 60000
	transactional.id = null
	value.serializer = class io.confluent.kafka.serializers.KafkaAvroSerializer

2025-08-06 18:55:58,441 INFO  [org.apa.kaf.com.tel.int.KafkaMetricsCollector] (main) initializing Kafka metrics collector
2025-08-06 18:55:58,441 INFO  [io.con.kaf.ser.KafkaAvroSerializerConfig] (main) KafkaAvroSerializerConfig values: 
	auto.register.schemas = false
	avro.reflection.allow.null = false
	avro.remove.java.properties = false
	avro.use.logical.type.converters = false
	basic.auth.credentials.source = URL
	basic.auth.user.info = [hidden]
	bearer.auth.cache.expiry.buffer.seconds = 300
	bearer.auth.client.id = null
	bearer.auth.client.secret = null
	bearer.auth.credentials.source = STATIC_TOKEN
	bearer.auth.custom.provider.class = null
	bearer.auth.identity.pool.id = null
	bearer.auth.issuer.endpoint.url = null
	bearer.auth.logical.cluster = null
	bearer.auth.scope = null
	bearer.auth.scope.claim.name = scope
	bearer.auth.sub.claim.name = sub
	bearer.auth.token = [hidden]
	context.name.strategy = class io.confluent.kafka.serializers.context.NullContextNameStrategy
	http.connect.timeout.ms = 60000
	http.read.timeout.ms = 60000
	id.compatibility.strict = true
	key.schema.id.deserializer = class io.confluent.kafka.serializers.schema.id.DualSchemaIdDeserializer
	key.schema.id.serializer = class io.confluent.kafka.serializers.schema.id.PrefixSchemaIdSerializer
	key.subject.name.strategy = class io.confluent.kafka.serializers.subject.TopicNameStrategy
	latest.cache.size = 1000
	latest.cache.ttl.sec = -1
	latest.compatibility.strict = true
	max.retries = 3
	max.schemas.per.subject = 1000
	normalize.schemas = false
	propagate.schema.tags = false
	proxy.host = 
	proxy.port = -1
	retries.max.wait.ms = 20000
	retries.wait.ms = 1000
	rule.actions = []
	rule.executors = []
	rule.service.loader.enable = true
	schema.format = null
	schema.reflection = false
	schema.registry.basic.auth.user.info = [hidden]
	schema.registry.ssl.cipher.suites = null
	schema.registry.ssl.enabled.protocols = [TLSv1.2, TLSv1.3]
	schema.registry.ssl.endpoint.identification.algorithm = https
	schema.registry.ssl.engine.factory.class = null
	schema.registry.ssl.key.password = null
	schema.registry.ssl.keymanager.algorithm = SunX509
	schema.registry.ssl.keystore.certificate.chain = null
	schema.registry.ssl.keystore.key = null
	schema.registry.ssl.keystore.location = null
	schema.registry.ssl.keystore.password = null
	schema.registry.ssl.keystore.type = JKS
	schema.registry.ssl.protocol = TLSv1.3
	schema.registry.ssl.provider = null
	schema.registry.ssl.secure.random.implementation = null
	schema.registry.ssl.trustmanager.algorithm = PKIX
	schema.registry.ssl.truststore.certificates = null
	schema.registry.ssl.truststore.location = null
	schema.registry.ssl.truststore.password = null
	schema.registry.ssl.truststore.type = JKS
	schema.registry.url = [http://registry-app-pg17.apps.ci419.apicurio-testing.org:80/apis/ccompat/v7]
	schema.registry.url.randomize = false
	use.latest.version = false
	use.latest.with.metadata = null
	use.schema.id = -1
	value.schema.id.deserializer = class io.confluent.kafka.serializers.schema.id.DualSchemaIdDeserializer
	value.schema.id.serializer = class io.confluent.kafka.serializers.schema.id.PrefixSchemaIdSerializer
	value.subject.name.strategy = class io.confluent.kafka.serializers.subject.TopicRecordNameStrategy

2025-08-06 18:55:58,443 INFO  [org.apa.kaf.cli.pro.KafkaProducer] (main) [Producer clientId=Producer-topic-520bda25_b9aa_45b8_ba2b_44cb8571628e] Instantiated an idempotent producer.
2025-08-06 18:55:58,444 INFO  [org.apa.kaf.cli.pro.ProducerConfig] (main) These configurations '[schema.registry.url, auto.register.schemas, value.subject.name.strategy]' were supplied but are not used yet.
2025-08-06 18:55:58,444 INFO  [org.apa.kaf.com.uti.AppInfoParser] (main) Kafka version: 3.9.1
2025-08-06 18:55:58,444 INFO  [org.apa.kaf.com.uti.AppInfoParser] (main) Kafka commitId: f745dfdcee2b9851
2025-08-06 18:55:58,444 INFO  [org.apa.kaf.com.uti.AppInfoParser] (main) Kafka startTimeMs: 1754506558444
2025-08-06 18:55:58,445 INFO  [io.api.tes.ser.api.KafkaSerdesTester] (Thread-842) Sending message {"key1": "value-0", "key2": "value-0"} to topic topic-520bda25_b9aa_45b8_ba2b_44cb8571628e
2025-08-06 18:55:58,447 INFO  [org.apa.kaf.cli.Metadata] (kafka-producer-network-thread | Producer-topic-520bda25_b9aa_45b8_ba2b_44cb8571628e) [Producer clientId=Producer-topic-520bda25_b9aa_45b8_ba2b_44cb8571628e] Cluster ID: igMICRUWSZmdRuxlP-JQ6A
2025-08-06 18:55:58,448 INFO  [org.apa.kaf.cli.pro.int.TransactionManager] (kafka-producer-network-thread | Producer-topic-520bda25_b9aa_45b8_ba2b_44cb8571628e) [Producer clientId=Producer-topic-520bda25_b9aa_45b8_ba2b_44cb8571628e] ProducerId set to 43 with epoch 0
2025-08-06 18:55:58,533 INFO  [io.api.tes.ser.api.KafkaSerdesTester] (Thread-842) Sending message {"key1": "value-1", "key2": "value-1"} to topic topic-520bda25_b9aa_45b8_ba2b_44cb8571628e
2025-08-06 18:55:58,534 INFO  [io.api.tes.ser.api.KafkaSerdesTester] (Thread-842) Sending message {"key1": "value-2", "key2": "value-2"} to topic topic-520bda25_b9aa_45b8_ba2b_44cb8571628e
2025-08-06 18:55:58,535 INFO  [io.api.tes.ser.api.KafkaSerdesTester] (Thread-842) Sending message {"key1": "value-3", "key2": "value-3"} to topic topic-520bda25_b9aa_45b8_ba2b_44cb8571628e
2025-08-06 18:55:58,535 INFO  [io.api.tes.ser.api.KafkaSerdesTester] (Thread-842) Sending message {"key1": "value-4", "key2": "value-4"} to topic topic-520bda25_b9aa_45b8_ba2b_44cb8571628e
2025-08-06 18:55:58,537 INFO  [io.api.tes.ser.api.KafkaSerdesTester] (Thread-842) Sending message {"key1": "value-5", "key2": "value-5"} to topic topic-520bda25_b9aa_45b8_ba2b_44cb8571628e
2025-08-06 18:55:58,537 INFO  [io.api.tes.ser.api.KafkaSerdesTester] (Thread-842) Sending message {"key1": "value-6", "key2": "value-6"} to topic topic-520bda25_b9aa_45b8_ba2b_44cb8571628e
2025-08-06 18:55:58,538 INFO  [io.api.tes.ser.api.KafkaSerdesTester] (Thread-842) Sending message {"key1": "value-7", "key2": "value-7"} to topic topic-520bda25_b9aa_45b8_ba2b_44cb8571628e
2025-08-06 18:55:58,539 INFO  [io.api.tes.ser.api.KafkaSerdesTester] (Thread-842) Sending message {"key1": "value-8", "key2": "value-8"} to topic topic-520bda25_b9aa_45b8_ba2b_44cb8571628e
2025-08-06 18:55:58,540 INFO  [io.api.tes.ser.api.KafkaSerdesTester] (Thread-842) Sending message {"key1": "value-9", "key2": "value-9"} to topic topic-520bda25_b9aa_45b8_ba2b_44cb8571628e
2025-08-06 18:55:58,541 INFO  [io.api.tes.ser.api.KafkaSerdesTester] (Thread-842) Produced 10 messages
2025-08-06 18:55:58,541 INFO  [org.apa.kaf.cli.pro.KafkaProducer] (Thread-842) [Producer clientId=Producer-topic-520bda25_b9aa_45b8_ba2b_44cb8571628e] Closing the Kafka producer with timeoutMillis = 9223372036854775807 ms.
2025-08-06 18:55:58,543 INFO  [org.apa.kaf.com.met.Metrics] (Thread-842) Metrics scheduler closed
2025-08-06 18:55:58,543 INFO  [org.apa.kaf.com.met.Metrics] (Thread-842) Closing reporter org.apache.kafka.common.metrics.JmxReporter
2025-08-06 18:55:58,543 INFO  [org.apa.kaf.com.met.Metrics] (Thread-842) Closing reporter org.apache.kafka.common.telemetry.internals.ClientTelemetryReporter
2025-08-06 18:55:58,543 INFO  [org.apa.kaf.com.met.Metrics] (Thread-842) Metrics reporters closed
2025-08-06 18:55:58,543 INFO  [org.apa.kaf.com.uti.AppInfoParser] (Thread-842) App info kafka.producer for Producer-topic-520bda25_b9aa_45b8_ba2b_44cb8571628e unregistered
**** Registry Base URL: http://registry-app-pg17.apps.ci419.apicurio-testing.org:80
2025-08-06 18:55:58,543 INFO  [org.apa.kaf.cli.pro.ProducerConfig] (main) ProducerConfig values: 
	acks = -1
	auto.include.jmx.reporter = true
	batch.size = 16384
	bootstrap.servers = [PLAINTEXT://localhost:32769]
	buffer.memory = 33554432
	client.dns.lookup = use_all_dns_ips
	client.id = Producer-topic-520bda25_b9aa_45b8_ba2b_44cb8571628e
	compression.gzip.level = -1
	compression.lz4.level = 9
	compression.type = none
	compression.zstd.level = 3
	connections.max.idle.ms = 10000
	delivery.timeout.ms = 120000
	enable.idempotence = true
	enable.metrics.push = true
	interceptor.classes = []
	key.serializer = class org.apache.kafka.common.serialization.StringSerializer
	linger.ms = 0
	max.block.ms = 60000
	max.in.flight.requests.per.connection = 5
	max.request.size = 1048576
	metadata.max.age.ms = 300000
	metadata.max.idle.ms = 300000
	metadata.recovery.strategy = none
	metric.reporters = []
	metrics.num.samples = 2
	metrics.recording.level = INFO
	metrics.sample.window.ms = 30000
	partitioner.adaptive.partitioning.enable = true
	partitioner.availability.timeout.ms = 0
	partitioner.class = null
	partitioner.ignore.keys = false
	receive.buffer.bytes = 32768
	reconnect.backoff.max.ms = 1000
	reconnect.backoff.ms = 50
	request.timeout.ms = 5000
	retries = 2147483647
	retry.backoff.max.ms = 1000
	retry.backoff.ms = 100
	sasl.client.callback.handler.class = null
	sasl.jaas.config = null
	sasl.kerberos.kinit.cmd = /usr/bin/kinit
	sasl.kerberos.min.time.before.relogin = 60000
	sasl.kerberos.service.name = null
	sasl.kerberos.ticket.renew.jitter = 0.05
	sasl.kerberos.ticket.renew.window.factor = 0.8
	sasl.login.callback.handler.class = null
	sasl.login.class = null
	sasl.login.connect.timeout.ms = null
	sasl.login.read.timeout.ms = null
	sasl.login.refresh.buffer.seconds = 300
	sasl.login.refresh.min.period.seconds = 60
	sasl.login.refresh.window.factor = 0.8
	sasl.login.refresh.window.jitter = 0.05
	sasl.login.retry.backoff.max.ms = 10000
	sasl.login.retry.backoff.ms = 100
	sasl.mechanism = GSSAPI
	sasl.oauthbearer.clock.skew.seconds = 30
	sasl.oauthbearer.expected.audience = null
	sasl.oauthbearer.expected.issuer = null
	sasl.oauthbearer.header.urlencode = false
	sasl.oauthbearer.jwks.endpoint.refresh.ms = 3600000
	sasl.oauthbearer.jwks.endpoint.retry.backoff.max.ms = 10000
	sasl.oauthbearer.jwks.endpoint.retry.backoff.ms = 100
	sasl.oauthbearer.jwks.endpoint.url = null
	sasl.oauthbearer.scope.claim.name = scope
	sasl.oauthbearer.sub.claim.name = sub
	sasl.oauthbearer.token.endpoint.url = null
	security.protocol = PLAINTEXT
	security.providers = null
	send.buffer.bytes = 131072
	socket.connection.setup.timeout.max.ms = 30000
	socket.connection.setup.timeout.ms = 10000
	ssl.cipher.suites = null
	ssl.enabled.protocols = [TLSv1.2, TLSv1.3]
	ssl.endpoint.identification.algorithm = https
	ssl.engine.factory.class = null
	ssl.key.password = null
	ssl.keymanager.algorithm = SunX509
	ssl.keystore.certificate.chain = null
	ssl.keystore.key = null
	ssl.keystore.location = null
	ssl.keystore.password = null
	ssl.keystore.type = JKS
	ssl.protocol = TLSv1.3
	ssl.provider = null
	ssl.secure.random.implementation = null
	ssl.trustmanager.algorithm = PKIX
	ssl.truststore.certificates = null
	ssl.truststore.location = null
	ssl.truststore.password = null
	ssl.truststore.type = JKS
	transaction.timeout.ms = 60000
	transactional.id = null
	value.serializer = class io.confluent.kafka.serializers.KafkaAvroSerializer

2025-08-06 18:55:58,544 INFO  [org.apa.kaf.com.tel.int.KafkaMetricsCollector] (main) initializing Kafka metrics collector
2025-08-06 18:55:58,544 INFO  [io.con.kaf.ser.KafkaAvroSerializerConfig] (main) KafkaAvroSerializerConfig values: 
	auto.register.schemas = false
	avro.reflection.allow.null = false
	avro.remove.java.properties = false
	avro.use.logical.type.converters = false
	basic.auth.credentials.source = URL
	basic.auth.user.info = [hidden]
	bearer.auth.cache.expiry.buffer.seconds = 300
	bearer.auth.client.id = null
	bearer.auth.client.secret = null
	bearer.auth.credentials.source = STATIC_TOKEN
	bearer.auth.custom.provider.class = null
	bearer.auth.identity.pool.id = null
	bearer.auth.issuer.endpoint.url = null
	bearer.auth.logical.cluster = null
	bearer.auth.scope = null
	bearer.auth.scope.claim.name = scope
	bearer.auth.sub.claim.name = sub
	bearer.auth.token = [hidden]
	context.name.strategy = class io.confluent.kafka.serializers.context.NullContextNameStrategy
	http.connect.timeout.ms = 60000
	http.read.timeout.ms = 60000
	id.compatibility.strict = true
	key.schema.id.deserializer = class io.confluent.kafka.serializers.schema.id.DualSchemaIdDeserializer
	key.schema.id.serializer = class io.confluent.kafka.serializers.schema.id.PrefixSchemaIdSerializer
	key.subject.name.strategy = class io.confluent.kafka.serializers.subject.TopicNameStrategy
	latest.cache.size = 1000
	latest.cache.ttl.sec = -1
	latest.compatibility.strict = true
	max.retries = 3
	max.schemas.per.subject = 1000
	normalize.schemas = false
	propagate.schema.tags = false
	proxy.host = 
	proxy.port = -1
	retries.max.wait.ms = 20000
	retries.wait.ms = 1000
	rule.actions = []
	rule.executors = []
	rule.service.loader.enable = true
	schema.format = null
	schema.reflection = false
	schema.registry.basic.auth.user.info = [hidden]
	schema.registry.ssl.cipher.suites = null
	schema.registry.ssl.enabled.protocols = [TLSv1.2, TLSv1.3]
	schema.registry.ssl.endpoint.identification.algorithm = https
	schema.registry.ssl.engine.factory.class = null
	schema.registry.ssl.key.password = null
	schema.registry.ssl.keymanager.algorithm = SunX509
	schema.registry.ssl.keystore.certificate.chain = null
	schema.registry.ssl.keystore.key = null
	schema.registry.ssl.keystore.location = null
	schema.registry.ssl.keystore.password = null
	schema.registry.ssl.keystore.type = JKS
	schema.registry.ssl.protocol = TLSv1.3
	schema.registry.ssl.provider = null
	schema.registry.ssl.secure.random.implementation = null
	schema.registry.ssl.trustmanager.algorithm = PKIX
	schema.registry.ssl.truststore.certificates = null
	schema.registry.ssl.truststore.location = null
	schema.registry.ssl.truststore.password = null
	schema.registry.ssl.truststore.type = JKS
	schema.registry.url = [http://registry-app-pg17.apps.ci419.apicurio-testing.org:80/apis/ccompat/v7]
	schema.registry.url.randomize = false
	use.latest.version = false
	use.latest.with.metadata = null
	use.schema.id = -1
	value.schema.id.deserializer = class io.confluent.kafka.serializers.schema.id.DualSchemaIdDeserializer
	value.schema.id.serializer = class io.confluent.kafka.serializers.schema.id.PrefixSchemaIdSerializer
	value.subject.name.strategy = class io.confluent.kafka.serializers.subject.TopicRecordNameStrategy

2025-08-06 18:55:58,547 INFO  [org.apa.kaf.cli.pro.KafkaProducer] (main) [Producer clientId=Producer-topic-520bda25_b9aa_45b8_ba2b_44cb8571628e] Instantiated an idempotent producer.
2025-08-06 18:55:58,549 INFO  [org.apa.kaf.cli.pro.ProducerConfig] (main) These configurations '[schema.registry.url, auto.register.schemas, value.subject.name.strategy]' were supplied but are not used yet.
2025-08-06 18:55:58,549 INFO  [org.apa.kaf.com.uti.AppInfoParser] (main) Kafka version: 3.9.1
2025-08-06 18:55:58,549 INFO  [org.apa.kaf.com.uti.AppInfoParser] (main) Kafka commitId: f745dfdcee2b9851
2025-08-06 18:55:58,549 INFO  [org.apa.kaf.com.uti.AppInfoParser] (main) Kafka startTimeMs: 1754506558549
2025-08-06 18:55:58,550 INFO  [io.api.tes.ser.api.KafkaSerdesTester] (Thread-843) Sending message {"key1": "value-0"} to topic topic-520bda25_b9aa_45b8_ba2b_44cb8571628e
2025-08-06 18:55:58,551 INFO  [org.apa.kaf.cli.Metadata] (kafka-producer-network-thread | Producer-topic-520bda25_b9aa_45b8_ba2b_44cb8571628e) [Producer clientId=Producer-topic-520bda25_b9aa_45b8_ba2b_44cb8571628e] Cluster ID: igMICRUWSZmdRuxlP-JQ6A
2025-08-06 18:55:58,552 INFO  [org.apa.kaf.cli.pro.int.TransactionManager] (kafka-producer-network-thread | Producer-topic-520bda25_b9aa_45b8_ba2b_44cb8571628e) [Producer clientId=Producer-topic-520bda25_b9aa_45b8_ba2b_44cb8571628e] ProducerId set to 44 with epoch 0
2025-08-06 18:55:58,635 INFO  [io.api.tes.ser.api.KafkaSerdesTester] (Thread-843) Sending message {"key1": "value-1"} to topic topic-520bda25_b9aa_45b8_ba2b_44cb8571628e
2025-08-06 18:55:58,636 INFO  [io.api.tes.ser.api.KafkaSerdesTester] (Thread-843) Sending message {"key1": "value-2"} to topic topic-520bda25_b9aa_45b8_ba2b_44cb8571628e
2025-08-06 18:55:58,638 INFO  [io.api.tes.ser.api.KafkaSerdesTester] (Thread-843) Sending message {"key1": "value-3"} to topic topic-520bda25_b9aa_45b8_ba2b_44cb8571628e
2025-08-06 18:55:58,639 INFO  [io.api.tes.ser.api.KafkaSerdesTester] (Thread-843) Sending message {"key1": "value-4"} to topic topic-520bda25_b9aa_45b8_ba2b_44cb8571628e
2025-08-06 18:55:58,640 INFO  [io.api.tes.ser.api.KafkaSerdesTester] (Thread-843) Sending message {"key1": "value-5"} to topic topic-520bda25_b9aa_45b8_ba2b_44cb8571628e
2025-08-06 18:55:58,641 INFO  [io.api.tes.ser.api.KafkaSerdesTester] (Thread-843) Sending message {"key1": "value-6"} to topic topic-520bda25_b9aa_45b8_ba2b_44cb8571628e
2025-08-06 18:55:58,642 INFO  [io.api.tes.ser.api.KafkaSerdesTester] (Thread-843) Sending message {"key1": "value-7"} to topic topic-520bda25_b9aa_45b8_ba2b_44cb8571628e
2025-08-06 18:55:58,643 INFO  [io.api.tes.ser.api.KafkaSerdesTester] (Thread-843) Sending message {"key1": "value-8"} to topic topic-520bda25_b9aa_45b8_ba2b_44cb8571628e
2025-08-06 18:55:58,644 INFO  [io.api.tes.ser.api.KafkaSerdesTester] (Thread-843) Sending message {"key1": "value-9"} to topic topic-520bda25_b9aa_45b8_ba2b_44cb8571628e
2025-08-06 18:55:58,645 INFO  [io.api.tes.ser.api.KafkaSerdesTester] (Thread-843) Produced 10 messages
2025-08-06 18:55:58,645 INFO  [org.apa.kaf.cli.pro.KafkaProducer] (Thread-843) [Producer clientId=Producer-topic-520bda25_b9aa_45b8_ba2b_44cb8571628e] Closing the Kafka producer with timeoutMillis = 9223372036854775807 ms.
2025-08-06 18:55:58,647 INFO  [org.apa.kaf.com.met.Metrics] (Thread-843) Metrics scheduler closed
2025-08-06 18:55:58,647 INFO  [org.apa.kaf.com.met.Metrics] (Thread-843) Closing reporter org.apache.kafka.common.metrics.JmxReporter
2025-08-06 18:55:58,647 INFO  [org.apa.kaf.com.met.Metrics] (Thread-843) Closing reporter org.apache.kafka.common.telemetry.internals.ClientTelemetryReporter
2025-08-06 18:55:58,647 INFO  [org.apa.kaf.com.met.Metrics] (Thread-843) Metrics reporters closed
2025-08-06 18:55:58,647 INFO  [org.apa.kaf.com.uti.AppInfoParser] (Thread-843) App info kafka.producer for Producer-topic-520bda25_b9aa_45b8_ba2b_44cb8571628e unregistered
**** Registry Base URL: http://registry-app-pg17.apps.ci419.apicurio-testing.org:80
2025-08-06 18:55:58,647 INFO  [org.apa.kaf.cli.con.ConsumerConfig] (main) ConsumerConfig values: 
	allow.auto.create.topics = true
	auto.commit.interval.ms = 500
	auto.include.jmx.reporter = true
	auto.offset.reset = earliest
	bootstrap.servers = [PLAINTEXT://localhost:32769]
	check.crcs = true
	client.dns.lookup = use_all_dns_ips
	client.id = consumer-Consumer-topic-520bda25_b9aa_45b8_ba2b_44cb8571628e-32
	client.rack = 
	connections.max.idle.ms = 10000
	default.api.timeout.ms = 60000
	enable.auto.commit = true
	enable.metrics.push = true
	exclude.internal.topics = true
	fetch.max.bytes = 52428800
	fetch.max.wait.ms = 500
	fetch.min.bytes = 1
	group.id = Consumer-topic-520bda25_b9aa_45b8_ba2b_44cb8571628e
	group.instance.id = null
	group.protocol = classic
	group.remote.assignor = null
	heartbeat.interval.ms = 3000
	interceptor.classes = []
	internal.leave.group.on.close = true
	internal.throw.on.fetch.stable.offset.unsupported = false
	isolation.level = read_uncommitted
	key.deserializer = class org.apache.kafka.common.serialization.StringDeserializer
	max.partition.fetch.bytes = 1048576
	max.poll.interval.ms = 300000
	max.poll.records = 500
	metadata.max.age.ms = 300000
	metadata.recovery.strategy = none
	metric.reporters = []
	metrics.num.samples = 2
	metrics.recording.level = INFO
	metrics.sample.window.ms = 30000
	partition.assignment.strategy = [class org.apache.kafka.clients.consumer.RangeAssignor, class org.apache.kafka.clients.consumer.CooperativeStickyAssignor]
	receive.buffer.bytes = 65536
	reconnect.backoff.max.ms = 1000
	reconnect.backoff.ms = 50
	request.timeout.ms = 5000
	retry.backoff.max.ms = 1000
	retry.backoff.ms = 100
	sasl.client.callback.handler.class = null
	sasl.jaas.config = null
	sasl.kerberos.kinit.cmd = /usr/bin/kinit
	sasl.kerberos.min.time.before.relogin = 60000
	sasl.kerberos.service.name = null
	sasl.kerberos.ticket.renew.jitter = 0.05
	sasl.kerberos.ticket.renew.window.factor = 0.8
	sasl.login.callback.handler.class = null
	sasl.login.class = null
	sasl.login.connect.timeout.ms = null
	sasl.login.read.timeout.ms = null
	sasl.login.refresh.buffer.seconds = 300
	sasl.login.refresh.min.period.seconds = 60
	sasl.login.refresh.window.factor = 0.8
	sasl.login.refresh.window.jitter = 0.05
	sasl.login.retry.backoff.max.ms = 10000
	sasl.login.retry.backoff.ms = 100
	sasl.mechanism = GSSAPI
	sasl.oauthbearer.clock.skew.seconds = 30
	sasl.oauthbearer.expected.audience = null
	sasl.oauthbearer.expected.issuer = null
	sasl.oauthbearer.header.urlencode = false
	sasl.oauthbearer.jwks.endpoint.refresh.ms = 3600000
	sasl.oauthbearer.jwks.endpoint.retry.backoff.max.ms = 10000
	sasl.oauthbearer.jwks.endpoint.retry.backoff.ms = 100
	sasl.oauthbearer.jwks.endpoint.url = null
	sasl.oauthbearer.scope.claim.name = scope
	sasl.oauthbearer.sub.claim.name = sub
	sasl.oauthbearer.token.endpoint.url = null
	security.protocol = PLAINTEXT
	security.providers = null
	send.buffer.bytes = 131072
	session.timeout.ms = 45000
	socket.connection.setup.timeout.max.ms = 30000
	socket.connection.setup.timeout.ms = 10000
	ssl.cipher.suites = null
	ssl.enabled.protocols = [TLSv1.2, TLSv1.3]
	ssl.endpoint.identification.algorithm = https
	ssl.engine.factory.class = null
	ssl.key.password = null
	ssl.keymanager.algorithm = SunX509
	ssl.keystore.certificate.chain = null
	ssl.keystore.key = null
	ssl.keystore.location = null
	ssl.keystore.password = null
	ssl.keystore.type = JKS
	ssl.protocol = TLSv1.3
	ssl.provider = null
	ssl.secure.random.implementation = null
	ssl.trustmanager.algorithm = PKIX
	ssl.truststore.certificates = null
	ssl.truststore.location = null
	ssl.truststore.password = null
	ssl.truststore.type = JKS
	value.deserializer = class io.confluent.kafka.serializers.KafkaAvroDeserializer

2025-08-06 18:55:58,647 INFO  [org.apa.kaf.com.tel.int.KafkaMetricsCollector] (main) initializing Kafka metrics collector
2025-08-06 18:55:58,648 INFO  [io.con.kaf.ser.KafkaAvroDeserializerConfig] (main) KafkaAvroDeserializerConfig values: 
	auto.register.schemas = true
	avro.reflection.allow.null = false
	avro.use.logical.type.converters = false
	basic.auth.credentials.source = URL
	basic.auth.user.info = [hidden]
	bearer.auth.cache.expiry.buffer.seconds = 300
	bearer.auth.client.id = null
	bearer.auth.client.secret = null
	bearer.auth.credentials.source = STATIC_TOKEN
	bearer.auth.custom.provider.class = null
	bearer.auth.identity.pool.id = null
	bearer.auth.issuer.endpoint.url = null
	bearer.auth.logical.cluster = null
	bearer.auth.scope = null
	bearer.auth.scope.claim.name = scope
	bearer.auth.sub.claim.name = sub
	bearer.auth.token = [hidden]
	context.name.strategy = class io.confluent.kafka.serializers.context.NullContextNameStrategy
	http.connect.timeout.ms = 60000
	http.read.timeout.ms = 60000
	id.compatibility.strict = true
	key.schema.id.deserializer = class io.confluent.kafka.serializers.schema.id.DualSchemaIdDeserializer
	key.schema.id.serializer = class io.confluent.kafka.serializers.schema.id.PrefixSchemaIdSerializer
	key.subject.name.strategy = class io.confluent.kafka.serializers.subject.TopicNameStrategy
	latest.cache.size = 1000
	latest.cache.ttl.sec = -1
	latest.compatibility.strict = true
	max.retries = 3
	max.schemas.per.subject = 1000
	normalize.schemas = false
	propagate.schema.tags = false
	proxy.host = 
	proxy.port = -1
	retries.max.wait.ms = 20000
	retries.wait.ms = 1000
	rule.actions = []
	rule.executors = []
	rule.service.loader.enable = true
	schema.format = null
	schema.reflection = false
	schema.registry.basic.auth.user.info = [hidden]
	schema.registry.ssl.cipher.suites = null
	schema.registry.ssl.enabled.protocols = [TLSv1.2, TLSv1.3]
	schema.registry.ssl.endpoint.identification.algorithm = https
	schema.registry.ssl.engine.factory.class = null
	schema.registry.ssl.key.password = null
	schema.registry.ssl.keymanager.algorithm = SunX509
	schema.registry.ssl.keystore.certificate.chain = null
	schema.registry.ssl.keystore.key = null
	schema.registry.ssl.keystore.location = null
	schema.registry.ssl.keystore.password = null
	schema.registry.ssl.keystore.type = JKS
	schema.registry.ssl.protocol = TLSv1.3
	schema.registry.ssl.provider = null
	schema.registry.ssl.secure.random.implementation = null
	schema.registry.ssl.trustmanager.algorithm = PKIX
	schema.registry.ssl.truststore.certificates = null
	schema.registry.ssl.truststore.location = null
	schema.registry.ssl.truststore.password = null
	schema.registry.ssl.truststore.type = JKS
	schema.registry.url = [http://registry-app-pg17.apps.ci419.apicurio-testing.org:80/apis/ccompat/v7]
	schema.registry.url.randomize = false
	specific.avro.key.type = null
	specific.avro.reader = false
	specific.avro.value.type = null
	use.latest.version = false
	use.latest.with.metadata = null
	use.schema.id = -1
	value.schema.id.deserializer = class io.confluent.kafka.serializers.schema.id.DualSchemaIdDeserializer
	value.schema.id.serializer = class io.confluent.kafka.serializers.schema.id.PrefixSchemaIdSerializer
	value.subject.name.strategy = class io.confluent.kafka.serializers.subject.TopicNameStrategy

2025-08-06 18:55:58,651 INFO  [org.apa.kaf.cli.con.ConsumerConfig] (main) These configurations '[schema.registry.url]' were supplied but are not used yet.
2025-08-06 18:55:58,651 INFO  [org.apa.kaf.com.uti.AppInfoParser] (main) Kafka version: 3.9.1
2025-08-06 18:55:58,651 INFO  [org.apa.kaf.com.uti.AppInfoParser] (main) Kafka commitId: f745dfdcee2b9851
2025-08-06 18:55:58,651 INFO  [org.apa.kaf.com.uti.AppInfoParser] (main) Kafka startTimeMs: 1754506558651
2025-08-06 18:55:58,652 INFO  [org.apa.kaf.cli.con.int.ClassicKafkaConsumer] (Thread-844) [Consumer clientId=consumer-Consumer-topic-520bda25_b9aa_45b8_ba2b_44cb8571628e-32, groupId=Consumer-topic-520bda25_b9aa_45b8_ba2b_44cb8571628e] Subscribed to topic(s): topic-520bda25_b9aa_45b8_ba2b_44cb8571628e
2025-08-06 18:55:58,656 INFO  [org.apa.kaf.cli.Metadata] (Thread-844) [Consumer clientId=consumer-Consumer-topic-520bda25_b9aa_45b8_ba2b_44cb8571628e-32, groupId=Consumer-topic-520bda25_b9aa_45b8_ba2b_44cb8571628e] Cluster ID: igMICRUWSZmdRuxlP-JQ6A
2025-08-06 18:55:58,657 INFO  [org.apa.kaf.cli.con.int.ConsumerCoordinator] (Thread-844) [Consumer clientId=consumer-Consumer-topic-520bda25_b9aa_45b8_ba2b_44cb8571628e-32, groupId=Consumer-topic-520bda25_b9aa_45b8_ba2b_44cb8571628e] Discovered group coordinator localhost:32769 (id: 2147483647 rack: null)
2025-08-06 18:55:58,658 INFO  [org.apa.kaf.cli.con.int.ConsumerCoordinator] (Thread-844) [Consumer clientId=consumer-Consumer-topic-520bda25_b9aa_45b8_ba2b_44cb8571628e-32, groupId=Consumer-topic-520bda25_b9aa_45b8_ba2b_44cb8571628e] (Re-)joining group
2025-08-06 18:55:58,659 INFO  [org.apa.kaf.cli.con.int.ConsumerCoordinator] (Thread-844) [Consumer clientId=consumer-Consumer-topic-520bda25_b9aa_45b8_ba2b_44cb8571628e-32, groupId=Consumer-topic-520bda25_b9aa_45b8_ba2b_44cb8571628e] Request joining group due to: need to re-join with the given member-id: consumer-Consumer-topic-520bda25_b9aa_45b8_ba2b_44cb8571628e-32-776961b0-5f16-4ebf-addd-430cb0884538
2025-08-06 18:55:58,659 INFO  [org.apa.kaf.cli.con.int.ConsumerCoordinator] (Thread-844) [Consumer clientId=consumer-Consumer-topic-520bda25_b9aa_45b8_ba2b_44cb8571628e-32, groupId=Consumer-topic-520bda25_b9aa_45b8_ba2b_44cb8571628e] (Re-)joining group
2025-08-06 18:55:59,652 INFO  [io.api.tes.ser.api.KafkaSerdesTester] (Thread-844) None found
2025-08-06 18:56:00,654 INFO  [io.api.tes.ser.api.KafkaSerdesTester] (Thread-844) None found
2025-08-06 18:56:01,655 INFO  [io.api.tes.ser.api.KafkaSerdesTester] (Thread-844) None found
2025-08-06 18:56:01,661 INFO  [org.apa.kaf.cli.con.int.ConsumerCoordinator] (Thread-844) [Consumer clientId=consumer-Consumer-topic-520bda25_b9aa_45b8_ba2b_44cb8571628e-32, groupId=Consumer-topic-520bda25_b9aa_45b8_ba2b_44cb8571628e] Successfully joined group with generation Generation{generationId=5, memberId='consumer-Consumer-topic-520bda25_b9aa_45b8_ba2b_44cb8571628e-32-776961b0-5f16-4ebf-addd-430cb0884538', protocol='range'}
2025-08-06 18:56:01,661 INFO  [org.apa.kaf.cli.con.int.ConsumerCoordinator] (Thread-844) [Consumer clientId=consumer-Consumer-topic-520bda25_b9aa_45b8_ba2b_44cb8571628e-32, groupId=Consumer-topic-520bda25_b9aa_45b8_ba2b_44cb8571628e] Finished assignment for group at generation 5: {consumer-Consumer-topic-520bda25_b9aa_45b8_ba2b_44cb8571628e-32-776961b0-5f16-4ebf-addd-430cb0884538=Assignment(partitions=[topic-520bda25_b9aa_45b8_ba2b_44cb8571628e-0])}
2025-08-06 18:56:01,668 INFO  [org.apa.kaf.cli.con.int.ConsumerCoordinator] (Thread-844) [Consumer clientId=consumer-Consumer-topic-520bda25_b9aa_45b8_ba2b_44cb8571628e-32, groupId=Consumer-topic-520bda25_b9aa_45b8_ba2b_44cb8571628e] Successfully synced group in generation Generation{generationId=5, memberId='consumer-Consumer-topic-520bda25_b9aa_45b8_ba2b_44cb8571628e-32-776961b0-5f16-4ebf-addd-430cb0884538', protocol='range'}
2025-08-06 18:56:01,668 INFO  [org.apa.kaf.cli.con.int.ConsumerCoordinator] (Thread-844) [Consumer clientId=consumer-Consumer-topic-520bda25_b9aa_45b8_ba2b_44cb8571628e-32, groupId=Consumer-topic-520bda25_b9aa_45b8_ba2b_44cb8571628e] Notifying assignor about the new Assignment(partitions=[topic-520bda25_b9aa_45b8_ba2b_44cb8571628e-0])
2025-08-06 18:56:01,668 INFO  [org.apa.kaf.cli.con.int.ConsumerRebalanceListenerInvoker] (Thread-844) [Consumer clientId=consumer-Consumer-topic-520bda25_b9aa_45b8_ba2b_44cb8571628e-32, groupId=Consumer-topic-520bda25_b9aa_45b8_ba2b_44cb8571628e] Adding newly assigned partitions: topic-520bda25_b9aa_45b8_ba2b_44cb8571628e-0
2025-08-06 18:56:01,669 INFO  [org.apa.kaf.cli.con.int.ConsumerUtils] (Thread-844) Setting offset for partition topic-520bda25_b9aa_45b8_ba2b_44cb8571628e-0 to the committed offset FetchPosition{offset=30, offsetEpoch=Optional[0], currentLeader=LeaderAndEpoch{leader=Optional[localhost:32769 (id: 0 rack: null)], epoch=0}}
2025-08-06 18:56:01,914 INFO  [io.api.tes.ser.api.KafkaSerdesTester] (Thread-844) topic-520bda25_b9aa_45b8_ba2b_44cb8571628e 0 30 {"key1": "value-0", "key2": "value-0", "key3": "value-0"}
2025-08-06 18:56:01,914 INFO  [io.api.tes.ser.api.KafkaSerdesTester] (Thread-844) topic-520bda25_b9aa_45b8_ba2b_44cb8571628e 0 31 {"key1": "value-1", "key2": "value-1", "key3": "value-1"}
2025-08-06 18:56:01,914 INFO  [io.api.tes.ser.api.KafkaSerdesTester] (Thread-844) topic-520bda25_b9aa_45b8_ba2b_44cb8571628e 0 32 {"key1": "value-2", "key2": "value-2", "key3": "value-2"}
2025-08-06 18:56:01,914 INFO  [io.api.tes.ser.api.KafkaSerdesTester] (Thread-844) topic-520bda25_b9aa_45b8_ba2b_44cb8571628e 0 33 {"key1": "value-3", "key2": "value-3", "key3": "value-3"}
2025-08-06 18:56:01,914 INFO  [io.api.tes.ser.api.KafkaSerdesTester] (Thread-844) topic-520bda25_b9aa_45b8_ba2b_44cb8571628e 0 34 {"key1": "value-4", "key2": "value-4", "key3": "value-4"}
2025-08-06 18:56:01,914 INFO  [io.api.tes.ser.api.KafkaSerdesTester] (Thread-844) topic-520bda25_b9aa_45b8_ba2b_44cb8571628e 0 35 {"key1": "value-5", "key2": "value-5", "key3": "value-5"}
2025-08-06 18:56:01,914 INFO  [io.api.tes.ser.api.KafkaSerdesTester] (Thread-844) topic-520bda25_b9aa_45b8_ba2b_44cb8571628e 0 36 {"key1": "value-6", "key2": "value-6", "key3": "value-6"}
2025-08-06 18:56:01,914 INFO  [io.api.tes.ser.api.KafkaSerdesTester] (Thread-844) topic-520bda25_b9aa_45b8_ba2b_44cb8571628e 0 37 {"key1": "value-7", "key2": "value-7", "key3": "value-7"}
2025-08-06 18:56:01,914 INFO  [io.api.tes.ser.api.KafkaSerdesTester] (Thread-844) topic-520bda25_b9aa_45b8_ba2b_44cb8571628e 0 38 {"key1": "value-8", "key2": "value-8", "key3": "value-8"}
2025-08-06 18:56:01,914 INFO  [io.api.tes.ser.api.KafkaSerdesTester] (Thread-844) topic-520bda25_b9aa_45b8_ba2b_44cb8571628e 0 39 {"key1": "value-9", "key2": "value-9", "key3": "value-9"}
2025-08-06 18:56:01,914 INFO  [io.api.tes.ser.api.KafkaSerdesTester] (Thread-844) topic-520bda25_b9aa_45b8_ba2b_44cb8571628e 0 40 {"key1": "value-0", "key2": "value-0"}
2025-08-06 18:56:01,914 INFO  [io.api.tes.ser.api.KafkaSerdesTester] (Thread-844) topic-520bda25_b9aa_45b8_ba2b_44cb8571628e 0 41 {"key1": "value-1", "key2": "value-1"}
2025-08-06 18:56:01,914 INFO  [io.api.tes.ser.api.KafkaSerdesTester] (Thread-844) topic-520bda25_b9aa_45b8_ba2b_44cb8571628e 0 42 {"key1": "value-2", "key2": "value-2"}
2025-08-06 18:56:01,914 INFO  [io.api.tes.ser.api.KafkaSerdesTester] (Thread-844) topic-520bda25_b9aa_45b8_ba2b_44cb8571628e 0 43 {"key1": "value-3", "key2": "value-3"}
2025-08-06 18:56:01,914 INFO  [io.api.tes.ser.api.KafkaSerdesTester] (Thread-844) topic-520bda25_b9aa_45b8_ba2b_44cb8571628e 0 44 {"key1": "value-4", "key2": "value-4"}
2025-08-06 18:56:01,914 INFO  [io.api.tes.ser.api.KafkaSerdesTester] (Thread-844) topic-520bda25_b9aa_45b8_ba2b_44cb8571628e 0 45 {"key1": "value-5", "key2": "value-5"}
2025-08-06 18:56:01,914 INFO  [io.api.tes.ser.api.KafkaSerdesTester] (Thread-844) topic-520bda25_b9aa_45b8_ba2b_44cb8571628e 0 46 {"key1": "value-6", "key2": "value-6"}
2025-08-06 18:56:01,914 INFO  [io.api.tes.ser.api.KafkaSerdesTester] (Thread-844) topic-520bda25_b9aa_45b8_ba2b_44cb8571628e 0 47 {"key1": "value-7", "key2": "value-7"}
2025-08-06 18:56:01,914 INFO  [io.api.tes.ser.api.KafkaSerdesTester] (Thread-844) topic-520bda25_b9aa_45b8_ba2b_44cb8571628e 0 48 {"key1": "value-8", "key2": "value-8"}
2025-08-06 18:56:01,914 INFO  [io.api.tes.ser.api.KafkaSerdesTester] (Thread-844) topic-520bda25_b9aa_45b8_ba2b_44cb8571628e 0 49 {"key1": "value-9", "key2": "value-9"}
2025-08-06 18:56:01,914 INFO  [io.api.tes.ser.api.KafkaSerdesTester] (Thread-844) topic-520bda25_b9aa_45b8_ba2b_44cb8571628e 0 50 {"key1": "value-0"}
2025-08-06 18:56:01,914 INFO  [io.api.tes.ser.api.KafkaSerdesTester] (Thread-844) topic-520bda25_b9aa_45b8_ba2b_44cb8571628e 0 51 {"key1": "value-1"}
2025-08-06 18:56:01,914 INFO  [io.api.tes.ser.api.KafkaSerdesTester] (Thread-844) topic-520bda25_b9aa_45b8_ba2b_44cb8571628e 0 52 {"key1": "value-2"}
2025-08-06 18:56:01,914 INFO  [io.api.tes.ser.api.KafkaSerdesTester] (Thread-844) topic-520bda25_b9aa_45b8_ba2b_44cb8571628e 0 53 {"key1": "value-3"}
2025-08-06 18:56:01,915 INFO  [io.api.tes.ser.api.KafkaSerdesTester] (Thread-844) topic-520bda25_b9aa_45b8_ba2b_44cb8571628e 0 54 {"key1": "value-4"}
2025-08-06 18:56:01,915 INFO  [io.api.tes.ser.api.KafkaSerdesTester] (Thread-844) topic-520bda25_b9aa_45b8_ba2b_44cb8571628e 0 55 {"key1": "value-5"}
2025-08-06 18:56:01,915 INFO  [io.api.tes.ser.api.KafkaSerdesTester] (Thread-844) topic-520bda25_b9aa_45b8_ba2b_44cb8571628e 0 56 {"key1": "value-6"}
2025-08-06 18:56:01,915 INFO  [io.api.tes.ser.api.KafkaSerdesTester] (Thread-844) topic-520bda25_b9aa_45b8_ba2b_44cb8571628e 0 57 {"key1": "value-7"}
2025-08-06 18:56:01,915 INFO  [io.api.tes.ser.api.KafkaSerdesTester] (Thread-844) topic-520bda25_b9aa_45b8_ba2b_44cb8571628e 0 58 {"key1": "value-8"}
2025-08-06 18:56:01,915 INFO  [io.api.tes.ser.api.KafkaSerdesTester] (Thread-844) topic-520bda25_b9aa_45b8_ba2b_44cb8571628e 0 59 {"key1": "value-9"}
2025-08-06 18:56:01,915 INFO  [io.api.tes.ser.api.KafkaSerdesTester] (Thread-844) Consumed 30 messages
2025-08-06 18:56:01,922 INFO  [org.apa.kaf.cli.con.int.ConsumerRebalanceListenerInvoker] (Thread-844) [Consumer clientId=consumer-Consumer-topic-520bda25_b9aa_45b8_ba2b_44cb8571628e-32, groupId=Consumer-topic-520bda25_b9aa_45b8_ba2b_44cb8571628e] Revoke previously assigned partitions topic-520bda25_b9aa_45b8_ba2b_44cb8571628e-0
2025-08-06 18:56:01,922 INFO  [org.apa.kaf.cli.con.int.ConsumerCoordinator] (Thread-844) [Consumer clientId=consumer-Consumer-topic-520bda25_b9aa_45b8_ba2b_44cb8571628e-32, groupId=Consumer-topic-520bda25_b9aa_45b8_ba2b_44cb8571628e] Member consumer-Consumer-topic-520bda25_b9aa_45b8_ba2b_44cb8571628e-32-776961b0-5f16-4ebf-addd-430cb0884538 sending LeaveGroup request to coordinator localhost:32769 (id: 2147483647 rack: null) due to the consumer is being closed
2025-08-06 18:56:01,923 INFO  [org.apa.kaf.cli.con.int.ConsumerCoordinator] (Thread-844) [Consumer clientId=consumer-Consumer-topic-520bda25_b9aa_45b8_ba2b_44cb8571628e-32, groupId=Consumer-topic-520bda25_b9aa_45b8_ba2b_44cb8571628e] Resetting generation and member id due to: consumer pro-actively leaving the group
2025-08-06 18:56:01,923 INFO  [org.apa.kaf.cli.con.int.ConsumerCoordinator] (Thread-844) [Consumer clientId=consumer-Consumer-topic-520bda25_b9aa_45b8_ba2b_44cb8571628e-32, groupId=Consumer-topic-520bda25_b9aa_45b8_ba2b_44cb8571628e] Request joining group due to: consumer pro-actively leaving the group
2025-08-06 18:56:02,418 INFO  [org.apa.kaf.com.met.Metrics] (Thread-844) Metrics scheduler closed
2025-08-06 18:56:02,418 INFO  [org.apa.kaf.com.met.Metrics] (Thread-844) Closing reporter org.apache.kafka.common.metrics.JmxReporter
2025-08-06 18:56:02,418 INFO  [org.apa.kaf.com.met.Metrics] (Thread-844) Closing reporter org.apache.kafka.common.telemetry.internals.ClientTelemetryReporter
2025-08-06 18:56:02,418 INFO  [org.apa.kaf.com.met.Metrics] (Thread-844) Metrics reporters closed
2025-08-06 18:56:02,421 INFO  [org.apa.kaf.com.uti.AppInfoParser] (Thread-844) App info kafka.consumer for consumer-Consumer-topic-520bda25_b9aa_45b8_ba2b_44cb8571628e-32 unregistered
2025-08-06 18:56:02,421 INFO  [org.apa.kaf.cli.pro.KafkaProducer] (main) [Producer clientId=Producer-topic-520bda25_b9aa_45b8_ba2b_44cb8571628e] Closing the Kafka producer with timeoutMillis = 9223372036854775807 ms.
2025-08-06 18:56:02,421 INFO  [org.apa.kaf.com.met.Metrics] (main) Metrics scheduler closed
2025-08-06 18:56:02,421 INFO  [org.apa.kaf.com.met.Metrics] (main) Closing reporter org.apache.kafka.common.metrics.JmxReporter
2025-08-06 18:56:02,421 INFO  [org.apa.kaf.com.met.Metrics] (main) Closing reporter org.apache.kafka.common.telemetry.internals.ClientTelemetryReporter
2025-08-06 18:56:02,421 INFO  [org.apa.kaf.com.met.Metrics] (main) Metrics reporters closed
2025-08-06 18:56:02,421 INFO  [org.apa.kaf.com.uti.AppInfoParser] (main) App info kafka.producer for Producer-topic-520bda25_b9aa_45b8_ba2b_44cb8571628e unregistered
2025-08-06 18:56:02,579 INFO  [io.api.tes.ser.con.BasicConfluentSerDesIT] (main) Deleting confluent schema topic-520bda25_b9aa_45b8_ba2b_44cb8571628e-sd5542152x3329x432dx82e1xcc91a6fdf1df
2025-08-06 18:56:02,661 INFO  [io.api.tes.uti.TestSeparator] (main) io.apicurio.tests.serdes.confluent.BasicConfluentSerDesIT.testEvolveAvroConfluent-FINISHED
2025-08-06 18:56:02,661 INFO  [io.api.tes.uti.TestSeparator] (main) ############################################################################
Test passed: testEvolveAvroConfluent
]]></system-out>
  </testcase>
  <testcase name="testAvroConfluentSerDes" classname="io.apicurio.tests.serdes.confluent.BasicConfluentSerDesIT" time="4.217">
    <system-out><![CDATA[2025-08-06 18:56:02,663 INFO  [io.api.tes.uti.TestSeparator] (main) ############################################################################
2025-08-06 18:56:02,663 INFO  [io.api.tes.uti.TestSeparator] (main) io.apicurio.tests.serdes.confluent.BasicConfluentSerDesIT.testAvroConfluentSerDes-STARTED
2025-08-06 18:56:02,841 INFO  [io.api.tes.ser.con.BasicConfluentSerDesIT] (main) Checking that created schema is equal to the get schema
2025-08-06 18:56:02,923 INFO  [io.api.tes.ser.con.BasicConfluentSerDesIT] (main) Created schema with id:44 and name:myrecordconfluent1
**** Registry Base URL: http://registry-app-pg17.apps.ci419.apicurio-testing.org:80
2025-08-06 18:56:02,924 INFO  [org.apa.kaf.cli.pro.ProducerConfig] (main) ProducerConfig values: 
	acks = -1
	auto.include.jmx.reporter = true
	batch.size = 16384
	bootstrap.servers = [PLAINTEXT://localhost:32769]
	buffer.memory = 33554432
	client.dns.lookup = use_all_dns_ips
	client.id = Producer-topic-041c9115_9ed9_4d0d_b6c4_e722b308f8e3
	compression.gzip.level = -1
	compression.lz4.level = 9
	compression.type = none
	compression.zstd.level = 3
	connections.max.idle.ms = 10000
	delivery.timeout.ms = 120000
	enable.idempotence = true
	enable.metrics.push = true
	interceptor.classes = []
	key.serializer = class org.apache.kafka.common.serialization.StringSerializer
	linger.ms = 0
	max.block.ms = 60000
	max.in.flight.requests.per.connection = 5
	max.request.size = 1048576
	metadata.max.age.ms = 300000
	metadata.max.idle.ms = 300000
	metadata.recovery.strategy = none
	metric.reporters = []
	metrics.num.samples = 2
	metrics.recording.level = INFO
	metrics.sample.window.ms = 30000
	partitioner.adaptive.partitioning.enable = true
	partitioner.availability.timeout.ms = 0
	partitioner.class = null
	partitioner.ignore.keys = false
	receive.buffer.bytes = 32768
	reconnect.backoff.max.ms = 1000
	reconnect.backoff.ms = 50
	request.timeout.ms = 5000
	retries = 2147483647
	retry.backoff.max.ms = 1000
	retry.backoff.ms = 100
	sasl.client.callback.handler.class = null
	sasl.jaas.config = null
	sasl.kerberos.kinit.cmd = /usr/bin/kinit
	sasl.kerberos.min.time.before.relogin = 60000
	sasl.kerberos.service.name = null
	sasl.kerberos.ticket.renew.jitter = 0.05
	sasl.kerberos.ticket.renew.window.factor = 0.8
	sasl.login.callback.handler.class = null
	sasl.login.class = null
	sasl.login.connect.timeout.ms = null
	sasl.login.read.timeout.ms = null
	sasl.login.refresh.buffer.seconds = 300
	sasl.login.refresh.min.period.seconds = 60
	sasl.login.refresh.window.factor = 0.8
	sasl.login.refresh.window.jitter = 0.05
	sasl.login.retry.backoff.max.ms = 10000
	sasl.login.retry.backoff.ms = 100
	sasl.mechanism = GSSAPI
	sasl.oauthbearer.clock.skew.seconds = 30
	sasl.oauthbearer.expected.audience = null
	sasl.oauthbearer.expected.issuer = null
	sasl.oauthbearer.header.urlencode = false
	sasl.oauthbearer.jwks.endpoint.refresh.ms = 3600000
	sasl.oauthbearer.jwks.endpoint.retry.backoff.max.ms = 10000
	sasl.oauthbearer.jwks.endpoint.retry.backoff.ms = 100
	sasl.oauthbearer.jwks.endpoint.url = null
	sasl.oauthbearer.scope.claim.name = scope
	sasl.oauthbearer.sub.claim.name = sub
	sasl.oauthbearer.token.endpoint.url = null
	security.protocol = PLAINTEXT
	security.providers = null
	send.buffer.bytes = 131072
	socket.connection.setup.timeout.max.ms = 30000
	socket.connection.setup.timeout.ms = 10000
	ssl.cipher.suites = null
	ssl.enabled.protocols = [TLSv1.2, TLSv1.3]
	ssl.endpoint.identification.algorithm = https
	ssl.engine.factory.class = null
	ssl.key.password = null
	ssl.keymanager.algorithm = SunX509
	ssl.keystore.certificate.chain = null
	ssl.keystore.key = null
	ssl.keystore.location = null
	ssl.keystore.password = null
	ssl.keystore.type = JKS
	ssl.protocol = TLSv1.3
	ssl.provider = null
	ssl.secure.random.implementation = null
	ssl.trustmanager.algorithm = PKIX
	ssl.truststore.certificates = null
	ssl.truststore.location = null
	ssl.truststore.password = null
	ssl.truststore.type = JKS
	transaction.timeout.ms = 60000
	transactional.id = null
	value.serializer = class io.confluent.kafka.serializers.KafkaAvroSerializer

2025-08-06 18:56:02,924 INFO  [org.apa.kaf.com.tel.int.KafkaMetricsCollector] (main) initializing Kafka metrics collector
2025-08-06 18:56:02,924 INFO  [io.con.kaf.ser.KafkaAvroSerializerConfig] (main) KafkaAvroSerializerConfig values: 
	auto.register.schemas = false
	avro.reflection.allow.null = false
	avro.remove.java.properties = false
	avro.use.logical.type.converters = false
	basic.auth.credentials.source = URL
	basic.auth.user.info = [hidden]
	bearer.auth.cache.expiry.buffer.seconds = 300
	bearer.auth.client.id = null
	bearer.auth.client.secret = null
	bearer.auth.credentials.source = STATIC_TOKEN
	bearer.auth.custom.provider.class = null
	bearer.auth.identity.pool.id = null
	bearer.auth.issuer.endpoint.url = null
	bearer.auth.logical.cluster = null
	bearer.auth.scope = null
	bearer.auth.scope.claim.name = scope
	bearer.auth.sub.claim.name = sub
	bearer.auth.token = [hidden]
	context.name.strategy = class io.confluent.kafka.serializers.context.NullContextNameStrategy
	http.connect.timeout.ms = 60000
	http.read.timeout.ms = 60000
	id.compatibility.strict = true
	key.schema.id.deserializer = class io.confluent.kafka.serializers.schema.id.DualSchemaIdDeserializer
	key.schema.id.serializer = class io.confluent.kafka.serializers.schema.id.PrefixSchemaIdSerializer
	key.subject.name.strategy = class io.confluent.kafka.serializers.subject.TopicNameStrategy
	latest.cache.size = 1000
	latest.cache.ttl.sec = -1
	latest.compatibility.strict = true
	max.retries = 3
	max.schemas.per.subject = 1000
	normalize.schemas = false
	propagate.schema.tags = false
	proxy.host = 
	proxy.port = -1
	retries.max.wait.ms = 20000
	retries.wait.ms = 1000
	rule.actions = []
	rule.executors = []
	rule.service.loader.enable = true
	schema.format = null
	schema.reflection = false
	schema.registry.basic.auth.user.info = [hidden]
	schema.registry.ssl.cipher.suites = null
	schema.registry.ssl.enabled.protocols = [TLSv1.2, TLSv1.3]
	schema.registry.ssl.endpoint.identification.algorithm = https
	schema.registry.ssl.engine.factory.class = null
	schema.registry.ssl.key.password = null
	schema.registry.ssl.keymanager.algorithm = SunX509
	schema.registry.ssl.keystore.certificate.chain = null
	schema.registry.ssl.keystore.key = null
	schema.registry.ssl.keystore.location = null
	schema.registry.ssl.keystore.password = null
	schema.registry.ssl.keystore.type = JKS
	schema.registry.ssl.protocol = TLSv1.3
	schema.registry.ssl.provider = null
	schema.registry.ssl.secure.random.implementation = null
	schema.registry.ssl.trustmanager.algorithm = PKIX
	schema.registry.ssl.truststore.certificates = null
	schema.registry.ssl.truststore.location = null
	schema.registry.ssl.truststore.password = null
	schema.registry.ssl.truststore.type = JKS
	schema.registry.url = [http://registry-app-pg17.apps.ci419.apicurio-testing.org:80/apis/ccompat/v7]
	schema.registry.url.randomize = false
	use.latest.version = false
	use.latest.with.metadata = null
	use.schema.id = -1
	value.schema.id.deserializer = class io.confluent.kafka.serializers.schema.id.DualSchemaIdDeserializer
	value.schema.id.serializer = class io.confluent.kafka.serializers.schema.id.PrefixSchemaIdSerializer
	value.subject.name.strategy = class io.confluent.kafka.serializers.subject.TopicNameStrategy

2025-08-06 18:56:02,926 INFO  [org.apa.kaf.cli.pro.KafkaProducer] (main) [Producer clientId=Producer-topic-041c9115_9ed9_4d0d_b6c4_e722b308f8e3] Instantiated an idempotent producer.
2025-08-06 18:56:02,927 INFO  [org.apa.kaf.cli.pro.ProducerConfig] (main) These configurations '[schema.registry.url, auto.register.schemas, value.subject.name.strategy]' were supplied but are not used yet.
2025-08-06 18:56:02,927 INFO  [org.apa.kaf.com.uti.AppInfoParser] (main) Kafka version: 3.9.1
2025-08-06 18:56:02,927 INFO  [org.apa.kaf.com.uti.AppInfoParser] (main) Kafka commitId: f745dfdcee2b9851
2025-08-06 18:56:02,927 INFO  [org.apa.kaf.com.uti.AppInfoParser] (main) Kafka startTimeMs: 1754506562927
2025-08-06 18:56:02,927 INFO  [io.api.tes.ser.api.SimpleSerdesTesterBuilder$SimpleSerdesTester] (main) Using producer configuration: {schema.registry.url=http://registry-app-pg17.apps.ci419.apicurio-testing.org:80/apis/ccompat/v7, value.serializer=io.confluent.kafka.serializers.KafkaAvroSerializer, request.timeout.ms=5000, auto.register.schemas=false, acks=all, bootstrap.servers=PLAINTEXT://localhost:32769, connections.max.idle.ms=10000, key.serializer=org.apache.kafka.common.serialization.StringSerializer, value.subject.name.strategy=io.confluent.kafka.serializers.subject.TopicNameStrategy, client.id=Producer-topic-041c9115_9ed9_4d0d_b6c4_e722b308f8e3}
2025-08-06 18:56:02,927 INFO  [io.api.tes.ser.api.SimpleSerdesTesterBuilder$SimpleSerdesTester] (main) Using consumer configuration: {}
2025-08-06 18:56:02,928 INFO  [io.api.tes.ser.api.KafkaSerdesTester] (Thread-845) Sending message {"key1": "value-0"} to topic topic-041c9115_9ed9_4d0d_b6c4_e722b308f8e3
2025-08-06 18:56:02,931 INFO  [org.apa.kaf.cli.Metadata] (kafka-producer-network-thread | Producer-topic-041c9115_9ed9_4d0d_b6c4_e722b308f8e3) [Producer clientId=Producer-topic-041c9115_9ed9_4d0d_b6c4_e722b308f8e3] Cluster ID: igMICRUWSZmdRuxlP-JQ6A
2025-08-06 18:56:02,932 INFO  [org.apa.kaf.cli.pro.int.TransactionManager] (kafka-producer-network-thread | Producer-topic-041c9115_9ed9_4d0d_b6c4_e722b308f8e3) [Producer clientId=Producer-topic-041c9115_9ed9_4d0d_b6c4_e722b308f8e3] ProducerId set to 45 with epoch 0
2025-08-06 18:56:03,017 INFO  [io.api.tes.ser.api.KafkaSerdesTester] (Thread-845) Sending message {"key1": "value-1"} to topic topic-041c9115_9ed9_4d0d_b6c4_e722b308f8e3
2025-08-06 18:56:03,018 INFO  [io.api.tes.ser.api.KafkaSerdesTester] (Thread-845) Sending message {"key1": "value-2"} to topic topic-041c9115_9ed9_4d0d_b6c4_e722b308f8e3
2025-08-06 18:56:03,018 INFO  [io.api.tes.ser.api.KafkaSerdesTester] (Thread-845) Sending message {"key1": "value-3"} to topic topic-041c9115_9ed9_4d0d_b6c4_e722b308f8e3
2025-08-06 18:56:03,019 INFO  [io.api.tes.ser.api.KafkaSerdesTester] (Thread-845) Sending message {"key1": "value-4"} to topic topic-041c9115_9ed9_4d0d_b6c4_e722b308f8e3
2025-08-06 18:56:03,020 INFO  [io.api.tes.ser.api.KafkaSerdesTester] (Thread-845) Sending message {"key1": "value-5"} to topic topic-041c9115_9ed9_4d0d_b6c4_e722b308f8e3
2025-08-06 18:56:03,021 INFO  [io.api.tes.ser.api.KafkaSerdesTester] (Thread-845) Sending message {"key1": "value-6"} to topic topic-041c9115_9ed9_4d0d_b6c4_e722b308f8e3
2025-08-06 18:56:03,022 INFO  [io.api.tes.ser.api.KafkaSerdesTester] (Thread-845) Sending message {"key1": "value-7"} to topic topic-041c9115_9ed9_4d0d_b6c4_e722b308f8e3
2025-08-06 18:56:03,023 INFO  [io.api.tes.ser.api.KafkaSerdesTester] (Thread-845) Sending message {"key1": "value-8"} to topic topic-041c9115_9ed9_4d0d_b6c4_e722b308f8e3
2025-08-06 18:56:03,024 INFO  [io.api.tes.ser.api.KafkaSerdesTester] (Thread-845) Sending message {"key1": "value-9"} to topic topic-041c9115_9ed9_4d0d_b6c4_e722b308f8e3
2025-08-06 18:56:03,025 INFO  [io.api.tes.ser.api.KafkaSerdesTester] (Thread-845) Produced 10 messages
2025-08-06 18:56:03,025 INFO  [org.apa.kaf.cli.pro.KafkaProducer] (Thread-845) [Producer clientId=Producer-topic-041c9115_9ed9_4d0d_b6c4_e722b308f8e3] Closing the Kafka producer with timeoutMillis = 9223372036854775807 ms.
2025-08-06 18:56:03,027 INFO  [org.apa.kaf.com.met.Metrics] (Thread-845) Metrics scheduler closed
2025-08-06 18:56:03,027 INFO  [org.apa.kaf.com.met.Metrics] (Thread-845) Closing reporter org.apache.kafka.common.metrics.JmxReporter
2025-08-06 18:56:03,027 INFO  [org.apa.kaf.com.met.Metrics] (Thread-845) Closing reporter org.apache.kafka.common.telemetry.internals.ClientTelemetryReporter
2025-08-06 18:56:03,027 INFO  [org.apa.kaf.com.met.Metrics] (Thread-845) Metrics reporters closed
2025-08-06 18:56:03,027 INFO  [org.apa.kaf.com.uti.AppInfoParser] (Thread-845) App info kafka.producer for Producer-topic-041c9115_9ed9_4d0d_b6c4_e722b308f8e3 unregistered
**** Registry Base URL: http://registry-app-pg17.apps.ci419.apicurio-testing.org:80
2025-08-06 18:56:03,027 INFO  [org.apa.kaf.cli.con.ConsumerConfig] (main) ConsumerConfig values: 
	allow.auto.create.topics = true
	auto.commit.interval.ms = 500
	auto.include.jmx.reporter = true
	auto.offset.reset = earliest
	bootstrap.servers = [PLAINTEXT://localhost:32769]
	check.crcs = true
	client.dns.lookup = use_all_dns_ips
	client.id = consumer-Consumer-topic-041c9115_9ed9_4d0d_b6c4_e722b308f8e3-33
	client.rack = 
	connections.max.idle.ms = 10000
	default.api.timeout.ms = 60000
	enable.auto.commit = true
	enable.metrics.push = true
	exclude.internal.topics = true
	fetch.max.bytes = 52428800
	fetch.max.wait.ms = 500
	fetch.min.bytes = 1
	group.id = Consumer-topic-041c9115_9ed9_4d0d_b6c4_e722b308f8e3
	group.instance.id = null
	group.protocol = classic
	group.remote.assignor = null
	heartbeat.interval.ms = 3000
	interceptor.classes = []
	internal.leave.group.on.close = true
	internal.throw.on.fetch.stable.offset.unsupported = false
	isolation.level = read_uncommitted
	key.deserializer = class org.apache.kafka.common.serialization.StringDeserializer
	max.partition.fetch.bytes = 1048576
	max.poll.interval.ms = 300000
	max.poll.records = 500
	metadata.max.age.ms = 300000
	metadata.recovery.strategy = none
	metric.reporters = []
	metrics.num.samples = 2
	metrics.recording.level = INFO
	metrics.sample.window.ms = 30000
	partition.assignment.strategy = [class org.apache.kafka.clients.consumer.RangeAssignor, class org.apache.kafka.clients.consumer.CooperativeStickyAssignor]
	receive.buffer.bytes = 65536
	reconnect.backoff.max.ms = 1000
	reconnect.backoff.ms = 50
	request.timeout.ms = 5000
	retry.backoff.max.ms = 1000
	retry.backoff.ms = 100
	sasl.client.callback.handler.class = null
	sasl.jaas.config = null
	sasl.kerberos.kinit.cmd = /usr/bin/kinit
	sasl.kerberos.min.time.before.relogin = 60000
	sasl.kerberos.service.name = null
	sasl.kerberos.ticket.renew.jitter = 0.05
	sasl.kerberos.ticket.renew.window.factor = 0.8
	sasl.login.callback.handler.class = null
	sasl.login.class = null
	sasl.login.connect.timeout.ms = null
	sasl.login.read.timeout.ms = null
	sasl.login.refresh.buffer.seconds = 300
	sasl.login.refresh.min.period.seconds = 60
	sasl.login.refresh.window.factor = 0.8
	sasl.login.refresh.window.jitter = 0.05
	sasl.login.retry.backoff.max.ms = 10000
	sasl.login.retry.backoff.ms = 100
	sasl.mechanism = GSSAPI
	sasl.oauthbearer.clock.skew.seconds = 30
	sasl.oauthbearer.expected.audience = null
	sasl.oauthbearer.expected.issuer = null
	sasl.oauthbearer.header.urlencode = false
	sasl.oauthbearer.jwks.endpoint.refresh.ms = 3600000
	sasl.oauthbearer.jwks.endpoint.retry.backoff.max.ms = 10000
	sasl.oauthbearer.jwks.endpoint.retry.backoff.ms = 100
	sasl.oauthbearer.jwks.endpoint.url = null
	sasl.oauthbearer.scope.claim.name = scope
	sasl.oauthbearer.sub.claim.name = sub
	sasl.oauthbearer.token.endpoint.url = null
	security.protocol = PLAINTEXT
	security.providers = null
	send.buffer.bytes = 131072
	session.timeout.ms = 45000
	socket.connection.setup.timeout.max.ms = 30000
	socket.connection.setup.timeout.ms = 10000
	ssl.cipher.suites = null
	ssl.enabled.protocols = [TLSv1.2, TLSv1.3]
	ssl.endpoint.identification.algorithm = https
	ssl.engine.factory.class = null
	ssl.key.password = null
	ssl.keymanager.algorithm = SunX509
	ssl.keystore.certificate.chain = null
	ssl.keystore.key = null
	ssl.keystore.location = null
	ssl.keystore.password = null
	ssl.keystore.type = JKS
	ssl.protocol = TLSv1.3
	ssl.provider = null
	ssl.secure.random.implementation = null
	ssl.trustmanager.algorithm = PKIX
	ssl.truststore.certificates = null
	ssl.truststore.location = null
	ssl.truststore.password = null
	ssl.truststore.type = JKS
	value.deserializer = class io.confluent.kafka.serializers.KafkaAvroDeserializer

2025-08-06 18:56:03,027 INFO  [org.apa.kaf.com.tel.int.KafkaMetricsCollector] (main) initializing Kafka metrics collector
2025-08-06 18:56:03,028 INFO  [io.con.kaf.ser.KafkaAvroDeserializerConfig] (main) KafkaAvroDeserializerConfig values: 
	auto.register.schemas = true
	avro.reflection.allow.null = false
	avro.use.logical.type.converters = false
	basic.auth.credentials.source = URL
	basic.auth.user.info = [hidden]
	bearer.auth.cache.expiry.buffer.seconds = 300
	bearer.auth.client.id = null
	bearer.auth.client.secret = null
	bearer.auth.credentials.source = STATIC_TOKEN
	bearer.auth.custom.provider.class = null
	bearer.auth.identity.pool.id = null
	bearer.auth.issuer.endpoint.url = null
	bearer.auth.logical.cluster = null
	bearer.auth.scope = null
	bearer.auth.scope.claim.name = scope
	bearer.auth.sub.claim.name = sub
	bearer.auth.token = [hidden]
	context.name.strategy = class io.confluent.kafka.serializers.context.NullContextNameStrategy
	http.connect.timeout.ms = 60000
	http.read.timeout.ms = 60000
	id.compatibility.strict = true
	key.schema.id.deserializer = class io.confluent.kafka.serializers.schema.id.DualSchemaIdDeserializer
	key.schema.id.serializer = class io.confluent.kafka.serializers.schema.id.PrefixSchemaIdSerializer
	key.subject.name.strategy = class io.confluent.kafka.serializers.subject.TopicNameStrategy
	latest.cache.size = 1000
	latest.cache.ttl.sec = -1
	latest.compatibility.strict = true
	max.retries = 3
	max.schemas.per.subject = 1000
	normalize.schemas = false
	propagate.schema.tags = false
	proxy.host = 
	proxy.port = -1
	retries.max.wait.ms = 20000
	retries.wait.ms = 1000
	rule.actions = []
	rule.executors = []
	rule.service.loader.enable = true
	schema.format = null
	schema.reflection = false
	schema.registry.basic.auth.user.info = [hidden]
	schema.registry.ssl.cipher.suites = null
	schema.registry.ssl.enabled.protocols = [TLSv1.2, TLSv1.3]
	schema.registry.ssl.endpoint.identification.algorithm = https
	schema.registry.ssl.engine.factory.class = null
	schema.registry.ssl.key.password = null
	schema.registry.ssl.keymanager.algorithm = SunX509
	schema.registry.ssl.keystore.certificate.chain = null
	schema.registry.ssl.keystore.key = null
	schema.registry.ssl.keystore.location = null
	schema.registry.ssl.keystore.password = null
	schema.registry.ssl.keystore.type = JKS
	schema.registry.ssl.protocol = TLSv1.3
	schema.registry.ssl.provider = null
	schema.registry.ssl.secure.random.implementation = null
	schema.registry.ssl.trustmanager.algorithm = PKIX
	schema.registry.ssl.truststore.certificates = null
	schema.registry.ssl.truststore.location = null
	schema.registry.ssl.truststore.password = null
	schema.registry.ssl.truststore.type = JKS
	schema.registry.url = [http://registry-app-pg17.apps.ci419.apicurio-testing.org:80/apis/ccompat/v7]
	schema.registry.url.randomize = false
	specific.avro.key.type = null
	specific.avro.reader = false
	specific.avro.value.type = null
	use.latest.version = false
	use.latest.with.metadata = null
	use.schema.id = -1
	value.schema.id.deserializer = class io.confluent.kafka.serializers.schema.id.DualSchemaIdDeserializer
	value.schema.id.serializer = class io.confluent.kafka.serializers.schema.id.PrefixSchemaIdSerializer
	value.subject.name.strategy = class io.confluent.kafka.serializers.subject.TopicNameStrategy

2025-08-06 18:56:03,032 INFO  [org.apa.kaf.cli.con.ConsumerConfig] (main) These configurations '[schema.registry.url]' were supplied but are not used yet.
2025-08-06 18:56:03,032 INFO  [org.apa.kaf.com.uti.AppInfoParser] (main) Kafka version: 3.9.1
2025-08-06 18:56:03,032 INFO  [org.apa.kaf.com.uti.AppInfoParser] (main) Kafka commitId: f745dfdcee2b9851
2025-08-06 18:56:03,032 INFO  [org.apa.kaf.com.uti.AppInfoParser] (main) Kafka startTimeMs: 1754506563032
2025-08-06 18:56:03,032 INFO  [org.apa.kaf.cli.con.int.ClassicKafkaConsumer] (Thread-846) [Consumer clientId=consumer-Consumer-topic-041c9115_9ed9_4d0d_b6c4_e722b308f8e3-33, groupId=Consumer-topic-041c9115_9ed9_4d0d_b6c4_e722b308f8e3] Subscribed to topic(s): topic-041c9115_9ed9_4d0d_b6c4_e722b308f8e3
2025-08-06 18:56:03,035 INFO  [org.apa.kaf.cli.Metadata] (Thread-846) [Consumer clientId=consumer-Consumer-topic-041c9115_9ed9_4d0d_b6c4_e722b308f8e3-33, groupId=Consumer-topic-041c9115_9ed9_4d0d_b6c4_e722b308f8e3] Cluster ID: igMICRUWSZmdRuxlP-JQ6A
2025-08-06 18:56:03,035 INFO  [org.apa.kaf.cli.con.int.ConsumerCoordinator] (Thread-846) [Consumer clientId=consumer-Consumer-topic-041c9115_9ed9_4d0d_b6c4_e722b308f8e3-33, groupId=Consumer-topic-041c9115_9ed9_4d0d_b6c4_e722b308f8e3] Discovered group coordinator localhost:32769 (id: 2147483647 rack: null)
2025-08-06 18:56:03,036 INFO  [org.apa.kaf.cli.con.int.ConsumerCoordinator] (Thread-846) [Consumer clientId=consumer-Consumer-topic-041c9115_9ed9_4d0d_b6c4_e722b308f8e3-33, groupId=Consumer-topic-041c9115_9ed9_4d0d_b6c4_e722b308f8e3] (Re-)joining group
2025-08-06 18:56:03,039 INFO  [org.apa.kaf.cli.con.int.ConsumerCoordinator] (Thread-846) [Consumer clientId=consumer-Consumer-topic-041c9115_9ed9_4d0d_b6c4_e722b308f8e3-33, groupId=Consumer-topic-041c9115_9ed9_4d0d_b6c4_e722b308f8e3] Request joining group due to: need to re-join with the given member-id: consumer-Consumer-topic-041c9115_9ed9_4d0d_b6c4_e722b308f8e3-33-25426409-5f4b-4a70-a737-978655f1d592
2025-08-06 18:56:03,039 INFO  [org.apa.kaf.cli.con.int.ConsumerCoordinator] (Thread-846) [Consumer clientId=consumer-Consumer-topic-041c9115_9ed9_4d0d_b6c4_e722b308f8e3-33, groupId=Consumer-topic-041c9115_9ed9_4d0d_b6c4_e722b308f8e3] (Re-)joining group
2025-08-06 18:56:04,032 INFO  [io.api.tes.ser.api.KafkaSerdesTester] (Thread-846) None found
2025-08-06 18:56:05,032 INFO  [io.api.tes.ser.api.KafkaSerdesTester] (Thread-846) None found
2025-08-06 18:56:06,032 INFO  [io.api.tes.ser.api.KafkaSerdesTester] (Thread-846) None found
2025-08-06 18:56:06,042 INFO  [org.apa.kaf.cli.con.int.ConsumerCoordinator] (Thread-846) [Consumer clientId=consumer-Consumer-topic-041c9115_9ed9_4d0d_b6c4_e722b308f8e3-33, groupId=Consumer-topic-041c9115_9ed9_4d0d_b6c4_e722b308f8e3] Successfully joined group with generation Generation{generationId=1, memberId='consumer-Consumer-topic-041c9115_9ed9_4d0d_b6c4_e722b308f8e3-33-25426409-5f4b-4a70-a737-978655f1d592', protocol='range'}
2025-08-06 18:56:06,042 INFO  [org.apa.kaf.cli.con.int.ConsumerCoordinator] (Thread-846) [Consumer clientId=consumer-Consumer-topic-041c9115_9ed9_4d0d_b6c4_e722b308f8e3-33, groupId=Consumer-topic-041c9115_9ed9_4d0d_b6c4_e722b308f8e3] Finished assignment for group at generation 1: {consumer-Consumer-topic-041c9115_9ed9_4d0d_b6c4_e722b308f8e3-33-25426409-5f4b-4a70-a737-978655f1d592=Assignment(partitions=[topic-041c9115_9ed9_4d0d_b6c4_e722b308f8e3-0])}
2025-08-06 18:56:06,049 INFO  [org.apa.kaf.cli.con.int.ConsumerCoordinator] (Thread-846) [Consumer clientId=consumer-Consumer-topic-041c9115_9ed9_4d0d_b6c4_e722b308f8e3-33, groupId=Consumer-topic-041c9115_9ed9_4d0d_b6c4_e722b308f8e3] Successfully synced group in generation Generation{generationId=1, memberId='consumer-Consumer-topic-041c9115_9ed9_4d0d_b6c4_e722b308f8e3-33-25426409-5f4b-4a70-a737-978655f1d592', protocol='range'}
2025-08-06 18:56:06,049 INFO  [org.apa.kaf.cli.con.int.ConsumerCoordinator] (Thread-846) [Consumer clientId=consumer-Consumer-topic-041c9115_9ed9_4d0d_b6c4_e722b308f8e3-33, groupId=Consumer-topic-041c9115_9ed9_4d0d_b6c4_e722b308f8e3] Notifying assignor about the new Assignment(partitions=[topic-041c9115_9ed9_4d0d_b6c4_e722b308f8e3-0])
2025-08-06 18:56:06,049 INFO  [org.apa.kaf.cli.con.int.ConsumerRebalanceListenerInvoker] (Thread-846) [Consumer clientId=consumer-Consumer-topic-041c9115_9ed9_4d0d_b6c4_e722b308f8e3-33, groupId=Consumer-topic-041c9115_9ed9_4d0d_b6c4_e722b308f8e3] Adding newly assigned partitions: topic-041c9115_9ed9_4d0d_b6c4_e722b308f8e3-0
2025-08-06 18:56:06,050 INFO  [org.apa.kaf.cli.con.int.ConsumerCoordinator] (Thread-846) [Consumer clientId=consumer-Consumer-topic-041c9115_9ed9_4d0d_b6c4_e722b308f8e3-33, groupId=Consumer-topic-041c9115_9ed9_4d0d_b6c4_e722b308f8e3] Found no committed offset for partition topic-041c9115_9ed9_4d0d_b6c4_e722b308f8e3-0
2025-08-06 18:56:06,053 INFO  [org.apa.kaf.cli.con.int.SubscriptionState] (Thread-846) [Consumer clientId=consumer-Consumer-topic-041c9115_9ed9_4d0d_b6c4_e722b308f8e3-33, groupId=Consumer-topic-041c9115_9ed9_4d0d_b6c4_e722b308f8e3] Resetting offset for partition topic-041c9115_9ed9_4d0d_b6c4_e722b308f8e3-0 to position FetchPosition{offset=0, offsetEpoch=Optional.empty, currentLeader=LeaderAndEpoch{leader=Optional[localhost:32769 (id: 0 rack: null)], epoch=0}}.
2025-08-06 18:56:06,135 INFO  [io.api.tes.ser.api.KafkaSerdesTester] (Thread-846) topic-041c9115_9ed9_4d0d_b6c4_e722b308f8e3 0 0 {"key1": "value-0"}
2025-08-06 18:56:06,135 INFO  [io.api.tes.ser.api.KafkaSerdesTester] (Thread-846) topic-041c9115_9ed9_4d0d_b6c4_e722b308f8e3 0 1 {"key1": "value-1"}
2025-08-06 18:56:06,135 INFO  [io.api.tes.ser.api.KafkaSerdesTester] (Thread-846) topic-041c9115_9ed9_4d0d_b6c4_e722b308f8e3 0 2 {"key1": "value-2"}
2025-08-06 18:56:06,135 INFO  [io.api.tes.ser.api.KafkaSerdesTester] (Thread-846) topic-041c9115_9ed9_4d0d_b6c4_e722b308f8e3 0 3 {"key1": "value-3"}
2025-08-06 18:56:06,135 INFO  [io.api.tes.ser.api.KafkaSerdesTester] (Thread-846) topic-041c9115_9ed9_4d0d_b6c4_e722b308f8e3 0 4 {"key1": "value-4"}
2025-08-06 18:56:06,135 INFO  [io.api.tes.ser.api.KafkaSerdesTester] (Thread-846) topic-041c9115_9ed9_4d0d_b6c4_e722b308f8e3 0 5 {"key1": "value-5"}
2025-08-06 18:56:06,135 INFO  [io.api.tes.ser.api.KafkaSerdesTester] (Thread-846) topic-041c9115_9ed9_4d0d_b6c4_e722b308f8e3 0 6 {"key1": "value-6"}
2025-08-06 18:56:06,135 INFO  [io.api.tes.ser.api.KafkaSerdesTester] (Thread-846) topic-041c9115_9ed9_4d0d_b6c4_e722b308f8e3 0 7 {"key1": "value-7"}
2025-08-06 18:56:06,135 INFO  [io.api.tes.ser.api.KafkaSerdesTester] (Thread-846) topic-041c9115_9ed9_4d0d_b6c4_e722b308f8e3 0 8 {"key1": "value-8"}
2025-08-06 18:56:06,136 INFO  [io.api.tes.ser.api.KafkaSerdesTester] (Thread-846) topic-041c9115_9ed9_4d0d_b6c4_e722b308f8e3 0 9 {"key1": "value-9"}
2025-08-06 18:56:06,136 INFO  [io.api.tes.ser.api.KafkaSerdesTester] (Thread-846) Consumed 10 messages
2025-08-06 18:56:06,143 INFO  [org.apa.kaf.cli.con.int.ConsumerRebalanceListenerInvoker] (Thread-846) [Consumer clientId=consumer-Consumer-topic-041c9115_9ed9_4d0d_b6c4_e722b308f8e3-33, groupId=Consumer-topic-041c9115_9ed9_4d0d_b6c4_e722b308f8e3] Revoke previously assigned partitions topic-041c9115_9ed9_4d0d_b6c4_e722b308f8e3-0
2025-08-06 18:56:06,143 INFO  [org.apa.kaf.cli.con.int.ConsumerCoordinator] (Thread-846) [Consumer clientId=consumer-Consumer-topic-041c9115_9ed9_4d0d_b6c4_e722b308f8e3-33, groupId=Consumer-topic-041c9115_9ed9_4d0d_b6c4_e722b308f8e3] Member consumer-Consumer-topic-041c9115_9ed9_4d0d_b6c4_e722b308f8e3-33-25426409-5f4b-4a70-a737-978655f1d592 sending LeaveGroup request to coordinator localhost:32769 (id: 2147483647 rack: null) due to the consumer is being closed
2025-08-06 18:56:06,143 INFO  [org.apa.kaf.cli.con.int.ConsumerCoordinator] (Thread-846) [Consumer clientId=consumer-Consumer-topic-041c9115_9ed9_4d0d_b6c4_e722b308f8e3-33, groupId=Consumer-topic-041c9115_9ed9_4d0d_b6c4_e722b308f8e3] Resetting generation and member id due to: consumer pro-actively leaving the group
2025-08-06 18:56:06,143 INFO  [org.apa.kaf.cli.con.int.ConsumerCoordinator] (Thread-846) [Consumer clientId=consumer-Consumer-topic-041c9115_9ed9_4d0d_b6c4_e722b308f8e3-33, groupId=Consumer-topic-041c9115_9ed9_4d0d_b6c4_e722b308f8e3] Request joining group due to: consumer pro-actively leaving the group
2025-08-06 18:56:06,637 INFO  [org.apa.kaf.com.met.Metrics] (Thread-846) Metrics scheduler closed
2025-08-06 18:56:06,637 INFO  [org.apa.kaf.com.met.Metrics] (Thread-846) Closing reporter org.apache.kafka.common.metrics.JmxReporter
2025-08-06 18:56:06,637 INFO  [org.apa.kaf.com.met.Metrics] (Thread-846) Closing reporter org.apache.kafka.common.telemetry.internals.ClientTelemetryReporter
2025-08-06 18:56:06,637 INFO  [org.apa.kaf.com.met.Metrics] (Thread-846) Metrics reporters closed
2025-08-06 18:56:06,639 INFO  [org.apa.kaf.com.uti.AppInfoParser] (Thread-846) App info kafka.consumer for consumer-Consumer-topic-041c9115_9ed9_4d0d_b6c4_e722b308f8e3-33 unregistered
2025-08-06 18:56:06,797 INFO  [io.api.tes.ser.con.BasicConfluentSerDesIT] (main) Deleting confluent schema topic-041c9115_9ed9_4d0d_b6c4_e722b308f8e3-value
2025-08-06 18:56:06,878 INFO  [io.api.tes.uti.TestSeparator] (main) io.apicurio.tests.serdes.confluent.BasicConfluentSerDesIT.testAvroConfluentSerDes-FINISHED
2025-08-06 18:56:06,878 INFO  [io.api.tes.uti.TestSeparator] (main) ############################################################################
Test passed: testAvroConfluentSerDes
]]></system-out>
  </testcase>
  <testcase name="testAvroConfluentForMultipleTopics" classname="io.apicurio.tests.serdes.confluent.BasicConfluentSerDesIT" time="12.64">
    <system-out><![CDATA[2025-08-06 18:56:06,880 INFO  [io.api.tes.uti.TestSeparator] (main) ############################################################################
2025-08-06 18:56:06,880 INFO  [io.api.tes.uti.TestSeparator] (main) io.apicurio.tests.serdes.confluent.BasicConfluentSerDesIT.testAvroConfluentForMultipleTopics-STARTED
2025-08-06 18:56:07,058 INFO  [io.api.tes.ser.con.BasicConfluentSerDesIT] (main) Checking that created schema is equal to the get schema
2025-08-06 18:56:07,138 INFO  [io.api.tes.ser.con.BasicConfluentSerDesIT] (main) Created schema with id:45 and name:myrecordconfluent6
**** Registry Base URL: http://registry-app-pg17.apps.ci419.apicurio-testing.org:80
2025-08-06 18:56:07,138 INFO  [org.apa.kaf.cli.pro.ProducerConfig] (main) ProducerConfig values: 
	acks = -1
	auto.include.jmx.reporter = true
	batch.size = 16384
	bootstrap.servers = [PLAINTEXT://localhost:32769]
	buffer.memory = 33554432
	client.dns.lookup = use_all_dns_ips
	client.id = Producer-topic-7de4cafb_281c_41d1_aa10_18ea7633c1a5
	compression.gzip.level = -1
	compression.lz4.level = 9
	compression.type = none
	compression.zstd.level = 3
	connections.max.idle.ms = 10000
	delivery.timeout.ms = 120000
	enable.idempotence = true
	enable.metrics.push = true
	interceptor.classes = []
	key.serializer = class org.apache.kafka.common.serialization.StringSerializer
	linger.ms = 0
	max.block.ms = 60000
	max.in.flight.requests.per.connection = 5
	max.request.size = 1048576
	metadata.max.age.ms = 300000
	metadata.max.idle.ms = 300000
	metadata.recovery.strategy = none
	metric.reporters = []
	metrics.num.samples = 2
	metrics.recording.level = INFO
	metrics.sample.window.ms = 30000
	partitioner.adaptive.partitioning.enable = true
	partitioner.availability.timeout.ms = 0
	partitioner.class = null
	partitioner.ignore.keys = false
	receive.buffer.bytes = 32768
	reconnect.backoff.max.ms = 1000
	reconnect.backoff.ms = 50
	request.timeout.ms = 5000
	retries = 2147483647
	retry.backoff.max.ms = 1000
	retry.backoff.ms = 100
	sasl.client.callback.handler.class = null
	sasl.jaas.config = null
	sasl.kerberos.kinit.cmd = /usr/bin/kinit
	sasl.kerberos.min.time.before.relogin = 60000
	sasl.kerberos.service.name = null
	sasl.kerberos.ticket.renew.jitter = 0.05
	sasl.kerberos.ticket.renew.window.factor = 0.8
	sasl.login.callback.handler.class = null
	sasl.login.class = null
	sasl.login.connect.timeout.ms = null
	sasl.login.read.timeout.ms = null
	sasl.login.refresh.buffer.seconds = 300
	sasl.login.refresh.min.period.seconds = 60
	sasl.login.refresh.window.factor = 0.8
	sasl.login.refresh.window.jitter = 0.05
	sasl.login.retry.backoff.max.ms = 10000
	sasl.login.retry.backoff.ms = 100
	sasl.mechanism = GSSAPI
	sasl.oauthbearer.clock.skew.seconds = 30
	sasl.oauthbearer.expected.audience = null
	sasl.oauthbearer.expected.issuer = null
	sasl.oauthbearer.header.urlencode = false
	sasl.oauthbearer.jwks.endpoint.refresh.ms = 3600000
	sasl.oauthbearer.jwks.endpoint.retry.backoff.max.ms = 10000
	sasl.oauthbearer.jwks.endpoint.retry.backoff.ms = 100
	sasl.oauthbearer.jwks.endpoint.url = null
	sasl.oauthbearer.scope.claim.name = scope
	sasl.oauthbearer.sub.claim.name = sub
	sasl.oauthbearer.token.endpoint.url = null
	security.protocol = PLAINTEXT
	security.providers = null
	send.buffer.bytes = 131072
	socket.connection.setup.timeout.max.ms = 30000
	socket.connection.setup.timeout.ms = 10000
	ssl.cipher.suites = null
	ssl.enabled.protocols = [TLSv1.2, TLSv1.3]
	ssl.endpoint.identification.algorithm = https
	ssl.engine.factory.class = null
	ssl.key.password = null
	ssl.keymanager.algorithm = SunX509
	ssl.keystore.certificate.chain = null
	ssl.keystore.key = null
	ssl.keystore.location = null
	ssl.keystore.password = null
	ssl.keystore.type = JKS
	ssl.protocol = TLSv1.3
	ssl.provider = null
	ssl.secure.random.implementation = null
	ssl.trustmanager.algorithm = PKIX
	ssl.truststore.certificates = null
	ssl.truststore.location = null
	ssl.truststore.password = null
	ssl.truststore.type = JKS
	transaction.timeout.ms = 60000
	transactional.id = null
	value.serializer = class io.apicurio.registry.serde.avro.AvroKafkaSerializer

2025-08-06 18:56:07,139 INFO  [org.apa.kaf.com.tel.int.KafkaMetricsCollector] (main) initializing Kafka metrics collector
2025-08-06 18:56:07,141 INFO  [org.apa.kaf.cli.pro.KafkaProducer] (main) [Producer clientId=Producer-topic-7de4cafb_281c_41d1_aa10_18ea7633c1a5] Instantiated an idempotent producer.
2025-08-06 18:56:07,142 INFO  [org.apa.kaf.cli.pro.ProducerConfig] (main) These configurations '[apicurio.registry.url, apicurio.registry.artifact-resolver-strategy]' were supplied but are not used yet.
2025-08-06 18:56:07,142 INFO  [org.apa.kaf.com.uti.AppInfoParser] (main) Kafka version: 3.9.1
2025-08-06 18:56:07,142 INFO  [org.apa.kaf.com.uti.AppInfoParser] (main) Kafka commitId: f745dfdcee2b9851
2025-08-06 18:56:07,142 INFO  [org.apa.kaf.com.uti.AppInfoParser] (main) Kafka startTimeMs: 1754506567142
**** Registry Base URL: http://registry-app-pg17.apps.ci419.apicurio-testing.org:80
2025-08-06 18:56:07,143 INFO  [org.apa.kaf.cli.pro.ProducerConfig] (main) ProducerConfig values: 
	acks = -1
	auto.include.jmx.reporter = true
	batch.size = 16384
	bootstrap.servers = [PLAINTEXT://localhost:32769]
	buffer.memory = 33554432
	client.dns.lookup = use_all_dns_ips
	client.id = Producer-topic-1e3d8f69_d045_4f9b_a9c5_074a22b0e87f
	compression.gzip.level = -1
	compression.lz4.level = 9
	compression.type = none
	compression.zstd.level = 3
	connections.max.idle.ms = 10000
	delivery.timeout.ms = 120000
	enable.idempotence = true
	enable.metrics.push = true
	interceptor.classes = []
	key.serializer = class org.apache.kafka.common.serialization.StringSerializer
	linger.ms = 0
	max.block.ms = 60000
	max.in.flight.requests.per.connection = 5
	max.request.size = 1048576
	metadata.max.age.ms = 300000
	metadata.max.idle.ms = 300000
	metadata.recovery.strategy = none
	metric.reporters = []
	metrics.num.samples = 2
	metrics.recording.level = INFO
	metrics.sample.window.ms = 30000
	partitioner.adaptive.partitioning.enable = true
	partitioner.availability.timeout.ms = 0
	partitioner.class = null
	partitioner.ignore.keys = false
	receive.buffer.bytes = 32768
	reconnect.backoff.max.ms = 1000
	reconnect.backoff.ms = 50
	request.timeout.ms = 5000
	retries = 2147483647
	retry.backoff.max.ms = 1000
	retry.backoff.ms = 100
	sasl.client.callback.handler.class = null
	sasl.jaas.config = null
	sasl.kerberos.kinit.cmd = /usr/bin/kinit
	sasl.kerberos.min.time.before.relogin = 60000
	sasl.kerberos.service.name = null
	sasl.kerberos.ticket.renew.jitter = 0.05
	sasl.kerberos.ticket.renew.window.factor = 0.8
	sasl.login.callback.handler.class = null
	sasl.login.class = null
	sasl.login.connect.timeout.ms = null
	sasl.login.read.timeout.ms = null
	sasl.login.refresh.buffer.seconds = 300
	sasl.login.refresh.min.period.seconds = 60
	sasl.login.refresh.window.factor = 0.8
	sasl.login.refresh.window.jitter = 0.05
	sasl.login.retry.backoff.max.ms = 10000
	sasl.login.retry.backoff.ms = 100
	sasl.mechanism = GSSAPI
	sasl.oauthbearer.clock.skew.seconds = 30
	sasl.oauthbearer.expected.audience = null
	sasl.oauthbearer.expected.issuer = null
	sasl.oauthbearer.header.urlencode = false
	sasl.oauthbearer.jwks.endpoint.refresh.ms = 3600000
	sasl.oauthbearer.jwks.endpoint.retry.backoff.max.ms = 10000
	sasl.oauthbearer.jwks.endpoint.retry.backoff.ms = 100
	sasl.oauthbearer.jwks.endpoint.url = null
	sasl.oauthbearer.scope.claim.name = scope
	sasl.oauthbearer.sub.claim.name = sub
	sasl.oauthbearer.token.endpoint.url = null
	security.protocol = PLAINTEXT
	security.providers = null
	send.buffer.bytes = 131072
	socket.connection.setup.timeout.max.ms = 30000
	socket.connection.setup.timeout.ms = 10000
	ssl.cipher.suites = null
	ssl.enabled.protocols = [TLSv1.2, TLSv1.3]
	ssl.endpoint.identification.algorithm = https
	ssl.engine.factory.class = null
	ssl.key.password = null
	ssl.keymanager.algorithm = SunX509
	ssl.keystore.certificate.chain = null
	ssl.keystore.key = null
	ssl.keystore.location = null
	ssl.keystore.password = null
	ssl.keystore.type = JKS
	ssl.protocol = TLSv1.3
	ssl.provider = null
	ssl.secure.random.implementation = null
	ssl.trustmanager.algorithm = PKIX
	ssl.truststore.certificates = null
	ssl.truststore.location = null
	ssl.truststore.password = null
	ssl.truststore.type = JKS
	transaction.timeout.ms = 60000
	transactional.id = null
	value.serializer = class io.apicurio.registry.serde.avro.AvroKafkaSerializer

2025-08-06 18:56:07,143 INFO  [org.apa.kaf.com.tel.int.KafkaMetricsCollector] (main) initializing Kafka metrics collector
2025-08-06 18:56:07,145 INFO  [org.apa.kaf.cli.pro.KafkaProducer] (main) [Producer clientId=Producer-topic-1e3d8f69_d045_4f9b_a9c5_074a22b0e87f] Instantiated an idempotent producer.
2025-08-06 18:56:07,146 INFO  [org.apa.kaf.cli.Metadata] (kafka-producer-network-thread | Producer-topic-7de4cafb_281c_41d1_aa10_18ea7633c1a5) [Producer clientId=Producer-topic-7de4cafb_281c_41d1_aa10_18ea7633c1a5] Cluster ID: igMICRUWSZmdRuxlP-JQ6A
2025-08-06 18:56:07,147 INFO  [org.apa.kaf.cli.pro.int.TransactionManager] (kafka-producer-network-thread | Producer-topic-7de4cafb_281c_41d1_aa10_18ea7633c1a5) [Producer clientId=Producer-topic-7de4cafb_281c_41d1_aa10_18ea7633c1a5] ProducerId set to 46 with epoch 0
2025-08-06 18:56:07,147 INFO  [org.apa.kaf.cli.pro.ProducerConfig] (main) These configurations '[apicurio.registry.url, apicurio.registry.artifact-resolver-strategy]' were supplied but are not used yet.
2025-08-06 18:56:07,147 INFO  [org.apa.kaf.com.uti.AppInfoParser] (main) Kafka version: 3.9.1
2025-08-06 18:56:07,147 INFO  [org.apa.kaf.com.uti.AppInfoParser] (main) Kafka commitId: f745dfdcee2b9851
2025-08-06 18:56:07,147 INFO  [org.apa.kaf.com.uti.AppInfoParser] (main) Kafka startTimeMs: 1754506567147
**** Registry Base URL: http://registry-app-pg17.apps.ci419.apicurio-testing.org:80
2025-08-06 18:56:07,148 INFO  [org.apa.kaf.cli.pro.ProducerConfig] (main) ProducerConfig values: 
	acks = -1
	auto.include.jmx.reporter = true
	batch.size = 16384
	bootstrap.servers = [PLAINTEXT://localhost:32769]
	buffer.memory = 33554432
	client.dns.lookup = use_all_dns_ips
	client.id = Producer-topic-2c08351c_04c6_4369_bd37_f642785554d8
	compression.gzip.level = -1
	compression.lz4.level = 9
	compression.type = none
	compression.zstd.level = 3
	connections.max.idle.ms = 10000
	delivery.timeout.ms = 120000
	enable.idempotence = true
	enable.metrics.push = true
	interceptor.classes = []
	key.serializer = class org.apache.kafka.common.serialization.StringSerializer
	linger.ms = 0
	max.block.ms = 60000
	max.in.flight.requests.per.connection = 5
	max.request.size = 1048576
	metadata.max.age.ms = 300000
	metadata.max.idle.ms = 300000
	metadata.recovery.strategy = none
	metric.reporters = []
	metrics.num.samples = 2
	metrics.recording.level = INFO
	metrics.sample.window.ms = 30000
	partitioner.adaptive.partitioning.enable = true
	partitioner.availability.timeout.ms = 0
	partitioner.class = null
	partitioner.ignore.keys = false
	receive.buffer.bytes = 32768
	reconnect.backoff.max.ms = 1000
	reconnect.backoff.ms = 50
	request.timeout.ms = 5000
	retries = 2147483647
	retry.backoff.max.ms = 1000
	retry.backoff.ms = 100
	sasl.client.callback.handler.class = null
	sasl.jaas.config = null
	sasl.kerberos.kinit.cmd = /usr/bin/kinit
	sasl.kerberos.min.time.before.relogin = 60000
	sasl.kerberos.service.name = null
	sasl.kerberos.ticket.renew.jitter = 0.05
	sasl.kerberos.ticket.renew.window.factor = 0.8
	sasl.login.callback.handler.class = null
	sasl.login.class = null
	sasl.login.connect.timeout.ms = null
	sasl.login.read.timeout.ms = null
	sasl.login.refresh.buffer.seconds = 300
	sasl.login.refresh.min.period.seconds = 60
	sasl.login.refresh.window.factor = 0.8
	sasl.login.refresh.window.jitter = 0.05
	sasl.login.retry.backoff.max.ms = 10000
	sasl.login.retry.backoff.ms = 100
	sasl.mechanism = GSSAPI
	sasl.oauthbearer.clock.skew.seconds = 30
	sasl.oauthbearer.expected.audience = null
	sasl.oauthbearer.expected.issuer = null
	sasl.oauthbearer.header.urlencode = false
	sasl.oauthbearer.jwks.endpoint.refresh.ms = 3600000
	sasl.oauthbearer.jwks.endpoint.retry.backoff.max.ms = 10000
	sasl.oauthbearer.jwks.endpoint.retry.backoff.ms = 100
	sasl.oauthbearer.jwks.endpoint.url = null
	sasl.oauthbearer.scope.claim.name = scope
	sasl.oauthbearer.sub.claim.name = sub
	sasl.oauthbearer.token.endpoint.url = null
	security.protocol = PLAINTEXT
	security.providers = null
	send.buffer.bytes = 131072
	socket.connection.setup.timeout.max.ms = 30000
	socket.connection.setup.timeout.ms = 10000
	ssl.cipher.suites = null
	ssl.enabled.protocols = [TLSv1.2, TLSv1.3]
	ssl.endpoint.identification.algorithm = https
	ssl.engine.factory.class = null
	ssl.key.password = null
	ssl.keymanager.algorithm = SunX509
	ssl.keystore.certificate.chain = null
	ssl.keystore.key = null
	ssl.keystore.location = null
	ssl.keystore.password = null
	ssl.keystore.type = JKS
	ssl.protocol = TLSv1.3
	ssl.provider = null
	ssl.secure.random.implementation = null
	ssl.trustmanager.algorithm = PKIX
	ssl.truststore.certificates = null
	ssl.truststore.location = null
	ssl.truststore.password = null
	ssl.truststore.type = JKS
	transaction.timeout.ms = 60000
	transactional.id = null
	value.serializer = class io.apicurio.registry.serde.avro.AvroKafkaSerializer

2025-08-06 18:56:07,149 INFO  [org.apa.kaf.com.tel.int.KafkaMetricsCollector] (main) initializing Kafka metrics collector
2025-08-06 18:56:07,149 INFO  [org.apa.kaf.cli.Metadata] (kafka-producer-network-thread | Producer-topic-1e3d8f69_d045_4f9b_a9c5_074a22b0e87f) [Producer clientId=Producer-topic-1e3d8f69_d045_4f9b_a9c5_074a22b0e87f] Cluster ID: igMICRUWSZmdRuxlP-JQ6A
2025-08-06 18:56:07,150 INFO  [org.apa.kaf.cli.pro.int.TransactionManager] (kafka-producer-network-thread | Producer-topic-1e3d8f69_d045_4f9b_a9c5_074a22b0e87f) [Producer clientId=Producer-topic-1e3d8f69_d045_4f9b_a9c5_074a22b0e87f] ProducerId set to 47 with epoch 0
2025-08-06 18:56:07,152 INFO  [org.apa.kaf.cli.pro.KafkaProducer] (main) [Producer clientId=Producer-topic-2c08351c_04c6_4369_bd37_f642785554d8] Instantiated an idempotent producer.
2025-08-06 18:56:07,154 INFO  [org.apa.kaf.cli.pro.ProducerConfig] (main) These configurations '[apicurio.registry.url, apicurio.registry.artifact-resolver-strategy]' were supplied but are not used yet.
2025-08-06 18:56:07,154 INFO  [org.apa.kaf.com.uti.AppInfoParser] (main) Kafka version: 3.9.1
2025-08-06 18:56:07,154 INFO  [org.apa.kaf.com.uti.AppInfoParser] (main) Kafka commitId: f745dfdcee2b9851
2025-08-06 18:56:07,154 INFO  [org.apa.kaf.com.uti.AppInfoParser] (main) Kafka startTimeMs: 1754506567154
**** Registry Base URL: http://registry-app-pg17.apps.ci419.apicurio-testing.org:80
2025-08-06 18:56:07,154 INFO  [org.apa.kaf.cli.con.ConsumerConfig] (main) ConsumerConfig values: 
	allow.auto.create.topics = true
	auto.commit.interval.ms = 500
	auto.include.jmx.reporter = true
	auto.offset.reset = earliest
	bootstrap.servers = [PLAINTEXT://localhost:32769]
	check.crcs = true
	client.dns.lookup = use_all_dns_ips
	client.id = consumer-Consumer-topic-7de4cafb_281c_41d1_aa10_18ea7633c1a5-34
	client.rack = 
	connections.max.idle.ms = 10000
	default.api.timeout.ms = 60000
	enable.auto.commit = true
	enable.metrics.push = true
	exclude.internal.topics = true
	fetch.max.bytes = 52428800
	fetch.max.wait.ms = 500
	fetch.min.bytes = 1
	group.id = Consumer-topic-7de4cafb_281c_41d1_aa10_18ea7633c1a5
	group.instance.id = null
	group.protocol = classic
	group.remote.assignor = null
	heartbeat.interval.ms = 3000
	interceptor.classes = []
	internal.leave.group.on.close = true
	internal.throw.on.fetch.stable.offset.unsupported = false
	isolation.level = read_uncommitted
	key.deserializer = class org.apache.kafka.common.serialization.StringDeserializer
	max.partition.fetch.bytes = 1048576
	max.poll.interval.ms = 300000
	max.poll.records = 500
	metadata.max.age.ms = 300000
	metadata.recovery.strategy = none
	metric.reporters = []
	metrics.num.samples = 2
	metrics.recording.level = INFO
	metrics.sample.window.ms = 30000
	partition.assignment.strategy = [class org.apache.kafka.clients.consumer.RangeAssignor, class org.apache.kafka.clients.consumer.CooperativeStickyAssignor]
	receive.buffer.bytes = 65536
	reconnect.backoff.max.ms = 1000
	reconnect.backoff.ms = 50
	request.timeout.ms = 5000
	retry.backoff.max.ms = 1000
	retry.backoff.ms = 100
	sasl.client.callback.handler.class = null
	sasl.jaas.config = null
	sasl.kerberos.kinit.cmd = /usr/bin/kinit
	sasl.kerberos.min.time.before.relogin = 60000
	sasl.kerberos.service.name = null
	sasl.kerberos.ticket.renew.jitter = 0.05
	sasl.kerberos.ticket.renew.window.factor = 0.8
	sasl.login.callback.handler.class = null
	sasl.login.class = null
	sasl.login.connect.timeout.ms = null
	sasl.login.read.timeout.ms = null
	sasl.login.refresh.buffer.seconds = 300
	sasl.login.refresh.min.period.seconds = 60
	sasl.login.refresh.window.factor = 0.8
	sasl.login.refresh.window.jitter = 0.05
	sasl.login.retry.backoff.max.ms = 10000
	sasl.login.retry.backoff.ms = 100
	sasl.mechanism = GSSAPI
	sasl.oauthbearer.clock.skew.seconds = 30
	sasl.oauthbearer.expected.audience = null
	sasl.oauthbearer.expected.issuer = null
	sasl.oauthbearer.header.urlencode = false
	sasl.oauthbearer.jwks.endpoint.refresh.ms = 3600000
	sasl.oauthbearer.jwks.endpoint.retry.backoff.max.ms = 10000
	sasl.oauthbearer.jwks.endpoint.retry.backoff.ms = 100
	sasl.oauthbearer.jwks.endpoint.url = null
	sasl.oauthbearer.scope.claim.name = scope
	sasl.oauthbearer.sub.claim.name = sub
	sasl.oauthbearer.token.endpoint.url = null
	security.protocol = PLAINTEXT
	security.providers = null
	send.buffer.bytes = 131072
	session.timeout.ms = 45000
	socket.connection.setup.timeout.max.ms = 30000
	socket.connection.setup.timeout.ms = 10000
	ssl.cipher.suites = null
	ssl.enabled.protocols = [TLSv1.2, TLSv1.3]
	ssl.endpoint.identification.algorithm = https
	ssl.engine.factory.class = null
	ssl.key.password = null
	ssl.keymanager.algorithm = SunX509
	ssl.keystore.certificate.chain = null
	ssl.keystore.key = null
	ssl.keystore.location = null
	ssl.keystore.password = null
	ssl.keystore.type = JKS
	ssl.protocol = TLSv1.3
	ssl.provider = null
	ssl.secure.random.implementation = null
	ssl.trustmanager.algorithm = PKIX
	ssl.truststore.certificates = null
	ssl.truststore.location = null
	ssl.truststore.password = null
	ssl.truststore.type = JKS
	value.deserializer = class io.apicurio.registry.serde.avro.AvroKafkaDeserializer

2025-08-06 18:56:07,154 INFO  [org.apa.kaf.com.tel.int.KafkaMetricsCollector] (main) initializing Kafka metrics collector
2025-08-06 18:56:07,158 INFO  [org.apa.kaf.cli.Metadata] (kafka-producer-network-thread | Producer-topic-2c08351c_04c6_4369_bd37_f642785554d8) [Producer clientId=Producer-topic-2c08351c_04c6_4369_bd37_f642785554d8] Cluster ID: igMICRUWSZmdRuxlP-JQ6A
2025-08-06 18:56:07,160 INFO  [org.apa.kaf.cli.pro.int.TransactionManager] (kafka-producer-network-thread | Producer-topic-2c08351c_04c6_4369_bd37_f642785554d8) [Producer clientId=Producer-topic-2c08351c_04c6_4369_bd37_f642785554d8] ProducerId set to 48 with epoch 0
2025-08-06 18:56:07,161 INFO  [org.apa.kaf.cli.con.ConsumerConfig] (main) These configurations '[apicurio.registry.url]' were supplied but are not used yet.
2025-08-06 18:56:07,161 INFO  [org.apa.kaf.com.uti.AppInfoParser] (main) Kafka version: 3.9.1
2025-08-06 18:56:07,161 INFO  [org.apa.kaf.com.uti.AppInfoParser] (main) Kafka commitId: f745dfdcee2b9851
2025-08-06 18:56:07,161 INFO  [org.apa.kaf.com.uti.AppInfoParser] (main) Kafka startTimeMs: 1754506567161
**** Registry Base URL: http://registry-app-pg17.apps.ci419.apicurio-testing.org:80
2025-08-06 18:56:07,161 INFO  [org.apa.kaf.cli.con.ConsumerConfig] (main) ConsumerConfig values: 
	allow.auto.create.topics = true
	auto.commit.interval.ms = 500
	auto.include.jmx.reporter = true
	auto.offset.reset = earliest
	bootstrap.servers = [PLAINTEXT://localhost:32769]
	check.crcs = true
	client.dns.lookup = use_all_dns_ips
	client.id = consumer-Consumer-topic-1e3d8f69_d045_4f9b_a9c5_074a22b0e87f-35
	client.rack = 
	connections.max.idle.ms = 10000
	default.api.timeout.ms = 60000
	enable.auto.commit = true
	enable.metrics.push = true
	exclude.internal.topics = true
	fetch.max.bytes = 52428800
	fetch.max.wait.ms = 500
	fetch.min.bytes = 1
	group.id = Consumer-topic-1e3d8f69_d045_4f9b_a9c5_074a22b0e87f
	group.instance.id = null
	group.protocol = classic
	group.remote.assignor = null
	heartbeat.interval.ms = 3000
	interceptor.classes = []
	internal.leave.group.on.close = true
	internal.throw.on.fetch.stable.offset.unsupported = false
	isolation.level = read_uncommitted
	key.deserializer = class org.apache.kafka.common.serialization.StringDeserializer
	max.partition.fetch.bytes = 1048576
	max.poll.interval.ms = 300000
	max.poll.records = 500
	metadata.max.age.ms = 300000
	metadata.recovery.strategy = none
	metric.reporters = []
	metrics.num.samples = 2
	metrics.recording.level = INFO
	metrics.sample.window.ms = 30000
	partition.assignment.strategy = [class org.apache.kafka.clients.consumer.RangeAssignor, class org.apache.kafka.clients.consumer.CooperativeStickyAssignor]
	receive.buffer.bytes = 65536
	reconnect.backoff.max.ms = 1000
	reconnect.backoff.ms = 50
	request.timeout.ms = 5000
	retry.backoff.max.ms = 1000
	retry.backoff.ms = 100
	sasl.client.callback.handler.class = null
	sasl.jaas.config = null
	sasl.kerberos.kinit.cmd = /usr/bin/kinit
	sasl.kerberos.min.time.before.relogin = 60000
	sasl.kerberos.service.name = null
	sasl.kerberos.ticket.renew.jitter = 0.05
	sasl.kerberos.ticket.renew.window.factor = 0.8
	sasl.login.callback.handler.class = null
	sasl.login.class = null
	sasl.login.connect.timeout.ms = null
	sasl.login.read.timeout.ms = null
	sasl.login.refresh.buffer.seconds = 300
	sasl.login.refresh.min.period.seconds = 60
	sasl.login.refresh.window.factor = 0.8
	sasl.login.refresh.window.jitter = 0.05
	sasl.login.retry.backoff.max.ms = 10000
	sasl.login.retry.backoff.ms = 100
	sasl.mechanism = GSSAPI
	sasl.oauthbearer.clock.skew.seconds = 30
	sasl.oauthbearer.expected.audience = null
	sasl.oauthbearer.expected.issuer = null
	sasl.oauthbearer.header.urlencode = false
	sasl.oauthbearer.jwks.endpoint.refresh.ms = 3600000
	sasl.oauthbearer.jwks.endpoint.retry.backoff.max.ms = 10000
	sasl.oauthbearer.jwks.endpoint.retry.backoff.ms = 100
	sasl.oauthbearer.jwks.endpoint.url = null
	sasl.oauthbearer.scope.claim.name = scope
	sasl.oauthbearer.sub.claim.name = sub
	sasl.oauthbearer.token.endpoint.url = null
	security.protocol = PLAINTEXT
	security.providers = null
	send.buffer.bytes = 131072
	session.timeout.ms = 45000
	socket.connection.setup.timeout.max.ms = 30000
	socket.connection.setup.timeout.ms = 10000
	ssl.cipher.suites = null
	ssl.enabled.protocols = [TLSv1.2, TLSv1.3]
	ssl.endpoint.identification.algorithm = https
	ssl.engine.factory.class = null
	ssl.key.password = null
	ssl.keymanager.algorithm = SunX509
	ssl.keystore.certificate.chain = null
	ssl.keystore.key = null
	ssl.keystore.location = null
	ssl.keystore.password = null
	ssl.keystore.type = JKS
	ssl.protocol = TLSv1.3
	ssl.provider = null
	ssl.secure.random.implementation = null
	ssl.trustmanager.algorithm = PKIX
	ssl.truststore.certificates = null
	ssl.truststore.location = null
	ssl.truststore.password = null
	ssl.truststore.type = JKS
	value.deserializer = class io.apicurio.registry.serde.avro.AvroKafkaDeserializer

2025-08-06 18:56:07,162 INFO  [org.apa.kaf.com.tel.int.KafkaMetricsCollector] (main) initializing Kafka metrics collector
2025-08-06 18:56:07,166 INFO  [org.apa.kaf.cli.con.ConsumerConfig] (main) These configurations '[apicurio.registry.url]' were supplied but are not used yet.
2025-08-06 18:56:07,166 INFO  [org.apa.kaf.com.uti.AppInfoParser] (main) Kafka version: 3.9.1
2025-08-06 18:56:07,166 INFO  [org.apa.kaf.com.uti.AppInfoParser] (main) Kafka commitId: f745dfdcee2b9851
2025-08-06 18:56:07,166 INFO  [org.apa.kaf.com.uti.AppInfoParser] (main) Kafka startTimeMs: 1754506567166
**** Registry Base URL: http://registry-app-pg17.apps.ci419.apicurio-testing.org:80
2025-08-06 18:56:07,166 INFO  [org.apa.kaf.cli.con.ConsumerConfig] (main) ConsumerConfig values: 
	allow.auto.create.topics = true
	auto.commit.interval.ms = 500
	auto.include.jmx.reporter = true
	auto.offset.reset = earliest
	bootstrap.servers = [PLAINTEXT://localhost:32769]
	check.crcs = true
	client.dns.lookup = use_all_dns_ips
	client.id = consumer-Consumer-topic-2c08351c_04c6_4369_bd37_f642785554d8-36
	client.rack = 
	connections.max.idle.ms = 10000
	default.api.timeout.ms = 60000
	enable.auto.commit = true
	enable.metrics.push = true
	exclude.internal.topics = true
	fetch.max.bytes = 52428800
	fetch.max.wait.ms = 500
	fetch.min.bytes = 1
	group.id = Consumer-topic-2c08351c_04c6_4369_bd37_f642785554d8
	group.instance.id = null
	group.protocol = classic
	group.remote.assignor = null
	heartbeat.interval.ms = 3000
	interceptor.classes = []
	internal.leave.group.on.close = true
	internal.throw.on.fetch.stable.offset.unsupported = false
	isolation.level = read_uncommitted
	key.deserializer = class org.apache.kafka.common.serialization.StringDeserializer
	max.partition.fetch.bytes = 1048576
	max.poll.interval.ms = 300000
	max.poll.records = 500
	metadata.max.age.ms = 300000
	metadata.recovery.strategy = none
	metric.reporters = []
	metrics.num.samples = 2
	metrics.recording.level = INFO
	metrics.sample.window.ms = 30000
	partition.assignment.strategy = [class org.apache.kafka.clients.consumer.RangeAssignor, class org.apache.kafka.clients.consumer.CooperativeStickyAssignor]
	receive.buffer.bytes = 65536
	reconnect.backoff.max.ms = 1000
	reconnect.backoff.ms = 50
	request.timeout.ms = 5000
	retry.backoff.max.ms = 1000
	retry.backoff.ms = 100
	sasl.client.callback.handler.class = null
	sasl.jaas.config = null
	sasl.kerberos.kinit.cmd = /usr/bin/kinit
	sasl.kerberos.min.time.before.relogin = 60000
	sasl.kerberos.service.name = null
	sasl.kerberos.ticket.renew.jitter = 0.05
	sasl.kerberos.ticket.renew.window.factor = 0.8
	sasl.login.callback.handler.class = null
	sasl.login.class = null
	sasl.login.connect.timeout.ms = null
	sasl.login.read.timeout.ms = null
	sasl.login.refresh.buffer.seconds = 300
	sasl.login.refresh.min.period.seconds = 60
	sasl.login.refresh.window.factor = 0.8
	sasl.login.refresh.window.jitter = 0.05
	sasl.login.retry.backoff.max.ms = 10000
	sasl.login.retry.backoff.ms = 100
	sasl.mechanism = GSSAPI
	sasl.oauthbearer.clock.skew.seconds = 30
	sasl.oauthbearer.expected.audience = null
	sasl.oauthbearer.expected.issuer = null
	sasl.oauthbearer.header.urlencode = false
	sasl.oauthbearer.jwks.endpoint.refresh.ms = 3600000
	sasl.oauthbearer.jwks.endpoint.retry.backoff.max.ms = 10000
	sasl.oauthbearer.jwks.endpoint.retry.backoff.ms = 100
	sasl.oauthbearer.jwks.endpoint.url = null
	sasl.oauthbearer.scope.claim.name = scope
	sasl.oauthbearer.sub.claim.name = sub
	sasl.oauthbearer.token.endpoint.url = null
	security.protocol = PLAINTEXT
	security.providers = null
	send.buffer.bytes = 131072
	session.timeout.ms = 45000
	socket.connection.setup.timeout.max.ms = 30000
	socket.connection.setup.timeout.ms = 10000
	ssl.cipher.suites = null
	ssl.enabled.protocols = [TLSv1.2, TLSv1.3]
	ssl.endpoint.identification.algorithm = https
	ssl.engine.factory.class = null
	ssl.key.password = null
	ssl.keymanager.algorithm = SunX509
	ssl.keystore.certificate.chain = null
	ssl.keystore.key = null
	ssl.keystore.location = null
	ssl.keystore.password = null
	ssl.keystore.type = JKS
	ssl.protocol = TLSv1.3
	ssl.provider = null
	ssl.secure.random.implementation = null
	ssl.trustmanager.algorithm = PKIX
	ssl.truststore.certificates = null
	ssl.truststore.location = null
	ssl.truststore.password = null
	ssl.truststore.type = JKS
	value.deserializer = class io.apicurio.registry.serde.avro.AvroKafkaDeserializer

2025-08-06 18:56:07,166 INFO  [org.apa.kaf.com.tel.int.KafkaMetricsCollector] (main) initializing Kafka metrics collector
2025-08-06 18:56:07,171 INFO  [org.apa.kaf.cli.con.ConsumerConfig] (main) These configurations '[apicurio.registry.url]' were supplied but are not used yet.
2025-08-06 18:56:07,172 INFO  [org.apa.kaf.com.uti.AppInfoParser] (main) Kafka version: 3.9.1
2025-08-06 18:56:07,172 INFO  [org.apa.kaf.com.uti.AppInfoParser] (main) Kafka commitId: f745dfdcee2b9851
2025-08-06 18:56:07,172 INFO  [org.apa.kaf.com.uti.AppInfoParser] (main) Kafka startTimeMs: 1754506567172
2025-08-06 18:56:07,172 INFO  [io.api.tes.ser.api.KafkaSerdesTester] (Thread-859) Sending message {"key1": "value-0"} to topic topic-7de4cafb_281c_41d1_aa10_18ea7633c1a5
2025-08-06 18:56:07,182 INFO  [DefaultSchemaResolver] (Thread-859) Retrieving schema content using string: {"type":"record","name":"myrecordconfluent6","fields":[{"name":"key1","type":"string"}]}
2025-08-06 18:56:07,345 INFO  [io.api.tes.ser.api.KafkaSerdesTester] (Thread-859) Sending message {"key1": "value-1"} to topic topic-7de4cafb_281c_41d1_aa10_18ea7633c1a5
2025-08-06 18:56:07,346 INFO  [io.api.tes.ser.api.KafkaSerdesTester] (Thread-859) Sending message {"key1": "value-2"} to topic topic-7de4cafb_281c_41d1_aa10_18ea7633c1a5
2025-08-06 18:56:07,347 INFO  [io.api.tes.ser.api.KafkaSerdesTester] (Thread-859) Sending message {"key1": "value-3"} to topic topic-7de4cafb_281c_41d1_aa10_18ea7633c1a5
2025-08-06 18:56:07,348 INFO  [io.api.tes.ser.api.KafkaSerdesTester] (Thread-859) Sending message {"key1": "value-4"} to topic topic-7de4cafb_281c_41d1_aa10_18ea7633c1a5
2025-08-06 18:56:07,349 INFO  [io.api.tes.ser.api.KafkaSerdesTester] (Thread-859) Sending message {"key1": "value-5"} to topic topic-7de4cafb_281c_41d1_aa10_18ea7633c1a5
2025-08-06 18:56:07,350 INFO  [io.api.tes.ser.api.KafkaSerdesTester] (Thread-859) Sending message {"key1": "value-6"} to topic topic-7de4cafb_281c_41d1_aa10_18ea7633c1a5
2025-08-06 18:56:07,351 INFO  [io.api.tes.ser.api.KafkaSerdesTester] (Thread-859) Sending message {"key1": "value-7"} to topic topic-7de4cafb_281c_41d1_aa10_18ea7633c1a5
2025-08-06 18:56:07,352 INFO  [io.api.tes.ser.api.KafkaSerdesTester] (Thread-859) Sending message {"key1": "value-8"} to topic topic-7de4cafb_281c_41d1_aa10_18ea7633c1a5
2025-08-06 18:56:07,353 INFO  [io.api.tes.ser.api.KafkaSerdesTester] (Thread-859) Sending message {"key1": "value-9"} to topic topic-7de4cafb_281c_41d1_aa10_18ea7633c1a5
2025-08-06 18:56:07,354 INFO  [io.api.tes.ser.api.KafkaSerdesTester] (Thread-859) Produced 10 messages
2025-08-06 18:56:07,354 INFO  [org.apa.kaf.cli.pro.KafkaProducer] (Thread-859) [Producer clientId=Producer-topic-7de4cafb_281c_41d1_aa10_18ea7633c1a5] Closing the Kafka producer with timeoutMillis = 9223372036854775807 ms.
2025-08-06 18:56:07,356 INFO  [org.apa.kaf.com.met.Metrics] (Thread-859) Metrics scheduler closed
2025-08-06 18:56:07,356 INFO  [org.apa.kaf.com.met.Metrics] (Thread-859) Closing reporter org.apache.kafka.common.metrics.JmxReporter
2025-08-06 18:56:07,356 INFO  [org.apa.kaf.com.met.Metrics] (Thread-859) Closing reporter org.apache.kafka.common.telemetry.internals.ClientTelemetryReporter
2025-08-06 18:56:07,356 INFO  [org.apa.kaf.com.met.Metrics] (Thread-859) Metrics reporters closed
2025-08-06 18:56:07,356 INFO  [org.apa.kaf.com.uti.AppInfoParser] (Thread-859) App info kafka.producer for Producer-topic-7de4cafb_281c_41d1_aa10_18ea7633c1a5 unregistered
2025-08-06 18:56:07,357 INFO  [io.api.tes.ser.api.KafkaSerdesTester] (Thread-860) Sending message {"key1": "value-0"} to topic topic-1e3d8f69_d045_4f9b_a9c5_074a22b0e87f
2025-08-06 18:56:07,358 INFO  [DefaultSchemaResolver] (Thread-860) Retrieving schema content using string: {"type":"record","name":"myrecordconfluent6","fields":[{"name":"key1","type":"string"}]}
2025-08-06 18:56:07,510 INFO  [io.api.tes.ser.api.KafkaSerdesTester] (Thread-860) Sending message {"key1": "value-1"} to topic topic-1e3d8f69_d045_4f9b_a9c5_074a22b0e87f
2025-08-06 18:56:07,511 INFO  [io.api.tes.ser.api.KafkaSerdesTester] (Thread-860) Sending message {"key1": "value-2"} to topic topic-1e3d8f69_d045_4f9b_a9c5_074a22b0e87f
2025-08-06 18:56:07,512 INFO  [io.api.tes.ser.api.KafkaSerdesTester] (Thread-860) Sending message {"key1": "value-3"} to topic topic-1e3d8f69_d045_4f9b_a9c5_074a22b0e87f
2025-08-06 18:56:07,514 INFO  [io.api.tes.ser.api.KafkaSerdesTester] (Thread-860) Sending message {"key1": "value-4"} to topic topic-1e3d8f69_d045_4f9b_a9c5_074a22b0e87f
2025-08-06 18:56:07,514 INFO  [io.api.tes.ser.api.KafkaSerdesTester] (Thread-860) Sending message {"key1": "value-5"} to topic topic-1e3d8f69_d045_4f9b_a9c5_074a22b0e87f
2025-08-06 18:56:07,515 INFO  [io.api.tes.ser.api.KafkaSerdesTester] (Thread-860) Sending message {"key1": "value-6"} to topic topic-1e3d8f69_d045_4f9b_a9c5_074a22b0e87f
2025-08-06 18:56:07,516 INFO  [io.api.tes.ser.api.KafkaSerdesTester] (Thread-860) Sending message {"key1": "value-7"} to topic topic-1e3d8f69_d045_4f9b_a9c5_074a22b0e87f
2025-08-06 18:56:07,517 INFO  [io.api.tes.ser.api.KafkaSerdesTester] (Thread-860) Sending message {"key1": "value-8"} to topic topic-1e3d8f69_d045_4f9b_a9c5_074a22b0e87f
2025-08-06 18:56:07,518 INFO  [io.api.tes.ser.api.KafkaSerdesTester] (Thread-860) Sending message {"key1": "value-9"} to topic topic-1e3d8f69_d045_4f9b_a9c5_074a22b0e87f
2025-08-06 18:56:07,519 INFO  [io.api.tes.ser.api.KafkaSerdesTester] (Thread-860) Produced 10 messages
2025-08-06 18:56:07,519 INFO  [org.apa.kaf.cli.pro.KafkaProducer] (Thread-860) [Producer clientId=Producer-topic-1e3d8f69_d045_4f9b_a9c5_074a22b0e87f] Closing the Kafka producer with timeoutMillis = 9223372036854775807 ms.
2025-08-06 18:56:07,521 INFO  [org.apa.kaf.com.met.Metrics] (Thread-860) Metrics scheduler closed
2025-08-06 18:56:07,521 INFO  [org.apa.kaf.com.met.Metrics] (Thread-860) Closing reporter org.apache.kafka.common.metrics.JmxReporter
2025-08-06 18:56:07,521 INFO  [org.apa.kaf.com.met.Metrics] (Thread-860) Closing reporter org.apache.kafka.common.telemetry.internals.ClientTelemetryReporter
2025-08-06 18:56:07,521 INFO  [org.apa.kaf.com.met.Metrics] (Thread-860) Metrics reporters closed
2025-08-06 18:56:07,522 INFO  [org.apa.kaf.com.uti.AppInfoParser] (Thread-860) App info kafka.producer for Producer-topic-1e3d8f69_d045_4f9b_a9c5_074a22b0e87f unregistered
2025-08-06 18:56:07,524 INFO  [io.api.tes.ser.api.KafkaSerdesTester] (Thread-861) Sending message {"key1": "value-0"} to topic topic-2c08351c_04c6_4369_bd37_f642785554d8
2025-08-06 18:56:07,532 INFO  [DefaultSchemaResolver] (Thread-861) Retrieving schema content using string: {"type":"record","name":"myrecordconfluent6","fields":[{"name":"key1","type":"string"}]}
2025-08-06 18:56:07,688 INFO  [io.api.tes.ser.api.KafkaSerdesTester] (Thread-861) Sending message {"key1": "value-1"} to topic topic-2c08351c_04c6_4369_bd37_f642785554d8
2025-08-06 18:56:07,690 INFO  [io.api.tes.ser.api.KafkaSerdesTester] (Thread-861) Sending message {"key1": "value-2"} to topic topic-2c08351c_04c6_4369_bd37_f642785554d8
2025-08-06 18:56:07,691 INFO  [io.api.tes.ser.api.KafkaSerdesTester] (Thread-861) Sending message {"key1": "value-3"} to topic topic-2c08351c_04c6_4369_bd37_f642785554d8
2025-08-06 18:56:07,693 INFO  [io.api.tes.ser.api.KafkaSerdesTester] (Thread-861) Sending message {"key1": "value-4"} to topic topic-2c08351c_04c6_4369_bd37_f642785554d8
2025-08-06 18:56:07,695 INFO  [io.api.tes.ser.api.KafkaSerdesTester] (Thread-861) Sending message {"key1": "value-5"} to topic topic-2c08351c_04c6_4369_bd37_f642785554d8
2025-08-06 18:56:07,697 INFO  [io.api.tes.ser.api.KafkaSerdesTester] (Thread-861) Sending message {"key1": "value-6"} to topic topic-2c08351c_04c6_4369_bd37_f642785554d8
2025-08-06 18:56:07,698 INFO  [io.api.tes.ser.api.KafkaSerdesTester] (Thread-861) Sending message {"key1": "value-7"} to topic topic-2c08351c_04c6_4369_bd37_f642785554d8
2025-08-06 18:56:07,701 INFO  [io.api.tes.ser.api.KafkaSerdesTester] (Thread-861) Sending message {"key1": "value-8"} to topic topic-2c08351c_04c6_4369_bd37_f642785554d8
2025-08-06 18:56:07,702 INFO  [io.api.tes.ser.api.KafkaSerdesTester] (Thread-861) Sending message {"key1": "value-9"} to topic topic-2c08351c_04c6_4369_bd37_f642785554d8
2025-08-06 18:56:07,703 INFO  [io.api.tes.ser.api.KafkaSerdesTester] (Thread-861) Produced 10 messages
2025-08-06 18:56:07,703 INFO  [org.apa.kaf.cli.pro.KafkaProducer] (Thread-861) [Producer clientId=Producer-topic-2c08351c_04c6_4369_bd37_f642785554d8] Closing the Kafka producer with timeoutMillis = 9223372036854775807 ms.
2025-08-06 18:56:07,705 INFO  [org.apa.kaf.com.met.Metrics] (Thread-861) Metrics scheduler closed
2025-08-06 18:56:07,705 INFO  [org.apa.kaf.com.met.Metrics] (Thread-861) Closing reporter org.apache.kafka.common.metrics.JmxReporter
2025-08-06 18:56:07,705 INFO  [org.apa.kaf.com.met.Metrics] (Thread-861) Closing reporter org.apache.kafka.common.telemetry.internals.ClientTelemetryReporter
2025-08-06 18:56:07,705 INFO  [org.apa.kaf.com.met.Metrics] (Thread-861) Metrics reporters closed
2025-08-06 18:56:07,705 INFO  [org.apa.kaf.com.uti.AppInfoParser] (Thread-861) App info kafka.producer for Producer-topic-2c08351c_04c6_4369_bd37_f642785554d8 unregistered
2025-08-06 18:56:07,707 INFO  [org.apa.kaf.cli.con.int.ClassicKafkaConsumer] (Thread-862) [Consumer clientId=consumer-Consumer-topic-7de4cafb_281c_41d1_aa10_18ea7633c1a5-34, groupId=Consumer-topic-7de4cafb_281c_41d1_aa10_18ea7633c1a5] Subscribed to topic(s): topic-7de4cafb_281c_41d1_aa10_18ea7633c1a5
2025-08-06 18:56:07,717 INFO  [org.apa.kaf.cli.Metadata] (Thread-862) [Consumer clientId=consumer-Consumer-topic-7de4cafb_281c_41d1_aa10_18ea7633c1a5-34, groupId=Consumer-topic-7de4cafb_281c_41d1_aa10_18ea7633c1a5] Cluster ID: igMICRUWSZmdRuxlP-JQ6A
2025-08-06 18:56:07,718 INFO  [org.apa.kaf.cli.con.int.ConsumerCoordinator] (Thread-862) [Consumer clientId=consumer-Consumer-topic-7de4cafb_281c_41d1_aa10_18ea7633c1a5-34, groupId=Consumer-topic-7de4cafb_281c_41d1_aa10_18ea7633c1a5] Discovered group coordinator localhost:32769 (id: 2147483647 rack: null)
2025-08-06 18:56:07,719 INFO  [org.apa.kaf.cli.con.int.ConsumerCoordinator] (Thread-862) [Consumer clientId=consumer-Consumer-topic-7de4cafb_281c_41d1_aa10_18ea7633c1a5-34, groupId=Consumer-topic-7de4cafb_281c_41d1_aa10_18ea7633c1a5] (Re-)joining group
2025-08-06 18:56:07,721 INFO  [org.apa.kaf.cli.con.int.ConsumerCoordinator] (Thread-862) [Consumer clientId=consumer-Consumer-topic-7de4cafb_281c_41d1_aa10_18ea7633c1a5-34, groupId=Consumer-topic-7de4cafb_281c_41d1_aa10_18ea7633c1a5] Request joining group due to: need to re-join with the given member-id: consumer-Consumer-topic-7de4cafb_281c_41d1_aa10_18ea7633c1a5-34-f09e8685-38c4-4c77-8d2a-0708a54baeaa
2025-08-06 18:56:07,721 INFO  [org.apa.kaf.cli.con.int.ConsumerCoordinator] (Thread-862) [Consumer clientId=consumer-Consumer-topic-7de4cafb_281c_41d1_aa10_18ea7633c1a5-34, groupId=Consumer-topic-7de4cafb_281c_41d1_aa10_18ea7633c1a5] (Re-)joining group
2025-08-06 18:56:08,707 INFO  [io.api.tes.ser.api.KafkaSerdesTester] (Thread-862) None found
2025-08-06 18:56:09,707 INFO  [io.api.tes.ser.api.KafkaSerdesTester] (Thread-862) None found
2025-08-06 18:56:10,708 INFO  [io.api.tes.ser.api.KafkaSerdesTester] (Thread-862) None found
2025-08-06 18:56:10,723 INFO  [org.apa.kaf.cli.con.int.ConsumerCoordinator] (Thread-862) [Consumer clientId=consumer-Consumer-topic-7de4cafb_281c_41d1_aa10_18ea7633c1a5-34, groupId=Consumer-topic-7de4cafb_281c_41d1_aa10_18ea7633c1a5] Successfully joined group with generation Generation{generationId=1, memberId='consumer-Consumer-topic-7de4cafb_281c_41d1_aa10_18ea7633c1a5-34-f09e8685-38c4-4c77-8d2a-0708a54baeaa', protocol='range'}
2025-08-06 18:56:10,723 INFO  [org.apa.kaf.cli.con.int.ConsumerCoordinator] (Thread-862) [Consumer clientId=consumer-Consumer-topic-7de4cafb_281c_41d1_aa10_18ea7633c1a5-34, groupId=Consumer-topic-7de4cafb_281c_41d1_aa10_18ea7633c1a5] Finished assignment for group at generation 1: {consumer-Consumer-topic-7de4cafb_281c_41d1_aa10_18ea7633c1a5-34-f09e8685-38c4-4c77-8d2a-0708a54baeaa=Assignment(partitions=[topic-7de4cafb_281c_41d1_aa10_18ea7633c1a5-0])}
2025-08-06 18:56:10,730 INFO  [org.apa.kaf.cli.con.int.ConsumerCoordinator] (Thread-862) [Consumer clientId=consumer-Consumer-topic-7de4cafb_281c_41d1_aa10_18ea7633c1a5-34, groupId=Consumer-topic-7de4cafb_281c_41d1_aa10_18ea7633c1a5] Successfully synced group in generation Generation{generationId=1, memberId='consumer-Consumer-topic-7de4cafb_281c_41d1_aa10_18ea7633c1a5-34-f09e8685-38c4-4c77-8d2a-0708a54baeaa', protocol='range'}
2025-08-06 18:56:10,730 INFO  [org.apa.kaf.cli.con.int.ConsumerCoordinator] (Thread-862) [Consumer clientId=consumer-Consumer-topic-7de4cafb_281c_41d1_aa10_18ea7633c1a5-34, groupId=Consumer-topic-7de4cafb_281c_41d1_aa10_18ea7633c1a5] Notifying assignor about the new Assignment(partitions=[topic-7de4cafb_281c_41d1_aa10_18ea7633c1a5-0])
2025-08-06 18:56:10,730 INFO  [org.apa.kaf.cli.con.int.ConsumerRebalanceListenerInvoker] (Thread-862) [Consumer clientId=consumer-Consumer-topic-7de4cafb_281c_41d1_aa10_18ea7633c1a5-34, groupId=Consumer-topic-7de4cafb_281c_41d1_aa10_18ea7633c1a5] Adding newly assigned partitions: topic-7de4cafb_281c_41d1_aa10_18ea7633c1a5-0
2025-08-06 18:56:10,730 INFO  [org.apa.kaf.cli.con.int.ConsumerCoordinator] (Thread-862) [Consumer clientId=consumer-Consumer-topic-7de4cafb_281c_41d1_aa10_18ea7633c1a5-34, groupId=Consumer-topic-7de4cafb_281c_41d1_aa10_18ea7633c1a5] Found no committed offset for partition topic-7de4cafb_281c_41d1_aa10_18ea7633c1a5-0
2025-08-06 18:56:10,733 INFO  [org.apa.kaf.cli.con.int.SubscriptionState] (Thread-862) [Consumer clientId=consumer-Consumer-topic-7de4cafb_281c_41d1_aa10_18ea7633c1a5-34, groupId=Consumer-topic-7de4cafb_281c_41d1_aa10_18ea7633c1a5] Resetting offset for partition topic-7de4cafb_281c_41d1_aa10_18ea7633c1a5-0 to position FetchPosition{offset=0, offsetEpoch=Optional.empty, currentLeader=LeaderAndEpoch{leader=Optional[localhost:32769 (id: 0 rack: null)], epoch=0}}.
2025-08-06 18:56:10,959 INFO  [io.api.tes.ser.api.KafkaSerdesTester] (Thread-862) topic-7de4cafb_281c_41d1_aa10_18ea7633c1a5 0 0 {"key1": "value-0"}
2025-08-06 18:56:10,959 INFO  [io.api.tes.ser.api.KafkaSerdesTester] (Thread-862) topic-7de4cafb_281c_41d1_aa10_18ea7633c1a5 0 1 {"key1": "value-1"}
2025-08-06 18:56:10,959 INFO  [io.api.tes.ser.api.KafkaSerdesTester] (Thread-862) topic-7de4cafb_281c_41d1_aa10_18ea7633c1a5 0 2 {"key1": "value-2"}
2025-08-06 18:56:10,959 INFO  [io.api.tes.ser.api.KafkaSerdesTester] (Thread-862) topic-7de4cafb_281c_41d1_aa10_18ea7633c1a5 0 3 {"key1": "value-3"}
2025-08-06 18:56:10,959 INFO  [io.api.tes.ser.api.KafkaSerdesTester] (Thread-862) topic-7de4cafb_281c_41d1_aa10_18ea7633c1a5 0 4 {"key1": "value-4"}
2025-08-06 18:56:10,960 INFO  [io.api.tes.ser.api.KafkaSerdesTester] (Thread-862) topic-7de4cafb_281c_41d1_aa10_18ea7633c1a5 0 5 {"key1": "value-5"}
2025-08-06 18:56:10,960 INFO  [io.api.tes.ser.api.KafkaSerdesTester] (Thread-862) topic-7de4cafb_281c_41d1_aa10_18ea7633c1a5 0 6 {"key1": "value-6"}
2025-08-06 18:56:10,960 INFO  [io.api.tes.ser.api.KafkaSerdesTester] (Thread-862) topic-7de4cafb_281c_41d1_aa10_18ea7633c1a5 0 7 {"key1": "value-7"}
2025-08-06 18:56:10,960 INFO  [io.api.tes.ser.api.KafkaSerdesTester] (Thread-862) topic-7de4cafb_281c_41d1_aa10_18ea7633c1a5 0 8 {"key1": "value-8"}
2025-08-06 18:56:10,960 INFO  [io.api.tes.ser.api.KafkaSerdesTester] (Thread-862) topic-7de4cafb_281c_41d1_aa10_18ea7633c1a5 0 9 {"key1": "value-9"}
2025-08-06 18:56:10,960 INFO  [io.api.tes.ser.api.KafkaSerdesTester] (Thread-862) Consumed 10 messages
2025-08-06 18:56:10,967 INFO  [org.apa.kaf.cli.con.int.ConsumerRebalanceListenerInvoker] (Thread-862) [Consumer clientId=consumer-Consumer-topic-7de4cafb_281c_41d1_aa10_18ea7633c1a5-34, groupId=Consumer-topic-7de4cafb_281c_41d1_aa10_18ea7633c1a5] Revoke previously assigned partitions topic-7de4cafb_281c_41d1_aa10_18ea7633c1a5-0
2025-08-06 18:56:10,967 INFO  [org.apa.kaf.cli.con.int.ConsumerCoordinator] (Thread-862) [Consumer clientId=consumer-Consumer-topic-7de4cafb_281c_41d1_aa10_18ea7633c1a5-34, groupId=Consumer-topic-7de4cafb_281c_41d1_aa10_18ea7633c1a5] Member consumer-Consumer-topic-7de4cafb_281c_41d1_aa10_18ea7633c1a5-34-f09e8685-38c4-4c77-8d2a-0708a54baeaa sending LeaveGroup request to coordinator localhost:32769 (id: 2147483647 rack: null) due to the consumer is being closed
2025-08-06 18:56:10,967 INFO  [org.apa.kaf.cli.con.int.ConsumerCoordinator] (Thread-862) [Consumer clientId=consumer-Consumer-topic-7de4cafb_281c_41d1_aa10_18ea7633c1a5-34, groupId=Consumer-topic-7de4cafb_281c_41d1_aa10_18ea7633c1a5] Resetting generation and member id due to: consumer pro-actively leaving the group
2025-08-06 18:56:10,967 INFO  [org.apa.kaf.cli.con.int.ConsumerCoordinator] (Thread-862) [Consumer clientId=consumer-Consumer-topic-7de4cafb_281c_41d1_aa10_18ea7633c1a5-34, groupId=Consumer-topic-7de4cafb_281c_41d1_aa10_18ea7633c1a5] Request joining group due to: consumer pro-actively leaving the group
2025-08-06 18:56:11,460 INFO  [org.apa.kaf.com.met.Metrics] (Thread-862) Metrics scheduler closed
2025-08-06 18:56:11,460 INFO  [org.apa.kaf.com.met.Metrics] (Thread-862) Closing reporter org.apache.kafka.common.metrics.JmxReporter
2025-08-06 18:56:11,460 INFO  [org.apa.kaf.com.met.Metrics] (Thread-862) Closing reporter org.apache.kafka.common.telemetry.internals.ClientTelemetryReporter
2025-08-06 18:56:11,460 INFO  [org.apa.kaf.com.met.Metrics] (Thread-862) Metrics reporters closed
2025-08-06 18:56:11,461 INFO  [org.apa.kaf.com.uti.AppInfoParser] (Thread-862) App info kafka.consumer for consumer-Consumer-topic-7de4cafb_281c_41d1_aa10_18ea7633c1a5-34 unregistered
2025-08-06 18:56:11,462 INFO  [org.apa.kaf.cli.con.int.ClassicKafkaConsumer] (Thread-863) [Consumer clientId=consumer-Consumer-topic-1e3d8f69_d045_4f9b_a9c5_074a22b0e87f-35, groupId=Consumer-topic-1e3d8f69_d045_4f9b_a9c5_074a22b0e87f] Subscribed to topic(s): topic-1e3d8f69_d045_4f9b_a9c5_074a22b0e87f
2025-08-06 18:56:11,466 INFO  [org.apa.kaf.cli.Metadata] (Thread-863) [Consumer clientId=consumer-Consumer-topic-1e3d8f69_d045_4f9b_a9c5_074a22b0e87f-35, groupId=Consumer-topic-1e3d8f69_d045_4f9b_a9c5_074a22b0e87f] Cluster ID: igMICRUWSZmdRuxlP-JQ6A
2025-08-06 18:56:11,467 INFO  [org.apa.kaf.cli.con.int.ConsumerCoordinator] (Thread-863) [Consumer clientId=consumer-Consumer-topic-1e3d8f69_d045_4f9b_a9c5_074a22b0e87f-35, groupId=Consumer-topic-1e3d8f69_d045_4f9b_a9c5_074a22b0e87f] Discovered group coordinator localhost:32769 (id: 2147483647 rack: null)
2025-08-06 18:56:11,468 INFO  [org.apa.kaf.cli.con.int.ConsumerCoordinator] (Thread-863) [Consumer clientId=consumer-Consumer-topic-1e3d8f69_d045_4f9b_a9c5_074a22b0e87f-35, groupId=Consumer-topic-1e3d8f69_d045_4f9b_a9c5_074a22b0e87f] (Re-)joining group
2025-08-06 18:56:11,470 INFO  [org.apa.kaf.cli.con.int.ConsumerCoordinator] (Thread-863) [Consumer clientId=consumer-Consumer-topic-1e3d8f69_d045_4f9b_a9c5_074a22b0e87f-35, groupId=Consumer-topic-1e3d8f69_d045_4f9b_a9c5_074a22b0e87f] Request joining group due to: need to re-join with the given member-id: consumer-Consumer-topic-1e3d8f69_d045_4f9b_a9c5_074a22b0e87f-35-726e9707-f3f1-4f1e-9c57-433e1a2e3717
2025-08-06 18:56:11,470 INFO  [org.apa.kaf.cli.con.int.ConsumerCoordinator] (Thread-863) [Consumer clientId=consumer-Consumer-topic-1e3d8f69_d045_4f9b_a9c5_074a22b0e87f-35, groupId=Consumer-topic-1e3d8f69_d045_4f9b_a9c5_074a22b0e87f] (Re-)joining group
2025-08-06 18:56:12,462 INFO  [io.api.tes.ser.api.KafkaSerdesTester] (Thread-863) None found
2025-08-06 18:56:13,462 INFO  [io.api.tes.ser.api.KafkaSerdesTester] (Thread-863) None found
2025-08-06 18:56:14,462 INFO  [io.api.tes.ser.api.KafkaSerdesTester] (Thread-863) None found
2025-08-06 18:56:14,471 INFO  [org.apa.kaf.cli.con.int.ConsumerCoordinator] (Thread-863) [Consumer clientId=consumer-Consumer-topic-1e3d8f69_d045_4f9b_a9c5_074a22b0e87f-35, groupId=Consumer-topic-1e3d8f69_d045_4f9b_a9c5_074a22b0e87f] Successfully joined group with generation Generation{generationId=1, memberId='consumer-Consumer-topic-1e3d8f69_d045_4f9b_a9c5_074a22b0e87f-35-726e9707-f3f1-4f1e-9c57-433e1a2e3717', protocol='range'}
2025-08-06 18:56:14,471 INFO  [org.apa.kaf.cli.con.int.ConsumerCoordinator] (Thread-863) [Consumer clientId=consumer-Consumer-topic-1e3d8f69_d045_4f9b_a9c5_074a22b0e87f-35, groupId=Consumer-topic-1e3d8f69_d045_4f9b_a9c5_074a22b0e87f] Finished assignment for group at generation 1: {consumer-Consumer-topic-1e3d8f69_d045_4f9b_a9c5_074a22b0e87f-35-726e9707-f3f1-4f1e-9c57-433e1a2e3717=Assignment(partitions=[topic-1e3d8f69_d045_4f9b_a9c5_074a22b0e87f-0])}
2025-08-06 18:56:14,478 INFO  [org.apa.kaf.cli.con.int.ConsumerCoordinator] (Thread-863) [Consumer clientId=consumer-Consumer-topic-1e3d8f69_d045_4f9b_a9c5_074a22b0e87f-35, groupId=Consumer-topic-1e3d8f69_d045_4f9b_a9c5_074a22b0e87f] Successfully synced group in generation Generation{generationId=1, memberId='consumer-Consumer-topic-1e3d8f69_d045_4f9b_a9c5_074a22b0e87f-35-726e9707-f3f1-4f1e-9c57-433e1a2e3717', protocol='range'}
2025-08-06 18:56:14,478 INFO  [org.apa.kaf.cli.con.int.ConsumerCoordinator] (Thread-863) [Consumer clientId=consumer-Consumer-topic-1e3d8f69_d045_4f9b_a9c5_074a22b0e87f-35, groupId=Consumer-topic-1e3d8f69_d045_4f9b_a9c5_074a22b0e87f] Notifying assignor about the new Assignment(partitions=[topic-1e3d8f69_d045_4f9b_a9c5_074a22b0e87f-0])
2025-08-06 18:56:14,478 INFO  [org.apa.kaf.cli.con.int.ConsumerRebalanceListenerInvoker] (Thread-863) [Consumer clientId=consumer-Consumer-topic-1e3d8f69_d045_4f9b_a9c5_074a22b0e87f-35, groupId=Consumer-topic-1e3d8f69_d045_4f9b_a9c5_074a22b0e87f] Adding newly assigned partitions: topic-1e3d8f69_d045_4f9b_a9c5_074a22b0e87f-0
2025-08-06 18:56:14,479 INFO  [org.apa.kaf.cli.con.int.ConsumerCoordinator] (Thread-863) [Consumer clientId=consumer-Consumer-topic-1e3d8f69_d045_4f9b_a9c5_074a22b0e87f-35, groupId=Consumer-topic-1e3d8f69_d045_4f9b_a9c5_074a22b0e87f] Found no committed offset for partition topic-1e3d8f69_d045_4f9b_a9c5_074a22b0e87f-0
2025-08-06 18:56:14,480 INFO  [org.apa.kaf.cli.con.int.SubscriptionState] (Thread-863) [Consumer clientId=consumer-Consumer-topic-1e3d8f69_d045_4f9b_a9c5_074a22b0e87f-35, groupId=Consumer-topic-1e3d8f69_d045_4f9b_a9c5_074a22b0e87f] Resetting offset for partition topic-1e3d8f69_d045_4f9b_a9c5_074a22b0e87f-0 to position FetchPosition{offset=0, offsetEpoch=Optional.empty, currentLeader=LeaderAndEpoch{leader=Optional[localhost:32769 (id: 0 rack: null)], epoch=0}}.
2025-08-06 18:56:14,753 INFO  [io.api.tes.ser.api.KafkaSerdesTester] (Thread-863) topic-1e3d8f69_d045_4f9b_a9c5_074a22b0e87f 0 0 {"key1": "value-0"}
2025-08-06 18:56:14,753 INFO  [io.api.tes.ser.api.KafkaSerdesTester] (Thread-863) topic-1e3d8f69_d045_4f9b_a9c5_074a22b0e87f 0 1 {"key1": "value-1"}
2025-08-06 18:56:14,753 INFO  [io.api.tes.ser.api.KafkaSerdesTester] (Thread-863) topic-1e3d8f69_d045_4f9b_a9c5_074a22b0e87f 0 2 {"key1": "value-2"}
2025-08-06 18:56:14,753 INFO  [io.api.tes.ser.api.KafkaSerdesTester] (Thread-863) topic-1e3d8f69_d045_4f9b_a9c5_074a22b0e87f 0 3 {"key1": "value-3"}
2025-08-06 18:56:14,753 INFO  [io.api.tes.ser.api.KafkaSerdesTester] (Thread-863) topic-1e3d8f69_d045_4f9b_a9c5_074a22b0e87f 0 4 {"key1": "value-4"}
2025-08-06 18:56:14,753 INFO  [io.api.tes.ser.api.KafkaSerdesTester] (Thread-863) topic-1e3d8f69_d045_4f9b_a9c5_074a22b0e87f 0 5 {"key1": "value-5"}
2025-08-06 18:56:14,753 INFO  [io.api.tes.ser.api.KafkaSerdesTester] (Thread-863) topic-1e3d8f69_d045_4f9b_a9c5_074a22b0e87f 0 6 {"key1": "value-6"}
2025-08-06 18:56:14,753 INFO  [io.api.tes.ser.api.KafkaSerdesTester] (Thread-863) topic-1e3d8f69_d045_4f9b_a9c5_074a22b0e87f 0 7 {"key1": "value-7"}
2025-08-06 18:56:14,753 INFO  [io.api.tes.ser.api.KafkaSerdesTester] (Thread-863) topic-1e3d8f69_d045_4f9b_a9c5_074a22b0e87f 0 8 {"key1": "value-8"}
2025-08-06 18:56:14,753 INFO  [io.api.tes.ser.api.KafkaSerdesTester] (Thread-863) topic-1e3d8f69_d045_4f9b_a9c5_074a22b0e87f 0 9 {"key1": "value-9"}
2025-08-06 18:56:14,753 INFO  [io.api.tes.ser.api.KafkaSerdesTester] (Thread-863) Consumed 10 messages
2025-08-06 18:56:14,760 INFO  [org.apa.kaf.cli.con.int.ConsumerRebalanceListenerInvoker] (Thread-863) [Consumer clientId=consumer-Consumer-topic-1e3d8f69_d045_4f9b_a9c5_074a22b0e87f-35, groupId=Consumer-topic-1e3d8f69_d045_4f9b_a9c5_074a22b0e87f] Revoke previously assigned partitions topic-1e3d8f69_d045_4f9b_a9c5_074a22b0e87f-0
2025-08-06 18:56:14,760 INFO  [org.apa.kaf.cli.con.int.ConsumerCoordinator] (Thread-863) [Consumer clientId=consumer-Consumer-topic-1e3d8f69_d045_4f9b_a9c5_074a22b0e87f-35, groupId=Consumer-topic-1e3d8f69_d045_4f9b_a9c5_074a22b0e87f] Member consumer-Consumer-topic-1e3d8f69_d045_4f9b_a9c5_074a22b0e87f-35-726e9707-f3f1-4f1e-9c57-433e1a2e3717 sending LeaveGroup request to coordinator localhost:32769 (id: 2147483647 rack: null) due to the consumer is being closed
2025-08-06 18:56:14,760 INFO  [org.apa.kaf.cli.con.int.ConsumerCoordinator] (Thread-863) [Consumer clientId=consumer-Consumer-topic-1e3d8f69_d045_4f9b_a9c5_074a22b0e87f-35, groupId=Consumer-topic-1e3d8f69_d045_4f9b_a9c5_074a22b0e87f] Resetting generation and member id due to: consumer pro-actively leaving the group
2025-08-06 18:56:14,760 INFO  [org.apa.kaf.cli.con.int.ConsumerCoordinator] (Thread-863) [Consumer clientId=consumer-Consumer-topic-1e3d8f69_d045_4f9b_a9c5_074a22b0e87f-35, groupId=Consumer-topic-1e3d8f69_d045_4f9b_a9c5_074a22b0e87f] Request joining group due to: consumer pro-actively leaving the group
2025-08-06 18:56:15,256 INFO  [org.apa.kaf.com.met.Metrics] (Thread-863) Metrics scheduler closed
2025-08-06 18:56:15,256 INFO  [org.apa.kaf.com.met.Metrics] (Thread-863) Closing reporter org.apache.kafka.common.metrics.JmxReporter
2025-08-06 18:56:15,256 INFO  [org.apa.kaf.com.met.Metrics] (Thread-863) Closing reporter org.apache.kafka.common.telemetry.internals.ClientTelemetryReporter
2025-08-06 18:56:15,256 INFO  [org.apa.kaf.com.met.Metrics] (Thread-863) Metrics reporters closed
2025-08-06 18:56:15,258 INFO  [org.apa.kaf.com.uti.AppInfoParser] (Thread-863) App info kafka.consumer for consumer-Consumer-topic-1e3d8f69_d045_4f9b_a9c5_074a22b0e87f-35 unregistered
2025-08-06 18:56:15,260 INFO  [org.apa.kaf.cli.con.int.ClassicKafkaConsumer] (Thread-864) [Consumer clientId=consumer-Consumer-topic-2c08351c_04c6_4369_bd37_f642785554d8-36, groupId=Consumer-topic-2c08351c_04c6_4369_bd37_f642785554d8] Subscribed to topic(s): topic-2c08351c_04c6_4369_bd37_f642785554d8
2025-08-06 18:56:15,265 INFO  [org.apa.kaf.cli.Metadata] (Thread-864) [Consumer clientId=consumer-Consumer-topic-2c08351c_04c6_4369_bd37_f642785554d8-36, groupId=Consumer-topic-2c08351c_04c6_4369_bd37_f642785554d8] Cluster ID: igMICRUWSZmdRuxlP-JQ6A
2025-08-06 18:56:15,266 INFO  [org.apa.kaf.cli.con.int.ConsumerCoordinator] (Thread-864) [Consumer clientId=consumer-Consumer-topic-2c08351c_04c6_4369_bd37_f642785554d8-36, groupId=Consumer-topic-2c08351c_04c6_4369_bd37_f642785554d8] Discovered group coordinator localhost:32769 (id: 2147483647 rack: null)
2025-08-06 18:56:15,267 INFO  [org.apa.kaf.cli.con.int.ConsumerCoordinator] (Thread-864) [Consumer clientId=consumer-Consumer-topic-2c08351c_04c6_4369_bd37_f642785554d8-36, groupId=Consumer-topic-2c08351c_04c6_4369_bd37_f642785554d8] (Re-)joining group
2025-08-06 18:56:15,271 INFO  [org.apa.kaf.cli.con.int.ConsumerCoordinator] (Thread-864) [Consumer clientId=consumer-Consumer-topic-2c08351c_04c6_4369_bd37_f642785554d8-36, groupId=Consumer-topic-2c08351c_04c6_4369_bd37_f642785554d8] Request joining group due to: need to re-join with the given member-id: consumer-Consumer-topic-2c08351c_04c6_4369_bd37_f642785554d8-36-6f17b99c-97ac-4116-8f26-0600a16a7f92
2025-08-06 18:56:15,272 INFO  [org.apa.kaf.cli.con.int.ConsumerCoordinator] (Thread-864) [Consumer clientId=consumer-Consumer-topic-2c08351c_04c6_4369_bd37_f642785554d8-36, groupId=Consumer-topic-2c08351c_04c6_4369_bd37_f642785554d8] (Re-)joining group
2025-08-06 18:56:16,260 INFO  [io.api.tes.ser.api.KafkaSerdesTester] (Thread-864) None found
2025-08-06 18:56:17,261 INFO  [io.api.tes.ser.api.KafkaSerdesTester] (Thread-864) None found
2025-08-06 18:56:18,262 INFO  [io.api.tes.ser.api.KafkaSerdesTester] (Thread-864) None found
2025-08-06 18:56:18,274 INFO  [org.apa.kaf.cli.con.int.ConsumerCoordinator] (Thread-864) [Consumer clientId=consumer-Consumer-topic-2c08351c_04c6_4369_bd37_f642785554d8-36, groupId=Consumer-topic-2c08351c_04c6_4369_bd37_f642785554d8] Successfully joined group with generation Generation{generationId=1, memberId='consumer-Consumer-topic-2c08351c_04c6_4369_bd37_f642785554d8-36-6f17b99c-97ac-4116-8f26-0600a16a7f92', protocol='range'}
2025-08-06 18:56:18,274 INFO  [org.apa.kaf.cli.con.int.ConsumerCoordinator] (Thread-864) [Consumer clientId=consumer-Consumer-topic-2c08351c_04c6_4369_bd37_f642785554d8-36, groupId=Consumer-topic-2c08351c_04c6_4369_bd37_f642785554d8] Finished assignment for group at generation 1: {consumer-Consumer-topic-2c08351c_04c6_4369_bd37_f642785554d8-36-6f17b99c-97ac-4116-8f26-0600a16a7f92=Assignment(partitions=[topic-2c08351c_04c6_4369_bd37_f642785554d8-0])}
2025-08-06 18:56:18,280 INFO  [org.apa.kaf.cli.con.int.ConsumerCoordinator] (Thread-864) [Consumer clientId=consumer-Consumer-topic-2c08351c_04c6_4369_bd37_f642785554d8-36, groupId=Consumer-topic-2c08351c_04c6_4369_bd37_f642785554d8] Successfully synced group in generation Generation{generationId=1, memberId='consumer-Consumer-topic-2c08351c_04c6_4369_bd37_f642785554d8-36-6f17b99c-97ac-4116-8f26-0600a16a7f92', protocol='range'}
2025-08-06 18:56:18,281 INFO  [org.apa.kaf.cli.con.int.ConsumerCoordinator] (Thread-864) [Consumer clientId=consumer-Consumer-topic-2c08351c_04c6_4369_bd37_f642785554d8-36, groupId=Consumer-topic-2c08351c_04c6_4369_bd37_f642785554d8] Notifying assignor about the new Assignment(partitions=[topic-2c08351c_04c6_4369_bd37_f642785554d8-0])
2025-08-06 18:56:18,281 INFO  [org.apa.kaf.cli.con.int.ConsumerRebalanceListenerInvoker] (Thread-864) [Consumer clientId=consumer-Consumer-topic-2c08351c_04c6_4369_bd37_f642785554d8-36, groupId=Consumer-topic-2c08351c_04c6_4369_bd37_f642785554d8] Adding newly assigned partitions: topic-2c08351c_04c6_4369_bd37_f642785554d8-0
2025-08-06 18:56:18,281 INFO  [org.apa.kaf.cli.con.int.ConsumerCoordinator] (Thread-864) [Consumer clientId=consumer-Consumer-topic-2c08351c_04c6_4369_bd37_f642785554d8-36, groupId=Consumer-topic-2c08351c_04c6_4369_bd37_f642785554d8] Found no committed offset for partition topic-2c08351c_04c6_4369_bd37_f642785554d8-0
2025-08-06 18:56:18,284 INFO  [org.apa.kaf.cli.con.int.SubscriptionState] (Thread-864) [Consumer clientId=consumer-Consumer-topic-2c08351c_04c6_4369_bd37_f642785554d8-36, groupId=Consumer-topic-2c08351c_04c6_4369_bd37_f642785554d8] Resetting offset for partition topic-2c08351c_04c6_4369_bd37_f642785554d8-0 to position FetchPosition{offset=0, offsetEpoch=Optional.empty, currentLeader=LeaderAndEpoch{leader=Optional[localhost:32769 (id: 0 rack: null)], epoch=0}}.
2025-08-06 18:56:18,509 INFO  [io.api.tes.ser.api.KafkaSerdesTester] (Thread-864) topic-2c08351c_04c6_4369_bd37_f642785554d8 0 0 {"key1": "value-0"}
2025-08-06 18:56:18,509 INFO  [io.api.tes.ser.api.KafkaSerdesTester] (Thread-864) topic-2c08351c_04c6_4369_bd37_f642785554d8 0 1 {"key1": "value-1"}
2025-08-06 18:56:18,509 INFO  [io.api.tes.ser.api.KafkaSerdesTester] (Thread-864) topic-2c08351c_04c6_4369_bd37_f642785554d8 0 2 {"key1": "value-2"}
2025-08-06 18:56:18,509 INFO  [io.api.tes.ser.api.KafkaSerdesTester] (Thread-864) topic-2c08351c_04c6_4369_bd37_f642785554d8 0 3 {"key1": "value-3"}
2025-08-06 18:56:18,509 INFO  [io.api.tes.ser.api.KafkaSerdesTester] (Thread-864) topic-2c08351c_04c6_4369_bd37_f642785554d8 0 4 {"key1": "value-4"}
2025-08-06 18:56:18,509 INFO  [io.api.tes.ser.api.KafkaSerdesTester] (Thread-864) topic-2c08351c_04c6_4369_bd37_f642785554d8 0 5 {"key1": "value-5"}
2025-08-06 18:56:18,509 INFO  [io.api.tes.ser.api.KafkaSerdesTester] (Thread-864) topic-2c08351c_04c6_4369_bd37_f642785554d8 0 6 {"key1": "value-6"}
2025-08-06 18:56:18,509 INFO  [io.api.tes.ser.api.KafkaSerdesTester] (Thread-864) topic-2c08351c_04c6_4369_bd37_f642785554d8 0 7 {"key1": "value-7"}
2025-08-06 18:56:18,509 INFO  [io.api.tes.ser.api.KafkaSerdesTester] (Thread-864) topic-2c08351c_04c6_4369_bd37_f642785554d8 0 8 {"key1": "value-8"}
2025-08-06 18:56:18,509 INFO  [io.api.tes.ser.api.KafkaSerdesTester] (Thread-864) topic-2c08351c_04c6_4369_bd37_f642785554d8 0 9 {"key1": "value-9"}
2025-08-06 18:56:18,509 INFO  [io.api.tes.ser.api.KafkaSerdesTester] (Thread-864) Consumed 10 messages
2025-08-06 18:56:18,516 INFO  [org.apa.kaf.cli.con.int.ConsumerRebalanceListenerInvoker] (Thread-864) [Consumer clientId=consumer-Consumer-topic-2c08351c_04c6_4369_bd37_f642785554d8-36, groupId=Consumer-topic-2c08351c_04c6_4369_bd37_f642785554d8] Revoke previously assigned partitions topic-2c08351c_04c6_4369_bd37_f642785554d8-0
2025-08-06 18:56:18,516 INFO  [org.apa.kaf.cli.con.int.ConsumerCoordinator] (Thread-864) [Consumer clientId=consumer-Consumer-topic-2c08351c_04c6_4369_bd37_f642785554d8-36, groupId=Consumer-topic-2c08351c_04c6_4369_bd37_f642785554d8] Member consumer-Consumer-topic-2c08351c_04c6_4369_bd37_f642785554d8-36-6f17b99c-97ac-4116-8f26-0600a16a7f92 sending LeaveGroup request to coordinator localhost:32769 (id: 2147483647 rack: null) due to the consumer is being closed
2025-08-06 18:56:18,516 INFO  [org.apa.kaf.cli.con.int.ConsumerCoordinator] (Thread-864) [Consumer clientId=consumer-Consumer-topic-2c08351c_04c6_4369_bd37_f642785554d8-36, groupId=Consumer-topic-2c08351c_04c6_4369_bd37_f642785554d8] Resetting generation and member id due to: consumer pro-actively leaving the group
2025-08-06 18:56:18,516 INFO  [org.apa.kaf.cli.con.int.ConsumerCoordinator] (Thread-864) [Consumer clientId=consumer-Consumer-topic-2c08351c_04c6_4369_bd37_f642785554d8-36, groupId=Consumer-topic-2c08351c_04c6_4369_bd37_f642785554d8] Request joining group due to: consumer pro-actively leaving the group
2025-08-06 18:56:19,011 INFO  [org.apa.kaf.com.met.Metrics] (Thread-864) Metrics scheduler closed
2025-08-06 18:56:19,011 INFO  [org.apa.kaf.com.met.Metrics] (Thread-864) Closing reporter org.apache.kafka.common.metrics.JmxReporter
2025-08-06 18:56:19,011 INFO  [org.apa.kaf.com.met.Metrics] (Thread-864) Closing reporter org.apache.kafka.common.telemetry.internals.ClientTelemetryReporter
2025-08-06 18:56:19,011 INFO  [org.apa.kaf.com.met.Metrics] (Thread-864) Metrics reporters closed
2025-08-06 18:56:19,013 INFO  [org.apa.kaf.com.uti.AppInfoParser] (Thread-864) App info kafka.consumer for consumer-Consumer-topic-2c08351c_04c6_4369_bd37_f642785554d8-36 unregistered
2025-08-06 18:56:19,437 INFO  [io.api.tes.ser.con.BasicConfluentSerDesIT] (main) Deleting confluent schema myrecordconfluent6
2025-08-06 18:56:19,519 INFO  [io.api.tes.uti.TestSeparator] (main) io.apicurio.tests.serdes.confluent.BasicConfluentSerDesIT.testAvroConfluentForMultipleTopics-FINISHED
2025-08-06 18:56:19,519 INFO  [io.api.tes.uti.TestSeparator] (main) ############################################################################
Test passed: testAvroConfluentForMultipleTopics
]]></system-out>
  </testcase>
  <testcase name="testAvroConfluentApicurio" classname="io.apicurio.tests.serdes.confluent.BasicConfluentSerDesIT" time="4.37">
    <system-out><![CDATA[2025-08-06 18:56:19,520 INFO  [io.api.tes.uti.TestSeparator] (main) ############################################################################
2025-08-06 18:56:19,520 INFO  [io.api.tes.uti.TestSeparator] (main) io.apicurio.tests.serdes.confluent.BasicConfluentSerDesIT.testAvroConfluentApicurio-STARTED
2025-08-06 18:56:19,697 INFO  [io.api.tes.ser.con.BasicConfluentSerDesIT] (main) Checking that created schema is equal to the get schema
2025-08-06 18:56:19,777 INFO  [io.api.tes.ser.con.BasicConfluentSerDesIT] (main) Created schema with id:46 and name:myrecordconfluent1
**** Registry Base URL: http://registry-app-pg17.apps.ci419.apicurio-testing.org:80
2025-08-06 18:56:19,778 INFO  [org.apa.kaf.cli.pro.ProducerConfig] (main) ProducerConfig values: 
	acks = -1
	auto.include.jmx.reporter = true
	batch.size = 16384
	bootstrap.servers = [PLAINTEXT://localhost:32769]
	buffer.memory = 33554432
	client.dns.lookup = use_all_dns_ips
	client.id = Producer-topic-0dfead0e_3296_4c0d_acdc_9a87b8ae9dd5
	compression.gzip.level = -1
	compression.lz4.level = 9
	compression.type = none
	compression.zstd.level = 3
	connections.max.idle.ms = 10000
	delivery.timeout.ms = 120000
	enable.idempotence = true
	enable.metrics.push = true
	interceptor.classes = []
	key.serializer = class org.apache.kafka.common.serialization.StringSerializer
	linger.ms = 0
	max.block.ms = 60000
	max.in.flight.requests.per.connection = 5
	max.request.size = 1048576
	metadata.max.age.ms = 300000
	metadata.max.idle.ms = 300000
	metadata.recovery.strategy = none
	metric.reporters = []
	metrics.num.samples = 2
	metrics.recording.level = INFO
	metrics.sample.window.ms = 30000
	partitioner.adaptive.partitioning.enable = true
	partitioner.availability.timeout.ms = 0
	partitioner.class = null
	partitioner.ignore.keys = false
	receive.buffer.bytes = 32768
	reconnect.backoff.max.ms = 1000
	reconnect.backoff.ms = 50
	request.timeout.ms = 5000
	retries = 2147483647
	retry.backoff.max.ms = 1000
	retry.backoff.ms = 100
	sasl.client.callback.handler.class = null
	sasl.jaas.config = null
	sasl.kerberos.kinit.cmd = /usr/bin/kinit
	sasl.kerberos.min.time.before.relogin = 60000
	sasl.kerberos.service.name = null
	sasl.kerberos.ticket.renew.jitter = 0.05
	sasl.kerberos.ticket.renew.window.factor = 0.8
	sasl.login.callback.handler.class = null
	sasl.login.class = null
	sasl.login.connect.timeout.ms = null
	sasl.login.read.timeout.ms = null
	sasl.login.refresh.buffer.seconds = 300
	sasl.login.refresh.min.period.seconds = 60
	sasl.login.refresh.window.factor = 0.8
	sasl.login.refresh.window.jitter = 0.05
	sasl.login.retry.backoff.max.ms = 10000
	sasl.login.retry.backoff.ms = 100
	sasl.mechanism = GSSAPI
	sasl.oauthbearer.clock.skew.seconds = 30
	sasl.oauthbearer.expected.audience = null
	sasl.oauthbearer.expected.issuer = null
	sasl.oauthbearer.header.urlencode = false
	sasl.oauthbearer.jwks.endpoint.refresh.ms = 3600000
	sasl.oauthbearer.jwks.endpoint.retry.backoff.max.ms = 10000
	sasl.oauthbearer.jwks.endpoint.retry.backoff.ms = 100
	sasl.oauthbearer.jwks.endpoint.url = null
	sasl.oauthbearer.scope.claim.name = scope
	sasl.oauthbearer.sub.claim.name = sub
	sasl.oauthbearer.token.endpoint.url = null
	security.protocol = PLAINTEXT
	security.providers = null
	send.buffer.bytes = 131072
	socket.connection.setup.timeout.max.ms = 30000
	socket.connection.setup.timeout.ms = 10000
	ssl.cipher.suites = null
	ssl.enabled.protocols = [TLSv1.2, TLSv1.3]
	ssl.endpoint.identification.algorithm = https
	ssl.engine.factory.class = null
	ssl.key.password = null
	ssl.keymanager.algorithm = SunX509
	ssl.keystore.certificate.chain = null
	ssl.keystore.key = null
	ssl.keystore.location = null
	ssl.keystore.password = null
	ssl.keystore.type = JKS
	ssl.protocol = TLSv1.3
	ssl.provider = null
	ssl.secure.random.implementation = null
	ssl.trustmanager.algorithm = PKIX
	ssl.truststore.certificates = null
	ssl.truststore.location = null
	ssl.truststore.password = null
	ssl.truststore.type = JKS
	transaction.timeout.ms = 60000
	transactional.id = null
	value.serializer = class io.confluent.kafka.serializers.KafkaAvroSerializer

2025-08-06 18:56:19,779 INFO  [org.apa.kaf.com.tel.int.KafkaMetricsCollector] (main) initializing Kafka metrics collector
2025-08-06 18:56:19,779 INFO  [io.con.kaf.ser.KafkaAvroSerializerConfig] (main) KafkaAvroSerializerConfig values: 
	auto.register.schemas = false
	avro.reflection.allow.null = false
	avro.remove.java.properties = false
	avro.use.logical.type.converters = false
	basic.auth.credentials.source = URL
	basic.auth.user.info = [hidden]
	bearer.auth.cache.expiry.buffer.seconds = 300
	bearer.auth.client.id = null
	bearer.auth.client.secret = null
	bearer.auth.credentials.source = STATIC_TOKEN
	bearer.auth.custom.provider.class = null
	bearer.auth.identity.pool.id = null
	bearer.auth.issuer.endpoint.url = null
	bearer.auth.logical.cluster = null
	bearer.auth.scope = null
	bearer.auth.scope.claim.name = scope
	bearer.auth.sub.claim.name = sub
	bearer.auth.token = [hidden]
	context.name.strategy = class io.confluent.kafka.serializers.context.NullContextNameStrategy
	http.connect.timeout.ms = 60000
	http.read.timeout.ms = 60000
	id.compatibility.strict = true
	key.schema.id.deserializer = class io.confluent.kafka.serializers.schema.id.DualSchemaIdDeserializer
	key.schema.id.serializer = class io.confluent.kafka.serializers.schema.id.PrefixSchemaIdSerializer
	key.subject.name.strategy = class io.confluent.kafka.serializers.subject.TopicNameStrategy
	latest.cache.size = 1000
	latest.cache.ttl.sec = -1
	latest.compatibility.strict = true
	max.retries = 3
	max.schemas.per.subject = 1000
	normalize.schemas = false
	propagate.schema.tags = false
	proxy.host = 
	proxy.port = -1
	retries.max.wait.ms = 20000
	retries.wait.ms = 1000
	rule.actions = []
	rule.executors = []
	rule.service.loader.enable = true
	schema.format = null
	schema.reflection = false
	schema.registry.basic.auth.user.info = [hidden]
	schema.registry.ssl.cipher.suites = null
	schema.registry.ssl.enabled.protocols = [TLSv1.2, TLSv1.3]
	schema.registry.ssl.endpoint.identification.algorithm = https
	schema.registry.ssl.engine.factory.class = null
	schema.registry.ssl.key.password = null
	schema.registry.ssl.keymanager.algorithm = SunX509
	schema.registry.ssl.keystore.certificate.chain = null
	schema.registry.ssl.keystore.key = null
	schema.registry.ssl.keystore.location = null
	schema.registry.ssl.keystore.password = null
	schema.registry.ssl.keystore.type = JKS
	schema.registry.ssl.protocol = TLSv1.3
	schema.registry.ssl.provider = null
	schema.registry.ssl.secure.random.implementation = null
	schema.registry.ssl.trustmanager.algorithm = PKIX
	schema.registry.ssl.truststore.certificates = null
	schema.registry.ssl.truststore.location = null
	schema.registry.ssl.truststore.password = null
	schema.registry.ssl.truststore.type = JKS
	schema.registry.url = [http://registry-app-pg17.apps.ci419.apicurio-testing.org:80/apis/ccompat/v7]
	schema.registry.url.randomize = false
	use.latest.version = false
	use.latest.with.metadata = null
	use.schema.id = -1
	value.schema.id.deserializer = class io.confluent.kafka.serializers.schema.id.DualSchemaIdDeserializer
	value.schema.id.serializer = class io.confluent.kafka.serializers.schema.id.PrefixSchemaIdSerializer
	value.subject.name.strategy = class io.confluent.kafka.serializers.subject.TopicNameStrategy

2025-08-06 18:56:19,781 INFO  [org.apa.kaf.cli.pro.KafkaProducer] (main) [Producer clientId=Producer-topic-0dfead0e_3296_4c0d_acdc_9a87b8ae9dd5] Instantiated an idempotent producer.
2025-08-06 18:56:19,782 INFO  [org.apa.kaf.cli.pro.ProducerConfig] (main) These configurations '[schema.registry.url, auto.register.schemas, value.subject.name.strategy]' were supplied but are not used yet.
2025-08-06 18:56:19,782 INFO  [org.apa.kaf.com.uti.AppInfoParser] (main) Kafka version: 3.9.1
2025-08-06 18:56:19,782 INFO  [org.apa.kaf.com.uti.AppInfoParser] (main) Kafka commitId: f745dfdcee2b9851
2025-08-06 18:56:19,782 INFO  [org.apa.kaf.com.uti.AppInfoParser] (main) Kafka startTimeMs: 1754506579782
2025-08-06 18:56:19,782 INFO  [io.api.tes.ser.api.SimpleSerdesTesterBuilder$SimpleSerdesTester] (main) Using producer configuration: {schema.registry.url=http://registry-app-pg17.apps.ci419.apicurio-testing.org:80/apis/ccompat/v7, value.serializer=io.confluent.kafka.serializers.KafkaAvroSerializer, request.timeout.ms=5000, auto.register.schemas=false, acks=all, bootstrap.servers=PLAINTEXT://localhost:32769, connections.max.idle.ms=10000, key.serializer=org.apache.kafka.common.serialization.StringSerializer, value.subject.name.strategy=io.confluent.kafka.serializers.subject.TopicNameStrategy, client.id=Producer-topic-0dfead0e_3296_4c0d_acdc_9a87b8ae9dd5}
2025-08-06 18:56:19,782 INFO  [io.api.tes.ser.api.SimpleSerdesTesterBuilder$SimpleSerdesTester] (main) Using consumer configuration: {}
2025-08-06 18:56:19,782 INFO  [io.api.tes.ser.api.KafkaSerdesTester] (Thread-865) Sending message {"key1": "value-0"} to topic topic-0dfead0e_3296_4c0d_acdc_9a87b8ae9dd5
2025-08-06 18:56:19,785 INFO  [org.apa.kaf.cli.Metadata] (kafka-producer-network-thread | Producer-topic-0dfead0e_3296_4c0d_acdc_9a87b8ae9dd5) [Producer clientId=Producer-topic-0dfead0e_3296_4c0d_acdc_9a87b8ae9dd5] Cluster ID: igMICRUWSZmdRuxlP-JQ6A
2025-08-06 18:56:19,785 INFO  [org.apa.kaf.cli.pro.int.TransactionManager] (kafka-producer-network-thread | Producer-topic-0dfead0e_3296_4c0d_acdc_9a87b8ae9dd5) [Producer clientId=Producer-topic-0dfead0e_3296_4c0d_acdc_9a87b8ae9dd5] ProducerId set to 49 with epoch 0
2025-08-06 18:56:19,871 INFO  [io.api.tes.ser.api.KafkaSerdesTester] (Thread-865) Sending message {"key1": "value-1"} to topic topic-0dfead0e_3296_4c0d_acdc_9a87b8ae9dd5
2025-08-06 18:56:19,872 INFO  [io.api.tes.ser.api.KafkaSerdesTester] (Thread-865) Sending message {"key1": "value-2"} to topic topic-0dfead0e_3296_4c0d_acdc_9a87b8ae9dd5
2025-08-06 18:56:19,873 INFO  [io.api.tes.ser.api.KafkaSerdesTester] (Thread-865) Sending message {"key1": "value-3"} to topic topic-0dfead0e_3296_4c0d_acdc_9a87b8ae9dd5
2025-08-06 18:56:19,874 INFO  [io.api.tes.ser.api.KafkaSerdesTester] (Thread-865) Sending message {"key1": "value-4"} to topic topic-0dfead0e_3296_4c0d_acdc_9a87b8ae9dd5
2025-08-06 18:56:19,875 INFO  [io.api.tes.ser.api.KafkaSerdesTester] (Thread-865) Sending message {"key1": "value-5"} to topic topic-0dfead0e_3296_4c0d_acdc_9a87b8ae9dd5
2025-08-06 18:56:19,876 INFO  [io.api.tes.ser.api.KafkaSerdesTester] (Thread-865) Sending message {"key1": "value-6"} to topic topic-0dfead0e_3296_4c0d_acdc_9a87b8ae9dd5
2025-08-06 18:56:19,877 INFO  [io.api.tes.ser.api.KafkaSerdesTester] (Thread-865) Sending message {"key1": "value-7"} to topic topic-0dfead0e_3296_4c0d_acdc_9a87b8ae9dd5
2025-08-06 18:56:19,878 INFO  [io.api.tes.ser.api.KafkaSerdesTester] (Thread-865) Sending message {"key1": "value-8"} to topic topic-0dfead0e_3296_4c0d_acdc_9a87b8ae9dd5
2025-08-06 18:56:19,879 INFO  [io.api.tes.ser.api.KafkaSerdesTester] (Thread-865) Sending message {"key1": "value-9"} to topic topic-0dfead0e_3296_4c0d_acdc_9a87b8ae9dd5
2025-08-06 18:56:19,880 INFO  [io.api.tes.ser.api.KafkaSerdesTester] (Thread-865) Produced 10 messages
2025-08-06 18:56:19,880 INFO  [org.apa.kaf.cli.pro.KafkaProducer] (Thread-865) [Producer clientId=Producer-topic-0dfead0e_3296_4c0d_acdc_9a87b8ae9dd5] Closing the Kafka producer with timeoutMillis = 9223372036854775807 ms.
2025-08-06 18:56:19,882 INFO  [org.apa.kaf.com.met.Metrics] (Thread-865) Metrics scheduler closed
2025-08-06 18:56:19,882 INFO  [org.apa.kaf.com.met.Metrics] (Thread-865) Closing reporter org.apache.kafka.common.metrics.JmxReporter
2025-08-06 18:56:19,882 INFO  [org.apa.kaf.com.met.Metrics] (Thread-865) Closing reporter org.apache.kafka.common.telemetry.internals.ClientTelemetryReporter
2025-08-06 18:56:19,882 INFO  [org.apa.kaf.com.met.Metrics] (Thread-865) Metrics reporters closed
2025-08-06 18:56:19,882 INFO  [org.apa.kaf.com.uti.AppInfoParser] (Thread-865) App info kafka.producer for Producer-topic-0dfead0e_3296_4c0d_acdc_9a87b8ae9dd5 unregistered
**** Registry Base URL: http://registry-app-pg17.apps.ci419.apicurio-testing.org:80
2025-08-06 18:56:19,883 INFO  [org.apa.kaf.cli.con.ConsumerConfig] (main) ConsumerConfig values: 
	allow.auto.create.topics = true
	auto.commit.interval.ms = 500
	auto.include.jmx.reporter = true
	auto.offset.reset = earliest
	bootstrap.servers = [PLAINTEXT://localhost:32769]
	check.crcs = true
	client.dns.lookup = use_all_dns_ips
	client.id = consumer-Consumer-topic-0dfead0e_3296_4c0d_acdc_9a87b8ae9dd5-37
	client.rack = 
	connections.max.idle.ms = 10000
	default.api.timeout.ms = 60000
	enable.auto.commit = true
	enable.metrics.push = true
	exclude.internal.topics = true
	fetch.max.bytes = 52428800
	fetch.max.wait.ms = 500
	fetch.min.bytes = 1
	group.id = Consumer-topic-0dfead0e_3296_4c0d_acdc_9a87b8ae9dd5
	group.instance.id = null
	group.protocol = classic
	group.remote.assignor = null
	heartbeat.interval.ms = 3000
	interceptor.classes = []
	internal.leave.group.on.close = true
	internal.throw.on.fetch.stable.offset.unsupported = false
	isolation.level = read_uncommitted
	key.deserializer = class org.apache.kafka.common.serialization.StringDeserializer
	max.partition.fetch.bytes = 1048576
	max.poll.interval.ms = 300000
	max.poll.records = 500
	metadata.max.age.ms = 300000
	metadata.recovery.strategy = none
	metric.reporters = []
	metrics.num.samples = 2
	metrics.recording.level = INFO
	metrics.sample.window.ms = 30000
	partition.assignment.strategy = [class org.apache.kafka.clients.consumer.RangeAssignor, class org.apache.kafka.clients.consumer.CooperativeStickyAssignor]
	receive.buffer.bytes = 65536
	reconnect.backoff.max.ms = 1000
	reconnect.backoff.ms = 50
	request.timeout.ms = 5000
	retry.backoff.max.ms = 1000
	retry.backoff.ms = 100
	sasl.client.callback.handler.class = null
	sasl.jaas.config = null
	sasl.kerberos.kinit.cmd = /usr/bin/kinit
	sasl.kerberos.min.time.before.relogin = 60000
	sasl.kerberos.service.name = null
	sasl.kerberos.ticket.renew.jitter = 0.05
	sasl.kerberos.ticket.renew.window.factor = 0.8
	sasl.login.callback.handler.class = null
	sasl.login.class = null
	sasl.login.connect.timeout.ms = null
	sasl.login.read.timeout.ms = null
	sasl.login.refresh.buffer.seconds = 300
	sasl.login.refresh.min.period.seconds = 60
	sasl.login.refresh.window.factor = 0.8
	sasl.login.refresh.window.jitter = 0.05
	sasl.login.retry.backoff.max.ms = 10000
	sasl.login.retry.backoff.ms = 100
	sasl.mechanism = GSSAPI
	sasl.oauthbearer.clock.skew.seconds = 30
	sasl.oauthbearer.expected.audience = null
	sasl.oauthbearer.expected.issuer = null
	sasl.oauthbearer.header.urlencode = false
	sasl.oauthbearer.jwks.endpoint.refresh.ms = 3600000
	sasl.oauthbearer.jwks.endpoint.retry.backoff.max.ms = 10000
	sasl.oauthbearer.jwks.endpoint.retry.backoff.ms = 100
	sasl.oauthbearer.jwks.endpoint.url = null
	sasl.oauthbearer.scope.claim.name = scope
	sasl.oauthbearer.sub.claim.name = sub
	sasl.oauthbearer.token.endpoint.url = null
	security.protocol = PLAINTEXT
	security.providers = null
	send.buffer.bytes = 131072
	session.timeout.ms = 45000
	socket.connection.setup.timeout.max.ms = 30000
	socket.connection.setup.timeout.ms = 10000
	ssl.cipher.suites = null
	ssl.enabled.protocols = [TLSv1.2, TLSv1.3]
	ssl.endpoint.identification.algorithm = https
	ssl.engine.factory.class = null
	ssl.key.password = null
	ssl.keymanager.algorithm = SunX509
	ssl.keystore.certificate.chain = null
	ssl.keystore.key = null
	ssl.keystore.location = null
	ssl.keystore.password = null
	ssl.keystore.type = JKS
	ssl.protocol = TLSv1.3
	ssl.provider = null
	ssl.secure.random.implementation = null
	ssl.trustmanager.algorithm = PKIX
	ssl.truststore.certificates = null
	ssl.truststore.location = null
	ssl.truststore.password = null
	ssl.truststore.type = JKS
	value.deserializer = class io.apicurio.registry.serde.avro.AvroKafkaDeserializer

2025-08-06 18:56:19,883 INFO  [org.apa.kaf.com.tel.int.KafkaMetricsCollector] (main) initializing Kafka metrics collector
2025-08-06 18:56:19,887 INFO  [org.apa.kaf.cli.con.ConsumerConfig] (main) These configurations '[apicurio.registry.url]' were supplied but are not used yet.
2025-08-06 18:56:19,887 INFO  [org.apa.kaf.com.uti.AppInfoParser] (main) Kafka version: 3.9.1
2025-08-06 18:56:19,887 INFO  [org.apa.kaf.com.uti.AppInfoParser] (main) Kafka commitId: f745dfdcee2b9851
2025-08-06 18:56:19,887 INFO  [org.apa.kaf.com.uti.AppInfoParser] (main) Kafka startTimeMs: 1754506579887
2025-08-06 18:56:19,888 INFO  [org.apa.kaf.cli.con.int.ClassicKafkaConsumer] (Thread-868) [Consumer clientId=consumer-Consumer-topic-0dfead0e_3296_4c0d_acdc_9a87b8ae9dd5-37, groupId=Consumer-topic-0dfead0e_3296_4c0d_acdc_9a87b8ae9dd5] Subscribed to topic(s): topic-0dfead0e_3296_4c0d_acdc_9a87b8ae9dd5
2025-08-06 18:56:19,892 INFO  [org.apa.kaf.cli.Metadata] (Thread-868) [Consumer clientId=consumer-Consumer-topic-0dfead0e_3296_4c0d_acdc_9a87b8ae9dd5-37, groupId=Consumer-topic-0dfead0e_3296_4c0d_acdc_9a87b8ae9dd5] Cluster ID: igMICRUWSZmdRuxlP-JQ6A
2025-08-06 18:56:19,893 INFO  [org.apa.kaf.cli.con.int.ConsumerCoordinator] (Thread-868) [Consumer clientId=consumer-Consumer-topic-0dfead0e_3296_4c0d_acdc_9a87b8ae9dd5-37, groupId=Consumer-topic-0dfead0e_3296_4c0d_acdc_9a87b8ae9dd5] Discovered group coordinator localhost:32769 (id: 2147483647 rack: null)
2025-08-06 18:56:19,894 INFO  [org.apa.kaf.cli.con.int.ConsumerCoordinator] (Thread-868) [Consumer clientId=consumer-Consumer-topic-0dfead0e_3296_4c0d_acdc_9a87b8ae9dd5-37, groupId=Consumer-topic-0dfead0e_3296_4c0d_acdc_9a87b8ae9dd5] (Re-)joining group
2025-08-06 18:56:19,896 INFO  [org.apa.kaf.cli.con.int.ConsumerCoordinator] (Thread-868) [Consumer clientId=consumer-Consumer-topic-0dfead0e_3296_4c0d_acdc_9a87b8ae9dd5-37, groupId=Consumer-topic-0dfead0e_3296_4c0d_acdc_9a87b8ae9dd5] Request joining group due to: need to re-join with the given member-id: consumer-Consumer-topic-0dfead0e_3296_4c0d_acdc_9a87b8ae9dd5-37-163fd83f-4e23-4ea4-bd2f-7f4b7a81c367
2025-08-06 18:56:19,896 INFO  [org.apa.kaf.cli.con.int.ConsumerCoordinator] (Thread-868) [Consumer clientId=consumer-Consumer-topic-0dfead0e_3296_4c0d_acdc_9a87b8ae9dd5-37, groupId=Consumer-topic-0dfead0e_3296_4c0d_acdc_9a87b8ae9dd5] (Re-)joining group
2025-08-06 18:56:20,888 INFO  [io.api.tes.ser.api.KafkaSerdesTester] (Thread-868) None found
2025-08-06 18:56:21,888 INFO  [io.api.tes.ser.api.KafkaSerdesTester] (Thread-868) None found
2025-08-06 18:56:22,888 INFO  [io.api.tes.ser.api.KafkaSerdesTester] (Thread-868) None found
2025-08-06 18:56:22,898 INFO  [org.apa.kaf.cli.con.int.ConsumerCoordinator] (Thread-868) [Consumer clientId=consumer-Consumer-topic-0dfead0e_3296_4c0d_acdc_9a87b8ae9dd5-37, groupId=Consumer-topic-0dfead0e_3296_4c0d_acdc_9a87b8ae9dd5] Successfully joined group with generation Generation{generationId=1, memberId='consumer-Consumer-topic-0dfead0e_3296_4c0d_acdc_9a87b8ae9dd5-37-163fd83f-4e23-4ea4-bd2f-7f4b7a81c367', protocol='range'}
2025-08-06 18:56:22,898 INFO  [org.apa.kaf.cli.con.int.ConsumerCoordinator] (Thread-868) [Consumer clientId=consumer-Consumer-topic-0dfead0e_3296_4c0d_acdc_9a87b8ae9dd5-37, groupId=Consumer-topic-0dfead0e_3296_4c0d_acdc_9a87b8ae9dd5] Finished assignment for group at generation 1: {consumer-Consumer-topic-0dfead0e_3296_4c0d_acdc_9a87b8ae9dd5-37-163fd83f-4e23-4ea4-bd2f-7f4b7a81c367=Assignment(partitions=[topic-0dfead0e_3296_4c0d_acdc_9a87b8ae9dd5-0])}
2025-08-06 18:56:22,904 INFO  [org.apa.kaf.cli.con.int.ConsumerCoordinator] (Thread-868) [Consumer clientId=consumer-Consumer-topic-0dfead0e_3296_4c0d_acdc_9a87b8ae9dd5-37, groupId=Consumer-topic-0dfead0e_3296_4c0d_acdc_9a87b8ae9dd5] Successfully synced group in generation Generation{generationId=1, memberId='consumer-Consumer-topic-0dfead0e_3296_4c0d_acdc_9a87b8ae9dd5-37-163fd83f-4e23-4ea4-bd2f-7f4b7a81c367', protocol='range'}
2025-08-06 18:56:22,904 INFO  [org.apa.kaf.cli.con.int.ConsumerCoordinator] (Thread-868) [Consumer clientId=consumer-Consumer-topic-0dfead0e_3296_4c0d_acdc_9a87b8ae9dd5-37, groupId=Consumer-topic-0dfead0e_3296_4c0d_acdc_9a87b8ae9dd5] Notifying assignor about the new Assignment(partitions=[topic-0dfead0e_3296_4c0d_acdc_9a87b8ae9dd5-0])
2025-08-06 18:56:22,904 INFO  [org.apa.kaf.cli.con.int.ConsumerRebalanceListenerInvoker] (Thread-868) [Consumer clientId=consumer-Consumer-topic-0dfead0e_3296_4c0d_acdc_9a87b8ae9dd5-37, groupId=Consumer-topic-0dfead0e_3296_4c0d_acdc_9a87b8ae9dd5] Adding newly assigned partitions: topic-0dfead0e_3296_4c0d_acdc_9a87b8ae9dd5-0
2025-08-06 18:56:22,905 INFO  [org.apa.kaf.cli.con.int.ConsumerCoordinator] (Thread-868) [Consumer clientId=consumer-Consumer-topic-0dfead0e_3296_4c0d_acdc_9a87b8ae9dd5-37, groupId=Consumer-topic-0dfead0e_3296_4c0d_acdc_9a87b8ae9dd5] Found no committed offset for partition topic-0dfead0e_3296_4c0d_acdc_9a87b8ae9dd5-0
2025-08-06 18:56:22,908 INFO  [org.apa.kaf.cli.con.int.SubscriptionState] (Thread-868) [Consumer clientId=consumer-Consumer-topic-0dfead0e_3296_4c0d_acdc_9a87b8ae9dd5-37, groupId=Consumer-topic-0dfead0e_3296_4c0d_acdc_9a87b8ae9dd5] Resetting offset for partition topic-0dfead0e_3296_4c0d_acdc_9a87b8ae9dd5-0 to position FetchPosition{offset=0, offsetEpoch=Optional.empty, currentLeader=LeaderAndEpoch{leader=Optional[localhost:32769 (id: 0 rack: null)], epoch=0}}.
2025-08-06 18:56:23,144 INFO  [io.api.tes.ser.api.KafkaSerdesTester] (Thread-868) topic-0dfead0e_3296_4c0d_acdc_9a87b8ae9dd5 0 0 {"key1": "value-0"}
2025-08-06 18:56:23,144 INFO  [io.api.tes.ser.api.KafkaSerdesTester] (Thread-868) topic-0dfead0e_3296_4c0d_acdc_9a87b8ae9dd5 0 1 {"key1": "value-1"}
2025-08-06 18:56:23,144 INFO  [io.api.tes.ser.api.KafkaSerdesTester] (Thread-868) topic-0dfead0e_3296_4c0d_acdc_9a87b8ae9dd5 0 2 {"key1": "value-2"}
2025-08-06 18:56:23,144 INFO  [io.api.tes.ser.api.KafkaSerdesTester] (Thread-868) topic-0dfead0e_3296_4c0d_acdc_9a87b8ae9dd5 0 3 {"key1": "value-3"}
2025-08-06 18:56:23,144 INFO  [io.api.tes.ser.api.KafkaSerdesTester] (Thread-868) topic-0dfead0e_3296_4c0d_acdc_9a87b8ae9dd5 0 4 {"key1": "value-4"}
2025-08-06 18:56:23,144 INFO  [io.api.tes.ser.api.KafkaSerdesTester] (Thread-868) topic-0dfead0e_3296_4c0d_acdc_9a87b8ae9dd5 0 5 {"key1": "value-5"}
2025-08-06 18:56:23,144 INFO  [io.api.tes.ser.api.KafkaSerdesTester] (Thread-868) topic-0dfead0e_3296_4c0d_acdc_9a87b8ae9dd5 0 6 {"key1": "value-6"}
2025-08-06 18:56:23,144 INFO  [io.api.tes.ser.api.KafkaSerdesTester] (Thread-868) topic-0dfead0e_3296_4c0d_acdc_9a87b8ae9dd5 0 7 {"key1": "value-7"}
2025-08-06 18:56:23,144 INFO  [io.api.tes.ser.api.KafkaSerdesTester] (Thread-868) topic-0dfead0e_3296_4c0d_acdc_9a87b8ae9dd5 0 8 {"key1": "value-8"}
2025-08-06 18:56:23,144 INFO  [io.api.tes.ser.api.KafkaSerdesTester] (Thread-868) topic-0dfead0e_3296_4c0d_acdc_9a87b8ae9dd5 0 9 {"key1": "value-9"}
2025-08-06 18:56:23,144 INFO  [io.api.tes.ser.api.KafkaSerdesTester] (Thread-868) Consumed 10 messages
2025-08-06 18:56:23,151 INFO  [org.apa.kaf.cli.con.int.ConsumerRebalanceListenerInvoker] (Thread-868) [Consumer clientId=consumer-Consumer-topic-0dfead0e_3296_4c0d_acdc_9a87b8ae9dd5-37, groupId=Consumer-topic-0dfead0e_3296_4c0d_acdc_9a87b8ae9dd5] Revoke previously assigned partitions topic-0dfead0e_3296_4c0d_acdc_9a87b8ae9dd5-0
2025-08-06 18:56:23,151 INFO  [org.apa.kaf.cli.con.int.ConsumerCoordinator] (Thread-868) [Consumer clientId=consumer-Consumer-topic-0dfead0e_3296_4c0d_acdc_9a87b8ae9dd5-37, groupId=Consumer-topic-0dfead0e_3296_4c0d_acdc_9a87b8ae9dd5] Member consumer-Consumer-topic-0dfead0e_3296_4c0d_acdc_9a87b8ae9dd5-37-163fd83f-4e23-4ea4-bd2f-7f4b7a81c367 sending LeaveGroup request to coordinator localhost:32769 (id: 2147483647 rack: null) due to the consumer is being closed
2025-08-06 18:56:23,151 INFO  [org.apa.kaf.cli.con.int.ConsumerCoordinator] (Thread-868) [Consumer clientId=consumer-Consumer-topic-0dfead0e_3296_4c0d_acdc_9a87b8ae9dd5-37, groupId=Consumer-topic-0dfead0e_3296_4c0d_acdc_9a87b8ae9dd5] Resetting generation and member id due to: consumer pro-actively leaving the group
2025-08-06 18:56:23,151 INFO  [org.apa.kaf.cli.con.int.ConsumerCoordinator] (Thread-868) [Consumer clientId=consumer-Consumer-topic-0dfead0e_3296_4c0d_acdc_9a87b8ae9dd5-37, groupId=Consumer-topic-0dfead0e_3296_4c0d_acdc_9a87b8ae9dd5] Request joining group due to: consumer pro-actively leaving the group
2025-08-06 18:56:23,646 INFO  [org.apa.kaf.com.met.Metrics] (Thread-868) Metrics scheduler closed
2025-08-06 18:56:23,646 INFO  [org.apa.kaf.com.met.Metrics] (Thread-868) Closing reporter org.apache.kafka.common.metrics.JmxReporter
2025-08-06 18:56:23,646 INFO  [org.apa.kaf.com.met.Metrics] (Thread-868) Closing reporter org.apache.kafka.common.telemetry.internals.ClientTelemetryReporter
2025-08-06 18:56:23,646 INFO  [org.apa.kaf.com.met.Metrics] (Thread-868) Metrics reporters closed
2025-08-06 18:56:23,648 INFO  [org.apa.kaf.com.uti.AppInfoParser] (Thread-868) App info kafka.consumer for consumer-Consumer-topic-0dfead0e_3296_4c0d_acdc_9a87b8ae9dd5-37 unregistered
2025-08-06 18:56:23,806 INFO  [io.api.tes.ser.con.BasicConfluentSerDesIT] (main) Deleting confluent schema topic-0dfead0e_3296_4c0d_acdc_9a87b8ae9dd5-value
2025-08-06 18:56:23,888 INFO  [io.api.tes.uti.TestSeparator] (main) io.apicurio.tests.serdes.confluent.BasicConfluentSerDesIT.testAvroConfluentApicurio-FINISHED
2025-08-06 18:56:23,888 INFO  [io.api.tes.uti.TestSeparator] (main) ############################################################################
Test passed: testAvroConfluentApicurio
]]></system-out>
  </testcase>
  <testcase name="testAvroConfluentSerDesWrongStrategyTopic" classname="io.apicurio.tests.serdes.confluent.BasicConfluentSerDesIT" time="0.589">
    <system-out><![CDATA[2025-08-06 18:56:23,889 INFO  [io.api.tes.uti.TestSeparator] (main) ############################################################################
2025-08-06 18:56:23,890 INFO  [io.api.tes.uti.TestSeparator] (main) io.apicurio.tests.serdes.confluent.BasicConfluentSerDesIT.testAvroConfluentSerDesWrongStrategyTopic-STARTED
2025-08-06 18:56:24,068 INFO  [io.api.tes.ser.con.BasicConfluentSerDesIT] (main) Checking that created schema is equal to the get schema
2025-08-06 18:56:24,148 INFO  [io.api.tes.ser.con.BasicConfluentSerDesIT] (main) Created schema with id:47 and name:myrecordconfluent3
**** Registry Base URL: http://registry-app-pg17.apps.ci419.apicurio-testing.org:80
2025-08-06 18:56:24,148 INFO  [org.apa.kaf.cli.pro.ProducerConfig] (main) ProducerConfig values: 
	acks = -1
	auto.include.jmx.reporter = true
	batch.size = 16384
	bootstrap.servers = [PLAINTEXT://localhost:32769]
	buffer.memory = 33554432
	client.dns.lookup = use_all_dns_ips
	client.id = Producer-topic-b3aa56c3_890e_491d_a0b9_e1f314133ec1
	compression.gzip.level = -1
	compression.lz4.level = 9
	compression.type = none
	compression.zstd.level = 3
	connections.max.idle.ms = 10000
	delivery.timeout.ms = 120000
	enable.idempotence = true
	enable.metrics.push = true
	interceptor.classes = []
	key.serializer = class org.apache.kafka.common.serialization.StringSerializer
	linger.ms = 0
	max.block.ms = 60000
	max.in.flight.requests.per.connection = 5
	max.request.size = 1048576
	metadata.max.age.ms = 300000
	metadata.max.idle.ms = 300000
	metadata.recovery.strategy = none
	metric.reporters = []
	metrics.num.samples = 2
	metrics.recording.level = INFO
	metrics.sample.window.ms = 30000
	partitioner.adaptive.partitioning.enable = true
	partitioner.availability.timeout.ms = 0
	partitioner.class = null
	partitioner.ignore.keys = false
	receive.buffer.bytes = 32768
	reconnect.backoff.max.ms = 1000
	reconnect.backoff.ms = 50
	request.timeout.ms = 5000
	retries = 2147483647
	retry.backoff.max.ms = 1000
	retry.backoff.ms = 100
	sasl.client.callback.handler.class = null
	sasl.jaas.config = null
	sasl.kerberos.kinit.cmd = /usr/bin/kinit
	sasl.kerberos.min.time.before.relogin = 60000
	sasl.kerberos.service.name = null
	sasl.kerberos.ticket.renew.jitter = 0.05
	sasl.kerberos.ticket.renew.window.factor = 0.8
	sasl.login.callback.handler.class = null
	sasl.login.class = null
	sasl.login.connect.timeout.ms = null
	sasl.login.read.timeout.ms = null
	sasl.login.refresh.buffer.seconds = 300
	sasl.login.refresh.min.period.seconds = 60
	sasl.login.refresh.window.factor = 0.8
	sasl.login.refresh.window.jitter = 0.05
	sasl.login.retry.backoff.max.ms = 10000
	sasl.login.retry.backoff.ms = 100
	sasl.mechanism = GSSAPI
	sasl.oauthbearer.clock.skew.seconds = 30
	sasl.oauthbearer.expected.audience = null
	sasl.oauthbearer.expected.issuer = null
	sasl.oauthbearer.header.urlencode = false
	sasl.oauthbearer.jwks.endpoint.refresh.ms = 3600000
	sasl.oauthbearer.jwks.endpoint.retry.backoff.max.ms = 10000
	sasl.oauthbearer.jwks.endpoint.retry.backoff.ms = 100
	sasl.oauthbearer.jwks.endpoint.url = null
	sasl.oauthbearer.scope.claim.name = scope
	sasl.oauthbearer.sub.claim.name = sub
	sasl.oauthbearer.token.endpoint.url = null
	security.protocol = PLAINTEXT
	security.providers = null
	send.buffer.bytes = 131072
	socket.connection.setup.timeout.max.ms = 30000
	socket.connection.setup.timeout.ms = 10000
	ssl.cipher.suites = null
	ssl.enabled.protocols = [TLSv1.2, TLSv1.3]
	ssl.endpoint.identification.algorithm = https
	ssl.engine.factory.class = null
	ssl.key.password = null
	ssl.keymanager.algorithm = SunX509
	ssl.keystore.certificate.chain = null
	ssl.keystore.key = null
	ssl.keystore.location = null
	ssl.keystore.password = null
	ssl.keystore.type = JKS
	ssl.protocol = TLSv1.3
	ssl.provider = null
	ssl.secure.random.implementation = null
	ssl.trustmanager.algorithm = PKIX
	ssl.truststore.certificates = null
	ssl.truststore.location = null
	ssl.truststore.password = null
	ssl.truststore.type = JKS
	transaction.timeout.ms = 60000
	transactional.id = null
	value.serializer = class io.confluent.kafka.serializers.KafkaAvroSerializer

2025-08-06 18:56:24,149 INFO  [org.apa.kaf.com.tel.int.KafkaMetricsCollector] (main) initializing Kafka metrics collector
2025-08-06 18:56:24,149 INFO  [io.con.kaf.ser.KafkaAvroSerializerConfig] (main) KafkaAvroSerializerConfig values: 
	auto.register.schemas = false
	avro.reflection.allow.null = false
	avro.remove.java.properties = false
	avro.use.logical.type.converters = false
	basic.auth.credentials.source = URL
	basic.auth.user.info = [hidden]
	bearer.auth.cache.expiry.buffer.seconds = 300
	bearer.auth.client.id = null
	bearer.auth.client.secret = null
	bearer.auth.credentials.source = STATIC_TOKEN
	bearer.auth.custom.provider.class = null
	bearer.auth.identity.pool.id = null
	bearer.auth.issuer.endpoint.url = null
	bearer.auth.logical.cluster = null
	bearer.auth.scope = null
	bearer.auth.scope.claim.name = scope
	bearer.auth.sub.claim.name = sub
	bearer.auth.token = [hidden]
	context.name.strategy = class io.confluent.kafka.serializers.context.NullContextNameStrategy
	http.connect.timeout.ms = 60000
	http.read.timeout.ms = 60000
	id.compatibility.strict = true
	key.schema.id.deserializer = class io.confluent.kafka.serializers.schema.id.DualSchemaIdDeserializer
	key.schema.id.serializer = class io.confluent.kafka.serializers.schema.id.PrefixSchemaIdSerializer
	key.subject.name.strategy = class io.confluent.kafka.serializers.subject.TopicNameStrategy
	latest.cache.size = 1000
	latest.cache.ttl.sec = -1
	latest.compatibility.strict = true
	max.retries = 3
	max.schemas.per.subject = 1000
	normalize.schemas = false
	propagate.schema.tags = false
	proxy.host = 
	proxy.port = -1
	retries.max.wait.ms = 20000
	retries.wait.ms = 1000
	rule.actions = []
	rule.executors = []
	rule.service.loader.enable = true
	schema.format = null
	schema.reflection = false
	schema.registry.basic.auth.user.info = [hidden]
	schema.registry.ssl.cipher.suites = null
	schema.registry.ssl.enabled.protocols = [TLSv1.2, TLSv1.3]
	schema.registry.ssl.endpoint.identification.algorithm = https
	schema.registry.ssl.engine.factory.class = null
	schema.registry.ssl.key.password = null
	schema.registry.ssl.keymanager.algorithm = SunX509
	schema.registry.ssl.keystore.certificate.chain = null
	schema.registry.ssl.keystore.key = null
	schema.registry.ssl.keystore.location = null
	schema.registry.ssl.keystore.password = null
	schema.registry.ssl.keystore.type = JKS
	schema.registry.ssl.protocol = TLSv1.3
	schema.registry.ssl.provider = null
	schema.registry.ssl.secure.random.implementation = null
	schema.registry.ssl.trustmanager.algorithm = PKIX
	schema.registry.ssl.truststore.certificates = null
	schema.registry.ssl.truststore.location = null
	schema.registry.ssl.truststore.password = null
	schema.registry.ssl.truststore.type = JKS
	schema.registry.url = [http://registry-app-pg17.apps.ci419.apicurio-testing.org:80/apis/ccompat/v7]
	schema.registry.url.randomize = false
	use.latest.version = false
	use.latest.with.metadata = null
	use.schema.id = -1
	value.schema.id.deserializer = class io.confluent.kafka.serializers.schema.id.DualSchemaIdDeserializer
	value.schema.id.serializer = class io.confluent.kafka.serializers.schema.id.PrefixSchemaIdSerializer
	value.subject.name.strategy = class io.confluent.kafka.serializers.subject.TopicNameStrategy

2025-08-06 18:56:24,151 INFO  [org.apa.kaf.cli.pro.KafkaProducer] (main) [Producer clientId=Producer-topic-b3aa56c3_890e_491d_a0b9_e1f314133ec1] Instantiated an idempotent producer.
2025-08-06 18:56:24,152 INFO  [org.apa.kaf.cli.pro.ProducerConfig] (main) These configurations '[schema.registry.url, auto.register.schemas, value.subject.name.strategy]' were supplied but are not used yet.
2025-08-06 18:56:24,152 INFO  [org.apa.kaf.com.uti.AppInfoParser] (main) Kafka version: 3.9.1
2025-08-06 18:56:24,152 INFO  [org.apa.kaf.com.uti.AppInfoParser] (main) Kafka commitId: f745dfdcee2b9851
2025-08-06 18:56:24,152 INFO  [org.apa.kaf.com.uti.AppInfoParser] (main) Kafka startTimeMs: 1754506584152
2025-08-06 18:56:24,153 INFO  [io.api.tes.ser.api.KafkaSerdesTester] (Thread-869) Sending message {"key1": "value-0"} to topic topic-b3aa56c3_890e_491d_a0b9_e1f314133ec1
2025-08-06 18:56:24,156 INFO  [org.apa.kaf.cli.Metadata] (kafka-producer-network-thread | Producer-topic-b3aa56c3_890e_491d_a0b9_e1f314133ec1) [Producer clientId=Producer-topic-b3aa56c3_890e_491d_a0b9_e1f314133ec1] Cluster ID: igMICRUWSZmdRuxlP-JQ6A
2025-08-06 18:56:24,156 INFO  [org.apa.kaf.cli.pro.int.TransactionManager] (kafka-producer-network-thread | Producer-topic-b3aa56c3_890e_491d_a0b9_e1f314133ec1) [Producer clientId=Producer-topic-b3aa56c3_890e_491d_a0b9_e1f314133ec1] ProducerId set to 50 with epoch 0
2025-08-06 18:56:24,239 INFO  [org.apa.kaf.cli.pro.KafkaProducer] (Thread-869) [Producer clientId=Producer-topic-b3aa56c3_890e_491d_a0b9_e1f314133ec1] Closing the Kafka producer with timeoutMillis = 9223372036854775807 ms.
2025-08-06 18:56:24,240 INFO  [org.apa.kaf.com.met.Metrics] (Thread-869) Metrics scheduler closed
2025-08-06 18:56:24,240 INFO  [org.apa.kaf.com.met.Metrics] (Thread-869) Closing reporter org.apache.kafka.common.metrics.JmxReporter
2025-08-06 18:56:24,240 INFO  [org.apa.kaf.com.met.Metrics] (Thread-869) Closing reporter org.apache.kafka.common.telemetry.internals.ClientTelemetryReporter
2025-08-06 18:56:24,240 INFO  [org.apa.kaf.com.met.Metrics] (Thread-869) Metrics reporters closed
2025-08-06 18:56:24,240 INFO  [org.apa.kaf.com.uti.AppInfoParser] (Thread-869) App info kafka.producer for Producer-topic-b3aa56c3_890e_491d_a0b9_e1f314133ec1 unregistered
2025-08-06 18:56:24,397 INFO  [io.api.tes.ser.con.BasicConfluentSerDesIT] (main) Deleting confluent schema myrecordconfluent3
2025-08-06 18:56:24,478 INFO  [io.api.tes.uti.TestSeparator] (main) io.apicurio.tests.serdes.confluent.BasicConfluentSerDesIT.testAvroConfluentSerDesWrongStrategyTopic-FINISHED
2025-08-06 18:56:24,478 INFO  [io.api.tes.uti.TestSeparator] (main) ############################################################################
Test passed: testAvroConfluentSerDesWrongStrategyTopic
]]></system-out>
  </testcase>
  <testcase name="testAvroApicurioConfluent" classname="io.apicurio.tests.serdes.confluent.BasicConfluentSerDesIT" time="5.204">
    <system-out><![CDATA[2025-08-06 18:56:24,479 INFO  [io.api.tes.uti.TestSeparator] (main) ############################################################################
2025-08-06 18:56:24,479 INFO  [io.api.tes.uti.TestSeparator] (main) io.apicurio.tests.serdes.confluent.BasicConfluentSerDesIT.testAvroApicurioConfluent-STARTED
**** Registry Base URL: http://registry-app-pg17.apps.ci419.apicurio-testing.org:80
2025-08-06 18:56:25,661 INFO  [org.apa.kaf.cli.pro.ProducerConfig] (main) ProducerConfig values: 
	acks = -1
	auto.include.jmx.reporter = true
	batch.size = 16384
	bootstrap.servers = [PLAINTEXT://localhost:32769]
	buffer.memory = 33554432
	client.dns.lookup = use_all_dns_ips
	client.id = Producer-topic-f153cc9b_3da5_48e7_9641_027e13f9dddc
	compression.gzip.level = -1
	compression.lz4.level = 9
	compression.type = none
	compression.zstd.level = 3
	connections.max.idle.ms = 10000
	delivery.timeout.ms = 120000
	enable.idempotence = true
	enable.metrics.push = true
	interceptor.classes = []
	key.serializer = class org.apache.kafka.common.serialization.StringSerializer
	linger.ms = 0
	max.block.ms = 60000
	max.in.flight.requests.per.connection = 5
	max.request.size = 1048576
	metadata.max.age.ms = 300000
	metadata.max.idle.ms = 300000
	metadata.recovery.strategy = none
	metric.reporters = []
	metrics.num.samples = 2
	metrics.recording.level = INFO
	metrics.sample.window.ms = 30000
	partitioner.adaptive.partitioning.enable = true
	partitioner.availability.timeout.ms = 0
	partitioner.class = null
	partitioner.ignore.keys = false
	receive.buffer.bytes = 32768
	reconnect.backoff.max.ms = 1000
	reconnect.backoff.ms = 50
	request.timeout.ms = 5000
	retries = 2147483647
	retry.backoff.max.ms = 1000
	retry.backoff.ms = 100
	sasl.client.callback.handler.class = null
	sasl.jaas.config = null
	sasl.kerberos.kinit.cmd = /usr/bin/kinit
	sasl.kerberos.min.time.before.relogin = 60000
	sasl.kerberos.service.name = null
	sasl.kerberos.ticket.renew.jitter = 0.05
	sasl.kerberos.ticket.renew.window.factor = 0.8
	sasl.login.callback.handler.class = null
	sasl.login.class = null
	sasl.login.connect.timeout.ms = null
	sasl.login.read.timeout.ms = null
	sasl.login.refresh.buffer.seconds = 300
	sasl.login.refresh.min.period.seconds = 60
	sasl.login.refresh.window.factor = 0.8
	sasl.login.refresh.window.jitter = 0.05
	sasl.login.retry.backoff.max.ms = 10000
	sasl.login.retry.backoff.ms = 100
	sasl.mechanism = GSSAPI
	sasl.oauthbearer.clock.skew.seconds = 30
	sasl.oauthbearer.expected.audience = null
	sasl.oauthbearer.expected.issuer = null
	sasl.oauthbearer.header.urlencode = false
	sasl.oauthbearer.jwks.endpoint.refresh.ms = 3600000
	sasl.oauthbearer.jwks.endpoint.retry.backoff.max.ms = 10000
	sasl.oauthbearer.jwks.endpoint.retry.backoff.ms = 100
	sasl.oauthbearer.jwks.endpoint.url = null
	sasl.oauthbearer.scope.claim.name = scope
	sasl.oauthbearer.sub.claim.name = sub
	sasl.oauthbearer.token.endpoint.url = null
	security.protocol = PLAINTEXT
	security.providers = null
	send.buffer.bytes = 131072
	socket.connection.setup.timeout.max.ms = 30000
	socket.connection.setup.timeout.ms = 10000
	ssl.cipher.suites = null
	ssl.enabled.protocols = [TLSv1.2, TLSv1.3]
	ssl.endpoint.identification.algorithm = https
	ssl.engine.factory.class = null
	ssl.key.password = null
	ssl.keymanager.algorithm = SunX509
	ssl.keystore.certificate.chain = null
	ssl.keystore.key = null
	ssl.keystore.location = null
	ssl.keystore.password = null
	ssl.keystore.type = JKS
	ssl.protocol = TLSv1.3
	ssl.provider = null
	ssl.secure.random.implementation = null
	ssl.trustmanager.algorithm = PKIX
	ssl.truststore.certificates = null
	ssl.truststore.location = null
	ssl.truststore.password = null
	ssl.truststore.type = JKS
	transaction.timeout.ms = 60000
	transactional.id = null
	value.serializer = class io.apicurio.registry.serde.avro.AvroKafkaSerializer

2025-08-06 18:56:25,661 INFO  [org.apa.kaf.com.tel.int.KafkaMetricsCollector] (main) initializing Kafka metrics collector
2025-08-06 18:56:25,664 INFO  [org.apa.kaf.cli.pro.KafkaProducer] (main) [Producer clientId=Producer-topic-f153cc9b_3da5_48e7_9641_027e13f9dddc] Instantiated an idempotent producer.
2025-08-06 18:56:25,665 INFO  [org.apa.kaf.cli.pro.ProducerConfig] (main) These configurations '[apicurio.registry.url, apicurio.registry.artifact-resolver-strategy]' were supplied but are not used yet.
2025-08-06 18:56:25,665 INFO  [org.apa.kaf.com.uti.AppInfoParser] (main) Kafka version: 3.9.1
2025-08-06 18:56:25,665 INFO  [org.apa.kaf.com.uti.AppInfoParser] (main) Kafka commitId: f745dfdcee2b9851
2025-08-06 18:56:25,665 INFO  [org.apa.kaf.com.uti.AppInfoParser] (main) Kafka startTimeMs: 1754506585665
2025-08-06 18:56:25,665 INFO  [io.api.tes.ser.api.SimpleSerdesTesterBuilder$SimpleSerdesTester] (main) Using producer configuration: {apicurio.registry.url=http://registry-app-pg17.apps.ci419.apicurio-testing.org:80/apis/registry/v3, apicurio.registry.artifact-resolver-strategy=io.apicurio.registry.serde.strategy.TopicIdStrategy, value.serializer=io.apicurio.registry.serde.avro.AvroKafkaSerializer, request.timeout.ms=5000, acks=all, bootstrap.servers=PLAINTEXT://localhost:32769, connections.max.idle.ms=10000, key.serializer=org.apache.kafka.common.serialization.StringSerializer, client.id=Producer-topic-f153cc9b_3da5_48e7_9641_027e13f9dddc}
2025-08-06 18:56:25,665 INFO  [io.api.tes.ser.api.SimpleSerdesTesterBuilder$SimpleSerdesTester] (main) Using consumer configuration: {}
2025-08-06 18:56:25,665 INFO  [io.api.tes.ser.api.KafkaSerdesTester] (Thread-872) Sending message {"key1": "value-0"} to topic topic-f153cc9b_3da5_48e7_9641_027e13f9dddc
2025-08-06 18:56:25,668 INFO  [org.apa.kaf.cli.Metadata] (kafka-producer-network-thread | Producer-topic-f153cc9b_3da5_48e7_9641_027e13f9dddc) [Producer clientId=Producer-topic-f153cc9b_3da5_48e7_9641_027e13f9dddc] Cluster ID: igMICRUWSZmdRuxlP-JQ6A
2025-08-06 18:56:25,668 INFO  [org.apa.kaf.cli.pro.int.TransactionManager] (kafka-producer-network-thread | Producer-topic-f153cc9b_3da5_48e7_9641_027e13f9dddc) [Producer clientId=Producer-topic-f153cc9b_3da5_48e7_9641_027e13f9dddc] ProducerId set to 51 with epoch 0
2025-08-06 18:56:25,668 INFO  [DefaultSchemaResolver] (Thread-872) Retrieving schema content using string: {"type":"record","name":"myrecordconfluent1","fields":[{"name":"key1","type":"string"}]}
2025-08-06 18:56:25,825 INFO  [io.api.tes.ser.api.KafkaSerdesTester] (Thread-872) Sending message {"key1": "value-1"} to topic topic-f153cc9b_3da5_48e7_9641_027e13f9dddc
2025-08-06 18:56:25,827 INFO  [io.api.tes.ser.api.KafkaSerdesTester] (Thread-872) Sending message {"key1": "value-2"} to topic topic-f153cc9b_3da5_48e7_9641_027e13f9dddc
2025-08-06 18:56:25,828 INFO  [io.api.tes.ser.api.KafkaSerdesTester] (Thread-872) Sending message {"key1": "value-3"} to topic topic-f153cc9b_3da5_48e7_9641_027e13f9dddc
2025-08-06 18:56:25,828 INFO  [io.api.tes.ser.api.KafkaSerdesTester] (Thread-872) Sending message {"key1": "value-4"} to topic topic-f153cc9b_3da5_48e7_9641_027e13f9dddc
2025-08-06 18:56:25,829 INFO  [io.api.tes.ser.api.KafkaSerdesTester] (Thread-872) Sending message {"key1": "value-5"} to topic topic-f153cc9b_3da5_48e7_9641_027e13f9dddc
2025-08-06 18:56:25,830 INFO  [io.api.tes.ser.api.KafkaSerdesTester] (Thread-872) Sending message {"key1": "value-6"} to topic topic-f153cc9b_3da5_48e7_9641_027e13f9dddc
2025-08-06 18:56:25,831 INFO  [io.api.tes.ser.api.KafkaSerdesTester] (Thread-872) Sending message {"key1": "value-7"} to topic topic-f153cc9b_3da5_48e7_9641_027e13f9dddc
2025-08-06 18:56:25,832 INFO  [io.api.tes.ser.api.KafkaSerdesTester] (Thread-872) Sending message {"key1": "value-8"} to topic topic-f153cc9b_3da5_48e7_9641_027e13f9dddc
2025-08-06 18:56:25,833 INFO  [io.api.tes.ser.api.KafkaSerdesTester] (Thread-872) Sending message {"key1": "value-9"} to topic topic-f153cc9b_3da5_48e7_9641_027e13f9dddc
2025-08-06 18:56:25,834 INFO  [io.api.tes.ser.api.KafkaSerdesTester] (Thread-872) Produced 10 messages
2025-08-06 18:56:25,834 INFO  [org.apa.kaf.cli.pro.KafkaProducer] (Thread-872) [Producer clientId=Producer-topic-f153cc9b_3da5_48e7_9641_027e13f9dddc] Closing the Kafka producer with timeoutMillis = 9223372036854775807 ms.
2025-08-06 18:56:25,835 INFO  [org.apa.kaf.com.met.Metrics] (Thread-872) Metrics scheduler closed
2025-08-06 18:56:25,835 INFO  [org.apa.kaf.com.met.Metrics] (Thread-872) Closing reporter org.apache.kafka.common.metrics.JmxReporter
2025-08-06 18:56:25,835 INFO  [org.apa.kaf.com.met.Metrics] (Thread-872) Closing reporter org.apache.kafka.common.telemetry.internals.ClientTelemetryReporter
2025-08-06 18:56:25,835 INFO  [org.apa.kaf.com.met.Metrics] (Thread-872) Metrics reporters closed
2025-08-06 18:56:25,835 INFO  [org.apa.kaf.com.uti.AppInfoParser] (Thread-872) App info kafka.producer for Producer-topic-f153cc9b_3da5_48e7_9641_027e13f9dddc unregistered
**** Registry Base URL: http://registry-app-pg17.apps.ci419.apicurio-testing.org:80
2025-08-06 18:56:25,836 INFO  [org.apa.kaf.cli.con.ConsumerConfig] (main) ConsumerConfig values: 
	allow.auto.create.topics = true
	auto.commit.interval.ms = 500
	auto.include.jmx.reporter = true
	auto.offset.reset = earliest
	bootstrap.servers = [PLAINTEXT://localhost:32769]
	check.crcs = true
	client.dns.lookup = use_all_dns_ips
	client.id = consumer-Consumer-topic-f153cc9b_3da5_48e7_9641_027e13f9dddc-38
	client.rack = 
	connections.max.idle.ms = 10000
	default.api.timeout.ms = 60000
	enable.auto.commit = true
	enable.metrics.push = true
	exclude.internal.topics = true
	fetch.max.bytes = 52428800
	fetch.max.wait.ms = 500
	fetch.min.bytes = 1
	group.id = Consumer-topic-f153cc9b_3da5_48e7_9641_027e13f9dddc
	group.instance.id = null
	group.protocol = classic
	group.remote.assignor = null
	heartbeat.interval.ms = 3000
	interceptor.classes = []
	internal.leave.group.on.close = true
	internal.throw.on.fetch.stable.offset.unsupported = false
	isolation.level = read_uncommitted
	key.deserializer = class org.apache.kafka.common.serialization.StringDeserializer
	max.partition.fetch.bytes = 1048576
	max.poll.interval.ms = 300000
	max.poll.records = 500
	metadata.max.age.ms = 300000
	metadata.recovery.strategy = none
	metric.reporters = []
	metrics.num.samples = 2
	metrics.recording.level = INFO
	metrics.sample.window.ms = 30000
	partition.assignment.strategy = [class org.apache.kafka.clients.consumer.RangeAssignor, class org.apache.kafka.clients.consumer.CooperativeStickyAssignor]
	receive.buffer.bytes = 65536
	reconnect.backoff.max.ms = 1000
	reconnect.backoff.ms = 50
	request.timeout.ms = 5000
	retry.backoff.max.ms = 1000
	retry.backoff.ms = 100
	sasl.client.callback.handler.class = null
	sasl.jaas.config = null
	sasl.kerberos.kinit.cmd = /usr/bin/kinit
	sasl.kerberos.min.time.before.relogin = 60000
	sasl.kerberos.service.name = null
	sasl.kerberos.ticket.renew.jitter = 0.05
	sasl.kerberos.ticket.renew.window.factor = 0.8
	sasl.login.callback.handler.class = null
	sasl.login.class = null
	sasl.login.connect.timeout.ms = null
	sasl.login.read.timeout.ms = null
	sasl.login.refresh.buffer.seconds = 300
	sasl.login.refresh.min.period.seconds = 60
	sasl.login.refresh.window.factor = 0.8
	sasl.login.refresh.window.jitter = 0.05
	sasl.login.retry.backoff.max.ms = 10000
	sasl.login.retry.backoff.ms = 100
	sasl.mechanism = GSSAPI
	sasl.oauthbearer.clock.skew.seconds = 30
	sasl.oauthbearer.expected.audience = null
	sasl.oauthbearer.expected.issuer = null
	sasl.oauthbearer.header.urlencode = false
	sasl.oauthbearer.jwks.endpoint.refresh.ms = 3600000
	sasl.oauthbearer.jwks.endpoint.retry.backoff.max.ms = 10000
	sasl.oauthbearer.jwks.endpoint.retry.backoff.ms = 100
	sasl.oauthbearer.jwks.endpoint.url = null
	sasl.oauthbearer.scope.claim.name = scope
	sasl.oauthbearer.sub.claim.name = sub
	sasl.oauthbearer.token.endpoint.url = null
	security.protocol = PLAINTEXT
	security.providers = null
	send.buffer.bytes = 131072
	session.timeout.ms = 45000
	socket.connection.setup.timeout.max.ms = 30000
	socket.connection.setup.timeout.ms = 10000
	ssl.cipher.suites = null
	ssl.enabled.protocols = [TLSv1.2, TLSv1.3]
	ssl.endpoint.identification.algorithm = https
	ssl.engine.factory.class = null
	ssl.key.password = null
	ssl.keymanager.algorithm = SunX509
	ssl.keystore.certificate.chain = null
	ssl.keystore.key = null
	ssl.keystore.location = null
	ssl.keystore.password = null
	ssl.keystore.type = JKS
	ssl.protocol = TLSv1.3
	ssl.provider = null
	ssl.secure.random.implementation = null
	ssl.trustmanager.algorithm = PKIX
	ssl.truststore.certificates = null
	ssl.truststore.location = null
	ssl.truststore.password = null
	ssl.truststore.type = JKS
	value.deserializer = class io.confluent.kafka.serializers.KafkaAvroDeserializer

2025-08-06 18:56:25,836 INFO  [org.apa.kaf.com.tel.int.KafkaMetricsCollector] (main) initializing Kafka metrics collector
2025-08-06 18:56:25,836 INFO  [io.con.kaf.ser.KafkaAvroDeserializerConfig] (main) KafkaAvroDeserializerConfig values: 
	auto.register.schemas = true
	avro.reflection.allow.null = false
	avro.use.logical.type.converters = false
	basic.auth.credentials.source = URL
	basic.auth.user.info = [hidden]
	bearer.auth.cache.expiry.buffer.seconds = 300
	bearer.auth.client.id = null
	bearer.auth.client.secret = null
	bearer.auth.credentials.source = STATIC_TOKEN
	bearer.auth.custom.provider.class = null
	bearer.auth.identity.pool.id = null
	bearer.auth.issuer.endpoint.url = null
	bearer.auth.logical.cluster = null
	bearer.auth.scope = null
	bearer.auth.scope.claim.name = scope
	bearer.auth.sub.claim.name = sub
	bearer.auth.token = [hidden]
	context.name.strategy = class io.confluent.kafka.serializers.context.NullContextNameStrategy
	http.connect.timeout.ms = 60000
	http.read.timeout.ms = 60000
	id.compatibility.strict = true
	key.schema.id.deserializer = class io.confluent.kafka.serializers.schema.id.DualSchemaIdDeserializer
	key.schema.id.serializer = class io.confluent.kafka.serializers.schema.id.PrefixSchemaIdSerializer
	key.subject.name.strategy = class io.confluent.kafka.serializers.subject.TopicNameStrategy
	latest.cache.size = 1000
	latest.cache.ttl.sec = -1
	latest.compatibility.strict = true
	max.retries = 3
	max.schemas.per.subject = 1000
	normalize.schemas = false
	propagate.schema.tags = false
	proxy.host = 
	proxy.port = -1
	retries.max.wait.ms = 20000
	retries.wait.ms = 1000
	rule.actions = []
	rule.executors = []
	rule.service.loader.enable = true
	schema.format = null
	schema.reflection = false
	schema.registry.basic.auth.user.info = [hidden]
	schema.registry.ssl.cipher.suites = null
	schema.registry.ssl.enabled.protocols = [TLSv1.2, TLSv1.3]
	schema.registry.ssl.endpoint.identification.algorithm = https
	schema.registry.ssl.engine.factory.class = null
	schema.registry.ssl.key.password = null
	schema.registry.ssl.keymanager.algorithm = SunX509
	schema.registry.ssl.keystore.certificate.chain = null
	schema.registry.ssl.keystore.key = null
	schema.registry.ssl.keystore.location = null
	schema.registry.ssl.keystore.password = null
	schema.registry.ssl.keystore.type = JKS
	schema.registry.ssl.protocol = TLSv1.3
	schema.registry.ssl.provider = null
	schema.registry.ssl.secure.random.implementation = null
	schema.registry.ssl.trustmanager.algorithm = PKIX
	schema.registry.ssl.truststore.certificates = null
	schema.registry.ssl.truststore.location = null
	schema.registry.ssl.truststore.password = null
	schema.registry.ssl.truststore.type = JKS
	schema.registry.url = [http://registry-app-pg17.apps.ci419.apicurio-testing.org:80/apis/ccompat/v7]
	schema.registry.url.randomize = false
	specific.avro.key.type = null
	specific.avro.reader = false
	specific.avro.value.type = null
	use.latest.version = false
	use.latest.with.metadata = null
	use.schema.id = -1
	value.schema.id.deserializer = class io.confluent.kafka.serializers.schema.id.DualSchemaIdDeserializer
	value.schema.id.serializer = class io.confluent.kafka.serializers.schema.id.PrefixSchemaIdSerializer
	value.subject.name.strategy = class io.confluent.kafka.serializers.subject.TopicNameStrategy

2025-08-06 18:56:25,840 INFO  [org.apa.kaf.cli.con.ConsumerConfig] (main) These configurations '[schema.registry.url]' were supplied but are not used yet.
2025-08-06 18:56:25,840 INFO  [org.apa.kaf.com.uti.AppInfoParser] (main) Kafka version: 3.9.1
2025-08-06 18:56:25,840 INFO  [org.apa.kaf.com.uti.AppInfoParser] (main) Kafka commitId: f745dfdcee2b9851
2025-08-06 18:56:25,840 INFO  [org.apa.kaf.com.uti.AppInfoParser] (main) Kafka startTimeMs: 1754506585840
2025-08-06 18:56:25,840 INFO  [org.apa.kaf.cli.con.int.ClassicKafkaConsumer] (Thread-873) [Consumer clientId=consumer-Consumer-topic-f153cc9b_3da5_48e7_9641_027e13f9dddc-38, groupId=Consumer-topic-f153cc9b_3da5_48e7_9641_027e13f9dddc] Subscribed to topic(s): topic-f153cc9b_3da5_48e7_9641_027e13f9dddc
2025-08-06 18:56:25,843 INFO  [org.apa.kaf.cli.Metadata] (Thread-873) [Consumer clientId=consumer-Consumer-topic-f153cc9b_3da5_48e7_9641_027e13f9dddc-38, groupId=Consumer-topic-f153cc9b_3da5_48e7_9641_027e13f9dddc] Cluster ID: igMICRUWSZmdRuxlP-JQ6A
2025-08-06 18:56:25,843 INFO  [org.apa.kaf.cli.con.int.ConsumerCoordinator] (Thread-873) [Consumer clientId=consumer-Consumer-topic-f153cc9b_3da5_48e7_9641_027e13f9dddc-38, groupId=Consumer-topic-f153cc9b_3da5_48e7_9641_027e13f9dddc] Discovered group coordinator localhost:32769 (id: 2147483647 rack: null)
2025-08-06 18:56:25,844 INFO  [org.apa.kaf.cli.con.int.ConsumerCoordinator] (Thread-873) [Consumer clientId=consumer-Consumer-topic-f153cc9b_3da5_48e7_9641_027e13f9dddc-38, groupId=Consumer-topic-f153cc9b_3da5_48e7_9641_027e13f9dddc] (Re-)joining group
2025-08-06 18:56:25,846 INFO  [org.apa.kaf.cli.con.int.ConsumerCoordinator] (Thread-873) [Consumer clientId=consumer-Consumer-topic-f153cc9b_3da5_48e7_9641_027e13f9dddc-38, groupId=Consumer-topic-f153cc9b_3da5_48e7_9641_027e13f9dddc] Request joining group due to: need to re-join with the given member-id: consumer-Consumer-topic-f153cc9b_3da5_48e7_9641_027e13f9dddc-38-420f360a-997c-43ab-836c-311e02f684c2
2025-08-06 18:56:25,846 INFO  [org.apa.kaf.cli.con.int.ConsumerCoordinator] (Thread-873) [Consumer clientId=consumer-Consumer-topic-f153cc9b_3da5_48e7_9641_027e13f9dddc-38, groupId=Consumer-topic-f153cc9b_3da5_48e7_9641_027e13f9dddc] (Re-)joining group
2025-08-06 18:56:26,841 INFO  [io.api.tes.ser.api.KafkaSerdesTester] (Thread-873) None found
2025-08-06 18:56:27,842 INFO  [io.api.tes.ser.api.KafkaSerdesTester] (Thread-873) None found
2025-08-06 18:56:28,842 INFO  [io.api.tes.ser.api.KafkaSerdesTester] (Thread-873) None found
2025-08-06 18:56:28,847 INFO  [org.apa.kaf.cli.con.int.ConsumerCoordinator] (Thread-873) [Consumer clientId=consumer-Consumer-topic-f153cc9b_3da5_48e7_9641_027e13f9dddc-38, groupId=Consumer-topic-f153cc9b_3da5_48e7_9641_027e13f9dddc] Successfully joined group with generation Generation{generationId=1, memberId='consumer-Consumer-topic-f153cc9b_3da5_48e7_9641_027e13f9dddc-38-420f360a-997c-43ab-836c-311e02f684c2', protocol='range'}
2025-08-06 18:56:28,847 INFO  [org.apa.kaf.cli.con.int.ConsumerCoordinator] (Thread-873) [Consumer clientId=consumer-Consumer-topic-f153cc9b_3da5_48e7_9641_027e13f9dddc-38, groupId=Consumer-topic-f153cc9b_3da5_48e7_9641_027e13f9dddc] Finished assignment for group at generation 1: {consumer-Consumer-topic-f153cc9b_3da5_48e7_9641_027e13f9dddc-38-420f360a-997c-43ab-836c-311e02f684c2=Assignment(partitions=[topic-f153cc9b_3da5_48e7_9641_027e13f9dddc-0])}
2025-08-06 18:56:28,853 INFO  [org.apa.kaf.cli.con.int.ConsumerCoordinator] (Thread-873) [Consumer clientId=consumer-Consumer-topic-f153cc9b_3da5_48e7_9641_027e13f9dddc-38, groupId=Consumer-topic-f153cc9b_3da5_48e7_9641_027e13f9dddc] Successfully synced group in generation Generation{generationId=1, memberId='consumer-Consumer-topic-f153cc9b_3da5_48e7_9641_027e13f9dddc-38-420f360a-997c-43ab-836c-311e02f684c2', protocol='range'}
2025-08-06 18:56:28,853 INFO  [org.apa.kaf.cli.con.int.ConsumerCoordinator] (Thread-873) [Consumer clientId=consumer-Consumer-topic-f153cc9b_3da5_48e7_9641_027e13f9dddc-38, groupId=Consumer-topic-f153cc9b_3da5_48e7_9641_027e13f9dddc] Notifying assignor about the new Assignment(partitions=[topic-f153cc9b_3da5_48e7_9641_027e13f9dddc-0])
2025-08-06 18:56:28,853 INFO  [org.apa.kaf.cli.con.int.ConsumerRebalanceListenerInvoker] (Thread-873) [Consumer clientId=consumer-Consumer-topic-f153cc9b_3da5_48e7_9641_027e13f9dddc-38, groupId=Consumer-topic-f153cc9b_3da5_48e7_9641_027e13f9dddc] Adding newly assigned partitions: topic-f153cc9b_3da5_48e7_9641_027e13f9dddc-0
2025-08-06 18:56:28,854 INFO  [org.apa.kaf.cli.con.int.ConsumerCoordinator] (Thread-873) [Consumer clientId=consumer-Consumer-topic-f153cc9b_3da5_48e7_9641_027e13f9dddc-38, groupId=Consumer-topic-f153cc9b_3da5_48e7_9641_027e13f9dddc] Found no committed offset for partition topic-f153cc9b_3da5_48e7_9641_027e13f9dddc-0
2025-08-06 18:56:28,858 INFO  [org.apa.kaf.cli.con.int.SubscriptionState] (Thread-873) [Consumer clientId=consumer-Consumer-topic-f153cc9b_3da5_48e7_9641_027e13f9dddc-38, groupId=Consumer-topic-f153cc9b_3da5_48e7_9641_027e13f9dddc] Resetting offset for partition topic-f153cc9b_3da5_48e7_9641_027e13f9dddc-0 to position FetchPosition{offset=0, offsetEpoch=Optional.empty, currentLeader=LeaderAndEpoch{leader=Optional[localhost:32769 (id: 0 rack: null)], epoch=0}}.
2025-08-06 18:56:28,941 INFO  [io.api.tes.ser.api.KafkaSerdesTester] (Thread-873) topic-f153cc9b_3da5_48e7_9641_027e13f9dddc 0 0 {"key1": "value-0"}
2025-08-06 18:56:28,941 INFO  [io.api.tes.ser.api.KafkaSerdesTester] (Thread-873) topic-f153cc9b_3da5_48e7_9641_027e13f9dddc 0 1 {"key1": "value-1"}
2025-08-06 18:56:28,941 INFO  [io.api.tes.ser.api.KafkaSerdesTester] (Thread-873) topic-f153cc9b_3da5_48e7_9641_027e13f9dddc 0 2 {"key1": "value-2"}
2025-08-06 18:56:28,941 INFO  [io.api.tes.ser.api.KafkaSerdesTester] (Thread-873) topic-f153cc9b_3da5_48e7_9641_027e13f9dddc 0 3 {"key1": "value-3"}
2025-08-06 18:56:28,941 INFO  [io.api.tes.ser.api.KafkaSerdesTester] (Thread-873) topic-f153cc9b_3da5_48e7_9641_027e13f9dddc 0 4 {"key1": "value-4"}
2025-08-06 18:56:28,941 INFO  [io.api.tes.ser.api.KafkaSerdesTester] (Thread-873) topic-f153cc9b_3da5_48e7_9641_027e13f9dddc 0 5 {"key1": "value-5"}
2025-08-06 18:56:28,941 INFO  [io.api.tes.ser.api.KafkaSerdesTester] (Thread-873) topic-f153cc9b_3da5_48e7_9641_027e13f9dddc 0 6 {"key1": "value-6"}
2025-08-06 18:56:28,941 INFO  [io.api.tes.ser.api.KafkaSerdesTester] (Thread-873) topic-f153cc9b_3da5_48e7_9641_027e13f9dddc 0 7 {"key1": "value-7"}
2025-08-06 18:56:28,941 INFO  [io.api.tes.ser.api.KafkaSerdesTester] (Thread-873) topic-f153cc9b_3da5_48e7_9641_027e13f9dddc 0 8 {"key1": "value-8"}
2025-08-06 18:56:28,941 INFO  [io.api.tes.ser.api.KafkaSerdesTester] (Thread-873) topic-f153cc9b_3da5_48e7_9641_027e13f9dddc 0 9 {"key1": "value-9"}
2025-08-06 18:56:28,941 INFO  [io.api.tes.ser.api.KafkaSerdesTester] (Thread-873) Consumed 10 messages
2025-08-06 18:56:28,948 INFO  [org.apa.kaf.cli.con.int.ConsumerRebalanceListenerInvoker] (Thread-873) [Consumer clientId=consumer-Consumer-topic-f153cc9b_3da5_48e7_9641_027e13f9dddc-38, groupId=Consumer-topic-f153cc9b_3da5_48e7_9641_027e13f9dddc] Revoke previously assigned partitions topic-f153cc9b_3da5_48e7_9641_027e13f9dddc-0
2025-08-06 18:56:28,948 INFO  [org.apa.kaf.cli.con.int.ConsumerCoordinator] (Thread-873) [Consumer clientId=consumer-Consumer-topic-f153cc9b_3da5_48e7_9641_027e13f9dddc-38, groupId=Consumer-topic-f153cc9b_3da5_48e7_9641_027e13f9dddc] Member consumer-Consumer-topic-f153cc9b_3da5_48e7_9641_027e13f9dddc-38-420f360a-997c-43ab-836c-311e02f684c2 sending LeaveGroup request to coordinator localhost:32769 (id: 2147483647 rack: null) due to the consumer is being closed
2025-08-06 18:56:28,948 INFO  [org.apa.kaf.cli.con.int.ConsumerCoordinator] (Thread-873) [Consumer clientId=consumer-Consumer-topic-f153cc9b_3da5_48e7_9641_027e13f9dddc-38, groupId=Consumer-topic-f153cc9b_3da5_48e7_9641_027e13f9dddc] Resetting generation and member id due to: consumer pro-actively leaving the group
2025-08-06 18:56:28,948 INFO  [org.apa.kaf.cli.con.int.ConsumerCoordinator] (Thread-873) [Consumer clientId=consumer-Consumer-topic-f153cc9b_3da5_48e7_9641_027e13f9dddc-38, groupId=Consumer-topic-f153cc9b_3da5_48e7_9641_027e13f9dddc] Request joining group due to: consumer pro-actively leaving the group
2025-08-06 18:56:29,443 INFO  [org.apa.kaf.com.met.Metrics] (Thread-873) Metrics scheduler closed
2025-08-06 18:56:29,443 INFO  [org.apa.kaf.com.met.Metrics] (Thread-873) Closing reporter org.apache.kafka.common.metrics.JmxReporter
2025-08-06 18:56:29,443 INFO  [org.apa.kaf.com.met.Metrics] (Thread-873) Closing reporter org.apache.kafka.common.telemetry.internals.ClientTelemetryReporter
2025-08-06 18:56:29,443 INFO  [org.apa.kaf.com.met.Metrics] (Thread-873) Metrics reporters closed
2025-08-06 18:56:29,445 INFO  [org.apa.kaf.com.uti.AppInfoParser] (Thread-873) App info kafka.consumer for consumer-Consumer-topic-f153cc9b_3da5_48e7_9641_027e13f9dddc-38 unregistered
2025-08-06 18:56:29,601 INFO  [io.api.tes.ser.con.BasicConfluentSerDesIT] (main) Deleting confluent schema topic-f153cc9b_3da5_48e7_9641_027e13f9dddc-value
2025-08-06 18:56:29,683 INFO  [io.api.tes.uti.TestSeparator] (main) io.apicurio.tests.serdes.confluent.BasicConfluentSerDesIT.testAvroApicurioConfluent-FINISHED
2025-08-06 18:56:29,683 INFO  [io.api.tes.uti.TestSeparator] (main) ############################################################################
Test passed: testAvroApicurioConfluent
]]></system-out>
  </testcase>
  <testcase name="testAvroConfluentSerDesFail" classname="io.apicurio.tests.serdes.confluent.BasicConfluentSerDesIT" time="0.794">
    <system-out><![CDATA[2025-08-06 18:56:29,684 INFO  [io.api.tes.uti.TestSeparator] (main) ############################################################################
2025-08-06 18:56:29,684 INFO  [io.api.tes.uti.TestSeparator] (main) io.apicurio.tests.serdes.confluent.BasicConfluentSerDesIT.testAvroConfluentSerDesFail-STARTED
2025-08-06 18:56:29,860 INFO  [io.api.tes.ser.con.BasicConfluentSerDesIT] (main) Checking that created schema is equal to the get schema
2025-08-06 18:56:30,153 INFO  [io.api.tes.ser.con.BasicConfluentSerDesIT] (main) Created schema with id:49 and name:myrecordconfluent2
**** Registry Base URL: http://registry-app-pg17.apps.ci419.apicurio-testing.org:80
2025-08-06 18:56:30,153 INFO  [org.apa.kaf.cli.pro.ProducerConfig] (main) ProducerConfig values: 
	acks = -1
	auto.include.jmx.reporter = true
	batch.size = 16384
	bootstrap.servers = [PLAINTEXT://localhost:32769]
	buffer.memory = 33554432
	client.dns.lookup = use_all_dns_ips
	client.id = Producer-topic-dcecfc5a_cc96_4fd2_931b_8c1784e3709e
	compression.gzip.level = -1
	compression.lz4.level = 9
	compression.type = none
	compression.zstd.level = 3
	connections.max.idle.ms = 10000
	delivery.timeout.ms = 120000
	enable.idempotence = true
	enable.metrics.push = true
	interceptor.classes = []
	key.serializer = class org.apache.kafka.common.serialization.StringSerializer
	linger.ms = 0
	max.block.ms = 60000
	max.in.flight.requests.per.connection = 5
	max.request.size = 1048576
	metadata.max.age.ms = 300000
	metadata.max.idle.ms = 300000
	metadata.recovery.strategy = none
	metric.reporters = []
	metrics.num.samples = 2
	metrics.recording.level = INFO
	metrics.sample.window.ms = 30000
	partitioner.adaptive.partitioning.enable = true
	partitioner.availability.timeout.ms = 0
	partitioner.class = null
	partitioner.ignore.keys = false
	receive.buffer.bytes = 32768
	reconnect.backoff.max.ms = 1000
	reconnect.backoff.ms = 50
	request.timeout.ms = 5000
	retries = 2147483647
	retry.backoff.max.ms = 1000
	retry.backoff.ms = 100
	sasl.client.callback.handler.class = null
	sasl.jaas.config = null
	sasl.kerberos.kinit.cmd = /usr/bin/kinit
	sasl.kerberos.min.time.before.relogin = 60000
	sasl.kerberos.service.name = null
	sasl.kerberos.ticket.renew.jitter = 0.05
	sasl.kerberos.ticket.renew.window.factor = 0.8
	sasl.login.callback.handler.class = null
	sasl.login.class = null
	sasl.login.connect.timeout.ms = null
	sasl.login.read.timeout.ms = null
	sasl.login.refresh.buffer.seconds = 300
	sasl.login.refresh.min.period.seconds = 60
	sasl.login.refresh.window.factor = 0.8
	sasl.login.refresh.window.jitter = 0.05
	sasl.login.retry.backoff.max.ms = 10000
	sasl.login.retry.backoff.ms = 100
	sasl.mechanism = GSSAPI
	sasl.oauthbearer.clock.skew.seconds = 30
	sasl.oauthbearer.expected.audience = null
	sasl.oauthbearer.expected.issuer = null
	sasl.oauthbearer.header.urlencode = false
	sasl.oauthbearer.jwks.endpoint.refresh.ms = 3600000
	sasl.oauthbearer.jwks.endpoint.retry.backoff.max.ms = 10000
	sasl.oauthbearer.jwks.endpoint.retry.backoff.ms = 100
	sasl.oauthbearer.jwks.endpoint.url = null
	sasl.oauthbearer.scope.claim.name = scope
	sasl.oauthbearer.sub.claim.name = sub
	sasl.oauthbearer.token.endpoint.url = null
	security.protocol = PLAINTEXT
	security.providers = null
	send.buffer.bytes = 131072
	socket.connection.setup.timeout.max.ms = 30000
	socket.connection.setup.timeout.ms = 10000
	ssl.cipher.suites = null
	ssl.enabled.protocols = [TLSv1.2, TLSv1.3]
	ssl.endpoint.identification.algorithm = https
	ssl.engine.factory.class = null
	ssl.key.password = null
	ssl.keymanager.algorithm = SunX509
	ssl.keystore.certificate.chain = null
	ssl.keystore.key = null
	ssl.keystore.location = null
	ssl.keystore.password = null
	ssl.keystore.type = JKS
	ssl.protocol = TLSv1.3
	ssl.provider = null
	ssl.secure.random.implementation = null
	ssl.trustmanager.algorithm = PKIX
	ssl.truststore.certificates = null
	ssl.truststore.location = null
	ssl.truststore.password = null
	ssl.truststore.type = JKS
	transaction.timeout.ms = 60000
	transactional.id = null
	value.serializer = class io.confluent.kafka.serializers.KafkaAvroSerializer

2025-08-06 18:56:30,154 INFO  [org.apa.kaf.com.tel.int.KafkaMetricsCollector] (main) initializing Kafka metrics collector
2025-08-06 18:56:30,154 INFO  [io.con.kaf.ser.KafkaAvroSerializerConfig] (main) KafkaAvroSerializerConfig values: 
	auto.register.schemas = false
	avro.reflection.allow.null = false
	avro.remove.java.properties = false
	avro.use.logical.type.converters = false
	basic.auth.credentials.source = URL
	basic.auth.user.info = [hidden]
	bearer.auth.cache.expiry.buffer.seconds = 300
	bearer.auth.client.id = null
	bearer.auth.client.secret = null
	bearer.auth.credentials.source = STATIC_TOKEN
	bearer.auth.custom.provider.class = null
	bearer.auth.identity.pool.id = null
	bearer.auth.issuer.endpoint.url = null
	bearer.auth.logical.cluster = null
	bearer.auth.scope = null
	bearer.auth.scope.claim.name = scope
	bearer.auth.sub.claim.name = sub
	bearer.auth.token = [hidden]
	context.name.strategy = class io.confluent.kafka.serializers.context.NullContextNameStrategy
	http.connect.timeout.ms = 60000
	http.read.timeout.ms = 60000
	id.compatibility.strict = true
	key.schema.id.deserializer = class io.confluent.kafka.serializers.schema.id.DualSchemaIdDeserializer
	key.schema.id.serializer = class io.confluent.kafka.serializers.schema.id.PrefixSchemaIdSerializer
	key.subject.name.strategy = class io.confluent.kafka.serializers.subject.TopicNameStrategy
	latest.cache.size = 1000
	latest.cache.ttl.sec = -1
	latest.compatibility.strict = true
	max.retries = 3
	max.schemas.per.subject = 1000
	normalize.schemas = false
	propagate.schema.tags = false
	proxy.host = 
	proxy.port = -1
	retries.max.wait.ms = 20000
	retries.wait.ms = 1000
	rule.actions = []
	rule.executors = []
	rule.service.loader.enable = true
	schema.format = null
	schema.reflection = false
	schema.registry.basic.auth.user.info = [hidden]
	schema.registry.ssl.cipher.suites = null
	schema.registry.ssl.enabled.protocols = [TLSv1.2, TLSv1.3]
	schema.registry.ssl.endpoint.identification.algorithm = https
	schema.registry.ssl.engine.factory.class = null
	schema.registry.ssl.key.password = null
	schema.registry.ssl.keymanager.algorithm = SunX509
	schema.registry.ssl.keystore.certificate.chain = null
	schema.registry.ssl.keystore.key = null
	schema.registry.ssl.keystore.location = null
	schema.registry.ssl.keystore.password = null
	schema.registry.ssl.keystore.type = JKS
	schema.registry.ssl.protocol = TLSv1.3
	schema.registry.ssl.provider = null
	schema.registry.ssl.secure.random.implementation = null
	schema.registry.ssl.trustmanager.algorithm = PKIX
	schema.registry.ssl.truststore.certificates = null
	schema.registry.ssl.truststore.location = null
	schema.registry.ssl.truststore.password = null
	schema.registry.ssl.truststore.type = JKS
	schema.registry.url = [http://registry-app-pg17.apps.ci419.apicurio-testing.org:80/apis/ccompat/v7]
	schema.registry.url.randomize = false
	use.latest.version = false
	use.latest.with.metadata = null
	use.schema.id = -1
	value.schema.id.deserializer = class io.confluent.kafka.serializers.schema.id.DualSchemaIdDeserializer
	value.schema.id.serializer = class io.confluent.kafka.serializers.schema.id.PrefixSchemaIdSerializer
	value.subject.name.strategy = class io.confluent.kafka.serializers.subject.RecordNameStrategy

2025-08-06 18:56:30,155 INFO  [org.apa.kaf.cli.pro.KafkaProducer] (main) [Producer clientId=Producer-topic-dcecfc5a_cc96_4fd2_931b_8c1784e3709e] Instantiated an idempotent producer.
2025-08-06 18:56:30,157 INFO  [org.apa.kaf.cli.pro.ProducerConfig] (main) These configurations '[schema.registry.url, auto.register.schemas, value.subject.name.strategy]' were supplied but are not used yet.
2025-08-06 18:56:30,157 INFO  [org.apa.kaf.com.uti.AppInfoParser] (main) Kafka version: 3.9.1
2025-08-06 18:56:30,157 INFO  [org.apa.kaf.com.uti.AppInfoParser] (main) Kafka commitId: f745dfdcee2b9851
2025-08-06 18:56:30,157 INFO  [org.apa.kaf.com.uti.AppInfoParser] (main) Kafka startTimeMs: 1754506590157
2025-08-06 18:56:30,157 INFO  [io.api.tes.ser.api.KafkaSerdesTester] (Thread-874) Sending message {"wrongkey": "value-0"} to topic topic-dcecfc5a_cc96_4fd2_931b_8c1784e3709e
2025-08-06 18:56:30,159 INFO  [org.apa.kaf.cli.Metadata] (kafka-producer-network-thread | Producer-topic-dcecfc5a_cc96_4fd2_931b_8c1784e3709e) [Producer clientId=Producer-topic-dcecfc5a_cc96_4fd2_931b_8c1784e3709e] Cluster ID: igMICRUWSZmdRuxlP-JQ6A
2025-08-06 18:56:30,160 INFO  [org.apa.kaf.cli.pro.int.TransactionManager] (kafka-producer-network-thread | Producer-topic-dcecfc5a_cc96_4fd2_931b_8c1784e3709e) [Producer clientId=Producer-topic-dcecfc5a_cc96_4fd2_931b_8c1784e3709e] ProducerId set to 52 with epoch 0
2025-08-06 18:56:30,239 INFO  [org.apa.kaf.cli.pro.KafkaProducer] (Thread-874) [Producer clientId=Producer-topic-dcecfc5a_cc96_4fd2_931b_8c1784e3709e] Closing the Kafka producer with timeoutMillis = 9223372036854775807 ms.
2025-08-06 18:56:30,241 INFO  [org.apa.kaf.com.met.Metrics] (Thread-874) Metrics scheduler closed
2025-08-06 18:56:30,241 INFO  [org.apa.kaf.com.met.Metrics] (Thread-874) Closing reporter org.apache.kafka.common.metrics.JmxReporter
2025-08-06 18:56:30,241 INFO  [org.apa.kaf.com.met.Metrics] (Thread-874) Closing reporter org.apache.kafka.common.telemetry.internals.ClientTelemetryReporter
2025-08-06 18:56:30,241 INFO  [org.apa.kaf.com.met.Metrics] (Thread-874) Metrics reporters closed
2025-08-06 18:56:30,241 INFO  [org.apa.kaf.com.uti.AppInfoParser] (Thread-874) App info kafka.producer for Producer-topic-dcecfc5a_cc96_4fd2_931b_8c1784e3709e unregistered
2025-08-06 18:56:30,397 INFO  [io.api.tes.ser.con.BasicConfluentSerDesIT] (main) Deleting confluent schema myrecordconfluent2
2025-08-06 18:56:30,477 INFO  [io.api.tes.uti.TestSeparator] (main) io.apicurio.tests.serdes.confluent.BasicConfluentSerDesIT.testAvroConfluentSerDesFail-FINISHED
2025-08-06 18:56:30,477 INFO  [io.api.tes.uti.TestSeparator] (main) ############################################################################
Test passed: testAvroConfluentSerDesFail
]]></system-out>
  </testcase>
  <testcase name="testAvroConfluentSerDesWrongStrategyRecord" classname="io.apicurio.tests.serdes.confluent.BasicConfluentSerDesIT" time="0.581">
    <system-out><![CDATA[2025-08-06 18:56:30,479 INFO  [io.api.tes.uti.TestSeparator] (main) ############################################################################
2025-08-06 18:56:30,479 INFO  [io.api.tes.uti.TestSeparator] (main) io.apicurio.tests.serdes.confluent.BasicConfluentSerDesIT.testAvroConfluentSerDesWrongStrategyRecord-STARTED
2025-08-06 18:56:30,654 INFO  [io.api.tes.ser.con.BasicConfluentSerDesIT] (main) Checking that created schema is equal to the get schema
2025-08-06 18:56:30,734 INFO  [io.api.tes.ser.con.BasicConfluentSerDesIT] (main) Created schema with id:50 and name:myrecordconfluent4
**** Registry Base URL: http://registry-app-pg17.apps.ci419.apicurio-testing.org:80
2025-08-06 18:56:30,735 INFO  [org.apa.kaf.cli.pro.ProducerConfig] (main) ProducerConfig values: 
	acks = -1
	auto.include.jmx.reporter = true
	batch.size = 16384
	bootstrap.servers = [PLAINTEXT://localhost:32769]
	buffer.memory = 33554432
	client.dns.lookup = use_all_dns_ips
	client.id = Producer-topic-7d588356_18fe_45aa_a1b0_9384c034ab35
	compression.gzip.level = -1
	compression.lz4.level = 9
	compression.type = none
	compression.zstd.level = 3
	connections.max.idle.ms = 10000
	delivery.timeout.ms = 120000
	enable.idempotence = true
	enable.metrics.push = true
	interceptor.classes = []
	key.serializer = class org.apache.kafka.common.serialization.StringSerializer
	linger.ms = 0
	max.block.ms = 60000
	max.in.flight.requests.per.connection = 5
	max.request.size = 1048576
	metadata.max.age.ms = 300000
	metadata.max.idle.ms = 300000
	metadata.recovery.strategy = none
	metric.reporters = []
	metrics.num.samples = 2
	metrics.recording.level = INFO
	metrics.sample.window.ms = 30000
	partitioner.adaptive.partitioning.enable = true
	partitioner.availability.timeout.ms = 0
	partitioner.class = null
	partitioner.ignore.keys = false
	receive.buffer.bytes = 32768
	reconnect.backoff.max.ms = 1000
	reconnect.backoff.ms = 50
	request.timeout.ms = 5000
	retries = 2147483647
	retry.backoff.max.ms = 1000
	retry.backoff.ms = 100
	sasl.client.callback.handler.class = null
	sasl.jaas.config = null
	sasl.kerberos.kinit.cmd = /usr/bin/kinit
	sasl.kerberos.min.time.before.relogin = 60000
	sasl.kerberos.service.name = null
	sasl.kerberos.ticket.renew.jitter = 0.05
	sasl.kerberos.ticket.renew.window.factor = 0.8
	sasl.login.callback.handler.class = null
	sasl.login.class = null
	sasl.login.connect.timeout.ms = null
	sasl.login.read.timeout.ms = null
	sasl.login.refresh.buffer.seconds = 300
	sasl.login.refresh.min.period.seconds = 60
	sasl.login.refresh.window.factor = 0.8
	sasl.login.refresh.window.jitter = 0.05
	sasl.login.retry.backoff.max.ms = 10000
	sasl.login.retry.backoff.ms = 100
	sasl.mechanism = GSSAPI
	sasl.oauthbearer.clock.skew.seconds = 30
	sasl.oauthbearer.expected.audience = null
	sasl.oauthbearer.expected.issuer = null
	sasl.oauthbearer.header.urlencode = false
	sasl.oauthbearer.jwks.endpoint.refresh.ms = 3600000
	sasl.oauthbearer.jwks.endpoint.retry.backoff.max.ms = 10000
	sasl.oauthbearer.jwks.endpoint.retry.backoff.ms = 100
	sasl.oauthbearer.jwks.endpoint.url = null
	sasl.oauthbearer.scope.claim.name = scope
	sasl.oauthbearer.sub.claim.name = sub
	sasl.oauthbearer.token.endpoint.url = null
	security.protocol = PLAINTEXT
	security.providers = null
	send.buffer.bytes = 131072
	socket.connection.setup.timeout.max.ms = 30000
	socket.connection.setup.timeout.ms = 10000
	ssl.cipher.suites = null
	ssl.enabled.protocols = [TLSv1.2, TLSv1.3]
	ssl.endpoint.identification.algorithm = https
	ssl.engine.factory.class = null
	ssl.key.password = null
	ssl.keymanager.algorithm = SunX509
	ssl.keystore.certificate.chain = null
	ssl.keystore.key = null
	ssl.keystore.location = null
	ssl.keystore.password = null
	ssl.keystore.type = JKS
	ssl.protocol = TLSv1.3
	ssl.provider = null
	ssl.secure.random.implementation = null
	ssl.trustmanager.algorithm = PKIX
	ssl.truststore.certificates = null
	ssl.truststore.location = null
	ssl.truststore.password = null
	ssl.truststore.type = JKS
	transaction.timeout.ms = 60000
	transactional.id = null
	value.serializer = class io.confluent.kafka.serializers.KafkaAvroSerializer

2025-08-06 18:56:30,735 INFO  [org.apa.kaf.com.tel.int.KafkaMetricsCollector] (main) initializing Kafka metrics collector
2025-08-06 18:56:30,735 INFO  [io.con.kaf.ser.KafkaAvroSerializerConfig] (main) KafkaAvroSerializerConfig values: 
	auto.register.schemas = false
	avro.reflection.allow.null = false
	avro.remove.java.properties = false
	avro.use.logical.type.converters = false
	basic.auth.credentials.source = URL
	basic.auth.user.info = [hidden]
	bearer.auth.cache.expiry.buffer.seconds = 300
	bearer.auth.client.id = null
	bearer.auth.client.secret = null
	bearer.auth.credentials.source = STATIC_TOKEN
	bearer.auth.custom.provider.class = null
	bearer.auth.identity.pool.id = null
	bearer.auth.issuer.endpoint.url = null
	bearer.auth.logical.cluster = null
	bearer.auth.scope = null
	bearer.auth.scope.claim.name = scope
	bearer.auth.sub.claim.name = sub
	bearer.auth.token = [hidden]
	context.name.strategy = class io.confluent.kafka.serializers.context.NullContextNameStrategy
	http.connect.timeout.ms = 60000
	http.read.timeout.ms = 60000
	id.compatibility.strict = true
	key.schema.id.deserializer = class io.confluent.kafka.serializers.schema.id.DualSchemaIdDeserializer
	key.schema.id.serializer = class io.confluent.kafka.serializers.schema.id.PrefixSchemaIdSerializer
	key.subject.name.strategy = class io.confluent.kafka.serializers.subject.TopicNameStrategy
	latest.cache.size = 1000
	latest.cache.ttl.sec = -1
	latest.compatibility.strict = true
	max.retries = 3
	max.schemas.per.subject = 1000
	normalize.schemas = false
	propagate.schema.tags = false
	proxy.host = 
	proxy.port = -1
	retries.max.wait.ms = 20000
	retries.wait.ms = 1000
	rule.actions = []
	rule.executors = []
	rule.service.loader.enable = true
	schema.format = null
	schema.reflection = false
	schema.registry.basic.auth.user.info = [hidden]
	schema.registry.ssl.cipher.suites = null
	schema.registry.ssl.enabled.protocols = [TLSv1.2, TLSv1.3]
	schema.registry.ssl.endpoint.identification.algorithm = https
	schema.registry.ssl.engine.factory.class = null
	schema.registry.ssl.key.password = null
	schema.registry.ssl.keymanager.algorithm = SunX509
	schema.registry.ssl.keystore.certificate.chain = null
	schema.registry.ssl.keystore.key = null
	schema.registry.ssl.keystore.location = null
	schema.registry.ssl.keystore.password = null
	schema.registry.ssl.keystore.type = JKS
	schema.registry.ssl.protocol = TLSv1.3
	schema.registry.ssl.provider = null
	schema.registry.ssl.secure.random.implementation = null
	schema.registry.ssl.trustmanager.algorithm = PKIX
	schema.registry.ssl.truststore.certificates = null
	schema.registry.ssl.truststore.location = null
	schema.registry.ssl.truststore.password = null
	schema.registry.ssl.truststore.type = JKS
	schema.registry.url = [http://registry-app-pg17.apps.ci419.apicurio-testing.org:80/apis/ccompat/v7]
	schema.registry.url.randomize = false
	use.latest.version = false
	use.latest.with.metadata = null
	use.schema.id = -1
	value.schema.id.deserializer = class io.confluent.kafka.serializers.schema.id.DualSchemaIdDeserializer
	value.schema.id.serializer = class io.confluent.kafka.serializers.schema.id.PrefixSchemaIdSerializer
	value.subject.name.strategy = class io.confluent.kafka.serializers.subject.RecordNameStrategy

2025-08-06 18:56:30,737 INFO  [org.apa.kaf.cli.pro.KafkaProducer] (main) [Producer clientId=Producer-topic-7d588356_18fe_45aa_a1b0_9384c034ab35] Instantiated an idempotent producer.
2025-08-06 18:56:30,738 INFO  [org.apa.kaf.cli.pro.ProducerConfig] (main) These configurations '[schema.registry.url, auto.register.schemas, value.subject.name.strategy]' were supplied but are not used yet.
2025-08-06 18:56:30,738 INFO  [org.apa.kaf.com.uti.AppInfoParser] (main) Kafka version: 3.9.1
2025-08-06 18:56:30,738 INFO  [org.apa.kaf.com.uti.AppInfoParser] (main) Kafka commitId: f745dfdcee2b9851
2025-08-06 18:56:30,738 INFO  [org.apa.kaf.com.uti.AppInfoParser] (main) Kafka startTimeMs: 1754506590738
2025-08-06 18:56:30,739 INFO  [io.api.tes.ser.api.KafkaSerdesTester] (Thread-875) Sending message {"wrongkey": "value-0"} to topic topic-7d588356_18fe_45aa_a1b0_9384c034ab35
2025-08-06 18:56:30,741 INFO  [org.apa.kaf.cli.Metadata] (kafka-producer-network-thread | Producer-topic-7d588356_18fe_45aa_a1b0_9384c034ab35) [Producer clientId=Producer-topic-7d588356_18fe_45aa_a1b0_9384c034ab35] Cluster ID: igMICRUWSZmdRuxlP-JQ6A
2025-08-06 18:56:30,741 INFO  [org.apa.kaf.cli.pro.int.TransactionManager] (kafka-producer-network-thread | Producer-topic-7d588356_18fe_45aa_a1b0_9384c034ab35) [Producer clientId=Producer-topic-7d588356_18fe_45aa_a1b0_9384c034ab35] ProducerId set to 53 with epoch 0
2025-08-06 18:56:30,819 INFO  [org.apa.kaf.cli.pro.KafkaProducer] (Thread-875) [Producer clientId=Producer-topic-7d588356_18fe_45aa_a1b0_9384c034ab35] Closing the Kafka producer with timeoutMillis = 9223372036854775807 ms.
2025-08-06 18:56:30,821 INFO  [org.apa.kaf.com.met.Metrics] (Thread-875) Metrics scheduler closed
2025-08-06 18:56:30,821 INFO  [org.apa.kaf.com.met.Metrics] (Thread-875) Closing reporter org.apache.kafka.common.metrics.JmxReporter
2025-08-06 18:56:30,821 INFO  [org.apa.kaf.com.met.Metrics] (Thread-875) Closing reporter org.apache.kafka.common.telemetry.internals.ClientTelemetryReporter
2025-08-06 18:56:30,821 INFO  [org.apa.kaf.com.met.Metrics] (Thread-875) Metrics reporters closed
2025-08-06 18:56:30,821 INFO  [org.apa.kaf.com.uti.AppInfoParser] (Thread-875) App info kafka.producer for Producer-topic-7d588356_18fe_45aa_a1b0_9384c034ab35 unregistered
2025-08-06 18:56:30,977 INFO  [io.api.tes.ser.con.BasicConfluentSerDesIT] (main) Deleting confluent schema topic-7d588356_18fe_45aa_a1b0_9384c034ab35-value
2025-08-06 18:56:31,059 INFO  [io.api.tes.uti.TestSeparator] (main) io.apicurio.tests.serdes.confluent.BasicConfluentSerDesIT.testAvroConfluentSerDesWrongStrategyRecord-FINISHED
2025-08-06 18:56:31,059 INFO  [io.api.tes.uti.TestSeparator] (main) ############################################################################
Test passed: testAvroConfluentSerDesWrongStrategyRecord
]]></system-out>
  </testcase>
</testsuite>