<?xml version="1.0" encoding="UTF-8"?>
<testsuite xmlns:xsi="http://www.w3.org/2001/XMLSchema-instance" xsi:noNamespaceSchemaLocation="https://maven.apache.org/surefire/maven-failsafe-plugin/xsd/failsafe-test-report.xsd" version="3.0.2" name="io.apicurio.tests.serdes.apicurio.AvroSerdeIT" time="103.05" tests="21" errors="0" skipped="2" failures="0">
  <properties>
    <property name="java.specification.version" value="17"/>
    <property name="sun.jnu.encoding" value="UTF-8"/>
    <property name="java.class.path" value="/home/runner/work/apicurio-testing/apicurio-testing/clusters/ci419/namespaces/inmemory/tests/integration/apicurio-registry/integration-tests/target/test-classes:/home/runner/work/apicurio-testing/apicurio-testing/clusters/ci419/namespaces/inmemory/tests/integration/apicurio-registry/integration-tests/target/apicurio-registry-integration-tests-3.0.12-SNAPSHOT.jar:/home/runner/.m2/repository/io/quarkus/quarkus-junit5/3.20.2/quarkus-junit5-3.20.2.jar:/home/runner/.m2/repository/io/quarkus/quarkus-bootstrap-core/3.20.2/quarkus-bootstrap-core-3.20.2.jar:/home/runner/.m2/repository/io/quarkus/quarkus-classloader-commons/3.20.2/quarkus-classloader-commons-3.20.2.jar:/home/runner/.m2/repository/io/quarkus/quarkus-bootstrap-app-model/3.20.2/quarkus-bootstrap-app-model-3.20.2.jar:/home/runner/.m2/repository/io/smallrye/common/smallrye-common-io/2.12.0/smallrye-common-io-2.12.0.jar:/home/runner/.m2/repository/org/eclipse/sisu/org.eclipse.sisu.inject/0.9.0.M3/org.eclipse.sisu.inject-0.9.0.M3.jar:/home/runner/.m2/repository/io/quarkus/quarkus-test-common/3.20.2/quarkus-test-common-3.20.2.jar:/home/runner/.m2/repository/io/quarkus/quarkus-core-deployment/3.20.2/quarkus-core-deployment-3.20.2.jar:/home/runner/.m2/repository/org/aesh/readline/2.6/readline-2.6.jar:/home/runner/.m2/repository/org/fusesource/jansi/jansi/2.4.0/jansi-2.4.0.jar:/home/runner/.m2/repository/org/aesh/aesh/2.8.2/aesh-2.8.2.jar:/home/runner/.m2/repository/io/quarkus/gizmo/gizmo/1.8.0/gizmo-1.8.0.jar:/home/runner/.m2/repository/org/ow2/asm/asm-util/9.7.1/asm-util-9.7.1.jar:/home/runner/.m2/repository/org/ow2/asm/asm-analysis/9.7.1/asm-analysis-9.7.1.jar:/home/runner/.m2/repository/org/ow2/asm/asm-commons/9.7.1/asm-commons-9.7.1.jar:/home/runner/.m2/repository/org/ow2/asm/asm-tree/9.7.1/asm-tree-9.7.1.jar:/home/runner/.m2/repository/io/quarkus/quarkus-hibernate-validator-spi/3.20.2/quarkus-hibernate-validator-spi-3.20.2.jar:/home/runner/.m2/repository/io/quarkus/quarkus-class-change-agent/3.20.2/quarkus-class-change-agent-3.20.2.jar:/home/runner/.m2/repository/io/quarkus/quarkus-devtools-utilities/3.20.2/quarkus-devtools-utilities-3.20.2.jar:/home/runner/.m2/repository/io/quarkus/quarkus-builder/3.20.2/quarkus-builder-3.20.2.jar:/home/runner/.m2/repository/org/graalvm/sdk/nativeimage/23.1.2/nativeimage-23.1.2.jar:/home/runner/.m2/repository/org/graalvm/sdk/word/23.1.2/word-23.1.2.jar:/home/runner/.m2/repository/io/quarkus/quarkus-bootstrap-maven-resolver/3.20.2/quarkus-bootstrap-maven-resolver-3.20.2.jar:/home/runner/.m2/repository/io/smallrye/beanbag/smallrye-beanbag-maven/1.5.2/smallrye-beanbag-maven-1.5.2.jar:/home/runner/.m2/repository/io/smallrye/beanbag/smallrye-beanbag-sisu/1.5.2/smallrye-beanbag-sisu-1.5.2.jar:/home/runner/.m2/repository/io/smallrye/beanbag/smallrye-beanbag/1.5.2/smallrye-beanbag-1.5.2.jar:/home/runner/.m2/repository/javax/inject/javax.inject/1/javax.inject-1.jar:/home/runner/.m2/repository/org/apache/maven/maven-artifact/3.9.9/maven-artifact-3.9.9.jar:/home/runner/.m2/repository/org/apache/maven/maven-builder-support/3.9.9/maven-builder-support-3.9.9.jar:/home/runner/.m2/repository/org/apache/maven/maven-model/3.9.9/maven-model-3.9.9.jar:/home/runner/.m2/repository/org/apache/maven/maven-model-builder/3.9.9/maven-model-builder-3.9.9.jar:/home/runner/.m2/repository/org/apache/maven/maven-repository-metadata/3.9.9/maven-repository-metadata-3.9.9.jar:/home/runner/.m2/repository/org/apache/maven/maven-settings/3.9.9/maven-settings-3.9.9.jar:/home/runner/.m2/repository/org/apache/maven/resolver/maven-resolver-api/1.9.22/maven-resolver-api-1.9.22.jar:/home/runner/.m2/repository/org/apache/maven/resolver/maven-resolver-impl/1.9.22/maven-resolver-impl-1.9.22.jar:/home/runner/.m2/repository/org/apache/maven/resolver/maven-resolver-named-locks/1.9.22/maven-resolver-named-locks-1.9.22.jar:/home/runner/.m2/repository/org/apache/maven/resolver/maven-resolver-spi/1.9.22/maven-resolver-spi-1.9.22.jar:/home/runner/.m2/repository/org/apache/maven/resolver/maven-resolver-util/1.9.22/maven-resolver-util-1.9.22.jar:/home/runner/.m2/repository/org/apache/maven/resolver/maven-resolver-transport-http/1.9.20/maven-resolver-transport-http-1.9.20.jar:/home/runner/.m2/repository/org/apache/maven/wagon/wagon-provider-api/3.5.3/wagon-provider-api-3.5.3.jar:/home/runner/.m2/repository/org/apache/maven/wagon/wagon-http-shared/3.5.3/wagon-http-shared-3.5.3.jar:/home/runner/.m2/repository/org/codehaus/plexus/plexus-interpolation/1.26/plexus-interpolation-1.26.jar:/home/runner/.m2/repository/org/codehaus/plexus/plexus-utils/3.5.1/plexus-utils-3.5.1.jar:/home/runner/.m2/repository/org/codehaus/plexus/plexus-xml/4.0.1/plexus-xml-4.0.1.jar:/home/runner/.m2/repository/org/apache/maven/maven-xml-impl/4.0.0-alpha-5/maven-xml-impl-4.0.0-alpha-5.jar:/home/runner/.m2/repository/org/apache/maven/maven-api-xml/4.0.0-alpha-5/maven-api-xml-4.0.0-alpha-5.jar:/home/runner/.m2/repository/org/apache/maven/maven-api-meta/4.0.0-alpha-5/maven-api-meta-4.0.0-alpha-5.jar:/home/runner/.m2/repository/org/codehaus/plexus/plexus-cipher/2.0/plexus-cipher-2.0.jar:/home/runner/.m2/repository/org/codehaus/plexus/plexus-sec-dispatcher/2.0/plexus-sec-dispatcher-2.0.jar:/home/runner/.m2/repository/org/apache/maven/maven-embedder/3.9.9/maven-embedder-3.9.9.jar:/home/runner/.m2/repository/org/apache/maven/maven-core/3.9.9/maven-core-3.9.9.jar:/home/runner/.m2/repository/org/codehaus/plexus/plexus-component-annotations/2.1.0/plexus-component-annotations-2.1.0.jar:/home/runner/.m2/repository/org/apache/maven/maven-plugin-api/3.9.9/maven-plugin-api-3.9.9.jar:/home/runner/.m2/repository/org/apache/maven/shared/maven-shared-utils/3.4.2/maven-shared-utils-3.4.2.jar:/home/runner/.m2/repository/com/google/inject/guice/5.1.0/guice-5.1.0.jar:/home/runner/.m2/repository/aopalliance/aopalliance/1.0/aopalliance-1.0.jar:/home/runner/.m2/repository/org/codehaus/plexus/plexus-classworlds/2.6.0/plexus-classworlds-2.6.0.jar:/home/runner/.m2/repository/commons-cli/commons-cli/1.8.0/commons-cli-1.8.0.jar:/home/runner/.m2/repository/org/eclipse/sisu/org.eclipse.sisu.plexus/0.9.0.M3/org.eclipse.sisu.plexus-0.9.0.M3.jar:/home/runner/.m2/repository/org/apache/maven/maven-settings-builder/3.9.9/maven-settings-builder-3.9.9.jar:/home/runner/.m2/repository/org/apache/maven/maven-resolver-provider/3.9.9/maven-resolver-provider-3.9.9.jar:/home/runner/.m2/repository/org/apache/maven/resolver/maven-resolver-connector-basic/1.9.22/maven-resolver-connector-basic-1.9.22.jar:/home/runner/.m2/repository/org/apache/maven/resolver/maven-resolver-transport-wagon/1.9.22/maven-resolver-transport-wagon-1.9.22.jar:/home/runner/.m2/repository/org/apache/maven/wagon/wagon-http/3.5.3/wagon-http-3.5.3.jar:/home/runner/.m2/repository/org/apache/maven/wagon/wagon-file/3.5.3/wagon-file-3.5.3.jar:/home/runner/.m2/repository/io/quarkus/quarkus-bootstrap-gradle-resolver/3.20.2/quarkus-bootstrap-gradle-resolver-3.20.2.jar:/home/runner/.m2/repository/io/smallrye/jandex/3.3.0/jandex-3.3.0.jar:/home/runner/.m2/repository/org/jboss/logging/commons-logging-jboss-logging/1.0.0.Final/commons-logging-jboss-logging-1.0.0.Final.jar:/home/runner/.m2/repository/io/quarkus/quarkus-junit5-config/3.20.2/quarkus-junit5-config-3.20.2.jar:/home/runner/.m2/repository/org/junit/jupiter/junit-jupiter-api/5.12.1/junit-jupiter-api-5.12.1.jar:/home/runner/.m2/repository/io/smallrye/config/smallrye-config/3.11.4/smallrye-config-3.11.4.jar:/home/runner/.m2/repository/io/smallrye/config/smallrye-config-core/3.11.4/smallrye-config-core-3.11.4.jar:/home/runner/.m2/repository/io/smallrye/common/smallrye-common-classloader/2.12.0/smallrye-common-classloader-2.12.0.jar:/home/runner/.m2/repository/io/smallrye/config/smallrye-config-common/3.11.4/smallrye-config-common-3.11.4.jar:/home/runner/.m2/repository/org/junit/jupiter/junit-jupiter/5.12.1/junit-jupiter-5.12.1.jar:/home/runner/.m2/repository/org/junit/jupiter/junit-jupiter-params/5.12.1/junit-jupiter-params-5.12.1.jar:/home/runner/.m2/repository/org/junit/jupiter/junit-jupiter-engine/5.12.1/junit-jupiter-engine-5.12.1.jar:/home/runner/.m2/repository/io/quarkus/quarkus-core/3.20.2/quarkus-core-3.20.2.jar:/home/runner/.m2/repository/jakarta/enterprise/jakarta.enterprise.cdi-api/4.1.0/jakarta.enterprise.cdi-api-4.1.0.jar:/home/runner/.m2/repository/jakarta/enterprise/jakarta.enterprise.lang-model/4.1.0/jakarta.enterprise.lang-model-4.1.0.jar:/home/runner/.m2/repository/jakarta/el/jakarta.el-api/5.0.1/jakarta.el-api-5.0.1.jar:/home/runner/.m2/repository/jakarta/interceptor/jakarta.interceptor-api/2.2.0/jakarta.interceptor-api-2.2.0.jar:/home/runner/.m2/repository/jakarta/inject/jakarta.inject-api/2.0.1/jakarta.inject-api-2.0.1.jar:/home/runner/.m2/repository/io/smallrye/common/smallrye-common-os/2.12.0/smallrye-common-os-2.12.0.jar:/home/runner/.m2/repository/io/quarkus/quarkus-ide-launcher/3.20.2/quarkus-ide-launcher-3.20.2.jar:/home/runner/.m2/repository/io/quarkus/quarkus-development-mode-spi/3.20.2/quarkus-development-mode-spi-3.20.2.jar:/home/runner/.m2/repository/org/jboss/logging/jboss-logging/3.6.1.Final/jboss-logging-3.6.1.Final.jar:/home/runner/.m2/repository/org/jboss/logmanager/jboss-logmanager/3.1.2.Final/jboss-logmanager-3.1.2.Final.jar:/home/runner/.m2/repository/io/smallrye/common/smallrye-common-constraint/2.12.0/smallrye-common-constraint-2.12.0.jar:/home/runner/.m2/repository/io/smallrye/common/smallrye-common-cpu/2.12.0/smallrye-common-cpu-2.12.0.jar:/home/runner/.m2/repository/io/smallrye/common/smallrye-common-expression/2.12.0/smallrye-common-expression-2.12.0.jar:/home/runner/.m2/repository/io/smallrye/common/smallrye-common-net/2.12.0/smallrye-common-net-2.12.0.jar:/home/runner/.m2/repository/io/smallrye/common/smallrye-common-ref/2.12.0/smallrye-common-ref-2.12.0.jar:/home/runner/.m2/repository/jakarta/json/jakarta.json-api/2.1.3/jakarta.json-api-2.1.3.jar:/home/runner/.m2/repository/org/eclipse/parsson/parsson/1.1.7/parsson-1.1.7.jar:/home/runner/.m2/repository/org/jboss/logging/jboss-logging-annotations/3.0.4.Final/jboss-logging-annotations-3.0.4.Final.jar:/home/runner/.m2/repository/org/jboss/threads/jboss-threads/3.8.0.Final/jboss-threads-3.8.0.Final.jar:/home/runner/.m2/repository/io/smallrye/common/smallrye-common-annotation/2.12.0/smallrye-common-annotation-2.12.0.jar:/home/runner/.m2/repository/io/smallrye/common/smallrye-common-function/2.12.0/smallrye-common-function-2.12.0.jar:/home/runner/.m2/repository/org/jboss/slf4j/slf4j-jboss-logmanager/2.0.0.Final/slf4j-jboss-logmanager-2.0.0.Final.jar:/home/runner/.m2/repository/org/wildfly/common/wildfly-common/2.0.1/wildfly-common-2.0.1.jar:/home/runner/.m2/repository/io/quarkus/quarkus-bootstrap-runner/3.20.2/quarkus-bootstrap-runner-3.20.2.jar:/home/runner/.m2/repository/io/github/crac/org-crac/0.1.3/org-crac-0.1.3.jar:/home/runner/.m2/repository/io/quarkus/quarkus-fs-util/0.0.10/quarkus-fs-util-0.0.10.jar:/home/runner/.m2/repository/org/jboss/marshalling/jboss-marshalling/2.2.2.Final/jboss-marshalling-2.2.2.Final.jar:/home/runner/.m2/repository/io/fabric8/kubernetes-client/7.1.0/kubernetes-client-7.1.0.jar:/home/runner/.m2/repository/io/fabric8/kubernetes-client-api/7.1.0/kubernetes-client-api-7.1.0.jar:/home/runner/.m2/repository/io/fabric8/kubernetes-model-core/7.1.0/kubernetes-model-core-7.1.0.jar:/home/runner/.m2/repository/io/fabric8/kubernetes-model-common/7.1.0/kubernetes-model-common-7.1.0.jar:/home/runner/.m2/repository/javax/annotation/javax.annotation-api/1.3.2/javax.annotation-api-1.3.2.jar:/home/runner/.m2/repository/io/fabric8/kubernetes-model-gatewayapi/7.1.0/kubernetes-model-gatewayapi-7.1.0.jar:/home/runner/.m2/repository/io/fabric8/kubernetes-model-resource/7.1.0/kubernetes-model-resource-7.1.0.jar:/home/runner/.m2/repository/io/fabric8/kubernetes-model-rbac/7.1.0/kubernetes-model-rbac-7.1.0.jar:/home/runner/.m2/repository/io/fabric8/kubernetes-model-admissionregistration/7.1.0/kubernetes-model-admissionregistration-7.1.0.jar:/home/runner/.m2/repository/io/fabric8/kubernetes-model-apps/7.1.0/kubernetes-model-apps-7.1.0.jar:/home/runner/.m2/repository/io/fabric8/kubernetes-model-autoscaling/7.1.0/kubernetes-model-autoscaling-7.1.0.jar:/home/runner/.m2/repository/io/fabric8/kubernetes-model-apiextensions/7.1.0/kubernetes-model-apiextensions-7.1.0.jar:/home/runner/.m2/repository/io/fabric8/kubernetes-model-batch/7.1.0/kubernetes-model-batch-7.1.0.jar:/home/runner/.m2/repository/io/fabric8/kubernetes-model-certificates/7.1.0/kubernetes-model-certificates-7.1.0.jar:/home/runner/.m2/repository/io/fabric8/kubernetes-model-coordination/7.1.0/kubernetes-model-coordination-7.1.0.jar:/home/runner/.m2/repository/io/fabric8/kubernetes-model-discovery/7.1.0/kubernetes-model-discovery-7.1.0.jar:/home/runner/.m2/repository/io/fabric8/kubernetes-model-events/7.1.0/kubernetes-model-events-7.1.0.jar:/home/runner/.m2/repository/io/fabric8/kubernetes-model-extensions/7.1.0/kubernetes-model-extensions-7.1.0.jar:/home/runner/.m2/repository/io/fabric8/kubernetes-model-flowcontrol/7.1.0/kubernetes-model-flowcontrol-7.1.0.jar:/home/runner/.m2/repository/io/fabric8/kubernetes-model-networking/7.1.0/kubernetes-model-networking-7.1.0.jar:/home/runner/.m2/repository/io/fabric8/kubernetes-model-metrics/7.1.0/kubernetes-model-metrics-7.1.0.jar:/home/runner/.m2/repository/io/fabric8/kubernetes-model-policy/7.1.0/kubernetes-model-policy-7.1.0.jar:/home/runner/.m2/repository/io/fabric8/kubernetes-model-scheduling/7.1.0/kubernetes-model-scheduling-7.1.0.jar:/home/runner/.m2/repository/io/fabric8/kubernetes-model-storageclass/7.1.0/kubernetes-model-storageclass-7.1.0.jar:/home/runner/.m2/repository/io/fabric8/kubernetes-model-node/7.1.0/kubernetes-model-node-7.1.0.jar:/home/runner/.m2/repository/org/snakeyaml/snakeyaml-engine/2.9/snakeyaml-engine-2.9.jar:/home/runner/.m2/repository/com/fasterxml/jackson/dataformat/jackson-dataformat-yaml/2.18.2/jackson-dataformat-yaml-2.18.2.jar:/home/runner/.m2/repository/com/fasterxml/jackson/datatype/jackson-datatype-jsr310/2.18.2/jackson-datatype-jsr310-2.18.2.jar:/home/runner/.m2/repository/io/fabric8/zjsonpatch/7.1.0/zjsonpatch-7.1.0.jar:/home/runner/.m2/repository/io/fabric8/kubernetes-httpclient-vertx/7.1.0/kubernetes-httpclient-vertx-7.1.0.jar:/home/runner/.m2/repository/io/vertx/vertx-web-client/4.5.16/vertx-web-client-4.5.16.jar:/home/runner/.m2/repository/io/vertx/vertx-web-common/4.5.16/vertx-web-common-4.5.16.jar:/home/runner/.m2/repository/io/vertx/vertx-auth-common/4.5.16/vertx-auth-common-4.5.16.jar:/home/runner/.m2/repository/io/vertx/vertx-uri-template/4.5.16/vertx-uri-template-4.5.16.jar:/home/runner/.m2/repository/io/fabric8/openshift-client/7.1.0/openshift-client-7.1.0.jar:/home/runner/.m2/repository/io/fabric8/openshift-client-api/7.1.0/openshift-client-api-7.1.0.jar:/home/runner/.m2/repository/io/fabric8/openshift-model/7.1.0/openshift-model-7.1.0.jar:/home/runner/.m2/repository/io/fabric8/openshift-model-autoscaling/7.1.0/openshift-model-autoscaling-7.1.0.jar:/home/runner/.m2/repository/io/fabric8/openshift-model-operator/7.1.0/openshift-model-operator-7.1.0.jar:/home/runner/.m2/repository/io/fabric8/openshift-model-operatorhub/7.1.0/openshift-model-operatorhub-7.1.0.jar:/home/runner/.m2/repository/io/fabric8/openshift-model-machine/7.1.0/openshift-model-machine-7.1.0.jar:/home/runner/.m2/repository/io/fabric8/openshift-model-whereabouts/7.1.0/openshift-model-whereabouts-7.1.0.jar:/home/runner/.m2/repository/io/fabric8/openshift-model-monitoring/7.1.0/openshift-model-monitoring-7.1.0.jar:/home/runner/.m2/repository/io/fabric8/openshift-model-storageversionmigrator/7.1.0/openshift-model-storageversionmigrator-7.1.0.jar:/home/runner/.m2/repository/io/fabric8/openshift-model-tuned/7.1.0/openshift-model-tuned-7.1.0.jar:/home/runner/.m2/repository/io/fabric8/openshift-model-console/7.1.0/openshift-model-console-7.1.0.jar:/home/runner/.m2/repository/io/fabric8/openshift-model-config/7.1.0/openshift-model-config-7.1.0.jar:/home/runner/.m2/repository/io/fabric8/openshift-model-machineconfiguration/7.1.0/openshift-model-machineconfiguration-7.1.0.jar:/home/runner/.m2/repository/io/fabric8/openshift-model-miscellaneous/7.1.0/openshift-model-miscellaneous-7.1.0.jar:/home/runner/.m2/repository/io/fabric8/openshift-model-hive/7.1.0/openshift-model-hive-7.1.0.jar:/home/runner/.m2/repository/io/fabric8/openshift-model-installer/7.1.0/openshift-model-installer-7.1.0.jar:/home/runner/.m2/repository/org/junit/platform/junit-platform-launcher/1.12.1/junit-platform-launcher-1.12.1.jar:/home/runner/.m2/repository/org/junit/platform/junit-platform-engine/1.12.1/junit-platform-engine-1.12.1.jar:/home/runner/.m2/repository/org/opentest4j/opentest4j/1.3.0/opentest4j-1.3.0.jar:/home/runner/.m2/repository/org/junit/platform/junit-platform-commons/1.12.1/junit-platform-commons-1.12.1.jar:/home/runner/.m2/repository/org/apiguardian/apiguardian-api/1.1.2/apiguardian-api-1.1.2.jar:/home/runner/.m2/repository/jakarta/ws/rs/jakarta.ws.rs-api/3.1.0/jakarta.ws.rs-api-3.1.0.jar:/home/runner/work/apicurio-testing/apicurio-testing/clusters/ci419/namespaces/inmemory/tests/integration/apicurio-registry/java-sdk/target/apicurio-registry-java-sdk-3.0.12-SNAPSHOT.jar:/home/runner/.m2/repository/com/microsoft/kiota/microsoft-kiota-abstractions/1.8.9/microsoft-kiota-abstractions-1.8.9.jar:/home/runner/.m2/repository/io/github/std-uritemplate/std-uritemplate/2.0.0/std-uritemplate-2.0.0.jar:/home/runner/.m2/repository/io/kiota/kiota-http-jdk/0.0.29/kiota-http-jdk-0.0.29.jar:/home/runner/.m2/repository/io/kiota/kiota-http-vertx/0.0.29/kiota-http-vertx-0.0.29.jar:/home/runner/.m2/repository/io/kiota/kiota-serialization-jackson/0.0.29/kiota-serialization-jackson-0.0.29.jar:/home/runner/.m2/repository/com/microsoft/kiota/microsoft-kiota-serialization-text/1.8.9/microsoft-kiota-serialization-text-1.8.9.jar:/home/runner/.m2/repository/com/microsoft/kiota/microsoft-kiota-serialization-form/1.8.9/microsoft-kiota-serialization-form-1.8.9.jar:/home/runner/.m2/repository/com/microsoft/kiota/microsoft-kiota-serialization-multipart/1.8.9/microsoft-kiota-serialization-multipart-1.8.9.jar:/home/runner/.m2/repository/jakarta/annotation/jakarta.annotation-api/3.0.0/jakarta.annotation-api-3.0.0.jar:/home/runner/.m2/repository/io/vertx/vertx-auth-oauth2/4.5.16/vertx-auth-oauth2-4.5.16.jar:/home/runner/work/apicurio-testing/apicurio-testing/clusters/ci419/namespaces/inmemory/tests/integration/apicurio-registry/java-sdk-v2/target/apicurio-registry-v2-java-sdk-3.0.12-SNAPSHOT.jar:/home/runner/work/apicurio-testing/apicurio-testing/clusters/ci419/namespaces/inmemory/tests/integration/apicurio-registry/utils/kafka/target/apicurio-registry-utils-kafka-3.0.12-SNAPSHOT-tests.jar:/home/runner/.m2/repository/org/eclipse/microprofile/config/microprofile-config-api/3.1/microprofile-config-api-3.1.jar:/home/runner/.m2/repository/org/apache/kafka/kafka-clients/3.9.1/kafka-clients-3.9.1.jar:/home/runner/.m2/repository/com/github/luben/zstd-jni/1.5.6-4/zstd-jni-1.5.6-4.jar:/home/runner/.m2/repository/org/lz4/lz4-java/1.8.0/lz4-java-1.8.0.jar:/home/runner/.m2/repository/org/xerial/snappy/snappy-java/1.1.10.5/snappy-java-1.1.10.5.jar:/home/runner/.m2/repository/org/slf4j/slf4j-api/2.0.6/slf4j-api-2.0.6.jar:/home/runner/work/apicurio-testing/apicurio-testing/clusters/ci419/namespaces/inmemory/tests/integration/apicurio-registry/utils/tests/target/apicurio-registry-utils-tests-3.0.12-SNAPSHOT.jar:/home/runner/work/apicurio-testing/apicurio-testing/clusters/ci419/namespaces/inmemory/tests/integration/apicurio-registry/common/target/apicurio-registry-common-3.0.12-SNAPSHOT.jar:/home/runner/.m2/repository/jakarta/validation/jakarta.validation-api/3.0.2/jakarta.validation-api-3.0.2.jar:/home/runner/.m2/repository/com/github/dasniko/testcontainers-keycloak/3.8.0/testcontainers-keycloak-3.8.0.jar:/home/runner/.m2/repository/org/testcontainers/testcontainers/1.20.6/testcontainers-1.20.6.jar:/home/runner/.m2/repository/org/rnorth/duct-tape/duct-tape/1.0.8/duct-tape-1.0.8.jar:/home/runner/.m2/repository/com/github/docker-java/docker-java-transport-zerodep/3.4.1/docker-java-transport-zerodep-3.4.1.jar:/home/runner/.m2/repository/com/github/docker-java/docker-java-transport/3.4.1/docker-java-transport-3.4.1.jar:/home/runner/.m2/repository/net/java/dev/jna/jna/5.8.0/jna-5.8.0.jar:/home/runner/.m2/repository/io/quarkus/quarkus-junit4-mock/3.20.2/quarkus-junit4-mock-3.20.2.jar:/home/runner/.m2/repository/org/jboss/shrinkwrap/shrinkwrap-api/2.0.0-beta-2/shrinkwrap-api-2.0.0-beta-2.jar:/home/runner/.m2/repository/org/jboss/shrinkwrap/shrinkwrap-impl-base/2.0.0-beta-2/shrinkwrap-impl-base-2.0.0-beta-2.jar:/home/runner/.m2/repository/org/jboss/shrinkwrap/shrinkwrap-spi/2.0.0-beta-2/shrinkwrap-spi-2.0.0-beta-2.jar:/home/runner/.m2/repository/org/keycloak/keycloak-admin-client/26.0.4/keycloak-admin-client-26.0.4.jar:/home/runner/.m2/repository/org/keycloak/keycloak-client-common-synced/26.0.4/keycloak-client-common-synced-26.0.4.jar:/home/runner/.m2/repository/jakarta/activation/jakarta.activation-api/2.1.3/jakarta.activation-api-2.1.3.jar:/home/runner/.m2/repository/org/eclipse/microprofile/openapi/microprofile-openapi-api/4.0.2/microprofile-openapi-api-4.0.2.jar:/home/runner/.m2/repository/org/jboss/resteasy/resteasy-client/6.2.12.Final/resteasy-client-6.2.12.Final.jar:/home/runner/.m2/repository/org/jboss/resteasy/resteasy-client-api/6.2.12.Final/resteasy-client-api-6.2.12.Final.jar:/home/runner/.m2/repository/org/jboss/resteasy/resteasy-core-spi/6.2.12.Final/resteasy-core-spi-6.2.12.Final.jar:/home/runner/.m2/repository/org/jboss/resteasy/resteasy-core/6.2.12.Final/resteasy-core-6.2.12.Final.jar:/home/runner/.m2/repository/org/eclipse/angus/angus-activation/2.0.2/angus-activation-2.0.2.jar:/home/runner/.m2/repository/com/ibm/async/asyncutil/0.1.0/asyncutil-0.1.0.jar:/home/runner/.m2/repository/org/reactivestreams/reactive-streams/1.0.4/reactive-streams-1.0.4.jar:/home/runner/.m2/repository/org/jboss/resteasy/resteasy-multipart-provider/6.2.12.Final/resteasy-multipart-provider-6.2.12.Final.jar:/home/runner/.m2/repository/jakarta/mail/jakarta.mail-api/2.1.3/jakarta.mail-api-2.1.3.jar:/home/runner/.m2/repository/org/eclipse/angus/angus-mail/2.0.3/angus-mail-2.0.3.jar:/home/runner/.m2/repository/org/apache/james/apache-mime4j-dom/0.8.12/apache-mime4j-dom-0.8.12.jar:/home/runner/.m2/repository/org/apache/james/apache-mime4j-core/0.8.12/apache-mime4j-core-0.8.12.jar:/home/runner/.m2/repository/org/apache/james/apache-mime4j-storage/0.8.12/apache-mime4j-storage-0.8.12.jar:/home/runner/.m2/repository/org/jboss/resteasy/resteasy-jackson2-provider/6.2.12.Final/resteasy-jackson2-provider-6.2.12.Final.jar:/home/runner/.m2/repository/com/fasterxml/jackson/jakarta/rs/jackson-jakarta-rs-base/2.18.2/jackson-jakarta-rs-base-2.18.2.jar:/home/runner/.m2/repository/com/fasterxml/jackson/jakarta/rs/jackson-jakarta-rs-json-provider/2.18.2/jackson-jakarta-rs-json-provider-2.18.2.jar:/home/runner/.m2/repository/com/fasterxml/jackson/module/jackson-module-jakarta-xmlbind-annotations/2.18.2/jackson-module-jakarta-xmlbind-annotations-2.18.2.jar:/home/runner/.m2/repository/com/github/java-json-tools/json-patch/1.13/json-patch-1.13.jar:/home/runner/.m2/repository/com/github/java-json-tools/msg-simple/1.2/msg-simple-1.2.jar:/home/runner/.m2/repository/com/github/java-json-tools/btf/1.3/btf-1.3.jar:/home/runner/.m2/repository/com/github/java-json-tools/jackson-coreutils/2.0/jackson-coreutils-2.0.jar:/home/runner/.m2/repository/org/jboss/resteasy/resteasy-jaxb-provider/6.2.12.Final/resteasy-jaxb-provider-6.2.12.Final.jar:/home/runner/.m2/repository/org/glassfish/jaxb/codemodel/4.0.5/codemodel-4.0.5.jar:/home/runner/.m2/repository/org/glassfish/jaxb/jaxb-core/4.0.5/jaxb-core-4.0.5.jar:/home/runner/.m2/repository/org/glassfish/jaxb/jaxb-jxc/4.0.5/jaxb-jxc-4.0.5.jar:/home/runner/.m2/repository/org/glassfish/jaxb/jaxb-runtime/4.0.5/jaxb-runtime-4.0.5.jar:/home/runner/.m2/repository/org/glassfish/jaxb/txw2/4.0.5/txw2-4.0.5.jar:/home/runner/.m2/repository/org/glassfish/jaxb/jaxb-xjc/4.0.5/jaxb-xjc-4.0.5.jar:/home/runner/.m2/repository/org/glassfish/jaxb/xsom/4.0.5/xsom-4.0.5.jar:/home/runner/.m2/repository/com/sun/istack/istack-commons-runtime/4.1.2/istack-commons-runtime-4.1.2.jar:/home/runner/.m2/repository/com/sun/istack/istack-commons-tools/4.1.2/istack-commons-tools-4.1.2.jar:/home/runner/.m2/repository/com/sun/xml/bind/external/relaxng-datatype/4.0.5/relaxng-datatype-4.0.5.jar:/home/runner/.m2/repository/com/sun/xml/bind/external/rngom/4.0.5/rngom-4.0.5.jar:/home/runner/.m2/repository/org/testcontainers/mssqlserver/1.20.6/mssqlserver-1.20.6.jar:/home/runner/.m2/repository/org/testcontainers/jdbc/1.20.6/jdbc-1.20.6.jar:/home/runner/.m2/repository/org/testcontainers/database-commons/1.20.6/database-commons-1.20.6.jar:/home/runner/.m2/repository/org/testcontainers/mysql/1.20.6/mysql-1.20.6.jar:/home/runner/.m2/repository/io/strimzi/strimzi-test-container/0.111.0/strimzi-test-container-0.111.0.jar:/home/runner/.m2/repository/org/testcontainers/toxiproxy/1.20.6/toxiproxy-1.20.6.jar:/home/runner/.m2/repository/com/github/docker-java/docker-java-api/3.4.1/docker-java-api-3.4.1.jar:/home/runner/.m2/repository/org/apache/logging/log4j/log4j-slf4j-impl/2.19.0/log4j-slf4j-impl-2.19.0.jar:/home/runner/.m2/repository/org/apache/logging/log4j/log4j-api/2.24.3/log4j-api-2.24.3.jar:/home/runner/.m2/repository/org/apache/logging/log4j/log4j-core/2.19.0/log4j-core-2.19.0.jar:/home/runner/.m2/repository/eu/rekawek/toxiproxy/toxiproxy-java/2.1.7/toxiproxy-java-2.1.7.jar:/home/runner/.m2/repository/org/testcontainers/pulsar/1.21.3/pulsar-1.21.3.jar:/home/runner/.m2/repository/io/debezium/debezium-testing-testcontainers/2.7.4.Final/debezium-testing-testcontainers-2.7.4.Final.jar:/home/runner/.m2/repository/org/testcontainers/kafka/1.20.6/kafka-1.20.6.jar:/home/runner/.m2/repository/com/squareup/okhttp3/okhttp/4.8.1/okhttp-4.8.1.jar:/home/runner/.m2/repository/com/squareup/okio/okio/3.10.2/okio-3.10.2.jar:/home/runner/.m2/repository/com/squareup/okio/okio-jvm/3.10.2/okio-jvm-3.10.2.jar:/home/runner/.m2/repository/org/jetbrains/kotlin/kotlin-stdlib/2.0.21/kotlin-stdlib-2.0.21.jar:/home/runner/.m2/repository/org/awaitility/awaitility/4.3.0/awaitility-4.3.0.jar:/home/runner/.m2/repository/org/testcontainers/mongodb/1.20.6/mongodb-1.20.6.jar:/home/runner/.m2/repository/org/testcontainers/mariadb/1.20.6/mariadb-1.20.6.jar:/home/runner/.m2/repository/org/testcontainers/oracle-xe/1.20.6/oracle-xe-1.20.6.jar:/home/runner/.m2/repository/org/testcontainers/postgresql/1.20.6/postgresql-1.20.6.jar:/home/runner/.m2/repository/org/wiremock/wiremock/3.0.1/wiremock-3.0.1.jar:/home/runner/.m2/repository/org/eclipse/jetty/jetty-server/11.0.15/jetty-server-11.0.15.jar:/home/runner/.m2/repository/org/eclipse/jetty/toolchain/jetty-jakarta-servlet-api/5.0.2/jetty-jakarta-servlet-api-5.0.2.jar:/home/runner/.m2/repository/org/eclipse/jetty/jetty-http/11.0.15/jetty-http-11.0.15.jar:/home/runner/.m2/repository/org/eclipse/jetty/jetty-io/11.0.15/jetty-io-11.0.15.jar:/home/runner/.m2/repository/org/eclipse/jetty/jetty-servlet/11.0.15/jetty-servlet-11.0.15.jar:/home/runner/.m2/repository/org/eclipse/jetty/jetty-security/11.0.15/jetty-security-11.0.15.jar:/home/runner/.m2/repository/org/eclipse/jetty/jetty-servlets/11.0.15/jetty-servlets-11.0.15.jar:/home/runner/.m2/repository/org/eclipse/jetty/jetty-util/11.0.15/jetty-util-11.0.15.jar:/home/runner/.m2/repository/org/eclipse/jetty/jetty-webapp/11.0.15/jetty-webapp-11.0.15.jar:/home/runner/.m2/repository/org/eclipse/jetty/jetty-xml/11.0.15/jetty-xml-11.0.15.jar:/home/runner/.m2/repository/org/eclipse/jetty/jetty-proxy/11.0.15/jetty-proxy-11.0.15.jar:/home/runner/.m2/repository/org/eclipse/jetty/jetty-client/11.0.15/jetty-client-11.0.15.jar:/home/runner/.m2/repository/org/eclipse/jetty/http2/http2-server/11.0.15/http2-server-11.0.15.jar:/home/runner/.m2/repository/org/eclipse/jetty/http2/http2-common/11.0.15/http2-common-11.0.15.jar:/home/runner/.m2/repository/org/eclipse/jetty/http2/http2-hpack/11.0.15/http2-hpack-11.0.15.jar:/home/runner/.m2/repository/org/eclipse/jetty/jetty-alpn-server/11.0.15/jetty-alpn-server-11.0.15.jar:/home/runner/.m2/repository/org/eclipse/jetty/jetty-alpn-java-server/11.0.15/jetty-alpn-java-server-11.0.15.jar:/home/runner/.m2/repository/org/eclipse/jetty/jetty-alpn-java-client/11.0.15/jetty-alpn-java-client-11.0.15.jar:/home/runner/.m2/repository/org/eclipse/jetty/jetty-alpn-client/11.0.15/jetty-alpn-client-11.0.15.jar:/home/runner/.m2/repository/org/apache/httpcomponents/client5/httpclient5/5.2.1/httpclient5-5.2.1.jar:/home/runner/.m2/repository/org/apache/httpcomponents/core5/httpcore5/5.2/httpcore5-5.2.jar:/home/runner/.m2/repository/org/apache/httpcomponents/core5/httpcore5-h2/5.2/httpcore5-h2-5.2.jar:/home/runner/.m2/repository/org/xmlunit/xmlunit-core/2.9.1/xmlunit-core-2.9.1.jar:/home/runner/.m2/repository/jakarta/xml/bind/jakarta.xml.bind-api/4.0.2/jakarta.xml.bind-api-4.0.2.jar:/home/runner/.m2/repository/org/xmlunit/xmlunit-legacy/2.9.1/xmlunit-legacy-2.9.1.jar:/home/runner/.m2/repository/org/xmlunit/xmlunit-placeholders/2.9.1/xmlunit-placeholders-2.9.1.jar:/home/runner/.m2/repository/net/javacrumbs/json-unit/json-unit-core/2.38.0/json-unit-core-2.38.0.jar:/home/runner/.m2/repository/org/hamcrest/hamcrest-core/2.2/hamcrest-core-2.2.jar:/home/runner/.m2/repository/com/jayway/jsonpath/json-path/2.8.0/json-path-2.8.0.jar:/home/runner/.m2/repository/net/minidev/json-smart/2.4.10/json-smart-2.4.10.jar:/home/runner/.m2/repository/net/minidev/accessors-smart/2.4.9/accessors-smart-2.4.9.jar:/home/runner/.m2/repository/org/ow2/asm/asm/9.7.1/asm-9.7.1.jar:/home/runner/.m2/repository/net/sf/jopt-simple/jopt-simple/5.0.4/jopt-simple-5.0.4.jar:/home/runner/.m2/repository/com/github/jknack/handlebars/4.3.1/handlebars-4.3.1.jar:/home/runner/.m2/repository/com/github/jknack/handlebars-helpers/4.3.1/handlebars-helpers-4.3.1.jar:/home/runner/.m2/repository/commons-fileupload/commons-fileupload/1.5/commons-fileupload-1.5.jar:/home/runner/.m2/repository/com/networknt/json-schema-validator/1.5.8/json-schema-validator-1.5.8.jar:/home/runner/.m2/repository/com/ethlo/time/itu/1.10.3/itu-1.10.3.jar:/home/runner/.m2/repository/io/quarkus/quarkus-smallrye-jwt-build/3.20.2/quarkus-smallrye-jwt-build-3.20.2.jar:/home/runner/.m2/repository/io/smallrye/smallrye-jwt-build/4.6.2/smallrye-jwt-build-4.6.2.jar:/home/runner/.m2/repository/org/eclipse/microprofile/jwt/microprofile-jwt-auth-api/2.1/microprofile-jwt-auth-api-2.1.jar:/home/runner/.m2/repository/org/bitbucket/b_c/jose4j/0.9.6/jose4j-0.9.6.jar:/home/runner/.m2/repository/io/smallrye/smallrye-jwt-common/4.6.2/smallrye-jwt-common-4.6.2.jar:/home/runner/.m2/repository/io/quarkus/quarkus-jsonp/3.20.2/quarkus-jsonp-3.20.2.jar:/home/runner/.m2/repository/io/quarkus/quarkus-arc/3.20.2/quarkus-arc-3.20.2.jar:/home/runner/.m2/repository/io/quarkus/arc/arc/3.20.2/arc-3.20.2.jar:/home/runner/.m2/repository/jakarta/transaction/jakarta.transaction-api/2.0.1/jakarta.transaction-api-2.0.1.jar:/home/runner/.m2/repository/io/smallrye/reactive/mutiny/2.9.2/mutiny-2.9.2.jar:/home/runner/.m2/repository/org/jctools/jctools-core/4.0.5/jctools-core-4.0.5.jar:/home/runner/.m2/repository/org/eclipse/microprofile/context-propagation/microprofile-context-propagation-api/1.3/microprofile-context-propagation-api-1.3.jar:/home/runner/.m2/repository/io/apicurio/apicurio-common-rest-client-common/0.1.18.Final/apicurio-common-rest-client-common-0.1.18.Final.jar:/home/runner/work/apicurio-testing/apicurio-testing/clusters/ci419/namespaces/inmemory/tests/integration/apicurio-registry/utils/maven-plugin/target/apicurio-registry-maven-plugin-3.0.12-SNAPSHOT.jar:/home/runner/.m2/repository/com/fasterxml/jackson/core/jackson-databind/2.18.2/jackson-databind-2.18.2.jar:/home/runner/.m2/repository/org/apache/avro/avro/1.12.0/avro-1.12.0.jar:/home/runner/.m2/repository/com/google/protobuf/protobuf-java/4.31.1/protobuf-java-4.31.1.jar:/home/runner/.m2/repository/com/google/protobuf/protobuf-java-util/4.31.1/protobuf-java-util-4.31.1.jar:/home/runner/.m2/repository/com/google/code/findbugs/jsr305/3.0.2/jsr305-3.0.2.jar:/home/runner/.m2/repository/com/google/code/gson/gson/2.12.1/gson-2.12.1.jar:/home/runner/.m2/repository/com/google/errorprone/error_prone_annotations/2.36.0/error_prone_annotations-2.36.0.jar:/home/runner/.m2/repository/com/google/j2objc/j2objc-annotations/2.8/j2objc-annotations-2.8.jar:/home/runner/work/apicurio-testing/apicurio-testing/clusters/ci419/namespaces/inmemory/tests/integration/apicurio-registry/schema-util/util-provider/target/apicurio-registry-schema-util-provider-3.0.12-SNAPSHOT.jar:/home/runner/work/apicurio-testing/apicurio-testing/clusters/ci419/namespaces/inmemory/tests/integration/apicurio-registry/schema-util/common/target/apicurio-registry-schema-util-common-3.0.12-SNAPSHOT.jar:/home/runner/.m2/repository/com/fasterxml/jackson/module/jackson-module-parameter-names/2.18.2/jackson-module-parameter-names-2.18.2.jar:/home/runner/.m2/repository/com/fasterxml/jackson/datatype/jackson-datatype-json-org/2.18.2/jackson-datatype-json-org-2.18.2.jar:/home/runner/work/apicurio-testing/apicurio-testing/clusters/ci419/namespaces/inmemory/tests/integration/apicurio-registry/schema-util/json/target/apicurio-registry-schema-util-json-3.0.12-SNAPSHOT.jar:/home/runner/.m2/repository/com/github/erosb/everit-json-schema/1.14.5/everit-json-schema-1.14.5.jar:/home/runner/.m2/repository/commons-validator/commons-validator/1.9.0/commons-validator-1.9.0.jar:/home/runner/.m2/repository/commons-digester/commons-digester/2.1/commons-digester-2.1.jar:/home/runner/.m2/repository/commons-collections/commons-collections/3.2.2/commons-collections-3.2.2.jar:/home/runner/.m2/repository/com/damnhandy/handy-uri-templates/2.1.8/handy-uri-templates-2.1.8.jar:/home/runner/.m2/repository/joda-time/joda-time/2.10.2/joda-time-2.10.2.jar:/home/runner/.m2/repository/com/github/erosb/json-sKema/0.20.0/json-sKema-0.20.0.jar:/home/runner/.m2/repository/io/vertx/vertx-json-schema/4.5.16/vertx-json-schema-4.5.16.jar:/home/runner/work/apicurio-testing/apicurio-testing/clusters/ci419/namespaces/inmemory/tests/integration/apicurio-registry/schema-util/protobuf/target/apicurio-registry-schema-util-protobuf-3.0.12-SNAPSHOT.jar:/home/runner/work/apicurio-testing/apicurio-testing/clusters/ci419/namespaces/inmemory/tests/integration/apicurio-registry/utils/protobuf-schema-utilities/target/apicurio-registry-protobuf-schema-utilities-3.0.12-SNAPSHOT.jar:/home/runner/.m2/repository/com/google/api/grpc/proto-google-common-protos/2.52.0/proto-google-common-protos-2.52.0.jar:/home/runner/.m2/repository/com/squareup/wire/wire-schema-jvm/5.3.3/wire-schema-jvm-5.3.3.jar:/home/runner/.m2/repository/com/palantir/javapoet/javapoet/0.6.0/javapoet-0.6.0.jar:/home/runner/.m2/repository/com/squareup/kotlinpoet-jvm/2.0.0/kotlinpoet-jvm-2.0.0.jar:/home/runner/.m2/repository/org/jetbrains/kotlin/kotlin-reflect/2.0.21/kotlin-reflect-2.0.21.jar:/home/runner/.m2/repository/com/squareup/wire/wire-runtime-jvm/5.3.3/wire-runtime-jvm-5.3.3.jar:/home/runner/.m2/repository/com/ibm/icu/icu4j/76.1/icu4j-76.1.jar:/home/runner/.m2/repository/com/squareup/okio/okio-fakefilesystem/3.10.2/okio-fakefilesystem-3.10.2.jar:/home/runner/.m2/repository/com/squareup/okio/okio-fakefilesystem-jvm/3.10.2/okio-fakefilesystem-jvm-3.10.2.jar:/home/runner/.m2/repository/org/jetbrains/kotlinx/kotlinx-datetime-jvm/0.6.1/kotlinx-datetime-jvm-0.6.1.jar:/home/runner/work/apicurio-testing/apicurio-testing/clusters/ci419/namespaces/inmemory/tests/integration/apicurio-registry/schema-util/asyncapi/target/apicurio-registry-schema-util-asyncapi-3.0.12-SNAPSHOT.jar:/home/runner/work/apicurio-testing/apicurio-testing/clusters/ci419/namespaces/inmemory/tests/integration/apicurio-registry/schema-util/avro/target/apicurio-registry-schema-util-avro-3.0.12-SNAPSHOT.jar:/home/runner/work/apicurio-testing/apicurio-testing/clusters/ci419/namespaces/inmemory/tests/integration/apicurio-registry/schema-util/graphql/target/apicurio-registry-schema-util-graphql-3.0.12-SNAPSHOT.jar:/home/runner/.m2/repository/com/graphql-java/graphql-java/22.4/graphql-java-22.4.jar:/home/runner/.m2/repository/com/graphql-java/java-dataloader/3.3.0/java-dataloader-3.3.0.jar:/home/runner/work/apicurio-testing/apicurio-testing/clusters/ci419/namespaces/inmemory/tests/integration/apicurio-registry/schema-util/kconnect/target/apicurio-registry-schema-util-kconnect-3.0.12-SNAPSHOT.jar:/home/runner/work/apicurio-testing/apicurio-testing/clusters/ci419/namespaces/inmemory/tests/integration/apicurio-registry/schema-util/openapi/target/apicurio-registry-schema-util-openapi-3.0.12-SNAPSHOT.jar:/home/runner/.m2/repository/io/apicurio/apicurio-data-models/2.2.2/apicurio-data-models-2.2.2.jar:/home/runner/.m2/repository/org/openapitools/openapidiff/openapi-diff-core/2.1.2/openapi-diff-core-2.1.2.jar:/home/runner/.m2/repository/io/swagger/parser/v3/swagger-parser/2.1.28/swagger-parser-2.1.28.jar:/home/runner/.m2/repository/io/swagger/parser/v3/swagger-parser-v2-converter/2.1.28/swagger-parser-v2-converter-2.1.28.jar:/home/runner/.m2/repository/io/swagger/swagger-core/1.6.16/swagger-core-1.6.16.jar:/home/runner/.m2/repository/io/swagger/swagger-models/1.6.16/swagger-models-1.6.16.jar:/home/runner/.m2/repository/io/swagger/swagger-annotations/1.6.16/swagger-annotations-1.6.16.jar:/home/runner/.m2/repository/io/swagger/swagger-parser/1.0.75/swagger-parser-1.0.75.jar:/home/runner/.m2/repository/io/swagger/swagger-parser-safe-url-resolver/1.0.75/swagger-parser-safe-url-resolver-1.0.75.jar:/home/runner/.m2/repository/io/swagger/swagger-compat-spec-parser/1.0.75/swagger-compat-spec-parser-1.0.75.jar:/home/runner/.m2/repository/com/github/java-json-tools/json-schema-validator/2.2.14/json-schema-validator-2.2.14.jar:/home/runner/.m2/repository/com/github/java-json-tools/jackson-coreutils-equivalence/1.0/jackson-coreutils-equivalence-1.0.jar:/home/runner/.m2/repository/com/github/java-json-tools/json-schema-core/1.2.14/json-schema-core-1.2.14.jar:/home/runner/.m2/repository/com/github/java-json-tools/uri-template/0.10/uri-template-0.10.jar:/home/runner/.m2/repository/com/googlecode/libphonenumber/libphonenumber/8.11.1/libphonenumber-8.11.1.jar:/home/runner/.m2/repository/com/j2html/j2html/1.6.0/j2html-1.6.0.jar:/home/runner/.m2/repository/org/apache/commons/commons-collections4/4.5.0/commons-collections4-4.5.0.jar:/home/runner/.m2/repository/org/slf4j/jcl-over-slf4j/2.0.17/jcl-over-slf4j-2.0.17.jar:/home/runner/.m2/repository/io/swagger/parser/v3/swagger-parser-v3/2.1.31/swagger-parser-v3-2.1.31.jar:/home/runner/.m2/repository/io/swagger/core/v3/swagger-models/2.2.34/swagger-models-2.2.34.jar:/home/runner/.m2/repository/io/swagger/core/v3/swagger-core/2.2.34/swagger-core-2.2.34.jar:/home/runner/.m2/repository/io/swagger/parser/v3/swagger-parser-core/2.1.31/swagger-parser-core-2.1.31.jar:/home/runner/.m2/repository/io/swagger/parser/v3/swagger-parser-safe-url-resolver/2.1.31/swagger-parser-safe-url-resolver-2.1.31.jar:/home/runner/work/apicurio-testing/apicurio-testing/clusters/ci419/namespaces/inmemory/tests/integration/apicurio-registry/schema-util/wsdl/target/apicurio-registry-schema-util-wsdl-3.0.12-SNAPSHOT.jar:/home/runner/.m2/repository/wsdl4j/wsdl4j/1.6.3/wsdl4j-1.6.3.jar:/home/runner/work/apicurio-testing/apicurio-testing/clusters/ci419/namespaces/inmemory/tests/integration/apicurio-registry/schema-util/xml/target/apicurio-registry-schema-util-xml-3.0.12-SNAPSHOT.jar:/home/runner/.m2/repository/org/apache/santuario/xmlsec/4.0.4/xmlsec-4.0.4.jar:/home/runner/.m2/repository/com/fasterxml/woodstox/woodstox-core/7.1.1/woodstox-core-7.1.1.jar:/home/runner/.m2/repository/org/codehaus/woodstox/stax2-api/4.2.2/stax2-api-4.2.2.jar:/home/runner/work/apicurio-testing/apicurio-testing/clusters/ci419/namespaces/inmemory/tests/integration/apicurio-registry/schema-util/xsd/target/apicurio-registry-schema-util-xsd-3.0.12-SNAPSHOT.jar:/home/runner/work/apicurio-testing/apicurio-testing/clusters/ci419/namespaces/inmemory/tests/integration/apicurio-registry/serdes/kafka/jsonschema-serde/target/apicurio-registry-jsonschema-serde-kafka-3.0.12-SNAPSHOT.jar:/home/runner/work/apicurio-testing/apicurio-testing/clusters/ci419/namespaces/inmemory/tests/integration/apicurio-registry/serdes/kafka/serde-kafka-common/target/apicurio-registry-serde-kafka-common-3.0.12-SNAPSHOT.jar:/home/runner/work/apicurio-testing/apicurio-testing/clusters/ci419/namespaces/inmemory/tests/integration/apicurio-registry/serdes/generic/serde-common/target/apicurio-registry-serde-common-3.0.12-SNAPSHOT.jar:/home/runner/work/apicurio-testing/apicurio-testing/clusters/ci419/namespaces/inmemory/tests/integration/apicurio-registry/serdes/generic/serde-common-jsonschema/target/apicurio-registry-serde-common-jsonschema-3.0.12-SNAPSHOT.jar:/home/runner/.m2/repository/org/json/json/20250107/json-20250107.jar:/home/runner/work/apicurio-testing/apicurio-testing/clusters/ci419/namespaces/inmemory/tests/integration/apicurio-registry/serdes/kafka/avro-serde/target/apicurio-registry-avro-serde-kafka-3.0.12-SNAPSHOT.jar:/home/runner/work/apicurio-testing/apicurio-testing/clusters/ci419/namespaces/inmemory/tests/integration/apicurio-registry/serdes/generic/serde-common-avro/target/apicurio-registry-serde-common-avro-3.0.12-SNAPSHOT.jar:/home/runner/work/apicurio-testing/apicurio-testing/clusters/ci419/namespaces/inmemory/tests/integration/apicurio-registry/serdes/kafka/protobuf-serde/target/apicurio-registry-protobuf-serde-kafka-3.0.12-SNAPSHOT.jar:/home/runner/work/apicurio-testing/apicurio-testing/clusters/ci419/namespaces/inmemory/tests/integration/apicurio-registry/serdes/generic/serde-common-protobuf/target/apicurio-registry-serde-common-protobuf-3.0.12-SNAPSHOT.jar:/home/runner/.m2/repository/com/squareup/wire/wire-schema/5.3.3/wire-schema-5.3.3.jar:/home/runner/.m2/repository/com/squareup/wire/wire-runtime/5.3.3/wire-runtime-5.3.3.jar:/home/runner/work/apicurio-testing/apicurio-testing/clusters/ci419/namespaces/inmemory/tests/integration/apicurio-registry/serdes/pulsar/avro-serde/target/apicurio-registry-avro-serde-pulsar-3.0.12-SNAPSHOT.jar:/home/runner/.m2/repository/org/apache/pulsar/pulsar-functions-api/3.3.8/pulsar-functions-api-3.3.8.jar:/home/runner/work/apicurio-testing/apicurio-testing/clusters/ci419/namespaces/inmemory/tests/integration/apicurio-registry/serdes/nats/avro-serde/target/apicurio-registry-avro-serde-nats-3.0.12-SNAPSHOT.jar:/home/runner/.m2/repository/io/nats/jnats/2.21.4/jnats-2.21.4.jar:/home/runner/.m2/repository/org/bouncycastle/bcprov-lts8on/2.73.7/bcprov-lts8on-2.73.7.jar:/home/runner/.m2/repository/org/jetbrains/annotations/26.0.2/annotations-26.0.2.jar:/home/runner/work/apicurio-testing/apicurio-testing/clusters/ci419/namespaces/inmemory/tests/integration/apicurio-registry/utils/converter/target/apicurio-registry-utils-converter-3.0.12-SNAPSHOT.jar:/home/runner/work/apicurio-testing/apicurio-testing/clusters/ci419/namespaces/inmemory/tests/integration/apicurio-registry/schema-resolver/target/apicurio-registry-schema-resolver-3.0.12-SNAPSHOT.jar:/home/runner/.m2/repository/org/apache/kafka/connect-api/3.9.1/connect-api-3.9.1.jar:/home/runner/.m2/repository/javax/ws/rs/javax.ws.rs-api/2.1.1/javax.ws.rs-api-2.1.1.jar:/home/runner/.m2/repository/org/apache/kafka/connect-json/3.9.1/connect-json-3.9.1.jar:/home/runner/.m2/repository/com/fasterxml/jackson/datatype/jackson-datatype-jdk8/2.18.2/jackson-datatype-jdk8-2.18.2.jar:/home/runner/.m2/repository/com/fasterxml/jackson/module/jackson-module-afterburner/2.18.2/jackson-module-afterburner-2.18.2.jar:/home/runner/work/apicurio-testing/apicurio-testing/clusters/ci419/namespaces/inmemory/tests/integration/apicurio-registry/utils/kafka/target/apicurio-registry-utils-kafka-3.0.12-SNAPSHOT.jar:/home/runner/.m2/repository/org/apache/pulsar/pulsar-client/3.3.8/pulsar-client-3.3.8.jar:/home/runner/.m2/repository/org/apache/pulsar/pulsar-client-api/3.3.8/pulsar-client-api-3.3.8.jar:/home/runner/.m2/repository/org/apache/pulsar/pulsar-client-admin-api/3.3.8/pulsar-client-admin-api-3.3.8.jar:/home/runner/.m2/repository/org/apache/pulsar/bouncy-castle-bc/3.3.8/bouncy-castle-bc-3.3.8-pkg.jar:/home/runner/.m2/repository/org/bouncycastle/bcpkix-jdk18on/1.81/bcpkix-jdk18on-1.81.jar:/home/runner/.m2/repository/org/bouncycastle/bcutil-jdk18on/1.81/bcutil-jdk18on-1.81.jar:/home/runner/.m2/repository/org/bouncycastle/bcprov-jdk18on/1.81/bcprov-jdk18on-1.81.jar:/home/runner/.m2/repository/io/opentelemetry/opentelemetry-api/1.44.1/opentelemetry-api-1.44.1.jar:/home/runner/.m2/repository/io/opentelemetry/opentelemetry-context/1.44.1/opentelemetry-context-1.44.1.jar:/home/runner/.m2/repository/io/opentelemetry/opentelemetry-api-incubator/1.44.1-alpha/opentelemetry-api-incubator-1.44.1-alpha.jar:/home/runner/.m2/repository/com/fasterxml/jackson/core/jackson-annotations/2.18.2/jackson-annotations-2.18.2.jar:/home/runner/.m2/repository/javax/validation/validation-api/1.1.0.Final/validation-api-1.1.0.Final.jar:/home/runner/.m2/repository/org/jspecify/jspecify/1.0.0/jspecify-1.0.0.jar:/home/runner/.m2/repository/org/apache/commons/commons-configuration2/2.12.0/commons-configuration2-2.12.0.jar:/home/runner/.m2/repository/commons-logging/commons-logging/1.3.5/commons-logging-1.3.5.jar:/home/runner/.m2/repository/org/apache/commons/commons-text/1.13.0/commons-text-1.13.0.jar:/home/runner/.m2/repository/io/confluent/kafka-avro-serializer/8.0.0/kafka-avro-serializer-8.0.0.jar:/home/runner/.m2/repository/org/apache/commons/commons-compress/1.27.1/commons-compress-1.27.1.jar:/home/runner/.m2/repository/io/confluent/kafka-schema-serializer/8.0.0/kafka-schema-serializer-8.0.0.jar:/home/runner/.m2/repository/com/fasterxml/jackson/dataformat/jackson-dataformat-csv/2.18.2/jackson-dataformat-csv-2.18.2.jar:/home/runner/.m2/repository/io/confluent/kafka-schema-registry-client/8.0.0/kafka-schema-registry-client-8.0.0.jar:/home/runner/.m2/repository/org/yaml/snakeyaml/2.3/snakeyaml-2.3.jar:/home/runner/.m2/repository/io/swagger/core/v3/swagger-annotations/2.2.29/swagger-annotations-2.2.29.jar:/home/runner/.m2/repository/com/google/guava/guava/33.4.0-jre/guava-33.4.0-jre.jar:/home/runner/.m2/repository/com/google/guava/failureaccess/1.0.1/failureaccess-1.0.1.jar:/home/runner/.m2/repository/org/checkerframework/checker-qual/3.49.0/checker-qual-3.49.0.jar:/home/runner/.m2/repository/io/confluent/logredactor/1.0.13/logredactor-1.0.13.jar:/home/runner/.m2/repository/com/google/re2j/re2j/1.6/re2j-1.6.jar:/home/runner/.m2/repository/io/confluent/logredactor-metrics/1.0.13/logredactor-metrics-1.0.13.jar:/home/runner/.m2/repository/com/eclipsesource/minimal-json/minimal-json/0.9.5/minimal-json-0.9.5.jar:/home/runner/.m2/repository/io/confluent/common-utils/8.0.0/common-utils-8.0.0.jar:/home/runner/.m2/repository/io/confluent/kafka-connect-avro-converter/8.0.0/kafka-connect-avro-converter-8.0.0.jar:/home/runner/.m2/repository/io/confluent/kafka-connect-avro-data/8.0.0/kafka-connect-avro-data-8.0.0.jar:/home/runner/.m2/repository/io/confluent/kafka-schema-converter/8.0.0/kafka-schema-converter-8.0.0.jar:/home/runner/.m2/repository/io/rest-assured/rest-assured/5.5.1/rest-assured-5.5.1.jar:/home/runner/.m2/repository/org/apache/groovy/groovy/4.0.22/groovy-4.0.22.jar:/home/runner/.m2/repository/org/apache/groovy/groovy-xml/4.0.22/groovy-xml-4.0.22.jar:/home/runner/.m2/repository/org/apache/httpcomponents/httpclient/4.5.14/httpclient-4.5.14.jar:/home/runner/.m2/repository/org/apache/httpcomponents/httpcore/4.4.16/httpcore-4.4.16.jar:/home/runner/.m2/repository/org/apache/httpcomponents/httpmime/4.5.14/httpmime-4.5.14.jar:/home/runner/.m2/repository/org/hamcrest/hamcrest/2.2/hamcrest-2.2.jar:/home/runner/.m2/repository/org/ccil/cowan/tagsoup/tagsoup/1.2.1/tagsoup-1.2.1.jar:/home/runner/.m2/repository/io/rest-assured/json-path/5.5.1/json-path-5.5.1.jar:/home/runner/.m2/repository/org/apache/groovy/groovy-json/4.0.22/groovy-json-4.0.22.jar:/home/runner/.m2/repository/io/rest-assured/rest-assured-common/5.5.1/rest-assured-common-5.5.1.jar:/home/runner/.m2/repository/io/rest-assured/xml-path/5.5.1/xml-path-5.5.1.jar:/home/runner/.m2/repository/io/zonky/test/embedded-postgres/2.1.0/embedded-postgres-2.1.0.jar:/home/runner/.m2/repository/io/zonky/test/postgres/embedded-postgres-binaries-windows-amd64/14.15.0/embedded-postgres-binaries-windows-amd64-14.15.0.jar:/home/runner/.m2/repository/io/zonky/test/postgres/embedded-postgres-binaries-darwin-amd64/14.15.0/embedded-postgres-binaries-darwin-amd64-14.15.0.jar:/home/runner/.m2/repository/io/zonky/test/postgres/embedded-postgres-binaries-linux-amd64/14.15.0/embedded-postgres-binaries-linux-amd64-14.15.0.jar:/home/runner/.m2/repository/io/zonky/test/postgres/embedded-postgres-binaries-linux-amd64-alpine/14.15.0/embedded-postgres-binaries-linux-amd64-alpine-14.15.0.jar:/home/runner/.m2/repository/org/apache/commons/commons-lang3/3.17.0/commons-lang3-3.17.0.jar:/home/runner/.m2/repository/org/tukaani/xz/1.10/xz-1.10.jar:/home/runner/.m2/repository/commons-codec/commons-codec/1.19.0/commons-codec-1.19.0.jar:/home/runner/.m2/repository/org/postgresql/postgresql/42.7.7/postgresql-42.7.7.jar:/home/runner/.m2/repository/commons-io/commons-io/2.18.0/commons-io-2.18.0.jar:/home/runner/work/apicurio-testing/apicurio-testing/clusters/ci419/namespaces/inmemory/tests/integration/apicurio-registry/utils/importexport/target/apicurio-registry-utils-import-export-3.0.12-SNAPSHOT.jar:/home/runner/.m2/repository/io/vertx/vertx-core/4.5.16/vertx-core-4.5.16.jar:/home/runner/.m2/repository/io/netty/netty-common/4.1.121.Final/netty-common-4.1.121.Final.jar:/home/runner/.m2/repository/io/netty/netty-buffer/4.1.121.Final/netty-buffer-4.1.121.Final.jar:/home/runner/.m2/repository/io/netty/netty-transport/4.1.121.Final/netty-transport-4.1.121.Final.jar:/home/runner/.m2/repository/io/netty/netty-handler/4.1.121.Final/netty-handler-4.1.121.Final.jar:/home/runner/.m2/repository/io/netty/netty-transport-native-unix-common/4.1.121.Final/netty-transport-native-unix-common-4.1.121.Final.jar:/home/runner/.m2/repository/io/netty/netty-codec/4.1.121.Final/netty-codec-4.1.121.Final.jar:/home/runner/.m2/repository/io/netty/netty-handler-proxy/4.1.121.Final/netty-handler-proxy-4.1.121.Final.jar:/home/runner/.m2/repository/io/netty/netty-codec-socks/4.1.121.Final/netty-codec-socks-4.1.121.Final.jar:/home/runner/.m2/repository/io/netty/netty-codec-http/4.1.121.Final/netty-codec-http-4.1.121.Final.jar:/home/runner/.m2/repository/io/netty/netty-codec-http2/4.1.121.Final/netty-codec-http2-4.1.121.Final.jar:/home/runner/.m2/repository/io/netty/netty-resolver/4.1.121.Final/netty-resolver-4.1.121.Final.jar:/home/runner/.m2/repository/io/netty/netty-resolver-dns/4.1.121.Final/netty-resolver-dns-4.1.121.Final.jar:/home/runner/.m2/repository/io/netty/netty-codec-dns/4.1.121.Final/netty-codec-dns-4.1.121.Final.jar:/home/runner/.m2/repository/com/fasterxml/jackson/core/jackson-core/2.18.2/jackson-core-2.18.2.jar:"/>
    <property name="java.vm.vendor" value="Eclipse Adoptium"/>
    <property name="maven.javadoc.skip" value="true"/>
    <property name="sun.arch.data.model" value="64"/>
    <property name="java.vendor.url" value="https://adoptium.net/"/>
    <property name="user.timezone" value="Etc/UTC"/>
    <property name="os.name" value="Linux"/>
    <property name="java.vm.specification.version" value="17"/>
    <property name="sun.java.launcher" value="SUN_STANDARD"/>
    <property name="quarkus.http.test-port" value="80"/>
    <property name="sun.boot.library.path" value="/usr/lib/jvm/temurin-17-jdk-amd64/lib"/>
    <property name="sun.java.command" value="/home/runner/work/apicurio-testing/apicurio-testing/clusters/ci419/namespaces/inmemory/tests/integration/apicurio-registry/integration-tests/target/surefire/surefirebooter-20250813163444075_3.jar /home/runner/work/apicurio-testing/apicurio-testing/clusters/ci419/namespaces/inmemory/tests/integration/apicurio-registry/integration-tests/target/surefire 2025-08-13T16-34-43_984-jvmRun1 surefire-20250813163444075_1tmp surefire_0-20250813163444075_2tmp"/>
    <property name="maven.home" value="/home/runner/.m2/wrapper/dists/apache-maven-3.9.8-bin/4fnp1ql35bgk2a0p7m31ovbgb0/apache-maven-3.9.8"/>
    <property name="jdk.debug" value="release"/>
    <property name="surefire.test.class.path" value="/home/runner/work/apicurio-testing/apicurio-testing/clusters/ci419/namespaces/inmemory/tests/integration/apicurio-registry/integration-tests/target/test-classes:/home/runner/work/apicurio-testing/apicurio-testing/clusters/ci419/namespaces/inmemory/tests/integration/apicurio-registry/integration-tests/target/apicurio-registry-integration-tests-3.0.12-SNAPSHOT.jar:/home/runner/.m2/repository/io/quarkus/quarkus-junit5/3.20.2/quarkus-junit5-3.20.2.jar:/home/runner/.m2/repository/io/quarkus/quarkus-bootstrap-core/3.20.2/quarkus-bootstrap-core-3.20.2.jar:/home/runner/.m2/repository/io/quarkus/quarkus-classloader-commons/3.20.2/quarkus-classloader-commons-3.20.2.jar:/home/runner/.m2/repository/io/quarkus/quarkus-bootstrap-app-model/3.20.2/quarkus-bootstrap-app-model-3.20.2.jar:/home/runner/.m2/repository/io/smallrye/common/smallrye-common-io/2.12.0/smallrye-common-io-2.12.0.jar:/home/runner/.m2/repository/org/eclipse/sisu/org.eclipse.sisu.inject/0.9.0.M3/org.eclipse.sisu.inject-0.9.0.M3.jar:/home/runner/.m2/repository/io/quarkus/quarkus-test-common/3.20.2/quarkus-test-common-3.20.2.jar:/home/runner/.m2/repository/io/quarkus/quarkus-core-deployment/3.20.2/quarkus-core-deployment-3.20.2.jar:/home/runner/.m2/repository/org/aesh/readline/2.6/readline-2.6.jar:/home/runner/.m2/repository/org/fusesource/jansi/jansi/2.4.0/jansi-2.4.0.jar:/home/runner/.m2/repository/org/aesh/aesh/2.8.2/aesh-2.8.2.jar:/home/runner/.m2/repository/io/quarkus/gizmo/gizmo/1.8.0/gizmo-1.8.0.jar:/home/runner/.m2/repository/org/ow2/asm/asm-util/9.7.1/asm-util-9.7.1.jar:/home/runner/.m2/repository/org/ow2/asm/asm-analysis/9.7.1/asm-analysis-9.7.1.jar:/home/runner/.m2/repository/org/ow2/asm/asm-commons/9.7.1/asm-commons-9.7.1.jar:/home/runner/.m2/repository/org/ow2/asm/asm-tree/9.7.1/asm-tree-9.7.1.jar:/home/runner/.m2/repository/io/quarkus/quarkus-hibernate-validator-spi/3.20.2/quarkus-hibernate-validator-spi-3.20.2.jar:/home/runner/.m2/repository/io/quarkus/quarkus-class-change-agent/3.20.2/quarkus-class-change-agent-3.20.2.jar:/home/runner/.m2/repository/io/quarkus/quarkus-devtools-utilities/3.20.2/quarkus-devtools-utilities-3.20.2.jar:/home/runner/.m2/repository/io/quarkus/quarkus-builder/3.20.2/quarkus-builder-3.20.2.jar:/home/runner/.m2/repository/org/graalvm/sdk/nativeimage/23.1.2/nativeimage-23.1.2.jar:/home/runner/.m2/repository/org/graalvm/sdk/word/23.1.2/word-23.1.2.jar:/home/runner/.m2/repository/io/quarkus/quarkus-bootstrap-maven-resolver/3.20.2/quarkus-bootstrap-maven-resolver-3.20.2.jar:/home/runner/.m2/repository/io/smallrye/beanbag/smallrye-beanbag-maven/1.5.2/smallrye-beanbag-maven-1.5.2.jar:/home/runner/.m2/repository/io/smallrye/beanbag/smallrye-beanbag-sisu/1.5.2/smallrye-beanbag-sisu-1.5.2.jar:/home/runner/.m2/repository/io/smallrye/beanbag/smallrye-beanbag/1.5.2/smallrye-beanbag-1.5.2.jar:/home/runner/.m2/repository/javax/inject/javax.inject/1/javax.inject-1.jar:/home/runner/.m2/repository/org/apache/maven/maven-artifact/3.9.9/maven-artifact-3.9.9.jar:/home/runner/.m2/repository/org/apache/maven/maven-builder-support/3.9.9/maven-builder-support-3.9.9.jar:/home/runner/.m2/repository/org/apache/maven/maven-model/3.9.9/maven-model-3.9.9.jar:/home/runner/.m2/repository/org/apache/maven/maven-model-builder/3.9.9/maven-model-builder-3.9.9.jar:/home/runner/.m2/repository/org/apache/maven/maven-repository-metadata/3.9.9/maven-repository-metadata-3.9.9.jar:/home/runner/.m2/repository/org/apache/maven/maven-settings/3.9.9/maven-settings-3.9.9.jar:/home/runner/.m2/repository/org/apache/maven/resolver/maven-resolver-api/1.9.22/maven-resolver-api-1.9.22.jar:/home/runner/.m2/repository/org/apache/maven/resolver/maven-resolver-impl/1.9.22/maven-resolver-impl-1.9.22.jar:/home/runner/.m2/repository/org/apache/maven/resolver/maven-resolver-named-locks/1.9.22/maven-resolver-named-locks-1.9.22.jar:/home/runner/.m2/repository/org/apache/maven/resolver/maven-resolver-spi/1.9.22/maven-resolver-spi-1.9.22.jar:/home/runner/.m2/repository/org/apache/maven/resolver/maven-resolver-util/1.9.22/maven-resolver-util-1.9.22.jar:/home/runner/.m2/repository/org/apache/maven/resolver/maven-resolver-transport-http/1.9.20/maven-resolver-transport-http-1.9.20.jar:/home/runner/.m2/repository/org/apache/maven/wagon/wagon-provider-api/3.5.3/wagon-provider-api-3.5.3.jar:/home/runner/.m2/repository/org/apache/maven/wagon/wagon-http-shared/3.5.3/wagon-http-shared-3.5.3.jar:/home/runner/.m2/repository/org/codehaus/plexus/plexus-interpolation/1.26/plexus-interpolation-1.26.jar:/home/runner/.m2/repository/org/codehaus/plexus/plexus-utils/3.5.1/plexus-utils-3.5.1.jar:/home/runner/.m2/repository/org/codehaus/plexus/plexus-xml/4.0.1/plexus-xml-4.0.1.jar:/home/runner/.m2/repository/org/apache/maven/maven-xml-impl/4.0.0-alpha-5/maven-xml-impl-4.0.0-alpha-5.jar:/home/runner/.m2/repository/org/apache/maven/maven-api-xml/4.0.0-alpha-5/maven-api-xml-4.0.0-alpha-5.jar:/home/runner/.m2/repository/org/apache/maven/maven-api-meta/4.0.0-alpha-5/maven-api-meta-4.0.0-alpha-5.jar:/home/runner/.m2/repository/org/codehaus/plexus/plexus-cipher/2.0/plexus-cipher-2.0.jar:/home/runner/.m2/repository/org/codehaus/plexus/plexus-sec-dispatcher/2.0/plexus-sec-dispatcher-2.0.jar:/home/runner/.m2/repository/org/apache/maven/maven-embedder/3.9.9/maven-embedder-3.9.9.jar:/home/runner/.m2/repository/org/apache/maven/maven-core/3.9.9/maven-core-3.9.9.jar:/home/runner/.m2/repository/org/codehaus/plexus/plexus-component-annotations/2.1.0/plexus-component-annotations-2.1.0.jar:/home/runner/.m2/repository/org/apache/maven/maven-plugin-api/3.9.9/maven-plugin-api-3.9.9.jar:/home/runner/.m2/repository/org/apache/maven/shared/maven-shared-utils/3.4.2/maven-shared-utils-3.4.2.jar:/home/runner/.m2/repository/com/google/inject/guice/5.1.0/guice-5.1.0.jar:/home/runner/.m2/repository/aopalliance/aopalliance/1.0/aopalliance-1.0.jar:/home/runner/.m2/repository/org/codehaus/plexus/plexus-classworlds/2.6.0/plexus-classworlds-2.6.0.jar:/home/runner/.m2/repository/commons-cli/commons-cli/1.8.0/commons-cli-1.8.0.jar:/home/runner/.m2/repository/org/eclipse/sisu/org.eclipse.sisu.plexus/0.9.0.M3/org.eclipse.sisu.plexus-0.9.0.M3.jar:/home/runner/.m2/repository/org/apache/maven/maven-settings-builder/3.9.9/maven-settings-builder-3.9.9.jar:/home/runner/.m2/repository/org/apache/maven/maven-resolver-provider/3.9.9/maven-resolver-provider-3.9.9.jar:/home/runner/.m2/repository/org/apache/maven/resolver/maven-resolver-connector-basic/1.9.22/maven-resolver-connector-basic-1.9.22.jar:/home/runner/.m2/repository/org/apache/maven/resolver/maven-resolver-transport-wagon/1.9.22/maven-resolver-transport-wagon-1.9.22.jar:/home/runner/.m2/repository/org/apache/maven/wagon/wagon-http/3.5.3/wagon-http-3.5.3.jar:/home/runner/.m2/repository/org/apache/maven/wagon/wagon-file/3.5.3/wagon-file-3.5.3.jar:/home/runner/.m2/repository/io/quarkus/quarkus-bootstrap-gradle-resolver/3.20.2/quarkus-bootstrap-gradle-resolver-3.20.2.jar:/home/runner/.m2/repository/io/smallrye/jandex/3.3.0/jandex-3.3.0.jar:/home/runner/.m2/repository/org/jboss/logging/commons-logging-jboss-logging/1.0.0.Final/commons-logging-jboss-logging-1.0.0.Final.jar:/home/runner/.m2/repository/io/quarkus/quarkus-junit5-config/3.20.2/quarkus-junit5-config-3.20.2.jar:/home/runner/.m2/repository/org/junit/jupiter/junit-jupiter-api/5.12.1/junit-jupiter-api-5.12.1.jar:/home/runner/.m2/repository/io/smallrye/config/smallrye-config/3.11.4/smallrye-config-3.11.4.jar:/home/runner/.m2/repository/io/smallrye/config/smallrye-config-core/3.11.4/smallrye-config-core-3.11.4.jar:/home/runner/.m2/repository/io/smallrye/common/smallrye-common-classloader/2.12.0/smallrye-common-classloader-2.12.0.jar:/home/runner/.m2/repository/io/smallrye/config/smallrye-config-common/3.11.4/smallrye-config-common-3.11.4.jar:/home/runner/.m2/repository/org/junit/jupiter/junit-jupiter/5.12.1/junit-jupiter-5.12.1.jar:/home/runner/.m2/repository/org/junit/jupiter/junit-jupiter-params/5.12.1/junit-jupiter-params-5.12.1.jar:/home/runner/.m2/repository/org/junit/jupiter/junit-jupiter-engine/5.12.1/junit-jupiter-engine-5.12.1.jar:/home/runner/.m2/repository/io/quarkus/quarkus-core/3.20.2/quarkus-core-3.20.2.jar:/home/runner/.m2/repository/jakarta/enterprise/jakarta.enterprise.cdi-api/4.1.0/jakarta.enterprise.cdi-api-4.1.0.jar:/home/runner/.m2/repository/jakarta/enterprise/jakarta.enterprise.lang-model/4.1.0/jakarta.enterprise.lang-model-4.1.0.jar:/home/runner/.m2/repository/jakarta/el/jakarta.el-api/5.0.1/jakarta.el-api-5.0.1.jar:/home/runner/.m2/repository/jakarta/interceptor/jakarta.interceptor-api/2.2.0/jakarta.interceptor-api-2.2.0.jar:/home/runner/.m2/repository/jakarta/inject/jakarta.inject-api/2.0.1/jakarta.inject-api-2.0.1.jar:/home/runner/.m2/repository/io/smallrye/common/smallrye-common-os/2.12.0/smallrye-common-os-2.12.0.jar:/home/runner/.m2/repository/io/quarkus/quarkus-ide-launcher/3.20.2/quarkus-ide-launcher-3.20.2.jar:/home/runner/.m2/repository/io/quarkus/quarkus-development-mode-spi/3.20.2/quarkus-development-mode-spi-3.20.2.jar:/home/runner/.m2/repository/org/jboss/logging/jboss-logging/3.6.1.Final/jboss-logging-3.6.1.Final.jar:/home/runner/.m2/repository/org/jboss/logmanager/jboss-logmanager/3.1.2.Final/jboss-logmanager-3.1.2.Final.jar:/home/runner/.m2/repository/io/smallrye/common/smallrye-common-constraint/2.12.0/smallrye-common-constraint-2.12.0.jar:/home/runner/.m2/repository/io/smallrye/common/smallrye-common-cpu/2.12.0/smallrye-common-cpu-2.12.0.jar:/home/runner/.m2/repository/io/smallrye/common/smallrye-common-expression/2.12.0/smallrye-common-expression-2.12.0.jar:/home/runner/.m2/repository/io/smallrye/common/smallrye-common-net/2.12.0/smallrye-common-net-2.12.0.jar:/home/runner/.m2/repository/io/smallrye/common/smallrye-common-ref/2.12.0/smallrye-common-ref-2.12.0.jar:/home/runner/.m2/repository/jakarta/json/jakarta.json-api/2.1.3/jakarta.json-api-2.1.3.jar:/home/runner/.m2/repository/org/eclipse/parsson/parsson/1.1.7/parsson-1.1.7.jar:/home/runner/.m2/repository/org/jboss/logging/jboss-logging-annotations/3.0.4.Final/jboss-logging-annotations-3.0.4.Final.jar:/home/runner/.m2/repository/org/jboss/threads/jboss-threads/3.8.0.Final/jboss-threads-3.8.0.Final.jar:/home/runner/.m2/repository/io/smallrye/common/smallrye-common-annotation/2.12.0/smallrye-common-annotation-2.12.0.jar:/home/runner/.m2/repository/io/smallrye/common/smallrye-common-function/2.12.0/smallrye-common-function-2.12.0.jar:/home/runner/.m2/repository/org/jboss/slf4j/slf4j-jboss-logmanager/2.0.0.Final/slf4j-jboss-logmanager-2.0.0.Final.jar:/home/runner/.m2/repository/org/wildfly/common/wildfly-common/2.0.1/wildfly-common-2.0.1.jar:/home/runner/.m2/repository/io/quarkus/quarkus-bootstrap-runner/3.20.2/quarkus-bootstrap-runner-3.20.2.jar:/home/runner/.m2/repository/io/github/crac/org-crac/0.1.3/org-crac-0.1.3.jar:/home/runner/.m2/repository/io/quarkus/quarkus-fs-util/0.0.10/quarkus-fs-util-0.0.10.jar:/home/runner/.m2/repository/org/jboss/marshalling/jboss-marshalling/2.2.2.Final/jboss-marshalling-2.2.2.Final.jar:/home/runner/.m2/repository/io/fabric8/kubernetes-client/7.1.0/kubernetes-client-7.1.0.jar:/home/runner/.m2/repository/io/fabric8/kubernetes-client-api/7.1.0/kubernetes-client-api-7.1.0.jar:/home/runner/.m2/repository/io/fabric8/kubernetes-model-core/7.1.0/kubernetes-model-core-7.1.0.jar:/home/runner/.m2/repository/io/fabric8/kubernetes-model-common/7.1.0/kubernetes-model-common-7.1.0.jar:/home/runner/.m2/repository/javax/annotation/javax.annotation-api/1.3.2/javax.annotation-api-1.3.2.jar:/home/runner/.m2/repository/io/fabric8/kubernetes-model-gatewayapi/7.1.0/kubernetes-model-gatewayapi-7.1.0.jar:/home/runner/.m2/repository/io/fabric8/kubernetes-model-resource/7.1.0/kubernetes-model-resource-7.1.0.jar:/home/runner/.m2/repository/io/fabric8/kubernetes-model-rbac/7.1.0/kubernetes-model-rbac-7.1.0.jar:/home/runner/.m2/repository/io/fabric8/kubernetes-model-admissionregistration/7.1.0/kubernetes-model-admissionregistration-7.1.0.jar:/home/runner/.m2/repository/io/fabric8/kubernetes-model-apps/7.1.0/kubernetes-model-apps-7.1.0.jar:/home/runner/.m2/repository/io/fabric8/kubernetes-model-autoscaling/7.1.0/kubernetes-model-autoscaling-7.1.0.jar:/home/runner/.m2/repository/io/fabric8/kubernetes-model-apiextensions/7.1.0/kubernetes-model-apiextensions-7.1.0.jar:/home/runner/.m2/repository/io/fabric8/kubernetes-model-batch/7.1.0/kubernetes-model-batch-7.1.0.jar:/home/runner/.m2/repository/io/fabric8/kubernetes-model-certificates/7.1.0/kubernetes-model-certificates-7.1.0.jar:/home/runner/.m2/repository/io/fabric8/kubernetes-model-coordination/7.1.0/kubernetes-model-coordination-7.1.0.jar:/home/runner/.m2/repository/io/fabric8/kubernetes-model-discovery/7.1.0/kubernetes-model-discovery-7.1.0.jar:/home/runner/.m2/repository/io/fabric8/kubernetes-model-events/7.1.0/kubernetes-model-events-7.1.0.jar:/home/runner/.m2/repository/io/fabric8/kubernetes-model-extensions/7.1.0/kubernetes-model-extensions-7.1.0.jar:/home/runner/.m2/repository/io/fabric8/kubernetes-model-flowcontrol/7.1.0/kubernetes-model-flowcontrol-7.1.0.jar:/home/runner/.m2/repository/io/fabric8/kubernetes-model-networking/7.1.0/kubernetes-model-networking-7.1.0.jar:/home/runner/.m2/repository/io/fabric8/kubernetes-model-metrics/7.1.0/kubernetes-model-metrics-7.1.0.jar:/home/runner/.m2/repository/io/fabric8/kubernetes-model-policy/7.1.0/kubernetes-model-policy-7.1.0.jar:/home/runner/.m2/repository/io/fabric8/kubernetes-model-scheduling/7.1.0/kubernetes-model-scheduling-7.1.0.jar:/home/runner/.m2/repository/io/fabric8/kubernetes-model-storageclass/7.1.0/kubernetes-model-storageclass-7.1.0.jar:/home/runner/.m2/repository/io/fabric8/kubernetes-model-node/7.1.0/kubernetes-model-node-7.1.0.jar:/home/runner/.m2/repository/org/snakeyaml/snakeyaml-engine/2.9/snakeyaml-engine-2.9.jar:/home/runner/.m2/repository/com/fasterxml/jackson/dataformat/jackson-dataformat-yaml/2.18.2/jackson-dataformat-yaml-2.18.2.jar:/home/runner/.m2/repository/com/fasterxml/jackson/datatype/jackson-datatype-jsr310/2.18.2/jackson-datatype-jsr310-2.18.2.jar:/home/runner/.m2/repository/io/fabric8/zjsonpatch/7.1.0/zjsonpatch-7.1.0.jar:/home/runner/.m2/repository/io/fabric8/kubernetes-httpclient-vertx/7.1.0/kubernetes-httpclient-vertx-7.1.0.jar:/home/runner/.m2/repository/io/vertx/vertx-web-client/4.5.16/vertx-web-client-4.5.16.jar:/home/runner/.m2/repository/io/vertx/vertx-web-common/4.5.16/vertx-web-common-4.5.16.jar:/home/runner/.m2/repository/io/vertx/vertx-auth-common/4.5.16/vertx-auth-common-4.5.16.jar:/home/runner/.m2/repository/io/vertx/vertx-uri-template/4.5.16/vertx-uri-template-4.5.16.jar:/home/runner/.m2/repository/io/fabric8/openshift-client/7.1.0/openshift-client-7.1.0.jar:/home/runner/.m2/repository/io/fabric8/openshift-client-api/7.1.0/openshift-client-api-7.1.0.jar:/home/runner/.m2/repository/io/fabric8/openshift-model/7.1.0/openshift-model-7.1.0.jar:/home/runner/.m2/repository/io/fabric8/openshift-model-autoscaling/7.1.0/openshift-model-autoscaling-7.1.0.jar:/home/runner/.m2/repository/io/fabric8/openshift-model-operator/7.1.0/openshift-model-operator-7.1.0.jar:/home/runner/.m2/repository/io/fabric8/openshift-model-operatorhub/7.1.0/openshift-model-operatorhub-7.1.0.jar:/home/runner/.m2/repository/io/fabric8/openshift-model-machine/7.1.0/openshift-model-machine-7.1.0.jar:/home/runner/.m2/repository/io/fabric8/openshift-model-whereabouts/7.1.0/openshift-model-whereabouts-7.1.0.jar:/home/runner/.m2/repository/io/fabric8/openshift-model-monitoring/7.1.0/openshift-model-monitoring-7.1.0.jar:/home/runner/.m2/repository/io/fabric8/openshift-model-storageversionmigrator/7.1.0/openshift-model-storageversionmigrator-7.1.0.jar:/home/runner/.m2/repository/io/fabric8/openshift-model-tuned/7.1.0/openshift-model-tuned-7.1.0.jar:/home/runner/.m2/repository/io/fabric8/openshift-model-console/7.1.0/openshift-model-console-7.1.0.jar:/home/runner/.m2/repository/io/fabric8/openshift-model-config/7.1.0/openshift-model-config-7.1.0.jar:/home/runner/.m2/repository/io/fabric8/openshift-model-machineconfiguration/7.1.0/openshift-model-machineconfiguration-7.1.0.jar:/home/runner/.m2/repository/io/fabric8/openshift-model-miscellaneous/7.1.0/openshift-model-miscellaneous-7.1.0.jar:/home/runner/.m2/repository/io/fabric8/openshift-model-hive/7.1.0/openshift-model-hive-7.1.0.jar:/home/runner/.m2/repository/io/fabric8/openshift-model-installer/7.1.0/openshift-model-installer-7.1.0.jar:/home/runner/.m2/repository/org/junit/platform/junit-platform-launcher/1.12.1/junit-platform-launcher-1.12.1.jar:/home/runner/.m2/repository/org/junit/platform/junit-platform-engine/1.12.1/junit-platform-engine-1.12.1.jar:/home/runner/.m2/repository/org/opentest4j/opentest4j/1.3.0/opentest4j-1.3.0.jar:/home/runner/.m2/repository/org/junit/platform/junit-platform-commons/1.12.1/junit-platform-commons-1.12.1.jar:/home/runner/.m2/repository/org/apiguardian/apiguardian-api/1.1.2/apiguardian-api-1.1.2.jar:/home/runner/.m2/repository/jakarta/ws/rs/jakarta.ws.rs-api/3.1.0/jakarta.ws.rs-api-3.1.0.jar:/home/runner/work/apicurio-testing/apicurio-testing/clusters/ci419/namespaces/inmemory/tests/integration/apicurio-registry/java-sdk/target/apicurio-registry-java-sdk-3.0.12-SNAPSHOT.jar:/home/runner/.m2/repository/com/microsoft/kiota/microsoft-kiota-abstractions/1.8.9/microsoft-kiota-abstractions-1.8.9.jar:/home/runner/.m2/repository/io/github/std-uritemplate/std-uritemplate/2.0.0/std-uritemplate-2.0.0.jar:/home/runner/.m2/repository/io/kiota/kiota-http-jdk/0.0.29/kiota-http-jdk-0.0.29.jar:/home/runner/.m2/repository/io/kiota/kiota-http-vertx/0.0.29/kiota-http-vertx-0.0.29.jar:/home/runner/.m2/repository/io/kiota/kiota-serialization-jackson/0.0.29/kiota-serialization-jackson-0.0.29.jar:/home/runner/.m2/repository/com/microsoft/kiota/microsoft-kiota-serialization-text/1.8.9/microsoft-kiota-serialization-text-1.8.9.jar:/home/runner/.m2/repository/com/microsoft/kiota/microsoft-kiota-serialization-form/1.8.9/microsoft-kiota-serialization-form-1.8.9.jar:/home/runner/.m2/repository/com/microsoft/kiota/microsoft-kiota-serialization-multipart/1.8.9/microsoft-kiota-serialization-multipart-1.8.9.jar:/home/runner/.m2/repository/jakarta/annotation/jakarta.annotation-api/3.0.0/jakarta.annotation-api-3.0.0.jar:/home/runner/.m2/repository/io/vertx/vertx-auth-oauth2/4.5.16/vertx-auth-oauth2-4.5.16.jar:/home/runner/work/apicurio-testing/apicurio-testing/clusters/ci419/namespaces/inmemory/tests/integration/apicurio-registry/java-sdk-v2/target/apicurio-registry-v2-java-sdk-3.0.12-SNAPSHOT.jar:/home/runner/work/apicurio-testing/apicurio-testing/clusters/ci419/namespaces/inmemory/tests/integration/apicurio-registry/utils/kafka/target/apicurio-registry-utils-kafka-3.0.12-SNAPSHOT-tests.jar:/home/runner/.m2/repository/org/eclipse/microprofile/config/microprofile-config-api/3.1/microprofile-config-api-3.1.jar:/home/runner/.m2/repository/org/apache/kafka/kafka-clients/3.9.1/kafka-clients-3.9.1.jar:/home/runner/.m2/repository/com/github/luben/zstd-jni/1.5.6-4/zstd-jni-1.5.6-4.jar:/home/runner/.m2/repository/org/lz4/lz4-java/1.8.0/lz4-java-1.8.0.jar:/home/runner/.m2/repository/org/xerial/snappy/snappy-java/1.1.10.5/snappy-java-1.1.10.5.jar:/home/runner/.m2/repository/org/slf4j/slf4j-api/2.0.6/slf4j-api-2.0.6.jar:/home/runner/work/apicurio-testing/apicurio-testing/clusters/ci419/namespaces/inmemory/tests/integration/apicurio-registry/utils/tests/target/apicurio-registry-utils-tests-3.0.12-SNAPSHOT.jar:/home/runner/work/apicurio-testing/apicurio-testing/clusters/ci419/namespaces/inmemory/tests/integration/apicurio-registry/common/target/apicurio-registry-common-3.0.12-SNAPSHOT.jar:/home/runner/.m2/repository/jakarta/validation/jakarta.validation-api/3.0.2/jakarta.validation-api-3.0.2.jar:/home/runner/.m2/repository/com/github/dasniko/testcontainers-keycloak/3.8.0/testcontainers-keycloak-3.8.0.jar:/home/runner/.m2/repository/org/testcontainers/testcontainers/1.20.6/testcontainers-1.20.6.jar:/home/runner/.m2/repository/org/rnorth/duct-tape/duct-tape/1.0.8/duct-tape-1.0.8.jar:/home/runner/.m2/repository/com/github/docker-java/docker-java-transport-zerodep/3.4.1/docker-java-transport-zerodep-3.4.1.jar:/home/runner/.m2/repository/com/github/docker-java/docker-java-transport/3.4.1/docker-java-transport-3.4.1.jar:/home/runner/.m2/repository/net/java/dev/jna/jna/5.8.0/jna-5.8.0.jar:/home/runner/.m2/repository/io/quarkus/quarkus-junit4-mock/3.20.2/quarkus-junit4-mock-3.20.2.jar:/home/runner/.m2/repository/org/jboss/shrinkwrap/shrinkwrap-api/2.0.0-beta-2/shrinkwrap-api-2.0.0-beta-2.jar:/home/runner/.m2/repository/org/jboss/shrinkwrap/shrinkwrap-impl-base/2.0.0-beta-2/shrinkwrap-impl-base-2.0.0-beta-2.jar:/home/runner/.m2/repository/org/jboss/shrinkwrap/shrinkwrap-spi/2.0.0-beta-2/shrinkwrap-spi-2.0.0-beta-2.jar:/home/runner/.m2/repository/org/keycloak/keycloak-admin-client/26.0.4/keycloak-admin-client-26.0.4.jar:/home/runner/.m2/repository/org/keycloak/keycloak-client-common-synced/26.0.4/keycloak-client-common-synced-26.0.4.jar:/home/runner/.m2/repository/jakarta/activation/jakarta.activation-api/2.1.3/jakarta.activation-api-2.1.3.jar:/home/runner/.m2/repository/org/eclipse/microprofile/openapi/microprofile-openapi-api/4.0.2/microprofile-openapi-api-4.0.2.jar:/home/runner/.m2/repository/org/jboss/resteasy/resteasy-client/6.2.12.Final/resteasy-client-6.2.12.Final.jar:/home/runner/.m2/repository/org/jboss/resteasy/resteasy-client-api/6.2.12.Final/resteasy-client-api-6.2.12.Final.jar:/home/runner/.m2/repository/org/jboss/resteasy/resteasy-core-spi/6.2.12.Final/resteasy-core-spi-6.2.12.Final.jar:/home/runner/.m2/repository/org/jboss/resteasy/resteasy-core/6.2.12.Final/resteasy-core-6.2.12.Final.jar:/home/runner/.m2/repository/org/eclipse/angus/angus-activation/2.0.2/angus-activation-2.0.2.jar:/home/runner/.m2/repository/com/ibm/async/asyncutil/0.1.0/asyncutil-0.1.0.jar:/home/runner/.m2/repository/org/reactivestreams/reactive-streams/1.0.4/reactive-streams-1.0.4.jar:/home/runner/.m2/repository/org/jboss/resteasy/resteasy-multipart-provider/6.2.12.Final/resteasy-multipart-provider-6.2.12.Final.jar:/home/runner/.m2/repository/jakarta/mail/jakarta.mail-api/2.1.3/jakarta.mail-api-2.1.3.jar:/home/runner/.m2/repository/org/eclipse/angus/angus-mail/2.0.3/angus-mail-2.0.3.jar:/home/runner/.m2/repository/org/apache/james/apache-mime4j-dom/0.8.12/apache-mime4j-dom-0.8.12.jar:/home/runner/.m2/repository/org/apache/james/apache-mime4j-core/0.8.12/apache-mime4j-core-0.8.12.jar:/home/runner/.m2/repository/org/apache/james/apache-mime4j-storage/0.8.12/apache-mime4j-storage-0.8.12.jar:/home/runner/.m2/repository/org/jboss/resteasy/resteasy-jackson2-provider/6.2.12.Final/resteasy-jackson2-provider-6.2.12.Final.jar:/home/runner/.m2/repository/com/fasterxml/jackson/jakarta/rs/jackson-jakarta-rs-base/2.18.2/jackson-jakarta-rs-base-2.18.2.jar:/home/runner/.m2/repository/com/fasterxml/jackson/jakarta/rs/jackson-jakarta-rs-json-provider/2.18.2/jackson-jakarta-rs-json-provider-2.18.2.jar:/home/runner/.m2/repository/com/fasterxml/jackson/module/jackson-module-jakarta-xmlbind-annotations/2.18.2/jackson-module-jakarta-xmlbind-annotations-2.18.2.jar:/home/runner/.m2/repository/com/github/java-json-tools/json-patch/1.13/json-patch-1.13.jar:/home/runner/.m2/repository/com/github/java-json-tools/msg-simple/1.2/msg-simple-1.2.jar:/home/runner/.m2/repository/com/github/java-json-tools/btf/1.3/btf-1.3.jar:/home/runner/.m2/repository/com/github/java-json-tools/jackson-coreutils/2.0/jackson-coreutils-2.0.jar:/home/runner/.m2/repository/org/jboss/resteasy/resteasy-jaxb-provider/6.2.12.Final/resteasy-jaxb-provider-6.2.12.Final.jar:/home/runner/.m2/repository/org/glassfish/jaxb/codemodel/4.0.5/codemodel-4.0.5.jar:/home/runner/.m2/repository/org/glassfish/jaxb/jaxb-core/4.0.5/jaxb-core-4.0.5.jar:/home/runner/.m2/repository/org/glassfish/jaxb/jaxb-jxc/4.0.5/jaxb-jxc-4.0.5.jar:/home/runner/.m2/repository/org/glassfish/jaxb/jaxb-runtime/4.0.5/jaxb-runtime-4.0.5.jar:/home/runner/.m2/repository/org/glassfish/jaxb/txw2/4.0.5/txw2-4.0.5.jar:/home/runner/.m2/repository/org/glassfish/jaxb/jaxb-xjc/4.0.5/jaxb-xjc-4.0.5.jar:/home/runner/.m2/repository/org/glassfish/jaxb/xsom/4.0.5/xsom-4.0.5.jar:/home/runner/.m2/repository/com/sun/istack/istack-commons-runtime/4.1.2/istack-commons-runtime-4.1.2.jar:/home/runner/.m2/repository/com/sun/istack/istack-commons-tools/4.1.2/istack-commons-tools-4.1.2.jar:/home/runner/.m2/repository/com/sun/xml/bind/external/relaxng-datatype/4.0.5/relaxng-datatype-4.0.5.jar:/home/runner/.m2/repository/com/sun/xml/bind/external/rngom/4.0.5/rngom-4.0.5.jar:/home/runner/.m2/repository/org/testcontainers/mssqlserver/1.20.6/mssqlserver-1.20.6.jar:/home/runner/.m2/repository/org/testcontainers/jdbc/1.20.6/jdbc-1.20.6.jar:/home/runner/.m2/repository/org/testcontainers/database-commons/1.20.6/database-commons-1.20.6.jar:/home/runner/.m2/repository/org/testcontainers/mysql/1.20.6/mysql-1.20.6.jar:/home/runner/.m2/repository/io/strimzi/strimzi-test-container/0.111.0/strimzi-test-container-0.111.0.jar:/home/runner/.m2/repository/org/testcontainers/toxiproxy/1.20.6/toxiproxy-1.20.6.jar:/home/runner/.m2/repository/com/github/docker-java/docker-java-api/3.4.1/docker-java-api-3.4.1.jar:/home/runner/.m2/repository/org/apache/logging/log4j/log4j-slf4j-impl/2.19.0/log4j-slf4j-impl-2.19.0.jar:/home/runner/.m2/repository/org/apache/logging/log4j/log4j-api/2.24.3/log4j-api-2.24.3.jar:/home/runner/.m2/repository/org/apache/logging/log4j/log4j-core/2.19.0/log4j-core-2.19.0.jar:/home/runner/.m2/repository/eu/rekawek/toxiproxy/toxiproxy-java/2.1.7/toxiproxy-java-2.1.7.jar:/home/runner/.m2/repository/org/testcontainers/pulsar/1.21.3/pulsar-1.21.3.jar:/home/runner/.m2/repository/io/debezium/debezium-testing-testcontainers/2.7.4.Final/debezium-testing-testcontainers-2.7.4.Final.jar:/home/runner/.m2/repository/org/testcontainers/kafka/1.20.6/kafka-1.20.6.jar:/home/runner/.m2/repository/com/squareup/okhttp3/okhttp/4.8.1/okhttp-4.8.1.jar:/home/runner/.m2/repository/com/squareup/okio/okio/3.10.2/okio-3.10.2.jar:/home/runner/.m2/repository/com/squareup/okio/okio-jvm/3.10.2/okio-jvm-3.10.2.jar:/home/runner/.m2/repository/org/jetbrains/kotlin/kotlin-stdlib/2.0.21/kotlin-stdlib-2.0.21.jar:/home/runner/.m2/repository/org/awaitility/awaitility/4.3.0/awaitility-4.3.0.jar:/home/runner/.m2/repository/org/testcontainers/mongodb/1.20.6/mongodb-1.20.6.jar:/home/runner/.m2/repository/org/testcontainers/mariadb/1.20.6/mariadb-1.20.6.jar:/home/runner/.m2/repository/org/testcontainers/oracle-xe/1.20.6/oracle-xe-1.20.6.jar:/home/runner/.m2/repository/org/testcontainers/postgresql/1.20.6/postgresql-1.20.6.jar:/home/runner/.m2/repository/org/wiremock/wiremock/3.0.1/wiremock-3.0.1.jar:/home/runner/.m2/repository/org/eclipse/jetty/jetty-server/11.0.15/jetty-server-11.0.15.jar:/home/runner/.m2/repository/org/eclipse/jetty/toolchain/jetty-jakarta-servlet-api/5.0.2/jetty-jakarta-servlet-api-5.0.2.jar:/home/runner/.m2/repository/org/eclipse/jetty/jetty-http/11.0.15/jetty-http-11.0.15.jar:/home/runner/.m2/repository/org/eclipse/jetty/jetty-io/11.0.15/jetty-io-11.0.15.jar:/home/runner/.m2/repository/org/eclipse/jetty/jetty-servlet/11.0.15/jetty-servlet-11.0.15.jar:/home/runner/.m2/repository/org/eclipse/jetty/jetty-security/11.0.15/jetty-security-11.0.15.jar:/home/runner/.m2/repository/org/eclipse/jetty/jetty-servlets/11.0.15/jetty-servlets-11.0.15.jar:/home/runner/.m2/repository/org/eclipse/jetty/jetty-util/11.0.15/jetty-util-11.0.15.jar:/home/runner/.m2/repository/org/eclipse/jetty/jetty-webapp/11.0.15/jetty-webapp-11.0.15.jar:/home/runner/.m2/repository/org/eclipse/jetty/jetty-xml/11.0.15/jetty-xml-11.0.15.jar:/home/runner/.m2/repository/org/eclipse/jetty/jetty-proxy/11.0.15/jetty-proxy-11.0.15.jar:/home/runner/.m2/repository/org/eclipse/jetty/jetty-client/11.0.15/jetty-client-11.0.15.jar:/home/runner/.m2/repository/org/eclipse/jetty/http2/http2-server/11.0.15/http2-server-11.0.15.jar:/home/runner/.m2/repository/org/eclipse/jetty/http2/http2-common/11.0.15/http2-common-11.0.15.jar:/home/runner/.m2/repository/org/eclipse/jetty/http2/http2-hpack/11.0.15/http2-hpack-11.0.15.jar:/home/runner/.m2/repository/org/eclipse/jetty/jetty-alpn-server/11.0.15/jetty-alpn-server-11.0.15.jar:/home/runner/.m2/repository/org/eclipse/jetty/jetty-alpn-java-server/11.0.15/jetty-alpn-java-server-11.0.15.jar:/home/runner/.m2/repository/org/eclipse/jetty/jetty-alpn-java-client/11.0.15/jetty-alpn-java-client-11.0.15.jar:/home/runner/.m2/repository/org/eclipse/jetty/jetty-alpn-client/11.0.15/jetty-alpn-client-11.0.15.jar:/home/runner/.m2/repository/org/apache/httpcomponents/client5/httpclient5/5.2.1/httpclient5-5.2.1.jar:/home/runner/.m2/repository/org/apache/httpcomponents/core5/httpcore5/5.2/httpcore5-5.2.jar:/home/runner/.m2/repository/org/apache/httpcomponents/core5/httpcore5-h2/5.2/httpcore5-h2-5.2.jar:/home/runner/.m2/repository/org/xmlunit/xmlunit-core/2.9.1/xmlunit-core-2.9.1.jar:/home/runner/.m2/repository/jakarta/xml/bind/jakarta.xml.bind-api/4.0.2/jakarta.xml.bind-api-4.0.2.jar:/home/runner/.m2/repository/org/xmlunit/xmlunit-legacy/2.9.1/xmlunit-legacy-2.9.1.jar:/home/runner/.m2/repository/org/xmlunit/xmlunit-placeholders/2.9.1/xmlunit-placeholders-2.9.1.jar:/home/runner/.m2/repository/net/javacrumbs/json-unit/json-unit-core/2.38.0/json-unit-core-2.38.0.jar:/home/runner/.m2/repository/org/hamcrest/hamcrest-core/2.2/hamcrest-core-2.2.jar:/home/runner/.m2/repository/com/jayway/jsonpath/json-path/2.8.0/json-path-2.8.0.jar:/home/runner/.m2/repository/net/minidev/json-smart/2.4.10/json-smart-2.4.10.jar:/home/runner/.m2/repository/net/minidev/accessors-smart/2.4.9/accessors-smart-2.4.9.jar:/home/runner/.m2/repository/org/ow2/asm/asm/9.7.1/asm-9.7.1.jar:/home/runner/.m2/repository/net/sf/jopt-simple/jopt-simple/5.0.4/jopt-simple-5.0.4.jar:/home/runner/.m2/repository/com/github/jknack/handlebars/4.3.1/handlebars-4.3.1.jar:/home/runner/.m2/repository/com/github/jknack/handlebars-helpers/4.3.1/handlebars-helpers-4.3.1.jar:/home/runner/.m2/repository/commons-fileupload/commons-fileupload/1.5/commons-fileupload-1.5.jar:/home/runner/.m2/repository/com/networknt/json-schema-validator/1.5.8/json-schema-validator-1.5.8.jar:/home/runner/.m2/repository/com/ethlo/time/itu/1.10.3/itu-1.10.3.jar:/home/runner/.m2/repository/io/quarkus/quarkus-smallrye-jwt-build/3.20.2/quarkus-smallrye-jwt-build-3.20.2.jar:/home/runner/.m2/repository/io/smallrye/smallrye-jwt-build/4.6.2/smallrye-jwt-build-4.6.2.jar:/home/runner/.m2/repository/org/eclipse/microprofile/jwt/microprofile-jwt-auth-api/2.1/microprofile-jwt-auth-api-2.1.jar:/home/runner/.m2/repository/org/bitbucket/b_c/jose4j/0.9.6/jose4j-0.9.6.jar:/home/runner/.m2/repository/io/smallrye/smallrye-jwt-common/4.6.2/smallrye-jwt-common-4.6.2.jar:/home/runner/.m2/repository/io/quarkus/quarkus-jsonp/3.20.2/quarkus-jsonp-3.20.2.jar:/home/runner/.m2/repository/io/quarkus/quarkus-arc/3.20.2/quarkus-arc-3.20.2.jar:/home/runner/.m2/repository/io/quarkus/arc/arc/3.20.2/arc-3.20.2.jar:/home/runner/.m2/repository/jakarta/transaction/jakarta.transaction-api/2.0.1/jakarta.transaction-api-2.0.1.jar:/home/runner/.m2/repository/io/smallrye/reactive/mutiny/2.9.2/mutiny-2.9.2.jar:/home/runner/.m2/repository/org/jctools/jctools-core/4.0.5/jctools-core-4.0.5.jar:/home/runner/.m2/repository/org/eclipse/microprofile/context-propagation/microprofile-context-propagation-api/1.3/microprofile-context-propagation-api-1.3.jar:/home/runner/.m2/repository/io/apicurio/apicurio-common-rest-client-common/0.1.18.Final/apicurio-common-rest-client-common-0.1.18.Final.jar:/home/runner/work/apicurio-testing/apicurio-testing/clusters/ci419/namespaces/inmemory/tests/integration/apicurio-registry/utils/maven-plugin/target/apicurio-registry-maven-plugin-3.0.12-SNAPSHOT.jar:/home/runner/.m2/repository/com/fasterxml/jackson/core/jackson-databind/2.18.2/jackson-databind-2.18.2.jar:/home/runner/.m2/repository/org/apache/avro/avro/1.12.0/avro-1.12.0.jar:/home/runner/.m2/repository/com/google/protobuf/protobuf-java/4.31.1/protobuf-java-4.31.1.jar:/home/runner/.m2/repository/com/google/protobuf/protobuf-java-util/4.31.1/protobuf-java-util-4.31.1.jar:/home/runner/.m2/repository/com/google/code/findbugs/jsr305/3.0.2/jsr305-3.0.2.jar:/home/runner/.m2/repository/com/google/code/gson/gson/2.12.1/gson-2.12.1.jar:/home/runner/.m2/repository/com/google/errorprone/error_prone_annotations/2.36.0/error_prone_annotations-2.36.0.jar:/home/runner/.m2/repository/com/google/j2objc/j2objc-annotations/2.8/j2objc-annotations-2.8.jar:/home/runner/work/apicurio-testing/apicurio-testing/clusters/ci419/namespaces/inmemory/tests/integration/apicurio-registry/schema-util/util-provider/target/apicurio-registry-schema-util-provider-3.0.12-SNAPSHOT.jar:/home/runner/work/apicurio-testing/apicurio-testing/clusters/ci419/namespaces/inmemory/tests/integration/apicurio-registry/schema-util/common/target/apicurio-registry-schema-util-common-3.0.12-SNAPSHOT.jar:/home/runner/.m2/repository/com/fasterxml/jackson/module/jackson-module-parameter-names/2.18.2/jackson-module-parameter-names-2.18.2.jar:/home/runner/.m2/repository/com/fasterxml/jackson/datatype/jackson-datatype-json-org/2.18.2/jackson-datatype-json-org-2.18.2.jar:/home/runner/work/apicurio-testing/apicurio-testing/clusters/ci419/namespaces/inmemory/tests/integration/apicurio-registry/schema-util/json/target/apicurio-registry-schema-util-json-3.0.12-SNAPSHOT.jar:/home/runner/.m2/repository/com/github/erosb/everit-json-schema/1.14.5/everit-json-schema-1.14.5.jar:/home/runner/.m2/repository/commons-validator/commons-validator/1.9.0/commons-validator-1.9.0.jar:/home/runner/.m2/repository/commons-digester/commons-digester/2.1/commons-digester-2.1.jar:/home/runner/.m2/repository/commons-collections/commons-collections/3.2.2/commons-collections-3.2.2.jar:/home/runner/.m2/repository/com/damnhandy/handy-uri-templates/2.1.8/handy-uri-templates-2.1.8.jar:/home/runner/.m2/repository/joda-time/joda-time/2.10.2/joda-time-2.10.2.jar:/home/runner/.m2/repository/com/github/erosb/json-sKema/0.20.0/json-sKema-0.20.0.jar:/home/runner/.m2/repository/io/vertx/vertx-json-schema/4.5.16/vertx-json-schema-4.5.16.jar:/home/runner/work/apicurio-testing/apicurio-testing/clusters/ci419/namespaces/inmemory/tests/integration/apicurio-registry/schema-util/protobuf/target/apicurio-registry-schema-util-protobuf-3.0.12-SNAPSHOT.jar:/home/runner/work/apicurio-testing/apicurio-testing/clusters/ci419/namespaces/inmemory/tests/integration/apicurio-registry/utils/protobuf-schema-utilities/target/apicurio-registry-protobuf-schema-utilities-3.0.12-SNAPSHOT.jar:/home/runner/.m2/repository/com/google/api/grpc/proto-google-common-protos/2.52.0/proto-google-common-protos-2.52.0.jar:/home/runner/.m2/repository/com/squareup/wire/wire-schema-jvm/5.3.3/wire-schema-jvm-5.3.3.jar:/home/runner/.m2/repository/com/palantir/javapoet/javapoet/0.6.0/javapoet-0.6.0.jar:/home/runner/.m2/repository/com/squareup/kotlinpoet-jvm/2.0.0/kotlinpoet-jvm-2.0.0.jar:/home/runner/.m2/repository/org/jetbrains/kotlin/kotlin-reflect/2.0.21/kotlin-reflect-2.0.21.jar:/home/runner/.m2/repository/com/squareup/wire/wire-runtime-jvm/5.3.3/wire-runtime-jvm-5.3.3.jar:/home/runner/.m2/repository/com/ibm/icu/icu4j/76.1/icu4j-76.1.jar:/home/runner/.m2/repository/com/squareup/okio/okio-fakefilesystem/3.10.2/okio-fakefilesystem-3.10.2.jar:/home/runner/.m2/repository/com/squareup/okio/okio-fakefilesystem-jvm/3.10.2/okio-fakefilesystem-jvm-3.10.2.jar:/home/runner/.m2/repository/org/jetbrains/kotlinx/kotlinx-datetime-jvm/0.6.1/kotlinx-datetime-jvm-0.6.1.jar:/home/runner/work/apicurio-testing/apicurio-testing/clusters/ci419/namespaces/inmemory/tests/integration/apicurio-registry/schema-util/asyncapi/target/apicurio-registry-schema-util-asyncapi-3.0.12-SNAPSHOT.jar:/home/runner/work/apicurio-testing/apicurio-testing/clusters/ci419/namespaces/inmemory/tests/integration/apicurio-registry/schema-util/avro/target/apicurio-registry-schema-util-avro-3.0.12-SNAPSHOT.jar:/home/runner/work/apicurio-testing/apicurio-testing/clusters/ci419/namespaces/inmemory/tests/integration/apicurio-registry/schema-util/graphql/target/apicurio-registry-schema-util-graphql-3.0.12-SNAPSHOT.jar:/home/runner/.m2/repository/com/graphql-java/graphql-java/22.4/graphql-java-22.4.jar:/home/runner/.m2/repository/com/graphql-java/java-dataloader/3.3.0/java-dataloader-3.3.0.jar:/home/runner/work/apicurio-testing/apicurio-testing/clusters/ci419/namespaces/inmemory/tests/integration/apicurio-registry/schema-util/kconnect/target/apicurio-registry-schema-util-kconnect-3.0.12-SNAPSHOT.jar:/home/runner/work/apicurio-testing/apicurio-testing/clusters/ci419/namespaces/inmemory/tests/integration/apicurio-registry/schema-util/openapi/target/apicurio-registry-schema-util-openapi-3.0.12-SNAPSHOT.jar:/home/runner/.m2/repository/io/apicurio/apicurio-data-models/2.2.2/apicurio-data-models-2.2.2.jar:/home/runner/.m2/repository/org/openapitools/openapidiff/openapi-diff-core/2.1.2/openapi-diff-core-2.1.2.jar:/home/runner/.m2/repository/io/swagger/parser/v3/swagger-parser/2.1.28/swagger-parser-2.1.28.jar:/home/runner/.m2/repository/io/swagger/parser/v3/swagger-parser-v2-converter/2.1.28/swagger-parser-v2-converter-2.1.28.jar:/home/runner/.m2/repository/io/swagger/swagger-core/1.6.16/swagger-core-1.6.16.jar:/home/runner/.m2/repository/io/swagger/swagger-models/1.6.16/swagger-models-1.6.16.jar:/home/runner/.m2/repository/io/swagger/swagger-annotations/1.6.16/swagger-annotations-1.6.16.jar:/home/runner/.m2/repository/io/swagger/swagger-parser/1.0.75/swagger-parser-1.0.75.jar:/home/runner/.m2/repository/io/swagger/swagger-parser-safe-url-resolver/1.0.75/swagger-parser-safe-url-resolver-1.0.75.jar:/home/runner/.m2/repository/io/swagger/swagger-compat-spec-parser/1.0.75/swagger-compat-spec-parser-1.0.75.jar:/home/runner/.m2/repository/com/github/java-json-tools/json-schema-validator/2.2.14/json-schema-validator-2.2.14.jar:/home/runner/.m2/repository/com/github/java-json-tools/jackson-coreutils-equivalence/1.0/jackson-coreutils-equivalence-1.0.jar:/home/runner/.m2/repository/com/github/java-json-tools/json-schema-core/1.2.14/json-schema-core-1.2.14.jar:/home/runner/.m2/repository/com/github/java-json-tools/uri-template/0.10/uri-template-0.10.jar:/home/runner/.m2/repository/com/googlecode/libphonenumber/libphonenumber/8.11.1/libphonenumber-8.11.1.jar:/home/runner/.m2/repository/com/j2html/j2html/1.6.0/j2html-1.6.0.jar:/home/runner/.m2/repository/org/apache/commons/commons-collections4/4.5.0/commons-collections4-4.5.0.jar:/home/runner/.m2/repository/org/slf4j/jcl-over-slf4j/2.0.17/jcl-over-slf4j-2.0.17.jar:/home/runner/.m2/repository/io/swagger/parser/v3/swagger-parser-v3/2.1.31/swagger-parser-v3-2.1.31.jar:/home/runner/.m2/repository/io/swagger/core/v3/swagger-models/2.2.34/swagger-models-2.2.34.jar:/home/runner/.m2/repository/io/swagger/core/v3/swagger-core/2.2.34/swagger-core-2.2.34.jar:/home/runner/.m2/repository/io/swagger/parser/v3/swagger-parser-core/2.1.31/swagger-parser-core-2.1.31.jar:/home/runner/.m2/repository/io/swagger/parser/v3/swagger-parser-safe-url-resolver/2.1.31/swagger-parser-safe-url-resolver-2.1.31.jar:/home/runner/work/apicurio-testing/apicurio-testing/clusters/ci419/namespaces/inmemory/tests/integration/apicurio-registry/schema-util/wsdl/target/apicurio-registry-schema-util-wsdl-3.0.12-SNAPSHOT.jar:/home/runner/.m2/repository/wsdl4j/wsdl4j/1.6.3/wsdl4j-1.6.3.jar:/home/runner/work/apicurio-testing/apicurio-testing/clusters/ci419/namespaces/inmemory/tests/integration/apicurio-registry/schema-util/xml/target/apicurio-registry-schema-util-xml-3.0.12-SNAPSHOT.jar:/home/runner/.m2/repository/org/apache/santuario/xmlsec/4.0.4/xmlsec-4.0.4.jar:/home/runner/.m2/repository/com/fasterxml/woodstox/woodstox-core/7.1.1/woodstox-core-7.1.1.jar:/home/runner/.m2/repository/org/codehaus/woodstox/stax2-api/4.2.2/stax2-api-4.2.2.jar:/home/runner/work/apicurio-testing/apicurio-testing/clusters/ci419/namespaces/inmemory/tests/integration/apicurio-registry/schema-util/xsd/target/apicurio-registry-schema-util-xsd-3.0.12-SNAPSHOT.jar:/home/runner/work/apicurio-testing/apicurio-testing/clusters/ci419/namespaces/inmemory/tests/integration/apicurio-registry/serdes/kafka/jsonschema-serde/target/apicurio-registry-jsonschema-serde-kafka-3.0.12-SNAPSHOT.jar:/home/runner/work/apicurio-testing/apicurio-testing/clusters/ci419/namespaces/inmemory/tests/integration/apicurio-registry/serdes/kafka/serde-kafka-common/target/apicurio-registry-serde-kafka-common-3.0.12-SNAPSHOT.jar:/home/runner/work/apicurio-testing/apicurio-testing/clusters/ci419/namespaces/inmemory/tests/integration/apicurio-registry/serdes/generic/serde-common/target/apicurio-registry-serde-common-3.0.12-SNAPSHOT.jar:/home/runner/work/apicurio-testing/apicurio-testing/clusters/ci419/namespaces/inmemory/tests/integration/apicurio-registry/serdes/generic/serde-common-jsonschema/target/apicurio-registry-serde-common-jsonschema-3.0.12-SNAPSHOT.jar:/home/runner/.m2/repository/org/json/json/20250107/json-20250107.jar:/home/runner/work/apicurio-testing/apicurio-testing/clusters/ci419/namespaces/inmemory/tests/integration/apicurio-registry/serdes/kafka/avro-serde/target/apicurio-registry-avro-serde-kafka-3.0.12-SNAPSHOT.jar:/home/runner/work/apicurio-testing/apicurio-testing/clusters/ci419/namespaces/inmemory/tests/integration/apicurio-registry/serdes/generic/serde-common-avro/target/apicurio-registry-serde-common-avro-3.0.12-SNAPSHOT.jar:/home/runner/work/apicurio-testing/apicurio-testing/clusters/ci419/namespaces/inmemory/tests/integration/apicurio-registry/serdes/kafka/protobuf-serde/target/apicurio-registry-protobuf-serde-kafka-3.0.12-SNAPSHOT.jar:/home/runner/work/apicurio-testing/apicurio-testing/clusters/ci419/namespaces/inmemory/tests/integration/apicurio-registry/serdes/generic/serde-common-protobuf/target/apicurio-registry-serde-common-protobuf-3.0.12-SNAPSHOT.jar:/home/runner/.m2/repository/com/squareup/wire/wire-schema/5.3.3/wire-schema-5.3.3.jar:/home/runner/.m2/repository/com/squareup/wire/wire-runtime/5.3.3/wire-runtime-5.3.3.jar:/home/runner/work/apicurio-testing/apicurio-testing/clusters/ci419/namespaces/inmemory/tests/integration/apicurio-registry/serdes/pulsar/avro-serde/target/apicurio-registry-avro-serde-pulsar-3.0.12-SNAPSHOT.jar:/home/runner/.m2/repository/org/apache/pulsar/pulsar-functions-api/3.3.8/pulsar-functions-api-3.3.8.jar:/home/runner/work/apicurio-testing/apicurio-testing/clusters/ci419/namespaces/inmemory/tests/integration/apicurio-registry/serdes/nats/avro-serde/target/apicurio-registry-avro-serde-nats-3.0.12-SNAPSHOT.jar:/home/runner/.m2/repository/io/nats/jnats/2.21.4/jnats-2.21.4.jar:/home/runner/.m2/repository/org/bouncycastle/bcprov-lts8on/2.73.7/bcprov-lts8on-2.73.7.jar:/home/runner/.m2/repository/org/jetbrains/annotations/26.0.2/annotations-26.0.2.jar:/home/runner/work/apicurio-testing/apicurio-testing/clusters/ci419/namespaces/inmemory/tests/integration/apicurio-registry/utils/converter/target/apicurio-registry-utils-converter-3.0.12-SNAPSHOT.jar:/home/runner/work/apicurio-testing/apicurio-testing/clusters/ci419/namespaces/inmemory/tests/integration/apicurio-registry/schema-resolver/target/apicurio-registry-schema-resolver-3.0.12-SNAPSHOT.jar:/home/runner/.m2/repository/org/apache/kafka/connect-api/3.9.1/connect-api-3.9.1.jar:/home/runner/.m2/repository/javax/ws/rs/javax.ws.rs-api/2.1.1/javax.ws.rs-api-2.1.1.jar:/home/runner/.m2/repository/org/apache/kafka/connect-json/3.9.1/connect-json-3.9.1.jar:/home/runner/.m2/repository/com/fasterxml/jackson/datatype/jackson-datatype-jdk8/2.18.2/jackson-datatype-jdk8-2.18.2.jar:/home/runner/.m2/repository/com/fasterxml/jackson/module/jackson-module-afterburner/2.18.2/jackson-module-afterburner-2.18.2.jar:/home/runner/work/apicurio-testing/apicurio-testing/clusters/ci419/namespaces/inmemory/tests/integration/apicurio-registry/utils/kafka/target/apicurio-registry-utils-kafka-3.0.12-SNAPSHOT.jar:/home/runner/.m2/repository/org/apache/pulsar/pulsar-client/3.3.8/pulsar-client-3.3.8.jar:/home/runner/.m2/repository/org/apache/pulsar/pulsar-client-api/3.3.8/pulsar-client-api-3.3.8.jar:/home/runner/.m2/repository/org/apache/pulsar/pulsar-client-admin-api/3.3.8/pulsar-client-admin-api-3.3.8.jar:/home/runner/.m2/repository/org/apache/pulsar/bouncy-castle-bc/3.3.8/bouncy-castle-bc-3.3.8-pkg.jar:/home/runner/.m2/repository/org/bouncycastle/bcpkix-jdk18on/1.81/bcpkix-jdk18on-1.81.jar:/home/runner/.m2/repository/org/bouncycastle/bcutil-jdk18on/1.81/bcutil-jdk18on-1.81.jar:/home/runner/.m2/repository/org/bouncycastle/bcprov-jdk18on/1.81/bcprov-jdk18on-1.81.jar:/home/runner/.m2/repository/io/opentelemetry/opentelemetry-api/1.44.1/opentelemetry-api-1.44.1.jar:/home/runner/.m2/repository/io/opentelemetry/opentelemetry-context/1.44.1/opentelemetry-context-1.44.1.jar:/home/runner/.m2/repository/io/opentelemetry/opentelemetry-api-incubator/1.44.1-alpha/opentelemetry-api-incubator-1.44.1-alpha.jar:/home/runner/.m2/repository/com/fasterxml/jackson/core/jackson-annotations/2.18.2/jackson-annotations-2.18.2.jar:/home/runner/.m2/repository/javax/validation/validation-api/1.1.0.Final/validation-api-1.1.0.Final.jar:/home/runner/.m2/repository/org/jspecify/jspecify/1.0.0/jspecify-1.0.0.jar:/home/runner/.m2/repository/org/apache/commons/commons-configuration2/2.12.0/commons-configuration2-2.12.0.jar:/home/runner/.m2/repository/commons-logging/commons-logging/1.3.5/commons-logging-1.3.5.jar:/home/runner/.m2/repository/org/apache/commons/commons-text/1.13.0/commons-text-1.13.0.jar:/home/runner/.m2/repository/io/confluent/kafka-avro-serializer/8.0.0/kafka-avro-serializer-8.0.0.jar:/home/runner/.m2/repository/org/apache/commons/commons-compress/1.27.1/commons-compress-1.27.1.jar:/home/runner/.m2/repository/io/confluent/kafka-schema-serializer/8.0.0/kafka-schema-serializer-8.0.0.jar:/home/runner/.m2/repository/com/fasterxml/jackson/dataformat/jackson-dataformat-csv/2.18.2/jackson-dataformat-csv-2.18.2.jar:/home/runner/.m2/repository/io/confluent/kafka-schema-registry-client/8.0.0/kafka-schema-registry-client-8.0.0.jar:/home/runner/.m2/repository/org/yaml/snakeyaml/2.3/snakeyaml-2.3.jar:/home/runner/.m2/repository/io/swagger/core/v3/swagger-annotations/2.2.29/swagger-annotations-2.2.29.jar:/home/runner/.m2/repository/com/google/guava/guava/33.4.0-jre/guava-33.4.0-jre.jar:/home/runner/.m2/repository/com/google/guava/failureaccess/1.0.1/failureaccess-1.0.1.jar:/home/runner/.m2/repository/org/checkerframework/checker-qual/3.49.0/checker-qual-3.49.0.jar:/home/runner/.m2/repository/io/confluent/logredactor/1.0.13/logredactor-1.0.13.jar:/home/runner/.m2/repository/com/google/re2j/re2j/1.6/re2j-1.6.jar:/home/runner/.m2/repository/io/confluent/logredactor-metrics/1.0.13/logredactor-metrics-1.0.13.jar:/home/runner/.m2/repository/com/eclipsesource/minimal-json/minimal-json/0.9.5/minimal-json-0.9.5.jar:/home/runner/.m2/repository/io/confluent/common-utils/8.0.0/common-utils-8.0.0.jar:/home/runner/.m2/repository/io/confluent/kafka-connect-avro-converter/8.0.0/kafka-connect-avro-converter-8.0.0.jar:/home/runner/.m2/repository/io/confluent/kafka-connect-avro-data/8.0.0/kafka-connect-avro-data-8.0.0.jar:/home/runner/.m2/repository/io/confluent/kafka-schema-converter/8.0.0/kafka-schema-converter-8.0.0.jar:/home/runner/.m2/repository/io/rest-assured/rest-assured/5.5.1/rest-assured-5.5.1.jar:/home/runner/.m2/repository/org/apache/groovy/groovy/4.0.22/groovy-4.0.22.jar:/home/runner/.m2/repository/org/apache/groovy/groovy-xml/4.0.22/groovy-xml-4.0.22.jar:/home/runner/.m2/repository/org/apache/httpcomponents/httpclient/4.5.14/httpclient-4.5.14.jar:/home/runner/.m2/repository/org/apache/httpcomponents/httpcore/4.4.16/httpcore-4.4.16.jar:/home/runner/.m2/repository/org/apache/httpcomponents/httpmime/4.5.14/httpmime-4.5.14.jar:/home/runner/.m2/repository/org/hamcrest/hamcrest/2.2/hamcrest-2.2.jar:/home/runner/.m2/repository/org/ccil/cowan/tagsoup/tagsoup/1.2.1/tagsoup-1.2.1.jar:/home/runner/.m2/repository/io/rest-assured/json-path/5.5.1/json-path-5.5.1.jar:/home/runner/.m2/repository/org/apache/groovy/groovy-json/4.0.22/groovy-json-4.0.22.jar:/home/runner/.m2/repository/io/rest-assured/rest-assured-common/5.5.1/rest-assured-common-5.5.1.jar:/home/runner/.m2/repository/io/rest-assured/xml-path/5.5.1/xml-path-5.5.1.jar:/home/runner/.m2/repository/io/zonky/test/embedded-postgres/2.1.0/embedded-postgres-2.1.0.jar:/home/runner/.m2/repository/io/zonky/test/postgres/embedded-postgres-binaries-windows-amd64/14.15.0/embedded-postgres-binaries-windows-amd64-14.15.0.jar:/home/runner/.m2/repository/io/zonky/test/postgres/embedded-postgres-binaries-darwin-amd64/14.15.0/embedded-postgres-binaries-darwin-amd64-14.15.0.jar:/home/runner/.m2/repository/io/zonky/test/postgres/embedded-postgres-binaries-linux-amd64/14.15.0/embedded-postgres-binaries-linux-amd64-14.15.0.jar:/home/runner/.m2/repository/io/zonky/test/postgres/embedded-postgres-binaries-linux-amd64-alpine/14.15.0/embedded-postgres-binaries-linux-amd64-alpine-14.15.0.jar:/home/runner/.m2/repository/org/apache/commons/commons-lang3/3.17.0/commons-lang3-3.17.0.jar:/home/runner/.m2/repository/org/tukaani/xz/1.10/xz-1.10.jar:/home/runner/.m2/repository/commons-codec/commons-codec/1.19.0/commons-codec-1.19.0.jar:/home/runner/.m2/repository/org/postgresql/postgresql/42.7.7/postgresql-42.7.7.jar:/home/runner/.m2/repository/commons-io/commons-io/2.18.0/commons-io-2.18.0.jar:/home/runner/work/apicurio-testing/apicurio-testing/clusters/ci419/namespaces/inmemory/tests/integration/apicurio-registry/utils/importexport/target/apicurio-registry-utils-import-export-3.0.12-SNAPSHOT.jar:/home/runner/.m2/repository/io/vertx/vertx-core/4.5.16/vertx-core-4.5.16.jar:/home/runner/.m2/repository/io/netty/netty-common/4.1.121.Final/netty-common-4.1.121.Final.jar:/home/runner/.m2/repository/io/netty/netty-buffer/4.1.121.Final/netty-buffer-4.1.121.Final.jar:/home/runner/.m2/repository/io/netty/netty-transport/4.1.121.Final/netty-transport-4.1.121.Final.jar:/home/runner/.m2/repository/io/netty/netty-handler/4.1.121.Final/netty-handler-4.1.121.Final.jar:/home/runner/.m2/repository/io/netty/netty-transport-native-unix-common/4.1.121.Final/netty-transport-native-unix-common-4.1.121.Final.jar:/home/runner/.m2/repository/io/netty/netty-codec/4.1.121.Final/netty-codec-4.1.121.Final.jar:/home/runner/.m2/repository/io/netty/netty-handler-proxy/4.1.121.Final/netty-handler-proxy-4.1.121.Final.jar:/home/runner/.m2/repository/io/netty/netty-codec-socks/4.1.121.Final/netty-codec-socks-4.1.121.Final.jar:/home/runner/.m2/repository/io/netty/netty-codec-http/4.1.121.Final/netty-codec-http-4.1.121.Final.jar:/home/runner/.m2/repository/io/netty/netty-codec-http2/4.1.121.Final/netty-codec-http2-4.1.121.Final.jar:/home/runner/.m2/repository/io/netty/netty-resolver/4.1.121.Final/netty-resolver-4.1.121.Final.jar:/home/runner/.m2/repository/io/netty/netty-resolver-dns/4.1.121.Final/netty-resolver-dns-4.1.121.Final.jar:/home/runner/.m2/repository/io/netty/netty-codec-dns/4.1.121.Final/netty-codec-dns-4.1.121.Final.jar:/home/runner/.m2/repository/com/fasterxml/jackson/core/jackson-core/2.18.2/jackson-core-2.18.2.jar:"/>
    <property name="sun.cpu.endian" value="little"/>
    <property name="user.home" value="/home/runner"/>
    <property name="user.language" value="en"/>
    <property name="jboss.log-version" value="false"/>
    <property name="java.specification.vendor" value="Oracle Corporation"/>
    <property name="java.version.date" value="2025-07-15"/>
    <property name="java.home" value="/usr/lib/jvm/temurin-17-jdk-amd64"/>
    <property name="file.separator" value="/"/>
    <property name="basedir" value="/home/runner/work/apicurio-testing/apicurio-testing/clusters/ci419/namespaces/inmemory/tests/integration/apicurio-registry/integration-tests"/>
    <property name="java.vm.compressedOopsMode" value="32-bit"/>
    <property name="line.separator" value="&#10;"/>
    <property name="java.specification.name" value="Java Platform API Specification"/>
    <property name="java.vm.specification.vendor" value="Oracle Corporation"/>
    <property name="quarkus.http.test-host" value="registry-app-inmemory.apps.ci419.apicurio-testing.org"/>
    <property name="surefire.real.class.path" value="/home/runner/work/apicurio-testing/apicurio-testing/clusters/ci419/namespaces/inmemory/tests/integration/apicurio-registry/integration-tests/target/surefire/surefirebooter-20250813163444075_3.jar"/>
    <property name="sun.management.compiler" value="HotSpot 64-Bit Tiered Compilers"/>
    <property name="org.eclipse.jetty.http.HttpGenerator.STRICT" value="true"/>
    <property name="java.runtime.version" value="17.0.16+8"/>
    <property name="user.name" value="runner"/>
    <property name="path.separator" value=":"/>
    <property name="os.version" value="6.8.0-1031-azure"/>
    <property name="java.runtime.name" value="OpenJDK Runtime Environment"/>
    <property name="file.encoding" value="UTF-8"/>
    <property name="jnidispatch.path" value="/home/runner/.cache/JNA/temp/jna13661494371462042294.tmp"/>
    <property name="java.vm.name" value="OpenJDK 64-Bit Server VM"/>
    <property name="jna.platform.library.path" value="/usr/lib/x86_64-linux-gnu:/lib/x86_64-linux-gnu:/usr/lib64:/lib64:/usr/lib:/lib:/lib32:/usr/local/lib:/usr/lib/x86_64-linux-gnu/libfakeroot"/>
    <property name="java.vendor.version" value="Temurin-17.0.16+8"/>
    <property name="quarkus.oidc.token-path" value="https://keycloak-inmemory.apps.ci419.apicurio-testing.org/realms/registry/protocol/openid-connect/token"/>
    <property name="quarkus.http.host" value="registry-app-inmemory.apps.ci419.apicurio-testing.org"/>
    <property name="localRepository" value="/home/runner/.m2/repository"/>
    <property name="javax.xml.xpath.XPathFactory:http://java.sun.com/jaxp/xpath/dom" value="com.sun.org.apache.xpath.internal.jaxp.XPathFactoryImpl"/>
    <property name="jna.loaded" value="true"/>
    <property name="java.vendor.url.bug" value="https://github.com/adoptium/adoptium-support/issues"/>
    <property name="jetty.git.hash" value="5bc5e562c8d05c5862505aebe5cf83a61bdbcb96"/>
    <property name="java.io.tmpdir" value="/tmp"/>
    <property name="quarkus.http.test-protocol" value="http"/>
    <property name="java.version" value="17.0.16"/>
    <property name="user.dir" value="/home/runner/work/apicurio-testing/apicurio-testing/clusters/ci419/namespaces/inmemory/tests/integration/apicurio-registry/integration-tests"/>
    <property name="os.arch" value="amd64"/>
    <property name="groups" value="( smoke | serdes | acceptance | ui)"/>
    <property name="java.vm.specification.name" value="Java Virtual Machine Specification"/>
    <property name="native.encoding" value="UTF-8"/>
    <property name="java.util.logging.manager" value="org.jboss.logmanager.LogManager"/>
    <property name="java.library.path" value="/usr/java/packages/lib:/usr/lib64:/lib64:/lib:/usr/lib"/>
    <property name="jdk.console" value="java.base"/>
    <property name="java.vm.info" value="mixed mode, sharing"/>
    <property name="java.vendor" value="Eclipse Adoptium"/>
    <property name="java.vm.version" value="17.0.16+8"/>
    <property name="java.specification.maintenance.version" value="1"/>
    <property name="sun.io.unicode.encoding" value="UnicodeLittle"/>
    <property name="javax.xml.transform.TransformerFactory" value="com.sun.org.apache.xalan.internal.xsltc.trax.TransformerFactoryImpl"/>
    <property name="java.class.version" value="61.0"/>
  </properties>
  <testcase name="testGlobalIdInHeaders" classname="io.apicurio.tests.serdes.apicurio.AvroSerdeIT" time="6.024">
    <system-out><![CDATA[**** Registry Base URL: http://registry-app-inmemory.apps.ci419.apicurio-testing.org:80
**** Registry Base URL: http://registry-app-inmemory.apps.ci419.apicurio-testing.org:80
2025-08-13 16:34:55,910 INFO  [io.api.tes.ser.api.AvroSerdeIT] (main) RestAssured configured with http://registry-app-inmemory.apps.ci419.apicurio-testing.org:80/apis/registry/v3
2025-08-13 16:34:55,934 INFO  [io.api.tes.uti.KafkaFacade] (main) Starting kafka container
2025-08-13 16:34:55,979 INFO  [org.tes.ima.PullPolicy] (main) Image pull policy will be performed by: DefaultPullPolicy()
2025-08-13 16:34:55,982 INFO  [org.tes.uti.ImageNameSubstitutor] (main) Image name substitution will be performed by: DefaultImageNameSubstitutor (composite of 'ConfigurationFileImageNameSubstitutor' and 'PrefixingImageNameSubstitutor')
2025-08-13 16:34:55,991 INFO  [org.tes.DockerClientFactory] (main) Testcontainers version: 1.20.6
2025-08-13 16:34:56,504 INFO  [org.tes.doc.DockerClientProviderStrategy] (main) Found Docker environment with local Unix socket (unix:///var/run/docker.sock)
2025-08-13 16:34:56,513 INFO  [org.tes.DockerClientFactory] (main) Docker host IP address is localhost
2025-08-13 16:34:56,534 INFO  [org.tes.DockerClientFactory] (main) Connected to docker: 
  Server Version: 28.0.4
  API Version: 1.48
  Operating System: Ubuntu 22.04.5 LTS
  Total Memory: 7944 MB
2025-08-13 16:34:56,577 INFO  [tc.tes.11.0] (main) Pulling docker image: testcontainers/ryuk:0.11.0. Please be patient; this may take some time but only needs to be done once.
2025-08-13 16:34:56,923 INFO  [tc.tes.11.0] (docker-java-stream--1295187651) Starting to pull image
2025-08-13 16:34:56,950 INFO  [tc.tes.11.0] (docker-java-stream--1295187651) Pulling image layers:  0 pending,  0 downloaded,  0 extracted, (0 bytes/0 bytes)
2025-08-13 16:34:57,108 INFO  [tc.tes.11.0] (docker-java-stream--1295187651) Pulling image layers:  2 pending,  1 downloaded,  0 extracted, (44 KB/? MB)
2025-08-13 16:34:57,145 INFO  [tc.tes.11.0] (docker-java-stream--1295187651) Pulling image layers:  1 pending,  2 downloaded,  0 extracted, (114 KB/? MB)
2025-08-13 16:34:57,218 INFO  [tc.tes.11.0] (docker-java-stream--1295187651) Pulling image layers:  0 pending,  3 downloaded,  0 extracted, (5 MB/10 MB)
2025-08-13 16:34:57,298 INFO  [tc.tes.11.0] (docker-java-stream--1295187651) Pulling image layers:  0 pending,  3 downloaded,  1 extracted, (9 MB/10 MB)
2025-08-13 16:34:58,274 INFO  [tc.tes.11.0] (docker-java-stream--1295187651) Pulling image layers:  0 pending,  3 downloaded,  2 extracted, (9 MB/10 MB)
2025-08-13 16:34:58,319 INFO  [tc.tes.11.0] (docker-java-stream--1295187651) Pulling image layers:  0 pending,  3 downloaded,  3 extracted, (10 MB/10 MB)
2025-08-13 16:34:58,325 INFO  [tc.tes.11.0] (docker-java-stream--1295187651) Pull complete. 3 layers, pulled in 1s (downloaded 10 MB at 10 MB/s)
2025-08-13 16:34:58,326 INFO  [tc.tes.11.0] (main) Image testcontainers/ryuk:0.11.0 pull took PT1.74842155S
2025-08-13 16:34:58,343 INFO  [tc.tes.11.0] (main) Creating container for image: testcontainers/ryuk:0.11.0
2025-08-13 16:34:58,433 INFO  [tc.tes.11.0] (main) Container testcontainers/ryuk:0.11.0 is starting: 6b186a307e61222b6bfc908d36c973a0ed4376660e9728c6d24698bd8f99077e
2025-08-13 16:34:58,732 INFO  [tc.tes.11.0] (main) Container testcontainers/ryuk:0.11.0 started in PT0.388638006S
2025-08-13 16:34:58,738 INFO  [org.tes.uti.RyukResourceReaper] (main) Ryuk started - will monitor and terminate Testcontainers containers on JVM exit
2025-08-13 16:34:58,738 INFO  [org.tes.DockerClientFactory] (main) Checking the system...
2025-08-13 16:34:58,739 INFO  [org.tes.DockerClientFactory] (main) ✔︎ Docker server version should be at least 1.6.0
2025-08-13 16:34:58,742 INFO  [io.str.tes.con.KafkaVersionService] (main) Latest release of Kafka is:LogicalKafkaVersionEntity{version='4.0.0', image='quay.io/strimzi-test-container/test-container:0.111.0-kafka-4.0.0'}
2025-08-13 16:34:58,742 INFO  [io.str.tes.con.KafkaVersionService] (main) Latest release of Kafka is:LogicalKafkaVersionEntity{version='4.0.0', image='quay.io/strimzi-test-container/test-container:0.111.0-kafka-4.0.0'}
2025-08-13 16:34:58,742 INFO  [io.str.tes.con.KafkaVersionService] (main) No Kafka version specified. Using latest release: 4.0.0
2025-08-13 16:34:58,747 INFO  [tc.qua.io/.111.0-k.0.0] (main) Pulling docker image: quay.io/strimzi-test-container/test-container:0.111.0-kafka-4.0.0. Please be patient; this may take some time but only needs to be done once.
2025-08-13 16:34:59,203 INFO  [tc.qua.io/.111.0-k.0.0] (docker-java-stream--29267298) Starting to pull image
2025-08-13 16:34:59,204 INFO  [tc.qua.io/.111.0-k.0.0] (docker-java-stream--29267298) Pulling image layers:  0 pending,  0 downloaded,  0 extracted, (0 bytes/0 bytes)
2025-08-13 16:34:59,580 INFO  [tc.qua.io/.111.0-k.0.0] (docker-java-stream--29267298) Pulling image layers:  6 pending,  1 downloaded,  0 extracted, (3 MB/? MB)
2025-08-13 16:34:59,712 INFO  [tc.qua.io/.111.0-k.0.0] (docker-java-stream--29267298) Pulling image layers:  5 pending,  2 downloaded,  0 extracted, (15 MB/? MB)
2025-08-13 16:35:00,515 INFO  [tc.qua.io/.111.0-k.0.0] (docker-java-stream--29267298) Pulling image layers:  4 pending,  3 downloaded,  0 extracted, (130 MB/? MB)
2025-08-13 16:35:00,563 INFO  [tc.qua.io/.111.0-k.0.0] (docker-java-stream--29267298) Pulling image layers:  3 pending,  4 downloaded,  0 extracted, (148 MB/? MB)
2025-08-13 16:35:00,760 INFO  [tc.qua.io/.111.0-k.0.0] (docker-java-stream--29267298) Pulling image layers:  2 pending,  5 downloaded,  0 extracted, (163 MB/? MB)
2025-08-13 16:35:01,032 INFO  [tc.qua.io/.111.0-k.0.0] (docker-java-stream--29267298) Pulling image layers:  1 pending,  6 downloaded,  0 extracted, (183 MB/? MB)
2025-08-13 16:35:01,696 INFO  [tc.qua.io/.111.0-k.0.0] (docker-java-stream--29267298) Pulling image layers:  1 pending,  6 downloaded,  1 extracted, (230 MB/? MB)
2025-08-13 16:35:02,020 INFO  [tc.qua.io/.111.0-k.0.0] (docker-java-stream--29267298) Pulling image layers:  0 pending,  7 downloaded,  1 extracted, (245 MB/249 MB)
2025-08-13 16:35:05,563 INFO  [tc.qua.io/.111.0-k.0.0] (docker-java-stream--29267298) Pulling image layers:  0 pending,  7 downloaded,  2 extracted, (247 MB/249 MB)
2025-08-13 16:35:05,599 INFO  [tc.qua.io/.111.0-k.0.0] (docker-java-stream--29267298) Pulling image layers:  0 pending,  7 downloaded,  3 extracted, (247 MB/249 MB)
2025-08-13 16:35:05,620 INFO  [tc.qua.io/.111.0-k.0.0] (docker-java-stream--29267298) Pulling image layers:  0 pending,  7 downloaded,  4 extracted, (247 MB/249 MB)
2025-08-13 16:35:06,721 INFO  [tc.qua.io/.111.0-k.0.0] (docker-java-stream--29267298) Pulling image layers:  0 pending,  7 downloaded,  5 extracted, (249 MB/249 MB)
2025-08-13 16:35:06,755 INFO  [tc.qua.io/.111.0-k.0.0] (docker-java-stream--29267298) Pulling image layers:  0 pending,  7 downloaded,  6 extracted, (249 MB/249 MB)
2025-08-13 16:35:06,771 INFO  [tc.qua.io/.111.0-k.0.0] (docker-java-stream--29267298) Pulling image layers:  0 pending,  7 downloaded,  7 extracted, (249 MB/249 MB)
2025-08-13 16:35:06,778 INFO  [tc.qua.io/.111.0-k.0.0] (docker-java-stream--29267298) Pull complete. 7 layers, pulled in 7s (downloaded 249 MB at 35 MB/s)
2025-08-13 16:35:06,778 INFO  [tc.qua.io/.111.0-k.0.0] (main) Image quay.io/strimzi-test-container/test-container:0.111.0-kafka-4.0.0 pull took PT8.03066832S
2025-08-13 16:35:06,781 INFO  [tc.qua.io/.111.0-k.0.0] (main) Creating container for image: quay.io/strimzi-test-container/test-container:0.111.0-kafka-4.0.0
2025-08-13 16:35:06,858 INFO  [tc.qua.io/.111.0-k.0.0] (main) Container quay.io/strimzi-test-container/test-container:0.111.0-kafka-4.0.0 is starting: defd88b7f364b65386c220ac8ea7751f1afe303bb6260fe2e6fb0e50e86b5a55
2025-08-13 16:35:07,033 INFO  [io.str.tes.con.StrimziKafkaContainer] (main) Mapped port: 32769
2025-08-13 16:35:07,034 WARN  [io.str.tes.con.StrimziKafkaContainer] (main) Node ID is not set. Using broker ID 0 as the default node ID.
2025-08-13 16:35:07,034 INFO  [io.str.tes.con.StrimziKafkaContainer] (main) This is all advertised listeners for Kafka PLAINTEXT://localhost:32769,BROKER1://172.18.0.2:9091,CONTROLLER://broker-0:9094
2025-08-13 16:35:07,070 INFO  [io.str.tes.con.StrimziKafkaContainer] (main) New `cluster.id` has been generated: Ytz5hAjST9OxAjCVQ_7B1Q
2025-08-13 16:35:07,071 INFO  [io.str.tes.con.StrimziKafkaContainer] (main) Copying command to 'STARTER_SCRIPT' script.
2025-08-13 16:35:12,514 INFO  [tc.qua.io/.111.0-k.0.0] (main) Container quay.io/strimzi-test-container/test-container:0.111.0-kafka-4.0.0 started in PT5.733092852S
2025-08-13 16:35:12,517 INFO  [io.api.tes.uti.TestSeparator] (main) ############################################################################
2025-08-13 16:35:12,517 INFO  [io.api.tes.uti.TestSeparator] (main) io.apicurio.tests.serdes.apicurio.AvroSerdeIT.testGlobalIdInHeaders-STARTED
2025-08-13 16:35:12,529 INFO  [org.apa.kaf.cli.adm.AdminClientConfig] (main) AdminClientConfig values: 
	auto.include.jmx.reporter = true
	bootstrap.controllers = []
	bootstrap.servers = [PLAINTEXT://localhost:32769]
	client.dns.lookup = use_all_dns_ips
	client.id = 
	connections.max.idle.ms = 10000
	default.api.timeout.ms = 60000
	enable.metrics.push = true
	metadata.max.age.ms = 300000
	metadata.recovery.strategy = none
	metric.reporters = []
	metrics.num.samples = 2
	metrics.recording.level = INFO
	metrics.sample.window.ms = 30000
	receive.buffer.bytes = 65536
	reconnect.backoff.max.ms = 1000
	reconnect.backoff.ms = 50
	request.timeout.ms = 5000
	retries = 2147483647
	retry.backoff.max.ms = 1000
	retry.backoff.ms = 100
	sasl.client.callback.handler.class = null
	sasl.jaas.config = null
	sasl.kerberos.kinit.cmd = /usr/bin/kinit
	sasl.kerberos.min.time.before.relogin = 60000
	sasl.kerberos.service.name = null
	sasl.kerberos.ticket.renew.jitter = 0.05
	sasl.kerberos.ticket.renew.window.factor = 0.8
	sasl.login.callback.handler.class = null
	sasl.login.class = null
	sasl.login.connect.timeout.ms = null
	sasl.login.read.timeout.ms = null
	sasl.login.refresh.buffer.seconds = 300
	sasl.login.refresh.min.period.seconds = 60
	sasl.login.refresh.window.factor = 0.8
	sasl.login.refresh.window.jitter = 0.05
	sasl.login.retry.backoff.max.ms = 10000
	sasl.login.retry.backoff.ms = 100
	sasl.mechanism = GSSAPI
	sasl.oauthbearer.clock.skew.seconds = 30
	sasl.oauthbearer.expected.audience = null
	sasl.oauthbearer.expected.issuer = null
	sasl.oauthbearer.header.urlencode = false
	sasl.oauthbearer.jwks.endpoint.refresh.ms = 3600000
	sasl.oauthbearer.jwks.endpoint.retry.backoff.max.ms = 10000
	sasl.oauthbearer.jwks.endpoint.retry.backoff.ms = 100
	sasl.oauthbearer.jwks.endpoint.url = null
	sasl.oauthbearer.scope.claim.name = scope
	sasl.oauthbearer.sub.claim.name = sub
	sasl.oauthbearer.token.endpoint.url = null
	security.protocol = PLAINTEXT
	security.providers = null
	send.buffer.bytes = 131072
	socket.connection.setup.timeout.max.ms = 30000
	socket.connection.setup.timeout.ms = 10000
	ssl.cipher.suites = null
	ssl.enabled.protocols = [TLSv1.2, TLSv1.3]
	ssl.endpoint.identification.algorithm = https
	ssl.engine.factory.class = null
	ssl.key.password = null
	ssl.keymanager.algorithm = SunX509
	ssl.keystore.certificate.chain = null
	ssl.keystore.key = null
	ssl.keystore.location = null
	ssl.keystore.password = null
	ssl.keystore.type = JKS
	ssl.protocol = TLSv1.3
	ssl.provider = null
	ssl.secure.random.implementation = null
	ssl.trustmanager.algorithm = PKIX
	ssl.truststore.certificates = null
	ssl.truststore.location = null
	ssl.truststore.password = null
	ssl.truststore.type = JKS

2025-08-13 16:35:12,930 INFO  [org.apa.kaf.com.uti.AppInfoParser] (main) Kafka version: 3.9.1
2025-08-13 16:35:12,930 INFO  [org.apa.kaf.com.uti.AppInfoParser] (main) Kafka commitId: f745dfdcee2b9851
2025-08-13 16:35:12,930 INFO  [org.apa.kaf.com.uti.AppInfoParser] (main) Kafka startTimeMs: 1755102912929
**** Registry Base URL: http://registry-app-inmemory.apps.ci419.apicurio-testing.org:80
2025-08-13 16:35:12,992 INFO  [org.apa.kaf.cli.pro.ProducerConfig] (main) ProducerConfig values: 
	acks = -1
	auto.include.jmx.reporter = true
	batch.size = 16384
	bootstrap.servers = [PLAINTEXT://localhost:32769]
	buffer.memory = 33554432
	client.dns.lookup = use_all_dns_ips
	client.id = Producer-topic-1357c54f_996b_47a5_8628_9b630f357dd0
	compression.gzip.level = -1
	compression.lz4.level = 9
	compression.type = none
	compression.zstd.level = 3
	connections.max.idle.ms = 10000
	delivery.timeout.ms = 120000
	enable.idempotence = true
	enable.metrics.push = true
	interceptor.classes = []
	key.serializer = class org.apache.kafka.common.serialization.StringSerializer
	linger.ms = 0
	max.block.ms = 60000
	max.in.flight.requests.per.connection = 5
	max.request.size = 1048576
	metadata.max.age.ms = 300000
	metadata.max.idle.ms = 300000
	metadata.recovery.strategy = none
	metric.reporters = []
	metrics.num.samples = 2
	metrics.recording.level = INFO
	metrics.sample.window.ms = 30000
	partitioner.adaptive.partitioning.enable = true
	partitioner.availability.timeout.ms = 0
	partitioner.class = null
	partitioner.ignore.keys = false
	receive.buffer.bytes = 32768
	reconnect.backoff.max.ms = 1000
	reconnect.backoff.ms = 50
	request.timeout.ms = 5000
	retries = 2147483647
	retry.backoff.max.ms = 1000
	retry.backoff.ms = 100
	sasl.client.callback.handler.class = null
	sasl.jaas.config = null
	sasl.kerberos.kinit.cmd = /usr/bin/kinit
	sasl.kerberos.min.time.before.relogin = 60000
	sasl.kerberos.service.name = null
	sasl.kerberos.ticket.renew.jitter = 0.05
	sasl.kerberos.ticket.renew.window.factor = 0.8
	sasl.login.callback.handler.class = null
	sasl.login.class = null
	sasl.login.connect.timeout.ms = null
	sasl.login.read.timeout.ms = null
	sasl.login.refresh.buffer.seconds = 300
	sasl.login.refresh.min.period.seconds = 60
	sasl.login.refresh.window.factor = 0.8
	sasl.login.refresh.window.jitter = 0.05
	sasl.login.retry.backoff.max.ms = 10000
	sasl.login.retry.backoff.ms = 100
	sasl.mechanism = GSSAPI
	sasl.oauthbearer.clock.skew.seconds = 30
	sasl.oauthbearer.expected.audience = null
	sasl.oauthbearer.expected.issuer = null
	sasl.oauthbearer.header.urlencode = false
	sasl.oauthbearer.jwks.endpoint.refresh.ms = 3600000
	sasl.oauthbearer.jwks.endpoint.retry.backoff.max.ms = 10000
	sasl.oauthbearer.jwks.endpoint.retry.backoff.ms = 100
	sasl.oauthbearer.jwks.endpoint.url = null
	sasl.oauthbearer.scope.claim.name = scope
	sasl.oauthbearer.sub.claim.name = sub
	sasl.oauthbearer.token.endpoint.url = null
	security.protocol = PLAINTEXT
	security.providers = null
	send.buffer.bytes = 131072
	socket.connection.setup.timeout.max.ms = 30000
	socket.connection.setup.timeout.ms = 10000
	ssl.cipher.suites = null
	ssl.enabled.protocols = [TLSv1.2, TLSv1.3]
	ssl.endpoint.identification.algorithm = https
	ssl.engine.factory.class = null
	ssl.key.password = null
	ssl.keymanager.algorithm = SunX509
	ssl.keystore.certificate.chain = null
	ssl.keystore.key = null
	ssl.keystore.location = null
	ssl.keystore.password = null
	ssl.keystore.type = JKS
	ssl.protocol = TLSv1.3
	ssl.provider = null
	ssl.secure.random.implementation = null
	ssl.trustmanager.algorithm = PKIX
	ssl.truststore.certificates = null
	ssl.truststore.location = null
	ssl.truststore.password = null
	ssl.truststore.type = JKS
	transaction.timeout.ms = 60000
	transactional.id = null
	value.serializer = class io.apicurio.registry.serde.avro.AvroKafkaSerializer

2025-08-13 16:35:13,050 INFO  [org.apa.kaf.com.tel.int.KafkaMetricsCollector] (main) initializing Kafka metrics collector
2025-08-13 16:35:13,080 INFO  [org.apa.kaf.cli.pro.KafkaProducer] (main) [Producer clientId=Producer-topic-1357c54f_996b_47a5_8628_9b630f357dd0] Instantiated an idempotent producer.
2025-08-13 16:35:13,129 INFO  [org.apa.kaf.cli.pro.ProducerConfig] (main) These configurations '[apicurio.registry.url, apicurio.registry.auto-register, apicurio.registry.use-id, apicurio.registry.artifact-resolver-strategy]' were supplied but are not used yet.
2025-08-13 16:35:13,130 INFO  [org.apa.kaf.com.uti.AppInfoParser] (main) Kafka version: 3.9.1
2025-08-13 16:35:13,130 INFO  [org.apa.kaf.com.uti.AppInfoParser] (main) Kafka commitId: f745dfdcee2b9851
2025-08-13 16:35:13,130 INFO  [org.apa.kaf.com.uti.AppInfoParser] (main) Kafka startTimeMs: 1755102913129
2025-08-13 16:35:13,130 INFO  [io.api.tes.ser.api.SimpleSerdesTesterBuilder$SimpleSerdesTester] (main) Using producer configuration: {apicurio.registry.url=http://registry-app-inmemory.apps.ci419.apicurio-testing.org:80/apis/registry/v3, apicurio.registry.auto-register=true, apicurio.registry.use-id=globalId, apicurio.registry.artifact-resolver-strategy=io.apicurio.registry.serde.strategy.TopicIdStrategy, value.serializer=io.apicurio.registry.serde.avro.AvroKafkaSerializer, request.timeout.ms=5000, acks=all, bootstrap.servers=PLAINTEXT://localhost:32769, connections.max.idle.ms=10000, key.serializer=org.apache.kafka.common.serialization.StringSerializer, client.id=Producer-topic-1357c54f_996b_47a5_8628_9b630f357dd0}
2025-08-13 16:35:13,131 INFO  [io.api.tes.ser.api.SimpleSerdesTesterBuilder$SimpleSerdesTester] (main) Using consumer configuration: {apicurio.registry.use-id=globalId}
2025-08-13 16:35:13,139 INFO  [io.api.tes.ser.api.KafkaSerdesTester] (Thread-600) Sending message {"key11755102912957": "value-0"} to topic topic-1357c54f_996b_47a5_8628_9b630f357dd0
2025-08-13 16:35:13,439 WARN  [org.apa.kaf.cli.NetworkClient] (kafka-producer-network-thread | Producer-topic-1357c54f_996b_47a5_8628_9b630f357dd0) [Producer clientId=Producer-topic-1357c54f_996b_47a5_8628_9b630f357dd0] The metadata response from the cluster reported a recoverable issue with correlation id 1 : {topic-1357c54f_996b_47a5_8628_9b630f357dd0=UNKNOWN_TOPIC_OR_PARTITION}
2025-08-13 16:35:13,447 INFO  [org.apa.kaf.cli.Metadata] (kafka-producer-network-thread | Producer-topic-1357c54f_996b_47a5_8628_9b630f357dd0) [Producer clientId=Producer-topic-1357c54f_996b_47a5_8628_9b630f357dd0] Cluster ID: Ytz5hAjST9OxAjCVQ_7B1Q
2025-08-13 16:35:13,581 INFO  [org.apa.kaf.cli.pro.int.TransactionManager] (kafka-producer-network-thread | Producer-topic-1357c54f_996b_47a5_8628_9b630f357dd0) [Producer clientId=Producer-topic-1357c54f_996b_47a5_8628_9b630f357dd0] ProducerId set to 0 with epoch 0
2025-08-13 16:35:13,790 INFO  [io.api.tes.ser.api.KafkaSerdesTester] (Thread-600) Sending message {"key11755102912957": "value-1"} to topic topic-1357c54f_996b_47a5_8628_9b630f357dd0
2025-08-13 16:35:13,807 INFO  [io.api.tes.ser.api.KafkaSerdesTester] (Thread-600) Sending message {"key11755102912957": "value-2"} to topic topic-1357c54f_996b_47a5_8628_9b630f357dd0
2025-08-13 16:35:13,814 INFO  [io.api.tes.ser.api.KafkaSerdesTester] (Thread-600) Sending message {"key11755102912957": "value-3"} to topic topic-1357c54f_996b_47a5_8628_9b630f357dd0
2025-08-13 16:35:13,821 INFO  [io.api.tes.ser.api.KafkaSerdesTester] (Thread-600) Sending message {"key11755102912957": "value-4"} to topic topic-1357c54f_996b_47a5_8628_9b630f357dd0
2025-08-13 16:35:13,827 INFO  [io.api.tes.ser.api.KafkaSerdesTester] (Thread-600) Sending message {"key11755102912957": "value-5"} to topic topic-1357c54f_996b_47a5_8628_9b630f357dd0
2025-08-13 16:35:13,833 INFO  [io.api.tes.ser.api.KafkaSerdesTester] (Thread-600) Sending message {"key11755102912957": "value-6"} to topic topic-1357c54f_996b_47a5_8628_9b630f357dd0
2025-08-13 16:35:13,837 INFO  [io.api.tes.ser.api.KafkaSerdesTester] (Thread-600) Sending message {"key11755102912957": "value-7"} to topic topic-1357c54f_996b_47a5_8628_9b630f357dd0
2025-08-13 16:35:13,844 INFO  [io.api.tes.ser.api.KafkaSerdesTester] (Thread-600) Sending message {"key11755102912957": "value-8"} to topic topic-1357c54f_996b_47a5_8628_9b630f357dd0
2025-08-13 16:35:13,849 INFO  [io.api.tes.ser.api.KafkaSerdesTester] (Thread-600) Sending message {"key11755102912957": "value-9"} to topic topic-1357c54f_996b_47a5_8628_9b630f357dd0
2025-08-13 16:35:13,855 INFO  [io.api.tes.ser.api.KafkaSerdesTester] (Thread-600) Produced 10 messages
2025-08-13 16:35:13,855 INFO  [org.apa.kaf.cli.pro.KafkaProducer] (Thread-600) [Producer clientId=Producer-topic-1357c54f_996b_47a5_8628_9b630f357dd0] Closing the Kafka producer with timeoutMillis = 9223372036854775807 ms.
2025-08-13 16:35:13,879 INFO  [org.apa.kaf.com.met.Metrics] (Thread-600) Metrics scheduler closed
2025-08-13 16:35:13,879 INFO  [org.apa.kaf.com.met.Metrics] (Thread-600) Closing reporter org.apache.kafka.common.metrics.JmxReporter
2025-08-13 16:35:13,879 INFO  [org.apa.kaf.com.met.Metrics] (Thread-600) Closing reporter org.apache.kafka.common.telemetry.internals.ClientTelemetryReporter
2025-08-13 16:35:13,879 INFO  [org.apa.kaf.com.met.Metrics] (Thread-600) Metrics reporters closed
2025-08-13 16:35:13,883 INFO  [org.apa.kaf.com.uti.AppInfoParser] (Thread-600) App info kafka.producer for Producer-topic-1357c54f_996b_47a5_8628_9b630f357dd0 unregistered
**** Registry Base URL: http://registry-app-inmemory.apps.ci419.apicurio-testing.org:80
2025-08-13 16:35:13,926 INFO  [org.apa.kaf.cli.con.ConsumerConfig] (main) ConsumerConfig values: 
	allow.auto.create.topics = true
	auto.commit.interval.ms = 500
	auto.include.jmx.reporter = true
	auto.offset.reset = earliest
	bootstrap.servers = [PLAINTEXT://localhost:32769]
	check.crcs = true
	client.dns.lookup = use_all_dns_ips
	client.id = consumer-Consumer-topic-1357c54f_996b_47a5_8628_9b630f357dd0-1
	client.rack = 
	connections.max.idle.ms = 10000
	default.api.timeout.ms = 60000
	enable.auto.commit = true
	enable.metrics.push = true
	exclude.internal.topics = true
	fetch.max.bytes = 52428800
	fetch.max.wait.ms = 500
	fetch.min.bytes = 1
	group.id = Consumer-topic-1357c54f_996b_47a5_8628_9b630f357dd0
	group.instance.id = null
	group.protocol = classic
	group.remote.assignor = null
	heartbeat.interval.ms = 3000
	interceptor.classes = []
	internal.leave.group.on.close = true
	internal.throw.on.fetch.stable.offset.unsupported = false
	isolation.level = read_uncommitted
	key.deserializer = class org.apache.kafka.common.serialization.StringDeserializer
	max.partition.fetch.bytes = 1048576
	max.poll.interval.ms = 300000
	max.poll.records = 500
	metadata.max.age.ms = 300000
	metadata.recovery.strategy = none
	metric.reporters = []
	metrics.num.samples = 2
	metrics.recording.level = INFO
	metrics.sample.window.ms = 30000
	partition.assignment.strategy = [class org.apache.kafka.clients.consumer.RangeAssignor, class org.apache.kafka.clients.consumer.CooperativeStickyAssignor]
	receive.buffer.bytes = 65536
	reconnect.backoff.max.ms = 1000
	reconnect.backoff.ms = 50
	request.timeout.ms = 5000
	retry.backoff.max.ms = 1000
	retry.backoff.ms = 100
	sasl.client.callback.handler.class = null
	sasl.jaas.config = null
	sasl.kerberos.kinit.cmd = /usr/bin/kinit
	sasl.kerberos.min.time.before.relogin = 60000
	sasl.kerberos.service.name = null
	sasl.kerberos.ticket.renew.jitter = 0.05
	sasl.kerberos.ticket.renew.window.factor = 0.8
	sasl.login.callback.handler.class = null
	sasl.login.class = null
	sasl.login.connect.timeout.ms = null
	sasl.login.read.timeout.ms = null
	sasl.login.refresh.buffer.seconds = 300
	sasl.login.refresh.min.period.seconds = 60
	sasl.login.refresh.window.factor = 0.8
	sasl.login.refresh.window.jitter = 0.05
	sasl.login.retry.backoff.max.ms = 10000
	sasl.login.retry.backoff.ms = 100
	sasl.mechanism = GSSAPI
	sasl.oauthbearer.clock.skew.seconds = 30
	sasl.oauthbearer.expected.audience = null
	sasl.oauthbearer.expected.issuer = null
	sasl.oauthbearer.header.urlencode = false
	sasl.oauthbearer.jwks.endpoint.refresh.ms = 3600000
	sasl.oauthbearer.jwks.endpoint.retry.backoff.max.ms = 10000
	sasl.oauthbearer.jwks.endpoint.retry.backoff.ms = 100
	sasl.oauthbearer.jwks.endpoint.url = null
	sasl.oauthbearer.scope.claim.name = scope
	sasl.oauthbearer.sub.claim.name = sub
	sasl.oauthbearer.token.endpoint.url = null
	security.protocol = PLAINTEXT
	security.providers = null
	send.buffer.bytes = 131072
	session.timeout.ms = 45000
	socket.connection.setup.timeout.max.ms = 30000
	socket.connection.setup.timeout.ms = 10000
	ssl.cipher.suites = null
	ssl.enabled.protocols = [TLSv1.2, TLSv1.3]
	ssl.endpoint.identification.algorithm = https
	ssl.engine.factory.class = null
	ssl.key.password = null
	ssl.keymanager.algorithm = SunX509
	ssl.keystore.certificate.chain = null
	ssl.keystore.key = null
	ssl.keystore.location = null
	ssl.keystore.password = null
	ssl.keystore.type = JKS
	ssl.protocol = TLSv1.3
	ssl.provider = null
	ssl.secure.random.implementation = null
	ssl.trustmanager.algorithm = PKIX
	ssl.truststore.certificates = null
	ssl.truststore.location = null
	ssl.truststore.password = null
	ssl.truststore.type = JKS
	value.deserializer = class io.apicurio.registry.serde.avro.AvroKafkaDeserializer

2025-08-13 16:35:13,945 INFO  [org.apa.kaf.com.tel.int.KafkaMetricsCollector] (main) initializing Kafka metrics collector
2025-08-13 16:35:13,996 INFO  [org.apa.kaf.cli.con.ConsumerConfig] (main) These configurations '[apicurio.registry.url, apicurio.registry.use-id]' were supplied but are not used yet.
2025-08-13 16:35:13,996 INFO  [org.apa.kaf.com.uti.AppInfoParser] (main) Kafka version: 3.9.1
2025-08-13 16:35:13,996 INFO  [org.apa.kaf.com.uti.AppInfoParser] (main) Kafka commitId: f745dfdcee2b9851
2025-08-13 16:35:13,997 INFO  [org.apa.kaf.com.uti.AppInfoParser] (main) Kafka startTimeMs: 1755102913996
2025-08-13 16:35:14,000 INFO  [org.apa.kaf.cli.con.int.ClassicKafkaConsumer] (Thread-603) [Consumer clientId=consumer-Consumer-topic-1357c54f_996b_47a5_8628_9b630f357dd0-1, groupId=Consumer-topic-1357c54f_996b_47a5_8628_9b630f357dd0] Subscribed to topic(s): topic-1357c54f_996b_47a5_8628_9b630f357dd0
2025-08-13 16:35:14,017 INFO  [org.apa.kaf.cli.Metadata] (Thread-603) [Consumer clientId=consumer-Consumer-topic-1357c54f_996b_47a5_8628_9b630f357dd0-1, groupId=Consumer-topic-1357c54f_996b_47a5_8628_9b630f357dd0] Cluster ID: Ytz5hAjST9OxAjCVQ_7B1Q
2025-08-13 16:35:14,172 INFO  [org.apa.kaf.cli.con.int.ConsumerCoordinator] (Thread-603) [Consumer clientId=consumer-Consumer-topic-1357c54f_996b_47a5_8628_9b630f357dd0-1, groupId=Consumer-topic-1357c54f_996b_47a5_8628_9b630f357dd0] Discovered group coordinator localhost:32769 (id: 2147483647 rack: null)
2025-08-13 16:35:14,184 INFO  [org.apa.kaf.cli.con.int.ConsumerCoordinator] (Thread-603) [Consumer clientId=consumer-Consumer-topic-1357c54f_996b_47a5_8628_9b630f357dd0-1, groupId=Consumer-topic-1357c54f_996b_47a5_8628_9b630f357dd0] (Re-)joining group
2025-08-13 16:35:14,211 INFO  [org.apa.kaf.cli.con.int.ConsumerCoordinator] (Thread-603) [Consumer clientId=consumer-Consumer-topic-1357c54f_996b_47a5_8628_9b630f357dd0-1, groupId=Consumer-topic-1357c54f_996b_47a5_8628_9b630f357dd0] Group coordinator localhost:32769 (id: 2147483647 rack: null) is unavailable or invalid due to cause: error response NOT_COORDINATOR. isDisconnected: false. Rediscovery will be attempted.
2025-08-13 16:35:14,211 INFO  [org.apa.kaf.cli.con.int.ConsumerCoordinator] (Thread-603) [Consumer clientId=consumer-Consumer-topic-1357c54f_996b_47a5_8628_9b630f357dd0-1, groupId=Consumer-topic-1357c54f_996b_47a5_8628_9b630f357dd0] Requesting disconnect from last known coordinator localhost:32769 (id: 2147483647 rack: null)
2025-08-13 16:35:14,211 INFO  [org.apa.kaf.cli.con.int.ConsumerCoordinator] (Thread-603) [Consumer clientId=consumer-Consumer-topic-1357c54f_996b_47a5_8628_9b630f357dd0-1, groupId=Consumer-topic-1357c54f_996b_47a5_8628_9b630f357dd0] JoinGroup failed: This is not the correct coordinator. Marking coordinator unknown. Sent generation was Generation{generationId=-1, memberId='', protocol='null'}
2025-08-13 16:35:14,212 INFO  [org.apa.kaf.cli.NetworkClient] (Thread-603) [Consumer clientId=consumer-Consumer-topic-1357c54f_996b_47a5_8628_9b630f357dd0-1, groupId=Consumer-topic-1357c54f_996b_47a5_8628_9b630f357dd0] Client requested disconnect from node 2147483647
2025-08-13 16:35:14,218 INFO  [org.apa.kaf.cli.con.int.ConsumerCoordinator] (Thread-603) [Consumer clientId=consumer-Consumer-topic-1357c54f_996b_47a5_8628_9b630f357dd0-1, groupId=Consumer-topic-1357c54f_996b_47a5_8628_9b630f357dd0] Discovered group coordinator localhost:32769 (id: 2147483647 rack: null)
2025-08-13 16:35:14,219 INFO  [org.apa.kaf.cli.con.int.ConsumerCoordinator] (Thread-603) [Consumer clientId=consumer-Consumer-topic-1357c54f_996b_47a5_8628_9b630f357dd0-1, groupId=Consumer-topic-1357c54f_996b_47a5_8628_9b630f357dd0] Group coordinator localhost:32769 (id: 2147483647 rack: null) is unavailable or invalid due to cause: coordinator unavailable. isDisconnected: false. Rediscovery will be attempted.
2025-08-13 16:35:14,219 INFO  [org.apa.kaf.cli.con.int.ConsumerCoordinator] (Thread-603) [Consumer clientId=consumer-Consumer-topic-1357c54f_996b_47a5_8628_9b630f357dd0-1, groupId=Consumer-topic-1357c54f_996b_47a5_8628_9b630f357dd0] Requesting disconnect from last known coordinator localhost:32769 (id: 2147483647 rack: null)
2025-08-13 16:35:14,332 INFO  [org.apa.kaf.cli.con.int.ConsumerCoordinator] (Thread-603) [Consumer clientId=consumer-Consumer-topic-1357c54f_996b_47a5_8628_9b630f357dd0-1, groupId=Consumer-topic-1357c54f_996b_47a5_8628_9b630f357dd0] Discovered group coordinator localhost:32769 (id: 2147483647 rack: null)
2025-08-13 16:35:14,334 INFO  [org.apa.kaf.cli.con.int.ConsumerCoordinator] (Thread-603) [Consumer clientId=consumer-Consumer-topic-1357c54f_996b_47a5_8628_9b630f357dd0-1, groupId=Consumer-topic-1357c54f_996b_47a5_8628_9b630f357dd0] Request joining group due to: rebalance failed due to 'This is not the correct coordinator.' (NotCoordinatorException)
2025-08-13 16:35:14,336 INFO  [org.apa.kaf.cli.con.int.ConsumerCoordinator] (Thread-603) [Consumer clientId=consumer-Consumer-topic-1357c54f_996b_47a5_8628_9b630f357dd0-1, groupId=Consumer-topic-1357c54f_996b_47a5_8628_9b630f357dd0] (Re-)joining group
2025-08-13 16:35:14,344 INFO  [org.apa.kaf.cli.con.int.ConsumerCoordinator] (Thread-603) [Consumer clientId=consumer-Consumer-topic-1357c54f_996b_47a5_8628_9b630f357dd0-1, groupId=Consumer-topic-1357c54f_996b_47a5_8628_9b630f357dd0] Group coordinator localhost:32769 (id: 2147483647 rack: null) is unavailable or invalid due to cause: error response NOT_COORDINATOR. isDisconnected: false. Rediscovery will be attempted.
2025-08-13 16:35:14,344 INFO  [org.apa.kaf.cli.con.int.ConsumerCoordinator] (Thread-603) [Consumer clientId=consumer-Consumer-topic-1357c54f_996b_47a5_8628_9b630f357dd0-1, groupId=Consumer-topic-1357c54f_996b_47a5_8628_9b630f357dd0] Requesting disconnect from last known coordinator localhost:32769 (id: 2147483647 rack: null)
2025-08-13 16:35:14,344 INFO  [org.apa.kaf.cli.con.int.ConsumerCoordinator] (Thread-603) [Consumer clientId=consumer-Consumer-topic-1357c54f_996b_47a5_8628_9b630f357dd0-1, groupId=Consumer-topic-1357c54f_996b_47a5_8628_9b630f357dd0] JoinGroup failed: This is not the correct coordinator. Marking coordinator unknown. Sent generation was Generation{generationId=-1, memberId='', protocol='null'}
2025-08-13 16:35:14,344 INFO  [org.apa.kaf.cli.NetworkClient] (Thread-603) [Consumer clientId=consumer-Consumer-topic-1357c54f_996b_47a5_8628_9b630f357dd0-1, groupId=Consumer-topic-1357c54f_996b_47a5_8628_9b630f357dd0] Client requested disconnect from node 2147483647
2025-08-13 16:35:14,350 INFO  [org.apa.kaf.cli.con.int.ConsumerCoordinator] (Thread-603) [Consumer clientId=consumer-Consumer-topic-1357c54f_996b_47a5_8628_9b630f357dd0-1, groupId=Consumer-topic-1357c54f_996b_47a5_8628_9b630f357dd0] Discovered group coordinator localhost:32769 (id: 2147483647 rack: null)
2025-08-13 16:35:14,352 INFO  [org.apa.kaf.cli.con.int.ConsumerCoordinator] (Thread-603) [Consumer clientId=consumer-Consumer-topic-1357c54f_996b_47a5_8628_9b630f357dd0-1, groupId=Consumer-topic-1357c54f_996b_47a5_8628_9b630f357dd0] Group coordinator localhost:32769 (id: 2147483647 rack: null) is unavailable or invalid due to cause: coordinator unavailable. isDisconnected: false. Rediscovery will be attempted.
2025-08-13 16:35:14,352 INFO  [org.apa.kaf.cli.con.int.ConsumerCoordinator] (Thread-603) [Consumer clientId=consumer-Consumer-topic-1357c54f_996b_47a5_8628_9b630f357dd0-1, groupId=Consumer-topic-1357c54f_996b_47a5_8628_9b630f357dd0] Requesting disconnect from last known coordinator localhost:32769 (id: 2147483647 rack: null)
2025-08-13 16:35:14,472 INFO  [org.apa.kaf.cli.con.int.ConsumerCoordinator] (Thread-603) [Consumer clientId=consumer-Consumer-topic-1357c54f_996b_47a5_8628_9b630f357dd0-1, groupId=Consumer-topic-1357c54f_996b_47a5_8628_9b630f357dd0] Discovered group coordinator localhost:32769 (id: 2147483647 rack: null)
2025-08-13 16:35:14,473 INFO  [org.apa.kaf.cli.con.int.ConsumerCoordinator] (Thread-603) [Consumer clientId=consumer-Consumer-topic-1357c54f_996b_47a5_8628_9b630f357dd0-1, groupId=Consumer-topic-1357c54f_996b_47a5_8628_9b630f357dd0] Request joining group due to: rebalance failed due to 'This is not the correct coordinator.' (NotCoordinatorException)
2025-08-13 16:35:14,476 INFO  [org.apa.kaf.cli.con.int.ConsumerCoordinator] (Thread-603) [Consumer clientId=consumer-Consumer-topic-1357c54f_996b_47a5_8628_9b630f357dd0-1, groupId=Consumer-topic-1357c54f_996b_47a5_8628_9b630f357dd0] (Re-)joining group
2025-08-13 16:35:14,483 INFO  [org.apa.kaf.cli.con.int.ConsumerCoordinator] (Thread-603) [Consumer clientId=consumer-Consumer-topic-1357c54f_996b_47a5_8628_9b630f357dd0-1, groupId=Consumer-topic-1357c54f_996b_47a5_8628_9b630f357dd0] Group coordinator localhost:32769 (id: 2147483647 rack: null) is unavailable or invalid due to cause: error response NOT_COORDINATOR. isDisconnected: false. Rediscovery will be attempted.
2025-08-13 16:35:14,483 INFO  [org.apa.kaf.cli.con.int.ConsumerCoordinator] (Thread-603) [Consumer clientId=consumer-Consumer-topic-1357c54f_996b_47a5_8628_9b630f357dd0-1, groupId=Consumer-topic-1357c54f_996b_47a5_8628_9b630f357dd0] Requesting disconnect from last known coordinator localhost:32769 (id: 2147483647 rack: null)
2025-08-13 16:35:14,483 INFO  [org.apa.kaf.cli.con.int.ConsumerCoordinator] (Thread-603) [Consumer clientId=consumer-Consumer-topic-1357c54f_996b_47a5_8628_9b630f357dd0-1, groupId=Consumer-topic-1357c54f_996b_47a5_8628_9b630f357dd0] JoinGroup failed: This is not the correct coordinator. Marking coordinator unknown. Sent generation was Generation{generationId=-1, memberId='', protocol='null'}
2025-08-13 16:35:14,483 INFO  [org.apa.kaf.cli.NetworkClient] (Thread-603) [Consumer clientId=consumer-Consumer-topic-1357c54f_996b_47a5_8628_9b630f357dd0-1, groupId=Consumer-topic-1357c54f_996b_47a5_8628_9b630f357dd0] Client requested disconnect from node 2147483647
2025-08-13 16:35:14,492 INFO  [org.apa.kaf.cli.con.int.ConsumerCoordinator] (Thread-603) [Consumer clientId=consumer-Consumer-topic-1357c54f_996b_47a5_8628_9b630f357dd0-1, groupId=Consumer-topic-1357c54f_996b_47a5_8628_9b630f357dd0] Discovered group coordinator localhost:32769 (id: 2147483647 rack: null)
2025-08-13 16:35:14,493 INFO  [org.apa.kaf.cli.con.int.ConsumerCoordinator] (Thread-603) [Consumer clientId=consumer-Consumer-topic-1357c54f_996b_47a5_8628_9b630f357dd0-1, groupId=Consumer-topic-1357c54f_996b_47a5_8628_9b630f357dd0] Group coordinator localhost:32769 (id: 2147483647 rack: null) is unavailable or invalid due to cause: coordinator unavailable. isDisconnected: false. Rediscovery will be attempted.
2025-08-13 16:35:14,493 INFO  [org.apa.kaf.cli.con.int.ConsumerCoordinator] (Thread-603) [Consumer clientId=consumer-Consumer-topic-1357c54f_996b_47a5_8628_9b630f357dd0-1, groupId=Consumer-topic-1357c54f_996b_47a5_8628_9b630f357dd0] Requesting disconnect from last known coordinator localhost:32769 (id: 2147483647 rack: null)
2025-08-13 16:35:14,587 INFO  [org.apa.kaf.cli.con.int.ConsumerCoordinator] (Thread-603) [Consumer clientId=consumer-Consumer-topic-1357c54f_996b_47a5_8628_9b630f357dd0-1, groupId=Consumer-topic-1357c54f_996b_47a5_8628_9b630f357dd0] Discovered group coordinator localhost:32769 (id: 2147483647 rack: null)
2025-08-13 16:35:14,591 INFO  [org.apa.kaf.cli.con.int.ConsumerCoordinator] (Thread-603) [Consumer clientId=consumer-Consumer-topic-1357c54f_996b_47a5_8628_9b630f357dd0-1, groupId=Consumer-topic-1357c54f_996b_47a5_8628_9b630f357dd0] Request joining group due to: rebalance failed due to 'This is not the correct coordinator.' (NotCoordinatorException)
2025-08-13 16:35:14,594 INFO  [org.apa.kaf.cli.con.int.ConsumerCoordinator] (Thread-603) [Consumer clientId=consumer-Consumer-topic-1357c54f_996b_47a5_8628_9b630f357dd0-1, groupId=Consumer-topic-1357c54f_996b_47a5_8628_9b630f357dd0] (Re-)joining group
2025-08-13 16:35:14,612 INFO  [org.apa.kaf.cli.con.int.ConsumerCoordinator] (Thread-603) [Consumer clientId=consumer-Consumer-topic-1357c54f_996b_47a5_8628_9b630f357dd0-1, groupId=Consumer-topic-1357c54f_996b_47a5_8628_9b630f357dd0] Group coordinator localhost:32769 (id: 2147483647 rack: null) is unavailable or invalid due to cause: error response NOT_COORDINATOR. isDisconnected: false. Rediscovery will be attempted.
2025-08-13 16:35:14,612 INFO  [org.apa.kaf.cli.con.int.ConsumerCoordinator] (Thread-603) [Consumer clientId=consumer-Consumer-topic-1357c54f_996b_47a5_8628_9b630f357dd0-1, groupId=Consumer-topic-1357c54f_996b_47a5_8628_9b630f357dd0] Requesting disconnect from last known coordinator localhost:32769 (id: 2147483647 rack: null)
2025-08-13 16:35:14,612 INFO  [org.apa.kaf.cli.con.int.ConsumerCoordinator] (Thread-603) [Consumer clientId=consumer-Consumer-topic-1357c54f_996b_47a5_8628_9b630f357dd0-1, groupId=Consumer-topic-1357c54f_996b_47a5_8628_9b630f357dd0] JoinGroup failed: This is not the correct coordinator. Marking coordinator unknown. Sent generation was Generation{generationId=-1, memberId='', protocol='null'}
2025-08-13 16:35:14,612 INFO  [org.apa.kaf.cli.NetworkClient] (Thread-603) [Consumer clientId=consumer-Consumer-topic-1357c54f_996b_47a5_8628_9b630f357dd0-1, groupId=Consumer-topic-1357c54f_996b_47a5_8628_9b630f357dd0] Client requested disconnect from node 2147483647
2025-08-13 16:35:14,625 INFO  [org.apa.kaf.cli.con.int.ConsumerCoordinator] (Thread-603) [Consumer clientId=consumer-Consumer-topic-1357c54f_996b_47a5_8628_9b630f357dd0-1, groupId=Consumer-topic-1357c54f_996b_47a5_8628_9b630f357dd0] Discovered group coordinator localhost:32769 (id: 2147483647 rack: null)
2025-08-13 16:35:14,626 INFO  [org.apa.kaf.cli.con.int.ConsumerCoordinator] (Thread-603) [Consumer clientId=consumer-Consumer-topic-1357c54f_996b_47a5_8628_9b630f357dd0-1, groupId=Consumer-topic-1357c54f_996b_47a5_8628_9b630f357dd0] Group coordinator localhost:32769 (id: 2147483647 rack: null) is unavailable or invalid due to cause: coordinator unavailable. isDisconnected: false. Rediscovery will be attempted.
2025-08-13 16:35:14,626 INFO  [org.apa.kaf.cli.con.int.ConsumerCoordinator] (Thread-603) [Consumer clientId=consumer-Consumer-topic-1357c54f_996b_47a5_8628_9b630f357dd0-1, groupId=Consumer-topic-1357c54f_996b_47a5_8628_9b630f357dd0] Requesting disconnect from last known coordinator localhost:32769 (id: 2147483647 rack: null)
2025-08-13 16:35:14,732 INFO  [org.apa.kaf.cli.con.int.ConsumerCoordinator] (Thread-603) [Consumer clientId=consumer-Consumer-topic-1357c54f_996b_47a5_8628_9b630f357dd0-1, groupId=Consumer-topic-1357c54f_996b_47a5_8628_9b630f357dd0] Discovered group coordinator localhost:32769 (id: 2147483647 rack: null)
2025-08-13 16:35:14,734 INFO  [org.apa.kaf.cli.con.int.ConsumerCoordinator] (Thread-603) [Consumer clientId=consumer-Consumer-topic-1357c54f_996b_47a5_8628_9b630f357dd0-1, groupId=Consumer-topic-1357c54f_996b_47a5_8628_9b630f357dd0] Request joining group due to: rebalance failed due to 'This is not the correct coordinator.' (NotCoordinatorException)
2025-08-13 16:35:14,738 INFO  [org.apa.kaf.cli.con.int.ConsumerCoordinator] (Thread-603) [Consumer clientId=consumer-Consumer-topic-1357c54f_996b_47a5_8628_9b630f357dd0-1, groupId=Consumer-topic-1357c54f_996b_47a5_8628_9b630f357dd0] (Re-)joining group
2025-08-13 16:35:14,776 INFO  [org.apa.kaf.cli.con.int.ConsumerCoordinator] (Thread-603) [Consumer clientId=consumer-Consumer-topic-1357c54f_996b_47a5_8628_9b630f357dd0-1, groupId=Consumer-topic-1357c54f_996b_47a5_8628_9b630f357dd0] Request joining group due to: need to re-join with the given member-id: consumer-Consumer-topic-1357c54f_996b_47a5_8628_9b630f357dd0-1-08320a12-2a98-454c-8924-e8b0c74a5a3a
2025-08-13 16:35:14,777 INFO  [org.apa.kaf.cli.con.int.ConsumerCoordinator] (Thread-603) [Consumer clientId=consumer-Consumer-topic-1357c54f_996b_47a5_8628_9b630f357dd0-1, groupId=Consumer-topic-1357c54f_996b_47a5_8628_9b630f357dd0] (Re-)joining group
2025-08-13 16:35:15,001 INFO  [io.api.tes.ser.api.KafkaSerdesTester] (Thread-603) None found
2025-08-13 16:35:16,002 INFO  [io.api.tes.ser.api.KafkaSerdesTester] (Thread-603) None found
2025-08-13 16:35:17,003 INFO  [io.api.tes.ser.api.KafkaSerdesTester] (Thread-603) None found
2025-08-13 16:35:17,794 INFO  [org.apa.kaf.cli.con.int.ConsumerCoordinator] (Thread-603) [Consumer clientId=consumer-Consumer-topic-1357c54f_996b_47a5_8628_9b630f357dd0-1, groupId=Consumer-topic-1357c54f_996b_47a5_8628_9b630f357dd0] Successfully joined group with generation Generation{generationId=1, memberId='consumer-Consumer-topic-1357c54f_996b_47a5_8628_9b630f357dd0-1-08320a12-2a98-454c-8924-e8b0c74a5a3a', protocol='range'}
2025-08-13 16:35:17,807 INFO  [org.apa.kaf.cli.con.int.ConsumerCoordinator] (Thread-603) [Consumer clientId=consumer-Consumer-topic-1357c54f_996b_47a5_8628_9b630f357dd0-1, groupId=Consumer-topic-1357c54f_996b_47a5_8628_9b630f357dd0] Finished assignment for group at generation 1: {consumer-Consumer-topic-1357c54f_996b_47a5_8628_9b630f357dd0-1-08320a12-2a98-454c-8924-e8b0c74a5a3a=Assignment(partitions=[topic-1357c54f_996b_47a5_8628_9b630f357dd0-0])}
2025-08-13 16:35:17,828 INFO  [org.apa.kaf.cli.con.int.ConsumerCoordinator] (kafka-coordinator-heartbeat-thread | Consumer-topic-1357c54f_996b_47a5_8628_9b630f357dd0) [Consumer clientId=consumer-Consumer-topic-1357c54f_996b_47a5_8628_9b630f357dd0-1, groupId=Consumer-topic-1357c54f_996b_47a5_8628_9b630f357dd0] Successfully synced group in generation Generation{generationId=1, memberId='consumer-Consumer-topic-1357c54f_996b_47a5_8628_9b630f357dd0-1-08320a12-2a98-454c-8924-e8b0c74a5a3a', protocol='range'}
2025-08-13 16:35:17,830 INFO  [org.apa.kaf.cli.con.int.ConsumerCoordinator] (Thread-603) [Consumer clientId=consumer-Consumer-topic-1357c54f_996b_47a5_8628_9b630f357dd0-1, groupId=Consumer-topic-1357c54f_996b_47a5_8628_9b630f357dd0] Notifying assignor about the new Assignment(partitions=[topic-1357c54f_996b_47a5_8628_9b630f357dd0-0])
2025-08-13 16:35:17,836 INFO  [org.apa.kaf.cli.con.int.ConsumerRebalanceListenerInvoker] (Thread-603) [Consumer clientId=consumer-Consumer-topic-1357c54f_996b_47a5_8628_9b630f357dd0-1, groupId=Consumer-topic-1357c54f_996b_47a5_8628_9b630f357dd0] Adding newly assigned partitions: topic-1357c54f_996b_47a5_8628_9b630f357dd0-0
2025-08-13 16:35:17,865 INFO  [org.apa.kaf.cli.con.int.ConsumerCoordinator] (Thread-603) [Consumer clientId=consumer-Consumer-topic-1357c54f_996b_47a5_8628_9b630f357dd0-1, groupId=Consumer-topic-1357c54f_996b_47a5_8628_9b630f357dd0] Found no committed offset for partition topic-1357c54f_996b_47a5_8628_9b630f357dd0-0
2025-08-13 16:35:17,902 INFO  [org.apa.kaf.cli.con.int.SubscriptionState] (Thread-603) [Consumer clientId=consumer-Consumer-topic-1357c54f_996b_47a5_8628_9b630f357dd0-1, groupId=Consumer-topic-1357c54f_996b_47a5_8628_9b630f357dd0] Resetting offset for partition topic-1357c54f_996b_47a5_8628_9b630f357dd0-0 to position FetchPosition{offset=0, offsetEpoch=Optional.empty, currentLeader=LeaderAndEpoch{leader=Optional[localhost:32769 (id: 0 rack: null)], epoch=0}}.
2025-08-13 16:35:18,010 INFO  [io.api.tes.ser.api.KafkaSerdesTester] (Thread-603) topic-1357c54f_996b_47a5_8628_9b630f357dd0 0 0 {"key11755102912957": "value-0"}
2025-08-13 16:35:18,011 INFO  [io.api.tes.ser.api.KafkaSerdesTester] (Thread-603) topic-1357c54f_996b_47a5_8628_9b630f357dd0 0 1 {"key11755102912957": "value-1"}
2025-08-13 16:35:18,011 INFO  [io.api.tes.ser.api.KafkaSerdesTester] (Thread-603) topic-1357c54f_996b_47a5_8628_9b630f357dd0 0 2 {"key11755102912957": "value-2"}
2025-08-13 16:35:18,011 INFO  [io.api.tes.ser.api.KafkaSerdesTester] (Thread-603) topic-1357c54f_996b_47a5_8628_9b630f357dd0 0 3 {"key11755102912957": "value-3"}
2025-08-13 16:35:18,012 INFO  [io.api.tes.ser.api.KafkaSerdesTester] (Thread-603) topic-1357c54f_996b_47a5_8628_9b630f357dd0 0 4 {"key11755102912957": "value-4"}
2025-08-13 16:35:18,013 INFO  [io.api.tes.ser.api.KafkaSerdesTester] (Thread-603) topic-1357c54f_996b_47a5_8628_9b630f357dd0 0 5 {"key11755102912957": "value-5"}
2025-08-13 16:35:18,015 INFO  [io.api.tes.ser.api.KafkaSerdesTester] (Thread-603) topic-1357c54f_996b_47a5_8628_9b630f357dd0 0 6 {"key11755102912957": "value-6"}
2025-08-13 16:35:18,015 INFO  [io.api.tes.ser.api.KafkaSerdesTester] (Thread-603) topic-1357c54f_996b_47a5_8628_9b630f357dd0 0 7 {"key11755102912957": "value-7"}
2025-08-13 16:35:18,015 INFO  [io.api.tes.ser.api.KafkaSerdesTester] (Thread-603) topic-1357c54f_996b_47a5_8628_9b630f357dd0 0 8 {"key11755102912957": "value-8"}
2025-08-13 16:35:18,016 INFO  [io.api.tes.ser.api.KafkaSerdesTester] (Thread-603) topic-1357c54f_996b_47a5_8628_9b630f357dd0 0 9 {"key11755102912957": "value-9"}
2025-08-13 16:35:18,016 INFO  [io.api.tes.ser.api.KafkaSerdesTester] (Thread-603) Consumed 10 messages
2025-08-13 16:35:18,042 INFO  [org.apa.kaf.cli.con.int.ConsumerRebalanceListenerInvoker] (Thread-603) [Consumer clientId=consumer-Consumer-topic-1357c54f_996b_47a5_8628_9b630f357dd0-1, groupId=Consumer-topic-1357c54f_996b_47a5_8628_9b630f357dd0] Revoke previously assigned partitions topic-1357c54f_996b_47a5_8628_9b630f357dd0-0
2025-08-13 16:35:18,043 INFO  [org.apa.kaf.cli.con.int.ConsumerCoordinator] (Thread-603) [Consumer clientId=consumer-Consumer-topic-1357c54f_996b_47a5_8628_9b630f357dd0-1, groupId=Consumer-topic-1357c54f_996b_47a5_8628_9b630f357dd0] Member consumer-Consumer-topic-1357c54f_996b_47a5_8628_9b630f357dd0-1-08320a12-2a98-454c-8924-e8b0c74a5a3a sending LeaveGroup request to coordinator localhost:32769 (id: 2147483647 rack: null) due to the consumer is being closed
2025-08-13 16:35:18,046 INFO  [org.apa.kaf.cli.con.int.ConsumerCoordinator] (Thread-603) [Consumer clientId=consumer-Consumer-topic-1357c54f_996b_47a5_8628_9b630f357dd0-1, groupId=Consumer-topic-1357c54f_996b_47a5_8628_9b630f357dd0] Resetting generation and member id due to: consumer pro-actively leaving the group
2025-08-13 16:35:18,046 INFO  [org.apa.kaf.cli.con.int.ConsumerCoordinator] (Thread-603) [Consumer clientId=consumer-Consumer-topic-1357c54f_996b_47a5_8628_9b630f357dd0-1, groupId=Consumer-topic-1357c54f_996b_47a5_8628_9b630f357dd0] Request joining group due to: consumer pro-actively leaving the group
2025-08-13 16:35:18,529 INFO  [org.apa.kaf.com.met.Metrics] (Thread-603) Metrics scheduler closed
2025-08-13 16:35:18,529 INFO  [org.apa.kaf.com.met.Metrics] (Thread-603) Closing reporter org.apache.kafka.common.metrics.JmxReporter
2025-08-13 16:35:18,530 INFO  [org.apa.kaf.com.met.Metrics] (Thread-603) Closing reporter org.apache.kafka.common.telemetry.internals.ClientTelemetryReporter
2025-08-13 16:35:18,530 INFO  [org.apa.kaf.com.met.Metrics] (Thread-603) Metrics reporters closed
2025-08-13 16:35:18,536 INFO  [org.apa.kaf.com.uti.AppInfoParser] (Thread-603) App info kafka.consumer for consumer-Consumer-topic-1357c54f_996b_47a5_8628_9b630f357dd0-1 unregistered
2025-08-13 16:35:18,539 INFO  [io.api.tes.uti.TestSeparator] (main) io.apicurio.tests.serdes.apicurio.AvroSerdeIT.testGlobalIdInHeaders-FINISHED
2025-08-13 16:35:18,539 INFO  [io.api.tes.uti.TestSeparator] (main) ############################################################################
Test passed: testGlobalIdInHeaders
]]></system-out>
  </testcase>
  <testcase name="testSimpleTopicIdStrategyFindLatest" classname="io.apicurio.tests.serdes.apicurio.AvroSerdeIT" time="4.824">
    <system-out><![CDATA[2025-08-13 16:35:18,541 INFO  [io.api.tes.uti.TestSeparator] (main) ############################################################################
2025-08-13 16:35:18,541 INFO  [io.api.tes.uti.TestSeparator] (main) io.apicurio.tests.serdes.apicurio.AvroSerdeIT.testSimpleTopicIdStrategyFindLatest-STARTED
2025-08-13 16:35:18,555 INFO  [io.api.tes.ser.api.AvroSerdeIT] (main) Registering Avro Schema: {"type":"record","name":"myrecordapicurio1","fields":[{"name":"key11755102918541","type":"string"}]}
**** Registry Base URL: http://registry-app-inmemory.apps.ci419.apicurio-testing.org:80
2025-08-13 16:35:19,602 INFO  [org.apa.kaf.cli.pro.ProducerConfig] (main) ProducerConfig values: 
	acks = -1
	auto.include.jmx.reporter = true
	batch.size = 16384
	bootstrap.servers = [PLAINTEXT://localhost:32769]
	buffer.memory = 33554432
	client.dns.lookup = use_all_dns_ips
	client.id = Producer-topic-7140d807_fd4e_43c6_9240_89f993e659b6
	compression.gzip.level = -1
	compression.lz4.level = 9
	compression.type = none
	compression.zstd.level = 3
	connections.max.idle.ms = 10000
	delivery.timeout.ms = 120000
	enable.idempotence = true
	enable.metrics.push = true
	interceptor.classes = []
	key.serializer = class org.apache.kafka.common.serialization.StringSerializer
	linger.ms = 0
	max.block.ms = 60000
	max.in.flight.requests.per.connection = 5
	max.request.size = 1048576
	metadata.max.age.ms = 300000
	metadata.max.idle.ms = 300000
	metadata.recovery.strategy = none
	metric.reporters = []
	metrics.num.samples = 2
	metrics.recording.level = INFO
	metrics.sample.window.ms = 30000
	partitioner.adaptive.partitioning.enable = true
	partitioner.availability.timeout.ms = 0
	partitioner.class = null
	partitioner.ignore.keys = false
	receive.buffer.bytes = 32768
	reconnect.backoff.max.ms = 1000
	reconnect.backoff.ms = 50
	request.timeout.ms = 5000
	retries = 2147483647
	retry.backoff.max.ms = 1000
	retry.backoff.ms = 100
	sasl.client.callback.handler.class = null
	sasl.jaas.config = null
	sasl.kerberos.kinit.cmd = /usr/bin/kinit
	sasl.kerberos.min.time.before.relogin = 60000
	sasl.kerberos.service.name = null
	sasl.kerberos.ticket.renew.jitter = 0.05
	sasl.kerberos.ticket.renew.window.factor = 0.8
	sasl.login.callback.handler.class = null
	sasl.login.class = null
	sasl.login.connect.timeout.ms = null
	sasl.login.read.timeout.ms = null
	sasl.login.refresh.buffer.seconds = 300
	sasl.login.refresh.min.period.seconds = 60
	sasl.login.refresh.window.factor = 0.8
	sasl.login.refresh.window.jitter = 0.05
	sasl.login.retry.backoff.max.ms = 10000
	sasl.login.retry.backoff.ms = 100
	sasl.mechanism = GSSAPI
	sasl.oauthbearer.clock.skew.seconds = 30
	sasl.oauthbearer.expected.audience = null
	sasl.oauthbearer.expected.issuer = null
	sasl.oauthbearer.header.urlencode = false
	sasl.oauthbearer.jwks.endpoint.refresh.ms = 3600000
	sasl.oauthbearer.jwks.endpoint.retry.backoff.max.ms = 10000
	sasl.oauthbearer.jwks.endpoint.retry.backoff.ms = 100
	sasl.oauthbearer.jwks.endpoint.url = null
	sasl.oauthbearer.scope.claim.name = scope
	sasl.oauthbearer.sub.claim.name = sub
	sasl.oauthbearer.token.endpoint.url = null
	security.protocol = PLAINTEXT
	security.providers = null
	send.buffer.bytes = 131072
	socket.connection.setup.timeout.max.ms = 30000
	socket.connection.setup.timeout.ms = 10000
	ssl.cipher.suites = null
	ssl.enabled.protocols = [TLSv1.2, TLSv1.3]
	ssl.endpoint.identification.algorithm = https
	ssl.engine.factory.class = null
	ssl.key.password = null
	ssl.keymanager.algorithm = SunX509
	ssl.keystore.certificate.chain = null
	ssl.keystore.key = null
	ssl.keystore.location = null
	ssl.keystore.password = null
	ssl.keystore.type = JKS
	ssl.protocol = TLSv1.3
	ssl.provider = null
	ssl.secure.random.implementation = null
	ssl.trustmanager.algorithm = PKIX
	ssl.truststore.certificates = null
	ssl.truststore.location = null
	ssl.truststore.password = null
	ssl.truststore.type = JKS
	transaction.timeout.ms = 60000
	transactional.id = null
	value.serializer = class io.apicurio.registry.serde.avro.AvroKafkaSerializer

2025-08-13 16:35:19,603 INFO  [org.apa.kaf.com.tel.int.KafkaMetricsCollector] (main) initializing Kafka metrics collector
2025-08-13 16:35:19,608 INFO  [org.apa.kaf.cli.pro.KafkaProducer] (main) [Producer clientId=Producer-topic-7140d807_fd4e_43c6_9240_89f993e659b6] Instantiated an idempotent producer.
2025-08-13 16:35:19,618 INFO  [org.apa.kaf.cli.pro.ProducerConfig] (main) These configurations '[apicurio.registry.find-latest, apicurio.registry.artifact.group-id, apicurio.registry.url, apicurio.registry.artifact-resolver-strategy]' were supplied but are not used yet.
2025-08-13 16:35:19,618 INFO  [org.apa.kaf.com.uti.AppInfoParser] (main) Kafka version: 3.9.1
2025-08-13 16:35:19,618 INFO  [org.apa.kaf.com.uti.AppInfoParser] (main) Kafka commitId: f745dfdcee2b9851
2025-08-13 16:35:19,618 INFO  [org.apa.kaf.com.uti.AppInfoParser] (main) Kafka startTimeMs: 1755102919618
2025-08-13 16:35:19,619 INFO  [io.api.tes.ser.api.SimpleSerdesTesterBuilder$SimpleSerdesTester] (main) Using producer configuration: {apicurio.registry.find-latest=true, apicurio.registry.artifact.group-id=topic-7140d807_fd4e_43c6_9240_89f993e659b6, apicurio.registry.url=http://registry-app-inmemory.apps.ci419.apicurio-testing.org:80/apis/registry/v3, apicurio.registry.artifact-resolver-strategy=io.apicurio.registry.serde.strategy.SimpleTopicIdStrategy, value.serializer=io.apicurio.registry.serde.avro.AvroKafkaSerializer, request.timeout.ms=5000, acks=all, bootstrap.servers=PLAINTEXT://localhost:32769, connections.max.idle.ms=10000, key.serializer=org.apache.kafka.common.serialization.StringSerializer, client.id=Producer-topic-7140d807_fd4e_43c6_9240_89f993e659b6}
2025-08-13 16:35:19,619 INFO  [io.api.tes.ser.api.SimpleSerdesTesterBuilder$SimpleSerdesTester] (main) Using consumer configuration: {}
2025-08-13 16:35:19,621 INFO  [io.api.tes.ser.api.KafkaSerdesTester] (Thread-606) Sending message {"key11755102918541": "value-0"} to topic topic-7140d807_fd4e_43c6_9240_89f993e659b6
2025-08-13 16:35:19,627 INFO  [org.apa.kaf.cli.Metadata] (kafka-producer-network-thread | Producer-topic-7140d807_fd4e_43c6_9240_89f993e659b6) [Producer clientId=Producer-topic-7140d807_fd4e_43c6_9240_89f993e659b6] Cluster ID: Ytz5hAjST9OxAjCVQ_7B1Q
2025-08-13 16:35:19,630 INFO  [org.apa.kaf.cli.pro.int.TransactionManager] (kafka-producer-network-thread | Producer-topic-7140d807_fd4e_43c6_9240_89f993e659b6) [Producer clientId=Producer-topic-7140d807_fd4e_43c6_9240_89f993e659b6] ProducerId set to 1 with epoch 0
2025-08-13 16:35:19,696 INFO  [io.api.tes.ser.api.KafkaSerdesTester] (Thread-606) Sending message {"key11755102918541": "value-1"} to topic topic-7140d807_fd4e_43c6_9240_89f993e659b6
2025-08-13 16:35:19,699 INFO  [io.api.tes.ser.api.KafkaSerdesTester] (Thread-606) Sending message {"key11755102918541": "value-2"} to topic topic-7140d807_fd4e_43c6_9240_89f993e659b6
2025-08-13 16:35:19,702 INFO  [io.api.tes.ser.api.KafkaSerdesTester] (Thread-606) Sending message {"key11755102918541": "value-3"} to topic topic-7140d807_fd4e_43c6_9240_89f993e659b6
2025-08-13 16:35:19,705 INFO  [io.api.tes.ser.api.KafkaSerdesTester] (Thread-606) Sending message {"key11755102918541": "value-4"} to topic topic-7140d807_fd4e_43c6_9240_89f993e659b6
2025-08-13 16:35:19,708 INFO  [io.api.tes.ser.api.KafkaSerdesTester] (Thread-606) Sending message {"key11755102918541": "value-5"} to topic topic-7140d807_fd4e_43c6_9240_89f993e659b6
2025-08-13 16:35:19,712 INFO  [io.api.tes.ser.api.KafkaSerdesTester] (Thread-606) Sending message {"key11755102918541": "value-6"} to topic topic-7140d807_fd4e_43c6_9240_89f993e659b6
2025-08-13 16:35:19,715 INFO  [io.api.tes.ser.api.KafkaSerdesTester] (Thread-606) Sending message {"key11755102918541": "value-7"} to topic topic-7140d807_fd4e_43c6_9240_89f993e659b6
2025-08-13 16:35:19,720 INFO  [io.api.tes.ser.api.KafkaSerdesTester] (Thread-606) Sending message {"key11755102918541": "value-8"} to topic topic-7140d807_fd4e_43c6_9240_89f993e659b6
2025-08-13 16:35:19,723 INFO  [io.api.tes.ser.api.KafkaSerdesTester] (Thread-606) Sending message {"key11755102918541": "value-9"} to topic topic-7140d807_fd4e_43c6_9240_89f993e659b6
2025-08-13 16:35:19,728 INFO  [io.api.tes.ser.api.KafkaSerdesTester] (Thread-606) Produced 10 messages
2025-08-13 16:35:19,728 INFO  [org.apa.kaf.cli.pro.KafkaProducer] (Thread-606) [Producer clientId=Producer-topic-7140d807_fd4e_43c6_9240_89f993e659b6] Closing the Kafka producer with timeoutMillis = 9223372036854775807 ms.
2025-08-13 16:35:19,736 INFO  [org.apa.kaf.com.met.Metrics] (Thread-606) Metrics scheduler closed
2025-08-13 16:35:19,736 INFO  [org.apa.kaf.com.met.Metrics] (Thread-606) Closing reporter org.apache.kafka.common.metrics.JmxReporter
2025-08-13 16:35:19,736 INFO  [org.apa.kaf.com.met.Metrics] (Thread-606) Closing reporter org.apache.kafka.common.telemetry.internals.ClientTelemetryReporter
2025-08-13 16:35:19,736 INFO  [org.apa.kaf.com.met.Metrics] (Thread-606) Metrics reporters closed
2025-08-13 16:35:19,737 INFO  [org.apa.kaf.com.uti.AppInfoParser] (Thread-606) App info kafka.producer for Producer-topic-7140d807_fd4e_43c6_9240_89f993e659b6 unregistered
**** Registry Base URL: http://registry-app-inmemory.apps.ci419.apicurio-testing.org:80
2025-08-13 16:35:19,738 INFO  [org.apa.kaf.cli.con.ConsumerConfig] (main) ConsumerConfig values: 
	allow.auto.create.topics = true
	auto.commit.interval.ms = 500
	auto.include.jmx.reporter = true
	auto.offset.reset = earliest
	bootstrap.servers = [PLAINTEXT://localhost:32769]
	check.crcs = true
	client.dns.lookup = use_all_dns_ips
	client.id = consumer-Consumer-topic-7140d807_fd4e_43c6_9240_89f993e659b6-2
	client.rack = 
	connections.max.idle.ms = 10000
	default.api.timeout.ms = 60000
	enable.auto.commit = true
	enable.metrics.push = true
	exclude.internal.topics = true
	fetch.max.bytes = 52428800
	fetch.max.wait.ms = 500
	fetch.min.bytes = 1
	group.id = Consumer-topic-7140d807_fd4e_43c6_9240_89f993e659b6
	group.instance.id = null
	group.protocol = classic
	group.remote.assignor = null
	heartbeat.interval.ms = 3000
	interceptor.classes = []
	internal.leave.group.on.close = true
	internal.throw.on.fetch.stable.offset.unsupported = false
	isolation.level = read_uncommitted
	key.deserializer = class org.apache.kafka.common.serialization.StringDeserializer
	max.partition.fetch.bytes = 1048576
	max.poll.interval.ms = 300000
	max.poll.records = 500
	metadata.max.age.ms = 300000
	metadata.recovery.strategy = none
	metric.reporters = []
	metrics.num.samples = 2
	metrics.recording.level = INFO
	metrics.sample.window.ms = 30000
	partition.assignment.strategy = [class org.apache.kafka.clients.consumer.RangeAssignor, class org.apache.kafka.clients.consumer.CooperativeStickyAssignor]
	receive.buffer.bytes = 65536
	reconnect.backoff.max.ms = 1000
	reconnect.backoff.ms = 50
	request.timeout.ms = 5000
	retry.backoff.max.ms = 1000
	retry.backoff.ms = 100
	sasl.client.callback.handler.class = null
	sasl.jaas.config = null
	sasl.kerberos.kinit.cmd = /usr/bin/kinit
	sasl.kerberos.min.time.before.relogin = 60000
	sasl.kerberos.service.name = null
	sasl.kerberos.ticket.renew.jitter = 0.05
	sasl.kerberos.ticket.renew.window.factor = 0.8
	sasl.login.callback.handler.class = null
	sasl.login.class = null
	sasl.login.connect.timeout.ms = null
	sasl.login.read.timeout.ms = null
	sasl.login.refresh.buffer.seconds = 300
	sasl.login.refresh.min.period.seconds = 60
	sasl.login.refresh.window.factor = 0.8
	sasl.login.refresh.window.jitter = 0.05
	sasl.login.retry.backoff.max.ms = 10000
	sasl.login.retry.backoff.ms = 100
	sasl.mechanism = GSSAPI
	sasl.oauthbearer.clock.skew.seconds = 30
	sasl.oauthbearer.expected.audience = null
	sasl.oauthbearer.expected.issuer = null
	sasl.oauthbearer.header.urlencode = false
	sasl.oauthbearer.jwks.endpoint.refresh.ms = 3600000
	sasl.oauthbearer.jwks.endpoint.retry.backoff.max.ms = 10000
	sasl.oauthbearer.jwks.endpoint.retry.backoff.ms = 100
	sasl.oauthbearer.jwks.endpoint.url = null
	sasl.oauthbearer.scope.claim.name = scope
	sasl.oauthbearer.sub.claim.name = sub
	sasl.oauthbearer.token.endpoint.url = null
	security.protocol = PLAINTEXT
	security.providers = null
	send.buffer.bytes = 131072
	session.timeout.ms = 45000
	socket.connection.setup.timeout.max.ms = 30000
	socket.connection.setup.timeout.ms = 10000
	ssl.cipher.suites = null
	ssl.enabled.protocols = [TLSv1.2, TLSv1.3]
	ssl.endpoint.identification.algorithm = https
	ssl.engine.factory.class = null
	ssl.key.password = null
	ssl.keymanager.algorithm = SunX509
	ssl.keystore.certificate.chain = null
	ssl.keystore.key = null
	ssl.keystore.location = null
	ssl.keystore.password = null
	ssl.keystore.type = JKS
	ssl.protocol = TLSv1.3
	ssl.provider = null
	ssl.secure.random.implementation = null
	ssl.trustmanager.algorithm = PKIX
	ssl.truststore.certificates = null
	ssl.truststore.location = null
	ssl.truststore.password = null
	ssl.truststore.type = JKS
	value.deserializer = class io.apicurio.registry.serde.avro.AvroKafkaDeserializer

2025-08-13 16:35:19,738 INFO  [org.apa.kaf.com.tel.int.KafkaMetricsCollector] (main) initializing Kafka metrics collector
2025-08-13 16:35:19,755 INFO  [org.apa.kaf.cli.con.ConsumerConfig] (main) These configurations '[apicurio.registry.url]' were supplied but are not used yet.
2025-08-13 16:35:19,755 INFO  [org.apa.kaf.com.uti.AppInfoParser] (main) Kafka version: 3.9.1
2025-08-13 16:35:19,755 INFO  [org.apa.kaf.com.uti.AppInfoParser] (main) Kafka commitId: f745dfdcee2b9851
2025-08-13 16:35:19,755 INFO  [org.apa.kaf.com.uti.AppInfoParser] (main) Kafka startTimeMs: 1755102919755
2025-08-13 16:35:19,761 INFO  [org.apa.kaf.cli.con.int.ClassicKafkaConsumer] (Thread-609) [Consumer clientId=consumer-Consumer-topic-7140d807_fd4e_43c6_9240_89f993e659b6-2, groupId=Consumer-topic-7140d807_fd4e_43c6_9240_89f993e659b6] Subscribed to topic(s): topic-7140d807_fd4e_43c6_9240_89f993e659b6
2025-08-13 16:35:19,772 INFO  [org.apa.kaf.cli.Metadata] (Thread-609) [Consumer clientId=consumer-Consumer-topic-7140d807_fd4e_43c6_9240_89f993e659b6-2, groupId=Consumer-topic-7140d807_fd4e_43c6_9240_89f993e659b6] Cluster ID: Ytz5hAjST9OxAjCVQ_7B1Q
2025-08-13 16:35:19,775 INFO  [org.apa.kaf.cli.con.int.ConsumerCoordinator] (Thread-609) [Consumer clientId=consumer-Consumer-topic-7140d807_fd4e_43c6_9240_89f993e659b6-2, groupId=Consumer-topic-7140d807_fd4e_43c6_9240_89f993e659b6] Discovered group coordinator localhost:32769 (id: 2147483647 rack: null)
2025-08-13 16:35:19,779 INFO  [org.apa.kaf.cli.con.int.ConsumerCoordinator] (Thread-609) [Consumer clientId=consumer-Consumer-topic-7140d807_fd4e_43c6_9240_89f993e659b6-2, groupId=Consumer-topic-7140d807_fd4e_43c6_9240_89f993e659b6] (Re-)joining group
2025-08-13 16:35:19,784 INFO  [org.apa.kaf.cli.con.int.ConsumerCoordinator] (Thread-609) [Consumer clientId=consumer-Consumer-topic-7140d807_fd4e_43c6_9240_89f993e659b6-2, groupId=Consumer-topic-7140d807_fd4e_43c6_9240_89f993e659b6] Request joining group due to: need to re-join with the given member-id: consumer-Consumer-topic-7140d807_fd4e_43c6_9240_89f993e659b6-2-2a5345b9-e071-4fad-8080-c363e730d47a
2025-08-13 16:35:19,784 INFO  [org.apa.kaf.cli.con.int.ConsumerCoordinator] (Thread-609) [Consumer clientId=consumer-Consumer-topic-7140d807_fd4e_43c6_9240_89f993e659b6-2, groupId=Consumer-topic-7140d807_fd4e_43c6_9240_89f993e659b6] (Re-)joining group
2025-08-13 16:35:20,761 INFO  [io.api.tes.ser.api.KafkaSerdesTester] (Thread-609) None found
2025-08-13 16:35:21,761 INFO  [io.api.tes.ser.api.KafkaSerdesTester] (Thread-609) None found
2025-08-13 16:35:22,762 INFO  [io.api.tes.ser.api.KafkaSerdesTester] (Thread-609) None found
2025-08-13 16:35:22,787 INFO  [org.apa.kaf.cli.con.int.ConsumerCoordinator] (Thread-609) [Consumer clientId=consumer-Consumer-topic-7140d807_fd4e_43c6_9240_89f993e659b6-2, groupId=Consumer-topic-7140d807_fd4e_43c6_9240_89f993e659b6] Successfully joined group with generation Generation{generationId=1, memberId='consumer-Consumer-topic-7140d807_fd4e_43c6_9240_89f993e659b6-2-2a5345b9-e071-4fad-8080-c363e730d47a', protocol='range'}
2025-08-13 16:35:22,788 INFO  [org.apa.kaf.cli.con.int.ConsumerCoordinator] (Thread-609) [Consumer clientId=consumer-Consumer-topic-7140d807_fd4e_43c6_9240_89f993e659b6-2, groupId=Consumer-topic-7140d807_fd4e_43c6_9240_89f993e659b6] Finished assignment for group at generation 1: {consumer-Consumer-topic-7140d807_fd4e_43c6_9240_89f993e659b6-2-2a5345b9-e071-4fad-8080-c363e730d47a=Assignment(partitions=[topic-7140d807_fd4e_43c6_9240_89f993e659b6-0])}
2025-08-13 16:35:22,796 INFO  [org.apa.kaf.cli.con.int.ConsumerCoordinator] (kafka-coordinator-heartbeat-thread | Consumer-topic-7140d807_fd4e_43c6_9240_89f993e659b6) [Consumer clientId=consumer-Consumer-topic-7140d807_fd4e_43c6_9240_89f993e659b6-2, groupId=Consumer-topic-7140d807_fd4e_43c6_9240_89f993e659b6] Successfully synced group in generation Generation{generationId=1, memberId='consumer-Consumer-topic-7140d807_fd4e_43c6_9240_89f993e659b6-2-2a5345b9-e071-4fad-8080-c363e730d47a', protocol='range'}
2025-08-13 16:35:22,796 INFO  [org.apa.kaf.cli.con.int.ConsumerCoordinator] (Thread-609) [Consumer clientId=consumer-Consumer-topic-7140d807_fd4e_43c6_9240_89f993e659b6-2, groupId=Consumer-topic-7140d807_fd4e_43c6_9240_89f993e659b6] Notifying assignor about the new Assignment(partitions=[topic-7140d807_fd4e_43c6_9240_89f993e659b6-0])
2025-08-13 16:35:22,796 INFO  [org.apa.kaf.cli.con.int.ConsumerRebalanceListenerInvoker] (Thread-609) [Consumer clientId=consumer-Consumer-topic-7140d807_fd4e_43c6_9240_89f993e659b6-2, groupId=Consumer-topic-7140d807_fd4e_43c6_9240_89f993e659b6] Adding newly assigned partitions: topic-7140d807_fd4e_43c6_9240_89f993e659b6-0
2025-08-13 16:35:22,798 INFO  [org.apa.kaf.cli.con.int.ConsumerCoordinator] (Thread-609) [Consumer clientId=consumer-Consumer-topic-7140d807_fd4e_43c6_9240_89f993e659b6-2, groupId=Consumer-topic-7140d807_fd4e_43c6_9240_89f993e659b6] Found no committed offset for partition topic-7140d807_fd4e_43c6_9240_89f993e659b6-0
2025-08-13 16:35:22,805 INFO  [org.apa.kaf.cli.con.int.SubscriptionState] (Thread-609) [Consumer clientId=consumer-Consumer-topic-7140d807_fd4e_43c6_9240_89f993e659b6-2, groupId=Consumer-topic-7140d807_fd4e_43c6_9240_89f993e659b6] Resetting offset for partition topic-7140d807_fd4e_43c6_9240_89f993e659b6-0 to position FetchPosition{offset=0, offsetEpoch=Optional.empty, currentLeader=LeaderAndEpoch{leader=Optional[localhost:32769 (id: 0 rack: null)], epoch=0}}.
2025-08-13 16:35:22,852 INFO  [io.api.tes.ser.api.KafkaSerdesTester] (Thread-609) topic-7140d807_fd4e_43c6_9240_89f993e659b6 0 0 {"key11755102918541": "value-0"}
2025-08-13 16:35:22,852 INFO  [io.api.tes.ser.api.KafkaSerdesTester] (Thread-609) topic-7140d807_fd4e_43c6_9240_89f993e659b6 0 1 {"key11755102918541": "value-1"}
2025-08-13 16:35:22,852 INFO  [io.api.tes.ser.api.KafkaSerdesTester] (Thread-609) topic-7140d807_fd4e_43c6_9240_89f993e659b6 0 2 {"key11755102918541": "value-2"}
2025-08-13 16:35:22,852 INFO  [io.api.tes.ser.api.KafkaSerdesTester] (Thread-609) topic-7140d807_fd4e_43c6_9240_89f993e659b6 0 3 {"key11755102918541": "value-3"}
2025-08-13 16:35:22,852 INFO  [io.api.tes.ser.api.KafkaSerdesTester] (Thread-609) topic-7140d807_fd4e_43c6_9240_89f993e659b6 0 4 {"key11755102918541": "value-4"}
2025-08-13 16:35:22,852 INFO  [io.api.tes.ser.api.KafkaSerdesTester] (Thread-609) topic-7140d807_fd4e_43c6_9240_89f993e659b6 0 5 {"key11755102918541": "value-5"}
2025-08-13 16:35:22,852 INFO  [io.api.tes.ser.api.KafkaSerdesTester] (Thread-609) topic-7140d807_fd4e_43c6_9240_89f993e659b6 0 6 {"key11755102918541": "value-6"}
2025-08-13 16:35:22,853 INFO  [io.api.tes.ser.api.KafkaSerdesTester] (Thread-609) topic-7140d807_fd4e_43c6_9240_89f993e659b6 0 7 {"key11755102918541": "value-7"}
2025-08-13 16:35:22,853 INFO  [io.api.tes.ser.api.KafkaSerdesTester] (Thread-609) topic-7140d807_fd4e_43c6_9240_89f993e659b6 0 8 {"key11755102918541": "value-8"}
2025-08-13 16:35:22,853 INFO  [io.api.tes.ser.api.KafkaSerdesTester] (Thread-609) topic-7140d807_fd4e_43c6_9240_89f993e659b6 0 9 {"key11755102918541": "value-9"}
2025-08-13 16:35:22,853 INFO  [io.api.tes.ser.api.KafkaSerdesTester] (Thread-609) Consumed 10 messages
2025-08-13 16:35:22,869 INFO  [org.apa.kaf.cli.con.int.ConsumerRebalanceListenerInvoker] (Thread-609) [Consumer clientId=consumer-Consumer-topic-7140d807_fd4e_43c6_9240_89f993e659b6-2, groupId=Consumer-topic-7140d807_fd4e_43c6_9240_89f993e659b6] Revoke previously assigned partitions topic-7140d807_fd4e_43c6_9240_89f993e659b6-0
2025-08-13 16:35:22,869 INFO  [org.apa.kaf.cli.con.int.ConsumerCoordinator] (Thread-609) [Consumer clientId=consumer-Consumer-topic-7140d807_fd4e_43c6_9240_89f993e659b6-2, groupId=Consumer-topic-7140d807_fd4e_43c6_9240_89f993e659b6] Member consumer-Consumer-topic-7140d807_fd4e_43c6_9240_89f993e659b6-2-2a5345b9-e071-4fad-8080-c363e730d47a sending LeaveGroup request to coordinator localhost:32769 (id: 2147483647 rack: null) due to the consumer is being closed
2025-08-13 16:35:22,871 INFO  [org.apa.kaf.cli.con.int.ConsumerCoordinator] (Thread-609) [Consumer clientId=consumer-Consumer-topic-7140d807_fd4e_43c6_9240_89f993e659b6-2, groupId=Consumer-topic-7140d807_fd4e_43c6_9240_89f993e659b6] Resetting generation and member id due to: consumer pro-actively leaving the group
2025-08-13 16:35:22,871 INFO  [org.apa.kaf.cli.con.int.ConsumerCoordinator] (Thread-609) [Consumer clientId=consumer-Consumer-topic-7140d807_fd4e_43c6_9240_89f993e659b6-2, groupId=Consumer-topic-7140d807_fd4e_43c6_9240_89f993e659b6] Request joining group due to: consumer pro-actively leaving the group
2025-08-13 16:35:23,359 INFO  [org.apa.kaf.com.met.Metrics] (Thread-609) Metrics scheduler closed
2025-08-13 16:35:23,359 INFO  [org.apa.kaf.com.met.Metrics] (Thread-609) Closing reporter org.apache.kafka.common.metrics.JmxReporter
2025-08-13 16:35:23,359 INFO  [org.apa.kaf.com.met.Metrics] (Thread-609) Closing reporter org.apache.kafka.common.telemetry.internals.ClientTelemetryReporter
2025-08-13 16:35:23,359 INFO  [org.apa.kaf.com.met.Metrics] (Thread-609) Metrics reporters closed
2025-08-13 16:35:23,364 INFO  [org.apa.kaf.com.uti.AppInfoParser] (Thread-609) App info kafka.consumer for consumer-Consumer-topic-7140d807_fd4e_43c6_9240_89f993e659b6-2 unregistered
2025-08-13 16:35:23,364 INFO  [io.api.tes.uti.TestSeparator] (main) io.apicurio.tests.serdes.apicurio.AvroSerdeIT.testSimpleTopicIdStrategyFindLatest-FINISHED
2025-08-13 16:35:23,364 INFO  [io.api.tes.uti.TestSeparator] (main) ############################################################################
Test passed: testSimpleTopicIdStrategyFindLatest
]]></system-out>
  </testcase>
  <testcase name="testWrongSchema" classname="io.apicurio.tests.serdes.apicurio.AvroSerdeIT" time="1.12">
    <system-out><![CDATA[2025-08-13 16:35:23,365 INFO  [io.api.tes.uti.TestSeparator] (main) ############################################################################
2025-08-13 16:35:23,366 INFO  [io.api.tes.uti.TestSeparator] (main) io.apicurio.tests.serdes.apicurio.AvroSerdeIT.testWrongSchema-STARTED
**** Registry Base URL: http://registry-app-inmemory.apps.ci419.apicurio-testing.org:80
2025-08-13 16:35:24,405 INFO  [org.apa.kaf.cli.pro.ProducerConfig] (main) ProducerConfig values: 
	acks = -1
	auto.include.jmx.reporter = true
	batch.size = 16384
	bootstrap.servers = [PLAINTEXT://localhost:32769]
	buffer.memory = 33554432
	client.dns.lookup = use_all_dns_ips
	client.id = Producer-s6e42ea9fxa94dx4ed5x98b1x4c0d046b11d4
	compression.gzip.level = -1
	compression.lz4.level = 9
	compression.type = none
	compression.zstd.level = 3
	connections.max.idle.ms = 10000
	delivery.timeout.ms = 120000
	enable.idempotence = true
	enable.metrics.push = true
	interceptor.classes = []
	key.serializer = class org.apache.kafka.common.serialization.StringSerializer
	linger.ms = 0
	max.block.ms = 60000
	max.in.flight.requests.per.connection = 5
	max.request.size = 1048576
	metadata.max.age.ms = 300000
	metadata.max.idle.ms = 300000
	metadata.recovery.strategy = none
	metric.reporters = []
	metrics.num.samples = 2
	metrics.recording.level = INFO
	metrics.sample.window.ms = 30000
	partitioner.adaptive.partitioning.enable = true
	partitioner.availability.timeout.ms = 0
	partitioner.class = null
	partitioner.ignore.keys = false
	receive.buffer.bytes = 32768
	reconnect.backoff.max.ms = 1000
	reconnect.backoff.ms = 50
	request.timeout.ms = 5000
	retries = 2147483647
	retry.backoff.max.ms = 1000
	retry.backoff.ms = 100
	sasl.client.callback.handler.class = null
	sasl.jaas.config = null
	sasl.kerberos.kinit.cmd = /usr/bin/kinit
	sasl.kerberos.min.time.before.relogin = 60000
	sasl.kerberos.service.name = null
	sasl.kerberos.ticket.renew.jitter = 0.05
	sasl.kerberos.ticket.renew.window.factor = 0.8
	sasl.login.callback.handler.class = null
	sasl.login.class = null
	sasl.login.connect.timeout.ms = null
	sasl.login.read.timeout.ms = null
	sasl.login.refresh.buffer.seconds = 300
	sasl.login.refresh.min.period.seconds = 60
	sasl.login.refresh.window.factor = 0.8
	sasl.login.refresh.window.jitter = 0.05
	sasl.login.retry.backoff.max.ms = 10000
	sasl.login.retry.backoff.ms = 100
	sasl.mechanism = GSSAPI
	sasl.oauthbearer.clock.skew.seconds = 30
	sasl.oauthbearer.expected.audience = null
	sasl.oauthbearer.expected.issuer = null
	sasl.oauthbearer.header.urlencode = false
	sasl.oauthbearer.jwks.endpoint.refresh.ms = 3600000
	sasl.oauthbearer.jwks.endpoint.retry.backoff.max.ms = 10000
	sasl.oauthbearer.jwks.endpoint.retry.backoff.ms = 100
	sasl.oauthbearer.jwks.endpoint.url = null
	sasl.oauthbearer.scope.claim.name = scope
	sasl.oauthbearer.sub.claim.name = sub
	sasl.oauthbearer.token.endpoint.url = null
	security.protocol = PLAINTEXT
	security.providers = null
	send.buffer.bytes = 131072
	socket.connection.setup.timeout.max.ms = 30000
	socket.connection.setup.timeout.ms = 10000
	ssl.cipher.suites = null
	ssl.enabled.protocols = [TLSv1.2, TLSv1.3]
	ssl.endpoint.identification.algorithm = https
	ssl.engine.factory.class = null
	ssl.key.password = null
	ssl.keymanager.algorithm = SunX509
	ssl.keystore.certificate.chain = null
	ssl.keystore.key = null
	ssl.keystore.location = null
	ssl.keystore.password = null
	ssl.keystore.type = JKS
	ssl.protocol = TLSv1.3
	ssl.provider = null
	ssl.secure.random.implementation = null
	ssl.trustmanager.algorithm = PKIX
	ssl.truststore.certificates = null
	ssl.truststore.location = null
	ssl.truststore.password = null
	ssl.truststore.type = JKS
	transaction.timeout.ms = 60000
	transactional.id = null
	value.serializer = class io.apicurio.registry.serde.avro.AvroKafkaSerializer

2025-08-13 16:35:24,405 INFO  [org.apa.kaf.com.tel.int.KafkaMetricsCollector] (main) initializing Kafka metrics collector
2025-08-13 16:35:24,409 INFO  [org.apa.kaf.cli.pro.KafkaProducer] (main) [Producer clientId=Producer-s6e42ea9fxa94dx4ed5x98b1x4c0d046b11d4] Instantiated an idempotent producer.
2025-08-13 16:35:24,413 INFO  [org.apa.kaf.cli.pro.ProducerConfig] (main) These configurations '[apicurio.registry.find-latest, apicurio.registry.url, apicurio.registry.artifact-resolver-strategy]' were supplied but are not used yet.
2025-08-13 16:35:24,414 INFO  [org.apa.kaf.com.uti.AppInfoParser] (main) Kafka version: 3.9.1
2025-08-13 16:35:24,414 INFO  [org.apa.kaf.com.uti.AppInfoParser] (main) Kafka commitId: f745dfdcee2b9851
2025-08-13 16:35:24,415 INFO  [org.apa.kaf.com.uti.AppInfoParser] (main) Kafka startTimeMs: 1755102924413
2025-08-13 16:35:24,419 INFO  [org.apa.kaf.cli.Metadata] (kafka-producer-network-thread | Producer-s6e42ea9fxa94dx4ed5x98b1x4c0d046b11d4) [Producer clientId=Producer-s6e42ea9fxa94dx4ed5x98b1x4c0d046b11d4] Cluster ID: Ytz5hAjST9OxAjCVQ_7B1Q
2025-08-13 16:35:24,419 INFO  [io.api.tes.ser.api.KafkaSerdesTester] (Thread-612) Sending message {"keyB": "value-0"} to topic s6e42ea9fxa94dx4ed5x98b1x4c0d046b11d4
2025-08-13 16:35:24,419 INFO  [org.apa.kaf.cli.pro.int.TransactionManager] (kafka-producer-network-thread | Producer-s6e42ea9fxa94dx4ed5x98b1x4c0d046b11d4) [Producer clientId=Producer-s6e42ea9fxa94dx4ed5x98b1x4c0d046b11d4] ProducerId set to 2 with epoch 0
2025-08-13 16:35:24,477 INFO  [org.apa.kaf.cli.pro.KafkaProducer] (Thread-612) [Producer clientId=Producer-s6e42ea9fxa94dx4ed5x98b1x4c0d046b11d4] Closing the Kafka producer with timeoutMillis = 9223372036854775807 ms.
2025-08-13 16:35:24,483 INFO  [org.apa.kaf.com.met.Metrics] (Thread-612) Metrics scheduler closed
2025-08-13 16:35:24,483 INFO  [org.apa.kaf.com.met.Metrics] (Thread-612) Closing reporter org.apache.kafka.common.metrics.JmxReporter
2025-08-13 16:35:24,483 INFO  [org.apa.kaf.com.met.Metrics] (Thread-612) Closing reporter org.apache.kafka.common.telemetry.internals.ClientTelemetryReporter
2025-08-13 16:35:24,483 INFO  [org.apa.kaf.com.met.Metrics] (Thread-612) Metrics reporters closed
2025-08-13 16:35:24,484 INFO  [org.apa.kaf.com.uti.AppInfoParser] (Thread-612) App info kafka.producer for Producer-s6e42ea9fxa94dx4ed5x98b1x4c0d046b11d4 unregistered
2025-08-13 16:35:24,485 INFO  [io.api.tes.uti.TestSeparator] (main) io.apicurio.tests.serdes.apicurio.AvroSerdeIT.testWrongSchema-FINISHED
2025-08-13 16:35:24,485 INFO  [io.api.tes.uti.TestSeparator] (main) ############################################################################
Test passed: testWrongSchema
]]></system-out>
    <system-err><![CDATA[io.apicurio.registry.rest.client.models.ProblemDetails
	at io.apicurio.registry.rest.client.models.ProblemDetails.createFromDiscriminatorValue(ProblemDetails.java:58)
	at io.kiota.serialization.json.JsonParseNode.getObjectValue(JsonParseNode.java:247)
	at io.kiota.http.vertx.VertXRequestAdapter.lambda$throwIfFailedResponse$0(VertXRequestAdapter.java:400)
	at com.microsoft.kiota.ApiExceptionBuilder.<init>(ApiExceptionBuilder.java:26)
	at io.kiota.http.vertx.VertXRequestAdapter.throwIfFailedResponse(VertXRequestAdapter.java:399)
	at io.kiota.http.vertx.VertXRequestAdapter.send(VertXRequestAdapter.java:170)
	at io.apicurio.registry.rest.client.groups.item.artifacts.item.versions.item.WithVersionExpressionItemRequestBuilder.get(WithVersionExpressionItemRequestBuilder.java:128)
	at io.apicurio.registry.rest.client.groups.item.artifacts.item.versions.item.WithVersionExpressionItemRequestBuilder.get(WithVersionExpressionItemRequestBuilder.java:111)
	at io.apicurio.registry.resolver.client.RegistryClientFacadeImpl.getVersionCoordinatesByGAV(RegistryClientFacadeImpl.java:159)
	at io.apicurio.registry.resolver.DefaultSchemaResolver.resolveByCoordinates(DefaultSchemaResolver.java:352)
	at io.apicurio.registry.resolver.DefaultSchemaResolver.lambda$resolveSchemaByArtifactReferenceCached$6(DefaultSchemaResolver.java:340)
	at io.apicurio.registry.resolver.cache.ERCache.lambda$getValue$0(ERCache.java:174)
	at io.apicurio.registry.resolver.cache.ERCache.retry(ERCache.java:227)
	at io.apicurio.registry.resolver.cache.ERCache.getValue(ERCache.java:173)
	at io.apicurio.registry.resolver.cache.ERCache.getByArtifactCoordinates(ERCache.java:158)
	at io.apicurio.registry.resolver.DefaultSchemaResolver.resolveSchemaByArtifactReferenceCached(DefaultSchemaResolver.java:338)
	at io.apicurio.registry.resolver.DefaultSchemaResolver.resolveSchemaByCoordinates(DefaultSchemaResolver.java:193)
	at io.apicurio.registry.resolver.DefaultSchemaResolver.getSchemaFromRegistry(DefaultSchemaResolver.java:130)
	at io.apicurio.registry.resolver.DefaultSchemaResolver.lambda$resolveSchema$0(DefaultSchemaResolver.java:84)
	at java.base/java.util.Optional.orElseGet(Optional.java:364)
	at io.apicurio.registry.resolver.DefaultSchemaResolver.resolveSchema(DefaultSchemaResolver.java:84)
	at io.apicurio.registry.serde.AbstractSerializer.serializeData(AbstractSerializer.java:62)
	at io.apicurio.registry.serde.KafkaSerializer.serialize(KafkaSerializer.java:77)
	at org.apache.kafka.clients.producer.KafkaProducer.doSend(KafkaProducer.java:1046)
	at org.apache.kafka.clients.producer.KafkaProducer.send(KafkaProducer.java:993)
	at org.apache.kafka.clients.producer.KafkaProducer.send(KafkaProducer.java:875)
	at io.apicurio.tests.serdes.apicurio.KafkaSerdesTester.lambda$produceMessages$3(KafkaSerdesTester.java:138)
	at java.base/java.util.concurrent.CompletableFuture$AsyncSupply.run(CompletableFuture.java:1768)
	at java.base/java.lang.Thread.run(Thread.java:840)
]]></system-err>
  </testcase>
  <testcase name="testAvroJSON" classname="io.apicurio.tests.serdes.apicurio.AvroSerdeIT" time="3.869">
    <system-out><![CDATA[2025-08-13 16:35:24,493 INFO  [io.api.tes.uti.TestSeparator] (main) ############################################################################
2025-08-13 16:35:24,493 INFO  [io.api.tes.uti.TestSeparator] (main) io.apicurio.tests.serdes.apicurio.AvroSerdeIT.testAvroJSON-STARTED
**** Registry Base URL: http://registry-app-inmemory.apps.ci419.apicurio-testing.org:80
2025-08-13 16:35:24,498 INFO  [org.apa.kaf.cli.pro.ProducerConfig] (main) ProducerConfig values: 
	acks = -1
	auto.include.jmx.reporter = true
	batch.size = 16384
	bootstrap.servers = [PLAINTEXT://localhost:32769]
	buffer.memory = 33554432
	client.dns.lookup = use_all_dns_ips
	client.id = Producer-topic-880e056c_5fc9_4ea9_a404_ede8550f3140
	compression.gzip.level = -1
	compression.lz4.level = 9
	compression.type = none
	compression.zstd.level = 3
	connections.max.idle.ms = 10000
	delivery.timeout.ms = 120000
	enable.idempotence = true
	enable.metrics.push = true
	interceptor.classes = []
	key.serializer = class org.apache.kafka.common.serialization.StringSerializer
	linger.ms = 0
	max.block.ms = 60000
	max.in.flight.requests.per.connection = 5
	max.request.size = 1048576
	metadata.max.age.ms = 300000
	metadata.max.idle.ms = 300000
	metadata.recovery.strategy = none
	metric.reporters = []
	metrics.num.samples = 2
	metrics.recording.level = INFO
	metrics.sample.window.ms = 30000
	partitioner.adaptive.partitioning.enable = true
	partitioner.availability.timeout.ms = 0
	partitioner.class = null
	partitioner.ignore.keys = false
	receive.buffer.bytes = 32768
	reconnect.backoff.max.ms = 1000
	reconnect.backoff.ms = 50
	request.timeout.ms = 5000
	retries = 2147483647
	retry.backoff.max.ms = 1000
	retry.backoff.ms = 100
	sasl.client.callback.handler.class = null
	sasl.jaas.config = null
	sasl.kerberos.kinit.cmd = /usr/bin/kinit
	sasl.kerberos.min.time.before.relogin = 60000
	sasl.kerberos.service.name = null
	sasl.kerberos.ticket.renew.jitter = 0.05
	sasl.kerberos.ticket.renew.window.factor = 0.8
	sasl.login.callback.handler.class = null
	sasl.login.class = null
	sasl.login.connect.timeout.ms = null
	sasl.login.read.timeout.ms = null
	sasl.login.refresh.buffer.seconds = 300
	sasl.login.refresh.min.period.seconds = 60
	sasl.login.refresh.window.factor = 0.8
	sasl.login.refresh.window.jitter = 0.05
	sasl.login.retry.backoff.max.ms = 10000
	sasl.login.retry.backoff.ms = 100
	sasl.mechanism = GSSAPI
	sasl.oauthbearer.clock.skew.seconds = 30
	sasl.oauthbearer.expected.audience = null
	sasl.oauthbearer.expected.issuer = null
	sasl.oauthbearer.header.urlencode = false
	sasl.oauthbearer.jwks.endpoint.refresh.ms = 3600000
	sasl.oauthbearer.jwks.endpoint.retry.backoff.max.ms = 10000
	sasl.oauthbearer.jwks.endpoint.retry.backoff.ms = 100
	sasl.oauthbearer.jwks.endpoint.url = null
	sasl.oauthbearer.scope.claim.name = scope
	sasl.oauthbearer.sub.claim.name = sub
	sasl.oauthbearer.token.endpoint.url = null
	security.protocol = PLAINTEXT
	security.providers = null
	send.buffer.bytes = 131072
	socket.connection.setup.timeout.max.ms = 30000
	socket.connection.setup.timeout.ms = 10000
	ssl.cipher.suites = null
	ssl.enabled.protocols = [TLSv1.2, TLSv1.3]
	ssl.endpoint.identification.algorithm = https
	ssl.engine.factory.class = null
	ssl.key.password = null
	ssl.keymanager.algorithm = SunX509
	ssl.keystore.certificate.chain = null
	ssl.keystore.key = null
	ssl.keystore.location = null
	ssl.keystore.password = null
	ssl.keystore.type = JKS
	ssl.protocol = TLSv1.3
	ssl.provider = null
	ssl.secure.random.implementation = null
	ssl.trustmanager.algorithm = PKIX
	ssl.truststore.certificates = null
	ssl.truststore.location = null
	ssl.truststore.password = null
	ssl.truststore.type = JKS
	transaction.timeout.ms = 60000
	transactional.id = null
	value.serializer = class io.apicurio.registry.serde.avro.AvroKafkaSerializer

2025-08-13 16:35:24,500 INFO  [org.apa.kaf.com.tel.int.KafkaMetricsCollector] (main) initializing Kafka metrics collector
2025-08-13 16:35:24,507 INFO  [org.apa.kaf.cli.pro.KafkaProducer] (main) [Producer clientId=Producer-topic-880e056c_5fc9_4ea9_a404_ede8550f3140] Instantiated an idempotent producer.
2025-08-13 16:35:24,512 INFO  [org.apa.kaf.cli.pro.ProducerConfig] (main) These configurations '[apicurio.registry.avro.encoding, apicurio.registry.url, apicurio.registry.auto-register, apicurio.registry.artifact-resolver-strategy]' were supplied but are not used yet.
2025-08-13 16:35:24,514 INFO  [org.apa.kaf.com.uti.AppInfoParser] (main) Kafka version: 3.9.1
2025-08-13 16:35:24,515 INFO  [org.apa.kaf.com.uti.AppInfoParser] (main) Kafka commitId: f745dfdcee2b9851
2025-08-13 16:35:24,515 INFO  [org.apa.kaf.com.uti.AppInfoParser] (main) Kafka startTimeMs: 1755102924514
2025-08-13 16:35:24,516 INFO  [io.api.tes.ser.api.SimpleSerdesTesterBuilder$SimpleSerdesTester] (main) Using producer configuration: {apicurio.registry.avro.encoding=JSON, apicurio.registry.url=http://registry-app-inmemory.apps.ci419.apicurio-testing.org:80/apis/registry/v3, apicurio.registry.auto-register=true, apicurio.registry.artifact-resolver-strategy=io.apicurio.registry.serde.strategy.TopicIdStrategy, value.serializer=io.apicurio.registry.serde.avro.AvroKafkaSerializer, request.timeout.ms=5000, acks=all, bootstrap.servers=PLAINTEXT://localhost:32769, connections.max.idle.ms=10000, key.serializer=org.apache.kafka.common.serialization.StringSerializer, client.id=Producer-topic-880e056c_5fc9_4ea9_a404_ede8550f3140}
2025-08-13 16:35:24,516 INFO  [io.api.tes.ser.api.SimpleSerdesTesterBuilder$SimpleSerdesTester] (main) Using consumer configuration: {apicurio.registry.avro.encoding=JSON}
2025-08-13 16:35:24,518 INFO  [io.api.tes.ser.api.KafkaSerdesTester] (Thread-615) Sending message {"bar": "value-0"} to topic topic-880e056c_5fc9_4ea9_a404_ede8550f3140
2025-08-13 16:35:24,519 INFO  [org.apa.kaf.cli.Metadata] (kafka-producer-network-thread | Producer-topic-880e056c_5fc9_4ea9_a404_ede8550f3140) [Producer clientId=Producer-topic-880e056c_5fc9_4ea9_a404_ede8550f3140] Cluster ID: Ytz5hAjST9OxAjCVQ_7B1Q
2025-08-13 16:35:24,520 INFO  [org.apa.kaf.cli.pro.int.TransactionManager] (kafka-producer-network-thread | Producer-topic-880e056c_5fc9_4ea9_a404_ede8550f3140) [Producer clientId=Producer-topic-880e056c_5fc9_4ea9_a404_ede8550f3140] ProducerId set to 3 with epoch 0
2025-08-13 16:35:24,528 WARN  [org.apa.kaf.cli.NetworkClient] (kafka-producer-network-thread | Producer-topic-880e056c_5fc9_4ea9_a404_ede8550f3140) [Producer clientId=Producer-topic-880e056c_5fc9_4ea9_a404_ede8550f3140] The metadata response from the cluster reported a recoverable issue with correlation id 5 : {topic-880e056c_5fc9_4ea9_a404_ede8550f3140=UNKNOWN_TOPIC_OR_PARTITION}
2025-08-13 16:35:24,686 INFO  [io.api.tes.ser.api.KafkaSerdesTester] (Thread-615) Sending message {"bar": "value-1"} to topic topic-880e056c_5fc9_4ea9_a404_ede8550f3140
2025-08-13 16:35:24,693 INFO  [io.api.tes.ser.api.KafkaSerdesTester] (Thread-615) Sending message {"bar": "value-2"} to topic topic-880e056c_5fc9_4ea9_a404_ede8550f3140
2025-08-13 16:35:24,697 INFO  [io.api.tes.ser.api.KafkaSerdesTester] (Thread-615) Sending message {"bar": "value-3"} to topic topic-880e056c_5fc9_4ea9_a404_ede8550f3140
2025-08-13 16:35:24,701 INFO  [io.api.tes.ser.api.KafkaSerdesTester] (Thread-615) Sending message {"bar": "value-4"} to topic topic-880e056c_5fc9_4ea9_a404_ede8550f3140
2025-08-13 16:35:24,704 INFO  [io.api.tes.ser.api.KafkaSerdesTester] (Thread-615) Sending message {"bar": "value-5"} to topic topic-880e056c_5fc9_4ea9_a404_ede8550f3140
2025-08-13 16:35:24,707 INFO  [io.api.tes.ser.api.KafkaSerdesTester] (Thread-615) Sending message {"bar": "value-6"} to topic topic-880e056c_5fc9_4ea9_a404_ede8550f3140
2025-08-13 16:35:24,709 INFO  [io.api.tes.ser.api.KafkaSerdesTester] (Thread-615) Sending message {"bar": "value-7"} to topic topic-880e056c_5fc9_4ea9_a404_ede8550f3140
2025-08-13 16:35:24,711 INFO  [io.api.tes.ser.api.KafkaSerdesTester] (Thread-615) Sending message {"bar": "value-8"} to topic topic-880e056c_5fc9_4ea9_a404_ede8550f3140
2025-08-13 16:35:24,714 INFO  [io.api.tes.ser.api.KafkaSerdesTester] (Thread-615) Sending message {"bar": "value-9"} to topic topic-880e056c_5fc9_4ea9_a404_ede8550f3140
2025-08-13 16:35:24,719 INFO  [io.api.tes.ser.api.KafkaSerdesTester] (Thread-615) Produced 10 messages
2025-08-13 16:35:24,719 INFO  [org.apa.kaf.cli.pro.KafkaProducer] (Thread-615) [Producer clientId=Producer-topic-880e056c_5fc9_4ea9_a404_ede8550f3140] Closing the Kafka producer with timeoutMillis = 9223372036854775807 ms.
2025-08-13 16:35:24,723 INFO  [org.apa.kaf.com.met.Metrics] (Thread-615) Metrics scheduler closed
2025-08-13 16:35:24,723 INFO  [org.apa.kaf.com.met.Metrics] (Thread-615) Closing reporter org.apache.kafka.common.metrics.JmxReporter
2025-08-13 16:35:24,723 INFO  [org.apa.kaf.com.met.Metrics] (Thread-615) Closing reporter org.apache.kafka.common.telemetry.internals.ClientTelemetryReporter
2025-08-13 16:35:24,723 INFO  [org.apa.kaf.com.met.Metrics] (Thread-615) Metrics reporters closed
2025-08-13 16:35:24,723 INFO  [org.apa.kaf.com.uti.AppInfoParser] (Thread-615) App info kafka.producer for Producer-topic-880e056c_5fc9_4ea9_a404_ede8550f3140 unregistered
**** Registry Base URL: http://registry-app-inmemory.apps.ci419.apicurio-testing.org:80
2025-08-13 16:35:24,748 INFO  [org.apa.kaf.cli.con.ConsumerConfig] (main) ConsumerConfig values: 
	allow.auto.create.topics = true
	auto.commit.interval.ms = 500
	auto.include.jmx.reporter = true
	auto.offset.reset = earliest
	bootstrap.servers = [PLAINTEXT://localhost:32769]
	check.crcs = true
	client.dns.lookup = use_all_dns_ips
	client.id = consumer-Consumer-topic-880e056c_5fc9_4ea9_a404_ede8550f3140-3
	client.rack = 
	connections.max.idle.ms = 10000
	default.api.timeout.ms = 60000
	enable.auto.commit = true
	enable.metrics.push = true
	exclude.internal.topics = true
	fetch.max.bytes = 52428800
	fetch.max.wait.ms = 500
	fetch.min.bytes = 1
	group.id = Consumer-topic-880e056c_5fc9_4ea9_a404_ede8550f3140
	group.instance.id = null
	group.protocol = classic
	group.remote.assignor = null
	heartbeat.interval.ms = 3000
	interceptor.classes = []
	internal.leave.group.on.close = true
	internal.throw.on.fetch.stable.offset.unsupported = false
	isolation.level = read_uncommitted
	key.deserializer = class org.apache.kafka.common.serialization.StringDeserializer
	max.partition.fetch.bytes = 1048576
	max.poll.interval.ms = 300000
	max.poll.records = 500
	metadata.max.age.ms = 300000
	metadata.recovery.strategy = none
	metric.reporters = []
	metrics.num.samples = 2
	metrics.recording.level = INFO
	metrics.sample.window.ms = 30000
	partition.assignment.strategy = [class org.apache.kafka.clients.consumer.RangeAssignor, class org.apache.kafka.clients.consumer.CooperativeStickyAssignor]
	receive.buffer.bytes = 65536
	reconnect.backoff.max.ms = 1000
	reconnect.backoff.ms = 50
	request.timeout.ms = 5000
	retry.backoff.max.ms = 1000
	retry.backoff.ms = 100
	sasl.client.callback.handler.class = null
	sasl.jaas.config = null
	sasl.kerberos.kinit.cmd = /usr/bin/kinit
	sasl.kerberos.min.time.before.relogin = 60000
	sasl.kerberos.service.name = null
	sasl.kerberos.ticket.renew.jitter = 0.05
	sasl.kerberos.ticket.renew.window.factor = 0.8
	sasl.login.callback.handler.class = null
	sasl.login.class = null
	sasl.login.connect.timeout.ms = null
	sasl.login.read.timeout.ms = null
	sasl.login.refresh.buffer.seconds = 300
	sasl.login.refresh.min.period.seconds = 60
	sasl.login.refresh.window.factor = 0.8
	sasl.login.refresh.window.jitter = 0.05
	sasl.login.retry.backoff.max.ms = 10000
	sasl.login.retry.backoff.ms = 100
	sasl.mechanism = GSSAPI
	sasl.oauthbearer.clock.skew.seconds = 30
	sasl.oauthbearer.expected.audience = null
	sasl.oauthbearer.expected.issuer = null
	sasl.oauthbearer.header.urlencode = false
	sasl.oauthbearer.jwks.endpoint.refresh.ms = 3600000
	sasl.oauthbearer.jwks.endpoint.retry.backoff.max.ms = 10000
	sasl.oauthbearer.jwks.endpoint.retry.backoff.ms = 100
	sasl.oauthbearer.jwks.endpoint.url = null
	sasl.oauthbearer.scope.claim.name = scope
	sasl.oauthbearer.sub.claim.name = sub
	sasl.oauthbearer.token.endpoint.url = null
	security.protocol = PLAINTEXT
	security.providers = null
	send.buffer.bytes = 131072
	session.timeout.ms = 45000
	socket.connection.setup.timeout.max.ms = 30000
	socket.connection.setup.timeout.ms = 10000
	ssl.cipher.suites = null
	ssl.enabled.protocols = [TLSv1.2, TLSv1.3]
	ssl.endpoint.identification.algorithm = https
	ssl.engine.factory.class = null
	ssl.key.password = null
	ssl.keymanager.algorithm = SunX509
	ssl.keystore.certificate.chain = null
	ssl.keystore.key = null
	ssl.keystore.location = null
	ssl.keystore.password = null
	ssl.keystore.type = JKS
	ssl.protocol = TLSv1.3
	ssl.provider = null
	ssl.secure.random.implementation = null
	ssl.trustmanager.algorithm = PKIX
	ssl.truststore.certificates = null
	ssl.truststore.location = null
	ssl.truststore.password = null
	ssl.truststore.type = JKS
	value.deserializer = class io.apicurio.registry.serde.avro.AvroKafkaDeserializer

2025-08-13 16:35:24,749 INFO  [org.apa.kaf.com.tel.int.KafkaMetricsCollector] (main) initializing Kafka metrics collector
2025-08-13 16:35:24,756 INFO  [org.apa.kaf.cli.con.ConsumerConfig] (main) These configurations '[apicurio.registry.avro.encoding, apicurio.registry.url]' were supplied but are not used yet.
2025-08-13 16:35:24,757 INFO  [org.apa.kaf.com.uti.AppInfoParser] (main) Kafka version: 3.9.1
2025-08-13 16:35:24,757 INFO  [org.apa.kaf.com.uti.AppInfoParser] (main) Kafka commitId: f745dfdcee2b9851
2025-08-13 16:35:24,757 INFO  [org.apa.kaf.com.uti.AppInfoParser] (main) Kafka startTimeMs: 1755102924757
2025-08-13 16:35:24,757 INFO  [org.apa.kaf.cli.con.int.ClassicKafkaConsumer] (Thread-618) [Consumer clientId=consumer-Consumer-topic-880e056c_5fc9_4ea9_a404_ede8550f3140-3, groupId=Consumer-topic-880e056c_5fc9_4ea9_a404_ede8550f3140] Subscribed to topic(s): topic-880e056c_5fc9_4ea9_a404_ede8550f3140
2025-08-13 16:35:24,776 INFO  [org.apa.kaf.cli.Metadata] (Thread-618) [Consumer clientId=consumer-Consumer-topic-880e056c_5fc9_4ea9_a404_ede8550f3140-3, groupId=Consumer-topic-880e056c_5fc9_4ea9_a404_ede8550f3140] Cluster ID: Ytz5hAjST9OxAjCVQ_7B1Q
2025-08-13 16:35:24,779 INFO  [org.apa.kaf.cli.con.int.ConsumerCoordinator] (Thread-618) [Consumer clientId=consumer-Consumer-topic-880e056c_5fc9_4ea9_a404_ede8550f3140-3, groupId=Consumer-topic-880e056c_5fc9_4ea9_a404_ede8550f3140] Discovered group coordinator localhost:32769 (id: 2147483647 rack: null)
2025-08-13 16:35:24,783 INFO  [org.apa.kaf.cli.con.int.ConsumerCoordinator] (Thread-618) [Consumer clientId=consumer-Consumer-topic-880e056c_5fc9_4ea9_a404_ede8550f3140-3, groupId=Consumer-topic-880e056c_5fc9_4ea9_a404_ede8550f3140] (Re-)joining group
2025-08-13 16:35:24,790 INFO  [org.apa.kaf.cli.con.int.ConsumerCoordinator] (Thread-618) [Consumer clientId=consumer-Consumer-topic-880e056c_5fc9_4ea9_a404_ede8550f3140-3, groupId=Consumer-topic-880e056c_5fc9_4ea9_a404_ede8550f3140] Request joining group due to: need to re-join with the given member-id: consumer-Consumer-topic-880e056c_5fc9_4ea9_a404_ede8550f3140-3-8e50701e-4343-4b30-b42d-fa1191686bed
2025-08-13 16:35:24,790 INFO  [org.apa.kaf.cli.con.int.ConsumerCoordinator] (Thread-618) [Consumer clientId=consumer-Consumer-topic-880e056c_5fc9_4ea9_a404_ede8550f3140-3, groupId=Consumer-topic-880e056c_5fc9_4ea9_a404_ede8550f3140] (Re-)joining group
2025-08-13 16:35:25,757 INFO  [io.api.tes.ser.api.KafkaSerdesTester] (Thread-618) None found
2025-08-13 16:35:26,757 INFO  [io.api.tes.ser.api.KafkaSerdesTester] (Thread-618) None found
2025-08-13 16:35:27,759 INFO  [io.api.tes.ser.api.KafkaSerdesTester] (Thread-618) None found
2025-08-13 16:35:27,792 INFO  [org.apa.kaf.cli.con.int.ConsumerCoordinator] (Thread-618) [Consumer clientId=consumer-Consumer-topic-880e056c_5fc9_4ea9_a404_ede8550f3140-3, groupId=Consumer-topic-880e056c_5fc9_4ea9_a404_ede8550f3140] Successfully joined group with generation Generation{generationId=1, memberId='consumer-Consumer-topic-880e056c_5fc9_4ea9_a404_ede8550f3140-3-8e50701e-4343-4b30-b42d-fa1191686bed', protocol='range'}
2025-08-13 16:35:27,793 INFO  [org.apa.kaf.cli.con.int.ConsumerCoordinator] (Thread-618) [Consumer clientId=consumer-Consumer-topic-880e056c_5fc9_4ea9_a404_ede8550f3140-3, groupId=Consumer-topic-880e056c_5fc9_4ea9_a404_ede8550f3140] Finished assignment for group at generation 1: {consumer-Consumer-topic-880e056c_5fc9_4ea9_a404_ede8550f3140-3-8e50701e-4343-4b30-b42d-fa1191686bed=Assignment(partitions=[topic-880e056c_5fc9_4ea9_a404_ede8550f3140-0])}
2025-08-13 16:35:27,801 INFO  [org.apa.kaf.cli.con.int.ConsumerCoordinator] (Thread-618) [Consumer clientId=consumer-Consumer-topic-880e056c_5fc9_4ea9_a404_ede8550f3140-3, groupId=Consumer-topic-880e056c_5fc9_4ea9_a404_ede8550f3140] Successfully synced group in generation Generation{generationId=1, memberId='consumer-Consumer-topic-880e056c_5fc9_4ea9_a404_ede8550f3140-3-8e50701e-4343-4b30-b42d-fa1191686bed', protocol='range'}
2025-08-13 16:35:27,801 INFO  [org.apa.kaf.cli.con.int.ConsumerCoordinator] (Thread-618) [Consumer clientId=consumer-Consumer-topic-880e056c_5fc9_4ea9_a404_ede8550f3140-3, groupId=Consumer-topic-880e056c_5fc9_4ea9_a404_ede8550f3140] Notifying assignor about the new Assignment(partitions=[topic-880e056c_5fc9_4ea9_a404_ede8550f3140-0])
2025-08-13 16:35:27,801 INFO  [org.apa.kaf.cli.con.int.ConsumerRebalanceListenerInvoker] (Thread-618) [Consumer clientId=consumer-Consumer-topic-880e056c_5fc9_4ea9_a404_ede8550f3140-3, groupId=Consumer-topic-880e056c_5fc9_4ea9_a404_ede8550f3140] Adding newly assigned partitions: topic-880e056c_5fc9_4ea9_a404_ede8550f3140-0
2025-08-13 16:35:27,802 INFO  [org.apa.kaf.cli.con.int.ConsumerCoordinator] (Thread-618) [Consumer clientId=consumer-Consumer-topic-880e056c_5fc9_4ea9_a404_ede8550f3140-3, groupId=Consumer-topic-880e056c_5fc9_4ea9_a404_ede8550f3140] Found no committed offset for partition topic-880e056c_5fc9_4ea9_a404_ede8550f3140-0
2025-08-13 16:35:27,809 INFO  [org.apa.kaf.cli.con.int.SubscriptionState] (Thread-618) [Consumer clientId=consumer-Consumer-topic-880e056c_5fc9_4ea9_a404_ede8550f3140-3, groupId=Consumer-topic-880e056c_5fc9_4ea9_a404_ede8550f3140] Resetting offset for partition topic-880e056c_5fc9_4ea9_a404_ede8550f3140-0 to position FetchPosition{offset=0, offsetEpoch=Optional.empty, currentLeader=LeaderAndEpoch{leader=Optional[localhost:32769 (id: 0 rack: null)], epoch=0}}.
2025-08-13 16:35:27,852 INFO  [io.api.tes.ser.api.KafkaSerdesTester] (Thread-618) topic-880e056c_5fc9_4ea9_a404_ede8550f3140 0 0 {"bar": "value-0"}
2025-08-13 16:35:27,852 INFO  [io.api.tes.ser.api.KafkaSerdesTester] (Thread-618) topic-880e056c_5fc9_4ea9_a404_ede8550f3140 0 1 {"bar": "value-1"}
2025-08-13 16:35:27,853 INFO  [io.api.tes.ser.api.KafkaSerdesTester] (Thread-618) topic-880e056c_5fc9_4ea9_a404_ede8550f3140 0 2 {"bar": "value-2"}
2025-08-13 16:35:27,853 INFO  [io.api.tes.ser.api.KafkaSerdesTester] (Thread-618) topic-880e056c_5fc9_4ea9_a404_ede8550f3140 0 3 {"bar": "value-3"}
2025-08-13 16:35:27,853 INFO  [io.api.tes.ser.api.KafkaSerdesTester] (Thread-618) topic-880e056c_5fc9_4ea9_a404_ede8550f3140 0 4 {"bar": "value-4"}
2025-08-13 16:35:27,854 INFO  [io.api.tes.ser.api.KafkaSerdesTester] (Thread-618) topic-880e056c_5fc9_4ea9_a404_ede8550f3140 0 5 {"bar": "value-5"}
2025-08-13 16:35:27,854 INFO  [io.api.tes.ser.api.KafkaSerdesTester] (Thread-618) topic-880e056c_5fc9_4ea9_a404_ede8550f3140 0 6 {"bar": "value-6"}
2025-08-13 16:35:27,854 INFO  [io.api.tes.ser.api.KafkaSerdesTester] (Thread-618) topic-880e056c_5fc9_4ea9_a404_ede8550f3140 0 7 {"bar": "value-7"}
2025-08-13 16:35:27,854 INFO  [io.api.tes.ser.api.KafkaSerdesTester] (Thread-618) topic-880e056c_5fc9_4ea9_a404_ede8550f3140 0 8 {"bar": "value-8"}
2025-08-13 16:35:27,854 INFO  [io.api.tes.ser.api.KafkaSerdesTester] (Thread-618) topic-880e056c_5fc9_4ea9_a404_ede8550f3140 0 9 {"bar": "value-9"}
2025-08-13 16:35:27,854 INFO  [io.api.tes.ser.api.KafkaSerdesTester] (Thread-618) Consumed 10 messages
2025-08-13 16:35:27,866 INFO  [org.apa.kaf.cli.con.int.ConsumerRebalanceListenerInvoker] (Thread-618) [Consumer clientId=consumer-Consumer-topic-880e056c_5fc9_4ea9_a404_ede8550f3140-3, groupId=Consumer-topic-880e056c_5fc9_4ea9_a404_ede8550f3140] Revoke previously assigned partitions topic-880e056c_5fc9_4ea9_a404_ede8550f3140-0
2025-08-13 16:35:27,867 INFO  [org.apa.kaf.cli.con.int.ConsumerCoordinator] (Thread-618) [Consumer clientId=consumer-Consumer-topic-880e056c_5fc9_4ea9_a404_ede8550f3140-3, groupId=Consumer-topic-880e056c_5fc9_4ea9_a404_ede8550f3140] Member consumer-Consumer-topic-880e056c_5fc9_4ea9_a404_ede8550f3140-3-8e50701e-4343-4b30-b42d-fa1191686bed sending LeaveGroup request to coordinator localhost:32769 (id: 2147483647 rack: null) due to the consumer is being closed
2025-08-13 16:35:27,867 INFO  [org.apa.kaf.cli.con.int.ConsumerCoordinator] (Thread-618) [Consumer clientId=consumer-Consumer-topic-880e056c_5fc9_4ea9_a404_ede8550f3140-3, groupId=Consumer-topic-880e056c_5fc9_4ea9_a404_ede8550f3140] Resetting generation and member id due to: consumer pro-actively leaving the group
2025-08-13 16:35:27,868 INFO  [org.apa.kaf.cli.con.int.ConsumerCoordinator] (Thread-618) [Consumer clientId=consumer-Consumer-topic-880e056c_5fc9_4ea9_a404_ede8550f3140-3, groupId=Consumer-topic-880e056c_5fc9_4ea9_a404_ede8550f3140] Request joining group due to: consumer pro-actively leaving the group
2025-08-13 16:35:28,355 INFO  [org.apa.kaf.com.met.Metrics] (Thread-618) Metrics scheduler closed
2025-08-13 16:35:28,355 INFO  [org.apa.kaf.com.met.Metrics] (Thread-618) Closing reporter org.apache.kafka.common.metrics.JmxReporter
2025-08-13 16:35:28,355 INFO  [org.apa.kaf.com.met.Metrics] (Thread-618) Closing reporter org.apache.kafka.common.telemetry.internals.ClientTelemetryReporter
2025-08-13 16:35:28,355 INFO  [org.apa.kaf.com.met.Metrics] (Thread-618) Metrics reporters closed
2025-08-13 16:35:28,360 INFO  [org.apa.kaf.com.uti.AppInfoParser] (Thread-618) App info kafka.consumer for consumer-Consumer-topic-880e056c_5fc9_4ea9_a404_ede8550f3140-3 unregistered
2025-08-13 16:35:28,361 INFO  [io.api.tes.uti.TestSeparator] (main) io.apicurio.tests.serdes.apicurio.AvroSerdeIT.testAvroJSON-FINISHED
2025-08-13 16:35:28,361 INFO  [io.api.tes.uti.TestSeparator] (main) ############################################################################
Test passed: testAvroJSON
]]></system-out>
  </testcase>
  <testcase name="testTopicIdStrategyAutoRegister" classname="io.apicurio.tests.serdes.apicurio.AvroSerdeIT" time="3.856">
    <system-out><![CDATA[2025-08-13 16:35:28,363 INFO  [io.api.tes.uti.TestSeparator] (main) ############################################################################
2025-08-13 16:35:28,364 INFO  [io.api.tes.uti.TestSeparator] (main) io.apicurio.tests.serdes.apicurio.AvroSerdeIT.testTopicIdStrategyAutoRegister-STARTED
**** Registry Base URL: http://registry-app-inmemory.apps.ci419.apicurio-testing.org:80
2025-08-13 16:35:28,371 INFO  [org.apa.kaf.cli.pro.ProducerConfig] (main) ProducerConfig values: 
	acks = -1
	auto.include.jmx.reporter = true
	batch.size = 16384
	bootstrap.servers = [PLAINTEXT://localhost:32769]
	buffer.memory = 33554432
	client.dns.lookup = use_all_dns_ips
	client.id = Producer-topic-5f6136df_041e_42d4_b163_11156315490b
	compression.gzip.level = -1
	compression.lz4.level = 9
	compression.type = none
	compression.zstd.level = 3
	connections.max.idle.ms = 10000
	delivery.timeout.ms = 120000
	enable.idempotence = true
	enable.metrics.push = true
	interceptor.classes = []
	key.serializer = class org.apache.kafka.common.serialization.StringSerializer
	linger.ms = 0
	max.block.ms = 60000
	max.in.flight.requests.per.connection = 5
	max.request.size = 1048576
	metadata.max.age.ms = 300000
	metadata.max.idle.ms = 300000
	metadata.recovery.strategy = none
	metric.reporters = []
	metrics.num.samples = 2
	metrics.recording.level = INFO
	metrics.sample.window.ms = 30000
	partitioner.adaptive.partitioning.enable = true
	partitioner.availability.timeout.ms = 0
	partitioner.class = null
	partitioner.ignore.keys = false
	receive.buffer.bytes = 32768
	reconnect.backoff.max.ms = 1000
	reconnect.backoff.ms = 50
	request.timeout.ms = 5000
	retries = 2147483647
	retry.backoff.max.ms = 1000
	retry.backoff.ms = 100
	sasl.client.callback.handler.class = null
	sasl.jaas.config = null
	sasl.kerberos.kinit.cmd = /usr/bin/kinit
	sasl.kerberos.min.time.before.relogin = 60000
	sasl.kerberos.service.name = null
	sasl.kerberos.ticket.renew.jitter = 0.05
	sasl.kerberos.ticket.renew.window.factor = 0.8
	sasl.login.callback.handler.class = null
	sasl.login.class = null
	sasl.login.connect.timeout.ms = null
	sasl.login.read.timeout.ms = null
	sasl.login.refresh.buffer.seconds = 300
	sasl.login.refresh.min.period.seconds = 60
	sasl.login.refresh.window.factor = 0.8
	sasl.login.refresh.window.jitter = 0.05
	sasl.login.retry.backoff.max.ms = 10000
	sasl.login.retry.backoff.ms = 100
	sasl.mechanism = GSSAPI
	sasl.oauthbearer.clock.skew.seconds = 30
	sasl.oauthbearer.expected.audience = null
	sasl.oauthbearer.expected.issuer = null
	sasl.oauthbearer.header.urlencode = false
	sasl.oauthbearer.jwks.endpoint.refresh.ms = 3600000
	sasl.oauthbearer.jwks.endpoint.retry.backoff.max.ms = 10000
	sasl.oauthbearer.jwks.endpoint.retry.backoff.ms = 100
	sasl.oauthbearer.jwks.endpoint.url = null
	sasl.oauthbearer.scope.claim.name = scope
	sasl.oauthbearer.sub.claim.name = sub
	sasl.oauthbearer.token.endpoint.url = null
	security.protocol = PLAINTEXT
	security.providers = null
	send.buffer.bytes = 131072
	socket.connection.setup.timeout.max.ms = 30000
	socket.connection.setup.timeout.ms = 10000
	ssl.cipher.suites = null
	ssl.enabled.protocols = [TLSv1.2, TLSv1.3]
	ssl.endpoint.identification.algorithm = https
	ssl.engine.factory.class = null
	ssl.key.password = null
	ssl.keymanager.algorithm = SunX509
	ssl.keystore.certificate.chain = null
	ssl.keystore.key = null
	ssl.keystore.location = null
	ssl.keystore.password = null
	ssl.keystore.type = JKS
	ssl.protocol = TLSv1.3
	ssl.provider = null
	ssl.secure.random.implementation = null
	ssl.trustmanager.algorithm = PKIX
	ssl.truststore.certificates = null
	ssl.truststore.location = null
	ssl.truststore.password = null
	ssl.truststore.type = JKS
	transaction.timeout.ms = 60000
	transactional.id = null
	value.serializer = class io.apicurio.registry.serde.avro.AvroKafkaSerializer

2025-08-13 16:35:28,371 INFO  [org.apa.kaf.com.tel.int.KafkaMetricsCollector] (main) initializing Kafka metrics collector
2025-08-13 16:35:28,378 INFO  [org.apa.kaf.cli.pro.KafkaProducer] (main) [Producer clientId=Producer-topic-5f6136df_041e_42d4_b163_11156315490b] Instantiated an idempotent producer.
2025-08-13 16:35:28,382 INFO  [org.apa.kaf.cli.pro.ProducerConfig] (main) These configurations '[apicurio.registry.url, apicurio.registry.auto-register, apicurio.registry.artifact-resolver-strategy]' were supplied but are not used yet.
2025-08-13 16:35:28,383 INFO  [org.apa.kaf.com.uti.AppInfoParser] (main) Kafka version: 3.9.1
2025-08-13 16:35:28,383 INFO  [org.apa.kaf.com.uti.AppInfoParser] (main) Kafka commitId: f745dfdcee2b9851
2025-08-13 16:35:28,383 INFO  [org.apa.kaf.com.uti.AppInfoParser] (main) Kafka startTimeMs: 1755102928383
2025-08-13 16:35:28,383 INFO  [io.api.tes.ser.api.SimpleSerdesTesterBuilder$SimpleSerdesTester] (main) Using producer configuration: {apicurio.registry.url=http://registry-app-inmemory.apps.ci419.apicurio-testing.org:80/apis/registry/v3, apicurio.registry.auto-register=true, apicurio.registry.artifact-resolver-strategy=io.apicurio.registry.serde.strategy.TopicIdStrategy, value.serializer=io.apicurio.registry.serde.avro.AvroKafkaSerializer, request.timeout.ms=5000, acks=all, bootstrap.servers=PLAINTEXT://localhost:32769, connections.max.idle.ms=10000, key.serializer=org.apache.kafka.common.serialization.StringSerializer, client.id=Producer-topic-5f6136df_041e_42d4_b163_11156315490b}
2025-08-13 16:35:28,383 INFO  [io.api.tes.ser.api.SimpleSerdesTesterBuilder$SimpleSerdesTester] (main) Using consumer configuration: {}
2025-08-13 16:35:28,386 INFO  [io.api.tes.ser.api.KafkaSerdesTester] (Thread-621) Sending message {"key11755102928364": "value-0"} to topic topic-5f6136df_041e_42d4_b163_11156315490b
2025-08-13 16:35:28,392 WARN  [org.apa.kaf.cli.NetworkClient] (kafka-producer-network-thread | Producer-topic-5f6136df_041e_42d4_b163_11156315490b) [Producer clientId=Producer-topic-5f6136df_041e_42d4_b163_11156315490b] The metadata response from the cluster reported a recoverable issue with correlation id 1 : {topic-5f6136df_041e_42d4_b163_11156315490b=UNKNOWN_TOPIC_OR_PARTITION}
2025-08-13 16:35:28,392 INFO  [org.apa.kaf.cli.Metadata] (kafka-producer-network-thread | Producer-topic-5f6136df_041e_42d4_b163_11156315490b) [Producer clientId=Producer-topic-5f6136df_041e_42d4_b163_11156315490b] Cluster ID: Ytz5hAjST9OxAjCVQ_7B1Q
2025-08-13 16:35:28,396 INFO  [org.apa.kaf.cli.pro.int.TransactionManager] (kafka-producer-network-thread | Producer-topic-5f6136df_041e_42d4_b163_11156315490b) [Producer clientId=Producer-topic-5f6136df_041e_42d4_b163_11156315490b] ProducerId set to 4 with epoch 0
2025-08-13 16:35:28,542 INFO  [io.api.tes.ser.api.KafkaSerdesTester] (Thread-621) Sending message {"key11755102928364": "value-1"} to topic topic-5f6136df_041e_42d4_b163_11156315490b
2025-08-13 16:35:28,545 INFO  [io.api.tes.ser.api.KafkaSerdesTester] (Thread-621) Sending message {"key11755102928364": "value-2"} to topic topic-5f6136df_041e_42d4_b163_11156315490b
2025-08-13 16:35:28,547 INFO  [io.api.tes.ser.api.KafkaSerdesTester] (Thread-621) Sending message {"key11755102928364": "value-3"} to topic topic-5f6136df_041e_42d4_b163_11156315490b
2025-08-13 16:35:28,548 INFO  [io.api.tes.ser.api.KafkaSerdesTester] (Thread-621) Sending message {"key11755102928364": "value-4"} to topic topic-5f6136df_041e_42d4_b163_11156315490b
2025-08-13 16:35:28,550 INFO  [io.api.tes.ser.api.KafkaSerdesTester] (Thread-621) Sending message {"key11755102928364": "value-5"} to topic topic-5f6136df_041e_42d4_b163_11156315490b
2025-08-13 16:35:28,552 INFO  [io.api.tes.ser.api.KafkaSerdesTester] (Thread-621) Sending message {"key11755102928364": "value-6"} to topic topic-5f6136df_041e_42d4_b163_11156315490b
2025-08-13 16:35:28,554 INFO  [io.api.tes.ser.api.KafkaSerdesTester] (Thread-621) Sending message {"key11755102928364": "value-7"} to topic topic-5f6136df_041e_42d4_b163_11156315490b
2025-08-13 16:35:28,556 INFO  [io.api.tes.ser.api.KafkaSerdesTester] (Thread-621) Sending message {"key11755102928364": "value-8"} to topic topic-5f6136df_041e_42d4_b163_11156315490b
2025-08-13 16:35:28,558 INFO  [io.api.tes.ser.api.KafkaSerdesTester] (Thread-621) Sending message {"key11755102928364": "value-9"} to topic topic-5f6136df_041e_42d4_b163_11156315490b
2025-08-13 16:35:28,562 INFO  [io.api.tes.ser.api.KafkaSerdesTester] (Thread-621) Produced 10 messages
2025-08-13 16:35:28,562 INFO  [org.apa.kaf.cli.pro.KafkaProducer] (Thread-621) [Producer clientId=Producer-topic-5f6136df_041e_42d4_b163_11156315490b] Closing the Kafka producer with timeoutMillis = 9223372036854775807 ms.
2025-08-13 16:35:28,571 INFO  [org.apa.kaf.com.met.Metrics] (Thread-621) Metrics scheduler closed
2025-08-13 16:35:28,571 INFO  [org.apa.kaf.com.met.Metrics] (Thread-621) Closing reporter org.apache.kafka.common.metrics.JmxReporter
2025-08-13 16:35:28,571 INFO  [org.apa.kaf.com.met.Metrics] (Thread-621) Closing reporter org.apache.kafka.common.telemetry.internals.ClientTelemetryReporter
2025-08-13 16:35:28,571 INFO  [org.apa.kaf.com.met.Metrics] (Thread-621) Metrics reporters closed
2025-08-13 16:35:28,571 INFO  [org.apa.kaf.com.uti.AppInfoParser] (Thread-621) App info kafka.producer for Producer-topic-5f6136df_041e_42d4_b163_11156315490b unregistered
**** Registry Base URL: http://registry-app-inmemory.apps.ci419.apicurio-testing.org:80
2025-08-13 16:35:28,596 INFO  [org.apa.kaf.cli.con.ConsumerConfig] (main) ConsumerConfig values: 
	allow.auto.create.topics = true
	auto.commit.interval.ms = 500
	auto.include.jmx.reporter = true
	auto.offset.reset = earliest
	bootstrap.servers = [PLAINTEXT://localhost:32769]
	check.crcs = true
	client.dns.lookup = use_all_dns_ips
	client.id = consumer-Consumer-topic-5f6136df_041e_42d4_b163_11156315490b-4
	client.rack = 
	connections.max.idle.ms = 10000
	default.api.timeout.ms = 60000
	enable.auto.commit = true
	enable.metrics.push = true
	exclude.internal.topics = true
	fetch.max.bytes = 52428800
	fetch.max.wait.ms = 500
	fetch.min.bytes = 1
	group.id = Consumer-topic-5f6136df_041e_42d4_b163_11156315490b
	group.instance.id = null
	group.protocol = classic
	group.remote.assignor = null
	heartbeat.interval.ms = 3000
	interceptor.classes = []
	internal.leave.group.on.close = true
	internal.throw.on.fetch.stable.offset.unsupported = false
	isolation.level = read_uncommitted
	key.deserializer = class org.apache.kafka.common.serialization.StringDeserializer
	max.partition.fetch.bytes = 1048576
	max.poll.interval.ms = 300000
	max.poll.records = 500
	metadata.max.age.ms = 300000
	metadata.recovery.strategy = none
	metric.reporters = []
	metrics.num.samples = 2
	metrics.recording.level = INFO
	metrics.sample.window.ms = 30000
	partition.assignment.strategy = [class org.apache.kafka.clients.consumer.RangeAssignor, class org.apache.kafka.clients.consumer.CooperativeStickyAssignor]
	receive.buffer.bytes = 65536
	reconnect.backoff.max.ms = 1000
	reconnect.backoff.ms = 50
	request.timeout.ms = 5000
	retry.backoff.max.ms = 1000
	retry.backoff.ms = 100
	sasl.client.callback.handler.class = null
	sasl.jaas.config = null
	sasl.kerberos.kinit.cmd = /usr/bin/kinit
	sasl.kerberos.min.time.before.relogin = 60000
	sasl.kerberos.service.name = null
	sasl.kerberos.ticket.renew.jitter = 0.05
	sasl.kerberos.ticket.renew.window.factor = 0.8
	sasl.login.callback.handler.class = null
	sasl.login.class = null
	sasl.login.connect.timeout.ms = null
	sasl.login.read.timeout.ms = null
	sasl.login.refresh.buffer.seconds = 300
	sasl.login.refresh.min.period.seconds = 60
	sasl.login.refresh.window.factor = 0.8
	sasl.login.refresh.window.jitter = 0.05
	sasl.login.retry.backoff.max.ms = 10000
	sasl.login.retry.backoff.ms = 100
	sasl.mechanism = GSSAPI
	sasl.oauthbearer.clock.skew.seconds = 30
	sasl.oauthbearer.expected.audience = null
	sasl.oauthbearer.expected.issuer = null
	sasl.oauthbearer.header.urlencode = false
	sasl.oauthbearer.jwks.endpoint.refresh.ms = 3600000
	sasl.oauthbearer.jwks.endpoint.retry.backoff.max.ms = 10000
	sasl.oauthbearer.jwks.endpoint.retry.backoff.ms = 100
	sasl.oauthbearer.jwks.endpoint.url = null
	sasl.oauthbearer.scope.claim.name = scope
	sasl.oauthbearer.sub.claim.name = sub
	sasl.oauthbearer.token.endpoint.url = null
	security.protocol = PLAINTEXT
	security.providers = null
	send.buffer.bytes = 131072
	session.timeout.ms = 45000
	socket.connection.setup.timeout.max.ms = 30000
	socket.connection.setup.timeout.ms = 10000
	ssl.cipher.suites = null
	ssl.enabled.protocols = [TLSv1.2, TLSv1.3]
	ssl.endpoint.identification.algorithm = https
	ssl.engine.factory.class = null
	ssl.key.password = null
	ssl.keymanager.algorithm = SunX509
	ssl.keystore.certificate.chain = null
	ssl.keystore.key = null
	ssl.keystore.location = null
	ssl.keystore.password = null
	ssl.keystore.type = JKS
	ssl.protocol = TLSv1.3
	ssl.provider = null
	ssl.secure.random.implementation = null
	ssl.trustmanager.algorithm = PKIX
	ssl.truststore.certificates = null
	ssl.truststore.location = null
	ssl.truststore.password = null
	ssl.truststore.type = JKS
	value.deserializer = class io.apicurio.registry.serde.avro.AvroKafkaDeserializer

2025-08-13 16:35:28,597 INFO  [org.apa.kaf.com.tel.int.KafkaMetricsCollector] (main) initializing Kafka metrics collector
2025-08-13 16:35:28,603 INFO  [org.apa.kaf.cli.con.ConsumerConfig] (main) These configurations '[apicurio.registry.url]' were supplied but are not used yet.
2025-08-13 16:35:28,603 INFO  [org.apa.kaf.com.uti.AppInfoParser] (main) Kafka version: 3.9.1
2025-08-13 16:35:28,603 INFO  [org.apa.kaf.com.uti.AppInfoParser] (main) Kafka commitId: f745dfdcee2b9851
2025-08-13 16:35:28,603 INFO  [org.apa.kaf.com.uti.AppInfoParser] (main) Kafka startTimeMs: 1755102928603
2025-08-13 16:35:28,604 INFO  [org.apa.kaf.cli.con.int.ClassicKafkaConsumer] (Thread-624) [Consumer clientId=consumer-Consumer-topic-5f6136df_041e_42d4_b163_11156315490b-4, groupId=Consumer-topic-5f6136df_041e_42d4_b163_11156315490b] Subscribed to topic(s): topic-5f6136df_041e_42d4_b163_11156315490b
2025-08-13 16:35:28,610 INFO  [org.apa.kaf.cli.Metadata] (Thread-624) [Consumer clientId=consumer-Consumer-topic-5f6136df_041e_42d4_b163_11156315490b-4, groupId=Consumer-topic-5f6136df_041e_42d4_b163_11156315490b] Cluster ID: Ytz5hAjST9OxAjCVQ_7B1Q
2025-08-13 16:35:28,611 INFO  [org.apa.kaf.cli.con.int.ConsumerCoordinator] (Thread-624) [Consumer clientId=consumer-Consumer-topic-5f6136df_041e_42d4_b163_11156315490b-4, groupId=Consumer-topic-5f6136df_041e_42d4_b163_11156315490b] Discovered group coordinator localhost:32769 (id: 2147483647 rack: null)
2025-08-13 16:35:28,613 INFO  [org.apa.kaf.cli.con.int.ConsumerCoordinator] (Thread-624) [Consumer clientId=consumer-Consumer-topic-5f6136df_041e_42d4_b163_11156315490b-4, groupId=Consumer-topic-5f6136df_041e_42d4_b163_11156315490b] (Re-)joining group
2025-08-13 16:35:28,617 INFO  [org.apa.kaf.cli.con.int.ConsumerCoordinator] (Thread-624) [Consumer clientId=consumer-Consumer-topic-5f6136df_041e_42d4_b163_11156315490b-4, groupId=Consumer-topic-5f6136df_041e_42d4_b163_11156315490b] Request joining group due to: need to re-join with the given member-id: consumer-Consumer-topic-5f6136df_041e_42d4_b163_11156315490b-4-f3cfff47-9326-48a2-8c5b-d3c31a8c5c67
2025-08-13 16:35:28,617 INFO  [org.apa.kaf.cli.con.int.ConsumerCoordinator] (Thread-624) [Consumer clientId=consumer-Consumer-topic-5f6136df_041e_42d4_b163_11156315490b-4, groupId=Consumer-topic-5f6136df_041e_42d4_b163_11156315490b] (Re-)joining group
2025-08-13 16:35:29,605 INFO  [io.api.tes.ser.api.KafkaSerdesTester] (Thread-624) None found
2025-08-13 16:35:30,605 INFO  [io.api.tes.ser.api.KafkaSerdesTester] (Thread-624) None found
2025-08-13 16:35:31,606 INFO  [io.api.tes.ser.api.KafkaSerdesTester] (Thread-624) None found
2025-08-13 16:35:31,620 INFO  [org.apa.kaf.cli.con.int.ConsumerCoordinator] (Thread-624) [Consumer clientId=consumer-Consumer-topic-5f6136df_041e_42d4_b163_11156315490b-4, groupId=Consumer-topic-5f6136df_041e_42d4_b163_11156315490b] Successfully joined group with generation Generation{generationId=1, memberId='consumer-Consumer-topic-5f6136df_041e_42d4_b163_11156315490b-4-f3cfff47-9326-48a2-8c5b-d3c31a8c5c67', protocol='range'}
2025-08-13 16:35:31,620 INFO  [org.apa.kaf.cli.con.int.ConsumerCoordinator] (Thread-624) [Consumer clientId=consumer-Consumer-topic-5f6136df_041e_42d4_b163_11156315490b-4, groupId=Consumer-topic-5f6136df_041e_42d4_b163_11156315490b] Finished assignment for group at generation 1: {consumer-Consumer-topic-5f6136df_041e_42d4_b163_11156315490b-4-f3cfff47-9326-48a2-8c5b-d3c31a8c5c67=Assignment(partitions=[topic-5f6136df_041e_42d4_b163_11156315490b-0])}
2025-08-13 16:35:31,627 INFO  [org.apa.kaf.cli.con.int.ConsumerCoordinator] (Thread-624) [Consumer clientId=consumer-Consumer-topic-5f6136df_041e_42d4_b163_11156315490b-4, groupId=Consumer-topic-5f6136df_041e_42d4_b163_11156315490b] Successfully synced group in generation Generation{generationId=1, memberId='consumer-Consumer-topic-5f6136df_041e_42d4_b163_11156315490b-4-f3cfff47-9326-48a2-8c5b-d3c31a8c5c67', protocol='range'}
2025-08-13 16:35:31,628 INFO  [org.apa.kaf.cli.con.int.ConsumerCoordinator] (Thread-624) [Consumer clientId=consumer-Consumer-topic-5f6136df_041e_42d4_b163_11156315490b-4, groupId=Consumer-topic-5f6136df_041e_42d4_b163_11156315490b] Notifying assignor about the new Assignment(partitions=[topic-5f6136df_041e_42d4_b163_11156315490b-0])
2025-08-13 16:35:31,628 INFO  [org.apa.kaf.cli.con.int.ConsumerRebalanceListenerInvoker] (Thread-624) [Consumer clientId=consumer-Consumer-topic-5f6136df_041e_42d4_b163_11156315490b-4, groupId=Consumer-topic-5f6136df_041e_42d4_b163_11156315490b] Adding newly assigned partitions: topic-5f6136df_041e_42d4_b163_11156315490b-0
2025-08-13 16:35:31,630 INFO  [org.apa.kaf.cli.con.int.ConsumerCoordinator] (Thread-624) [Consumer clientId=consumer-Consumer-topic-5f6136df_041e_42d4_b163_11156315490b-4, groupId=Consumer-topic-5f6136df_041e_42d4_b163_11156315490b] Found no committed offset for partition topic-5f6136df_041e_42d4_b163_11156315490b-0
2025-08-13 16:35:31,635 INFO  [org.apa.kaf.cli.con.int.SubscriptionState] (Thread-624) [Consumer clientId=consumer-Consumer-topic-5f6136df_041e_42d4_b163_11156315490b-4, groupId=Consumer-topic-5f6136df_041e_42d4_b163_11156315490b] Resetting offset for partition topic-5f6136df_041e_42d4_b163_11156315490b-0 to position FetchPosition{offset=0, offsetEpoch=Optional.empty, currentLeader=LeaderAndEpoch{leader=Optional[localhost:32769 (id: 0 rack: null)], epoch=0}}.
2025-08-13 16:35:31,676 INFO  [io.api.tes.ser.api.KafkaSerdesTester] (Thread-624) topic-5f6136df_041e_42d4_b163_11156315490b 0 0 {"key11755102928364": "value-0"}
2025-08-13 16:35:31,676 INFO  [io.api.tes.ser.api.KafkaSerdesTester] (Thread-624) topic-5f6136df_041e_42d4_b163_11156315490b 0 1 {"key11755102928364": "value-1"}
2025-08-13 16:35:31,676 INFO  [io.api.tes.ser.api.KafkaSerdesTester] (Thread-624) topic-5f6136df_041e_42d4_b163_11156315490b 0 2 {"key11755102928364": "value-2"}
2025-08-13 16:35:31,676 INFO  [io.api.tes.ser.api.KafkaSerdesTester] (Thread-624) topic-5f6136df_041e_42d4_b163_11156315490b 0 3 {"key11755102928364": "value-3"}
2025-08-13 16:35:31,676 INFO  [io.api.tes.ser.api.KafkaSerdesTester] (Thread-624) topic-5f6136df_041e_42d4_b163_11156315490b 0 4 {"key11755102928364": "value-4"}
2025-08-13 16:35:31,676 INFO  [io.api.tes.ser.api.KafkaSerdesTester] (Thread-624) topic-5f6136df_041e_42d4_b163_11156315490b 0 5 {"key11755102928364": "value-5"}
2025-08-13 16:35:31,676 INFO  [io.api.tes.ser.api.KafkaSerdesTester] (Thread-624) topic-5f6136df_041e_42d4_b163_11156315490b 0 6 {"key11755102928364": "value-6"}
2025-08-13 16:35:31,676 INFO  [io.api.tes.ser.api.KafkaSerdesTester] (Thread-624) topic-5f6136df_041e_42d4_b163_11156315490b 0 7 {"key11755102928364": "value-7"}
2025-08-13 16:35:31,676 INFO  [io.api.tes.ser.api.KafkaSerdesTester] (Thread-624) topic-5f6136df_041e_42d4_b163_11156315490b 0 8 {"key11755102928364": "value-8"}
2025-08-13 16:35:31,677 INFO  [io.api.tes.ser.api.KafkaSerdesTester] (Thread-624) topic-5f6136df_041e_42d4_b163_11156315490b 0 9 {"key11755102928364": "value-9"}
2025-08-13 16:35:31,677 INFO  [io.api.tes.ser.api.KafkaSerdesTester] (Thread-624) Consumed 10 messages
2025-08-13 16:35:31,685 INFO  [org.apa.kaf.cli.con.int.ConsumerRebalanceListenerInvoker] (Thread-624) [Consumer clientId=consumer-Consumer-topic-5f6136df_041e_42d4_b163_11156315490b-4, groupId=Consumer-topic-5f6136df_041e_42d4_b163_11156315490b] Revoke previously assigned partitions topic-5f6136df_041e_42d4_b163_11156315490b-0
2025-08-13 16:35:31,685 INFO  [org.apa.kaf.cli.con.int.ConsumerCoordinator] (Thread-624) [Consumer clientId=consumer-Consumer-topic-5f6136df_041e_42d4_b163_11156315490b-4, groupId=Consumer-topic-5f6136df_041e_42d4_b163_11156315490b] Member consumer-Consumer-topic-5f6136df_041e_42d4_b163_11156315490b-4-f3cfff47-9326-48a2-8c5b-d3c31a8c5c67 sending LeaveGroup request to coordinator localhost:32769 (id: 2147483647 rack: null) due to the consumer is being closed
2025-08-13 16:35:31,685 INFO  [org.apa.kaf.cli.con.int.ConsumerCoordinator] (Thread-624) [Consumer clientId=consumer-Consumer-topic-5f6136df_041e_42d4_b163_11156315490b-4, groupId=Consumer-topic-5f6136df_041e_42d4_b163_11156315490b] Resetting generation and member id due to: consumer pro-actively leaving the group
2025-08-13 16:35:31,685 INFO  [org.apa.kaf.cli.con.int.ConsumerCoordinator] (Thread-624) [Consumer clientId=consumer-Consumer-topic-5f6136df_041e_42d4_b163_11156315490b-4, groupId=Consumer-topic-5f6136df_041e_42d4_b163_11156315490b] Request joining group due to: consumer pro-actively leaving the group
2025-08-13 16:35:32,179 INFO  [org.apa.kaf.com.met.Metrics] (Thread-624) Metrics scheduler closed
2025-08-13 16:35:32,179 INFO  [org.apa.kaf.com.met.Metrics] (Thread-624) Closing reporter org.apache.kafka.common.metrics.JmxReporter
2025-08-13 16:35:32,179 INFO  [org.apa.kaf.com.met.Metrics] (Thread-624) Closing reporter org.apache.kafka.common.telemetry.internals.ClientTelemetryReporter
2025-08-13 16:35:32,180 INFO  [org.apa.kaf.com.met.Metrics] (Thread-624) Metrics reporters closed
2025-08-13 16:35:32,185 INFO  [org.apa.kaf.com.uti.AppInfoParser] (Thread-624) App info kafka.consumer for consumer-Consumer-topic-5f6136df_041e_42d4_b163_11156315490b-4 unregistered
2025-08-13 16:35:32,219 INFO  [io.api.tes.uti.TestSeparator] (main) io.apicurio.tests.serdes.apicurio.AvroSerdeIT.testTopicIdStrategyAutoRegister-FINISHED
2025-08-13 16:35:32,219 INFO  [io.api.tes.uti.TestSeparator] (main) ############################################################################
Test passed: testTopicIdStrategyAutoRegister
]]></system-out>
  </testcase>
  <testcase name="testRecordIdStrategydFindLatest" classname="io.apicurio.tests.serdes.apicurio.AvroSerdeIT" time="4.768">
    <system-out><![CDATA[2025-08-13 16:35:32,220 INFO  [io.api.tes.uti.TestSeparator] (main) ############################################################################
2025-08-13 16:35:32,220 INFO  [io.api.tes.uti.TestSeparator] (main) io.apicurio.tests.serdes.apicurio.AvroSerdeIT.testRecordIdStrategydFindLatest-STARTED
2025-08-13 16:35:32,222 INFO  [io.api.tes.ser.api.AvroSerdeIT] (main) Registering Avro Schema: {"type":"record","name":"s0670aa49x5e09x4b60xa4a1x34a2b3152957","namespace":"s04a7afd8x0905x4484x9d2ex16ac70d37da4","fields":[{"name":"key11755102932221","type":"string"}]}
**** Registry Base URL: http://registry-app-inmemory.apps.ci419.apicurio-testing.org:80
2025-08-13 16:35:33,278 INFO  [org.apa.kaf.cli.pro.ProducerConfig] (main) ProducerConfig values: 
	acks = -1
	auto.include.jmx.reporter = true
	batch.size = 16384
	bootstrap.servers = [PLAINTEXT://localhost:32769]
	buffer.memory = 33554432
	client.dns.lookup = use_all_dns_ips
	client.id = Producer-topic-ba15d73f_2154_4b49_882d_19d937e88744
	compression.gzip.level = -1
	compression.lz4.level = 9
	compression.type = none
	compression.zstd.level = 3
	connections.max.idle.ms = 10000
	delivery.timeout.ms = 120000
	enable.idempotence = true
	enable.metrics.push = true
	interceptor.classes = []
	key.serializer = class org.apache.kafka.common.serialization.StringSerializer
	linger.ms = 0
	max.block.ms = 60000
	max.in.flight.requests.per.connection = 5
	max.request.size = 1048576
	metadata.max.age.ms = 300000
	metadata.max.idle.ms = 300000
	metadata.recovery.strategy = none
	metric.reporters = []
	metrics.num.samples = 2
	metrics.recording.level = INFO
	metrics.sample.window.ms = 30000
	partitioner.adaptive.partitioning.enable = true
	partitioner.availability.timeout.ms = 0
	partitioner.class = null
	partitioner.ignore.keys = false
	receive.buffer.bytes = 32768
	reconnect.backoff.max.ms = 1000
	reconnect.backoff.ms = 50
	request.timeout.ms = 5000
	retries = 2147483647
	retry.backoff.max.ms = 1000
	retry.backoff.ms = 100
	sasl.client.callback.handler.class = null
	sasl.jaas.config = null
	sasl.kerberos.kinit.cmd = /usr/bin/kinit
	sasl.kerberos.min.time.before.relogin = 60000
	sasl.kerberos.service.name = null
	sasl.kerberos.ticket.renew.jitter = 0.05
	sasl.kerberos.ticket.renew.window.factor = 0.8
	sasl.login.callback.handler.class = null
	sasl.login.class = null
	sasl.login.connect.timeout.ms = null
	sasl.login.read.timeout.ms = null
	sasl.login.refresh.buffer.seconds = 300
	sasl.login.refresh.min.period.seconds = 60
	sasl.login.refresh.window.factor = 0.8
	sasl.login.refresh.window.jitter = 0.05
	sasl.login.retry.backoff.max.ms = 10000
	sasl.login.retry.backoff.ms = 100
	sasl.mechanism = GSSAPI
	sasl.oauthbearer.clock.skew.seconds = 30
	sasl.oauthbearer.expected.audience = null
	sasl.oauthbearer.expected.issuer = null
	sasl.oauthbearer.header.urlencode = false
	sasl.oauthbearer.jwks.endpoint.refresh.ms = 3600000
	sasl.oauthbearer.jwks.endpoint.retry.backoff.max.ms = 10000
	sasl.oauthbearer.jwks.endpoint.retry.backoff.ms = 100
	sasl.oauthbearer.jwks.endpoint.url = null
	sasl.oauthbearer.scope.claim.name = scope
	sasl.oauthbearer.sub.claim.name = sub
	sasl.oauthbearer.token.endpoint.url = null
	security.protocol = PLAINTEXT
	security.providers = null
	send.buffer.bytes = 131072
	socket.connection.setup.timeout.max.ms = 30000
	socket.connection.setup.timeout.ms = 10000
	ssl.cipher.suites = null
	ssl.enabled.protocols = [TLSv1.2, TLSv1.3]
	ssl.endpoint.identification.algorithm = https
	ssl.engine.factory.class = null
	ssl.key.password = null
	ssl.keymanager.algorithm = SunX509
	ssl.keystore.certificate.chain = null
	ssl.keystore.key = null
	ssl.keystore.location = null
	ssl.keystore.password = null
	ssl.keystore.type = JKS
	ssl.protocol = TLSv1.3
	ssl.provider = null
	ssl.secure.random.implementation = null
	ssl.trustmanager.algorithm = PKIX
	ssl.truststore.certificates = null
	ssl.truststore.location = null
	ssl.truststore.password = null
	ssl.truststore.type = JKS
	transaction.timeout.ms = 60000
	transactional.id = null
	value.serializer = class io.apicurio.registry.serde.avro.AvroKafkaSerializer

2025-08-13 16:35:33,278 INFO  [org.apa.kaf.com.tel.int.KafkaMetricsCollector] (main) initializing Kafka metrics collector
2025-08-13 16:35:33,282 INFO  [org.apa.kaf.cli.pro.KafkaProducer] (main) [Producer clientId=Producer-topic-ba15d73f_2154_4b49_882d_19d937e88744] Instantiated an idempotent producer.
2025-08-13 16:35:33,284 INFO  [org.apa.kaf.cli.pro.ProducerConfig] (main) These configurations '[apicurio.registry.find-latest, apicurio.registry.url, apicurio.registry.artifact-resolver-strategy]' were supplied but are not used yet.
2025-08-13 16:35:33,285 INFO  [org.apa.kaf.com.uti.AppInfoParser] (main) Kafka version: 3.9.1
2025-08-13 16:35:33,285 INFO  [org.apa.kaf.com.uti.AppInfoParser] (main) Kafka commitId: f745dfdcee2b9851
2025-08-13 16:35:33,285 INFO  [org.apa.kaf.com.uti.AppInfoParser] (main) Kafka startTimeMs: 1755102933285
2025-08-13 16:35:33,285 INFO  [io.api.tes.ser.api.SimpleSerdesTesterBuilder$SimpleSerdesTester] (main) Using producer configuration: {apicurio.registry.find-latest=true, apicurio.registry.url=http://registry-app-inmemory.apps.ci419.apicurio-testing.org:80/apis/registry/v3, apicurio.registry.artifact-resolver-strategy=io.apicurio.registry.serde.avro.strategy.RecordIdStrategy, value.serializer=io.apicurio.registry.serde.avro.AvroKafkaSerializer, request.timeout.ms=5000, acks=all, bootstrap.servers=PLAINTEXT://localhost:32769, connections.max.idle.ms=10000, key.serializer=org.apache.kafka.common.serialization.StringSerializer, client.id=Producer-topic-ba15d73f_2154_4b49_882d_19d937e88744}
2025-08-13 16:35:33,285 INFO  [io.api.tes.ser.api.SimpleSerdesTesterBuilder$SimpleSerdesTester] (main) Using consumer configuration: {}
2025-08-13 16:35:33,287 INFO  [io.api.tes.ser.api.KafkaSerdesTester] (Thread-627) Sending message {"key11755102932221": "value-0"} to topic topic-ba15d73f_2154_4b49_882d_19d937e88744
2025-08-13 16:35:33,293 INFO  [org.apa.kaf.cli.Metadata] (kafka-producer-network-thread | Producer-topic-ba15d73f_2154_4b49_882d_19d937e88744) [Producer clientId=Producer-topic-ba15d73f_2154_4b49_882d_19d937e88744] Cluster ID: Ytz5hAjST9OxAjCVQ_7B1Q
2025-08-13 16:35:33,295 INFO  [org.apa.kaf.cli.pro.int.TransactionManager] (kafka-producer-network-thread | Producer-topic-ba15d73f_2154_4b49_882d_19d937e88744) [Producer clientId=Producer-topic-ba15d73f_2154_4b49_882d_19d937e88744] ProducerId set to 5 with epoch 0
2025-08-13 16:35:33,354 INFO  [io.api.tes.ser.api.KafkaSerdesTester] (Thread-627) Sending message {"key11755102932221": "value-1"} to topic topic-ba15d73f_2154_4b49_882d_19d937e88744
2025-08-13 16:35:33,357 INFO  [io.api.tes.ser.api.KafkaSerdesTester] (Thread-627) Sending message {"key11755102932221": "value-2"} to topic topic-ba15d73f_2154_4b49_882d_19d937e88744
2025-08-13 16:35:33,359 INFO  [io.api.tes.ser.api.KafkaSerdesTester] (Thread-627) Sending message {"key11755102932221": "value-3"} to topic topic-ba15d73f_2154_4b49_882d_19d937e88744
2025-08-13 16:35:33,362 INFO  [io.api.tes.ser.api.KafkaSerdesTester] (Thread-627) Sending message {"key11755102932221": "value-4"} to topic topic-ba15d73f_2154_4b49_882d_19d937e88744
2025-08-13 16:35:33,368 INFO  [io.api.tes.ser.api.KafkaSerdesTester] (Thread-627) Sending message {"key11755102932221": "value-5"} to topic topic-ba15d73f_2154_4b49_882d_19d937e88744
2025-08-13 16:35:33,374 INFO  [io.api.tes.ser.api.KafkaSerdesTester] (Thread-627) Sending message {"key11755102932221": "value-6"} to topic topic-ba15d73f_2154_4b49_882d_19d937e88744
2025-08-13 16:35:33,380 INFO  [io.api.tes.ser.api.KafkaSerdesTester] (Thread-627) Sending message {"key11755102932221": "value-7"} to topic topic-ba15d73f_2154_4b49_882d_19d937e88744
2025-08-13 16:35:33,383 INFO  [io.api.tes.ser.api.KafkaSerdesTester] (Thread-627) Sending message {"key11755102932221": "value-8"} to topic topic-ba15d73f_2154_4b49_882d_19d937e88744
2025-08-13 16:35:33,387 INFO  [io.api.tes.ser.api.KafkaSerdesTester] (Thread-627) Sending message {"key11755102932221": "value-9"} to topic topic-ba15d73f_2154_4b49_882d_19d937e88744
2025-08-13 16:35:33,389 INFO  [io.api.tes.ser.api.KafkaSerdesTester] (Thread-627) Produced 10 messages
2025-08-13 16:35:33,390 INFO  [org.apa.kaf.cli.pro.KafkaProducer] (Thread-627) [Producer clientId=Producer-topic-ba15d73f_2154_4b49_882d_19d937e88744] Closing the Kafka producer with timeoutMillis = 9223372036854775807 ms.
2025-08-13 16:35:33,395 INFO  [org.apa.kaf.com.met.Metrics] (Thread-627) Metrics scheduler closed
2025-08-13 16:35:33,395 INFO  [org.apa.kaf.com.met.Metrics] (Thread-627) Closing reporter org.apache.kafka.common.metrics.JmxReporter
2025-08-13 16:35:33,395 INFO  [org.apa.kaf.com.met.Metrics] (Thread-627) Closing reporter org.apache.kafka.common.telemetry.internals.ClientTelemetryReporter
2025-08-13 16:35:33,395 INFO  [org.apa.kaf.com.met.Metrics] (Thread-627) Metrics reporters closed
2025-08-13 16:35:33,396 INFO  [org.apa.kaf.com.uti.AppInfoParser] (Thread-627) App info kafka.producer for Producer-topic-ba15d73f_2154_4b49_882d_19d937e88744 unregistered
**** Registry Base URL: http://registry-app-inmemory.apps.ci419.apicurio-testing.org:80
2025-08-13 16:35:33,397 INFO  [org.apa.kaf.cli.con.ConsumerConfig] (main) ConsumerConfig values: 
	allow.auto.create.topics = true
	auto.commit.interval.ms = 500
	auto.include.jmx.reporter = true
	auto.offset.reset = earliest
	bootstrap.servers = [PLAINTEXT://localhost:32769]
	check.crcs = true
	client.dns.lookup = use_all_dns_ips
	client.id = consumer-Consumer-topic-ba15d73f_2154_4b49_882d_19d937e88744-5
	client.rack = 
	connections.max.idle.ms = 10000
	default.api.timeout.ms = 60000
	enable.auto.commit = true
	enable.metrics.push = true
	exclude.internal.topics = true
	fetch.max.bytes = 52428800
	fetch.max.wait.ms = 500
	fetch.min.bytes = 1
	group.id = Consumer-topic-ba15d73f_2154_4b49_882d_19d937e88744
	group.instance.id = null
	group.protocol = classic
	group.remote.assignor = null
	heartbeat.interval.ms = 3000
	interceptor.classes = []
	internal.leave.group.on.close = true
	internal.throw.on.fetch.stable.offset.unsupported = false
	isolation.level = read_uncommitted
	key.deserializer = class org.apache.kafka.common.serialization.StringDeserializer
	max.partition.fetch.bytes = 1048576
	max.poll.interval.ms = 300000
	max.poll.records = 500
	metadata.max.age.ms = 300000
	metadata.recovery.strategy = none
	metric.reporters = []
	metrics.num.samples = 2
	metrics.recording.level = INFO
	metrics.sample.window.ms = 30000
	partition.assignment.strategy = [class org.apache.kafka.clients.consumer.RangeAssignor, class org.apache.kafka.clients.consumer.CooperativeStickyAssignor]
	receive.buffer.bytes = 65536
	reconnect.backoff.max.ms = 1000
	reconnect.backoff.ms = 50
	request.timeout.ms = 5000
	retry.backoff.max.ms = 1000
	retry.backoff.ms = 100
	sasl.client.callback.handler.class = null
	sasl.jaas.config = null
	sasl.kerberos.kinit.cmd = /usr/bin/kinit
	sasl.kerberos.min.time.before.relogin = 60000
	sasl.kerberos.service.name = null
	sasl.kerberos.ticket.renew.jitter = 0.05
	sasl.kerberos.ticket.renew.window.factor = 0.8
	sasl.login.callback.handler.class = null
	sasl.login.class = null
	sasl.login.connect.timeout.ms = null
	sasl.login.read.timeout.ms = null
	sasl.login.refresh.buffer.seconds = 300
	sasl.login.refresh.min.period.seconds = 60
	sasl.login.refresh.window.factor = 0.8
	sasl.login.refresh.window.jitter = 0.05
	sasl.login.retry.backoff.max.ms = 10000
	sasl.login.retry.backoff.ms = 100
	sasl.mechanism = GSSAPI
	sasl.oauthbearer.clock.skew.seconds = 30
	sasl.oauthbearer.expected.audience = null
	sasl.oauthbearer.expected.issuer = null
	sasl.oauthbearer.header.urlencode = false
	sasl.oauthbearer.jwks.endpoint.refresh.ms = 3600000
	sasl.oauthbearer.jwks.endpoint.retry.backoff.max.ms = 10000
	sasl.oauthbearer.jwks.endpoint.retry.backoff.ms = 100
	sasl.oauthbearer.jwks.endpoint.url = null
	sasl.oauthbearer.scope.claim.name = scope
	sasl.oauthbearer.sub.claim.name = sub
	sasl.oauthbearer.token.endpoint.url = null
	security.protocol = PLAINTEXT
	security.providers = null
	send.buffer.bytes = 131072
	session.timeout.ms = 45000
	socket.connection.setup.timeout.max.ms = 30000
	socket.connection.setup.timeout.ms = 10000
	ssl.cipher.suites = null
	ssl.enabled.protocols = [TLSv1.2, TLSv1.3]
	ssl.endpoint.identification.algorithm = https
	ssl.engine.factory.class = null
	ssl.key.password = null
	ssl.keymanager.algorithm = SunX509
	ssl.keystore.certificate.chain = null
	ssl.keystore.key = null
	ssl.keystore.location = null
	ssl.keystore.password = null
	ssl.keystore.type = JKS
	ssl.protocol = TLSv1.3
	ssl.provider = null
	ssl.secure.random.implementation = null
	ssl.trustmanager.algorithm = PKIX
	ssl.truststore.certificates = null
	ssl.truststore.location = null
	ssl.truststore.password = null
	ssl.truststore.type = JKS
	value.deserializer = class io.apicurio.registry.serde.avro.AvroKafkaDeserializer

2025-08-13 16:35:33,398 INFO  [org.apa.kaf.com.tel.int.KafkaMetricsCollector] (main) initializing Kafka metrics collector
2025-08-13 16:35:33,408 INFO  [org.apa.kaf.cli.con.ConsumerConfig] (main) These configurations '[apicurio.registry.url]' were supplied but are not used yet.
2025-08-13 16:35:33,408 INFO  [org.apa.kaf.com.uti.AppInfoParser] (main) Kafka version: 3.9.1
2025-08-13 16:35:33,408 INFO  [org.apa.kaf.com.uti.AppInfoParser] (main) Kafka commitId: f745dfdcee2b9851
2025-08-13 16:35:33,408 INFO  [org.apa.kaf.com.uti.AppInfoParser] (main) Kafka startTimeMs: 1755102933408
2025-08-13 16:35:33,409 INFO  [org.apa.kaf.cli.con.int.ClassicKafkaConsumer] (Thread-630) [Consumer clientId=consumer-Consumer-topic-ba15d73f_2154_4b49_882d_19d937e88744-5, groupId=Consumer-topic-ba15d73f_2154_4b49_882d_19d937e88744] Subscribed to topic(s): topic-ba15d73f_2154_4b49_882d_19d937e88744
2025-08-13 16:35:33,416 INFO  [org.apa.kaf.cli.Metadata] (Thread-630) [Consumer clientId=consumer-Consumer-topic-ba15d73f_2154_4b49_882d_19d937e88744-5, groupId=Consumer-topic-ba15d73f_2154_4b49_882d_19d937e88744] Cluster ID: Ytz5hAjST9OxAjCVQ_7B1Q
2025-08-13 16:35:33,419 INFO  [org.apa.kaf.cli.con.int.ConsumerCoordinator] (Thread-630) [Consumer clientId=consumer-Consumer-topic-ba15d73f_2154_4b49_882d_19d937e88744-5, groupId=Consumer-topic-ba15d73f_2154_4b49_882d_19d937e88744] Discovered group coordinator localhost:32769 (id: 2147483647 rack: null)
2025-08-13 16:35:33,422 INFO  [org.apa.kaf.cli.con.int.ConsumerCoordinator] (Thread-630) [Consumer clientId=consumer-Consumer-topic-ba15d73f_2154_4b49_882d_19d937e88744-5, groupId=Consumer-topic-ba15d73f_2154_4b49_882d_19d937e88744] (Re-)joining group
2025-08-13 16:35:33,426 INFO  [org.apa.kaf.cli.con.int.ConsumerCoordinator] (Thread-630) [Consumer clientId=consumer-Consumer-topic-ba15d73f_2154_4b49_882d_19d937e88744-5, groupId=Consumer-topic-ba15d73f_2154_4b49_882d_19d937e88744] Request joining group due to: need to re-join with the given member-id: consumer-Consumer-topic-ba15d73f_2154_4b49_882d_19d937e88744-5-f44a87d5-c18a-497c-ba5b-4cb0dfa96121
2025-08-13 16:35:33,426 INFO  [org.apa.kaf.cli.con.int.ConsumerCoordinator] (Thread-630) [Consumer clientId=consumer-Consumer-topic-ba15d73f_2154_4b49_882d_19d937e88744-5, groupId=Consumer-topic-ba15d73f_2154_4b49_882d_19d937e88744] (Re-)joining group
2025-08-13 16:35:34,409 INFO  [io.api.tes.ser.api.KafkaSerdesTester] (Thread-630) None found
2025-08-13 16:35:35,409 INFO  [io.api.tes.ser.api.KafkaSerdesTester] (Thread-630) None found
2025-08-13 16:35:36,410 INFO  [io.api.tes.ser.api.KafkaSerdesTester] (Thread-630) None found
2025-08-13 16:35:36,428 INFO  [org.apa.kaf.cli.con.int.ConsumerCoordinator] (Thread-630) [Consumer clientId=consumer-Consumer-topic-ba15d73f_2154_4b49_882d_19d937e88744-5, groupId=Consumer-topic-ba15d73f_2154_4b49_882d_19d937e88744] Successfully joined group with generation Generation{generationId=1, memberId='consumer-Consumer-topic-ba15d73f_2154_4b49_882d_19d937e88744-5-f44a87d5-c18a-497c-ba5b-4cb0dfa96121', protocol='range'}
2025-08-13 16:35:36,428 INFO  [org.apa.kaf.cli.con.int.ConsumerCoordinator] (Thread-630) [Consumer clientId=consumer-Consumer-topic-ba15d73f_2154_4b49_882d_19d937e88744-5, groupId=Consumer-topic-ba15d73f_2154_4b49_882d_19d937e88744] Finished assignment for group at generation 1: {consumer-Consumer-topic-ba15d73f_2154_4b49_882d_19d937e88744-5-f44a87d5-c18a-497c-ba5b-4cb0dfa96121=Assignment(partitions=[topic-ba15d73f_2154_4b49_882d_19d937e88744-0])}
2025-08-13 16:35:36,436 INFO  [org.apa.kaf.cli.con.int.ConsumerCoordinator] (Thread-630) [Consumer clientId=consumer-Consumer-topic-ba15d73f_2154_4b49_882d_19d937e88744-5, groupId=Consumer-topic-ba15d73f_2154_4b49_882d_19d937e88744] Successfully synced group in generation Generation{generationId=1, memberId='consumer-Consumer-topic-ba15d73f_2154_4b49_882d_19d937e88744-5-f44a87d5-c18a-497c-ba5b-4cb0dfa96121', protocol='range'}
2025-08-13 16:35:36,437 INFO  [org.apa.kaf.cli.con.int.ConsumerCoordinator] (Thread-630) [Consumer clientId=consumer-Consumer-topic-ba15d73f_2154_4b49_882d_19d937e88744-5, groupId=Consumer-topic-ba15d73f_2154_4b49_882d_19d937e88744] Notifying assignor about the new Assignment(partitions=[topic-ba15d73f_2154_4b49_882d_19d937e88744-0])
2025-08-13 16:35:36,437 INFO  [org.apa.kaf.cli.con.int.ConsumerRebalanceListenerInvoker] (Thread-630) [Consumer clientId=consumer-Consumer-topic-ba15d73f_2154_4b49_882d_19d937e88744-5, groupId=Consumer-topic-ba15d73f_2154_4b49_882d_19d937e88744] Adding newly assigned partitions: topic-ba15d73f_2154_4b49_882d_19d937e88744-0
2025-08-13 16:35:36,438 INFO  [org.apa.kaf.cli.con.int.ConsumerCoordinator] (Thread-630) [Consumer clientId=consumer-Consumer-topic-ba15d73f_2154_4b49_882d_19d937e88744-5, groupId=Consumer-topic-ba15d73f_2154_4b49_882d_19d937e88744] Found no committed offset for partition topic-ba15d73f_2154_4b49_882d_19d937e88744-0
2025-08-13 16:35:36,441 INFO  [org.apa.kaf.cli.con.int.SubscriptionState] (Thread-630) [Consumer clientId=consumer-Consumer-topic-ba15d73f_2154_4b49_882d_19d937e88744-5, groupId=Consumer-topic-ba15d73f_2154_4b49_882d_19d937e88744] Resetting offset for partition topic-ba15d73f_2154_4b49_882d_19d937e88744-0 to position FetchPosition{offset=0, offsetEpoch=Optional.empty, currentLeader=LeaderAndEpoch{leader=Optional[localhost:32769 (id: 0 rack: null)], epoch=0}}.
2025-08-13 16:35:36,480 INFO  [io.api.tes.ser.api.KafkaSerdesTester] (Thread-630) topic-ba15d73f_2154_4b49_882d_19d937e88744 0 0 {"key11755102932221": "value-0"}
2025-08-13 16:35:36,480 INFO  [io.api.tes.ser.api.KafkaSerdesTester] (Thread-630) topic-ba15d73f_2154_4b49_882d_19d937e88744 0 1 {"key11755102932221": "value-1"}
2025-08-13 16:35:36,480 INFO  [io.api.tes.ser.api.KafkaSerdesTester] (Thread-630) topic-ba15d73f_2154_4b49_882d_19d937e88744 0 2 {"key11755102932221": "value-2"}
2025-08-13 16:35:36,480 INFO  [io.api.tes.ser.api.KafkaSerdesTester] (Thread-630) topic-ba15d73f_2154_4b49_882d_19d937e88744 0 3 {"key11755102932221": "value-3"}
2025-08-13 16:35:36,480 INFO  [io.api.tes.ser.api.KafkaSerdesTester] (Thread-630) topic-ba15d73f_2154_4b49_882d_19d937e88744 0 4 {"key11755102932221": "value-4"}
2025-08-13 16:35:36,480 INFO  [io.api.tes.ser.api.KafkaSerdesTester] (Thread-630) topic-ba15d73f_2154_4b49_882d_19d937e88744 0 5 {"key11755102932221": "value-5"}
2025-08-13 16:35:36,480 INFO  [io.api.tes.ser.api.KafkaSerdesTester] (Thread-630) topic-ba15d73f_2154_4b49_882d_19d937e88744 0 6 {"key11755102932221": "value-6"}
2025-08-13 16:35:36,481 INFO  [io.api.tes.ser.api.KafkaSerdesTester] (Thread-630) topic-ba15d73f_2154_4b49_882d_19d937e88744 0 7 {"key11755102932221": "value-7"}
2025-08-13 16:35:36,481 INFO  [io.api.tes.ser.api.KafkaSerdesTester] (Thread-630) topic-ba15d73f_2154_4b49_882d_19d937e88744 0 8 {"key11755102932221": "value-8"}
2025-08-13 16:35:36,481 INFO  [io.api.tes.ser.api.KafkaSerdesTester] (Thread-630) topic-ba15d73f_2154_4b49_882d_19d937e88744 0 9 {"key11755102932221": "value-9"}
2025-08-13 16:35:36,481 INFO  [io.api.tes.ser.api.KafkaSerdesTester] (Thread-630) Consumed 10 messages
2025-08-13 16:35:36,488 INFO  [org.apa.kaf.cli.con.int.ConsumerRebalanceListenerInvoker] (Thread-630) [Consumer clientId=consumer-Consumer-topic-ba15d73f_2154_4b49_882d_19d937e88744-5, groupId=Consumer-topic-ba15d73f_2154_4b49_882d_19d937e88744] Revoke previously assigned partitions topic-ba15d73f_2154_4b49_882d_19d937e88744-0
2025-08-13 16:35:36,488 INFO  [org.apa.kaf.cli.con.int.ConsumerCoordinator] (Thread-630) [Consumer clientId=consumer-Consumer-topic-ba15d73f_2154_4b49_882d_19d937e88744-5, groupId=Consumer-topic-ba15d73f_2154_4b49_882d_19d937e88744] Member consumer-Consumer-topic-ba15d73f_2154_4b49_882d_19d937e88744-5-f44a87d5-c18a-497c-ba5b-4cb0dfa96121 sending LeaveGroup request to coordinator localhost:32769 (id: 2147483647 rack: null) due to the consumer is being closed
2025-08-13 16:35:36,488 INFO  [org.apa.kaf.cli.con.int.ConsumerCoordinator] (Thread-630) [Consumer clientId=consumer-Consumer-topic-ba15d73f_2154_4b49_882d_19d937e88744-5, groupId=Consumer-topic-ba15d73f_2154_4b49_882d_19d937e88744] Resetting generation and member id due to: consumer pro-actively leaving the group
2025-08-13 16:35:36,488 INFO  [org.apa.kaf.cli.con.int.ConsumerCoordinator] (Thread-630) [Consumer clientId=consumer-Consumer-topic-ba15d73f_2154_4b49_882d_19d937e88744-5, groupId=Consumer-topic-ba15d73f_2154_4b49_882d_19d937e88744] Request joining group due to: consumer pro-actively leaving the group
2025-08-13 16:35:36,983 INFO  [org.apa.kaf.com.met.Metrics] (Thread-630) Metrics scheduler closed
2025-08-13 16:35:36,983 INFO  [org.apa.kaf.com.met.Metrics] (Thread-630) Closing reporter org.apache.kafka.common.metrics.JmxReporter
2025-08-13 16:35:36,983 INFO  [org.apa.kaf.com.met.Metrics] (Thread-630) Closing reporter org.apache.kafka.common.telemetry.internals.ClientTelemetryReporter
2025-08-13 16:35:36,983 INFO  [org.apa.kaf.com.met.Metrics] (Thread-630) Metrics reporters closed
2025-08-13 16:35:36,986 INFO  [org.apa.kaf.com.uti.AppInfoParser] (Thread-630) App info kafka.consumer for consumer-Consumer-topic-ba15d73f_2154_4b49_882d_19d937e88744-5 unregistered
2025-08-13 16:35:36,987 INFO  [io.api.tes.uti.TestSeparator] (main) io.apicurio.tests.serdes.apicurio.AvroSerdeIT.testRecordIdStrategydFindLatest-FINISHED
2025-08-13 16:35:36,987 INFO  [io.api.tes.uti.TestSeparator] (main) ############################################################################
Test passed: testRecordIdStrategydFindLatest
]]></system-out>
  </testcase>
  <testcase name="testReflectAutoRegister" classname="io.apicurio.tests.serdes.apicurio.AvroSerdeIT" time="3.856">
    <system-out><![CDATA[2025-08-13 16:35:36,991 INFO  [io.api.tes.uti.TestSeparator] (main) ############################################################################
2025-08-13 16:35:36,991 INFO  [io.api.tes.uti.TestSeparator] (main) io.apicurio.tests.serdes.apicurio.AvroSerdeIT.testReflectAutoRegister-STARTED
**** Registry Base URL: http://registry-app-inmemory.apps.ci419.apicurio-testing.org:80
2025-08-13 16:35:36,994 INFO  [org.apa.kaf.cli.pro.ProducerConfig] (main) ProducerConfig values: 
	acks = -1
	auto.include.jmx.reporter = true
	batch.size = 16384
	bootstrap.servers = [PLAINTEXT://localhost:32769]
	buffer.memory = 33554432
	client.dns.lookup = use_all_dns_ips
	client.id = Producer-topic-e37e32ff_087c_4ecc_aed5_91f7f7f6601f
	compression.gzip.level = -1
	compression.lz4.level = 9
	compression.type = none
	compression.zstd.level = 3
	connections.max.idle.ms = 10000
	delivery.timeout.ms = 120000
	enable.idempotence = true
	enable.metrics.push = true
	interceptor.classes = []
	key.serializer = class org.apache.kafka.common.serialization.StringSerializer
	linger.ms = 0
	max.block.ms = 60000
	max.in.flight.requests.per.connection = 5
	max.request.size = 1048576
	metadata.max.age.ms = 300000
	metadata.max.idle.ms = 300000
	metadata.recovery.strategy = none
	metric.reporters = []
	metrics.num.samples = 2
	metrics.recording.level = INFO
	metrics.sample.window.ms = 30000
	partitioner.adaptive.partitioning.enable = true
	partitioner.availability.timeout.ms = 0
	partitioner.class = null
	partitioner.ignore.keys = false
	receive.buffer.bytes = 32768
	reconnect.backoff.max.ms = 1000
	reconnect.backoff.ms = 50
	request.timeout.ms = 5000
	retries = 2147483647
	retry.backoff.max.ms = 1000
	retry.backoff.ms = 100
	sasl.client.callback.handler.class = null
	sasl.jaas.config = null
	sasl.kerberos.kinit.cmd = /usr/bin/kinit
	sasl.kerberos.min.time.before.relogin = 60000
	sasl.kerberos.service.name = null
	sasl.kerberos.ticket.renew.jitter = 0.05
	sasl.kerberos.ticket.renew.window.factor = 0.8
	sasl.login.callback.handler.class = null
	sasl.login.class = null
	sasl.login.connect.timeout.ms = null
	sasl.login.read.timeout.ms = null
	sasl.login.refresh.buffer.seconds = 300
	sasl.login.refresh.min.period.seconds = 60
	sasl.login.refresh.window.factor = 0.8
	sasl.login.refresh.window.jitter = 0.05
	sasl.login.retry.backoff.max.ms = 10000
	sasl.login.retry.backoff.ms = 100
	sasl.mechanism = GSSAPI
	sasl.oauthbearer.clock.skew.seconds = 30
	sasl.oauthbearer.expected.audience = null
	sasl.oauthbearer.expected.issuer = null
	sasl.oauthbearer.header.urlencode = false
	sasl.oauthbearer.jwks.endpoint.refresh.ms = 3600000
	sasl.oauthbearer.jwks.endpoint.retry.backoff.max.ms = 10000
	sasl.oauthbearer.jwks.endpoint.retry.backoff.ms = 100
	sasl.oauthbearer.jwks.endpoint.url = null
	sasl.oauthbearer.scope.claim.name = scope
	sasl.oauthbearer.sub.claim.name = sub
	sasl.oauthbearer.token.endpoint.url = null
	security.protocol = PLAINTEXT
	security.providers = null
	send.buffer.bytes = 131072
	socket.connection.setup.timeout.max.ms = 30000
	socket.connection.setup.timeout.ms = 10000
	ssl.cipher.suites = null
	ssl.enabled.protocols = [TLSv1.2, TLSv1.3]
	ssl.endpoint.identification.algorithm = https
	ssl.engine.factory.class = null
	ssl.key.password = null
	ssl.keymanager.algorithm = SunX509
	ssl.keystore.certificate.chain = null
	ssl.keystore.key = null
	ssl.keystore.location = null
	ssl.keystore.password = null
	ssl.keystore.type = JKS
	ssl.protocol = TLSv1.3
	ssl.provider = null
	ssl.secure.random.implementation = null
	ssl.trustmanager.algorithm = PKIX
	ssl.truststore.certificates = null
	ssl.truststore.location = null
	ssl.truststore.password = null
	ssl.truststore.type = JKS
	transaction.timeout.ms = 60000
	transactional.id = null
	value.serializer = class io.apicurio.registry.serde.avro.AvroKafkaSerializer

2025-08-13 16:35:36,994 INFO  [org.apa.kaf.com.tel.int.KafkaMetricsCollector] (main) initializing Kafka metrics collector
2025-08-13 16:35:37,006 INFO  [org.apa.kaf.cli.pro.KafkaProducer] (main) [Producer clientId=Producer-topic-e37e32ff_087c_4ecc_aed5_91f7f7f6601f] Instantiated an idempotent producer.
2025-08-13 16:35:37,009 INFO  [org.apa.kaf.cli.pro.ProducerConfig] (main) These configurations '[apicurio.registry.url, apicurio.registry.auto-register, apicurio.registry.artifact-resolver-strategy, apicurio.registry.avro-datum-provider]' were supplied but are not used yet.
2025-08-13 16:35:37,009 INFO  [org.apa.kaf.com.uti.AppInfoParser] (main) Kafka version: 3.9.1
2025-08-13 16:35:37,009 INFO  [org.apa.kaf.com.uti.AppInfoParser] (main) Kafka commitId: f745dfdcee2b9851
2025-08-13 16:35:37,009 INFO  [org.apa.kaf.com.uti.AppInfoParser] (main) Kafka startTimeMs: 1755102937009
2025-08-13 16:35:37,009 INFO  [io.api.tes.ser.api.SimpleSerdesTesterBuilder$SimpleSerdesTester] (main) Using producer configuration: {apicurio.registry.url=http://registry-app-inmemory.apps.ci419.apicurio-testing.org:80/apis/registry/v3, apicurio.registry.auto-register=true, apicurio.registry.artifact-resolver-strategy=io.apicurio.registry.serde.strategy.TopicIdStrategy, value.serializer=io.apicurio.registry.serde.avro.AvroKafkaSerializer, request.timeout.ms=5000, acks=all, bootstrap.servers=PLAINTEXT://localhost:32769, connections.max.idle.ms=10000, key.serializer=org.apache.kafka.common.serialization.StringSerializer, apicurio.registry.avro-datum-provider=io.apicurio.registry.serde.avro.ReflectAvroDatumProvider, client.id=Producer-topic-e37e32ff_087c_4ecc_aed5_91f7f7f6601f}
2025-08-13 16:35:37,009 INFO  [io.api.tes.ser.api.SimpleSerdesTesterBuilder$SimpleSerdesTester] (main) Using consumer configuration: {apicurio.registry.avro-datum-provider=io.apicurio.registry.serde.avro.ReflectAvroDatumProvider}
2025-08-13 16:35:37,012 INFO  [io.api.tes.ser.api.KafkaSerdesTester] (Thread-633) Sending message io.apicurio.tests.common.serdes.TestObject@3dbd29cb to topic topic-e37e32ff_087c_4ecc_aed5_91f7f7f6601f
2025-08-13 16:35:37,016 WARN  [org.apa.kaf.cli.NetworkClient] (kafka-producer-network-thread | Producer-topic-e37e32ff_087c_4ecc_aed5_91f7f7f6601f) [Producer clientId=Producer-topic-e37e32ff_087c_4ecc_aed5_91f7f7f6601f] The metadata response from the cluster reported a recoverable issue with correlation id 1 : {topic-e37e32ff_087c_4ecc_aed5_91f7f7f6601f=UNKNOWN_TOPIC_OR_PARTITION}
2025-08-13 16:35:37,017 INFO  [org.apa.kaf.cli.Metadata] (kafka-producer-network-thread | Producer-topic-e37e32ff_087c_4ecc_aed5_91f7f7f6601f) [Producer clientId=Producer-topic-e37e32ff_087c_4ecc_aed5_91f7f7f6601f] Cluster ID: Ytz5hAjST9OxAjCVQ_7B1Q
2025-08-13 16:35:37,018 INFO  [org.apa.kaf.cli.pro.int.TransactionManager] (kafka-producer-network-thread | Producer-topic-e37e32ff_087c_4ecc_aed5_91f7f7f6601f) [Producer clientId=Producer-topic-e37e32ff_087c_4ecc_aed5_91f7f7f6601f] ProducerId set to 6 with epoch 0
2025-08-13 16:35:37,182 INFO  [io.api.tes.ser.api.KafkaSerdesTester] (Thread-633) Sending message io.apicurio.tests.common.serdes.TestObject@3dbd29cb to topic topic-e37e32ff_087c_4ecc_aed5_91f7f7f6601f
2025-08-13 16:35:37,186 INFO  [io.api.tes.ser.api.KafkaSerdesTester] (Thread-633) Sending message io.apicurio.tests.common.serdes.TestObject@3dbd29cb to topic topic-e37e32ff_087c_4ecc_aed5_91f7f7f6601f
2025-08-13 16:35:37,190 INFO  [io.api.tes.ser.api.KafkaSerdesTester] (Thread-633) Sending message io.apicurio.tests.common.serdes.TestObject@3dbd29cb to topic topic-e37e32ff_087c_4ecc_aed5_91f7f7f6601f
2025-08-13 16:35:37,197 INFO  [io.api.tes.ser.api.KafkaSerdesTester] (Thread-633) Sending message io.apicurio.tests.common.serdes.TestObject@3dbd29cb to topic topic-e37e32ff_087c_4ecc_aed5_91f7f7f6601f
2025-08-13 16:35:37,203 INFO  [io.api.tes.ser.api.KafkaSerdesTester] (Thread-633) Sending message io.apicurio.tests.common.serdes.TestObject@3dbd29cb to topic topic-e37e32ff_087c_4ecc_aed5_91f7f7f6601f
2025-08-13 16:35:37,207 INFO  [io.api.tes.ser.api.KafkaSerdesTester] (Thread-633) Sending message io.apicurio.tests.common.serdes.TestObject@3dbd29cb to topic topic-e37e32ff_087c_4ecc_aed5_91f7f7f6601f
2025-08-13 16:35:37,212 INFO  [io.api.tes.ser.api.KafkaSerdesTester] (Thread-633) Sending message io.apicurio.tests.common.serdes.TestObject@3dbd29cb to topic topic-e37e32ff_087c_4ecc_aed5_91f7f7f6601f
2025-08-13 16:35:37,216 INFO  [io.api.tes.ser.api.KafkaSerdesTester] (Thread-633) Sending message io.apicurio.tests.common.serdes.TestObject@3dbd29cb to topic topic-e37e32ff_087c_4ecc_aed5_91f7f7f6601f
2025-08-13 16:35:37,223 INFO  [io.api.tes.ser.api.KafkaSerdesTester] (Thread-633) Sending message io.apicurio.tests.common.serdes.TestObject@3dbd29cb to topic topic-e37e32ff_087c_4ecc_aed5_91f7f7f6601f
2025-08-13 16:35:37,227 INFO  [io.api.tes.ser.api.KafkaSerdesTester] (Thread-633) Produced 10 messages
2025-08-13 16:35:37,227 INFO  [org.apa.kaf.cli.pro.KafkaProducer] (Thread-633) [Producer clientId=Producer-topic-e37e32ff_087c_4ecc_aed5_91f7f7f6601f] Closing the Kafka producer with timeoutMillis = 9223372036854775807 ms.
2025-08-13 16:35:37,231 INFO  [org.apa.kaf.com.met.Metrics] (Thread-633) Metrics scheduler closed
2025-08-13 16:35:37,231 INFO  [org.apa.kaf.com.met.Metrics] (Thread-633) Closing reporter org.apache.kafka.common.metrics.JmxReporter
2025-08-13 16:35:37,231 INFO  [org.apa.kaf.com.met.Metrics] (Thread-633) Closing reporter org.apache.kafka.common.telemetry.internals.ClientTelemetryReporter
2025-08-13 16:35:37,232 INFO  [org.apa.kaf.com.met.Metrics] (Thread-633) Metrics reporters closed
2025-08-13 16:35:37,232 INFO  [org.apa.kaf.com.uti.AppInfoParser] (Thread-633) App info kafka.producer for Producer-topic-e37e32ff_087c_4ecc_aed5_91f7f7f6601f unregistered
**** Registry Base URL: http://registry-app-inmemory.apps.ci419.apicurio-testing.org:80
2025-08-13 16:35:37,261 INFO  [org.apa.kaf.cli.con.ConsumerConfig] (main) ConsumerConfig values: 
	allow.auto.create.topics = true
	auto.commit.interval.ms = 500
	auto.include.jmx.reporter = true
	auto.offset.reset = earliest
	bootstrap.servers = [PLAINTEXT://localhost:32769]
	check.crcs = true
	client.dns.lookup = use_all_dns_ips
	client.id = consumer-Consumer-topic-e37e32ff_087c_4ecc_aed5_91f7f7f6601f-6
	client.rack = 
	connections.max.idle.ms = 10000
	default.api.timeout.ms = 60000
	enable.auto.commit = true
	enable.metrics.push = true
	exclude.internal.topics = true
	fetch.max.bytes = 52428800
	fetch.max.wait.ms = 500
	fetch.min.bytes = 1
	group.id = Consumer-topic-e37e32ff_087c_4ecc_aed5_91f7f7f6601f
	group.instance.id = null
	group.protocol = classic
	group.remote.assignor = null
	heartbeat.interval.ms = 3000
	interceptor.classes = []
	internal.leave.group.on.close = true
	internal.throw.on.fetch.stable.offset.unsupported = false
	isolation.level = read_uncommitted
	key.deserializer = class org.apache.kafka.common.serialization.StringDeserializer
	max.partition.fetch.bytes = 1048576
	max.poll.interval.ms = 300000
	max.poll.records = 500
	metadata.max.age.ms = 300000
	metadata.recovery.strategy = none
	metric.reporters = []
	metrics.num.samples = 2
	metrics.recording.level = INFO
	metrics.sample.window.ms = 30000
	partition.assignment.strategy = [class org.apache.kafka.clients.consumer.RangeAssignor, class org.apache.kafka.clients.consumer.CooperativeStickyAssignor]
	receive.buffer.bytes = 65536
	reconnect.backoff.max.ms = 1000
	reconnect.backoff.ms = 50
	request.timeout.ms = 5000
	retry.backoff.max.ms = 1000
	retry.backoff.ms = 100
	sasl.client.callback.handler.class = null
	sasl.jaas.config = null
	sasl.kerberos.kinit.cmd = /usr/bin/kinit
	sasl.kerberos.min.time.before.relogin = 60000
	sasl.kerberos.service.name = null
	sasl.kerberos.ticket.renew.jitter = 0.05
	sasl.kerberos.ticket.renew.window.factor = 0.8
	sasl.login.callback.handler.class = null
	sasl.login.class = null
	sasl.login.connect.timeout.ms = null
	sasl.login.read.timeout.ms = null
	sasl.login.refresh.buffer.seconds = 300
	sasl.login.refresh.min.period.seconds = 60
	sasl.login.refresh.window.factor = 0.8
	sasl.login.refresh.window.jitter = 0.05
	sasl.login.retry.backoff.max.ms = 10000
	sasl.login.retry.backoff.ms = 100
	sasl.mechanism = GSSAPI
	sasl.oauthbearer.clock.skew.seconds = 30
	sasl.oauthbearer.expected.audience = null
	sasl.oauthbearer.expected.issuer = null
	sasl.oauthbearer.header.urlencode = false
	sasl.oauthbearer.jwks.endpoint.refresh.ms = 3600000
	sasl.oauthbearer.jwks.endpoint.retry.backoff.max.ms = 10000
	sasl.oauthbearer.jwks.endpoint.retry.backoff.ms = 100
	sasl.oauthbearer.jwks.endpoint.url = null
	sasl.oauthbearer.scope.claim.name = scope
	sasl.oauthbearer.sub.claim.name = sub
	sasl.oauthbearer.token.endpoint.url = null
	security.protocol = PLAINTEXT
	security.providers = null
	send.buffer.bytes = 131072
	session.timeout.ms = 45000
	socket.connection.setup.timeout.max.ms = 30000
	socket.connection.setup.timeout.ms = 10000
	ssl.cipher.suites = null
	ssl.enabled.protocols = [TLSv1.2, TLSv1.3]
	ssl.endpoint.identification.algorithm = https
	ssl.engine.factory.class = null
	ssl.key.password = null
	ssl.keymanager.algorithm = SunX509
	ssl.keystore.certificate.chain = null
	ssl.keystore.key = null
	ssl.keystore.location = null
	ssl.keystore.password = null
	ssl.keystore.type = JKS
	ssl.protocol = TLSv1.3
	ssl.provider = null
	ssl.secure.random.implementation = null
	ssl.trustmanager.algorithm = PKIX
	ssl.truststore.certificates = null
	ssl.truststore.location = null
	ssl.truststore.password = null
	ssl.truststore.type = JKS
	value.deserializer = class io.apicurio.registry.serde.avro.AvroKafkaDeserializer

2025-08-13 16:35:37,262 INFO  [org.apa.kaf.com.tel.int.KafkaMetricsCollector] (main) initializing Kafka metrics collector
2025-08-13 16:35:37,268 INFO  [org.apa.kaf.cli.con.ConsumerConfig] (main) These configurations '[apicurio.registry.url, apicurio.registry.avro-datum-provider]' were supplied but are not used yet.
2025-08-13 16:35:37,268 INFO  [org.apa.kaf.com.uti.AppInfoParser] (main) Kafka version: 3.9.1
2025-08-13 16:35:37,268 INFO  [org.apa.kaf.com.uti.AppInfoParser] (main) Kafka commitId: f745dfdcee2b9851
2025-08-13 16:35:37,268 INFO  [org.apa.kaf.com.uti.AppInfoParser] (main) Kafka startTimeMs: 1755102937268
2025-08-13 16:35:37,269 INFO  [org.apa.kaf.cli.con.int.ClassicKafkaConsumer] (Thread-636) [Consumer clientId=consumer-Consumer-topic-e37e32ff_087c_4ecc_aed5_91f7f7f6601f-6, groupId=Consumer-topic-e37e32ff_087c_4ecc_aed5_91f7f7f6601f] Subscribed to topic(s): topic-e37e32ff_087c_4ecc_aed5_91f7f7f6601f
2025-08-13 16:35:37,275 INFO  [org.apa.kaf.cli.Metadata] (Thread-636) [Consumer clientId=consumer-Consumer-topic-e37e32ff_087c_4ecc_aed5_91f7f7f6601f-6, groupId=Consumer-topic-e37e32ff_087c_4ecc_aed5_91f7f7f6601f] Cluster ID: Ytz5hAjST9OxAjCVQ_7B1Q
2025-08-13 16:35:37,277 INFO  [org.apa.kaf.cli.con.int.ConsumerCoordinator] (Thread-636) [Consumer clientId=consumer-Consumer-topic-e37e32ff_087c_4ecc_aed5_91f7f7f6601f-6, groupId=Consumer-topic-e37e32ff_087c_4ecc_aed5_91f7f7f6601f] Discovered group coordinator localhost:32769 (id: 2147483647 rack: null)
2025-08-13 16:35:37,279 INFO  [org.apa.kaf.cli.con.int.ConsumerCoordinator] (Thread-636) [Consumer clientId=consumer-Consumer-topic-e37e32ff_087c_4ecc_aed5_91f7f7f6601f-6, groupId=Consumer-topic-e37e32ff_087c_4ecc_aed5_91f7f7f6601f] (Re-)joining group
2025-08-13 16:35:37,282 INFO  [org.apa.kaf.cli.con.int.ConsumerCoordinator] (Thread-636) [Consumer clientId=consumer-Consumer-topic-e37e32ff_087c_4ecc_aed5_91f7f7f6601f-6, groupId=Consumer-topic-e37e32ff_087c_4ecc_aed5_91f7f7f6601f] Request joining group due to: need to re-join with the given member-id: consumer-Consumer-topic-e37e32ff_087c_4ecc_aed5_91f7f7f6601f-6-00a4f409-e9b7-4fc8-8d42-d5a8c963ebfe
2025-08-13 16:35:37,282 INFO  [org.apa.kaf.cli.con.int.ConsumerCoordinator] (Thread-636) [Consumer clientId=consumer-Consumer-topic-e37e32ff_087c_4ecc_aed5_91f7f7f6601f-6, groupId=Consumer-topic-e37e32ff_087c_4ecc_aed5_91f7f7f6601f] (Re-)joining group
2025-08-13 16:35:38,269 INFO  [io.api.tes.ser.api.KafkaSerdesTester] (Thread-636) None found
2025-08-13 16:35:39,270 INFO  [io.api.tes.ser.api.KafkaSerdesTester] (Thread-636) None found
2025-08-13 16:35:40,270 INFO  [io.api.tes.ser.api.KafkaSerdesTester] (Thread-636) None found
2025-08-13 16:35:40,285 INFO  [org.apa.kaf.cli.con.int.ConsumerCoordinator] (Thread-636) [Consumer clientId=consumer-Consumer-topic-e37e32ff_087c_4ecc_aed5_91f7f7f6601f-6, groupId=Consumer-topic-e37e32ff_087c_4ecc_aed5_91f7f7f6601f] Successfully joined group with generation Generation{generationId=1, memberId='consumer-Consumer-topic-e37e32ff_087c_4ecc_aed5_91f7f7f6601f-6-00a4f409-e9b7-4fc8-8d42-d5a8c963ebfe', protocol='range'}
2025-08-13 16:35:40,285 INFO  [org.apa.kaf.cli.con.int.ConsumerCoordinator] (Thread-636) [Consumer clientId=consumer-Consumer-topic-e37e32ff_087c_4ecc_aed5_91f7f7f6601f-6, groupId=Consumer-topic-e37e32ff_087c_4ecc_aed5_91f7f7f6601f] Finished assignment for group at generation 1: {consumer-Consumer-topic-e37e32ff_087c_4ecc_aed5_91f7f7f6601f-6-00a4f409-e9b7-4fc8-8d42-d5a8c963ebfe=Assignment(partitions=[topic-e37e32ff_087c_4ecc_aed5_91f7f7f6601f-0])}
2025-08-13 16:35:40,292 INFO  [org.apa.kaf.cli.con.int.ConsumerCoordinator] (Thread-636) [Consumer clientId=consumer-Consumer-topic-e37e32ff_087c_4ecc_aed5_91f7f7f6601f-6, groupId=Consumer-topic-e37e32ff_087c_4ecc_aed5_91f7f7f6601f] Successfully synced group in generation Generation{generationId=1, memberId='consumer-Consumer-topic-e37e32ff_087c_4ecc_aed5_91f7f7f6601f-6-00a4f409-e9b7-4fc8-8d42-d5a8c963ebfe', protocol='range'}
2025-08-13 16:35:40,293 INFO  [org.apa.kaf.cli.con.int.ConsumerCoordinator] (Thread-636) [Consumer clientId=consumer-Consumer-topic-e37e32ff_087c_4ecc_aed5_91f7f7f6601f-6, groupId=Consumer-topic-e37e32ff_087c_4ecc_aed5_91f7f7f6601f] Notifying assignor about the new Assignment(partitions=[topic-e37e32ff_087c_4ecc_aed5_91f7f7f6601f-0])
2025-08-13 16:35:40,293 INFO  [org.apa.kaf.cli.con.int.ConsumerRebalanceListenerInvoker] (Thread-636) [Consumer clientId=consumer-Consumer-topic-e37e32ff_087c_4ecc_aed5_91f7f7f6601f-6, groupId=Consumer-topic-e37e32ff_087c_4ecc_aed5_91f7f7f6601f] Adding newly assigned partitions: topic-e37e32ff_087c_4ecc_aed5_91f7f7f6601f-0
2025-08-13 16:35:40,294 INFO  [org.apa.kaf.cli.con.int.ConsumerCoordinator] (Thread-636) [Consumer clientId=consumer-Consumer-topic-e37e32ff_087c_4ecc_aed5_91f7f7f6601f-6, groupId=Consumer-topic-e37e32ff_087c_4ecc_aed5_91f7f7f6601f] Found no committed offset for partition topic-e37e32ff_087c_4ecc_aed5_91f7f7f6601f-0
2025-08-13 16:35:40,297 INFO  [org.apa.kaf.cli.con.int.SubscriptionState] (Thread-636) [Consumer clientId=consumer-Consumer-topic-e37e32ff_087c_4ecc_aed5_91f7f7f6601f-6, groupId=Consumer-topic-e37e32ff_087c_4ecc_aed5_91f7f7f6601f] Resetting offset for partition topic-e37e32ff_087c_4ecc_aed5_91f7f7f6601f-0 to position FetchPosition{offset=0, offsetEpoch=Optional.empty, currentLeader=LeaderAndEpoch{leader=Optional[localhost:32769 (id: 0 rack: null)], epoch=0}}.
2025-08-13 16:35:40,336 INFO  [io.api.tes.ser.api.KafkaSerdesTester] (Thread-636) topic-e37e32ff_087c_4ecc_aed5_91f7f7f6601f 0 0 io.apicurio.tests.common.serdes.TestObject@3dbd29cb
2025-08-13 16:35:40,336 INFO  [io.api.tes.ser.api.KafkaSerdesTester] (Thread-636) topic-e37e32ff_087c_4ecc_aed5_91f7f7f6601f 0 1 io.apicurio.tests.common.serdes.TestObject@3dbd29cb
2025-08-13 16:35:40,337 INFO  [io.api.tes.ser.api.KafkaSerdesTester] (Thread-636) topic-e37e32ff_087c_4ecc_aed5_91f7f7f6601f 0 2 io.apicurio.tests.common.serdes.TestObject@3dbd29cb
2025-08-13 16:35:40,337 INFO  [io.api.tes.ser.api.KafkaSerdesTester] (Thread-636) topic-e37e32ff_087c_4ecc_aed5_91f7f7f6601f 0 3 io.apicurio.tests.common.serdes.TestObject@3dbd29cb
2025-08-13 16:35:40,337 INFO  [io.api.tes.ser.api.KafkaSerdesTester] (Thread-636) topic-e37e32ff_087c_4ecc_aed5_91f7f7f6601f 0 4 io.apicurio.tests.common.serdes.TestObject@3dbd29cb
2025-08-13 16:35:40,337 INFO  [io.api.tes.ser.api.KafkaSerdesTester] (Thread-636) topic-e37e32ff_087c_4ecc_aed5_91f7f7f6601f 0 5 io.apicurio.tests.common.serdes.TestObject@3dbd29cb
2025-08-13 16:35:40,337 INFO  [io.api.tes.ser.api.KafkaSerdesTester] (Thread-636) topic-e37e32ff_087c_4ecc_aed5_91f7f7f6601f 0 6 io.apicurio.tests.common.serdes.TestObject@3dbd29cb
2025-08-13 16:35:40,337 INFO  [io.api.tes.ser.api.KafkaSerdesTester] (Thread-636) topic-e37e32ff_087c_4ecc_aed5_91f7f7f6601f 0 7 io.apicurio.tests.common.serdes.TestObject@3dbd29cb
2025-08-13 16:35:40,337 INFO  [io.api.tes.ser.api.KafkaSerdesTester] (Thread-636) topic-e37e32ff_087c_4ecc_aed5_91f7f7f6601f 0 8 io.apicurio.tests.common.serdes.TestObject@3dbd29cb
2025-08-13 16:35:40,337 INFO  [io.api.tes.ser.api.KafkaSerdesTester] (Thread-636) topic-e37e32ff_087c_4ecc_aed5_91f7f7f6601f 0 9 io.apicurio.tests.common.serdes.TestObject@3dbd29cb
2025-08-13 16:35:40,337 INFO  [io.api.tes.ser.api.KafkaSerdesTester] (Thread-636) Consumed 10 messages
2025-08-13 16:35:40,345 INFO  [org.apa.kaf.cli.con.int.ConsumerRebalanceListenerInvoker] (Thread-636) [Consumer clientId=consumer-Consumer-topic-e37e32ff_087c_4ecc_aed5_91f7f7f6601f-6, groupId=Consumer-topic-e37e32ff_087c_4ecc_aed5_91f7f7f6601f] Revoke previously assigned partitions topic-e37e32ff_087c_4ecc_aed5_91f7f7f6601f-0
2025-08-13 16:35:40,345 INFO  [org.apa.kaf.cli.con.int.ConsumerCoordinator] (Thread-636) [Consumer clientId=consumer-Consumer-topic-e37e32ff_087c_4ecc_aed5_91f7f7f6601f-6, groupId=Consumer-topic-e37e32ff_087c_4ecc_aed5_91f7f7f6601f] Member consumer-Consumer-topic-e37e32ff_087c_4ecc_aed5_91f7f7f6601f-6-00a4f409-e9b7-4fc8-8d42-d5a8c963ebfe sending LeaveGroup request to coordinator localhost:32769 (id: 2147483647 rack: null) due to the consumer is being closed
2025-08-13 16:35:40,346 INFO  [org.apa.kaf.cli.con.int.ConsumerCoordinator] (Thread-636) [Consumer clientId=consumer-Consumer-topic-e37e32ff_087c_4ecc_aed5_91f7f7f6601f-6, groupId=Consumer-topic-e37e32ff_087c_4ecc_aed5_91f7f7f6601f] Resetting generation and member id due to: consumer pro-actively leaving the group
2025-08-13 16:35:40,346 INFO  [org.apa.kaf.cli.con.int.ConsumerCoordinator] (Thread-636) [Consumer clientId=consumer-Consumer-topic-e37e32ff_087c_4ecc_aed5_91f7f7f6601f-6, groupId=Consumer-topic-e37e32ff_087c_4ecc_aed5_91f7f7f6601f] Request joining group due to: consumer pro-actively leaving the group
2025-08-13 16:35:40,840 INFO  [org.apa.kaf.com.met.Metrics] (Thread-636) Metrics scheduler closed
2025-08-13 16:35:40,840 INFO  [org.apa.kaf.com.met.Metrics] (Thread-636) Closing reporter org.apache.kafka.common.metrics.JmxReporter
2025-08-13 16:35:40,840 INFO  [org.apa.kaf.com.met.Metrics] (Thread-636) Closing reporter org.apache.kafka.common.telemetry.internals.ClientTelemetryReporter
2025-08-13 16:35:40,840 INFO  [org.apa.kaf.com.met.Metrics] (Thread-636) Metrics reporters closed
2025-08-13 16:35:40,843 INFO  [org.apa.kaf.com.uti.AppInfoParser] (Thread-636) App info kafka.consumer for consumer-Consumer-topic-e37e32ff_087c_4ecc_aed5_91f7f7f6601f-6 unregistered
2025-08-13 16:35:40,844 INFO  [io.api.tes.uti.TestSeparator] (main) io.apicurio.tests.serdes.apicurio.AvroSerdeIT.testReflectAutoRegister-FINISHED
2025-08-13 16:35:40,844 INFO  [io.api.tes.uti.TestSeparator] (main) ############################################################################
Test passed: testReflectAutoRegister
]]></system-out>
  </testcase>
  <testcase name="testArtifactNotFound" classname="io.apicurio.tests.serdes.apicurio.AvroSerdeIT" time="0.189">
    <system-out><![CDATA[2025-08-13 16:35:40,846 INFO  [io.api.tes.uti.TestSeparator] (main) ############################################################################
2025-08-13 16:35:40,846 INFO  [io.api.tes.uti.TestSeparator] (main) io.apicurio.tests.serdes.apicurio.AvroSerdeIT.testArtifactNotFound-STARTED
**** Registry Base URL: http://registry-app-inmemory.apps.ci419.apicurio-testing.org:80
2025-08-13 16:35:40,849 INFO  [org.apa.kaf.cli.pro.ProducerConfig] (main) ProducerConfig values: 
	acks = -1
	auto.include.jmx.reporter = true
	batch.size = 16384
	bootstrap.servers = [PLAINTEXT://localhost:32769]
	buffer.memory = 33554432
	client.dns.lookup = use_all_dns_ips
	client.id = Producer-sef481a28x4eccx4d7dx8634x22b6155d90ce
	compression.gzip.level = -1
	compression.lz4.level = 9
	compression.type = none
	compression.zstd.level = 3
	connections.max.idle.ms = 10000
	delivery.timeout.ms = 120000
	enable.idempotence = true
	enable.metrics.push = true
	interceptor.classes = []
	key.serializer = class org.apache.kafka.common.serialization.StringSerializer
	linger.ms = 0
	max.block.ms = 60000
	max.in.flight.requests.per.connection = 5
	max.request.size = 1048576
	metadata.max.age.ms = 300000
	metadata.max.idle.ms = 300000
	metadata.recovery.strategy = none
	metric.reporters = []
	metrics.num.samples = 2
	metrics.recording.level = INFO
	metrics.sample.window.ms = 30000
	partitioner.adaptive.partitioning.enable = true
	partitioner.availability.timeout.ms = 0
	partitioner.class = null
	partitioner.ignore.keys = false
	receive.buffer.bytes = 32768
	reconnect.backoff.max.ms = 1000
	reconnect.backoff.ms = 50
	request.timeout.ms = 5000
	retries = 2147483647
	retry.backoff.max.ms = 1000
	retry.backoff.ms = 100
	sasl.client.callback.handler.class = null
	sasl.jaas.config = null
	sasl.kerberos.kinit.cmd = /usr/bin/kinit
	sasl.kerberos.min.time.before.relogin = 60000
	sasl.kerberos.service.name = null
	sasl.kerberos.ticket.renew.jitter = 0.05
	sasl.kerberos.ticket.renew.window.factor = 0.8
	sasl.login.callback.handler.class = null
	sasl.login.class = null
	sasl.login.connect.timeout.ms = null
	sasl.login.read.timeout.ms = null
	sasl.login.refresh.buffer.seconds = 300
	sasl.login.refresh.min.period.seconds = 60
	sasl.login.refresh.window.factor = 0.8
	sasl.login.refresh.window.jitter = 0.05
	sasl.login.retry.backoff.max.ms = 10000
	sasl.login.retry.backoff.ms = 100
	sasl.mechanism = GSSAPI
	sasl.oauthbearer.clock.skew.seconds = 30
	sasl.oauthbearer.expected.audience = null
	sasl.oauthbearer.expected.issuer = null
	sasl.oauthbearer.header.urlencode = false
	sasl.oauthbearer.jwks.endpoint.refresh.ms = 3600000
	sasl.oauthbearer.jwks.endpoint.retry.backoff.max.ms = 10000
	sasl.oauthbearer.jwks.endpoint.retry.backoff.ms = 100
	sasl.oauthbearer.jwks.endpoint.url = null
	sasl.oauthbearer.scope.claim.name = scope
	sasl.oauthbearer.sub.claim.name = sub
	sasl.oauthbearer.token.endpoint.url = null
	security.protocol = PLAINTEXT
	security.providers = null
	send.buffer.bytes = 131072
	socket.connection.setup.timeout.max.ms = 30000
	socket.connection.setup.timeout.ms = 10000
	ssl.cipher.suites = null
	ssl.enabled.protocols = [TLSv1.2, TLSv1.3]
	ssl.endpoint.identification.algorithm = https
	ssl.engine.factory.class = null
	ssl.key.password = null
	ssl.keymanager.algorithm = SunX509
	ssl.keystore.certificate.chain = null
	ssl.keystore.key = null
	ssl.keystore.location = null
	ssl.keystore.password = null
	ssl.keystore.type = JKS
	ssl.protocol = TLSv1.3
	ssl.provider = null
	ssl.secure.random.implementation = null
	ssl.trustmanager.algorithm = PKIX
	ssl.truststore.certificates = null
	ssl.truststore.location = null
	ssl.truststore.password = null
	ssl.truststore.type = JKS
	transaction.timeout.ms = 60000
	transactional.id = null
	value.serializer = class io.apicurio.registry.serde.avro.AvroKafkaSerializer

2025-08-13 16:35:40,850 INFO  [org.apa.kaf.com.tel.int.KafkaMetricsCollector] (main) initializing Kafka metrics collector
2025-08-13 16:35:40,854 INFO  [org.apa.kaf.cli.pro.KafkaProducer] (main) [Producer clientId=Producer-sef481a28x4eccx4d7dx8634x22b6155d90ce] Instantiated an idempotent producer.
2025-08-13 16:35:40,857 INFO  [org.apa.kaf.cli.pro.ProducerConfig] (main) These configurations '[apicurio.registry.url, apicurio.registry.artifact-resolver-strategy]' were supplied but are not used yet.
2025-08-13 16:35:40,857 INFO  [org.apa.kaf.com.uti.AppInfoParser] (main) Kafka version: 3.9.1
2025-08-13 16:35:40,857 INFO  [org.apa.kaf.com.uti.AppInfoParser] (main) Kafka commitId: f745dfdcee2b9851
2025-08-13 16:35:40,857 INFO  [org.apa.kaf.com.uti.AppInfoParser] (main) Kafka startTimeMs: 1755102940857
2025-08-13 16:35:40,858 INFO  [io.api.tes.ser.api.KafkaSerdesTester] (Thread-639) Sending message {"keyB": "value-0"} to topic sef481a28x4eccx4d7dx8634x22b6155d90ce
2025-08-13 16:35:40,862 WARN  [org.apa.kaf.cli.NetworkClient] (kafka-producer-network-thread | Producer-sef481a28x4eccx4d7dx8634x22b6155d90ce) [Producer clientId=Producer-sef481a28x4eccx4d7dx8634x22b6155d90ce] The metadata response from the cluster reported a recoverable issue with correlation id 1 : {sef481a28x4eccx4d7dx8634x22b6155d90ce=UNKNOWN_TOPIC_OR_PARTITION}
2025-08-13 16:35:40,862 INFO  [org.apa.kaf.cli.Metadata] (kafka-producer-network-thread | Producer-sef481a28x4eccx4d7dx8634x22b6155d90ce) [Producer clientId=Producer-sef481a28x4eccx4d7dx8634x22b6155d90ce] Cluster ID: Ytz5hAjST9OxAjCVQ_7B1Q
2025-08-13 16:35:40,862 INFO  [org.apa.kaf.cli.pro.int.TransactionManager] (kafka-producer-network-thread | Producer-sef481a28x4eccx4d7dx8634x22b6155d90ce) [Producer clientId=Producer-sef481a28x4eccx4d7dx8634x22b6155d90ce] ProducerId set to 7 with epoch 0
2025-08-13 16:35:40,975 INFO  [DefaultSchemaResolver] (Thread-639) Retrieving schema content using string: {"type":"record","name":"myrecord","namespace":"mygroup","fields":[{"name":"keyB","type":"string"}]}
2025-08-13 16:35:41,028 INFO  [org.apa.kaf.cli.pro.KafkaProducer] (Thread-639) [Producer clientId=Producer-sef481a28x4eccx4d7dx8634x22b6155d90ce] Closing the Kafka producer with timeoutMillis = 9223372036854775807 ms.
2025-08-13 16:35:41,030 INFO  [org.apa.kaf.com.met.Metrics] (Thread-639) Metrics scheduler closed
2025-08-13 16:35:41,030 INFO  [org.apa.kaf.com.met.Metrics] (Thread-639) Closing reporter org.apache.kafka.common.metrics.JmxReporter
2025-08-13 16:35:41,031 INFO  [org.apa.kaf.com.met.Metrics] (Thread-639) Closing reporter org.apache.kafka.common.telemetry.internals.ClientTelemetryReporter
2025-08-13 16:35:41,031 INFO  [org.apa.kaf.com.met.Metrics] (Thread-639) Metrics reporters closed
2025-08-13 16:35:41,031 INFO  [org.apa.kaf.com.uti.AppInfoParser] (Thread-639) App info kafka.producer for Producer-sef481a28x4eccx4d7dx8634x22b6155d90ce unregistered
2025-08-13 16:35:41,033 INFO  [io.api.tes.uti.TestSeparator] (main) io.apicurio.tests.serdes.apicurio.AvroSerdeIT.testArtifactNotFound-FINISHED
2025-08-13 16:35:41,034 INFO  [io.api.tes.uti.TestSeparator] (main) ############################################################################
Test passed: testArtifactNotFound
]]></system-out>
    <system-err><![CDATA[java.lang.RuntimeException: Could not resolve artifact reference by content: {"type":"record","name":"myrecord","namespace":"mygroup","fields":[{"name":"keyB","type":"string"}]}&ArtifactReference [groupId=default, artifactId=sef481a28x4eccx4d7dx8634x22b6155d90ce-value, version=null, globalId=null, contentId=null, contentHash=null]
	at io.apicurio.registry.resolver.DefaultSchemaResolver.lambda$handleResolveSchemaByContent$3(DefaultSchemaResolver.java:265)
	at io.apicurio.registry.resolver.cache.ERCache.lambda$getValue$0(ERCache.java:174)
	at io.apicurio.registry.resolver.cache.ERCache.retry(ERCache.java:227)
	at io.apicurio.registry.resolver.cache.ERCache.getValue(ERCache.java:173)
	at io.apicurio.registry.resolver.cache.ERCache.getByContent(ERCache.java:147)
	at io.apicurio.registry.resolver.DefaultSchemaResolver.handleResolveSchemaByContent(DefaultSchemaResolver.java:253)
	at io.apicurio.registry.resolver.DefaultSchemaResolver.getSchemaFromRegistry(DefaultSchemaResolver.java:138)
	at io.apicurio.registry.resolver.DefaultSchemaResolver.lambda$resolveSchema$0(DefaultSchemaResolver.java:84)
	at java.base/java.util.Optional.orElseGet(Optional.java:364)
	at io.apicurio.registry.resolver.DefaultSchemaResolver.resolveSchema(DefaultSchemaResolver.java:84)
	at io.apicurio.registry.serde.AbstractSerializer.serializeData(AbstractSerializer.java:62)
	at io.apicurio.registry.serde.KafkaSerializer.serialize(KafkaSerializer.java:77)
	at org.apache.kafka.clients.producer.KafkaProducer.doSend(KafkaProducer.java:1046)
	at org.apache.kafka.clients.producer.KafkaProducer.send(KafkaProducer.java:993)
	at org.apache.kafka.clients.producer.KafkaProducer.send(KafkaProducer.java:875)
	at io.apicurio.tests.serdes.apicurio.KafkaSerdesTester.lambda$produceMessages$3(KafkaSerdesTester.java:138)
	at java.base/java.util.concurrent.CompletableFuture$AsyncSupply.run(CompletableFuture.java:1768)
	at java.base/java.lang.Thread.run(Thread.java:840)
]]></system-err>
  </testcase>
  <testcase name="testAvroSerDesFailDifferentSchemaByRecordName" classname="io.apicurio.tests.serdes.apicurio.AvroSerdeIT" time="1.102">
    <system-out><![CDATA[2025-08-13 16:35:41,035 INFO  [io.api.tes.uti.TestSeparator] (main) ############################################################################
2025-08-13 16:35:41,035 INFO  [io.api.tes.uti.TestSeparator] (main) io.apicurio.tests.serdes.apicurio.AvroSerdeIT.testAvroSerDesFailDifferentSchemaByRecordName-STARTED
**** Registry Base URL: http://registry-app-inmemory.apps.ci419.apicurio-testing.org:80
2025-08-13 16:35:42,094 INFO  [org.apa.kaf.cli.pro.ProducerConfig] (main) ProducerConfig values: 
	acks = -1
	auto.include.jmx.reporter = true
	batch.size = 16384
	bootstrap.servers = [PLAINTEXT://localhost:32769]
	buffer.memory = 33554432
	client.dns.lookup = use_all_dns_ips
	client.id = Producer-topic-2dd423c1_1a02_4313_926b_010ca62001c9
	compression.gzip.level = -1
	compression.lz4.level = 9
	compression.type = none
	compression.zstd.level = 3
	connections.max.idle.ms = 10000
	delivery.timeout.ms = 120000
	enable.idempotence = true
	enable.metrics.push = true
	interceptor.classes = []
	key.serializer = class org.apache.kafka.common.serialization.StringSerializer
	linger.ms = 0
	max.block.ms = 60000
	max.in.flight.requests.per.connection = 5
	max.request.size = 1048576
	metadata.max.age.ms = 300000
	metadata.max.idle.ms = 300000
	metadata.recovery.strategy = none
	metric.reporters = []
	metrics.num.samples = 2
	metrics.recording.level = INFO
	metrics.sample.window.ms = 30000
	partitioner.adaptive.partitioning.enable = true
	partitioner.availability.timeout.ms = 0
	partitioner.class = null
	partitioner.ignore.keys = false
	receive.buffer.bytes = 32768
	reconnect.backoff.max.ms = 1000
	reconnect.backoff.ms = 50
	request.timeout.ms = 5000
	retries = 2147483647
	retry.backoff.max.ms = 1000
	retry.backoff.ms = 100
	sasl.client.callback.handler.class = null
	sasl.jaas.config = null
	sasl.kerberos.kinit.cmd = /usr/bin/kinit
	sasl.kerberos.min.time.before.relogin = 60000
	sasl.kerberos.service.name = null
	sasl.kerberos.ticket.renew.jitter = 0.05
	sasl.kerberos.ticket.renew.window.factor = 0.8
	sasl.login.callback.handler.class = null
	sasl.login.class = null
	sasl.login.connect.timeout.ms = null
	sasl.login.read.timeout.ms = null
	sasl.login.refresh.buffer.seconds = 300
	sasl.login.refresh.min.period.seconds = 60
	sasl.login.refresh.window.factor = 0.8
	sasl.login.refresh.window.jitter = 0.05
	sasl.login.retry.backoff.max.ms = 10000
	sasl.login.retry.backoff.ms = 100
	sasl.mechanism = GSSAPI
	sasl.oauthbearer.clock.skew.seconds = 30
	sasl.oauthbearer.expected.audience = null
	sasl.oauthbearer.expected.issuer = null
	sasl.oauthbearer.header.urlencode = false
	sasl.oauthbearer.jwks.endpoint.refresh.ms = 3600000
	sasl.oauthbearer.jwks.endpoint.retry.backoff.max.ms = 10000
	sasl.oauthbearer.jwks.endpoint.retry.backoff.ms = 100
	sasl.oauthbearer.jwks.endpoint.url = null
	sasl.oauthbearer.scope.claim.name = scope
	sasl.oauthbearer.sub.claim.name = sub
	sasl.oauthbearer.token.endpoint.url = null
	security.protocol = PLAINTEXT
	security.providers = null
	send.buffer.bytes = 131072
	socket.connection.setup.timeout.max.ms = 30000
	socket.connection.setup.timeout.ms = 10000
	ssl.cipher.suites = null
	ssl.enabled.protocols = [TLSv1.2, TLSv1.3]
	ssl.endpoint.identification.algorithm = https
	ssl.engine.factory.class = null
	ssl.key.password = null
	ssl.keymanager.algorithm = SunX509
	ssl.keystore.certificate.chain = null
	ssl.keystore.key = null
	ssl.keystore.location = null
	ssl.keystore.password = null
	ssl.keystore.type = JKS
	ssl.protocol = TLSv1.3
	ssl.provider = null
	ssl.secure.random.implementation = null
	ssl.trustmanager.algorithm = PKIX
	ssl.truststore.certificates = null
	ssl.truststore.location = null
	ssl.truststore.password = null
	ssl.truststore.type = JKS
	transaction.timeout.ms = 60000
	transactional.id = null
	value.serializer = class io.apicurio.registry.serde.avro.AvroKafkaSerializer

2025-08-13 16:35:42,095 INFO  [org.apa.kaf.com.tel.int.KafkaMetricsCollector] (main) initializing Kafka metrics collector
2025-08-13 16:35:42,099 INFO  [org.apa.kaf.cli.pro.KafkaProducer] (main) [Producer clientId=Producer-topic-2dd423c1_1a02_4313_926b_010ca62001c9] Instantiated an idempotent producer.
2025-08-13 16:35:42,100 INFO  [org.apa.kaf.cli.pro.ProducerConfig] (main) These configurations '[apicurio.registry.find-latest, apicurio.registry.url, apicurio.registry.artifact-resolver-strategy]' were supplied but are not used yet.
2025-08-13 16:35:42,101 INFO  [org.apa.kaf.com.uti.AppInfoParser] (main) Kafka version: 3.9.1
2025-08-13 16:35:42,101 INFO  [org.apa.kaf.com.uti.AppInfoParser] (main) Kafka commitId: f745dfdcee2b9851
2025-08-13 16:35:42,101 INFO  [org.apa.kaf.com.uti.AppInfoParser] (main) Kafka startTimeMs: 1755102942101
2025-08-13 16:35:42,101 INFO  [io.api.tes.ser.api.KafkaSerdesTester] (Thread-642) Sending message {"keyB": "value-0"} to topic topic-2dd423c1_1a02_4313_926b_010ca62001c9
2025-08-13 16:35:42,105 INFO  [org.apa.kaf.cli.Metadata] (kafka-producer-network-thread | Producer-topic-2dd423c1_1a02_4313_926b_010ca62001c9) [Producer clientId=Producer-topic-2dd423c1_1a02_4313_926b_010ca62001c9] Cluster ID: Ytz5hAjST9OxAjCVQ_7B1Q
2025-08-13 16:35:42,106 INFO  [org.apa.kaf.cli.pro.int.TransactionManager] (kafka-producer-network-thread | Producer-topic-2dd423c1_1a02_4313_926b_010ca62001c9) [Producer clientId=Producer-topic-2dd423c1_1a02_4313_926b_010ca62001c9] ProducerId set to 8 with epoch 0
2025-08-13 16:35:42,131 INFO  [org.apa.kaf.cli.pro.KafkaProducer] (Thread-642) [Producer clientId=Producer-topic-2dd423c1_1a02_4313_926b_010ca62001c9] Closing the Kafka producer with timeoutMillis = 9223372036854775807 ms.
2025-08-13 16:35:42,133 INFO  [org.apa.kaf.com.met.Metrics] (Thread-642) Metrics scheduler closed
2025-08-13 16:35:42,133 INFO  [org.apa.kaf.com.met.Metrics] (Thread-642) Closing reporter org.apache.kafka.common.metrics.JmxReporter
2025-08-13 16:35:42,133 INFO  [org.apa.kaf.com.met.Metrics] (Thread-642) Closing reporter org.apache.kafka.common.telemetry.internals.ClientTelemetryReporter
2025-08-13 16:35:42,133 INFO  [org.apa.kaf.com.met.Metrics] (Thread-642) Metrics reporters closed
2025-08-13 16:35:42,133 INFO  [org.apa.kaf.com.uti.AppInfoParser] (Thread-642) App info kafka.producer for Producer-topic-2dd423c1_1a02_4313_926b_010ca62001c9 unregistered
2025-08-13 16:35:42,135 INFO  [io.api.tes.uti.TestSeparator] (main) io.apicurio.tests.serdes.apicurio.AvroSerdeIT.testAvroSerDesFailDifferentSchemaByRecordName-FINISHED
2025-08-13 16:35:42,135 INFO  [io.api.tes.uti.TestSeparator] (main) ############################################################################
Test passed: testAvroSerDesFailDifferentSchemaByRecordName
]]></system-out>
    <system-err><![CDATA[io.apicurio.registry.rest.client.models.ProblemDetails
	at io.apicurio.registry.rest.client.models.ProblemDetails.createFromDiscriminatorValue(ProblemDetails.java:58)
	at io.kiota.serialization.json.JsonParseNode.getObjectValue(JsonParseNode.java:247)
	at io.kiota.http.vertx.VertXRequestAdapter.lambda$throwIfFailedResponse$0(VertXRequestAdapter.java:400)
	at com.microsoft.kiota.ApiExceptionBuilder.<init>(ApiExceptionBuilder.java:26)
	at io.kiota.http.vertx.VertXRequestAdapter.throwIfFailedResponse(VertXRequestAdapter.java:399)
	at io.kiota.http.vertx.VertXRequestAdapter.send(VertXRequestAdapter.java:170)
	at io.apicurio.registry.rest.client.groups.item.artifacts.item.versions.item.WithVersionExpressionItemRequestBuilder.get(WithVersionExpressionItemRequestBuilder.java:128)
	at io.apicurio.registry.rest.client.groups.item.artifacts.item.versions.item.WithVersionExpressionItemRequestBuilder.get(WithVersionExpressionItemRequestBuilder.java:111)
	at io.apicurio.registry.resolver.client.RegistryClientFacadeImpl.getVersionCoordinatesByGAV(RegistryClientFacadeImpl.java:159)
	at io.apicurio.registry.resolver.DefaultSchemaResolver.resolveByCoordinates(DefaultSchemaResolver.java:352)
	at io.apicurio.registry.resolver.DefaultSchemaResolver.lambda$resolveSchemaByArtifactReferenceCached$6(DefaultSchemaResolver.java:340)
	at io.apicurio.registry.resolver.cache.ERCache.lambda$getValue$0(ERCache.java:174)
	at io.apicurio.registry.resolver.cache.ERCache.retry(ERCache.java:227)
	at io.apicurio.registry.resolver.cache.ERCache.getValue(ERCache.java:173)
	at io.apicurio.registry.resolver.cache.ERCache.getByArtifactCoordinates(ERCache.java:158)
	at io.apicurio.registry.resolver.DefaultSchemaResolver.resolveSchemaByArtifactReferenceCached(DefaultSchemaResolver.java:338)
	at io.apicurio.registry.resolver.DefaultSchemaResolver.resolveSchemaByCoordinates(DefaultSchemaResolver.java:193)
	at io.apicurio.registry.resolver.DefaultSchemaResolver.getSchemaFromRegistry(DefaultSchemaResolver.java:130)
	at io.apicurio.registry.resolver.DefaultSchemaResolver.lambda$resolveSchema$0(DefaultSchemaResolver.java:84)
	at java.base/java.util.Optional.orElseGet(Optional.java:364)
	at io.apicurio.registry.resolver.DefaultSchemaResolver.resolveSchema(DefaultSchemaResolver.java:84)
	at io.apicurio.registry.serde.AbstractSerializer.serializeData(AbstractSerializer.java:62)
	at io.apicurio.registry.serde.KafkaSerializer.serialize(KafkaSerializer.java:77)
	at org.apache.kafka.clients.producer.KafkaProducer.doSend(KafkaProducer.java:1046)
	at org.apache.kafka.clients.producer.KafkaProducer.send(KafkaProducer.java:993)
	at org.apache.kafka.clients.producer.KafkaProducer.send(KafkaProducer.java:875)
	at io.apicurio.tests.serdes.apicurio.KafkaSerdesTester.lambda$produceMessages$3(KafkaSerdesTester.java:138)
	at java.base/java.util.concurrent.CompletableFuture$AsyncSupply.run(CompletableFuture.java:1768)
	at java.base/java.lang.Thread.run(Thread.java:840)
]]></system-err>
  </testcase>
  <testcase name="testTopicIdStrategyFindLatest" classname="io.apicurio.tests.serdes.apicurio.AvroSerdeIT" time="4.739">
    <system-out><![CDATA[2025-08-13 16:35:42,137 INFO  [io.api.tes.uti.TestSeparator] (main) ############################################################################
2025-08-13 16:35:42,137 INFO  [io.api.tes.uti.TestSeparator] (main) io.apicurio.tests.serdes.apicurio.AvroSerdeIT.testTopicIdStrategyFindLatest-STARTED
2025-08-13 16:35:42,138 INFO  [io.api.tes.ser.api.AvroSerdeIT] (main) Registering Avro Schema: {"type":"record","name":"myrecordapicurio1","fields":[{"name":"key11755102942137","type":"string"}]}
**** Registry Base URL: http://registry-app-inmemory.apps.ci419.apicurio-testing.org:80
2025-08-13 16:35:43,171 INFO  [org.apa.kaf.cli.pro.ProducerConfig] (main) ProducerConfig values: 
	acks = -1
	auto.include.jmx.reporter = true
	batch.size = 16384
	bootstrap.servers = [PLAINTEXT://localhost:32769]
	buffer.memory = 33554432
	client.dns.lookup = use_all_dns_ips
	client.id = Producer-topic-858ba7ef_ce4a_4079_9127_97f515c60936
	compression.gzip.level = -1
	compression.lz4.level = 9
	compression.type = none
	compression.zstd.level = 3
	connections.max.idle.ms = 10000
	delivery.timeout.ms = 120000
	enable.idempotence = true
	enable.metrics.push = true
	interceptor.classes = []
	key.serializer = class org.apache.kafka.common.serialization.StringSerializer
	linger.ms = 0
	max.block.ms = 60000
	max.in.flight.requests.per.connection = 5
	max.request.size = 1048576
	metadata.max.age.ms = 300000
	metadata.max.idle.ms = 300000
	metadata.recovery.strategy = none
	metric.reporters = []
	metrics.num.samples = 2
	metrics.recording.level = INFO
	metrics.sample.window.ms = 30000
	partitioner.adaptive.partitioning.enable = true
	partitioner.availability.timeout.ms = 0
	partitioner.class = null
	partitioner.ignore.keys = false
	receive.buffer.bytes = 32768
	reconnect.backoff.max.ms = 1000
	reconnect.backoff.ms = 50
	request.timeout.ms = 5000
	retries = 2147483647
	retry.backoff.max.ms = 1000
	retry.backoff.ms = 100
	sasl.client.callback.handler.class = null
	sasl.jaas.config = null
	sasl.kerberos.kinit.cmd = /usr/bin/kinit
	sasl.kerberos.min.time.before.relogin = 60000
	sasl.kerberos.service.name = null
	sasl.kerberos.ticket.renew.jitter = 0.05
	sasl.kerberos.ticket.renew.window.factor = 0.8
	sasl.login.callback.handler.class = null
	sasl.login.class = null
	sasl.login.connect.timeout.ms = null
	sasl.login.read.timeout.ms = null
	sasl.login.refresh.buffer.seconds = 300
	sasl.login.refresh.min.period.seconds = 60
	sasl.login.refresh.window.factor = 0.8
	sasl.login.refresh.window.jitter = 0.05
	sasl.login.retry.backoff.max.ms = 10000
	sasl.login.retry.backoff.ms = 100
	sasl.mechanism = GSSAPI
	sasl.oauthbearer.clock.skew.seconds = 30
	sasl.oauthbearer.expected.audience = null
	sasl.oauthbearer.expected.issuer = null
	sasl.oauthbearer.header.urlencode = false
	sasl.oauthbearer.jwks.endpoint.refresh.ms = 3600000
	sasl.oauthbearer.jwks.endpoint.retry.backoff.max.ms = 10000
	sasl.oauthbearer.jwks.endpoint.retry.backoff.ms = 100
	sasl.oauthbearer.jwks.endpoint.url = null
	sasl.oauthbearer.scope.claim.name = scope
	sasl.oauthbearer.sub.claim.name = sub
	sasl.oauthbearer.token.endpoint.url = null
	security.protocol = PLAINTEXT
	security.providers = null
	send.buffer.bytes = 131072
	socket.connection.setup.timeout.max.ms = 30000
	socket.connection.setup.timeout.ms = 10000
	ssl.cipher.suites = null
	ssl.enabled.protocols = [TLSv1.2, TLSv1.3]
	ssl.endpoint.identification.algorithm = https
	ssl.engine.factory.class = null
	ssl.key.password = null
	ssl.keymanager.algorithm = SunX509
	ssl.keystore.certificate.chain = null
	ssl.keystore.key = null
	ssl.keystore.location = null
	ssl.keystore.password = null
	ssl.keystore.type = JKS
	ssl.protocol = TLSv1.3
	ssl.provider = null
	ssl.secure.random.implementation = null
	ssl.trustmanager.algorithm = PKIX
	ssl.truststore.certificates = null
	ssl.truststore.location = null
	ssl.truststore.password = null
	ssl.truststore.type = JKS
	transaction.timeout.ms = 60000
	transactional.id = null
	value.serializer = class io.apicurio.registry.serde.avro.AvroKafkaSerializer

2025-08-13 16:35:43,171 INFO  [org.apa.kaf.com.tel.int.KafkaMetricsCollector] (main) initializing Kafka metrics collector
2025-08-13 16:35:43,174 INFO  [org.apa.kaf.cli.pro.KafkaProducer] (main) [Producer clientId=Producer-topic-858ba7ef_ce4a_4079_9127_97f515c60936] Instantiated an idempotent producer.
2025-08-13 16:35:43,177 INFO  [org.apa.kaf.cli.pro.ProducerConfig] (main) These configurations '[apicurio.registry.find-latest, apicurio.registry.url, apicurio.registry.artifact-resolver-strategy]' were supplied but are not used yet.
2025-08-13 16:35:43,177 INFO  [org.apa.kaf.com.uti.AppInfoParser] (main) Kafka version: 3.9.1
2025-08-13 16:35:43,177 INFO  [org.apa.kaf.com.uti.AppInfoParser] (main) Kafka commitId: f745dfdcee2b9851
2025-08-13 16:35:43,177 INFO  [org.apa.kaf.com.uti.AppInfoParser] (main) Kafka startTimeMs: 1755102943177
2025-08-13 16:35:43,177 INFO  [io.api.tes.ser.api.SimpleSerdesTesterBuilder$SimpleSerdesTester] (main) Using producer configuration: {apicurio.registry.find-latest=true, apicurio.registry.url=http://registry-app-inmemory.apps.ci419.apicurio-testing.org:80/apis/registry/v3, apicurio.registry.artifact-resolver-strategy=io.apicurio.registry.serde.strategy.TopicIdStrategy, value.serializer=io.apicurio.registry.serde.avro.AvroKafkaSerializer, request.timeout.ms=5000, acks=all, bootstrap.servers=PLAINTEXT://localhost:32769, connections.max.idle.ms=10000, key.serializer=org.apache.kafka.common.serialization.StringSerializer, client.id=Producer-topic-858ba7ef_ce4a_4079_9127_97f515c60936}
2025-08-13 16:35:43,177 INFO  [io.api.tes.ser.api.SimpleSerdesTesterBuilder$SimpleSerdesTester] (main) Using consumer configuration: {}
2025-08-13 16:35:43,179 INFO  [io.api.tes.ser.api.KafkaSerdesTester] (Thread-645) Sending message {"key11755102942137": "value-0"} to topic topic-858ba7ef_ce4a_4079_9127_97f515c60936
2025-08-13 16:35:43,183 INFO  [org.apa.kaf.cli.Metadata] (kafka-producer-network-thread | Producer-topic-858ba7ef_ce4a_4079_9127_97f515c60936) [Producer clientId=Producer-topic-858ba7ef_ce4a_4079_9127_97f515c60936] Cluster ID: Ytz5hAjST9OxAjCVQ_7B1Q
2025-08-13 16:35:43,183 INFO  [org.apa.kaf.cli.pro.int.TransactionManager] (kafka-producer-network-thread | Producer-topic-858ba7ef_ce4a_4079_9127_97f515c60936) [Producer clientId=Producer-topic-858ba7ef_ce4a_4079_9127_97f515c60936] ProducerId set to 9 with epoch 0
2025-08-13 16:35:43,275 INFO  [io.api.tes.ser.api.KafkaSerdesTester] (Thread-645) Sending message {"key11755102942137": "value-1"} to topic topic-858ba7ef_ce4a_4079_9127_97f515c60936
2025-08-13 16:35:43,278 INFO  [io.api.tes.ser.api.KafkaSerdesTester] (Thread-645) Sending message {"key11755102942137": "value-2"} to topic topic-858ba7ef_ce4a_4079_9127_97f515c60936
2025-08-13 16:35:43,280 INFO  [io.api.tes.ser.api.KafkaSerdesTester] (Thread-645) Sending message {"key11755102942137": "value-3"} to topic topic-858ba7ef_ce4a_4079_9127_97f515c60936
2025-08-13 16:35:43,282 INFO  [io.api.tes.ser.api.KafkaSerdesTester] (Thread-645) Sending message {"key11755102942137": "value-4"} to topic topic-858ba7ef_ce4a_4079_9127_97f515c60936
2025-08-13 16:35:43,283 INFO  [io.api.tes.ser.api.KafkaSerdesTester] (Thread-645) Sending message {"key11755102942137": "value-5"} to topic topic-858ba7ef_ce4a_4079_9127_97f515c60936
2025-08-13 16:35:43,286 INFO  [io.api.tes.ser.api.KafkaSerdesTester] (Thread-645) Sending message {"key11755102942137": "value-6"} to topic topic-858ba7ef_ce4a_4079_9127_97f515c60936
2025-08-13 16:35:43,287 INFO  [io.api.tes.ser.api.KafkaSerdesTester] (Thread-645) Sending message {"key11755102942137": "value-7"} to topic topic-858ba7ef_ce4a_4079_9127_97f515c60936
2025-08-13 16:35:43,291 INFO  [io.api.tes.ser.api.KafkaSerdesTester] (Thread-645) Sending message {"key11755102942137": "value-8"} to topic topic-858ba7ef_ce4a_4079_9127_97f515c60936
2025-08-13 16:35:43,292 INFO  [io.api.tes.ser.api.KafkaSerdesTester] (Thread-645) Sending message {"key11755102942137": "value-9"} to topic topic-858ba7ef_ce4a_4079_9127_97f515c60936
2025-08-13 16:35:43,294 INFO  [io.api.tes.ser.api.KafkaSerdesTester] (Thread-645) Produced 10 messages
2025-08-13 16:35:43,294 INFO  [org.apa.kaf.cli.pro.KafkaProducer] (Thread-645) [Producer clientId=Producer-topic-858ba7ef_ce4a_4079_9127_97f515c60936] Closing the Kafka producer with timeoutMillis = 9223372036854775807 ms.
2025-08-13 16:35:43,296 INFO  [org.apa.kaf.com.met.Metrics] (Thread-645) Metrics scheduler closed
2025-08-13 16:35:43,296 INFO  [org.apa.kaf.com.met.Metrics] (Thread-645) Closing reporter org.apache.kafka.common.metrics.JmxReporter
2025-08-13 16:35:43,296 INFO  [org.apa.kaf.com.met.Metrics] (Thread-645) Closing reporter org.apache.kafka.common.telemetry.internals.ClientTelemetryReporter
2025-08-13 16:35:43,296 INFO  [org.apa.kaf.com.met.Metrics] (Thread-645) Metrics reporters closed
2025-08-13 16:35:43,296 INFO  [org.apa.kaf.com.uti.AppInfoParser] (Thread-645) App info kafka.producer for Producer-topic-858ba7ef_ce4a_4079_9127_97f515c60936 unregistered
**** Registry Base URL: http://registry-app-inmemory.apps.ci419.apicurio-testing.org:80
2025-08-13 16:35:43,297 INFO  [org.apa.kaf.cli.con.ConsumerConfig] (main) ConsumerConfig values: 
	allow.auto.create.topics = true
	auto.commit.interval.ms = 500
	auto.include.jmx.reporter = true
	auto.offset.reset = earliest
	bootstrap.servers = [PLAINTEXT://localhost:32769]
	check.crcs = true
	client.dns.lookup = use_all_dns_ips
	client.id = consumer-Consumer-topic-858ba7ef_ce4a_4079_9127_97f515c60936-7
	client.rack = 
	connections.max.idle.ms = 10000
	default.api.timeout.ms = 60000
	enable.auto.commit = true
	enable.metrics.push = true
	exclude.internal.topics = true
	fetch.max.bytes = 52428800
	fetch.max.wait.ms = 500
	fetch.min.bytes = 1
	group.id = Consumer-topic-858ba7ef_ce4a_4079_9127_97f515c60936
	group.instance.id = null
	group.protocol = classic
	group.remote.assignor = null
	heartbeat.interval.ms = 3000
	interceptor.classes = []
	internal.leave.group.on.close = true
	internal.throw.on.fetch.stable.offset.unsupported = false
	isolation.level = read_uncommitted
	key.deserializer = class org.apache.kafka.common.serialization.StringDeserializer
	max.partition.fetch.bytes = 1048576
	max.poll.interval.ms = 300000
	max.poll.records = 500
	metadata.max.age.ms = 300000
	metadata.recovery.strategy = none
	metric.reporters = []
	metrics.num.samples = 2
	metrics.recording.level = INFO
	metrics.sample.window.ms = 30000
	partition.assignment.strategy = [class org.apache.kafka.clients.consumer.RangeAssignor, class org.apache.kafka.clients.consumer.CooperativeStickyAssignor]
	receive.buffer.bytes = 65536
	reconnect.backoff.max.ms = 1000
	reconnect.backoff.ms = 50
	request.timeout.ms = 5000
	retry.backoff.max.ms = 1000
	retry.backoff.ms = 100
	sasl.client.callback.handler.class = null
	sasl.jaas.config = null
	sasl.kerberos.kinit.cmd = /usr/bin/kinit
	sasl.kerberos.min.time.before.relogin = 60000
	sasl.kerberos.service.name = null
	sasl.kerberos.ticket.renew.jitter = 0.05
	sasl.kerberos.ticket.renew.window.factor = 0.8
	sasl.login.callback.handler.class = null
	sasl.login.class = null
	sasl.login.connect.timeout.ms = null
	sasl.login.read.timeout.ms = null
	sasl.login.refresh.buffer.seconds = 300
	sasl.login.refresh.min.period.seconds = 60
	sasl.login.refresh.window.factor = 0.8
	sasl.login.refresh.window.jitter = 0.05
	sasl.login.retry.backoff.max.ms = 10000
	sasl.login.retry.backoff.ms = 100
	sasl.mechanism = GSSAPI
	sasl.oauthbearer.clock.skew.seconds = 30
	sasl.oauthbearer.expected.audience = null
	sasl.oauthbearer.expected.issuer = null
	sasl.oauthbearer.header.urlencode = false
	sasl.oauthbearer.jwks.endpoint.refresh.ms = 3600000
	sasl.oauthbearer.jwks.endpoint.retry.backoff.max.ms = 10000
	sasl.oauthbearer.jwks.endpoint.retry.backoff.ms = 100
	sasl.oauthbearer.jwks.endpoint.url = null
	sasl.oauthbearer.scope.claim.name = scope
	sasl.oauthbearer.sub.claim.name = sub
	sasl.oauthbearer.token.endpoint.url = null
	security.protocol = PLAINTEXT
	security.providers = null
	send.buffer.bytes = 131072
	session.timeout.ms = 45000
	socket.connection.setup.timeout.max.ms = 30000
	socket.connection.setup.timeout.ms = 10000
	ssl.cipher.suites = null
	ssl.enabled.protocols = [TLSv1.2, TLSv1.3]
	ssl.endpoint.identification.algorithm = https
	ssl.engine.factory.class = null
	ssl.key.password = null
	ssl.keymanager.algorithm = SunX509
	ssl.keystore.certificate.chain = null
	ssl.keystore.key = null
	ssl.keystore.location = null
	ssl.keystore.password = null
	ssl.keystore.type = JKS
	ssl.protocol = TLSv1.3
	ssl.provider = null
	ssl.secure.random.implementation = null
	ssl.trustmanager.algorithm = PKIX
	ssl.truststore.certificates = null
	ssl.truststore.location = null
	ssl.truststore.password = null
	ssl.truststore.type = JKS
	value.deserializer = class io.apicurio.registry.serde.avro.AvroKafkaDeserializer

2025-08-13 16:35:43,297 INFO  [org.apa.kaf.com.tel.int.KafkaMetricsCollector] (main) initializing Kafka metrics collector
2025-08-13 16:35:43,306 INFO  [org.apa.kaf.cli.con.ConsumerConfig] (main) These configurations '[apicurio.registry.url]' were supplied but are not used yet.
2025-08-13 16:35:43,306 INFO  [org.apa.kaf.com.uti.AppInfoParser] (main) Kafka version: 3.9.1
2025-08-13 16:35:43,306 INFO  [org.apa.kaf.com.uti.AppInfoParser] (main) Kafka commitId: f745dfdcee2b9851
2025-08-13 16:35:43,306 INFO  [org.apa.kaf.com.uti.AppInfoParser] (main) Kafka startTimeMs: 1755102943306
2025-08-13 16:35:43,306 INFO  [org.apa.kaf.cli.con.int.ClassicKafkaConsumer] (Thread-648) [Consumer clientId=consumer-Consumer-topic-858ba7ef_ce4a_4079_9127_97f515c60936-7, groupId=Consumer-topic-858ba7ef_ce4a_4079_9127_97f515c60936] Subscribed to topic(s): topic-858ba7ef_ce4a_4079_9127_97f515c60936
2025-08-13 16:35:43,310 INFO  [org.apa.kaf.cli.Metadata] (Thread-648) [Consumer clientId=consumer-Consumer-topic-858ba7ef_ce4a_4079_9127_97f515c60936-7, groupId=Consumer-topic-858ba7ef_ce4a_4079_9127_97f515c60936] Cluster ID: Ytz5hAjST9OxAjCVQ_7B1Q
2025-08-13 16:35:43,311 INFO  [org.apa.kaf.cli.con.int.ConsumerCoordinator] (Thread-648) [Consumer clientId=consumer-Consumer-topic-858ba7ef_ce4a_4079_9127_97f515c60936-7, groupId=Consumer-topic-858ba7ef_ce4a_4079_9127_97f515c60936] Discovered group coordinator localhost:32769 (id: 2147483647 rack: null)
2025-08-13 16:35:43,313 INFO  [org.apa.kaf.cli.con.int.ConsumerCoordinator] (Thread-648) [Consumer clientId=consumer-Consumer-topic-858ba7ef_ce4a_4079_9127_97f515c60936-7, groupId=Consumer-topic-858ba7ef_ce4a_4079_9127_97f515c60936] (Re-)joining group
2025-08-13 16:35:43,315 INFO  [org.apa.kaf.cli.con.int.ConsumerCoordinator] (Thread-648) [Consumer clientId=consumer-Consumer-topic-858ba7ef_ce4a_4079_9127_97f515c60936-7, groupId=Consumer-topic-858ba7ef_ce4a_4079_9127_97f515c60936] Request joining group due to: need to re-join with the given member-id: consumer-Consumer-topic-858ba7ef_ce4a_4079_9127_97f515c60936-7-0098bade-b8c1-4ca4-90ce-6060607713e4
2025-08-13 16:35:43,315 INFO  [org.apa.kaf.cli.con.int.ConsumerCoordinator] (Thread-648) [Consumer clientId=consumer-Consumer-topic-858ba7ef_ce4a_4079_9127_97f515c60936-7, groupId=Consumer-topic-858ba7ef_ce4a_4079_9127_97f515c60936] (Re-)joining group
2025-08-13 16:35:44,306 INFO  [io.api.tes.ser.api.KafkaSerdesTester] (Thread-648) None found
2025-08-13 16:35:45,306 INFO  [io.api.tes.ser.api.KafkaSerdesTester] (Thread-648) None found
2025-08-13 16:35:46,307 INFO  [io.api.tes.ser.api.KafkaSerdesTester] (Thread-648) None found
2025-08-13 16:35:46,318 INFO  [org.apa.kaf.cli.con.int.ConsumerCoordinator] (Thread-648) [Consumer clientId=consumer-Consumer-topic-858ba7ef_ce4a_4079_9127_97f515c60936-7, groupId=Consumer-topic-858ba7ef_ce4a_4079_9127_97f515c60936] Successfully joined group with generation Generation{generationId=1, memberId='consumer-Consumer-topic-858ba7ef_ce4a_4079_9127_97f515c60936-7-0098bade-b8c1-4ca4-90ce-6060607713e4', protocol='range'}
2025-08-13 16:35:46,318 INFO  [org.apa.kaf.cli.con.int.ConsumerCoordinator] (Thread-648) [Consumer clientId=consumer-Consumer-topic-858ba7ef_ce4a_4079_9127_97f515c60936-7, groupId=Consumer-topic-858ba7ef_ce4a_4079_9127_97f515c60936] Finished assignment for group at generation 1: {consumer-Consumer-topic-858ba7ef_ce4a_4079_9127_97f515c60936-7-0098bade-b8c1-4ca4-90ce-6060607713e4=Assignment(partitions=[topic-858ba7ef_ce4a_4079_9127_97f515c60936-0])}
2025-08-13 16:35:46,326 INFO  [org.apa.kaf.cli.con.int.ConsumerCoordinator] (kafka-coordinator-heartbeat-thread | Consumer-topic-858ba7ef_ce4a_4079_9127_97f515c60936) [Consumer clientId=consumer-Consumer-topic-858ba7ef_ce4a_4079_9127_97f515c60936-7, groupId=Consumer-topic-858ba7ef_ce4a_4079_9127_97f515c60936] Successfully synced group in generation Generation{generationId=1, memberId='consumer-Consumer-topic-858ba7ef_ce4a_4079_9127_97f515c60936-7-0098bade-b8c1-4ca4-90ce-6060607713e4', protocol='range'}
2025-08-13 16:35:46,326 INFO  [org.apa.kaf.cli.con.int.ConsumerCoordinator] (Thread-648) [Consumer clientId=consumer-Consumer-topic-858ba7ef_ce4a_4079_9127_97f515c60936-7, groupId=Consumer-topic-858ba7ef_ce4a_4079_9127_97f515c60936] Notifying assignor about the new Assignment(partitions=[topic-858ba7ef_ce4a_4079_9127_97f515c60936-0])
2025-08-13 16:35:46,327 INFO  [org.apa.kaf.cli.con.int.ConsumerRebalanceListenerInvoker] (Thread-648) [Consumer clientId=consumer-Consumer-topic-858ba7ef_ce4a_4079_9127_97f515c60936-7, groupId=Consumer-topic-858ba7ef_ce4a_4079_9127_97f515c60936] Adding newly assigned partitions: topic-858ba7ef_ce4a_4079_9127_97f515c60936-0
2025-08-13 16:35:46,328 INFO  [org.apa.kaf.cli.con.int.ConsumerCoordinator] (Thread-648) [Consumer clientId=consumer-Consumer-topic-858ba7ef_ce4a_4079_9127_97f515c60936-7, groupId=Consumer-topic-858ba7ef_ce4a_4079_9127_97f515c60936] Found no committed offset for partition topic-858ba7ef_ce4a_4079_9127_97f515c60936-0
2025-08-13 16:35:46,331 INFO  [org.apa.kaf.cli.con.int.SubscriptionState] (Thread-648) [Consumer clientId=consumer-Consumer-topic-858ba7ef_ce4a_4079_9127_97f515c60936-7, groupId=Consumer-topic-858ba7ef_ce4a_4079_9127_97f515c60936] Resetting offset for partition topic-858ba7ef_ce4a_4079_9127_97f515c60936-0 to position FetchPosition{offset=0, offsetEpoch=Optional.empty, currentLeader=LeaderAndEpoch{leader=Optional[localhost:32769 (id: 0 rack: null)], epoch=0}}.
2025-08-13 16:35:46,368 INFO  [io.api.tes.ser.api.KafkaSerdesTester] (Thread-648) topic-858ba7ef_ce4a_4079_9127_97f515c60936 0 0 {"key11755102942137": "value-0"}
2025-08-13 16:35:46,368 INFO  [io.api.tes.ser.api.KafkaSerdesTester] (Thread-648) topic-858ba7ef_ce4a_4079_9127_97f515c60936 0 1 {"key11755102942137": "value-1"}
2025-08-13 16:35:46,368 INFO  [io.api.tes.ser.api.KafkaSerdesTester] (Thread-648) topic-858ba7ef_ce4a_4079_9127_97f515c60936 0 2 {"key11755102942137": "value-2"}
2025-08-13 16:35:46,368 INFO  [io.api.tes.ser.api.KafkaSerdesTester] (Thread-648) topic-858ba7ef_ce4a_4079_9127_97f515c60936 0 3 {"key11755102942137": "value-3"}
2025-08-13 16:35:46,368 INFO  [io.api.tes.ser.api.KafkaSerdesTester] (Thread-648) topic-858ba7ef_ce4a_4079_9127_97f515c60936 0 4 {"key11755102942137": "value-4"}
2025-08-13 16:35:46,368 INFO  [io.api.tes.ser.api.KafkaSerdesTester] (Thread-648) topic-858ba7ef_ce4a_4079_9127_97f515c60936 0 5 {"key11755102942137": "value-5"}
2025-08-13 16:35:46,368 INFO  [io.api.tes.ser.api.KafkaSerdesTester] (Thread-648) topic-858ba7ef_ce4a_4079_9127_97f515c60936 0 6 {"key11755102942137": "value-6"}
2025-08-13 16:35:46,368 INFO  [io.api.tes.ser.api.KafkaSerdesTester] (Thread-648) topic-858ba7ef_ce4a_4079_9127_97f515c60936 0 7 {"key11755102942137": "value-7"}
2025-08-13 16:35:46,368 INFO  [io.api.tes.ser.api.KafkaSerdesTester] (Thread-648) topic-858ba7ef_ce4a_4079_9127_97f515c60936 0 8 {"key11755102942137": "value-8"}
2025-08-13 16:35:46,368 INFO  [io.api.tes.ser.api.KafkaSerdesTester] (Thread-648) topic-858ba7ef_ce4a_4079_9127_97f515c60936 0 9 {"key11755102942137": "value-9"}
2025-08-13 16:35:46,368 INFO  [io.api.tes.ser.api.KafkaSerdesTester] (Thread-648) Consumed 10 messages
2025-08-13 16:35:46,376 INFO  [org.apa.kaf.cli.con.int.ConsumerRebalanceListenerInvoker] (Thread-648) [Consumer clientId=consumer-Consumer-topic-858ba7ef_ce4a_4079_9127_97f515c60936-7, groupId=Consumer-topic-858ba7ef_ce4a_4079_9127_97f515c60936] Revoke previously assigned partitions topic-858ba7ef_ce4a_4079_9127_97f515c60936-0
2025-08-13 16:35:46,376 INFO  [org.apa.kaf.cli.con.int.ConsumerCoordinator] (Thread-648) [Consumer clientId=consumer-Consumer-topic-858ba7ef_ce4a_4079_9127_97f515c60936-7, groupId=Consumer-topic-858ba7ef_ce4a_4079_9127_97f515c60936] Member consumer-Consumer-topic-858ba7ef_ce4a_4079_9127_97f515c60936-7-0098bade-b8c1-4ca4-90ce-6060607713e4 sending LeaveGroup request to coordinator localhost:32769 (id: 2147483647 rack: null) due to the consumer is being closed
2025-08-13 16:35:46,376 INFO  [org.apa.kaf.cli.con.int.ConsumerCoordinator] (Thread-648) [Consumer clientId=consumer-Consumer-topic-858ba7ef_ce4a_4079_9127_97f515c60936-7, groupId=Consumer-topic-858ba7ef_ce4a_4079_9127_97f515c60936] Resetting generation and member id due to: consumer pro-actively leaving the group
2025-08-13 16:35:46,376 INFO  [org.apa.kaf.cli.con.int.ConsumerCoordinator] (Thread-648) [Consumer clientId=consumer-Consumer-topic-858ba7ef_ce4a_4079_9127_97f515c60936-7, groupId=Consumer-topic-858ba7ef_ce4a_4079_9127_97f515c60936] Request joining group due to: consumer pro-actively leaving the group
2025-08-13 16:35:46,871 INFO  [org.apa.kaf.com.met.Metrics] (Thread-648) Metrics scheduler closed
2025-08-13 16:35:46,871 INFO  [org.apa.kaf.com.met.Metrics] (Thread-648) Closing reporter org.apache.kafka.common.metrics.JmxReporter
2025-08-13 16:35:46,871 INFO  [org.apa.kaf.com.met.Metrics] (Thread-648) Closing reporter org.apache.kafka.common.telemetry.internals.ClientTelemetryReporter
2025-08-13 16:35:46,871 INFO  [org.apa.kaf.com.met.Metrics] (Thread-648) Metrics reporters closed
2025-08-13 16:35:46,874 INFO  [org.apa.kaf.com.uti.AppInfoParser] (Thread-648) App info kafka.consumer for consumer-Consumer-topic-858ba7ef_ce4a_4079_9127_97f515c60936-7 unregistered
2025-08-13 16:35:46,875 INFO  [io.api.tes.uti.TestSeparator] (main) io.apicurio.tests.serdes.apicurio.AvroSerdeIT.testTopicIdStrategyFindLatest-FINISHED
2025-08-13 16:35:46,875 INFO  [io.api.tes.uti.TestSeparator] (main) ############################################################################
Test passed: testTopicIdStrategyFindLatest
]]></system-out>
  </testcase>
  <testcase name="testAvroUnionWithSpecificReader" classname="io.apicurio.tests.serdes.apicurio.AvroSerdeIT" time="3.851">
    <system-out><![CDATA[2025-08-13 16:35:46,878 INFO  [io.api.tes.uti.TestSeparator] (main) ############################################################################
2025-08-13 16:35:46,878 INFO  [io.api.tes.uti.TestSeparator] (main) io.apicurio.tests.serdes.apicurio.AvroSerdeIT.testAvroUnionWithSpecificReader-STARTED
**** Registry Base URL: http://registry-app-inmemory.apps.ci419.apicurio-testing.org:80
2025-08-13 16:35:46,884 INFO  [org.apa.kaf.cli.pro.ProducerConfig] (main) ProducerConfig values: 
	acks = -1
	auto.include.jmx.reporter = true
	batch.size = 16384
	bootstrap.servers = [PLAINTEXT://localhost:32769]
	buffer.memory = 33554432
	client.dns.lookup = use_all_dns_ips
	client.id = Producer-topic-c709667f_e273_49e4_bc95_d2b051f84726
	compression.gzip.level = -1
	compression.lz4.level = 9
	compression.type = none
	compression.zstd.level = 3
	connections.max.idle.ms = 10000
	delivery.timeout.ms = 120000
	enable.idempotence = true
	enable.metrics.push = true
	interceptor.classes = []
	key.serializer = class org.apache.kafka.common.serialization.StringSerializer
	linger.ms = 0
	max.block.ms = 60000
	max.in.flight.requests.per.connection = 5
	max.request.size = 1048576
	metadata.max.age.ms = 300000
	metadata.max.idle.ms = 300000
	metadata.recovery.strategy = none
	metric.reporters = []
	metrics.num.samples = 2
	metrics.recording.level = INFO
	metrics.sample.window.ms = 30000
	partitioner.adaptive.partitioning.enable = true
	partitioner.availability.timeout.ms = 0
	partitioner.class = null
	partitioner.ignore.keys = false
	receive.buffer.bytes = 32768
	reconnect.backoff.max.ms = 1000
	reconnect.backoff.ms = 50
	request.timeout.ms = 5000
	retries = 2147483647
	retry.backoff.max.ms = 1000
	retry.backoff.ms = 100
	sasl.client.callback.handler.class = null
	sasl.jaas.config = null
	sasl.kerberos.kinit.cmd = /usr/bin/kinit
	sasl.kerberos.min.time.before.relogin = 60000
	sasl.kerberos.service.name = null
	sasl.kerberos.ticket.renew.jitter = 0.05
	sasl.kerberos.ticket.renew.window.factor = 0.8
	sasl.login.callback.handler.class = null
	sasl.login.class = null
	sasl.login.connect.timeout.ms = null
	sasl.login.read.timeout.ms = null
	sasl.login.refresh.buffer.seconds = 300
	sasl.login.refresh.min.period.seconds = 60
	sasl.login.refresh.window.factor = 0.8
	sasl.login.refresh.window.jitter = 0.05
	sasl.login.retry.backoff.max.ms = 10000
	sasl.login.retry.backoff.ms = 100
	sasl.mechanism = GSSAPI
	sasl.oauthbearer.clock.skew.seconds = 30
	sasl.oauthbearer.expected.audience = null
	sasl.oauthbearer.expected.issuer = null
	sasl.oauthbearer.header.urlencode = false
	sasl.oauthbearer.jwks.endpoint.refresh.ms = 3600000
	sasl.oauthbearer.jwks.endpoint.retry.backoff.max.ms = 10000
	sasl.oauthbearer.jwks.endpoint.retry.backoff.ms = 100
	sasl.oauthbearer.jwks.endpoint.url = null
	sasl.oauthbearer.scope.claim.name = scope
	sasl.oauthbearer.sub.claim.name = sub
	sasl.oauthbearer.token.endpoint.url = null
	security.protocol = PLAINTEXT
	security.providers = null
	send.buffer.bytes = 131072
	socket.connection.setup.timeout.max.ms = 30000
	socket.connection.setup.timeout.ms = 10000
	ssl.cipher.suites = null
	ssl.enabled.protocols = [TLSv1.2, TLSv1.3]
	ssl.endpoint.identification.algorithm = https
	ssl.engine.factory.class = null
	ssl.key.password = null
	ssl.keymanager.algorithm = SunX509
	ssl.keystore.certificate.chain = null
	ssl.keystore.key = null
	ssl.keystore.location = null
	ssl.keystore.password = null
	ssl.keystore.type = JKS
	ssl.protocol = TLSv1.3
	ssl.provider = null
	ssl.secure.random.implementation = null
	ssl.trustmanager.algorithm = PKIX
	ssl.truststore.certificates = null
	ssl.truststore.location = null
	ssl.truststore.password = null
	ssl.truststore.type = JKS
	transaction.timeout.ms = 60000
	transactional.id = null
	value.serializer = class io.apicurio.registry.serde.avro.AvroKafkaSerializer

2025-08-13 16:35:46,884 INFO  [org.apa.kaf.com.tel.int.KafkaMetricsCollector] (main) initializing Kafka metrics collector
2025-08-13 16:35:46,890 INFO  [org.apa.kaf.cli.pro.KafkaProducer] (main) [Producer clientId=Producer-topic-c709667f_e273_49e4_bc95_d2b051f84726] Instantiated an idempotent producer.
2025-08-13 16:35:46,901 INFO  [org.apa.kaf.cli.pro.ProducerConfig] (main) These configurations '[apicurio.registry.url, apicurio.registry.auto-register, apicurio.registry.artifact-resolver-strategy]' were supplied but are not used yet.
2025-08-13 16:35:46,901 INFO  [org.apa.kaf.com.uti.AppInfoParser] (main) Kafka version: 3.9.1
2025-08-13 16:35:46,901 INFO  [org.apa.kaf.com.uti.AppInfoParser] (main) Kafka commitId: f745dfdcee2b9851
2025-08-13 16:35:46,901 INFO  [org.apa.kaf.com.uti.AppInfoParser] (main) Kafka startTimeMs: 1755102946901
2025-08-13 16:35:46,902 INFO  [io.api.tes.ser.api.SimpleSerdesTesterBuilder$SimpleSerdesTester] (main) Using producer configuration: {apicurio.registry.url=http://registry-app-inmemory.apps.ci419.apicurio-testing.org:80/apis/registry/v3, apicurio.registry.auto-register=true, apicurio.registry.artifact-resolver-strategy=io.apicurio.registry.serde.strategy.TopicIdStrategy, value.serializer=io.apicurio.registry.serde.avro.AvroKafkaSerializer, request.timeout.ms=5000, acks=all, bootstrap.servers=PLAINTEXT://localhost:32769, connections.max.idle.ms=10000, key.serializer=org.apache.kafka.common.serialization.StringSerializer, client.id=Producer-topic-c709667f_e273_49e4_bc95_d2b051f84726}
2025-08-13 16:35:46,902 INFO  [io.api.tes.ser.api.SimpleSerdesTesterBuilder$SimpleSerdesTester] (main) Using consumer configuration: {}
2025-08-13 16:35:46,909 INFO  [io.api.tes.ser.api.KafkaSerdesTester] (Thread-651) Sending message {"id": "record-0"} to topic topic-c709667f_e273_49e4_bc95_d2b051f84726
2025-08-13 16:35:46,912 INFO  [org.apa.kaf.cli.Metadata] (kafka-producer-network-thread | Producer-topic-c709667f_e273_49e4_bc95_d2b051f84726) [Producer clientId=Producer-topic-c709667f_e273_49e4_bc95_d2b051f84726] Cluster ID: Ytz5hAjST9OxAjCVQ_7B1Q
2025-08-13 16:35:46,912 INFO  [org.apa.kaf.cli.pro.int.TransactionManager] (kafka-producer-network-thread | Producer-topic-c709667f_e273_49e4_bc95_d2b051f84726) [Producer clientId=Producer-topic-c709667f_e273_49e4_bc95_d2b051f84726] ProducerId set to 10 with epoch 0
2025-08-13 16:35:46,976 INFO  [io.api.tes.ser.api.KafkaSerdesTester] (Thread-651) Sending message {"value": 1} to topic topic-c709667f_e273_49e4_bc95_d2b051f84726
2025-08-13 16:35:47,007 INFO  [io.api.tes.ser.api.KafkaSerdesTester] (Thread-651) Sending message {"active": true} to topic topic-c709667f_e273_49e4_bc95_d2b051f84726
2025-08-13 16:35:47,030 INFO  [io.api.tes.ser.api.KafkaSerdesTester] (Thread-651) Sending message {"id": "record-3"} to topic topic-c709667f_e273_49e4_bc95_d2b051f84726
2025-08-13 16:35:47,031 INFO  [io.api.tes.ser.api.KafkaSerdesTester] (Thread-651) Sending message {"value": 4} to topic topic-c709667f_e273_49e4_bc95_d2b051f84726
2025-08-13 16:35:47,034 INFO  [io.api.tes.ser.api.KafkaSerdesTester] (Thread-651) Sending message {"active": false} to topic topic-c709667f_e273_49e4_bc95_d2b051f84726
2025-08-13 16:35:47,038 INFO  [io.api.tes.ser.api.KafkaSerdesTester] (Thread-651) Sending message {"id": "record-6"} to topic topic-c709667f_e273_49e4_bc95_d2b051f84726
2025-08-13 16:35:47,042 INFO  [io.api.tes.ser.api.KafkaSerdesTester] (Thread-651) Sending message {"value": 7} to topic topic-c709667f_e273_49e4_bc95_d2b051f84726
2025-08-13 16:35:47,044 INFO  [io.api.tes.ser.api.KafkaSerdesTester] (Thread-651) Sending message {"active": true} to topic topic-c709667f_e273_49e4_bc95_d2b051f84726
2025-08-13 16:35:47,046 INFO  [io.api.tes.ser.api.KafkaSerdesTester] (Thread-651) Sending message {"id": "record-9"} to topic topic-c709667f_e273_49e4_bc95_d2b051f84726
2025-08-13 16:35:47,048 INFO  [io.api.tes.ser.api.KafkaSerdesTester] (Thread-651) Produced 10 messages
2025-08-13 16:35:47,048 INFO  [org.apa.kaf.cli.pro.KafkaProducer] (Thread-651) [Producer clientId=Producer-topic-c709667f_e273_49e4_bc95_d2b051f84726] Closing the Kafka producer with timeoutMillis = 9223372036854775807 ms.
2025-08-13 16:35:47,053 INFO  [org.apa.kaf.com.met.Metrics] (Thread-651) Metrics scheduler closed
2025-08-13 16:35:47,053 INFO  [org.apa.kaf.com.met.Metrics] (Thread-651) Closing reporter org.apache.kafka.common.metrics.JmxReporter
2025-08-13 16:35:47,053 INFO  [org.apa.kaf.com.met.Metrics] (Thread-651) Closing reporter org.apache.kafka.common.telemetry.internals.ClientTelemetryReporter
2025-08-13 16:35:47,053 INFO  [org.apa.kaf.com.met.Metrics] (Thread-651) Metrics reporters closed
2025-08-13 16:35:47,055 INFO  [org.apa.kaf.com.uti.AppInfoParser] (Thread-651) App info kafka.producer for Producer-topic-c709667f_e273_49e4_bc95_d2b051f84726 unregistered
2025-08-13 16:35:47,072 INFO  [io.api.tes.ser.api.AvroSerdeIT] (main) Artifact topic-c709667f_e273_49e4_bc95_d2b051f84726-value found in registry with globalId 25
**** Registry Base URL: http://registry-app-inmemory.apps.ci419.apicurio-testing.org:80
2025-08-13 16:35:47,072 INFO  [org.apa.kaf.cli.con.ConsumerConfig] (main) ConsumerConfig values: 
	allow.auto.create.topics = true
	auto.commit.interval.ms = 500
	auto.include.jmx.reporter = true
	auto.offset.reset = earliest
	bootstrap.servers = [PLAINTEXT://localhost:32769]
	check.crcs = true
	client.dns.lookup = use_all_dns_ips
	client.id = consumer-Consumer-topic-c709667f_e273_49e4_bc95_d2b051f84726-8
	client.rack = 
	connections.max.idle.ms = 10000
	default.api.timeout.ms = 60000
	enable.auto.commit = true
	enable.metrics.push = true
	exclude.internal.topics = true
	fetch.max.bytes = 52428800
	fetch.max.wait.ms = 500
	fetch.min.bytes = 1
	group.id = Consumer-topic-c709667f_e273_49e4_bc95_d2b051f84726
	group.instance.id = null
	group.protocol = classic
	group.remote.assignor = null
	heartbeat.interval.ms = 3000
	interceptor.classes = []
	internal.leave.group.on.close = true
	internal.throw.on.fetch.stable.offset.unsupported = false
	isolation.level = read_uncommitted
	key.deserializer = class org.apache.kafka.common.serialization.StringDeserializer
	max.partition.fetch.bytes = 1048576
	max.poll.interval.ms = 300000
	max.poll.records = 500
	metadata.max.age.ms = 300000
	metadata.recovery.strategy = none
	metric.reporters = []
	metrics.num.samples = 2
	metrics.recording.level = INFO
	metrics.sample.window.ms = 30000
	partition.assignment.strategy = [class org.apache.kafka.clients.consumer.RangeAssignor, class org.apache.kafka.clients.consumer.CooperativeStickyAssignor]
	receive.buffer.bytes = 65536
	reconnect.backoff.max.ms = 1000
	reconnect.backoff.ms = 50
	request.timeout.ms = 5000
	retry.backoff.max.ms = 1000
	retry.backoff.ms = 100
	sasl.client.callback.handler.class = null
	sasl.jaas.config = null
	sasl.kerberos.kinit.cmd = /usr/bin/kinit
	sasl.kerberos.min.time.before.relogin = 60000
	sasl.kerberos.service.name = null
	sasl.kerberos.ticket.renew.jitter = 0.05
	sasl.kerberos.ticket.renew.window.factor = 0.8
	sasl.login.callback.handler.class = null
	sasl.login.class = null
	sasl.login.connect.timeout.ms = null
	sasl.login.read.timeout.ms = null
	sasl.login.refresh.buffer.seconds = 300
	sasl.login.refresh.min.period.seconds = 60
	sasl.login.refresh.window.factor = 0.8
	sasl.login.refresh.window.jitter = 0.05
	sasl.login.retry.backoff.max.ms = 10000
	sasl.login.retry.backoff.ms = 100
	sasl.mechanism = GSSAPI
	sasl.oauthbearer.clock.skew.seconds = 30
	sasl.oauthbearer.expected.audience = null
	sasl.oauthbearer.expected.issuer = null
	sasl.oauthbearer.header.urlencode = false
	sasl.oauthbearer.jwks.endpoint.refresh.ms = 3600000
	sasl.oauthbearer.jwks.endpoint.retry.backoff.max.ms = 10000
	sasl.oauthbearer.jwks.endpoint.retry.backoff.ms = 100
	sasl.oauthbearer.jwks.endpoint.url = null
	sasl.oauthbearer.scope.claim.name = scope
	sasl.oauthbearer.sub.claim.name = sub
	sasl.oauthbearer.token.endpoint.url = null
	security.protocol = PLAINTEXT
	security.providers = null
	send.buffer.bytes = 131072
	session.timeout.ms = 45000
	socket.connection.setup.timeout.max.ms = 30000
	socket.connection.setup.timeout.ms = 10000
	ssl.cipher.suites = null
	ssl.enabled.protocols = [TLSv1.2, TLSv1.3]
	ssl.endpoint.identification.algorithm = https
	ssl.engine.factory.class = null
	ssl.key.password = null
	ssl.keymanager.algorithm = SunX509
	ssl.keystore.certificate.chain = null
	ssl.keystore.key = null
	ssl.keystore.location = null
	ssl.keystore.password = null
	ssl.keystore.type = JKS
	ssl.protocol = TLSv1.3
	ssl.provider = null
	ssl.secure.random.implementation = null
	ssl.trustmanager.algorithm = PKIX
	ssl.truststore.certificates = null
	ssl.truststore.location = null
	ssl.truststore.password = null
	ssl.truststore.type = JKS
	value.deserializer = class io.apicurio.registry.serde.avro.AvroKafkaDeserializer

2025-08-13 16:35:47,073 INFO  [org.apa.kaf.com.tel.int.KafkaMetricsCollector] (main) initializing Kafka metrics collector
2025-08-13 16:35:47,089 INFO  [org.apa.kaf.cli.con.ConsumerConfig] (main) These configurations '[apicurio.registry.url]' were supplied but are not used yet.
2025-08-13 16:35:47,089 INFO  [org.apa.kaf.com.uti.AppInfoParser] (main) Kafka version: 3.9.1
2025-08-13 16:35:47,089 INFO  [org.apa.kaf.com.uti.AppInfoParser] (main) Kafka commitId: f745dfdcee2b9851
2025-08-13 16:35:47,089 INFO  [org.apa.kaf.com.uti.AppInfoParser] (main) Kafka startTimeMs: 1755102947089
2025-08-13 16:35:47,091 INFO  [org.apa.kaf.cli.con.int.ClassicKafkaConsumer] (Thread-654) [Consumer clientId=consumer-Consumer-topic-c709667f_e273_49e4_bc95_d2b051f84726-8, groupId=Consumer-topic-c709667f_e273_49e4_bc95_d2b051f84726] Subscribed to topic(s): topic-c709667f_e273_49e4_bc95_d2b051f84726
2025-08-13 16:35:47,099 INFO  [org.apa.kaf.cli.Metadata] (Thread-654) [Consumer clientId=consumer-Consumer-topic-c709667f_e273_49e4_bc95_d2b051f84726-8, groupId=Consumer-topic-c709667f_e273_49e4_bc95_d2b051f84726] Cluster ID: Ytz5hAjST9OxAjCVQ_7B1Q
2025-08-13 16:35:47,103 INFO  [org.apa.kaf.cli.con.int.ConsumerCoordinator] (Thread-654) [Consumer clientId=consumer-Consumer-topic-c709667f_e273_49e4_bc95_d2b051f84726-8, groupId=Consumer-topic-c709667f_e273_49e4_bc95_d2b051f84726] Discovered group coordinator localhost:32769 (id: 2147483647 rack: null)
2025-08-13 16:35:47,106 INFO  [org.apa.kaf.cli.con.int.ConsumerCoordinator] (Thread-654) [Consumer clientId=consumer-Consumer-topic-c709667f_e273_49e4_bc95_d2b051f84726-8, groupId=Consumer-topic-c709667f_e273_49e4_bc95_d2b051f84726] (Re-)joining group
2025-08-13 16:35:47,115 INFO  [org.apa.kaf.cli.con.int.ConsumerCoordinator] (Thread-654) [Consumer clientId=consumer-Consumer-topic-c709667f_e273_49e4_bc95_d2b051f84726-8, groupId=Consumer-topic-c709667f_e273_49e4_bc95_d2b051f84726] Request joining group due to: need to re-join with the given member-id: consumer-Consumer-topic-c709667f_e273_49e4_bc95_d2b051f84726-8-57b2ab8c-341c-49de-8016-69a768aee740
2025-08-13 16:35:47,115 INFO  [org.apa.kaf.cli.con.int.ConsumerCoordinator] (Thread-654) [Consumer clientId=consumer-Consumer-topic-c709667f_e273_49e4_bc95_d2b051f84726-8, groupId=Consumer-topic-c709667f_e273_49e4_bc95_d2b051f84726] (Re-)joining group
2025-08-13 16:35:48,091 INFO  [io.api.tes.ser.api.KafkaSerdesTester] (Thread-654) None found
2025-08-13 16:35:49,092 INFO  [io.api.tes.ser.api.KafkaSerdesTester] (Thread-654) None found
2025-08-13 16:35:50,092 INFO  [io.api.tes.ser.api.KafkaSerdesTester] (Thread-654) None found
2025-08-13 16:35:50,119 INFO  [org.apa.kaf.cli.con.int.ConsumerCoordinator] (Thread-654) [Consumer clientId=consumer-Consumer-topic-c709667f_e273_49e4_bc95_d2b051f84726-8, groupId=Consumer-topic-c709667f_e273_49e4_bc95_d2b051f84726] Successfully joined group with generation Generation{generationId=1, memberId='consumer-Consumer-topic-c709667f_e273_49e4_bc95_d2b051f84726-8-57b2ab8c-341c-49de-8016-69a768aee740', protocol='range'}
2025-08-13 16:35:50,119 INFO  [org.apa.kaf.cli.con.int.ConsumerCoordinator] (Thread-654) [Consumer clientId=consumer-Consumer-topic-c709667f_e273_49e4_bc95_d2b051f84726-8, groupId=Consumer-topic-c709667f_e273_49e4_bc95_d2b051f84726] Finished assignment for group at generation 1: {consumer-Consumer-topic-c709667f_e273_49e4_bc95_d2b051f84726-8-57b2ab8c-341c-49de-8016-69a768aee740=Assignment(partitions=[topic-c709667f_e273_49e4_bc95_d2b051f84726-0])}
2025-08-13 16:35:50,127 INFO  [org.apa.kaf.cli.con.int.ConsumerCoordinator] (Thread-654) [Consumer clientId=consumer-Consumer-topic-c709667f_e273_49e4_bc95_d2b051f84726-8, groupId=Consumer-topic-c709667f_e273_49e4_bc95_d2b051f84726] Successfully synced group in generation Generation{generationId=1, memberId='consumer-Consumer-topic-c709667f_e273_49e4_bc95_d2b051f84726-8-57b2ab8c-341c-49de-8016-69a768aee740', protocol='range'}
2025-08-13 16:35:50,128 INFO  [org.apa.kaf.cli.con.int.ConsumerCoordinator] (Thread-654) [Consumer clientId=consumer-Consumer-topic-c709667f_e273_49e4_bc95_d2b051f84726-8, groupId=Consumer-topic-c709667f_e273_49e4_bc95_d2b051f84726] Notifying assignor about the new Assignment(partitions=[topic-c709667f_e273_49e4_bc95_d2b051f84726-0])
2025-08-13 16:35:50,128 INFO  [org.apa.kaf.cli.con.int.ConsumerRebalanceListenerInvoker] (Thread-654) [Consumer clientId=consumer-Consumer-topic-c709667f_e273_49e4_bc95_d2b051f84726-8, groupId=Consumer-topic-c709667f_e273_49e4_bc95_d2b051f84726] Adding newly assigned partitions: topic-c709667f_e273_49e4_bc95_d2b051f84726-0
2025-08-13 16:35:50,129 INFO  [org.apa.kaf.cli.con.int.ConsumerCoordinator] (Thread-654) [Consumer clientId=consumer-Consumer-topic-c709667f_e273_49e4_bc95_d2b051f84726-8, groupId=Consumer-topic-c709667f_e273_49e4_bc95_d2b051f84726] Found no committed offset for partition topic-c709667f_e273_49e4_bc95_d2b051f84726-0
2025-08-13 16:35:50,134 INFO  [org.apa.kaf.cli.con.int.SubscriptionState] (Thread-654) [Consumer clientId=consumer-Consumer-topic-c709667f_e273_49e4_bc95_d2b051f84726-8, groupId=Consumer-topic-c709667f_e273_49e4_bc95_d2b051f84726] Resetting offset for partition topic-c709667f_e273_49e4_bc95_d2b051f84726-0 to position FetchPosition{offset=0, offsetEpoch=Optional.empty, currentLeader=LeaderAndEpoch{leader=Optional[localhost:32769 (id: 0 rack: null)], epoch=0}}.
2025-08-13 16:35:50,218 INFO  [io.api.tes.ser.api.KafkaSerdesTester] (Thread-654) topic-c709667f_e273_49e4_bc95_d2b051f84726 0 0 {"id": "record-0"}
2025-08-13 16:35:50,218 INFO  [io.api.tes.ser.api.KafkaSerdesTester] (Thread-654) topic-c709667f_e273_49e4_bc95_d2b051f84726 0 1 {"value": 1}
2025-08-13 16:35:50,218 INFO  [io.api.tes.ser.api.KafkaSerdesTester] (Thread-654) topic-c709667f_e273_49e4_bc95_d2b051f84726 0 2 {"active": true}
2025-08-13 16:35:50,218 INFO  [io.api.tes.ser.api.KafkaSerdesTester] (Thread-654) topic-c709667f_e273_49e4_bc95_d2b051f84726 0 3 {"id": "record-3"}
2025-08-13 16:35:50,218 INFO  [io.api.tes.ser.api.KafkaSerdesTester] (Thread-654) topic-c709667f_e273_49e4_bc95_d2b051f84726 0 4 {"value": 4}
2025-08-13 16:35:50,218 INFO  [io.api.tes.ser.api.KafkaSerdesTester] (Thread-654) topic-c709667f_e273_49e4_bc95_d2b051f84726 0 5 {"active": false}
2025-08-13 16:35:50,218 INFO  [io.api.tes.ser.api.KafkaSerdesTester] (Thread-654) topic-c709667f_e273_49e4_bc95_d2b051f84726 0 6 {"id": "record-6"}
2025-08-13 16:35:50,218 INFO  [io.api.tes.ser.api.KafkaSerdesTester] (Thread-654) topic-c709667f_e273_49e4_bc95_d2b051f84726 0 7 {"value": 7}
2025-08-13 16:35:50,218 INFO  [io.api.tes.ser.api.KafkaSerdesTester] (Thread-654) topic-c709667f_e273_49e4_bc95_d2b051f84726 0 8 {"active": true}
2025-08-13 16:35:50,218 INFO  [io.api.tes.ser.api.KafkaSerdesTester] (Thread-654) topic-c709667f_e273_49e4_bc95_d2b051f84726 0 9 {"id": "record-9"}
2025-08-13 16:35:50,218 INFO  [io.api.tes.ser.api.KafkaSerdesTester] (Thread-654) Consumed 10 messages
2025-08-13 16:35:50,226 INFO  [org.apa.kaf.cli.con.int.ConsumerRebalanceListenerInvoker] (Thread-654) [Consumer clientId=consumer-Consumer-topic-c709667f_e273_49e4_bc95_d2b051f84726-8, groupId=Consumer-topic-c709667f_e273_49e4_bc95_d2b051f84726] Revoke previously assigned partitions topic-c709667f_e273_49e4_bc95_d2b051f84726-0
2025-08-13 16:35:50,226 INFO  [org.apa.kaf.cli.con.int.ConsumerCoordinator] (Thread-654) [Consumer clientId=consumer-Consumer-topic-c709667f_e273_49e4_bc95_d2b051f84726-8, groupId=Consumer-topic-c709667f_e273_49e4_bc95_d2b051f84726] Member consumer-Consumer-topic-c709667f_e273_49e4_bc95_d2b051f84726-8-57b2ab8c-341c-49de-8016-69a768aee740 sending LeaveGroup request to coordinator localhost:32769 (id: 2147483647 rack: null) due to the consumer is being closed
2025-08-13 16:35:50,226 INFO  [org.apa.kaf.cli.con.int.ConsumerCoordinator] (Thread-654) [Consumer clientId=consumer-Consumer-topic-c709667f_e273_49e4_bc95_d2b051f84726-8, groupId=Consumer-topic-c709667f_e273_49e4_bc95_d2b051f84726] Resetting generation and member id due to: consumer pro-actively leaving the group
2025-08-13 16:35:50,226 INFO  [org.apa.kaf.cli.con.int.ConsumerCoordinator] (Thread-654) [Consumer clientId=consumer-Consumer-topic-c709667f_e273_49e4_bc95_d2b051f84726-8, groupId=Consumer-topic-c709667f_e273_49e4_bc95_d2b051f84726] Request joining group due to: consumer pro-actively leaving the group
2025-08-13 16:35:50,723 INFO  [org.apa.kaf.com.met.Metrics] (Thread-654) Metrics scheduler closed
2025-08-13 16:35:50,723 INFO  [org.apa.kaf.com.met.Metrics] (Thread-654) Closing reporter org.apache.kafka.common.metrics.JmxReporter
2025-08-13 16:35:50,723 INFO  [org.apa.kaf.com.met.Metrics] (Thread-654) Closing reporter org.apache.kafka.common.telemetry.internals.ClientTelemetryReporter
2025-08-13 16:35:50,723 INFO  [org.apa.kaf.com.met.Metrics] (Thread-654) Metrics reporters closed
2025-08-13 16:35:50,725 INFO  [org.apa.kaf.com.uti.AppInfoParser] (Thread-654) App info kafka.consumer for consumer-Consumer-topic-c709667f_e273_49e4_bc95_d2b051f84726-8 unregistered
2025-08-13 16:35:50,726 INFO  [io.api.tes.uti.TestSeparator] (main) io.apicurio.tests.serdes.apicurio.AvroSerdeIT.testAvroUnionWithSpecificReader-FINISHED
2025-08-13 16:35:50,726 INFO  [io.api.tes.uti.TestSeparator] (main) ############################################################################
Test passed: testAvroUnionWithSpecificReader
]]></system-out>
  </testcase>
  <testcase name="testEvolveAvroApicurioReusingClient" classname="io.apicurio.tests.serdes.apicurio.AvroSerdeIT" time="7.198">
    <system-out><![CDATA[2025-08-13 16:35:50,728 INFO  [io.api.tes.uti.TestSeparator] (main) ############################################################################
2025-08-13 16:35:50,728 INFO  [io.api.tes.uti.TestSeparator] (main) io.apicurio.tests.serdes.apicurio.AvroSerdeIT.testEvolveAvroApicurioReusingClient-STARTED
2025-08-13 16:35:50,729 INFO  [io.api.tes.ser.api.AvroSerdeIT] (main) Registering Avro Schema: {"type":"record","name":"s3d45a364xd37dx42afx91d6x6a360c1e4b7d","namespace":"ns_22cdd121_8996_4272_beda_e5ed9c98043d","fields":[{"name":"key11755102950728","type":"string"}]}
**** Registry Base URL: http://registry-app-inmemory.apps.ci419.apicurio-testing.org:80
2025-08-13 16:35:51,761 INFO  [org.apa.kaf.cli.pro.ProducerConfig] (main) ProducerConfig values: 
	acks = -1
	auto.include.jmx.reporter = true
	batch.size = 16384
	bootstrap.servers = [PLAINTEXT://localhost:32769]
	buffer.memory = 33554432
	client.dns.lookup = use_all_dns_ips
	client.id = Producer-topic-146b1945_1104_4e99_9fc0_bd158a3764e4
	compression.gzip.level = -1
	compression.lz4.level = 9
	compression.type = none
	compression.zstd.level = 3
	connections.max.idle.ms = 10000
	delivery.timeout.ms = 120000
	enable.idempotence = true
	enable.metrics.push = true
	interceptor.classes = []
	key.serializer = class org.apache.kafka.common.serialization.StringSerializer
	linger.ms = 0
	max.block.ms = 60000
	max.in.flight.requests.per.connection = 5
	max.request.size = 1048576
	metadata.max.age.ms = 300000
	metadata.max.idle.ms = 300000
	metadata.recovery.strategy = none
	metric.reporters = []
	metrics.num.samples = 2
	metrics.recording.level = INFO
	metrics.sample.window.ms = 30000
	partitioner.adaptive.partitioning.enable = true
	partitioner.availability.timeout.ms = 0
	partitioner.class = null
	partitioner.ignore.keys = false
	receive.buffer.bytes = 32768
	reconnect.backoff.max.ms = 1000
	reconnect.backoff.ms = 50
	request.timeout.ms = 5000
	retries = 2147483647
	retry.backoff.max.ms = 1000
	retry.backoff.ms = 100
	sasl.client.callback.handler.class = null
	sasl.jaas.config = null
	sasl.kerberos.kinit.cmd = /usr/bin/kinit
	sasl.kerberos.min.time.before.relogin = 60000
	sasl.kerberos.service.name = null
	sasl.kerberos.ticket.renew.jitter = 0.05
	sasl.kerberos.ticket.renew.window.factor = 0.8
	sasl.login.callback.handler.class = null
	sasl.login.class = null
	sasl.login.connect.timeout.ms = null
	sasl.login.read.timeout.ms = null
	sasl.login.refresh.buffer.seconds = 300
	sasl.login.refresh.min.period.seconds = 60
	sasl.login.refresh.window.factor = 0.8
	sasl.login.refresh.window.jitter = 0.05
	sasl.login.retry.backoff.max.ms = 10000
	sasl.login.retry.backoff.ms = 100
	sasl.mechanism = GSSAPI
	sasl.oauthbearer.clock.skew.seconds = 30
	sasl.oauthbearer.expected.audience = null
	sasl.oauthbearer.expected.issuer = null
	sasl.oauthbearer.header.urlencode = false
	sasl.oauthbearer.jwks.endpoint.refresh.ms = 3600000
	sasl.oauthbearer.jwks.endpoint.retry.backoff.max.ms = 10000
	sasl.oauthbearer.jwks.endpoint.retry.backoff.ms = 100
	sasl.oauthbearer.jwks.endpoint.url = null
	sasl.oauthbearer.scope.claim.name = scope
	sasl.oauthbearer.sub.claim.name = sub
	sasl.oauthbearer.token.endpoint.url = null
	security.protocol = PLAINTEXT
	security.providers = null
	send.buffer.bytes = 131072
	socket.connection.setup.timeout.max.ms = 30000
	socket.connection.setup.timeout.ms = 10000
	ssl.cipher.suites = null
	ssl.enabled.protocols = [TLSv1.2, TLSv1.3]
	ssl.endpoint.identification.algorithm = https
	ssl.engine.factory.class = null
	ssl.key.password = null
	ssl.keymanager.algorithm = SunX509
	ssl.keystore.certificate.chain = null
	ssl.keystore.key = null
	ssl.keystore.location = null
	ssl.keystore.password = null
	ssl.keystore.type = JKS
	ssl.protocol = TLSv1.3
	ssl.provider = null
	ssl.secure.random.implementation = null
	ssl.trustmanager.algorithm = PKIX
	ssl.truststore.certificates = null
	ssl.truststore.location = null
	ssl.truststore.password = null
	ssl.truststore.type = JKS
	transaction.timeout.ms = 60000
	transactional.id = null
	value.serializer = class io.apicurio.registry.serde.avro.AvroKafkaSerializer

2025-08-13 16:35:51,762 INFO  [org.apa.kaf.com.tel.int.KafkaMetricsCollector] (main) initializing Kafka metrics collector
2025-08-13 16:35:51,765 INFO  [org.apa.kaf.cli.pro.KafkaProducer] (main) [Producer clientId=Producer-topic-146b1945_1104_4e99_9fc0_bd158a3764e4] Instantiated an idempotent producer.
2025-08-13 16:35:51,767 INFO  [org.apa.kaf.cli.pro.ProducerConfig] (main) These configurations '[apicurio.registry.url, apicurio.registry.artifact-resolver-strategy]' were supplied but are not used yet.
2025-08-13 16:35:51,767 INFO  [org.apa.kaf.com.uti.AppInfoParser] (main) Kafka version: 3.9.1
2025-08-13 16:35:51,767 INFO  [org.apa.kaf.com.uti.AppInfoParser] (main) Kafka commitId: f745dfdcee2b9851
2025-08-13 16:35:51,767 INFO  [org.apa.kaf.com.uti.AppInfoParser] (main) Kafka startTimeMs: 1755102951767
**** Registry Base URL: http://registry-app-inmemory.apps.ci419.apicurio-testing.org:80
2025-08-13 16:35:51,768 INFO  [org.apa.kaf.cli.con.ConsumerConfig] (main) ConsumerConfig values: 
	allow.auto.create.topics = true
	auto.commit.interval.ms = 500
	auto.include.jmx.reporter = true
	auto.offset.reset = earliest
	bootstrap.servers = [PLAINTEXT://localhost:32769]
	check.crcs = true
	client.dns.lookup = use_all_dns_ips
	client.id = consumer-Consumer-topic-146b1945_1104_4e99_9fc0_bd158a3764e4-9
	client.rack = 
	connections.max.idle.ms = 10000
	default.api.timeout.ms = 60000
	enable.auto.commit = true
	enable.metrics.push = true
	exclude.internal.topics = true
	fetch.max.bytes = 52428800
	fetch.max.wait.ms = 500
	fetch.min.bytes = 1
	group.id = Consumer-topic-146b1945_1104_4e99_9fc0_bd158a3764e4
	group.instance.id = null
	group.protocol = classic
	group.remote.assignor = null
	heartbeat.interval.ms = 3000
	interceptor.classes = []
	internal.leave.group.on.close = true
	internal.throw.on.fetch.stable.offset.unsupported = false
	isolation.level = read_uncommitted
	key.deserializer = class org.apache.kafka.common.serialization.StringDeserializer
	max.partition.fetch.bytes = 1048576
	max.poll.interval.ms = 300000
	max.poll.records = 500
	metadata.max.age.ms = 300000
	metadata.recovery.strategy = none
	metric.reporters = []
	metrics.num.samples = 2
	metrics.recording.level = INFO
	metrics.sample.window.ms = 30000
	partition.assignment.strategy = [class org.apache.kafka.clients.consumer.RangeAssignor, class org.apache.kafka.clients.consumer.CooperativeStickyAssignor]
	receive.buffer.bytes = 65536
	reconnect.backoff.max.ms = 1000
	reconnect.backoff.ms = 50
	request.timeout.ms = 5000
	retry.backoff.max.ms = 1000
	retry.backoff.ms = 100
	sasl.client.callback.handler.class = null
	sasl.jaas.config = null
	sasl.kerberos.kinit.cmd = /usr/bin/kinit
	sasl.kerberos.min.time.before.relogin = 60000
	sasl.kerberos.service.name = null
	sasl.kerberos.ticket.renew.jitter = 0.05
	sasl.kerberos.ticket.renew.window.factor = 0.8
	sasl.login.callback.handler.class = null
	sasl.login.class = null
	sasl.login.connect.timeout.ms = null
	sasl.login.read.timeout.ms = null
	sasl.login.refresh.buffer.seconds = 300
	sasl.login.refresh.min.period.seconds = 60
	sasl.login.refresh.window.factor = 0.8
	sasl.login.refresh.window.jitter = 0.05
	sasl.login.retry.backoff.max.ms = 10000
	sasl.login.retry.backoff.ms = 100
	sasl.mechanism = GSSAPI
	sasl.oauthbearer.clock.skew.seconds = 30
	sasl.oauthbearer.expected.audience = null
	sasl.oauthbearer.expected.issuer = null
	sasl.oauthbearer.header.urlencode = false
	sasl.oauthbearer.jwks.endpoint.refresh.ms = 3600000
	sasl.oauthbearer.jwks.endpoint.retry.backoff.max.ms = 10000
	sasl.oauthbearer.jwks.endpoint.retry.backoff.ms = 100
	sasl.oauthbearer.jwks.endpoint.url = null
	sasl.oauthbearer.scope.claim.name = scope
	sasl.oauthbearer.sub.claim.name = sub
	sasl.oauthbearer.token.endpoint.url = null
	security.protocol = PLAINTEXT
	security.providers = null
	send.buffer.bytes = 131072
	session.timeout.ms = 45000
	socket.connection.setup.timeout.max.ms = 30000
	socket.connection.setup.timeout.ms = 10000
	ssl.cipher.suites = null
	ssl.enabled.protocols = [TLSv1.2, TLSv1.3]
	ssl.endpoint.identification.algorithm = https
	ssl.engine.factory.class = null
	ssl.key.password = null
	ssl.keymanager.algorithm = SunX509
	ssl.keystore.certificate.chain = null
	ssl.keystore.key = null
	ssl.keystore.location = null
	ssl.keystore.password = null
	ssl.keystore.type = JKS
	ssl.protocol = TLSv1.3
	ssl.provider = null
	ssl.secure.random.implementation = null
	ssl.trustmanager.algorithm = PKIX
	ssl.truststore.certificates = null
	ssl.truststore.location = null
	ssl.truststore.password = null
	ssl.truststore.type = JKS
	value.deserializer = class io.apicurio.registry.serde.avro.AvroKafkaDeserializer

2025-08-13 16:35:51,768 INFO  [org.apa.kaf.com.tel.int.KafkaMetricsCollector] (main) initializing Kafka metrics collector
2025-08-13 16:35:51,775 INFO  [org.apa.kaf.cli.Metadata] (kafka-producer-network-thread | Producer-topic-146b1945_1104_4e99_9fc0_bd158a3764e4) [Producer clientId=Producer-topic-146b1945_1104_4e99_9fc0_bd158a3764e4] Cluster ID: Ytz5hAjST9OxAjCVQ_7B1Q
2025-08-13 16:35:51,779 INFO  [org.apa.kaf.cli.pro.int.TransactionManager] (kafka-producer-network-thread | Producer-topic-146b1945_1104_4e99_9fc0_bd158a3764e4) [Producer clientId=Producer-topic-146b1945_1104_4e99_9fc0_bd158a3764e4] ProducerId set to 11 with epoch 0
2025-08-13 16:35:51,784 INFO  [org.apa.kaf.cli.con.ConsumerConfig] (main) These configurations '[apicurio.registry.url]' were supplied but are not used yet.
2025-08-13 16:35:51,784 INFO  [org.apa.kaf.com.uti.AppInfoParser] (main) Kafka version: 3.9.1
2025-08-13 16:35:51,784 INFO  [org.apa.kaf.com.uti.AppInfoParser] (main) Kafka commitId: f745dfdcee2b9851
2025-08-13 16:35:51,784 INFO  [org.apa.kaf.com.uti.AppInfoParser] (main) Kafka startTimeMs: 1755102951784
2025-08-13 16:35:51,786 INFO  [io.api.tes.ser.api.KafkaSerdesTester] (Thread-659) Sending message {"key11755102950728": "value-0"} to topic topic-146b1945_1104_4e99_9fc0_bd158a3764e4
2025-08-13 16:35:51,790 INFO  [DefaultSchemaResolver] (Thread-659) Retrieving schema content using string: {"type":"record","name":"s3d45a364xd37dx42afx91d6x6a360c1e4b7d","namespace":"ns_22cdd121_8996_4272_beda_e5ed9c98043d","fields":[{"name":"key11755102950728","type":"string"}]}
2025-08-13 16:35:51,824 INFO  [io.api.tes.ser.api.KafkaSerdesTester] (Thread-659) Sending message {"key11755102950728": "value-1"} to topic topic-146b1945_1104_4e99_9fc0_bd158a3764e4
2025-08-13 16:35:51,826 INFO  [io.api.tes.ser.api.KafkaSerdesTester] (Thread-659) Sending message {"key11755102950728": "value-2"} to topic topic-146b1945_1104_4e99_9fc0_bd158a3764e4
2025-08-13 16:35:51,828 INFO  [io.api.tes.ser.api.KafkaSerdesTester] (Thread-659) Sending message {"key11755102950728": "value-3"} to topic topic-146b1945_1104_4e99_9fc0_bd158a3764e4
2025-08-13 16:35:51,830 INFO  [io.api.tes.ser.api.KafkaSerdesTester] (Thread-659) Sending message {"key11755102950728": "value-4"} to topic topic-146b1945_1104_4e99_9fc0_bd158a3764e4
2025-08-13 16:35:51,832 INFO  [io.api.tes.ser.api.KafkaSerdesTester] (Thread-659) Sending message {"key11755102950728": "value-5"} to topic topic-146b1945_1104_4e99_9fc0_bd158a3764e4
2025-08-13 16:35:51,834 INFO  [io.api.tes.ser.api.KafkaSerdesTester] (Thread-659) Sending message {"key11755102950728": "value-6"} to topic topic-146b1945_1104_4e99_9fc0_bd158a3764e4
2025-08-13 16:35:51,836 INFO  [io.api.tes.ser.api.KafkaSerdesTester] (Thread-659) Sending message {"key11755102950728": "value-7"} to topic topic-146b1945_1104_4e99_9fc0_bd158a3764e4
2025-08-13 16:35:51,838 INFO  [io.api.tes.ser.api.KafkaSerdesTester] (Thread-659) Sending message {"key11755102950728": "value-8"} to topic topic-146b1945_1104_4e99_9fc0_bd158a3764e4
2025-08-13 16:35:51,841 INFO  [io.api.tes.ser.api.KafkaSerdesTester] (Thread-659) Sending message {"key11755102950728": "value-9"} to topic topic-146b1945_1104_4e99_9fc0_bd158a3764e4
2025-08-13 16:35:51,842 INFO  [io.api.tes.ser.api.KafkaSerdesTester] (Thread-659) Produced 10 messages
2025-08-13 16:35:51,843 INFO  [org.apa.kaf.cli.con.int.ClassicKafkaConsumer] (Thread-660) [Consumer clientId=consumer-Consumer-topic-146b1945_1104_4e99_9fc0_bd158a3764e4-9, groupId=Consumer-topic-146b1945_1104_4e99_9fc0_bd158a3764e4] Subscribed to topic(s): topic-146b1945_1104_4e99_9fc0_bd158a3764e4
2025-08-13 16:35:51,848 INFO  [org.apa.kaf.cli.Metadata] (Thread-660) [Consumer clientId=consumer-Consumer-topic-146b1945_1104_4e99_9fc0_bd158a3764e4-9, groupId=Consumer-topic-146b1945_1104_4e99_9fc0_bd158a3764e4] Cluster ID: Ytz5hAjST9OxAjCVQ_7B1Q
2025-08-13 16:35:51,848 INFO  [org.apa.kaf.cli.con.int.ConsumerCoordinator] (Thread-660) [Consumer clientId=consumer-Consumer-topic-146b1945_1104_4e99_9fc0_bd158a3764e4-9, groupId=Consumer-topic-146b1945_1104_4e99_9fc0_bd158a3764e4] Discovered group coordinator localhost:32769 (id: 2147483647 rack: null)
2025-08-13 16:35:51,849 INFO  [org.apa.kaf.cli.con.int.ConsumerCoordinator] (Thread-660) [Consumer clientId=consumer-Consumer-topic-146b1945_1104_4e99_9fc0_bd158a3764e4-9, groupId=Consumer-topic-146b1945_1104_4e99_9fc0_bd158a3764e4] (Re-)joining group
2025-08-13 16:35:51,852 INFO  [org.apa.kaf.cli.con.int.ConsumerCoordinator] (Thread-660) [Consumer clientId=consumer-Consumer-topic-146b1945_1104_4e99_9fc0_bd158a3764e4-9, groupId=Consumer-topic-146b1945_1104_4e99_9fc0_bd158a3764e4] Request joining group due to: need to re-join with the given member-id: consumer-Consumer-topic-146b1945_1104_4e99_9fc0_bd158a3764e4-9-515b24c0-3a10-4cd8-8d2f-f85d9eae17ed
2025-08-13 16:35:51,852 INFO  [org.apa.kaf.cli.con.int.ConsumerCoordinator] (Thread-660) [Consumer clientId=consumer-Consumer-topic-146b1945_1104_4e99_9fc0_bd158a3764e4-9, groupId=Consumer-topic-146b1945_1104_4e99_9fc0_bd158a3764e4] (Re-)joining group
2025-08-13 16:35:52,843 INFO  [io.api.tes.ser.api.KafkaSerdesTester] (Thread-660) None found
2025-08-13 16:35:53,843 INFO  [io.api.tes.ser.api.KafkaSerdesTester] (Thread-660) None found
2025-08-13 16:35:54,844 INFO  [io.api.tes.ser.api.KafkaSerdesTester] (Thread-660) None found
2025-08-13 16:35:54,853 INFO  [org.apa.kaf.cli.con.int.ConsumerCoordinator] (Thread-660) [Consumer clientId=consumer-Consumer-topic-146b1945_1104_4e99_9fc0_bd158a3764e4-9, groupId=Consumer-topic-146b1945_1104_4e99_9fc0_bd158a3764e4] Successfully joined group with generation Generation{generationId=1, memberId='consumer-Consumer-topic-146b1945_1104_4e99_9fc0_bd158a3764e4-9-515b24c0-3a10-4cd8-8d2f-f85d9eae17ed', protocol='range'}
2025-08-13 16:35:54,854 INFO  [org.apa.kaf.cli.con.int.ConsumerCoordinator] (Thread-660) [Consumer clientId=consumer-Consumer-topic-146b1945_1104_4e99_9fc0_bd158a3764e4-9, groupId=Consumer-topic-146b1945_1104_4e99_9fc0_bd158a3764e4] Finished assignment for group at generation 1: {consumer-Consumer-topic-146b1945_1104_4e99_9fc0_bd158a3764e4-9-515b24c0-3a10-4cd8-8d2f-f85d9eae17ed=Assignment(partitions=[topic-146b1945_1104_4e99_9fc0_bd158a3764e4-0])}
2025-08-13 16:35:54,861 INFO  [org.apa.kaf.cli.con.int.ConsumerCoordinator] (Thread-660) [Consumer clientId=consumer-Consumer-topic-146b1945_1104_4e99_9fc0_bd158a3764e4-9, groupId=Consumer-topic-146b1945_1104_4e99_9fc0_bd158a3764e4] Successfully synced group in generation Generation{generationId=1, memberId='consumer-Consumer-topic-146b1945_1104_4e99_9fc0_bd158a3764e4-9-515b24c0-3a10-4cd8-8d2f-f85d9eae17ed', protocol='range'}
2025-08-13 16:35:54,861 INFO  [org.apa.kaf.cli.con.int.ConsumerCoordinator] (Thread-660) [Consumer clientId=consumer-Consumer-topic-146b1945_1104_4e99_9fc0_bd158a3764e4-9, groupId=Consumer-topic-146b1945_1104_4e99_9fc0_bd158a3764e4] Notifying assignor about the new Assignment(partitions=[topic-146b1945_1104_4e99_9fc0_bd158a3764e4-0])
2025-08-13 16:35:54,861 INFO  [org.apa.kaf.cli.con.int.ConsumerRebalanceListenerInvoker] (Thread-660) [Consumer clientId=consumer-Consumer-topic-146b1945_1104_4e99_9fc0_bd158a3764e4-9, groupId=Consumer-topic-146b1945_1104_4e99_9fc0_bd158a3764e4] Adding newly assigned partitions: topic-146b1945_1104_4e99_9fc0_bd158a3764e4-0
2025-08-13 16:35:54,862 INFO  [org.apa.kaf.cli.con.int.ConsumerCoordinator] (Thread-660) [Consumer clientId=consumer-Consumer-topic-146b1945_1104_4e99_9fc0_bd158a3764e4-9, groupId=Consumer-topic-146b1945_1104_4e99_9fc0_bd158a3764e4] Found no committed offset for partition topic-146b1945_1104_4e99_9fc0_bd158a3764e4-0
2025-08-13 16:35:54,866 INFO  [org.apa.kaf.cli.con.int.SubscriptionState] (Thread-660) [Consumer clientId=consumer-Consumer-topic-146b1945_1104_4e99_9fc0_bd158a3764e4-9, groupId=Consumer-topic-146b1945_1104_4e99_9fc0_bd158a3764e4] Resetting offset for partition topic-146b1945_1104_4e99_9fc0_bd158a3764e4-0 to position FetchPosition{offset=0, offsetEpoch=Optional.empty, currentLeader=LeaderAndEpoch{leader=Optional[localhost:32769 (id: 0 rack: null)], epoch=0}}.
2025-08-13 16:35:55,135 INFO  [io.api.tes.ser.api.KafkaSerdesTester] (Thread-660) topic-146b1945_1104_4e99_9fc0_bd158a3764e4 0 0 {"key11755102950728": "value-0"}
2025-08-13 16:35:55,136 INFO  [io.api.tes.ser.api.KafkaSerdesTester] (Thread-660) topic-146b1945_1104_4e99_9fc0_bd158a3764e4 0 1 {"key11755102950728": "value-1"}
2025-08-13 16:35:55,136 INFO  [io.api.tes.ser.api.KafkaSerdesTester] (Thread-660) topic-146b1945_1104_4e99_9fc0_bd158a3764e4 0 2 {"key11755102950728": "value-2"}
2025-08-13 16:35:55,136 INFO  [io.api.tes.ser.api.KafkaSerdesTester] (Thread-660) topic-146b1945_1104_4e99_9fc0_bd158a3764e4 0 3 {"key11755102950728": "value-3"}
2025-08-13 16:35:55,136 INFO  [io.api.tes.ser.api.KafkaSerdesTester] (Thread-660) topic-146b1945_1104_4e99_9fc0_bd158a3764e4 0 4 {"key11755102950728": "value-4"}
2025-08-13 16:35:55,136 INFO  [io.api.tes.ser.api.KafkaSerdesTester] (Thread-660) topic-146b1945_1104_4e99_9fc0_bd158a3764e4 0 5 {"key11755102950728": "value-5"}
2025-08-13 16:35:55,136 INFO  [io.api.tes.ser.api.KafkaSerdesTester] (Thread-660) topic-146b1945_1104_4e99_9fc0_bd158a3764e4 0 6 {"key11755102950728": "value-6"}
2025-08-13 16:35:55,136 INFO  [io.api.tes.ser.api.KafkaSerdesTester] (Thread-660) topic-146b1945_1104_4e99_9fc0_bd158a3764e4 0 7 {"key11755102950728": "value-7"}
2025-08-13 16:35:55,136 INFO  [io.api.tes.ser.api.KafkaSerdesTester] (Thread-660) topic-146b1945_1104_4e99_9fc0_bd158a3764e4 0 8 {"key11755102950728": "value-8"}
2025-08-13 16:35:55,136 INFO  [io.api.tes.ser.api.KafkaSerdesTester] (Thread-660) topic-146b1945_1104_4e99_9fc0_bd158a3764e4 0 9 {"key11755102950728": "value-9"}
2025-08-13 16:35:55,136 INFO  [io.api.tes.ser.api.KafkaSerdesTester] (Thread-660) Consumed 10 messages
2025-08-13 16:35:55,137 INFO  [io.api.tes.ser.api.AvroSerdeIT] (main) Registering Avro Schema 2: {"type":"record","name":"s3d45a364xd37dx42afx91d6x6a360c1e4b7d","namespace":"ns_22cdd121_8996_4272_beda_e5ed9c98043d","fields":[{"name":"key11755102950728","type":"string"},{"name":"key21755102955136","type":"string"}]}
2025-08-13 16:35:56,170 INFO  [io.api.tes.ser.api.KafkaSerdesTester] (Thread-661) Sending message {"key11755102950728": "value-0", "key21755102955136": "value-0"} to topic topic-146b1945_1104_4e99_9fc0_bd158a3764e4
2025-08-13 16:35:56,170 INFO  [DefaultSchemaResolver] (Thread-661) Retrieving schema content using string: {"type":"record","name":"s3d45a364xd37dx42afx91d6x6a360c1e4b7d","namespace":"ns_22cdd121_8996_4272_beda_e5ed9c98043d","fields":[{"name":"key11755102950728","type":"string"},{"name":"key21755102955136","type":"string"}]}
2025-08-13 16:35:56,191 INFO  [io.api.tes.ser.api.KafkaSerdesTester] (Thread-661) Sending message {"key11755102950728": "value-1", "key21755102955136": "value-1"} to topic topic-146b1945_1104_4e99_9fc0_bd158a3764e4
2025-08-13 16:35:56,193 INFO  [io.api.tes.ser.api.KafkaSerdesTester] (Thread-661) Sending message {"key11755102950728": "value-2", "key21755102955136": "value-2"} to topic topic-146b1945_1104_4e99_9fc0_bd158a3764e4
2025-08-13 16:35:56,195 INFO  [io.api.tes.ser.api.KafkaSerdesTester] (Thread-661) Sending message {"key11755102950728": "value-3", "key21755102955136": "value-3"} to topic topic-146b1945_1104_4e99_9fc0_bd158a3764e4
2025-08-13 16:35:56,198 INFO  [io.api.tes.ser.api.KafkaSerdesTester] (Thread-661) Sending message {"key11755102950728": "value-4", "key21755102955136": "value-4"} to topic topic-146b1945_1104_4e99_9fc0_bd158a3764e4
2025-08-13 16:35:56,200 INFO  [io.api.tes.ser.api.KafkaSerdesTester] (Thread-661) Sending message {"key11755102950728": "value-5", "key21755102955136": "value-5"} to topic topic-146b1945_1104_4e99_9fc0_bd158a3764e4
2025-08-13 16:35:56,205 INFO  [io.api.tes.ser.api.KafkaSerdesTester] (Thread-661) Sending message {"key11755102950728": "value-6", "key21755102955136": "value-6"} to topic topic-146b1945_1104_4e99_9fc0_bd158a3764e4
2025-08-13 16:35:56,209 INFO  [io.api.tes.ser.api.KafkaSerdesTester] (Thread-661) Sending message {"key11755102950728": "value-7", "key21755102955136": "value-7"} to topic topic-146b1945_1104_4e99_9fc0_bd158a3764e4
2025-08-13 16:35:56,211 INFO  [io.api.tes.ser.api.KafkaSerdesTester] (Thread-661) Sending message {"key11755102950728": "value-8", "key21755102955136": "value-8"} to topic topic-146b1945_1104_4e99_9fc0_bd158a3764e4
2025-08-13 16:35:56,215 INFO  [io.api.tes.ser.api.KafkaSerdesTester] (Thread-661) Sending message {"key11755102950728": "value-9", "key21755102955136": "value-9"} to topic topic-146b1945_1104_4e99_9fc0_bd158a3764e4
2025-08-13 16:35:56,216 INFO  [io.api.tes.ser.api.KafkaSerdesTester] (Thread-661) Produced 10 messages
2025-08-13 16:35:56,217 INFO  [io.api.tes.ser.api.KafkaSerdesTester] (Thread-662) Sending message {"key11755102950728": "value-0"} to topic topic-146b1945_1104_4e99_9fc0_bd158a3764e4
2025-08-13 16:35:56,218 INFO  [io.api.tes.ser.api.KafkaSerdesTester] (Thread-662) Sending message {"key11755102950728": "value-1"} to topic topic-146b1945_1104_4e99_9fc0_bd158a3764e4
2025-08-13 16:35:56,220 INFO  [io.api.tes.ser.api.KafkaSerdesTester] (Thread-662) Sending message {"key11755102950728": "value-2"} to topic topic-146b1945_1104_4e99_9fc0_bd158a3764e4
2025-08-13 16:35:56,222 INFO  [io.api.tes.ser.api.KafkaSerdesTester] (Thread-662) Sending message {"key11755102950728": "value-3"} to topic topic-146b1945_1104_4e99_9fc0_bd158a3764e4
2025-08-13 16:35:56,223 INFO  [io.api.tes.ser.api.KafkaSerdesTester] (Thread-662) Sending message {"key11755102950728": "value-4"} to topic topic-146b1945_1104_4e99_9fc0_bd158a3764e4
2025-08-13 16:35:56,224 INFO  [io.api.tes.ser.api.KafkaSerdesTester] (Thread-662) Sending message {"key11755102950728": "value-5"} to topic topic-146b1945_1104_4e99_9fc0_bd158a3764e4
2025-08-13 16:35:56,226 INFO  [io.api.tes.ser.api.KafkaSerdesTester] (Thread-662) Sending message {"key11755102950728": "value-6"} to topic topic-146b1945_1104_4e99_9fc0_bd158a3764e4
2025-08-13 16:35:56,227 INFO  [io.api.tes.ser.api.KafkaSerdesTester] (Thread-662) Sending message {"key11755102950728": "value-7"} to topic topic-146b1945_1104_4e99_9fc0_bd158a3764e4
2025-08-13 16:35:56,229 INFO  [io.api.tes.ser.api.KafkaSerdesTester] (Thread-662) Sending message {"key11755102950728": "value-8"} to topic topic-146b1945_1104_4e99_9fc0_bd158a3764e4
2025-08-13 16:35:56,231 INFO  [io.api.tes.ser.api.KafkaSerdesTester] (Thread-662) Sending message {"key11755102950728": "value-9"} to topic topic-146b1945_1104_4e99_9fc0_bd158a3764e4
2025-08-13 16:35:56,232 INFO  [io.api.tes.ser.api.KafkaSerdesTester] (Thread-662) Produced 10 messages
2025-08-13 16:35:56,233 INFO  [org.apa.kaf.cli.con.int.ClassicKafkaConsumer] (Thread-663) [Consumer clientId=consumer-Consumer-topic-146b1945_1104_4e99_9fc0_bd158a3764e4-9, groupId=Consumer-topic-146b1945_1104_4e99_9fc0_bd158a3764e4] Subscribed to topic(s): topic-146b1945_1104_4e99_9fc0_bd158a3764e4
2025-08-13 16:35:56,260 INFO  [io.api.tes.ser.api.KafkaSerdesTester] (Thread-663) topic-146b1945_1104_4e99_9fc0_bd158a3764e4 0 10 {"key11755102950728": "value-0", "key21755102955136": "value-0"}
2025-08-13 16:35:56,261 INFO  [io.api.tes.ser.api.KafkaSerdesTester] (Thread-663) topic-146b1945_1104_4e99_9fc0_bd158a3764e4 0 11 {"key11755102950728": "value-1", "key21755102955136": "value-1"}
2025-08-13 16:35:56,261 INFO  [io.api.tes.ser.api.KafkaSerdesTester] (Thread-663) topic-146b1945_1104_4e99_9fc0_bd158a3764e4 0 12 {"key11755102950728": "value-2", "key21755102955136": "value-2"}
2025-08-13 16:35:56,261 INFO  [io.api.tes.ser.api.KafkaSerdesTester] (Thread-663) topic-146b1945_1104_4e99_9fc0_bd158a3764e4 0 13 {"key11755102950728": "value-3", "key21755102955136": "value-3"}
2025-08-13 16:35:56,261 INFO  [io.api.tes.ser.api.KafkaSerdesTester] (Thread-663) topic-146b1945_1104_4e99_9fc0_bd158a3764e4 0 14 {"key11755102950728": "value-4", "key21755102955136": "value-4"}
2025-08-13 16:35:56,261 INFO  [io.api.tes.ser.api.KafkaSerdesTester] (Thread-663) topic-146b1945_1104_4e99_9fc0_bd158a3764e4 0 15 {"key11755102950728": "value-5", "key21755102955136": "value-5"}
2025-08-13 16:35:56,261 INFO  [io.api.tes.ser.api.KafkaSerdesTester] (Thread-663) topic-146b1945_1104_4e99_9fc0_bd158a3764e4 0 16 {"key11755102950728": "value-6", "key21755102955136": "value-6"}
2025-08-13 16:35:56,261 INFO  [io.api.tes.ser.api.KafkaSerdesTester] (Thread-663) topic-146b1945_1104_4e99_9fc0_bd158a3764e4 0 17 {"key11755102950728": "value-7", "key21755102955136": "value-7"}
2025-08-13 16:35:56,261 INFO  [io.api.tes.ser.api.KafkaSerdesTester] (Thread-663) topic-146b1945_1104_4e99_9fc0_bd158a3764e4 0 18 {"key11755102950728": "value-8", "key21755102955136": "value-8"}
2025-08-13 16:35:56,261 INFO  [io.api.tes.ser.api.KafkaSerdesTester] (Thread-663) topic-146b1945_1104_4e99_9fc0_bd158a3764e4 0 19 {"key11755102950728": "value-9", "key21755102955136": "value-9"}
2025-08-13 16:35:56,261 INFO  [io.api.tes.ser.api.KafkaSerdesTester] (Thread-663) topic-146b1945_1104_4e99_9fc0_bd158a3764e4 0 20 {"key11755102950728": "value-0"}
2025-08-13 16:35:56,261 INFO  [io.api.tes.ser.api.KafkaSerdesTester] (Thread-663) topic-146b1945_1104_4e99_9fc0_bd158a3764e4 0 21 {"key11755102950728": "value-1"}
2025-08-13 16:35:56,261 INFO  [io.api.tes.ser.api.KafkaSerdesTester] (Thread-663) topic-146b1945_1104_4e99_9fc0_bd158a3764e4 0 22 {"key11755102950728": "value-2"}
2025-08-13 16:35:56,261 INFO  [io.api.tes.ser.api.KafkaSerdesTester] (Thread-663) topic-146b1945_1104_4e99_9fc0_bd158a3764e4 0 23 {"key11755102950728": "value-3"}
2025-08-13 16:35:56,261 INFO  [io.api.tes.ser.api.KafkaSerdesTester] (Thread-663) topic-146b1945_1104_4e99_9fc0_bd158a3764e4 0 24 {"key11755102950728": "value-4"}
2025-08-13 16:35:56,261 INFO  [io.api.tes.ser.api.KafkaSerdesTester] (Thread-663) topic-146b1945_1104_4e99_9fc0_bd158a3764e4 0 25 {"key11755102950728": "value-5"}
2025-08-13 16:35:56,261 INFO  [io.api.tes.ser.api.KafkaSerdesTester] (Thread-663) topic-146b1945_1104_4e99_9fc0_bd158a3764e4 0 26 {"key11755102950728": "value-6"}
2025-08-13 16:35:56,261 INFO  [io.api.tes.ser.api.KafkaSerdesTester] (Thread-663) topic-146b1945_1104_4e99_9fc0_bd158a3764e4 0 27 {"key11755102950728": "value-7"}
2025-08-13 16:35:56,261 INFO  [io.api.tes.ser.api.KafkaSerdesTester] (Thread-663) topic-146b1945_1104_4e99_9fc0_bd158a3764e4 0 28 {"key11755102950728": "value-8"}
2025-08-13 16:35:56,261 INFO  [io.api.tes.ser.api.KafkaSerdesTester] (Thread-663) topic-146b1945_1104_4e99_9fc0_bd158a3764e4 0 29 {"key11755102950728": "value-9"}
2025-08-13 16:35:56,262 INFO  [io.api.tes.ser.api.KafkaSerdesTester] (Thread-663) Consumed 20 messages
2025-08-13 16:35:56,262 INFO  [io.api.tes.ser.api.AvroSerdeIT] (main) Registering Avro Schema 3: {"type":"record","name":"s3d45a364xd37dx42afx91d6x6a360c1e4b7d","namespace":"ns_22cdd121_8996_4272_beda_e5ed9c98043d","fields":[{"name":"key11755102950728","type":"string"},{"name":"key21755102955136","type":"string"},{"name":"key31755102956262","type":"string"}]}
2025-08-13 16:35:57,295 INFO  [io.api.tes.ser.api.KafkaSerdesTester] (Thread-664) Sending message {"key11755102950728": "value-0", "key21755102955136": "value-0", "key31755102956262": "value-0"} to topic topic-146b1945_1104_4e99_9fc0_bd158a3764e4
2025-08-13 16:35:57,295 INFO  [DefaultSchemaResolver] (Thread-664) Retrieving schema content using string: {"type":"record","name":"s3d45a364xd37dx42afx91d6x6a360c1e4b7d","namespace":"ns_22cdd121_8996_4272_beda_e5ed9c98043d","fields":[{"name":"key11755102950728","type":"string"},{"name":"key21755102955136","type":"string"},{"name":"key31755102956262","type":"string"}]}
2025-08-13 16:35:57,313 INFO  [io.api.tes.ser.api.KafkaSerdesTester] (Thread-664) Sending message {"key11755102950728": "value-1", "key21755102955136": "value-1", "key31755102956262": "value-1"} to topic topic-146b1945_1104_4e99_9fc0_bd158a3764e4
2025-08-13 16:35:57,315 INFO  [io.api.tes.ser.api.KafkaSerdesTester] (Thread-664) Sending message {"key11755102950728": "value-2", "key21755102955136": "value-2", "key31755102956262": "value-2"} to topic topic-146b1945_1104_4e99_9fc0_bd158a3764e4
2025-08-13 16:35:57,318 INFO  [io.api.tes.ser.api.KafkaSerdesTester] (Thread-664) Sending message {"key11755102950728": "value-3", "key21755102955136": "value-3", "key31755102956262": "value-3"} to topic topic-146b1945_1104_4e99_9fc0_bd158a3764e4
2025-08-13 16:35:57,323 INFO  [io.api.tes.ser.api.KafkaSerdesTester] (Thread-664) Sending message {"key11755102950728": "value-4", "key21755102955136": "value-4", "key31755102956262": "value-4"} to topic topic-146b1945_1104_4e99_9fc0_bd158a3764e4
2025-08-13 16:35:57,327 INFO  [io.api.tes.ser.api.KafkaSerdesTester] (Thread-664) Sending message {"key11755102950728": "value-5", "key21755102955136": "value-5", "key31755102956262": "value-5"} to topic topic-146b1945_1104_4e99_9fc0_bd158a3764e4
2025-08-13 16:35:57,332 INFO  [io.api.tes.ser.api.KafkaSerdesTester] (Thread-664) Sending message {"key11755102950728": "value-6", "key21755102955136": "value-6", "key31755102956262": "value-6"} to topic topic-146b1945_1104_4e99_9fc0_bd158a3764e4
2025-08-13 16:35:57,335 INFO  [io.api.tes.ser.api.KafkaSerdesTester] (Thread-664) Sending message {"key11755102950728": "value-7", "key21755102955136": "value-7", "key31755102956262": "value-7"} to topic topic-146b1945_1104_4e99_9fc0_bd158a3764e4
2025-08-13 16:35:57,337 INFO  [io.api.tes.ser.api.KafkaSerdesTester] (Thread-664) Sending message {"key11755102950728": "value-8", "key21755102955136": "value-8", "key31755102956262": "value-8"} to topic topic-146b1945_1104_4e99_9fc0_bd158a3764e4
2025-08-13 16:35:57,339 INFO  [io.api.tes.ser.api.KafkaSerdesTester] (Thread-664) Sending message {"key11755102950728": "value-9", "key21755102955136": "value-9", "key31755102956262": "value-9"} to topic topic-146b1945_1104_4e99_9fc0_bd158a3764e4
2025-08-13 16:35:57,341 INFO  [io.api.tes.ser.api.KafkaSerdesTester] (Thread-664) Produced 10 messages
2025-08-13 16:35:57,341 INFO  [io.api.tes.ser.api.KafkaSerdesTester] (Thread-665) Sending message {"key11755102950728": "value-0", "key21755102955136": "value-0"} to topic topic-146b1945_1104_4e99_9fc0_bd158a3764e4
2025-08-13 16:35:57,343 INFO  [io.api.tes.ser.api.KafkaSerdesTester] (Thread-665) Sending message {"key11755102950728": "value-1", "key21755102955136": "value-1"} to topic topic-146b1945_1104_4e99_9fc0_bd158a3764e4
2025-08-13 16:35:57,345 INFO  [io.api.tes.ser.api.KafkaSerdesTester] (Thread-665) Sending message {"key11755102950728": "value-2", "key21755102955136": "value-2"} to topic topic-146b1945_1104_4e99_9fc0_bd158a3764e4
2025-08-13 16:35:57,346 INFO  [io.api.tes.ser.api.KafkaSerdesTester] (Thread-665) Sending message {"key11755102950728": "value-3", "key21755102955136": "value-3"} to topic topic-146b1945_1104_4e99_9fc0_bd158a3764e4
2025-08-13 16:35:57,348 INFO  [io.api.tes.ser.api.KafkaSerdesTester] (Thread-665) Sending message {"key11755102950728": "value-4", "key21755102955136": "value-4"} to topic topic-146b1945_1104_4e99_9fc0_bd158a3764e4
2025-08-13 16:35:57,350 INFO  [io.api.tes.ser.api.KafkaSerdesTester] (Thread-665) Sending message {"key11755102950728": "value-5", "key21755102955136": "value-5"} to topic topic-146b1945_1104_4e99_9fc0_bd158a3764e4
2025-08-13 16:35:57,351 INFO  [io.api.tes.ser.api.KafkaSerdesTester] (Thread-665) Sending message {"key11755102950728": "value-6", "key21755102955136": "value-6"} to topic topic-146b1945_1104_4e99_9fc0_bd158a3764e4
2025-08-13 16:35:57,355 INFO  [io.api.tes.ser.api.KafkaSerdesTester] (Thread-665) Sending message {"key11755102950728": "value-7", "key21755102955136": "value-7"} to topic topic-146b1945_1104_4e99_9fc0_bd158a3764e4
2025-08-13 16:35:57,361 INFO  [io.api.tes.ser.api.KafkaSerdesTester] (Thread-665) Sending message {"key11755102950728": "value-8", "key21755102955136": "value-8"} to topic topic-146b1945_1104_4e99_9fc0_bd158a3764e4
2025-08-13 16:35:57,367 INFO  [io.api.tes.ser.api.KafkaSerdesTester] (Thread-665) Sending message {"key11755102950728": "value-9", "key21755102955136": "value-9"} to topic topic-146b1945_1104_4e99_9fc0_bd158a3764e4
2025-08-13 16:35:57,370 INFO  [io.api.tes.ser.api.KafkaSerdesTester] (Thread-665) Produced 10 messages
2025-08-13 16:35:57,371 INFO  [io.api.tes.ser.api.KafkaSerdesTester] (Thread-666) Sending message {"key11755102950728": "value-0"} to topic topic-146b1945_1104_4e99_9fc0_bd158a3764e4
2025-08-13 16:35:57,372 INFO  [io.api.tes.ser.api.KafkaSerdesTester] (Thread-666) Sending message {"key11755102950728": "value-1"} to topic topic-146b1945_1104_4e99_9fc0_bd158a3764e4
2025-08-13 16:35:57,374 INFO  [io.api.tes.ser.api.KafkaSerdesTester] (Thread-666) Sending message {"key11755102950728": "value-2"} to topic topic-146b1945_1104_4e99_9fc0_bd158a3764e4
2025-08-13 16:35:57,376 INFO  [io.api.tes.ser.api.KafkaSerdesTester] (Thread-666) Sending message {"key11755102950728": "value-3"} to topic topic-146b1945_1104_4e99_9fc0_bd158a3764e4
2025-08-13 16:35:57,378 INFO  [io.api.tes.ser.api.KafkaSerdesTester] (Thread-666) Sending message {"key11755102950728": "value-4"} to topic topic-146b1945_1104_4e99_9fc0_bd158a3764e4
2025-08-13 16:35:57,379 INFO  [io.api.tes.ser.api.KafkaSerdesTester] (Thread-666) Sending message {"key11755102950728": "value-5"} to topic topic-146b1945_1104_4e99_9fc0_bd158a3764e4
2025-08-13 16:35:57,381 INFO  [io.api.tes.ser.api.KafkaSerdesTester] (Thread-666) Sending message {"key11755102950728": "value-6"} to topic topic-146b1945_1104_4e99_9fc0_bd158a3764e4
2025-08-13 16:35:57,383 INFO  [io.api.tes.ser.api.KafkaSerdesTester] (Thread-666) Sending message {"key11755102950728": "value-7"} to topic topic-146b1945_1104_4e99_9fc0_bd158a3764e4
2025-08-13 16:35:57,384 INFO  [io.api.tes.ser.api.KafkaSerdesTester] (Thread-666) Sending message {"key11755102950728": "value-8"} to topic topic-146b1945_1104_4e99_9fc0_bd158a3764e4
2025-08-13 16:35:57,386 INFO  [io.api.tes.ser.api.KafkaSerdesTester] (Thread-666) Sending message {"key11755102950728": "value-9"} to topic topic-146b1945_1104_4e99_9fc0_bd158a3764e4
2025-08-13 16:35:57,388 INFO  [io.api.tes.ser.api.KafkaSerdesTester] (Thread-666) Produced 10 messages
2025-08-13 16:35:57,389 INFO  [org.apa.kaf.cli.con.int.ClassicKafkaConsumer] (Thread-667) [Consumer clientId=consumer-Consumer-topic-146b1945_1104_4e99_9fc0_bd158a3764e4-9, groupId=Consumer-topic-146b1945_1104_4e99_9fc0_bd158a3764e4] Subscribed to topic(s): topic-146b1945_1104_4e99_9fc0_bd158a3764e4
2025-08-13 16:35:57,419 INFO  [io.api.tes.ser.api.KafkaSerdesTester] (Thread-667) topic-146b1945_1104_4e99_9fc0_bd158a3764e4 0 30 {"key11755102950728": "value-0", "key21755102955136": "value-0", "key31755102956262": "value-0"}
2025-08-13 16:35:57,419 INFO  [io.api.tes.ser.api.KafkaSerdesTester] (Thread-667) topic-146b1945_1104_4e99_9fc0_bd158a3764e4 0 31 {"key11755102950728": "value-1", "key21755102955136": "value-1", "key31755102956262": "value-1"}
2025-08-13 16:35:57,419 INFO  [io.api.tes.ser.api.KafkaSerdesTester] (Thread-667) topic-146b1945_1104_4e99_9fc0_bd158a3764e4 0 32 {"key11755102950728": "value-2", "key21755102955136": "value-2", "key31755102956262": "value-2"}
2025-08-13 16:35:57,419 INFO  [io.api.tes.ser.api.KafkaSerdesTester] (Thread-667) topic-146b1945_1104_4e99_9fc0_bd158a3764e4 0 33 {"key11755102950728": "value-3", "key21755102955136": "value-3", "key31755102956262": "value-3"}
2025-08-13 16:35:57,419 INFO  [io.api.tes.ser.api.KafkaSerdesTester] (Thread-667) topic-146b1945_1104_4e99_9fc0_bd158a3764e4 0 34 {"key11755102950728": "value-4", "key21755102955136": "value-4", "key31755102956262": "value-4"}
2025-08-13 16:35:57,420 INFO  [io.api.tes.ser.api.KafkaSerdesTester] (Thread-667) topic-146b1945_1104_4e99_9fc0_bd158a3764e4 0 35 {"key11755102950728": "value-5", "key21755102955136": "value-5", "key31755102956262": "value-5"}
2025-08-13 16:35:57,420 INFO  [io.api.tes.ser.api.KafkaSerdesTester] (Thread-667) topic-146b1945_1104_4e99_9fc0_bd158a3764e4 0 36 {"key11755102950728": "value-6", "key21755102955136": "value-6", "key31755102956262": "value-6"}
2025-08-13 16:35:57,420 INFO  [io.api.tes.ser.api.KafkaSerdesTester] (Thread-667) topic-146b1945_1104_4e99_9fc0_bd158a3764e4 0 37 {"key11755102950728": "value-7", "key21755102955136": "value-7", "key31755102956262": "value-7"}
2025-08-13 16:35:57,420 INFO  [io.api.tes.ser.api.KafkaSerdesTester] (Thread-667) topic-146b1945_1104_4e99_9fc0_bd158a3764e4 0 38 {"key11755102950728": "value-8", "key21755102955136": "value-8", "key31755102956262": "value-8"}
2025-08-13 16:35:57,420 INFO  [io.api.tes.ser.api.KafkaSerdesTester] (Thread-667) topic-146b1945_1104_4e99_9fc0_bd158a3764e4 0 39 {"key11755102950728": "value-9", "key21755102955136": "value-9", "key31755102956262": "value-9"}
2025-08-13 16:35:57,420 INFO  [io.api.tes.ser.api.KafkaSerdesTester] (Thread-667) topic-146b1945_1104_4e99_9fc0_bd158a3764e4 0 40 {"key11755102950728": "value-0", "key21755102955136": "value-0"}
2025-08-13 16:35:57,420 INFO  [io.api.tes.ser.api.KafkaSerdesTester] (Thread-667) topic-146b1945_1104_4e99_9fc0_bd158a3764e4 0 41 {"key11755102950728": "value-1", "key21755102955136": "value-1"}
2025-08-13 16:35:57,420 INFO  [io.api.tes.ser.api.KafkaSerdesTester] (Thread-667) topic-146b1945_1104_4e99_9fc0_bd158a3764e4 0 42 {"key11755102950728": "value-2", "key21755102955136": "value-2"}
2025-08-13 16:35:57,420 INFO  [io.api.tes.ser.api.KafkaSerdesTester] (Thread-667) topic-146b1945_1104_4e99_9fc0_bd158a3764e4 0 43 {"key11755102950728": "value-3", "key21755102955136": "value-3"}
2025-08-13 16:35:57,420 INFO  [io.api.tes.ser.api.KafkaSerdesTester] (Thread-667) topic-146b1945_1104_4e99_9fc0_bd158a3764e4 0 44 {"key11755102950728": "value-4", "key21755102955136": "value-4"}
2025-08-13 16:35:57,420 INFO  [io.api.tes.ser.api.KafkaSerdesTester] (Thread-667) topic-146b1945_1104_4e99_9fc0_bd158a3764e4 0 45 {"key11755102950728": "value-5", "key21755102955136": "value-5"}
2025-08-13 16:35:57,420 INFO  [io.api.tes.ser.api.KafkaSerdesTester] (Thread-667) topic-146b1945_1104_4e99_9fc0_bd158a3764e4 0 46 {"key11755102950728": "value-6", "key21755102955136": "value-6"}
2025-08-13 16:35:57,420 INFO  [io.api.tes.ser.api.KafkaSerdesTester] (Thread-667) topic-146b1945_1104_4e99_9fc0_bd158a3764e4 0 47 {"key11755102950728": "value-7", "key21755102955136": "value-7"}
2025-08-13 16:35:57,420 INFO  [io.api.tes.ser.api.KafkaSerdesTester] (Thread-667) topic-146b1945_1104_4e99_9fc0_bd158a3764e4 0 48 {"key11755102950728": "value-8", "key21755102955136": "value-8"}
2025-08-13 16:35:57,420 INFO  [io.api.tes.ser.api.KafkaSerdesTester] (Thread-667) topic-146b1945_1104_4e99_9fc0_bd158a3764e4 0 49 {"key11755102950728": "value-9", "key21755102955136": "value-9"}
2025-08-13 16:35:57,420 INFO  [io.api.tes.ser.api.KafkaSerdesTester] (Thread-667) topic-146b1945_1104_4e99_9fc0_bd158a3764e4 0 50 {"key11755102950728": "value-0"}
2025-08-13 16:35:57,420 INFO  [io.api.tes.ser.api.KafkaSerdesTester] (Thread-667) topic-146b1945_1104_4e99_9fc0_bd158a3764e4 0 51 {"key11755102950728": "value-1"}
2025-08-13 16:35:57,420 INFO  [io.api.tes.ser.api.KafkaSerdesTester] (Thread-667) topic-146b1945_1104_4e99_9fc0_bd158a3764e4 0 52 {"key11755102950728": "value-2"}
2025-08-13 16:35:57,421 INFO  [io.api.tes.ser.api.KafkaSerdesTester] (Thread-667) topic-146b1945_1104_4e99_9fc0_bd158a3764e4 0 53 {"key11755102950728": "value-3"}
2025-08-13 16:35:57,421 INFO  [io.api.tes.ser.api.KafkaSerdesTester] (Thread-667) topic-146b1945_1104_4e99_9fc0_bd158a3764e4 0 54 {"key11755102950728": "value-4"}
2025-08-13 16:35:57,421 INFO  [io.api.tes.ser.api.KafkaSerdesTester] (Thread-667) topic-146b1945_1104_4e99_9fc0_bd158a3764e4 0 55 {"key11755102950728": "value-5"}
2025-08-13 16:35:57,421 INFO  [io.api.tes.ser.api.KafkaSerdesTester] (Thread-667) topic-146b1945_1104_4e99_9fc0_bd158a3764e4 0 56 {"key11755102950728": "value-6"}
2025-08-13 16:35:57,421 INFO  [io.api.tes.ser.api.KafkaSerdesTester] (Thread-667) topic-146b1945_1104_4e99_9fc0_bd158a3764e4 0 57 {"key11755102950728": "value-7"}
2025-08-13 16:35:57,421 INFO  [io.api.tes.ser.api.KafkaSerdesTester] (Thread-667) topic-146b1945_1104_4e99_9fc0_bd158a3764e4 0 58 {"key11755102950728": "value-8"}
2025-08-13 16:35:57,421 INFO  [io.api.tes.ser.api.KafkaSerdesTester] (Thread-667) topic-146b1945_1104_4e99_9fc0_bd158a3764e4 0 59 {"key11755102950728": "value-9"}
2025-08-13 16:35:57,421 INFO  [io.api.tes.ser.api.KafkaSerdesTester] (Thread-667) Consumed 30 messages
2025-08-13 16:35:57,421 INFO  [org.apa.kaf.cli.pro.KafkaProducer] (main) [Producer clientId=Producer-topic-146b1945_1104_4e99_9fc0_bd158a3764e4] Closing the Kafka producer with timeoutMillis = 9223372036854775807 ms.
2025-08-13 16:35:57,424 INFO  [org.apa.kaf.com.met.Metrics] (main) Metrics scheduler closed
2025-08-13 16:35:57,424 INFO  [org.apa.kaf.com.met.Metrics] (main) Closing reporter org.apache.kafka.common.metrics.JmxReporter
2025-08-13 16:35:57,424 INFO  [org.apa.kaf.com.met.Metrics] (main) Closing reporter org.apache.kafka.common.telemetry.internals.ClientTelemetryReporter
2025-08-13 16:35:57,424 INFO  [org.apa.kaf.com.met.Metrics] (main) Metrics reporters closed
2025-08-13 16:35:57,424 INFO  [org.apa.kaf.com.uti.AppInfoParser] (main) App info kafka.producer for Producer-topic-146b1945_1104_4e99_9fc0_bd158a3764e4 unregistered
2025-08-13 16:35:57,432 INFO  [org.apa.kaf.cli.con.int.ConsumerRebalanceListenerInvoker] (main) [Consumer clientId=consumer-Consumer-topic-146b1945_1104_4e99_9fc0_bd158a3764e4-9, groupId=Consumer-topic-146b1945_1104_4e99_9fc0_bd158a3764e4] Revoke previously assigned partitions topic-146b1945_1104_4e99_9fc0_bd158a3764e4-0
2025-08-13 16:35:57,432 INFO  [org.apa.kaf.cli.con.int.ConsumerCoordinator] (main) [Consumer clientId=consumer-Consumer-topic-146b1945_1104_4e99_9fc0_bd158a3764e4-9, groupId=Consumer-topic-146b1945_1104_4e99_9fc0_bd158a3764e4] Member consumer-Consumer-topic-146b1945_1104_4e99_9fc0_bd158a3764e4-9-515b24c0-3a10-4cd8-8d2f-f85d9eae17ed sending LeaveGroup request to coordinator localhost:32769 (id: 2147483647 rack: null) due to the consumer is being closed
2025-08-13 16:35:57,432 INFO  [org.apa.kaf.cli.con.int.ConsumerCoordinator] (main) [Consumer clientId=consumer-Consumer-topic-146b1945_1104_4e99_9fc0_bd158a3764e4-9, groupId=Consumer-topic-146b1945_1104_4e99_9fc0_bd158a3764e4] Resetting generation and member id due to: consumer pro-actively leaving the group
2025-08-13 16:35:57,432 INFO  [org.apa.kaf.cli.con.int.ConsumerCoordinator] (main) [Consumer clientId=consumer-Consumer-topic-146b1945_1104_4e99_9fc0_bd158a3764e4-9, groupId=Consumer-topic-146b1945_1104_4e99_9fc0_bd158a3764e4] Request joining group due to: consumer pro-actively leaving the group
2025-08-13 16:35:57,922 INFO  [org.apa.kaf.com.met.Metrics] (main) Metrics scheduler closed
2025-08-13 16:35:57,922 INFO  [org.apa.kaf.com.met.Metrics] (main) Closing reporter org.apache.kafka.common.metrics.JmxReporter
2025-08-13 16:35:57,922 INFO  [org.apa.kaf.com.met.Metrics] (main) Closing reporter org.apache.kafka.common.telemetry.internals.ClientTelemetryReporter
2025-08-13 16:35:57,922 INFO  [org.apa.kaf.com.met.Metrics] (main) Metrics reporters closed
2025-08-13 16:35:57,925 INFO  [org.apa.kaf.com.uti.AppInfoParser] (main) App info kafka.consumer for consumer-Consumer-topic-146b1945_1104_4e99_9fc0_bd158a3764e4-9 unregistered
2025-08-13 16:35:57,925 INFO  [io.api.tes.uti.TestSeparator] (main) io.apicurio.tests.serdes.apicurio.AvroSerdeIT.testEvolveAvroApicurioReusingClient-FINISHED
2025-08-13 16:35:57,925 INFO  [io.api.tes.uti.TestSeparator] (main) ############################################################################
Test passed: testEvolveAvroApicurioReusingClient
]]></system-out>
  </testcase>
  <testcase name="testProducerUsesDefaultConsumerUsesGlobalId" classname="io.apicurio.tests.serdes.apicurio.AvroSerdeIT" time="0.0">
    <skipped message="void io.apicurio.tests.serdes.apicurio.AvroSerdeIT.testProducerUsesDefaultConsumerUsesGlobalId() throws java.lang.Exception is @Disabled"/>
  </testcase>
  <testcase name="testEvolveAvroApicurio" classname="io.apicurio.tests.serdes.apicurio.AvroSerdeIT" time="14.425">
    <system-out><![CDATA[2025-08-13 16:35:57,929 INFO  [io.api.tes.uti.TestSeparator] (main) ############################################################################
2025-08-13 16:35:57,929 INFO  [io.api.tes.uti.TestSeparator] (main) io.apicurio.tests.serdes.apicurio.AvroSerdeIT.testEvolveAvroApicurio-STARTED
2025-08-13 16:35:57,930 INFO  [io.api.tes.ser.api.AvroSerdeIT] (main) Registering Avro Schema: {"type":"record","name":"sb818146fx083ax4326xbbdexca5e8302fa3b","namespace":"ns_6e3a6d47_e8ac_4d12_bcb9_d5334f50413b","fields":[{"name":"key11755102957930","type":"string"}]}
**** Registry Base URL: http://registry-app-inmemory.apps.ci419.apicurio-testing.org:80
2025-08-13 16:35:58,962 INFO  [org.apa.kaf.cli.pro.ProducerConfig] (main) ProducerConfig values: 
	acks = -1
	auto.include.jmx.reporter = true
	batch.size = 16384
	bootstrap.servers = [PLAINTEXT://localhost:32769]
	buffer.memory = 33554432
	client.dns.lookup = use_all_dns_ips
	client.id = Producer-topic-5f8d228e_436d_45fe_83a8_24c1af657666
	compression.gzip.level = -1
	compression.lz4.level = 9
	compression.type = none
	compression.zstd.level = 3
	connections.max.idle.ms = 10000
	delivery.timeout.ms = 120000
	enable.idempotence = true
	enable.metrics.push = true
	interceptor.classes = []
	key.serializer = class org.apache.kafka.common.serialization.StringSerializer
	linger.ms = 0
	max.block.ms = 60000
	max.in.flight.requests.per.connection = 5
	max.request.size = 1048576
	metadata.max.age.ms = 300000
	metadata.max.idle.ms = 300000
	metadata.recovery.strategy = none
	metric.reporters = []
	metrics.num.samples = 2
	metrics.recording.level = INFO
	metrics.sample.window.ms = 30000
	partitioner.adaptive.partitioning.enable = true
	partitioner.availability.timeout.ms = 0
	partitioner.class = null
	partitioner.ignore.keys = false
	receive.buffer.bytes = 32768
	reconnect.backoff.max.ms = 1000
	reconnect.backoff.ms = 50
	request.timeout.ms = 5000
	retries = 2147483647
	retry.backoff.max.ms = 1000
	retry.backoff.ms = 100
	sasl.client.callback.handler.class = null
	sasl.jaas.config = null
	sasl.kerberos.kinit.cmd = /usr/bin/kinit
	sasl.kerberos.min.time.before.relogin = 60000
	sasl.kerberos.service.name = null
	sasl.kerberos.ticket.renew.jitter = 0.05
	sasl.kerberos.ticket.renew.window.factor = 0.8
	sasl.login.callback.handler.class = null
	sasl.login.class = null
	sasl.login.connect.timeout.ms = null
	sasl.login.read.timeout.ms = null
	sasl.login.refresh.buffer.seconds = 300
	sasl.login.refresh.min.period.seconds = 60
	sasl.login.refresh.window.factor = 0.8
	sasl.login.refresh.window.jitter = 0.05
	sasl.login.retry.backoff.max.ms = 10000
	sasl.login.retry.backoff.ms = 100
	sasl.mechanism = GSSAPI
	sasl.oauthbearer.clock.skew.seconds = 30
	sasl.oauthbearer.expected.audience = null
	sasl.oauthbearer.expected.issuer = null
	sasl.oauthbearer.header.urlencode = false
	sasl.oauthbearer.jwks.endpoint.refresh.ms = 3600000
	sasl.oauthbearer.jwks.endpoint.retry.backoff.max.ms = 10000
	sasl.oauthbearer.jwks.endpoint.retry.backoff.ms = 100
	sasl.oauthbearer.jwks.endpoint.url = null
	sasl.oauthbearer.scope.claim.name = scope
	sasl.oauthbearer.sub.claim.name = sub
	sasl.oauthbearer.token.endpoint.url = null
	security.protocol = PLAINTEXT
	security.providers = null
	send.buffer.bytes = 131072
	socket.connection.setup.timeout.max.ms = 30000
	socket.connection.setup.timeout.ms = 10000
	ssl.cipher.suites = null
	ssl.enabled.protocols = [TLSv1.2, TLSv1.3]
	ssl.endpoint.identification.algorithm = https
	ssl.engine.factory.class = null
	ssl.key.password = null
	ssl.keymanager.algorithm = SunX509
	ssl.keystore.certificate.chain = null
	ssl.keystore.key = null
	ssl.keystore.location = null
	ssl.keystore.password = null
	ssl.keystore.type = JKS
	ssl.protocol = TLSv1.3
	ssl.provider = null
	ssl.secure.random.implementation = null
	ssl.trustmanager.algorithm = PKIX
	ssl.truststore.certificates = null
	ssl.truststore.location = null
	ssl.truststore.password = null
	ssl.truststore.type = JKS
	transaction.timeout.ms = 60000
	transactional.id = null
	value.serializer = class io.apicurio.registry.serde.avro.AvroKafkaSerializer

2025-08-13 16:35:58,963 INFO  [org.apa.kaf.com.tel.int.KafkaMetricsCollector] (main) initializing Kafka metrics collector
2025-08-13 16:35:58,967 INFO  [org.apa.kaf.cli.pro.KafkaProducer] (main) [Producer clientId=Producer-topic-5f8d228e_436d_45fe_83a8_24c1af657666] Instantiated an idempotent producer.
2025-08-13 16:35:58,970 INFO  [org.apa.kaf.cli.pro.ProducerConfig] (main) These configurations '[apicurio.registry.url, apicurio.registry.artifact-resolver-strategy]' were supplied but are not used yet.
2025-08-13 16:35:58,970 INFO  [org.apa.kaf.com.uti.AppInfoParser] (main) Kafka version: 3.9.1
2025-08-13 16:35:58,970 INFO  [org.apa.kaf.com.uti.AppInfoParser] (main) Kafka commitId: f745dfdcee2b9851
2025-08-13 16:35:58,970 INFO  [org.apa.kaf.com.uti.AppInfoParser] (main) Kafka startTimeMs: 1755102958970
**** Registry Base URL: http://registry-app-inmemory.apps.ci419.apicurio-testing.org:80
2025-08-13 16:35:58,971 INFO  [org.apa.kaf.cli.con.ConsumerConfig] (main) ConsumerConfig values: 
	allow.auto.create.topics = true
	auto.commit.interval.ms = 500
	auto.include.jmx.reporter = true
	auto.offset.reset = earliest
	bootstrap.servers = [PLAINTEXT://localhost:32769]
	check.crcs = true
	client.dns.lookup = use_all_dns_ips
	client.id = consumer-Consumer-topic-5f8d228e_436d_45fe_83a8_24c1af657666-10
	client.rack = 
	connections.max.idle.ms = 10000
	default.api.timeout.ms = 60000
	enable.auto.commit = true
	enable.metrics.push = true
	exclude.internal.topics = true
	fetch.max.bytes = 52428800
	fetch.max.wait.ms = 500
	fetch.min.bytes = 1
	group.id = Consumer-topic-5f8d228e_436d_45fe_83a8_24c1af657666
	group.instance.id = null
	group.protocol = classic
	group.remote.assignor = null
	heartbeat.interval.ms = 3000
	interceptor.classes = []
	internal.leave.group.on.close = true
	internal.throw.on.fetch.stable.offset.unsupported = false
	isolation.level = read_uncommitted
	key.deserializer = class org.apache.kafka.common.serialization.StringDeserializer
	max.partition.fetch.bytes = 1048576
	max.poll.interval.ms = 300000
	max.poll.records = 500
	metadata.max.age.ms = 300000
	metadata.recovery.strategy = none
	metric.reporters = []
	metrics.num.samples = 2
	metrics.recording.level = INFO
	metrics.sample.window.ms = 30000
	partition.assignment.strategy = [class org.apache.kafka.clients.consumer.RangeAssignor, class org.apache.kafka.clients.consumer.CooperativeStickyAssignor]
	receive.buffer.bytes = 65536
	reconnect.backoff.max.ms = 1000
	reconnect.backoff.ms = 50
	request.timeout.ms = 5000
	retry.backoff.max.ms = 1000
	retry.backoff.ms = 100
	sasl.client.callback.handler.class = null
	sasl.jaas.config = null
	sasl.kerberos.kinit.cmd = /usr/bin/kinit
	sasl.kerberos.min.time.before.relogin = 60000
	sasl.kerberos.service.name = null
	sasl.kerberos.ticket.renew.jitter = 0.05
	sasl.kerberos.ticket.renew.window.factor = 0.8
	sasl.login.callback.handler.class = null
	sasl.login.class = null
	sasl.login.connect.timeout.ms = null
	sasl.login.read.timeout.ms = null
	sasl.login.refresh.buffer.seconds = 300
	sasl.login.refresh.min.period.seconds = 60
	sasl.login.refresh.window.factor = 0.8
	sasl.login.refresh.window.jitter = 0.05
	sasl.login.retry.backoff.max.ms = 10000
	sasl.login.retry.backoff.ms = 100
	sasl.mechanism = GSSAPI
	sasl.oauthbearer.clock.skew.seconds = 30
	sasl.oauthbearer.expected.audience = null
	sasl.oauthbearer.expected.issuer = null
	sasl.oauthbearer.header.urlencode = false
	sasl.oauthbearer.jwks.endpoint.refresh.ms = 3600000
	sasl.oauthbearer.jwks.endpoint.retry.backoff.max.ms = 10000
	sasl.oauthbearer.jwks.endpoint.retry.backoff.ms = 100
	sasl.oauthbearer.jwks.endpoint.url = null
	sasl.oauthbearer.scope.claim.name = scope
	sasl.oauthbearer.sub.claim.name = sub
	sasl.oauthbearer.token.endpoint.url = null
	security.protocol = PLAINTEXT
	security.providers = null
	send.buffer.bytes = 131072
	session.timeout.ms = 45000
	socket.connection.setup.timeout.max.ms = 30000
	socket.connection.setup.timeout.ms = 10000
	ssl.cipher.suites = null
	ssl.enabled.protocols = [TLSv1.2, TLSv1.3]
	ssl.endpoint.identification.algorithm = https
	ssl.engine.factory.class = null
	ssl.key.password = null
	ssl.keymanager.algorithm = SunX509
	ssl.keystore.certificate.chain = null
	ssl.keystore.key = null
	ssl.keystore.location = null
	ssl.keystore.password = null
	ssl.keystore.type = JKS
	ssl.protocol = TLSv1.3
	ssl.provider = null
	ssl.secure.random.implementation = null
	ssl.trustmanager.algorithm = PKIX
	ssl.truststore.certificates = null
	ssl.truststore.location = null
	ssl.truststore.password = null
	ssl.truststore.type = JKS
	value.deserializer = class io.apicurio.registry.serde.avro.AvroKafkaDeserializer

2025-08-13 16:35:58,971 INFO  [org.apa.kaf.com.tel.int.KafkaMetricsCollector] (main) initializing Kafka metrics collector
2025-08-13 16:35:58,975 INFO  [org.apa.kaf.cli.Metadata] (kafka-producer-network-thread | Producer-topic-5f8d228e_436d_45fe_83a8_24c1af657666) [Producer clientId=Producer-topic-5f8d228e_436d_45fe_83a8_24c1af657666] Cluster ID: Ytz5hAjST9OxAjCVQ_7B1Q
2025-08-13 16:35:58,975 INFO  [org.apa.kaf.cli.pro.int.TransactionManager] (kafka-producer-network-thread | Producer-topic-5f8d228e_436d_45fe_83a8_24c1af657666) [Producer clientId=Producer-topic-5f8d228e_436d_45fe_83a8_24c1af657666] ProducerId set to 12 with epoch 0
2025-08-13 16:35:58,981 INFO  [org.apa.kaf.cli.con.ConsumerConfig] (main) These configurations '[apicurio.registry.url]' were supplied but are not used yet.
2025-08-13 16:35:58,981 INFO  [org.apa.kaf.com.uti.AppInfoParser] (main) Kafka version: 3.9.1
2025-08-13 16:35:58,981 INFO  [org.apa.kaf.com.uti.AppInfoParser] (main) Kafka commitId: f745dfdcee2b9851
2025-08-13 16:35:58,981 INFO  [org.apa.kaf.com.uti.AppInfoParser] (main) Kafka startTimeMs: 1755102958981
2025-08-13 16:35:58,982 INFO  [io.api.tes.ser.api.KafkaSerdesTester] (Thread-672) Sending message {"key11755102957930": "value-0"} to topic topic-5f8d228e_436d_45fe_83a8_24c1af657666
2025-08-13 16:35:58,986 INFO  [DefaultSchemaResolver] (Thread-672) Retrieving schema content using string: {"type":"record","name":"sb818146fx083ax4326xbbdexca5e8302fa3b","namespace":"ns_6e3a6d47_e8ac_4d12_bcb9_d5334f50413b","fields":[{"name":"key11755102957930","type":"string"}]}
2025-08-13 16:35:59,019 INFO  [io.api.tes.ser.api.KafkaSerdesTester] (Thread-672) Sending message {"key11755102957930": "value-1"} to topic topic-5f8d228e_436d_45fe_83a8_24c1af657666
2025-08-13 16:35:59,021 INFO  [io.api.tes.ser.api.KafkaSerdesTester] (Thread-672) Sending message {"key11755102957930": "value-2"} to topic topic-5f8d228e_436d_45fe_83a8_24c1af657666
2025-08-13 16:35:59,023 INFO  [io.api.tes.ser.api.KafkaSerdesTester] (Thread-672) Sending message {"key11755102957930": "value-3"} to topic topic-5f8d228e_436d_45fe_83a8_24c1af657666
2025-08-13 16:35:59,024 INFO  [io.api.tes.ser.api.KafkaSerdesTester] (Thread-672) Sending message {"key11755102957930": "value-4"} to topic topic-5f8d228e_436d_45fe_83a8_24c1af657666
2025-08-13 16:35:59,026 INFO  [io.api.tes.ser.api.KafkaSerdesTester] (Thread-672) Sending message {"key11755102957930": "value-5"} to topic topic-5f8d228e_436d_45fe_83a8_24c1af657666
2025-08-13 16:35:59,028 INFO  [io.api.tes.ser.api.KafkaSerdesTester] (Thread-672) Sending message {"key11755102957930": "value-6"} to topic topic-5f8d228e_436d_45fe_83a8_24c1af657666
2025-08-13 16:35:59,030 INFO  [io.api.tes.ser.api.KafkaSerdesTester] (Thread-672) Sending message {"key11755102957930": "value-7"} to topic topic-5f8d228e_436d_45fe_83a8_24c1af657666
2025-08-13 16:35:59,032 INFO  [io.api.tes.ser.api.KafkaSerdesTester] (Thread-672) Sending message {"key11755102957930": "value-8"} to topic topic-5f8d228e_436d_45fe_83a8_24c1af657666
2025-08-13 16:35:59,033 INFO  [io.api.tes.ser.api.KafkaSerdesTester] (Thread-672) Sending message {"key11755102957930": "value-9"} to topic topic-5f8d228e_436d_45fe_83a8_24c1af657666
2025-08-13 16:35:59,034 INFO  [io.api.tes.ser.api.KafkaSerdesTester] (Thread-672) Produced 10 messages
2025-08-13 16:35:59,034 INFO  [org.apa.kaf.cli.pro.KafkaProducer] (Thread-672) [Producer clientId=Producer-topic-5f8d228e_436d_45fe_83a8_24c1af657666] Closing the Kafka producer with timeoutMillis = 9223372036854775807 ms.
2025-08-13 16:35:59,036 INFO  [org.apa.kaf.com.met.Metrics] (Thread-672) Metrics scheduler closed
2025-08-13 16:35:59,036 INFO  [org.apa.kaf.com.met.Metrics] (Thread-672) Closing reporter org.apache.kafka.common.metrics.JmxReporter
2025-08-13 16:35:59,036 INFO  [org.apa.kaf.com.met.Metrics] (Thread-672) Closing reporter org.apache.kafka.common.telemetry.internals.ClientTelemetryReporter
2025-08-13 16:35:59,036 INFO  [org.apa.kaf.com.met.Metrics] (Thread-672) Metrics reporters closed
2025-08-13 16:35:59,037 INFO  [org.apa.kaf.com.uti.AppInfoParser] (Thread-672) App info kafka.producer for Producer-topic-5f8d228e_436d_45fe_83a8_24c1af657666 unregistered
2025-08-13 16:35:59,037 INFO  [org.apa.kaf.cli.con.int.ClassicKafkaConsumer] (Thread-673) [Consumer clientId=consumer-Consumer-topic-5f8d228e_436d_45fe_83a8_24c1af657666-10, groupId=Consumer-topic-5f8d228e_436d_45fe_83a8_24c1af657666] Subscribed to topic(s): topic-5f8d228e_436d_45fe_83a8_24c1af657666
2025-08-13 16:35:59,046 INFO  [org.apa.kaf.cli.Metadata] (Thread-673) [Consumer clientId=consumer-Consumer-topic-5f8d228e_436d_45fe_83a8_24c1af657666-10, groupId=Consumer-topic-5f8d228e_436d_45fe_83a8_24c1af657666] Cluster ID: Ytz5hAjST9OxAjCVQ_7B1Q
2025-08-13 16:35:59,050 INFO  [org.apa.kaf.cli.con.int.ConsumerCoordinator] (Thread-673) [Consumer clientId=consumer-Consumer-topic-5f8d228e_436d_45fe_83a8_24c1af657666-10, groupId=Consumer-topic-5f8d228e_436d_45fe_83a8_24c1af657666] Discovered group coordinator localhost:32769 (id: 2147483647 rack: null)
2025-08-13 16:35:59,052 INFO  [org.apa.kaf.cli.con.int.ConsumerCoordinator] (Thread-673) [Consumer clientId=consumer-Consumer-topic-5f8d228e_436d_45fe_83a8_24c1af657666-10, groupId=Consumer-topic-5f8d228e_436d_45fe_83a8_24c1af657666] (Re-)joining group
2025-08-13 16:35:59,057 INFO  [org.apa.kaf.cli.con.int.ConsumerCoordinator] (Thread-673) [Consumer clientId=consumer-Consumer-topic-5f8d228e_436d_45fe_83a8_24c1af657666-10, groupId=Consumer-topic-5f8d228e_436d_45fe_83a8_24c1af657666] Request joining group due to: need to re-join with the given member-id: consumer-Consumer-topic-5f8d228e_436d_45fe_83a8_24c1af657666-10-90077837-5ddc-4988-aec1-675f32bcbd44
2025-08-13 16:35:59,057 INFO  [org.apa.kaf.cli.con.int.ConsumerCoordinator] (Thread-673) [Consumer clientId=consumer-Consumer-topic-5f8d228e_436d_45fe_83a8_24c1af657666-10, groupId=Consumer-topic-5f8d228e_436d_45fe_83a8_24c1af657666] (Re-)joining group
2025-08-13 16:36:00,038 INFO  [io.api.tes.ser.api.KafkaSerdesTester] (Thread-673) None found
2025-08-13 16:36:01,038 INFO  [io.api.tes.ser.api.KafkaSerdesTester] (Thread-673) None found
2025-08-13 16:36:02,038 INFO  [io.api.tes.ser.api.KafkaSerdesTester] (Thread-673) None found
2025-08-13 16:36:02,059 INFO  [org.apa.kaf.cli.con.int.ConsumerCoordinator] (Thread-673) [Consumer clientId=consumer-Consumer-topic-5f8d228e_436d_45fe_83a8_24c1af657666-10, groupId=Consumer-topic-5f8d228e_436d_45fe_83a8_24c1af657666] Successfully joined group with generation Generation{generationId=1, memberId='consumer-Consumer-topic-5f8d228e_436d_45fe_83a8_24c1af657666-10-90077837-5ddc-4988-aec1-675f32bcbd44', protocol='range'}
2025-08-13 16:36:02,060 INFO  [org.apa.kaf.cli.con.int.ConsumerCoordinator] (Thread-673) [Consumer clientId=consumer-Consumer-topic-5f8d228e_436d_45fe_83a8_24c1af657666-10, groupId=Consumer-topic-5f8d228e_436d_45fe_83a8_24c1af657666] Finished assignment for group at generation 1: {consumer-Consumer-topic-5f8d228e_436d_45fe_83a8_24c1af657666-10-90077837-5ddc-4988-aec1-675f32bcbd44=Assignment(partitions=[topic-5f8d228e_436d_45fe_83a8_24c1af657666-0])}
2025-08-13 16:36:02,067 INFO  [org.apa.kaf.cli.con.int.ConsumerCoordinator] (Thread-673) [Consumer clientId=consumer-Consumer-topic-5f8d228e_436d_45fe_83a8_24c1af657666-10, groupId=Consumer-topic-5f8d228e_436d_45fe_83a8_24c1af657666] Successfully synced group in generation Generation{generationId=1, memberId='consumer-Consumer-topic-5f8d228e_436d_45fe_83a8_24c1af657666-10-90077837-5ddc-4988-aec1-675f32bcbd44', protocol='range'}
2025-08-13 16:36:02,067 INFO  [org.apa.kaf.cli.con.int.ConsumerCoordinator] (Thread-673) [Consumer clientId=consumer-Consumer-topic-5f8d228e_436d_45fe_83a8_24c1af657666-10, groupId=Consumer-topic-5f8d228e_436d_45fe_83a8_24c1af657666] Notifying assignor about the new Assignment(partitions=[topic-5f8d228e_436d_45fe_83a8_24c1af657666-0])
2025-08-13 16:36:02,067 INFO  [org.apa.kaf.cli.con.int.ConsumerRebalanceListenerInvoker] (Thread-673) [Consumer clientId=consumer-Consumer-topic-5f8d228e_436d_45fe_83a8_24c1af657666-10, groupId=Consumer-topic-5f8d228e_436d_45fe_83a8_24c1af657666] Adding newly assigned partitions: topic-5f8d228e_436d_45fe_83a8_24c1af657666-0
2025-08-13 16:36:02,068 INFO  [org.apa.kaf.cli.con.int.ConsumerCoordinator] (Thread-673) [Consumer clientId=consumer-Consumer-topic-5f8d228e_436d_45fe_83a8_24c1af657666-10, groupId=Consumer-topic-5f8d228e_436d_45fe_83a8_24c1af657666] Found no committed offset for partition topic-5f8d228e_436d_45fe_83a8_24c1af657666-0
2025-08-13 16:36:02,071 INFO  [org.apa.kaf.cli.con.int.SubscriptionState] (Thread-673) [Consumer clientId=consumer-Consumer-topic-5f8d228e_436d_45fe_83a8_24c1af657666-10, groupId=Consumer-topic-5f8d228e_436d_45fe_83a8_24c1af657666] Resetting offset for partition topic-5f8d228e_436d_45fe_83a8_24c1af657666-0 to position FetchPosition{offset=0, offsetEpoch=Optional.empty, currentLeader=LeaderAndEpoch{leader=Optional[localhost:32769 (id: 0 rack: null)], epoch=0}}.
2025-08-13 16:36:02,132 INFO  [io.api.tes.ser.api.KafkaSerdesTester] (Thread-673) topic-5f8d228e_436d_45fe_83a8_24c1af657666 0 0 {"key11755102957930": "value-0"}
2025-08-13 16:36:02,132 INFO  [io.api.tes.ser.api.KafkaSerdesTester] (Thread-673) topic-5f8d228e_436d_45fe_83a8_24c1af657666 0 1 {"key11755102957930": "value-1"}
2025-08-13 16:36:02,132 INFO  [io.api.tes.ser.api.KafkaSerdesTester] (Thread-673) topic-5f8d228e_436d_45fe_83a8_24c1af657666 0 2 {"key11755102957930": "value-2"}
2025-08-13 16:36:02,132 INFO  [io.api.tes.ser.api.KafkaSerdesTester] (Thread-673) topic-5f8d228e_436d_45fe_83a8_24c1af657666 0 3 {"key11755102957930": "value-3"}
2025-08-13 16:36:02,132 INFO  [io.api.tes.ser.api.KafkaSerdesTester] (Thread-673) topic-5f8d228e_436d_45fe_83a8_24c1af657666 0 4 {"key11755102957930": "value-4"}
2025-08-13 16:36:02,132 INFO  [io.api.tes.ser.api.KafkaSerdesTester] (Thread-673) topic-5f8d228e_436d_45fe_83a8_24c1af657666 0 5 {"key11755102957930": "value-5"}
2025-08-13 16:36:02,133 INFO  [io.api.tes.ser.api.KafkaSerdesTester] (Thread-673) topic-5f8d228e_436d_45fe_83a8_24c1af657666 0 6 {"key11755102957930": "value-6"}
2025-08-13 16:36:02,133 INFO  [io.api.tes.ser.api.KafkaSerdesTester] (Thread-673) topic-5f8d228e_436d_45fe_83a8_24c1af657666 0 7 {"key11755102957930": "value-7"}
2025-08-13 16:36:02,133 INFO  [io.api.tes.ser.api.KafkaSerdesTester] (Thread-673) topic-5f8d228e_436d_45fe_83a8_24c1af657666 0 8 {"key11755102957930": "value-8"}
2025-08-13 16:36:02,133 INFO  [io.api.tes.ser.api.KafkaSerdesTester] (Thread-673) topic-5f8d228e_436d_45fe_83a8_24c1af657666 0 9 {"key11755102957930": "value-9"}
2025-08-13 16:36:02,133 INFO  [io.api.tes.ser.api.KafkaSerdesTester] (Thread-673) Consumed 10 messages
2025-08-13 16:36:02,140 INFO  [org.apa.kaf.cli.con.int.ConsumerRebalanceListenerInvoker] (Thread-673) [Consumer clientId=consumer-Consumer-topic-5f8d228e_436d_45fe_83a8_24c1af657666-10, groupId=Consumer-topic-5f8d228e_436d_45fe_83a8_24c1af657666] Revoke previously assigned partitions topic-5f8d228e_436d_45fe_83a8_24c1af657666-0
2025-08-13 16:36:02,140 INFO  [org.apa.kaf.cli.con.int.ConsumerCoordinator] (Thread-673) [Consumer clientId=consumer-Consumer-topic-5f8d228e_436d_45fe_83a8_24c1af657666-10, groupId=Consumer-topic-5f8d228e_436d_45fe_83a8_24c1af657666] Member consumer-Consumer-topic-5f8d228e_436d_45fe_83a8_24c1af657666-10-90077837-5ddc-4988-aec1-675f32bcbd44 sending LeaveGroup request to coordinator localhost:32769 (id: 2147483647 rack: null) due to the consumer is being closed
2025-08-13 16:36:02,140 INFO  [org.apa.kaf.cli.con.int.ConsumerCoordinator] (Thread-673) [Consumer clientId=consumer-Consumer-topic-5f8d228e_436d_45fe_83a8_24c1af657666-10, groupId=Consumer-topic-5f8d228e_436d_45fe_83a8_24c1af657666] Resetting generation and member id due to: consumer pro-actively leaving the group
2025-08-13 16:36:02,140 INFO  [org.apa.kaf.cli.con.int.ConsumerCoordinator] (Thread-673) [Consumer clientId=consumer-Consumer-topic-5f8d228e_436d_45fe_83a8_24c1af657666-10, groupId=Consumer-topic-5f8d228e_436d_45fe_83a8_24c1af657666] Request joining group due to: consumer pro-actively leaving the group
2025-08-13 16:36:02,635 INFO  [org.apa.kaf.com.met.Metrics] (Thread-673) Metrics scheduler closed
2025-08-13 16:36:02,635 INFO  [org.apa.kaf.com.met.Metrics] (Thread-673) Closing reporter org.apache.kafka.common.metrics.JmxReporter
2025-08-13 16:36:02,635 INFO  [org.apa.kaf.com.met.Metrics] (Thread-673) Closing reporter org.apache.kafka.common.telemetry.internals.ClientTelemetryReporter
2025-08-13 16:36:02,635 INFO  [org.apa.kaf.com.met.Metrics] (Thread-673) Metrics reporters closed
2025-08-13 16:36:02,638 INFO  [org.apa.kaf.com.uti.AppInfoParser] (Thread-673) App info kafka.consumer for consumer-Consumer-topic-5f8d228e_436d_45fe_83a8_24c1af657666-10 unregistered
2025-08-13 16:36:02,640 INFO  [io.api.tes.ser.api.AvroSerdeIT] (main) Registering Avro Schema 2: {"type":"record","name":"sb818146fx083ax4326xbbdexca5e8302fa3b","namespace":"ns_6e3a6d47_e8ac_4d12_bcb9_d5334f50413b","fields":[{"name":"key11755102957930","type":"string"},{"name":"key21755102962639","type":"string"}]}
**** Registry Base URL: http://registry-app-inmemory.apps.ci419.apicurio-testing.org:80
2025-08-13 16:36:03,681 INFO  [org.apa.kaf.cli.pro.ProducerConfig] (main) ProducerConfig values: 
	acks = -1
	auto.include.jmx.reporter = true
	batch.size = 16384
	bootstrap.servers = [PLAINTEXT://localhost:32769]
	buffer.memory = 33554432
	client.dns.lookup = use_all_dns_ips
	client.id = Producer-topic-5f8d228e_436d_45fe_83a8_24c1af657666
	compression.gzip.level = -1
	compression.lz4.level = 9
	compression.type = none
	compression.zstd.level = 3
	connections.max.idle.ms = 10000
	delivery.timeout.ms = 120000
	enable.idempotence = true
	enable.metrics.push = true
	interceptor.classes = []
	key.serializer = class org.apache.kafka.common.serialization.StringSerializer
	linger.ms = 0
	max.block.ms = 60000
	max.in.flight.requests.per.connection = 5
	max.request.size = 1048576
	metadata.max.age.ms = 300000
	metadata.max.idle.ms = 300000
	metadata.recovery.strategy = none
	metric.reporters = []
	metrics.num.samples = 2
	metrics.recording.level = INFO
	metrics.sample.window.ms = 30000
	partitioner.adaptive.partitioning.enable = true
	partitioner.availability.timeout.ms = 0
	partitioner.class = null
	partitioner.ignore.keys = false
	receive.buffer.bytes = 32768
	reconnect.backoff.max.ms = 1000
	reconnect.backoff.ms = 50
	request.timeout.ms = 5000
	retries = 2147483647
	retry.backoff.max.ms = 1000
	retry.backoff.ms = 100
	sasl.client.callback.handler.class = null
	sasl.jaas.config = null
	sasl.kerberos.kinit.cmd = /usr/bin/kinit
	sasl.kerberos.min.time.before.relogin = 60000
	sasl.kerberos.service.name = null
	sasl.kerberos.ticket.renew.jitter = 0.05
	sasl.kerberos.ticket.renew.window.factor = 0.8
	sasl.login.callback.handler.class = null
	sasl.login.class = null
	sasl.login.connect.timeout.ms = null
	sasl.login.read.timeout.ms = null
	sasl.login.refresh.buffer.seconds = 300
	sasl.login.refresh.min.period.seconds = 60
	sasl.login.refresh.window.factor = 0.8
	sasl.login.refresh.window.jitter = 0.05
	sasl.login.retry.backoff.max.ms = 10000
	sasl.login.retry.backoff.ms = 100
	sasl.mechanism = GSSAPI
	sasl.oauthbearer.clock.skew.seconds = 30
	sasl.oauthbearer.expected.audience = null
	sasl.oauthbearer.expected.issuer = null
	sasl.oauthbearer.header.urlencode = false
	sasl.oauthbearer.jwks.endpoint.refresh.ms = 3600000
	sasl.oauthbearer.jwks.endpoint.retry.backoff.max.ms = 10000
	sasl.oauthbearer.jwks.endpoint.retry.backoff.ms = 100
	sasl.oauthbearer.jwks.endpoint.url = null
	sasl.oauthbearer.scope.claim.name = scope
	sasl.oauthbearer.sub.claim.name = sub
	sasl.oauthbearer.token.endpoint.url = null
	security.protocol = PLAINTEXT
	security.providers = null
	send.buffer.bytes = 131072
	socket.connection.setup.timeout.max.ms = 30000
	socket.connection.setup.timeout.ms = 10000
	ssl.cipher.suites = null
	ssl.enabled.protocols = [TLSv1.2, TLSv1.3]
	ssl.endpoint.identification.algorithm = https
	ssl.engine.factory.class = null
	ssl.key.password = null
	ssl.keymanager.algorithm = SunX509
	ssl.keystore.certificate.chain = null
	ssl.keystore.key = null
	ssl.keystore.location = null
	ssl.keystore.password = null
	ssl.keystore.type = JKS
	ssl.protocol = TLSv1.3
	ssl.provider = null
	ssl.secure.random.implementation = null
	ssl.trustmanager.algorithm = PKIX
	ssl.truststore.certificates = null
	ssl.truststore.location = null
	ssl.truststore.password = null
	ssl.truststore.type = JKS
	transaction.timeout.ms = 60000
	transactional.id = null
	value.serializer = class io.apicurio.registry.serde.avro.AvroKafkaSerializer

2025-08-13 16:36:03,681 INFO  [org.apa.kaf.com.tel.int.KafkaMetricsCollector] (main) initializing Kafka metrics collector
2025-08-13 16:36:03,684 INFO  [org.apa.kaf.cli.pro.KafkaProducer] (main) [Producer clientId=Producer-topic-5f8d228e_436d_45fe_83a8_24c1af657666] Instantiated an idempotent producer.
2025-08-13 16:36:03,685 INFO  [org.apa.kaf.cli.pro.ProducerConfig] (main) These configurations '[apicurio.registry.url, apicurio.registry.artifact-resolver-strategy]' were supplied but are not used yet.
2025-08-13 16:36:03,686 INFO  [org.apa.kaf.com.uti.AppInfoParser] (main) Kafka version: 3.9.1
2025-08-13 16:36:03,686 INFO  [org.apa.kaf.com.uti.AppInfoParser] (main) Kafka commitId: f745dfdcee2b9851
2025-08-13 16:36:03,686 INFO  [org.apa.kaf.com.uti.AppInfoParser] (main) Kafka startTimeMs: 1755102963685
2025-08-13 16:36:03,687 INFO  [io.api.tes.ser.api.KafkaSerdesTester] (Thread-676) Sending message {"key11755102957930": "value-0", "key21755102962639": "value-0"} to topic topic-5f8d228e_436d_45fe_83a8_24c1af657666
2025-08-13 16:36:03,690 INFO  [org.apa.kaf.cli.Metadata] (kafka-producer-network-thread | Producer-topic-5f8d228e_436d_45fe_83a8_24c1af657666) [Producer clientId=Producer-topic-5f8d228e_436d_45fe_83a8_24c1af657666] Cluster ID: Ytz5hAjST9OxAjCVQ_7B1Q
2025-08-13 16:36:03,690 INFO  [DefaultSchemaResolver] (Thread-676) Retrieving schema content using string: {"type":"record","name":"sb818146fx083ax4326xbbdexca5e8302fa3b","namespace":"ns_6e3a6d47_e8ac_4d12_bcb9_d5334f50413b","fields":[{"name":"key11755102957930","type":"string"},{"name":"key21755102962639","type":"string"}]}
2025-08-13 16:36:03,691 INFO  [org.apa.kaf.cli.pro.int.TransactionManager] (kafka-producer-network-thread | Producer-topic-5f8d228e_436d_45fe_83a8_24c1af657666) [Producer clientId=Producer-topic-5f8d228e_436d_45fe_83a8_24c1af657666] ProducerId set to 13 with epoch 0
2025-08-13 16:36:03,722 INFO  [io.api.tes.ser.api.KafkaSerdesTester] (Thread-676) Sending message {"key11755102957930": "value-1", "key21755102962639": "value-1"} to topic topic-5f8d228e_436d_45fe_83a8_24c1af657666
2025-08-13 16:36:03,726 INFO  [io.api.tes.ser.api.KafkaSerdesTester] (Thread-676) Sending message {"key11755102957930": "value-2", "key21755102962639": "value-2"} to topic topic-5f8d228e_436d_45fe_83a8_24c1af657666
2025-08-13 16:36:03,730 INFO  [io.api.tes.ser.api.KafkaSerdesTester] (Thread-676) Sending message {"key11755102957930": "value-3", "key21755102962639": "value-3"} to topic topic-5f8d228e_436d_45fe_83a8_24c1af657666
2025-08-13 16:36:03,733 INFO  [io.api.tes.ser.api.KafkaSerdesTester] (Thread-676) Sending message {"key11755102957930": "value-4", "key21755102962639": "value-4"} to topic topic-5f8d228e_436d_45fe_83a8_24c1af657666
2025-08-13 16:36:03,735 INFO  [io.api.tes.ser.api.KafkaSerdesTester] (Thread-676) Sending message {"key11755102957930": "value-5", "key21755102962639": "value-5"} to topic topic-5f8d228e_436d_45fe_83a8_24c1af657666
2025-08-13 16:36:03,736 INFO  [io.api.tes.ser.api.KafkaSerdesTester] (Thread-676) Sending message {"key11755102957930": "value-6", "key21755102962639": "value-6"} to topic topic-5f8d228e_436d_45fe_83a8_24c1af657666
2025-08-13 16:36:03,739 INFO  [io.api.tes.ser.api.KafkaSerdesTester] (Thread-676) Sending message {"key11755102957930": "value-7", "key21755102962639": "value-7"} to topic topic-5f8d228e_436d_45fe_83a8_24c1af657666
2025-08-13 16:36:03,743 INFO  [io.api.tes.ser.api.KafkaSerdesTester] (Thread-676) Sending message {"key11755102957930": "value-8", "key21755102962639": "value-8"} to topic topic-5f8d228e_436d_45fe_83a8_24c1af657666
2025-08-13 16:36:03,746 INFO  [io.api.tes.ser.api.KafkaSerdesTester] (Thread-676) Sending message {"key11755102957930": "value-9", "key21755102962639": "value-9"} to topic topic-5f8d228e_436d_45fe_83a8_24c1af657666
2025-08-13 16:36:03,748 INFO  [io.api.tes.ser.api.KafkaSerdesTester] (Thread-676) Produced 10 messages
2025-08-13 16:36:03,748 INFO  [org.apa.kaf.cli.pro.KafkaProducer] (Thread-676) [Producer clientId=Producer-topic-5f8d228e_436d_45fe_83a8_24c1af657666] Closing the Kafka producer with timeoutMillis = 9223372036854775807 ms.
2025-08-13 16:36:03,750 INFO  [org.apa.kaf.com.met.Metrics] (Thread-676) Metrics scheduler closed
2025-08-13 16:36:03,750 INFO  [org.apa.kaf.com.met.Metrics] (Thread-676) Closing reporter org.apache.kafka.common.metrics.JmxReporter
2025-08-13 16:36:03,750 INFO  [org.apa.kaf.com.met.Metrics] (Thread-676) Closing reporter org.apache.kafka.common.telemetry.internals.ClientTelemetryReporter
2025-08-13 16:36:03,750 INFO  [org.apa.kaf.com.met.Metrics] (Thread-676) Metrics reporters closed
2025-08-13 16:36:03,751 INFO  [org.apa.kaf.com.uti.AppInfoParser] (Thread-676) App info kafka.producer for Producer-topic-5f8d228e_436d_45fe_83a8_24c1af657666 unregistered
**** Registry Base URL: http://registry-app-inmemory.apps.ci419.apicurio-testing.org:80
2025-08-13 16:36:03,751 INFO  [org.apa.kaf.cli.pro.ProducerConfig] (main) ProducerConfig values: 
	acks = -1
	auto.include.jmx.reporter = true
	batch.size = 16384
	bootstrap.servers = [PLAINTEXT://localhost:32769]
	buffer.memory = 33554432
	client.dns.lookup = use_all_dns_ips
	client.id = Producer-topic-5f8d228e_436d_45fe_83a8_24c1af657666
	compression.gzip.level = -1
	compression.lz4.level = 9
	compression.type = none
	compression.zstd.level = 3
	connections.max.idle.ms = 10000
	delivery.timeout.ms = 120000
	enable.idempotence = true
	enable.metrics.push = true
	interceptor.classes = []
	key.serializer = class org.apache.kafka.common.serialization.StringSerializer
	linger.ms = 0
	max.block.ms = 60000
	max.in.flight.requests.per.connection = 5
	max.request.size = 1048576
	metadata.max.age.ms = 300000
	metadata.max.idle.ms = 300000
	metadata.recovery.strategy = none
	metric.reporters = []
	metrics.num.samples = 2
	metrics.recording.level = INFO
	metrics.sample.window.ms = 30000
	partitioner.adaptive.partitioning.enable = true
	partitioner.availability.timeout.ms = 0
	partitioner.class = null
	partitioner.ignore.keys = false
	receive.buffer.bytes = 32768
	reconnect.backoff.max.ms = 1000
	reconnect.backoff.ms = 50
	request.timeout.ms = 5000
	retries = 2147483647
	retry.backoff.max.ms = 1000
	retry.backoff.ms = 100
	sasl.client.callback.handler.class = null
	sasl.jaas.config = null
	sasl.kerberos.kinit.cmd = /usr/bin/kinit
	sasl.kerberos.min.time.before.relogin = 60000
	sasl.kerberos.service.name = null
	sasl.kerberos.ticket.renew.jitter = 0.05
	sasl.kerberos.ticket.renew.window.factor = 0.8
	sasl.login.callback.handler.class = null
	sasl.login.class = null
	sasl.login.connect.timeout.ms = null
	sasl.login.read.timeout.ms = null
	sasl.login.refresh.buffer.seconds = 300
	sasl.login.refresh.min.period.seconds = 60
	sasl.login.refresh.window.factor = 0.8
	sasl.login.refresh.window.jitter = 0.05
	sasl.login.retry.backoff.max.ms = 10000
	sasl.login.retry.backoff.ms = 100
	sasl.mechanism = GSSAPI
	sasl.oauthbearer.clock.skew.seconds = 30
	sasl.oauthbearer.expected.audience = null
	sasl.oauthbearer.expected.issuer = null
	sasl.oauthbearer.header.urlencode = false
	sasl.oauthbearer.jwks.endpoint.refresh.ms = 3600000
	sasl.oauthbearer.jwks.endpoint.retry.backoff.max.ms = 10000
	sasl.oauthbearer.jwks.endpoint.retry.backoff.ms = 100
	sasl.oauthbearer.jwks.endpoint.url = null
	sasl.oauthbearer.scope.claim.name = scope
	sasl.oauthbearer.sub.claim.name = sub
	sasl.oauthbearer.token.endpoint.url = null
	security.protocol = PLAINTEXT
	security.providers = null
	send.buffer.bytes = 131072
	socket.connection.setup.timeout.max.ms = 30000
	socket.connection.setup.timeout.ms = 10000
	ssl.cipher.suites = null
	ssl.enabled.protocols = [TLSv1.2, TLSv1.3]
	ssl.endpoint.identification.algorithm = https
	ssl.engine.factory.class = null
	ssl.key.password = null
	ssl.keymanager.algorithm = SunX509
	ssl.keystore.certificate.chain = null
	ssl.keystore.key = null
	ssl.keystore.location = null
	ssl.keystore.password = null
	ssl.keystore.type = JKS
	ssl.protocol = TLSv1.3
	ssl.provider = null
	ssl.secure.random.implementation = null
	ssl.trustmanager.algorithm = PKIX
	ssl.truststore.certificates = null
	ssl.truststore.location = null
	ssl.truststore.password = null
	ssl.truststore.type = JKS
	transaction.timeout.ms = 60000
	transactional.id = null
	value.serializer = class io.apicurio.registry.serde.avro.AvroKafkaSerializer

2025-08-13 16:36:03,752 INFO  [org.apa.kaf.com.tel.int.KafkaMetricsCollector] (main) initializing Kafka metrics collector
2025-08-13 16:36:03,758 INFO  [org.apa.kaf.cli.pro.KafkaProducer] (main) [Producer clientId=Producer-topic-5f8d228e_436d_45fe_83a8_24c1af657666] Instantiated an idempotent producer.
2025-08-13 16:36:03,760 INFO  [org.apa.kaf.cli.pro.ProducerConfig] (main) These configurations '[apicurio.registry.url, apicurio.registry.artifact-resolver-strategy]' were supplied but are not used yet.
2025-08-13 16:36:03,760 INFO  [org.apa.kaf.com.uti.AppInfoParser] (main) Kafka version: 3.9.1
2025-08-13 16:36:03,760 INFO  [org.apa.kaf.com.uti.AppInfoParser] (main) Kafka commitId: f745dfdcee2b9851
2025-08-13 16:36:03,760 INFO  [org.apa.kaf.com.uti.AppInfoParser] (main) Kafka startTimeMs: 1755102963760
2025-08-13 16:36:03,763 INFO  [io.api.tes.ser.api.KafkaSerdesTester] (Thread-679) Sending message {"key11755102957930": "value-0"} to topic topic-5f8d228e_436d_45fe_83a8_24c1af657666
2025-08-13 16:36:03,766 INFO  [org.apa.kaf.cli.Metadata] (kafka-producer-network-thread | Producer-topic-5f8d228e_436d_45fe_83a8_24c1af657666) [Producer clientId=Producer-topic-5f8d228e_436d_45fe_83a8_24c1af657666] Cluster ID: Ytz5hAjST9OxAjCVQ_7B1Q
2025-08-13 16:36:03,766 INFO  [DefaultSchemaResolver] (Thread-679) Retrieving schema content using string: {"type":"record","name":"sb818146fx083ax4326xbbdexca5e8302fa3b","namespace":"ns_6e3a6d47_e8ac_4d12_bcb9_d5334f50413b","fields":[{"name":"key11755102957930","type":"string"}]}
2025-08-13 16:36:03,767 INFO  [org.apa.kaf.cli.pro.int.TransactionManager] (kafka-producer-network-thread | Producer-topic-5f8d228e_436d_45fe_83a8_24c1af657666) [Producer clientId=Producer-topic-5f8d228e_436d_45fe_83a8_24c1af657666] ProducerId set to 14 with epoch 0
2025-08-13 16:36:03,794 INFO  [io.api.tes.ser.api.KafkaSerdesTester] (Thread-679) Sending message {"key11755102957930": "value-1"} to topic topic-5f8d228e_436d_45fe_83a8_24c1af657666
2025-08-13 16:36:03,795 INFO  [io.api.tes.ser.api.KafkaSerdesTester] (Thread-679) Sending message {"key11755102957930": "value-2"} to topic topic-5f8d228e_436d_45fe_83a8_24c1af657666
2025-08-13 16:36:03,796 INFO  [io.api.tes.ser.api.KafkaSerdesTester] (Thread-679) Sending message {"key11755102957930": "value-3"} to topic topic-5f8d228e_436d_45fe_83a8_24c1af657666
2025-08-13 16:36:03,797 INFO  [io.api.tes.ser.api.KafkaSerdesTester] (Thread-679) Sending message {"key11755102957930": "value-4"} to topic topic-5f8d228e_436d_45fe_83a8_24c1af657666
2025-08-13 16:36:03,798 INFO  [io.api.tes.ser.api.KafkaSerdesTester] (Thread-679) Sending message {"key11755102957930": "value-5"} to topic topic-5f8d228e_436d_45fe_83a8_24c1af657666
2025-08-13 16:36:03,799 INFO  [io.api.tes.ser.api.KafkaSerdesTester] (Thread-679) Sending message {"key11755102957930": "value-6"} to topic topic-5f8d228e_436d_45fe_83a8_24c1af657666
2025-08-13 16:36:03,800 INFO  [io.api.tes.ser.api.KafkaSerdesTester] (Thread-679) Sending message {"key11755102957930": "value-7"} to topic topic-5f8d228e_436d_45fe_83a8_24c1af657666
2025-08-13 16:36:03,802 INFO  [io.api.tes.ser.api.KafkaSerdesTester] (Thread-679) Sending message {"key11755102957930": "value-8"} to topic topic-5f8d228e_436d_45fe_83a8_24c1af657666
2025-08-13 16:36:03,806 INFO  [io.api.tes.ser.api.KafkaSerdesTester] (Thread-679) Sending message {"key11755102957930": "value-9"} to topic topic-5f8d228e_436d_45fe_83a8_24c1af657666
2025-08-13 16:36:03,808 INFO  [io.api.tes.ser.api.KafkaSerdesTester] (Thread-679) Produced 10 messages
2025-08-13 16:36:03,808 INFO  [org.apa.kaf.cli.pro.KafkaProducer] (Thread-679) [Producer clientId=Producer-topic-5f8d228e_436d_45fe_83a8_24c1af657666] Closing the Kafka producer with timeoutMillis = 9223372036854775807 ms.
2025-08-13 16:36:03,811 INFO  [org.apa.kaf.com.met.Metrics] (Thread-679) Metrics scheduler closed
2025-08-13 16:36:03,811 INFO  [org.apa.kaf.com.met.Metrics] (Thread-679) Closing reporter org.apache.kafka.common.metrics.JmxReporter
2025-08-13 16:36:03,811 INFO  [org.apa.kaf.com.met.Metrics] (Thread-679) Closing reporter org.apache.kafka.common.telemetry.internals.ClientTelemetryReporter
2025-08-13 16:36:03,811 INFO  [org.apa.kaf.com.met.Metrics] (Thread-679) Metrics reporters closed
2025-08-13 16:36:03,811 INFO  [org.apa.kaf.com.uti.AppInfoParser] (Thread-679) App info kafka.producer for Producer-topic-5f8d228e_436d_45fe_83a8_24c1af657666 unregistered
**** Registry Base URL: http://registry-app-inmemory.apps.ci419.apicurio-testing.org:80
2025-08-13 16:36:03,811 INFO  [org.apa.kaf.cli.con.ConsumerConfig] (main) ConsumerConfig values: 
	allow.auto.create.topics = true
	auto.commit.interval.ms = 500
	auto.include.jmx.reporter = true
	auto.offset.reset = earliest
	bootstrap.servers = [PLAINTEXT://localhost:32769]
	check.crcs = true
	client.dns.lookup = use_all_dns_ips
	client.id = consumer-Consumer-topic-5f8d228e_436d_45fe_83a8_24c1af657666-11
	client.rack = 
	connections.max.idle.ms = 10000
	default.api.timeout.ms = 60000
	enable.auto.commit = true
	enable.metrics.push = true
	exclude.internal.topics = true
	fetch.max.bytes = 52428800
	fetch.max.wait.ms = 500
	fetch.min.bytes = 1
	group.id = Consumer-topic-5f8d228e_436d_45fe_83a8_24c1af657666
	group.instance.id = null
	group.protocol = classic
	group.remote.assignor = null
	heartbeat.interval.ms = 3000
	interceptor.classes = []
	internal.leave.group.on.close = true
	internal.throw.on.fetch.stable.offset.unsupported = false
	isolation.level = read_uncommitted
	key.deserializer = class org.apache.kafka.common.serialization.StringDeserializer
	max.partition.fetch.bytes = 1048576
	max.poll.interval.ms = 300000
	max.poll.records = 500
	metadata.max.age.ms = 300000
	metadata.recovery.strategy = none
	metric.reporters = []
	metrics.num.samples = 2
	metrics.recording.level = INFO
	metrics.sample.window.ms = 30000
	partition.assignment.strategy = [class org.apache.kafka.clients.consumer.RangeAssignor, class org.apache.kafka.clients.consumer.CooperativeStickyAssignor]
	receive.buffer.bytes = 65536
	reconnect.backoff.max.ms = 1000
	reconnect.backoff.ms = 50
	request.timeout.ms = 5000
	retry.backoff.max.ms = 1000
	retry.backoff.ms = 100
	sasl.client.callback.handler.class = null
	sasl.jaas.config = null
	sasl.kerberos.kinit.cmd = /usr/bin/kinit
	sasl.kerberos.min.time.before.relogin = 60000
	sasl.kerberos.service.name = null
	sasl.kerberos.ticket.renew.jitter = 0.05
	sasl.kerberos.ticket.renew.window.factor = 0.8
	sasl.login.callback.handler.class = null
	sasl.login.class = null
	sasl.login.connect.timeout.ms = null
	sasl.login.read.timeout.ms = null
	sasl.login.refresh.buffer.seconds = 300
	sasl.login.refresh.min.period.seconds = 60
	sasl.login.refresh.window.factor = 0.8
	sasl.login.refresh.window.jitter = 0.05
	sasl.login.retry.backoff.max.ms = 10000
	sasl.login.retry.backoff.ms = 100
	sasl.mechanism = GSSAPI
	sasl.oauthbearer.clock.skew.seconds = 30
	sasl.oauthbearer.expected.audience = null
	sasl.oauthbearer.expected.issuer = null
	sasl.oauthbearer.header.urlencode = false
	sasl.oauthbearer.jwks.endpoint.refresh.ms = 3600000
	sasl.oauthbearer.jwks.endpoint.retry.backoff.max.ms = 10000
	sasl.oauthbearer.jwks.endpoint.retry.backoff.ms = 100
	sasl.oauthbearer.jwks.endpoint.url = null
	sasl.oauthbearer.scope.claim.name = scope
	sasl.oauthbearer.sub.claim.name = sub
	sasl.oauthbearer.token.endpoint.url = null
	security.protocol = PLAINTEXT
	security.providers = null
	send.buffer.bytes = 131072
	session.timeout.ms = 45000
	socket.connection.setup.timeout.max.ms = 30000
	socket.connection.setup.timeout.ms = 10000
	ssl.cipher.suites = null
	ssl.enabled.protocols = [TLSv1.2, TLSv1.3]
	ssl.endpoint.identification.algorithm = https
	ssl.engine.factory.class = null
	ssl.key.password = null
	ssl.keymanager.algorithm = SunX509
	ssl.keystore.certificate.chain = null
	ssl.keystore.key = null
	ssl.keystore.location = null
	ssl.keystore.password = null
	ssl.keystore.type = JKS
	ssl.protocol = TLSv1.3
	ssl.provider = null
	ssl.secure.random.implementation = null
	ssl.trustmanager.algorithm = PKIX
	ssl.truststore.certificates = null
	ssl.truststore.location = null
	ssl.truststore.password = null
	ssl.truststore.type = JKS
	value.deserializer = class io.apicurio.registry.serde.avro.AvroKafkaDeserializer

2025-08-13 16:36:03,812 INFO  [org.apa.kaf.com.tel.int.KafkaMetricsCollector] (main) initializing Kafka metrics collector
2025-08-13 16:36:03,820 INFO  [org.apa.kaf.cli.con.ConsumerConfig] (main) These configurations '[apicurio.registry.url]' were supplied but are not used yet.
2025-08-13 16:36:03,820 INFO  [org.apa.kaf.com.uti.AppInfoParser] (main) Kafka version: 3.9.1
2025-08-13 16:36:03,820 INFO  [org.apa.kaf.com.uti.AppInfoParser] (main) Kafka commitId: f745dfdcee2b9851
2025-08-13 16:36:03,820 INFO  [org.apa.kaf.com.uti.AppInfoParser] (main) Kafka startTimeMs: 1755102963820
2025-08-13 16:36:03,820 INFO  [org.apa.kaf.cli.con.int.ClassicKafkaConsumer] (Thread-682) [Consumer clientId=consumer-Consumer-topic-5f8d228e_436d_45fe_83a8_24c1af657666-11, groupId=Consumer-topic-5f8d228e_436d_45fe_83a8_24c1af657666] Subscribed to topic(s): topic-5f8d228e_436d_45fe_83a8_24c1af657666
2025-08-13 16:36:03,824 INFO  [org.apa.kaf.cli.Metadata] (Thread-682) [Consumer clientId=consumer-Consumer-topic-5f8d228e_436d_45fe_83a8_24c1af657666-11, groupId=Consumer-topic-5f8d228e_436d_45fe_83a8_24c1af657666] Cluster ID: Ytz5hAjST9OxAjCVQ_7B1Q
2025-08-13 16:36:03,824 INFO  [org.apa.kaf.cli.con.int.ConsumerCoordinator] (Thread-682) [Consumer clientId=consumer-Consumer-topic-5f8d228e_436d_45fe_83a8_24c1af657666-11, groupId=Consumer-topic-5f8d228e_436d_45fe_83a8_24c1af657666] Discovered group coordinator localhost:32769 (id: 2147483647 rack: null)
2025-08-13 16:36:03,826 INFO  [org.apa.kaf.cli.con.int.ConsumerCoordinator] (Thread-682) [Consumer clientId=consumer-Consumer-topic-5f8d228e_436d_45fe_83a8_24c1af657666-11, groupId=Consumer-topic-5f8d228e_436d_45fe_83a8_24c1af657666] (Re-)joining group
2025-08-13 16:36:03,828 INFO  [org.apa.kaf.cli.con.int.ConsumerCoordinator] (Thread-682) [Consumer clientId=consumer-Consumer-topic-5f8d228e_436d_45fe_83a8_24c1af657666-11, groupId=Consumer-topic-5f8d228e_436d_45fe_83a8_24c1af657666] Request joining group due to: need to re-join with the given member-id: consumer-Consumer-topic-5f8d228e_436d_45fe_83a8_24c1af657666-11-8429819f-aa06-4dca-b3d3-63fb72f600e0
2025-08-13 16:36:03,828 INFO  [org.apa.kaf.cli.con.int.ConsumerCoordinator] (Thread-682) [Consumer clientId=consumer-Consumer-topic-5f8d228e_436d_45fe_83a8_24c1af657666-11, groupId=Consumer-topic-5f8d228e_436d_45fe_83a8_24c1af657666] (Re-)joining group
2025-08-13 16:36:04,820 INFO  [io.api.tes.ser.api.KafkaSerdesTester] (Thread-682) None found
2025-08-13 16:36:05,820 INFO  [io.api.tes.ser.api.KafkaSerdesTester] (Thread-682) None found
2025-08-13 16:36:06,820 INFO  [io.api.tes.ser.api.KafkaSerdesTester] (Thread-682) None found
2025-08-13 16:36:06,830 INFO  [org.apa.kaf.cli.con.int.ConsumerCoordinator] (Thread-682) [Consumer clientId=consumer-Consumer-topic-5f8d228e_436d_45fe_83a8_24c1af657666-11, groupId=Consumer-topic-5f8d228e_436d_45fe_83a8_24c1af657666] Successfully joined group with generation Generation{generationId=3, memberId='consumer-Consumer-topic-5f8d228e_436d_45fe_83a8_24c1af657666-11-8429819f-aa06-4dca-b3d3-63fb72f600e0', protocol='range'}
2025-08-13 16:36:06,830 INFO  [org.apa.kaf.cli.con.int.ConsumerCoordinator] (Thread-682) [Consumer clientId=consumer-Consumer-topic-5f8d228e_436d_45fe_83a8_24c1af657666-11, groupId=Consumer-topic-5f8d228e_436d_45fe_83a8_24c1af657666] Finished assignment for group at generation 3: {consumer-Consumer-topic-5f8d228e_436d_45fe_83a8_24c1af657666-11-8429819f-aa06-4dca-b3d3-63fb72f600e0=Assignment(partitions=[topic-5f8d228e_436d_45fe_83a8_24c1af657666-0])}
2025-08-13 16:36:06,837 INFO  [org.apa.kaf.cli.con.int.ConsumerCoordinator] (Thread-682) [Consumer clientId=consumer-Consumer-topic-5f8d228e_436d_45fe_83a8_24c1af657666-11, groupId=Consumer-topic-5f8d228e_436d_45fe_83a8_24c1af657666] Successfully synced group in generation Generation{generationId=3, memberId='consumer-Consumer-topic-5f8d228e_436d_45fe_83a8_24c1af657666-11-8429819f-aa06-4dca-b3d3-63fb72f600e0', protocol='range'}
2025-08-13 16:36:06,837 INFO  [org.apa.kaf.cli.con.int.ConsumerCoordinator] (Thread-682) [Consumer clientId=consumer-Consumer-topic-5f8d228e_436d_45fe_83a8_24c1af657666-11, groupId=Consumer-topic-5f8d228e_436d_45fe_83a8_24c1af657666] Notifying assignor about the new Assignment(partitions=[topic-5f8d228e_436d_45fe_83a8_24c1af657666-0])
2025-08-13 16:36:06,837 INFO  [org.apa.kaf.cli.con.int.ConsumerRebalanceListenerInvoker] (Thread-682) [Consumer clientId=consumer-Consumer-topic-5f8d228e_436d_45fe_83a8_24c1af657666-11, groupId=Consumer-topic-5f8d228e_436d_45fe_83a8_24c1af657666] Adding newly assigned partitions: topic-5f8d228e_436d_45fe_83a8_24c1af657666-0
2025-08-13 16:36:06,839 INFO  [org.apa.kaf.cli.con.int.ConsumerUtils] (Thread-682) Setting offset for partition topic-5f8d228e_436d_45fe_83a8_24c1af657666-0 to the committed offset FetchPosition{offset=10, offsetEpoch=Optional[0], currentLeader=LeaderAndEpoch{leader=Optional[localhost:32769 (id: 0 rack: null)], epoch=0}}
2025-08-13 16:36:06,914 INFO  [io.api.tes.ser.api.KafkaSerdesTester] (Thread-682) topic-5f8d228e_436d_45fe_83a8_24c1af657666 0 10 {"key11755102957930": "value-0", "key21755102962639": "value-0"}
2025-08-13 16:36:06,915 INFO  [io.api.tes.ser.api.KafkaSerdesTester] (Thread-682) topic-5f8d228e_436d_45fe_83a8_24c1af657666 0 11 {"key11755102957930": "value-1", "key21755102962639": "value-1"}
2025-08-13 16:36:06,915 INFO  [io.api.tes.ser.api.KafkaSerdesTester] (Thread-682) topic-5f8d228e_436d_45fe_83a8_24c1af657666 0 12 {"key11755102957930": "value-2", "key21755102962639": "value-2"}
2025-08-13 16:36:06,915 INFO  [io.api.tes.ser.api.KafkaSerdesTester] (Thread-682) topic-5f8d228e_436d_45fe_83a8_24c1af657666 0 13 {"key11755102957930": "value-3", "key21755102962639": "value-3"}
2025-08-13 16:36:06,915 INFO  [io.api.tes.ser.api.KafkaSerdesTester] (Thread-682) topic-5f8d228e_436d_45fe_83a8_24c1af657666 0 14 {"key11755102957930": "value-4", "key21755102962639": "value-4"}
2025-08-13 16:36:06,915 INFO  [io.api.tes.ser.api.KafkaSerdesTester] (Thread-682) topic-5f8d228e_436d_45fe_83a8_24c1af657666 0 15 {"key11755102957930": "value-5", "key21755102962639": "value-5"}
2025-08-13 16:36:06,915 INFO  [io.api.tes.ser.api.KafkaSerdesTester] (Thread-682) topic-5f8d228e_436d_45fe_83a8_24c1af657666 0 16 {"key11755102957930": "value-6", "key21755102962639": "value-6"}
2025-08-13 16:36:06,915 INFO  [io.api.tes.ser.api.KafkaSerdesTester] (Thread-682) topic-5f8d228e_436d_45fe_83a8_24c1af657666 0 17 {"key11755102957930": "value-7", "key21755102962639": "value-7"}
2025-08-13 16:36:06,915 INFO  [io.api.tes.ser.api.KafkaSerdesTester] (Thread-682) topic-5f8d228e_436d_45fe_83a8_24c1af657666 0 18 {"key11755102957930": "value-8", "key21755102962639": "value-8"}
2025-08-13 16:36:06,916 INFO  [io.api.tes.ser.api.KafkaSerdesTester] (Thread-682) topic-5f8d228e_436d_45fe_83a8_24c1af657666 0 19 {"key11755102957930": "value-9", "key21755102962639": "value-9"}
2025-08-13 16:36:06,916 INFO  [io.api.tes.ser.api.KafkaSerdesTester] (Thread-682) topic-5f8d228e_436d_45fe_83a8_24c1af657666 0 20 {"key11755102957930": "value-0"}
2025-08-13 16:36:06,916 INFO  [io.api.tes.ser.api.KafkaSerdesTester] (Thread-682) topic-5f8d228e_436d_45fe_83a8_24c1af657666 0 21 {"key11755102957930": "value-1"}
2025-08-13 16:36:06,916 INFO  [io.api.tes.ser.api.KafkaSerdesTester] (Thread-682) topic-5f8d228e_436d_45fe_83a8_24c1af657666 0 22 {"key11755102957930": "value-2"}
2025-08-13 16:36:06,916 INFO  [io.api.tes.ser.api.KafkaSerdesTester] (Thread-682) topic-5f8d228e_436d_45fe_83a8_24c1af657666 0 23 {"key11755102957930": "value-3"}
2025-08-13 16:36:06,916 INFO  [io.api.tes.ser.api.KafkaSerdesTester] (Thread-682) topic-5f8d228e_436d_45fe_83a8_24c1af657666 0 24 {"key11755102957930": "value-4"}
2025-08-13 16:36:06,916 INFO  [io.api.tes.ser.api.KafkaSerdesTester] (Thread-682) topic-5f8d228e_436d_45fe_83a8_24c1af657666 0 25 {"key11755102957930": "value-5"}
2025-08-13 16:36:06,916 INFO  [io.api.tes.ser.api.KafkaSerdesTester] (Thread-682) topic-5f8d228e_436d_45fe_83a8_24c1af657666 0 26 {"key11755102957930": "value-6"}
2025-08-13 16:36:06,916 INFO  [io.api.tes.ser.api.KafkaSerdesTester] (Thread-682) topic-5f8d228e_436d_45fe_83a8_24c1af657666 0 27 {"key11755102957930": "value-7"}
2025-08-13 16:36:06,916 INFO  [io.api.tes.ser.api.KafkaSerdesTester] (Thread-682) topic-5f8d228e_436d_45fe_83a8_24c1af657666 0 28 {"key11755102957930": "value-8"}
2025-08-13 16:36:06,916 INFO  [io.api.tes.ser.api.KafkaSerdesTester] (Thread-682) topic-5f8d228e_436d_45fe_83a8_24c1af657666 0 29 {"key11755102957930": "value-9"}
2025-08-13 16:36:06,916 INFO  [io.api.tes.ser.api.KafkaSerdesTester] (Thread-682) Consumed 20 messages
2025-08-13 16:36:06,923 INFO  [org.apa.kaf.cli.con.int.ConsumerRebalanceListenerInvoker] (Thread-682) [Consumer clientId=consumer-Consumer-topic-5f8d228e_436d_45fe_83a8_24c1af657666-11, groupId=Consumer-topic-5f8d228e_436d_45fe_83a8_24c1af657666] Revoke previously assigned partitions topic-5f8d228e_436d_45fe_83a8_24c1af657666-0
2025-08-13 16:36:06,923 INFO  [org.apa.kaf.cli.con.int.ConsumerCoordinator] (Thread-682) [Consumer clientId=consumer-Consumer-topic-5f8d228e_436d_45fe_83a8_24c1af657666-11, groupId=Consumer-topic-5f8d228e_436d_45fe_83a8_24c1af657666] Member consumer-Consumer-topic-5f8d228e_436d_45fe_83a8_24c1af657666-11-8429819f-aa06-4dca-b3d3-63fb72f600e0 sending LeaveGroup request to coordinator localhost:32769 (id: 2147483647 rack: null) due to the consumer is being closed
2025-08-13 16:36:06,924 INFO  [org.apa.kaf.cli.con.int.ConsumerCoordinator] (Thread-682) [Consumer clientId=consumer-Consumer-topic-5f8d228e_436d_45fe_83a8_24c1af657666-11, groupId=Consumer-topic-5f8d228e_436d_45fe_83a8_24c1af657666] Resetting generation and member id due to: consumer pro-actively leaving the group
2025-08-13 16:36:06,924 INFO  [org.apa.kaf.cli.con.int.ConsumerCoordinator] (Thread-682) [Consumer clientId=consumer-Consumer-topic-5f8d228e_436d_45fe_83a8_24c1af657666-11, groupId=Consumer-topic-5f8d228e_436d_45fe_83a8_24c1af657666] Request joining group due to: consumer pro-actively leaving the group
2025-08-13 16:36:07,417 INFO  [org.apa.kaf.com.met.Metrics] (Thread-682) Metrics scheduler closed
2025-08-13 16:36:07,417 INFO  [org.apa.kaf.com.met.Metrics] (Thread-682) Closing reporter org.apache.kafka.common.metrics.JmxReporter
2025-08-13 16:36:07,418 INFO  [org.apa.kaf.com.met.Metrics] (Thread-682) Closing reporter org.apache.kafka.common.telemetry.internals.ClientTelemetryReporter
2025-08-13 16:36:07,418 INFO  [org.apa.kaf.com.met.Metrics] (Thread-682) Metrics reporters closed
2025-08-13 16:36:07,421 INFO  [org.apa.kaf.com.uti.AppInfoParser] (Thread-682) App info kafka.consumer for consumer-Consumer-topic-5f8d228e_436d_45fe_83a8_24c1af657666-11 unregistered
2025-08-13 16:36:07,422 INFO  [io.api.tes.ser.api.AvroSerdeIT] (main) Registering Avro Schema 3: {"type":"record","name":"sb818146fx083ax4326xbbdexca5e8302fa3b","namespace":"ns_6e3a6d47_e8ac_4d12_bcb9_d5334f50413b","fields":[{"name":"key11755102957930","type":"string"},{"name":"key21755102962639","type":"string"},{"name":"key31755102967422","type":"string"}]}
**** Registry Base URL: http://registry-app-inmemory.apps.ci419.apicurio-testing.org:80
2025-08-13 16:36:08,452 INFO  [org.apa.kaf.cli.pro.ProducerConfig] (main) ProducerConfig values: 
	acks = -1
	auto.include.jmx.reporter = true
	batch.size = 16384
	bootstrap.servers = [PLAINTEXT://localhost:32769]
	buffer.memory = 33554432
	client.dns.lookup = use_all_dns_ips
	client.id = Producer-topic-5f8d228e_436d_45fe_83a8_24c1af657666
	compression.gzip.level = -1
	compression.lz4.level = 9
	compression.type = none
	compression.zstd.level = 3
	connections.max.idle.ms = 10000
	delivery.timeout.ms = 120000
	enable.idempotence = true
	enable.metrics.push = true
	interceptor.classes = []
	key.serializer = class org.apache.kafka.common.serialization.StringSerializer
	linger.ms = 0
	max.block.ms = 60000
	max.in.flight.requests.per.connection = 5
	max.request.size = 1048576
	metadata.max.age.ms = 300000
	metadata.max.idle.ms = 300000
	metadata.recovery.strategy = none
	metric.reporters = []
	metrics.num.samples = 2
	metrics.recording.level = INFO
	metrics.sample.window.ms = 30000
	partitioner.adaptive.partitioning.enable = true
	partitioner.availability.timeout.ms = 0
	partitioner.class = null
	partitioner.ignore.keys = false
	receive.buffer.bytes = 32768
	reconnect.backoff.max.ms = 1000
	reconnect.backoff.ms = 50
	request.timeout.ms = 5000
	retries = 2147483647
	retry.backoff.max.ms = 1000
	retry.backoff.ms = 100
	sasl.client.callback.handler.class = null
	sasl.jaas.config = null
	sasl.kerberos.kinit.cmd = /usr/bin/kinit
	sasl.kerberos.min.time.before.relogin = 60000
	sasl.kerberos.service.name = null
	sasl.kerberos.ticket.renew.jitter = 0.05
	sasl.kerberos.ticket.renew.window.factor = 0.8
	sasl.login.callback.handler.class = null
	sasl.login.class = null
	sasl.login.connect.timeout.ms = null
	sasl.login.read.timeout.ms = null
	sasl.login.refresh.buffer.seconds = 300
	sasl.login.refresh.min.period.seconds = 60
	sasl.login.refresh.window.factor = 0.8
	sasl.login.refresh.window.jitter = 0.05
	sasl.login.retry.backoff.max.ms = 10000
	sasl.login.retry.backoff.ms = 100
	sasl.mechanism = GSSAPI
	sasl.oauthbearer.clock.skew.seconds = 30
	sasl.oauthbearer.expected.audience = null
	sasl.oauthbearer.expected.issuer = null
	sasl.oauthbearer.header.urlencode = false
	sasl.oauthbearer.jwks.endpoint.refresh.ms = 3600000
	sasl.oauthbearer.jwks.endpoint.retry.backoff.max.ms = 10000
	sasl.oauthbearer.jwks.endpoint.retry.backoff.ms = 100
	sasl.oauthbearer.jwks.endpoint.url = null
	sasl.oauthbearer.scope.claim.name = scope
	sasl.oauthbearer.sub.claim.name = sub
	sasl.oauthbearer.token.endpoint.url = null
	security.protocol = PLAINTEXT
	security.providers = null
	send.buffer.bytes = 131072
	socket.connection.setup.timeout.max.ms = 30000
	socket.connection.setup.timeout.ms = 10000
	ssl.cipher.suites = null
	ssl.enabled.protocols = [TLSv1.2, TLSv1.3]
	ssl.endpoint.identification.algorithm = https
	ssl.engine.factory.class = null
	ssl.key.password = null
	ssl.keymanager.algorithm = SunX509
	ssl.keystore.certificate.chain = null
	ssl.keystore.key = null
	ssl.keystore.location = null
	ssl.keystore.password = null
	ssl.keystore.type = JKS
	ssl.protocol = TLSv1.3
	ssl.provider = null
	ssl.secure.random.implementation = null
	ssl.trustmanager.algorithm = PKIX
	ssl.truststore.certificates = null
	ssl.truststore.location = null
	ssl.truststore.password = null
	ssl.truststore.type = JKS
	transaction.timeout.ms = 60000
	transactional.id = null
	value.serializer = class io.apicurio.registry.serde.avro.AvroKafkaSerializer

2025-08-13 16:36:08,452 INFO  [org.apa.kaf.com.tel.int.KafkaMetricsCollector] (main) initializing Kafka metrics collector
2025-08-13 16:36:08,456 INFO  [org.apa.kaf.cli.pro.KafkaProducer] (main) [Producer clientId=Producer-topic-5f8d228e_436d_45fe_83a8_24c1af657666] Instantiated an idempotent producer.
2025-08-13 16:36:08,457 INFO  [org.apa.kaf.cli.pro.ProducerConfig] (main) These configurations '[apicurio.registry.url, apicurio.registry.artifact-resolver-strategy]' were supplied but are not used yet.
2025-08-13 16:36:08,457 INFO  [org.apa.kaf.com.uti.AppInfoParser] (main) Kafka version: 3.9.1
2025-08-13 16:36:08,457 INFO  [org.apa.kaf.com.uti.AppInfoParser] (main) Kafka commitId: f745dfdcee2b9851
2025-08-13 16:36:08,457 INFO  [org.apa.kaf.com.uti.AppInfoParser] (main) Kafka startTimeMs: 1755102968457
2025-08-13 16:36:08,458 INFO  [io.api.tes.ser.api.KafkaSerdesTester] (Thread-685) Sending message {"key11755102957930": "value-0", "key21755102962639": "value-0", "key31755102967422": "value-0"} to topic topic-5f8d228e_436d_45fe_83a8_24c1af657666
2025-08-13 16:36:08,462 INFO  [org.apa.kaf.cli.Metadata] (kafka-producer-network-thread | Producer-topic-5f8d228e_436d_45fe_83a8_24c1af657666) [Producer clientId=Producer-topic-5f8d228e_436d_45fe_83a8_24c1af657666] Cluster ID: Ytz5hAjST9OxAjCVQ_7B1Q
2025-08-13 16:36:08,462 INFO  [org.apa.kaf.cli.pro.int.TransactionManager] (kafka-producer-network-thread | Producer-topic-5f8d228e_436d_45fe_83a8_24c1af657666) [Producer clientId=Producer-topic-5f8d228e_436d_45fe_83a8_24c1af657666] ProducerId set to 15 with epoch 0
2025-08-13 16:36:08,462 INFO  [DefaultSchemaResolver] (Thread-685) Retrieving schema content using string: {"type":"record","name":"sb818146fx083ax4326xbbdexca5e8302fa3b","namespace":"ns_6e3a6d47_e8ac_4d12_bcb9_d5334f50413b","fields":[{"name":"key11755102957930","type":"string"},{"name":"key21755102962639","type":"string"},{"name":"key31755102967422","type":"string"}]}
2025-08-13 16:36:08,495 INFO  [io.api.tes.ser.api.KafkaSerdesTester] (Thread-685) Sending message {"key11755102957930": "value-1", "key21755102962639": "value-1", "key31755102967422": "value-1"} to topic topic-5f8d228e_436d_45fe_83a8_24c1af657666
2025-08-13 16:36:08,496 INFO  [io.api.tes.ser.api.KafkaSerdesTester] (Thread-685) Sending message {"key11755102957930": "value-2", "key21755102962639": "value-2", "key31755102967422": "value-2"} to topic topic-5f8d228e_436d_45fe_83a8_24c1af657666
2025-08-13 16:36:08,498 INFO  [io.api.tes.ser.api.KafkaSerdesTester] (Thread-685) Sending message {"key11755102957930": "value-3", "key21755102962639": "value-3", "key31755102967422": "value-3"} to topic topic-5f8d228e_436d_45fe_83a8_24c1af657666
2025-08-13 16:36:08,500 INFO  [io.api.tes.ser.api.KafkaSerdesTester] (Thread-685) Sending message {"key11755102957930": "value-4", "key21755102962639": "value-4", "key31755102967422": "value-4"} to topic topic-5f8d228e_436d_45fe_83a8_24c1af657666
2025-08-13 16:36:08,501 INFO  [io.api.tes.ser.api.KafkaSerdesTester] (Thread-685) Sending message {"key11755102957930": "value-5", "key21755102962639": "value-5", "key31755102967422": "value-5"} to topic topic-5f8d228e_436d_45fe_83a8_24c1af657666
2025-08-13 16:36:08,507 INFO  [io.api.tes.ser.api.KafkaSerdesTester] (Thread-685) Sending message {"key11755102957930": "value-6", "key21755102962639": "value-6", "key31755102967422": "value-6"} to topic topic-5f8d228e_436d_45fe_83a8_24c1af657666
2025-08-13 16:36:08,511 INFO  [io.api.tes.ser.api.KafkaSerdesTester] (Thread-685) Sending message {"key11755102957930": "value-7", "key21755102962639": "value-7", "key31755102967422": "value-7"} to topic topic-5f8d228e_436d_45fe_83a8_24c1af657666
2025-08-13 16:36:08,513 INFO  [io.api.tes.ser.api.KafkaSerdesTester] (Thread-685) Sending message {"key11755102957930": "value-8", "key21755102962639": "value-8", "key31755102967422": "value-8"} to topic topic-5f8d228e_436d_45fe_83a8_24c1af657666
2025-08-13 16:36:08,515 INFO  [io.api.tes.ser.api.KafkaSerdesTester] (Thread-685) Sending message {"key11755102957930": "value-9", "key21755102962639": "value-9", "key31755102967422": "value-9"} to topic topic-5f8d228e_436d_45fe_83a8_24c1af657666
2025-08-13 16:36:08,516 INFO  [io.api.tes.ser.api.KafkaSerdesTester] (Thread-685) Produced 10 messages
2025-08-13 16:36:08,516 INFO  [org.apa.kaf.cli.pro.KafkaProducer] (Thread-685) [Producer clientId=Producer-topic-5f8d228e_436d_45fe_83a8_24c1af657666] Closing the Kafka producer with timeoutMillis = 9223372036854775807 ms.
2025-08-13 16:36:08,519 INFO  [org.apa.kaf.com.met.Metrics] (Thread-685) Metrics scheduler closed
2025-08-13 16:36:08,520 INFO  [org.apa.kaf.com.met.Metrics] (Thread-685) Closing reporter org.apache.kafka.common.metrics.JmxReporter
2025-08-13 16:36:08,520 INFO  [org.apa.kaf.com.met.Metrics] (Thread-685) Closing reporter org.apache.kafka.common.telemetry.internals.ClientTelemetryReporter
2025-08-13 16:36:08,520 INFO  [org.apa.kaf.com.met.Metrics] (Thread-685) Metrics reporters closed
2025-08-13 16:36:08,520 INFO  [org.apa.kaf.com.uti.AppInfoParser] (Thread-685) App info kafka.producer for Producer-topic-5f8d228e_436d_45fe_83a8_24c1af657666 unregistered
**** Registry Base URL: http://registry-app-inmemory.apps.ci419.apicurio-testing.org:80
2025-08-13 16:36:08,521 INFO  [org.apa.kaf.cli.pro.ProducerConfig] (main) ProducerConfig values: 
	acks = -1
	auto.include.jmx.reporter = true
	batch.size = 16384
	bootstrap.servers = [PLAINTEXT://localhost:32769]
	buffer.memory = 33554432
	client.dns.lookup = use_all_dns_ips
	client.id = Producer-topic-5f8d228e_436d_45fe_83a8_24c1af657666
	compression.gzip.level = -1
	compression.lz4.level = 9
	compression.type = none
	compression.zstd.level = 3
	connections.max.idle.ms = 10000
	delivery.timeout.ms = 120000
	enable.idempotence = true
	enable.metrics.push = true
	interceptor.classes = []
	key.serializer = class org.apache.kafka.common.serialization.StringSerializer
	linger.ms = 0
	max.block.ms = 60000
	max.in.flight.requests.per.connection = 5
	max.request.size = 1048576
	metadata.max.age.ms = 300000
	metadata.max.idle.ms = 300000
	metadata.recovery.strategy = none
	metric.reporters = []
	metrics.num.samples = 2
	metrics.recording.level = INFO
	metrics.sample.window.ms = 30000
	partitioner.adaptive.partitioning.enable = true
	partitioner.availability.timeout.ms = 0
	partitioner.class = null
	partitioner.ignore.keys = false
	receive.buffer.bytes = 32768
	reconnect.backoff.max.ms = 1000
	reconnect.backoff.ms = 50
	request.timeout.ms = 5000
	retries = 2147483647
	retry.backoff.max.ms = 1000
	retry.backoff.ms = 100
	sasl.client.callback.handler.class = null
	sasl.jaas.config = null
	sasl.kerberos.kinit.cmd = /usr/bin/kinit
	sasl.kerberos.min.time.before.relogin = 60000
	sasl.kerberos.service.name = null
	sasl.kerberos.ticket.renew.jitter = 0.05
	sasl.kerberos.ticket.renew.window.factor = 0.8
	sasl.login.callback.handler.class = null
	sasl.login.class = null
	sasl.login.connect.timeout.ms = null
	sasl.login.read.timeout.ms = null
	sasl.login.refresh.buffer.seconds = 300
	sasl.login.refresh.min.period.seconds = 60
	sasl.login.refresh.window.factor = 0.8
	sasl.login.refresh.window.jitter = 0.05
	sasl.login.retry.backoff.max.ms = 10000
	sasl.login.retry.backoff.ms = 100
	sasl.mechanism = GSSAPI
	sasl.oauthbearer.clock.skew.seconds = 30
	sasl.oauthbearer.expected.audience = null
	sasl.oauthbearer.expected.issuer = null
	sasl.oauthbearer.header.urlencode = false
	sasl.oauthbearer.jwks.endpoint.refresh.ms = 3600000
	sasl.oauthbearer.jwks.endpoint.retry.backoff.max.ms = 10000
	sasl.oauthbearer.jwks.endpoint.retry.backoff.ms = 100
	sasl.oauthbearer.jwks.endpoint.url = null
	sasl.oauthbearer.scope.claim.name = scope
	sasl.oauthbearer.sub.claim.name = sub
	sasl.oauthbearer.token.endpoint.url = null
	security.protocol = PLAINTEXT
	security.providers = null
	send.buffer.bytes = 131072
	socket.connection.setup.timeout.max.ms = 30000
	socket.connection.setup.timeout.ms = 10000
	ssl.cipher.suites = null
	ssl.enabled.protocols = [TLSv1.2, TLSv1.3]
	ssl.endpoint.identification.algorithm = https
	ssl.engine.factory.class = null
	ssl.key.password = null
	ssl.keymanager.algorithm = SunX509
	ssl.keystore.certificate.chain = null
	ssl.keystore.key = null
	ssl.keystore.location = null
	ssl.keystore.password = null
	ssl.keystore.type = JKS
	ssl.protocol = TLSv1.3
	ssl.provider = null
	ssl.secure.random.implementation = null
	ssl.trustmanager.algorithm = PKIX
	ssl.truststore.certificates = null
	ssl.truststore.location = null
	ssl.truststore.password = null
	ssl.truststore.type = JKS
	transaction.timeout.ms = 60000
	transactional.id = null
	value.serializer = class io.apicurio.registry.serde.avro.AvroKafkaSerializer

2025-08-13 16:36:08,521 INFO  [org.apa.kaf.com.tel.int.KafkaMetricsCollector] (main) initializing Kafka metrics collector
2025-08-13 16:36:08,525 INFO  [org.apa.kaf.cli.pro.KafkaProducer] (main) [Producer clientId=Producer-topic-5f8d228e_436d_45fe_83a8_24c1af657666] Instantiated an idempotent producer.
2025-08-13 16:36:08,527 INFO  [org.apa.kaf.cli.pro.ProducerConfig] (main) These configurations '[apicurio.registry.url, apicurio.registry.artifact-resolver-strategy]' were supplied but are not used yet.
2025-08-13 16:36:08,527 INFO  [org.apa.kaf.com.uti.AppInfoParser] (main) Kafka version: 3.9.1
2025-08-13 16:36:08,527 INFO  [org.apa.kaf.com.uti.AppInfoParser] (main) Kafka commitId: f745dfdcee2b9851
2025-08-13 16:36:08,527 INFO  [org.apa.kaf.com.uti.AppInfoParser] (main) Kafka startTimeMs: 1755102968527
2025-08-13 16:36:08,533 INFO  [io.api.tes.ser.api.KafkaSerdesTester] (Thread-688) Sending message {"key11755102957930": "value-0", "key21755102962639": "value-0"} to topic topic-5f8d228e_436d_45fe_83a8_24c1af657666
2025-08-13 16:36:08,534 INFO  [org.apa.kaf.cli.Metadata] (kafka-producer-network-thread | Producer-topic-5f8d228e_436d_45fe_83a8_24c1af657666) [Producer clientId=Producer-topic-5f8d228e_436d_45fe_83a8_24c1af657666] Cluster ID: Ytz5hAjST9OxAjCVQ_7B1Q
2025-08-13 16:36:08,534 INFO  [org.apa.kaf.cli.pro.int.TransactionManager] (kafka-producer-network-thread | Producer-topic-5f8d228e_436d_45fe_83a8_24c1af657666) [Producer clientId=Producer-topic-5f8d228e_436d_45fe_83a8_24c1af657666] ProducerId set to 16 with epoch 0
2025-08-13 16:36:08,543 INFO  [DefaultSchemaResolver] (Thread-688) Retrieving schema content using string: {"type":"record","name":"sb818146fx083ax4326xbbdexca5e8302fa3b","namespace":"ns_6e3a6d47_e8ac_4d12_bcb9_d5334f50413b","fields":[{"name":"key11755102957930","type":"string"},{"name":"key21755102962639","type":"string"}]}
2025-08-13 16:36:08,578 INFO  [io.api.tes.ser.api.KafkaSerdesTester] (Thread-688) Sending message {"key11755102957930": "value-1", "key21755102962639": "value-1"} to topic topic-5f8d228e_436d_45fe_83a8_24c1af657666
2025-08-13 16:36:08,581 INFO  [io.api.tes.ser.api.KafkaSerdesTester] (Thread-688) Sending message {"key11755102957930": "value-2", "key21755102962639": "value-2"} to topic topic-5f8d228e_436d_45fe_83a8_24c1af657666
2025-08-13 16:36:08,583 INFO  [io.api.tes.ser.api.KafkaSerdesTester] (Thread-688) Sending message {"key11755102957930": "value-3", "key21755102962639": "value-3"} to topic topic-5f8d228e_436d_45fe_83a8_24c1af657666
2025-08-13 16:36:08,584 INFO  [io.api.tes.ser.api.KafkaSerdesTester] (Thread-688) Sending message {"key11755102957930": "value-4", "key21755102962639": "value-4"} to topic topic-5f8d228e_436d_45fe_83a8_24c1af657666
2025-08-13 16:36:08,586 INFO  [io.api.tes.ser.api.KafkaSerdesTester] (Thread-688) Sending message {"key11755102957930": "value-5", "key21755102962639": "value-5"} to topic topic-5f8d228e_436d_45fe_83a8_24c1af657666
2025-08-13 16:36:08,587 INFO  [io.api.tes.ser.api.KafkaSerdesTester] (Thread-688) Sending message {"key11755102957930": "value-6", "key21755102962639": "value-6"} to topic topic-5f8d228e_436d_45fe_83a8_24c1af657666
2025-08-13 16:36:08,588 INFO  [io.api.tes.ser.api.KafkaSerdesTester] (Thread-688) Sending message {"key11755102957930": "value-7", "key21755102962639": "value-7"} to topic topic-5f8d228e_436d_45fe_83a8_24c1af657666
2025-08-13 16:36:08,592 INFO  [io.api.tes.ser.api.KafkaSerdesTester] (Thread-688) Sending message {"key11755102957930": "value-8", "key21755102962639": "value-8"} to topic topic-5f8d228e_436d_45fe_83a8_24c1af657666
2025-08-13 16:36:08,595 INFO  [io.api.tes.ser.api.KafkaSerdesTester] (Thread-688) Sending message {"key11755102957930": "value-9", "key21755102962639": "value-9"} to topic topic-5f8d228e_436d_45fe_83a8_24c1af657666
2025-08-13 16:36:08,597 INFO  [io.api.tes.ser.api.KafkaSerdesTester] (Thread-688) Produced 10 messages
2025-08-13 16:36:08,597 INFO  [org.apa.kaf.cli.pro.KafkaProducer] (Thread-688) [Producer clientId=Producer-topic-5f8d228e_436d_45fe_83a8_24c1af657666] Closing the Kafka producer with timeoutMillis = 9223372036854775807 ms.
2025-08-13 16:36:08,600 INFO  [org.apa.kaf.com.met.Metrics] (Thread-688) Metrics scheduler closed
2025-08-13 16:36:08,600 INFO  [org.apa.kaf.com.met.Metrics] (Thread-688) Closing reporter org.apache.kafka.common.metrics.JmxReporter
2025-08-13 16:36:08,600 INFO  [org.apa.kaf.com.met.Metrics] (Thread-688) Closing reporter org.apache.kafka.common.telemetry.internals.ClientTelemetryReporter
2025-08-13 16:36:08,600 INFO  [org.apa.kaf.com.met.Metrics] (Thread-688) Metrics reporters closed
2025-08-13 16:36:08,600 INFO  [org.apa.kaf.com.uti.AppInfoParser] (Thread-688) App info kafka.producer for Producer-topic-5f8d228e_436d_45fe_83a8_24c1af657666 unregistered
**** Registry Base URL: http://registry-app-inmemory.apps.ci419.apicurio-testing.org:80
2025-08-13 16:36:08,601 INFO  [org.apa.kaf.cli.pro.ProducerConfig] (main) ProducerConfig values: 
	acks = -1
	auto.include.jmx.reporter = true
	batch.size = 16384
	bootstrap.servers = [PLAINTEXT://localhost:32769]
	buffer.memory = 33554432
	client.dns.lookup = use_all_dns_ips
	client.id = Producer-topic-5f8d228e_436d_45fe_83a8_24c1af657666
	compression.gzip.level = -1
	compression.lz4.level = 9
	compression.type = none
	compression.zstd.level = 3
	connections.max.idle.ms = 10000
	delivery.timeout.ms = 120000
	enable.idempotence = true
	enable.metrics.push = true
	interceptor.classes = []
	key.serializer = class org.apache.kafka.common.serialization.StringSerializer
	linger.ms = 0
	max.block.ms = 60000
	max.in.flight.requests.per.connection = 5
	max.request.size = 1048576
	metadata.max.age.ms = 300000
	metadata.max.idle.ms = 300000
	metadata.recovery.strategy = none
	metric.reporters = []
	metrics.num.samples = 2
	metrics.recording.level = INFO
	metrics.sample.window.ms = 30000
	partitioner.adaptive.partitioning.enable = true
	partitioner.availability.timeout.ms = 0
	partitioner.class = null
	partitioner.ignore.keys = false
	receive.buffer.bytes = 32768
	reconnect.backoff.max.ms = 1000
	reconnect.backoff.ms = 50
	request.timeout.ms = 5000
	retries = 2147483647
	retry.backoff.max.ms = 1000
	retry.backoff.ms = 100
	sasl.client.callback.handler.class = null
	sasl.jaas.config = null
	sasl.kerberos.kinit.cmd = /usr/bin/kinit
	sasl.kerberos.min.time.before.relogin = 60000
	sasl.kerberos.service.name = null
	sasl.kerberos.ticket.renew.jitter = 0.05
	sasl.kerberos.ticket.renew.window.factor = 0.8
	sasl.login.callback.handler.class = null
	sasl.login.class = null
	sasl.login.connect.timeout.ms = null
	sasl.login.read.timeout.ms = null
	sasl.login.refresh.buffer.seconds = 300
	sasl.login.refresh.min.period.seconds = 60
	sasl.login.refresh.window.factor = 0.8
	sasl.login.refresh.window.jitter = 0.05
	sasl.login.retry.backoff.max.ms = 10000
	sasl.login.retry.backoff.ms = 100
	sasl.mechanism = GSSAPI
	sasl.oauthbearer.clock.skew.seconds = 30
	sasl.oauthbearer.expected.audience = null
	sasl.oauthbearer.expected.issuer = null
	sasl.oauthbearer.header.urlencode = false
	sasl.oauthbearer.jwks.endpoint.refresh.ms = 3600000
	sasl.oauthbearer.jwks.endpoint.retry.backoff.max.ms = 10000
	sasl.oauthbearer.jwks.endpoint.retry.backoff.ms = 100
	sasl.oauthbearer.jwks.endpoint.url = null
	sasl.oauthbearer.scope.claim.name = scope
	sasl.oauthbearer.sub.claim.name = sub
	sasl.oauthbearer.token.endpoint.url = null
	security.protocol = PLAINTEXT
	security.providers = null
	send.buffer.bytes = 131072
	socket.connection.setup.timeout.max.ms = 30000
	socket.connection.setup.timeout.ms = 10000
	ssl.cipher.suites = null
	ssl.enabled.protocols = [TLSv1.2, TLSv1.3]
	ssl.endpoint.identification.algorithm = https
	ssl.engine.factory.class = null
	ssl.key.password = null
	ssl.keymanager.algorithm = SunX509
	ssl.keystore.certificate.chain = null
	ssl.keystore.key = null
	ssl.keystore.location = null
	ssl.keystore.password = null
	ssl.keystore.type = JKS
	ssl.protocol = TLSv1.3
	ssl.provider = null
	ssl.secure.random.implementation = null
	ssl.trustmanager.algorithm = PKIX
	ssl.truststore.certificates = null
	ssl.truststore.location = null
	ssl.truststore.password = null
	ssl.truststore.type = JKS
	transaction.timeout.ms = 60000
	transactional.id = null
	value.serializer = class io.apicurio.registry.serde.avro.AvroKafkaSerializer

2025-08-13 16:36:08,601 INFO  [org.apa.kaf.com.tel.int.KafkaMetricsCollector] (main) initializing Kafka metrics collector
2025-08-13 16:36:08,605 INFO  [org.apa.kaf.cli.pro.KafkaProducer] (main) [Producer clientId=Producer-topic-5f8d228e_436d_45fe_83a8_24c1af657666] Instantiated an idempotent producer.
2025-08-13 16:36:08,607 INFO  [org.apa.kaf.cli.pro.ProducerConfig] (main) These configurations '[apicurio.registry.url, apicurio.registry.artifact-resolver-strategy]' were supplied but are not used yet.
2025-08-13 16:36:08,607 INFO  [org.apa.kaf.com.uti.AppInfoParser] (main) Kafka version: 3.9.1
2025-08-13 16:36:08,608 INFO  [org.apa.kaf.com.uti.AppInfoParser] (main) Kafka commitId: f745dfdcee2b9851
2025-08-13 16:36:08,608 INFO  [org.apa.kaf.com.uti.AppInfoParser] (main) Kafka startTimeMs: 1755102968607
2025-08-13 16:36:08,610 INFO  [io.api.tes.ser.api.KafkaSerdesTester] (Thread-691) Sending message {"key11755102957930": "value-0"} to topic topic-5f8d228e_436d_45fe_83a8_24c1af657666
2025-08-13 16:36:08,614 INFO  [org.apa.kaf.cli.Metadata] (kafka-producer-network-thread | Producer-topic-5f8d228e_436d_45fe_83a8_24c1af657666) [Producer clientId=Producer-topic-5f8d228e_436d_45fe_83a8_24c1af657666] Cluster ID: Ytz5hAjST9OxAjCVQ_7B1Q
2025-08-13 16:36:08,615 INFO  [DefaultSchemaResolver] (Thread-691) Retrieving schema content using string: {"type":"record","name":"sb818146fx083ax4326xbbdexca5e8302fa3b","namespace":"ns_6e3a6d47_e8ac_4d12_bcb9_d5334f50413b","fields":[{"name":"key11755102957930","type":"string"}]}
2025-08-13 16:36:08,616 INFO  [org.apa.kaf.cli.pro.int.TransactionManager] (kafka-producer-network-thread | Producer-topic-5f8d228e_436d_45fe_83a8_24c1af657666) [Producer clientId=Producer-topic-5f8d228e_436d_45fe_83a8_24c1af657666] ProducerId set to 17 with epoch 0
2025-08-13 16:36:08,675 INFO  [io.api.tes.ser.api.KafkaSerdesTester] (Thread-691) Sending message {"key11755102957930": "value-1"} to topic topic-5f8d228e_436d_45fe_83a8_24c1af657666
2025-08-13 16:36:08,685 INFO  [io.api.tes.ser.api.KafkaSerdesTester] (Thread-691) Sending message {"key11755102957930": "value-2"} to topic topic-5f8d228e_436d_45fe_83a8_24c1af657666
2025-08-13 16:36:08,687 INFO  [io.api.tes.ser.api.KafkaSerdesTester] (Thread-691) Sending message {"key11755102957930": "value-3"} to topic topic-5f8d228e_436d_45fe_83a8_24c1af657666
2025-08-13 16:36:08,696 INFO  [io.api.tes.ser.api.KafkaSerdesTester] (Thread-691) Sending message {"key11755102957930": "value-4"} to topic topic-5f8d228e_436d_45fe_83a8_24c1af657666
2025-08-13 16:36:08,698 INFO  [io.api.tes.ser.api.KafkaSerdesTester] (Thread-691) Sending message {"key11755102957930": "value-5"} to topic topic-5f8d228e_436d_45fe_83a8_24c1af657666
2025-08-13 16:36:08,701 INFO  [io.api.tes.ser.api.KafkaSerdesTester] (Thread-691) Sending message {"key11755102957930": "value-6"} to topic topic-5f8d228e_436d_45fe_83a8_24c1af657666
2025-08-13 16:36:08,703 INFO  [io.api.tes.ser.api.KafkaSerdesTester] (Thread-691) Sending message {"key11755102957930": "value-7"} to topic topic-5f8d228e_436d_45fe_83a8_24c1af657666
2025-08-13 16:36:08,704 INFO  [io.api.tes.ser.api.KafkaSerdesTester] (Thread-691) Sending message {"key11755102957930": "value-8"} to topic topic-5f8d228e_436d_45fe_83a8_24c1af657666
2025-08-13 16:36:08,706 INFO  [io.api.tes.ser.api.KafkaSerdesTester] (Thread-691) Sending message {"key11755102957930": "value-9"} to topic topic-5f8d228e_436d_45fe_83a8_24c1af657666
2025-08-13 16:36:08,707 INFO  [io.api.tes.ser.api.KafkaSerdesTester] (Thread-691) Produced 10 messages
2025-08-13 16:36:08,707 INFO  [org.apa.kaf.cli.pro.KafkaProducer] (Thread-691) [Producer clientId=Producer-topic-5f8d228e_436d_45fe_83a8_24c1af657666] Closing the Kafka producer with timeoutMillis = 9223372036854775807 ms.
2025-08-13 16:36:08,710 INFO  [org.apa.kaf.com.met.Metrics] (Thread-691) Metrics scheduler closed
2025-08-13 16:36:08,710 INFO  [org.apa.kaf.com.met.Metrics] (Thread-691) Closing reporter org.apache.kafka.common.metrics.JmxReporter
2025-08-13 16:36:08,710 INFO  [org.apa.kaf.com.met.Metrics] (Thread-691) Closing reporter org.apache.kafka.common.telemetry.internals.ClientTelemetryReporter
2025-08-13 16:36:08,710 INFO  [org.apa.kaf.com.met.Metrics] (Thread-691) Metrics reporters closed
2025-08-13 16:36:08,711 INFO  [org.apa.kaf.com.uti.AppInfoParser] (Thread-691) App info kafka.producer for Producer-topic-5f8d228e_436d_45fe_83a8_24c1af657666 unregistered
**** Registry Base URL: http://registry-app-inmemory.apps.ci419.apicurio-testing.org:80
2025-08-13 16:36:08,712 INFO  [org.apa.kaf.cli.con.ConsumerConfig] (main) ConsumerConfig values: 
	allow.auto.create.topics = true
	auto.commit.interval.ms = 500
	auto.include.jmx.reporter = true
	auto.offset.reset = earliest
	bootstrap.servers = [PLAINTEXT://localhost:32769]
	check.crcs = true
	client.dns.lookup = use_all_dns_ips
	client.id = consumer-Consumer-topic-5f8d228e_436d_45fe_83a8_24c1af657666-12
	client.rack = 
	connections.max.idle.ms = 10000
	default.api.timeout.ms = 60000
	enable.auto.commit = true
	enable.metrics.push = true
	exclude.internal.topics = true
	fetch.max.bytes = 52428800
	fetch.max.wait.ms = 500
	fetch.min.bytes = 1
	group.id = Consumer-topic-5f8d228e_436d_45fe_83a8_24c1af657666
	group.instance.id = null
	group.protocol = classic
	group.remote.assignor = null
	heartbeat.interval.ms = 3000
	interceptor.classes = []
	internal.leave.group.on.close = true
	internal.throw.on.fetch.stable.offset.unsupported = false
	isolation.level = read_uncommitted
	key.deserializer = class org.apache.kafka.common.serialization.StringDeserializer
	max.partition.fetch.bytes = 1048576
	max.poll.interval.ms = 300000
	max.poll.records = 500
	metadata.max.age.ms = 300000
	metadata.recovery.strategy = none
	metric.reporters = []
	metrics.num.samples = 2
	metrics.recording.level = INFO
	metrics.sample.window.ms = 30000
	partition.assignment.strategy = [class org.apache.kafka.clients.consumer.RangeAssignor, class org.apache.kafka.clients.consumer.CooperativeStickyAssignor]
	receive.buffer.bytes = 65536
	reconnect.backoff.max.ms = 1000
	reconnect.backoff.ms = 50
	request.timeout.ms = 5000
	retry.backoff.max.ms = 1000
	retry.backoff.ms = 100
	sasl.client.callback.handler.class = null
	sasl.jaas.config = null
	sasl.kerberos.kinit.cmd = /usr/bin/kinit
	sasl.kerberos.min.time.before.relogin = 60000
	sasl.kerberos.service.name = null
	sasl.kerberos.ticket.renew.jitter = 0.05
	sasl.kerberos.ticket.renew.window.factor = 0.8
	sasl.login.callback.handler.class = null
	sasl.login.class = null
	sasl.login.connect.timeout.ms = null
	sasl.login.read.timeout.ms = null
	sasl.login.refresh.buffer.seconds = 300
	sasl.login.refresh.min.period.seconds = 60
	sasl.login.refresh.window.factor = 0.8
	sasl.login.refresh.window.jitter = 0.05
	sasl.login.retry.backoff.max.ms = 10000
	sasl.login.retry.backoff.ms = 100
	sasl.mechanism = GSSAPI
	sasl.oauthbearer.clock.skew.seconds = 30
	sasl.oauthbearer.expected.audience = null
	sasl.oauthbearer.expected.issuer = null
	sasl.oauthbearer.header.urlencode = false
	sasl.oauthbearer.jwks.endpoint.refresh.ms = 3600000
	sasl.oauthbearer.jwks.endpoint.retry.backoff.max.ms = 10000
	sasl.oauthbearer.jwks.endpoint.retry.backoff.ms = 100
	sasl.oauthbearer.jwks.endpoint.url = null
	sasl.oauthbearer.scope.claim.name = scope
	sasl.oauthbearer.sub.claim.name = sub
	sasl.oauthbearer.token.endpoint.url = null
	security.protocol = PLAINTEXT
	security.providers = null
	send.buffer.bytes = 131072
	session.timeout.ms = 45000
	socket.connection.setup.timeout.max.ms = 30000
	socket.connection.setup.timeout.ms = 10000
	ssl.cipher.suites = null
	ssl.enabled.protocols = [TLSv1.2, TLSv1.3]
	ssl.endpoint.identification.algorithm = https
	ssl.engine.factory.class = null
	ssl.key.password = null
	ssl.keymanager.algorithm = SunX509
	ssl.keystore.certificate.chain = null
	ssl.keystore.key = null
	ssl.keystore.location = null
	ssl.keystore.password = null
	ssl.keystore.type = JKS
	ssl.protocol = TLSv1.3
	ssl.provider = null
	ssl.secure.random.implementation = null
	ssl.trustmanager.algorithm = PKIX
	ssl.truststore.certificates = null
	ssl.truststore.location = null
	ssl.truststore.password = null
	ssl.truststore.type = JKS
	value.deserializer = class io.apicurio.registry.serde.avro.AvroKafkaDeserializer

2025-08-13 16:36:08,712 INFO  [org.apa.kaf.com.tel.int.KafkaMetricsCollector] (main) initializing Kafka metrics collector
2025-08-13 16:36:08,721 INFO  [org.apa.kaf.cli.con.ConsumerConfig] (main) These configurations '[apicurio.registry.url]' were supplied but are not used yet.
2025-08-13 16:36:08,722 INFO  [org.apa.kaf.com.uti.AppInfoParser] (main) Kafka version: 3.9.1
2025-08-13 16:36:08,722 INFO  [org.apa.kaf.com.uti.AppInfoParser] (main) Kafka commitId: f745dfdcee2b9851
2025-08-13 16:36:08,722 INFO  [org.apa.kaf.com.uti.AppInfoParser] (main) Kafka startTimeMs: 1755102968721
2025-08-13 16:36:08,724 INFO  [org.apa.kaf.cli.con.int.ClassicKafkaConsumer] (Thread-694) [Consumer clientId=consumer-Consumer-topic-5f8d228e_436d_45fe_83a8_24c1af657666-12, groupId=Consumer-topic-5f8d228e_436d_45fe_83a8_24c1af657666] Subscribed to topic(s): topic-5f8d228e_436d_45fe_83a8_24c1af657666
2025-08-13 16:36:08,729 INFO  [org.apa.kaf.cli.Metadata] (Thread-694) [Consumer clientId=consumer-Consumer-topic-5f8d228e_436d_45fe_83a8_24c1af657666-12, groupId=Consumer-topic-5f8d228e_436d_45fe_83a8_24c1af657666] Cluster ID: Ytz5hAjST9OxAjCVQ_7B1Q
2025-08-13 16:36:08,729 INFO  [org.apa.kaf.cli.con.int.ConsumerCoordinator] (Thread-694) [Consumer clientId=consumer-Consumer-topic-5f8d228e_436d_45fe_83a8_24c1af657666-12, groupId=Consumer-topic-5f8d228e_436d_45fe_83a8_24c1af657666] Discovered group coordinator localhost:32769 (id: 2147483647 rack: null)
2025-08-13 16:36:08,733 INFO  [org.apa.kaf.cli.con.int.ConsumerCoordinator] (Thread-694) [Consumer clientId=consumer-Consumer-topic-5f8d228e_436d_45fe_83a8_24c1af657666-12, groupId=Consumer-topic-5f8d228e_436d_45fe_83a8_24c1af657666] (Re-)joining group
2025-08-13 16:36:08,737 INFO  [org.apa.kaf.cli.con.int.ConsumerCoordinator] (Thread-694) [Consumer clientId=consumer-Consumer-topic-5f8d228e_436d_45fe_83a8_24c1af657666-12, groupId=Consumer-topic-5f8d228e_436d_45fe_83a8_24c1af657666] Request joining group due to: need to re-join with the given member-id: consumer-Consumer-topic-5f8d228e_436d_45fe_83a8_24c1af657666-12-3466d7e7-737d-4bdf-ba62-a781d9c3ce05
2025-08-13 16:36:08,737 INFO  [org.apa.kaf.cli.con.int.ConsumerCoordinator] (Thread-694) [Consumer clientId=consumer-Consumer-topic-5f8d228e_436d_45fe_83a8_24c1af657666-12, groupId=Consumer-topic-5f8d228e_436d_45fe_83a8_24c1af657666] (Re-)joining group
2025-08-13 16:36:09,724 INFO  [io.api.tes.ser.api.KafkaSerdesTester] (Thread-694) None found
2025-08-13 16:36:10,724 INFO  [io.api.tes.ser.api.KafkaSerdesTester] (Thread-694) None found
2025-08-13 16:36:11,724 INFO  [io.api.tes.ser.api.KafkaSerdesTester] (Thread-694) None found
2025-08-13 16:36:11,739 INFO  [org.apa.kaf.cli.con.int.ConsumerCoordinator] (Thread-694) [Consumer clientId=consumer-Consumer-topic-5f8d228e_436d_45fe_83a8_24c1af657666-12, groupId=Consumer-topic-5f8d228e_436d_45fe_83a8_24c1af657666] Successfully joined group with generation Generation{generationId=5, memberId='consumer-Consumer-topic-5f8d228e_436d_45fe_83a8_24c1af657666-12-3466d7e7-737d-4bdf-ba62-a781d9c3ce05', protocol='range'}
2025-08-13 16:36:11,739 INFO  [org.apa.kaf.cli.con.int.ConsumerCoordinator] (Thread-694) [Consumer clientId=consumer-Consumer-topic-5f8d228e_436d_45fe_83a8_24c1af657666-12, groupId=Consumer-topic-5f8d228e_436d_45fe_83a8_24c1af657666] Finished assignment for group at generation 5: {consumer-Consumer-topic-5f8d228e_436d_45fe_83a8_24c1af657666-12-3466d7e7-737d-4bdf-ba62-a781d9c3ce05=Assignment(partitions=[topic-5f8d228e_436d_45fe_83a8_24c1af657666-0])}
2025-08-13 16:36:11,746 INFO  [org.apa.kaf.cli.con.int.ConsumerCoordinator] (Thread-694) [Consumer clientId=consumer-Consumer-topic-5f8d228e_436d_45fe_83a8_24c1af657666-12, groupId=Consumer-topic-5f8d228e_436d_45fe_83a8_24c1af657666] Successfully synced group in generation Generation{generationId=5, memberId='consumer-Consumer-topic-5f8d228e_436d_45fe_83a8_24c1af657666-12-3466d7e7-737d-4bdf-ba62-a781d9c3ce05', protocol='range'}
2025-08-13 16:36:11,746 INFO  [org.apa.kaf.cli.con.int.ConsumerCoordinator] (Thread-694) [Consumer clientId=consumer-Consumer-topic-5f8d228e_436d_45fe_83a8_24c1af657666-12, groupId=Consumer-topic-5f8d228e_436d_45fe_83a8_24c1af657666] Notifying assignor about the new Assignment(partitions=[topic-5f8d228e_436d_45fe_83a8_24c1af657666-0])
2025-08-13 16:36:11,746 INFO  [org.apa.kaf.cli.con.int.ConsumerRebalanceListenerInvoker] (Thread-694) [Consumer clientId=consumer-Consumer-topic-5f8d228e_436d_45fe_83a8_24c1af657666-12, groupId=Consumer-topic-5f8d228e_436d_45fe_83a8_24c1af657666] Adding newly assigned partitions: topic-5f8d228e_436d_45fe_83a8_24c1af657666-0
2025-08-13 16:36:11,747 INFO  [org.apa.kaf.cli.con.int.ConsumerUtils] (Thread-694) Setting offset for partition topic-5f8d228e_436d_45fe_83a8_24c1af657666-0 to the committed offset FetchPosition{offset=30, offsetEpoch=Optional[0], currentLeader=LeaderAndEpoch{leader=Optional[localhost:32769 (id: 0 rack: null)], epoch=0}}
2025-08-13 16:36:11,845 INFO  [io.api.tes.ser.api.KafkaSerdesTester] (Thread-694) topic-5f8d228e_436d_45fe_83a8_24c1af657666 0 30 {"key11755102957930": "value-0", "key21755102962639": "value-0", "key31755102967422": "value-0"}
2025-08-13 16:36:11,845 INFO  [io.api.tes.ser.api.KafkaSerdesTester] (Thread-694) topic-5f8d228e_436d_45fe_83a8_24c1af657666 0 31 {"key11755102957930": "value-1", "key21755102962639": "value-1", "key31755102967422": "value-1"}
2025-08-13 16:36:11,845 INFO  [io.api.tes.ser.api.KafkaSerdesTester] (Thread-694) topic-5f8d228e_436d_45fe_83a8_24c1af657666 0 32 {"key11755102957930": "value-2", "key21755102962639": "value-2", "key31755102967422": "value-2"}
2025-08-13 16:36:11,845 INFO  [io.api.tes.ser.api.KafkaSerdesTester] (Thread-694) topic-5f8d228e_436d_45fe_83a8_24c1af657666 0 33 {"key11755102957930": "value-3", "key21755102962639": "value-3", "key31755102967422": "value-3"}
2025-08-13 16:36:11,845 INFO  [io.api.tes.ser.api.KafkaSerdesTester] (Thread-694) topic-5f8d228e_436d_45fe_83a8_24c1af657666 0 34 {"key11755102957930": "value-4", "key21755102962639": "value-4", "key31755102967422": "value-4"}
2025-08-13 16:36:11,845 INFO  [io.api.tes.ser.api.KafkaSerdesTester] (Thread-694) topic-5f8d228e_436d_45fe_83a8_24c1af657666 0 35 {"key11755102957930": "value-5", "key21755102962639": "value-5", "key31755102967422": "value-5"}
2025-08-13 16:36:11,845 INFO  [io.api.tes.ser.api.KafkaSerdesTester] (Thread-694) topic-5f8d228e_436d_45fe_83a8_24c1af657666 0 36 {"key11755102957930": "value-6", "key21755102962639": "value-6", "key31755102967422": "value-6"}
2025-08-13 16:36:11,845 INFO  [io.api.tes.ser.api.KafkaSerdesTester] (Thread-694) topic-5f8d228e_436d_45fe_83a8_24c1af657666 0 37 {"key11755102957930": "value-7", "key21755102962639": "value-7", "key31755102967422": "value-7"}
2025-08-13 16:36:11,845 INFO  [io.api.tes.ser.api.KafkaSerdesTester] (Thread-694) topic-5f8d228e_436d_45fe_83a8_24c1af657666 0 38 {"key11755102957930": "value-8", "key21755102962639": "value-8", "key31755102967422": "value-8"}
2025-08-13 16:36:11,845 INFO  [io.api.tes.ser.api.KafkaSerdesTester] (Thread-694) topic-5f8d228e_436d_45fe_83a8_24c1af657666 0 39 {"key11755102957930": "value-9", "key21755102962639": "value-9", "key31755102967422": "value-9"}
2025-08-13 16:36:11,845 INFO  [io.api.tes.ser.api.KafkaSerdesTester] (Thread-694) topic-5f8d228e_436d_45fe_83a8_24c1af657666 0 40 {"key11755102957930": "value-0", "key21755102962639": "value-0"}
2025-08-13 16:36:11,846 INFO  [io.api.tes.ser.api.KafkaSerdesTester] (Thread-694) topic-5f8d228e_436d_45fe_83a8_24c1af657666 0 41 {"key11755102957930": "value-1", "key21755102962639": "value-1"}
2025-08-13 16:36:11,846 INFO  [io.api.tes.ser.api.KafkaSerdesTester] (Thread-694) topic-5f8d228e_436d_45fe_83a8_24c1af657666 0 42 {"key11755102957930": "value-2", "key21755102962639": "value-2"}
2025-08-13 16:36:11,846 INFO  [io.api.tes.ser.api.KafkaSerdesTester] (Thread-694) topic-5f8d228e_436d_45fe_83a8_24c1af657666 0 43 {"key11755102957930": "value-3", "key21755102962639": "value-3"}
2025-08-13 16:36:11,846 INFO  [io.api.tes.ser.api.KafkaSerdesTester] (Thread-694) topic-5f8d228e_436d_45fe_83a8_24c1af657666 0 44 {"key11755102957930": "value-4", "key21755102962639": "value-4"}
2025-08-13 16:36:11,846 INFO  [io.api.tes.ser.api.KafkaSerdesTester] (Thread-694) topic-5f8d228e_436d_45fe_83a8_24c1af657666 0 45 {"key11755102957930": "value-5", "key21755102962639": "value-5"}
2025-08-13 16:36:11,846 INFO  [io.api.tes.ser.api.KafkaSerdesTester] (Thread-694) topic-5f8d228e_436d_45fe_83a8_24c1af657666 0 46 {"key11755102957930": "value-6", "key21755102962639": "value-6"}
2025-08-13 16:36:11,846 INFO  [io.api.tes.ser.api.KafkaSerdesTester] (Thread-694) topic-5f8d228e_436d_45fe_83a8_24c1af657666 0 47 {"key11755102957930": "value-7", "key21755102962639": "value-7"}
2025-08-13 16:36:11,846 INFO  [io.api.tes.ser.api.KafkaSerdesTester] (Thread-694) topic-5f8d228e_436d_45fe_83a8_24c1af657666 0 48 {"key11755102957930": "value-8", "key21755102962639": "value-8"}
2025-08-13 16:36:11,846 INFO  [io.api.tes.ser.api.KafkaSerdesTester] (Thread-694) topic-5f8d228e_436d_45fe_83a8_24c1af657666 0 49 {"key11755102957930": "value-9", "key21755102962639": "value-9"}
2025-08-13 16:36:11,846 INFO  [io.api.tes.ser.api.KafkaSerdesTester] (Thread-694) topic-5f8d228e_436d_45fe_83a8_24c1af657666 0 50 {"key11755102957930": "value-0"}
2025-08-13 16:36:11,846 INFO  [io.api.tes.ser.api.KafkaSerdesTester] (Thread-694) topic-5f8d228e_436d_45fe_83a8_24c1af657666 0 51 {"key11755102957930": "value-1"}
2025-08-13 16:36:11,846 INFO  [io.api.tes.ser.api.KafkaSerdesTester] (Thread-694) topic-5f8d228e_436d_45fe_83a8_24c1af657666 0 52 {"key11755102957930": "value-2"}
2025-08-13 16:36:11,846 INFO  [io.api.tes.ser.api.KafkaSerdesTester] (Thread-694) topic-5f8d228e_436d_45fe_83a8_24c1af657666 0 53 {"key11755102957930": "value-3"}
2025-08-13 16:36:11,846 INFO  [io.api.tes.ser.api.KafkaSerdesTester] (Thread-694) topic-5f8d228e_436d_45fe_83a8_24c1af657666 0 54 {"key11755102957930": "value-4"}
2025-08-13 16:36:11,846 INFO  [io.api.tes.ser.api.KafkaSerdesTester] (Thread-694) topic-5f8d228e_436d_45fe_83a8_24c1af657666 0 55 {"key11755102957930": "value-5"}
2025-08-13 16:36:11,846 INFO  [io.api.tes.ser.api.KafkaSerdesTester] (Thread-694) topic-5f8d228e_436d_45fe_83a8_24c1af657666 0 56 {"key11755102957930": "value-6"}
2025-08-13 16:36:11,847 INFO  [io.api.tes.ser.api.KafkaSerdesTester] (Thread-694) topic-5f8d228e_436d_45fe_83a8_24c1af657666 0 57 {"key11755102957930": "value-7"}
2025-08-13 16:36:11,847 INFO  [io.api.tes.ser.api.KafkaSerdesTester] (Thread-694) topic-5f8d228e_436d_45fe_83a8_24c1af657666 0 58 {"key11755102957930": "value-8"}
2025-08-13 16:36:11,847 INFO  [io.api.tes.ser.api.KafkaSerdesTester] (Thread-694) topic-5f8d228e_436d_45fe_83a8_24c1af657666 0 59 {"key11755102957930": "value-9"}
2025-08-13 16:36:11,847 INFO  [io.api.tes.ser.api.KafkaSerdesTester] (Thread-694) Consumed 30 messages
2025-08-13 16:36:11,854 INFO  [org.apa.kaf.cli.con.int.ConsumerRebalanceListenerInvoker] (Thread-694) [Consumer clientId=consumer-Consumer-topic-5f8d228e_436d_45fe_83a8_24c1af657666-12, groupId=Consumer-topic-5f8d228e_436d_45fe_83a8_24c1af657666] Revoke previously assigned partitions topic-5f8d228e_436d_45fe_83a8_24c1af657666-0
2025-08-13 16:36:11,854 INFO  [org.apa.kaf.cli.con.int.ConsumerCoordinator] (Thread-694) [Consumer clientId=consumer-Consumer-topic-5f8d228e_436d_45fe_83a8_24c1af657666-12, groupId=Consumer-topic-5f8d228e_436d_45fe_83a8_24c1af657666] Member consumer-Consumer-topic-5f8d228e_436d_45fe_83a8_24c1af657666-12-3466d7e7-737d-4bdf-ba62-a781d9c3ce05 sending LeaveGroup request to coordinator localhost:32769 (id: 2147483647 rack: null) due to the consumer is being closed
2025-08-13 16:36:11,854 INFO  [org.apa.kaf.cli.con.int.ConsumerCoordinator] (Thread-694) [Consumer clientId=consumer-Consumer-topic-5f8d228e_436d_45fe_83a8_24c1af657666-12, groupId=Consumer-topic-5f8d228e_436d_45fe_83a8_24c1af657666] Resetting generation and member id due to: consumer pro-actively leaving the group
2025-08-13 16:36:11,854 INFO  [org.apa.kaf.cli.con.int.ConsumerCoordinator] (Thread-694) [Consumer clientId=consumer-Consumer-topic-5f8d228e_436d_45fe_83a8_24c1af657666-12, groupId=Consumer-topic-5f8d228e_436d_45fe_83a8_24c1af657666] Request joining group due to: consumer pro-actively leaving the group
2025-08-13 16:36:12,349 INFO  [org.apa.kaf.com.met.Metrics] (Thread-694) Metrics scheduler closed
2025-08-13 16:36:12,349 INFO  [org.apa.kaf.com.met.Metrics] (Thread-694) Closing reporter org.apache.kafka.common.metrics.JmxReporter
2025-08-13 16:36:12,349 INFO  [org.apa.kaf.com.met.Metrics] (Thread-694) Closing reporter org.apache.kafka.common.telemetry.internals.ClientTelemetryReporter
2025-08-13 16:36:12,349 INFO  [org.apa.kaf.com.met.Metrics] (Thread-694) Metrics reporters closed
2025-08-13 16:36:12,351 INFO  [org.apa.kaf.com.uti.AppInfoParser] (Thread-694) App info kafka.consumer for consumer-Consumer-topic-5f8d228e_436d_45fe_83a8_24c1af657666-12 unregistered
2025-08-13 16:36:12,351 INFO  [org.apa.kaf.cli.pro.KafkaProducer] (main) [Producer clientId=Producer-topic-5f8d228e_436d_45fe_83a8_24c1af657666] Closing the Kafka producer with timeoutMillis = 9223372036854775807 ms.
2025-08-13 16:36:12,351 INFO  [org.apa.kaf.com.met.Metrics] (main) Metrics scheduler closed
2025-08-13 16:36:12,351 INFO  [org.apa.kaf.com.met.Metrics] (main) Closing reporter org.apache.kafka.common.metrics.JmxReporter
2025-08-13 16:36:12,351 INFO  [org.apa.kaf.com.met.Metrics] (main) Closing reporter org.apache.kafka.common.telemetry.internals.ClientTelemetryReporter
2025-08-13 16:36:12,351 INFO  [org.apa.kaf.com.met.Metrics] (main) Metrics reporters closed
2025-08-13 16:36:12,352 INFO  [org.apa.kaf.com.uti.AppInfoParser] (main) App info kafka.producer for Producer-topic-5f8d228e_436d_45fe_83a8_24c1af657666 unregistered
2025-08-13 16:36:12,352 INFO  [io.api.tes.uti.TestSeparator] (main) io.apicurio.tests.serdes.apicurio.AvroSerdeIT.testEvolveAvroApicurio-FINISHED
2025-08-13 16:36:12,352 INFO  [io.api.tes.uti.TestSeparator] (main) ############################################################################
Test passed: testEvolveAvroApicurio
]]></system-out>
  </testcase>
  <testcase name="testTopicRecordIdStrategydFindLatest" classname="io.apicurio.tests.serdes.apicurio.AvroSerdeIT" time="4.687">
    <system-out><![CDATA[2025-08-13 16:36:12,353 INFO  [io.api.tes.uti.TestSeparator] (main) ############################################################################
2025-08-13 16:36:12,354 INFO  [io.api.tes.uti.TestSeparator] (main) io.apicurio.tests.serdes.apicurio.AvroSerdeIT.testTopicRecordIdStrategydFindLatest-STARTED
2025-08-13 16:36:12,354 INFO  [io.api.tes.ser.api.AvroSerdeIT] (main) Registering Avro Schema: {"type":"record","name":"sc5dead27xaa80x41d4xb519x153578160e61","namespace":"s30296f8fx7f8ex4bc5xac98xdb9bdcb3f7c4","fields":[{"name":"key11755102972354","type":"string"}]}
**** Registry Base URL: http://registry-app-inmemory.apps.ci419.apicurio-testing.org:80
2025-08-13 16:36:13,386 INFO  [org.apa.kaf.cli.pro.ProducerConfig] (main) ProducerConfig values: 
	acks = -1
	auto.include.jmx.reporter = true
	batch.size = 16384
	bootstrap.servers = [PLAINTEXT://localhost:32769]
	buffer.memory = 33554432
	client.dns.lookup = use_all_dns_ips
	client.id = Producer-topic-ed05d88b_b4ed_4606_9868_b3d996e8335a
	compression.gzip.level = -1
	compression.lz4.level = 9
	compression.type = none
	compression.zstd.level = 3
	connections.max.idle.ms = 10000
	delivery.timeout.ms = 120000
	enable.idempotence = true
	enable.metrics.push = true
	interceptor.classes = []
	key.serializer = class org.apache.kafka.common.serialization.StringSerializer
	linger.ms = 0
	max.block.ms = 60000
	max.in.flight.requests.per.connection = 5
	max.request.size = 1048576
	metadata.max.age.ms = 300000
	metadata.max.idle.ms = 300000
	metadata.recovery.strategy = none
	metric.reporters = []
	metrics.num.samples = 2
	metrics.recording.level = INFO
	metrics.sample.window.ms = 30000
	partitioner.adaptive.partitioning.enable = true
	partitioner.availability.timeout.ms = 0
	partitioner.class = null
	partitioner.ignore.keys = false
	receive.buffer.bytes = 32768
	reconnect.backoff.max.ms = 1000
	reconnect.backoff.ms = 50
	request.timeout.ms = 5000
	retries = 2147483647
	retry.backoff.max.ms = 1000
	retry.backoff.ms = 100
	sasl.client.callback.handler.class = null
	sasl.jaas.config = null
	sasl.kerberos.kinit.cmd = /usr/bin/kinit
	sasl.kerberos.min.time.before.relogin = 60000
	sasl.kerberos.service.name = null
	sasl.kerberos.ticket.renew.jitter = 0.05
	sasl.kerberos.ticket.renew.window.factor = 0.8
	sasl.login.callback.handler.class = null
	sasl.login.class = null
	sasl.login.connect.timeout.ms = null
	sasl.login.read.timeout.ms = null
	sasl.login.refresh.buffer.seconds = 300
	sasl.login.refresh.min.period.seconds = 60
	sasl.login.refresh.window.factor = 0.8
	sasl.login.refresh.window.jitter = 0.05
	sasl.login.retry.backoff.max.ms = 10000
	sasl.login.retry.backoff.ms = 100
	sasl.mechanism = GSSAPI
	sasl.oauthbearer.clock.skew.seconds = 30
	sasl.oauthbearer.expected.audience = null
	sasl.oauthbearer.expected.issuer = null
	sasl.oauthbearer.header.urlencode = false
	sasl.oauthbearer.jwks.endpoint.refresh.ms = 3600000
	sasl.oauthbearer.jwks.endpoint.retry.backoff.max.ms = 10000
	sasl.oauthbearer.jwks.endpoint.retry.backoff.ms = 100
	sasl.oauthbearer.jwks.endpoint.url = null
	sasl.oauthbearer.scope.claim.name = scope
	sasl.oauthbearer.sub.claim.name = sub
	sasl.oauthbearer.token.endpoint.url = null
	security.protocol = PLAINTEXT
	security.providers = null
	send.buffer.bytes = 131072
	socket.connection.setup.timeout.max.ms = 30000
	socket.connection.setup.timeout.ms = 10000
	ssl.cipher.suites = null
	ssl.enabled.protocols = [TLSv1.2, TLSv1.3]
	ssl.endpoint.identification.algorithm = https
	ssl.engine.factory.class = null
	ssl.key.password = null
	ssl.keymanager.algorithm = SunX509
	ssl.keystore.certificate.chain = null
	ssl.keystore.key = null
	ssl.keystore.location = null
	ssl.keystore.password = null
	ssl.keystore.type = JKS
	ssl.protocol = TLSv1.3
	ssl.provider = null
	ssl.secure.random.implementation = null
	ssl.trustmanager.algorithm = PKIX
	ssl.truststore.certificates = null
	ssl.truststore.location = null
	ssl.truststore.password = null
	ssl.truststore.type = JKS
	transaction.timeout.ms = 60000
	transactional.id = null
	value.serializer = class io.apicurio.registry.serde.avro.AvroKafkaSerializer

2025-08-13 16:36:13,386 INFO  [org.apa.kaf.com.tel.int.KafkaMetricsCollector] (main) initializing Kafka metrics collector
2025-08-13 16:36:13,389 INFO  [org.apa.kaf.cli.pro.KafkaProducer] (main) [Producer clientId=Producer-topic-ed05d88b_b4ed_4606_9868_b3d996e8335a] Instantiated an idempotent producer.
2025-08-13 16:36:13,390 INFO  [org.apa.kaf.cli.pro.ProducerConfig] (main) These configurations '[apicurio.registry.find-latest, apicurio.registry.url, apicurio.registry.artifact-resolver-strategy]' were supplied but are not used yet.
2025-08-13 16:36:13,391 INFO  [org.apa.kaf.com.uti.AppInfoParser] (main) Kafka version: 3.9.1
2025-08-13 16:36:13,391 INFO  [org.apa.kaf.com.uti.AppInfoParser] (main) Kafka commitId: f745dfdcee2b9851
2025-08-13 16:36:13,391 INFO  [org.apa.kaf.com.uti.AppInfoParser] (main) Kafka startTimeMs: 1755102973391
2025-08-13 16:36:13,391 INFO  [io.api.tes.ser.api.SimpleSerdesTesterBuilder$SimpleSerdesTester] (main) Using producer configuration: {apicurio.registry.find-latest=true, apicurio.registry.url=http://registry-app-inmemory.apps.ci419.apicurio-testing.org:80/apis/registry/v3, apicurio.registry.artifact-resolver-strategy=io.apicurio.registry.serde.avro.strategy.TopicRecordIdStrategy, value.serializer=io.apicurio.registry.serde.avro.AvroKafkaSerializer, request.timeout.ms=5000, acks=all, bootstrap.servers=PLAINTEXT://localhost:32769, connections.max.idle.ms=10000, key.serializer=org.apache.kafka.common.serialization.StringSerializer, client.id=Producer-topic-ed05d88b_b4ed_4606_9868_b3d996e8335a}
2025-08-13 16:36:13,391 INFO  [io.api.tes.ser.api.SimpleSerdesTesterBuilder$SimpleSerdesTester] (main) Using consumer configuration: {}
2025-08-13 16:36:13,391 INFO  [io.api.tes.ser.api.KafkaSerdesTester] (Thread-697) Sending message {"key11755102972354": "value-0"} to topic topic-ed05d88b_b4ed_4606_9868_b3d996e8335a
2025-08-13 16:36:13,394 INFO  [org.apa.kaf.cli.Metadata] (kafka-producer-network-thread | Producer-topic-ed05d88b_b4ed_4606_9868_b3d996e8335a) [Producer clientId=Producer-topic-ed05d88b_b4ed_4606_9868_b3d996e8335a] Cluster ID: Ytz5hAjST9OxAjCVQ_7B1Q
2025-08-13 16:36:13,395 INFO  [org.apa.kaf.cli.pro.int.TransactionManager] (kafka-producer-network-thread | Producer-topic-ed05d88b_b4ed_4606_9868_b3d996e8335a) [Producer clientId=Producer-topic-ed05d88b_b4ed_4606_9868_b3d996e8335a] ProducerId set to 18 with epoch 0
2025-08-13 16:36:13,450 INFO  [io.api.tes.ser.api.KafkaSerdesTester] (Thread-697) Sending message {"key11755102972354": "value-1"} to topic topic-ed05d88b_b4ed_4606_9868_b3d996e8335a
2025-08-13 16:36:13,452 INFO  [io.api.tes.ser.api.KafkaSerdesTester] (Thread-697) Sending message {"key11755102972354": "value-2"} to topic topic-ed05d88b_b4ed_4606_9868_b3d996e8335a
2025-08-13 16:36:13,454 INFO  [io.api.tes.ser.api.KafkaSerdesTester] (Thread-697) Sending message {"key11755102972354": "value-3"} to topic topic-ed05d88b_b4ed_4606_9868_b3d996e8335a
2025-08-13 16:36:13,455 INFO  [io.api.tes.ser.api.KafkaSerdesTester] (Thread-697) Sending message {"key11755102972354": "value-4"} to topic topic-ed05d88b_b4ed_4606_9868_b3d996e8335a
2025-08-13 16:36:13,457 INFO  [io.api.tes.ser.api.KafkaSerdesTester] (Thread-697) Sending message {"key11755102972354": "value-5"} to topic topic-ed05d88b_b4ed_4606_9868_b3d996e8335a
2025-08-13 16:36:13,458 INFO  [io.api.tes.ser.api.KafkaSerdesTester] (Thread-697) Sending message {"key11755102972354": "value-6"} to topic topic-ed05d88b_b4ed_4606_9868_b3d996e8335a
2025-08-13 16:36:13,459 INFO  [io.api.tes.ser.api.KafkaSerdesTester] (Thread-697) Sending message {"key11755102972354": "value-7"} to topic topic-ed05d88b_b4ed_4606_9868_b3d996e8335a
2025-08-13 16:36:13,463 INFO  [io.api.tes.ser.api.KafkaSerdesTester] (Thread-697) Sending message {"key11755102972354": "value-8"} to topic topic-ed05d88b_b4ed_4606_9868_b3d996e8335a
2025-08-13 16:36:13,465 INFO  [io.api.tes.ser.api.KafkaSerdesTester] (Thread-697) Sending message {"key11755102972354": "value-9"} to topic topic-ed05d88b_b4ed_4606_9868_b3d996e8335a
2025-08-13 16:36:13,466 INFO  [io.api.tes.ser.api.KafkaSerdesTester] (Thread-697) Produced 10 messages
2025-08-13 16:36:13,466 INFO  [org.apa.kaf.cli.pro.KafkaProducer] (Thread-697) [Producer clientId=Producer-topic-ed05d88b_b4ed_4606_9868_b3d996e8335a] Closing the Kafka producer with timeoutMillis = 9223372036854775807 ms.
2025-08-13 16:36:13,467 INFO  [org.apa.kaf.com.met.Metrics] (Thread-697) Metrics scheduler closed
2025-08-13 16:36:13,467 INFO  [org.apa.kaf.com.met.Metrics] (Thread-697) Closing reporter org.apache.kafka.common.metrics.JmxReporter
2025-08-13 16:36:13,467 INFO  [org.apa.kaf.com.met.Metrics] (Thread-697) Closing reporter org.apache.kafka.common.telemetry.internals.ClientTelemetryReporter
2025-08-13 16:36:13,467 INFO  [org.apa.kaf.com.met.Metrics] (Thread-697) Metrics reporters closed
2025-08-13 16:36:13,468 INFO  [org.apa.kaf.com.uti.AppInfoParser] (Thread-697) App info kafka.producer for Producer-topic-ed05d88b_b4ed_4606_9868_b3d996e8335a unregistered
**** Registry Base URL: http://registry-app-inmemory.apps.ci419.apicurio-testing.org:80
2025-08-13 16:36:13,468 INFO  [org.apa.kaf.cli.con.ConsumerConfig] (main) ConsumerConfig values: 
	allow.auto.create.topics = true
	auto.commit.interval.ms = 500
	auto.include.jmx.reporter = true
	auto.offset.reset = earliest
	bootstrap.servers = [PLAINTEXT://localhost:32769]
	check.crcs = true
	client.dns.lookup = use_all_dns_ips
	client.id = consumer-Consumer-topic-ed05d88b_b4ed_4606_9868_b3d996e8335a-13
	client.rack = 
	connections.max.idle.ms = 10000
	default.api.timeout.ms = 60000
	enable.auto.commit = true
	enable.metrics.push = true
	exclude.internal.topics = true
	fetch.max.bytes = 52428800
	fetch.max.wait.ms = 500
	fetch.min.bytes = 1
	group.id = Consumer-topic-ed05d88b_b4ed_4606_9868_b3d996e8335a
	group.instance.id = null
	group.protocol = classic
	group.remote.assignor = null
	heartbeat.interval.ms = 3000
	interceptor.classes = []
	internal.leave.group.on.close = true
	internal.throw.on.fetch.stable.offset.unsupported = false
	isolation.level = read_uncommitted
	key.deserializer = class org.apache.kafka.common.serialization.StringDeserializer
	max.partition.fetch.bytes = 1048576
	max.poll.interval.ms = 300000
	max.poll.records = 500
	metadata.max.age.ms = 300000
	metadata.recovery.strategy = none
	metric.reporters = []
	metrics.num.samples = 2
	metrics.recording.level = INFO
	metrics.sample.window.ms = 30000
	partition.assignment.strategy = [class org.apache.kafka.clients.consumer.RangeAssignor, class org.apache.kafka.clients.consumer.CooperativeStickyAssignor]
	receive.buffer.bytes = 65536
	reconnect.backoff.max.ms = 1000
	reconnect.backoff.ms = 50
	request.timeout.ms = 5000
	retry.backoff.max.ms = 1000
	retry.backoff.ms = 100
	sasl.client.callback.handler.class = null
	sasl.jaas.config = null
	sasl.kerberos.kinit.cmd = /usr/bin/kinit
	sasl.kerberos.min.time.before.relogin = 60000
	sasl.kerberos.service.name = null
	sasl.kerberos.ticket.renew.jitter = 0.05
	sasl.kerberos.ticket.renew.window.factor = 0.8
	sasl.login.callback.handler.class = null
	sasl.login.class = null
	sasl.login.connect.timeout.ms = null
	sasl.login.read.timeout.ms = null
	sasl.login.refresh.buffer.seconds = 300
	sasl.login.refresh.min.period.seconds = 60
	sasl.login.refresh.window.factor = 0.8
	sasl.login.refresh.window.jitter = 0.05
	sasl.login.retry.backoff.max.ms = 10000
	sasl.login.retry.backoff.ms = 100
	sasl.mechanism = GSSAPI
	sasl.oauthbearer.clock.skew.seconds = 30
	sasl.oauthbearer.expected.audience = null
	sasl.oauthbearer.expected.issuer = null
	sasl.oauthbearer.header.urlencode = false
	sasl.oauthbearer.jwks.endpoint.refresh.ms = 3600000
	sasl.oauthbearer.jwks.endpoint.retry.backoff.max.ms = 10000
	sasl.oauthbearer.jwks.endpoint.retry.backoff.ms = 100
	sasl.oauthbearer.jwks.endpoint.url = null
	sasl.oauthbearer.scope.claim.name = scope
	sasl.oauthbearer.sub.claim.name = sub
	sasl.oauthbearer.token.endpoint.url = null
	security.protocol = PLAINTEXT
	security.providers = null
	send.buffer.bytes = 131072
	session.timeout.ms = 45000
	socket.connection.setup.timeout.max.ms = 30000
	socket.connection.setup.timeout.ms = 10000
	ssl.cipher.suites = null
	ssl.enabled.protocols = [TLSv1.2, TLSv1.3]
	ssl.endpoint.identification.algorithm = https
	ssl.engine.factory.class = null
	ssl.key.password = null
	ssl.keymanager.algorithm = SunX509
	ssl.keystore.certificate.chain = null
	ssl.keystore.key = null
	ssl.keystore.location = null
	ssl.keystore.password = null
	ssl.keystore.type = JKS
	ssl.protocol = TLSv1.3
	ssl.provider = null
	ssl.secure.random.implementation = null
	ssl.trustmanager.algorithm = PKIX
	ssl.truststore.certificates = null
	ssl.truststore.location = null
	ssl.truststore.password = null
	ssl.truststore.type = JKS
	value.deserializer = class io.apicurio.registry.serde.avro.AvroKafkaDeserializer

2025-08-13 16:36:13,468 INFO  [org.apa.kaf.com.tel.int.KafkaMetricsCollector] (main) initializing Kafka metrics collector
2025-08-13 16:36:13,475 INFO  [org.apa.kaf.cli.con.ConsumerConfig] (main) These configurations '[apicurio.registry.url]' were supplied but are not used yet.
2025-08-13 16:36:13,475 INFO  [org.apa.kaf.com.uti.AppInfoParser] (main) Kafka version: 3.9.1
2025-08-13 16:36:13,475 INFO  [org.apa.kaf.com.uti.AppInfoParser] (main) Kafka commitId: f745dfdcee2b9851
2025-08-13 16:36:13,475 INFO  [org.apa.kaf.com.uti.AppInfoParser] (main) Kafka startTimeMs: 1755102973475
2025-08-13 16:36:13,475 INFO  [org.apa.kaf.cli.con.int.ClassicKafkaConsumer] (Thread-700) [Consumer clientId=consumer-Consumer-topic-ed05d88b_b4ed_4606_9868_b3d996e8335a-13, groupId=Consumer-topic-ed05d88b_b4ed_4606_9868_b3d996e8335a] Subscribed to topic(s): topic-ed05d88b_b4ed_4606_9868_b3d996e8335a
2025-08-13 16:36:13,479 INFO  [org.apa.kaf.cli.Metadata] (Thread-700) [Consumer clientId=consumer-Consumer-topic-ed05d88b_b4ed_4606_9868_b3d996e8335a-13, groupId=Consumer-topic-ed05d88b_b4ed_4606_9868_b3d996e8335a] Cluster ID: Ytz5hAjST9OxAjCVQ_7B1Q
2025-08-13 16:36:13,480 INFO  [org.apa.kaf.cli.con.int.ConsumerCoordinator] (Thread-700) [Consumer clientId=consumer-Consumer-topic-ed05d88b_b4ed_4606_9868_b3d996e8335a-13, groupId=Consumer-topic-ed05d88b_b4ed_4606_9868_b3d996e8335a] Discovered group coordinator localhost:32769 (id: 2147483647 rack: null)
2025-08-13 16:36:13,481 INFO  [org.apa.kaf.cli.con.int.ConsumerCoordinator] (Thread-700) [Consumer clientId=consumer-Consumer-topic-ed05d88b_b4ed_4606_9868_b3d996e8335a-13, groupId=Consumer-topic-ed05d88b_b4ed_4606_9868_b3d996e8335a] (Re-)joining group
2025-08-13 16:36:13,483 INFO  [org.apa.kaf.cli.con.int.ConsumerCoordinator] (Thread-700) [Consumer clientId=consumer-Consumer-topic-ed05d88b_b4ed_4606_9868_b3d996e8335a-13, groupId=Consumer-topic-ed05d88b_b4ed_4606_9868_b3d996e8335a] Request joining group due to: need to re-join with the given member-id: consumer-Consumer-topic-ed05d88b_b4ed_4606_9868_b3d996e8335a-13-f758dca8-0afd-4021-ba89-019439324706
2025-08-13 16:36:13,483 INFO  [org.apa.kaf.cli.con.int.ConsumerCoordinator] (Thread-700) [Consumer clientId=consumer-Consumer-topic-ed05d88b_b4ed_4606_9868_b3d996e8335a-13, groupId=Consumer-topic-ed05d88b_b4ed_4606_9868_b3d996e8335a] (Re-)joining group
2025-08-13 16:36:14,475 INFO  [io.api.tes.ser.api.KafkaSerdesTester] (Thread-700) None found
2025-08-13 16:36:15,475 INFO  [io.api.tes.ser.api.KafkaSerdesTester] (Thread-700) None found
2025-08-13 16:36:16,476 INFO  [io.api.tes.ser.api.KafkaSerdesTester] (Thread-700) None found
2025-08-13 16:36:16,485 INFO  [org.apa.kaf.cli.con.int.ConsumerCoordinator] (Thread-700) [Consumer clientId=consumer-Consumer-topic-ed05d88b_b4ed_4606_9868_b3d996e8335a-13, groupId=Consumer-topic-ed05d88b_b4ed_4606_9868_b3d996e8335a] Successfully joined group with generation Generation{generationId=1, memberId='consumer-Consumer-topic-ed05d88b_b4ed_4606_9868_b3d996e8335a-13-f758dca8-0afd-4021-ba89-019439324706', protocol='range'}
2025-08-13 16:36:16,485 INFO  [org.apa.kaf.cli.con.int.ConsumerCoordinator] (Thread-700) [Consumer clientId=consumer-Consumer-topic-ed05d88b_b4ed_4606_9868_b3d996e8335a-13, groupId=Consumer-topic-ed05d88b_b4ed_4606_9868_b3d996e8335a] Finished assignment for group at generation 1: {consumer-Consumer-topic-ed05d88b_b4ed_4606_9868_b3d996e8335a-13-f758dca8-0afd-4021-ba89-019439324706=Assignment(partitions=[topic-ed05d88b_b4ed_4606_9868_b3d996e8335a-0])}
2025-08-13 16:36:16,493 INFO  [org.apa.kaf.cli.con.int.ConsumerCoordinator] (Thread-700) [Consumer clientId=consumer-Consumer-topic-ed05d88b_b4ed_4606_9868_b3d996e8335a-13, groupId=Consumer-topic-ed05d88b_b4ed_4606_9868_b3d996e8335a] Successfully synced group in generation Generation{generationId=1, memberId='consumer-Consumer-topic-ed05d88b_b4ed_4606_9868_b3d996e8335a-13-f758dca8-0afd-4021-ba89-019439324706', protocol='range'}
2025-08-13 16:36:16,493 INFO  [org.apa.kaf.cli.con.int.ConsumerCoordinator] (Thread-700) [Consumer clientId=consumer-Consumer-topic-ed05d88b_b4ed_4606_9868_b3d996e8335a-13, groupId=Consumer-topic-ed05d88b_b4ed_4606_9868_b3d996e8335a] Notifying assignor about the new Assignment(partitions=[topic-ed05d88b_b4ed_4606_9868_b3d996e8335a-0])
2025-08-13 16:36:16,493 INFO  [org.apa.kaf.cli.con.int.ConsumerRebalanceListenerInvoker] (Thread-700) [Consumer clientId=consumer-Consumer-topic-ed05d88b_b4ed_4606_9868_b3d996e8335a-13, groupId=Consumer-topic-ed05d88b_b4ed_4606_9868_b3d996e8335a] Adding newly assigned partitions: topic-ed05d88b_b4ed_4606_9868_b3d996e8335a-0
2025-08-13 16:36:16,494 INFO  [org.apa.kaf.cli.con.int.ConsumerCoordinator] (Thread-700) [Consumer clientId=consumer-Consumer-topic-ed05d88b_b4ed_4606_9868_b3d996e8335a-13, groupId=Consumer-topic-ed05d88b_b4ed_4606_9868_b3d996e8335a] Found no committed offset for partition topic-ed05d88b_b4ed_4606_9868_b3d996e8335a-0
2025-08-13 16:36:16,496 INFO  [org.apa.kaf.cli.con.int.SubscriptionState] (Thread-700) [Consumer clientId=consumer-Consumer-topic-ed05d88b_b4ed_4606_9868_b3d996e8335a-13, groupId=Consumer-topic-ed05d88b_b4ed_4606_9868_b3d996e8335a] Resetting offset for partition topic-ed05d88b_b4ed_4606_9868_b3d996e8335a-0 to position FetchPosition{offset=0, offsetEpoch=Optional.empty, currentLeader=LeaderAndEpoch{leader=Optional[localhost:32769 (id: 0 rack: null)], epoch=0}}.
2025-08-13 16:36:16,535 INFO  [io.api.tes.ser.api.KafkaSerdesTester] (Thread-700) topic-ed05d88b_b4ed_4606_9868_b3d996e8335a 0 0 {"key11755102972354": "value-0"}
2025-08-13 16:36:16,535 INFO  [io.api.tes.ser.api.KafkaSerdesTester] (Thread-700) topic-ed05d88b_b4ed_4606_9868_b3d996e8335a 0 1 {"key11755102972354": "value-1"}
2025-08-13 16:36:16,535 INFO  [io.api.tes.ser.api.KafkaSerdesTester] (Thread-700) topic-ed05d88b_b4ed_4606_9868_b3d996e8335a 0 2 {"key11755102972354": "value-2"}
2025-08-13 16:36:16,535 INFO  [io.api.tes.ser.api.KafkaSerdesTester] (Thread-700) topic-ed05d88b_b4ed_4606_9868_b3d996e8335a 0 3 {"key11755102972354": "value-3"}
2025-08-13 16:36:16,535 INFO  [io.api.tes.ser.api.KafkaSerdesTester] (Thread-700) topic-ed05d88b_b4ed_4606_9868_b3d996e8335a 0 4 {"key11755102972354": "value-4"}
2025-08-13 16:36:16,535 INFO  [io.api.tes.ser.api.KafkaSerdesTester] (Thread-700) topic-ed05d88b_b4ed_4606_9868_b3d996e8335a 0 5 {"key11755102972354": "value-5"}
2025-08-13 16:36:16,535 INFO  [io.api.tes.ser.api.KafkaSerdesTester] (Thread-700) topic-ed05d88b_b4ed_4606_9868_b3d996e8335a 0 6 {"key11755102972354": "value-6"}
2025-08-13 16:36:16,535 INFO  [io.api.tes.ser.api.KafkaSerdesTester] (Thread-700) topic-ed05d88b_b4ed_4606_9868_b3d996e8335a 0 7 {"key11755102972354": "value-7"}
2025-08-13 16:36:16,535 INFO  [io.api.tes.ser.api.KafkaSerdesTester] (Thread-700) topic-ed05d88b_b4ed_4606_9868_b3d996e8335a 0 8 {"key11755102972354": "value-8"}
2025-08-13 16:36:16,535 INFO  [io.api.tes.ser.api.KafkaSerdesTester] (Thread-700) topic-ed05d88b_b4ed_4606_9868_b3d996e8335a 0 9 {"key11755102972354": "value-9"}
2025-08-13 16:36:16,535 INFO  [io.api.tes.ser.api.KafkaSerdesTester] (Thread-700) Consumed 10 messages
2025-08-13 16:36:16,542 INFO  [org.apa.kaf.cli.con.int.ConsumerRebalanceListenerInvoker] (Thread-700) [Consumer clientId=consumer-Consumer-topic-ed05d88b_b4ed_4606_9868_b3d996e8335a-13, groupId=Consumer-topic-ed05d88b_b4ed_4606_9868_b3d996e8335a] Revoke previously assigned partitions topic-ed05d88b_b4ed_4606_9868_b3d996e8335a-0
2025-08-13 16:36:16,543 INFO  [org.apa.kaf.cli.con.int.ConsumerCoordinator] (Thread-700) [Consumer clientId=consumer-Consumer-topic-ed05d88b_b4ed_4606_9868_b3d996e8335a-13, groupId=Consumer-topic-ed05d88b_b4ed_4606_9868_b3d996e8335a] Member consumer-Consumer-topic-ed05d88b_b4ed_4606_9868_b3d996e8335a-13-f758dca8-0afd-4021-ba89-019439324706 sending LeaveGroup request to coordinator localhost:32769 (id: 2147483647 rack: null) due to the consumer is being closed
2025-08-13 16:36:16,543 INFO  [org.apa.kaf.cli.con.int.ConsumerCoordinator] (Thread-700) [Consumer clientId=consumer-Consumer-topic-ed05d88b_b4ed_4606_9868_b3d996e8335a-13, groupId=Consumer-topic-ed05d88b_b4ed_4606_9868_b3d996e8335a] Resetting generation and member id due to: consumer pro-actively leaving the group
2025-08-13 16:36:16,543 INFO  [org.apa.kaf.cli.con.int.ConsumerCoordinator] (Thread-700) [Consumer clientId=consumer-Consumer-topic-ed05d88b_b4ed_4606_9868_b3d996e8335a-13, groupId=Consumer-topic-ed05d88b_b4ed_4606_9868_b3d996e8335a] Request joining group due to: consumer pro-actively leaving the group
2025-08-13 16:36:17,037 INFO  [org.apa.kaf.com.met.Metrics] (Thread-700) Metrics scheduler closed
2025-08-13 16:36:17,037 INFO  [org.apa.kaf.com.met.Metrics] (Thread-700) Closing reporter org.apache.kafka.common.metrics.JmxReporter
2025-08-13 16:36:17,037 INFO  [org.apa.kaf.com.met.Metrics] (Thread-700) Closing reporter org.apache.kafka.common.telemetry.internals.ClientTelemetryReporter
2025-08-13 16:36:17,037 INFO  [org.apa.kaf.com.met.Metrics] (Thread-700) Metrics reporters closed
2025-08-13 16:36:17,039 INFO  [org.apa.kaf.com.uti.AppInfoParser] (Thread-700) App info kafka.consumer for consumer-Consumer-topic-ed05d88b_b4ed_4606_9868_b3d996e8335a-13 unregistered
2025-08-13 16:36:17,040 INFO  [io.api.tes.uti.TestSeparator] (main) io.apicurio.tests.serdes.apicurio.AvroSerdeIT.testTopicRecordIdStrategydFindLatest-FINISHED
2025-08-13 16:36:17,040 INFO  [io.api.tes.uti.TestSeparator] (main) ############################################################################
Test passed: testTopicRecordIdStrategydFindLatest
]]></system-out>
  </testcase>
  <testcase name="testAvroConfluentForMultipleTopics" classname="io.apicurio.tests.serdes.apicurio.AvroSerdeIT" time="11.975">
    <system-out><![CDATA[2025-08-13 16:36:17,041 INFO  [io.api.tes.uti.TestSeparator] (main) ############################################################################
2025-08-13 16:36:17,041 INFO  [io.api.tes.uti.TestSeparator] (main) io.apicurio.tests.serdes.apicurio.AvroSerdeIT.testAvroConfluentForMultipleTopics-STARTED
2025-08-13 16:36:17,042 INFO  [io.api.tes.ser.api.AvroSerdeIT] (main) Registering Avro Schema: {"type":"record","name":"myrecordconfluent","fields":[{"name":"key11755102977042","type":"string"}]}
**** Registry Base URL: http://registry-app-inmemory.apps.ci419.apicurio-testing.org:80
2025-08-13 16:36:18,071 INFO  [org.apa.kaf.cli.pro.ProducerConfig] (main) ProducerConfig values: 
	acks = -1
	auto.include.jmx.reporter = true
	batch.size = 16384
	bootstrap.servers = [PLAINTEXT://localhost:32769]
	buffer.memory = 33554432
	client.dns.lookup = use_all_dns_ips
	client.id = Producer-topic-33314056_5dd0_4564_8b4c_2f07cd50dd7a
	compression.gzip.level = -1
	compression.lz4.level = 9
	compression.type = none
	compression.zstd.level = 3
	connections.max.idle.ms = 10000
	delivery.timeout.ms = 120000
	enable.idempotence = true
	enable.metrics.push = true
	interceptor.classes = []
	key.serializer = class org.apache.kafka.common.serialization.StringSerializer
	linger.ms = 0
	max.block.ms = 60000
	max.in.flight.requests.per.connection = 5
	max.request.size = 1048576
	metadata.max.age.ms = 300000
	metadata.max.idle.ms = 300000
	metadata.recovery.strategy = none
	metric.reporters = []
	metrics.num.samples = 2
	metrics.recording.level = INFO
	metrics.sample.window.ms = 30000
	partitioner.adaptive.partitioning.enable = true
	partitioner.availability.timeout.ms = 0
	partitioner.class = null
	partitioner.ignore.keys = false
	receive.buffer.bytes = 32768
	reconnect.backoff.max.ms = 1000
	reconnect.backoff.ms = 50
	request.timeout.ms = 5000
	retries = 2147483647
	retry.backoff.max.ms = 1000
	retry.backoff.ms = 100
	sasl.client.callback.handler.class = null
	sasl.jaas.config = null
	sasl.kerberos.kinit.cmd = /usr/bin/kinit
	sasl.kerberos.min.time.before.relogin = 60000
	sasl.kerberos.service.name = null
	sasl.kerberos.ticket.renew.jitter = 0.05
	sasl.kerberos.ticket.renew.window.factor = 0.8
	sasl.login.callback.handler.class = null
	sasl.login.class = null
	sasl.login.connect.timeout.ms = null
	sasl.login.read.timeout.ms = null
	sasl.login.refresh.buffer.seconds = 300
	sasl.login.refresh.min.period.seconds = 60
	sasl.login.refresh.window.factor = 0.8
	sasl.login.refresh.window.jitter = 0.05
	sasl.login.retry.backoff.max.ms = 10000
	sasl.login.retry.backoff.ms = 100
	sasl.mechanism = GSSAPI
	sasl.oauthbearer.clock.skew.seconds = 30
	sasl.oauthbearer.expected.audience = null
	sasl.oauthbearer.expected.issuer = null
	sasl.oauthbearer.header.urlencode = false
	sasl.oauthbearer.jwks.endpoint.refresh.ms = 3600000
	sasl.oauthbearer.jwks.endpoint.retry.backoff.max.ms = 10000
	sasl.oauthbearer.jwks.endpoint.retry.backoff.ms = 100
	sasl.oauthbearer.jwks.endpoint.url = null
	sasl.oauthbearer.scope.claim.name = scope
	sasl.oauthbearer.sub.claim.name = sub
	sasl.oauthbearer.token.endpoint.url = null
	security.protocol = PLAINTEXT
	security.providers = null
	send.buffer.bytes = 131072
	socket.connection.setup.timeout.max.ms = 30000
	socket.connection.setup.timeout.ms = 10000
	ssl.cipher.suites = null
	ssl.enabled.protocols = [TLSv1.2, TLSv1.3]
	ssl.endpoint.identification.algorithm = https
	ssl.engine.factory.class = null
	ssl.key.password = null
	ssl.keymanager.algorithm = SunX509
	ssl.keystore.certificate.chain = null
	ssl.keystore.key = null
	ssl.keystore.location = null
	ssl.keystore.password = null
	ssl.keystore.type = JKS
	ssl.protocol = TLSv1.3
	ssl.provider = null
	ssl.secure.random.implementation = null
	ssl.trustmanager.algorithm = PKIX
	ssl.truststore.certificates = null
	ssl.truststore.location = null
	ssl.truststore.password = null
	ssl.truststore.type = JKS
	transaction.timeout.ms = 60000
	transactional.id = null
	value.serializer = class io.apicurio.registry.serde.avro.AvroKafkaSerializer

2025-08-13 16:36:18,072 INFO  [org.apa.kaf.com.tel.int.KafkaMetricsCollector] (main) initializing Kafka metrics collector
2025-08-13 16:36:18,074 INFO  [org.apa.kaf.cli.pro.KafkaProducer] (main) [Producer clientId=Producer-topic-33314056_5dd0_4564_8b4c_2f07cd50dd7a] Instantiated an idempotent producer.
2025-08-13 16:36:18,077 INFO  [org.apa.kaf.cli.pro.ProducerConfig] (main) These configurations '[apicurio.registry.url, apicurio.registry.artifact-resolver-strategy]' were supplied but are not used yet.
2025-08-13 16:36:18,077 INFO  [org.apa.kaf.com.uti.AppInfoParser] (main) Kafka version: 3.9.1
2025-08-13 16:36:18,077 INFO  [org.apa.kaf.com.uti.AppInfoParser] (main) Kafka commitId: f745dfdcee2b9851
2025-08-13 16:36:18,077 INFO  [org.apa.kaf.com.uti.AppInfoParser] (main) Kafka startTimeMs: 1755102978077
**** Registry Base URL: http://registry-app-inmemory.apps.ci419.apicurio-testing.org:80
2025-08-13 16:36:18,080 INFO  [org.apa.kaf.cli.pro.ProducerConfig] (main) ProducerConfig values: 
	acks = -1
	auto.include.jmx.reporter = true
	batch.size = 16384
	bootstrap.servers = [PLAINTEXT://localhost:32769]
	buffer.memory = 33554432
	client.dns.lookup = use_all_dns_ips
	client.id = Producer-topic-ed7d152d_ae16_4005_ab55_31144457ea1d
	compression.gzip.level = -1
	compression.lz4.level = 9
	compression.type = none
	compression.zstd.level = 3
	connections.max.idle.ms = 10000
	delivery.timeout.ms = 120000
	enable.idempotence = true
	enable.metrics.push = true
	interceptor.classes = []
	key.serializer = class org.apache.kafka.common.serialization.StringSerializer
	linger.ms = 0
	max.block.ms = 60000
	max.in.flight.requests.per.connection = 5
	max.request.size = 1048576
	metadata.max.age.ms = 300000
	metadata.max.idle.ms = 300000
	metadata.recovery.strategy = none
	metric.reporters = []
	metrics.num.samples = 2
	metrics.recording.level = INFO
	metrics.sample.window.ms = 30000
	partitioner.adaptive.partitioning.enable = true
	partitioner.availability.timeout.ms = 0
	partitioner.class = null
	partitioner.ignore.keys = false
	receive.buffer.bytes = 32768
	reconnect.backoff.max.ms = 1000
	reconnect.backoff.ms = 50
	request.timeout.ms = 5000
	retries = 2147483647
	retry.backoff.max.ms = 1000
	retry.backoff.ms = 100
	sasl.client.callback.handler.class = null
	sasl.jaas.config = null
	sasl.kerberos.kinit.cmd = /usr/bin/kinit
	sasl.kerberos.min.time.before.relogin = 60000
	sasl.kerberos.service.name = null
	sasl.kerberos.ticket.renew.jitter = 0.05
	sasl.kerberos.ticket.renew.window.factor = 0.8
	sasl.login.callback.handler.class = null
	sasl.login.class = null
	sasl.login.connect.timeout.ms = null
	sasl.login.read.timeout.ms = null
	sasl.login.refresh.buffer.seconds = 300
	sasl.login.refresh.min.period.seconds = 60
	sasl.login.refresh.window.factor = 0.8
	sasl.login.refresh.window.jitter = 0.05
	sasl.login.retry.backoff.max.ms = 10000
	sasl.login.retry.backoff.ms = 100
	sasl.mechanism = GSSAPI
	sasl.oauthbearer.clock.skew.seconds = 30
	sasl.oauthbearer.expected.audience = null
	sasl.oauthbearer.expected.issuer = null
	sasl.oauthbearer.header.urlencode = false
	sasl.oauthbearer.jwks.endpoint.refresh.ms = 3600000
	sasl.oauthbearer.jwks.endpoint.retry.backoff.max.ms = 10000
	sasl.oauthbearer.jwks.endpoint.retry.backoff.ms = 100
	sasl.oauthbearer.jwks.endpoint.url = null
	sasl.oauthbearer.scope.claim.name = scope
	sasl.oauthbearer.sub.claim.name = sub
	sasl.oauthbearer.token.endpoint.url = null
	security.protocol = PLAINTEXT
	security.providers = null
	send.buffer.bytes = 131072
	socket.connection.setup.timeout.max.ms = 30000
	socket.connection.setup.timeout.ms = 10000
	ssl.cipher.suites = null
	ssl.enabled.protocols = [TLSv1.2, TLSv1.3]
	ssl.endpoint.identification.algorithm = https
	ssl.engine.factory.class = null
	ssl.key.password = null
	ssl.keymanager.algorithm = SunX509
	ssl.keystore.certificate.chain = null
	ssl.keystore.key = null
	ssl.keystore.location = null
	ssl.keystore.password = null
	ssl.keystore.type = JKS
	ssl.protocol = TLSv1.3
	ssl.provider = null
	ssl.secure.random.implementation = null
	ssl.trustmanager.algorithm = PKIX
	ssl.truststore.certificates = null
	ssl.truststore.location = null
	ssl.truststore.password = null
	ssl.truststore.type = JKS
	transaction.timeout.ms = 60000
	transactional.id = null
	value.serializer = class io.apicurio.registry.serde.avro.AvroKafkaSerializer

2025-08-13 16:36:18,080 INFO  [org.apa.kaf.com.tel.int.KafkaMetricsCollector] (main) initializing Kafka metrics collector
2025-08-13 16:36:18,084 INFO  [org.apa.kaf.cli.Metadata] (kafka-producer-network-thread | Producer-topic-33314056_5dd0_4564_8b4c_2f07cd50dd7a) [Producer clientId=Producer-topic-33314056_5dd0_4564_8b4c_2f07cd50dd7a] Cluster ID: Ytz5hAjST9OxAjCVQ_7B1Q
2025-08-13 16:36:18,086 INFO  [org.apa.kaf.cli.pro.int.TransactionManager] (kafka-producer-network-thread | Producer-topic-33314056_5dd0_4564_8b4c_2f07cd50dd7a) [Producer clientId=Producer-topic-33314056_5dd0_4564_8b4c_2f07cd50dd7a] ProducerId set to 19 with epoch 0
2025-08-13 16:36:18,087 INFO  [org.apa.kaf.cli.pro.KafkaProducer] (main) [Producer clientId=Producer-topic-ed7d152d_ae16_4005_ab55_31144457ea1d] Instantiated an idempotent producer.
2025-08-13 16:36:18,089 INFO  [org.apa.kaf.cli.pro.ProducerConfig] (main) These configurations '[apicurio.registry.url, apicurio.registry.artifact-resolver-strategy]' were supplied but are not used yet.
2025-08-13 16:36:18,089 INFO  [org.apa.kaf.com.uti.AppInfoParser] (main) Kafka version: 3.9.1
2025-08-13 16:36:18,089 INFO  [org.apa.kaf.com.uti.AppInfoParser] (main) Kafka commitId: f745dfdcee2b9851
2025-08-13 16:36:18,089 INFO  [org.apa.kaf.com.uti.AppInfoParser] (main) Kafka startTimeMs: 1755102978089
**** Registry Base URL: http://registry-app-inmemory.apps.ci419.apicurio-testing.org:80
2025-08-13 16:36:18,090 INFO  [org.apa.kaf.cli.pro.ProducerConfig] (main) ProducerConfig values: 
	acks = -1
	auto.include.jmx.reporter = true
	batch.size = 16384
	bootstrap.servers = [PLAINTEXT://localhost:32769]
	buffer.memory = 33554432
	client.dns.lookup = use_all_dns_ips
	client.id = Producer-topic-25e6bb20_b84a_4112_af19_5fac1ea168f2
	compression.gzip.level = -1
	compression.lz4.level = 9
	compression.type = none
	compression.zstd.level = 3
	connections.max.idle.ms = 10000
	delivery.timeout.ms = 120000
	enable.idempotence = true
	enable.metrics.push = true
	interceptor.classes = []
	key.serializer = class org.apache.kafka.common.serialization.StringSerializer
	linger.ms = 0
	max.block.ms = 60000
	max.in.flight.requests.per.connection = 5
	max.request.size = 1048576
	metadata.max.age.ms = 300000
	metadata.max.idle.ms = 300000
	metadata.recovery.strategy = none
	metric.reporters = []
	metrics.num.samples = 2
	metrics.recording.level = INFO
	metrics.sample.window.ms = 30000
	partitioner.adaptive.partitioning.enable = true
	partitioner.availability.timeout.ms = 0
	partitioner.class = null
	partitioner.ignore.keys = false
	receive.buffer.bytes = 32768
	reconnect.backoff.max.ms = 1000
	reconnect.backoff.ms = 50
	request.timeout.ms = 5000
	retries = 2147483647
	retry.backoff.max.ms = 1000
	retry.backoff.ms = 100
	sasl.client.callback.handler.class = null
	sasl.jaas.config = null
	sasl.kerberos.kinit.cmd = /usr/bin/kinit
	sasl.kerberos.min.time.before.relogin = 60000
	sasl.kerberos.service.name = null
	sasl.kerberos.ticket.renew.jitter = 0.05
	sasl.kerberos.ticket.renew.window.factor = 0.8
	sasl.login.callback.handler.class = null
	sasl.login.class = null
	sasl.login.connect.timeout.ms = null
	sasl.login.read.timeout.ms = null
	sasl.login.refresh.buffer.seconds = 300
	sasl.login.refresh.min.period.seconds = 60
	sasl.login.refresh.window.factor = 0.8
	sasl.login.refresh.window.jitter = 0.05
	sasl.login.retry.backoff.max.ms = 10000
	sasl.login.retry.backoff.ms = 100
	sasl.mechanism = GSSAPI
	sasl.oauthbearer.clock.skew.seconds = 30
	sasl.oauthbearer.expected.audience = null
	sasl.oauthbearer.expected.issuer = null
	sasl.oauthbearer.header.urlencode = false
	sasl.oauthbearer.jwks.endpoint.refresh.ms = 3600000
	sasl.oauthbearer.jwks.endpoint.retry.backoff.max.ms = 10000
	sasl.oauthbearer.jwks.endpoint.retry.backoff.ms = 100
	sasl.oauthbearer.jwks.endpoint.url = null
	sasl.oauthbearer.scope.claim.name = scope
	sasl.oauthbearer.sub.claim.name = sub
	sasl.oauthbearer.token.endpoint.url = null
	security.protocol = PLAINTEXT
	security.providers = null
	send.buffer.bytes = 131072
	socket.connection.setup.timeout.max.ms = 30000
	socket.connection.setup.timeout.ms = 10000
	ssl.cipher.suites = null
	ssl.enabled.protocols = [TLSv1.2, TLSv1.3]
	ssl.endpoint.identification.algorithm = https
	ssl.engine.factory.class = null
	ssl.key.password = null
	ssl.keymanager.algorithm = SunX509
	ssl.keystore.certificate.chain = null
	ssl.keystore.key = null
	ssl.keystore.location = null
	ssl.keystore.password = null
	ssl.keystore.type = JKS
	ssl.protocol = TLSv1.3
	ssl.provider = null
	ssl.secure.random.implementation = null
	ssl.trustmanager.algorithm = PKIX
	ssl.truststore.certificates = null
	ssl.truststore.location = null
	ssl.truststore.password = null
	ssl.truststore.type = JKS
	transaction.timeout.ms = 60000
	transactional.id = null
	value.serializer = class io.apicurio.registry.serde.avro.AvroKafkaSerializer

2025-08-13 16:36:18,090 INFO  [org.apa.kaf.com.tel.int.KafkaMetricsCollector] (main) initializing Kafka metrics collector
2025-08-13 16:36:18,095 INFO  [org.apa.kaf.cli.Metadata] (kafka-producer-network-thread | Producer-topic-ed7d152d_ae16_4005_ab55_31144457ea1d) [Producer clientId=Producer-topic-ed7d152d_ae16_4005_ab55_31144457ea1d] Cluster ID: Ytz5hAjST9OxAjCVQ_7B1Q
2025-08-13 16:36:18,095 INFO  [org.apa.kaf.cli.pro.int.TransactionManager] (kafka-producer-network-thread | Producer-topic-ed7d152d_ae16_4005_ab55_31144457ea1d) [Producer clientId=Producer-topic-ed7d152d_ae16_4005_ab55_31144457ea1d] ProducerId set to 20 with epoch 0
2025-08-13 16:36:18,102 INFO  [org.apa.kaf.cli.pro.KafkaProducer] (main) [Producer clientId=Producer-topic-25e6bb20_b84a_4112_af19_5fac1ea168f2] Instantiated an idempotent producer.
2025-08-13 16:36:18,105 INFO  [org.apa.kaf.cli.pro.ProducerConfig] (main) These configurations '[apicurio.registry.url, apicurio.registry.artifact-resolver-strategy]' were supplied but are not used yet.
2025-08-13 16:36:18,105 INFO  [org.apa.kaf.com.uti.AppInfoParser] (main) Kafka version: 3.9.1
2025-08-13 16:36:18,105 INFO  [org.apa.kaf.com.uti.AppInfoParser] (main) Kafka commitId: f745dfdcee2b9851
2025-08-13 16:36:18,105 INFO  [org.apa.kaf.com.uti.AppInfoParser] (main) Kafka startTimeMs: 1755102978105
**** Registry Base URL: http://registry-app-inmemory.apps.ci419.apicurio-testing.org:80
2025-08-13 16:36:18,106 INFO  [org.apa.kaf.cli.con.ConsumerConfig] (main) ConsumerConfig values: 
	allow.auto.create.topics = true
	auto.commit.interval.ms = 500
	auto.include.jmx.reporter = true
	auto.offset.reset = earliest
	bootstrap.servers = [PLAINTEXT://localhost:32769]
	check.crcs = true
	client.dns.lookup = use_all_dns_ips
	client.id = consumer-Consumer-topic-33314056_5dd0_4564_8b4c_2f07cd50dd7a-14
	client.rack = 
	connections.max.idle.ms = 10000
	default.api.timeout.ms = 60000
	enable.auto.commit = true
	enable.metrics.push = true
	exclude.internal.topics = true
	fetch.max.bytes = 52428800
	fetch.max.wait.ms = 500
	fetch.min.bytes = 1
	group.id = Consumer-topic-33314056_5dd0_4564_8b4c_2f07cd50dd7a
	group.instance.id = null
	group.protocol = classic
	group.remote.assignor = null
	heartbeat.interval.ms = 3000
	interceptor.classes = []
	internal.leave.group.on.close = true
	internal.throw.on.fetch.stable.offset.unsupported = false
	isolation.level = read_uncommitted
	key.deserializer = class org.apache.kafka.common.serialization.StringDeserializer
	max.partition.fetch.bytes = 1048576
	max.poll.interval.ms = 300000
	max.poll.records = 500
	metadata.max.age.ms = 300000
	metadata.recovery.strategy = none
	metric.reporters = []
	metrics.num.samples = 2
	metrics.recording.level = INFO
	metrics.sample.window.ms = 30000
	partition.assignment.strategy = [class org.apache.kafka.clients.consumer.RangeAssignor, class org.apache.kafka.clients.consumer.CooperativeStickyAssignor]
	receive.buffer.bytes = 65536
	reconnect.backoff.max.ms = 1000
	reconnect.backoff.ms = 50
	request.timeout.ms = 5000
	retry.backoff.max.ms = 1000
	retry.backoff.ms = 100
	sasl.client.callback.handler.class = null
	sasl.jaas.config = null
	sasl.kerberos.kinit.cmd = /usr/bin/kinit
	sasl.kerberos.min.time.before.relogin = 60000
	sasl.kerberos.service.name = null
	sasl.kerberos.ticket.renew.jitter = 0.05
	sasl.kerberos.ticket.renew.window.factor = 0.8
	sasl.login.callback.handler.class = null
	sasl.login.class = null
	sasl.login.connect.timeout.ms = null
	sasl.login.read.timeout.ms = null
	sasl.login.refresh.buffer.seconds = 300
	sasl.login.refresh.min.period.seconds = 60
	sasl.login.refresh.window.factor = 0.8
	sasl.login.refresh.window.jitter = 0.05
	sasl.login.retry.backoff.max.ms = 10000
	sasl.login.retry.backoff.ms = 100
	sasl.mechanism = GSSAPI
	sasl.oauthbearer.clock.skew.seconds = 30
	sasl.oauthbearer.expected.audience = null
	sasl.oauthbearer.expected.issuer = null
	sasl.oauthbearer.header.urlencode = false
	sasl.oauthbearer.jwks.endpoint.refresh.ms = 3600000
	sasl.oauthbearer.jwks.endpoint.retry.backoff.max.ms = 10000
	sasl.oauthbearer.jwks.endpoint.retry.backoff.ms = 100
	sasl.oauthbearer.jwks.endpoint.url = null
	sasl.oauthbearer.scope.claim.name = scope
	sasl.oauthbearer.sub.claim.name = sub
	sasl.oauthbearer.token.endpoint.url = null
	security.protocol = PLAINTEXT
	security.providers = null
	send.buffer.bytes = 131072
	session.timeout.ms = 45000
	socket.connection.setup.timeout.max.ms = 30000
	socket.connection.setup.timeout.ms = 10000
	ssl.cipher.suites = null
	ssl.enabled.protocols = [TLSv1.2, TLSv1.3]
	ssl.endpoint.identification.algorithm = https
	ssl.engine.factory.class = null
	ssl.key.password = null
	ssl.keymanager.algorithm = SunX509
	ssl.keystore.certificate.chain = null
	ssl.keystore.key = null
	ssl.keystore.location = null
	ssl.keystore.password = null
	ssl.keystore.type = JKS
	ssl.protocol = TLSv1.3
	ssl.provider = null
	ssl.secure.random.implementation = null
	ssl.trustmanager.algorithm = PKIX
	ssl.truststore.certificates = null
	ssl.truststore.location = null
	ssl.truststore.password = null
	ssl.truststore.type = JKS
	value.deserializer = class io.apicurio.registry.serde.avro.AvroKafkaDeserializer

2025-08-13 16:36:18,106 INFO  [org.apa.kaf.com.tel.int.KafkaMetricsCollector] (main) initializing Kafka metrics collector
2025-08-13 16:36:18,111 INFO  [org.apa.kaf.cli.Metadata] (kafka-producer-network-thread | Producer-topic-25e6bb20_b84a_4112_af19_5fac1ea168f2) [Producer clientId=Producer-topic-25e6bb20_b84a_4112_af19_5fac1ea168f2] Cluster ID: Ytz5hAjST9OxAjCVQ_7B1Q
2025-08-13 16:36:18,111 INFO  [org.apa.kaf.cli.pro.int.TransactionManager] (kafka-producer-network-thread | Producer-topic-25e6bb20_b84a_4112_af19_5fac1ea168f2) [Producer clientId=Producer-topic-25e6bb20_b84a_4112_af19_5fac1ea168f2] ProducerId set to 21 with epoch 0
2025-08-13 16:36:18,116 INFO  [org.apa.kaf.cli.con.ConsumerConfig] (main) These configurations '[apicurio.registry.url]' were supplied but are not used yet.
2025-08-13 16:36:18,116 INFO  [org.apa.kaf.com.uti.AppInfoParser] (main) Kafka version: 3.9.1
2025-08-13 16:36:18,116 INFO  [org.apa.kaf.com.uti.AppInfoParser] (main) Kafka commitId: f745dfdcee2b9851
2025-08-13 16:36:18,116 INFO  [org.apa.kaf.com.uti.AppInfoParser] (main) Kafka startTimeMs: 1755102978116
**** Registry Base URL: http://registry-app-inmemory.apps.ci419.apicurio-testing.org:80
2025-08-13 16:36:18,116 INFO  [org.apa.kaf.cli.con.ConsumerConfig] (main) ConsumerConfig values: 
	allow.auto.create.topics = true
	auto.commit.interval.ms = 500
	auto.include.jmx.reporter = true
	auto.offset.reset = earliest
	bootstrap.servers = [PLAINTEXT://localhost:32769]
	check.crcs = true
	client.dns.lookup = use_all_dns_ips
	client.id = consumer-Consumer-topic-ed7d152d_ae16_4005_ab55_31144457ea1d-15
	client.rack = 
	connections.max.idle.ms = 10000
	default.api.timeout.ms = 60000
	enable.auto.commit = true
	enable.metrics.push = true
	exclude.internal.topics = true
	fetch.max.bytes = 52428800
	fetch.max.wait.ms = 500
	fetch.min.bytes = 1
	group.id = Consumer-topic-ed7d152d_ae16_4005_ab55_31144457ea1d
	group.instance.id = null
	group.protocol = classic
	group.remote.assignor = null
	heartbeat.interval.ms = 3000
	interceptor.classes = []
	internal.leave.group.on.close = true
	internal.throw.on.fetch.stable.offset.unsupported = false
	isolation.level = read_uncommitted
	key.deserializer = class org.apache.kafka.common.serialization.StringDeserializer
	max.partition.fetch.bytes = 1048576
	max.poll.interval.ms = 300000
	max.poll.records = 500
	metadata.max.age.ms = 300000
	metadata.recovery.strategy = none
	metric.reporters = []
	metrics.num.samples = 2
	metrics.recording.level = INFO
	metrics.sample.window.ms = 30000
	partition.assignment.strategy = [class org.apache.kafka.clients.consumer.RangeAssignor, class org.apache.kafka.clients.consumer.CooperativeStickyAssignor]
	receive.buffer.bytes = 65536
	reconnect.backoff.max.ms = 1000
	reconnect.backoff.ms = 50
	request.timeout.ms = 5000
	retry.backoff.max.ms = 1000
	retry.backoff.ms = 100
	sasl.client.callback.handler.class = null
	sasl.jaas.config = null
	sasl.kerberos.kinit.cmd = /usr/bin/kinit
	sasl.kerberos.min.time.before.relogin = 60000
	sasl.kerberos.service.name = null
	sasl.kerberos.ticket.renew.jitter = 0.05
	sasl.kerberos.ticket.renew.window.factor = 0.8
	sasl.login.callback.handler.class = null
	sasl.login.class = null
	sasl.login.connect.timeout.ms = null
	sasl.login.read.timeout.ms = null
	sasl.login.refresh.buffer.seconds = 300
	sasl.login.refresh.min.period.seconds = 60
	sasl.login.refresh.window.factor = 0.8
	sasl.login.refresh.window.jitter = 0.05
	sasl.login.retry.backoff.max.ms = 10000
	sasl.login.retry.backoff.ms = 100
	sasl.mechanism = GSSAPI
	sasl.oauthbearer.clock.skew.seconds = 30
	sasl.oauthbearer.expected.audience = null
	sasl.oauthbearer.expected.issuer = null
	sasl.oauthbearer.header.urlencode = false
	sasl.oauthbearer.jwks.endpoint.refresh.ms = 3600000
	sasl.oauthbearer.jwks.endpoint.retry.backoff.max.ms = 10000
	sasl.oauthbearer.jwks.endpoint.retry.backoff.ms = 100
	sasl.oauthbearer.jwks.endpoint.url = null
	sasl.oauthbearer.scope.claim.name = scope
	sasl.oauthbearer.sub.claim.name = sub
	sasl.oauthbearer.token.endpoint.url = null
	security.protocol = PLAINTEXT
	security.providers = null
	send.buffer.bytes = 131072
	session.timeout.ms = 45000
	socket.connection.setup.timeout.max.ms = 30000
	socket.connection.setup.timeout.ms = 10000
	ssl.cipher.suites = null
	ssl.enabled.protocols = [TLSv1.2, TLSv1.3]
	ssl.endpoint.identification.algorithm = https
	ssl.engine.factory.class = null
	ssl.key.password = null
	ssl.keymanager.algorithm = SunX509
	ssl.keystore.certificate.chain = null
	ssl.keystore.key = null
	ssl.keystore.location = null
	ssl.keystore.password = null
	ssl.keystore.type = JKS
	ssl.protocol = TLSv1.3
	ssl.provider = null
	ssl.secure.random.implementation = null
	ssl.trustmanager.algorithm = PKIX
	ssl.truststore.certificates = null
	ssl.truststore.location = null
	ssl.truststore.password = null
	ssl.truststore.type = JKS
	value.deserializer = class io.apicurio.registry.serde.avro.AvroKafkaDeserializer

2025-08-13 16:36:18,117 INFO  [org.apa.kaf.com.tel.int.KafkaMetricsCollector] (main) initializing Kafka metrics collector
2025-08-13 16:36:18,122 INFO  [org.apa.kaf.cli.con.ConsumerConfig] (main) These configurations '[apicurio.registry.url]' were supplied but are not used yet.
2025-08-13 16:36:18,123 INFO  [org.apa.kaf.com.uti.AppInfoParser] (main) Kafka version: 3.9.1
2025-08-13 16:36:18,123 INFO  [org.apa.kaf.com.uti.AppInfoParser] (main) Kafka commitId: f745dfdcee2b9851
2025-08-13 16:36:18,123 INFO  [org.apa.kaf.com.uti.AppInfoParser] (main) Kafka startTimeMs: 1755102978122
**** Registry Base URL: http://registry-app-inmemory.apps.ci419.apicurio-testing.org:80
2025-08-13 16:36:18,123 INFO  [org.apa.kaf.cli.con.ConsumerConfig] (main) ConsumerConfig values: 
	allow.auto.create.topics = true
	auto.commit.interval.ms = 500
	auto.include.jmx.reporter = true
	auto.offset.reset = earliest
	bootstrap.servers = [PLAINTEXT://localhost:32769]
	check.crcs = true
	client.dns.lookup = use_all_dns_ips
	client.id = consumer-Consumer-topic-25e6bb20_b84a_4112_af19_5fac1ea168f2-16
	client.rack = 
	connections.max.idle.ms = 10000
	default.api.timeout.ms = 60000
	enable.auto.commit = true
	enable.metrics.push = true
	exclude.internal.topics = true
	fetch.max.bytes = 52428800
	fetch.max.wait.ms = 500
	fetch.min.bytes = 1
	group.id = Consumer-topic-25e6bb20_b84a_4112_af19_5fac1ea168f2
	group.instance.id = null
	group.protocol = classic
	group.remote.assignor = null
	heartbeat.interval.ms = 3000
	interceptor.classes = []
	internal.leave.group.on.close = true
	internal.throw.on.fetch.stable.offset.unsupported = false
	isolation.level = read_uncommitted
	key.deserializer = class org.apache.kafka.common.serialization.StringDeserializer
	max.partition.fetch.bytes = 1048576
	max.poll.interval.ms = 300000
	max.poll.records = 500
	metadata.max.age.ms = 300000
	metadata.recovery.strategy = none
	metric.reporters = []
	metrics.num.samples = 2
	metrics.recording.level = INFO
	metrics.sample.window.ms = 30000
	partition.assignment.strategy = [class org.apache.kafka.clients.consumer.RangeAssignor, class org.apache.kafka.clients.consumer.CooperativeStickyAssignor]
	receive.buffer.bytes = 65536
	reconnect.backoff.max.ms = 1000
	reconnect.backoff.ms = 50
	request.timeout.ms = 5000
	retry.backoff.max.ms = 1000
	retry.backoff.ms = 100
	sasl.client.callback.handler.class = null
	sasl.jaas.config = null
	sasl.kerberos.kinit.cmd = /usr/bin/kinit
	sasl.kerberos.min.time.before.relogin = 60000
	sasl.kerberos.service.name = null
	sasl.kerberos.ticket.renew.jitter = 0.05
	sasl.kerberos.ticket.renew.window.factor = 0.8
	sasl.login.callback.handler.class = null
	sasl.login.class = null
	sasl.login.connect.timeout.ms = null
	sasl.login.read.timeout.ms = null
	sasl.login.refresh.buffer.seconds = 300
	sasl.login.refresh.min.period.seconds = 60
	sasl.login.refresh.window.factor = 0.8
	sasl.login.refresh.window.jitter = 0.05
	sasl.login.retry.backoff.max.ms = 10000
	sasl.login.retry.backoff.ms = 100
	sasl.mechanism = GSSAPI
	sasl.oauthbearer.clock.skew.seconds = 30
	sasl.oauthbearer.expected.audience = null
	sasl.oauthbearer.expected.issuer = null
	sasl.oauthbearer.header.urlencode = false
	sasl.oauthbearer.jwks.endpoint.refresh.ms = 3600000
	sasl.oauthbearer.jwks.endpoint.retry.backoff.max.ms = 10000
	sasl.oauthbearer.jwks.endpoint.retry.backoff.ms = 100
	sasl.oauthbearer.jwks.endpoint.url = null
	sasl.oauthbearer.scope.claim.name = scope
	sasl.oauthbearer.sub.claim.name = sub
	sasl.oauthbearer.token.endpoint.url = null
	security.protocol = PLAINTEXT
	security.providers = null
	send.buffer.bytes = 131072
	session.timeout.ms = 45000
	socket.connection.setup.timeout.max.ms = 30000
	socket.connection.setup.timeout.ms = 10000
	ssl.cipher.suites = null
	ssl.enabled.protocols = [TLSv1.2, TLSv1.3]
	ssl.endpoint.identification.algorithm = https
	ssl.engine.factory.class = null
	ssl.key.password = null
	ssl.keymanager.algorithm = SunX509
	ssl.keystore.certificate.chain = null
	ssl.keystore.key = null
	ssl.keystore.location = null
	ssl.keystore.password = null
	ssl.keystore.type = JKS
	ssl.protocol = TLSv1.3
	ssl.provider = null
	ssl.secure.random.implementation = null
	ssl.trustmanager.algorithm = PKIX
	ssl.truststore.certificates = null
	ssl.truststore.location = null
	ssl.truststore.password = null
	ssl.truststore.type = JKS
	value.deserializer = class io.apicurio.registry.serde.avro.AvroKafkaDeserializer

2025-08-13 16:36:18,123 INFO  [org.apa.kaf.com.tel.int.KafkaMetricsCollector] (main) initializing Kafka metrics collector
2025-08-13 16:36:18,129 INFO  [org.apa.kaf.cli.con.ConsumerConfig] (main) These configurations '[apicurio.registry.url]' were supplied but are not used yet.
2025-08-13 16:36:18,129 INFO  [org.apa.kaf.com.uti.AppInfoParser] (main) Kafka version: 3.9.1
2025-08-13 16:36:18,129 INFO  [org.apa.kaf.com.uti.AppInfoParser] (main) Kafka commitId: f745dfdcee2b9851
2025-08-13 16:36:18,129 INFO  [org.apa.kaf.com.uti.AppInfoParser] (main) Kafka startTimeMs: 1755102978129
2025-08-13 16:36:18,130 INFO  [io.api.tes.ser.api.KafkaSerdesTester] (Thread-713) Sending message {"key11755102977042": "value-0"} to topic topic-33314056_5dd0_4564_8b4c_2f07cd50dd7a
2025-08-13 16:36:18,132 INFO  [DefaultSchemaResolver] (Thread-713) Retrieving schema content using string: {"type":"record","name":"myrecordconfluent","fields":[{"name":"key11755102977042","type":"string"}]}
2025-08-13 16:36:18,160 INFO  [io.api.tes.ser.api.KafkaSerdesTester] (Thread-713) Sending message {"key11755102977042": "value-1"} to topic topic-33314056_5dd0_4564_8b4c_2f07cd50dd7a
2025-08-13 16:36:18,161 INFO  [io.api.tes.ser.api.KafkaSerdesTester] (Thread-713) Sending message {"key11755102977042": "value-2"} to topic topic-33314056_5dd0_4564_8b4c_2f07cd50dd7a
2025-08-13 16:36:18,163 INFO  [io.api.tes.ser.api.KafkaSerdesTester] (Thread-713) Sending message {"key11755102977042": "value-3"} to topic topic-33314056_5dd0_4564_8b4c_2f07cd50dd7a
2025-08-13 16:36:18,164 INFO  [io.api.tes.ser.api.KafkaSerdesTester] (Thread-713) Sending message {"key11755102977042": "value-4"} to topic topic-33314056_5dd0_4564_8b4c_2f07cd50dd7a
2025-08-13 16:36:18,166 INFO  [io.api.tes.ser.api.KafkaSerdesTester] (Thread-713) Sending message {"key11755102977042": "value-5"} to topic topic-33314056_5dd0_4564_8b4c_2f07cd50dd7a
2025-08-13 16:36:18,167 INFO  [io.api.tes.ser.api.KafkaSerdesTester] (Thread-713) Sending message {"key11755102977042": "value-6"} to topic topic-33314056_5dd0_4564_8b4c_2f07cd50dd7a
2025-08-13 16:36:18,168 INFO  [io.api.tes.ser.api.KafkaSerdesTester] (Thread-713) Sending message {"key11755102977042": "value-7"} to topic topic-33314056_5dd0_4564_8b4c_2f07cd50dd7a
2025-08-13 16:36:18,169 INFO  [io.api.tes.ser.api.KafkaSerdesTester] (Thread-713) Sending message {"key11755102977042": "value-8"} to topic topic-33314056_5dd0_4564_8b4c_2f07cd50dd7a
2025-08-13 16:36:18,171 INFO  [io.api.tes.ser.api.KafkaSerdesTester] (Thread-713) Sending message {"key11755102977042": "value-9"} to topic topic-33314056_5dd0_4564_8b4c_2f07cd50dd7a
2025-08-13 16:36:18,172 INFO  [io.api.tes.ser.api.KafkaSerdesTester] (Thread-713) Produced 10 messages
2025-08-13 16:36:18,172 INFO  [org.apa.kaf.cli.pro.KafkaProducer] (Thread-713) [Producer clientId=Producer-topic-33314056_5dd0_4564_8b4c_2f07cd50dd7a] Closing the Kafka producer with timeoutMillis = 9223372036854775807 ms.
2025-08-13 16:36:18,175 INFO  [org.apa.kaf.com.met.Metrics] (Thread-713) Metrics scheduler closed
2025-08-13 16:36:18,175 INFO  [org.apa.kaf.com.met.Metrics] (Thread-713) Closing reporter org.apache.kafka.common.metrics.JmxReporter
2025-08-13 16:36:18,175 INFO  [org.apa.kaf.com.met.Metrics] (Thread-713) Closing reporter org.apache.kafka.common.telemetry.internals.ClientTelemetryReporter
2025-08-13 16:36:18,175 INFO  [org.apa.kaf.com.met.Metrics] (Thread-713) Metrics reporters closed
2025-08-13 16:36:18,176 INFO  [org.apa.kaf.com.uti.AppInfoParser] (Thread-713) App info kafka.producer for Producer-topic-33314056_5dd0_4564_8b4c_2f07cd50dd7a unregistered
2025-08-13 16:36:18,177 INFO  [io.api.tes.ser.api.KafkaSerdesTester] (Thread-714) Sending message {"key11755102977042": "value-0"} to topic topic-ed7d152d_ae16_4005_ab55_31144457ea1d
2025-08-13 16:36:18,183 INFO  [DefaultSchemaResolver] (Thread-714) Retrieving schema content using string: {"type":"record","name":"myrecordconfluent","fields":[{"name":"key11755102977042","type":"string"}]}
2025-08-13 16:36:18,210 INFO  [io.api.tes.ser.api.KafkaSerdesTester] (Thread-714) Sending message {"key11755102977042": "value-1"} to topic topic-ed7d152d_ae16_4005_ab55_31144457ea1d
2025-08-13 16:36:18,211 INFO  [io.api.tes.ser.api.KafkaSerdesTester] (Thread-714) Sending message {"key11755102977042": "value-2"} to topic topic-ed7d152d_ae16_4005_ab55_31144457ea1d
2025-08-13 16:36:18,212 INFO  [io.api.tes.ser.api.KafkaSerdesTester] (Thread-714) Sending message {"key11755102977042": "value-3"} to topic topic-ed7d152d_ae16_4005_ab55_31144457ea1d
2025-08-13 16:36:18,213 INFO  [io.api.tes.ser.api.KafkaSerdesTester] (Thread-714) Sending message {"key11755102977042": "value-4"} to topic topic-ed7d152d_ae16_4005_ab55_31144457ea1d
2025-08-13 16:36:18,214 INFO  [io.api.tes.ser.api.KafkaSerdesTester] (Thread-714) Sending message {"key11755102977042": "value-5"} to topic topic-ed7d152d_ae16_4005_ab55_31144457ea1d
2025-08-13 16:36:18,216 INFO  [io.api.tes.ser.api.KafkaSerdesTester] (Thread-714) Sending message {"key11755102977042": "value-6"} to topic topic-ed7d152d_ae16_4005_ab55_31144457ea1d
2025-08-13 16:36:18,217 INFO  [io.api.tes.ser.api.KafkaSerdesTester] (Thread-714) Sending message {"key11755102977042": "value-7"} to topic topic-ed7d152d_ae16_4005_ab55_31144457ea1d
2025-08-13 16:36:18,219 INFO  [io.api.tes.ser.api.KafkaSerdesTester] (Thread-714) Sending message {"key11755102977042": "value-8"} to topic topic-ed7d152d_ae16_4005_ab55_31144457ea1d
2025-08-13 16:36:18,220 INFO  [io.api.tes.ser.api.KafkaSerdesTester] (Thread-714) Sending message {"key11755102977042": "value-9"} to topic topic-ed7d152d_ae16_4005_ab55_31144457ea1d
2025-08-13 16:36:18,221 INFO  [io.api.tes.ser.api.KafkaSerdesTester] (Thread-714) Produced 10 messages
2025-08-13 16:36:18,221 INFO  [org.apa.kaf.cli.pro.KafkaProducer] (Thread-714) [Producer clientId=Producer-topic-ed7d152d_ae16_4005_ab55_31144457ea1d] Closing the Kafka producer with timeoutMillis = 9223372036854775807 ms.
2025-08-13 16:36:18,224 INFO  [org.apa.kaf.com.met.Metrics] (Thread-714) Metrics scheduler closed
2025-08-13 16:36:18,224 INFO  [org.apa.kaf.com.met.Metrics] (Thread-714) Closing reporter org.apache.kafka.common.metrics.JmxReporter
2025-08-13 16:36:18,224 INFO  [org.apa.kaf.com.met.Metrics] (Thread-714) Closing reporter org.apache.kafka.common.telemetry.internals.ClientTelemetryReporter
2025-08-13 16:36:18,224 INFO  [org.apa.kaf.com.met.Metrics] (Thread-714) Metrics reporters closed
2025-08-13 16:36:18,225 INFO  [org.apa.kaf.com.uti.AppInfoParser] (Thread-714) App info kafka.producer for Producer-topic-ed7d152d_ae16_4005_ab55_31144457ea1d unregistered
2025-08-13 16:36:18,226 INFO  [io.api.tes.ser.api.KafkaSerdesTester] (Thread-715) Sending message {"key11755102977042": "value-0"} to topic topic-25e6bb20_b84a_4112_af19_5fac1ea168f2
2025-08-13 16:36:18,231 INFO  [DefaultSchemaResolver] (Thread-715) Retrieving schema content using string: {"type":"record","name":"myrecordconfluent","fields":[{"name":"key11755102977042","type":"string"}]}
2025-08-13 16:36:18,266 INFO  [io.api.tes.ser.api.KafkaSerdesTester] (Thread-715) Sending message {"key11755102977042": "value-1"} to topic topic-25e6bb20_b84a_4112_af19_5fac1ea168f2
2025-08-13 16:36:18,268 INFO  [io.api.tes.ser.api.KafkaSerdesTester] (Thread-715) Sending message {"key11755102977042": "value-2"} to topic topic-25e6bb20_b84a_4112_af19_5fac1ea168f2
2025-08-13 16:36:18,270 INFO  [io.api.tes.ser.api.KafkaSerdesTester] (Thread-715) Sending message {"key11755102977042": "value-3"} to topic topic-25e6bb20_b84a_4112_af19_5fac1ea168f2
2025-08-13 16:36:18,273 INFO  [io.api.tes.ser.api.KafkaSerdesTester] (Thread-715) Sending message {"key11755102977042": "value-4"} to topic topic-25e6bb20_b84a_4112_af19_5fac1ea168f2
2025-08-13 16:36:18,274 INFO  [io.api.tes.ser.api.KafkaSerdesTester] (Thread-715) Sending message {"key11755102977042": "value-5"} to topic topic-25e6bb20_b84a_4112_af19_5fac1ea168f2
2025-08-13 16:36:18,278 INFO  [io.api.tes.ser.api.KafkaSerdesTester] (Thread-715) Sending message {"key11755102977042": "value-6"} to topic topic-25e6bb20_b84a_4112_af19_5fac1ea168f2
2025-08-13 16:36:18,279 INFO  [io.api.tes.ser.api.KafkaSerdesTester] (Thread-715) Sending message {"key11755102977042": "value-7"} to topic topic-25e6bb20_b84a_4112_af19_5fac1ea168f2
2025-08-13 16:36:18,283 INFO  [io.api.tes.ser.api.KafkaSerdesTester] (Thread-715) Sending message {"key11755102977042": "value-8"} to topic topic-25e6bb20_b84a_4112_af19_5fac1ea168f2
2025-08-13 16:36:18,284 INFO  [io.api.tes.ser.api.KafkaSerdesTester] (Thread-715) Sending message {"key11755102977042": "value-9"} to topic topic-25e6bb20_b84a_4112_af19_5fac1ea168f2
2025-08-13 16:36:18,288 INFO  [io.api.tes.ser.api.KafkaSerdesTester] (Thread-715) Produced 10 messages
2025-08-13 16:36:18,288 INFO  [org.apa.kaf.cli.pro.KafkaProducer] (Thread-715) [Producer clientId=Producer-topic-25e6bb20_b84a_4112_af19_5fac1ea168f2] Closing the Kafka producer with timeoutMillis = 9223372036854775807 ms.
2025-08-13 16:36:18,291 INFO  [org.apa.kaf.com.met.Metrics] (Thread-715) Metrics scheduler closed
2025-08-13 16:36:18,291 INFO  [org.apa.kaf.com.met.Metrics] (Thread-715) Closing reporter org.apache.kafka.common.metrics.JmxReporter
2025-08-13 16:36:18,291 INFO  [org.apa.kaf.com.met.Metrics] (Thread-715) Closing reporter org.apache.kafka.common.telemetry.internals.ClientTelemetryReporter
2025-08-13 16:36:18,291 INFO  [org.apa.kaf.com.met.Metrics] (Thread-715) Metrics reporters closed
2025-08-13 16:36:18,292 INFO  [org.apa.kaf.com.uti.AppInfoParser] (Thread-715) App info kafka.producer for Producer-topic-25e6bb20_b84a_4112_af19_5fac1ea168f2 unregistered
2025-08-13 16:36:18,294 INFO  [org.apa.kaf.cli.con.int.ClassicKafkaConsumer] (Thread-716) [Consumer clientId=consumer-Consumer-topic-33314056_5dd0_4564_8b4c_2f07cd50dd7a-14, groupId=Consumer-topic-33314056_5dd0_4564_8b4c_2f07cd50dd7a] Subscribed to topic(s): topic-33314056_5dd0_4564_8b4c_2f07cd50dd7a
2025-08-13 16:36:18,300 INFO  [org.apa.kaf.cli.Metadata] (Thread-716) [Consumer clientId=consumer-Consumer-topic-33314056_5dd0_4564_8b4c_2f07cd50dd7a-14, groupId=Consumer-topic-33314056_5dd0_4564_8b4c_2f07cd50dd7a] Cluster ID: Ytz5hAjST9OxAjCVQ_7B1Q
2025-08-13 16:36:18,300 INFO  [org.apa.kaf.cli.con.int.ConsumerCoordinator] (Thread-716) [Consumer clientId=consumer-Consumer-topic-33314056_5dd0_4564_8b4c_2f07cd50dd7a-14, groupId=Consumer-topic-33314056_5dd0_4564_8b4c_2f07cd50dd7a] Discovered group coordinator localhost:32769 (id: 2147483647 rack: null)
2025-08-13 16:36:18,302 INFO  [org.apa.kaf.cli.con.int.ConsumerCoordinator] (Thread-716) [Consumer clientId=consumer-Consumer-topic-33314056_5dd0_4564_8b4c_2f07cd50dd7a-14, groupId=Consumer-topic-33314056_5dd0_4564_8b4c_2f07cd50dd7a] (Re-)joining group
2025-08-13 16:36:18,306 INFO  [org.apa.kaf.cli.con.int.ConsumerCoordinator] (Thread-716) [Consumer clientId=consumer-Consumer-topic-33314056_5dd0_4564_8b4c_2f07cd50dd7a-14, groupId=Consumer-topic-33314056_5dd0_4564_8b4c_2f07cd50dd7a] Request joining group due to: need to re-join with the given member-id: consumer-Consumer-topic-33314056_5dd0_4564_8b4c_2f07cd50dd7a-14-cc4a349c-c865-43ef-9ef8-554ef792ffff
2025-08-13 16:36:18,306 INFO  [org.apa.kaf.cli.con.int.ConsumerCoordinator] (Thread-716) [Consumer clientId=consumer-Consumer-topic-33314056_5dd0_4564_8b4c_2f07cd50dd7a-14, groupId=Consumer-topic-33314056_5dd0_4564_8b4c_2f07cd50dd7a] (Re-)joining group
2025-08-13 16:36:19,294 INFO  [io.api.tes.ser.api.KafkaSerdesTester] (Thread-716) None found
2025-08-13 16:36:20,294 INFO  [io.api.tes.ser.api.KafkaSerdesTester] (Thread-716) None found
2025-08-13 16:36:21,295 INFO  [io.api.tes.ser.api.KafkaSerdesTester] (Thread-716) None found
2025-08-13 16:36:21,308 INFO  [org.apa.kaf.cli.con.int.ConsumerCoordinator] (Thread-716) [Consumer clientId=consumer-Consumer-topic-33314056_5dd0_4564_8b4c_2f07cd50dd7a-14, groupId=Consumer-topic-33314056_5dd0_4564_8b4c_2f07cd50dd7a] Successfully joined group with generation Generation{generationId=1, memberId='consumer-Consumer-topic-33314056_5dd0_4564_8b4c_2f07cd50dd7a-14-cc4a349c-c865-43ef-9ef8-554ef792ffff', protocol='range'}
2025-08-13 16:36:21,308 INFO  [org.apa.kaf.cli.con.int.ConsumerCoordinator] (Thread-716) [Consumer clientId=consumer-Consumer-topic-33314056_5dd0_4564_8b4c_2f07cd50dd7a-14, groupId=Consumer-topic-33314056_5dd0_4564_8b4c_2f07cd50dd7a] Finished assignment for group at generation 1: {consumer-Consumer-topic-33314056_5dd0_4564_8b4c_2f07cd50dd7a-14-cc4a349c-c865-43ef-9ef8-554ef792ffff=Assignment(partitions=[topic-33314056_5dd0_4564_8b4c_2f07cd50dd7a-0])}
2025-08-13 16:36:21,315 INFO  [org.apa.kaf.cli.con.int.ConsumerCoordinator] (Thread-716) [Consumer clientId=consumer-Consumer-topic-33314056_5dd0_4564_8b4c_2f07cd50dd7a-14, groupId=Consumer-topic-33314056_5dd0_4564_8b4c_2f07cd50dd7a] Successfully synced group in generation Generation{generationId=1, memberId='consumer-Consumer-topic-33314056_5dd0_4564_8b4c_2f07cd50dd7a-14-cc4a349c-c865-43ef-9ef8-554ef792ffff', protocol='range'}
2025-08-13 16:36:21,315 INFO  [org.apa.kaf.cli.con.int.ConsumerCoordinator] (Thread-716) [Consumer clientId=consumer-Consumer-topic-33314056_5dd0_4564_8b4c_2f07cd50dd7a-14, groupId=Consumer-topic-33314056_5dd0_4564_8b4c_2f07cd50dd7a] Notifying assignor about the new Assignment(partitions=[topic-33314056_5dd0_4564_8b4c_2f07cd50dd7a-0])
2025-08-13 16:36:21,315 INFO  [org.apa.kaf.cli.con.int.ConsumerRebalanceListenerInvoker] (Thread-716) [Consumer clientId=consumer-Consumer-topic-33314056_5dd0_4564_8b4c_2f07cd50dd7a-14, groupId=Consumer-topic-33314056_5dd0_4564_8b4c_2f07cd50dd7a] Adding newly assigned partitions: topic-33314056_5dd0_4564_8b4c_2f07cd50dd7a-0
2025-08-13 16:36:21,316 INFO  [org.apa.kaf.cli.con.int.ConsumerCoordinator] (Thread-716) [Consumer clientId=consumer-Consumer-topic-33314056_5dd0_4564_8b4c_2f07cd50dd7a-14, groupId=Consumer-topic-33314056_5dd0_4564_8b4c_2f07cd50dd7a] Found no committed offset for partition topic-33314056_5dd0_4564_8b4c_2f07cd50dd7a-0
2025-08-13 16:36:21,319 INFO  [org.apa.kaf.cli.con.int.SubscriptionState] (Thread-716) [Consumer clientId=consumer-Consumer-topic-33314056_5dd0_4564_8b4c_2f07cd50dd7a-14, groupId=Consumer-topic-33314056_5dd0_4564_8b4c_2f07cd50dd7a] Resetting offset for partition topic-33314056_5dd0_4564_8b4c_2f07cd50dd7a-0 to position FetchPosition{offset=0, offsetEpoch=Optional.empty, currentLeader=LeaderAndEpoch{leader=Optional[localhost:32769 (id: 0 rack: null)], epoch=0}}.
2025-08-13 16:36:21,357 INFO  [io.api.tes.ser.api.KafkaSerdesTester] (Thread-716) topic-33314056_5dd0_4564_8b4c_2f07cd50dd7a 0 0 {"key11755102977042": "value-0"}
2025-08-13 16:36:21,357 INFO  [io.api.tes.ser.api.KafkaSerdesTester] (Thread-716) topic-33314056_5dd0_4564_8b4c_2f07cd50dd7a 0 1 {"key11755102977042": "value-1"}
2025-08-13 16:36:21,357 INFO  [io.api.tes.ser.api.KafkaSerdesTester] (Thread-716) topic-33314056_5dd0_4564_8b4c_2f07cd50dd7a 0 2 {"key11755102977042": "value-2"}
2025-08-13 16:36:21,357 INFO  [io.api.tes.ser.api.KafkaSerdesTester] (Thread-716) topic-33314056_5dd0_4564_8b4c_2f07cd50dd7a 0 3 {"key11755102977042": "value-3"}
2025-08-13 16:36:21,357 INFO  [io.api.tes.ser.api.KafkaSerdesTester] (Thread-716) topic-33314056_5dd0_4564_8b4c_2f07cd50dd7a 0 4 {"key11755102977042": "value-4"}
2025-08-13 16:36:21,357 INFO  [io.api.tes.ser.api.KafkaSerdesTester] (Thread-716) topic-33314056_5dd0_4564_8b4c_2f07cd50dd7a 0 5 {"key11755102977042": "value-5"}
2025-08-13 16:36:21,357 INFO  [io.api.tes.ser.api.KafkaSerdesTester] (Thread-716) topic-33314056_5dd0_4564_8b4c_2f07cd50dd7a 0 6 {"key11755102977042": "value-6"}
2025-08-13 16:36:21,357 INFO  [io.api.tes.ser.api.KafkaSerdesTester] (Thread-716) topic-33314056_5dd0_4564_8b4c_2f07cd50dd7a 0 7 {"key11755102977042": "value-7"}
2025-08-13 16:36:21,357 INFO  [io.api.tes.ser.api.KafkaSerdesTester] (Thread-716) topic-33314056_5dd0_4564_8b4c_2f07cd50dd7a 0 8 {"key11755102977042": "value-8"}
2025-08-13 16:36:21,357 INFO  [io.api.tes.ser.api.KafkaSerdesTester] (Thread-716) topic-33314056_5dd0_4564_8b4c_2f07cd50dd7a 0 9 {"key11755102977042": "value-9"}
2025-08-13 16:36:21,357 INFO  [io.api.tes.ser.api.KafkaSerdesTester] (Thread-716) Consumed 10 messages
2025-08-13 16:36:21,366 INFO  [org.apa.kaf.cli.con.int.ConsumerRebalanceListenerInvoker] (Thread-716) [Consumer clientId=consumer-Consumer-topic-33314056_5dd0_4564_8b4c_2f07cd50dd7a-14, groupId=Consumer-topic-33314056_5dd0_4564_8b4c_2f07cd50dd7a] Revoke previously assigned partitions topic-33314056_5dd0_4564_8b4c_2f07cd50dd7a-0
2025-08-13 16:36:21,366 INFO  [org.apa.kaf.cli.con.int.ConsumerCoordinator] (Thread-716) [Consumer clientId=consumer-Consumer-topic-33314056_5dd0_4564_8b4c_2f07cd50dd7a-14, groupId=Consumer-topic-33314056_5dd0_4564_8b4c_2f07cd50dd7a] Member consumer-Consumer-topic-33314056_5dd0_4564_8b4c_2f07cd50dd7a-14-cc4a349c-c865-43ef-9ef8-554ef792ffff sending LeaveGroup request to coordinator localhost:32769 (id: 2147483647 rack: null) due to the consumer is being closed
2025-08-13 16:36:21,367 INFO  [org.apa.kaf.cli.con.int.ConsumerCoordinator] (Thread-716) [Consumer clientId=consumer-Consumer-topic-33314056_5dd0_4564_8b4c_2f07cd50dd7a-14, groupId=Consumer-topic-33314056_5dd0_4564_8b4c_2f07cd50dd7a] Resetting generation and member id due to: consumer pro-actively leaving the group
2025-08-13 16:36:21,367 INFO  [org.apa.kaf.cli.con.int.ConsumerCoordinator] (Thread-716) [Consumer clientId=consumer-Consumer-topic-33314056_5dd0_4564_8b4c_2f07cd50dd7a-14, groupId=Consumer-topic-33314056_5dd0_4564_8b4c_2f07cd50dd7a] Request joining group due to: consumer pro-actively leaving the group
2025-08-13 16:36:21,860 INFO  [org.apa.kaf.com.met.Metrics] (Thread-716) Metrics scheduler closed
2025-08-13 16:36:21,860 INFO  [org.apa.kaf.com.met.Metrics] (Thread-716) Closing reporter org.apache.kafka.common.metrics.JmxReporter
2025-08-13 16:36:21,860 INFO  [org.apa.kaf.com.met.Metrics] (Thread-716) Closing reporter org.apache.kafka.common.telemetry.internals.ClientTelemetryReporter
2025-08-13 16:36:21,860 INFO  [org.apa.kaf.com.met.Metrics] (Thread-716) Metrics reporters closed
2025-08-13 16:36:21,862 INFO  [org.apa.kaf.com.uti.AppInfoParser] (Thread-716) App info kafka.consumer for consumer-Consumer-topic-33314056_5dd0_4564_8b4c_2f07cd50dd7a-14 unregistered
2025-08-13 16:36:21,863 INFO  [org.apa.kaf.cli.con.int.ClassicKafkaConsumer] (Thread-717) [Consumer clientId=consumer-Consumer-topic-ed7d152d_ae16_4005_ab55_31144457ea1d-15, groupId=Consumer-topic-ed7d152d_ae16_4005_ab55_31144457ea1d] Subscribed to topic(s): topic-ed7d152d_ae16_4005_ab55_31144457ea1d
2025-08-13 16:36:21,869 INFO  [org.apa.kaf.cli.Metadata] (Thread-717) [Consumer clientId=consumer-Consumer-topic-ed7d152d_ae16_4005_ab55_31144457ea1d-15, groupId=Consumer-topic-ed7d152d_ae16_4005_ab55_31144457ea1d] Cluster ID: Ytz5hAjST9OxAjCVQ_7B1Q
2025-08-13 16:36:21,869 INFO  [org.apa.kaf.cli.con.int.ConsumerCoordinator] (Thread-717) [Consumer clientId=consumer-Consumer-topic-ed7d152d_ae16_4005_ab55_31144457ea1d-15, groupId=Consumer-topic-ed7d152d_ae16_4005_ab55_31144457ea1d] Discovered group coordinator localhost:32769 (id: 2147483647 rack: null)
2025-08-13 16:36:21,870 INFO  [org.apa.kaf.cli.con.int.ConsumerCoordinator] (Thread-717) [Consumer clientId=consumer-Consumer-topic-ed7d152d_ae16_4005_ab55_31144457ea1d-15, groupId=Consumer-topic-ed7d152d_ae16_4005_ab55_31144457ea1d] (Re-)joining group
2025-08-13 16:36:21,872 INFO  [org.apa.kaf.cli.con.int.ConsumerCoordinator] (Thread-717) [Consumer clientId=consumer-Consumer-topic-ed7d152d_ae16_4005_ab55_31144457ea1d-15, groupId=Consumer-topic-ed7d152d_ae16_4005_ab55_31144457ea1d] Request joining group due to: need to re-join with the given member-id: consumer-Consumer-topic-ed7d152d_ae16_4005_ab55_31144457ea1d-15-9d731924-38b6-4c48-892f-c78cd96733f3
2025-08-13 16:36:21,872 INFO  [org.apa.kaf.cli.con.int.ConsumerCoordinator] (Thread-717) [Consumer clientId=consumer-Consumer-topic-ed7d152d_ae16_4005_ab55_31144457ea1d-15, groupId=Consumer-topic-ed7d152d_ae16_4005_ab55_31144457ea1d] (Re-)joining group
2025-08-13 16:36:22,863 INFO  [io.api.tes.ser.api.KafkaSerdesTester] (Thread-717) None found
2025-08-13 16:36:23,863 INFO  [io.api.tes.ser.api.KafkaSerdesTester] (Thread-717) None found
2025-08-13 16:36:24,863 INFO  [io.api.tes.ser.api.KafkaSerdesTester] (Thread-717) None found
2025-08-13 16:36:24,874 INFO  [org.apa.kaf.cli.con.int.ConsumerCoordinator] (Thread-717) [Consumer clientId=consumer-Consumer-topic-ed7d152d_ae16_4005_ab55_31144457ea1d-15, groupId=Consumer-topic-ed7d152d_ae16_4005_ab55_31144457ea1d] Successfully joined group with generation Generation{generationId=1, memberId='consumer-Consumer-topic-ed7d152d_ae16_4005_ab55_31144457ea1d-15-9d731924-38b6-4c48-892f-c78cd96733f3', protocol='range'}
2025-08-13 16:36:24,875 INFO  [org.apa.kaf.cli.con.int.ConsumerCoordinator] (Thread-717) [Consumer clientId=consumer-Consumer-topic-ed7d152d_ae16_4005_ab55_31144457ea1d-15, groupId=Consumer-topic-ed7d152d_ae16_4005_ab55_31144457ea1d] Finished assignment for group at generation 1: {consumer-Consumer-topic-ed7d152d_ae16_4005_ab55_31144457ea1d-15-9d731924-38b6-4c48-892f-c78cd96733f3=Assignment(partitions=[topic-ed7d152d_ae16_4005_ab55_31144457ea1d-0])}
2025-08-13 16:36:24,885 INFO  [org.apa.kaf.cli.con.int.ConsumerCoordinator] (Thread-717) [Consumer clientId=consumer-Consumer-topic-ed7d152d_ae16_4005_ab55_31144457ea1d-15, groupId=Consumer-topic-ed7d152d_ae16_4005_ab55_31144457ea1d] Successfully synced group in generation Generation{generationId=1, memberId='consumer-Consumer-topic-ed7d152d_ae16_4005_ab55_31144457ea1d-15-9d731924-38b6-4c48-892f-c78cd96733f3', protocol='range'}
2025-08-13 16:36:24,885 INFO  [org.apa.kaf.cli.con.int.ConsumerCoordinator] (Thread-717) [Consumer clientId=consumer-Consumer-topic-ed7d152d_ae16_4005_ab55_31144457ea1d-15, groupId=Consumer-topic-ed7d152d_ae16_4005_ab55_31144457ea1d] Notifying assignor about the new Assignment(partitions=[topic-ed7d152d_ae16_4005_ab55_31144457ea1d-0])
2025-08-13 16:36:24,885 INFO  [org.apa.kaf.cli.con.int.ConsumerRebalanceListenerInvoker] (Thread-717) [Consumer clientId=consumer-Consumer-topic-ed7d152d_ae16_4005_ab55_31144457ea1d-15, groupId=Consumer-topic-ed7d152d_ae16_4005_ab55_31144457ea1d] Adding newly assigned partitions: topic-ed7d152d_ae16_4005_ab55_31144457ea1d-0
2025-08-13 16:36:24,887 INFO  [org.apa.kaf.cli.con.int.ConsumerCoordinator] (Thread-717) [Consumer clientId=consumer-Consumer-topic-ed7d152d_ae16_4005_ab55_31144457ea1d-15, groupId=Consumer-topic-ed7d152d_ae16_4005_ab55_31144457ea1d] Found no committed offset for partition topic-ed7d152d_ae16_4005_ab55_31144457ea1d-0
2025-08-13 16:36:24,894 INFO  [org.apa.kaf.cli.con.int.SubscriptionState] (Thread-717) [Consumer clientId=consumer-Consumer-topic-ed7d152d_ae16_4005_ab55_31144457ea1d-15, groupId=Consumer-topic-ed7d152d_ae16_4005_ab55_31144457ea1d] Resetting offset for partition topic-ed7d152d_ae16_4005_ab55_31144457ea1d-0 to position FetchPosition{offset=0, offsetEpoch=Optional.empty, currentLeader=LeaderAndEpoch{leader=Optional[localhost:32769 (id: 0 rack: null)], epoch=0}}.
2025-08-13 16:36:24,932 INFO  [io.api.tes.ser.api.KafkaSerdesTester] (Thread-717) topic-ed7d152d_ae16_4005_ab55_31144457ea1d 0 0 {"key11755102977042": "value-0"}
2025-08-13 16:36:24,932 INFO  [io.api.tes.ser.api.KafkaSerdesTester] (Thread-717) topic-ed7d152d_ae16_4005_ab55_31144457ea1d 0 1 {"key11755102977042": "value-1"}
2025-08-13 16:36:24,932 INFO  [io.api.tes.ser.api.KafkaSerdesTester] (Thread-717) topic-ed7d152d_ae16_4005_ab55_31144457ea1d 0 2 {"key11755102977042": "value-2"}
2025-08-13 16:36:24,932 INFO  [io.api.tes.ser.api.KafkaSerdesTester] (Thread-717) topic-ed7d152d_ae16_4005_ab55_31144457ea1d 0 3 {"key11755102977042": "value-3"}
2025-08-13 16:36:24,932 INFO  [io.api.tes.ser.api.KafkaSerdesTester] (Thread-717) topic-ed7d152d_ae16_4005_ab55_31144457ea1d 0 4 {"key11755102977042": "value-4"}
2025-08-13 16:36:24,932 INFO  [io.api.tes.ser.api.KafkaSerdesTester] (Thread-717) topic-ed7d152d_ae16_4005_ab55_31144457ea1d 0 5 {"key11755102977042": "value-5"}
2025-08-13 16:36:24,932 INFO  [io.api.tes.ser.api.KafkaSerdesTester] (Thread-717) topic-ed7d152d_ae16_4005_ab55_31144457ea1d 0 6 {"key11755102977042": "value-6"}
2025-08-13 16:36:24,932 INFO  [io.api.tes.ser.api.KafkaSerdesTester] (Thread-717) topic-ed7d152d_ae16_4005_ab55_31144457ea1d 0 7 {"key11755102977042": "value-7"}
2025-08-13 16:36:24,932 INFO  [io.api.tes.ser.api.KafkaSerdesTester] (Thread-717) topic-ed7d152d_ae16_4005_ab55_31144457ea1d 0 8 {"key11755102977042": "value-8"}
2025-08-13 16:36:24,933 INFO  [io.api.tes.ser.api.KafkaSerdesTester] (Thread-717) topic-ed7d152d_ae16_4005_ab55_31144457ea1d 0 9 {"key11755102977042": "value-9"}
2025-08-13 16:36:24,933 INFO  [io.api.tes.ser.api.KafkaSerdesTester] (Thread-717) Consumed 10 messages
2025-08-13 16:36:24,939 INFO  [org.apa.kaf.cli.con.int.ConsumerRebalanceListenerInvoker] (Thread-717) [Consumer clientId=consumer-Consumer-topic-ed7d152d_ae16_4005_ab55_31144457ea1d-15, groupId=Consumer-topic-ed7d152d_ae16_4005_ab55_31144457ea1d] Revoke previously assigned partitions topic-ed7d152d_ae16_4005_ab55_31144457ea1d-0
2025-08-13 16:36:24,939 INFO  [org.apa.kaf.cli.con.int.ConsumerCoordinator] (Thread-717) [Consumer clientId=consumer-Consumer-topic-ed7d152d_ae16_4005_ab55_31144457ea1d-15, groupId=Consumer-topic-ed7d152d_ae16_4005_ab55_31144457ea1d] Member consumer-Consumer-topic-ed7d152d_ae16_4005_ab55_31144457ea1d-15-9d731924-38b6-4c48-892f-c78cd96733f3 sending LeaveGroup request to coordinator localhost:32769 (id: 2147483647 rack: null) due to the consumer is being closed
2025-08-13 16:36:24,940 INFO  [org.apa.kaf.cli.con.int.ConsumerCoordinator] (Thread-717) [Consumer clientId=consumer-Consumer-topic-ed7d152d_ae16_4005_ab55_31144457ea1d-15, groupId=Consumer-topic-ed7d152d_ae16_4005_ab55_31144457ea1d] Resetting generation and member id due to: consumer pro-actively leaving the group
2025-08-13 16:36:24,940 INFO  [org.apa.kaf.cli.con.int.ConsumerCoordinator] (Thread-717) [Consumer clientId=consumer-Consumer-topic-ed7d152d_ae16_4005_ab55_31144457ea1d-15, groupId=Consumer-topic-ed7d152d_ae16_4005_ab55_31144457ea1d] Request joining group due to: consumer pro-actively leaving the group
2025-08-13 16:36:25,435 INFO  [org.apa.kaf.com.met.Metrics] (Thread-717) Metrics scheduler closed
2025-08-13 16:36:25,435 INFO  [org.apa.kaf.com.met.Metrics] (Thread-717) Closing reporter org.apache.kafka.common.metrics.JmxReporter
2025-08-13 16:36:25,435 INFO  [org.apa.kaf.com.met.Metrics] (Thread-717) Closing reporter org.apache.kafka.common.telemetry.internals.ClientTelemetryReporter
2025-08-13 16:36:25,435 INFO  [org.apa.kaf.com.met.Metrics] (Thread-717) Metrics reporters closed
2025-08-13 16:36:25,437 INFO  [org.apa.kaf.com.uti.AppInfoParser] (Thread-717) App info kafka.consumer for consumer-Consumer-topic-ed7d152d_ae16_4005_ab55_31144457ea1d-15 unregistered
2025-08-13 16:36:25,438 INFO  [org.apa.kaf.cli.con.int.ClassicKafkaConsumer] (Thread-718) [Consumer clientId=consumer-Consumer-topic-25e6bb20_b84a_4112_af19_5fac1ea168f2-16, groupId=Consumer-topic-25e6bb20_b84a_4112_af19_5fac1ea168f2] Subscribed to topic(s): topic-25e6bb20_b84a_4112_af19_5fac1ea168f2
2025-08-13 16:36:25,443 INFO  [org.apa.kaf.cli.Metadata] (Thread-718) [Consumer clientId=consumer-Consumer-topic-25e6bb20_b84a_4112_af19_5fac1ea168f2-16, groupId=Consumer-topic-25e6bb20_b84a_4112_af19_5fac1ea168f2] Cluster ID: Ytz5hAjST9OxAjCVQ_7B1Q
2025-08-13 16:36:25,446 INFO  [org.apa.kaf.cli.con.int.ConsumerCoordinator] (Thread-718) [Consumer clientId=consumer-Consumer-topic-25e6bb20_b84a_4112_af19_5fac1ea168f2-16, groupId=Consumer-topic-25e6bb20_b84a_4112_af19_5fac1ea168f2] Discovered group coordinator localhost:32769 (id: 2147483647 rack: null)
2025-08-13 16:36:25,450 INFO  [org.apa.kaf.cli.con.int.ConsumerCoordinator] (Thread-718) [Consumer clientId=consumer-Consumer-topic-25e6bb20_b84a_4112_af19_5fac1ea168f2-16, groupId=Consumer-topic-25e6bb20_b84a_4112_af19_5fac1ea168f2] (Re-)joining group
2025-08-13 16:36:25,453 INFO  [org.apa.kaf.cli.con.int.ConsumerCoordinator] (Thread-718) [Consumer clientId=consumer-Consumer-topic-25e6bb20_b84a_4112_af19_5fac1ea168f2-16, groupId=Consumer-topic-25e6bb20_b84a_4112_af19_5fac1ea168f2] Request joining group due to: need to re-join with the given member-id: consumer-Consumer-topic-25e6bb20_b84a_4112_af19_5fac1ea168f2-16-b9057afc-17ec-4c43-b16b-cb9a0e339cfd
2025-08-13 16:36:25,453 INFO  [org.apa.kaf.cli.con.int.ConsumerCoordinator] (Thread-718) [Consumer clientId=consumer-Consumer-topic-25e6bb20_b84a_4112_af19_5fac1ea168f2-16, groupId=Consumer-topic-25e6bb20_b84a_4112_af19_5fac1ea168f2] (Re-)joining group
2025-08-13 16:36:26,438 INFO  [io.api.tes.ser.api.KafkaSerdesTester] (Thread-718) None found
2025-08-13 16:36:27,440 INFO  [io.api.tes.ser.api.KafkaSerdesTester] (Thread-718) None found
2025-08-13 16:36:28,441 INFO  [io.api.tes.ser.api.KafkaSerdesTester] (Thread-718) None found
2025-08-13 16:36:28,455 INFO  [org.apa.kaf.cli.con.int.ConsumerCoordinator] (Thread-718) [Consumer clientId=consumer-Consumer-topic-25e6bb20_b84a_4112_af19_5fac1ea168f2-16, groupId=Consumer-topic-25e6bb20_b84a_4112_af19_5fac1ea168f2] Successfully joined group with generation Generation{generationId=1, memberId='consumer-Consumer-topic-25e6bb20_b84a_4112_af19_5fac1ea168f2-16-b9057afc-17ec-4c43-b16b-cb9a0e339cfd', protocol='range'}
2025-08-13 16:36:28,455 INFO  [org.apa.kaf.cli.con.int.ConsumerCoordinator] (Thread-718) [Consumer clientId=consumer-Consumer-topic-25e6bb20_b84a_4112_af19_5fac1ea168f2-16, groupId=Consumer-topic-25e6bb20_b84a_4112_af19_5fac1ea168f2] Finished assignment for group at generation 1: {consumer-Consumer-topic-25e6bb20_b84a_4112_af19_5fac1ea168f2-16-b9057afc-17ec-4c43-b16b-cb9a0e339cfd=Assignment(partitions=[topic-25e6bb20_b84a_4112_af19_5fac1ea168f2-0])}
2025-08-13 16:36:28,462 INFO  [org.apa.kaf.cli.con.int.ConsumerCoordinator] (Thread-718) [Consumer clientId=consumer-Consumer-topic-25e6bb20_b84a_4112_af19_5fac1ea168f2-16, groupId=Consumer-topic-25e6bb20_b84a_4112_af19_5fac1ea168f2] Successfully synced group in generation Generation{generationId=1, memberId='consumer-Consumer-topic-25e6bb20_b84a_4112_af19_5fac1ea168f2-16-b9057afc-17ec-4c43-b16b-cb9a0e339cfd', protocol='range'}
2025-08-13 16:36:28,462 INFO  [org.apa.kaf.cli.con.int.ConsumerCoordinator] (Thread-718) [Consumer clientId=consumer-Consumer-topic-25e6bb20_b84a_4112_af19_5fac1ea168f2-16, groupId=Consumer-topic-25e6bb20_b84a_4112_af19_5fac1ea168f2] Notifying assignor about the new Assignment(partitions=[topic-25e6bb20_b84a_4112_af19_5fac1ea168f2-0])
2025-08-13 16:36:28,462 INFO  [org.apa.kaf.cli.con.int.ConsumerRebalanceListenerInvoker] (Thread-718) [Consumer clientId=consumer-Consumer-topic-25e6bb20_b84a_4112_af19_5fac1ea168f2-16, groupId=Consumer-topic-25e6bb20_b84a_4112_af19_5fac1ea168f2] Adding newly assigned partitions: topic-25e6bb20_b84a_4112_af19_5fac1ea168f2-0
2025-08-13 16:36:28,463 INFO  [org.apa.kaf.cli.con.int.ConsumerCoordinator] (Thread-718) [Consumer clientId=consumer-Consumer-topic-25e6bb20_b84a_4112_af19_5fac1ea168f2-16, groupId=Consumer-topic-25e6bb20_b84a_4112_af19_5fac1ea168f2] Found no committed offset for partition topic-25e6bb20_b84a_4112_af19_5fac1ea168f2-0
2025-08-13 16:36:28,467 INFO  [org.apa.kaf.cli.con.int.SubscriptionState] (Thread-718) [Consumer clientId=consumer-Consumer-topic-25e6bb20_b84a_4112_af19_5fac1ea168f2-16, groupId=Consumer-topic-25e6bb20_b84a_4112_af19_5fac1ea168f2] Resetting offset for partition topic-25e6bb20_b84a_4112_af19_5fac1ea168f2-0 to position FetchPosition{offset=0, offsetEpoch=Optional.empty, currentLeader=LeaderAndEpoch{leader=Optional[localhost:32769 (id: 0 rack: null)], epoch=0}}.
2025-08-13 16:36:28,509 INFO  [io.api.tes.ser.api.KafkaSerdesTester] (Thread-718) topic-25e6bb20_b84a_4112_af19_5fac1ea168f2 0 0 {"key11755102977042": "value-0"}
2025-08-13 16:36:28,509 INFO  [io.api.tes.ser.api.KafkaSerdesTester] (Thread-718) topic-25e6bb20_b84a_4112_af19_5fac1ea168f2 0 1 {"key11755102977042": "value-1"}
2025-08-13 16:36:28,509 INFO  [io.api.tes.ser.api.KafkaSerdesTester] (Thread-718) topic-25e6bb20_b84a_4112_af19_5fac1ea168f2 0 2 {"key11755102977042": "value-2"}
2025-08-13 16:36:28,509 INFO  [io.api.tes.ser.api.KafkaSerdesTester] (Thread-718) topic-25e6bb20_b84a_4112_af19_5fac1ea168f2 0 3 {"key11755102977042": "value-3"}
2025-08-13 16:36:28,509 INFO  [io.api.tes.ser.api.KafkaSerdesTester] (Thread-718) topic-25e6bb20_b84a_4112_af19_5fac1ea168f2 0 4 {"key11755102977042": "value-4"}
2025-08-13 16:36:28,509 INFO  [io.api.tes.ser.api.KafkaSerdesTester] (Thread-718) topic-25e6bb20_b84a_4112_af19_5fac1ea168f2 0 5 {"key11755102977042": "value-5"}
2025-08-13 16:36:28,509 INFO  [io.api.tes.ser.api.KafkaSerdesTester] (Thread-718) topic-25e6bb20_b84a_4112_af19_5fac1ea168f2 0 6 {"key11755102977042": "value-6"}
2025-08-13 16:36:28,509 INFO  [io.api.tes.ser.api.KafkaSerdesTester] (Thread-718) topic-25e6bb20_b84a_4112_af19_5fac1ea168f2 0 7 {"key11755102977042": "value-7"}
2025-08-13 16:36:28,509 INFO  [io.api.tes.ser.api.KafkaSerdesTester] (Thread-718) topic-25e6bb20_b84a_4112_af19_5fac1ea168f2 0 8 {"key11755102977042": "value-8"}
2025-08-13 16:36:28,509 INFO  [io.api.tes.ser.api.KafkaSerdesTester] (Thread-718) topic-25e6bb20_b84a_4112_af19_5fac1ea168f2 0 9 {"key11755102977042": "value-9"}
2025-08-13 16:36:28,509 INFO  [io.api.tes.ser.api.KafkaSerdesTester] (Thread-718) Consumed 10 messages
2025-08-13 16:36:28,518 INFO  [org.apa.kaf.cli.con.int.ConsumerRebalanceListenerInvoker] (Thread-718) [Consumer clientId=consumer-Consumer-topic-25e6bb20_b84a_4112_af19_5fac1ea168f2-16, groupId=Consumer-topic-25e6bb20_b84a_4112_af19_5fac1ea168f2] Revoke previously assigned partitions topic-25e6bb20_b84a_4112_af19_5fac1ea168f2-0
2025-08-13 16:36:28,518 INFO  [org.apa.kaf.cli.con.int.ConsumerCoordinator] (Thread-718) [Consumer clientId=consumer-Consumer-topic-25e6bb20_b84a_4112_af19_5fac1ea168f2-16, groupId=Consumer-topic-25e6bb20_b84a_4112_af19_5fac1ea168f2] Member consumer-Consumer-topic-25e6bb20_b84a_4112_af19_5fac1ea168f2-16-b9057afc-17ec-4c43-b16b-cb9a0e339cfd sending LeaveGroup request to coordinator localhost:32769 (id: 2147483647 rack: null) due to the consumer is being closed
2025-08-13 16:36:28,518 INFO  [org.apa.kaf.cli.con.int.ConsumerCoordinator] (Thread-718) [Consumer clientId=consumer-Consumer-topic-25e6bb20_b84a_4112_af19_5fac1ea168f2-16, groupId=Consumer-topic-25e6bb20_b84a_4112_af19_5fac1ea168f2] Resetting generation and member id due to: consumer pro-actively leaving the group
2025-08-13 16:36:28,518 INFO  [org.apa.kaf.cli.con.int.ConsumerCoordinator] (Thread-718) [Consumer clientId=consumer-Consumer-topic-25e6bb20_b84a_4112_af19_5fac1ea168f2-16, groupId=Consumer-topic-25e6bb20_b84a_4112_af19_5fac1ea168f2] Request joining group due to: consumer pro-actively leaving the group
2025-08-13 16:36:29,012 INFO  [org.apa.kaf.com.met.Metrics] (Thread-718) Metrics scheduler closed
2025-08-13 16:36:29,012 INFO  [org.apa.kaf.com.met.Metrics] (Thread-718) Closing reporter org.apache.kafka.common.metrics.JmxReporter
2025-08-13 16:36:29,012 INFO  [org.apa.kaf.com.met.Metrics] (Thread-718) Closing reporter org.apache.kafka.common.telemetry.internals.ClientTelemetryReporter
2025-08-13 16:36:29,012 INFO  [org.apa.kaf.com.met.Metrics] (Thread-718) Metrics reporters closed
2025-08-13 16:36:29,014 INFO  [org.apa.kaf.com.uti.AppInfoParser] (Thread-718) App info kafka.consumer for consumer-Consumer-topic-25e6bb20_b84a_4112_af19_5fac1ea168f2-16 unregistered
2025-08-13 16:36:29,015 INFO  [io.api.tes.uti.TestSeparator] (main) io.apicurio.tests.serdes.apicurio.AvroSerdeIT.testAvroConfluentForMultipleTopics-FINISHED
2025-08-13 16:36:29,015 INFO  [io.api.tes.uti.TestSeparator] (main) ############################################################################
Test passed: testAvroConfluentForMultipleTopics
]]></system-out>
  </testcase>
  <testcase name="testFirstRequestFailsRateLimited" classname="io.apicurio.tests.serdes.apicurio.AvroSerdeIT" time="1.135">
    <system-out><![CDATA[2025-08-13 16:36:29,017 INFO  [io.api.tes.uti.TestSeparator] (main) ############################################################################
2025-08-13 16:36:29,017 INFO  [io.api.tes.uti.TestSeparator] (main) io.apicurio.tests.serdes.apicurio.AvroSerdeIT.testFirstRequestFailsRateLimited-STARTED
2025-08-13 16:36:29,573 WARN  [org.ecl.jet.ser.AbstractConnector] (main) Acceptors should be <= availableProcessors: NetworkTrafficServerConnector@495b3b23{HTTP/1.1, (http/1.1, h2c)}{0.0.0.0:0} 
2025-08-13 16:36:29,706 INFO  [org.ecl.jet.ser.Server] (main) jetty-11.0.15; built: 2023-04-11T18:37:53.775Z; git: 5bc5e562c8d05c5862505aebe5cf83a61bdbcb96; jvm 17.0.16+8
2025-08-13 16:36:29,732 INFO  [org.ecl.jet.ser.han.ContextHandler] (main) Started o.e.j.s.ServletContextHandler@6719b4a{/__admin,null,AVAILABLE}
2025-08-13 16:36:29,740 INFO  [org.ecl.jet.ser.han.Con.ROOT] (main) RequestHandlerClass from context returned com.github.tomakehurst.wiremock.http.StubRequestHandler. Normalized mapped under returned 'null'
2025-08-13 16:36:29,742 INFO  [org.ecl.jet.ser.han.ContextHandler] (main) Started o.e.j.s.ServletContextHandler@6198bac2{/,null,AVAILABLE}
2025-08-13 16:36:29,750 INFO  [org.ecl.jet.ser.AbstractConnector] (main) Started NetworkTrafficServerConnector@495b3b23{HTTP/1.1, (http/1.1, h2c)}{0.0.0.0:45881}
2025-08-13 16:36:29,751 INFO  [org.ecl.jet.ser.Server] (main) Started Server@680882bd{STARTING}[11.0.15,sto=1000] @105588ms
**** Registry Base URL: http://registry-app-inmemory.apps.ci419.apicurio-testing.org:80
2025-08-13 16:36:29,766 INFO  [org.apa.kaf.cli.pro.ProducerConfig] (main) ProducerConfig values: 
	acks = -1
	auto.include.jmx.reporter = true
	batch.size = 16384
	bootstrap.servers = [PLAINTEXT://localhost:32769]
	buffer.memory = 33554432
	client.dns.lookup = use_all_dns_ips
	client.id = Producer-topic-acd8bed6_45ce_4deb_8206_bbd4a04e3c53
	compression.gzip.level = -1
	compression.lz4.level = 9
	compression.type = none
	compression.zstd.level = 3
	connections.max.idle.ms = 10000
	delivery.timeout.ms = 120000
	enable.idempotence = true
	enable.metrics.push = true
	interceptor.classes = []
	key.serializer = class org.apache.kafka.common.serialization.StringSerializer
	linger.ms = 0
	max.block.ms = 60000
	max.in.flight.requests.per.connection = 5
	max.request.size = 1048576
	metadata.max.age.ms = 300000
	metadata.max.idle.ms = 300000
	metadata.recovery.strategy = none
	metric.reporters = []
	metrics.num.samples = 2
	metrics.recording.level = INFO
	metrics.sample.window.ms = 30000
	partitioner.adaptive.partitioning.enable = true
	partitioner.availability.timeout.ms = 0
	partitioner.class = null
	partitioner.ignore.keys = false
	receive.buffer.bytes = 32768
	reconnect.backoff.max.ms = 1000
	reconnect.backoff.ms = 50
	request.timeout.ms = 5000
	retries = 2147483647
	retry.backoff.max.ms = 1000
	retry.backoff.ms = 100
	sasl.client.callback.handler.class = null
	sasl.jaas.config = null
	sasl.kerberos.kinit.cmd = /usr/bin/kinit
	sasl.kerberos.min.time.before.relogin = 60000
	sasl.kerberos.service.name = null
	sasl.kerberos.ticket.renew.jitter = 0.05
	sasl.kerberos.ticket.renew.window.factor = 0.8
	sasl.login.callback.handler.class = null
	sasl.login.class = null
	sasl.login.connect.timeout.ms = null
	sasl.login.read.timeout.ms = null
	sasl.login.refresh.buffer.seconds = 300
	sasl.login.refresh.min.period.seconds = 60
	sasl.login.refresh.window.factor = 0.8
	sasl.login.refresh.window.jitter = 0.05
	sasl.login.retry.backoff.max.ms = 10000
	sasl.login.retry.backoff.ms = 100
	sasl.mechanism = GSSAPI
	sasl.oauthbearer.clock.skew.seconds = 30
	sasl.oauthbearer.expected.audience = null
	sasl.oauthbearer.expected.issuer = null
	sasl.oauthbearer.header.urlencode = false
	sasl.oauthbearer.jwks.endpoint.refresh.ms = 3600000
	sasl.oauthbearer.jwks.endpoint.retry.backoff.max.ms = 10000
	sasl.oauthbearer.jwks.endpoint.retry.backoff.ms = 100
	sasl.oauthbearer.jwks.endpoint.url = null
	sasl.oauthbearer.scope.claim.name = scope
	sasl.oauthbearer.sub.claim.name = sub
	sasl.oauthbearer.token.endpoint.url = null
	security.protocol = PLAINTEXT
	security.providers = null
	send.buffer.bytes = 131072
	socket.connection.setup.timeout.max.ms = 30000
	socket.connection.setup.timeout.ms = 10000
	ssl.cipher.suites = null
	ssl.enabled.protocols = [TLSv1.2, TLSv1.3]
	ssl.endpoint.identification.algorithm = https
	ssl.engine.factory.class = null
	ssl.key.password = null
	ssl.keymanager.algorithm = SunX509
	ssl.keystore.certificate.chain = null
	ssl.keystore.key = null
	ssl.keystore.location = null
	ssl.keystore.password = null
	ssl.keystore.type = JKS
	ssl.protocol = TLSv1.3
	ssl.provider = null
	ssl.secure.random.implementation = null
	ssl.trustmanager.algorithm = PKIX
	ssl.truststore.certificates = null
	ssl.truststore.location = null
	ssl.truststore.password = null
	ssl.truststore.type = JKS
	transaction.timeout.ms = 60000
	transactional.id = null
	value.serializer = class io.apicurio.registry.serde.avro.AvroKafkaSerializer

2025-08-13 16:36:29,767 INFO  [org.apa.kaf.com.tel.int.KafkaMetricsCollector] (main) initializing Kafka metrics collector
2025-08-13 16:36:29,770 INFO  [org.apa.kaf.cli.pro.KafkaProducer] (main) [Producer clientId=Producer-topic-acd8bed6_45ce_4deb_8206_bbd4a04e3c53] Instantiated an idempotent producer.
2025-08-13 16:36:29,773 INFO  [org.apa.kaf.cli.pro.ProducerConfig] (main) These configurations '[apicurio.registry.url, apicurio.registry.artifact-resolver-strategy]' were supplied but are not used yet.
2025-08-13 16:36:29,773 INFO  [org.apa.kaf.com.uti.AppInfoParser] (main) Kafka version: 3.9.1
2025-08-13 16:36:29,773 INFO  [org.apa.kaf.com.uti.AppInfoParser] (main) Kafka commitId: f745dfdcee2b9851
2025-08-13 16:36:29,773 INFO  [org.apa.kaf.com.uti.AppInfoParser] (main) Kafka startTimeMs: 1755102989773
2025-08-13 16:36:29,776 INFO  [io.api.tes.ser.api.KafkaSerdesTester] (Thread-729) Sending message {"keyB": "value-0"} to topic topic-acd8bed6_45ce_4deb_8206_bbd4a04e3c53
2025-08-13 16:36:29,779 WARN  [org.apa.kaf.cli.NetworkClient] (kafka-producer-network-thread | Producer-topic-acd8bed6_45ce_4deb_8206_bbd4a04e3c53) [Producer clientId=Producer-topic-acd8bed6_45ce_4deb_8206_bbd4a04e3c53] The metadata response from the cluster reported a recoverable issue with correlation id 1 : {topic-acd8bed6_45ce_4deb_8206_bbd4a04e3c53=UNKNOWN_TOPIC_OR_PARTITION}
2025-08-13 16:36:29,779 INFO  [org.apa.kaf.cli.Metadata] (kafka-producer-network-thread | Producer-topic-acd8bed6_45ce_4deb_8206_bbd4a04e3c53) [Producer clientId=Producer-topic-acd8bed6_45ce_4deb_8206_bbd4a04e3c53] Cluster ID: Ytz5hAjST9OxAjCVQ_7B1Q
2025-08-13 16:36:29,779 INFO  [org.apa.kaf.cli.pro.int.TransactionManager] (kafka-producer-network-thread | Producer-topic-acd8bed6_45ce_4deb_8206_bbd4a04e3c53) [Producer clientId=Producer-topic-acd8bed6_45ce_4deb_8206_bbd4a04e3c53] ProducerId set to 22 with epoch 0
2025-08-13 16:36:29,900 INFO  [DefaultSchemaResolver] (Thread-729) Retrieving schema content using string: {"type":"record","name":"myrecord","namespace":"mygroup","fields":[{"name":"keyB","type":"string"}]}
2025-08-13 16:36:30,133 INFO  [org.apa.kaf.cli.pro.KafkaProducer] (Thread-729) [Producer clientId=Producer-topic-acd8bed6_45ce_4deb_8206_bbd4a04e3c53] Closing the Kafka producer with timeoutMillis = 9223372036854775807 ms.
2025-08-13 16:36:30,138 INFO  [org.apa.kaf.com.met.Metrics] (Thread-729) Metrics scheduler closed
2025-08-13 16:36:30,138 INFO  [org.apa.kaf.com.met.Metrics] (Thread-729) Closing reporter org.apache.kafka.common.metrics.JmxReporter
2025-08-13 16:36:30,138 INFO  [org.apa.kaf.com.met.Metrics] (Thread-729) Closing reporter org.apache.kafka.common.telemetry.internals.ClientTelemetryReporter
2025-08-13 16:36:30,138 INFO  [org.apa.kaf.com.met.Metrics] (Thread-729) Metrics reporters closed
2025-08-13 16:36:30,138 INFO  [org.apa.kaf.com.uti.AppInfoParser] (Thread-729) App info kafka.producer for Producer-topic-acd8bed6_45ce_4deb_8206_bbd4a04e3c53 unregistered
2025-08-13 16:36:30,140 INFO  [org.ecl.jet.ser.Server] (main) Stopped Server@680882bd{STOPPING}[11.0.15,sto=1000]
2025-08-13 16:36:30,140 INFO  [org.ecl.jet.ser.Server] (main) Shutdown Server@680882bd{STOPPING}[11.0.15,sto=1000]
2025-08-13 16:36:30,147 INFO  [org.ecl.jet.ser.AbstractConnector] (main) Stopped NetworkTrafficServerConnector@495b3b23{HTTP/1.1, (http/1.1, h2c)}{0.0.0.0:0}
2025-08-13 16:36:30,148 INFO  [org.ecl.jet.ser.han.ContextHandler] (main) Stopped o.e.j.s.ServletContextHandler@6198bac2{/,null,STOPPED}
2025-08-13 16:36:30,149 INFO  [org.ecl.jet.ser.han.ContextHandler] (main) Stopped o.e.j.s.ServletContextHandler@6719b4a{/__admin,null,STOPPED}
2025-08-13 16:36:30,151 INFO  [io.api.tes.uti.TestSeparator] (main) io.apicurio.tests.serdes.apicurio.AvroSerdeIT.testFirstRequestFailsRateLimited-FINISHED
2025-08-13 16:36:30,151 INFO  [io.api.tes.uti.TestSeparator] (main) ############################################################################
Test passed: testFirstRequestFailsRateLimited
]]></system-out>
    <system-err><![CDATA[com.microsoft.kiota.ApiException: the server returned an unexpected status code and no error class is registered for this code 429
	at com.microsoft.kiota.ApiExceptionBuilder.withMessage(ApiExceptionBuilder.java:45)
	at io.kiota.http.vertx.VertXRequestAdapter.throwIfFailedResponse(VertXRequestAdapter.java:370)
	at io.kiota.http.vertx.VertXRequestAdapter.send(VertXRequestAdapter.java:170)
	at io.apicurio.registry.rest.client.search.versions.VersionsRequestBuilder.post(VersionsRequestBuilder.java:94)
	at io.apicurio.registry.resolver.client.RegistryClientFacadeImpl.searchVersionsByContent(RegistryClientFacadeImpl.java:106)
	at io.apicurio.registry.resolver.DefaultSchemaResolver.lambda$handleResolveSchemaByContent$3(DefaultSchemaResolver.java:258)
	at io.apicurio.registry.resolver.cache.ERCache.lambda$getValue$0(ERCache.java:174)
	at io.apicurio.registry.resolver.cache.ERCache.retry(ERCache.java:227)
	at io.apicurio.registry.resolver.cache.ERCache.getValue(ERCache.java:173)
	at io.apicurio.registry.resolver.cache.ERCache.getByContent(ERCache.java:147)
	at io.apicurio.registry.resolver.DefaultSchemaResolver.handleResolveSchemaByContent(DefaultSchemaResolver.java:253)
	at io.apicurio.registry.resolver.DefaultSchemaResolver.getSchemaFromRegistry(DefaultSchemaResolver.java:138)
	at io.apicurio.registry.resolver.DefaultSchemaResolver.lambda$resolveSchema$0(DefaultSchemaResolver.java:84)
	at java.base/java.util.Optional.orElseGet(Optional.java:364)
	at io.apicurio.registry.resolver.DefaultSchemaResolver.resolveSchema(DefaultSchemaResolver.java:84)
	at io.apicurio.registry.serde.AbstractSerializer.serializeData(AbstractSerializer.java:62)
	at io.apicurio.registry.serde.KafkaSerializer.serialize(KafkaSerializer.java:77)
	at org.apache.kafka.clients.producer.KafkaProducer.doSend(KafkaProducer.java:1046)
	at org.apache.kafka.clients.producer.KafkaProducer.send(KafkaProducer.java:993)
	at org.apache.kafka.clients.producer.KafkaProducer.send(KafkaProducer.java:875)
	at io.apicurio.tests.serdes.apicurio.KafkaSerdesTester.lambda$produceMessages$3(KafkaSerdesTester.java:138)
	at java.base/java.util.concurrent.CompletableFuture$AsyncSupply.run(CompletableFuture.java:1768)
	at java.base/java.lang.Thread.run(Thread.java:840)
]]></system-err>
  </testcase>
  <testcase name="testFirstEmptyFieldConfusedAsMagicByte" classname="io.apicurio.tests.serdes.apicurio.AvroSerdeIT" time="3.808">
    <system-out><![CDATA[2025-08-13 16:36:30,153 INFO  [io.api.tes.uti.TestSeparator] (main) ############################################################################
2025-08-13 16:36:30,153 INFO  [io.api.tes.uti.TestSeparator] (main) io.apicurio.tests.serdes.apicurio.AvroSerdeIT.testFirstEmptyFieldConfusedAsMagicByte-STARTED
**** Registry Base URL: http://registry-app-inmemory.apps.ci419.apicurio-testing.org:80
2025-08-13 16:36:30,158 INFO  [org.apa.kaf.cli.pro.ProducerConfig] (main) ProducerConfig values: 
	acks = -1
	auto.include.jmx.reporter = true
	batch.size = 16384
	bootstrap.servers = [PLAINTEXT://localhost:32769]
	buffer.memory = 33554432
	client.dns.lookup = use_all_dns_ips
	client.id = Producer-topic-91676b0b_eb52_45fb_83c5_0fdf6a093bbc
	compression.gzip.level = -1
	compression.lz4.level = 9
	compression.type = none
	compression.zstd.level = 3
	connections.max.idle.ms = 10000
	delivery.timeout.ms = 120000
	enable.idempotence = true
	enable.metrics.push = true
	interceptor.classes = []
	key.serializer = class org.apache.kafka.common.serialization.StringSerializer
	linger.ms = 0
	max.block.ms = 60000
	max.in.flight.requests.per.connection = 5
	max.request.size = 1048576
	metadata.max.age.ms = 300000
	metadata.max.idle.ms = 300000
	metadata.recovery.strategy = none
	metric.reporters = []
	metrics.num.samples = 2
	metrics.recording.level = INFO
	metrics.sample.window.ms = 30000
	partitioner.adaptive.partitioning.enable = true
	partitioner.availability.timeout.ms = 0
	partitioner.class = null
	partitioner.ignore.keys = false
	receive.buffer.bytes = 32768
	reconnect.backoff.max.ms = 1000
	reconnect.backoff.ms = 50
	request.timeout.ms = 5000
	retries = 2147483647
	retry.backoff.max.ms = 1000
	retry.backoff.ms = 100
	sasl.client.callback.handler.class = null
	sasl.jaas.config = null
	sasl.kerberos.kinit.cmd = /usr/bin/kinit
	sasl.kerberos.min.time.before.relogin = 60000
	sasl.kerberos.service.name = null
	sasl.kerberos.ticket.renew.jitter = 0.05
	sasl.kerberos.ticket.renew.window.factor = 0.8
	sasl.login.callback.handler.class = null
	sasl.login.class = null
	sasl.login.connect.timeout.ms = null
	sasl.login.read.timeout.ms = null
	sasl.login.refresh.buffer.seconds = 300
	sasl.login.refresh.min.period.seconds = 60
	sasl.login.refresh.window.factor = 0.8
	sasl.login.refresh.window.jitter = 0.05
	sasl.login.retry.backoff.max.ms = 10000
	sasl.login.retry.backoff.ms = 100
	sasl.mechanism = GSSAPI
	sasl.oauthbearer.clock.skew.seconds = 30
	sasl.oauthbearer.expected.audience = null
	sasl.oauthbearer.expected.issuer = null
	sasl.oauthbearer.header.urlencode = false
	sasl.oauthbearer.jwks.endpoint.refresh.ms = 3600000
	sasl.oauthbearer.jwks.endpoint.retry.backoff.max.ms = 10000
	sasl.oauthbearer.jwks.endpoint.retry.backoff.ms = 100
	sasl.oauthbearer.jwks.endpoint.url = null
	sasl.oauthbearer.scope.claim.name = scope
	sasl.oauthbearer.sub.claim.name = sub
	sasl.oauthbearer.token.endpoint.url = null
	security.protocol = PLAINTEXT
	security.providers = null
	send.buffer.bytes = 131072
	socket.connection.setup.timeout.max.ms = 30000
	socket.connection.setup.timeout.ms = 10000
	ssl.cipher.suites = null
	ssl.enabled.protocols = [TLSv1.2, TLSv1.3]
	ssl.endpoint.identification.algorithm = https
	ssl.engine.factory.class = null
	ssl.key.password = null
	ssl.keymanager.algorithm = SunX509
	ssl.keystore.certificate.chain = null
	ssl.keystore.key = null
	ssl.keystore.location = null
	ssl.keystore.password = null
	ssl.keystore.type = JKS
	ssl.protocol = TLSv1.3
	ssl.provider = null
	ssl.secure.random.implementation = null
	ssl.trustmanager.algorithm = PKIX
	ssl.truststore.certificates = null
	ssl.truststore.location = null
	ssl.truststore.password = null
	ssl.truststore.type = JKS
	transaction.timeout.ms = 60000
	transactional.id = null
	value.serializer = class io.apicurio.registry.serde.avro.AvroKafkaSerializer

2025-08-13 16:36:30,158 INFO  [org.apa.kaf.com.tel.int.KafkaMetricsCollector] (main) initializing Kafka metrics collector
2025-08-13 16:36:30,166 INFO  [org.apa.kaf.cli.pro.KafkaProducer] (main) [Producer clientId=Producer-topic-91676b0b_eb52_45fb_83c5_0fdf6a093bbc] Instantiated an idempotent producer.
2025-08-13 16:36:30,168 INFO  [org.apa.kaf.cli.pro.ProducerConfig] (main) These configurations '[apicurio.registry.url, apicurio.registry.auto-register, apicurio.registry.artifact-resolver-strategy]' were supplied but are not used yet.
2025-08-13 16:36:30,168 INFO  [org.apa.kaf.com.uti.AppInfoParser] (main) Kafka version: 3.9.1
2025-08-13 16:36:30,168 INFO  [org.apa.kaf.com.uti.AppInfoParser] (main) Kafka commitId: f745dfdcee2b9851
2025-08-13 16:36:30,168 INFO  [org.apa.kaf.com.uti.AppInfoParser] (main) Kafka startTimeMs: 1755102990168
2025-08-13 16:36:30,169 INFO  [io.api.tes.ser.api.SimpleSerdesTesterBuilder$SimpleSerdesTester] (main) Using producer configuration: {apicurio.registry.url=http://registry-app-inmemory.apps.ci419.apicurio-testing.org:80/apis/registry/v3, apicurio.registry.auto-register=true, apicurio.registry.artifact-resolver-strategy=io.apicurio.registry.serde.strategy.SimpleTopicIdStrategy, value.serializer=io.apicurio.registry.serde.avro.AvroKafkaSerializer, request.timeout.ms=5000, acks=all, bootstrap.servers=PLAINTEXT://localhost:32769, connections.max.idle.ms=10000, key.serializer=org.apache.kafka.common.serialization.StringSerializer, client.id=Producer-topic-91676b0b_eb52_45fb_83c5_0fdf6a093bbc}
2025-08-13 16:36:30,169 INFO  [io.api.tes.ser.api.SimpleSerdesTesterBuilder$SimpleSerdesTester] (main) Using consumer configuration: {}
2025-08-13 16:36:30,171 INFO  [io.api.tes.ser.api.KafkaSerdesTester] (Thread-732) Sending message {"username": null} to topic topic-91676b0b_eb52_45fb_83c5_0fdf6a093bbc
2025-08-13 16:36:30,176 WARN  [org.apa.kaf.cli.NetworkClient] (kafka-producer-network-thread | Producer-topic-91676b0b_eb52_45fb_83c5_0fdf6a093bbc) [Producer clientId=Producer-topic-91676b0b_eb52_45fb_83c5_0fdf6a093bbc] The metadata response from the cluster reported a recoverable issue with correlation id 1 : {topic-91676b0b_eb52_45fb_83c5_0fdf6a093bbc=UNKNOWN_TOPIC_OR_PARTITION}
2025-08-13 16:36:30,177 INFO  [org.apa.kaf.cli.Metadata] (kafka-producer-network-thread | Producer-topic-91676b0b_eb52_45fb_83c5_0fdf6a093bbc) [Producer clientId=Producer-topic-91676b0b_eb52_45fb_83c5_0fdf6a093bbc] Cluster ID: Ytz5hAjST9OxAjCVQ_7B1Q
2025-08-13 16:36:30,177 INFO  [org.apa.kaf.cli.pro.int.TransactionManager] (kafka-producer-network-thread | Producer-topic-91676b0b_eb52_45fb_83c5_0fdf6a093bbc) [Producer clientId=Producer-topic-91676b0b_eb52_45fb_83c5_0fdf6a093bbc] ProducerId set to 23 with epoch 0
2025-08-13 16:36:30,332 INFO  [io.api.tes.ser.api.KafkaSerdesTester] (Thread-732) Sending message {"username": null} to topic topic-91676b0b_eb52_45fb_83c5_0fdf6a093bbc
2025-08-13 16:36:30,333 INFO  [io.api.tes.ser.api.KafkaSerdesTester] (Thread-732) Sending message {"username": "value-2"} to topic topic-91676b0b_eb52_45fb_83c5_0fdf6a093bbc
2025-08-13 16:36:30,334 INFO  [io.api.tes.ser.api.KafkaSerdesTester] (Thread-732) Sending message {"username": null} to topic topic-91676b0b_eb52_45fb_83c5_0fdf6a093bbc
2025-08-13 16:36:30,336 INFO  [io.api.tes.ser.api.KafkaSerdesTester] (Thread-732) Sending message {"username": "value-4"} to topic topic-91676b0b_eb52_45fb_83c5_0fdf6a093bbc
2025-08-13 16:36:30,337 INFO  [io.api.tes.ser.api.KafkaSerdesTester] (Thread-732) Sending message {"username": null} to topic topic-91676b0b_eb52_45fb_83c5_0fdf6a093bbc
2025-08-13 16:36:30,338 INFO  [io.api.tes.ser.api.KafkaSerdesTester] (Thread-732) Sending message {"username": "value-6"} to topic topic-91676b0b_eb52_45fb_83c5_0fdf6a093bbc
2025-08-13 16:36:30,340 INFO  [io.api.tes.ser.api.KafkaSerdesTester] (Thread-732) Sending message {"username": null} to topic topic-91676b0b_eb52_45fb_83c5_0fdf6a093bbc
2025-08-13 16:36:30,342 INFO  [io.api.tes.ser.api.KafkaSerdesTester] (Thread-732) Sending message {"username": "value-8"} to topic topic-91676b0b_eb52_45fb_83c5_0fdf6a093bbc
2025-08-13 16:36:30,344 INFO  [io.api.tes.ser.api.KafkaSerdesTester] (Thread-732) Sending message {"username": null} to topic topic-91676b0b_eb52_45fb_83c5_0fdf6a093bbc
2025-08-13 16:36:30,345 INFO  [io.api.tes.ser.api.KafkaSerdesTester] (Thread-732) Produced 10 messages
2025-08-13 16:36:30,346 INFO  [org.apa.kaf.cli.pro.KafkaProducer] (Thread-732) [Producer clientId=Producer-topic-91676b0b_eb52_45fb_83c5_0fdf6a093bbc] Closing the Kafka producer with timeoutMillis = 9223372036854775807 ms.
2025-08-13 16:36:30,349 INFO  [org.apa.kaf.com.met.Metrics] (Thread-732) Metrics scheduler closed
2025-08-13 16:36:30,349 INFO  [org.apa.kaf.com.met.Metrics] (Thread-732) Closing reporter org.apache.kafka.common.metrics.JmxReporter
2025-08-13 16:36:30,349 INFO  [org.apa.kaf.com.met.Metrics] (Thread-732) Closing reporter org.apache.kafka.common.telemetry.internals.ClientTelemetryReporter
2025-08-13 16:36:30,349 INFO  [org.apa.kaf.com.met.Metrics] (Thread-732) Metrics reporters closed
2025-08-13 16:36:30,349 INFO  [org.apa.kaf.com.uti.AppInfoParser] (Thread-732) App info kafka.producer for Producer-topic-91676b0b_eb52_45fb_83c5_0fdf6a093bbc unregistered
**** Registry Base URL: http://registry-app-inmemory.apps.ci419.apicurio-testing.org:80
2025-08-13 16:36:30,382 INFO  [org.apa.kaf.cli.con.ConsumerConfig] (main) ConsumerConfig values: 
	allow.auto.create.topics = true
	auto.commit.interval.ms = 500
	auto.include.jmx.reporter = true
	auto.offset.reset = earliest
	bootstrap.servers = [PLAINTEXT://localhost:32769]
	check.crcs = true
	client.dns.lookup = use_all_dns_ips
	client.id = consumer-Consumer-topic-91676b0b_eb52_45fb_83c5_0fdf6a093bbc-17
	client.rack = 
	connections.max.idle.ms = 10000
	default.api.timeout.ms = 60000
	enable.auto.commit = true
	enable.metrics.push = true
	exclude.internal.topics = true
	fetch.max.bytes = 52428800
	fetch.max.wait.ms = 500
	fetch.min.bytes = 1
	group.id = Consumer-topic-91676b0b_eb52_45fb_83c5_0fdf6a093bbc
	group.instance.id = null
	group.protocol = classic
	group.remote.assignor = null
	heartbeat.interval.ms = 3000
	interceptor.classes = []
	internal.leave.group.on.close = true
	internal.throw.on.fetch.stable.offset.unsupported = false
	isolation.level = read_uncommitted
	key.deserializer = class org.apache.kafka.common.serialization.StringDeserializer
	max.partition.fetch.bytes = 1048576
	max.poll.interval.ms = 300000
	max.poll.records = 500
	metadata.max.age.ms = 300000
	metadata.recovery.strategy = none
	metric.reporters = []
	metrics.num.samples = 2
	metrics.recording.level = INFO
	metrics.sample.window.ms = 30000
	partition.assignment.strategy = [class org.apache.kafka.clients.consumer.RangeAssignor, class org.apache.kafka.clients.consumer.CooperativeStickyAssignor]
	receive.buffer.bytes = 65536
	reconnect.backoff.max.ms = 1000
	reconnect.backoff.ms = 50
	request.timeout.ms = 5000
	retry.backoff.max.ms = 1000
	retry.backoff.ms = 100
	sasl.client.callback.handler.class = null
	sasl.jaas.config = null
	sasl.kerberos.kinit.cmd = /usr/bin/kinit
	sasl.kerberos.min.time.before.relogin = 60000
	sasl.kerberos.service.name = null
	sasl.kerberos.ticket.renew.jitter = 0.05
	sasl.kerberos.ticket.renew.window.factor = 0.8
	sasl.login.callback.handler.class = null
	sasl.login.class = null
	sasl.login.connect.timeout.ms = null
	sasl.login.read.timeout.ms = null
	sasl.login.refresh.buffer.seconds = 300
	sasl.login.refresh.min.period.seconds = 60
	sasl.login.refresh.window.factor = 0.8
	sasl.login.refresh.window.jitter = 0.05
	sasl.login.retry.backoff.max.ms = 10000
	sasl.login.retry.backoff.ms = 100
	sasl.mechanism = GSSAPI
	sasl.oauthbearer.clock.skew.seconds = 30
	sasl.oauthbearer.expected.audience = null
	sasl.oauthbearer.expected.issuer = null
	sasl.oauthbearer.header.urlencode = false
	sasl.oauthbearer.jwks.endpoint.refresh.ms = 3600000
	sasl.oauthbearer.jwks.endpoint.retry.backoff.max.ms = 10000
	sasl.oauthbearer.jwks.endpoint.retry.backoff.ms = 100
	sasl.oauthbearer.jwks.endpoint.url = null
	sasl.oauthbearer.scope.claim.name = scope
	sasl.oauthbearer.sub.claim.name = sub
	sasl.oauthbearer.token.endpoint.url = null
	security.protocol = PLAINTEXT
	security.providers = null
	send.buffer.bytes = 131072
	session.timeout.ms = 45000
	socket.connection.setup.timeout.max.ms = 30000
	socket.connection.setup.timeout.ms = 10000
	ssl.cipher.suites = null
	ssl.enabled.protocols = [TLSv1.2, TLSv1.3]
	ssl.endpoint.identification.algorithm = https
	ssl.engine.factory.class = null
	ssl.key.password = null
	ssl.keymanager.algorithm = SunX509
	ssl.keystore.certificate.chain = null
	ssl.keystore.key = null
	ssl.keystore.location = null
	ssl.keystore.password = null
	ssl.keystore.type = JKS
	ssl.protocol = TLSv1.3
	ssl.provider = null
	ssl.secure.random.implementation = null
	ssl.trustmanager.algorithm = PKIX
	ssl.truststore.certificates = null
	ssl.truststore.location = null
	ssl.truststore.password = null
	ssl.truststore.type = JKS
	value.deserializer = class io.apicurio.registry.serde.avro.AvroKafkaDeserializer

2025-08-13 16:36:30,383 INFO  [org.apa.kaf.com.tel.int.KafkaMetricsCollector] (main) initializing Kafka metrics collector
2025-08-13 16:36:30,391 INFO  [org.apa.kaf.cli.con.ConsumerConfig] (main) These configurations '[apicurio.registry.url]' were supplied but are not used yet.
2025-08-13 16:36:30,391 INFO  [org.apa.kaf.com.uti.AppInfoParser] (main) Kafka version: 3.9.1
2025-08-13 16:36:30,391 INFO  [org.apa.kaf.com.uti.AppInfoParser] (main) Kafka commitId: f745dfdcee2b9851
2025-08-13 16:36:30,391 INFO  [org.apa.kaf.com.uti.AppInfoParser] (main) Kafka startTimeMs: 1755102990391
2025-08-13 16:36:30,392 INFO  [org.apa.kaf.cli.con.int.ClassicKafkaConsumer] (Thread-735) [Consumer clientId=consumer-Consumer-topic-91676b0b_eb52_45fb_83c5_0fdf6a093bbc-17, groupId=Consumer-topic-91676b0b_eb52_45fb_83c5_0fdf6a093bbc] Subscribed to topic(s): topic-91676b0b_eb52_45fb_83c5_0fdf6a093bbc
2025-08-13 16:36:30,395 INFO  [org.apa.kaf.cli.Metadata] (Thread-735) [Consumer clientId=consumer-Consumer-topic-91676b0b_eb52_45fb_83c5_0fdf6a093bbc-17, groupId=Consumer-topic-91676b0b_eb52_45fb_83c5_0fdf6a093bbc] Cluster ID: Ytz5hAjST9OxAjCVQ_7B1Q
2025-08-13 16:36:30,399 INFO  [org.apa.kaf.cli.con.int.ConsumerCoordinator] (Thread-735) [Consumer clientId=consumer-Consumer-topic-91676b0b_eb52_45fb_83c5_0fdf6a093bbc-17, groupId=Consumer-topic-91676b0b_eb52_45fb_83c5_0fdf6a093bbc] Discovered group coordinator localhost:32769 (id: 2147483647 rack: null)
2025-08-13 16:36:30,401 INFO  [org.apa.kaf.cli.con.int.ConsumerCoordinator] (Thread-735) [Consumer clientId=consumer-Consumer-topic-91676b0b_eb52_45fb_83c5_0fdf6a093bbc-17, groupId=Consumer-topic-91676b0b_eb52_45fb_83c5_0fdf6a093bbc] (Re-)joining group
2025-08-13 16:36:30,405 INFO  [org.apa.kaf.cli.con.int.ConsumerCoordinator] (Thread-735) [Consumer clientId=consumer-Consumer-topic-91676b0b_eb52_45fb_83c5_0fdf6a093bbc-17, groupId=Consumer-topic-91676b0b_eb52_45fb_83c5_0fdf6a093bbc] Request joining group due to: need to re-join with the given member-id: consumer-Consumer-topic-91676b0b_eb52_45fb_83c5_0fdf6a093bbc-17-ba383113-d444-4fe5-a91d-63b6bd6a2382
2025-08-13 16:36:30,406 INFO  [org.apa.kaf.cli.con.int.ConsumerCoordinator] (Thread-735) [Consumer clientId=consumer-Consumer-topic-91676b0b_eb52_45fb_83c5_0fdf6a093bbc-17, groupId=Consumer-topic-91676b0b_eb52_45fb_83c5_0fdf6a093bbc] (Re-)joining group
2025-08-13 16:36:31,392 INFO  [io.api.tes.ser.api.KafkaSerdesTester] (Thread-735) None found
2025-08-13 16:36:32,393 INFO  [io.api.tes.ser.api.KafkaSerdesTester] (Thread-735) None found
2025-08-13 16:36:33,393 INFO  [io.api.tes.ser.api.KafkaSerdesTester] (Thread-735) None found
2025-08-13 16:36:33,408 INFO  [org.apa.kaf.cli.con.int.ConsumerCoordinator] (Thread-735) [Consumer clientId=consumer-Consumer-topic-91676b0b_eb52_45fb_83c5_0fdf6a093bbc-17, groupId=Consumer-topic-91676b0b_eb52_45fb_83c5_0fdf6a093bbc] Successfully joined group with generation Generation{generationId=1, memberId='consumer-Consumer-topic-91676b0b_eb52_45fb_83c5_0fdf6a093bbc-17-ba383113-d444-4fe5-a91d-63b6bd6a2382', protocol='range'}
2025-08-13 16:36:33,409 INFO  [org.apa.kaf.cli.con.int.ConsumerCoordinator] (Thread-735) [Consumer clientId=consumer-Consumer-topic-91676b0b_eb52_45fb_83c5_0fdf6a093bbc-17, groupId=Consumer-topic-91676b0b_eb52_45fb_83c5_0fdf6a093bbc] Finished assignment for group at generation 1: {consumer-Consumer-topic-91676b0b_eb52_45fb_83c5_0fdf6a093bbc-17-ba383113-d444-4fe5-a91d-63b6bd6a2382=Assignment(partitions=[topic-91676b0b_eb52_45fb_83c5_0fdf6a093bbc-0])}
2025-08-13 16:36:33,416 INFO  [org.apa.kaf.cli.con.int.ConsumerCoordinator] (Thread-735) [Consumer clientId=consumer-Consumer-topic-91676b0b_eb52_45fb_83c5_0fdf6a093bbc-17, groupId=Consumer-topic-91676b0b_eb52_45fb_83c5_0fdf6a093bbc] Successfully synced group in generation Generation{generationId=1, memberId='consumer-Consumer-topic-91676b0b_eb52_45fb_83c5_0fdf6a093bbc-17-ba383113-d444-4fe5-a91d-63b6bd6a2382', protocol='range'}
2025-08-13 16:36:33,416 INFO  [org.apa.kaf.cli.con.int.ConsumerCoordinator] (Thread-735) [Consumer clientId=consumer-Consumer-topic-91676b0b_eb52_45fb_83c5_0fdf6a093bbc-17, groupId=Consumer-topic-91676b0b_eb52_45fb_83c5_0fdf6a093bbc] Notifying assignor about the new Assignment(partitions=[topic-91676b0b_eb52_45fb_83c5_0fdf6a093bbc-0])
2025-08-13 16:36:33,416 INFO  [org.apa.kaf.cli.con.int.ConsumerRebalanceListenerInvoker] (Thread-735) [Consumer clientId=consumer-Consumer-topic-91676b0b_eb52_45fb_83c5_0fdf6a093bbc-17, groupId=Consumer-topic-91676b0b_eb52_45fb_83c5_0fdf6a093bbc] Adding newly assigned partitions: topic-91676b0b_eb52_45fb_83c5_0fdf6a093bbc-0
2025-08-13 16:36:33,417 INFO  [org.apa.kaf.cli.con.int.ConsumerCoordinator] (Thread-735) [Consumer clientId=consumer-Consumer-topic-91676b0b_eb52_45fb_83c5_0fdf6a093bbc-17, groupId=Consumer-topic-91676b0b_eb52_45fb_83c5_0fdf6a093bbc] Found no committed offset for partition topic-91676b0b_eb52_45fb_83c5_0fdf6a093bbc-0
2025-08-13 16:36:33,419 INFO  [org.apa.kaf.cli.con.int.SubscriptionState] (Thread-735) [Consumer clientId=consumer-Consumer-topic-91676b0b_eb52_45fb_83c5_0fdf6a093bbc-17, groupId=Consumer-topic-91676b0b_eb52_45fb_83c5_0fdf6a093bbc] Resetting offset for partition topic-91676b0b_eb52_45fb_83c5_0fdf6a093bbc-0 to position FetchPosition{offset=0, offsetEpoch=Optional.empty, currentLeader=LeaderAndEpoch{leader=Optional[localhost:32769 (id: 0 rack: null)], epoch=0}}.
2025-08-13 16:36:33,455 INFO  [io.api.tes.ser.api.KafkaSerdesTester] (Thread-735) topic-91676b0b_eb52_45fb_83c5_0fdf6a093bbc 0 0 {"username": null}
2025-08-13 16:36:33,455 INFO  [io.api.tes.ser.api.KafkaSerdesTester] (Thread-735) topic-91676b0b_eb52_45fb_83c5_0fdf6a093bbc 0 1 {"username": null}
2025-08-13 16:36:33,455 INFO  [io.api.tes.ser.api.KafkaSerdesTester] (Thread-735) topic-91676b0b_eb52_45fb_83c5_0fdf6a093bbc 0 2 {"username": "value-2"}
2025-08-13 16:36:33,456 INFO  [io.api.tes.ser.api.KafkaSerdesTester] (Thread-735) topic-91676b0b_eb52_45fb_83c5_0fdf6a093bbc 0 3 {"username": null}
2025-08-13 16:36:33,456 INFO  [io.api.tes.ser.api.KafkaSerdesTester] (Thread-735) topic-91676b0b_eb52_45fb_83c5_0fdf6a093bbc 0 4 {"username": "value-4"}
2025-08-13 16:36:33,456 INFO  [io.api.tes.ser.api.KafkaSerdesTester] (Thread-735) topic-91676b0b_eb52_45fb_83c5_0fdf6a093bbc 0 5 {"username": null}
2025-08-13 16:36:33,456 INFO  [io.api.tes.ser.api.KafkaSerdesTester] (Thread-735) topic-91676b0b_eb52_45fb_83c5_0fdf6a093bbc 0 6 {"username": "value-6"}
2025-08-13 16:36:33,456 INFO  [io.api.tes.ser.api.KafkaSerdesTester] (Thread-735) topic-91676b0b_eb52_45fb_83c5_0fdf6a093bbc 0 7 {"username": null}
2025-08-13 16:36:33,456 INFO  [io.api.tes.ser.api.KafkaSerdesTester] (Thread-735) topic-91676b0b_eb52_45fb_83c5_0fdf6a093bbc 0 8 {"username": "value-8"}
2025-08-13 16:36:33,456 INFO  [io.api.tes.ser.api.KafkaSerdesTester] (Thread-735) topic-91676b0b_eb52_45fb_83c5_0fdf6a093bbc 0 9 {"username": null}
2025-08-13 16:36:33,456 INFO  [io.api.tes.ser.api.KafkaSerdesTester] (Thread-735) Consumed 10 messages
2025-08-13 16:36:33,463 INFO  [org.apa.kaf.cli.con.int.ConsumerRebalanceListenerInvoker] (Thread-735) [Consumer clientId=consumer-Consumer-topic-91676b0b_eb52_45fb_83c5_0fdf6a093bbc-17, groupId=Consumer-topic-91676b0b_eb52_45fb_83c5_0fdf6a093bbc] Revoke previously assigned partitions topic-91676b0b_eb52_45fb_83c5_0fdf6a093bbc-0
2025-08-13 16:36:33,463 INFO  [org.apa.kaf.cli.con.int.ConsumerCoordinator] (Thread-735) [Consumer clientId=consumer-Consumer-topic-91676b0b_eb52_45fb_83c5_0fdf6a093bbc-17, groupId=Consumer-topic-91676b0b_eb52_45fb_83c5_0fdf6a093bbc] Member consumer-Consumer-topic-91676b0b_eb52_45fb_83c5_0fdf6a093bbc-17-ba383113-d444-4fe5-a91d-63b6bd6a2382 sending LeaveGroup request to coordinator localhost:32769 (id: 2147483647 rack: null) due to the consumer is being closed
2025-08-13 16:36:33,463 INFO  [org.apa.kaf.cli.con.int.ConsumerCoordinator] (Thread-735) [Consumer clientId=consumer-Consumer-topic-91676b0b_eb52_45fb_83c5_0fdf6a093bbc-17, groupId=Consumer-topic-91676b0b_eb52_45fb_83c5_0fdf6a093bbc] Resetting generation and member id due to: consumer pro-actively leaving the group
2025-08-13 16:36:33,463 INFO  [org.apa.kaf.cli.con.int.ConsumerCoordinator] (Thread-735) [Consumer clientId=consumer-Consumer-topic-91676b0b_eb52_45fb_83c5_0fdf6a093bbc-17, groupId=Consumer-topic-91676b0b_eb52_45fb_83c5_0fdf6a093bbc] Request joining group due to: consumer pro-actively leaving the group
2025-08-13 16:36:33,957 INFO  [org.apa.kaf.com.met.Metrics] (Thread-735) Metrics scheduler closed
2025-08-13 16:36:33,958 INFO  [org.apa.kaf.com.met.Metrics] (Thread-735) Closing reporter org.apache.kafka.common.metrics.JmxReporter
2025-08-13 16:36:33,958 INFO  [org.apa.kaf.com.met.Metrics] (Thread-735) Closing reporter org.apache.kafka.common.telemetry.internals.ClientTelemetryReporter
2025-08-13 16:36:33,958 INFO  [org.apa.kaf.com.met.Metrics] (Thread-735) Metrics reporters closed
2025-08-13 16:36:33,960 INFO  [org.apa.kaf.com.uti.AppInfoParser] (Thread-735) App info kafka.consumer for consumer-Consumer-topic-91676b0b_eb52_45fb_83c5_0fdf6a093bbc-17 unregistered
2025-08-13 16:36:33,961 INFO  [io.api.tes.uti.TestSeparator] (main) io.apicurio.tests.serdes.apicurio.AvroSerdeIT.testFirstEmptyFieldConfusedAsMagicByte-FINISHED
2025-08-13 16:36:33,961 INFO  [io.api.tes.uti.TestSeparator] (main) ############################################################################
Test passed: testFirstEmptyFieldConfusedAsMagicByte
]]></system-out>
  </testcase>
  <testcase name="testAvroSerDesFailDifferentSchemaByContent" classname="io.apicurio.tests.serdes.apicurio.AvroSerdeIT" time="1.082">
    <system-out><![CDATA[2025-08-13 16:36:33,962 INFO  [io.api.tes.uti.TestSeparator] (main) ############################################################################
2025-08-13 16:36:33,962 INFO  [io.api.tes.uti.TestSeparator] (main) io.apicurio.tests.serdes.apicurio.AvroSerdeIT.testAvroSerDesFailDifferentSchemaByContent-STARTED
**** Registry Base URL: http://registry-app-inmemory.apps.ci419.apicurio-testing.org:80
2025-08-13 16:36:34,996 INFO  [org.apa.kaf.cli.pro.ProducerConfig] (main) ProducerConfig values: 
	acks = -1
	auto.include.jmx.reporter = true
	batch.size = 16384
	bootstrap.servers = [PLAINTEXT://localhost:32769]
	buffer.memory = 33554432
	client.dns.lookup = use_all_dns_ips
	client.id = Producer-topic-fd4491bc_2991_4c97_9f51_2767d463971b
	compression.gzip.level = -1
	compression.lz4.level = 9
	compression.type = none
	compression.zstd.level = 3
	connections.max.idle.ms = 10000
	delivery.timeout.ms = 120000
	enable.idempotence = true
	enable.metrics.push = true
	interceptor.classes = []
	key.serializer = class org.apache.kafka.common.serialization.StringSerializer
	linger.ms = 0
	max.block.ms = 60000
	max.in.flight.requests.per.connection = 5
	max.request.size = 1048576
	metadata.max.age.ms = 300000
	metadata.max.idle.ms = 300000
	metadata.recovery.strategy = none
	metric.reporters = []
	metrics.num.samples = 2
	metrics.recording.level = INFO
	metrics.sample.window.ms = 30000
	partitioner.adaptive.partitioning.enable = true
	partitioner.availability.timeout.ms = 0
	partitioner.class = null
	partitioner.ignore.keys = false
	receive.buffer.bytes = 32768
	reconnect.backoff.max.ms = 1000
	reconnect.backoff.ms = 50
	request.timeout.ms = 5000
	retries = 2147483647
	retry.backoff.max.ms = 1000
	retry.backoff.ms = 100
	sasl.client.callback.handler.class = null
	sasl.jaas.config = null
	sasl.kerberos.kinit.cmd = /usr/bin/kinit
	sasl.kerberos.min.time.before.relogin = 60000
	sasl.kerberos.service.name = null
	sasl.kerberos.ticket.renew.jitter = 0.05
	sasl.kerberos.ticket.renew.window.factor = 0.8
	sasl.login.callback.handler.class = null
	sasl.login.class = null
	sasl.login.connect.timeout.ms = null
	sasl.login.read.timeout.ms = null
	sasl.login.refresh.buffer.seconds = 300
	sasl.login.refresh.min.period.seconds = 60
	sasl.login.refresh.window.factor = 0.8
	sasl.login.refresh.window.jitter = 0.05
	sasl.login.retry.backoff.max.ms = 10000
	sasl.login.retry.backoff.ms = 100
	sasl.mechanism = GSSAPI
	sasl.oauthbearer.clock.skew.seconds = 30
	sasl.oauthbearer.expected.audience = null
	sasl.oauthbearer.expected.issuer = null
	sasl.oauthbearer.header.urlencode = false
	sasl.oauthbearer.jwks.endpoint.refresh.ms = 3600000
	sasl.oauthbearer.jwks.endpoint.retry.backoff.max.ms = 10000
	sasl.oauthbearer.jwks.endpoint.retry.backoff.ms = 100
	sasl.oauthbearer.jwks.endpoint.url = null
	sasl.oauthbearer.scope.claim.name = scope
	sasl.oauthbearer.sub.claim.name = sub
	sasl.oauthbearer.token.endpoint.url = null
	security.protocol = PLAINTEXT
	security.providers = null
	send.buffer.bytes = 131072
	socket.connection.setup.timeout.max.ms = 30000
	socket.connection.setup.timeout.ms = 10000
	ssl.cipher.suites = null
	ssl.enabled.protocols = [TLSv1.2, TLSv1.3]
	ssl.endpoint.identification.algorithm = https
	ssl.engine.factory.class = null
	ssl.key.password = null
	ssl.keymanager.algorithm = SunX509
	ssl.keystore.certificate.chain = null
	ssl.keystore.key = null
	ssl.keystore.location = null
	ssl.keystore.password = null
	ssl.keystore.type = JKS
	ssl.protocol = TLSv1.3
	ssl.provider = null
	ssl.secure.random.implementation = null
	ssl.trustmanager.algorithm = PKIX
	ssl.truststore.certificates = null
	ssl.truststore.location = null
	ssl.truststore.password = null
	ssl.truststore.type = JKS
	transaction.timeout.ms = 60000
	transactional.id = null
	value.serializer = class io.apicurio.registry.serde.avro.AvroKafkaSerializer

2025-08-13 16:36:34,996 INFO  [org.apa.kaf.com.tel.int.KafkaMetricsCollector] (main) initializing Kafka metrics collector
2025-08-13 16:36:34,999 INFO  [org.apa.kaf.cli.pro.KafkaProducer] (main) [Producer clientId=Producer-topic-fd4491bc_2991_4c97_9f51_2767d463971b] Instantiated an idempotent producer.
2025-08-13 16:36:35,001 INFO  [org.apa.kaf.cli.pro.ProducerConfig] (main) These configurations '[apicurio.registry.url, apicurio.registry.artifact-resolver-strategy]' were supplied but are not used yet.
2025-08-13 16:36:35,001 INFO  [org.apa.kaf.com.uti.AppInfoParser] (main) Kafka version: 3.9.1
2025-08-13 16:36:35,001 INFO  [org.apa.kaf.com.uti.AppInfoParser] (main) Kafka commitId: f745dfdcee2b9851
2025-08-13 16:36:35,001 INFO  [org.apa.kaf.com.uti.AppInfoParser] (main) Kafka startTimeMs: 1755102995001
2025-08-13 16:36:35,003 INFO  [io.api.tes.ser.api.KafkaSerdesTester] (Thread-738) Sending message {"keyB": "value-0"} to topic topic-fd4491bc_2991_4c97_9f51_2767d463971b
2025-08-13 16:36:35,007 INFO  [org.apa.kaf.cli.Metadata] (kafka-producer-network-thread | Producer-topic-fd4491bc_2991_4c97_9f51_2767d463971b) [Producer clientId=Producer-topic-fd4491bc_2991_4c97_9f51_2767d463971b] Cluster ID: Ytz5hAjST9OxAjCVQ_7B1Q
2025-08-13 16:36:35,007 INFO  [org.apa.kaf.cli.pro.int.TransactionManager] (kafka-producer-network-thread | Producer-topic-fd4491bc_2991_4c97_9f51_2767d463971b) [Producer clientId=Producer-topic-fd4491bc_2991_4c97_9f51_2767d463971b] ProducerId set to 24 with epoch 0
2025-08-13 16:36:35,007 INFO  [DefaultSchemaResolver] (Thread-738) Retrieving schema content using string: {"type":"record","name":"sa60dc413xe41ax4d40xbe41xb27fb49f2f4f","namespace":"s03973b81x397ex45bcxa2f4x7a21e3adef78","fields":[{"name":"keyB","type":"string"}]}
2025-08-13 16:36:35,041 INFO  [org.apa.kaf.cli.pro.KafkaProducer] (Thread-738) [Producer clientId=Producer-topic-fd4491bc_2991_4c97_9f51_2767d463971b] Closing the Kafka producer with timeoutMillis = 9223372036854775807 ms.
2025-08-13 16:36:35,043 INFO  [org.apa.kaf.com.met.Metrics] (Thread-738) Metrics scheduler closed
2025-08-13 16:36:35,043 INFO  [org.apa.kaf.com.met.Metrics] (Thread-738) Closing reporter org.apache.kafka.common.metrics.JmxReporter
2025-08-13 16:36:35,043 INFO  [org.apa.kaf.com.met.Metrics] (Thread-738) Closing reporter org.apache.kafka.common.telemetry.internals.ClientTelemetryReporter
2025-08-13 16:36:35,043 INFO  [org.apa.kaf.com.met.Metrics] (Thread-738) Metrics reporters closed
2025-08-13 16:36:35,043 INFO  [org.apa.kaf.com.uti.AppInfoParser] (Thread-738) App info kafka.producer for Producer-topic-fd4491bc_2991_4c97_9f51_2767d463971b unregistered
2025-08-13 16:36:35,044 INFO  [io.api.tes.uti.TestSeparator] (main) io.apicurio.tests.serdes.apicurio.AvroSerdeIT.testAvroSerDesFailDifferentSchemaByContent-FINISHED
2025-08-13 16:36:35,044 INFO  [io.api.tes.uti.TestSeparator] (main) ############################################################################
Test passed: testAvroSerDesFailDifferentSchemaByContent
]]></system-out>
    <system-err><![CDATA[java.lang.RuntimeException: Could not resolve artifact reference by content: {"type":"record","name":"sa60dc413xe41ax4d40xbe41xb27fb49f2f4f","namespace":"s03973b81x397ex45bcxa2f4x7a21e3adef78","fields":[{"name":"keyB","type":"string"}]}&ArtifactReference [groupId=s03973b81x397ex45bcxa2f4x7a21e3adef78, artifactId=sa60dc413xe41ax4d40xbe41xb27fb49f2f4f, version=null, globalId=null, contentId=null, contentHash=null]
	at io.apicurio.registry.resolver.DefaultSchemaResolver.lambda$handleResolveSchemaByContent$3(DefaultSchemaResolver.java:265)
	at io.apicurio.registry.resolver.cache.ERCache.lambda$getValue$0(ERCache.java:174)
	at io.apicurio.registry.resolver.cache.ERCache.retry(ERCache.java:227)
	at io.apicurio.registry.resolver.cache.ERCache.getValue(ERCache.java:173)
	at io.apicurio.registry.resolver.cache.ERCache.getByContent(ERCache.java:147)
	at io.apicurio.registry.resolver.DefaultSchemaResolver.handleResolveSchemaByContent(DefaultSchemaResolver.java:253)
	at io.apicurio.registry.resolver.DefaultSchemaResolver.getSchemaFromRegistry(DefaultSchemaResolver.java:138)
	at io.apicurio.registry.resolver.DefaultSchemaResolver.lambda$resolveSchema$0(DefaultSchemaResolver.java:84)
	at java.base/java.util.Optional.orElseGet(Optional.java:364)
	at io.apicurio.registry.resolver.DefaultSchemaResolver.resolveSchema(DefaultSchemaResolver.java:84)
	at io.apicurio.registry.serde.AbstractSerializer.serializeData(AbstractSerializer.java:62)
	at io.apicurio.registry.serde.KafkaSerializer.serialize(KafkaSerializer.java:77)
	at org.apache.kafka.clients.producer.KafkaProducer.doSend(KafkaProducer.java:1046)
	at org.apache.kafka.clients.producer.KafkaProducer.send(KafkaProducer.java:993)
	at org.apache.kafka.clients.producer.KafkaProducer.send(KafkaProducer.java:875)
	at io.apicurio.tests.serdes.apicurio.KafkaSerdesTester.lambda$produceMessages$3(KafkaSerdesTester.java:138)
	at java.base/java.util.concurrent.CompletableFuture$AsyncSupply.run(CompletableFuture.java:1768)
	at java.base/java.lang.Thread.run(Thread.java:840)
]]></system-err>
  </testcase>
  <testcase name="testGlobalIdInBody" classname="io.apicurio.tests.serdes.apicurio.AvroSerdeIT" time="3.794">
    <system-out><![CDATA[2025-08-13 16:36:35,046 INFO  [io.api.tes.uti.TestSeparator] (main) ############################################################################
2025-08-13 16:36:35,046 INFO  [io.api.tes.uti.TestSeparator] (main) io.apicurio.tests.serdes.apicurio.AvroSerdeIT.testGlobalIdInBody-STARTED
**** Registry Base URL: http://registry-app-inmemory.apps.ci419.apicurio-testing.org:80
2025-08-13 16:36:35,054 INFO  [org.apa.kaf.cli.pro.ProducerConfig] (main) ProducerConfig values: 
	acks = -1
	auto.include.jmx.reporter = true
	batch.size = 16384
	bootstrap.servers = [PLAINTEXT://localhost:32769]
	buffer.memory = 33554432
	client.dns.lookup = use_all_dns_ips
	client.id = Producer-topic-155c0056_a45a_4b84_b536_5e7cc6de1e65
	compression.gzip.level = -1
	compression.lz4.level = 9
	compression.type = none
	compression.zstd.level = 3
	connections.max.idle.ms = 10000
	delivery.timeout.ms = 120000
	enable.idempotence = true
	enable.metrics.push = true
	interceptor.classes = []
	key.serializer = class org.apache.kafka.common.serialization.StringSerializer
	linger.ms = 0
	max.block.ms = 60000
	max.in.flight.requests.per.connection = 5
	max.request.size = 1048576
	metadata.max.age.ms = 300000
	metadata.max.idle.ms = 300000
	metadata.recovery.strategy = none
	metric.reporters = []
	metrics.num.samples = 2
	metrics.recording.level = INFO
	metrics.sample.window.ms = 30000
	partitioner.adaptive.partitioning.enable = true
	partitioner.availability.timeout.ms = 0
	partitioner.class = null
	partitioner.ignore.keys = false
	receive.buffer.bytes = 32768
	reconnect.backoff.max.ms = 1000
	reconnect.backoff.ms = 50
	request.timeout.ms = 5000
	retries = 2147483647
	retry.backoff.max.ms = 1000
	retry.backoff.ms = 100
	sasl.client.callback.handler.class = null
	sasl.jaas.config = null
	sasl.kerberos.kinit.cmd = /usr/bin/kinit
	sasl.kerberos.min.time.before.relogin = 60000
	sasl.kerberos.service.name = null
	sasl.kerberos.ticket.renew.jitter = 0.05
	sasl.kerberos.ticket.renew.window.factor = 0.8
	sasl.login.callback.handler.class = null
	sasl.login.class = null
	sasl.login.connect.timeout.ms = null
	sasl.login.read.timeout.ms = null
	sasl.login.refresh.buffer.seconds = 300
	sasl.login.refresh.min.period.seconds = 60
	sasl.login.refresh.window.factor = 0.8
	sasl.login.refresh.window.jitter = 0.05
	sasl.login.retry.backoff.max.ms = 10000
	sasl.login.retry.backoff.ms = 100
	sasl.mechanism = GSSAPI
	sasl.oauthbearer.clock.skew.seconds = 30
	sasl.oauthbearer.expected.audience = null
	sasl.oauthbearer.expected.issuer = null
	sasl.oauthbearer.header.urlencode = false
	sasl.oauthbearer.jwks.endpoint.refresh.ms = 3600000
	sasl.oauthbearer.jwks.endpoint.retry.backoff.max.ms = 10000
	sasl.oauthbearer.jwks.endpoint.retry.backoff.ms = 100
	sasl.oauthbearer.jwks.endpoint.url = null
	sasl.oauthbearer.scope.claim.name = scope
	sasl.oauthbearer.sub.claim.name = sub
	sasl.oauthbearer.token.endpoint.url = null
	security.protocol = PLAINTEXT
	security.providers = null
	send.buffer.bytes = 131072
	socket.connection.setup.timeout.max.ms = 30000
	socket.connection.setup.timeout.ms = 10000
	ssl.cipher.suites = null
	ssl.enabled.protocols = [TLSv1.2, TLSv1.3]
	ssl.endpoint.identification.algorithm = https
	ssl.engine.factory.class = null
	ssl.key.password = null
	ssl.keymanager.algorithm = SunX509
	ssl.keystore.certificate.chain = null
	ssl.keystore.key = null
	ssl.keystore.location = null
	ssl.keystore.password = null
	ssl.keystore.type = JKS
	ssl.protocol = TLSv1.3
	ssl.provider = null
	ssl.secure.random.implementation = null
	ssl.trustmanager.algorithm = PKIX
	ssl.truststore.certificates = null
	ssl.truststore.location = null
	ssl.truststore.password = null
	ssl.truststore.type = JKS
	transaction.timeout.ms = 60000
	transactional.id = null
	value.serializer = class io.apicurio.registry.serde.avro.AvroKafkaSerializer

2025-08-13 16:36:35,055 INFO  [org.apa.kaf.com.tel.int.KafkaMetricsCollector] (main) initializing Kafka metrics collector
2025-08-13 16:36:35,065 INFO  [org.apa.kaf.cli.pro.KafkaProducer] (main) [Producer clientId=Producer-topic-155c0056_a45a_4b84_b536_5e7cc6de1e65] Instantiated an idempotent producer.
2025-08-13 16:36:35,068 INFO  [org.apa.kaf.cli.pro.ProducerConfig] (main) These configurations '[apicurio.registry.url, apicurio.registry.auto-register, apicurio.registry.use-id, apicurio.registry.artifact-resolver-strategy]' were supplied but are not used yet.
2025-08-13 16:36:35,068 INFO  [org.apa.kaf.com.uti.AppInfoParser] (main) Kafka version: 3.9.1
2025-08-13 16:36:35,069 INFO  [org.apa.kaf.com.uti.AppInfoParser] (main) Kafka commitId: f745dfdcee2b9851
2025-08-13 16:36:35,069 INFO  [org.apa.kaf.com.uti.AppInfoParser] (main) Kafka startTimeMs: 1755102995068
2025-08-13 16:36:35,069 INFO  [io.api.tes.ser.api.SimpleSerdesTesterBuilder$SimpleSerdesTester] (main) Using producer configuration: {apicurio.registry.url=http://registry-app-inmemory.apps.ci419.apicurio-testing.org:80/apis/registry/v3, apicurio.registry.auto-register=true, apicurio.registry.use-id=globalId, apicurio.registry.artifact-resolver-strategy=io.apicurio.registry.serde.strategy.TopicIdStrategy, value.serializer=io.apicurio.registry.serde.avro.AvroKafkaSerializer, request.timeout.ms=5000, acks=all, bootstrap.servers=PLAINTEXT://localhost:32769, connections.max.idle.ms=10000, key.serializer=org.apache.kafka.common.serialization.StringSerializer, client.id=Producer-topic-155c0056_a45a_4b84_b536_5e7cc6de1e65}
2025-08-13 16:36:35,069 INFO  [io.api.tes.ser.api.SimpleSerdesTesterBuilder$SimpleSerdesTester] (main) Using consumer configuration: {apicurio.registry.use-id=globalId}
2025-08-13 16:36:35,069 INFO  [io.api.tes.ser.api.KafkaSerdesTester] (Thread-741) Sending message {"key11755102995046": "value-0"} to topic topic-155c0056_a45a_4b84_b536_5e7cc6de1e65
2025-08-13 16:36:35,073 WARN  [org.apa.kaf.cli.NetworkClient] (kafka-producer-network-thread | Producer-topic-155c0056_a45a_4b84_b536_5e7cc6de1e65) [Producer clientId=Producer-topic-155c0056_a45a_4b84_b536_5e7cc6de1e65] The metadata response from the cluster reported a recoverable issue with correlation id 1 : {topic-155c0056_a45a_4b84_b536_5e7cc6de1e65=UNKNOWN_TOPIC_OR_PARTITION}
2025-08-13 16:36:35,073 INFO  [org.apa.kaf.cli.Metadata] (kafka-producer-network-thread | Producer-topic-155c0056_a45a_4b84_b536_5e7cc6de1e65) [Producer clientId=Producer-topic-155c0056_a45a_4b84_b536_5e7cc6de1e65] Cluster ID: Ytz5hAjST9OxAjCVQ_7B1Q
2025-08-13 16:36:35,074 INFO  [org.apa.kaf.cli.pro.int.TransactionManager] (kafka-producer-network-thread | Producer-topic-155c0056_a45a_4b84_b536_5e7cc6de1e65) [Producer clientId=Producer-topic-155c0056_a45a_4b84_b536_5e7cc6de1e65] ProducerId set to 25 with epoch 0
2025-08-13 16:36:35,213 INFO  [io.api.tes.ser.api.KafkaSerdesTester] (Thread-741) Sending message {"key11755102995046": "value-1"} to topic topic-155c0056_a45a_4b84_b536_5e7cc6de1e65
2025-08-13 16:36:35,215 INFO  [io.api.tes.ser.api.KafkaSerdesTester] (Thread-741) Sending message {"key11755102995046": "value-2"} to topic topic-155c0056_a45a_4b84_b536_5e7cc6de1e65
2025-08-13 16:36:35,216 INFO  [io.api.tes.ser.api.KafkaSerdesTester] (Thread-741) Sending message {"key11755102995046": "value-3"} to topic topic-155c0056_a45a_4b84_b536_5e7cc6de1e65
2025-08-13 16:36:35,220 INFO  [io.api.tes.ser.api.KafkaSerdesTester] (Thread-741) Sending message {"key11755102995046": "value-4"} to topic topic-155c0056_a45a_4b84_b536_5e7cc6de1e65
2025-08-13 16:36:35,222 INFO  [io.api.tes.ser.api.KafkaSerdesTester] (Thread-741) Sending message {"key11755102995046": "value-5"} to topic topic-155c0056_a45a_4b84_b536_5e7cc6de1e65
2025-08-13 16:36:35,227 INFO  [io.api.tes.ser.api.KafkaSerdesTester] (Thread-741) Sending message {"key11755102995046": "value-6"} to topic topic-155c0056_a45a_4b84_b536_5e7cc6de1e65
2025-08-13 16:36:35,230 INFO  [io.api.tes.ser.api.KafkaSerdesTester] (Thread-741) Sending message {"key11755102995046": "value-7"} to topic topic-155c0056_a45a_4b84_b536_5e7cc6de1e65
2025-08-13 16:36:35,231 INFO  [io.api.tes.ser.api.KafkaSerdesTester] (Thread-741) Sending message {"key11755102995046": "value-8"} to topic topic-155c0056_a45a_4b84_b536_5e7cc6de1e65
2025-08-13 16:36:35,233 INFO  [io.api.tes.ser.api.KafkaSerdesTester] (Thread-741) Sending message {"key11755102995046": "value-9"} to topic topic-155c0056_a45a_4b84_b536_5e7cc6de1e65
2025-08-13 16:36:35,237 INFO  [io.api.tes.ser.api.KafkaSerdesTester] (Thread-741) Produced 10 messages
2025-08-13 16:36:35,237 INFO  [org.apa.kaf.cli.pro.KafkaProducer] (Thread-741) [Producer clientId=Producer-topic-155c0056_a45a_4b84_b536_5e7cc6de1e65] Closing the Kafka producer with timeoutMillis = 9223372036854775807 ms.
2025-08-13 16:36:35,239 INFO  [org.apa.kaf.com.met.Metrics] (Thread-741) Metrics scheduler closed
2025-08-13 16:36:35,239 INFO  [org.apa.kaf.com.met.Metrics] (Thread-741) Closing reporter org.apache.kafka.common.metrics.JmxReporter
2025-08-13 16:36:35,239 INFO  [org.apa.kaf.com.met.Metrics] (Thread-741) Closing reporter org.apache.kafka.common.telemetry.internals.ClientTelemetryReporter
2025-08-13 16:36:35,239 INFO  [org.apa.kaf.com.met.Metrics] (Thread-741) Metrics reporters closed
2025-08-13 16:36:35,239 INFO  [org.apa.kaf.com.uti.AppInfoParser] (Thread-741) App info kafka.producer for Producer-topic-155c0056_a45a_4b84_b536_5e7cc6de1e65 unregistered
**** Registry Base URL: http://registry-app-inmemory.apps.ci419.apicurio-testing.org:80
2025-08-13 16:36:35,266 INFO  [org.apa.kaf.cli.con.ConsumerConfig] (main) ConsumerConfig values: 
	allow.auto.create.topics = true
	auto.commit.interval.ms = 500
	auto.include.jmx.reporter = true
	auto.offset.reset = earliest
	bootstrap.servers = [PLAINTEXT://localhost:32769]
	check.crcs = true
	client.dns.lookup = use_all_dns_ips
	client.id = consumer-Consumer-topic-155c0056_a45a_4b84_b536_5e7cc6de1e65-18
	client.rack = 
	connections.max.idle.ms = 10000
	default.api.timeout.ms = 60000
	enable.auto.commit = true
	enable.metrics.push = true
	exclude.internal.topics = true
	fetch.max.bytes = 52428800
	fetch.max.wait.ms = 500
	fetch.min.bytes = 1
	group.id = Consumer-topic-155c0056_a45a_4b84_b536_5e7cc6de1e65
	group.instance.id = null
	group.protocol = classic
	group.remote.assignor = null
	heartbeat.interval.ms = 3000
	interceptor.classes = []
	internal.leave.group.on.close = true
	internal.throw.on.fetch.stable.offset.unsupported = false
	isolation.level = read_uncommitted
	key.deserializer = class org.apache.kafka.common.serialization.StringDeserializer
	max.partition.fetch.bytes = 1048576
	max.poll.interval.ms = 300000
	max.poll.records = 500
	metadata.max.age.ms = 300000
	metadata.recovery.strategy = none
	metric.reporters = []
	metrics.num.samples = 2
	metrics.recording.level = INFO
	metrics.sample.window.ms = 30000
	partition.assignment.strategy = [class org.apache.kafka.clients.consumer.RangeAssignor, class org.apache.kafka.clients.consumer.CooperativeStickyAssignor]
	receive.buffer.bytes = 65536
	reconnect.backoff.max.ms = 1000
	reconnect.backoff.ms = 50
	request.timeout.ms = 5000
	retry.backoff.max.ms = 1000
	retry.backoff.ms = 100
	sasl.client.callback.handler.class = null
	sasl.jaas.config = null
	sasl.kerberos.kinit.cmd = /usr/bin/kinit
	sasl.kerberos.min.time.before.relogin = 60000
	sasl.kerberos.service.name = null
	sasl.kerberos.ticket.renew.jitter = 0.05
	sasl.kerberos.ticket.renew.window.factor = 0.8
	sasl.login.callback.handler.class = null
	sasl.login.class = null
	sasl.login.connect.timeout.ms = null
	sasl.login.read.timeout.ms = null
	sasl.login.refresh.buffer.seconds = 300
	sasl.login.refresh.min.period.seconds = 60
	sasl.login.refresh.window.factor = 0.8
	sasl.login.refresh.window.jitter = 0.05
	sasl.login.retry.backoff.max.ms = 10000
	sasl.login.retry.backoff.ms = 100
	sasl.mechanism = GSSAPI
	sasl.oauthbearer.clock.skew.seconds = 30
	sasl.oauthbearer.expected.audience = null
	sasl.oauthbearer.expected.issuer = null
	sasl.oauthbearer.header.urlencode = false
	sasl.oauthbearer.jwks.endpoint.refresh.ms = 3600000
	sasl.oauthbearer.jwks.endpoint.retry.backoff.max.ms = 10000
	sasl.oauthbearer.jwks.endpoint.retry.backoff.ms = 100
	sasl.oauthbearer.jwks.endpoint.url = null
	sasl.oauthbearer.scope.claim.name = scope
	sasl.oauthbearer.sub.claim.name = sub
	sasl.oauthbearer.token.endpoint.url = null
	security.protocol = PLAINTEXT
	security.providers = null
	send.buffer.bytes = 131072
	session.timeout.ms = 45000
	socket.connection.setup.timeout.max.ms = 30000
	socket.connection.setup.timeout.ms = 10000
	ssl.cipher.suites = null
	ssl.enabled.protocols = [TLSv1.2, TLSv1.3]
	ssl.endpoint.identification.algorithm = https
	ssl.engine.factory.class = null
	ssl.key.password = null
	ssl.keymanager.algorithm = SunX509
	ssl.keystore.certificate.chain = null
	ssl.keystore.key = null
	ssl.keystore.location = null
	ssl.keystore.password = null
	ssl.keystore.type = JKS
	ssl.protocol = TLSv1.3
	ssl.provider = null
	ssl.secure.random.implementation = null
	ssl.trustmanager.algorithm = PKIX
	ssl.truststore.certificates = null
	ssl.truststore.location = null
	ssl.truststore.password = null
	ssl.truststore.type = JKS
	value.deserializer = class io.apicurio.registry.serde.avro.AvroKafkaDeserializer

2025-08-13 16:36:35,266 INFO  [org.apa.kaf.com.tel.int.KafkaMetricsCollector] (main) initializing Kafka metrics collector
2025-08-13 16:36:35,271 INFO  [org.apa.kaf.cli.con.ConsumerConfig] (main) These configurations '[apicurio.registry.url, apicurio.registry.use-id]' were supplied but are not used yet.
2025-08-13 16:36:35,272 INFO  [org.apa.kaf.com.uti.AppInfoParser] (main) Kafka version: 3.9.1
2025-08-13 16:36:35,272 INFO  [org.apa.kaf.com.uti.AppInfoParser] (main) Kafka commitId: f745dfdcee2b9851
2025-08-13 16:36:35,272 INFO  [org.apa.kaf.com.uti.AppInfoParser] (main) Kafka startTimeMs: 1755102995272
2025-08-13 16:36:35,272 INFO  [org.apa.kaf.cli.con.int.ClassicKafkaConsumer] (Thread-744) [Consumer clientId=consumer-Consumer-topic-155c0056_a45a_4b84_b536_5e7cc6de1e65-18, groupId=Consumer-topic-155c0056_a45a_4b84_b536_5e7cc6de1e65] Subscribed to topic(s): topic-155c0056_a45a_4b84_b536_5e7cc6de1e65
2025-08-13 16:36:35,277 INFO  [org.apa.kaf.cli.Metadata] (Thread-744) [Consumer clientId=consumer-Consumer-topic-155c0056_a45a_4b84_b536_5e7cc6de1e65-18, groupId=Consumer-topic-155c0056_a45a_4b84_b536_5e7cc6de1e65] Cluster ID: Ytz5hAjST9OxAjCVQ_7B1Q
2025-08-13 16:36:35,277 INFO  [org.apa.kaf.cli.con.int.ConsumerCoordinator] (Thread-744) [Consumer clientId=consumer-Consumer-topic-155c0056_a45a_4b84_b536_5e7cc6de1e65-18, groupId=Consumer-topic-155c0056_a45a_4b84_b536_5e7cc6de1e65] Discovered group coordinator localhost:32769 (id: 2147483647 rack: null)
2025-08-13 16:36:35,279 INFO  [org.apa.kaf.cli.con.int.ConsumerCoordinator] (Thread-744) [Consumer clientId=consumer-Consumer-topic-155c0056_a45a_4b84_b536_5e7cc6de1e65-18, groupId=Consumer-topic-155c0056_a45a_4b84_b536_5e7cc6de1e65] (Re-)joining group
2025-08-13 16:36:35,281 INFO  [org.apa.kaf.cli.con.int.ConsumerCoordinator] (Thread-744) [Consumer clientId=consumer-Consumer-topic-155c0056_a45a_4b84_b536_5e7cc6de1e65-18, groupId=Consumer-topic-155c0056_a45a_4b84_b536_5e7cc6de1e65] Request joining group due to: need to re-join with the given member-id: consumer-Consumer-topic-155c0056_a45a_4b84_b536_5e7cc6de1e65-18-7ca87963-cd03-4bc5-bc07-5a0c114b33a1
2025-08-13 16:36:35,281 INFO  [org.apa.kaf.cli.con.int.ConsumerCoordinator] (Thread-744) [Consumer clientId=consumer-Consumer-topic-155c0056_a45a_4b84_b536_5e7cc6de1e65-18, groupId=Consumer-topic-155c0056_a45a_4b84_b536_5e7cc6de1e65] (Re-)joining group
2025-08-13 16:36:36,272 INFO  [io.api.tes.ser.api.KafkaSerdesTester] (Thread-744) None found
2025-08-13 16:36:37,272 INFO  [io.api.tes.ser.api.KafkaSerdesTester] (Thread-744) None found
2025-08-13 16:36:38,272 INFO  [io.api.tes.ser.api.KafkaSerdesTester] (Thread-744) None found
2025-08-13 16:36:38,285 INFO  [org.apa.kaf.cli.con.int.ConsumerCoordinator] (Thread-744) [Consumer clientId=consumer-Consumer-topic-155c0056_a45a_4b84_b536_5e7cc6de1e65-18, groupId=Consumer-topic-155c0056_a45a_4b84_b536_5e7cc6de1e65] Successfully joined group with generation Generation{generationId=1, memberId='consumer-Consumer-topic-155c0056_a45a_4b84_b536_5e7cc6de1e65-18-7ca87963-cd03-4bc5-bc07-5a0c114b33a1', protocol='range'}
2025-08-13 16:36:38,285 INFO  [org.apa.kaf.cli.con.int.ConsumerCoordinator] (Thread-744) [Consumer clientId=consumer-Consumer-topic-155c0056_a45a_4b84_b536_5e7cc6de1e65-18, groupId=Consumer-topic-155c0056_a45a_4b84_b536_5e7cc6de1e65] Finished assignment for group at generation 1: {consumer-Consumer-topic-155c0056_a45a_4b84_b536_5e7cc6de1e65-18-7ca87963-cd03-4bc5-bc07-5a0c114b33a1=Assignment(partitions=[topic-155c0056_a45a_4b84_b536_5e7cc6de1e65-0])}
2025-08-13 16:36:38,292 INFO  [org.apa.kaf.cli.con.int.ConsumerCoordinator] (Thread-744) [Consumer clientId=consumer-Consumer-topic-155c0056_a45a_4b84_b536_5e7cc6de1e65-18, groupId=Consumer-topic-155c0056_a45a_4b84_b536_5e7cc6de1e65] Successfully synced group in generation Generation{generationId=1, memberId='consumer-Consumer-topic-155c0056_a45a_4b84_b536_5e7cc6de1e65-18-7ca87963-cd03-4bc5-bc07-5a0c114b33a1', protocol='range'}
2025-08-13 16:36:38,292 INFO  [org.apa.kaf.cli.con.int.ConsumerCoordinator] (Thread-744) [Consumer clientId=consumer-Consumer-topic-155c0056_a45a_4b84_b536_5e7cc6de1e65-18, groupId=Consumer-topic-155c0056_a45a_4b84_b536_5e7cc6de1e65] Notifying assignor about the new Assignment(partitions=[topic-155c0056_a45a_4b84_b536_5e7cc6de1e65-0])
2025-08-13 16:36:38,292 INFO  [org.apa.kaf.cli.con.int.ConsumerRebalanceListenerInvoker] (Thread-744) [Consumer clientId=consumer-Consumer-topic-155c0056_a45a_4b84_b536_5e7cc6de1e65-18, groupId=Consumer-topic-155c0056_a45a_4b84_b536_5e7cc6de1e65] Adding newly assigned partitions: topic-155c0056_a45a_4b84_b536_5e7cc6de1e65-0
2025-08-13 16:36:38,293 INFO  [org.apa.kaf.cli.con.int.ConsumerCoordinator] (Thread-744) [Consumer clientId=consumer-Consumer-topic-155c0056_a45a_4b84_b536_5e7cc6de1e65-18, groupId=Consumer-topic-155c0056_a45a_4b84_b536_5e7cc6de1e65] Found no committed offset for partition topic-155c0056_a45a_4b84_b536_5e7cc6de1e65-0
2025-08-13 16:36:38,297 INFO  [org.apa.kaf.cli.con.int.SubscriptionState] (Thread-744) [Consumer clientId=consumer-Consumer-topic-155c0056_a45a_4b84_b536_5e7cc6de1e65-18, groupId=Consumer-topic-155c0056_a45a_4b84_b536_5e7cc6de1e65] Resetting offset for partition topic-155c0056_a45a_4b84_b536_5e7cc6de1e65-0 to position FetchPosition{offset=0, offsetEpoch=Optional.empty, currentLeader=LeaderAndEpoch{leader=Optional[localhost:32769 (id: 0 rack: null)], epoch=0}}.
2025-08-13 16:36:38,335 INFO  [io.api.tes.ser.api.KafkaSerdesTester] (Thread-744) topic-155c0056_a45a_4b84_b536_5e7cc6de1e65 0 0 {"key11755102995046": "value-0"}
2025-08-13 16:36:38,335 INFO  [io.api.tes.ser.api.KafkaSerdesTester] (Thread-744) topic-155c0056_a45a_4b84_b536_5e7cc6de1e65 0 1 {"key11755102995046": "value-1"}
2025-08-13 16:36:38,335 INFO  [io.api.tes.ser.api.KafkaSerdesTester] (Thread-744) topic-155c0056_a45a_4b84_b536_5e7cc6de1e65 0 2 {"key11755102995046": "value-2"}
2025-08-13 16:36:38,335 INFO  [io.api.tes.ser.api.KafkaSerdesTester] (Thread-744) topic-155c0056_a45a_4b84_b536_5e7cc6de1e65 0 3 {"key11755102995046": "value-3"}
2025-08-13 16:36:38,336 INFO  [io.api.tes.ser.api.KafkaSerdesTester] (Thread-744) topic-155c0056_a45a_4b84_b536_5e7cc6de1e65 0 4 {"key11755102995046": "value-4"}
2025-08-13 16:36:38,336 INFO  [io.api.tes.ser.api.KafkaSerdesTester] (Thread-744) topic-155c0056_a45a_4b84_b536_5e7cc6de1e65 0 5 {"key11755102995046": "value-5"}
2025-08-13 16:36:38,336 INFO  [io.api.tes.ser.api.KafkaSerdesTester] (Thread-744) topic-155c0056_a45a_4b84_b536_5e7cc6de1e65 0 6 {"key11755102995046": "value-6"}
2025-08-13 16:36:38,336 INFO  [io.api.tes.ser.api.KafkaSerdesTester] (Thread-744) topic-155c0056_a45a_4b84_b536_5e7cc6de1e65 0 7 {"key11755102995046": "value-7"}
2025-08-13 16:36:38,336 INFO  [io.api.tes.ser.api.KafkaSerdesTester] (Thread-744) topic-155c0056_a45a_4b84_b536_5e7cc6de1e65 0 8 {"key11755102995046": "value-8"}
2025-08-13 16:36:38,336 INFO  [io.api.tes.ser.api.KafkaSerdesTester] (Thread-744) topic-155c0056_a45a_4b84_b536_5e7cc6de1e65 0 9 {"key11755102995046": "value-9"}
2025-08-13 16:36:38,336 INFO  [io.api.tes.ser.api.KafkaSerdesTester] (Thread-744) Consumed 10 messages
2025-08-13 16:36:38,343 INFO  [org.apa.kaf.cli.con.int.ConsumerRebalanceListenerInvoker] (Thread-744) [Consumer clientId=consumer-Consumer-topic-155c0056_a45a_4b84_b536_5e7cc6de1e65-18, groupId=Consumer-topic-155c0056_a45a_4b84_b536_5e7cc6de1e65] Revoke previously assigned partitions topic-155c0056_a45a_4b84_b536_5e7cc6de1e65-0
2025-08-13 16:36:38,344 INFO  [org.apa.kaf.cli.con.int.ConsumerCoordinator] (Thread-744) [Consumer clientId=consumer-Consumer-topic-155c0056_a45a_4b84_b536_5e7cc6de1e65-18, groupId=Consumer-topic-155c0056_a45a_4b84_b536_5e7cc6de1e65] Member consumer-Consumer-topic-155c0056_a45a_4b84_b536_5e7cc6de1e65-18-7ca87963-cd03-4bc5-bc07-5a0c114b33a1 sending LeaveGroup request to coordinator localhost:32769 (id: 2147483647 rack: null) due to the consumer is being closed
2025-08-13 16:36:38,344 INFO  [org.apa.kaf.cli.con.int.ConsumerCoordinator] (Thread-744) [Consumer clientId=consumer-Consumer-topic-155c0056_a45a_4b84_b536_5e7cc6de1e65-18, groupId=Consumer-topic-155c0056_a45a_4b84_b536_5e7cc6de1e65] Resetting generation and member id due to: consumer pro-actively leaving the group
2025-08-13 16:36:38,344 INFO  [org.apa.kaf.cli.con.int.ConsumerCoordinator] (Thread-744) [Consumer clientId=consumer-Consumer-topic-155c0056_a45a_4b84_b536_5e7cc6de1e65-18, groupId=Consumer-topic-155c0056_a45a_4b84_b536_5e7cc6de1e65] Request joining group due to: consumer pro-actively leaving the group
2025-08-13 16:36:38,837 INFO  [org.apa.kaf.com.met.Metrics] (Thread-744) Metrics scheduler closed
2025-08-13 16:36:38,837 INFO  [org.apa.kaf.com.met.Metrics] (Thread-744) Closing reporter org.apache.kafka.common.metrics.JmxReporter
2025-08-13 16:36:38,837 INFO  [org.apa.kaf.com.met.Metrics] (Thread-744) Closing reporter org.apache.kafka.common.telemetry.internals.ClientTelemetryReporter
2025-08-13 16:36:38,837 INFO  [org.apa.kaf.com.met.Metrics] (Thread-744) Metrics reporters closed
2025-08-13 16:36:38,839 INFO  [org.apa.kaf.com.uti.AppInfoParser] (Thread-744) App info kafka.consumer for consumer-Consumer-topic-155c0056_a45a_4b84_b536_5e7cc6de1e65-18 unregistered
2025-08-13 16:36:38,839 INFO  [io.api.tes.uti.TestSeparator] (main) io.apicurio.tests.serdes.apicurio.AvroSerdeIT.testGlobalIdInBody-FINISHED
2025-08-13 16:36:38,839 INFO  [io.api.tes.uti.TestSeparator] (main) ############################################################################
Test passed: testGlobalIdInBody
]]></system-out>
  </testcase>
  <testcase name="testProducerUsesGlobalIdConsumerUsesDefault" classname="io.apicurio.tests.serdes.apicurio.AvroSerdeIT" time="0.0">
    <skipped message="void io.apicurio.tests.serdes.apicurio.AvroSerdeIT.testProducerUsesGlobalIdConsumerUsesDefault() throws java.lang.Exception is @Disabled"/>
  </testcase>
</testsuite>