<?xml version="1.0" encoding="UTF-8"?>
<testsuite xmlns:xsi="http://www.w3.org/2001/XMLSchema-instance" xsi:noNamespaceSchemaLocation="https://maven.apache.org/surefire/maven-failsafe-plugin/xsd/failsafe-test-report.xsd" version="3.0.2" name="io.apicurio.tests.serdes.apicurio.AvroSerdeIT" time="103.003" tests="21" errors="0" skipped="2" failures="0">
  <properties>
    <property name="java.specification.version" value="17"/>
    <property name="sun.jnu.encoding" value="UTF-8"/>
    <property name="java.class.path" value="/home/runner/work/apicurio-testing/apicurio-testing/clusters/ci419/namespaces/mysql/tests/integration/apicurio-registry/integration-tests/target/test-classes:/home/runner/work/apicurio-testing/apicurio-testing/clusters/ci419/namespaces/mysql/tests/integration/apicurio-registry/integration-tests/target/apicurio-registry-integration-tests-3.0.14-SNAPSHOT.jar:/home/runner/.m2/repository/io/quarkus/quarkus-junit5/3.20.2/quarkus-junit5-3.20.2.jar:/home/runner/.m2/repository/io/quarkus/quarkus-bootstrap-core/3.20.2/quarkus-bootstrap-core-3.20.2.jar:/home/runner/.m2/repository/io/quarkus/quarkus-classloader-commons/3.20.2/quarkus-classloader-commons-3.20.2.jar:/home/runner/.m2/repository/io/quarkus/quarkus-bootstrap-app-model/3.20.2/quarkus-bootstrap-app-model-3.20.2.jar:/home/runner/.m2/repository/io/smallrye/common/smallrye-common-io/2.12.0/smallrye-common-io-2.12.0.jar:/home/runner/.m2/repository/org/eclipse/sisu/org.eclipse.sisu.inject/0.9.0.M3/org.eclipse.sisu.inject-0.9.0.M3.jar:/home/runner/.m2/repository/io/quarkus/quarkus-test-common/3.20.2/quarkus-test-common-3.20.2.jar:/home/runner/.m2/repository/io/quarkus/quarkus-core-deployment/3.20.2/quarkus-core-deployment-3.20.2.jar:/home/runner/.m2/repository/org/aesh/readline/2.6/readline-2.6.jar:/home/runner/.m2/repository/org/fusesource/jansi/jansi/2.4.0/jansi-2.4.0.jar:/home/runner/.m2/repository/org/aesh/aesh/2.8.2/aesh-2.8.2.jar:/home/runner/.m2/repository/io/quarkus/gizmo/gizmo/1.8.0/gizmo-1.8.0.jar:/home/runner/.m2/repository/org/ow2/asm/asm-util/9.7.1/asm-util-9.7.1.jar:/home/runner/.m2/repository/org/ow2/asm/asm-analysis/9.7.1/asm-analysis-9.7.1.jar:/home/runner/.m2/repository/org/ow2/asm/asm-commons/9.7.1/asm-commons-9.7.1.jar:/home/runner/.m2/repository/org/ow2/asm/asm-tree/9.7.1/asm-tree-9.7.1.jar:/home/runner/.m2/repository/io/quarkus/quarkus-hibernate-validator-spi/3.20.2/quarkus-hibernate-validator-spi-3.20.2.jar:/home/runner/.m2/repository/io/quarkus/quarkus-class-change-agent/3.20.2/quarkus-class-change-agent-3.20.2.jar:/home/runner/.m2/repository/io/quarkus/quarkus-devtools-utilities/3.20.2/quarkus-devtools-utilities-3.20.2.jar:/home/runner/.m2/repository/io/quarkus/quarkus-builder/3.20.2/quarkus-builder-3.20.2.jar:/home/runner/.m2/repository/org/graalvm/sdk/nativeimage/23.1.2/nativeimage-23.1.2.jar:/home/runner/.m2/repository/org/graalvm/sdk/word/23.1.2/word-23.1.2.jar:/home/runner/.m2/repository/io/quarkus/quarkus-bootstrap-maven-resolver/3.20.2/quarkus-bootstrap-maven-resolver-3.20.2.jar:/home/runner/.m2/repository/io/smallrye/beanbag/smallrye-beanbag-maven/1.5.2/smallrye-beanbag-maven-1.5.2.jar:/home/runner/.m2/repository/io/smallrye/beanbag/smallrye-beanbag-sisu/1.5.2/smallrye-beanbag-sisu-1.5.2.jar:/home/runner/.m2/repository/io/smallrye/beanbag/smallrye-beanbag/1.5.2/smallrye-beanbag-1.5.2.jar:/home/runner/.m2/repository/javax/inject/javax.inject/1/javax.inject-1.jar:/home/runner/.m2/repository/org/apache/maven/maven-artifact/3.9.9/maven-artifact-3.9.9.jar:/home/runner/.m2/repository/org/apache/maven/maven-builder-support/3.9.9/maven-builder-support-3.9.9.jar:/home/runner/.m2/repository/org/apache/maven/maven-model/3.9.9/maven-model-3.9.9.jar:/home/runner/.m2/repository/org/apache/maven/maven-model-builder/3.9.9/maven-model-builder-3.9.9.jar:/home/runner/.m2/repository/org/apache/maven/maven-repository-metadata/3.9.9/maven-repository-metadata-3.9.9.jar:/home/runner/.m2/repository/org/apache/maven/maven-settings/3.9.9/maven-settings-3.9.9.jar:/home/runner/.m2/repository/org/apache/maven/resolver/maven-resolver-api/1.9.22/maven-resolver-api-1.9.22.jar:/home/runner/.m2/repository/org/apache/maven/resolver/maven-resolver-impl/1.9.22/maven-resolver-impl-1.9.22.jar:/home/runner/.m2/repository/org/apache/maven/resolver/maven-resolver-named-locks/1.9.22/maven-resolver-named-locks-1.9.22.jar:/home/runner/.m2/repository/org/apache/maven/resolver/maven-resolver-spi/1.9.22/maven-resolver-spi-1.9.22.jar:/home/runner/.m2/repository/org/apache/maven/resolver/maven-resolver-util/1.9.22/maven-resolver-util-1.9.22.jar:/home/runner/.m2/repository/org/apache/maven/resolver/maven-resolver-transport-http/1.9.20/maven-resolver-transport-http-1.9.20.jar:/home/runner/.m2/repository/org/apache/maven/wagon/wagon-provider-api/3.5.3/wagon-provider-api-3.5.3.jar:/home/runner/.m2/repository/org/apache/maven/wagon/wagon-http-shared/3.5.3/wagon-http-shared-3.5.3.jar:/home/runner/.m2/repository/org/codehaus/plexus/plexus-interpolation/1.26/plexus-interpolation-1.26.jar:/home/runner/.m2/repository/org/codehaus/plexus/plexus-utils/3.5.1/plexus-utils-3.5.1.jar:/home/runner/.m2/repository/org/codehaus/plexus/plexus-xml/4.0.1/plexus-xml-4.0.1.jar:/home/runner/.m2/repository/org/apache/maven/maven-xml-impl/4.0.0-alpha-5/maven-xml-impl-4.0.0-alpha-5.jar:/home/runner/.m2/repository/org/apache/maven/maven-api-xml/4.0.0-alpha-5/maven-api-xml-4.0.0-alpha-5.jar:/home/runner/.m2/repository/org/apache/maven/maven-api-meta/4.0.0-alpha-5/maven-api-meta-4.0.0-alpha-5.jar:/home/runner/.m2/repository/org/codehaus/plexus/plexus-cipher/2.0/plexus-cipher-2.0.jar:/home/runner/.m2/repository/org/codehaus/plexus/plexus-sec-dispatcher/2.0/plexus-sec-dispatcher-2.0.jar:/home/runner/.m2/repository/org/apache/maven/maven-embedder/3.9.9/maven-embedder-3.9.9.jar:/home/runner/.m2/repository/org/apache/maven/maven-core/3.9.9/maven-core-3.9.9.jar:/home/runner/.m2/repository/org/codehaus/plexus/plexus-component-annotations/2.1.0/plexus-component-annotations-2.1.0.jar:/home/runner/.m2/repository/org/apache/maven/maven-plugin-api/3.9.9/maven-plugin-api-3.9.9.jar:/home/runner/.m2/repository/org/apache/maven/shared/maven-shared-utils/3.4.2/maven-shared-utils-3.4.2.jar:/home/runner/.m2/repository/com/google/inject/guice/5.1.0/guice-5.1.0.jar:/home/runner/.m2/repository/aopalliance/aopalliance/1.0/aopalliance-1.0.jar:/home/runner/.m2/repository/org/codehaus/plexus/plexus-classworlds/2.6.0/plexus-classworlds-2.6.0.jar:/home/runner/.m2/repository/commons-cli/commons-cli/1.8.0/commons-cli-1.8.0.jar:/home/runner/.m2/repository/org/eclipse/sisu/org.eclipse.sisu.plexus/0.9.0.M3/org.eclipse.sisu.plexus-0.9.0.M3.jar:/home/runner/.m2/repository/org/apache/maven/maven-settings-builder/3.9.9/maven-settings-builder-3.9.9.jar:/home/runner/.m2/repository/org/apache/maven/maven-resolver-provider/3.9.9/maven-resolver-provider-3.9.9.jar:/home/runner/.m2/repository/org/apache/maven/resolver/maven-resolver-connector-basic/1.9.22/maven-resolver-connector-basic-1.9.22.jar:/home/runner/.m2/repository/org/apache/maven/resolver/maven-resolver-transport-wagon/1.9.22/maven-resolver-transport-wagon-1.9.22.jar:/home/runner/.m2/repository/org/apache/maven/wagon/wagon-http/3.5.3/wagon-http-3.5.3.jar:/home/runner/.m2/repository/org/apache/maven/wagon/wagon-file/3.5.3/wagon-file-3.5.3.jar:/home/runner/.m2/repository/io/quarkus/quarkus-bootstrap-gradle-resolver/3.20.2/quarkus-bootstrap-gradle-resolver-3.20.2.jar:/home/runner/.m2/repository/io/smallrye/jandex/3.3.0/jandex-3.3.0.jar:/home/runner/.m2/repository/org/jboss/logging/commons-logging-jboss-logging/1.0.0.Final/commons-logging-jboss-logging-1.0.0.Final.jar:/home/runner/.m2/repository/io/quarkus/quarkus-junit5-config/3.20.2/quarkus-junit5-config-3.20.2.jar:/home/runner/.m2/repository/org/junit/jupiter/junit-jupiter-api/5.12.1/junit-jupiter-api-5.12.1.jar:/home/runner/.m2/repository/io/smallrye/config/smallrye-config/3.11.4/smallrye-config-3.11.4.jar:/home/runner/.m2/repository/io/smallrye/config/smallrye-config-core/3.11.4/smallrye-config-core-3.11.4.jar:/home/runner/.m2/repository/io/smallrye/common/smallrye-common-classloader/2.12.0/smallrye-common-classloader-2.12.0.jar:/home/runner/.m2/repository/io/smallrye/config/smallrye-config-common/3.11.4/smallrye-config-common-3.11.4.jar:/home/runner/.m2/repository/org/junit/jupiter/junit-jupiter/5.12.1/junit-jupiter-5.12.1.jar:/home/runner/.m2/repository/org/junit/jupiter/junit-jupiter-params/5.12.1/junit-jupiter-params-5.12.1.jar:/home/runner/.m2/repository/org/junit/jupiter/junit-jupiter-engine/5.12.1/junit-jupiter-engine-5.12.1.jar:/home/runner/.m2/repository/io/quarkus/quarkus-core/3.20.2/quarkus-core-3.20.2.jar:/home/runner/.m2/repository/jakarta/enterprise/jakarta.enterprise.cdi-api/4.1.0/jakarta.enterprise.cdi-api-4.1.0.jar:/home/runner/.m2/repository/jakarta/enterprise/jakarta.enterprise.lang-model/4.1.0/jakarta.enterprise.lang-model-4.1.0.jar:/home/runner/.m2/repository/jakarta/el/jakarta.el-api/5.0.1/jakarta.el-api-5.0.1.jar:/home/runner/.m2/repository/jakarta/interceptor/jakarta.interceptor-api/2.2.0/jakarta.interceptor-api-2.2.0.jar:/home/runner/.m2/repository/jakarta/inject/jakarta.inject-api/2.0.1/jakarta.inject-api-2.0.1.jar:/home/runner/.m2/repository/io/smallrye/common/smallrye-common-os/2.12.0/smallrye-common-os-2.12.0.jar:/home/runner/.m2/repository/io/quarkus/quarkus-ide-launcher/3.20.2/quarkus-ide-launcher-3.20.2.jar:/home/runner/.m2/repository/io/quarkus/quarkus-development-mode-spi/3.20.2/quarkus-development-mode-spi-3.20.2.jar:/home/runner/.m2/repository/org/jboss/logging/jboss-logging/3.6.1.Final/jboss-logging-3.6.1.Final.jar:/home/runner/.m2/repository/org/jboss/logmanager/jboss-logmanager/3.1.2.Final/jboss-logmanager-3.1.2.Final.jar:/home/runner/.m2/repository/io/smallrye/common/smallrye-common-constraint/2.12.0/smallrye-common-constraint-2.12.0.jar:/home/runner/.m2/repository/io/smallrye/common/smallrye-common-cpu/2.12.0/smallrye-common-cpu-2.12.0.jar:/home/runner/.m2/repository/io/smallrye/common/smallrye-common-expression/2.12.0/smallrye-common-expression-2.12.0.jar:/home/runner/.m2/repository/io/smallrye/common/smallrye-common-net/2.12.0/smallrye-common-net-2.12.0.jar:/home/runner/.m2/repository/io/smallrye/common/smallrye-common-ref/2.12.0/smallrye-common-ref-2.12.0.jar:/home/runner/.m2/repository/jakarta/json/jakarta.json-api/2.1.3/jakarta.json-api-2.1.3.jar:/home/runner/.m2/repository/org/eclipse/parsson/parsson/1.1.7/parsson-1.1.7.jar:/home/runner/.m2/repository/org/jboss/logging/jboss-logging-annotations/3.0.4.Final/jboss-logging-annotations-3.0.4.Final.jar:/home/runner/.m2/repository/org/jboss/threads/jboss-threads/3.8.0.Final/jboss-threads-3.8.0.Final.jar:/home/runner/.m2/repository/io/smallrye/common/smallrye-common-annotation/2.12.0/smallrye-common-annotation-2.12.0.jar:/home/runner/.m2/repository/io/smallrye/common/smallrye-common-function/2.12.0/smallrye-common-function-2.12.0.jar:/home/runner/.m2/repository/org/jboss/slf4j/slf4j-jboss-logmanager/2.0.0.Final/slf4j-jboss-logmanager-2.0.0.Final.jar:/home/runner/.m2/repository/org/wildfly/common/wildfly-common/2.0.1/wildfly-common-2.0.1.jar:/home/runner/.m2/repository/io/quarkus/quarkus-bootstrap-runner/3.20.2/quarkus-bootstrap-runner-3.20.2.jar:/home/runner/.m2/repository/io/github/crac/org-crac/0.1.3/org-crac-0.1.3.jar:/home/runner/.m2/repository/io/quarkus/quarkus-fs-util/0.0.10/quarkus-fs-util-0.0.10.jar:/home/runner/.m2/repository/org/jboss/marshalling/jboss-marshalling/2.2.2.Final/jboss-marshalling-2.2.2.Final.jar:/home/runner/.m2/repository/io/fabric8/kubernetes-client/7.1.0/kubernetes-client-7.1.0.jar:/home/runner/.m2/repository/io/fabric8/kubernetes-client-api/7.1.0/kubernetes-client-api-7.1.0.jar:/home/runner/.m2/repository/io/fabric8/kubernetes-model-core/7.1.0/kubernetes-model-core-7.1.0.jar:/home/runner/.m2/repository/io/fabric8/kubernetes-model-common/7.1.0/kubernetes-model-common-7.1.0.jar:/home/runner/.m2/repository/javax/annotation/javax.annotation-api/1.3.2/javax.annotation-api-1.3.2.jar:/home/runner/.m2/repository/io/fabric8/kubernetes-model-gatewayapi/7.1.0/kubernetes-model-gatewayapi-7.1.0.jar:/home/runner/.m2/repository/io/fabric8/kubernetes-model-resource/7.1.0/kubernetes-model-resource-7.1.0.jar:/home/runner/.m2/repository/io/fabric8/kubernetes-model-rbac/7.1.0/kubernetes-model-rbac-7.1.0.jar:/home/runner/.m2/repository/io/fabric8/kubernetes-model-admissionregistration/7.1.0/kubernetes-model-admissionregistration-7.1.0.jar:/home/runner/.m2/repository/io/fabric8/kubernetes-model-apps/7.1.0/kubernetes-model-apps-7.1.0.jar:/home/runner/.m2/repository/io/fabric8/kubernetes-model-autoscaling/7.1.0/kubernetes-model-autoscaling-7.1.0.jar:/home/runner/.m2/repository/io/fabric8/kubernetes-model-apiextensions/7.1.0/kubernetes-model-apiextensions-7.1.0.jar:/home/runner/.m2/repository/io/fabric8/kubernetes-model-batch/7.1.0/kubernetes-model-batch-7.1.0.jar:/home/runner/.m2/repository/io/fabric8/kubernetes-model-certificates/7.1.0/kubernetes-model-certificates-7.1.0.jar:/home/runner/.m2/repository/io/fabric8/kubernetes-model-coordination/7.1.0/kubernetes-model-coordination-7.1.0.jar:/home/runner/.m2/repository/io/fabric8/kubernetes-model-discovery/7.1.0/kubernetes-model-discovery-7.1.0.jar:/home/runner/.m2/repository/io/fabric8/kubernetes-model-events/7.1.0/kubernetes-model-events-7.1.0.jar:/home/runner/.m2/repository/io/fabric8/kubernetes-model-extensions/7.1.0/kubernetes-model-extensions-7.1.0.jar:/home/runner/.m2/repository/io/fabric8/kubernetes-model-flowcontrol/7.1.0/kubernetes-model-flowcontrol-7.1.0.jar:/home/runner/.m2/repository/io/fabric8/kubernetes-model-networking/7.1.0/kubernetes-model-networking-7.1.0.jar:/home/runner/.m2/repository/io/fabric8/kubernetes-model-metrics/7.1.0/kubernetes-model-metrics-7.1.0.jar:/home/runner/.m2/repository/io/fabric8/kubernetes-model-policy/7.1.0/kubernetes-model-policy-7.1.0.jar:/home/runner/.m2/repository/io/fabric8/kubernetes-model-scheduling/7.1.0/kubernetes-model-scheduling-7.1.0.jar:/home/runner/.m2/repository/io/fabric8/kubernetes-model-storageclass/7.1.0/kubernetes-model-storageclass-7.1.0.jar:/home/runner/.m2/repository/io/fabric8/kubernetes-model-node/7.1.0/kubernetes-model-node-7.1.0.jar:/home/runner/.m2/repository/org/snakeyaml/snakeyaml-engine/2.9/snakeyaml-engine-2.9.jar:/home/runner/.m2/repository/com/fasterxml/jackson/dataformat/jackson-dataformat-yaml/2.18.2/jackson-dataformat-yaml-2.18.2.jar:/home/runner/.m2/repository/com/fasterxml/jackson/datatype/jackson-datatype-jsr310/2.18.2/jackson-datatype-jsr310-2.18.2.jar:/home/runner/.m2/repository/io/fabric8/zjsonpatch/7.1.0/zjsonpatch-7.1.0.jar:/home/runner/.m2/repository/io/fabric8/kubernetes-httpclient-vertx/7.1.0/kubernetes-httpclient-vertx-7.1.0.jar:/home/runner/.m2/repository/io/vertx/vertx-web-client/4.5.16/vertx-web-client-4.5.16.jar:/home/runner/.m2/repository/io/vertx/vertx-web-common/4.5.16/vertx-web-common-4.5.16.jar:/home/runner/.m2/repository/io/vertx/vertx-auth-common/4.5.16/vertx-auth-common-4.5.16.jar:/home/runner/.m2/repository/io/vertx/vertx-uri-template/4.5.16/vertx-uri-template-4.5.16.jar:/home/runner/.m2/repository/io/fabric8/openshift-client/7.1.0/openshift-client-7.1.0.jar:/home/runner/.m2/repository/io/fabric8/openshift-client-api/7.1.0/openshift-client-api-7.1.0.jar:/home/runner/.m2/repository/io/fabric8/openshift-model/7.1.0/openshift-model-7.1.0.jar:/home/runner/.m2/repository/io/fabric8/openshift-model-autoscaling/7.1.0/openshift-model-autoscaling-7.1.0.jar:/home/runner/.m2/repository/io/fabric8/openshift-model-operator/7.1.0/openshift-model-operator-7.1.0.jar:/home/runner/.m2/repository/io/fabric8/openshift-model-operatorhub/7.1.0/openshift-model-operatorhub-7.1.0.jar:/home/runner/.m2/repository/io/fabric8/openshift-model-machine/7.1.0/openshift-model-machine-7.1.0.jar:/home/runner/.m2/repository/io/fabric8/openshift-model-whereabouts/7.1.0/openshift-model-whereabouts-7.1.0.jar:/home/runner/.m2/repository/io/fabric8/openshift-model-monitoring/7.1.0/openshift-model-monitoring-7.1.0.jar:/home/runner/.m2/repository/io/fabric8/openshift-model-storageversionmigrator/7.1.0/openshift-model-storageversionmigrator-7.1.0.jar:/home/runner/.m2/repository/io/fabric8/openshift-model-tuned/7.1.0/openshift-model-tuned-7.1.0.jar:/home/runner/.m2/repository/io/fabric8/openshift-model-console/7.1.0/openshift-model-console-7.1.0.jar:/home/runner/.m2/repository/io/fabric8/openshift-model-config/7.1.0/openshift-model-config-7.1.0.jar:/home/runner/.m2/repository/io/fabric8/openshift-model-machineconfiguration/7.1.0/openshift-model-machineconfiguration-7.1.0.jar:/home/runner/.m2/repository/io/fabric8/openshift-model-miscellaneous/7.1.0/openshift-model-miscellaneous-7.1.0.jar:/home/runner/.m2/repository/io/fabric8/openshift-model-hive/7.1.0/openshift-model-hive-7.1.0.jar:/home/runner/.m2/repository/io/fabric8/openshift-model-installer/7.1.0/openshift-model-installer-7.1.0.jar:/home/runner/.m2/repository/org/junit/platform/junit-platform-launcher/1.12.1/junit-platform-launcher-1.12.1.jar:/home/runner/.m2/repository/org/junit/platform/junit-platform-engine/1.12.1/junit-platform-engine-1.12.1.jar:/home/runner/.m2/repository/org/opentest4j/opentest4j/1.3.0/opentest4j-1.3.0.jar:/home/runner/.m2/repository/org/junit/platform/junit-platform-commons/1.12.1/junit-platform-commons-1.12.1.jar:/home/runner/.m2/repository/org/apiguardian/apiguardian-api/1.1.2/apiguardian-api-1.1.2.jar:/home/runner/.m2/repository/jakarta/ws/rs/jakarta.ws.rs-api/3.1.0/jakarta.ws.rs-api-3.1.0.jar:/home/runner/work/apicurio-testing/apicurio-testing/clusters/ci419/namespaces/mysql/tests/integration/apicurio-registry/java-sdk/target/apicurio-registry-java-sdk-3.0.14-SNAPSHOT.jar:/home/runner/.m2/repository/com/microsoft/kiota/microsoft-kiota-abstractions/1.8.9/microsoft-kiota-abstractions-1.8.9.jar:/home/runner/.m2/repository/io/github/std-uritemplate/std-uritemplate/2.0.0/std-uritemplate-2.0.0.jar:/home/runner/.m2/repository/io/kiota/kiota-http-jdk/0.0.29/kiota-http-jdk-0.0.29.jar:/home/runner/.m2/repository/io/kiota/kiota-http-vertx/0.0.29/kiota-http-vertx-0.0.29.jar:/home/runner/.m2/repository/io/kiota/kiota-serialization-jackson/0.0.29/kiota-serialization-jackson-0.0.29.jar:/home/runner/.m2/repository/com/microsoft/kiota/microsoft-kiota-serialization-text/1.8.9/microsoft-kiota-serialization-text-1.8.9.jar:/home/runner/.m2/repository/com/microsoft/kiota/microsoft-kiota-serialization-form/1.8.9/microsoft-kiota-serialization-form-1.8.9.jar:/home/runner/.m2/repository/com/microsoft/kiota/microsoft-kiota-serialization-multipart/1.8.9/microsoft-kiota-serialization-multipart-1.8.9.jar:/home/runner/.m2/repository/jakarta/annotation/jakarta.annotation-api/3.0.0/jakarta.annotation-api-3.0.0.jar:/home/runner/.m2/repository/io/vertx/vertx-auth-oauth2/4.5.16/vertx-auth-oauth2-4.5.16.jar:/home/runner/work/apicurio-testing/apicurio-testing/clusters/ci419/namespaces/mysql/tests/integration/apicurio-registry/java-sdk-v2/target/apicurio-registry-v2-java-sdk-3.0.14-SNAPSHOT.jar:/home/runner/work/apicurio-testing/apicurio-testing/clusters/ci419/namespaces/mysql/tests/integration/apicurio-registry/utils/kafka/target/apicurio-registry-utils-kafka-3.0.14-SNAPSHOT-tests.jar:/home/runner/.m2/repository/org/eclipse/microprofile/config/microprofile-config-api/3.1/microprofile-config-api-3.1.jar:/home/runner/.m2/repository/org/apache/kafka/kafka-clients/3.9.1/kafka-clients-3.9.1.jar:/home/runner/.m2/repository/com/github/luben/zstd-jni/1.5.6-4/zstd-jni-1.5.6-4.jar:/home/runner/.m2/repository/org/lz4/lz4-java/1.8.0/lz4-java-1.8.0.jar:/home/runner/.m2/repository/org/xerial/snappy/snappy-java/1.1.10.5/snappy-java-1.1.10.5.jar:/home/runner/.m2/repository/org/slf4j/slf4j-api/2.0.6/slf4j-api-2.0.6.jar:/home/runner/work/apicurio-testing/apicurio-testing/clusters/ci419/namespaces/mysql/tests/integration/apicurio-registry/utils/tests/target/apicurio-registry-utils-tests-3.0.14-SNAPSHOT.jar:/home/runner/work/apicurio-testing/apicurio-testing/clusters/ci419/namespaces/mysql/tests/integration/apicurio-registry/common/target/apicurio-registry-common-3.0.14-SNAPSHOT.jar:/home/runner/.m2/repository/jakarta/validation/jakarta.validation-api/3.0.2/jakarta.validation-api-3.0.2.jar:/home/runner/.m2/repository/com/github/dasniko/testcontainers-keycloak/3.8.0/testcontainers-keycloak-3.8.0.jar:/home/runner/.m2/repository/org/testcontainers/testcontainers/1.20.6/testcontainers-1.20.6.jar:/home/runner/.m2/repository/org/rnorth/duct-tape/duct-tape/1.0.8/duct-tape-1.0.8.jar:/home/runner/.m2/repository/com/github/docker-java/docker-java-transport-zerodep/3.4.1/docker-java-transport-zerodep-3.4.1.jar:/home/runner/.m2/repository/com/github/docker-java/docker-java-transport/3.4.1/docker-java-transport-3.4.1.jar:/home/runner/.m2/repository/net/java/dev/jna/jna/5.8.0/jna-5.8.0.jar:/home/runner/.m2/repository/io/quarkus/quarkus-junit4-mock/3.20.2/quarkus-junit4-mock-3.20.2.jar:/home/runner/.m2/repository/org/jboss/shrinkwrap/shrinkwrap-api/2.0.0-beta-2/shrinkwrap-api-2.0.0-beta-2.jar:/home/runner/.m2/repository/org/jboss/shrinkwrap/shrinkwrap-impl-base/2.0.0-beta-2/shrinkwrap-impl-base-2.0.0-beta-2.jar:/home/runner/.m2/repository/org/jboss/shrinkwrap/shrinkwrap-spi/2.0.0-beta-2/shrinkwrap-spi-2.0.0-beta-2.jar:/home/runner/.m2/repository/org/keycloak/keycloak-admin-client/26.0.4/keycloak-admin-client-26.0.4.jar:/home/runner/.m2/repository/org/keycloak/keycloak-client-common-synced/26.0.4/keycloak-client-common-synced-26.0.4.jar:/home/runner/.m2/repository/jakarta/activation/jakarta.activation-api/2.1.3/jakarta.activation-api-2.1.3.jar:/home/runner/.m2/repository/org/eclipse/microprofile/openapi/microprofile-openapi-api/4.0.2/microprofile-openapi-api-4.0.2.jar:/home/runner/.m2/repository/org/jboss/resteasy/resteasy-client/6.2.12.Final/resteasy-client-6.2.12.Final.jar:/home/runner/.m2/repository/org/jboss/resteasy/resteasy-client-api/6.2.12.Final/resteasy-client-api-6.2.12.Final.jar:/home/runner/.m2/repository/org/jboss/resteasy/resteasy-core-spi/6.2.12.Final/resteasy-core-spi-6.2.12.Final.jar:/home/runner/.m2/repository/org/jboss/resteasy/resteasy-core/6.2.12.Final/resteasy-core-6.2.12.Final.jar:/home/runner/.m2/repository/org/eclipse/angus/angus-activation/2.0.2/angus-activation-2.0.2.jar:/home/runner/.m2/repository/com/ibm/async/asyncutil/0.1.0/asyncutil-0.1.0.jar:/home/runner/.m2/repository/org/reactivestreams/reactive-streams/1.0.4/reactive-streams-1.0.4.jar:/home/runner/.m2/repository/org/jboss/resteasy/resteasy-multipart-provider/6.2.12.Final/resteasy-multipart-provider-6.2.12.Final.jar:/home/runner/.m2/repository/jakarta/mail/jakarta.mail-api/2.1.3/jakarta.mail-api-2.1.3.jar:/home/runner/.m2/repository/org/eclipse/angus/angus-mail/2.0.3/angus-mail-2.0.3.jar:/home/runner/.m2/repository/org/apache/james/apache-mime4j-dom/0.8.12/apache-mime4j-dom-0.8.12.jar:/home/runner/.m2/repository/org/apache/james/apache-mime4j-core/0.8.12/apache-mime4j-core-0.8.12.jar:/home/runner/.m2/repository/org/apache/james/apache-mime4j-storage/0.8.12/apache-mime4j-storage-0.8.12.jar:/home/runner/.m2/repository/org/jboss/resteasy/resteasy-jackson2-provider/6.2.12.Final/resteasy-jackson2-provider-6.2.12.Final.jar:/home/runner/.m2/repository/com/fasterxml/jackson/jakarta/rs/jackson-jakarta-rs-base/2.18.2/jackson-jakarta-rs-base-2.18.2.jar:/home/runner/.m2/repository/com/fasterxml/jackson/jakarta/rs/jackson-jakarta-rs-json-provider/2.18.2/jackson-jakarta-rs-json-provider-2.18.2.jar:/home/runner/.m2/repository/com/fasterxml/jackson/module/jackson-module-jakarta-xmlbind-annotations/2.18.2/jackson-module-jakarta-xmlbind-annotations-2.18.2.jar:/home/runner/.m2/repository/com/github/java-json-tools/json-patch/1.13/json-patch-1.13.jar:/home/runner/.m2/repository/com/github/java-json-tools/msg-simple/1.2/msg-simple-1.2.jar:/home/runner/.m2/repository/com/github/java-json-tools/btf/1.3/btf-1.3.jar:/home/runner/.m2/repository/com/github/java-json-tools/jackson-coreutils/2.0/jackson-coreutils-2.0.jar:/home/runner/.m2/repository/org/jboss/resteasy/resteasy-jaxb-provider/6.2.12.Final/resteasy-jaxb-provider-6.2.12.Final.jar:/home/runner/.m2/repository/org/glassfish/jaxb/codemodel/4.0.5/codemodel-4.0.5.jar:/home/runner/.m2/repository/org/glassfish/jaxb/jaxb-core/4.0.5/jaxb-core-4.0.5.jar:/home/runner/.m2/repository/org/glassfish/jaxb/jaxb-jxc/4.0.5/jaxb-jxc-4.0.5.jar:/home/runner/.m2/repository/org/glassfish/jaxb/jaxb-runtime/4.0.5/jaxb-runtime-4.0.5.jar:/home/runner/.m2/repository/org/glassfish/jaxb/txw2/4.0.5/txw2-4.0.5.jar:/home/runner/.m2/repository/org/glassfish/jaxb/jaxb-xjc/4.0.5/jaxb-xjc-4.0.5.jar:/home/runner/.m2/repository/org/glassfish/jaxb/xsom/4.0.5/xsom-4.0.5.jar:/home/runner/.m2/repository/com/sun/istack/istack-commons-runtime/4.1.2/istack-commons-runtime-4.1.2.jar:/home/runner/.m2/repository/com/sun/istack/istack-commons-tools/4.1.2/istack-commons-tools-4.1.2.jar:/home/runner/.m2/repository/com/sun/xml/bind/external/relaxng-datatype/4.0.5/relaxng-datatype-4.0.5.jar:/home/runner/.m2/repository/com/sun/xml/bind/external/rngom/4.0.5/rngom-4.0.5.jar:/home/runner/.m2/repository/org/testcontainers/mssqlserver/1.20.6/mssqlserver-1.20.6.jar:/home/runner/.m2/repository/org/testcontainers/jdbc/1.20.6/jdbc-1.20.6.jar:/home/runner/.m2/repository/org/testcontainers/database-commons/1.20.6/database-commons-1.20.6.jar:/home/runner/.m2/repository/org/testcontainers/mysql/1.20.6/mysql-1.20.6.jar:/home/runner/.m2/repository/io/strimzi/strimzi-test-container/0.111.0/strimzi-test-container-0.111.0.jar:/home/runner/.m2/repository/org/testcontainers/toxiproxy/1.20.6/toxiproxy-1.20.6.jar:/home/runner/.m2/repository/com/github/docker-java/docker-java-api/3.4.1/docker-java-api-3.4.1.jar:/home/runner/.m2/repository/org/apache/logging/log4j/log4j-slf4j-impl/2.19.0/log4j-slf4j-impl-2.19.0.jar:/home/runner/.m2/repository/org/apache/logging/log4j/log4j-api/2.24.3/log4j-api-2.24.3.jar:/home/runner/.m2/repository/org/apache/logging/log4j/log4j-core/2.19.0/log4j-core-2.19.0.jar:/home/runner/.m2/repository/eu/rekawek/toxiproxy/toxiproxy-java/2.1.7/toxiproxy-java-2.1.7.jar:/home/runner/.m2/repository/org/testcontainers/pulsar/1.21.3/pulsar-1.21.3.jar:/home/runner/.m2/repository/io/debezium/debezium-testing-testcontainers/2.7.4.Final/debezium-testing-testcontainers-2.7.4.Final.jar:/home/runner/.m2/repository/org/testcontainers/kafka/1.20.6/kafka-1.20.6.jar:/home/runner/.m2/repository/com/squareup/okhttp3/okhttp/4.8.1/okhttp-4.8.1.jar:/home/runner/.m2/repository/com/squareup/okio/okio/3.10.2/okio-3.10.2.jar:/home/runner/.m2/repository/com/squareup/okio/okio-jvm/3.10.2/okio-jvm-3.10.2.jar:/home/runner/.m2/repository/org/jetbrains/kotlin/kotlin-stdlib/2.0.21/kotlin-stdlib-2.0.21.jar:/home/runner/.m2/repository/org/awaitility/awaitility/4.3.0/awaitility-4.3.0.jar:/home/runner/.m2/repository/org/testcontainers/mongodb/1.20.6/mongodb-1.20.6.jar:/home/runner/.m2/repository/org/testcontainers/mariadb/1.20.6/mariadb-1.20.6.jar:/home/runner/.m2/repository/org/testcontainers/oracle-xe/1.20.6/oracle-xe-1.20.6.jar:/home/runner/.m2/repository/org/testcontainers/postgresql/1.20.6/postgresql-1.20.6.jar:/home/runner/.m2/repository/org/wiremock/wiremock/3.0.1/wiremock-3.0.1.jar:/home/runner/.m2/repository/org/eclipse/jetty/jetty-server/11.0.15/jetty-server-11.0.15.jar:/home/runner/.m2/repository/org/eclipse/jetty/toolchain/jetty-jakarta-servlet-api/5.0.2/jetty-jakarta-servlet-api-5.0.2.jar:/home/runner/.m2/repository/org/eclipse/jetty/jetty-http/11.0.15/jetty-http-11.0.15.jar:/home/runner/.m2/repository/org/eclipse/jetty/jetty-io/11.0.15/jetty-io-11.0.15.jar:/home/runner/.m2/repository/org/eclipse/jetty/jetty-servlet/11.0.15/jetty-servlet-11.0.15.jar:/home/runner/.m2/repository/org/eclipse/jetty/jetty-security/11.0.15/jetty-security-11.0.15.jar:/home/runner/.m2/repository/org/eclipse/jetty/jetty-servlets/11.0.15/jetty-servlets-11.0.15.jar:/home/runner/.m2/repository/org/eclipse/jetty/jetty-util/11.0.15/jetty-util-11.0.15.jar:/home/runner/.m2/repository/org/eclipse/jetty/jetty-webapp/11.0.15/jetty-webapp-11.0.15.jar:/home/runner/.m2/repository/org/eclipse/jetty/jetty-xml/11.0.15/jetty-xml-11.0.15.jar:/home/runner/.m2/repository/org/eclipse/jetty/jetty-proxy/11.0.15/jetty-proxy-11.0.15.jar:/home/runner/.m2/repository/org/eclipse/jetty/jetty-client/11.0.15/jetty-client-11.0.15.jar:/home/runner/.m2/repository/org/eclipse/jetty/http2/http2-server/11.0.15/http2-server-11.0.15.jar:/home/runner/.m2/repository/org/eclipse/jetty/http2/http2-common/11.0.15/http2-common-11.0.15.jar:/home/runner/.m2/repository/org/eclipse/jetty/http2/http2-hpack/11.0.15/http2-hpack-11.0.15.jar:/home/runner/.m2/repository/org/eclipse/jetty/jetty-alpn-server/11.0.15/jetty-alpn-server-11.0.15.jar:/home/runner/.m2/repository/org/eclipse/jetty/jetty-alpn-java-server/11.0.15/jetty-alpn-java-server-11.0.15.jar:/home/runner/.m2/repository/org/eclipse/jetty/jetty-alpn-java-client/11.0.15/jetty-alpn-java-client-11.0.15.jar:/home/runner/.m2/repository/org/eclipse/jetty/jetty-alpn-client/11.0.15/jetty-alpn-client-11.0.15.jar:/home/runner/.m2/repository/org/apache/httpcomponents/client5/httpclient5/5.2.1/httpclient5-5.2.1.jar:/home/runner/.m2/repository/org/apache/httpcomponents/core5/httpcore5/5.2/httpcore5-5.2.jar:/home/runner/.m2/repository/org/apache/httpcomponents/core5/httpcore5-h2/5.2/httpcore5-h2-5.2.jar:/home/runner/.m2/repository/org/xmlunit/xmlunit-core/2.9.1/xmlunit-core-2.9.1.jar:/home/runner/.m2/repository/jakarta/xml/bind/jakarta.xml.bind-api/4.0.2/jakarta.xml.bind-api-4.0.2.jar:/home/runner/.m2/repository/org/xmlunit/xmlunit-legacy/2.9.1/xmlunit-legacy-2.9.1.jar:/home/runner/.m2/repository/org/xmlunit/xmlunit-placeholders/2.9.1/xmlunit-placeholders-2.9.1.jar:/home/runner/.m2/repository/net/javacrumbs/json-unit/json-unit-core/2.38.0/json-unit-core-2.38.0.jar:/home/runner/.m2/repository/org/hamcrest/hamcrest-core/2.2/hamcrest-core-2.2.jar:/home/runner/.m2/repository/com/jayway/jsonpath/json-path/2.8.0/json-path-2.8.0.jar:/home/runner/.m2/repository/net/minidev/json-smart/2.4.10/json-smart-2.4.10.jar:/home/runner/.m2/repository/net/minidev/accessors-smart/2.4.9/accessors-smart-2.4.9.jar:/home/runner/.m2/repository/org/ow2/asm/asm/9.7.1/asm-9.7.1.jar:/home/runner/.m2/repository/net/sf/jopt-simple/jopt-simple/5.0.4/jopt-simple-5.0.4.jar:/home/runner/.m2/repository/com/github/jknack/handlebars/4.3.1/handlebars-4.3.1.jar:/home/runner/.m2/repository/com/github/jknack/handlebars-helpers/4.3.1/handlebars-helpers-4.3.1.jar:/home/runner/.m2/repository/commons-fileupload/commons-fileupload/1.5/commons-fileupload-1.5.jar:/home/runner/.m2/repository/com/networknt/json-schema-validator/1.5.8/json-schema-validator-1.5.8.jar:/home/runner/.m2/repository/com/ethlo/time/itu/1.10.3/itu-1.10.3.jar:/home/runner/.m2/repository/io/quarkus/quarkus-smallrye-jwt-build/3.20.2/quarkus-smallrye-jwt-build-3.20.2.jar:/home/runner/.m2/repository/io/smallrye/smallrye-jwt-build/4.6.2/smallrye-jwt-build-4.6.2.jar:/home/runner/.m2/repository/org/eclipse/microprofile/jwt/microprofile-jwt-auth-api/2.1/microprofile-jwt-auth-api-2.1.jar:/home/runner/.m2/repository/org/bitbucket/b_c/jose4j/0.9.6/jose4j-0.9.6.jar:/home/runner/.m2/repository/io/smallrye/smallrye-jwt-common/4.6.2/smallrye-jwt-common-4.6.2.jar:/home/runner/.m2/repository/io/quarkus/quarkus-jsonp/3.20.2/quarkus-jsonp-3.20.2.jar:/home/runner/.m2/repository/io/quarkus/quarkus-arc/3.20.2/quarkus-arc-3.20.2.jar:/home/runner/.m2/repository/io/quarkus/arc/arc/3.20.2/arc-3.20.2.jar:/home/runner/.m2/repository/jakarta/transaction/jakarta.transaction-api/2.0.1/jakarta.transaction-api-2.0.1.jar:/home/runner/.m2/repository/io/smallrye/reactive/mutiny/2.9.2/mutiny-2.9.2.jar:/home/runner/.m2/repository/org/jctools/jctools-core/4.0.5/jctools-core-4.0.5.jar:/home/runner/.m2/repository/org/eclipse/microprofile/context-propagation/microprofile-context-propagation-api/1.3/microprofile-context-propagation-api-1.3.jar:/home/runner/.m2/repository/io/apicurio/apicurio-common-rest-client-common/0.1.18.Final/apicurio-common-rest-client-common-0.1.18.Final.jar:/home/runner/work/apicurio-testing/apicurio-testing/clusters/ci419/namespaces/mysql/tests/integration/apicurio-registry/utils/maven-plugin/target/apicurio-registry-maven-plugin-3.0.14-SNAPSHOT.jar:/home/runner/.m2/repository/com/fasterxml/jackson/core/jackson-databind/2.18.2/jackson-databind-2.18.2.jar:/home/runner/.m2/repository/org/apache/avro/avro/1.12.0/avro-1.12.0.jar:/home/runner/.m2/repository/com/google/protobuf/protobuf-java/4.32.0/protobuf-java-4.32.0.jar:/home/runner/.m2/repository/com/google/protobuf/protobuf-java-util/4.32.0/protobuf-java-util-4.32.0.jar:/home/runner/.m2/repository/com/google/code/findbugs/jsr305/3.0.2/jsr305-3.0.2.jar:/home/runner/.m2/repository/com/google/code/gson/gson/2.12.1/gson-2.12.1.jar:/home/runner/.m2/repository/com/google/errorprone/error_prone_annotations/2.36.0/error_prone_annotations-2.36.0.jar:/home/runner/.m2/repository/com/google/j2objc/j2objc-annotations/2.8/j2objc-annotations-2.8.jar:/home/runner/work/apicurio-testing/apicurio-testing/clusters/ci419/namespaces/mysql/tests/integration/apicurio-registry/schema-util/util-provider/target/apicurio-registry-schema-util-provider-3.0.14-SNAPSHOT.jar:/home/runner/work/apicurio-testing/apicurio-testing/clusters/ci419/namespaces/mysql/tests/integration/apicurio-registry/schema-util/common/target/apicurio-registry-schema-util-common-3.0.14-SNAPSHOT.jar:/home/runner/.m2/repository/com/fasterxml/jackson/module/jackson-module-parameter-names/2.18.2/jackson-module-parameter-names-2.18.2.jar:/home/runner/.m2/repository/com/fasterxml/jackson/datatype/jackson-datatype-json-org/2.18.2/jackson-datatype-json-org-2.18.2.jar:/home/runner/work/apicurio-testing/apicurio-testing/clusters/ci419/namespaces/mysql/tests/integration/apicurio-registry/schema-util/json/target/apicurio-registry-schema-util-json-3.0.14-SNAPSHOT.jar:/home/runner/.m2/repository/com/github/erosb/everit-json-schema/1.14.5/everit-json-schema-1.14.5.jar:/home/runner/.m2/repository/commons-validator/commons-validator/1.9.0/commons-validator-1.9.0.jar:/home/runner/.m2/repository/commons-digester/commons-digester/2.1/commons-digester-2.1.jar:/home/runner/.m2/repository/commons-collections/commons-collections/3.2.2/commons-collections-3.2.2.jar:/home/runner/.m2/repository/com/damnhandy/handy-uri-templates/2.1.8/handy-uri-templates-2.1.8.jar:/home/runner/.m2/repository/joda-time/joda-time/2.10.2/joda-time-2.10.2.jar:/home/runner/.m2/repository/com/github/erosb/json-sKema/0.20.0/json-sKema-0.20.0.jar:/home/runner/.m2/repository/io/vertx/vertx-json-schema/4.5.16/vertx-json-schema-4.5.16.jar:/home/runner/work/apicurio-testing/apicurio-testing/clusters/ci419/namespaces/mysql/tests/integration/apicurio-registry/schema-util/protobuf/target/apicurio-registry-schema-util-protobuf-3.0.14-SNAPSHOT.jar:/home/runner/work/apicurio-testing/apicurio-testing/clusters/ci419/namespaces/mysql/tests/integration/apicurio-registry/utils/protobuf-schema-utilities/target/apicurio-registry-protobuf-schema-utilities-3.0.14-SNAPSHOT.jar:/home/runner/.m2/repository/com/google/api/grpc/proto-google-common-protos/2.52.0/proto-google-common-protos-2.52.0.jar:/home/runner/.m2/repository/com/squareup/wire/wire-schema-jvm/5.3.3/wire-schema-jvm-5.3.3.jar:/home/runner/.m2/repository/com/palantir/javapoet/javapoet/0.6.0/javapoet-0.6.0.jar:/home/runner/.m2/repository/com/squareup/kotlinpoet-jvm/2.0.0/kotlinpoet-jvm-2.0.0.jar:/home/runner/.m2/repository/org/jetbrains/kotlin/kotlin-reflect/2.0.21/kotlin-reflect-2.0.21.jar:/home/runner/.m2/repository/com/squareup/wire/wire-runtime-jvm/5.3.3/wire-runtime-jvm-5.3.3.jar:/home/runner/.m2/repository/com/ibm/icu/icu4j/76.1/icu4j-76.1.jar:/home/runner/.m2/repository/com/squareup/okio/okio-fakefilesystem/3.10.2/okio-fakefilesystem-3.10.2.jar:/home/runner/.m2/repository/com/squareup/okio/okio-fakefilesystem-jvm/3.10.2/okio-fakefilesystem-jvm-3.10.2.jar:/home/runner/.m2/repository/org/jetbrains/kotlinx/kotlinx-datetime-jvm/0.6.1/kotlinx-datetime-jvm-0.6.1.jar:/home/runner/work/apicurio-testing/apicurio-testing/clusters/ci419/namespaces/mysql/tests/integration/apicurio-registry/schema-util/asyncapi/target/apicurio-registry-schema-util-asyncapi-3.0.14-SNAPSHOT.jar:/home/runner/work/apicurio-testing/apicurio-testing/clusters/ci419/namespaces/mysql/tests/integration/apicurio-registry/schema-util/avro/target/apicurio-registry-schema-util-avro-3.0.14-SNAPSHOT.jar:/home/runner/work/apicurio-testing/apicurio-testing/clusters/ci419/namespaces/mysql/tests/integration/apicurio-registry/schema-util/graphql/target/apicurio-registry-schema-util-graphql-3.0.14-SNAPSHOT.jar:/home/runner/.m2/repository/com/graphql-java/graphql-java/22.4/graphql-java-22.4.jar:/home/runner/.m2/repository/com/graphql-java/java-dataloader/3.3.0/java-dataloader-3.3.0.jar:/home/runner/work/apicurio-testing/apicurio-testing/clusters/ci419/namespaces/mysql/tests/integration/apicurio-registry/schema-util/kconnect/target/apicurio-registry-schema-util-kconnect-3.0.14-SNAPSHOT.jar:/home/runner/work/apicurio-testing/apicurio-testing/clusters/ci419/namespaces/mysql/tests/integration/apicurio-registry/schema-util/openapi/target/apicurio-registry-schema-util-openapi-3.0.14-SNAPSHOT.jar:/home/runner/.m2/repository/io/apicurio/apicurio-data-models/2.2.2/apicurio-data-models-2.2.2.jar:/home/runner/.m2/repository/org/slf4j/jcl-over-slf4j/2.0.6/jcl-over-slf4j-2.0.6.jar:/home/runner/.m2/repository/org/openapitools/openapidiff/openapi-diff-core/2.1.2/openapi-diff-core-2.1.2.jar:/home/runner/.m2/repository/io/swagger/parser/v3/swagger-parser/2.1.28/swagger-parser-2.1.28.jar:/home/runner/.m2/repository/io/swagger/parser/v3/swagger-parser-v2-converter/2.1.28/swagger-parser-v2-converter-2.1.28.jar:/home/runner/.m2/repository/io/swagger/swagger-core/1.6.16/swagger-core-1.6.16.jar:/home/runner/.m2/repository/io/swagger/swagger-models/1.6.16/swagger-models-1.6.16.jar:/home/runner/.m2/repository/io/swagger/swagger-annotations/1.6.16/swagger-annotations-1.6.16.jar:/home/runner/.m2/repository/io/swagger/swagger-parser/1.0.75/swagger-parser-1.0.75.jar:/home/runner/.m2/repository/io/swagger/swagger-parser-safe-url-resolver/1.0.75/swagger-parser-safe-url-resolver-1.0.75.jar:/home/runner/.m2/repository/io/swagger/swagger-compat-spec-parser/1.0.75/swagger-compat-spec-parser-1.0.75.jar:/home/runner/.m2/repository/com/github/java-json-tools/json-schema-validator/2.2.14/json-schema-validator-2.2.14.jar:/home/runner/.m2/repository/com/github/java-json-tools/jackson-coreutils-equivalence/1.0/jackson-coreutils-equivalence-1.0.jar:/home/runner/.m2/repository/com/github/java-json-tools/json-schema-core/1.2.14/json-schema-core-1.2.14.jar:/home/runner/.m2/repository/com/github/java-json-tools/uri-template/0.10/uri-template-0.10.jar:/home/runner/.m2/repository/com/googlecode/libphonenumber/libphonenumber/8.11.1/libphonenumber-8.11.1.jar:/home/runner/.m2/repository/com/j2html/j2html/1.6.0/j2html-1.6.0.jar:/home/runner/.m2/repository/org/apache/commons/commons-collections4/4.5.0/commons-collections4-4.5.0.jar:/home/runner/.m2/repository/io/swagger/parser/v3/swagger-parser-v3/2.1.31/swagger-parser-v3-2.1.31.jar:/home/runner/.m2/repository/io/swagger/core/v3/swagger-models/2.2.34/swagger-models-2.2.34.jar:/home/runner/.m2/repository/io/swagger/core/v3/swagger-core/2.2.34/swagger-core-2.2.34.jar:/home/runner/.m2/repository/io/swagger/parser/v3/swagger-parser-core/2.1.31/swagger-parser-core-2.1.31.jar:/home/runner/.m2/repository/io/swagger/parser/v3/swagger-parser-safe-url-resolver/2.1.31/swagger-parser-safe-url-resolver-2.1.31.jar:/home/runner/work/apicurio-testing/apicurio-testing/clusters/ci419/namespaces/mysql/tests/integration/apicurio-registry/schema-util/wsdl/target/apicurio-registry-schema-util-wsdl-3.0.14-SNAPSHOT.jar:/home/runner/.m2/repository/wsdl4j/wsdl4j/1.6.3/wsdl4j-1.6.3.jar:/home/runner/work/apicurio-testing/apicurio-testing/clusters/ci419/namespaces/mysql/tests/integration/apicurio-registry/schema-util/xml/target/apicurio-registry-schema-util-xml-3.0.14-SNAPSHOT.jar:/home/runner/.m2/repository/org/apache/santuario/xmlsec/4.0.4/xmlsec-4.0.4.jar:/home/runner/.m2/repository/com/fasterxml/woodstox/woodstox-core/7.1.1/woodstox-core-7.1.1.jar:/home/runner/.m2/repository/org/codehaus/woodstox/stax2-api/4.2.2/stax2-api-4.2.2.jar:/home/runner/work/apicurio-testing/apicurio-testing/clusters/ci419/namespaces/mysql/tests/integration/apicurio-registry/schema-util/xsd/target/apicurio-registry-schema-util-xsd-3.0.14-SNAPSHOT.jar:/home/runner/work/apicurio-testing/apicurio-testing/clusters/ci419/namespaces/mysql/tests/integration/apicurio-registry/serdes/kafka/jsonschema-serde/target/apicurio-registry-jsonschema-serde-kafka-3.0.14-SNAPSHOT.jar:/home/runner/work/apicurio-testing/apicurio-testing/clusters/ci419/namespaces/mysql/tests/integration/apicurio-registry/serdes/kafka/serde-kafka-common/target/apicurio-registry-serde-kafka-common-3.0.14-SNAPSHOT.jar:/home/runner/work/apicurio-testing/apicurio-testing/clusters/ci419/namespaces/mysql/tests/integration/apicurio-registry/serdes/generic/serde-common/target/apicurio-registry-serde-common-3.0.14-SNAPSHOT.jar:/home/runner/work/apicurio-testing/apicurio-testing/clusters/ci419/namespaces/mysql/tests/integration/apicurio-registry/serdes/generic/serde-common-jsonschema/target/apicurio-registry-serde-common-jsonschema-3.0.14-SNAPSHOT.jar:/home/runner/.m2/repository/org/json/json/20250107/json-20250107.jar:/home/runner/work/apicurio-testing/apicurio-testing/clusters/ci419/namespaces/mysql/tests/integration/apicurio-registry/serdes/kafka/avro-serde/target/apicurio-registry-avro-serde-kafka-3.0.14-SNAPSHOT.jar:/home/runner/work/apicurio-testing/apicurio-testing/clusters/ci419/namespaces/mysql/tests/integration/apicurio-registry/serdes/generic/serde-common-avro/target/apicurio-registry-serde-common-avro-3.0.14-SNAPSHOT.jar:/home/runner/work/apicurio-testing/apicurio-testing/clusters/ci419/namespaces/mysql/tests/integration/apicurio-registry/serdes/kafka/protobuf-serde/target/apicurio-registry-protobuf-serde-kafka-3.0.14-SNAPSHOT.jar:/home/runner/work/apicurio-testing/apicurio-testing/clusters/ci419/namespaces/mysql/tests/integration/apicurio-registry/serdes/generic/serde-common-protobuf/target/apicurio-registry-serde-common-protobuf-3.0.14-SNAPSHOT.jar:/home/runner/.m2/repository/com/squareup/wire/wire-schema/5.3.3/wire-schema-5.3.3.jar:/home/runner/.m2/repository/com/squareup/wire/wire-runtime/5.3.3/wire-runtime-5.3.3.jar:/home/runner/work/apicurio-testing/apicurio-testing/clusters/ci419/namespaces/mysql/tests/integration/apicurio-registry/serdes/pulsar/avro-serde/target/apicurio-registry-avro-serde-pulsar-3.0.14-SNAPSHOT.jar:/home/runner/.m2/repository/org/apache/pulsar/pulsar-functions-api/3.3.8/pulsar-functions-api-3.3.8.jar:/home/runner/work/apicurio-testing/apicurio-testing/clusters/ci419/namespaces/mysql/tests/integration/apicurio-registry/serdes/nats/avro-serde/target/apicurio-registry-avro-serde-nats-3.0.14-SNAPSHOT.jar:/home/runner/.m2/repository/io/nats/jnats/2.21.4/jnats-2.21.4.jar:/home/runner/.m2/repository/org/bouncycastle/bcprov-lts8on/2.73.7/bcprov-lts8on-2.73.7.jar:/home/runner/.m2/repository/org/jetbrains/annotations/26.0.2/annotations-26.0.2.jar:/home/runner/work/apicurio-testing/apicurio-testing/clusters/ci419/namespaces/mysql/tests/integration/apicurio-registry/utils/converter/target/apicurio-registry-utils-converter-3.0.14-SNAPSHOT.jar:/home/runner/work/apicurio-testing/apicurio-testing/clusters/ci419/namespaces/mysql/tests/integration/apicurio-registry/schema-resolver/target/apicurio-registry-schema-resolver-3.0.14-SNAPSHOT.jar:/home/runner/.m2/repository/org/apache/kafka/connect-api/3.9.1/connect-api-3.9.1.jar:/home/runner/.m2/repository/javax/ws/rs/javax.ws.rs-api/2.1.1/javax.ws.rs-api-2.1.1.jar:/home/runner/.m2/repository/org/apache/kafka/connect-json/3.9.1/connect-json-3.9.1.jar:/home/runner/.m2/repository/com/fasterxml/jackson/datatype/jackson-datatype-jdk8/2.18.2/jackson-datatype-jdk8-2.18.2.jar:/home/runner/.m2/repository/com/fasterxml/jackson/module/jackson-module-afterburner/2.18.2/jackson-module-afterburner-2.18.2.jar:/home/runner/work/apicurio-testing/apicurio-testing/clusters/ci419/namespaces/mysql/tests/integration/apicurio-registry/utils/kafka/target/apicurio-registry-utils-kafka-3.0.14-SNAPSHOT.jar:/home/runner/.m2/repository/org/apache/pulsar/pulsar-client/3.3.8/pulsar-client-3.3.8.jar:/home/runner/.m2/repository/org/apache/pulsar/pulsar-client-api/3.3.8/pulsar-client-api-3.3.8.jar:/home/runner/.m2/repository/org/apache/pulsar/pulsar-client-admin-api/3.3.8/pulsar-client-admin-api-3.3.8.jar:/home/runner/.m2/repository/org/apache/pulsar/bouncy-castle-bc/3.3.8/bouncy-castle-bc-3.3.8-pkg.jar:/home/runner/.m2/repository/org/bouncycastle/bcpkix-jdk18on/1.81/bcpkix-jdk18on-1.81.jar:/home/runner/.m2/repository/org/bouncycastle/bcutil-jdk18on/1.81/bcutil-jdk18on-1.81.jar:/home/runner/.m2/repository/org/bouncycastle/bcprov-jdk18on/1.81/bcprov-jdk18on-1.81.jar:/home/runner/.m2/repository/io/opentelemetry/opentelemetry-api/1.44.1/opentelemetry-api-1.44.1.jar:/home/runner/.m2/repository/io/opentelemetry/opentelemetry-context/1.44.1/opentelemetry-context-1.44.1.jar:/home/runner/.m2/repository/io/opentelemetry/opentelemetry-api-incubator/1.44.1-alpha/opentelemetry-api-incubator-1.44.1-alpha.jar:/home/runner/.m2/repository/com/fasterxml/jackson/core/jackson-annotations/2.18.2/jackson-annotations-2.18.2.jar:/home/runner/.m2/repository/javax/validation/validation-api/1.1.0.Final/validation-api-1.1.0.Final.jar:/home/runner/.m2/repository/org/jspecify/jspecify/1.0.0/jspecify-1.0.0.jar:/home/runner/.m2/repository/org/apache/commons/commons-configuration2/2.12.0/commons-configuration2-2.12.0.jar:/home/runner/.m2/repository/commons-logging/commons-logging/1.3.5/commons-logging-1.3.5.jar:/home/runner/.m2/repository/org/apache/commons/commons-text/1.13.0/commons-text-1.13.0.jar:/home/runner/.m2/repository/io/confluent/kafka-avro-serializer/8.0.0/kafka-avro-serializer-8.0.0.jar:/home/runner/.m2/repository/org/apache/commons/commons-compress/1.27.1/commons-compress-1.27.1.jar:/home/runner/.m2/repository/io/confluent/kafka-schema-serializer/8.0.0/kafka-schema-serializer-8.0.0.jar:/home/runner/.m2/repository/com/fasterxml/jackson/dataformat/jackson-dataformat-csv/2.18.2/jackson-dataformat-csv-2.18.2.jar:/home/runner/.m2/repository/io/confluent/kafka-schema-registry-client/8.0.0/kafka-schema-registry-client-8.0.0.jar:/home/runner/.m2/repository/org/yaml/snakeyaml/2.3/snakeyaml-2.3.jar:/home/runner/.m2/repository/io/swagger/core/v3/swagger-annotations/2.2.29/swagger-annotations-2.2.29.jar:/home/runner/.m2/repository/com/google/guava/guava/33.4.0-jre/guava-33.4.0-jre.jar:/home/runner/.m2/repository/com/google/guava/failureaccess/1.0.1/failureaccess-1.0.1.jar:/home/runner/.m2/repository/org/checkerframework/checker-qual/3.49.0/checker-qual-3.49.0.jar:/home/runner/.m2/repository/io/confluent/logredactor/1.0.13/logredactor-1.0.13.jar:/home/runner/.m2/repository/com/google/re2j/re2j/1.6/re2j-1.6.jar:/home/runner/.m2/repository/io/confluent/logredactor-metrics/1.0.13/logredactor-metrics-1.0.13.jar:/home/runner/.m2/repository/com/eclipsesource/minimal-json/minimal-json/0.9.5/minimal-json-0.9.5.jar:/home/runner/.m2/repository/io/confluent/common-utils/8.0.0/common-utils-8.0.0.jar:/home/runner/.m2/repository/io/confluent/kafka-connect-avro-converter/8.0.0/kafka-connect-avro-converter-8.0.0.jar:/home/runner/.m2/repository/io/confluent/kafka-connect-avro-data/8.0.0/kafka-connect-avro-data-8.0.0.jar:/home/runner/.m2/repository/io/confluent/kafka-schema-converter/8.0.0/kafka-schema-converter-8.0.0.jar:/home/runner/.m2/repository/io/rest-assured/rest-assured/5.5.1/rest-assured-5.5.1.jar:/home/runner/.m2/repository/org/apache/groovy/groovy/4.0.22/groovy-4.0.22.jar:/home/runner/.m2/repository/org/apache/groovy/groovy-xml/4.0.22/groovy-xml-4.0.22.jar:/home/runner/.m2/repository/org/apache/httpcomponents/httpclient/4.5.14/httpclient-4.5.14.jar:/home/runner/.m2/repository/org/apache/httpcomponents/httpcore/4.4.16/httpcore-4.4.16.jar:/home/runner/.m2/repository/org/apache/httpcomponents/httpmime/4.5.14/httpmime-4.5.14.jar:/home/runner/.m2/repository/org/hamcrest/hamcrest/2.2/hamcrest-2.2.jar:/home/runner/.m2/repository/org/ccil/cowan/tagsoup/tagsoup/1.2.1/tagsoup-1.2.1.jar:/home/runner/.m2/repository/io/rest-assured/json-path/5.5.1/json-path-5.5.1.jar:/home/runner/.m2/repository/org/apache/groovy/groovy-json/4.0.22/groovy-json-4.0.22.jar:/home/runner/.m2/repository/io/rest-assured/rest-assured-common/5.5.1/rest-assured-common-5.5.1.jar:/home/runner/.m2/repository/io/rest-assured/xml-path/5.5.1/xml-path-5.5.1.jar:/home/runner/.m2/repository/io/zonky/test/embedded-postgres/2.1.0/embedded-postgres-2.1.0.jar:/home/runner/.m2/repository/io/zonky/test/postgres/embedded-postgres-binaries-windows-amd64/14.15.0/embedded-postgres-binaries-windows-amd64-14.15.0.jar:/home/runner/.m2/repository/io/zonky/test/postgres/embedded-postgres-binaries-darwin-amd64/14.15.0/embedded-postgres-binaries-darwin-amd64-14.15.0.jar:/home/runner/.m2/repository/io/zonky/test/postgres/embedded-postgres-binaries-linux-amd64/14.15.0/embedded-postgres-binaries-linux-amd64-14.15.0.jar:/home/runner/.m2/repository/io/zonky/test/postgres/embedded-postgres-binaries-linux-amd64-alpine/14.15.0/embedded-postgres-binaries-linux-amd64-alpine-14.15.0.jar:/home/runner/.m2/repository/org/apache/commons/commons-lang3/3.17.0/commons-lang3-3.17.0.jar:/home/runner/.m2/repository/org/tukaani/xz/1.10/xz-1.10.jar:/home/runner/.m2/repository/commons-codec/commons-codec/1.19.0/commons-codec-1.19.0.jar:/home/runner/.m2/repository/org/postgresql/postgresql/42.7.7/postgresql-42.7.7.jar:/home/runner/.m2/repository/commons-io/commons-io/2.18.0/commons-io-2.18.0.jar:/home/runner/work/apicurio-testing/apicurio-testing/clusters/ci419/namespaces/mysql/tests/integration/apicurio-registry/utils/importexport/target/apicurio-registry-utils-import-export-3.0.14-SNAPSHOT.jar:/home/runner/.m2/repository/io/vertx/vertx-core/4.5.16/vertx-core-4.5.16.jar:/home/runner/.m2/repository/io/netty/netty-common/4.1.121.Final/netty-common-4.1.121.Final.jar:/home/runner/.m2/repository/io/netty/netty-buffer/4.1.121.Final/netty-buffer-4.1.121.Final.jar:/home/runner/.m2/repository/io/netty/netty-transport/4.1.121.Final/netty-transport-4.1.121.Final.jar:/home/runner/.m2/repository/io/netty/netty-handler/4.1.121.Final/netty-handler-4.1.121.Final.jar:/home/runner/.m2/repository/io/netty/netty-transport-native-unix-common/4.1.121.Final/netty-transport-native-unix-common-4.1.121.Final.jar:/home/runner/.m2/repository/io/netty/netty-codec/4.1.121.Final/netty-codec-4.1.121.Final.jar:/home/runner/.m2/repository/io/netty/netty-handler-proxy/4.1.121.Final/netty-handler-proxy-4.1.121.Final.jar:/home/runner/.m2/repository/io/netty/netty-codec-socks/4.1.121.Final/netty-codec-socks-4.1.121.Final.jar:/home/runner/.m2/repository/io/netty/netty-codec-http/4.1.121.Final/netty-codec-http-4.1.121.Final.jar:/home/runner/.m2/repository/io/netty/netty-codec-http2/4.1.121.Final/netty-codec-http2-4.1.121.Final.jar:/home/runner/.m2/repository/io/netty/netty-resolver/4.1.121.Final/netty-resolver-4.1.121.Final.jar:/home/runner/.m2/repository/io/netty/netty-resolver-dns/4.1.121.Final/netty-resolver-dns-4.1.121.Final.jar:/home/runner/.m2/repository/io/netty/netty-codec-dns/4.1.121.Final/netty-codec-dns-4.1.121.Final.jar:/home/runner/.m2/repository/com/fasterxml/jackson/core/jackson-core/2.18.2/jackson-core-2.18.2.jar:"/>
    <property name="java.vm.vendor" value="Eclipse Adoptium"/>
    <property name="maven.javadoc.skip" value="true"/>
    <property name="sun.arch.data.model" value="64"/>
    <property name="java.vendor.url" value="https://adoptium.net/"/>
    <property name="user.timezone" value="Etc/UTC"/>
    <property name="os.name" value="Linux"/>
    <property name="java.vm.specification.version" value="17"/>
    <property name="sun.java.launcher" value="SUN_STANDARD"/>
    <property name="quarkus.http.test-port" value="80"/>
    <property name="sun.boot.library.path" value="/usr/lib/jvm/temurin-17-jdk-amd64/lib"/>
    <property name="sun.java.command" value="/home/runner/work/apicurio-testing/apicurio-testing/clusters/ci419/namespaces/mysql/tests/integration/apicurio-registry/integration-tests/target/surefire/surefirebooter-20250902182008258_3.jar /home/runner/work/apicurio-testing/apicurio-testing/clusters/ci419/namespaces/mysql/tests/integration/apicurio-registry/integration-tests/target/surefire 2025-09-02T18-20-08_197-jvmRun1 surefire-20250902182008258_1tmp surefire_0-20250902182008258_2tmp"/>
    <property name="maven.home" value="/home/runner/.m2/wrapper/dists/apache-maven-3.9.8-bin/4fnp1ql35bgk2a0p7m31ovbgb0/apache-maven-3.9.8"/>
    <property name="jdk.debug" value="release"/>
    <property name="surefire.test.class.path" value="/home/runner/work/apicurio-testing/apicurio-testing/clusters/ci419/namespaces/mysql/tests/integration/apicurio-registry/integration-tests/target/test-classes:/home/runner/work/apicurio-testing/apicurio-testing/clusters/ci419/namespaces/mysql/tests/integration/apicurio-registry/integration-tests/target/apicurio-registry-integration-tests-3.0.14-SNAPSHOT.jar:/home/runner/.m2/repository/io/quarkus/quarkus-junit5/3.20.2/quarkus-junit5-3.20.2.jar:/home/runner/.m2/repository/io/quarkus/quarkus-bootstrap-core/3.20.2/quarkus-bootstrap-core-3.20.2.jar:/home/runner/.m2/repository/io/quarkus/quarkus-classloader-commons/3.20.2/quarkus-classloader-commons-3.20.2.jar:/home/runner/.m2/repository/io/quarkus/quarkus-bootstrap-app-model/3.20.2/quarkus-bootstrap-app-model-3.20.2.jar:/home/runner/.m2/repository/io/smallrye/common/smallrye-common-io/2.12.0/smallrye-common-io-2.12.0.jar:/home/runner/.m2/repository/org/eclipse/sisu/org.eclipse.sisu.inject/0.9.0.M3/org.eclipse.sisu.inject-0.9.0.M3.jar:/home/runner/.m2/repository/io/quarkus/quarkus-test-common/3.20.2/quarkus-test-common-3.20.2.jar:/home/runner/.m2/repository/io/quarkus/quarkus-core-deployment/3.20.2/quarkus-core-deployment-3.20.2.jar:/home/runner/.m2/repository/org/aesh/readline/2.6/readline-2.6.jar:/home/runner/.m2/repository/org/fusesource/jansi/jansi/2.4.0/jansi-2.4.0.jar:/home/runner/.m2/repository/org/aesh/aesh/2.8.2/aesh-2.8.2.jar:/home/runner/.m2/repository/io/quarkus/gizmo/gizmo/1.8.0/gizmo-1.8.0.jar:/home/runner/.m2/repository/org/ow2/asm/asm-util/9.7.1/asm-util-9.7.1.jar:/home/runner/.m2/repository/org/ow2/asm/asm-analysis/9.7.1/asm-analysis-9.7.1.jar:/home/runner/.m2/repository/org/ow2/asm/asm-commons/9.7.1/asm-commons-9.7.1.jar:/home/runner/.m2/repository/org/ow2/asm/asm-tree/9.7.1/asm-tree-9.7.1.jar:/home/runner/.m2/repository/io/quarkus/quarkus-hibernate-validator-spi/3.20.2/quarkus-hibernate-validator-spi-3.20.2.jar:/home/runner/.m2/repository/io/quarkus/quarkus-class-change-agent/3.20.2/quarkus-class-change-agent-3.20.2.jar:/home/runner/.m2/repository/io/quarkus/quarkus-devtools-utilities/3.20.2/quarkus-devtools-utilities-3.20.2.jar:/home/runner/.m2/repository/io/quarkus/quarkus-builder/3.20.2/quarkus-builder-3.20.2.jar:/home/runner/.m2/repository/org/graalvm/sdk/nativeimage/23.1.2/nativeimage-23.1.2.jar:/home/runner/.m2/repository/org/graalvm/sdk/word/23.1.2/word-23.1.2.jar:/home/runner/.m2/repository/io/quarkus/quarkus-bootstrap-maven-resolver/3.20.2/quarkus-bootstrap-maven-resolver-3.20.2.jar:/home/runner/.m2/repository/io/smallrye/beanbag/smallrye-beanbag-maven/1.5.2/smallrye-beanbag-maven-1.5.2.jar:/home/runner/.m2/repository/io/smallrye/beanbag/smallrye-beanbag-sisu/1.5.2/smallrye-beanbag-sisu-1.5.2.jar:/home/runner/.m2/repository/io/smallrye/beanbag/smallrye-beanbag/1.5.2/smallrye-beanbag-1.5.2.jar:/home/runner/.m2/repository/javax/inject/javax.inject/1/javax.inject-1.jar:/home/runner/.m2/repository/org/apache/maven/maven-artifact/3.9.9/maven-artifact-3.9.9.jar:/home/runner/.m2/repository/org/apache/maven/maven-builder-support/3.9.9/maven-builder-support-3.9.9.jar:/home/runner/.m2/repository/org/apache/maven/maven-model/3.9.9/maven-model-3.9.9.jar:/home/runner/.m2/repository/org/apache/maven/maven-model-builder/3.9.9/maven-model-builder-3.9.9.jar:/home/runner/.m2/repository/org/apache/maven/maven-repository-metadata/3.9.9/maven-repository-metadata-3.9.9.jar:/home/runner/.m2/repository/org/apache/maven/maven-settings/3.9.9/maven-settings-3.9.9.jar:/home/runner/.m2/repository/org/apache/maven/resolver/maven-resolver-api/1.9.22/maven-resolver-api-1.9.22.jar:/home/runner/.m2/repository/org/apache/maven/resolver/maven-resolver-impl/1.9.22/maven-resolver-impl-1.9.22.jar:/home/runner/.m2/repository/org/apache/maven/resolver/maven-resolver-named-locks/1.9.22/maven-resolver-named-locks-1.9.22.jar:/home/runner/.m2/repository/org/apache/maven/resolver/maven-resolver-spi/1.9.22/maven-resolver-spi-1.9.22.jar:/home/runner/.m2/repository/org/apache/maven/resolver/maven-resolver-util/1.9.22/maven-resolver-util-1.9.22.jar:/home/runner/.m2/repository/org/apache/maven/resolver/maven-resolver-transport-http/1.9.20/maven-resolver-transport-http-1.9.20.jar:/home/runner/.m2/repository/org/apache/maven/wagon/wagon-provider-api/3.5.3/wagon-provider-api-3.5.3.jar:/home/runner/.m2/repository/org/apache/maven/wagon/wagon-http-shared/3.5.3/wagon-http-shared-3.5.3.jar:/home/runner/.m2/repository/org/codehaus/plexus/plexus-interpolation/1.26/plexus-interpolation-1.26.jar:/home/runner/.m2/repository/org/codehaus/plexus/plexus-utils/3.5.1/plexus-utils-3.5.1.jar:/home/runner/.m2/repository/org/codehaus/plexus/plexus-xml/4.0.1/plexus-xml-4.0.1.jar:/home/runner/.m2/repository/org/apache/maven/maven-xml-impl/4.0.0-alpha-5/maven-xml-impl-4.0.0-alpha-5.jar:/home/runner/.m2/repository/org/apache/maven/maven-api-xml/4.0.0-alpha-5/maven-api-xml-4.0.0-alpha-5.jar:/home/runner/.m2/repository/org/apache/maven/maven-api-meta/4.0.0-alpha-5/maven-api-meta-4.0.0-alpha-5.jar:/home/runner/.m2/repository/org/codehaus/plexus/plexus-cipher/2.0/plexus-cipher-2.0.jar:/home/runner/.m2/repository/org/codehaus/plexus/plexus-sec-dispatcher/2.0/plexus-sec-dispatcher-2.0.jar:/home/runner/.m2/repository/org/apache/maven/maven-embedder/3.9.9/maven-embedder-3.9.9.jar:/home/runner/.m2/repository/org/apache/maven/maven-core/3.9.9/maven-core-3.9.9.jar:/home/runner/.m2/repository/org/codehaus/plexus/plexus-component-annotations/2.1.0/plexus-component-annotations-2.1.0.jar:/home/runner/.m2/repository/org/apache/maven/maven-plugin-api/3.9.9/maven-plugin-api-3.9.9.jar:/home/runner/.m2/repository/org/apache/maven/shared/maven-shared-utils/3.4.2/maven-shared-utils-3.4.2.jar:/home/runner/.m2/repository/com/google/inject/guice/5.1.0/guice-5.1.0.jar:/home/runner/.m2/repository/aopalliance/aopalliance/1.0/aopalliance-1.0.jar:/home/runner/.m2/repository/org/codehaus/plexus/plexus-classworlds/2.6.0/plexus-classworlds-2.6.0.jar:/home/runner/.m2/repository/commons-cli/commons-cli/1.8.0/commons-cli-1.8.0.jar:/home/runner/.m2/repository/org/eclipse/sisu/org.eclipse.sisu.plexus/0.9.0.M3/org.eclipse.sisu.plexus-0.9.0.M3.jar:/home/runner/.m2/repository/org/apache/maven/maven-settings-builder/3.9.9/maven-settings-builder-3.9.9.jar:/home/runner/.m2/repository/org/apache/maven/maven-resolver-provider/3.9.9/maven-resolver-provider-3.9.9.jar:/home/runner/.m2/repository/org/apache/maven/resolver/maven-resolver-connector-basic/1.9.22/maven-resolver-connector-basic-1.9.22.jar:/home/runner/.m2/repository/org/apache/maven/resolver/maven-resolver-transport-wagon/1.9.22/maven-resolver-transport-wagon-1.9.22.jar:/home/runner/.m2/repository/org/apache/maven/wagon/wagon-http/3.5.3/wagon-http-3.5.3.jar:/home/runner/.m2/repository/org/apache/maven/wagon/wagon-file/3.5.3/wagon-file-3.5.3.jar:/home/runner/.m2/repository/io/quarkus/quarkus-bootstrap-gradle-resolver/3.20.2/quarkus-bootstrap-gradle-resolver-3.20.2.jar:/home/runner/.m2/repository/io/smallrye/jandex/3.3.0/jandex-3.3.0.jar:/home/runner/.m2/repository/org/jboss/logging/commons-logging-jboss-logging/1.0.0.Final/commons-logging-jboss-logging-1.0.0.Final.jar:/home/runner/.m2/repository/io/quarkus/quarkus-junit5-config/3.20.2/quarkus-junit5-config-3.20.2.jar:/home/runner/.m2/repository/org/junit/jupiter/junit-jupiter-api/5.12.1/junit-jupiter-api-5.12.1.jar:/home/runner/.m2/repository/io/smallrye/config/smallrye-config/3.11.4/smallrye-config-3.11.4.jar:/home/runner/.m2/repository/io/smallrye/config/smallrye-config-core/3.11.4/smallrye-config-core-3.11.4.jar:/home/runner/.m2/repository/io/smallrye/common/smallrye-common-classloader/2.12.0/smallrye-common-classloader-2.12.0.jar:/home/runner/.m2/repository/io/smallrye/config/smallrye-config-common/3.11.4/smallrye-config-common-3.11.4.jar:/home/runner/.m2/repository/org/junit/jupiter/junit-jupiter/5.12.1/junit-jupiter-5.12.1.jar:/home/runner/.m2/repository/org/junit/jupiter/junit-jupiter-params/5.12.1/junit-jupiter-params-5.12.1.jar:/home/runner/.m2/repository/org/junit/jupiter/junit-jupiter-engine/5.12.1/junit-jupiter-engine-5.12.1.jar:/home/runner/.m2/repository/io/quarkus/quarkus-core/3.20.2/quarkus-core-3.20.2.jar:/home/runner/.m2/repository/jakarta/enterprise/jakarta.enterprise.cdi-api/4.1.0/jakarta.enterprise.cdi-api-4.1.0.jar:/home/runner/.m2/repository/jakarta/enterprise/jakarta.enterprise.lang-model/4.1.0/jakarta.enterprise.lang-model-4.1.0.jar:/home/runner/.m2/repository/jakarta/el/jakarta.el-api/5.0.1/jakarta.el-api-5.0.1.jar:/home/runner/.m2/repository/jakarta/interceptor/jakarta.interceptor-api/2.2.0/jakarta.interceptor-api-2.2.0.jar:/home/runner/.m2/repository/jakarta/inject/jakarta.inject-api/2.0.1/jakarta.inject-api-2.0.1.jar:/home/runner/.m2/repository/io/smallrye/common/smallrye-common-os/2.12.0/smallrye-common-os-2.12.0.jar:/home/runner/.m2/repository/io/quarkus/quarkus-ide-launcher/3.20.2/quarkus-ide-launcher-3.20.2.jar:/home/runner/.m2/repository/io/quarkus/quarkus-development-mode-spi/3.20.2/quarkus-development-mode-spi-3.20.2.jar:/home/runner/.m2/repository/org/jboss/logging/jboss-logging/3.6.1.Final/jboss-logging-3.6.1.Final.jar:/home/runner/.m2/repository/org/jboss/logmanager/jboss-logmanager/3.1.2.Final/jboss-logmanager-3.1.2.Final.jar:/home/runner/.m2/repository/io/smallrye/common/smallrye-common-constraint/2.12.0/smallrye-common-constraint-2.12.0.jar:/home/runner/.m2/repository/io/smallrye/common/smallrye-common-cpu/2.12.0/smallrye-common-cpu-2.12.0.jar:/home/runner/.m2/repository/io/smallrye/common/smallrye-common-expression/2.12.0/smallrye-common-expression-2.12.0.jar:/home/runner/.m2/repository/io/smallrye/common/smallrye-common-net/2.12.0/smallrye-common-net-2.12.0.jar:/home/runner/.m2/repository/io/smallrye/common/smallrye-common-ref/2.12.0/smallrye-common-ref-2.12.0.jar:/home/runner/.m2/repository/jakarta/json/jakarta.json-api/2.1.3/jakarta.json-api-2.1.3.jar:/home/runner/.m2/repository/org/eclipse/parsson/parsson/1.1.7/parsson-1.1.7.jar:/home/runner/.m2/repository/org/jboss/logging/jboss-logging-annotations/3.0.4.Final/jboss-logging-annotations-3.0.4.Final.jar:/home/runner/.m2/repository/org/jboss/threads/jboss-threads/3.8.0.Final/jboss-threads-3.8.0.Final.jar:/home/runner/.m2/repository/io/smallrye/common/smallrye-common-annotation/2.12.0/smallrye-common-annotation-2.12.0.jar:/home/runner/.m2/repository/io/smallrye/common/smallrye-common-function/2.12.0/smallrye-common-function-2.12.0.jar:/home/runner/.m2/repository/org/jboss/slf4j/slf4j-jboss-logmanager/2.0.0.Final/slf4j-jboss-logmanager-2.0.0.Final.jar:/home/runner/.m2/repository/org/wildfly/common/wildfly-common/2.0.1/wildfly-common-2.0.1.jar:/home/runner/.m2/repository/io/quarkus/quarkus-bootstrap-runner/3.20.2/quarkus-bootstrap-runner-3.20.2.jar:/home/runner/.m2/repository/io/github/crac/org-crac/0.1.3/org-crac-0.1.3.jar:/home/runner/.m2/repository/io/quarkus/quarkus-fs-util/0.0.10/quarkus-fs-util-0.0.10.jar:/home/runner/.m2/repository/org/jboss/marshalling/jboss-marshalling/2.2.2.Final/jboss-marshalling-2.2.2.Final.jar:/home/runner/.m2/repository/io/fabric8/kubernetes-client/7.1.0/kubernetes-client-7.1.0.jar:/home/runner/.m2/repository/io/fabric8/kubernetes-client-api/7.1.0/kubernetes-client-api-7.1.0.jar:/home/runner/.m2/repository/io/fabric8/kubernetes-model-core/7.1.0/kubernetes-model-core-7.1.0.jar:/home/runner/.m2/repository/io/fabric8/kubernetes-model-common/7.1.0/kubernetes-model-common-7.1.0.jar:/home/runner/.m2/repository/javax/annotation/javax.annotation-api/1.3.2/javax.annotation-api-1.3.2.jar:/home/runner/.m2/repository/io/fabric8/kubernetes-model-gatewayapi/7.1.0/kubernetes-model-gatewayapi-7.1.0.jar:/home/runner/.m2/repository/io/fabric8/kubernetes-model-resource/7.1.0/kubernetes-model-resource-7.1.0.jar:/home/runner/.m2/repository/io/fabric8/kubernetes-model-rbac/7.1.0/kubernetes-model-rbac-7.1.0.jar:/home/runner/.m2/repository/io/fabric8/kubernetes-model-admissionregistration/7.1.0/kubernetes-model-admissionregistration-7.1.0.jar:/home/runner/.m2/repository/io/fabric8/kubernetes-model-apps/7.1.0/kubernetes-model-apps-7.1.0.jar:/home/runner/.m2/repository/io/fabric8/kubernetes-model-autoscaling/7.1.0/kubernetes-model-autoscaling-7.1.0.jar:/home/runner/.m2/repository/io/fabric8/kubernetes-model-apiextensions/7.1.0/kubernetes-model-apiextensions-7.1.0.jar:/home/runner/.m2/repository/io/fabric8/kubernetes-model-batch/7.1.0/kubernetes-model-batch-7.1.0.jar:/home/runner/.m2/repository/io/fabric8/kubernetes-model-certificates/7.1.0/kubernetes-model-certificates-7.1.0.jar:/home/runner/.m2/repository/io/fabric8/kubernetes-model-coordination/7.1.0/kubernetes-model-coordination-7.1.0.jar:/home/runner/.m2/repository/io/fabric8/kubernetes-model-discovery/7.1.0/kubernetes-model-discovery-7.1.0.jar:/home/runner/.m2/repository/io/fabric8/kubernetes-model-events/7.1.0/kubernetes-model-events-7.1.0.jar:/home/runner/.m2/repository/io/fabric8/kubernetes-model-extensions/7.1.0/kubernetes-model-extensions-7.1.0.jar:/home/runner/.m2/repository/io/fabric8/kubernetes-model-flowcontrol/7.1.0/kubernetes-model-flowcontrol-7.1.0.jar:/home/runner/.m2/repository/io/fabric8/kubernetes-model-networking/7.1.0/kubernetes-model-networking-7.1.0.jar:/home/runner/.m2/repository/io/fabric8/kubernetes-model-metrics/7.1.0/kubernetes-model-metrics-7.1.0.jar:/home/runner/.m2/repository/io/fabric8/kubernetes-model-policy/7.1.0/kubernetes-model-policy-7.1.0.jar:/home/runner/.m2/repository/io/fabric8/kubernetes-model-scheduling/7.1.0/kubernetes-model-scheduling-7.1.0.jar:/home/runner/.m2/repository/io/fabric8/kubernetes-model-storageclass/7.1.0/kubernetes-model-storageclass-7.1.0.jar:/home/runner/.m2/repository/io/fabric8/kubernetes-model-node/7.1.0/kubernetes-model-node-7.1.0.jar:/home/runner/.m2/repository/org/snakeyaml/snakeyaml-engine/2.9/snakeyaml-engine-2.9.jar:/home/runner/.m2/repository/com/fasterxml/jackson/dataformat/jackson-dataformat-yaml/2.18.2/jackson-dataformat-yaml-2.18.2.jar:/home/runner/.m2/repository/com/fasterxml/jackson/datatype/jackson-datatype-jsr310/2.18.2/jackson-datatype-jsr310-2.18.2.jar:/home/runner/.m2/repository/io/fabric8/zjsonpatch/7.1.0/zjsonpatch-7.1.0.jar:/home/runner/.m2/repository/io/fabric8/kubernetes-httpclient-vertx/7.1.0/kubernetes-httpclient-vertx-7.1.0.jar:/home/runner/.m2/repository/io/vertx/vertx-web-client/4.5.16/vertx-web-client-4.5.16.jar:/home/runner/.m2/repository/io/vertx/vertx-web-common/4.5.16/vertx-web-common-4.5.16.jar:/home/runner/.m2/repository/io/vertx/vertx-auth-common/4.5.16/vertx-auth-common-4.5.16.jar:/home/runner/.m2/repository/io/vertx/vertx-uri-template/4.5.16/vertx-uri-template-4.5.16.jar:/home/runner/.m2/repository/io/fabric8/openshift-client/7.1.0/openshift-client-7.1.0.jar:/home/runner/.m2/repository/io/fabric8/openshift-client-api/7.1.0/openshift-client-api-7.1.0.jar:/home/runner/.m2/repository/io/fabric8/openshift-model/7.1.0/openshift-model-7.1.0.jar:/home/runner/.m2/repository/io/fabric8/openshift-model-autoscaling/7.1.0/openshift-model-autoscaling-7.1.0.jar:/home/runner/.m2/repository/io/fabric8/openshift-model-operator/7.1.0/openshift-model-operator-7.1.0.jar:/home/runner/.m2/repository/io/fabric8/openshift-model-operatorhub/7.1.0/openshift-model-operatorhub-7.1.0.jar:/home/runner/.m2/repository/io/fabric8/openshift-model-machine/7.1.0/openshift-model-machine-7.1.0.jar:/home/runner/.m2/repository/io/fabric8/openshift-model-whereabouts/7.1.0/openshift-model-whereabouts-7.1.0.jar:/home/runner/.m2/repository/io/fabric8/openshift-model-monitoring/7.1.0/openshift-model-monitoring-7.1.0.jar:/home/runner/.m2/repository/io/fabric8/openshift-model-storageversionmigrator/7.1.0/openshift-model-storageversionmigrator-7.1.0.jar:/home/runner/.m2/repository/io/fabric8/openshift-model-tuned/7.1.0/openshift-model-tuned-7.1.0.jar:/home/runner/.m2/repository/io/fabric8/openshift-model-console/7.1.0/openshift-model-console-7.1.0.jar:/home/runner/.m2/repository/io/fabric8/openshift-model-config/7.1.0/openshift-model-config-7.1.0.jar:/home/runner/.m2/repository/io/fabric8/openshift-model-machineconfiguration/7.1.0/openshift-model-machineconfiguration-7.1.0.jar:/home/runner/.m2/repository/io/fabric8/openshift-model-miscellaneous/7.1.0/openshift-model-miscellaneous-7.1.0.jar:/home/runner/.m2/repository/io/fabric8/openshift-model-hive/7.1.0/openshift-model-hive-7.1.0.jar:/home/runner/.m2/repository/io/fabric8/openshift-model-installer/7.1.0/openshift-model-installer-7.1.0.jar:/home/runner/.m2/repository/org/junit/platform/junit-platform-launcher/1.12.1/junit-platform-launcher-1.12.1.jar:/home/runner/.m2/repository/org/junit/platform/junit-platform-engine/1.12.1/junit-platform-engine-1.12.1.jar:/home/runner/.m2/repository/org/opentest4j/opentest4j/1.3.0/opentest4j-1.3.0.jar:/home/runner/.m2/repository/org/junit/platform/junit-platform-commons/1.12.1/junit-platform-commons-1.12.1.jar:/home/runner/.m2/repository/org/apiguardian/apiguardian-api/1.1.2/apiguardian-api-1.1.2.jar:/home/runner/.m2/repository/jakarta/ws/rs/jakarta.ws.rs-api/3.1.0/jakarta.ws.rs-api-3.1.0.jar:/home/runner/work/apicurio-testing/apicurio-testing/clusters/ci419/namespaces/mysql/tests/integration/apicurio-registry/java-sdk/target/apicurio-registry-java-sdk-3.0.14-SNAPSHOT.jar:/home/runner/.m2/repository/com/microsoft/kiota/microsoft-kiota-abstractions/1.8.9/microsoft-kiota-abstractions-1.8.9.jar:/home/runner/.m2/repository/io/github/std-uritemplate/std-uritemplate/2.0.0/std-uritemplate-2.0.0.jar:/home/runner/.m2/repository/io/kiota/kiota-http-jdk/0.0.29/kiota-http-jdk-0.0.29.jar:/home/runner/.m2/repository/io/kiota/kiota-http-vertx/0.0.29/kiota-http-vertx-0.0.29.jar:/home/runner/.m2/repository/io/kiota/kiota-serialization-jackson/0.0.29/kiota-serialization-jackson-0.0.29.jar:/home/runner/.m2/repository/com/microsoft/kiota/microsoft-kiota-serialization-text/1.8.9/microsoft-kiota-serialization-text-1.8.9.jar:/home/runner/.m2/repository/com/microsoft/kiota/microsoft-kiota-serialization-form/1.8.9/microsoft-kiota-serialization-form-1.8.9.jar:/home/runner/.m2/repository/com/microsoft/kiota/microsoft-kiota-serialization-multipart/1.8.9/microsoft-kiota-serialization-multipart-1.8.9.jar:/home/runner/.m2/repository/jakarta/annotation/jakarta.annotation-api/3.0.0/jakarta.annotation-api-3.0.0.jar:/home/runner/.m2/repository/io/vertx/vertx-auth-oauth2/4.5.16/vertx-auth-oauth2-4.5.16.jar:/home/runner/work/apicurio-testing/apicurio-testing/clusters/ci419/namespaces/mysql/tests/integration/apicurio-registry/java-sdk-v2/target/apicurio-registry-v2-java-sdk-3.0.14-SNAPSHOT.jar:/home/runner/work/apicurio-testing/apicurio-testing/clusters/ci419/namespaces/mysql/tests/integration/apicurio-registry/utils/kafka/target/apicurio-registry-utils-kafka-3.0.14-SNAPSHOT-tests.jar:/home/runner/.m2/repository/org/eclipse/microprofile/config/microprofile-config-api/3.1/microprofile-config-api-3.1.jar:/home/runner/.m2/repository/org/apache/kafka/kafka-clients/3.9.1/kafka-clients-3.9.1.jar:/home/runner/.m2/repository/com/github/luben/zstd-jni/1.5.6-4/zstd-jni-1.5.6-4.jar:/home/runner/.m2/repository/org/lz4/lz4-java/1.8.0/lz4-java-1.8.0.jar:/home/runner/.m2/repository/org/xerial/snappy/snappy-java/1.1.10.5/snappy-java-1.1.10.5.jar:/home/runner/.m2/repository/org/slf4j/slf4j-api/2.0.6/slf4j-api-2.0.6.jar:/home/runner/work/apicurio-testing/apicurio-testing/clusters/ci419/namespaces/mysql/tests/integration/apicurio-registry/utils/tests/target/apicurio-registry-utils-tests-3.0.14-SNAPSHOT.jar:/home/runner/work/apicurio-testing/apicurio-testing/clusters/ci419/namespaces/mysql/tests/integration/apicurio-registry/common/target/apicurio-registry-common-3.0.14-SNAPSHOT.jar:/home/runner/.m2/repository/jakarta/validation/jakarta.validation-api/3.0.2/jakarta.validation-api-3.0.2.jar:/home/runner/.m2/repository/com/github/dasniko/testcontainers-keycloak/3.8.0/testcontainers-keycloak-3.8.0.jar:/home/runner/.m2/repository/org/testcontainers/testcontainers/1.20.6/testcontainers-1.20.6.jar:/home/runner/.m2/repository/org/rnorth/duct-tape/duct-tape/1.0.8/duct-tape-1.0.8.jar:/home/runner/.m2/repository/com/github/docker-java/docker-java-transport-zerodep/3.4.1/docker-java-transport-zerodep-3.4.1.jar:/home/runner/.m2/repository/com/github/docker-java/docker-java-transport/3.4.1/docker-java-transport-3.4.1.jar:/home/runner/.m2/repository/net/java/dev/jna/jna/5.8.0/jna-5.8.0.jar:/home/runner/.m2/repository/io/quarkus/quarkus-junit4-mock/3.20.2/quarkus-junit4-mock-3.20.2.jar:/home/runner/.m2/repository/org/jboss/shrinkwrap/shrinkwrap-api/2.0.0-beta-2/shrinkwrap-api-2.0.0-beta-2.jar:/home/runner/.m2/repository/org/jboss/shrinkwrap/shrinkwrap-impl-base/2.0.0-beta-2/shrinkwrap-impl-base-2.0.0-beta-2.jar:/home/runner/.m2/repository/org/jboss/shrinkwrap/shrinkwrap-spi/2.0.0-beta-2/shrinkwrap-spi-2.0.0-beta-2.jar:/home/runner/.m2/repository/org/keycloak/keycloak-admin-client/26.0.4/keycloak-admin-client-26.0.4.jar:/home/runner/.m2/repository/org/keycloak/keycloak-client-common-synced/26.0.4/keycloak-client-common-synced-26.0.4.jar:/home/runner/.m2/repository/jakarta/activation/jakarta.activation-api/2.1.3/jakarta.activation-api-2.1.3.jar:/home/runner/.m2/repository/org/eclipse/microprofile/openapi/microprofile-openapi-api/4.0.2/microprofile-openapi-api-4.0.2.jar:/home/runner/.m2/repository/org/jboss/resteasy/resteasy-client/6.2.12.Final/resteasy-client-6.2.12.Final.jar:/home/runner/.m2/repository/org/jboss/resteasy/resteasy-client-api/6.2.12.Final/resteasy-client-api-6.2.12.Final.jar:/home/runner/.m2/repository/org/jboss/resteasy/resteasy-core-spi/6.2.12.Final/resteasy-core-spi-6.2.12.Final.jar:/home/runner/.m2/repository/org/jboss/resteasy/resteasy-core/6.2.12.Final/resteasy-core-6.2.12.Final.jar:/home/runner/.m2/repository/org/eclipse/angus/angus-activation/2.0.2/angus-activation-2.0.2.jar:/home/runner/.m2/repository/com/ibm/async/asyncutil/0.1.0/asyncutil-0.1.0.jar:/home/runner/.m2/repository/org/reactivestreams/reactive-streams/1.0.4/reactive-streams-1.0.4.jar:/home/runner/.m2/repository/org/jboss/resteasy/resteasy-multipart-provider/6.2.12.Final/resteasy-multipart-provider-6.2.12.Final.jar:/home/runner/.m2/repository/jakarta/mail/jakarta.mail-api/2.1.3/jakarta.mail-api-2.1.3.jar:/home/runner/.m2/repository/org/eclipse/angus/angus-mail/2.0.3/angus-mail-2.0.3.jar:/home/runner/.m2/repository/org/apache/james/apache-mime4j-dom/0.8.12/apache-mime4j-dom-0.8.12.jar:/home/runner/.m2/repository/org/apache/james/apache-mime4j-core/0.8.12/apache-mime4j-core-0.8.12.jar:/home/runner/.m2/repository/org/apache/james/apache-mime4j-storage/0.8.12/apache-mime4j-storage-0.8.12.jar:/home/runner/.m2/repository/org/jboss/resteasy/resteasy-jackson2-provider/6.2.12.Final/resteasy-jackson2-provider-6.2.12.Final.jar:/home/runner/.m2/repository/com/fasterxml/jackson/jakarta/rs/jackson-jakarta-rs-base/2.18.2/jackson-jakarta-rs-base-2.18.2.jar:/home/runner/.m2/repository/com/fasterxml/jackson/jakarta/rs/jackson-jakarta-rs-json-provider/2.18.2/jackson-jakarta-rs-json-provider-2.18.2.jar:/home/runner/.m2/repository/com/fasterxml/jackson/module/jackson-module-jakarta-xmlbind-annotations/2.18.2/jackson-module-jakarta-xmlbind-annotations-2.18.2.jar:/home/runner/.m2/repository/com/github/java-json-tools/json-patch/1.13/json-patch-1.13.jar:/home/runner/.m2/repository/com/github/java-json-tools/msg-simple/1.2/msg-simple-1.2.jar:/home/runner/.m2/repository/com/github/java-json-tools/btf/1.3/btf-1.3.jar:/home/runner/.m2/repository/com/github/java-json-tools/jackson-coreutils/2.0/jackson-coreutils-2.0.jar:/home/runner/.m2/repository/org/jboss/resteasy/resteasy-jaxb-provider/6.2.12.Final/resteasy-jaxb-provider-6.2.12.Final.jar:/home/runner/.m2/repository/org/glassfish/jaxb/codemodel/4.0.5/codemodel-4.0.5.jar:/home/runner/.m2/repository/org/glassfish/jaxb/jaxb-core/4.0.5/jaxb-core-4.0.5.jar:/home/runner/.m2/repository/org/glassfish/jaxb/jaxb-jxc/4.0.5/jaxb-jxc-4.0.5.jar:/home/runner/.m2/repository/org/glassfish/jaxb/jaxb-runtime/4.0.5/jaxb-runtime-4.0.5.jar:/home/runner/.m2/repository/org/glassfish/jaxb/txw2/4.0.5/txw2-4.0.5.jar:/home/runner/.m2/repository/org/glassfish/jaxb/jaxb-xjc/4.0.5/jaxb-xjc-4.0.5.jar:/home/runner/.m2/repository/org/glassfish/jaxb/xsom/4.0.5/xsom-4.0.5.jar:/home/runner/.m2/repository/com/sun/istack/istack-commons-runtime/4.1.2/istack-commons-runtime-4.1.2.jar:/home/runner/.m2/repository/com/sun/istack/istack-commons-tools/4.1.2/istack-commons-tools-4.1.2.jar:/home/runner/.m2/repository/com/sun/xml/bind/external/relaxng-datatype/4.0.5/relaxng-datatype-4.0.5.jar:/home/runner/.m2/repository/com/sun/xml/bind/external/rngom/4.0.5/rngom-4.0.5.jar:/home/runner/.m2/repository/org/testcontainers/mssqlserver/1.20.6/mssqlserver-1.20.6.jar:/home/runner/.m2/repository/org/testcontainers/jdbc/1.20.6/jdbc-1.20.6.jar:/home/runner/.m2/repository/org/testcontainers/database-commons/1.20.6/database-commons-1.20.6.jar:/home/runner/.m2/repository/org/testcontainers/mysql/1.20.6/mysql-1.20.6.jar:/home/runner/.m2/repository/io/strimzi/strimzi-test-container/0.111.0/strimzi-test-container-0.111.0.jar:/home/runner/.m2/repository/org/testcontainers/toxiproxy/1.20.6/toxiproxy-1.20.6.jar:/home/runner/.m2/repository/com/github/docker-java/docker-java-api/3.4.1/docker-java-api-3.4.1.jar:/home/runner/.m2/repository/org/apache/logging/log4j/log4j-slf4j-impl/2.19.0/log4j-slf4j-impl-2.19.0.jar:/home/runner/.m2/repository/org/apache/logging/log4j/log4j-api/2.24.3/log4j-api-2.24.3.jar:/home/runner/.m2/repository/org/apache/logging/log4j/log4j-core/2.19.0/log4j-core-2.19.0.jar:/home/runner/.m2/repository/eu/rekawek/toxiproxy/toxiproxy-java/2.1.7/toxiproxy-java-2.1.7.jar:/home/runner/.m2/repository/org/testcontainers/pulsar/1.21.3/pulsar-1.21.3.jar:/home/runner/.m2/repository/io/debezium/debezium-testing-testcontainers/2.7.4.Final/debezium-testing-testcontainers-2.7.4.Final.jar:/home/runner/.m2/repository/org/testcontainers/kafka/1.20.6/kafka-1.20.6.jar:/home/runner/.m2/repository/com/squareup/okhttp3/okhttp/4.8.1/okhttp-4.8.1.jar:/home/runner/.m2/repository/com/squareup/okio/okio/3.10.2/okio-3.10.2.jar:/home/runner/.m2/repository/com/squareup/okio/okio-jvm/3.10.2/okio-jvm-3.10.2.jar:/home/runner/.m2/repository/org/jetbrains/kotlin/kotlin-stdlib/2.0.21/kotlin-stdlib-2.0.21.jar:/home/runner/.m2/repository/org/awaitility/awaitility/4.3.0/awaitility-4.3.0.jar:/home/runner/.m2/repository/org/testcontainers/mongodb/1.20.6/mongodb-1.20.6.jar:/home/runner/.m2/repository/org/testcontainers/mariadb/1.20.6/mariadb-1.20.6.jar:/home/runner/.m2/repository/org/testcontainers/oracle-xe/1.20.6/oracle-xe-1.20.6.jar:/home/runner/.m2/repository/org/testcontainers/postgresql/1.20.6/postgresql-1.20.6.jar:/home/runner/.m2/repository/org/wiremock/wiremock/3.0.1/wiremock-3.0.1.jar:/home/runner/.m2/repository/org/eclipse/jetty/jetty-server/11.0.15/jetty-server-11.0.15.jar:/home/runner/.m2/repository/org/eclipse/jetty/toolchain/jetty-jakarta-servlet-api/5.0.2/jetty-jakarta-servlet-api-5.0.2.jar:/home/runner/.m2/repository/org/eclipse/jetty/jetty-http/11.0.15/jetty-http-11.0.15.jar:/home/runner/.m2/repository/org/eclipse/jetty/jetty-io/11.0.15/jetty-io-11.0.15.jar:/home/runner/.m2/repository/org/eclipse/jetty/jetty-servlet/11.0.15/jetty-servlet-11.0.15.jar:/home/runner/.m2/repository/org/eclipse/jetty/jetty-security/11.0.15/jetty-security-11.0.15.jar:/home/runner/.m2/repository/org/eclipse/jetty/jetty-servlets/11.0.15/jetty-servlets-11.0.15.jar:/home/runner/.m2/repository/org/eclipse/jetty/jetty-util/11.0.15/jetty-util-11.0.15.jar:/home/runner/.m2/repository/org/eclipse/jetty/jetty-webapp/11.0.15/jetty-webapp-11.0.15.jar:/home/runner/.m2/repository/org/eclipse/jetty/jetty-xml/11.0.15/jetty-xml-11.0.15.jar:/home/runner/.m2/repository/org/eclipse/jetty/jetty-proxy/11.0.15/jetty-proxy-11.0.15.jar:/home/runner/.m2/repository/org/eclipse/jetty/jetty-client/11.0.15/jetty-client-11.0.15.jar:/home/runner/.m2/repository/org/eclipse/jetty/http2/http2-server/11.0.15/http2-server-11.0.15.jar:/home/runner/.m2/repository/org/eclipse/jetty/http2/http2-common/11.0.15/http2-common-11.0.15.jar:/home/runner/.m2/repository/org/eclipse/jetty/http2/http2-hpack/11.0.15/http2-hpack-11.0.15.jar:/home/runner/.m2/repository/org/eclipse/jetty/jetty-alpn-server/11.0.15/jetty-alpn-server-11.0.15.jar:/home/runner/.m2/repository/org/eclipse/jetty/jetty-alpn-java-server/11.0.15/jetty-alpn-java-server-11.0.15.jar:/home/runner/.m2/repository/org/eclipse/jetty/jetty-alpn-java-client/11.0.15/jetty-alpn-java-client-11.0.15.jar:/home/runner/.m2/repository/org/eclipse/jetty/jetty-alpn-client/11.0.15/jetty-alpn-client-11.0.15.jar:/home/runner/.m2/repository/org/apache/httpcomponents/client5/httpclient5/5.2.1/httpclient5-5.2.1.jar:/home/runner/.m2/repository/org/apache/httpcomponents/core5/httpcore5/5.2/httpcore5-5.2.jar:/home/runner/.m2/repository/org/apache/httpcomponents/core5/httpcore5-h2/5.2/httpcore5-h2-5.2.jar:/home/runner/.m2/repository/org/xmlunit/xmlunit-core/2.9.1/xmlunit-core-2.9.1.jar:/home/runner/.m2/repository/jakarta/xml/bind/jakarta.xml.bind-api/4.0.2/jakarta.xml.bind-api-4.0.2.jar:/home/runner/.m2/repository/org/xmlunit/xmlunit-legacy/2.9.1/xmlunit-legacy-2.9.1.jar:/home/runner/.m2/repository/org/xmlunit/xmlunit-placeholders/2.9.1/xmlunit-placeholders-2.9.1.jar:/home/runner/.m2/repository/net/javacrumbs/json-unit/json-unit-core/2.38.0/json-unit-core-2.38.0.jar:/home/runner/.m2/repository/org/hamcrest/hamcrest-core/2.2/hamcrest-core-2.2.jar:/home/runner/.m2/repository/com/jayway/jsonpath/json-path/2.8.0/json-path-2.8.0.jar:/home/runner/.m2/repository/net/minidev/json-smart/2.4.10/json-smart-2.4.10.jar:/home/runner/.m2/repository/net/minidev/accessors-smart/2.4.9/accessors-smart-2.4.9.jar:/home/runner/.m2/repository/org/ow2/asm/asm/9.7.1/asm-9.7.1.jar:/home/runner/.m2/repository/net/sf/jopt-simple/jopt-simple/5.0.4/jopt-simple-5.0.4.jar:/home/runner/.m2/repository/com/github/jknack/handlebars/4.3.1/handlebars-4.3.1.jar:/home/runner/.m2/repository/com/github/jknack/handlebars-helpers/4.3.1/handlebars-helpers-4.3.1.jar:/home/runner/.m2/repository/commons-fileupload/commons-fileupload/1.5/commons-fileupload-1.5.jar:/home/runner/.m2/repository/com/networknt/json-schema-validator/1.5.8/json-schema-validator-1.5.8.jar:/home/runner/.m2/repository/com/ethlo/time/itu/1.10.3/itu-1.10.3.jar:/home/runner/.m2/repository/io/quarkus/quarkus-smallrye-jwt-build/3.20.2/quarkus-smallrye-jwt-build-3.20.2.jar:/home/runner/.m2/repository/io/smallrye/smallrye-jwt-build/4.6.2/smallrye-jwt-build-4.6.2.jar:/home/runner/.m2/repository/org/eclipse/microprofile/jwt/microprofile-jwt-auth-api/2.1/microprofile-jwt-auth-api-2.1.jar:/home/runner/.m2/repository/org/bitbucket/b_c/jose4j/0.9.6/jose4j-0.9.6.jar:/home/runner/.m2/repository/io/smallrye/smallrye-jwt-common/4.6.2/smallrye-jwt-common-4.6.2.jar:/home/runner/.m2/repository/io/quarkus/quarkus-jsonp/3.20.2/quarkus-jsonp-3.20.2.jar:/home/runner/.m2/repository/io/quarkus/quarkus-arc/3.20.2/quarkus-arc-3.20.2.jar:/home/runner/.m2/repository/io/quarkus/arc/arc/3.20.2/arc-3.20.2.jar:/home/runner/.m2/repository/jakarta/transaction/jakarta.transaction-api/2.0.1/jakarta.transaction-api-2.0.1.jar:/home/runner/.m2/repository/io/smallrye/reactive/mutiny/2.9.2/mutiny-2.9.2.jar:/home/runner/.m2/repository/org/jctools/jctools-core/4.0.5/jctools-core-4.0.5.jar:/home/runner/.m2/repository/org/eclipse/microprofile/context-propagation/microprofile-context-propagation-api/1.3/microprofile-context-propagation-api-1.3.jar:/home/runner/.m2/repository/io/apicurio/apicurio-common-rest-client-common/0.1.18.Final/apicurio-common-rest-client-common-0.1.18.Final.jar:/home/runner/work/apicurio-testing/apicurio-testing/clusters/ci419/namespaces/mysql/tests/integration/apicurio-registry/utils/maven-plugin/target/apicurio-registry-maven-plugin-3.0.14-SNAPSHOT.jar:/home/runner/.m2/repository/com/fasterxml/jackson/core/jackson-databind/2.18.2/jackson-databind-2.18.2.jar:/home/runner/.m2/repository/org/apache/avro/avro/1.12.0/avro-1.12.0.jar:/home/runner/.m2/repository/com/google/protobuf/protobuf-java/4.32.0/protobuf-java-4.32.0.jar:/home/runner/.m2/repository/com/google/protobuf/protobuf-java-util/4.32.0/protobuf-java-util-4.32.0.jar:/home/runner/.m2/repository/com/google/code/findbugs/jsr305/3.0.2/jsr305-3.0.2.jar:/home/runner/.m2/repository/com/google/code/gson/gson/2.12.1/gson-2.12.1.jar:/home/runner/.m2/repository/com/google/errorprone/error_prone_annotations/2.36.0/error_prone_annotations-2.36.0.jar:/home/runner/.m2/repository/com/google/j2objc/j2objc-annotations/2.8/j2objc-annotations-2.8.jar:/home/runner/work/apicurio-testing/apicurio-testing/clusters/ci419/namespaces/mysql/tests/integration/apicurio-registry/schema-util/util-provider/target/apicurio-registry-schema-util-provider-3.0.14-SNAPSHOT.jar:/home/runner/work/apicurio-testing/apicurio-testing/clusters/ci419/namespaces/mysql/tests/integration/apicurio-registry/schema-util/common/target/apicurio-registry-schema-util-common-3.0.14-SNAPSHOT.jar:/home/runner/.m2/repository/com/fasterxml/jackson/module/jackson-module-parameter-names/2.18.2/jackson-module-parameter-names-2.18.2.jar:/home/runner/.m2/repository/com/fasterxml/jackson/datatype/jackson-datatype-json-org/2.18.2/jackson-datatype-json-org-2.18.2.jar:/home/runner/work/apicurio-testing/apicurio-testing/clusters/ci419/namespaces/mysql/tests/integration/apicurio-registry/schema-util/json/target/apicurio-registry-schema-util-json-3.0.14-SNAPSHOT.jar:/home/runner/.m2/repository/com/github/erosb/everit-json-schema/1.14.5/everit-json-schema-1.14.5.jar:/home/runner/.m2/repository/commons-validator/commons-validator/1.9.0/commons-validator-1.9.0.jar:/home/runner/.m2/repository/commons-digester/commons-digester/2.1/commons-digester-2.1.jar:/home/runner/.m2/repository/commons-collections/commons-collections/3.2.2/commons-collections-3.2.2.jar:/home/runner/.m2/repository/com/damnhandy/handy-uri-templates/2.1.8/handy-uri-templates-2.1.8.jar:/home/runner/.m2/repository/joda-time/joda-time/2.10.2/joda-time-2.10.2.jar:/home/runner/.m2/repository/com/github/erosb/json-sKema/0.20.0/json-sKema-0.20.0.jar:/home/runner/.m2/repository/io/vertx/vertx-json-schema/4.5.16/vertx-json-schema-4.5.16.jar:/home/runner/work/apicurio-testing/apicurio-testing/clusters/ci419/namespaces/mysql/tests/integration/apicurio-registry/schema-util/protobuf/target/apicurio-registry-schema-util-protobuf-3.0.14-SNAPSHOT.jar:/home/runner/work/apicurio-testing/apicurio-testing/clusters/ci419/namespaces/mysql/tests/integration/apicurio-registry/utils/protobuf-schema-utilities/target/apicurio-registry-protobuf-schema-utilities-3.0.14-SNAPSHOT.jar:/home/runner/.m2/repository/com/google/api/grpc/proto-google-common-protos/2.52.0/proto-google-common-protos-2.52.0.jar:/home/runner/.m2/repository/com/squareup/wire/wire-schema-jvm/5.3.3/wire-schema-jvm-5.3.3.jar:/home/runner/.m2/repository/com/palantir/javapoet/javapoet/0.6.0/javapoet-0.6.0.jar:/home/runner/.m2/repository/com/squareup/kotlinpoet-jvm/2.0.0/kotlinpoet-jvm-2.0.0.jar:/home/runner/.m2/repository/org/jetbrains/kotlin/kotlin-reflect/2.0.21/kotlin-reflect-2.0.21.jar:/home/runner/.m2/repository/com/squareup/wire/wire-runtime-jvm/5.3.3/wire-runtime-jvm-5.3.3.jar:/home/runner/.m2/repository/com/ibm/icu/icu4j/76.1/icu4j-76.1.jar:/home/runner/.m2/repository/com/squareup/okio/okio-fakefilesystem/3.10.2/okio-fakefilesystem-3.10.2.jar:/home/runner/.m2/repository/com/squareup/okio/okio-fakefilesystem-jvm/3.10.2/okio-fakefilesystem-jvm-3.10.2.jar:/home/runner/.m2/repository/org/jetbrains/kotlinx/kotlinx-datetime-jvm/0.6.1/kotlinx-datetime-jvm-0.6.1.jar:/home/runner/work/apicurio-testing/apicurio-testing/clusters/ci419/namespaces/mysql/tests/integration/apicurio-registry/schema-util/asyncapi/target/apicurio-registry-schema-util-asyncapi-3.0.14-SNAPSHOT.jar:/home/runner/work/apicurio-testing/apicurio-testing/clusters/ci419/namespaces/mysql/tests/integration/apicurio-registry/schema-util/avro/target/apicurio-registry-schema-util-avro-3.0.14-SNAPSHOT.jar:/home/runner/work/apicurio-testing/apicurio-testing/clusters/ci419/namespaces/mysql/tests/integration/apicurio-registry/schema-util/graphql/target/apicurio-registry-schema-util-graphql-3.0.14-SNAPSHOT.jar:/home/runner/.m2/repository/com/graphql-java/graphql-java/22.4/graphql-java-22.4.jar:/home/runner/.m2/repository/com/graphql-java/java-dataloader/3.3.0/java-dataloader-3.3.0.jar:/home/runner/work/apicurio-testing/apicurio-testing/clusters/ci419/namespaces/mysql/tests/integration/apicurio-registry/schema-util/kconnect/target/apicurio-registry-schema-util-kconnect-3.0.14-SNAPSHOT.jar:/home/runner/work/apicurio-testing/apicurio-testing/clusters/ci419/namespaces/mysql/tests/integration/apicurio-registry/schema-util/openapi/target/apicurio-registry-schema-util-openapi-3.0.14-SNAPSHOT.jar:/home/runner/.m2/repository/io/apicurio/apicurio-data-models/2.2.2/apicurio-data-models-2.2.2.jar:/home/runner/.m2/repository/org/slf4j/jcl-over-slf4j/2.0.6/jcl-over-slf4j-2.0.6.jar:/home/runner/.m2/repository/org/openapitools/openapidiff/openapi-diff-core/2.1.2/openapi-diff-core-2.1.2.jar:/home/runner/.m2/repository/io/swagger/parser/v3/swagger-parser/2.1.28/swagger-parser-2.1.28.jar:/home/runner/.m2/repository/io/swagger/parser/v3/swagger-parser-v2-converter/2.1.28/swagger-parser-v2-converter-2.1.28.jar:/home/runner/.m2/repository/io/swagger/swagger-core/1.6.16/swagger-core-1.6.16.jar:/home/runner/.m2/repository/io/swagger/swagger-models/1.6.16/swagger-models-1.6.16.jar:/home/runner/.m2/repository/io/swagger/swagger-annotations/1.6.16/swagger-annotations-1.6.16.jar:/home/runner/.m2/repository/io/swagger/swagger-parser/1.0.75/swagger-parser-1.0.75.jar:/home/runner/.m2/repository/io/swagger/swagger-parser-safe-url-resolver/1.0.75/swagger-parser-safe-url-resolver-1.0.75.jar:/home/runner/.m2/repository/io/swagger/swagger-compat-spec-parser/1.0.75/swagger-compat-spec-parser-1.0.75.jar:/home/runner/.m2/repository/com/github/java-json-tools/json-schema-validator/2.2.14/json-schema-validator-2.2.14.jar:/home/runner/.m2/repository/com/github/java-json-tools/jackson-coreutils-equivalence/1.0/jackson-coreutils-equivalence-1.0.jar:/home/runner/.m2/repository/com/github/java-json-tools/json-schema-core/1.2.14/json-schema-core-1.2.14.jar:/home/runner/.m2/repository/com/github/java-json-tools/uri-template/0.10/uri-template-0.10.jar:/home/runner/.m2/repository/com/googlecode/libphonenumber/libphonenumber/8.11.1/libphonenumber-8.11.1.jar:/home/runner/.m2/repository/com/j2html/j2html/1.6.0/j2html-1.6.0.jar:/home/runner/.m2/repository/org/apache/commons/commons-collections4/4.5.0/commons-collections4-4.5.0.jar:/home/runner/.m2/repository/io/swagger/parser/v3/swagger-parser-v3/2.1.31/swagger-parser-v3-2.1.31.jar:/home/runner/.m2/repository/io/swagger/core/v3/swagger-models/2.2.34/swagger-models-2.2.34.jar:/home/runner/.m2/repository/io/swagger/core/v3/swagger-core/2.2.34/swagger-core-2.2.34.jar:/home/runner/.m2/repository/io/swagger/parser/v3/swagger-parser-core/2.1.31/swagger-parser-core-2.1.31.jar:/home/runner/.m2/repository/io/swagger/parser/v3/swagger-parser-safe-url-resolver/2.1.31/swagger-parser-safe-url-resolver-2.1.31.jar:/home/runner/work/apicurio-testing/apicurio-testing/clusters/ci419/namespaces/mysql/tests/integration/apicurio-registry/schema-util/wsdl/target/apicurio-registry-schema-util-wsdl-3.0.14-SNAPSHOT.jar:/home/runner/.m2/repository/wsdl4j/wsdl4j/1.6.3/wsdl4j-1.6.3.jar:/home/runner/work/apicurio-testing/apicurio-testing/clusters/ci419/namespaces/mysql/tests/integration/apicurio-registry/schema-util/xml/target/apicurio-registry-schema-util-xml-3.0.14-SNAPSHOT.jar:/home/runner/.m2/repository/org/apache/santuario/xmlsec/4.0.4/xmlsec-4.0.4.jar:/home/runner/.m2/repository/com/fasterxml/woodstox/woodstox-core/7.1.1/woodstox-core-7.1.1.jar:/home/runner/.m2/repository/org/codehaus/woodstox/stax2-api/4.2.2/stax2-api-4.2.2.jar:/home/runner/work/apicurio-testing/apicurio-testing/clusters/ci419/namespaces/mysql/tests/integration/apicurio-registry/schema-util/xsd/target/apicurio-registry-schema-util-xsd-3.0.14-SNAPSHOT.jar:/home/runner/work/apicurio-testing/apicurio-testing/clusters/ci419/namespaces/mysql/tests/integration/apicurio-registry/serdes/kafka/jsonschema-serde/target/apicurio-registry-jsonschema-serde-kafka-3.0.14-SNAPSHOT.jar:/home/runner/work/apicurio-testing/apicurio-testing/clusters/ci419/namespaces/mysql/tests/integration/apicurio-registry/serdes/kafka/serde-kafka-common/target/apicurio-registry-serde-kafka-common-3.0.14-SNAPSHOT.jar:/home/runner/work/apicurio-testing/apicurio-testing/clusters/ci419/namespaces/mysql/tests/integration/apicurio-registry/serdes/generic/serde-common/target/apicurio-registry-serde-common-3.0.14-SNAPSHOT.jar:/home/runner/work/apicurio-testing/apicurio-testing/clusters/ci419/namespaces/mysql/tests/integration/apicurio-registry/serdes/generic/serde-common-jsonschema/target/apicurio-registry-serde-common-jsonschema-3.0.14-SNAPSHOT.jar:/home/runner/.m2/repository/org/json/json/20250107/json-20250107.jar:/home/runner/work/apicurio-testing/apicurio-testing/clusters/ci419/namespaces/mysql/tests/integration/apicurio-registry/serdes/kafka/avro-serde/target/apicurio-registry-avro-serde-kafka-3.0.14-SNAPSHOT.jar:/home/runner/work/apicurio-testing/apicurio-testing/clusters/ci419/namespaces/mysql/tests/integration/apicurio-registry/serdes/generic/serde-common-avro/target/apicurio-registry-serde-common-avro-3.0.14-SNAPSHOT.jar:/home/runner/work/apicurio-testing/apicurio-testing/clusters/ci419/namespaces/mysql/tests/integration/apicurio-registry/serdes/kafka/protobuf-serde/target/apicurio-registry-protobuf-serde-kafka-3.0.14-SNAPSHOT.jar:/home/runner/work/apicurio-testing/apicurio-testing/clusters/ci419/namespaces/mysql/tests/integration/apicurio-registry/serdes/generic/serde-common-protobuf/target/apicurio-registry-serde-common-protobuf-3.0.14-SNAPSHOT.jar:/home/runner/.m2/repository/com/squareup/wire/wire-schema/5.3.3/wire-schema-5.3.3.jar:/home/runner/.m2/repository/com/squareup/wire/wire-runtime/5.3.3/wire-runtime-5.3.3.jar:/home/runner/work/apicurio-testing/apicurio-testing/clusters/ci419/namespaces/mysql/tests/integration/apicurio-registry/serdes/pulsar/avro-serde/target/apicurio-registry-avro-serde-pulsar-3.0.14-SNAPSHOT.jar:/home/runner/.m2/repository/org/apache/pulsar/pulsar-functions-api/3.3.8/pulsar-functions-api-3.3.8.jar:/home/runner/work/apicurio-testing/apicurio-testing/clusters/ci419/namespaces/mysql/tests/integration/apicurio-registry/serdes/nats/avro-serde/target/apicurio-registry-avro-serde-nats-3.0.14-SNAPSHOT.jar:/home/runner/.m2/repository/io/nats/jnats/2.21.4/jnats-2.21.4.jar:/home/runner/.m2/repository/org/bouncycastle/bcprov-lts8on/2.73.7/bcprov-lts8on-2.73.7.jar:/home/runner/.m2/repository/org/jetbrains/annotations/26.0.2/annotations-26.0.2.jar:/home/runner/work/apicurio-testing/apicurio-testing/clusters/ci419/namespaces/mysql/tests/integration/apicurio-registry/utils/converter/target/apicurio-registry-utils-converter-3.0.14-SNAPSHOT.jar:/home/runner/work/apicurio-testing/apicurio-testing/clusters/ci419/namespaces/mysql/tests/integration/apicurio-registry/schema-resolver/target/apicurio-registry-schema-resolver-3.0.14-SNAPSHOT.jar:/home/runner/.m2/repository/org/apache/kafka/connect-api/3.9.1/connect-api-3.9.1.jar:/home/runner/.m2/repository/javax/ws/rs/javax.ws.rs-api/2.1.1/javax.ws.rs-api-2.1.1.jar:/home/runner/.m2/repository/org/apache/kafka/connect-json/3.9.1/connect-json-3.9.1.jar:/home/runner/.m2/repository/com/fasterxml/jackson/datatype/jackson-datatype-jdk8/2.18.2/jackson-datatype-jdk8-2.18.2.jar:/home/runner/.m2/repository/com/fasterxml/jackson/module/jackson-module-afterburner/2.18.2/jackson-module-afterburner-2.18.2.jar:/home/runner/work/apicurio-testing/apicurio-testing/clusters/ci419/namespaces/mysql/tests/integration/apicurio-registry/utils/kafka/target/apicurio-registry-utils-kafka-3.0.14-SNAPSHOT.jar:/home/runner/.m2/repository/org/apache/pulsar/pulsar-client/3.3.8/pulsar-client-3.3.8.jar:/home/runner/.m2/repository/org/apache/pulsar/pulsar-client-api/3.3.8/pulsar-client-api-3.3.8.jar:/home/runner/.m2/repository/org/apache/pulsar/pulsar-client-admin-api/3.3.8/pulsar-client-admin-api-3.3.8.jar:/home/runner/.m2/repository/org/apache/pulsar/bouncy-castle-bc/3.3.8/bouncy-castle-bc-3.3.8-pkg.jar:/home/runner/.m2/repository/org/bouncycastle/bcpkix-jdk18on/1.81/bcpkix-jdk18on-1.81.jar:/home/runner/.m2/repository/org/bouncycastle/bcutil-jdk18on/1.81/bcutil-jdk18on-1.81.jar:/home/runner/.m2/repository/org/bouncycastle/bcprov-jdk18on/1.81/bcprov-jdk18on-1.81.jar:/home/runner/.m2/repository/io/opentelemetry/opentelemetry-api/1.44.1/opentelemetry-api-1.44.1.jar:/home/runner/.m2/repository/io/opentelemetry/opentelemetry-context/1.44.1/opentelemetry-context-1.44.1.jar:/home/runner/.m2/repository/io/opentelemetry/opentelemetry-api-incubator/1.44.1-alpha/opentelemetry-api-incubator-1.44.1-alpha.jar:/home/runner/.m2/repository/com/fasterxml/jackson/core/jackson-annotations/2.18.2/jackson-annotations-2.18.2.jar:/home/runner/.m2/repository/javax/validation/validation-api/1.1.0.Final/validation-api-1.1.0.Final.jar:/home/runner/.m2/repository/org/jspecify/jspecify/1.0.0/jspecify-1.0.0.jar:/home/runner/.m2/repository/org/apache/commons/commons-configuration2/2.12.0/commons-configuration2-2.12.0.jar:/home/runner/.m2/repository/commons-logging/commons-logging/1.3.5/commons-logging-1.3.5.jar:/home/runner/.m2/repository/org/apache/commons/commons-text/1.13.0/commons-text-1.13.0.jar:/home/runner/.m2/repository/io/confluent/kafka-avro-serializer/8.0.0/kafka-avro-serializer-8.0.0.jar:/home/runner/.m2/repository/org/apache/commons/commons-compress/1.27.1/commons-compress-1.27.1.jar:/home/runner/.m2/repository/io/confluent/kafka-schema-serializer/8.0.0/kafka-schema-serializer-8.0.0.jar:/home/runner/.m2/repository/com/fasterxml/jackson/dataformat/jackson-dataformat-csv/2.18.2/jackson-dataformat-csv-2.18.2.jar:/home/runner/.m2/repository/io/confluent/kafka-schema-registry-client/8.0.0/kafka-schema-registry-client-8.0.0.jar:/home/runner/.m2/repository/org/yaml/snakeyaml/2.3/snakeyaml-2.3.jar:/home/runner/.m2/repository/io/swagger/core/v3/swagger-annotations/2.2.29/swagger-annotations-2.2.29.jar:/home/runner/.m2/repository/com/google/guava/guava/33.4.0-jre/guava-33.4.0-jre.jar:/home/runner/.m2/repository/com/google/guava/failureaccess/1.0.1/failureaccess-1.0.1.jar:/home/runner/.m2/repository/org/checkerframework/checker-qual/3.49.0/checker-qual-3.49.0.jar:/home/runner/.m2/repository/io/confluent/logredactor/1.0.13/logredactor-1.0.13.jar:/home/runner/.m2/repository/com/google/re2j/re2j/1.6/re2j-1.6.jar:/home/runner/.m2/repository/io/confluent/logredactor-metrics/1.0.13/logredactor-metrics-1.0.13.jar:/home/runner/.m2/repository/com/eclipsesource/minimal-json/minimal-json/0.9.5/minimal-json-0.9.5.jar:/home/runner/.m2/repository/io/confluent/common-utils/8.0.0/common-utils-8.0.0.jar:/home/runner/.m2/repository/io/confluent/kafka-connect-avro-converter/8.0.0/kafka-connect-avro-converter-8.0.0.jar:/home/runner/.m2/repository/io/confluent/kafka-connect-avro-data/8.0.0/kafka-connect-avro-data-8.0.0.jar:/home/runner/.m2/repository/io/confluent/kafka-schema-converter/8.0.0/kafka-schema-converter-8.0.0.jar:/home/runner/.m2/repository/io/rest-assured/rest-assured/5.5.1/rest-assured-5.5.1.jar:/home/runner/.m2/repository/org/apache/groovy/groovy/4.0.22/groovy-4.0.22.jar:/home/runner/.m2/repository/org/apache/groovy/groovy-xml/4.0.22/groovy-xml-4.0.22.jar:/home/runner/.m2/repository/org/apache/httpcomponents/httpclient/4.5.14/httpclient-4.5.14.jar:/home/runner/.m2/repository/org/apache/httpcomponents/httpcore/4.4.16/httpcore-4.4.16.jar:/home/runner/.m2/repository/org/apache/httpcomponents/httpmime/4.5.14/httpmime-4.5.14.jar:/home/runner/.m2/repository/org/hamcrest/hamcrest/2.2/hamcrest-2.2.jar:/home/runner/.m2/repository/org/ccil/cowan/tagsoup/tagsoup/1.2.1/tagsoup-1.2.1.jar:/home/runner/.m2/repository/io/rest-assured/json-path/5.5.1/json-path-5.5.1.jar:/home/runner/.m2/repository/org/apache/groovy/groovy-json/4.0.22/groovy-json-4.0.22.jar:/home/runner/.m2/repository/io/rest-assured/rest-assured-common/5.5.1/rest-assured-common-5.5.1.jar:/home/runner/.m2/repository/io/rest-assured/xml-path/5.5.1/xml-path-5.5.1.jar:/home/runner/.m2/repository/io/zonky/test/embedded-postgres/2.1.0/embedded-postgres-2.1.0.jar:/home/runner/.m2/repository/io/zonky/test/postgres/embedded-postgres-binaries-windows-amd64/14.15.0/embedded-postgres-binaries-windows-amd64-14.15.0.jar:/home/runner/.m2/repository/io/zonky/test/postgres/embedded-postgres-binaries-darwin-amd64/14.15.0/embedded-postgres-binaries-darwin-amd64-14.15.0.jar:/home/runner/.m2/repository/io/zonky/test/postgres/embedded-postgres-binaries-linux-amd64/14.15.0/embedded-postgres-binaries-linux-amd64-14.15.0.jar:/home/runner/.m2/repository/io/zonky/test/postgres/embedded-postgres-binaries-linux-amd64-alpine/14.15.0/embedded-postgres-binaries-linux-amd64-alpine-14.15.0.jar:/home/runner/.m2/repository/org/apache/commons/commons-lang3/3.17.0/commons-lang3-3.17.0.jar:/home/runner/.m2/repository/org/tukaani/xz/1.10/xz-1.10.jar:/home/runner/.m2/repository/commons-codec/commons-codec/1.19.0/commons-codec-1.19.0.jar:/home/runner/.m2/repository/org/postgresql/postgresql/42.7.7/postgresql-42.7.7.jar:/home/runner/.m2/repository/commons-io/commons-io/2.18.0/commons-io-2.18.0.jar:/home/runner/work/apicurio-testing/apicurio-testing/clusters/ci419/namespaces/mysql/tests/integration/apicurio-registry/utils/importexport/target/apicurio-registry-utils-import-export-3.0.14-SNAPSHOT.jar:/home/runner/.m2/repository/io/vertx/vertx-core/4.5.16/vertx-core-4.5.16.jar:/home/runner/.m2/repository/io/netty/netty-common/4.1.121.Final/netty-common-4.1.121.Final.jar:/home/runner/.m2/repository/io/netty/netty-buffer/4.1.121.Final/netty-buffer-4.1.121.Final.jar:/home/runner/.m2/repository/io/netty/netty-transport/4.1.121.Final/netty-transport-4.1.121.Final.jar:/home/runner/.m2/repository/io/netty/netty-handler/4.1.121.Final/netty-handler-4.1.121.Final.jar:/home/runner/.m2/repository/io/netty/netty-transport-native-unix-common/4.1.121.Final/netty-transport-native-unix-common-4.1.121.Final.jar:/home/runner/.m2/repository/io/netty/netty-codec/4.1.121.Final/netty-codec-4.1.121.Final.jar:/home/runner/.m2/repository/io/netty/netty-handler-proxy/4.1.121.Final/netty-handler-proxy-4.1.121.Final.jar:/home/runner/.m2/repository/io/netty/netty-codec-socks/4.1.121.Final/netty-codec-socks-4.1.121.Final.jar:/home/runner/.m2/repository/io/netty/netty-codec-http/4.1.121.Final/netty-codec-http-4.1.121.Final.jar:/home/runner/.m2/repository/io/netty/netty-codec-http2/4.1.121.Final/netty-codec-http2-4.1.121.Final.jar:/home/runner/.m2/repository/io/netty/netty-resolver/4.1.121.Final/netty-resolver-4.1.121.Final.jar:/home/runner/.m2/repository/io/netty/netty-resolver-dns/4.1.121.Final/netty-resolver-dns-4.1.121.Final.jar:/home/runner/.m2/repository/io/netty/netty-codec-dns/4.1.121.Final/netty-codec-dns-4.1.121.Final.jar:/home/runner/.m2/repository/com/fasterxml/jackson/core/jackson-core/2.18.2/jackson-core-2.18.2.jar:"/>
    <property name="sun.cpu.endian" value="little"/>
    <property name="user.home" value="/home/runner"/>
    <property name="user.language" value="en"/>
    <property name="jboss.log-version" value="false"/>
    <property name="java.specification.vendor" value="Oracle Corporation"/>
    <property name="java.version.date" value="2025-07-15"/>
    <property name="java.home" value="/usr/lib/jvm/temurin-17-jdk-amd64"/>
    <property name="file.separator" value="/"/>
    <property name="basedir" value="/home/runner/work/apicurio-testing/apicurio-testing/clusters/ci419/namespaces/mysql/tests/integration/apicurio-registry/integration-tests"/>
    <property name="java.vm.compressedOopsMode" value="Zero based"/>
    <property name="line.separator" value="&#10;"/>
    <property name="java.specification.name" value="Java Platform API Specification"/>
    <property name="java.vm.specification.vendor" value="Oracle Corporation"/>
    <property name="quarkus.http.test-host" value="registry-app-mysql.apps.ci419.apicurio-testing.org"/>
    <property name="surefire.real.class.path" value="/home/runner/work/apicurio-testing/apicurio-testing/clusters/ci419/namespaces/mysql/tests/integration/apicurio-registry/integration-tests/target/surefire/surefirebooter-20250902182008258_3.jar"/>
    <property name="sun.management.compiler" value="HotSpot 64-Bit Tiered Compilers"/>
    <property name="org.eclipse.jetty.http.HttpGenerator.STRICT" value="true"/>
    <property name="java.runtime.version" value="17.0.16+8"/>
    <property name="user.name" value="runner"/>
    <property name="path.separator" value=":"/>
    <property name="os.version" value="6.11.0-1018-azure"/>
    <property name="java.runtime.name" value="OpenJDK Runtime Environment"/>
    <property name="file.encoding" value="UTF-8"/>
    <property name="jnidispatch.path" value="/home/runner/.cache/JNA/temp/jna11895935306351217090.tmp"/>
    <property name="java.vm.name" value="OpenJDK 64-Bit Server VM"/>
    <property name="jna.platform.library.path" value="/usr/lib/x86_64-linux-gnu:/lib/x86_64-linux-gnu:/usr/lib64:/lib64:/usr/lib:/lib:/lib32:/usr/local/lib:/usr/lib/x86_64-linux-gnu/libfakeroot"/>
    <property name="java.vendor.version" value="Temurin-17.0.16+8"/>
    <property name="quarkus.oidc.token-path" value="https://keycloak-mysql.apps.ci419.apicurio-testing.org/realms/registry/protocol/openid-connect/token"/>
    <property name="quarkus.http.host" value="registry-app-mysql.apps.ci419.apicurio-testing.org"/>
    <property name="localRepository" value="/home/runner/.m2/repository"/>
    <property name="javax.xml.xpath.XPathFactory:http://java.sun.com/jaxp/xpath/dom" value="com.sun.org.apache.xpath.internal.jaxp.XPathFactoryImpl"/>
    <property name="jna.loaded" value="true"/>
    <property name="java.vendor.url.bug" value="https://github.com/adoptium/adoptium-support/issues"/>
    <property name="jetty.git.hash" value="5bc5e562c8d05c5862505aebe5cf83a61bdbcb96"/>
    <property name="java.io.tmpdir" value="/tmp"/>
    <property name="quarkus.http.test-protocol" value="http"/>
    <property name="java.version" value="17.0.16"/>
    <property name="user.dir" value="/home/runner/work/apicurio-testing/apicurio-testing/clusters/ci419/namespaces/mysql/tests/integration/apicurio-registry/integration-tests"/>
    <property name="os.arch" value="amd64"/>
    <property name="groups" value="( smoke | serdes | acceptance | ui)"/>
    <property name="java.vm.specification.name" value="Java Virtual Machine Specification"/>
    <property name="native.encoding" value="UTF-8"/>
    <property name="java.util.logging.manager" value="org.jboss.logmanager.LogManager"/>
    <property name="java.library.path" value="/usr/java/packages/lib:/usr/lib64:/lib64:/lib:/usr/lib"/>
    <property name="jdk.console" value="java.base"/>
    <property name="java.vm.info" value="mixed mode, sharing"/>
    <property name="java.vendor" value="Eclipse Adoptium"/>
    <property name="java.vm.version" value="17.0.16+8"/>
    <property name="java.specification.maintenance.version" value="1"/>
    <property name="sun.io.unicode.encoding" value="UnicodeLittle"/>
    <property name="javax.xml.transform.TransformerFactory" value="com.sun.org.apache.xalan.internal.xsltc.trax.TransformerFactoryImpl"/>
    <property name="java.class.version" value="61.0"/>
  </properties>
  <testcase name="testGlobalIdInHeaders" classname="io.apicurio.tests.serdes.apicurio.AvroSerdeIT" time="5.807">
    <system-out><![CDATA[**** Registry Base URL: http://registry-app-mysql.apps.ci419.apicurio-testing.org:80
**** Registry Base URL: http://registry-app-mysql.apps.ci419.apicurio-testing.org:80
2025-09-02 18:20:16,947 INFO  [io.api.tes.ser.api.AvroSerdeIT] (main) RestAssured configured with http://registry-app-mysql.apps.ci419.apicurio-testing.org:80/apis/registry/v3
2025-09-02 18:20:17,007 INFO  [io.api.tes.uti.KafkaFacade] (main) Starting kafka container
2025-09-02 18:20:17,041 INFO  [org.tes.ima.PullPolicy] (main) Image pull policy will be performed by: DefaultPullPolicy()
2025-09-02 18:20:17,043 INFO  [org.tes.uti.ImageNameSubstitutor] (main) Image name substitution will be performed by: DefaultImageNameSubstitutor (composite of 'ConfigurationFileImageNameSubstitutor' and 'PrefixingImageNameSubstitutor')
2025-09-02 18:20:17,050 INFO  [org.tes.DockerClientFactory] (main) Testcontainers version: 1.20.6
2025-09-02 18:20:17,535 INFO  [org.tes.doc.DockerClientProviderStrategy] (main) Found Docker environment with local Unix socket (unix:///var/run/docker.sock)
2025-09-02 18:20:17,543 INFO  [org.tes.DockerClientFactory] (main) Docker host IP address is localhost
2025-09-02 18:20:17,557 INFO  [org.tes.DockerClientFactory] (main) Connected to docker: 
  Server Version: 28.0.4
  API Version: 1.48
  Operating System: Ubuntu 24.04.3 LTS
  Total Memory: 15995 MB
2025-09-02 18:20:17,582 INFO  [tc.tes.11.0] (main) Pulling docker image: testcontainers/ryuk:0.11.0. Please be patient; this may take some time but only needs to be done once.
2025-09-02 18:20:18,062 INFO  [tc.tes.11.0] (docker-java-stream--1295187651) Starting to pull image
2025-09-02 18:20:18,108 INFO  [tc.tes.11.0] (docker-java-stream--1295187651) Pulling image layers:  0 pending,  0 downloaded,  0 extracted, (0 bytes/0 bytes)
2025-09-02 18:20:18,329 INFO  [tc.tes.11.0] (docker-java-stream--1295187651) Pulling image layers:  2 pending,  1 downloaded,  0 extracted, (45 KB/? MB)
2025-09-02 18:20:18,394 INFO  [tc.tes.11.0] (docker-java-stream--1295187651) Pulling image layers:  1 pending,  2 downloaded,  0 extracted, (113 KB/? MB)
2025-09-02 18:20:18,400 INFO  [tc.tes.11.0] (docker-java-stream--1295187651) Pulling image layers:  0 pending,  3 downloaded,  0 extracted, (113 KB/10 MB)
2025-09-02 18:20:18,520 INFO  [tc.tes.11.0] (docker-java-stream--1295187651) Pulling image layers:  0 pending,  3 downloaded,  1 extracted, (3 MB/10 MB)
2025-09-02 18:20:18,941 INFO  [tc.tes.11.0] (docker-java-stream--1295187651) Pulling image layers:  0 pending,  3 downloaded,  2 extracted, (4 MB/10 MB)
2025-09-02 18:20:18,976 INFO  [tc.tes.11.0] (docker-java-stream--1295187651) Pulling image layers:  0 pending,  3 downloaded,  3 extracted, (10 MB/10 MB)
2025-09-02 18:20:18,989 INFO  [tc.tes.11.0] (main) Image testcontainers/ryuk:0.11.0 pull took PT1.406971682S
2025-09-02 18:20:19,005 INFO  [tc.tes.11.0] (main) Creating container for image: testcontainers/ryuk:0.11.0
2025-09-02 18:20:19,074 INFO  [tc.tes.11.0] (main) Container testcontainers/ryuk:0.11.0 is starting: 042dd10974477a8145741983c1d2f07a8720509430804a11cd5f3985796436bc
2025-09-02 18:20:20,394 INFO  [tc.tes.11.0] (main) Container testcontainers/ryuk:0.11.0 started in PT1.388860342S
2025-09-02 18:20:20,397 INFO  [org.tes.uti.RyukResourceReaper] (main) Ryuk started - will monitor and terminate Testcontainers containers on JVM exit
2025-09-02 18:20:20,397 INFO  [org.tes.DockerClientFactory] (main) Checking the system...
2025-09-02 18:20:20,398 INFO  [org.tes.DockerClientFactory] (main) ✔︎ Docker server version should be at least 1.6.0
2025-09-02 18:20:20,400 INFO  [io.str.tes.con.KafkaVersionService] (main) Latest release of Kafka is:LogicalKafkaVersionEntity{version='4.0.0', image='quay.io/strimzi-test-container/test-container:0.111.0-kafka-4.0.0'}
2025-09-02 18:20:20,400 INFO  [io.str.tes.con.KafkaVersionService] (main) Latest release of Kafka is:LogicalKafkaVersionEntity{version='4.0.0', image='quay.io/strimzi-test-container/test-container:0.111.0-kafka-4.0.0'}
2025-09-02 18:20:20,401 INFO  [io.str.tes.con.KafkaVersionService] (main) No Kafka version specified. Using latest release: 4.0.0
2025-09-02 18:20:20,404 INFO  [tc.qua.io/.111.0-k.0.0] (main) Pulling docker image: quay.io/strimzi-test-container/test-container:0.111.0-kafka-4.0.0. Please be patient; this may take some time but only needs to be done once.
2025-09-02 18:20:21,184 INFO  [tc.qua.io/.111.0-k.0.0] (docker-java-stream--29267298) Starting to pull image
2025-09-02 18:20:21,185 INFO  [tc.qua.io/.111.0-k.0.0] (docker-java-stream--29267298) Pulling image layers:  0 pending,  0 downloaded,  0 extracted, (0 bytes/0 bytes)
2025-09-02 18:20:21,669 INFO  [tc.qua.io/.111.0-k.0.0] (docker-java-stream--29267298) Pulling image layers:  6 pending,  1 downloaded,  0 extracted, (3 MB/? MB)
2025-09-02 18:20:21,855 INFO  [tc.qua.io/.111.0-k.0.0] (docker-java-stream--29267298) Pulling image layers:  5 pending,  2 downloaded,  0 extracted, (17 MB/? MB)
2025-09-02 18:20:22,388 INFO  [tc.qua.io/.111.0-k.0.0] (docker-java-stream--29267298) Pulling image layers:  4 pending,  3 downloaded,  0 extracted, (79 MB/? MB)
2025-09-02 18:20:22,782 INFO  [tc.qua.io/.111.0-k.0.0] (docker-java-stream--29267298) Pulling image layers:  3 pending,  4 downloaded,  0 extracted, (101 MB/? MB)
2025-09-02 18:20:23,004 INFO  [tc.qua.io/.111.0-k.0.0] (docker-java-stream--29267298) Pulling image layers:  2 pending,  5 downloaded,  0 extracted, (116 MB/? MB)
2025-09-02 18:20:23,275 INFO  [tc.qua.io/.111.0-k.0.0] (docker-java-stream--29267298) Pulling image layers:  2 pending,  5 downloaded,  1 extracted, (143 MB/? MB)
2025-09-02 18:20:23,937 INFO  [tc.qua.io/.111.0-k.0.0] (docker-java-stream--29267298) Pulling image layers:  1 pending,  6 downloaded,  1 extracted, (198 MB/? MB)
2025-09-02 18:20:25,042 INFO  [tc.qua.io/.111.0-k.0.0] (docker-java-stream--29267298) Pulling image layers:  0 pending,  7 downloaded,  1 extracted, (246 MB/249 MB)
2025-09-02 18:20:26,487 INFO  [tc.qua.io/.111.0-k.0.0] (docker-java-stream--29267298) Pulling image layers:  0 pending,  7 downloaded,  2 extracted, (246 MB/249 MB)
2025-09-02 18:20:26,514 INFO  [tc.qua.io/.111.0-k.0.0] (docker-java-stream--29267298) Pulling image layers:  0 pending,  7 downloaded,  3 extracted, (246 MB/249 MB)
2025-09-02 18:20:26,528 INFO  [tc.qua.io/.111.0-k.0.0] (docker-java-stream--29267298) Pulling image layers:  0 pending,  7 downloaded,  4 extracted, (246 MB/249 MB)
2025-09-02 18:20:27,119 INFO  [tc.qua.io/.111.0-k.0.0] (docker-java-stream--29267298) Pulling image layers:  0 pending,  7 downloaded,  5 extracted, (248 MB/249 MB)
2025-09-02 18:20:27,145 INFO  [tc.qua.io/.111.0-k.0.0] (docker-java-stream--29267298) Pulling image layers:  0 pending,  7 downloaded,  6 extracted, (249 MB/249 MB)
2025-09-02 18:20:27,153 INFO  [tc.qua.io/.111.0-k.0.0] (docker-java-stream--29267298) Pulling image layers:  0 pending,  7 downloaded,  7 extracted, (249 MB/249 MB)
2025-09-02 18:20:27,159 INFO  [tc.qua.io/.111.0-k.0.0] (docker-java-stream--29267298) Pull complete. 7 layers, pulled in 5s (downloaded 249 MB at 49 MB/s)
2025-09-02 18:20:27,159 INFO  [tc.qua.io/.111.0-k.0.0] (main) Image quay.io/strimzi-test-container/test-container:0.111.0-kafka-4.0.0 pull took PT6.754894202S
2025-09-02 18:20:27,161 INFO  [tc.qua.io/.111.0-k.0.0] (main) Creating container for image: quay.io/strimzi-test-container/test-container:0.111.0-kafka-4.0.0
2025-09-02 18:20:27,223 INFO  [tc.qua.io/.111.0-k.0.0] (main) Container quay.io/strimzi-test-container/test-container:0.111.0-kafka-4.0.0 is starting: 1c4cda7b6f18472e4f9009b3fdb846a942ce16bf2a626957c56ac7c7135494e7
2025-09-02 18:20:27,364 INFO  [io.str.tes.con.StrimziKafkaContainer] (main) Mapped port: 32769
2025-09-02 18:20:27,364 WARN  [io.str.tes.con.StrimziKafkaContainer] (main) Node ID is not set. Using broker ID 0 as the default node ID.
2025-09-02 18:20:27,364 INFO  [io.str.tes.con.StrimziKafkaContainer] (main) This is all advertised listeners for Kafka PLAINTEXT://localhost:32769,BROKER1://172.18.0.2:9091,CONTROLLER://broker-0:9094
2025-09-02 18:20:27,393 INFO  [io.str.tes.con.StrimziKafkaContainer] (main) New `cluster.id` has been generated: zhgBwCfeQnC1PCRKjnRbQg
2025-09-02 18:20:27,394 INFO  [io.str.tes.con.StrimziKafkaContainer] (main) Copying command to 'STARTER_SCRIPT' script.
2025-09-02 18:20:31,399 INFO  [tc.qua.io/.111.0-k.0.0] (main) Container quay.io/strimzi-test-container/test-container:0.111.0-kafka-4.0.0 started in PT4.237481711S
2025-09-02 18:20:31,400 INFO  [io.api.tes.uti.TestSeparator] (main) ############################################################################
2025-09-02 18:20:31,401 INFO  [io.api.tes.uti.TestSeparator] (main) io.apicurio.tests.serdes.apicurio.AvroSerdeIT.testGlobalIdInHeaders-STARTED
2025-09-02 18:20:31,407 INFO  [org.apa.kaf.cli.adm.AdminClientConfig] (main) AdminClientConfig values: 
	auto.include.jmx.reporter = true
	bootstrap.controllers = []
	bootstrap.servers = [PLAINTEXT://localhost:32769]
	client.dns.lookup = use_all_dns_ips
	client.id = 
	connections.max.idle.ms = 10000
	default.api.timeout.ms = 60000
	enable.metrics.push = true
	metadata.max.age.ms = 300000
	metadata.recovery.strategy = none
	metric.reporters = []
	metrics.num.samples = 2
	metrics.recording.level = INFO
	metrics.sample.window.ms = 30000
	receive.buffer.bytes = 65536
	reconnect.backoff.max.ms = 1000
	reconnect.backoff.ms = 50
	request.timeout.ms = 5000
	retries = 2147483647
	retry.backoff.max.ms = 1000
	retry.backoff.ms = 100
	sasl.client.callback.handler.class = null
	sasl.jaas.config = null
	sasl.kerberos.kinit.cmd = /usr/bin/kinit
	sasl.kerberos.min.time.before.relogin = 60000
	sasl.kerberos.service.name = null
	sasl.kerberos.ticket.renew.jitter = 0.05
	sasl.kerberos.ticket.renew.window.factor = 0.8
	sasl.login.callback.handler.class = null
	sasl.login.class = null
	sasl.login.connect.timeout.ms = null
	sasl.login.read.timeout.ms = null
	sasl.login.refresh.buffer.seconds = 300
	sasl.login.refresh.min.period.seconds = 60
	sasl.login.refresh.window.factor = 0.8
	sasl.login.refresh.window.jitter = 0.05
	sasl.login.retry.backoff.max.ms = 10000
	sasl.login.retry.backoff.ms = 100
	sasl.mechanism = GSSAPI
	sasl.oauthbearer.clock.skew.seconds = 30
	sasl.oauthbearer.expected.audience = null
	sasl.oauthbearer.expected.issuer = null
	sasl.oauthbearer.header.urlencode = false
	sasl.oauthbearer.jwks.endpoint.refresh.ms = 3600000
	sasl.oauthbearer.jwks.endpoint.retry.backoff.max.ms = 10000
	sasl.oauthbearer.jwks.endpoint.retry.backoff.ms = 100
	sasl.oauthbearer.jwks.endpoint.url = null
	sasl.oauthbearer.scope.claim.name = scope
	sasl.oauthbearer.sub.claim.name = sub
	sasl.oauthbearer.token.endpoint.url = null
	security.protocol = PLAINTEXT
	security.providers = null
	send.buffer.bytes = 131072
	socket.connection.setup.timeout.max.ms = 30000
	socket.connection.setup.timeout.ms = 10000
	ssl.cipher.suites = null
	ssl.enabled.protocols = [TLSv1.2, TLSv1.3]
	ssl.endpoint.identification.algorithm = https
	ssl.engine.factory.class = null
	ssl.key.password = null
	ssl.keymanager.algorithm = SunX509
	ssl.keystore.certificate.chain = null
	ssl.keystore.key = null
	ssl.keystore.location = null
	ssl.keystore.password = null
	ssl.keystore.type = JKS
	ssl.protocol = TLSv1.3
	ssl.provider = null
	ssl.secure.random.implementation = null
	ssl.trustmanager.algorithm = PKIX
	ssl.truststore.certificates = null
	ssl.truststore.location = null
	ssl.truststore.password = null
	ssl.truststore.type = JKS

2025-09-02 18:20:32,251 INFO  [org.apa.kaf.com.uti.AppInfoParser] (main) Kafka version: 3.9.1
2025-09-02 18:20:32,251 INFO  [org.apa.kaf.com.uti.AppInfoParser] (main) Kafka commitId: f745dfdcee2b9851
2025-09-02 18:20:32,251 INFO  [org.apa.kaf.com.uti.AppInfoParser] (main) Kafka startTimeMs: 1756837232250
**** Registry Base URL: http://registry-app-mysql.apps.ci419.apicurio-testing.org:80
2025-09-02 18:20:32,273 INFO  [org.apa.kaf.cli.pro.ProducerConfig] (main) ProducerConfig values: 
	acks = -1
	auto.include.jmx.reporter = true
	batch.size = 16384
	bootstrap.servers = [PLAINTEXT://localhost:32769]
	buffer.memory = 33554432
	client.dns.lookup = use_all_dns_ips
	client.id = Producer-topic-8b6a8f9d_bd62_4cdd_8e7f_dd7b9abbb66d
	compression.gzip.level = -1
	compression.lz4.level = 9
	compression.type = none
	compression.zstd.level = 3
	connections.max.idle.ms = 10000
	delivery.timeout.ms = 120000
	enable.idempotence = true
	enable.metrics.push = true
	interceptor.classes = []
	key.serializer = class org.apache.kafka.common.serialization.StringSerializer
	linger.ms = 0
	max.block.ms = 60000
	max.in.flight.requests.per.connection = 5
	max.request.size = 1048576
	metadata.max.age.ms = 300000
	metadata.max.idle.ms = 300000
	metadata.recovery.strategy = none
	metric.reporters = []
	metrics.num.samples = 2
	metrics.recording.level = INFO
	metrics.sample.window.ms = 30000
	partitioner.adaptive.partitioning.enable = true
	partitioner.availability.timeout.ms = 0
	partitioner.class = null
	partitioner.ignore.keys = false
	receive.buffer.bytes = 32768
	reconnect.backoff.max.ms = 1000
	reconnect.backoff.ms = 50
	request.timeout.ms = 5000
	retries = 2147483647
	retry.backoff.max.ms = 1000
	retry.backoff.ms = 100
	sasl.client.callback.handler.class = null
	sasl.jaas.config = null
	sasl.kerberos.kinit.cmd = /usr/bin/kinit
	sasl.kerberos.min.time.before.relogin = 60000
	sasl.kerberos.service.name = null
	sasl.kerberos.ticket.renew.jitter = 0.05
	sasl.kerberos.ticket.renew.window.factor = 0.8
	sasl.login.callback.handler.class = null
	sasl.login.class = null
	sasl.login.connect.timeout.ms = null
	sasl.login.read.timeout.ms = null
	sasl.login.refresh.buffer.seconds = 300
	sasl.login.refresh.min.period.seconds = 60
	sasl.login.refresh.window.factor = 0.8
	sasl.login.refresh.window.jitter = 0.05
	sasl.login.retry.backoff.max.ms = 10000
	sasl.login.retry.backoff.ms = 100
	sasl.mechanism = GSSAPI
	sasl.oauthbearer.clock.skew.seconds = 30
	sasl.oauthbearer.expected.audience = null
	sasl.oauthbearer.expected.issuer = null
	sasl.oauthbearer.header.urlencode = false
	sasl.oauthbearer.jwks.endpoint.refresh.ms = 3600000
	sasl.oauthbearer.jwks.endpoint.retry.backoff.max.ms = 10000
	sasl.oauthbearer.jwks.endpoint.retry.backoff.ms = 100
	sasl.oauthbearer.jwks.endpoint.url = null
	sasl.oauthbearer.scope.claim.name = scope
	sasl.oauthbearer.sub.claim.name = sub
	sasl.oauthbearer.token.endpoint.url = null
	security.protocol = PLAINTEXT
	security.providers = null
	send.buffer.bytes = 131072
	socket.connection.setup.timeout.max.ms = 30000
	socket.connection.setup.timeout.ms = 10000
	ssl.cipher.suites = null
	ssl.enabled.protocols = [TLSv1.2, TLSv1.3]
	ssl.endpoint.identification.algorithm = https
	ssl.engine.factory.class = null
	ssl.key.password = null
	ssl.keymanager.algorithm = SunX509
	ssl.keystore.certificate.chain = null
	ssl.keystore.key = null
	ssl.keystore.location = null
	ssl.keystore.password = null
	ssl.keystore.type = JKS
	ssl.protocol = TLSv1.3
	ssl.provider = null
	ssl.secure.random.implementation = null
	ssl.trustmanager.algorithm = PKIX
	ssl.truststore.certificates = null
	ssl.truststore.location = null
	ssl.truststore.password = null
	ssl.truststore.type = JKS
	transaction.timeout.ms = 60000
	transactional.id = null
	value.serializer = class io.apicurio.registry.serde.avro.AvroKafkaSerializer

2025-09-02 18:20:32,292 INFO  [org.apa.kaf.com.tel.int.KafkaMetricsCollector] (main) initializing Kafka metrics collector
2025-09-02 18:20:32,309 INFO  [org.apa.kaf.cli.pro.KafkaProducer] (main) [Producer clientId=Producer-topic-8b6a8f9d_bd62_4cdd_8e7f_dd7b9abbb66d] Instantiated an idempotent producer.
2025-09-02 18:20:32,331 INFO  [org.apa.kaf.cli.pro.ProducerConfig] (main) These configurations '[apicurio.registry.url, apicurio.registry.auto-register, apicurio.registry.use-id, apicurio.registry.artifact-resolver-strategy]' were supplied but are not used yet.
2025-09-02 18:20:32,331 INFO  [org.apa.kaf.com.uti.AppInfoParser] (main) Kafka version: 3.9.1
2025-09-02 18:20:32,331 INFO  [org.apa.kaf.com.uti.AppInfoParser] (main) Kafka commitId: f745dfdcee2b9851
2025-09-02 18:20:32,333 INFO  [org.apa.kaf.com.uti.AppInfoParser] (main) Kafka startTimeMs: 1756837232331
2025-09-02 18:20:32,334 INFO  [io.api.tes.ser.api.SimpleSerdesTesterBuilder$SimpleSerdesTester] (main) Using producer configuration: {apicurio.registry.url=http://registry-app-mysql.apps.ci419.apicurio-testing.org:80/apis/registry/v3, apicurio.registry.auto-register=true, apicurio.registry.use-id=globalId, apicurio.registry.artifact-resolver-strategy=io.apicurio.registry.serde.strategy.TopicIdStrategy, value.serializer=io.apicurio.registry.serde.avro.AvroKafkaSerializer, request.timeout.ms=5000, acks=all, bootstrap.servers=PLAINTEXT://localhost:32769, connections.max.idle.ms=10000, key.serializer=org.apache.kafka.common.serialization.StringSerializer, client.id=Producer-topic-8b6a8f9d_bd62_4cdd_8e7f_dd7b9abbb66d}
2025-09-02 18:20:32,334 INFO  [io.api.tes.ser.api.SimpleSerdesTesterBuilder$SimpleSerdesTester] (main) Using consumer configuration: {apicurio.registry.use-id=globalId}
2025-09-02 18:20:32,336 INFO  [io.api.tes.ser.api.KafkaSerdesTester] (ForkJoinPool.commonPool-worker-2) Sending message {"key11756837232263": "value-0"} to topic topic-8b6a8f9d_bd62_4cdd_8e7f_dd7b9abbb66d
2025-09-02 18:20:32,584 WARN  [org.apa.kaf.cli.NetworkClient] (kafka-producer-network-thread | Producer-topic-8b6a8f9d_bd62_4cdd_8e7f_dd7b9abbb66d) [Producer clientId=Producer-topic-8b6a8f9d_bd62_4cdd_8e7f_dd7b9abbb66d] The metadata response from the cluster reported a recoverable issue with correlation id 1 : {topic-8b6a8f9d_bd62_4cdd_8e7f_dd7b9abbb66d=UNKNOWN_TOPIC_OR_PARTITION}
2025-09-02 18:20:32,590 INFO  [org.apa.kaf.cli.Metadata] (kafka-producer-network-thread | Producer-topic-8b6a8f9d_bd62_4cdd_8e7f_dd7b9abbb66d) [Producer clientId=Producer-topic-8b6a8f9d_bd62_4cdd_8e7f_dd7b9abbb66d] Cluster ID: zhgBwCfeQnC1PCRKjnRbQg
2025-09-02 18:20:32,708 INFO  [org.apa.kaf.cli.pro.int.TransactionManager] (kafka-producer-network-thread | Producer-topic-8b6a8f9d_bd62_4cdd_8e7f_dd7b9abbb66d) [Producer clientId=Producer-topic-8b6a8f9d_bd62_4cdd_8e7f_dd7b9abbb66d] ProducerId set to 0 with epoch 0
2025-09-02 18:20:32,848 INFO  [io.api.tes.ser.api.KafkaSerdesTester] (ForkJoinPool.commonPool-worker-2) Sending message {"key11756837232263": "value-1"} to topic topic-8b6a8f9d_bd62_4cdd_8e7f_dd7b9abbb66d
2025-09-02 18:20:32,852 INFO  [io.api.tes.ser.api.KafkaSerdesTester] (ForkJoinPool.commonPool-worker-2) Sending message {"key11756837232263": "value-2"} to topic topic-8b6a8f9d_bd62_4cdd_8e7f_dd7b9abbb66d
2025-09-02 18:20:32,854 INFO  [io.api.tes.ser.api.KafkaSerdesTester] (ForkJoinPool.commonPool-worker-2) Sending message {"key11756837232263": "value-3"} to topic topic-8b6a8f9d_bd62_4cdd_8e7f_dd7b9abbb66d
2025-09-02 18:20:32,857 INFO  [io.api.tes.ser.api.KafkaSerdesTester] (ForkJoinPool.commonPool-worker-2) Sending message {"key11756837232263": "value-4"} to topic topic-8b6a8f9d_bd62_4cdd_8e7f_dd7b9abbb66d
2025-09-02 18:20:32,859 INFO  [io.api.tes.ser.api.KafkaSerdesTester] (ForkJoinPool.commonPool-worker-2) Sending message {"key11756837232263": "value-5"} to topic topic-8b6a8f9d_bd62_4cdd_8e7f_dd7b9abbb66d
2025-09-02 18:20:32,861 INFO  [io.api.tes.ser.api.KafkaSerdesTester] (ForkJoinPool.commonPool-worker-2) Sending message {"key11756837232263": "value-6"} to topic topic-8b6a8f9d_bd62_4cdd_8e7f_dd7b9abbb66d
2025-09-02 18:20:32,863 INFO  [io.api.tes.ser.api.KafkaSerdesTester] (ForkJoinPool.commonPool-worker-2) Sending message {"key11756837232263": "value-7"} to topic topic-8b6a8f9d_bd62_4cdd_8e7f_dd7b9abbb66d
2025-09-02 18:20:32,866 INFO  [io.api.tes.ser.api.KafkaSerdesTester] (ForkJoinPool.commonPool-worker-2) Sending message {"key11756837232263": "value-8"} to topic topic-8b6a8f9d_bd62_4cdd_8e7f_dd7b9abbb66d
2025-09-02 18:20:32,869 INFO  [io.api.tes.ser.api.KafkaSerdesTester] (ForkJoinPool.commonPool-worker-2) Sending message {"key11756837232263": "value-9"} to topic topic-8b6a8f9d_bd62_4cdd_8e7f_dd7b9abbb66d
2025-09-02 18:20:32,871 INFO  [io.api.tes.ser.api.KafkaSerdesTester] (ForkJoinPool.commonPool-worker-2) Produced 10 messages
2025-09-02 18:20:32,872 INFO  [org.apa.kaf.cli.pro.KafkaProducer] (ForkJoinPool.commonPool-worker-2) [Producer clientId=Producer-topic-8b6a8f9d_bd62_4cdd_8e7f_dd7b9abbb66d] Closing the Kafka producer with timeoutMillis = 9223372036854775807 ms.
2025-09-02 18:20:32,879 INFO  [org.apa.kaf.com.met.Metrics] (ForkJoinPool.commonPool-worker-2) Metrics scheduler closed
2025-09-02 18:20:32,879 INFO  [org.apa.kaf.com.met.Metrics] (ForkJoinPool.commonPool-worker-2) Closing reporter org.apache.kafka.common.metrics.JmxReporter
2025-09-02 18:20:32,879 INFO  [org.apa.kaf.com.met.Metrics] (ForkJoinPool.commonPool-worker-2) Closing reporter org.apache.kafka.common.telemetry.internals.ClientTelemetryReporter
2025-09-02 18:20:32,880 INFO  [org.apa.kaf.com.met.Metrics] (ForkJoinPool.commonPool-worker-2) Metrics reporters closed
2025-09-02 18:20:32,880 INFO  [org.apa.kaf.com.uti.AppInfoParser] (ForkJoinPool.commonPool-worker-2) App info kafka.producer for Producer-topic-8b6a8f9d_bd62_4cdd_8e7f_dd7b9abbb66d unregistered
**** Registry Base URL: http://registry-app-mysql.apps.ci419.apicurio-testing.org:80
2025-09-02 18:20:32,968 INFO  [org.apa.kaf.cli.con.ConsumerConfig] (main) ConsumerConfig values: 
	allow.auto.create.topics = true
	auto.commit.interval.ms = 500
	auto.include.jmx.reporter = true
	auto.offset.reset = earliest
	bootstrap.servers = [PLAINTEXT://localhost:32769]
	check.crcs = true
	client.dns.lookup = use_all_dns_ips
	client.id = consumer-Consumer-topic-8b6a8f9d_bd62_4cdd_8e7f_dd7b9abbb66d-1
	client.rack = 
	connections.max.idle.ms = 10000
	default.api.timeout.ms = 60000
	enable.auto.commit = true
	enable.metrics.push = true
	exclude.internal.topics = true
	fetch.max.bytes = 52428800
	fetch.max.wait.ms = 500
	fetch.min.bytes = 1
	group.id = Consumer-topic-8b6a8f9d_bd62_4cdd_8e7f_dd7b9abbb66d
	group.instance.id = null
	group.protocol = classic
	group.remote.assignor = null
	heartbeat.interval.ms = 3000
	interceptor.classes = []
	internal.leave.group.on.close = true
	internal.throw.on.fetch.stable.offset.unsupported = false
	isolation.level = read_uncommitted
	key.deserializer = class org.apache.kafka.common.serialization.StringDeserializer
	max.partition.fetch.bytes = 1048576
	max.poll.interval.ms = 300000
	max.poll.records = 500
	metadata.max.age.ms = 300000
	metadata.recovery.strategy = none
	metric.reporters = []
	metrics.num.samples = 2
	metrics.recording.level = INFO
	metrics.sample.window.ms = 30000
	partition.assignment.strategy = [class org.apache.kafka.clients.consumer.RangeAssignor, class org.apache.kafka.clients.consumer.CooperativeStickyAssignor]
	receive.buffer.bytes = 65536
	reconnect.backoff.max.ms = 1000
	reconnect.backoff.ms = 50
	request.timeout.ms = 5000
	retry.backoff.max.ms = 1000
	retry.backoff.ms = 100
	sasl.client.callback.handler.class = null
	sasl.jaas.config = null
	sasl.kerberos.kinit.cmd = /usr/bin/kinit
	sasl.kerberos.min.time.before.relogin = 60000
	sasl.kerberos.service.name = null
	sasl.kerberos.ticket.renew.jitter = 0.05
	sasl.kerberos.ticket.renew.window.factor = 0.8
	sasl.login.callback.handler.class = null
	sasl.login.class = null
	sasl.login.connect.timeout.ms = null
	sasl.login.read.timeout.ms = null
	sasl.login.refresh.buffer.seconds = 300
	sasl.login.refresh.min.period.seconds = 60
	sasl.login.refresh.window.factor = 0.8
	sasl.login.refresh.window.jitter = 0.05
	sasl.login.retry.backoff.max.ms = 10000
	sasl.login.retry.backoff.ms = 100
	sasl.mechanism = GSSAPI
	sasl.oauthbearer.clock.skew.seconds = 30
	sasl.oauthbearer.expected.audience = null
	sasl.oauthbearer.expected.issuer = null
	sasl.oauthbearer.header.urlencode = false
	sasl.oauthbearer.jwks.endpoint.refresh.ms = 3600000
	sasl.oauthbearer.jwks.endpoint.retry.backoff.max.ms = 10000
	sasl.oauthbearer.jwks.endpoint.retry.backoff.ms = 100
	sasl.oauthbearer.jwks.endpoint.url = null
	sasl.oauthbearer.scope.claim.name = scope
	sasl.oauthbearer.sub.claim.name = sub
	sasl.oauthbearer.token.endpoint.url = null
	security.protocol = PLAINTEXT
	security.providers = null
	send.buffer.bytes = 131072
	session.timeout.ms = 45000
	socket.connection.setup.timeout.max.ms = 30000
	socket.connection.setup.timeout.ms = 10000
	ssl.cipher.suites = null
	ssl.enabled.protocols = [TLSv1.2, TLSv1.3]
	ssl.endpoint.identification.algorithm = https
	ssl.engine.factory.class = null
	ssl.key.password = null
	ssl.keymanager.algorithm = SunX509
	ssl.keystore.certificate.chain = null
	ssl.keystore.key = null
	ssl.keystore.location = null
	ssl.keystore.password = null
	ssl.keystore.type = JKS
	ssl.protocol = TLSv1.3
	ssl.provider = null
	ssl.secure.random.implementation = null
	ssl.trustmanager.algorithm = PKIX
	ssl.truststore.certificates = null
	ssl.truststore.location = null
	ssl.truststore.password = null
	ssl.truststore.type = JKS
	value.deserializer = class io.apicurio.registry.serde.avro.AvroKafkaDeserializer

2025-09-02 18:20:32,975 INFO  [org.apa.kaf.com.tel.int.KafkaMetricsCollector] (main) initializing Kafka metrics collector
2025-09-02 18:20:33,006 INFO  [org.apa.kaf.cli.con.ConsumerConfig] (main) These configurations '[apicurio.registry.url, apicurio.registry.use-id]' were supplied but are not used yet.
2025-09-02 18:20:33,006 INFO  [org.apa.kaf.com.uti.AppInfoParser] (main) Kafka version: 3.9.1
2025-09-02 18:20:33,006 INFO  [org.apa.kaf.com.uti.AppInfoParser] (main) Kafka commitId: f745dfdcee2b9851
2025-09-02 18:20:33,006 INFO  [org.apa.kaf.com.uti.AppInfoParser] (main) Kafka startTimeMs: 1756837233006
2025-09-02 18:20:33,007 INFO  [org.apa.kaf.cli.con.int.ClassicKafkaConsumer] (ForkJoinPool.commonPool-worker-2) [Consumer clientId=consumer-Consumer-topic-8b6a8f9d_bd62_4cdd_8e7f_dd7b9abbb66d-1, groupId=Consumer-topic-8b6a8f9d_bd62_4cdd_8e7f_dd7b9abbb66d] Subscribed to topic(s): topic-8b6a8f9d_bd62_4cdd_8e7f_dd7b9abbb66d
2025-09-02 18:20:33,016 INFO  [org.apa.kaf.cli.Metadata] (ForkJoinPool.commonPool-worker-2) [Consumer clientId=consumer-Consumer-topic-8b6a8f9d_bd62_4cdd_8e7f_dd7b9abbb66d-1, groupId=Consumer-topic-8b6a8f9d_bd62_4cdd_8e7f_dd7b9abbb66d] Cluster ID: zhgBwCfeQnC1PCRKjnRbQg
2025-09-02 18:20:33,132 INFO  [org.apa.kaf.cli.con.int.ConsumerCoordinator] (ForkJoinPool.commonPool-worker-2) [Consumer clientId=consumer-Consumer-topic-8b6a8f9d_bd62_4cdd_8e7f_dd7b9abbb66d-1, groupId=Consumer-topic-8b6a8f9d_bd62_4cdd_8e7f_dd7b9abbb66d] Discovered group coordinator localhost:32769 (id: 2147483647 rack: null)
2025-09-02 18:20:33,139 INFO  [org.apa.kaf.cli.con.int.ConsumerCoordinator] (ForkJoinPool.commonPool-worker-2) [Consumer clientId=consumer-Consumer-topic-8b6a8f9d_bd62_4cdd_8e7f_dd7b9abbb66d-1, groupId=Consumer-topic-8b6a8f9d_bd62_4cdd_8e7f_dd7b9abbb66d] (Re-)joining group
2025-09-02 18:20:33,159 INFO  [org.apa.kaf.cli.con.int.ConsumerCoordinator] (ForkJoinPool.commonPool-worker-2) [Consumer clientId=consumer-Consumer-topic-8b6a8f9d_bd62_4cdd_8e7f_dd7b9abbb66d-1, groupId=Consumer-topic-8b6a8f9d_bd62_4cdd_8e7f_dd7b9abbb66d] Group coordinator localhost:32769 (id: 2147483647 rack: null) is unavailable or invalid due to cause: error response NOT_COORDINATOR. isDisconnected: false. Rediscovery will be attempted.
2025-09-02 18:20:33,159 INFO  [org.apa.kaf.cli.con.int.ConsumerCoordinator] (ForkJoinPool.commonPool-worker-2) [Consumer clientId=consumer-Consumer-topic-8b6a8f9d_bd62_4cdd_8e7f_dd7b9abbb66d-1, groupId=Consumer-topic-8b6a8f9d_bd62_4cdd_8e7f_dd7b9abbb66d] Requesting disconnect from last known coordinator localhost:32769 (id: 2147483647 rack: null)
2025-09-02 18:20:33,159 INFO  [org.apa.kaf.cli.con.int.ConsumerCoordinator] (ForkJoinPool.commonPool-worker-2) [Consumer clientId=consumer-Consumer-topic-8b6a8f9d_bd62_4cdd_8e7f_dd7b9abbb66d-1, groupId=Consumer-topic-8b6a8f9d_bd62_4cdd_8e7f_dd7b9abbb66d] JoinGroup failed: This is not the correct coordinator. Marking coordinator unknown. Sent generation was Generation{generationId=-1, memberId='', protocol='null'}
2025-09-02 18:20:33,160 INFO  [org.apa.kaf.cli.NetworkClient] (ForkJoinPool.commonPool-worker-2) [Consumer clientId=consumer-Consumer-topic-8b6a8f9d_bd62_4cdd_8e7f_dd7b9abbb66d-1, groupId=Consumer-topic-8b6a8f9d_bd62_4cdd_8e7f_dd7b9abbb66d] Client requested disconnect from node 2147483647
2025-09-02 18:20:33,164 INFO  [org.apa.kaf.cli.con.int.ConsumerCoordinator] (ForkJoinPool.commonPool-worker-2) [Consumer clientId=consumer-Consumer-topic-8b6a8f9d_bd62_4cdd_8e7f_dd7b9abbb66d-1, groupId=Consumer-topic-8b6a8f9d_bd62_4cdd_8e7f_dd7b9abbb66d] Discovered group coordinator localhost:32769 (id: 2147483647 rack: null)
2025-09-02 18:20:33,164 INFO  [org.apa.kaf.cli.con.int.ConsumerCoordinator] (ForkJoinPool.commonPool-worker-2) [Consumer clientId=consumer-Consumer-topic-8b6a8f9d_bd62_4cdd_8e7f_dd7b9abbb66d-1, groupId=Consumer-topic-8b6a8f9d_bd62_4cdd_8e7f_dd7b9abbb66d] Group coordinator localhost:32769 (id: 2147483647 rack: null) is unavailable or invalid due to cause: coordinator unavailable. isDisconnected: false. Rediscovery will be attempted.
2025-09-02 18:20:33,164 INFO  [org.apa.kaf.cli.con.int.ConsumerCoordinator] (ForkJoinPool.commonPool-worker-2) [Consumer clientId=consumer-Consumer-topic-8b6a8f9d_bd62_4cdd_8e7f_dd7b9abbb66d-1, groupId=Consumer-topic-8b6a8f9d_bd62_4cdd_8e7f_dd7b9abbb66d] Requesting disconnect from last known coordinator localhost:32769 (id: 2147483647 rack: null)
2025-09-02 18:20:33,260 INFO  [org.apa.kaf.cli.con.int.ConsumerCoordinator] (ForkJoinPool.commonPool-worker-2) [Consumer clientId=consumer-Consumer-topic-8b6a8f9d_bd62_4cdd_8e7f_dd7b9abbb66d-1, groupId=Consumer-topic-8b6a8f9d_bd62_4cdd_8e7f_dd7b9abbb66d] Discovered group coordinator localhost:32769 (id: 2147483647 rack: null)
2025-09-02 18:20:33,261 INFO  [org.apa.kaf.cli.con.int.ConsumerCoordinator] (ForkJoinPool.commonPool-worker-2) [Consumer clientId=consumer-Consumer-topic-8b6a8f9d_bd62_4cdd_8e7f_dd7b9abbb66d-1, groupId=Consumer-topic-8b6a8f9d_bd62_4cdd_8e7f_dd7b9abbb66d] Request joining group due to: rebalance failed due to 'This is not the correct coordinator.' (NotCoordinatorException)
2025-09-02 18:20:33,261 INFO  [org.apa.kaf.cli.con.int.ConsumerCoordinator] (ForkJoinPool.commonPool-worker-2) [Consumer clientId=consumer-Consumer-topic-8b6a8f9d_bd62_4cdd_8e7f_dd7b9abbb66d-1, groupId=Consumer-topic-8b6a8f9d_bd62_4cdd_8e7f_dd7b9abbb66d] (Re-)joining group
2025-09-02 18:20:33,267 INFO  [org.apa.kaf.cli.con.int.ConsumerCoordinator] (ForkJoinPool.commonPool-worker-2) [Consumer clientId=consumer-Consumer-topic-8b6a8f9d_bd62_4cdd_8e7f_dd7b9abbb66d-1, groupId=Consumer-topic-8b6a8f9d_bd62_4cdd_8e7f_dd7b9abbb66d] Group coordinator localhost:32769 (id: 2147483647 rack: null) is unavailable or invalid due to cause: error response NOT_COORDINATOR. isDisconnected: false. Rediscovery will be attempted.
2025-09-02 18:20:33,267 INFO  [org.apa.kaf.cli.con.int.ConsumerCoordinator] (ForkJoinPool.commonPool-worker-2) [Consumer clientId=consumer-Consumer-topic-8b6a8f9d_bd62_4cdd_8e7f_dd7b9abbb66d-1, groupId=Consumer-topic-8b6a8f9d_bd62_4cdd_8e7f_dd7b9abbb66d] Requesting disconnect from last known coordinator localhost:32769 (id: 2147483647 rack: null)
2025-09-02 18:20:33,267 INFO  [org.apa.kaf.cli.con.int.ConsumerCoordinator] (ForkJoinPool.commonPool-worker-2) [Consumer clientId=consumer-Consumer-topic-8b6a8f9d_bd62_4cdd_8e7f_dd7b9abbb66d-1, groupId=Consumer-topic-8b6a8f9d_bd62_4cdd_8e7f_dd7b9abbb66d] JoinGroup failed: This is not the correct coordinator. Marking coordinator unknown. Sent generation was Generation{generationId=-1, memberId='', protocol='null'}
2025-09-02 18:20:33,267 INFO  [org.apa.kaf.cli.NetworkClient] (ForkJoinPool.commonPool-worker-2) [Consumer clientId=consumer-Consumer-topic-8b6a8f9d_bd62_4cdd_8e7f_dd7b9abbb66d-1, groupId=Consumer-topic-8b6a8f9d_bd62_4cdd_8e7f_dd7b9abbb66d] Client requested disconnect from node 2147483647
2025-09-02 18:20:33,269 INFO  [org.apa.kaf.cli.con.int.ConsumerCoordinator] (ForkJoinPool.commonPool-worker-2) [Consumer clientId=consumer-Consumer-topic-8b6a8f9d_bd62_4cdd_8e7f_dd7b9abbb66d-1, groupId=Consumer-topic-8b6a8f9d_bd62_4cdd_8e7f_dd7b9abbb66d] Discovered group coordinator localhost:32769 (id: 2147483647 rack: null)
2025-09-02 18:20:33,269 INFO  [org.apa.kaf.cli.con.int.ConsumerCoordinator] (ForkJoinPool.commonPool-worker-2) [Consumer clientId=consumer-Consumer-topic-8b6a8f9d_bd62_4cdd_8e7f_dd7b9abbb66d-1, groupId=Consumer-topic-8b6a8f9d_bd62_4cdd_8e7f_dd7b9abbb66d] Group coordinator localhost:32769 (id: 2147483647 rack: null) is unavailable or invalid due to cause: coordinator unavailable. isDisconnected: false. Rediscovery will be attempted.
2025-09-02 18:20:33,270 INFO  [org.apa.kaf.cli.con.int.ConsumerCoordinator] (ForkJoinPool.commonPool-worker-2) [Consumer clientId=consumer-Consumer-topic-8b6a8f9d_bd62_4cdd_8e7f_dd7b9abbb66d-1, groupId=Consumer-topic-8b6a8f9d_bd62_4cdd_8e7f_dd7b9abbb66d] Requesting disconnect from last known coordinator localhost:32769 (id: 2147483647 rack: null)
2025-09-02 18:20:33,363 INFO  [org.apa.kaf.cli.con.int.ConsumerCoordinator] (ForkJoinPool.commonPool-worker-2) [Consumer clientId=consumer-Consumer-topic-8b6a8f9d_bd62_4cdd_8e7f_dd7b9abbb66d-1, groupId=Consumer-topic-8b6a8f9d_bd62_4cdd_8e7f_dd7b9abbb66d] Discovered group coordinator localhost:32769 (id: 2147483647 rack: null)
2025-09-02 18:20:33,367 INFO  [org.apa.kaf.cli.con.int.ConsumerCoordinator] (ForkJoinPool.commonPool-worker-2) [Consumer clientId=consumer-Consumer-topic-8b6a8f9d_bd62_4cdd_8e7f_dd7b9abbb66d-1, groupId=Consumer-topic-8b6a8f9d_bd62_4cdd_8e7f_dd7b9abbb66d] Request joining group due to: rebalance failed due to 'This is not the correct coordinator.' (NotCoordinatorException)
2025-09-02 18:20:33,368 INFO  [org.apa.kaf.cli.con.int.ConsumerCoordinator] (ForkJoinPool.commonPool-worker-2) [Consumer clientId=consumer-Consumer-topic-8b6a8f9d_bd62_4cdd_8e7f_dd7b9abbb66d-1, groupId=Consumer-topic-8b6a8f9d_bd62_4cdd_8e7f_dd7b9abbb66d] (Re-)joining group
2025-09-02 18:20:33,386 INFO  [org.apa.kaf.cli.con.int.ConsumerCoordinator] (ForkJoinPool.commonPool-worker-2) [Consumer clientId=consumer-Consumer-topic-8b6a8f9d_bd62_4cdd_8e7f_dd7b9abbb66d-1, groupId=Consumer-topic-8b6a8f9d_bd62_4cdd_8e7f_dd7b9abbb66d] JoinGroup failed: Coordinator localhost:32769 (id: 2147483647 rack: null) is loading the group.
2025-09-02 18:20:33,387 INFO  [org.apa.kaf.cli.con.int.ConsumerCoordinator] (ForkJoinPool.commonPool-worker-2) [Consumer clientId=consumer-Consumer-topic-8b6a8f9d_bd62_4cdd_8e7f_dd7b9abbb66d-1, groupId=Consumer-topic-8b6a8f9d_bd62_4cdd_8e7f_dd7b9abbb66d] Request joining group due to: rebalance failed due to 'The coordinator is loading and hence can't process requests.' (CoordinatorLoadInProgressException)
2025-09-02 18:20:33,487 INFO  [org.apa.kaf.cli.con.int.ConsumerCoordinator] (ForkJoinPool.commonPool-worker-2) [Consumer clientId=consumer-Consumer-topic-8b6a8f9d_bd62_4cdd_8e7f_dd7b9abbb66d-1, groupId=Consumer-topic-8b6a8f9d_bd62_4cdd_8e7f_dd7b9abbb66d] (Re-)joining group
2025-09-02 18:20:33,493 INFO  [org.apa.kaf.cli.con.int.ConsumerCoordinator] (ForkJoinPool.commonPool-worker-2) [Consumer clientId=consumer-Consumer-topic-8b6a8f9d_bd62_4cdd_8e7f_dd7b9abbb66d-1, groupId=Consumer-topic-8b6a8f9d_bd62_4cdd_8e7f_dd7b9abbb66d] Request joining group due to: need to re-join with the given member-id: consumer-Consumer-topic-8b6a8f9d_bd62_4cdd_8e7f_dd7b9abbb66d-1-039316bb-9667-497b-8849-ce823a137918
2025-09-02 18:20:33,493 INFO  [org.apa.kaf.cli.con.int.ConsumerCoordinator] (ForkJoinPool.commonPool-worker-2) [Consumer clientId=consumer-Consumer-topic-8b6a8f9d_bd62_4cdd_8e7f_dd7b9abbb66d-1, groupId=Consumer-topic-8b6a8f9d_bd62_4cdd_8e7f_dd7b9abbb66d] (Re-)joining group
2025-09-02 18:20:34,007 INFO  [io.api.tes.ser.api.KafkaSerdesTester] (ForkJoinPool.commonPool-worker-2) None found
2025-09-02 18:20:35,008 INFO  [io.api.tes.ser.api.KafkaSerdesTester] (ForkJoinPool.commonPool-worker-2) None found
2025-09-02 18:20:36,010 INFO  [io.api.tes.ser.api.KafkaSerdesTester] (ForkJoinPool.commonPool-worker-2) None found
2025-09-02 18:20:36,505 INFO  [org.apa.kaf.cli.con.int.ConsumerCoordinator] (ForkJoinPool.commonPool-worker-2) [Consumer clientId=consumer-Consumer-topic-8b6a8f9d_bd62_4cdd_8e7f_dd7b9abbb66d-1, groupId=Consumer-topic-8b6a8f9d_bd62_4cdd_8e7f_dd7b9abbb66d] Successfully joined group with generation Generation{generationId=1, memberId='consumer-Consumer-topic-8b6a8f9d_bd62_4cdd_8e7f_dd7b9abbb66d-1-039316bb-9667-497b-8849-ce823a137918', protocol='range'}
2025-09-02 18:20:36,510 INFO  [org.apa.kaf.cli.con.int.ConsumerCoordinator] (ForkJoinPool.commonPool-worker-2) [Consumer clientId=consumer-Consumer-topic-8b6a8f9d_bd62_4cdd_8e7f_dd7b9abbb66d-1, groupId=Consumer-topic-8b6a8f9d_bd62_4cdd_8e7f_dd7b9abbb66d] Finished assignment for group at generation 1: {consumer-Consumer-topic-8b6a8f9d_bd62_4cdd_8e7f_dd7b9abbb66d-1-039316bb-9667-497b-8849-ce823a137918=Assignment(partitions=[topic-8b6a8f9d_bd62_4cdd_8e7f_dd7b9abbb66d-0])}
2025-09-02 18:20:36,522 INFO  [org.apa.kaf.cli.con.int.ConsumerCoordinator] (ForkJoinPool.commonPool-worker-2) [Consumer clientId=consumer-Consumer-topic-8b6a8f9d_bd62_4cdd_8e7f_dd7b9abbb66d-1, groupId=Consumer-topic-8b6a8f9d_bd62_4cdd_8e7f_dd7b9abbb66d] Successfully synced group in generation Generation{generationId=1, memberId='consumer-Consumer-topic-8b6a8f9d_bd62_4cdd_8e7f_dd7b9abbb66d-1-039316bb-9667-497b-8849-ce823a137918', protocol='range'}
2025-09-02 18:20:36,523 INFO  [org.apa.kaf.cli.con.int.ConsumerCoordinator] (ForkJoinPool.commonPool-worker-2) [Consumer clientId=consumer-Consumer-topic-8b6a8f9d_bd62_4cdd_8e7f_dd7b9abbb66d-1, groupId=Consumer-topic-8b6a8f9d_bd62_4cdd_8e7f_dd7b9abbb66d] Notifying assignor about the new Assignment(partitions=[topic-8b6a8f9d_bd62_4cdd_8e7f_dd7b9abbb66d-0])
2025-09-02 18:20:36,525 INFO  [org.apa.kaf.cli.con.int.ConsumerRebalanceListenerInvoker] (ForkJoinPool.commonPool-worker-2) [Consumer clientId=consumer-Consumer-topic-8b6a8f9d_bd62_4cdd_8e7f_dd7b9abbb66d-1, groupId=Consumer-topic-8b6a8f9d_bd62_4cdd_8e7f_dd7b9abbb66d] Adding newly assigned partitions: topic-8b6a8f9d_bd62_4cdd_8e7f_dd7b9abbb66d-0
2025-09-02 18:20:36,537 INFO  [org.apa.kaf.cli.con.int.ConsumerCoordinator] (ForkJoinPool.commonPool-worker-2) [Consumer clientId=consumer-Consumer-topic-8b6a8f9d_bd62_4cdd_8e7f_dd7b9abbb66d-1, groupId=Consumer-topic-8b6a8f9d_bd62_4cdd_8e7f_dd7b9abbb66d] Found no committed offset for partition topic-8b6a8f9d_bd62_4cdd_8e7f_dd7b9abbb66d-0
2025-09-02 18:20:36,553 INFO  [org.apa.kaf.cli.con.int.SubscriptionState] (ForkJoinPool.commonPool-worker-2) [Consumer clientId=consumer-Consumer-topic-8b6a8f9d_bd62_4cdd_8e7f_dd7b9abbb66d-1, groupId=Consumer-topic-8b6a8f9d_bd62_4cdd_8e7f_dd7b9abbb66d] Resetting offset for partition topic-8b6a8f9d_bd62_4cdd_8e7f_dd7b9abbb66d-0 to position FetchPosition{offset=0, offsetEpoch=Optional.empty, currentLeader=LeaderAndEpoch{leader=Optional[localhost:32769 (id: 0 rack: null)], epoch=0}}.
2025-09-02 18:20:36,690 INFO  [io.api.tes.ser.api.KafkaSerdesTester] (ForkJoinPool.commonPool-worker-2) topic-8b6a8f9d_bd62_4cdd_8e7f_dd7b9abbb66d 0 0 {"key11756837232263": "value-0"}
2025-09-02 18:20:36,690 INFO  [io.api.tes.ser.api.KafkaSerdesTester] (ForkJoinPool.commonPool-worker-2) topic-8b6a8f9d_bd62_4cdd_8e7f_dd7b9abbb66d 0 1 {"key11756837232263": "value-1"}
2025-09-02 18:20:36,690 INFO  [io.api.tes.ser.api.KafkaSerdesTester] (ForkJoinPool.commonPool-worker-2) topic-8b6a8f9d_bd62_4cdd_8e7f_dd7b9abbb66d 0 2 {"key11756837232263": "value-2"}
2025-09-02 18:20:36,690 INFO  [io.api.tes.ser.api.KafkaSerdesTester] (ForkJoinPool.commonPool-worker-2) topic-8b6a8f9d_bd62_4cdd_8e7f_dd7b9abbb66d 0 3 {"key11756837232263": "value-3"}
2025-09-02 18:20:36,691 INFO  [io.api.tes.ser.api.KafkaSerdesTester] (ForkJoinPool.commonPool-worker-2) topic-8b6a8f9d_bd62_4cdd_8e7f_dd7b9abbb66d 0 4 {"key11756837232263": "value-4"}
2025-09-02 18:20:36,691 INFO  [io.api.tes.ser.api.KafkaSerdesTester] (ForkJoinPool.commonPool-worker-2) topic-8b6a8f9d_bd62_4cdd_8e7f_dd7b9abbb66d 0 5 {"key11756837232263": "value-5"}
2025-09-02 18:20:36,691 INFO  [io.api.tes.ser.api.KafkaSerdesTester] (ForkJoinPool.commonPool-worker-2) topic-8b6a8f9d_bd62_4cdd_8e7f_dd7b9abbb66d 0 6 {"key11756837232263": "value-6"}
2025-09-02 18:20:36,691 INFO  [io.api.tes.ser.api.KafkaSerdesTester] (ForkJoinPool.commonPool-worker-2) topic-8b6a8f9d_bd62_4cdd_8e7f_dd7b9abbb66d 0 7 {"key11756837232263": "value-7"}
2025-09-02 18:20:36,691 INFO  [io.api.tes.ser.api.KafkaSerdesTester] (ForkJoinPool.commonPool-worker-2) topic-8b6a8f9d_bd62_4cdd_8e7f_dd7b9abbb66d 0 8 {"key11756837232263": "value-8"}
2025-09-02 18:20:36,691 INFO  [io.api.tes.ser.api.KafkaSerdesTester] (ForkJoinPool.commonPool-worker-2) topic-8b6a8f9d_bd62_4cdd_8e7f_dd7b9abbb66d 0 9 {"key11756837232263": "value-9"}
2025-09-02 18:20:36,691 INFO  [io.api.tes.ser.api.KafkaSerdesTester] (ForkJoinPool.commonPool-worker-2) Consumed 10 messages
2025-09-02 18:20:36,707 INFO  [org.apa.kaf.cli.con.int.ConsumerRebalanceListenerInvoker] (ForkJoinPool.commonPool-worker-2) [Consumer clientId=consumer-Consumer-topic-8b6a8f9d_bd62_4cdd_8e7f_dd7b9abbb66d-1, groupId=Consumer-topic-8b6a8f9d_bd62_4cdd_8e7f_dd7b9abbb66d] Revoke previously assigned partitions topic-8b6a8f9d_bd62_4cdd_8e7f_dd7b9abbb66d-0
2025-09-02 18:20:36,707 INFO  [org.apa.kaf.cli.con.int.ConsumerCoordinator] (ForkJoinPool.commonPool-worker-2) [Consumer clientId=consumer-Consumer-topic-8b6a8f9d_bd62_4cdd_8e7f_dd7b9abbb66d-1, groupId=Consumer-topic-8b6a8f9d_bd62_4cdd_8e7f_dd7b9abbb66d] Member consumer-Consumer-topic-8b6a8f9d_bd62_4cdd_8e7f_dd7b9abbb66d-1-039316bb-9667-497b-8849-ce823a137918 sending LeaveGroup request to coordinator localhost:32769 (id: 2147483647 rack: null) due to the consumer is being closed
2025-09-02 18:20:36,708 INFO  [org.apa.kaf.cli.con.int.ConsumerCoordinator] (ForkJoinPool.commonPool-worker-2) [Consumer clientId=consumer-Consumer-topic-8b6a8f9d_bd62_4cdd_8e7f_dd7b9abbb66d-1, groupId=Consumer-topic-8b6a8f9d_bd62_4cdd_8e7f_dd7b9abbb66d] Resetting generation and member id due to: consumer pro-actively leaving the group
2025-09-02 18:20:36,708 INFO  [org.apa.kaf.cli.con.int.ConsumerCoordinator] (ForkJoinPool.commonPool-worker-2) [Consumer clientId=consumer-Consumer-topic-8b6a8f9d_bd62_4cdd_8e7f_dd7b9abbb66d-1, groupId=Consumer-topic-8b6a8f9d_bd62_4cdd_8e7f_dd7b9abbb66d] Request joining group due to: consumer pro-actively leaving the group
2025-09-02 18:20:37,201 INFO  [org.apa.kaf.com.met.Metrics] (ForkJoinPool.commonPool-worker-2) Metrics scheduler closed
2025-09-02 18:20:37,201 INFO  [org.apa.kaf.com.met.Metrics] (ForkJoinPool.commonPool-worker-2) Closing reporter org.apache.kafka.common.metrics.JmxReporter
2025-09-02 18:20:37,201 INFO  [org.apa.kaf.com.met.Metrics] (ForkJoinPool.commonPool-worker-2) Closing reporter org.apache.kafka.common.telemetry.internals.ClientTelemetryReporter
2025-09-02 18:20:37,201 INFO  [org.apa.kaf.com.met.Metrics] (ForkJoinPool.commonPool-worker-2) Metrics reporters closed
2025-09-02 18:20:37,205 INFO  [org.apa.kaf.com.uti.AppInfoParser] (ForkJoinPool.commonPool-worker-2) App info kafka.consumer for consumer-Consumer-topic-8b6a8f9d_bd62_4cdd_8e7f_dd7b9abbb66d-1 unregistered
2025-09-02 18:20:37,205 INFO  [io.api.tes.uti.TestSeparator] (main) io.apicurio.tests.serdes.apicurio.AvroSerdeIT.testGlobalIdInHeaders-FINISHED
2025-09-02 18:20:37,205 INFO  [io.api.tes.uti.TestSeparator] (main) ############################################################################
Test passed: testGlobalIdInHeaders
]]></system-out>
  </testcase>
  <testcase name="testSimpleTopicIdStrategyFindLatest" classname="io.apicurio.tests.serdes.apicurio.AvroSerdeIT" time="4.958">
    <system-out><![CDATA[2025-09-02 18:20:37,208 INFO  [io.api.tes.uti.TestSeparator] (main) ############################################################################
2025-09-02 18:20:37,208 INFO  [io.api.tes.uti.TestSeparator] (main) io.apicurio.tests.serdes.apicurio.AvroSerdeIT.testSimpleTopicIdStrategyFindLatest-STARTED
2025-09-02 18:20:37,208 INFO  [io.api.tes.ser.api.AvroSerdeIT] (main) Registering Avro Schema: {"type":"record","name":"myrecordapicurio1","fields":[{"name":"key11756837237208","type":"string"}]}
**** Registry Base URL: http://registry-app-mysql.apps.ci419.apicurio-testing.org:80
2025-09-02 18:20:38,343 INFO  [org.apa.kaf.cli.pro.ProducerConfig] (main) ProducerConfig values: 
	acks = -1
	auto.include.jmx.reporter = true
	batch.size = 16384
	bootstrap.servers = [PLAINTEXT://localhost:32769]
	buffer.memory = 33554432
	client.dns.lookup = use_all_dns_ips
	client.id = Producer-topic-fa202ae7_b3db_4e81_b3e0_f85a19811a32
	compression.gzip.level = -1
	compression.lz4.level = 9
	compression.type = none
	compression.zstd.level = 3
	connections.max.idle.ms = 10000
	delivery.timeout.ms = 120000
	enable.idempotence = true
	enable.metrics.push = true
	interceptor.classes = []
	key.serializer = class org.apache.kafka.common.serialization.StringSerializer
	linger.ms = 0
	max.block.ms = 60000
	max.in.flight.requests.per.connection = 5
	max.request.size = 1048576
	metadata.max.age.ms = 300000
	metadata.max.idle.ms = 300000
	metadata.recovery.strategy = none
	metric.reporters = []
	metrics.num.samples = 2
	metrics.recording.level = INFO
	metrics.sample.window.ms = 30000
	partitioner.adaptive.partitioning.enable = true
	partitioner.availability.timeout.ms = 0
	partitioner.class = null
	partitioner.ignore.keys = false
	receive.buffer.bytes = 32768
	reconnect.backoff.max.ms = 1000
	reconnect.backoff.ms = 50
	request.timeout.ms = 5000
	retries = 2147483647
	retry.backoff.max.ms = 1000
	retry.backoff.ms = 100
	sasl.client.callback.handler.class = null
	sasl.jaas.config = null
	sasl.kerberos.kinit.cmd = /usr/bin/kinit
	sasl.kerberos.min.time.before.relogin = 60000
	sasl.kerberos.service.name = null
	sasl.kerberos.ticket.renew.jitter = 0.05
	sasl.kerberos.ticket.renew.window.factor = 0.8
	sasl.login.callback.handler.class = null
	sasl.login.class = null
	sasl.login.connect.timeout.ms = null
	sasl.login.read.timeout.ms = null
	sasl.login.refresh.buffer.seconds = 300
	sasl.login.refresh.min.period.seconds = 60
	sasl.login.refresh.window.factor = 0.8
	sasl.login.refresh.window.jitter = 0.05
	sasl.login.retry.backoff.max.ms = 10000
	sasl.login.retry.backoff.ms = 100
	sasl.mechanism = GSSAPI
	sasl.oauthbearer.clock.skew.seconds = 30
	sasl.oauthbearer.expected.audience = null
	sasl.oauthbearer.expected.issuer = null
	sasl.oauthbearer.header.urlencode = false
	sasl.oauthbearer.jwks.endpoint.refresh.ms = 3600000
	sasl.oauthbearer.jwks.endpoint.retry.backoff.max.ms = 10000
	sasl.oauthbearer.jwks.endpoint.retry.backoff.ms = 100
	sasl.oauthbearer.jwks.endpoint.url = null
	sasl.oauthbearer.scope.claim.name = scope
	sasl.oauthbearer.sub.claim.name = sub
	sasl.oauthbearer.token.endpoint.url = null
	security.protocol = PLAINTEXT
	security.providers = null
	send.buffer.bytes = 131072
	socket.connection.setup.timeout.max.ms = 30000
	socket.connection.setup.timeout.ms = 10000
	ssl.cipher.suites = null
	ssl.enabled.protocols = [TLSv1.2, TLSv1.3]
	ssl.endpoint.identification.algorithm = https
	ssl.engine.factory.class = null
	ssl.key.password = null
	ssl.keymanager.algorithm = SunX509
	ssl.keystore.certificate.chain = null
	ssl.keystore.key = null
	ssl.keystore.location = null
	ssl.keystore.password = null
	ssl.keystore.type = JKS
	ssl.protocol = TLSv1.3
	ssl.provider = null
	ssl.secure.random.implementation = null
	ssl.trustmanager.algorithm = PKIX
	ssl.truststore.certificates = null
	ssl.truststore.location = null
	ssl.truststore.password = null
	ssl.truststore.type = JKS
	transaction.timeout.ms = 60000
	transactional.id = null
	value.serializer = class io.apicurio.registry.serde.avro.AvroKafkaSerializer

2025-09-02 18:20:38,343 INFO  [org.apa.kaf.com.tel.int.KafkaMetricsCollector] (main) initializing Kafka metrics collector
2025-09-02 18:20:38,347 INFO  [org.apa.kaf.cli.pro.KafkaProducer] (main) [Producer clientId=Producer-topic-fa202ae7_b3db_4e81_b3e0_f85a19811a32] Instantiated an idempotent producer.
2025-09-02 18:20:38,351 INFO  [org.apa.kaf.cli.pro.ProducerConfig] (main) These configurations '[apicurio.registry.find-latest, apicurio.registry.artifact.group-id, apicurio.registry.url, apicurio.registry.artifact-resolver-strategy]' were supplied but are not used yet.
2025-09-02 18:20:38,351 INFO  [org.apa.kaf.com.uti.AppInfoParser] (main) Kafka version: 3.9.1
2025-09-02 18:20:38,352 INFO  [org.apa.kaf.com.uti.AppInfoParser] (main) Kafka commitId: f745dfdcee2b9851
2025-09-02 18:20:38,352 INFO  [org.apa.kaf.com.uti.AppInfoParser] (main) Kafka startTimeMs: 1756837238351
2025-09-02 18:20:38,352 INFO  [io.api.tes.ser.api.SimpleSerdesTesterBuilder$SimpleSerdesTester] (main) Using producer configuration: {apicurio.registry.find-latest=true, apicurio.registry.artifact.group-id=topic-fa202ae7_b3db_4e81_b3e0_f85a19811a32, apicurio.registry.url=http://registry-app-mysql.apps.ci419.apicurio-testing.org:80/apis/registry/v3, apicurio.registry.artifact-resolver-strategy=io.apicurio.registry.serde.strategy.SimpleTopicIdStrategy, value.serializer=io.apicurio.registry.serde.avro.AvroKafkaSerializer, request.timeout.ms=5000, acks=all, bootstrap.servers=PLAINTEXT://localhost:32769, connections.max.idle.ms=10000, key.serializer=org.apache.kafka.common.serialization.StringSerializer, client.id=Producer-topic-fa202ae7_b3db_4e81_b3e0_f85a19811a32}
2025-09-02 18:20:38,352 INFO  [io.api.tes.ser.api.SimpleSerdesTesterBuilder$SimpleSerdesTester] (main) Using consumer configuration: {}
2025-09-02 18:20:38,352 INFO  [io.api.tes.ser.api.KafkaSerdesTester] (ForkJoinPool.commonPool-worker-2) Sending message {"key11756837237208": "value-0"} to topic topic-fa202ae7_b3db_4e81_b3e0_f85a19811a32
2025-09-02 18:20:38,358 INFO  [org.apa.kaf.cli.Metadata] (kafka-producer-network-thread | Producer-topic-fa202ae7_b3db_4e81_b3e0_f85a19811a32) [Producer clientId=Producer-topic-fa202ae7_b3db_4e81_b3e0_f85a19811a32] Cluster ID: zhgBwCfeQnC1PCRKjnRbQg
2025-09-02 18:20:38,358 INFO  [org.apa.kaf.cli.pro.int.TransactionManager] (kafka-producer-network-thread | Producer-topic-fa202ae7_b3db_4e81_b3e0_f85a19811a32) [Producer clientId=Producer-topic-fa202ae7_b3db_4e81_b3e0_f85a19811a32] ProducerId set to 1 with epoch 0
2025-09-02 18:20:38,500 INFO  [io.api.tes.ser.api.KafkaSerdesTester] (ForkJoinPool.commonPool-worker-2) Sending message {"key11756837237208": "value-1"} to topic topic-fa202ae7_b3db_4e81_b3e0_f85a19811a32
2025-09-02 18:20:38,503 INFO  [io.api.tes.ser.api.KafkaSerdesTester] (ForkJoinPool.commonPool-worker-2) Sending message {"key11756837237208": "value-2"} to topic topic-fa202ae7_b3db_4e81_b3e0_f85a19811a32
2025-09-02 18:20:38,505 INFO  [io.api.tes.ser.api.KafkaSerdesTester] (ForkJoinPool.commonPool-worker-2) Sending message {"key11756837237208": "value-3"} to topic topic-fa202ae7_b3db_4e81_b3e0_f85a19811a32
2025-09-02 18:20:38,507 INFO  [io.api.tes.ser.api.KafkaSerdesTester] (ForkJoinPool.commonPool-worker-2) Sending message {"key11756837237208": "value-4"} to topic topic-fa202ae7_b3db_4e81_b3e0_f85a19811a32
2025-09-02 18:20:38,508 INFO  [io.api.tes.ser.api.KafkaSerdesTester] (ForkJoinPool.commonPool-worker-2) Sending message {"key11756837237208": "value-5"} to topic topic-fa202ae7_b3db_4e81_b3e0_f85a19811a32
2025-09-02 18:20:38,510 INFO  [io.api.tes.ser.api.KafkaSerdesTester] (ForkJoinPool.commonPool-worker-2) Sending message {"key11756837237208": "value-6"} to topic topic-fa202ae7_b3db_4e81_b3e0_f85a19811a32
2025-09-02 18:20:38,512 INFO  [io.api.tes.ser.api.KafkaSerdesTester] (ForkJoinPool.commonPool-worker-2) Sending message {"key11756837237208": "value-7"} to topic topic-fa202ae7_b3db_4e81_b3e0_f85a19811a32
2025-09-02 18:20:38,514 INFO  [io.api.tes.ser.api.KafkaSerdesTester] (ForkJoinPool.commonPool-worker-2) Sending message {"key11756837237208": "value-8"} to topic topic-fa202ae7_b3db_4e81_b3e0_f85a19811a32
2025-09-02 18:20:38,516 INFO  [io.api.tes.ser.api.KafkaSerdesTester] (ForkJoinPool.commonPool-worker-2) Sending message {"key11756837237208": "value-9"} to topic topic-fa202ae7_b3db_4e81_b3e0_f85a19811a32
2025-09-02 18:20:38,518 INFO  [io.api.tes.ser.api.KafkaSerdesTester] (ForkJoinPool.commonPool-worker-2) Produced 10 messages
2025-09-02 18:20:38,518 INFO  [org.apa.kaf.cli.pro.KafkaProducer] (ForkJoinPool.commonPool-worker-2) [Producer clientId=Producer-topic-fa202ae7_b3db_4e81_b3e0_f85a19811a32] Closing the Kafka producer with timeoutMillis = 9223372036854775807 ms.
2025-09-02 18:20:38,522 INFO  [org.apa.kaf.com.met.Metrics] (ForkJoinPool.commonPool-worker-2) Metrics scheduler closed
2025-09-02 18:20:38,522 INFO  [org.apa.kaf.com.met.Metrics] (ForkJoinPool.commonPool-worker-2) Closing reporter org.apache.kafka.common.metrics.JmxReporter
2025-09-02 18:20:38,522 INFO  [org.apa.kaf.com.met.Metrics] (ForkJoinPool.commonPool-worker-2) Closing reporter org.apache.kafka.common.telemetry.internals.ClientTelemetryReporter
2025-09-02 18:20:38,522 INFO  [org.apa.kaf.com.met.Metrics] (ForkJoinPool.commonPool-worker-2) Metrics reporters closed
2025-09-02 18:20:38,522 INFO  [org.apa.kaf.com.uti.AppInfoParser] (ForkJoinPool.commonPool-worker-2) App info kafka.producer for Producer-topic-fa202ae7_b3db_4e81_b3e0_f85a19811a32 unregistered
**** Registry Base URL: http://registry-app-mysql.apps.ci419.apicurio-testing.org:80
2025-09-02 18:20:38,523 INFO  [org.apa.kaf.cli.con.ConsumerConfig] (main) ConsumerConfig values: 
	allow.auto.create.topics = true
	auto.commit.interval.ms = 500
	auto.include.jmx.reporter = true
	auto.offset.reset = earliest
	bootstrap.servers = [PLAINTEXT://localhost:32769]
	check.crcs = true
	client.dns.lookup = use_all_dns_ips
	client.id = consumer-Consumer-topic-fa202ae7_b3db_4e81_b3e0_f85a19811a32-2
	client.rack = 
	connections.max.idle.ms = 10000
	default.api.timeout.ms = 60000
	enable.auto.commit = true
	enable.metrics.push = true
	exclude.internal.topics = true
	fetch.max.bytes = 52428800
	fetch.max.wait.ms = 500
	fetch.min.bytes = 1
	group.id = Consumer-topic-fa202ae7_b3db_4e81_b3e0_f85a19811a32
	group.instance.id = null
	group.protocol = classic
	group.remote.assignor = null
	heartbeat.interval.ms = 3000
	interceptor.classes = []
	internal.leave.group.on.close = true
	internal.throw.on.fetch.stable.offset.unsupported = false
	isolation.level = read_uncommitted
	key.deserializer = class org.apache.kafka.common.serialization.StringDeserializer
	max.partition.fetch.bytes = 1048576
	max.poll.interval.ms = 300000
	max.poll.records = 500
	metadata.max.age.ms = 300000
	metadata.recovery.strategy = none
	metric.reporters = []
	metrics.num.samples = 2
	metrics.recording.level = INFO
	metrics.sample.window.ms = 30000
	partition.assignment.strategy = [class org.apache.kafka.clients.consumer.RangeAssignor, class org.apache.kafka.clients.consumer.CooperativeStickyAssignor]
	receive.buffer.bytes = 65536
	reconnect.backoff.max.ms = 1000
	reconnect.backoff.ms = 50
	request.timeout.ms = 5000
	retry.backoff.max.ms = 1000
	retry.backoff.ms = 100
	sasl.client.callback.handler.class = null
	sasl.jaas.config = null
	sasl.kerberos.kinit.cmd = /usr/bin/kinit
	sasl.kerberos.min.time.before.relogin = 60000
	sasl.kerberos.service.name = null
	sasl.kerberos.ticket.renew.jitter = 0.05
	sasl.kerberos.ticket.renew.window.factor = 0.8
	sasl.login.callback.handler.class = null
	sasl.login.class = null
	sasl.login.connect.timeout.ms = null
	sasl.login.read.timeout.ms = null
	sasl.login.refresh.buffer.seconds = 300
	sasl.login.refresh.min.period.seconds = 60
	sasl.login.refresh.window.factor = 0.8
	sasl.login.refresh.window.jitter = 0.05
	sasl.login.retry.backoff.max.ms = 10000
	sasl.login.retry.backoff.ms = 100
	sasl.mechanism = GSSAPI
	sasl.oauthbearer.clock.skew.seconds = 30
	sasl.oauthbearer.expected.audience = null
	sasl.oauthbearer.expected.issuer = null
	sasl.oauthbearer.header.urlencode = false
	sasl.oauthbearer.jwks.endpoint.refresh.ms = 3600000
	sasl.oauthbearer.jwks.endpoint.retry.backoff.max.ms = 10000
	sasl.oauthbearer.jwks.endpoint.retry.backoff.ms = 100
	sasl.oauthbearer.jwks.endpoint.url = null
	sasl.oauthbearer.scope.claim.name = scope
	sasl.oauthbearer.sub.claim.name = sub
	sasl.oauthbearer.token.endpoint.url = null
	security.protocol = PLAINTEXT
	security.providers = null
	send.buffer.bytes = 131072
	session.timeout.ms = 45000
	socket.connection.setup.timeout.max.ms = 30000
	socket.connection.setup.timeout.ms = 10000
	ssl.cipher.suites = null
	ssl.enabled.protocols = [TLSv1.2, TLSv1.3]
	ssl.endpoint.identification.algorithm = https
	ssl.engine.factory.class = null
	ssl.key.password = null
	ssl.keymanager.algorithm = SunX509
	ssl.keystore.certificate.chain = null
	ssl.keystore.key = null
	ssl.keystore.location = null
	ssl.keystore.password = null
	ssl.keystore.type = JKS
	ssl.protocol = TLSv1.3
	ssl.provider = null
	ssl.secure.random.implementation = null
	ssl.trustmanager.algorithm = PKIX
	ssl.truststore.certificates = null
	ssl.truststore.location = null
	ssl.truststore.password = null
	ssl.truststore.type = JKS
	value.deserializer = class io.apicurio.registry.serde.avro.AvroKafkaDeserializer

2025-09-02 18:20:38,524 INFO  [org.apa.kaf.com.tel.int.KafkaMetricsCollector] (main) initializing Kafka metrics collector
2025-09-02 18:20:38,531 INFO  [org.apa.kaf.cli.con.ConsumerConfig] (main) These configurations '[apicurio.registry.url]' were supplied but are not used yet.
2025-09-02 18:20:38,531 INFO  [org.apa.kaf.com.uti.AppInfoParser] (main) Kafka version: 3.9.1
2025-09-02 18:20:38,531 INFO  [org.apa.kaf.com.uti.AppInfoParser] (main) Kafka commitId: f745dfdcee2b9851
2025-09-02 18:20:38,531 INFO  [org.apa.kaf.com.uti.AppInfoParser] (main) Kafka startTimeMs: 1756837238531
2025-09-02 18:20:38,531 INFO  [org.apa.kaf.cli.con.int.ClassicKafkaConsumer] (ForkJoinPool.commonPool-worker-2) [Consumer clientId=consumer-Consumer-topic-fa202ae7_b3db_4e81_b3e0_f85a19811a32-2, groupId=Consumer-topic-fa202ae7_b3db_4e81_b3e0_f85a19811a32] Subscribed to topic(s): topic-fa202ae7_b3db_4e81_b3e0_f85a19811a32
2025-09-02 18:20:38,536 INFO  [org.apa.kaf.cli.Metadata] (ForkJoinPool.commonPool-worker-2) [Consumer clientId=consumer-Consumer-topic-fa202ae7_b3db_4e81_b3e0_f85a19811a32-2, groupId=Consumer-topic-fa202ae7_b3db_4e81_b3e0_f85a19811a32] Cluster ID: zhgBwCfeQnC1PCRKjnRbQg
2025-09-02 18:20:38,537 INFO  [org.apa.kaf.cli.con.int.ConsumerCoordinator] (ForkJoinPool.commonPool-worker-2) [Consumer clientId=consumer-Consumer-topic-fa202ae7_b3db_4e81_b3e0_f85a19811a32-2, groupId=Consumer-topic-fa202ae7_b3db_4e81_b3e0_f85a19811a32] Discovered group coordinator localhost:32769 (id: 2147483647 rack: null)
2025-09-02 18:20:38,538 INFO  [org.apa.kaf.cli.con.int.ConsumerCoordinator] (ForkJoinPool.commonPool-worker-2) [Consumer clientId=consumer-Consumer-topic-fa202ae7_b3db_4e81_b3e0_f85a19811a32-2, groupId=Consumer-topic-fa202ae7_b3db_4e81_b3e0_f85a19811a32] (Re-)joining group
2025-09-02 18:20:38,542 INFO  [org.apa.kaf.cli.con.int.ConsumerCoordinator] (ForkJoinPool.commonPool-worker-2) [Consumer clientId=consumer-Consumer-topic-fa202ae7_b3db_4e81_b3e0_f85a19811a32-2, groupId=Consumer-topic-fa202ae7_b3db_4e81_b3e0_f85a19811a32] Request joining group due to: need to re-join with the given member-id: consumer-Consumer-topic-fa202ae7_b3db_4e81_b3e0_f85a19811a32-2-2f5fb26c-d6bd-4a2b-ad2d-6e2e2a2fef39
2025-09-02 18:20:38,543 INFO  [org.apa.kaf.cli.con.int.ConsumerCoordinator] (ForkJoinPool.commonPool-worker-2) [Consumer clientId=consumer-Consumer-topic-fa202ae7_b3db_4e81_b3e0_f85a19811a32-2, groupId=Consumer-topic-fa202ae7_b3db_4e81_b3e0_f85a19811a32] (Re-)joining group
2025-09-02 18:20:39,531 INFO  [io.api.tes.ser.api.KafkaSerdesTester] (ForkJoinPool.commonPool-worker-2) None found
2025-09-02 18:20:40,531 INFO  [io.api.tes.ser.api.KafkaSerdesTester] (ForkJoinPool.commonPool-worker-2) None found
2025-09-02 18:20:41,531 INFO  [io.api.tes.ser.api.KafkaSerdesTester] (ForkJoinPool.commonPool-worker-2) None found
2025-09-02 18:20:41,546 INFO  [org.apa.kaf.cli.con.int.ConsumerCoordinator] (ForkJoinPool.commonPool-worker-2) [Consumer clientId=consumer-Consumer-topic-fa202ae7_b3db_4e81_b3e0_f85a19811a32-2, groupId=Consumer-topic-fa202ae7_b3db_4e81_b3e0_f85a19811a32] Successfully joined group with generation Generation{generationId=1, memberId='consumer-Consumer-topic-fa202ae7_b3db_4e81_b3e0_f85a19811a32-2-2f5fb26c-d6bd-4a2b-ad2d-6e2e2a2fef39', protocol='range'}
2025-09-02 18:20:41,546 INFO  [org.apa.kaf.cli.con.int.ConsumerCoordinator] (ForkJoinPool.commonPool-worker-2) [Consumer clientId=consumer-Consumer-topic-fa202ae7_b3db_4e81_b3e0_f85a19811a32-2, groupId=Consumer-topic-fa202ae7_b3db_4e81_b3e0_f85a19811a32] Finished assignment for group at generation 1: {consumer-Consumer-topic-fa202ae7_b3db_4e81_b3e0_f85a19811a32-2-2f5fb26c-d6bd-4a2b-ad2d-6e2e2a2fef39=Assignment(partitions=[topic-fa202ae7_b3db_4e81_b3e0_f85a19811a32-0])}
2025-09-02 18:20:41,554 INFO  [org.apa.kaf.cli.con.int.ConsumerCoordinator] (ForkJoinPool.commonPool-worker-2) [Consumer clientId=consumer-Consumer-topic-fa202ae7_b3db_4e81_b3e0_f85a19811a32-2, groupId=Consumer-topic-fa202ae7_b3db_4e81_b3e0_f85a19811a32] Successfully synced group in generation Generation{generationId=1, memberId='consumer-Consumer-topic-fa202ae7_b3db_4e81_b3e0_f85a19811a32-2-2f5fb26c-d6bd-4a2b-ad2d-6e2e2a2fef39', protocol='range'}
2025-09-02 18:20:41,554 INFO  [org.apa.kaf.cli.con.int.ConsumerCoordinator] (ForkJoinPool.commonPool-worker-2) [Consumer clientId=consumer-Consumer-topic-fa202ae7_b3db_4e81_b3e0_f85a19811a32-2, groupId=Consumer-topic-fa202ae7_b3db_4e81_b3e0_f85a19811a32] Notifying assignor about the new Assignment(partitions=[topic-fa202ae7_b3db_4e81_b3e0_f85a19811a32-0])
2025-09-02 18:20:41,554 INFO  [org.apa.kaf.cli.con.int.ConsumerRebalanceListenerInvoker] (ForkJoinPool.commonPool-worker-2) [Consumer clientId=consumer-Consumer-topic-fa202ae7_b3db_4e81_b3e0_f85a19811a32-2, groupId=Consumer-topic-fa202ae7_b3db_4e81_b3e0_f85a19811a32] Adding newly assigned partitions: topic-fa202ae7_b3db_4e81_b3e0_f85a19811a32-0
2025-09-02 18:20:41,556 INFO  [org.apa.kaf.cli.con.int.ConsumerCoordinator] (ForkJoinPool.commonPool-worker-2) [Consumer clientId=consumer-Consumer-topic-fa202ae7_b3db_4e81_b3e0_f85a19811a32-2, groupId=Consumer-topic-fa202ae7_b3db_4e81_b3e0_f85a19811a32] Found no committed offset for partition topic-fa202ae7_b3db_4e81_b3e0_f85a19811a32-0
2025-09-02 18:20:41,560 INFO  [org.apa.kaf.cli.con.int.SubscriptionState] (ForkJoinPool.commonPool-worker-2) [Consumer clientId=consumer-Consumer-topic-fa202ae7_b3db_4e81_b3e0_f85a19811a32-2, groupId=Consumer-topic-fa202ae7_b3db_4e81_b3e0_f85a19811a32] Resetting offset for partition topic-fa202ae7_b3db_4e81_b3e0_f85a19811a32-0 to position FetchPosition{offset=0, offsetEpoch=Optional.empty, currentLeader=LeaderAndEpoch{leader=Optional[localhost:32769 (id: 0 rack: null)], epoch=0}}.
2025-09-02 18:20:41,657 INFO  [io.api.tes.ser.api.KafkaSerdesTester] (ForkJoinPool.commonPool-worker-2) topic-fa202ae7_b3db_4e81_b3e0_f85a19811a32 0 0 {"key11756837237208": "value-0"}
2025-09-02 18:20:41,658 INFO  [io.api.tes.ser.api.KafkaSerdesTester] (ForkJoinPool.commonPool-worker-2) topic-fa202ae7_b3db_4e81_b3e0_f85a19811a32 0 1 {"key11756837237208": "value-1"}
2025-09-02 18:20:41,658 INFO  [io.api.tes.ser.api.KafkaSerdesTester] (ForkJoinPool.commonPool-worker-2) topic-fa202ae7_b3db_4e81_b3e0_f85a19811a32 0 2 {"key11756837237208": "value-2"}
2025-09-02 18:20:41,658 INFO  [io.api.tes.ser.api.KafkaSerdesTester] (ForkJoinPool.commonPool-worker-2) topic-fa202ae7_b3db_4e81_b3e0_f85a19811a32 0 3 {"key11756837237208": "value-3"}
2025-09-02 18:20:41,658 INFO  [io.api.tes.ser.api.KafkaSerdesTester] (ForkJoinPool.commonPool-worker-2) topic-fa202ae7_b3db_4e81_b3e0_f85a19811a32 0 4 {"key11756837237208": "value-4"}
2025-09-02 18:20:41,658 INFO  [io.api.tes.ser.api.KafkaSerdesTester] (ForkJoinPool.commonPool-worker-2) topic-fa202ae7_b3db_4e81_b3e0_f85a19811a32 0 5 {"key11756837237208": "value-5"}
2025-09-02 18:20:41,658 INFO  [io.api.tes.ser.api.KafkaSerdesTester] (ForkJoinPool.commonPool-worker-2) topic-fa202ae7_b3db_4e81_b3e0_f85a19811a32 0 6 {"key11756837237208": "value-6"}
2025-09-02 18:20:41,658 INFO  [io.api.tes.ser.api.KafkaSerdesTester] (ForkJoinPool.commonPool-worker-2) topic-fa202ae7_b3db_4e81_b3e0_f85a19811a32 0 7 {"key11756837237208": "value-7"}
2025-09-02 18:20:41,658 INFO  [io.api.tes.ser.api.KafkaSerdesTester] (ForkJoinPool.commonPool-worker-2) topic-fa202ae7_b3db_4e81_b3e0_f85a19811a32 0 8 {"key11756837237208": "value-8"}
2025-09-02 18:20:41,658 INFO  [io.api.tes.ser.api.KafkaSerdesTester] (ForkJoinPool.commonPool-worker-2) topic-fa202ae7_b3db_4e81_b3e0_f85a19811a32 0 9 {"key11756837237208": "value-9"}
2025-09-02 18:20:41,659 INFO  [io.api.tes.ser.api.KafkaSerdesTester] (ForkJoinPool.commonPool-worker-2) Consumed 10 messages
2025-09-02 18:20:41,667 INFO  [org.apa.kaf.cli.con.int.ConsumerRebalanceListenerInvoker] (ForkJoinPool.commonPool-worker-2) [Consumer clientId=consumer-Consumer-topic-fa202ae7_b3db_4e81_b3e0_f85a19811a32-2, groupId=Consumer-topic-fa202ae7_b3db_4e81_b3e0_f85a19811a32] Revoke previously assigned partitions topic-fa202ae7_b3db_4e81_b3e0_f85a19811a32-0
2025-09-02 18:20:41,667 INFO  [org.apa.kaf.cli.con.int.ConsumerCoordinator] (ForkJoinPool.commonPool-worker-2) [Consumer clientId=consumer-Consumer-topic-fa202ae7_b3db_4e81_b3e0_f85a19811a32-2, groupId=Consumer-topic-fa202ae7_b3db_4e81_b3e0_f85a19811a32] Member consumer-Consumer-topic-fa202ae7_b3db_4e81_b3e0_f85a19811a32-2-2f5fb26c-d6bd-4a2b-ad2d-6e2e2a2fef39 sending LeaveGroup request to coordinator localhost:32769 (id: 2147483647 rack: null) due to the consumer is being closed
2025-09-02 18:20:41,668 INFO  [org.apa.kaf.cli.con.int.ConsumerCoordinator] (ForkJoinPool.commonPool-worker-2) [Consumer clientId=consumer-Consumer-topic-fa202ae7_b3db_4e81_b3e0_f85a19811a32-2, groupId=Consumer-topic-fa202ae7_b3db_4e81_b3e0_f85a19811a32] Resetting generation and member id due to: consumer pro-actively leaving the group
2025-09-02 18:20:41,668 INFO  [org.apa.kaf.cli.con.int.ConsumerCoordinator] (ForkJoinPool.commonPool-worker-2) [Consumer clientId=consumer-Consumer-topic-fa202ae7_b3db_4e81_b3e0_f85a19811a32-2, groupId=Consumer-topic-fa202ae7_b3db_4e81_b3e0_f85a19811a32] Request joining group due to: consumer pro-actively leaving the group
2025-09-02 18:20:42,161 INFO  [org.apa.kaf.com.met.Metrics] (ForkJoinPool.commonPool-worker-2) Metrics scheduler closed
2025-09-02 18:20:42,161 INFO  [org.apa.kaf.com.met.Metrics] (ForkJoinPool.commonPool-worker-2) Closing reporter org.apache.kafka.common.metrics.JmxReporter
2025-09-02 18:20:42,162 INFO  [org.apa.kaf.com.met.Metrics] (ForkJoinPool.commonPool-worker-2) Closing reporter org.apache.kafka.common.telemetry.internals.ClientTelemetryReporter
2025-09-02 18:20:42,162 INFO  [org.apa.kaf.com.met.Metrics] (ForkJoinPool.commonPool-worker-2) Metrics reporters closed
2025-09-02 18:20:42,164 INFO  [org.apa.kaf.com.uti.AppInfoParser] (ForkJoinPool.commonPool-worker-2) App info kafka.consumer for consumer-Consumer-topic-fa202ae7_b3db_4e81_b3e0_f85a19811a32-2 unregistered
2025-09-02 18:20:42,164 INFO  [io.api.tes.uti.TestSeparator] (main) io.apicurio.tests.serdes.apicurio.AvroSerdeIT.testSimpleTopicIdStrategyFindLatest-FINISHED
2025-09-02 18:20:42,164 INFO  [io.api.tes.uti.TestSeparator] (main) ############################################################################
Test passed: testSimpleTopicIdStrategyFindLatest
]]></system-out>
  </testcase>
  <testcase name="testWrongSchema" classname="io.apicurio.tests.serdes.apicurio.AvroSerdeIT" time="1.199">
    <system-out><![CDATA[2025-09-02 18:20:42,166 INFO  [io.api.tes.uti.TestSeparator] (main) ############################################################################
2025-09-02 18:20:42,166 INFO  [io.api.tes.uti.TestSeparator] (main) io.apicurio.tests.serdes.apicurio.AvroSerdeIT.testWrongSchema-STARTED
**** Registry Base URL: http://registry-app-mysql.apps.ci419.apicurio-testing.org:80
2025-09-02 18:20:43,264 INFO  [org.apa.kaf.cli.pro.ProducerConfig] (main) ProducerConfig values: 
	acks = -1
	auto.include.jmx.reporter = true
	batch.size = 16384
	bootstrap.servers = [PLAINTEXT://localhost:32769]
	buffer.memory = 33554432
	client.dns.lookup = use_all_dns_ips
	client.id = Producer-s442a33eax7fc2x4fddx82a4x212861cb18c2
	compression.gzip.level = -1
	compression.lz4.level = 9
	compression.type = none
	compression.zstd.level = 3
	connections.max.idle.ms = 10000
	delivery.timeout.ms = 120000
	enable.idempotence = true
	enable.metrics.push = true
	interceptor.classes = []
	key.serializer = class org.apache.kafka.common.serialization.StringSerializer
	linger.ms = 0
	max.block.ms = 60000
	max.in.flight.requests.per.connection = 5
	max.request.size = 1048576
	metadata.max.age.ms = 300000
	metadata.max.idle.ms = 300000
	metadata.recovery.strategy = none
	metric.reporters = []
	metrics.num.samples = 2
	metrics.recording.level = INFO
	metrics.sample.window.ms = 30000
	partitioner.adaptive.partitioning.enable = true
	partitioner.availability.timeout.ms = 0
	partitioner.class = null
	partitioner.ignore.keys = false
	receive.buffer.bytes = 32768
	reconnect.backoff.max.ms = 1000
	reconnect.backoff.ms = 50
	request.timeout.ms = 5000
	retries = 2147483647
	retry.backoff.max.ms = 1000
	retry.backoff.ms = 100
	sasl.client.callback.handler.class = null
	sasl.jaas.config = null
	sasl.kerberos.kinit.cmd = /usr/bin/kinit
	sasl.kerberos.min.time.before.relogin = 60000
	sasl.kerberos.service.name = null
	sasl.kerberos.ticket.renew.jitter = 0.05
	sasl.kerberos.ticket.renew.window.factor = 0.8
	sasl.login.callback.handler.class = null
	sasl.login.class = null
	sasl.login.connect.timeout.ms = null
	sasl.login.read.timeout.ms = null
	sasl.login.refresh.buffer.seconds = 300
	sasl.login.refresh.min.period.seconds = 60
	sasl.login.refresh.window.factor = 0.8
	sasl.login.refresh.window.jitter = 0.05
	sasl.login.retry.backoff.max.ms = 10000
	sasl.login.retry.backoff.ms = 100
	sasl.mechanism = GSSAPI
	sasl.oauthbearer.clock.skew.seconds = 30
	sasl.oauthbearer.expected.audience = null
	sasl.oauthbearer.expected.issuer = null
	sasl.oauthbearer.header.urlencode = false
	sasl.oauthbearer.jwks.endpoint.refresh.ms = 3600000
	sasl.oauthbearer.jwks.endpoint.retry.backoff.max.ms = 10000
	sasl.oauthbearer.jwks.endpoint.retry.backoff.ms = 100
	sasl.oauthbearer.jwks.endpoint.url = null
	sasl.oauthbearer.scope.claim.name = scope
	sasl.oauthbearer.sub.claim.name = sub
	sasl.oauthbearer.token.endpoint.url = null
	security.protocol = PLAINTEXT
	security.providers = null
	send.buffer.bytes = 131072
	socket.connection.setup.timeout.max.ms = 30000
	socket.connection.setup.timeout.ms = 10000
	ssl.cipher.suites = null
	ssl.enabled.protocols = [TLSv1.2, TLSv1.3]
	ssl.endpoint.identification.algorithm = https
	ssl.engine.factory.class = null
	ssl.key.password = null
	ssl.keymanager.algorithm = SunX509
	ssl.keystore.certificate.chain = null
	ssl.keystore.key = null
	ssl.keystore.location = null
	ssl.keystore.password = null
	ssl.keystore.type = JKS
	ssl.protocol = TLSv1.3
	ssl.provider = null
	ssl.secure.random.implementation = null
	ssl.trustmanager.algorithm = PKIX
	ssl.truststore.certificates = null
	ssl.truststore.location = null
	ssl.truststore.password = null
	ssl.truststore.type = JKS
	transaction.timeout.ms = 60000
	transactional.id = null
	value.serializer = class io.apicurio.registry.serde.avro.AvroKafkaSerializer

2025-09-02 18:20:43,265 INFO  [org.apa.kaf.com.tel.int.KafkaMetricsCollector] (main) initializing Kafka metrics collector
2025-09-02 18:20:43,268 INFO  [org.apa.kaf.cli.pro.KafkaProducer] (main) [Producer clientId=Producer-s442a33eax7fc2x4fddx82a4x212861cb18c2] Instantiated an idempotent producer.
2025-09-02 18:20:43,270 INFO  [org.apa.kaf.cli.pro.ProducerConfig] (main) These configurations '[apicurio.registry.find-latest, apicurio.registry.url, apicurio.registry.artifact-resolver-strategy]' were supplied but are not used yet.
2025-09-02 18:20:43,270 INFO  [org.apa.kaf.com.uti.AppInfoParser] (main) Kafka version: 3.9.1
2025-09-02 18:20:43,270 INFO  [org.apa.kaf.com.uti.AppInfoParser] (main) Kafka commitId: f745dfdcee2b9851
2025-09-02 18:20:43,270 INFO  [org.apa.kaf.com.uti.AppInfoParser] (main) Kafka startTimeMs: 1756837243270
2025-09-02 18:20:43,271 INFO  [io.api.tes.ser.api.KafkaSerdesTester] (ForkJoinPool.commonPool-worker-2) Sending message {"keyB": "value-0"} to topic s442a33eax7fc2x4fddx82a4x212861cb18c2
2025-09-02 18:20:43,275 INFO  [org.apa.kaf.cli.Metadata] (kafka-producer-network-thread | Producer-s442a33eax7fc2x4fddx82a4x212861cb18c2) [Producer clientId=Producer-s442a33eax7fc2x4fddx82a4x212861cb18c2] Cluster ID: zhgBwCfeQnC1PCRKjnRbQg
2025-09-02 18:20:43,276 INFO  [org.apa.kaf.cli.pro.int.TransactionManager] (kafka-producer-network-thread | Producer-s442a33eax7fc2x4fddx82a4x212861cb18c2) [Producer clientId=Producer-s442a33eax7fc2x4fddx82a4x212861cb18c2] ProducerId set to 2 with epoch 0
2025-09-02 18:20:43,360 INFO  [org.apa.kaf.cli.pro.KafkaProducer] (ForkJoinPool.commonPool-worker-2) [Producer clientId=Producer-s442a33eax7fc2x4fddx82a4x212861cb18c2] Closing the Kafka producer with timeoutMillis = 9223372036854775807 ms.
2025-09-02 18:20:43,363 INFO  [org.apa.kaf.com.met.Metrics] (ForkJoinPool.commonPool-worker-2) Metrics scheduler closed
2025-09-02 18:20:43,363 INFO  [org.apa.kaf.com.met.Metrics] (ForkJoinPool.commonPool-worker-2) Closing reporter org.apache.kafka.common.metrics.JmxReporter
2025-09-02 18:20:43,363 INFO  [org.apa.kaf.com.met.Metrics] (ForkJoinPool.commonPool-worker-2) Closing reporter org.apache.kafka.common.telemetry.internals.ClientTelemetryReporter
2025-09-02 18:20:43,363 INFO  [org.apa.kaf.com.met.Metrics] (ForkJoinPool.commonPool-worker-2) Metrics reporters closed
2025-09-02 18:20:43,363 INFO  [org.apa.kaf.com.uti.AppInfoParser] (ForkJoinPool.commonPool-worker-2) App info kafka.producer for Producer-s442a33eax7fc2x4fddx82a4x212861cb18c2 unregistered
2025-09-02 18:20:43,364 INFO  [io.api.tes.uti.TestSeparator] (main) io.apicurio.tests.serdes.apicurio.AvroSerdeIT.testWrongSchema-FINISHED
2025-09-02 18:20:43,364 INFO  [io.api.tes.uti.TestSeparator] (main) ############################################################################
Test passed: testWrongSchema
]]></system-out>
    <system-err><![CDATA[io.apicurio.registry.rest.client.models.ProblemDetails
	at io.apicurio.registry.rest.client.models.ProblemDetails.createFromDiscriminatorValue(ProblemDetails.java:58)
	at io.kiota.serialization.json.JsonParseNode.getObjectValue(JsonParseNode.java:247)
	at io.kiota.http.vertx.VertXRequestAdapter.lambda$throwIfFailedResponse$0(VertXRequestAdapter.java:400)
	at com.microsoft.kiota.ApiExceptionBuilder.<init>(ApiExceptionBuilder.java:26)
	at io.kiota.http.vertx.VertXRequestAdapter.throwIfFailedResponse(VertXRequestAdapter.java:399)
	at io.kiota.http.vertx.VertXRequestAdapter.send(VertXRequestAdapter.java:170)
	at jdk.internal.reflect.GeneratedMethodAccessor33.invoke(Unknown Source)
	at java.base/jdk.internal.reflect.DelegatingMethodAccessorImpl.invoke(DelegatingMethodAccessorImpl.java:43)
	at java.base/java.lang.reflect.Method.invoke(Method.java:569)
	at io.apicurio.registry.client.RegistryClientFactory$RetryInvocationHandler.invoke(RegistryClientFactory.java:146)
	at jdk.proxy2/jdk.proxy2.$Proxy65.send(Unknown Source)
	at io.apicurio.registry.rest.client.groups.item.artifacts.item.versions.item.WithVersionExpressionItemRequestBuilder.get(WithVersionExpressionItemRequestBuilder.java:128)
	at io.apicurio.registry.rest.client.groups.item.artifacts.item.versions.item.WithVersionExpressionItemRequestBuilder.get(WithVersionExpressionItemRequestBuilder.java:111)
	at io.apicurio.registry.resolver.client.RegistryClientFacadeImpl.getVersionCoordinatesByGAV(RegistryClientFacadeImpl.java:159)
	at io.apicurio.registry.resolver.DefaultSchemaResolver.resolveByCoordinates(DefaultSchemaResolver.java:352)
	at io.apicurio.registry.resolver.DefaultSchemaResolver.lambda$resolveSchemaByArtifactReferenceCached$6(DefaultSchemaResolver.java:340)
	at io.apicurio.registry.resolver.cache.ERCache.lambda$getValue$0(ERCache.java:174)
	at io.apicurio.registry.resolver.cache.ERCache.retry(ERCache.java:227)
	at io.apicurio.registry.resolver.cache.ERCache.getValue(ERCache.java:173)
	at io.apicurio.registry.resolver.cache.ERCache.getByArtifactCoordinates(ERCache.java:158)
	at io.apicurio.registry.resolver.DefaultSchemaResolver.resolveSchemaByArtifactReferenceCached(DefaultSchemaResolver.java:338)
	at io.apicurio.registry.resolver.DefaultSchemaResolver.resolveSchemaByCoordinates(DefaultSchemaResolver.java:193)
	at io.apicurio.registry.resolver.DefaultSchemaResolver.getSchemaFromRegistry(DefaultSchemaResolver.java:130)
	at io.apicurio.registry.resolver.DefaultSchemaResolver.lambda$resolveSchema$0(DefaultSchemaResolver.java:84)
	at java.base/java.util.Optional.orElseGet(Optional.java:364)
	at io.apicurio.registry.resolver.DefaultSchemaResolver.resolveSchema(DefaultSchemaResolver.java:84)
	at io.apicurio.registry.serde.AbstractSerializer.serializeData(AbstractSerializer.java:62)
	at io.apicurio.registry.serde.KafkaSerializer.serialize(KafkaSerializer.java:77)
	at org.apache.kafka.clients.producer.KafkaProducer.doSend(KafkaProducer.java:1046)
	at org.apache.kafka.clients.producer.KafkaProducer.send(KafkaProducer.java:993)
	at org.apache.kafka.clients.producer.KafkaProducer.send(KafkaProducer.java:875)
	at io.apicurio.tests.serdes.apicurio.KafkaSerdesTester.lambda$produceMessages$3(KafkaSerdesTester.java:138)
	at java.base/java.util.concurrent.CompletableFuture$AsyncSupply.run(CompletableFuture.java:1768)
	at java.base/java.util.concurrent.CompletableFuture$AsyncSupply.exec(CompletableFuture.java:1760)
	at java.base/java.util.concurrent.ForkJoinTask.doExec(ForkJoinTask.java:373)
	at java.base/java.util.concurrent.ForkJoinPool$WorkQueue.topLevelExec(ForkJoinPool.java:1182)
	at java.base/java.util.concurrent.ForkJoinPool.scan(ForkJoinPool.java:1655)
	at java.base/java.util.concurrent.ForkJoinPool.runWorker(ForkJoinPool.java:1622)
	at java.base/java.util.concurrent.ForkJoinWorkerThread.run(ForkJoinWorkerThread.java:165)
]]></system-err>
  </testcase>
  <testcase name="testAvroJSON" classname="io.apicurio.tests.serdes.apicurio.AvroSerdeIT" time="3.985">
    <system-out><![CDATA[2025-09-02 18:20:43,365 INFO  [io.api.tes.uti.TestSeparator] (main) ############################################################################
2025-09-02 18:20:43,365 INFO  [io.api.tes.uti.TestSeparator] (main) io.apicurio.tests.serdes.apicurio.AvroSerdeIT.testAvroJSON-STARTED
**** Registry Base URL: http://registry-app-mysql.apps.ci419.apicurio-testing.org:80
2025-09-02 18:20:43,368 INFO  [org.apa.kaf.cli.pro.ProducerConfig] (main) ProducerConfig values: 
	acks = -1
	auto.include.jmx.reporter = true
	batch.size = 16384
	bootstrap.servers = [PLAINTEXT://localhost:32769]
	buffer.memory = 33554432
	client.dns.lookup = use_all_dns_ips
	client.id = Producer-topic-8fba06ad_8832_4cac_9bcd_87f445bad45b
	compression.gzip.level = -1
	compression.lz4.level = 9
	compression.type = none
	compression.zstd.level = 3
	connections.max.idle.ms = 10000
	delivery.timeout.ms = 120000
	enable.idempotence = true
	enable.metrics.push = true
	interceptor.classes = []
	key.serializer = class org.apache.kafka.common.serialization.StringSerializer
	linger.ms = 0
	max.block.ms = 60000
	max.in.flight.requests.per.connection = 5
	max.request.size = 1048576
	metadata.max.age.ms = 300000
	metadata.max.idle.ms = 300000
	metadata.recovery.strategy = none
	metric.reporters = []
	metrics.num.samples = 2
	metrics.recording.level = INFO
	metrics.sample.window.ms = 30000
	partitioner.adaptive.partitioning.enable = true
	partitioner.availability.timeout.ms = 0
	partitioner.class = null
	partitioner.ignore.keys = false
	receive.buffer.bytes = 32768
	reconnect.backoff.max.ms = 1000
	reconnect.backoff.ms = 50
	request.timeout.ms = 5000
	retries = 2147483647
	retry.backoff.max.ms = 1000
	retry.backoff.ms = 100
	sasl.client.callback.handler.class = null
	sasl.jaas.config = null
	sasl.kerberos.kinit.cmd = /usr/bin/kinit
	sasl.kerberos.min.time.before.relogin = 60000
	sasl.kerberos.service.name = null
	sasl.kerberos.ticket.renew.jitter = 0.05
	sasl.kerberos.ticket.renew.window.factor = 0.8
	sasl.login.callback.handler.class = null
	sasl.login.class = null
	sasl.login.connect.timeout.ms = null
	sasl.login.read.timeout.ms = null
	sasl.login.refresh.buffer.seconds = 300
	sasl.login.refresh.min.period.seconds = 60
	sasl.login.refresh.window.factor = 0.8
	sasl.login.refresh.window.jitter = 0.05
	sasl.login.retry.backoff.max.ms = 10000
	sasl.login.retry.backoff.ms = 100
	sasl.mechanism = GSSAPI
	sasl.oauthbearer.clock.skew.seconds = 30
	sasl.oauthbearer.expected.audience = null
	sasl.oauthbearer.expected.issuer = null
	sasl.oauthbearer.header.urlencode = false
	sasl.oauthbearer.jwks.endpoint.refresh.ms = 3600000
	sasl.oauthbearer.jwks.endpoint.retry.backoff.max.ms = 10000
	sasl.oauthbearer.jwks.endpoint.retry.backoff.ms = 100
	sasl.oauthbearer.jwks.endpoint.url = null
	sasl.oauthbearer.scope.claim.name = scope
	sasl.oauthbearer.sub.claim.name = sub
	sasl.oauthbearer.token.endpoint.url = null
	security.protocol = PLAINTEXT
	security.providers = null
	send.buffer.bytes = 131072
	socket.connection.setup.timeout.max.ms = 30000
	socket.connection.setup.timeout.ms = 10000
	ssl.cipher.suites = null
	ssl.enabled.protocols = [TLSv1.2, TLSv1.3]
	ssl.endpoint.identification.algorithm = https
	ssl.engine.factory.class = null
	ssl.key.password = null
	ssl.keymanager.algorithm = SunX509
	ssl.keystore.certificate.chain = null
	ssl.keystore.key = null
	ssl.keystore.location = null
	ssl.keystore.password = null
	ssl.keystore.type = JKS
	ssl.protocol = TLSv1.3
	ssl.provider = null
	ssl.secure.random.implementation = null
	ssl.trustmanager.algorithm = PKIX
	ssl.truststore.certificates = null
	ssl.truststore.location = null
	ssl.truststore.password = null
	ssl.truststore.type = JKS
	transaction.timeout.ms = 60000
	transactional.id = null
	value.serializer = class io.apicurio.registry.serde.avro.AvroKafkaSerializer

2025-09-02 18:20:43,369 INFO  [org.apa.kaf.com.tel.int.KafkaMetricsCollector] (main) initializing Kafka metrics collector
2025-09-02 18:20:43,375 INFO  [org.apa.kaf.cli.pro.KafkaProducer] (main) [Producer clientId=Producer-topic-8fba06ad_8832_4cac_9bcd_87f445bad45b] Instantiated an idempotent producer.
2025-09-02 18:20:43,376 INFO  [org.apa.kaf.cli.pro.ProducerConfig] (main) These configurations '[apicurio.registry.avro.encoding, apicurio.registry.url, apicurio.registry.auto-register, apicurio.registry.artifact-resolver-strategy]' were supplied but are not used yet.
2025-09-02 18:20:43,377 INFO  [org.apa.kaf.com.uti.AppInfoParser] (main) Kafka version: 3.9.1
2025-09-02 18:20:43,377 INFO  [org.apa.kaf.com.uti.AppInfoParser] (main) Kafka commitId: f745dfdcee2b9851
2025-09-02 18:20:43,377 INFO  [org.apa.kaf.com.uti.AppInfoParser] (main) Kafka startTimeMs: 1756837243377
2025-09-02 18:20:43,377 INFO  [io.api.tes.ser.api.SimpleSerdesTesterBuilder$SimpleSerdesTester] (main) Using producer configuration: {apicurio.registry.avro.encoding=JSON, apicurio.registry.url=http://registry-app-mysql.apps.ci419.apicurio-testing.org:80/apis/registry/v3, apicurio.registry.auto-register=true, apicurio.registry.artifact-resolver-strategy=io.apicurio.registry.serde.strategy.TopicIdStrategy, value.serializer=io.apicurio.registry.serde.avro.AvroKafkaSerializer, request.timeout.ms=5000, acks=all, bootstrap.servers=PLAINTEXT://localhost:32769, connections.max.idle.ms=10000, key.serializer=org.apache.kafka.common.serialization.StringSerializer, client.id=Producer-topic-8fba06ad_8832_4cac_9bcd_87f445bad45b}
2025-09-02 18:20:43,377 INFO  [io.api.tes.ser.api.SimpleSerdesTesterBuilder$SimpleSerdesTester] (main) Using consumer configuration: {apicurio.registry.avro.encoding=JSON}
2025-09-02 18:20:43,377 INFO  [io.api.tes.ser.api.KafkaSerdesTester] (ForkJoinPool.commonPool-worker-2) Sending message {"bar": "value-0"} to topic topic-8fba06ad_8832_4cac_9bcd_87f445bad45b
2025-09-02 18:20:43,381 WARN  [org.apa.kaf.cli.NetworkClient] (kafka-producer-network-thread | Producer-topic-8fba06ad_8832_4cac_9bcd_87f445bad45b) [Producer clientId=Producer-topic-8fba06ad_8832_4cac_9bcd_87f445bad45b] The metadata response from the cluster reported a recoverable issue with correlation id 1 : {topic-8fba06ad_8832_4cac_9bcd_87f445bad45b=UNKNOWN_TOPIC_OR_PARTITION}
2025-09-02 18:20:43,381 INFO  [org.apa.kaf.cli.Metadata] (kafka-producer-network-thread | Producer-topic-8fba06ad_8832_4cac_9bcd_87f445bad45b) [Producer clientId=Producer-topic-8fba06ad_8832_4cac_9bcd_87f445bad45b] Cluster ID: zhgBwCfeQnC1PCRKjnRbQg
2025-09-02 18:20:43,382 INFO  [org.apa.kaf.cli.pro.int.TransactionManager] (kafka-producer-network-thread | Producer-topic-8fba06ad_8832_4cac_9bcd_87f445bad45b) [Producer clientId=Producer-topic-8fba06ad_8832_4cac_9bcd_87f445bad45b] ProducerId set to 3 with epoch 0
2025-09-02 18:20:43,618 INFO  [io.api.tes.ser.api.KafkaSerdesTester] (ForkJoinPool.commonPool-worker-2) Sending message {"bar": "value-1"} to topic topic-8fba06ad_8832_4cac_9bcd_87f445bad45b
2025-09-02 18:20:43,621 INFO  [io.api.tes.ser.api.KafkaSerdesTester] (ForkJoinPool.commonPool-worker-2) Sending message {"bar": "value-2"} to topic topic-8fba06ad_8832_4cac_9bcd_87f445bad45b
2025-09-02 18:20:43,623 INFO  [io.api.tes.ser.api.KafkaSerdesTester] (ForkJoinPool.commonPool-worker-2) Sending message {"bar": "value-3"} to topic topic-8fba06ad_8832_4cac_9bcd_87f445bad45b
2025-09-02 18:20:43,624 INFO  [io.api.tes.ser.api.KafkaSerdesTester] (ForkJoinPool.commonPool-worker-2) Sending message {"bar": "value-4"} to topic topic-8fba06ad_8832_4cac_9bcd_87f445bad45b
2025-09-02 18:20:43,627 INFO  [io.api.tes.ser.api.KafkaSerdesTester] (ForkJoinPool.commonPool-worker-2) Sending message {"bar": "value-5"} to topic topic-8fba06ad_8832_4cac_9bcd_87f445bad45b
2025-09-02 18:20:43,628 INFO  [io.api.tes.ser.api.KafkaSerdesTester] (ForkJoinPool.commonPool-worker-2) Sending message {"bar": "value-6"} to topic topic-8fba06ad_8832_4cac_9bcd_87f445bad45b
2025-09-02 18:20:43,630 INFO  [io.api.tes.ser.api.KafkaSerdesTester] (ForkJoinPool.commonPool-worker-2) Sending message {"bar": "value-7"} to topic topic-8fba06ad_8832_4cac_9bcd_87f445bad45b
2025-09-02 18:20:43,632 INFO  [io.api.tes.ser.api.KafkaSerdesTester] (ForkJoinPool.commonPool-worker-2) Sending message {"bar": "value-8"} to topic topic-8fba06ad_8832_4cac_9bcd_87f445bad45b
2025-09-02 18:20:43,634 INFO  [io.api.tes.ser.api.KafkaSerdesTester] (ForkJoinPool.commonPool-worker-2) Sending message {"bar": "value-9"} to topic topic-8fba06ad_8832_4cac_9bcd_87f445bad45b
2025-09-02 18:20:43,636 INFO  [io.api.tes.ser.api.KafkaSerdesTester] (ForkJoinPool.commonPool-worker-2) Produced 10 messages
2025-09-02 18:20:43,636 INFO  [org.apa.kaf.cli.pro.KafkaProducer] (ForkJoinPool.commonPool-worker-2) [Producer clientId=Producer-topic-8fba06ad_8832_4cac_9bcd_87f445bad45b] Closing the Kafka producer with timeoutMillis = 9223372036854775807 ms.
2025-09-02 18:20:43,638 INFO  [org.apa.kaf.com.met.Metrics] (ForkJoinPool.commonPool-worker-2) Metrics scheduler closed
2025-09-02 18:20:43,638 INFO  [org.apa.kaf.com.met.Metrics] (ForkJoinPool.commonPool-worker-2) Closing reporter org.apache.kafka.common.metrics.JmxReporter
2025-09-02 18:20:43,638 INFO  [org.apa.kaf.com.met.Metrics] (ForkJoinPool.commonPool-worker-2) Closing reporter org.apache.kafka.common.telemetry.internals.ClientTelemetryReporter
2025-09-02 18:20:43,638 INFO  [org.apa.kaf.com.met.Metrics] (ForkJoinPool.commonPool-worker-2) Metrics reporters closed
2025-09-02 18:20:43,639 INFO  [org.apa.kaf.com.uti.AppInfoParser] (ForkJoinPool.commonPool-worker-2) App info kafka.producer for Producer-topic-8fba06ad_8832_4cac_9bcd_87f445bad45b unregistered
**** Registry Base URL: http://registry-app-mysql.apps.ci419.apicurio-testing.org:80
2025-09-02 18:20:43,711 INFO  [org.apa.kaf.cli.con.ConsumerConfig] (main) ConsumerConfig values: 
	allow.auto.create.topics = true
	auto.commit.interval.ms = 500
	auto.include.jmx.reporter = true
	auto.offset.reset = earliest
	bootstrap.servers = [PLAINTEXT://localhost:32769]
	check.crcs = true
	client.dns.lookup = use_all_dns_ips
	client.id = consumer-Consumer-topic-8fba06ad_8832_4cac_9bcd_87f445bad45b-3
	client.rack = 
	connections.max.idle.ms = 10000
	default.api.timeout.ms = 60000
	enable.auto.commit = true
	enable.metrics.push = true
	exclude.internal.topics = true
	fetch.max.bytes = 52428800
	fetch.max.wait.ms = 500
	fetch.min.bytes = 1
	group.id = Consumer-topic-8fba06ad_8832_4cac_9bcd_87f445bad45b
	group.instance.id = null
	group.protocol = classic
	group.remote.assignor = null
	heartbeat.interval.ms = 3000
	interceptor.classes = []
	internal.leave.group.on.close = true
	internal.throw.on.fetch.stable.offset.unsupported = false
	isolation.level = read_uncommitted
	key.deserializer = class org.apache.kafka.common.serialization.StringDeserializer
	max.partition.fetch.bytes = 1048576
	max.poll.interval.ms = 300000
	max.poll.records = 500
	metadata.max.age.ms = 300000
	metadata.recovery.strategy = none
	metric.reporters = []
	metrics.num.samples = 2
	metrics.recording.level = INFO
	metrics.sample.window.ms = 30000
	partition.assignment.strategy = [class org.apache.kafka.clients.consumer.RangeAssignor, class org.apache.kafka.clients.consumer.CooperativeStickyAssignor]
	receive.buffer.bytes = 65536
	reconnect.backoff.max.ms = 1000
	reconnect.backoff.ms = 50
	request.timeout.ms = 5000
	retry.backoff.max.ms = 1000
	retry.backoff.ms = 100
	sasl.client.callback.handler.class = null
	sasl.jaas.config = null
	sasl.kerberos.kinit.cmd = /usr/bin/kinit
	sasl.kerberos.min.time.before.relogin = 60000
	sasl.kerberos.service.name = null
	sasl.kerberos.ticket.renew.jitter = 0.05
	sasl.kerberos.ticket.renew.window.factor = 0.8
	sasl.login.callback.handler.class = null
	sasl.login.class = null
	sasl.login.connect.timeout.ms = null
	sasl.login.read.timeout.ms = null
	sasl.login.refresh.buffer.seconds = 300
	sasl.login.refresh.min.period.seconds = 60
	sasl.login.refresh.window.factor = 0.8
	sasl.login.refresh.window.jitter = 0.05
	sasl.login.retry.backoff.max.ms = 10000
	sasl.login.retry.backoff.ms = 100
	sasl.mechanism = GSSAPI
	sasl.oauthbearer.clock.skew.seconds = 30
	sasl.oauthbearer.expected.audience = null
	sasl.oauthbearer.expected.issuer = null
	sasl.oauthbearer.header.urlencode = false
	sasl.oauthbearer.jwks.endpoint.refresh.ms = 3600000
	sasl.oauthbearer.jwks.endpoint.retry.backoff.max.ms = 10000
	sasl.oauthbearer.jwks.endpoint.retry.backoff.ms = 100
	sasl.oauthbearer.jwks.endpoint.url = null
	sasl.oauthbearer.scope.claim.name = scope
	sasl.oauthbearer.sub.claim.name = sub
	sasl.oauthbearer.token.endpoint.url = null
	security.protocol = PLAINTEXT
	security.providers = null
	send.buffer.bytes = 131072
	session.timeout.ms = 45000
	socket.connection.setup.timeout.max.ms = 30000
	socket.connection.setup.timeout.ms = 10000
	ssl.cipher.suites = null
	ssl.enabled.protocols = [TLSv1.2, TLSv1.3]
	ssl.endpoint.identification.algorithm = https
	ssl.engine.factory.class = null
	ssl.key.password = null
	ssl.keymanager.algorithm = SunX509
	ssl.keystore.certificate.chain = null
	ssl.keystore.key = null
	ssl.keystore.location = null
	ssl.keystore.password = null
	ssl.keystore.type = JKS
	ssl.protocol = TLSv1.3
	ssl.provider = null
	ssl.secure.random.implementation = null
	ssl.trustmanager.algorithm = PKIX
	ssl.truststore.certificates = null
	ssl.truststore.location = null
	ssl.truststore.password = null
	ssl.truststore.type = JKS
	value.deserializer = class io.apicurio.registry.serde.avro.AvroKafkaDeserializer

2025-09-02 18:20:43,711 INFO  [org.apa.kaf.com.tel.int.KafkaMetricsCollector] (main) initializing Kafka metrics collector
2025-09-02 18:20:43,718 INFO  [org.apa.kaf.cli.con.ConsumerConfig] (main) These configurations '[apicurio.registry.avro.encoding, apicurio.registry.url]' were supplied but are not used yet.
2025-09-02 18:20:43,718 INFO  [org.apa.kaf.com.uti.AppInfoParser] (main) Kafka version: 3.9.1
2025-09-02 18:20:43,718 INFO  [org.apa.kaf.com.uti.AppInfoParser] (main) Kafka commitId: f745dfdcee2b9851
2025-09-02 18:20:43,718 INFO  [org.apa.kaf.com.uti.AppInfoParser] (main) Kafka startTimeMs: 1756837243718
2025-09-02 18:20:43,718 INFO  [org.apa.kaf.cli.con.int.ClassicKafkaConsumer] (ForkJoinPool.commonPool-worker-2) [Consumer clientId=consumer-Consumer-topic-8fba06ad_8832_4cac_9bcd_87f445bad45b-3, groupId=Consumer-topic-8fba06ad_8832_4cac_9bcd_87f445bad45b] Subscribed to topic(s): topic-8fba06ad_8832_4cac_9bcd_87f445bad45b
2025-09-02 18:20:43,723 INFO  [org.apa.kaf.cli.Metadata] (ForkJoinPool.commonPool-worker-2) [Consumer clientId=consumer-Consumer-topic-8fba06ad_8832_4cac_9bcd_87f445bad45b-3, groupId=Consumer-topic-8fba06ad_8832_4cac_9bcd_87f445bad45b] Cluster ID: zhgBwCfeQnC1PCRKjnRbQg
2025-09-02 18:20:43,724 INFO  [org.apa.kaf.cli.con.int.ConsumerCoordinator] (ForkJoinPool.commonPool-worker-2) [Consumer clientId=consumer-Consumer-topic-8fba06ad_8832_4cac_9bcd_87f445bad45b-3, groupId=Consumer-topic-8fba06ad_8832_4cac_9bcd_87f445bad45b] Discovered group coordinator localhost:32769 (id: 2147483647 rack: null)
2025-09-02 18:20:43,725 INFO  [org.apa.kaf.cli.con.int.ConsumerCoordinator] (ForkJoinPool.commonPool-worker-2) [Consumer clientId=consumer-Consumer-topic-8fba06ad_8832_4cac_9bcd_87f445bad45b-3, groupId=Consumer-topic-8fba06ad_8832_4cac_9bcd_87f445bad45b] (Re-)joining group
2025-09-02 18:20:43,729 INFO  [org.apa.kaf.cli.con.int.ConsumerCoordinator] (ForkJoinPool.commonPool-worker-2) [Consumer clientId=consumer-Consumer-topic-8fba06ad_8832_4cac_9bcd_87f445bad45b-3, groupId=Consumer-topic-8fba06ad_8832_4cac_9bcd_87f445bad45b] Request joining group due to: need to re-join with the given member-id: consumer-Consumer-topic-8fba06ad_8832_4cac_9bcd_87f445bad45b-3-0c252f13-21b6-4bd9-af62-11469f3db1ea
2025-09-02 18:20:43,729 INFO  [org.apa.kaf.cli.con.int.ConsumerCoordinator] (ForkJoinPool.commonPool-worker-2) [Consumer clientId=consumer-Consumer-topic-8fba06ad_8832_4cac_9bcd_87f445bad45b-3, groupId=Consumer-topic-8fba06ad_8832_4cac_9bcd_87f445bad45b] (Re-)joining group
2025-09-02 18:20:44,719 INFO  [io.api.tes.ser.api.KafkaSerdesTester] (ForkJoinPool.commonPool-worker-2) None found
2025-09-02 18:20:45,720 INFO  [io.api.tes.ser.api.KafkaSerdesTester] (ForkJoinPool.commonPool-worker-2) None found
2025-09-02 18:20:46,720 INFO  [io.api.tes.ser.api.KafkaSerdesTester] (ForkJoinPool.commonPool-worker-2) None found
2025-09-02 18:20:46,731 INFO  [org.apa.kaf.cli.con.int.ConsumerCoordinator] (ForkJoinPool.commonPool-worker-2) [Consumer clientId=consumer-Consumer-topic-8fba06ad_8832_4cac_9bcd_87f445bad45b-3, groupId=Consumer-topic-8fba06ad_8832_4cac_9bcd_87f445bad45b] Successfully joined group with generation Generation{generationId=1, memberId='consumer-Consumer-topic-8fba06ad_8832_4cac_9bcd_87f445bad45b-3-0c252f13-21b6-4bd9-af62-11469f3db1ea', protocol='range'}
2025-09-02 18:20:46,731 INFO  [org.apa.kaf.cli.con.int.ConsumerCoordinator] (ForkJoinPool.commonPool-worker-2) [Consumer clientId=consumer-Consumer-topic-8fba06ad_8832_4cac_9bcd_87f445bad45b-3, groupId=Consumer-topic-8fba06ad_8832_4cac_9bcd_87f445bad45b] Finished assignment for group at generation 1: {consumer-Consumer-topic-8fba06ad_8832_4cac_9bcd_87f445bad45b-3-0c252f13-21b6-4bd9-af62-11469f3db1ea=Assignment(partitions=[topic-8fba06ad_8832_4cac_9bcd_87f445bad45b-0])}
2025-09-02 18:20:46,739 INFO  [org.apa.kaf.cli.con.int.ConsumerCoordinator] (ForkJoinPool.commonPool-worker-2) [Consumer clientId=consumer-Consumer-topic-8fba06ad_8832_4cac_9bcd_87f445bad45b-3, groupId=Consumer-topic-8fba06ad_8832_4cac_9bcd_87f445bad45b] Successfully synced group in generation Generation{generationId=1, memberId='consumer-Consumer-topic-8fba06ad_8832_4cac_9bcd_87f445bad45b-3-0c252f13-21b6-4bd9-af62-11469f3db1ea', protocol='range'}
2025-09-02 18:20:46,739 INFO  [org.apa.kaf.cli.con.int.ConsumerCoordinator] (ForkJoinPool.commonPool-worker-2) [Consumer clientId=consumer-Consumer-topic-8fba06ad_8832_4cac_9bcd_87f445bad45b-3, groupId=Consumer-topic-8fba06ad_8832_4cac_9bcd_87f445bad45b] Notifying assignor about the new Assignment(partitions=[topic-8fba06ad_8832_4cac_9bcd_87f445bad45b-0])
2025-09-02 18:20:46,739 INFO  [org.apa.kaf.cli.con.int.ConsumerRebalanceListenerInvoker] (ForkJoinPool.commonPool-worker-2) [Consumer clientId=consumer-Consumer-topic-8fba06ad_8832_4cac_9bcd_87f445bad45b-3, groupId=Consumer-topic-8fba06ad_8832_4cac_9bcd_87f445bad45b] Adding newly assigned partitions: topic-8fba06ad_8832_4cac_9bcd_87f445bad45b-0
2025-09-02 18:20:46,740 INFO  [org.apa.kaf.cli.con.int.ConsumerCoordinator] (ForkJoinPool.commonPool-worker-2) [Consumer clientId=consumer-Consumer-topic-8fba06ad_8832_4cac_9bcd_87f445bad45b-3, groupId=Consumer-topic-8fba06ad_8832_4cac_9bcd_87f445bad45b] Found no committed offset for partition topic-8fba06ad_8832_4cac_9bcd_87f445bad45b-0
2025-09-02 18:20:46,744 INFO  [org.apa.kaf.cli.con.int.SubscriptionState] (ForkJoinPool.commonPool-worker-2) [Consumer clientId=consumer-Consumer-topic-8fba06ad_8832_4cac_9bcd_87f445bad45b-3, groupId=Consumer-topic-8fba06ad_8832_4cac_9bcd_87f445bad45b] Resetting offset for partition topic-8fba06ad_8832_4cac_9bcd_87f445bad45b-0 to position FetchPosition{offset=0, offsetEpoch=Optional.empty, currentLeader=LeaderAndEpoch{leader=Optional[localhost:32769 (id: 0 rack: null)], epoch=0}}.
2025-09-02 18:20:46,842 INFO  [io.api.tes.ser.api.KafkaSerdesTester] (ForkJoinPool.commonPool-worker-2) topic-8fba06ad_8832_4cac_9bcd_87f445bad45b 0 0 {"bar": "value-0"}
2025-09-02 18:20:46,843 INFO  [io.api.tes.ser.api.KafkaSerdesTester] (ForkJoinPool.commonPool-worker-2) topic-8fba06ad_8832_4cac_9bcd_87f445bad45b 0 1 {"bar": "value-1"}
2025-09-02 18:20:46,843 INFO  [io.api.tes.ser.api.KafkaSerdesTester] (ForkJoinPool.commonPool-worker-2) topic-8fba06ad_8832_4cac_9bcd_87f445bad45b 0 2 {"bar": "value-2"}
2025-09-02 18:20:46,843 INFO  [io.api.tes.ser.api.KafkaSerdesTester] (ForkJoinPool.commonPool-worker-2) topic-8fba06ad_8832_4cac_9bcd_87f445bad45b 0 3 {"bar": "value-3"}
2025-09-02 18:20:46,843 INFO  [io.api.tes.ser.api.KafkaSerdesTester] (ForkJoinPool.commonPool-worker-2) topic-8fba06ad_8832_4cac_9bcd_87f445bad45b 0 4 {"bar": "value-4"}
2025-09-02 18:20:46,843 INFO  [io.api.tes.ser.api.KafkaSerdesTester] (ForkJoinPool.commonPool-worker-2) topic-8fba06ad_8832_4cac_9bcd_87f445bad45b 0 5 {"bar": "value-5"}
2025-09-02 18:20:46,843 INFO  [io.api.tes.ser.api.KafkaSerdesTester] (ForkJoinPool.commonPool-worker-2) topic-8fba06ad_8832_4cac_9bcd_87f445bad45b 0 6 {"bar": "value-6"}
2025-09-02 18:20:46,843 INFO  [io.api.tes.ser.api.KafkaSerdesTester] (ForkJoinPool.commonPool-worker-2) topic-8fba06ad_8832_4cac_9bcd_87f445bad45b 0 7 {"bar": "value-7"}
2025-09-02 18:20:46,843 INFO  [io.api.tes.ser.api.KafkaSerdesTester] (ForkJoinPool.commonPool-worker-2) topic-8fba06ad_8832_4cac_9bcd_87f445bad45b 0 8 {"bar": "value-8"}
2025-09-02 18:20:46,843 INFO  [io.api.tes.ser.api.KafkaSerdesTester] (ForkJoinPool.commonPool-worker-2) topic-8fba06ad_8832_4cac_9bcd_87f445bad45b 0 9 {"bar": "value-9"}
2025-09-02 18:20:46,843 INFO  [io.api.tes.ser.api.KafkaSerdesTester] (ForkJoinPool.commonPool-worker-2) Consumed 10 messages
2025-09-02 18:20:46,851 INFO  [org.apa.kaf.cli.con.int.ConsumerRebalanceListenerInvoker] (ForkJoinPool.commonPool-worker-2) [Consumer clientId=consumer-Consumer-topic-8fba06ad_8832_4cac_9bcd_87f445bad45b-3, groupId=Consumer-topic-8fba06ad_8832_4cac_9bcd_87f445bad45b] Revoke previously assigned partitions topic-8fba06ad_8832_4cac_9bcd_87f445bad45b-0
2025-09-02 18:20:46,851 INFO  [org.apa.kaf.cli.con.int.ConsumerCoordinator] (ForkJoinPool.commonPool-worker-2) [Consumer clientId=consumer-Consumer-topic-8fba06ad_8832_4cac_9bcd_87f445bad45b-3, groupId=Consumer-topic-8fba06ad_8832_4cac_9bcd_87f445bad45b] Member consumer-Consumer-topic-8fba06ad_8832_4cac_9bcd_87f445bad45b-3-0c252f13-21b6-4bd9-af62-11469f3db1ea sending LeaveGroup request to coordinator localhost:32769 (id: 2147483647 rack: null) due to the consumer is being closed
2025-09-02 18:20:46,851 INFO  [org.apa.kaf.cli.con.int.ConsumerCoordinator] (ForkJoinPool.commonPool-worker-2) [Consumer clientId=consumer-Consumer-topic-8fba06ad_8832_4cac_9bcd_87f445bad45b-3, groupId=Consumer-topic-8fba06ad_8832_4cac_9bcd_87f445bad45b] Resetting generation and member id due to: consumer pro-actively leaving the group
2025-09-02 18:20:46,851 INFO  [org.apa.kaf.cli.con.int.ConsumerCoordinator] (ForkJoinPool.commonPool-worker-2) [Consumer clientId=consumer-Consumer-topic-8fba06ad_8832_4cac_9bcd_87f445bad45b-3, groupId=Consumer-topic-8fba06ad_8832_4cac_9bcd_87f445bad45b] Request joining group due to: consumer pro-actively leaving the group
2025-09-02 18:20:47,346 INFO  [org.apa.kaf.com.met.Metrics] (ForkJoinPool.commonPool-worker-2) Metrics scheduler closed
2025-09-02 18:20:47,346 INFO  [org.apa.kaf.com.met.Metrics] (ForkJoinPool.commonPool-worker-2) Closing reporter org.apache.kafka.common.metrics.JmxReporter
2025-09-02 18:20:47,346 INFO  [org.apa.kaf.com.met.Metrics] (ForkJoinPool.commonPool-worker-2) Closing reporter org.apache.kafka.common.telemetry.internals.ClientTelemetryReporter
2025-09-02 18:20:47,346 INFO  [org.apa.kaf.com.met.Metrics] (ForkJoinPool.commonPool-worker-2) Metrics reporters closed
2025-09-02 18:20:47,349 INFO  [org.apa.kaf.com.uti.AppInfoParser] (ForkJoinPool.commonPool-worker-2) App info kafka.consumer for consumer-Consumer-topic-8fba06ad_8832_4cac_9bcd_87f445bad45b-3 unregistered
2025-09-02 18:20:47,349 INFO  [io.api.tes.uti.TestSeparator] (main) io.apicurio.tests.serdes.apicurio.AvroSerdeIT.testAvroJSON-FINISHED
2025-09-02 18:20:47,349 INFO  [io.api.tes.uti.TestSeparator] (main) ############################################################################
Test passed: testAvroJSON
]]></system-out>
  </testcase>
  <testcase name="testTopicIdStrategyAutoRegister" classname="io.apicurio.tests.serdes.apicurio.AvroSerdeIT" time="4.021">
    <system-out><![CDATA[2025-09-02 18:20:47,351 INFO  [io.api.tes.uti.TestSeparator] (main) ############################################################################
2025-09-02 18:20:47,351 INFO  [io.api.tes.uti.TestSeparator] (main) io.apicurio.tests.serdes.apicurio.AvroSerdeIT.testTopicIdStrategyAutoRegister-STARTED
**** Registry Base URL: http://registry-app-mysql.apps.ci419.apicurio-testing.org:80
2025-09-02 18:20:47,354 INFO  [org.apa.kaf.cli.pro.ProducerConfig] (main) ProducerConfig values: 
	acks = -1
	auto.include.jmx.reporter = true
	batch.size = 16384
	bootstrap.servers = [PLAINTEXT://localhost:32769]
	buffer.memory = 33554432
	client.dns.lookup = use_all_dns_ips
	client.id = Producer-topic-3199cd40_eb6e_4572_8b36_cce461b6cfd7
	compression.gzip.level = -1
	compression.lz4.level = 9
	compression.type = none
	compression.zstd.level = 3
	connections.max.idle.ms = 10000
	delivery.timeout.ms = 120000
	enable.idempotence = true
	enable.metrics.push = true
	interceptor.classes = []
	key.serializer = class org.apache.kafka.common.serialization.StringSerializer
	linger.ms = 0
	max.block.ms = 60000
	max.in.flight.requests.per.connection = 5
	max.request.size = 1048576
	metadata.max.age.ms = 300000
	metadata.max.idle.ms = 300000
	metadata.recovery.strategy = none
	metric.reporters = []
	metrics.num.samples = 2
	metrics.recording.level = INFO
	metrics.sample.window.ms = 30000
	partitioner.adaptive.partitioning.enable = true
	partitioner.availability.timeout.ms = 0
	partitioner.class = null
	partitioner.ignore.keys = false
	receive.buffer.bytes = 32768
	reconnect.backoff.max.ms = 1000
	reconnect.backoff.ms = 50
	request.timeout.ms = 5000
	retries = 2147483647
	retry.backoff.max.ms = 1000
	retry.backoff.ms = 100
	sasl.client.callback.handler.class = null
	sasl.jaas.config = null
	sasl.kerberos.kinit.cmd = /usr/bin/kinit
	sasl.kerberos.min.time.before.relogin = 60000
	sasl.kerberos.service.name = null
	sasl.kerberos.ticket.renew.jitter = 0.05
	sasl.kerberos.ticket.renew.window.factor = 0.8
	sasl.login.callback.handler.class = null
	sasl.login.class = null
	sasl.login.connect.timeout.ms = null
	sasl.login.read.timeout.ms = null
	sasl.login.refresh.buffer.seconds = 300
	sasl.login.refresh.min.period.seconds = 60
	sasl.login.refresh.window.factor = 0.8
	sasl.login.refresh.window.jitter = 0.05
	sasl.login.retry.backoff.max.ms = 10000
	sasl.login.retry.backoff.ms = 100
	sasl.mechanism = GSSAPI
	sasl.oauthbearer.clock.skew.seconds = 30
	sasl.oauthbearer.expected.audience = null
	sasl.oauthbearer.expected.issuer = null
	sasl.oauthbearer.header.urlencode = false
	sasl.oauthbearer.jwks.endpoint.refresh.ms = 3600000
	sasl.oauthbearer.jwks.endpoint.retry.backoff.max.ms = 10000
	sasl.oauthbearer.jwks.endpoint.retry.backoff.ms = 100
	sasl.oauthbearer.jwks.endpoint.url = null
	sasl.oauthbearer.scope.claim.name = scope
	sasl.oauthbearer.sub.claim.name = sub
	sasl.oauthbearer.token.endpoint.url = null
	security.protocol = PLAINTEXT
	security.providers = null
	send.buffer.bytes = 131072
	socket.connection.setup.timeout.max.ms = 30000
	socket.connection.setup.timeout.ms = 10000
	ssl.cipher.suites = null
	ssl.enabled.protocols = [TLSv1.2, TLSv1.3]
	ssl.endpoint.identification.algorithm = https
	ssl.engine.factory.class = null
	ssl.key.password = null
	ssl.keymanager.algorithm = SunX509
	ssl.keystore.certificate.chain = null
	ssl.keystore.key = null
	ssl.keystore.location = null
	ssl.keystore.password = null
	ssl.keystore.type = JKS
	ssl.protocol = TLSv1.3
	ssl.provider = null
	ssl.secure.random.implementation = null
	ssl.trustmanager.algorithm = PKIX
	ssl.truststore.certificates = null
	ssl.truststore.location = null
	ssl.truststore.password = null
	ssl.truststore.type = JKS
	transaction.timeout.ms = 60000
	transactional.id = null
	value.serializer = class io.apicurio.registry.serde.avro.AvroKafkaSerializer

2025-09-02 18:20:47,354 INFO  [org.apa.kaf.com.tel.int.KafkaMetricsCollector] (main) initializing Kafka metrics collector
2025-09-02 18:20:47,358 INFO  [org.apa.kaf.cli.pro.KafkaProducer] (main) [Producer clientId=Producer-topic-3199cd40_eb6e_4572_8b36_cce461b6cfd7] Instantiated an idempotent producer.
2025-09-02 18:20:47,361 INFO  [org.apa.kaf.cli.pro.ProducerConfig] (main) These configurations '[apicurio.registry.url, apicurio.registry.auto-register, apicurio.registry.artifact-resolver-strategy]' were supplied but are not used yet.
2025-09-02 18:20:47,361 INFO  [org.apa.kaf.com.uti.AppInfoParser] (main) Kafka version: 3.9.1
2025-09-02 18:20:47,361 INFO  [org.apa.kaf.com.uti.AppInfoParser] (main) Kafka commitId: f745dfdcee2b9851
2025-09-02 18:20:47,361 INFO  [org.apa.kaf.com.uti.AppInfoParser] (main) Kafka startTimeMs: 1756837247361
2025-09-02 18:20:47,361 INFO  [io.api.tes.ser.api.SimpleSerdesTesterBuilder$SimpleSerdesTester] (main) Using producer configuration: {apicurio.registry.url=http://registry-app-mysql.apps.ci419.apicurio-testing.org:80/apis/registry/v3, apicurio.registry.auto-register=true, apicurio.registry.artifact-resolver-strategy=io.apicurio.registry.serde.strategy.TopicIdStrategy, value.serializer=io.apicurio.registry.serde.avro.AvroKafkaSerializer, request.timeout.ms=5000, acks=all, bootstrap.servers=PLAINTEXT://localhost:32769, connections.max.idle.ms=10000, key.serializer=org.apache.kafka.common.serialization.StringSerializer, client.id=Producer-topic-3199cd40_eb6e_4572_8b36_cce461b6cfd7}
2025-09-02 18:20:47,361 INFO  [io.api.tes.ser.api.SimpleSerdesTesterBuilder$SimpleSerdesTester] (main) Using consumer configuration: {}
2025-09-02 18:20:47,361 INFO  [io.api.tes.ser.api.KafkaSerdesTester] (ForkJoinPool.commonPool-worker-2) Sending message {"key11756837247351": "value-0"} to topic topic-3199cd40_eb6e_4572_8b36_cce461b6cfd7
2025-09-02 18:20:47,365 WARN  [org.apa.kaf.cli.NetworkClient] (kafka-producer-network-thread | Producer-topic-3199cd40_eb6e_4572_8b36_cce461b6cfd7) [Producer clientId=Producer-topic-3199cd40_eb6e_4572_8b36_cce461b6cfd7] The metadata response from the cluster reported a recoverable issue with correlation id 1 : {topic-3199cd40_eb6e_4572_8b36_cce461b6cfd7=UNKNOWN_TOPIC_OR_PARTITION}
2025-09-02 18:20:47,365 INFO  [org.apa.kaf.cli.Metadata] (kafka-producer-network-thread | Producer-topic-3199cd40_eb6e_4572_8b36_cce461b6cfd7) [Producer clientId=Producer-topic-3199cd40_eb6e_4572_8b36_cce461b6cfd7] Cluster ID: zhgBwCfeQnC1PCRKjnRbQg
2025-09-02 18:20:47,366 INFO  [org.apa.kaf.cli.pro.int.TransactionManager] (kafka-producer-network-thread | Producer-topic-3199cd40_eb6e_4572_8b36_cce461b6cfd7) [Producer clientId=Producer-topic-3199cd40_eb6e_4572_8b36_cce461b6cfd7] ProducerId set to 4 with epoch 0
2025-09-02 18:20:47,571 INFO  [io.api.tes.ser.api.KafkaSerdesTester] (ForkJoinPool.commonPool-worker-2) Sending message {"key11756837247351": "value-1"} to topic topic-3199cd40_eb6e_4572_8b36_cce461b6cfd7
2025-09-02 18:20:47,573 INFO  [io.api.tes.ser.api.KafkaSerdesTester] (ForkJoinPool.commonPool-worker-2) Sending message {"key11756837247351": "value-2"} to topic topic-3199cd40_eb6e_4572_8b36_cce461b6cfd7
2025-09-02 18:20:47,575 INFO  [io.api.tes.ser.api.KafkaSerdesTester] (ForkJoinPool.commonPool-worker-2) Sending message {"key11756837247351": "value-3"} to topic topic-3199cd40_eb6e_4572_8b36_cce461b6cfd7
2025-09-02 18:20:47,576 INFO  [io.api.tes.ser.api.KafkaSerdesTester] (ForkJoinPool.commonPool-worker-2) Sending message {"key11756837247351": "value-4"} to topic topic-3199cd40_eb6e_4572_8b36_cce461b6cfd7
2025-09-02 18:20:47,578 INFO  [io.api.tes.ser.api.KafkaSerdesTester] (ForkJoinPool.commonPool-worker-2) Sending message {"key11756837247351": "value-5"} to topic topic-3199cd40_eb6e_4572_8b36_cce461b6cfd7
2025-09-02 18:20:47,579 INFO  [io.api.tes.ser.api.KafkaSerdesTester] (ForkJoinPool.commonPool-worker-2) Sending message {"key11756837247351": "value-6"} to topic topic-3199cd40_eb6e_4572_8b36_cce461b6cfd7
2025-09-02 18:20:47,581 INFO  [io.api.tes.ser.api.KafkaSerdesTester] (ForkJoinPool.commonPool-worker-2) Sending message {"key11756837247351": "value-7"} to topic topic-3199cd40_eb6e_4572_8b36_cce461b6cfd7
2025-09-02 18:20:47,582 INFO  [io.api.tes.ser.api.KafkaSerdesTester] (ForkJoinPool.commonPool-worker-2) Sending message {"key11756837247351": "value-8"} to topic topic-3199cd40_eb6e_4572_8b36_cce461b6cfd7
2025-09-02 18:20:47,584 INFO  [io.api.tes.ser.api.KafkaSerdesTester] (ForkJoinPool.commonPool-worker-2) Sending message {"key11756837247351": "value-9"} to topic topic-3199cd40_eb6e_4572_8b36_cce461b6cfd7
2025-09-02 18:20:47,586 INFO  [io.api.tes.ser.api.KafkaSerdesTester] (ForkJoinPool.commonPool-worker-2) Produced 10 messages
2025-09-02 18:20:47,586 INFO  [org.apa.kaf.cli.pro.KafkaProducer] (ForkJoinPool.commonPool-worker-2) [Producer clientId=Producer-topic-3199cd40_eb6e_4572_8b36_cce461b6cfd7] Closing the Kafka producer with timeoutMillis = 9223372036854775807 ms.
2025-09-02 18:20:47,588 INFO  [org.apa.kaf.com.met.Metrics] (ForkJoinPool.commonPool-worker-2) Metrics scheduler closed
2025-09-02 18:20:47,588 INFO  [org.apa.kaf.com.met.Metrics] (ForkJoinPool.commonPool-worker-2) Closing reporter org.apache.kafka.common.metrics.JmxReporter
2025-09-02 18:20:47,589 INFO  [org.apa.kaf.com.met.Metrics] (ForkJoinPool.commonPool-worker-2) Closing reporter org.apache.kafka.common.telemetry.internals.ClientTelemetryReporter
2025-09-02 18:20:47,589 INFO  [org.apa.kaf.com.met.Metrics] (ForkJoinPool.commonPool-worker-2) Metrics reporters closed
2025-09-02 18:20:47,589 INFO  [org.apa.kaf.com.uti.AppInfoParser] (ForkJoinPool.commonPool-worker-2) App info kafka.producer for Producer-topic-3199cd40_eb6e_4572_8b36_cce461b6cfd7 unregistered
**** Registry Base URL: http://registry-app-mysql.apps.ci419.apicurio-testing.org:80
2025-09-02 18:20:47,677 INFO  [org.apa.kaf.cli.con.ConsumerConfig] (main) ConsumerConfig values: 
	allow.auto.create.topics = true
	auto.commit.interval.ms = 500
	auto.include.jmx.reporter = true
	auto.offset.reset = earliest
	bootstrap.servers = [PLAINTEXT://localhost:32769]
	check.crcs = true
	client.dns.lookup = use_all_dns_ips
	client.id = consumer-Consumer-topic-3199cd40_eb6e_4572_8b36_cce461b6cfd7-4
	client.rack = 
	connections.max.idle.ms = 10000
	default.api.timeout.ms = 60000
	enable.auto.commit = true
	enable.metrics.push = true
	exclude.internal.topics = true
	fetch.max.bytes = 52428800
	fetch.max.wait.ms = 500
	fetch.min.bytes = 1
	group.id = Consumer-topic-3199cd40_eb6e_4572_8b36_cce461b6cfd7
	group.instance.id = null
	group.protocol = classic
	group.remote.assignor = null
	heartbeat.interval.ms = 3000
	interceptor.classes = []
	internal.leave.group.on.close = true
	internal.throw.on.fetch.stable.offset.unsupported = false
	isolation.level = read_uncommitted
	key.deserializer = class org.apache.kafka.common.serialization.StringDeserializer
	max.partition.fetch.bytes = 1048576
	max.poll.interval.ms = 300000
	max.poll.records = 500
	metadata.max.age.ms = 300000
	metadata.recovery.strategy = none
	metric.reporters = []
	metrics.num.samples = 2
	metrics.recording.level = INFO
	metrics.sample.window.ms = 30000
	partition.assignment.strategy = [class org.apache.kafka.clients.consumer.RangeAssignor, class org.apache.kafka.clients.consumer.CooperativeStickyAssignor]
	receive.buffer.bytes = 65536
	reconnect.backoff.max.ms = 1000
	reconnect.backoff.ms = 50
	request.timeout.ms = 5000
	retry.backoff.max.ms = 1000
	retry.backoff.ms = 100
	sasl.client.callback.handler.class = null
	sasl.jaas.config = null
	sasl.kerberos.kinit.cmd = /usr/bin/kinit
	sasl.kerberos.min.time.before.relogin = 60000
	sasl.kerberos.service.name = null
	sasl.kerberos.ticket.renew.jitter = 0.05
	sasl.kerberos.ticket.renew.window.factor = 0.8
	sasl.login.callback.handler.class = null
	sasl.login.class = null
	sasl.login.connect.timeout.ms = null
	sasl.login.read.timeout.ms = null
	sasl.login.refresh.buffer.seconds = 300
	sasl.login.refresh.min.period.seconds = 60
	sasl.login.refresh.window.factor = 0.8
	sasl.login.refresh.window.jitter = 0.05
	sasl.login.retry.backoff.max.ms = 10000
	sasl.login.retry.backoff.ms = 100
	sasl.mechanism = GSSAPI
	sasl.oauthbearer.clock.skew.seconds = 30
	sasl.oauthbearer.expected.audience = null
	sasl.oauthbearer.expected.issuer = null
	sasl.oauthbearer.header.urlencode = false
	sasl.oauthbearer.jwks.endpoint.refresh.ms = 3600000
	sasl.oauthbearer.jwks.endpoint.retry.backoff.max.ms = 10000
	sasl.oauthbearer.jwks.endpoint.retry.backoff.ms = 100
	sasl.oauthbearer.jwks.endpoint.url = null
	sasl.oauthbearer.scope.claim.name = scope
	sasl.oauthbearer.sub.claim.name = sub
	sasl.oauthbearer.token.endpoint.url = null
	security.protocol = PLAINTEXT
	security.providers = null
	send.buffer.bytes = 131072
	session.timeout.ms = 45000
	socket.connection.setup.timeout.max.ms = 30000
	socket.connection.setup.timeout.ms = 10000
	ssl.cipher.suites = null
	ssl.enabled.protocols = [TLSv1.2, TLSv1.3]
	ssl.endpoint.identification.algorithm = https
	ssl.engine.factory.class = null
	ssl.key.password = null
	ssl.keymanager.algorithm = SunX509
	ssl.keystore.certificate.chain = null
	ssl.keystore.key = null
	ssl.keystore.location = null
	ssl.keystore.password = null
	ssl.keystore.type = JKS
	ssl.protocol = TLSv1.3
	ssl.provider = null
	ssl.secure.random.implementation = null
	ssl.trustmanager.algorithm = PKIX
	ssl.truststore.certificates = null
	ssl.truststore.location = null
	ssl.truststore.password = null
	ssl.truststore.type = JKS
	value.deserializer = class io.apicurio.registry.serde.avro.AvroKafkaDeserializer

2025-09-02 18:20:47,678 INFO  [org.apa.kaf.com.tel.int.KafkaMetricsCollector] (main) initializing Kafka metrics collector
2025-09-02 18:20:47,684 INFO  [org.apa.kaf.cli.con.ConsumerConfig] (main) These configurations '[apicurio.registry.url]' were supplied but are not used yet.
2025-09-02 18:20:47,684 INFO  [org.apa.kaf.com.uti.AppInfoParser] (main) Kafka version: 3.9.1
2025-09-02 18:20:47,684 INFO  [org.apa.kaf.com.uti.AppInfoParser] (main) Kafka commitId: f745dfdcee2b9851
2025-09-02 18:20:47,684 INFO  [org.apa.kaf.com.uti.AppInfoParser] (main) Kafka startTimeMs: 1756837247684
2025-09-02 18:20:47,685 INFO  [org.apa.kaf.cli.con.int.ClassicKafkaConsumer] (ForkJoinPool.commonPool-worker-2) [Consumer clientId=consumer-Consumer-topic-3199cd40_eb6e_4572_8b36_cce461b6cfd7-4, groupId=Consumer-topic-3199cd40_eb6e_4572_8b36_cce461b6cfd7] Subscribed to topic(s): topic-3199cd40_eb6e_4572_8b36_cce461b6cfd7
2025-09-02 18:20:47,689 INFO  [org.apa.kaf.cli.Metadata] (ForkJoinPool.commonPool-worker-2) [Consumer clientId=consumer-Consumer-topic-3199cd40_eb6e_4572_8b36_cce461b6cfd7-4, groupId=Consumer-topic-3199cd40_eb6e_4572_8b36_cce461b6cfd7] Cluster ID: zhgBwCfeQnC1PCRKjnRbQg
2025-09-02 18:20:47,690 INFO  [org.apa.kaf.cli.con.int.ConsumerCoordinator] (ForkJoinPool.commonPool-worker-2) [Consumer clientId=consumer-Consumer-topic-3199cd40_eb6e_4572_8b36_cce461b6cfd7-4, groupId=Consumer-topic-3199cd40_eb6e_4572_8b36_cce461b6cfd7] Discovered group coordinator localhost:32769 (id: 2147483647 rack: null)
2025-09-02 18:20:47,691 INFO  [org.apa.kaf.cli.con.int.ConsumerCoordinator] (ForkJoinPool.commonPool-worker-2) [Consumer clientId=consumer-Consumer-topic-3199cd40_eb6e_4572_8b36_cce461b6cfd7-4, groupId=Consumer-topic-3199cd40_eb6e_4572_8b36_cce461b6cfd7] (Re-)joining group
2025-09-02 18:20:47,694 INFO  [org.apa.kaf.cli.con.int.ConsumerCoordinator] (ForkJoinPool.commonPool-worker-2) [Consumer clientId=consumer-Consumer-topic-3199cd40_eb6e_4572_8b36_cce461b6cfd7-4, groupId=Consumer-topic-3199cd40_eb6e_4572_8b36_cce461b6cfd7] Request joining group due to: need to re-join with the given member-id: consumer-Consumer-topic-3199cd40_eb6e_4572_8b36_cce461b6cfd7-4-6ed4d74b-1c81-4b24-9b4a-cb037338e916
2025-09-02 18:20:47,694 INFO  [org.apa.kaf.cli.con.int.ConsumerCoordinator] (ForkJoinPool.commonPool-worker-2) [Consumer clientId=consumer-Consumer-topic-3199cd40_eb6e_4572_8b36_cce461b6cfd7-4, groupId=Consumer-topic-3199cd40_eb6e_4572_8b36_cce461b6cfd7] (Re-)joining group
2025-09-02 18:20:48,685 INFO  [io.api.tes.ser.api.KafkaSerdesTester] (ForkJoinPool.commonPool-worker-2) None found
2025-09-02 18:20:49,686 INFO  [io.api.tes.ser.api.KafkaSerdesTester] (ForkJoinPool.commonPool-worker-2) None found
2025-09-02 18:20:50,687 INFO  [io.api.tes.ser.api.KafkaSerdesTester] (ForkJoinPool.commonPool-worker-2) None found
2025-09-02 18:20:50,696 INFO  [org.apa.kaf.cli.con.int.ConsumerCoordinator] (ForkJoinPool.commonPool-worker-2) [Consumer clientId=consumer-Consumer-topic-3199cd40_eb6e_4572_8b36_cce461b6cfd7-4, groupId=Consumer-topic-3199cd40_eb6e_4572_8b36_cce461b6cfd7] Successfully joined group with generation Generation{generationId=1, memberId='consumer-Consumer-topic-3199cd40_eb6e_4572_8b36_cce461b6cfd7-4-6ed4d74b-1c81-4b24-9b4a-cb037338e916', protocol='range'}
2025-09-02 18:20:50,696 INFO  [org.apa.kaf.cli.con.int.ConsumerCoordinator] (ForkJoinPool.commonPool-worker-2) [Consumer clientId=consumer-Consumer-topic-3199cd40_eb6e_4572_8b36_cce461b6cfd7-4, groupId=Consumer-topic-3199cd40_eb6e_4572_8b36_cce461b6cfd7] Finished assignment for group at generation 1: {consumer-Consumer-topic-3199cd40_eb6e_4572_8b36_cce461b6cfd7-4-6ed4d74b-1c81-4b24-9b4a-cb037338e916=Assignment(partitions=[topic-3199cd40_eb6e_4572_8b36_cce461b6cfd7-0])}
2025-09-02 18:20:50,704 INFO  [org.apa.kaf.cli.con.int.ConsumerCoordinator] (ForkJoinPool.commonPool-worker-2) [Consumer clientId=consumer-Consumer-topic-3199cd40_eb6e_4572_8b36_cce461b6cfd7-4, groupId=Consumer-topic-3199cd40_eb6e_4572_8b36_cce461b6cfd7] Successfully synced group in generation Generation{generationId=1, memberId='consumer-Consumer-topic-3199cd40_eb6e_4572_8b36_cce461b6cfd7-4-6ed4d74b-1c81-4b24-9b4a-cb037338e916', protocol='range'}
2025-09-02 18:20:50,704 INFO  [org.apa.kaf.cli.con.int.ConsumerCoordinator] (ForkJoinPool.commonPool-worker-2) [Consumer clientId=consumer-Consumer-topic-3199cd40_eb6e_4572_8b36_cce461b6cfd7-4, groupId=Consumer-topic-3199cd40_eb6e_4572_8b36_cce461b6cfd7] Notifying assignor about the new Assignment(partitions=[topic-3199cd40_eb6e_4572_8b36_cce461b6cfd7-0])
2025-09-02 18:20:50,704 INFO  [org.apa.kaf.cli.con.int.ConsumerRebalanceListenerInvoker] (ForkJoinPool.commonPool-worker-2) [Consumer clientId=consumer-Consumer-topic-3199cd40_eb6e_4572_8b36_cce461b6cfd7-4, groupId=Consumer-topic-3199cd40_eb6e_4572_8b36_cce461b6cfd7] Adding newly assigned partitions: topic-3199cd40_eb6e_4572_8b36_cce461b6cfd7-0
2025-09-02 18:20:50,705 INFO  [org.apa.kaf.cli.con.int.ConsumerCoordinator] (ForkJoinPool.commonPool-worker-2) [Consumer clientId=consumer-Consumer-topic-3199cd40_eb6e_4572_8b36_cce461b6cfd7-4, groupId=Consumer-topic-3199cd40_eb6e_4572_8b36_cce461b6cfd7] Found no committed offset for partition topic-3199cd40_eb6e_4572_8b36_cce461b6cfd7-0
2025-09-02 18:20:50,708 INFO  [org.apa.kaf.cli.con.int.SubscriptionState] (ForkJoinPool.commonPool-worker-2) [Consumer clientId=consumer-Consumer-topic-3199cd40_eb6e_4572_8b36_cce461b6cfd7-4, groupId=Consumer-topic-3199cd40_eb6e_4572_8b36_cce461b6cfd7] Resetting offset for partition topic-3199cd40_eb6e_4572_8b36_cce461b6cfd7-0 to position FetchPosition{offset=0, offsetEpoch=Optional.empty, currentLeader=LeaderAndEpoch{leader=Optional[localhost:32769 (id: 0 rack: null)], epoch=0}}.
2025-09-02 18:20:50,804 INFO  [io.api.tes.ser.api.KafkaSerdesTester] (ForkJoinPool.commonPool-worker-2) topic-3199cd40_eb6e_4572_8b36_cce461b6cfd7 0 0 {"key11756837247351": "value-0"}
2025-09-02 18:20:50,804 INFO  [io.api.tes.ser.api.KafkaSerdesTester] (ForkJoinPool.commonPool-worker-2) topic-3199cd40_eb6e_4572_8b36_cce461b6cfd7 0 1 {"key11756837247351": "value-1"}
2025-09-02 18:20:50,804 INFO  [io.api.tes.ser.api.KafkaSerdesTester] (ForkJoinPool.commonPool-worker-2) topic-3199cd40_eb6e_4572_8b36_cce461b6cfd7 0 2 {"key11756837247351": "value-2"}
2025-09-02 18:20:50,804 INFO  [io.api.tes.ser.api.KafkaSerdesTester] (ForkJoinPool.commonPool-worker-2) topic-3199cd40_eb6e_4572_8b36_cce461b6cfd7 0 3 {"key11756837247351": "value-3"}
2025-09-02 18:20:50,804 INFO  [io.api.tes.ser.api.KafkaSerdesTester] (ForkJoinPool.commonPool-worker-2) topic-3199cd40_eb6e_4572_8b36_cce461b6cfd7 0 4 {"key11756837247351": "value-4"}
2025-09-02 18:20:50,804 INFO  [io.api.tes.ser.api.KafkaSerdesTester] (ForkJoinPool.commonPool-worker-2) topic-3199cd40_eb6e_4572_8b36_cce461b6cfd7 0 5 {"key11756837247351": "value-5"}
2025-09-02 18:20:50,804 INFO  [io.api.tes.ser.api.KafkaSerdesTester] (ForkJoinPool.commonPool-worker-2) topic-3199cd40_eb6e_4572_8b36_cce461b6cfd7 0 6 {"key11756837247351": "value-6"}
2025-09-02 18:20:50,804 INFO  [io.api.tes.ser.api.KafkaSerdesTester] (ForkJoinPool.commonPool-worker-2) topic-3199cd40_eb6e_4572_8b36_cce461b6cfd7 0 7 {"key11756837247351": "value-7"}
2025-09-02 18:20:50,804 INFO  [io.api.tes.ser.api.KafkaSerdesTester] (ForkJoinPool.commonPool-worker-2) topic-3199cd40_eb6e_4572_8b36_cce461b6cfd7 0 8 {"key11756837247351": "value-8"}
2025-09-02 18:20:50,804 INFO  [io.api.tes.ser.api.KafkaSerdesTester] (ForkJoinPool.commonPool-worker-2) topic-3199cd40_eb6e_4572_8b36_cce461b6cfd7 0 9 {"key11756837247351": "value-9"}
2025-09-02 18:20:50,805 INFO  [io.api.tes.ser.api.KafkaSerdesTester] (ForkJoinPool.commonPool-worker-2) Consumed 10 messages
2025-09-02 18:20:50,812 INFO  [org.apa.kaf.cli.con.int.ConsumerRebalanceListenerInvoker] (ForkJoinPool.commonPool-worker-2) [Consumer clientId=consumer-Consumer-topic-3199cd40_eb6e_4572_8b36_cce461b6cfd7-4, groupId=Consumer-topic-3199cd40_eb6e_4572_8b36_cce461b6cfd7] Revoke previously assigned partitions topic-3199cd40_eb6e_4572_8b36_cce461b6cfd7-0
2025-09-02 18:20:50,812 INFO  [org.apa.kaf.cli.con.int.ConsumerCoordinator] (ForkJoinPool.commonPool-worker-2) [Consumer clientId=consumer-Consumer-topic-3199cd40_eb6e_4572_8b36_cce461b6cfd7-4, groupId=Consumer-topic-3199cd40_eb6e_4572_8b36_cce461b6cfd7] Member consumer-Consumer-topic-3199cd40_eb6e_4572_8b36_cce461b6cfd7-4-6ed4d74b-1c81-4b24-9b4a-cb037338e916 sending LeaveGroup request to coordinator localhost:32769 (id: 2147483647 rack: null) due to the consumer is being closed
2025-09-02 18:20:50,813 INFO  [org.apa.kaf.cli.con.int.ConsumerCoordinator] (ForkJoinPool.commonPool-worker-2) [Consumer clientId=consumer-Consumer-topic-3199cd40_eb6e_4572_8b36_cce461b6cfd7-4, groupId=Consumer-topic-3199cd40_eb6e_4572_8b36_cce461b6cfd7] Resetting generation and member id due to: consumer pro-actively leaving the group
2025-09-02 18:20:50,813 INFO  [org.apa.kaf.cli.con.int.ConsumerCoordinator] (ForkJoinPool.commonPool-worker-2) [Consumer clientId=consumer-Consumer-topic-3199cd40_eb6e_4572_8b36_cce461b6cfd7-4, groupId=Consumer-topic-3199cd40_eb6e_4572_8b36_cce461b6cfd7] Request joining group due to: consumer pro-actively leaving the group
2025-09-02 18:20:51,306 INFO  [org.apa.kaf.com.met.Metrics] (ForkJoinPool.commonPool-worker-2) Metrics scheduler closed
2025-09-02 18:20:51,306 INFO  [org.apa.kaf.com.met.Metrics] (ForkJoinPool.commonPool-worker-2) Closing reporter org.apache.kafka.common.metrics.JmxReporter
2025-09-02 18:20:51,306 INFO  [org.apa.kaf.com.met.Metrics] (ForkJoinPool.commonPool-worker-2) Closing reporter org.apache.kafka.common.telemetry.internals.ClientTelemetryReporter
2025-09-02 18:20:51,306 INFO  [org.apa.kaf.com.met.Metrics] (ForkJoinPool.commonPool-worker-2) Metrics reporters closed
2025-09-02 18:20:51,308 INFO  [org.apa.kaf.com.uti.AppInfoParser] (ForkJoinPool.commonPool-worker-2) App info kafka.consumer for consumer-Consumer-topic-3199cd40_eb6e_4572_8b36_cce461b6cfd7-4 unregistered
2025-09-02 18:20:51,371 INFO  [io.api.tes.uti.TestSeparator] (main) io.apicurio.tests.serdes.apicurio.AvroSerdeIT.testTopicIdStrategyAutoRegister-FINISHED
2025-09-02 18:20:51,371 INFO  [io.api.tes.uti.TestSeparator] (main) ############################################################################
Test passed: testTopicIdStrategyAutoRegister
]]></system-out>
  </testcase>
  <testcase name="testRecordIdStrategydFindLatest" classname="io.apicurio.tests.serdes.apicurio.AvroSerdeIT" time="4.899">
    <system-out><![CDATA[2025-09-02 18:20:51,372 INFO  [io.api.tes.uti.TestSeparator] (main) ############################################################################
2025-09-02 18:20:51,372 INFO  [io.api.tes.uti.TestSeparator] (main) io.apicurio.tests.serdes.apicurio.AvroSerdeIT.testRecordIdStrategydFindLatest-STARTED
2025-09-02 18:20:51,373 INFO  [io.api.tes.ser.api.AvroSerdeIT] (main) Registering Avro Schema: {"type":"record","name":"s6a479918x1d00x49c8xa776x9b6c2adc4430","namespace":"s980c0451xe3f0x436cx9e11xe6ecaa7f6c67","fields":[{"name":"key11756837251373","type":"string"}]}
**** Registry Base URL: http://registry-app-mysql.apps.ci419.apicurio-testing.org:80
2025-09-02 18:20:52,468 INFO  [org.apa.kaf.cli.pro.ProducerConfig] (main) ProducerConfig values: 
	acks = -1
	auto.include.jmx.reporter = true
	batch.size = 16384
	bootstrap.servers = [PLAINTEXT://localhost:32769]
	buffer.memory = 33554432
	client.dns.lookup = use_all_dns_ips
	client.id = Producer-topic-8c467ec3_538a_4d03_afa8_6917c46817c5
	compression.gzip.level = -1
	compression.lz4.level = 9
	compression.type = none
	compression.zstd.level = 3
	connections.max.idle.ms = 10000
	delivery.timeout.ms = 120000
	enable.idempotence = true
	enable.metrics.push = true
	interceptor.classes = []
	key.serializer = class org.apache.kafka.common.serialization.StringSerializer
	linger.ms = 0
	max.block.ms = 60000
	max.in.flight.requests.per.connection = 5
	max.request.size = 1048576
	metadata.max.age.ms = 300000
	metadata.max.idle.ms = 300000
	metadata.recovery.strategy = none
	metric.reporters = []
	metrics.num.samples = 2
	metrics.recording.level = INFO
	metrics.sample.window.ms = 30000
	partitioner.adaptive.partitioning.enable = true
	partitioner.availability.timeout.ms = 0
	partitioner.class = null
	partitioner.ignore.keys = false
	receive.buffer.bytes = 32768
	reconnect.backoff.max.ms = 1000
	reconnect.backoff.ms = 50
	request.timeout.ms = 5000
	retries = 2147483647
	retry.backoff.max.ms = 1000
	retry.backoff.ms = 100
	sasl.client.callback.handler.class = null
	sasl.jaas.config = null
	sasl.kerberos.kinit.cmd = /usr/bin/kinit
	sasl.kerberos.min.time.before.relogin = 60000
	sasl.kerberos.service.name = null
	sasl.kerberos.ticket.renew.jitter = 0.05
	sasl.kerberos.ticket.renew.window.factor = 0.8
	sasl.login.callback.handler.class = null
	sasl.login.class = null
	sasl.login.connect.timeout.ms = null
	sasl.login.read.timeout.ms = null
	sasl.login.refresh.buffer.seconds = 300
	sasl.login.refresh.min.period.seconds = 60
	sasl.login.refresh.window.factor = 0.8
	sasl.login.refresh.window.jitter = 0.05
	sasl.login.retry.backoff.max.ms = 10000
	sasl.login.retry.backoff.ms = 100
	sasl.mechanism = GSSAPI
	sasl.oauthbearer.clock.skew.seconds = 30
	sasl.oauthbearer.expected.audience = null
	sasl.oauthbearer.expected.issuer = null
	sasl.oauthbearer.header.urlencode = false
	sasl.oauthbearer.jwks.endpoint.refresh.ms = 3600000
	sasl.oauthbearer.jwks.endpoint.retry.backoff.max.ms = 10000
	sasl.oauthbearer.jwks.endpoint.retry.backoff.ms = 100
	sasl.oauthbearer.jwks.endpoint.url = null
	sasl.oauthbearer.scope.claim.name = scope
	sasl.oauthbearer.sub.claim.name = sub
	sasl.oauthbearer.token.endpoint.url = null
	security.protocol = PLAINTEXT
	security.providers = null
	send.buffer.bytes = 131072
	socket.connection.setup.timeout.max.ms = 30000
	socket.connection.setup.timeout.ms = 10000
	ssl.cipher.suites = null
	ssl.enabled.protocols = [TLSv1.2, TLSv1.3]
	ssl.endpoint.identification.algorithm = https
	ssl.engine.factory.class = null
	ssl.key.password = null
	ssl.keymanager.algorithm = SunX509
	ssl.keystore.certificate.chain = null
	ssl.keystore.key = null
	ssl.keystore.location = null
	ssl.keystore.password = null
	ssl.keystore.type = JKS
	ssl.protocol = TLSv1.3
	ssl.provider = null
	ssl.secure.random.implementation = null
	ssl.trustmanager.algorithm = PKIX
	ssl.truststore.certificates = null
	ssl.truststore.location = null
	ssl.truststore.password = null
	ssl.truststore.type = JKS
	transaction.timeout.ms = 60000
	transactional.id = null
	value.serializer = class io.apicurio.registry.serde.avro.AvroKafkaSerializer

2025-09-02 18:20:52,468 INFO  [org.apa.kaf.com.tel.int.KafkaMetricsCollector] (main) initializing Kafka metrics collector
2025-09-02 18:20:52,471 INFO  [org.apa.kaf.cli.pro.KafkaProducer] (main) [Producer clientId=Producer-topic-8c467ec3_538a_4d03_afa8_6917c46817c5] Instantiated an idempotent producer.
2025-09-02 18:20:52,473 INFO  [org.apa.kaf.cli.pro.ProducerConfig] (main) These configurations '[apicurio.registry.find-latest, apicurio.registry.url, apicurio.registry.artifact-resolver-strategy]' were supplied but are not used yet.
2025-09-02 18:20:52,473 INFO  [org.apa.kaf.com.uti.AppInfoParser] (main) Kafka version: 3.9.1
2025-09-02 18:20:52,473 INFO  [org.apa.kaf.com.uti.AppInfoParser] (main) Kafka commitId: f745dfdcee2b9851
2025-09-02 18:20:52,473 INFO  [org.apa.kaf.com.uti.AppInfoParser] (main) Kafka startTimeMs: 1756837252473
2025-09-02 18:20:52,474 INFO  [io.api.tes.ser.api.SimpleSerdesTesterBuilder$SimpleSerdesTester] (main) Using producer configuration: {apicurio.registry.find-latest=true, apicurio.registry.url=http://registry-app-mysql.apps.ci419.apicurio-testing.org:80/apis/registry/v3, apicurio.registry.artifact-resolver-strategy=io.apicurio.registry.serde.avro.strategy.RecordIdStrategy, value.serializer=io.apicurio.registry.serde.avro.AvroKafkaSerializer, request.timeout.ms=5000, acks=all, bootstrap.servers=PLAINTEXT://localhost:32769, connections.max.idle.ms=10000, key.serializer=org.apache.kafka.common.serialization.StringSerializer, client.id=Producer-topic-8c467ec3_538a_4d03_afa8_6917c46817c5}
2025-09-02 18:20:52,474 INFO  [io.api.tes.ser.api.SimpleSerdesTesterBuilder$SimpleSerdesTester] (main) Using consumer configuration: {}
2025-09-02 18:20:52,474 INFO  [io.api.tes.ser.api.KafkaSerdesTester] (ForkJoinPool.commonPool-worker-2) Sending message {"key11756837251373": "value-0"} to topic topic-8c467ec3_538a_4d03_afa8_6917c46817c5
2025-09-02 18:20:52,477 INFO  [org.apa.kaf.cli.Metadata] (kafka-producer-network-thread | Producer-topic-8c467ec3_538a_4d03_afa8_6917c46817c5) [Producer clientId=Producer-topic-8c467ec3_538a_4d03_afa8_6917c46817c5] Cluster ID: zhgBwCfeQnC1PCRKjnRbQg
2025-09-02 18:20:52,477 INFO  [org.apa.kaf.cli.pro.int.TransactionManager] (kafka-producer-network-thread | Producer-topic-8c467ec3_538a_4d03_afa8_6917c46817c5) [Producer clientId=Producer-topic-8c467ec3_538a_4d03_afa8_6917c46817c5] ProducerId set to 5 with epoch 0
2025-09-02 18:20:52,617 INFO  [io.api.tes.ser.api.KafkaSerdesTester] (ForkJoinPool.commonPool-worker-2) Sending message {"key11756837251373": "value-1"} to topic topic-8c467ec3_538a_4d03_afa8_6917c46817c5
2025-09-02 18:20:52,619 INFO  [io.api.tes.ser.api.KafkaSerdesTester] (ForkJoinPool.commonPool-worker-2) Sending message {"key11756837251373": "value-2"} to topic topic-8c467ec3_538a_4d03_afa8_6917c46817c5
2025-09-02 18:20:52,621 INFO  [io.api.tes.ser.api.KafkaSerdesTester] (ForkJoinPool.commonPool-worker-2) Sending message {"key11756837251373": "value-3"} to topic topic-8c467ec3_538a_4d03_afa8_6917c46817c5
2025-09-02 18:20:52,623 INFO  [io.api.tes.ser.api.KafkaSerdesTester] (ForkJoinPool.commonPool-worker-2) Sending message {"key11756837251373": "value-4"} to topic topic-8c467ec3_538a_4d03_afa8_6917c46817c5
2025-09-02 18:20:52,625 INFO  [io.api.tes.ser.api.KafkaSerdesTester] (ForkJoinPool.commonPool-worker-2) Sending message {"key11756837251373": "value-5"} to topic topic-8c467ec3_538a_4d03_afa8_6917c46817c5
2025-09-02 18:20:52,627 INFO  [io.api.tes.ser.api.KafkaSerdesTester] (ForkJoinPool.commonPool-worker-2) Sending message {"key11756837251373": "value-6"} to topic topic-8c467ec3_538a_4d03_afa8_6917c46817c5
2025-09-02 18:20:52,629 INFO  [io.api.tes.ser.api.KafkaSerdesTester] (ForkJoinPool.commonPool-worker-2) Sending message {"key11756837251373": "value-7"} to topic topic-8c467ec3_538a_4d03_afa8_6917c46817c5
2025-09-02 18:20:52,631 INFO  [io.api.tes.ser.api.KafkaSerdesTester] (ForkJoinPool.commonPool-worker-2) Sending message {"key11756837251373": "value-8"} to topic topic-8c467ec3_538a_4d03_afa8_6917c46817c5
2025-09-02 18:20:52,632 INFO  [io.api.tes.ser.api.KafkaSerdesTester] (ForkJoinPool.commonPool-worker-2) Sending message {"key11756837251373": "value-9"} to topic topic-8c467ec3_538a_4d03_afa8_6917c46817c5
2025-09-02 18:20:52,634 INFO  [io.api.tes.ser.api.KafkaSerdesTester] (ForkJoinPool.commonPool-worker-2) Produced 10 messages
2025-09-02 18:20:52,634 INFO  [org.apa.kaf.cli.pro.KafkaProducer] (ForkJoinPool.commonPool-worker-2) [Producer clientId=Producer-topic-8c467ec3_538a_4d03_afa8_6917c46817c5] Closing the Kafka producer with timeoutMillis = 9223372036854775807 ms.
2025-09-02 18:20:52,636 INFO  [org.apa.kaf.com.met.Metrics] (ForkJoinPool.commonPool-worker-2) Metrics scheduler closed
2025-09-02 18:20:52,636 INFO  [org.apa.kaf.com.met.Metrics] (ForkJoinPool.commonPool-worker-2) Closing reporter org.apache.kafka.common.metrics.JmxReporter
2025-09-02 18:20:52,636 INFO  [org.apa.kaf.com.met.Metrics] (ForkJoinPool.commonPool-worker-2) Closing reporter org.apache.kafka.common.telemetry.internals.ClientTelemetryReporter
2025-09-02 18:20:52,636 INFO  [org.apa.kaf.com.met.Metrics] (ForkJoinPool.commonPool-worker-2) Metrics reporters closed
2025-09-02 18:20:52,636 INFO  [org.apa.kaf.com.uti.AppInfoParser] (ForkJoinPool.commonPool-worker-2) App info kafka.producer for Producer-topic-8c467ec3_538a_4d03_afa8_6917c46817c5 unregistered
**** Registry Base URL: http://registry-app-mysql.apps.ci419.apicurio-testing.org:80
2025-09-02 18:20:52,637 INFO  [org.apa.kaf.cli.con.ConsumerConfig] (main) ConsumerConfig values: 
	allow.auto.create.topics = true
	auto.commit.interval.ms = 500
	auto.include.jmx.reporter = true
	auto.offset.reset = earliest
	bootstrap.servers = [PLAINTEXT://localhost:32769]
	check.crcs = true
	client.dns.lookup = use_all_dns_ips
	client.id = consumer-Consumer-topic-8c467ec3_538a_4d03_afa8_6917c46817c5-5
	client.rack = 
	connections.max.idle.ms = 10000
	default.api.timeout.ms = 60000
	enable.auto.commit = true
	enable.metrics.push = true
	exclude.internal.topics = true
	fetch.max.bytes = 52428800
	fetch.max.wait.ms = 500
	fetch.min.bytes = 1
	group.id = Consumer-topic-8c467ec3_538a_4d03_afa8_6917c46817c5
	group.instance.id = null
	group.protocol = classic
	group.remote.assignor = null
	heartbeat.interval.ms = 3000
	interceptor.classes = []
	internal.leave.group.on.close = true
	internal.throw.on.fetch.stable.offset.unsupported = false
	isolation.level = read_uncommitted
	key.deserializer = class org.apache.kafka.common.serialization.StringDeserializer
	max.partition.fetch.bytes = 1048576
	max.poll.interval.ms = 300000
	max.poll.records = 500
	metadata.max.age.ms = 300000
	metadata.recovery.strategy = none
	metric.reporters = []
	metrics.num.samples = 2
	metrics.recording.level = INFO
	metrics.sample.window.ms = 30000
	partition.assignment.strategy = [class org.apache.kafka.clients.consumer.RangeAssignor, class org.apache.kafka.clients.consumer.CooperativeStickyAssignor]
	receive.buffer.bytes = 65536
	reconnect.backoff.max.ms = 1000
	reconnect.backoff.ms = 50
	request.timeout.ms = 5000
	retry.backoff.max.ms = 1000
	retry.backoff.ms = 100
	sasl.client.callback.handler.class = null
	sasl.jaas.config = null
	sasl.kerberos.kinit.cmd = /usr/bin/kinit
	sasl.kerberos.min.time.before.relogin = 60000
	sasl.kerberos.service.name = null
	sasl.kerberos.ticket.renew.jitter = 0.05
	sasl.kerberos.ticket.renew.window.factor = 0.8
	sasl.login.callback.handler.class = null
	sasl.login.class = null
	sasl.login.connect.timeout.ms = null
	sasl.login.read.timeout.ms = null
	sasl.login.refresh.buffer.seconds = 300
	sasl.login.refresh.min.period.seconds = 60
	sasl.login.refresh.window.factor = 0.8
	sasl.login.refresh.window.jitter = 0.05
	sasl.login.retry.backoff.max.ms = 10000
	sasl.login.retry.backoff.ms = 100
	sasl.mechanism = GSSAPI
	sasl.oauthbearer.clock.skew.seconds = 30
	sasl.oauthbearer.expected.audience = null
	sasl.oauthbearer.expected.issuer = null
	sasl.oauthbearer.header.urlencode = false
	sasl.oauthbearer.jwks.endpoint.refresh.ms = 3600000
	sasl.oauthbearer.jwks.endpoint.retry.backoff.max.ms = 10000
	sasl.oauthbearer.jwks.endpoint.retry.backoff.ms = 100
	sasl.oauthbearer.jwks.endpoint.url = null
	sasl.oauthbearer.scope.claim.name = scope
	sasl.oauthbearer.sub.claim.name = sub
	sasl.oauthbearer.token.endpoint.url = null
	security.protocol = PLAINTEXT
	security.providers = null
	send.buffer.bytes = 131072
	session.timeout.ms = 45000
	socket.connection.setup.timeout.max.ms = 30000
	socket.connection.setup.timeout.ms = 10000
	ssl.cipher.suites = null
	ssl.enabled.protocols = [TLSv1.2, TLSv1.3]
	ssl.endpoint.identification.algorithm = https
	ssl.engine.factory.class = null
	ssl.key.password = null
	ssl.keymanager.algorithm = SunX509
	ssl.keystore.certificate.chain = null
	ssl.keystore.key = null
	ssl.keystore.location = null
	ssl.keystore.password = null
	ssl.keystore.type = JKS
	ssl.protocol = TLSv1.3
	ssl.provider = null
	ssl.secure.random.implementation = null
	ssl.trustmanager.algorithm = PKIX
	ssl.truststore.certificates = null
	ssl.truststore.location = null
	ssl.truststore.password = null
	ssl.truststore.type = JKS
	value.deserializer = class io.apicurio.registry.serde.avro.AvroKafkaDeserializer

2025-09-02 18:20:52,637 INFO  [org.apa.kaf.com.tel.int.KafkaMetricsCollector] (main) initializing Kafka metrics collector
2025-09-02 18:20:52,644 INFO  [org.apa.kaf.cli.con.ConsumerConfig] (main) These configurations '[apicurio.registry.url]' were supplied but are not used yet.
2025-09-02 18:20:52,644 INFO  [org.apa.kaf.com.uti.AppInfoParser] (main) Kafka version: 3.9.1
2025-09-02 18:20:52,644 INFO  [org.apa.kaf.com.uti.AppInfoParser] (main) Kafka commitId: f745dfdcee2b9851
2025-09-02 18:20:52,644 INFO  [org.apa.kaf.com.uti.AppInfoParser] (main) Kafka startTimeMs: 1756837252644
2025-09-02 18:20:52,644 INFO  [org.apa.kaf.cli.con.int.ClassicKafkaConsumer] (ForkJoinPool.commonPool-worker-2) [Consumer clientId=consumer-Consumer-topic-8c467ec3_538a_4d03_afa8_6917c46817c5-5, groupId=Consumer-topic-8c467ec3_538a_4d03_afa8_6917c46817c5] Subscribed to topic(s): topic-8c467ec3_538a_4d03_afa8_6917c46817c5
2025-09-02 18:20:52,649 INFO  [org.apa.kaf.cli.Metadata] (ForkJoinPool.commonPool-worker-2) [Consumer clientId=consumer-Consumer-topic-8c467ec3_538a_4d03_afa8_6917c46817c5-5, groupId=Consumer-topic-8c467ec3_538a_4d03_afa8_6917c46817c5] Cluster ID: zhgBwCfeQnC1PCRKjnRbQg
2025-09-02 18:20:52,651 INFO  [org.apa.kaf.cli.con.int.ConsumerCoordinator] (ForkJoinPool.commonPool-worker-2) [Consumer clientId=consumer-Consumer-topic-8c467ec3_538a_4d03_afa8_6917c46817c5-5, groupId=Consumer-topic-8c467ec3_538a_4d03_afa8_6917c46817c5] Discovered group coordinator localhost:32769 (id: 2147483647 rack: null)
2025-09-02 18:20:52,652 INFO  [org.apa.kaf.cli.con.int.ConsumerCoordinator] (ForkJoinPool.commonPool-worker-2) [Consumer clientId=consumer-Consumer-topic-8c467ec3_538a_4d03_afa8_6917c46817c5-5, groupId=Consumer-topic-8c467ec3_538a_4d03_afa8_6917c46817c5] (Re-)joining group
2025-09-02 18:20:52,655 INFO  [org.apa.kaf.cli.con.int.ConsumerCoordinator] (ForkJoinPool.commonPool-worker-2) [Consumer clientId=consumer-Consumer-topic-8c467ec3_538a_4d03_afa8_6917c46817c5-5, groupId=Consumer-topic-8c467ec3_538a_4d03_afa8_6917c46817c5] Request joining group due to: need to re-join with the given member-id: consumer-Consumer-topic-8c467ec3_538a_4d03_afa8_6917c46817c5-5-2f74ada0-2c6d-4355-ba33-356eafd49bc3
2025-09-02 18:20:52,655 INFO  [org.apa.kaf.cli.con.int.ConsumerCoordinator] (ForkJoinPool.commonPool-worker-2) [Consumer clientId=consumer-Consumer-topic-8c467ec3_538a_4d03_afa8_6917c46817c5-5, groupId=Consumer-topic-8c467ec3_538a_4d03_afa8_6917c46817c5] (Re-)joining group
2025-09-02 18:20:53,644 INFO  [io.api.tes.ser.api.KafkaSerdesTester] (ForkJoinPool.commonPool-worker-2) None found
2025-09-02 18:20:54,644 INFO  [io.api.tes.ser.api.KafkaSerdesTester] (ForkJoinPool.commonPool-worker-2) None found
2025-09-02 18:20:55,645 INFO  [io.api.tes.ser.api.KafkaSerdesTester] (ForkJoinPool.commonPool-worker-2) None found
2025-09-02 18:20:55,658 INFO  [org.apa.kaf.cli.con.int.ConsumerCoordinator] (ForkJoinPool.commonPool-worker-2) [Consumer clientId=consumer-Consumer-topic-8c467ec3_538a_4d03_afa8_6917c46817c5-5, groupId=Consumer-topic-8c467ec3_538a_4d03_afa8_6917c46817c5] Successfully joined group with generation Generation{generationId=1, memberId='consumer-Consumer-topic-8c467ec3_538a_4d03_afa8_6917c46817c5-5-2f74ada0-2c6d-4355-ba33-356eafd49bc3', protocol='range'}
2025-09-02 18:20:55,659 INFO  [org.apa.kaf.cli.con.int.ConsumerCoordinator] (ForkJoinPool.commonPool-worker-2) [Consumer clientId=consumer-Consumer-topic-8c467ec3_538a_4d03_afa8_6917c46817c5-5, groupId=Consumer-topic-8c467ec3_538a_4d03_afa8_6917c46817c5] Finished assignment for group at generation 1: {consumer-Consumer-topic-8c467ec3_538a_4d03_afa8_6917c46817c5-5-2f74ada0-2c6d-4355-ba33-356eafd49bc3=Assignment(partitions=[topic-8c467ec3_538a_4d03_afa8_6917c46817c5-0])}
2025-09-02 18:20:55,666 INFO  [org.apa.kaf.cli.con.int.ConsumerCoordinator] (ForkJoinPool.commonPool-worker-2) [Consumer clientId=consumer-Consumer-topic-8c467ec3_538a_4d03_afa8_6917c46817c5-5, groupId=Consumer-topic-8c467ec3_538a_4d03_afa8_6917c46817c5] Successfully synced group in generation Generation{generationId=1, memberId='consumer-Consumer-topic-8c467ec3_538a_4d03_afa8_6917c46817c5-5-2f74ada0-2c6d-4355-ba33-356eafd49bc3', protocol='range'}
2025-09-02 18:20:55,666 INFO  [org.apa.kaf.cli.con.int.ConsumerCoordinator] (ForkJoinPool.commonPool-worker-2) [Consumer clientId=consumer-Consumer-topic-8c467ec3_538a_4d03_afa8_6917c46817c5-5, groupId=Consumer-topic-8c467ec3_538a_4d03_afa8_6917c46817c5] Notifying assignor about the new Assignment(partitions=[topic-8c467ec3_538a_4d03_afa8_6917c46817c5-0])
2025-09-02 18:20:55,666 INFO  [org.apa.kaf.cli.con.int.ConsumerRebalanceListenerInvoker] (ForkJoinPool.commonPool-worker-2) [Consumer clientId=consumer-Consumer-topic-8c467ec3_538a_4d03_afa8_6917c46817c5-5, groupId=Consumer-topic-8c467ec3_538a_4d03_afa8_6917c46817c5] Adding newly assigned partitions: topic-8c467ec3_538a_4d03_afa8_6917c46817c5-0
2025-09-02 18:20:55,667 INFO  [org.apa.kaf.cli.con.int.ConsumerCoordinator] (ForkJoinPool.commonPool-worker-2) [Consumer clientId=consumer-Consumer-topic-8c467ec3_538a_4d03_afa8_6917c46817c5-5, groupId=Consumer-topic-8c467ec3_538a_4d03_afa8_6917c46817c5] Found no committed offset for partition topic-8c467ec3_538a_4d03_afa8_6917c46817c5-0
2025-09-02 18:20:55,669 INFO  [org.apa.kaf.cli.con.int.SubscriptionState] (ForkJoinPool.commonPool-worker-2) [Consumer clientId=consumer-Consumer-topic-8c467ec3_538a_4d03_afa8_6917c46817c5-5, groupId=Consumer-topic-8c467ec3_538a_4d03_afa8_6917c46817c5] Resetting offset for partition topic-8c467ec3_538a_4d03_afa8_6917c46817c5-0 to position FetchPosition{offset=0, offsetEpoch=Optional.empty, currentLeader=LeaderAndEpoch{leader=Optional[localhost:32769 (id: 0 rack: null)], epoch=0}}.
2025-09-02 18:20:55,765 INFO  [io.api.tes.ser.api.KafkaSerdesTester] (ForkJoinPool.commonPool-worker-2) topic-8c467ec3_538a_4d03_afa8_6917c46817c5 0 0 {"key11756837251373": "value-0"}
2025-09-02 18:20:55,765 INFO  [io.api.tes.ser.api.KafkaSerdesTester] (ForkJoinPool.commonPool-worker-2) topic-8c467ec3_538a_4d03_afa8_6917c46817c5 0 1 {"key11756837251373": "value-1"}
2025-09-02 18:20:55,765 INFO  [io.api.tes.ser.api.KafkaSerdesTester] (ForkJoinPool.commonPool-worker-2) topic-8c467ec3_538a_4d03_afa8_6917c46817c5 0 2 {"key11756837251373": "value-2"}
2025-09-02 18:20:55,765 INFO  [io.api.tes.ser.api.KafkaSerdesTester] (ForkJoinPool.commonPool-worker-2) topic-8c467ec3_538a_4d03_afa8_6917c46817c5 0 3 {"key11756837251373": "value-3"}
2025-09-02 18:20:55,766 INFO  [io.api.tes.ser.api.KafkaSerdesTester] (ForkJoinPool.commonPool-worker-2) topic-8c467ec3_538a_4d03_afa8_6917c46817c5 0 4 {"key11756837251373": "value-4"}
2025-09-02 18:20:55,766 INFO  [io.api.tes.ser.api.KafkaSerdesTester] (ForkJoinPool.commonPool-worker-2) topic-8c467ec3_538a_4d03_afa8_6917c46817c5 0 5 {"key11756837251373": "value-5"}
2025-09-02 18:20:55,766 INFO  [io.api.tes.ser.api.KafkaSerdesTester] (ForkJoinPool.commonPool-worker-2) topic-8c467ec3_538a_4d03_afa8_6917c46817c5 0 6 {"key11756837251373": "value-6"}
2025-09-02 18:20:55,766 INFO  [io.api.tes.ser.api.KafkaSerdesTester] (ForkJoinPool.commonPool-worker-2) topic-8c467ec3_538a_4d03_afa8_6917c46817c5 0 7 {"key11756837251373": "value-7"}
2025-09-02 18:20:55,766 INFO  [io.api.tes.ser.api.KafkaSerdesTester] (ForkJoinPool.commonPool-worker-2) topic-8c467ec3_538a_4d03_afa8_6917c46817c5 0 8 {"key11756837251373": "value-8"}
2025-09-02 18:20:55,766 INFO  [io.api.tes.ser.api.KafkaSerdesTester] (ForkJoinPool.commonPool-worker-2) topic-8c467ec3_538a_4d03_afa8_6917c46817c5 0 9 {"key11756837251373": "value-9"}
2025-09-02 18:20:55,766 INFO  [io.api.tes.ser.api.KafkaSerdesTester] (ForkJoinPool.commonPool-worker-2) Consumed 10 messages
2025-09-02 18:20:55,773 INFO  [org.apa.kaf.cli.con.int.ConsumerRebalanceListenerInvoker] (ForkJoinPool.commonPool-worker-2) [Consumer clientId=consumer-Consumer-topic-8c467ec3_538a_4d03_afa8_6917c46817c5-5, groupId=Consumer-topic-8c467ec3_538a_4d03_afa8_6917c46817c5] Revoke previously assigned partitions topic-8c467ec3_538a_4d03_afa8_6917c46817c5-0
2025-09-02 18:20:55,774 INFO  [org.apa.kaf.cli.con.int.ConsumerCoordinator] (ForkJoinPool.commonPool-worker-2) [Consumer clientId=consumer-Consumer-topic-8c467ec3_538a_4d03_afa8_6917c46817c5-5, groupId=Consumer-topic-8c467ec3_538a_4d03_afa8_6917c46817c5] Member consumer-Consumer-topic-8c467ec3_538a_4d03_afa8_6917c46817c5-5-2f74ada0-2c6d-4355-ba33-356eafd49bc3 sending LeaveGroup request to coordinator localhost:32769 (id: 2147483647 rack: null) due to the consumer is being closed
2025-09-02 18:20:55,774 INFO  [org.apa.kaf.cli.con.int.ConsumerCoordinator] (ForkJoinPool.commonPool-worker-2) [Consumer clientId=consumer-Consumer-topic-8c467ec3_538a_4d03_afa8_6917c46817c5-5, groupId=Consumer-topic-8c467ec3_538a_4d03_afa8_6917c46817c5] Resetting generation and member id due to: consumer pro-actively leaving the group
2025-09-02 18:20:55,774 INFO  [org.apa.kaf.cli.con.int.ConsumerCoordinator] (ForkJoinPool.commonPool-worker-2) [Consumer clientId=consumer-Consumer-topic-8c467ec3_538a_4d03_afa8_6917c46817c5-5, groupId=Consumer-topic-8c467ec3_538a_4d03_afa8_6917c46817c5] Request joining group due to: consumer pro-actively leaving the group
2025-09-02 18:20:56,268 INFO  [org.apa.kaf.com.met.Metrics] (ForkJoinPool.commonPool-worker-2) Metrics scheduler closed
2025-09-02 18:20:56,268 INFO  [org.apa.kaf.com.met.Metrics] (ForkJoinPool.commonPool-worker-2) Closing reporter org.apache.kafka.common.metrics.JmxReporter
2025-09-02 18:20:56,268 INFO  [org.apa.kaf.com.met.Metrics] (ForkJoinPool.commonPool-worker-2) Closing reporter org.apache.kafka.common.telemetry.internals.ClientTelemetryReporter
2025-09-02 18:20:56,268 INFO  [org.apa.kaf.com.met.Metrics] (ForkJoinPool.commonPool-worker-2) Metrics reporters closed
2025-09-02 18:20:56,270 INFO  [org.apa.kaf.com.uti.AppInfoParser] (ForkJoinPool.commonPool-worker-2) App info kafka.consumer for consumer-Consumer-topic-8c467ec3_538a_4d03_afa8_6917c46817c5-5 unregistered
2025-09-02 18:20:56,270 INFO  [io.api.tes.uti.TestSeparator] (main) io.apicurio.tests.serdes.apicurio.AvroSerdeIT.testRecordIdStrategydFindLatest-FINISHED
2025-09-02 18:20:56,270 INFO  [io.api.tes.uti.TestSeparator] (main) ############################################################################
Test passed: testRecordIdStrategydFindLatest
]]></system-out>
  </testcase>
  <testcase name="testReflectAutoRegister" classname="io.apicurio.tests.serdes.apicurio.AvroSerdeIT" time="3.967">
    <system-out><![CDATA[2025-09-02 18:20:56,272 INFO  [io.api.tes.uti.TestSeparator] (main) ############################################################################
2025-09-02 18:20:56,272 INFO  [io.api.tes.uti.TestSeparator] (main) io.apicurio.tests.serdes.apicurio.AvroSerdeIT.testReflectAutoRegister-STARTED
**** Registry Base URL: http://registry-app-mysql.apps.ci419.apicurio-testing.org:80
2025-09-02 18:20:56,274 INFO  [org.apa.kaf.cli.pro.ProducerConfig] (main) ProducerConfig values: 
	acks = -1
	auto.include.jmx.reporter = true
	batch.size = 16384
	bootstrap.servers = [PLAINTEXT://localhost:32769]
	buffer.memory = 33554432
	client.dns.lookup = use_all_dns_ips
	client.id = Producer-topic-571f4184_8bf8_4a2e_adea_61aa424d7502
	compression.gzip.level = -1
	compression.lz4.level = 9
	compression.type = none
	compression.zstd.level = 3
	connections.max.idle.ms = 10000
	delivery.timeout.ms = 120000
	enable.idempotence = true
	enable.metrics.push = true
	interceptor.classes = []
	key.serializer = class org.apache.kafka.common.serialization.StringSerializer
	linger.ms = 0
	max.block.ms = 60000
	max.in.flight.requests.per.connection = 5
	max.request.size = 1048576
	metadata.max.age.ms = 300000
	metadata.max.idle.ms = 300000
	metadata.recovery.strategy = none
	metric.reporters = []
	metrics.num.samples = 2
	metrics.recording.level = INFO
	metrics.sample.window.ms = 30000
	partitioner.adaptive.partitioning.enable = true
	partitioner.availability.timeout.ms = 0
	partitioner.class = null
	partitioner.ignore.keys = false
	receive.buffer.bytes = 32768
	reconnect.backoff.max.ms = 1000
	reconnect.backoff.ms = 50
	request.timeout.ms = 5000
	retries = 2147483647
	retry.backoff.max.ms = 1000
	retry.backoff.ms = 100
	sasl.client.callback.handler.class = null
	sasl.jaas.config = null
	sasl.kerberos.kinit.cmd = /usr/bin/kinit
	sasl.kerberos.min.time.before.relogin = 60000
	sasl.kerberos.service.name = null
	sasl.kerberos.ticket.renew.jitter = 0.05
	sasl.kerberos.ticket.renew.window.factor = 0.8
	sasl.login.callback.handler.class = null
	sasl.login.class = null
	sasl.login.connect.timeout.ms = null
	sasl.login.read.timeout.ms = null
	sasl.login.refresh.buffer.seconds = 300
	sasl.login.refresh.min.period.seconds = 60
	sasl.login.refresh.window.factor = 0.8
	sasl.login.refresh.window.jitter = 0.05
	sasl.login.retry.backoff.max.ms = 10000
	sasl.login.retry.backoff.ms = 100
	sasl.mechanism = GSSAPI
	sasl.oauthbearer.clock.skew.seconds = 30
	sasl.oauthbearer.expected.audience = null
	sasl.oauthbearer.expected.issuer = null
	sasl.oauthbearer.header.urlencode = false
	sasl.oauthbearer.jwks.endpoint.refresh.ms = 3600000
	sasl.oauthbearer.jwks.endpoint.retry.backoff.max.ms = 10000
	sasl.oauthbearer.jwks.endpoint.retry.backoff.ms = 100
	sasl.oauthbearer.jwks.endpoint.url = null
	sasl.oauthbearer.scope.claim.name = scope
	sasl.oauthbearer.sub.claim.name = sub
	sasl.oauthbearer.token.endpoint.url = null
	security.protocol = PLAINTEXT
	security.providers = null
	send.buffer.bytes = 131072
	socket.connection.setup.timeout.max.ms = 30000
	socket.connection.setup.timeout.ms = 10000
	ssl.cipher.suites = null
	ssl.enabled.protocols = [TLSv1.2, TLSv1.3]
	ssl.endpoint.identification.algorithm = https
	ssl.engine.factory.class = null
	ssl.key.password = null
	ssl.keymanager.algorithm = SunX509
	ssl.keystore.certificate.chain = null
	ssl.keystore.key = null
	ssl.keystore.location = null
	ssl.keystore.password = null
	ssl.keystore.type = JKS
	ssl.protocol = TLSv1.3
	ssl.provider = null
	ssl.secure.random.implementation = null
	ssl.trustmanager.algorithm = PKIX
	ssl.truststore.certificates = null
	ssl.truststore.location = null
	ssl.truststore.password = null
	ssl.truststore.type = JKS
	transaction.timeout.ms = 60000
	transactional.id = null
	value.serializer = class io.apicurio.registry.serde.avro.AvroKafkaSerializer

2025-09-02 18:20:56,274 INFO  [org.apa.kaf.com.tel.int.KafkaMetricsCollector] (main) initializing Kafka metrics collector
2025-09-02 18:20:56,282 INFO  [org.apa.kaf.cli.pro.KafkaProducer] (main) [Producer clientId=Producer-topic-571f4184_8bf8_4a2e_adea_61aa424d7502] Instantiated an idempotent producer.
2025-09-02 18:20:56,284 INFO  [org.apa.kaf.cli.pro.ProducerConfig] (main) These configurations '[apicurio.registry.url, apicurio.registry.auto-register, apicurio.registry.artifact-resolver-strategy, apicurio.registry.avro-datum-provider]' were supplied but are not used yet.
2025-09-02 18:20:56,284 INFO  [org.apa.kaf.com.uti.AppInfoParser] (main) Kafka version: 3.9.1
2025-09-02 18:20:56,284 INFO  [org.apa.kaf.com.uti.AppInfoParser] (main) Kafka commitId: f745dfdcee2b9851
2025-09-02 18:20:56,284 INFO  [org.apa.kaf.com.uti.AppInfoParser] (main) Kafka startTimeMs: 1756837256284
2025-09-02 18:20:56,285 INFO  [io.api.tes.ser.api.SimpleSerdesTesterBuilder$SimpleSerdesTester] (main) Using producer configuration: {apicurio.registry.url=http://registry-app-mysql.apps.ci419.apicurio-testing.org:80/apis/registry/v3, apicurio.registry.auto-register=true, apicurio.registry.artifact-resolver-strategy=io.apicurio.registry.serde.strategy.TopicIdStrategy, value.serializer=io.apicurio.registry.serde.avro.AvroKafkaSerializer, request.timeout.ms=5000, acks=all, bootstrap.servers=PLAINTEXT://localhost:32769, connections.max.idle.ms=10000, key.serializer=org.apache.kafka.common.serialization.StringSerializer, apicurio.registry.avro-datum-provider=io.apicurio.registry.serde.avro.ReflectAvroDatumProvider, client.id=Producer-topic-571f4184_8bf8_4a2e_adea_61aa424d7502}
2025-09-02 18:20:56,285 INFO  [io.api.tes.ser.api.SimpleSerdesTesterBuilder$SimpleSerdesTester] (main) Using consumer configuration: {apicurio.registry.avro-datum-provider=io.apicurio.registry.serde.avro.ReflectAvroDatumProvider}
2025-09-02 18:20:56,285 INFO  [io.api.tes.ser.api.KafkaSerdesTester] (ForkJoinPool.commonPool-worker-2) Sending message io.apicurio.tests.common.serdes.TestObject@3dbd29cb to topic topic-571f4184_8bf8_4a2e_adea_61aa424d7502
2025-09-02 18:20:56,289 WARN  [org.apa.kaf.cli.NetworkClient] (kafka-producer-network-thread | Producer-topic-571f4184_8bf8_4a2e_adea_61aa424d7502) [Producer clientId=Producer-topic-571f4184_8bf8_4a2e_adea_61aa424d7502] The metadata response from the cluster reported a recoverable issue with correlation id 1 : {topic-571f4184_8bf8_4a2e_adea_61aa424d7502=UNKNOWN_TOPIC_OR_PARTITION}
2025-09-02 18:20:56,290 INFO  [org.apa.kaf.cli.Metadata] (kafka-producer-network-thread | Producer-topic-571f4184_8bf8_4a2e_adea_61aa424d7502) [Producer clientId=Producer-topic-571f4184_8bf8_4a2e_adea_61aa424d7502] Cluster ID: zhgBwCfeQnC1PCRKjnRbQg
2025-09-02 18:20:56,290 INFO  [org.apa.kaf.cli.pro.int.TransactionManager] (kafka-producer-network-thread | Producer-topic-571f4184_8bf8_4a2e_adea_61aa424d7502) [Producer clientId=Producer-topic-571f4184_8bf8_4a2e_adea_61aa424d7502] ProducerId set to 6 with epoch 0
2025-09-02 18:20:56,525 INFO  [io.api.tes.ser.api.KafkaSerdesTester] (ForkJoinPool.commonPool-worker-2) Sending message io.apicurio.tests.common.serdes.TestObject@3dbd29cb to topic topic-571f4184_8bf8_4a2e_adea_61aa424d7502
2025-09-02 18:20:56,528 INFO  [io.api.tes.ser.api.KafkaSerdesTester] (ForkJoinPool.commonPool-worker-2) Sending message io.apicurio.tests.common.serdes.TestObject@3dbd29cb to topic topic-571f4184_8bf8_4a2e_adea_61aa424d7502
2025-09-02 18:20:56,529 INFO  [io.api.tes.ser.api.KafkaSerdesTester] (ForkJoinPool.commonPool-worker-2) Sending message io.apicurio.tests.common.serdes.TestObject@3dbd29cb to topic topic-571f4184_8bf8_4a2e_adea_61aa424d7502
2025-09-02 18:20:56,531 INFO  [io.api.tes.ser.api.KafkaSerdesTester] (ForkJoinPool.commonPool-worker-2) Sending message io.apicurio.tests.common.serdes.TestObject@3dbd29cb to topic topic-571f4184_8bf8_4a2e_adea_61aa424d7502
2025-09-02 18:20:56,533 INFO  [io.api.tes.ser.api.KafkaSerdesTester] (ForkJoinPool.commonPool-worker-2) Sending message io.apicurio.tests.common.serdes.TestObject@3dbd29cb to topic topic-571f4184_8bf8_4a2e_adea_61aa424d7502
2025-09-02 18:20:56,534 INFO  [io.api.tes.ser.api.KafkaSerdesTester] (ForkJoinPool.commonPool-worker-2) Sending message io.apicurio.tests.common.serdes.TestObject@3dbd29cb to topic topic-571f4184_8bf8_4a2e_adea_61aa424d7502
2025-09-02 18:20:56,536 INFO  [io.api.tes.ser.api.KafkaSerdesTester] (ForkJoinPool.commonPool-worker-2) Sending message io.apicurio.tests.common.serdes.TestObject@3dbd29cb to topic topic-571f4184_8bf8_4a2e_adea_61aa424d7502
2025-09-02 18:20:56,537 INFO  [io.api.tes.ser.api.KafkaSerdesTester] (ForkJoinPool.commonPool-worker-2) Sending message io.apicurio.tests.common.serdes.TestObject@3dbd29cb to topic topic-571f4184_8bf8_4a2e_adea_61aa424d7502
2025-09-02 18:20:56,539 INFO  [io.api.tes.ser.api.KafkaSerdesTester] (ForkJoinPool.commonPool-worker-2) Sending message io.apicurio.tests.common.serdes.TestObject@3dbd29cb to topic topic-571f4184_8bf8_4a2e_adea_61aa424d7502
2025-09-02 18:20:56,540 INFO  [io.api.tes.ser.api.KafkaSerdesTester] (ForkJoinPool.commonPool-worker-2) Produced 10 messages
2025-09-02 18:20:56,540 INFO  [org.apa.kaf.cli.pro.KafkaProducer] (ForkJoinPool.commonPool-worker-2) [Producer clientId=Producer-topic-571f4184_8bf8_4a2e_adea_61aa424d7502] Closing the Kafka producer with timeoutMillis = 9223372036854775807 ms.
2025-09-02 18:20:56,542 INFO  [org.apa.kaf.com.met.Metrics] (ForkJoinPool.commonPool-worker-2) Metrics scheduler closed
2025-09-02 18:20:56,542 INFO  [org.apa.kaf.com.met.Metrics] (ForkJoinPool.commonPool-worker-2) Closing reporter org.apache.kafka.common.metrics.JmxReporter
2025-09-02 18:20:56,542 INFO  [org.apa.kaf.com.met.Metrics] (ForkJoinPool.commonPool-worker-2) Closing reporter org.apache.kafka.common.telemetry.internals.ClientTelemetryReporter
2025-09-02 18:20:56,542 INFO  [org.apa.kaf.com.met.Metrics] (ForkJoinPool.commonPool-worker-2) Metrics reporters closed
2025-09-02 18:20:56,542 INFO  [org.apa.kaf.com.uti.AppInfoParser] (ForkJoinPool.commonPool-worker-2) App info kafka.producer for Producer-topic-571f4184_8bf8_4a2e_adea_61aa424d7502 unregistered
**** Registry Base URL: http://registry-app-mysql.apps.ci419.apicurio-testing.org:80
2025-09-02 18:20:56,609 INFO  [org.apa.kaf.cli.con.ConsumerConfig] (main) ConsumerConfig values: 
	allow.auto.create.topics = true
	auto.commit.interval.ms = 500
	auto.include.jmx.reporter = true
	auto.offset.reset = earliest
	bootstrap.servers = [PLAINTEXT://localhost:32769]
	check.crcs = true
	client.dns.lookup = use_all_dns_ips
	client.id = consumer-Consumer-topic-571f4184_8bf8_4a2e_adea_61aa424d7502-6
	client.rack = 
	connections.max.idle.ms = 10000
	default.api.timeout.ms = 60000
	enable.auto.commit = true
	enable.metrics.push = true
	exclude.internal.topics = true
	fetch.max.bytes = 52428800
	fetch.max.wait.ms = 500
	fetch.min.bytes = 1
	group.id = Consumer-topic-571f4184_8bf8_4a2e_adea_61aa424d7502
	group.instance.id = null
	group.protocol = classic
	group.remote.assignor = null
	heartbeat.interval.ms = 3000
	interceptor.classes = []
	internal.leave.group.on.close = true
	internal.throw.on.fetch.stable.offset.unsupported = false
	isolation.level = read_uncommitted
	key.deserializer = class org.apache.kafka.common.serialization.StringDeserializer
	max.partition.fetch.bytes = 1048576
	max.poll.interval.ms = 300000
	max.poll.records = 500
	metadata.max.age.ms = 300000
	metadata.recovery.strategy = none
	metric.reporters = []
	metrics.num.samples = 2
	metrics.recording.level = INFO
	metrics.sample.window.ms = 30000
	partition.assignment.strategy = [class org.apache.kafka.clients.consumer.RangeAssignor, class org.apache.kafka.clients.consumer.CooperativeStickyAssignor]
	receive.buffer.bytes = 65536
	reconnect.backoff.max.ms = 1000
	reconnect.backoff.ms = 50
	request.timeout.ms = 5000
	retry.backoff.max.ms = 1000
	retry.backoff.ms = 100
	sasl.client.callback.handler.class = null
	sasl.jaas.config = null
	sasl.kerberos.kinit.cmd = /usr/bin/kinit
	sasl.kerberos.min.time.before.relogin = 60000
	sasl.kerberos.service.name = null
	sasl.kerberos.ticket.renew.jitter = 0.05
	sasl.kerberos.ticket.renew.window.factor = 0.8
	sasl.login.callback.handler.class = null
	sasl.login.class = null
	sasl.login.connect.timeout.ms = null
	sasl.login.read.timeout.ms = null
	sasl.login.refresh.buffer.seconds = 300
	sasl.login.refresh.min.period.seconds = 60
	sasl.login.refresh.window.factor = 0.8
	sasl.login.refresh.window.jitter = 0.05
	sasl.login.retry.backoff.max.ms = 10000
	sasl.login.retry.backoff.ms = 100
	sasl.mechanism = GSSAPI
	sasl.oauthbearer.clock.skew.seconds = 30
	sasl.oauthbearer.expected.audience = null
	sasl.oauthbearer.expected.issuer = null
	sasl.oauthbearer.header.urlencode = false
	sasl.oauthbearer.jwks.endpoint.refresh.ms = 3600000
	sasl.oauthbearer.jwks.endpoint.retry.backoff.max.ms = 10000
	sasl.oauthbearer.jwks.endpoint.retry.backoff.ms = 100
	sasl.oauthbearer.jwks.endpoint.url = null
	sasl.oauthbearer.scope.claim.name = scope
	sasl.oauthbearer.sub.claim.name = sub
	sasl.oauthbearer.token.endpoint.url = null
	security.protocol = PLAINTEXT
	security.providers = null
	send.buffer.bytes = 131072
	session.timeout.ms = 45000
	socket.connection.setup.timeout.max.ms = 30000
	socket.connection.setup.timeout.ms = 10000
	ssl.cipher.suites = null
	ssl.enabled.protocols = [TLSv1.2, TLSv1.3]
	ssl.endpoint.identification.algorithm = https
	ssl.engine.factory.class = null
	ssl.key.password = null
	ssl.keymanager.algorithm = SunX509
	ssl.keystore.certificate.chain = null
	ssl.keystore.key = null
	ssl.keystore.location = null
	ssl.keystore.password = null
	ssl.keystore.type = JKS
	ssl.protocol = TLSv1.3
	ssl.provider = null
	ssl.secure.random.implementation = null
	ssl.trustmanager.algorithm = PKIX
	ssl.truststore.certificates = null
	ssl.truststore.location = null
	ssl.truststore.password = null
	ssl.truststore.type = JKS
	value.deserializer = class io.apicurio.registry.serde.avro.AvroKafkaDeserializer

2025-09-02 18:20:56,610 INFO  [org.apa.kaf.com.tel.int.KafkaMetricsCollector] (main) initializing Kafka metrics collector
2025-09-02 18:20:56,614 INFO  [org.apa.kaf.cli.con.ConsumerConfig] (main) These configurations '[apicurio.registry.url, apicurio.registry.avro-datum-provider]' were supplied but are not used yet.
2025-09-02 18:20:56,614 INFO  [org.apa.kaf.com.uti.AppInfoParser] (main) Kafka version: 3.9.1
2025-09-02 18:20:56,614 INFO  [org.apa.kaf.com.uti.AppInfoParser] (main) Kafka commitId: f745dfdcee2b9851
2025-09-02 18:20:56,614 INFO  [org.apa.kaf.com.uti.AppInfoParser] (main) Kafka startTimeMs: 1756837256614
2025-09-02 18:20:56,614 INFO  [org.apa.kaf.cli.con.int.ClassicKafkaConsumer] (ForkJoinPool.commonPool-worker-2) [Consumer clientId=consumer-Consumer-topic-571f4184_8bf8_4a2e_adea_61aa424d7502-6, groupId=Consumer-topic-571f4184_8bf8_4a2e_adea_61aa424d7502] Subscribed to topic(s): topic-571f4184_8bf8_4a2e_adea_61aa424d7502
2025-09-02 18:20:56,617 INFO  [org.apa.kaf.cli.Metadata] (ForkJoinPool.commonPool-worker-2) [Consumer clientId=consumer-Consumer-topic-571f4184_8bf8_4a2e_adea_61aa424d7502-6, groupId=Consumer-topic-571f4184_8bf8_4a2e_adea_61aa424d7502] Cluster ID: zhgBwCfeQnC1PCRKjnRbQg
2025-09-02 18:20:56,618 INFO  [org.apa.kaf.cli.con.int.ConsumerCoordinator] (ForkJoinPool.commonPool-worker-2) [Consumer clientId=consumer-Consumer-topic-571f4184_8bf8_4a2e_adea_61aa424d7502-6, groupId=Consumer-topic-571f4184_8bf8_4a2e_adea_61aa424d7502] Discovered group coordinator localhost:32769 (id: 2147483647 rack: null)
2025-09-02 18:20:56,619 INFO  [org.apa.kaf.cli.con.int.ConsumerCoordinator] (ForkJoinPool.commonPool-worker-2) [Consumer clientId=consumer-Consumer-topic-571f4184_8bf8_4a2e_adea_61aa424d7502-6, groupId=Consumer-topic-571f4184_8bf8_4a2e_adea_61aa424d7502] (Re-)joining group
2025-09-02 18:20:56,621 INFO  [org.apa.kaf.cli.con.int.ConsumerCoordinator] (ForkJoinPool.commonPool-worker-2) [Consumer clientId=consumer-Consumer-topic-571f4184_8bf8_4a2e_adea_61aa424d7502-6, groupId=Consumer-topic-571f4184_8bf8_4a2e_adea_61aa424d7502] Request joining group due to: need to re-join with the given member-id: consumer-Consumer-topic-571f4184_8bf8_4a2e_adea_61aa424d7502-6-fe524b41-b493-4d55-b94d-89f54f16882d
2025-09-02 18:20:56,621 INFO  [org.apa.kaf.cli.con.int.ConsumerCoordinator] (ForkJoinPool.commonPool-worker-2) [Consumer clientId=consumer-Consumer-topic-571f4184_8bf8_4a2e_adea_61aa424d7502-6, groupId=Consumer-topic-571f4184_8bf8_4a2e_adea_61aa424d7502] (Re-)joining group
2025-09-02 18:20:57,614 INFO  [io.api.tes.ser.api.KafkaSerdesTester] (ForkJoinPool.commonPool-worker-2) None found
2025-09-02 18:20:58,615 INFO  [io.api.tes.ser.api.KafkaSerdesTester] (ForkJoinPool.commonPool-worker-2) None found
2025-09-02 18:20:59,615 INFO  [io.api.tes.ser.api.KafkaSerdesTester] (ForkJoinPool.commonPool-worker-2) None found
2025-09-02 18:20:59,623 INFO  [org.apa.kaf.cli.con.int.ConsumerCoordinator] (ForkJoinPool.commonPool-worker-2) [Consumer clientId=consumer-Consumer-topic-571f4184_8bf8_4a2e_adea_61aa424d7502-6, groupId=Consumer-topic-571f4184_8bf8_4a2e_adea_61aa424d7502] Successfully joined group with generation Generation{generationId=1, memberId='consumer-Consumer-topic-571f4184_8bf8_4a2e_adea_61aa424d7502-6-fe524b41-b493-4d55-b94d-89f54f16882d', protocol='range'}
2025-09-02 18:20:59,623 INFO  [org.apa.kaf.cli.con.int.ConsumerCoordinator] (ForkJoinPool.commonPool-worker-2) [Consumer clientId=consumer-Consumer-topic-571f4184_8bf8_4a2e_adea_61aa424d7502-6, groupId=Consumer-topic-571f4184_8bf8_4a2e_adea_61aa424d7502] Finished assignment for group at generation 1: {consumer-Consumer-topic-571f4184_8bf8_4a2e_adea_61aa424d7502-6-fe524b41-b493-4d55-b94d-89f54f16882d=Assignment(partitions=[topic-571f4184_8bf8_4a2e_adea_61aa424d7502-0])}
2025-09-02 18:20:59,630 INFO  [org.apa.kaf.cli.con.int.ConsumerCoordinator] (ForkJoinPool.commonPool-worker-2) [Consumer clientId=consumer-Consumer-topic-571f4184_8bf8_4a2e_adea_61aa424d7502-6, groupId=Consumer-topic-571f4184_8bf8_4a2e_adea_61aa424d7502] Successfully synced group in generation Generation{generationId=1, memberId='consumer-Consumer-topic-571f4184_8bf8_4a2e_adea_61aa424d7502-6-fe524b41-b493-4d55-b94d-89f54f16882d', protocol='range'}
2025-09-02 18:20:59,630 INFO  [org.apa.kaf.cli.con.int.ConsumerCoordinator] (ForkJoinPool.commonPool-worker-2) [Consumer clientId=consumer-Consumer-topic-571f4184_8bf8_4a2e_adea_61aa424d7502-6, groupId=Consumer-topic-571f4184_8bf8_4a2e_adea_61aa424d7502] Notifying assignor about the new Assignment(partitions=[topic-571f4184_8bf8_4a2e_adea_61aa424d7502-0])
2025-09-02 18:20:59,631 INFO  [org.apa.kaf.cli.con.int.ConsumerRebalanceListenerInvoker] (ForkJoinPool.commonPool-worker-2) [Consumer clientId=consumer-Consumer-topic-571f4184_8bf8_4a2e_adea_61aa424d7502-6, groupId=Consumer-topic-571f4184_8bf8_4a2e_adea_61aa424d7502] Adding newly assigned partitions: topic-571f4184_8bf8_4a2e_adea_61aa424d7502-0
2025-09-02 18:20:59,632 INFO  [org.apa.kaf.cli.con.int.ConsumerCoordinator] (ForkJoinPool.commonPool-worker-2) [Consumer clientId=consumer-Consumer-topic-571f4184_8bf8_4a2e_adea_61aa424d7502-6, groupId=Consumer-topic-571f4184_8bf8_4a2e_adea_61aa424d7502] Found no committed offset for partition topic-571f4184_8bf8_4a2e_adea_61aa424d7502-0
2025-09-02 18:20:59,635 INFO  [org.apa.kaf.cli.con.int.SubscriptionState] (ForkJoinPool.commonPool-worker-2) [Consumer clientId=consumer-Consumer-topic-571f4184_8bf8_4a2e_adea_61aa424d7502-6, groupId=Consumer-topic-571f4184_8bf8_4a2e_adea_61aa424d7502] Resetting offset for partition topic-571f4184_8bf8_4a2e_adea_61aa424d7502-0 to position FetchPosition{offset=0, offsetEpoch=Optional.empty, currentLeader=LeaderAndEpoch{leader=Optional[localhost:32769 (id: 0 rack: null)], epoch=0}}.
2025-09-02 18:20:59,733 INFO  [io.api.tes.ser.api.KafkaSerdesTester] (ForkJoinPool.commonPool-worker-2) topic-571f4184_8bf8_4a2e_adea_61aa424d7502 0 0 io.apicurio.tests.common.serdes.TestObject@3dbd29cb
2025-09-02 18:20:59,733 INFO  [io.api.tes.ser.api.KafkaSerdesTester] (ForkJoinPool.commonPool-worker-2) topic-571f4184_8bf8_4a2e_adea_61aa424d7502 0 1 io.apicurio.tests.common.serdes.TestObject@3dbd29cb
2025-09-02 18:20:59,733 INFO  [io.api.tes.ser.api.KafkaSerdesTester] (ForkJoinPool.commonPool-worker-2) topic-571f4184_8bf8_4a2e_adea_61aa424d7502 0 2 io.apicurio.tests.common.serdes.TestObject@3dbd29cb
2025-09-02 18:20:59,733 INFO  [io.api.tes.ser.api.KafkaSerdesTester] (ForkJoinPool.commonPool-worker-2) topic-571f4184_8bf8_4a2e_adea_61aa424d7502 0 3 io.apicurio.tests.common.serdes.TestObject@3dbd29cb
2025-09-02 18:20:59,733 INFO  [io.api.tes.ser.api.KafkaSerdesTester] (ForkJoinPool.commonPool-worker-2) topic-571f4184_8bf8_4a2e_adea_61aa424d7502 0 4 io.apicurio.tests.common.serdes.TestObject@3dbd29cb
2025-09-02 18:20:59,733 INFO  [io.api.tes.ser.api.KafkaSerdesTester] (ForkJoinPool.commonPool-worker-2) topic-571f4184_8bf8_4a2e_adea_61aa424d7502 0 5 io.apicurio.tests.common.serdes.TestObject@3dbd29cb
2025-09-02 18:20:59,733 INFO  [io.api.tes.ser.api.KafkaSerdesTester] (ForkJoinPool.commonPool-worker-2) topic-571f4184_8bf8_4a2e_adea_61aa424d7502 0 6 io.apicurio.tests.common.serdes.TestObject@3dbd29cb
2025-09-02 18:20:59,733 INFO  [io.api.tes.ser.api.KafkaSerdesTester] (ForkJoinPool.commonPool-worker-2) topic-571f4184_8bf8_4a2e_adea_61aa424d7502 0 7 io.apicurio.tests.common.serdes.TestObject@3dbd29cb
2025-09-02 18:20:59,733 INFO  [io.api.tes.ser.api.KafkaSerdesTester] (ForkJoinPool.commonPool-worker-2) topic-571f4184_8bf8_4a2e_adea_61aa424d7502 0 8 io.apicurio.tests.common.serdes.TestObject@3dbd29cb
2025-09-02 18:20:59,733 INFO  [io.api.tes.ser.api.KafkaSerdesTester] (ForkJoinPool.commonPool-worker-2) topic-571f4184_8bf8_4a2e_adea_61aa424d7502 0 9 io.apicurio.tests.common.serdes.TestObject@3dbd29cb
2025-09-02 18:20:59,733 INFO  [io.api.tes.ser.api.KafkaSerdesTester] (ForkJoinPool.commonPool-worker-2) Consumed 10 messages
2025-09-02 18:20:59,740 INFO  [org.apa.kaf.cli.con.int.ConsumerRebalanceListenerInvoker] (ForkJoinPool.commonPool-worker-2) [Consumer clientId=consumer-Consumer-topic-571f4184_8bf8_4a2e_adea_61aa424d7502-6, groupId=Consumer-topic-571f4184_8bf8_4a2e_adea_61aa424d7502] Revoke previously assigned partitions topic-571f4184_8bf8_4a2e_adea_61aa424d7502-0
2025-09-02 18:20:59,740 INFO  [org.apa.kaf.cli.con.int.ConsumerCoordinator] (ForkJoinPool.commonPool-worker-2) [Consumer clientId=consumer-Consumer-topic-571f4184_8bf8_4a2e_adea_61aa424d7502-6, groupId=Consumer-topic-571f4184_8bf8_4a2e_adea_61aa424d7502] Member consumer-Consumer-topic-571f4184_8bf8_4a2e_adea_61aa424d7502-6-fe524b41-b493-4d55-b94d-89f54f16882d sending LeaveGroup request to coordinator localhost:32769 (id: 2147483647 rack: null) due to the consumer is being closed
2025-09-02 18:20:59,741 INFO  [org.apa.kaf.cli.con.int.ConsumerCoordinator] (ForkJoinPool.commonPool-worker-2) [Consumer clientId=consumer-Consumer-topic-571f4184_8bf8_4a2e_adea_61aa424d7502-6, groupId=Consumer-topic-571f4184_8bf8_4a2e_adea_61aa424d7502] Resetting generation and member id due to: consumer pro-actively leaving the group
2025-09-02 18:20:59,741 INFO  [org.apa.kaf.cli.con.int.ConsumerCoordinator] (ForkJoinPool.commonPool-worker-2) [Consumer clientId=consumer-Consumer-topic-571f4184_8bf8_4a2e_adea_61aa424d7502-6, groupId=Consumer-topic-571f4184_8bf8_4a2e_adea_61aa424d7502] Request joining group due to: consumer pro-actively leaving the group
2025-09-02 18:21:00,235 INFO  [org.apa.kaf.com.met.Metrics] (ForkJoinPool.commonPool-worker-2) Metrics scheduler closed
2025-09-02 18:21:00,235 INFO  [org.apa.kaf.com.met.Metrics] (ForkJoinPool.commonPool-worker-2) Closing reporter org.apache.kafka.common.metrics.JmxReporter
2025-09-02 18:21:00,235 INFO  [org.apa.kaf.com.met.Metrics] (ForkJoinPool.commonPool-worker-2) Closing reporter org.apache.kafka.common.telemetry.internals.ClientTelemetryReporter
2025-09-02 18:21:00,236 INFO  [org.apa.kaf.com.met.Metrics] (ForkJoinPool.commonPool-worker-2) Metrics reporters closed
2025-09-02 18:21:00,237 INFO  [org.apa.kaf.com.uti.AppInfoParser] (ForkJoinPool.commonPool-worker-2) App info kafka.consumer for consumer-Consumer-topic-571f4184_8bf8_4a2e_adea_61aa424d7502-6 unregistered
2025-09-02 18:21:00,238 INFO  [io.api.tes.uti.TestSeparator] (main) io.apicurio.tests.serdes.apicurio.AvroSerdeIT.testReflectAutoRegister-FINISHED
2025-09-02 18:21:00,238 INFO  [io.api.tes.uti.TestSeparator] (main) ############################################################################
Test passed: testReflectAutoRegister
]]></system-out>
  </testcase>
  <testcase name="testArtifactNotFound" classname="io.apicurio.tests.serdes.apicurio.AvroSerdeIT" time="0.234">
    <system-out><![CDATA[2025-09-02 18:21:00,240 INFO  [io.api.tes.uti.TestSeparator] (main) ############################################################################
2025-09-02 18:21:00,240 INFO  [io.api.tes.uti.TestSeparator] (main) io.apicurio.tests.serdes.apicurio.AvroSerdeIT.testArtifactNotFound-STARTED
**** Registry Base URL: http://registry-app-mysql.apps.ci419.apicurio-testing.org:80
2025-09-02 18:21:00,242 INFO  [org.apa.kaf.cli.pro.ProducerConfig] (main) ProducerConfig values: 
	acks = -1
	auto.include.jmx.reporter = true
	batch.size = 16384
	bootstrap.servers = [PLAINTEXT://localhost:32769]
	buffer.memory = 33554432
	client.dns.lookup = use_all_dns_ips
	client.id = Producer-sb4744007x50bex4ee4x9c21x69378f570667
	compression.gzip.level = -1
	compression.lz4.level = 9
	compression.type = none
	compression.zstd.level = 3
	connections.max.idle.ms = 10000
	delivery.timeout.ms = 120000
	enable.idempotence = true
	enable.metrics.push = true
	interceptor.classes = []
	key.serializer = class org.apache.kafka.common.serialization.StringSerializer
	linger.ms = 0
	max.block.ms = 60000
	max.in.flight.requests.per.connection = 5
	max.request.size = 1048576
	metadata.max.age.ms = 300000
	metadata.max.idle.ms = 300000
	metadata.recovery.strategy = none
	metric.reporters = []
	metrics.num.samples = 2
	metrics.recording.level = INFO
	metrics.sample.window.ms = 30000
	partitioner.adaptive.partitioning.enable = true
	partitioner.availability.timeout.ms = 0
	partitioner.class = null
	partitioner.ignore.keys = false
	receive.buffer.bytes = 32768
	reconnect.backoff.max.ms = 1000
	reconnect.backoff.ms = 50
	request.timeout.ms = 5000
	retries = 2147483647
	retry.backoff.max.ms = 1000
	retry.backoff.ms = 100
	sasl.client.callback.handler.class = null
	sasl.jaas.config = null
	sasl.kerberos.kinit.cmd = /usr/bin/kinit
	sasl.kerberos.min.time.before.relogin = 60000
	sasl.kerberos.service.name = null
	sasl.kerberos.ticket.renew.jitter = 0.05
	sasl.kerberos.ticket.renew.window.factor = 0.8
	sasl.login.callback.handler.class = null
	sasl.login.class = null
	sasl.login.connect.timeout.ms = null
	sasl.login.read.timeout.ms = null
	sasl.login.refresh.buffer.seconds = 300
	sasl.login.refresh.min.period.seconds = 60
	sasl.login.refresh.window.factor = 0.8
	sasl.login.refresh.window.jitter = 0.05
	sasl.login.retry.backoff.max.ms = 10000
	sasl.login.retry.backoff.ms = 100
	sasl.mechanism = GSSAPI
	sasl.oauthbearer.clock.skew.seconds = 30
	sasl.oauthbearer.expected.audience = null
	sasl.oauthbearer.expected.issuer = null
	sasl.oauthbearer.header.urlencode = false
	sasl.oauthbearer.jwks.endpoint.refresh.ms = 3600000
	sasl.oauthbearer.jwks.endpoint.retry.backoff.max.ms = 10000
	sasl.oauthbearer.jwks.endpoint.retry.backoff.ms = 100
	sasl.oauthbearer.jwks.endpoint.url = null
	sasl.oauthbearer.scope.claim.name = scope
	sasl.oauthbearer.sub.claim.name = sub
	sasl.oauthbearer.token.endpoint.url = null
	security.protocol = PLAINTEXT
	security.providers = null
	send.buffer.bytes = 131072
	socket.connection.setup.timeout.max.ms = 30000
	socket.connection.setup.timeout.ms = 10000
	ssl.cipher.suites = null
	ssl.enabled.protocols = [TLSv1.2, TLSv1.3]
	ssl.endpoint.identification.algorithm = https
	ssl.engine.factory.class = null
	ssl.key.password = null
	ssl.keymanager.algorithm = SunX509
	ssl.keystore.certificate.chain = null
	ssl.keystore.key = null
	ssl.keystore.location = null
	ssl.keystore.password = null
	ssl.keystore.type = JKS
	ssl.protocol = TLSv1.3
	ssl.provider = null
	ssl.secure.random.implementation = null
	ssl.trustmanager.algorithm = PKIX
	ssl.truststore.certificates = null
	ssl.truststore.location = null
	ssl.truststore.password = null
	ssl.truststore.type = JKS
	transaction.timeout.ms = 60000
	transactional.id = null
	value.serializer = class io.apicurio.registry.serde.avro.AvroKafkaSerializer

2025-09-02 18:21:00,242 INFO  [org.apa.kaf.com.tel.int.KafkaMetricsCollector] (main) initializing Kafka metrics collector
2025-09-02 18:21:00,245 INFO  [org.apa.kaf.cli.pro.KafkaProducer] (main) [Producer clientId=Producer-sb4744007x50bex4ee4x9c21x69378f570667] Instantiated an idempotent producer.
2025-09-02 18:21:00,246 INFO  [org.apa.kaf.cli.pro.ProducerConfig] (main) These configurations '[apicurio.registry.url, apicurio.registry.artifact-resolver-strategy]' were supplied but are not used yet.
2025-09-02 18:21:00,246 INFO  [org.apa.kaf.com.uti.AppInfoParser] (main) Kafka version: 3.9.1
2025-09-02 18:21:00,247 INFO  [org.apa.kaf.com.uti.AppInfoParser] (main) Kafka commitId: f745dfdcee2b9851
2025-09-02 18:21:00,247 INFO  [org.apa.kaf.com.uti.AppInfoParser] (main) Kafka startTimeMs: 1756837260246
2025-09-02 18:21:00,247 INFO  [io.api.tes.ser.api.KafkaSerdesTester] (ForkJoinPool.commonPool-worker-2) Sending message {"keyB": "value-0"} to topic sb4744007x50bex4ee4x9c21x69378f570667
2025-09-02 18:21:00,251 WARN  [org.apa.kaf.cli.NetworkClient] (kafka-producer-network-thread | Producer-sb4744007x50bex4ee4x9c21x69378f570667) [Producer clientId=Producer-sb4744007x50bex4ee4x9c21x69378f570667] The metadata response from the cluster reported a recoverable issue with correlation id 1 : {sb4744007x50bex4ee4x9c21x69378f570667=UNKNOWN_TOPIC_OR_PARTITION}
2025-09-02 18:21:00,252 INFO  [org.apa.kaf.cli.Metadata] (kafka-producer-network-thread | Producer-sb4744007x50bex4ee4x9c21x69378f570667) [Producer clientId=Producer-sb4744007x50bex4ee4x9c21x69378f570667] Cluster ID: zhgBwCfeQnC1PCRKjnRbQg
2025-09-02 18:21:00,252 INFO  [org.apa.kaf.cli.pro.int.TransactionManager] (kafka-producer-network-thread | Producer-sb4744007x50bex4ee4x9c21x69378f570667) [Producer clientId=Producer-sb4744007x50bex4ee4x9c21x69378f570667] ProducerId set to 7 with epoch 0
2025-09-02 18:21:00,372 INFO  [DefaultSchemaResolver] (ForkJoinPool.commonPool-worker-2) Retrieving schema content using string: {"type":"record","name":"myrecord","namespace":"mygroup","fields":[{"name":"keyB","type":"string"}]}
2025-09-02 18:21:00,469 INFO  [org.apa.kaf.cli.pro.KafkaProducer] (ForkJoinPool.commonPool-worker-2) [Producer clientId=Producer-sb4744007x50bex4ee4x9c21x69378f570667] Closing the Kafka producer with timeoutMillis = 9223372036854775807 ms.
2025-09-02 18:21:00,472 INFO  [org.apa.kaf.com.met.Metrics] (ForkJoinPool.commonPool-worker-2) Metrics scheduler closed
2025-09-02 18:21:00,472 INFO  [org.apa.kaf.com.met.Metrics] (ForkJoinPool.commonPool-worker-2) Closing reporter org.apache.kafka.common.metrics.JmxReporter
2025-09-02 18:21:00,472 INFO  [org.apa.kaf.com.met.Metrics] (ForkJoinPool.commonPool-worker-2) Closing reporter org.apache.kafka.common.telemetry.internals.ClientTelemetryReporter
2025-09-02 18:21:00,472 INFO  [org.apa.kaf.com.met.Metrics] (ForkJoinPool.commonPool-worker-2) Metrics reporters closed
2025-09-02 18:21:00,472 INFO  [org.apa.kaf.com.uti.AppInfoParser] (ForkJoinPool.commonPool-worker-2) App info kafka.producer for Producer-sb4744007x50bex4ee4x9c21x69378f570667 unregistered
2025-09-02 18:21:00,473 INFO  [io.api.tes.uti.TestSeparator] (main) io.apicurio.tests.serdes.apicurio.AvroSerdeIT.testArtifactNotFound-FINISHED
2025-09-02 18:21:00,473 INFO  [io.api.tes.uti.TestSeparator] (main) ############################################################################
Test passed: testArtifactNotFound
]]></system-out>
    <system-err><![CDATA[java.lang.RuntimeException: Could not resolve artifact reference by content: {"type":"record","name":"myrecord","namespace":"mygroup","fields":[{"name":"keyB","type":"string"}]}&ArtifactReference [groupId=default, artifactId=sb4744007x50bex4ee4x9c21x69378f570667-value, version=null, globalId=null, contentId=null, contentHash=null]
	at io.apicurio.registry.resolver.DefaultSchemaResolver.lambda$handleResolveSchemaByContent$3(DefaultSchemaResolver.java:265)
	at io.apicurio.registry.resolver.cache.ERCache.lambda$getValue$0(ERCache.java:174)
	at io.apicurio.registry.resolver.cache.ERCache.retry(ERCache.java:227)
	at io.apicurio.registry.resolver.cache.ERCache.getValue(ERCache.java:173)
	at io.apicurio.registry.resolver.cache.ERCache.getByContent(ERCache.java:147)
	at io.apicurio.registry.resolver.DefaultSchemaResolver.handleResolveSchemaByContent(DefaultSchemaResolver.java:253)
	at io.apicurio.registry.resolver.DefaultSchemaResolver.getSchemaFromRegistry(DefaultSchemaResolver.java:138)
	at io.apicurio.registry.resolver.DefaultSchemaResolver.lambda$resolveSchema$0(DefaultSchemaResolver.java:84)
	at java.base/java.util.Optional.orElseGet(Optional.java:364)
	at io.apicurio.registry.resolver.DefaultSchemaResolver.resolveSchema(DefaultSchemaResolver.java:84)
	at io.apicurio.registry.serde.AbstractSerializer.serializeData(AbstractSerializer.java:62)
	at io.apicurio.registry.serde.KafkaSerializer.serialize(KafkaSerializer.java:77)
	at org.apache.kafka.clients.producer.KafkaProducer.doSend(KafkaProducer.java:1046)
	at org.apache.kafka.clients.producer.KafkaProducer.send(KafkaProducer.java:993)
	at org.apache.kafka.clients.producer.KafkaProducer.send(KafkaProducer.java:875)
	at io.apicurio.tests.serdes.apicurio.KafkaSerdesTester.lambda$produceMessages$3(KafkaSerdesTester.java:138)
	at java.base/java.util.concurrent.CompletableFuture$AsyncSupply.run(CompletableFuture.java:1768)
	at java.base/java.util.concurrent.CompletableFuture$AsyncSupply.exec(CompletableFuture.java:1760)
	at java.base/java.util.concurrent.ForkJoinTask.doExec(ForkJoinTask.java:373)
	at java.base/java.util.concurrent.ForkJoinPool$WorkQueue.topLevelExec(ForkJoinPool.java:1182)
	at java.base/java.util.concurrent.ForkJoinPool.scan(ForkJoinPool.java:1655)
	at java.base/java.util.concurrent.ForkJoinPool.runWorker(ForkJoinPool.java:1622)
	at java.base/java.util.concurrent.ForkJoinWorkerThread.run(ForkJoinWorkerThread.java:165)
]]></system-err>
  </testcase>
  <testcase name="testAvroSerDesFailDifferentSchemaByRecordName" classname="io.apicurio.tests.serdes.apicurio.AvroSerdeIT" time="1.17">
    <system-out><![CDATA[2025-09-02 18:21:00,474 INFO  [io.api.tes.uti.TestSeparator] (main) ############################################################################
2025-09-02 18:21:00,474 INFO  [io.api.tes.uti.TestSeparator] (main) io.apicurio.tests.serdes.apicurio.AvroSerdeIT.testAvroSerDesFailDifferentSchemaByRecordName-STARTED
**** Registry Base URL: http://registry-app-mysql.apps.ci419.apicurio-testing.org:80
2025-09-02 18:21:01,566 INFO  [org.apa.kaf.cli.pro.ProducerConfig] (main) ProducerConfig values: 
	acks = -1
	auto.include.jmx.reporter = true
	batch.size = 16384
	bootstrap.servers = [PLAINTEXT://localhost:32769]
	buffer.memory = 33554432
	client.dns.lookup = use_all_dns_ips
	client.id = Producer-topic-1935bf92_0189_453a_bd96_d1fff63e86b2
	compression.gzip.level = -1
	compression.lz4.level = 9
	compression.type = none
	compression.zstd.level = 3
	connections.max.idle.ms = 10000
	delivery.timeout.ms = 120000
	enable.idempotence = true
	enable.metrics.push = true
	interceptor.classes = []
	key.serializer = class org.apache.kafka.common.serialization.StringSerializer
	linger.ms = 0
	max.block.ms = 60000
	max.in.flight.requests.per.connection = 5
	max.request.size = 1048576
	metadata.max.age.ms = 300000
	metadata.max.idle.ms = 300000
	metadata.recovery.strategy = none
	metric.reporters = []
	metrics.num.samples = 2
	metrics.recording.level = INFO
	metrics.sample.window.ms = 30000
	partitioner.adaptive.partitioning.enable = true
	partitioner.availability.timeout.ms = 0
	partitioner.class = null
	partitioner.ignore.keys = false
	receive.buffer.bytes = 32768
	reconnect.backoff.max.ms = 1000
	reconnect.backoff.ms = 50
	request.timeout.ms = 5000
	retries = 2147483647
	retry.backoff.max.ms = 1000
	retry.backoff.ms = 100
	sasl.client.callback.handler.class = null
	sasl.jaas.config = null
	sasl.kerberos.kinit.cmd = /usr/bin/kinit
	sasl.kerberos.min.time.before.relogin = 60000
	sasl.kerberos.service.name = null
	sasl.kerberos.ticket.renew.jitter = 0.05
	sasl.kerberos.ticket.renew.window.factor = 0.8
	sasl.login.callback.handler.class = null
	sasl.login.class = null
	sasl.login.connect.timeout.ms = null
	sasl.login.read.timeout.ms = null
	sasl.login.refresh.buffer.seconds = 300
	sasl.login.refresh.min.period.seconds = 60
	sasl.login.refresh.window.factor = 0.8
	sasl.login.refresh.window.jitter = 0.05
	sasl.login.retry.backoff.max.ms = 10000
	sasl.login.retry.backoff.ms = 100
	sasl.mechanism = GSSAPI
	sasl.oauthbearer.clock.skew.seconds = 30
	sasl.oauthbearer.expected.audience = null
	sasl.oauthbearer.expected.issuer = null
	sasl.oauthbearer.header.urlencode = false
	sasl.oauthbearer.jwks.endpoint.refresh.ms = 3600000
	sasl.oauthbearer.jwks.endpoint.retry.backoff.max.ms = 10000
	sasl.oauthbearer.jwks.endpoint.retry.backoff.ms = 100
	sasl.oauthbearer.jwks.endpoint.url = null
	sasl.oauthbearer.scope.claim.name = scope
	sasl.oauthbearer.sub.claim.name = sub
	sasl.oauthbearer.token.endpoint.url = null
	security.protocol = PLAINTEXT
	security.providers = null
	send.buffer.bytes = 131072
	socket.connection.setup.timeout.max.ms = 30000
	socket.connection.setup.timeout.ms = 10000
	ssl.cipher.suites = null
	ssl.enabled.protocols = [TLSv1.2, TLSv1.3]
	ssl.endpoint.identification.algorithm = https
	ssl.engine.factory.class = null
	ssl.key.password = null
	ssl.keymanager.algorithm = SunX509
	ssl.keystore.certificate.chain = null
	ssl.keystore.key = null
	ssl.keystore.location = null
	ssl.keystore.password = null
	ssl.keystore.type = JKS
	ssl.protocol = TLSv1.3
	ssl.provider = null
	ssl.secure.random.implementation = null
	ssl.trustmanager.algorithm = PKIX
	ssl.truststore.certificates = null
	ssl.truststore.location = null
	ssl.truststore.password = null
	ssl.truststore.type = JKS
	transaction.timeout.ms = 60000
	transactional.id = null
	value.serializer = class io.apicurio.registry.serde.avro.AvroKafkaSerializer

2025-09-02 18:21:01,566 INFO  [org.apa.kaf.com.tel.int.KafkaMetricsCollector] (main) initializing Kafka metrics collector
2025-09-02 18:21:01,569 INFO  [org.apa.kaf.cli.pro.KafkaProducer] (main) [Producer clientId=Producer-topic-1935bf92_0189_453a_bd96_d1fff63e86b2] Instantiated an idempotent producer.
2025-09-02 18:21:01,572 INFO  [org.apa.kaf.cli.pro.ProducerConfig] (main) These configurations '[apicurio.registry.find-latest, apicurio.registry.url, apicurio.registry.artifact-resolver-strategy]' were supplied but are not used yet.
2025-09-02 18:21:01,572 INFO  [org.apa.kaf.com.uti.AppInfoParser] (main) Kafka version: 3.9.1
2025-09-02 18:21:01,572 INFO  [org.apa.kaf.com.uti.AppInfoParser] (main) Kafka commitId: f745dfdcee2b9851
2025-09-02 18:21:01,572 INFO  [org.apa.kaf.com.uti.AppInfoParser] (main) Kafka startTimeMs: 1756837261572
2025-09-02 18:21:01,572 INFO  [io.api.tes.ser.api.KafkaSerdesTester] (ForkJoinPool.commonPool-worker-2) Sending message {"keyB": "value-0"} to topic topic-1935bf92_0189_453a_bd96_d1fff63e86b2
2025-09-02 18:21:01,576 INFO  [org.apa.kaf.cli.Metadata] (kafka-producer-network-thread | Producer-topic-1935bf92_0189_453a_bd96_d1fff63e86b2) [Producer clientId=Producer-topic-1935bf92_0189_453a_bd96_d1fff63e86b2] Cluster ID: zhgBwCfeQnC1PCRKjnRbQg
2025-09-02 18:21:01,576 INFO  [org.apa.kaf.cli.pro.int.TransactionManager] (kafka-producer-network-thread | Producer-topic-1935bf92_0189_453a_bd96_d1fff63e86b2) [Producer clientId=Producer-topic-1935bf92_0189_453a_bd96_d1fff63e86b2] ProducerId set to 8 with epoch 0
2025-09-02 18:21:01,640 INFO  [org.apa.kaf.cli.pro.KafkaProducer] (ForkJoinPool.commonPool-worker-2) [Producer clientId=Producer-topic-1935bf92_0189_453a_bd96_d1fff63e86b2] Closing the Kafka producer with timeoutMillis = 9223372036854775807 ms.
2025-09-02 18:21:01,642 INFO  [org.apa.kaf.com.met.Metrics] (ForkJoinPool.commonPool-worker-2) Metrics scheduler closed
2025-09-02 18:21:01,642 INFO  [org.apa.kaf.com.met.Metrics] (ForkJoinPool.commonPool-worker-2) Closing reporter org.apache.kafka.common.metrics.JmxReporter
2025-09-02 18:21:01,642 INFO  [org.apa.kaf.com.met.Metrics] (ForkJoinPool.commonPool-worker-2) Closing reporter org.apache.kafka.common.telemetry.internals.ClientTelemetryReporter
2025-09-02 18:21:01,642 INFO  [org.apa.kaf.com.met.Metrics] (ForkJoinPool.commonPool-worker-2) Metrics reporters closed
2025-09-02 18:21:01,642 INFO  [org.apa.kaf.com.uti.AppInfoParser] (ForkJoinPool.commonPool-worker-2) App info kafka.producer for Producer-topic-1935bf92_0189_453a_bd96_d1fff63e86b2 unregistered
2025-09-02 18:21:01,643 INFO  [io.api.tes.uti.TestSeparator] (main) io.apicurio.tests.serdes.apicurio.AvroSerdeIT.testAvroSerDesFailDifferentSchemaByRecordName-FINISHED
2025-09-02 18:21:01,643 INFO  [io.api.tes.uti.TestSeparator] (main) ############################################################################
Test passed: testAvroSerDesFailDifferentSchemaByRecordName
]]></system-out>
    <system-err><![CDATA[io.apicurio.registry.rest.client.models.ProblemDetails
	at io.apicurio.registry.rest.client.models.ProblemDetails.createFromDiscriminatorValue(ProblemDetails.java:58)
	at io.kiota.serialization.json.JsonParseNode.getObjectValue(JsonParseNode.java:247)
	at io.kiota.http.vertx.VertXRequestAdapter.lambda$throwIfFailedResponse$0(VertXRequestAdapter.java:400)
	at com.microsoft.kiota.ApiExceptionBuilder.<init>(ApiExceptionBuilder.java:26)
	at io.kiota.http.vertx.VertXRequestAdapter.throwIfFailedResponse(VertXRequestAdapter.java:399)
	at io.kiota.http.vertx.VertXRequestAdapter.send(VertXRequestAdapter.java:170)
	at jdk.internal.reflect.GeneratedMethodAccessor33.invoke(Unknown Source)
	at java.base/jdk.internal.reflect.DelegatingMethodAccessorImpl.invoke(DelegatingMethodAccessorImpl.java:43)
	at java.base/java.lang.reflect.Method.invoke(Method.java:569)
	at io.apicurio.registry.client.RegistryClientFactory$RetryInvocationHandler.invoke(RegistryClientFactory.java:146)
	at jdk.proxy2/jdk.proxy2.$Proxy65.send(Unknown Source)
	at io.apicurio.registry.rest.client.groups.item.artifacts.item.versions.item.WithVersionExpressionItemRequestBuilder.get(WithVersionExpressionItemRequestBuilder.java:128)
	at io.apicurio.registry.rest.client.groups.item.artifacts.item.versions.item.WithVersionExpressionItemRequestBuilder.get(WithVersionExpressionItemRequestBuilder.java:111)
	at io.apicurio.registry.resolver.client.RegistryClientFacadeImpl.getVersionCoordinatesByGAV(RegistryClientFacadeImpl.java:159)
	at io.apicurio.registry.resolver.DefaultSchemaResolver.resolveByCoordinates(DefaultSchemaResolver.java:352)
	at io.apicurio.registry.resolver.DefaultSchemaResolver.lambda$resolveSchemaByArtifactReferenceCached$6(DefaultSchemaResolver.java:340)
	at io.apicurio.registry.resolver.cache.ERCache.lambda$getValue$0(ERCache.java:174)
	at io.apicurio.registry.resolver.cache.ERCache.retry(ERCache.java:227)
	at io.apicurio.registry.resolver.cache.ERCache.getValue(ERCache.java:173)
	at io.apicurio.registry.resolver.cache.ERCache.getByArtifactCoordinates(ERCache.java:158)
	at io.apicurio.registry.resolver.DefaultSchemaResolver.resolveSchemaByArtifactReferenceCached(DefaultSchemaResolver.java:338)
	at io.apicurio.registry.resolver.DefaultSchemaResolver.resolveSchemaByCoordinates(DefaultSchemaResolver.java:193)
	at io.apicurio.registry.resolver.DefaultSchemaResolver.getSchemaFromRegistry(DefaultSchemaResolver.java:130)
	at io.apicurio.registry.resolver.DefaultSchemaResolver.lambda$resolveSchema$0(DefaultSchemaResolver.java:84)
	at java.base/java.util.Optional.orElseGet(Optional.java:364)
	at io.apicurio.registry.resolver.DefaultSchemaResolver.resolveSchema(DefaultSchemaResolver.java:84)
	at io.apicurio.registry.serde.AbstractSerializer.serializeData(AbstractSerializer.java:62)
	at io.apicurio.registry.serde.KafkaSerializer.serialize(KafkaSerializer.java:77)
	at org.apache.kafka.clients.producer.KafkaProducer.doSend(KafkaProducer.java:1046)
	at org.apache.kafka.clients.producer.KafkaProducer.send(KafkaProducer.java:993)
	at org.apache.kafka.clients.producer.KafkaProducer.send(KafkaProducer.java:875)
	at io.apicurio.tests.serdes.apicurio.KafkaSerdesTester.lambda$produceMessages$3(KafkaSerdesTester.java:138)
	at java.base/java.util.concurrent.CompletableFuture$AsyncSupply.run(CompletableFuture.java:1768)
	at java.base/java.util.concurrent.CompletableFuture$AsyncSupply.exec(CompletableFuture.java:1760)
	at java.base/java.util.concurrent.ForkJoinTask.doExec(ForkJoinTask.java:373)
	at java.base/java.util.concurrent.ForkJoinPool$WorkQueue.topLevelExec(ForkJoinPool.java:1182)
	at java.base/java.util.concurrent.ForkJoinPool.scan(ForkJoinPool.java:1655)
	at java.base/java.util.concurrent.ForkJoinPool.runWorker(ForkJoinPool.java:1622)
	at java.base/java.util.concurrent.ForkJoinWorkerThread.run(ForkJoinWorkerThread.java:165)
]]></system-err>
  </testcase>
  <testcase name="testTopicIdStrategyFindLatest" classname="io.apicurio.tests.serdes.apicurio.AvroSerdeIT" time="4.892">
    <system-out><![CDATA[2025-09-02 18:21:01,644 INFO  [io.api.tes.uti.TestSeparator] (main) ############################################################################
2025-09-02 18:21:01,644 INFO  [io.api.tes.uti.TestSeparator] (main) io.apicurio.tests.serdes.apicurio.AvroSerdeIT.testTopicIdStrategyFindLatest-STARTED
2025-09-02 18:21:01,645 INFO  [io.api.tes.ser.api.AvroSerdeIT] (main) Registering Avro Schema: {"type":"record","name":"myrecordapicurio1","fields":[{"name":"key11756837261645","type":"string"}]}
**** Registry Base URL: http://registry-app-mysql.apps.ci419.apicurio-testing.org:80
2025-09-02 18:21:02,737 INFO  [org.apa.kaf.cli.pro.ProducerConfig] (main) ProducerConfig values: 
	acks = -1
	auto.include.jmx.reporter = true
	batch.size = 16384
	bootstrap.servers = [PLAINTEXT://localhost:32769]
	buffer.memory = 33554432
	client.dns.lookup = use_all_dns_ips
	client.id = Producer-topic-3f375899_aa36_4041_96f9_7b2b3d3acf65
	compression.gzip.level = -1
	compression.lz4.level = 9
	compression.type = none
	compression.zstd.level = 3
	connections.max.idle.ms = 10000
	delivery.timeout.ms = 120000
	enable.idempotence = true
	enable.metrics.push = true
	interceptor.classes = []
	key.serializer = class org.apache.kafka.common.serialization.StringSerializer
	linger.ms = 0
	max.block.ms = 60000
	max.in.flight.requests.per.connection = 5
	max.request.size = 1048576
	metadata.max.age.ms = 300000
	metadata.max.idle.ms = 300000
	metadata.recovery.strategy = none
	metric.reporters = []
	metrics.num.samples = 2
	metrics.recording.level = INFO
	metrics.sample.window.ms = 30000
	partitioner.adaptive.partitioning.enable = true
	partitioner.availability.timeout.ms = 0
	partitioner.class = null
	partitioner.ignore.keys = false
	receive.buffer.bytes = 32768
	reconnect.backoff.max.ms = 1000
	reconnect.backoff.ms = 50
	request.timeout.ms = 5000
	retries = 2147483647
	retry.backoff.max.ms = 1000
	retry.backoff.ms = 100
	sasl.client.callback.handler.class = null
	sasl.jaas.config = null
	sasl.kerberos.kinit.cmd = /usr/bin/kinit
	sasl.kerberos.min.time.before.relogin = 60000
	sasl.kerberos.service.name = null
	sasl.kerberos.ticket.renew.jitter = 0.05
	sasl.kerberos.ticket.renew.window.factor = 0.8
	sasl.login.callback.handler.class = null
	sasl.login.class = null
	sasl.login.connect.timeout.ms = null
	sasl.login.read.timeout.ms = null
	sasl.login.refresh.buffer.seconds = 300
	sasl.login.refresh.min.period.seconds = 60
	sasl.login.refresh.window.factor = 0.8
	sasl.login.refresh.window.jitter = 0.05
	sasl.login.retry.backoff.max.ms = 10000
	sasl.login.retry.backoff.ms = 100
	sasl.mechanism = GSSAPI
	sasl.oauthbearer.clock.skew.seconds = 30
	sasl.oauthbearer.expected.audience = null
	sasl.oauthbearer.expected.issuer = null
	sasl.oauthbearer.header.urlencode = false
	sasl.oauthbearer.jwks.endpoint.refresh.ms = 3600000
	sasl.oauthbearer.jwks.endpoint.retry.backoff.max.ms = 10000
	sasl.oauthbearer.jwks.endpoint.retry.backoff.ms = 100
	sasl.oauthbearer.jwks.endpoint.url = null
	sasl.oauthbearer.scope.claim.name = scope
	sasl.oauthbearer.sub.claim.name = sub
	sasl.oauthbearer.token.endpoint.url = null
	security.protocol = PLAINTEXT
	security.providers = null
	send.buffer.bytes = 131072
	socket.connection.setup.timeout.max.ms = 30000
	socket.connection.setup.timeout.ms = 10000
	ssl.cipher.suites = null
	ssl.enabled.protocols = [TLSv1.2, TLSv1.3]
	ssl.endpoint.identification.algorithm = https
	ssl.engine.factory.class = null
	ssl.key.password = null
	ssl.keymanager.algorithm = SunX509
	ssl.keystore.certificate.chain = null
	ssl.keystore.key = null
	ssl.keystore.location = null
	ssl.keystore.password = null
	ssl.keystore.type = JKS
	ssl.protocol = TLSv1.3
	ssl.provider = null
	ssl.secure.random.implementation = null
	ssl.trustmanager.algorithm = PKIX
	ssl.truststore.certificates = null
	ssl.truststore.location = null
	ssl.truststore.password = null
	ssl.truststore.type = JKS
	transaction.timeout.ms = 60000
	transactional.id = null
	value.serializer = class io.apicurio.registry.serde.avro.AvroKafkaSerializer

2025-09-02 18:21:02,738 INFO  [org.apa.kaf.com.tel.int.KafkaMetricsCollector] (main) initializing Kafka metrics collector
2025-09-02 18:21:02,740 INFO  [org.apa.kaf.cli.pro.KafkaProducer] (main) [Producer clientId=Producer-topic-3f375899_aa36_4041_96f9_7b2b3d3acf65] Instantiated an idempotent producer.
2025-09-02 18:21:02,742 INFO  [org.apa.kaf.cli.pro.ProducerConfig] (main) These configurations '[apicurio.registry.find-latest, apicurio.registry.url, apicurio.registry.artifact-resolver-strategy]' were supplied but are not used yet.
2025-09-02 18:21:02,743 INFO  [org.apa.kaf.com.uti.AppInfoParser] (main) Kafka version: 3.9.1
2025-09-02 18:21:02,743 INFO  [org.apa.kaf.com.uti.AppInfoParser] (main) Kafka commitId: f745dfdcee2b9851
2025-09-02 18:21:02,743 INFO  [org.apa.kaf.com.uti.AppInfoParser] (main) Kafka startTimeMs: 1756837262743
2025-09-02 18:21:02,743 INFO  [io.api.tes.ser.api.SimpleSerdesTesterBuilder$SimpleSerdesTester] (main) Using producer configuration: {apicurio.registry.find-latest=true, apicurio.registry.url=http://registry-app-mysql.apps.ci419.apicurio-testing.org:80/apis/registry/v3, apicurio.registry.artifact-resolver-strategy=io.apicurio.registry.serde.strategy.TopicIdStrategy, value.serializer=io.apicurio.registry.serde.avro.AvroKafkaSerializer, request.timeout.ms=5000, acks=all, bootstrap.servers=PLAINTEXT://localhost:32769, connections.max.idle.ms=10000, key.serializer=org.apache.kafka.common.serialization.StringSerializer, client.id=Producer-topic-3f375899_aa36_4041_96f9_7b2b3d3acf65}
2025-09-02 18:21:02,743 INFO  [io.api.tes.ser.api.SimpleSerdesTesterBuilder$SimpleSerdesTester] (main) Using consumer configuration: {}
2025-09-02 18:21:02,743 INFO  [io.api.tes.ser.api.KafkaSerdesTester] (ForkJoinPool.commonPool-worker-2) Sending message {"key11756837261645": "value-0"} to topic topic-3f375899_aa36_4041_96f9_7b2b3d3acf65
2025-09-02 18:21:02,747 INFO  [org.apa.kaf.cli.Metadata] (kafka-producer-network-thread | Producer-topic-3f375899_aa36_4041_96f9_7b2b3d3acf65) [Producer clientId=Producer-topic-3f375899_aa36_4041_96f9_7b2b3d3acf65] Cluster ID: zhgBwCfeQnC1PCRKjnRbQg
2025-09-02 18:21:02,747 INFO  [org.apa.kaf.cli.pro.int.TransactionManager] (kafka-producer-network-thread | Producer-topic-3f375899_aa36_4041_96f9_7b2b3d3acf65) [Producer clientId=Producer-topic-3f375899_aa36_4041_96f9_7b2b3d3acf65] ProducerId set to 9 with epoch 0
2025-09-02 18:21:02,883 INFO  [io.api.tes.ser.api.KafkaSerdesTester] (ForkJoinPool.commonPool-worker-2) Sending message {"key11756837261645": "value-1"} to topic topic-3f375899_aa36_4041_96f9_7b2b3d3acf65
2025-09-02 18:21:02,885 INFO  [io.api.tes.ser.api.KafkaSerdesTester] (ForkJoinPool.commonPool-worker-2) Sending message {"key11756837261645": "value-2"} to topic topic-3f375899_aa36_4041_96f9_7b2b3d3acf65
2025-09-02 18:21:02,886 INFO  [io.api.tes.ser.api.KafkaSerdesTester] (ForkJoinPool.commonPool-worker-2) Sending message {"key11756837261645": "value-3"} to topic topic-3f375899_aa36_4041_96f9_7b2b3d3acf65
2025-09-02 18:21:02,888 INFO  [io.api.tes.ser.api.KafkaSerdesTester] (ForkJoinPool.commonPool-worker-2) Sending message {"key11756837261645": "value-4"} to topic topic-3f375899_aa36_4041_96f9_7b2b3d3acf65
2025-09-02 18:21:02,889 INFO  [io.api.tes.ser.api.KafkaSerdesTester] (ForkJoinPool.commonPool-worker-2) Sending message {"key11756837261645": "value-5"} to topic topic-3f375899_aa36_4041_96f9_7b2b3d3acf65
2025-09-02 18:21:02,890 INFO  [io.api.tes.ser.api.KafkaSerdesTester] (ForkJoinPool.commonPool-worker-2) Sending message {"key11756837261645": "value-6"} to topic topic-3f375899_aa36_4041_96f9_7b2b3d3acf65
2025-09-02 18:21:02,892 INFO  [io.api.tes.ser.api.KafkaSerdesTester] (ForkJoinPool.commonPool-worker-2) Sending message {"key11756837261645": "value-7"} to topic topic-3f375899_aa36_4041_96f9_7b2b3d3acf65
2025-09-02 18:21:02,894 INFO  [io.api.tes.ser.api.KafkaSerdesTester] (ForkJoinPool.commonPool-worker-2) Sending message {"key11756837261645": "value-8"} to topic topic-3f375899_aa36_4041_96f9_7b2b3d3acf65
2025-09-02 18:21:02,895 INFO  [io.api.tes.ser.api.KafkaSerdesTester] (ForkJoinPool.commonPool-worker-2) Sending message {"key11756837261645": "value-9"} to topic topic-3f375899_aa36_4041_96f9_7b2b3d3acf65
2025-09-02 18:21:02,896 INFO  [io.api.tes.ser.api.KafkaSerdesTester] (ForkJoinPool.commonPool-worker-2) Produced 10 messages
2025-09-02 18:21:02,896 INFO  [org.apa.kaf.cli.pro.KafkaProducer] (ForkJoinPool.commonPool-worker-2) [Producer clientId=Producer-topic-3f375899_aa36_4041_96f9_7b2b3d3acf65] Closing the Kafka producer with timeoutMillis = 9223372036854775807 ms.
2025-09-02 18:21:02,898 INFO  [org.apa.kaf.com.met.Metrics] (ForkJoinPool.commonPool-worker-2) Metrics scheduler closed
2025-09-02 18:21:02,898 INFO  [org.apa.kaf.com.met.Metrics] (ForkJoinPool.commonPool-worker-2) Closing reporter org.apache.kafka.common.metrics.JmxReporter
2025-09-02 18:21:02,898 INFO  [org.apa.kaf.com.met.Metrics] (ForkJoinPool.commonPool-worker-2) Closing reporter org.apache.kafka.common.telemetry.internals.ClientTelemetryReporter
2025-09-02 18:21:02,898 INFO  [org.apa.kaf.com.met.Metrics] (ForkJoinPool.commonPool-worker-2) Metrics reporters closed
2025-09-02 18:21:02,898 INFO  [org.apa.kaf.com.uti.AppInfoParser] (ForkJoinPool.commonPool-worker-2) App info kafka.producer for Producer-topic-3f375899_aa36_4041_96f9_7b2b3d3acf65 unregistered
**** Registry Base URL: http://registry-app-mysql.apps.ci419.apicurio-testing.org:80
2025-09-02 18:21:02,899 INFO  [org.apa.kaf.cli.con.ConsumerConfig] (main) ConsumerConfig values: 
	allow.auto.create.topics = true
	auto.commit.interval.ms = 500
	auto.include.jmx.reporter = true
	auto.offset.reset = earliest
	bootstrap.servers = [PLAINTEXT://localhost:32769]
	check.crcs = true
	client.dns.lookup = use_all_dns_ips
	client.id = consumer-Consumer-topic-3f375899_aa36_4041_96f9_7b2b3d3acf65-7
	client.rack = 
	connections.max.idle.ms = 10000
	default.api.timeout.ms = 60000
	enable.auto.commit = true
	enable.metrics.push = true
	exclude.internal.topics = true
	fetch.max.bytes = 52428800
	fetch.max.wait.ms = 500
	fetch.min.bytes = 1
	group.id = Consumer-topic-3f375899_aa36_4041_96f9_7b2b3d3acf65
	group.instance.id = null
	group.protocol = classic
	group.remote.assignor = null
	heartbeat.interval.ms = 3000
	interceptor.classes = []
	internal.leave.group.on.close = true
	internal.throw.on.fetch.stable.offset.unsupported = false
	isolation.level = read_uncommitted
	key.deserializer = class org.apache.kafka.common.serialization.StringDeserializer
	max.partition.fetch.bytes = 1048576
	max.poll.interval.ms = 300000
	max.poll.records = 500
	metadata.max.age.ms = 300000
	metadata.recovery.strategy = none
	metric.reporters = []
	metrics.num.samples = 2
	metrics.recording.level = INFO
	metrics.sample.window.ms = 30000
	partition.assignment.strategy = [class org.apache.kafka.clients.consumer.RangeAssignor, class org.apache.kafka.clients.consumer.CooperativeStickyAssignor]
	receive.buffer.bytes = 65536
	reconnect.backoff.max.ms = 1000
	reconnect.backoff.ms = 50
	request.timeout.ms = 5000
	retry.backoff.max.ms = 1000
	retry.backoff.ms = 100
	sasl.client.callback.handler.class = null
	sasl.jaas.config = null
	sasl.kerberos.kinit.cmd = /usr/bin/kinit
	sasl.kerberos.min.time.before.relogin = 60000
	sasl.kerberos.service.name = null
	sasl.kerberos.ticket.renew.jitter = 0.05
	sasl.kerberos.ticket.renew.window.factor = 0.8
	sasl.login.callback.handler.class = null
	sasl.login.class = null
	sasl.login.connect.timeout.ms = null
	sasl.login.read.timeout.ms = null
	sasl.login.refresh.buffer.seconds = 300
	sasl.login.refresh.min.period.seconds = 60
	sasl.login.refresh.window.factor = 0.8
	sasl.login.refresh.window.jitter = 0.05
	sasl.login.retry.backoff.max.ms = 10000
	sasl.login.retry.backoff.ms = 100
	sasl.mechanism = GSSAPI
	sasl.oauthbearer.clock.skew.seconds = 30
	sasl.oauthbearer.expected.audience = null
	sasl.oauthbearer.expected.issuer = null
	sasl.oauthbearer.header.urlencode = false
	sasl.oauthbearer.jwks.endpoint.refresh.ms = 3600000
	sasl.oauthbearer.jwks.endpoint.retry.backoff.max.ms = 10000
	sasl.oauthbearer.jwks.endpoint.retry.backoff.ms = 100
	sasl.oauthbearer.jwks.endpoint.url = null
	sasl.oauthbearer.scope.claim.name = scope
	sasl.oauthbearer.sub.claim.name = sub
	sasl.oauthbearer.token.endpoint.url = null
	security.protocol = PLAINTEXT
	security.providers = null
	send.buffer.bytes = 131072
	session.timeout.ms = 45000
	socket.connection.setup.timeout.max.ms = 30000
	socket.connection.setup.timeout.ms = 10000
	ssl.cipher.suites = null
	ssl.enabled.protocols = [TLSv1.2, TLSv1.3]
	ssl.endpoint.identification.algorithm = https
	ssl.engine.factory.class = null
	ssl.key.password = null
	ssl.keymanager.algorithm = SunX509
	ssl.keystore.certificate.chain = null
	ssl.keystore.key = null
	ssl.keystore.location = null
	ssl.keystore.password = null
	ssl.keystore.type = JKS
	ssl.protocol = TLSv1.3
	ssl.provider = null
	ssl.secure.random.implementation = null
	ssl.trustmanager.algorithm = PKIX
	ssl.truststore.certificates = null
	ssl.truststore.location = null
	ssl.truststore.password = null
	ssl.truststore.type = JKS
	value.deserializer = class io.apicurio.registry.serde.avro.AvroKafkaDeserializer

2025-09-02 18:21:02,899 INFO  [org.apa.kaf.com.tel.int.KafkaMetricsCollector] (main) initializing Kafka metrics collector
2025-09-02 18:21:02,906 INFO  [org.apa.kaf.cli.con.ConsumerConfig] (main) These configurations '[apicurio.registry.url]' were supplied but are not used yet.
2025-09-02 18:21:02,906 INFO  [org.apa.kaf.com.uti.AppInfoParser] (main) Kafka version: 3.9.1
2025-09-02 18:21:02,906 INFO  [org.apa.kaf.com.uti.AppInfoParser] (main) Kafka commitId: f745dfdcee2b9851
2025-09-02 18:21:02,906 INFO  [org.apa.kaf.com.uti.AppInfoParser] (main) Kafka startTimeMs: 1756837262906
2025-09-02 18:21:02,906 INFO  [org.apa.kaf.cli.con.int.ClassicKafkaConsumer] (ForkJoinPool.commonPool-worker-2) [Consumer clientId=consumer-Consumer-topic-3f375899_aa36_4041_96f9_7b2b3d3acf65-7, groupId=Consumer-topic-3f375899_aa36_4041_96f9_7b2b3d3acf65] Subscribed to topic(s): topic-3f375899_aa36_4041_96f9_7b2b3d3acf65
2025-09-02 18:21:02,911 INFO  [org.apa.kaf.cli.Metadata] (ForkJoinPool.commonPool-worker-2) [Consumer clientId=consumer-Consumer-topic-3f375899_aa36_4041_96f9_7b2b3d3acf65-7, groupId=Consumer-topic-3f375899_aa36_4041_96f9_7b2b3d3acf65] Cluster ID: zhgBwCfeQnC1PCRKjnRbQg
2025-09-02 18:21:02,912 INFO  [org.apa.kaf.cli.con.int.ConsumerCoordinator] (ForkJoinPool.commonPool-worker-2) [Consumer clientId=consumer-Consumer-topic-3f375899_aa36_4041_96f9_7b2b3d3acf65-7, groupId=Consumer-topic-3f375899_aa36_4041_96f9_7b2b3d3acf65] Discovered group coordinator localhost:32769 (id: 2147483647 rack: null)
2025-09-02 18:21:02,914 INFO  [org.apa.kaf.cli.con.int.ConsumerCoordinator] (ForkJoinPool.commonPool-worker-2) [Consumer clientId=consumer-Consumer-topic-3f375899_aa36_4041_96f9_7b2b3d3acf65-7, groupId=Consumer-topic-3f375899_aa36_4041_96f9_7b2b3d3acf65] (Re-)joining group
2025-09-02 18:21:02,917 INFO  [org.apa.kaf.cli.con.int.ConsumerCoordinator] (ForkJoinPool.commonPool-worker-2) [Consumer clientId=consumer-Consumer-topic-3f375899_aa36_4041_96f9_7b2b3d3acf65-7, groupId=Consumer-topic-3f375899_aa36_4041_96f9_7b2b3d3acf65] Request joining group due to: need to re-join with the given member-id: consumer-Consumer-topic-3f375899_aa36_4041_96f9_7b2b3d3acf65-7-16634d59-1940-4cbf-a5b4-fbf66af8b251
2025-09-02 18:21:02,917 INFO  [org.apa.kaf.cli.con.int.ConsumerCoordinator] (ForkJoinPool.commonPool-worker-2) [Consumer clientId=consumer-Consumer-topic-3f375899_aa36_4041_96f9_7b2b3d3acf65-7, groupId=Consumer-topic-3f375899_aa36_4041_96f9_7b2b3d3acf65] (Re-)joining group
2025-09-02 18:21:03,907 INFO  [io.api.tes.ser.api.KafkaSerdesTester] (ForkJoinPool.commonPool-worker-2) None found
2025-09-02 18:21:04,907 INFO  [io.api.tes.ser.api.KafkaSerdesTester] (ForkJoinPool.commonPool-worker-2) None found
2025-09-02 18:21:05,908 INFO  [io.api.tes.ser.api.KafkaSerdesTester] (ForkJoinPool.commonPool-worker-2) None found
2025-09-02 18:21:05,920 INFO  [org.apa.kaf.cli.con.int.ConsumerCoordinator] (ForkJoinPool.commonPool-worker-2) [Consumer clientId=consumer-Consumer-topic-3f375899_aa36_4041_96f9_7b2b3d3acf65-7, groupId=Consumer-topic-3f375899_aa36_4041_96f9_7b2b3d3acf65] Successfully joined group with generation Generation{generationId=1, memberId='consumer-Consumer-topic-3f375899_aa36_4041_96f9_7b2b3d3acf65-7-16634d59-1940-4cbf-a5b4-fbf66af8b251', protocol='range'}
2025-09-02 18:21:05,921 INFO  [org.apa.kaf.cli.con.int.ConsumerCoordinator] (ForkJoinPool.commonPool-worker-2) [Consumer clientId=consumer-Consumer-topic-3f375899_aa36_4041_96f9_7b2b3d3acf65-7, groupId=Consumer-topic-3f375899_aa36_4041_96f9_7b2b3d3acf65] Finished assignment for group at generation 1: {consumer-Consumer-topic-3f375899_aa36_4041_96f9_7b2b3d3acf65-7-16634d59-1940-4cbf-a5b4-fbf66af8b251=Assignment(partitions=[topic-3f375899_aa36_4041_96f9_7b2b3d3acf65-0])}
2025-09-02 18:21:05,928 INFO  [org.apa.kaf.cli.con.int.ConsumerCoordinator] (ForkJoinPool.commonPool-worker-2) [Consumer clientId=consumer-Consumer-topic-3f375899_aa36_4041_96f9_7b2b3d3acf65-7, groupId=Consumer-topic-3f375899_aa36_4041_96f9_7b2b3d3acf65] Successfully synced group in generation Generation{generationId=1, memberId='consumer-Consumer-topic-3f375899_aa36_4041_96f9_7b2b3d3acf65-7-16634d59-1940-4cbf-a5b4-fbf66af8b251', protocol='range'}
2025-09-02 18:21:05,928 INFO  [org.apa.kaf.cli.con.int.ConsumerCoordinator] (ForkJoinPool.commonPool-worker-2) [Consumer clientId=consumer-Consumer-topic-3f375899_aa36_4041_96f9_7b2b3d3acf65-7, groupId=Consumer-topic-3f375899_aa36_4041_96f9_7b2b3d3acf65] Notifying assignor about the new Assignment(partitions=[topic-3f375899_aa36_4041_96f9_7b2b3d3acf65-0])
2025-09-02 18:21:05,928 INFO  [org.apa.kaf.cli.con.int.ConsumerRebalanceListenerInvoker] (ForkJoinPool.commonPool-worker-2) [Consumer clientId=consumer-Consumer-topic-3f375899_aa36_4041_96f9_7b2b3d3acf65-7, groupId=Consumer-topic-3f375899_aa36_4041_96f9_7b2b3d3acf65] Adding newly assigned partitions: topic-3f375899_aa36_4041_96f9_7b2b3d3acf65-0
2025-09-02 18:21:05,929 INFO  [org.apa.kaf.cli.con.int.ConsumerCoordinator] (ForkJoinPool.commonPool-worker-2) [Consumer clientId=consumer-Consumer-topic-3f375899_aa36_4041_96f9_7b2b3d3acf65-7, groupId=Consumer-topic-3f375899_aa36_4041_96f9_7b2b3d3acf65] Found no committed offset for partition topic-3f375899_aa36_4041_96f9_7b2b3d3acf65-0
2025-09-02 18:21:05,932 INFO  [org.apa.kaf.cli.con.int.SubscriptionState] (ForkJoinPool.commonPool-worker-2) [Consumer clientId=consumer-Consumer-topic-3f375899_aa36_4041_96f9_7b2b3d3acf65-7, groupId=Consumer-topic-3f375899_aa36_4041_96f9_7b2b3d3acf65] Resetting offset for partition topic-3f375899_aa36_4041_96f9_7b2b3d3acf65-0 to position FetchPosition{offset=0, offsetEpoch=Optional.empty, currentLeader=LeaderAndEpoch{leader=Optional[localhost:32769 (id: 0 rack: null)], epoch=0}}.
2025-09-02 18:21:06,031 INFO  [io.api.tes.ser.api.KafkaSerdesTester] (ForkJoinPool.commonPool-worker-2) topic-3f375899_aa36_4041_96f9_7b2b3d3acf65 0 0 {"key11756837261645": "value-0"}
2025-09-02 18:21:06,031 INFO  [io.api.tes.ser.api.KafkaSerdesTester] (ForkJoinPool.commonPool-worker-2) topic-3f375899_aa36_4041_96f9_7b2b3d3acf65 0 1 {"key11756837261645": "value-1"}
2025-09-02 18:21:06,031 INFO  [io.api.tes.ser.api.KafkaSerdesTester] (ForkJoinPool.commonPool-worker-2) topic-3f375899_aa36_4041_96f9_7b2b3d3acf65 0 2 {"key11756837261645": "value-2"}
2025-09-02 18:21:06,031 INFO  [io.api.tes.ser.api.KafkaSerdesTester] (ForkJoinPool.commonPool-worker-2) topic-3f375899_aa36_4041_96f9_7b2b3d3acf65 0 3 {"key11756837261645": "value-3"}
2025-09-02 18:21:06,031 INFO  [io.api.tes.ser.api.KafkaSerdesTester] (ForkJoinPool.commonPool-worker-2) topic-3f375899_aa36_4041_96f9_7b2b3d3acf65 0 4 {"key11756837261645": "value-4"}
2025-09-02 18:21:06,031 INFO  [io.api.tes.ser.api.KafkaSerdesTester] (ForkJoinPool.commonPool-worker-2) topic-3f375899_aa36_4041_96f9_7b2b3d3acf65 0 5 {"key11756837261645": "value-5"}
2025-09-02 18:21:06,031 INFO  [io.api.tes.ser.api.KafkaSerdesTester] (ForkJoinPool.commonPool-worker-2) topic-3f375899_aa36_4041_96f9_7b2b3d3acf65 0 6 {"key11756837261645": "value-6"}
2025-09-02 18:21:06,031 INFO  [io.api.tes.ser.api.KafkaSerdesTester] (ForkJoinPool.commonPool-worker-2) topic-3f375899_aa36_4041_96f9_7b2b3d3acf65 0 7 {"key11756837261645": "value-7"}
2025-09-02 18:21:06,031 INFO  [io.api.tes.ser.api.KafkaSerdesTester] (ForkJoinPool.commonPool-worker-2) topic-3f375899_aa36_4041_96f9_7b2b3d3acf65 0 8 {"key11756837261645": "value-8"}
2025-09-02 18:21:06,031 INFO  [io.api.tes.ser.api.KafkaSerdesTester] (ForkJoinPool.commonPool-worker-2) topic-3f375899_aa36_4041_96f9_7b2b3d3acf65 0 9 {"key11756837261645": "value-9"}
2025-09-02 18:21:06,031 INFO  [io.api.tes.ser.api.KafkaSerdesTester] (ForkJoinPool.commonPool-worker-2) Consumed 10 messages
2025-09-02 18:21:06,039 INFO  [org.apa.kaf.cli.con.int.ConsumerRebalanceListenerInvoker] (ForkJoinPool.commonPool-worker-2) [Consumer clientId=consumer-Consumer-topic-3f375899_aa36_4041_96f9_7b2b3d3acf65-7, groupId=Consumer-topic-3f375899_aa36_4041_96f9_7b2b3d3acf65] Revoke previously assigned partitions topic-3f375899_aa36_4041_96f9_7b2b3d3acf65-0
2025-09-02 18:21:06,039 INFO  [org.apa.kaf.cli.con.int.ConsumerCoordinator] (ForkJoinPool.commonPool-worker-2) [Consumer clientId=consumer-Consumer-topic-3f375899_aa36_4041_96f9_7b2b3d3acf65-7, groupId=Consumer-topic-3f375899_aa36_4041_96f9_7b2b3d3acf65] Member consumer-Consumer-topic-3f375899_aa36_4041_96f9_7b2b3d3acf65-7-16634d59-1940-4cbf-a5b4-fbf66af8b251 sending LeaveGroup request to coordinator localhost:32769 (id: 2147483647 rack: null) due to the consumer is being closed
2025-09-02 18:21:06,039 INFO  [org.apa.kaf.cli.con.int.ConsumerCoordinator] (ForkJoinPool.commonPool-worker-2) [Consumer clientId=consumer-Consumer-topic-3f375899_aa36_4041_96f9_7b2b3d3acf65-7, groupId=Consumer-topic-3f375899_aa36_4041_96f9_7b2b3d3acf65] Resetting generation and member id due to: consumer pro-actively leaving the group
2025-09-02 18:21:06,039 INFO  [org.apa.kaf.cli.con.int.ConsumerCoordinator] (ForkJoinPool.commonPool-worker-2) [Consumer clientId=consumer-Consumer-topic-3f375899_aa36_4041_96f9_7b2b3d3acf65-7, groupId=Consumer-topic-3f375899_aa36_4041_96f9_7b2b3d3acf65] Request joining group due to: consumer pro-actively leaving the group
2025-09-02 18:21:06,533 INFO  [org.apa.kaf.com.met.Metrics] (ForkJoinPool.commonPool-worker-2) Metrics scheduler closed
2025-09-02 18:21:06,533 INFO  [org.apa.kaf.com.met.Metrics] (ForkJoinPool.commonPool-worker-2) Closing reporter org.apache.kafka.common.metrics.JmxReporter
2025-09-02 18:21:06,533 INFO  [org.apa.kaf.com.met.Metrics] (ForkJoinPool.commonPool-worker-2) Closing reporter org.apache.kafka.common.telemetry.internals.ClientTelemetryReporter
2025-09-02 18:21:06,533 INFO  [org.apa.kaf.com.met.Metrics] (ForkJoinPool.commonPool-worker-2) Metrics reporters closed
2025-09-02 18:21:06,535 INFO  [org.apa.kaf.com.uti.AppInfoParser] (ForkJoinPool.commonPool-worker-2) App info kafka.consumer for consumer-Consumer-topic-3f375899_aa36_4041_96f9_7b2b3d3acf65-7 unregistered
2025-09-02 18:21:06,535 INFO  [io.api.tes.uti.TestSeparator] (main) io.apicurio.tests.serdes.apicurio.AvroSerdeIT.testTopicIdStrategyFindLatest-FINISHED
2025-09-02 18:21:06,535 INFO  [io.api.tes.uti.TestSeparator] (main) ############################################################################
Test passed: testTopicIdStrategyFindLatest
]]></system-out>
  </testcase>
  <testcase name="testAvroUnionWithSpecificReader" classname="io.apicurio.tests.serdes.apicurio.AvroSerdeIT" time="4.256">
    <system-out><![CDATA[2025-09-02 18:21:06,537 INFO  [io.api.tes.uti.TestSeparator] (main) ############################################################################
2025-09-02 18:21:06,537 INFO  [io.api.tes.uti.TestSeparator] (main) io.apicurio.tests.serdes.apicurio.AvroSerdeIT.testAvroUnionWithSpecificReader-STARTED
**** Registry Base URL: http://registry-app-mysql.apps.ci419.apicurio-testing.org:80
2025-09-02 18:21:06,540 INFO  [org.apa.kaf.cli.pro.ProducerConfig] (main) ProducerConfig values: 
	acks = -1
	auto.include.jmx.reporter = true
	batch.size = 16384
	bootstrap.servers = [PLAINTEXT://localhost:32769]
	buffer.memory = 33554432
	client.dns.lookup = use_all_dns_ips
	client.id = Producer-topic-7bf59d59_c319_4da7_90f1_0a9da8698a00
	compression.gzip.level = -1
	compression.lz4.level = 9
	compression.type = none
	compression.zstd.level = 3
	connections.max.idle.ms = 10000
	delivery.timeout.ms = 120000
	enable.idempotence = true
	enable.metrics.push = true
	interceptor.classes = []
	key.serializer = class org.apache.kafka.common.serialization.StringSerializer
	linger.ms = 0
	max.block.ms = 60000
	max.in.flight.requests.per.connection = 5
	max.request.size = 1048576
	metadata.max.age.ms = 300000
	metadata.max.idle.ms = 300000
	metadata.recovery.strategy = none
	metric.reporters = []
	metrics.num.samples = 2
	metrics.recording.level = INFO
	metrics.sample.window.ms = 30000
	partitioner.adaptive.partitioning.enable = true
	partitioner.availability.timeout.ms = 0
	partitioner.class = null
	partitioner.ignore.keys = false
	receive.buffer.bytes = 32768
	reconnect.backoff.max.ms = 1000
	reconnect.backoff.ms = 50
	request.timeout.ms = 5000
	retries = 2147483647
	retry.backoff.max.ms = 1000
	retry.backoff.ms = 100
	sasl.client.callback.handler.class = null
	sasl.jaas.config = null
	sasl.kerberos.kinit.cmd = /usr/bin/kinit
	sasl.kerberos.min.time.before.relogin = 60000
	sasl.kerberos.service.name = null
	sasl.kerberos.ticket.renew.jitter = 0.05
	sasl.kerberos.ticket.renew.window.factor = 0.8
	sasl.login.callback.handler.class = null
	sasl.login.class = null
	sasl.login.connect.timeout.ms = null
	sasl.login.read.timeout.ms = null
	sasl.login.refresh.buffer.seconds = 300
	sasl.login.refresh.min.period.seconds = 60
	sasl.login.refresh.window.factor = 0.8
	sasl.login.refresh.window.jitter = 0.05
	sasl.login.retry.backoff.max.ms = 10000
	sasl.login.retry.backoff.ms = 100
	sasl.mechanism = GSSAPI
	sasl.oauthbearer.clock.skew.seconds = 30
	sasl.oauthbearer.expected.audience = null
	sasl.oauthbearer.expected.issuer = null
	sasl.oauthbearer.header.urlencode = false
	sasl.oauthbearer.jwks.endpoint.refresh.ms = 3600000
	sasl.oauthbearer.jwks.endpoint.retry.backoff.max.ms = 10000
	sasl.oauthbearer.jwks.endpoint.retry.backoff.ms = 100
	sasl.oauthbearer.jwks.endpoint.url = null
	sasl.oauthbearer.scope.claim.name = scope
	sasl.oauthbearer.sub.claim.name = sub
	sasl.oauthbearer.token.endpoint.url = null
	security.protocol = PLAINTEXT
	security.providers = null
	send.buffer.bytes = 131072
	socket.connection.setup.timeout.max.ms = 30000
	socket.connection.setup.timeout.ms = 10000
	ssl.cipher.suites = null
	ssl.enabled.protocols = [TLSv1.2, TLSv1.3]
	ssl.endpoint.identification.algorithm = https
	ssl.engine.factory.class = null
	ssl.key.password = null
	ssl.keymanager.algorithm = SunX509
	ssl.keystore.certificate.chain = null
	ssl.keystore.key = null
	ssl.keystore.location = null
	ssl.keystore.password = null
	ssl.keystore.type = JKS
	ssl.protocol = TLSv1.3
	ssl.provider = null
	ssl.secure.random.implementation = null
	ssl.trustmanager.algorithm = PKIX
	ssl.truststore.certificates = null
	ssl.truststore.location = null
	ssl.truststore.password = null
	ssl.truststore.type = JKS
	transaction.timeout.ms = 60000
	transactional.id = null
	value.serializer = class io.apicurio.registry.serde.avro.AvroKafkaSerializer

2025-09-02 18:21:06,540 INFO  [org.apa.kaf.com.tel.int.KafkaMetricsCollector] (main) initializing Kafka metrics collector
2025-09-02 18:21:06,543 INFO  [org.apa.kaf.cli.pro.KafkaProducer] (main) [Producer clientId=Producer-topic-7bf59d59_c319_4da7_90f1_0a9da8698a00] Instantiated an idempotent producer.
2025-09-02 18:21:06,545 INFO  [org.apa.kaf.cli.pro.ProducerConfig] (main) These configurations '[apicurio.registry.url, apicurio.registry.auto-register, apicurio.registry.artifact-resolver-strategy]' were supplied but are not used yet.
2025-09-02 18:21:06,545 INFO  [org.apa.kaf.com.uti.AppInfoParser] (main) Kafka version: 3.9.1
2025-09-02 18:21:06,545 INFO  [org.apa.kaf.com.uti.AppInfoParser] (main) Kafka commitId: f745dfdcee2b9851
2025-09-02 18:21:06,545 INFO  [org.apa.kaf.com.uti.AppInfoParser] (main) Kafka startTimeMs: 1756837266545
2025-09-02 18:21:06,545 INFO  [io.api.tes.ser.api.SimpleSerdesTesterBuilder$SimpleSerdesTester] (main) Using producer configuration: {apicurio.registry.url=http://registry-app-mysql.apps.ci419.apicurio-testing.org:80/apis/registry/v3, apicurio.registry.auto-register=true, apicurio.registry.artifact-resolver-strategy=io.apicurio.registry.serde.strategy.TopicIdStrategy, value.serializer=io.apicurio.registry.serde.avro.AvroKafkaSerializer, request.timeout.ms=5000, acks=all, bootstrap.servers=PLAINTEXT://localhost:32769, connections.max.idle.ms=10000, key.serializer=org.apache.kafka.common.serialization.StringSerializer, client.id=Producer-topic-7bf59d59_c319_4da7_90f1_0a9da8698a00}
2025-09-02 18:21:06,545 INFO  [io.api.tes.ser.api.SimpleSerdesTesterBuilder$SimpleSerdesTester] (main) Using consumer configuration: {}
2025-09-02 18:21:06,545 INFO  [io.api.tes.ser.api.KafkaSerdesTester] (ForkJoinPool.commonPool-worker-2) Sending message {"id": "record-0"} to topic topic-7bf59d59_c319_4da7_90f1_0a9da8698a00
2025-09-02 18:21:06,548 WARN  [org.apa.kaf.cli.NetworkClient] (kafka-producer-network-thread | Producer-topic-7bf59d59_c319_4da7_90f1_0a9da8698a00) [Producer clientId=Producer-topic-7bf59d59_c319_4da7_90f1_0a9da8698a00] The metadata response from the cluster reported a recoverable issue with correlation id 1 : {topic-7bf59d59_c319_4da7_90f1_0a9da8698a00=UNKNOWN_TOPIC_OR_PARTITION}
2025-09-02 18:21:06,548 INFO  [org.apa.kaf.cli.Metadata] (kafka-producer-network-thread | Producer-topic-7bf59d59_c319_4da7_90f1_0a9da8698a00) [Producer clientId=Producer-topic-7bf59d59_c319_4da7_90f1_0a9da8698a00] Cluster ID: zhgBwCfeQnC1PCRKjnRbQg
2025-09-02 18:21:06,548 INFO  [org.apa.kaf.cli.pro.int.TransactionManager] (kafka-producer-network-thread | Producer-topic-7bf59d59_c319_4da7_90f1_0a9da8698a00) [Producer clientId=Producer-topic-7bf59d59_c319_4da7_90f1_0a9da8698a00] ProducerId set to 10 with epoch 0
2025-09-02 18:21:06,752 INFO  [io.api.tes.ser.api.KafkaSerdesTester] (ForkJoinPool.commonPool-worker-2) Sending message {"value": 1} to topic topic-7bf59d59_c319_4da7_90f1_0a9da8698a00
2025-09-02 18:21:06,832 INFO  [io.api.tes.ser.api.KafkaSerdesTester] (ForkJoinPool.commonPool-worker-2) Sending message {"active": true} to topic topic-7bf59d59_c319_4da7_90f1_0a9da8698a00
2025-09-02 18:21:06,922 INFO  [io.api.tes.ser.api.KafkaSerdesTester] (ForkJoinPool.commonPool-worker-2) Sending message {"id": "record-3"} to topic topic-7bf59d59_c319_4da7_90f1_0a9da8698a00
2025-09-02 18:21:06,924 INFO  [io.api.tes.ser.api.KafkaSerdesTester] (ForkJoinPool.commonPool-worker-2) Sending message {"value": 4} to topic topic-7bf59d59_c319_4da7_90f1_0a9da8698a00
2025-09-02 18:21:06,925 INFO  [io.api.tes.ser.api.KafkaSerdesTester] (ForkJoinPool.commonPool-worker-2) Sending message {"active": false} to topic topic-7bf59d59_c319_4da7_90f1_0a9da8698a00
2025-09-02 18:21:06,926 INFO  [io.api.tes.ser.api.KafkaSerdesTester] (ForkJoinPool.commonPool-worker-2) Sending message {"id": "record-6"} to topic topic-7bf59d59_c319_4da7_90f1_0a9da8698a00
2025-09-02 18:21:06,928 INFO  [io.api.tes.ser.api.KafkaSerdesTester] (ForkJoinPool.commonPool-worker-2) Sending message {"value": 7} to topic topic-7bf59d59_c319_4da7_90f1_0a9da8698a00
2025-09-02 18:21:06,930 INFO  [io.api.tes.ser.api.KafkaSerdesTester] (ForkJoinPool.commonPool-worker-2) Sending message {"active": true} to topic topic-7bf59d59_c319_4da7_90f1_0a9da8698a00
2025-09-02 18:21:06,931 INFO  [io.api.tes.ser.api.KafkaSerdesTester] (ForkJoinPool.commonPool-worker-2) Sending message {"id": "record-9"} to topic topic-7bf59d59_c319_4da7_90f1_0a9da8698a00
2025-09-02 18:21:06,932 INFO  [io.api.tes.ser.api.KafkaSerdesTester] (ForkJoinPool.commonPool-worker-2) Produced 10 messages
2025-09-02 18:21:06,932 INFO  [org.apa.kaf.cli.pro.KafkaProducer] (ForkJoinPool.commonPool-worker-2) [Producer clientId=Producer-topic-7bf59d59_c319_4da7_90f1_0a9da8698a00] Closing the Kafka producer with timeoutMillis = 9223372036854775807 ms.
2025-09-02 18:21:06,934 INFO  [org.apa.kaf.com.met.Metrics] (ForkJoinPool.commonPool-worker-2) Metrics scheduler closed
2025-09-02 18:21:06,934 INFO  [org.apa.kaf.com.met.Metrics] (ForkJoinPool.commonPool-worker-2) Closing reporter org.apache.kafka.common.metrics.JmxReporter
2025-09-02 18:21:06,934 INFO  [org.apa.kaf.com.met.Metrics] (ForkJoinPool.commonPool-worker-2) Closing reporter org.apache.kafka.common.telemetry.internals.ClientTelemetryReporter
2025-09-02 18:21:06,934 INFO  [org.apa.kaf.com.met.Metrics] (ForkJoinPool.commonPool-worker-2) Metrics reporters closed
2025-09-02 18:21:06,934 INFO  [org.apa.kaf.com.uti.AppInfoParser] (ForkJoinPool.commonPool-worker-2) App info kafka.producer for Producer-topic-7bf59d59_c319_4da7_90f1_0a9da8698a00 unregistered
2025-09-02 18:21:06,969 INFO  [io.api.tes.ser.api.AvroSerdeIT] (main) Artifact topic-7bf59d59_c319_4da7_90f1_0a9da8698a00-value found in registry with globalId 25
**** Registry Base URL: http://registry-app-mysql.apps.ci419.apicurio-testing.org:80
2025-09-02 18:21:06,969 INFO  [org.apa.kaf.cli.con.ConsumerConfig] (main) ConsumerConfig values: 
	allow.auto.create.topics = true
	auto.commit.interval.ms = 500
	auto.include.jmx.reporter = true
	auto.offset.reset = earliest
	bootstrap.servers = [PLAINTEXT://localhost:32769]
	check.crcs = true
	client.dns.lookup = use_all_dns_ips
	client.id = consumer-Consumer-topic-7bf59d59_c319_4da7_90f1_0a9da8698a00-8
	client.rack = 
	connections.max.idle.ms = 10000
	default.api.timeout.ms = 60000
	enable.auto.commit = true
	enable.metrics.push = true
	exclude.internal.topics = true
	fetch.max.bytes = 52428800
	fetch.max.wait.ms = 500
	fetch.min.bytes = 1
	group.id = Consumer-topic-7bf59d59_c319_4da7_90f1_0a9da8698a00
	group.instance.id = null
	group.protocol = classic
	group.remote.assignor = null
	heartbeat.interval.ms = 3000
	interceptor.classes = []
	internal.leave.group.on.close = true
	internal.throw.on.fetch.stable.offset.unsupported = false
	isolation.level = read_uncommitted
	key.deserializer = class org.apache.kafka.common.serialization.StringDeserializer
	max.partition.fetch.bytes = 1048576
	max.poll.interval.ms = 300000
	max.poll.records = 500
	metadata.max.age.ms = 300000
	metadata.recovery.strategy = none
	metric.reporters = []
	metrics.num.samples = 2
	metrics.recording.level = INFO
	metrics.sample.window.ms = 30000
	partition.assignment.strategy = [class org.apache.kafka.clients.consumer.RangeAssignor, class org.apache.kafka.clients.consumer.CooperativeStickyAssignor]
	receive.buffer.bytes = 65536
	reconnect.backoff.max.ms = 1000
	reconnect.backoff.ms = 50
	request.timeout.ms = 5000
	retry.backoff.max.ms = 1000
	retry.backoff.ms = 100
	sasl.client.callback.handler.class = null
	sasl.jaas.config = null
	sasl.kerberos.kinit.cmd = /usr/bin/kinit
	sasl.kerberos.min.time.before.relogin = 60000
	sasl.kerberos.service.name = null
	sasl.kerberos.ticket.renew.jitter = 0.05
	sasl.kerberos.ticket.renew.window.factor = 0.8
	sasl.login.callback.handler.class = null
	sasl.login.class = null
	sasl.login.connect.timeout.ms = null
	sasl.login.read.timeout.ms = null
	sasl.login.refresh.buffer.seconds = 300
	sasl.login.refresh.min.period.seconds = 60
	sasl.login.refresh.window.factor = 0.8
	sasl.login.refresh.window.jitter = 0.05
	sasl.login.retry.backoff.max.ms = 10000
	sasl.login.retry.backoff.ms = 100
	sasl.mechanism = GSSAPI
	sasl.oauthbearer.clock.skew.seconds = 30
	sasl.oauthbearer.expected.audience = null
	sasl.oauthbearer.expected.issuer = null
	sasl.oauthbearer.header.urlencode = false
	sasl.oauthbearer.jwks.endpoint.refresh.ms = 3600000
	sasl.oauthbearer.jwks.endpoint.retry.backoff.max.ms = 10000
	sasl.oauthbearer.jwks.endpoint.retry.backoff.ms = 100
	sasl.oauthbearer.jwks.endpoint.url = null
	sasl.oauthbearer.scope.claim.name = scope
	sasl.oauthbearer.sub.claim.name = sub
	sasl.oauthbearer.token.endpoint.url = null
	security.protocol = PLAINTEXT
	security.providers = null
	send.buffer.bytes = 131072
	session.timeout.ms = 45000
	socket.connection.setup.timeout.max.ms = 30000
	socket.connection.setup.timeout.ms = 10000
	ssl.cipher.suites = null
	ssl.enabled.protocols = [TLSv1.2, TLSv1.3]
	ssl.endpoint.identification.algorithm = https
	ssl.engine.factory.class = null
	ssl.key.password = null
	ssl.keymanager.algorithm = SunX509
	ssl.keystore.certificate.chain = null
	ssl.keystore.key = null
	ssl.keystore.location = null
	ssl.keystore.password = null
	ssl.keystore.type = JKS
	ssl.protocol = TLSv1.3
	ssl.provider = null
	ssl.secure.random.implementation = null
	ssl.trustmanager.algorithm = PKIX
	ssl.truststore.certificates = null
	ssl.truststore.location = null
	ssl.truststore.password = null
	ssl.truststore.type = JKS
	value.deserializer = class io.apicurio.registry.serde.avro.AvroKafkaDeserializer

2025-09-02 18:21:06,969 INFO  [org.apa.kaf.com.tel.int.KafkaMetricsCollector] (main) initializing Kafka metrics collector
2025-09-02 18:21:06,973 INFO  [org.apa.kaf.cli.con.ConsumerConfig] (main) These configurations '[apicurio.registry.url]' were supplied but are not used yet.
2025-09-02 18:21:06,974 INFO  [org.apa.kaf.com.uti.AppInfoParser] (main) Kafka version: 3.9.1
2025-09-02 18:21:06,974 INFO  [org.apa.kaf.com.uti.AppInfoParser] (main) Kafka commitId: f745dfdcee2b9851
2025-09-02 18:21:06,974 INFO  [org.apa.kaf.com.uti.AppInfoParser] (main) Kafka startTimeMs: 1756837266973
2025-09-02 18:21:06,974 INFO  [org.apa.kaf.cli.con.int.ClassicKafkaConsumer] (ForkJoinPool.commonPool-worker-2) [Consumer clientId=consumer-Consumer-topic-7bf59d59_c319_4da7_90f1_0a9da8698a00-8, groupId=Consumer-topic-7bf59d59_c319_4da7_90f1_0a9da8698a00] Subscribed to topic(s): topic-7bf59d59_c319_4da7_90f1_0a9da8698a00
2025-09-02 18:21:06,977 INFO  [org.apa.kaf.cli.Metadata] (ForkJoinPool.commonPool-worker-2) [Consumer clientId=consumer-Consumer-topic-7bf59d59_c319_4da7_90f1_0a9da8698a00-8, groupId=Consumer-topic-7bf59d59_c319_4da7_90f1_0a9da8698a00] Cluster ID: zhgBwCfeQnC1PCRKjnRbQg
2025-09-02 18:21:06,978 INFO  [org.apa.kaf.cli.con.int.ConsumerCoordinator] (ForkJoinPool.commonPool-worker-2) [Consumer clientId=consumer-Consumer-topic-7bf59d59_c319_4da7_90f1_0a9da8698a00-8, groupId=Consumer-topic-7bf59d59_c319_4da7_90f1_0a9da8698a00] Discovered group coordinator localhost:32769 (id: 2147483647 rack: null)
2025-09-02 18:21:06,979 INFO  [org.apa.kaf.cli.con.int.ConsumerCoordinator] (ForkJoinPool.commonPool-worker-2) [Consumer clientId=consumer-Consumer-topic-7bf59d59_c319_4da7_90f1_0a9da8698a00-8, groupId=Consumer-topic-7bf59d59_c319_4da7_90f1_0a9da8698a00] (Re-)joining group
2025-09-02 18:21:06,981 INFO  [org.apa.kaf.cli.con.int.ConsumerCoordinator] (ForkJoinPool.commonPool-worker-2) [Consumer clientId=consumer-Consumer-topic-7bf59d59_c319_4da7_90f1_0a9da8698a00-8, groupId=Consumer-topic-7bf59d59_c319_4da7_90f1_0a9da8698a00] Request joining group due to: need to re-join with the given member-id: consumer-Consumer-topic-7bf59d59_c319_4da7_90f1_0a9da8698a00-8-79e9c16f-5c76-48b1-a945-6f68c2bf22ac
2025-09-02 18:21:06,982 INFO  [org.apa.kaf.cli.con.int.ConsumerCoordinator] (ForkJoinPool.commonPool-worker-2) [Consumer clientId=consumer-Consumer-topic-7bf59d59_c319_4da7_90f1_0a9da8698a00-8, groupId=Consumer-topic-7bf59d59_c319_4da7_90f1_0a9da8698a00] (Re-)joining group
2025-09-02 18:21:07,974 INFO  [io.api.tes.ser.api.KafkaSerdesTester] (ForkJoinPool.commonPool-worker-2) None found
2025-09-02 18:21:08,975 INFO  [io.api.tes.ser.api.KafkaSerdesTester] (ForkJoinPool.commonPool-worker-2) None found
2025-09-02 18:21:09,975 INFO  [io.api.tes.ser.api.KafkaSerdesTester] (ForkJoinPool.commonPool-worker-2) None found
2025-09-02 18:21:09,984 INFO  [org.apa.kaf.cli.con.int.ConsumerCoordinator] (ForkJoinPool.commonPool-worker-2) [Consumer clientId=consumer-Consumer-topic-7bf59d59_c319_4da7_90f1_0a9da8698a00-8, groupId=Consumer-topic-7bf59d59_c319_4da7_90f1_0a9da8698a00] Successfully joined group with generation Generation{generationId=1, memberId='consumer-Consumer-topic-7bf59d59_c319_4da7_90f1_0a9da8698a00-8-79e9c16f-5c76-48b1-a945-6f68c2bf22ac', protocol='range'}
2025-09-02 18:21:09,985 INFO  [org.apa.kaf.cli.con.int.ConsumerCoordinator] (ForkJoinPool.commonPool-worker-2) [Consumer clientId=consumer-Consumer-topic-7bf59d59_c319_4da7_90f1_0a9da8698a00-8, groupId=Consumer-topic-7bf59d59_c319_4da7_90f1_0a9da8698a00] Finished assignment for group at generation 1: {consumer-Consumer-topic-7bf59d59_c319_4da7_90f1_0a9da8698a00-8-79e9c16f-5c76-48b1-a945-6f68c2bf22ac=Assignment(partitions=[topic-7bf59d59_c319_4da7_90f1_0a9da8698a00-0])}
2025-09-02 18:21:09,992 INFO  [org.apa.kaf.cli.con.int.ConsumerCoordinator] (ForkJoinPool.commonPool-worker-2) [Consumer clientId=consumer-Consumer-topic-7bf59d59_c319_4da7_90f1_0a9da8698a00-8, groupId=Consumer-topic-7bf59d59_c319_4da7_90f1_0a9da8698a00] Successfully synced group in generation Generation{generationId=1, memberId='consumer-Consumer-topic-7bf59d59_c319_4da7_90f1_0a9da8698a00-8-79e9c16f-5c76-48b1-a945-6f68c2bf22ac', protocol='range'}
2025-09-02 18:21:09,992 INFO  [org.apa.kaf.cli.con.int.ConsumerCoordinator] (ForkJoinPool.commonPool-worker-2) [Consumer clientId=consumer-Consumer-topic-7bf59d59_c319_4da7_90f1_0a9da8698a00-8, groupId=Consumer-topic-7bf59d59_c319_4da7_90f1_0a9da8698a00] Notifying assignor about the new Assignment(partitions=[topic-7bf59d59_c319_4da7_90f1_0a9da8698a00-0])
2025-09-02 18:21:09,992 INFO  [org.apa.kaf.cli.con.int.ConsumerRebalanceListenerInvoker] (ForkJoinPool.commonPool-worker-2) [Consumer clientId=consumer-Consumer-topic-7bf59d59_c319_4da7_90f1_0a9da8698a00-8, groupId=Consumer-topic-7bf59d59_c319_4da7_90f1_0a9da8698a00] Adding newly assigned partitions: topic-7bf59d59_c319_4da7_90f1_0a9da8698a00-0
2025-09-02 18:21:09,993 INFO  [org.apa.kaf.cli.con.int.ConsumerCoordinator] (ForkJoinPool.commonPool-worker-2) [Consumer clientId=consumer-Consumer-topic-7bf59d59_c319_4da7_90f1_0a9da8698a00-8, groupId=Consumer-topic-7bf59d59_c319_4da7_90f1_0a9da8698a00] Found no committed offset for partition topic-7bf59d59_c319_4da7_90f1_0a9da8698a00-0
2025-09-02 18:21:09,996 INFO  [org.apa.kaf.cli.con.int.SubscriptionState] (ForkJoinPool.commonPool-worker-2) [Consumer clientId=consumer-Consumer-topic-7bf59d59_c319_4da7_90f1_0a9da8698a00-8, groupId=Consumer-topic-7bf59d59_c319_4da7_90f1_0a9da8698a00] Resetting offset for partition topic-7bf59d59_c319_4da7_90f1_0a9da8698a00-0 to position FetchPosition{offset=0, offsetEpoch=Optional.empty, currentLeader=LeaderAndEpoch{leader=Optional[localhost:32769 (id: 0 rack: null)], epoch=0}}.
2025-09-02 18:21:10,287 INFO  [io.api.tes.ser.api.KafkaSerdesTester] (ForkJoinPool.commonPool-worker-2) topic-7bf59d59_c319_4da7_90f1_0a9da8698a00 0 0 {"id": "record-0"}
2025-09-02 18:21:10,287 INFO  [io.api.tes.ser.api.KafkaSerdesTester] (ForkJoinPool.commonPool-worker-2) topic-7bf59d59_c319_4da7_90f1_0a9da8698a00 0 1 {"value": 1}
2025-09-02 18:21:10,287 INFO  [io.api.tes.ser.api.KafkaSerdesTester] (ForkJoinPool.commonPool-worker-2) topic-7bf59d59_c319_4da7_90f1_0a9da8698a00 0 2 {"active": true}
2025-09-02 18:21:10,288 INFO  [io.api.tes.ser.api.KafkaSerdesTester] (ForkJoinPool.commonPool-worker-2) topic-7bf59d59_c319_4da7_90f1_0a9da8698a00 0 3 {"id": "record-3"}
2025-09-02 18:21:10,288 INFO  [io.api.tes.ser.api.KafkaSerdesTester] (ForkJoinPool.commonPool-worker-2) topic-7bf59d59_c319_4da7_90f1_0a9da8698a00 0 4 {"value": 4}
2025-09-02 18:21:10,288 INFO  [io.api.tes.ser.api.KafkaSerdesTester] (ForkJoinPool.commonPool-worker-2) topic-7bf59d59_c319_4da7_90f1_0a9da8698a00 0 5 {"active": false}
2025-09-02 18:21:10,288 INFO  [io.api.tes.ser.api.KafkaSerdesTester] (ForkJoinPool.commonPool-worker-2) topic-7bf59d59_c319_4da7_90f1_0a9da8698a00 0 6 {"id": "record-6"}
2025-09-02 18:21:10,288 INFO  [io.api.tes.ser.api.KafkaSerdesTester] (ForkJoinPool.commonPool-worker-2) topic-7bf59d59_c319_4da7_90f1_0a9da8698a00 0 7 {"value": 7}
2025-09-02 18:21:10,288 INFO  [io.api.tes.ser.api.KafkaSerdesTester] (ForkJoinPool.commonPool-worker-2) topic-7bf59d59_c319_4da7_90f1_0a9da8698a00 0 8 {"active": true}
2025-09-02 18:21:10,288 INFO  [io.api.tes.ser.api.KafkaSerdesTester] (ForkJoinPool.commonPool-worker-2) topic-7bf59d59_c319_4da7_90f1_0a9da8698a00 0 9 {"id": "record-9"}
2025-09-02 18:21:10,288 INFO  [io.api.tes.ser.api.KafkaSerdesTester] (ForkJoinPool.commonPool-worker-2) Consumed 10 messages
2025-09-02 18:21:10,295 INFO  [org.apa.kaf.cli.con.int.ConsumerRebalanceListenerInvoker] (ForkJoinPool.commonPool-worker-2) [Consumer clientId=consumer-Consumer-topic-7bf59d59_c319_4da7_90f1_0a9da8698a00-8, groupId=Consumer-topic-7bf59d59_c319_4da7_90f1_0a9da8698a00] Revoke previously assigned partitions topic-7bf59d59_c319_4da7_90f1_0a9da8698a00-0
2025-09-02 18:21:10,295 INFO  [org.apa.kaf.cli.con.int.ConsumerCoordinator] (ForkJoinPool.commonPool-worker-2) [Consumer clientId=consumer-Consumer-topic-7bf59d59_c319_4da7_90f1_0a9da8698a00-8, groupId=Consumer-topic-7bf59d59_c319_4da7_90f1_0a9da8698a00] Member consumer-Consumer-topic-7bf59d59_c319_4da7_90f1_0a9da8698a00-8-79e9c16f-5c76-48b1-a945-6f68c2bf22ac sending LeaveGroup request to coordinator localhost:32769 (id: 2147483647 rack: null) due to the consumer is being closed
2025-09-02 18:21:10,295 INFO  [org.apa.kaf.cli.con.int.ConsumerCoordinator] (ForkJoinPool.commonPool-worker-2) [Consumer clientId=consumer-Consumer-topic-7bf59d59_c319_4da7_90f1_0a9da8698a00-8, groupId=Consumer-topic-7bf59d59_c319_4da7_90f1_0a9da8698a00] Resetting generation and member id due to: consumer pro-actively leaving the group
2025-09-02 18:21:10,295 INFO  [org.apa.kaf.cli.con.int.ConsumerCoordinator] (ForkJoinPool.commonPool-worker-2) [Consumer clientId=consumer-Consumer-topic-7bf59d59_c319_4da7_90f1_0a9da8698a00-8, groupId=Consumer-topic-7bf59d59_c319_4da7_90f1_0a9da8698a00] Request joining group due to: consumer pro-actively leaving the group
2025-09-02 18:21:10,790 INFO  [org.apa.kaf.com.met.Metrics] (ForkJoinPool.commonPool-worker-2) Metrics scheduler closed
2025-09-02 18:21:10,790 INFO  [org.apa.kaf.com.met.Metrics] (ForkJoinPool.commonPool-worker-2) Closing reporter org.apache.kafka.common.metrics.JmxReporter
2025-09-02 18:21:10,790 INFO  [org.apa.kaf.com.met.Metrics] (ForkJoinPool.commonPool-worker-2) Closing reporter org.apache.kafka.common.telemetry.internals.ClientTelemetryReporter
2025-09-02 18:21:10,790 INFO  [org.apa.kaf.com.met.Metrics] (ForkJoinPool.commonPool-worker-2) Metrics reporters closed
2025-09-02 18:21:10,792 INFO  [org.apa.kaf.com.uti.AppInfoParser] (ForkJoinPool.commonPool-worker-2) App info kafka.consumer for consumer-Consumer-topic-7bf59d59_c319_4da7_90f1_0a9da8698a00-8 unregistered
2025-09-02 18:21:10,792 INFO  [io.api.tes.uti.TestSeparator] (main) io.apicurio.tests.serdes.apicurio.AvroSerdeIT.testAvroUnionWithSpecificReader-FINISHED
2025-09-02 18:21:10,792 INFO  [io.api.tes.uti.TestSeparator] (main) ############################################################################
Test passed: testAvroUnionWithSpecificReader
]]></system-out>
  </testcase>
  <testcase name="testEvolveAvroApicurioReusingClient" classname="io.apicurio.tests.serdes.apicurio.AvroSerdeIT" time="7.36">
    <system-out><![CDATA[2025-09-02 18:21:10,794 INFO  [io.api.tes.uti.TestSeparator] (main) ############################################################################
2025-09-02 18:21:10,794 INFO  [io.api.tes.uti.TestSeparator] (main) io.apicurio.tests.serdes.apicurio.AvroSerdeIT.testEvolveAvroApicurioReusingClient-STARTED
2025-09-02 18:21:10,795 INFO  [io.api.tes.ser.api.AvroSerdeIT] (main) Registering Avro Schema: {"type":"record","name":"sb7314a7fxfa45x453axa030x06efc93119fd","namespace":"ns_c10211f8_dce5_43eb_bbd8_2afa0497792c","fields":[{"name":"key11756837270794","type":"string"}]}
**** Registry Base URL: http://registry-app-mysql.apps.ci419.apicurio-testing.org:80
2025-09-02 18:21:11,894 INFO  [org.apa.kaf.cli.pro.ProducerConfig] (main) ProducerConfig values: 
	acks = -1
	auto.include.jmx.reporter = true
	batch.size = 16384
	bootstrap.servers = [PLAINTEXT://localhost:32769]
	buffer.memory = 33554432
	client.dns.lookup = use_all_dns_ips
	client.id = Producer-topic-263755b4_f728_49aa_a42b_655a679d0250
	compression.gzip.level = -1
	compression.lz4.level = 9
	compression.type = none
	compression.zstd.level = 3
	connections.max.idle.ms = 10000
	delivery.timeout.ms = 120000
	enable.idempotence = true
	enable.metrics.push = true
	interceptor.classes = []
	key.serializer = class org.apache.kafka.common.serialization.StringSerializer
	linger.ms = 0
	max.block.ms = 60000
	max.in.flight.requests.per.connection = 5
	max.request.size = 1048576
	metadata.max.age.ms = 300000
	metadata.max.idle.ms = 300000
	metadata.recovery.strategy = none
	metric.reporters = []
	metrics.num.samples = 2
	metrics.recording.level = INFO
	metrics.sample.window.ms = 30000
	partitioner.adaptive.partitioning.enable = true
	partitioner.availability.timeout.ms = 0
	partitioner.class = null
	partitioner.ignore.keys = false
	receive.buffer.bytes = 32768
	reconnect.backoff.max.ms = 1000
	reconnect.backoff.ms = 50
	request.timeout.ms = 5000
	retries = 2147483647
	retry.backoff.max.ms = 1000
	retry.backoff.ms = 100
	sasl.client.callback.handler.class = null
	sasl.jaas.config = null
	sasl.kerberos.kinit.cmd = /usr/bin/kinit
	sasl.kerberos.min.time.before.relogin = 60000
	sasl.kerberos.service.name = null
	sasl.kerberos.ticket.renew.jitter = 0.05
	sasl.kerberos.ticket.renew.window.factor = 0.8
	sasl.login.callback.handler.class = null
	sasl.login.class = null
	sasl.login.connect.timeout.ms = null
	sasl.login.read.timeout.ms = null
	sasl.login.refresh.buffer.seconds = 300
	sasl.login.refresh.min.period.seconds = 60
	sasl.login.refresh.window.factor = 0.8
	sasl.login.refresh.window.jitter = 0.05
	sasl.login.retry.backoff.max.ms = 10000
	sasl.login.retry.backoff.ms = 100
	sasl.mechanism = GSSAPI
	sasl.oauthbearer.clock.skew.seconds = 30
	sasl.oauthbearer.expected.audience = null
	sasl.oauthbearer.expected.issuer = null
	sasl.oauthbearer.header.urlencode = false
	sasl.oauthbearer.jwks.endpoint.refresh.ms = 3600000
	sasl.oauthbearer.jwks.endpoint.retry.backoff.max.ms = 10000
	sasl.oauthbearer.jwks.endpoint.retry.backoff.ms = 100
	sasl.oauthbearer.jwks.endpoint.url = null
	sasl.oauthbearer.scope.claim.name = scope
	sasl.oauthbearer.sub.claim.name = sub
	sasl.oauthbearer.token.endpoint.url = null
	security.protocol = PLAINTEXT
	security.providers = null
	send.buffer.bytes = 131072
	socket.connection.setup.timeout.max.ms = 30000
	socket.connection.setup.timeout.ms = 10000
	ssl.cipher.suites = null
	ssl.enabled.protocols = [TLSv1.2, TLSv1.3]
	ssl.endpoint.identification.algorithm = https
	ssl.engine.factory.class = null
	ssl.key.password = null
	ssl.keymanager.algorithm = SunX509
	ssl.keystore.certificate.chain = null
	ssl.keystore.key = null
	ssl.keystore.location = null
	ssl.keystore.password = null
	ssl.keystore.type = JKS
	ssl.protocol = TLSv1.3
	ssl.provider = null
	ssl.secure.random.implementation = null
	ssl.trustmanager.algorithm = PKIX
	ssl.truststore.certificates = null
	ssl.truststore.location = null
	ssl.truststore.password = null
	ssl.truststore.type = JKS
	transaction.timeout.ms = 60000
	transactional.id = null
	value.serializer = class io.apicurio.registry.serde.avro.AvroKafkaSerializer

2025-09-02 18:21:11,894 INFO  [org.apa.kaf.com.tel.int.KafkaMetricsCollector] (main) initializing Kafka metrics collector
2025-09-02 18:21:11,897 INFO  [org.apa.kaf.cli.pro.KafkaProducer] (main) [Producer clientId=Producer-topic-263755b4_f728_49aa_a42b_655a679d0250] Instantiated an idempotent producer.
2025-09-02 18:21:11,899 INFO  [org.apa.kaf.cli.pro.ProducerConfig] (main) These configurations '[apicurio.registry.url, apicurio.registry.artifact-resolver-strategy]' were supplied but are not used yet.
2025-09-02 18:21:11,899 INFO  [org.apa.kaf.com.uti.AppInfoParser] (main) Kafka version: 3.9.1
2025-09-02 18:21:11,899 INFO  [org.apa.kaf.com.uti.AppInfoParser] (main) Kafka commitId: f745dfdcee2b9851
2025-09-02 18:21:11,899 INFO  [org.apa.kaf.com.uti.AppInfoParser] (main) Kafka startTimeMs: 1756837271899
**** Registry Base URL: http://registry-app-mysql.apps.ci419.apicurio-testing.org:80
2025-09-02 18:21:11,899 INFO  [org.apa.kaf.cli.con.ConsumerConfig] (main) ConsumerConfig values: 
	allow.auto.create.topics = true
	auto.commit.interval.ms = 500
	auto.include.jmx.reporter = true
	auto.offset.reset = earliest
	bootstrap.servers = [PLAINTEXT://localhost:32769]
	check.crcs = true
	client.dns.lookup = use_all_dns_ips
	client.id = consumer-Consumer-topic-263755b4_f728_49aa_a42b_655a679d0250-9
	client.rack = 
	connections.max.idle.ms = 10000
	default.api.timeout.ms = 60000
	enable.auto.commit = true
	enable.metrics.push = true
	exclude.internal.topics = true
	fetch.max.bytes = 52428800
	fetch.max.wait.ms = 500
	fetch.min.bytes = 1
	group.id = Consumer-topic-263755b4_f728_49aa_a42b_655a679d0250
	group.instance.id = null
	group.protocol = classic
	group.remote.assignor = null
	heartbeat.interval.ms = 3000
	interceptor.classes = []
	internal.leave.group.on.close = true
	internal.throw.on.fetch.stable.offset.unsupported = false
	isolation.level = read_uncommitted
	key.deserializer = class org.apache.kafka.common.serialization.StringDeserializer
	max.partition.fetch.bytes = 1048576
	max.poll.interval.ms = 300000
	max.poll.records = 500
	metadata.max.age.ms = 300000
	metadata.recovery.strategy = none
	metric.reporters = []
	metrics.num.samples = 2
	metrics.recording.level = INFO
	metrics.sample.window.ms = 30000
	partition.assignment.strategy = [class org.apache.kafka.clients.consumer.RangeAssignor, class org.apache.kafka.clients.consumer.CooperativeStickyAssignor]
	receive.buffer.bytes = 65536
	reconnect.backoff.max.ms = 1000
	reconnect.backoff.ms = 50
	request.timeout.ms = 5000
	retry.backoff.max.ms = 1000
	retry.backoff.ms = 100
	sasl.client.callback.handler.class = null
	sasl.jaas.config = null
	sasl.kerberos.kinit.cmd = /usr/bin/kinit
	sasl.kerberos.min.time.before.relogin = 60000
	sasl.kerberos.service.name = null
	sasl.kerberos.ticket.renew.jitter = 0.05
	sasl.kerberos.ticket.renew.window.factor = 0.8
	sasl.login.callback.handler.class = null
	sasl.login.class = null
	sasl.login.connect.timeout.ms = null
	sasl.login.read.timeout.ms = null
	sasl.login.refresh.buffer.seconds = 300
	sasl.login.refresh.min.period.seconds = 60
	sasl.login.refresh.window.factor = 0.8
	sasl.login.refresh.window.jitter = 0.05
	sasl.login.retry.backoff.max.ms = 10000
	sasl.login.retry.backoff.ms = 100
	sasl.mechanism = GSSAPI
	sasl.oauthbearer.clock.skew.seconds = 30
	sasl.oauthbearer.expected.audience = null
	sasl.oauthbearer.expected.issuer = null
	sasl.oauthbearer.header.urlencode = false
	sasl.oauthbearer.jwks.endpoint.refresh.ms = 3600000
	sasl.oauthbearer.jwks.endpoint.retry.backoff.max.ms = 10000
	sasl.oauthbearer.jwks.endpoint.retry.backoff.ms = 100
	sasl.oauthbearer.jwks.endpoint.url = null
	sasl.oauthbearer.scope.claim.name = scope
	sasl.oauthbearer.sub.claim.name = sub
	sasl.oauthbearer.token.endpoint.url = null
	security.protocol = PLAINTEXT
	security.providers = null
	send.buffer.bytes = 131072
	session.timeout.ms = 45000
	socket.connection.setup.timeout.max.ms = 30000
	socket.connection.setup.timeout.ms = 10000
	ssl.cipher.suites = null
	ssl.enabled.protocols = [TLSv1.2, TLSv1.3]
	ssl.endpoint.identification.algorithm = https
	ssl.engine.factory.class = null
	ssl.key.password = null
	ssl.keymanager.algorithm = SunX509
	ssl.keystore.certificate.chain = null
	ssl.keystore.key = null
	ssl.keystore.location = null
	ssl.keystore.password = null
	ssl.keystore.type = JKS
	ssl.protocol = TLSv1.3
	ssl.provider = null
	ssl.secure.random.implementation = null
	ssl.trustmanager.algorithm = PKIX
	ssl.truststore.certificates = null
	ssl.truststore.location = null
	ssl.truststore.password = null
	ssl.truststore.type = JKS
	value.deserializer = class io.apicurio.registry.serde.avro.AvroKafkaDeserializer

2025-09-02 18:21:11,900 INFO  [org.apa.kaf.com.tel.int.KafkaMetricsCollector] (main) initializing Kafka metrics collector
2025-09-02 18:21:11,902 INFO  [org.apa.kaf.cli.Metadata] (kafka-producer-network-thread | Producer-topic-263755b4_f728_49aa_a42b_655a679d0250) [Producer clientId=Producer-topic-263755b4_f728_49aa_a42b_655a679d0250] Cluster ID: zhgBwCfeQnC1PCRKjnRbQg
2025-09-02 18:21:11,904 INFO  [org.apa.kaf.cli.pro.int.TransactionManager] (kafka-producer-network-thread | Producer-topic-263755b4_f728_49aa_a42b_655a679d0250) [Producer clientId=Producer-topic-263755b4_f728_49aa_a42b_655a679d0250] ProducerId set to 11 with epoch 0
2025-09-02 18:21:11,906 INFO  [org.apa.kaf.cli.con.ConsumerConfig] (main) These configurations '[apicurio.registry.url]' were supplied but are not used yet.
2025-09-02 18:21:11,906 INFO  [org.apa.kaf.com.uti.AppInfoParser] (main) Kafka version: 3.9.1
2025-09-02 18:21:11,906 INFO  [org.apa.kaf.com.uti.AppInfoParser] (main) Kafka commitId: f745dfdcee2b9851
2025-09-02 18:21:11,906 INFO  [org.apa.kaf.com.uti.AppInfoParser] (main) Kafka startTimeMs: 1756837271906
2025-09-02 18:21:11,907 INFO  [io.api.tes.ser.api.KafkaSerdesTester] (ForkJoinPool.commonPool-worker-2) Sending message {"key11756837270794": "value-0"} to topic topic-263755b4_f728_49aa_a42b_655a679d0250
2025-09-02 18:21:11,912 INFO  [DefaultSchemaResolver] (ForkJoinPool.commonPool-worker-2) Retrieving schema content using string: {"type":"record","name":"sb7314a7fxfa45x453axa030x06efc93119fd","namespace":"ns_c10211f8_dce5_43eb_bbd8_2afa0497792c","fields":[{"name":"key11756837270794","type":"string"}]}
2025-09-02 18:21:11,979 INFO  [io.api.tes.ser.api.KafkaSerdesTester] (ForkJoinPool.commonPool-worker-2) Sending message {"key11756837270794": "value-1"} to topic topic-263755b4_f728_49aa_a42b_655a679d0250
2025-09-02 18:21:11,981 INFO  [io.api.tes.ser.api.KafkaSerdesTester] (ForkJoinPool.commonPool-worker-2) Sending message {"key11756837270794": "value-2"} to topic topic-263755b4_f728_49aa_a42b_655a679d0250
2025-09-02 18:21:11,982 INFO  [io.api.tes.ser.api.KafkaSerdesTester] (ForkJoinPool.commonPool-worker-2) Sending message {"key11756837270794": "value-3"} to topic topic-263755b4_f728_49aa_a42b_655a679d0250
2025-09-02 18:21:11,983 INFO  [io.api.tes.ser.api.KafkaSerdesTester] (ForkJoinPool.commonPool-worker-2) Sending message {"key11756837270794": "value-4"} to topic topic-263755b4_f728_49aa_a42b_655a679d0250
2025-09-02 18:21:11,985 INFO  [io.api.tes.ser.api.KafkaSerdesTester] (ForkJoinPool.commonPool-worker-2) Sending message {"key11756837270794": "value-5"} to topic topic-263755b4_f728_49aa_a42b_655a679d0250
2025-09-02 18:21:11,986 INFO  [io.api.tes.ser.api.KafkaSerdesTester] (ForkJoinPool.commonPool-worker-2) Sending message {"key11756837270794": "value-6"} to topic topic-263755b4_f728_49aa_a42b_655a679d0250
2025-09-02 18:21:11,988 INFO  [io.api.tes.ser.api.KafkaSerdesTester] (ForkJoinPool.commonPool-worker-2) Sending message {"key11756837270794": "value-7"} to topic topic-263755b4_f728_49aa_a42b_655a679d0250
2025-09-02 18:21:11,989 INFO  [io.api.tes.ser.api.KafkaSerdesTester] (ForkJoinPool.commonPool-worker-2) Sending message {"key11756837270794": "value-8"} to topic topic-263755b4_f728_49aa_a42b_655a679d0250
2025-09-02 18:21:11,990 INFO  [io.api.tes.ser.api.KafkaSerdesTester] (ForkJoinPool.commonPool-worker-2) Sending message {"key11756837270794": "value-9"} to topic topic-263755b4_f728_49aa_a42b_655a679d0250
2025-09-02 18:21:11,992 INFO  [io.api.tes.ser.api.KafkaSerdesTester] (ForkJoinPool.commonPool-worker-2) Produced 10 messages
2025-09-02 18:21:11,992 INFO  [org.apa.kaf.cli.con.int.ClassicKafkaConsumer] (ForkJoinPool.commonPool-worker-2) [Consumer clientId=consumer-Consumer-topic-263755b4_f728_49aa_a42b_655a679d0250-9, groupId=Consumer-topic-263755b4_f728_49aa_a42b_655a679d0250] Subscribed to topic(s): topic-263755b4_f728_49aa_a42b_655a679d0250
2025-09-02 18:21:11,995 INFO  [org.apa.kaf.cli.Metadata] (ForkJoinPool.commonPool-worker-2) [Consumer clientId=consumer-Consumer-topic-263755b4_f728_49aa_a42b_655a679d0250-9, groupId=Consumer-topic-263755b4_f728_49aa_a42b_655a679d0250] Cluster ID: zhgBwCfeQnC1PCRKjnRbQg
2025-09-02 18:21:11,996 INFO  [org.apa.kaf.cli.con.int.ConsumerCoordinator] (ForkJoinPool.commonPool-worker-2) [Consumer clientId=consumer-Consumer-topic-263755b4_f728_49aa_a42b_655a679d0250-9, groupId=Consumer-topic-263755b4_f728_49aa_a42b_655a679d0250] Discovered group coordinator localhost:32769 (id: 2147483647 rack: null)
2025-09-02 18:21:11,997 INFO  [org.apa.kaf.cli.con.int.ConsumerCoordinator] (ForkJoinPool.commonPool-worker-2) [Consumer clientId=consumer-Consumer-topic-263755b4_f728_49aa_a42b_655a679d0250-9, groupId=Consumer-topic-263755b4_f728_49aa_a42b_655a679d0250] (Re-)joining group
2025-09-02 18:21:12,000 INFO  [org.apa.kaf.cli.con.int.ConsumerCoordinator] (ForkJoinPool.commonPool-worker-2) [Consumer clientId=consumer-Consumer-topic-263755b4_f728_49aa_a42b_655a679d0250-9, groupId=Consumer-topic-263755b4_f728_49aa_a42b_655a679d0250] Request joining group due to: need to re-join with the given member-id: consumer-Consumer-topic-263755b4_f728_49aa_a42b_655a679d0250-9-92c08d36-07ac-4017-b8c2-366c3f9a93c2
2025-09-02 18:21:12,000 INFO  [org.apa.kaf.cli.con.int.ConsumerCoordinator] (ForkJoinPool.commonPool-worker-2) [Consumer clientId=consumer-Consumer-topic-263755b4_f728_49aa_a42b_655a679d0250-9, groupId=Consumer-topic-263755b4_f728_49aa_a42b_655a679d0250] (Re-)joining group
2025-09-02 18:21:12,992 INFO  [io.api.tes.ser.api.KafkaSerdesTester] (ForkJoinPool.commonPool-worker-2) None found
2025-09-02 18:21:13,993 INFO  [io.api.tes.ser.api.KafkaSerdesTester] (ForkJoinPool.commonPool-worker-2) None found
2025-09-02 18:21:14,993 INFO  [io.api.tes.ser.api.KafkaSerdesTester] (ForkJoinPool.commonPool-worker-2) None found
2025-09-02 18:21:15,001 INFO  [org.apa.kaf.cli.con.int.ConsumerCoordinator] (ForkJoinPool.commonPool-worker-2) [Consumer clientId=consumer-Consumer-topic-263755b4_f728_49aa_a42b_655a679d0250-9, groupId=Consumer-topic-263755b4_f728_49aa_a42b_655a679d0250] Successfully joined group with generation Generation{generationId=1, memberId='consumer-Consumer-topic-263755b4_f728_49aa_a42b_655a679d0250-9-92c08d36-07ac-4017-b8c2-366c3f9a93c2', protocol='range'}
2025-09-02 18:21:15,002 INFO  [org.apa.kaf.cli.con.int.ConsumerCoordinator] (ForkJoinPool.commonPool-worker-2) [Consumer clientId=consumer-Consumer-topic-263755b4_f728_49aa_a42b_655a679d0250-9, groupId=Consumer-topic-263755b4_f728_49aa_a42b_655a679d0250] Finished assignment for group at generation 1: {consumer-Consumer-topic-263755b4_f728_49aa_a42b_655a679d0250-9-92c08d36-07ac-4017-b8c2-366c3f9a93c2=Assignment(partitions=[topic-263755b4_f728_49aa_a42b_655a679d0250-0])}
2025-09-02 18:21:15,008 INFO  [org.apa.kaf.cli.con.int.ConsumerCoordinator] (ForkJoinPool.commonPool-worker-2) [Consumer clientId=consumer-Consumer-topic-263755b4_f728_49aa_a42b_655a679d0250-9, groupId=Consumer-topic-263755b4_f728_49aa_a42b_655a679d0250] Successfully synced group in generation Generation{generationId=1, memberId='consumer-Consumer-topic-263755b4_f728_49aa_a42b_655a679d0250-9-92c08d36-07ac-4017-b8c2-366c3f9a93c2', protocol='range'}
2025-09-02 18:21:15,009 INFO  [org.apa.kaf.cli.con.int.ConsumerCoordinator] (ForkJoinPool.commonPool-worker-2) [Consumer clientId=consumer-Consumer-topic-263755b4_f728_49aa_a42b_655a679d0250-9, groupId=Consumer-topic-263755b4_f728_49aa_a42b_655a679d0250] Notifying assignor about the new Assignment(partitions=[topic-263755b4_f728_49aa_a42b_655a679d0250-0])
2025-09-02 18:21:15,009 INFO  [org.apa.kaf.cli.con.int.ConsumerRebalanceListenerInvoker] (ForkJoinPool.commonPool-worker-2) [Consumer clientId=consumer-Consumer-topic-263755b4_f728_49aa_a42b_655a679d0250-9, groupId=Consumer-topic-263755b4_f728_49aa_a42b_655a679d0250] Adding newly assigned partitions: topic-263755b4_f728_49aa_a42b_655a679d0250-0
2025-09-02 18:21:15,010 INFO  [org.apa.kaf.cli.con.int.ConsumerCoordinator] (ForkJoinPool.commonPool-worker-2) [Consumer clientId=consumer-Consumer-topic-263755b4_f728_49aa_a42b_655a679d0250-9, groupId=Consumer-topic-263755b4_f728_49aa_a42b_655a679d0250] Found no committed offset for partition topic-263755b4_f728_49aa_a42b_655a679d0250-0
2025-09-02 18:21:15,012 INFO  [org.apa.kaf.cli.con.int.SubscriptionState] (ForkJoinPool.commonPool-worker-2) [Consumer clientId=consumer-Consumer-topic-263755b4_f728_49aa_a42b_655a679d0250-9, groupId=Consumer-topic-263755b4_f728_49aa_a42b_655a679d0250] Resetting offset for partition topic-263755b4_f728_49aa_a42b_655a679d0250-0 to position FetchPosition{offset=0, offsetEpoch=Optional.empty, currentLeader=LeaderAndEpoch{leader=Optional[localhost:32769 (id: 0 rack: null)], epoch=0}}.
2025-09-02 18:21:15,123 INFO  [io.api.tes.ser.api.KafkaSerdesTester] (ForkJoinPool.commonPool-worker-2) topic-263755b4_f728_49aa_a42b_655a679d0250 0 0 {"key11756837270794": "value-0"}
2025-09-02 18:21:15,124 INFO  [io.api.tes.ser.api.KafkaSerdesTester] (ForkJoinPool.commonPool-worker-2) topic-263755b4_f728_49aa_a42b_655a679d0250 0 1 {"key11756837270794": "value-1"}
2025-09-02 18:21:15,124 INFO  [io.api.tes.ser.api.KafkaSerdesTester] (ForkJoinPool.commonPool-worker-2) topic-263755b4_f728_49aa_a42b_655a679d0250 0 2 {"key11756837270794": "value-2"}
2025-09-02 18:21:15,124 INFO  [io.api.tes.ser.api.KafkaSerdesTester] (ForkJoinPool.commonPool-worker-2) topic-263755b4_f728_49aa_a42b_655a679d0250 0 3 {"key11756837270794": "value-3"}
2025-09-02 18:21:15,124 INFO  [io.api.tes.ser.api.KafkaSerdesTester] (ForkJoinPool.commonPool-worker-2) topic-263755b4_f728_49aa_a42b_655a679d0250 0 4 {"key11756837270794": "value-4"}
2025-09-02 18:21:15,124 INFO  [io.api.tes.ser.api.KafkaSerdesTester] (ForkJoinPool.commonPool-worker-2) topic-263755b4_f728_49aa_a42b_655a679d0250 0 5 {"key11756837270794": "value-5"}
2025-09-02 18:21:15,124 INFO  [io.api.tes.ser.api.KafkaSerdesTester] (ForkJoinPool.commonPool-worker-2) topic-263755b4_f728_49aa_a42b_655a679d0250 0 6 {"key11756837270794": "value-6"}
2025-09-02 18:21:15,124 INFO  [io.api.tes.ser.api.KafkaSerdesTester] (ForkJoinPool.commonPool-worker-2) topic-263755b4_f728_49aa_a42b_655a679d0250 0 7 {"key11756837270794": "value-7"}
2025-09-02 18:21:15,124 INFO  [io.api.tes.ser.api.KafkaSerdesTester] (ForkJoinPool.commonPool-worker-2) topic-263755b4_f728_49aa_a42b_655a679d0250 0 8 {"key11756837270794": "value-8"}
2025-09-02 18:21:15,124 INFO  [io.api.tes.ser.api.KafkaSerdesTester] (ForkJoinPool.commonPool-worker-2) topic-263755b4_f728_49aa_a42b_655a679d0250 0 9 {"key11756837270794": "value-9"}
2025-09-02 18:21:15,124 INFO  [io.api.tes.ser.api.KafkaSerdesTester] (ForkJoinPool.commonPool-worker-2) Consumed 10 messages
2025-09-02 18:21:15,124 INFO  [io.api.tes.ser.api.AvroSerdeIT] (main) Registering Avro Schema 2: {"type":"record","name":"sb7314a7fxfa45x453axa030x06efc93119fd","namespace":"ns_c10211f8_dce5_43eb_bbd8_2afa0497792c","fields":[{"name":"key11756837270794","type":"string"},{"name":"key21756837275124","type":"string"}]}
2025-09-02 18:21:16,257 INFO  [io.api.tes.ser.api.KafkaSerdesTester] (ForkJoinPool.commonPool-worker-2) Sending message {"key11756837270794": "value-0", "key21756837275124": "value-0"} to topic topic-263755b4_f728_49aa_a42b_655a679d0250
2025-09-02 18:21:16,258 INFO  [DefaultSchemaResolver] (ForkJoinPool.commonPool-worker-2) Retrieving schema content using string: {"type":"record","name":"sb7314a7fxfa45x453axa030x06efc93119fd","namespace":"ns_c10211f8_dce5_43eb_bbd8_2afa0497792c","fields":[{"name":"key11756837270794","type":"string"},{"name":"key21756837275124","type":"string"}]}
2025-09-02 18:21:16,304 INFO  [io.api.tes.ser.api.KafkaSerdesTester] (ForkJoinPool.commonPool-worker-2) Sending message {"key11756837270794": "value-1", "key21756837275124": "value-1"} to topic topic-263755b4_f728_49aa_a42b_655a679d0250
2025-09-02 18:21:16,306 INFO  [io.api.tes.ser.api.KafkaSerdesTester] (ForkJoinPool.commonPool-worker-2) Sending message {"key11756837270794": "value-2", "key21756837275124": "value-2"} to topic topic-263755b4_f728_49aa_a42b_655a679d0250
2025-09-02 18:21:16,307 INFO  [io.api.tes.ser.api.KafkaSerdesTester] (ForkJoinPool.commonPool-worker-2) Sending message {"key11756837270794": "value-3", "key21756837275124": "value-3"} to topic topic-263755b4_f728_49aa_a42b_655a679d0250
2025-09-02 18:21:16,309 INFO  [io.api.tes.ser.api.KafkaSerdesTester] (ForkJoinPool.commonPool-worker-2) Sending message {"key11756837270794": "value-4", "key21756837275124": "value-4"} to topic topic-263755b4_f728_49aa_a42b_655a679d0250
2025-09-02 18:21:16,310 INFO  [io.api.tes.ser.api.KafkaSerdesTester] (ForkJoinPool.commonPool-worker-2) Sending message {"key11756837270794": "value-5", "key21756837275124": "value-5"} to topic topic-263755b4_f728_49aa_a42b_655a679d0250
2025-09-02 18:21:16,313 INFO  [io.api.tes.ser.api.KafkaSerdesTester] (ForkJoinPool.commonPool-worker-2) Sending message {"key11756837270794": "value-6", "key21756837275124": "value-6"} to topic topic-263755b4_f728_49aa_a42b_655a679d0250
2025-09-02 18:21:16,314 INFO  [io.api.tes.ser.api.KafkaSerdesTester] (ForkJoinPool.commonPool-worker-2) Sending message {"key11756837270794": "value-7", "key21756837275124": "value-7"} to topic topic-263755b4_f728_49aa_a42b_655a679d0250
2025-09-02 18:21:16,315 INFO  [io.api.tes.ser.api.KafkaSerdesTester] (ForkJoinPool.commonPool-worker-2) Sending message {"key11756837270794": "value-8", "key21756837275124": "value-8"} to topic topic-263755b4_f728_49aa_a42b_655a679d0250
2025-09-02 18:21:16,317 INFO  [io.api.tes.ser.api.KafkaSerdesTester] (ForkJoinPool.commonPool-worker-2) Sending message {"key11756837270794": "value-9", "key21756837275124": "value-9"} to topic topic-263755b4_f728_49aa_a42b_655a679d0250
2025-09-02 18:21:16,318 INFO  [io.api.tes.ser.api.KafkaSerdesTester] (ForkJoinPool.commonPool-worker-2) Produced 10 messages
2025-09-02 18:21:16,318 INFO  [io.api.tes.ser.api.KafkaSerdesTester] (ForkJoinPool.commonPool-worker-2) Sending message {"key11756837270794": "value-0"} to topic topic-263755b4_f728_49aa_a42b_655a679d0250
2025-09-02 18:21:16,319 INFO  [io.api.tes.ser.api.KafkaSerdesTester] (ForkJoinPool.commonPool-worker-2) Sending message {"key11756837270794": "value-1"} to topic topic-263755b4_f728_49aa_a42b_655a679d0250
2025-09-02 18:21:16,321 INFO  [io.api.tes.ser.api.KafkaSerdesTester] (ForkJoinPool.commonPool-worker-2) Sending message {"key11756837270794": "value-2"} to topic topic-263755b4_f728_49aa_a42b_655a679d0250
2025-09-02 18:21:16,322 INFO  [io.api.tes.ser.api.KafkaSerdesTester] (ForkJoinPool.commonPool-worker-2) Sending message {"key11756837270794": "value-3"} to topic topic-263755b4_f728_49aa_a42b_655a679d0250
2025-09-02 18:21:16,323 INFO  [io.api.tes.ser.api.KafkaSerdesTester] (ForkJoinPool.commonPool-worker-2) Sending message {"key11756837270794": "value-4"} to topic topic-263755b4_f728_49aa_a42b_655a679d0250
2025-09-02 18:21:16,324 INFO  [io.api.tes.ser.api.KafkaSerdesTester] (ForkJoinPool.commonPool-worker-2) Sending message {"key11756837270794": "value-5"} to topic topic-263755b4_f728_49aa_a42b_655a679d0250
2025-09-02 18:21:16,326 INFO  [io.api.tes.ser.api.KafkaSerdesTester] (ForkJoinPool.commonPool-worker-2) Sending message {"key11756837270794": "value-6"} to topic topic-263755b4_f728_49aa_a42b_655a679d0250
2025-09-02 18:21:16,327 INFO  [io.api.tes.ser.api.KafkaSerdesTester] (ForkJoinPool.commonPool-worker-2) Sending message {"key11756837270794": "value-7"} to topic topic-263755b4_f728_49aa_a42b_655a679d0250
2025-09-02 18:21:16,328 INFO  [io.api.tes.ser.api.KafkaSerdesTester] (ForkJoinPool.commonPool-worker-2) Sending message {"key11756837270794": "value-8"} to topic topic-263755b4_f728_49aa_a42b_655a679d0250
2025-09-02 18:21:16,329 INFO  [io.api.tes.ser.api.KafkaSerdesTester] (ForkJoinPool.commonPool-worker-2) Sending message {"key11756837270794": "value-9"} to topic topic-263755b4_f728_49aa_a42b_655a679d0250
2025-09-02 18:21:16,330 INFO  [io.api.tes.ser.api.KafkaSerdesTester] (ForkJoinPool.commonPool-worker-2) Produced 10 messages
2025-09-02 18:21:16,331 INFO  [org.apa.kaf.cli.con.int.ClassicKafkaConsumer] (ForkJoinPool.commonPool-worker-2) [Consumer clientId=consumer-Consumer-topic-263755b4_f728_49aa_a42b_655a679d0250-9, groupId=Consumer-topic-263755b4_f728_49aa_a42b_655a679d0250] Subscribed to topic(s): topic-263755b4_f728_49aa_a42b_655a679d0250
2025-09-02 18:21:16,399 INFO  [io.api.tes.ser.api.KafkaSerdesTester] (ForkJoinPool.commonPool-worker-2) topic-263755b4_f728_49aa_a42b_655a679d0250 0 10 {"key11756837270794": "value-0", "key21756837275124": "value-0"}
2025-09-02 18:21:16,399 INFO  [io.api.tes.ser.api.KafkaSerdesTester] (ForkJoinPool.commonPool-worker-2) topic-263755b4_f728_49aa_a42b_655a679d0250 0 11 {"key11756837270794": "value-1", "key21756837275124": "value-1"}
2025-09-02 18:21:16,399 INFO  [io.api.tes.ser.api.KafkaSerdesTester] (ForkJoinPool.commonPool-worker-2) topic-263755b4_f728_49aa_a42b_655a679d0250 0 12 {"key11756837270794": "value-2", "key21756837275124": "value-2"}
2025-09-02 18:21:16,399 INFO  [io.api.tes.ser.api.KafkaSerdesTester] (ForkJoinPool.commonPool-worker-2) topic-263755b4_f728_49aa_a42b_655a679d0250 0 13 {"key11756837270794": "value-3", "key21756837275124": "value-3"}
2025-09-02 18:21:16,399 INFO  [io.api.tes.ser.api.KafkaSerdesTester] (ForkJoinPool.commonPool-worker-2) topic-263755b4_f728_49aa_a42b_655a679d0250 0 14 {"key11756837270794": "value-4", "key21756837275124": "value-4"}
2025-09-02 18:21:16,399 INFO  [io.api.tes.ser.api.KafkaSerdesTester] (ForkJoinPool.commonPool-worker-2) topic-263755b4_f728_49aa_a42b_655a679d0250 0 15 {"key11756837270794": "value-5", "key21756837275124": "value-5"}
2025-09-02 18:21:16,399 INFO  [io.api.tes.ser.api.KafkaSerdesTester] (ForkJoinPool.commonPool-worker-2) topic-263755b4_f728_49aa_a42b_655a679d0250 0 16 {"key11756837270794": "value-6", "key21756837275124": "value-6"}
2025-09-02 18:21:16,399 INFO  [io.api.tes.ser.api.KafkaSerdesTester] (ForkJoinPool.commonPool-worker-2) topic-263755b4_f728_49aa_a42b_655a679d0250 0 17 {"key11756837270794": "value-7", "key21756837275124": "value-7"}
2025-09-02 18:21:16,399 INFO  [io.api.tes.ser.api.KafkaSerdesTester] (ForkJoinPool.commonPool-worker-2) topic-263755b4_f728_49aa_a42b_655a679d0250 0 18 {"key11756837270794": "value-8", "key21756837275124": "value-8"}
2025-09-02 18:21:16,399 INFO  [io.api.tes.ser.api.KafkaSerdesTester] (ForkJoinPool.commonPool-worker-2) topic-263755b4_f728_49aa_a42b_655a679d0250 0 19 {"key11756837270794": "value-9", "key21756837275124": "value-9"}
2025-09-02 18:21:16,399 INFO  [io.api.tes.ser.api.KafkaSerdesTester] (ForkJoinPool.commonPool-worker-2) topic-263755b4_f728_49aa_a42b_655a679d0250 0 20 {"key11756837270794": "value-0"}
2025-09-02 18:21:16,399 INFO  [io.api.tes.ser.api.KafkaSerdesTester] (ForkJoinPool.commonPool-worker-2) topic-263755b4_f728_49aa_a42b_655a679d0250 0 21 {"key11756837270794": "value-1"}
2025-09-02 18:21:16,399 INFO  [io.api.tes.ser.api.KafkaSerdesTester] (ForkJoinPool.commonPool-worker-2) topic-263755b4_f728_49aa_a42b_655a679d0250 0 22 {"key11756837270794": "value-2"}
2025-09-02 18:21:16,399 INFO  [io.api.tes.ser.api.KafkaSerdesTester] (ForkJoinPool.commonPool-worker-2) topic-263755b4_f728_49aa_a42b_655a679d0250 0 23 {"key11756837270794": "value-3"}
2025-09-02 18:21:16,399 INFO  [io.api.tes.ser.api.KafkaSerdesTester] (ForkJoinPool.commonPool-worker-2) topic-263755b4_f728_49aa_a42b_655a679d0250 0 24 {"key11756837270794": "value-4"}
2025-09-02 18:21:16,399 INFO  [io.api.tes.ser.api.KafkaSerdesTester] (ForkJoinPool.commonPool-worker-2) topic-263755b4_f728_49aa_a42b_655a679d0250 0 25 {"key11756837270794": "value-5"}
2025-09-02 18:21:16,400 INFO  [io.api.tes.ser.api.KafkaSerdesTester] (ForkJoinPool.commonPool-worker-2) topic-263755b4_f728_49aa_a42b_655a679d0250 0 26 {"key11756837270794": "value-6"}
2025-09-02 18:21:16,400 INFO  [io.api.tes.ser.api.KafkaSerdesTester] (ForkJoinPool.commonPool-worker-2) topic-263755b4_f728_49aa_a42b_655a679d0250 0 27 {"key11756837270794": "value-7"}
2025-09-02 18:21:16,400 INFO  [io.api.tes.ser.api.KafkaSerdesTester] (ForkJoinPool.commonPool-worker-2) topic-263755b4_f728_49aa_a42b_655a679d0250 0 28 {"key11756837270794": "value-8"}
2025-09-02 18:21:16,400 INFO  [io.api.tes.ser.api.KafkaSerdesTester] (ForkJoinPool.commonPool-worker-2) topic-263755b4_f728_49aa_a42b_655a679d0250 0 29 {"key11756837270794": "value-9"}
2025-09-02 18:21:16,400 INFO  [io.api.tes.ser.api.KafkaSerdesTester] (ForkJoinPool.commonPool-worker-2) Consumed 20 messages
2025-09-02 18:21:16,400 INFO  [io.api.tes.ser.api.AvroSerdeIT] (main) Registering Avro Schema 3: {"type":"record","name":"sb7314a7fxfa45x453axa030x06efc93119fd","namespace":"ns_c10211f8_dce5_43eb_bbd8_2afa0497792c","fields":[{"name":"key11756837270794","type":"string"},{"name":"key21756837275124","type":"string"},{"name":"key31756837276400","type":"string"}]}
2025-09-02 18:21:17,490 INFO  [io.api.tes.ser.api.KafkaSerdesTester] (ForkJoinPool.commonPool-worker-2) Sending message {"key11756837270794": "value-0", "key21756837275124": "value-0", "key31756837276400": "value-0"} to topic topic-263755b4_f728_49aa_a42b_655a679d0250
2025-09-02 18:21:17,490 INFO  [DefaultSchemaResolver] (ForkJoinPool.commonPool-worker-2) Retrieving schema content using string: {"type":"record","name":"sb7314a7fxfa45x453axa030x06efc93119fd","namespace":"ns_c10211f8_dce5_43eb_bbd8_2afa0497792c","fields":[{"name":"key11756837270794","type":"string"},{"name":"key21756837275124","type":"string"},{"name":"key31756837276400","type":"string"}]}
2025-09-02 18:21:17,527 INFO  [io.api.tes.ser.api.KafkaSerdesTester] (ForkJoinPool.commonPool-worker-2) Sending message {"key11756837270794": "value-1", "key21756837275124": "value-1", "key31756837276400": "value-1"} to topic topic-263755b4_f728_49aa_a42b_655a679d0250
2025-09-02 18:21:17,528 INFO  [io.api.tes.ser.api.KafkaSerdesTester] (ForkJoinPool.commonPool-worker-2) Sending message {"key11756837270794": "value-2", "key21756837275124": "value-2", "key31756837276400": "value-2"} to topic topic-263755b4_f728_49aa_a42b_655a679d0250
2025-09-02 18:21:17,530 INFO  [io.api.tes.ser.api.KafkaSerdesTester] (ForkJoinPool.commonPool-worker-2) Sending message {"key11756837270794": "value-3", "key21756837275124": "value-3", "key31756837276400": "value-3"} to topic topic-263755b4_f728_49aa_a42b_655a679d0250
2025-09-02 18:21:17,531 INFO  [io.api.tes.ser.api.KafkaSerdesTester] (ForkJoinPool.commonPool-worker-2) Sending message {"key11756837270794": "value-4", "key21756837275124": "value-4", "key31756837276400": "value-4"} to topic topic-263755b4_f728_49aa_a42b_655a679d0250
2025-09-02 18:21:17,532 INFO  [io.api.tes.ser.api.KafkaSerdesTester] (ForkJoinPool.commonPool-worker-2) Sending message {"key11756837270794": "value-5", "key21756837275124": "value-5", "key31756837276400": "value-5"} to topic topic-263755b4_f728_49aa_a42b_655a679d0250
2025-09-02 18:21:17,534 INFO  [io.api.tes.ser.api.KafkaSerdesTester] (ForkJoinPool.commonPool-worker-2) Sending message {"key11756837270794": "value-6", "key21756837275124": "value-6", "key31756837276400": "value-6"} to topic topic-263755b4_f728_49aa_a42b_655a679d0250
2025-09-02 18:21:17,535 INFO  [io.api.tes.ser.api.KafkaSerdesTester] (ForkJoinPool.commonPool-worker-2) Sending message {"key11756837270794": "value-7", "key21756837275124": "value-7", "key31756837276400": "value-7"} to topic topic-263755b4_f728_49aa_a42b_655a679d0250
2025-09-02 18:21:17,536 INFO  [io.api.tes.ser.api.KafkaSerdesTester] (ForkJoinPool.commonPool-worker-2) Sending message {"key11756837270794": "value-8", "key21756837275124": "value-8", "key31756837276400": "value-8"} to topic topic-263755b4_f728_49aa_a42b_655a679d0250
2025-09-02 18:21:17,538 INFO  [io.api.tes.ser.api.KafkaSerdesTester] (ForkJoinPool.commonPool-worker-2) Sending message {"key11756837270794": "value-9", "key21756837275124": "value-9", "key31756837276400": "value-9"} to topic topic-263755b4_f728_49aa_a42b_655a679d0250
2025-09-02 18:21:17,539 INFO  [io.api.tes.ser.api.KafkaSerdesTester] (ForkJoinPool.commonPool-worker-2) Produced 10 messages
2025-09-02 18:21:17,539 INFO  [io.api.tes.ser.api.KafkaSerdesTester] (ForkJoinPool.commonPool-worker-2) Sending message {"key11756837270794": "value-0", "key21756837275124": "value-0"} to topic topic-263755b4_f728_49aa_a42b_655a679d0250
2025-09-02 18:21:17,541 INFO  [io.api.tes.ser.api.KafkaSerdesTester] (ForkJoinPool.commonPool-worker-2) Sending message {"key11756837270794": "value-1", "key21756837275124": "value-1"} to topic topic-263755b4_f728_49aa_a42b_655a679d0250
2025-09-02 18:21:17,543 INFO  [io.api.tes.ser.api.KafkaSerdesTester] (ForkJoinPool.commonPool-worker-2) Sending message {"key11756837270794": "value-2", "key21756837275124": "value-2"} to topic topic-263755b4_f728_49aa_a42b_655a679d0250
2025-09-02 18:21:17,544 INFO  [io.api.tes.ser.api.KafkaSerdesTester] (ForkJoinPool.commonPool-worker-2) Sending message {"key11756837270794": "value-3", "key21756837275124": "value-3"} to topic topic-263755b4_f728_49aa_a42b_655a679d0250
2025-09-02 18:21:17,545 INFO  [io.api.tes.ser.api.KafkaSerdesTester] (ForkJoinPool.commonPool-worker-2) Sending message {"key11756837270794": "value-4", "key21756837275124": "value-4"} to topic topic-263755b4_f728_49aa_a42b_655a679d0250
2025-09-02 18:21:17,547 INFO  [io.api.tes.ser.api.KafkaSerdesTester] (ForkJoinPool.commonPool-worker-2) Sending message {"key11756837270794": "value-5", "key21756837275124": "value-5"} to topic topic-263755b4_f728_49aa_a42b_655a679d0250
2025-09-02 18:21:17,548 INFO  [io.api.tes.ser.api.KafkaSerdesTester] (ForkJoinPool.commonPool-worker-2) Sending message {"key11756837270794": "value-6", "key21756837275124": "value-6"} to topic topic-263755b4_f728_49aa_a42b_655a679d0250
2025-09-02 18:21:17,549 INFO  [io.api.tes.ser.api.KafkaSerdesTester] (ForkJoinPool.commonPool-worker-2) Sending message {"key11756837270794": "value-7", "key21756837275124": "value-7"} to topic topic-263755b4_f728_49aa_a42b_655a679d0250
2025-09-02 18:21:17,551 INFO  [io.api.tes.ser.api.KafkaSerdesTester] (ForkJoinPool.commonPool-worker-2) Sending message {"key11756837270794": "value-8", "key21756837275124": "value-8"} to topic topic-263755b4_f728_49aa_a42b_655a679d0250
2025-09-02 18:21:17,552 INFO  [io.api.tes.ser.api.KafkaSerdesTester] (ForkJoinPool.commonPool-worker-2) Sending message {"key11756837270794": "value-9", "key21756837275124": "value-9"} to topic topic-263755b4_f728_49aa_a42b_655a679d0250
2025-09-02 18:21:17,554 INFO  [io.api.tes.ser.api.KafkaSerdesTester] (ForkJoinPool.commonPool-worker-2) Produced 10 messages
2025-09-02 18:21:17,554 INFO  [io.api.tes.ser.api.KafkaSerdesTester] (ForkJoinPool.commonPool-worker-2) Sending message {"key11756837270794": "value-0"} to topic topic-263755b4_f728_49aa_a42b_655a679d0250
2025-09-02 18:21:17,555 INFO  [io.api.tes.ser.api.KafkaSerdesTester] (ForkJoinPool.commonPool-worker-2) Sending message {"key11756837270794": "value-1"} to topic topic-263755b4_f728_49aa_a42b_655a679d0250
2025-09-02 18:21:17,556 INFO  [io.api.tes.ser.api.KafkaSerdesTester] (ForkJoinPool.commonPool-worker-2) Sending message {"key11756837270794": "value-2"} to topic topic-263755b4_f728_49aa_a42b_655a679d0250
2025-09-02 18:21:17,558 INFO  [io.api.tes.ser.api.KafkaSerdesTester] (ForkJoinPool.commonPool-worker-2) Sending message {"key11756837270794": "value-3"} to topic topic-263755b4_f728_49aa_a42b_655a679d0250
2025-09-02 18:21:17,559 INFO  [io.api.tes.ser.api.KafkaSerdesTester] (ForkJoinPool.commonPool-worker-2) Sending message {"key11756837270794": "value-4"} to topic topic-263755b4_f728_49aa_a42b_655a679d0250
2025-09-02 18:21:17,560 INFO  [io.api.tes.ser.api.KafkaSerdesTester] (ForkJoinPool.commonPool-worker-2) Sending message {"key11756837270794": "value-5"} to topic topic-263755b4_f728_49aa_a42b_655a679d0250
2025-09-02 18:21:17,562 INFO  [io.api.tes.ser.api.KafkaSerdesTester] (ForkJoinPool.commonPool-worker-2) Sending message {"key11756837270794": "value-6"} to topic topic-263755b4_f728_49aa_a42b_655a679d0250
2025-09-02 18:21:17,563 INFO  [io.api.tes.ser.api.KafkaSerdesTester] (ForkJoinPool.commonPool-worker-2) Sending message {"key11756837270794": "value-7"} to topic topic-263755b4_f728_49aa_a42b_655a679d0250
2025-09-02 18:21:17,565 INFO  [io.api.tes.ser.api.KafkaSerdesTester] (ForkJoinPool.commonPool-worker-2) Sending message {"key11756837270794": "value-8"} to topic topic-263755b4_f728_49aa_a42b_655a679d0250
2025-09-02 18:21:17,566 INFO  [io.api.tes.ser.api.KafkaSerdesTester] (ForkJoinPool.commonPool-worker-2) Sending message {"key11756837270794": "value-9"} to topic topic-263755b4_f728_49aa_a42b_655a679d0250
2025-09-02 18:21:17,568 INFO  [io.api.tes.ser.api.KafkaSerdesTester] (ForkJoinPool.commonPool-worker-2) Produced 10 messages
2025-09-02 18:21:17,569 INFO  [org.apa.kaf.cli.con.int.ClassicKafkaConsumer] (ForkJoinPool.commonPool-worker-2) [Consumer clientId=consumer-Consumer-topic-263755b4_f728_49aa_a42b_655a679d0250-9, groupId=Consumer-topic-263755b4_f728_49aa_a42b_655a679d0250] Subscribed to topic(s): topic-263755b4_f728_49aa_a42b_655a679d0250
2025-09-02 18:21:17,647 INFO  [io.api.tes.ser.api.KafkaSerdesTester] (ForkJoinPool.commonPool-worker-2) topic-263755b4_f728_49aa_a42b_655a679d0250 0 30 {"key11756837270794": "value-0", "key21756837275124": "value-0", "key31756837276400": "value-0"}
2025-09-02 18:21:17,647 INFO  [io.api.tes.ser.api.KafkaSerdesTester] (ForkJoinPool.commonPool-worker-2) topic-263755b4_f728_49aa_a42b_655a679d0250 0 31 {"key11756837270794": "value-1", "key21756837275124": "value-1", "key31756837276400": "value-1"}
2025-09-02 18:21:17,647 INFO  [io.api.tes.ser.api.KafkaSerdesTester] (ForkJoinPool.commonPool-worker-2) topic-263755b4_f728_49aa_a42b_655a679d0250 0 32 {"key11756837270794": "value-2", "key21756837275124": "value-2", "key31756837276400": "value-2"}
2025-09-02 18:21:17,647 INFO  [io.api.tes.ser.api.KafkaSerdesTester] (ForkJoinPool.commonPool-worker-2) topic-263755b4_f728_49aa_a42b_655a679d0250 0 33 {"key11756837270794": "value-3", "key21756837275124": "value-3", "key31756837276400": "value-3"}
2025-09-02 18:21:17,647 INFO  [io.api.tes.ser.api.KafkaSerdesTester] (ForkJoinPool.commonPool-worker-2) topic-263755b4_f728_49aa_a42b_655a679d0250 0 34 {"key11756837270794": "value-4", "key21756837275124": "value-4", "key31756837276400": "value-4"}
2025-09-02 18:21:17,648 INFO  [io.api.tes.ser.api.KafkaSerdesTester] (ForkJoinPool.commonPool-worker-2) topic-263755b4_f728_49aa_a42b_655a679d0250 0 35 {"key11756837270794": "value-5", "key21756837275124": "value-5", "key31756837276400": "value-5"}
2025-09-02 18:21:17,648 INFO  [io.api.tes.ser.api.KafkaSerdesTester] (ForkJoinPool.commonPool-worker-2) topic-263755b4_f728_49aa_a42b_655a679d0250 0 36 {"key11756837270794": "value-6", "key21756837275124": "value-6", "key31756837276400": "value-6"}
2025-09-02 18:21:17,648 INFO  [io.api.tes.ser.api.KafkaSerdesTester] (ForkJoinPool.commonPool-worker-2) topic-263755b4_f728_49aa_a42b_655a679d0250 0 37 {"key11756837270794": "value-7", "key21756837275124": "value-7", "key31756837276400": "value-7"}
2025-09-02 18:21:17,648 INFO  [io.api.tes.ser.api.KafkaSerdesTester] (ForkJoinPool.commonPool-worker-2) topic-263755b4_f728_49aa_a42b_655a679d0250 0 38 {"key11756837270794": "value-8", "key21756837275124": "value-8", "key31756837276400": "value-8"}
2025-09-02 18:21:17,648 INFO  [io.api.tes.ser.api.KafkaSerdesTester] (ForkJoinPool.commonPool-worker-2) topic-263755b4_f728_49aa_a42b_655a679d0250 0 39 {"key11756837270794": "value-9", "key21756837275124": "value-9", "key31756837276400": "value-9"}
2025-09-02 18:21:17,648 INFO  [io.api.tes.ser.api.KafkaSerdesTester] (ForkJoinPool.commonPool-worker-2) topic-263755b4_f728_49aa_a42b_655a679d0250 0 40 {"key11756837270794": "value-0", "key21756837275124": "value-0"}
2025-09-02 18:21:17,648 INFO  [io.api.tes.ser.api.KafkaSerdesTester] (ForkJoinPool.commonPool-worker-2) topic-263755b4_f728_49aa_a42b_655a679d0250 0 41 {"key11756837270794": "value-1", "key21756837275124": "value-1"}
2025-09-02 18:21:17,648 INFO  [io.api.tes.ser.api.KafkaSerdesTester] (ForkJoinPool.commonPool-worker-2) topic-263755b4_f728_49aa_a42b_655a679d0250 0 42 {"key11756837270794": "value-2", "key21756837275124": "value-2"}
2025-09-02 18:21:17,648 INFO  [io.api.tes.ser.api.KafkaSerdesTester] (ForkJoinPool.commonPool-worker-2) topic-263755b4_f728_49aa_a42b_655a679d0250 0 43 {"key11756837270794": "value-3", "key21756837275124": "value-3"}
2025-09-02 18:21:17,648 INFO  [io.api.tes.ser.api.KafkaSerdesTester] (ForkJoinPool.commonPool-worker-2) topic-263755b4_f728_49aa_a42b_655a679d0250 0 44 {"key11756837270794": "value-4", "key21756837275124": "value-4"}
2025-09-02 18:21:17,648 INFO  [io.api.tes.ser.api.KafkaSerdesTester] (ForkJoinPool.commonPool-worker-2) topic-263755b4_f728_49aa_a42b_655a679d0250 0 45 {"key11756837270794": "value-5", "key21756837275124": "value-5"}
2025-09-02 18:21:17,648 INFO  [io.api.tes.ser.api.KafkaSerdesTester] (ForkJoinPool.commonPool-worker-2) topic-263755b4_f728_49aa_a42b_655a679d0250 0 46 {"key11756837270794": "value-6", "key21756837275124": "value-6"}
2025-09-02 18:21:17,648 INFO  [io.api.tes.ser.api.KafkaSerdesTester] (ForkJoinPool.commonPool-worker-2) topic-263755b4_f728_49aa_a42b_655a679d0250 0 47 {"key11756837270794": "value-7", "key21756837275124": "value-7"}
2025-09-02 18:21:17,648 INFO  [io.api.tes.ser.api.KafkaSerdesTester] (ForkJoinPool.commonPool-worker-2) topic-263755b4_f728_49aa_a42b_655a679d0250 0 48 {"key11756837270794": "value-8", "key21756837275124": "value-8"}
2025-09-02 18:21:17,648 INFO  [io.api.tes.ser.api.KafkaSerdesTester] (ForkJoinPool.commonPool-worker-2) topic-263755b4_f728_49aa_a42b_655a679d0250 0 49 {"key11756837270794": "value-9", "key21756837275124": "value-9"}
2025-09-02 18:21:17,648 INFO  [io.api.tes.ser.api.KafkaSerdesTester] (ForkJoinPool.commonPool-worker-2) topic-263755b4_f728_49aa_a42b_655a679d0250 0 50 {"key11756837270794": "value-0"}
2025-09-02 18:21:17,648 INFO  [io.api.tes.ser.api.KafkaSerdesTester] (ForkJoinPool.commonPool-worker-2) topic-263755b4_f728_49aa_a42b_655a679d0250 0 51 {"key11756837270794": "value-1"}
2025-09-02 18:21:17,648 INFO  [io.api.tes.ser.api.KafkaSerdesTester] (ForkJoinPool.commonPool-worker-2) topic-263755b4_f728_49aa_a42b_655a679d0250 0 52 {"key11756837270794": "value-2"}
2025-09-02 18:21:17,648 INFO  [io.api.tes.ser.api.KafkaSerdesTester] (ForkJoinPool.commonPool-worker-2) topic-263755b4_f728_49aa_a42b_655a679d0250 0 53 {"key11756837270794": "value-3"}
2025-09-02 18:21:17,648 INFO  [io.api.tes.ser.api.KafkaSerdesTester] (ForkJoinPool.commonPool-worker-2) topic-263755b4_f728_49aa_a42b_655a679d0250 0 54 {"key11756837270794": "value-4"}
2025-09-02 18:21:17,648 INFO  [io.api.tes.ser.api.KafkaSerdesTester] (ForkJoinPool.commonPool-worker-2) topic-263755b4_f728_49aa_a42b_655a679d0250 0 55 {"key11756837270794": "value-5"}
2025-09-02 18:21:17,648 INFO  [io.api.tes.ser.api.KafkaSerdesTester] (ForkJoinPool.commonPool-worker-2) topic-263755b4_f728_49aa_a42b_655a679d0250 0 56 {"key11756837270794": "value-6"}
2025-09-02 18:21:17,648 INFO  [io.api.tes.ser.api.KafkaSerdesTester] (ForkJoinPool.commonPool-worker-2) topic-263755b4_f728_49aa_a42b_655a679d0250 0 57 {"key11756837270794": "value-7"}
2025-09-02 18:21:17,648 INFO  [io.api.tes.ser.api.KafkaSerdesTester] (ForkJoinPool.commonPool-worker-2) topic-263755b4_f728_49aa_a42b_655a679d0250 0 58 {"key11756837270794": "value-8"}
2025-09-02 18:21:17,648 INFO  [io.api.tes.ser.api.KafkaSerdesTester] (ForkJoinPool.commonPool-worker-2) topic-263755b4_f728_49aa_a42b_655a679d0250 0 59 {"key11756837270794": "value-9"}
2025-09-02 18:21:17,648 INFO  [io.api.tes.ser.api.KafkaSerdesTester] (ForkJoinPool.commonPool-worker-2) Consumed 30 messages
2025-09-02 18:21:17,648 INFO  [org.apa.kaf.cli.pro.KafkaProducer] (main) [Producer clientId=Producer-topic-263755b4_f728_49aa_a42b_655a679d0250] Closing the Kafka producer with timeoutMillis = 9223372036854775807 ms.
2025-09-02 18:21:17,650 INFO  [org.apa.kaf.com.met.Metrics] (main) Metrics scheduler closed
2025-09-02 18:21:17,650 INFO  [org.apa.kaf.com.met.Metrics] (main) Closing reporter org.apache.kafka.common.metrics.JmxReporter
2025-09-02 18:21:17,650 INFO  [org.apa.kaf.com.met.Metrics] (main) Closing reporter org.apache.kafka.common.telemetry.internals.ClientTelemetryReporter
2025-09-02 18:21:17,650 INFO  [org.apa.kaf.com.met.Metrics] (main) Metrics reporters closed
2025-09-02 18:21:17,650 INFO  [org.apa.kaf.com.uti.AppInfoParser] (main) App info kafka.producer for Producer-topic-263755b4_f728_49aa_a42b_655a679d0250 unregistered
2025-09-02 18:21:17,657 INFO  [org.apa.kaf.cli.con.int.ConsumerRebalanceListenerInvoker] (main) [Consumer clientId=consumer-Consumer-topic-263755b4_f728_49aa_a42b_655a679d0250-9, groupId=Consumer-topic-263755b4_f728_49aa_a42b_655a679d0250] Revoke previously assigned partitions topic-263755b4_f728_49aa_a42b_655a679d0250-0
2025-09-02 18:21:17,658 INFO  [org.apa.kaf.cli.con.int.ConsumerCoordinator] (main) [Consumer clientId=consumer-Consumer-topic-263755b4_f728_49aa_a42b_655a679d0250-9, groupId=Consumer-topic-263755b4_f728_49aa_a42b_655a679d0250] Member consumer-Consumer-topic-263755b4_f728_49aa_a42b_655a679d0250-9-92c08d36-07ac-4017-b8c2-366c3f9a93c2 sending LeaveGroup request to coordinator localhost:32769 (id: 2147483647 rack: null) due to the consumer is being closed
2025-09-02 18:21:17,658 INFO  [org.apa.kaf.cli.con.int.ConsumerCoordinator] (main) [Consumer clientId=consumer-Consumer-topic-263755b4_f728_49aa_a42b_655a679d0250-9, groupId=Consumer-topic-263755b4_f728_49aa_a42b_655a679d0250] Resetting generation and member id due to: consumer pro-actively leaving the group
2025-09-02 18:21:17,658 INFO  [org.apa.kaf.cli.con.int.ConsumerCoordinator] (main) [Consumer clientId=consumer-Consumer-topic-263755b4_f728_49aa_a42b_655a679d0250-9, groupId=Consumer-topic-263755b4_f728_49aa_a42b_655a679d0250] Request joining group due to: consumer pro-actively leaving the group
2025-09-02 18:21:18,150 INFO  [org.apa.kaf.com.met.Metrics] (main) Metrics scheduler closed
2025-09-02 18:21:18,150 INFO  [org.apa.kaf.com.met.Metrics] (main) Closing reporter org.apache.kafka.common.metrics.JmxReporter
2025-09-02 18:21:18,150 INFO  [org.apa.kaf.com.met.Metrics] (main) Closing reporter org.apache.kafka.common.telemetry.internals.ClientTelemetryReporter
2025-09-02 18:21:18,150 INFO  [org.apa.kaf.com.met.Metrics] (main) Metrics reporters closed
2025-09-02 18:21:18,152 INFO  [org.apa.kaf.com.uti.AppInfoParser] (main) App info kafka.consumer for consumer-Consumer-topic-263755b4_f728_49aa_a42b_655a679d0250-9 unregistered
2025-09-02 18:21:18,152 INFO  [io.api.tes.uti.TestSeparator] (main) io.apicurio.tests.serdes.apicurio.AvroSerdeIT.testEvolveAvroApicurioReusingClient-FINISHED
2025-09-02 18:21:18,152 INFO  [io.api.tes.uti.TestSeparator] (main) ############################################################################
Test passed: testEvolveAvroApicurioReusingClient
]]></system-out>
  </testcase>
  <testcase name="testProducerUsesDefaultConsumerUsesGlobalId" classname="io.apicurio.tests.serdes.apicurio.AvroSerdeIT" time="0.0">
    <skipped message="void io.apicurio.tests.serdes.apicurio.AvroSerdeIT.testProducerUsesDefaultConsumerUsesGlobalId() throws java.lang.Exception is @Disabled"/>
  </testcase>
  <testcase name="testEvolveAvroApicurio" classname="io.apicurio.tests.serdes.apicurio.AvroSerdeIT" time="14.87">
    <system-out><![CDATA[2025-09-02 18:21:18,156 INFO  [io.api.tes.uti.TestSeparator] (main) ############################################################################
2025-09-02 18:21:18,156 INFO  [io.api.tes.uti.TestSeparator] (main) io.apicurio.tests.serdes.apicurio.AvroSerdeIT.testEvolveAvroApicurio-STARTED
2025-09-02 18:21:18,157 INFO  [io.api.tes.ser.api.AvroSerdeIT] (main) Registering Avro Schema: {"type":"record","name":"s2fa38996x2284x4e3dxa844xcf5dc0bc3f47","namespace":"ns_7fbea818_3b9a_4a2f_9801_5dc5215432e8","fields":[{"name":"key11756837278156","type":"string"}]}
**** Registry Base URL: http://registry-app-mysql.apps.ci419.apicurio-testing.org:80
2025-09-02 18:21:19,261 INFO  [org.apa.kaf.cli.pro.ProducerConfig] (main) ProducerConfig values: 
	acks = -1
	auto.include.jmx.reporter = true
	batch.size = 16384
	bootstrap.servers = [PLAINTEXT://localhost:32769]
	buffer.memory = 33554432
	client.dns.lookup = use_all_dns_ips
	client.id = Producer-topic-8d14e40a_3d78_46f3_bca0_aba8871c344a
	compression.gzip.level = -1
	compression.lz4.level = 9
	compression.type = none
	compression.zstd.level = 3
	connections.max.idle.ms = 10000
	delivery.timeout.ms = 120000
	enable.idempotence = true
	enable.metrics.push = true
	interceptor.classes = []
	key.serializer = class org.apache.kafka.common.serialization.StringSerializer
	linger.ms = 0
	max.block.ms = 60000
	max.in.flight.requests.per.connection = 5
	max.request.size = 1048576
	metadata.max.age.ms = 300000
	metadata.max.idle.ms = 300000
	metadata.recovery.strategy = none
	metric.reporters = []
	metrics.num.samples = 2
	metrics.recording.level = INFO
	metrics.sample.window.ms = 30000
	partitioner.adaptive.partitioning.enable = true
	partitioner.availability.timeout.ms = 0
	partitioner.class = null
	partitioner.ignore.keys = false
	receive.buffer.bytes = 32768
	reconnect.backoff.max.ms = 1000
	reconnect.backoff.ms = 50
	request.timeout.ms = 5000
	retries = 2147483647
	retry.backoff.max.ms = 1000
	retry.backoff.ms = 100
	sasl.client.callback.handler.class = null
	sasl.jaas.config = null
	sasl.kerberos.kinit.cmd = /usr/bin/kinit
	sasl.kerberos.min.time.before.relogin = 60000
	sasl.kerberos.service.name = null
	sasl.kerberos.ticket.renew.jitter = 0.05
	sasl.kerberos.ticket.renew.window.factor = 0.8
	sasl.login.callback.handler.class = null
	sasl.login.class = null
	sasl.login.connect.timeout.ms = null
	sasl.login.read.timeout.ms = null
	sasl.login.refresh.buffer.seconds = 300
	sasl.login.refresh.min.period.seconds = 60
	sasl.login.refresh.window.factor = 0.8
	sasl.login.refresh.window.jitter = 0.05
	sasl.login.retry.backoff.max.ms = 10000
	sasl.login.retry.backoff.ms = 100
	sasl.mechanism = GSSAPI
	sasl.oauthbearer.clock.skew.seconds = 30
	sasl.oauthbearer.expected.audience = null
	sasl.oauthbearer.expected.issuer = null
	sasl.oauthbearer.header.urlencode = false
	sasl.oauthbearer.jwks.endpoint.refresh.ms = 3600000
	sasl.oauthbearer.jwks.endpoint.retry.backoff.max.ms = 10000
	sasl.oauthbearer.jwks.endpoint.retry.backoff.ms = 100
	sasl.oauthbearer.jwks.endpoint.url = null
	sasl.oauthbearer.scope.claim.name = scope
	sasl.oauthbearer.sub.claim.name = sub
	sasl.oauthbearer.token.endpoint.url = null
	security.protocol = PLAINTEXT
	security.providers = null
	send.buffer.bytes = 131072
	socket.connection.setup.timeout.max.ms = 30000
	socket.connection.setup.timeout.ms = 10000
	ssl.cipher.suites = null
	ssl.enabled.protocols = [TLSv1.2, TLSv1.3]
	ssl.endpoint.identification.algorithm = https
	ssl.engine.factory.class = null
	ssl.key.password = null
	ssl.keymanager.algorithm = SunX509
	ssl.keystore.certificate.chain = null
	ssl.keystore.key = null
	ssl.keystore.location = null
	ssl.keystore.password = null
	ssl.keystore.type = JKS
	ssl.protocol = TLSv1.3
	ssl.provider = null
	ssl.secure.random.implementation = null
	ssl.trustmanager.algorithm = PKIX
	ssl.truststore.certificates = null
	ssl.truststore.location = null
	ssl.truststore.password = null
	ssl.truststore.type = JKS
	transaction.timeout.ms = 60000
	transactional.id = null
	value.serializer = class io.apicurio.registry.serde.avro.AvroKafkaSerializer

2025-09-02 18:21:19,262 INFO  [org.apa.kaf.com.tel.int.KafkaMetricsCollector] (main) initializing Kafka metrics collector
2025-09-02 18:21:19,264 INFO  [org.apa.kaf.cli.pro.KafkaProducer] (main) [Producer clientId=Producer-topic-8d14e40a_3d78_46f3_bca0_aba8871c344a] Instantiated an idempotent producer.
2025-09-02 18:21:19,266 INFO  [org.apa.kaf.cli.pro.ProducerConfig] (main) These configurations '[apicurio.registry.url, apicurio.registry.artifact-resolver-strategy]' were supplied but are not used yet.
2025-09-02 18:21:19,266 INFO  [org.apa.kaf.com.uti.AppInfoParser] (main) Kafka version: 3.9.1
2025-09-02 18:21:19,266 INFO  [org.apa.kaf.com.uti.AppInfoParser] (main) Kafka commitId: f745dfdcee2b9851
2025-09-02 18:21:19,266 INFO  [org.apa.kaf.com.uti.AppInfoParser] (main) Kafka startTimeMs: 1756837279266
**** Registry Base URL: http://registry-app-mysql.apps.ci419.apicurio-testing.org:80
2025-09-02 18:21:19,266 INFO  [org.apa.kaf.cli.con.ConsumerConfig] (main) ConsumerConfig values: 
	allow.auto.create.topics = true
	auto.commit.interval.ms = 500
	auto.include.jmx.reporter = true
	auto.offset.reset = earliest
	bootstrap.servers = [PLAINTEXT://localhost:32769]
	check.crcs = true
	client.dns.lookup = use_all_dns_ips
	client.id = consumer-Consumer-topic-8d14e40a_3d78_46f3_bca0_aba8871c344a-10
	client.rack = 
	connections.max.idle.ms = 10000
	default.api.timeout.ms = 60000
	enable.auto.commit = true
	enable.metrics.push = true
	exclude.internal.topics = true
	fetch.max.bytes = 52428800
	fetch.max.wait.ms = 500
	fetch.min.bytes = 1
	group.id = Consumer-topic-8d14e40a_3d78_46f3_bca0_aba8871c344a
	group.instance.id = null
	group.protocol = classic
	group.remote.assignor = null
	heartbeat.interval.ms = 3000
	interceptor.classes = []
	internal.leave.group.on.close = true
	internal.throw.on.fetch.stable.offset.unsupported = false
	isolation.level = read_uncommitted
	key.deserializer = class org.apache.kafka.common.serialization.StringDeserializer
	max.partition.fetch.bytes = 1048576
	max.poll.interval.ms = 300000
	max.poll.records = 500
	metadata.max.age.ms = 300000
	metadata.recovery.strategy = none
	metric.reporters = []
	metrics.num.samples = 2
	metrics.recording.level = INFO
	metrics.sample.window.ms = 30000
	partition.assignment.strategy = [class org.apache.kafka.clients.consumer.RangeAssignor, class org.apache.kafka.clients.consumer.CooperativeStickyAssignor]
	receive.buffer.bytes = 65536
	reconnect.backoff.max.ms = 1000
	reconnect.backoff.ms = 50
	request.timeout.ms = 5000
	retry.backoff.max.ms = 1000
	retry.backoff.ms = 100
	sasl.client.callback.handler.class = null
	sasl.jaas.config = null
	sasl.kerberos.kinit.cmd = /usr/bin/kinit
	sasl.kerberos.min.time.before.relogin = 60000
	sasl.kerberos.service.name = null
	sasl.kerberos.ticket.renew.jitter = 0.05
	sasl.kerberos.ticket.renew.window.factor = 0.8
	sasl.login.callback.handler.class = null
	sasl.login.class = null
	sasl.login.connect.timeout.ms = null
	sasl.login.read.timeout.ms = null
	sasl.login.refresh.buffer.seconds = 300
	sasl.login.refresh.min.period.seconds = 60
	sasl.login.refresh.window.factor = 0.8
	sasl.login.refresh.window.jitter = 0.05
	sasl.login.retry.backoff.max.ms = 10000
	sasl.login.retry.backoff.ms = 100
	sasl.mechanism = GSSAPI
	sasl.oauthbearer.clock.skew.seconds = 30
	sasl.oauthbearer.expected.audience = null
	sasl.oauthbearer.expected.issuer = null
	sasl.oauthbearer.header.urlencode = false
	sasl.oauthbearer.jwks.endpoint.refresh.ms = 3600000
	sasl.oauthbearer.jwks.endpoint.retry.backoff.max.ms = 10000
	sasl.oauthbearer.jwks.endpoint.retry.backoff.ms = 100
	sasl.oauthbearer.jwks.endpoint.url = null
	sasl.oauthbearer.scope.claim.name = scope
	sasl.oauthbearer.sub.claim.name = sub
	sasl.oauthbearer.token.endpoint.url = null
	security.protocol = PLAINTEXT
	security.providers = null
	send.buffer.bytes = 131072
	session.timeout.ms = 45000
	socket.connection.setup.timeout.max.ms = 30000
	socket.connection.setup.timeout.ms = 10000
	ssl.cipher.suites = null
	ssl.enabled.protocols = [TLSv1.2, TLSv1.3]
	ssl.endpoint.identification.algorithm = https
	ssl.engine.factory.class = null
	ssl.key.password = null
	ssl.keymanager.algorithm = SunX509
	ssl.keystore.certificate.chain = null
	ssl.keystore.key = null
	ssl.keystore.location = null
	ssl.keystore.password = null
	ssl.keystore.type = JKS
	ssl.protocol = TLSv1.3
	ssl.provider = null
	ssl.secure.random.implementation = null
	ssl.trustmanager.algorithm = PKIX
	ssl.truststore.certificates = null
	ssl.truststore.location = null
	ssl.truststore.password = null
	ssl.truststore.type = JKS
	value.deserializer = class io.apicurio.registry.serde.avro.AvroKafkaDeserializer

2025-09-02 18:21:19,267 INFO  [org.apa.kaf.com.tel.int.KafkaMetricsCollector] (main) initializing Kafka metrics collector
2025-09-02 18:21:19,269 INFO  [org.apa.kaf.cli.Metadata] (kafka-producer-network-thread | Producer-topic-8d14e40a_3d78_46f3_bca0_aba8871c344a) [Producer clientId=Producer-topic-8d14e40a_3d78_46f3_bca0_aba8871c344a] Cluster ID: zhgBwCfeQnC1PCRKjnRbQg
2025-09-02 18:21:19,270 INFO  [org.apa.kaf.cli.pro.int.TransactionManager] (kafka-producer-network-thread | Producer-topic-8d14e40a_3d78_46f3_bca0_aba8871c344a) [Producer clientId=Producer-topic-8d14e40a_3d78_46f3_bca0_aba8871c344a] ProducerId set to 12 with epoch 0
2025-09-02 18:21:19,272 INFO  [org.apa.kaf.cli.con.ConsumerConfig] (main) These configurations '[apicurio.registry.url]' were supplied but are not used yet.
2025-09-02 18:21:19,272 INFO  [org.apa.kaf.com.uti.AppInfoParser] (main) Kafka version: 3.9.1
2025-09-02 18:21:19,272 INFO  [org.apa.kaf.com.uti.AppInfoParser] (main) Kafka commitId: f745dfdcee2b9851
2025-09-02 18:21:19,272 INFO  [org.apa.kaf.com.uti.AppInfoParser] (main) Kafka startTimeMs: 1756837279272
2025-09-02 18:21:19,273 INFO  [io.api.tes.ser.api.KafkaSerdesTester] (ForkJoinPool.commonPool-worker-2) Sending message {"key11756837278156": "value-0"} to topic topic-8d14e40a_3d78_46f3_bca0_aba8871c344a
2025-09-02 18:21:19,275 INFO  [DefaultSchemaResolver] (ForkJoinPool.commonPool-worker-2) Retrieving schema content using string: {"type":"record","name":"s2fa38996x2284x4e3dxa844xcf5dc0bc3f47","namespace":"ns_7fbea818_3b9a_4a2f_9801_5dc5215432e8","fields":[{"name":"key11756837278156","type":"string"}]}
2025-09-02 18:21:19,339 INFO  [io.api.tes.ser.api.KafkaSerdesTester] (ForkJoinPool.commonPool-worker-2) Sending message {"key11756837278156": "value-1"} to topic topic-8d14e40a_3d78_46f3_bca0_aba8871c344a
2025-09-02 18:21:19,340 INFO  [io.api.tes.ser.api.KafkaSerdesTester] (ForkJoinPool.commonPool-worker-2) Sending message {"key11756837278156": "value-2"} to topic topic-8d14e40a_3d78_46f3_bca0_aba8871c344a
2025-09-02 18:21:19,341 INFO  [io.api.tes.ser.api.KafkaSerdesTester] (ForkJoinPool.commonPool-worker-2) Sending message {"key11756837278156": "value-3"} to topic topic-8d14e40a_3d78_46f3_bca0_aba8871c344a
2025-09-02 18:21:19,342 INFO  [io.api.tes.ser.api.KafkaSerdesTester] (ForkJoinPool.commonPool-worker-2) Sending message {"key11756837278156": "value-4"} to topic topic-8d14e40a_3d78_46f3_bca0_aba8871c344a
2025-09-02 18:21:19,343 INFO  [io.api.tes.ser.api.KafkaSerdesTester] (ForkJoinPool.commonPool-worker-2) Sending message {"key11756837278156": "value-5"} to topic topic-8d14e40a_3d78_46f3_bca0_aba8871c344a
2025-09-02 18:21:19,344 INFO  [io.api.tes.ser.api.KafkaSerdesTester] (ForkJoinPool.commonPool-worker-2) Sending message {"key11756837278156": "value-6"} to topic topic-8d14e40a_3d78_46f3_bca0_aba8871c344a
2025-09-02 18:21:19,345 INFO  [io.api.tes.ser.api.KafkaSerdesTester] (ForkJoinPool.commonPool-worker-2) Sending message {"key11756837278156": "value-7"} to topic topic-8d14e40a_3d78_46f3_bca0_aba8871c344a
2025-09-02 18:21:19,346 INFO  [io.api.tes.ser.api.KafkaSerdesTester] (ForkJoinPool.commonPool-worker-2) Sending message {"key11756837278156": "value-8"} to topic topic-8d14e40a_3d78_46f3_bca0_aba8871c344a
2025-09-02 18:21:19,348 INFO  [io.api.tes.ser.api.KafkaSerdesTester] (ForkJoinPool.commonPool-worker-2) Sending message {"key11756837278156": "value-9"} to topic topic-8d14e40a_3d78_46f3_bca0_aba8871c344a
2025-09-02 18:21:19,349 INFO  [io.api.tes.ser.api.KafkaSerdesTester] (ForkJoinPool.commonPool-worker-2) Produced 10 messages
2025-09-02 18:21:19,349 INFO  [org.apa.kaf.cli.pro.KafkaProducer] (ForkJoinPool.commonPool-worker-2) [Producer clientId=Producer-topic-8d14e40a_3d78_46f3_bca0_aba8871c344a] Closing the Kafka producer with timeoutMillis = 9223372036854775807 ms.
2025-09-02 18:21:19,351 INFO  [org.apa.kaf.com.met.Metrics] (ForkJoinPool.commonPool-worker-2) Metrics scheduler closed
2025-09-02 18:21:19,351 INFO  [org.apa.kaf.com.met.Metrics] (ForkJoinPool.commonPool-worker-2) Closing reporter org.apache.kafka.common.metrics.JmxReporter
2025-09-02 18:21:19,351 INFO  [org.apa.kaf.com.met.Metrics] (ForkJoinPool.commonPool-worker-2) Closing reporter org.apache.kafka.common.telemetry.internals.ClientTelemetryReporter
2025-09-02 18:21:19,351 INFO  [org.apa.kaf.com.met.Metrics] (ForkJoinPool.commonPool-worker-2) Metrics reporters closed
2025-09-02 18:21:19,351 INFO  [org.apa.kaf.com.uti.AppInfoParser] (ForkJoinPool.commonPool-worker-2) App info kafka.producer for Producer-topic-8d14e40a_3d78_46f3_bca0_aba8871c344a unregistered
2025-09-02 18:21:19,352 INFO  [org.apa.kaf.cli.con.int.ClassicKafkaConsumer] (ForkJoinPool.commonPool-worker-2) [Consumer clientId=consumer-Consumer-topic-8d14e40a_3d78_46f3_bca0_aba8871c344a-10, groupId=Consumer-topic-8d14e40a_3d78_46f3_bca0_aba8871c344a] Subscribed to topic(s): topic-8d14e40a_3d78_46f3_bca0_aba8871c344a
2025-09-02 18:21:19,355 INFO  [org.apa.kaf.cli.Metadata] (ForkJoinPool.commonPool-worker-2) [Consumer clientId=consumer-Consumer-topic-8d14e40a_3d78_46f3_bca0_aba8871c344a-10, groupId=Consumer-topic-8d14e40a_3d78_46f3_bca0_aba8871c344a] Cluster ID: zhgBwCfeQnC1PCRKjnRbQg
2025-09-02 18:21:19,356 INFO  [org.apa.kaf.cli.con.int.ConsumerCoordinator] (ForkJoinPool.commonPool-worker-2) [Consumer clientId=consumer-Consumer-topic-8d14e40a_3d78_46f3_bca0_aba8871c344a-10, groupId=Consumer-topic-8d14e40a_3d78_46f3_bca0_aba8871c344a] Discovered group coordinator localhost:32769 (id: 2147483647 rack: null)
2025-09-02 18:21:19,357 INFO  [org.apa.kaf.cli.con.int.ConsumerCoordinator] (ForkJoinPool.commonPool-worker-2) [Consumer clientId=consumer-Consumer-topic-8d14e40a_3d78_46f3_bca0_aba8871c344a-10, groupId=Consumer-topic-8d14e40a_3d78_46f3_bca0_aba8871c344a] (Re-)joining group
2025-09-02 18:21:19,359 INFO  [org.apa.kaf.cli.con.int.ConsumerCoordinator] (ForkJoinPool.commonPool-worker-2) [Consumer clientId=consumer-Consumer-topic-8d14e40a_3d78_46f3_bca0_aba8871c344a-10, groupId=Consumer-topic-8d14e40a_3d78_46f3_bca0_aba8871c344a] Request joining group due to: need to re-join with the given member-id: consumer-Consumer-topic-8d14e40a_3d78_46f3_bca0_aba8871c344a-10-3c9a0374-d81b-4a56-9672-c546fb47a47d
2025-09-02 18:21:19,359 INFO  [org.apa.kaf.cli.con.int.ConsumerCoordinator] (ForkJoinPool.commonPool-worker-2) [Consumer clientId=consumer-Consumer-topic-8d14e40a_3d78_46f3_bca0_aba8871c344a-10, groupId=Consumer-topic-8d14e40a_3d78_46f3_bca0_aba8871c344a] (Re-)joining group
2025-09-02 18:21:20,352 INFO  [io.api.tes.ser.api.KafkaSerdesTester] (ForkJoinPool.commonPool-worker-2) None found
2025-09-02 18:21:21,353 INFO  [io.api.tes.ser.api.KafkaSerdesTester] (ForkJoinPool.commonPool-worker-2) None found
2025-09-02 18:21:22,353 INFO  [io.api.tes.ser.api.KafkaSerdesTester] (ForkJoinPool.commonPool-worker-2) None found
2025-09-02 18:21:22,361 INFO  [org.apa.kaf.cli.con.int.ConsumerCoordinator] (ForkJoinPool.commonPool-worker-2) [Consumer clientId=consumer-Consumer-topic-8d14e40a_3d78_46f3_bca0_aba8871c344a-10, groupId=Consumer-topic-8d14e40a_3d78_46f3_bca0_aba8871c344a] Successfully joined group with generation Generation{generationId=1, memberId='consumer-Consumer-topic-8d14e40a_3d78_46f3_bca0_aba8871c344a-10-3c9a0374-d81b-4a56-9672-c546fb47a47d', protocol='range'}
2025-09-02 18:21:22,361 INFO  [org.apa.kaf.cli.con.int.ConsumerCoordinator] (ForkJoinPool.commonPool-worker-2) [Consumer clientId=consumer-Consumer-topic-8d14e40a_3d78_46f3_bca0_aba8871c344a-10, groupId=Consumer-topic-8d14e40a_3d78_46f3_bca0_aba8871c344a] Finished assignment for group at generation 1: {consumer-Consumer-topic-8d14e40a_3d78_46f3_bca0_aba8871c344a-10-3c9a0374-d81b-4a56-9672-c546fb47a47d=Assignment(partitions=[topic-8d14e40a_3d78_46f3_bca0_aba8871c344a-0])}
2025-09-02 18:21:22,368 INFO  [org.apa.kaf.cli.con.int.ConsumerCoordinator] (ForkJoinPool.commonPool-worker-2) [Consumer clientId=consumer-Consumer-topic-8d14e40a_3d78_46f3_bca0_aba8871c344a-10, groupId=Consumer-topic-8d14e40a_3d78_46f3_bca0_aba8871c344a] Successfully synced group in generation Generation{generationId=1, memberId='consumer-Consumer-topic-8d14e40a_3d78_46f3_bca0_aba8871c344a-10-3c9a0374-d81b-4a56-9672-c546fb47a47d', protocol='range'}
2025-09-02 18:21:22,368 INFO  [org.apa.kaf.cli.con.int.ConsumerCoordinator] (ForkJoinPool.commonPool-worker-2) [Consumer clientId=consumer-Consumer-topic-8d14e40a_3d78_46f3_bca0_aba8871c344a-10, groupId=Consumer-topic-8d14e40a_3d78_46f3_bca0_aba8871c344a] Notifying assignor about the new Assignment(partitions=[topic-8d14e40a_3d78_46f3_bca0_aba8871c344a-0])
2025-09-02 18:21:22,368 INFO  [org.apa.kaf.cli.con.int.ConsumerRebalanceListenerInvoker] (ForkJoinPool.commonPool-worker-2) [Consumer clientId=consumer-Consumer-topic-8d14e40a_3d78_46f3_bca0_aba8871c344a-10, groupId=Consumer-topic-8d14e40a_3d78_46f3_bca0_aba8871c344a] Adding newly assigned partitions: topic-8d14e40a_3d78_46f3_bca0_aba8871c344a-0
2025-09-02 18:21:22,369 INFO  [org.apa.kaf.cli.con.int.ConsumerCoordinator] (ForkJoinPool.commonPool-worker-2) [Consumer clientId=consumer-Consumer-topic-8d14e40a_3d78_46f3_bca0_aba8871c344a-10, groupId=Consumer-topic-8d14e40a_3d78_46f3_bca0_aba8871c344a] Found no committed offset for partition topic-8d14e40a_3d78_46f3_bca0_aba8871c344a-0
2025-09-02 18:21:22,373 INFO  [org.apa.kaf.cli.con.int.SubscriptionState] (ForkJoinPool.commonPool-worker-2) [Consumer clientId=consumer-Consumer-topic-8d14e40a_3d78_46f3_bca0_aba8871c344a-10, groupId=Consumer-topic-8d14e40a_3d78_46f3_bca0_aba8871c344a] Resetting offset for partition topic-8d14e40a_3d78_46f3_bca0_aba8871c344a-0 to position FetchPosition{offset=0, offsetEpoch=Optional.empty, currentLeader=LeaderAndEpoch{leader=Optional[localhost:32769 (id: 0 rack: null)], epoch=0}}.
2025-09-02 18:21:22,463 INFO  [io.api.tes.ser.api.KafkaSerdesTester] (ForkJoinPool.commonPool-worker-2) topic-8d14e40a_3d78_46f3_bca0_aba8871c344a 0 0 {"key11756837278156": "value-0"}
2025-09-02 18:21:22,463 INFO  [io.api.tes.ser.api.KafkaSerdesTester] (ForkJoinPool.commonPool-worker-2) topic-8d14e40a_3d78_46f3_bca0_aba8871c344a 0 1 {"key11756837278156": "value-1"}
2025-09-02 18:21:22,463 INFO  [io.api.tes.ser.api.KafkaSerdesTester] (ForkJoinPool.commonPool-worker-2) topic-8d14e40a_3d78_46f3_bca0_aba8871c344a 0 2 {"key11756837278156": "value-2"}
2025-09-02 18:21:22,463 INFO  [io.api.tes.ser.api.KafkaSerdesTester] (ForkJoinPool.commonPool-worker-2) topic-8d14e40a_3d78_46f3_bca0_aba8871c344a 0 3 {"key11756837278156": "value-3"}
2025-09-02 18:21:22,463 INFO  [io.api.tes.ser.api.KafkaSerdesTester] (ForkJoinPool.commonPool-worker-2) topic-8d14e40a_3d78_46f3_bca0_aba8871c344a 0 4 {"key11756837278156": "value-4"}
2025-09-02 18:21:22,463 INFO  [io.api.tes.ser.api.KafkaSerdesTester] (ForkJoinPool.commonPool-worker-2) topic-8d14e40a_3d78_46f3_bca0_aba8871c344a 0 5 {"key11756837278156": "value-5"}
2025-09-02 18:21:22,463 INFO  [io.api.tes.ser.api.KafkaSerdesTester] (ForkJoinPool.commonPool-worker-2) topic-8d14e40a_3d78_46f3_bca0_aba8871c344a 0 6 {"key11756837278156": "value-6"}
2025-09-02 18:21:22,463 INFO  [io.api.tes.ser.api.KafkaSerdesTester] (ForkJoinPool.commonPool-worker-2) topic-8d14e40a_3d78_46f3_bca0_aba8871c344a 0 7 {"key11756837278156": "value-7"}
2025-09-02 18:21:22,463 INFO  [io.api.tes.ser.api.KafkaSerdesTester] (ForkJoinPool.commonPool-worker-2) topic-8d14e40a_3d78_46f3_bca0_aba8871c344a 0 8 {"key11756837278156": "value-8"}
2025-09-02 18:21:22,463 INFO  [io.api.tes.ser.api.KafkaSerdesTester] (ForkJoinPool.commonPool-worker-2) topic-8d14e40a_3d78_46f3_bca0_aba8871c344a 0 9 {"key11756837278156": "value-9"}
2025-09-02 18:21:22,463 INFO  [io.api.tes.ser.api.KafkaSerdesTester] (ForkJoinPool.commonPool-worker-2) Consumed 10 messages
2025-09-02 18:21:22,470 INFO  [org.apa.kaf.cli.con.int.ConsumerRebalanceListenerInvoker] (ForkJoinPool.commonPool-worker-2) [Consumer clientId=consumer-Consumer-topic-8d14e40a_3d78_46f3_bca0_aba8871c344a-10, groupId=Consumer-topic-8d14e40a_3d78_46f3_bca0_aba8871c344a] Revoke previously assigned partitions topic-8d14e40a_3d78_46f3_bca0_aba8871c344a-0
2025-09-02 18:21:22,470 INFO  [org.apa.kaf.cli.con.int.ConsumerCoordinator] (ForkJoinPool.commonPool-worker-2) [Consumer clientId=consumer-Consumer-topic-8d14e40a_3d78_46f3_bca0_aba8871c344a-10, groupId=Consumer-topic-8d14e40a_3d78_46f3_bca0_aba8871c344a] Member consumer-Consumer-topic-8d14e40a_3d78_46f3_bca0_aba8871c344a-10-3c9a0374-d81b-4a56-9672-c546fb47a47d sending LeaveGroup request to coordinator localhost:32769 (id: 2147483647 rack: null) due to the consumer is being closed
2025-09-02 18:21:22,470 INFO  [org.apa.kaf.cli.con.int.ConsumerCoordinator] (ForkJoinPool.commonPool-worker-2) [Consumer clientId=consumer-Consumer-topic-8d14e40a_3d78_46f3_bca0_aba8871c344a-10, groupId=Consumer-topic-8d14e40a_3d78_46f3_bca0_aba8871c344a] Resetting generation and member id due to: consumer pro-actively leaving the group
2025-09-02 18:21:22,470 INFO  [org.apa.kaf.cli.con.int.ConsumerCoordinator] (ForkJoinPool.commonPool-worker-2) [Consumer clientId=consumer-Consumer-topic-8d14e40a_3d78_46f3_bca0_aba8871c344a-10, groupId=Consumer-topic-8d14e40a_3d78_46f3_bca0_aba8871c344a] Request joining group due to: consumer pro-actively leaving the group
2025-09-02 18:21:22,965 INFO  [org.apa.kaf.com.met.Metrics] (ForkJoinPool.commonPool-worker-2) Metrics scheduler closed
2025-09-02 18:21:22,965 INFO  [org.apa.kaf.com.met.Metrics] (ForkJoinPool.commonPool-worker-2) Closing reporter org.apache.kafka.common.metrics.JmxReporter
2025-09-02 18:21:22,965 INFO  [org.apa.kaf.com.met.Metrics] (ForkJoinPool.commonPool-worker-2) Closing reporter org.apache.kafka.common.telemetry.internals.ClientTelemetryReporter
2025-09-02 18:21:22,965 INFO  [org.apa.kaf.com.met.Metrics] (ForkJoinPool.commonPool-worker-2) Metrics reporters closed
2025-09-02 18:21:22,967 INFO  [org.apa.kaf.com.uti.AppInfoParser] (ForkJoinPool.commonPool-worker-2) App info kafka.consumer for consumer-Consumer-topic-8d14e40a_3d78_46f3_bca0_aba8871c344a-10 unregistered
2025-09-02 18:21:22,967 INFO  [io.api.tes.ser.api.AvroSerdeIT] (main) Registering Avro Schema 2: {"type":"record","name":"s2fa38996x2284x4e3dxa844xcf5dc0bc3f47","namespace":"ns_7fbea818_3b9a_4a2f_9801_5dc5215432e8","fields":[{"name":"key11756837278156","type":"string"},{"name":"key21756837282967","type":"string"}]}
**** Registry Base URL: http://registry-app-mysql.apps.ci419.apicurio-testing.org:80
2025-09-02 18:21:24,054 INFO  [org.apa.kaf.cli.pro.ProducerConfig] (main) ProducerConfig values: 
	acks = -1
	auto.include.jmx.reporter = true
	batch.size = 16384
	bootstrap.servers = [PLAINTEXT://localhost:32769]
	buffer.memory = 33554432
	client.dns.lookup = use_all_dns_ips
	client.id = Producer-topic-8d14e40a_3d78_46f3_bca0_aba8871c344a
	compression.gzip.level = -1
	compression.lz4.level = 9
	compression.type = none
	compression.zstd.level = 3
	connections.max.idle.ms = 10000
	delivery.timeout.ms = 120000
	enable.idempotence = true
	enable.metrics.push = true
	interceptor.classes = []
	key.serializer = class org.apache.kafka.common.serialization.StringSerializer
	linger.ms = 0
	max.block.ms = 60000
	max.in.flight.requests.per.connection = 5
	max.request.size = 1048576
	metadata.max.age.ms = 300000
	metadata.max.idle.ms = 300000
	metadata.recovery.strategy = none
	metric.reporters = []
	metrics.num.samples = 2
	metrics.recording.level = INFO
	metrics.sample.window.ms = 30000
	partitioner.adaptive.partitioning.enable = true
	partitioner.availability.timeout.ms = 0
	partitioner.class = null
	partitioner.ignore.keys = false
	receive.buffer.bytes = 32768
	reconnect.backoff.max.ms = 1000
	reconnect.backoff.ms = 50
	request.timeout.ms = 5000
	retries = 2147483647
	retry.backoff.max.ms = 1000
	retry.backoff.ms = 100
	sasl.client.callback.handler.class = null
	sasl.jaas.config = null
	sasl.kerberos.kinit.cmd = /usr/bin/kinit
	sasl.kerberos.min.time.before.relogin = 60000
	sasl.kerberos.service.name = null
	sasl.kerberos.ticket.renew.jitter = 0.05
	sasl.kerberos.ticket.renew.window.factor = 0.8
	sasl.login.callback.handler.class = null
	sasl.login.class = null
	sasl.login.connect.timeout.ms = null
	sasl.login.read.timeout.ms = null
	sasl.login.refresh.buffer.seconds = 300
	sasl.login.refresh.min.period.seconds = 60
	sasl.login.refresh.window.factor = 0.8
	sasl.login.refresh.window.jitter = 0.05
	sasl.login.retry.backoff.max.ms = 10000
	sasl.login.retry.backoff.ms = 100
	sasl.mechanism = GSSAPI
	sasl.oauthbearer.clock.skew.seconds = 30
	sasl.oauthbearer.expected.audience = null
	sasl.oauthbearer.expected.issuer = null
	sasl.oauthbearer.header.urlencode = false
	sasl.oauthbearer.jwks.endpoint.refresh.ms = 3600000
	sasl.oauthbearer.jwks.endpoint.retry.backoff.max.ms = 10000
	sasl.oauthbearer.jwks.endpoint.retry.backoff.ms = 100
	sasl.oauthbearer.jwks.endpoint.url = null
	sasl.oauthbearer.scope.claim.name = scope
	sasl.oauthbearer.sub.claim.name = sub
	sasl.oauthbearer.token.endpoint.url = null
	security.protocol = PLAINTEXT
	security.providers = null
	send.buffer.bytes = 131072
	socket.connection.setup.timeout.max.ms = 30000
	socket.connection.setup.timeout.ms = 10000
	ssl.cipher.suites = null
	ssl.enabled.protocols = [TLSv1.2, TLSv1.3]
	ssl.endpoint.identification.algorithm = https
	ssl.engine.factory.class = null
	ssl.key.password = null
	ssl.keymanager.algorithm = SunX509
	ssl.keystore.certificate.chain = null
	ssl.keystore.key = null
	ssl.keystore.location = null
	ssl.keystore.password = null
	ssl.keystore.type = JKS
	ssl.protocol = TLSv1.3
	ssl.provider = null
	ssl.secure.random.implementation = null
	ssl.trustmanager.algorithm = PKIX
	ssl.truststore.certificates = null
	ssl.truststore.location = null
	ssl.truststore.password = null
	ssl.truststore.type = JKS
	transaction.timeout.ms = 60000
	transactional.id = null
	value.serializer = class io.apicurio.registry.serde.avro.AvroKafkaSerializer

2025-09-02 18:21:24,054 INFO  [org.apa.kaf.com.tel.int.KafkaMetricsCollector] (main) initializing Kafka metrics collector
2025-09-02 18:21:24,057 INFO  [org.apa.kaf.cli.pro.KafkaProducer] (main) [Producer clientId=Producer-topic-8d14e40a_3d78_46f3_bca0_aba8871c344a] Instantiated an idempotent producer.
2025-09-02 18:21:24,063 INFO  [org.apa.kaf.cli.pro.ProducerConfig] (main) These configurations '[apicurio.registry.url, apicurio.registry.artifact-resolver-strategy]' were supplied but are not used yet.
2025-09-02 18:21:24,063 INFO  [org.apa.kaf.com.uti.AppInfoParser] (main) Kafka version: 3.9.1
2025-09-02 18:21:24,063 INFO  [org.apa.kaf.com.uti.AppInfoParser] (main) Kafka commitId: f745dfdcee2b9851
2025-09-02 18:21:24,063 INFO  [org.apa.kaf.com.uti.AppInfoParser] (main) Kafka startTimeMs: 1756837284063
2025-09-02 18:21:24,063 INFO  [io.api.tes.ser.api.KafkaSerdesTester] (ForkJoinPool.commonPool-worker-2) Sending message {"key11756837278156": "value-0", "key21756837282967": "value-0"} to topic topic-8d14e40a_3d78_46f3_bca0_aba8871c344a
2025-09-02 18:21:24,066 INFO  [org.apa.kaf.cli.Metadata] (kafka-producer-network-thread | Producer-topic-8d14e40a_3d78_46f3_bca0_aba8871c344a) [Producer clientId=Producer-topic-8d14e40a_3d78_46f3_bca0_aba8871c344a] Cluster ID: zhgBwCfeQnC1PCRKjnRbQg
2025-09-02 18:21:24,066 INFO  [org.apa.kaf.cli.pro.int.TransactionManager] (kafka-producer-network-thread | Producer-topic-8d14e40a_3d78_46f3_bca0_aba8871c344a) [Producer clientId=Producer-topic-8d14e40a_3d78_46f3_bca0_aba8871c344a] ProducerId set to 13 with epoch 0
2025-09-02 18:21:24,066 INFO  [DefaultSchemaResolver] (ForkJoinPool.commonPool-worker-2) Retrieving schema content using string: {"type":"record","name":"s2fa38996x2284x4e3dxa844xcf5dc0bc3f47","namespace":"ns_7fbea818_3b9a_4a2f_9801_5dc5215432e8","fields":[{"name":"key11756837278156","type":"string"},{"name":"key21756837282967","type":"string"}]}
2025-09-02 18:21:24,130 INFO  [io.api.tes.ser.api.KafkaSerdesTester] (ForkJoinPool.commonPool-worker-2) Sending message {"key11756837278156": "value-1", "key21756837282967": "value-1"} to topic topic-8d14e40a_3d78_46f3_bca0_aba8871c344a
2025-09-02 18:21:24,132 INFO  [io.api.tes.ser.api.KafkaSerdesTester] (ForkJoinPool.commonPool-worker-2) Sending message {"key11756837278156": "value-2", "key21756837282967": "value-2"} to topic topic-8d14e40a_3d78_46f3_bca0_aba8871c344a
2025-09-02 18:21:24,134 INFO  [io.api.tes.ser.api.KafkaSerdesTester] (ForkJoinPool.commonPool-worker-2) Sending message {"key11756837278156": "value-3", "key21756837282967": "value-3"} to topic topic-8d14e40a_3d78_46f3_bca0_aba8871c344a
2025-09-02 18:21:24,135 INFO  [io.api.tes.ser.api.KafkaSerdesTester] (ForkJoinPool.commonPool-worker-2) Sending message {"key11756837278156": "value-4", "key21756837282967": "value-4"} to topic topic-8d14e40a_3d78_46f3_bca0_aba8871c344a
2025-09-02 18:21:24,136 INFO  [io.api.tes.ser.api.KafkaSerdesTester] (ForkJoinPool.commonPool-worker-2) Sending message {"key11756837278156": "value-5", "key21756837282967": "value-5"} to topic topic-8d14e40a_3d78_46f3_bca0_aba8871c344a
2025-09-02 18:21:24,138 INFO  [io.api.tes.ser.api.KafkaSerdesTester] (ForkJoinPool.commonPool-worker-2) Sending message {"key11756837278156": "value-6", "key21756837282967": "value-6"} to topic topic-8d14e40a_3d78_46f3_bca0_aba8871c344a
2025-09-02 18:21:24,139 INFO  [io.api.tes.ser.api.KafkaSerdesTester] (ForkJoinPool.commonPool-worker-2) Sending message {"key11756837278156": "value-7", "key21756837282967": "value-7"} to topic topic-8d14e40a_3d78_46f3_bca0_aba8871c344a
2025-09-02 18:21:24,140 INFO  [io.api.tes.ser.api.KafkaSerdesTester] (ForkJoinPool.commonPool-worker-2) Sending message {"key11756837278156": "value-8", "key21756837282967": "value-8"} to topic topic-8d14e40a_3d78_46f3_bca0_aba8871c344a
2025-09-02 18:21:24,142 INFO  [io.api.tes.ser.api.KafkaSerdesTester] (ForkJoinPool.commonPool-worker-2) Sending message {"key11756837278156": "value-9", "key21756837282967": "value-9"} to topic topic-8d14e40a_3d78_46f3_bca0_aba8871c344a
2025-09-02 18:21:24,143 INFO  [io.api.tes.ser.api.KafkaSerdesTester] (ForkJoinPool.commonPool-worker-2) Produced 10 messages
2025-09-02 18:21:24,143 INFO  [org.apa.kaf.cli.pro.KafkaProducer] (ForkJoinPool.commonPool-worker-2) [Producer clientId=Producer-topic-8d14e40a_3d78_46f3_bca0_aba8871c344a] Closing the Kafka producer with timeoutMillis = 9223372036854775807 ms.
2025-09-02 18:21:24,144 INFO  [org.apa.kaf.com.met.Metrics] (ForkJoinPool.commonPool-worker-2) Metrics scheduler closed
2025-09-02 18:21:24,144 INFO  [org.apa.kaf.com.met.Metrics] (ForkJoinPool.commonPool-worker-2) Closing reporter org.apache.kafka.common.metrics.JmxReporter
2025-09-02 18:21:24,144 INFO  [org.apa.kaf.com.met.Metrics] (ForkJoinPool.commonPool-worker-2) Closing reporter org.apache.kafka.common.telemetry.internals.ClientTelemetryReporter
2025-09-02 18:21:24,144 INFO  [org.apa.kaf.com.met.Metrics] (ForkJoinPool.commonPool-worker-2) Metrics reporters closed
2025-09-02 18:21:24,145 INFO  [org.apa.kaf.com.uti.AppInfoParser] (ForkJoinPool.commonPool-worker-2) App info kafka.producer for Producer-topic-8d14e40a_3d78_46f3_bca0_aba8871c344a unregistered
**** Registry Base URL: http://registry-app-mysql.apps.ci419.apicurio-testing.org:80
2025-09-02 18:21:24,145 INFO  [org.apa.kaf.cli.pro.ProducerConfig] (main) ProducerConfig values: 
	acks = -1
	auto.include.jmx.reporter = true
	batch.size = 16384
	bootstrap.servers = [PLAINTEXT://localhost:32769]
	buffer.memory = 33554432
	client.dns.lookup = use_all_dns_ips
	client.id = Producer-topic-8d14e40a_3d78_46f3_bca0_aba8871c344a
	compression.gzip.level = -1
	compression.lz4.level = 9
	compression.type = none
	compression.zstd.level = 3
	connections.max.idle.ms = 10000
	delivery.timeout.ms = 120000
	enable.idempotence = true
	enable.metrics.push = true
	interceptor.classes = []
	key.serializer = class org.apache.kafka.common.serialization.StringSerializer
	linger.ms = 0
	max.block.ms = 60000
	max.in.flight.requests.per.connection = 5
	max.request.size = 1048576
	metadata.max.age.ms = 300000
	metadata.max.idle.ms = 300000
	metadata.recovery.strategy = none
	metric.reporters = []
	metrics.num.samples = 2
	metrics.recording.level = INFO
	metrics.sample.window.ms = 30000
	partitioner.adaptive.partitioning.enable = true
	partitioner.availability.timeout.ms = 0
	partitioner.class = null
	partitioner.ignore.keys = false
	receive.buffer.bytes = 32768
	reconnect.backoff.max.ms = 1000
	reconnect.backoff.ms = 50
	request.timeout.ms = 5000
	retries = 2147483647
	retry.backoff.max.ms = 1000
	retry.backoff.ms = 100
	sasl.client.callback.handler.class = null
	sasl.jaas.config = null
	sasl.kerberos.kinit.cmd = /usr/bin/kinit
	sasl.kerberos.min.time.before.relogin = 60000
	sasl.kerberos.service.name = null
	sasl.kerberos.ticket.renew.jitter = 0.05
	sasl.kerberos.ticket.renew.window.factor = 0.8
	sasl.login.callback.handler.class = null
	sasl.login.class = null
	sasl.login.connect.timeout.ms = null
	sasl.login.read.timeout.ms = null
	sasl.login.refresh.buffer.seconds = 300
	sasl.login.refresh.min.period.seconds = 60
	sasl.login.refresh.window.factor = 0.8
	sasl.login.refresh.window.jitter = 0.05
	sasl.login.retry.backoff.max.ms = 10000
	sasl.login.retry.backoff.ms = 100
	sasl.mechanism = GSSAPI
	sasl.oauthbearer.clock.skew.seconds = 30
	sasl.oauthbearer.expected.audience = null
	sasl.oauthbearer.expected.issuer = null
	sasl.oauthbearer.header.urlencode = false
	sasl.oauthbearer.jwks.endpoint.refresh.ms = 3600000
	sasl.oauthbearer.jwks.endpoint.retry.backoff.max.ms = 10000
	sasl.oauthbearer.jwks.endpoint.retry.backoff.ms = 100
	sasl.oauthbearer.jwks.endpoint.url = null
	sasl.oauthbearer.scope.claim.name = scope
	sasl.oauthbearer.sub.claim.name = sub
	sasl.oauthbearer.token.endpoint.url = null
	security.protocol = PLAINTEXT
	security.providers = null
	send.buffer.bytes = 131072
	socket.connection.setup.timeout.max.ms = 30000
	socket.connection.setup.timeout.ms = 10000
	ssl.cipher.suites = null
	ssl.enabled.protocols = [TLSv1.2, TLSv1.3]
	ssl.endpoint.identification.algorithm = https
	ssl.engine.factory.class = null
	ssl.key.password = null
	ssl.keymanager.algorithm = SunX509
	ssl.keystore.certificate.chain = null
	ssl.keystore.key = null
	ssl.keystore.location = null
	ssl.keystore.password = null
	ssl.keystore.type = JKS
	ssl.protocol = TLSv1.3
	ssl.provider = null
	ssl.secure.random.implementation = null
	ssl.trustmanager.algorithm = PKIX
	ssl.truststore.certificates = null
	ssl.truststore.location = null
	ssl.truststore.password = null
	ssl.truststore.type = JKS
	transaction.timeout.ms = 60000
	transactional.id = null
	value.serializer = class io.apicurio.registry.serde.avro.AvroKafkaSerializer

2025-09-02 18:21:24,145 INFO  [org.apa.kaf.com.tel.int.KafkaMetricsCollector] (main) initializing Kafka metrics collector
2025-09-02 18:21:24,149 INFO  [org.apa.kaf.cli.pro.KafkaProducer] (main) [Producer clientId=Producer-topic-8d14e40a_3d78_46f3_bca0_aba8871c344a] Instantiated an idempotent producer.
2025-09-02 18:21:24,151 INFO  [org.apa.kaf.cli.pro.ProducerConfig] (main) These configurations '[apicurio.registry.url, apicurio.registry.artifact-resolver-strategy]' were supplied but are not used yet.
2025-09-02 18:21:24,151 INFO  [org.apa.kaf.com.uti.AppInfoParser] (main) Kafka version: 3.9.1
2025-09-02 18:21:24,151 INFO  [org.apa.kaf.com.uti.AppInfoParser] (main) Kafka commitId: f745dfdcee2b9851
2025-09-02 18:21:24,151 INFO  [org.apa.kaf.com.uti.AppInfoParser] (main) Kafka startTimeMs: 1756837284151
2025-09-02 18:21:24,151 INFO  [io.api.tes.ser.api.KafkaSerdesTester] (ForkJoinPool.commonPool-worker-2) Sending message {"key11756837278156": "value-0"} to topic topic-8d14e40a_3d78_46f3_bca0_aba8871c344a
2025-09-02 18:21:24,155 INFO  [org.apa.kaf.cli.Metadata] (kafka-producer-network-thread | Producer-topic-8d14e40a_3d78_46f3_bca0_aba8871c344a) [Producer clientId=Producer-topic-8d14e40a_3d78_46f3_bca0_aba8871c344a] Cluster ID: zhgBwCfeQnC1PCRKjnRbQg
2025-09-02 18:21:24,156 INFO  [DefaultSchemaResolver] (ForkJoinPool.commonPool-worker-2) Retrieving schema content using string: {"type":"record","name":"s2fa38996x2284x4e3dxa844xcf5dc0bc3f47","namespace":"ns_7fbea818_3b9a_4a2f_9801_5dc5215432e8","fields":[{"name":"key11756837278156","type":"string"}]}
2025-09-02 18:21:24,157 INFO  [org.apa.kaf.cli.pro.int.TransactionManager] (kafka-producer-network-thread | Producer-topic-8d14e40a_3d78_46f3_bca0_aba8871c344a) [Producer clientId=Producer-topic-8d14e40a_3d78_46f3_bca0_aba8871c344a] ProducerId set to 14 with epoch 0
2025-09-02 18:21:24,214 INFO  [io.api.tes.ser.api.KafkaSerdesTester] (ForkJoinPool.commonPool-worker-2) Sending message {"key11756837278156": "value-1"} to topic topic-8d14e40a_3d78_46f3_bca0_aba8871c344a
2025-09-02 18:21:24,215 INFO  [io.api.tes.ser.api.KafkaSerdesTester] (ForkJoinPool.commonPool-worker-2) Sending message {"key11756837278156": "value-2"} to topic topic-8d14e40a_3d78_46f3_bca0_aba8871c344a
2025-09-02 18:21:24,216 INFO  [io.api.tes.ser.api.KafkaSerdesTester] (ForkJoinPool.commonPool-worker-2) Sending message {"key11756837278156": "value-3"} to topic topic-8d14e40a_3d78_46f3_bca0_aba8871c344a
2025-09-02 18:21:24,217 INFO  [io.api.tes.ser.api.KafkaSerdesTester] (ForkJoinPool.commonPool-worker-2) Sending message {"key11756837278156": "value-4"} to topic topic-8d14e40a_3d78_46f3_bca0_aba8871c344a
2025-09-02 18:21:24,218 INFO  [io.api.tes.ser.api.KafkaSerdesTester] (ForkJoinPool.commonPool-worker-2) Sending message {"key11756837278156": "value-5"} to topic topic-8d14e40a_3d78_46f3_bca0_aba8871c344a
2025-09-02 18:21:24,219 INFO  [io.api.tes.ser.api.KafkaSerdesTester] (ForkJoinPool.commonPool-worker-2) Sending message {"key11756837278156": "value-6"} to topic topic-8d14e40a_3d78_46f3_bca0_aba8871c344a
2025-09-02 18:21:24,221 INFO  [io.api.tes.ser.api.KafkaSerdesTester] (ForkJoinPool.commonPool-worker-2) Sending message {"key11756837278156": "value-7"} to topic topic-8d14e40a_3d78_46f3_bca0_aba8871c344a
2025-09-02 18:21:24,222 INFO  [io.api.tes.ser.api.KafkaSerdesTester] (ForkJoinPool.commonPool-worker-2) Sending message {"key11756837278156": "value-8"} to topic topic-8d14e40a_3d78_46f3_bca0_aba8871c344a
2025-09-02 18:21:24,224 INFO  [io.api.tes.ser.api.KafkaSerdesTester] (ForkJoinPool.commonPool-worker-2) Sending message {"key11756837278156": "value-9"} to topic topic-8d14e40a_3d78_46f3_bca0_aba8871c344a
2025-09-02 18:21:24,225 INFO  [io.api.tes.ser.api.KafkaSerdesTester] (ForkJoinPool.commonPool-worker-2) Produced 10 messages
2025-09-02 18:21:24,225 INFO  [org.apa.kaf.cli.pro.KafkaProducer] (ForkJoinPool.commonPool-worker-2) [Producer clientId=Producer-topic-8d14e40a_3d78_46f3_bca0_aba8871c344a] Closing the Kafka producer with timeoutMillis = 9223372036854775807 ms.
2025-09-02 18:21:24,228 INFO  [org.apa.kaf.com.met.Metrics] (ForkJoinPool.commonPool-worker-2) Metrics scheduler closed
2025-09-02 18:21:24,228 INFO  [org.apa.kaf.com.met.Metrics] (ForkJoinPool.commonPool-worker-2) Closing reporter org.apache.kafka.common.metrics.JmxReporter
2025-09-02 18:21:24,228 INFO  [org.apa.kaf.com.met.Metrics] (ForkJoinPool.commonPool-worker-2) Closing reporter org.apache.kafka.common.telemetry.internals.ClientTelemetryReporter
2025-09-02 18:21:24,228 INFO  [org.apa.kaf.com.met.Metrics] (ForkJoinPool.commonPool-worker-2) Metrics reporters closed
2025-09-02 18:21:24,228 INFO  [org.apa.kaf.com.uti.AppInfoParser] (ForkJoinPool.commonPool-worker-2) App info kafka.producer for Producer-topic-8d14e40a_3d78_46f3_bca0_aba8871c344a unregistered
**** Registry Base URL: http://registry-app-mysql.apps.ci419.apicurio-testing.org:80
2025-09-02 18:21:24,229 INFO  [org.apa.kaf.cli.con.ConsumerConfig] (main) ConsumerConfig values: 
	allow.auto.create.topics = true
	auto.commit.interval.ms = 500
	auto.include.jmx.reporter = true
	auto.offset.reset = earliest
	bootstrap.servers = [PLAINTEXT://localhost:32769]
	check.crcs = true
	client.dns.lookup = use_all_dns_ips
	client.id = consumer-Consumer-topic-8d14e40a_3d78_46f3_bca0_aba8871c344a-11
	client.rack = 
	connections.max.idle.ms = 10000
	default.api.timeout.ms = 60000
	enable.auto.commit = true
	enable.metrics.push = true
	exclude.internal.topics = true
	fetch.max.bytes = 52428800
	fetch.max.wait.ms = 500
	fetch.min.bytes = 1
	group.id = Consumer-topic-8d14e40a_3d78_46f3_bca0_aba8871c344a
	group.instance.id = null
	group.protocol = classic
	group.remote.assignor = null
	heartbeat.interval.ms = 3000
	interceptor.classes = []
	internal.leave.group.on.close = true
	internal.throw.on.fetch.stable.offset.unsupported = false
	isolation.level = read_uncommitted
	key.deserializer = class org.apache.kafka.common.serialization.StringDeserializer
	max.partition.fetch.bytes = 1048576
	max.poll.interval.ms = 300000
	max.poll.records = 500
	metadata.max.age.ms = 300000
	metadata.recovery.strategy = none
	metric.reporters = []
	metrics.num.samples = 2
	metrics.recording.level = INFO
	metrics.sample.window.ms = 30000
	partition.assignment.strategy = [class org.apache.kafka.clients.consumer.RangeAssignor, class org.apache.kafka.clients.consumer.CooperativeStickyAssignor]
	receive.buffer.bytes = 65536
	reconnect.backoff.max.ms = 1000
	reconnect.backoff.ms = 50
	request.timeout.ms = 5000
	retry.backoff.max.ms = 1000
	retry.backoff.ms = 100
	sasl.client.callback.handler.class = null
	sasl.jaas.config = null
	sasl.kerberos.kinit.cmd = /usr/bin/kinit
	sasl.kerberos.min.time.before.relogin = 60000
	sasl.kerberos.service.name = null
	sasl.kerberos.ticket.renew.jitter = 0.05
	sasl.kerberos.ticket.renew.window.factor = 0.8
	sasl.login.callback.handler.class = null
	sasl.login.class = null
	sasl.login.connect.timeout.ms = null
	sasl.login.read.timeout.ms = null
	sasl.login.refresh.buffer.seconds = 300
	sasl.login.refresh.min.period.seconds = 60
	sasl.login.refresh.window.factor = 0.8
	sasl.login.refresh.window.jitter = 0.05
	sasl.login.retry.backoff.max.ms = 10000
	sasl.login.retry.backoff.ms = 100
	sasl.mechanism = GSSAPI
	sasl.oauthbearer.clock.skew.seconds = 30
	sasl.oauthbearer.expected.audience = null
	sasl.oauthbearer.expected.issuer = null
	sasl.oauthbearer.header.urlencode = false
	sasl.oauthbearer.jwks.endpoint.refresh.ms = 3600000
	sasl.oauthbearer.jwks.endpoint.retry.backoff.max.ms = 10000
	sasl.oauthbearer.jwks.endpoint.retry.backoff.ms = 100
	sasl.oauthbearer.jwks.endpoint.url = null
	sasl.oauthbearer.scope.claim.name = scope
	sasl.oauthbearer.sub.claim.name = sub
	sasl.oauthbearer.token.endpoint.url = null
	security.protocol = PLAINTEXT
	security.providers = null
	send.buffer.bytes = 131072
	session.timeout.ms = 45000
	socket.connection.setup.timeout.max.ms = 30000
	socket.connection.setup.timeout.ms = 10000
	ssl.cipher.suites = null
	ssl.enabled.protocols = [TLSv1.2, TLSv1.3]
	ssl.endpoint.identification.algorithm = https
	ssl.engine.factory.class = null
	ssl.key.password = null
	ssl.keymanager.algorithm = SunX509
	ssl.keystore.certificate.chain = null
	ssl.keystore.key = null
	ssl.keystore.location = null
	ssl.keystore.password = null
	ssl.keystore.type = JKS
	ssl.protocol = TLSv1.3
	ssl.provider = null
	ssl.secure.random.implementation = null
	ssl.trustmanager.algorithm = PKIX
	ssl.truststore.certificates = null
	ssl.truststore.location = null
	ssl.truststore.password = null
	ssl.truststore.type = JKS
	value.deserializer = class io.apicurio.registry.serde.avro.AvroKafkaDeserializer

2025-09-02 18:21:24,229 INFO  [org.apa.kaf.com.tel.int.KafkaMetricsCollector] (main) initializing Kafka metrics collector
2025-09-02 18:21:24,235 INFO  [org.apa.kaf.cli.con.ConsumerConfig] (main) These configurations '[apicurio.registry.url]' were supplied but are not used yet.
2025-09-02 18:21:24,235 INFO  [org.apa.kaf.com.uti.AppInfoParser] (main) Kafka version: 3.9.1
2025-09-02 18:21:24,235 INFO  [org.apa.kaf.com.uti.AppInfoParser] (main) Kafka commitId: f745dfdcee2b9851
2025-09-02 18:21:24,235 INFO  [org.apa.kaf.com.uti.AppInfoParser] (main) Kafka startTimeMs: 1756837284235
2025-09-02 18:21:24,235 INFO  [org.apa.kaf.cli.con.int.ClassicKafkaConsumer] (ForkJoinPool.commonPool-worker-2) [Consumer clientId=consumer-Consumer-topic-8d14e40a_3d78_46f3_bca0_aba8871c344a-11, groupId=Consumer-topic-8d14e40a_3d78_46f3_bca0_aba8871c344a] Subscribed to topic(s): topic-8d14e40a_3d78_46f3_bca0_aba8871c344a
2025-09-02 18:21:24,238 INFO  [org.apa.kaf.cli.Metadata] (ForkJoinPool.commonPool-worker-2) [Consumer clientId=consumer-Consumer-topic-8d14e40a_3d78_46f3_bca0_aba8871c344a-11, groupId=Consumer-topic-8d14e40a_3d78_46f3_bca0_aba8871c344a] Cluster ID: zhgBwCfeQnC1PCRKjnRbQg
2025-09-02 18:21:24,239 INFO  [org.apa.kaf.cli.con.int.ConsumerCoordinator] (ForkJoinPool.commonPool-worker-2) [Consumer clientId=consumer-Consumer-topic-8d14e40a_3d78_46f3_bca0_aba8871c344a-11, groupId=Consumer-topic-8d14e40a_3d78_46f3_bca0_aba8871c344a] Discovered group coordinator localhost:32769 (id: 2147483647 rack: null)
2025-09-02 18:21:24,240 INFO  [org.apa.kaf.cli.con.int.ConsumerCoordinator] (ForkJoinPool.commonPool-worker-2) [Consumer clientId=consumer-Consumer-topic-8d14e40a_3d78_46f3_bca0_aba8871c344a-11, groupId=Consumer-topic-8d14e40a_3d78_46f3_bca0_aba8871c344a] (Re-)joining group
2025-09-02 18:21:24,242 INFO  [org.apa.kaf.cli.con.int.ConsumerCoordinator] (ForkJoinPool.commonPool-worker-2) [Consumer clientId=consumer-Consumer-topic-8d14e40a_3d78_46f3_bca0_aba8871c344a-11, groupId=Consumer-topic-8d14e40a_3d78_46f3_bca0_aba8871c344a] Request joining group due to: need to re-join with the given member-id: consumer-Consumer-topic-8d14e40a_3d78_46f3_bca0_aba8871c344a-11-ae9b0eb9-18c2-4274-833d-b89524629e3b
2025-09-02 18:21:24,242 INFO  [org.apa.kaf.cli.con.int.ConsumerCoordinator] (ForkJoinPool.commonPool-worker-2) [Consumer clientId=consumer-Consumer-topic-8d14e40a_3d78_46f3_bca0_aba8871c344a-11, groupId=Consumer-topic-8d14e40a_3d78_46f3_bca0_aba8871c344a] (Re-)joining group
2025-09-02 18:21:25,235 INFO  [io.api.tes.ser.api.KafkaSerdesTester] (ForkJoinPool.commonPool-worker-2) None found
2025-09-02 18:21:26,235 INFO  [io.api.tes.ser.api.KafkaSerdesTester] (ForkJoinPool.commonPool-worker-2) None found
2025-09-02 18:21:27,235 INFO  [io.api.tes.ser.api.KafkaSerdesTester] (ForkJoinPool.commonPool-worker-2) None found
2025-09-02 18:21:27,244 INFO  [org.apa.kaf.cli.con.int.ConsumerCoordinator] (ForkJoinPool.commonPool-worker-2) [Consumer clientId=consumer-Consumer-topic-8d14e40a_3d78_46f3_bca0_aba8871c344a-11, groupId=Consumer-topic-8d14e40a_3d78_46f3_bca0_aba8871c344a] Successfully joined group with generation Generation{generationId=3, memberId='consumer-Consumer-topic-8d14e40a_3d78_46f3_bca0_aba8871c344a-11-ae9b0eb9-18c2-4274-833d-b89524629e3b', protocol='range'}
2025-09-02 18:21:27,244 INFO  [org.apa.kaf.cli.con.int.ConsumerCoordinator] (ForkJoinPool.commonPool-worker-2) [Consumer clientId=consumer-Consumer-topic-8d14e40a_3d78_46f3_bca0_aba8871c344a-11, groupId=Consumer-topic-8d14e40a_3d78_46f3_bca0_aba8871c344a] Finished assignment for group at generation 3: {consumer-Consumer-topic-8d14e40a_3d78_46f3_bca0_aba8871c344a-11-ae9b0eb9-18c2-4274-833d-b89524629e3b=Assignment(partitions=[topic-8d14e40a_3d78_46f3_bca0_aba8871c344a-0])}
2025-09-02 18:21:27,251 INFO  [org.apa.kaf.cli.con.int.ConsumerCoordinator] (ForkJoinPool.commonPool-worker-2) [Consumer clientId=consumer-Consumer-topic-8d14e40a_3d78_46f3_bca0_aba8871c344a-11, groupId=Consumer-topic-8d14e40a_3d78_46f3_bca0_aba8871c344a] Successfully synced group in generation Generation{generationId=3, memberId='consumer-Consumer-topic-8d14e40a_3d78_46f3_bca0_aba8871c344a-11-ae9b0eb9-18c2-4274-833d-b89524629e3b', protocol='range'}
2025-09-02 18:21:27,251 INFO  [org.apa.kaf.cli.con.int.ConsumerCoordinator] (ForkJoinPool.commonPool-worker-2) [Consumer clientId=consumer-Consumer-topic-8d14e40a_3d78_46f3_bca0_aba8871c344a-11, groupId=Consumer-topic-8d14e40a_3d78_46f3_bca0_aba8871c344a] Notifying assignor about the new Assignment(partitions=[topic-8d14e40a_3d78_46f3_bca0_aba8871c344a-0])
2025-09-02 18:21:27,251 INFO  [org.apa.kaf.cli.con.int.ConsumerRebalanceListenerInvoker] (ForkJoinPool.commonPool-worker-2) [Consumer clientId=consumer-Consumer-topic-8d14e40a_3d78_46f3_bca0_aba8871c344a-11, groupId=Consumer-topic-8d14e40a_3d78_46f3_bca0_aba8871c344a] Adding newly assigned partitions: topic-8d14e40a_3d78_46f3_bca0_aba8871c344a-0
2025-09-02 18:21:27,252 INFO  [org.apa.kaf.cli.con.int.ConsumerUtils] (ForkJoinPool.commonPool-worker-2) Setting offset for partition topic-8d14e40a_3d78_46f3_bca0_aba8871c344a-0 to the committed offset FetchPosition{offset=10, offsetEpoch=Optional[0], currentLeader=LeaderAndEpoch{leader=Optional[localhost:32769 (id: 0 rack: null)], epoch=0}}
2025-09-02 18:21:27,411 INFO  [io.api.tes.ser.api.KafkaSerdesTester] (ForkJoinPool.commonPool-worker-2) topic-8d14e40a_3d78_46f3_bca0_aba8871c344a 0 10 {"key11756837278156": "value-0", "key21756837282967": "value-0"}
2025-09-02 18:21:27,411 INFO  [io.api.tes.ser.api.KafkaSerdesTester] (ForkJoinPool.commonPool-worker-2) topic-8d14e40a_3d78_46f3_bca0_aba8871c344a 0 11 {"key11756837278156": "value-1", "key21756837282967": "value-1"}
2025-09-02 18:21:27,411 INFO  [io.api.tes.ser.api.KafkaSerdesTester] (ForkJoinPool.commonPool-worker-2) topic-8d14e40a_3d78_46f3_bca0_aba8871c344a 0 12 {"key11756837278156": "value-2", "key21756837282967": "value-2"}
2025-09-02 18:21:27,411 INFO  [io.api.tes.ser.api.KafkaSerdesTester] (ForkJoinPool.commonPool-worker-2) topic-8d14e40a_3d78_46f3_bca0_aba8871c344a 0 13 {"key11756837278156": "value-3", "key21756837282967": "value-3"}
2025-09-02 18:21:27,411 INFO  [io.api.tes.ser.api.KafkaSerdesTester] (ForkJoinPool.commonPool-worker-2) topic-8d14e40a_3d78_46f3_bca0_aba8871c344a 0 14 {"key11756837278156": "value-4", "key21756837282967": "value-4"}
2025-09-02 18:21:27,411 INFO  [io.api.tes.ser.api.KafkaSerdesTester] (ForkJoinPool.commonPool-worker-2) topic-8d14e40a_3d78_46f3_bca0_aba8871c344a 0 15 {"key11756837278156": "value-5", "key21756837282967": "value-5"}
2025-09-02 18:21:27,411 INFO  [io.api.tes.ser.api.KafkaSerdesTester] (ForkJoinPool.commonPool-worker-2) topic-8d14e40a_3d78_46f3_bca0_aba8871c344a 0 16 {"key11756837278156": "value-6", "key21756837282967": "value-6"}
2025-09-02 18:21:27,411 INFO  [io.api.tes.ser.api.KafkaSerdesTester] (ForkJoinPool.commonPool-worker-2) topic-8d14e40a_3d78_46f3_bca0_aba8871c344a 0 17 {"key11756837278156": "value-7", "key21756837282967": "value-7"}
2025-09-02 18:21:27,411 INFO  [io.api.tes.ser.api.KafkaSerdesTester] (ForkJoinPool.commonPool-worker-2) topic-8d14e40a_3d78_46f3_bca0_aba8871c344a 0 18 {"key11756837278156": "value-8", "key21756837282967": "value-8"}
2025-09-02 18:21:27,411 INFO  [io.api.tes.ser.api.KafkaSerdesTester] (ForkJoinPool.commonPool-worker-2) topic-8d14e40a_3d78_46f3_bca0_aba8871c344a 0 19 {"key11756837278156": "value-9", "key21756837282967": "value-9"}
2025-09-02 18:21:27,411 INFO  [io.api.tes.ser.api.KafkaSerdesTester] (ForkJoinPool.commonPool-worker-2) topic-8d14e40a_3d78_46f3_bca0_aba8871c344a 0 20 {"key11756837278156": "value-0"}
2025-09-02 18:21:27,411 INFO  [io.api.tes.ser.api.KafkaSerdesTester] (ForkJoinPool.commonPool-worker-2) topic-8d14e40a_3d78_46f3_bca0_aba8871c344a 0 21 {"key11756837278156": "value-1"}
2025-09-02 18:21:27,411 INFO  [io.api.tes.ser.api.KafkaSerdesTester] (ForkJoinPool.commonPool-worker-2) topic-8d14e40a_3d78_46f3_bca0_aba8871c344a 0 22 {"key11756837278156": "value-2"}
2025-09-02 18:21:27,411 INFO  [io.api.tes.ser.api.KafkaSerdesTester] (ForkJoinPool.commonPool-worker-2) topic-8d14e40a_3d78_46f3_bca0_aba8871c344a 0 23 {"key11756837278156": "value-3"}
2025-09-02 18:21:27,411 INFO  [io.api.tes.ser.api.KafkaSerdesTester] (ForkJoinPool.commonPool-worker-2) topic-8d14e40a_3d78_46f3_bca0_aba8871c344a 0 24 {"key11756837278156": "value-4"}
2025-09-02 18:21:27,411 INFO  [io.api.tes.ser.api.KafkaSerdesTester] (ForkJoinPool.commonPool-worker-2) topic-8d14e40a_3d78_46f3_bca0_aba8871c344a 0 25 {"key11756837278156": "value-5"}
2025-09-02 18:21:27,411 INFO  [io.api.tes.ser.api.KafkaSerdesTester] (ForkJoinPool.commonPool-worker-2) topic-8d14e40a_3d78_46f3_bca0_aba8871c344a 0 26 {"key11756837278156": "value-6"}
2025-09-02 18:21:27,411 INFO  [io.api.tes.ser.api.KafkaSerdesTester] (ForkJoinPool.commonPool-worker-2) topic-8d14e40a_3d78_46f3_bca0_aba8871c344a 0 27 {"key11756837278156": "value-7"}
2025-09-02 18:21:27,411 INFO  [io.api.tes.ser.api.KafkaSerdesTester] (ForkJoinPool.commonPool-worker-2) topic-8d14e40a_3d78_46f3_bca0_aba8871c344a 0 28 {"key11756837278156": "value-8"}
2025-09-02 18:21:27,411 INFO  [io.api.tes.ser.api.KafkaSerdesTester] (ForkJoinPool.commonPool-worker-2) topic-8d14e40a_3d78_46f3_bca0_aba8871c344a 0 29 {"key11756837278156": "value-9"}
2025-09-02 18:21:27,411 INFO  [io.api.tes.ser.api.KafkaSerdesTester] (ForkJoinPool.commonPool-worker-2) Consumed 20 messages
2025-09-02 18:21:27,418 INFO  [org.apa.kaf.cli.con.int.ConsumerRebalanceListenerInvoker] (ForkJoinPool.commonPool-worker-2) [Consumer clientId=consumer-Consumer-topic-8d14e40a_3d78_46f3_bca0_aba8871c344a-11, groupId=Consumer-topic-8d14e40a_3d78_46f3_bca0_aba8871c344a] Revoke previously assigned partitions topic-8d14e40a_3d78_46f3_bca0_aba8871c344a-0
2025-09-02 18:21:27,418 INFO  [org.apa.kaf.cli.con.int.ConsumerCoordinator] (ForkJoinPool.commonPool-worker-2) [Consumer clientId=consumer-Consumer-topic-8d14e40a_3d78_46f3_bca0_aba8871c344a-11, groupId=Consumer-topic-8d14e40a_3d78_46f3_bca0_aba8871c344a] Member consumer-Consumer-topic-8d14e40a_3d78_46f3_bca0_aba8871c344a-11-ae9b0eb9-18c2-4274-833d-b89524629e3b sending LeaveGroup request to coordinator localhost:32769 (id: 2147483647 rack: null) due to the consumer is being closed
2025-09-02 18:21:27,419 INFO  [org.apa.kaf.cli.con.int.ConsumerCoordinator] (ForkJoinPool.commonPool-worker-2) [Consumer clientId=consumer-Consumer-topic-8d14e40a_3d78_46f3_bca0_aba8871c344a-11, groupId=Consumer-topic-8d14e40a_3d78_46f3_bca0_aba8871c344a] Resetting generation and member id due to: consumer pro-actively leaving the group
2025-09-02 18:21:27,419 INFO  [org.apa.kaf.cli.con.int.ConsumerCoordinator] (ForkJoinPool.commonPool-worker-2) [Consumer clientId=consumer-Consumer-topic-8d14e40a_3d78_46f3_bca0_aba8871c344a-11, groupId=Consumer-topic-8d14e40a_3d78_46f3_bca0_aba8871c344a] Request joining group due to: consumer pro-actively leaving the group
2025-09-02 18:21:27,913 INFO  [org.apa.kaf.com.met.Metrics] (ForkJoinPool.commonPool-worker-2) Metrics scheduler closed
2025-09-02 18:21:27,913 INFO  [org.apa.kaf.com.met.Metrics] (ForkJoinPool.commonPool-worker-2) Closing reporter org.apache.kafka.common.metrics.JmxReporter
2025-09-02 18:21:27,913 INFO  [org.apa.kaf.com.met.Metrics] (ForkJoinPool.commonPool-worker-2) Closing reporter org.apache.kafka.common.telemetry.internals.ClientTelemetryReporter
2025-09-02 18:21:27,913 INFO  [org.apa.kaf.com.met.Metrics] (ForkJoinPool.commonPool-worker-2) Metrics reporters closed
2025-09-02 18:21:27,915 INFO  [org.apa.kaf.com.uti.AppInfoParser] (ForkJoinPool.commonPool-worker-2) App info kafka.consumer for consumer-Consumer-topic-8d14e40a_3d78_46f3_bca0_aba8871c344a-11 unregistered
2025-09-02 18:21:27,915 INFO  [io.api.tes.ser.api.AvroSerdeIT] (main) Registering Avro Schema 3: {"type":"record","name":"s2fa38996x2284x4e3dxa844xcf5dc0bc3f47","namespace":"ns_7fbea818_3b9a_4a2f_9801_5dc5215432e8","fields":[{"name":"key11756837278156","type":"string"},{"name":"key21756837282967","type":"string"},{"name":"key31756837287915","type":"string"}]}
**** Registry Base URL: http://registry-app-mysql.apps.ci419.apicurio-testing.org:80
2025-09-02 18:21:28,999 INFO  [org.apa.kaf.cli.pro.ProducerConfig] (main) ProducerConfig values: 
	acks = -1
	auto.include.jmx.reporter = true
	batch.size = 16384
	bootstrap.servers = [PLAINTEXT://localhost:32769]
	buffer.memory = 33554432
	client.dns.lookup = use_all_dns_ips
	client.id = Producer-topic-8d14e40a_3d78_46f3_bca0_aba8871c344a
	compression.gzip.level = -1
	compression.lz4.level = 9
	compression.type = none
	compression.zstd.level = 3
	connections.max.idle.ms = 10000
	delivery.timeout.ms = 120000
	enable.idempotence = true
	enable.metrics.push = true
	interceptor.classes = []
	key.serializer = class org.apache.kafka.common.serialization.StringSerializer
	linger.ms = 0
	max.block.ms = 60000
	max.in.flight.requests.per.connection = 5
	max.request.size = 1048576
	metadata.max.age.ms = 300000
	metadata.max.idle.ms = 300000
	metadata.recovery.strategy = none
	metric.reporters = []
	metrics.num.samples = 2
	metrics.recording.level = INFO
	metrics.sample.window.ms = 30000
	partitioner.adaptive.partitioning.enable = true
	partitioner.availability.timeout.ms = 0
	partitioner.class = null
	partitioner.ignore.keys = false
	receive.buffer.bytes = 32768
	reconnect.backoff.max.ms = 1000
	reconnect.backoff.ms = 50
	request.timeout.ms = 5000
	retries = 2147483647
	retry.backoff.max.ms = 1000
	retry.backoff.ms = 100
	sasl.client.callback.handler.class = null
	sasl.jaas.config = null
	sasl.kerberos.kinit.cmd = /usr/bin/kinit
	sasl.kerberos.min.time.before.relogin = 60000
	sasl.kerberos.service.name = null
	sasl.kerberos.ticket.renew.jitter = 0.05
	sasl.kerberos.ticket.renew.window.factor = 0.8
	sasl.login.callback.handler.class = null
	sasl.login.class = null
	sasl.login.connect.timeout.ms = null
	sasl.login.read.timeout.ms = null
	sasl.login.refresh.buffer.seconds = 300
	sasl.login.refresh.min.period.seconds = 60
	sasl.login.refresh.window.factor = 0.8
	sasl.login.refresh.window.jitter = 0.05
	sasl.login.retry.backoff.max.ms = 10000
	sasl.login.retry.backoff.ms = 100
	sasl.mechanism = GSSAPI
	sasl.oauthbearer.clock.skew.seconds = 30
	sasl.oauthbearer.expected.audience = null
	sasl.oauthbearer.expected.issuer = null
	sasl.oauthbearer.header.urlencode = false
	sasl.oauthbearer.jwks.endpoint.refresh.ms = 3600000
	sasl.oauthbearer.jwks.endpoint.retry.backoff.max.ms = 10000
	sasl.oauthbearer.jwks.endpoint.retry.backoff.ms = 100
	sasl.oauthbearer.jwks.endpoint.url = null
	sasl.oauthbearer.scope.claim.name = scope
	sasl.oauthbearer.sub.claim.name = sub
	sasl.oauthbearer.token.endpoint.url = null
	security.protocol = PLAINTEXT
	security.providers = null
	send.buffer.bytes = 131072
	socket.connection.setup.timeout.max.ms = 30000
	socket.connection.setup.timeout.ms = 10000
	ssl.cipher.suites = null
	ssl.enabled.protocols = [TLSv1.2, TLSv1.3]
	ssl.endpoint.identification.algorithm = https
	ssl.engine.factory.class = null
	ssl.key.password = null
	ssl.keymanager.algorithm = SunX509
	ssl.keystore.certificate.chain = null
	ssl.keystore.key = null
	ssl.keystore.location = null
	ssl.keystore.password = null
	ssl.keystore.type = JKS
	ssl.protocol = TLSv1.3
	ssl.provider = null
	ssl.secure.random.implementation = null
	ssl.trustmanager.algorithm = PKIX
	ssl.truststore.certificates = null
	ssl.truststore.location = null
	ssl.truststore.password = null
	ssl.truststore.type = JKS
	transaction.timeout.ms = 60000
	transactional.id = null
	value.serializer = class io.apicurio.registry.serde.avro.AvroKafkaSerializer

2025-09-02 18:21:29,000 INFO  [org.apa.kaf.com.tel.int.KafkaMetricsCollector] (main) initializing Kafka metrics collector
2025-09-02 18:21:29,003 INFO  [org.apa.kaf.cli.pro.KafkaProducer] (main) [Producer clientId=Producer-topic-8d14e40a_3d78_46f3_bca0_aba8871c344a] Instantiated an idempotent producer.
2025-09-02 18:21:29,005 INFO  [org.apa.kaf.cli.pro.ProducerConfig] (main) These configurations '[apicurio.registry.url, apicurio.registry.artifact-resolver-strategy]' were supplied but are not used yet.
2025-09-02 18:21:29,005 INFO  [org.apa.kaf.com.uti.AppInfoParser] (main) Kafka version: 3.9.1
2025-09-02 18:21:29,005 INFO  [org.apa.kaf.com.uti.AppInfoParser] (main) Kafka commitId: f745dfdcee2b9851
2025-09-02 18:21:29,005 INFO  [org.apa.kaf.com.uti.AppInfoParser] (main) Kafka startTimeMs: 1756837289005
2025-09-02 18:21:29,006 INFO  [io.api.tes.ser.api.KafkaSerdesTester] (ForkJoinPool.commonPool-worker-2) Sending message {"key11756837278156": "value-0", "key21756837282967": "value-0", "key31756837287915": "value-0"} to topic topic-8d14e40a_3d78_46f3_bca0_aba8871c344a
2025-09-02 18:21:29,008 INFO  [org.apa.kaf.cli.Metadata] (kafka-producer-network-thread | Producer-topic-8d14e40a_3d78_46f3_bca0_aba8871c344a) [Producer clientId=Producer-topic-8d14e40a_3d78_46f3_bca0_aba8871c344a] Cluster ID: zhgBwCfeQnC1PCRKjnRbQg
2025-09-02 18:21:29,009 INFO  [org.apa.kaf.cli.pro.int.TransactionManager] (kafka-producer-network-thread | Producer-topic-8d14e40a_3d78_46f3_bca0_aba8871c344a) [Producer clientId=Producer-topic-8d14e40a_3d78_46f3_bca0_aba8871c344a] ProducerId set to 15 with epoch 0
2025-09-02 18:21:29,009 INFO  [DefaultSchemaResolver] (ForkJoinPool.commonPool-worker-2) Retrieving schema content using string: {"type":"record","name":"s2fa38996x2284x4e3dxa844xcf5dc0bc3f47","namespace":"ns_7fbea818_3b9a_4a2f_9801_5dc5215432e8","fields":[{"name":"key11756837278156","type":"string"},{"name":"key21756837282967","type":"string"},{"name":"key31756837287915","type":"string"}]}
2025-09-02 18:21:29,071 INFO  [io.api.tes.ser.api.KafkaSerdesTester] (ForkJoinPool.commonPool-worker-2) Sending message {"key11756837278156": "value-1", "key21756837282967": "value-1", "key31756837287915": "value-1"} to topic topic-8d14e40a_3d78_46f3_bca0_aba8871c344a
2025-09-02 18:21:29,072 INFO  [io.api.tes.ser.api.KafkaSerdesTester] (ForkJoinPool.commonPool-worker-2) Sending message {"key11756837278156": "value-2", "key21756837282967": "value-2", "key31756837287915": "value-2"} to topic topic-8d14e40a_3d78_46f3_bca0_aba8871c344a
2025-09-02 18:21:29,073 INFO  [io.api.tes.ser.api.KafkaSerdesTester] (ForkJoinPool.commonPool-worker-2) Sending message {"key11756837278156": "value-3", "key21756837282967": "value-3", "key31756837287915": "value-3"} to topic topic-8d14e40a_3d78_46f3_bca0_aba8871c344a
2025-09-02 18:21:29,074 INFO  [io.api.tes.ser.api.KafkaSerdesTester] (ForkJoinPool.commonPool-worker-2) Sending message {"key11756837278156": "value-4", "key21756837282967": "value-4", "key31756837287915": "value-4"} to topic topic-8d14e40a_3d78_46f3_bca0_aba8871c344a
2025-09-02 18:21:29,076 INFO  [io.api.tes.ser.api.KafkaSerdesTester] (ForkJoinPool.commonPool-worker-2) Sending message {"key11756837278156": "value-5", "key21756837282967": "value-5", "key31756837287915": "value-5"} to topic topic-8d14e40a_3d78_46f3_bca0_aba8871c344a
2025-09-02 18:21:29,077 INFO  [io.api.tes.ser.api.KafkaSerdesTester] (ForkJoinPool.commonPool-worker-2) Sending message {"key11756837278156": "value-6", "key21756837282967": "value-6", "key31756837287915": "value-6"} to topic topic-8d14e40a_3d78_46f3_bca0_aba8871c344a
2025-09-02 18:21:29,078 INFO  [io.api.tes.ser.api.KafkaSerdesTester] (ForkJoinPool.commonPool-worker-2) Sending message {"key11756837278156": "value-7", "key21756837282967": "value-7", "key31756837287915": "value-7"} to topic topic-8d14e40a_3d78_46f3_bca0_aba8871c344a
2025-09-02 18:21:29,079 INFO  [io.api.tes.ser.api.KafkaSerdesTester] (ForkJoinPool.commonPool-worker-2) Sending message {"key11756837278156": "value-8", "key21756837282967": "value-8", "key31756837287915": "value-8"} to topic topic-8d14e40a_3d78_46f3_bca0_aba8871c344a
2025-09-02 18:21:29,081 INFO  [io.api.tes.ser.api.KafkaSerdesTester] (ForkJoinPool.commonPool-worker-2) Sending message {"key11756837278156": "value-9", "key21756837282967": "value-9", "key31756837287915": "value-9"} to topic topic-8d14e40a_3d78_46f3_bca0_aba8871c344a
2025-09-02 18:21:29,082 INFO  [io.api.tes.ser.api.KafkaSerdesTester] (ForkJoinPool.commonPool-worker-2) Produced 10 messages
2025-09-02 18:21:29,082 INFO  [org.apa.kaf.cli.pro.KafkaProducer] (ForkJoinPool.commonPool-worker-2) [Producer clientId=Producer-topic-8d14e40a_3d78_46f3_bca0_aba8871c344a] Closing the Kafka producer with timeoutMillis = 9223372036854775807 ms.
2025-09-02 18:21:29,084 INFO  [org.apa.kaf.com.met.Metrics] (ForkJoinPool.commonPool-worker-2) Metrics scheduler closed
2025-09-02 18:21:29,084 INFO  [org.apa.kaf.com.met.Metrics] (ForkJoinPool.commonPool-worker-2) Closing reporter org.apache.kafka.common.metrics.JmxReporter
2025-09-02 18:21:29,084 INFO  [org.apa.kaf.com.met.Metrics] (ForkJoinPool.commonPool-worker-2) Closing reporter org.apache.kafka.common.telemetry.internals.ClientTelemetryReporter
2025-09-02 18:21:29,084 INFO  [org.apa.kaf.com.met.Metrics] (ForkJoinPool.commonPool-worker-2) Metrics reporters closed
2025-09-02 18:21:29,084 INFO  [org.apa.kaf.com.uti.AppInfoParser] (ForkJoinPool.commonPool-worker-2) App info kafka.producer for Producer-topic-8d14e40a_3d78_46f3_bca0_aba8871c344a unregistered
**** Registry Base URL: http://registry-app-mysql.apps.ci419.apicurio-testing.org:80
2025-09-02 18:21:29,085 INFO  [org.apa.kaf.cli.pro.ProducerConfig] (main) ProducerConfig values: 
	acks = -1
	auto.include.jmx.reporter = true
	batch.size = 16384
	bootstrap.servers = [PLAINTEXT://localhost:32769]
	buffer.memory = 33554432
	client.dns.lookup = use_all_dns_ips
	client.id = Producer-topic-8d14e40a_3d78_46f3_bca0_aba8871c344a
	compression.gzip.level = -1
	compression.lz4.level = 9
	compression.type = none
	compression.zstd.level = 3
	connections.max.idle.ms = 10000
	delivery.timeout.ms = 120000
	enable.idempotence = true
	enable.metrics.push = true
	interceptor.classes = []
	key.serializer = class org.apache.kafka.common.serialization.StringSerializer
	linger.ms = 0
	max.block.ms = 60000
	max.in.flight.requests.per.connection = 5
	max.request.size = 1048576
	metadata.max.age.ms = 300000
	metadata.max.idle.ms = 300000
	metadata.recovery.strategy = none
	metric.reporters = []
	metrics.num.samples = 2
	metrics.recording.level = INFO
	metrics.sample.window.ms = 30000
	partitioner.adaptive.partitioning.enable = true
	partitioner.availability.timeout.ms = 0
	partitioner.class = null
	partitioner.ignore.keys = false
	receive.buffer.bytes = 32768
	reconnect.backoff.max.ms = 1000
	reconnect.backoff.ms = 50
	request.timeout.ms = 5000
	retries = 2147483647
	retry.backoff.max.ms = 1000
	retry.backoff.ms = 100
	sasl.client.callback.handler.class = null
	sasl.jaas.config = null
	sasl.kerberos.kinit.cmd = /usr/bin/kinit
	sasl.kerberos.min.time.before.relogin = 60000
	sasl.kerberos.service.name = null
	sasl.kerberos.ticket.renew.jitter = 0.05
	sasl.kerberos.ticket.renew.window.factor = 0.8
	sasl.login.callback.handler.class = null
	sasl.login.class = null
	sasl.login.connect.timeout.ms = null
	sasl.login.read.timeout.ms = null
	sasl.login.refresh.buffer.seconds = 300
	sasl.login.refresh.min.period.seconds = 60
	sasl.login.refresh.window.factor = 0.8
	sasl.login.refresh.window.jitter = 0.05
	sasl.login.retry.backoff.max.ms = 10000
	sasl.login.retry.backoff.ms = 100
	sasl.mechanism = GSSAPI
	sasl.oauthbearer.clock.skew.seconds = 30
	sasl.oauthbearer.expected.audience = null
	sasl.oauthbearer.expected.issuer = null
	sasl.oauthbearer.header.urlencode = false
	sasl.oauthbearer.jwks.endpoint.refresh.ms = 3600000
	sasl.oauthbearer.jwks.endpoint.retry.backoff.max.ms = 10000
	sasl.oauthbearer.jwks.endpoint.retry.backoff.ms = 100
	sasl.oauthbearer.jwks.endpoint.url = null
	sasl.oauthbearer.scope.claim.name = scope
	sasl.oauthbearer.sub.claim.name = sub
	sasl.oauthbearer.token.endpoint.url = null
	security.protocol = PLAINTEXT
	security.providers = null
	send.buffer.bytes = 131072
	socket.connection.setup.timeout.max.ms = 30000
	socket.connection.setup.timeout.ms = 10000
	ssl.cipher.suites = null
	ssl.enabled.protocols = [TLSv1.2, TLSv1.3]
	ssl.endpoint.identification.algorithm = https
	ssl.engine.factory.class = null
	ssl.key.password = null
	ssl.keymanager.algorithm = SunX509
	ssl.keystore.certificate.chain = null
	ssl.keystore.key = null
	ssl.keystore.location = null
	ssl.keystore.password = null
	ssl.keystore.type = JKS
	ssl.protocol = TLSv1.3
	ssl.provider = null
	ssl.secure.random.implementation = null
	ssl.trustmanager.algorithm = PKIX
	ssl.truststore.certificates = null
	ssl.truststore.location = null
	ssl.truststore.password = null
	ssl.truststore.type = JKS
	transaction.timeout.ms = 60000
	transactional.id = null
	value.serializer = class io.apicurio.registry.serde.avro.AvroKafkaSerializer

2025-09-02 18:21:29,085 INFO  [org.apa.kaf.com.tel.int.KafkaMetricsCollector] (main) initializing Kafka metrics collector
2025-09-02 18:21:29,088 INFO  [org.apa.kaf.cli.pro.KafkaProducer] (main) [Producer clientId=Producer-topic-8d14e40a_3d78_46f3_bca0_aba8871c344a] Instantiated an idempotent producer.
2025-09-02 18:21:29,091 INFO  [org.apa.kaf.cli.pro.ProducerConfig] (main) These configurations '[apicurio.registry.url, apicurio.registry.artifact-resolver-strategy]' were supplied but are not used yet.
2025-09-02 18:21:29,091 INFO  [org.apa.kaf.com.uti.AppInfoParser] (main) Kafka version: 3.9.1
2025-09-02 18:21:29,091 INFO  [org.apa.kaf.com.uti.AppInfoParser] (main) Kafka commitId: f745dfdcee2b9851
2025-09-02 18:21:29,091 INFO  [org.apa.kaf.com.uti.AppInfoParser] (main) Kafka startTimeMs: 1756837289091
2025-09-02 18:21:29,091 INFO  [io.api.tes.ser.api.KafkaSerdesTester] (ForkJoinPool.commonPool-worker-2) Sending message {"key11756837278156": "value-0", "key21756837282967": "value-0"} to topic topic-8d14e40a_3d78_46f3_bca0_aba8871c344a
2025-09-02 18:21:29,108 INFO  [org.apa.kaf.cli.Metadata] (kafka-producer-network-thread | Producer-topic-8d14e40a_3d78_46f3_bca0_aba8871c344a) [Producer clientId=Producer-topic-8d14e40a_3d78_46f3_bca0_aba8871c344a] Cluster ID: zhgBwCfeQnC1PCRKjnRbQg
2025-09-02 18:21:29,108 INFO  [org.apa.kaf.cli.pro.int.TransactionManager] (kafka-producer-network-thread | Producer-topic-8d14e40a_3d78_46f3_bca0_aba8871c344a) [Producer clientId=Producer-topic-8d14e40a_3d78_46f3_bca0_aba8871c344a] ProducerId set to 16 with epoch 0
2025-09-02 18:21:29,108 INFO  [DefaultSchemaResolver] (ForkJoinPool.commonPool-worker-2) Retrieving schema content using string: {"type":"record","name":"s2fa38996x2284x4e3dxa844xcf5dc0bc3f47","namespace":"ns_7fbea818_3b9a_4a2f_9801_5dc5215432e8","fields":[{"name":"key11756837278156","type":"string"},{"name":"key21756837282967","type":"string"}]}
2025-09-02 18:21:29,184 INFO  [io.api.tes.ser.api.KafkaSerdesTester] (ForkJoinPool.commonPool-worker-2) Sending message {"key11756837278156": "value-1", "key21756837282967": "value-1"} to topic topic-8d14e40a_3d78_46f3_bca0_aba8871c344a
2025-09-02 18:21:29,186 INFO  [io.api.tes.ser.api.KafkaSerdesTester] (ForkJoinPool.commonPool-worker-2) Sending message {"key11756837278156": "value-2", "key21756837282967": "value-2"} to topic topic-8d14e40a_3d78_46f3_bca0_aba8871c344a
2025-09-02 18:21:29,187 INFO  [io.api.tes.ser.api.KafkaSerdesTester] (ForkJoinPool.commonPool-worker-2) Sending message {"key11756837278156": "value-3", "key21756837282967": "value-3"} to topic topic-8d14e40a_3d78_46f3_bca0_aba8871c344a
2025-09-02 18:21:29,188 INFO  [io.api.tes.ser.api.KafkaSerdesTester] (ForkJoinPool.commonPool-worker-2) Sending message {"key11756837278156": "value-4", "key21756837282967": "value-4"} to topic topic-8d14e40a_3d78_46f3_bca0_aba8871c344a
2025-09-02 18:21:29,190 INFO  [io.api.tes.ser.api.KafkaSerdesTester] (ForkJoinPool.commonPool-worker-2) Sending message {"key11756837278156": "value-5", "key21756837282967": "value-5"} to topic topic-8d14e40a_3d78_46f3_bca0_aba8871c344a
2025-09-02 18:21:29,191 INFO  [io.api.tes.ser.api.KafkaSerdesTester] (ForkJoinPool.commonPool-worker-2) Sending message {"key11756837278156": "value-6", "key21756837282967": "value-6"} to topic topic-8d14e40a_3d78_46f3_bca0_aba8871c344a
2025-09-02 18:21:29,192 INFO  [io.api.tes.ser.api.KafkaSerdesTester] (ForkJoinPool.commonPool-worker-2) Sending message {"key11756837278156": "value-7", "key21756837282967": "value-7"} to topic topic-8d14e40a_3d78_46f3_bca0_aba8871c344a
2025-09-02 18:21:29,194 INFO  [io.api.tes.ser.api.KafkaSerdesTester] (ForkJoinPool.commonPool-worker-2) Sending message {"key11756837278156": "value-8", "key21756837282967": "value-8"} to topic topic-8d14e40a_3d78_46f3_bca0_aba8871c344a
2025-09-02 18:21:29,195 INFO  [io.api.tes.ser.api.KafkaSerdesTester] (ForkJoinPool.commonPool-worker-2) Sending message {"key11756837278156": "value-9", "key21756837282967": "value-9"} to topic topic-8d14e40a_3d78_46f3_bca0_aba8871c344a
2025-09-02 18:21:29,196 INFO  [io.api.tes.ser.api.KafkaSerdesTester] (ForkJoinPool.commonPool-worker-2) Produced 10 messages
2025-09-02 18:21:29,196 INFO  [org.apa.kaf.cli.pro.KafkaProducer] (ForkJoinPool.commonPool-worker-2) [Producer clientId=Producer-topic-8d14e40a_3d78_46f3_bca0_aba8871c344a] Closing the Kafka producer with timeoutMillis = 9223372036854775807 ms.
2025-09-02 18:21:29,198 INFO  [org.apa.kaf.com.met.Metrics] (ForkJoinPool.commonPool-worker-2) Metrics scheduler closed
2025-09-02 18:21:29,198 INFO  [org.apa.kaf.com.met.Metrics] (ForkJoinPool.commonPool-worker-2) Closing reporter org.apache.kafka.common.metrics.JmxReporter
2025-09-02 18:21:29,198 INFO  [org.apa.kaf.com.met.Metrics] (ForkJoinPool.commonPool-worker-2) Closing reporter org.apache.kafka.common.telemetry.internals.ClientTelemetryReporter
2025-09-02 18:21:29,198 INFO  [org.apa.kaf.com.met.Metrics] (ForkJoinPool.commonPool-worker-2) Metrics reporters closed
2025-09-02 18:21:29,199 INFO  [org.apa.kaf.com.uti.AppInfoParser] (ForkJoinPool.commonPool-worker-2) App info kafka.producer for Producer-topic-8d14e40a_3d78_46f3_bca0_aba8871c344a unregistered
**** Registry Base URL: http://registry-app-mysql.apps.ci419.apicurio-testing.org:80
2025-09-02 18:21:29,199 INFO  [org.apa.kaf.cli.pro.ProducerConfig] (main) ProducerConfig values: 
	acks = -1
	auto.include.jmx.reporter = true
	batch.size = 16384
	bootstrap.servers = [PLAINTEXT://localhost:32769]
	buffer.memory = 33554432
	client.dns.lookup = use_all_dns_ips
	client.id = Producer-topic-8d14e40a_3d78_46f3_bca0_aba8871c344a
	compression.gzip.level = -1
	compression.lz4.level = 9
	compression.type = none
	compression.zstd.level = 3
	connections.max.idle.ms = 10000
	delivery.timeout.ms = 120000
	enable.idempotence = true
	enable.metrics.push = true
	interceptor.classes = []
	key.serializer = class org.apache.kafka.common.serialization.StringSerializer
	linger.ms = 0
	max.block.ms = 60000
	max.in.flight.requests.per.connection = 5
	max.request.size = 1048576
	metadata.max.age.ms = 300000
	metadata.max.idle.ms = 300000
	metadata.recovery.strategy = none
	metric.reporters = []
	metrics.num.samples = 2
	metrics.recording.level = INFO
	metrics.sample.window.ms = 30000
	partitioner.adaptive.partitioning.enable = true
	partitioner.availability.timeout.ms = 0
	partitioner.class = null
	partitioner.ignore.keys = false
	receive.buffer.bytes = 32768
	reconnect.backoff.max.ms = 1000
	reconnect.backoff.ms = 50
	request.timeout.ms = 5000
	retries = 2147483647
	retry.backoff.max.ms = 1000
	retry.backoff.ms = 100
	sasl.client.callback.handler.class = null
	sasl.jaas.config = null
	sasl.kerberos.kinit.cmd = /usr/bin/kinit
	sasl.kerberos.min.time.before.relogin = 60000
	sasl.kerberos.service.name = null
	sasl.kerberos.ticket.renew.jitter = 0.05
	sasl.kerberos.ticket.renew.window.factor = 0.8
	sasl.login.callback.handler.class = null
	sasl.login.class = null
	sasl.login.connect.timeout.ms = null
	sasl.login.read.timeout.ms = null
	sasl.login.refresh.buffer.seconds = 300
	sasl.login.refresh.min.period.seconds = 60
	sasl.login.refresh.window.factor = 0.8
	sasl.login.refresh.window.jitter = 0.05
	sasl.login.retry.backoff.max.ms = 10000
	sasl.login.retry.backoff.ms = 100
	sasl.mechanism = GSSAPI
	sasl.oauthbearer.clock.skew.seconds = 30
	sasl.oauthbearer.expected.audience = null
	sasl.oauthbearer.expected.issuer = null
	sasl.oauthbearer.header.urlencode = false
	sasl.oauthbearer.jwks.endpoint.refresh.ms = 3600000
	sasl.oauthbearer.jwks.endpoint.retry.backoff.max.ms = 10000
	sasl.oauthbearer.jwks.endpoint.retry.backoff.ms = 100
	sasl.oauthbearer.jwks.endpoint.url = null
	sasl.oauthbearer.scope.claim.name = scope
	sasl.oauthbearer.sub.claim.name = sub
	sasl.oauthbearer.token.endpoint.url = null
	security.protocol = PLAINTEXT
	security.providers = null
	send.buffer.bytes = 131072
	socket.connection.setup.timeout.max.ms = 30000
	socket.connection.setup.timeout.ms = 10000
	ssl.cipher.suites = null
	ssl.enabled.protocols = [TLSv1.2, TLSv1.3]
	ssl.endpoint.identification.algorithm = https
	ssl.engine.factory.class = null
	ssl.key.password = null
	ssl.keymanager.algorithm = SunX509
	ssl.keystore.certificate.chain = null
	ssl.keystore.key = null
	ssl.keystore.location = null
	ssl.keystore.password = null
	ssl.keystore.type = JKS
	ssl.protocol = TLSv1.3
	ssl.provider = null
	ssl.secure.random.implementation = null
	ssl.trustmanager.algorithm = PKIX
	ssl.truststore.certificates = null
	ssl.truststore.location = null
	ssl.truststore.password = null
	ssl.truststore.type = JKS
	transaction.timeout.ms = 60000
	transactional.id = null
	value.serializer = class io.apicurio.registry.serde.avro.AvroKafkaSerializer

2025-09-02 18:21:29,200 INFO  [org.apa.kaf.com.tel.int.KafkaMetricsCollector] (main) initializing Kafka metrics collector
2025-09-02 18:21:29,203 INFO  [org.apa.kaf.cli.pro.KafkaProducer] (main) [Producer clientId=Producer-topic-8d14e40a_3d78_46f3_bca0_aba8871c344a] Instantiated an idempotent producer.
2025-09-02 18:21:29,205 INFO  [org.apa.kaf.cli.pro.ProducerConfig] (main) These configurations '[apicurio.registry.url, apicurio.registry.artifact-resolver-strategy]' were supplied but are not used yet.
2025-09-02 18:21:29,205 INFO  [org.apa.kaf.com.uti.AppInfoParser] (main) Kafka version: 3.9.1
2025-09-02 18:21:29,205 INFO  [org.apa.kaf.com.uti.AppInfoParser] (main) Kafka commitId: f745dfdcee2b9851
2025-09-02 18:21:29,205 INFO  [org.apa.kaf.com.uti.AppInfoParser] (main) Kafka startTimeMs: 1756837289205
2025-09-02 18:21:29,206 INFO  [io.api.tes.ser.api.KafkaSerdesTester] (ForkJoinPool.commonPool-worker-2) Sending message {"key11756837278156": "value-0"} to topic topic-8d14e40a_3d78_46f3_bca0_aba8871c344a
2025-09-02 18:21:29,210 INFO  [org.apa.kaf.cli.Metadata] (kafka-producer-network-thread | Producer-topic-8d14e40a_3d78_46f3_bca0_aba8871c344a) [Producer clientId=Producer-topic-8d14e40a_3d78_46f3_bca0_aba8871c344a] Cluster ID: zhgBwCfeQnC1PCRKjnRbQg
2025-09-02 18:21:29,210 INFO  [org.apa.kaf.cli.pro.int.TransactionManager] (kafka-producer-network-thread | Producer-topic-8d14e40a_3d78_46f3_bca0_aba8871c344a) [Producer clientId=Producer-topic-8d14e40a_3d78_46f3_bca0_aba8871c344a] ProducerId set to 17 with epoch 0
2025-09-02 18:21:29,210 INFO  [DefaultSchemaResolver] (ForkJoinPool.commonPool-worker-2) Retrieving schema content using string: {"type":"record","name":"s2fa38996x2284x4e3dxa844xcf5dc0bc3f47","namespace":"ns_7fbea818_3b9a_4a2f_9801_5dc5215432e8","fields":[{"name":"key11756837278156","type":"string"}]}
2025-09-02 18:21:29,274 INFO  [io.api.tes.ser.api.KafkaSerdesTester] (ForkJoinPool.commonPool-worker-2) Sending message {"key11756837278156": "value-1"} to topic topic-8d14e40a_3d78_46f3_bca0_aba8871c344a
2025-09-02 18:21:29,275 INFO  [io.api.tes.ser.api.KafkaSerdesTester] (ForkJoinPool.commonPool-worker-2) Sending message {"key11756837278156": "value-2"} to topic topic-8d14e40a_3d78_46f3_bca0_aba8871c344a
2025-09-02 18:21:29,277 INFO  [io.api.tes.ser.api.KafkaSerdesTester] (ForkJoinPool.commonPool-worker-2) Sending message {"key11756837278156": "value-3"} to topic topic-8d14e40a_3d78_46f3_bca0_aba8871c344a
2025-09-02 18:21:29,278 INFO  [io.api.tes.ser.api.KafkaSerdesTester] (ForkJoinPool.commonPool-worker-2) Sending message {"key11756837278156": "value-4"} to topic topic-8d14e40a_3d78_46f3_bca0_aba8871c344a
2025-09-02 18:21:29,279 INFO  [io.api.tes.ser.api.KafkaSerdesTester] (ForkJoinPool.commonPool-worker-2) Sending message {"key11756837278156": "value-5"} to topic topic-8d14e40a_3d78_46f3_bca0_aba8871c344a
2025-09-02 18:21:29,280 INFO  [io.api.tes.ser.api.KafkaSerdesTester] (ForkJoinPool.commonPool-worker-2) Sending message {"key11756837278156": "value-6"} to topic topic-8d14e40a_3d78_46f3_bca0_aba8871c344a
2025-09-02 18:21:29,281 INFO  [io.api.tes.ser.api.KafkaSerdesTester] (ForkJoinPool.commonPool-worker-2) Sending message {"key11756837278156": "value-7"} to topic topic-8d14e40a_3d78_46f3_bca0_aba8871c344a
2025-09-02 18:21:29,282 INFO  [io.api.tes.ser.api.KafkaSerdesTester] (ForkJoinPool.commonPool-worker-2) Sending message {"key11756837278156": "value-8"} to topic topic-8d14e40a_3d78_46f3_bca0_aba8871c344a
2025-09-02 18:21:29,283 INFO  [io.api.tes.ser.api.KafkaSerdesTester] (ForkJoinPool.commonPool-worker-2) Sending message {"key11756837278156": "value-9"} to topic topic-8d14e40a_3d78_46f3_bca0_aba8871c344a
2025-09-02 18:21:29,284 INFO  [io.api.tes.ser.api.KafkaSerdesTester] (ForkJoinPool.commonPool-worker-2) Produced 10 messages
2025-09-02 18:21:29,284 INFO  [org.apa.kaf.cli.pro.KafkaProducer] (ForkJoinPool.commonPool-worker-2) [Producer clientId=Producer-topic-8d14e40a_3d78_46f3_bca0_aba8871c344a] Closing the Kafka producer with timeoutMillis = 9223372036854775807 ms.
2025-09-02 18:21:29,286 INFO  [org.apa.kaf.com.met.Metrics] (ForkJoinPool.commonPool-worker-2) Metrics scheduler closed
2025-09-02 18:21:29,286 INFO  [org.apa.kaf.com.met.Metrics] (ForkJoinPool.commonPool-worker-2) Closing reporter org.apache.kafka.common.metrics.JmxReporter
2025-09-02 18:21:29,286 INFO  [org.apa.kaf.com.met.Metrics] (ForkJoinPool.commonPool-worker-2) Closing reporter org.apache.kafka.common.telemetry.internals.ClientTelemetryReporter
2025-09-02 18:21:29,286 INFO  [org.apa.kaf.com.met.Metrics] (ForkJoinPool.commonPool-worker-2) Metrics reporters closed
2025-09-02 18:21:29,286 INFO  [org.apa.kaf.com.uti.AppInfoParser] (ForkJoinPool.commonPool-worker-2) App info kafka.producer for Producer-topic-8d14e40a_3d78_46f3_bca0_aba8871c344a unregistered
**** Registry Base URL: http://registry-app-mysql.apps.ci419.apicurio-testing.org:80
2025-09-02 18:21:29,286 INFO  [org.apa.kaf.cli.con.ConsumerConfig] (main) ConsumerConfig values: 
	allow.auto.create.topics = true
	auto.commit.interval.ms = 500
	auto.include.jmx.reporter = true
	auto.offset.reset = earliest
	bootstrap.servers = [PLAINTEXT://localhost:32769]
	check.crcs = true
	client.dns.lookup = use_all_dns_ips
	client.id = consumer-Consumer-topic-8d14e40a_3d78_46f3_bca0_aba8871c344a-12
	client.rack = 
	connections.max.idle.ms = 10000
	default.api.timeout.ms = 60000
	enable.auto.commit = true
	enable.metrics.push = true
	exclude.internal.topics = true
	fetch.max.bytes = 52428800
	fetch.max.wait.ms = 500
	fetch.min.bytes = 1
	group.id = Consumer-topic-8d14e40a_3d78_46f3_bca0_aba8871c344a
	group.instance.id = null
	group.protocol = classic
	group.remote.assignor = null
	heartbeat.interval.ms = 3000
	interceptor.classes = []
	internal.leave.group.on.close = true
	internal.throw.on.fetch.stable.offset.unsupported = false
	isolation.level = read_uncommitted
	key.deserializer = class org.apache.kafka.common.serialization.StringDeserializer
	max.partition.fetch.bytes = 1048576
	max.poll.interval.ms = 300000
	max.poll.records = 500
	metadata.max.age.ms = 300000
	metadata.recovery.strategy = none
	metric.reporters = []
	metrics.num.samples = 2
	metrics.recording.level = INFO
	metrics.sample.window.ms = 30000
	partition.assignment.strategy = [class org.apache.kafka.clients.consumer.RangeAssignor, class org.apache.kafka.clients.consumer.CooperativeStickyAssignor]
	receive.buffer.bytes = 65536
	reconnect.backoff.max.ms = 1000
	reconnect.backoff.ms = 50
	request.timeout.ms = 5000
	retry.backoff.max.ms = 1000
	retry.backoff.ms = 100
	sasl.client.callback.handler.class = null
	sasl.jaas.config = null
	sasl.kerberos.kinit.cmd = /usr/bin/kinit
	sasl.kerberos.min.time.before.relogin = 60000
	sasl.kerberos.service.name = null
	sasl.kerberos.ticket.renew.jitter = 0.05
	sasl.kerberos.ticket.renew.window.factor = 0.8
	sasl.login.callback.handler.class = null
	sasl.login.class = null
	sasl.login.connect.timeout.ms = null
	sasl.login.read.timeout.ms = null
	sasl.login.refresh.buffer.seconds = 300
	sasl.login.refresh.min.period.seconds = 60
	sasl.login.refresh.window.factor = 0.8
	sasl.login.refresh.window.jitter = 0.05
	sasl.login.retry.backoff.max.ms = 10000
	sasl.login.retry.backoff.ms = 100
	sasl.mechanism = GSSAPI
	sasl.oauthbearer.clock.skew.seconds = 30
	sasl.oauthbearer.expected.audience = null
	sasl.oauthbearer.expected.issuer = null
	sasl.oauthbearer.header.urlencode = false
	sasl.oauthbearer.jwks.endpoint.refresh.ms = 3600000
	sasl.oauthbearer.jwks.endpoint.retry.backoff.max.ms = 10000
	sasl.oauthbearer.jwks.endpoint.retry.backoff.ms = 100
	sasl.oauthbearer.jwks.endpoint.url = null
	sasl.oauthbearer.scope.claim.name = scope
	sasl.oauthbearer.sub.claim.name = sub
	sasl.oauthbearer.token.endpoint.url = null
	security.protocol = PLAINTEXT
	security.providers = null
	send.buffer.bytes = 131072
	session.timeout.ms = 45000
	socket.connection.setup.timeout.max.ms = 30000
	socket.connection.setup.timeout.ms = 10000
	ssl.cipher.suites = null
	ssl.enabled.protocols = [TLSv1.2, TLSv1.3]
	ssl.endpoint.identification.algorithm = https
	ssl.engine.factory.class = null
	ssl.key.password = null
	ssl.keymanager.algorithm = SunX509
	ssl.keystore.certificate.chain = null
	ssl.keystore.key = null
	ssl.keystore.location = null
	ssl.keystore.password = null
	ssl.keystore.type = JKS
	ssl.protocol = TLSv1.3
	ssl.provider = null
	ssl.secure.random.implementation = null
	ssl.trustmanager.algorithm = PKIX
	ssl.truststore.certificates = null
	ssl.truststore.location = null
	ssl.truststore.password = null
	ssl.truststore.type = JKS
	value.deserializer = class io.apicurio.registry.serde.avro.AvroKafkaDeserializer

2025-09-02 18:21:29,287 INFO  [org.apa.kaf.com.tel.int.KafkaMetricsCollector] (main) initializing Kafka metrics collector
2025-09-02 18:21:29,291 INFO  [org.apa.kaf.cli.con.ConsumerConfig] (main) These configurations '[apicurio.registry.url]' were supplied but are not used yet.
2025-09-02 18:21:29,291 INFO  [org.apa.kaf.com.uti.AppInfoParser] (main) Kafka version: 3.9.1
2025-09-02 18:21:29,291 INFO  [org.apa.kaf.com.uti.AppInfoParser] (main) Kafka commitId: f745dfdcee2b9851
2025-09-02 18:21:29,291 INFO  [org.apa.kaf.com.uti.AppInfoParser] (main) Kafka startTimeMs: 1756837289291
2025-09-02 18:21:29,291 INFO  [org.apa.kaf.cli.con.int.ClassicKafkaConsumer] (ForkJoinPool.commonPool-worker-2) [Consumer clientId=consumer-Consumer-topic-8d14e40a_3d78_46f3_bca0_aba8871c344a-12, groupId=Consumer-topic-8d14e40a_3d78_46f3_bca0_aba8871c344a] Subscribed to topic(s): topic-8d14e40a_3d78_46f3_bca0_aba8871c344a
2025-09-02 18:21:29,294 INFO  [org.apa.kaf.cli.Metadata] (ForkJoinPool.commonPool-worker-2) [Consumer clientId=consumer-Consumer-topic-8d14e40a_3d78_46f3_bca0_aba8871c344a-12, groupId=Consumer-topic-8d14e40a_3d78_46f3_bca0_aba8871c344a] Cluster ID: zhgBwCfeQnC1PCRKjnRbQg
2025-09-02 18:21:29,294 INFO  [org.apa.kaf.cli.con.int.ConsumerCoordinator] (ForkJoinPool.commonPool-worker-2) [Consumer clientId=consumer-Consumer-topic-8d14e40a_3d78_46f3_bca0_aba8871c344a-12, groupId=Consumer-topic-8d14e40a_3d78_46f3_bca0_aba8871c344a] Discovered group coordinator localhost:32769 (id: 2147483647 rack: null)
2025-09-02 18:21:29,295 INFO  [org.apa.kaf.cli.con.int.ConsumerCoordinator] (ForkJoinPool.commonPool-worker-2) [Consumer clientId=consumer-Consumer-topic-8d14e40a_3d78_46f3_bca0_aba8871c344a-12, groupId=Consumer-topic-8d14e40a_3d78_46f3_bca0_aba8871c344a] (Re-)joining group
2025-09-02 18:21:29,296 INFO  [org.apa.kaf.cli.con.int.ConsumerCoordinator] (ForkJoinPool.commonPool-worker-2) [Consumer clientId=consumer-Consumer-topic-8d14e40a_3d78_46f3_bca0_aba8871c344a-12, groupId=Consumer-topic-8d14e40a_3d78_46f3_bca0_aba8871c344a] Request joining group due to: need to re-join with the given member-id: consumer-Consumer-topic-8d14e40a_3d78_46f3_bca0_aba8871c344a-12-77dc5e30-10a3-48d0-bc1d-ad977ecb6ac6
2025-09-02 18:21:29,297 INFO  [org.apa.kaf.cli.con.int.ConsumerCoordinator] (ForkJoinPool.commonPool-worker-2) [Consumer clientId=consumer-Consumer-topic-8d14e40a_3d78_46f3_bca0_aba8871c344a-12, groupId=Consumer-topic-8d14e40a_3d78_46f3_bca0_aba8871c344a] (Re-)joining group
2025-09-02 18:21:30,292 INFO  [io.api.tes.ser.api.KafkaSerdesTester] (ForkJoinPool.commonPool-worker-2) None found
2025-09-02 18:21:31,292 INFO  [io.api.tes.ser.api.KafkaSerdesTester] (ForkJoinPool.commonPool-worker-2) None found
2025-09-02 18:21:32,293 INFO  [io.api.tes.ser.api.KafkaSerdesTester] (ForkJoinPool.commonPool-worker-2) None found
2025-09-02 18:21:32,298 INFO  [org.apa.kaf.cli.con.int.ConsumerCoordinator] (ForkJoinPool.commonPool-worker-2) [Consumer clientId=consumer-Consumer-topic-8d14e40a_3d78_46f3_bca0_aba8871c344a-12, groupId=Consumer-topic-8d14e40a_3d78_46f3_bca0_aba8871c344a] Successfully joined group with generation Generation{generationId=5, memberId='consumer-Consumer-topic-8d14e40a_3d78_46f3_bca0_aba8871c344a-12-77dc5e30-10a3-48d0-bc1d-ad977ecb6ac6', protocol='range'}
2025-09-02 18:21:32,298 INFO  [org.apa.kaf.cli.con.int.ConsumerCoordinator] (ForkJoinPool.commonPool-worker-2) [Consumer clientId=consumer-Consumer-topic-8d14e40a_3d78_46f3_bca0_aba8871c344a-12, groupId=Consumer-topic-8d14e40a_3d78_46f3_bca0_aba8871c344a] Finished assignment for group at generation 5: {consumer-Consumer-topic-8d14e40a_3d78_46f3_bca0_aba8871c344a-12-77dc5e30-10a3-48d0-bc1d-ad977ecb6ac6=Assignment(partitions=[topic-8d14e40a_3d78_46f3_bca0_aba8871c344a-0])}
2025-09-02 18:21:32,305 INFO  [org.apa.kaf.cli.con.int.ConsumerCoordinator] (ForkJoinPool.commonPool-worker-2) [Consumer clientId=consumer-Consumer-topic-8d14e40a_3d78_46f3_bca0_aba8871c344a-12, groupId=Consumer-topic-8d14e40a_3d78_46f3_bca0_aba8871c344a] Successfully synced group in generation Generation{generationId=5, memberId='consumer-Consumer-topic-8d14e40a_3d78_46f3_bca0_aba8871c344a-12-77dc5e30-10a3-48d0-bc1d-ad977ecb6ac6', protocol='range'}
2025-09-02 18:21:32,305 INFO  [org.apa.kaf.cli.con.int.ConsumerCoordinator] (ForkJoinPool.commonPool-worker-2) [Consumer clientId=consumer-Consumer-topic-8d14e40a_3d78_46f3_bca0_aba8871c344a-12, groupId=Consumer-topic-8d14e40a_3d78_46f3_bca0_aba8871c344a] Notifying assignor about the new Assignment(partitions=[topic-8d14e40a_3d78_46f3_bca0_aba8871c344a-0])
2025-09-02 18:21:32,305 INFO  [org.apa.kaf.cli.con.int.ConsumerRebalanceListenerInvoker] (ForkJoinPool.commonPool-worker-2) [Consumer clientId=consumer-Consumer-topic-8d14e40a_3d78_46f3_bca0_aba8871c344a-12, groupId=Consumer-topic-8d14e40a_3d78_46f3_bca0_aba8871c344a] Adding newly assigned partitions: topic-8d14e40a_3d78_46f3_bca0_aba8871c344a-0
2025-09-02 18:21:32,306 INFO  [org.apa.kaf.cli.con.int.ConsumerUtils] (ForkJoinPool.commonPool-worker-2) Setting offset for partition topic-8d14e40a_3d78_46f3_bca0_aba8871c344a-0 to the committed offset FetchPosition{offset=30, offsetEpoch=Optional[0], currentLeader=LeaderAndEpoch{leader=Optional[localhost:32769 (id: 0 rack: null)], epoch=0}}
2025-09-02 18:21:32,520 INFO  [io.api.tes.ser.api.KafkaSerdesTester] (ForkJoinPool.commonPool-worker-2) topic-8d14e40a_3d78_46f3_bca0_aba8871c344a 0 30 {"key11756837278156": "value-0", "key21756837282967": "value-0", "key31756837287915": "value-0"}
2025-09-02 18:21:32,520 INFO  [io.api.tes.ser.api.KafkaSerdesTester] (ForkJoinPool.commonPool-worker-2) topic-8d14e40a_3d78_46f3_bca0_aba8871c344a 0 31 {"key11756837278156": "value-1", "key21756837282967": "value-1", "key31756837287915": "value-1"}
2025-09-02 18:21:32,520 INFO  [io.api.tes.ser.api.KafkaSerdesTester] (ForkJoinPool.commonPool-worker-2) topic-8d14e40a_3d78_46f3_bca0_aba8871c344a 0 32 {"key11756837278156": "value-2", "key21756837282967": "value-2", "key31756837287915": "value-2"}
2025-09-02 18:21:32,520 INFO  [io.api.tes.ser.api.KafkaSerdesTester] (ForkJoinPool.commonPool-worker-2) topic-8d14e40a_3d78_46f3_bca0_aba8871c344a 0 33 {"key11756837278156": "value-3", "key21756837282967": "value-3", "key31756837287915": "value-3"}
2025-09-02 18:21:32,520 INFO  [io.api.tes.ser.api.KafkaSerdesTester] (ForkJoinPool.commonPool-worker-2) topic-8d14e40a_3d78_46f3_bca0_aba8871c344a 0 34 {"key11756837278156": "value-4", "key21756837282967": "value-4", "key31756837287915": "value-4"}
2025-09-02 18:21:32,521 INFO  [io.api.tes.ser.api.KafkaSerdesTester] (ForkJoinPool.commonPool-worker-2) topic-8d14e40a_3d78_46f3_bca0_aba8871c344a 0 35 {"key11756837278156": "value-5", "key21756837282967": "value-5", "key31756837287915": "value-5"}
2025-09-02 18:21:32,521 INFO  [io.api.tes.ser.api.KafkaSerdesTester] (ForkJoinPool.commonPool-worker-2) topic-8d14e40a_3d78_46f3_bca0_aba8871c344a 0 36 {"key11756837278156": "value-6", "key21756837282967": "value-6", "key31756837287915": "value-6"}
2025-09-02 18:21:32,521 INFO  [io.api.tes.ser.api.KafkaSerdesTester] (ForkJoinPool.commonPool-worker-2) topic-8d14e40a_3d78_46f3_bca0_aba8871c344a 0 37 {"key11756837278156": "value-7", "key21756837282967": "value-7", "key31756837287915": "value-7"}
2025-09-02 18:21:32,521 INFO  [io.api.tes.ser.api.KafkaSerdesTester] (ForkJoinPool.commonPool-worker-2) topic-8d14e40a_3d78_46f3_bca0_aba8871c344a 0 38 {"key11756837278156": "value-8", "key21756837282967": "value-8", "key31756837287915": "value-8"}
2025-09-02 18:21:32,521 INFO  [io.api.tes.ser.api.KafkaSerdesTester] (ForkJoinPool.commonPool-worker-2) topic-8d14e40a_3d78_46f3_bca0_aba8871c344a 0 39 {"key11756837278156": "value-9", "key21756837282967": "value-9", "key31756837287915": "value-9"}
2025-09-02 18:21:32,521 INFO  [io.api.tes.ser.api.KafkaSerdesTester] (ForkJoinPool.commonPool-worker-2) topic-8d14e40a_3d78_46f3_bca0_aba8871c344a 0 40 {"key11756837278156": "value-0", "key21756837282967": "value-0"}
2025-09-02 18:21:32,521 INFO  [io.api.tes.ser.api.KafkaSerdesTester] (ForkJoinPool.commonPool-worker-2) topic-8d14e40a_3d78_46f3_bca0_aba8871c344a 0 41 {"key11756837278156": "value-1", "key21756837282967": "value-1"}
2025-09-02 18:21:32,521 INFO  [io.api.tes.ser.api.KafkaSerdesTester] (ForkJoinPool.commonPool-worker-2) topic-8d14e40a_3d78_46f3_bca0_aba8871c344a 0 42 {"key11756837278156": "value-2", "key21756837282967": "value-2"}
2025-09-02 18:21:32,521 INFO  [io.api.tes.ser.api.KafkaSerdesTester] (ForkJoinPool.commonPool-worker-2) topic-8d14e40a_3d78_46f3_bca0_aba8871c344a 0 43 {"key11756837278156": "value-3", "key21756837282967": "value-3"}
2025-09-02 18:21:32,521 INFO  [io.api.tes.ser.api.KafkaSerdesTester] (ForkJoinPool.commonPool-worker-2) topic-8d14e40a_3d78_46f3_bca0_aba8871c344a 0 44 {"key11756837278156": "value-4", "key21756837282967": "value-4"}
2025-09-02 18:21:32,521 INFO  [io.api.tes.ser.api.KafkaSerdesTester] (ForkJoinPool.commonPool-worker-2) topic-8d14e40a_3d78_46f3_bca0_aba8871c344a 0 45 {"key11756837278156": "value-5", "key21756837282967": "value-5"}
2025-09-02 18:21:32,521 INFO  [io.api.tes.ser.api.KafkaSerdesTester] (ForkJoinPool.commonPool-worker-2) topic-8d14e40a_3d78_46f3_bca0_aba8871c344a 0 46 {"key11756837278156": "value-6", "key21756837282967": "value-6"}
2025-09-02 18:21:32,521 INFO  [io.api.tes.ser.api.KafkaSerdesTester] (ForkJoinPool.commonPool-worker-2) topic-8d14e40a_3d78_46f3_bca0_aba8871c344a 0 47 {"key11756837278156": "value-7", "key21756837282967": "value-7"}
2025-09-02 18:21:32,521 INFO  [io.api.tes.ser.api.KafkaSerdesTester] (ForkJoinPool.commonPool-worker-2) topic-8d14e40a_3d78_46f3_bca0_aba8871c344a 0 48 {"key11756837278156": "value-8", "key21756837282967": "value-8"}
2025-09-02 18:21:32,521 INFO  [io.api.tes.ser.api.KafkaSerdesTester] (ForkJoinPool.commonPool-worker-2) topic-8d14e40a_3d78_46f3_bca0_aba8871c344a 0 49 {"key11756837278156": "value-9", "key21756837282967": "value-9"}
2025-09-02 18:21:32,521 INFO  [io.api.tes.ser.api.KafkaSerdesTester] (ForkJoinPool.commonPool-worker-2) topic-8d14e40a_3d78_46f3_bca0_aba8871c344a 0 50 {"key11756837278156": "value-0"}
2025-09-02 18:21:32,521 INFO  [io.api.tes.ser.api.KafkaSerdesTester] (ForkJoinPool.commonPool-worker-2) topic-8d14e40a_3d78_46f3_bca0_aba8871c344a 0 51 {"key11756837278156": "value-1"}
2025-09-02 18:21:32,521 INFO  [io.api.tes.ser.api.KafkaSerdesTester] (ForkJoinPool.commonPool-worker-2) topic-8d14e40a_3d78_46f3_bca0_aba8871c344a 0 52 {"key11756837278156": "value-2"}
2025-09-02 18:21:32,521 INFO  [io.api.tes.ser.api.KafkaSerdesTester] (ForkJoinPool.commonPool-worker-2) topic-8d14e40a_3d78_46f3_bca0_aba8871c344a 0 53 {"key11756837278156": "value-3"}
2025-09-02 18:21:32,521 INFO  [io.api.tes.ser.api.KafkaSerdesTester] (ForkJoinPool.commonPool-worker-2) topic-8d14e40a_3d78_46f3_bca0_aba8871c344a 0 54 {"key11756837278156": "value-4"}
2025-09-02 18:21:32,521 INFO  [io.api.tes.ser.api.KafkaSerdesTester] (ForkJoinPool.commonPool-worker-2) topic-8d14e40a_3d78_46f3_bca0_aba8871c344a 0 55 {"key11756837278156": "value-5"}
2025-09-02 18:21:32,521 INFO  [io.api.tes.ser.api.KafkaSerdesTester] (ForkJoinPool.commonPool-worker-2) topic-8d14e40a_3d78_46f3_bca0_aba8871c344a 0 56 {"key11756837278156": "value-6"}
2025-09-02 18:21:32,521 INFO  [io.api.tes.ser.api.KafkaSerdesTester] (ForkJoinPool.commonPool-worker-2) topic-8d14e40a_3d78_46f3_bca0_aba8871c344a 0 57 {"key11756837278156": "value-7"}
2025-09-02 18:21:32,521 INFO  [io.api.tes.ser.api.KafkaSerdesTester] (ForkJoinPool.commonPool-worker-2) topic-8d14e40a_3d78_46f3_bca0_aba8871c344a 0 58 {"key11756837278156": "value-8"}
2025-09-02 18:21:32,521 INFO  [io.api.tes.ser.api.KafkaSerdesTester] (ForkJoinPool.commonPool-worker-2) topic-8d14e40a_3d78_46f3_bca0_aba8871c344a 0 59 {"key11756837278156": "value-9"}
2025-09-02 18:21:32,521 INFO  [io.api.tes.ser.api.KafkaSerdesTester] (ForkJoinPool.commonPool-worker-2) Consumed 30 messages
2025-09-02 18:21:32,528 INFO  [org.apa.kaf.cli.con.int.ConsumerRebalanceListenerInvoker] (ForkJoinPool.commonPool-worker-2) [Consumer clientId=consumer-Consumer-topic-8d14e40a_3d78_46f3_bca0_aba8871c344a-12, groupId=Consumer-topic-8d14e40a_3d78_46f3_bca0_aba8871c344a] Revoke previously assigned partitions topic-8d14e40a_3d78_46f3_bca0_aba8871c344a-0
2025-09-02 18:21:32,528 INFO  [org.apa.kaf.cli.con.int.ConsumerCoordinator] (ForkJoinPool.commonPool-worker-2) [Consumer clientId=consumer-Consumer-topic-8d14e40a_3d78_46f3_bca0_aba8871c344a-12, groupId=Consumer-topic-8d14e40a_3d78_46f3_bca0_aba8871c344a] Member consumer-Consumer-topic-8d14e40a_3d78_46f3_bca0_aba8871c344a-12-77dc5e30-10a3-48d0-bc1d-ad977ecb6ac6 sending LeaveGroup request to coordinator localhost:32769 (id: 2147483647 rack: null) due to the consumer is being closed
2025-09-02 18:21:32,529 INFO  [org.apa.kaf.cli.con.int.ConsumerCoordinator] (ForkJoinPool.commonPool-worker-2) [Consumer clientId=consumer-Consumer-topic-8d14e40a_3d78_46f3_bca0_aba8871c344a-12, groupId=Consumer-topic-8d14e40a_3d78_46f3_bca0_aba8871c344a] Resetting generation and member id due to: consumer pro-actively leaving the group
2025-09-02 18:21:32,529 INFO  [org.apa.kaf.cli.con.int.ConsumerCoordinator] (ForkJoinPool.commonPool-worker-2) [Consumer clientId=consumer-Consumer-topic-8d14e40a_3d78_46f3_bca0_aba8871c344a-12, groupId=Consumer-topic-8d14e40a_3d78_46f3_bca0_aba8871c344a] Request joining group due to: consumer pro-actively leaving the group
2025-09-02 18:21:33,023 INFO  [org.apa.kaf.com.met.Metrics] (ForkJoinPool.commonPool-worker-2) Metrics scheduler closed
2025-09-02 18:21:33,023 INFO  [org.apa.kaf.com.met.Metrics] (ForkJoinPool.commonPool-worker-2) Closing reporter org.apache.kafka.common.metrics.JmxReporter
2025-09-02 18:21:33,023 INFO  [org.apa.kaf.com.met.Metrics] (ForkJoinPool.commonPool-worker-2) Closing reporter org.apache.kafka.common.telemetry.internals.ClientTelemetryReporter
2025-09-02 18:21:33,023 INFO  [org.apa.kaf.com.met.Metrics] (ForkJoinPool.commonPool-worker-2) Metrics reporters closed
2025-09-02 18:21:33,024 INFO  [org.apa.kaf.com.uti.AppInfoParser] (ForkJoinPool.commonPool-worker-2) App info kafka.consumer for consumer-Consumer-topic-8d14e40a_3d78_46f3_bca0_aba8871c344a-12 unregistered
2025-09-02 18:21:33,024 INFO  [org.apa.kaf.cli.pro.KafkaProducer] (main) [Producer clientId=Producer-topic-8d14e40a_3d78_46f3_bca0_aba8871c344a] Closing the Kafka producer with timeoutMillis = 9223372036854775807 ms.
2025-09-02 18:21:33,024 INFO  [org.apa.kaf.com.met.Metrics] (main) Metrics scheduler closed
2025-09-02 18:21:33,025 INFO  [org.apa.kaf.com.met.Metrics] (main) Closing reporter org.apache.kafka.common.metrics.JmxReporter
2025-09-02 18:21:33,025 INFO  [org.apa.kaf.com.met.Metrics] (main) Closing reporter org.apache.kafka.common.telemetry.internals.ClientTelemetryReporter
2025-09-02 18:21:33,025 INFO  [org.apa.kaf.com.met.Metrics] (main) Metrics reporters closed
2025-09-02 18:21:33,025 INFO  [org.apa.kaf.com.uti.AppInfoParser] (main) App info kafka.producer for Producer-topic-8d14e40a_3d78_46f3_bca0_aba8871c344a unregistered
2025-09-02 18:21:33,025 INFO  [io.api.tes.uti.TestSeparator] (main) io.apicurio.tests.serdes.apicurio.AvroSerdeIT.testEvolveAvroApicurio-FINISHED
2025-09-02 18:21:33,025 INFO  [io.api.tes.uti.TestSeparator] (main) ############################################################################
Test passed: testEvolveAvroApicurio
]]></system-out>
  </testcase>
  <testcase name="testTopicRecordIdStrategydFindLatest" classname="io.apicurio.tests.serdes.apicurio.AvroSerdeIT" time="4.851">
    <system-out><![CDATA[2025-09-02 18:21:33,026 INFO  [io.api.tes.uti.TestSeparator] (main) ############################################################################
2025-09-02 18:21:33,026 INFO  [io.api.tes.uti.TestSeparator] (main) io.apicurio.tests.serdes.apicurio.AvroSerdeIT.testTopicRecordIdStrategydFindLatest-STARTED
2025-09-02 18:21:33,027 INFO  [io.api.tes.ser.api.AvroSerdeIT] (main) Registering Avro Schema: {"type":"record","name":"s9b27e925x9537x4e46x827bx670b62aa96e7","namespace":"s178fc165xbd36x4ae6x8a8cx5e240a781937","fields":[{"name":"key11756837293026","type":"string"}]}
**** Registry Base URL: http://registry-app-mysql.apps.ci419.apicurio-testing.org:80
2025-09-02 18:21:34,112 INFO  [org.apa.kaf.cli.pro.ProducerConfig] (main) ProducerConfig values: 
	acks = -1
	auto.include.jmx.reporter = true
	batch.size = 16384
	bootstrap.servers = [PLAINTEXT://localhost:32769]
	buffer.memory = 33554432
	client.dns.lookup = use_all_dns_ips
	client.id = Producer-topic-6a0f17e2_b187_447a_aaa0_f2e067ffc835
	compression.gzip.level = -1
	compression.lz4.level = 9
	compression.type = none
	compression.zstd.level = 3
	connections.max.idle.ms = 10000
	delivery.timeout.ms = 120000
	enable.idempotence = true
	enable.metrics.push = true
	interceptor.classes = []
	key.serializer = class org.apache.kafka.common.serialization.StringSerializer
	linger.ms = 0
	max.block.ms = 60000
	max.in.flight.requests.per.connection = 5
	max.request.size = 1048576
	metadata.max.age.ms = 300000
	metadata.max.idle.ms = 300000
	metadata.recovery.strategy = none
	metric.reporters = []
	metrics.num.samples = 2
	metrics.recording.level = INFO
	metrics.sample.window.ms = 30000
	partitioner.adaptive.partitioning.enable = true
	partitioner.availability.timeout.ms = 0
	partitioner.class = null
	partitioner.ignore.keys = false
	receive.buffer.bytes = 32768
	reconnect.backoff.max.ms = 1000
	reconnect.backoff.ms = 50
	request.timeout.ms = 5000
	retries = 2147483647
	retry.backoff.max.ms = 1000
	retry.backoff.ms = 100
	sasl.client.callback.handler.class = null
	sasl.jaas.config = null
	sasl.kerberos.kinit.cmd = /usr/bin/kinit
	sasl.kerberos.min.time.before.relogin = 60000
	sasl.kerberos.service.name = null
	sasl.kerberos.ticket.renew.jitter = 0.05
	sasl.kerberos.ticket.renew.window.factor = 0.8
	sasl.login.callback.handler.class = null
	sasl.login.class = null
	sasl.login.connect.timeout.ms = null
	sasl.login.read.timeout.ms = null
	sasl.login.refresh.buffer.seconds = 300
	sasl.login.refresh.min.period.seconds = 60
	sasl.login.refresh.window.factor = 0.8
	sasl.login.refresh.window.jitter = 0.05
	sasl.login.retry.backoff.max.ms = 10000
	sasl.login.retry.backoff.ms = 100
	sasl.mechanism = GSSAPI
	sasl.oauthbearer.clock.skew.seconds = 30
	sasl.oauthbearer.expected.audience = null
	sasl.oauthbearer.expected.issuer = null
	sasl.oauthbearer.header.urlencode = false
	sasl.oauthbearer.jwks.endpoint.refresh.ms = 3600000
	sasl.oauthbearer.jwks.endpoint.retry.backoff.max.ms = 10000
	sasl.oauthbearer.jwks.endpoint.retry.backoff.ms = 100
	sasl.oauthbearer.jwks.endpoint.url = null
	sasl.oauthbearer.scope.claim.name = scope
	sasl.oauthbearer.sub.claim.name = sub
	sasl.oauthbearer.token.endpoint.url = null
	security.protocol = PLAINTEXT
	security.providers = null
	send.buffer.bytes = 131072
	socket.connection.setup.timeout.max.ms = 30000
	socket.connection.setup.timeout.ms = 10000
	ssl.cipher.suites = null
	ssl.enabled.protocols = [TLSv1.2, TLSv1.3]
	ssl.endpoint.identification.algorithm = https
	ssl.engine.factory.class = null
	ssl.key.password = null
	ssl.keymanager.algorithm = SunX509
	ssl.keystore.certificate.chain = null
	ssl.keystore.key = null
	ssl.keystore.location = null
	ssl.keystore.password = null
	ssl.keystore.type = JKS
	ssl.protocol = TLSv1.3
	ssl.provider = null
	ssl.secure.random.implementation = null
	ssl.trustmanager.algorithm = PKIX
	ssl.truststore.certificates = null
	ssl.truststore.location = null
	ssl.truststore.password = null
	ssl.truststore.type = JKS
	transaction.timeout.ms = 60000
	transactional.id = null
	value.serializer = class io.apicurio.registry.serde.avro.AvroKafkaSerializer

2025-09-02 18:21:34,112 INFO  [org.apa.kaf.com.tel.int.KafkaMetricsCollector] (main) initializing Kafka metrics collector
2025-09-02 18:21:34,115 INFO  [org.apa.kaf.cli.pro.KafkaProducer] (main) [Producer clientId=Producer-topic-6a0f17e2_b187_447a_aaa0_f2e067ffc835] Instantiated an idempotent producer.
2025-09-02 18:21:34,116 INFO  [org.apa.kaf.cli.pro.ProducerConfig] (main) These configurations '[apicurio.registry.find-latest, apicurio.registry.url, apicurio.registry.artifact-resolver-strategy]' were supplied but are not used yet.
2025-09-02 18:21:34,116 INFO  [org.apa.kaf.com.uti.AppInfoParser] (main) Kafka version: 3.9.1
2025-09-02 18:21:34,116 INFO  [org.apa.kaf.com.uti.AppInfoParser] (main) Kafka commitId: f745dfdcee2b9851
2025-09-02 18:21:34,116 INFO  [org.apa.kaf.com.uti.AppInfoParser] (main) Kafka startTimeMs: 1756837294116
2025-09-02 18:21:34,116 INFO  [io.api.tes.ser.api.SimpleSerdesTesterBuilder$SimpleSerdesTester] (main) Using producer configuration: {apicurio.registry.find-latest=true, apicurio.registry.url=http://registry-app-mysql.apps.ci419.apicurio-testing.org:80/apis/registry/v3, apicurio.registry.artifact-resolver-strategy=io.apicurio.registry.serde.avro.strategy.TopicRecordIdStrategy, value.serializer=io.apicurio.registry.serde.avro.AvroKafkaSerializer, request.timeout.ms=5000, acks=all, bootstrap.servers=PLAINTEXT://localhost:32769, connections.max.idle.ms=10000, key.serializer=org.apache.kafka.common.serialization.StringSerializer, client.id=Producer-topic-6a0f17e2_b187_447a_aaa0_f2e067ffc835}
2025-09-02 18:21:34,116 INFO  [io.api.tes.ser.api.SimpleSerdesTesterBuilder$SimpleSerdesTester] (main) Using consumer configuration: {}
2025-09-02 18:21:34,116 INFO  [io.api.tes.ser.api.KafkaSerdesTester] (ForkJoinPool.commonPool-worker-2) Sending message {"key11756837293026": "value-0"} to topic topic-6a0f17e2_b187_447a_aaa0_f2e067ffc835
2025-09-02 18:21:34,119 INFO  [org.apa.kaf.cli.Metadata] (kafka-producer-network-thread | Producer-topic-6a0f17e2_b187_447a_aaa0_f2e067ffc835) [Producer clientId=Producer-topic-6a0f17e2_b187_447a_aaa0_f2e067ffc835] Cluster ID: zhgBwCfeQnC1PCRKjnRbQg
2025-09-02 18:21:34,119 INFO  [org.apa.kaf.cli.pro.int.TransactionManager] (kafka-producer-network-thread | Producer-topic-6a0f17e2_b187_447a_aaa0_f2e067ffc835) [Producer clientId=Producer-topic-6a0f17e2_b187_447a_aaa0_f2e067ffc835] ProducerId set to 18 with epoch 0
2025-09-02 18:21:34,243 INFO  [io.api.tes.ser.api.KafkaSerdesTester] (ForkJoinPool.commonPool-worker-2) Sending message {"key11756837293026": "value-1"} to topic topic-6a0f17e2_b187_447a_aaa0_f2e067ffc835
2025-09-02 18:21:34,244 INFO  [io.api.tes.ser.api.KafkaSerdesTester] (ForkJoinPool.commonPool-worker-2) Sending message {"key11756837293026": "value-2"} to topic topic-6a0f17e2_b187_447a_aaa0_f2e067ffc835
2025-09-02 18:21:34,245 INFO  [io.api.tes.ser.api.KafkaSerdesTester] (ForkJoinPool.commonPool-worker-2) Sending message {"key11756837293026": "value-3"} to topic topic-6a0f17e2_b187_447a_aaa0_f2e067ffc835
2025-09-02 18:21:34,246 INFO  [io.api.tes.ser.api.KafkaSerdesTester] (ForkJoinPool.commonPool-worker-2) Sending message {"key11756837293026": "value-4"} to topic topic-6a0f17e2_b187_447a_aaa0_f2e067ffc835
2025-09-02 18:21:34,247 INFO  [io.api.tes.ser.api.KafkaSerdesTester] (ForkJoinPool.commonPool-worker-2) Sending message {"key11756837293026": "value-5"} to topic topic-6a0f17e2_b187_447a_aaa0_f2e067ffc835
2025-09-02 18:21:34,248 INFO  [io.api.tes.ser.api.KafkaSerdesTester] (ForkJoinPool.commonPool-worker-2) Sending message {"key11756837293026": "value-6"} to topic topic-6a0f17e2_b187_447a_aaa0_f2e067ffc835
2025-09-02 18:21:34,249 INFO  [io.api.tes.ser.api.KafkaSerdesTester] (ForkJoinPool.commonPool-worker-2) Sending message {"key11756837293026": "value-7"} to topic topic-6a0f17e2_b187_447a_aaa0_f2e067ffc835
2025-09-02 18:21:34,251 INFO  [io.api.tes.ser.api.KafkaSerdesTester] (ForkJoinPool.commonPool-worker-2) Sending message {"key11756837293026": "value-8"} to topic topic-6a0f17e2_b187_447a_aaa0_f2e067ffc835
2025-09-02 18:21:34,252 INFO  [io.api.tes.ser.api.KafkaSerdesTester] (ForkJoinPool.commonPool-worker-2) Sending message {"key11756837293026": "value-9"} to topic topic-6a0f17e2_b187_447a_aaa0_f2e067ffc835
2025-09-02 18:21:34,253 INFO  [io.api.tes.ser.api.KafkaSerdesTester] (ForkJoinPool.commonPool-worker-2) Produced 10 messages
2025-09-02 18:21:34,253 INFO  [org.apa.kaf.cli.pro.KafkaProducer] (ForkJoinPool.commonPool-worker-2) [Producer clientId=Producer-topic-6a0f17e2_b187_447a_aaa0_f2e067ffc835] Closing the Kafka producer with timeoutMillis = 9223372036854775807 ms.
2025-09-02 18:21:34,254 INFO  [org.apa.kaf.com.met.Metrics] (ForkJoinPool.commonPool-worker-2) Metrics scheduler closed
2025-09-02 18:21:34,254 INFO  [org.apa.kaf.com.met.Metrics] (ForkJoinPool.commonPool-worker-2) Closing reporter org.apache.kafka.common.metrics.JmxReporter
2025-09-02 18:21:34,254 INFO  [org.apa.kaf.com.met.Metrics] (ForkJoinPool.commonPool-worker-2) Closing reporter org.apache.kafka.common.telemetry.internals.ClientTelemetryReporter
2025-09-02 18:21:34,254 INFO  [org.apa.kaf.com.met.Metrics] (ForkJoinPool.commonPool-worker-2) Metrics reporters closed
2025-09-02 18:21:34,254 INFO  [org.apa.kaf.com.uti.AppInfoParser] (ForkJoinPool.commonPool-worker-2) App info kafka.producer for Producer-topic-6a0f17e2_b187_447a_aaa0_f2e067ffc835 unregistered
**** Registry Base URL: http://registry-app-mysql.apps.ci419.apicurio-testing.org:80
2025-09-02 18:21:34,255 INFO  [org.apa.kaf.cli.con.ConsumerConfig] (main) ConsumerConfig values: 
	allow.auto.create.topics = true
	auto.commit.interval.ms = 500
	auto.include.jmx.reporter = true
	auto.offset.reset = earliest
	bootstrap.servers = [PLAINTEXT://localhost:32769]
	check.crcs = true
	client.dns.lookup = use_all_dns_ips
	client.id = consumer-Consumer-topic-6a0f17e2_b187_447a_aaa0_f2e067ffc835-13
	client.rack = 
	connections.max.idle.ms = 10000
	default.api.timeout.ms = 60000
	enable.auto.commit = true
	enable.metrics.push = true
	exclude.internal.topics = true
	fetch.max.bytes = 52428800
	fetch.max.wait.ms = 500
	fetch.min.bytes = 1
	group.id = Consumer-topic-6a0f17e2_b187_447a_aaa0_f2e067ffc835
	group.instance.id = null
	group.protocol = classic
	group.remote.assignor = null
	heartbeat.interval.ms = 3000
	interceptor.classes = []
	internal.leave.group.on.close = true
	internal.throw.on.fetch.stable.offset.unsupported = false
	isolation.level = read_uncommitted
	key.deserializer = class org.apache.kafka.common.serialization.StringDeserializer
	max.partition.fetch.bytes = 1048576
	max.poll.interval.ms = 300000
	max.poll.records = 500
	metadata.max.age.ms = 300000
	metadata.recovery.strategy = none
	metric.reporters = []
	metrics.num.samples = 2
	metrics.recording.level = INFO
	metrics.sample.window.ms = 30000
	partition.assignment.strategy = [class org.apache.kafka.clients.consumer.RangeAssignor, class org.apache.kafka.clients.consumer.CooperativeStickyAssignor]
	receive.buffer.bytes = 65536
	reconnect.backoff.max.ms = 1000
	reconnect.backoff.ms = 50
	request.timeout.ms = 5000
	retry.backoff.max.ms = 1000
	retry.backoff.ms = 100
	sasl.client.callback.handler.class = null
	sasl.jaas.config = null
	sasl.kerberos.kinit.cmd = /usr/bin/kinit
	sasl.kerberos.min.time.before.relogin = 60000
	sasl.kerberos.service.name = null
	sasl.kerberos.ticket.renew.jitter = 0.05
	sasl.kerberos.ticket.renew.window.factor = 0.8
	sasl.login.callback.handler.class = null
	sasl.login.class = null
	sasl.login.connect.timeout.ms = null
	sasl.login.read.timeout.ms = null
	sasl.login.refresh.buffer.seconds = 300
	sasl.login.refresh.min.period.seconds = 60
	sasl.login.refresh.window.factor = 0.8
	sasl.login.refresh.window.jitter = 0.05
	sasl.login.retry.backoff.max.ms = 10000
	sasl.login.retry.backoff.ms = 100
	sasl.mechanism = GSSAPI
	sasl.oauthbearer.clock.skew.seconds = 30
	sasl.oauthbearer.expected.audience = null
	sasl.oauthbearer.expected.issuer = null
	sasl.oauthbearer.header.urlencode = false
	sasl.oauthbearer.jwks.endpoint.refresh.ms = 3600000
	sasl.oauthbearer.jwks.endpoint.retry.backoff.max.ms = 10000
	sasl.oauthbearer.jwks.endpoint.retry.backoff.ms = 100
	sasl.oauthbearer.jwks.endpoint.url = null
	sasl.oauthbearer.scope.claim.name = scope
	sasl.oauthbearer.sub.claim.name = sub
	sasl.oauthbearer.token.endpoint.url = null
	security.protocol = PLAINTEXT
	security.providers = null
	send.buffer.bytes = 131072
	session.timeout.ms = 45000
	socket.connection.setup.timeout.max.ms = 30000
	socket.connection.setup.timeout.ms = 10000
	ssl.cipher.suites = null
	ssl.enabled.protocols = [TLSv1.2, TLSv1.3]
	ssl.endpoint.identification.algorithm = https
	ssl.engine.factory.class = null
	ssl.key.password = null
	ssl.keymanager.algorithm = SunX509
	ssl.keystore.certificate.chain = null
	ssl.keystore.key = null
	ssl.keystore.location = null
	ssl.keystore.password = null
	ssl.keystore.type = JKS
	ssl.protocol = TLSv1.3
	ssl.provider = null
	ssl.secure.random.implementation = null
	ssl.trustmanager.algorithm = PKIX
	ssl.truststore.certificates = null
	ssl.truststore.location = null
	ssl.truststore.password = null
	ssl.truststore.type = JKS
	value.deserializer = class io.apicurio.registry.serde.avro.AvroKafkaDeserializer

2025-09-02 18:21:34,255 INFO  [org.apa.kaf.com.tel.int.KafkaMetricsCollector] (main) initializing Kafka metrics collector
2025-09-02 18:21:34,259 INFO  [org.apa.kaf.cli.con.ConsumerConfig] (main) These configurations '[apicurio.registry.url]' were supplied but are not used yet.
2025-09-02 18:21:34,259 INFO  [org.apa.kaf.com.uti.AppInfoParser] (main) Kafka version: 3.9.1
2025-09-02 18:21:34,259 INFO  [org.apa.kaf.com.uti.AppInfoParser] (main) Kafka commitId: f745dfdcee2b9851
2025-09-02 18:21:34,259 INFO  [org.apa.kaf.com.uti.AppInfoParser] (main) Kafka startTimeMs: 1756837294259
2025-09-02 18:21:34,259 INFO  [org.apa.kaf.cli.con.int.ClassicKafkaConsumer] (ForkJoinPool.commonPool-worker-2) [Consumer clientId=consumer-Consumer-topic-6a0f17e2_b187_447a_aaa0_f2e067ffc835-13, groupId=Consumer-topic-6a0f17e2_b187_447a_aaa0_f2e067ffc835] Subscribed to topic(s): topic-6a0f17e2_b187_447a_aaa0_f2e067ffc835
2025-09-02 18:21:34,263 INFO  [org.apa.kaf.cli.Metadata] (ForkJoinPool.commonPool-worker-2) [Consumer clientId=consumer-Consumer-topic-6a0f17e2_b187_447a_aaa0_f2e067ffc835-13, groupId=Consumer-topic-6a0f17e2_b187_447a_aaa0_f2e067ffc835] Cluster ID: zhgBwCfeQnC1PCRKjnRbQg
2025-09-02 18:21:34,264 INFO  [org.apa.kaf.cli.con.int.ConsumerCoordinator] (ForkJoinPool.commonPool-worker-2) [Consumer clientId=consumer-Consumer-topic-6a0f17e2_b187_447a_aaa0_f2e067ffc835-13, groupId=Consumer-topic-6a0f17e2_b187_447a_aaa0_f2e067ffc835] Discovered group coordinator localhost:32769 (id: 2147483647 rack: null)
2025-09-02 18:21:34,265 INFO  [org.apa.kaf.cli.con.int.ConsumerCoordinator] (ForkJoinPool.commonPool-worker-2) [Consumer clientId=consumer-Consumer-topic-6a0f17e2_b187_447a_aaa0_f2e067ffc835-13, groupId=Consumer-topic-6a0f17e2_b187_447a_aaa0_f2e067ffc835] (Re-)joining group
2025-09-02 18:21:34,267 INFO  [org.apa.kaf.cli.con.int.ConsumerCoordinator] (ForkJoinPool.commonPool-worker-2) [Consumer clientId=consumer-Consumer-topic-6a0f17e2_b187_447a_aaa0_f2e067ffc835-13, groupId=Consumer-topic-6a0f17e2_b187_447a_aaa0_f2e067ffc835] Request joining group due to: need to re-join with the given member-id: consumer-Consumer-topic-6a0f17e2_b187_447a_aaa0_f2e067ffc835-13-dfcc8dca-5f45-461f-8abf-ea09036fb6ec
2025-09-02 18:21:34,267 INFO  [org.apa.kaf.cli.con.int.ConsumerCoordinator] (ForkJoinPool.commonPool-worker-2) [Consumer clientId=consumer-Consumer-topic-6a0f17e2_b187_447a_aaa0_f2e067ffc835-13, groupId=Consumer-topic-6a0f17e2_b187_447a_aaa0_f2e067ffc835] (Re-)joining group
2025-09-02 18:21:35,260 INFO  [io.api.tes.ser.api.KafkaSerdesTester] (ForkJoinPool.commonPool-worker-2) None found
2025-09-02 18:21:36,260 INFO  [io.api.tes.ser.api.KafkaSerdesTester] (ForkJoinPool.commonPool-worker-2) None found
2025-09-02 18:21:37,261 INFO  [io.api.tes.ser.api.KafkaSerdesTester] (ForkJoinPool.commonPool-worker-2) None found
2025-09-02 18:21:37,267 INFO  [org.apa.kaf.cli.con.int.ConsumerCoordinator] (ForkJoinPool.commonPool-worker-2) [Consumer clientId=consumer-Consumer-topic-6a0f17e2_b187_447a_aaa0_f2e067ffc835-13, groupId=Consumer-topic-6a0f17e2_b187_447a_aaa0_f2e067ffc835] Successfully joined group with generation Generation{generationId=1, memberId='consumer-Consumer-topic-6a0f17e2_b187_447a_aaa0_f2e067ffc835-13-dfcc8dca-5f45-461f-8abf-ea09036fb6ec', protocol='range'}
2025-09-02 18:21:37,268 INFO  [org.apa.kaf.cli.con.int.ConsumerCoordinator] (ForkJoinPool.commonPool-worker-2) [Consumer clientId=consumer-Consumer-topic-6a0f17e2_b187_447a_aaa0_f2e067ffc835-13, groupId=Consumer-topic-6a0f17e2_b187_447a_aaa0_f2e067ffc835] Finished assignment for group at generation 1: {consumer-Consumer-topic-6a0f17e2_b187_447a_aaa0_f2e067ffc835-13-dfcc8dca-5f45-461f-8abf-ea09036fb6ec=Assignment(partitions=[topic-6a0f17e2_b187_447a_aaa0_f2e067ffc835-0])}
2025-09-02 18:21:37,274 INFO  [org.apa.kaf.cli.con.int.ConsumerCoordinator] (ForkJoinPool.commonPool-worker-2) [Consumer clientId=consumer-Consumer-topic-6a0f17e2_b187_447a_aaa0_f2e067ffc835-13, groupId=Consumer-topic-6a0f17e2_b187_447a_aaa0_f2e067ffc835] Successfully synced group in generation Generation{generationId=1, memberId='consumer-Consumer-topic-6a0f17e2_b187_447a_aaa0_f2e067ffc835-13-dfcc8dca-5f45-461f-8abf-ea09036fb6ec', protocol='range'}
2025-09-02 18:21:37,275 INFO  [org.apa.kaf.cli.con.int.ConsumerCoordinator] (ForkJoinPool.commonPool-worker-2) [Consumer clientId=consumer-Consumer-topic-6a0f17e2_b187_447a_aaa0_f2e067ffc835-13, groupId=Consumer-topic-6a0f17e2_b187_447a_aaa0_f2e067ffc835] Notifying assignor about the new Assignment(partitions=[topic-6a0f17e2_b187_447a_aaa0_f2e067ffc835-0])
2025-09-02 18:21:37,275 INFO  [org.apa.kaf.cli.con.int.ConsumerRebalanceListenerInvoker] (ForkJoinPool.commonPool-worker-2) [Consumer clientId=consumer-Consumer-topic-6a0f17e2_b187_447a_aaa0_f2e067ffc835-13, groupId=Consumer-topic-6a0f17e2_b187_447a_aaa0_f2e067ffc835] Adding newly assigned partitions: topic-6a0f17e2_b187_447a_aaa0_f2e067ffc835-0
2025-09-02 18:21:37,275 INFO  [org.apa.kaf.cli.con.int.ConsumerCoordinator] (ForkJoinPool.commonPool-worker-2) [Consumer clientId=consumer-Consumer-topic-6a0f17e2_b187_447a_aaa0_f2e067ffc835-13, groupId=Consumer-topic-6a0f17e2_b187_447a_aaa0_f2e067ffc835] Found no committed offset for partition topic-6a0f17e2_b187_447a_aaa0_f2e067ffc835-0
2025-09-02 18:21:37,278 INFO  [org.apa.kaf.cli.con.int.SubscriptionState] (ForkJoinPool.commonPool-worker-2) [Consumer clientId=consumer-Consumer-topic-6a0f17e2_b187_447a_aaa0_f2e067ffc835-13, groupId=Consumer-topic-6a0f17e2_b187_447a_aaa0_f2e067ffc835] Resetting offset for partition topic-6a0f17e2_b187_447a_aaa0_f2e067ffc835-0 to position FetchPosition{offset=0, offsetEpoch=Optional.empty, currentLeader=LeaderAndEpoch{leader=Optional[localhost:32769 (id: 0 rack: null)], epoch=0}}.
2025-09-02 18:21:37,372 INFO  [io.api.tes.ser.api.KafkaSerdesTester] (ForkJoinPool.commonPool-worker-2) topic-6a0f17e2_b187_447a_aaa0_f2e067ffc835 0 0 {"key11756837293026": "value-0"}
2025-09-02 18:21:37,372 INFO  [io.api.tes.ser.api.KafkaSerdesTester] (ForkJoinPool.commonPool-worker-2) topic-6a0f17e2_b187_447a_aaa0_f2e067ffc835 0 1 {"key11756837293026": "value-1"}
2025-09-02 18:21:37,372 INFO  [io.api.tes.ser.api.KafkaSerdesTester] (ForkJoinPool.commonPool-worker-2) topic-6a0f17e2_b187_447a_aaa0_f2e067ffc835 0 2 {"key11756837293026": "value-2"}
2025-09-02 18:21:37,372 INFO  [io.api.tes.ser.api.KafkaSerdesTester] (ForkJoinPool.commonPool-worker-2) topic-6a0f17e2_b187_447a_aaa0_f2e067ffc835 0 3 {"key11756837293026": "value-3"}
2025-09-02 18:21:37,372 INFO  [io.api.tes.ser.api.KafkaSerdesTester] (ForkJoinPool.commonPool-worker-2) topic-6a0f17e2_b187_447a_aaa0_f2e067ffc835 0 4 {"key11756837293026": "value-4"}
2025-09-02 18:21:37,372 INFO  [io.api.tes.ser.api.KafkaSerdesTester] (ForkJoinPool.commonPool-worker-2) topic-6a0f17e2_b187_447a_aaa0_f2e067ffc835 0 5 {"key11756837293026": "value-5"}
2025-09-02 18:21:37,372 INFO  [io.api.tes.ser.api.KafkaSerdesTester] (ForkJoinPool.commonPool-worker-2) topic-6a0f17e2_b187_447a_aaa0_f2e067ffc835 0 6 {"key11756837293026": "value-6"}
2025-09-02 18:21:37,372 INFO  [io.api.tes.ser.api.KafkaSerdesTester] (ForkJoinPool.commonPool-worker-2) topic-6a0f17e2_b187_447a_aaa0_f2e067ffc835 0 7 {"key11756837293026": "value-7"}
2025-09-02 18:21:37,372 INFO  [io.api.tes.ser.api.KafkaSerdesTester] (ForkJoinPool.commonPool-worker-2) topic-6a0f17e2_b187_447a_aaa0_f2e067ffc835 0 8 {"key11756837293026": "value-8"}
2025-09-02 18:21:37,372 INFO  [io.api.tes.ser.api.KafkaSerdesTester] (ForkJoinPool.commonPool-worker-2) topic-6a0f17e2_b187_447a_aaa0_f2e067ffc835 0 9 {"key11756837293026": "value-9"}
2025-09-02 18:21:37,372 INFO  [io.api.tes.ser.api.KafkaSerdesTester] (ForkJoinPool.commonPool-worker-2) Consumed 10 messages
2025-09-02 18:21:37,379 INFO  [org.apa.kaf.cli.con.int.ConsumerRebalanceListenerInvoker] (ForkJoinPool.commonPool-worker-2) [Consumer clientId=consumer-Consumer-topic-6a0f17e2_b187_447a_aaa0_f2e067ffc835-13, groupId=Consumer-topic-6a0f17e2_b187_447a_aaa0_f2e067ffc835] Revoke previously assigned partitions topic-6a0f17e2_b187_447a_aaa0_f2e067ffc835-0
2025-09-02 18:21:37,379 INFO  [org.apa.kaf.cli.con.int.ConsumerCoordinator] (ForkJoinPool.commonPool-worker-2) [Consumer clientId=consumer-Consumer-topic-6a0f17e2_b187_447a_aaa0_f2e067ffc835-13, groupId=Consumer-topic-6a0f17e2_b187_447a_aaa0_f2e067ffc835] Member consumer-Consumer-topic-6a0f17e2_b187_447a_aaa0_f2e067ffc835-13-dfcc8dca-5f45-461f-8abf-ea09036fb6ec sending LeaveGroup request to coordinator localhost:32769 (id: 2147483647 rack: null) due to the consumer is being closed
2025-09-02 18:21:37,379 INFO  [org.apa.kaf.cli.con.int.ConsumerCoordinator] (ForkJoinPool.commonPool-worker-2) [Consumer clientId=consumer-Consumer-topic-6a0f17e2_b187_447a_aaa0_f2e067ffc835-13, groupId=Consumer-topic-6a0f17e2_b187_447a_aaa0_f2e067ffc835] Resetting generation and member id due to: consumer pro-actively leaving the group
2025-09-02 18:21:37,379 INFO  [org.apa.kaf.cli.con.int.ConsumerCoordinator] (ForkJoinPool.commonPool-worker-2) [Consumer clientId=consumer-Consumer-topic-6a0f17e2_b187_447a_aaa0_f2e067ffc835-13, groupId=Consumer-topic-6a0f17e2_b187_447a_aaa0_f2e067ffc835] Request joining group due to: consumer pro-actively leaving the group
2025-09-02 18:21:37,875 INFO  [org.apa.kaf.com.met.Metrics] (ForkJoinPool.commonPool-worker-2) Metrics scheduler closed
2025-09-02 18:21:37,875 INFO  [org.apa.kaf.com.met.Metrics] (ForkJoinPool.commonPool-worker-2) Closing reporter org.apache.kafka.common.metrics.JmxReporter
2025-09-02 18:21:37,875 INFO  [org.apa.kaf.com.met.Metrics] (ForkJoinPool.commonPool-worker-2) Closing reporter org.apache.kafka.common.telemetry.internals.ClientTelemetryReporter
2025-09-02 18:21:37,875 INFO  [org.apa.kaf.com.met.Metrics] (ForkJoinPool.commonPool-worker-2) Metrics reporters closed
2025-09-02 18:21:37,876 INFO  [org.apa.kaf.com.uti.AppInfoParser] (ForkJoinPool.commonPool-worker-2) App info kafka.consumer for consumer-Consumer-topic-6a0f17e2_b187_447a_aaa0_f2e067ffc835-13 unregistered
2025-09-02 18:21:37,876 INFO  [io.api.tes.uti.TestSeparator] (main) io.apicurio.tests.serdes.apicurio.AvroSerdeIT.testTopicRecordIdStrategydFindLatest-FINISHED
2025-09-02 18:21:37,876 INFO  [io.api.tes.uti.TestSeparator] (main) ############################################################################
Test passed: testTopicRecordIdStrategydFindLatest
]]></system-out>
  </testcase>
  <testcase name="testAvroConfluentForMultipleTopics" classname="io.apicurio.tests.serdes.apicurio.AvroSerdeIT" time="12.19">
    <system-out><![CDATA[2025-09-02 18:21:37,878 INFO  [io.api.tes.uti.TestSeparator] (main) ############################################################################
2025-09-02 18:21:37,878 INFO  [io.api.tes.uti.TestSeparator] (main) io.apicurio.tests.serdes.apicurio.AvroSerdeIT.testAvroConfluentForMultipleTopics-STARTED
2025-09-02 18:21:37,878 INFO  [io.api.tes.ser.api.AvroSerdeIT] (main) Registering Avro Schema: {"type":"record","name":"myrecordconfluent","fields":[{"name":"key11756837297878","type":"string"}]}
**** Registry Base URL: http://registry-app-mysql.apps.ci419.apicurio-testing.org:80
2025-09-02 18:21:38,986 INFO  [org.apa.kaf.cli.pro.ProducerConfig] (main) ProducerConfig values: 
	acks = -1
	auto.include.jmx.reporter = true
	batch.size = 16384
	bootstrap.servers = [PLAINTEXT://localhost:32769]
	buffer.memory = 33554432
	client.dns.lookup = use_all_dns_ips
	client.id = Producer-topic-10741f53_f001_4cf9_b297_0c7d5162ff06
	compression.gzip.level = -1
	compression.lz4.level = 9
	compression.type = none
	compression.zstd.level = 3
	connections.max.idle.ms = 10000
	delivery.timeout.ms = 120000
	enable.idempotence = true
	enable.metrics.push = true
	interceptor.classes = []
	key.serializer = class org.apache.kafka.common.serialization.StringSerializer
	linger.ms = 0
	max.block.ms = 60000
	max.in.flight.requests.per.connection = 5
	max.request.size = 1048576
	metadata.max.age.ms = 300000
	metadata.max.idle.ms = 300000
	metadata.recovery.strategy = none
	metric.reporters = []
	metrics.num.samples = 2
	metrics.recording.level = INFO
	metrics.sample.window.ms = 30000
	partitioner.adaptive.partitioning.enable = true
	partitioner.availability.timeout.ms = 0
	partitioner.class = null
	partitioner.ignore.keys = false
	receive.buffer.bytes = 32768
	reconnect.backoff.max.ms = 1000
	reconnect.backoff.ms = 50
	request.timeout.ms = 5000
	retries = 2147483647
	retry.backoff.max.ms = 1000
	retry.backoff.ms = 100
	sasl.client.callback.handler.class = null
	sasl.jaas.config = null
	sasl.kerberos.kinit.cmd = /usr/bin/kinit
	sasl.kerberos.min.time.before.relogin = 60000
	sasl.kerberos.service.name = null
	sasl.kerberos.ticket.renew.jitter = 0.05
	sasl.kerberos.ticket.renew.window.factor = 0.8
	sasl.login.callback.handler.class = null
	sasl.login.class = null
	sasl.login.connect.timeout.ms = null
	sasl.login.read.timeout.ms = null
	sasl.login.refresh.buffer.seconds = 300
	sasl.login.refresh.min.period.seconds = 60
	sasl.login.refresh.window.factor = 0.8
	sasl.login.refresh.window.jitter = 0.05
	sasl.login.retry.backoff.max.ms = 10000
	sasl.login.retry.backoff.ms = 100
	sasl.mechanism = GSSAPI
	sasl.oauthbearer.clock.skew.seconds = 30
	sasl.oauthbearer.expected.audience = null
	sasl.oauthbearer.expected.issuer = null
	sasl.oauthbearer.header.urlencode = false
	sasl.oauthbearer.jwks.endpoint.refresh.ms = 3600000
	sasl.oauthbearer.jwks.endpoint.retry.backoff.max.ms = 10000
	sasl.oauthbearer.jwks.endpoint.retry.backoff.ms = 100
	sasl.oauthbearer.jwks.endpoint.url = null
	sasl.oauthbearer.scope.claim.name = scope
	sasl.oauthbearer.sub.claim.name = sub
	sasl.oauthbearer.token.endpoint.url = null
	security.protocol = PLAINTEXT
	security.providers = null
	send.buffer.bytes = 131072
	socket.connection.setup.timeout.max.ms = 30000
	socket.connection.setup.timeout.ms = 10000
	ssl.cipher.suites = null
	ssl.enabled.protocols = [TLSv1.2, TLSv1.3]
	ssl.endpoint.identification.algorithm = https
	ssl.engine.factory.class = null
	ssl.key.password = null
	ssl.keymanager.algorithm = SunX509
	ssl.keystore.certificate.chain = null
	ssl.keystore.key = null
	ssl.keystore.location = null
	ssl.keystore.password = null
	ssl.keystore.type = JKS
	ssl.protocol = TLSv1.3
	ssl.provider = null
	ssl.secure.random.implementation = null
	ssl.trustmanager.algorithm = PKIX
	ssl.truststore.certificates = null
	ssl.truststore.location = null
	ssl.truststore.password = null
	ssl.truststore.type = JKS
	transaction.timeout.ms = 60000
	transactional.id = null
	value.serializer = class io.apicurio.registry.serde.avro.AvroKafkaSerializer

2025-09-02 18:21:38,987 INFO  [org.apa.kaf.com.tel.int.KafkaMetricsCollector] (main) initializing Kafka metrics collector
2025-09-02 18:21:38,989 INFO  [org.apa.kaf.cli.pro.KafkaProducer] (main) [Producer clientId=Producer-topic-10741f53_f001_4cf9_b297_0c7d5162ff06] Instantiated an idempotent producer.
2025-09-02 18:21:38,991 INFO  [org.apa.kaf.cli.pro.ProducerConfig] (main) These configurations '[apicurio.registry.url, apicurio.registry.artifact-resolver-strategy]' were supplied but are not used yet.
2025-09-02 18:21:38,991 INFO  [org.apa.kaf.com.uti.AppInfoParser] (main) Kafka version: 3.9.1
2025-09-02 18:21:38,991 INFO  [org.apa.kaf.com.uti.AppInfoParser] (main) Kafka commitId: f745dfdcee2b9851
2025-09-02 18:21:38,991 INFO  [org.apa.kaf.com.uti.AppInfoParser] (main) Kafka startTimeMs: 1756837298991
**** Registry Base URL: http://registry-app-mysql.apps.ci419.apicurio-testing.org:80
2025-09-02 18:21:38,992 INFO  [org.apa.kaf.cli.pro.ProducerConfig] (main) ProducerConfig values: 
	acks = -1
	auto.include.jmx.reporter = true
	batch.size = 16384
	bootstrap.servers = [PLAINTEXT://localhost:32769]
	buffer.memory = 33554432
	client.dns.lookup = use_all_dns_ips
	client.id = Producer-topic-06acd90d_80bc_4d32_9b6d_977597072ab5
	compression.gzip.level = -1
	compression.lz4.level = 9
	compression.type = none
	compression.zstd.level = 3
	connections.max.idle.ms = 10000
	delivery.timeout.ms = 120000
	enable.idempotence = true
	enable.metrics.push = true
	interceptor.classes = []
	key.serializer = class org.apache.kafka.common.serialization.StringSerializer
	linger.ms = 0
	max.block.ms = 60000
	max.in.flight.requests.per.connection = 5
	max.request.size = 1048576
	metadata.max.age.ms = 300000
	metadata.max.idle.ms = 300000
	metadata.recovery.strategy = none
	metric.reporters = []
	metrics.num.samples = 2
	metrics.recording.level = INFO
	metrics.sample.window.ms = 30000
	partitioner.adaptive.partitioning.enable = true
	partitioner.availability.timeout.ms = 0
	partitioner.class = null
	partitioner.ignore.keys = false
	receive.buffer.bytes = 32768
	reconnect.backoff.max.ms = 1000
	reconnect.backoff.ms = 50
	request.timeout.ms = 5000
	retries = 2147483647
	retry.backoff.max.ms = 1000
	retry.backoff.ms = 100
	sasl.client.callback.handler.class = null
	sasl.jaas.config = null
	sasl.kerberos.kinit.cmd = /usr/bin/kinit
	sasl.kerberos.min.time.before.relogin = 60000
	sasl.kerberos.service.name = null
	sasl.kerberos.ticket.renew.jitter = 0.05
	sasl.kerberos.ticket.renew.window.factor = 0.8
	sasl.login.callback.handler.class = null
	sasl.login.class = null
	sasl.login.connect.timeout.ms = null
	sasl.login.read.timeout.ms = null
	sasl.login.refresh.buffer.seconds = 300
	sasl.login.refresh.min.period.seconds = 60
	sasl.login.refresh.window.factor = 0.8
	sasl.login.refresh.window.jitter = 0.05
	sasl.login.retry.backoff.max.ms = 10000
	sasl.login.retry.backoff.ms = 100
	sasl.mechanism = GSSAPI
	sasl.oauthbearer.clock.skew.seconds = 30
	sasl.oauthbearer.expected.audience = null
	sasl.oauthbearer.expected.issuer = null
	sasl.oauthbearer.header.urlencode = false
	sasl.oauthbearer.jwks.endpoint.refresh.ms = 3600000
	sasl.oauthbearer.jwks.endpoint.retry.backoff.max.ms = 10000
	sasl.oauthbearer.jwks.endpoint.retry.backoff.ms = 100
	sasl.oauthbearer.jwks.endpoint.url = null
	sasl.oauthbearer.scope.claim.name = scope
	sasl.oauthbearer.sub.claim.name = sub
	sasl.oauthbearer.token.endpoint.url = null
	security.protocol = PLAINTEXT
	security.providers = null
	send.buffer.bytes = 131072
	socket.connection.setup.timeout.max.ms = 30000
	socket.connection.setup.timeout.ms = 10000
	ssl.cipher.suites = null
	ssl.enabled.protocols = [TLSv1.2, TLSv1.3]
	ssl.endpoint.identification.algorithm = https
	ssl.engine.factory.class = null
	ssl.key.password = null
	ssl.keymanager.algorithm = SunX509
	ssl.keystore.certificate.chain = null
	ssl.keystore.key = null
	ssl.keystore.location = null
	ssl.keystore.password = null
	ssl.keystore.type = JKS
	ssl.protocol = TLSv1.3
	ssl.provider = null
	ssl.secure.random.implementation = null
	ssl.trustmanager.algorithm = PKIX
	ssl.truststore.certificates = null
	ssl.truststore.location = null
	ssl.truststore.password = null
	ssl.truststore.type = JKS
	transaction.timeout.ms = 60000
	transactional.id = null
	value.serializer = class io.apicurio.registry.serde.avro.AvroKafkaSerializer

2025-09-02 18:21:38,992 INFO  [org.apa.kaf.com.tel.int.KafkaMetricsCollector] (main) initializing Kafka metrics collector
2025-09-02 18:21:38,995 INFO  [org.apa.kaf.cli.Metadata] (kafka-producer-network-thread | Producer-topic-10741f53_f001_4cf9_b297_0c7d5162ff06) [Producer clientId=Producer-topic-10741f53_f001_4cf9_b297_0c7d5162ff06] Cluster ID: zhgBwCfeQnC1PCRKjnRbQg
2025-09-02 18:21:38,996 INFO  [org.apa.kaf.cli.pro.int.TransactionManager] (kafka-producer-network-thread | Producer-topic-10741f53_f001_4cf9_b297_0c7d5162ff06) [Producer clientId=Producer-topic-10741f53_f001_4cf9_b297_0c7d5162ff06] ProducerId set to 19 with epoch 0
2025-09-02 18:21:38,997 INFO  [org.apa.kaf.cli.pro.KafkaProducer] (main) [Producer clientId=Producer-topic-06acd90d_80bc_4d32_9b6d_977597072ab5] Instantiated an idempotent producer.
2025-09-02 18:21:39,000 INFO  [org.apa.kaf.cli.pro.ProducerConfig] (main) These configurations '[apicurio.registry.url, apicurio.registry.artifact-resolver-strategy]' were supplied but are not used yet.
2025-09-02 18:21:39,000 INFO  [org.apa.kaf.com.uti.AppInfoParser] (main) Kafka version: 3.9.1
2025-09-02 18:21:39,000 INFO  [org.apa.kaf.com.uti.AppInfoParser] (main) Kafka commitId: f745dfdcee2b9851
2025-09-02 18:21:39,001 INFO  [org.apa.kaf.com.uti.AppInfoParser] (main) Kafka startTimeMs: 1756837299000
**** Registry Base URL: http://registry-app-mysql.apps.ci419.apicurio-testing.org:80
2025-09-02 18:21:39,001 INFO  [org.apa.kaf.cli.pro.ProducerConfig] (main) ProducerConfig values: 
	acks = -1
	auto.include.jmx.reporter = true
	batch.size = 16384
	bootstrap.servers = [PLAINTEXT://localhost:32769]
	buffer.memory = 33554432
	client.dns.lookup = use_all_dns_ips
	client.id = Producer-topic-cb1bd84e_f0a4_45bd_8a43_10f534a4ab88
	compression.gzip.level = -1
	compression.lz4.level = 9
	compression.type = none
	compression.zstd.level = 3
	connections.max.idle.ms = 10000
	delivery.timeout.ms = 120000
	enable.idempotence = true
	enable.metrics.push = true
	interceptor.classes = []
	key.serializer = class org.apache.kafka.common.serialization.StringSerializer
	linger.ms = 0
	max.block.ms = 60000
	max.in.flight.requests.per.connection = 5
	max.request.size = 1048576
	metadata.max.age.ms = 300000
	metadata.max.idle.ms = 300000
	metadata.recovery.strategy = none
	metric.reporters = []
	metrics.num.samples = 2
	metrics.recording.level = INFO
	metrics.sample.window.ms = 30000
	partitioner.adaptive.partitioning.enable = true
	partitioner.availability.timeout.ms = 0
	partitioner.class = null
	partitioner.ignore.keys = false
	receive.buffer.bytes = 32768
	reconnect.backoff.max.ms = 1000
	reconnect.backoff.ms = 50
	request.timeout.ms = 5000
	retries = 2147483647
	retry.backoff.max.ms = 1000
	retry.backoff.ms = 100
	sasl.client.callback.handler.class = null
	sasl.jaas.config = null
	sasl.kerberos.kinit.cmd = /usr/bin/kinit
	sasl.kerberos.min.time.before.relogin = 60000
	sasl.kerberos.service.name = null
	sasl.kerberos.ticket.renew.jitter = 0.05
	sasl.kerberos.ticket.renew.window.factor = 0.8
	sasl.login.callback.handler.class = null
	sasl.login.class = null
	sasl.login.connect.timeout.ms = null
	sasl.login.read.timeout.ms = null
	sasl.login.refresh.buffer.seconds = 300
	sasl.login.refresh.min.period.seconds = 60
	sasl.login.refresh.window.factor = 0.8
	sasl.login.refresh.window.jitter = 0.05
	sasl.login.retry.backoff.max.ms = 10000
	sasl.login.retry.backoff.ms = 100
	sasl.mechanism = GSSAPI
	sasl.oauthbearer.clock.skew.seconds = 30
	sasl.oauthbearer.expected.audience = null
	sasl.oauthbearer.expected.issuer = null
	sasl.oauthbearer.header.urlencode = false
	sasl.oauthbearer.jwks.endpoint.refresh.ms = 3600000
	sasl.oauthbearer.jwks.endpoint.retry.backoff.max.ms = 10000
	sasl.oauthbearer.jwks.endpoint.retry.backoff.ms = 100
	sasl.oauthbearer.jwks.endpoint.url = null
	sasl.oauthbearer.scope.claim.name = scope
	sasl.oauthbearer.sub.claim.name = sub
	sasl.oauthbearer.token.endpoint.url = null
	security.protocol = PLAINTEXT
	security.providers = null
	send.buffer.bytes = 131072
	socket.connection.setup.timeout.max.ms = 30000
	socket.connection.setup.timeout.ms = 10000
	ssl.cipher.suites = null
	ssl.enabled.protocols = [TLSv1.2, TLSv1.3]
	ssl.endpoint.identification.algorithm = https
	ssl.engine.factory.class = null
	ssl.key.password = null
	ssl.keymanager.algorithm = SunX509
	ssl.keystore.certificate.chain = null
	ssl.keystore.key = null
	ssl.keystore.location = null
	ssl.keystore.password = null
	ssl.keystore.type = JKS
	ssl.protocol = TLSv1.3
	ssl.provider = null
	ssl.secure.random.implementation = null
	ssl.trustmanager.algorithm = PKIX
	ssl.truststore.certificates = null
	ssl.truststore.location = null
	ssl.truststore.password = null
	ssl.truststore.type = JKS
	transaction.timeout.ms = 60000
	transactional.id = null
	value.serializer = class io.apicurio.registry.serde.avro.AvroKafkaSerializer

2025-09-02 18:21:39,001 INFO  [org.apa.kaf.com.tel.int.KafkaMetricsCollector] (main) initializing Kafka metrics collector
2025-09-02 18:21:39,003 INFO  [org.apa.kaf.cli.Metadata] (kafka-producer-network-thread | Producer-topic-06acd90d_80bc_4d32_9b6d_977597072ab5) [Producer clientId=Producer-topic-06acd90d_80bc_4d32_9b6d_977597072ab5] Cluster ID: zhgBwCfeQnC1PCRKjnRbQg
2025-09-02 18:21:39,003 INFO  [org.apa.kaf.cli.pro.int.TransactionManager] (kafka-producer-network-thread | Producer-topic-06acd90d_80bc_4d32_9b6d_977597072ab5) [Producer clientId=Producer-topic-06acd90d_80bc_4d32_9b6d_977597072ab5] ProducerId set to 20 with epoch 0
2025-09-02 18:21:39,005 INFO  [org.apa.kaf.cli.pro.KafkaProducer] (main) [Producer clientId=Producer-topic-cb1bd84e_f0a4_45bd_8a43_10f534a4ab88] Instantiated an idempotent producer.
2025-09-02 18:21:39,007 INFO  [org.apa.kaf.cli.pro.ProducerConfig] (main) These configurations '[apicurio.registry.url, apicurio.registry.artifact-resolver-strategy]' were supplied but are not used yet.
2025-09-02 18:21:39,007 INFO  [org.apa.kaf.com.uti.AppInfoParser] (main) Kafka version: 3.9.1
2025-09-02 18:21:39,007 INFO  [org.apa.kaf.com.uti.AppInfoParser] (main) Kafka commitId: f745dfdcee2b9851
2025-09-02 18:21:39,007 INFO  [org.apa.kaf.com.uti.AppInfoParser] (main) Kafka startTimeMs: 1756837299007
**** Registry Base URL: http://registry-app-mysql.apps.ci419.apicurio-testing.org:80
2025-09-02 18:21:39,008 INFO  [org.apa.kaf.cli.con.ConsumerConfig] (main) ConsumerConfig values: 
	allow.auto.create.topics = true
	auto.commit.interval.ms = 500
	auto.include.jmx.reporter = true
	auto.offset.reset = earliest
	bootstrap.servers = [PLAINTEXT://localhost:32769]
	check.crcs = true
	client.dns.lookup = use_all_dns_ips
	client.id = consumer-Consumer-topic-10741f53_f001_4cf9_b297_0c7d5162ff06-14
	client.rack = 
	connections.max.idle.ms = 10000
	default.api.timeout.ms = 60000
	enable.auto.commit = true
	enable.metrics.push = true
	exclude.internal.topics = true
	fetch.max.bytes = 52428800
	fetch.max.wait.ms = 500
	fetch.min.bytes = 1
	group.id = Consumer-topic-10741f53_f001_4cf9_b297_0c7d5162ff06
	group.instance.id = null
	group.protocol = classic
	group.remote.assignor = null
	heartbeat.interval.ms = 3000
	interceptor.classes = []
	internal.leave.group.on.close = true
	internal.throw.on.fetch.stable.offset.unsupported = false
	isolation.level = read_uncommitted
	key.deserializer = class org.apache.kafka.common.serialization.StringDeserializer
	max.partition.fetch.bytes = 1048576
	max.poll.interval.ms = 300000
	max.poll.records = 500
	metadata.max.age.ms = 300000
	metadata.recovery.strategy = none
	metric.reporters = []
	metrics.num.samples = 2
	metrics.recording.level = INFO
	metrics.sample.window.ms = 30000
	partition.assignment.strategy = [class org.apache.kafka.clients.consumer.RangeAssignor, class org.apache.kafka.clients.consumer.CooperativeStickyAssignor]
	receive.buffer.bytes = 65536
	reconnect.backoff.max.ms = 1000
	reconnect.backoff.ms = 50
	request.timeout.ms = 5000
	retry.backoff.max.ms = 1000
	retry.backoff.ms = 100
	sasl.client.callback.handler.class = null
	sasl.jaas.config = null
	sasl.kerberos.kinit.cmd = /usr/bin/kinit
	sasl.kerberos.min.time.before.relogin = 60000
	sasl.kerberos.service.name = null
	sasl.kerberos.ticket.renew.jitter = 0.05
	sasl.kerberos.ticket.renew.window.factor = 0.8
	sasl.login.callback.handler.class = null
	sasl.login.class = null
	sasl.login.connect.timeout.ms = null
	sasl.login.read.timeout.ms = null
	sasl.login.refresh.buffer.seconds = 300
	sasl.login.refresh.min.period.seconds = 60
	sasl.login.refresh.window.factor = 0.8
	sasl.login.refresh.window.jitter = 0.05
	sasl.login.retry.backoff.max.ms = 10000
	sasl.login.retry.backoff.ms = 100
	sasl.mechanism = GSSAPI
	sasl.oauthbearer.clock.skew.seconds = 30
	sasl.oauthbearer.expected.audience = null
	sasl.oauthbearer.expected.issuer = null
	sasl.oauthbearer.header.urlencode = false
	sasl.oauthbearer.jwks.endpoint.refresh.ms = 3600000
	sasl.oauthbearer.jwks.endpoint.retry.backoff.max.ms = 10000
	sasl.oauthbearer.jwks.endpoint.retry.backoff.ms = 100
	sasl.oauthbearer.jwks.endpoint.url = null
	sasl.oauthbearer.scope.claim.name = scope
	sasl.oauthbearer.sub.claim.name = sub
	sasl.oauthbearer.token.endpoint.url = null
	security.protocol = PLAINTEXT
	security.providers = null
	send.buffer.bytes = 131072
	session.timeout.ms = 45000
	socket.connection.setup.timeout.max.ms = 30000
	socket.connection.setup.timeout.ms = 10000
	ssl.cipher.suites = null
	ssl.enabled.protocols = [TLSv1.2, TLSv1.3]
	ssl.endpoint.identification.algorithm = https
	ssl.engine.factory.class = null
	ssl.key.password = null
	ssl.keymanager.algorithm = SunX509
	ssl.keystore.certificate.chain = null
	ssl.keystore.key = null
	ssl.keystore.location = null
	ssl.keystore.password = null
	ssl.keystore.type = JKS
	ssl.protocol = TLSv1.3
	ssl.provider = null
	ssl.secure.random.implementation = null
	ssl.trustmanager.algorithm = PKIX
	ssl.truststore.certificates = null
	ssl.truststore.location = null
	ssl.truststore.password = null
	ssl.truststore.type = JKS
	value.deserializer = class io.apicurio.registry.serde.avro.AvroKafkaDeserializer

2025-09-02 18:21:39,008 INFO  [org.apa.kaf.com.tel.int.KafkaMetricsCollector] (main) initializing Kafka metrics collector
2025-09-02 18:21:39,012 INFO  [org.apa.kaf.cli.Metadata] (kafka-producer-network-thread | Producer-topic-cb1bd84e_f0a4_45bd_8a43_10f534a4ab88) [Producer clientId=Producer-topic-cb1bd84e_f0a4_45bd_8a43_10f534a4ab88] Cluster ID: zhgBwCfeQnC1PCRKjnRbQg
2025-09-02 18:21:39,012 INFO  [org.apa.kaf.cli.pro.int.TransactionManager] (kafka-producer-network-thread | Producer-topic-cb1bd84e_f0a4_45bd_8a43_10f534a4ab88) [Producer clientId=Producer-topic-cb1bd84e_f0a4_45bd_8a43_10f534a4ab88] ProducerId set to 21 with epoch 0
2025-09-02 18:21:39,012 INFO  [org.apa.kaf.cli.con.ConsumerConfig] (main) These configurations '[apicurio.registry.url]' were supplied but are not used yet.
2025-09-02 18:21:39,012 INFO  [org.apa.kaf.com.uti.AppInfoParser] (main) Kafka version: 3.9.1
2025-09-02 18:21:39,012 INFO  [org.apa.kaf.com.uti.AppInfoParser] (main) Kafka commitId: f745dfdcee2b9851
2025-09-02 18:21:39,012 INFO  [org.apa.kaf.com.uti.AppInfoParser] (main) Kafka startTimeMs: 1756837299012
**** Registry Base URL: http://registry-app-mysql.apps.ci419.apicurio-testing.org:80
2025-09-02 18:21:39,013 INFO  [org.apa.kaf.cli.con.ConsumerConfig] (main) ConsumerConfig values: 
	allow.auto.create.topics = true
	auto.commit.interval.ms = 500
	auto.include.jmx.reporter = true
	auto.offset.reset = earliest
	bootstrap.servers = [PLAINTEXT://localhost:32769]
	check.crcs = true
	client.dns.lookup = use_all_dns_ips
	client.id = consumer-Consumer-topic-06acd90d_80bc_4d32_9b6d_977597072ab5-15
	client.rack = 
	connections.max.idle.ms = 10000
	default.api.timeout.ms = 60000
	enable.auto.commit = true
	enable.metrics.push = true
	exclude.internal.topics = true
	fetch.max.bytes = 52428800
	fetch.max.wait.ms = 500
	fetch.min.bytes = 1
	group.id = Consumer-topic-06acd90d_80bc_4d32_9b6d_977597072ab5
	group.instance.id = null
	group.protocol = classic
	group.remote.assignor = null
	heartbeat.interval.ms = 3000
	interceptor.classes = []
	internal.leave.group.on.close = true
	internal.throw.on.fetch.stable.offset.unsupported = false
	isolation.level = read_uncommitted
	key.deserializer = class org.apache.kafka.common.serialization.StringDeserializer
	max.partition.fetch.bytes = 1048576
	max.poll.interval.ms = 300000
	max.poll.records = 500
	metadata.max.age.ms = 300000
	metadata.recovery.strategy = none
	metric.reporters = []
	metrics.num.samples = 2
	metrics.recording.level = INFO
	metrics.sample.window.ms = 30000
	partition.assignment.strategy = [class org.apache.kafka.clients.consumer.RangeAssignor, class org.apache.kafka.clients.consumer.CooperativeStickyAssignor]
	receive.buffer.bytes = 65536
	reconnect.backoff.max.ms = 1000
	reconnect.backoff.ms = 50
	request.timeout.ms = 5000
	retry.backoff.max.ms = 1000
	retry.backoff.ms = 100
	sasl.client.callback.handler.class = null
	sasl.jaas.config = null
	sasl.kerberos.kinit.cmd = /usr/bin/kinit
	sasl.kerberos.min.time.before.relogin = 60000
	sasl.kerberos.service.name = null
	sasl.kerberos.ticket.renew.jitter = 0.05
	sasl.kerberos.ticket.renew.window.factor = 0.8
	sasl.login.callback.handler.class = null
	sasl.login.class = null
	sasl.login.connect.timeout.ms = null
	sasl.login.read.timeout.ms = null
	sasl.login.refresh.buffer.seconds = 300
	sasl.login.refresh.min.period.seconds = 60
	sasl.login.refresh.window.factor = 0.8
	sasl.login.refresh.window.jitter = 0.05
	sasl.login.retry.backoff.max.ms = 10000
	sasl.login.retry.backoff.ms = 100
	sasl.mechanism = GSSAPI
	sasl.oauthbearer.clock.skew.seconds = 30
	sasl.oauthbearer.expected.audience = null
	sasl.oauthbearer.expected.issuer = null
	sasl.oauthbearer.header.urlencode = false
	sasl.oauthbearer.jwks.endpoint.refresh.ms = 3600000
	sasl.oauthbearer.jwks.endpoint.retry.backoff.max.ms = 10000
	sasl.oauthbearer.jwks.endpoint.retry.backoff.ms = 100
	sasl.oauthbearer.jwks.endpoint.url = null
	sasl.oauthbearer.scope.claim.name = scope
	sasl.oauthbearer.sub.claim.name = sub
	sasl.oauthbearer.token.endpoint.url = null
	security.protocol = PLAINTEXT
	security.providers = null
	send.buffer.bytes = 131072
	session.timeout.ms = 45000
	socket.connection.setup.timeout.max.ms = 30000
	socket.connection.setup.timeout.ms = 10000
	ssl.cipher.suites = null
	ssl.enabled.protocols = [TLSv1.2, TLSv1.3]
	ssl.endpoint.identification.algorithm = https
	ssl.engine.factory.class = null
	ssl.key.password = null
	ssl.keymanager.algorithm = SunX509
	ssl.keystore.certificate.chain = null
	ssl.keystore.key = null
	ssl.keystore.location = null
	ssl.keystore.password = null
	ssl.keystore.type = JKS
	ssl.protocol = TLSv1.3
	ssl.provider = null
	ssl.secure.random.implementation = null
	ssl.trustmanager.algorithm = PKIX
	ssl.truststore.certificates = null
	ssl.truststore.location = null
	ssl.truststore.password = null
	ssl.truststore.type = JKS
	value.deserializer = class io.apicurio.registry.serde.avro.AvroKafkaDeserializer

2025-09-02 18:21:39,013 INFO  [org.apa.kaf.com.tel.int.KafkaMetricsCollector] (main) initializing Kafka metrics collector
2025-09-02 18:21:39,017 INFO  [org.apa.kaf.cli.con.ConsumerConfig] (main) These configurations '[apicurio.registry.url]' were supplied but are not used yet.
2025-09-02 18:21:39,017 INFO  [org.apa.kaf.com.uti.AppInfoParser] (main) Kafka version: 3.9.1
2025-09-02 18:21:39,017 INFO  [org.apa.kaf.com.uti.AppInfoParser] (main) Kafka commitId: f745dfdcee2b9851
2025-09-02 18:21:39,017 INFO  [org.apa.kaf.com.uti.AppInfoParser] (main) Kafka startTimeMs: 1756837299017
**** Registry Base URL: http://registry-app-mysql.apps.ci419.apicurio-testing.org:80
2025-09-02 18:21:39,017 INFO  [org.apa.kaf.cli.con.ConsumerConfig] (main) ConsumerConfig values: 
	allow.auto.create.topics = true
	auto.commit.interval.ms = 500
	auto.include.jmx.reporter = true
	auto.offset.reset = earliest
	bootstrap.servers = [PLAINTEXT://localhost:32769]
	check.crcs = true
	client.dns.lookup = use_all_dns_ips
	client.id = consumer-Consumer-topic-cb1bd84e_f0a4_45bd_8a43_10f534a4ab88-16
	client.rack = 
	connections.max.idle.ms = 10000
	default.api.timeout.ms = 60000
	enable.auto.commit = true
	enable.metrics.push = true
	exclude.internal.topics = true
	fetch.max.bytes = 52428800
	fetch.max.wait.ms = 500
	fetch.min.bytes = 1
	group.id = Consumer-topic-cb1bd84e_f0a4_45bd_8a43_10f534a4ab88
	group.instance.id = null
	group.protocol = classic
	group.remote.assignor = null
	heartbeat.interval.ms = 3000
	interceptor.classes = []
	internal.leave.group.on.close = true
	internal.throw.on.fetch.stable.offset.unsupported = false
	isolation.level = read_uncommitted
	key.deserializer = class org.apache.kafka.common.serialization.StringDeserializer
	max.partition.fetch.bytes = 1048576
	max.poll.interval.ms = 300000
	max.poll.records = 500
	metadata.max.age.ms = 300000
	metadata.recovery.strategy = none
	metric.reporters = []
	metrics.num.samples = 2
	metrics.recording.level = INFO
	metrics.sample.window.ms = 30000
	partition.assignment.strategy = [class org.apache.kafka.clients.consumer.RangeAssignor, class org.apache.kafka.clients.consumer.CooperativeStickyAssignor]
	receive.buffer.bytes = 65536
	reconnect.backoff.max.ms = 1000
	reconnect.backoff.ms = 50
	request.timeout.ms = 5000
	retry.backoff.max.ms = 1000
	retry.backoff.ms = 100
	sasl.client.callback.handler.class = null
	sasl.jaas.config = null
	sasl.kerberos.kinit.cmd = /usr/bin/kinit
	sasl.kerberos.min.time.before.relogin = 60000
	sasl.kerberos.service.name = null
	sasl.kerberos.ticket.renew.jitter = 0.05
	sasl.kerberos.ticket.renew.window.factor = 0.8
	sasl.login.callback.handler.class = null
	sasl.login.class = null
	sasl.login.connect.timeout.ms = null
	sasl.login.read.timeout.ms = null
	sasl.login.refresh.buffer.seconds = 300
	sasl.login.refresh.min.period.seconds = 60
	sasl.login.refresh.window.factor = 0.8
	sasl.login.refresh.window.jitter = 0.05
	sasl.login.retry.backoff.max.ms = 10000
	sasl.login.retry.backoff.ms = 100
	sasl.mechanism = GSSAPI
	sasl.oauthbearer.clock.skew.seconds = 30
	sasl.oauthbearer.expected.audience = null
	sasl.oauthbearer.expected.issuer = null
	sasl.oauthbearer.header.urlencode = false
	sasl.oauthbearer.jwks.endpoint.refresh.ms = 3600000
	sasl.oauthbearer.jwks.endpoint.retry.backoff.max.ms = 10000
	sasl.oauthbearer.jwks.endpoint.retry.backoff.ms = 100
	sasl.oauthbearer.jwks.endpoint.url = null
	sasl.oauthbearer.scope.claim.name = scope
	sasl.oauthbearer.sub.claim.name = sub
	sasl.oauthbearer.token.endpoint.url = null
	security.protocol = PLAINTEXT
	security.providers = null
	send.buffer.bytes = 131072
	session.timeout.ms = 45000
	socket.connection.setup.timeout.max.ms = 30000
	socket.connection.setup.timeout.ms = 10000
	ssl.cipher.suites = null
	ssl.enabled.protocols = [TLSv1.2, TLSv1.3]
	ssl.endpoint.identification.algorithm = https
	ssl.engine.factory.class = null
	ssl.key.password = null
	ssl.keymanager.algorithm = SunX509
	ssl.keystore.certificate.chain = null
	ssl.keystore.key = null
	ssl.keystore.location = null
	ssl.keystore.password = null
	ssl.keystore.type = JKS
	ssl.protocol = TLSv1.3
	ssl.provider = null
	ssl.secure.random.implementation = null
	ssl.trustmanager.algorithm = PKIX
	ssl.truststore.certificates = null
	ssl.truststore.location = null
	ssl.truststore.password = null
	ssl.truststore.type = JKS
	value.deserializer = class io.apicurio.registry.serde.avro.AvroKafkaDeserializer

2025-09-02 18:21:39,018 INFO  [org.apa.kaf.com.tel.int.KafkaMetricsCollector] (main) initializing Kafka metrics collector
2025-09-02 18:21:39,021 INFO  [org.apa.kaf.cli.con.ConsumerConfig] (main) These configurations '[apicurio.registry.url]' were supplied but are not used yet.
2025-09-02 18:21:39,021 INFO  [org.apa.kaf.com.uti.AppInfoParser] (main) Kafka version: 3.9.1
2025-09-02 18:21:39,021 INFO  [org.apa.kaf.com.uti.AppInfoParser] (main) Kafka commitId: f745dfdcee2b9851
2025-09-02 18:21:39,021 INFO  [org.apa.kaf.com.uti.AppInfoParser] (main) Kafka startTimeMs: 1756837299021
2025-09-02 18:21:39,022 INFO  [io.api.tes.ser.api.KafkaSerdesTester] (ForkJoinPool.commonPool-worker-2) Sending message {"key11756837297878": "value-0"} to topic topic-10741f53_f001_4cf9_b297_0c7d5162ff06
2025-09-02 18:21:39,025 INFO  [DefaultSchemaResolver] (ForkJoinPool.commonPool-worker-2) Retrieving schema content using string: {"type":"record","name":"myrecordconfluent","fields":[{"name":"key11756837297878","type":"string"}]}
2025-09-02 18:21:39,088 INFO  [io.api.tes.ser.api.KafkaSerdesTester] (ForkJoinPool.commonPool-worker-2) Sending message {"key11756837297878": "value-1"} to topic topic-10741f53_f001_4cf9_b297_0c7d5162ff06
2025-09-02 18:21:39,089 INFO  [io.api.tes.ser.api.KafkaSerdesTester] (ForkJoinPool.commonPool-worker-2) Sending message {"key11756837297878": "value-2"} to topic topic-10741f53_f001_4cf9_b297_0c7d5162ff06
2025-09-02 18:21:39,090 INFO  [io.api.tes.ser.api.KafkaSerdesTester] (ForkJoinPool.commonPool-worker-2) Sending message {"key11756837297878": "value-3"} to topic topic-10741f53_f001_4cf9_b297_0c7d5162ff06
2025-09-02 18:21:39,092 INFO  [io.api.tes.ser.api.KafkaSerdesTester] (ForkJoinPool.commonPool-worker-2) Sending message {"key11756837297878": "value-4"} to topic topic-10741f53_f001_4cf9_b297_0c7d5162ff06
2025-09-02 18:21:39,093 INFO  [io.api.tes.ser.api.KafkaSerdesTester] (ForkJoinPool.commonPool-worker-2) Sending message {"key11756837297878": "value-5"} to topic topic-10741f53_f001_4cf9_b297_0c7d5162ff06
2025-09-02 18:21:39,094 INFO  [io.api.tes.ser.api.KafkaSerdesTester] (ForkJoinPool.commonPool-worker-2) Sending message {"key11756837297878": "value-6"} to topic topic-10741f53_f001_4cf9_b297_0c7d5162ff06
2025-09-02 18:21:39,095 INFO  [io.api.tes.ser.api.KafkaSerdesTester] (ForkJoinPool.commonPool-worker-2) Sending message {"key11756837297878": "value-7"} to topic topic-10741f53_f001_4cf9_b297_0c7d5162ff06
2025-09-02 18:21:39,097 INFO  [io.api.tes.ser.api.KafkaSerdesTester] (ForkJoinPool.commonPool-worker-2) Sending message {"key11756837297878": "value-8"} to topic topic-10741f53_f001_4cf9_b297_0c7d5162ff06
2025-09-02 18:21:39,098 INFO  [io.api.tes.ser.api.KafkaSerdesTester] (ForkJoinPool.commonPool-worker-2) Sending message {"key11756837297878": "value-9"} to topic topic-10741f53_f001_4cf9_b297_0c7d5162ff06
2025-09-02 18:21:39,099 INFO  [io.api.tes.ser.api.KafkaSerdesTester] (ForkJoinPool.commonPool-worker-2) Produced 10 messages
2025-09-02 18:21:39,099 INFO  [org.apa.kaf.cli.pro.KafkaProducer] (ForkJoinPool.commonPool-worker-2) [Producer clientId=Producer-topic-10741f53_f001_4cf9_b297_0c7d5162ff06] Closing the Kafka producer with timeoutMillis = 9223372036854775807 ms.
2025-09-02 18:21:39,101 INFO  [org.apa.kaf.com.met.Metrics] (ForkJoinPool.commonPool-worker-2) Metrics scheduler closed
2025-09-02 18:21:39,101 INFO  [org.apa.kaf.com.met.Metrics] (ForkJoinPool.commonPool-worker-2) Closing reporter org.apache.kafka.common.metrics.JmxReporter
2025-09-02 18:21:39,101 INFO  [org.apa.kaf.com.met.Metrics] (ForkJoinPool.commonPool-worker-2) Closing reporter org.apache.kafka.common.telemetry.internals.ClientTelemetryReporter
2025-09-02 18:21:39,101 INFO  [org.apa.kaf.com.met.Metrics] (ForkJoinPool.commonPool-worker-2) Metrics reporters closed
2025-09-02 18:21:39,101 INFO  [org.apa.kaf.com.uti.AppInfoParser] (ForkJoinPool.commonPool-worker-2) App info kafka.producer for Producer-topic-10741f53_f001_4cf9_b297_0c7d5162ff06 unregistered
2025-09-02 18:21:39,102 INFO  [io.api.tes.ser.api.KafkaSerdesTester] (ForkJoinPool.commonPool-worker-2) Sending message {"key11756837297878": "value-0"} to topic topic-06acd90d_80bc_4d32_9b6d_977597072ab5
2025-09-02 18:21:39,105 INFO  [DefaultSchemaResolver] (ForkJoinPool.commonPool-worker-2) Retrieving schema content using string: {"type":"record","name":"myrecordconfluent","fields":[{"name":"key11756837297878","type":"string"}]}
2025-09-02 18:21:39,166 INFO  [io.api.tes.ser.api.KafkaSerdesTester] (ForkJoinPool.commonPool-worker-2) Sending message {"key11756837297878": "value-1"} to topic topic-06acd90d_80bc_4d32_9b6d_977597072ab5
2025-09-02 18:21:39,167 INFO  [io.api.tes.ser.api.KafkaSerdesTester] (ForkJoinPool.commonPool-worker-2) Sending message {"key11756837297878": "value-2"} to topic topic-06acd90d_80bc_4d32_9b6d_977597072ab5
2025-09-02 18:21:39,168 INFO  [io.api.tes.ser.api.KafkaSerdesTester] (ForkJoinPool.commonPool-worker-2) Sending message {"key11756837297878": "value-3"} to topic topic-06acd90d_80bc_4d32_9b6d_977597072ab5
2025-09-02 18:21:39,169 INFO  [io.api.tes.ser.api.KafkaSerdesTester] (ForkJoinPool.commonPool-worker-2) Sending message {"key11756837297878": "value-4"} to topic topic-06acd90d_80bc_4d32_9b6d_977597072ab5
2025-09-02 18:21:39,170 INFO  [io.api.tes.ser.api.KafkaSerdesTester] (ForkJoinPool.commonPool-worker-2) Sending message {"key11756837297878": "value-5"} to topic topic-06acd90d_80bc_4d32_9b6d_977597072ab5
2025-09-02 18:21:39,171 INFO  [io.api.tes.ser.api.KafkaSerdesTester] (ForkJoinPool.commonPool-worker-2) Sending message {"key11756837297878": "value-6"} to topic topic-06acd90d_80bc_4d32_9b6d_977597072ab5
2025-09-02 18:21:39,172 INFO  [io.api.tes.ser.api.KafkaSerdesTester] (ForkJoinPool.commonPool-worker-2) Sending message {"key11756837297878": "value-7"} to topic topic-06acd90d_80bc_4d32_9b6d_977597072ab5
2025-09-02 18:21:39,173 INFO  [io.api.tes.ser.api.KafkaSerdesTester] (ForkJoinPool.commonPool-worker-2) Sending message {"key11756837297878": "value-8"} to topic topic-06acd90d_80bc_4d32_9b6d_977597072ab5
2025-09-02 18:21:39,174 INFO  [io.api.tes.ser.api.KafkaSerdesTester] (ForkJoinPool.commonPool-worker-2) Sending message {"key11756837297878": "value-9"} to topic topic-06acd90d_80bc_4d32_9b6d_977597072ab5
2025-09-02 18:21:39,175 INFO  [io.api.tes.ser.api.KafkaSerdesTester] (ForkJoinPool.commonPool-worker-2) Produced 10 messages
2025-09-02 18:21:39,175 INFO  [org.apa.kaf.cli.pro.KafkaProducer] (ForkJoinPool.commonPool-worker-2) [Producer clientId=Producer-topic-06acd90d_80bc_4d32_9b6d_977597072ab5] Closing the Kafka producer with timeoutMillis = 9223372036854775807 ms.
2025-09-02 18:21:39,176 INFO  [org.apa.kaf.com.met.Metrics] (ForkJoinPool.commonPool-worker-2) Metrics scheduler closed
2025-09-02 18:21:39,176 INFO  [org.apa.kaf.com.met.Metrics] (ForkJoinPool.commonPool-worker-2) Closing reporter org.apache.kafka.common.metrics.JmxReporter
2025-09-02 18:21:39,176 INFO  [org.apa.kaf.com.met.Metrics] (ForkJoinPool.commonPool-worker-2) Closing reporter org.apache.kafka.common.telemetry.internals.ClientTelemetryReporter
2025-09-02 18:21:39,176 INFO  [org.apa.kaf.com.met.Metrics] (ForkJoinPool.commonPool-worker-2) Metrics reporters closed
2025-09-02 18:21:39,176 INFO  [org.apa.kaf.com.uti.AppInfoParser] (ForkJoinPool.commonPool-worker-2) App info kafka.producer for Producer-topic-06acd90d_80bc_4d32_9b6d_977597072ab5 unregistered
2025-09-02 18:21:39,177 INFO  [io.api.tes.ser.api.KafkaSerdesTester] (ForkJoinPool.commonPool-worker-2) Sending message {"key11756837297878": "value-0"} to topic topic-cb1bd84e_f0a4_45bd_8a43_10f534a4ab88
2025-09-02 18:21:39,180 INFO  [DefaultSchemaResolver] (ForkJoinPool.commonPool-worker-2) Retrieving schema content using string: {"type":"record","name":"myrecordconfluent","fields":[{"name":"key11756837297878","type":"string"}]}
2025-09-02 18:21:39,232 INFO  [io.api.tes.ser.api.KafkaSerdesTester] (ForkJoinPool.commonPool-worker-2) Sending message {"key11756837297878": "value-1"} to topic topic-cb1bd84e_f0a4_45bd_8a43_10f534a4ab88
2025-09-02 18:21:39,233 INFO  [io.api.tes.ser.api.KafkaSerdesTester] (ForkJoinPool.commonPool-worker-2) Sending message {"key11756837297878": "value-2"} to topic topic-cb1bd84e_f0a4_45bd_8a43_10f534a4ab88
2025-09-02 18:21:39,234 INFO  [io.api.tes.ser.api.KafkaSerdesTester] (ForkJoinPool.commonPool-worker-2) Sending message {"key11756837297878": "value-3"} to topic topic-cb1bd84e_f0a4_45bd_8a43_10f534a4ab88
2025-09-02 18:21:39,235 INFO  [io.api.tes.ser.api.KafkaSerdesTester] (ForkJoinPool.commonPool-worker-2) Sending message {"key11756837297878": "value-4"} to topic topic-cb1bd84e_f0a4_45bd_8a43_10f534a4ab88
2025-09-02 18:21:39,236 INFO  [io.api.tes.ser.api.KafkaSerdesTester] (ForkJoinPool.commonPool-worker-2) Sending message {"key11756837297878": "value-5"} to topic topic-cb1bd84e_f0a4_45bd_8a43_10f534a4ab88
2025-09-02 18:21:39,237 INFO  [io.api.tes.ser.api.KafkaSerdesTester] (ForkJoinPool.commonPool-worker-2) Sending message {"key11756837297878": "value-6"} to topic topic-cb1bd84e_f0a4_45bd_8a43_10f534a4ab88
2025-09-02 18:21:39,238 INFO  [io.api.tes.ser.api.KafkaSerdesTester] (ForkJoinPool.commonPool-worker-2) Sending message {"key11756837297878": "value-7"} to topic topic-cb1bd84e_f0a4_45bd_8a43_10f534a4ab88
2025-09-02 18:21:39,239 INFO  [io.api.tes.ser.api.KafkaSerdesTester] (ForkJoinPool.commonPool-worker-2) Sending message {"key11756837297878": "value-8"} to topic topic-cb1bd84e_f0a4_45bd_8a43_10f534a4ab88
2025-09-02 18:21:39,241 INFO  [io.api.tes.ser.api.KafkaSerdesTester] (ForkJoinPool.commonPool-worker-2) Sending message {"key11756837297878": "value-9"} to topic topic-cb1bd84e_f0a4_45bd_8a43_10f534a4ab88
2025-09-02 18:21:39,242 INFO  [io.api.tes.ser.api.KafkaSerdesTester] (ForkJoinPool.commonPool-worker-2) Produced 10 messages
2025-09-02 18:21:39,242 INFO  [org.apa.kaf.cli.pro.KafkaProducer] (ForkJoinPool.commonPool-worker-2) [Producer clientId=Producer-topic-cb1bd84e_f0a4_45bd_8a43_10f534a4ab88] Closing the Kafka producer with timeoutMillis = 9223372036854775807 ms.
2025-09-02 18:21:39,243 INFO  [org.apa.kaf.com.met.Metrics] (ForkJoinPool.commonPool-worker-2) Metrics scheduler closed
2025-09-02 18:21:39,243 INFO  [org.apa.kaf.com.met.Metrics] (ForkJoinPool.commonPool-worker-2) Closing reporter org.apache.kafka.common.metrics.JmxReporter
2025-09-02 18:21:39,243 INFO  [org.apa.kaf.com.met.Metrics] (ForkJoinPool.commonPool-worker-2) Closing reporter org.apache.kafka.common.telemetry.internals.ClientTelemetryReporter
2025-09-02 18:21:39,243 INFO  [org.apa.kaf.com.met.Metrics] (ForkJoinPool.commonPool-worker-2) Metrics reporters closed
2025-09-02 18:21:39,243 INFO  [org.apa.kaf.com.uti.AppInfoParser] (ForkJoinPool.commonPool-worker-2) App info kafka.producer for Producer-topic-cb1bd84e_f0a4_45bd_8a43_10f534a4ab88 unregistered
2025-09-02 18:21:39,244 INFO  [org.apa.kaf.cli.con.int.ClassicKafkaConsumer] (ForkJoinPool.commonPool-worker-2) [Consumer clientId=consumer-Consumer-topic-10741f53_f001_4cf9_b297_0c7d5162ff06-14, groupId=Consumer-topic-10741f53_f001_4cf9_b297_0c7d5162ff06] Subscribed to topic(s): topic-10741f53_f001_4cf9_b297_0c7d5162ff06
2025-09-02 18:21:39,247 INFO  [org.apa.kaf.cli.Metadata] (ForkJoinPool.commonPool-worker-2) [Consumer clientId=consumer-Consumer-topic-10741f53_f001_4cf9_b297_0c7d5162ff06-14, groupId=Consumer-topic-10741f53_f001_4cf9_b297_0c7d5162ff06] Cluster ID: zhgBwCfeQnC1PCRKjnRbQg
2025-09-02 18:21:39,248 INFO  [org.apa.kaf.cli.con.int.ConsumerCoordinator] (ForkJoinPool.commonPool-worker-2) [Consumer clientId=consumer-Consumer-topic-10741f53_f001_4cf9_b297_0c7d5162ff06-14, groupId=Consumer-topic-10741f53_f001_4cf9_b297_0c7d5162ff06] Discovered group coordinator localhost:32769 (id: 2147483647 rack: null)
2025-09-02 18:21:39,248 INFO  [org.apa.kaf.cli.con.int.ConsumerCoordinator] (ForkJoinPool.commonPool-worker-2) [Consumer clientId=consumer-Consumer-topic-10741f53_f001_4cf9_b297_0c7d5162ff06-14, groupId=Consumer-topic-10741f53_f001_4cf9_b297_0c7d5162ff06] (Re-)joining group
2025-09-02 18:21:39,251 INFO  [org.apa.kaf.cli.con.int.ConsumerCoordinator] (ForkJoinPool.commonPool-worker-2) [Consumer clientId=consumer-Consumer-topic-10741f53_f001_4cf9_b297_0c7d5162ff06-14, groupId=Consumer-topic-10741f53_f001_4cf9_b297_0c7d5162ff06] Request joining group due to: need to re-join with the given member-id: consumer-Consumer-topic-10741f53_f001_4cf9_b297_0c7d5162ff06-14-26c4b3cd-9b0e-4796-bcc7-f51915898ac9
2025-09-02 18:21:39,251 INFO  [org.apa.kaf.cli.con.int.ConsumerCoordinator] (ForkJoinPool.commonPool-worker-2) [Consumer clientId=consumer-Consumer-topic-10741f53_f001_4cf9_b297_0c7d5162ff06-14, groupId=Consumer-topic-10741f53_f001_4cf9_b297_0c7d5162ff06] (Re-)joining group
2025-09-02 18:21:40,245 INFO  [io.api.tes.ser.api.KafkaSerdesTester] (ForkJoinPool.commonPool-worker-2) None found
2025-09-02 18:21:41,246 INFO  [io.api.tes.ser.api.KafkaSerdesTester] (ForkJoinPool.commonPool-worker-2) None found
2025-09-02 18:21:42,246 INFO  [io.api.tes.ser.api.KafkaSerdesTester] (ForkJoinPool.commonPool-worker-2) None found
2025-09-02 18:21:42,253 INFO  [org.apa.kaf.cli.con.int.ConsumerCoordinator] (ForkJoinPool.commonPool-worker-2) [Consumer clientId=consumer-Consumer-topic-10741f53_f001_4cf9_b297_0c7d5162ff06-14, groupId=Consumer-topic-10741f53_f001_4cf9_b297_0c7d5162ff06] Successfully joined group with generation Generation{generationId=1, memberId='consumer-Consumer-topic-10741f53_f001_4cf9_b297_0c7d5162ff06-14-26c4b3cd-9b0e-4796-bcc7-f51915898ac9', protocol='range'}
2025-09-02 18:21:42,253 INFO  [org.apa.kaf.cli.con.int.ConsumerCoordinator] (ForkJoinPool.commonPool-worker-2) [Consumer clientId=consumer-Consumer-topic-10741f53_f001_4cf9_b297_0c7d5162ff06-14, groupId=Consumer-topic-10741f53_f001_4cf9_b297_0c7d5162ff06] Finished assignment for group at generation 1: {consumer-Consumer-topic-10741f53_f001_4cf9_b297_0c7d5162ff06-14-26c4b3cd-9b0e-4796-bcc7-f51915898ac9=Assignment(partitions=[topic-10741f53_f001_4cf9_b297_0c7d5162ff06-0])}
2025-09-02 18:21:42,260 INFO  [org.apa.kaf.cli.con.int.ConsumerCoordinator] (ForkJoinPool.commonPool-worker-2) [Consumer clientId=consumer-Consumer-topic-10741f53_f001_4cf9_b297_0c7d5162ff06-14, groupId=Consumer-topic-10741f53_f001_4cf9_b297_0c7d5162ff06] Successfully synced group in generation Generation{generationId=1, memberId='consumer-Consumer-topic-10741f53_f001_4cf9_b297_0c7d5162ff06-14-26c4b3cd-9b0e-4796-bcc7-f51915898ac9', protocol='range'}
2025-09-02 18:21:42,260 INFO  [org.apa.kaf.cli.con.int.ConsumerCoordinator] (ForkJoinPool.commonPool-worker-2) [Consumer clientId=consumer-Consumer-topic-10741f53_f001_4cf9_b297_0c7d5162ff06-14, groupId=Consumer-topic-10741f53_f001_4cf9_b297_0c7d5162ff06] Notifying assignor about the new Assignment(partitions=[topic-10741f53_f001_4cf9_b297_0c7d5162ff06-0])
2025-09-02 18:21:42,260 INFO  [org.apa.kaf.cli.con.int.ConsumerRebalanceListenerInvoker] (ForkJoinPool.commonPool-worker-2) [Consumer clientId=consumer-Consumer-topic-10741f53_f001_4cf9_b297_0c7d5162ff06-14, groupId=Consumer-topic-10741f53_f001_4cf9_b297_0c7d5162ff06] Adding newly assigned partitions: topic-10741f53_f001_4cf9_b297_0c7d5162ff06-0
2025-09-02 18:21:42,261 INFO  [org.apa.kaf.cli.con.int.ConsumerCoordinator] (ForkJoinPool.commonPool-worker-2) [Consumer clientId=consumer-Consumer-topic-10741f53_f001_4cf9_b297_0c7d5162ff06-14, groupId=Consumer-topic-10741f53_f001_4cf9_b297_0c7d5162ff06] Found no committed offset for partition topic-10741f53_f001_4cf9_b297_0c7d5162ff06-0
2025-09-02 18:21:42,263 INFO  [org.apa.kaf.cli.con.int.SubscriptionState] (ForkJoinPool.commonPool-worker-2) [Consumer clientId=consumer-Consumer-topic-10741f53_f001_4cf9_b297_0c7d5162ff06-14, groupId=Consumer-topic-10741f53_f001_4cf9_b297_0c7d5162ff06] Resetting offset for partition topic-10741f53_f001_4cf9_b297_0c7d5162ff06-0 to position FetchPosition{offset=0, offsetEpoch=Optional.empty, currentLeader=LeaderAndEpoch{leader=Optional[localhost:32769 (id: 0 rack: null)], epoch=0}}.
2025-09-02 18:21:42,342 INFO  [io.api.tes.ser.api.KafkaSerdesTester] (ForkJoinPool.commonPool-worker-2) topic-10741f53_f001_4cf9_b297_0c7d5162ff06 0 0 {"key11756837297878": "value-0"}
2025-09-02 18:21:42,342 INFO  [io.api.tes.ser.api.KafkaSerdesTester] (ForkJoinPool.commonPool-worker-2) topic-10741f53_f001_4cf9_b297_0c7d5162ff06 0 1 {"key11756837297878": "value-1"}
2025-09-02 18:21:42,342 INFO  [io.api.tes.ser.api.KafkaSerdesTester] (ForkJoinPool.commonPool-worker-2) topic-10741f53_f001_4cf9_b297_0c7d5162ff06 0 2 {"key11756837297878": "value-2"}
2025-09-02 18:21:42,342 INFO  [io.api.tes.ser.api.KafkaSerdesTester] (ForkJoinPool.commonPool-worker-2) topic-10741f53_f001_4cf9_b297_0c7d5162ff06 0 3 {"key11756837297878": "value-3"}
2025-09-02 18:21:42,342 INFO  [io.api.tes.ser.api.KafkaSerdesTester] (ForkJoinPool.commonPool-worker-2) topic-10741f53_f001_4cf9_b297_0c7d5162ff06 0 4 {"key11756837297878": "value-4"}
2025-09-02 18:21:42,342 INFO  [io.api.tes.ser.api.KafkaSerdesTester] (ForkJoinPool.commonPool-worker-2) topic-10741f53_f001_4cf9_b297_0c7d5162ff06 0 5 {"key11756837297878": "value-5"}
2025-09-02 18:21:42,342 INFO  [io.api.tes.ser.api.KafkaSerdesTester] (ForkJoinPool.commonPool-worker-2) topic-10741f53_f001_4cf9_b297_0c7d5162ff06 0 6 {"key11756837297878": "value-6"}
2025-09-02 18:21:42,342 INFO  [io.api.tes.ser.api.KafkaSerdesTester] (ForkJoinPool.commonPool-worker-2) topic-10741f53_f001_4cf9_b297_0c7d5162ff06 0 7 {"key11756837297878": "value-7"}
2025-09-02 18:21:42,342 INFO  [io.api.tes.ser.api.KafkaSerdesTester] (ForkJoinPool.commonPool-worker-2) topic-10741f53_f001_4cf9_b297_0c7d5162ff06 0 8 {"key11756837297878": "value-8"}
2025-09-02 18:21:42,342 INFO  [io.api.tes.ser.api.KafkaSerdesTester] (ForkJoinPool.commonPool-worker-2) topic-10741f53_f001_4cf9_b297_0c7d5162ff06 0 9 {"key11756837297878": "value-9"}
2025-09-02 18:21:42,342 INFO  [io.api.tes.ser.api.KafkaSerdesTester] (ForkJoinPool.commonPool-worker-2) Consumed 10 messages
2025-09-02 18:21:42,349 INFO  [org.apa.kaf.cli.con.int.ConsumerRebalanceListenerInvoker] (ForkJoinPool.commonPool-worker-2) [Consumer clientId=consumer-Consumer-topic-10741f53_f001_4cf9_b297_0c7d5162ff06-14, groupId=Consumer-topic-10741f53_f001_4cf9_b297_0c7d5162ff06] Revoke previously assigned partitions topic-10741f53_f001_4cf9_b297_0c7d5162ff06-0
2025-09-02 18:21:42,349 INFO  [org.apa.kaf.cli.con.int.ConsumerCoordinator] (ForkJoinPool.commonPool-worker-2) [Consumer clientId=consumer-Consumer-topic-10741f53_f001_4cf9_b297_0c7d5162ff06-14, groupId=Consumer-topic-10741f53_f001_4cf9_b297_0c7d5162ff06] Member consumer-Consumer-topic-10741f53_f001_4cf9_b297_0c7d5162ff06-14-26c4b3cd-9b0e-4796-bcc7-f51915898ac9 sending LeaveGroup request to coordinator localhost:32769 (id: 2147483647 rack: null) due to the consumer is being closed
2025-09-02 18:21:42,349 INFO  [org.apa.kaf.cli.con.int.ConsumerCoordinator] (ForkJoinPool.commonPool-worker-2) [Consumer clientId=consumer-Consumer-topic-10741f53_f001_4cf9_b297_0c7d5162ff06-14, groupId=Consumer-topic-10741f53_f001_4cf9_b297_0c7d5162ff06] Resetting generation and member id due to: consumer pro-actively leaving the group
2025-09-02 18:21:42,349 INFO  [org.apa.kaf.cli.con.int.ConsumerCoordinator] (ForkJoinPool.commonPool-worker-2) [Consumer clientId=consumer-Consumer-topic-10741f53_f001_4cf9_b297_0c7d5162ff06-14, groupId=Consumer-topic-10741f53_f001_4cf9_b297_0c7d5162ff06] Request joining group due to: consumer pro-actively leaving the group
2025-09-02 18:21:42,844 INFO  [org.apa.kaf.com.met.Metrics] (ForkJoinPool.commonPool-worker-2) Metrics scheduler closed
2025-09-02 18:21:42,844 INFO  [org.apa.kaf.com.met.Metrics] (ForkJoinPool.commonPool-worker-2) Closing reporter org.apache.kafka.common.metrics.JmxReporter
2025-09-02 18:21:42,844 INFO  [org.apa.kaf.com.met.Metrics] (ForkJoinPool.commonPool-worker-2) Closing reporter org.apache.kafka.common.telemetry.internals.ClientTelemetryReporter
2025-09-02 18:21:42,844 INFO  [org.apa.kaf.com.met.Metrics] (ForkJoinPool.commonPool-worker-2) Metrics reporters closed
2025-09-02 18:21:42,846 INFO  [org.apa.kaf.com.uti.AppInfoParser] (ForkJoinPool.commonPool-worker-2) App info kafka.consumer for consumer-Consumer-topic-10741f53_f001_4cf9_b297_0c7d5162ff06-14 unregistered
2025-09-02 18:21:42,846 INFO  [org.apa.kaf.cli.con.int.ClassicKafkaConsumer] (ForkJoinPool.commonPool-worker-2) [Consumer clientId=consumer-Consumer-topic-06acd90d_80bc_4d32_9b6d_977597072ab5-15, groupId=Consumer-topic-06acd90d_80bc_4d32_9b6d_977597072ab5] Subscribed to topic(s): topic-06acd90d_80bc_4d32_9b6d_977597072ab5
2025-09-02 18:21:42,849 INFO  [org.apa.kaf.cli.Metadata] (ForkJoinPool.commonPool-worker-2) [Consumer clientId=consumer-Consumer-topic-06acd90d_80bc_4d32_9b6d_977597072ab5-15, groupId=Consumer-topic-06acd90d_80bc_4d32_9b6d_977597072ab5] Cluster ID: zhgBwCfeQnC1PCRKjnRbQg
2025-09-02 18:21:42,850 INFO  [org.apa.kaf.cli.con.int.ConsumerCoordinator] (ForkJoinPool.commonPool-worker-2) [Consumer clientId=consumer-Consumer-topic-06acd90d_80bc_4d32_9b6d_977597072ab5-15, groupId=Consumer-topic-06acd90d_80bc_4d32_9b6d_977597072ab5] Discovered group coordinator localhost:32769 (id: 2147483647 rack: null)
2025-09-02 18:21:42,850 INFO  [org.apa.kaf.cli.con.int.ConsumerCoordinator] (ForkJoinPool.commonPool-worker-2) [Consumer clientId=consumer-Consumer-topic-06acd90d_80bc_4d32_9b6d_977597072ab5-15, groupId=Consumer-topic-06acd90d_80bc_4d32_9b6d_977597072ab5] (Re-)joining group
2025-09-02 18:21:42,852 INFO  [org.apa.kaf.cli.con.int.ConsumerCoordinator] (ForkJoinPool.commonPool-worker-2) [Consumer clientId=consumer-Consumer-topic-06acd90d_80bc_4d32_9b6d_977597072ab5-15, groupId=Consumer-topic-06acd90d_80bc_4d32_9b6d_977597072ab5] Request joining group due to: need to re-join with the given member-id: consumer-Consumer-topic-06acd90d_80bc_4d32_9b6d_977597072ab5-15-bf0362d5-e7bf-4894-b45a-a7c26eab61c0
2025-09-02 18:21:42,852 INFO  [org.apa.kaf.cli.con.int.ConsumerCoordinator] (ForkJoinPool.commonPool-worker-2) [Consumer clientId=consumer-Consumer-topic-06acd90d_80bc_4d32_9b6d_977597072ab5-15, groupId=Consumer-topic-06acd90d_80bc_4d32_9b6d_977597072ab5] (Re-)joining group
2025-09-02 18:21:43,846 INFO  [io.api.tes.ser.api.KafkaSerdesTester] (ForkJoinPool.commonPool-worker-2) None found
2025-09-02 18:21:44,847 INFO  [io.api.tes.ser.api.KafkaSerdesTester] (ForkJoinPool.commonPool-worker-2) None found
2025-09-02 18:21:45,847 INFO  [io.api.tes.ser.api.KafkaSerdesTester] (ForkJoinPool.commonPool-worker-2) None found
2025-09-02 18:21:45,853 INFO  [org.apa.kaf.cli.con.int.ConsumerCoordinator] (ForkJoinPool.commonPool-worker-2) [Consumer clientId=consumer-Consumer-topic-06acd90d_80bc_4d32_9b6d_977597072ab5-15, groupId=Consumer-topic-06acd90d_80bc_4d32_9b6d_977597072ab5] Successfully joined group with generation Generation{generationId=1, memberId='consumer-Consumer-topic-06acd90d_80bc_4d32_9b6d_977597072ab5-15-bf0362d5-e7bf-4894-b45a-a7c26eab61c0', protocol='range'}
2025-09-02 18:21:45,854 INFO  [org.apa.kaf.cli.con.int.ConsumerCoordinator] (ForkJoinPool.commonPool-worker-2) [Consumer clientId=consumer-Consumer-topic-06acd90d_80bc_4d32_9b6d_977597072ab5-15, groupId=Consumer-topic-06acd90d_80bc_4d32_9b6d_977597072ab5] Finished assignment for group at generation 1: {consumer-Consumer-topic-06acd90d_80bc_4d32_9b6d_977597072ab5-15-bf0362d5-e7bf-4894-b45a-a7c26eab61c0=Assignment(partitions=[topic-06acd90d_80bc_4d32_9b6d_977597072ab5-0])}
2025-09-02 18:21:45,860 INFO  [org.apa.kaf.cli.con.int.ConsumerCoordinator] (ForkJoinPool.commonPool-worker-2) [Consumer clientId=consumer-Consumer-topic-06acd90d_80bc_4d32_9b6d_977597072ab5-15, groupId=Consumer-topic-06acd90d_80bc_4d32_9b6d_977597072ab5] Successfully synced group in generation Generation{generationId=1, memberId='consumer-Consumer-topic-06acd90d_80bc_4d32_9b6d_977597072ab5-15-bf0362d5-e7bf-4894-b45a-a7c26eab61c0', protocol='range'}
2025-09-02 18:21:45,860 INFO  [org.apa.kaf.cli.con.int.ConsumerCoordinator] (ForkJoinPool.commonPool-worker-2) [Consumer clientId=consumer-Consumer-topic-06acd90d_80bc_4d32_9b6d_977597072ab5-15, groupId=Consumer-topic-06acd90d_80bc_4d32_9b6d_977597072ab5] Notifying assignor about the new Assignment(partitions=[topic-06acd90d_80bc_4d32_9b6d_977597072ab5-0])
2025-09-02 18:21:45,860 INFO  [org.apa.kaf.cli.con.int.ConsumerRebalanceListenerInvoker] (ForkJoinPool.commonPool-worker-2) [Consumer clientId=consumer-Consumer-topic-06acd90d_80bc_4d32_9b6d_977597072ab5-15, groupId=Consumer-topic-06acd90d_80bc_4d32_9b6d_977597072ab5] Adding newly assigned partitions: topic-06acd90d_80bc_4d32_9b6d_977597072ab5-0
2025-09-02 18:21:45,861 INFO  [org.apa.kaf.cli.con.int.ConsumerCoordinator] (ForkJoinPool.commonPool-worker-2) [Consumer clientId=consumer-Consumer-topic-06acd90d_80bc_4d32_9b6d_977597072ab5-15, groupId=Consumer-topic-06acd90d_80bc_4d32_9b6d_977597072ab5] Found no committed offset for partition topic-06acd90d_80bc_4d32_9b6d_977597072ab5-0
2025-09-02 18:21:45,864 INFO  [org.apa.kaf.cli.con.int.SubscriptionState] (ForkJoinPool.commonPool-worker-2) [Consumer clientId=consumer-Consumer-topic-06acd90d_80bc_4d32_9b6d_977597072ab5-15, groupId=Consumer-topic-06acd90d_80bc_4d32_9b6d_977597072ab5] Resetting offset for partition topic-06acd90d_80bc_4d32_9b6d_977597072ab5-0 to position FetchPosition{offset=0, offsetEpoch=Optional.empty, currentLeader=LeaderAndEpoch{leader=Optional[localhost:32769 (id: 0 rack: null)], epoch=0}}.
2025-09-02 18:21:45,952 INFO  [io.api.tes.ser.api.KafkaSerdesTester] (ForkJoinPool.commonPool-worker-2) topic-06acd90d_80bc_4d32_9b6d_977597072ab5 0 0 {"key11756837297878": "value-0"}
2025-09-02 18:21:45,952 INFO  [io.api.tes.ser.api.KafkaSerdesTester] (ForkJoinPool.commonPool-worker-2) topic-06acd90d_80bc_4d32_9b6d_977597072ab5 0 1 {"key11756837297878": "value-1"}
2025-09-02 18:21:45,952 INFO  [io.api.tes.ser.api.KafkaSerdesTester] (ForkJoinPool.commonPool-worker-2) topic-06acd90d_80bc_4d32_9b6d_977597072ab5 0 2 {"key11756837297878": "value-2"}
2025-09-02 18:21:45,952 INFO  [io.api.tes.ser.api.KafkaSerdesTester] (ForkJoinPool.commonPool-worker-2) topic-06acd90d_80bc_4d32_9b6d_977597072ab5 0 3 {"key11756837297878": "value-3"}
2025-09-02 18:21:45,952 INFO  [io.api.tes.ser.api.KafkaSerdesTester] (ForkJoinPool.commonPool-worker-2) topic-06acd90d_80bc_4d32_9b6d_977597072ab5 0 4 {"key11756837297878": "value-4"}
2025-09-02 18:21:45,952 INFO  [io.api.tes.ser.api.KafkaSerdesTester] (ForkJoinPool.commonPool-worker-2) topic-06acd90d_80bc_4d32_9b6d_977597072ab5 0 5 {"key11756837297878": "value-5"}
2025-09-02 18:21:45,952 INFO  [io.api.tes.ser.api.KafkaSerdesTester] (ForkJoinPool.commonPool-worker-2) topic-06acd90d_80bc_4d32_9b6d_977597072ab5 0 6 {"key11756837297878": "value-6"}
2025-09-02 18:21:45,952 INFO  [io.api.tes.ser.api.KafkaSerdesTester] (ForkJoinPool.commonPool-worker-2) topic-06acd90d_80bc_4d32_9b6d_977597072ab5 0 7 {"key11756837297878": "value-7"}
2025-09-02 18:21:45,952 INFO  [io.api.tes.ser.api.KafkaSerdesTester] (ForkJoinPool.commonPool-worker-2) topic-06acd90d_80bc_4d32_9b6d_977597072ab5 0 8 {"key11756837297878": "value-8"}
2025-09-02 18:21:45,952 INFO  [io.api.tes.ser.api.KafkaSerdesTester] (ForkJoinPool.commonPool-worker-2) topic-06acd90d_80bc_4d32_9b6d_977597072ab5 0 9 {"key11756837297878": "value-9"}
2025-09-02 18:21:45,952 INFO  [io.api.tes.ser.api.KafkaSerdesTester] (ForkJoinPool.commonPool-worker-2) Consumed 10 messages
2025-09-02 18:21:45,958 INFO  [org.apa.kaf.cli.con.int.ConsumerRebalanceListenerInvoker] (ForkJoinPool.commonPool-worker-2) [Consumer clientId=consumer-Consumer-topic-06acd90d_80bc_4d32_9b6d_977597072ab5-15, groupId=Consumer-topic-06acd90d_80bc_4d32_9b6d_977597072ab5] Revoke previously assigned partitions topic-06acd90d_80bc_4d32_9b6d_977597072ab5-0
2025-09-02 18:21:45,959 INFO  [org.apa.kaf.cli.con.int.ConsumerCoordinator] (ForkJoinPool.commonPool-worker-2) [Consumer clientId=consumer-Consumer-topic-06acd90d_80bc_4d32_9b6d_977597072ab5-15, groupId=Consumer-topic-06acd90d_80bc_4d32_9b6d_977597072ab5] Member consumer-Consumer-topic-06acd90d_80bc_4d32_9b6d_977597072ab5-15-bf0362d5-e7bf-4894-b45a-a7c26eab61c0 sending LeaveGroup request to coordinator localhost:32769 (id: 2147483647 rack: null) due to the consumer is being closed
2025-09-02 18:21:45,959 INFO  [org.apa.kaf.cli.con.int.ConsumerCoordinator] (ForkJoinPool.commonPool-worker-2) [Consumer clientId=consumer-Consumer-topic-06acd90d_80bc_4d32_9b6d_977597072ab5-15, groupId=Consumer-topic-06acd90d_80bc_4d32_9b6d_977597072ab5] Resetting generation and member id due to: consumer pro-actively leaving the group
2025-09-02 18:21:45,959 INFO  [org.apa.kaf.cli.con.int.ConsumerCoordinator] (ForkJoinPool.commonPool-worker-2) [Consumer clientId=consumer-Consumer-topic-06acd90d_80bc_4d32_9b6d_977597072ab5-15, groupId=Consumer-topic-06acd90d_80bc_4d32_9b6d_977597072ab5] Request joining group due to: consumer pro-actively leaving the group
2025-09-02 18:21:46,453 INFO  [org.apa.kaf.com.met.Metrics] (ForkJoinPool.commonPool-worker-2) Metrics scheduler closed
2025-09-02 18:21:46,453 INFO  [org.apa.kaf.com.met.Metrics] (ForkJoinPool.commonPool-worker-2) Closing reporter org.apache.kafka.common.metrics.JmxReporter
2025-09-02 18:21:46,453 INFO  [org.apa.kaf.com.met.Metrics] (ForkJoinPool.commonPool-worker-2) Closing reporter org.apache.kafka.common.telemetry.internals.ClientTelemetryReporter
2025-09-02 18:21:46,453 INFO  [org.apa.kaf.com.met.Metrics] (ForkJoinPool.commonPool-worker-2) Metrics reporters closed
2025-09-02 18:21:46,454 INFO  [org.apa.kaf.com.uti.AppInfoParser] (ForkJoinPool.commonPool-worker-2) App info kafka.consumer for consumer-Consumer-topic-06acd90d_80bc_4d32_9b6d_977597072ab5-15 unregistered
2025-09-02 18:21:46,455 INFO  [org.apa.kaf.cli.con.int.ClassicKafkaConsumer] (ForkJoinPool.commonPool-worker-2) [Consumer clientId=consumer-Consumer-topic-cb1bd84e_f0a4_45bd_8a43_10f534a4ab88-16, groupId=Consumer-topic-cb1bd84e_f0a4_45bd_8a43_10f534a4ab88] Subscribed to topic(s): topic-cb1bd84e_f0a4_45bd_8a43_10f534a4ab88
2025-09-02 18:21:46,458 INFO  [org.apa.kaf.cli.Metadata] (ForkJoinPool.commonPool-worker-2) [Consumer clientId=consumer-Consumer-topic-cb1bd84e_f0a4_45bd_8a43_10f534a4ab88-16, groupId=Consumer-topic-cb1bd84e_f0a4_45bd_8a43_10f534a4ab88] Cluster ID: zhgBwCfeQnC1PCRKjnRbQg
2025-09-02 18:21:46,458 INFO  [org.apa.kaf.cli.con.int.ConsumerCoordinator] (ForkJoinPool.commonPool-worker-2) [Consumer clientId=consumer-Consumer-topic-cb1bd84e_f0a4_45bd_8a43_10f534a4ab88-16, groupId=Consumer-topic-cb1bd84e_f0a4_45bd_8a43_10f534a4ab88] Discovered group coordinator localhost:32769 (id: 2147483647 rack: null)
2025-09-02 18:21:46,459 INFO  [org.apa.kaf.cli.con.int.ConsumerCoordinator] (ForkJoinPool.commonPool-worker-2) [Consumer clientId=consumer-Consumer-topic-cb1bd84e_f0a4_45bd_8a43_10f534a4ab88-16, groupId=Consumer-topic-cb1bd84e_f0a4_45bd_8a43_10f534a4ab88] (Re-)joining group
2025-09-02 18:21:46,461 INFO  [org.apa.kaf.cli.con.int.ConsumerCoordinator] (ForkJoinPool.commonPool-worker-2) [Consumer clientId=consumer-Consumer-topic-cb1bd84e_f0a4_45bd_8a43_10f534a4ab88-16, groupId=Consumer-topic-cb1bd84e_f0a4_45bd_8a43_10f534a4ab88] Request joining group due to: need to re-join with the given member-id: consumer-Consumer-topic-cb1bd84e_f0a4_45bd_8a43_10f534a4ab88-16-7d049411-44e4-44df-9b45-b19a0c050c8d
2025-09-02 18:21:46,461 INFO  [org.apa.kaf.cli.con.int.ConsumerCoordinator] (ForkJoinPool.commonPool-worker-2) [Consumer clientId=consumer-Consumer-topic-cb1bd84e_f0a4_45bd_8a43_10f534a4ab88-16, groupId=Consumer-topic-cb1bd84e_f0a4_45bd_8a43_10f534a4ab88] (Re-)joining group
2025-09-02 18:21:47,455 INFO  [io.api.tes.ser.api.KafkaSerdesTester] (ForkJoinPool.commonPool-worker-2) None found
2025-09-02 18:21:48,455 INFO  [io.api.tes.ser.api.KafkaSerdesTester] (ForkJoinPool.commonPool-worker-2) None found
2025-09-02 18:21:49,455 INFO  [io.api.tes.ser.api.KafkaSerdesTester] (ForkJoinPool.commonPool-worker-2) None found
2025-09-02 18:21:49,463 INFO  [org.apa.kaf.cli.con.int.ConsumerCoordinator] (ForkJoinPool.commonPool-worker-2) [Consumer clientId=consumer-Consumer-topic-cb1bd84e_f0a4_45bd_8a43_10f534a4ab88-16, groupId=Consumer-topic-cb1bd84e_f0a4_45bd_8a43_10f534a4ab88] Successfully joined group with generation Generation{generationId=1, memberId='consumer-Consumer-topic-cb1bd84e_f0a4_45bd_8a43_10f534a4ab88-16-7d049411-44e4-44df-9b45-b19a0c050c8d', protocol='range'}
2025-09-02 18:21:49,463 INFO  [org.apa.kaf.cli.con.int.ConsumerCoordinator] (ForkJoinPool.commonPool-worker-2) [Consumer clientId=consumer-Consumer-topic-cb1bd84e_f0a4_45bd_8a43_10f534a4ab88-16, groupId=Consumer-topic-cb1bd84e_f0a4_45bd_8a43_10f534a4ab88] Finished assignment for group at generation 1: {consumer-Consumer-topic-cb1bd84e_f0a4_45bd_8a43_10f534a4ab88-16-7d049411-44e4-44df-9b45-b19a0c050c8d=Assignment(partitions=[topic-cb1bd84e_f0a4_45bd_8a43_10f534a4ab88-0])}
2025-09-02 18:21:49,469 INFO  [org.apa.kaf.cli.con.int.ConsumerCoordinator] (ForkJoinPool.commonPool-worker-2) [Consumer clientId=consumer-Consumer-topic-cb1bd84e_f0a4_45bd_8a43_10f534a4ab88-16, groupId=Consumer-topic-cb1bd84e_f0a4_45bd_8a43_10f534a4ab88] Successfully synced group in generation Generation{generationId=1, memberId='consumer-Consumer-topic-cb1bd84e_f0a4_45bd_8a43_10f534a4ab88-16-7d049411-44e4-44df-9b45-b19a0c050c8d', protocol='range'}
2025-09-02 18:21:49,469 INFO  [org.apa.kaf.cli.con.int.ConsumerCoordinator] (ForkJoinPool.commonPool-worker-2) [Consumer clientId=consumer-Consumer-topic-cb1bd84e_f0a4_45bd_8a43_10f534a4ab88-16, groupId=Consumer-topic-cb1bd84e_f0a4_45bd_8a43_10f534a4ab88] Notifying assignor about the new Assignment(partitions=[topic-cb1bd84e_f0a4_45bd_8a43_10f534a4ab88-0])
2025-09-02 18:21:49,470 INFO  [org.apa.kaf.cli.con.int.ConsumerRebalanceListenerInvoker] (ForkJoinPool.commonPool-worker-2) [Consumer clientId=consumer-Consumer-topic-cb1bd84e_f0a4_45bd_8a43_10f534a4ab88-16, groupId=Consumer-topic-cb1bd84e_f0a4_45bd_8a43_10f534a4ab88] Adding newly assigned partitions: topic-cb1bd84e_f0a4_45bd_8a43_10f534a4ab88-0
2025-09-02 18:21:49,470 INFO  [org.apa.kaf.cli.con.int.ConsumerCoordinator] (ForkJoinPool.commonPool-worker-2) [Consumer clientId=consumer-Consumer-topic-cb1bd84e_f0a4_45bd_8a43_10f534a4ab88-16, groupId=Consumer-topic-cb1bd84e_f0a4_45bd_8a43_10f534a4ab88] Found no committed offset for partition topic-cb1bd84e_f0a4_45bd_8a43_10f534a4ab88-0
2025-09-02 18:21:49,473 INFO  [org.apa.kaf.cli.con.int.SubscriptionState] (ForkJoinPool.commonPool-worker-2) [Consumer clientId=consumer-Consumer-topic-cb1bd84e_f0a4_45bd_8a43_10f534a4ab88-16, groupId=Consumer-topic-cb1bd84e_f0a4_45bd_8a43_10f534a4ab88] Resetting offset for partition topic-cb1bd84e_f0a4_45bd_8a43_10f534a4ab88-0 to position FetchPosition{offset=0, offsetEpoch=Optional.empty, currentLeader=LeaderAndEpoch{leader=Optional[localhost:32769 (id: 0 rack: null)], epoch=0}}.
2025-09-02 18:21:49,563 INFO  [io.api.tes.ser.api.KafkaSerdesTester] (ForkJoinPool.commonPool-worker-2) topic-cb1bd84e_f0a4_45bd_8a43_10f534a4ab88 0 0 {"key11756837297878": "value-0"}
2025-09-02 18:21:49,563 INFO  [io.api.tes.ser.api.KafkaSerdesTester] (ForkJoinPool.commonPool-worker-2) topic-cb1bd84e_f0a4_45bd_8a43_10f534a4ab88 0 1 {"key11756837297878": "value-1"}
2025-09-02 18:21:49,563 INFO  [io.api.tes.ser.api.KafkaSerdesTester] (ForkJoinPool.commonPool-worker-2) topic-cb1bd84e_f0a4_45bd_8a43_10f534a4ab88 0 2 {"key11756837297878": "value-2"}
2025-09-02 18:21:49,563 INFO  [io.api.tes.ser.api.KafkaSerdesTester] (ForkJoinPool.commonPool-worker-2) topic-cb1bd84e_f0a4_45bd_8a43_10f534a4ab88 0 3 {"key11756837297878": "value-3"}
2025-09-02 18:21:49,563 INFO  [io.api.tes.ser.api.KafkaSerdesTester] (ForkJoinPool.commonPool-worker-2) topic-cb1bd84e_f0a4_45bd_8a43_10f534a4ab88 0 4 {"key11756837297878": "value-4"}
2025-09-02 18:21:49,563 INFO  [io.api.tes.ser.api.KafkaSerdesTester] (ForkJoinPool.commonPool-worker-2) topic-cb1bd84e_f0a4_45bd_8a43_10f534a4ab88 0 5 {"key11756837297878": "value-5"}
2025-09-02 18:21:49,563 INFO  [io.api.tes.ser.api.KafkaSerdesTester] (ForkJoinPool.commonPool-worker-2) topic-cb1bd84e_f0a4_45bd_8a43_10f534a4ab88 0 6 {"key11756837297878": "value-6"}
2025-09-02 18:21:49,563 INFO  [io.api.tes.ser.api.KafkaSerdesTester] (ForkJoinPool.commonPool-worker-2) topic-cb1bd84e_f0a4_45bd_8a43_10f534a4ab88 0 7 {"key11756837297878": "value-7"}
2025-09-02 18:21:49,563 INFO  [io.api.tes.ser.api.KafkaSerdesTester] (ForkJoinPool.commonPool-worker-2) topic-cb1bd84e_f0a4_45bd_8a43_10f534a4ab88 0 8 {"key11756837297878": "value-8"}
2025-09-02 18:21:49,563 INFO  [io.api.tes.ser.api.KafkaSerdesTester] (ForkJoinPool.commonPool-worker-2) topic-cb1bd84e_f0a4_45bd_8a43_10f534a4ab88 0 9 {"key11756837297878": "value-9"}
2025-09-02 18:21:49,563 INFO  [io.api.tes.ser.api.KafkaSerdesTester] (ForkJoinPool.commonPool-worker-2) Consumed 10 messages
2025-09-02 18:21:49,569 INFO  [org.apa.kaf.cli.con.int.ConsumerRebalanceListenerInvoker] (ForkJoinPool.commonPool-worker-2) [Consumer clientId=consumer-Consumer-topic-cb1bd84e_f0a4_45bd_8a43_10f534a4ab88-16, groupId=Consumer-topic-cb1bd84e_f0a4_45bd_8a43_10f534a4ab88] Revoke previously assigned partitions topic-cb1bd84e_f0a4_45bd_8a43_10f534a4ab88-0
2025-09-02 18:21:49,569 INFO  [org.apa.kaf.cli.con.int.ConsumerCoordinator] (ForkJoinPool.commonPool-worker-2) [Consumer clientId=consumer-Consumer-topic-cb1bd84e_f0a4_45bd_8a43_10f534a4ab88-16, groupId=Consumer-topic-cb1bd84e_f0a4_45bd_8a43_10f534a4ab88] Member consumer-Consumer-topic-cb1bd84e_f0a4_45bd_8a43_10f534a4ab88-16-7d049411-44e4-44df-9b45-b19a0c050c8d sending LeaveGroup request to coordinator localhost:32769 (id: 2147483647 rack: null) due to the consumer is being closed
2025-09-02 18:21:49,570 INFO  [org.apa.kaf.cli.con.int.ConsumerCoordinator] (ForkJoinPool.commonPool-worker-2) [Consumer clientId=consumer-Consumer-topic-cb1bd84e_f0a4_45bd_8a43_10f534a4ab88-16, groupId=Consumer-topic-cb1bd84e_f0a4_45bd_8a43_10f534a4ab88] Resetting generation and member id due to: consumer pro-actively leaving the group
2025-09-02 18:21:49,570 INFO  [org.apa.kaf.cli.con.int.ConsumerCoordinator] (ForkJoinPool.commonPool-worker-2) [Consumer clientId=consumer-Consumer-topic-cb1bd84e_f0a4_45bd_8a43_10f534a4ab88-16, groupId=Consumer-topic-cb1bd84e_f0a4_45bd_8a43_10f534a4ab88] Request joining group due to: consumer pro-actively leaving the group
2025-09-02 18:21:50,065 INFO  [org.apa.kaf.com.met.Metrics] (ForkJoinPool.commonPool-worker-2) Metrics scheduler closed
2025-09-02 18:21:50,065 INFO  [org.apa.kaf.com.met.Metrics] (ForkJoinPool.commonPool-worker-2) Closing reporter org.apache.kafka.common.metrics.JmxReporter
2025-09-02 18:21:50,065 INFO  [org.apa.kaf.com.met.Metrics] (ForkJoinPool.commonPool-worker-2) Closing reporter org.apache.kafka.common.telemetry.internals.ClientTelemetryReporter
2025-09-02 18:21:50,065 INFO  [org.apa.kaf.com.met.Metrics] (ForkJoinPool.commonPool-worker-2) Metrics reporters closed
2025-09-02 18:21:50,067 INFO  [org.apa.kaf.com.uti.AppInfoParser] (ForkJoinPool.commonPool-worker-2) App info kafka.consumer for consumer-Consumer-topic-cb1bd84e_f0a4_45bd_8a43_10f534a4ab88-16 unregistered
2025-09-02 18:21:50,067 INFO  [io.api.tes.uti.TestSeparator] (main) io.apicurio.tests.serdes.apicurio.AvroSerdeIT.testAvroConfluentForMultipleTopics-FINISHED
2025-09-02 18:21:50,067 INFO  [io.api.tes.uti.TestSeparator] (main) ############################################################################
Test passed: testAvroConfluentForMultipleTopics
]]></system-out>
  </testcase>
  <testcase name="testFirstRequestFailsRateLimited" classname="io.apicurio.tests.serdes.apicurio.AvroSerdeIT" time="0.817">
    <system-out><![CDATA[2025-09-02 18:21:50,068 INFO  [io.api.tes.uti.TestSeparator] (main) ############################################################################
2025-09-02 18:21:50,068 INFO  [io.api.tes.uti.TestSeparator] (main) io.apicurio.tests.serdes.apicurio.AvroSerdeIT.testFirstRequestFailsRateLimited-STARTED
2025-09-02 18:21:50,554 INFO  [org.ecl.jet.ser.Server] (main) jetty-11.0.15; built: 2023-04-11T18:37:53.775Z; git: 5bc5e562c8d05c5862505aebe5cf83a61bdbcb96; jvm 17.0.16+8
2025-09-02 18:21:50,594 INFO  [org.ecl.jet.ser.han.ContextHandler] (main) Started o.e.j.s.ServletContextHandler@3e9a0143{/__admin,null,AVAILABLE}
2025-09-02 18:21:50,601 INFO  [org.ecl.jet.ser.han.Con.ROOT] (main) RequestHandlerClass from context returned com.github.tomakehurst.wiremock.http.StubRequestHandler. Normalized mapped under returned 'null'
2025-09-02 18:21:50,601 INFO  [org.ecl.jet.ser.han.ContextHandler] (main) Started o.e.j.s.ServletContextHandler@18b0bbc3{/,null,AVAILABLE}
2025-09-02 18:21:50,607 INFO  [org.ecl.jet.ser.AbstractConnector] (main) Started NetworkTrafficServerConnector@24ae25b8{HTTP/1.1, (http/1.1, h2c)}{0.0.0.0:41083}
2025-09-02 18:21:50,609 INFO  [org.ecl.jet.ser.Server] (main) Started Server@edb28f6{STARTING}[11.0.15,sto=1000] @102294ms
**** Registry Base URL: http://registry-app-mysql.apps.ci419.apicurio-testing.org:80
2025-09-02 18:21:50,618 INFO  [org.apa.kaf.cli.pro.ProducerConfig] (main) ProducerConfig values: 
	acks = -1
	auto.include.jmx.reporter = true
	batch.size = 16384
	bootstrap.servers = [PLAINTEXT://localhost:32769]
	buffer.memory = 33554432
	client.dns.lookup = use_all_dns_ips
	client.id = Producer-topic-a6a9556f_eba7_49d6_a8d6_daf2207056c4
	compression.gzip.level = -1
	compression.lz4.level = 9
	compression.type = none
	compression.zstd.level = 3
	connections.max.idle.ms = 10000
	delivery.timeout.ms = 120000
	enable.idempotence = true
	enable.metrics.push = true
	interceptor.classes = []
	key.serializer = class org.apache.kafka.common.serialization.StringSerializer
	linger.ms = 0
	max.block.ms = 60000
	max.in.flight.requests.per.connection = 5
	max.request.size = 1048576
	metadata.max.age.ms = 300000
	metadata.max.idle.ms = 300000
	metadata.recovery.strategy = none
	metric.reporters = []
	metrics.num.samples = 2
	metrics.recording.level = INFO
	metrics.sample.window.ms = 30000
	partitioner.adaptive.partitioning.enable = true
	partitioner.availability.timeout.ms = 0
	partitioner.class = null
	partitioner.ignore.keys = false
	receive.buffer.bytes = 32768
	reconnect.backoff.max.ms = 1000
	reconnect.backoff.ms = 50
	request.timeout.ms = 5000
	retries = 2147483647
	retry.backoff.max.ms = 1000
	retry.backoff.ms = 100
	sasl.client.callback.handler.class = null
	sasl.jaas.config = null
	sasl.kerberos.kinit.cmd = /usr/bin/kinit
	sasl.kerberos.min.time.before.relogin = 60000
	sasl.kerberos.service.name = null
	sasl.kerberos.ticket.renew.jitter = 0.05
	sasl.kerberos.ticket.renew.window.factor = 0.8
	sasl.login.callback.handler.class = null
	sasl.login.class = null
	sasl.login.connect.timeout.ms = null
	sasl.login.read.timeout.ms = null
	sasl.login.refresh.buffer.seconds = 300
	sasl.login.refresh.min.period.seconds = 60
	sasl.login.refresh.window.factor = 0.8
	sasl.login.refresh.window.jitter = 0.05
	sasl.login.retry.backoff.max.ms = 10000
	sasl.login.retry.backoff.ms = 100
	sasl.mechanism = GSSAPI
	sasl.oauthbearer.clock.skew.seconds = 30
	sasl.oauthbearer.expected.audience = null
	sasl.oauthbearer.expected.issuer = null
	sasl.oauthbearer.header.urlencode = false
	sasl.oauthbearer.jwks.endpoint.refresh.ms = 3600000
	sasl.oauthbearer.jwks.endpoint.retry.backoff.max.ms = 10000
	sasl.oauthbearer.jwks.endpoint.retry.backoff.ms = 100
	sasl.oauthbearer.jwks.endpoint.url = null
	sasl.oauthbearer.scope.claim.name = scope
	sasl.oauthbearer.sub.claim.name = sub
	sasl.oauthbearer.token.endpoint.url = null
	security.protocol = PLAINTEXT
	security.providers = null
	send.buffer.bytes = 131072
	socket.connection.setup.timeout.max.ms = 30000
	socket.connection.setup.timeout.ms = 10000
	ssl.cipher.suites = null
	ssl.enabled.protocols = [TLSv1.2, TLSv1.3]
	ssl.endpoint.identification.algorithm = https
	ssl.engine.factory.class = null
	ssl.key.password = null
	ssl.keymanager.algorithm = SunX509
	ssl.keystore.certificate.chain = null
	ssl.keystore.key = null
	ssl.keystore.location = null
	ssl.keystore.password = null
	ssl.keystore.type = JKS
	ssl.protocol = TLSv1.3
	ssl.provider = null
	ssl.secure.random.implementation = null
	ssl.trustmanager.algorithm = PKIX
	ssl.truststore.certificates = null
	ssl.truststore.location = null
	ssl.truststore.password = null
	ssl.truststore.type = JKS
	transaction.timeout.ms = 60000
	transactional.id = null
	value.serializer = class io.apicurio.registry.serde.avro.AvroKafkaSerializer

2025-09-02 18:21:50,618 INFO  [org.apa.kaf.com.tel.int.KafkaMetricsCollector] (main) initializing Kafka metrics collector
2025-09-02 18:21:50,621 INFO  [org.apa.kaf.cli.pro.KafkaProducer] (main) [Producer clientId=Producer-topic-a6a9556f_eba7_49d6_a8d6_daf2207056c4] Instantiated an idempotent producer.
2025-09-02 18:21:50,623 INFO  [org.apa.kaf.cli.pro.ProducerConfig] (main) These configurations '[apicurio.registry.url, apicurio.registry.artifact-resolver-strategy]' were supplied but are not used yet.
2025-09-02 18:21:50,624 INFO  [org.apa.kaf.com.uti.AppInfoParser] (main) Kafka version: 3.9.1
2025-09-02 18:21:50,624 INFO  [org.apa.kaf.com.uti.AppInfoParser] (main) Kafka commitId: f745dfdcee2b9851
2025-09-02 18:21:50,624 INFO  [org.apa.kaf.com.uti.AppInfoParser] (main) Kafka startTimeMs: 1756837310624
2025-09-02 18:21:50,624 INFO  [io.api.tes.ser.api.KafkaSerdesTester] (ForkJoinPool.commonPool-worker-2) Sending message {"keyB": "value-0"} to topic topic-a6a9556f_eba7_49d6_a8d6_daf2207056c4
2025-09-02 18:21:50,628 WARN  [org.apa.kaf.cli.NetworkClient] (kafka-producer-network-thread | Producer-topic-a6a9556f_eba7_49d6_a8d6_daf2207056c4) [Producer clientId=Producer-topic-a6a9556f_eba7_49d6_a8d6_daf2207056c4] The metadata response from the cluster reported a recoverable issue with correlation id 1 : {topic-a6a9556f_eba7_49d6_a8d6_daf2207056c4=UNKNOWN_TOPIC_OR_PARTITION}
2025-09-02 18:21:50,629 INFO  [org.apa.kaf.cli.Metadata] (kafka-producer-network-thread | Producer-topic-a6a9556f_eba7_49d6_a8d6_daf2207056c4) [Producer clientId=Producer-topic-a6a9556f_eba7_49d6_a8d6_daf2207056c4] Cluster ID: zhgBwCfeQnC1PCRKjnRbQg
2025-09-02 18:21:50,629 INFO  [org.apa.kaf.cli.pro.int.TransactionManager] (kafka-producer-network-thread | Producer-topic-a6a9556f_eba7_49d6_a8d6_daf2207056c4) [Producer clientId=Producer-topic-a6a9556f_eba7_49d6_a8d6_daf2207056c4] ProducerId set to 22 with epoch 0
2025-09-02 18:21:50,737 INFO  [DefaultSchemaResolver] (ForkJoinPool.commonPool-worker-2) Retrieving schema content using string: {"type":"record","name":"myrecord","namespace":"mygroup","fields":[{"name":"keyB","type":"string"}]}
2025-09-02 18:21:50,875 INFO  [org.apa.kaf.cli.pro.KafkaProducer] (ForkJoinPool.commonPool-worker-2) [Producer clientId=Producer-topic-a6a9556f_eba7_49d6_a8d6_daf2207056c4] Closing the Kafka producer with timeoutMillis = 9223372036854775807 ms.
2025-09-02 18:21:50,877 INFO  [org.apa.kaf.com.met.Metrics] (ForkJoinPool.commonPool-worker-2) Metrics scheduler closed
2025-09-02 18:21:50,877 INFO  [org.apa.kaf.com.met.Metrics] (ForkJoinPool.commonPool-worker-2) Closing reporter org.apache.kafka.common.metrics.JmxReporter
2025-09-02 18:21:50,877 INFO  [org.apa.kaf.com.met.Metrics] (ForkJoinPool.commonPool-worker-2) Closing reporter org.apache.kafka.common.telemetry.internals.ClientTelemetryReporter
2025-09-02 18:21:50,877 INFO  [org.apa.kaf.com.met.Metrics] (ForkJoinPool.commonPool-worker-2) Metrics reporters closed
2025-09-02 18:21:50,877 INFO  [org.apa.kaf.com.uti.AppInfoParser] (ForkJoinPool.commonPool-worker-2) App info kafka.producer for Producer-topic-a6a9556f_eba7_49d6_a8d6_daf2207056c4 unregistered
2025-09-02 18:21:50,878 INFO  [org.ecl.jet.ser.Server] (main) Stopped Server@edb28f6{STOPPING}[11.0.15,sto=1000]
2025-09-02 18:21:50,878 INFO  [org.ecl.jet.ser.Server] (main) Shutdown Server@edb28f6{STOPPING}[11.0.15,sto=1000]
2025-09-02 18:21:50,882 INFO  [org.ecl.jet.ser.AbstractConnector] (main) Stopped NetworkTrafficServerConnector@24ae25b8{HTTP/1.1, (http/1.1, h2c)}{0.0.0.0:0}
2025-09-02 18:21:50,883 INFO  [org.ecl.jet.ser.han.ContextHandler] (main) Stopped o.e.j.s.ServletContextHandler@18b0bbc3{/,null,STOPPED}
2025-09-02 18:21:50,884 INFO  [org.ecl.jet.ser.han.ContextHandler] (main) Stopped o.e.j.s.ServletContextHandler@3e9a0143{/__admin,null,STOPPED}
2025-09-02 18:21:50,885 INFO  [io.api.tes.uti.TestSeparator] (main) io.apicurio.tests.serdes.apicurio.AvroSerdeIT.testFirstRequestFailsRateLimited-FINISHED
2025-09-02 18:21:50,885 INFO  [io.api.tes.uti.TestSeparator] (main) ############################################################################
Test passed: testFirstRequestFailsRateLimited
]]></system-out>
    <system-err><![CDATA[com.microsoft.kiota.ApiException: the server returned an unexpected status code and no error class is registered for this code 429
	at com.microsoft.kiota.ApiExceptionBuilder.withMessage(ApiExceptionBuilder.java:45)
	at io.kiota.http.vertx.VertXRequestAdapter.throwIfFailedResponse(VertXRequestAdapter.java:370)
	at io.kiota.http.vertx.VertXRequestAdapter.send(VertXRequestAdapter.java:170)
	at jdk.internal.reflect.GeneratedMethodAccessor33.invoke(Unknown Source)
	at java.base/jdk.internal.reflect.DelegatingMethodAccessorImpl.invoke(DelegatingMethodAccessorImpl.java:43)
	at java.base/java.lang.reflect.Method.invoke(Method.java:569)
	at io.apicurio.registry.client.RegistryClientFactory$RetryInvocationHandler.invoke(RegistryClientFactory.java:146)
	at jdk.proxy2/jdk.proxy2.$Proxy65.send(Unknown Source)
	at io.apicurio.registry.rest.client.search.versions.VersionsRequestBuilder.post(VersionsRequestBuilder.java:94)
	at io.apicurio.registry.resolver.client.RegistryClientFacadeImpl.searchVersionsByContent(RegistryClientFacadeImpl.java:106)
	at io.apicurio.registry.resolver.DefaultSchemaResolver.lambda$handleResolveSchemaByContent$3(DefaultSchemaResolver.java:258)
	at io.apicurio.registry.resolver.cache.ERCache.lambda$getValue$0(ERCache.java:174)
	at io.apicurio.registry.resolver.cache.ERCache.retry(ERCache.java:227)
	at io.apicurio.registry.resolver.cache.ERCache.getValue(ERCache.java:173)
	at io.apicurio.registry.resolver.cache.ERCache.getByContent(ERCache.java:147)
	at io.apicurio.registry.resolver.DefaultSchemaResolver.handleResolveSchemaByContent(DefaultSchemaResolver.java:253)
	at io.apicurio.registry.resolver.DefaultSchemaResolver.getSchemaFromRegistry(DefaultSchemaResolver.java:138)
	at io.apicurio.registry.resolver.DefaultSchemaResolver.lambda$resolveSchema$0(DefaultSchemaResolver.java:84)
	at java.base/java.util.Optional.orElseGet(Optional.java:364)
	at io.apicurio.registry.resolver.DefaultSchemaResolver.resolveSchema(DefaultSchemaResolver.java:84)
	at io.apicurio.registry.serde.AbstractSerializer.serializeData(AbstractSerializer.java:62)
	at io.apicurio.registry.serde.KafkaSerializer.serialize(KafkaSerializer.java:77)
	at org.apache.kafka.clients.producer.KafkaProducer.doSend(KafkaProducer.java:1046)
	at org.apache.kafka.clients.producer.KafkaProducer.send(KafkaProducer.java:993)
	at org.apache.kafka.clients.producer.KafkaProducer.send(KafkaProducer.java:875)
	at io.apicurio.tests.serdes.apicurio.KafkaSerdesTester.lambda$produceMessages$3(KafkaSerdesTester.java:138)
	at java.base/java.util.concurrent.CompletableFuture$AsyncSupply.run(CompletableFuture.java:1768)
	at java.base/java.util.concurrent.CompletableFuture$AsyncSupply.exec(CompletableFuture.java:1760)
	at java.base/java.util.concurrent.ForkJoinTask.doExec(ForkJoinTask.java:373)
	at java.base/java.util.concurrent.ForkJoinPool$WorkQueue.topLevelExec(ForkJoinPool.java:1182)
	at java.base/java.util.concurrent.ForkJoinPool.scan(ForkJoinPool.java:1655)
	at java.base/java.util.concurrent.ForkJoinPool.runWorker(ForkJoinPool.java:1622)
	at java.base/java.util.concurrent.ForkJoinWorkerThread.run(ForkJoinWorkerThread.java:165)
]]></system-err>
  </testcase>
  <testcase name="testFirstEmptyFieldConfusedAsMagicByte" classname="io.apicurio.tests.serdes.apicurio.AvroSerdeIT" time="3.922">
    <system-out><![CDATA[2025-09-02 18:21:50,886 INFO  [io.api.tes.uti.TestSeparator] (main) ############################################################################
2025-09-02 18:21:50,886 INFO  [io.api.tes.uti.TestSeparator] (main) io.apicurio.tests.serdes.apicurio.AvroSerdeIT.testFirstEmptyFieldConfusedAsMagicByte-STARTED
**** Registry Base URL: http://registry-app-mysql.apps.ci419.apicurio-testing.org:80
2025-09-02 18:21:50,888 INFO  [org.apa.kaf.cli.pro.ProducerConfig] (main) ProducerConfig values: 
	acks = -1
	auto.include.jmx.reporter = true
	batch.size = 16384
	bootstrap.servers = [PLAINTEXT://localhost:32769]
	buffer.memory = 33554432
	client.dns.lookup = use_all_dns_ips
	client.id = Producer-topic-958f8d21_56db_47ca_b805_ccabdd99982f
	compression.gzip.level = -1
	compression.lz4.level = 9
	compression.type = none
	compression.zstd.level = 3
	connections.max.idle.ms = 10000
	delivery.timeout.ms = 120000
	enable.idempotence = true
	enable.metrics.push = true
	interceptor.classes = []
	key.serializer = class org.apache.kafka.common.serialization.StringSerializer
	linger.ms = 0
	max.block.ms = 60000
	max.in.flight.requests.per.connection = 5
	max.request.size = 1048576
	metadata.max.age.ms = 300000
	metadata.max.idle.ms = 300000
	metadata.recovery.strategy = none
	metric.reporters = []
	metrics.num.samples = 2
	metrics.recording.level = INFO
	metrics.sample.window.ms = 30000
	partitioner.adaptive.partitioning.enable = true
	partitioner.availability.timeout.ms = 0
	partitioner.class = null
	partitioner.ignore.keys = false
	receive.buffer.bytes = 32768
	reconnect.backoff.max.ms = 1000
	reconnect.backoff.ms = 50
	request.timeout.ms = 5000
	retries = 2147483647
	retry.backoff.max.ms = 1000
	retry.backoff.ms = 100
	sasl.client.callback.handler.class = null
	sasl.jaas.config = null
	sasl.kerberos.kinit.cmd = /usr/bin/kinit
	sasl.kerberos.min.time.before.relogin = 60000
	sasl.kerberos.service.name = null
	sasl.kerberos.ticket.renew.jitter = 0.05
	sasl.kerberos.ticket.renew.window.factor = 0.8
	sasl.login.callback.handler.class = null
	sasl.login.class = null
	sasl.login.connect.timeout.ms = null
	sasl.login.read.timeout.ms = null
	sasl.login.refresh.buffer.seconds = 300
	sasl.login.refresh.min.period.seconds = 60
	sasl.login.refresh.window.factor = 0.8
	sasl.login.refresh.window.jitter = 0.05
	sasl.login.retry.backoff.max.ms = 10000
	sasl.login.retry.backoff.ms = 100
	sasl.mechanism = GSSAPI
	sasl.oauthbearer.clock.skew.seconds = 30
	sasl.oauthbearer.expected.audience = null
	sasl.oauthbearer.expected.issuer = null
	sasl.oauthbearer.header.urlencode = false
	sasl.oauthbearer.jwks.endpoint.refresh.ms = 3600000
	sasl.oauthbearer.jwks.endpoint.retry.backoff.max.ms = 10000
	sasl.oauthbearer.jwks.endpoint.retry.backoff.ms = 100
	sasl.oauthbearer.jwks.endpoint.url = null
	sasl.oauthbearer.scope.claim.name = scope
	sasl.oauthbearer.sub.claim.name = sub
	sasl.oauthbearer.token.endpoint.url = null
	security.protocol = PLAINTEXT
	security.providers = null
	send.buffer.bytes = 131072
	socket.connection.setup.timeout.max.ms = 30000
	socket.connection.setup.timeout.ms = 10000
	ssl.cipher.suites = null
	ssl.enabled.protocols = [TLSv1.2, TLSv1.3]
	ssl.endpoint.identification.algorithm = https
	ssl.engine.factory.class = null
	ssl.key.password = null
	ssl.keymanager.algorithm = SunX509
	ssl.keystore.certificate.chain = null
	ssl.keystore.key = null
	ssl.keystore.location = null
	ssl.keystore.password = null
	ssl.keystore.type = JKS
	ssl.protocol = TLSv1.3
	ssl.provider = null
	ssl.secure.random.implementation = null
	ssl.trustmanager.algorithm = PKIX
	ssl.truststore.certificates = null
	ssl.truststore.location = null
	ssl.truststore.password = null
	ssl.truststore.type = JKS
	transaction.timeout.ms = 60000
	transactional.id = null
	value.serializer = class io.apicurio.registry.serde.avro.AvroKafkaSerializer

2025-09-02 18:21:50,889 INFO  [org.apa.kaf.com.tel.int.KafkaMetricsCollector] (main) initializing Kafka metrics collector
2025-09-02 18:21:50,892 INFO  [org.apa.kaf.cli.pro.KafkaProducer] (main) [Producer clientId=Producer-topic-958f8d21_56db_47ca_b805_ccabdd99982f] Instantiated an idempotent producer.
2025-09-02 18:21:50,893 INFO  [org.apa.kaf.cli.pro.ProducerConfig] (main) These configurations '[apicurio.registry.url, apicurio.registry.auto-register, apicurio.registry.artifact-resolver-strategy]' were supplied but are not used yet.
2025-09-02 18:21:50,893 INFO  [org.apa.kaf.com.uti.AppInfoParser] (main) Kafka version: 3.9.1
2025-09-02 18:21:50,893 INFO  [org.apa.kaf.com.uti.AppInfoParser] (main) Kafka commitId: f745dfdcee2b9851
2025-09-02 18:21:50,893 INFO  [org.apa.kaf.com.uti.AppInfoParser] (main) Kafka startTimeMs: 1756837310893
2025-09-02 18:21:50,894 INFO  [io.api.tes.ser.api.SimpleSerdesTesterBuilder$SimpleSerdesTester] (main) Using producer configuration: {apicurio.registry.url=http://registry-app-mysql.apps.ci419.apicurio-testing.org:80/apis/registry/v3, apicurio.registry.auto-register=true, apicurio.registry.artifact-resolver-strategy=io.apicurio.registry.serde.strategy.SimpleTopicIdStrategy, value.serializer=io.apicurio.registry.serde.avro.AvroKafkaSerializer, request.timeout.ms=5000, acks=all, bootstrap.servers=PLAINTEXT://localhost:32769, connections.max.idle.ms=10000, key.serializer=org.apache.kafka.common.serialization.StringSerializer, client.id=Producer-topic-958f8d21_56db_47ca_b805_ccabdd99982f}
2025-09-02 18:21:50,894 INFO  [io.api.tes.ser.api.SimpleSerdesTesterBuilder$SimpleSerdesTester] (main) Using consumer configuration: {}
2025-09-02 18:21:50,894 INFO  [io.api.tes.ser.api.KafkaSerdesTester] (ForkJoinPool.commonPool-worker-2) Sending message {"username": null} to topic topic-958f8d21_56db_47ca_b805_ccabdd99982f
2025-09-02 18:21:50,898 WARN  [org.apa.kaf.cli.NetworkClient] (kafka-producer-network-thread | Producer-topic-958f8d21_56db_47ca_b805_ccabdd99982f) [Producer clientId=Producer-topic-958f8d21_56db_47ca_b805_ccabdd99982f] The metadata response from the cluster reported a recoverable issue with correlation id 1 : {topic-958f8d21_56db_47ca_b805_ccabdd99982f=UNKNOWN_TOPIC_OR_PARTITION}
2025-09-02 18:21:50,898 INFO  [org.apa.kaf.cli.Metadata] (kafka-producer-network-thread | Producer-topic-958f8d21_56db_47ca_b805_ccabdd99982f) [Producer clientId=Producer-topic-958f8d21_56db_47ca_b805_ccabdd99982f] Cluster ID: zhgBwCfeQnC1PCRKjnRbQg
2025-09-02 18:21:50,898 INFO  [org.apa.kaf.cli.pro.int.TransactionManager] (kafka-producer-network-thread | Producer-topic-958f8d21_56db_47ca_b805_ccabdd99982f) [Producer clientId=Producer-topic-958f8d21_56db_47ca_b805_ccabdd99982f] ProducerId set to 23 with epoch 0
2025-09-02 18:21:51,102 INFO  [io.api.tes.ser.api.KafkaSerdesTester] (ForkJoinPool.commonPool-worker-2) Sending message {"username": null} to topic topic-958f8d21_56db_47ca_b805_ccabdd99982f
2025-09-02 18:21:51,103 INFO  [io.api.tes.ser.api.KafkaSerdesTester] (ForkJoinPool.commonPool-worker-2) Sending message {"username": "value-2"} to topic topic-958f8d21_56db_47ca_b805_ccabdd99982f
2025-09-02 18:21:51,104 INFO  [io.api.tes.ser.api.KafkaSerdesTester] (ForkJoinPool.commonPool-worker-2) Sending message {"username": null} to topic topic-958f8d21_56db_47ca_b805_ccabdd99982f
2025-09-02 18:21:51,105 INFO  [io.api.tes.ser.api.KafkaSerdesTester] (ForkJoinPool.commonPool-worker-2) Sending message {"username": "value-4"} to topic topic-958f8d21_56db_47ca_b805_ccabdd99982f
2025-09-02 18:21:51,106 INFO  [io.api.tes.ser.api.KafkaSerdesTester] (ForkJoinPool.commonPool-worker-2) Sending message {"username": null} to topic topic-958f8d21_56db_47ca_b805_ccabdd99982f
2025-09-02 18:21:51,107 INFO  [io.api.tes.ser.api.KafkaSerdesTester] (ForkJoinPool.commonPool-worker-2) Sending message {"username": "value-6"} to topic topic-958f8d21_56db_47ca_b805_ccabdd99982f
2025-09-02 18:21:51,108 INFO  [io.api.tes.ser.api.KafkaSerdesTester] (ForkJoinPool.commonPool-worker-2) Sending message {"username": null} to topic topic-958f8d21_56db_47ca_b805_ccabdd99982f
2025-09-02 18:21:51,110 INFO  [io.api.tes.ser.api.KafkaSerdesTester] (ForkJoinPool.commonPool-worker-2) Sending message {"username": "value-8"} to topic topic-958f8d21_56db_47ca_b805_ccabdd99982f
2025-09-02 18:21:51,111 INFO  [io.api.tes.ser.api.KafkaSerdesTester] (ForkJoinPool.commonPool-worker-2) Sending message {"username": null} to topic topic-958f8d21_56db_47ca_b805_ccabdd99982f
2025-09-02 18:21:51,113 INFO  [io.api.tes.ser.api.KafkaSerdesTester] (ForkJoinPool.commonPool-worker-2) Produced 10 messages
2025-09-02 18:21:51,113 INFO  [org.apa.kaf.cli.pro.KafkaProducer] (ForkJoinPool.commonPool-worker-2) [Producer clientId=Producer-topic-958f8d21_56db_47ca_b805_ccabdd99982f] Closing the Kafka producer with timeoutMillis = 9223372036854775807 ms.
2025-09-02 18:21:51,115 INFO  [org.apa.kaf.com.met.Metrics] (ForkJoinPool.commonPool-worker-2) Metrics scheduler closed
2025-09-02 18:21:51,115 INFO  [org.apa.kaf.com.met.Metrics] (ForkJoinPool.commonPool-worker-2) Closing reporter org.apache.kafka.common.metrics.JmxReporter
2025-09-02 18:21:51,115 INFO  [org.apa.kaf.com.met.Metrics] (ForkJoinPool.commonPool-worker-2) Closing reporter org.apache.kafka.common.telemetry.internals.ClientTelemetryReporter
2025-09-02 18:21:51,115 INFO  [org.apa.kaf.com.met.Metrics] (ForkJoinPool.commonPool-worker-2) Metrics reporters closed
2025-09-02 18:21:51,115 INFO  [org.apa.kaf.com.uti.AppInfoParser] (ForkJoinPool.commonPool-worker-2) App info kafka.producer for Producer-topic-958f8d21_56db_47ca_b805_ccabdd99982f unregistered
**** Registry Base URL: http://registry-app-mysql.apps.ci419.apicurio-testing.org:80
2025-09-02 18:21:51,192 INFO  [org.apa.kaf.cli.con.ConsumerConfig] (main) ConsumerConfig values: 
	allow.auto.create.topics = true
	auto.commit.interval.ms = 500
	auto.include.jmx.reporter = true
	auto.offset.reset = earliest
	bootstrap.servers = [PLAINTEXT://localhost:32769]
	check.crcs = true
	client.dns.lookup = use_all_dns_ips
	client.id = consumer-Consumer-topic-958f8d21_56db_47ca_b805_ccabdd99982f-17
	client.rack = 
	connections.max.idle.ms = 10000
	default.api.timeout.ms = 60000
	enable.auto.commit = true
	enable.metrics.push = true
	exclude.internal.topics = true
	fetch.max.bytes = 52428800
	fetch.max.wait.ms = 500
	fetch.min.bytes = 1
	group.id = Consumer-topic-958f8d21_56db_47ca_b805_ccabdd99982f
	group.instance.id = null
	group.protocol = classic
	group.remote.assignor = null
	heartbeat.interval.ms = 3000
	interceptor.classes = []
	internal.leave.group.on.close = true
	internal.throw.on.fetch.stable.offset.unsupported = false
	isolation.level = read_uncommitted
	key.deserializer = class org.apache.kafka.common.serialization.StringDeserializer
	max.partition.fetch.bytes = 1048576
	max.poll.interval.ms = 300000
	max.poll.records = 500
	metadata.max.age.ms = 300000
	metadata.recovery.strategy = none
	metric.reporters = []
	metrics.num.samples = 2
	metrics.recording.level = INFO
	metrics.sample.window.ms = 30000
	partition.assignment.strategy = [class org.apache.kafka.clients.consumer.RangeAssignor, class org.apache.kafka.clients.consumer.CooperativeStickyAssignor]
	receive.buffer.bytes = 65536
	reconnect.backoff.max.ms = 1000
	reconnect.backoff.ms = 50
	request.timeout.ms = 5000
	retry.backoff.max.ms = 1000
	retry.backoff.ms = 100
	sasl.client.callback.handler.class = null
	sasl.jaas.config = null
	sasl.kerberos.kinit.cmd = /usr/bin/kinit
	sasl.kerberos.min.time.before.relogin = 60000
	sasl.kerberos.service.name = null
	sasl.kerberos.ticket.renew.jitter = 0.05
	sasl.kerberos.ticket.renew.window.factor = 0.8
	sasl.login.callback.handler.class = null
	sasl.login.class = null
	sasl.login.connect.timeout.ms = null
	sasl.login.read.timeout.ms = null
	sasl.login.refresh.buffer.seconds = 300
	sasl.login.refresh.min.period.seconds = 60
	sasl.login.refresh.window.factor = 0.8
	sasl.login.refresh.window.jitter = 0.05
	sasl.login.retry.backoff.max.ms = 10000
	sasl.login.retry.backoff.ms = 100
	sasl.mechanism = GSSAPI
	sasl.oauthbearer.clock.skew.seconds = 30
	sasl.oauthbearer.expected.audience = null
	sasl.oauthbearer.expected.issuer = null
	sasl.oauthbearer.header.urlencode = false
	sasl.oauthbearer.jwks.endpoint.refresh.ms = 3600000
	sasl.oauthbearer.jwks.endpoint.retry.backoff.max.ms = 10000
	sasl.oauthbearer.jwks.endpoint.retry.backoff.ms = 100
	sasl.oauthbearer.jwks.endpoint.url = null
	sasl.oauthbearer.scope.claim.name = scope
	sasl.oauthbearer.sub.claim.name = sub
	sasl.oauthbearer.token.endpoint.url = null
	security.protocol = PLAINTEXT
	security.providers = null
	send.buffer.bytes = 131072
	session.timeout.ms = 45000
	socket.connection.setup.timeout.max.ms = 30000
	socket.connection.setup.timeout.ms = 10000
	ssl.cipher.suites = null
	ssl.enabled.protocols = [TLSv1.2, TLSv1.3]
	ssl.endpoint.identification.algorithm = https
	ssl.engine.factory.class = null
	ssl.key.password = null
	ssl.keymanager.algorithm = SunX509
	ssl.keystore.certificate.chain = null
	ssl.keystore.key = null
	ssl.keystore.location = null
	ssl.keystore.password = null
	ssl.keystore.type = JKS
	ssl.protocol = TLSv1.3
	ssl.provider = null
	ssl.secure.random.implementation = null
	ssl.trustmanager.algorithm = PKIX
	ssl.truststore.certificates = null
	ssl.truststore.location = null
	ssl.truststore.password = null
	ssl.truststore.type = JKS
	value.deserializer = class io.apicurio.registry.serde.avro.AvroKafkaDeserializer

2025-09-02 18:21:51,193 INFO  [org.apa.kaf.com.tel.int.KafkaMetricsCollector] (main) initializing Kafka metrics collector
2025-09-02 18:21:51,197 INFO  [org.apa.kaf.cli.con.ConsumerConfig] (main) These configurations '[apicurio.registry.url]' were supplied but are not used yet.
2025-09-02 18:21:51,197 INFO  [org.apa.kaf.com.uti.AppInfoParser] (main) Kafka version: 3.9.1
2025-09-02 18:21:51,197 INFO  [org.apa.kaf.com.uti.AppInfoParser] (main) Kafka commitId: f745dfdcee2b9851
2025-09-02 18:21:51,197 INFO  [org.apa.kaf.com.uti.AppInfoParser] (main) Kafka startTimeMs: 1756837311197
2025-09-02 18:21:51,197 INFO  [org.apa.kaf.cli.con.int.ClassicKafkaConsumer] (ForkJoinPool.commonPool-worker-2) [Consumer clientId=consumer-Consumer-topic-958f8d21_56db_47ca_b805_ccabdd99982f-17, groupId=Consumer-topic-958f8d21_56db_47ca_b805_ccabdd99982f] Subscribed to topic(s): topic-958f8d21_56db_47ca_b805_ccabdd99982f
2025-09-02 18:21:51,200 INFO  [org.apa.kaf.cli.Metadata] (ForkJoinPool.commonPool-worker-2) [Consumer clientId=consumer-Consumer-topic-958f8d21_56db_47ca_b805_ccabdd99982f-17, groupId=Consumer-topic-958f8d21_56db_47ca_b805_ccabdd99982f] Cluster ID: zhgBwCfeQnC1PCRKjnRbQg
2025-09-02 18:21:51,200 INFO  [org.apa.kaf.cli.con.int.ConsumerCoordinator] (ForkJoinPool.commonPool-worker-2) [Consumer clientId=consumer-Consumer-topic-958f8d21_56db_47ca_b805_ccabdd99982f-17, groupId=Consumer-topic-958f8d21_56db_47ca_b805_ccabdd99982f] Discovered group coordinator localhost:32769 (id: 2147483647 rack: null)
2025-09-02 18:21:51,201 INFO  [org.apa.kaf.cli.con.int.ConsumerCoordinator] (ForkJoinPool.commonPool-worker-2) [Consumer clientId=consumer-Consumer-topic-958f8d21_56db_47ca_b805_ccabdd99982f-17, groupId=Consumer-topic-958f8d21_56db_47ca_b805_ccabdd99982f] (Re-)joining group
2025-09-02 18:21:51,202 INFO  [org.apa.kaf.cli.con.int.ConsumerCoordinator] (ForkJoinPool.commonPool-worker-2) [Consumer clientId=consumer-Consumer-topic-958f8d21_56db_47ca_b805_ccabdd99982f-17, groupId=Consumer-topic-958f8d21_56db_47ca_b805_ccabdd99982f] Request joining group due to: need to re-join with the given member-id: consumer-Consumer-topic-958f8d21_56db_47ca_b805_ccabdd99982f-17-3dbb9b8c-0ac1-4e2b-aef7-3ea3e8e264bc
2025-09-02 18:21:51,202 INFO  [org.apa.kaf.cli.con.int.ConsumerCoordinator] (ForkJoinPool.commonPool-worker-2) [Consumer clientId=consumer-Consumer-topic-958f8d21_56db_47ca_b805_ccabdd99982f-17, groupId=Consumer-topic-958f8d21_56db_47ca_b805_ccabdd99982f] (Re-)joining group
2025-09-02 18:21:52,197 INFO  [io.api.tes.ser.api.KafkaSerdesTester] (ForkJoinPool.commonPool-worker-2) None found
2025-09-02 18:21:53,197 INFO  [io.api.tes.ser.api.KafkaSerdesTester] (ForkJoinPool.commonPool-worker-2) None found
2025-09-02 18:21:54,197 INFO  [io.api.tes.ser.api.KafkaSerdesTester] (ForkJoinPool.commonPool-worker-2) None found
2025-09-02 18:21:54,204 INFO  [org.apa.kaf.cli.con.int.ConsumerCoordinator] (ForkJoinPool.commonPool-worker-2) [Consumer clientId=consumer-Consumer-topic-958f8d21_56db_47ca_b805_ccabdd99982f-17, groupId=Consumer-topic-958f8d21_56db_47ca_b805_ccabdd99982f] Successfully joined group with generation Generation{generationId=1, memberId='consumer-Consumer-topic-958f8d21_56db_47ca_b805_ccabdd99982f-17-3dbb9b8c-0ac1-4e2b-aef7-3ea3e8e264bc', protocol='range'}
2025-09-02 18:21:54,204 INFO  [org.apa.kaf.cli.con.int.ConsumerCoordinator] (ForkJoinPool.commonPool-worker-2) [Consumer clientId=consumer-Consumer-topic-958f8d21_56db_47ca_b805_ccabdd99982f-17, groupId=Consumer-topic-958f8d21_56db_47ca_b805_ccabdd99982f] Finished assignment for group at generation 1: {consumer-Consumer-topic-958f8d21_56db_47ca_b805_ccabdd99982f-17-3dbb9b8c-0ac1-4e2b-aef7-3ea3e8e264bc=Assignment(partitions=[topic-958f8d21_56db_47ca_b805_ccabdd99982f-0])}
2025-09-02 18:21:54,211 INFO  [org.apa.kaf.cli.con.int.ConsumerCoordinator] (ForkJoinPool.commonPool-worker-2) [Consumer clientId=consumer-Consumer-topic-958f8d21_56db_47ca_b805_ccabdd99982f-17, groupId=Consumer-topic-958f8d21_56db_47ca_b805_ccabdd99982f] Successfully synced group in generation Generation{generationId=1, memberId='consumer-Consumer-topic-958f8d21_56db_47ca_b805_ccabdd99982f-17-3dbb9b8c-0ac1-4e2b-aef7-3ea3e8e264bc', protocol='range'}
2025-09-02 18:21:54,211 INFO  [org.apa.kaf.cli.con.int.ConsumerCoordinator] (ForkJoinPool.commonPool-worker-2) [Consumer clientId=consumer-Consumer-topic-958f8d21_56db_47ca_b805_ccabdd99982f-17, groupId=Consumer-topic-958f8d21_56db_47ca_b805_ccabdd99982f] Notifying assignor about the new Assignment(partitions=[topic-958f8d21_56db_47ca_b805_ccabdd99982f-0])
2025-09-02 18:21:54,211 INFO  [org.apa.kaf.cli.con.int.ConsumerRebalanceListenerInvoker] (ForkJoinPool.commonPool-worker-2) [Consumer clientId=consumer-Consumer-topic-958f8d21_56db_47ca_b805_ccabdd99982f-17, groupId=Consumer-topic-958f8d21_56db_47ca_b805_ccabdd99982f] Adding newly assigned partitions: topic-958f8d21_56db_47ca_b805_ccabdd99982f-0
2025-09-02 18:21:54,212 INFO  [org.apa.kaf.cli.con.int.ConsumerCoordinator] (ForkJoinPool.commonPool-worker-2) [Consumer clientId=consumer-Consumer-topic-958f8d21_56db_47ca_b805_ccabdd99982f-17, groupId=Consumer-topic-958f8d21_56db_47ca_b805_ccabdd99982f] Found no committed offset for partition topic-958f8d21_56db_47ca_b805_ccabdd99982f-0
2025-09-02 18:21:54,215 INFO  [org.apa.kaf.cli.con.int.SubscriptionState] (ForkJoinPool.commonPool-worker-2) [Consumer clientId=consumer-Consumer-topic-958f8d21_56db_47ca_b805_ccabdd99982f-17, groupId=Consumer-topic-958f8d21_56db_47ca_b805_ccabdd99982f] Resetting offset for partition topic-958f8d21_56db_47ca_b805_ccabdd99982f-0 to position FetchPosition{offset=0, offsetEpoch=Optional.empty, currentLeader=LeaderAndEpoch{leader=Optional[localhost:32769 (id: 0 rack: null)], epoch=0}}.
2025-09-02 18:21:54,303 INFO  [io.api.tes.ser.api.KafkaSerdesTester] (ForkJoinPool.commonPool-worker-2) topic-958f8d21_56db_47ca_b805_ccabdd99982f 0 0 {"username": null}
2025-09-02 18:21:54,303 INFO  [io.api.tes.ser.api.KafkaSerdesTester] (ForkJoinPool.commonPool-worker-2) topic-958f8d21_56db_47ca_b805_ccabdd99982f 0 1 {"username": null}
2025-09-02 18:21:54,303 INFO  [io.api.tes.ser.api.KafkaSerdesTester] (ForkJoinPool.commonPool-worker-2) topic-958f8d21_56db_47ca_b805_ccabdd99982f 0 2 {"username": "value-2"}
2025-09-02 18:21:54,303 INFO  [io.api.tes.ser.api.KafkaSerdesTester] (ForkJoinPool.commonPool-worker-2) topic-958f8d21_56db_47ca_b805_ccabdd99982f 0 3 {"username": null}
2025-09-02 18:21:54,303 INFO  [io.api.tes.ser.api.KafkaSerdesTester] (ForkJoinPool.commonPool-worker-2) topic-958f8d21_56db_47ca_b805_ccabdd99982f 0 4 {"username": "value-4"}
2025-09-02 18:21:54,303 INFO  [io.api.tes.ser.api.KafkaSerdesTester] (ForkJoinPool.commonPool-worker-2) topic-958f8d21_56db_47ca_b805_ccabdd99982f 0 5 {"username": null}
2025-09-02 18:21:54,303 INFO  [io.api.tes.ser.api.KafkaSerdesTester] (ForkJoinPool.commonPool-worker-2) topic-958f8d21_56db_47ca_b805_ccabdd99982f 0 6 {"username": "value-6"}
2025-09-02 18:21:54,303 INFO  [io.api.tes.ser.api.KafkaSerdesTester] (ForkJoinPool.commonPool-worker-2) topic-958f8d21_56db_47ca_b805_ccabdd99982f 0 7 {"username": null}
2025-09-02 18:21:54,303 INFO  [io.api.tes.ser.api.KafkaSerdesTester] (ForkJoinPool.commonPool-worker-2) topic-958f8d21_56db_47ca_b805_ccabdd99982f 0 8 {"username": "value-8"}
2025-09-02 18:21:54,303 INFO  [io.api.tes.ser.api.KafkaSerdesTester] (ForkJoinPool.commonPool-worker-2) topic-958f8d21_56db_47ca_b805_ccabdd99982f 0 9 {"username": null}
2025-09-02 18:21:54,303 INFO  [io.api.tes.ser.api.KafkaSerdesTester] (ForkJoinPool.commonPool-worker-2) Consumed 10 messages
2025-09-02 18:21:54,310 INFO  [org.apa.kaf.cli.con.int.ConsumerRebalanceListenerInvoker] (ForkJoinPool.commonPool-worker-2) [Consumer clientId=consumer-Consumer-topic-958f8d21_56db_47ca_b805_ccabdd99982f-17, groupId=Consumer-topic-958f8d21_56db_47ca_b805_ccabdd99982f] Revoke previously assigned partitions topic-958f8d21_56db_47ca_b805_ccabdd99982f-0
2025-09-02 18:21:54,310 INFO  [org.apa.kaf.cli.con.int.ConsumerCoordinator] (ForkJoinPool.commonPool-worker-2) [Consumer clientId=consumer-Consumer-topic-958f8d21_56db_47ca_b805_ccabdd99982f-17, groupId=Consumer-topic-958f8d21_56db_47ca_b805_ccabdd99982f] Member consumer-Consumer-topic-958f8d21_56db_47ca_b805_ccabdd99982f-17-3dbb9b8c-0ac1-4e2b-aef7-3ea3e8e264bc sending LeaveGroup request to coordinator localhost:32769 (id: 2147483647 rack: null) due to the consumer is being closed
2025-09-02 18:21:54,310 INFO  [org.apa.kaf.cli.con.int.ConsumerCoordinator] (ForkJoinPool.commonPool-worker-2) [Consumer clientId=consumer-Consumer-topic-958f8d21_56db_47ca_b805_ccabdd99982f-17, groupId=Consumer-topic-958f8d21_56db_47ca_b805_ccabdd99982f] Resetting generation and member id due to: consumer pro-actively leaving the group
2025-09-02 18:21:54,310 INFO  [org.apa.kaf.cli.con.int.ConsumerCoordinator] (ForkJoinPool.commonPool-worker-2) [Consumer clientId=consumer-Consumer-topic-958f8d21_56db_47ca_b805_ccabdd99982f-17, groupId=Consumer-topic-958f8d21_56db_47ca_b805_ccabdd99982f] Request joining group due to: consumer pro-actively leaving the group
2025-09-02 18:21:54,806 INFO  [org.apa.kaf.com.met.Metrics] (ForkJoinPool.commonPool-worker-2) Metrics scheduler closed
2025-09-02 18:21:54,806 INFO  [org.apa.kaf.com.met.Metrics] (ForkJoinPool.commonPool-worker-2) Closing reporter org.apache.kafka.common.metrics.JmxReporter
2025-09-02 18:21:54,806 INFO  [org.apa.kaf.com.met.Metrics] (ForkJoinPool.commonPool-worker-2) Closing reporter org.apache.kafka.common.telemetry.internals.ClientTelemetryReporter
2025-09-02 18:21:54,806 INFO  [org.apa.kaf.com.met.Metrics] (ForkJoinPool.commonPool-worker-2) Metrics reporters closed
2025-09-02 18:21:54,807 INFO  [org.apa.kaf.com.uti.AppInfoParser] (ForkJoinPool.commonPool-worker-2) App info kafka.consumer for consumer-Consumer-topic-958f8d21_56db_47ca_b805_ccabdd99982f-17 unregistered
2025-09-02 18:21:54,808 INFO  [io.api.tes.uti.TestSeparator] (main) io.apicurio.tests.serdes.apicurio.AvroSerdeIT.testFirstEmptyFieldConfusedAsMagicByte-FINISHED
2025-09-02 18:21:54,808 INFO  [io.api.tes.uti.TestSeparator] (main) ############################################################################
Test passed: testFirstEmptyFieldConfusedAsMagicByte
]]></system-out>
  </testcase>
  <testcase name="testAvroSerDesFailDifferentSchemaByContent" classname="io.apicurio.tests.serdes.apicurio.AvroSerdeIT" time="1.201">
    <system-out><![CDATA[2025-09-02 18:21:54,809 INFO  [io.api.tes.uti.TestSeparator] (main) ############################################################################
2025-09-02 18:21:54,809 INFO  [io.api.tes.uti.TestSeparator] (main) io.apicurio.tests.serdes.apicurio.AvroSerdeIT.testAvroSerDesFailDifferentSchemaByContent-STARTED
**** Registry Base URL: http://registry-app-mysql.apps.ci419.apicurio-testing.org:80
2025-09-02 18:21:55,911 INFO  [org.apa.kaf.cli.pro.ProducerConfig] (main) ProducerConfig values: 
	acks = -1
	auto.include.jmx.reporter = true
	batch.size = 16384
	bootstrap.servers = [PLAINTEXT://localhost:32769]
	buffer.memory = 33554432
	client.dns.lookup = use_all_dns_ips
	client.id = Producer-topic-b623d791_8b49_4957_b252_cbdd95bf46aa
	compression.gzip.level = -1
	compression.lz4.level = 9
	compression.type = none
	compression.zstd.level = 3
	connections.max.idle.ms = 10000
	delivery.timeout.ms = 120000
	enable.idempotence = true
	enable.metrics.push = true
	interceptor.classes = []
	key.serializer = class org.apache.kafka.common.serialization.StringSerializer
	linger.ms = 0
	max.block.ms = 60000
	max.in.flight.requests.per.connection = 5
	max.request.size = 1048576
	metadata.max.age.ms = 300000
	metadata.max.idle.ms = 300000
	metadata.recovery.strategy = none
	metric.reporters = []
	metrics.num.samples = 2
	metrics.recording.level = INFO
	metrics.sample.window.ms = 30000
	partitioner.adaptive.partitioning.enable = true
	partitioner.availability.timeout.ms = 0
	partitioner.class = null
	partitioner.ignore.keys = false
	receive.buffer.bytes = 32768
	reconnect.backoff.max.ms = 1000
	reconnect.backoff.ms = 50
	request.timeout.ms = 5000
	retries = 2147483647
	retry.backoff.max.ms = 1000
	retry.backoff.ms = 100
	sasl.client.callback.handler.class = null
	sasl.jaas.config = null
	sasl.kerberos.kinit.cmd = /usr/bin/kinit
	sasl.kerberos.min.time.before.relogin = 60000
	sasl.kerberos.service.name = null
	sasl.kerberos.ticket.renew.jitter = 0.05
	sasl.kerberos.ticket.renew.window.factor = 0.8
	sasl.login.callback.handler.class = null
	sasl.login.class = null
	sasl.login.connect.timeout.ms = null
	sasl.login.read.timeout.ms = null
	sasl.login.refresh.buffer.seconds = 300
	sasl.login.refresh.min.period.seconds = 60
	sasl.login.refresh.window.factor = 0.8
	sasl.login.refresh.window.jitter = 0.05
	sasl.login.retry.backoff.max.ms = 10000
	sasl.login.retry.backoff.ms = 100
	sasl.mechanism = GSSAPI
	sasl.oauthbearer.clock.skew.seconds = 30
	sasl.oauthbearer.expected.audience = null
	sasl.oauthbearer.expected.issuer = null
	sasl.oauthbearer.header.urlencode = false
	sasl.oauthbearer.jwks.endpoint.refresh.ms = 3600000
	sasl.oauthbearer.jwks.endpoint.retry.backoff.max.ms = 10000
	sasl.oauthbearer.jwks.endpoint.retry.backoff.ms = 100
	sasl.oauthbearer.jwks.endpoint.url = null
	sasl.oauthbearer.scope.claim.name = scope
	sasl.oauthbearer.sub.claim.name = sub
	sasl.oauthbearer.token.endpoint.url = null
	security.protocol = PLAINTEXT
	security.providers = null
	send.buffer.bytes = 131072
	socket.connection.setup.timeout.max.ms = 30000
	socket.connection.setup.timeout.ms = 10000
	ssl.cipher.suites = null
	ssl.enabled.protocols = [TLSv1.2, TLSv1.3]
	ssl.endpoint.identification.algorithm = https
	ssl.engine.factory.class = null
	ssl.key.password = null
	ssl.keymanager.algorithm = SunX509
	ssl.keystore.certificate.chain = null
	ssl.keystore.key = null
	ssl.keystore.location = null
	ssl.keystore.password = null
	ssl.keystore.type = JKS
	ssl.protocol = TLSv1.3
	ssl.provider = null
	ssl.secure.random.implementation = null
	ssl.trustmanager.algorithm = PKIX
	ssl.truststore.certificates = null
	ssl.truststore.location = null
	ssl.truststore.password = null
	ssl.truststore.type = JKS
	transaction.timeout.ms = 60000
	transactional.id = null
	value.serializer = class io.apicurio.registry.serde.avro.AvroKafkaSerializer

2025-09-02 18:21:55,912 INFO  [org.apa.kaf.com.tel.int.KafkaMetricsCollector] (main) initializing Kafka metrics collector
2025-09-02 18:21:55,914 INFO  [org.apa.kaf.cli.pro.KafkaProducer] (main) [Producer clientId=Producer-topic-b623d791_8b49_4957_b252_cbdd95bf46aa] Instantiated an idempotent producer.
2025-09-02 18:21:55,916 INFO  [org.apa.kaf.cli.pro.ProducerConfig] (main) These configurations '[apicurio.registry.url, apicurio.registry.artifact-resolver-strategy]' were supplied but are not used yet.
2025-09-02 18:21:55,916 INFO  [org.apa.kaf.com.uti.AppInfoParser] (main) Kafka version: 3.9.1
2025-09-02 18:21:55,916 INFO  [org.apa.kaf.com.uti.AppInfoParser] (main) Kafka commitId: f745dfdcee2b9851
2025-09-02 18:21:55,916 INFO  [org.apa.kaf.com.uti.AppInfoParser] (main) Kafka startTimeMs: 1756837315916
2025-09-02 18:21:55,916 INFO  [io.api.tes.ser.api.KafkaSerdesTester] (ForkJoinPool.commonPool-worker-2) Sending message {"keyB": "value-0"} to topic topic-b623d791_8b49_4957_b252_cbdd95bf46aa
2025-09-02 18:21:55,918 INFO  [org.apa.kaf.cli.Metadata] (kafka-producer-network-thread | Producer-topic-b623d791_8b49_4957_b252_cbdd95bf46aa) [Producer clientId=Producer-topic-b623d791_8b49_4957_b252_cbdd95bf46aa] Cluster ID: zhgBwCfeQnC1PCRKjnRbQg
2025-09-02 18:21:55,918 INFO  [org.apa.kaf.cli.pro.int.TransactionManager] (kafka-producer-network-thread | Producer-topic-b623d791_8b49_4957_b252_cbdd95bf46aa) [Producer clientId=Producer-topic-b623d791_8b49_4957_b252_cbdd95bf46aa] ProducerId set to 24 with epoch 0
2025-09-02 18:21:55,919 INFO  [DefaultSchemaResolver] (ForkJoinPool.commonPool-worker-2) Retrieving schema content using string: {"type":"record","name":"s66d20317xdd78x4d74xbfeex08e5017b6710","namespace":"sc51455f3x4d83x40bdxaf33x255297dd37d8","fields":[{"name":"keyB","type":"string"}]}
2025-09-02 18:21:56,007 INFO  [org.apa.kaf.cli.pro.KafkaProducer] (ForkJoinPool.commonPool-worker-2) [Producer clientId=Producer-topic-b623d791_8b49_4957_b252_cbdd95bf46aa] Closing the Kafka producer with timeoutMillis = 9223372036854775807 ms.
2025-09-02 18:21:56,008 INFO  [org.apa.kaf.com.met.Metrics] (ForkJoinPool.commonPool-worker-2) Metrics scheduler closed
2025-09-02 18:21:56,008 INFO  [org.apa.kaf.com.met.Metrics] (ForkJoinPool.commonPool-worker-2) Closing reporter org.apache.kafka.common.metrics.JmxReporter
2025-09-02 18:21:56,008 INFO  [org.apa.kaf.com.met.Metrics] (ForkJoinPool.commonPool-worker-2) Closing reporter org.apache.kafka.common.telemetry.internals.ClientTelemetryReporter
2025-09-02 18:21:56,008 INFO  [org.apa.kaf.com.met.Metrics] (ForkJoinPool.commonPool-worker-2) Metrics reporters closed
2025-09-02 18:21:56,009 INFO  [org.apa.kaf.com.uti.AppInfoParser] (ForkJoinPool.commonPool-worker-2) App info kafka.producer for Producer-topic-b623d791_8b49_4957_b252_cbdd95bf46aa unregistered
2025-09-02 18:21:56,009 INFO  [io.api.tes.uti.TestSeparator] (main) io.apicurio.tests.serdes.apicurio.AvroSerdeIT.testAvroSerDesFailDifferentSchemaByContent-FINISHED
2025-09-02 18:21:56,009 INFO  [io.api.tes.uti.TestSeparator] (main) ############################################################################
Test passed: testAvroSerDesFailDifferentSchemaByContent
]]></system-out>
    <system-err><![CDATA[java.lang.RuntimeException: Could not resolve artifact reference by content: {"type":"record","name":"s66d20317xdd78x4d74xbfeex08e5017b6710","namespace":"sc51455f3x4d83x40bdxaf33x255297dd37d8","fields":[{"name":"keyB","type":"string"}]}&ArtifactReference [groupId=sc51455f3x4d83x40bdxaf33x255297dd37d8, artifactId=s66d20317xdd78x4d74xbfeex08e5017b6710, version=null, globalId=null, contentId=null, contentHash=null]
	at io.apicurio.registry.resolver.DefaultSchemaResolver.lambda$handleResolveSchemaByContent$3(DefaultSchemaResolver.java:265)
	at io.apicurio.registry.resolver.cache.ERCache.lambda$getValue$0(ERCache.java:174)
	at io.apicurio.registry.resolver.cache.ERCache.retry(ERCache.java:227)
	at io.apicurio.registry.resolver.cache.ERCache.getValue(ERCache.java:173)
	at io.apicurio.registry.resolver.cache.ERCache.getByContent(ERCache.java:147)
	at io.apicurio.registry.resolver.DefaultSchemaResolver.handleResolveSchemaByContent(DefaultSchemaResolver.java:253)
	at io.apicurio.registry.resolver.DefaultSchemaResolver.getSchemaFromRegistry(DefaultSchemaResolver.java:138)
	at io.apicurio.registry.resolver.DefaultSchemaResolver.lambda$resolveSchema$0(DefaultSchemaResolver.java:84)
	at java.base/java.util.Optional.orElseGet(Optional.java:364)
	at io.apicurio.registry.resolver.DefaultSchemaResolver.resolveSchema(DefaultSchemaResolver.java:84)
	at io.apicurio.registry.serde.AbstractSerializer.serializeData(AbstractSerializer.java:62)
	at io.apicurio.registry.serde.KafkaSerializer.serialize(KafkaSerializer.java:77)
	at org.apache.kafka.clients.producer.KafkaProducer.doSend(KafkaProducer.java:1046)
	at org.apache.kafka.clients.producer.KafkaProducer.send(KafkaProducer.java:993)
	at org.apache.kafka.clients.producer.KafkaProducer.send(KafkaProducer.java:875)
	at io.apicurio.tests.serdes.apicurio.KafkaSerdesTester.lambda$produceMessages$3(KafkaSerdesTester.java:138)
	at java.base/java.util.concurrent.CompletableFuture$AsyncSupply.run(CompletableFuture.java:1768)
	at java.base/java.util.concurrent.CompletableFuture$AsyncSupply.exec(CompletableFuture.java:1760)
	at java.base/java.util.concurrent.ForkJoinTask.doExec(ForkJoinTask.java:373)
	at java.base/java.util.concurrent.ForkJoinPool$WorkQueue.topLevelExec(ForkJoinPool.java:1182)
	at java.base/java.util.concurrent.ForkJoinPool.scan(ForkJoinPool.java:1655)
	at java.base/java.util.concurrent.ForkJoinPool.runWorker(ForkJoinPool.java:1622)
	at java.base/java.util.concurrent.ForkJoinWorkerThread.run(ForkJoinWorkerThread.java:165)
]]></system-err>
  </testcase>
  <testcase name="testGlobalIdInBody" classname="io.apicurio.tests.serdes.apicurio.AvroSerdeIT" time="3.889">
    <system-out><![CDATA[2025-09-02 18:21:56,011 INFO  [io.api.tes.uti.TestSeparator] (main) ############################################################################
2025-09-02 18:21:56,011 INFO  [io.api.tes.uti.TestSeparator] (main) io.apicurio.tests.serdes.apicurio.AvroSerdeIT.testGlobalIdInBody-STARTED
**** Registry Base URL: http://registry-app-mysql.apps.ci419.apicurio-testing.org:80
2025-09-02 18:21:56,013 INFO  [org.apa.kaf.cli.pro.ProducerConfig] (main) ProducerConfig values: 
	acks = -1
	auto.include.jmx.reporter = true
	batch.size = 16384
	bootstrap.servers = [PLAINTEXT://localhost:32769]
	buffer.memory = 33554432
	client.dns.lookup = use_all_dns_ips
	client.id = Producer-topic-b1fa3eac_37e6_4e89_a96d_30c34c58f8d6
	compression.gzip.level = -1
	compression.lz4.level = 9
	compression.type = none
	compression.zstd.level = 3
	connections.max.idle.ms = 10000
	delivery.timeout.ms = 120000
	enable.idempotence = true
	enable.metrics.push = true
	interceptor.classes = []
	key.serializer = class org.apache.kafka.common.serialization.StringSerializer
	linger.ms = 0
	max.block.ms = 60000
	max.in.flight.requests.per.connection = 5
	max.request.size = 1048576
	metadata.max.age.ms = 300000
	metadata.max.idle.ms = 300000
	metadata.recovery.strategy = none
	metric.reporters = []
	metrics.num.samples = 2
	metrics.recording.level = INFO
	metrics.sample.window.ms = 30000
	partitioner.adaptive.partitioning.enable = true
	partitioner.availability.timeout.ms = 0
	partitioner.class = null
	partitioner.ignore.keys = false
	receive.buffer.bytes = 32768
	reconnect.backoff.max.ms = 1000
	reconnect.backoff.ms = 50
	request.timeout.ms = 5000
	retries = 2147483647
	retry.backoff.max.ms = 1000
	retry.backoff.ms = 100
	sasl.client.callback.handler.class = null
	sasl.jaas.config = null
	sasl.kerberos.kinit.cmd = /usr/bin/kinit
	sasl.kerberos.min.time.before.relogin = 60000
	sasl.kerberos.service.name = null
	sasl.kerberos.ticket.renew.jitter = 0.05
	sasl.kerberos.ticket.renew.window.factor = 0.8
	sasl.login.callback.handler.class = null
	sasl.login.class = null
	sasl.login.connect.timeout.ms = null
	sasl.login.read.timeout.ms = null
	sasl.login.refresh.buffer.seconds = 300
	sasl.login.refresh.min.period.seconds = 60
	sasl.login.refresh.window.factor = 0.8
	sasl.login.refresh.window.jitter = 0.05
	sasl.login.retry.backoff.max.ms = 10000
	sasl.login.retry.backoff.ms = 100
	sasl.mechanism = GSSAPI
	sasl.oauthbearer.clock.skew.seconds = 30
	sasl.oauthbearer.expected.audience = null
	sasl.oauthbearer.expected.issuer = null
	sasl.oauthbearer.header.urlencode = false
	sasl.oauthbearer.jwks.endpoint.refresh.ms = 3600000
	sasl.oauthbearer.jwks.endpoint.retry.backoff.max.ms = 10000
	sasl.oauthbearer.jwks.endpoint.retry.backoff.ms = 100
	sasl.oauthbearer.jwks.endpoint.url = null
	sasl.oauthbearer.scope.claim.name = scope
	sasl.oauthbearer.sub.claim.name = sub
	sasl.oauthbearer.token.endpoint.url = null
	security.protocol = PLAINTEXT
	security.providers = null
	send.buffer.bytes = 131072
	socket.connection.setup.timeout.max.ms = 30000
	socket.connection.setup.timeout.ms = 10000
	ssl.cipher.suites = null
	ssl.enabled.protocols = [TLSv1.2, TLSv1.3]
	ssl.endpoint.identification.algorithm = https
	ssl.engine.factory.class = null
	ssl.key.password = null
	ssl.keymanager.algorithm = SunX509
	ssl.keystore.certificate.chain = null
	ssl.keystore.key = null
	ssl.keystore.location = null
	ssl.keystore.password = null
	ssl.keystore.type = JKS
	ssl.protocol = TLSv1.3
	ssl.provider = null
	ssl.secure.random.implementation = null
	ssl.trustmanager.algorithm = PKIX
	ssl.truststore.certificates = null
	ssl.truststore.location = null
	ssl.truststore.password = null
	ssl.truststore.type = JKS
	transaction.timeout.ms = 60000
	transactional.id = null
	value.serializer = class io.apicurio.registry.serde.avro.AvroKafkaSerializer

2025-09-02 18:21:56,015 INFO  [org.apa.kaf.com.tel.int.KafkaMetricsCollector] (main) initializing Kafka metrics collector
2025-09-02 18:21:56,019 INFO  [org.apa.kaf.cli.pro.KafkaProducer] (main) [Producer clientId=Producer-topic-b1fa3eac_37e6_4e89_a96d_30c34c58f8d6] Instantiated an idempotent producer.
2025-09-02 18:21:56,021 INFO  [org.apa.kaf.cli.pro.ProducerConfig] (main) These configurations '[apicurio.registry.url, apicurio.registry.auto-register, apicurio.registry.use-id, apicurio.registry.artifact-resolver-strategy]' were supplied but are not used yet.
2025-09-02 18:21:56,021 INFO  [org.apa.kaf.com.uti.AppInfoParser] (main) Kafka version: 3.9.1
2025-09-02 18:21:56,021 INFO  [org.apa.kaf.com.uti.AppInfoParser] (main) Kafka commitId: f745dfdcee2b9851
2025-09-02 18:21:56,021 INFO  [org.apa.kaf.com.uti.AppInfoParser] (main) Kafka startTimeMs: 1756837316021
2025-09-02 18:21:56,021 INFO  [io.api.tes.ser.api.SimpleSerdesTesterBuilder$SimpleSerdesTester] (main) Using producer configuration: {apicurio.registry.url=http://registry-app-mysql.apps.ci419.apicurio-testing.org:80/apis/registry/v3, apicurio.registry.auto-register=true, apicurio.registry.use-id=globalId, apicurio.registry.artifact-resolver-strategy=io.apicurio.registry.serde.strategy.TopicIdStrategy, value.serializer=io.apicurio.registry.serde.avro.AvroKafkaSerializer, request.timeout.ms=5000, acks=all, bootstrap.servers=PLAINTEXT://localhost:32769, connections.max.idle.ms=10000, key.serializer=org.apache.kafka.common.serialization.StringSerializer, client.id=Producer-topic-b1fa3eac_37e6_4e89_a96d_30c34c58f8d6}
2025-09-02 18:21:56,021 INFO  [io.api.tes.ser.api.SimpleSerdesTesterBuilder$SimpleSerdesTester] (main) Using consumer configuration: {apicurio.registry.use-id=globalId}
2025-09-02 18:21:56,022 INFO  [io.api.tes.ser.api.KafkaSerdesTester] (ForkJoinPool.commonPool-worker-2) Sending message {"key11756837316011": "value-0"} to topic topic-b1fa3eac_37e6_4e89_a96d_30c34c58f8d6
2025-09-02 18:21:56,024 WARN  [org.apa.kaf.cli.NetworkClient] (kafka-producer-network-thread | Producer-topic-b1fa3eac_37e6_4e89_a96d_30c34c58f8d6) [Producer clientId=Producer-topic-b1fa3eac_37e6_4e89_a96d_30c34c58f8d6] The metadata response from the cluster reported a recoverable issue with correlation id 1 : {topic-b1fa3eac_37e6_4e89_a96d_30c34c58f8d6=UNKNOWN_TOPIC_OR_PARTITION}
2025-09-02 18:21:56,025 INFO  [org.apa.kaf.cli.Metadata] (kafka-producer-network-thread | Producer-topic-b1fa3eac_37e6_4e89_a96d_30c34c58f8d6) [Producer clientId=Producer-topic-b1fa3eac_37e6_4e89_a96d_30c34c58f8d6] Cluster ID: zhgBwCfeQnC1PCRKjnRbQg
2025-09-02 18:21:56,025 INFO  [org.apa.kaf.cli.pro.int.TransactionManager] (kafka-producer-network-thread | Producer-topic-b1fa3eac_37e6_4e89_a96d_30c34c58f8d6) [Producer clientId=Producer-topic-b1fa3eac_37e6_4e89_a96d_30c34c58f8d6] ProducerId set to 25 with epoch 0
2025-09-02 18:21:56,215 INFO  [io.api.tes.ser.api.KafkaSerdesTester] (ForkJoinPool.commonPool-worker-2) Sending message {"key11756837316011": "value-1"} to topic topic-b1fa3eac_37e6_4e89_a96d_30c34c58f8d6
2025-09-02 18:21:56,216 INFO  [io.api.tes.ser.api.KafkaSerdesTester] (ForkJoinPool.commonPool-worker-2) Sending message {"key11756837316011": "value-2"} to topic topic-b1fa3eac_37e6_4e89_a96d_30c34c58f8d6
2025-09-02 18:21:56,217 INFO  [io.api.tes.ser.api.KafkaSerdesTester] (ForkJoinPool.commonPool-worker-2) Sending message {"key11756837316011": "value-3"} to topic topic-b1fa3eac_37e6_4e89_a96d_30c34c58f8d6
2025-09-02 18:21:56,218 INFO  [io.api.tes.ser.api.KafkaSerdesTester] (ForkJoinPool.commonPool-worker-2) Sending message {"key11756837316011": "value-4"} to topic topic-b1fa3eac_37e6_4e89_a96d_30c34c58f8d6
2025-09-02 18:21:56,219 INFO  [io.api.tes.ser.api.KafkaSerdesTester] (ForkJoinPool.commonPool-worker-2) Sending message {"key11756837316011": "value-5"} to topic topic-b1fa3eac_37e6_4e89_a96d_30c34c58f8d6
2025-09-02 18:21:56,220 INFO  [io.api.tes.ser.api.KafkaSerdesTester] (ForkJoinPool.commonPool-worker-2) Sending message {"key11756837316011": "value-6"} to topic topic-b1fa3eac_37e6_4e89_a96d_30c34c58f8d6
2025-09-02 18:21:56,222 INFO  [io.api.tes.ser.api.KafkaSerdesTester] (ForkJoinPool.commonPool-worker-2) Sending message {"key11756837316011": "value-7"} to topic topic-b1fa3eac_37e6_4e89_a96d_30c34c58f8d6
2025-09-02 18:21:56,223 INFO  [io.api.tes.ser.api.KafkaSerdesTester] (ForkJoinPool.commonPool-worker-2) Sending message {"key11756837316011": "value-8"} to topic topic-b1fa3eac_37e6_4e89_a96d_30c34c58f8d6
2025-09-02 18:21:56,224 INFO  [io.api.tes.ser.api.KafkaSerdesTester] (ForkJoinPool.commonPool-worker-2) Sending message {"key11756837316011": "value-9"} to topic topic-b1fa3eac_37e6_4e89_a96d_30c34c58f8d6
2025-09-02 18:21:56,225 INFO  [io.api.tes.ser.api.KafkaSerdesTester] (ForkJoinPool.commonPool-worker-2) Produced 10 messages
2025-09-02 18:21:56,225 INFO  [org.apa.kaf.cli.pro.KafkaProducer] (ForkJoinPool.commonPool-worker-2) [Producer clientId=Producer-topic-b1fa3eac_37e6_4e89_a96d_30c34c58f8d6] Closing the Kafka producer with timeoutMillis = 9223372036854775807 ms.
2025-09-02 18:21:56,226 INFO  [org.apa.kaf.com.met.Metrics] (ForkJoinPool.commonPool-worker-2) Metrics scheduler closed
2025-09-02 18:21:56,226 INFO  [org.apa.kaf.com.met.Metrics] (ForkJoinPool.commonPool-worker-2) Closing reporter org.apache.kafka.common.metrics.JmxReporter
2025-09-02 18:21:56,226 INFO  [org.apa.kaf.com.met.Metrics] (ForkJoinPool.commonPool-worker-2) Closing reporter org.apache.kafka.common.telemetry.internals.ClientTelemetryReporter
2025-09-02 18:21:56,226 INFO  [org.apa.kaf.com.met.Metrics] (ForkJoinPool.commonPool-worker-2) Metrics reporters closed
2025-09-02 18:21:56,226 INFO  [org.apa.kaf.com.uti.AppInfoParser] (ForkJoinPool.commonPool-worker-2) App info kafka.producer for Producer-topic-b1fa3eac_37e6_4e89_a96d_30c34c58f8d6 unregistered
**** Registry Base URL: http://registry-app-mysql.apps.ci419.apicurio-testing.org:80
2025-09-02 18:21:56,279 INFO  [org.apa.kaf.cli.con.ConsumerConfig] (main) ConsumerConfig values: 
	allow.auto.create.topics = true
	auto.commit.interval.ms = 500
	auto.include.jmx.reporter = true
	auto.offset.reset = earliest
	bootstrap.servers = [PLAINTEXT://localhost:32769]
	check.crcs = true
	client.dns.lookup = use_all_dns_ips
	client.id = consumer-Consumer-topic-b1fa3eac_37e6_4e89_a96d_30c34c58f8d6-18
	client.rack = 
	connections.max.idle.ms = 10000
	default.api.timeout.ms = 60000
	enable.auto.commit = true
	enable.metrics.push = true
	exclude.internal.topics = true
	fetch.max.bytes = 52428800
	fetch.max.wait.ms = 500
	fetch.min.bytes = 1
	group.id = Consumer-topic-b1fa3eac_37e6_4e89_a96d_30c34c58f8d6
	group.instance.id = null
	group.protocol = classic
	group.remote.assignor = null
	heartbeat.interval.ms = 3000
	interceptor.classes = []
	internal.leave.group.on.close = true
	internal.throw.on.fetch.stable.offset.unsupported = false
	isolation.level = read_uncommitted
	key.deserializer = class org.apache.kafka.common.serialization.StringDeserializer
	max.partition.fetch.bytes = 1048576
	max.poll.interval.ms = 300000
	max.poll.records = 500
	metadata.max.age.ms = 300000
	metadata.recovery.strategy = none
	metric.reporters = []
	metrics.num.samples = 2
	metrics.recording.level = INFO
	metrics.sample.window.ms = 30000
	partition.assignment.strategy = [class org.apache.kafka.clients.consumer.RangeAssignor, class org.apache.kafka.clients.consumer.CooperativeStickyAssignor]
	receive.buffer.bytes = 65536
	reconnect.backoff.max.ms = 1000
	reconnect.backoff.ms = 50
	request.timeout.ms = 5000
	retry.backoff.max.ms = 1000
	retry.backoff.ms = 100
	sasl.client.callback.handler.class = null
	sasl.jaas.config = null
	sasl.kerberos.kinit.cmd = /usr/bin/kinit
	sasl.kerberos.min.time.before.relogin = 60000
	sasl.kerberos.service.name = null
	sasl.kerberos.ticket.renew.jitter = 0.05
	sasl.kerberos.ticket.renew.window.factor = 0.8
	sasl.login.callback.handler.class = null
	sasl.login.class = null
	sasl.login.connect.timeout.ms = null
	sasl.login.read.timeout.ms = null
	sasl.login.refresh.buffer.seconds = 300
	sasl.login.refresh.min.period.seconds = 60
	sasl.login.refresh.window.factor = 0.8
	sasl.login.refresh.window.jitter = 0.05
	sasl.login.retry.backoff.max.ms = 10000
	sasl.login.retry.backoff.ms = 100
	sasl.mechanism = GSSAPI
	sasl.oauthbearer.clock.skew.seconds = 30
	sasl.oauthbearer.expected.audience = null
	sasl.oauthbearer.expected.issuer = null
	sasl.oauthbearer.header.urlencode = false
	sasl.oauthbearer.jwks.endpoint.refresh.ms = 3600000
	sasl.oauthbearer.jwks.endpoint.retry.backoff.max.ms = 10000
	sasl.oauthbearer.jwks.endpoint.retry.backoff.ms = 100
	sasl.oauthbearer.jwks.endpoint.url = null
	sasl.oauthbearer.scope.claim.name = scope
	sasl.oauthbearer.sub.claim.name = sub
	sasl.oauthbearer.token.endpoint.url = null
	security.protocol = PLAINTEXT
	security.providers = null
	send.buffer.bytes = 131072
	session.timeout.ms = 45000
	socket.connection.setup.timeout.max.ms = 30000
	socket.connection.setup.timeout.ms = 10000
	ssl.cipher.suites = null
	ssl.enabled.protocols = [TLSv1.2, TLSv1.3]
	ssl.endpoint.identification.algorithm = https
	ssl.engine.factory.class = null
	ssl.key.password = null
	ssl.keymanager.algorithm = SunX509
	ssl.keystore.certificate.chain = null
	ssl.keystore.key = null
	ssl.keystore.location = null
	ssl.keystore.password = null
	ssl.keystore.type = JKS
	ssl.protocol = TLSv1.3
	ssl.provider = null
	ssl.secure.random.implementation = null
	ssl.trustmanager.algorithm = PKIX
	ssl.truststore.certificates = null
	ssl.truststore.location = null
	ssl.truststore.password = null
	ssl.truststore.type = JKS
	value.deserializer = class io.apicurio.registry.serde.avro.AvroKafkaDeserializer

2025-09-02 18:21:56,279 INFO  [org.apa.kaf.com.tel.int.KafkaMetricsCollector] (main) initializing Kafka metrics collector
2025-09-02 18:21:56,283 INFO  [org.apa.kaf.cli.con.ConsumerConfig] (main) These configurations '[apicurio.registry.url, apicurio.registry.use-id]' were supplied but are not used yet.
2025-09-02 18:21:56,283 INFO  [org.apa.kaf.com.uti.AppInfoParser] (main) Kafka version: 3.9.1
2025-09-02 18:21:56,283 INFO  [org.apa.kaf.com.uti.AppInfoParser] (main) Kafka commitId: f745dfdcee2b9851
2025-09-02 18:21:56,283 INFO  [org.apa.kaf.com.uti.AppInfoParser] (main) Kafka startTimeMs: 1756837316283
2025-09-02 18:21:56,283 INFO  [org.apa.kaf.cli.con.int.ClassicKafkaConsumer] (ForkJoinPool.commonPool-worker-2) [Consumer clientId=consumer-Consumer-topic-b1fa3eac_37e6_4e89_a96d_30c34c58f8d6-18, groupId=Consumer-topic-b1fa3eac_37e6_4e89_a96d_30c34c58f8d6] Subscribed to topic(s): topic-b1fa3eac_37e6_4e89_a96d_30c34c58f8d6
2025-09-02 18:21:56,286 INFO  [org.apa.kaf.cli.Metadata] (ForkJoinPool.commonPool-worker-2) [Consumer clientId=consumer-Consumer-topic-b1fa3eac_37e6_4e89_a96d_30c34c58f8d6-18, groupId=Consumer-topic-b1fa3eac_37e6_4e89_a96d_30c34c58f8d6] Cluster ID: zhgBwCfeQnC1PCRKjnRbQg
2025-09-02 18:21:56,286 INFO  [org.apa.kaf.cli.con.int.ConsumerCoordinator] (ForkJoinPool.commonPool-worker-2) [Consumer clientId=consumer-Consumer-topic-b1fa3eac_37e6_4e89_a96d_30c34c58f8d6-18, groupId=Consumer-topic-b1fa3eac_37e6_4e89_a96d_30c34c58f8d6] Discovered group coordinator localhost:32769 (id: 2147483647 rack: null)
2025-09-02 18:21:56,287 INFO  [org.apa.kaf.cli.con.int.ConsumerCoordinator] (ForkJoinPool.commonPool-worker-2) [Consumer clientId=consumer-Consumer-topic-b1fa3eac_37e6_4e89_a96d_30c34c58f8d6-18, groupId=Consumer-topic-b1fa3eac_37e6_4e89_a96d_30c34c58f8d6] (Re-)joining group
2025-09-02 18:21:56,288 INFO  [org.apa.kaf.cli.con.int.ConsumerCoordinator] (ForkJoinPool.commonPool-worker-2) [Consumer clientId=consumer-Consumer-topic-b1fa3eac_37e6_4e89_a96d_30c34c58f8d6-18, groupId=Consumer-topic-b1fa3eac_37e6_4e89_a96d_30c34c58f8d6] Request joining group due to: need to re-join with the given member-id: consumer-Consumer-topic-b1fa3eac_37e6_4e89_a96d_30c34c58f8d6-18-9468d0ab-1eb5-4f79-89d1-eead1615d44c
2025-09-02 18:21:56,288 INFO  [org.apa.kaf.cli.con.int.ConsumerCoordinator] (ForkJoinPool.commonPool-worker-2) [Consumer clientId=consumer-Consumer-topic-b1fa3eac_37e6_4e89_a96d_30c34c58f8d6-18, groupId=Consumer-topic-b1fa3eac_37e6_4e89_a96d_30c34c58f8d6] (Re-)joining group
2025-09-02 18:21:57,283 INFO  [io.api.tes.ser.api.KafkaSerdesTester] (ForkJoinPool.commonPool-worker-2) None found
2025-09-02 18:21:58,284 INFO  [io.api.tes.ser.api.KafkaSerdesTester] (ForkJoinPool.commonPool-worker-2) None found
2025-09-02 18:21:59,284 INFO  [io.api.tes.ser.api.KafkaSerdesTester] (ForkJoinPool.commonPool-worker-2) None found
2025-09-02 18:21:59,290 INFO  [org.apa.kaf.cli.con.int.ConsumerCoordinator] (ForkJoinPool.commonPool-worker-2) [Consumer clientId=consumer-Consumer-topic-b1fa3eac_37e6_4e89_a96d_30c34c58f8d6-18, groupId=Consumer-topic-b1fa3eac_37e6_4e89_a96d_30c34c58f8d6] Successfully joined group with generation Generation{generationId=1, memberId='consumer-Consumer-topic-b1fa3eac_37e6_4e89_a96d_30c34c58f8d6-18-9468d0ab-1eb5-4f79-89d1-eead1615d44c', protocol='range'}
2025-09-02 18:21:59,290 INFO  [org.apa.kaf.cli.con.int.ConsumerCoordinator] (ForkJoinPool.commonPool-worker-2) [Consumer clientId=consumer-Consumer-topic-b1fa3eac_37e6_4e89_a96d_30c34c58f8d6-18, groupId=Consumer-topic-b1fa3eac_37e6_4e89_a96d_30c34c58f8d6] Finished assignment for group at generation 1: {consumer-Consumer-topic-b1fa3eac_37e6_4e89_a96d_30c34c58f8d6-18-9468d0ab-1eb5-4f79-89d1-eead1615d44c=Assignment(partitions=[topic-b1fa3eac_37e6_4e89_a96d_30c34c58f8d6-0])}
2025-09-02 18:21:59,297 INFO  [org.apa.kaf.cli.con.int.ConsumerCoordinator] (ForkJoinPool.commonPool-worker-2) [Consumer clientId=consumer-Consumer-topic-b1fa3eac_37e6_4e89_a96d_30c34c58f8d6-18, groupId=Consumer-topic-b1fa3eac_37e6_4e89_a96d_30c34c58f8d6] Successfully synced group in generation Generation{generationId=1, memberId='consumer-Consumer-topic-b1fa3eac_37e6_4e89_a96d_30c34c58f8d6-18-9468d0ab-1eb5-4f79-89d1-eead1615d44c', protocol='range'}
2025-09-02 18:21:59,297 INFO  [org.apa.kaf.cli.con.int.ConsumerCoordinator] (ForkJoinPool.commonPool-worker-2) [Consumer clientId=consumer-Consumer-topic-b1fa3eac_37e6_4e89_a96d_30c34c58f8d6-18, groupId=Consumer-topic-b1fa3eac_37e6_4e89_a96d_30c34c58f8d6] Notifying assignor about the new Assignment(partitions=[topic-b1fa3eac_37e6_4e89_a96d_30c34c58f8d6-0])
2025-09-02 18:21:59,297 INFO  [org.apa.kaf.cli.con.int.ConsumerRebalanceListenerInvoker] (ForkJoinPool.commonPool-worker-2) [Consumer clientId=consumer-Consumer-topic-b1fa3eac_37e6_4e89_a96d_30c34c58f8d6-18, groupId=Consumer-topic-b1fa3eac_37e6_4e89_a96d_30c34c58f8d6] Adding newly assigned partitions: topic-b1fa3eac_37e6_4e89_a96d_30c34c58f8d6-0
2025-09-02 18:21:59,297 INFO  [org.apa.kaf.cli.con.int.ConsumerCoordinator] (ForkJoinPool.commonPool-worker-2) [Consumer clientId=consumer-Consumer-topic-b1fa3eac_37e6_4e89_a96d_30c34c58f8d6-18, groupId=Consumer-topic-b1fa3eac_37e6_4e89_a96d_30c34c58f8d6] Found no committed offset for partition topic-b1fa3eac_37e6_4e89_a96d_30c34c58f8d6-0
2025-09-02 18:21:59,300 INFO  [org.apa.kaf.cli.con.int.SubscriptionState] (ForkJoinPool.commonPool-worker-2) [Consumer clientId=consumer-Consumer-topic-b1fa3eac_37e6_4e89_a96d_30c34c58f8d6-18, groupId=Consumer-topic-b1fa3eac_37e6_4e89_a96d_30c34c58f8d6] Resetting offset for partition topic-b1fa3eac_37e6_4e89_a96d_30c34c58f8d6-0 to position FetchPosition{offset=0, offsetEpoch=Optional.empty, currentLeader=LeaderAndEpoch{leader=Optional[localhost:32769 (id: 0 rack: null)], epoch=0}}.
2025-09-02 18:21:59,394 INFO  [io.api.tes.ser.api.KafkaSerdesTester] (ForkJoinPool.commonPool-worker-2) topic-b1fa3eac_37e6_4e89_a96d_30c34c58f8d6 0 0 {"key11756837316011": "value-0"}
2025-09-02 18:21:59,395 INFO  [io.api.tes.ser.api.KafkaSerdesTester] (ForkJoinPool.commonPool-worker-2) topic-b1fa3eac_37e6_4e89_a96d_30c34c58f8d6 0 1 {"key11756837316011": "value-1"}
2025-09-02 18:21:59,395 INFO  [io.api.tes.ser.api.KafkaSerdesTester] (ForkJoinPool.commonPool-worker-2) topic-b1fa3eac_37e6_4e89_a96d_30c34c58f8d6 0 2 {"key11756837316011": "value-2"}
2025-09-02 18:21:59,395 INFO  [io.api.tes.ser.api.KafkaSerdesTester] (ForkJoinPool.commonPool-worker-2) topic-b1fa3eac_37e6_4e89_a96d_30c34c58f8d6 0 3 {"key11756837316011": "value-3"}
2025-09-02 18:21:59,395 INFO  [io.api.tes.ser.api.KafkaSerdesTester] (ForkJoinPool.commonPool-worker-2) topic-b1fa3eac_37e6_4e89_a96d_30c34c58f8d6 0 4 {"key11756837316011": "value-4"}
2025-09-02 18:21:59,395 INFO  [io.api.tes.ser.api.KafkaSerdesTester] (ForkJoinPool.commonPool-worker-2) topic-b1fa3eac_37e6_4e89_a96d_30c34c58f8d6 0 5 {"key11756837316011": "value-5"}
2025-09-02 18:21:59,395 INFO  [io.api.tes.ser.api.KafkaSerdesTester] (ForkJoinPool.commonPool-worker-2) topic-b1fa3eac_37e6_4e89_a96d_30c34c58f8d6 0 6 {"key11756837316011": "value-6"}
2025-09-02 18:21:59,395 INFO  [io.api.tes.ser.api.KafkaSerdesTester] (ForkJoinPool.commonPool-worker-2) topic-b1fa3eac_37e6_4e89_a96d_30c34c58f8d6 0 7 {"key11756837316011": "value-7"}
2025-09-02 18:21:59,395 INFO  [io.api.tes.ser.api.KafkaSerdesTester] (ForkJoinPool.commonPool-worker-2) topic-b1fa3eac_37e6_4e89_a96d_30c34c58f8d6 0 8 {"key11756837316011": "value-8"}
2025-09-02 18:21:59,395 INFO  [io.api.tes.ser.api.KafkaSerdesTester] (ForkJoinPool.commonPool-worker-2) topic-b1fa3eac_37e6_4e89_a96d_30c34c58f8d6 0 9 {"key11756837316011": "value-9"}
2025-09-02 18:21:59,395 INFO  [io.api.tes.ser.api.KafkaSerdesTester] (ForkJoinPool.commonPool-worker-2) Consumed 10 messages
2025-09-02 18:21:59,402 INFO  [org.apa.kaf.cli.con.int.ConsumerRebalanceListenerInvoker] (ForkJoinPool.commonPool-worker-2) [Consumer clientId=consumer-Consumer-topic-b1fa3eac_37e6_4e89_a96d_30c34c58f8d6-18, groupId=Consumer-topic-b1fa3eac_37e6_4e89_a96d_30c34c58f8d6] Revoke previously assigned partitions topic-b1fa3eac_37e6_4e89_a96d_30c34c58f8d6-0
2025-09-02 18:21:59,402 INFO  [org.apa.kaf.cli.con.int.ConsumerCoordinator] (ForkJoinPool.commonPool-worker-2) [Consumer clientId=consumer-Consumer-topic-b1fa3eac_37e6_4e89_a96d_30c34c58f8d6-18, groupId=Consumer-topic-b1fa3eac_37e6_4e89_a96d_30c34c58f8d6] Member consumer-Consumer-topic-b1fa3eac_37e6_4e89_a96d_30c34c58f8d6-18-9468d0ab-1eb5-4f79-89d1-eead1615d44c sending LeaveGroup request to coordinator localhost:32769 (id: 2147483647 rack: null) due to the consumer is being closed
2025-09-02 18:21:59,402 INFO  [org.apa.kaf.cli.con.int.ConsumerCoordinator] (ForkJoinPool.commonPool-worker-2) [Consumer clientId=consumer-Consumer-topic-b1fa3eac_37e6_4e89_a96d_30c34c58f8d6-18, groupId=Consumer-topic-b1fa3eac_37e6_4e89_a96d_30c34c58f8d6] Resetting generation and member id due to: consumer pro-actively leaving the group
2025-09-02 18:21:59,402 INFO  [org.apa.kaf.cli.con.int.ConsumerCoordinator] (ForkJoinPool.commonPool-worker-2) [Consumer clientId=consumer-Consumer-topic-b1fa3eac_37e6_4e89_a96d_30c34c58f8d6-18, groupId=Consumer-topic-b1fa3eac_37e6_4e89_a96d_30c34c58f8d6] Request joining group due to: consumer pro-actively leaving the group
2025-09-02 18:21:59,897 INFO  [org.apa.kaf.com.met.Metrics] (ForkJoinPool.commonPool-worker-2) Metrics scheduler closed
2025-09-02 18:21:59,897 INFO  [org.apa.kaf.com.met.Metrics] (ForkJoinPool.commonPool-worker-2) Closing reporter org.apache.kafka.common.metrics.JmxReporter
2025-09-02 18:21:59,897 INFO  [org.apa.kaf.com.met.Metrics] (ForkJoinPool.commonPool-worker-2) Closing reporter org.apache.kafka.common.telemetry.internals.ClientTelemetryReporter
2025-09-02 18:21:59,897 INFO  [org.apa.kaf.com.met.Metrics] (ForkJoinPool.commonPool-worker-2) Metrics reporters closed
2025-09-02 18:21:59,898 INFO  [org.apa.kaf.com.uti.AppInfoParser] (ForkJoinPool.commonPool-worker-2) App info kafka.consumer for consumer-Consumer-topic-b1fa3eac_37e6_4e89_a96d_30c34c58f8d6-18 unregistered
2025-09-02 18:21:59,898 INFO  [io.api.tes.uti.TestSeparator] (main) io.apicurio.tests.serdes.apicurio.AvroSerdeIT.testGlobalIdInBody-FINISHED
2025-09-02 18:21:59,898 INFO  [io.api.tes.uti.TestSeparator] (main) ############################################################################
Test passed: testGlobalIdInBody
]]></system-out>
  </testcase>
  <testcase name="testProducerUsesGlobalIdConsumerUsesDefault" classname="io.apicurio.tests.serdes.apicurio.AvroSerdeIT" time="0.0">
    <skipped message="void io.apicurio.tests.serdes.apicurio.AvroSerdeIT.testProducerUsesGlobalIdConsumerUsesDefault() throws java.lang.Exception is @Disabled"/>
  </testcase>
</testsuite>