<?xml version="1.0" encoding="UTF-8"?>
<testsuite xmlns:xsi="http://www.w3.org/2001/XMLSchema-instance" xsi:noNamespaceSchemaLocation="https://maven.apache.org/surefire/maven-failsafe-plugin/xsd/failsafe-test-report.xsd" version="3.0.2" name="io.apicurio.tests.serdes.apicurio.AvroSerdeIT" time="106.624" tests="21" errors="0" skipped="2" failures="0">
  <properties>
    <property name="java.specification.version" value="17"/>
    <property name="sun.jnu.encoding" value="UTF-8"/>
    <property name="java.class.path" value="/home/runner/work/apicurio-testing/apicurio-testing/clusters/ci419/namespaces/ksql043/tests/integration/apicurio-registry/integration-tests/target/test-classes:/home/runner/work/apicurio-testing/apicurio-testing/clusters/ci419/namespaces/ksql043/tests/integration/apicurio-registry/integration-tests/target/apicurio-registry-integration-tests-3.0.12-SNAPSHOT.jar:/home/runner/.m2/repository/io/quarkus/quarkus-junit5/3.20.2/quarkus-junit5-3.20.2.jar:/home/runner/.m2/repository/io/quarkus/quarkus-bootstrap-core/3.20.2/quarkus-bootstrap-core-3.20.2.jar:/home/runner/.m2/repository/io/quarkus/quarkus-classloader-commons/3.20.2/quarkus-classloader-commons-3.20.2.jar:/home/runner/.m2/repository/io/quarkus/quarkus-bootstrap-app-model/3.20.2/quarkus-bootstrap-app-model-3.20.2.jar:/home/runner/.m2/repository/io/smallrye/common/smallrye-common-io/2.12.0/smallrye-common-io-2.12.0.jar:/home/runner/.m2/repository/org/eclipse/sisu/org.eclipse.sisu.inject/0.9.0.M3/org.eclipse.sisu.inject-0.9.0.M3.jar:/home/runner/.m2/repository/io/quarkus/quarkus-test-common/3.20.2/quarkus-test-common-3.20.2.jar:/home/runner/.m2/repository/io/quarkus/quarkus-core-deployment/3.20.2/quarkus-core-deployment-3.20.2.jar:/home/runner/.m2/repository/org/aesh/readline/2.6/readline-2.6.jar:/home/runner/.m2/repository/org/fusesource/jansi/jansi/2.4.0/jansi-2.4.0.jar:/home/runner/.m2/repository/org/aesh/aesh/2.8.2/aesh-2.8.2.jar:/home/runner/.m2/repository/io/quarkus/gizmo/gizmo/1.8.0/gizmo-1.8.0.jar:/home/runner/.m2/repository/org/ow2/asm/asm-util/9.7.1/asm-util-9.7.1.jar:/home/runner/.m2/repository/org/ow2/asm/asm-analysis/9.7.1/asm-analysis-9.7.1.jar:/home/runner/.m2/repository/org/ow2/asm/asm-commons/9.7.1/asm-commons-9.7.1.jar:/home/runner/.m2/repository/org/ow2/asm/asm-tree/9.7.1/asm-tree-9.7.1.jar:/home/runner/.m2/repository/io/quarkus/quarkus-hibernate-validator-spi/3.20.2/quarkus-hibernate-validator-spi-3.20.2.jar:/home/runner/.m2/repository/io/quarkus/quarkus-class-change-agent/3.20.2/quarkus-class-change-agent-3.20.2.jar:/home/runner/.m2/repository/io/quarkus/quarkus-devtools-utilities/3.20.2/quarkus-devtools-utilities-3.20.2.jar:/home/runner/.m2/repository/io/quarkus/quarkus-builder/3.20.2/quarkus-builder-3.20.2.jar:/home/runner/.m2/repository/org/graalvm/sdk/nativeimage/23.1.2/nativeimage-23.1.2.jar:/home/runner/.m2/repository/org/graalvm/sdk/word/23.1.2/word-23.1.2.jar:/home/runner/.m2/repository/io/quarkus/quarkus-bootstrap-maven-resolver/3.20.2/quarkus-bootstrap-maven-resolver-3.20.2.jar:/home/runner/.m2/repository/io/smallrye/beanbag/smallrye-beanbag-maven/1.5.2/smallrye-beanbag-maven-1.5.2.jar:/home/runner/.m2/repository/io/smallrye/beanbag/smallrye-beanbag-sisu/1.5.2/smallrye-beanbag-sisu-1.5.2.jar:/home/runner/.m2/repository/io/smallrye/beanbag/smallrye-beanbag/1.5.2/smallrye-beanbag-1.5.2.jar:/home/runner/.m2/repository/javax/inject/javax.inject/1/javax.inject-1.jar:/home/runner/.m2/repository/org/apache/maven/maven-artifact/3.9.9/maven-artifact-3.9.9.jar:/home/runner/.m2/repository/org/apache/maven/maven-builder-support/3.9.9/maven-builder-support-3.9.9.jar:/home/runner/.m2/repository/org/apache/maven/maven-model/3.9.9/maven-model-3.9.9.jar:/home/runner/.m2/repository/org/apache/maven/maven-model-builder/3.9.9/maven-model-builder-3.9.9.jar:/home/runner/.m2/repository/org/apache/maven/maven-repository-metadata/3.9.9/maven-repository-metadata-3.9.9.jar:/home/runner/.m2/repository/org/apache/maven/maven-settings/3.9.9/maven-settings-3.9.9.jar:/home/runner/.m2/repository/org/apache/maven/resolver/maven-resolver-api/1.9.22/maven-resolver-api-1.9.22.jar:/home/runner/.m2/repository/org/apache/maven/resolver/maven-resolver-impl/1.9.22/maven-resolver-impl-1.9.22.jar:/home/runner/.m2/repository/org/apache/maven/resolver/maven-resolver-named-locks/1.9.22/maven-resolver-named-locks-1.9.22.jar:/home/runner/.m2/repository/org/apache/maven/resolver/maven-resolver-spi/1.9.22/maven-resolver-spi-1.9.22.jar:/home/runner/.m2/repository/org/apache/maven/resolver/maven-resolver-util/1.9.22/maven-resolver-util-1.9.22.jar:/home/runner/.m2/repository/org/apache/maven/resolver/maven-resolver-transport-http/1.9.20/maven-resolver-transport-http-1.9.20.jar:/home/runner/.m2/repository/org/apache/maven/wagon/wagon-provider-api/3.5.3/wagon-provider-api-3.5.3.jar:/home/runner/.m2/repository/org/apache/maven/wagon/wagon-http-shared/3.5.3/wagon-http-shared-3.5.3.jar:/home/runner/.m2/repository/org/codehaus/plexus/plexus-interpolation/1.26/plexus-interpolation-1.26.jar:/home/runner/.m2/repository/org/codehaus/plexus/plexus-utils/3.5.1/plexus-utils-3.5.1.jar:/home/runner/.m2/repository/org/codehaus/plexus/plexus-xml/4.0.1/plexus-xml-4.0.1.jar:/home/runner/.m2/repository/org/apache/maven/maven-xml-impl/4.0.0-alpha-5/maven-xml-impl-4.0.0-alpha-5.jar:/home/runner/.m2/repository/org/apache/maven/maven-api-xml/4.0.0-alpha-5/maven-api-xml-4.0.0-alpha-5.jar:/home/runner/.m2/repository/org/apache/maven/maven-api-meta/4.0.0-alpha-5/maven-api-meta-4.0.0-alpha-5.jar:/home/runner/.m2/repository/org/codehaus/plexus/plexus-cipher/2.0/plexus-cipher-2.0.jar:/home/runner/.m2/repository/org/codehaus/plexus/plexus-sec-dispatcher/2.0/plexus-sec-dispatcher-2.0.jar:/home/runner/.m2/repository/org/apache/maven/maven-embedder/3.9.9/maven-embedder-3.9.9.jar:/home/runner/.m2/repository/org/apache/maven/maven-core/3.9.9/maven-core-3.9.9.jar:/home/runner/.m2/repository/org/codehaus/plexus/plexus-component-annotations/2.1.0/plexus-component-annotations-2.1.0.jar:/home/runner/.m2/repository/org/apache/maven/maven-plugin-api/3.9.9/maven-plugin-api-3.9.9.jar:/home/runner/.m2/repository/org/apache/maven/shared/maven-shared-utils/3.4.2/maven-shared-utils-3.4.2.jar:/home/runner/.m2/repository/com/google/inject/guice/5.1.0/guice-5.1.0.jar:/home/runner/.m2/repository/aopalliance/aopalliance/1.0/aopalliance-1.0.jar:/home/runner/.m2/repository/org/codehaus/plexus/plexus-classworlds/2.6.0/plexus-classworlds-2.6.0.jar:/home/runner/.m2/repository/commons-cli/commons-cli/1.8.0/commons-cli-1.8.0.jar:/home/runner/.m2/repository/org/eclipse/sisu/org.eclipse.sisu.plexus/0.9.0.M3/org.eclipse.sisu.plexus-0.9.0.M3.jar:/home/runner/.m2/repository/org/apache/maven/maven-settings-builder/3.9.9/maven-settings-builder-3.9.9.jar:/home/runner/.m2/repository/org/apache/maven/maven-resolver-provider/3.9.9/maven-resolver-provider-3.9.9.jar:/home/runner/.m2/repository/org/apache/maven/resolver/maven-resolver-connector-basic/1.9.22/maven-resolver-connector-basic-1.9.22.jar:/home/runner/.m2/repository/org/apache/maven/resolver/maven-resolver-transport-wagon/1.9.22/maven-resolver-transport-wagon-1.9.22.jar:/home/runner/.m2/repository/org/apache/maven/wagon/wagon-http/3.5.3/wagon-http-3.5.3.jar:/home/runner/.m2/repository/org/apache/maven/wagon/wagon-file/3.5.3/wagon-file-3.5.3.jar:/home/runner/.m2/repository/io/quarkus/quarkus-bootstrap-gradle-resolver/3.20.2/quarkus-bootstrap-gradle-resolver-3.20.2.jar:/home/runner/.m2/repository/io/smallrye/jandex/3.3.0/jandex-3.3.0.jar:/home/runner/.m2/repository/org/jboss/logging/commons-logging-jboss-logging/1.0.0.Final/commons-logging-jboss-logging-1.0.0.Final.jar:/home/runner/.m2/repository/io/quarkus/quarkus-junit5-config/3.20.2/quarkus-junit5-config-3.20.2.jar:/home/runner/.m2/repository/org/junit/jupiter/junit-jupiter-api/5.12.1/junit-jupiter-api-5.12.1.jar:/home/runner/.m2/repository/io/smallrye/config/smallrye-config/3.11.4/smallrye-config-3.11.4.jar:/home/runner/.m2/repository/io/smallrye/config/smallrye-config-core/3.11.4/smallrye-config-core-3.11.4.jar:/home/runner/.m2/repository/io/smallrye/common/smallrye-common-classloader/2.12.0/smallrye-common-classloader-2.12.0.jar:/home/runner/.m2/repository/io/smallrye/config/smallrye-config-common/3.11.4/smallrye-config-common-3.11.4.jar:/home/runner/.m2/repository/org/junit/jupiter/junit-jupiter/5.12.1/junit-jupiter-5.12.1.jar:/home/runner/.m2/repository/org/junit/jupiter/junit-jupiter-params/5.12.1/junit-jupiter-params-5.12.1.jar:/home/runner/.m2/repository/org/junit/jupiter/junit-jupiter-engine/5.12.1/junit-jupiter-engine-5.12.1.jar:/home/runner/.m2/repository/io/quarkus/quarkus-core/3.20.2/quarkus-core-3.20.2.jar:/home/runner/.m2/repository/jakarta/enterprise/jakarta.enterprise.cdi-api/4.1.0/jakarta.enterprise.cdi-api-4.1.0.jar:/home/runner/.m2/repository/jakarta/enterprise/jakarta.enterprise.lang-model/4.1.0/jakarta.enterprise.lang-model-4.1.0.jar:/home/runner/.m2/repository/jakarta/el/jakarta.el-api/5.0.1/jakarta.el-api-5.0.1.jar:/home/runner/.m2/repository/jakarta/interceptor/jakarta.interceptor-api/2.2.0/jakarta.interceptor-api-2.2.0.jar:/home/runner/.m2/repository/jakarta/inject/jakarta.inject-api/2.0.1/jakarta.inject-api-2.0.1.jar:/home/runner/.m2/repository/io/smallrye/common/smallrye-common-os/2.12.0/smallrye-common-os-2.12.0.jar:/home/runner/.m2/repository/io/quarkus/quarkus-ide-launcher/3.20.2/quarkus-ide-launcher-3.20.2.jar:/home/runner/.m2/repository/io/quarkus/quarkus-development-mode-spi/3.20.2/quarkus-development-mode-spi-3.20.2.jar:/home/runner/.m2/repository/org/jboss/logging/jboss-logging/3.6.1.Final/jboss-logging-3.6.1.Final.jar:/home/runner/.m2/repository/org/jboss/logmanager/jboss-logmanager/3.1.2.Final/jboss-logmanager-3.1.2.Final.jar:/home/runner/.m2/repository/io/smallrye/common/smallrye-common-constraint/2.12.0/smallrye-common-constraint-2.12.0.jar:/home/runner/.m2/repository/io/smallrye/common/smallrye-common-cpu/2.12.0/smallrye-common-cpu-2.12.0.jar:/home/runner/.m2/repository/io/smallrye/common/smallrye-common-expression/2.12.0/smallrye-common-expression-2.12.0.jar:/home/runner/.m2/repository/io/smallrye/common/smallrye-common-net/2.12.0/smallrye-common-net-2.12.0.jar:/home/runner/.m2/repository/io/smallrye/common/smallrye-common-ref/2.12.0/smallrye-common-ref-2.12.0.jar:/home/runner/.m2/repository/jakarta/json/jakarta.json-api/2.1.3/jakarta.json-api-2.1.3.jar:/home/runner/.m2/repository/org/eclipse/parsson/parsson/1.1.7/parsson-1.1.7.jar:/home/runner/.m2/repository/org/jboss/logging/jboss-logging-annotations/3.0.4.Final/jboss-logging-annotations-3.0.4.Final.jar:/home/runner/.m2/repository/org/jboss/threads/jboss-threads/3.8.0.Final/jboss-threads-3.8.0.Final.jar:/home/runner/.m2/repository/io/smallrye/common/smallrye-common-annotation/2.12.0/smallrye-common-annotation-2.12.0.jar:/home/runner/.m2/repository/io/smallrye/common/smallrye-common-function/2.12.0/smallrye-common-function-2.12.0.jar:/home/runner/.m2/repository/org/jboss/slf4j/slf4j-jboss-logmanager/2.0.0.Final/slf4j-jboss-logmanager-2.0.0.Final.jar:/home/runner/.m2/repository/org/wildfly/common/wildfly-common/2.0.1/wildfly-common-2.0.1.jar:/home/runner/.m2/repository/io/quarkus/quarkus-bootstrap-runner/3.20.2/quarkus-bootstrap-runner-3.20.2.jar:/home/runner/.m2/repository/io/github/crac/org-crac/0.1.3/org-crac-0.1.3.jar:/home/runner/.m2/repository/io/quarkus/quarkus-fs-util/0.0.10/quarkus-fs-util-0.0.10.jar:/home/runner/.m2/repository/org/jboss/marshalling/jboss-marshalling/2.2.2.Final/jboss-marshalling-2.2.2.Final.jar:/home/runner/.m2/repository/io/fabric8/kubernetes-client/7.1.0/kubernetes-client-7.1.0.jar:/home/runner/.m2/repository/io/fabric8/kubernetes-client-api/7.1.0/kubernetes-client-api-7.1.0.jar:/home/runner/.m2/repository/io/fabric8/kubernetes-model-core/7.1.0/kubernetes-model-core-7.1.0.jar:/home/runner/.m2/repository/io/fabric8/kubernetes-model-common/7.1.0/kubernetes-model-common-7.1.0.jar:/home/runner/.m2/repository/javax/annotation/javax.annotation-api/1.3.2/javax.annotation-api-1.3.2.jar:/home/runner/.m2/repository/io/fabric8/kubernetes-model-gatewayapi/7.1.0/kubernetes-model-gatewayapi-7.1.0.jar:/home/runner/.m2/repository/io/fabric8/kubernetes-model-resource/7.1.0/kubernetes-model-resource-7.1.0.jar:/home/runner/.m2/repository/io/fabric8/kubernetes-model-rbac/7.1.0/kubernetes-model-rbac-7.1.0.jar:/home/runner/.m2/repository/io/fabric8/kubernetes-model-admissionregistration/7.1.0/kubernetes-model-admissionregistration-7.1.0.jar:/home/runner/.m2/repository/io/fabric8/kubernetes-model-apps/7.1.0/kubernetes-model-apps-7.1.0.jar:/home/runner/.m2/repository/io/fabric8/kubernetes-model-autoscaling/7.1.0/kubernetes-model-autoscaling-7.1.0.jar:/home/runner/.m2/repository/io/fabric8/kubernetes-model-apiextensions/7.1.0/kubernetes-model-apiextensions-7.1.0.jar:/home/runner/.m2/repository/io/fabric8/kubernetes-model-batch/7.1.0/kubernetes-model-batch-7.1.0.jar:/home/runner/.m2/repository/io/fabric8/kubernetes-model-certificates/7.1.0/kubernetes-model-certificates-7.1.0.jar:/home/runner/.m2/repository/io/fabric8/kubernetes-model-coordination/7.1.0/kubernetes-model-coordination-7.1.0.jar:/home/runner/.m2/repository/io/fabric8/kubernetes-model-discovery/7.1.0/kubernetes-model-discovery-7.1.0.jar:/home/runner/.m2/repository/io/fabric8/kubernetes-model-events/7.1.0/kubernetes-model-events-7.1.0.jar:/home/runner/.m2/repository/io/fabric8/kubernetes-model-extensions/7.1.0/kubernetes-model-extensions-7.1.0.jar:/home/runner/.m2/repository/io/fabric8/kubernetes-model-flowcontrol/7.1.0/kubernetes-model-flowcontrol-7.1.0.jar:/home/runner/.m2/repository/io/fabric8/kubernetes-model-networking/7.1.0/kubernetes-model-networking-7.1.0.jar:/home/runner/.m2/repository/io/fabric8/kubernetes-model-metrics/7.1.0/kubernetes-model-metrics-7.1.0.jar:/home/runner/.m2/repository/io/fabric8/kubernetes-model-policy/7.1.0/kubernetes-model-policy-7.1.0.jar:/home/runner/.m2/repository/io/fabric8/kubernetes-model-scheduling/7.1.0/kubernetes-model-scheduling-7.1.0.jar:/home/runner/.m2/repository/io/fabric8/kubernetes-model-storageclass/7.1.0/kubernetes-model-storageclass-7.1.0.jar:/home/runner/.m2/repository/io/fabric8/kubernetes-model-node/7.1.0/kubernetes-model-node-7.1.0.jar:/home/runner/.m2/repository/org/snakeyaml/snakeyaml-engine/2.9/snakeyaml-engine-2.9.jar:/home/runner/.m2/repository/com/fasterxml/jackson/dataformat/jackson-dataformat-yaml/2.18.2/jackson-dataformat-yaml-2.18.2.jar:/home/runner/.m2/repository/com/fasterxml/jackson/datatype/jackson-datatype-jsr310/2.18.2/jackson-datatype-jsr310-2.18.2.jar:/home/runner/.m2/repository/io/fabric8/zjsonpatch/7.1.0/zjsonpatch-7.1.0.jar:/home/runner/.m2/repository/io/fabric8/kubernetes-httpclient-vertx/7.1.0/kubernetes-httpclient-vertx-7.1.0.jar:/home/runner/.m2/repository/io/vertx/vertx-web-client/4.5.16/vertx-web-client-4.5.16.jar:/home/runner/.m2/repository/io/vertx/vertx-web-common/4.5.16/vertx-web-common-4.5.16.jar:/home/runner/.m2/repository/io/vertx/vertx-auth-common/4.5.16/vertx-auth-common-4.5.16.jar:/home/runner/.m2/repository/io/vertx/vertx-uri-template/4.5.16/vertx-uri-template-4.5.16.jar:/home/runner/.m2/repository/io/fabric8/openshift-client/7.1.0/openshift-client-7.1.0.jar:/home/runner/.m2/repository/io/fabric8/openshift-client-api/7.1.0/openshift-client-api-7.1.0.jar:/home/runner/.m2/repository/io/fabric8/openshift-model/7.1.0/openshift-model-7.1.0.jar:/home/runner/.m2/repository/io/fabric8/openshift-model-autoscaling/7.1.0/openshift-model-autoscaling-7.1.0.jar:/home/runner/.m2/repository/io/fabric8/openshift-model-operator/7.1.0/openshift-model-operator-7.1.0.jar:/home/runner/.m2/repository/io/fabric8/openshift-model-operatorhub/7.1.0/openshift-model-operatorhub-7.1.0.jar:/home/runner/.m2/repository/io/fabric8/openshift-model-machine/7.1.0/openshift-model-machine-7.1.0.jar:/home/runner/.m2/repository/io/fabric8/openshift-model-whereabouts/7.1.0/openshift-model-whereabouts-7.1.0.jar:/home/runner/.m2/repository/io/fabric8/openshift-model-monitoring/7.1.0/openshift-model-monitoring-7.1.0.jar:/home/runner/.m2/repository/io/fabric8/openshift-model-storageversionmigrator/7.1.0/openshift-model-storageversionmigrator-7.1.0.jar:/home/runner/.m2/repository/io/fabric8/openshift-model-tuned/7.1.0/openshift-model-tuned-7.1.0.jar:/home/runner/.m2/repository/io/fabric8/openshift-model-console/7.1.0/openshift-model-console-7.1.0.jar:/home/runner/.m2/repository/io/fabric8/openshift-model-config/7.1.0/openshift-model-config-7.1.0.jar:/home/runner/.m2/repository/io/fabric8/openshift-model-machineconfiguration/7.1.0/openshift-model-machineconfiguration-7.1.0.jar:/home/runner/.m2/repository/io/fabric8/openshift-model-miscellaneous/7.1.0/openshift-model-miscellaneous-7.1.0.jar:/home/runner/.m2/repository/io/fabric8/openshift-model-hive/7.1.0/openshift-model-hive-7.1.0.jar:/home/runner/.m2/repository/io/fabric8/openshift-model-installer/7.1.0/openshift-model-installer-7.1.0.jar:/home/runner/.m2/repository/org/junit/platform/junit-platform-launcher/1.12.1/junit-platform-launcher-1.12.1.jar:/home/runner/.m2/repository/org/junit/platform/junit-platform-engine/1.12.1/junit-platform-engine-1.12.1.jar:/home/runner/.m2/repository/org/opentest4j/opentest4j/1.3.0/opentest4j-1.3.0.jar:/home/runner/.m2/repository/org/junit/platform/junit-platform-commons/1.12.1/junit-platform-commons-1.12.1.jar:/home/runner/.m2/repository/org/apiguardian/apiguardian-api/1.1.2/apiguardian-api-1.1.2.jar:/home/runner/.m2/repository/jakarta/ws/rs/jakarta.ws.rs-api/3.1.0/jakarta.ws.rs-api-3.1.0.jar:/home/runner/work/apicurio-testing/apicurio-testing/clusters/ci419/namespaces/ksql043/tests/integration/apicurio-registry/java-sdk/target/apicurio-registry-java-sdk-3.0.12-SNAPSHOT.jar:/home/runner/.m2/repository/com/microsoft/kiota/microsoft-kiota-abstractions/1.8.9/microsoft-kiota-abstractions-1.8.9.jar:/home/runner/.m2/repository/io/github/std-uritemplate/std-uritemplate/2.0.0/std-uritemplate-2.0.0.jar:/home/runner/.m2/repository/io/kiota/kiota-http-jdk/0.0.29/kiota-http-jdk-0.0.29.jar:/home/runner/.m2/repository/io/kiota/kiota-http-vertx/0.0.29/kiota-http-vertx-0.0.29.jar:/home/runner/.m2/repository/io/kiota/kiota-serialization-jackson/0.0.29/kiota-serialization-jackson-0.0.29.jar:/home/runner/.m2/repository/com/microsoft/kiota/microsoft-kiota-serialization-text/1.8.9/microsoft-kiota-serialization-text-1.8.9.jar:/home/runner/.m2/repository/com/microsoft/kiota/microsoft-kiota-serialization-form/1.8.9/microsoft-kiota-serialization-form-1.8.9.jar:/home/runner/.m2/repository/com/microsoft/kiota/microsoft-kiota-serialization-multipart/1.8.9/microsoft-kiota-serialization-multipart-1.8.9.jar:/home/runner/.m2/repository/jakarta/annotation/jakarta.annotation-api/3.0.0/jakarta.annotation-api-3.0.0.jar:/home/runner/.m2/repository/io/vertx/vertx-auth-oauth2/4.5.16/vertx-auth-oauth2-4.5.16.jar:/home/runner/work/apicurio-testing/apicurio-testing/clusters/ci419/namespaces/ksql043/tests/integration/apicurio-registry/java-sdk-v2/target/apicurio-registry-v2-java-sdk-3.0.12-SNAPSHOT.jar:/home/runner/work/apicurio-testing/apicurio-testing/clusters/ci419/namespaces/ksql043/tests/integration/apicurio-registry/utils/kafka/target/apicurio-registry-utils-kafka-3.0.12-SNAPSHOT-tests.jar:/home/runner/.m2/repository/org/eclipse/microprofile/config/microprofile-config-api/3.1/microprofile-config-api-3.1.jar:/home/runner/.m2/repository/org/apache/kafka/kafka-clients/3.9.1/kafka-clients-3.9.1.jar:/home/runner/.m2/repository/com/github/luben/zstd-jni/1.5.6-4/zstd-jni-1.5.6-4.jar:/home/runner/.m2/repository/org/lz4/lz4-java/1.8.0/lz4-java-1.8.0.jar:/home/runner/.m2/repository/org/xerial/snappy/snappy-java/1.1.10.5/snappy-java-1.1.10.5.jar:/home/runner/.m2/repository/org/slf4j/slf4j-api/2.0.6/slf4j-api-2.0.6.jar:/home/runner/work/apicurio-testing/apicurio-testing/clusters/ci419/namespaces/ksql043/tests/integration/apicurio-registry/utils/tests/target/apicurio-registry-utils-tests-3.0.12-SNAPSHOT.jar:/home/runner/work/apicurio-testing/apicurio-testing/clusters/ci419/namespaces/ksql043/tests/integration/apicurio-registry/common/target/apicurio-registry-common-3.0.12-SNAPSHOT.jar:/home/runner/.m2/repository/jakarta/validation/jakarta.validation-api/3.0.2/jakarta.validation-api-3.0.2.jar:/home/runner/.m2/repository/com/github/dasniko/testcontainers-keycloak/3.8.0/testcontainers-keycloak-3.8.0.jar:/home/runner/.m2/repository/org/testcontainers/testcontainers/1.20.6/testcontainers-1.20.6.jar:/home/runner/.m2/repository/org/rnorth/duct-tape/duct-tape/1.0.8/duct-tape-1.0.8.jar:/home/runner/.m2/repository/com/github/docker-java/docker-java-transport-zerodep/3.4.1/docker-java-transport-zerodep-3.4.1.jar:/home/runner/.m2/repository/com/github/docker-java/docker-java-transport/3.4.1/docker-java-transport-3.4.1.jar:/home/runner/.m2/repository/net/java/dev/jna/jna/5.8.0/jna-5.8.0.jar:/home/runner/.m2/repository/io/quarkus/quarkus-junit4-mock/3.20.2/quarkus-junit4-mock-3.20.2.jar:/home/runner/.m2/repository/org/jboss/shrinkwrap/shrinkwrap-api/2.0.0-beta-2/shrinkwrap-api-2.0.0-beta-2.jar:/home/runner/.m2/repository/org/jboss/shrinkwrap/shrinkwrap-impl-base/2.0.0-beta-2/shrinkwrap-impl-base-2.0.0-beta-2.jar:/home/runner/.m2/repository/org/jboss/shrinkwrap/shrinkwrap-spi/2.0.0-beta-2/shrinkwrap-spi-2.0.0-beta-2.jar:/home/runner/.m2/repository/org/keycloak/keycloak-admin-client/26.0.4/keycloak-admin-client-26.0.4.jar:/home/runner/.m2/repository/org/keycloak/keycloak-client-common-synced/26.0.4/keycloak-client-common-synced-26.0.4.jar:/home/runner/.m2/repository/jakarta/activation/jakarta.activation-api/2.1.3/jakarta.activation-api-2.1.3.jar:/home/runner/.m2/repository/org/eclipse/microprofile/openapi/microprofile-openapi-api/4.0.2/microprofile-openapi-api-4.0.2.jar:/home/runner/.m2/repository/org/jboss/resteasy/resteasy-client/6.2.12.Final/resteasy-client-6.2.12.Final.jar:/home/runner/.m2/repository/org/jboss/resteasy/resteasy-client-api/6.2.12.Final/resteasy-client-api-6.2.12.Final.jar:/home/runner/.m2/repository/org/jboss/resteasy/resteasy-core-spi/6.2.12.Final/resteasy-core-spi-6.2.12.Final.jar:/home/runner/.m2/repository/org/jboss/resteasy/resteasy-core/6.2.12.Final/resteasy-core-6.2.12.Final.jar:/home/runner/.m2/repository/org/eclipse/angus/angus-activation/2.0.2/angus-activation-2.0.2.jar:/home/runner/.m2/repository/com/ibm/async/asyncutil/0.1.0/asyncutil-0.1.0.jar:/home/runner/.m2/repository/org/reactivestreams/reactive-streams/1.0.4/reactive-streams-1.0.4.jar:/home/runner/.m2/repository/org/jboss/resteasy/resteasy-multipart-provider/6.2.12.Final/resteasy-multipart-provider-6.2.12.Final.jar:/home/runner/.m2/repository/jakarta/mail/jakarta.mail-api/2.1.3/jakarta.mail-api-2.1.3.jar:/home/runner/.m2/repository/org/eclipse/angus/angus-mail/2.0.3/angus-mail-2.0.3.jar:/home/runner/.m2/repository/org/apache/james/apache-mime4j-dom/0.8.12/apache-mime4j-dom-0.8.12.jar:/home/runner/.m2/repository/org/apache/james/apache-mime4j-core/0.8.12/apache-mime4j-core-0.8.12.jar:/home/runner/.m2/repository/org/apache/james/apache-mime4j-storage/0.8.12/apache-mime4j-storage-0.8.12.jar:/home/runner/.m2/repository/org/jboss/resteasy/resteasy-jackson2-provider/6.2.12.Final/resteasy-jackson2-provider-6.2.12.Final.jar:/home/runner/.m2/repository/com/fasterxml/jackson/jakarta/rs/jackson-jakarta-rs-base/2.18.2/jackson-jakarta-rs-base-2.18.2.jar:/home/runner/.m2/repository/com/fasterxml/jackson/jakarta/rs/jackson-jakarta-rs-json-provider/2.18.2/jackson-jakarta-rs-json-provider-2.18.2.jar:/home/runner/.m2/repository/com/fasterxml/jackson/module/jackson-module-jakarta-xmlbind-annotations/2.18.2/jackson-module-jakarta-xmlbind-annotations-2.18.2.jar:/home/runner/.m2/repository/com/github/java-json-tools/json-patch/1.13/json-patch-1.13.jar:/home/runner/.m2/repository/com/github/java-json-tools/msg-simple/1.2/msg-simple-1.2.jar:/home/runner/.m2/repository/com/github/java-json-tools/btf/1.3/btf-1.3.jar:/home/runner/.m2/repository/com/github/java-json-tools/jackson-coreutils/2.0/jackson-coreutils-2.0.jar:/home/runner/.m2/repository/org/jboss/resteasy/resteasy-jaxb-provider/6.2.12.Final/resteasy-jaxb-provider-6.2.12.Final.jar:/home/runner/.m2/repository/org/glassfish/jaxb/codemodel/4.0.5/codemodel-4.0.5.jar:/home/runner/.m2/repository/org/glassfish/jaxb/jaxb-core/4.0.5/jaxb-core-4.0.5.jar:/home/runner/.m2/repository/org/glassfish/jaxb/jaxb-jxc/4.0.5/jaxb-jxc-4.0.5.jar:/home/runner/.m2/repository/org/glassfish/jaxb/jaxb-runtime/4.0.5/jaxb-runtime-4.0.5.jar:/home/runner/.m2/repository/org/glassfish/jaxb/txw2/4.0.5/txw2-4.0.5.jar:/home/runner/.m2/repository/org/glassfish/jaxb/jaxb-xjc/4.0.5/jaxb-xjc-4.0.5.jar:/home/runner/.m2/repository/org/glassfish/jaxb/xsom/4.0.5/xsom-4.0.5.jar:/home/runner/.m2/repository/com/sun/istack/istack-commons-runtime/4.1.2/istack-commons-runtime-4.1.2.jar:/home/runner/.m2/repository/com/sun/istack/istack-commons-tools/4.1.2/istack-commons-tools-4.1.2.jar:/home/runner/.m2/repository/com/sun/xml/bind/external/relaxng-datatype/4.0.5/relaxng-datatype-4.0.5.jar:/home/runner/.m2/repository/com/sun/xml/bind/external/rngom/4.0.5/rngom-4.0.5.jar:/home/runner/.m2/repository/org/testcontainers/mssqlserver/1.20.6/mssqlserver-1.20.6.jar:/home/runner/.m2/repository/org/testcontainers/jdbc/1.20.6/jdbc-1.20.6.jar:/home/runner/.m2/repository/org/testcontainers/database-commons/1.20.6/database-commons-1.20.6.jar:/home/runner/.m2/repository/org/testcontainers/mysql/1.20.6/mysql-1.20.6.jar:/home/runner/.m2/repository/io/strimzi/strimzi-test-container/0.111.0/strimzi-test-container-0.111.0.jar:/home/runner/.m2/repository/org/testcontainers/toxiproxy/1.20.6/toxiproxy-1.20.6.jar:/home/runner/.m2/repository/com/github/docker-java/docker-java-api/3.4.1/docker-java-api-3.4.1.jar:/home/runner/.m2/repository/org/apache/logging/log4j/log4j-slf4j-impl/2.19.0/log4j-slf4j-impl-2.19.0.jar:/home/runner/.m2/repository/org/apache/logging/log4j/log4j-api/2.24.3/log4j-api-2.24.3.jar:/home/runner/.m2/repository/org/apache/logging/log4j/log4j-core/2.19.0/log4j-core-2.19.0.jar:/home/runner/.m2/repository/eu/rekawek/toxiproxy/toxiproxy-java/2.1.7/toxiproxy-java-2.1.7.jar:/home/runner/.m2/repository/org/testcontainers/pulsar/1.21.3/pulsar-1.21.3.jar:/home/runner/.m2/repository/io/debezium/debezium-testing-testcontainers/2.7.4.Final/debezium-testing-testcontainers-2.7.4.Final.jar:/home/runner/.m2/repository/org/testcontainers/kafka/1.20.6/kafka-1.20.6.jar:/home/runner/.m2/repository/com/squareup/okhttp3/okhttp/4.8.1/okhttp-4.8.1.jar:/home/runner/.m2/repository/com/squareup/okio/okio/3.10.2/okio-3.10.2.jar:/home/runner/.m2/repository/com/squareup/okio/okio-jvm/3.10.2/okio-jvm-3.10.2.jar:/home/runner/.m2/repository/org/jetbrains/kotlin/kotlin-stdlib/2.0.21/kotlin-stdlib-2.0.21.jar:/home/runner/.m2/repository/org/awaitility/awaitility/4.3.0/awaitility-4.3.0.jar:/home/runner/.m2/repository/org/testcontainers/mongodb/1.20.6/mongodb-1.20.6.jar:/home/runner/.m2/repository/org/testcontainers/mariadb/1.20.6/mariadb-1.20.6.jar:/home/runner/.m2/repository/org/testcontainers/oracle-xe/1.20.6/oracle-xe-1.20.6.jar:/home/runner/.m2/repository/org/testcontainers/postgresql/1.20.6/postgresql-1.20.6.jar:/home/runner/.m2/repository/org/wiremock/wiremock/3.0.1/wiremock-3.0.1.jar:/home/runner/.m2/repository/org/eclipse/jetty/jetty-server/11.0.15/jetty-server-11.0.15.jar:/home/runner/.m2/repository/org/eclipse/jetty/toolchain/jetty-jakarta-servlet-api/5.0.2/jetty-jakarta-servlet-api-5.0.2.jar:/home/runner/.m2/repository/org/eclipse/jetty/jetty-http/11.0.15/jetty-http-11.0.15.jar:/home/runner/.m2/repository/org/eclipse/jetty/jetty-io/11.0.15/jetty-io-11.0.15.jar:/home/runner/.m2/repository/org/eclipse/jetty/jetty-servlet/11.0.15/jetty-servlet-11.0.15.jar:/home/runner/.m2/repository/org/eclipse/jetty/jetty-security/11.0.15/jetty-security-11.0.15.jar:/home/runner/.m2/repository/org/eclipse/jetty/jetty-servlets/11.0.15/jetty-servlets-11.0.15.jar:/home/runner/.m2/repository/org/eclipse/jetty/jetty-util/11.0.15/jetty-util-11.0.15.jar:/home/runner/.m2/repository/org/eclipse/jetty/jetty-webapp/11.0.15/jetty-webapp-11.0.15.jar:/home/runner/.m2/repository/org/eclipse/jetty/jetty-xml/11.0.15/jetty-xml-11.0.15.jar:/home/runner/.m2/repository/org/eclipse/jetty/jetty-proxy/11.0.15/jetty-proxy-11.0.15.jar:/home/runner/.m2/repository/org/eclipse/jetty/jetty-client/11.0.15/jetty-client-11.0.15.jar:/home/runner/.m2/repository/org/eclipse/jetty/http2/http2-server/11.0.15/http2-server-11.0.15.jar:/home/runner/.m2/repository/org/eclipse/jetty/http2/http2-common/11.0.15/http2-common-11.0.15.jar:/home/runner/.m2/repository/org/eclipse/jetty/http2/http2-hpack/11.0.15/http2-hpack-11.0.15.jar:/home/runner/.m2/repository/org/eclipse/jetty/jetty-alpn-server/11.0.15/jetty-alpn-server-11.0.15.jar:/home/runner/.m2/repository/org/eclipse/jetty/jetty-alpn-java-server/11.0.15/jetty-alpn-java-server-11.0.15.jar:/home/runner/.m2/repository/org/eclipse/jetty/jetty-alpn-java-client/11.0.15/jetty-alpn-java-client-11.0.15.jar:/home/runner/.m2/repository/org/eclipse/jetty/jetty-alpn-client/11.0.15/jetty-alpn-client-11.0.15.jar:/home/runner/.m2/repository/org/apache/httpcomponents/client5/httpclient5/5.2.1/httpclient5-5.2.1.jar:/home/runner/.m2/repository/org/apache/httpcomponents/core5/httpcore5/5.2/httpcore5-5.2.jar:/home/runner/.m2/repository/org/apache/httpcomponents/core5/httpcore5-h2/5.2/httpcore5-h2-5.2.jar:/home/runner/.m2/repository/org/xmlunit/xmlunit-core/2.9.1/xmlunit-core-2.9.1.jar:/home/runner/.m2/repository/jakarta/xml/bind/jakarta.xml.bind-api/4.0.2/jakarta.xml.bind-api-4.0.2.jar:/home/runner/.m2/repository/org/xmlunit/xmlunit-legacy/2.9.1/xmlunit-legacy-2.9.1.jar:/home/runner/.m2/repository/org/xmlunit/xmlunit-placeholders/2.9.1/xmlunit-placeholders-2.9.1.jar:/home/runner/.m2/repository/net/javacrumbs/json-unit/json-unit-core/2.38.0/json-unit-core-2.38.0.jar:/home/runner/.m2/repository/org/hamcrest/hamcrest-core/2.2/hamcrest-core-2.2.jar:/home/runner/.m2/repository/com/jayway/jsonpath/json-path/2.8.0/json-path-2.8.0.jar:/home/runner/.m2/repository/net/minidev/json-smart/2.4.10/json-smart-2.4.10.jar:/home/runner/.m2/repository/net/minidev/accessors-smart/2.4.9/accessors-smart-2.4.9.jar:/home/runner/.m2/repository/org/ow2/asm/asm/9.7.1/asm-9.7.1.jar:/home/runner/.m2/repository/net/sf/jopt-simple/jopt-simple/5.0.4/jopt-simple-5.0.4.jar:/home/runner/.m2/repository/com/github/jknack/handlebars/4.3.1/handlebars-4.3.1.jar:/home/runner/.m2/repository/com/github/jknack/handlebars-helpers/4.3.1/handlebars-helpers-4.3.1.jar:/home/runner/.m2/repository/commons-fileupload/commons-fileupload/1.5/commons-fileupload-1.5.jar:/home/runner/.m2/repository/com/networknt/json-schema-validator/1.5.8/json-schema-validator-1.5.8.jar:/home/runner/.m2/repository/com/ethlo/time/itu/1.10.3/itu-1.10.3.jar:/home/runner/.m2/repository/io/quarkus/quarkus-smallrye-jwt-build/3.20.2/quarkus-smallrye-jwt-build-3.20.2.jar:/home/runner/.m2/repository/io/smallrye/smallrye-jwt-build/4.6.2/smallrye-jwt-build-4.6.2.jar:/home/runner/.m2/repository/org/eclipse/microprofile/jwt/microprofile-jwt-auth-api/2.1/microprofile-jwt-auth-api-2.1.jar:/home/runner/.m2/repository/org/bitbucket/b_c/jose4j/0.9.6/jose4j-0.9.6.jar:/home/runner/.m2/repository/io/smallrye/smallrye-jwt-common/4.6.2/smallrye-jwt-common-4.6.2.jar:/home/runner/.m2/repository/io/quarkus/quarkus-jsonp/3.20.2/quarkus-jsonp-3.20.2.jar:/home/runner/.m2/repository/io/quarkus/quarkus-arc/3.20.2/quarkus-arc-3.20.2.jar:/home/runner/.m2/repository/io/quarkus/arc/arc/3.20.2/arc-3.20.2.jar:/home/runner/.m2/repository/jakarta/transaction/jakarta.transaction-api/2.0.1/jakarta.transaction-api-2.0.1.jar:/home/runner/.m2/repository/io/smallrye/reactive/mutiny/2.9.2/mutiny-2.9.2.jar:/home/runner/.m2/repository/org/jctools/jctools-core/4.0.5/jctools-core-4.0.5.jar:/home/runner/.m2/repository/org/eclipse/microprofile/context-propagation/microprofile-context-propagation-api/1.3/microprofile-context-propagation-api-1.3.jar:/home/runner/.m2/repository/io/apicurio/apicurio-common-rest-client-common/0.1.18.Final/apicurio-common-rest-client-common-0.1.18.Final.jar:/home/runner/work/apicurio-testing/apicurio-testing/clusters/ci419/namespaces/ksql043/tests/integration/apicurio-registry/utils/maven-plugin/target/apicurio-registry-maven-plugin-3.0.12-SNAPSHOT.jar:/home/runner/.m2/repository/com/fasterxml/jackson/core/jackson-databind/2.18.2/jackson-databind-2.18.2.jar:/home/runner/.m2/repository/org/apache/avro/avro/1.12.0/avro-1.12.0.jar:/home/runner/.m2/repository/com/google/protobuf/protobuf-java/4.31.1/protobuf-java-4.31.1.jar:/home/runner/.m2/repository/com/google/protobuf/protobuf-java-util/4.31.1/protobuf-java-util-4.31.1.jar:/home/runner/.m2/repository/com/google/code/findbugs/jsr305/3.0.2/jsr305-3.0.2.jar:/home/runner/.m2/repository/com/google/code/gson/gson/2.12.1/gson-2.12.1.jar:/home/runner/.m2/repository/com/google/errorprone/error_prone_annotations/2.36.0/error_prone_annotations-2.36.0.jar:/home/runner/.m2/repository/com/google/j2objc/j2objc-annotations/2.8/j2objc-annotations-2.8.jar:/home/runner/work/apicurio-testing/apicurio-testing/clusters/ci419/namespaces/ksql043/tests/integration/apicurio-registry/schema-util/util-provider/target/apicurio-registry-schema-util-provider-3.0.12-SNAPSHOT.jar:/home/runner/work/apicurio-testing/apicurio-testing/clusters/ci419/namespaces/ksql043/tests/integration/apicurio-registry/schema-util/common/target/apicurio-registry-schema-util-common-3.0.12-SNAPSHOT.jar:/home/runner/.m2/repository/com/fasterxml/jackson/module/jackson-module-parameter-names/2.18.2/jackson-module-parameter-names-2.18.2.jar:/home/runner/.m2/repository/com/fasterxml/jackson/datatype/jackson-datatype-json-org/2.18.2/jackson-datatype-json-org-2.18.2.jar:/home/runner/work/apicurio-testing/apicurio-testing/clusters/ci419/namespaces/ksql043/tests/integration/apicurio-registry/schema-util/json/target/apicurio-registry-schema-util-json-3.0.12-SNAPSHOT.jar:/home/runner/.m2/repository/com/github/erosb/everit-json-schema/1.14.5/everit-json-schema-1.14.5.jar:/home/runner/.m2/repository/commons-validator/commons-validator/1.9.0/commons-validator-1.9.0.jar:/home/runner/.m2/repository/commons-digester/commons-digester/2.1/commons-digester-2.1.jar:/home/runner/.m2/repository/commons-collections/commons-collections/3.2.2/commons-collections-3.2.2.jar:/home/runner/.m2/repository/com/damnhandy/handy-uri-templates/2.1.8/handy-uri-templates-2.1.8.jar:/home/runner/.m2/repository/joda-time/joda-time/2.10.2/joda-time-2.10.2.jar:/home/runner/.m2/repository/com/github/erosb/json-sKema/0.20.0/json-sKema-0.20.0.jar:/home/runner/.m2/repository/io/vertx/vertx-json-schema/4.5.16/vertx-json-schema-4.5.16.jar:/home/runner/work/apicurio-testing/apicurio-testing/clusters/ci419/namespaces/ksql043/tests/integration/apicurio-registry/schema-util/protobuf/target/apicurio-registry-schema-util-protobuf-3.0.12-SNAPSHOT.jar:/home/runner/work/apicurio-testing/apicurio-testing/clusters/ci419/namespaces/ksql043/tests/integration/apicurio-registry/utils/protobuf-schema-utilities/target/apicurio-registry-protobuf-schema-utilities-3.0.12-SNAPSHOT.jar:/home/runner/.m2/repository/com/google/api/grpc/proto-google-common-protos/2.52.0/proto-google-common-protos-2.52.0.jar:/home/runner/.m2/repository/com/squareup/wire/wire-schema-jvm/5.3.3/wire-schema-jvm-5.3.3.jar:/home/runner/.m2/repository/com/palantir/javapoet/javapoet/0.6.0/javapoet-0.6.0.jar:/home/runner/.m2/repository/com/squareup/kotlinpoet-jvm/2.0.0/kotlinpoet-jvm-2.0.0.jar:/home/runner/.m2/repository/org/jetbrains/kotlin/kotlin-reflect/2.0.21/kotlin-reflect-2.0.21.jar:/home/runner/.m2/repository/com/squareup/wire/wire-runtime-jvm/5.3.3/wire-runtime-jvm-5.3.3.jar:/home/runner/.m2/repository/com/ibm/icu/icu4j/76.1/icu4j-76.1.jar:/home/runner/.m2/repository/com/squareup/okio/okio-fakefilesystem/3.10.2/okio-fakefilesystem-3.10.2.jar:/home/runner/.m2/repository/com/squareup/okio/okio-fakefilesystem-jvm/3.10.2/okio-fakefilesystem-jvm-3.10.2.jar:/home/runner/.m2/repository/org/jetbrains/kotlinx/kotlinx-datetime-jvm/0.6.1/kotlinx-datetime-jvm-0.6.1.jar:/home/runner/work/apicurio-testing/apicurio-testing/clusters/ci419/namespaces/ksql043/tests/integration/apicurio-registry/schema-util/asyncapi/target/apicurio-registry-schema-util-asyncapi-3.0.12-SNAPSHOT.jar:/home/runner/work/apicurio-testing/apicurio-testing/clusters/ci419/namespaces/ksql043/tests/integration/apicurio-registry/schema-util/avro/target/apicurio-registry-schema-util-avro-3.0.12-SNAPSHOT.jar:/home/runner/work/apicurio-testing/apicurio-testing/clusters/ci419/namespaces/ksql043/tests/integration/apicurio-registry/schema-util/graphql/target/apicurio-registry-schema-util-graphql-3.0.12-SNAPSHOT.jar:/home/runner/.m2/repository/com/graphql-java/graphql-java/22.4/graphql-java-22.4.jar:/home/runner/.m2/repository/com/graphql-java/java-dataloader/3.3.0/java-dataloader-3.3.0.jar:/home/runner/work/apicurio-testing/apicurio-testing/clusters/ci419/namespaces/ksql043/tests/integration/apicurio-registry/schema-util/kconnect/target/apicurio-registry-schema-util-kconnect-3.0.12-SNAPSHOT.jar:/home/runner/work/apicurio-testing/apicurio-testing/clusters/ci419/namespaces/ksql043/tests/integration/apicurio-registry/schema-util/openapi/target/apicurio-registry-schema-util-openapi-3.0.12-SNAPSHOT.jar:/home/runner/.m2/repository/io/apicurio/apicurio-data-models/2.2.2/apicurio-data-models-2.2.2.jar:/home/runner/.m2/repository/org/openapitools/openapidiff/openapi-diff-core/2.1.2/openapi-diff-core-2.1.2.jar:/home/runner/.m2/repository/io/swagger/parser/v3/swagger-parser/2.1.28/swagger-parser-2.1.28.jar:/home/runner/.m2/repository/io/swagger/parser/v3/swagger-parser-v2-converter/2.1.28/swagger-parser-v2-converter-2.1.28.jar:/home/runner/.m2/repository/io/swagger/swagger-core/1.6.16/swagger-core-1.6.16.jar:/home/runner/.m2/repository/io/swagger/swagger-models/1.6.16/swagger-models-1.6.16.jar:/home/runner/.m2/repository/io/swagger/swagger-annotations/1.6.16/swagger-annotations-1.6.16.jar:/home/runner/.m2/repository/io/swagger/swagger-parser/1.0.75/swagger-parser-1.0.75.jar:/home/runner/.m2/repository/io/swagger/swagger-parser-safe-url-resolver/1.0.75/swagger-parser-safe-url-resolver-1.0.75.jar:/home/runner/.m2/repository/io/swagger/swagger-compat-spec-parser/1.0.75/swagger-compat-spec-parser-1.0.75.jar:/home/runner/.m2/repository/com/github/java-json-tools/json-schema-validator/2.2.14/json-schema-validator-2.2.14.jar:/home/runner/.m2/repository/com/github/java-json-tools/jackson-coreutils-equivalence/1.0/jackson-coreutils-equivalence-1.0.jar:/home/runner/.m2/repository/com/github/java-json-tools/json-schema-core/1.2.14/json-schema-core-1.2.14.jar:/home/runner/.m2/repository/com/github/java-json-tools/uri-template/0.10/uri-template-0.10.jar:/home/runner/.m2/repository/com/googlecode/libphonenumber/libphonenumber/8.11.1/libphonenumber-8.11.1.jar:/home/runner/.m2/repository/com/j2html/j2html/1.6.0/j2html-1.6.0.jar:/home/runner/.m2/repository/org/apache/commons/commons-collections4/4.5.0/commons-collections4-4.5.0.jar:/home/runner/.m2/repository/org/slf4j/jcl-over-slf4j/2.0.17/jcl-over-slf4j-2.0.17.jar:/home/runner/.m2/repository/io/swagger/parser/v3/swagger-parser-v3/2.1.31/swagger-parser-v3-2.1.31.jar:/home/runner/.m2/repository/io/swagger/core/v3/swagger-models/2.2.34/swagger-models-2.2.34.jar:/home/runner/.m2/repository/io/swagger/core/v3/swagger-core/2.2.34/swagger-core-2.2.34.jar:/home/runner/.m2/repository/io/swagger/parser/v3/swagger-parser-core/2.1.31/swagger-parser-core-2.1.31.jar:/home/runner/.m2/repository/io/swagger/parser/v3/swagger-parser-safe-url-resolver/2.1.31/swagger-parser-safe-url-resolver-2.1.31.jar:/home/runner/work/apicurio-testing/apicurio-testing/clusters/ci419/namespaces/ksql043/tests/integration/apicurio-registry/schema-util/wsdl/target/apicurio-registry-schema-util-wsdl-3.0.12-SNAPSHOT.jar:/home/runner/.m2/repository/wsdl4j/wsdl4j/1.6.3/wsdl4j-1.6.3.jar:/home/runner/work/apicurio-testing/apicurio-testing/clusters/ci419/namespaces/ksql043/tests/integration/apicurio-registry/schema-util/xml/target/apicurio-registry-schema-util-xml-3.0.12-SNAPSHOT.jar:/home/runner/.m2/repository/org/apache/santuario/xmlsec/4.0.4/xmlsec-4.0.4.jar:/home/runner/.m2/repository/com/fasterxml/woodstox/woodstox-core/7.1.1/woodstox-core-7.1.1.jar:/home/runner/.m2/repository/org/codehaus/woodstox/stax2-api/4.2.2/stax2-api-4.2.2.jar:/home/runner/work/apicurio-testing/apicurio-testing/clusters/ci419/namespaces/ksql043/tests/integration/apicurio-registry/schema-util/xsd/target/apicurio-registry-schema-util-xsd-3.0.12-SNAPSHOT.jar:/home/runner/work/apicurio-testing/apicurio-testing/clusters/ci419/namespaces/ksql043/tests/integration/apicurio-registry/serdes/kafka/jsonschema-serde/target/apicurio-registry-jsonschema-serde-kafka-3.0.12-SNAPSHOT.jar:/home/runner/work/apicurio-testing/apicurio-testing/clusters/ci419/namespaces/ksql043/tests/integration/apicurio-registry/serdes/kafka/serde-kafka-common/target/apicurio-registry-serde-kafka-common-3.0.12-SNAPSHOT.jar:/home/runner/work/apicurio-testing/apicurio-testing/clusters/ci419/namespaces/ksql043/tests/integration/apicurio-registry/serdes/generic/serde-common/target/apicurio-registry-serde-common-3.0.12-SNAPSHOT.jar:/home/runner/work/apicurio-testing/apicurio-testing/clusters/ci419/namespaces/ksql043/tests/integration/apicurio-registry/serdes/generic/serde-common-jsonschema/target/apicurio-registry-serde-common-jsonschema-3.0.12-SNAPSHOT.jar:/home/runner/.m2/repository/org/json/json/20250107/json-20250107.jar:/home/runner/work/apicurio-testing/apicurio-testing/clusters/ci419/namespaces/ksql043/tests/integration/apicurio-registry/serdes/kafka/avro-serde/target/apicurio-registry-avro-serde-kafka-3.0.12-SNAPSHOT.jar:/home/runner/work/apicurio-testing/apicurio-testing/clusters/ci419/namespaces/ksql043/tests/integration/apicurio-registry/serdes/generic/serde-common-avro/target/apicurio-registry-serde-common-avro-3.0.12-SNAPSHOT.jar:/home/runner/work/apicurio-testing/apicurio-testing/clusters/ci419/namespaces/ksql043/tests/integration/apicurio-registry/serdes/kafka/protobuf-serde/target/apicurio-registry-protobuf-serde-kafka-3.0.12-SNAPSHOT.jar:/home/runner/work/apicurio-testing/apicurio-testing/clusters/ci419/namespaces/ksql043/tests/integration/apicurio-registry/serdes/generic/serde-common-protobuf/target/apicurio-registry-serde-common-protobuf-3.0.12-SNAPSHOT.jar:/home/runner/.m2/repository/com/squareup/wire/wire-schema/5.3.3/wire-schema-5.3.3.jar:/home/runner/.m2/repository/com/squareup/wire/wire-runtime/5.3.3/wire-runtime-5.3.3.jar:/home/runner/work/apicurio-testing/apicurio-testing/clusters/ci419/namespaces/ksql043/tests/integration/apicurio-registry/serdes/pulsar/avro-serde/target/apicurio-registry-avro-serde-pulsar-3.0.12-SNAPSHOT.jar:/home/runner/.m2/repository/org/apache/pulsar/pulsar-functions-api/3.3.8/pulsar-functions-api-3.3.8.jar:/home/runner/work/apicurio-testing/apicurio-testing/clusters/ci419/namespaces/ksql043/tests/integration/apicurio-registry/serdes/nats/avro-serde/target/apicurio-registry-avro-serde-nats-3.0.12-SNAPSHOT.jar:/home/runner/.m2/repository/io/nats/jnats/2.21.4/jnats-2.21.4.jar:/home/runner/.m2/repository/org/bouncycastle/bcprov-lts8on/2.73.7/bcprov-lts8on-2.73.7.jar:/home/runner/.m2/repository/org/jetbrains/annotations/26.0.2/annotations-26.0.2.jar:/home/runner/work/apicurio-testing/apicurio-testing/clusters/ci419/namespaces/ksql043/tests/integration/apicurio-registry/utils/converter/target/apicurio-registry-utils-converter-3.0.12-SNAPSHOT.jar:/home/runner/work/apicurio-testing/apicurio-testing/clusters/ci419/namespaces/ksql043/tests/integration/apicurio-registry/schema-resolver/target/apicurio-registry-schema-resolver-3.0.12-SNAPSHOT.jar:/home/runner/.m2/repository/org/apache/kafka/connect-api/3.9.1/connect-api-3.9.1.jar:/home/runner/.m2/repository/javax/ws/rs/javax.ws.rs-api/2.1.1/javax.ws.rs-api-2.1.1.jar:/home/runner/.m2/repository/org/apache/kafka/connect-json/3.9.1/connect-json-3.9.1.jar:/home/runner/.m2/repository/com/fasterxml/jackson/datatype/jackson-datatype-jdk8/2.18.2/jackson-datatype-jdk8-2.18.2.jar:/home/runner/.m2/repository/com/fasterxml/jackson/module/jackson-module-afterburner/2.18.2/jackson-module-afterburner-2.18.2.jar:/home/runner/work/apicurio-testing/apicurio-testing/clusters/ci419/namespaces/ksql043/tests/integration/apicurio-registry/utils/kafka/target/apicurio-registry-utils-kafka-3.0.12-SNAPSHOT.jar:/home/runner/.m2/repository/org/apache/pulsar/pulsar-client/3.3.8/pulsar-client-3.3.8.jar:/home/runner/.m2/repository/org/apache/pulsar/pulsar-client-api/3.3.8/pulsar-client-api-3.3.8.jar:/home/runner/.m2/repository/org/apache/pulsar/pulsar-client-admin-api/3.3.8/pulsar-client-admin-api-3.3.8.jar:/home/runner/.m2/repository/org/apache/pulsar/bouncy-castle-bc/3.3.8/bouncy-castle-bc-3.3.8-pkg.jar:/home/runner/.m2/repository/org/bouncycastle/bcpkix-jdk18on/1.81/bcpkix-jdk18on-1.81.jar:/home/runner/.m2/repository/org/bouncycastle/bcutil-jdk18on/1.81/bcutil-jdk18on-1.81.jar:/home/runner/.m2/repository/org/bouncycastle/bcprov-jdk18on/1.81/bcprov-jdk18on-1.81.jar:/home/runner/.m2/repository/io/opentelemetry/opentelemetry-api/1.44.1/opentelemetry-api-1.44.1.jar:/home/runner/.m2/repository/io/opentelemetry/opentelemetry-context/1.44.1/opentelemetry-context-1.44.1.jar:/home/runner/.m2/repository/io/opentelemetry/opentelemetry-api-incubator/1.44.1-alpha/opentelemetry-api-incubator-1.44.1-alpha.jar:/home/runner/.m2/repository/com/fasterxml/jackson/core/jackson-annotations/2.18.2/jackson-annotations-2.18.2.jar:/home/runner/.m2/repository/javax/validation/validation-api/1.1.0.Final/validation-api-1.1.0.Final.jar:/home/runner/.m2/repository/org/jspecify/jspecify/1.0.0/jspecify-1.0.0.jar:/home/runner/.m2/repository/org/apache/commons/commons-configuration2/2.12.0/commons-configuration2-2.12.0.jar:/home/runner/.m2/repository/commons-logging/commons-logging/1.3.5/commons-logging-1.3.5.jar:/home/runner/.m2/repository/org/apache/commons/commons-text/1.13.0/commons-text-1.13.0.jar:/home/runner/.m2/repository/io/confluent/kafka-avro-serializer/8.0.0/kafka-avro-serializer-8.0.0.jar:/home/runner/.m2/repository/org/apache/commons/commons-compress/1.27.1/commons-compress-1.27.1.jar:/home/runner/.m2/repository/io/confluent/kafka-schema-serializer/8.0.0/kafka-schema-serializer-8.0.0.jar:/home/runner/.m2/repository/com/fasterxml/jackson/dataformat/jackson-dataformat-csv/2.18.2/jackson-dataformat-csv-2.18.2.jar:/home/runner/.m2/repository/io/confluent/kafka-schema-registry-client/8.0.0/kafka-schema-registry-client-8.0.0.jar:/home/runner/.m2/repository/org/yaml/snakeyaml/2.3/snakeyaml-2.3.jar:/home/runner/.m2/repository/io/swagger/core/v3/swagger-annotations/2.2.29/swagger-annotations-2.2.29.jar:/home/runner/.m2/repository/com/google/guava/guava/33.4.0-jre/guava-33.4.0-jre.jar:/home/runner/.m2/repository/com/google/guava/failureaccess/1.0.1/failureaccess-1.0.1.jar:/home/runner/.m2/repository/org/checkerframework/checker-qual/3.49.0/checker-qual-3.49.0.jar:/home/runner/.m2/repository/io/confluent/logredactor/1.0.13/logredactor-1.0.13.jar:/home/runner/.m2/repository/com/google/re2j/re2j/1.6/re2j-1.6.jar:/home/runner/.m2/repository/io/confluent/logredactor-metrics/1.0.13/logredactor-metrics-1.0.13.jar:/home/runner/.m2/repository/com/eclipsesource/minimal-json/minimal-json/0.9.5/minimal-json-0.9.5.jar:/home/runner/.m2/repository/io/confluent/common-utils/8.0.0/common-utils-8.0.0.jar:/home/runner/.m2/repository/io/confluent/kafka-connect-avro-converter/8.0.0/kafka-connect-avro-converter-8.0.0.jar:/home/runner/.m2/repository/io/confluent/kafka-connect-avro-data/8.0.0/kafka-connect-avro-data-8.0.0.jar:/home/runner/.m2/repository/io/confluent/kafka-schema-converter/8.0.0/kafka-schema-converter-8.0.0.jar:/home/runner/.m2/repository/io/rest-assured/rest-assured/5.5.1/rest-assured-5.5.1.jar:/home/runner/.m2/repository/org/apache/groovy/groovy/4.0.22/groovy-4.0.22.jar:/home/runner/.m2/repository/org/apache/groovy/groovy-xml/4.0.22/groovy-xml-4.0.22.jar:/home/runner/.m2/repository/org/apache/httpcomponents/httpclient/4.5.14/httpclient-4.5.14.jar:/home/runner/.m2/repository/org/apache/httpcomponents/httpcore/4.4.16/httpcore-4.4.16.jar:/home/runner/.m2/repository/org/apache/httpcomponents/httpmime/4.5.14/httpmime-4.5.14.jar:/home/runner/.m2/repository/org/hamcrest/hamcrest/2.2/hamcrest-2.2.jar:/home/runner/.m2/repository/org/ccil/cowan/tagsoup/tagsoup/1.2.1/tagsoup-1.2.1.jar:/home/runner/.m2/repository/io/rest-assured/json-path/5.5.1/json-path-5.5.1.jar:/home/runner/.m2/repository/org/apache/groovy/groovy-json/4.0.22/groovy-json-4.0.22.jar:/home/runner/.m2/repository/io/rest-assured/rest-assured-common/5.5.1/rest-assured-common-5.5.1.jar:/home/runner/.m2/repository/io/rest-assured/xml-path/5.5.1/xml-path-5.5.1.jar:/home/runner/.m2/repository/io/zonky/test/embedded-postgres/2.1.0/embedded-postgres-2.1.0.jar:/home/runner/.m2/repository/io/zonky/test/postgres/embedded-postgres-binaries-windows-amd64/14.15.0/embedded-postgres-binaries-windows-amd64-14.15.0.jar:/home/runner/.m2/repository/io/zonky/test/postgres/embedded-postgres-binaries-darwin-amd64/14.15.0/embedded-postgres-binaries-darwin-amd64-14.15.0.jar:/home/runner/.m2/repository/io/zonky/test/postgres/embedded-postgres-binaries-linux-amd64/14.15.0/embedded-postgres-binaries-linux-amd64-14.15.0.jar:/home/runner/.m2/repository/io/zonky/test/postgres/embedded-postgres-binaries-linux-amd64-alpine/14.15.0/embedded-postgres-binaries-linux-amd64-alpine-14.15.0.jar:/home/runner/.m2/repository/org/apache/commons/commons-lang3/3.17.0/commons-lang3-3.17.0.jar:/home/runner/.m2/repository/org/tukaani/xz/1.10/xz-1.10.jar:/home/runner/.m2/repository/commons-codec/commons-codec/1.19.0/commons-codec-1.19.0.jar:/home/runner/.m2/repository/org/postgresql/postgresql/42.7.7/postgresql-42.7.7.jar:/home/runner/.m2/repository/commons-io/commons-io/2.18.0/commons-io-2.18.0.jar:/home/runner/work/apicurio-testing/apicurio-testing/clusters/ci419/namespaces/ksql043/tests/integration/apicurio-registry/utils/importexport/target/apicurio-registry-utils-import-export-3.0.12-SNAPSHOT.jar:/home/runner/.m2/repository/io/vertx/vertx-core/4.5.16/vertx-core-4.5.16.jar:/home/runner/.m2/repository/io/netty/netty-common/4.1.121.Final/netty-common-4.1.121.Final.jar:/home/runner/.m2/repository/io/netty/netty-buffer/4.1.121.Final/netty-buffer-4.1.121.Final.jar:/home/runner/.m2/repository/io/netty/netty-transport/4.1.121.Final/netty-transport-4.1.121.Final.jar:/home/runner/.m2/repository/io/netty/netty-handler/4.1.121.Final/netty-handler-4.1.121.Final.jar:/home/runner/.m2/repository/io/netty/netty-transport-native-unix-common/4.1.121.Final/netty-transport-native-unix-common-4.1.121.Final.jar:/home/runner/.m2/repository/io/netty/netty-codec/4.1.121.Final/netty-codec-4.1.121.Final.jar:/home/runner/.m2/repository/io/netty/netty-handler-proxy/4.1.121.Final/netty-handler-proxy-4.1.121.Final.jar:/home/runner/.m2/repository/io/netty/netty-codec-socks/4.1.121.Final/netty-codec-socks-4.1.121.Final.jar:/home/runner/.m2/repository/io/netty/netty-codec-http/4.1.121.Final/netty-codec-http-4.1.121.Final.jar:/home/runner/.m2/repository/io/netty/netty-codec-http2/4.1.121.Final/netty-codec-http2-4.1.121.Final.jar:/home/runner/.m2/repository/io/netty/netty-resolver/4.1.121.Final/netty-resolver-4.1.121.Final.jar:/home/runner/.m2/repository/io/netty/netty-resolver-dns/4.1.121.Final/netty-resolver-dns-4.1.121.Final.jar:/home/runner/.m2/repository/io/netty/netty-codec-dns/4.1.121.Final/netty-codec-dns-4.1.121.Final.jar:/home/runner/.m2/repository/com/fasterxml/jackson/core/jackson-core/2.18.2/jackson-core-2.18.2.jar:"/>
    <property name="java.vm.vendor" value="Eclipse Adoptium"/>
    <property name="maven.javadoc.skip" value="true"/>
    <property name="sun.arch.data.model" value="64"/>
    <property name="java.vendor.url" value="https://adoptium.net/"/>
    <property name="user.timezone" value="Etc/UTC"/>
    <property name="os.name" value="Linux"/>
    <property name="java.vm.specification.version" value="17"/>
    <property name="sun.java.launcher" value="SUN_STANDARD"/>
    <property name="quarkus.http.test-port" value="80"/>
    <property name="sun.boot.library.path" value="/usr/lib/jvm/temurin-17-jdk-amd64/lib"/>
    <property name="sun.java.command" value="/home/runner/work/apicurio-testing/apicurio-testing/clusters/ci419/namespaces/ksql043/tests/integration/apicurio-registry/integration-tests/target/surefire/surefirebooter-20250812172704490_3.jar /home/runner/work/apicurio-testing/apicurio-testing/clusters/ci419/namespaces/ksql043/tests/integration/apicurio-registry/integration-tests/target/surefire 2025-08-12T17-27-04_416-jvmRun1 surefire-20250812172704490_1tmp surefire_0-20250812172704490_2tmp"/>
    <property name="maven.home" value="/home/runner/.m2/wrapper/dists/apache-maven-3.9.8-bin/4fnp1ql35bgk2a0p7m31ovbgb0/apache-maven-3.9.8"/>
    <property name="jdk.debug" value="release"/>
    <property name="surefire.test.class.path" value="/home/runner/work/apicurio-testing/apicurio-testing/clusters/ci419/namespaces/ksql043/tests/integration/apicurio-registry/integration-tests/target/test-classes:/home/runner/work/apicurio-testing/apicurio-testing/clusters/ci419/namespaces/ksql043/tests/integration/apicurio-registry/integration-tests/target/apicurio-registry-integration-tests-3.0.12-SNAPSHOT.jar:/home/runner/.m2/repository/io/quarkus/quarkus-junit5/3.20.2/quarkus-junit5-3.20.2.jar:/home/runner/.m2/repository/io/quarkus/quarkus-bootstrap-core/3.20.2/quarkus-bootstrap-core-3.20.2.jar:/home/runner/.m2/repository/io/quarkus/quarkus-classloader-commons/3.20.2/quarkus-classloader-commons-3.20.2.jar:/home/runner/.m2/repository/io/quarkus/quarkus-bootstrap-app-model/3.20.2/quarkus-bootstrap-app-model-3.20.2.jar:/home/runner/.m2/repository/io/smallrye/common/smallrye-common-io/2.12.0/smallrye-common-io-2.12.0.jar:/home/runner/.m2/repository/org/eclipse/sisu/org.eclipse.sisu.inject/0.9.0.M3/org.eclipse.sisu.inject-0.9.0.M3.jar:/home/runner/.m2/repository/io/quarkus/quarkus-test-common/3.20.2/quarkus-test-common-3.20.2.jar:/home/runner/.m2/repository/io/quarkus/quarkus-core-deployment/3.20.2/quarkus-core-deployment-3.20.2.jar:/home/runner/.m2/repository/org/aesh/readline/2.6/readline-2.6.jar:/home/runner/.m2/repository/org/fusesource/jansi/jansi/2.4.0/jansi-2.4.0.jar:/home/runner/.m2/repository/org/aesh/aesh/2.8.2/aesh-2.8.2.jar:/home/runner/.m2/repository/io/quarkus/gizmo/gizmo/1.8.0/gizmo-1.8.0.jar:/home/runner/.m2/repository/org/ow2/asm/asm-util/9.7.1/asm-util-9.7.1.jar:/home/runner/.m2/repository/org/ow2/asm/asm-analysis/9.7.1/asm-analysis-9.7.1.jar:/home/runner/.m2/repository/org/ow2/asm/asm-commons/9.7.1/asm-commons-9.7.1.jar:/home/runner/.m2/repository/org/ow2/asm/asm-tree/9.7.1/asm-tree-9.7.1.jar:/home/runner/.m2/repository/io/quarkus/quarkus-hibernate-validator-spi/3.20.2/quarkus-hibernate-validator-spi-3.20.2.jar:/home/runner/.m2/repository/io/quarkus/quarkus-class-change-agent/3.20.2/quarkus-class-change-agent-3.20.2.jar:/home/runner/.m2/repository/io/quarkus/quarkus-devtools-utilities/3.20.2/quarkus-devtools-utilities-3.20.2.jar:/home/runner/.m2/repository/io/quarkus/quarkus-builder/3.20.2/quarkus-builder-3.20.2.jar:/home/runner/.m2/repository/org/graalvm/sdk/nativeimage/23.1.2/nativeimage-23.1.2.jar:/home/runner/.m2/repository/org/graalvm/sdk/word/23.1.2/word-23.1.2.jar:/home/runner/.m2/repository/io/quarkus/quarkus-bootstrap-maven-resolver/3.20.2/quarkus-bootstrap-maven-resolver-3.20.2.jar:/home/runner/.m2/repository/io/smallrye/beanbag/smallrye-beanbag-maven/1.5.2/smallrye-beanbag-maven-1.5.2.jar:/home/runner/.m2/repository/io/smallrye/beanbag/smallrye-beanbag-sisu/1.5.2/smallrye-beanbag-sisu-1.5.2.jar:/home/runner/.m2/repository/io/smallrye/beanbag/smallrye-beanbag/1.5.2/smallrye-beanbag-1.5.2.jar:/home/runner/.m2/repository/javax/inject/javax.inject/1/javax.inject-1.jar:/home/runner/.m2/repository/org/apache/maven/maven-artifact/3.9.9/maven-artifact-3.9.9.jar:/home/runner/.m2/repository/org/apache/maven/maven-builder-support/3.9.9/maven-builder-support-3.9.9.jar:/home/runner/.m2/repository/org/apache/maven/maven-model/3.9.9/maven-model-3.9.9.jar:/home/runner/.m2/repository/org/apache/maven/maven-model-builder/3.9.9/maven-model-builder-3.9.9.jar:/home/runner/.m2/repository/org/apache/maven/maven-repository-metadata/3.9.9/maven-repository-metadata-3.9.9.jar:/home/runner/.m2/repository/org/apache/maven/maven-settings/3.9.9/maven-settings-3.9.9.jar:/home/runner/.m2/repository/org/apache/maven/resolver/maven-resolver-api/1.9.22/maven-resolver-api-1.9.22.jar:/home/runner/.m2/repository/org/apache/maven/resolver/maven-resolver-impl/1.9.22/maven-resolver-impl-1.9.22.jar:/home/runner/.m2/repository/org/apache/maven/resolver/maven-resolver-named-locks/1.9.22/maven-resolver-named-locks-1.9.22.jar:/home/runner/.m2/repository/org/apache/maven/resolver/maven-resolver-spi/1.9.22/maven-resolver-spi-1.9.22.jar:/home/runner/.m2/repository/org/apache/maven/resolver/maven-resolver-util/1.9.22/maven-resolver-util-1.9.22.jar:/home/runner/.m2/repository/org/apache/maven/resolver/maven-resolver-transport-http/1.9.20/maven-resolver-transport-http-1.9.20.jar:/home/runner/.m2/repository/org/apache/maven/wagon/wagon-provider-api/3.5.3/wagon-provider-api-3.5.3.jar:/home/runner/.m2/repository/org/apache/maven/wagon/wagon-http-shared/3.5.3/wagon-http-shared-3.5.3.jar:/home/runner/.m2/repository/org/codehaus/plexus/plexus-interpolation/1.26/plexus-interpolation-1.26.jar:/home/runner/.m2/repository/org/codehaus/plexus/plexus-utils/3.5.1/plexus-utils-3.5.1.jar:/home/runner/.m2/repository/org/codehaus/plexus/plexus-xml/4.0.1/plexus-xml-4.0.1.jar:/home/runner/.m2/repository/org/apache/maven/maven-xml-impl/4.0.0-alpha-5/maven-xml-impl-4.0.0-alpha-5.jar:/home/runner/.m2/repository/org/apache/maven/maven-api-xml/4.0.0-alpha-5/maven-api-xml-4.0.0-alpha-5.jar:/home/runner/.m2/repository/org/apache/maven/maven-api-meta/4.0.0-alpha-5/maven-api-meta-4.0.0-alpha-5.jar:/home/runner/.m2/repository/org/codehaus/plexus/plexus-cipher/2.0/plexus-cipher-2.0.jar:/home/runner/.m2/repository/org/codehaus/plexus/plexus-sec-dispatcher/2.0/plexus-sec-dispatcher-2.0.jar:/home/runner/.m2/repository/org/apache/maven/maven-embedder/3.9.9/maven-embedder-3.9.9.jar:/home/runner/.m2/repository/org/apache/maven/maven-core/3.9.9/maven-core-3.9.9.jar:/home/runner/.m2/repository/org/codehaus/plexus/plexus-component-annotations/2.1.0/plexus-component-annotations-2.1.0.jar:/home/runner/.m2/repository/org/apache/maven/maven-plugin-api/3.9.9/maven-plugin-api-3.9.9.jar:/home/runner/.m2/repository/org/apache/maven/shared/maven-shared-utils/3.4.2/maven-shared-utils-3.4.2.jar:/home/runner/.m2/repository/com/google/inject/guice/5.1.0/guice-5.1.0.jar:/home/runner/.m2/repository/aopalliance/aopalliance/1.0/aopalliance-1.0.jar:/home/runner/.m2/repository/org/codehaus/plexus/plexus-classworlds/2.6.0/plexus-classworlds-2.6.0.jar:/home/runner/.m2/repository/commons-cli/commons-cli/1.8.0/commons-cli-1.8.0.jar:/home/runner/.m2/repository/org/eclipse/sisu/org.eclipse.sisu.plexus/0.9.0.M3/org.eclipse.sisu.plexus-0.9.0.M3.jar:/home/runner/.m2/repository/org/apache/maven/maven-settings-builder/3.9.9/maven-settings-builder-3.9.9.jar:/home/runner/.m2/repository/org/apache/maven/maven-resolver-provider/3.9.9/maven-resolver-provider-3.9.9.jar:/home/runner/.m2/repository/org/apache/maven/resolver/maven-resolver-connector-basic/1.9.22/maven-resolver-connector-basic-1.9.22.jar:/home/runner/.m2/repository/org/apache/maven/resolver/maven-resolver-transport-wagon/1.9.22/maven-resolver-transport-wagon-1.9.22.jar:/home/runner/.m2/repository/org/apache/maven/wagon/wagon-http/3.5.3/wagon-http-3.5.3.jar:/home/runner/.m2/repository/org/apache/maven/wagon/wagon-file/3.5.3/wagon-file-3.5.3.jar:/home/runner/.m2/repository/io/quarkus/quarkus-bootstrap-gradle-resolver/3.20.2/quarkus-bootstrap-gradle-resolver-3.20.2.jar:/home/runner/.m2/repository/io/smallrye/jandex/3.3.0/jandex-3.3.0.jar:/home/runner/.m2/repository/org/jboss/logging/commons-logging-jboss-logging/1.0.0.Final/commons-logging-jboss-logging-1.0.0.Final.jar:/home/runner/.m2/repository/io/quarkus/quarkus-junit5-config/3.20.2/quarkus-junit5-config-3.20.2.jar:/home/runner/.m2/repository/org/junit/jupiter/junit-jupiter-api/5.12.1/junit-jupiter-api-5.12.1.jar:/home/runner/.m2/repository/io/smallrye/config/smallrye-config/3.11.4/smallrye-config-3.11.4.jar:/home/runner/.m2/repository/io/smallrye/config/smallrye-config-core/3.11.4/smallrye-config-core-3.11.4.jar:/home/runner/.m2/repository/io/smallrye/common/smallrye-common-classloader/2.12.0/smallrye-common-classloader-2.12.0.jar:/home/runner/.m2/repository/io/smallrye/config/smallrye-config-common/3.11.4/smallrye-config-common-3.11.4.jar:/home/runner/.m2/repository/org/junit/jupiter/junit-jupiter/5.12.1/junit-jupiter-5.12.1.jar:/home/runner/.m2/repository/org/junit/jupiter/junit-jupiter-params/5.12.1/junit-jupiter-params-5.12.1.jar:/home/runner/.m2/repository/org/junit/jupiter/junit-jupiter-engine/5.12.1/junit-jupiter-engine-5.12.1.jar:/home/runner/.m2/repository/io/quarkus/quarkus-core/3.20.2/quarkus-core-3.20.2.jar:/home/runner/.m2/repository/jakarta/enterprise/jakarta.enterprise.cdi-api/4.1.0/jakarta.enterprise.cdi-api-4.1.0.jar:/home/runner/.m2/repository/jakarta/enterprise/jakarta.enterprise.lang-model/4.1.0/jakarta.enterprise.lang-model-4.1.0.jar:/home/runner/.m2/repository/jakarta/el/jakarta.el-api/5.0.1/jakarta.el-api-5.0.1.jar:/home/runner/.m2/repository/jakarta/interceptor/jakarta.interceptor-api/2.2.0/jakarta.interceptor-api-2.2.0.jar:/home/runner/.m2/repository/jakarta/inject/jakarta.inject-api/2.0.1/jakarta.inject-api-2.0.1.jar:/home/runner/.m2/repository/io/smallrye/common/smallrye-common-os/2.12.0/smallrye-common-os-2.12.0.jar:/home/runner/.m2/repository/io/quarkus/quarkus-ide-launcher/3.20.2/quarkus-ide-launcher-3.20.2.jar:/home/runner/.m2/repository/io/quarkus/quarkus-development-mode-spi/3.20.2/quarkus-development-mode-spi-3.20.2.jar:/home/runner/.m2/repository/org/jboss/logging/jboss-logging/3.6.1.Final/jboss-logging-3.6.1.Final.jar:/home/runner/.m2/repository/org/jboss/logmanager/jboss-logmanager/3.1.2.Final/jboss-logmanager-3.1.2.Final.jar:/home/runner/.m2/repository/io/smallrye/common/smallrye-common-constraint/2.12.0/smallrye-common-constraint-2.12.0.jar:/home/runner/.m2/repository/io/smallrye/common/smallrye-common-cpu/2.12.0/smallrye-common-cpu-2.12.0.jar:/home/runner/.m2/repository/io/smallrye/common/smallrye-common-expression/2.12.0/smallrye-common-expression-2.12.0.jar:/home/runner/.m2/repository/io/smallrye/common/smallrye-common-net/2.12.0/smallrye-common-net-2.12.0.jar:/home/runner/.m2/repository/io/smallrye/common/smallrye-common-ref/2.12.0/smallrye-common-ref-2.12.0.jar:/home/runner/.m2/repository/jakarta/json/jakarta.json-api/2.1.3/jakarta.json-api-2.1.3.jar:/home/runner/.m2/repository/org/eclipse/parsson/parsson/1.1.7/parsson-1.1.7.jar:/home/runner/.m2/repository/org/jboss/logging/jboss-logging-annotations/3.0.4.Final/jboss-logging-annotations-3.0.4.Final.jar:/home/runner/.m2/repository/org/jboss/threads/jboss-threads/3.8.0.Final/jboss-threads-3.8.0.Final.jar:/home/runner/.m2/repository/io/smallrye/common/smallrye-common-annotation/2.12.0/smallrye-common-annotation-2.12.0.jar:/home/runner/.m2/repository/io/smallrye/common/smallrye-common-function/2.12.0/smallrye-common-function-2.12.0.jar:/home/runner/.m2/repository/org/jboss/slf4j/slf4j-jboss-logmanager/2.0.0.Final/slf4j-jboss-logmanager-2.0.0.Final.jar:/home/runner/.m2/repository/org/wildfly/common/wildfly-common/2.0.1/wildfly-common-2.0.1.jar:/home/runner/.m2/repository/io/quarkus/quarkus-bootstrap-runner/3.20.2/quarkus-bootstrap-runner-3.20.2.jar:/home/runner/.m2/repository/io/github/crac/org-crac/0.1.3/org-crac-0.1.3.jar:/home/runner/.m2/repository/io/quarkus/quarkus-fs-util/0.0.10/quarkus-fs-util-0.0.10.jar:/home/runner/.m2/repository/org/jboss/marshalling/jboss-marshalling/2.2.2.Final/jboss-marshalling-2.2.2.Final.jar:/home/runner/.m2/repository/io/fabric8/kubernetes-client/7.1.0/kubernetes-client-7.1.0.jar:/home/runner/.m2/repository/io/fabric8/kubernetes-client-api/7.1.0/kubernetes-client-api-7.1.0.jar:/home/runner/.m2/repository/io/fabric8/kubernetes-model-core/7.1.0/kubernetes-model-core-7.1.0.jar:/home/runner/.m2/repository/io/fabric8/kubernetes-model-common/7.1.0/kubernetes-model-common-7.1.0.jar:/home/runner/.m2/repository/javax/annotation/javax.annotation-api/1.3.2/javax.annotation-api-1.3.2.jar:/home/runner/.m2/repository/io/fabric8/kubernetes-model-gatewayapi/7.1.0/kubernetes-model-gatewayapi-7.1.0.jar:/home/runner/.m2/repository/io/fabric8/kubernetes-model-resource/7.1.0/kubernetes-model-resource-7.1.0.jar:/home/runner/.m2/repository/io/fabric8/kubernetes-model-rbac/7.1.0/kubernetes-model-rbac-7.1.0.jar:/home/runner/.m2/repository/io/fabric8/kubernetes-model-admissionregistration/7.1.0/kubernetes-model-admissionregistration-7.1.0.jar:/home/runner/.m2/repository/io/fabric8/kubernetes-model-apps/7.1.0/kubernetes-model-apps-7.1.0.jar:/home/runner/.m2/repository/io/fabric8/kubernetes-model-autoscaling/7.1.0/kubernetes-model-autoscaling-7.1.0.jar:/home/runner/.m2/repository/io/fabric8/kubernetes-model-apiextensions/7.1.0/kubernetes-model-apiextensions-7.1.0.jar:/home/runner/.m2/repository/io/fabric8/kubernetes-model-batch/7.1.0/kubernetes-model-batch-7.1.0.jar:/home/runner/.m2/repository/io/fabric8/kubernetes-model-certificates/7.1.0/kubernetes-model-certificates-7.1.0.jar:/home/runner/.m2/repository/io/fabric8/kubernetes-model-coordination/7.1.0/kubernetes-model-coordination-7.1.0.jar:/home/runner/.m2/repository/io/fabric8/kubernetes-model-discovery/7.1.0/kubernetes-model-discovery-7.1.0.jar:/home/runner/.m2/repository/io/fabric8/kubernetes-model-events/7.1.0/kubernetes-model-events-7.1.0.jar:/home/runner/.m2/repository/io/fabric8/kubernetes-model-extensions/7.1.0/kubernetes-model-extensions-7.1.0.jar:/home/runner/.m2/repository/io/fabric8/kubernetes-model-flowcontrol/7.1.0/kubernetes-model-flowcontrol-7.1.0.jar:/home/runner/.m2/repository/io/fabric8/kubernetes-model-networking/7.1.0/kubernetes-model-networking-7.1.0.jar:/home/runner/.m2/repository/io/fabric8/kubernetes-model-metrics/7.1.0/kubernetes-model-metrics-7.1.0.jar:/home/runner/.m2/repository/io/fabric8/kubernetes-model-policy/7.1.0/kubernetes-model-policy-7.1.0.jar:/home/runner/.m2/repository/io/fabric8/kubernetes-model-scheduling/7.1.0/kubernetes-model-scheduling-7.1.0.jar:/home/runner/.m2/repository/io/fabric8/kubernetes-model-storageclass/7.1.0/kubernetes-model-storageclass-7.1.0.jar:/home/runner/.m2/repository/io/fabric8/kubernetes-model-node/7.1.0/kubernetes-model-node-7.1.0.jar:/home/runner/.m2/repository/org/snakeyaml/snakeyaml-engine/2.9/snakeyaml-engine-2.9.jar:/home/runner/.m2/repository/com/fasterxml/jackson/dataformat/jackson-dataformat-yaml/2.18.2/jackson-dataformat-yaml-2.18.2.jar:/home/runner/.m2/repository/com/fasterxml/jackson/datatype/jackson-datatype-jsr310/2.18.2/jackson-datatype-jsr310-2.18.2.jar:/home/runner/.m2/repository/io/fabric8/zjsonpatch/7.1.0/zjsonpatch-7.1.0.jar:/home/runner/.m2/repository/io/fabric8/kubernetes-httpclient-vertx/7.1.0/kubernetes-httpclient-vertx-7.1.0.jar:/home/runner/.m2/repository/io/vertx/vertx-web-client/4.5.16/vertx-web-client-4.5.16.jar:/home/runner/.m2/repository/io/vertx/vertx-web-common/4.5.16/vertx-web-common-4.5.16.jar:/home/runner/.m2/repository/io/vertx/vertx-auth-common/4.5.16/vertx-auth-common-4.5.16.jar:/home/runner/.m2/repository/io/vertx/vertx-uri-template/4.5.16/vertx-uri-template-4.5.16.jar:/home/runner/.m2/repository/io/fabric8/openshift-client/7.1.0/openshift-client-7.1.0.jar:/home/runner/.m2/repository/io/fabric8/openshift-client-api/7.1.0/openshift-client-api-7.1.0.jar:/home/runner/.m2/repository/io/fabric8/openshift-model/7.1.0/openshift-model-7.1.0.jar:/home/runner/.m2/repository/io/fabric8/openshift-model-autoscaling/7.1.0/openshift-model-autoscaling-7.1.0.jar:/home/runner/.m2/repository/io/fabric8/openshift-model-operator/7.1.0/openshift-model-operator-7.1.0.jar:/home/runner/.m2/repository/io/fabric8/openshift-model-operatorhub/7.1.0/openshift-model-operatorhub-7.1.0.jar:/home/runner/.m2/repository/io/fabric8/openshift-model-machine/7.1.0/openshift-model-machine-7.1.0.jar:/home/runner/.m2/repository/io/fabric8/openshift-model-whereabouts/7.1.0/openshift-model-whereabouts-7.1.0.jar:/home/runner/.m2/repository/io/fabric8/openshift-model-monitoring/7.1.0/openshift-model-monitoring-7.1.0.jar:/home/runner/.m2/repository/io/fabric8/openshift-model-storageversionmigrator/7.1.0/openshift-model-storageversionmigrator-7.1.0.jar:/home/runner/.m2/repository/io/fabric8/openshift-model-tuned/7.1.0/openshift-model-tuned-7.1.0.jar:/home/runner/.m2/repository/io/fabric8/openshift-model-console/7.1.0/openshift-model-console-7.1.0.jar:/home/runner/.m2/repository/io/fabric8/openshift-model-config/7.1.0/openshift-model-config-7.1.0.jar:/home/runner/.m2/repository/io/fabric8/openshift-model-machineconfiguration/7.1.0/openshift-model-machineconfiguration-7.1.0.jar:/home/runner/.m2/repository/io/fabric8/openshift-model-miscellaneous/7.1.0/openshift-model-miscellaneous-7.1.0.jar:/home/runner/.m2/repository/io/fabric8/openshift-model-hive/7.1.0/openshift-model-hive-7.1.0.jar:/home/runner/.m2/repository/io/fabric8/openshift-model-installer/7.1.0/openshift-model-installer-7.1.0.jar:/home/runner/.m2/repository/org/junit/platform/junit-platform-launcher/1.12.1/junit-platform-launcher-1.12.1.jar:/home/runner/.m2/repository/org/junit/platform/junit-platform-engine/1.12.1/junit-platform-engine-1.12.1.jar:/home/runner/.m2/repository/org/opentest4j/opentest4j/1.3.0/opentest4j-1.3.0.jar:/home/runner/.m2/repository/org/junit/platform/junit-platform-commons/1.12.1/junit-platform-commons-1.12.1.jar:/home/runner/.m2/repository/org/apiguardian/apiguardian-api/1.1.2/apiguardian-api-1.1.2.jar:/home/runner/.m2/repository/jakarta/ws/rs/jakarta.ws.rs-api/3.1.0/jakarta.ws.rs-api-3.1.0.jar:/home/runner/work/apicurio-testing/apicurio-testing/clusters/ci419/namespaces/ksql043/tests/integration/apicurio-registry/java-sdk/target/apicurio-registry-java-sdk-3.0.12-SNAPSHOT.jar:/home/runner/.m2/repository/com/microsoft/kiota/microsoft-kiota-abstractions/1.8.9/microsoft-kiota-abstractions-1.8.9.jar:/home/runner/.m2/repository/io/github/std-uritemplate/std-uritemplate/2.0.0/std-uritemplate-2.0.0.jar:/home/runner/.m2/repository/io/kiota/kiota-http-jdk/0.0.29/kiota-http-jdk-0.0.29.jar:/home/runner/.m2/repository/io/kiota/kiota-http-vertx/0.0.29/kiota-http-vertx-0.0.29.jar:/home/runner/.m2/repository/io/kiota/kiota-serialization-jackson/0.0.29/kiota-serialization-jackson-0.0.29.jar:/home/runner/.m2/repository/com/microsoft/kiota/microsoft-kiota-serialization-text/1.8.9/microsoft-kiota-serialization-text-1.8.9.jar:/home/runner/.m2/repository/com/microsoft/kiota/microsoft-kiota-serialization-form/1.8.9/microsoft-kiota-serialization-form-1.8.9.jar:/home/runner/.m2/repository/com/microsoft/kiota/microsoft-kiota-serialization-multipart/1.8.9/microsoft-kiota-serialization-multipart-1.8.9.jar:/home/runner/.m2/repository/jakarta/annotation/jakarta.annotation-api/3.0.0/jakarta.annotation-api-3.0.0.jar:/home/runner/.m2/repository/io/vertx/vertx-auth-oauth2/4.5.16/vertx-auth-oauth2-4.5.16.jar:/home/runner/work/apicurio-testing/apicurio-testing/clusters/ci419/namespaces/ksql043/tests/integration/apicurio-registry/java-sdk-v2/target/apicurio-registry-v2-java-sdk-3.0.12-SNAPSHOT.jar:/home/runner/work/apicurio-testing/apicurio-testing/clusters/ci419/namespaces/ksql043/tests/integration/apicurio-registry/utils/kafka/target/apicurio-registry-utils-kafka-3.0.12-SNAPSHOT-tests.jar:/home/runner/.m2/repository/org/eclipse/microprofile/config/microprofile-config-api/3.1/microprofile-config-api-3.1.jar:/home/runner/.m2/repository/org/apache/kafka/kafka-clients/3.9.1/kafka-clients-3.9.1.jar:/home/runner/.m2/repository/com/github/luben/zstd-jni/1.5.6-4/zstd-jni-1.5.6-4.jar:/home/runner/.m2/repository/org/lz4/lz4-java/1.8.0/lz4-java-1.8.0.jar:/home/runner/.m2/repository/org/xerial/snappy/snappy-java/1.1.10.5/snappy-java-1.1.10.5.jar:/home/runner/.m2/repository/org/slf4j/slf4j-api/2.0.6/slf4j-api-2.0.6.jar:/home/runner/work/apicurio-testing/apicurio-testing/clusters/ci419/namespaces/ksql043/tests/integration/apicurio-registry/utils/tests/target/apicurio-registry-utils-tests-3.0.12-SNAPSHOT.jar:/home/runner/work/apicurio-testing/apicurio-testing/clusters/ci419/namespaces/ksql043/tests/integration/apicurio-registry/common/target/apicurio-registry-common-3.0.12-SNAPSHOT.jar:/home/runner/.m2/repository/jakarta/validation/jakarta.validation-api/3.0.2/jakarta.validation-api-3.0.2.jar:/home/runner/.m2/repository/com/github/dasniko/testcontainers-keycloak/3.8.0/testcontainers-keycloak-3.8.0.jar:/home/runner/.m2/repository/org/testcontainers/testcontainers/1.20.6/testcontainers-1.20.6.jar:/home/runner/.m2/repository/org/rnorth/duct-tape/duct-tape/1.0.8/duct-tape-1.0.8.jar:/home/runner/.m2/repository/com/github/docker-java/docker-java-transport-zerodep/3.4.1/docker-java-transport-zerodep-3.4.1.jar:/home/runner/.m2/repository/com/github/docker-java/docker-java-transport/3.4.1/docker-java-transport-3.4.1.jar:/home/runner/.m2/repository/net/java/dev/jna/jna/5.8.0/jna-5.8.0.jar:/home/runner/.m2/repository/io/quarkus/quarkus-junit4-mock/3.20.2/quarkus-junit4-mock-3.20.2.jar:/home/runner/.m2/repository/org/jboss/shrinkwrap/shrinkwrap-api/2.0.0-beta-2/shrinkwrap-api-2.0.0-beta-2.jar:/home/runner/.m2/repository/org/jboss/shrinkwrap/shrinkwrap-impl-base/2.0.0-beta-2/shrinkwrap-impl-base-2.0.0-beta-2.jar:/home/runner/.m2/repository/org/jboss/shrinkwrap/shrinkwrap-spi/2.0.0-beta-2/shrinkwrap-spi-2.0.0-beta-2.jar:/home/runner/.m2/repository/org/keycloak/keycloak-admin-client/26.0.4/keycloak-admin-client-26.0.4.jar:/home/runner/.m2/repository/org/keycloak/keycloak-client-common-synced/26.0.4/keycloak-client-common-synced-26.0.4.jar:/home/runner/.m2/repository/jakarta/activation/jakarta.activation-api/2.1.3/jakarta.activation-api-2.1.3.jar:/home/runner/.m2/repository/org/eclipse/microprofile/openapi/microprofile-openapi-api/4.0.2/microprofile-openapi-api-4.0.2.jar:/home/runner/.m2/repository/org/jboss/resteasy/resteasy-client/6.2.12.Final/resteasy-client-6.2.12.Final.jar:/home/runner/.m2/repository/org/jboss/resteasy/resteasy-client-api/6.2.12.Final/resteasy-client-api-6.2.12.Final.jar:/home/runner/.m2/repository/org/jboss/resteasy/resteasy-core-spi/6.2.12.Final/resteasy-core-spi-6.2.12.Final.jar:/home/runner/.m2/repository/org/jboss/resteasy/resteasy-core/6.2.12.Final/resteasy-core-6.2.12.Final.jar:/home/runner/.m2/repository/org/eclipse/angus/angus-activation/2.0.2/angus-activation-2.0.2.jar:/home/runner/.m2/repository/com/ibm/async/asyncutil/0.1.0/asyncutil-0.1.0.jar:/home/runner/.m2/repository/org/reactivestreams/reactive-streams/1.0.4/reactive-streams-1.0.4.jar:/home/runner/.m2/repository/org/jboss/resteasy/resteasy-multipart-provider/6.2.12.Final/resteasy-multipart-provider-6.2.12.Final.jar:/home/runner/.m2/repository/jakarta/mail/jakarta.mail-api/2.1.3/jakarta.mail-api-2.1.3.jar:/home/runner/.m2/repository/org/eclipse/angus/angus-mail/2.0.3/angus-mail-2.0.3.jar:/home/runner/.m2/repository/org/apache/james/apache-mime4j-dom/0.8.12/apache-mime4j-dom-0.8.12.jar:/home/runner/.m2/repository/org/apache/james/apache-mime4j-core/0.8.12/apache-mime4j-core-0.8.12.jar:/home/runner/.m2/repository/org/apache/james/apache-mime4j-storage/0.8.12/apache-mime4j-storage-0.8.12.jar:/home/runner/.m2/repository/org/jboss/resteasy/resteasy-jackson2-provider/6.2.12.Final/resteasy-jackson2-provider-6.2.12.Final.jar:/home/runner/.m2/repository/com/fasterxml/jackson/jakarta/rs/jackson-jakarta-rs-base/2.18.2/jackson-jakarta-rs-base-2.18.2.jar:/home/runner/.m2/repository/com/fasterxml/jackson/jakarta/rs/jackson-jakarta-rs-json-provider/2.18.2/jackson-jakarta-rs-json-provider-2.18.2.jar:/home/runner/.m2/repository/com/fasterxml/jackson/module/jackson-module-jakarta-xmlbind-annotations/2.18.2/jackson-module-jakarta-xmlbind-annotations-2.18.2.jar:/home/runner/.m2/repository/com/github/java-json-tools/json-patch/1.13/json-patch-1.13.jar:/home/runner/.m2/repository/com/github/java-json-tools/msg-simple/1.2/msg-simple-1.2.jar:/home/runner/.m2/repository/com/github/java-json-tools/btf/1.3/btf-1.3.jar:/home/runner/.m2/repository/com/github/java-json-tools/jackson-coreutils/2.0/jackson-coreutils-2.0.jar:/home/runner/.m2/repository/org/jboss/resteasy/resteasy-jaxb-provider/6.2.12.Final/resteasy-jaxb-provider-6.2.12.Final.jar:/home/runner/.m2/repository/org/glassfish/jaxb/codemodel/4.0.5/codemodel-4.0.5.jar:/home/runner/.m2/repository/org/glassfish/jaxb/jaxb-core/4.0.5/jaxb-core-4.0.5.jar:/home/runner/.m2/repository/org/glassfish/jaxb/jaxb-jxc/4.0.5/jaxb-jxc-4.0.5.jar:/home/runner/.m2/repository/org/glassfish/jaxb/jaxb-runtime/4.0.5/jaxb-runtime-4.0.5.jar:/home/runner/.m2/repository/org/glassfish/jaxb/txw2/4.0.5/txw2-4.0.5.jar:/home/runner/.m2/repository/org/glassfish/jaxb/jaxb-xjc/4.0.5/jaxb-xjc-4.0.5.jar:/home/runner/.m2/repository/org/glassfish/jaxb/xsom/4.0.5/xsom-4.0.5.jar:/home/runner/.m2/repository/com/sun/istack/istack-commons-runtime/4.1.2/istack-commons-runtime-4.1.2.jar:/home/runner/.m2/repository/com/sun/istack/istack-commons-tools/4.1.2/istack-commons-tools-4.1.2.jar:/home/runner/.m2/repository/com/sun/xml/bind/external/relaxng-datatype/4.0.5/relaxng-datatype-4.0.5.jar:/home/runner/.m2/repository/com/sun/xml/bind/external/rngom/4.0.5/rngom-4.0.5.jar:/home/runner/.m2/repository/org/testcontainers/mssqlserver/1.20.6/mssqlserver-1.20.6.jar:/home/runner/.m2/repository/org/testcontainers/jdbc/1.20.6/jdbc-1.20.6.jar:/home/runner/.m2/repository/org/testcontainers/database-commons/1.20.6/database-commons-1.20.6.jar:/home/runner/.m2/repository/org/testcontainers/mysql/1.20.6/mysql-1.20.6.jar:/home/runner/.m2/repository/io/strimzi/strimzi-test-container/0.111.0/strimzi-test-container-0.111.0.jar:/home/runner/.m2/repository/org/testcontainers/toxiproxy/1.20.6/toxiproxy-1.20.6.jar:/home/runner/.m2/repository/com/github/docker-java/docker-java-api/3.4.1/docker-java-api-3.4.1.jar:/home/runner/.m2/repository/org/apache/logging/log4j/log4j-slf4j-impl/2.19.0/log4j-slf4j-impl-2.19.0.jar:/home/runner/.m2/repository/org/apache/logging/log4j/log4j-api/2.24.3/log4j-api-2.24.3.jar:/home/runner/.m2/repository/org/apache/logging/log4j/log4j-core/2.19.0/log4j-core-2.19.0.jar:/home/runner/.m2/repository/eu/rekawek/toxiproxy/toxiproxy-java/2.1.7/toxiproxy-java-2.1.7.jar:/home/runner/.m2/repository/org/testcontainers/pulsar/1.21.3/pulsar-1.21.3.jar:/home/runner/.m2/repository/io/debezium/debezium-testing-testcontainers/2.7.4.Final/debezium-testing-testcontainers-2.7.4.Final.jar:/home/runner/.m2/repository/org/testcontainers/kafka/1.20.6/kafka-1.20.6.jar:/home/runner/.m2/repository/com/squareup/okhttp3/okhttp/4.8.1/okhttp-4.8.1.jar:/home/runner/.m2/repository/com/squareup/okio/okio/3.10.2/okio-3.10.2.jar:/home/runner/.m2/repository/com/squareup/okio/okio-jvm/3.10.2/okio-jvm-3.10.2.jar:/home/runner/.m2/repository/org/jetbrains/kotlin/kotlin-stdlib/2.0.21/kotlin-stdlib-2.0.21.jar:/home/runner/.m2/repository/org/awaitility/awaitility/4.3.0/awaitility-4.3.0.jar:/home/runner/.m2/repository/org/testcontainers/mongodb/1.20.6/mongodb-1.20.6.jar:/home/runner/.m2/repository/org/testcontainers/mariadb/1.20.6/mariadb-1.20.6.jar:/home/runner/.m2/repository/org/testcontainers/oracle-xe/1.20.6/oracle-xe-1.20.6.jar:/home/runner/.m2/repository/org/testcontainers/postgresql/1.20.6/postgresql-1.20.6.jar:/home/runner/.m2/repository/org/wiremock/wiremock/3.0.1/wiremock-3.0.1.jar:/home/runner/.m2/repository/org/eclipse/jetty/jetty-server/11.0.15/jetty-server-11.0.15.jar:/home/runner/.m2/repository/org/eclipse/jetty/toolchain/jetty-jakarta-servlet-api/5.0.2/jetty-jakarta-servlet-api-5.0.2.jar:/home/runner/.m2/repository/org/eclipse/jetty/jetty-http/11.0.15/jetty-http-11.0.15.jar:/home/runner/.m2/repository/org/eclipse/jetty/jetty-io/11.0.15/jetty-io-11.0.15.jar:/home/runner/.m2/repository/org/eclipse/jetty/jetty-servlet/11.0.15/jetty-servlet-11.0.15.jar:/home/runner/.m2/repository/org/eclipse/jetty/jetty-security/11.0.15/jetty-security-11.0.15.jar:/home/runner/.m2/repository/org/eclipse/jetty/jetty-servlets/11.0.15/jetty-servlets-11.0.15.jar:/home/runner/.m2/repository/org/eclipse/jetty/jetty-util/11.0.15/jetty-util-11.0.15.jar:/home/runner/.m2/repository/org/eclipse/jetty/jetty-webapp/11.0.15/jetty-webapp-11.0.15.jar:/home/runner/.m2/repository/org/eclipse/jetty/jetty-xml/11.0.15/jetty-xml-11.0.15.jar:/home/runner/.m2/repository/org/eclipse/jetty/jetty-proxy/11.0.15/jetty-proxy-11.0.15.jar:/home/runner/.m2/repository/org/eclipse/jetty/jetty-client/11.0.15/jetty-client-11.0.15.jar:/home/runner/.m2/repository/org/eclipse/jetty/http2/http2-server/11.0.15/http2-server-11.0.15.jar:/home/runner/.m2/repository/org/eclipse/jetty/http2/http2-common/11.0.15/http2-common-11.0.15.jar:/home/runner/.m2/repository/org/eclipse/jetty/http2/http2-hpack/11.0.15/http2-hpack-11.0.15.jar:/home/runner/.m2/repository/org/eclipse/jetty/jetty-alpn-server/11.0.15/jetty-alpn-server-11.0.15.jar:/home/runner/.m2/repository/org/eclipse/jetty/jetty-alpn-java-server/11.0.15/jetty-alpn-java-server-11.0.15.jar:/home/runner/.m2/repository/org/eclipse/jetty/jetty-alpn-java-client/11.0.15/jetty-alpn-java-client-11.0.15.jar:/home/runner/.m2/repository/org/eclipse/jetty/jetty-alpn-client/11.0.15/jetty-alpn-client-11.0.15.jar:/home/runner/.m2/repository/org/apache/httpcomponents/client5/httpclient5/5.2.1/httpclient5-5.2.1.jar:/home/runner/.m2/repository/org/apache/httpcomponents/core5/httpcore5/5.2/httpcore5-5.2.jar:/home/runner/.m2/repository/org/apache/httpcomponents/core5/httpcore5-h2/5.2/httpcore5-h2-5.2.jar:/home/runner/.m2/repository/org/xmlunit/xmlunit-core/2.9.1/xmlunit-core-2.9.1.jar:/home/runner/.m2/repository/jakarta/xml/bind/jakarta.xml.bind-api/4.0.2/jakarta.xml.bind-api-4.0.2.jar:/home/runner/.m2/repository/org/xmlunit/xmlunit-legacy/2.9.1/xmlunit-legacy-2.9.1.jar:/home/runner/.m2/repository/org/xmlunit/xmlunit-placeholders/2.9.1/xmlunit-placeholders-2.9.1.jar:/home/runner/.m2/repository/net/javacrumbs/json-unit/json-unit-core/2.38.0/json-unit-core-2.38.0.jar:/home/runner/.m2/repository/org/hamcrest/hamcrest-core/2.2/hamcrest-core-2.2.jar:/home/runner/.m2/repository/com/jayway/jsonpath/json-path/2.8.0/json-path-2.8.0.jar:/home/runner/.m2/repository/net/minidev/json-smart/2.4.10/json-smart-2.4.10.jar:/home/runner/.m2/repository/net/minidev/accessors-smart/2.4.9/accessors-smart-2.4.9.jar:/home/runner/.m2/repository/org/ow2/asm/asm/9.7.1/asm-9.7.1.jar:/home/runner/.m2/repository/net/sf/jopt-simple/jopt-simple/5.0.4/jopt-simple-5.0.4.jar:/home/runner/.m2/repository/com/github/jknack/handlebars/4.3.1/handlebars-4.3.1.jar:/home/runner/.m2/repository/com/github/jknack/handlebars-helpers/4.3.1/handlebars-helpers-4.3.1.jar:/home/runner/.m2/repository/commons-fileupload/commons-fileupload/1.5/commons-fileupload-1.5.jar:/home/runner/.m2/repository/com/networknt/json-schema-validator/1.5.8/json-schema-validator-1.5.8.jar:/home/runner/.m2/repository/com/ethlo/time/itu/1.10.3/itu-1.10.3.jar:/home/runner/.m2/repository/io/quarkus/quarkus-smallrye-jwt-build/3.20.2/quarkus-smallrye-jwt-build-3.20.2.jar:/home/runner/.m2/repository/io/smallrye/smallrye-jwt-build/4.6.2/smallrye-jwt-build-4.6.2.jar:/home/runner/.m2/repository/org/eclipse/microprofile/jwt/microprofile-jwt-auth-api/2.1/microprofile-jwt-auth-api-2.1.jar:/home/runner/.m2/repository/org/bitbucket/b_c/jose4j/0.9.6/jose4j-0.9.6.jar:/home/runner/.m2/repository/io/smallrye/smallrye-jwt-common/4.6.2/smallrye-jwt-common-4.6.2.jar:/home/runner/.m2/repository/io/quarkus/quarkus-jsonp/3.20.2/quarkus-jsonp-3.20.2.jar:/home/runner/.m2/repository/io/quarkus/quarkus-arc/3.20.2/quarkus-arc-3.20.2.jar:/home/runner/.m2/repository/io/quarkus/arc/arc/3.20.2/arc-3.20.2.jar:/home/runner/.m2/repository/jakarta/transaction/jakarta.transaction-api/2.0.1/jakarta.transaction-api-2.0.1.jar:/home/runner/.m2/repository/io/smallrye/reactive/mutiny/2.9.2/mutiny-2.9.2.jar:/home/runner/.m2/repository/org/jctools/jctools-core/4.0.5/jctools-core-4.0.5.jar:/home/runner/.m2/repository/org/eclipse/microprofile/context-propagation/microprofile-context-propagation-api/1.3/microprofile-context-propagation-api-1.3.jar:/home/runner/.m2/repository/io/apicurio/apicurio-common-rest-client-common/0.1.18.Final/apicurio-common-rest-client-common-0.1.18.Final.jar:/home/runner/work/apicurio-testing/apicurio-testing/clusters/ci419/namespaces/ksql043/tests/integration/apicurio-registry/utils/maven-plugin/target/apicurio-registry-maven-plugin-3.0.12-SNAPSHOT.jar:/home/runner/.m2/repository/com/fasterxml/jackson/core/jackson-databind/2.18.2/jackson-databind-2.18.2.jar:/home/runner/.m2/repository/org/apache/avro/avro/1.12.0/avro-1.12.0.jar:/home/runner/.m2/repository/com/google/protobuf/protobuf-java/4.31.1/protobuf-java-4.31.1.jar:/home/runner/.m2/repository/com/google/protobuf/protobuf-java-util/4.31.1/protobuf-java-util-4.31.1.jar:/home/runner/.m2/repository/com/google/code/findbugs/jsr305/3.0.2/jsr305-3.0.2.jar:/home/runner/.m2/repository/com/google/code/gson/gson/2.12.1/gson-2.12.1.jar:/home/runner/.m2/repository/com/google/errorprone/error_prone_annotations/2.36.0/error_prone_annotations-2.36.0.jar:/home/runner/.m2/repository/com/google/j2objc/j2objc-annotations/2.8/j2objc-annotations-2.8.jar:/home/runner/work/apicurio-testing/apicurio-testing/clusters/ci419/namespaces/ksql043/tests/integration/apicurio-registry/schema-util/util-provider/target/apicurio-registry-schema-util-provider-3.0.12-SNAPSHOT.jar:/home/runner/work/apicurio-testing/apicurio-testing/clusters/ci419/namespaces/ksql043/tests/integration/apicurio-registry/schema-util/common/target/apicurio-registry-schema-util-common-3.0.12-SNAPSHOT.jar:/home/runner/.m2/repository/com/fasterxml/jackson/module/jackson-module-parameter-names/2.18.2/jackson-module-parameter-names-2.18.2.jar:/home/runner/.m2/repository/com/fasterxml/jackson/datatype/jackson-datatype-json-org/2.18.2/jackson-datatype-json-org-2.18.2.jar:/home/runner/work/apicurio-testing/apicurio-testing/clusters/ci419/namespaces/ksql043/tests/integration/apicurio-registry/schema-util/json/target/apicurio-registry-schema-util-json-3.0.12-SNAPSHOT.jar:/home/runner/.m2/repository/com/github/erosb/everit-json-schema/1.14.5/everit-json-schema-1.14.5.jar:/home/runner/.m2/repository/commons-validator/commons-validator/1.9.0/commons-validator-1.9.0.jar:/home/runner/.m2/repository/commons-digester/commons-digester/2.1/commons-digester-2.1.jar:/home/runner/.m2/repository/commons-collections/commons-collections/3.2.2/commons-collections-3.2.2.jar:/home/runner/.m2/repository/com/damnhandy/handy-uri-templates/2.1.8/handy-uri-templates-2.1.8.jar:/home/runner/.m2/repository/joda-time/joda-time/2.10.2/joda-time-2.10.2.jar:/home/runner/.m2/repository/com/github/erosb/json-sKema/0.20.0/json-sKema-0.20.0.jar:/home/runner/.m2/repository/io/vertx/vertx-json-schema/4.5.16/vertx-json-schema-4.5.16.jar:/home/runner/work/apicurio-testing/apicurio-testing/clusters/ci419/namespaces/ksql043/tests/integration/apicurio-registry/schema-util/protobuf/target/apicurio-registry-schema-util-protobuf-3.0.12-SNAPSHOT.jar:/home/runner/work/apicurio-testing/apicurio-testing/clusters/ci419/namespaces/ksql043/tests/integration/apicurio-registry/utils/protobuf-schema-utilities/target/apicurio-registry-protobuf-schema-utilities-3.0.12-SNAPSHOT.jar:/home/runner/.m2/repository/com/google/api/grpc/proto-google-common-protos/2.52.0/proto-google-common-protos-2.52.0.jar:/home/runner/.m2/repository/com/squareup/wire/wire-schema-jvm/5.3.3/wire-schema-jvm-5.3.3.jar:/home/runner/.m2/repository/com/palantir/javapoet/javapoet/0.6.0/javapoet-0.6.0.jar:/home/runner/.m2/repository/com/squareup/kotlinpoet-jvm/2.0.0/kotlinpoet-jvm-2.0.0.jar:/home/runner/.m2/repository/org/jetbrains/kotlin/kotlin-reflect/2.0.21/kotlin-reflect-2.0.21.jar:/home/runner/.m2/repository/com/squareup/wire/wire-runtime-jvm/5.3.3/wire-runtime-jvm-5.3.3.jar:/home/runner/.m2/repository/com/ibm/icu/icu4j/76.1/icu4j-76.1.jar:/home/runner/.m2/repository/com/squareup/okio/okio-fakefilesystem/3.10.2/okio-fakefilesystem-3.10.2.jar:/home/runner/.m2/repository/com/squareup/okio/okio-fakefilesystem-jvm/3.10.2/okio-fakefilesystem-jvm-3.10.2.jar:/home/runner/.m2/repository/org/jetbrains/kotlinx/kotlinx-datetime-jvm/0.6.1/kotlinx-datetime-jvm-0.6.1.jar:/home/runner/work/apicurio-testing/apicurio-testing/clusters/ci419/namespaces/ksql043/tests/integration/apicurio-registry/schema-util/asyncapi/target/apicurio-registry-schema-util-asyncapi-3.0.12-SNAPSHOT.jar:/home/runner/work/apicurio-testing/apicurio-testing/clusters/ci419/namespaces/ksql043/tests/integration/apicurio-registry/schema-util/avro/target/apicurio-registry-schema-util-avro-3.0.12-SNAPSHOT.jar:/home/runner/work/apicurio-testing/apicurio-testing/clusters/ci419/namespaces/ksql043/tests/integration/apicurio-registry/schema-util/graphql/target/apicurio-registry-schema-util-graphql-3.0.12-SNAPSHOT.jar:/home/runner/.m2/repository/com/graphql-java/graphql-java/22.4/graphql-java-22.4.jar:/home/runner/.m2/repository/com/graphql-java/java-dataloader/3.3.0/java-dataloader-3.3.0.jar:/home/runner/work/apicurio-testing/apicurio-testing/clusters/ci419/namespaces/ksql043/tests/integration/apicurio-registry/schema-util/kconnect/target/apicurio-registry-schema-util-kconnect-3.0.12-SNAPSHOT.jar:/home/runner/work/apicurio-testing/apicurio-testing/clusters/ci419/namespaces/ksql043/tests/integration/apicurio-registry/schema-util/openapi/target/apicurio-registry-schema-util-openapi-3.0.12-SNAPSHOT.jar:/home/runner/.m2/repository/io/apicurio/apicurio-data-models/2.2.2/apicurio-data-models-2.2.2.jar:/home/runner/.m2/repository/org/openapitools/openapidiff/openapi-diff-core/2.1.2/openapi-diff-core-2.1.2.jar:/home/runner/.m2/repository/io/swagger/parser/v3/swagger-parser/2.1.28/swagger-parser-2.1.28.jar:/home/runner/.m2/repository/io/swagger/parser/v3/swagger-parser-v2-converter/2.1.28/swagger-parser-v2-converter-2.1.28.jar:/home/runner/.m2/repository/io/swagger/swagger-core/1.6.16/swagger-core-1.6.16.jar:/home/runner/.m2/repository/io/swagger/swagger-models/1.6.16/swagger-models-1.6.16.jar:/home/runner/.m2/repository/io/swagger/swagger-annotations/1.6.16/swagger-annotations-1.6.16.jar:/home/runner/.m2/repository/io/swagger/swagger-parser/1.0.75/swagger-parser-1.0.75.jar:/home/runner/.m2/repository/io/swagger/swagger-parser-safe-url-resolver/1.0.75/swagger-parser-safe-url-resolver-1.0.75.jar:/home/runner/.m2/repository/io/swagger/swagger-compat-spec-parser/1.0.75/swagger-compat-spec-parser-1.0.75.jar:/home/runner/.m2/repository/com/github/java-json-tools/json-schema-validator/2.2.14/json-schema-validator-2.2.14.jar:/home/runner/.m2/repository/com/github/java-json-tools/jackson-coreutils-equivalence/1.0/jackson-coreutils-equivalence-1.0.jar:/home/runner/.m2/repository/com/github/java-json-tools/json-schema-core/1.2.14/json-schema-core-1.2.14.jar:/home/runner/.m2/repository/com/github/java-json-tools/uri-template/0.10/uri-template-0.10.jar:/home/runner/.m2/repository/com/googlecode/libphonenumber/libphonenumber/8.11.1/libphonenumber-8.11.1.jar:/home/runner/.m2/repository/com/j2html/j2html/1.6.0/j2html-1.6.0.jar:/home/runner/.m2/repository/org/apache/commons/commons-collections4/4.5.0/commons-collections4-4.5.0.jar:/home/runner/.m2/repository/org/slf4j/jcl-over-slf4j/2.0.17/jcl-over-slf4j-2.0.17.jar:/home/runner/.m2/repository/io/swagger/parser/v3/swagger-parser-v3/2.1.31/swagger-parser-v3-2.1.31.jar:/home/runner/.m2/repository/io/swagger/core/v3/swagger-models/2.2.34/swagger-models-2.2.34.jar:/home/runner/.m2/repository/io/swagger/core/v3/swagger-core/2.2.34/swagger-core-2.2.34.jar:/home/runner/.m2/repository/io/swagger/parser/v3/swagger-parser-core/2.1.31/swagger-parser-core-2.1.31.jar:/home/runner/.m2/repository/io/swagger/parser/v3/swagger-parser-safe-url-resolver/2.1.31/swagger-parser-safe-url-resolver-2.1.31.jar:/home/runner/work/apicurio-testing/apicurio-testing/clusters/ci419/namespaces/ksql043/tests/integration/apicurio-registry/schema-util/wsdl/target/apicurio-registry-schema-util-wsdl-3.0.12-SNAPSHOT.jar:/home/runner/.m2/repository/wsdl4j/wsdl4j/1.6.3/wsdl4j-1.6.3.jar:/home/runner/work/apicurio-testing/apicurio-testing/clusters/ci419/namespaces/ksql043/tests/integration/apicurio-registry/schema-util/xml/target/apicurio-registry-schema-util-xml-3.0.12-SNAPSHOT.jar:/home/runner/.m2/repository/org/apache/santuario/xmlsec/4.0.4/xmlsec-4.0.4.jar:/home/runner/.m2/repository/com/fasterxml/woodstox/woodstox-core/7.1.1/woodstox-core-7.1.1.jar:/home/runner/.m2/repository/org/codehaus/woodstox/stax2-api/4.2.2/stax2-api-4.2.2.jar:/home/runner/work/apicurio-testing/apicurio-testing/clusters/ci419/namespaces/ksql043/tests/integration/apicurio-registry/schema-util/xsd/target/apicurio-registry-schema-util-xsd-3.0.12-SNAPSHOT.jar:/home/runner/work/apicurio-testing/apicurio-testing/clusters/ci419/namespaces/ksql043/tests/integration/apicurio-registry/serdes/kafka/jsonschema-serde/target/apicurio-registry-jsonschema-serde-kafka-3.0.12-SNAPSHOT.jar:/home/runner/work/apicurio-testing/apicurio-testing/clusters/ci419/namespaces/ksql043/tests/integration/apicurio-registry/serdes/kafka/serde-kafka-common/target/apicurio-registry-serde-kafka-common-3.0.12-SNAPSHOT.jar:/home/runner/work/apicurio-testing/apicurio-testing/clusters/ci419/namespaces/ksql043/tests/integration/apicurio-registry/serdes/generic/serde-common/target/apicurio-registry-serde-common-3.0.12-SNAPSHOT.jar:/home/runner/work/apicurio-testing/apicurio-testing/clusters/ci419/namespaces/ksql043/tests/integration/apicurio-registry/serdes/generic/serde-common-jsonschema/target/apicurio-registry-serde-common-jsonschema-3.0.12-SNAPSHOT.jar:/home/runner/.m2/repository/org/json/json/20250107/json-20250107.jar:/home/runner/work/apicurio-testing/apicurio-testing/clusters/ci419/namespaces/ksql043/tests/integration/apicurio-registry/serdes/kafka/avro-serde/target/apicurio-registry-avro-serde-kafka-3.0.12-SNAPSHOT.jar:/home/runner/work/apicurio-testing/apicurio-testing/clusters/ci419/namespaces/ksql043/tests/integration/apicurio-registry/serdes/generic/serde-common-avro/target/apicurio-registry-serde-common-avro-3.0.12-SNAPSHOT.jar:/home/runner/work/apicurio-testing/apicurio-testing/clusters/ci419/namespaces/ksql043/tests/integration/apicurio-registry/serdes/kafka/protobuf-serde/target/apicurio-registry-protobuf-serde-kafka-3.0.12-SNAPSHOT.jar:/home/runner/work/apicurio-testing/apicurio-testing/clusters/ci419/namespaces/ksql043/tests/integration/apicurio-registry/serdes/generic/serde-common-protobuf/target/apicurio-registry-serde-common-protobuf-3.0.12-SNAPSHOT.jar:/home/runner/.m2/repository/com/squareup/wire/wire-schema/5.3.3/wire-schema-5.3.3.jar:/home/runner/.m2/repository/com/squareup/wire/wire-runtime/5.3.3/wire-runtime-5.3.3.jar:/home/runner/work/apicurio-testing/apicurio-testing/clusters/ci419/namespaces/ksql043/tests/integration/apicurio-registry/serdes/pulsar/avro-serde/target/apicurio-registry-avro-serde-pulsar-3.0.12-SNAPSHOT.jar:/home/runner/.m2/repository/org/apache/pulsar/pulsar-functions-api/3.3.8/pulsar-functions-api-3.3.8.jar:/home/runner/work/apicurio-testing/apicurio-testing/clusters/ci419/namespaces/ksql043/tests/integration/apicurio-registry/serdes/nats/avro-serde/target/apicurio-registry-avro-serde-nats-3.0.12-SNAPSHOT.jar:/home/runner/.m2/repository/io/nats/jnats/2.21.4/jnats-2.21.4.jar:/home/runner/.m2/repository/org/bouncycastle/bcprov-lts8on/2.73.7/bcprov-lts8on-2.73.7.jar:/home/runner/.m2/repository/org/jetbrains/annotations/26.0.2/annotations-26.0.2.jar:/home/runner/work/apicurio-testing/apicurio-testing/clusters/ci419/namespaces/ksql043/tests/integration/apicurio-registry/utils/converter/target/apicurio-registry-utils-converter-3.0.12-SNAPSHOT.jar:/home/runner/work/apicurio-testing/apicurio-testing/clusters/ci419/namespaces/ksql043/tests/integration/apicurio-registry/schema-resolver/target/apicurio-registry-schema-resolver-3.0.12-SNAPSHOT.jar:/home/runner/.m2/repository/org/apache/kafka/connect-api/3.9.1/connect-api-3.9.1.jar:/home/runner/.m2/repository/javax/ws/rs/javax.ws.rs-api/2.1.1/javax.ws.rs-api-2.1.1.jar:/home/runner/.m2/repository/org/apache/kafka/connect-json/3.9.1/connect-json-3.9.1.jar:/home/runner/.m2/repository/com/fasterxml/jackson/datatype/jackson-datatype-jdk8/2.18.2/jackson-datatype-jdk8-2.18.2.jar:/home/runner/.m2/repository/com/fasterxml/jackson/module/jackson-module-afterburner/2.18.2/jackson-module-afterburner-2.18.2.jar:/home/runner/work/apicurio-testing/apicurio-testing/clusters/ci419/namespaces/ksql043/tests/integration/apicurio-registry/utils/kafka/target/apicurio-registry-utils-kafka-3.0.12-SNAPSHOT.jar:/home/runner/.m2/repository/org/apache/pulsar/pulsar-client/3.3.8/pulsar-client-3.3.8.jar:/home/runner/.m2/repository/org/apache/pulsar/pulsar-client-api/3.3.8/pulsar-client-api-3.3.8.jar:/home/runner/.m2/repository/org/apache/pulsar/pulsar-client-admin-api/3.3.8/pulsar-client-admin-api-3.3.8.jar:/home/runner/.m2/repository/org/apache/pulsar/bouncy-castle-bc/3.3.8/bouncy-castle-bc-3.3.8-pkg.jar:/home/runner/.m2/repository/org/bouncycastle/bcpkix-jdk18on/1.81/bcpkix-jdk18on-1.81.jar:/home/runner/.m2/repository/org/bouncycastle/bcutil-jdk18on/1.81/bcutil-jdk18on-1.81.jar:/home/runner/.m2/repository/org/bouncycastle/bcprov-jdk18on/1.81/bcprov-jdk18on-1.81.jar:/home/runner/.m2/repository/io/opentelemetry/opentelemetry-api/1.44.1/opentelemetry-api-1.44.1.jar:/home/runner/.m2/repository/io/opentelemetry/opentelemetry-context/1.44.1/opentelemetry-context-1.44.1.jar:/home/runner/.m2/repository/io/opentelemetry/opentelemetry-api-incubator/1.44.1-alpha/opentelemetry-api-incubator-1.44.1-alpha.jar:/home/runner/.m2/repository/com/fasterxml/jackson/core/jackson-annotations/2.18.2/jackson-annotations-2.18.2.jar:/home/runner/.m2/repository/javax/validation/validation-api/1.1.0.Final/validation-api-1.1.0.Final.jar:/home/runner/.m2/repository/org/jspecify/jspecify/1.0.0/jspecify-1.0.0.jar:/home/runner/.m2/repository/org/apache/commons/commons-configuration2/2.12.0/commons-configuration2-2.12.0.jar:/home/runner/.m2/repository/commons-logging/commons-logging/1.3.5/commons-logging-1.3.5.jar:/home/runner/.m2/repository/org/apache/commons/commons-text/1.13.0/commons-text-1.13.0.jar:/home/runner/.m2/repository/io/confluent/kafka-avro-serializer/8.0.0/kafka-avro-serializer-8.0.0.jar:/home/runner/.m2/repository/org/apache/commons/commons-compress/1.27.1/commons-compress-1.27.1.jar:/home/runner/.m2/repository/io/confluent/kafka-schema-serializer/8.0.0/kafka-schema-serializer-8.0.0.jar:/home/runner/.m2/repository/com/fasterxml/jackson/dataformat/jackson-dataformat-csv/2.18.2/jackson-dataformat-csv-2.18.2.jar:/home/runner/.m2/repository/io/confluent/kafka-schema-registry-client/8.0.0/kafka-schema-registry-client-8.0.0.jar:/home/runner/.m2/repository/org/yaml/snakeyaml/2.3/snakeyaml-2.3.jar:/home/runner/.m2/repository/io/swagger/core/v3/swagger-annotations/2.2.29/swagger-annotations-2.2.29.jar:/home/runner/.m2/repository/com/google/guava/guava/33.4.0-jre/guava-33.4.0-jre.jar:/home/runner/.m2/repository/com/google/guava/failureaccess/1.0.1/failureaccess-1.0.1.jar:/home/runner/.m2/repository/org/checkerframework/checker-qual/3.49.0/checker-qual-3.49.0.jar:/home/runner/.m2/repository/io/confluent/logredactor/1.0.13/logredactor-1.0.13.jar:/home/runner/.m2/repository/com/google/re2j/re2j/1.6/re2j-1.6.jar:/home/runner/.m2/repository/io/confluent/logredactor-metrics/1.0.13/logredactor-metrics-1.0.13.jar:/home/runner/.m2/repository/com/eclipsesource/minimal-json/minimal-json/0.9.5/minimal-json-0.9.5.jar:/home/runner/.m2/repository/io/confluent/common-utils/8.0.0/common-utils-8.0.0.jar:/home/runner/.m2/repository/io/confluent/kafka-connect-avro-converter/8.0.0/kafka-connect-avro-converter-8.0.0.jar:/home/runner/.m2/repository/io/confluent/kafka-connect-avro-data/8.0.0/kafka-connect-avro-data-8.0.0.jar:/home/runner/.m2/repository/io/confluent/kafka-schema-converter/8.0.0/kafka-schema-converter-8.0.0.jar:/home/runner/.m2/repository/io/rest-assured/rest-assured/5.5.1/rest-assured-5.5.1.jar:/home/runner/.m2/repository/org/apache/groovy/groovy/4.0.22/groovy-4.0.22.jar:/home/runner/.m2/repository/org/apache/groovy/groovy-xml/4.0.22/groovy-xml-4.0.22.jar:/home/runner/.m2/repository/org/apache/httpcomponents/httpclient/4.5.14/httpclient-4.5.14.jar:/home/runner/.m2/repository/org/apache/httpcomponents/httpcore/4.4.16/httpcore-4.4.16.jar:/home/runner/.m2/repository/org/apache/httpcomponents/httpmime/4.5.14/httpmime-4.5.14.jar:/home/runner/.m2/repository/org/hamcrest/hamcrest/2.2/hamcrest-2.2.jar:/home/runner/.m2/repository/org/ccil/cowan/tagsoup/tagsoup/1.2.1/tagsoup-1.2.1.jar:/home/runner/.m2/repository/io/rest-assured/json-path/5.5.1/json-path-5.5.1.jar:/home/runner/.m2/repository/org/apache/groovy/groovy-json/4.0.22/groovy-json-4.0.22.jar:/home/runner/.m2/repository/io/rest-assured/rest-assured-common/5.5.1/rest-assured-common-5.5.1.jar:/home/runner/.m2/repository/io/rest-assured/xml-path/5.5.1/xml-path-5.5.1.jar:/home/runner/.m2/repository/io/zonky/test/embedded-postgres/2.1.0/embedded-postgres-2.1.0.jar:/home/runner/.m2/repository/io/zonky/test/postgres/embedded-postgres-binaries-windows-amd64/14.15.0/embedded-postgres-binaries-windows-amd64-14.15.0.jar:/home/runner/.m2/repository/io/zonky/test/postgres/embedded-postgres-binaries-darwin-amd64/14.15.0/embedded-postgres-binaries-darwin-amd64-14.15.0.jar:/home/runner/.m2/repository/io/zonky/test/postgres/embedded-postgres-binaries-linux-amd64/14.15.0/embedded-postgres-binaries-linux-amd64-14.15.0.jar:/home/runner/.m2/repository/io/zonky/test/postgres/embedded-postgres-binaries-linux-amd64-alpine/14.15.0/embedded-postgres-binaries-linux-amd64-alpine-14.15.0.jar:/home/runner/.m2/repository/org/apache/commons/commons-lang3/3.17.0/commons-lang3-3.17.0.jar:/home/runner/.m2/repository/org/tukaani/xz/1.10/xz-1.10.jar:/home/runner/.m2/repository/commons-codec/commons-codec/1.19.0/commons-codec-1.19.0.jar:/home/runner/.m2/repository/org/postgresql/postgresql/42.7.7/postgresql-42.7.7.jar:/home/runner/.m2/repository/commons-io/commons-io/2.18.0/commons-io-2.18.0.jar:/home/runner/work/apicurio-testing/apicurio-testing/clusters/ci419/namespaces/ksql043/tests/integration/apicurio-registry/utils/importexport/target/apicurio-registry-utils-import-export-3.0.12-SNAPSHOT.jar:/home/runner/.m2/repository/io/vertx/vertx-core/4.5.16/vertx-core-4.5.16.jar:/home/runner/.m2/repository/io/netty/netty-common/4.1.121.Final/netty-common-4.1.121.Final.jar:/home/runner/.m2/repository/io/netty/netty-buffer/4.1.121.Final/netty-buffer-4.1.121.Final.jar:/home/runner/.m2/repository/io/netty/netty-transport/4.1.121.Final/netty-transport-4.1.121.Final.jar:/home/runner/.m2/repository/io/netty/netty-handler/4.1.121.Final/netty-handler-4.1.121.Final.jar:/home/runner/.m2/repository/io/netty/netty-transport-native-unix-common/4.1.121.Final/netty-transport-native-unix-common-4.1.121.Final.jar:/home/runner/.m2/repository/io/netty/netty-codec/4.1.121.Final/netty-codec-4.1.121.Final.jar:/home/runner/.m2/repository/io/netty/netty-handler-proxy/4.1.121.Final/netty-handler-proxy-4.1.121.Final.jar:/home/runner/.m2/repository/io/netty/netty-codec-socks/4.1.121.Final/netty-codec-socks-4.1.121.Final.jar:/home/runner/.m2/repository/io/netty/netty-codec-http/4.1.121.Final/netty-codec-http-4.1.121.Final.jar:/home/runner/.m2/repository/io/netty/netty-codec-http2/4.1.121.Final/netty-codec-http2-4.1.121.Final.jar:/home/runner/.m2/repository/io/netty/netty-resolver/4.1.121.Final/netty-resolver-4.1.121.Final.jar:/home/runner/.m2/repository/io/netty/netty-resolver-dns/4.1.121.Final/netty-resolver-dns-4.1.121.Final.jar:/home/runner/.m2/repository/io/netty/netty-codec-dns/4.1.121.Final/netty-codec-dns-4.1.121.Final.jar:/home/runner/.m2/repository/com/fasterxml/jackson/core/jackson-core/2.18.2/jackson-core-2.18.2.jar:"/>
    <property name="sun.cpu.endian" value="little"/>
    <property name="user.home" value="/home/runner"/>
    <property name="user.language" value="en"/>
    <property name="jboss.log-version" value="false"/>
    <property name="java.specification.vendor" value="Oracle Corporation"/>
    <property name="java.version.date" value="2025-07-15"/>
    <property name="java.home" value="/usr/lib/jvm/temurin-17-jdk-amd64"/>
    <property name="file.separator" value="/"/>
    <property name="basedir" value="/home/runner/work/apicurio-testing/apicurio-testing/clusters/ci419/namespaces/ksql043/tests/integration/apicurio-registry/integration-tests"/>
    <property name="java.vm.compressedOopsMode" value="32-bit"/>
    <property name="line.separator" value="&#10;"/>
    <property name="java.specification.name" value="Java Platform API Specification"/>
    <property name="java.vm.specification.vendor" value="Oracle Corporation"/>
    <property name="quarkus.http.test-host" value="registry-app-ksql043.apps.ci419.apicurio-testing.org"/>
    <property name="surefire.real.class.path" value="/home/runner/work/apicurio-testing/apicurio-testing/clusters/ci419/namespaces/ksql043/tests/integration/apicurio-registry/integration-tests/target/surefire/surefirebooter-20250812172704490_3.jar"/>
    <property name="sun.management.compiler" value="HotSpot 64-Bit Tiered Compilers"/>
    <property name="org.eclipse.jetty.http.HttpGenerator.STRICT" value="true"/>
    <property name="java.runtime.version" value="17.0.16+8"/>
    <property name="user.name" value="runner"/>
    <property name="path.separator" value=":"/>
    <property name="os.version" value="6.8.0-1031-azure"/>
    <property name="java.runtime.name" value="OpenJDK Runtime Environment"/>
    <property name="file.encoding" value="UTF-8"/>
    <property name="jnidispatch.path" value="/home/runner/.cache/JNA/temp/jna11097128648257323193.tmp"/>
    <property name="java.vm.name" value="OpenJDK 64-Bit Server VM"/>
    <property name="jna.platform.library.path" value="/usr/lib/x86_64-linux-gnu:/lib/x86_64-linux-gnu:/usr/lib64:/lib64:/usr/lib:/lib:/lib32:/usr/local/lib:/usr/lib/x86_64-linux-gnu/libfakeroot"/>
    <property name="java.vendor.version" value="Temurin-17.0.16+8"/>
    <property name="quarkus.oidc.token-path" value="https://keycloak-ksql043.apps.ci419.apicurio-testing.org/realms/registry/protocol/openid-connect/token"/>
    <property name="quarkus.http.host" value="registry-app-ksql043.apps.ci419.apicurio-testing.org"/>
    <property name="localRepository" value="/home/runner/.m2/repository"/>
    <property name="javax.xml.xpath.XPathFactory:http://java.sun.com/jaxp/xpath/dom" value="com.sun.org.apache.xpath.internal.jaxp.XPathFactoryImpl"/>
    <property name="jna.loaded" value="true"/>
    <property name="java.vendor.url.bug" value="https://github.com/adoptium/adoptium-support/issues"/>
    <property name="jetty.git.hash" value="5bc5e562c8d05c5862505aebe5cf83a61bdbcb96"/>
    <property name="java.io.tmpdir" value="/tmp"/>
    <property name="quarkus.http.test-protocol" value="http"/>
    <property name="java.version" value="17.0.16"/>
    <property name="user.dir" value="/home/runner/work/apicurio-testing/apicurio-testing/clusters/ci419/namespaces/ksql043/tests/integration/apicurio-registry/integration-tests"/>
    <property name="os.arch" value="amd64"/>
    <property name="groups" value="( smoke | serdes | acceptance | ui)"/>
    <property name="java.vm.specification.name" value="Java Virtual Machine Specification"/>
    <property name="native.encoding" value="UTF-8"/>
    <property name="java.util.logging.manager" value="org.jboss.logmanager.LogManager"/>
    <property name="java.library.path" value="/usr/java/packages/lib:/usr/lib64:/lib64:/lib:/usr/lib"/>
    <property name="jdk.console" value="java.base"/>
    <property name="java.vm.info" value="mixed mode, sharing"/>
    <property name="java.vendor" value="Eclipse Adoptium"/>
    <property name="java.vm.version" value="17.0.16+8"/>
    <property name="java.specification.maintenance.version" value="1"/>
    <property name="sun.io.unicode.encoding" value="UnicodeLittle"/>
    <property name="javax.xml.transform.TransformerFactory" value="com.sun.org.apache.xalan.internal.xsltc.trax.TransformerFactoryImpl"/>
    <property name="java.class.version" value="61.0"/>
  </properties>
  <testcase name="testGlobalIdInHeaders" classname="io.apicurio.tests.serdes.apicurio.AvroSerdeIT" time="6.342">
    <system-out><![CDATA[**** Registry Base URL: http://registry-app-ksql043.apps.ci419.apicurio-testing.org:80
**** Registry Base URL: http://registry-app-ksql043.apps.ci419.apicurio-testing.org:80
2025-08-12 17:27:17,196 INFO  [io.api.tes.ser.api.AvroSerdeIT] (main) RestAssured configured with http://registry-app-ksql043.apps.ci419.apicurio-testing.org:80/apis/registry/v3
2025-08-12 17:27:17,263 INFO  [io.api.tes.uti.KafkaFacade] (main) Starting kafka container
2025-08-12 17:27:17,298 INFO  [org.tes.ima.PullPolicy] (main) Image pull policy will be performed by: DefaultPullPolicy()
2025-08-12 17:27:17,300 INFO  [org.tes.uti.ImageNameSubstitutor] (main) Image name substitution will be performed by: DefaultImageNameSubstitutor (composite of 'ConfigurationFileImageNameSubstitutor' and 'PrefixingImageNameSubstitutor')
2025-08-12 17:27:17,310 INFO  [org.tes.DockerClientFactory] (main) Testcontainers version: 1.20.6
2025-08-12 17:27:17,828 INFO  [org.tes.doc.DockerClientProviderStrategy] (main) Found Docker environment with local Unix socket (unix:///var/run/docker.sock)
2025-08-12 17:27:17,835 INFO  [org.tes.DockerClientFactory] (main) Docker host IP address is localhost
2025-08-12 17:27:17,854 INFO  [org.tes.DockerClientFactory] (main) Connected to docker: 
  Server Version: 28.0.4
  API Version: 1.48
  Operating System: Ubuntu 22.04.5 LTS
  Total Memory: 7944 MB
2025-08-12 17:27:17,894 INFO  [tc.tes.11.0] (main) Pulling docker image: testcontainers/ryuk:0.11.0. Please be patient; this may take some time but only needs to be done once.
2025-08-12 17:27:18,334 INFO  [tc.tes.11.0] (docker-java-stream--1295187651) Starting to pull image
2025-08-12 17:27:18,382 INFO  [tc.tes.11.0] (docker-java-stream--1295187651) Pulling image layers:  0 pending,  0 downloaded,  0 extracted, (0 bytes/0 bytes)
2025-08-12 17:27:18,588 INFO  [tc.tes.11.0] (docker-java-stream--1295187651) Pulling image layers:  2 pending,  1 downloaded,  0 extracted, (877 KB/? MB)
2025-08-12 17:27:18,590 INFO  [tc.tes.11.0] (docker-java-stream--1295187651) Pulling image layers:  1 pending,  2 downloaded,  0 extracted, (877 KB/? MB)
2025-08-12 17:27:18,630 INFO  [tc.tes.11.0] (docker-java-stream--1295187651) Pulling image layers:  0 pending,  3 downloaded,  0 extracted, (904 KB/10 MB)
2025-08-12 17:27:18,717 INFO  [tc.tes.11.0] (docker-java-stream--1295187651) Pulling image layers:  0 pending,  3 downloaded,  1 extracted, (4 MB/10 MB)
2025-08-12 17:27:19,690 INFO  [tc.tes.11.0] (docker-java-stream--1295187651) Pulling image layers:  0 pending,  3 downloaded,  2 extracted, (4 MB/10 MB)
2025-08-12 17:27:19,733 INFO  [tc.tes.11.0] (docker-java-stream--1295187651) Pulling image layers:  0 pending,  3 downloaded,  3 extracted, (10 MB/10 MB)
2025-08-12 17:27:19,744 INFO  [tc.tes.11.0] (docker-java-stream--1295187651) Pull complete. 3 layers, pulled in 1s (downloaded 10 MB at 10 MB/s)
2025-08-12 17:27:19,744 INFO  [tc.tes.11.0] (main) Image testcontainers/ryuk:0.11.0 pull took PT1.849345322S
2025-08-12 17:27:19,772 INFO  [tc.tes.11.0] (main) Creating container for image: testcontainers/ryuk:0.11.0
2025-08-12 17:27:19,859 INFO  [tc.tes.11.0] (main) Container testcontainers/ryuk:0.11.0 is starting: 259c2da5050853c233c80623ac3fcd7bbc0e683bff9f4c0401dba2fbae8d7205
2025-08-12 17:27:20,207 INFO  [tc.tes.11.0] (main) Container testcontainers/ryuk:0.11.0 started in PT0.435085735S
2025-08-12 17:27:20,212 INFO  [org.tes.uti.RyukResourceReaper] (main) Ryuk started - will monitor and terminate Testcontainers containers on JVM exit
2025-08-12 17:27:20,213 INFO  [org.tes.DockerClientFactory] (main) Checking the system...
2025-08-12 17:27:20,213 INFO  [org.tes.DockerClientFactory] (main) ✔︎ Docker server version should be at least 1.6.0
2025-08-12 17:27:20,216 INFO  [io.str.tes.con.KafkaVersionService] (main) Latest release of Kafka is:LogicalKafkaVersionEntity{version='4.0.0', image='quay.io/strimzi-test-container/test-container:0.111.0-kafka-4.0.0'}
2025-08-12 17:27:20,216 INFO  [io.str.tes.con.KafkaVersionService] (main) Latest release of Kafka is:LogicalKafkaVersionEntity{version='4.0.0', image='quay.io/strimzi-test-container/test-container:0.111.0-kafka-4.0.0'}
2025-08-12 17:27:20,217 INFO  [io.str.tes.con.KafkaVersionService] (main) No Kafka version specified. Using latest release: 4.0.0
2025-08-12 17:27:20,223 INFO  [tc.qua.io/.111.0-k.0.0] (main) Pulling docker image: quay.io/strimzi-test-container/test-container:0.111.0-kafka-4.0.0. Please be patient; this may take some time but only needs to be done once.
2025-08-12 17:27:20,772 INFO  [tc.qua.io/.111.0-k.0.0] (docker-java-stream--29267298) Starting to pull image
2025-08-12 17:27:20,774 INFO  [tc.qua.io/.111.0-k.0.0] (docker-java-stream--29267298) Pulling image layers:  0 pending,  0 downloaded,  0 extracted, (0 bytes/0 bytes)
2025-08-12 17:27:21,365 INFO  [tc.qua.io/.111.0-k.0.0] (docker-java-stream--29267298) Pulling image layers:  6 pending,  1 downloaded,  0 extracted, (19 MB/? MB)
2025-08-12 17:27:21,672 INFO  [tc.qua.io/.111.0-k.0.0] (docker-java-stream--29267298) Pulling image layers:  5 pending,  2 downloaded,  0 extracted, (58 MB/? MB)
2025-08-12 17:27:21,702 INFO  [tc.qua.io/.111.0-k.0.0] (docker-java-stream--29267298) Pulling image layers:  4 pending,  3 downloaded,  0 extracted, (58 MB/? MB)
2025-08-12 17:27:21,924 INFO  [tc.qua.io/.111.0-k.0.0] (docker-java-stream--29267298) Pulling image layers:  3 pending,  4 downloaded,  0 extracted, (85 MB/? MB)
2025-08-12 17:27:22,156 INFO  [tc.qua.io/.111.0-k.0.0] (docker-java-stream--29267298) Pulling image layers:  2 pending,  5 downloaded,  0 extracted, (107 MB/? MB)
2025-08-12 17:27:22,314 INFO  [tc.qua.io/.111.0-k.0.0] (docker-java-stream--29267298) Pulling image layers:  1 pending,  6 downloaded,  0 extracted, (126 MB/? MB)
2025-08-12 17:27:22,876 INFO  [tc.qua.io/.111.0-k.0.0] (docker-java-stream--29267298) Pulling image layers:  1 pending,  6 downloaded,  1 extracted, (166 MB/? MB)
2025-08-12 17:27:23,987 INFO  [tc.qua.io/.111.0-k.0.0] (docker-java-stream--29267298) Pulling image layers:  0 pending,  7 downloaded,  1 extracted, (232 MB/249 MB)
2025-08-12 17:27:27,140 INFO  [tc.qua.io/.111.0-k.0.0] (docker-java-stream--29267298) Pulling image layers:  0 pending,  7 downloaded,  2 extracted, (241 MB/249 MB)
2025-08-12 17:27:27,182 INFO  [tc.qua.io/.111.0-k.0.0] (docker-java-stream--29267298) Pulling image layers:  0 pending,  7 downloaded,  3 extracted, (244 MB/249 MB)
2025-08-12 17:27:27,199 INFO  [tc.qua.io/.111.0-k.0.0] (docker-java-stream--29267298) Pulling image layers:  0 pending,  7 downloaded,  4 extracted, (244 MB/249 MB)
2025-08-12 17:27:28,288 INFO  [tc.qua.io/.111.0-k.0.0] (docker-java-stream--29267298) Pulling image layers:  0 pending,  7 downloaded,  5 extracted, (247 MB/249 MB)
2025-08-12 17:27:28,324 INFO  [tc.qua.io/.111.0-k.0.0] (docker-java-stream--29267298) Pulling image layers:  0 pending,  7 downloaded,  6 extracted, (249 MB/249 MB)
2025-08-12 17:27:28,341 INFO  [tc.qua.io/.111.0-k.0.0] (docker-java-stream--29267298) Pulling image layers:  0 pending,  7 downloaded,  7 extracted, (249 MB/249 MB)
2025-08-12 17:27:28,349 INFO  [tc.qua.io/.111.0-k.0.0] (main) Image quay.io/strimzi-test-container/test-container:0.111.0-kafka-4.0.0 pull took PT8.12608014S
2025-08-12 17:27:28,349 INFO  [tc.qua.io/.111.0-k.0.0] (docker-java-stream--29267298) Pull complete. 7 layers, pulled in 7s (downloaded 249 MB at 35 MB/s)
2025-08-12 17:27:28,352 INFO  [tc.qua.io/.111.0-k.0.0] (main) Creating container for image: quay.io/strimzi-test-container/test-container:0.111.0-kafka-4.0.0
2025-08-12 17:27:28,424 INFO  [tc.qua.io/.111.0-k.0.0] (main) Container quay.io/strimzi-test-container/test-container:0.111.0-kafka-4.0.0 is starting: 25d89883b38a1018931befd22a7f51e70b2553d1d26fa0250fbbecf0ae78f736
2025-08-12 17:27:28,620 INFO  [io.str.tes.con.StrimziKafkaContainer] (main) Mapped port: 32769
2025-08-12 17:27:28,620 WARN  [io.str.tes.con.StrimziKafkaContainer] (main) Node ID is not set. Using broker ID 0 as the default node ID.
2025-08-12 17:27:28,621 INFO  [io.str.tes.con.StrimziKafkaContainer] (main) This is all advertised listeners for Kafka PLAINTEXT://localhost:32769,BROKER1://172.18.0.2:9091,CONTROLLER://broker-0:9094
2025-08-12 17:27:28,654 INFO  [io.str.tes.con.StrimziKafkaContainer] (main) New `cluster.id` has been generated: Fm7ZMVgORveP7Vf0og8MFw
2025-08-12 17:27:28,655 INFO  [io.str.tes.con.StrimziKafkaContainer] (main) Copying command to 'STARTER_SCRIPT' script.
2025-08-12 17:27:34,017 INFO  [tc.qua.io/.111.0-k.0.0] (main) Container quay.io/strimzi-test-container/test-container:0.111.0-kafka-4.0.0 started in PT5.665213724S
2025-08-12 17:27:34,020 INFO  [io.api.tes.uti.TestSeparator] (main) ############################################################################
2025-08-12 17:27:34,020 INFO  [io.api.tes.uti.TestSeparator] (main) io.apicurio.tests.serdes.apicurio.AvroSerdeIT.testGlobalIdInHeaders-STARTED
2025-08-12 17:27:34,035 INFO  [org.apa.kaf.cli.adm.AdminClientConfig] (main) AdminClientConfig values: 
	auto.include.jmx.reporter = true
	bootstrap.controllers = []
	bootstrap.servers = [PLAINTEXT://localhost:32769]
	client.dns.lookup = use_all_dns_ips
	client.id = 
	connections.max.idle.ms = 10000
	default.api.timeout.ms = 60000
	enable.metrics.push = true
	metadata.max.age.ms = 300000
	metadata.recovery.strategy = none
	metric.reporters = []
	metrics.num.samples = 2
	metrics.recording.level = INFO
	metrics.sample.window.ms = 30000
	receive.buffer.bytes = 65536
	reconnect.backoff.max.ms = 1000
	reconnect.backoff.ms = 50
	request.timeout.ms = 5000
	retries = 2147483647
	retry.backoff.max.ms = 1000
	retry.backoff.ms = 100
	sasl.client.callback.handler.class = null
	sasl.jaas.config = null
	sasl.kerberos.kinit.cmd = /usr/bin/kinit
	sasl.kerberos.min.time.before.relogin = 60000
	sasl.kerberos.service.name = null
	sasl.kerberos.ticket.renew.jitter = 0.05
	sasl.kerberos.ticket.renew.window.factor = 0.8
	sasl.login.callback.handler.class = null
	sasl.login.class = null
	sasl.login.connect.timeout.ms = null
	sasl.login.read.timeout.ms = null
	sasl.login.refresh.buffer.seconds = 300
	sasl.login.refresh.min.period.seconds = 60
	sasl.login.refresh.window.factor = 0.8
	sasl.login.refresh.window.jitter = 0.05
	sasl.login.retry.backoff.max.ms = 10000
	sasl.login.retry.backoff.ms = 100
	sasl.mechanism = GSSAPI
	sasl.oauthbearer.clock.skew.seconds = 30
	sasl.oauthbearer.expected.audience = null
	sasl.oauthbearer.expected.issuer = null
	sasl.oauthbearer.header.urlencode = false
	sasl.oauthbearer.jwks.endpoint.refresh.ms = 3600000
	sasl.oauthbearer.jwks.endpoint.retry.backoff.max.ms = 10000
	sasl.oauthbearer.jwks.endpoint.retry.backoff.ms = 100
	sasl.oauthbearer.jwks.endpoint.url = null
	sasl.oauthbearer.scope.claim.name = scope
	sasl.oauthbearer.sub.claim.name = sub
	sasl.oauthbearer.token.endpoint.url = null
	security.protocol = PLAINTEXT
	security.providers = null
	send.buffer.bytes = 131072
	socket.connection.setup.timeout.max.ms = 30000
	socket.connection.setup.timeout.ms = 10000
	ssl.cipher.suites = null
	ssl.enabled.protocols = [TLSv1.2, TLSv1.3]
	ssl.endpoint.identification.algorithm = https
	ssl.engine.factory.class = null
	ssl.key.password = null
	ssl.keymanager.algorithm = SunX509
	ssl.keystore.certificate.chain = null
	ssl.keystore.key = null
	ssl.keystore.location = null
	ssl.keystore.password = null
	ssl.keystore.type = JKS
	ssl.protocol = TLSv1.3
	ssl.provider = null
	ssl.secure.random.implementation = null
	ssl.trustmanager.algorithm = PKIX
	ssl.truststore.certificates = null
	ssl.truststore.location = null
	ssl.truststore.password = null
	ssl.truststore.type = JKS

2025-08-12 17:27:34,517 INFO  [org.apa.kaf.com.uti.AppInfoParser] (main) Kafka version: 3.9.1
2025-08-12 17:27:34,517 INFO  [org.apa.kaf.com.uti.AppInfoParser] (main) Kafka commitId: f745dfdcee2b9851
2025-08-12 17:27:34,518 INFO  [org.apa.kaf.com.uti.AppInfoParser] (main) Kafka startTimeMs: 1755019654516
**** Registry Base URL: http://registry-app-ksql043.apps.ci419.apicurio-testing.org:80
2025-08-12 17:27:34,565 INFO  [org.apa.kaf.cli.pro.ProducerConfig] (main) ProducerConfig values: 
	acks = -1
	auto.include.jmx.reporter = true
	batch.size = 16384
	bootstrap.servers = [PLAINTEXT://localhost:32769]
	buffer.memory = 33554432
	client.dns.lookup = use_all_dns_ips
	client.id = Producer-topic-37e8d461_55b6_4dbb_9946_1a1140c0ed86
	compression.gzip.level = -1
	compression.lz4.level = 9
	compression.type = none
	compression.zstd.level = 3
	connections.max.idle.ms = 10000
	delivery.timeout.ms = 120000
	enable.idempotence = true
	enable.metrics.push = true
	interceptor.classes = []
	key.serializer = class org.apache.kafka.common.serialization.StringSerializer
	linger.ms = 0
	max.block.ms = 60000
	max.in.flight.requests.per.connection = 5
	max.request.size = 1048576
	metadata.max.age.ms = 300000
	metadata.max.idle.ms = 300000
	metadata.recovery.strategy = none
	metric.reporters = []
	metrics.num.samples = 2
	metrics.recording.level = INFO
	metrics.sample.window.ms = 30000
	partitioner.adaptive.partitioning.enable = true
	partitioner.availability.timeout.ms = 0
	partitioner.class = null
	partitioner.ignore.keys = false
	receive.buffer.bytes = 32768
	reconnect.backoff.max.ms = 1000
	reconnect.backoff.ms = 50
	request.timeout.ms = 5000
	retries = 2147483647
	retry.backoff.max.ms = 1000
	retry.backoff.ms = 100
	sasl.client.callback.handler.class = null
	sasl.jaas.config = null
	sasl.kerberos.kinit.cmd = /usr/bin/kinit
	sasl.kerberos.min.time.before.relogin = 60000
	sasl.kerberos.service.name = null
	sasl.kerberos.ticket.renew.jitter = 0.05
	sasl.kerberos.ticket.renew.window.factor = 0.8
	sasl.login.callback.handler.class = null
	sasl.login.class = null
	sasl.login.connect.timeout.ms = null
	sasl.login.read.timeout.ms = null
	sasl.login.refresh.buffer.seconds = 300
	sasl.login.refresh.min.period.seconds = 60
	sasl.login.refresh.window.factor = 0.8
	sasl.login.refresh.window.jitter = 0.05
	sasl.login.retry.backoff.max.ms = 10000
	sasl.login.retry.backoff.ms = 100
	sasl.mechanism = GSSAPI
	sasl.oauthbearer.clock.skew.seconds = 30
	sasl.oauthbearer.expected.audience = null
	sasl.oauthbearer.expected.issuer = null
	sasl.oauthbearer.header.urlencode = false
	sasl.oauthbearer.jwks.endpoint.refresh.ms = 3600000
	sasl.oauthbearer.jwks.endpoint.retry.backoff.max.ms = 10000
	sasl.oauthbearer.jwks.endpoint.retry.backoff.ms = 100
	sasl.oauthbearer.jwks.endpoint.url = null
	sasl.oauthbearer.scope.claim.name = scope
	sasl.oauthbearer.sub.claim.name = sub
	sasl.oauthbearer.token.endpoint.url = null
	security.protocol = PLAINTEXT
	security.providers = null
	send.buffer.bytes = 131072
	socket.connection.setup.timeout.max.ms = 30000
	socket.connection.setup.timeout.ms = 10000
	ssl.cipher.suites = null
	ssl.enabled.protocols = [TLSv1.2, TLSv1.3]
	ssl.endpoint.identification.algorithm = https
	ssl.engine.factory.class = null
	ssl.key.password = null
	ssl.keymanager.algorithm = SunX509
	ssl.keystore.certificate.chain = null
	ssl.keystore.key = null
	ssl.keystore.location = null
	ssl.keystore.password = null
	ssl.keystore.type = JKS
	ssl.protocol = TLSv1.3
	ssl.provider = null
	ssl.secure.random.implementation = null
	ssl.trustmanager.algorithm = PKIX
	ssl.truststore.certificates = null
	ssl.truststore.location = null
	ssl.truststore.password = null
	ssl.truststore.type = JKS
	transaction.timeout.ms = 60000
	transactional.id = null
	value.serializer = class io.apicurio.registry.serde.avro.AvroKafkaSerializer

2025-08-12 17:27:34,601 INFO  [org.apa.kaf.com.tel.int.KafkaMetricsCollector] (main) initializing Kafka metrics collector
2025-08-12 17:27:34,622 INFO  [org.apa.kaf.cli.pro.KafkaProducer] (main) [Producer clientId=Producer-topic-37e8d461_55b6_4dbb_9946_1a1140c0ed86] Instantiated an idempotent producer.
2025-08-12 17:27:34,704 INFO  [org.apa.kaf.cli.pro.ProducerConfig] (main) These configurations '[apicurio.registry.url, apicurio.registry.auto-register, apicurio.registry.use-id, apicurio.registry.artifact-resolver-strategy]' were supplied but are not used yet.
2025-08-12 17:27:34,705 INFO  [org.apa.kaf.com.uti.AppInfoParser] (main) Kafka version: 3.9.1
2025-08-12 17:27:34,705 INFO  [org.apa.kaf.com.uti.AppInfoParser] (main) Kafka commitId: f745dfdcee2b9851
2025-08-12 17:27:34,705 INFO  [org.apa.kaf.com.uti.AppInfoParser] (main) Kafka startTimeMs: 1755019654704
2025-08-12 17:27:34,705 INFO  [io.api.tes.ser.api.SimpleSerdesTesterBuilder$SimpleSerdesTester] (main) Using producer configuration: {apicurio.registry.url=http://registry-app-ksql043.apps.ci419.apicurio-testing.org:80/apis/registry/v3, apicurio.registry.auto-register=true, apicurio.registry.use-id=globalId, apicurio.registry.artifact-resolver-strategy=io.apicurio.registry.serde.strategy.TopicIdStrategy, value.serializer=io.apicurio.registry.serde.avro.AvroKafkaSerializer, request.timeout.ms=5000, acks=all, bootstrap.servers=PLAINTEXT://localhost:32769, connections.max.idle.ms=10000, key.serializer=org.apache.kafka.common.serialization.StringSerializer, client.id=Producer-topic-37e8d461_55b6_4dbb_9946_1a1140c0ed86}
2025-08-12 17:27:34,706 INFO  [io.api.tes.ser.api.SimpleSerdesTesterBuilder$SimpleSerdesTester] (main) Using consumer configuration: {apicurio.registry.use-id=globalId}
2025-08-12 17:27:34,710 INFO  [io.api.tes.ser.api.KafkaSerdesTester] (Thread-600) Sending message {"key11755019654548": "value-0"} to topic topic-37e8d461_55b6_4dbb_9946_1a1140c0ed86
2025-08-12 17:27:35,123 WARN  [org.apa.kaf.cli.NetworkClient] (kafka-producer-network-thread | Producer-topic-37e8d461_55b6_4dbb_9946_1a1140c0ed86) [Producer clientId=Producer-topic-37e8d461_55b6_4dbb_9946_1a1140c0ed86] The metadata response from the cluster reported a recoverable issue with correlation id 1 : {topic-37e8d461_55b6_4dbb_9946_1a1140c0ed86=UNKNOWN_TOPIC_OR_PARTITION}
2025-08-12 17:27:35,129 INFO  [org.apa.kaf.cli.Metadata] (kafka-producer-network-thread | Producer-topic-37e8d461_55b6_4dbb_9946_1a1140c0ed86) [Producer clientId=Producer-topic-37e8d461_55b6_4dbb_9946_1a1140c0ed86] Cluster ID: Fm7ZMVgORveP7Vf0og8MFw
2025-08-12 17:27:35,364 INFO  [org.apa.kaf.cli.pro.int.TransactionManager] (kafka-producer-network-thread | Producer-topic-37e8d461_55b6_4dbb_9946_1a1140c0ed86) [Producer clientId=Producer-topic-37e8d461_55b6_4dbb_9946_1a1140c0ed86] ProducerId set to 0 with epoch 0
2025-08-12 17:27:35,526 INFO  [io.api.tes.ser.api.KafkaSerdesTester] (Thread-600) Sending message {"key11755019654548": "value-1"} to topic topic-37e8d461_55b6_4dbb_9946_1a1140c0ed86
2025-08-12 17:27:35,531 INFO  [io.api.tes.ser.api.KafkaSerdesTester] (Thread-600) Sending message {"key11755019654548": "value-2"} to topic topic-37e8d461_55b6_4dbb_9946_1a1140c0ed86
2025-08-12 17:27:35,535 INFO  [io.api.tes.ser.api.KafkaSerdesTester] (Thread-600) Sending message {"key11755019654548": "value-3"} to topic topic-37e8d461_55b6_4dbb_9946_1a1140c0ed86
2025-08-12 17:27:35,539 INFO  [io.api.tes.ser.api.KafkaSerdesTester] (Thread-600) Sending message {"key11755019654548": "value-4"} to topic topic-37e8d461_55b6_4dbb_9946_1a1140c0ed86
2025-08-12 17:27:35,543 INFO  [io.api.tes.ser.api.KafkaSerdesTester] (Thread-600) Sending message {"key11755019654548": "value-5"} to topic topic-37e8d461_55b6_4dbb_9946_1a1140c0ed86
2025-08-12 17:27:35,548 INFO  [io.api.tes.ser.api.KafkaSerdesTester] (Thread-600) Sending message {"key11755019654548": "value-6"} to topic topic-37e8d461_55b6_4dbb_9946_1a1140c0ed86
2025-08-12 17:27:35,553 INFO  [io.api.tes.ser.api.KafkaSerdesTester] (Thread-600) Sending message {"key11755019654548": "value-7"} to topic topic-37e8d461_55b6_4dbb_9946_1a1140c0ed86
2025-08-12 17:27:35,557 INFO  [io.api.tes.ser.api.KafkaSerdesTester] (Thread-600) Sending message {"key11755019654548": "value-8"} to topic topic-37e8d461_55b6_4dbb_9946_1a1140c0ed86
2025-08-12 17:27:35,561 INFO  [io.api.tes.ser.api.KafkaSerdesTester] (Thread-600) Sending message {"key11755019654548": "value-9"} to topic topic-37e8d461_55b6_4dbb_9946_1a1140c0ed86
2025-08-12 17:27:35,565 INFO  [io.api.tes.ser.api.KafkaSerdesTester] (Thread-600) Produced 10 messages
2025-08-12 17:27:35,566 INFO  [org.apa.kaf.cli.pro.KafkaProducer] (Thread-600) [Producer clientId=Producer-topic-37e8d461_55b6_4dbb_9946_1a1140c0ed86] Closing the Kafka producer with timeoutMillis = 9223372036854775807 ms.
2025-08-12 17:27:35,591 INFO  [org.apa.kaf.com.met.Metrics] (Thread-600) Metrics scheduler closed
2025-08-12 17:27:35,593 INFO  [org.apa.kaf.com.met.Metrics] (Thread-600) Closing reporter org.apache.kafka.common.metrics.JmxReporter
2025-08-12 17:27:35,593 INFO  [org.apa.kaf.com.met.Metrics] (Thread-600) Closing reporter org.apache.kafka.common.telemetry.internals.ClientTelemetryReporter
2025-08-12 17:27:35,594 INFO  [org.apa.kaf.com.met.Metrics] (Thread-600) Metrics reporters closed
2025-08-12 17:27:35,595 INFO  [org.apa.kaf.com.uti.AppInfoParser] (Thread-600) App info kafka.producer for Producer-topic-37e8d461_55b6_4dbb_9946_1a1140c0ed86 unregistered
**** Registry Base URL: http://registry-app-ksql043.apps.ci419.apicurio-testing.org:80
2025-08-12 17:27:35,672 INFO  [org.apa.kaf.cli.con.ConsumerConfig] (main) ConsumerConfig values: 
	allow.auto.create.topics = true
	auto.commit.interval.ms = 500
	auto.include.jmx.reporter = true
	auto.offset.reset = earliest
	bootstrap.servers = [PLAINTEXT://localhost:32769]
	check.crcs = true
	client.dns.lookup = use_all_dns_ips
	client.id = consumer-Consumer-topic-37e8d461_55b6_4dbb_9946_1a1140c0ed86-1
	client.rack = 
	connections.max.idle.ms = 10000
	default.api.timeout.ms = 60000
	enable.auto.commit = true
	enable.metrics.push = true
	exclude.internal.topics = true
	fetch.max.bytes = 52428800
	fetch.max.wait.ms = 500
	fetch.min.bytes = 1
	group.id = Consumer-topic-37e8d461_55b6_4dbb_9946_1a1140c0ed86
	group.instance.id = null
	group.protocol = classic
	group.remote.assignor = null
	heartbeat.interval.ms = 3000
	interceptor.classes = []
	internal.leave.group.on.close = true
	internal.throw.on.fetch.stable.offset.unsupported = false
	isolation.level = read_uncommitted
	key.deserializer = class org.apache.kafka.common.serialization.StringDeserializer
	max.partition.fetch.bytes = 1048576
	max.poll.interval.ms = 300000
	max.poll.records = 500
	metadata.max.age.ms = 300000
	metadata.recovery.strategy = none
	metric.reporters = []
	metrics.num.samples = 2
	metrics.recording.level = INFO
	metrics.sample.window.ms = 30000
	partition.assignment.strategy = [class org.apache.kafka.clients.consumer.RangeAssignor, class org.apache.kafka.clients.consumer.CooperativeStickyAssignor]
	receive.buffer.bytes = 65536
	reconnect.backoff.max.ms = 1000
	reconnect.backoff.ms = 50
	request.timeout.ms = 5000
	retry.backoff.max.ms = 1000
	retry.backoff.ms = 100
	sasl.client.callback.handler.class = null
	sasl.jaas.config = null
	sasl.kerberos.kinit.cmd = /usr/bin/kinit
	sasl.kerberos.min.time.before.relogin = 60000
	sasl.kerberos.service.name = null
	sasl.kerberos.ticket.renew.jitter = 0.05
	sasl.kerberos.ticket.renew.window.factor = 0.8
	sasl.login.callback.handler.class = null
	sasl.login.class = null
	sasl.login.connect.timeout.ms = null
	sasl.login.read.timeout.ms = null
	sasl.login.refresh.buffer.seconds = 300
	sasl.login.refresh.min.period.seconds = 60
	sasl.login.refresh.window.factor = 0.8
	sasl.login.refresh.window.jitter = 0.05
	sasl.login.retry.backoff.max.ms = 10000
	sasl.login.retry.backoff.ms = 100
	sasl.mechanism = GSSAPI
	sasl.oauthbearer.clock.skew.seconds = 30
	sasl.oauthbearer.expected.audience = null
	sasl.oauthbearer.expected.issuer = null
	sasl.oauthbearer.header.urlencode = false
	sasl.oauthbearer.jwks.endpoint.refresh.ms = 3600000
	sasl.oauthbearer.jwks.endpoint.retry.backoff.max.ms = 10000
	sasl.oauthbearer.jwks.endpoint.retry.backoff.ms = 100
	sasl.oauthbearer.jwks.endpoint.url = null
	sasl.oauthbearer.scope.claim.name = scope
	sasl.oauthbearer.sub.claim.name = sub
	sasl.oauthbearer.token.endpoint.url = null
	security.protocol = PLAINTEXT
	security.providers = null
	send.buffer.bytes = 131072
	session.timeout.ms = 45000
	socket.connection.setup.timeout.max.ms = 30000
	socket.connection.setup.timeout.ms = 10000
	ssl.cipher.suites = null
	ssl.enabled.protocols = [TLSv1.2, TLSv1.3]
	ssl.endpoint.identification.algorithm = https
	ssl.engine.factory.class = null
	ssl.key.password = null
	ssl.keymanager.algorithm = SunX509
	ssl.keystore.certificate.chain = null
	ssl.keystore.key = null
	ssl.keystore.location = null
	ssl.keystore.password = null
	ssl.keystore.type = JKS
	ssl.protocol = TLSv1.3
	ssl.provider = null
	ssl.secure.random.implementation = null
	ssl.trustmanager.algorithm = PKIX
	ssl.truststore.certificates = null
	ssl.truststore.location = null
	ssl.truststore.password = null
	ssl.truststore.type = JKS
	value.deserializer = class io.apicurio.registry.serde.avro.AvroKafkaDeserializer

2025-08-12 17:27:35,696 INFO  [org.apa.kaf.com.tel.int.KafkaMetricsCollector] (main) initializing Kafka metrics collector
2025-08-12 17:27:35,780 INFO  [org.apa.kaf.cli.con.ConsumerConfig] (main) These configurations '[apicurio.registry.url, apicurio.registry.use-id]' were supplied but are not used yet.
2025-08-12 17:27:35,780 INFO  [org.apa.kaf.com.uti.AppInfoParser] (main) Kafka version: 3.9.1
2025-08-12 17:27:35,780 INFO  [org.apa.kaf.com.uti.AppInfoParser] (main) Kafka commitId: f745dfdcee2b9851
2025-08-12 17:27:35,780 INFO  [org.apa.kaf.com.uti.AppInfoParser] (main) Kafka startTimeMs: 1755019655780
2025-08-12 17:27:35,784 INFO  [org.apa.kaf.cli.con.int.ClassicKafkaConsumer] (Thread-603) [Consumer clientId=consumer-Consumer-topic-37e8d461_55b6_4dbb_9946_1a1140c0ed86-1, groupId=Consumer-topic-37e8d461_55b6_4dbb_9946_1a1140c0ed86] Subscribed to topic(s): topic-37e8d461_55b6_4dbb_9946_1a1140c0ed86
2025-08-12 17:27:35,797 INFO  [org.apa.kaf.cli.Metadata] (Thread-603) [Consumer clientId=consumer-Consumer-topic-37e8d461_55b6_4dbb_9946_1a1140c0ed86-1, groupId=Consumer-topic-37e8d461_55b6_4dbb_9946_1a1140c0ed86] Cluster ID: Fm7ZMVgORveP7Vf0og8MFw
2025-08-12 17:27:35,937 INFO  [org.apa.kaf.cli.con.int.ConsumerCoordinator] (Thread-603) [Consumer clientId=consumer-Consumer-topic-37e8d461_55b6_4dbb_9946_1a1140c0ed86-1, groupId=Consumer-topic-37e8d461_55b6_4dbb_9946_1a1140c0ed86] Discovered group coordinator localhost:32769 (id: 2147483647 rack: null)
2025-08-12 17:27:35,954 INFO  [org.apa.kaf.cli.con.int.ConsumerCoordinator] (Thread-603) [Consumer clientId=consumer-Consumer-topic-37e8d461_55b6_4dbb_9946_1a1140c0ed86-1, groupId=Consumer-topic-37e8d461_55b6_4dbb_9946_1a1140c0ed86] (Re-)joining group
2025-08-12 17:27:35,994 INFO  [org.apa.kaf.cli.con.int.ConsumerCoordinator] (Thread-603) [Consumer clientId=consumer-Consumer-topic-37e8d461_55b6_4dbb_9946_1a1140c0ed86-1, groupId=Consumer-topic-37e8d461_55b6_4dbb_9946_1a1140c0ed86] Group coordinator localhost:32769 (id: 2147483647 rack: null) is unavailable or invalid due to cause: error response NOT_COORDINATOR. isDisconnected: false. Rediscovery will be attempted.
2025-08-12 17:27:35,994 INFO  [org.apa.kaf.cli.con.int.ConsumerCoordinator] (Thread-603) [Consumer clientId=consumer-Consumer-topic-37e8d461_55b6_4dbb_9946_1a1140c0ed86-1, groupId=Consumer-topic-37e8d461_55b6_4dbb_9946_1a1140c0ed86] Requesting disconnect from last known coordinator localhost:32769 (id: 2147483647 rack: null)
2025-08-12 17:27:35,994 INFO  [org.apa.kaf.cli.con.int.ConsumerCoordinator] (Thread-603) [Consumer clientId=consumer-Consumer-topic-37e8d461_55b6_4dbb_9946_1a1140c0ed86-1, groupId=Consumer-topic-37e8d461_55b6_4dbb_9946_1a1140c0ed86] JoinGroup failed: This is not the correct coordinator. Marking coordinator unknown. Sent generation was Generation{generationId=-1, memberId='', protocol='null'}
2025-08-12 17:27:35,995 INFO  [org.apa.kaf.cli.NetworkClient] (Thread-603) [Consumer clientId=consumer-Consumer-topic-37e8d461_55b6_4dbb_9946_1a1140c0ed86-1, groupId=Consumer-topic-37e8d461_55b6_4dbb_9946_1a1140c0ed86] Client requested disconnect from node 2147483647
2025-08-12 17:27:36,002 INFO  [org.apa.kaf.cli.con.int.ConsumerCoordinator] (Thread-603) [Consumer clientId=consumer-Consumer-topic-37e8d461_55b6_4dbb_9946_1a1140c0ed86-1, groupId=Consumer-topic-37e8d461_55b6_4dbb_9946_1a1140c0ed86] Discovered group coordinator localhost:32769 (id: 2147483647 rack: null)
2025-08-12 17:27:36,002 INFO  [org.apa.kaf.cli.con.int.ConsumerCoordinator] (Thread-603) [Consumer clientId=consumer-Consumer-topic-37e8d461_55b6_4dbb_9946_1a1140c0ed86-1, groupId=Consumer-topic-37e8d461_55b6_4dbb_9946_1a1140c0ed86] Group coordinator localhost:32769 (id: 2147483647 rack: null) is unavailable or invalid due to cause: coordinator unavailable. isDisconnected: false. Rediscovery will be attempted.
2025-08-12 17:27:36,003 INFO  [org.apa.kaf.cli.con.int.ConsumerCoordinator] (Thread-603) [Consumer clientId=consumer-Consumer-topic-37e8d461_55b6_4dbb_9946_1a1140c0ed86-1, groupId=Consumer-topic-37e8d461_55b6_4dbb_9946_1a1140c0ed86] Requesting disconnect from last known coordinator localhost:32769 (id: 2147483647 rack: null)
2025-08-12 17:27:36,089 INFO  [org.apa.kaf.cli.con.int.ConsumerCoordinator] (Thread-603) [Consumer clientId=consumer-Consumer-topic-37e8d461_55b6_4dbb_9946_1a1140c0ed86-1, groupId=Consumer-topic-37e8d461_55b6_4dbb_9946_1a1140c0ed86] Discovered group coordinator localhost:32769 (id: 2147483647 rack: null)
2025-08-12 17:27:36,092 INFO  [org.apa.kaf.cli.con.int.ConsumerCoordinator] (Thread-603) [Consumer clientId=consumer-Consumer-topic-37e8d461_55b6_4dbb_9946_1a1140c0ed86-1, groupId=Consumer-topic-37e8d461_55b6_4dbb_9946_1a1140c0ed86] Request joining group due to: rebalance failed due to 'This is not the correct coordinator.' (NotCoordinatorException)
2025-08-12 17:27:36,093 INFO  [org.apa.kaf.cli.con.int.ConsumerCoordinator] (Thread-603) [Consumer clientId=consumer-Consumer-topic-37e8d461_55b6_4dbb_9946_1a1140c0ed86-1, groupId=Consumer-topic-37e8d461_55b6_4dbb_9946_1a1140c0ed86] (Re-)joining group
2025-08-12 17:27:36,101 INFO  [org.apa.kaf.cli.con.int.ConsumerCoordinator] (Thread-603) [Consumer clientId=consumer-Consumer-topic-37e8d461_55b6_4dbb_9946_1a1140c0ed86-1, groupId=Consumer-topic-37e8d461_55b6_4dbb_9946_1a1140c0ed86] Group coordinator localhost:32769 (id: 2147483647 rack: null) is unavailable or invalid due to cause: error response NOT_COORDINATOR. isDisconnected: false. Rediscovery will be attempted.
2025-08-12 17:27:36,104 INFO  [org.apa.kaf.cli.con.int.ConsumerCoordinator] (Thread-603) [Consumer clientId=consumer-Consumer-topic-37e8d461_55b6_4dbb_9946_1a1140c0ed86-1, groupId=Consumer-topic-37e8d461_55b6_4dbb_9946_1a1140c0ed86] Requesting disconnect from last known coordinator localhost:32769 (id: 2147483647 rack: null)
2025-08-12 17:27:36,104 INFO  [org.apa.kaf.cli.con.int.ConsumerCoordinator] (Thread-603) [Consumer clientId=consumer-Consumer-topic-37e8d461_55b6_4dbb_9946_1a1140c0ed86-1, groupId=Consumer-topic-37e8d461_55b6_4dbb_9946_1a1140c0ed86] JoinGroup failed: This is not the correct coordinator. Marking coordinator unknown. Sent generation was Generation{generationId=-1, memberId='', protocol='null'}
2025-08-12 17:27:36,105 INFO  [org.apa.kaf.cli.NetworkClient] (Thread-603) [Consumer clientId=consumer-Consumer-topic-37e8d461_55b6_4dbb_9946_1a1140c0ed86-1, groupId=Consumer-topic-37e8d461_55b6_4dbb_9946_1a1140c0ed86] Client requested disconnect from node 2147483647
2025-08-12 17:27:36,111 INFO  [org.apa.kaf.cli.con.int.ConsumerCoordinator] (Thread-603) [Consumer clientId=consumer-Consumer-topic-37e8d461_55b6_4dbb_9946_1a1140c0ed86-1, groupId=Consumer-topic-37e8d461_55b6_4dbb_9946_1a1140c0ed86] Discovered group coordinator localhost:32769 (id: 2147483647 rack: null)
2025-08-12 17:27:36,111 INFO  [org.apa.kaf.cli.con.int.ConsumerCoordinator] (Thread-603) [Consumer clientId=consumer-Consumer-topic-37e8d461_55b6_4dbb_9946_1a1140c0ed86-1, groupId=Consumer-topic-37e8d461_55b6_4dbb_9946_1a1140c0ed86] Group coordinator localhost:32769 (id: 2147483647 rack: null) is unavailable or invalid due to cause: coordinator unavailable. isDisconnected: false. Rediscovery will be attempted.
2025-08-12 17:27:36,111 INFO  [org.apa.kaf.cli.con.int.ConsumerCoordinator] (Thread-603) [Consumer clientId=consumer-Consumer-topic-37e8d461_55b6_4dbb_9946_1a1140c0ed86-1, groupId=Consumer-topic-37e8d461_55b6_4dbb_9946_1a1140c0ed86] Requesting disconnect from last known coordinator localhost:32769 (id: 2147483647 rack: null)
2025-08-12 17:27:36,210 INFO  [org.apa.kaf.cli.con.int.ConsumerCoordinator] (Thread-603) [Consumer clientId=consumer-Consumer-topic-37e8d461_55b6_4dbb_9946_1a1140c0ed86-1, groupId=Consumer-topic-37e8d461_55b6_4dbb_9946_1a1140c0ed86] Discovered group coordinator localhost:32769 (id: 2147483647 rack: null)
2025-08-12 17:27:36,213 INFO  [org.apa.kaf.cli.con.int.ConsumerCoordinator] (Thread-603) [Consumer clientId=consumer-Consumer-topic-37e8d461_55b6_4dbb_9946_1a1140c0ed86-1, groupId=Consumer-topic-37e8d461_55b6_4dbb_9946_1a1140c0ed86] Request joining group due to: rebalance failed due to 'This is not the correct coordinator.' (NotCoordinatorException)
2025-08-12 17:27:36,217 INFO  [org.apa.kaf.cli.con.int.ConsumerCoordinator] (Thread-603) [Consumer clientId=consumer-Consumer-topic-37e8d461_55b6_4dbb_9946_1a1140c0ed86-1, groupId=Consumer-topic-37e8d461_55b6_4dbb_9946_1a1140c0ed86] (Re-)joining group
2025-08-12 17:27:36,225 INFO  [org.apa.kaf.cli.con.int.ConsumerCoordinator] (Thread-603) [Consumer clientId=consumer-Consumer-topic-37e8d461_55b6_4dbb_9946_1a1140c0ed86-1, groupId=Consumer-topic-37e8d461_55b6_4dbb_9946_1a1140c0ed86] Group coordinator localhost:32769 (id: 2147483647 rack: null) is unavailable or invalid due to cause: error response NOT_COORDINATOR. isDisconnected: false. Rediscovery will be attempted.
2025-08-12 17:27:36,225 INFO  [org.apa.kaf.cli.con.int.ConsumerCoordinator] (Thread-603) [Consumer clientId=consumer-Consumer-topic-37e8d461_55b6_4dbb_9946_1a1140c0ed86-1, groupId=Consumer-topic-37e8d461_55b6_4dbb_9946_1a1140c0ed86] Requesting disconnect from last known coordinator localhost:32769 (id: 2147483647 rack: null)
2025-08-12 17:27:36,225 INFO  [org.apa.kaf.cli.con.int.ConsumerCoordinator] (Thread-603) [Consumer clientId=consumer-Consumer-topic-37e8d461_55b6_4dbb_9946_1a1140c0ed86-1, groupId=Consumer-topic-37e8d461_55b6_4dbb_9946_1a1140c0ed86] JoinGroup failed: This is not the correct coordinator. Marking coordinator unknown. Sent generation was Generation{generationId=-1, memberId='', protocol='null'}
2025-08-12 17:27:36,225 INFO  [org.apa.kaf.cli.NetworkClient] (Thread-603) [Consumer clientId=consumer-Consumer-topic-37e8d461_55b6_4dbb_9946_1a1140c0ed86-1, groupId=Consumer-topic-37e8d461_55b6_4dbb_9946_1a1140c0ed86] Client requested disconnect from node 2147483647
2025-08-12 17:27:36,231 INFO  [org.apa.kaf.cli.con.int.ConsumerCoordinator] (Thread-603) [Consumer clientId=consumer-Consumer-topic-37e8d461_55b6_4dbb_9946_1a1140c0ed86-1, groupId=Consumer-topic-37e8d461_55b6_4dbb_9946_1a1140c0ed86] Discovered group coordinator localhost:32769 (id: 2147483647 rack: null)
2025-08-12 17:27:36,231 INFO  [org.apa.kaf.cli.con.int.ConsumerCoordinator] (Thread-603) [Consumer clientId=consumer-Consumer-topic-37e8d461_55b6_4dbb_9946_1a1140c0ed86-1, groupId=Consumer-topic-37e8d461_55b6_4dbb_9946_1a1140c0ed86] Group coordinator localhost:32769 (id: 2147483647 rack: null) is unavailable or invalid due to cause: coordinator unavailable. isDisconnected: false. Rediscovery will be attempted.
2025-08-12 17:27:36,231 INFO  [org.apa.kaf.cli.con.int.ConsumerCoordinator] (Thread-603) [Consumer clientId=consumer-Consumer-topic-37e8d461_55b6_4dbb_9946_1a1140c0ed86-1, groupId=Consumer-topic-37e8d461_55b6_4dbb_9946_1a1140c0ed86] Requesting disconnect from last known coordinator localhost:32769 (id: 2147483647 rack: null)
2025-08-12 17:27:36,348 INFO  [org.apa.kaf.cli.con.int.ConsumerCoordinator] (Thread-603) [Consumer clientId=consumer-Consumer-topic-37e8d461_55b6_4dbb_9946_1a1140c0ed86-1, groupId=Consumer-topic-37e8d461_55b6_4dbb_9946_1a1140c0ed86] Discovered group coordinator localhost:32769 (id: 2147483647 rack: null)
2025-08-12 17:27:36,349 INFO  [org.apa.kaf.cli.con.int.ConsumerCoordinator] (Thread-603) [Consumer clientId=consumer-Consumer-topic-37e8d461_55b6_4dbb_9946_1a1140c0ed86-1, groupId=Consumer-topic-37e8d461_55b6_4dbb_9946_1a1140c0ed86] Request joining group due to: rebalance failed due to 'This is not the correct coordinator.' (NotCoordinatorException)
2025-08-12 17:27:36,349 INFO  [org.apa.kaf.cli.con.int.ConsumerCoordinator] (Thread-603) [Consumer clientId=consumer-Consumer-topic-37e8d461_55b6_4dbb_9946_1a1140c0ed86-1, groupId=Consumer-topic-37e8d461_55b6_4dbb_9946_1a1140c0ed86] (Re-)joining group
2025-08-12 17:27:36,370 INFO  [org.apa.kaf.cli.con.int.ConsumerCoordinator] (Thread-603) [Consumer clientId=consumer-Consumer-topic-37e8d461_55b6_4dbb_9946_1a1140c0ed86-1, groupId=Consumer-topic-37e8d461_55b6_4dbb_9946_1a1140c0ed86] Group coordinator localhost:32769 (id: 2147483647 rack: null) is unavailable or invalid due to cause: error response NOT_COORDINATOR. isDisconnected: false. Rediscovery will be attempted.
2025-08-12 17:27:36,372 INFO  [org.apa.kaf.cli.con.int.ConsumerCoordinator] (Thread-603) [Consumer clientId=consumer-Consumer-topic-37e8d461_55b6_4dbb_9946_1a1140c0ed86-1, groupId=Consumer-topic-37e8d461_55b6_4dbb_9946_1a1140c0ed86] Requesting disconnect from last known coordinator localhost:32769 (id: 2147483647 rack: null)
2025-08-12 17:27:36,372 INFO  [org.apa.kaf.cli.con.int.ConsumerCoordinator] (Thread-603) [Consumer clientId=consumer-Consumer-topic-37e8d461_55b6_4dbb_9946_1a1140c0ed86-1, groupId=Consumer-topic-37e8d461_55b6_4dbb_9946_1a1140c0ed86] JoinGroup failed: This is not the correct coordinator. Marking coordinator unknown. Sent generation was Generation{generationId=-1, memberId='', protocol='null'}
2025-08-12 17:27:36,373 INFO  [org.apa.kaf.cli.NetworkClient] (Thread-603) [Consumer clientId=consumer-Consumer-topic-37e8d461_55b6_4dbb_9946_1a1140c0ed86-1, groupId=Consumer-topic-37e8d461_55b6_4dbb_9946_1a1140c0ed86] Client requested disconnect from node 2147483647
2025-08-12 17:27:36,392 INFO  [org.apa.kaf.cli.con.int.ConsumerCoordinator] (Thread-603) [Consumer clientId=consumer-Consumer-topic-37e8d461_55b6_4dbb_9946_1a1140c0ed86-1, groupId=Consumer-topic-37e8d461_55b6_4dbb_9946_1a1140c0ed86] Discovered group coordinator localhost:32769 (id: 2147483647 rack: null)
2025-08-12 17:27:36,392 INFO  [org.apa.kaf.cli.con.int.ConsumerCoordinator] (Thread-603) [Consumer clientId=consumer-Consumer-topic-37e8d461_55b6_4dbb_9946_1a1140c0ed86-1, groupId=Consumer-topic-37e8d461_55b6_4dbb_9946_1a1140c0ed86] Group coordinator localhost:32769 (id: 2147483647 rack: null) is unavailable or invalid due to cause: coordinator unavailable. isDisconnected: false. Rediscovery will be attempted.
2025-08-12 17:27:36,393 INFO  [org.apa.kaf.cli.con.int.ConsumerCoordinator] (Thread-603) [Consumer clientId=consumer-Consumer-topic-37e8d461_55b6_4dbb_9946_1a1140c0ed86-1, groupId=Consumer-topic-37e8d461_55b6_4dbb_9946_1a1140c0ed86] Requesting disconnect from last known coordinator localhost:32769 (id: 2147483647 rack: null)
2025-08-12 17:27:36,506 INFO  [org.apa.kaf.cli.con.int.ConsumerCoordinator] (Thread-603) [Consumer clientId=consumer-Consumer-topic-37e8d461_55b6_4dbb_9946_1a1140c0ed86-1, groupId=Consumer-topic-37e8d461_55b6_4dbb_9946_1a1140c0ed86] Discovered group coordinator localhost:32769 (id: 2147483647 rack: null)
2025-08-12 17:27:36,510 INFO  [org.apa.kaf.cli.con.int.ConsumerCoordinator] (Thread-603) [Consumer clientId=consumer-Consumer-topic-37e8d461_55b6_4dbb_9946_1a1140c0ed86-1, groupId=Consumer-topic-37e8d461_55b6_4dbb_9946_1a1140c0ed86] Request joining group due to: rebalance failed due to 'This is not the correct coordinator.' (NotCoordinatorException)
2025-08-12 17:27:36,511 INFO  [org.apa.kaf.cli.con.int.ConsumerCoordinator] (Thread-603) [Consumer clientId=consumer-Consumer-topic-37e8d461_55b6_4dbb_9946_1a1140c0ed86-1, groupId=Consumer-topic-37e8d461_55b6_4dbb_9946_1a1140c0ed86] (Re-)joining group
2025-08-12 17:27:36,539 INFO  [org.apa.kaf.cli.con.int.ConsumerCoordinator] (Thread-603) [Consumer clientId=consumer-Consumer-topic-37e8d461_55b6_4dbb_9946_1a1140c0ed86-1, groupId=Consumer-topic-37e8d461_55b6_4dbb_9946_1a1140c0ed86] Request joining group due to: need to re-join with the given member-id: consumer-Consumer-topic-37e8d461_55b6_4dbb_9946_1a1140c0ed86-1-94270645-dab1-4862-8673-a9221201051a
2025-08-12 17:27:36,539 INFO  [org.apa.kaf.cli.con.int.ConsumerCoordinator] (Thread-603) [Consumer clientId=consumer-Consumer-topic-37e8d461_55b6_4dbb_9946_1a1140c0ed86-1, groupId=Consumer-topic-37e8d461_55b6_4dbb_9946_1a1140c0ed86] (Re-)joining group
2025-08-12 17:27:36,786 INFO  [io.api.tes.ser.api.KafkaSerdesTester] (Thread-603) None found
2025-08-12 17:27:37,786 INFO  [io.api.tes.ser.api.KafkaSerdesTester] (Thread-603) None found
2025-08-12 17:27:38,788 INFO  [io.api.tes.ser.api.KafkaSerdesTester] (Thread-603) None found
2025-08-12 17:27:39,559 INFO  [org.apa.kaf.cli.con.int.ConsumerCoordinator] (Thread-603) [Consumer clientId=consumer-Consumer-topic-37e8d461_55b6_4dbb_9946_1a1140c0ed86-1, groupId=Consumer-topic-37e8d461_55b6_4dbb_9946_1a1140c0ed86] Successfully joined group with generation Generation{generationId=1, memberId='consumer-Consumer-topic-37e8d461_55b6_4dbb_9946_1a1140c0ed86-1-94270645-dab1-4862-8673-a9221201051a', protocol='range'}
2025-08-12 17:27:39,574 INFO  [org.apa.kaf.cli.con.int.ConsumerCoordinator] (Thread-603) [Consumer clientId=consumer-Consumer-topic-37e8d461_55b6_4dbb_9946_1a1140c0ed86-1, groupId=Consumer-topic-37e8d461_55b6_4dbb_9946_1a1140c0ed86] Finished assignment for group at generation 1: {consumer-Consumer-topic-37e8d461_55b6_4dbb_9946_1a1140c0ed86-1-94270645-dab1-4862-8673-a9221201051a=Assignment(partitions=[topic-37e8d461_55b6_4dbb_9946_1a1140c0ed86-0])}
2025-08-12 17:27:39,593 INFO  [org.apa.kaf.cli.con.int.ConsumerCoordinator] (Thread-603) [Consumer clientId=consumer-Consumer-topic-37e8d461_55b6_4dbb_9946_1a1140c0ed86-1, groupId=Consumer-topic-37e8d461_55b6_4dbb_9946_1a1140c0ed86] Successfully synced group in generation Generation{generationId=1, memberId='consumer-Consumer-topic-37e8d461_55b6_4dbb_9946_1a1140c0ed86-1-94270645-dab1-4862-8673-a9221201051a', protocol='range'}
2025-08-12 17:27:39,593 INFO  [org.apa.kaf.cli.con.int.ConsumerCoordinator] (Thread-603) [Consumer clientId=consumer-Consumer-topic-37e8d461_55b6_4dbb_9946_1a1140c0ed86-1, groupId=Consumer-topic-37e8d461_55b6_4dbb_9946_1a1140c0ed86] Notifying assignor about the new Assignment(partitions=[topic-37e8d461_55b6_4dbb_9946_1a1140c0ed86-0])
2025-08-12 17:27:39,600 INFO  [org.apa.kaf.cli.con.int.ConsumerRebalanceListenerInvoker] (Thread-603) [Consumer clientId=consumer-Consumer-topic-37e8d461_55b6_4dbb_9946_1a1140c0ed86-1, groupId=Consumer-topic-37e8d461_55b6_4dbb_9946_1a1140c0ed86] Adding newly assigned partitions: topic-37e8d461_55b6_4dbb_9946_1a1140c0ed86-0
2025-08-12 17:27:39,616 INFO  [org.apa.kaf.cli.con.int.ConsumerCoordinator] (Thread-603) [Consumer clientId=consumer-Consumer-topic-37e8d461_55b6_4dbb_9946_1a1140c0ed86-1, groupId=Consumer-topic-37e8d461_55b6_4dbb_9946_1a1140c0ed86] Found no committed offset for partition topic-37e8d461_55b6_4dbb_9946_1a1140c0ed86-0
2025-08-12 17:27:39,661 INFO  [org.apa.kaf.cli.con.int.SubscriptionState] (Thread-603) [Consumer clientId=consumer-Consumer-topic-37e8d461_55b6_4dbb_9946_1a1140c0ed86-1, groupId=Consumer-topic-37e8d461_55b6_4dbb_9946_1a1140c0ed86] Resetting offset for partition topic-37e8d461_55b6_4dbb_9946_1a1140c0ed86-0 to position FetchPosition{offset=0, offsetEpoch=Optional.empty, currentLeader=LeaderAndEpoch{leader=Optional[localhost:32769 (id: 0 rack: null)], epoch=0}}.
2025-08-12 17:27:39,812 INFO  [io.api.tes.ser.api.KafkaSerdesTester] (Thread-603) topic-37e8d461_55b6_4dbb_9946_1a1140c0ed86 0 0 {"key11755019654548": "value-0"}
2025-08-12 17:27:39,812 INFO  [io.api.tes.ser.api.KafkaSerdesTester] (Thread-603) topic-37e8d461_55b6_4dbb_9946_1a1140c0ed86 0 1 {"key11755019654548": "value-1"}
2025-08-12 17:27:39,812 INFO  [io.api.tes.ser.api.KafkaSerdesTester] (Thread-603) topic-37e8d461_55b6_4dbb_9946_1a1140c0ed86 0 2 {"key11755019654548": "value-2"}
2025-08-12 17:27:39,812 INFO  [io.api.tes.ser.api.KafkaSerdesTester] (Thread-603) topic-37e8d461_55b6_4dbb_9946_1a1140c0ed86 0 3 {"key11755019654548": "value-3"}
2025-08-12 17:27:39,812 INFO  [io.api.tes.ser.api.KafkaSerdesTester] (Thread-603) topic-37e8d461_55b6_4dbb_9946_1a1140c0ed86 0 4 {"key11755019654548": "value-4"}
2025-08-12 17:27:39,812 INFO  [io.api.tes.ser.api.KafkaSerdesTester] (Thread-603) topic-37e8d461_55b6_4dbb_9946_1a1140c0ed86 0 5 {"key11755019654548": "value-5"}
2025-08-12 17:27:39,814 INFO  [io.api.tes.ser.api.KafkaSerdesTester] (Thread-603) topic-37e8d461_55b6_4dbb_9946_1a1140c0ed86 0 6 {"key11755019654548": "value-6"}
2025-08-12 17:27:39,816 INFO  [io.api.tes.ser.api.KafkaSerdesTester] (Thread-603) topic-37e8d461_55b6_4dbb_9946_1a1140c0ed86 0 7 {"key11755019654548": "value-7"}
2025-08-12 17:27:39,817 INFO  [io.api.tes.ser.api.KafkaSerdesTester] (Thread-603) topic-37e8d461_55b6_4dbb_9946_1a1140c0ed86 0 8 {"key11755019654548": "value-8"}
2025-08-12 17:27:39,817 INFO  [io.api.tes.ser.api.KafkaSerdesTester] (Thread-603) topic-37e8d461_55b6_4dbb_9946_1a1140c0ed86 0 9 {"key11755019654548": "value-9"}
2025-08-12 17:27:39,817 INFO  [io.api.tes.ser.api.KafkaSerdesTester] (Thread-603) Consumed 10 messages
2025-08-12 17:27:39,854 INFO  [org.apa.kaf.cli.con.int.ConsumerRebalanceListenerInvoker] (Thread-603) [Consumer clientId=consumer-Consumer-topic-37e8d461_55b6_4dbb_9946_1a1140c0ed86-1, groupId=Consumer-topic-37e8d461_55b6_4dbb_9946_1a1140c0ed86] Revoke previously assigned partitions topic-37e8d461_55b6_4dbb_9946_1a1140c0ed86-0
2025-08-12 17:27:39,854 INFO  [org.apa.kaf.cli.con.int.ConsumerCoordinator] (Thread-603) [Consumer clientId=consumer-Consumer-topic-37e8d461_55b6_4dbb_9946_1a1140c0ed86-1, groupId=Consumer-topic-37e8d461_55b6_4dbb_9946_1a1140c0ed86] Member consumer-Consumer-topic-37e8d461_55b6_4dbb_9946_1a1140c0ed86-1-94270645-dab1-4862-8673-a9221201051a sending LeaveGroup request to coordinator localhost:32769 (id: 2147483647 rack: null) due to the consumer is being closed
2025-08-12 17:27:39,856 INFO  [org.apa.kaf.cli.con.int.ConsumerCoordinator] (Thread-603) [Consumer clientId=consumer-Consumer-topic-37e8d461_55b6_4dbb_9946_1a1140c0ed86-1, groupId=Consumer-topic-37e8d461_55b6_4dbb_9946_1a1140c0ed86] Resetting generation and member id due to: consumer pro-actively leaving the group
2025-08-12 17:27:39,856 INFO  [org.apa.kaf.cli.con.int.ConsumerCoordinator] (Thread-603) [Consumer clientId=consumer-Consumer-topic-37e8d461_55b6_4dbb_9946_1a1140c0ed86-1, groupId=Consumer-topic-37e8d461_55b6_4dbb_9946_1a1140c0ed86] Request joining group due to: consumer pro-actively leaving the group
2025-08-12 17:27:40,337 INFO  [org.apa.kaf.com.met.Metrics] (Thread-603) Metrics scheduler closed
2025-08-12 17:27:40,337 INFO  [org.apa.kaf.com.met.Metrics] (Thread-603) Closing reporter org.apache.kafka.common.metrics.JmxReporter
2025-08-12 17:27:40,339 INFO  [org.apa.kaf.com.met.Metrics] (Thread-603) Closing reporter org.apache.kafka.common.telemetry.internals.ClientTelemetryReporter
2025-08-12 17:27:40,339 INFO  [org.apa.kaf.com.met.Metrics] (Thread-603) Metrics reporters closed
2025-08-12 17:27:40,357 INFO  [org.apa.kaf.com.uti.AppInfoParser] (Thread-603) App info kafka.consumer for consumer-Consumer-topic-37e8d461_55b6_4dbb_9946_1a1140c0ed86-1 unregistered
2025-08-12 17:27:40,359 INFO  [io.api.tes.uti.TestSeparator] (main) io.apicurio.tests.serdes.apicurio.AvroSerdeIT.testGlobalIdInHeaders-FINISHED
2025-08-12 17:27:40,359 INFO  [io.api.tes.uti.TestSeparator] (main) ############################################################################
Test passed: testGlobalIdInHeaders
]]></system-out>
  </testcase>
  <testcase name="testSimpleTopicIdStrategyFindLatest" classname="io.apicurio.tests.serdes.apicurio.AvroSerdeIT" time="5.021">
    <system-out><![CDATA[2025-08-12 17:27:40,368 INFO  [io.api.tes.uti.TestSeparator] (main) ############################################################################
2025-08-12 17:27:40,368 INFO  [io.api.tes.uti.TestSeparator] (main) io.apicurio.tests.serdes.apicurio.AvroSerdeIT.testSimpleTopicIdStrategyFindLatest-STARTED
2025-08-12 17:27:40,369 INFO  [io.api.tes.ser.api.AvroSerdeIT] (main) Registering Avro Schema: {"type":"record","name":"myrecordapicurio1","fields":[{"name":"key11755019660368","type":"string"}]}
**** Registry Base URL: http://registry-app-ksql043.apps.ci419.apicurio-testing.org:80
2025-08-12 17:27:41,504 INFO  [org.apa.kaf.cli.pro.ProducerConfig] (main) ProducerConfig values: 
	acks = -1
	auto.include.jmx.reporter = true
	batch.size = 16384
	bootstrap.servers = [PLAINTEXT://localhost:32769]
	buffer.memory = 33554432
	client.dns.lookup = use_all_dns_ips
	client.id = Producer-topic-cbafcdd8_c28d_47ed_a76a_229345b0c617
	compression.gzip.level = -1
	compression.lz4.level = 9
	compression.type = none
	compression.zstd.level = 3
	connections.max.idle.ms = 10000
	delivery.timeout.ms = 120000
	enable.idempotence = true
	enable.metrics.push = true
	interceptor.classes = []
	key.serializer = class org.apache.kafka.common.serialization.StringSerializer
	linger.ms = 0
	max.block.ms = 60000
	max.in.flight.requests.per.connection = 5
	max.request.size = 1048576
	metadata.max.age.ms = 300000
	metadata.max.idle.ms = 300000
	metadata.recovery.strategy = none
	metric.reporters = []
	metrics.num.samples = 2
	metrics.recording.level = INFO
	metrics.sample.window.ms = 30000
	partitioner.adaptive.partitioning.enable = true
	partitioner.availability.timeout.ms = 0
	partitioner.class = null
	partitioner.ignore.keys = false
	receive.buffer.bytes = 32768
	reconnect.backoff.max.ms = 1000
	reconnect.backoff.ms = 50
	request.timeout.ms = 5000
	retries = 2147483647
	retry.backoff.max.ms = 1000
	retry.backoff.ms = 100
	sasl.client.callback.handler.class = null
	sasl.jaas.config = null
	sasl.kerberos.kinit.cmd = /usr/bin/kinit
	sasl.kerberos.min.time.before.relogin = 60000
	sasl.kerberos.service.name = null
	sasl.kerberos.ticket.renew.jitter = 0.05
	sasl.kerberos.ticket.renew.window.factor = 0.8
	sasl.login.callback.handler.class = null
	sasl.login.class = null
	sasl.login.connect.timeout.ms = null
	sasl.login.read.timeout.ms = null
	sasl.login.refresh.buffer.seconds = 300
	sasl.login.refresh.min.period.seconds = 60
	sasl.login.refresh.window.factor = 0.8
	sasl.login.refresh.window.jitter = 0.05
	sasl.login.retry.backoff.max.ms = 10000
	sasl.login.retry.backoff.ms = 100
	sasl.mechanism = GSSAPI
	sasl.oauthbearer.clock.skew.seconds = 30
	sasl.oauthbearer.expected.audience = null
	sasl.oauthbearer.expected.issuer = null
	sasl.oauthbearer.header.urlencode = false
	sasl.oauthbearer.jwks.endpoint.refresh.ms = 3600000
	sasl.oauthbearer.jwks.endpoint.retry.backoff.max.ms = 10000
	sasl.oauthbearer.jwks.endpoint.retry.backoff.ms = 100
	sasl.oauthbearer.jwks.endpoint.url = null
	sasl.oauthbearer.scope.claim.name = scope
	sasl.oauthbearer.sub.claim.name = sub
	sasl.oauthbearer.token.endpoint.url = null
	security.protocol = PLAINTEXT
	security.providers = null
	send.buffer.bytes = 131072
	socket.connection.setup.timeout.max.ms = 30000
	socket.connection.setup.timeout.ms = 10000
	ssl.cipher.suites = null
	ssl.enabled.protocols = [TLSv1.2, TLSv1.3]
	ssl.endpoint.identification.algorithm = https
	ssl.engine.factory.class = null
	ssl.key.password = null
	ssl.keymanager.algorithm = SunX509
	ssl.keystore.certificate.chain = null
	ssl.keystore.key = null
	ssl.keystore.location = null
	ssl.keystore.password = null
	ssl.keystore.type = JKS
	ssl.protocol = TLSv1.3
	ssl.provider = null
	ssl.secure.random.implementation = null
	ssl.trustmanager.algorithm = PKIX
	ssl.truststore.certificates = null
	ssl.truststore.location = null
	ssl.truststore.password = null
	ssl.truststore.type = JKS
	transaction.timeout.ms = 60000
	transactional.id = null
	value.serializer = class io.apicurio.registry.serde.avro.AvroKafkaSerializer

2025-08-12 17:27:41,504 INFO  [org.apa.kaf.com.tel.int.KafkaMetricsCollector] (main) initializing Kafka metrics collector
2025-08-12 17:27:41,508 INFO  [org.apa.kaf.cli.pro.KafkaProducer] (main) [Producer clientId=Producer-topic-cbafcdd8_c28d_47ed_a76a_229345b0c617] Instantiated an idempotent producer.
2025-08-12 17:27:41,521 INFO  [org.apa.kaf.cli.pro.ProducerConfig] (main) These configurations '[apicurio.registry.find-latest, apicurio.registry.artifact.group-id, apicurio.registry.url, apicurio.registry.artifact-resolver-strategy]' were supplied but are not used yet.
2025-08-12 17:27:41,521 INFO  [org.apa.kaf.com.uti.AppInfoParser] (main) Kafka version: 3.9.1
2025-08-12 17:27:41,521 INFO  [org.apa.kaf.com.uti.AppInfoParser] (main) Kafka commitId: f745dfdcee2b9851
2025-08-12 17:27:41,521 INFO  [org.apa.kaf.com.uti.AppInfoParser] (main) Kafka startTimeMs: 1755019661521
2025-08-12 17:27:41,522 INFO  [io.api.tes.ser.api.SimpleSerdesTesterBuilder$SimpleSerdesTester] (main) Using producer configuration: {apicurio.registry.find-latest=true, apicurio.registry.artifact.group-id=topic-cbafcdd8_c28d_47ed_a76a_229345b0c617, apicurio.registry.url=http://registry-app-ksql043.apps.ci419.apicurio-testing.org:80/apis/registry/v3, apicurio.registry.artifact-resolver-strategy=io.apicurio.registry.serde.strategy.SimpleTopicIdStrategy, value.serializer=io.apicurio.registry.serde.avro.AvroKafkaSerializer, request.timeout.ms=5000, acks=all, bootstrap.servers=PLAINTEXT://localhost:32769, connections.max.idle.ms=10000, key.serializer=org.apache.kafka.common.serialization.StringSerializer, client.id=Producer-topic-cbafcdd8_c28d_47ed_a76a_229345b0c617}
2025-08-12 17:27:41,522 INFO  [io.api.tes.ser.api.SimpleSerdesTesterBuilder$SimpleSerdesTester] (main) Using consumer configuration: {}
2025-08-12 17:27:41,524 INFO  [io.api.tes.ser.api.KafkaSerdesTester] (Thread-606) Sending message {"key11755019660368": "value-0"} to topic topic-cbafcdd8_c28d_47ed_a76a_229345b0c617
2025-08-12 17:27:41,525 INFO  [org.apa.kaf.cli.Metadata] (kafka-producer-network-thread | Producer-topic-cbafcdd8_c28d_47ed_a76a_229345b0c617) [Producer clientId=Producer-topic-cbafcdd8_c28d_47ed_a76a_229345b0c617] Cluster ID: Fm7ZMVgORveP7Vf0og8MFw
2025-08-12 17:27:41,531 INFO  [org.apa.kaf.cli.pro.int.TransactionManager] (kafka-producer-network-thread | Producer-topic-cbafcdd8_c28d_47ed_a76a_229345b0c617) [Producer clientId=Producer-topic-cbafcdd8_c28d_47ed_a76a_229345b0c617] ProducerId set to 1 with epoch 0
2025-08-12 17:27:41,652 INFO  [io.api.tes.ser.api.KafkaSerdesTester] (Thread-606) Sending message {"key11755019660368": "value-1"} to topic topic-cbafcdd8_c28d_47ed_a76a_229345b0c617
2025-08-12 17:27:41,655 INFO  [io.api.tes.ser.api.KafkaSerdesTester] (Thread-606) Sending message {"key11755019660368": "value-2"} to topic topic-cbafcdd8_c28d_47ed_a76a_229345b0c617
2025-08-12 17:27:41,657 INFO  [io.api.tes.ser.api.KafkaSerdesTester] (Thread-606) Sending message {"key11755019660368": "value-3"} to topic topic-cbafcdd8_c28d_47ed_a76a_229345b0c617
2025-08-12 17:27:41,661 INFO  [io.api.tes.ser.api.KafkaSerdesTester] (Thread-606) Sending message {"key11755019660368": "value-4"} to topic topic-cbafcdd8_c28d_47ed_a76a_229345b0c617
2025-08-12 17:27:41,664 INFO  [io.api.tes.ser.api.KafkaSerdesTester] (Thread-606) Sending message {"key11755019660368": "value-5"} to topic topic-cbafcdd8_c28d_47ed_a76a_229345b0c617
2025-08-12 17:27:41,671 INFO  [io.api.tes.ser.api.KafkaSerdesTester] (Thread-606) Sending message {"key11755019660368": "value-6"} to topic topic-cbafcdd8_c28d_47ed_a76a_229345b0c617
2025-08-12 17:27:41,673 INFO  [io.api.tes.ser.api.KafkaSerdesTester] (Thread-606) Sending message {"key11755019660368": "value-7"} to topic topic-cbafcdd8_c28d_47ed_a76a_229345b0c617
2025-08-12 17:27:41,677 INFO  [io.api.tes.ser.api.KafkaSerdesTester] (Thread-606) Sending message {"key11755019660368": "value-8"} to topic topic-cbafcdd8_c28d_47ed_a76a_229345b0c617
2025-08-12 17:27:41,680 INFO  [io.api.tes.ser.api.KafkaSerdesTester] (Thread-606) Sending message {"key11755019660368": "value-9"} to topic topic-cbafcdd8_c28d_47ed_a76a_229345b0c617
2025-08-12 17:27:41,682 INFO  [io.api.tes.ser.api.KafkaSerdesTester] (Thread-606) Produced 10 messages
2025-08-12 17:27:41,682 INFO  [org.apa.kaf.cli.pro.KafkaProducer] (Thread-606) [Producer clientId=Producer-topic-cbafcdd8_c28d_47ed_a76a_229345b0c617] Closing the Kafka producer with timeoutMillis = 9223372036854775807 ms.
2025-08-12 17:27:41,690 INFO  [org.apa.kaf.com.met.Metrics] (Thread-606) Metrics scheduler closed
2025-08-12 17:27:41,690 INFO  [org.apa.kaf.com.met.Metrics] (Thread-606) Closing reporter org.apache.kafka.common.metrics.JmxReporter
2025-08-12 17:27:41,690 INFO  [org.apa.kaf.com.met.Metrics] (Thread-606) Closing reporter org.apache.kafka.common.telemetry.internals.ClientTelemetryReporter
2025-08-12 17:27:41,690 INFO  [org.apa.kaf.com.met.Metrics] (Thread-606) Metrics reporters closed
2025-08-12 17:27:41,690 INFO  [org.apa.kaf.com.uti.AppInfoParser] (Thread-606) App info kafka.producer for Producer-topic-cbafcdd8_c28d_47ed_a76a_229345b0c617 unregistered
**** Registry Base URL: http://registry-app-ksql043.apps.ci419.apicurio-testing.org:80
2025-08-12 17:27:41,692 INFO  [org.apa.kaf.cli.con.ConsumerConfig] (main) ConsumerConfig values: 
	allow.auto.create.topics = true
	auto.commit.interval.ms = 500
	auto.include.jmx.reporter = true
	auto.offset.reset = earliest
	bootstrap.servers = [PLAINTEXT://localhost:32769]
	check.crcs = true
	client.dns.lookup = use_all_dns_ips
	client.id = consumer-Consumer-topic-cbafcdd8_c28d_47ed_a76a_229345b0c617-2
	client.rack = 
	connections.max.idle.ms = 10000
	default.api.timeout.ms = 60000
	enable.auto.commit = true
	enable.metrics.push = true
	exclude.internal.topics = true
	fetch.max.bytes = 52428800
	fetch.max.wait.ms = 500
	fetch.min.bytes = 1
	group.id = Consumer-topic-cbafcdd8_c28d_47ed_a76a_229345b0c617
	group.instance.id = null
	group.protocol = classic
	group.remote.assignor = null
	heartbeat.interval.ms = 3000
	interceptor.classes = []
	internal.leave.group.on.close = true
	internal.throw.on.fetch.stable.offset.unsupported = false
	isolation.level = read_uncommitted
	key.deserializer = class org.apache.kafka.common.serialization.StringDeserializer
	max.partition.fetch.bytes = 1048576
	max.poll.interval.ms = 300000
	max.poll.records = 500
	metadata.max.age.ms = 300000
	metadata.recovery.strategy = none
	metric.reporters = []
	metrics.num.samples = 2
	metrics.recording.level = INFO
	metrics.sample.window.ms = 30000
	partition.assignment.strategy = [class org.apache.kafka.clients.consumer.RangeAssignor, class org.apache.kafka.clients.consumer.CooperativeStickyAssignor]
	receive.buffer.bytes = 65536
	reconnect.backoff.max.ms = 1000
	reconnect.backoff.ms = 50
	request.timeout.ms = 5000
	retry.backoff.max.ms = 1000
	retry.backoff.ms = 100
	sasl.client.callback.handler.class = null
	sasl.jaas.config = null
	sasl.kerberos.kinit.cmd = /usr/bin/kinit
	sasl.kerberos.min.time.before.relogin = 60000
	sasl.kerberos.service.name = null
	sasl.kerberos.ticket.renew.jitter = 0.05
	sasl.kerberos.ticket.renew.window.factor = 0.8
	sasl.login.callback.handler.class = null
	sasl.login.class = null
	sasl.login.connect.timeout.ms = null
	sasl.login.read.timeout.ms = null
	sasl.login.refresh.buffer.seconds = 300
	sasl.login.refresh.min.period.seconds = 60
	sasl.login.refresh.window.factor = 0.8
	sasl.login.refresh.window.jitter = 0.05
	sasl.login.retry.backoff.max.ms = 10000
	sasl.login.retry.backoff.ms = 100
	sasl.mechanism = GSSAPI
	sasl.oauthbearer.clock.skew.seconds = 30
	sasl.oauthbearer.expected.audience = null
	sasl.oauthbearer.expected.issuer = null
	sasl.oauthbearer.header.urlencode = false
	sasl.oauthbearer.jwks.endpoint.refresh.ms = 3600000
	sasl.oauthbearer.jwks.endpoint.retry.backoff.max.ms = 10000
	sasl.oauthbearer.jwks.endpoint.retry.backoff.ms = 100
	sasl.oauthbearer.jwks.endpoint.url = null
	sasl.oauthbearer.scope.claim.name = scope
	sasl.oauthbearer.sub.claim.name = sub
	sasl.oauthbearer.token.endpoint.url = null
	security.protocol = PLAINTEXT
	security.providers = null
	send.buffer.bytes = 131072
	session.timeout.ms = 45000
	socket.connection.setup.timeout.max.ms = 30000
	socket.connection.setup.timeout.ms = 10000
	ssl.cipher.suites = null
	ssl.enabled.protocols = [TLSv1.2, TLSv1.3]
	ssl.endpoint.identification.algorithm = https
	ssl.engine.factory.class = null
	ssl.key.password = null
	ssl.keymanager.algorithm = SunX509
	ssl.keystore.certificate.chain = null
	ssl.keystore.key = null
	ssl.keystore.location = null
	ssl.keystore.password = null
	ssl.keystore.type = JKS
	ssl.protocol = TLSv1.3
	ssl.provider = null
	ssl.secure.random.implementation = null
	ssl.trustmanager.algorithm = PKIX
	ssl.truststore.certificates = null
	ssl.truststore.location = null
	ssl.truststore.password = null
	ssl.truststore.type = JKS
	value.deserializer = class io.apicurio.registry.serde.avro.AvroKafkaDeserializer

2025-08-12 17:27:41,692 INFO  [org.apa.kaf.com.tel.int.KafkaMetricsCollector] (main) initializing Kafka metrics collector
2025-08-12 17:27:41,712 INFO  [org.apa.kaf.cli.con.ConsumerConfig] (main) These configurations '[apicurio.registry.url]' were supplied but are not used yet.
2025-08-12 17:27:41,715 INFO  [org.apa.kaf.com.uti.AppInfoParser] (main) Kafka version: 3.9.1
2025-08-12 17:27:41,715 INFO  [org.apa.kaf.com.uti.AppInfoParser] (main) Kafka commitId: f745dfdcee2b9851
2025-08-12 17:27:41,715 INFO  [org.apa.kaf.com.uti.AppInfoParser] (main) Kafka startTimeMs: 1755019661712
2025-08-12 17:27:41,719 INFO  [org.apa.kaf.cli.con.int.ClassicKafkaConsumer] (Thread-609) [Consumer clientId=consumer-Consumer-topic-cbafcdd8_c28d_47ed_a76a_229345b0c617-2, groupId=Consumer-topic-cbafcdd8_c28d_47ed_a76a_229345b0c617] Subscribed to topic(s): topic-cbafcdd8_c28d_47ed_a76a_229345b0c617
2025-08-12 17:27:41,728 INFO  [org.apa.kaf.cli.Metadata] (Thread-609) [Consumer clientId=consumer-Consumer-topic-cbafcdd8_c28d_47ed_a76a_229345b0c617-2, groupId=Consumer-topic-cbafcdd8_c28d_47ed_a76a_229345b0c617] Cluster ID: Fm7ZMVgORveP7Vf0og8MFw
2025-08-12 17:27:41,730 INFO  [org.apa.kaf.cli.con.int.ConsumerCoordinator] (Thread-609) [Consumer clientId=consumer-Consumer-topic-cbafcdd8_c28d_47ed_a76a_229345b0c617-2, groupId=Consumer-topic-cbafcdd8_c28d_47ed_a76a_229345b0c617] Discovered group coordinator localhost:32769 (id: 2147483647 rack: null)
2025-08-12 17:27:41,736 INFO  [org.apa.kaf.cli.con.int.ConsumerCoordinator] (Thread-609) [Consumer clientId=consumer-Consumer-topic-cbafcdd8_c28d_47ed_a76a_229345b0c617-2, groupId=Consumer-topic-cbafcdd8_c28d_47ed_a76a_229345b0c617] (Re-)joining group
2025-08-12 17:27:41,743 INFO  [org.apa.kaf.cli.con.int.ConsumerCoordinator] (Thread-609) [Consumer clientId=consumer-Consumer-topic-cbafcdd8_c28d_47ed_a76a_229345b0c617-2, groupId=Consumer-topic-cbafcdd8_c28d_47ed_a76a_229345b0c617] Request joining group due to: need to re-join with the given member-id: consumer-Consumer-topic-cbafcdd8_c28d_47ed_a76a_229345b0c617-2-6984226a-476a-4b60-a287-b184d729ded6
2025-08-12 17:27:41,745 INFO  [org.apa.kaf.cli.con.int.ConsumerCoordinator] (Thread-609) [Consumer clientId=consumer-Consumer-topic-cbafcdd8_c28d_47ed_a76a_229345b0c617-2, groupId=Consumer-topic-cbafcdd8_c28d_47ed_a76a_229345b0c617] (Re-)joining group
2025-08-12 17:27:42,720 INFO  [io.api.tes.ser.api.KafkaSerdesTester] (Thread-609) None found
2025-08-12 17:27:43,721 INFO  [io.api.tes.ser.api.KafkaSerdesTester] (Thread-609) None found
2025-08-12 17:27:44,721 INFO  [io.api.tes.ser.api.KafkaSerdesTester] (Thread-609) None found
2025-08-12 17:27:44,753 INFO  [org.apa.kaf.cli.con.int.ConsumerCoordinator] (Thread-609) [Consumer clientId=consumer-Consumer-topic-cbafcdd8_c28d_47ed_a76a_229345b0c617-2, groupId=Consumer-topic-cbafcdd8_c28d_47ed_a76a_229345b0c617] Successfully joined group with generation Generation{generationId=1, memberId='consumer-Consumer-topic-cbafcdd8_c28d_47ed_a76a_229345b0c617-2-6984226a-476a-4b60-a287-b184d729ded6', protocol='range'}
2025-08-12 17:27:44,753 INFO  [org.apa.kaf.cli.con.int.ConsumerCoordinator] (Thread-609) [Consumer clientId=consumer-Consumer-topic-cbafcdd8_c28d_47ed_a76a_229345b0c617-2, groupId=Consumer-topic-cbafcdd8_c28d_47ed_a76a_229345b0c617] Finished assignment for group at generation 1: {consumer-Consumer-topic-cbafcdd8_c28d_47ed_a76a_229345b0c617-2-6984226a-476a-4b60-a287-b184d729ded6=Assignment(partitions=[topic-cbafcdd8_c28d_47ed_a76a_229345b0c617-0])}
2025-08-12 17:27:44,761 INFO  [org.apa.kaf.cli.con.int.ConsumerCoordinator] (Thread-609) [Consumer clientId=consumer-Consumer-topic-cbafcdd8_c28d_47ed_a76a_229345b0c617-2, groupId=Consumer-topic-cbafcdd8_c28d_47ed_a76a_229345b0c617] Successfully synced group in generation Generation{generationId=1, memberId='consumer-Consumer-topic-cbafcdd8_c28d_47ed_a76a_229345b0c617-2-6984226a-476a-4b60-a287-b184d729ded6', protocol='range'}
2025-08-12 17:27:44,762 INFO  [org.apa.kaf.cli.con.int.ConsumerCoordinator] (Thread-609) [Consumer clientId=consumer-Consumer-topic-cbafcdd8_c28d_47ed_a76a_229345b0c617-2, groupId=Consumer-topic-cbafcdd8_c28d_47ed_a76a_229345b0c617] Notifying assignor about the new Assignment(partitions=[topic-cbafcdd8_c28d_47ed_a76a_229345b0c617-0])
2025-08-12 17:27:44,762 INFO  [org.apa.kaf.cli.con.int.ConsumerRebalanceListenerInvoker] (Thread-609) [Consumer clientId=consumer-Consumer-topic-cbafcdd8_c28d_47ed_a76a_229345b0c617-2, groupId=Consumer-topic-cbafcdd8_c28d_47ed_a76a_229345b0c617] Adding newly assigned partitions: topic-cbafcdd8_c28d_47ed_a76a_229345b0c617-0
2025-08-12 17:27:44,763 INFO  [org.apa.kaf.cli.con.int.ConsumerCoordinator] (Thread-609) [Consumer clientId=consumer-Consumer-topic-cbafcdd8_c28d_47ed_a76a_229345b0c617-2, groupId=Consumer-topic-cbafcdd8_c28d_47ed_a76a_229345b0c617] Found no committed offset for partition topic-cbafcdd8_c28d_47ed_a76a_229345b0c617-0
2025-08-12 17:27:44,779 INFO  [org.apa.kaf.cli.con.int.SubscriptionState] (Thread-609) [Consumer clientId=consumer-Consumer-topic-cbafcdd8_c28d_47ed_a76a_229345b0c617-2, groupId=Consumer-topic-cbafcdd8_c28d_47ed_a76a_229345b0c617] Resetting offset for partition topic-cbafcdd8_c28d_47ed_a76a_229345b0c617-0 to position FetchPosition{offset=0, offsetEpoch=Optional.empty, currentLeader=LeaderAndEpoch{leader=Optional[localhost:32769 (id: 0 rack: null)], epoch=0}}.
2025-08-12 17:27:44,871 INFO  [io.api.tes.ser.api.KafkaSerdesTester] (Thread-609) topic-cbafcdd8_c28d_47ed_a76a_229345b0c617 0 0 {"key11755019660368": "value-0"}
2025-08-12 17:27:44,871 INFO  [io.api.tes.ser.api.KafkaSerdesTester] (Thread-609) topic-cbafcdd8_c28d_47ed_a76a_229345b0c617 0 1 {"key11755019660368": "value-1"}
2025-08-12 17:27:44,871 INFO  [io.api.tes.ser.api.KafkaSerdesTester] (Thread-609) topic-cbafcdd8_c28d_47ed_a76a_229345b0c617 0 2 {"key11755019660368": "value-2"}
2025-08-12 17:27:44,871 INFO  [io.api.tes.ser.api.KafkaSerdesTester] (Thread-609) topic-cbafcdd8_c28d_47ed_a76a_229345b0c617 0 3 {"key11755019660368": "value-3"}
2025-08-12 17:27:44,872 INFO  [io.api.tes.ser.api.KafkaSerdesTester] (Thread-609) topic-cbafcdd8_c28d_47ed_a76a_229345b0c617 0 4 {"key11755019660368": "value-4"}
2025-08-12 17:27:44,873 INFO  [io.api.tes.ser.api.KafkaSerdesTester] (Thread-609) topic-cbafcdd8_c28d_47ed_a76a_229345b0c617 0 5 {"key11755019660368": "value-5"}
2025-08-12 17:27:44,873 INFO  [io.api.tes.ser.api.KafkaSerdesTester] (Thread-609) topic-cbafcdd8_c28d_47ed_a76a_229345b0c617 0 6 {"key11755019660368": "value-6"}
2025-08-12 17:27:44,873 INFO  [io.api.tes.ser.api.KafkaSerdesTester] (Thread-609) topic-cbafcdd8_c28d_47ed_a76a_229345b0c617 0 7 {"key11755019660368": "value-7"}
2025-08-12 17:27:44,873 INFO  [io.api.tes.ser.api.KafkaSerdesTester] (Thread-609) topic-cbafcdd8_c28d_47ed_a76a_229345b0c617 0 8 {"key11755019660368": "value-8"}
2025-08-12 17:27:44,873 INFO  [io.api.tes.ser.api.KafkaSerdesTester] (Thread-609) topic-cbafcdd8_c28d_47ed_a76a_229345b0c617 0 9 {"key11755019660368": "value-9"}
2025-08-12 17:27:44,873 INFO  [io.api.tes.ser.api.KafkaSerdesTester] (Thread-609) Consumed 10 messages
2025-08-12 17:27:44,884 INFO  [org.apa.kaf.cli.con.int.ConsumerRebalanceListenerInvoker] (Thread-609) [Consumer clientId=consumer-Consumer-topic-cbafcdd8_c28d_47ed_a76a_229345b0c617-2, groupId=Consumer-topic-cbafcdd8_c28d_47ed_a76a_229345b0c617] Revoke previously assigned partitions topic-cbafcdd8_c28d_47ed_a76a_229345b0c617-0
2025-08-12 17:27:44,884 INFO  [org.apa.kaf.cli.con.int.ConsumerCoordinator] (Thread-609) [Consumer clientId=consumer-Consumer-topic-cbafcdd8_c28d_47ed_a76a_229345b0c617-2, groupId=Consumer-topic-cbafcdd8_c28d_47ed_a76a_229345b0c617] Member consumer-Consumer-topic-cbafcdd8_c28d_47ed_a76a_229345b0c617-2-6984226a-476a-4b60-a287-b184d729ded6 sending LeaveGroup request to coordinator localhost:32769 (id: 2147483647 rack: null) due to the consumer is being closed
2025-08-12 17:27:44,888 INFO  [org.apa.kaf.cli.con.int.ConsumerCoordinator] (Thread-609) [Consumer clientId=consumer-Consumer-topic-cbafcdd8_c28d_47ed_a76a_229345b0c617-2, groupId=Consumer-topic-cbafcdd8_c28d_47ed_a76a_229345b0c617] Resetting generation and member id due to: consumer pro-actively leaving the group
2025-08-12 17:27:44,888 INFO  [org.apa.kaf.cli.con.int.ConsumerCoordinator] (Thread-609) [Consumer clientId=consumer-Consumer-topic-cbafcdd8_c28d_47ed_a76a_229345b0c617-2, groupId=Consumer-topic-cbafcdd8_c28d_47ed_a76a_229345b0c617] Request joining group due to: consumer pro-actively leaving the group
2025-08-12 17:27:45,375 INFO  [org.apa.kaf.com.met.Metrics] (Thread-609) Metrics scheduler closed
2025-08-12 17:27:45,375 INFO  [org.apa.kaf.com.met.Metrics] (Thread-609) Closing reporter org.apache.kafka.common.metrics.JmxReporter
2025-08-12 17:27:45,375 INFO  [org.apa.kaf.com.met.Metrics] (Thread-609) Closing reporter org.apache.kafka.common.telemetry.internals.ClientTelemetryReporter
2025-08-12 17:27:45,375 INFO  [org.apa.kaf.com.met.Metrics] (Thread-609) Metrics reporters closed
2025-08-12 17:27:45,381 INFO  [org.apa.kaf.com.uti.AppInfoParser] (Thread-609) App info kafka.consumer for consumer-Consumer-topic-cbafcdd8_c28d_47ed_a76a_229345b0c617-2 unregistered
2025-08-12 17:27:45,382 INFO  [io.api.tes.uti.TestSeparator] (main) io.apicurio.tests.serdes.apicurio.AvroSerdeIT.testSimpleTopicIdStrategyFindLatest-FINISHED
2025-08-12 17:27:45,382 INFO  [io.api.tes.uti.TestSeparator] (main) ############################################################################
Test passed: testSimpleTopicIdStrategyFindLatest
]]></system-out>
  </testcase>
  <testcase name="testWrongSchema" classname="io.apicurio.tests.serdes.apicurio.AvroSerdeIT" time="1.237">
    <system-out><![CDATA[2025-08-12 17:27:45,387 INFO  [io.api.tes.uti.TestSeparator] (main) ############################################################################
2025-08-12 17:27:45,387 INFO  [io.api.tes.uti.TestSeparator] (main) io.apicurio.tests.serdes.apicurio.AvroSerdeIT.testWrongSchema-STARTED
**** Registry Base URL: http://registry-app-ksql043.apps.ci419.apicurio-testing.org:80
2025-08-12 17:27:46,521 INFO  [org.apa.kaf.cli.pro.ProducerConfig] (main) ProducerConfig values: 
	acks = -1
	auto.include.jmx.reporter = true
	batch.size = 16384
	bootstrap.servers = [PLAINTEXT://localhost:32769]
	buffer.memory = 33554432
	client.dns.lookup = use_all_dns_ips
	client.id = Producer-se0d9d9bcxcc1bx47d2xb703x63a0cd5a866b
	compression.gzip.level = -1
	compression.lz4.level = 9
	compression.type = none
	compression.zstd.level = 3
	connections.max.idle.ms = 10000
	delivery.timeout.ms = 120000
	enable.idempotence = true
	enable.metrics.push = true
	interceptor.classes = []
	key.serializer = class org.apache.kafka.common.serialization.StringSerializer
	linger.ms = 0
	max.block.ms = 60000
	max.in.flight.requests.per.connection = 5
	max.request.size = 1048576
	metadata.max.age.ms = 300000
	metadata.max.idle.ms = 300000
	metadata.recovery.strategy = none
	metric.reporters = []
	metrics.num.samples = 2
	metrics.recording.level = INFO
	metrics.sample.window.ms = 30000
	partitioner.adaptive.partitioning.enable = true
	partitioner.availability.timeout.ms = 0
	partitioner.class = null
	partitioner.ignore.keys = false
	receive.buffer.bytes = 32768
	reconnect.backoff.max.ms = 1000
	reconnect.backoff.ms = 50
	request.timeout.ms = 5000
	retries = 2147483647
	retry.backoff.max.ms = 1000
	retry.backoff.ms = 100
	sasl.client.callback.handler.class = null
	sasl.jaas.config = null
	sasl.kerberos.kinit.cmd = /usr/bin/kinit
	sasl.kerberos.min.time.before.relogin = 60000
	sasl.kerberos.service.name = null
	sasl.kerberos.ticket.renew.jitter = 0.05
	sasl.kerberos.ticket.renew.window.factor = 0.8
	sasl.login.callback.handler.class = null
	sasl.login.class = null
	sasl.login.connect.timeout.ms = null
	sasl.login.read.timeout.ms = null
	sasl.login.refresh.buffer.seconds = 300
	sasl.login.refresh.min.period.seconds = 60
	sasl.login.refresh.window.factor = 0.8
	sasl.login.refresh.window.jitter = 0.05
	sasl.login.retry.backoff.max.ms = 10000
	sasl.login.retry.backoff.ms = 100
	sasl.mechanism = GSSAPI
	sasl.oauthbearer.clock.skew.seconds = 30
	sasl.oauthbearer.expected.audience = null
	sasl.oauthbearer.expected.issuer = null
	sasl.oauthbearer.header.urlencode = false
	sasl.oauthbearer.jwks.endpoint.refresh.ms = 3600000
	sasl.oauthbearer.jwks.endpoint.retry.backoff.max.ms = 10000
	sasl.oauthbearer.jwks.endpoint.retry.backoff.ms = 100
	sasl.oauthbearer.jwks.endpoint.url = null
	sasl.oauthbearer.scope.claim.name = scope
	sasl.oauthbearer.sub.claim.name = sub
	sasl.oauthbearer.token.endpoint.url = null
	security.protocol = PLAINTEXT
	security.providers = null
	send.buffer.bytes = 131072
	socket.connection.setup.timeout.max.ms = 30000
	socket.connection.setup.timeout.ms = 10000
	ssl.cipher.suites = null
	ssl.enabled.protocols = [TLSv1.2, TLSv1.3]
	ssl.endpoint.identification.algorithm = https
	ssl.engine.factory.class = null
	ssl.key.password = null
	ssl.keymanager.algorithm = SunX509
	ssl.keystore.certificate.chain = null
	ssl.keystore.key = null
	ssl.keystore.location = null
	ssl.keystore.password = null
	ssl.keystore.type = JKS
	ssl.protocol = TLSv1.3
	ssl.provider = null
	ssl.secure.random.implementation = null
	ssl.trustmanager.algorithm = PKIX
	ssl.truststore.certificates = null
	ssl.truststore.location = null
	ssl.truststore.password = null
	ssl.truststore.type = JKS
	transaction.timeout.ms = 60000
	transactional.id = null
	value.serializer = class io.apicurio.registry.serde.avro.AvroKafkaSerializer

2025-08-12 17:27:46,521 INFO  [org.apa.kaf.com.tel.int.KafkaMetricsCollector] (main) initializing Kafka metrics collector
2025-08-12 17:27:46,525 INFO  [org.apa.kaf.cli.pro.KafkaProducer] (main) [Producer clientId=Producer-se0d9d9bcxcc1bx47d2xb703x63a0cd5a866b] Instantiated an idempotent producer.
2025-08-12 17:27:46,534 INFO  [org.apa.kaf.cli.pro.ProducerConfig] (main) These configurations '[apicurio.registry.find-latest, apicurio.registry.url, apicurio.registry.artifact-resolver-strategy]' were supplied but are not used yet.
2025-08-12 17:27:46,534 INFO  [org.apa.kaf.com.uti.AppInfoParser] (main) Kafka version: 3.9.1
2025-08-12 17:27:46,534 INFO  [org.apa.kaf.com.uti.AppInfoParser] (main) Kafka commitId: f745dfdcee2b9851
2025-08-12 17:27:46,535 INFO  [org.apa.kaf.com.uti.AppInfoParser] (main) Kafka startTimeMs: 1755019666534
2025-08-12 17:27:46,537 INFO  [io.api.tes.ser.api.KafkaSerdesTester] (Thread-612) Sending message {"keyB": "value-0"} to topic se0d9d9bcxcc1bx47d2xb703x63a0cd5a866b
2025-08-12 17:27:46,540 INFO  [org.apa.kaf.cli.Metadata] (kafka-producer-network-thread | Producer-se0d9d9bcxcc1bx47d2xb703x63a0cd5a866b) [Producer clientId=Producer-se0d9d9bcxcc1bx47d2xb703x63a0cd5a866b] Cluster ID: Fm7ZMVgORveP7Vf0og8MFw
2025-08-12 17:27:46,540 INFO  [org.apa.kaf.cli.pro.int.TransactionManager] (kafka-producer-network-thread | Producer-se0d9d9bcxcc1bx47d2xb703x63a0cd5a866b) [Producer clientId=Producer-se0d9d9bcxcc1bx47d2xb703x63a0cd5a866b] ProducerId set to 2 with epoch 0
2025-08-12 17:27:46,610 INFO  [org.apa.kaf.cli.pro.KafkaProducer] (Thread-612) [Producer clientId=Producer-se0d9d9bcxcc1bx47d2xb703x63a0cd5a866b] Closing the Kafka producer with timeoutMillis = 9223372036854775807 ms.
2025-08-12 17:27:46,617 INFO  [org.apa.kaf.com.met.Metrics] (Thread-612) Metrics scheduler closed
2025-08-12 17:27:46,617 INFO  [org.apa.kaf.com.met.Metrics] (Thread-612) Closing reporter org.apache.kafka.common.metrics.JmxReporter
2025-08-12 17:27:46,617 INFO  [org.apa.kaf.com.met.Metrics] (Thread-612) Closing reporter org.apache.kafka.common.telemetry.internals.ClientTelemetryReporter
2025-08-12 17:27:46,618 INFO  [org.apa.kaf.com.met.Metrics] (Thread-612) Metrics reporters closed
2025-08-12 17:27:46,618 INFO  [org.apa.kaf.com.uti.AppInfoParser] (Thread-612) App info kafka.producer for Producer-se0d9d9bcxcc1bx47d2xb703x63a0cd5a866b unregistered
2025-08-12 17:27:46,619 INFO  [io.api.tes.uti.TestSeparator] (main) io.apicurio.tests.serdes.apicurio.AvroSerdeIT.testWrongSchema-FINISHED
2025-08-12 17:27:46,620 INFO  [io.api.tes.uti.TestSeparator] (main) ############################################################################
Test passed: testWrongSchema
]]></system-out>
    <system-err><![CDATA[io.apicurio.registry.rest.client.models.ProblemDetails
	at io.apicurio.registry.rest.client.models.ProblemDetails.createFromDiscriminatorValue(ProblemDetails.java:58)
	at io.kiota.serialization.json.JsonParseNode.getObjectValue(JsonParseNode.java:247)
	at io.kiota.http.vertx.VertXRequestAdapter.lambda$throwIfFailedResponse$0(VertXRequestAdapter.java:400)
	at com.microsoft.kiota.ApiExceptionBuilder.<init>(ApiExceptionBuilder.java:26)
	at io.kiota.http.vertx.VertXRequestAdapter.throwIfFailedResponse(VertXRequestAdapter.java:399)
	at io.kiota.http.vertx.VertXRequestAdapter.send(VertXRequestAdapter.java:170)
	at io.apicurio.registry.rest.client.groups.item.artifacts.item.versions.item.WithVersionExpressionItemRequestBuilder.get(WithVersionExpressionItemRequestBuilder.java:128)
	at io.apicurio.registry.rest.client.groups.item.artifacts.item.versions.item.WithVersionExpressionItemRequestBuilder.get(WithVersionExpressionItemRequestBuilder.java:111)
	at io.apicurio.registry.resolver.client.RegistryClientFacadeImpl.getVersionCoordinatesByGAV(RegistryClientFacadeImpl.java:159)
	at io.apicurio.registry.resolver.DefaultSchemaResolver.resolveByCoordinates(DefaultSchemaResolver.java:352)
	at io.apicurio.registry.resolver.DefaultSchemaResolver.lambda$resolveSchemaByArtifactReferenceCached$6(DefaultSchemaResolver.java:340)
	at io.apicurio.registry.resolver.cache.ERCache.lambda$getValue$0(ERCache.java:174)
	at io.apicurio.registry.resolver.cache.ERCache.retry(ERCache.java:227)
	at io.apicurio.registry.resolver.cache.ERCache.getValue(ERCache.java:173)
	at io.apicurio.registry.resolver.cache.ERCache.getByArtifactCoordinates(ERCache.java:158)
	at io.apicurio.registry.resolver.DefaultSchemaResolver.resolveSchemaByArtifactReferenceCached(DefaultSchemaResolver.java:338)
	at io.apicurio.registry.resolver.DefaultSchemaResolver.resolveSchemaByCoordinates(DefaultSchemaResolver.java:193)
	at io.apicurio.registry.resolver.DefaultSchemaResolver.getSchemaFromRegistry(DefaultSchemaResolver.java:130)
	at io.apicurio.registry.resolver.DefaultSchemaResolver.lambda$resolveSchema$0(DefaultSchemaResolver.java:84)
	at java.base/java.util.Optional.orElseGet(Optional.java:364)
	at io.apicurio.registry.resolver.DefaultSchemaResolver.resolveSchema(DefaultSchemaResolver.java:84)
	at io.apicurio.registry.serde.AbstractSerializer.serializeData(AbstractSerializer.java:62)
	at io.apicurio.registry.serde.KafkaSerializer.serialize(KafkaSerializer.java:77)
	at org.apache.kafka.clients.producer.KafkaProducer.doSend(KafkaProducer.java:1046)
	at org.apache.kafka.clients.producer.KafkaProducer.send(KafkaProducer.java:993)
	at org.apache.kafka.clients.producer.KafkaProducer.send(KafkaProducer.java:875)
	at io.apicurio.tests.serdes.apicurio.KafkaSerdesTester.lambda$produceMessages$3(KafkaSerdesTester.java:138)
	at java.base/java.util.concurrent.CompletableFuture$AsyncSupply.run(CompletableFuture.java:1768)
	at java.base/java.lang.Thread.run(Thread.java:840)
]]></system-err>
  </testcase>
  <testcase name="testAvroJSON" classname="io.apicurio.tests.serdes.apicurio.AvroSerdeIT" time="4.007">
    <system-out><![CDATA[2025-08-12 17:27:46,621 INFO  [io.api.tes.uti.TestSeparator] (main) ############################################################################
2025-08-12 17:27:46,621 INFO  [io.api.tes.uti.TestSeparator] (main) io.apicurio.tests.serdes.apicurio.AvroSerdeIT.testAvroJSON-STARTED
**** Registry Base URL: http://registry-app-ksql043.apps.ci419.apicurio-testing.org:80
2025-08-12 17:27:46,630 INFO  [org.apa.kaf.cli.pro.ProducerConfig] (main) ProducerConfig values: 
	acks = -1
	auto.include.jmx.reporter = true
	batch.size = 16384
	bootstrap.servers = [PLAINTEXT://localhost:32769]
	buffer.memory = 33554432
	client.dns.lookup = use_all_dns_ips
	client.id = Producer-topic-4717d212_b80e_45d5_997d_075c39a4f9df
	compression.gzip.level = -1
	compression.lz4.level = 9
	compression.type = none
	compression.zstd.level = 3
	connections.max.idle.ms = 10000
	delivery.timeout.ms = 120000
	enable.idempotence = true
	enable.metrics.push = true
	interceptor.classes = []
	key.serializer = class org.apache.kafka.common.serialization.StringSerializer
	linger.ms = 0
	max.block.ms = 60000
	max.in.flight.requests.per.connection = 5
	max.request.size = 1048576
	metadata.max.age.ms = 300000
	metadata.max.idle.ms = 300000
	metadata.recovery.strategy = none
	metric.reporters = []
	metrics.num.samples = 2
	metrics.recording.level = INFO
	metrics.sample.window.ms = 30000
	partitioner.adaptive.partitioning.enable = true
	partitioner.availability.timeout.ms = 0
	partitioner.class = null
	partitioner.ignore.keys = false
	receive.buffer.bytes = 32768
	reconnect.backoff.max.ms = 1000
	reconnect.backoff.ms = 50
	request.timeout.ms = 5000
	retries = 2147483647
	retry.backoff.max.ms = 1000
	retry.backoff.ms = 100
	sasl.client.callback.handler.class = null
	sasl.jaas.config = null
	sasl.kerberos.kinit.cmd = /usr/bin/kinit
	sasl.kerberos.min.time.before.relogin = 60000
	sasl.kerberos.service.name = null
	sasl.kerberos.ticket.renew.jitter = 0.05
	sasl.kerberos.ticket.renew.window.factor = 0.8
	sasl.login.callback.handler.class = null
	sasl.login.class = null
	sasl.login.connect.timeout.ms = null
	sasl.login.read.timeout.ms = null
	sasl.login.refresh.buffer.seconds = 300
	sasl.login.refresh.min.period.seconds = 60
	sasl.login.refresh.window.factor = 0.8
	sasl.login.refresh.window.jitter = 0.05
	sasl.login.retry.backoff.max.ms = 10000
	sasl.login.retry.backoff.ms = 100
	sasl.mechanism = GSSAPI
	sasl.oauthbearer.clock.skew.seconds = 30
	sasl.oauthbearer.expected.audience = null
	sasl.oauthbearer.expected.issuer = null
	sasl.oauthbearer.header.urlencode = false
	sasl.oauthbearer.jwks.endpoint.refresh.ms = 3600000
	sasl.oauthbearer.jwks.endpoint.retry.backoff.max.ms = 10000
	sasl.oauthbearer.jwks.endpoint.retry.backoff.ms = 100
	sasl.oauthbearer.jwks.endpoint.url = null
	sasl.oauthbearer.scope.claim.name = scope
	sasl.oauthbearer.sub.claim.name = sub
	sasl.oauthbearer.token.endpoint.url = null
	security.protocol = PLAINTEXT
	security.providers = null
	send.buffer.bytes = 131072
	socket.connection.setup.timeout.max.ms = 30000
	socket.connection.setup.timeout.ms = 10000
	ssl.cipher.suites = null
	ssl.enabled.protocols = [TLSv1.2, TLSv1.3]
	ssl.endpoint.identification.algorithm = https
	ssl.engine.factory.class = null
	ssl.key.password = null
	ssl.keymanager.algorithm = SunX509
	ssl.keystore.certificate.chain = null
	ssl.keystore.key = null
	ssl.keystore.location = null
	ssl.keystore.password = null
	ssl.keystore.type = JKS
	ssl.protocol = TLSv1.3
	ssl.provider = null
	ssl.secure.random.implementation = null
	ssl.trustmanager.algorithm = PKIX
	ssl.truststore.certificates = null
	ssl.truststore.location = null
	ssl.truststore.password = null
	ssl.truststore.type = JKS
	transaction.timeout.ms = 60000
	transactional.id = null
	value.serializer = class io.apicurio.registry.serde.avro.AvroKafkaSerializer

2025-08-12 17:27:46,635 INFO  [org.apa.kaf.com.tel.int.KafkaMetricsCollector] (main) initializing Kafka metrics collector
2025-08-12 17:27:46,645 INFO  [org.apa.kaf.cli.pro.KafkaProducer] (main) [Producer clientId=Producer-topic-4717d212_b80e_45d5_997d_075c39a4f9df] Instantiated an idempotent producer.
2025-08-12 17:27:46,649 INFO  [org.apa.kaf.cli.pro.ProducerConfig] (main) These configurations '[apicurio.registry.avro.encoding, apicurio.registry.url, apicurio.registry.auto-register, apicurio.registry.artifact-resolver-strategy]' were supplied but are not used yet.
2025-08-12 17:27:46,649 INFO  [org.apa.kaf.com.uti.AppInfoParser] (main) Kafka version: 3.9.1
2025-08-12 17:27:46,649 INFO  [org.apa.kaf.com.uti.AppInfoParser] (main) Kafka commitId: f745dfdcee2b9851
2025-08-12 17:27:46,649 INFO  [org.apa.kaf.com.uti.AppInfoParser] (main) Kafka startTimeMs: 1755019666649
2025-08-12 17:27:46,651 INFO  [io.api.tes.ser.api.SimpleSerdesTesterBuilder$SimpleSerdesTester] (main) Using producer configuration: {apicurio.registry.avro.encoding=JSON, apicurio.registry.url=http://registry-app-ksql043.apps.ci419.apicurio-testing.org:80/apis/registry/v3, apicurio.registry.auto-register=true, apicurio.registry.artifact-resolver-strategy=io.apicurio.registry.serde.strategy.TopicIdStrategy, value.serializer=io.apicurio.registry.serde.avro.AvroKafkaSerializer, request.timeout.ms=5000, acks=all, bootstrap.servers=PLAINTEXT://localhost:32769, connections.max.idle.ms=10000, key.serializer=org.apache.kafka.common.serialization.StringSerializer, client.id=Producer-topic-4717d212_b80e_45d5_997d_075c39a4f9df}
2025-08-12 17:27:46,651 INFO  [io.api.tes.ser.api.SimpleSerdesTesterBuilder$SimpleSerdesTester] (main) Using consumer configuration: {apicurio.registry.avro.encoding=JSON}
2025-08-12 17:27:46,652 INFO  [io.api.tes.ser.api.KafkaSerdesTester] (Thread-615) Sending message {"bar": "value-0"} to topic topic-4717d212_b80e_45d5_997d_075c39a4f9df
2025-08-12 17:27:46,656 WARN  [org.apa.kaf.cli.NetworkClient] (kafka-producer-network-thread | Producer-topic-4717d212_b80e_45d5_997d_075c39a4f9df) [Producer clientId=Producer-topic-4717d212_b80e_45d5_997d_075c39a4f9df] The metadata response from the cluster reported a recoverable issue with correlation id 1 : {topic-4717d212_b80e_45d5_997d_075c39a4f9df=UNKNOWN_TOPIC_OR_PARTITION}
2025-08-12 17:27:46,657 INFO  [org.apa.kaf.cli.Metadata] (kafka-producer-network-thread | Producer-topic-4717d212_b80e_45d5_997d_075c39a4f9df) [Producer clientId=Producer-topic-4717d212_b80e_45d5_997d_075c39a4f9df] Cluster ID: Fm7ZMVgORveP7Vf0og8MFw
2025-08-12 17:27:46,657 INFO  [org.apa.kaf.cli.pro.int.TransactionManager] (kafka-producer-network-thread | Producer-topic-4717d212_b80e_45d5_997d_075c39a4f9df) [Producer clientId=Producer-topic-4717d212_b80e_45d5_997d_075c39a4f9df] ProducerId set to 3 with epoch 0
2025-08-12 17:27:46,872 INFO  [io.api.tes.ser.api.KafkaSerdesTester] (Thread-615) Sending message {"bar": "value-1"} to topic topic-4717d212_b80e_45d5_997d_075c39a4f9df
2025-08-12 17:27:46,875 INFO  [io.api.tes.ser.api.KafkaSerdesTester] (Thread-615) Sending message {"bar": "value-2"} to topic topic-4717d212_b80e_45d5_997d_075c39a4f9df
2025-08-12 17:27:46,877 INFO  [io.api.tes.ser.api.KafkaSerdesTester] (Thread-615) Sending message {"bar": "value-3"} to topic topic-4717d212_b80e_45d5_997d_075c39a4f9df
2025-08-12 17:27:46,879 INFO  [io.api.tes.ser.api.KafkaSerdesTester] (Thread-615) Sending message {"bar": "value-4"} to topic topic-4717d212_b80e_45d5_997d_075c39a4f9df
2025-08-12 17:27:46,885 INFO  [io.api.tes.ser.api.KafkaSerdesTester] (Thread-615) Sending message {"bar": "value-5"} to topic topic-4717d212_b80e_45d5_997d_075c39a4f9df
2025-08-12 17:27:46,889 INFO  [io.api.tes.ser.api.KafkaSerdesTester] (Thread-615) Sending message {"bar": "value-6"} to topic topic-4717d212_b80e_45d5_997d_075c39a4f9df
2025-08-12 17:27:46,892 INFO  [io.api.tes.ser.api.KafkaSerdesTester] (Thread-615) Sending message {"bar": "value-7"} to topic topic-4717d212_b80e_45d5_997d_075c39a4f9df
2025-08-12 17:27:46,894 INFO  [io.api.tes.ser.api.KafkaSerdesTester] (Thread-615) Sending message {"bar": "value-8"} to topic topic-4717d212_b80e_45d5_997d_075c39a4f9df
2025-08-12 17:27:46,898 INFO  [io.api.tes.ser.api.KafkaSerdesTester] (Thread-615) Sending message {"bar": "value-9"} to topic topic-4717d212_b80e_45d5_997d_075c39a4f9df
2025-08-12 17:27:46,901 INFO  [io.api.tes.ser.api.KafkaSerdesTester] (Thread-615) Produced 10 messages
2025-08-12 17:27:46,901 INFO  [org.apa.kaf.cli.pro.KafkaProducer] (Thread-615) [Producer clientId=Producer-topic-4717d212_b80e_45d5_997d_075c39a4f9df] Closing the Kafka producer with timeoutMillis = 9223372036854775807 ms.
2025-08-12 17:27:46,906 INFO  [org.apa.kaf.com.met.Metrics] (Thread-615) Metrics scheduler closed
2025-08-12 17:27:46,906 INFO  [org.apa.kaf.com.met.Metrics] (Thread-615) Closing reporter org.apache.kafka.common.metrics.JmxReporter
2025-08-12 17:27:46,906 INFO  [org.apa.kaf.com.met.Metrics] (Thread-615) Closing reporter org.apache.kafka.common.telemetry.internals.ClientTelemetryReporter
2025-08-12 17:27:46,906 INFO  [org.apa.kaf.com.met.Metrics] (Thread-615) Metrics reporters closed
2025-08-12 17:27:46,907 INFO  [org.apa.kaf.com.uti.AppInfoParser] (Thread-615) App info kafka.producer for Producer-topic-4717d212_b80e_45d5_997d_075c39a4f9df unregistered
**** Registry Base URL: http://registry-app-ksql043.apps.ci419.apicurio-testing.org:80
2025-08-12 17:27:46,965 INFO  [org.apa.kaf.cli.con.ConsumerConfig] (main) ConsumerConfig values: 
	allow.auto.create.topics = true
	auto.commit.interval.ms = 500
	auto.include.jmx.reporter = true
	auto.offset.reset = earliest
	bootstrap.servers = [PLAINTEXT://localhost:32769]
	check.crcs = true
	client.dns.lookup = use_all_dns_ips
	client.id = consumer-Consumer-topic-4717d212_b80e_45d5_997d_075c39a4f9df-3
	client.rack = 
	connections.max.idle.ms = 10000
	default.api.timeout.ms = 60000
	enable.auto.commit = true
	enable.metrics.push = true
	exclude.internal.topics = true
	fetch.max.bytes = 52428800
	fetch.max.wait.ms = 500
	fetch.min.bytes = 1
	group.id = Consumer-topic-4717d212_b80e_45d5_997d_075c39a4f9df
	group.instance.id = null
	group.protocol = classic
	group.remote.assignor = null
	heartbeat.interval.ms = 3000
	interceptor.classes = []
	internal.leave.group.on.close = true
	internal.throw.on.fetch.stable.offset.unsupported = false
	isolation.level = read_uncommitted
	key.deserializer = class org.apache.kafka.common.serialization.StringDeserializer
	max.partition.fetch.bytes = 1048576
	max.poll.interval.ms = 300000
	max.poll.records = 500
	metadata.max.age.ms = 300000
	metadata.recovery.strategy = none
	metric.reporters = []
	metrics.num.samples = 2
	metrics.recording.level = INFO
	metrics.sample.window.ms = 30000
	partition.assignment.strategy = [class org.apache.kafka.clients.consumer.RangeAssignor, class org.apache.kafka.clients.consumer.CooperativeStickyAssignor]
	receive.buffer.bytes = 65536
	reconnect.backoff.max.ms = 1000
	reconnect.backoff.ms = 50
	request.timeout.ms = 5000
	retry.backoff.max.ms = 1000
	retry.backoff.ms = 100
	sasl.client.callback.handler.class = null
	sasl.jaas.config = null
	sasl.kerberos.kinit.cmd = /usr/bin/kinit
	sasl.kerberos.min.time.before.relogin = 60000
	sasl.kerberos.service.name = null
	sasl.kerberos.ticket.renew.jitter = 0.05
	sasl.kerberos.ticket.renew.window.factor = 0.8
	sasl.login.callback.handler.class = null
	sasl.login.class = null
	sasl.login.connect.timeout.ms = null
	sasl.login.read.timeout.ms = null
	sasl.login.refresh.buffer.seconds = 300
	sasl.login.refresh.min.period.seconds = 60
	sasl.login.refresh.window.factor = 0.8
	sasl.login.refresh.window.jitter = 0.05
	sasl.login.retry.backoff.max.ms = 10000
	sasl.login.retry.backoff.ms = 100
	sasl.mechanism = GSSAPI
	sasl.oauthbearer.clock.skew.seconds = 30
	sasl.oauthbearer.expected.audience = null
	sasl.oauthbearer.expected.issuer = null
	sasl.oauthbearer.header.urlencode = false
	sasl.oauthbearer.jwks.endpoint.refresh.ms = 3600000
	sasl.oauthbearer.jwks.endpoint.retry.backoff.max.ms = 10000
	sasl.oauthbearer.jwks.endpoint.retry.backoff.ms = 100
	sasl.oauthbearer.jwks.endpoint.url = null
	sasl.oauthbearer.scope.claim.name = scope
	sasl.oauthbearer.sub.claim.name = sub
	sasl.oauthbearer.token.endpoint.url = null
	security.protocol = PLAINTEXT
	security.providers = null
	send.buffer.bytes = 131072
	session.timeout.ms = 45000
	socket.connection.setup.timeout.max.ms = 30000
	socket.connection.setup.timeout.ms = 10000
	ssl.cipher.suites = null
	ssl.enabled.protocols = [TLSv1.2, TLSv1.3]
	ssl.endpoint.identification.algorithm = https
	ssl.engine.factory.class = null
	ssl.key.password = null
	ssl.keymanager.algorithm = SunX509
	ssl.keystore.certificate.chain = null
	ssl.keystore.key = null
	ssl.keystore.location = null
	ssl.keystore.password = null
	ssl.keystore.type = JKS
	ssl.protocol = TLSv1.3
	ssl.provider = null
	ssl.secure.random.implementation = null
	ssl.trustmanager.algorithm = PKIX
	ssl.truststore.certificates = null
	ssl.truststore.location = null
	ssl.truststore.password = null
	ssl.truststore.type = JKS
	value.deserializer = class io.apicurio.registry.serde.avro.AvroKafkaDeserializer

2025-08-12 17:27:46,966 INFO  [org.apa.kaf.com.tel.int.KafkaMetricsCollector] (main) initializing Kafka metrics collector
2025-08-12 17:27:46,976 INFO  [org.apa.kaf.cli.con.ConsumerConfig] (main) These configurations '[apicurio.registry.avro.encoding, apicurio.registry.url]' were supplied but are not used yet.
2025-08-12 17:27:46,977 INFO  [org.apa.kaf.com.uti.AppInfoParser] (main) Kafka version: 3.9.1
2025-08-12 17:27:46,977 INFO  [org.apa.kaf.com.uti.AppInfoParser] (main) Kafka commitId: f745dfdcee2b9851
2025-08-12 17:27:46,977 INFO  [org.apa.kaf.com.uti.AppInfoParser] (main) Kafka startTimeMs: 1755019666976
2025-08-12 17:27:46,977 INFO  [org.apa.kaf.cli.con.int.ClassicKafkaConsumer] (Thread-618) [Consumer clientId=consumer-Consumer-topic-4717d212_b80e_45d5_997d_075c39a4f9df-3, groupId=Consumer-topic-4717d212_b80e_45d5_997d_075c39a4f9df] Subscribed to topic(s): topic-4717d212_b80e_45d5_997d_075c39a4f9df
2025-08-12 17:27:46,998 INFO  [org.apa.kaf.cli.Metadata] (Thread-618) [Consumer clientId=consumer-Consumer-topic-4717d212_b80e_45d5_997d_075c39a4f9df-3, groupId=Consumer-topic-4717d212_b80e_45d5_997d_075c39a4f9df] Cluster ID: Fm7ZMVgORveP7Vf0og8MFw
2025-08-12 17:27:46,998 INFO  [org.apa.kaf.cli.con.int.ConsumerCoordinator] (Thread-618) [Consumer clientId=consumer-Consumer-topic-4717d212_b80e_45d5_997d_075c39a4f9df-3, groupId=Consumer-topic-4717d212_b80e_45d5_997d_075c39a4f9df] Discovered group coordinator localhost:32769 (id: 2147483647 rack: null)
2025-08-12 17:27:47,002 INFO  [org.apa.kaf.cli.con.int.ConsumerCoordinator] (Thread-618) [Consumer clientId=consumer-Consumer-topic-4717d212_b80e_45d5_997d_075c39a4f9df-3, groupId=Consumer-topic-4717d212_b80e_45d5_997d_075c39a4f9df] (Re-)joining group
2025-08-12 17:27:47,007 INFO  [org.apa.kaf.cli.con.int.ConsumerCoordinator] (Thread-618) [Consumer clientId=consumer-Consumer-topic-4717d212_b80e_45d5_997d_075c39a4f9df-3, groupId=Consumer-topic-4717d212_b80e_45d5_997d_075c39a4f9df] Request joining group due to: need to re-join with the given member-id: consumer-Consumer-topic-4717d212_b80e_45d5_997d_075c39a4f9df-3-08559c8e-6895-4796-bb11-c59167d1fb04
2025-08-12 17:27:47,008 INFO  [org.apa.kaf.cli.con.int.ConsumerCoordinator] (Thread-618) [Consumer clientId=consumer-Consumer-topic-4717d212_b80e_45d5_997d_075c39a4f9df-3, groupId=Consumer-topic-4717d212_b80e_45d5_997d_075c39a4f9df] (Re-)joining group
2025-08-12 17:27:47,977 INFO  [io.api.tes.ser.api.KafkaSerdesTester] (Thread-618) None found
2025-08-12 17:27:48,979 INFO  [io.api.tes.ser.api.KafkaSerdesTester] (Thread-618) None found
2025-08-12 17:27:49,980 INFO  [io.api.tes.ser.api.KafkaSerdesTester] (Thread-618) None found
2025-08-12 17:27:50,009 INFO  [org.apa.kaf.cli.con.int.ConsumerCoordinator] (Thread-618) [Consumer clientId=consumer-Consumer-topic-4717d212_b80e_45d5_997d_075c39a4f9df-3, groupId=Consumer-topic-4717d212_b80e_45d5_997d_075c39a4f9df] Successfully joined group with generation Generation{generationId=1, memberId='consumer-Consumer-topic-4717d212_b80e_45d5_997d_075c39a4f9df-3-08559c8e-6895-4796-bb11-c59167d1fb04', protocol='range'}
2025-08-12 17:27:50,010 INFO  [org.apa.kaf.cli.con.int.ConsumerCoordinator] (Thread-618) [Consumer clientId=consumer-Consumer-topic-4717d212_b80e_45d5_997d_075c39a4f9df-3, groupId=Consumer-topic-4717d212_b80e_45d5_997d_075c39a4f9df] Finished assignment for group at generation 1: {consumer-Consumer-topic-4717d212_b80e_45d5_997d_075c39a4f9df-3-08559c8e-6895-4796-bb11-c59167d1fb04=Assignment(partitions=[topic-4717d212_b80e_45d5_997d_075c39a4f9df-0])}
2025-08-12 17:27:50,018 INFO  [org.apa.kaf.cli.con.int.ConsumerCoordinator] (Thread-618) [Consumer clientId=consumer-Consumer-topic-4717d212_b80e_45d5_997d_075c39a4f9df-3, groupId=Consumer-topic-4717d212_b80e_45d5_997d_075c39a4f9df] Successfully synced group in generation Generation{generationId=1, memberId='consumer-Consumer-topic-4717d212_b80e_45d5_997d_075c39a4f9df-3-08559c8e-6895-4796-bb11-c59167d1fb04', protocol='range'}
2025-08-12 17:27:50,018 INFO  [org.apa.kaf.cli.con.int.ConsumerCoordinator] (Thread-618) [Consumer clientId=consumer-Consumer-topic-4717d212_b80e_45d5_997d_075c39a4f9df-3, groupId=Consumer-topic-4717d212_b80e_45d5_997d_075c39a4f9df] Notifying assignor about the new Assignment(partitions=[topic-4717d212_b80e_45d5_997d_075c39a4f9df-0])
2025-08-12 17:27:50,018 INFO  [org.apa.kaf.cli.con.int.ConsumerRebalanceListenerInvoker] (Thread-618) [Consumer clientId=consumer-Consumer-topic-4717d212_b80e_45d5_997d_075c39a4f9df-3, groupId=Consumer-topic-4717d212_b80e_45d5_997d_075c39a4f9df] Adding newly assigned partitions: topic-4717d212_b80e_45d5_997d_075c39a4f9df-0
2025-08-12 17:27:50,020 INFO  [org.apa.kaf.cli.con.int.ConsumerCoordinator] (Thread-618) [Consumer clientId=consumer-Consumer-topic-4717d212_b80e_45d5_997d_075c39a4f9df-3, groupId=Consumer-topic-4717d212_b80e_45d5_997d_075c39a4f9df] Found no committed offset for partition topic-4717d212_b80e_45d5_997d_075c39a4f9df-0
2025-08-12 17:27:50,027 INFO  [org.apa.kaf.cli.con.int.SubscriptionState] (Thread-618) [Consumer clientId=consumer-Consumer-topic-4717d212_b80e_45d5_997d_075c39a4f9df-3, groupId=Consumer-topic-4717d212_b80e_45d5_997d_075c39a4f9df] Resetting offset for partition topic-4717d212_b80e_45d5_997d_075c39a4f9df-0 to position FetchPosition{offset=0, offsetEpoch=Optional.empty, currentLeader=LeaderAndEpoch{leader=Optional[localhost:32769 (id: 0 rack: null)], epoch=0}}.
2025-08-12 17:27:50,116 INFO  [io.api.tes.ser.api.KafkaSerdesTester] (Thread-618) topic-4717d212_b80e_45d5_997d_075c39a4f9df 0 0 {"bar": "value-0"}
2025-08-12 17:27:50,116 INFO  [io.api.tes.ser.api.KafkaSerdesTester] (Thread-618) topic-4717d212_b80e_45d5_997d_075c39a4f9df 0 1 {"bar": "value-1"}
2025-08-12 17:27:50,117 INFO  [io.api.tes.ser.api.KafkaSerdesTester] (Thread-618) topic-4717d212_b80e_45d5_997d_075c39a4f9df 0 2 {"bar": "value-2"}
2025-08-12 17:27:50,117 INFO  [io.api.tes.ser.api.KafkaSerdesTester] (Thread-618) topic-4717d212_b80e_45d5_997d_075c39a4f9df 0 3 {"bar": "value-3"}
2025-08-12 17:27:50,117 INFO  [io.api.tes.ser.api.KafkaSerdesTester] (Thread-618) topic-4717d212_b80e_45d5_997d_075c39a4f9df 0 4 {"bar": "value-4"}
2025-08-12 17:27:50,117 INFO  [io.api.tes.ser.api.KafkaSerdesTester] (Thread-618) topic-4717d212_b80e_45d5_997d_075c39a4f9df 0 5 {"bar": "value-5"}
2025-08-12 17:27:50,117 INFO  [io.api.tes.ser.api.KafkaSerdesTester] (Thread-618) topic-4717d212_b80e_45d5_997d_075c39a4f9df 0 6 {"bar": "value-6"}
2025-08-12 17:27:50,119 INFO  [io.api.tes.ser.api.KafkaSerdesTester] (Thread-618) topic-4717d212_b80e_45d5_997d_075c39a4f9df 0 7 {"bar": "value-7"}
2025-08-12 17:27:50,119 INFO  [io.api.tes.ser.api.KafkaSerdesTester] (Thread-618) topic-4717d212_b80e_45d5_997d_075c39a4f9df 0 8 {"bar": "value-8"}
2025-08-12 17:27:50,119 INFO  [io.api.tes.ser.api.KafkaSerdesTester] (Thread-618) topic-4717d212_b80e_45d5_997d_075c39a4f9df 0 9 {"bar": "value-9"}
2025-08-12 17:27:50,119 INFO  [io.api.tes.ser.api.KafkaSerdesTester] (Thread-618) Consumed 10 messages
2025-08-12 17:27:50,128 INFO  [org.apa.kaf.cli.con.int.ConsumerRebalanceListenerInvoker] (Thread-618) [Consumer clientId=consumer-Consumer-topic-4717d212_b80e_45d5_997d_075c39a4f9df-3, groupId=Consumer-topic-4717d212_b80e_45d5_997d_075c39a4f9df] Revoke previously assigned partitions topic-4717d212_b80e_45d5_997d_075c39a4f9df-0
2025-08-12 17:27:50,128 INFO  [org.apa.kaf.cli.con.int.ConsumerCoordinator] (Thread-618) [Consumer clientId=consumer-Consumer-topic-4717d212_b80e_45d5_997d_075c39a4f9df-3, groupId=Consumer-topic-4717d212_b80e_45d5_997d_075c39a4f9df] Member consumer-Consumer-topic-4717d212_b80e_45d5_997d_075c39a4f9df-3-08559c8e-6895-4796-bb11-c59167d1fb04 sending LeaveGroup request to coordinator localhost:32769 (id: 2147483647 rack: null) due to the consumer is being closed
2025-08-12 17:27:50,128 INFO  [org.apa.kaf.cli.con.int.ConsumerCoordinator] (Thread-618) [Consumer clientId=consumer-Consumer-topic-4717d212_b80e_45d5_997d_075c39a4f9df-3, groupId=Consumer-topic-4717d212_b80e_45d5_997d_075c39a4f9df] Resetting generation and member id due to: consumer pro-actively leaving the group
2025-08-12 17:27:50,128 INFO  [org.apa.kaf.cli.con.int.ConsumerCoordinator] (Thread-618) [Consumer clientId=consumer-Consumer-topic-4717d212_b80e_45d5_997d_075c39a4f9df-3, groupId=Consumer-topic-4717d212_b80e_45d5_997d_075c39a4f9df] Request joining group due to: consumer pro-actively leaving the group
2025-08-12 17:27:50,621 INFO  [org.apa.kaf.com.met.Metrics] (Thread-618) Metrics scheduler closed
2025-08-12 17:27:50,621 INFO  [org.apa.kaf.com.met.Metrics] (Thread-618) Closing reporter org.apache.kafka.common.metrics.JmxReporter
2025-08-12 17:27:50,621 INFO  [org.apa.kaf.com.met.Metrics] (Thread-618) Closing reporter org.apache.kafka.common.telemetry.internals.ClientTelemetryReporter
2025-08-12 17:27:50,621 INFO  [org.apa.kaf.com.met.Metrics] (Thread-618) Metrics reporters closed
2025-08-12 17:27:50,625 INFO  [org.apa.kaf.com.uti.AppInfoParser] (Thread-618) App info kafka.consumer for consumer-Consumer-topic-4717d212_b80e_45d5_997d_075c39a4f9df-3 unregistered
2025-08-12 17:27:50,626 INFO  [io.api.tes.uti.TestSeparator] (main) io.apicurio.tests.serdes.apicurio.AvroSerdeIT.testAvroJSON-FINISHED
2025-08-12 17:27:50,626 INFO  [io.api.tes.uti.TestSeparator] (main) ############################################################################
Test passed: testAvroJSON
]]></system-out>
  </testcase>
  <testcase name="testTopicIdStrategyAutoRegister" classname="io.apicurio.tests.serdes.apicurio.AvroSerdeIT" time="4.051">
    <system-out><![CDATA[2025-08-12 17:27:50,629 INFO  [io.api.tes.uti.TestSeparator] (main) ############################################################################
2025-08-12 17:27:50,629 INFO  [io.api.tes.uti.TestSeparator] (main) io.apicurio.tests.serdes.apicurio.AvroSerdeIT.testTopicIdStrategyAutoRegister-STARTED
**** Registry Base URL: http://registry-app-ksql043.apps.ci419.apicurio-testing.org:80
2025-08-12 17:27:50,638 INFO  [org.apa.kaf.cli.pro.ProducerConfig] (main) ProducerConfig values: 
	acks = -1
	auto.include.jmx.reporter = true
	batch.size = 16384
	bootstrap.servers = [PLAINTEXT://localhost:32769]
	buffer.memory = 33554432
	client.dns.lookup = use_all_dns_ips
	client.id = Producer-topic-4267cd30_b319_4a5e_b5a6_8aab19bcb2d4
	compression.gzip.level = -1
	compression.lz4.level = 9
	compression.type = none
	compression.zstd.level = 3
	connections.max.idle.ms = 10000
	delivery.timeout.ms = 120000
	enable.idempotence = true
	enable.metrics.push = true
	interceptor.classes = []
	key.serializer = class org.apache.kafka.common.serialization.StringSerializer
	linger.ms = 0
	max.block.ms = 60000
	max.in.flight.requests.per.connection = 5
	max.request.size = 1048576
	metadata.max.age.ms = 300000
	metadata.max.idle.ms = 300000
	metadata.recovery.strategy = none
	metric.reporters = []
	metrics.num.samples = 2
	metrics.recording.level = INFO
	metrics.sample.window.ms = 30000
	partitioner.adaptive.partitioning.enable = true
	partitioner.availability.timeout.ms = 0
	partitioner.class = null
	partitioner.ignore.keys = false
	receive.buffer.bytes = 32768
	reconnect.backoff.max.ms = 1000
	reconnect.backoff.ms = 50
	request.timeout.ms = 5000
	retries = 2147483647
	retry.backoff.max.ms = 1000
	retry.backoff.ms = 100
	sasl.client.callback.handler.class = null
	sasl.jaas.config = null
	sasl.kerberos.kinit.cmd = /usr/bin/kinit
	sasl.kerberos.min.time.before.relogin = 60000
	sasl.kerberos.service.name = null
	sasl.kerberos.ticket.renew.jitter = 0.05
	sasl.kerberos.ticket.renew.window.factor = 0.8
	sasl.login.callback.handler.class = null
	sasl.login.class = null
	sasl.login.connect.timeout.ms = null
	sasl.login.read.timeout.ms = null
	sasl.login.refresh.buffer.seconds = 300
	sasl.login.refresh.min.period.seconds = 60
	sasl.login.refresh.window.factor = 0.8
	sasl.login.refresh.window.jitter = 0.05
	sasl.login.retry.backoff.max.ms = 10000
	sasl.login.retry.backoff.ms = 100
	sasl.mechanism = GSSAPI
	sasl.oauthbearer.clock.skew.seconds = 30
	sasl.oauthbearer.expected.audience = null
	sasl.oauthbearer.expected.issuer = null
	sasl.oauthbearer.header.urlencode = false
	sasl.oauthbearer.jwks.endpoint.refresh.ms = 3600000
	sasl.oauthbearer.jwks.endpoint.retry.backoff.max.ms = 10000
	sasl.oauthbearer.jwks.endpoint.retry.backoff.ms = 100
	sasl.oauthbearer.jwks.endpoint.url = null
	sasl.oauthbearer.scope.claim.name = scope
	sasl.oauthbearer.sub.claim.name = sub
	sasl.oauthbearer.token.endpoint.url = null
	security.protocol = PLAINTEXT
	security.providers = null
	send.buffer.bytes = 131072
	socket.connection.setup.timeout.max.ms = 30000
	socket.connection.setup.timeout.ms = 10000
	ssl.cipher.suites = null
	ssl.enabled.protocols = [TLSv1.2, TLSv1.3]
	ssl.endpoint.identification.algorithm = https
	ssl.engine.factory.class = null
	ssl.key.password = null
	ssl.keymanager.algorithm = SunX509
	ssl.keystore.certificate.chain = null
	ssl.keystore.key = null
	ssl.keystore.location = null
	ssl.keystore.password = null
	ssl.keystore.type = JKS
	ssl.protocol = TLSv1.3
	ssl.provider = null
	ssl.secure.random.implementation = null
	ssl.trustmanager.algorithm = PKIX
	ssl.truststore.certificates = null
	ssl.truststore.location = null
	ssl.truststore.password = null
	ssl.truststore.type = JKS
	transaction.timeout.ms = 60000
	transactional.id = null
	value.serializer = class io.apicurio.registry.serde.avro.AvroKafkaSerializer

2025-08-12 17:27:50,638 INFO  [org.apa.kaf.com.tel.int.KafkaMetricsCollector] (main) initializing Kafka metrics collector
2025-08-12 17:27:50,643 INFO  [org.apa.kaf.cli.pro.KafkaProducer] (main) [Producer clientId=Producer-topic-4267cd30_b319_4a5e_b5a6_8aab19bcb2d4] Instantiated an idempotent producer.
2025-08-12 17:27:50,647 INFO  [org.apa.kaf.cli.pro.ProducerConfig] (main) These configurations '[apicurio.registry.url, apicurio.registry.auto-register, apicurio.registry.artifact-resolver-strategy]' were supplied but are not used yet.
2025-08-12 17:27:50,647 INFO  [org.apa.kaf.com.uti.AppInfoParser] (main) Kafka version: 3.9.1
2025-08-12 17:27:50,647 INFO  [org.apa.kaf.com.uti.AppInfoParser] (main) Kafka commitId: f745dfdcee2b9851
2025-08-12 17:27:50,647 INFO  [org.apa.kaf.com.uti.AppInfoParser] (main) Kafka startTimeMs: 1755019670647
2025-08-12 17:27:50,647 INFO  [io.api.tes.ser.api.SimpleSerdesTesterBuilder$SimpleSerdesTester] (main) Using producer configuration: {apicurio.registry.url=http://registry-app-ksql043.apps.ci419.apicurio-testing.org:80/apis/registry/v3, apicurio.registry.auto-register=true, apicurio.registry.artifact-resolver-strategy=io.apicurio.registry.serde.strategy.TopicIdStrategy, value.serializer=io.apicurio.registry.serde.avro.AvroKafkaSerializer, request.timeout.ms=5000, acks=all, bootstrap.servers=PLAINTEXT://localhost:32769, connections.max.idle.ms=10000, key.serializer=org.apache.kafka.common.serialization.StringSerializer, client.id=Producer-topic-4267cd30_b319_4a5e_b5a6_8aab19bcb2d4}
2025-08-12 17:27:50,648 INFO  [io.api.tes.ser.api.SimpleSerdesTesterBuilder$SimpleSerdesTester] (main) Using consumer configuration: {}
2025-08-12 17:27:50,653 INFO  [io.api.tes.ser.api.KafkaSerdesTester] (Thread-621) Sending message {"key11755019670630": "value-0"} to topic topic-4267cd30_b319_4a5e_b5a6_8aab19bcb2d4
2025-08-12 17:27:50,656 WARN  [org.apa.kaf.cli.NetworkClient] (kafka-producer-network-thread | Producer-topic-4267cd30_b319_4a5e_b5a6_8aab19bcb2d4) [Producer clientId=Producer-topic-4267cd30_b319_4a5e_b5a6_8aab19bcb2d4] The metadata response from the cluster reported a recoverable issue with correlation id 1 : {topic-4267cd30_b319_4a5e_b5a6_8aab19bcb2d4=UNKNOWN_TOPIC_OR_PARTITION}
2025-08-12 17:27:50,657 INFO  [org.apa.kaf.cli.Metadata] (kafka-producer-network-thread | Producer-topic-4267cd30_b319_4a5e_b5a6_8aab19bcb2d4) [Producer clientId=Producer-topic-4267cd30_b319_4a5e_b5a6_8aab19bcb2d4] Cluster ID: Fm7ZMVgORveP7Vf0og8MFw
2025-08-12 17:27:50,657 INFO  [org.apa.kaf.cli.pro.int.TransactionManager] (kafka-producer-network-thread | Producer-topic-4267cd30_b319_4a5e_b5a6_8aab19bcb2d4) [Producer clientId=Producer-topic-4267cd30_b319_4a5e_b5a6_8aab19bcb2d4] ProducerId set to 4 with epoch 0
2025-08-12 17:27:50,879 INFO  [io.api.tes.ser.api.KafkaSerdesTester] (Thread-621) Sending message {"key11755019670630": "value-1"} to topic topic-4267cd30_b319_4a5e_b5a6_8aab19bcb2d4
2025-08-12 17:27:50,882 INFO  [io.api.tes.ser.api.KafkaSerdesTester] (Thread-621) Sending message {"key11755019670630": "value-2"} to topic topic-4267cd30_b319_4a5e_b5a6_8aab19bcb2d4
2025-08-12 17:27:50,885 INFO  [io.api.tes.ser.api.KafkaSerdesTester] (Thread-621) Sending message {"key11755019670630": "value-3"} to topic topic-4267cd30_b319_4a5e_b5a6_8aab19bcb2d4
2025-08-12 17:27:50,887 INFO  [io.api.tes.ser.api.KafkaSerdesTester] (Thread-621) Sending message {"key11755019670630": "value-4"} to topic topic-4267cd30_b319_4a5e_b5a6_8aab19bcb2d4
2025-08-12 17:27:50,892 INFO  [io.api.tes.ser.api.KafkaSerdesTester] (Thread-621) Sending message {"key11755019670630": "value-5"} to topic topic-4267cd30_b319_4a5e_b5a6_8aab19bcb2d4
2025-08-12 17:27:50,895 INFO  [io.api.tes.ser.api.KafkaSerdesTester] (Thread-621) Sending message {"key11755019670630": "value-6"} to topic topic-4267cd30_b319_4a5e_b5a6_8aab19bcb2d4
2025-08-12 17:27:50,897 INFO  [io.api.tes.ser.api.KafkaSerdesTester] (Thread-621) Sending message {"key11755019670630": "value-7"} to topic topic-4267cd30_b319_4a5e_b5a6_8aab19bcb2d4
2025-08-12 17:27:50,900 INFO  [io.api.tes.ser.api.KafkaSerdesTester] (Thread-621) Sending message {"key11755019670630": "value-8"} to topic topic-4267cd30_b319_4a5e_b5a6_8aab19bcb2d4
2025-08-12 17:27:50,903 INFO  [io.api.tes.ser.api.KafkaSerdesTester] (Thread-621) Sending message {"key11755019670630": "value-9"} to topic topic-4267cd30_b319_4a5e_b5a6_8aab19bcb2d4
2025-08-12 17:27:50,905 INFO  [io.api.tes.ser.api.KafkaSerdesTester] (Thread-621) Produced 10 messages
2025-08-12 17:27:50,905 INFO  [org.apa.kaf.cli.pro.KafkaProducer] (Thread-621) [Producer clientId=Producer-topic-4267cd30_b319_4a5e_b5a6_8aab19bcb2d4] Closing the Kafka producer with timeoutMillis = 9223372036854775807 ms.
2025-08-12 17:27:50,910 INFO  [org.apa.kaf.com.met.Metrics] (Thread-621) Metrics scheduler closed
2025-08-12 17:27:50,910 INFO  [org.apa.kaf.com.met.Metrics] (Thread-621) Closing reporter org.apache.kafka.common.metrics.JmxReporter
2025-08-12 17:27:50,911 INFO  [org.apa.kaf.com.met.Metrics] (Thread-621) Closing reporter org.apache.kafka.common.telemetry.internals.ClientTelemetryReporter
2025-08-12 17:27:50,911 INFO  [org.apa.kaf.com.met.Metrics] (Thread-621) Metrics reporters closed
2025-08-12 17:27:50,911 INFO  [org.apa.kaf.com.uti.AppInfoParser] (Thread-621) App info kafka.producer for Producer-topic-4267cd30_b319_4a5e_b5a6_8aab19bcb2d4 unregistered
**** Registry Base URL: http://registry-app-ksql043.apps.ci419.apicurio-testing.org:80
2025-08-12 17:27:50,967 INFO  [org.apa.kaf.cli.con.ConsumerConfig] (main) ConsumerConfig values: 
	allow.auto.create.topics = true
	auto.commit.interval.ms = 500
	auto.include.jmx.reporter = true
	auto.offset.reset = earliest
	bootstrap.servers = [PLAINTEXT://localhost:32769]
	check.crcs = true
	client.dns.lookup = use_all_dns_ips
	client.id = consumer-Consumer-topic-4267cd30_b319_4a5e_b5a6_8aab19bcb2d4-4
	client.rack = 
	connections.max.idle.ms = 10000
	default.api.timeout.ms = 60000
	enable.auto.commit = true
	enable.metrics.push = true
	exclude.internal.topics = true
	fetch.max.bytes = 52428800
	fetch.max.wait.ms = 500
	fetch.min.bytes = 1
	group.id = Consumer-topic-4267cd30_b319_4a5e_b5a6_8aab19bcb2d4
	group.instance.id = null
	group.protocol = classic
	group.remote.assignor = null
	heartbeat.interval.ms = 3000
	interceptor.classes = []
	internal.leave.group.on.close = true
	internal.throw.on.fetch.stable.offset.unsupported = false
	isolation.level = read_uncommitted
	key.deserializer = class org.apache.kafka.common.serialization.StringDeserializer
	max.partition.fetch.bytes = 1048576
	max.poll.interval.ms = 300000
	max.poll.records = 500
	metadata.max.age.ms = 300000
	metadata.recovery.strategy = none
	metric.reporters = []
	metrics.num.samples = 2
	metrics.recording.level = INFO
	metrics.sample.window.ms = 30000
	partition.assignment.strategy = [class org.apache.kafka.clients.consumer.RangeAssignor, class org.apache.kafka.clients.consumer.CooperativeStickyAssignor]
	receive.buffer.bytes = 65536
	reconnect.backoff.max.ms = 1000
	reconnect.backoff.ms = 50
	request.timeout.ms = 5000
	retry.backoff.max.ms = 1000
	retry.backoff.ms = 100
	sasl.client.callback.handler.class = null
	sasl.jaas.config = null
	sasl.kerberos.kinit.cmd = /usr/bin/kinit
	sasl.kerberos.min.time.before.relogin = 60000
	sasl.kerberos.service.name = null
	sasl.kerberos.ticket.renew.jitter = 0.05
	sasl.kerberos.ticket.renew.window.factor = 0.8
	sasl.login.callback.handler.class = null
	sasl.login.class = null
	sasl.login.connect.timeout.ms = null
	sasl.login.read.timeout.ms = null
	sasl.login.refresh.buffer.seconds = 300
	sasl.login.refresh.min.period.seconds = 60
	sasl.login.refresh.window.factor = 0.8
	sasl.login.refresh.window.jitter = 0.05
	sasl.login.retry.backoff.max.ms = 10000
	sasl.login.retry.backoff.ms = 100
	sasl.mechanism = GSSAPI
	sasl.oauthbearer.clock.skew.seconds = 30
	sasl.oauthbearer.expected.audience = null
	sasl.oauthbearer.expected.issuer = null
	sasl.oauthbearer.header.urlencode = false
	sasl.oauthbearer.jwks.endpoint.refresh.ms = 3600000
	sasl.oauthbearer.jwks.endpoint.retry.backoff.max.ms = 10000
	sasl.oauthbearer.jwks.endpoint.retry.backoff.ms = 100
	sasl.oauthbearer.jwks.endpoint.url = null
	sasl.oauthbearer.scope.claim.name = scope
	sasl.oauthbearer.sub.claim.name = sub
	sasl.oauthbearer.token.endpoint.url = null
	security.protocol = PLAINTEXT
	security.providers = null
	send.buffer.bytes = 131072
	session.timeout.ms = 45000
	socket.connection.setup.timeout.max.ms = 30000
	socket.connection.setup.timeout.ms = 10000
	ssl.cipher.suites = null
	ssl.enabled.protocols = [TLSv1.2, TLSv1.3]
	ssl.endpoint.identification.algorithm = https
	ssl.engine.factory.class = null
	ssl.key.password = null
	ssl.keymanager.algorithm = SunX509
	ssl.keystore.certificate.chain = null
	ssl.keystore.key = null
	ssl.keystore.location = null
	ssl.keystore.password = null
	ssl.keystore.type = JKS
	ssl.protocol = TLSv1.3
	ssl.provider = null
	ssl.secure.random.implementation = null
	ssl.trustmanager.algorithm = PKIX
	ssl.truststore.certificates = null
	ssl.truststore.location = null
	ssl.truststore.password = null
	ssl.truststore.type = JKS
	value.deserializer = class io.apicurio.registry.serde.avro.AvroKafkaDeserializer

2025-08-12 17:27:50,967 INFO  [org.apa.kaf.com.tel.int.KafkaMetricsCollector] (main) initializing Kafka metrics collector
2025-08-12 17:27:50,975 INFO  [org.apa.kaf.cli.con.ConsumerConfig] (main) These configurations '[apicurio.registry.url]' were supplied but are not used yet.
2025-08-12 17:27:50,975 INFO  [org.apa.kaf.com.uti.AppInfoParser] (main) Kafka version: 3.9.1
2025-08-12 17:27:50,975 INFO  [org.apa.kaf.com.uti.AppInfoParser] (main) Kafka commitId: f745dfdcee2b9851
2025-08-12 17:27:50,975 INFO  [org.apa.kaf.com.uti.AppInfoParser] (main) Kafka startTimeMs: 1755019670975
2025-08-12 17:27:50,987 INFO  [org.apa.kaf.cli.con.int.ClassicKafkaConsumer] (Thread-624) [Consumer clientId=consumer-Consumer-topic-4267cd30_b319_4a5e_b5a6_8aab19bcb2d4-4, groupId=Consumer-topic-4267cd30_b319_4a5e_b5a6_8aab19bcb2d4] Subscribed to topic(s): topic-4267cd30_b319_4a5e_b5a6_8aab19bcb2d4
2025-08-12 17:27:51,002 INFO  [org.apa.kaf.cli.Metadata] (Thread-624) [Consumer clientId=consumer-Consumer-topic-4267cd30_b319_4a5e_b5a6_8aab19bcb2d4-4, groupId=Consumer-topic-4267cd30_b319_4a5e_b5a6_8aab19bcb2d4] Cluster ID: Fm7ZMVgORveP7Vf0og8MFw
2025-08-12 17:27:51,004 INFO  [org.apa.kaf.cli.con.int.ConsumerCoordinator] (Thread-624) [Consumer clientId=consumer-Consumer-topic-4267cd30_b319_4a5e_b5a6_8aab19bcb2d4-4, groupId=Consumer-topic-4267cd30_b319_4a5e_b5a6_8aab19bcb2d4] Discovered group coordinator localhost:32769 (id: 2147483647 rack: null)
2025-08-12 17:27:51,010 INFO  [org.apa.kaf.cli.con.int.ConsumerCoordinator] (Thread-624) [Consumer clientId=consumer-Consumer-topic-4267cd30_b319_4a5e_b5a6_8aab19bcb2d4-4, groupId=Consumer-topic-4267cd30_b319_4a5e_b5a6_8aab19bcb2d4] (Re-)joining group
2025-08-12 17:27:51,021 INFO  [org.apa.kaf.cli.con.int.ConsumerCoordinator] (Thread-624) [Consumer clientId=consumer-Consumer-topic-4267cd30_b319_4a5e_b5a6_8aab19bcb2d4-4, groupId=Consumer-topic-4267cd30_b319_4a5e_b5a6_8aab19bcb2d4] Request joining group due to: need to re-join with the given member-id: consumer-Consumer-topic-4267cd30_b319_4a5e_b5a6_8aab19bcb2d4-4-a424b0f2-73b0-4eb1-8269-0e2cc4f91909
2025-08-12 17:27:51,021 INFO  [org.apa.kaf.cli.con.int.ConsumerCoordinator] (Thread-624) [Consumer clientId=consumer-Consumer-topic-4267cd30_b319_4a5e_b5a6_8aab19bcb2d4-4, groupId=Consumer-topic-4267cd30_b319_4a5e_b5a6_8aab19bcb2d4] (Re-)joining group
2025-08-12 17:27:51,988 INFO  [io.api.tes.ser.api.KafkaSerdesTester] (Thread-624) None found
2025-08-12 17:27:52,988 INFO  [io.api.tes.ser.api.KafkaSerdesTester] (Thread-624) None found
2025-08-12 17:27:53,989 INFO  [io.api.tes.ser.api.KafkaSerdesTester] (Thread-624) None found
2025-08-12 17:27:54,024 INFO  [org.apa.kaf.cli.con.int.ConsumerCoordinator] (Thread-624) [Consumer clientId=consumer-Consumer-topic-4267cd30_b319_4a5e_b5a6_8aab19bcb2d4-4, groupId=Consumer-topic-4267cd30_b319_4a5e_b5a6_8aab19bcb2d4] Successfully joined group with generation Generation{generationId=1, memberId='consumer-Consumer-topic-4267cd30_b319_4a5e_b5a6_8aab19bcb2d4-4-a424b0f2-73b0-4eb1-8269-0e2cc4f91909', protocol='range'}
2025-08-12 17:27:54,025 INFO  [org.apa.kaf.cli.con.int.ConsumerCoordinator] (Thread-624) [Consumer clientId=consumer-Consumer-topic-4267cd30_b319_4a5e_b5a6_8aab19bcb2d4-4, groupId=Consumer-topic-4267cd30_b319_4a5e_b5a6_8aab19bcb2d4] Finished assignment for group at generation 1: {consumer-Consumer-topic-4267cd30_b319_4a5e_b5a6_8aab19bcb2d4-4-a424b0f2-73b0-4eb1-8269-0e2cc4f91909=Assignment(partitions=[topic-4267cd30_b319_4a5e_b5a6_8aab19bcb2d4-0])}
2025-08-12 17:27:54,032 INFO  [org.apa.kaf.cli.con.int.ConsumerCoordinator] (Thread-624) [Consumer clientId=consumer-Consumer-topic-4267cd30_b319_4a5e_b5a6_8aab19bcb2d4-4, groupId=Consumer-topic-4267cd30_b319_4a5e_b5a6_8aab19bcb2d4] Successfully synced group in generation Generation{generationId=1, memberId='consumer-Consumer-topic-4267cd30_b319_4a5e_b5a6_8aab19bcb2d4-4-a424b0f2-73b0-4eb1-8269-0e2cc4f91909', protocol='range'}
2025-08-12 17:27:54,032 INFO  [org.apa.kaf.cli.con.int.ConsumerCoordinator] (Thread-624) [Consumer clientId=consumer-Consumer-topic-4267cd30_b319_4a5e_b5a6_8aab19bcb2d4-4, groupId=Consumer-topic-4267cd30_b319_4a5e_b5a6_8aab19bcb2d4] Notifying assignor about the new Assignment(partitions=[topic-4267cd30_b319_4a5e_b5a6_8aab19bcb2d4-0])
2025-08-12 17:27:54,033 INFO  [org.apa.kaf.cli.con.int.ConsumerRebalanceListenerInvoker] (Thread-624) [Consumer clientId=consumer-Consumer-topic-4267cd30_b319_4a5e_b5a6_8aab19bcb2d4-4, groupId=Consumer-topic-4267cd30_b319_4a5e_b5a6_8aab19bcb2d4] Adding newly assigned partitions: topic-4267cd30_b319_4a5e_b5a6_8aab19bcb2d4-0
2025-08-12 17:27:54,034 INFO  [org.apa.kaf.cli.con.int.ConsumerCoordinator] (Thread-624) [Consumer clientId=consumer-Consumer-topic-4267cd30_b319_4a5e_b5a6_8aab19bcb2d4-4, groupId=Consumer-topic-4267cd30_b319_4a5e_b5a6_8aab19bcb2d4] Found no committed offset for partition topic-4267cd30_b319_4a5e_b5a6_8aab19bcb2d4-0
2025-08-12 17:27:54,037 INFO  [org.apa.kaf.cli.con.int.SubscriptionState] (Thread-624) [Consumer clientId=consumer-Consumer-topic-4267cd30_b319_4a5e_b5a6_8aab19bcb2d4-4, groupId=Consumer-topic-4267cd30_b319_4a5e_b5a6_8aab19bcb2d4] Resetting offset for partition topic-4267cd30_b319_4a5e_b5a6_8aab19bcb2d4-0 to position FetchPosition{offset=0, offsetEpoch=Optional.empty, currentLeader=LeaderAndEpoch{leader=Optional[localhost:32769 (id: 0 rack: null)], epoch=0}}.
2025-08-12 17:27:54,115 INFO  [io.api.tes.ser.api.KafkaSerdesTester] (Thread-624) topic-4267cd30_b319_4a5e_b5a6_8aab19bcb2d4 0 0 {"key11755019670630": "value-0"}
2025-08-12 17:27:54,115 INFO  [io.api.tes.ser.api.KafkaSerdesTester] (Thread-624) topic-4267cd30_b319_4a5e_b5a6_8aab19bcb2d4 0 1 {"key11755019670630": "value-1"}
2025-08-12 17:27:54,115 INFO  [io.api.tes.ser.api.KafkaSerdesTester] (Thread-624) topic-4267cd30_b319_4a5e_b5a6_8aab19bcb2d4 0 2 {"key11755019670630": "value-2"}
2025-08-12 17:27:54,115 INFO  [io.api.tes.ser.api.KafkaSerdesTester] (Thread-624) topic-4267cd30_b319_4a5e_b5a6_8aab19bcb2d4 0 3 {"key11755019670630": "value-3"}
2025-08-12 17:27:54,116 INFO  [io.api.tes.ser.api.KafkaSerdesTester] (Thread-624) topic-4267cd30_b319_4a5e_b5a6_8aab19bcb2d4 0 4 {"key11755019670630": "value-4"}
2025-08-12 17:27:54,116 INFO  [io.api.tes.ser.api.KafkaSerdesTester] (Thread-624) topic-4267cd30_b319_4a5e_b5a6_8aab19bcb2d4 0 5 {"key11755019670630": "value-5"}
2025-08-12 17:27:54,116 INFO  [io.api.tes.ser.api.KafkaSerdesTester] (Thread-624) topic-4267cd30_b319_4a5e_b5a6_8aab19bcb2d4 0 6 {"key11755019670630": "value-6"}
2025-08-12 17:27:54,116 INFO  [io.api.tes.ser.api.KafkaSerdesTester] (Thread-624) topic-4267cd30_b319_4a5e_b5a6_8aab19bcb2d4 0 7 {"key11755019670630": "value-7"}
2025-08-12 17:27:54,116 INFO  [io.api.tes.ser.api.KafkaSerdesTester] (Thread-624) topic-4267cd30_b319_4a5e_b5a6_8aab19bcb2d4 0 8 {"key11755019670630": "value-8"}
2025-08-12 17:27:54,116 INFO  [io.api.tes.ser.api.KafkaSerdesTester] (Thread-624) topic-4267cd30_b319_4a5e_b5a6_8aab19bcb2d4 0 9 {"key11755019670630": "value-9"}
2025-08-12 17:27:54,116 INFO  [io.api.tes.ser.api.KafkaSerdesTester] (Thread-624) Consumed 10 messages
2025-08-12 17:27:54,124 INFO  [org.apa.kaf.cli.con.int.ConsumerRebalanceListenerInvoker] (Thread-624) [Consumer clientId=consumer-Consumer-topic-4267cd30_b319_4a5e_b5a6_8aab19bcb2d4-4, groupId=Consumer-topic-4267cd30_b319_4a5e_b5a6_8aab19bcb2d4] Revoke previously assigned partitions topic-4267cd30_b319_4a5e_b5a6_8aab19bcb2d4-0
2025-08-12 17:27:54,125 INFO  [org.apa.kaf.cli.con.int.ConsumerCoordinator] (Thread-624) [Consumer clientId=consumer-Consumer-topic-4267cd30_b319_4a5e_b5a6_8aab19bcb2d4-4, groupId=Consumer-topic-4267cd30_b319_4a5e_b5a6_8aab19bcb2d4] Member consumer-Consumer-topic-4267cd30_b319_4a5e_b5a6_8aab19bcb2d4-4-a424b0f2-73b0-4eb1-8269-0e2cc4f91909 sending LeaveGroup request to coordinator localhost:32769 (id: 2147483647 rack: null) due to the consumer is being closed
2025-08-12 17:27:54,125 INFO  [org.apa.kaf.cli.con.int.ConsumerCoordinator] (Thread-624) [Consumer clientId=consumer-Consumer-topic-4267cd30_b319_4a5e_b5a6_8aab19bcb2d4-4, groupId=Consumer-topic-4267cd30_b319_4a5e_b5a6_8aab19bcb2d4] Resetting generation and member id due to: consumer pro-actively leaving the group
2025-08-12 17:27:54,125 INFO  [org.apa.kaf.cli.con.int.ConsumerCoordinator] (Thread-624) [Consumer clientId=consumer-Consumer-topic-4267cd30_b319_4a5e_b5a6_8aab19bcb2d4-4, groupId=Consumer-topic-4267cd30_b319_4a5e_b5a6_8aab19bcb2d4] Request joining group due to: consumer pro-actively leaving the group
2025-08-12 17:27:54,620 INFO  [org.apa.kaf.com.met.Metrics] (Thread-624) Metrics scheduler closed
2025-08-12 17:27:54,620 INFO  [org.apa.kaf.com.met.Metrics] (Thread-624) Closing reporter org.apache.kafka.common.metrics.JmxReporter
2025-08-12 17:27:54,620 INFO  [org.apa.kaf.com.met.Metrics] (Thread-624) Closing reporter org.apache.kafka.common.telemetry.internals.ClientTelemetryReporter
2025-08-12 17:27:54,620 INFO  [org.apa.kaf.com.met.Metrics] (Thread-624) Metrics reporters closed
2025-08-12 17:27:54,623 INFO  [org.apa.kaf.com.uti.AppInfoParser] (Thread-624) App info kafka.consumer for consumer-Consumer-topic-4267cd30_b319_4a5e_b5a6_8aab19bcb2d4-4 unregistered
2025-08-12 17:27:54,678 INFO  [io.api.tes.uti.TestSeparator] (main) io.apicurio.tests.serdes.apicurio.AvroSerdeIT.testTopicIdStrategyAutoRegister-FINISHED
2025-08-12 17:27:54,678 INFO  [io.api.tes.uti.TestSeparator] (main) ############################################################################
Test passed: testTopicIdStrategyAutoRegister
]]></system-out>
  </testcase>
  <testcase name="testRecordIdStrategydFindLatest" classname="io.apicurio.tests.serdes.apicurio.AvroSerdeIT" time="4.924">
    <system-out><![CDATA[2025-08-12 17:27:54,680 INFO  [io.api.tes.uti.TestSeparator] (main) ############################################################################
2025-08-12 17:27:54,680 INFO  [io.api.tes.uti.TestSeparator] (main) io.apicurio.tests.serdes.apicurio.AvroSerdeIT.testRecordIdStrategydFindLatest-STARTED
2025-08-12 17:27:54,683 INFO  [io.api.tes.ser.api.AvroSerdeIT] (main) Registering Avro Schema: {"type":"record","name":"s1c442e56x842fx4e1dxa6c6x6fd1d21e0aeb","namespace":"s787ebafax3906x40bbx8adbxf9947720fd42","fields":[{"name":"key11755019674682","type":"string"}]}
**** Registry Base URL: http://registry-app-ksql043.apps.ci419.apicurio-testing.org:80
2025-08-12 17:27:55,786 INFO  [org.apa.kaf.cli.pro.ProducerConfig] (main) ProducerConfig values: 
	acks = -1
	auto.include.jmx.reporter = true
	batch.size = 16384
	bootstrap.servers = [PLAINTEXT://localhost:32769]
	buffer.memory = 33554432
	client.dns.lookup = use_all_dns_ips
	client.id = Producer-topic-205adf55_7fb2_4cd1_b845_e42d880b3328
	compression.gzip.level = -1
	compression.lz4.level = 9
	compression.type = none
	compression.zstd.level = 3
	connections.max.idle.ms = 10000
	delivery.timeout.ms = 120000
	enable.idempotence = true
	enable.metrics.push = true
	interceptor.classes = []
	key.serializer = class org.apache.kafka.common.serialization.StringSerializer
	linger.ms = 0
	max.block.ms = 60000
	max.in.flight.requests.per.connection = 5
	max.request.size = 1048576
	metadata.max.age.ms = 300000
	metadata.max.idle.ms = 300000
	metadata.recovery.strategy = none
	metric.reporters = []
	metrics.num.samples = 2
	metrics.recording.level = INFO
	metrics.sample.window.ms = 30000
	partitioner.adaptive.partitioning.enable = true
	partitioner.availability.timeout.ms = 0
	partitioner.class = null
	partitioner.ignore.keys = false
	receive.buffer.bytes = 32768
	reconnect.backoff.max.ms = 1000
	reconnect.backoff.ms = 50
	request.timeout.ms = 5000
	retries = 2147483647
	retry.backoff.max.ms = 1000
	retry.backoff.ms = 100
	sasl.client.callback.handler.class = null
	sasl.jaas.config = null
	sasl.kerberos.kinit.cmd = /usr/bin/kinit
	sasl.kerberos.min.time.before.relogin = 60000
	sasl.kerberos.service.name = null
	sasl.kerberos.ticket.renew.jitter = 0.05
	sasl.kerberos.ticket.renew.window.factor = 0.8
	sasl.login.callback.handler.class = null
	sasl.login.class = null
	sasl.login.connect.timeout.ms = null
	sasl.login.read.timeout.ms = null
	sasl.login.refresh.buffer.seconds = 300
	sasl.login.refresh.min.period.seconds = 60
	sasl.login.refresh.window.factor = 0.8
	sasl.login.refresh.window.jitter = 0.05
	sasl.login.retry.backoff.max.ms = 10000
	sasl.login.retry.backoff.ms = 100
	sasl.mechanism = GSSAPI
	sasl.oauthbearer.clock.skew.seconds = 30
	sasl.oauthbearer.expected.audience = null
	sasl.oauthbearer.expected.issuer = null
	sasl.oauthbearer.header.urlencode = false
	sasl.oauthbearer.jwks.endpoint.refresh.ms = 3600000
	sasl.oauthbearer.jwks.endpoint.retry.backoff.max.ms = 10000
	sasl.oauthbearer.jwks.endpoint.retry.backoff.ms = 100
	sasl.oauthbearer.jwks.endpoint.url = null
	sasl.oauthbearer.scope.claim.name = scope
	sasl.oauthbearer.sub.claim.name = sub
	sasl.oauthbearer.token.endpoint.url = null
	security.protocol = PLAINTEXT
	security.providers = null
	send.buffer.bytes = 131072
	socket.connection.setup.timeout.max.ms = 30000
	socket.connection.setup.timeout.ms = 10000
	ssl.cipher.suites = null
	ssl.enabled.protocols = [TLSv1.2, TLSv1.3]
	ssl.endpoint.identification.algorithm = https
	ssl.engine.factory.class = null
	ssl.key.password = null
	ssl.keymanager.algorithm = SunX509
	ssl.keystore.certificate.chain = null
	ssl.keystore.key = null
	ssl.keystore.location = null
	ssl.keystore.password = null
	ssl.keystore.type = JKS
	ssl.protocol = TLSv1.3
	ssl.provider = null
	ssl.secure.random.implementation = null
	ssl.trustmanager.algorithm = PKIX
	ssl.truststore.certificates = null
	ssl.truststore.location = null
	ssl.truststore.password = null
	ssl.truststore.type = JKS
	transaction.timeout.ms = 60000
	transactional.id = null
	value.serializer = class io.apicurio.registry.serde.avro.AvroKafkaSerializer

2025-08-12 17:27:55,786 INFO  [org.apa.kaf.com.tel.int.KafkaMetricsCollector] (main) initializing Kafka metrics collector
2025-08-12 17:27:55,790 INFO  [org.apa.kaf.cli.pro.KafkaProducer] (main) [Producer clientId=Producer-topic-205adf55_7fb2_4cd1_b845_e42d880b3328] Instantiated an idempotent producer.
2025-08-12 17:27:55,792 INFO  [org.apa.kaf.cli.pro.ProducerConfig] (main) These configurations '[apicurio.registry.find-latest, apicurio.registry.url, apicurio.registry.artifact-resolver-strategy]' were supplied but are not used yet.
2025-08-12 17:27:55,792 INFO  [org.apa.kaf.com.uti.AppInfoParser] (main) Kafka version: 3.9.1
2025-08-12 17:27:55,792 INFO  [org.apa.kaf.com.uti.AppInfoParser] (main) Kafka commitId: f745dfdcee2b9851
2025-08-12 17:27:55,792 INFO  [org.apa.kaf.com.uti.AppInfoParser] (main) Kafka startTimeMs: 1755019675792
2025-08-12 17:27:55,792 INFO  [io.api.tes.ser.api.SimpleSerdesTesterBuilder$SimpleSerdesTester] (main) Using producer configuration: {apicurio.registry.find-latest=true, apicurio.registry.url=http://registry-app-ksql043.apps.ci419.apicurio-testing.org:80/apis/registry/v3, apicurio.registry.artifact-resolver-strategy=io.apicurio.registry.serde.avro.strategy.RecordIdStrategy, value.serializer=io.apicurio.registry.serde.avro.AvroKafkaSerializer, request.timeout.ms=5000, acks=all, bootstrap.servers=PLAINTEXT://localhost:32769, connections.max.idle.ms=10000, key.serializer=org.apache.kafka.common.serialization.StringSerializer, client.id=Producer-topic-205adf55_7fb2_4cd1_b845_e42d880b3328}
2025-08-12 17:27:55,793 INFO  [io.api.tes.ser.api.SimpleSerdesTesterBuilder$SimpleSerdesTester] (main) Using consumer configuration: {}
2025-08-12 17:27:55,795 INFO  [io.api.tes.ser.api.KafkaSerdesTester] (Thread-627) Sending message {"key11755019674682": "value-0"} to topic topic-205adf55_7fb2_4cd1_b845_e42d880b3328
2025-08-12 17:27:55,802 INFO  [org.apa.kaf.cli.Metadata] (kafka-producer-network-thread | Producer-topic-205adf55_7fb2_4cd1_b845_e42d880b3328) [Producer clientId=Producer-topic-205adf55_7fb2_4cd1_b845_e42d880b3328] Cluster ID: Fm7ZMVgORveP7Vf0og8MFw
2025-08-12 17:27:55,805 INFO  [org.apa.kaf.cli.pro.int.TransactionManager] (kafka-producer-network-thread | Producer-topic-205adf55_7fb2_4cd1_b845_e42d880b3328) [Producer clientId=Producer-topic-205adf55_7fb2_4cd1_b845_e42d880b3328] ProducerId set to 5 with epoch 0
2025-08-12 17:27:55,913 INFO  [io.api.tes.ser.api.KafkaSerdesTester] (Thread-627) Sending message {"key11755019674682": "value-1"} to topic topic-205adf55_7fb2_4cd1_b845_e42d880b3328
2025-08-12 17:27:55,916 INFO  [io.api.tes.ser.api.KafkaSerdesTester] (Thread-627) Sending message {"key11755019674682": "value-2"} to topic topic-205adf55_7fb2_4cd1_b845_e42d880b3328
2025-08-12 17:27:55,918 INFO  [io.api.tes.ser.api.KafkaSerdesTester] (Thread-627) Sending message {"key11755019674682": "value-3"} to topic topic-205adf55_7fb2_4cd1_b845_e42d880b3328
2025-08-12 17:27:55,920 INFO  [io.api.tes.ser.api.KafkaSerdesTester] (Thread-627) Sending message {"key11755019674682": "value-4"} to topic topic-205adf55_7fb2_4cd1_b845_e42d880b3328
2025-08-12 17:27:55,923 INFO  [io.api.tes.ser.api.KafkaSerdesTester] (Thread-627) Sending message {"key11755019674682": "value-5"} to topic topic-205adf55_7fb2_4cd1_b845_e42d880b3328
2025-08-12 17:27:55,929 INFO  [io.api.tes.ser.api.KafkaSerdesTester] (Thread-627) Sending message {"key11755019674682": "value-6"} to topic topic-205adf55_7fb2_4cd1_b845_e42d880b3328
2025-08-12 17:27:55,931 INFO  [io.api.tes.ser.api.KafkaSerdesTester] (Thread-627) Sending message {"key11755019674682": "value-7"} to topic topic-205adf55_7fb2_4cd1_b845_e42d880b3328
2025-08-12 17:27:55,938 INFO  [io.api.tes.ser.api.KafkaSerdesTester] (Thread-627) Sending message {"key11755019674682": "value-8"} to topic topic-205adf55_7fb2_4cd1_b845_e42d880b3328
2025-08-12 17:27:55,941 INFO  [io.api.tes.ser.api.KafkaSerdesTester] (Thread-627) Sending message {"key11755019674682": "value-9"} to topic topic-205adf55_7fb2_4cd1_b845_e42d880b3328
2025-08-12 17:27:55,943 INFO  [io.api.tes.ser.api.KafkaSerdesTester] (Thread-627) Produced 10 messages
2025-08-12 17:27:55,943 INFO  [org.apa.kaf.cli.pro.KafkaProducer] (Thread-627) [Producer clientId=Producer-topic-205adf55_7fb2_4cd1_b845_e42d880b3328] Closing the Kafka producer with timeoutMillis = 9223372036854775807 ms.
2025-08-12 17:27:55,945 INFO  [org.apa.kaf.com.met.Metrics] (Thread-627) Metrics scheduler closed
2025-08-12 17:27:55,945 INFO  [org.apa.kaf.com.met.Metrics] (Thread-627) Closing reporter org.apache.kafka.common.metrics.JmxReporter
2025-08-12 17:27:55,945 INFO  [org.apa.kaf.com.met.Metrics] (Thread-627) Closing reporter org.apache.kafka.common.telemetry.internals.ClientTelemetryReporter
2025-08-12 17:27:55,946 INFO  [org.apa.kaf.com.met.Metrics] (Thread-627) Metrics reporters closed
2025-08-12 17:27:55,946 INFO  [org.apa.kaf.com.uti.AppInfoParser] (Thread-627) App info kafka.producer for Producer-topic-205adf55_7fb2_4cd1_b845_e42d880b3328 unregistered
**** Registry Base URL: http://registry-app-ksql043.apps.ci419.apicurio-testing.org:80
2025-08-12 17:27:55,947 INFO  [org.apa.kaf.cli.con.ConsumerConfig] (main) ConsumerConfig values: 
	allow.auto.create.topics = true
	auto.commit.interval.ms = 500
	auto.include.jmx.reporter = true
	auto.offset.reset = earliest
	bootstrap.servers = [PLAINTEXT://localhost:32769]
	check.crcs = true
	client.dns.lookup = use_all_dns_ips
	client.id = consumer-Consumer-topic-205adf55_7fb2_4cd1_b845_e42d880b3328-5
	client.rack = 
	connections.max.idle.ms = 10000
	default.api.timeout.ms = 60000
	enable.auto.commit = true
	enable.metrics.push = true
	exclude.internal.topics = true
	fetch.max.bytes = 52428800
	fetch.max.wait.ms = 500
	fetch.min.bytes = 1
	group.id = Consumer-topic-205adf55_7fb2_4cd1_b845_e42d880b3328
	group.instance.id = null
	group.protocol = classic
	group.remote.assignor = null
	heartbeat.interval.ms = 3000
	interceptor.classes = []
	internal.leave.group.on.close = true
	internal.throw.on.fetch.stable.offset.unsupported = false
	isolation.level = read_uncommitted
	key.deserializer = class org.apache.kafka.common.serialization.StringDeserializer
	max.partition.fetch.bytes = 1048576
	max.poll.interval.ms = 300000
	max.poll.records = 500
	metadata.max.age.ms = 300000
	metadata.recovery.strategy = none
	metric.reporters = []
	metrics.num.samples = 2
	metrics.recording.level = INFO
	metrics.sample.window.ms = 30000
	partition.assignment.strategy = [class org.apache.kafka.clients.consumer.RangeAssignor, class org.apache.kafka.clients.consumer.CooperativeStickyAssignor]
	receive.buffer.bytes = 65536
	reconnect.backoff.max.ms = 1000
	reconnect.backoff.ms = 50
	request.timeout.ms = 5000
	retry.backoff.max.ms = 1000
	retry.backoff.ms = 100
	sasl.client.callback.handler.class = null
	sasl.jaas.config = null
	sasl.kerberos.kinit.cmd = /usr/bin/kinit
	sasl.kerberos.min.time.before.relogin = 60000
	sasl.kerberos.service.name = null
	sasl.kerberos.ticket.renew.jitter = 0.05
	sasl.kerberos.ticket.renew.window.factor = 0.8
	sasl.login.callback.handler.class = null
	sasl.login.class = null
	sasl.login.connect.timeout.ms = null
	sasl.login.read.timeout.ms = null
	sasl.login.refresh.buffer.seconds = 300
	sasl.login.refresh.min.period.seconds = 60
	sasl.login.refresh.window.factor = 0.8
	sasl.login.refresh.window.jitter = 0.05
	sasl.login.retry.backoff.max.ms = 10000
	sasl.login.retry.backoff.ms = 100
	sasl.mechanism = GSSAPI
	sasl.oauthbearer.clock.skew.seconds = 30
	sasl.oauthbearer.expected.audience = null
	sasl.oauthbearer.expected.issuer = null
	sasl.oauthbearer.header.urlencode = false
	sasl.oauthbearer.jwks.endpoint.refresh.ms = 3600000
	sasl.oauthbearer.jwks.endpoint.retry.backoff.max.ms = 10000
	sasl.oauthbearer.jwks.endpoint.retry.backoff.ms = 100
	sasl.oauthbearer.jwks.endpoint.url = null
	sasl.oauthbearer.scope.claim.name = scope
	sasl.oauthbearer.sub.claim.name = sub
	sasl.oauthbearer.token.endpoint.url = null
	security.protocol = PLAINTEXT
	security.providers = null
	send.buffer.bytes = 131072
	session.timeout.ms = 45000
	socket.connection.setup.timeout.max.ms = 30000
	socket.connection.setup.timeout.ms = 10000
	ssl.cipher.suites = null
	ssl.enabled.protocols = [TLSv1.2, TLSv1.3]
	ssl.endpoint.identification.algorithm = https
	ssl.engine.factory.class = null
	ssl.key.password = null
	ssl.keymanager.algorithm = SunX509
	ssl.keystore.certificate.chain = null
	ssl.keystore.key = null
	ssl.keystore.location = null
	ssl.keystore.password = null
	ssl.keystore.type = JKS
	ssl.protocol = TLSv1.3
	ssl.provider = null
	ssl.secure.random.implementation = null
	ssl.trustmanager.algorithm = PKIX
	ssl.truststore.certificates = null
	ssl.truststore.location = null
	ssl.truststore.password = null
	ssl.truststore.type = JKS
	value.deserializer = class io.apicurio.registry.serde.avro.AvroKafkaDeserializer

2025-08-12 17:27:55,947 INFO  [org.apa.kaf.com.tel.int.KafkaMetricsCollector] (main) initializing Kafka metrics collector
2025-08-12 17:27:55,954 INFO  [org.apa.kaf.cli.con.ConsumerConfig] (main) These configurations '[apicurio.registry.url]' were supplied but are not used yet.
2025-08-12 17:27:55,955 INFO  [org.apa.kaf.com.uti.AppInfoParser] (main) Kafka version: 3.9.1
2025-08-12 17:27:55,955 INFO  [org.apa.kaf.com.uti.AppInfoParser] (main) Kafka commitId: f745dfdcee2b9851
2025-08-12 17:27:55,955 INFO  [org.apa.kaf.com.uti.AppInfoParser] (main) Kafka startTimeMs: 1755019675955
2025-08-12 17:27:55,955 INFO  [org.apa.kaf.cli.con.int.ClassicKafkaConsumer] (Thread-630) [Consumer clientId=consumer-Consumer-topic-205adf55_7fb2_4cd1_b845_e42d880b3328-5, groupId=Consumer-topic-205adf55_7fb2_4cd1_b845_e42d880b3328] Subscribed to topic(s): topic-205adf55_7fb2_4cd1_b845_e42d880b3328
2025-08-12 17:27:55,966 INFO  [org.apa.kaf.cli.Metadata] (Thread-630) [Consumer clientId=consumer-Consumer-topic-205adf55_7fb2_4cd1_b845_e42d880b3328-5, groupId=Consumer-topic-205adf55_7fb2_4cd1_b845_e42d880b3328] Cluster ID: Fm7ZMVgORveP7Vf0og8MFw
2025-08-12 17:27:55,972 INFO  [org.apa.kaf.cli.con.int.ConsumerCoordinator] (Thread-630) [Consumer clientId=consumer-Consumer-topic-205adf55_7fb2_4cd1_b845_e42d880b3328-5, groupId=Consumer-topic-205adf55_7fb2_4cd1_b845_e42d880b3328] Discovered group coordinator localhost:32769 (id: 2147483647 rack: null)
2025-08-12 17:27:55,978 INFO  [org.apa.kaf.cli.con.int.ConsumerCoordinator] (Thread-630) [Consumer clientId=consumer-Consumer-topic-205adf55_7fb2_4cd1_b845_e42d880b3328-5, groupId=Consumer-topic-205adf55_7fb2_4cd1_b845_e42d880b3328] (Re-)joining group
2025-08-12 17:27:55,986 INFO  [org.apa.kaf.cli.con.int.ConsumerCoordinator] (Thread-630) [Consumer clientId=consumer-Consumer-topic-205adf55_7fb2_4cd1_b845_e42d880b3328-5, groupId=Consumer-topic-205adf55_7fb2_4cd1_b845_e42d880b3328] Request joining group due to: need to re-join with the given member-id: consumer-Consumer-topic-205adf55_7fb2_4cd1_b845_e42d880b3328-5-83ad99f2-cbcb-470b-825d-a80a9f58e085
2025-08-12 17:27:55,986 INFO  [org.apa.kaf.cli.con.int.ConsumerCoordinator] (Thread-630) [Consumer clientId=consumer-Consumer-topic-205adf55_7fb2_4cd1_b845_e42d880b3328-5, groupId=Consumer-topic-205adf55_7fb2_4cd1_b845_e42d880b3328] (Re-)joining group
2025-08-12 17:27:56,955 INFO  [io.api.tes.ser.api.KafkaSerdesTester] (Thread-630) None found
2025-08-12 17:27:57,956 INFO  [io.api.tes.ser.api.KafkaSerdesTester] (Thread-630) None found
2025-08-12 17:27:58,956 INFO  [io.api.tes.ser.api.KafkaSerdesTester] (Thread-630) None found
2025-08-12 17:27:58,988 INFO  [org.apa.kaf.cli.con.int.ConsumerCoordinator] (Thread-630) [Consumer clientId=consumer-Consumer-topic-205adf55_7fb2_4cd1_b845_e42d880b3328-5, groupId=Consumer-topic-205adf55_7fb2_4cd1_b845_e42d880b3328] Successfully joined group with generation Generation{generationId=1, memberId='consumer-Consumer-topic-205adf55_7fb2_4cd1_b845_e42d880b3328-5-83ad99f2-cbcb-470b-825d-a80a9f58e085', protocol='range'}
2025-08-12 17:27:58,988 INFO  [org.apa.kaf.cli.con.int.ConsumerCoordinator] (Thread-630) [Consumer clientId=consumer-Consumer-topic-205adf55_7fb2_4cd1_b845_e42d880b3328-5, groupId=Consumer-topic-205adf55_7fb2_4cd1_b845_e42d880b3328] Finished assignment for group at generation 1: {consumer-Consumer-topic-205adf55_7fb2_4cd1_b845_e42d880b3328-5-83ad99f2-cbcb-470b-825d-a80a9f58e085=Assignment(partitions=[topic-205adf55_7fb2_4cd1_b845_e42d880b3328-0])}
2025-08-12 17:27:58,997 INFO  [org.apa.kaf.cli.con.int.ConsumerCoordinator] (Thread-630) [Consumer clientId=consumer-Consumer-topic-205adf55_7fb2_4cd1_b845_e42d880b3328-5, groupId=Consumer-topic-205adf55_7fb2_4cd1_b845_e42d880b3328] Successfully synced group in generation Generation{generationId=1, memberId='consumer-Consumer-topic-205adf55_7fb2_4cd1_b845_e42d880b3328-5-83ad99f2-cbcb-470b-825d-a80a9f58e085', protocol='range'}
2025-08-12 17:27:58,997 INFO  [org.apa.kaf.cli.con.int.ConsumerCoordinator] (Thread-630) [Consumer clientId=consumer-Consumer-topic-205adf55_7fb2_4cd1_b845_e42d880b3328-5, groupId=Consumer-topic-205adf55_7fb2_4cd1_b845_e42d880b3328] Notifying assignor about the new Assignment(partitions=[topic-205adf55_7fb2_4cd1_b845_e42d880b3328-0])
2025-08-12 17:27:58,997 INFO  [org.apa.kaf.cli.con.int.ConsumerRebalanceListenerInvoker] (Thread-630) [Consumer clientId=consumer-Consumer-topic-205adf55_7fb2_4cd1_b845_e42d880b3328-5, groupId=Consumer-topic-205adf55_7fb2_4cd1_b845_e42d880b3328] Adding newly assigned partitions: topic-205adf55_7fb2_4cd1_b845_e42d880b3328-0
2025-08-12 17:27:58,998 INFO  [org.apa.kaf.cli.con.int.ConsumerCoordinator] (Thread-630) [Consumer clientId=consumer-Consumer-topic-205adf55_7fb2_4cd1_b845_e42d880b3328-5, groupId=Consumer-topic-205adf55_7fb2_4cd1_b845_e42d880b3328] Found no committed offset for partition topic-205adf55_7fb2_4cd1_b845_e42d880b3328-0
2025-08-12 17:27:59,009 INFO  [org.apa.kaf.cli.con.int.SubscriptionState] (Thread-630) [Consumer clientId=consumer-Consumer-topic-205adf55_7fb2_4cd1_b845_e42d880b3328-5, groupId=Consumer-topic-205adf55_7fb2_4cd1_b845_e42d880b3328] Resetting offset for partition topic-205adf55_7fb2_4cd1_b845_e42d880b3328-0 to position FetchPosition{offset=0, offsetEpoch=Optional.empty, currentLeader=LeaderAndEpoch{leader=Optional[localhost:32769 (id: 0 rack: null)], epoch=0}}.
2025-08-12 17:27:59,095 INFO  [io.api.tes.ser.api.KafkaSerdesTester] (Thread-630) topic-205adf55_7fb2_4cd1_b845_e42d880b3328 0 0 {"key11755019674682": "value-0"}
2025-08-12 17:27:59,095 INFO  [io.api.tes.ser.api.KafkaSerdesTester] (Thread-630) topic-205adf55_7fb2_4cd1_b845_e42d880b3328 0 1 {"key11755019674682": "value-1"}
2025-08-12 17:27:59,095 INFO  [io.api.tes.ser.api.KafkaSerdesTester] (Thread-630) topic-205adf55_7fb2_4cd1_b845_e42d880b3328 0 2 {"key11755019674682": "value-2"}
2025-08-12 17:27:59,095 INFO  [io.api.tes.ser.api.KafkaSerdesTester] (Thread-630) topic-205adf55_7fb2_4cd1_b845_e42d880b3328 0 3 {"key11755019674682": "value-3"}
2025-08-12 17:27:59,095 INFO  [io.api.tes.ser.api.KafkaSerdesTester] (Thread-630) topic-205adf55_7fb2_4cd1_b845_e42d880b3328 0 4 {"key11755019674682": "value-4"}
2025-08-12 17:27:59,095 INFO  [io.api.tes.ser.api.KafkaSerdesTester] (Thread-630) topic-205adf55_7fb2_4cd1_b845_e42d880b3328 0 5 {"key11755019674682": "value-5"}
2025-08-12 17:27:59,095 INFO  [io.api.tes.ser.api.KafkaSerdesTester] (Thread-630) topic-205adf55_7fb2_4cd1_b845_e42d880b3328 0 6 {"key11755019674682": "value-6"}
2025-08-12 17:27:59,095 INFO  [io.api.tes.ser.api.KafkaSerdesTester] (Thread-630) topic-205adf55_7fb2_4cd1_b845_e42d880b3328 0 7 {"key11755019674682": "value-7"}
2025-08-12 17:27:59,095 INFO  [io.api.tes.ser.api.KafkaSerdesTester] (Thread-630) topic-205adf55_7fb2_4cd1_b845_e42d880b3328 0 8 {"key11755019674682": "value-8"}
2025-08-12 17:27:59,096 INFO  [io.api.tes.ser.api.KafkaSerdesTester] (Thread-630) topic-205adf55_7fb2_4cd1_b845_e42d880b3328 0 9 {"key11755019674682": "value-9"}
2025-08-12 17:27:59,096 INFO  [io.api.tes.ser.api.KafkaSerdesTester] (Thread-630) Consumed 10 messages
2025-08-12 17:27:59,104 INFO  [org.apa.kaf.cli.con.int.ConsumerRebalanceListenerInvoker] (Thread-630) [Consumer clientId=consumer-Consumer-topic-205adf55_7fb2_4cd1_b845_e42d880b3328-5, groupId=Consumer-topic-205adf55_7fb2_4cd1_b845_e42d880b3328] Revoke previously assigned partitions topic-205adf55_7fb2_4cd1_b845_e42d880b3328-0
2025-08-12 17:27:59,104 INFO  [org.apa.kaf.cli.con.int.ConsumerCoordinator] (Thread-630) [Consumer clientId=consumer-Consumer-topic-205adf55_7fb2_4cd1_b845_e42d880b3328-5, groupId=Consumer-topic-205adf55_7fb2_4cd1_b845_e42d880b3328] Member consumer-Consumer-topic-205adf55_7fb2_4cd1_b845_e42d880b3328-5-83ad99f2-cbcb-470b-825d-a80a9f58e085 sending LeaveGroup request to coordinator localhost:32769 (id: 2147483647 rack: null) due to the consumer is being closed
2025-08-12 17:27:59,104 INFO  [org.apa.kaf.cli.con.int.ConsumerCoordinator] (Thread-630) [Consumer clientId=consumer-Consumer-topic-205adf55_7fb2_4cd1_b845_e42d880b3328-5, groupId=Consumer-topic-205adf55_7fb2_4cd1_b845_e42d880b3328] Resetting generation and member id due to: consumer pro-actively leaving the group
2025-08-12 17:27:59,105 INFO  [org.apa.kaf.cli.con.int.ConsumerCoordinator] (Thread-630) [Consumer clientId=consumer-Consumer-topic-205adf55_7fb2_4cd1_b845_e42d880b3328-5, groupId=Consumer-topic-205adf55_7fb2_4cd1_b845_e42d880b3328] Request joining group due to: consumer pro-actively leaving the group
2025-08-12 17:27:59,599 INFO  [org.apa.kaf.com.met.Metrics] (Thread-630) Metrics scheduler closed
2025-08-12 17:27:59,599 INFO  [org.apa.kaf.com.met.Metrics] (Thread-630) Closing reporter org.apache.kafka.common.metrics.JmxReporter
2025-08-12 17:27:59,599 INFO  [org.apa.kaf.com.met.Metrics] (Thread-630) Closing reporter org.apache.kafka.common.telemetry.internals.ClientTelemetryReporter
2025-08-12 17:27:59,599 INFO  [org.apa.kaf.com.met.Metrics] (Thread-630) Metrics reporters closed
2025-08-12 17:27:59,602 INFO  [org.apa.kaf.com.uti.AppInfoParser] (Thread-630) App info kafka.consumer for consumer-Consumer-topic-205adf55_7fb2_4cd1_b845_e42d880b3328-5 unregistered
2025-08-12 17:27:59,602 INFO  [io.api.tes.uti.TestSeparator] (main) io.apicurio.tests.serdes.apicurio.AvroSerdeIT.testRecordIdStrategydFindLatest-FINISHED
2025-08-12 17:27:59,602 INFO  [io.api.tes.uti.TestSeparator] (main) ############################################################################
Test passed: testRecordIdStrategydFindLatest
]]></system-out>
  </testcase>
  <testcase name="testReflectAutoRegister" classname="io.apicurio.tests.serdes.apicurio.AvroSerdeIT" time="3.97">
    <system-out><![CDATA[2025-08-12 17:27:59,605 INFO  [io.api.tes.uti.TestSeparator] (main) ############################################################################
2025-08-12 17:27:59,606 INFO  [io.api.tes.uti.TestSeparator] (main) io.apicurio.tests.serdes.apicurio.AvroSerdeIT.testReflectAutoRegister-STARTED
**** Registry Base URL: http://registry-app-ksql043.apps.ci419.apicurio-testing.org:80
2025-08-12 17:27:59,610 INFO  [org.apa.kaf.cli.pro.ProducerConfig] (main) ProducerConfig values: 
	acks = -1
	auto.include.jmx.reporter = true
	batch.size = 16384
	bootstrap.servers = [PLAINTEXT://localhost:32769]
	buffer.memory = 33554432
	client.dns.lookup = use_all_dns_ips
	client.id = Producer-topic-e4bd1805_f6f5_49fa_813d_b9b3a6ffa162
	compression.gzip.level = -1
	compression.lz4.level = 9
	compression.type = none
	compression.zstd.level = 3
	connections.max.idle.ms = 10000
	delivery.timeout.ms = 120000
	enable.idempotence = true
	enable.metrics.push = true
	interceptor.classes = []
	key.serializer = class org.apache.kafka.common.serialization.StringSerializer
	linger.ms = 0
	max.block.ms = 60000
	max.in.flight.requests.per.connection = 5
	max.request.size = 1048576
	metadata.max.age.ms = 300000
	metadata.max.idle.ms = 300000
	metadata.recovery.strategy = none
	metric.reporters = []
	metrics.num.samples = 2
	metrics.recording.level = INFO
	metrics.sample.window.ms = 30000
	partitioner.adaptive.partitioning.enable = true
	partitioner.availability.timeout.ms = 0
	partitioner.class = null
	partitioner.ignore.keys = false
	receive.buffer.bytes = 32768
	reconnect.backoff.max.ms = 1000
	reconnect.backoff.ms = 50
	request.timeout.ms = 5000
	retries = 2147483647
	retry.backoff.max.ms = 1000
	retry.backoff.ms = 100
	sasl.client.callback.handler.class = null
	sasl.jaas.config = null
	sasl.kerberos.kinit.cmd = /usr/bin/kinit
	sasl.kerberos.min.time.before.relogin = 60000
	sasl.kerberos.service.name = null
	sasl.kerberos.ticket.renew.jitter = 0.05
	sasl.kerberos.ticket.renew.window.factor = 0.8
	sasl.login.callback.handler.class = null
	sasl.login.class = null
	sasl.login.connect.timeout.ms = null
	sasl.login.read.timeout.ms = null
	sasl.login.refresh.buffer.seconds = 300
	sasl.login.refresh.min.period.seconds = 60
	sasl.login.refresh.window.factor = 0.8
	sasl.login.refresh.window.jitter = 0.05
	sasl.login.retry.backoff.max.ms = 10000
	sasl.login.retry.backoff.ms = 100
	sasl.mechanism = GSSAPI
	sasl.oauthbearer.clock.skew.seconds = 30
	sasl.oauthbearer.expected.audience = null
	sasl.oauthbearer.expected.issuer = null
	sasl.oauthbearer.header.urlencode = false
	sasl.oauthbearer.jwks.endpoint.refresh.ms = 3600000
	sasl.oauthbearer.jwks.endpoint.retry.backoff.max.ms = 10000
	sasl.oauthbearer.jwks.endpoint.retry.backoff.ms = 100
	sasl.oauthbearer.jwks.endpoint.url = null
	sasl.oauthbearer.scope.claim.name = scope
	sasl.oauthbearer.sub.claim.name = sub
	sasl.oauthbearer.token.endpoint.url = null
	security.protocol = PLAINTEXT
	security.providers = null
	send.buffer.bytes = 131072
	socket.connection.setup.timeout.max.ms = 30000
	socket.connection.setup.timeout.ms = 10000
	ssl.cipher.suites = null
	ssl.enabled.protocols = [TLSv1.2, TLSv1.3]
	ssl.endpoint.identification.algorithm = https
	ssl.engine.factory.class = null
	ssl.key.password = null
	ssl.keymanager.algorithm = SunX509
	ssl.keystore.certificate.chain = null
	ssl.keystore.key = null
	ssl.keystore.location = null
	ssl.keystore.password = null
	ssl.keystore.type = JKS
	ssl.protocol = TLSv1.3
	ssl.provider = null
	ssl.secure.random.implementation = null
	ssl.trustmanager.algorithm = PKIX
	ssl.truststore.certificates = null
	ssl.truststore.location = null
	ssl.truststore.password = null
	ssl.truststore.type = JKS
	transaction.timeout.ms = 60000
	transactional.id = null
	value.serializer = class io.apicurio.registry.serde.avro.AvroKafkaSerializer

2025-08-12 17:27:59,611 INFO  [org.apa.kaf.com.tel.int.KafkaMetricsCollector] (main) initializing Kafka metrics collector
2025-08-12 17:27:59,625 INFO  [org.apa.kaf.cli.pro.KafkaProducer] (main) [Producer clientId=Producer-topic-e4bd1805_f6f5_49fa_813d_b9b3a6ffa162] Instantiated an idempotent producer.
2025-08-12 17:27:59,627 INFO  [org.apa.kaf.cli.pro.ProducerConfig] (main) These configurations '[apicurio.registry.url, apicurio.registry.auto-register, apicurio.registry.artifact-resolver-strategy, apicurio.registry.avro-datum-provider]' were supplied but are not used yet.
2025-08-12 17:27:59,627 INFO  [org.apa.kaf.com.uti.AppInfoParser] (main) Kafka version: 3.9.1
2025-08-12 17:27:59,627 INFO  [org.apa.kaf.com.uti.AppInfoParser] (main) Kafka commitId: f745dfdcee2b9851
2025-08-12 17:27:59,627 INFO  [org.apa.kaf.com.uti.AppInfoParser] (main) Kafka startTimeMs: 1755019679627
2025-08-12 17:27:59,628 INFO  [io.api.tes.ser.api.SimpleSerdesTesterBuilder$SimpleSerdesTester] (main) Using producer configuration: {apicurio.registry.url=http://registry-app-ksql043.apps.ci419.apicurio-testing.org:80/apis/registry/v3, apicurio.registry.auto-register=true, apicurio.registry.artifact-resolver-strategy=io.apicurio.registry.serde.strategy.TopicIdStrategy, value.serializer=io.apicurio.registry.serde.avro.AvroKafkaSerializer, request.timeout.ms=5000, acks=all, bootstrap.servers=PLAINTEXT://localhost:32769, connections.max.idle.ms=10000, key.serializer=org.apache.kafka.common.serialization.StringSerializer, apicurio.registry.avro-datum-provider=io.apicurio.registry.serde.avro.ReflectAvroDatumProvider, client.id=Producer-topic-e4bd1805_f6f5_49fa_813d_b9b3a6ffa162}
2025-08-12 17:27:59,628 INFO  [io.api.tes.ser.api.SimpleSerdesTesterBuilder$SimpleSerdesTester] (main) Using consumer configuration: {apicurio.registry.avro-datum-provider=io.apicurio.registry.serde.avro.ReflectAvroDatumProvider}
2025-08-12 17:27:59,631 INFO  [io.api.tes.ser.api.KafkaSerdesTester] (Thread-633) Sending message io.apicurio.tests.common.serdes.TestObject@3dbd29cb to topic topic-e4bd1805_f6f5_49fa_813d_b9b3a6ffa162
2025-08-12 17:27:59,633 INFO  [org.apa.kaf.cli.Metadata] (kafka-producer-network-thread | Producer-topic-e4bd1805_f6f5_49fa_813d_b9b3a6ffa162) [Producer clientId=Producer-topic-e4bd1805_f6f5_49fa_813d_b9b3a6ffa162] Cluster ID: Fm7ZMVgORveP7Vf0og8MFw
2025-08-12 17:27:59,635 INFO  [org.apa.kaf.cli.pro.int.TransactionManager] (kafka-producer-network-thread | Producer-topic-e4bd1805_f6f5_49fa_813d_b9b3a6ffa162) [Producer clientId=Producer-topic-e4bd1805_f6f5_49fa_813d_b9b3a6ffa162] ProducerId set to 6 with epoch 0
2025-08-12 17:27:59,639 WARN  [org.apa.kaf.cli.NetworkClient] (kafka-producer-network-thread | Producer-topic-e4bd1805_f6f5_49fa_813d_b9b3a6ffa162) [Producer clientId=Producer-topic-e4bd1805_f6f5_49fa_813d_b9b3a6ffa162] The metadata response from the cluster reported a recoverable issue with correlation id 5 : {topic-e4bd1805_f6f5_49fa_813d_b9b3a6ffa162=UNKNOWN_TOPIC_OR_PARTITION}
2025-08-12 17:27:59,839 INFO  [io.api.tes.ser.api.KafkaSerdesTester] (Thread-633) Sending message io.apicurio.tests.common.serdes.TestObject@3dbd29cb to topic topic-e4bd1805_f6f5_49fa_813d_b9b3a6ffa162
2025-08-12 17:27:59,843 INFO  [io.api.tes.ser.api.KafkaSerdesTester] (Thread-633) Sending message io.apicurio.tests.common.serdes.TestObject@3dbd29cb to topic topic-e4bd1805_f6f5_49fa_813d_b9b3a6ffa162
2025-08-12 17:27:59,847 INFO  [io.api.tes.ser.api.KafkaSerdesTester] (Thread-633) Sending message io.apicurio.tests.common.serdes.TestObject@3dbd29cb to topic topic-e4bd1805_f6f5_49fa_813d_b9b3a6ffa162
2025-08-12 17:27:59,849 INFO  [io.api.tes.ser.api.KafkaSerdesTester] (Thread-633) Sending message io.apicurio.tests.common.serdes.TestObject@3dbd29cb to topic topic-e4bd1805_f6f5_49fa_813d_b9b3a6ffa162
2025-08-12 17:27:59,852 INFO  [io.api.tes.ser.api.KafkaSerdesTester] (Thread-633) Sending message io.apicurio.tests.common.serdes.TestObject@3dbd29cb to topic topic-e4bd1805_f6f5_49fa_813d_b9b3a6ffa162
2025-08-12 17:27:59,854 INFO  [io.api.tes.ser.api.KafkaSerdesTester] (Thread-633) Sending message io.apicurio.tests.common.serdes.TestObject@3dbd29cb to topic topic-e4bd1805_f6f5_49fa_813d_b9b3a6ffa162
2025-08-12 17:27:59,856 INFO  [io.api.tes.ser.api.KafkaSerdesTester] (Thread-633) Sending message io.apicurio.tests.common.serdes.TestObject@3dbd29cb to topic topic-e4bd1805_f6f5_49fa_813d_b9b3a6ffa162
2025-08-12 17:27:59,858 INFO  [io.api.tes.ser.api.KafkaSerdesTester] (Thread-633) Sending message io.apicurio.tests.common.serdes.TestObject@3dbd29cb to topic topic-e4bd1805_f6f5_49fa_813d_b9b3a6ffa162
2025-08-12 17:27:59,861 INFO  [io.api.tes.ser.api.KafkaSerdesTester] (Thread-633) Sending message io.apicurio.tests.common.serdes.TestObject@3dbd29cb to topic topic-e4bd1805_f6f5_49fa_813d_b9b3a6ffa162
2025-08-12 17:27:59,869 INFO  [io.api.tes.ser.api.KafkaSerdesTester] (Thread-633) Produced 10 messages
2025-08-12 17:27:59,870 INFO  [org.apa.kaf.cli.pro.KafkaProducer] (Thread-633) [Producer clientId=Producer-topic-e4bd1805_f6f5_49fa_813d_b9b3a6ffa162] Closing the Kafka producer with timeoutMillis = 9223372036854775807 ms.
2025-08-12 17:27:59,873 INFO  [org.apa.kaf.com.met.Metrics] (Thread-633) Metrics scheduler closed
2025-08-12 17:27:59,873 INFO  [org.apa.kaf.com.met.Metrics] (Thread-633) Closing reporter org.apache.kafka.common.metrics.JmxReporter
2025-08-12 17:27:59,873 INFO  [org.apa.kaf.com.met.Metrics] (Thread-633) Closing reporter org.apache.kafka.common.telemetry.internals.ClientTelemetryReporter
2025-08-12 17:27:59,873 INFO  [org.apa.kaf.com.met.Metrics] (Thread-633) Metrics reporters closed
2025-08-12 17:27:59,874 INFO  [org.apa.kaf.com.uti.AppInfoParser] (Thread-633) App info kafka.producer for Producer-topic-e4bd1805_f6f5_49fa_813d_b9b3a6ffa162 unregistered
**** Registry Base URL: http://registry-app-ksql043.apps.ci419.apicurio-testing.org:80
2025-08-12 17:27:59,932 INFO  [org.apa.kaf.cli.con.ConsumerConfig] (main) ConsumerConfig values: 
	allow.auto.create.topics = true
	auto.commit.interval.ms = 500
	auto.include.jmx.reporter = true
	auto.offset.reset = earliest
	bootstrap.servers = [PLAINTEXT://localhost:32769]
	check.crcs = true
	client.dns.lookup = use_all_dns_ips
	client.id = consumer-Consumer-topic-e4bd1805_f6f5_49fa_813d_b9b3a6ffa162-6
	client.rack = 
	connections.max.idle.ms = 10000
	default.api.timeout.ms = 60000
	enable.auto.commit = true
	enable.metrics.push = true
	exclude.internal.topics = true
	fetch.max.bytes = 52428800
	fetch.max.wait.ms = 500
	fetch.min.bytes = 1
	group.id = Consumer-topic-e4bd1805_f6f5_49fa_813d_b9b3a6ffa162
	group.instance.id = null
	group.protocol = classic
	group.remote.assignor = null
	heartbeat.interval.ms = 3000
	interceptor.classes = []
	internal.leave.group.on.close = true
	internal.throw.on.fetch.stable.offset.unsupported = false
	isolation.level = read_uncommitted
	key.deserializer = class org.apache.kafka.common.serialization.StringDeserializer
	max.partition.fetch.bytes = 1048576
	max.poll.interval.ms = 300000
	max.poll.records = 500
	metadata.max.age.ms = 300000
	metadata.recovery.strategy = none
	metric.reporters = []
	metrics.num.samples = 2
	metrics.recording.level = INFO
	metrics.sample.window.ms = 30000
	partition.assignment.strategy = [class org.apache.kafka.clients.consumer.RangeAssignor, class org.apache.kafka.clients.consumer.CooperativeStickyAssignor]
	receive.buffer.bytes = 65536
	reconnect.backoff.max.ms = 1000
	reconnect.backoff.ms = 50
	request.timeout.ms = 5000
	retry.backoff.max.ms = 1000
	retry.backoff.ms = 100
	sasl.client.callback.handler.class = null
	sasl.jaas.config = null
	sasl.kerberos.kinit.cmd = /usr/bin/kinit
	sasl.kerberos.min.time.before.relogin = 60000
	sasl.kerberos.service.name = null
	sasl.kerberos.ticket.renew.jitter = 0.05
	sasl.kerberos.ticket.renew.window.factor = 0.8
	sasl.login.callback.handler.class = null
	sasl.login.class = null
	sasl.login.connect.timeout.ms = null
	sasl.login.read.timeout.ms = null
	sasl.login.refresh.buffer.seconds = 300
	sasl.login.refresh.min.period.seconds = 60
	sasl.login.refresh.window.factor = 0.8
	sasl.login.refresh.window.jitter = 0.05
	sasl.login.retry.backoff.max.ms = 10000
	sasl.login.retry.backoff.ms = 100
	sasl.mechanism = GSSAPI
	sasl.oauthbearer.clock.skew.seconds = 30
	sasl.oauthbearer.expected.audience = null
	sasl.oauthbearer.expected.issuer = null
	sasl.oauthbearer.header.urlencode = false
	sasl.oauthbearer.jwks.endpoint.refresh.ms = 3600000
	sasl.oauthbearer.jwks.endpoint.retry.backoff.max.ms = 10000
	sasl.oauthbearer.jwks.endpoint.retry.backoff.ms = 100
	sasl.oauthbearer.jwks.endpoint.url = null
	sasl.oauthbearer.scope.claim.name = scope
	sasl.oauthbearer.sub.claim.name = sub
	sasl.oauthbearer.token.endpoint.url = null
	security.protocol = PLAINTEXT
	security.providers = null
	send.buffer.bytes = 131072
	session.timeout.ms = 45000
	socket.connection.setup.timeout.max.ms = 30000
	socket.connection.setup.timeout.ms = 10000
	ssl.cipher.suites = null
	ssl.enabled.protocols = [TLSv1.2, TLSv1.3]
	ssl.endpoint.identification.algorithm = https
	ssl.engine.factory.class = null
	ssl.key.password = null
	ssl.keymanager.algorithm = SunX509
	ssl.keystore.certificate.chain = null
	ssl.keystore.key = null
	ssl.keystore.location = null
	ssl.keystore.password = null
	ssl.keystore.type = JKS
	ssl.protocol = TLSv1.3
	ssl.provider = null
	ssl.secure.random.implementation = null
	ssl.trustmanager.algorithm = PKIX
	ssl.truststore.certificates = null
	ssl.truststore.location = null
	ssl.truststore.password = null
	ssl.truststore.type = JKS
	value.deserializer = class io.apicurio.registry.serde.avro.AvroKafkaDeserializer

2025-08-12 17:27:59,932 INFO  [org.apa.kaf.com.tel.int.KafkaMetricsCollector] (main) initializing Kafka metrics collector
2025-08-12 17:27:59,940 INFO  [org.apa.kaf.cli.con.ConsumerConfig] (main) These configurations '[apicurio.registry.url, apicurio.registry.avro-datum-provider]' were supplied but are not used yet.
2025-08-12 17:27:59,941 INFO  [org.apa.kaf.com.uti.AppInfoParser] (main) Kafka version: 3.9.1
2025-08-12 17:27:59,941 INFO  [org.apa.kaf.com.uti.AppInfoParser] (main) Kafka commitId: f745dfdcee2b9851
2025-08-12 17:27:59,941 INFO  [org.apa.kaf.com.uti.AppInfoParser] (main) Kafka startTimeMs: 1755019679941
2025-08-12 17:27:59,941 INFO  [org.apa.kaf.cli.con.int.ClassicKafkaConsumer] (Thread-636) [Consumer clientId=consumer-Consumer-topic-e4bd1805_f6f5_49fa_813d_b9b3a6ffa162-6, groupId=Consumer-topic-e4bd1805_f6f5_49fa_813d_b9b3a6ffa162] Subscribed to topic(s): topic-e4bd1805_f6f5_49fa_813d_b9b3a6ffa162
2025-08-12 17:27:59,948 INFO  [org.apa.kaf.cli.Metadata] (Thread-636) [Consumer clientId=consumer-Consumer-topic-e4bd1805_f6f5_49fa_813d_b9b3a6ffa162-6, groupId=Consumer-topic-e4bd1805_f6f5_49fa_813d_b9b3a6ffa162] Cluster ID: Fm7ZMVgORveP7Vf0og8MFw
2025-08-12 17:27:59,948 INFO  [org.apa.kaf.cli.con.int.ConsumerCoordinator] (Thread-636) [Consumer clientId=consumer-Consumer-topic-e4bd1805_f6f5_49fa_813d_b9b3a6ffa162-6, groupId=Consumer-topic-e4bd1805_f6f5_49fa_813d_b9b3a6ffa162] Discovered group coordinator localhost:32769 (id: 2147483647 rack: null)
2025-08-12 17:27:59,952 INFO  [org.apa.kaf.cli.con.int.ConsumerCoordinator] (Thread-636) [Consumer clientId=consumer-Consumer-topic-e4bd1805_f6f5_49fa_813d_b9b3a6ffa162-6, groupId=Consumer-topic-e4bd1805_f6f5_49fa_813d_b9b3a6ffa162] (Re-)joining group
2025-08-12 17:27:59,955 INFO  [org.apa.kaf.cli.con.int.ConsumerCoordinator] (Thread-636) [Consumer clientId=consumer-Consumer-topic-e4bd1805_f6f5_49fa_813d_b9b3a6ffa162-6, groupId=Consumer-topic-e4bd1805_f6f5_49fa_813d_b9b3a6ffa162] Request joining group due to: need to re-join with the given member-id: consumer-Consumer-topic-e4bd1805_f6f5_49fa_813d_b9b3a6ffa162-6-fd7c5871-24d4-4d7d-8fd7-d396f98e473c
2025-08-12 17:27:59,955 INFO  [org.apa.kaf.cli.con.int.ConsumerCoordinator] (Thread-636) [Consumer clientId=consumer-Consumer-topic-e4bd1805_f6f5_49fa_813d_b9b3a6ffa162-6, groupId=Consumer-topic-e4bd1805_f6f5_49fa_813d_b9b3a6ffa162] (Re-)joining group
2025-08-12 17:28:00,941 INFO  [io.api.tes.ser.api.KafkaSerdesTester] (Thread-636) None found
2025-08-12 17:28:01,941 INFO  [io.api.tes.ser.api.KafkaSerdesTester] (Thread-636) None found
2025-08-12 17:28:02,942 INFO  [io.api.tes.ser.api.KafkaSerdesTester] (Thread-636) None found
2025-08-12 17:28:02,958 INFO  [org.apa.kaf.cli.con.int.ConsumerCoordinator] (Thread-636) [Consumer clientId=consumer-Consumer-topic-e4bd1805_f6f5_49fa_813d_b9b3a6ffa162-6, groupId=Consumer-topic-e4bd1805_f6f5_49fa_813d_b9b3a6ffa162] Successfully joined group with generation Generation{generationId=1, memberId='consumer-Consumer-topic-e4bd1805_f6f5_49fa_813d_b9b3a6ffa162-6-fd7c5871-24d4-4d7d-8fd7-d396f98e473c', protocol='range'}
2025-08-12 17:28:02,959 INFO  [org.apa.kaf.cli.con.int.ConsumerCoordinator] (Thread-636) [Consumer clientId=consumer-Consumer-topic-e4bd1805_f6f5_49fa_813d_b9b3a6ffa162-6, groupId=Consumer-topic-e4bd1805_f6f5_49fa_813d_b9b3a6ffa162] Finished assignment for group at generation 1: {consumer-Consumer-topic-e4bd1805_f6f5_49fa_813d_b9b3a6ffa162-6-fd7c5871-24d4-4d7d-8fd7-d396f98e473c=Assignment(partitions=[topic-e4bd1805_f6f5_49fa_813d_b9b3a6ffa162-0])}
2025-08-12 17:28:02,966 INFO  [org.apa.kaf.cli.con.int.ConsumerCoordinator] (Thread-636) [Consumer clientId=consumer-Consumer-topic-e4bd1805_f6f5_49fa_813d_b9b3a6ffa162-6, groupId=Consumer-topic-e4bd1805_f6f5_49fa_813d_b9b3a6ffa162] Successfully synced group in generation Generation{generationId=1, memberId='consumer-Consumer-topic-e4bd1805_f6f5_49fa_813d_b9b3a6ffa162-6-fd7c5871-24d4-4d7d-8fd7-d396f98e473c', protocol='range'}
2025-08-12 17:28:02,966 INFO  [org.apa.kaf.cli.con.int.ConsumerCoordinator] (Thread-636) [Consumer clientId=consumer-Consumer-topic-e4bd1805_f6f5_49fa_813d_b9b3a6ffa162-6, groupId=Consumer-topic-e4bd1805_f6f5_49fa_813d_b9b3a6ffa162] Notifying assignor about the new Assignment(partitions=[topic-e4bd1805_f6f5_49fa_813d_b9b3a6ffa162-0])
2025-08-12 17:28:02,966 INFO  [org.apa.kaf.cli.con.int.ConsumerRebalanceListenerInvoker] (Thread-636) [Consumer clientId=consumer-Consumer-topic-e4bd1805_f6f5_49fa_813d_b9b3a6ffa162-6, groupId=Consumer-topic-e4bd1805_f6f5_49fa_813d_b9b3a6ffa162] Adding newly assigned partitions: topic-e4bd1805_f6f5_49fa_813d_b9b3a6ffa162-0
2025-08-12 17:28:02,967 INFO  [org.apa.kaf.cli.con.int.ConsumerCoordinator] (Thread-636) [Consumer clientId=consumer-Consumer-topic-e4bd1805_f6f5_49fa_813d_b9b3a6ffa162-6, groupId=Consumer-topic-e4bd1805_f6f5_49fa_813d_b9b3a6ffa162] Found no committed offset for partition topic-e4bd1805_f6f5_49fa_813d_b9b3a6ffa162-0
2025-08-12 17:28:02,973 INFO  [org.apa.kaf.cli.con.int.SubscriptionState] (Thread-636) [Consumer clientId=consumer-Consumer-topic-e4bd1805_f6f5_49fa_813d_b9b3a6ffa162-6, groupId=Consumer-topic-e4bd1805_f6f5_49fa_813d_b9b3a6ffa162] Resetting offset for partition topic-e4bd1805_f6f5_49fa_813d_b9b3a6ffa162-0 to position FetchPosition{offset=0, offsetEpoch=Optional.empty, currentLeader=LeaderAndEpoch{leader=Optional[localhost:32769 (id: 0 rack: null)], epoch=0}}.
2025-08-12 17:28:03,064 INFO  [io.api.tes.ser.api.KafkaSerdesTester] (Thread-636) topic-e4bd1805_f6f5_49fa_813d_b9b3a6ffa162 0 0 io.apicurio.tests.common.serdes.TestObject@3dbd29cb
2025-08-12 17:28:03,064 INFO  [io.api.tes.ser.api.KafkaSerdesTester] (Thread-636) topic-e4bd1805_f6f5_49fa_813d_b9b3a6ffa162 0 1 io.apicurio.tests.common.serdes.TestObject@3dbd29cb
2025-08-12 17:28:03,064 INFO  [io.api.tes.ser.api.KafkaSerdesTester] (Thread-636) topic-e4bd1805_f6f5_49fa_813d_b9b3a6ffa162 0 2 io.apicurio.tests.common.serdes.TestObject@3dbd29cb
2025-08-12 17:28:03,064 INFO  [io.api.tes.ser.api.KafkaSerdesTester] (Thread-636) topic-e4bd1805_f6f5_49fa_813d_b9b3a6ffa162 0 3 io.apicurio.tests.common.serdes.TestObject@3dbd29cb
2025-08-12 17:28:03,064 INFO  [io.api.tes.ser.api.KafkaSerdesTester] (Thread-636) topic-e4bd1805_f6f5_49fa_813d_b9b3a6ffa162 0 4 io.apicurio.tests.common.serdes.TestObject@3dbd29cb
2025-08-12 17:28:03,064 INFO  [io.api.tes.ser.api.KafkaSerdesTester] (Thread-636) topic-e4bd1805_f6f5_49fa_813d_b9b3a6ffa162 0 5 io.apicurio.tests.common.serdes.TestObject@3dbd29cb
2025-08-12 17:28:03,064 INFO  [io.api.tes.ser.api.KafkaSerdesTester] (Thread-636) topic-e4bd1805_f6f5_49fa_813d_b9b3a6ffa162 0 6 io.apicurio.tests.common.serdes.TestObject@3dbd29cb
2025-08-12 17:28:03,064 INFO  [io.api.tes.ser.api.KafkaSerdesTester] (Thread-636) topic-e4bd1805_f6f5_49fa_813d_b9b3a6ffa162 0 7 io.apicurio.tests.common.serdes.TestObject@3dbd29cb
2025-08-12 17:28:03,064 INFO  [io.api.tes.ser.api.KafkaSerdesTester] (Thread-636) topic-e4bd1805_f6f5_49fa_813d_b9b3a6ffa162 0 8 io.apicurio.tests.common.serdes.TestObject@3dbd29cb
2025-08-12 17:28:03,065 INFO  [io.api.tes.ser.api.KafkaSerdesTester] (Thread-636) topic-e4bd1805_f6f5_49fa_813d_b9b3a6ffa162 0 9 io.apicurio.tests.common.serdes.TestObject@3dbd29cb
2025-08-12 17:28:03,065 INFO  [io.api.tes.ser.api.KafkaSerdesTester] (Thread-636) Consumed 10 messages
2025-08-12 17:28:03,073 INFO  [org.apa.kaf.cli.con.int.ConsumerRebalanceListenerInvoker] (Thread-636) [Consumer clientId=consumer-Consumer-topic-e4bd1805_f6f5_49fa_813d_b9b3a6ffa162-6, groupId=Consumer-topic-e4bd1805_f6f5_49fa_813d_b9b3a6ffa162] Revoke previously assigned partitions topic-e4bd1805_f6f5_49fa_813d_b9b3a6ffa162-0
2025-08-12 17:28:03,073 INFO  [org.apa.kaf.cli.con.int.ConsumerCoordinator] (Thread-636) [Consumer clientId=consumer-Consumer-topic-e4bd1805_f6f5_49fa_813d_b9b3a6ffa162-6, groupId=Consumer-topic-e4bd1805_f6f5_49fa_813d_b9b3a6ffa162] Member consumer-Consumer-topic-e4bd1805_f6f5_49fa_813d_b9b3a6ffa162-6-fd7c5871-24d4-4d7d-8fd7-d396f98e473c sending LeaveGroup request to coordinator localhost:32769 (id: 2147483647 rack: null) due to the consumer is being closed
2025-08-12 17:28:03,074 INFO  [org.apa.kaf.cli.con.int.ConsumerCoordinator] (Thread-636) [Consumer clientId=consumer-Consumer-topic-e4bd1805_f6f5_49fa_813d_b9b3a6ffa162-6, groupId=Consumer-topic-e4bd1805_f6f5_49fa_813d_b9b3a6ffa162] Resetting generation and member id due to: consumer pro-actively leaving the group
2025-08-12 17:28:03,074 INFO  [org.apa.kaf.cli.con.int.ConsumerCoordinator] (Thread-636) [Consumer clientId=consumer-Consumer-topic-e4bd1805_f6f5_49fa_813d_b9b3a6ffa162-6, groupId=Consumer-topic-e4bd1805_f6f5_49fa_813d_b9b3a6ffa162] Request joining group due to: consumer pro-actively leaving the group
2025-08-12 17:28:03,568 INFO  [org.apa.kaf.com.met.Metrics] (Thread-636) Metrics scheduler closed
2025-08-12 17:28:03,568 INFO  [org.apa.kaf.com.met.Metrics] (Thread-636) Closing reporter org.apache.kafka.common.metrics.JmxReporter
2025-08-12 17:28:03,568 INFO  [org.apa.kaf.com.met.Metrics] (Thread-636) Closing reporter org.apache.kafka.common.telemetry.internals.ClientTelemetryReporter
2025-08-12 17:28:03,568 INFO  [org.apa.kaf.com.met.Metrics] (Thread-636) Metrics reporters closed
2025-08-12 17:28:03,571 INFO  [org.apa.kaf.com.uti.AppInfoParser] (Thread-636) App info kafka.consumer for consumer-Consumer-topic-e4bd1805_f6f5_49fa_813d_b9b3a6ffa162-6 unregistered
2025-08-12 17:28:03,572 INFO  [io.api.tes.uti.TestSeparator] (main) io.apicurio.tests.serdes.apicurio.AvroSerdeIT.testReflectAutoRegister-FINISHED
2025-08-12 17:28:03,573 INFO  [io.api.tes.uti.TestSeparator] (main) ############################################################################
Test passed: testReflectAutoRegister
]]></system-out>
  </testcase>
  <testcase name="testArtifactNotFound" classname="io.apicurio.tests.serdes.apicurio.AvroSerdeIT" time="0.221">
    <system-out><![CDATA[2025-08-12 17:28:03,576 INFO  [io.api.tes.uti.TestSeparator] (main) ############################################################################
2025-08-12 17:28:03,576 INFO  [io.api.tes.uti.TestSeparator] (main) io.apicurio.tests.serdes.apicurio.AvroSerdeIT.testArtifactNotFound-STARTED
**** Registry Base URL: http://registry-app-ksql043.apps.ci419.apicurio-testing.org:80
2025-08-12 17:28:03,578 INFO  [org.apa.kaf.cli.pro.ProducerConfig] (main) ProducerConfig values: 
	acks = -1
	auto.include.jmx.reporter = true
	batch.size = 16384
	bootstrap.servers = [PLAINTEXT://localhost:32769]
	buffer.memory = 33554432
	client.dns.lookup = use_all_dns_ips
	client.id = Producer-s927d3dc5xa815x45e3x9f15xb080d16f19bf
	compression.gzip.level = -1
	compression.lz4.level = 9
	compression.type = none
	compression.zstd.level = 3
	connections.max.idle.ms = 10000
	delivery.timeout.ms = 120000
	enable.idempotence = true
	enable.metrics.push = true
	interceptor.classes = []
	key.serializer = class org.apache.kafka.common.serialization.StringSerializer
	linger.ms = 0
	max.block.ms = 60000
	max.in.flight.requests.per.connection = 5
	max.request.size = 1048576
	metadata.max.age.ms = 300000
	metadata.max.idle.ms = 300000
	metadata.recovery.strategy = none
	metric.reporters = []
	metrics.num.samples = 2
	metrics.recording.level = INFO
	metrics.sample.window.ms = 30000
	partitioner.adaptive.partitioning.enable = true
	partitioner.availability.timeout.ms = 0
	partitioner.class = null
	partitioner.ignore.keys = false
	receive.buffer.bytes = 32768
	reconnect.backoff.max.ms = 1000
	reconnect.backoff.ms = 50
	request.timeout.ms = 5000
	retries = 2147483647
	retry.backoff.max.ms = 1000
	retry.backoff.ms = 100
	sasl.client.callback.handler.class = null
	sasl.jaas.config = null
	sasl.kerberos.kinit.cmd = /usr/bin/kinit
	sasl.kerberos.min.time.before.relogin = 60000
	sasl.kerberos.service.name = null
	sasl.kerberos.ticket.renew.jitter = 0.05
	sasl.kerberos.ticket.renew.window.factor = 0.8
	sasl.login.callback.handler.class = null
	sasl.login.class = null
	sasl.login.connect.timeout.ms = null
	sasl.login.read.timeout.ms = null
	sasl.login.refresh.buffer.seconds = 300
	sasl.login.refresh.min.period.seconds = 60
	sasl.login.refresh.window.factor = 0.8
	sasl.login.refresh.window.jitter = 0.05
	sasl.login.retry.backoff.max.ms = 10000
	sasl.login.retry.backoff.ms = 100
	sasl.mechanism = GSSAPI
	sasl.oauthbearer.clock.skew.seconds = 30
	sasl.oauthbearer.expected.audience = null
	sasl.oauthbearer.expected.issuer = null
	sasl.oauthbearer.header.urlencode = false
	sasl.oauthbearer.jwks.endpoint.refresh.ms = 3600000
	sasl.oauthbearer.jwks.endpoint.retry.backoff.max.ms = 10000
	sasl.oauthbearer.jwks.endpoint.retry.backoff.ms = 100
	sasl.oauthbearer.jwks.endpoint.url = null
	sasl.oauthbearer.scope.claim.name = scope
	sasl.oauthbearer.sub.claim.name = sub
	sasl.oauthbearer.token.endpoint.url = null
	security.protocol = PLAINTEXT
	security.providers = null
	send.buffer.bytes = 131072
	socket.connection.setup.timeout.max.ms = 30000
	socket.connection.setup.timeout.ms = 10000
	ssl.cipher.suites = null
	ssl.enabled.protocols = [TLSv1.2, TLSv1.3]
	ssl.endpoint.identification.algorithm = https
	ssl.engine.factory.class = null
	ssl.key.password = null
	ssl.keymanager.algorithm = SunX509
	ssl.keystore.certificate.chain = null
	ssl.keystore.key = null
	ssl.keystore.location = null
	ssl.keystore.password = null
	ssl.keystore.type = JKS
	ssl.protocol = TLSv1.3
	ssl.provider = null
	ssl.secure.random.implementation = null
	ssl.trustmanager.algorithm = PKIX
	ssl.truststore.certificates = null
	ssl.truststore.location = null
	ssl.truststore.password = null
	ssl.truststore.type = JKS
	transaction.timeout.ms = 60000
	transactional.id = null
	value.serializer = class io.apicurio.registry.serde.avro.AvroKafkaSerializer

2025-08-12 17:28:03,578 INFO  [org.apa.kaf.com.tel.int.KafkaMetricsCollector] (main) initializing Kafka metrics collector
2025-08-12 17:28:03,584 INFO  [org.apa.kaf.cli.pro.KafkaProducer] (main) [Producer clientId=Producer-s927d3dc5xa815x45e3x9f15xb080d16f19bf] Instantiated an idempotent producer.
2025-08-12 17:28:03,587 INFO  [org.apa.kaf.cli.pro.ProducerConfig] (main) These configurations '[apicurio.registry.url, apicurio.registry.artifact-resolver-strategy]' were supplied but are not used yet.
2025-08-12 17:28:03,587 INFO  [org.apa.kaf.com.uti.AppInfoParser] (main) Kafka version: 3.9.1
2025-08-12 17:28:03,587 INFO  [org.apa.kaf.com.uti.AppInfoParser] (main) Kafka commitId: f745dfdcee2b9851
2025-08-12 17:28:03,587 INFO  [org.apa.kaf.com.uti.AppInfoParser] (main) Kafka startTimeMs: 1755019683587
2025-08-12 17:28:03,588 INFO  [io.api.tes.ser.api.KafkaSerdesTester] (Thread-639) Sending message {"keyB": "value-0"} to topic s927d3dc5xa815x45e3x9f15xb080d16f19bf
2025-08-12 17:28:03,594 WARN  [org.apa.kaf.cli.NetworkClient] (kafka-producer-network-thread | Producer-s927d3dc5xa815x45e3x9f15xb080d16f19bf) [Producer clientId=Producer-s927d3dc5xa815x45e3x9f15xb080d16f19bf] The metadata response from the cluster reported a recoverable issue with correlation id 1 : {s927d3dc5xa815x45e3x9f15xb080d16f19bf=UNKNOWN_TOPIC_OR_PARTITION}
2025-08-12 17:28:03,594 INFO  [org.apa.kaf.cli.Metadata] (kafka-producer-network-thread | Producer-s927d3dc5xa815x45e3x9f15xb080d16f19bf) [Producer clientId=Producer-s927d3dc5xa815x45e3x9f15xb080d16f19bf] Cluster ID: Fm7ZMVgORveP7Vf0og8MFw
2025-08-12 17:28:03,595 INFO  [org.apa.kaf.cli.pro.int.TransactionManager] (kafka-producer-network-thread | Producer-s927d3dc5xa815x45e3x9f15xb080d16f19bf) [Producer clientId=Producer-s927d3dc5xa815x45e3x9f15xb080d16f19bf] ProducerId set to 7 with epoch 0
2025-08-12 17:28:03,705 INFO  [DefaultSchemaResolver] (Thread-639) Retrieving schema content using string: {"type":"record","name":"myrecord","namespace":"mygroup","fields":[{"name":"keyB","type":"string"}]}
2025-08-12 17:28:03,788 INFO  [org.apa.kaf.cli.pro.KafkaProducer] (Thread-639) [Producer clientId=Producer-s927d3dc5xa815x45e3x9f15xb080d16f19bf] Closing the Kafka producer with timeoutMillis = 9223372036854775807 ms.
2025-08-12 17:28:03,792 INFO  [org.apa.kaf.com.met.Metrics] (Thread-639) Metrics scheduler closed
2025-08-12 17:28:03,792 INFO  [org.apa.kaf.com.met.Metrics] (Thread-639) Closing reporter org.apache.kafka.common.metrics.JmxReporter
2025-08-12 17:28:03,792 INFO  [org.apa.kaf.com.met.Metrics] (Thread-639) Closing reporter org.apache.kafka.common.telemetry.internals.ClientTelemetryReporter
2025-08-12 17:28:03,792 INFO  [org.apa.kaf.com.met.Metrics] (Thread-639) Metrics reporters closed
2025-08-12 17:28:03,792 INFO  [org.apa.kaf.com.uti.AppInfoParser] (Thread-639) App info kafka.producer for Producer-s927d3dc5xa815x45e3x9f15xb080d16f19bf unregistered
2025-08-12 17:28:03,794 INFO  [io.api.tes.uti.TestSeparator] (main) io.apicurio.tests.serdes.apicurio.AvroSerdeIT.testArtifactNotFound-FINISHED
2025-08-12 17:28:03,794 INFO  [io.api.tes.uti.TestSeparator] (main) ############################################################################
Test passed: testArtifactNotFound
]]></system-out>
    <system-err><![CDATA[java.lang.RuntimeException: Could not resolve artifact reference by content: {"type":"record","name":"myrecord","namespace":"mygroup","fields":[{"name":"keyB","type":"string"}]}&ArtifactReference [groupId=default, artifactId=s927d3dc5xa815x45e3x9f15xb080d16f19bf-value, version=null, globalId=null, contentId=null, contentHash=null]
	at io.apicurio.registry.resolver.DefaultSchemaResolver.lambda$handleResolveSchemaByContent$3(DefaultSchemaResolver.java:265)
	at io.apicurio.registry.resolver.cache.ERCache.lambda$getValue$0(ERCache.java:174)
	at io.apicurio.registry.resolver.cache.ERCache.retry(ERCache.java:227)
	at io.apicurio.registry.resolver.cache.ERCache.getValue(ERCache.java:173)
	at io.apicurio.registry.resolver.cache.ERCache.getByContent(ERCache.java:147)
	at io.apicurio.registry.resolver.DefaultSchemaResolver.handleResolveSchemaByContent(DefaultSchemaResolver.java:253)
	at io.apicurio.registry.resolver.DefaultSchemaResolver.getSchemaFromRegistry(DefaultSchemaResolver.java:138)
	at io.apicurio.registry.resolver.DefaultSchemaResolver.lambda$resolveSchema$0(DefaultSchemaResolver.java:84)
	at java.base/java.util.Optional.orElseGet(Optional.java:364)
	at io.apicurio.registry.resolver.DefaultSchemaResolver.resolveSchema(DefaultSchemaResolver.java:84)
	at io.apicurio.registry.serde.AbstractSerializer.serializeData(AbstractSerializer.java:62)
	at io.apicurio.registry.serde.KafkaSerializer.serialize(KafkaSerializer.java:77)
	at org.apache.kafka.clients.producer.KafkaProducer.doSend(KafkaProducer.java:1046)
	at org.apache.kafka.clients.producer.KafkaProducer.send(KafkaProducer.java:993)
	at org.apache.kafka.clients.producer.KafkaProducer.send(KafkaProducer.java:875)
	at io.apicurio.tests.serdes.apicurio.KafkaSerdesTester.lambda$produceMessages$3(KafkaSerdesTester.java:138)
	at java.base/java.util.concurrent.CompletableFuture$AsyncSupply.run(CompletableFuture.java:1768)
	at java.base/java.lang.Thread.run(Thread.java:840)
]]></system-err>
  </testcase>
  <testcase name="testAvroSerDesFailDifferentSchemaByRecordName" classname="io.apicurio.tests.serdes.apicurio.AvroSerdeIT" time="1.179">
    <system-out><![CDATA[2025-08-12 17:28:03,796 INFO  [io.api.tes.uti.TestSeparator] (main) ############################################################################
2025-08-12 17:28:03,796 INFO  [io.api.tes.uti.TestSeparator] (main) io.apicurio.tests.serdes.apicurio.AvroSerdeIT.testAvroSerDesFailDifferentSchemaByRecordName-STARTED
**** Registry Base URL: http://registry-app-ksql043.apps.ci419.apicurio-testing.org:80
2025-08-12 17:28:04,904 INFO  [org.apa.kaf.cli.pro.ProducerConfig] (main) ProducerConfig values: 
	acks = -1
	auto.include.jmx.reporter = true
	batch.size = 16384
	bootstrap.servers = [PLAINTEXT://localhost:32769]
	buffer.memory = 33554432
	client.dns.lookup = use_all_dns_ips
	client.id = Producer-topic-979e6fa1_b079_4b28_97ad_350f2cdf01d7
	compression.gzip.level = -1
	compression.lz4.level = 9
	compression.type = none
	compression.zstd.level = 3
	connections.max.idle.ms = 10000
	delivery.timeout.ms = 120000
	enable.idempotence = true
	enable.metrics.push = true
	interceptor.classes = []
	key.serializer = class org.apache.kafka.common.serialization.StringSerializer
	linger.ms = 0
	max.block.ms = 60000
	max.in.flight.requests.per.connection = 5
	max.request.size = 1048576
	metadata.max.age.ms = 300000
	metadata.max.idle.ms = 300000
	metadata.recovery.strategy = none
	metric.reporters = []
	metrics.num.samples = 2
	metrics.recording.level = INFO
	metrics.sample.window.ms = 30000
	partitioner.adaptive.partitioning.enable = true
	partitioner.availability.timeout.ms = 0
	partitioner.class = null
	partitioner.ignore.keys = false
	receive.buffer.bytes = 32768
	reconnect.backoff.max.ms = 1000
	reconnect.backoff.ms = 50
	request.timeout.ms = 5000
	retries = 2147483647
	retry.backoff.max.ms = 1000
	retry.backoff.ms = 100
	sasl.client.callback.handler.class = null
	sasl.jaas.config = null
	sasl.kerberos.kinit.cmd = /usr/bin/kinit
	sasl.kerberos.min.time.before.relogin = 60000
	sasl.kerberos.service.name = null
	sasl.kerberos.ticket.renew.jitter = 0.05
	sasl.kerberos.ticket.renew.window.factor = 0.8
	sasl.login.callback.handler.class = null
	sasl.login.class = null
	sasl.login.connect.timeout.ms = null
	sasl.login.read.timeout.ms = null
	sasl.login.refresh.buffer.seconds = 300
	sasl.login.refresh.min.period.seconds = 60
	sasl.login.refresh.window.factor = 0.8
	sasl.login.refresh.window.jitter = 0.05
	sasl.login.retry.backoff.max.ms = 10000
	sasl.login.retry.backoff.ms = 100
	sasl.mechanism = GSSAPI
	sasl.oauthbearer.clock.skew.seconds = 30
	sasl.oauthbearer.expected.audience = null
	sasl.oauthbearer.expected.issuer = null
	sasl.oauthbearer.header.urlencode = false
	sasl.oauthbearer.jwks.endpoint.refresh.ms = 3600000
	sasl.oauthbearer.jwks.endpoint.retry.backoff.max.ms = 10000
	sasl.oauthbearer.jwks.endpoint.retry.backoff.ms = 100
	sasl.oauthbearer.jwks.endpoint.url = null
	sasl.oauthbearer.scope.claim.name = scope
	sasl.oauthbearer.sub.claim.name = sub
	sasl.oauthbearer.token.endpoint.url = null
	security.protocol = PLAINTEXT
	security.providers = null
	send.buffer.bytes = 131072
	socket.connection.setup.timeout.max.ms = 30000
	socket.connection.setup.timeout.ms = 10000
	ssl.cipher.suites = null
	ssl.enabled.protocols = [TLSv1.2, TLSv1.3]
	ssl.endpoint.identification.algorithm = https
	ssl.engine.factory.class = null
	ssl.key.password = null
	ssl.keymanager.algorithm = SunX509
	ssl.keystore.certificate.chain = null
	ssl.keystore.key = null
	ssl.keystore.location = null
	ssl.keystore.password = null
	ssl.keystore.type = JKS
	ssl.protocol = TLSv1.3
	ssl.provider = null
	ssl.secure.random.implementation = null
	ssl.trustmanager.algorithm = PKIX
	ssl.truststore.certificates = null
	ssl.truststore.location = null
	ssl.truststore.password = null
	ssl.truststore.type = JKS
	transaction.timeout.ms = 60000
	transactional.id = null
	value.serializer = class io.apicurio.registry.serde.avro.AvroKafkaSerializer

2025-08-12 17:28:04,905 INFO  [org.apa.kaf.com.tel.int.KafkaMetricsCollector] (main) initializing Kafka metrics collector
2025-08-12 17:28:04,912 INFO  [org.apa.kaf.cli.pro.KafkaProducer] (main) [Producer clientId=Producer-topic-979e6fa1_b079_4b28_97ad_350f2cdf01d7] Instantiated an idempotent producer.
2025-08-12 17:28:04,914 INFO  [org.apa.kaf.cli.pro.ProducerConfig] (main) These configurations '[apicurio.registry.find-latest, apicurio.registry.url, apicurio.registry.artifact-resolver-strategy]' were supplied but are not used yet.
2025-08-12 17:28:04,914 INFO  [org.apa.kaf.com.uti.AppInfoParser] (main) Kafka version: 3.9.1
2025-08-12 17:28:04,914 INFO  [org.apa.kaf.com.uti.AppInfoParser] (main) Kafka commitId: f745dfdcee2b9851
2025-08-12 17:28:04,914 INFO  [org.apa.kaf.com.uti.AppInfoParser] (main) Kafka startTimeMs: 1755019684914
2025-08-12 17:28:04,915 INFO  [io.api.tes.ser.api.KafkaSerdesTester] (Thread-642) Sending message {"keyB": "value-0"} to topic topic-979e6fa1_b079_4b28_97ad_350f2cdf01d7
2025-08-12 17:28:04,920 INFO  [org.apa.kaf.cli.Metadata] (kafka-producer-network-thread | Producer-topic-979e6fa1_b079_4b28_97ad_350f2cdf01d7) [Producer clientId=Producer-topic-979e6fa1_b079_4b28_97ad_350f2cdf01d7] Cluster ID: Fm7ZMVgORveP7Vf0og8MFw
2025-08-12 17:28:04,920 INFO  [org.apa.kaf.cli.pro.int.TransactionManager] (kafka-producer-network-thread | Producer-topic-979e6fa1_b079_4b28_97ad_350f2cdf01d7) [Producer clientId=Producer-topic-979e6fa1_b079_4b28_97ad_350f2cdf01d7] ProducerId set to 8 with epoch 0
2025-08-12 17:28:04,971 INFO  [org.apa.kaf.cli.pro.KafkaProducer] (Thread-642) [Producer clientId=Producer-topic-979e6fa1_b079_4b28_97ad_350f2cdf01d7] Closing the Kafka producer with timeoutMillis = 9223372036854775807 ms.
2025-08-12 17:28:04,973 INFO  [org.apa.kaf.com.met.Metrics] (Thread-642) Metrics scheduler closed
2025-08-12 17:28:04,973 INFO  [org.apa.kaf.com.met.Metrics] (Thread-642) Closing reporter org.apache.kafka.common.metrics.JmxReporter
2025-08-12 17:28:04,973 INFO  [org.apa.kaf.com.met.Metrics] (Thread-642) Closing reporter org.apache.kafka.common.telemetry.internals.ClientTelemetryReporter
2025-08-12 17:28:04,973 INFO  [org.apa.kaf.com.met.Metrics] (Thread-642) Metrics reporters closed
2025-08-12 17:28:04,973 INFO  [org.apa.kaf.com.uti.AppInfoParser] (Thread-642) App info kafka.producer for Producer-topic-979e6fa1_b079_4b28_97ad_350f2cdf01d7 unregistered
2025-08-12 17:28:04,974 INFO  [io.api.tes.uti.TestSeparator] (main) io.apicurio.tests.serdes.apicurio.AvroSerdeIT.testAvroSerDesFailDifferentSchemaByRecordName-FINISHED
2025-08-12 17:28:04,974 INFO  [io.api.tes.uti.TestSeparator] (main) ############################################################################
Test passed: testAvroSerDesFailDifferentSchemaByRecordName
]]></system-out>
    <system-err><![CDATA[io.apicurio.registry.rest.client.models.ProblemDetails
	at io.apicurio.registry.rest.client.models.ProblemDetails.createFromDiscriminatorValue(ProblemDetails.java:58)
	at io.kiota.serialization.json.JsonParseNode.getObjectValue(JsonParseNode.java:247)
	at io.kiota.http.vertx.VertXRequestAdapter.lambda$throwIfFailedResponse$0(VertXRequestAdapter.java:400)
	at com.microsoft.kiota.ApiExceptionBuilder.<init>(ApiExceptionBuilder.java:26)
	at io.kiota.http.vertx.VertXRequestAdapter.throwIfFailedResponse(VertXRequestAdapter.java:399)
	at io.kiota.http.vertx.VertXRequestAdapter.send(VertXRequestAdapter.java:170)
	at io.apicurio.registry.rest.client.groups.item.artifacts.item.versions.item.WithVersionExpressionItemRequestBuilder.get(WithVersionExpressionItemRequestBuilder.java:128)
	at io.apicurio.registry.rest.client.groups.item.artifacts.item.versions.item.WithVersionExpressionItemRequestBuilder.get(WithVersionExpressionItemRequestBuilder.java:111)
	at io.apicurio.registry.resolver.client.RegistryClientFacadeImpl.getVersionCoordinatesByGAV(RegistryClientFacadeImpl.java:159)
	at io.apicurio.registry.resolver.DefaultSchemaResolver.resolveByCoordinates(DefaultSchemaResolver.java:352)
	at io.apicurio.registry.resolver.DefaultSchemaResolver.lambda$resolveSchemaByArtifactReferenceCached$6(DefaultSchemaResolver.java:340)
	at io.apicurio.registry.resolver.cache.ERCache.lambda$getValue$0(ERCache.java:174)
	at io.apicurio.registry.resolver.cache.ERCache.retry(ERCache.java:227)
	at io.apicurio.registry.resolver.cache.ERCache.getValue(ERCache.java:173)
	at io.apicurio.registry.resolver.cache.ERCache.getByArtifactCoordinates(ERCache.java:158)
	at io.apicurio.registry.resolver.DefaultSchemaResolver.resolveSchemaByArtifactReferenceCached(DefaultSchemaResolver.java:338)
	at io.apicurio.registry.resolver.DefaultSchemaResolver.resolveSchemaByCoordinates(DefaultSchemaResolver.java:193)
	at io.apicurio.registry.resolver.DefaultSchemaResolver.getSchemaFromRegistry(DefaultSchemaResolver.java:130)
	at io.apicurio.registry.resolver.DefaultSchemaResolver.lambda$resolveSchema$0(DefaultSchemaResolver.java:84)
	at java.base/java.util.Optional.orElseGet(Optional.java:364)
	at io.apicurio.registry.resolver.DefaultSchemaResolver.resolveSchema(DefaultSchemaResolver.java:84)
	at io.apicurio.registry.serde.AbstractSerializer.serializeData(AbstractSerializer.java:62)
	at io.apicurio.registry.serde.KafkaSerializer.serialize(KafkaSerializer.java:77)
	at org.apache.kafka.clients.producer.KafkaProducer.doSend(KafkaProducer.java:1046)
	at org.apache.kafka.clients.producer.KafkaProducer.send(KafkaProducer.java:993)
	at org.apache.kafka.clients.producer.KafkaProducer.send(KafkaProducer.java:875)
	at io.apicurio.tests.serdes.apicurio.KafkaSerdesTester.lambda$produceMessages$3(KafkaSerdesTester.java:138)
	at java.base/java.util.concurrent.CompletableFuture$AsyncSupply.run(CompletableFuture.java:1768)
	at java.base/java.lang.Thread.run(Thread.java:840)
]]></system-err>
  </testcase>
  <testcase name="testTopicIdStrategyFindLatest" classname="io.apicurio.tests.serdes.apicurio.AvroSerdeIT" time="4.899">
    <system-out><![CDATA[2025-08-12 17:28:04,978 INFO  [io.api.tes.uti.TestSeparator] (main) ############################################################################
2025-08-12 17:28:04,978 INFO  [io.api.tes.uti.TestSeparator] (main) io.apicurio.tests.serdes.apicurio.AvroSerdeIT.testTopicIdStrategyFindLatest-STARTED
2025-08-12 17:28:04,982 INFO  [io.api.tes.ser.api.AvroSerdeIT] (main) Registering Avro Schema: {"type":"record","name":"myrecordapicurio1","fields":[{"name":"key11755019684981","type":"string"}]}
**** Registry Base URL: http://registry-app-ksql043.apps.ci419.apicurio-testing.org:80
2025-08-12 17:28:06,089 INFO  [org.apa.kaf.cli.pro.ProducerConfig] (main) ProducerConfig values: 
	acks = -1
	auto.include.jmx.reporter = true
	batch.size = 16384
	bootstrap.servers = [PLAINTEXT://localhost:32769]
	buffer.memory = 33554432
	client.dns.lookup = use_all_dns_ips
	client.id = Producer-topic-161608d1_332e_42c6_be88_3b120ac69e1f
	compression.gzip.level = -1
	compression.lz4.level = 9
	compression.type = none
	compression.zstd.level = 3
	connections.max.idle.ms = 10000
	delivery.timeout.ms = 120000
	enable.idempotence = true
	enable.metrics.push = true
	interceptor.classes = []
	key.serializer = class org.apache.kafka.common.serialization.StringSerializer
	linger.ms = 0
	max.block.ms = 60000
	max.in.flight.requests.per.connection = 5
	max.request.size = 1048576
	metadata.max.age.ms = 300000
	metadata.max.idle.ms = 300000
	metadata.recovery.strategy = none
	metric.reporters = []
	metrics.num.samples = 2
	metrics.recording.level = INFO
	metrics.sample.window.ms = 30000
	partitioner.adaptive.partitioning.enable = true
	partitioner.availability.timeout.ms = 0
	partitioner.class = null
	partitioner.ignore.keys = false
	receive.buffer.bytes = 32768
	reconnect.backoff.max.ms = 1000
	reconnect.backoff.ms = 50
	request.timeout.ms = 5000
	retries = 2147483647
	retry.backoff.max.ms = 1000
	retry.backoff.ms = 100
	sasl.client.callback.handler.class = null
	sasl.jaas.config = null
	sasl.kerberos.kinit.cmd = /usr/bin/kinit
	sasl.kerberos.min.time.before.relogin = 60000
	sasl.kerberos.service.name = null
	sasl.kerberos.ticket.renew.jitter = 0.05
	sasl.kerberos.ticket.renew.window.factor = 0.8
	sasl.login.callback.handler.class = null
	sasl.login.class = null
	sasl.login.connect.timeout.ms = null
	sasl.login.read.timeout.ms = null
	sasl.login.refresh.buffer.seconds = 300
	sasl.login.refresh.min.period.seconds = 60
	sasl.login.refresh.window.factor = 0.8
	sasl.login.refresh.window.jitter = 0.05
	sasl.login.retry.backoff.max.ms = 10000
	sasl.login.retry.backoff.ms = 100
	sasl.mechanism = GSSAPI
	sasl.oauthbearer.clock.skew.seconds = 30
	sasl.oauthbearer.expected.audience = null
	sasl.oauthbearer.expected.issuer = null
	sasl.oauthbearer.header.urlencode = false
	sasl.oauthbearer.jwks.endpoint.refresh.ms = 3600000
	sasl.oauthbearer.jwks.endpoint.retry.backoff.max.ms = 10000
	sasl.oauthbearer.jwks.endpoint.retry.backoff.ms = 100
	sasl.oauthbearer.jwks.endpoint.url = null
	sasl.oauthbearer.scope.claim.name = scope
	sasl.oauthbearer.sub.claim.name = sub
	sasl.oauthbearer.token.endpoint.url = null
	security.protocol = PLAINTEXT
	security.providers = null
	send.buffer.bytes = 131072
	socket.connection.setup.timeout.max.ms = 30000
	socket.connection.setup.timeout.ms = 10000
	ssl.cipher.suites = null
	ssl.enabled.protocols = [TLSv1.2, TLSv1.3]
	ssl.endpoint.identification.algorithm = https
	ssl.engine.factory.class = null
	ssl.key.password = null
	ssl.keymanager.algorithm = SunX509
	ssl.keystore.certificate.chain = null
	ssl.keystore.key = null
	ssl.keystore.location = null
	ssl.keystore.password = null
	ssl.keystore.type = JKS
	ssl.protocol = TLSv1.3
	ssl.provider = null
	ssl.secure.random.implementation = null
	ssl.trustmanager.algorithm = PKIX
	ssl.truststore.certificates = null
	ssl.truststore.location = null
	ssl.truststore.password = null
	ssl.truststore.type = JKS
	transaction.timeout.ms = 60000
	transactional.id = null
	value.serializer = class io.apicurio.registry.serde.avro.AvroKafkaSerializer

2025-08-12 17:28:06,089 INFO  [org.apa.kaf.com.tel.int.KafkaMetricsCollector] (main) initializing Kafka metrics collector
2025-08-12 17:28:06,093 INFO  [org.apa.kaf.cli.pro.KafkaProducer] (main) [Producer clientId=Producer-topic-161608d1_332e_42c6_be88_3b120ac69e1f] Instantiated an idempotent producer.
2025-08-12 17:28:06,095 INFO  [org.apa.kaf.cli.pro.ProducerConfig] (main) These configurations '[apicurio.registry.find-latest, apicurio.registry.url, apicurio.registry.artifact-resolver-strategy]' were supplied but are not used yet.
2025-08-12 17:28:06,095 INFO  [org.apa.kaf.com.uti.AppInfoParser] (main) Kafka version: 3.9.1
2025-08-12 17:28:06,095 INFO  [org.apa.kaf.com.uti.AppInfoParser] (main) Kafka commitId: f745dfdcee2b9851
2025-08-12 17:28:06,096 INFO  [org.apa.kaf.com.uti.AppInfoParser] (main) Kafka startTimeMs: 1755019686095
2025-08-12 17:28:06,096 INFO  [io.api.tes.ser.api.SimpleSerdesTesterBuilder$SimpleSerdesTester] (main) Using producer configuration: {apicurio.registry.find-latest=true, apicurio.registry.url=http://registry-app-ksql043.apps.ci419.apicurio-testing.org:80/apis/registry/v3, apicurio.registry.artifact-resolver-strategy=io.apicurio.registry.serde.strategy.TopicIdStrategy, value.serializer=io.apicurio.registry.serde.avro.AvroKafkaSerializer, request.timeout.ms=5000, acks=all, bootstrap.servers=PLAINTEXT://localhost:32769, connections.max.idle.ms=10000, key.serializer=org.apache.kafka.common.serialization.StringSerializer, client.id=Producer-topic-161608d1_332e_42c6_be88_3b120ac69e1f}
2025-08-12 17:28:06,097 INFO  [io.api.tes.ser.api.SimpleSerdesTesterBuilder$SimpleSerdesTester] (main) Using consumer configuration: {}
2025-08-12 17:28:06,097 INFO  [io.api.tes.ser.api.KafkaSerdesTester] (Thread-645) Sending message {"key11755019684981": "value-0"} to topic topic-161608d1_332e_42c6_be88_3b120ac69e1f
2025-08-12 17:28:06,105 INFO  [org.apa.kaf.cli.Metadata] (kafka-producer-network-thread | Producer-topic-161608d1_332e_42c6_be88_3b120ac69e1f) [Producer clientId=Producer-topic-161608d1_332e_42c6_be88_3b120ac69e1f] Cluster ID: Fm7ZMVgORveP7Vf0og8MFw
2025-08-12 17:28:06,106 INFO  [org.apa.kaf.cli.pro.int.TransactionManager] (kafka-producer-network-thread | Producer-topic-161608d1_332e_42c6_be88_3b120ac69e1f) [Producer clientId=Producer-topic-161608d1_332e_42c6_be88_3b120ac69e1f] ProducerId set to 9 with epoch 0
2025-08-12 17:28:06,217 INFO  [io.api.tes.ser.api.KafkaSerdesTester] (Thread-645) Sending message {"key11755019684981": "value-1"} to topic topic-161608d1_332e_42c6_be88_3b120ac69e1f
2025-08-12 17:28:06,219 INFO  [io.api.tes.ser.api.KafkaSerdesTester] (Thread-645) Sending message {"key11755019684981": "value-2"} to topic topic-161608d1_332e_42c6_be88_3b120ac69e1f
2025-08-12 17:28:06,221 INFO  [io.api.tes.ser.api.KafkaSerdesTester] (Thread-645) Sending message {"key11755019684981": "value-3"} to topic topic-161608d1_332e_42c6_be88_3b120ac69e1f
2025-08-12 17:28:06,223 INFO  [io.api.tes.ser.api.KafkaSerdesTester] (Thread-645) Sending message {"key11755019684981": "value-4"} to topic topic-161608d1_332e_42c6_be88_3b120ac69e1f
2025-08-12 17:28:06,224 INFO  [io.api.tes.ser.api.KafkaSerdesTester] (Thread-645) Sending message {"key11755019684981": "value-5"} to topic topic-161608d1_332e_42c6_be88_3b120ac69e1f
2025-08-12 17:28:06,226 INFO  [io.api.tes.ser.api.KafkaSerdesTester] (Thread-645) Sending message {"key11755019684981": "value-6"} to topic topic-161608d1_332e_42c6_be88_3b120ac69e1f
2025-08-12 17:28:06,230 INFO  [io.api.tes.ser.api.KafkaSerdesTester] (Thread-645) Sending message {"key11755019684981": "value-7"} to topic topic-161608d1_332e_42c6_be88_3b120ac69e1f
2025-08-12 17:28:06,233 INFO  [io.api.tes.ser.api.KafkaSerdesTester] (Thread-645) Sending message {"key11755019684981": "value-8"} to topic topic-161608d1_332e_42c6_be88_3b120ac69e1f
2025-08-12 17:28:06,235 INFO  [io.api.tes.ser.api.KafkaSerdesTester] (Thread-645) Sending message {"key11755019684981": "value-9"} to topic topic-161608d1_332e_42c6_be88_3b120ac69e1f
2025-08-12 17:28:06,237 INFO  [io.api.tes.ser.api.KafkaSerdesTester] (Thread-645) Produced 10 messages
2025-08-12 17:28:06,237 INFO  [org.apa.kaf.cli.pro.KafkaProducer] (Thread-645) [Producer clientId=Producer-topic-161608d1_332e_42c6_be88_3b120ac69e1f] Closing the Kafka producer with timeoutMillis = 9223372036854775807 ms.
2025-08-12 17:28:06,241 INFO  [org.apa.kaf.com.met.Metrics] (Thread-645) Metrics scheduler closed
2025-08-12 17:28:06,241 INFO  [org.apa.kaf.com.met.Metrics] (Thread-645) Closing reporter org.apache.kafka.common.metrics.JmxReporter
2025-08-12 17:28:06,241 INFO  [org.apa.kaf.com.met.Metrics] (Thread-645) Closing reporter org.apache.kafka.common.telemetry.internals.ClientTelemetryReporter
2025-08-12 17:28:06,241 INFO  [org.apa.kaf.com.met.Metrics] (Thread-645) Metrics reporters closed
2025-08-12 17:28:06,241 INFO  [org.apa.kaf.com.uti.AppInfoParser] (Thread-645) App info kafka.producer for Producer-topic-161608d1_332e_42c6_be88_3b120ac69e1f unregistered
**** Registry Base URL: http://registry-app-ksql043.apps.ci419.apicurio-testing.org:80
2025-08-12 17:28:06,242 INFO  [org.apa.kaf.cli.con.ConsumerConfig] (main) ConsumerConfig values: 
	allow.auto.create.topics = true
	auto.commit.interval.ms = 500
	auto.include.jmx.reporter = true
	auto.offset.reset = earliest
	bootstrap.servers = [PLAINTEXT://localhost:32769]
	check.crcs = true
	client.dns.lookup = use_all_dns_ips
	client.id = consumer-Consumer-topic-161608d1_332e_42c6_be88_3b120ac69e1f-7
	client.rack = 
	connections.max.idle.ms = 10000
	default.api.timeout.ms = 60000
	enable.auto.commit = true
	enable.metrics.push = true
	exclude.internal.topics = true
	fetch.max.bytes = 52428800
	fetch.max.wait.ms = 500
	fetch.min.bytes = 1
	group.id = Consumer-topic-161608d1_332e_42c6_be88_3b120ac69e1f
	group.instance.id = null
	group.protocol = classic
	group.remote.assignor = null
	heartbeat.interval.ms = 3000
	interceptor.classes = []
	internal.leave.group.on.close = true
	internal.throw.on.fetch.stable.offset.unsupported = false
	isolation.level = read_uncommitted
	key.deserializer = class org.apache.kafka.common.serialization.StringDeserializer
	max.partition.fetch.bytes = 1048576
	max.poll.interval.ms = 300000
	max.poll.records = 500
	metadata.max.age.ms = 300000
	metadata.recovery.strategy = none
	metric.reporters = []
	metrics.num.samples = 2
	metrics.recording.level = INFO
	metrics.sample.window.ms = 30000
	partition.assignment.strategy = [class org.apache.kafka.clients.consumer.RangeAssignor, class org.apache.kafka.clients.consumer.CooperativeStickyAssignor]
	receive.buffer.bytes = 65536
	reconnect.backoff.max.ms = 1000
	reconnect.backoff.ms = 50
	request.timeout.ms = 5000
	retry.backoff.max.ms = 1000
	retry.backoff.ms = 100
	sasl.client.callback.handler.class = null
	sasl.jaas.config = null
	sasl.kerberos.kinit.cmd = /usr/bin/kinit
	sasl.kerberos.min.time.before.relogin = 60000
	sasl.kerberos.service.name = null
	sasl.kerberos.ticket.renew.jitter = 0.05
	sasl.kerberos.ticket.renew.window.factor = 0.8
	sasl.login.callback.handler.class = null
	sasl.login.class = null
	sasl.login.connect.timeout.ms = null
	sasl.login.read.timeout.ms = null
	sasl.login.refresh.buffer.seconds = 300
	sasl.login.refresh.min.period.seconds = 60
	sasl.login.refresh.window.factor = 0.8
	sasl.login.refresh.window.jitter = 0.05
	sasl.login.retry.backoff.max.ms = 10000
	sasl.login.retry.backoff.ms = 100
	sasl.mechanism = GSSAPI
	sasl.oauthbearer.clock.skew.seconds = 30
	sasl.oauthbearer.expected.audience = null
	sasl.oauthbearer.expected.issuer = null
	sasl.oauthbearer.header.urlencode = false
	sasl.oauthbearer.jwks.endpoint.refresh.ms = 3600000
	sasl.oauthbearer.jwks.endpoint.retry.backoff.max.ms = 10000
	sasl.oauthbearer.jwks.endpoint.retry.backoff.ms = 100
	sasl.oauthbearer.jwks.endpoint.url = null
	sasl.oauthbearer.scope.claim.name = scope
	sasl.oauthbearer.sub.claim.name = sub
	sasl.oauthbearer.token.endpoint.url = null
	security.protocol = PLAINTEXT
	security.providers = null
	send.buffer.bytes = 131072
	session.timeout.ms = 45000
	socket.connection.setup.timeout.max.ms = 30000
	socket.connection.setup.timeout.ms = 10000
	ssl.cipher.suites = null
	ssl.enabled.protocols = [TLSv1.2, TLSv1.3]
	ssl.endpoint.identification.algorithm = https
	ssl.engine.factory.class = null
	ssl.key.password = null
	ssl.keymanager.algorithm = SunX509
	ssl.keystore.certificate.chain = null
	ssl.keystore.key = null
	ssl.keystore.location = null
	ssl.keystore.password = null
	ssl.keystore.type = JKS
	ssl.protocol = TLSv1.3
	ssl.provider = null
	ssl.secure.random.implementation = null
	ssl.trustmanager.algorithm = PKIX
	ssl.truststore.certificates = null
	ssl.truststore.location = null
	ssl.truststore.password = null
	ssl.truststore.type = JKS
	value.deserializer = class io.apicurio.registry.serde.avro.AvroKafkaDeserializer

2025-08-12 17:28:06,242 INFO  [org.apa.kaf.com.tel.int.KafkaMetricsCollector] (main) initializing Kafka metrics collector
2025-08-12 17:28:06,252 INFO  [org.apa.kaf.cli.con.ConsumerConfig] (main) These configurations '[apicurio.registry.url]' were supplied but are not used yet.
2025-08-12 17:28:06,253 INFO  [org.apa.kaf.com.uti.AppInfoParser] (main) Kafka version: 3.9.1
2025-08-12 17:28:06,253 INFO  [org.apa.kaf.com.uti.AppInfoParser] (main) Kafka commitId: f745dfdcee2b9851
2025-08-12 17:28:06,253 INFO  [org.apa.kaf.com.uti.AppInfoParser] (main) Kafka startTimeMs: 1755019686253
2025-08-12 17:28:06,253 INFO  [org.apa.kaf.cli.con.int.ClassicKafkaConsumer] (Thread-648) [Consumer clientId=consumer-Consumer-topic-161608d1_332e_42c6_be88_3b120ac69e1f-7, groupId=Consumer-topic-161608d1_332e_42c6_be88_3b120ac69e1f] Subscribed to topic(s): topic-161608d1_332e_42c6_be88_3b120ac69e1f
2025-08-12 17:28:06,258 INFO  [org.apa.kaf.cli.Metadata] (Thread-648) [Consumer clientId=consumer-Consumer-topic-161608d1_332e_42c6_be88_3b120ac69e1f-7, groupId=Consumer-topic-161608d1_332e_42c6_be88_3b120ac69e1f] Cluster ID: Fm7ZMVgORveP7Vf0og8MFw
2025-08-12 17:28:06,261 INFO  [org.apa.kaf.cli.con.int.ConsumerCoordinator] (Thread-648) [Consumer clientId=consumer-Consumer-topic-161608d1_332e_42c6_be88_3b120ac69e1f-7, groupId=Consumer-topic-161608d1_332e_42c6_be88_3b120ac69e1f] Discovered group coordinator localhost:32769 (id: 2147483647 rack: null)
2025-08-12 17:28:06,264 INFO  [org.apa.kaf.cli.con.int.ConsumerCoordinator] (Thread-648) [Consumer clientId=consumer-Consumer-topic-161608d1_332e_42c6_be88_3b120ac69e1f-7, groupId=Consumer-topic-161608d1_332e_42c6_be88_3b120ac69e1f] (Re-)joining group
2025-08-12 17:28:06,267 INFO  [org.apa.kaf.cli.con.int.ConsumerCoordinator] (Thread-648) [Consumer clientId=consumer-Consumer-topic-161608d1_332e_42c6_be88_3b120ac69e1f-7, groupId=Consumer-topic-161608d1_332e_42c6_be88_3b120ac69e1f] Request joining group due to: need to re-join with the given member-id: consumer-Consumer-topic-161608d1_332e_42c6_be88_3b120ac69e1f-7-725931a4-b895-46f2-a7a7-8ac4d8d0fafe
2025-08-12 17:28:06,267 INFO  [org.apa.kaf.cli.con.int.ConsumerCoordinator] (Thread-648) [Consumer clientId=consumer-Consumer-topic-161608d1_332e_42c6_be88_3b120ac69e1f-7, groupId=Consumer-topic-161608d1_332e_42c6_be88_3b120ac69e1f] (Re-)joining group
2025-08-12 17:28:07,253 INFO  [io.api.tes.ser.api.KafkaSerdesTester] (Thread-648) None found
2025-08-12 17:28:08,253 INFO  [io.api.tes.ser.api.KafkaSerdesTester] (Thread-648) None found
2025-08-12 17:28:09,253 INFO  [io.api.tes.ser.api.KafkaSerdesTester] (Thread-648) None found
2025-08-12 17:28:09,269 INFO  [org.apa.kaf.cli.con.int.ConsumerCoordinator] (Thread-648) [Consumer clientId=consumer-Consumer-topic-161608d1_332e_42c6_be88_3b120ac69e1f-7, groupId=Consumer-topic-161608d1_332e_42c6_be88_3b120ac69e1f] Successfully joined group with generation Generation{generationId=1, memberId='consumer-Consumer-topic-161608d1_332e_42c6_be88_3b120ac69e1f-7-725931a4-b895-46f2-a7a7-8ac4d8d0fafe', protocol='range'}
2025-08-12 17:28:09,270 INFO  [org.apa.kaf.cli.con.int.ConsumerCoordinator] (Thread-648) [Consumer clientId=consumer-Consumer-topic-161608d1_332e_42c6_be88_3b120ac69e1f-7, groupId=Consumer-topic-161608d1_332e_42c6_be88_3b120ac69e1f] Finished assignment for group at generation 1: {consumer-Consumer-topic-161608d1_332e_42c6_be88_3b120ac69e1f-7-725931a4-b895-46f2-a7a7-8ac4d8d0fafe=Assignment(partitions=[topic-161608d1_332e_42c6_be88_3b120ac69e1f-0])}
2025-08-12 17:28:09,279 INFO  [org.apa.kaf.cli.con.int.ConsumerCoordinator] (Thread-648) [Consumer clientId=consumer-Consumer-topic-161608d1_332e_42c6_be88_3b120ac69e1f-7, groupId=Consumer-topic-161608d1_332e_42c6_be88_3b120ac69e1f] Successfully synced group in generation Generation{generationId=1, memberId='consumer-Consumer-topic-161608d1_332e_42c6_be88_3b120ac69e1f-7-725931a4-b895-46f2-a7a7-8ac4d8d0fafe', protocol='range'}
2025-08-12 17:28:09,279 INFO  [org.apa.kaf.cli.con.int.ConsumerCoordinator] (Thread-648) [Consumer clientId=consumer-Consumer-topic-161608d1_332e_42c6_be88_3b120ac69e1f-7, groupId=Consumer-topic-161608d1_332e_42c6_be88_3b120ac69e1f] Notifying assignor about the new Assignment(partitions=[topic-161608d1_332e_42c6_be88_3b120ac69e1f-0])
2025-08-12 17:28:09,280 INFO  [org.apa.kaf.cli.con.int.ConsumerRebalanceListenerInvoker] (Thread-648) [Consumer clientId=consumer-Consumer-topic-161608d1_332e_42c6_be88_3b120ac69e1f-7, groupId=Consumer-topic-161608d1_332e_42c6_be88_3b120ac69e1f] Adding newly assigned partitions: topic-161608d1_332e_42c6_be88_3b120ac69e1f-0
2025-08-12 17:28:09,281 INFO  [org.apa.kaf.cli.con.int.ConsumerCoordinator] (Thread-648) [Consumer clientId=consumer-Consumer-topic-161608d1_332e_42c6_be88_3b120ac69e1f-7, groupId=Consumer-topic-161608d1_332e_42c6_be88_3b120ac69e1f] Found no committed offset for partition topic-161608d1_332e_42c6_be88_3b120ac69e1f-0
2025-08-12 17:28:09,282 INFO  [org.apa.kaf.cli.con.int.SubscriptionState] (Thread-648) [Consumer clientId=consumer-Consumer-topic-161608d1_332e_42c6_be88_3b120ac69e1f-7, groupId=Consumer-topic-161608d1_332e_42c6_be88_3b120ac69e1f] Resetting offset for partition topic-161608d1_332e_42c6_be88_3b120ac69e1f-0 to position FetchPosition{offset=0, offsetEpoch=Optional.empty, currentLeader=LeaderAndEpoch{leader=Optional[localhost:32769 (id: 0 rack: null)], epoch=0}}.
2025-08-12 17:28:09,362 INFO  [io.api.tes.ser.api.KafkaSerdesTester] (Thread-648) topic-161608d1_332e_42c6_be88_3b120ac69e1f 0 0 {"key11755019684981": "value-0"}
2025-08-12 17:28:09,362 INFO  [io.api.tes.ser.api.KafkaSerdesTester] (Thread-648) topic-161608d1_332e_42c6_be88_3b120ac69e1f 0 1 {"key11755019684981": "value-1"}
2025-08-12 17:28:09,362 INFO  [io.api.tes.ser.api.KafkaSerdesTester] (Thread-648) topic-161608d1_332e_42c6_be88_3b120ac69e1f 0 2 {"key11755019684981": "value-2"}
2025-08-12 17:28:09,362 INFO  [io.api.tes.ser.api.KafkaSerdesTester] (Thread-648) topic-161608d1_332e_42c6_be88_3b120ac69e1f 0 3 {"key11755019684981": "value-3"}
2025-08-12 17:28:09,362 INFO  [io.api.tes.ser.api.KafkaSerdesTester] (Thread-648) topic-161608d1_332e_42c6_be88_3b120ac69e1f 0 4 {"key11755019684981": "value-4"}
2025-08-12 17:28:09,362 INFO  [io.api.tes.ser.api.KafkaSerdesTester] (Thread-648) topic-161608d1_332e_42c6_be88_3b120ac69e1f 0 5 {"key11755019684981": "value-5"}
2025-08-12 17:28:09,362 INFO  [io.api.tes.ser.api.KafkaSerdesTester] (Thread-648) topic-161608d1_332e_42c6_be88_3b120ac69e1f 0 6 {"key11755019684981": "value-6"}
2025-08-12 17:28:09,362 INFO  [io.api.tes.ser.api.KafkaSerdesTester] (Thread-648) topic-161608d1_332e_42c6_be88_3b120ac69e1f 0 7 {"key11755019684981": "value-7"}
2025-08-12 17:28:09,362 INFO  [io.api.tes.ser.api.KafkaSerdesTester] (Thread-648) topic-161608d1_332e_42c6_be88_3b120ac69e1f 0 8 {"key11755019684981": "value-8"}
2025-08-12 17:28:09,362 INFO  [io.api.tes.ser.api.KafkaSerdesTester] (Thread-648) topic-161608d1_332e_42c6_be88_3b120ac69e1f 0 9 {"key11755019684981": "value-9"}
2025-08-12 17:28:09,362 INFO  [io.api.tes.ser.api.KafkaSerdesTester] (Thread-648) Consumed 10 messages
2025-08-12 17:28:09,379 INFO  [org.apa.kaf.cli.con.int.ConsumerRebalanceListenerInvoker] (Thread-648) [Consumer clientId=consumer-Consumer-topic-161608d1_332e_42c6_be88_3b120ac69e1f-7, groupId=Consumer-topic-161608d1_332e_42c6_be88_3b120ac69e1f] Revoke previously assigned partitions topic-161608d1_332e_42c6_be88_3b120ac69e1f-0
2025-08-12 17:28:09,379 INFO  [org.apa.kaf.cli.con.int.ConsumerCoordinator] (Thread-648) [Consumer clientId=consumer-Consumer-topic-161608d1_332e_42c6_be88_3b120ac69e1f-7, groupId=Consumer-topic-161608d1_332e_42c6_be88_3b120ac69e1f] Member consumer-Consumer-topic-161608d1_332e_42c6_be88_3b120ac69e1f-7-725931a4-b895-46f2-a7a7-8ac4d8d0fafe sending LeaveGroup request to coordinator localhost:32769 (id: 2147483647 rack: null) due to the consumer is being closed
2025-08-12 17:28:09,380 INFO  [org.apa.kaf.cli.con.int.ConsumerCoordinator] (Thread-648) [Consumer clientId=consumer-Consumer-topic-161608d1_332e_42c6_be88_3b120ac69e1f-7, groupId=Consumer-topic-161608d1_332e_42c6_be88_3b120ac69e1f] Resetting generation and member id due to: consumer pro-actively leaving the group
2025-08-12 17:28:09,380 INFO  [org.apa.kaf.cli.con.int.ConsumerCoordinator] (Thread-648) [Consumer clientId=consumer-Consumer-topic-161608d1_332e_42c6_be88_3b120ac69e1f-7, groupId=Consumer-topic-161608d1_332e_42c6_be88_3b120ac69e1f] Request joining group due to: consumer pro-actively leaving the group
2025-08-12 17:28:09,870 INFO  [org.apa.kaf.com.met.Metrics] (Thread-648) Metrics scheduler closed
2025-08-12 17:28:09,870 INFO  [org.apa.kaf.com.met.Metrics] (Thread-648) Closing reporter org.apache.kafka.common.metrics.JmxReporter
2025-08-12 17:28:09,870 INFO  [org.apa.kaf.com.met.Metrics] (Thread-648) Closing reporter org.apache.kafka.common.telemetry.internals.ClientTelemetryReporter
2025-08-12 17:28:09,870 INFO  [org.apa.kaf.com.met.Metrics] (Thread-648) Metrics reporters closed
2025-08-12 17:28:09,874 INFO  [org.apa.kaf.com.uti.AppInfoParser] (Thread-648) App info kafka.consumer for consumer-Consumer-topic-161608d1_332e_42c6_be88_3b120ac69e1f-7 unregistered
2025-08-12 17:28:09,875 INFO  [io.api.tes.uti.TestSeparator] (main) io.apicurio.tests.serdes.apicurio.AvroSerdeIT.testTopicIdStrategyFindLatest-FINISHED
2025-08-12 17:28:09,875 INFO  [io.api.tes.uti.TestSeparator] (main) ############################################################################
Test passed: testTopicIdStrategyFindLatest
]]></system-out>
  </testcase>
  <testcase name="testAvroUnionWithSpecificReader" classname="io.apicurio.tests.serdes.apicurio.AvroSerdeIT" time="4.453">
    <system-out><![CDATA[2025-08-12 17:28:09,878 INFO  [io.api.tes.uti.TestSeparator] (main) ############################################################################
2025-08-12 17:28:09,878 INFO  [io.api.tes.uti.TestSeparator] (main) io.apicurio.tests.serdes.apicurio.AvroSerdeIT.testAvroUnionWithSpecificReader-STARTED
**** Registry Base URL: http://registry-app-ksql043.apps.ci419.apicurio-testing.org:80
2025-08-12 17:28:09,889 INFO  [org.apa.kaf.cli.pro.ProducerConfig] (main) ProducerConfig values: 
	acks = -1
	auto.include.jmx.reporter = true
	batch.size = 16384
	bootstrap.servers = [PLAINTEXT://localhost:32769]
	buffer.memory = 33554432
	client.dns.lookup = use_all_dns_ips
	client.id = Producer-topic-c5d49f34_be45_4232_82c0_4b09efc28d08
	compression.gzip.level = -1
	compression.lz4.level = 9
	compression.type = none
	compression.zstd.level = 3
	connections.max.idle.ms = 10000
	delivery.timeout.ms = 120000
	enable.idempotence = true
	enable.metrics.push = true
	interceptor.classes = []
	key.serializer = class org.apache.kafka.common.serialization.StringSerializer
	linger.ms = 0
	max.block.ms = 60000
	max.in.flight.requests.per.connection = 5
	max.request.size = 1048576
	metadata.max.age.ms = 300000
	metadata.max.idle.ms = 300000
	metadata.recovery.strategy = none
	metric.reporters = []
	metrics.num.samples = 2
	metrics.recording.level = INFO
	metrics.sample.window.ms = 30000
	partitioner.adaptive.partitioning.enable = true
	partitioner.availability.timeout.ms = 0
	partitioner.class = null
	partitioner.ignore.keys = false
	receive.buffer.bytes = 32768
	reconnect.backoff.max.ms = 1000
	reconnect.backoff.ms = 50
	request.timeout.ms = 5000
	retries = 2147483647
	retry.backoff.max.ms = 1000
	retry.backoff.ms = 100
	sasl.client.callback.handler.class = null
	sasl.jaas.config = null
	sasl.kerberos.kinit.cmd = /usr/bin/kinit
	sasl.kerberos.min.time.before.relogin = 60000
	sasl.kerberos.service.name = null
	sasl.kerberos.ticket.renew.jitter = 0.05
	sasl.kerberos.ticket.renew.window.factor = 0.8
	sasl.login.callback.handler.class = null
	sasl.login.class = null
	sasl.login.connect.timeout.ms = null
	sasl.login.read.timeout.ms = null
	sasl.login.refresh.buffer.seconds = 300
	sasl.login.refresh.min.period.seconds = 60
	sasl.login.refresh.window.factor = 0.8
	sasl.login.refresh.window.jitter = 0.05
	sasl.login.retry.backoff.max.ms = 10000
	sasl.login.retry.backoff.ms = 100
	sasl.mechanism = GSSAPI
	sasl.oauthbearer.clock.skew.seconds = 30
	sasl.oauthbearer.expected.audience = null
	sasl.oauthbearer.expected.issuer = null
	sasl.oauthbearer.header.urlencode = false
	sasl.oauthbearer.jwks.endpoint.refresh.ms = 3600000
	sasl.oauthbearer.jwks.endpoint.retry.backoff.max.ms = 10000
	sasl.oauthbearer.jwks.endpoint.retry.backoff.ms = 100
	sasl.oauthbearer.jwks.endpoint.url = null
	sasl.oauthbearer.scope.claim.name = scope
	sasl.oauthbearer.sub.claim.name = sub
	sasl.oauthbearer.token.endpoint.url = null
	security.protocol = PLAINTEXT
	security.providers = null
	send.buffer.bytes = 131072
	socket.connection.setup.timeout.max.ms = 30000
	socket.connection.setup.timeout.ms = 10000
	ssl.cipher.suites = null
	ssl.enabled.protocols = [TLSv1.2, TLSv1.3]
	ssl.endpoint.identification.algorithm = https
	ssl.engine.factory.class = null
	ssl.key.password = null
	ssl.keymanager.algorithm = SunX509
	ssl.keystore.certificate.chain = null
	ssl.keystore.key = null
	ssl.keystore.location = null
	ssl.keystore.password = null
	ssl.keystore.type = JKS
	ssl.protocol = TLSv1.3
	ssl.provider = null
	ssl.secure.random.implementation = null
	ssl.trustmanager.algorithm = PKIX
	ssl.truststore.certificates = null
	ssl.truststore.location = null
	ssl.truststore.password = null
	ssl.truststore.type = JKS
	transaction.timeout.ms = 60000
	transactional.id = null
	value.serializer = class io.apicurio.registry.serde.avro.AvroKafkaSerializer

2025-08-12 17:28:09,889 INFO  [org.apa.kaf.com.tel.int.KafkaMetricsCollector] (main) initializing Kafka metrics collector
2025-08-12 17:28:09,894 INFO  [org.apa.kaf.cli.pro.KafkaProducer] (main) [Producer clientId=Producer-topic-c5d49f34_be45_4232_82c0_4b09efc28d08] Instantiated an idempotent producer.
2025-08-12 17:28:09,896 INFO  [org.apa.kaf.cli.pro.ProducerConfig] (main) These configurations '[apicurio.registry.url, apicurio.registry.auto-register, apicurio.registry.artifact-resolver-strategy]' were supplied but are not used yet.
2025-08-12 17:28:09,897 INFO  [org.apa.kaf.com.uti.AppInfoParser] (main) Kafka version: 3.9.1
2025-08-12 17:28:09,897 INFO  [org.apa.kaf.com.uti.AppInfoParser] (main) Kafka commitId: f745dfdcee2b9851
2025-08-12 17:28:09,897 INFO  [org.apa.kaf.com.uti.AppInfoParser] (main) Kafka startTimeMs: 1755019689896
2025-08-12 17:28:09,897 INFO  [io.api.tes.ser.api.SimpleSerdesTesterBuilder$SimpleSerdesTester] (main) Using producer configuration: {apicurio.registry.url=http://registry-app-ksql043.apps.ci419.apicurio-testing.org:80/apis/registry/v3, apicurio.registry.auto-register=true, apicurio.registry.artifact-resolver-strategy=io.apicurio.registry.serde.strategy.TopicIdStrategy, value.serializer=io.apicurio.registry.serde.avro.AvroKafkaSerializer, request.timeout.ms=5000, acks=all, bootstrap.servers=PLAINTEXT://localhost:32769, connections.max.idle.ms=10000, key.serializer=org.apache.kafka.common.serialization.StringSerializer, client.id=Producer-topic-c5d49f34_be45_4232_82c0_4b09efc28d08}
2025-08-12 17:28:09,897 INFO  [io.api.tes.ser.api.SimpleSerdesTesterBuilder$SimpleSerdesTester] (main) Using consumer configuration: {}
2025-08-12 17:28:09,898 INFO  [io.api.tes.ser.api.KafkaSerdesTester] (Thread-651) Sending message {"id": "record-0"} to topic topic-c5d49f34_be45_4232_82c0_4b09efc28d08
2025-08-12 17:28:09,904 WARN  [org.apa.kaf.cli.NetworkClient] (kafka-producer-network-thread | Producer-topic-c5d49f34_be45_4232_82c0_4b09efc28d08) [Producer clientId=Producer-topic-c5d49f34_be45_4232_82c0_4b09efc28d08] The metadata response from the cluster reported a recoverable issue with correlation id 1 : {topic-c5d49f34_be45_4232_82c0_4b09efc28d08=UNKNOWN_TOPIC_OR_PARTITION}
2025-08-12 17:28:09,904 INFO  [org.apa.kaf.cli.Metadata] (kafka-producer-network-thread | Producer-topic-c5d49f34_be45_4232_82c0_4b09efc28d08) [Producer clientId=Producer-topic-c5d49f34_be45_4232_82c0_4b09efc28d08] Cluster ID: Fm7ZMVgORveP7Vf0og8MFw
2025-08-12 17:28:09,905 INFO  [org.apa.kaf.cli.pro.int.TransactionManager] (kafka-producer-network-thread | Producer-topic-c5d49f34_be45_4232_82c0_4b09efc28d08) [Producer clientId=Producer-topic-c5d49f34_be45_4232_82c0_4b09efc28d08] ProducerId set to 10 with epoch 0
2025-08-12 17:28:10,127 INFO  [io.api.tes.ser.api.KafkaSerdesTester] (Thread-651) Sending message {"value": 1} to topic topic-c5d49f34_be45_4232_82c0_4b09efc28d08
2025-08-12 17:28:10,207 INFO  [io.api.tes.ser.api.KafkaSerdesTester] (Thread-651) Sending message {"active": true} to topic topic-c5d49f34_be45_4232_82c0_4b09efc28d08
2025-08-12 17:28:10,287 INFO  [io.api.tes.ser.api.KafkaSerdesTester] (Thread-651) Sending message {"id": "record-3"} to topic topic-c5d49f34_be45_4232_82c0_4b09efc28d08
2025-08-12 17:28:10,288 INFO  [io.api.tes.ser.api.KafkaSerdesTester] (Thread-651) Sending message {"value": 4} to topic topic-c5d49f34_be45_4232_82c0_4b09efc28d08
2025-08-12 17:28:10,290 INFO  [io.api.tes.ser.api.KafkaSerdesTester] (Thread-651) Sending message {"active": false} to topic topic-c5d49f34_be45_4232_82c0_4b09efc28d08
2025-08-12 17:28:10,295 INFO  [io.api.tes.ser.api.KafkaSerdesTester] (Thread-651) Sending message {"id": "record-6"} to topic topic-c5d49f34_be45_4232_82c0_4b09efc28d08
2025-08-12 17:28:10,298 INFO  [io.api.tes.ser.api.KafkaSerdesTester] (Thread-651) Sending message {"value": 7} to topic topic-c5d49f34_be45_4232_82c0_4b09efc28d08
2025-08-12 17:28:10,300 INFO  [io.api.tes.ser.api.KafkaSerdesTester] (Thread-651) Sending message {"active": true} to topic topic-c5d49f34_be45_4232_82c0_4b09efc28d08
2025-08-12 17:28:10,301 INFO  [io.api.tes.ser.api.KafkaSerdesTester] (Thread-651) Sending message {"id": "record-9"} to topic topic-c5d49f34_be45_4232_82c0_4b09efc28d08
2025-08-12 17:28:10,306 INFO  [io.api.tes.ser.api.KafkaSerdesTester] (Thread-651) Produced 10 messages
2025-08-12 17:28:10,306 INFO  [org.apa.kaf.cli.pro.KafkaProducer] (Thread-651) [Producer clientId=Producer-topic-c5d49f34_be45_4232_82c0_4b09efc28d08] Closing the Kafka producer with timeoutMillis = 9223372036854775807 ms.
2025-08-12 17:28:10,308 INFO  [org.apa.kaf.com.met.Metrics] (Thread-651) Metrics scheduler closed
2025-08-12 17:28:10,308 INFO  [org.apa.kaf.com.met.Metrics] (Thread-651) Closing reporter org.apache.kafka.common.metrics.JmxReporter
2025-08-12 17:28:10,308 INFO  [org.apa.kaf.com.met.Metrics] (Thread-651) Closing reporter org.apache.kafka.common.telemetry.internals.ClientTelemetryReporter
2025-08-12 17:28:10,308 INFO  [org.apa.kaf.com.met.Metrics] (Thread-651) Metrics reporters closed
2025-08-12 17:28:10,309 INFO  [org.apa.kaf.com.uti.AppInfoParser] (Thread-651) App info kafka.producer for Producer-topic-c5d49f34_be45_4232_82c0_4b09efc28d08 unregistered
2025-08-12 17:28:10,338 INFO  [io.api.tes.ser.api.AvroSerdeIT] (main) Artifact topic-c5d49f34_be45_4232_82c0_4b09efc28d08-value found in registry with globalId 25
**** Registry Base URL: http://registry-app-ksql043.apps.ci419.apicurio-testing.org:80
2025-08-12 17:28:10,338 INFO  [org.apa.kaf.cli.con.ConsumerConfig] (main) ConsumerConfig values: 
	allow.auto.create.topics = true
	auto.commit.interval.ms = 500
	auto.include.jmx.reporter = true
	auto.offset.reset = earliest
	bootstrap.servers = [PLAINTEXT://localhost:32769]
	check.crcs = true
	client.dns.lookup = use_all_dns_ips
	client.id = consumer-Consumer-topic-c5d49f34_be45_4232_82c0_4b09efc28d08-8
	client.rack = 
	connections.max.idle.ms = 10000
	default.api.timeout.ms = 60000
	enable.auto.commit = true
	enable.metrics.push = true
	exclude.internal.topics = true
	fetch.max.bytes = 52428800
	fetch.max.wait.ms = 500
	fetch.min.bytes = 1
	group.id = Consumer-topic-c5d49f34_be45_4232_82c0_4b09efc28d08
	group.instance.id = null
	group.protocol = classic
	group.remote.assignor = null
	heartbeat.interval.ms = 3000
	interceptor.classes = []
	internal.leave.group.on.close = true
	internal.throw.on.fetch.stable.offset.unsupported = false
	isolation.level = read_uncommitted
	key.deserializer = class org.apache.kafka.common.serialization.StringDeserializer
	max.partition.fetch.bytes = 1048576
	max.poll.interval.ms = 300000
	max.poll.records = 500
	metadata.max.age.ms = 300000
	metadata.recovery.strategy = none
	metric.reporters = []
	metrics.num.samples = 2
	metrics.recording.level = INFO
	metrics.sample.window.ms = 30000
	partition.assignment.strategy = [class org.apache.kafka.clients.consumer.RangeAssignor, class org.apache.kafka.clients.consumer.CooperativeStickyAssignor]
	receive.buffer.bytes = 65536
	reconnect.backoff.max.ms = 1000
	reconnect.backoff.ms = 50
	request.timeout.ms = 5000
	retry.backoff.max.ms = 1000
	retry.backoff.ms = 100
	sasl.client.callback.handler.class = null
	sasl.jaas.config = null
	sasl.kerberos.kinit.cmd = /usr/bin/kinit
	sasl.kerberos.min.time.before.relogin = 60000
	sasl.kerberos.service.name = null
	sasl.kerberos.ticket.renew.jitter = 0.05
	sasl.kerberos.ticket.renew.window.factor = 0.8
	sasl.login.callback.handler.class = null
	sasl.login.class = null
	sasl.login.connect.timeout.ms = null
	sasl.login.read.timeout.ms = null
	sasl.login.refresh.buffer.seconds = 300
	sasl.login.refresh.min.period.seconds = 60
	sasl.login.refresh.window.factor = 0.8
	sasl.login.refresh.window.jitter = 0.05
	sasl.login.retry.backoff.max.ms = 10000
	sasl.login.retry.backoff.ms = 100
	sasl.mechanism = GSSAPI
	sasl.oauthbearer.clock.skew.seconds = 30
	sasl.oauthbearer.expected.audience = null
	sasl.oauthbearer.expected.issuer = null
	sasl.oauthbearer.header.urlencode = false
	sasl.oauthbearer.jwks.endpoint.refresh.ms = 3600000
	sasl.oauthbearer.jwks.endpoint.retry.backoff.max.ms = 10000
	sasl.oauthbearer.jwks.endpoint.retry.backoff.ms = 100
	sasl.oauthbearer.jwks.endpoint.url = null
	sasl.oauthbearer.scope.claim.name = scope
	sasl.oauthbearer.sub.claim.name = sub
	sasl.oauthbearer.token.endpoint.url = null
	security.protocol = PLAINTEXT
	security.providers = null
	send.buffer.bytes = 131072
	session.timeout.ms = 45000
	socket.connection.setup.timeout.max.ms = 30000
	socket.connection.setup.timeout.ms = 10000
	ssl.cipher.suites = null
	ssl.enabled.protocols = [TLSv1.2, TLSv1.3]
	ssl.endpoint.identification.algorithm = https
	ssl.engine.factory.class = null
	ssl.key.password = null
	ssl.keymanager.algorithm = SunX509
	ssl.keystore.certificate.chain = null
	ssl.keystore.key = null
	ssl.keystore.location = null
	ssl.keystore.password = null
	ssl.keystore.type = JKS
	ssl.protocol = TLSv1.3
	ssl.provider = null
	ssl.secure.random.implementation = null
	ssl.trustmanager.algorithm = PKIX
	ssl.truststore.certificates = null
	ssl.truststore.location = null
	ssl.truststore.password = null
	ssl.truststore.type = JKS
	value.deserializer = class io.apicurio.registry.serde.avro.AvroKafkaDeserializer

2025-08-12 17:28:10,339 INFO  [org.apa.kaf.com.tel.int.KafkaMetricsCollector] (main) initializing Kafka metrics collector
2025-08-12 17:28:10,344 INFO  [org.apa.kaf.cli.con.ConsumerConfig] (main) These configurations '[apicurio.registry.url]' were supplied but are not used yet.
2025-08-12 17:28:10,344 INFO  [org.apa.kaf.com.uti.AppInfoParser] (main) Kafka version: 3.9.1
2025-08-12 17:28:10,344 INFO  [org.apa.kaf.com.uti.AppInfoParser] (main) Kafka commitId: f745dfdcee2b9851
2025-08-12 17:28:10,344 INFO  [org.apa.kaf.com.uti.AppInfoParser] (main) Kafka startTimeMs: 1755019690344
2025-08-12 17:28:10,345 INFO  [org.apa.kaf.cli.con.int.ClassicKafkaConsumer] (Thread-654) [Consumer clientId=consumer-Consumer-topic-c5d49f34_be45_4232_82c0_4b09efc28d08-8, groupId=Consumer-topic-c5d49f34_be45_4232_82c0_4b09efc28d08] Subscribed to topic(s): topic-c5d49f34_be45_4232_82c0_4b09efc28d08
2025-08-12 17:28:10,349 INFO  [org.apa.kaf.cli.Metadata] (Thread-654) [Consumer clientId=consumer-Consumer-topic-c5d49f34_be45_4232_82c0_4b09efc28d08-8, groupId=Consumer-topic-c5d49f34_be45_4232_82c0_4b09efc28d08] Cluster ID: Fm7ZMVgORveP7Vf0og8MFw
2025-08-12 17:28:10,350 INFO  [org.apa.kaf.cli.con.int.ConsumerCoordinator] (Thread-654) [Consumer clientId=consumer-Consumer-topic-c5d49f34_be45_4232_82c0_4b09efc28d08-8, groupId=Consumer-topic-c5d49f34_be45_4232_82c0_4b09efc28d08] Discovered group coordinator localhost:32769 (id: 2147483647 rack: null)
2025-08-12 17:28:10,351 INFO  [org.apa.kaf.cli.con.int.ConsumerCoordinator] (Thread-654) [Consumer clientId=consumer-Consumer-topic-c5d49f34_be45_4232_82c0_4b09efc28d08-8, groupId=Consumer-topic-c5d49f34_be45_4232_82c0_4b09efc28d08] (Re-)joining group
2025-08-12 17:28:10,353 INFO  [org.apa.kaf.cli.con.int.ConsumerCoordinator] (Thread-654) [Consumer clientId=consumer-Consumer-topic-c5d49f34_be45_4232_82c0_4b09efc28d08-8, groupId=Consumer-topic-c5d49f34_be45_4232_82c0_4b09efc28d08] Request joining group due to: need to re-join with the given member-id: consumer-Consumer-topic-c5d49f34_be45_4232_82c0_4b09efc28d08-8-502f90c8-75f1-4452-b041-9f2a67197ad4
2025-08-12 17:28:10,353 INFO  [org.apa.kaf.cli.con.int.ConsumerCoordinator] (Thread-654) [Consumer clientId=consumer-Consumer-topic-c5d49f34_be45_4232_82c0_4b09efc28d08-8, groupId=Consumer-topic-c5d49f34_be45_4232_82c0_4b09efc28d08] (Re-)joining group
2025-08-12 17:28:11,345 INFO  [io.api.tes.ser.api.KafkaSerdesTester] (Thread-654) None found
2025-08-12 17:28:12,345 INFO  [io.api.tes.ser.api.KafkaSerdesTester] (Thread-654) None found
2025-08-12 17:28:13,346 INFO  [io.api.tes.ser.api.KafkaSerdesTester] (Thread-654) None found
2025-08-12 17:28:13,354 INFO  [org.apa.kaf.cli.con.int.ConsumerCoordinator] (Thread-654) [Consumer clientId=consumer-Consumer-topic-c5d49f34_be45_4232_82c0_4b09efc28d08-8, groupId=Consumer-topic-c5d49f34_be45_4232_82c0_4b09efc28d08] Successfully joined group with generation Generation{generationId=1, memberId='consumer-Consumer-topic-c5d49f34_be45_4232_82c0_4b09efc28d08-8-502f90c8-75f1-4452-b041-9f2a67197ad4', protocol='range'}
2025-08-12 17:28:13,355 INFO  [org.apa.kaf.cli.con.int.ConsumerCoordinator] (Thread-654) [Consumer clientId=consumer-Consumer-topic-c5d49f34_be45_4232_82c0_4b09efc28d08-8, groupId=Consumer-topic-c5d49f34_be45_4232_82c0_4b09efc28d08] Finished assignment for group at generation 1: {consumer-Consumer-topic-c5d49f34_be45_4232_82c0_4b09efc28d08-8-502f90c8-75f1-4452-b041-9f2a67197ad4=Assignment(partitions=[topic-c5d49f34_be45_4232_82c0_4b09efc28d08-0])}
2025-08-12 17:28:13,362 INFO  [org.apa.kaf.cli.con.int.ConsumerCoordinator] (Thread-654) [Consumer clientId=consumer-Consumer-topic-c5d49f34_be45_4232_82c0_4b09efc28d08-8, groupId=Consumer-topic-c5d49f34_be45_4232_82c0_4b09efc28d08] Successfully synced group in generation Generation{generationId=1, memberId='consumer-Consumer-topic-c5d49f34_be45_4232_82c0_4b09efc28d08-8-502f90c8-75f1-4452-b041-9f2a67197ad4', protocol='range'}
2025-08-12 17:28:13,363 INFO  [org.apa.kaf.cli.con.int.ConsumerCoordinator] (Thread-654) [Consumer clientId=consumer-Consumer-topic-c5d49f34_be45_4232_82c0_4b09efc28d08-8, groupId=Consumer-topic-c5d49f34_be45_4232_82c0_4b09efc28d08] Notifying assignor about the new Assignment(partitions=[topic-c5d49f34_be45_4232_82c0_4b09efc28d08-0])
2025-08-12 17:28:13,363 INFO  [org.apa.kaf.cli.con.int.ConsumerRebalanceListenerInvoker] (Thread-654) [Consumer clientId=consumer-Consumer-topic-c5d49f34_be45_4232_82c0_4b09efc28d08-8, groupId=Consumer-topic-c5d49f34_be45_4232_82c0_4b09efc28d08] Adding newly assigned partitions: topic-c5d49f34_be45_4232_82c0_4b09efc28d08-0
2025-08-12 17:28:13,364 INFO  [org.apa.kaf.cli.con.int.ConsumerCoordinator] (Thread-654) [Consumer clientId=consumer-Consumer-topic-c5d49f34_be45_4232_82c0_4b09efc28d08-8, groupId=Consumer-topic-c5d49f34_be45_4232_82c0_4b09efc28d08] Found no committed offset for partition topic-c5d49f34_be45_4232_82c0_4b09efc28d08-0
2025-08-12 17:28:13,371 INFO  [org.apa.kaf.cli.con.int.SubscriptionState] (Thread-654) [Consumer clientId=consumer-Consumer-topic-c5d49f34_be45_4232_82c0_4b09efc28d08-8, groupId=Consumer-topic-c5d49f34_be45_4232_82c0_4b09efc28d08] Resetting offset for partition topic-c5d49f34_be45_4232_82c0_4b09efc28d08-0 to position FetchPosition{offset=0, offsetEpoch=Optional.empty, currentLeader=LeaderAndEpoch{leader=Optional[localhost:32769 (id: 0 rack: null)], epoch=0}}.
2025-08-12 17:28:13,820 INFO  [io.api.tes.ser.api.KafkaSerdesTester] (Thread-654) topic-c5d49f34_be45_4232_82c0_4b09efc28d08 0 0 {"id": "record-0"}
2025-08-12 17:28:13,820 INFO  [io.api.tes.ser.api.KafkaSerdesTester] (Thread-654) topic-c5d49f34_be45_4232_82c0_4b09efc28d08 0 1 {"value": 1}
2025-08-12 17:28:13,820 INFO  [io.api.tes.ser.api.KafkaSerdesTester] (Thread-654) topic-c5d49f34_be45_4232_82c0_4b09efc28d08 0 2 {"active": true}
2025-08-12 17:28:13,820 INFO  [io.api.tes.ser.api.KafkaSerdesTester] (Thread-654) topic-c5d49f34_be45_4232_82c0_4b09efc28d08 0 3 {"id": "record-3"}
2025-08-12 17:28:13,820 INFO  [io.api.tes.ser.api.KafkaSerdesTester] (Thread-654) topic-c5d49f34_be45_4232_82c0_4b09efc28d08 0 4 {"value": 4}
2025-08-12 17:28:13,820 INFO  [io.api.tes.ser.api.KafkaSerdesTester] (Thread-654) topic-c5d49f34_be45_4232_82c0_4b09efc28d08 0 5 {"active": false}
2025-08-12 17:28:13,820 INFO  [io.api.tes.ser.api.KafkaSerdesTester] (Thread-654) topic-c5d49f34_be45_4232_82c0_4b09efc28d08 0 6 {"id": "record-6"}
2025-08-12 17:28:13,820 INFO  [io.api.tes.ser.api.KafkaSerdesTester] (Thread-654) topic-c5d49f34_be45_4232_82c0_4b09efc28d08 0 7 {"value": 7}
2025-08-12 17:28:13,820 INFO  [io.api.tes.ser.api.KafkaSerdesTester] (Thread-654) topic-c5d49f34_be45_4232_82c0_4b09efc28d08 0 8 {"active": true}
2025-08-12 17:28:13,820 INFO  [io.api.tes.ser.api.KafkaSerdesTester] (Thread-654) topic-c5d49f34_be45_4232_82c0_4b09efc28d08 0 9 {"id": "record-9"}
2025-08-12 17:28:13,820 INFO  [io.api.tes.ser.api.KafkaSerdesTester] (Thread-654) Consumed 10 messages
2025-08-12 17:28:13,832 INFO  [org.apa.kaf.cli.con.int.ConsumerRebalanceListenerInvoker] (Thread-654) [Consumer clientId=consumer-Consumer-topic-c5d49f34_be45_4232_82c0_4b09efc28d08-8, groupId=Consumer-topic-c5d49f34_be45_4232_82c0_4b09efc28d08] Revoke previously assigned partitions topic-c5d49f34_be45_4232_82c0_4b09efc28d08-0
2025-08-12 17:28:13,832 INFO  [org.apa.kaf.cli.con.int.ConsumerCoordinator] (Thread-654) [Consumer clientId=consumer-Consumer-topic-c5d49f34_be45_4232_82c0_4b09efc28d08-8, groupId=Consumer-topic-c5d49f34_be45_4232_82c0_4b09efc28d08] Member consumer-Consumer-topic-c5d49f34_be45_4232_82c0_4b09efc28d08-8-502f90c8-75f1-4452-b041-9f2a67197ad4 sending LeaveGroup request to coordinator localhost:32769 (id: 2147483647 rack: null) due to the consumer is being closed
2025-08-12 17:28:13,833 INFO  [org.apa.kaf.cli.con.int.ConsumerCoordinator] (Thread-654) [Consumer clientId=consumer-Consumer-topic-c5d49f34_be45_4232_82c0_4b09efc28d08-8, groupId=Consumer-topic-c5d49f34_be45_4232_82c0_4b09efc28d08] Resetting generation and member id due to: consumer pro-actively leaving the group
2025-08-12 17:28:13,833 INFO  [org.apa.kaf.cli.con.int.ConsumerCoordinator] (Thread-654) [Consumer clientId=consumer-Consumer-topic-c5d49f34_be45_4232_82c0_4b09efc28d08-8, groupId=Consumer-topic-c5d49f34_be45_4232_82c0_4b09efc28d08] Request joining group due to: consumer pro-actively leaving the group
2025-08-12 17:28:14,326 INFO  [org.apa.kaf.com.met.Metrics] (Thread-654) Metrics scheduler closed
2025-08-12 17:28:14,326 INFO  [org.apa.kaf.com.met.Metrics] (Thread-654) Closing reporter org.apache.kafka.common.metrics.JmxReporter
2025-08-12 17:28:14,326 INFO  [org.apa.kaf.com.met.Metrics] (Thread-654) Closing reporter org.apache.kafka.common.telemetry.internals.ClientTelemetryReporter
2025-08-12 17:28:14,326 INFO  [org.apa.kaf.com.met.Metrics] (Thread-654) Metrics reporters closed
2025-08-12 17:28:14,329 INFO  [org.apa.kaf.com.uti.AppInfoParser] (Thread-654) App info kafka.consumer for consumer-Consumer-topic-c5d49f34_be45_4232_82c0_4b09efc28d08-8 unregistered
2025-08-12 17:28:14,329 INFO  [io.api.tes.uti.TestSeparator] (main) io.apicurio.tests.serdes.apicurio.AvroSerdeIT.testAvroUnionWithSpecificReader-FINISHED
2025-08-12 17:28:14,329 INFO  [io.api.tes.uti.TestSeparator] (main) ############################################################################
Test passed: testAvroUnionWithSpecificReader
]]></system-out>
  </testcase>
  <testcase name="testEvolveAvroApicurioReusingClient" classname="io.apicurio.tests.serdes.apicurio.AvroSerdeIT" time="7.292">
    <system-out><![CDATA[2025-08-12 17:28:14,331 INFO  [io.api.tes.uti.TestSeparator] (main) ############################################################################
2025-08-12 17:28:14,334 INFO  [io.api.tes.uti.TestSeparator] (main) io.apicurio.tests.serdes.apicurio.AvroSerdeIT.testEvolveAvroApicurioReusingClient-STARTED
2025-08-12 17:28:14,335 INFO  [io.api.tes.ser.api.AvroSerdeIT] (main) Registering Avro Schema: {"type":"record","name":"s230656c4x0060x4b72xaad0xcb5a76edf028","namespace":"ns_30186bd8_9dc5_4b9a_b2f1_e36b762e5783","fields":[{"name":"key11755019694334","type":"string"}]}
**** Registry Base URL: http://registry-app-ksql043.apps.ci419.apicurio-testing.org:80
2025-08-12 17:28:15,430 INFO  [org.apa.kaf.cli.pro.ProducerConfig] (main) ProducerConfig values: 
	acks = -1
	auto.include.jmx.reporter = true
	batch.size = 16384
	bootstrap.servers = [PLAINTEXT://localhost:32769]
	buffer.memory = 33554432
	client.dns.lookup = use_all_dns_ips
	client.id = Producer-topic-80d6da33_5485_4d2b_b98c_0bc2ddddb7fb
	compression.gzip.level = -1
	compression.lz4.level = 9
	compression.type = none
	compression.zstd.level = 3
	connections.max.idle.ms = 10000
	delivery.timeout.ms = 120000
	enable.idempotence = true
	enable.metrics.push = true
	interceptor.classes = []
	key.serializer = class org.apache.kafka.common.serialization.StringSerializer
	linger.ms = 0
	max.block.ms = 60000
	max.in.flight.requests.per.connection = 5
	max.request.size = 1048576
	metadata.max.age.ms = 300000
	metadata.max.idle.ms = 300000
	metadata.recovery.strategy = none
	metric.reporters = []
	metrics.num.samples = 2
	metrics.recording.level = INFO
	metrics.sample.window.ms = 30000
	partitioner.adaptive.partitioning.enable = true
	partitioner.availability.timeout.ms = 0
	partitioner.class = null
	partitioner.ignore.keys = false
	receive.buffer.bytes = 32768
	reconnect.backoff.max.ms = 1000
	reconnect.backoff.ms = 50
	request.timeout.ms = 5000
	retries = 2147483647
	retry.backoff.max.ms = 1000
	retry.backoff.ms = 100
	sasl.client.callback.handler.class = null
	sasl.jaas.config = null
	sasl.kerberos.kinit.cmd = /usr/bin/kinit
	sasl.kerberos.min.time.before.relogin = 60000
	sasl.kerberos.service.name = null
	sasl.kerberos.ticket.renew.jitter = 0.05
	sasl.kerberos.ticket.renew.window.factor = 0.8
	sasl.login.callback.handler.class = null
	sasl.login.class = null
	sasl.login.connect.timeout.ms = null
	sasl.login.read.timeout.ms = null
	sasl.login.refresh.buffer.seconds = 300
	sasl.login.refresh.min.period.seconds = 60
	sasl.login.refresh.window.factor = 0.8
	sasl.login.refresh.window.jitter = 0.05
	sasl.login.retry.backoff.max.ms = 10000
	sasl.login.retry.backoff.ms = 100
	sasl.mechanism = GSSAPI
	sasl.oauthbearer.clock.skew.seconds = 30
	sasl.oauthbearer.expected.audience = null
	sasl.oauthbearer.expected.issuer = null
	sasl.oauthbearer.header.urlencode = false
	sasl.oauthbearer.jwks.endpoint.refresh.ms = 3600000
	sasl.oauthbearer.jwks.endpoint.retry.backoff.max.ms = 10000
	sasl.oauthbearer.jwks.endpoint.retry.backoff.ms = 100
	sasl.oauthbearer.jwks.endpoint.url = null
	sasl.oauthbearer.scope.claim.name = scope
	sasl.oauthbearer.sub.claim.name = sub
	sasl.oauthbearer.token.endpoint.url = null
	security.protocol = PLAINTEXT
	security.providers = null
	send.buffer.bytes = 131072
	socket.connection.setup.timeout.max.ms = 30000
	socket.connection.setup.timeout.ms = 10000
	ssl.cipher.suites = null
	ssl.enabled.protocols = [TLSv1.2, TLSv1.3]
	ssl.endpoint.identification.algorithm = https
	ssl.engine.factory.class = null
	ssl.key.password = null
	ssl.keymanager.algorithm = SunX509
	ssl.keystore.certificate.chain = null
	ssl.keystore.key = null
	ssl.keystore.location = null
	ssl.keystore.password = null
	ssl.keystore.type = JKS
	ssl.protocol = TLSv1.3
	ssl.provider = null
	ssl.secure.random.implementation = null
	ssl.trustmanager.algorithm = PKIX
	ssl.truststore.certificates = null
	ssl.truststore.location = null
	ssl.truststore.password = null
	ssl.truststore.type = JKS
	transaction.timeout.ms = 60000
	transactional.id = null
	value.serializer = class io.apicurio.registry.serde.avro.AvroKafkaSerializer

2025-08-12 17:28:15,430 INFO  [org.apa.kaf.com.tel.int.KafkaMetricsCollector] (main) initializing Kafka metrics collector
2025-08-12 17:28:15,433 INFO  [org.apa.kaf.cli.pro.KafkaProducer] (main) [Producer clientId=Producer-topic-80d6da33_5485_4d2b_b98c_0bc2ddddb7fb] Instantiated an idempotent producer.
2025-08-12 17:28:15,434 INFO  [org.apa.kaf.cli.pro.ProducerConfig] (main) These configurations '[apicurio.registry.url, apicurio.registry.artifact-resolver-strategy]' were supplied but are not used yet.
2025-08-12 17:28:15,434 INFO  [org.apa.kaf.com.uti.AppInfoParser] (main) Kafka version: 3.9.1
2025-08-12 17:28:15,434 INFO  [org.apa.kaf.com.uti.AppInfoParser] (main) Kafka commitId: f745dfdcee2b9851
2025-08-12 17:28:15,434 INFO  [org.apa.kaf.com.uti.AppInfoParser] (main) Kafka startTimeMs: 1755019695434
**** Registry Base URL: http://registry-app-ksql043.apps.ci419.apicurio-testing.org:80
2025-08-12 17:28:15,435 INFO  [org.apa.kaf.cli.con.ConsumerConfig] (main) ConsumerConfig values: 
	allow.auto.create.topics = true
	auto.commit.interval.ms = 500
	auto.include.jmx.reporter = true
	auto.offset.reset = earliest
	bootstrap.servers = [PLAINTEXT://localhost:32769]
	check.crcs = true
	client.dns.lookup = use_all_dns_ips
	client.id = consumer-Consumer-topic-80d6da33_5485_4d2b_b98c_0bc2ddddb7fb-9
	client.rack = 
	connections.max.idle.ms = 10000
	default.api.timeout.ms = 60000
	enable.auto.commit = true
	enable.metrics.push = true
	exclude.internal.topics = true
	fetch.max.bytes = 52428800
	fetch.max.wait.ms = 500
	fetch.min.bytes = 1
	group.id = Consumer-topic-80d6da33_5485_4d2b_b98c_0bc2ddddb7fb
	group.instance.id = null
	group.protocol = classic
	group.remote.assignor = null
	heartbeat.interval.ms = 3000
	interceptor.classes = []
	internal.leave.group.on.close = true
	internal.throw.on.fetch.stable.offset.unsupported = false
	isolation.level = read_uncommitted
	key.deserializer = class org.apache.kafka.common.serialization.StringDeserializer
	max.partition.fetch.bytes = 1048576
	max.poll.interval.ms = 300000
	max.poll.records = 500
	metadata.max.age.ms = 300000
	metadata.recovery.strategy = none
	metric.reporters = []
	metrics.num.samples = 2
	metrics.recording.level = INFO
	metrics.sample.window.ms = 30000
	partition.assignment.strategy = [class org.apache.kafka.clients.consumer.RangeAssignor, class org.apache.kafka.clients.consumer.CooperativeStickyAssignor]
	receive.buffer.bytes = 65536
	reconnect.backoff.max.ms = 1000
	reconnect.backoff.ms = 50
	request.timeout.ms = 5000
	retry.backoff.max.ms = 1000
	retry.backoff.ms = 100
	sasl.client.callback.handler.class = null
	sasl.jaas.config = null
	sasl.kerberos.kinit.cmd = /usr/bin/kinit
	sasl.kerberos.min.time.before.relogin = 60000
	sasl.kerberos.service.name = null
	sasl.kerberos.ticket.renew.jitter = 0.05
	sasl.kerberos.ticket.renew.window.factor = 0.8
	sasl.login.callback.handler.class = null
	sasl.login.class = null
	sasl.login.connect.timeout.ms = null
	sasl.login.read.timeout.ms = null
	sasl.login.refresh.buffer.seconds = 300
	sasl.login.refresh.min.period.seconds = 60
	sasl.login.refresh.window.factor = 0.8
	sasl.login.refresh.window.jitter = 0.05
	sasl.login.retry.backoff.max.ms = 10000
	sasl.login.retry.backoff.ms = 100
	sasl.mechanism = GSSAPI
	sasl.oauthbearer.clock.skew.seconds = 30
	sasl.oauthbearer.expected.audience = null
	sasl.oauthbearer.expected.issuer = null
	sasl.oauthbearer.header.urlencode = false
	sasl.oauthbearer.jwks.endpoint.refresh.ms = 3600000
	sasl.oauthbearer.jwks.endpoint.retry.backoff.max.ms = 10000
	sasl.oauthbearer.jwks.endpoint.retry.backoff.ms = 100
	sasl.oauthbearer.jwks.endpoint.url = null
	sasl.oauthbearer.scope.claim.name = scope
	sasl.oauthbearer.sub.claim.name = sub
	sasl.oauthbearer.token.endpoint.url = null
	security.protocol = PLAINTEXT
	security.providers = null
	send.buffer.bytes = 131072
	session.timeout.ms = 45000
	socket.connection.setup.timeout.max.ms = 30000
	socket.connection.setup.timeout.ms = 10000
	ssl.cipher.suites = null
	ssl.enabled.protocols = [TLSv1.2, TLSv1.3]
	ssl.endpoint.identification.algorithm = https
	ssl.engine.factory.class = null
	ssl.key.password = null
	ssl.keymanager.algorithm = SunX509
	ssl.keystore.certificate.chain = null
	ssl.keystore.key = null
	ssl.keystore.location = null
	ssl.keystore.password = null
	ssl.keystore.type = JKS
	ssl.protocol = TLSv1.3
	ssl.provider = null
	ssl.secure.random.implementation = null
	ssl.trustmanager.algorithm = PKIX
	ssl.truststore.certificates = null
	ssl.truststore.location = null
	ssl.truststore.password = null
	ssl.truststore.type = JKS
	value.deserializer = class io.apicurio.registry.serde.avro.AvroKafkaDeserializer

2025-08-12 17:28:15,435 INFO  [org.apa.kaf.com.tel.int.KafkaMetricsCollector] (main) initializing Kafka metrics collector
2025-08-12 17:28:15,441 INFO  [org.apa.kaf.cli.Metadata] (kafka-producer-network-thread | Producer-topic-80d6da33_5485_4d2b_b98c_0bc2ddddb7fb) [Producer clientId=Producer-topic-80d6da33_5485_4d2b_b98c_0bc2ddddb7fb] Cluster ID: Fm7ZMVgORveP7Vf0og8MFw
2025-08-12 17:28:15,441 INFO  [org.apa.kaf.cli.pro.int.TransactionManager] (kafka-producer-network-thread | Producer-topic-80d6da33_5485_4d2b_b98c_0bc2ddddb7fb) [Producer clientId=Producer-topic-80d6da33_5485_4d2b_b98c_0bc2ddddb7fb] ProducerId set to 11 with epoch 0
2025-08-12 17:28:15,445 INFO  [org.apa.kaf.cli.con.ConsumerConfig] (main) These configurations '[apicurio.registry.url]' were supplied but are not used yet.
2025-08-12 17:28:15,445 INFO  [org.apa.kaf.com.uti.AppInfoParser] (main) Kafka version: 3.9.1
2025-08-12 17:28:15,445 INFO  [org.apa.kaf.com.uti.AppInfoParser] (main) Kafka commitId: f745dfdcee2b9851
2025-08-12 17:28:15,445 INFO  [org.apa.kaf.com.uti.AppInfoParser] (main) Kafka startTimeMs: 1755019695445
2025-08-12 17:28:15,448 INFO  [io.api.tes.ser.api.KafkaSerdesTester] (Thread-659) Sending message {"key11755019694334": "value-0"} to topic topic-80d6da33_5485_4d2b_b98c_0bc2ddddb7fb
2025-08-12 17:28:15,454 INFO  [DefaultSchemaResolver] (Thread-659) Retrieving schema content using string: {"type":"record","name":"s230656c4x0060x4b72xaad0xcb5a76edf028","namespace":"ns_30186bd8_9dc5_4b9a_b2f1_e36b762e5783","fields":[{"name":"key11755019694334","type":"string"}]}
2025-08-12 17:28:15,512 INFO  [io.api.tes.ser.api.KafkaSerdesTester] (Thread-659) Sending message {"key11755019694334": "value-1"} to topic topic-80d6da33_5485_4d2b_b98c_0bc2ddddb7fb
2025-08-12 17:28:15,514 INFO  [io.api.tes.ser.api.KafkaSerdesTester] (Thread-659) Sending message {"key11755019694334": "value-2"} to topic topic-80d6da33_5485_4d2b_b98c_0bc2ddddb7fb
2025-08-12 17:28:15,516 INFO  [io.api.tes.ser.api.KafkaSerdesTester] (Thread-659) Sending message {"key11755019694334": "value-3"} to topic topic-80d6da33_5485_4d2b_b98c_0bc2ddddb7fb
2025-08-12 17:28:15,518 INFO  [io.api.tes.ser.api.KafkaSerdesTester] (Thread-659) Sending message {"key11755019694334": "value-4"} to topic topic-80d6da33_5485_4d2b_b98c_0bc2ddddb7fb
2025-08-12 17:28:15,520 INFO  [io.api.tes.ser.api.KafkaSerdesTester] (Thread-659) Sending message {"key11755019694334": "value-5"} to topic topic-80d6da33_5485_4d2b_b98c_0bc2ddddb7fb
2025-08-12 17:28:15,522 INFO  [io.api.tes.ser.api.KafkaSerdesTester] (Thread-659) Sending message {"key11755019694334": "value-6"} to topic topic-80d6da33_5485_4d2b_b98c_0bc2ddddb7fb
2025-08-12 17:28:15,526 INFO  [io.api.tes.ser.api.KafkaSerdesTester] (Thread-659) Sending message {"key11755019694334": "value-7"} to topic topic-80d6da33_5485_4d2b_b98c_0bc2ddddb7fb
2025-08-12 17:28:15,529 INFO  [io.api.tes.ser.api.KafkaSerdesTester] (Thread-659) Sending message {"key11755019694334": "value-8"} to topic topic-80d6da33_5485_4d2b_b98c_0bc2ddddb7fb
2025-08-12 17:28:15,533 INFO  [io.api.tes.ser.api.KafkaSerdesTester] (Thread-659) Sending message {"key11755019694334": "value-9"} to topic topic-80d6da33_5485_4d2b_b98c_0bc2ddddb7fb
2025-08-12 17:28:15,536 INFO  [io.api.tes.ser.api.KafkaSerdesTester] (Thread-659) Produced 10 messages
2025-08-12 17:28:15,537 INFO  [org.apa.kaf.cli.con.int.ClassicKafkaConsumer] (Thread-660) [Consumer clientId=consumer-Consumer-topic-80d6da33_5485_4d2b_b98c_0bc2ddddb7fb-9, groupId=Consumer-topic-80d6da33_5485_4d2b_b98c_0bc2ddddb7fb] Subscribed to topic(s): topic-80d6da33_5485_4d2b_b98c_0bc2ddddb7fb
2025-08-12 17:28:15,540 INFO  [org.apa.kaf.cli.Metadata] (Thread-660) [Consumer clientId=consumer-Consumer-topic-80d6da33_5485_4d2b_b98c_0bc2ddddb7fb-9, groupId=Consumer-topic-80d6da33_5485_4d2b_b98c_0bc2ddddb7fb] Cluster ID: Fm7ZMVgORveP7Vf0og8MFw
2025-08-12 17:28:15,541 INFO  [org.apa.kaf.cli.con.int.ConsumerCoordinator] (Thread-660) [Consumer clientId=consumer-Consumer-topic-80d6da33_5485_4d2b_b98c_0bc2ddddb7fb-9, groupId=Consumer-topic-80d6da33_5485_4d2b_b98c_0bc2ddddb7fb] Discovered group coordinator localhost:32769 (id: 2147483647 rack: null)
2025-08-12 17:28:15,544 INFO  [org.apa.kaf.cli.con.int.ConsumerCoordinator] (Thread-660) [Consumer clientId=consumer-Consumer-topic-80d6da33_5485_4d2b_b98c_0bc2ddddb7fb-9, groupId=Consumer-topic-80d6da33_5485_4d2b_b98c_0bc2ddddb7fb] (Re-)joining group
2025-08-12 17:28:15,547 INFO  [org.apa.kaf.cli.con.int.ConsumerCoordinator] (Thread-660) [Consumer clientId=consumer-Consumer-topic-80d6da33_5485_4d2b_b98c_0bc2ddddb7fb-9, groupId=Consumer-topic-80d6da33_5485_4d2b_b98c_0bc2ddddb7fb] Request joining group due to: need to re-join with the given member-id: consumer-Consumer-topic-80d6da33_5485_4d2b_b98c_0bc2ddddb7fb-9-0615ebee-49ad-468d-b4d8-be8f71684295
2025-08-12 17:28:15,547 INFO  [org.apa.kaf.cli.con.int.ConsumerCoordinator] (Thread-660) [Consumer clientId=consumer-Consumer-topic-80d6da33_5485_4d2b_b98c_0bc2ddddb7fb-9, groupId=Consumer-topic-80d6da33_5485_4d2b_b98c_0bc2ddddb7fb] (Re-)joining group
2025-08-12 17:28:16,537 INFO  [io.api.tes.ser.api.KafkaSerdesTester] (Thread-660) None found
2025-08-12 17:28:17,537 INFO  [io.api.tes.ser.api.KafkaSerdesTester] (Thread-660) None found
2025-08-12 17:28:18,537 INFO  [io.api.tes.ser.api.KafkaSerdesTester] (Thread-660) None found
2025-08-12 17:28:18,550 INFO  [org.apa.kaf.cli.con.int.ConsumerCoordinator] (Thread-660) [Consumer clientId=consumer-Consumer-topic-80d6da33_5485_4d2b_b98c_0bc2ddddb7fb-9, groupId=Consumer-topic-80d6da33_5485_4d2b_b98c_0bc2ddddb7fb] Successfully joined group with generation Generation{generationId=1, memberId='consumer-Consumer-topic-80d6da33_5485_4d2b_b98c_0bc2ddddb7fb-9-0615ebee-49ad-468d-b4d8-be8f71684295', protocol='range'}
2025-08-12 17:28:18,550 INFO  [org.apa.kaf.cli.con.int.ConsumerCoordinator] (Thread-660) [Consumer clientId=consumer-Consumer-topic-80d6da33_5485_4d2b_b98c_0bc2ddddb7fb-9, groupId=Consumer-topic-80d6da33_5485_4d2b_b98c_0bc2ddddb7fb] Finished assignment for group at generation 1: {consumer-Consumer-topic-80d6da33_5485_4d2b_b98c_0bc2ddddb7fb-9-0615ebee-49ad-468d-b4d8-be8f71684295=Assignment(partitions=[topic-80d6da33_5485_4d2b_b98c_0bc2ddddb7fb-0])}
2025-08-12 17:28:18,557 INFO  [org.apa.kaf.cli.con.int.ConsumerCoordinator] (Thread-660) [Consumer clientId=consumer-Consumer-topic-80d6da33_5485_4d2b_b98c_0bc2ddddb7fb-9, groupId=Consumer-topic-80d6da33_5485_4d2b_b98c_0bc2ddddb7fb] Successfully synced group in generation Generation{generationId=1, memberId='consumer-Consumer-topic-80d6da33_5485_4d2b_b98c_0bc2ddddb7fb-9-0615ebee-49ad-468d-b4d8-be8f71684295', protocol='range'}
2025-08-12 17:28:18,558 INFO  [org.apa.kaf.cli.con.int.ConsumerCoordinator] (Thread-660) [Consumer clientId=consumer-Consumer-topic-80d6da33_5485_4d2b_b98c_0bc2ddddb7fb-9, groupId=Consumer-topic-80d6da33_5485_4d2b_b98c_0bc2ddddb7fb] Notifying assignor about the new Assignment(partitions=[topic-80d6da33_5485_4d2b_b98c_0bc2ddddb7fb-0])
2025-08-12 17:28:18,558 INFO  [org.apa.kaf.cli.con.int.ConsumerRebalanceListenerInvoker] (Thread-660) [Consumer clientId=consumer-Consumer-topic-80d6da33_5485_4d2b_b98c_0bc2ddddb7fb-9, groupId=Consumer-topic-80d6da33_5485_4d2b_b98c_0bc2ddddb7fb] Adding newly assigned partitions: topic-80d6da33_5485_4d2b_b98c_0bc2ddddb7fb-0
2025-08-12 17:28:18,559 INFO  [org.apa.kaf.cli.con.int.ConsumerCoordinator] (Thread-660) [Consumer clientId=consumer-Consumer-topic-80d6da33_5485_4d2b_b98c_0bc2ddddb7fb-9, groupId=Consumer-topic-80d6da33_5485_4d2b_b98c_0bc2ddddb7fb] Found no committed offset for partition topic-80d6da33_5485_4d2b_b98c_0bc2ddddb7fb-0
2025-08-12 17:28:18,565 INFO  [org.apa.kaf.cli.con.int.SubscriptionState] (Thread-660) [Consumer clientId=consumer-Consumer-topic-80d6da33_5485_4d2b_b98c_0bc2ddddb7fb-9, groupId=Consumer-topic-80d6da33_5485_4d2b_b98c_0bc2ddddb7fb] Resetting offset for partition topic-80d6da33_5485_4d2b_b98c_0bc2ddddb7fb-0 to position FetchPosition{offset=0, offsetEpoch=Optional.empty, currentLeader=LeaderAndEpoch{leader=Optional[localhost:32769 (id: 0 rack: null)], epoch=0}}.
2025-08-12 17:28:18,644 INFO  [io.api.tes.ser.api.KafkaSerdesTester] (Thread-660) topic-80d6da33_5485_4d2b_b98c_0bc2ddddb7fb 0 0 {"key11755019694334": "value-0"}
2025-08-12 17:28:18,644 INFO  [io.api.tes.ser.api.KafkaSerdesTester] (Thread-660) topic-80d6da33_5485_4d2b_b98c_0bc2ddddb7fb 0 1 {"key11755019694334": "value-1"}
2025-08-12 17:28:18,644 INFO  [io.api.tes.ser.api.KafkaSerdesTester] (Thread-660) topic-80d6da33_5485_4d2b_b98c_0bc2ddddb7fb 0 2 {"key11755019694334": "value-2"}
2025-08-12 17:28:18,644 INFO  [io.api.tes.ser.api.KafkaSerdesTester] (Thread-660) topic-80d6da33_5485_4d2b_b98c_0bc2ddddb7fb 0 3 {"key11755019694334": "value-3"}
2025-08-12 17:28:18,644 INFO  [io.api.tes.ser.api.KafkaSerdesTester] (Thread-660) topic-80d6da33_5485_4d2b_b98c_0bc2ddddb7fb 0 4 {"key11755019694334": "value-4"}
2025-08-12 17:28:18,644 INFO  [io.api.tes.ser.api.KafkaSerdesTester] (Thread-660) topic-80d6da33_5485_4d2b_b98c_0bc2ddddb7fb 0 5 {"key11755019694334": "value-5"}
2025-08-12 17:28:18,644 INFO  [io.api.tes.ser.api.KafkaSerdesTester] (Thread-660) topic-80d6da33_5485_4d2b_b98c_0bc2ddddb7fb 0 6 {"key11755019694334": "value-6"}
2025-08-12 17:28:18,644 INFO  [io.api.tes.ser.api.KafkaSerdesTester] (Thread-660) topic-80d6da33_5485_4d2b_b98c_0bc2ddddb7fb 0 7 {"key11755019694334": "value-7"}
2025-08-12 17:28:18,644 INFO  [io.api.tes.ser.api.KafkaSerdesTester] (Thread-660) topic-80d6da33_5485_4d2b_b98c_0bc2ddddb7fb 0 8 {"key11755019694334": "value-8"}
2025-08-12 17:28:18,644 INFO  [io.api.tes.ser.api.KafkaSerdesTester] (Thread-660) topic-80d6da33_5485_4d2b_b98c_0bc2ddddb7fb 0 9 {"key11755019694334": "value-9"}
2025-08-12 17:28:18,644 INFO  [io.api.tes.ser.api.KafkaSerdesTester] (Thread-660) Consumed 10 messages
2025-08-12 17:28:18,645 INFO  [io.api.tes.ser.api.AvroSerdeIT] (main) Registering Avro Schema 2: {"type":"record","name":"s230656c4x0060x4b72xaad0xcb5a76edf028","namespace":"ns_30186bd8_9dc5_4b9a_b2f1_e36b762e5783","fields":[{"name":"key11755019694334","type":"string"},{"name":"key21755019698645","type":"string"}]}
2025-08-12 17:28:19,738 INFO  [io.api.tes.ser.api.KafkaSerdesTester] (Thread-661) Sending message {"key11755019694334": "value-0", "key21755019698645": "value-0"} to topic topic-80d6da33_5485_4d2b_b98c_0bc2ddddb7fb
2025-08-12 17:28:19,738 INFO  [DefaultSchemaResolver] (Thread-661) Retrieving schema content using string: {"type":"record","name":"s230656c4x0060x4b72xaad0xcb5a76edf028","namespace":"ns_30186bd8_9dc5_4b9a_b2f1_e36b762e5783","fields":[{"name":"key11755019694334","type":"string"},{"name":"key21755019698645","type":"string"}]}
2025-08-12 17:28:19,773 INFO  [io.api.tes.ser.api.KafkaSerdesTester] (Thread-661) Sending message {"key11755019694334": "value-1", "key21755019698645": "value-1"} to topic topic-80d6da33_5485_4d2b_b98c_0bc2ddddb7fb
2025-08-12 17:28:19,775 INFO  [io.api.tes.ser.api.KafkaSerdesTester] (Thread-661) Sending message {"key11755019694334": "value-2", "key21755019698645": "value-2"} to topic topic-80d6da33_5485_4d2b_b98c_0bc2ddddb7fb
2025-08-12 17:28:19,779 INFO  [io.api.tes.ser.api.KafkaSerdesTester] (Thread-661) Sending message {"key11755019694334": "value-3", "key21755019698645": "value-3"} to topic topic-80d6da33_5485_4d2b_b98c_0bc2ddddb7fb
2025-08-12 17:28:19,782 INFO  [io.api.tes.ser.api.KafkaSerdesTester] (Thread-661) Sending message {"key11755019694334": "value-4", "key21755019698645": "value-4"} to topic topic-80d6da33_5485_4d2b_b98c_0bc2ddddb7fb
2025-08-12 17:28:19,783 INFO  [io.api.tes.ser.api.KafkaSerdesTester] (Thread-661) Sending message {"key11755019694334": "value-5", "key21755019698645": "value-5"} to topic topic-80d6da33_5485_4d2b_b98c_0bc2ddddb7fb
2025-08-12 17:28:19,788 INFO  [io.api.tes.ser.api.KafkaSerdesTester] (Thread-661) Sending message {"key11755019694334": "value-6", "key21755019698645": "value-6"} to topic topic-80d6da33_5485_4d2b_b98c_0bc2ddddb7fb
2025-08-12 17:28:19,791 INFO  [io.api.tes.ser.api.KafkaSerdesTester] (Thread-661) Sending message {"key11755019694334": "value-7", "key21755019698645": "value-7"} to topic topic-80d6da33_5485_4d2b_b98c_0bc2ddddb7fb
2025-08-12 17:28:19,792 INFO  [io.api.tes.ser.api.KafkaSerdesTester] (Thread-661) Sending message {"key11755019694334": "value-8", "key21755019698645": "value-8"} to topic topic-80d6da33_5485_4d2b_b98c_0bc2ddddb7fb
2025-08-12 17:28:19,794 INFO  [io.api.tes.ser.api.KafkaSerdesTester] (Thread-661) Sending message {"key11755019694334": "value-9", "key21755019698645": "value-9"} to topic topic-80d6da33_5485_4d2b_b98c_0bc2ddddb7fb
2025-08-12 17:28:19,795 INFO  [io.api.tes.ser.api.KafkaSerdesTester] (Thread-661) Produced 10 messages
2025-08-12 17:28:19,796 INFO  [io.api.tes.ser.api.KafkaSerdesTester] (Thread-662) Sending message {"key11755019694334": "value-0"} to topic topic-80d6da33_5485_4d2b_b98c_0bc2ddddb7fb
2025-08-12 17:28:19,797 INFO  [io.api.tes.ser.api.KafkaSerdesTester] (Thread-662) Sending message {"key11755019694334": "value-1"} to topic topic-80d6da33_5485_4d2b_b98c_0bc2ddddb7fb
2025-08-12 17:28:19,799 INFO  [io.api.tes.ser.api.KafkaSerdesTester] (Thread-662) Sending message {"key11755019694334": "value-2"} to topic topic-80d6da33_5485_4d2b_b98c_0bc2ddddb7fb
2025-08-12 17:28:19,800 INFO  [io.api.tes.ser.api.KafkaSerdesTester] (Thread-662) Sending message {"key11755019694334": "value-3"} to topic topic-80d6da33_5485_4d2b_b98c_0bc2ddddb7fb
2025-08-12 17:28:19,802 INFO  [io.api.tes.ser.api.KafkaSerdesTester] (Thread-662) Sending message {"key11755019694334": "value-4"} to topic topic-80d6da33_5485_4d2b_b98c_0bc2ddddb7fb
2025-08-12 17:28:19,804 INFO  [io.api.tes.ser.api.KafkaSerdesTester] (Thread-662) Sending message {"key11755019694334": "value-5"} to topic topic-80d6da33_5485_4d2b_b98c_0bc2ddddb7fb
2025-08-12 17:28:19,805 INFO  [io.api.tes.ser.api.KafkaSerdesTester] (Thread-662) Sending message {"key11755019694334": "value-6"} to topic topic-80d6da33_5485_4d2b_b98c_0bc2ddddb7fb
2025-08-12 17:28:19,806 INFO  [io.api.tes.ser.api.KafkaSerdesTester] (Thread-662) Sending message {"key11755019694334": "value-7"} to topic topic-80d6da33_5485_4d2b_b98c_0bc2ddddb7fb
2025-08-12 17:28:19,808 INFO  [io.api.tes.ser.api.KafkaSerdesTester] (Thread-662) Sending message {"key11755019694334": "value-8"} to topic topic-80d6da33_5485_4d2b_b98c_0bc2ddddb7fb
2025-08-12 17:28:19,811 INFO  [io.api.tes.ser.api.KafkaSerdesTester] (Thread-662) Sending message {"key11755019694334": "value-9"} to topic topic-80d6da33_5485_4d2b_b98c_0bc2ddddb7fb
2025-08-12 17:28:19,813 INFO  [io.api.tes.ser.api.KafkaSerdesTester] (Thread-662) Produced 10 messages
2025-08-12 17:28:19,814 INFO  [org.apa.kaf.cli.con.int.ClassicKafkaConsumer] (Thread-663) [Consumer clientId=consumer-Consumer-topic-80d6da33_5485_4d2b_b98c_0bc2ddddb7fb-9, groupId=Consumer-topic-80d6da33_5485_4d2b_b98c_0bc2ddddb7fb] Subscribed to topic(s): topic-80d6da33_5485_4d2b_b98c_0bc2ddddb7fb
2025-08-12 17:28:19,873 INFO  [io.api.tes.ser.api.KafkaSerdesTester] (Thread-663) topic-80d6da33_5485_4d2b_b98c_0bc2ddddb7fb 0 10 {"key11755019694334": "value-0", "key21755019698645": "value-0"}
2025-08-12 17:28:19,873 INFO  [io.api.tes.ser.api.KafkaSerdesTester] (Thread-663) topic-80d6da33_5485_4d2b_b98c_0bc2ddddb7fb 0 11 {"key11755019694334": "value-1", "key21755019698645": "value-1"}
2025-08-12 17:28:19,873 INFO  [io.api.tes.ser.api.KafkaSerdesTester] (Thread-663) topic-80d6da33_5485_4d2b_b98c_0bc2ddddb7fb 0 12 {"key11755019694334": "value-2", "key21755019698645": "value-2"}
2025-08-12 17:28:19,873 INFO  [io.api.tes.ser.api.KafkaSerdesTester] (Thread-663) topic-80d6da33_5485_4d2b_b98c_0bc2ddddb7fb 0 13 {"key11755019694334": "value-3", "key21755019698645": "value-3"}
2025-08-12 17:28:19,874 INFO  [io.api.tes.ser.api.KafkaSerdesTester] (Thread-663) topic-80d6da33_5485_4d2b_b98c_0bc2ddddb7fb 0 14 {"key11755019694334": "value-4", "key21755019698645": "value-4"}
2025-08-12 17:28:19,874 INFO  [io.api.tes.ser.api.KafkaSerdesTester] (Thread-663) topic-80d6da33_5485_4d2b_b98c_0bc2ddddb7fb 0 15 {"key11755019694334": "value-5", "key21755019698645": "value-5"}
2025-08-12 17:28:19,874 INFO  [io.api.tes.ser.api.KafkaSerdesTester] (Thread-663) topic-80d6da33_5485_4d2b_b98c_0bc2ddddb7fb 0 16 {"key11755019694334": "value-6", "key21755019698645": "value-6"}
2025-08-12 17:28:19,875 INFO  [io.api.tes.ser.api.KafkaSerdesTester] (Thread-663) topic-80d6da33_5485_4d2b_b98c_0bc2ddddb7fb 0 17 {"key11755019694334": "value-7", "key21755019698645": "value-7"}
2025-08-12 17:28:19,875 INFO  [io.api.tes.ser.api.KafkaSerdesTester] (Thread-663) topic-80d6da33_5485_4d2b_b98c_0bc2ddddb7fb 0 18 {"key11755019694334": "value-8", "key21755019698645": "value-8"}
2025-08-12 17:28:19,875 INFO  [io.api.tes.ser.api.KafkaSerdesTester] (Thread-663) topic-80d6da33_5485_4d2b_b98c_0bc2ddddb7fb 0 19 {"key11755019694334": "value-9", "key21755019698645": "value-9"}
2025-08-12 17:28:19,875 INFO  [io.api.tes.ser.api.KafkaSerdesTester] (Thread-663) topic-80d6da33_5485_4d2b_b98c_0bc2ddddb7fb 0 20 {"key11755019694334": "value-0"}
2025-08-12 17:28:19,875 INFO  [io.api.tes.ser.api.KafkaSerdesTester] (Thread-663) topic-80d6da33_5485_4d2b_b98c_0bc2ddddb7fb 0 21 {"key11755019694334": "value-1"}
2025-08-12 17:28:19,875 INFO  [io.api.tes.ser.api.KafkaSerdesTester] (Thread-663) topic-80d6da33_5485_4d2b_b98c_0bc2ddddb7fb 0 22 {"key11755019694334": "value-2"}
2025-08-12 17:28:19,875 INFO  [io.api.tes.ser.api.KafkaSerdesTester] (Thread-663) topic-80d6da33_5485_4d2b_b98c_0bc2ddddb7fb 0 23 {"key11755019694334": "value-3"}
2025-08-12 17:28:19,875 INFO  [io.api.tes.ser.api.KafkaSerdesTester] (Thread-663) topic-80d6da33_5485_4d2b_b98c_0bc2ddddb7fb 0 24 {"key11755019694334": "value-4"}
2025-08-12 17:28:19,875 INFO  [io.api.tes.ser.api.KafkaSerdesTester] (Thread-663) topic-80d6da33_5485_4d2b_b98c_0bc2ddddb7fb 0 25 {"key11755019694334": "value-5"}
2025-08-12 17:28:19,875 INFO  [io.api.tes.ser.api.KafkaSerdesTester] (Thread-663) topic-80d6da33_5485_4d2b_b98c_0bc2ddddb7fb 0 26 {"key11755019694334": "value-6"}
2025-08-12 17:28:19,875 INFO  [io.api.tes.ser.api.KafkaSerdesTester] (Thread-663) topic-80d6da33_5485_4d2b_b98c_0bc2ddddb7fb 0 27 {"key11755019694334": "value-7"}
2025-08-12 17:28:19,875 INFO  [io.api.tes.ser.api.KafkaSerdesTester] (Thread-663) topic-80d6da33_5485_4d2b_b98c_0bc2ddddb7fb 0 28 {"key11755019694334": "value-8"}
2025-08-12 17:28:19,875 INFO  [io.api.tes.ser.api.KafkaSerdesTester] (Thread-663) topic-80d6da33_5485_4d2b_b98c_0bc2ddddb7fb 0 29 {"key11755019694334": "value-9"}
2025-08-12 17:28:19,875 INFO  [io.api.tes.ser.api.KafkaSerdesTester] (Thread-663) Consumed 20 messages
2025-08-12 17:28:19,877 INFO  [io.api.tes.ser.api.AvroSerdeIT] (main) Registering Avro Schema 3: {"type":"record","name":"s230656c4x0060x4b72xaad0xcb5a76edf028","namespace":"ns_30186bd8_9dc5_4b9a_b2f1_e36b762e5783","fields":[{"name":"key11755019694334","type":"string"},{"name":"key21755019698645","type":"string"},{"name":"key31755019699877","type":"string"}]}
2025-08-12 17:28:20,966 INFO  [io.api.tes.ser.api.KafkaSerdesTester] (Thread-664) Sending message {"key11755019694334": "value-0", "key21755019698645": "value-0", "key31755019699877": "value-0"} to topic topic-80d6da33_5485_4d2b_b98c_0bc2ddddb7fb
2025-08-12 17:28:20,966 INFO  [DefaultSchemaResolver] (Thread-664) Retrieving schema content using string: {"type":"record","name":"s230656c4x0060x4b72xaad0xcb5a76edf028","namespace":"ns_30186bd8_9dc5_4b9a_b2f1_e36b762e5783","fields":[{"name":"key11755019694334","type":"string"},{"name":"key21755019698645","type":"string"},{"name":"key31755019699877","type":"string"}]}
2025-08-12 17:28:20,996 INFO  [io.api.tes.ser.api.KafkaSerdesTester] (Thread-664) Sending message {"key11755019694334": "value-1", "key21755019698645": "value-1", "key31755019699877": "value-1"} to topic topic-80d6da33_5485_4d2b_b98c_0bc2ddddb7fb
2025-08-12 17:28:20,998 INFO  [io.api.tes.ser.api.KafkaSerdesTester] (Thread-664) Sending message {"key11755019694334": "value-2", "key21755019698645": "value-2", "key31755019699877": "value-2"} to topic topic-80d6da33_5485_4d2b_b98c_0bc2ddddb7fb
2025-08-12 17:28:21,000 INFO  [io.api.tes.ser.api.KafkaSerdesTester] (Thread-664) Sending message {"key11755019694334": "value-3", "key21755019698645": "value-3", "key31755019699877": "value-3"} to topic topic-80d6da33_5485_4d2b_b98c_0bc2ddddb7fb
2025-08-12 17:28:21,002 INFO  [io.api.tes.ser.api.KafkaSerdesTester] (Thread-664) Sending message {"key11755019694334": "value-4", "key21755019698645": "value-4", "key31755019699877": "value-4"} to topic topic-80d6da33_5485_4d2b_b98c_0bc2ddddb7fb
2025-08-12 17:28:21,004 INFO  [io.api.tes.ser.api.KafkaSerdesTester] (Thread-664) Sending message {"key11755019694334": "value-5", "key21755019698645": "value-5", "key31755019699877": "value-5"} to topic topic-80d6da33_5485_4d2b_b98c_0bc2ddddb7fb
2025-08-12 17:28:21,005 INFO  [io.api.tes.ser.api.KafkaSerdesTester] (Thread-664) Sending message {"key11755019694334": "value-6", "key21755019698645": "value-6", "key31755019699877": "value-6"} to topic topic-80d6da33_5485_4d2b_b98c_0bc2ddddb7fb
2025-08-12 17:28:21,007 INFO  [io.api.tes.ser.api.KafkaSerdesTester] (Thread-664) Sending message {"key11755019694334": "value-7", "key21755019698645": "value-7", "key31755019699877": "value-7"} to topic topic-80d6da33_5485_4d2b_b98c_0bc2ddddb7fb
2025-08-12 17:28:21,008 INFO  [io.api.tes.ser.api.KafkaSerdesTester] (Thread-664) Sending message {"key11755019694334": "value-8", "key21755019698645": "value-8", "key31755019699877": "value-8"} to topic topic-80d6da33_5485_4d2b_b98c_0bc2ddddb7fb
2025-08-12 17:28:21,009 INFO  [io.api.tes.ser.api.KafkaSerdesTester] (Thread-664) Sending message {"key11755019694334": "value-9", "key21755019698645": "value-9", "key31755019699877": "value-9"} to topic topic-80d6da33_5485_4d2b_b98c_0bc2ddddb7fb
2025-08-12 17:28:21,011 INFO  [io.api.tes.ser.api.KafkaSerdesTester] (Thread-664) Produced 10 messages
2025-08-12 17:28:21,011 INFO  [io.api.tes.ser.api.KafkaSerdesTester] (Thread-665) Sending message {"key11755019694334": "value-0", "key21755019698645": "value-0"} to topic topic-80d6da33_5485_4d2b_b98c_0bc2ddddb7fb
2025-08-12 17:28:21,013 INFO  [io.api.tes.ser.api.KafkaSerdesTester] (Thread-665) Sending message {"key11755019694334": "value-1", "key21755019698645": "value-1"} to topic topic-80d6da33_5485_4d2b_b98c_0bc2ddddb7fb
2025-08-12 17:28:21,014 INFO  [io.api.tes.ser.api.KafkaSerdesTester] (Thread-665) Sending message {"key11755019694334": "value-2", "key21755019698645": "value-2"} to topic topic-80d6da33_5485_4d2b_b98c_0bc2ddddb7fb
2025-08-12 17:28:21,017 INFO  [io.api.tes.ser.api.KafkaSerdesTester] (Thread-665) Sending message {"key11755019694334": "value-3", "key21755019698645": "value-3"} to topic topic-80d6da33_5485_4d2b_b98c_0bc2ddddb7fb
2025-08-12 17:28:21,019 INFO  [io.api.tes.ser.api.KafkaSerdesTester] (Thread-665) Sending message {"key11755019694334": "value-4", "key21755019698645": "value-4"} to topic topic-80d6da33_5485_4d2b_b98c_0bc2ddddb7fb
2025-08-12 17:28:21,021 INFO  [io.api.tes.ser.api.KafkaSerdesTester] (Thread-665) Sending message {"key11755019694334": "value-5", "key21755019698645": "value-5"} to topic topic-80d6da33_5485_4d2b_b98c_0bc2ddddb7fb
2025-08-12 17:28:21,023 INFO  [io.api.tes.ser.api.KafkaSerdesTester] (Thread-665) Sending message {"key11755019694334": "value-6", "key21755019698645": "value-6"} to topic topic-80d6da33_5485_4d2b_b98c_0bc2ddddb7fb
2025-08-12 17:28:21,027 INFO  [io.api.tes.ser.api.KafkaSerdesTester] (Thread-665) Sending message {"key11755019694334": "value-7", "key21755019698645": "value-7"} to topic topic-80d6da33_5485_4d2b_b98c_0bc2ddddb7fb
2025-08-12 17:28:21,032 INFO  [io.api.tes.ser.api.KafkaSerdesTester] (Thread-665) Sending message {"key11755019694334": "value-8", "key21755019698645": "value-8"} to topic topic-80d6da33_5485_4d2b_b98c_0bc2ddddb7fb
2025-08-12 17:28:21,034 INFO  [io.api.tes.ser.api.KafkaSerdesTester] (Thread-665) Sending message {"key11755019694334": "value-9", "key21755019698645": "value-9"} to topic topic-80d6da33_5485_4d2b_b98c_0bc2ddddb7fb
2025-08-12 17:28:21,035 INFO  [io.api.tes.ser.api.KafkaSerdesTester] (Thread-665) Produced 10 messages
2025-08-12 17:28:21,036 INFO  [io.api.tes.ser.api.KafkaSerdesTester] (Thread-666) Sending message {"key11755019694334": "value-0"} to topic topic-80d6da33_5485_4d2b_b98c_0bc2ddddb7fb
2025-08-12 17:28:21,037 INFO  [io.api.tes.ser.api.KafkaSerdesTester] (Thread-666) Sending message {"key11755019694334": "value-1"} to topic topic-80d6da33_5485_4d2b_b98c_0bc2ddddb7fb
2025-08-12 17:28:21,040 INFO  [io.api.tes.ser.api.KafkaSerdesTester] (Thread-666) Sending message {"key11755019694334": "value-2"} to topic topic-80d6da33_5485_4d2b_b98c_0bc2ddddb7fb
2025-08-12 17:28:21,041 INFO  [io.api.tes.ser.api.KafkaSerdesTester] (Thread-666) Sending message {"key11755019694334": "value-3"} to topic topic-80d6da33_5485_4d2b_b98c_0bc2ddddb7fb
2025-08-12 17:28:21,043 INFO  [io.api.tes.ser.api.KafkaSerdesTester] (Thread-666) Sending message {"key11755019694334": "value-4"} to topic topic-80d6da33_5485_4d2b_b98c_0bc2ddddb7fb
2025-08-12 17:28:21,045 INFO  [io.api.tes.ser.api.KafkaSerdesTester] (Thread-666) Sending message {"key11755019694334": "value-5"} to topic topic-80d6da33_5485_4d2b_b98c_0bc2ddddb7fb
2025-08-12 17:28:21,048 INFO  [io.api.tes.ser.api.KafkaSerdesTester] (Thread-666) Sending message {"key11755019694334": "value-6"} to topic topic-80d6da33_5485_4d2b_b98c_0bc2ddddb7fb
2025-08-12 17:28:21,049 INFO  [io.api.tes.ser.api.KafkaSerdesTester] (Thread-666) Sending message {"key11755019694334": "value-7"} to topic topic-80d6da33_5485_4d2b_b98c_0bc2ddddb7fb
2025-08-12 17:28:21,051 INFO  [io.api.tes.ser.api.KafkaSerdesTester] (Thread-666) Sending message {"key11755019694334": "value-8"} to topic topic-80d6da33_5485_4d2b_b98c_0bc2ddddb7fb
2025-08-12 17:28:21,053 INFO  [io.api.tes.ser.api.KafkaSerdesTester] (Thread-666) Sending message {"key11755019694334": "value-9"} to topic topic-80d6da33_5485_4d2b_b98c_0bc2ddddb7fb
2025-08-12 17:28:21,054 INFO  [io.api.tes.ser.api.KafkaSerdesTester] (Thread-666) Produced 10 messages
2025-08-12 17:28:21,056 INFO  [org.apa.kaf.cli.con.int.ClassicKafkaConsumer] (Thread-667) [Consumer clientId=consumer-Consumer-topic-80d6da33_5485_4d2b_b98c_0bc2ddddb7fb-9, groupId=Consumer-topic-80d6da33_5485_4d2b_b98c_0bc2ddddb7fb] Subscribed to topic(s): topic-80d6da33_5485_4d2b_b98c_0bc2ddddb7fb
2025-08-12 17:28:21,114 INFO  [io.api.tes.ser.api.KafkaSerdesTester] (Thread-667) topic-80d6da33_5485_4d2b_b98c_0bc2ddddb7fb 0 30 {"key11755019694334": "value-0", "key21755019698645": "value-0", "key31755019699877": "value-0"}
2025-08-12 17:28:21,114 INFO  [io.api.tes.ser.api.KafkaSerdesTester] (Thread-667) topic-80d6da33_5485_4d2b_b98c_0bc2ddddb7fb 0 31 {"key11755019694334": "value-1", "key21755019698645": "value-1", "key31755019699877": "value-1"}
2025-08-12 17:28:21,114 INFO  [io.api.tes.ser.api.KafkaSerdesTester] (Thread-667) topic-80d6da33_5485_4d2b_b98c_0bc2ddddb7fb 0 32 {"key11755019694334": "value-2", "key21755019698645": "value-2", "key31755019699877": "value-2"}
2025-08-12 17:28:21,114 INFO  [io.api.tes.ser.api.KafkaSerdesTester] (Thread-667) topic-80d6da33_5485_4d2b_b98c_0bc2ddddb7fb 0 33 {"key11755019694334": "value-3", "key21755019698645": "value-3", "key31755019699877": "value-3"}
2025-08-12 17:28:21,115 INFO  [io.api.tes.ser.api.KafkaSerdesTester] (Thread-667) topic-80d6da33_5485_4d2b_b98c_0bc2ddddb7fb 0 34 {"key11755019694334": "value-4", "key21755019698645": "value-4", "key31755019699877": "value-4"}
2025-08-12 17:28:21,115 INFO  [io.api.tes.ser.api.KafkaSerdesTester] (Thread-667) topic-80d6da33_5485_4d2b_b98c_0bc2ddddb7fb 0 35 {"key11755019694334": "value-5", "key21755019698645": "value-5", "key31755019699877": "value-5"}
2025-08-12 17:28:21,115 INFO  [io.api.tes.ser.api.KafkaSerdesTester] (Thread-667) topic-80d6da33_5485_4d2b_b98c_0bc2ddddb7fb 0 36 {"key11755019694334": "value-6", "key21755019698645": "value-6", "key31755019699877": "value-6"}
2025-08-12 17:28:21,115 INFO  [io.api.tes.ser.api.KafkaSerdesTester] (Thread-667) topic-80d6da33_5485_4d2b_b98c_0bc2ddddb7fb 0 37 {"key11755019694334": "value-7", "key21755019698645": "value-7", "key31755019699877": "value-7"}
2025-08-12 17:28:21,115 INFO  [io.api.tes.ser.api.KafkaSerdesTester] (Thread-667) topic-80d6da33_5485_4d2b_b98c_0bc2ddddb7fb 0 38 {"key11755019694334": "value-8", "key21755019698645": "value-8", "key31755019699877": "value-8"}
2025-08-12 17:28:21,115 INFO  [io.api.tes.ser.api.KafkaSerdesTester] (Thread-667) topic-80d6da33_5485_4d2b_b98c_0bc2ddddb7fb 0 39 {"key11755019694334": "value-9", "key21755019698645": "value-9", "key31755019699877": "value-9"}
2025-08-12 17:28:21,115 INFO  [io.api.tes.ser.api.KafkaSerdesTester] (Thread-667) topic-80d6da33_5485_4d2b_b98c_0bc2ddddb7fb 0 40 {"key11755019694334": "value-0", "key21755019698645": "value-0"}
2025-08-12 17:28:21,115 INFO  [io.api.tes.ser.api.KafkaSerdesTester] (Thread-667) topic-80d6da33_5485_4d2b_b98c_0bc2ddddb7fb 0 41 {"key11755019694334": "value-1", "key21755019698645": "value-1"}
2025-08-12 17:28:21,115 INFO  [io.api.tes.ser.api.KafkaSerdesTester] (Thread-667) topic-80d6da33_5485_4d2b_b98c_0bc2ddddb7fb 0 42 {"key11755019694334": "value-2", "key21755019698645": "value-2"}
2025-08-12 17:28:21,115 INFO  [io.api.tes.ser.api.KafkaSerdesTester] (Thread-667) topic-80d6da33_5485_4d2b_b98c_0bc2ddddb7fb 0 43 {"key11755019694334": "value-3", "key21755019698645": "value-3"}
2025-08-12 17:28:21,115 INFO  [io.api.tes.ser.api.KafkaSerdesTester] (Thread-667) topic-80d6da33_5485_4d2b_b98c_0bc2ddddb7fb 0 44 {"key11755019694334": "value-4", "key21755019698645": "value-4"}
2025-08-12 17:28:21,115 INFO  [io.api.tes.ser.api.KafkaSerdesTester] (Thread-667) topic-80d6da33_5485_4d2b_b98c_0bc2ddddb7fb 0 45 {"key11755019694334": "value-5", "key21755019698645": "value-5"}
2025-08-12 17:28:21,115 INFO  [io.api.tes.ser.api.KafkaSerdesTester] (Thread-667) topic-80d6da33_5485_4d2b_b98c_0bc2ddddb7fb 0 46 {"key11755019694334": "value-6", "key21755019698645": "value-6"}
2025-08-12 17:28:21,115 INFO  [io.api.tes.ser.api.KafkaSerdesTester] (Thread-667) topic-80d6da33_5485_4d2b_b98c_0bc2ddddb7fb 0 47 {"key11755019694334": "value-7", "key21755019698645": "value-7"}
2025-08-12 17:28:21,115 INFO  [io.api.tes.ser.api.KafkaSerdesTester] (Thread-667) topic-80d6da33_5485_4d2b_b98c_0bc2ddddb7fb 0 48 {"key11755019694334": "value-8", "key21755019698645": "value-8"}
2025-08-12 17:28:21,115 INFO  [io.api.tes.ser.api.KafkaSerdesTester] (Thread-667) topic-80d6da33_5485_4d2b_b98c_0bc2ddddb7fb 0 49 {"key11755019694334": "value-9", "key21755019698645": "value-9"}
2025-08-12 17:28:21,115 INFO  [io.api.tes.ser.api.KafkaSerdesTester] (Thread-667) topic-80d6da33_5485_4d2b_b98c_0bc2ddddb7fb 0 50 {"key11755019694334": "value-0"}
2025-08-12 17:28:21,115 INFO  [io.api.tes.ser.api.KafkaSerdesTester] (Thread-667) topic-80d6da33_5485_4d2b_b98c_0bc2ddddb7fb 0 51 {"key11755019694334": "value-1"}
2025-08-12 17:28:21,115 INFO  [io.api.tes.ser.api.KafkaSerdesTester] (Thread-667) topic-80d6da33_5485_4d2b_b98c_0bc2ddddb7fb 0 52 {"key11755019694334": "value-2"}
2025-08-12 17:28:21,115 INFO  [io.api.tes.ser.api.KafkaSerdesTester] (Thread-667) topic-80d6da33_5485_4d2b_b98c_0bc2ddddb7fb 0 53 {"key11755019694334": "value-3"}
2025-08-12 17:28:21,116 INFO  [io.api.tes.ser.api.KafkaSerdesTester] (Thread-667) topic-80d6da33_5485_4d2b_b98c_0bc2ddddb7fb 0 54 {"key11755019694334": "value-4"}
2025-08-12 17:28:21,116 INFO  [io.api.tes.ser.api.KafkaSerdesTester] (Thread-667) topic-80d6da33_5485_4d2b_b98c_0bc2ddddb7fb 0 55 {"key11755019694334": "value-5"}
2025-08-12 17:28:21,116 INFO  [io.api.tes.ser.api.KafkaSerdesTester] (Thread-667) topic-80d6da33_5485_4d2b_b98c_0bc2ddddb7fb 0 56 {"key11755019694334": "value-6"}
2025-08-12 17:28:21,116 INFO  [io.api.tes.ser.api.KafkaSerdesTester] (Thread-667) topic-80d6da33_5485_4d2b_b98c_0bc2ddddb7fb 0 57 {"key11755019694334": "value-7"}
2025-08-12 17:28:21,116 INFO  [io.api.tes.ser.api.KafkaSerdesTester] (Thread-667) topic-80d6da33_5485_4d2b_b98c_0bc2ddddb7fb 0 58 {"key11755019694334": "value-8"}
2025-08-12 17:28:21,116 INFO  [io.api.tes.ser.api.KafkaSerdesTester] (Thread-667) topic-80d6da33_5485_4d2b_b98c_0bc2ddddb7fb 0 59 {"key11755019694334": "value-9"}
2025-08-12 17:28:21,116 INFO  [io.api.tes.ser.api.KafkaSerdesTester] (Thread-667) Consumed 30 messages
2025-08-12 17:28:21,116 INFO  [org.apa.kaf.cli.pro.KafkaProducer] (main) [Producer clientId=Producer-topic-80d6da33_5485_4d2b_b98c_0bc2ddddb7fb] Closing the Kafka producer with timeoutMillis = 9223372036854775807 ms.
2025-08-12 17:28:21,118 INFO  [org.apa.kaf.com.met.Metrics] (main) Metrics scheduler closed
2025-08-12 17:28:21,118 INFO  [org.apa.kaf.com.met.Metrics] (main) Closing reporter org.apache.kafka.common.metrics.JmxReporter
2025-08-12 17:28:21,118 INFO  [org.apa.kaf.com.met.Metrics] (main) Closing reporter org.apache.kafka.common.telemetry.internals.ClientTelemetryReporter
2025-08-12 17:28:21,118 INFO  [org.apa.kaf.com.met.Metrics] (main) Metrics reporters closed
2025-08-12 17:28:21,119 INFO  [org.apa.kaf.com.uti.AppInfoParser] (main) App info kafka.producer for Producer-topic-80d6da33_5485_4d2b_b98c_0bc2ddddb7fb unregistered
2025-08-12 17:28:21,126 INFO  [org.apa.kaf.cli.con.int.ConsumerRebalanceListenerInvoker] (main) [Consumer clientId=consumer-Consumer-topic-80d6da33_5485_4d2b_b98c_0bc2ddddb7fb-9, groupId=Consumer-topic-80d6da33_5485_4d2b_b98c_0bc2ddddb7fb] Revoke previously assigned partitions topic-80d6da33_5485_4d2b_b98c_0bc2ddddb7fb-0
2025-08-12 17:28:21,126 INFO  [org.apa.kaf.cli.con.int.ConsumerCoordinator] (main) [Consumer clientId=consumer-Consumer-topic-80d6da33_5485_4d2b_b98c_0bc2ddddb7fb-9, groupId=Consumer-topic-80d6da33_5485_4d2b_b98c_0bc2ddddb7fb] Member consumer-Consumer-topic-80d6da33_5485_4d2b_b98c_0bc2ddddb7fb-9-0615ebee-49ad-468d-b4d8-be8f71684295 sending LeaveGroup request to coordinator localhost:32769 (id: 2147483647 rack: null) due to the consumer is being closed
2025-08-12 17:28:21,126 INFO  [org.apa.kaf.cli.con.int.ConsumerCoordinator] (main) [Consumer clientId=consumer-Consumer-topic-80d6da33_5485_4d2b_b98c_0bc2ddddb7fb-9, groupId=Consumer-topic-80d6da33_5485_4d2b_b98c_0bc2ddddb7fb] Resetting generation and member id due to: consumer pro-actively leaving the group
2025-08-12 17:28:21,126 INFO  [org.apa.kaf.cli.con.int.ConsumerCoordinator] (main) [Consumer clientId=consumer-Consumer-topic-80d6da33_5485_4d2b_b98c_0bc2ddddb7fb-9, groupId=Consumer-topic-80d6da33_5485_4d2b_b98c_0bc2ddddb7fb] Request joining group due to: consumer pro-actively leaving the group
2025-08-12 17:28:21,618 INFO  [org.apa.kaf.com.met.Metrics] (main) Metrics scheduler closed
2025-08-12 17:28:21,618 INFO  [org.apa.kaf.com.met.Metrics] (main) Closing reporter org.apache.kafka.common.metrics.JmxReporter
2025-08-12 17:28:21,618 INFO  [org.apa.kaf.com.met.Metrics] (main) Closing reporter org.apache.kafka.common.telemetry.internals.ClientTelemetryReporter
2025-08-12 17:28:21,618 INFO  [org.apa.kaf.com.met.Metrics] (main) Metrics reporters closed
2025-08-12 17:28:21,621 INFO  [org.apa.kaf.com.uti.AppInfoParser] (main) App info kafka.consumer for consumer-Consumer-topic-80d6da33_5485_4d2b_b98c_0bc2ddddb7fb-9 unregistered
2025-08-12 17:28:21,621 INFO  [io.api.tes.uti.TestSeparator] (main) io.apicurio.tests.serdes.apicurio.AvroSerdeIT.testEvolveAvroApicurioReusingClient-FINISHED
2025-08-12 17:28:21,622 INFO  [io.api.tes.uti.TestSeparator] (main) ############################################################################
Test passed: testEvolveAvroApicurioReusingClient
]]></system-out>
  </testcase>
  <testcase name="testProducerUsesDefaultConsumerUsesGlobalId" classname="io.apicurio.tests.serdes.apicurio.AvroSerdeIT" time="0.0">
    <skipped message="void io.apicurio.tests.serdes.apicurio.AvroSerdeIT.testProducerUsesDefaultConsumerUsesGlobalId() throws java.lang.Exception is @Disabled"/>
  </testcase>
  <testcase name="testEvolveAvroApicurio" classname="io.apicurio.tests.serdes.apicurio.AvroSerdeIT" time="14.903">
    <system-out><![CDATA[2025-08-12 17:28:21,627 INFO  [io.api.tes.uti.TestSeparator] (main) ############################################################################
2025-08-12 17:28:21,627 INFO  [io.api.tes.uti.TestSeparator] (main) io.apicurio.tests.serdes.apicurio.AvroSerdeIT.testEvolveAvroApicurio-STARTED
2025-08-12 17:28:21,628 INFO  [io.api.tes.ser.api.AvroSerdeIT] (main) Registering Avro Schema: {"type":"record","name":"sf15ffdf0x30e0x4aa5xa6fexb644a6623b29","namespace":"ns_2e61bfae_bcb6_4ec8_abd0_733cae1eaeef","fields":[{"name":"key11755019701628","type":"string"}]}
**** Registry Base URL: http://registry-app-ksql043.apps.ci419.apicurio-testing.org:80
2025-08-12 17:28:22,734 INFO  [org.apa.kaf.cli.pro.ProducerConfig] (main) ProducerConfig values: 
	acks = -1
	auto.include.jmx.reporter = true
	batch.size = 16384
	bootstrap.servers = [PLAINTEXT://localhost:32769]
	buffer.memory = 33554432
	client.dns.lookup = use_all_dns_ips
	client.id = Producer-topic-ec4d6195_7d4d_47e8_b8a9_43e97643bc58
	compression.gzip.level = -1
	compression.lz4.level = 9
	compression.type = none
	compression.zstd.level = 3
	connections.max.idle.ms = 10000
	delivery.timeout.ms = 120000
	enable.idempotence = true
	enable.metrics.push = true
	interceptor.classes = []
	key.serializer = class org.apache.kafka.common.serialization.StringSerializer
	linger.ms = 0
	max.block.ms = 60000
	max.in.flight.requests.per.connection = 5
	max.request.size = 1048576
	metadata.max.age.ms = 300000
	metadata.max.idle.ms = 300000
	metadata.recovery.strategy = none
	metric.reporters = []
	metrics.num.samples = 2
	metrics.recording.level = INFO
	metrics.sample.window.ms = 30000
	partitioner.adaptive.partitioning.enable = true
	partitioner.availability.timeout.ms = 0
	partitioner.class = null
	partitioner.ignore.keys = false
	receive.buffer.bytes = 32768
	reconnect.backoff.max.ms = 1000
	reconnect.backoff.ms = 50
	request.timeout.ms = 5000
	retries = 2147483647
	retry.backoff.max.ms = 1000
	retry.backoff.ms = 100
	sasl.client.callback.handler.class = null
	sasl.jaas.config = null
	sasl.kerberos.kinit.cmd = /usr/bin/kinit
	sasl.kerberos.min.time.before.relogin = 60000
	sasl.kerberos.service.name = null
	sasl.kerberos.ticket.renew.jitter = 0.05
	sasl.kerberos.ticket.renew.window.factor = 0.8
	sasl.login.callback.handler.class = null
	sasl.login.class = null
	sasl.login.connect.timeout.ms = null
	sasl.login.read.timeout.ms = null
	sasl.login.refresh.buffer.seconds = 300
	sasl.login.refresh.min.period.seconds = 60
	sasl.login.refresh.window.factor = 0.8
	sasl.login.refresh.window.jitter = 0.05
	sasl.login.retry.backoff.max.ms = 10000
	sasl.login.retry.backoff.ms = 100
	sasl.mechanism = GSSAPI
	sasl.oauthbearer.clock.skew.seconds = 30
	sasl.oauthbearer.expected.audience = null
	sasl.oauthbearer.expected.issuer = null
	sasl.oauthbearer.header.urlencode = false
	sasl.oauthbearer.jwks.endpoint.refresh.ms = 3600000
	sasl.oauthbearer.jwks.endpoint.retry.backoff.max.ms = 10000
	sasl.oauthbearer.jwks.endpoint.retry.backoff.ms = 100
	sasl.oauthbearer.jwks.endpoint.url = null
	sasl.oauthbearer.scope.claim.name = scope
	sasl.oauthbearer.sub.claim.name = sub
	sasl.oauthbearer.token.endpoint.url = null
	security.protocol = PLAINTEXT
	security.providers = null
	send.buffer.bytes = 131072
	socket.connection.setup.timeout.max.ms = 30000
	socket.connection.setup.timeout.ms = 10000
	ssl.cipher.suites = null
	ssl.enabled.protocols = [TLSv1.2, TLSv1.3]
	ssl.endpoint.identification.algorithm = https
	ssl.engine.factory.class = null
	ssl.key.password = null
	ssl.keymanager.algorithm = SunX509
	ssl.keystore.certificate.chain = null
	ssl.keystore.key = null
	ssl.keystore.location = null
	ssl.keystore.password = null
	ssl.keystore.type = JKS
	ssl.protocol = TLSv1.3
	ssl.provider = null
	ssl.secure.random.implementation = null
	ssl.trustmanager.algorithm = PKIX
	ssl.truststore.certificates = null
	ssl.truststore.location = null
	ssl.truststore.password = null
	ssl.truststore.type = JKS
	transaction.timeout.ms = 60000
	transactional.id = null
	value.serializer = class io.apicurio.registry.serde.avro.AvroKafkaSerializer

2025-08-12 17:28:22,735 INFO  [org.apa.kaf.com.tel.int.KafkaMetricsCollector] (main) initializing Kafka metrics collector
2025-08-12 17:28:22,738 INFO  [org.apa.kaf.cli.pro.KafkaProducer] (main) [Producer clientId=Producer-topic-ec4d6195_7d4d_47e8_b8a9_43e97643bc58] Instantiated an idempotent producer.
2025-08-12 17:28:22,740 INFO  [org.apa.kaf.cli.pro.ProducerConfig] (main) These configurations '[apicurio.registry.url, apicurio.registry.artifact-resolver-strategy]' were supplied but are not used yet.
2025-08-12 17:28:22,740 INFO  [org.apa.kaf.com.uti.AppInfoParser] (main) Kafka version: 3.9.1
2025-08-12 17:28:22,740 INFO  [org.apa.kaf.com.uti.AppInfoParser] (main) Kafka commitId: f745dfdcee2b9851
2025-08-12 17:28:22,740 INFO  [org.apa.kaf.com.uti.AppInfoParser] (main) Kafka startTimeMs: 1755019702740
**** Registry Base URL: http://registry-app-ksql043.apps.ci419.apicurio-testing.org:80
2025-08-12 17:28:22,741 INFO  [org.apa.kaf.cli.con.ConsumerConfig] (main) ConsumerConfig values: 
	allow.auto.create.topics = true
	auto.commit.interval.ms = 500
	auto.include.jmx.reporter = true
	auto.offset.reset = earliest
	bootstrap.servers = [PLAINTEXT://localhost:32769]
	check.crcs = true
	client.dns.lookup = use_all_dns_ips
	client.id = consumer-Consumer-topic-ec4d6195_7d4d_47e8_b8a9_43e97643bc58-10
	client.rack = 
	connections.max.idle.ms = 10000
	default.api.timeout.ms = 60000
	enable.auto.commit = true
	enable.metrics.push = true
	exclude.internal.topics = true
	fetch.max.bytes = 52428800
	fetch.max.wait.ms = 500
	fetch.min.bytes = 1
	group.id = Consumer-topic-ec4d6195_7d4d_47e8_b8a9_43e97643bc58
	group.instance.id = null
	group.protocol = classic
	group.remote.assignor = null
	heartbeat.interval.ms = 3000
	interceptor.classes = []
	internal.leave.group.on.close = true
	internal.throw.on.fetch.stable.offset.unsupported = false
	isolation.level = read_uncommitted
	key.deserializer = class org.apache.kafka.common.serialization.StringDeserializer
	max.partition.fetch.bytes = 1048576
	max.poll.interval.ms = 300000
	max.poll.records = 500
	metadata.max.age.ms = 300000
	metadata.recovery.strategy = none
	metric.reporters = []
	metrics.num.samples = 2
	metrics.recording.level = INFO
	metrics.sample.window.ms = 30000
	partition.assignment.strategy = [class org.apache.kafka.clients.consumer.RangeAssignor, class org.apache.kafka.clients.consumer.CooperativeStickyAssignor]
	receive.buffer.bytes = 65536
	reconnect.backoff.max.ms = 1000
	reconnect.backoff.ms = 50
	request.timeout.ms = 5000
	retry.backoff.max.ms = 1000
	retry.backoff.ms = 100
	sasl.client.callback.handler.class = null
	sasl.jaas.config = null
	sasl.kerberos.kinit.cmd = /usr/bin/kinit
	sasl.kerberos.min.time.before.relogin = 60000
	sasl.kerberos.service.name = null
	sasl.kerberos.ticket.renew.jitter = 0.05
	sasl.kerberos.ticket.renew.window.factor = 0.8
	sasl.login.callback.handler.class = null
	sasl.login.class = null
	sasl.login.connect.timeout.ms = null
	sasl.login.read.timeout.ms = null
	sasl.login.refresh.buffer.seconds = 300
	sasl.login.refresh.min.period.seconds = 60
	sasl.login.refresh.window.factor = 0.8
	sasl.login.refresh.window.jitter = 0.05
	sasl.login.retry.backoff.max.ms = 10000
	sasl.login.retry.backoff.ms = 100
	sasl.mechanism = GSSAPI
	sasl.oauthbearer.clock.skew.seconds = 30
	sasl.oauthbearer.expected.audience = null
	sasl.oauthbearer.expected.issuer = null
	sasl.oauthbearer.header.urlencode = false
	sasl.oauthbearer.jwks.endpoint.refresh.ms = 3600000
	sasl.oauthbearer.jwks.endpoint.retry.backoff.max.ms = 10000
	sasl.oauthbearer.jwks.endpoint.retry.backoff.ms = 100
	sasl.oauthbearer.jwks.endpoint.url = null
	sasl.oauthbearer.scope.claim.name = scope
	sasl.oauthbearer.sub.claim.name = sub
	sasl.oauthbearer.token.endpoint.url = null
	security.protocol = PLAINTEXT
	security.providers = null
	send.buffer.bytes = 131072
	session.timeout.ms = 45000
	socket.connection.setup.timeout.max.ms = 30000
	socket.connection.setup.timeout.ms = 10000
	ssl.cipher.suites = null
	ssl.enabled.protocols = [TLSv1.2, TLSv1.3]
	ssl.endpoint.identification.algorithm = https
	ssl.engine.factory.class = null
	ssl.key.password = null
	ssl.keymanager.algorithm = SunX509
	ssl.keystore.certificate.chain = null
	ssl.keystore.key = null
	ssl.keystore.location = null
	ssl.keystore.password = null
	ssl.keystore.type = JKS
	ssl.protocol = TLSv1.3
	ssl.provider = null
	ssl.secure.random.implementation = null
	ssl.trustmanager.algorithm = PKIX
	ssl.truststore.certificates = null
	ssl.truststore.location = null
	ssl.truststore.password = null
	ssl.truststore.type = JKS
	value.deserializer = class io.apicurio.registry.serde.avro.AvroKafkaDeserializer

2025-08-12 17:28:22,741 INFO  [org.apa.kaf.com.tel.int.KafkaMetricsCollector] (main) initializing Kafka metrics collector
2025-08-12 17:28:22,747 INFO  [org.apa.kaf.cli.Metadata] (kafka-producer-network-thread | Producer-topic-ec4d6195_7d4d_47e8_b8a9_43e97643bc58) [Producer clientId=Producer-topic-ec4d6195_7d4d_47e8_b8a9_43e97643bc58] Cluster ID: Fm7ZMVgORveP7Vf0og8MFw
2025-08-12 17:28:22,747 INFO  [org.apa.kaf.cli.pro.int.TransactionManager] (kafka-producer-network-thread | Producer-topic-ec4d6195_7d4d_47e8_b8a9_43e97643bc58) [Producer clientId=Producer-topic-ec4d6195_7d4d_47e8_b8a9_43e97643bc58] ProducerId set to 12 with epoch 0
2025-08-12 17:28:22,749 INFO  [org.apa.kaf.cli.con.ConsumerConfig] (main) These configurations '[apicurio.registry.url]' were supplied but are not used yet.
2025-08-12 17:28:22,749 INFO  [org.apa.kaf.com.uti.AppInfoParser] (main) Kafka version: 3.9.1
2025-08-12 17:28:22,750 INFO  [org.apa.kaf.com.uti.AppInfoParser] (main) Kafka commitId: f745dfdcee2b9851
2025-08-12 17:28:22,750 INFO  [org.apa.kaf.com.uti.AppInfoParser] (main) Kafka startTimeMs: 1755019702749
2025-08-12 17:28:22,750 INFO  [io.api.tes.ser.api.KafkaSerdesTester] (Thread-672) Sending message {"key11755019701628": "value-0"} to topic topic-ec4d6195_7d4d_47e8_b8a9_43e97643bc58
2025-08-12 17:28:22,754 INFO  [DefaultSchemaResolver] (Thread-672) Retrieving schema content using string: {"type":"record","name":"sf15ffdf0x30e0x4aa5xa6fexb644a6623b29","namespace":"ns_2e61bfae_bcb6_4ec8_abd0_733cae1eaeef","fields":[{"name":"key11755019701628","type":"string"}]}
2025-08-12 17:28:22,810 INFO  [io.api.tes.ser.api.KafkaSerdesTester] (Thread-672) Sending message {"key11755019701628": "value-1"} to topic topic-ec4d6195_7d4d_47e8_b8a9_43e97643bc58
2025-08-12 17:28:22,812 INFO  [io.api.tes.ser.api.KafkaSerdesTester] (Thread-672) Sending message {"key11755019701628": "value-2"} to topic topic-ec4d6195_7d4d_47e8_b8a9_43e97643bc58
2025-08-12 17:28:22,813 INFO  [io.api.tes.ser.api.KafkaSerdesTester] (Thread-672) Sending message {"key11755019701628": "value-3"} to topic topic-ec4d6195_7d4d_47e8_b8a9_43e97643bc58
2025-08-12 17:28:22,815 INFO  [io.api.tes.ser.api.KafkaSerdesTester] (Thread-672) Sending message {"key11755019701628": "value-4"} to topic topic-ec4d6195_7d4d_47e8_b8a9_43e97643bc58
2025-08-12 17:28:22,816 INFO  [io.api.tes.ser.api.KafkaSerdesTester] (Thread-672) Sending message {"key11755019701628": "value-5"} to topic topic-ec4d6195_7d4d_47e8_b8a9_43e97643bc58
2025-08-12 17:28:22,820 INFO  [io.api.tes.ser.api.KafkaSerdesTester] (Thread-672) Sending message {"key11755019701628": "value-6"} to topic topic-ec4d6195_7d4d_47e8_b8a9_43e97643bc58
2025-08-12 17:28:22,825 INFO  [io.api.tes.ser.api.KafkaSerdesTester] (Thread-672) Sending message {"key11755019701628": "value-7"} to topic topic-ec4d6195_7d4d_47e8_b8a9_43e97643bc58
2025-08-12 17:28:22,828 INFO  [io.api.tes.ser.api.KafkaSerdesTester] (Thread-672) Sending message {"key11755019701628": "value-8"} to topic topic-ec4d6195_7d4d_47e8_b8a9_43e97643bc58
2025-08-12 17:28:22,831 INFO  [io.api.tes.ser.api.KafkaSerdesTester] (Thread-672) Sending message {"key11755019701628": "value-9"} to topic topic-ec4d6195_7d4d_47e8_b8a9_43e97643bc58
2025-08-12 17:28:22,833 INFO  [io.api.tes.ser.api.KafkaSerdesTester] (Thread-672) Produced 10 messages
2025-08-12 17:28:22,833 INFO  [org.apa.kaf.cli.pro.KafkaProducer] (Thread-672) [Producer clientId=Producer-topic-ec4d6195_7d4d_47e8_b8a9_43e97643bc58] Closing the Kafka producer with timeoutMillis = 9223372036854775807 ms.
2025-08-12 17:28:22,836 INFO  [org.apa.kaf.com.met.Metrics] (Thread-672) Metrics scheduler closed
2025-08-12 17:28:22,836 INFO  [org.apa.kaf.com.met.Metrics] (Thread-672) Closing reporter org.apache.kafka.common.metrics.JmxReporter
2025-08-12 17:28:22,836 INFO  [org.apa.kaf.com.met.Metrics] (Thread-672) Closing reporter org.apache.kafka.common.telemetry.internals.ClientTelemetryReporter
2025-08-12 17:28:22,836 INFO  [org.apa.kaf.com.met.Metrics] (Thread-672) Metrics reporters closed
2025-08-12 17:28:22,836 INFO  [org.apa.kaf.com.uti.AppInfoParser] (Thread-672) App info kafka.producer for Producer-topic-ec4d6195_7d4d_47e8_b8a9_43e97643bc58 unregistered
2025-08-12 17:28:22,836 INFO  [org.apa.kaf.cli.con.int.ClassicKafkaConsumer] (Thread-673) [Consumer clientId=consumer-Consumer-topic-ec4d6195_7d4d_47e8_b8a9_43e97643bc58-10, groupId=Consumer-topic-ec4d6195_7d4d_47e8_b8a9_43e97643bc58] Subscribed to topic(s): topic-ec4d6195_7d4d_47e8_b8a9_43e97643bc58
2025-08-12 17:28:22,849 INFO  [org.apa.kaf.cli.Metadata] (Thread-673) [Consumer clientId=consumer-Consumer-topic-ec4d6195_7d4d_47e8_b8a9_43e97643bc58-10, groupId=Consumer-topic-ec4d6195_7d4d_47e8_b8a9_43e97643bc58] Cluster ID: Fm7ZMVgORveP7Vf0og8MFw
2025-08-12 17:28:22,849 INFO  [org.apa.kaf.cli.con.int.ConsumerCoordinator] (Thread-673) [Consumer clientId=consumer-Consumer-topic-ec4d6195_7d4d_47e8_b8a9_43e97643bc58-10, groupId=Consumer-topic-ec4d6195_7d4d_47e8_b8a9_43e97643bc58] Discovered group coordinator localhost:32769 (id: 2147483647 rack: null)
2025-08-12 17:28:22,858 INFO  [org.apa.kaf.cli.con.int.ConsumerCoordinator] (Thread-673) [Consumer clientId=consumer-Consumer-topic-ec4d6195_7d4d_47e8_b8a9_43e97643bc58-10, groupId=Consumer-topic-ec4d6195_7d4d_47e8_b8a9_43e97643bc58] (Re-)joining group
2025-08-12 17:28:22,863 INFO  [org.apa.kaf.cli.con.int.ConsumerCoordinator] (Thread-673) [Consumer clientId=consumer-Consumer-topic-ec4d6195_7d4d_47e8_b8a9_43e97643bc58-10, groupId=Consumer-topic-ec4d6195_7d4d_47e8_b8a9_43e97643bc58] Request joining group due to: need to re-join with the given member-id: consumer-Consumer-topic-ec4d6195_7d4d_47e8_b8a9_43e97643bc58-10-722af68c-64f7-4935-a125-1e5312e8592b
2025-08-12 17:28:22,863 INFO  [org.apa.kaf.cli.con.int.ConsumerCoordinator] (Thread-673) [Consumer clientId=consumer-Consumer-topic-ec4d6195_7d4d_47e8_b8a9_43e97643bc58-10, groupId=Consumer-topic-ec4d6195_7d4d_47e8_b8a9_43e97643bc58] (Re-)joining group
2025-08-12 17:28:23,836 INFO  [io.api.tes.ser.api.KafkaSerdesTester] (Thread-673) None found
2025-08-12 17:28:24,836 INFO  [io.api.tes.ser.api.KafkaSerdesTester] (Thread-673) None found
2025-08-12 17:28:25,836 INFO  [io.api.tes.ser.api.KafkaSerdesTester] (Thread-673) None found
2025-08-12 17:28:25,864 INFO  [org.apa.kaf.cli.con.int.ConsumerCoordinator] (Thread-673) [Consumer clientId=consumer-Consumer-topic-ec4d6195_7d4d_47e8_b8a9_43e97643bc58-10, groupId=Consumer-topic-ec4d6195_7d4d_47e8_b8a9_43e97643bc58] Successfully joined group with generation Generation{generationId=1, memberId='consumer-Consumer-topic-ec4d6195_7d4d_47e8_b8a9_43e97643bc58-10-722af68c-64f7-4935-a125-1e5312e8592b', protocol='range'}
2025-08-12 17:28:25,865 INFO  [org.apa.kaf.cli.con.int.ConsumerCoordinator] (Thread-673) [Consumer clientId=consumer-Consumer-topic-ec4d6195_7d4d_47e8_b8a9_43e97643bc58-10, groupId=Consumer-topic-ec4d6195_7d4d_47e8_b8a9_43e97643bc58] Finished assignment for group at generation 1: {consumer-Consumer-topic-ec4d6195_7d4d_47e8_b8a9_43e97643bc58-10-722af68c-64f7-4935-a125-1e5312e8592b=Assignment(partitions=[topic-ec4d6195_7d4d_47e8_b8a9_43e97643bc58-0])}
2025-08-12 17:28:25,873 INFO  [org.apa.kaf.cli.con.int.ConsumerCoordinator] (Thread-673) [Consumer clientId=consumer-Consumer-topic-ec4d6195_7d4d_47e8_b8a9_43e97643bc58-10, groupId=Consumer-topic-ec4d6195_7d4d_47e8_b8a9_43e97643bc58] Successfully synced group in generation Generation{generationId=1, memberId='consumer-Consumer-topic-ec4d6195_7d4d_47e8_b8a9_43e97643bc58-10-722af68c-64f7-4935-a125-1e5312e8592b', protocol='range'}
2025-08-12 17:28:25,873 INFO  [org.apa.kaf.cli.con.int.ConsumerCoordinator] (Thread-673) [Consumer clientId=consumer-Consumer-topic-ec4d6195_7d4d_47e8_b8a9_43e97643bc58-10, groupId=Consumer-topic-ec4d6195_7d4d_47e8_b8a9_43e97643bc58] Notifying assignor about the new Assignment(partitions=[topic-ec4d6195_7d4d_47e8_b8a9_43e97643bc58-0])
2025-08-12 17:28:25,873 INFO  [org.apa.kaf.cli.con.int.ConsumerRebalanceListenerInvoker] (Thread-673) [Consumer clientId=consumer-Consumer-topic-ec4d6195_7d4d_47e8_b8a9_43e97643bc58-10, groupId=Consumer-topic-ec4d6195_7d4d_47e8_b8a9_43e97643bc58] Adding newly assigned partitions: topic-ec4d6195_7d4d_47e8_b8a9_43e97643bc58-0
2025-08-12 17:28:25,875 INFO  [org.apa.kaf.cli.con.int.ConsumerCoordinator] (Thread-673) [Consumer clientId=consumer-Consumer-topic-ec4d6195_7d4d_47e8_b8a9_43e97643bc58-10, groupId=Consumer-topic-ec4d6195_7d4d_47e8_b8a9_43e97643bc58] Found no committed offset for partition topic-ec4d6195_7d4d_47e8_b8a9_43e97643bc58-0
2025-08-12 17:28:25,878 INFO  [org.apa.kaf.cli.con.int.SubscriptionState] (Thread-673) [Consumer clientId=consumer-Consumer-topic-ec4d6195_7d4d_47e8_b8a9_43e97643bc58-10, groupId=Consumer-topic-ec4d6195_7d4d_47e8_b8a9_43e97643bc58] Resetting offset for partition topic-ec4d6195_7d4d_47e8_b8a9_43e97643bc58-0 to position FetchPosition{offset=0, offsetEpoch=Optional.empty, currentLeader=LeaderAndEpoch{leader=Optional[localhost:32769 (id: 0 rack: null)], epoch=0}}.
2025-08-12 17:28:25,957 INFO  [io.api.tes.ser.api.KafkaSerdesTester] (Thread-673) topic-ec4d6195_7d4d_47e8_b8a9_43e97643bc58 0 0 {"key11755019701628": "value-0"}
2025-08-12 17:28:25,957 INFO  [io.api.tes.ser.api.KafkaSerdesTester] (Thread-673) topic-ec4d6195_7d4d_47e8_b8a9_43e97643bc58 0 1 {"key11755019701628": "value-1"}
2025-08-12 17:28:25,957 INFO  [io.api.tes.ser.api.KafkaSerdesTester] (Thread-673) topic-ec4d6195_7d4d_47e8_b8a9_43e97643bc58 0 2 {"key11755019701628": "value-2"}
2025-08-12 17:28:25,957 INFO  [io.api.tes.ser.api.KafkaSerdesTester] (Thread-673) topic-ec4d6195_7d4d_47e8_b8a9_43e97643bc58 0 3 {"key11755019701628": "value-3"}
2025-08-12 17:28:25,957 INFO  [io.api.tes.ser.api.KafkaSerdesTester] (Thread-673) topic-ec4d6195_7d4d_47e8_b8a9_43e97643bc58 0 4 {"key11755019701628": "value-4"}
2025-08-12 17:28:25,957 INFO  [io.api.tes.ser.api.KafkaSerdesTester] (Thread-673) topic-ec4d6195_7d4d_47e8_b8a9_43e97643bc58 0 5 {"key11755019701628": "value-5"}
2025-08-12 17:28:25,957 INFO  [io.api.tes.ser.api.KafkaSerdesTester] (Thread-673) topic-ec4d6195_7d4d_47e8_b8a9_43e97643bc58 0 6 {"key11755019701628": "value-6"}
2025-08-12 17:28:25,957 INFO  [io.api.tes.ser.api.KafkaSerdesTester] (Thread-673) topic-ec4d6195_7d4d_47e8_b8a9_43e97643bc58 0 7 {"key11755019701628": "value-7"}
2025-08-12 17:28:25,957 INFO  [io.api.tes.ser.api.KafkaSerdesTester] (Thread-673) topic-ec4d6195_7d4d_47e8_b8a9_43e97643bc58 0 8 {"key11755019701628": "value-8"}
2025-08-12 17:28:25,957 INFO  [io.api.tes.ser.api.KafkaSerdesTester] (Thread-673) topic-ec4d6195_7d4d_47e8_b8a9_43e97643bc58 0 9 {"key11755019701628": "value-9"}
2025-08-12 17:28:25,957 INFO  [io.api.tes.ser.api.KafkaSerdesTester] (Thread-673) Consumed 10 messages
2025-08-12 17:28:25,964 INFO  [org.apa.kaf.cli.con.int.ConsumerRebalanceListenerInvoker] (Thread-673) [Consumer clientId=consumer-Consumer-topic-ec4d6195_7d4d_47e8_b8a9_43e97643bc58-10, groupId=Consumer-topic-ec4d6195_7d4d_47e8_b8a9_43e97643bc58] Revoke previously assigned partitions topic-ec4d6195_7d4d_47e8_b8a9_43e97643bc58-0
2025-08-12 17:28:25,964 INFO  [org.apa.kaf.cli.con.int.ConsumerCoordinator] (Thread-673) [Consumer clientId=consumer-Consumer-topic-ec4d6195_7d4d_47e8_b8a9_43e97643bc58-10, groupId=Consumer-topic-ec4d6195_7d4d_47e8_b8a9_43e97643bc58] Member consumer-Consumer-topic-ec4d6195_7d4d_47e8_b8a9_43e97643bc58-10-722af68c-64f7-4935-a125-1e5312e8592b sending LeaveGroup request to coordinator localhost:32769 (id: 2147483647 rack: null) due to the consumer is being closed
2025-08-12 17:28:25,964 INFO  [org.apa.kaf.cli.con.int.ConsumerCoordinator] (Thread-673) [Consumer clientId=consumer-Consumer-topic-ec4d6195_7d4d_47e8_b8a9_43e97643bc58-10, groupId=Consumer-topic-ec4d6195_7d4d_47e8_b8a9_43e97643bc58] Resetting generation and member id due to: consumer pro-actively leaving the group
2025-08-12 17:28:25,964 INFO  [org.apa.kaf.cli.con.int.ConsumerCoordinator] (Thread-673) [Consumer clientId=consumer-Consumer-topic-ec4d6195_7d4d_47e8_b8a9_43e97643bc58-10, groupId=Consumer-topic-ec4d6195_7d4d_47e8_b8a9_43e97643bc58] Request joining group due to: consumer pro-actively leaving the group
2025-08-12 17:28:26,459 INFO  [org.apa.kaf.com.met.Metrics] (Thread-673) Metrics scheduler closed
2025-08-12 17:28:26,459 INFO  [org.apa.kaf.com.met.Metrics] (Thread-673) Closing reporter org.apache.kafka.common.metrics.JmxReporter
2025-08-12 17:28:26,459 INFO  [org.apa.kaf.com.met.Metrics] (Thread-673) Closing reporter org.apache.kafka.common.telemetry.internals.ClientTelemetryReporter
2025-08-12 17:28:26,459 INFO  [org.apa.kaf.com.met.Metrics] (Thread-673) Metrics reporters closed
2025-08-12 17:28:26,461 INFO  [org.apa.kaf.com.uti.AppInfoParser] (Thread-673) App info kafka.consumer for consumer-Consumer-topic-ec4d6195_7d4d_47e8_b8a9_43e97643bc58-10 unregistered
2025-08-12 17:28:26,462 INFO  [io.api.tes.ser.api.AvroSerdeIT] (main) Registering Avro Schema 2: {"type":"record","name":"sf15ffdf0x30e0x4aa5xa6fexb644a6623b29","namespace":"ns_2e61bfae_bcb6_4ec8_abd0_733cae1eaeef","fields":[{"name":"key11755019701628","type":"string"},{"name":"key21755019706461","type":"string"}]}
**** Registry Base URL: http://registry-app-ksql043.apps.ci419.apicurio-testing.org:80
2025-08-12 17:28:27,550 INFO  [org.apa.kaf.cli.pro.ProducerConfig] (main) ProducerConfig values: 
	acks = -1
	auto.include.jmx.reporter = true
	batch.size = 16384
	bootstrap.servers = [PLAINTEXT://localhost:32769]
	buffer.memory = 33554432
	client.dns.lookup = use_all_dns_ips
	client.id = Producer-topic-ec4d6195_7d4d_47e8_b8a9_43e97643bc58
	compression.gzip.level = -1
	compression.lz4.level = 9
	compression.type = none
	compression.zstd.level = 3
	connections.max.idle.ms = 10000
	delivery.timeout.ms = 120000
	enable.idempotence = true
	enable.metrics.push = true
	interceptor.classes = []
	key.serializer = class org.apache.kafka.common.serialization.StringSerializer
	linger.ms = 0
	max.block.ms = 60000
	max.in.flight.requests.per.connection = 5
	max.request.size = 1048576
	metadata.max.age.ms = 300000
	metadata.max.idle.ms = 300000
	metadata.recovery.strategy = none
	metric.reporters = []
	metrics.num.samples = 2
	metrics.recording.level = INFO
	metrics.sample.window.ms = 30000
	partitioner.adaptive.partitioning.enable = true
	partitioner.availability.timeout.ms = 0
	partitioner.class = null
	partitioner.ignore.keys = false
	receive.buffer.bytes = 32768
	reconnect.backoff.max.ms = 1000
	reconnect.backoff.ms = 50
	request.timeout.ms = 5000
	retries = 2147483647
	retry.backoff.max.ms = 1000
	retry.backoff.ms = 100
	sasl.client.callback.handler.class = null
	sasl.jaas.config = null
	sasl.kerberos.kinit.cmd = /usr/bin/kinit
	sasl.kerberos.min.time.before.relogin = 60000
	sasl.kerberos.service.name = null
	sasl.kerberos.ticket.renew.jitter = 0.05
	sasl.kerberos.ticket.renew.window.factor = 0.8
	sasl.login.callback.handler.class = null
	sasl.login.class = null
	sasl.login.connect.timeout.ms = null
	sasl.login.read.timeout.ms = null
	sasl.login.refresh.buffer.seconds = 300
	sasl.login.refresh.min.period.seconds = 60
	sasl.login.refresh.window.factor = 0.8
	sasl.login.refresh.window.jitter = 0.05
	sasl.login.retry.backoff.max.ms = 10000
	sasl.login.retry.backoff.ms = 100
	sasl.mechanism = GSSAPI
	sasl.oauthbearer.clock.skew.seconds = 30
	sasl.oauthbearer.expected.audience = null
	sasl.oauthbearer.expected.issuer = null
	sasl.oauthbearer.header.urlencode = false
	sasl.oauthbearer.jwks.endpoint.refresh.ms = 3600000
	sasl.oauthbearer.jwks.endpoint.retry.backoff.max.ms = 10000
	sasl.oauthbearer.jwks.endpoint.retry.backoff.ms = 100
	sasl.oauthbearer.jwks.endpoint.url = null
	sasl.oauthbearer.scope.claim.name = scope
	sasl.oauthbearer.sub.claim.name = sub
	sasl.oauthbearer.token.endpoint.url = null
	security.protocol = PLAINTEXT
	security.providers = null
	send.buffer.bytes = 131072
	socket.connection.setup.timeout.max.ms = 30000
	socket.connection.setup.timeout.ms = 10000
	ssl.cipher.suites = null
	ssl.enabled.protocols = [TLSv1.2, TLSv1.3]
	ssl.endpoint.identification.algorithm = https
	ssl.engine.factory.class = null
	ssl.key.password = null
	ssl.keymanager.algorithm = SunX509
	ssl.keystore.certificate.chain = null
	ssl.keystore.key = null
	ssl.keystore.location = null
	ssl.keystore.password = null
	ssl.keystore.type = JKS
	ssl.protocol = TLSv1.3
	ssl.provider = null
	ssl.secure.random.implementation = null
	ssl.trustmanager.algorithm = PKIX
	ssl.truststore.certificates = null
	ssl.truststore.location = null
	ssl.truststore.password = null
	ssl.truststore.type = JKS
	transaction.timeout.ms = 60000
	transactional.id = null
	value.serializer = class io.apicurio.registry.serde.avro.AvroKafkaSerializer

2025-08-12 17:28:27,550 INFO  [org.apa.kaf.com.tel.int.KafkaMetricsCollector] (main) initializing Kafka metrics collector
2025-08-12 17:28:27,553 INFO  [org.apa.kaf.cli.pro.KafkaProducer] (main) [Producer clientId=Producer-topic-ec4d6195_7d4d_47e8_b8a9_43e97643bc58] Instantiated an idempotent producer.
2025-08-12 17:28:27,555 INFO  [org.apa.kaf.cli.pro.ProducerConfig] (main) These configurations '[apicurio.registry.url, apicurio.registry.artifact-resolver-strategy]' were supplied but are not used yet.
2025-08-12 17:28:27,555 INFO  [org.apa.kaf.com.uti.AppInfoParser] (main) Kafka version: 3.9.1
2025-08-12 17:28:27,555 INFO  [org.apa.kaf.com.uti.AppInfoParser] (main) Kafka commitId: f745dfdcee2b9851
2025-08-12 17:28:27,555 INFO  [org.apa.kaf.com.uti.AppInfoParser] (main) Kafka startTimeMs: 1755019707555
2025-08-12 17:28:27,555 INFO  [io.api.tes.ser.api.KafkaSerdesTester] (Thread-676) Sending message {"key11755019701628": "value-0", "key21755019706461": "value-0"} to topic topic-ec4d6195_7d4d_47e8_b8a9_43e97643bc58
2025-08-12 17:28:27,561 INFO  [org.apa.kaf.cli.Metadata] (kafka-producer-network-thread | Producer-topic-ec4d6195_7d4d_47e8_b8a9_43e97643bc58) [Producer clientId=Producer-topic-ec4d6195_7d4d_47e8_b8a9_43e97643bc58] Cluster ID: Fm7ZMVgORveP7Vf0og8MFw
2025-08-12 17:28:27,561 INFO  [org.apa.kaf.cli.pro.int.TransactionManager] (kafka-producer-network-thread | Producer-topic-ec4d6195_7d4d_47e8_b8a9_43e97643bc58) [Producer clientId=Producer-topic-ec4d6195_7d4d_47e8_b8a9_43e97643bc58] ProducerId set to 13 with epoch 0
2025-08-12 17:28:27,561 INFO  [DefaultSchemaResolver] (Thread-676) Retrieving schema content using string: {"type":"record","name":"sf15ffdf0x30e0x4aa5xa6fexb644a6623b29","namespace":"ns_2e61bfae_bcb6_4ec8_abd0_733cae1eaeef","fields":[{"name":"key11755019701628","type":"string"},{"name":"key21755019706461","type":"string"}]}
2025-08-12 17:28:27,617 INFO  [io.api.tes.ser.api.KafkaSerdesTester] (Thread-676) Sending message {"key11755019701628": "value-1", "key21755019706461": "value-1"} to topic topic-ec4d6195_7d4d_47e8_b8a9_43e97643bc58
2025-08-12 17:28:27,619 INFO  [io.api.tes.ser.api.KafkaSerdesTester] (Thread-676) Sending message {"key11755019701628": "value-2", "key21755019706461": "value-2"} to topic topic-ec4d6195_7d4d_47e8_b8a9_43e97643bc58
2025-08-12 17:28:27,620 INFO  [io.api.tes.ser.api.KafkaSerdesTester] (Thread-676) Sending message {"key11755019701628": "value-3", "key21755019706461": "value-3"} to topic topic-ec4d6195_7d4d_47e8_b8a9_43e97643bc58
2025-08-12 17:28:27,621 INFO  [io.api.tes.ser.api.KafkaSerdesTester] (Thread-676) Sending message {"key11755019701628": "value-4", "key21755019706461": "value-4"} to topic topic-ec4d6195_7d4d_47e8_b8a9_43e97643bc58
2025-08-12 17:28:27,623 INFO  [io.api.tes.ser.api.KafkaSerdesTester] (Thread-676) Sending message {"key11755019701628": "value-5", "key21755019706461": "value-5"} to topic topic-ec4d6195_7d4d_47e8_b8a9_43e97643bc58
2025-08-12 17:28:27,624 INFO  [io.api.tes.ser.api.KafkaSerdesTester] (Thread-676) Sending message {"key11755019701628": "value-6", "key21755019706461": "value-6"} to topic topic-ec4d6195_7d4d_47e8_b8a9_43e97643bc58
2025-08-12 17:28:27,627 INFO  [io.api.tes.ser.api.KafkaSerdesTester] (Thread-676) Sending message {"key11755019701628": "value-7", "key21755019706461": "value-7"} to topic topic-ec4d6195_7d4d_47e8_b8a9_43e97643bc58
2025-08-12 17:28:27,629 INFO  [io.api.tes.ser.api.KafkaSerdesTester] (Thread-676) Sending message {"key11755019701628": "value-8", "key21755019706461": "value-8"} to topic topic-ec4d6195_7d4d_47e8_b8a9_43e97643bc58
2025-08-12 17:28:27,632 INFO  [io.api.tes.ser.api.KafkaSerdesTester] (Thread-676) Sending message {"key11755019701628": "value-9", "key21755019706461": "value-9"} to topic topic-ec4d6195_7d4d_47e8_b8a9_43e97643bc58
2025-08-12 17:28:27,634 INFO  [io.api.tes.ser.api.KafkaSerdesTester] (Thread-676) Produced 10 messages
2025-08-12 17:28:27,634 INFO  [org.apa.kaf.cli.pro.KafkaProducer] (Thread-676) [Producer clientId=Producer-topic-ec4d6195_7d4d_47e8_b8a9_43e97643bc58] Closing the Kafka producer with timeoutMillis = 9223372036854775807 ms.
2025-08-12 17:28:27,637 INFO  [org.apa.kaf.com.met.Metrics] (Thread-676) Metrics scheduler closed
2025-08-12 17:28:27,637 INFO  [org.apa.kaf.com.met.Metrics] (Thread-676) Closing reporter org.apache.kafka.common.metrics.JmxReporter
2025-08-12 17:28:27,637 INFO  [org.apa.kaf.com.met.Metrics] (Thread-676) Closing reporter org.apache.kafka.common.telemetry.internals.ClientTelemetryReporter
2025-08-12 17:28:27,637 INFO  [org.apa.kaf.com.met.Metrics] (Thread-676) Metrics reporters closed
2025-08-12 17:28:27,637 INFO  [org.apa.kaf.com.uti.AppInfoParser] (Thread-676) App info kafka.producer for Producer-topic-ec4d6195_7d4d_47e8_b8a9_43e97643bc58 unregistered
**** Registry Base URL: http://registry-app-ksql043.apps.ci419.apicurio-testing.org:80
2025-08-12 17:28:27,638 INFO  [org.apa.kaf.cli.pro.ProducerConfig] (main) ProducerConfig values: 
	acks = -1
	auto.include.jmx.reporter = true
	batch.size = 16384
	bootstrap.servers = [PLAINTEXT://localhost:32769]
	buffer.memory = 33554432
	client.dns.lookup = use_all_dns_ips
	client.id = Producer-topic-ec4d6195_7d4d_47e8_b8a9_43e97643bc58
	compression.gzip.level = -1
	compression.lz4.level = 9
	compression.type = none
	compression.zstd.level = 3
	connections.max.idle.ms = 10000
	delivery.timeout.ms = 120000
	enable.idempotence = true
	enable.metrics.push = true
	interceptor.classes = []
	key.serializer = class org.apache.kafka.common.serialization.StringSerializer
	linger.ms = 0
	max.block.ms = 60000
	max.in.flight.requests.per.connection = 5
	max.request.size = 1048576
	metadata.max.age.ms = 300000
	metadata.max.idle.ms = 300000
	metadata.recovery.strategy = none
	metric.reporters = []
	metrics.num.samples = 2
	metrics.recording.level = INFO
	metrics.sample.window.ms = 30000
	partitioner.adaptive.partitioning.enable = true
	partitioner.availability.timeout.ms = 0
	partitioner.class = null
	partitioner.ignore.keys = false
	receive.buffer.bytes = 32768
	reconnect.backoff.max.ms = 1000
	reconnect.backoff.ms = 50
	request.timeout.ms = 5000
	retries = 2147483647
	retry.backoff.max.ms = 1000
	retry.backoff.ms = 100
	sasl.client.callback.handler.class = null
	sasl.jaas.config = null
	sasl.kerberos.kinit.cmd = /usr/bin/kinit
	sasl.kerberos.min.time.before.relogin = 60000
	sasl.kerberos.service.name = null
	sasl.kerberos.ticket.renew.jitter = 0.05
	sasl.kerberos.ticket.renew.window.factor = 0.8
	sasl.login.callback.handler.class = null
	sasl.login.class = null
	sasl.login.connect.timeout.ms = null
	sasl.login.read.timeout.ms = null
	sasl.login.refresh.buffer.seconds = 300
	sasl.login.refresh.min.period.seconds = 60
	sasl.login.refresh.window.factor = 0.8
	sasl.login.refresh.window.jitter = 0.05
	sasl.login.retry.backoff.max.ms = 10000
	sasl.login.retry.backoff.ms = 100
	sasl.mechanism = GSSAPI
	sasl.oauthbearer.clock.skew.seconds = 30
	sasl.oauthbearer.expected.audience = null
	sasl.oauthbearer.expected.issuer = null
	sasl.oauthbearer.header.urlencode = false
	sasl.oauthbearer.jwks.endpoint.refresh.ms = 3600000
	sasl.oauthbearer.jwks.endpoint.retry.backoff.max.ms = 10000
	sasl.oauthbearer.jwks.endpoint.retry.backoff.ms = 100
	sasl.oauthbearer.jwks.endpoint.url = null
	sasl.oauthbearer.scope.claim.name = scope
	sasl.oauthbearer.sub.claim.name = sub
	sasl.oauthbearer.token.endpoint.url = null
	security.protocol = PLAINTEXT
	security.providers = null
	send.buffer.bytes = 131072
	socket.connection.setup.timeout.max.ms = 30000
	socket.connection.setup.timeout.ms = 10000
	ssl.cipher.suites = null
	ssl.enabled.protocols = [TLSv1.2, TLSv1.3]
	ssl.endpoint.identification.algorithm = https
	ssl.engine.factory.class = null
	ssl.key.password = null
	ssl.keymanager.algorithm = SunX509
	ssl.keystore.certificate.chain = null
	ssl.keystore.key = null
	ssl.keystore.location = null
	ssl.keystore.password = null
	ssl.keystore.type = JKS
	ssl.protocol = TLSv1.3
	ssl.provider = null
	ssl.secure.random.implementation = null
	ssl.trustmanager.algorithm = PKIX
	ssl.truststore.certificates = null
	ssl.truststore.location = null
	ssl.truststore.password = null
	ssl.truststore.type = JKS
	transaction.timeout.ms = 60000
	transactional.id = null
	value.serializer = class io.apicurio.registry.serde.avro.AvroKafkaSerializer

2025-08-12 17:28:27,638 INFO  [org.apa.kaf.com.tel.int.KafkaMetricsCollector] (main) initializing Kafka metrics collector
2025-08-12 17:28:27,642 INFO  [org.apa.kaf.cli.pro.KafkaProducer] (main) [Producer clientId=Producer-topic-ec4d6195_7d4d_47e8_b8a9_43e97643bc58] Instantiated an idempotent producer.
2025-08-12 17:28:27,646 INFO  [org.apa.kaf.cli.pro.ProducerConfig] (main) These configurations '[apicurio.registry.url, apicurio.registry.artifact-resolver-strategy]' were supplied but are not used yet.
2025-08-12 17:28:27,646 INFO  [org.apa.kaf.com.uti.AppInfoParser] (main) Kafka version: 3.9.1
2025-08-12 17:28:27,646 INFO  [org.apa.kaf.com.uti.AppInfoParser] (main) Kafka commitId: f745dfdcee2b9851
2025-08-12 17:28:27,646 INFO  [org.apa.kaf.com.uti.AppInfoParser] (main) Kafka startTimeMs: 1755019707646
2025-08-12 17:28:27,648 INFO  [io.api.tes.ser.api.KafkaSerdesTester] (Thread-679) Sending message {"key11755019701628": "value-0"} to topic topic-ec4d6195_7d4d_47e8_b8a9_43e97643bc58
2025-08-12 17:28:27,652 INFO  [org.apa.kaf.cli.Metadata] (kafka-producer-network-thread | Producer-topic-ec4d6195_7d4d_47e8_b8a9_43e97643bc58) [Producer clientId=Producer-topic-ec4d6195_7d4d_47e8_b8a9_43e97643bc58] Cluster ID: Fm7ZMVgORveP7Vf0og8MFw
2025-08-12 17:28:27,652 INFO  [DefaultSchemaResolver] (Thread-679) Retrieving schema content using string: {"type":"record","name":"sf15ffdf0x30e0x4aa5xa6fexb644a6623b29","namespace":"ns_2e61bfae_bcb6_4ec8_abd0_733cae1eaeef","fields":[{"name":"key11755019701628","type":"string"}]}
2025-08-12 17:28:27,653 INFO  [org.apa.kaf.cli.pro.int.TransactionManager] (kafka-producer-network-thread | Producer-topic-ec4d6195_7d4d_47e8_b8a9_43e97643bc58) [Producer clientId=Producer-topic-ec4d6195_7d4d_47e8_b8a9_43e97643bc58] ProducerId set to 14 with epoch 0
2025-08-12 17:28:27,710 INFO  [io.api.tes.ser.api.KafkaSerdesTester] (Thread-679) Sending message {"key11755019701628": "value-1"} to topic topic-ec4d6195_7d4d_47e8_b8a9_43e97643bc58
2025-08-12 17:28:27,711 INFO  [io.api.tes.ser.api.KafkaSerdesTester] (Thread-679) Sending message {"key11755019701628": "value-2"} to topic topic-ec4d6195_7d4d_47e8_b8a9_43e97643bc58
2025-08-12 17:28:27,712 INFO  [io.api.tes.ser.api.KafkaSerdesTester] (Thread-679) Sending message {"key11755019701628": "value-3"} to topic topic-ec4d6195_7d4d_47e8_b8a9_43e97643bc58
2025-08-12 17:28:27,714 INFO  [io.api.tes.ser.api.KafkaSerdesTester] (Thread-679) Sending message {"key11755019701628": "value-4"} to topic topic-ec4d6195_7d4d_47e8_b8a9_43e97643bc58
2025-08-12 17:28:27,716 INFO  [io.api.tes.ser.api.KafkaSerdesTester] (Thread-679) Sending message {"key11755019701628": "value-5"} to topic topic-ec4d6195_7d4d_47e8_b8a9_43e97643bc58
2025-08-12 17:28:27,717 INFO  [io.api.tes.ser.api.KafkaSerdesTester] (Thread-679) Sending message {"key11755019701628": "value-6"} to topic topic-ec4d6195_7d4d_47e8_b8a9_43e97643bc58
2025-08-12 17:28:27,719 INFO  [io.api.tes.ser.api.KafkaSerdesTester] (Thread-679) Sending message {"key11755019701628": "value-7"} to topic topic-ec4d6195_7d4d_47e8_b8a9_43e97643bc58
2025-08-12 17:28:27,721 INFO  [io.api.tes.ser.api.KafkaSerdesTester] (Thread-679) Sending message {"key11755019701628": "value-8"} to topic topic-ec4d6195_7d4d_47e8_b8a9_43e97643bc58
2025-08-12 17:28:27,723 INFO  [io.api.tes.ser.api.KafkaSerdesTester] (Thread-679) Sending message {"key11755019701628": "value-9"} to topic topic-ec4d6195_7d4d_47e8_b8a9_43e97643bc58
2025-08-12 17:28:27,726 INFO  [io.api.tes.ser.api.KafkaSerdesTester] (Thread-679) Produced 10 messages
2025-08-12 17:28:27,726 INFO  [org.apa.kaf.cli.pro.KafkaProducer] (Thread-679) [Producer clientId=Producer-topic-ec4d6195_7d4d_47e8_b8a9_43e97643bc58] Closing the Kafka producer with timeoutMillis = 9223372036854775807 ms.
2025-08-12 17:28:27,729 INFO  [org.apa.kaf.com.met.Metrics] (Thread-679) Metrics scheduler closed
2025-08-12 17:28:27,729 INFO  [org.apa.kaf.com.met.Metrics] (Thread-679) Closing reporter org.apache.kafka.common.metrics.JmxReporter
2025-08-12 17:28:27,729 INFO  [org.apa.kaf.com.met.Metrics] (Thread-679) Closing reporter org.apache.kafka.common.telemetry.internals.ClientTelemetryReporter
2025-08-12 17:28:27,729 INFO  [org.apa.kaf.com.met.Metrics] (Thread-679) Metrics reporters closed
2025-08-12 17:28:27,730 INFO  [org.apa.kaf.com.uti.AppInfoParser] (Thread-679) App info kafka.producer for Producer-topic-ec4d6195_7d4d_47e8_b8a9_43e97643bc58 unregistered
**** Registry Base URL: http://registry-app-ksql043.apps.ci419.apicurio-testing.org:80
2025-08-12 17:28:27,731 INFO  [org.apa.kaf.cli.con.ConsumerConfig] (main) ConsumerConfig values: 
	allow.auto.create.topics = true
	auto.commit.interval.ms = 500
	auto.include.jmx.reporter = true
	auto.offset.reset = earliest
	bootstrap.servers = [PLAINTEXT://localhost:32769]
	check.crcs = true
	client.dns.lookup = use_all_dns_ips
	client.id = consumer-Consumer-topic-ec4d6195_7d4d_47e8_b8a9_43e97643bc58-11
	client.rack = 
	connections.max.idle.ms = 10000
	default.api.timeout.ms = 60000
	enable.auto.commit = true
	enable.metrics.push = true
	exclude.internal.topics = true
	fetch.max.bytes = 52428800
	fetch.max.wait.ms = 500
	fetch.min.bytes = 1
	group.id = Consumer-topic-ec4d6195_7d4d_47e8_b8a9_43e97643bc58
	group.instance.id = null
	group.protocol = classic
	group.remote.assignor = null
	heartbeat.interval.ms = 3000
	interceptor.classes = []
	internal.leave.group.on.close = true
	internal.throw.on.fetch.stable.offset.unsupported = false
	isolation.level = read_uncommitted
	key.deserializer = class org.apache.kafka.common.serialization.StringDeserializer
	max.partition.fetch.bytes = 1048576
	max.poll.interval.ms = 300000
	max.poll.records = 500
	metadata.max.age.ms = 300000
	metadata.recovery.strategy = none
	metric.reporters = []
	metrics.num.samples = 2
	metrics.recording.level = INFO
	metrics.sample.window.ms = 30000
	partition.assignment.strategy = [class org.apache.kafka.clients.consumer.RangeAssignor, class org.apache.kafka.clients.consumer.CooperativeStickyAssignor]
	receive.buffer.bytes = 65536
	reconnect.backoff.max.ms = 1000
	reconnect.backoff.ms = 50
	request.timeout.ms = 5000
	retry.backoff.max.ms = 1000
	retry.backoff.ms = 100
	sasl.client.callback.handler.class = null
	sasl.jaas.config = null
	sasl.kerberos.kinit.cmd = /usr/bin/kinit
	sasl.kerberos.min.time.before.relogin = 60000
	sasl.kerberos.service.name = null
	sasl.kerberos.ticket.renew.jitter = 0.05
	sasl.kerberos.ticket.renew.window.factor = 0.8
	sasl.login.callback.handler.class = null
	sasl.login.class = null
	sasl.login.connect.timeout.ms = null
	sasl.login.read.timeout.ms = null
	sasl.login.refresh.buffer.seconds = 300
	sasl.login.refresh.min.period.seconds = 60
	sasl.login.refresh.window.factor = 0.8
	sasl.login.refresh.window.jitter = 0.05
	sasl.login.retry.backoff.max.ms = 10000
	sasl.login.retry.backoff.ms = 100
	sasl.mechanism = GSSAPI
	sasl.oauthbearer.clock.skew.seconds = 30
	sasl.oauthbearer.expected.audience = null
	sasl.oauthbearer.expected.issuer = null
	sasl.oauthbearer.header.urlencode = false
	sasl.oauthbearer.jwks.endpoint.refresh.ms = 3600000
	sasl.oauthbearer.jwks.endpoint.retry.backoff.max.ms = 10000
	sasl.oauthbearer.jwks.endpoint.retry.backoff.ms = 100
	sasl.oauthbearer.jwks.endpoint.url = null
	sasl.oauthbearer.scope.claim.name = scope
	sasl.oauthbearer.sub.claim.name = sub
	sasl.oauthbearer.token.endpoint.url = null
	security.protocol = PLAINTEXT
	security.providers = null
	send.buffer.bytes = 131072
	session.timeout.ms = 45000
	socket.connection.setup.timeout.max.ms = 30000
	socket.connection.setup.timeout.ms = 10000
	ssl.cipher.suites = null
	ssl.enabled.protocols = [TLSv1.2, TLSv1.3]
	ssl.endpoint.identification.algorithm = https
	ssl.engine.factory.class = null
	ssl.key.password = null
	ssl.keymanager.algorithm = SunX509
	ssl.keystore.certificate.chain = null
	ssl.keystore.key = null
	ssl.keystore.location = null
	ssl.keystore.password = null
	ssl.keystore.type = JKS
	ssl.protocol = TLSv1.3
	ssl.provider = null
	ssl.secure.random.implementation = null
	ssl.trustmanager.algorithm = PKIX
	ssl.truststore.certificates = null
	ssl.truststore.location = null
	ssl.truststore.password = null
	ssl.truststore.type = JKS
	value.deserializer = class io.apicurio.registry.serde.avro.AvroKafkaDeserializer

2025-08-12 17:28:27,731 INFO  [org.apa.kaf.com.tel.int.KafkaMetricsCollector] (main) initializing Kafka metrics collector
2025-08-12 17:28:27,745 INFO  [org.apa.kaf.cli.con.ConsumerConfig] (main) These configurations '[apicurio.registry.url]' were supplied but are not used yet.
2025-08-12 17:28:27,745 INFO  [org.apa.kaf.com.uti.AppInfoParser] (main) Kafka version: 3.9.1
2025-08-12 17:28:27,745 INFO  [org.apa.kaf.com.uti.AppInfoParser] (main) Kafka commitId: f745dfdcee2b9851
2025-08-12 17:28:27,745 INFO  [org.apa.kaf.com.uti.AppInfoParser] (main) Kafka startTimeMs: 1755019707745
2025-08-12 17:28:27,746 INFO  [org.apa.kaf.cli.con.int.ClassicKafkaConsumer] (Thread-682) [Consumer clientId=consumer-Consumer-topic-ec4d6195_7d4d_47e8_b8a9_43e97643bc58-11, groupId=Consumer-topic-ec4d6195_7d4d_47e8_b8a9_43e97643bc58] Subscribed to topic(s): topic-ec4d6195_7d4d_47e8_b8a9_43e97643bc58
2025-08-12 17:28:27,751 INFO  [org.apa.kaf.cli.Metadata] (Thread-682) [Consumer clientId=consumer-Consumer-topic-ec4d6195_7d4d_47e8_b8a9_43e97643bc58-11, groupId=Consumer-topic-ec4d6195_7d4d_47e8_b8a9_43e97643bc58] Cluster ID: Fm7ZMVgORveP7Vf0og8MFw
2025-08-12 17:28:27,752 INFO  [org.apa.kaf.cli.con.int.ConsumerCoordinator] (Thread-682) [Consumer clientId=consumer-Consumer-topic-ec4d6195_7d4d_47e8_b8a9_43e97643bc58-11, groupId=Consumer-topic-ec4d6195_7d4d_47e8_b8a9_43e97643bc58] Discovered group coordinator localhost:32769 (id: 2147483647 rack: null)
2025-08-12 17:28:27,754 INFO  [org.apa.kaf.cli.con.int.ConsumerCoordinator] (Thread-682) [Consumer clientId=consumer-Consumer-topic-ec4d6195_7d4d_47e8_b8a9_43e97643bc58-11, groupId=Consumer-topic-ec4d6195_7d4d_47e8_b8a9_43e97643bc58] (Re-)joining group
2025-08-12 17:28:27,756 INFO  [org.apa.kaf.cli.con.int.ConsumerCoordinator] (Thread-682) [Consumer clientId=consumer-Consumer-topic-ec4d6195_7d4d_47e8_b8a9_43e97643bc58-11, groupId=Consumer-topic-ec4d6195_7d4d_47e8_b8a9_43e97643bc58] Request joining group due to: need to re-join with the given member-id: consumer-Consumer-topic-ec4d6195_7d4d_47e8_b8a9_43e97643bc58-11-0f17916d-0497-4746-9368-e93bf34118cd
2025-08-12 17:28:27,756 INFO  [org.apa.kaf.cli.con.int.ConsumerCoordinator] (Thread-682) [Consumer clientId=consumer-Consumer-topic-ec4d6195_7d4d_47e8_b8a9_43e97643bc58-11, groupId=Consumer-topic-ec4d6195_7d4d_47e8_b8a9_43e97643bc58] (Re-)joining group
2025-08-12 17:28:28,746 INFO  [io.api.tes.ser.api.KafkaSerdesTester] (Thread-682) None found
2025-08-12 17:28:29,748 INFO  [io.api.tes.ser.api.KafkaSerdesTester] (Thread-682) None found
2025-08-12 17:28:30,748 INFO  [io.api.tes.ser.api.KafkaSerdesTester] (Thread-682) None found
2025-08-12 17:28:30,758 INFO  [org.apa.kaf.cli.con.int.ConsumerCoordinator] (Thread-682) [Consumer clientId=consumer-Consumer-topic-ec4d6195_7d4d_47e8_b8a9_43e97643bc58-11, groupId=Consumer-topic-ec4d6195_7d4d_47e8_b8a9_43e97643bc58] Successfully joined group with generation Generation{generationId=3, memberId='consumer-Consumer-topic-ec4d6195_7d4d_47e8_b8a9_43e97643bc58-11-0f17916d-0497-4746-9368-e93bf34118cd', protocol='range'}
2025-08-12 17:28:30,758 INFO  [org.apa.kaf.cli.con.int.ConsumerCoordinator] (Thread-682) [Consumer clientId=consumer-Consumer-topic-ec4d6195_7d4d_47e8_b8a9_43e97643bc58-11, groupId=Consumer-topic-ec4d6195_7d4d_47e8_b8a9_43e97643bc58] Finished assignment for group at generation 3: {consumer-Consumer-topic-ec4d6195_7d4d_47e8_b8a9_43e97643bc58-11-0f17916d-0497-4746-9368-e93bf34118cd=Assignment(partitions=[topic-ec4d6195_7d4d_47e8_b8a9_43e97643bc58-0])}
2025-08-12 17:28:30,765 INFO  [org.apa.kaf.cli.con.int.ConsumerCoordinator] (Thread-682) [Consumer clientId=consumer-Consumer-topic-ec4d6195_7d4d_47e8_b8a9_43e97643bc58-11, groupId=Consumer-topic-ec4d6195_7d4d_47e8_b8a9_43e97643bc58] Successfully synced group in generation Generation{generationId=3, memberId='consumer-Consumer-topic-ec4d6195_7d4d_47e8_b8a9_43e97643bc58-11-0f17916d-0497-4746-9368-e93bf34118cd', protocol='range'}
2025-08-12 17:28:30,765 INFO  [org.apa.kaf.cli.con.int.ConsumerCoordinator] (Thread-682) [Consumer clientId=consumer-Consumer-topic-ec4d6195_7d4d_47e8_b8a9_43e97643bc58-11, groupId=Consumer-topic-ec4d6195_7d4d_47e8_b8a9_43e97643bc58] Notifying assignor about the new Assignment(partitions=[topic-ec4d6195_7d4d_47e8_b8a9_43e97643bc58-0])
2025-08-12 17:28:30,765 INFO  [org.apa.kaf.cli.con.int.ConsumerRebalanceListenerInvoker] (Thread-682) [Consumer clientId=consumer-Consumer-topic-ec4d6195_7d4d_47e8_b8a9_43e97643bc58-11, groupId=Consumer-topic-ec4d6195_7d4d_47e8_b8a9_43e97643bc58] Adding newly assigned partitions: topic-ec4d6195_7d4d_47e8_b8a9_43e97643bc58-0
2025-08-12 17:28:30,767 INFO  [org.apa.kaf.cli.con.int.ConsumerUtils] (Thread-682) Setting offset for partition topic-ec4d6195_7d4d_47e8_b8a9_43e97643bc58-0 to the committed offset FetchPosition{offset=10, offsetEpoch=Optional[0], currentLeader=LeaderAndEpoch{leader=Optional[localhost:32769 (id: 0 rack: null)], epoch=0}}
2025-08-12 17:28:30,913 INFO  [io.api.tes.ser.api.KafkaSerdesTester] (Thread-682) topic-ec4d6195_7d4d_47e8_b8a9_43e97643bc58 0 10 {"key11755019701628": "value-0", "key21755019706461": "value-0"}
2025-08-12 17:28:30,913 INFO  [io.api.tes.ser.api.KafkaSerdesTester] (Thread-682) topic-ec4d6195_7d4d_47e8_b8a9_43e97643bc58 0 11 {"key11755019701628": "value-1", "key21755019706461": "value-1"}
2025-08-12 17:28:30,913 INFO  [io.api.tes.ser.api.KafkaSerdesTester] (Thread-682) topic-ec4d6195_7d4d_47e8_b8a9_43e97643bc58 0 12 {"key11755019701628": "value-2", "key21755019706461": "value-2"}
2025-08-12 17:28:30,913 INFO  [io.api.tes.ser.api.KafkaSerdesTester] (Thread-682) topic-ec4d6195_7d4d_47e8_b8a9_43e97643bc58 0 13 {"key11755019701628": "value-3", "key21755019706461": "value-3"}
2025-08-12 17:28:30,913 INFO  [io.api.tes.ser.api.KafkaSerdesTester] (Thread-682) topic-ec4d6195_7d4d_47e8_b8a9_43e97643bc58 0 14 {"key11755019701628": "value-4", "key21755019706461": "value-4"}
2025-08-12 17:28:30,913 INFO  [io.api.tes.ser.api.KafkaSerdesTester] (Thread-682) topic-ec4d6195_7d4d_47e8_b8a9_43e97643bc58 0 15 {"key11755019701628": "value-5", "key21755019706461": "value-5"}
2025-08-12 17:28:30,913 INFO  [io.api.tes.ser.api.KafkaSerdesTester] (Thread-682) topic-ec4d6195_7d4d_47e8_b8a9_43e97643bc58 0 16 {"key11755019701628": "value-6", "key21755019706461": "value-6"}
2025-08-12 17:28:30,913 INFO  [io.api.tes.ser.api.KafkaSerdesTester] (Thread-682) topic-ec4d6195_7d4d_47e8_b8a9_43e97643bc58 0 17 {"key11755019701628": "value-7", "key21755019706461": "value-7"}
2025-08-12 17:28:30,913 INFO  [io.api.tes.ser.api.KafkaSerdesTester] (Thread-682) topic-ec4d6195_7d4d_47e8_b8a9_43e97643bc58 0 18 {"key11755019701628": "value-8", "key21755019706461": "value-8"}
2025-08-12 17:28:30,913 INFO  [io.api.tes.ser.api.KafkaSerdesTester] (Thread-682) topic-ec4d6195_7d4d_47e8_b8a9_43e97643bc58 0 19 {"key11755019701628": "value-9", "key21755019706461": "value-9"}
2025-08-12 17:28:30,914 INFO  [io.api.tes.ser.api.KafkaSerdesTester] (Thread-682) topic-ec4d6195_7d4d_47e8_b8a9_43e97643bc58 0 20 {"key11755019701628": "value-0"}
2025-08-12 17:28:30,914 INFO  [io.api.tes.ser.api.KafkaSerdesTester] (Thread-682) topic-ec4d6195_7d4d_47e8_b8a9_43e97643bc58 0 21 {"key11755019701628": "value-1"}
2025-08-12 17:28:30,914 INFO  [io.api.tes.ser.api.KafkaSerdesTester] (Thread-682) topic-ec4d6195_7d4d_47e8_b8a9_43e97643bc58 0 22 {"key11755019701628": "value-2"}
2025-08-12 17:28:30,914 INFO  [io.api.tes.ser.api.KafkaSerdesTester] (Thread-682) topic-ec4d6195_7d4d_47e8_b8a9_43e97643bc58 0 23 {"key11755019701628": "value-3"}
2025-08-12 17:28:30,914 INFO  [io.api.tes.ser.api.KafkaSerdesTester] (Thread-682) topic-ec4d6195_7d4d_47e8_b8a9_43e97643bc58 0 24 {"key11755019701628": "value-4"}
2025-08-12 17:28:30,914 INFO  [io.api.tes.ser.api.KafkaSerdesTester] (Thread-682) topic-ec4d6195_7d4d_47e8_b8a9_43e97643bc58 0 25 {"key11755019701628": "value-5"}
2025-08-12 17:28:30,914 INFO  [io.api.tes.ser.api.KafkaSerdesTester] (Thread-682) topic-ec4d6195_7d4d_47e8_b8a9_43e97643bc58 0 26 {"key11755019701628": "value-6"}
2025-08-12 17:28:30,914 INFO  [io.api.tes.ser.api.KafkaSerdesTester] (Thread-682) topic-ec4d6195_7d4d_47e8_b8a9_43e97643bc58 0 27 {"key11755019701628": "value-7"}
2025-08-12 17:28:30,914 INFO  [io.api.tes.ser.api.KafkaSerdesTester] (Thread-682) topic-ec4d6195_7d4d_47e8_b8a9_43e97643bc58 0 28 {"key11755019701628": "value-8"}
2025-08-12 17:28:30,914 INFO  [io.api.tes.ser.api.KafkaSerdesTester] (Thread-682) topic-ec4d6195_7d4d_47e8_b8a9_43e97643bc58 0 29 {"key11755019701628": "value-9"}
2025-08-12 17:28:30,914 INFO  [io.api.tes.ser.api.KafkaSerdesTester] (Thread-682) Consumed 20 messages
2025-08-12 17:28:30,921 INFO  [org.apa.kaf.cli.con.int.ConsumerRebalanceListenerInvoker] (Thread-682) [Consumer clientId=consumer-Consumer-topic-ec4d6195_7d4d_47e8_b8a9_43e97643bc58-11, groupId=Consumer-topic-ec4d6195_7d4d_47e8_b8a9_43e97643bc58] Revoke previously assigned partitions topic-ec4d6195_7d4d_47e8_b8a9_43e97643bc58-0
2025-08-12 17:28:30,921 INFO  [org.apa.kaf.cli.con.int.ConsumerCoordinator] (Thread-682) [Consumer clientId=consumer-Consumer-topic-ec4d6195_7d4d_47e8_b8a9_43e97643bc58-11, groupId=Consumer-topic-ec4d6195_7d4d_47e8_b8a9_43e97643bc58] Member consumer-Consumer-topic-ec4d6195_7d4d_47e8_b8a9_43e97643bc58-11-0f17916d-0497-4746-9368-e93bf34118cd sending LeaveGroup request to coordinator localhost:32769 (id: 2147483647 rack: null) due to the consumer is being closed
2025-08-12 17:28:30,922 INFO  [org.apa.kaf.cli.con.int.ConsumerCoordinator] (Thread-682) [Consumer clientId=consumer-Consumer-topic-ec4d6195_7d4d_47e8_b8a9_43e97643bc58-11, groupId=Consumer-topic-ec4d6195_7d4d_47e8_b8a9_43e97643bc58] Resetting generation and member id due to: consumer pro-actively leaving the group
2025-08-12 17:28:30,922 INFO  [org.apa.kaf.cli.con.int.ConsumerCoordinator] (Thread-682) [Consumer clientId=consumer-Consumer-topic-ec4d6195_7d4d_47e8_b8a9_43e97643bc58-11, groupId=Consumer-topic-ec4d6195_7d4d_47e8_b8a9_43e97643bc58] Request joining group due to: consumer pro-actively leaving the group
2025-08-12 17:28:31,416 INFO  [org.apa.kaf.com.met.Metrics] (Thread-682) Metrics scheduler closed
2025-08-12 17:28:31,417 INFO  [org.apa.kaf.com.met.Metrics] (Thread-682) Closing reporter org.apache.kafka.common.metrics.JmxReporter
2025-08-12 17:28:31,417 INFO  [org.apa.kaf.com.met.Metrics] (Thread-682) Closing reporter org.apache.kafka.common.telemetry.internals.ClientTelemetryReporter
2025-08-12 17:28:31,417 INFO  [org.apa.kaf.com.met.Metrics] (Thread-682) Metrics reporters closed
2025-08-12 17:28:31,419 INFO  [org.apa.kaf.com.uti.AppInfoParser] (Thread-682) App info kafka.consumer for consumer-Consumer-topic-ec4d6195_7d4d_47e8_b8a9_43e97643bc58-11 unregistered
2025-08-12 17:28:31,420 INFO  [io.api.tes.ser.api.AvroSerdeIT] (main) Registering Avro Schema 3: {"type":"record","name":"sf15ffdf0x30e0x4aa5xa6fexb644a6623b29","namespace":"ns_2e61bfae_bcb6_4ec8_abd0_733cae1eaeef","fields":[{"name":"key11755019701628","type":"string"},{"name":"key21755019706461","type":"string"},{"name":"key31755019711419","type":"string"}]}
**** Registry Base URL: http://registry-app-ksql043.apps.ci419.apicurio-testing.org:80
2025-08-12 17:28:32,506 INFO  [org.apa.kaf.cli.pro.ProducerConfig] (main) ProducerConfig values: 
	acks = -1
	auto.include.jmx.reporter = true
	batch.size = 16384
	bootstrap.servers = [PLAINTEXT://localhost:32769]
	buffer.memory = 33554432
	client.dns.lookup = use_all_dns_ips
	client.id = Producer-topic-ec4d6195_7d4d_47e8_b8a9_43e97643bc58
	compression.gzip.level = -1
	compression.lz4.level = 9
	compression.type = none
	compression.zstd.level = 3
	connections.max.idle.ms = 10000
	delivery.timeout.ms = 120000
	enable.idempotence = true
	enable.metrics.push = true
	interceptor.classes = []
	key.serializer = class org.apache.kafka.common.serialization.StringSerializer
	linger.ms = 0
	max.block.ms = 60000
	max.in.flight.requests.per.connection = 5
	max.request.size = 1048576
	metadata.max.age.ms = 300000
	metadata.max.idle.ms = 300000
	metadata.recovery.strategy = none
	metric.reporters = []
	metrics.num.samples = 2
	metrics.recording.level = INFO
	metrics.sample.window.ms = 30000
	partitioner.adaptive.partitioning.enable = true
	partitioner.availability.timeout.ms = 0
	partitioner.class = null
	partitioner.ignore.keys = false
	receive.buffer.bytes = 32768
	reconnect.backoff.max.ms = 1000
	reconnect.backoff.ms = 50
	request.timeout.ms = 5000
	retries = 2147483647
	retry.backoff.max.ms = 1000
	retry.backoff.ms = 100
	sasl.client.callback.handler.class = null
	sasl.jaas.config = null
	sasl.kerberos.kinit.cmd = /usr/bin/kinit
	sasl.kerberos.min.time.before.relogin = 60000
	sasl.kerberos.service.name = null
	sasl.kerberos.ticket.renew.jitter = 0.05
	sasl.kerberos.ticket.renew.window.factor = 0.8
	sasl.login.callback.handler.class = null
	sasl.login.class = null
	sasl.login.connect.timeout.ms = null
	sasl.login.read.timeout.ms = null
	sasl.login.refresh.buffer.seconds = 300
	sasl.login.refresh.min.period.seconds = 60
	sasl.login.refresh.window.factor = 0.8
	sasl.login.refresh.window.jitter = 0.05
	sasl.login.retry.backoff.max.ms = 10000
	sasl.login.retry.backoff.ms = 100
	sasl.mechanism = GSSAPI
	sasl.oauthbearer.clock.skew.seconds = 30
	sasl.oauthbearer.expected.audience = null
	sasl.oauthbearer.expected.issuer = null
	sasl.oauthbearer.header.urlencode = false
	sasl.oauthbearer.jwks.endpoint.refresh.ms = 3600000
	sasl.oauthbearer.jwks.endpoint.retry.backoff.max.ms = 10000
	sasl.oauthbearer.jwks.endpoint.retry.backoff.ms = 100
	sasl.oauthbearer.jwks.endpoint.url = null
	sasl.oauthbearer.scope.claim.name = scope
	sasl.oauthbearer.sub.claim.name = sub
	sasl.oauthbearer.token.endpoint.url = null
	security.protocol = PLAINTEXT
	security.providers = null
	send.buffer.bytes = 131072
	socket.connection.setup.timeout.max.ms = 30000
	socket.connection.setup.timeout.ms = 10000
	ssl.cipher.suites = null
	ssl.enabled.protocols = [TLSv1.2, TLSv1.3]
	ssl.endpoint.identification.algorithm = https
	ssl.engine.factory.class = null
	ssl.key.password = null
	ssl.keymanager.algorithm = SunX509
	ssl.keystore.certificate.chain = null
	ssl.keystore.key = null
	ssl.keystore.location = null
	ssl.keystore.password = null
	ssl.keystore.type = JKS
	ssl.protocol = TLSv1.3
	ssl.provider = null
	ssl.secure.random.implementation = null
	ssl.trustmanager.algorithm = PKIX
	ssl.truststore.certificates = null
	ssl.truststore.location = null
	ssl.truststore.password = null
	ssl.truststore.type = JKS
	transaction.timeout.ms = 60000
	transactional.id = null
	value.serializer = class io.apicurio.registry.serde.avro.AvroKafkaSerializer

2025-08-12 17:28:32,506 INFO  [org.apa.kaf.com.tel.int.KafkaMetricsCollector] (main) initializing Kafka metrics collector
2025-08-12 17:28:32,510 INFO  [org.apa.kaf.cli.pro.KafkaProducer] (main) [Producer clientId=Producer-topic-ec4d6195_7d4d_47e8_b8a9_43e97643bc58] Instantiated an idempotent producer.
2025-08-12 17:28:32,512 INFO  [org.apa.kaf.cli.pro.ProducerConfig] (main) These configurations '[apicurio.registry.url, apicurio.registry.artifact-resolver-strategy]' were supplied but are not used yet.
2025-08-12 17:28:32,512 INFO  [org.apa.kaf.com.uti.AppInfoParser] (main) Kafka version: 3.9.1
2025-08-12 17:28:32,512 INFO  [org.apa.kaf.com.uti.AppInfoParser] (main) Kafka commitId: f745dfdcee2b9851
2025-08-12 17:28:32,512 INFO  [org.apa.kaf.com.uti.AppInfoParser] (main) Kafka startTimeMs: 1755019712512
2025-08-12 17:28:32,512 INFO  [io.api.tes.ser.api.KafkaSerdesTester] (Thread-685) Sending message {"key11755019701628": "value-0", "key21755019706461": "value-0", "key31755019711419": "value-0"} to topic topic-ec4d6195_7d4d_47e8_b8a9_43e97643bc58
2025-08-12 17:28:32,516 INFO  [org.apa.kaf.cli.Metadata] (kafka-producer-network-thread | Producer-topic-ec4d6195_7d4d_47e8_b8a9_43e97643bc58) [Producer clientId=Producer-topic-ec4d6195_7d4d_47e8_b8a9_43e97643bc58] Cluster ID: Fm7ZMVgORveP7Vf0og8MFw
2025-08-12 17:28:32,516 INFO  [org.apa.kaf.cli.pro.int.TransactionManager] (kafka-producer-network-thread | Producer-topic-ec4d6195_7d4d_47e8_b8a9_43e97643bc58) [Producer clientId=Producer-topic-ec4d6195_7d4d_47e8_b8a9_43e97643bc58] ProducerId set to 15 with epoch 0
2025-08-12 17:28:32,516 INFO  [DefaultSchemaResolver] (Thread-685) Retrieving schema content using string: {"type":"record","name":"sf15ffdf0x30e0x4aa5xa6fexb644a6623b29","namespace":"ns_2e61bfae_bcb6_4ec8_abd0_733cae1eaeef","fields":[{"name":"key11755019701628","type":"string"},{"name":"key21755019706461","type":"string"},{"name":"key31755019711419","type":"string"}]}
2025-08-12 17:28:32,574 INFO  [io.api.tes.ser.api.KafkaSerdesTester] (Thread-685) Sending message {"key11755019701628": "value-1", "key21755019706461": "value-1", "key31755019711419": "value-1"} to topic topic-ec4d6195_7d4d_47e8_b8a9_43e97643bc58
2025-08-12 17:28:32,575 INFO  [io.api.tes.ser.api.KafkaSerdesTester] (Thread-685) Sending message {"key11755019701628": "value-2", "key21755019706461": "value-2", "key31755019711419": "value-2"} to topic topic-ec4d6195_7d4d_47e8_b8a9_43e97643bc58
2025-08-12 17:28:32,577 INFO  [io.api.tes.ser.api.KafkaSerdesTester] (Thread-685) Sending message {"key11755019701628": "value-3", "key21755019706461": "value-3", "key31755019711419": "value-3"} to topic topic-ec4d6195_7d4d_47e8_b8a9_43e97643bc58
2025-08-12 17:28:32,579 INFO  [io.api.tes.ser.api.KafkaSerdesTester] (Thread-685) Sending message {"key11755019701628": "value-4", "key21755019706461": "value-4", "key31755019711419": "value-4"} to topic topic-ec4d6195_7d4d_47e8_b8a9_43e97643bc58
2025-08-12 17:28:32,581 INFO  [io.api.tes.ser.api.KafkaSerdesTester] (Thread-685) Sending message {"key11755019701628": "value-5", "key21755019706461": "value-5", "key31755019711419": "value-5"} to topic topic-ec4d6195_7d4d_47e8_b8a9_43e97643bc58
2025-08-12 17:28:32,585 INFO  [io.api.tes.ser.api.KafkaSerdesTester] (Thread-685) Sending message {"key11755019701628": "value-6", "key21755019706461": "value-6", "key31755019711419": "value-6"} to topic topic-ec4d6195_7d4d_47e8_b8a9_43e97643bc58
2025-08-12 17:28:32,587 INFO  [io.api.tes.ser.api.KafkaSerdesTester] (Thread-685) Sending message {"key11755019701628": "value-7", "key21755019706461": "value-7", "key31755019711419": "value-7"} to topic topic-ec4d6195_7d4d_47e8_b8a9_43e97643bc58
2025-08-12 17:28:32,600 INFO  [io.api.tes.ser.api.KafkaSerdesTester] (Thread-685) Sending message {"key11755019701628": "value-8", "key21755019706461": "value-8", "key31755019711419": "value-8"} to topic topic-ec4d6195_7d4d_47e8_b8a9_43e97643bc58
2025-08-12 17:28:32,602 INFO  [io.api.tes.ser.api.KafkaSerdesTester] (Thread-685) Sending message {"key11755019701628": "value-9", "key21755019706461": "value-9", "key31755019711419": "value-9"} to topic topic-ec4d6195_7d4d_47e8_b8a9_43e97643bc58
2025-08-12 17:28:32,608 INFO  [io.api.tes.ser.api.KafkaSerdesTester] (Thread-685) Produced 10 messages
2025-08-12 17:28:32,608 INFO  [org.apa.kaf.cli.pro.KafkaProducer] (Thread-685) [Producer clientId=Producer-topic-ec4d6195_7d4d_47e8_b8a9_43e97643bc58] Closing the Kafka producer with timeoutMillis = 9223372036854775807 ms.
2025-08-12 17:28:32,610 INFO  [org.apa.kaf.com.met.Metrics] (Thread-685) Metrics scheduler closed
2025-08-12 17:28:32,610 INFO  [org.apa.kaf.com.met.Metrics] (Thread-685) Closing reporter org.apache.kafka.common.metrics.JmxReporter
2025-08-12 17:28:32,610 INFO  [org.apa.kaf.com.met.Metrics] (Thread-685) Closing reporter org.apache.kafka.common.telemetry.internals.ClientTelemetryReporter
2025-08-12 17:28:32,610 INFO  [org.apa.kaf.com.met.Metrics] (Thread-685) Metrics reporters closed
2025-08-12 17:28:32,611 INFO  [org.apa.kaf.com.uti.AppInfoParser] (Thread-685) App info kafka.producer for Producer-topic-ec4d6195_7d4d_47e8_b8a9_43e97643bc58 unregistered
**** Registry Base URL: http://registry-app-ksql043.apps.ci419.apicurio-testing.org:80
2025-08-12 17:28:32,612 INFO  [org.apa.kaf.cli.pro.ProducerConfig] (main) ProducerConfig values: 
	acks = -1
	auto.include.jmx.reporter = true
	batch.size = 16384
	bootstrap.servers = [PLAINTEXT://localhost:32769]
	buffer.memory = 33554432
	client.dns.lookup = use_all_dns_ips
	client.id = Producer-topic-ec4d6195_7d4d_47e8_b8a9_43e97643bc58
	compression.gzip.level = -1
	compression.lz4.level = 9
	compression.type = none
	compression.zstd.level = 3
	connections.max.idle.ms = 10000
	delivery.timeout.ms = 120000
	enable.idempotence = true
	enable.metrics.push = true
	interceptor.classes = []
	key.serializer = class org.apache.kafka.common.serialization.StringSerializer
	linger.ms = 0
	max.block.ms = 60000
	max.in.flight.requests.per.connection = 5
	max.request.size = 1048576
	metadata.max.age.ms = 300000
	metadata.max.idle.ms = 300000
	metadata.recovery.strategy = none
	metric.reporters = []
	metrics.num.samples = 2
	metrics.recording.level = INFO
	metrics.sample.window.ms = 30000
	partitioner.adaptive.partitioning.enable = true
	partitioner.availability.timeout.ms = 0
	partitioner.class = null
	partitioner.ignore.keys = false
	receive.buffer.bytes = 32768
	reconnect.backoff.max.ms = 1000
	reconnect.backoff.ms = 50
	request.timeout.ms = 5000
	retries = 2147483647
	retry.backoff.max.ms = 1000
	retry.backoff.ms = 100
	sasl.client.callback.handler.class = null
	sasl.jaas.config = null
	sasl.kerberos.kinit.cmd = /usr/bin/kinit
	sasl.kerberos.min.time.before.relogin = 60000
	sasl.kerberos.service.name = null
	sasl.kerberos.ticket.renew.jitter = 0.05
	sasl.kerberos.ticket.renew.window.factor = 0.8
	sasl.login.callback.handler.class = null
	sasl.login.class = null
	sasl.login.connect.timeout.ms = null
	sasl.login.read.timeout.ms = null
	sasl.login.refresh.buffer.seconds = 300
	sasl.login.refresh.min.period.seconds = 60
	sasl.login.refresh.window.factor = 0.8
	sasl.login.refresh.window.jitter = 0.05
	sasl.login.retry.backoff.max.ms = 10000
	sasl.login.retry.backoff.ms = 100
	sasl.mechanism = GSSAPI
	sasl.oauthbearer.clock.skew.seconds = 30
	sasl.oauthbearer.expected.audience = null
	sasl.oauthbearer.expected.issuer = null
	sasl.oauthbearer.header.urlencode = false
	sasl.oauthbearer.jwks.endpoint.refresh.ms = 3600000
	sasl.oauthbearer.jwks.endpoint.retry.backoff.max.ms = 10000
	sasl.oauthbearer.jwks.endpoint.retry.backoff.ms = 100
	sasl.oauthbearer.jwks.endpoint.url = null
	sasl.oauthbearer.scope.claim.name = scope
	sasl.oauthbearer.sub.claim.name = sub
	sasl.oauthbearer.token.endpoint.url = null
	security.protocol = PLAINTEXT
	security.providers = null
	send.buffer.bytes = 131072
	socket.connection.setup.timeout.max.ms = 30000
	socket.connection.setup.timeout.ms = 10000
	ssl.cipher.suites = null
	ssl.enabled.protocols = [TLSv1.2, TLSv1.3]
	ssl.endpoint.identification.algorithm = https
	ssl.engine.factory.class = null
	ssl.key.password = null
	ssl.keymanager.algorithm = SunX509
	ssl.keystore.certificate.chain = null
	ssl.keystore.key = null
	ssl.keystore.location = null
	ssl.keystore.password = null
	ssl.keystore.type = JKS
	ssl.protocol = TLSv1.3
	ssl.provider = null
	ssl.secure.random.implementation = null
	ssl.trustmanager.algorithm = PKIX
	ssl.truststore.certificates = null
	ssl.truststore.location = null
	ssl.truststore.password = null
	ssl.truststore.type = JKS
	transaction.timeout.ms = 60000
	transactional.id = null
	value.serializer = class io.apicurio.registry.serde.avro.AvroKafkaSerializer

2025-08-12 17:28:32,612 INFO  [org.apa.kaf.com.tel.int.KafkaMetricsCollector] (main) initializing Kafka metrics collector
2025-08-12 17:28:32,620 INFO  [org.apa.kaf.cli.pro.KafkaProducer] (main) [Producer clientId=Producer-topic-ec4d6195_7d4d_47e8_b8a9_43e97643bc58] Instantiated an idempotent producer.
2025-08-12 17:28:32,622 INFO  [org.apa.kaf.cli.pro.ProducerConfig] (main) These configurations '[apicurio.registry.url, apicurio.registry.artifact-resolver-strategy]' were supplied but are not used yet.
2025-08-12 17:28:32,622 INFO  [org.apa.kaf.com.uti.AppInfoParser] (main) Kafka version: 3.9.1
2025-08-12 17:28:32,622 INFO  [org.apa.kaf.com.uti.AppInfoParser] (main) Kafka commitId: f745dfdcee2b9851
2025-08-12 17:28:32,623 INFO  [org.apa.kaf.com.uti.AppInfoParser] (main) Kafka startTimeMs: 1755019712622
2025-08-12 17:28:32,623 INFO  [io.api.tes.ser.api.KafkaSerdesTester] (Thread-688) Sending message {"key11755019701628": "value-0", "key21755019706461": "value-0"} to topic topic-ec4d6195_7d4d_47e8_b8a9_43e97643bc58
2025-08-12 17:28:32,629 INFO  [org.apa.kaf.cli.Metadata] (kafka-producer-network-thread | Producer-topic-ec4d6195_7d4d_47e8_b8a9_43e97643bc58) [Producer clientId=Producer-topic-ec4d6195_7d4d_47e8_b8a9_43e97643bc58] Cluster ID: Fm7ZMVgORveP7Vf0og8MFw
2025-08-12 17:28:32,629 INFO  [DefaultSchemaResolver] (Thread-688) Retrieving schema content using string: {"type":"record","name":"sf15ffdf0x30e0x4aa5xa6fexb644a6623b29","namespace":"ns_2e61bfae_bcb6_4ec8_abd0_733cae1eaeef","fields":[{"name":"key11755019701628","type":"string"},{"name":"key21755019706461","type":"string"}]}
2025-08-12 17:28:32,630 INFO  [org.apa.kaf.cli.pro.int.TransactionManager] (kafka-producer-network-thread | Producer-topic-ec4d6195_7d4d_47e8_b8a9_43e97643bc58) [Producer clientId=Producer-topic-ec4d6195_7d4d_47e8_b8a9_43e97643bc58] ProducerId set to 16 with epoch 0
2025-08-12 17:28:32,690 INFO  [io.api.tes.ser.api.KafkaSerdesTester] (Thread-688) Sending message {"key11755019701628": "value-1", "key21755019706461": "value-1"} to topic topic-ec4d6195_7d4d_47e8_b8a9_43e97643bc58
2025-08-12 17:28:32,692 INFO  [io.api.tes.ser.api.KafkaSerdesTester] (Thread-688) Sending message {"key11755019701628": "value-2", "key21755019706461": "value-2"} to topic topic-ec4d6195_7d4d_47e8_b8a9_43e97643bc58
2025-08-12 17:28:32,693 INFO  [io.api.tes.ser.api.KafkaSerdesTester] (Thread-688) Sending message {"key11755019701628": "value-3", "key21755019706461": "value-3"} to topic topic-ec4d6195_7d4d_47e8_b8a9_43e97643bc58
2025-08-12 17:28:32,696 INFO  [io.api.tes.ser.api.KafkaSerdesTester] (Thread-688) Sending message {"key11755019701628": "value-4", "key21755019706461": "value-4"} to topic topic-ec4d6195_7d4d_47e8_b8a9_43e97643bc58
2025-08-12 17:28:32,698 INFO  [io.api.tes.ser.api.KafkaSerdesTester] (Thread-688) Sending message {"key11755019701628": "value-5", "key21755019706461": "value-5"} to topic topic-ec4d6195_7d4d_47e8_b8a9_43e97643bc58
2025-08-12 17:28:32,699 INFO  [io.api.tes.ser.api.KafkaSerdesTester] (Thread-688) Sending message {"key11755019701628": "value-6", "key21755019706461": "value-6"} to topic topic-ec4d6195_7d4d_47e8_b8a9_43e97643bc58
2025-08-12 17:28:32,701 INFO  [io.api.tes.ser.api.KafkaSerdesTester] (Thread-688) Sending message {"key11755019701628": "value-7", "key21755019706461": "value-7"} to topic topic-ec4d6195_7d4d_47e8_b8a9_43e97643bc58
2025-08-12 17:28:32,702 INFO  [io.api.tes.ser.api.KafkaSerdesTester] (Thread-688) Sending message {"key11755019701628": "value-8", "key21755019706461": "value-8"} to topic topic-ec4d6195_7d4d_47e8_b8a9_43e97643bc58
2025-08-12 17:28:32,704 INFO  [io.api.tes.ser.api.KafkaSerdesTester] (Thread-688) Sending message {"key11755019701628": "value-9", "key21755019706461": "value-9"} to topic topic-ec4d6195_7d4d_47e8_b8a9_43e97643bc58
2025-08-12 17:28:32,706 INFO  [io.api.tes.ser.api.KafkaSerdesTester] (Thread-688) Produced 10 messages
2025-08-12 17:28:32,706 INFO  [org.apa.kaf.cli.pro.KafkaProducer] (Thread-688) [Producer clientId=Producer-topic-ec4d6195_7d4d_47e8_b8a9_43e97643bc58] Closing the Kafka producer with timeoutMillis = 9223372036854775807 ms.
2025-08-12 17:28:32,708 INFO  [org.apa.kaf.com.met.Metrics] (Thread-688) Metrics scheduler closed
2025-08-12 17:28:32,709 INFO  [org.apa.kaf.com.met.Metrics] (Thread-688) Closing reporter org.apache.kafka.common.metrics.JmxReporter
2025-08-12 17:28:32,709 INFO  [org.apa.kaf.com.met.Metrics] (Thread-688) Closing reporter org.apache.kafka.common.telemetry.internals.ClientTelemetryReporter
2025-08-12 17:28:32,709 INFO  [org.apa.kaf.com.met.Metrics] (Thread-688) Metrics reporters closed
2025-08-12 17:28:32,709 INFO  [org.apa.kaf.com.uti.AppInfoParser] (Thread-688) App info kafka.producer for Producer-topic-ec4d6195_7d4d_47e8_b8a9_43e97643bc58 unregistered
**** Registry Base URL: http://registry-app-ksql043.apps.ci419.apicurio-testing.org:80
2025-08-12 17:28:32,710 INFO  [org.apa.kaf.cli.pro.ProducerConfig] (main) ProducerConfig values: 
	acks = -1
	auto.include.jmx.reporter = true
	batch.size = 16384
	bootstrap.servers = [PLAINTEXT://localhost:32769]
	buffer.memory = 33554432
	client.dns.lookup = use_all_dns_ips
	client.id = Producer-topic-ec4d6195_7d4d_47e8_b8a9_43e97643bc58
	compression.gzip.level = -1
	compression.lz4.level = 9
	compression.type = none
	compression.zstd.level = 3
	connections.max.idle.ms = 10000
	delivery.timeout.ms = 120000
	enable.idempotence = true
	enable.metrics.push = true
	interceptor.classes = []
	key.serializer = class org.apache.kafka.common.serialization.StringSerializer
	linger.ms = 0
	max.block.ms = 60000
	max.in.flight.requests.per.connection = 5
	max.request.size = 1048576
	metadata.max.age.ms = 300000
	metadata.max.idle.ms = 300000
	metadata.recovery.strategy = none
	metric.reporters = []
	metrics.num.samples = 2
	metrics.recording.level = INFO
	metrics.sample.window.ms = 30000
	partitioner.adaptive.partitioning.enable = true
	partitioner.availability.timeout.ms = 0
	partitioner.class = null
	partitioner.ignore.keys = false
	receive.buffer.bytes = 32768
	reconnect.backoff.max.ms = 1000
	reconnect.backoff.ms = 50
	request.timeout.ms = 5000
	retries = 2147483647
	retry.backoff.max.ms = 1000
	retry.backoff.ms = 100
	sasl.client.callback.handler.class = null
	sasl.jaas.config = null
	sasl.kerberos.kinit.cmd = /usr/bin/kinit
	sasl.kerberos.min.time.before.relogin = 60000
	sasl.kerberos.service.name = null
	sasl.kerberos.ticket.renew.jitter = 0.05
	sasl.kerberos.ticket.renew.window.factor = 0.8
	sasl.login.callback.handler.class = null
	sasl.login.class = null
	sasl.login.connect.timeout.ms = null
	sasl.login.read.timeout.ms = null
	sasl.login.refresh.buffer.seconds = 300
	sasl.login.refresh.min.period.seconds = 60
	sasl.login.refresh.window.factor = 0.8
	sasl.login.refresh.window.jitter = 0.05
	sasl.login.retry.backoff.max.ms = 10000
	sasl.login.retry.backoff.ms = 100
	sasl.mechanism = GSSAPI
	sasl.oauthbearer.clock.skew.seconds = 30
	sasl.oauthbearer.expected.audience = null
	sasl.oauthbearer.expected.issuer = null
	sasl.oauthbearer.header.urlencode = false
	sasl.oauthbearer.jwks.endpoint.refresh.ms = 3600000
	sasl.oauthbearer.jwks.endpoint.retry.backoff.max.ms = 10000
	sasl.oauthbearer.jwks.endpoint.retry.backoff.ms = 100
	sasl.oauthbearer.jwks.endpoint.url = null
	sasl.oauthbearer.scope.claim.name = scope
	sasl.oauthbearer.sub.claim.name = sub
	sasl.oauthbearer.token.endpoint.url = null
	security.protocol = PLAINTEXT
	security.providers = null
	send.buffer.bytes = 131072
	socket.connection.setup.timeout.max.ms = 30000
	socket.connection.setup.timeout.ms = 10000
	ssl.cipher.suites = null
	ssl.enabled.protocols = [TLSv1.2, TLSv1.3]
	ssl.endpoint.identification.algorithm = https
	ssl.engine.factory.class = null
	ssl.key.password = null
	ssl.keymanager.algorithm = SunX509
	ssl.keystore.certificate.chain = null
	ssl.keystore.key = null
	ssl.keystore.location = null
	ssl.keystore.password = null
	ssl.keystore.type = JKS
	ssl.protocol = TLSv1.3
	ssl.provider = null
	ssl.secure.random.implementation = null
	ssl.trustmanager.algorithm = PKIX
	ssl.truststore.certificates = null
	ssl.truststore.location = null
	ssl.truststore.password = null
	ssl.truststore.type = JKS
	transaction.timeout.ms = 60000
	transactional.id = null
	value.serializer = class io.apicurio.registry.serde.avro.AvroKafkaSerializer

2025-08-12 17:28:32,712 INFO  [org.apa.kaf.com.tel.int.KafkaMetricsCollector] (main) initializing Kafka metrics collector
2025-08-12 17:28:32,717 INFO  [org.apa.kaf.cli.pro.KafkaProducer] (main) [Producer clientId=Producer-topic-ec4d6195_7d4d_47e8_b8a9_43e97643bc58] Instantiated an idempotent producer.
2025-08-12 17:28:32,719 INFO  [org.apa.kaf.cli.pro.ProducerConfig] (main) These configurations '[apicurio.registry.url, apicurio.registry.artifact-resolver-strategy]' were supplied but are not used yet.
2025-08-12 17:28:32,720 INFO  [org.apa.kaf.com.uti.AppInfoParser] (main) Kafka version: 3.9.1
2025-08-12 17:28:32,720 INFO  [org.apa.kaf.com.uti.AppInfoParser] (main) Kafka commitId: f745dfdcee2b9851
2025-08-12 17:28:32,720 INFO  [org.apa.kaf.com.uti.AppInfoParser] (main) Kafka startTimeMs: 1755019712719
2025-08-12 17:28:32,721 INFO  [io.api.tes.ser.api.KafkaSerdesTester] (Thread-691) Sending message {"key11755019701628": "value-0"} to topic topic-ec4d6195_7d4d_47e8_b8a9_43e97643bc58
2025-08-12 17:28:32,726 INFO  [org.apa.kaf.cli.Metadata] (kafka-producer-network-thread | Producer-topic-ec4d6195_7d4d_47e8_b8a9_43e97643bc58) [Producer clientId=Producer-topic-ec4d6195_7d4d_47e8_b8a9_43e97643bc58] Cluster ID: Fm7ZMVgORveP7Vf0og8MFw
2025-08-12 17:28:32,727 INFO  [DefaultSchemaResolver] (Thread-691) Retrieving schema content using string: {"type":"record","name":"sf15ffdf0x30e0x4aa5xa6fexb644a6623b29","namespace":"ns_2e61bfae_bcb6_4ec8_abd0_733cae1eaeef","fields":[{"name":"key11755019701628","type":"string"}]}
2025-08-12 17:28:32,727 INFO  [org.apa.kaf.cli.pro.int.TransactionManager] (kafka-producer-network-thread | Producer-topic-ec4d6195_7d4d_47e8_b8a9_43e97643bc58) [Producer clientId=Producer-topic-ec4d6195_7d4d_47e8_b8a9_43e97643bc58] ProducerId set to 17 with epoch 0
2025-08-12 17:28:32,784 INFO  [io.api.tes.ser.api.KafkaSerdesTester] (Thread-691) Sending message {"key11755019701628": "value-1"} to topic topic-ec4d6195_7d4d_47e8_b8a9_43e97643bc58
2025-08-12 17:28:32,789 INFO  [io.api.tes.ser.api.KafkaSerdesTester] (Thread-691) Sending message {"key11755019701628": "value-2"} to topic topic-ec4d6195_7d4d_47e8_b8a9_43e97643bc58
2025-08-12 17:28:32,791 INFO  [io.api.tes.ser.api.KafkaSerdesTester] (Thread-691) Sending message {"key11755019701628": "value-3"} to topic topic-ec4d6195_7d4d_47e8_b8a9_43e97643bc58
2025-08-12 17:28:32,793 INFO  [io.api.tes.ser.api.KafkaSerdesTester] (Thread-691) Sending message {"key11755019701628": "value-4"} to topic topic-ec4d6195_7d4d_47e8_b8a9_43e97643bc58
2025-08-12 17:28:32,795 INFO  [io.api.tes.ser.api.KafkaSerdesTester] (Thread-691) Sending message {"key11755019701628": "value-5"} to topic topic-ec4d6195_7d4d_47e8_b8a9_43e97643bc58
2025-08-12 17:28:32,797 INFO  [io.api.tes.ser.api.KafkaSerdesTester] (Thread-691) Sending message {"key11755019701628": "value-6"} to topic topic-ec4d6195_7d4d_47e8_b8a9_43e97643bc58
2025-08-12 17:28:32,799 INFO  [io.api.tes.ser.api.KafkaSerdesTester] (Thread-691) Sending message {"key11755019701628": "value-7"} to topic topic-ec4d6195_7d4d_47e8_b8a9_43e97643bc58
2025-08-12 17:28:32,801 INFO  [io.api.tes.ser.api.KafkaSerdesTester] (Thread-691) Sending message {"key11755019701628": "value-8"} to topic topic-ec4d6195_7d4d_47e8_b8a9_43e97643bc58
2025-08-12 17:28:32,803 INFO  [io.api.tes.ser.api.KafkaSerdesTester] (Thread-691) Sending message {"key11755019701628": "value-9"} to topic topic-ec4d6195_7d4d_47e8_b8a9_43e97643bc58
2025-08-12 17:28:32,804 INFO  [io.api.tes.ser.api.KafkaSerdesTester] (Thread-691) Produced 10 messages
2025-08-12 17:28:32,804 INFO  [org.apa.kaf.cli.pro.KafkaProducer] (Thread-691) [Producer clientId=Producer-topic-ec4d6195_7d4d_47e8_b8a9_43e97643bc58] Closing the Kafka producer with timeoutMillis = 9223372036854775807 ms.
2025-08-12 17:28:32,806 INFO  [org.apa.kaf.com.met.Metrics] (Thread-691) Metrics scheduler closed
2025-08-12 17:28:32,806 INFO  [org.apa.kaf.com.met.Metrics] (Thread-691) Closing reporter org.apache.kafka.common.metrics.JmxReporter
2025-08-12 17:28:32,806 INFO  [org.apa.kaf.com.met.Metrics] (Thread-691) Closing reporter org.apache.kafka.common.telemetry.internals.ClientTelemetryReporter
2025-08-12 17:28:32,806 INFO  [org.apa.kaf.com.met.Metrics] (Thread-691) Metrics reporters closed
2025-08-12 17:28:32,806 INFO  [org.apa.kaf.com.uti.AppInfoParser] (Thread-691) App info kafka.producer for Producer-topic-ec4d6195_7d4d_47e8_b8a9_43e97643bc58 unregistered
**** Registry Base URL: http://registry-app-ksql043.apps.ci419.apicurio-testing.org:80
2025-08-12 17:28:32,807 INFO  [org.apa.kaf.cli.con.ConsumerConfig] (main) ConsumerConfig values: 
	allow.auto.create.topics = true
	auto.commit.interval.ms = 500
	auto.include.jmx.reporter = true
	auto.offset.reset = earliest
	bootstrap.servers = [PLAINTEXT://localhost:32769]
	check.crcs = true
	client.dns.lookup = use_all_dns_ips
	client.id = consumer-Consumer-topic-ec4d6195_7d4d_47e8_b8a9_43e97643bc58-12
	client.rack = 
	connections.max.idle.ms = 10000
	default.api.timeout.ms = 60000
	enable.auto.commit = true
	enable.metrics.push = true
	exclude.internal.topics = true
	fetch.max.bytes = 52428800
	fetch.max.wait.ms = 500
	fetch.min.bytes = 1
	group.id = Consumer-topic-ec4d6195_7d4d_47e8_b8a9_43e97643bc58
	group.instance.id = null
	group.protocol = classic
	group.remote.assignor = null
	heartbeat.interval.ms = 3000
	interceptor.classes = []
	internal.leave.group.on.close = true
	internal.throw.on.fetch.stable.offset.unsupported = false
	isolation.level = read_uncommitted
	key.deserializer = class org.apache.kafka.common.serialization.StringDeserializer
	max.partition.fetch.bytes = 1048576
	max.poll.interval.ms = 300000
	max.poll.records = 500
	metadata.max.age.ms = 300000
	metadata.recovery.strategy = none
	metric.reporters = []
	metrics.num.samples = 2
	metrics.recording.level = INFO
	metrics.sample.window.ms = 30000
	partition.assignment.strategy = [class org.apache.kafka.clients.consumer.RangeAssignor, class org.apache.kafka.clients.consumer.CooperativeStickyAssignor]
	receive.buffer.bytes = 65536
	reconnect.backoff.max.ms = 1000
	reconnect.backoff.ms = 50
	request.timeout.ms = 5000
	retry.backoff.max.ms = 1000
	retry.backoff.ms = 100
	sasl.client.callback.handler.class = null
	sasl.jaas.config = null
	sasl.kerberos.kinit.cmd = /usr/bin/kinit
	sasl.kerberos.min.time.before.relogin = 60000
	sasl.kerberos.service.name = null
	sasl.kerberos.ticket.renew.jitter = 0.05
	sasl.kerberos.ticket.renew.window.factor = 0.8
	sasl.login.callback.handler.class = null
	sasl.login.class = null
	sasl.login.connect.timeout.ms = null
	sasl.login.read.timeout.ms = null
	sasl.login.refresh.buffer.seconds = 300
	sasl.login.refresh.min.period.seconds = 60
	sasl.login.refresh.window.factor = 0.8
	sasl.login.refresh.window.jitter = 0.05
	sasl.login.retry.backoff.max.ms = 10000
	sasl.login.retry.backoff.ms = 100
	sasl.mechanism = GSSAPI
	sasl.oauthbearer.clock.skew.seconds = 30
	sasl.oauthbearer.expected.audience = null
	sasl.oauthbearer.expected.issuer = null
	sasl.oauthbearer.header.urlencode = false
	sasl.oauthbearer.jwks.endpoint.refresh.ms = 3600000
	sasl.oauthbearer.jwks.endpoint.retry.backoff.max.ms = 10000
	sasl.oauthbearer.jwks.endpoint.retry.backoff.ms = 100
	sasl.oauthbearer.jwks.endpoint.url = null
	sasl.oauthbearer.scope.claim.name = scope
	sasl.oauthbearer.sub.claim.name = sub
	sasl.oauthbearer.token.endpoint.url = null
	security.protocol = PLAINTEXT
	security.providers = null
	send.buffer.bytes = 131072
	session.timeout.ms = 45000
	socket.connection.setup.timeout.max.ms = 30000
	socket.connection.setup.timeout.ms = 10000
	ssl.cipher.suites = null
	ssl.enabled.protocols = [TLSv1.2, TLSv1.3]
	ssl.endpoint.identification.algorithm = https
	ssl.engine.factory.class = null
	ssl.key.password = null
	ssl.keymanager.algorithm = SunX509
	ssl.keystore.certificate.chain = null
	ssl.keystore.key = null
	ssl.keystore.location = null
	ssl.keystore.password = null
	ssl.keystore.type = JKS
	ssl.protocol = TLSv1.3
	ssl.provider = null
	ssl.secure.random.implementation = null
	ssl.trustmanager.algorithm = PKIX
	ssl.truststore.certificates = null
	ssl.truststore.location = null
	ssl.truststore.password = null
	ssl.truststore.type = JKS
	value.deserializer = class io.apicurio.registry.serde.avro.AvroKafkaDeserializer

2025-08-12 17:28:32,807 INFO  [org.apa.kaf.com.tel.int.KafkaMetricsCollector] (main) initializing Kafka metrics collector
2025-08-12 17:28:32,815 INFO  [org.apa.kaf.cli.con.ConsumerConfig] (main) These configurations '[apicurio.registry.url]' were supplied but are not used yet.
2025-08-12 17:28:32,815 INFO  [org.apa.kaf.com.uti.AppInfoParser] (main) Kafka version: 3.9.1
2025-08-12 17:28:32,815 INFO  [org.apa.kaf.com.uti.AppInfoParser] (main) Kafka commitId: f745dfdcee2b9851
2025-08-12 17:28:32,816 INFO  [org.apa.kaf.com.uti.AppInfoParser] (main) Kafka startTimeMs: 1755019712815
2025-08-12 17:28:32,816 INFO  [org.apa.kaf.cli.con.int.ClassicKafkaConsumer] (Thread-694) [Consumer clientId=consumer-Consumer-topic-ec4d6195_7d4d_47e8_b8a9_43e97643bc58-12, groupId=Consumer-topic-ec4d6195_7d4d_47e8_b8a9_43e97643bc58] Subscribed to topic(s): topic-ec4d6195_7d4d_47e8_b8a9_43e97643bc58
2025-08-12 17:28:32,822 INFO  [org.apa.kaf.cli.Metadata] (Thread-694) [Consumer clientId=consumer-Consumer-topic-ec4d6195_7d4d_47e8_b8a9_43e97643bc58-12, groupId=Consumer-topic-ec4d6195_7d4d_47e8_b8a9_43e97643bc58] Cluster ID: Fm7ZMVgORveP7Vf0og8MFw
2025-08-12 17:28:32,825 INFO  [org.apa.kaf.cli.con.int.ConsumerCoordinator] (Thread-694) [Consumer clientId=consumer-Consumer-topic-ec4d6195_7d4d_47e8_b8a9_43e97643bc58-12, groupId=Consumer-topic-ec4d6195_7d4d_47e8_b8a9_43e97643bc58] Discovered group coordinator localhost:32769 (id: 2147483647 rack: null)
2025-08-12 17:28:32,827 INFO  [org.apa.kaf.cli.con.int.ConsumerCoordinator] (Thread-694) [Consumer clientId=consumer-Consumer-topic-ec4d6195_7d4d_47e8_b8a9_43e97643bc58-12, groupId=Consumer-topic-ec4d6195_7d4d_47e8_b8a9_43e97643bc58] (Re-)joining group
2025-08-12 17:28:32,833 INFO  [org.apa.kaf.cli.con.int.ConsumerCoordinator] (Thread-694) [Consumer clientId=consumer-Consumer-topic-ec4d6195_7d4d_47e8_b8a9_43e97643bc58-12, groupId=Consumer-topic-ec4d6195_7d4d_47e8_b8a9_43e97643bc58] Request joining group due to: need to re-join with the given member-id: consumer-Consumer-topic-ec4d6195_7d4d_47e8_b8a9_43e97643bc58-12-836f2523-c0df-46b3-84a2-747d1dd7b086
2025-08-12 17:28:32,833 INFO  [org.apa.kaf.cli.con.int.ConsumerCoordinator] (Thread-694) [Consumer clientId=consumer-Consumer-topic-ec4d6195_7d4d_47e8_b8a9_43e97643bc58-12, groupId=Consumer-topic-ec4d6195_7d4d_47e8_b8a9_43e97643bc58] (Re-)joining group
2025-08-12 17:28:33,816 INFO  [io.api.tes.ser.api.KafkaSerdesTester] (Thread-694) None found
2025-08-12 17:28:34,817 INFO  [io.api.tes.ser.api.KafkaSerdesTester] (Thread-694) None found
2025-08-12 17:28:35,817 INFO  [io.api.tes.ser.api.KafkaSerdesTester] (Thread-694) None found
2025-08-12 17:28:35,836 INFO  [org.apa.kaf.cli.con.int.ConsumerCoordinator] (Thread-694) [Consumer clientId=consumer-Consumer-topic-ec4d6195_7d4d_47e8_b8a9_43e97643bc58-12, groupId=Consumer-topic-ec4d6195_7d4d_47e8_b8a9_43e97643bc58] Successfully joined group with generation Generation{generationId=5, memberId='consumer-Consumer-topic-ec4d6195_7d4d_47e8_b8a9_43e97643bc58-12-836f2523-c0df-46b3-84a2-747d1dd7b086', protocol='range'}
2025-08-12 17:28:35,836 INFO  [org.apa.kaf.cli.con.int.ConsumerCoordinator] (Thread-694) [Consumer clientId=consumer-Consumer-topic-ec4d6195_7d4d_47e8_b8a9_43e97643bc58-12, groupId=Consumer-topic-ec4d6195_7d4d_47e8_b8a9_43e97643bc58] Finished assignment for group at generation 5: {consumer-Consumer-topic-ec4d6195_7d4d_47e8_b8a9_43e97643bc58-12-836f2523-c0df-46b3-84a2-747d1dd7b086=Assignment(partitions=[topic-ec4d6195_7d4d_47e8_b8a9_43e97643bc58-0])}
2025-08-12 17:28:35,843 INFO  [org.apa.kaf.cli.con.int.ConsumerCoordinator] (Thread-694) [Consumer clientId=consumer-Consumer-topic-ec4d6195_7d4d_47e8_b8a9_43e97643bc58-12, groupId=Consumer-topic-ec4d6195_7d4d_47e8_b8a9_43e97643bc58] Successfully synced group in generation Generation{generationId=5, memberId='consumer-Consumer-topic-ec4d6195_7d4d_47e8_b8a9_43e97643bc58-12-836f2523-c0df-46b3-84a2-747d1dd7b086', protocol='range'}
2025-08-12 17:28:35,843 INFO  [org.apa.kaf.cli.con.int.ConsumerCoordinator] (Thread-694) [Consumer clientId=consumer-Consumer-topic-ec4d6195_7d4d_47e8_b8a9_43e97643bc58-12, groupId=Consumer-topic-ec4d6195_7d4d_47e8_b8a9_43e97643bc58] Notifying assignor about the new Assignment(partitions=[topic-ec4d6195_7d4d_47e8_b8a9_43e97643bc58-0])
2025-08-12 17:28:35,843 INFO  [org.apa.kaf.cli.con.int.ConsumerRebalanceListenerInvoker] (Thread-694) [Consumer clientId=consumer-Consumer-topic-ec4d6195_7d4d_47e8_b8a9_43e97643bc58-12, groupId=Consumer-topic-ec4d6195_7d4d_47e8_b8a9_43e97643bc58] Adding newly assigned partitions: topic-ec4d6195_7d4d_47e8_b8a9_43e97643bc58-0
2025-08-12 17:28:35,844 INFO  [org.apa.kaf.cli.con.int.ConsumerUtils] (Thread-694) Setting offset for partition topic-ec4d6195_7d4d_47e8_b8a9_43e97643bc58-0 to the committed offset FetchPosition{offset=30, offsetEpoch=Optional[0], currentLeader=LeaderAndEpoch{leader=Optional[localhost:32769 (id: 0 rack: null)], epoch=0}}
2025-08-12 17:28:36,021 INFO  [io.api.tes.ser.api.KafkaSerdesTester] (Thread-694) topic-ec4d6195_7d4d_47e8_b8a9_43e97643bc58 0 30 {"key11755019701628": "value-0", "key21755019706461": "value-0", "key31755019711419": "value-0"}
2025-08-12 17:28:36,022 INFO  [io.api.tes.ser.api.KafkaSerdesTester] (Thread-694) topic-ec4d6195_7d4d_47e8_b8a9_43e97643bc58 0 31 {"key11755019701628": "value-1", "key21755019706461": "value-1", "key31755019711419": "value-1"}
2025-08-12 17:28:36,022 INFO  [io.api.tes.ser.api.KafkaSerdesTester] (Thread-694) topic-ec4d6195_7d4d_47e8_b8a9_43e97643bc58 0 32 {"key11755019701628": "value-2", "key21755019706461": "value-2", "key31755019711419": "value-2"}
2025-08-12 17:28:36,022 INFO  [io.api.tes.ser.api.KafkaSerdesTester] (Thread-694) topic-ec4d6195_7d4d_47e8_b8a9_43e97643bc58 0 33 {"key11755019701628": "value-3", "key21755019706461": "value-3", "key31755019711419": "value-3"}
2025-08-12 17:28:36,022 INFO  [io.api.tes.ser.api.KafkaSerdesTester] (Thread-694) topic-ec4d6195_7d4d_47e8_b8a9_43e97643bc58 0 34 {"key11755019701628": "value-4", "key21755019706461": "value-4", "key31755019711419": "value-4"}
2025-08-12 17:28:36,022 INFO  [io.api.tes.ser.api.KafkaSerdesTester] (Thread-694) topic-ec4d6195_7d4d_47e8_b8a9_43e97643bc58 0 35 {"key11755019701628": "value-5", "key21755019706461": "value-5", "key31755019711419": "value-5"}
2025-08-12 17:28:36,022 INFO  [io.api.tes.ser.api.KafkaSerdesTester] (Thread-694) topic-ec4d6195_7d4d_47e8_b8a9_43e97643bc58 0 36 {"key11755019701628": "value-6", "key21755019706461": "value-6", "key31755019711419": "value-6"}
2025-08-12 17:28:36,022 INFO  [io.api.tes.ser.api.KafkaSerdesTester] (Thread-694) topic-ec4d6195_7d4d_47e8_b8a9_43e97643bc58 0 37 {"key11755019701628": "value-7", "key21755019706461": "value-7", "key31755019711419": "value-7"}
2025-08-12 17:28:36,022 INFO  [io.api.tes.ser.api.KafkaSerdesTester] (Thread-694) topic-ec4d6195_7d4d_47e8_b8a9_43e97643bc58 0 38 {"key11755019701628": "value-8", "key21755019706461": "value-8", "key31755019711419": "value-8"}
2025-08-12 17:28:36,022 INFO  [io.api.tes.ser.api.KafkaSerdesTester] (Thread-694) topic-ec4d6195_7d4d_47e8_b8a9_43e97643bc58 0 39 {"key11755019701628": "value-9", "key21755019706461": "value-9", "key31755019711419": "value-9"}
2025-08-12 17:28:36,022 INFO  [io.api.tes.ser.api.KafkaSerdesTester] (Thread-694) topic-ec4d6195_7d4d_47e8_b8a9_43e97643bc58 0 40 {"key11755019701628": "value-0", "key21755019706461": "value-0"}
2025-08-12 17:28:36,022 INFO  [io.api.tes.ser.api.KafkaSerdesTester] (Thread-694) topic-ec4d6195_7d4d_47e8_b8a9_43e97643bc58 0 41 {"key11755019701628": "value-1", "key21755019706461": "value-1"}
2025-08-12 17:28:36,022 INFO  [io.api.tes.ser.api.KafkaSerdesTester] (Thread-694) topic-ec4d6195_7d4d_47e8_b8a9_43e97643bc58 0 42 {"key11755019701628": "value-2", "key21755019706461": "value-2"}
2025-08-12 17:28:36,022 INFO  [io.api.tes.ser.api.KafkaSerdesTester] (Thread-694) topic-ec4d6195_7d4d_47e8_b8a9_43e97643bc58 0 43 {"key11755019701628": "value-3", "key21755019706461": "value-3"}
2025-08-12 17:28:36,022 INFO  [io.api.tes.ser.api.KafkaSerdesTester] (Thread-694) topic-ec4d6195_7d4d_47e8_b8a9_43e97643bc58 0 44 {"key11755019701628": "value-4", "key21755019706461": "value-4"}
2025-08-12 17:28:36,022 INFO  [io.api.tes.ser.api.KafkaSerdesTester] (Thread-694) topic-ec4d6195_7d4d_47e8_b8a9_43e97643bc58 0 45 {"key11755019701628": "value-5", "key21755019706461": "value-5"}
2025-08-12 17:28:36,022 INFO  [io.api.tes.ser.api.KafkaSerdesTester] (Thread-694) topic-ec4d6195_7d4d_47e8_b8a9_43e97643bc58 0 46 {"key11755019701628": "value-6", "key21755019706461": "value-6"}
2025-08-12 17:28:36,022 INFO  [io.api.tes.ser.api.KafkaSerdesTester] (Thread-694) topic-ec4d6195_7d4d_47e8_b8a9_43e97643bc58 0 47 {"key11755019701628": "value-7", "key21755019706461": "value-7"}
2025-08-12 17:28:36,022 INFO  [io.api.tes.ser.api.KafkaSerdesTester] (Thread-694) topic-ec4d6195_7d4d_47e8_b8a9_43e97643bc58 0 48 {"key11755019701628": "value-8", "key21755019706461": "value-8"}
2025-08-12 17:28:36,022 INFO  [io.api.tes.ser.api.KafkaSerdesTester] (Thread-694) topic-ec4d6195_7d4d_47e8_b8a9_43e97643bc58 0 49 {"key11755019701628": "value-9", "key21755019706461": "value-9"}
2025-08-12 17:28:36,023 INFO  [io.api.tes.ser.api.KafkaSerdesTester] (Thread-694) topic-ec4d6195_7d4d_47e8_b8a9_43e97643bc58 0 50 {"key11755019701628": "value-0"}
2025-08-12 17:28:36,023 INFO  [io.api.tes.ser.api.KafkaSerdesTester] (Thread-694) topic-ec4d6195_7d4d_47e8_b8a9_43e97643bc58 0 51 {"key11755019701628": "value-1"}
2025-08-12 17:28:36,023 INFO  [io.api.tes.ser.api.KafkaSerdesTester] (Thread-694) topic-ec4d6195_7d4d_47e8_b8a9_43e97643bc58 0 52 {"key11755019701628": "value-2"}
2025-08-12 17:28:36,023 INFO  [io.api.tes.ser.api.KafkaSerdesTester] (Thread-694) topic-ec4d6195_7d4d_47e8_b8a9_43e97643bc58 0 53 {"key11755019701628": "value-3"}
2025-08-12 17:28:36,023 INFO  [io.api.tes.ser.api.KafkaSerdesTester] (Thread-694) topic-ec4d6195_7d4d_47e8_b8a9_43e97643bc58 0 54 {"key11755019701628": "value-4"}
2025-08-12 17:28:36,023 INFO  [io.api.tes.ser.api.KafkaSerdesTester] (Thread-694) topic-ec4d6195_7d4d_47e8_b8a9_43e97643bc58 0 55 {"key11755019701628": "value-5"}
2025-08-12 17:28:36,023 INFO  [io.api.tes.ser.api.KafkaSerdesTester] (Thread-694) topic-ec4d6195_7d4d_47e8_b8a9_43e97643bc58 0 56 {"key11755019701628": "value-6"}
2025-08-12 17:28:36,023 INFO  [io.api.tes.ser.api.KafkaSerdesTester] (Thread-694) topic-ec4d6195_7d4d_47e8_b8a9_43e97643bc58 0 57 {"key11755019701628": "value-7"}
2025-08-12 17:28:36,023 INFO  [io.api.tes.ser.api.KafkaSerdesTester] (Thread-694) topic-ec4d6195_7d4d_47e8_b8a9_43e97643bc58 0 58 {"key11755019701628": "value-8"}
2025-08-12 17:28:36,023 INFO  [io.api.tes.ser.api.KafkaSerdesTester] (Thread-694) topic-ec4d6195_7d4d_47e8_b8a9_43e97643bc58 0 59 {"key11755019701628": "value-9"}
2025-08-12 17:28:36,023 INFO  [io.api.tes.ser.api.KafkaSerdesTester] (Thread-694) Consumed 30 messages
2025-08-12 17:28:36,029 INFO  [org.apa.kaf.cli.con.int.ConsumerRebalanceListenerInvoker] (Thread-694) [Consumer clientId=consumer-Consumer-topic-ec4d6195_7d4d_47e8_b8a9_43e97643bc58-12, groupId=Consumer-topic-ec4d6195_7d4d_47e8_b8a9_43e97643bc58] Revoke previously assigned partitions topic-ec4d6195_7d4d_47e8_b8a9_43e97643bc58-0
2025-08-12 17:28:36,029 INFO  [org.apa.kaf.cli.con.int.ConsumerCoordinator] (Thread-694) [Consumer clientId=consumer-Consumer-topic-ec4d6195_7d4d_47e8_b8a9_43e97643bc58-12, groupId=Consumer-topic-ec4d6195_7d4d_47e8_b8a9_43e97643bc58] Member consumer-Consumer-topic-ec4d6195_7d4d_47e8_b8a9_43e97643bc58-12-836f2523-c0df-46b3-84a2-747d1dd7b086 sending LeaveGroup request to coordinator localhost:32769 (id: 2147483647 rack: null) due to the consumer is being closed
2025-08-12 17:28:36,030 INFO  [org.apa.kaf.cli.con.int.ConsumerCoordinator] (Thread-694) [Consumer clientId=consumer-Consumer-topic-ec4d6195_7d4d_47e8_b8a9_43e97643bc58-12, groupId=Consumer-topic-ec4d6195_7d4d_47e8_b8a9_43e97643bc58] Resetting generation and member id due to: consumer pro-actively leaving the group
2025-08-12 17:28:36,030 INFO  [org.apa.kaf.cli.con.int.ConsumerCoordinator] (Thread-694) [Consumer clientId=consumer-Consumer-topic-ec4d6195_7d4d_47e8_b8a9_43e97643bc58-12, groupId=Consumer-topic-ec4d6195_7d4d_47e8_b8a9_43e97643bc58] Request joining group due to: consumer pro-actively leaving the group
2025-08-12 17:28:36,525 INFO  [org.apa.kaf.com.met.Metrics] (Thread-694) Metrics scheduler closed
2025-08-12 17:28:36,525 INFO  [org.apa.kaf.com.met.Metrics] (Thread-694) Closing reporter org.apache.kafka.common.metrics.JmxReporter
2025-08-12 17:28:36,525 INFO  [org.apa.kaf.com.met.Metrics] (Thread-694) Closing reporter org.apache.kafka.common.telemetry.internals.ClientTelemetryReporter
2025-08-12 17:28:36,525 INFO  [org.apa.kaf.com.met.Metrics] (Thread-694) Metrics reporters closed
2025-08-12 17:28:36,527 INFO  [org.apa.kaf.com.uti.AppInfoParser] (Thread-694) App info kafka.consumer for consumer-Consumer-topic-ec4d6195_7d4d_47e8_b8a9_43e97643bc58-12 unregistered
2025-08-12 17:28:36,528 INFO  [org.apa.kaf.cli.pro.KafkaProducer] (main) [Producer clientId=Producer-topic-ec4d6195_7d4d_47e8_b8a9_43e97643bc58] Closing the Kafka producer with timeoutMillis = 9223372036854775807 ms.
2025-08-12 17:28:36,528 INFO  [org.apa.kaf.com.met.Metrics] (main) Metrics scheduler closed
2025-08-12 17:28:36,528 INFO  [org.apa.kaf.com.met.Metrics] (main) Closing reporter org.apache.kafka.common.metrics.JmxReporter
2025-08-12 17:28:36,528 INFO  [org.apa.kaf.com.met.Metrics] (main) Closing reporter org.apache.kafka.common.telemetry.internals.ClientTelemetryReporter
2025-08-12 17:28:36,528 INFO  [org.apa.kaf.com.met.Metrics] (main) Metrics reporters closed
2025-08-12 17:28:36,528 INFO  [org.apa.kaf.com.uti.AppInfoParser] (main) App info kafka.producer for Producer-topic-ec4d6195_7d4d_47e8_b8a9_43e97643bc58 unregistered
2025-08-12 17:28:36,529 INFO  [io.api.tes.uti.TestSeparator] (main) io.apicurio.tests.serdes.apicurio.AvroSerdeIT.testEvolveAvroApicurio-FINISHED
2025-08-12 17:28:36,529 INFO  [io.api.tes.uti.TestSeparator] (main) ############################################################################
Test passed: testEvolveAvroApicurio
]]></system-out>
  </testcase>
  <testcase name="testTopicRecordIdStrategydFindLatest" classname="io.apicurio.tests.serdes.apicurio.AvroSerdeIT" time="4.86">
    <system-out><![CDATA[2025-08-12 17:28:36,535 INFO  [io.api.tes.uti.TestSeparator] (main) ############################################################################
2025-08-12 17:28:36,535 INFO  [io.api.tes.uti.TestSeparator] (main) io.apicurio.tests.serdes.apicurio.AvroSerdeIT.testTopicRecordIdStrategydFindLatest-STARTED
2025-08-12 17:28:36,537 INFO  [io.api.tes.ser.api.AvroSerdeIT] (main) Registering Avro Schema: {"type":"record","name":"s4a052d33x557cx44ddx9bf5x2a343c22119e","namespace":"s6bda7f59xe2a1x410axb230x7f49713de597","fields":[{"name":"key11755019716536","type":"string"}]}
**** Registry Base URL: http://registry-app-ksql043.apps.ci419.apicurio-testing.org:80
2025-08-12 17:28:37,640 INFO  [org.apa.kaf.cli.pro.ProducerConfig] (main) ProducerConfig values: 
	acks = -1
	auto.include.jmx.reporter = true
	batch.size = 16384
	bootstrap.servers = [PLAINTEXT://localhost:32769]
	buffer.memory = 33554432
	client.dns.lookup = use_all_dns_ips
	client.id = Producer-topic-ae34df56_1479_4c89_9e97_1546bc95912c
	compression.gzip.level = -1
	compression.lz4.level = 9
	compression.type = none
	compression.zstd.level = 3
	connections.max.idle.ms = 10000
	delivery.timeout.ms = 120000
	enable.idempotence = true
	enable.metrics.push = true
	interceptor.classes = []
	key.serializer = class org.apache.kafka.common.serialization.StringSerializer
	linger.ms = 0
	max.block.ms = 60000
	max.in.flight.requests.per.connection = 5
	max.request.size = 1048576
	metadata.max.age.ms = 300000
	metadata.max.idle.ms = 300000
	metadata.recovery.strategy = none
	metric.reporters = []
	metrics.num.samples = 2
	metrics.recording.level = INFO
	metrics.sample.window.ms = 30000
	partitioner.adaptive.partitioning.enable = true
	partitioner.availability.timeout.ms = 0
	partitioner.class = null
	partitioner.ignore.keys = false
	receive.buffer.bytes = 32768
	reconnect.backoff.max.ms = 1000
	reconnect.backoff.ms = 50
	request.timeout.ms = 5000
	retries = 2147483647
	retry.backoff.max.ms = 1000
	retry.backoff.ms = 100
	sasl.client.callback.handler.class = null
	sasl.jaas.config = null
	sasl.kerberos.kinit.cmd = /usr/bin/kinit
	sasl.kerberos.min.time.before.relogin = 60000
	sasl.kerberos.service.name = null
	sasl.kerberos.ticket.renew.jitter = 0.05
	sasl.kerberos.ticket.renew.window.factor = 0.8
	sasl.login.callback.handler.class = null
	sasl.login.class = null
	sasl.login.connect.timeout.ms = null
	sasl.login.read.timeout.ms = null
	sasl.login.refresh.buffer.seconds = 300
	sasl.login.refresh.min.period.seconds = 60
	sasl.login.refresh.window.factor = 0.8
	sasl.login.refresh.window.jitter = 0.05
	sasl.login.retry.backoff.max.ms = 10000
	sasl.login.retry.backoff.ms = 100
	sasl.mechanism = GSSAPI
	sasl.oauthbearer.clock.skew.seconds = 30
	sasl.oauthbearer.expected.audience = null
	sasl.oauthbearer.expected.issuer = null
	sasl.oauthbearer.header.urlencode = false
	sasl.oauthbearer.jwks.endpoint.refresh.ms = 3600000
	sasl.oauthbearer.jwks.endpoint.retry.backoff.max.ms = 10000
	sasl.oauthbearer.jwks.endpoint.retry.backoff.ms = 100
	sasl.oauthbearer.jwks.endpoint.url = null
	sasl.oauthbearer.scope.claim.name = scope
	sasl.oauthbearer.sub.claim.name = sub
	sasl.oauthbearer.token.endpoint.url = null
	security.protocol = PLAINTEXT
	security.providers = null
	send.buffer.bytes = 131072
	socket.connection.setup.timeout.max.ms = 30000
	socket.connection.setup.timeout.ms = 10000
	ssl.cipher.suites = null
	ssl.enabled.protocols = [TLSv1.2, TLSv1.3]
	ssl.endpoint.identification.algorithm = https
	ssl.engine.factory.class = null
	ssl.key.password = null
	ssl.keymanager.algorithm = SunX509
	ssl.keystore.certificate.chain = null
	ssl.keystore.key = null
	ssl.keystore.location = null
	ssl.keystore.password = null
	ssl.keystore.type = JKS
	ssl.protocol = TLSv1.3
	ssl.provider = null
	ssl.secure.random.implementation = null
	ssl.trustmanager.algorithm = PKIX
	ssl.truststore.certificates = null
	ssl.truststore.location = null
	ssl.truststore.password = null
	ssl.truststore.type = JKS
	transaction.timeout.ms = 60000
	transactional.id = null
	value.serializer = class io.apicurio.registry.serde.avro.AvroKafkaSerializer

2025-08-12 17:28:37,640 INFO  [org.apa.kaf.com.tel.int.KafkaMetricsCollector] (main) initializing Kafka metrics collector
2025-08-12 17:28:37,643 INFO  [org.apa.kaf.cli.pro.KafkaProducer] (main) [Producer clientId=Producer-topic-ae34df56_1479_4c89_9e97_1546bc95912c] Instantiated an idempotent producer.
2025-08-12 17:28:37,646 INFO  [org.apa.kaf.cli.pro.ProducerConfig] (main) These configurations '[apicurio.registry.find-latest, apicurio.registry.url, apicurio.registry.artifact-resolver-strategy]' were supplied but are not used yet.
2025-08-12 17:28:37,646 INFO  [org.apa.kaf.com.uti.AppInfoParser] (main) Kafka version: 3.9.1
2025-08-12 17:28:37,646 INFO  [org.apa.kaf.com.uti.AppInfoParser] (main) Kafka commitId: f745dfdcee2b9851
2025-08-12 17:28:37,646 INFO  [org.apa.kaf.com.uti.AppInfoParser] (main) Kafka startTimeMs: 1755019717646
2025-08-12 17:28:37,646 INFO  [io.api.tes.ser.api.SimpleSerdesTesterBuilder$SimpleSerdesTester] (main) Using producer configuration: {apicurio.registry.find-latest=true, apicurio.registry.url=http://registry-app-ksql043.apps.ci419.apicurio-testing.org:80/apis/registry/v3, apicurio.registry.artifact-resolver-strategy=io.apicurio.registry.serde.avro.strategy.TopicRecordIdStrategy, value.serializer=io.apicurio.registry.serde.avro.AvroKafkaSerializer, request.timeout.ms=5000, acks=all, bootstrap.servers=PLAINTEXT://localhost:32769, connections.max.idle.ms=10000, key.serializer=org.apache.kafka.common.serialization.StringSerializer, client.id=Producer-topic-ae34df56_1479_4c89_9e97_1546bc95912c}
2025-08-12 17:28:37,646 INFO  [io.api.tes.ser.api.SimpleSerdesTesterBuilder$SimpleSerdesTester] (main) Using consumer configuration: {}
2025-08-12 17:28:37,647 INFO  [io.api.tes.ser.api.KafkaSerdesTester] (Thread-697) Sending message {"key11755019716536": "value-0"} to topic topic-ae34df56_1479_4c89_9e97_1546bc95912c
2025-08-12 17:28:37,650 INFO  [org.apa.kaf.cli.Metadata] (kafka-producer-network-thread | Producer-topic-ae34df56_1479_4c89_9e97_1546bc95912c) [Producer clientId=Producer-topic-ae34df56_1479_4c89_9e97_1546bc95912c] Cluster ID: Fm7ZMVgORveP7Vf0og8MFw
2025-08-12 17:28:37,650 INFO  [org.apa.kaf.cli.pro.int.TransactionManager] (kafka-producer-network-thread | Producer-topic-ae34df56_1479_4c89_9e97_1546bc95912c) [Producer clientId=Producer-topic-ae34df56_1479_4c89_9e97_1546bc95912c] ProducerId set to 18 with epoch 0
2025-08-12 17:28:37,755 INFO  [io.api.tes.ser.api.KafkaSerdesTester] (Thread-697) Sending message {"key11755019716536": "value-1"} to topic topic-ae34df56_1479_4c89_9e97_1546bc95912c
2025-08-12 17:28:37,757 INFO  [io.api.tes.ser.api.KafkaSerdesTester] (Thread-697) Sending message {"key11755019716536": "value-2"} to topic topic-ae34df56_1479_4c89_9e97_1546bc95912c
2025-08-12 17:28:37,758 INFO  [io.api.tes.ser.api.KafkaSerdesTester] (Thread-697) Sending message {"key11755019716536": "value-3"} to topic topic-ae34df56_1479_4c89_9e97_1546bc95912c
2025-08-12 17:28:37,760 INFO  [io.api.tes.ser.api.KafkaSerdesTester] (Thread-697) Sending message {"key11755019716536": "value-4"} to topic topic-ae34df56_1479_4c89_9e97_1546bc95912c
2025-08-12 17:28:37,762 INFO  [io.api.tes.ser.api.KafkaSerdesTester] (Thread-697) Sending message {"key11755019716536": "value-5"} to topic topic-ae34df56_1479_4c89_9e97_1546bc95912c
2025-08-12 17:28:37,764 INFO  [io.api.tes.ser.api.KafkaSerdesTester] (Thread-697) Sending message {"key11755019716536": "value-6"} to topic topic-ae34df56_1479_4c89_9e97_1546bc95912c
2025-08-12 17:28:37,766 INFO  [io.api.tes.ser.api.KafkaSerdesTester] (Thread-697) Sending message {"key11755019716536": "value-7"} to topic topic-ae34df56_1479_4c89_9e97_1546bc95912c
2025-08-12 17:28:37,767 INFO  [io.api.tes.ser.api.KafkaSerdesTester] (Thread-697) Sending message {"key11755019716536": "value-8"} to topic topic-ae34df56_1479_4c89_9e97_1546bc95912c
2025-08-12 17:28:37,772 INFO  [io.api.tes.ser.api.KafkaSerdesTester] (Thread-697) Sending message {"key11755019716536": "value-9"} to topic topic-ae34df56_1479_4c89_9e97_1546bc95912c
2025-08-12 17:28:37,773 INFO  [io.api.tes.ser.api.KafkaSerdesTester] (Thread-697) Produced 10 messages
2025-08-12 17:28:37,773 INFO  [org.apa.kaf.cli.pro.KafkaProducer] (Thread-697) [Producer clientId=Producer-topic-ae34df56_1479_4c89_9e97_1546bc95912c] Closing the Kafka producer with timeoutMillis = 9223372036854775807 ms.
2025-08-12 17:28:37,775 INFO  [org.apa.kaf.com.met.Metrics] (Thread-697) Metrics scheduler closed
2025-08-12 17:28:37,775 INFO  [org.apa.kaf.com.met.Metrics] (Thread-697) Closing reporter org.apache.kafka.common.metrics.JmxReporter
2025-08-12 17:28:37,775 INFO  [org.apa.kaf.com.met.Metrics] (Thread-697) Closing reporter org.apache.kafka.common.telemetry.internals.ClientTelemetryReporter
2025-08-12 17:28:37,775 INFO  [org.apa.kaf.com.met.Metrics] (Thread-697) Metrics reporters closed
2025-08-12 17:28:37,776 INFO  [org.apa.kaf.com.uti.AppInfoParser] (Thread-697) App info kafka.producer for Producer-topic-ae34df56_1479_4c89_9e97_1546bc95912c unregistered
**** Registry Base URL: http://registry-app-ksql043.apps.ci419.apicurio-testing.org:80
2025-08-12 17:28:37,776 INFO  [org.apa.kaf.cli.con.ConsumerConfig] (main) ConsumerConfig values: 
	allow.auto.create.topics = true
	auto.commit.interval.ms = 500
	auto.include.jmx.reporter = true
	auto.offset.reset = earliest
	bootstrap.servers = [PLAINTEXT://localhost:32769]
	check.crcs = true
	client.dns.lookup = use_all_dns_ips
	client.id = consumer-Consumer-topic-ae34df56_1479_4c89_9e97_1546bc95912c-13
	client.rack = 
	connections.max.idle.ms = 10000
	default.api.timeout.ms = 60000
	enable.auto.commit = true
	enable.metrics.push = true
	exclude.internal.topics = true
	fetch.max.bytes = 52428800
	fetch.max.wait.ms = 500
	fetch.min.bytes = 1
	group.id = Consumer-topic-ae34df56_1479_4c89_9e97_1546bc95912c
	group.instance.id = null
	group.protocol = classic
	group.remote.assignor = null
	heartbeat.interval.ms = 3000
	interceptor.classes = []
	internal.leave.group.on.close = true
	internal.throw.on.fetch.stable.offset.unsupported = false
	isolation.level = read_uncommitted
	key.deserializer = class org.apache.kafka.common.serialization.StringDeserializer
	max.partition.fetch.bytes = 1048576
	max.poll.interval.ms = 300000
	max.poll.records = 500
	metadata.max.age.ms = 300000
	metadata.recovery.strategy = none
	metric.reporters = []
	metrics.num.samples = 2
	metrics.recording.level = INFO
	metrics.sample.window.ms = 30000
	partition.assignment.strategy = [class org.apache.kafka.clients.consumer.RangeAssignor, class org.apache.kafka.clients.consumer.CooperativeStickyAssignor]
	receive.buffer.bytes = 65536
	reconnect.backoff.max.ms = 1000
	reconnect.backoff.ms = 50
	request.timeout.ms = 5000
	retry.backoff.max.ms = 1000
	retry.backoff.ms = 100
	sasl.client.callback.handler.class = null
	sasl.jaas.config = null
	sasl.kerberos.kinit.cmd = /usr/bin/kinit
	sasl.kerberos.min.time.before.relogin = 60000
	sasl.kerberos.service.name = null
	sasl.kerberos.ticket.renew.jitter = 0.05
	sasl.kerberos.ticket.renew.window.factor = 0.8
	sasl.login.callback.handler.class = null
	sasl.login.class = null
	sasl.login.connect.timeout.ms = null
	sasl.login.read.timeout.ms = null
	sasl.login.refresh.buffer.seconds = 300
	sasl.login.refresh.min.period.seconds = 60
	sasl.login.refresh.window.factor = 0.8
	sasl.login.refresh.window.jitter = 0.05
	sasl.login.retry.backoff.max.ms = 10000
	sasl.login.retry.backoff.ms = 100
	sasl.mechanism = GSSAPI
	sasl.oauthbearer.clock.skew.seconds = 30
	sasl.oauthbearer.expected.audience = null
	sasl.oauthbearer.expected.issuer = null
	sasl.oauthbearer.header.urlencode = false
	sasl.oauthbearer.jwks.endpoint.refresh.ms = 3600000
	sasl.oauthbearer.jwks.endpoint.retry.backoff.max.ms = 10000
	sasl.oauthbearer.jwks.endpoint.retry.backoff.ms = 100
	sasl.oauthbearer.jwks.endpoint.url = null
	sasl.oauthbearer.scope.claim.name = scope
	sasl.oauthbearer.sub.claim.name = sub
	sasl.oauthbearer.token.endpoint.url = null
	security.protocol = PLAINTEXT
	security.providers = null
	send.buffer.bytes = 131072
	session.timeout.ms = 45000
	socket.connection.setup.timeout.max.ms = 30000
	socket.connection.setup.timeout.ms = 10000
	ssl.cipher.suites = null
	ssl.enabled.protocols = [TLSv1.2, TLSv1.3]
	ssl.endpoint.identification.algorithm = https
	ssl.engine.factory.class = null
	ssl.key.password = null
	ssl.keymanager.algorithm = SunX509
	ssl.keystore.certificate.chain = null
	ssl.keystore.key = null
	ssl.keystore.location = null
	ssl.keystore.password = null
	ssl.keystore.type = JKS
	ssl.protocol = TLSv1.3
	ssl.provider = null
	ssl.secure.random.implementation = null
	ssl.trustmanager.algorithm = PKIX
	ssl.truststore.certificates = null
	ssl.truststore.location = null
	ssl.truststore.password = null
	ssl.truststore.type = JKS
	value.deserializer = class io.apicurio.registry.serde.avro.AvroKafkaDeserializer

2025-08-12 17:28:37,777 INFO  [org.apa.kaf.com.tel.int.KafkaMetricsCollector] (main) initializing Kafka metrics collector
2025-08-12 17:28:37,784 INFO  [org.apa.kaf.cli.con.ConsumerConfig] (main) These configurations '[apicurio.registry.url]' were supplied but are not used yet.
2025-08-12 17:28:37,784 INFO  [org.apa.kaf.com.uti.AppInfoParser] (main) Kafka version: 3.9.1
2025-08-12 17:28:37,784 INFO  [org.apa.kaf.com.uti.AppInfoParser] (main) Kafka commitId: f745dfdcee2b9851
2025-08-12 17:28:37,784 INFO  [org.apa.kaf.com.uti.AppInfoParser] (main) Kafka startTimeMs: 1755019717784
2025-08-12 17:28:37,784 INFO  [org.apa.kaf.cli.con.int.ClassicKafkaConsumer] (Thread-700) [Consumer clientId=consumer-Consumer-topic-ae34df56_1479_4c89_9e97_1546bc95912c-13, groupId=Consumer-topic-ae34df56_1479_4c89_9e97_1546bc95912c] Subscribed to topic(s): topic-ae34df56_1479_4c89_9e97_1546bc95912c
2025-08-12 17:28:37,788 INFO  [org.apa.kaf.cli.Metadata] (Thread-700) [Consumer clientId=consumer-Consumer-topic-ae34df56_1479_4c89_9e97_1546bc95912c-13, groupId=Consumer-topic-ae34df56_1479_4c89_9e97_1546bc95912c] Cluster ID: Fm7ZMVgORveP7Vf0og8MFw
2025-08-12 17:28:37,789 INFO  [org.apa.kaf.cli.con.int.ConsumerCoordinator] (Thread-700) [Consumer clientId=consumer-Consumer-topic-ae34df56_1479_4c89_9e97_1546bc95912c-13, groupId=Consumer-topic-ae34df56_1479_4c89_9e97_1546bc95912c] Discovered group coordinator localhost:32769 (id: 2147483647 rack: null)
2025-08-12 17:28:37,793 INFO  [org.apa.kaf.cli.con.int.ConsumerCoordinator] (Thread-700) [Consumer clientId=consumer-Consumer-topic-ae34df56_1479_4c89_9e97_1546bc95912c-13, groupId=Consumer-topic-ae34df56_1479_4c89_9e97_1546bc95912c] (Re-)joining group
2025-08-12 17:28:37,795 INFO  [org.apa.kaf.cli.con.int.ConsumerCoordinator] (Thread-700) [Consumer clientId=consumer-Consumer-topic-ae34df56_1479_4c89_9e97_1546bc95912c-13, groupId=Consumer-topic-ae34df56_1479_4c89_9e97_1546bc95912c] Request joining group due to: need to re-join with the given member-id: consumer-Consumer-topic-ae34df56_1479_4c89_9e97_1546bc95912c-13-51ee379b-dde6-4763-90bb-cf7cb705eb54
2025-08-12 17:28:37,795 INFO  [org.apa.kaf.cli.con.int.ConsumerCoordinator] (Thread-700) [Consumer clientId=consumer-Consumer-topic-ae34df56_1479_4c89_9e97_1546bc95912c-13, groupId=Consumer-topic-ae34df56_1479_4c89_9e97_1546bc95912c] (Re-)joining group
2025-08-12 17:28:38,784 INFO  [io.api.tes.ser.api.KafkaSerdesTester] (Thread-700) None found
2025-08-12 17:28:39,785 INFO  [io.api.tes.ser.api.KafkaSerdesTester] (Thread-700) None found
2025-08-12 17:28:40,786 INFO  [io.api.tes.ser.api.KafkaSerdesTester] (Thread-700) None found
2025-08-12 17:28:40,797 INFO  [org.apa.kaf.cli.con.int.ConsumerCoordinator] (Thread-700) [Consumer clientId=consumer-Consumer-topic-ae34df56_1479_4c89_9e97_1546bc95912c-13, groupId=Consumer-topic-ae34df56_1479_4c89_9e97_1546bc95912c] Successfully joined group with generation Generation{generationId=1, memberId='consumer-Consumer-topic-ae34df56_1479_4c89_9e97_1546bc95912c-13-51ee379b-dde6-4763-90bb-cf7cb705eb54', protocol='range'}
2025-08-12 17:28:40,797 INFO  [org.apa.kaf.cli.con.int.ConsumerCoordinator] (Thread-700) [Consumer clientId=consumer-Consumer-topic-ae34df56_1479_4c89_9e97_1546bc95912c-13, groupId=Consumer-topic-ae34df56_1479_4c89_9e97_1546bc95912c] Finished assignment for group at generation 1: {consumer-Consumer-topic-ae34df56_1479_4c89_9e97_1546bc95912c-13-51ee379b-dde6-4763-90bb-cf7cb705eb54=Assignment(partitions=[topic-ae34df56_1479_4c89_9e97_1546bc95912c-0])}
2025-08-12 17:28:40,804 INFO  [org.apa.kaf.cli.con.int.ConsumerCoordinator] (Thread-700) [Consumer clientId=consumer-Consumer-topic-ae34df56_1479_4c89_9e97_1546bc95912c-13, groupId=Consumer-topic-ae34df56_1479_4c89_9e97_1546bc95912c] Successfully synced group in generation Generation{generationId=1, memberId='consumer-Consumer-topic-ae34df56_1479_4c89_9e97_1546bc95912c-13-51ee379b-dde6-4763-90bb-cf7cb705eb54', protocol='range'}
2025-08-12 17:28:40,804 INFO  [org.apa.kaf.cli.con.int.ConsumerCoordinator] (Thread-700) [Consumer clientId=consumer-Consumer-topic-ae34df56_1479_4c89_9e97_1546bc95912c-13, groupId=Consumer-topic-ae34df56_1479_4c89_9e97_1546bc95912c] Notifying assignor about the new Assignment(partitions=[topic-ae34df56_1479_4c89_9e97_1546bc95912c-0])
2025-08-12 17:28:40,804 INFO  [org.apa.kaf.cli.con.int.ConsumerRebalanceListenerInvoker] (Thread-700) [Consumer clientId=consumer-Consumer-topic-ae34df56_1479_4c89_9e97_1546bc95912c-13, groupId=Consumer-topic-ae34df56_1479_4c89_9e97_1546bc95912c] Adding newly assigned partitions: topic-ae34df56_1479_4c89_9e97_1546bc95912c-0
2025-08-12 17:28:40,805 INFO  [org.apa.kaf.cli.con.int.ConsumerCoordinator] (Thread-700) [Consumer clientId=consumer-Consumer-topic-ae34df56_1479_4c89_9e97_1546bc95912c-13, groupId=Consumer-topic-ae34df56_1479_4c89_9e97_1546bc95912c] Found no committed offset for partition topic-ae34df56_1479_4c89_9e97_1546bc95912c-0
2025-08-12 17:28:40,808 INFO  [org.apa.kaf.cli.con.int.SubscriptionState] (Thread-700) [Consumer clientId=consumer-Consumer-topic-ae34df56_1479_4c89_9e97_1546bc95912c-13, groupId=Consumer-topic-ae34df56_1479_4c89_9e97_1546bc95912c] Resetting offset for partition topic-ae34df56_1479_4c89_9e97_1546bc95912c-0 to position FetchPosition{offset=0, offsetEpoch=Optional.empty, currentLeader=LeaderAndEpoch{leader=Optional[localhost:32769 (id: 0 rack: null)], epoch=0}}.
2025-08-12 17:28:40,887 INFO  [io.api.tes.ser.api.KafkaSerdesTester] (Thread-700) topic-ae34df56_1479_4c89_9e97_1546bc95912c 0 0 {"key11755019716536": "value-0"}
2025-08-12 17:28:40,887 INFO  [io.api.tes.ser.api.KafkaSerdesTester] (Thread-700) topic-ae34df56_1479_4c89_9e97_1546bc95912c 0 1 {"key11755019716536": "value-1"}
2025-08-12 17:28:40,887 INFO  [io.api.tes.ser.api.KafkaSerdesTester] (Thread-700) topic-ae34df56_1479_4c89_9e97_1546bc95912c 0 2 {"key11755019716536": "value-2"}
2025-08-12 17:28:40,887 INFO  [io.api.tes.ser.api.KafkaSerdesTester] (Thread-700) topic-ae34df56_1479_4c89_9e97_1546bc95912c 0 3 {"key11755019716536": "value-3"}
2025-08-12 17:28:40,887 INFO  [io.api.tes.ser.api.KafkaSerdesTester] (Thread-700) topic-ae34df56_1479_4c89_9e97_1546bc95912c 0 4 {"key11755019716536": "value-4"}
2025-08-12 17:28:40,887 INFO  [io.api.tes.ser.api.KafkaSerdesTester] (Thread-700) topic-ae34df56_1479_4c89_9e97_1546bc95912c 0 5 {"key11755019716536": "value-5"}
2025-08-12 17:28:40,887 INFO  [io.api.tes.ser.api.KafkaSerdesTester] (Thread-700) topic-ae34df56_1479_4c89_9e97_1546bc95912c 0 6 {"key11755019716536": "value-6"}
2025-08-12 17:28:40,887 INFO  [io.api.tes.ser.api.KafkaSerdesTester] (Thread-700) topic-ae34df56_1479_4c89_9e97_1546bc95912c 0 7 {"key11755019716536": "value-7"}
2025-08-12 17:28:40,887 INFO  [io.api.tes.ser.api.KafkaSerdesTester] (Thread-700) topic-ae34df56_1479_4c89_9e97_1546bc95912c 0 8 {"key11755019716536": "value-8"}
2025-08-12 17:28:40,887 INFO  [io.api.tes.ser.api.KafkaSerdesTester] (Thread-700) topic-ae34df56_1479_4c89_9e97_1546bc95912c 0 9 {"key11755019716536": "value-9"}
2025-08-12 17:28:40,887 INFO  [io.api.tes.ser.api.KafkaSerdesTester] (Thread-700) Consumed 10 messages
2025-08-12 17:28:40,895 INFO  [org.apa.kaf.cli.con.int.ConsumerRebalanceListenerInvoker] (Thread-700) [Consumer clientId=consumer-Consumer-topic-ae34df56_1479_4c89_9e97_1546bc95912c-13, groupId=Consumer-topic-ae34df56_1479_4c89_9e97_1546bc95912c] Revoke previously assigned partitions topic-ae34df56_1479_4c89_9e97_1546bc95912c-0
2025-08-12 17:28:40,895 INFO  [org.apa.kaf.cli.con.int.ConsumerCoordinator] (Thread-700) [Consumer clientId=consumer-Consumer-topic-ae34df56_1479_4c89_9e97_1546bc95912c-13, groupId=Consumer-topic-ae34df56_1479_4c89_9e97_1546bc95912c] Member consumer-Consumer-topic-ae34df56_1479_4c89_9e97_1546bc95912c-13-51ee379b-dde6-4763-90bb-cf7cb705eb54 sending LeaveGroup request to coordinator localhost:32769 (id: 2147483647 rack: null) due to the consumer is being closed
2025-08-12 17:28:40,896 INFO  [org.apa.kaf.cli.con.int.ConsumerCoordinator] (Thread-700) [Consumer clientId=consumer-Consumer-topic-ae34df56_1479_4c89_9e97_1546bc95912c-13, groupId=Consumer-topic-ae34df56_1479_4c89_9e97_1546bc95912c] Resetting generation and member id due to: consumer pro-actively leaving the group
2025-08-12 17:28:40,896 INFO  [org.apa.kaf.cli.con.int.ConsumerCoordinator] (Thread-700) [Consumer clientId=consumer-Consumer-topic-ae34df56_1479_4c89_9e97_1546bc95912c-13, groupId=Consumer-topic-ae34df56_1479_4c89_9e97_1546bc95912c] Request joining group due to: consumer pro-actively leaving the group
2025-08-12 17:28:41,390 INFO  [org.apa.kaf.com.met.Metrics] (Thread-700) Metrics scheduler closed
2025-08-12 17:28:41,390 INFO  [org.apa.kaf.com.met.Metrics] (Thread-700) Closing reporter org.apache.kafka.common.metrics.JmxReporter
2025-08-12 17:28:41,390 INFO  [org.apa.kaf.com.met.Metrics] (Thread-700) Closing reporter org.apache.kafka.common.telemetry.internals.ClientTelemetryReporter
2025-08-12 17:28:41,390 INFO  [org.apa.kaf.com.met.Metrics] (Thread-700) Metrics reporters closed
2025-08-12 17:28:41,392 INFO  [org.apa.kaf.com.uti.AppInfoParser] (Thread-700) App info kafka.consumer for consumer-Consumer-topic-ae34df56_1479_4c89_9e97_1546bc95912c-13 unregistered
2025-08-12 17:28:41,392 INFO  [io.api.tes.uti.TestSeparator] (main) io.apicurio.tests.serdes.apicurio.AvroSerdeIT.testTopicRecordIdStrategydFindLatest-FINISHED
2025-08-12 17:28:41,392 INFO  [io.api.tes.uti.TestSeparator] (main) ############################################################################
Test passed: testTopicRecordIdStrategydFindLatest
]]></system-out>
  </testcase>
  <testcase name="testAvroConfluentForMultipleTopics" classname="io.apicurio.tests.serdes.apicurio.AvroSerdeIT" time="12.216">
    <system-out><![CDATA[2025-08-12 17:28:41,394 INFO  [io.api.tes.uti.TestSeparator] (main) ############################################################################
2025-08-12 17:28:41,394 INFO  [io.api.tes.uti.TestSeparator] (main) io.apicurio.tests.serdes.apicurio.AvroSerdeIT.testAvroConfluentForMultipleTopics-STARTED
2025-08-12 17:28:41,395 INFO  [io.api.tes.ser.api.AvroSerdeIT] (main) Registering Avro Schema: {"type":"record","name":"myrecordconfluent","fields":[{"name":"key11755019721394","type":"string"}]}
**** Registry Base URL: http://registry-app-ksql043.apps.ci419.apicurio-testing.org:80
2025-08-12 17:28:42,496 INFO  [org.apa.kaf.cli.pro.ProducerConfig] (main) ProducerConfig values: 
	acks = -1
	auto.include.jmx.reporter = true
	batch.size = 16384
	bootstrap.servers = [PLAINTEXT://localhost:32769]
	buffer.memory = 33554432
	client.dns.lookup = use_all_dns_ips
	client.id = Producer-topic-f6010fdd_c95a_4d9a_819c_fa8cdec712c5
	compression.gzip.level = -1
	compression.lz4.level = 9
	compression.type = none
	compression.zstd.level = 3
	connections.max.idle.ms = 10000
	delivery.timeout.ms = 120000
	enable.idempotence = true
	enable.metrics.push = true
	interceptor.classes = []
	key.serializer = class org.apache.kafka.common.serialization.StringSerializer
	linger.ms = 0
	max.block.ms = 60000
	max.in.flight.requests.per.connection = 5
	max.request.size = 1048576
	metadata.max.age.ms = 300000
	metadata.max.idle.ms = 300000
	metadata.recovery.strategy = none
	metric.reporters = []
	metrics.num.samples = 2
	metrics.recording.level = INFO
	metrics.sample.window.ms = 30000
	partitioner.adaptive.partitioning.enable = true
	partitioner.availability.timeout.ms = 0
	partitioner.class = null
	partitioner.ignore.keys = false
	receive.buffer.bytes = 32768
	reconnect.backoff.max.ms = 1000
	reconnect.backoff.ms = 50
	request.timeout.ms = 5000
	retries = 2147483647
	retry.backoff.max.ms = 1000
	retry.backoff.ms = 100
	sasl.client.callback.handler.class = null
	sasl.jaas.config = null
	sasl.kerberos.kinit.cmd = /usr/bin/kinit
	sasl.kerberos.min.time.before.relogin = 60000
	sasl.kerberos.service.name = null
	sasl.kerberos.ticket.renew.jitter = 0.05
	sasl.kerberos.ticket.renew.window.factor = 0.8
	sasl.login.callback.handler.class = null
	sasl.login.class = null
	sasl.login.connect.timeout.ms = null
	sasl.login.read.timeout.ms = null
	sasl.login.refresh.buffer.seconds = 300
	sasl.login.refresh.min.period.seconds = 60
	sasl.login.refresh.window.factor = 0.8
	sasl.login.refresh.window.jitter = 0.05
	sasl.login.retry.backoff.max.ms = 10000
	sasl.login.retry.backoff.ms = 100
	sasl.mechanism = GSSAPI
	sasl.oauthbearer.clock.skew.seconds = 30
	sasl.oauthbearer.expected.audience = null
	sasl.oauthbearer.expected.issuer = null
	sasl.oauthbearer.header.urlencode = false
	sasl.oauthbearer.jwks.endpoint.refresh.ms = 3600000
	sasl.oauthbearer.jwks.endpoint.retry.backoff.max.ms = 10000
	sasl.oauthbearer.jwks.endpoint.retry.backoff.ms = 100
	sasl.oauthbearer.jwks.endpoint.url = null
	sasl.oauthbearer.scope.claim.name = scope
	sasl.oauthbearer.sub.claim.name = sub
	sasl.oauthbearer.token.endpoint.url = null
	security.protocol = PLAINTEXT
	security.providers = null
	send.buffer.bytes = 131072
	socket.connection.setup.timeout.max.ms = 30000
	socket.connection.setup.timeout.ms = 10000
	ssl.cipher.suites = null
	ssl.enabled.protocols = [TLSv1.2, TLSv1.3]
	ssl.endpoint.identification.algorithm = https
	ssl.engine.factory.class = null
	ssl.key.password = null
	ssl.keymanager.algorithm = SunX509
	ssl.keystore.certificate.chain = null
	ssl.keystore.key = null
	ssl.keystore.location = null
	ssl.keystore.password = null
	ssl.keystore.type = JKS
	ssl.protocol = TLSv1.3
	ssl.provider = null
	ssl.secure.random.implementation = null
	ssl.trustmanager.algorithm = PKIX
	ssl.truststore.certificates = null
	ssl.truststore.location = null
	ssl.truststore.password = null
	ssl.truststore.type = JKS
	transaction.timeout.ms = 60000
	transactional.id = null
	value.serializer = class io.apicurio.registry.serde.avro.AvroKafkaSerializer

2025-08-12 17:28:42,496 INFO  [org.apa.kaf.com.tel.int.KafkaMetricsCollector] (main) initializing Kafka metrics collector
2025-08-12 17:28:42,499 INFO  [org.apa.kaf.cli.pro.KafkaProducer] (main) [Producer clientId=Producer-topic-f6010fdd_c95a_4d9a_819c_fa8cdec712c5] Instantiated an idempotent producer.
2025-08-12 17:28:42,501 INFO  [org.apa.kaf.cli.pro.ProducerConfig] (main) These configurations '[apicurio.registry.url, apicurio.registry.artifact-resolver-strategy]' were supplied but are not used yet.
2025-08-12 17:28:42,501 INFO  [org.apa.kaf.com.uti.AppInfoParser] (main) Kafka version: 3.9.1
2025-08-12 17:28:42,501 INFO  [org.apa.kaf.com.uti.AppInfoParser] (main) Kafka commitId: f745dfdcee2b9851
2025-08-12 17:28:42,501 INFO  [org.apa.kaf.com.uti.AppInfoParser] (main) Kafka startTimeMs: 1755019722501
**** Registry Base URL: http://registry-app-ksql043.apps.ci419.apicurio-testing.org:80
2025-08-12 17:28:42,502 INFO  [org.apa.kaf.cli.pro.ProducerConfig] (main) ProducerConfig values: 
	acks = -1
	auto.include.jmx.reporter = true
	batch.size = 16384
	bootstrap.servers = [PLAINTEXT://localhost:32769]
	buffer.memory = 33554432
	client.dns.lookup = use_all_dns_ips
	client.id = Producer-topic-2ae545b8_fd27_4266_b211_9abab651989c
	compression.gzip.level = -1
	compression.lz4.level = 9
	compression.type = none
	compression.zstd.level = 3
	connections.max.idle.ms = 10000
	delivery.timeout.ms = 120000
	enable.idempotence = true
	enable.metrics.push = true
	interceptor.classes = []
	key.serializer = class org.apache.kafka.common.serialization.StringSerializer
	linger.ms = 0
	max.block.ms = 60000
	max.in.flight.requests.per.connection = 5
	max.request.size = 1048576
	metadata.max.age.ms = 300000
	metadata.max.idle.ms = 300000
	metadata.recovery.strategy = none
	metric.reporters = []
	metrics.num.samples = 2
	metrics.recording.level = INFO
	metrics.sample.window.ms = 30000
	partitioner.adaptive.partitioning.enable = true
	partitioner.availability.timeout.ms = 0
	partitioner.class = null
	partitioner.ignore.keys = false
	receive.buffer.bytes = 32768
	reconnect.backoff.max.ms = 1000
	reconnect.backoff.ms = 50
	request.timeout.ms = 5000
	retries = 2147483647
	retry.backoff.max.ms = 1000
	retry.backoff.ms = 100
	sasl.client.callback.handler.class = null
	sasl.jaas.config = null
	sasl.kerberos.kinit.cmd = /usr/bin/kinit
	sasl.kerberos.min.time.before.relogin = 60000
	sasl.kerberos.service.name = null
	sasl.kerberos.ticket.renew.jitter = 0.05
	sasl.kerberos.ticket.renew.window.factor = 0.8
	sasl.login.callback.handler.class = null
	sasl.login.class = null
	sasl.login.connect.timeout.ms = null
	sasl.login.read.timeout.ms = null
	sasl.login.refresh.buffer.seconds = 300
	sasl.login.refresh.min.period.seconds = 60
	sasl.login.refresh.window.factor = 0.8
	sasl.login.refresh.window.jitter = 0.05
	sasl.login.retry.backoff.max.ms = 10000
	sasl.login.retry.backoff.ms = 100
	sasl.mechanism = GSSAPI
	sasl.oauthbearer.clock.skew.seconds = 30
	sasl.oauthbearer.expected.audience = null
	sasl.oauthbearer.expected.issuer = null
	sasl.oauthbearer.header.urlencode = false
	sasl.oauthbearer.jwks.endpoint.refresh.ms = 3600000
	sasl.oauthbearer.jwks.endpoint.retry.backoff.max.ms = 10000
	sasl.oauthbearer.jwks.endpoint.retry.backoff.ms = 100
	sasl.oauthbearer.jwks.endpoint.url = null
	sasl.oauthbearer.scope.claim.name = scope
	sasl.oauthbearer.sub.claim.name = sub
	sasl.oauthbearer.token.endpoint.url = null
	security.protocol = PLAINTEXT
	security.providers = null
	send.buffer.bytes = 131072
	socket.connection.setup.timeout.max.ms = 30000
	socket.connection.setup.timeout.ms = 10000
	ssl.cipher.suites = null
	ssl.enabled.protocols = [TLSv1.2, TLSv1.3]
	ssl.endpoint.identification.algorithm = https
	ssl.engine.factory.class = null
	ssl.key.password = null
	ssl.keymanager.algorithm = SunX509
	ssl.keystore.certificate.chain = null
	ssl.keystore.key = null
	ssl.keystore.location = null
	ssl.keystore.password = null
	ssl.keystore.type = JKS
	ssl.protocol = TLSv1.3
	ssl.provider = null
	ssl.secure.random.implementation = null
	ssl.trustmanager.algorithm = PKIX
	ssl.truststore.certificates = null
	ssl.truststore.location = null
	ssl.truststore.password = null
	ssl.truststore.type = JKS
	transaction.timeout.ms = 60000
	transactional.id = null
	value.serializer = class io.apicurio.registry.serde.avro.AvroKafkaSerializer

2025-08-12 17:28:42,503 INFO  [org.apa.kaf.com.tel.int.KafkaMetricsCollector] (main) initializing Kafka metrics collector
2025-08-12 17:28:42,505 INFO  [org.apa.kaf.cli.Metadata] (kafka-producer-network-thread | Producer-topic-f6010fdd_c95a_4d9a_819c_fa8cdec712c5) [Producer clientId=Producer-topic-f6010fdd_c95a_4d9a_819c_fa8cdec712c5] Cluster ID: Fm7ZMVgORveP7Vf0og8MFw
2025-08-12 17:28:42,506 INFO  [org.apa.kaf.cli.pro.int.TransactionManager] (kafka-producer-network-thread | Producer-topic-f6010fdd_c95a_4d9a_819c_fa8cdec712c5) [Producer clientId=Producer-topic-f6010fdd_c95a_4d9a_819c_fa8cdec712c5] ProducerId set to 19 with epoch 0
2025-08-12 17:28:42,507 INFO  [org.apa.kaf.cli.pro.KafkaProducer] (main) [Producer clientId=Producer-topic-2ae545b8_fd27_4266_b211_9abab651989c] Instantiated an idempotent producer.
2025-08-12 17:28:42,509 INFO  [org.apa.kaf.cli.pro.ProducerConfig] (main) These configurations '[apicurio.registry.url, apicurio.registry.artifact-resolver-strategy]' were supplied but are not used yet.
2025-08-12 17:28:42,509 INFO  [org.apa.kaf.com.uti.AppInfoParser] (main) Kafka version: 3.9.1
2025-08-12 17:28:42,509 INFO  [org.apa.kaf.com.uti.AppInfoParser] (main) Kafka commitId: f745dfdcee2b9851
2025-08-12 17:28:42,509 INFO  [org.apa.kaf.com.uti.AppInfoParser] (main) Kafka startTimeMs: 1755019722509
**** Registry Base URL: http://registry-app-ksql043.apps.ci419.apicurio-testing.org:80
2025-08-12 17:28:42,510 INFO  [org.apa.kaf.cli.pro.ProducerConfig] (main) ProducerConfig values: 
	acks = -1
	auto.include.jmx.reporter = true
	batch.size = 16384
	bootstrap.servers = [PLAINTEXT://localhost:32769]
	buffer.memory = 33554432
	client.dns.lookup = use_all_dns_ips
	client.id = Producer-topic-ac77e529_e98e_44c0_8a9b_476b91fb05ae
	compression.gzip.level = -1
	compression.lz4.level = 9
	compression.type = none
	compression.zstd.level = 3
	connections.max.idle.ms = 10000
	delivery.timeout.ms = 120000
	enable.idempotence = true
	enable.metrics.push = true
	interceptor.classes = []
	key.serializer = class org.apache.kafka.common.serialization.StringSerializer
	linger.ms = 0
	max.block.ms = 60000
	max.in.flight.requests.per.connection = 5
	max.request.size = 1048576
	metadata.max.age.ms = 300000
	metadata.max.idle.ms = 300000
	metadata.recovery.strategy = none
	metric.reporters = []
	metrics.num.samples = 2
	metrics.recording.level = INFO
	metrics.sample.window.ms = 30000
	partitioner.adaptive.partitioning.enable = true
	partitioner.availability.timeout.ms = 0
	partitioner.class = null
	partitioner.ignore.keys = false
	receive.buffer.bytes = 32768
	reconnect.backoff.max.ms = 1000
	reconnect.backoff.ms = 50
	request.timeout.ms = 5000
	retries = 2147483647
	retry.backoff.max.ms = 1000
	retry.backoff.ms = 100
	sasl.client.callback.handler.class = null
	sasl.jaas.config = null
	sasl.kerberos.kinit.cmd = /usr/bin/kinit
	sasl.kerberos.min.time.before.relogin = 60000
	sasl.kerberos.service.name = null
	sasl.kerberos.ticket.renew.jitter = 0.05
	sasl.kerberos.ticket.renew.window.factor = 0.8
	sasl.login.callback.handler.class = null
	sasl.login.class = null
	sasl.login.connect.timeout.ms = null
	sasl.login.read.timeout.ms = null
	sasl.login.refresh.buffer.seconds = 300
	sasl.login.refresh.min.period.seconds = 60
	sasl.login.refresh.window.factor = 0.8
	sasl.login.refresh.window.jitter = 0.05
	sasl.login.retry.backoff.max.ms = 10000
	sasl.login.retry.backoff.ms = 100
	sasl.mechanism = GSSAPI
	sasl.oauthbearer.clock.skew.seconds = 30
	sasl.oauthbearer.expected.audience = null
	sasl.oauthbearer.expected.issuer = null
	sasl.oauthbearer.header.urlencode = false
	sasl.oauthbearer.jwks.endpoint.refresh.ms = 3600000
	sasl.oauthbearer.jwks.endpoint.retry.backoff.max.ms = 10000
	sasl.oauthbearer.jwks.endpoint.retry.backoff.ms = 100
	sasl.oauthbearer.jwks.endpoint.url = null
	sasl.oauthbearer.scope.claim.name = scope
	sasl.oauthbearer.sub.claim.name = sub
	sasl.oauthbearer.token.endpoint.url = null
	security.protocol = PLAINTEXT
	security.providers = null
	send.buffer.bytes = 131072
	socket.connection.setup.timeout.max.ms = 30000
	socket.connection.setup.timeout.ms = 10000
	ssl.cipher.suites = null
	ssl.enabled.protocols = [TLSv1.2, TLSv1.3]
	ssl.endpoint.identification.algorithm = https
	ssl.engine.factory.class = null
	ssl.key.password = null
	ssl.keymanager.algorithm = SunX509
	ssl.keystore.certificate.chain = null
	ssl.keystore.key = null
	ssl.keystore.location = null
	ssl.keystore.password = null
	ssl.keystore.type = JKS
	ssl.protocol = TLSv1.3
	ssl.provider = null
	ssl.secure.random.implementation = null
	ssl.trustmanager.algorithm = PKIX
	ssl.truststore.certificates = null
	ssl.truststore.location = null
	ssl.truststore.password = null
	ssl.truststore.type = JKS
	transaction.timeout.ms = 60000
	transactional.id = null
	value.serializer = class io.apicurio.registry.serde.avro.AvroKafkaSerializer

2025-08-12 17:28:42,510 INFO  [org.apa.kaf.com.tel.int.KafkaMetricsCollector] (main) initializing Kafka metrics collector
2025-08-12 17:28:42,514 INFO  [org.apa.kaf.cli.Metadata] (kafka-producer-network-thread | Producer-topic-2ae545b8_fd27_4266_b211_9abab651989c) [Producer clientId=Producer-topic-2ae545b8_fd27_4266_b211_9abab651989c] Cluster ID: Fm7ZMVgORveP7Vf0og8MFw
2025-08-12 17:28:42,515 INFO  [org.apa.kaf.cli.pro.int.TransactionManager] (kafka-producer-network-thread | Producer-topic-2ae545b8_fd27_4266_b211_9abab651989c) [Producer clientId=Producer-topic-2ae545b8_fd27_4266_b211_9abab651989c] ProducerId set to 20 with epoch 0
2025-08-12 17:28:42,516 INFO  [org.apa.kaf.cli.pro.KafkaProducer] (main) [Producer clientId=Producer-topic-ac77e529_e98e_44c0_8a9b_476b91fb05ae] Instantiated an idempotent producer.
2025-08-12 17:28:42,523 INFO  [org.apa.kaf.cli.pro.ProducerConfig] (main) These configurations '[apicurio.registry.url, apicurio.registry.artifact-resolver-strategy]' were supplied but are not used yet.
2025-08-12 17:28:42,523 INFO  [org.apa.kaf.com.uti.AppInfoParser] (main) Kafka version: 3.9.1
2025-08-12 17:28:42,523 INFO  [org.apa.kaf.com.uti.AppInfoParser] (main) Kafka commitId: f745dfdcee2b9851
2025-08-12 17:28:42,523 INFO  [org.apa.kaf.com.uti.AppInfoParser] (main) Kafka startTimeMs: 1755019722523
**** Registry Base URL: http://registry-app-ksql043.apps.ci419.apicurio-testing.org:80
2025-08-12 17:28:42,526 INFO  [org.apa.kaf.cli.con.ConsumerConfig] (main) ConsumerConfig values: 
	allow.auto.create.topics = true
	auto.commit.interval.ms = 500
	auto.include.jmx.reporter = true
	auto.offset.reset = earliest
	bootstrap.servers = [PLAINTEXT://localhost:32769]
	check.crcs = true
	client.dns.lookup = use_all_dns_ips
	client.id = consumer-Consumer-topic-f6010fdd_c95a_4d9a_819c_fa8cdec712c5-14
	client.rack = 
	connections.max.idle.ms = 10000
	default.api.timeout.ms = 60000
	enable.auto.commit = true
	enable.metrics.push = true
	exclude.internal.topics = true
	fetch.max.bytes = 52428800
	fetch.max.wait.ms = 500
	fetch.min.bytes = 1
	group.id = Consumer-topic-f6010fdd_c95a_4d9a_819c_fa8cdec712c5
	group.instance.id = null
	group.protocol = classic
	group.remote.assignor = null
	heartbeat.interval.ms = 3000
	interceptor.classes = []
	internal.leave.group.on.close = true
	internal.throw.on.fetch.stable.offset.unsupported = false
	isolation.level = read_uncommitted
	key.deserializer = class org.apache.kafka.common.serialization.StringDeserializer
	max.partition.fetch.bytes = 1048576
	max.poll.interval.ms = 300000
	max.poll.records = 500
	metadata.max.age.ms = 300000
	metadata.recovery.strategy = none
	metric.reporters = []
	metrics.num.samples = 2
	metrics.recording.level = INFO
	metrics.sample.window.ms = 30000
	partition.assignment.strategy = [class org.apache.kafka.clients.consumer.RangeAssignor, class org.apache.kafka.clients.consumer.CooperativeStickyAssignor]
	receive.buffer.bytes = 65536
	reconnect.backoff.max.ms = 1000
	reconnect.backoff.ms = 50
	request.timeout.ms = 5000
	retry.backoff.max.ms = 1000
	retry.backoff.ms = 100
	sasl.client.callback.handler.class = null
	sasl.jaas.config = null
	sasl.kerberos.kinit.cmd = /usr/bin/kinit
	sasl.kerberos.min.time.before.relogin = 60000
	sasl.kerberos.service.name = null
	sasl.kerberos.ticket.renew.jitter = 0.05
	sasl.kerberos.ticket.renew.window.factor = 0.8
	sasl.login.callback.handler.class = null
	sasl.login.class = null
	sasl.login.connect.timeout.ms = null
	sasl.login.read.timeout.ms = null
	sasl.login.refresh.buffer.seconds = 300
	sasl.login.refresh.min.period.seconds = 60
	sasl.login.refresh.window.factor = 0.8
	sasl.login.refresh.window.jitter = 0.05
	sasl.login.retry.backoff.max.ms = 10000
	sasl.login.retry.backoff.ms = 100
	sasl.mechanism = GSSAPI
	sasl.oauthbearer.clock.skew.seconds = 30
	sasl.oauthbearer.expected.audience = null
	sasl.oauthbearer.expected.issuer = null
	sasl.oauthbearer.header.urlencode = false
	sasl.oauthbearer.jwks.endpoint.refresh.ms = 3600000
	sasl.oauthbearer.jwks.endpoint.retry.backoff.max.ms = 10000
	sasl.oauthbearer.jwks.endpoint.retry.backoff.ms = 100
	sasl.oauthbearer.jwks.endpoint.url = null
	sasl.oauthbearer.scope.claim.name = scope
	sasl.oauthbearer.sub.claim.name = sub
	sasl.oauthbearer.token.endpoint.url = null
	security.protocol = PLAINTEXT
	security.providers = null
	send.buffer.bytes = 131072
	session.timeout.ms = 45000
	socket.connection.setup.timeout.max.ms = 30000
	socket.connection.setup.timeout.ms = 10000
	ssl.cipher.suites = null
	ssl.enabled.protocols = [TLSv1.2, TLSv1.3]
	ssl.endpoint.identification.algorithm = https
	ssl.engine.factory.class = null
	ssl.key.password = null
	ssl.keymanager.algorithm = SunX509
	ssl.keystore.certificate.chain = null
	ssl.keystore.key = null
	ssl.keystore.location = null
	ssl.keystore.password = null
	ssl.keystore.type = JKS
	ssl.protocol = TLSv1.3
	ssl.provider = null
	ssl.secure.random.implementation = null
	ssl.trustmanager.algorithm = PKIX
	ssl.truststore.certificates = null
	ssl.truststore.location = null
	ssl.truststore.password = null
	ssl.truststore.type = JKS
	value.deserializer = class io.apicurio.registry.serde.avro.AvroKafkaDeserializer

2025-08-12 17:28:42,526 INFO  [org.apa.kaf.com.tel.int.KafkaMetricsCollector] (main) initializing Kafka metrics collector
2025-08-12 17:28:42,533 INFO  [org.apa.kaf.cli.Metadata] (kafka-producer-network-thread | Producer-topic-ac77e529_e98e_44c0_8a9b_476b91fb05ae) [Producer clientId=Producer-topic-ac77e529_e98e_44c0_8a9b_476b91fb05ae] Cluster ID: Fm7ZMVgORveP7Vf0og8MFw
2025-08-12 17:28:42,534 INFO  [org.apa.kaf.cli.pro.int.TransactionManager] (kafka-producer-network-thread | Producer-topic-ac77e529_e98e_44c0_8a9b_476b91fb05ae) [Producer clientId=Producer-topic-ac77e529_e98e_44c0_8a9b_476b91fb05ae] ProducerId set to 21 with epoch 0
2025-08-12 17:28:42,535 INFO  [org.apa.kaf.cli.con.ConsumerConfig] (main) These configurations '[apicurio.registry.url]' were supplied but are not used yet.
2025-08-12 17:28:42,535 INFO  [org.apa.kaf.com.uti.AppInfoParser] (main) Kafka version: 3.9.1
2025-08-12 17:28:42,535 INFO  [org.apa.kaf.com.uti.AppInfoParser] (main) Kafka commitId: f745dfdcee2b9851
2025-08-12 17:28:42,535 INFO  [org.apa.kaf.com.uti.AppInfoParser] (main) Kafka startTimeMs: 1755019722535
**** Registry Base URL: http://registry-app-ksql043.apps.ci419.apicurio-testing.org:80
2025-08-12 17:28:42,536 INFO  [org.apa.kaf.cli.con.ConsumerConfig] (main) ConsumerConfig values: 
	allow.auto.create.topics = true
	auto.commit.interval.ms = 500
	auto.include.jmx.reporter = true
	auto.offset.reset = earliest
	bootstrap.servers = [PLAINTEXT://localhost:32769]
	check.crcs = true
	client.dns.lookup = use_all_dns_ips
	client.id = consumer-Consumer-topic-2ae545b8_fd27_4266_b211_9abab651989c-15
	client.rack = 
	connections.max.idle.ms = 10000
	default.api.timeout.ms = 60000
	enable.auto.commit = true
	enable.metrics.push = true
	exclude.internal.topics = true
	fetch.max.bytes = 52428800
	fetch.max.wait.ms = 500
	fetch.min.bytes = 1
	group.id = Consumer-topic-2ae545b8_fd27_4266_b211_9abab651989c
	group.instance.id = null
	group.protocol = classic
	group.remote.assignor = null
	heartbeat.interval.ms = 3000
	interceptor.classes = []
	internal.leave.group.on.close = true
	internal.throw.on.fetch.stable.offset.unsupported = false
	isolation.level = read_uncommitted
	key.deserializer = class org.apache.kafka.common.serialization.StringDeserializer
	max.partition.fetch.bytes = 1048576
	max.poll.interval.ms = 300000
	max.poll.records = 500
	metadata.max.age.ms = 300000
	metadata.recovery.strategy = none
	metric.reporters = []
	metrics.num.samples = 2
	metrics.recording.level = INFO
	metrics.sample.window.ms = 30000
	partition.assignment.strategy = [class org.apache.kafka.clients.consumer.RangeAssignor, class org.apache.kafka.clients.consumer.CooperativeStickyAssignor]
	receive.buffer.bytes = 65536
	reconnect.backoff.max.ms = 1000
	reconnect.backoff.ms = 50
	request.timeout.ms = 5000
	retry.backoff.max.ms = 1000
	retry.backoff.ms = 100
	sasl.client.callback.handler.class = null
	sasl.jaas.config = null
	sasl.kerberos.kinit.cmd = /usr/bin/kinit
	sasl.kerberos.min.time.before.relogin = 60000
	sasl.kerberos.service.name = null
	sasl.kerberos.ticket.renew.jitter = 0.05
	sasl.kerberos.ticket.renew.window.factor = 0.8
	sasl.login.callback.handler.class = null
	sasl.login.class = null
	sasl.login.connect.timeout.ms = null
	sasl.login.read.timeout.ms = null
	sasl.login.refresh.buffer.seconds = 300
	sasl.login.refresh.min.period.seconds = 60
	sasl.login.refresh.window.factor = 0.8
	sasl.login.refresh.window.jitter = 0.05
	sasl.login.retry.backoff.max.ms = 10000
	sasl.login.retry.backoff.ms = 100
	sasl.mechanism = GSSAPI
	sasl.oauthbearer.clock.skew.seconds = 30
	sasl.oauthbearer.expected.audience = null
	sasl.oauthbearer.expected.issuer = null
	sasl.oauthbearer.header.urlencode = false
	sasl.oauthbearer.jwks.endpoint.refresh.ms = 3600000
	sasl.oauthbearer.jwks.endpoint.retry.backoff.max.ms = 10000
	sasl.oauthbearer.jwks.endpoint.retry.backoff.ms = 100
	sasl.oauthbearer.jwks.endpoint.url = null
	sasl.oauthbearer.scope.claim.name = scope
	sasl.oauthbearer.sub.claim.name = sub
	sasl.oauthbearer.token.endpoint.url = null
	security.protocol = PLAINTEXT
	security.providers = null
	send.buffer.bytes = 131072
	session.timeout.ms = 45000
	socket.connection.setup.timeout.max.ms = 30000
	socket.connection.setup.timeout.ms = 10000
	ssl.cipher.suites = null
	ssl.enabled.protocols = [TLSv1.2, TLSv1.3]
	ssl.endpoint.identification.algorithm = https
	ssl.engine.factory.class = null
	ssl.key.password = null
	ssl.keymanager.algorithm = SunX509
	ssl.keystore.certificate.chain = null
	ssl.keystore.key = null
	ssl.keystore.location = null
	ssl.keystore.password = null
	ssl.keystore.type = JKS
	ssl.protocol = TLSv1.3
	ssl.provider = null
	ssl.secure.random.implementation = null
	ssl.trustmanager.algorithm = PKIX
	ssl.truststore.certificates = null
	ssl.truststore.location = null
	ssl.truststore.password = null
	ssl.truststore.type = JKS
	value.deserializer = class io.apicurio.registry.serde.avro.AvroKafkaDeserializer

2025-08-12 17:28:42,538 INFO  [org.apa.kaf.com.tel.int.KafkaMetricsCollector] (main) initializing Kafka metrics collector
2025-08-12 17:28:42,544 INFO  [org.apa.kaf.cli.con.ConsumerConfig] (main) These configurations '[apicurio.registry.url]' were supplied but are not used yet.
2025-08-12 17:28:42,545 INFO  [org.apa.kaf.com.uti.AppInfoParser] (main) Kafka version: 3.9.1
2025-08-12 17:28:42,545 INFO  [org.apa.kaf.com.uti.AppInfoParser] (main) Kafka commitId: f745dfdcee2b9851
2025-08-12 17:28:42,545 INFO  [org.apa.kaf.com.uti.AppInfoParser] (main) Kafka startTimeMs: 1755019722545
**** Registry Base URL: http://registry-app-ksql043.apps.ci419.apicurio-testing.org:80
2025-08-12 17:28:42,545 INFO  [org.apa.kaf.cli.con.ConsumerConfig] (main) ConsumerConfig values: 
	allow.auto.create.topics = true
	auto.commit.interval.ms = 500
	auto.include.jmx.reporter = true
	auto.offset.reset = earliest
	bootstrap.servers = [PLAINTEXT://localhost:32769]
	check.crcs = true
	client.dns.lookup = use_all_dns_ips
	client.id = consumer-Consumer-topic-ac77e529_e98e_44c0_8a9b_476b91fb05ae-16
	client.rack = 
	connections.max.idle.ms = 10000
	default.api.timeout.ms = 60000
	enable.auto.commit = true
	enable.metrics.push = true
	exclude.internal.topics = true
	fetch.max.bytes = 52428800
	fetch.max.wait.ms = 500
	fetch.min.bytes = 1
	group.id = Consumer-topic-ac77e529_e98e_44c0_8a9b_476b91fb05ae
	group.instance.id = null
	group.protocol = classic
	group.remote.assignor = null
	heartbeat.interval.ms = 3000
	interceptor.classes = []
	internal.leave.group.on.close = true
	internal.throw.on.fetch.stable.offset.unsupported = false
	isolation.level = read_uncommitted
	key.deserializer = class org.apache.kafka.common.serialization.StringDeserializer
	max.partition.fetch.bytes = 1048576
	max.poll.interval.ms = 300000
	max.poll.records = 500
	metadata.max.age.ms = 300000
	metadata.recovery.strategy = none
	metric.reporters = []
	metrics.num.samples = 2
	metrics.recording.level = INFO
	metrics.sample.window.ms = 30000
	partition.assignment.strategy = [class org.apache.kafka.clients.consumer.RangeAssignor, class org.apache.kafka.clients.consumer.CooperativeStickyAssignor]
	receive.buffer.bytes = 65536
	reconnect.backoff.max.ms = 1000
	reconnect.backoff.ms = 50
	request.timeout.ms = 5000
	retry.backoff.max.ms = 1000
	retry.backoff.ms = 100
	sasl.client.callback.handler.class = null
	sasl.jaas.config = null
	sasl.kerberos.kinit.cmd = /usr/bin/kinit
	sasl.kerberos.min.time.before.relogin = 60000
	sasl.kerberos.service.name = null
	sasl.kerberos.ticket.renew.jitter = 0.05
	sasl.kerberos.ticket.renew.window.factor = 0.8
	sasl.login.callback.handler.class = null
	sasl.login.class = null
	sasl.login.connect.timeout.ms = null
	sasl.login.read.timeout.ms = null
	sasl.login.refresh.buffer.seconds = 300
	sasl.login.refresh.min.period.seconds = 60
	sasl.login.refresh.window.factor = 0.8
	sasl.login.refresh.window.jitter = 0.05
	sasl.login.retry.backoff.max.ms = 10000
	sasl.login.retry.backoff.ms = 100
	sasl.mechanism = GSSAPI
	sasl.oauthbearer.clock.skew.seconds = 30
	sasl.oauthbearer.expected.audience = null
	sasl.oauthbearer.expected.issuer = null
	sasl.oauthbearer.header.urlencode = false
	sasl.oauthbearer.jwks.endpoint.refresh.ms = 3600000
	sasl.oauthbearer.jwks.endpoint.retry.backoff.max.ms = 10000
	sasl.oauthbearer.jwks.endpoint.retry.backoff.ms = 100
	sasl.oauthbearer.jwks.endpoint.url = null
	sasl.oauthbearer.scope.claim.name = scope
	sasl.oauthbearer.sub.claim.name = sub
	sasl.oauthbearer.token.endpoint.url = null
	security.protocol = PLAINTEXT
	security.providers = null
	send.buffer.bytes = 131072
	session.timeout.ms = 45000
	socket.connection.setup.timeout.max.ms = 30000
	socket.connection.setup.timeout.ms = 10000
	ssl.cipher.suites = null
	ssl.enabled.protocols = [TLSv1.2, TLSv1.3]
	ssl.endpoint.identification.algorithm = https
	ssl.engine.factory.class = null
	ssl.key.password = null
	ssl.keymanager.algorithm = SunX509
	ssl.keystore.certificate.chain = null
	ssl.keystore.key = null
	ssl.keystore.location = null
	ssl.keystore.password = null
	ssl.keystore.type = JKS
	ssl.protocol = TLSv1.3
	ssl.provider = null
	ssl.secure.random.implementation = null
	ssl.trustmanager.algorithm = PKIX
	ssl.truststore.certificates = null
	ssl.truststore.location = null
	ssl.truststore.password = null
	ssl.truststore.type = JKS
	value.deserializer = class io.apicurio.registry.serde.avro.AvroKafkaDeserializer

2025-08-12 17:28:42,545 INFO  [org.apa.kaf.com.tel.int.KafkaMetricsCollector] (main) initializing Kafka metrics collector
2025-08-12 17:28:42,553 INFO  [org.apa.kaf.cli.con.ConsumerConfig] (main) These configurations '[apicurio.registry.url]' were supplied but are not used yet.
2025-08-12 17:28:42,553 INFO  [org.apa.kaf.com.uti.AppInfoParser] (main) Kafka version: 3.9.1
2025-08-12 17:28:42,553 INFO  [org.apa.kaf.com.uti.AppInfoParser] (main) Kafka commitId: f745dfdcee2b9851
2025-08-12 17:28:42,553 INFO  [org.apa.kaf.com.uti.AppInfoParser] (main) Kafka startTimeMs: 1755019722553
2025-08-12 17:28:42,554 INFO  [io.api.tes.ser.api.KafkaSerdesTester] (Thread-713) Sending message {"key11755019721394": "value-0"} to topic topic-f6010fdd_c95a_4d9a_819c_fa8cdec712c5
2025-08-12 17:28:42,558 INFO  [DefaultSchemaResolver] (Thread-713) Retrieving schema content using string: {"type":"record","name":"myrecordconfluent","fields":[{"name":"key11755019721394","type":"string"}]}
2025-08-12 17:28:42,615 INFO  [io.api.tes.ser.api.KafkaSerdesTester] (Thread-713) Sending message {"key11755019721394": "value-1"} to topic topic-f6010fdd_c95a_4d9a_819c_fa8cdec712c5
2025-08-12 17:28:42,616 INFO  [io.api.tes.ser.api.KafkaSerdesTester] (Thread-713) Sending message {"key11755019721394": "value-2"} to topic topic-f6010fdd_c95a_4d9a_819c_fa8cdec712c5
2025-08-12 17:28:42,618 INFO  [io.api.tes.ser.api.KafkaSerdesTester] (Thread-713) Sending message {"key11755019721394": "value-3"} to topic topic-f6010fdd_c95a_4d9a_819c_fa8cdec712c5
2025-08-12 17:28:42,620 INFO  [io.api.tes.ser.api.KafkaSerdesTester] (Thread-713) Sending message {"key11755019721394": "value-4"} to topic topic-f6010fdd_c95a_4d9a_819c_fa8cdec712c5
2025-08-12 17:28:42,621 INFO  [io.api.tes.ser.api.KafkaSerdesTester] (Thread-713) Sending message {"key11755019721394": "value-5"} to topic topic-f6010fdd_c95a_4d9a_819c_fa8cdec712c5
2025-08-12 17:28:42,624 INFO  [io.api.tes.ser.api.KafkaSerdesTester] (Thread-713) Sending message {"key11755019721394": "value-6"} to topic topic-f6010fdd_c95a_4d9a_819c_fa8cdec712c5
2025-08-12 17:28:42,626 INFO  [io.api.tes.ser.api.KafkaSerdesTester] (Thread-713) Sending message {"key11755019721394": "value-7"} to topic topic-f6010fdd_c95a_4d9a_819c_fa8cdec712c5
2025-08-12 17:28:42,627 INFO  [io.api.tes.ser.api.KafkaSerdesTester] (Thread-713) Sending message {"key11755019721394": "value-8"} to topic topic-f6010fdd_c95a_4d9a_819c_fa8cdec712c5
2025-08-12 17:28:42,629 INFO  [io.api.tes.ser.api.KafkaSerdesTester] (Thread-713) Sending message {"key11755019721394": "value-9"} to topic topic-f6010fdd_c95a_4d9a_819c_fa8cdec712c5
2025-08-12 17:28:42,630 INFO  [io.api.tes.ser.api.KafkaSerdesTester] (Thread-713) Produced 10 messages
2025-08-12 17:28:42,630 INFO  [org.apa.kaf.cli.pro.KafkaProducer] (Thread-713) [Producer clientId=Producer-topic-f6010fdd_c95a_4d9a_819c_fa8cdec712c5] Closing the Kafka producer with timeoutMillis = 9223372036854775807 ms.
2025-08-12 17:28:42,632 INFO  [org.apa.kaf.com.met.Metrics] (Thread-713) Metrics scheduler closed
2025-08-12 17:28:42,632 INFO  [org.apa.kaf.com.met.Metrics] (Thread-713) Closing reporter org.apache.kafka.common.metrics.JmxReporter
2025-08-12 17:28:42,632 INFO  [org.apa.kaf.com.met.Metrics] (Thread-713) Closing reporter org.apache.kafka.common.telemetry.internals.ClientTelemetryReporter
2025-08-12 17:28:42,632 INFO  [org.apa.kaf.com.met.Metrics] (Thread-713) Metrics reporters closed
2025-08-12 17:28:42,633 INFO  [org.apa.kaf.com.uti.AppInfoParser] (Thread-713) App info kafka.producer for Producer-topic-f6010fdd_c95a_4d9a_819c_fa8cdec712c5 unregistered
2025-08-12 17:28:42,634 INFO  [io.api.tes.ser.api.KafkaSerdesTester] (Thread-714) Sending message {"key11755019721394": "value-0"} to topic topic-2ae545b8_fd27_4266_b211_9abab651989c
2025-08-12 17:28:42,639 INFO  [DefaultSchemaResolver] (Thread-714) Retrieving schema content using string: {"type":"record","name":"myrecordconfluent","fields":[{"name":"key11755019721394","type":"string"}]}
2025-08-12 17:28:42,698 INFO  [io.api.tes.ser.api.KafkaSerdesTester] (Thread-714) Sending message {"key11755019721394": "value-1"} to topic topic-2ae545b8_fd27_4266_b211_9abab651989c
2025-08-12 17:28:42,700 INFO  [io.api.tes.ser.api.KafkaSerdesTester] (Thread-714) Sending message {"key11755019721394": "value-2"} to topic topic-2ae545b8_fd27_4266_b211_9abab651989c
2025-08-12 17:28:42,701 INFO  [io.api.tes.ser.api.KafkaSerdesTester] (Thread-714) Sending message {"key11755019721394": "value-3"} to topic topic-2ae545b8_fd27_4266_b211_9abab651989c
2025-08-12 17:28:42,703 INFO  [io.api.tes.ser.api.KafkaSerdesTester] (Thread-714) Sending message {"key11755019721394": "value-4"} to topic topic-2ae545b8_fd27_4266_b211_9abab651989c
2025-08-12 17:28:42,704 INFO  [io.api.tes.ser.api.KafkaSerdesTester] (Thread-714) Sending message {"key11755019721394": "value-5"} to topic topic-2ae545b8_fd27_4266_b211_9abab651989c
2025-08-12 17:28:42,707 INFO  [io.api.tes.ser.api.KafkaSerdesTester] (Thread-714) Sending message {"key11755019721394": "value-6"} to topic topic-2ae545b8_fd27_4266_b211_9abab651989c
2025-08-12 17:28:42,708 INFO  [io.api.tes.ser.api.KafkaSerdesTester] (Thread-714) Sending message {"key11755019721394": "value-7"} to topic topic-2ae545b8_fd27_4266_b211_9abab651989c
2025-08-12 17:28:42,710 INFO  [io.api.tes.ser.api.KafkaSerdesTester] (Thread-714) Sending message {"key11755019721394": "value-8"} to topic topic-2ae545b8_fd27_4266_b211_9abab651989c
2025-08-12 17:28:42,711 INFO  [io.api.tes.ser.api.KafkaSerdesTester] (Thread-714) Sending message {"key11755019721394": "value-9"} to topic topic-2ae545b8_fd27_4266_b211_9abab651989c
2025-08-12 17:28:42,712 INFO  [io.api.tes.ser.api.KafkaSerdesTester] (Thread-714) Produced 10 messages
2025-08-12 17:28:42,712 INFO  [org.apa.kaf.cli.pro.KafkaProducer] (Thread-714) [Producer clientId=Producer-topic-2ae545b8_fd27_4266_b211_9abab651989c] Closing the Kafka producer with timeoutMillis = 9223372036854775807 ms.
2025-08-12 17:28:42,715 INFO  [org.apa.kaf.com.met.Metrics] (Thread-714) Metrics scheduler closed
2025-08-12 17:28:42,715 INFO  [org.apa.kaf.com.met.Metrics] (Thread-714) Closing reporter org.apache.kafka.common.metrics.JmxReporter
2025-08-12 17:28:42,715 INFO  [org.apa.kaf.com.met.Metrics] (Thread-714) Closing reporter org.apache.kafka.common.telemetry.internals.ClientTelemetryReporter
2025-08-12 17:28:42,715 INFO  [org.apa.kaf.com.met.Metrics] (Thread-714) Metrics reporters closed
2025-08-12 17:28:42,715 INFO  [org.apa.kaf.com.uti.AppInfoParser] (Thread-714) App info kafka.producer for Producer-topic-2ae545b8_fd27_4266_b211_9abab651989c unregistered
2025-08-12 17:28:42,717 INFO  [io.api.tes.ser.api.KafkaSerdesTester] (Thread-715) Sending message {"key11755019721394": "value-0"} to topic topic-ac77e529_e98e_44c0_8a9b_476b91fb05ae
2025-08-12 17:28:42,721 INFO  [DefaultSchemaResolver] (Thread-715) Retrieving schema content using string: {"type":"record","name":"myrecordconfluent","fields":[{"name":"key11755019721394","type":"string"}]}
2025-08-12 17:28:42,777 INFO  [io.api.tes.ser.api.KafkaSerdesTester] (Thread-715) Sending message {"key11755019721394": "value-1"} to topic topic-ac77e529_e98e_44c0_8a9b_476b91fb05ae
2025-08-12 17:28:42,778 INFO  [io.api.tes.ser.api.KafkaSerdesTester] (Thread-715) Sending message {"key11755019721394": "value-2"} to topic topic-ac77e529_e98e_44c0_8a9b_476b91fb05ae
2025-08-12 17:28:42,781 INFO  [io.api.tes.ser.api.KafkaSerdesTester] (Thread-715) Sending message {"key11755019721394": "value-3"} to topic topic-ac77e529_e98e_44c0_8a9b_476b91fb05ae
2025-08-12 17:28:42,782 INFO  [io.api.tes.ser.api.KafkaSerdesTester] (Thread-715) Sending message {"key11755019721394": "value-4"} to topic topic-ac77e529_e98e_44c0_8a9b_476b91fb05ae
2025-08-12 17:28:42,784 INFO  [io.api.tes.ser.api.KafkaSerdesTester] (Thread-715) Sending message {"key11755019721394": "value-5"} to topic topic-ac77e529_e98e_44c0_8a9b_476b91fb05ae
2025-08-12 17:28:42,785 INFO  [io.api.tes.ser.api.KafkaSerdesTester] (Thread-715) Sending message {"key11755019721394": "value-6"} to topic topic-ac77e529_e98e_44c0_8a9b_476b91fb05ae
2025-08-12 17:28:42,787 INFO  [io.api.tes.ser.api.KafkaSerdesTester] (Thread-715) Sending message {"key11755019721394": "value-7"} to topic topic-ac77e529_e98e_44c0_8a9b_476b91fb05ae
2025-08-12 17:28:42,789 INFO  [io.api.tes.ser.api.KafkaSerdesTester] (Thread-715) Sending message {"key11755019721394": "value-8"} to topic topic-ac77e529_e98e_44c0_8a9b_476b91fb05ae
2025-08-12 17:28:42,791 INFO  [io.api.tes.ser.api.KafkaSerdesTester] (Thread-715) Sending message {"key11755019721394": "value-9"} to topic topic-ac77e529_e98e_44c0_8a9b_476b91fb05ae
2025-08-12 17:28:42,792 INFO  [io.api.tes.ser.api.KafkaSerdesTester] (Thread-715) Produced 10 messages
2025-08-12 17:28:42,792 INFO  [org.apa.kaf.cli.pro.KafkaProducer] (Thread-715) [Producer clientId=Producer-topic-ac77e529_e98e_44c0_8a9b_476b91fb05ae] Closing the Kafka producer with timeoutMillis = 9223372036854775807 ms.
2025-08-12 17:28:42,795 INFO  [org.apa.kaf.com.met.Metrics] (Thread-715) Metrics scheduler closed
2025-08-12 17:28:42,795 INFO  [org.apa.kaf.com.met.Metrics] (Thread-715) Closing reporter org.apache.kafka.common.metrics.JmxReporter
2025-08-12 17:28:42,795 INFO  [org.apa.kaf.com.met.Metrics] (Thread-715) Closing reporter org.apache.kafka.common.telemetry.internals.ClientTelemetryReporter
2025-08-12 17:28:42,795 INFO  [org.apa.kaf.com.met.Metrics] (Thread-715) Metrics reporters closed
2025-08-12 17:28:42,795 INFO  [org.apa.kaf.com.uti.AppInfoParser] (Thread-715) App info kafka.producer for Producer-topic-ac77e529_e98e_44c0_8a9b_476b91fb05ae unregistered
2025-08-12 17:28:42,796 INFO  [org.apa.kaf.cli.con.int.ClassicKafkaConsumer] (Thread-716) [Consumer clientId=consumer-Consumer-topic-f6010fdd_c95a_4d9a_819c_fa8cdec712c5-14, groupId=Consumer-topic-f6010fdd_c95a_4d9a_819c_fa8cdec712c5] Subscribed to topic(s): topic-f6010fdd_c95a_4d9a_819c_fa8cdec712c5
2025-08-12 17:28:42,801 INFO  [org.apa.kaf.cli.Metadata] (Thread-716) [Consumer clientId=consumer-Consumer-topic-f6010fdd_c95a_4d9a_819c_fa8cdec712c5-14, groupId=Consumer-topic-f6010fdd_c95a_4d9a_819c_fa8cdec712c5] Cluster ID: Fm7ZMVgORveP7Vf0og8MFw
2025-08-12 17:28:42,802 INFO  [org.apa.kaf.cli.con.int.ConsumerCoordinator] (Thread-716) [Consumer clientId=consumer-Consumer-topic-f6010fdd_c95a_4d9a_819c_fa8cdec712c5-14, groupId=Consumer-topic-f6010fdd_c95a_4d9a_819c_fa8cdec712c5] Discovered group coordinator localhost:32769 (id: 2147483647 rack: null)
2025-08-12 17:28:42,806 INFO  [org.apa.kaf.cli.con.int.ConsumerCoordinator] (Thread-716) [Consumer clientId=consumer-Consumer-topic-f6010fdd_c95a_4d9a_819c_fa8cdec712c5-14, groupId=Consumer-topic-f6010fdd_c95a_4d9a_819c_fa8cdec712c5] (Re-)joining group
2025-08-12 17:28:42,811 INFO  [org.apa.kaf.cli.con.int.ConsumerCoordinator] (Thread-716) [Consumer clientId=consumer-Consumer-topic-f6010fdd_c95a_4d9a_819c_fa8cdec712c5-14, groupId=Consumer-topic-f6010fdd_c95a_4d9a_819c_fa8cdec712c5] Request joining group due to: need to re-join with the given member-id: consumer-Consumer-topic-f6010fdd_c95a_4d9a_819c_fa8cdec712c5-14-e7ef0d80-a402-4634-bba5-f0f15aae27f9
2025-08-12 17:28:42,811 INFO  [org.apa.kaf.cli.con.int.ConsumerCoordinator] (Thread-716) [Consumer clientId=consumer-Consumer-topic-f6010fdd_c95a_4d9a_819c_fa8cdec712c5-14, groupId=Consumer-topic-f6010fdd_c95a_4d9a_819c_fa8cdec712c5] (Re-)joining group
2025-08-12 17:28:43,796 INFO  [io.api.tes.ser.api.KafkaSerdesTester] (Thread-716) None found
2025-08-12 17:28:44,797 INFO  [io.api.tes.ser.api.KafkaSerdesTester] (Thread-716) None found
2025-08-12 17:28:45,797 INFO  [io.api.tes.ser.api.KafkaSerdesTester] (Thread-716) None found
2025-08-12 17:28:45,815 INFO  [org.apa.kaf.cli.con.int.ConsumerCoordinator] (Thread-716) [Consumer clientId=consumer-Consumer-topic-f6010fdd_c95a_4d9a_819c_fa8cdec712c5-14, groupId=Consumer-topic-f6010fdd_c95a_4d9a_819c_fa8cdec712c5] Successfully joined group with generation Generation{generationId=1, memberId='consumer-Consumer-topic-f6010fdd_c95a_4d9a_819c_fa8cdec712c5-14-e7ef0d80-a402-4634-bba5-f0f15aae27f9', protocol='range'}
2025-08-12 17:28:45,816 INFO  [org.apa.kaf.cli.con.int.ConsumerCoordinator] (Thread-716) [Consumer clientId=consumer-Consumer-topic-f6010fdd_c95a_4d9a_819c_fa8cdec712c5-14, groupId=Consumer-topic-f6010fdd_c95a_4d9a_819c_fa8cdec712c5] Finished assignment for group at generation 1: {consumer-Consumer-topic-f6010fdd_c95a_4d9a_819c_fa8cdec712c5-14-e7ef0d80-a402-4634-bba5-f0f15aae27f9=Assignment(partitions=[topic-f6010fdd_c95a_4d9a_819c_fa8cdec712c5-0])}
2025-08-12 17:28:45,823 INFO  [org.apa.kaf.cli.con.int.ConsumerCoordinator] (Thread-716) [Consumer clientId=consumer-Consumer-topic-f6010fdd_c95a_4d9a_819c_fa8cdec712c5-14, groupId=Consumer-topic-f6010fdd_c95a_4d9a_819c_fa8cdec712c5] Successfully synced group in generation Generation{generationId=1, memberId='consumer-Consumer-topic-f6010fdd_c95a_4d9a_819c_fa8cdec712c5-14-e7ef0d80-a402-4634-bba5-f0f15aae27f9', protocol='range'}
2025-08-12 17:28:45,823 INFO  [org.apa.kaf.cli.con.int.ConsumerCoordinator] (Thread-716) [Consumer clientId=consumer-Consumer-topic-f6010fdd_c95a_4d9a_819c_fa8cdec712c5-14, groupId=Consumer-topic-f6010fdd_c95a_4d9a_819c_fa8cdec712c5] Notifying assignor about the new Assignment(partitions=[topic-f6010fdd_c95a_4d9a_819c_fa8cdec712c5-0])
2025-08-12 17:28:45,823 INFO  [org.apa.kaf.cli.con.int.ConsumerRebalanceListenerInvoker] (Thread-716) [Consumer clientId=consumer-Consumer-topic-f6010fdd_c95a_4d9a_819c_fa8cdec712c5-14, groupId=Consumer-topic-f6010fdd_c95a_4d9a_819c_fa8cdec712c5] Adding newly assigned partitions: topic-f6010fdd_c95a_4d9a_819c_fa8cdec712c5-0
2025-08-12 17:28:45,824 INFO  [org.apa.kaf.cli.con.int.ConsumerCoordinator] (Thread-716) [Consumer clientId=consumer-Consumer-topic-f6010fdd_c95a_4d9a_819c_fa8cdec712c5-14, groupId=Consumer-topic-f6010fdd_c95a_4d9a_819c_fa8cdec712c5] Found no committed offset for partition topic-f6010fdd_c95a_4d9a_819c_fa8cdec712c5-0
2025-08-12 17:28:45,825 INFO  [org.apa.kaf.cli.con.int.SubscriptionState] (Thread-716) [Consumer clientId=consumer-Consumer-topic-f6010fdd_c95a_4d9a_819c_fa8cdec712c5-14, groupId=Consumer-topic-f6010fdd_c95a_4d9a_819c_fa8cdec712c5] Resetting offset for partition topic-f6010fdd_c95a_4d9a_819c_fa8cdec712c5-0 to position FetchPosition{offset=0, offsetEpoch=Optional.empty, currentLeader=LeaderAndEpoch{leader=Optional[localhost:32769 (id: 0 rack: null)], epoch=0}}.
2025-08-12 17:28:45,900 INFO  [io.api.tes.ser.api.KafkaSerdesTester] (Thread-716) topic-f6010fdd_c95a_4d9a_819c_fa8cdec712c5 0 0 {"key11755019721394": "value-0"}
2025-08-12 17:28:45,900 INFO  [io.api.tes.ser.api.KafkaSerdesTester] (Thread-716) topic-f6010fdd_c95a_4d9a_819c_fa8cdec712c5 0 1 {"key11755019721394": "value-1"}
2025-08-12 17:28:45,900 INFO  [io.api.tes.ser.api.KafkaSerdesTester] (Thread-716) topic-f6010fdd_c95a_4d9a_819c_fa8cdec712c5 0 2 {"key11755019721394": "value-2"}
2025-08-12 17:28:45,900 INFO  [io.api.tes.ser.api.KafkaSerdesTester] (Thread-716) topic-f6010fdd_c95a_4d9a_819c_fa8cdec712c5 0 3 {"key11755019721394": "value-3"}
2025-08-12 17:28:45,900 INFO  [io.api.tes.ser.api.KafkaSerdesTester] (Thread-716) topic-f6010fdd_c95a_4d9a_819c_fa8cdec712c5 0 4 {"key11755019721394": "value-4"}
2025-08-12 17:28:45,900 INFO  [io.api.tes.ser.api.KafkaSerdesTester] (Thread-716) topic-f6010fdd_c95a_4d9a_819c_fa8cdec712c5 0 5 {"key11755019721394": "value-5"}
2025-08-12 17:28:45,901 INFO  [io.api.tes.ser.api.KafkaSerdesTester] (Thread-716) topic-f6010fdd_c95a_4d9a_819c_fa8cdec712c5 0 6 {"key11755019721394": "value-6"}
2025-08-12 17:28:45,901 INFO  [io.api.tes.ser.api.KafkaSerdesTester] (Thread-716) topic-f6010fdd_c95a_4d9a_819c_fa8cdec712c5 0 7 {"key11755019721394": "value-7"}
2025-08-12 17:28:45,901 INFO  [io.api.tes.ser.api.KafkaSerdesTester] (Thread-716) topic-f6010fdd_c95a_4d9a_819c_fa8cdec712c5 0 8 {"key11755019721394": "value-8"}
2025-08-12 17:28:45,901 INFO  [io.api.tes.ser.api.KafkaSerdesTester] (Thread-716) topic-f6010fdd_c95a_4d9a_819c_fa8cdec712c5 0 9 {"key11755019721394": "value-9"}
2025-08-12 17:28:45,901 INFO  [io.api.tes.ser.api.KafkaSerdesTester] (Thread-716) Consumed 10 messages
2025-08-12 17:28:45,910 INFO  [org.apa.kaf.cli.con.int.ConsumerRebalanceListenerInvoker] (Thread-716) [Consumer clientId=consumer-Consumer-topic-f6010fdd_c95a_4d9a_819c_fa8cdec712c5-14, groupId=Consumer-topic-f6010fdd_c95a_4d9a_819c_fa8cdec712c5] Revoke previously assigned partitions topic-f6010fdd_c95a_4d9a_819c_fa8cdec712c5-0
2025-08-12 17:28:45,910 INFO  [org.apa.kaf.cli.con.int.ConsumerCoordinator] (Thread-716) [Consumer clientId=consumer-Consumer-topic-f6010fdd_c95a_4d9a_819c_fa8cdec712c5-14, groupId=Consumer-topic-f6010fdd_c95a_4d9a_819c_fa8cdec712c5] Member consumer-Consumer-topic-f6010fdd_c95a_4d9a_819c_fa8cdec712c5-14-e7ef0d80-a402-4634-bba5-f0f15aae27f9 sending LeaveGroup request to coordinator localhost:32769 (id: 2147483647 rack: null) due to the consumer is being closed
2025-08-12 17:28:45,911 INFO  [org.apa.kaf.cli.con.int.ConsumerCoordinator] (Thread-716) [Consumer clientId=consumer-Consumer-topic-f6010fdd_c95a_4d9a_819c_fa8cdec712c5-14, groupId=Consumer-topic-f6010fdd_c95a_4d9a_819c_fa8cdec712c5] Resetting generation and member id due to: consumer pro-actively leaving the group
2025-08-12 17:28:45,911 INFO  [org.apa.kaf.cli.con.int.ConsumerCoordinator] (Thread-716) [Consumer clientId=consumer-Consumer-topic-f6010fdd_c95a_4d9a_819c_fa8cdec712c5-14, groupId=Consumer-topic-f6010fdd_c95a_4d9a_819c_fa8cdec712c5] Request joining group due to: consumer pro-actively leaving the group
2025-08-12 17:28:46,404 INFO  [org.apa.kaf.com.met.Metrics] (Thread-716) Metrics scheduler closed
2025-08-12 17:28:46,404 INFO  [org.apa.kaf.com.met.Metrics] (Thread-716) Closing reporter org.apache.kafka.common.metrics.JmxReporter
2025-08-12 17:28:46,404 INFO  [org.apa.kaf.com.met.Metrics] (Thread-716) Closing reporter org.apache.kafka.common.telemetry.internals.ClientTelemetryReporter
2025-08-12 17:28:46,404 INFO  [org.apa.kaf.com.met.Metrics] (Thread-716) Metrics reporters closed
2025-08-12 17:28:46,406 INFO  [org.apa.kaf.com.uti.AppInfoParser] (Thread-716) App info kafka.consumer for consumer-Consumer-topic-f6010fdd_c95a_4d9a_819c_fa8cdec712c5-14 unregistered
2025-08-12 17:28:46,407 INFO  [org.apa.kaf.cli.con.int.ClassicKafkaConsumer] (Thread-717) [Consumer clientId=consumer-Consumer-topic-2ae545b8_fd27_4266_b211_9abab651989c-15, groupId=Consumer-topic-2ae545b8_fd27_4266_b211_9abab651989c] Subscribed to topic(s): topic-2ae545b8_fd27_4266_b211_9abab651989c
2025-08-12 17:28:46,412 INFO  [org.apa.kaf.cli.Metadata] (Thread-717) [Consumer clientId=consumer-Consumer-topic-2ae545b8_fd27_4266_b211_9abab651989c-15, groupId=Consumer-topic-2ae545b8_fd27_4266_b211_9abab651989c] Cluster ID: Fm7ZMVgORveP7Vf0og8MFw
2025-08-12 17:28:46,412 INFO  [org.apa.kaf.cli.con.int.ConsumerCoordinator] (Thread-717) [Consumer clientId=consumer-Consumer-topic-2ae545b8_fd27_4266_b211_9abab651989c-15, groupId=Consumer-topic-2ae545b8_fd27_4266_b211_9abab651989c] Discovered group coordinator localhost:32769 (id: 2147483647 rack: null)
2025-08-12 17:28:46,414 INFO  [org.apa.kaf.cli.con.int.ConsumerCoordinator] (Thread-717) [Consumer clientId=consumer-Consumer-topic-2ae545b8_fd27_4266_b211_9abab651989c-15, groupId=Consumer-topic-2ae545b8_fd27_4266_b211_9abab651989c] (Re-)joining group
2025-08-12 17:28:46,416 INFO  [org.apa.kaf.cli.con.int.ConsumerCoordinator] (Thread-717) [Consumer clientId=consumer-Consumer-topic-2ae545b8_fd27_4266_b211_9abab651989c-15, groupId=Consumer-topic-2ae545b8_fd27_4266_b211_9abab651989c] Request joining group due to: need to re-join with the given member-id: consumer-Consumer-topic-2ae545b8_fd27_4266_b211_9abab651989c-15-922c9839-fe96-4ead-8cc1-ffb7cd75a396
2025-08-12 17:28:46,416 INFO  [org.apa.kaf.cli.con.int.ConsumerCoordinator] (Thread-717) [Consumer clientId=consumer-Consumer-topic-2ae545b8_fd27_4266_b211_9abab651989c-15, groupId=Consumer-topic-2ae545b8_fd27_4266_b211_9abab651989c] (Re-)joining group
2025-08-12 17:28:47,408 INFO  [io.api.tes.ser.api.KafkaSerdesTester] (Thread-717) None found
2025-08-12 17:28:48,408 INFO  [io.api.tes.ser.api.KafkaSerdesTester] (Thread-717) None found
2025-08-12 17:28:49,408 INFO  [io.api.tes.ser.api.KafkaSerdesTester] (Thread-717) None found
2025-08-12 17:28:49,418 INFO  [org.apa.kaf.cli.con.int.ConsumerCoordinator] (Thread-717) [Consumer clientId=consumer-Consumer-topic-2ae545b8_fd27_4266_b211_9abab651989c-15, groupId=Consumer-topic-2ae545b8_fd27_4266_b211_9abab651989c] Successfully joined group with generation Generation{generationId=1, memberId='consumer-Consumer-topic-2ae545b8_fd27_4266_b211_9abab651989c-15-922c9839-fe96-4ead-8cc1-ffb7cd75a396', protocol='range'}
2025-08-12 17:28:49,418 INFO  [org.apa.kaf.cli.con.int.ConsumerCoordinator] (Thread-717) [Consumer clientId=consumer-Consumer-topic-2ae545b8_fd27_4266_b211_9abab651989c-15, groupId=Consumer-topic-2ae545b8_fd27_4266_b211_9abab651989c] Finished assignment for group at generation 1: {consumer-Consumer-topic-2ae545b8_fd27_4266_b211_9abab651989c-15-922c9839-fe96-4ead-8cc1-ffb7cd75a396=Assignment(partitions=[topic-2ae545b8_fd27_4266_b211_9abab651989c-0])}
2025-08-12 17:28:49,425 INFO  [org.apa.kaf.cli.con.int.ConsumerCoordinator] (Thread-717) [Consumer clientId=consumer-Consumer-topic-2ae545b8_fd27_4266_b211_9abab651989c-15, groupId=Consumer-topic-2ae545b8_fd27_4266_b211_9abab651989c] Successfully synced group in generation Generation{generationId=1, memberId='consumer-Consumer-topic-2ae545b8_fd27_4266_b211_9abab651989c-15-922c9839-fe96-4ead-8cc1-ffb7cd75a396', protocol='range'}
2025-08-12 17:28:49,425 INFO  [org.apa.kaf.cli.con.int.ConsumerCoordinator] (Thread-717) [Consumer clientId=consumer-Consumer-topic-2ae545b8_fd27_4266_b211_9abab651989c-15, groupId=Consumer-topic-2ae545b8_fd27_4266_b211_9abab651989c] Notifying assignor about the new Assignment(partitions=[topic-2ae545b8_fd27_4266_b211_9abab651989c-0])
2025-08-12 17:28:49,425 INFO  [org.apa.kaf.cli.con.int.ConsumerRebalanceListenerInvoker] (Thread-717) [Consumer clientId=consumer-Consumer-topic-2ae545b8_fd27_4266_b211_9abab651989c-15, groupId=Consumer-topic-2ae545b8_fd27_4266_b211_9abab651989c] Adding newly assigned partitions: topic-2ae545b8_fd27_4266_b211_9abab651989c-0
2025-08-12 17:28:49,426 INFO  [org.apa.kaf.cli.con.int.ConsumerCoordinator] (Thread-717) [Consumer clientId=consumer-Consumer-topic-2ae545b8_fd27_4266_b211_9abab651989c-15, groupId=Consumer-topic-2ae545b8_fd27_4266_b211_9abab651989c] Found no committed offset for partition topic-2ae545b8_fd27_4266_b211_9abab651989c-0
2025-08-12 17:28:49,428 INFO  [org.apa.kaf.cli.con.int.SubscriptionState] (Thread-717) [Consumer clientId=consumer-Consumer-topic-2ae545b8_fd27_4266_b211_9abab651989c-15, groupId=Consumer-topic-2ae545b8_fd27_4266_b211_9abab651989c] Resetting offset for partition topic-2ae545b8_fd27_4266_b211_9abab651989c-0 to position FetchPosition{offset=0, offsetEpoch=Optional.empty, currentLeader=LeaderAndEpoch{leader=Optional[localhost:32769 (id: 0 rack: null)], epoch=0}}.
2025-08-12 17:28:49,500 INFO  [io.api.tes.ser.api.KafkaSerdesTester] (Thread-717) topic-2ae545b8_fd27_4266_b211_9abab651989c 0 0 {"key11755019721394": "value-0"}
2025-08-12 17:28:49,501 INFO  [io.api.tes.ser.api.KafkaSerdesTester] (Thread-717) topic-2ae545b8_fd27_4266_b211_9abab651989c 0 1 {"key11755019721394": "value-1"}
2025-08-12 17:28:49,501 INFO  [io.api.tes.ser.api.KafkaSerdesTester] (Thread-717) topic-2ae545b8_fd27_4266_b211_9abab651989c 0 2 {"key11755019721394": "value-2"}
2025-08-12 17:28:49,501 INFO  [io.api.tes.ser.api.KafkaSerdesTester] (Thread-717) topic-2ae545b8_fd27_4266_b211_9abab651989c 0 3 {"key11755019721394": "value-3"}
2025-08-12 17:28:49,501 INFO  [io.api.tes.ser.api.KafkaSerdesTester] (Thread-717) topic-2ae545b8_fd27_4266_b211_9abab651989c 0 4 {"key11755019721394": "value-4"}
2025-08-12 17:28:49,501 INFO  [io.api.tes.ser.api.KafkaSerdesTester] (Thread-717) topic-2ae545b8_fd27_4266_b211_9abab651989c 0 5 {"key11755019721394": "value-5"}
2025-08-12 17:28:49,501 INFO  [io.api.tes.ser.api.KafkaSerdesTester] (Thread-717) topic-2ae545b8_fd27_4266_b211_9abab651989c 0 6 {"key11755019721394": "value-6"}
2025-08-12 17:28:49,501 INFO  [io.api.tes.ser.api.KafkaSerdesTester] (Thread-717) topic-2ae545b8_fd27_4266_b211_9abab651989c 0 7 {"key11755019721394": "value-7"}
2025-08-12 17:28:49,501 INFO  [io.api.tes.ser.api.KafkaSerdesTester] (Thread-717) topic-2ae545b8_fd27_4266_b211_9abab651989c 0 8 {"key11755019721394": "value-8"}
2025-08-12 17:28:49,501 INFO  [io.api.tes.ser.api.KafkaSerdesTester] (Thread-717) topic-2ae545b8_fd27_4266_b211_9abab651989c 0 9 {"key11755019721394": "value-9"}
2025-08-12 17:28:49,501 INFO  [io.api.tes.ser.api.KafkaSerdesTester] (Thread-717) Consumed 10 messages
2025-08-12 17:28:49,507 INFO  [org.apa.kaf.cli.con.int.ConsumerRebalanceListenerInvoker] (Thread-717) [Consumer clientId=consumer-Consumer-topic-2ae545b8_fd27_4266_b211_9abab651989c-15, groupId=Consumer-topic-2ae545b8_fd27_4266_b211_9abab651989c] Revoke previously assigned partitions topic-2ae545b8_fd27_4266_b211_9abab651989c-0
2025-08-12 17:28:49,507 INFO  [org.apa.kaf.cli.con.int.ConsumerCoordinator] (Thread-717) [Consumer clientId=consumer-Consumer-topic-2ae545b8_fd27_4266_b211_9abab651989c-15, groupId=Consumer-topic-2ae545b8_fd27_4266_b211_9abab651989c] Member consumer-Consumer-topic-2ae545b8_fd27_4266_b211_9abab651989c-15-922c9839-fe96-4ead-8cc1-ffb7cd75a396 sending LeaveGroup request to coordinator localhost:32769 (id: 2147483647 rack: null) due to the consumer is being closed
2025-08-12 17:28:49,507 INFO  [org.apa.kaf.cli.con.int.ConsumerCoordinator] (Thread-717) [Consumer clientId=consumer-Consumer-topic-2ae545b8_fd27_4266_b211_9abab651989c-15, groupId=Consumer-topic-2ae545b8_fd27_4266_b211_9abab651989c] Resetting generation and member id due to: consumer pro-actively leaving the group
2025-08-12 17:28:49,507 INFO  [org.apa.kaf.cli.con.int.ConsumerCoordinator] (Thread-717) [Consumer clientId=consumer-Consumer-topic-2ae545b8_fd27_4266_b211_9abab651989c-15, groupId=Consumer-topic-2ae545b8_fd27_4266_b211_9abab651989c] Request joining group due to: consumer pro-actively leaving the group
2025-08-12 17:28:50,003 INFO  [org.apa.kaf.com.met.Metrics] (Thread-717) Metrics scheduler closed
2025-08-12 17:28:50,003 INFO  [org.apa.kaf.com.met.Metrics] (Thread-717) Closing reporter org.apache.kafka.common.metrics.JmxReporter
2025-08-12 17:28:50,003 INFO  [org.apa.kaf.com.met.Metrics] (Thread-717) Closing reporter org.apache.kafka.common.telemetry.internals.ClientTelemetryReporter
2025-08-12 17:28:50,003 INFO  [org.apa.kaf.com.met.Metrics] (Thread-717) Metrics reporters closed
2025-08-12 17:28:50,005 INFO  [org.apa.kaf.com.uti.AppInfoParser] (Thread-717) App info kafka.consumer for consumer-Consumer-topic-2ae545b8_fd27_4266_b211_9abab651989c-15 unregistered
2025-08-12 17:28:50,006 INFO  [org.apa.kaf.cli.con.int.ClassicKafkaConsumer] (Thread-718) [Consumer clientId=consumer-Consumer-topic-ac77e529_e98e_44c0_8a9b_476b91fb05ae-16, groupId=Consumer-topic-ac77e529_e98e_44c0_8a9b_476b91fb05ae] Subscribed to topic(s): topic-ac77e529_e98e_44c0_8a9b_476b91fb05ae
2025-08-12 17:28:50,010 INFO  [org.apa.kaf.cli.Metadata] (Thread-718) [Consumer clientId=consumer-Consumer-topic-ac77e529_e98e_44c0_8a9b_476b91fb05ae-16, groupId=Consumer-topic-ac77e529_e98e_44c0_8a9b_476b91fb05ae] Cluster ID: Fm7ZMVgORveP7Vf0og8MFw
2025-08-12 17:28:50,013 INFO  [org.apa.kaf.cli.con.int.ConsumerCoordinator] (Thread-718) [Consumer clientId=consumer-Consumer-topic-ac77e529_e98e_44c0_8a9b_476b91fb05ae-16, groupId=Consumer-topic-ac77e529_e98e_44c0_8a9b_476b91fb05ae] Discovered group coordinator localhost:32769 (id: 2147483647 rack: null)
2025-08-12 17:28:50,014 INFO  [org.apa.kaf.cli.con.int.ConsumerCoordinator] (Thread-718) [Consumer clientId=consumer-Consumer-topic-ac77e529_e98e_44c0_8a9b_476b91fb05ae-16, groupId=Consumer-topic-ac77e529_e98e_44c0_8a9b_476b91fb05ae] (Re-)joining group
2025-08-12 17:28:50,017 INFO  [org.apa.kaf.cli.con.int.ConsumerCoordinator] (Thread-718) [Consumer clientId=consumer-Consumer-topic-ac77e529_e98e_44c0_8a9b_476b91fb05ae-16, groupId=Consumer-topic-ac77e529_e98e_44c0_8a9b_476b91fb05ae] Request joining group due to: need to re-join with the given member-id: consumer-Consumer-topic-ac77e529_e98e_44c0_8a9b_476b91fb05ae-16-8c85f2b5-ba15-42fb-bcf6-1a05477c8a01
2025-08-12 17:28:50,017 INFO  [org.apa.kaf.cli.con.int.ConsumerCoordinator] (Thread-718) [Consumer clientId=consumer-Consumer-topic-ac77e529_e98e_44c0_8a9b_476b91fb05ae-16, groupId=Consumer-topic-ac77e529_e98e_44c0_8a9b_476b91fb05ae] (Re-)joining group
2025-08-12 17:28:51,006 INFO  [io.api.tes.ser.api.KafkaSerdesTester] (Thread-718) None found
2025-08-12 17:28:52,006 INFO  [io.api.tes.ser.api.KafkaSerdesTester] (Thread-718) None found
2025-08-12 17:28:53,006 INFO  [io.api.tes.ser.api.KafkaSerdesTester] (Thread-718) None found
2025-08-12 17:28:53,019 INFO  [org.apa.kaf.cli.con.int.ConsumerCoordinator] (Thread-718) [Consumer clientId=consumer-Consumer-topic-ac77e529_e98e_44c0_8a9b_476b91fb05ae-16, groupId=Consumer-topic-ac77e529_e98e_44c0_8a9b_476b91fb05ae] Successfully joined group with generation Generation{generationId=1, memberId='consumer-Consumer-topic-ac77e529_e98e_44c0_8a9b_476b91fb05ae-16-8c85f2b5-ba15-42fb-bcf6-1a05477c8a01', protocol='range'}
2025-08-12 17:28:53,019 INFO  [org.apa.kaf.cli.con.int.ConsumerCoordinator] (Thread-718) [Consumer clientId=consumer-Consumer-topic-ac77e529_e98e_44c0_8a9b_476b91fb05ae-16, groupId=Consumer-topic-ac77e529_e98e_44c0_8a9b_476b91fb05ae] Finished assignment for group at generation 1: {consumer-Consumer-topic-ac77e529_e98e_44c0_8a9b_476b91fb05ae-16-8c85f2b5-ba15-42fb-bcf6-1a05477c8a01=Assignment(partitions=[topic-ac77e529_e98e_44c0_8a9b_476b91fb05ae-0])}
2025-08-12 17:28:53,026 INFO  [org.apa.kaf.cli.con.int.ConsumerCoordinator] (Thread-718) [Consumer clientId=consumer-Consumer-topic-ac77e529_e98e_44c0_8a9b_476b91fb05ae-16, groupId=Consumer-topic-ac77e529_e98e_44c0_8a9b_476b91fb05ae] Successfully synced group in generation Generation{generationId=1, memberId='consumer-Consumer-topic-ac77e529_e98e_44c0_8a9b_476b91fb05ae-16-8c85f2b5-ba15-42fb-bcf6-1a05477c8a01', protocol='range'}
2025-08-12 17:28:53,026 INFO  [org.apa.kaf.cli.con.int.ConsumerCoordinator] (Thread-718) [Consumer clientId=consumer-Consumer-topic-ac77e529_e98e_44c0_8a9b_476b91fb05ae-16, groupId=Consumer-topic-ac77e529_e98e_44c0_8a9b_476b91fb05ae] Notifying assignor about the new Assignment(partitions=[topic-ac77e529_e98e_44c0_8a9b_476b91fb05ae-0])
2025-08-12 17:28:53,026 INFO  [org.apa.kaf.cli.con.int.ConsumerRebalanceListenerInvoker] (Thread-718) [Consumer clientId=consumer-Consumer-topic-ac77e529_e98e_44c0_8a9b_476b91fb05ae-16, groupId=Consumer-topic-ac77e529_e98e_44c0_8a9b_476b91fb05ae] Adding newly assigned partitions: topic-ac77e529_e98e_44c0_8a9b_476b91fb05ae-0
2025-08-12 17:28:53,027 INFO  [org.apa.kaf.cli.con.int.ConsumerCoordinator] (Thread-718) [Consumer clientId=consumer-Consumer-topic-ac77e529_e98e_44c0_8a9b_476b91fb05ae-16, groupId=Consumer-topic-ac77e529_e98e_44c0_8a9b_476b91fb05ae] Found no committed offset for partition topic-ac77e529_e98e_44c0_8a9b_476b91fb05ae-0
2025-08-12 17:28:53,028 INFO  [org.apa.kaf.cli.con.int.SubscriptionState] (Thread-718) [Consumer clientId=consumer-Consumer-topic-ac77e529_e98e_44c0_8a9b_476b91fb05ae-16, groupId=Consumer-topic-ac77e529_e98e_44c0_8a9b_476b91fb05ae] Resetting offset for partition topic-ac77e529_e98e_44c0_8a9b_476b91fb05ae-0 to position FetchPosition{offset=0, offsetEpoch=Optional.empty, currentLeader=LeaderAndEpoch{leader=Optional[localhost:32769 (id: 0 rack: null)], epoch=0}}.
2025-08-12 17:28:53,102 INFO  [io.api.tes.ser.api.KafkaSerdesTester] (Thread-718) topic-ac77e529_e98e_44c0_8a9b_476b91fb05ae 0 0 {"key11755019721394": "value-0"}
2025-08-12 17:28:53,102 INFO  [io.api.tes.ser.api.KafkaSerdesTester] (Thread-718) topic-ac77e529_e98e_44c0_8a9b_476b91fb05ae 0 1 {"key11755019721394": "value-1"}
2025-08-12 17:28:53,102 INFO  [io.api.tes.ser.api.KafkaSerdesTester] (Thread-718) topic-ac77e529_e98e_44c0_8a9b_476b91fb05ae 0 2 {"key11755019721394": "value-2"}
2025-08-12 17:28:53,102 INFO  [io.api.tes.ser.api.KafkaSerdesTester] (Thread-718) topic-ac77e529_e98e_44c0_8a9b_476b91fb05ae 0 3 {"key11755019721394": "value-3"}
2025-08-12 17:28:53,102 INFO  [io.api.tes.ser.api.KafkaSerdesTester] (Thread-718) topic-ac77e529_e98e_44c0_8a9b_476b91fb05ae 0 4 {"key11755019721394": "value-4"}
2025-08-12 17:28:53,102 INFO  [io.api.tes.ser.api.KafkaSerdesTester] (Thread-718) topic-ac77e529_e98e_44c0_8a9b_476b91fb05ae 0 5 {"key11755019721394": "value-5"}
2025-08-12 17:28:53,102 INFO  [io.api.tes.ser.api.KafkaSerdesTester] (Thread-718) topic-ac77e529_e98e_44c0_8a9b_476b91fb05ae 0 6 {"key11755019721394": "value-6"}
2025-08-12 17:28:53,102 INFO  [io.api.tes.ser.api.KafkaSerdesTester] (Thread-718) topic-ac77e529_e98e_44c0_8a9b_476b91fb05ae 0 7 {"key11755019721394": "value-7"}
2025-08-12 17:28:53,102 INFO  [io.api.tes.ser.api.KafkaSerdesTester] (Thread-718) topic-ac77e529_e98e_44c0_8a9b_476b91fb05ae 0 8 {"key11755019721394": "value-8"}
2025-08-12 17:28:53,103 INFO  [io.api.tes.ser.api.KafkaSerdesTester] (Thread-718) topic-ac77e529_e98e_44c0_8a9b_476b91fb05ae 0 9 {"key11755019721394": "value-9"}
2025-08-12 17:28:53,103 INFO  [io.api.tes.ser.api.KafkaSerdesTester] (Thread-718) Consumed 10 messages
2025-08-12 17:28:53,112 INFO  [org.apa.kaf.cli.con.int.ConsumerRebalanceListenerInvoker] (Thread-718) [Consumer clientId=consumer-Consumer-topic-ac77e529_e98e_44c0_8a9b_476b91fb05ae-16, groupId=Consumer-topic-ac77e529_e98e_44c0_8a9b_476b91fb05ae] Revoke previously assigned partitions topic-ac77e529_e98e_44c0_8a9b_476b91fb05ae-0
2025-08-12 17:28:53,112 INFO  [org.apa.kaf.cli.con.int.ConsumerCoordinator] (Thread-718) [Consumer clientId=consumer-Consumer-topic-ac77e529_e98e_44c0_8a9b_476b91fb05ae-16, groupId=Consumer-topic-ac77e529_e98e_44c0_8a9b_476b91fb05ae] Member consumer-Consumer-topic-ac77e529_e98e_44c0_8a9b_476b91fb05ae-16-8c85f2b5-ba15-42fb-bcf6-1a05477c8a01 sending LeaveGroup request to coordinator localhost:32769 (id: 2147483647 rack: null) due to the consumer is being closed
2025-08-12 17:28:53,114 INFO  [org.apa.kaf.cli.con.int.ConsumerCoordinator] (Thread-718) [Consumer clientId=consumer-Consumer-topic-ac77e529_e98e_44c0_8a9b_476b91fb05ae-16, groupId=Consumer-topic-ac77e529_e98e_44c0_8a9b_476b91fb05ae] Resetting generation and member id due to: consumer pro-actively leaving the group
2025-08-12 17:28:53,114 INFO  [org.apa.kaf.cli.con.int.ConsumerCoordinator] (Thread-718) [Consumer clientId=consumer-Consumer-topic-ac77e529_e98e_44c0_8a9b_476b91fb05ae-16, groupId=Consumer-topic-ac77e529_e98e_44c0_8a9b_476b91fb05ae] Request joining group due to: consumer pro-actively leaving the group
2025-08-12 17:28:53,607 INFO  [org.apa.kaf.com.met.Metrics] (Thread-718) Metrics scheduler closed
2025-08-12 17:28:53,607 INFO  [org.apa.kaf.com.met.Metrics] (Thread-718) Closing reporter org.apache.kafka.common.metrics.JmxReporter
2025-08-12 17:28:53,607 INFO  [org.apa.kaf.com.met.Metrics] (Thread-718) Closing reporter org.apache.kafka.common.telemetry.internals.ClientTelemetryReporter
2025-08-12 17:28:53,607 INFO  [org.apa.kaf.com.met.Metrics] (Thread-718) Metrics reporters closed
2025-08-12 17:28:53,608 INFO  [org.apa.kaf.com.uti.AppInfoParser] (Thread-718) App info kafka.consumer for consumer-Consumer-topic-ac77e529_e98e_44c0_8a9b_476b91fb05ae-16 unregistered
2025-08-12 17:28:53,609 INFO  [io.api.tes.uti.TestSeparator] (main) io.apicurio.tests.serdes.apicurio.AvroSerdeIT.testAvroConfluentForMultipleTopics-FINISHED
2025-08-12 17:28:53,609 INFO  [io.api.tes.uti.TestSeparator] (main) ############################################################################
Test passed: testAvroConfluentForMultipleTopics
]]></system-out>
  </testcase>
  <testcase name="testFirstRequestFailsRateLimited" classname="io.apicurio.tests.serdes.apicurio.AvroSerdeIT" time="1.043">
    <system-out><![CDATA[2025-08-12 17:28:53,610 INFO  [io.api.tes.uti.TestSeparator] (main) ############################################################################
2025-08-12 17:28:53,610 INFO  [io.api.tes.uti.TestSeparator] (main) io.apicurio.tests.serdes.apicurio.AvroSerdeIT.testFirstRequestFailsRateLimited-STARTED
2025-08-12 17:28:54,146 WARN  [org.ecl.jet.ser.AbstractConnector] (main) Acceptors should be <= availableProcessors: NetworkTrafficServerConnector@7c644bd5{HTTP/1.1, (http/1.1, h2c)}{0.0.0.0:0} 
2025-08-12 17:28:54,270 INFO  [org.ecl.jet.ser.Server] (main) jetty-11.0.15; built: 2023-04-11T18:37:53.775Z; git: 5bc5e562c8d05c5862505aebe5cf83a61bdbcb96; jvm 17.0.16+8
2025-08-12 17:28:54,312 INFO  [org.ecl.jet.ser.han.ContextHandler] (main) Started o.e.j.s.ServletContextHandler@16a81f09{/__admin,null,AVAILABLE}
2025-08-12 17:28:54,322 INFO  [org.ecl.jet.ser.han.Con.ROOT] (main) RequestHandlerClass from context returned com.github.tomakehurst.wiremock.http.StubRequestHandler. Normalized mapped under returned 'null'
2025-08-12 17:28:54,323 INFO  [org.ecl.jet.ser.han.ContextHandler] (main) Started o.e.j.s.ServletContextHandler@68068736{/,null,AVAILABLE}
2025-08-12 17:28:54,340 INFO  [org.ecl.jet.ser.AbstractConnector] (main) Started NetworkTrafficServerConnector@7c644bd5{HTTP/1.1, (http/1.1, h2c)}{0.0.0.0:41297}
2025-08-12 17:28:54,347 INFO  [org.ecl.jet.ser.Server] (main) Started Server@6c238208{STARTING}[11.0.15,sto=1000] @109798ms
**** Registry Base URL: http://registry-app-ksql043.apps.ci419.apicurio-testing.org:80
2025-08-12 17:28:54,361 INFO  [org.apa.kaf.cli.pro.ProducerConfig] (main) ProducerConfig values: 
	acks = -1
	auto.include.jmx.reporter = true
	batch.size = 16384
	bootstrap.servers = [PLAINTEXT://localhost:32769]
	buffer.memory = 33554432
	client.dns.lookup = use_all_dns_ips
	client.id = Producer-topic-ef74864b_3304_4b3e_9a3f_581ed32f800a
	compression.gzip.level = -1
	compression.lz4.level = 9
	compression.type = none
	compression.zstd.level = 3
	connections.max.idle.ms = 10000
	delivery.timeout.ms = 120000
	enable.idempotence = true
	enable.metrics.push = true
	interceptor.classes = []
	key.serializer = class org.apache.kafka.common.serialization.StringSerializer
	linger.ms = 0
	max.block.ms = 60000
	max.in.flight.requests.per.connection = 5
	max.request.size = 1048576
	metadata.max.age.ms = 300000
	metadata.max.idle.ms = 300000
	metadata.recovery.strategy = none
	metric.reporters = []
	metrics.num.samples = 2
	metrics.recording.level = INFO
	metrics.sample.window.ms = 30000
	partitioner.adaptive.partitioning.enable = true
	partitioner.availability.timeout.ms = 0
	partitioner.class = null
	partitioner.ignore.keys = false
	receive.buffer.bytes = 32768
	reconnect.backoff.max.ms = 1000
	reconnect.backoff.ms = 50
	request.timeout.ms = 5000
	retries = 2147483647
	retry.backoff.max.ms = 1000
	retry.backoff.ms = 100
	sasl.client.callback.handler.class = null
	sasl.jaas.config = null
	sasl.kerberos.kinit.cmd = /usr/bin/kinit
	sasl.kerberos.min.time.before.relogin = 60000
	sasl.kerberos.service.name = null
	sasl.kerberos.ticket.renew.jitter = 0.05
	sasl.kerberos.ticket.renew.window.factor = 0.8
	sasl.login.callback.handler.class = null
	sasl.login.class = null
	sasl.login.connect.timeout.ms = null
	sasl.login.read.timeout.ms = null
	sasl.login.refresh.buffer.seconds = 300
	sasl.login.refresh.min.period.seconds = 60
	sasl.login.refresh.window.factor = 0.8
	sasl.login.refresh.window.jitter = 0.05
	sasl.login.retry.backoff.max.ms = 10000
	sasl.login.retry.backoff.ms = 100
	sasl.mechanism = GSSAPI
	sasl.oauthbearer.clock.skew.seconds = 30
	sasl.oauthbearer.expected.audience = null
	sasl.oauthbearer.expected.issuer = null
	sasl.oauthbearer.header.urlencode = false
	sasl.oauthbearer.jwks.endpoint.refresh.ms = 3600000
	sasl.oauthbearer.jwks.endpoint.retry.backoff.max.ms = 10000
	sasl.oauthbearer.jwks.endpoint.retry.backoff.ms = 100
	sasl.oauthbearer.jwks.endpoint.url = null
	sasl.oauthbearer.scope.claim.name = scope
	sasl.oauthbearer.sub.claim.name = sub
	sasl.oauthbearer.token.endpoint.url = null
	security.protocol = PLAINTEXT
	security.providers = null
	send.buffer.bytes = 131072
	socket.connection.setup.timeout.max.ms = 30000
	socket.connection.setup.timeout.ms = 10000
	ssl.cipher.suites = null
	ssl.enabled.protocols = [TLSv1.2, TLSv1.3]
	ssl.endpoint.identification.algorithm = https
	ssl.engine.factory.class = null
	ssl.key.password = null
	ssl.keymanager.algorithm = SunX509
	ssl.keystore.certificate.chain = null
	ssl.keystore.key = null
	ssl.keystore.location = null
	ssl.keystore.password = null
	ssl.keystore.type = JKS
	ssl.protocol = TLSv1.3
	ssl.provider = null
	ssl.secure.random.implementation = null
	ssl.trustmanager.algorithm = PKIX
	ssl.truststore.certificates = null
	ssl.truststore.location = null
	ssl.truststore.password = null
	ssl.truststore.type = JKS
	transaction.timeout.ms = 60000
	transactional.id = null
	value.serializer = class io.apicurio.registry.serde.avro.AvroKafkaSerializer

2025-08-12 17:28:54,362 INFO  [org.apa.kaf.com.tel.int.KafkaMetricsCollector] (main) initializing Kafka metrics collector
2025-08-12 17:28:54,368 INFO  [org.apa.kaf.cli.pro.KafkaProducer] (main) [Producer clientId=Producer-topic-ef74864b_3304_4b3e_9a3f_581ed32f800a] Instantiated an idempotent producer.
2025-08-12 17:28:54,374 INFO  [org.apa.kaf.cli.pro.ProducerConfig] (main) These configurations '[apicurio.registry.url, apicurio.registry.artifact-resolver-strategy]' were supplied but are not used yet.
2025-08-12 17:28:54,374 INFO  [org.apa.kaf.com.uti.AppInfoParser] (main) Kafka version: 3.9.1
2025-08-12 17:28:54,374 INFO  [org.apa.kaf.com.uti.AppInfoParser] (main) Kafka commitId: f745dfdcee2b9851
2025-08-12 17:28:54,374 INFO  [org.apa.kaf.com.uti.AppInfoParser] (main) Kafka startTimeMs: 1755019734374
2025-08-12 17:28:54,390 INFO  [io.api.tes.ser.api.KafkaSerdesTester] (Thread-729) Sending message {"keyB": "value-0"} to topic topic-ef74864b_3304_4b3e_9a3f_581ed32f800a
2025-08-12 17:28:54,393 INFO  [org.apa.kaf.cli.Metadata] (kafka-producer-network-thread | Producer-topic-ef74864b_3304_4b3e_9a3f_581ed32f800a) [Producer clientId=Producer-topic-ef74864b_3304_4b3e_9a3f_581ed32f800a] Cluster ID: Fm7ZMVgORveP7Vf0og8MFw
2025-08-12 17:28:54,393 INFO  [org.apa.kaf.cli.pro.int.TransactionManager] (kafka-producer-network-thread | Producer-topic-ef74864b_3304_4b3e_9a3f_581ed32f800a) [Producer clientId=Producer-topic-ef74864b_3304_4b3e_9a3f_581ed32f800a] ProducerId set to 22 with epoch 0
2025-08-12 17:28:54,398 WARN  [org.apa.kaf.cli.NetworkClient] (kafka-producer-network-thread | Producer-topic-ef74864b_3304_4b3e_9a3f_581ed32f800a) [Producer clientId=Producer-topic-ef74864b_3304_4b3e_9a3f_581ed32f800a] The metadata response from the cluster reported a recoverable issue with correlation id 5 : {topic-ef74864b_3304_4b3e_9a3f_581ed32f800a=UNKNOWN_TOPIC_OR_PARTITION}
2025-08-12 17:28:54,502 INFO  [DefaultSchemaResolver] (Thread-729) Retrieving schema content using string: {"type":"record","name":"myrecord","namespace":"mygroup","fields":[{"name":"keyB","type":"string"}]}
2025-08-12 17:28:54,639 INFO  [org.apa.kaf.cli.pro.KafkaProducer] (Thread-729) [Producer clientId=Producer-topic-ef74864b_3304_4b3e_9a3f_581ed32f800a] Closing the Kafka producer with timeoutMillis = 9223372036854775807 ms.
2025-08-12 17:28:54,642 INFO  [org.apa.kaf.com.met.Metrics] (Thread-729) Metrics scheduler closed
2025-08-12 17:28:54,642 INFO  [org.apa.kaf.com.met.Metrics] (Thread-729) Closing reporter org.apache.kafka.common.metrics.JmxReporter
2025-08-12 17:28:54,642 INFO  [org.apa.kaf.com.met.Metrics] (Thread-729) Closing reporter org.apache.kafka.common.telemetry.internals.ClientTelemetryReporter
2025-08-12 17:28:54,642 INFO  [org.apa.kaf.com.met.Metrics] (Thread-729) Metrics reporters closed
2025-08-12 17:28:54,642 INFO  [org.apa.kaf.com.uti.AppInfoParser] (Thread-729) App info kafka.producer for Producer-topic-ef74864b_3304_4b3e_9a3f_581ed32f800a unregistered
2025-08-12 17:28:54,646 INFO  [org.ecl.jet.ser.Server] (main) Stopped Server@6c238208{STOPPING}[11.0.15,sto=1000]
2025-08-12 17:28:54,646 INFO  [org.ecl.jet.ser.Server] (main) Shutdown Server@6c238208{STOPPING}[11.0.15,sto=1000]
2025-08-12 17:28:54,649 INFO  [org.ecl.jet.ser.AbstractConnector] (main) Stopped NetworkTrafficServerConnector@7c644bd5{HTTP/1.1, (http/1.1, h2c)}{0.0.0.0:0}
2025-08-12 17:28:54,650 INFO  [org.ecl.jet.ser.han.ContextHandler] (main) Stopped o.e.j.s.ServletContextHandler@68068736{/,null,STOPPED}
2025-08-12 17:28:54,650 INFO  [org.ecl.jet.ser.han.ContextHandler] (main) Stopped o.e.j.s.ServletContextHandler@16a81f09{/__admin,null,STOPPED}
2025-08-12 17:28:54,652 INFO  [io.api.tes.uti.TestSeparator] (main) io.apicurio.tests.serdes.apicurio.AvroSerdeIT.testFirstRequestFailsRateLimited-FINISHED
2025-08-12 17:28:54,652 INFO  [io.api.tes.uti.TestSeparator] (main) ############################################################################
Test passed: testFirstRequestFailsRateLimited
]]></system-out>
    <system-err><![CDATA[com.microsoft.kiota.ApiException: the server returned an unexpected status code and no error class is registered for this code 429
	at com.microsoft.kiota.ApiExceptionBuilder.withMessage(ApiExceptionBuilder.java:45)
	at io.kiota.http.vertx.VertXRequestAdapter.throwIfFailedResponse(VertXRequestAdapter.java:370)
	at io.kiota.http.vertx.VertXRequestAdapter.send(VertXRequestAdapter.java:170)
	at io.apicurio.registry.rest.client.search.versions.VersionsRequestBuilder.post(VersionsRequestBuilder.java:94)
	at io.apicurio.registry.resolver.client.RegistryClientFacadeImpl.searchVersionsByContent(RegistryClientFacadeImpl.java:106)
	at io.apicurio.registry.resolver.DefaultSchemaResolver.lambda$handleResolveSchemaByContent$3(DefaultSchemaResolver.java:258)
	at io.apicurio.registry.resolver.cache.ERCache.lambda$getValue$0(ERCache.java:174)
	at io.apicurio.registry.resolver.cache.ERCache.retry(ERCache.java:227)
	at io.apicurio.registry.resolver.cache.ERCache.getValue(ERCache.java:173)
	at io.apicurio.registry.resolver.cache.ERCache.getByContent(ERCache.java:147)
	at io.apicurio.registry.resolver.DefaultSchemaResolver.handleResolveSchemaByContent(DefaultSchemaResolver.java:253)
	at io.apicurio.registry.resolver.DefaultSchemaResolver.getSchemaFromRegistry(DefaultSchemaResolver.java:138)
	at io.apicurio.registry.resolver.DefaultSchemaResolver.lambda$resolveSchema$0(DefaultSchemaResolver.java:84)
	at java.base/java.util.Optional.orElseGet(Optional.java:364)
	at io.apicurio.registry.resolver.DefaultSchemaResolver.resolveSchema(DefaultSchemaResolver.java:84)
	at io.apicurio.registry.serde.AbstractSerializer.serializeData(AbstractSerializer.java:62)
	at io.apicurio.registry.serde.KafkaSerializer.serialize(KafkaSerializer.java:77)
	at org.apache.kafka.clients.producer.KafkaProducer.doSend(KafkaProducer.java:1046)
	at org.apache.kafka.clients.producer.KafkaProducer.send(KafkaProducer.java:993)
	at org.apache.kafka.clients.producer.KafkaProducer.send(KafkaProducer.java:875)
	at io.apicurio.tests.serdes.apicurio.KafkaSerdesTester.lambda$produceMessages$3(KafkaSerdesTester.java:138)
	at java.base/java.util.concurrent.CompletableFuture$AsyncSupply.run(CompletableFuture.java:1768)
	at java.base/java.lang.Thread.run(Thread.java:840)
]]></system-err>
  </testcase>
  <testcase name="testFirstEmptyFieldConfusedAsMagicByte" classname="io.apicurio.tests.serdes.apicurio.AvroSerdeIT" time="3.92">
    <system-out><![CDATA[2025-08-12 17:28:54,654 INFO  [io.api.tes.uti.TestSeparator] (main) ############################################################################
2025-08-12 17:28:54,654 INFO  [io.api.tes.uti.TestSeparator] (main) io.apicurio.tests.serdes.apicurio.AvroSerdeIT.testFirstEmptyFieldConfusedAsMagicByte-STARTED
**** Registry Base URL: http://registry-app-ksql043.apps.ci419.apicurio-testing.org:80
2025-08-12 17:28:54,657 INFO  [org.apa.kaf.cli.pro.ProducerConfig] (main) ProducerConfig values: 
	acks = -1
	auto.include.jmx.reporter = true
	batch.size = 16384
	bootstrap.servers = [PLAINTEXT://localhost:32769]
	buffer.memory = 33554432
	client.dns.lookup = use_all_dns_ips
	client.id = Producer-topic-c9ea06b5_8d4b_4eba_a2c8_51f56d4f6698
	compression.gzip.level = -1
	compression.lz4.level = 9
	compression.type = none
	compression.zstd.level = 3
	connections.max.idle.ms = 10000
	delivery.timeout.ms = 120000
	enable.idempotence = true
	enable.metrics.push = true
	interceptor.classes = []
	key.serializer = class org.apache.kafka.common.serialization.StringSerializer
	linger.ms = 0
	max.block.ms = 60000
	max.in.flight.requests.per.connection = 5
	max.request.size = 1048576
	metadata.max.age.ms = 300000
	metadata.max.idle.ms = 300000
	metadata.recovery.strategy = none
	metric.reporters = []
	metrics.num.samples = 2
	metrics.recording.level = INFO
	metrics.sample.window.ms = 30000
	partitioner.adaptive.partitioning.enable = true
	partitioner.availability.timeout.ms = 0
	partitioner.class = null
	partitioner.ignore.keys = false
	receive.buffer.bytes = 32768
	reconnect.backoff.max.ms = 1000
	reconnect.backoff.ms = 50
	request.timeout.ms = 5000
	retries = 2147483647
	retry.backoff.max.ms = 1000
	retry.backoff.ms = 100
	sasl.client.callback.handler.class = null
	sasl.jaas.config = null
	sasl.kerberos.kinit.cmd = /usr/bin/kinit
	sasl.kerberos.min.time.before.relogin = 60000
	sasl.kerberos.service.name = null
	sasl.kerberos.ticket.renew.jitter = 0.05
	sasl.kerberos.ticket.renew.window.factor = 0.8
	sasl.login.callback.handler.class = null
	sasl.login.class = null
	sasl.login.connect.timeout.ms = null
	sasl.login.read.timeout.ms = null
	sasl.login.refresh.buffer.seconds = 300
	sasl.login.refresh.min.period.seconds = 60
	sasl.login.refresh.window.factor = 0.8
	sasl.login.refresh.window.jitter = 0.05
	sasl.login.retry.backoff.max.ms = 10000
	sasl.login.retry.backoff.ms = 100
	sasl.mechanism = GSSAPI
	sasl.oauthbearer.clock.skew.seconds = 30
	sasl.oauthbearer.expected.audience = null
	sasl.oauthbearer.expected.issuer = null
	sasl.oauthbearer.header.urlencode = false
	sasl.oauthbearer.jwks.endpoint.refresh.ms = 3600000
	sasl.oauthbearer.jwks.endpoint.retry.backoff.max.ms = 10000
	sasl.oauthbearer.jwks.endpoint.retry.backoff.ms = 100
	sasl.oauthbearer.jwks.endpoint.url = null
	sasl.oauthbearer.scope.claim.name = scope
	sasl.oauthbearer.sub.claim.name = sub
	sasl.oauthbearer.token.endpoint.url = null
	security.protocol = PLAINTEXT
	security.providers = null
	send.buffer.bytes = 131072
	socket.connection.setup.timeout.max.ms = 30000
	socket.connection.setup.timeout.ms = 10000
	ssl.cipher.suites = null
	ssl.enabled.protocols = [TLSv1.2, TLSv1.3]
	ssl.endpoint.identification.algorithm = https
	ssl.engine.factory.class = null
	ssl.key.password = null
	ssl.keymanager.algorithm = SunX509
	ssl.keystore.certificate.chain = null
	ssl.keystore.key = null
	ssl.keystore.location = null
	ssl.keystore.password = null
	ssl.keystore.type = JKS
	ssl.protocol = TLSv1.3
	ssl.provider = null
	ssl.secure.random.implementation = null
	ssl.trustmanager.algorithm = PKIX
	ssl.truststore.certificates = null
	ssl.truststore.location = null
	ssl.truststore.password = null
	ssl.truststore.type = JKS
	transaction.timeout.ms = 60000
	transactional.id = null
	value.serializer = class io.apicurio.registry.serde.avro.AvroKafkaSerializer

2025-08-12 17:28:54,658 INFO  [org.apa.kaf.com.tel.int.KafkaMetricsCollector] (main) initializing Kafka metrics collector
2025-08-12 17:28:54,664 INFO  [org.apa.kaf.cli.pro.KafkaProducer] (main) [Producer clientId=Producer-topic-c9ea06b5_8d4b_4eba_a2c8_51f56d4f6698] Instantiated an idempotent producer.
2025-08-12 17:28:54,666 INFO  [org.apa.kaf.cli.pro.ProducerConfig] (main) These configurations '[apicurio.registry.url, apicurio.registry.auto-register, apicurio.registry.artifact-resolver-strategy]' were supplied but are not used yet.
2025-08-12 17:28:54,666 INFO  [org.apa.kaf.com.uti.AppInfoParser] (main) Kafka version: 3.9.1
2025-08-12 17:28:54,667 INFO  [org.apa.kaf.com.uti.AppInfoParser] (main) Kafka commitId: f745dfdcee2b9851
2025-08-12 17:28:54,667 INFO  [org.apa.kaf.com.uti.AppInfoParser] (main) Kafka startTimeMs: 1755019734666
2025-08-12 17:28:54,667 INFO  [io.api.tes.ser.api.SimpleSerdesTesterBuilder$SimpleSerdesTester] (main) Using producer configuration: {apicurio.registry.url=http://registry-app-ksql043.apps.ci419.apicurio-testing.org:80/apis/registry/v3, apicurio.registry.auto-register=true, apicurio.registry.artifact-resolver-strategy=io.apicurio.registry.serde.strategy.SimpleTopicIdStrategy, value.serializer=io.apicurio.registry.serde.avro.AvroKafkaSerializer, request.timeout.ms=5000, acks=all, bootstrap.servers=PLAINTEXT://localhost:32769, connections.max.idle.ms=10000, key.serializer=org.apache.kafka.common.serialization.StringSerializer, client.id=Producer-topic-c9ea06b5_8d4b_4eba_a2c8_51f56d4f6698}
2025-08-12 17:28:54,667 INFO  [io.api.tes.ser.api.SimpleSerdesTesterBuilder$SimpleSerdesTester] (main) Using consumer configuration: {}
2025-08-12 17:28:54,668 INFO  [io.api.tes.ser.api.KafkaSerdesTester] (Thread-732) Sending message {"username": null} to topic topic-c9ea06b5_8d4b_4eba_a2c8_51f56d4f6698
2025-08-12 17:28:54,672 WARN  [org.apa.kaf.cli.NetworkClient] (kafka-producer-network-thread | Producer-topic-c9ea06b5_8d4b_4eba_a2c8_51f56d4f6698) [Producer clientId=Producer-topic-c9ea06b5_8d4b_4eba_a2c8_51f56d4f6698] The metadata response from the cluster reported a recoverable issue with correlation id 1 : {topic-c9ea06b5_8d4b_4eba_a2c8_51f56d4f6698=UNKNOWN_TOPIC_OR_PARTITION}
2025-08-12 17:28:54,672 INFO  [org.apa.kaf.cli.Metadata] (kafka-producer-network-thread | Producer-topic-c9ea06b5_8d4b_4eba_a2c8_51f56d4f6698) [Producer clientId=Producer-topic-c9ea06b5_8d4b_4eba_a2c8_51f56d4f6698] Cluster ID: Fm7ZMVgORveP7Vf0og8MFw
2025-08-12 17:28:54,673 INFO  [org.apa.kaf.cli.pro.int.TransactionManager] (kafka-producer-network-thread | Producer-topic-c9ea06b5_8d4b_4eba_a2c8_51f56d4f6698) [Producer clientId=Producer-topic-c9ea06b5_8d4b_4eba_a2c8_51f56d4f6698] ProducerId set to 23 with epoch 0
2025-08-12 17:28:54,890 INFO  [io.api.tes.ser.api.KafkaSerdesTester] (Thread-732) Sending message {"username": null} to topic topic-c9ea06b5_8d4b_4eba_a2c8_51f56d4f6698
2025-08-12 17:28:54,892 INFO  [io.api.tes.ser.api.KafkaSerdesTester] (Thread-732) Sending message {"username": "value-2"} to topic topic-c9ea06b5_8d4b_4eba_a2c8_51f56d4f6698
2025-08-12 17:28:54,893 INFO  [io.api.tes.ser.api.KafkaSerdesTester] (Thread-732) Sending message {"username": null} to topic topic-c9ea06b5_8d4b_4eba_a2c8_51f56d4f6698
2025-08-12 17:28:54,894 INFO  [io.api.tes.ser.api.KafkaSerdesTester] (Thread-732) Sending message {"username": "value-4"} to topic topic-c9ea06b5_8d4b_4eba_a2c8_51f56d4f6698
2025-08-12 17:28:54,895 INFO  [io.api.tes.ser.api.KafkaSerdesTester] (Thread-732) Sending message {"username": null} to topic topic-c9ea06b5_8d4b_4eba_a2c8_51f56d4f6698
2025-08-12 17:28:54,896 INFO  [io.api.tes.ser.api.KafkaSerdesTester] (Thread-732) Sending message {"username": "value-6"} to topic topic-c9ea06b5_8d4b_4eba_a2c8_51f56d4f6698
2025-08-12 17:28:54,898 INFO  [io.api.tes.ser.api.KafkaSerdesTester] (Thread-732) Sending message {"username": null} to topic topic-c9ea06b5_8d4b_4eba_a2c8_51f56d4f6698
2025-08-12 17:28:54,899 INFO  [io.api.tes.ser.api.KafkaSerdesTester] (Thread-732) Sending message {"username": "value-8"} to topic topic-c9ea06b5_8d4b_4eba_a2c8_51f56d4f6698
2025-08-12 17:28:54,901 INFO  [io.api.tes.ser.api.KafkaSerdesTester] (Thread-732) Sending message {"username": null} to topic topic-c9ea06b5_8d4b_4eba_a2c8_51f56d4f6698
2025-08-12 17:28:54,902 INFO  [io.api.tes.ser.api.KafkaSerdesTester] (Thread-732) Produced 10 messages
2025-08-12 17:28:54,902 INFO  [org.apa.kaf.cli.pro.KafkaProducer] (Thread-732) [Producer clientId=Producer-topic-c9ea06b5_8d4b_4eba_a2c8_51f56d4f6698] Closing the Kafka producer with timeoutMillis = 9223372036854775807 ms.
2025-08-12 17:28:54,904 INFO  [org.apa.kaf.com.met.Metrics] (Thread-732) Metrics scheduler closed
2025-08-12 17:28:54,904 INFO  [org.apa.kaf.com.met.Metrics] (Thread-732) Closing reporter org.apache.kafka.common.metrics.JmxReporter
2025-08-12 17:28:54,904 INFO  [org.apa.kaf.com.met.Metrics] (Thread-732) Closing reporter org.apache.kafka.common.telemetry.internals.ClientTelemetryReporter
2025-08-12 17:28:54,904 INFO  [org.apa.kaf.com.met.Metrics] (Thread-732) Metrics reporters closed
2025-08-12 17:28:54,904 INFO  [org.apa.kaf.com.uti.AppInfoParser] (Thread-732) App info kafka.producer for Producer-topic-c9ea06b5_8d4b_4eba_a2c8_51f56d4f6698 unregistered
**** Registry Base URL: http://registry-app-ksql043.apps.ci419.apicurio-testing.org:80
2025-08-12 17:28:54,959 INFO  [org.apa.kaf.cli.con.ConsumerConfig] (main) ConsumerConfig values: 
	allow.auto.create.topics = true
	auto.commit.interval.ms = 500
	auto.include.jmx.reporter = true
	auto.offset.reset = earliest
	bootstrap.servers = [PLAINTEXT://localhost:32769]
	check.crcs = true
	client.dns.lookup = use_all_dns_ips
	client.id = consumer-Consumer-topic-c9ea06b5_8d4b_4eba_a2c8_51f56d4f6698-17
	client.rack = 
	connections.max.idle.ms = 10000
	default.api.timeout.ms = 60000
	enable.auto.commit = true
	enable.metrics.push = true
	exclude.internal.topics = true
	fetch.max.bytes = 52428800
	fetch.max.wait.ms = 500
	fetch.min.bytes = 1
	group.id = Consumer-topic-c9ea06b5_8d4b_4eba_a2c8_51f56d4f6698
	group.instance.id = null
	group.protocol = classic
	group.remote.assignor = null
	heartbeat.interval.ms = 3000
	interceptor.classes = []
	internal.leave.group.on.close = true
	internal.throw.on.fetch.stable.offset.unsupported = false
	isolation.level = read_uncommitted
	key.deserializer = class org.apache.kafka.common.serialization.StringDeserializer
	max.partition.fetch.bytes = 1048576
	max.poll.interval.ms = 300000
	max.poll.records = 500
	metadata.max.age.ms = 300000
	metadata.recovery.strategy = none
	metric.reporters = []
	metrics.num.samples = 2
	metrics.recording.level = INFO
	metrics.sample.window.ms = 30000
	partition.assignment.strategy = [class org.apache.kafka.clients.consumer.RangeAssignor, class org.apache.kafka.clients.consumer.CooperativeStickyAssignor]
	receive.buffer.bytes = 65536
	reconnect.backoff.max.ms = 1000
	reconnect.backoff.ms = 50
	request.timeout.ms = 5000
	retry.backoff.max.ms = 1000
	retry.backoff.ms = 100
	sasl.client.callback.handler.class = null
	sasl.jaas.config = null
	sasl.kerberos.kinit.cmd = /usr/bin/kinit
	sasl.kerberos.min.time.before.relogin = 60000
	sasl.kerberos.service.name = null
	sasl.kerberos.ticket.renew.jitter = 0.05
	sasl.kerberos.ticket.renew.window.factor = 0.8
	sasl.login.callback.handler.class = null
	sasl.login.class = null
	sasl.login.connect.timeout.ms = null
	sasl.login.read.timeout.ms = null
	sasl.login.refresh.buffer.seconds = 300
	sasl.login.refresh.min.period.seconds = 60
	sasl.login.refresh.window.factor = 0.8
	sasl.login.refresh.window.jitter = 0.05
	sasl.login.retry.backoff.max.ms = 10000
	sasl.login.retry.backoff.ms = 100
	sasl.mechanism = GSSAPI
	sasl.oauthbearer.clock.skew.seconds = 30
	sasl.oauthbearer.expected.audience = null
	sasl.oauthbearer.expected.issuer = null
	sasl.oauthbearer.header.urlencode = false
	sasl.oauthbearer.jwks.endpoint.refresh.ms = 3600000
	sasl.oauthbearer.jwks.endpoint.retry.backoff.max.ms = 10000
	sasl.oauthbearer.jwks.endpoint.retry.backoff.ms = 100
	sasl.oauthbearer.jwks.endpoint.url = null
	sasl.oauthbearer.scope.claim.name = scope
	sasl.oauthbearer.sub.claim.name = sub
	sasl.oauthbearer.token.endpoint.url = null
	security.protocol = PLAINTEXT
	security.providers = null
	send.buffer.bytes = 131072
	session.timeout.ms = 45000
	socket.connection.setup.timeout.max.ms = 30000
	socket.connection.setup.timeout.ms = 10000
	ssl.cipher.suites = null
	ssl.enabled.protocols = [TLSv1.2, TLSv1.3]
	ssl.endpoint.identification.algorithm = https
	ssl.engine.factory.class = null
	ssl.key.password = null
	ssl.keymanager.algorithm = SunX509
	ssl.keystore.certificate.chain = null
	ssl.keystore.key = null
	ssl.keystore.location = null
	ssl.keystore.password = null
	ssl.keystore.type = JKS
	ssl.protocol = TLSv1.3
	ssl.provider = null
	ssl.secure.random.implementation = null
	ssl.trustmanager.algorithm = PKIX
	ssl.truststore.certificates = null
	ssl.truststore.location = null
	ssl.truststore.password = null
	ssl.truststore.type = JKS
	value.deserializer = class io.apicurio.registry.serde.avro.AvroKafkaDeserializer

2025-08-12 17:28:54,959 INFO  [org.apa.kaf.com.tel.int.KafkaMetricsCollector] (main) initializing Kafka metrics collector
2025-08-12 17:28:54,964 INFO  [org.apa.kaf.cli.con.ConsumerConfig] (main) These configurations '[apicurio.registry.url]' were supplied but are not used yet.
2025-08-12 17:28:54,964 INFO  [org.apa.kaf.com.uti.AppInfoParser] (main) Kafka version: 3.9.1
2025-08-12 17:28:54,964 INFO  [org.apa.kaf.com.uti.AppInfoParser] (main) Kafka commitId: f745dfdcee2b9851
2025-08-12 17:28:54,964 INFO  [org.apa.kaf.com.uti.AppInfoParser] (main) Kafka startTimeMs: 1755019734964
2025-08-12 17:28:54,964 INFO  [org.apa.kaf.cli.con.int.ClassicKafkaConsumer] (Thread-735) [Consumer clientId=consumer-Consumer-topic-c9ea06b5_8d4b_4eba_a2c8_51f56d4f6698-17, groupId=Consumer-topic-c9ea06b5_8d4b_4eba_a2c8_51f56d4f6698] Subscribed to topic(s): topic-c9ea06b5_8d4b_4eba_a2c8_51f56d4f6698
2025-08-12 17:28:54,970 INFO  [org.apa.kaf.cli.Metadata] (Thread-735) [Consumer clientId=consumer-Consumer-topic-c9ea06b5_8d4b_4eba_a2c8_51f56d4f6698-17, groupId=Consumer-topic-c9ea06b5_8d4b_4eba_a2c8_51f56d4f6698] Cluster ID: Fm7ZMVgORveP7Vf0og8MFw
2025-08-12 17:28:54,971 INFO  [org.apa.kaf.cli.con.int.ConsumerCoordinator] (Thread-735) [Consumer clientId=consumer-Consumer-topic-c9ea06b5_8d4b_4eba_a2c8_51f56d4f6698-17, groupId=Consumer-topic-c9ea06b5_8d4b_4eba_a2c8_51f56d4f6698] Discovered group coordinator localhost:32769 (id: 2147483647 rack: null)
2025-08-12 17:28:54,974 INFO  [org.apa.kaf.cli.con.int.ConsumerCoordinator] (Thread-735) [Consumer clientId=consumer-Consumer-topic-c9ea06b5_8d4b_4eba_a2c8_51f56d4f6698-17, groupId=Consumer-topic-c9ea06b5_8d4b_4eba_a2c8_51f56d4f6698] (Re-)joining group
2025-08-12 17:28:54,976 INFO  [org.apa.kaf.cli.con.int.ConsumerCoordinator] (Thread-735) [Consumer clientId=consumer-Consumer-topic-c9ea06b5_8d4b_4eba_a2c8_51f56d4f6698-17, groupId=Consumer-topic-c9ea06b5_8d4b_4eba_a2c8_51f56d4f6698] Request joining group due to: need to re-join with the given member-id: consumer-Consumer-topic-c9ea06b5_8d4b_4eba_a2c8_51f56d4f6698-17-494e91ec-096c-43a2-8397-7e2aff7d1367
2025-08-12 17:28:54,976 INFO  [org.apa.kaf.cli.con.int.ConsumerCoordinator] (Thread-735) [Consumer clientId=consumer-Consumer-topic-c9ea06b5_8d4b_4eba_a2c8_51f56d4f6698-17, groupId=Consumer-topic-c9ea06b5_8d4b_4eba_a2c8_51f56d4f6698] (Re-)joining group
2025-08-12 17:28:55,964 INFO  [io.api.tes.ser.api.KafkaSerdesTester] (Thread-735) None found
2025-08-12 17:28:56,964 INFO  [io.api.tes.ser.api.KafkaSerdesTester] (Thread-735) None found
2025-08-12 17:28:57,964 INFO  [io.api.tes.ser.api.KafkaSerdesTester] (Thread-735) None found
2025-08-12 17:28:57,979 INFO  [org.apa.kaf.cli.con.int.ConsumerCoordinator] (Thread-735) [Consumer clientId=consumer-Consumer-topic-c9ea06b5_8d4b_4eba_a2c8_51f56d4f6698-17, groupId=Consumer-topic-c9ea06b5_8d4b_4eba_a2c8_51f56d4f6698] Successfully joined group with generation Generation{generationId=1, memberId='consumer-Consumer-topic-c9ea06b5_8d4b_4eba_a2c8_51f56d4f6698-17-494e91ec-096c-43a2-8397-7e2aff7d1367', protocol='range'}
2025-08-12 17:28:57,979 INFO  [org.apa.kaf.cli.con.int.ConsumerCoordinator] (Thread-735) [Consumer clientId=consumer-Consumer-topic-c9ea06b5_8d4b_4eba_a2c8_51f56d4f6698-17, groupId=Consumer-topic-c9ea06b5_8d4b_4eba_a2c8_51f56d4f6698] Finished assignment for group at generation 1: {consumer-Consumer-topic-c9ea06b5_8d4b_4eba_a2c8_51f56d4f6698-17-494e91ec-096c-43a2-8397-7e2aff7d1367=Assignment(partitions=[topic-c9ea06b5_8d4b_4eba_a2c8_51f56d4f6698-0])}
2025-08-12 17:28:57,987 INFO  [org.apa.kaf.cli.con.int.ConsumerCoordinator] (Thread-735) [Consumer clientId=consumer-Consumer-topic-c9ea06b5_8d4b_4eba_a2c8_51f56d4f6698-17, groupId=Consumer-topic-c9ea06b5_8d4b_4eba_a2c8_51f56d4f6698] Successfully synced group in generation Generation{generationId=1, memberId='consumer-Consumer-topic-c9ea06b5_8d4b_4eba_a2c8_51f56d4f6698-17-494e91ec-096c-43a2-8397-7e2aff7d1367', protocol='range'}
2025-08-12 17:28:57,987 INFO  [org.apa.kaf.cli.con.int.ConsumerCoordinator] (Thread-735) [Consumer clientId=consumer-Consumer-topic-c9ea06b5_8d4b_4eba_a2c8_51f56d4f6698-17, groupId=Consumer-topic-c9ea06b5_8d4b_4eba_a2c8_51f56d4f6698] Notifying assignor about the new Assignment(partitions=[topic-c9ea06b5_8d4b_4eba_a2c8_51f56d4f6698-0])
2025-08-12 17:28:57,987 INFO  [org.apa.kaf.cli.con.int.ConsumerRebalanceListenerInvoker] (Thread-735) [Consumer clientId=consumer-Consumer-topic-c9ea06b5_8d4b_4eba_a2c8_51f56d4f6698-17, groupId=Consumer-topic-c9ea06b5_8d4b_4eba_a2c8_51f56d4f6698] Adding newly assigned partitions: topic-c9ea06b5_8d4b_4eba_a2c8_51f56d4f6698-0
2025-08-12 17:28:57,988 INFO  [org.apa.kaf.cli.con.int.ConsumerCoordinator] (Thread-735) [Consumer clientId=consumer-Consumer-topic-c9ea06b5_8d4b_4eba_a2c8_51f56d4f6698-17, groupId=Consumer-topic-c9ea06b5_8d4b_4eba_a2c8_51f56d4f6698] Found no committed offset for partition topic-c9ea06b5_8d4b_4eba_a2c8_51f56d4f6698-0
2025-08-12 17:28:57,991 INFO  [org.apa.kaf.cli.con.int.SubscriptionState] (Thread-735) [Consumer clientId=consumer-Consumer-topic-c9ea06b5_8d4b_4eba_a2c8_51f56d4f6698-17, groupId=Consumer-topic-c9ea06b5_8d4b_4eba_a2c8_51f56d4f6698] Resetting offset for partition topic-c9ea06b5_8d4b_4eba_a2c8_51f56d4f6698-0 to position FetchPosition{offset=0, offsetEpoch=Optional.empty, currentLeader=LeaderAndEpoch{leader=Optional[localhost:32769 (id: 0 rack: null)], epoch=0}}.
2025-08-12 17:28:58,068 INFO  [io.api.tes.ser.api.KafkaSerdesTester] (Thread-735) topic-c9ea06b5_8d4b_4eba_a2c8_51f56d4f6698 0 0 {"username": null}
2025-08-12 17:28:58,068 INFO  [io.api.tes.ser.api.KafkaSerdesTester] (Thread-735) topic-c9ea06b5_8d4b_4eba_a2c8_51f56d4f6698 0 1 {"username": null}
2025-08-12 17:28:58,068 INFO  [io.api.tes.ser.api.KafkaSerdesTester] (Thread-735) topic-c9ea06b5_8d4b_4eba_a2c8_51f56d4f6698 0 2 {"username": "value-2"}
2025-08-12 17:28:58,068 INFO  [io.api.tes.ser.api.KafkaSerdesTester] (Thread-735) topic-c9ea06b5_8d4b_4eba_a2c8_51f56d4f6698 0 3 {"username": null}
2025-08-12 17:28:58,068 INFO  [io.api.tes.ser.api.KafkaSerdesTester] (Thread-735) topic-c9ea06b5_8d4b_4eba_a2c8_51f56d4f6698 0 4 {"username": "value-4"}
2025-08-12 17:28:58,068 INFO  [io.api.tes.ser.api.KafkaSerdesTester] (Thread-735) topic-c9ea06b5_8d4b_4eba_a2c8_51f56d4f6698 0 5 {"username": null}
2025-08-12 17:28:58,068 INFO  [io.api.tes.ser.api.KafkaSerdesTester] (Thread-735) topic-c9ea06b5_8d4b_4eba_a2c8_51f56d4f6698 0 6 {"username": "value-6"}
2025-08-12 17:28:58,068 INFO  [io.api.tes.ser.api.KafkaSerdesTester] (Thread-735) topic-c9ea06b5_8d4b_4eba_a2c8_51f56d4f6698 0 7 {"username": null}
2025-08-12 17:28:58,068 INFO  [io.api.tes.ser.api.KafkaSerdesTester] (Thread-735) topic-c9ea06b5_8d4b_4eba_a2c8_51f56d4f6698 0 8 {"username": "value-8"}
2025-08-12 17:28:58,069 INFO  [io.api.tes.ser.api.KafkaSerdesTester] (Thread-735) topic-c9ea06b5_8d4b_4eba_a2c8_51f56d4f6698 0 9 {"username": null}
2025-08-12 17:28:58,069 INFO  [io.api.tes.ser.api.KafkaSerdesTester] (Thread-735) Consumed 10 messages
2025-08-12 17:28:58,076 INFO  [org.apa.kaf.cli.con.int.ConsumerRebalanceListenerInvoker] (Thread-735) [Consumer clientId=consumer-Consumer-topic-c9ea06b5_8d4b_4eba_a2c8_51f56d4f6698-17, groupId=Consumer-topic-c9ea06b5_8d4b_4eba_a2c8_51f56d4f6698] Revoke previously assigned partitions topic-c9ea06b5_8d4b_4eba_a2c8_51f56d4f6698-0
2025-08-12 17:28:58,076 INFO  [org.apa.kaf.cli.con.int.ConsumerCoordinator] (Thread-735) [Consumer clientId=consumer-Consumer-topic-c9ea06b5_8d4b_4eba_a2c8_51f56d4f6698-17, groupId=Consumer-topic-c9ea06b5_8d4b_4eba_a2c8_51f56d4f6698] Member consumer-Consumer-topic-c9ea06b5_8d4b_4eba_a2c8_51f56d4f6698-17-494e91ec-096c-43a2-8397-7e2aff7d1367 sending LeaveGroup request to coordinator localhost:32769 (id: 2147483647 rack: null) due to the consumer is being closed
2025-08-12 17:28:58,076 INFO  [org.apa.kaf.cli.con.int.ConsumerCoordinator] (Thread-735) [Consumer clientId=consumer-Consumer-topic-c9ea06b5_8d4b_4eba_a2c8_51f56d4f6698-17, groupId=Consumer-topic-c9ea06b5_8d4b_4eba_a2c8_51f56d4f6698] Resetting generation and member id due to: consumer pro-actively leaving the group
2025-08-12 17:28:58,076 INFO  [org.apa.kaf.cli.con.int.ConsumerCoordinator] (Thread-735) [Consumer clientId=consumer-Consumer-topic-c9ea06b5_8d4b_4eba_a2c8_51f56d4f6698-17, groupId=Consumer-topic-c9ea06b5_8d4b_4eba_a2c8_51f56d4f6698] Request joining group due to: consumer pro-actively leaving the group
2025-08-12 17:28:58,569 INFO  [org.apa.kaf.com.met.Metrics] (Thread-735) Metrics scheduler closed
2025-08-12 17:28:58,569 INFO  [org.apa.kaf.com.met.Metrics] (Thread-735) Closing reporter org.apache.kafka.common.metrics.JmxReporter
2025-08-12 17:28:58,570 INFO  [org.apa.kaf.com.met.Metrics] (Thread-735) Closing reporter org.apache.kafka.common.telemetry.internals.ClientTelemetryReporter
2025-08-12 17:28:58,570 INFO  [org.apa.kaf.com.met.Metrics] (Thread-735) Metrics reporters closed
2025-08-12 17:28:58,572 INFO  [org.apa.kaf.com.uti.AppInfoParser] (Thread-735) App info kafka.consumer for consumer-Consumer-topic-c9ea06b5_8d4b_4eba_a2c8_51f56d4f6698-17 unregistered
2025-08-12 17:28:58,573 INFO  [io.api.tes.uti.TestSeparator] (main) io.apicurio.tests.serdes.apicurio.AvroSerdeIT.testFirstEmptyFieldConfusedAsMagicByte-FINISHED
2025-08-12 17:28:58,573 INFO  [io.api.tes.uti.TestSeparator] (main) ############################################################################
Test passed: testFirstEmptyFieldConfusedAsMagicByte
]]></system-out>
  </testcase>
  <testcase name="testAvroSerDesFailDifferentSchemaByContent" classname="io.apicurio.tests.serdes.apicurio.AvroSerdeIT" time="1.2">
    <system-out><![CDATA[2025-08-12 17:28:58,575 INFO  [io.api.tes.uti.TestSeparator] (main) ############################################################################
2025-08-12 17:28:58,575 INFO  [io.api.tes.uti.TestSeparator] (main) io.apicurio.tests.serdes.apicurio.AvroSerdeIT.testAvroSerDesFailDifferentSchemaByContent-STARTED
**** Registry Base URL: http://registry-app-ksql043.apps.ci419.apicurio-testing.org:80
2025-08-12 17:28:59,677 INFO  [org.apa.kaf.cli.pro.ProducerConfig] (main) ProducerConfig values: 
	acks = -1
	auto.include.jmx.reporter = true
	batch.size = 16384
	bootstrap.servers = [PLAINTEXT://localhost:32769]
	buffer.memory = 33554432
	client.dns.lookup = use_all_dns_ips
	client.id = Producer-topic-64523dc2_83cb_4c3b_9b0a_0822e8cd72dd
	compression.gzip.level = -1
	compression.lz4.level = 9
	compression.type = none
	compression.zstd.level = 3
	connections.max.idle.ms = 10000
	delivery.timeout.ms = 120000
	enable.idempotence = true
	enable.metrics.push = true
	interceptor.classes = []
	key.serializer = class org.apache.kafka.common.serialization.StringSerializer
	linger.ms = 0
	max.block.ms = 60000
	max.in.flight.requests.per.connection = 5
	max.request.size = 1048576
	metadata.max.age.ms = 300000
	metadata.max.idle.ms = 300000
	metadata.recovery.strategy = none
	metric.reporters = []
	metrics.num.samples = 2
	metrics.recording.level = INFO
	metrics.sample.window.ms = 30000
	partitioner.adaptive.partitioning.enable = true
	partitioner.availability.timeout.ms = 0
	partitioner.class = null
	partitioner.ignore.keys = false
	receive.buffer.bytes = 32768
	reconnect.backoff.max.ms = 1000
	reconnect.backoff.ms = 50
	request.timeout.ms = 5000
	retries = 2147483647
	retry.backoff.max.ms = 1000
	retry.backoff.ms = 100
	sasl.client.callback.handler.class = null
	sasl.jaas.config = null
	sasl.kerberos.kinit.cmd = /usr/bin/kinit
	sasl.kerberos.min.time.before.relogin = 60000
	sasl.kerberos.service.name = null
	sasl.kerberos.ticket.renew.jitter = 0.05
	sasl.kerberos.ticket.renew.window.factor = 0.8
	sasl.login.callback.handler.class = null
	sasl.login.class = null
	sasl.login.connect.timeout.ms = null
	sasl.login.read.timeout.ms = null
	sasl.login.refresh.buffer.seconds = 300
	sasl.login.refresh.min.period.seconds = 60
	sasl.login.refresh.window.factor = 0.8
	sasl.login.refresh.window.jitter = 0.05
	sasl.login.retry.backoff.max.ms = 10000
	sasl.login.retry.backoff.ms = 100
	sasl.mechanism = GSSAPI
	sasl.oauthbearer.clock.skew.seconds = 30
	sasl.oauthbearer.expected.audience = null
	sasl.oauthbearer.expected.issuer = null
	sasl.oauthbearer.header.urlencode = false
	sasl.oauthbearer.jwks.endpoint.refresh.ms = 3600000
	sasl.oauthbearer.jwks.endpoint.retry.backoff.max.ms = 10000
	sasl.oauthbearer.jwks.endpoint.retry.backoff.ms = 100
	sasl.oauthbearer.jwks.endpoint.url = null
	sasl.oauthbearer.scope.claim.name = scope
	sasl.oauthbearer.sub.claim.name = sub
	sasl.oauthbearer.token.endpoint.url = null
	security.protocol = PLAINTEXT
	security.providers = null
	send.buffer.bytes = 131072
	socket.connection.setup.timeout.max.ms = 30000
	socket.connection.setup.timeout.ms = 10000
	ssl.cipher.suites = null
	ssl.enabled.protocols = [TLSv1.2, TLSv1.3]
	ssl.endpoint.identification.algorithm = https
	ssl.engine.factory.class = null
	ssl.key.password = null
	ssl.keymanager.algorithm = SunX509
	ssl.keystore.certificate.chain = null
	ssl.keystore.key = null
	ssl.keystore.location = null
	ssl.keystore.password = null
	ssl.keystore.type = JKS
	ssl.protocol = TLSv1.3
	ssl.provider = null
	ssl.secure.random.implementation = null
	ssl.trustmanager.algorithm = PKIX
	ssl.truststore.certificates = null
	ssl.truststore.location = null
	ssl.truststore.password = null
	ssl.truststore.type = JKS
	transaction.timeout.ms = 60000
	transactional.id = null
	value.serializer = class io.apicurio.registry.serde.avro.AvroKafkaSerializer

2025-08-12 17:28:59,678 INFO  [org.apa.kaf.com.tel.int.KafkaMetricsCollector] (main) initializing Kafka metrics collector
2025-08-12 17:28:59,681 INFO  [org.apa.kaf.cli.pro.KafkaProducer] (main) [Producer clientId=Producer-topic-64523dc2_83cb_4c3b_9b0a_0822e8cd72dd] Instantiated an idempotent producer.
2025-08-12 17:28:59,683 INFO  [org.apa.kaf.cli.pro.ProducerConfig] (main) These configurations '[apicurio.registry.url, apicurio.registry.artifact-resolver-strategy]' were supplied but are not used yet.
2025-08-12 17:28:59,683 INFO  [org.apa.kaf.com.uti.AppInfoParser] (main) Kafka version: 3.9.1
2025-08-12 17:28:59,683 INFO  [org.apa.kaf.com.uti.AppInfoParser] (main) Kafka commitId: f745dfdcee2b9851
2025-08-12 17:28:59,683 INFO  [org.apa.kaf.com.uti.AppInfoParser] (main) Kafka startTimeMs: 1755019739683
2025-08-12 17:28:59,685 INFO  [io.api.tes.ser.api.KafkaSerdesTester] (Thread-738) Sending message {"keyB": "value-0"} to topic topic-64523dc2_83cb_4c3b_9b0a_0822e8cd72dd
2025-08-12 17:28:59,688 INFO  [org.apa.kaf.cli.Metadata] (kafka-producer-network-thread | Producer-topic-64523dc2_83cb_4c3b_9b0a_0822e8cd72dd) [Producer clientId=Producer-topic-64523dc2_83cb_4c3b_9b0a_0822e8cd72dd] Cluster ID: Fm7ZMVgORveP7Vf0og8MFw
2025-08-12 17:28:59,688 INFO  [DefaultSchemaResolver] (Thread-738) Retrieving schema content using string: {"type":"record","name":"s292eb625x77dbx4fd9xab36x081a9c6ccabc","namespace":"sea530db6x0178x4fe0xadaex1d62bb70d091","fields":[{"name":"keyB","type":"string"}]}
2025-08-12 17:28:59,689 INFO  [org.apa.kaf.cli.pro.int.TransactionManager] (kafka-producer-network-thread | Producer-topic-64523dc2_83cb_4c3b_9b0a_0822e8cd72dd) [Producer clientId=Producer-topic-64523dc2_83cb_4c3b_9b0a_0822e8cd72dd] ProducerId set to 24 with epoch 0
2025-08-12 17:28:59,772 INFO  [org.apa.kaf.cli.pro.KafkaProducer] (Thread-738) [Producer clientId=Producer-topic-64523dc2_83cb_4c3b_9b0a_0822e8cd72dd] Closing the Kafka producer with timeoutMillis = 9223372036854775807 ms.
2025-08-12 17:28:59,773 INFO  [org.apa.kaf.com.met.Metrics] (Thread-738) Metrics scheduler closed
2025-08-12 17:28:59,773 INFO  [org.apa.kaf.com.met.Metrics] (Thread-738) Closing reporter org.apache.kafka.common.metrics.JmxReporter
2025-08-12 17:28:59,773 INFO  [org.apa.kaf.com.met.Metrics] (Thread-738) Closing reporter org.apache.kafka.common.telemetry.internals.ClientTelemetryReporter
2025-08-12 17:28:59,773 INFO  [org.apa.kaf.com.met.Metrics] (Thread-738) Metrics reporters closed
2025-08-12 17:28:59,774 INFO  [org.apa.kaf.com.uti.AppInfoParser] (Thread-738) App info kafka.producer for Producer-topic-64523dc2_83cb_4c3b_9b0a_0822e8cd72dd unregistered
2025-08-12 17:28:59,774 INFO  [io.api.tes.uti.TestSeparator] (main) io.apicurio.tests.serdes.apicurio.AvroSerdeIT.testAvroSerDesFailDifferentSchemaByContent-FINISHED
2025-08-12 17:28:59,774 INFO  [io.api.tes.uti.TestSeparator] (main) ############################################################################
Test passed: testAvroSerDesFailDifferentSchemaByContent
]]></system-out>
    <system-err><![CDATA[java.lang.RuntimeException: Could not resolve artifact reference by content: {"type":"record","name":"s292eb625x77dbx4fd9xab36x081a9c6ccabc","namespace":"sea530db6x0178x4fe0xadaex1d62bb70d091","fields":[{"name":"keyB","type":"string"}]}&ArtifactReference [groupId=sea530db6x0178x4fe0xadaex1d62bb70d091, artifactId=s292eb625x77dbx4fd9xab36x081a9c6ccabc, version=null, globalId=null, contentId=null, contentHash=null]
	at io.apicurio.registry.resolver.DefaultSchemaResolver.lambda$handleResolveSchemaByContent$3(DefaultSchemaResolver.java:265)
	at io.apicurio.registry.resolver.cache.ERCache.lambda$getValue$0(ERCache.java:174)
	at io.apicurio.registry.resolver.cache.ERCache.retry(ERCache.java:227)
	at io.apicurio.registry.resolver.cache.ERCache.getValue(ERCache.java:173)
	at io.apicurio.registry.resolver.cache.ERCache.getByContent(ERCache.java:147)
	at io.apicurio.registry.resolver.DefaultSchemaResolver.handleResolveSchemaByContent(DefaultSchemaResolver.java:253)
	at io.apicurio.registry.resolver.DefaultSchemaResolver.getSchemaFromRegistry(DefaultSchemaResolver.java:138)
	at io.apicurio.registry.resolver.DefaultSchemaResolver.lambda$resolveSchema$0(DefaultSchemaResolver.java:84)
	at java.base/java.util.Optional.orElseGet(Optional.java:364)
	at io.apicurio.registry.resolver.DefaultSchemaResolver.resolveSchema(DefaultSchemaResolver.java:84)
	at io.apicurio.registry.serde.AbstractSerializer.serializeData(AbstractSerializer.java:62)
	at io.apicurio.registry.serde.KafkaSerializer.serialize(KafkaSerializer.java:77)
	at org.apache.kafka.clients.producer.KafkaProducer.doSend(KafkaProducer.java:1046)
	at org.apache.kafka.clients.producer.KafkaProducer.send(KafkaProducer.java:993)
	at org.apache.kafka.clients.producer.KafkaProducer.send(KafkaProducer.java:875)
	at io.apicurio.tests.serdes.apicurio.KafkaSerdesTester.lambda$produceMessages$3(KafkaSerdesTester.java:138)
	at java.base/java.util.concurrent.CompletableFuture$AsyncSupply.run(CompletableFuture.java:1768)
	at java.base/java.lang.Thread.run(Thread.java:840)
]]></system-err>
  </testcase>
  <testcase name="testGlobalIdInBody" classname="io.apicurio.tests.serdes.apicurio.AvroSerdeIT" time="3.927">
    <system-out><![CDATA[2025-08-12 17:28:59,778 INFO  [io.api.tes.uti.TestSeparator] (main) ############################################################################
2025-08-12 17:28:59,778 INFO  [io.api.tes.uti.TestSeparator] (main) io.apicurio.tests.serdes.apicurio.AvroSerdeIT.testGlobalIdInBody-STARTED
**** Registry Base URL: http://registry-app-ksql043.apps.ci419.apicurio-testing.org:80
2025-08-12 17:28:59,785 INFO  [org.apa.kaf.cli.pro.ProducerConfig] (main) ProducerConfig values: 
	acks = -1
	auto.include.jmx.reporter = true
	batch.size = 16384
	bootstrap.servers = [PLAINTEXT://localhost:32769]
	buffer.memory = 33554432
	client.dns.lookup = use_all_dns_ips
	client.id = Producer-topic-0af93403_c59f_4bc7_8254_36d59a2546e7
	compression.gzip.level = -1
	compression.lz4.level = 9
	compression.type = none
	compression.zstd.level = 3
	connections.max.idle.ms = 10000
	delivery.timeout.ms = 120000
	enable.idempotence = true
	enable.metrics.push = true
	interceptor.classes = []
	key.serializer = class org.apache.kafka.common.serialization.StringSerializer
	linger.ms = 0
	max.block.ms = 60000
	max.in.flight.requests.per.connection = 5
	max.request.size = 1048576
	metadata.max.age.ms = 300000
	metadata.max.idle.ms = 300000
	metadata.recovery.strategy = none
	metric.reporters = []
	metrics.num.samples = 2
	metrics.recording.level = INFO
	metrics.sample.window.ms = 30000
	partitioner.adaptive.partitioning.enable = true
	partitioner.availability.timeout.ms = 0
	partitioner.class = null
	partitioner.ignore.keys = false
	receive.buffer.bytes = 32768
	reconnect.backoff.max.ms = 1000
	reconnect.backoff.ms = 50
	request.timeout.ms = 5000
	retries = 2147483647
	retry.backoff.max.ms = 1000
	retry.backoff.ms = 100
	sasl.client.callback.handler.class = null
	sasl.jaas.config = null
	sasl.kerberos.kinit.cmd = /usr/bin/kinit
	sasl.kerberos.min.time.before.relogin = 60000
	sasl.kerberos.service.name = null
	sasl.kerberos.ticket.renew.jitter = 0.05
	sasl.kerberos.ticket.renew.window.factor = 0.8
	sasl.login.callback.handler.class = null
	sasl.login.class = null
	sasl.login.connect.timeout.ms = null
	sasl.login.read.timeout.ms = null
	sasl.login.refresh.buffer.seconds = 300
	sasl.login.refresh.min.period.seconds = 60
	sasl.login.refresh.window.factor = 0.8
	sasl.login.refresh.window.jitter = 0.05
	sasl.login.retry.backoff.max.ms = 10000
	sasl.login.retry.backoff.ms = 100
	sasl.mechanism = GSSAPI
	sasl.oauthbearer.clock.skew.seconds = 30
	sasl.oauthbearer.expected.audience = null
	sasl.oauthbearer.expected.issuer = null
	sasl.oauthbearer.header.urlencode = false
	sasl.oauthbearer.jwks.endpoint.refresh.ms = 3600000
	sasl.oauthbearer.jwks.endpoint.retry.backoff.max.ms = 10000
	sasl.oauthbearer.jwks.endpoint.retry.backoff.ms = 100
	sasl.oauthbearer.jwks.endpoint.url = null
	sasl.oauthbearer.scope.claim.name = scope
	sasl.oauthbearer.sub.claim.name = sub
	sasl.oauthbearer.token.endpoint.url = null
	security.protocol = PLAINTEXT
	security.providers = null
	send.buffer.bytes = 131072
	socket.connection.setup.timeout.max.ms = 30000
	socket.connection.setup.timeout.ms = 10000
	ssl.cipher.suites = null
	ssl.enabled.protocols = [TLSv1.2, TLSv1.3]
	ssl.endpoint.identification.algorithm = https
	ssl.engine.factory.class = null
	ssl.key.password = null
	ssl.keymanager.algorithm = SunX509
	ssl.keystore.certificate.chain = null
	ssl.keystore.key = null
	ssl.keystore.location = null
	ssl.keystore.password = null
	ssl.keystore.type = JKS
	ssl.protocol = TLSv1.3
	ssl.provider = null
	ssl.secure.random.implementation = null
	ssl.trustmanager.algorithm = PKIX
	ssl.truststore.certificates = null
	ssl.truststore.location = null
	ssl.truststore.password = null
	ssl.truststore.type = JKS
	transaction.timeout.ms = 60000
	transactional.id = null
	value.serializer = class io.apicurio.registry.serde.avro.AvroKafkaSerializer

2025-08-12 17:28:59,785 INFO  [org.apa.kaf.com.tel.int.KafkaMetricsCollector] (main) initializing Kafka metrics collector
2025-08-12 17:28:59,792 INFO  [org.apa.kaf.cli.pro.KafkaProducer] (main) [Producer clientId=Producer-topic-0af93403_c59f_4bc7_8254_36d59a2546e7] Instantiated an idempotent producer.
2025-08-12 17:28:59,794 INFO  [org.apa.kaf.cli.pro.ProducerConfig] (main) These configurations '[apicurio.registry.url, apicurio.registry.auto-register, apicurio.registry.use-id, apicurio.registry.artifact-resolver-strategy]' were supplied but are not used yet.
2025-08-12 17:28:59,794 INFO  [org.apa.kaf.com.uti.AppInfoParser] (main) Kafka version: 3.9.1
2025-08-12 17:28:59,794 INFO  [org.apa.kaf.com.uti.AppInfoParser] (main) Kafka commitId: f745dfdcee2b9851
2025-08-12 17:28:59,794 INFO  [org.apa.kaf.com.uti.AppInfoParser] (main) Kafka startTimeMs: 1755019739794
2025-08-12 17:28:59,794 INFO  [io.api.tes.ser.api.SimpleSerdesTesterBuilder$SimpleSerdesTester] (main) Using producer configuration: {apicurio.registry.url=http://registry-app-ksql043.apps.ci419.apicurio-testing.org:80/apis/registry/v3, apicurio.registry.auto-register=true, apicurio.registry.use-id=globalId, apicurio.registry.artifact-resolver-strategy=io.apicurio.registry.serde.strategy.TopicIdStrategy, value.serializer=io.apicurio.registry.serde.avro.AvroKafkaSerializer, request.timeout.ms=5000, acks=all, bootstrap.servers=PLAINTEXT://localhost:32769, connections.max.idle.ms=10000, key.serializer=org.apache.kafka.common.serialization.StringSerializer, client.id=Producer-topic-0af93403_c59f_4bc7_8254_36d59a2546e7}
2025-08-12 17:28:59,794 INFO  [io.api.tes.ser.api.SimpleSerdesTesterBuilder$SimpleSerdesTester] (main) Using consumer configuration: {apicurio.registry.use-id=globalId}
2025-08-12 17:28:59,796 INFO  [io.api.tes.ser.api.KafkaSerdesTester] (Thread-741) Sending message {"key11755019739778": "value-0"} to topic topic-0af93403_c59f_4bc7_8254_36d59a2546e7
2025-08-12 17:28:59,801 WARN  [org.apa.kaf.cli.NetworkClient] (kafka-producer-network-thread | Producer-topic-0af93403_c59f_4bc7_8254_36d59a2546e7) [Producer clientId=Producer-topic-0af93403_c59f_4bc7_8254_36d59a2546e7] The metadata response from the cluster reported a recoverable issue with correlation id 1 : {topic-0af93403_c59f_4bc7_8254_36d59a2546e7=UNKNOWN_TOPIC_OR_PARTITION}
2025-08-12 17:28:59,801 INFO  [org.apa.kaf.cli.Metadata] (kafka-producer-network-thread | Producer-topic-0af93403_c59f_4bc7_8254_36d59a2546e7) [Producer clientId=Producer-topic-0af93403_c59f_4bc7_8254_36d59a2546e7] Cluster ID: Fm7ZMVgORveP7Vf0og8MFw
2025-08-12 17:28:59,802 INFO  [org.apa.kaf.cli.pro.int.TransactionManager] (kafka-producer-network-thread | Producer-topic-0af93403_c59f_4bc7_8254_36d59a2546e7) [Producer clientId=Producer-topic-0af93403_c59f_4bc7_8254_36d59a2546e7] ProducerId set to 25 with epoch 0
2025-08-12 17:29:00,013 INFO  [io.api.tes.ser.api.KafkaSerdesTester] (Thread-741) Sending message {"key11755019739778": "value-1"} to topic topic-0af93403_c59f_4bc7_8254_36d59a2546e7
2025-08-12 17:29:00,015 INFO  [io.api.tes.ser.api.KafkaSerdesTester] (Thread-741) Sending message {"key11755019739778": "value-2"} to topic topic-0af93403_c59f_4bc7_8254_36d59a2546e7
2025-08-12 17:29:00,016 INFO  [io.api.tes.ser.api.KafkaSerdesTester] (Thread-741) Sending message {"key11755019739778": "value-3"} to topic topic-0af93403_c59f_4bc7_8254_36d59a2546e7
2025-08-12 17:29:00,017 INFO  [io.api.tes.ser.api.KafkaSerdesTester] (Thread-741) Sending message {"key11755019739778": "value-4"} to topic topic-0af93403_c59f_4bc7_8254_36d59a2546e7
2025-08-12 17:29:00,019 INFO  [io.api.tes.ser.api.KafkaSerdesTester] (Thread-741) Sending message {"key11755019739778": "value-5"} to topic topic-0af93403_c59f_4bc7_8254_36d59a2546e7
2025-08-12 17:29:00,024 INFO  [io.api.tes.ser.api.KafkaSerdesTester] (Thread-741) Sending message {"key11755019739778": "value-6"} to topic topic-0af93403_c59f_4bc7_8254_36d59a2546e7
2025-08-12 17:29:00,026 INFO  [io.api.tes.ser.api.KafkaSerdesTester] (Thread-741) Sending message {"key11755019739778": "value-7"} to topic topic-0af93403_c59f_4bc7_8254_36d59a2546e7
2025-08-12 17:29:00,029 INFO  [io.api.tes.ser.api.KafkaSerdesTester] (Thread-741) Sending message {"key11755019739778": "value-8"} to topic topic-0af93403_c59f_4bc7_8254_36d59a2546e7
2025-08-12 17:29:00,031 INFO  [io.api.tes.ser.api.KafkaSerdesTester] (Thread-741) Sending message {"key11755019739778": "value-9"} to topic topic-0af93403_c59f_4bc7_8254_36d59a2546e7
2025-08-12 17:29:00,036 INFO  [io.api.tes.ser.api.KafkaSerdesTester] (Thread-741) Produced 10 messages
2025-08-12 17:29:00,036 INFO  [org.apa.kaf.cli.pro.KafkaProducer] (Thread-741) [Producer clientId=Producer-topic-0af93403_c59f_4bc7_8254_36d59a2546e7] Closing the Kafka producer with timeoutMillis = 9223372036854775807 ms.
2025-08-12 17:29:00,038 INFO  [org.apa.kaf.com.met.Metrics] (Thread-741) Metrics scheduler closed
2025-08-12 17:29:00,038 INFO  [org.apa.kaf.com.met.Metrics] (Thread-741) Closing reporter org.apache.kafka.common.metrics.JmxReporter
2025-08-12 17:29:00,038 INFO  [org.apa.kaf.com.met.Metrics] (Thread-741) Closing reporter org.apache.kafka.common.telemetry.internals.ClientTelemetryReporter
2025-08-12 17:29:00,038 INFO  [org.apa.kaf.com.met.Metrics] (Thread-741) Metrics reporters closed
2025-08-12 17:29:00,038 INFO  [org.apa.kaf.com.uti.AppInfoParser] (Thread-741) App info kafka.producer for Producer-topic-0af93403_c59f_4bc7_8254_36d59a2546e7 unregistered
**** Registry Base URL: http://registry-app-ksql043.apps.ci419.apicurio-testing.org:80
2025-08-12 17:29:00,091 INFO  [org.apa.kaf.cli.con.ConsumerConfig] (main) ConsumerConfig values: 
	allow.auto.create.topics = true
	auto.commit.interval.ms = 500
	auto.include.jmx.reporter = true
	auto.offset.reset = earliest
	bootstrap.servers = [PLAINTEXT://localhost:32769]
	check.crcs = true
	client.dns.lookup = use_all_dns_ips
	client.id = consumer-Consumer-topic-0af93403_c59f_4bc7_8254_36d59a2546e7-18
	client.rack = 
	connections.max.idle.ms = 10000
	default.api.timeout.ms = 60000
	enable.auto.commit = true
	enable.metrics.push = true
	exclude.internal.topics = true
	fetch.max.bytes = 52428800
	fetch.max.wait.ms = 500
	fetch.min.bytes = 1
	group.id = Consumer-topic-0af93403_c59f_4bc7_8254_36d59a2546e7
	group.instance.id = null
	group.protocol = classic
	group.remote.assignor = null
	heartbeat.interval.ms = 3000
	interceptor.classes = []
	internal.leave.group.on.close = true
	internal.throw.on.fetch.stable.offset.unsupported = false
	isolation.level = read_uncommitted
	key.deserializer = class org.apache.kafka.common.serialization.StringDeserializer
	max.partition.fetch.bytes = 1048576
	max.poll.interval.ms = 300000
	max.poll.records = 500
	metadata.max.age.ms = 300000
	metadata.recovery.strategy = none
	metric.reporters = []
	metrics.num.samples = 2
	metrics.recording.level = INFO
	metrics.sample.window.ms = 30000
	partition.assignment.strategy = [class org.apache.kafka.clients.consumer.RangeAssignor, class org.apache.kafka.clients.consumer.CooperativeStickyAssignor]
	receive.buffer.bytes = 65536
	reconnect.backoff.max.ms = 1000
	reconnect.backoff.ms = 50
	request.timeout.ms = 5000
	retry.backoff.max.ms = 1000
	retry.backoff.ms = 100
	sasl.client.callback.handler.class = null
	sasl.jaas.config = null
	sasl.kerberos.kinit.cmd = /usr/bin/kinit
	sasl.kerberos.min.time.before.relogin = 60000
	sasl.kerberos.service.name = null
	sasl.kerberos.ticket.renew.jitter = 0.05
	sasl.kerberos.ticket.renew.window.factor = 0.8
	sasl.login.callback.handler.class = null
	sasl.login.class = null
	sasl.login.connect.timeout.ms = null
	sasl.login.read.timeout.ms = null
	sasl.login.refresh.buffer.seconds = 300
	sasl.login.refresh.min.period.seconds = 60
	sasl.login.refresh.window.factor = 0.8
	sasl.login.refresh.window.jitter = 0.05
	sasl.login.retry.backoff.max.ms = 10000
	sasl.login.retry.backoff.ms = 100
	sasl.mechanism = GSSAPI
	sasl.oauthbearer.clock.skew.seconds = 30
	sasl.oauthbearer.expected.audience = null
	sasl.oauthbearer.expected.issuer = null
	sasl.oauthbearer.header.urlencode = false
	sasl.oauthbearer.jwks.endpoint.refresh.ms = 3600000
	sasl.oauthbearer.jwks.endpoint.retry.backoff.max.ms = 10000
	sasl.oauthbearer.jwks.endpoint.retry.backoff.ms = 100
	sasl.oauthbearer.jwks.endpoint.url = null
	sasl.oauthbearer.scope.claim.name = scope
	sasl.oauthbearer.sub.claim.name = sub
	sasl.oauthbearer.token.endpoint.url = null
	security.protocol = PLAINTEXT
	security.providers = null
	send.buffer.bytes = 131072
	session.timeout.ms = 45000
	socket.connection.setup.timeout.max.ms = 30000
	socket.connection.setup.timeout.ms = 10000
	ssl.cipher.suites = null
	ssl.enabled.protocols = [TLSv1.2, TLSv1.3]
	ssl.endpoint.identification.algorithm = https
	ssl.engine.factory.class = null
	ssl.key.password = null
	ssl.keymanager.algorithm = SunX509
	ssl.keystore.certificate.chain = null
	ssl.keystore.key = null
	ssl.keystore.location = null
	ssl.keystore.password = null
	ssl.keystore.type = JKS
	ssl.protocol = TLSv1.3
	ssl.provider = null
	ssl.secure.random.implementation = null
	ssl.trustmanager.algorithm = PKIX
	ssl.truststore.certificates = null
	ssl.truststore.location = null
	ssl.truststore.password = null
	ssl.truststore.type = JKS
	value.deserializer = class io.apicurio.registry.serde.avro.AvroKafkaDeserializer

2025-08-12 17:29:00,091 INFO  [org.apa.kaf.com.tel.int.KafkaMetricsCollector] (main) initializing Kafka metrics collector
2025-08-12 17:29:00,096 INFO  [org.apa.kaf.cli.con.ConsumerConfig] (main) These configurations '[apicurio.registry.url, apicurio.registry.use-id]' were supplied but are not used yet.
2025-08-12 17:29:00,097 INFO  [org.apa.kaf.com.uti.AppInfoParser] (main) Kafka version: 3.9.1
2025-08-12 17:29:00,097 INFO  [org.apa.kaf.com.uti.AppInfoParser] (main) Kafka commitId: f745dfdcee2b9851
2025-08-12 17:29:00,097 INFO  [org.apa.kaf.com.uti.AppInfoParser] (main) Kafka startTimeMs: 1755019740097
2025-08-12 17:29:00,097 INFO  [org.apa.kaf.cli.con.int.ClassicKafkaConsumer] (Thread-744) [Consumer clientId=consumer-Consumer-topic-0af93403_c59f_4bc7_8254_36d59a2546e7-18, groupId=Consumer-topic-0af93403_c59f_4bc7_8254_36d59a2546e7] Subscribed to topic(s): topic-0af93403_c59f_4bc7_8254_36d59a2546e7
2025-08-12 17:29:00,102 INFO  [org.apa.kaf.cli.Metadata] (Thread-744) [Consumer clientId=consumer-Consumer-topic-0af93403_c59f_4bc7_8254_36d59a2546e7-18, groupId=Consumer-topic-0af93403_c59f_4bc7_8254_36d59a2546e7] Cluster ID: Fm7ZMVgORveP7Vf0og8MFw
2025-08-12 17:29:00,103 INFO  [org.apa.kaf.cli.con.int.ConsumerCoordinator] (Thread-744) [Consumer clientId=consumer-Consumer-topic-0af93403_c59f_4bc7_8254_36d59a2546e7-18, groupId=Consumer-topic-0af93403_c59f_4bc7_8254_36d59a2546e7] Discovered group coordinator localhost:32769 (id: 2147483647 rack: null)
2025-08-12 17:29:00,105 INFO  [org.apa.kaf.cli.con.int.ConsumerCoordinator] (Thread-744) [Consumer clientId=consumer-Consumer-topic-0af93403_c59f_4bc7_8254_36d59a2546e7-18, groupId=Consumer-topic-0af93403_c59f_4bc7_8254_36d59a2546e7] (Re-)joining group
2025-08-12 17:29:00,106 INFO  [org.apa.kaf.cli.con.int.ConsumerCoordinator] (Thread-744) [Consumer clientId=consumer-Consumer-topic-0af93403_c59f_4bc7_8254_36d59a2546e7-18, groupId=Consumer-topic-0af93403_c59f_4bc7_8254_36d59a2546e7] Request joining group due to: need to re-join with the given member-id: consumer-Consumer-topic-0af93403_c59f_4bc7_8254_36d59a2546e7-18-e8b1f3d2-d955-4977-a624-b259553bc08e
2025-08-12 17:29:00,106 INFO  [org.apa.kaf.cli.con.int.ConsumerCoordinator] (Thread-744) [Consumer clientId=consumer-Consumer-topic-0af93403_c59f_4bc7_8254_36d59a2546e7-18, groupId=Consumer-topic-0af93403_c59f_4bc7_8254_36d59a2546e7] (Re-)joining group
2025-08-12 17:29:01,097 INFO  [io.api.tes.ser.api.KafkaSerdesTester] (Thread-744) None found
2025-08-12 17:29:02,097 INFO  [io.api.tes.ser.api.KafkaSerdesTester] (Thread-744) None found
2025-08-12 17:29:03,098 INFO  [io.api.tes.ser.api.KafkaSerdesTester] (Thread-744) None found
2025-08-12 17:29:03,108 INFO  [org.apa.kaf.cli.con.int.ConsumerCoordinator] (Thread-744) [Consumer clientId=consumer-Consumer-topic-0af93403_c59f_4bc7_8254_36d59a2546e7-18, groupId=Consumer-topic-0af93403_c59f_4bc7_8254_36d59a2546e7] Successfully joined group with generation Generation{generationId=1, memberId='consumer-Consumer-topic-0af93403_c59f_4bc7_8254_36d59a2546e7-18-e8b1f3d2-d955-4977-a624-b259553bc08e', protocol='range'}
2025-08-12 17:29:03,109 INFO  [org.apa.kaf.cli.con.int.ConsumerCoordinator] (Thread-744) [Consumer clientId=consumer-Consumer-topic-0af93403_c59f_4bc7_8254_36d59a2546e7-18, groupId=Consumer-topic-0af93403_c59f_4bc7_8254_36d59a2546e7] Finished assignment for group at generation 1: {consumer-Consumer-topic-0af93403_c59f_4bc7_8254_36d59a2546e7-18-e8b1f3d2-d955-4977-a624-b259553bc08e=Assignment(partitions=[topic-0af93403_c59f_4bc7_8254_36d59a2546e7-0])}
2025-08-12 17:29:03,115 INFO  [org.apa.kaf.cli.con.int.ConsumerCoordinator] (Thread-744) [Consumer clientId=consumer-Consumer-topic-0af93403_c59f_4bc7_8254_36d59a2546e7-18, groupId=Consumer-topic-0af93403_c59f_4bc7_8254_36d59a2546e7] Successfully synced group in generation Generation{generationId=1, memberId='consumer-Consumer-topic-0af93403_c59f_4bc7_8254_36d59a2546e7-18-e8b1f3d2-d955-4977-a624-b259553bc08e', protocol='range'}
2025-08-12 17:29:03,116 INFO  [org.apa.kaf.cli.con.int.ConsumerCoordinator] (Thread-744) [Consumer clientId=consumer-Consumer-topic-0af93403_c59f_4bc7_8254_36d59a2546e7-18, groupId=Consumer-topic-0af93403_c59f_4bc7_8254_36d59a2546e7] Notifying assignor about the new Assignment(partitions=[topic-0af93403_c59f_4bc7_8254_36d59a2546e7-0])
2025-08-12 17:29:03,116 INFO  [org.apa.kaf.cli.con.int.ConsumerRebalanceListenerInvoker] (Thread-744) [Consumer clientId=consumer-Consumer-topic-0af93403_c59f_4bc7_8254_36d59a2546e7-18, groupId=Consumer-topic-0af93403_c59f_4bc7_8254_36d59a2546e7] Adding newly assigned partitions: topic-0af93403_c59f_4bc7_8254_36d59a2546e7-0
2025-08-12 17:29:03,117 INFO  [org.apa.kaf.cli.con.int.ConsumerCoordinator] (Thread-744) [Consumer clientId=consumer-Consumer-topic-0af93403_c59f_4bc7_8254_36d59a2546e7-18, groupId=Consumer-topic-0af93403_c59f_4bc7_8254_36d59a2546e7] Found no committed offset for partition topic-0af93403_c59f_4bc7_8254_36d59a2546e7-0
2025-08-12 17:29:03,119 INFO  [org.apa.kaf.cli.con.int.SubscriptionState] (Thread-744) [Consumer clientId=consumer-Consumer-topic-0af93403_c59f_4bc7_8254_36d59a2546e7-18, groupId=Consumer-topic-0af93403_c59f_4bc7_8254_36d59a2546e7] Resetting offset for partition topic-0af93403_c59f_4bc7_8254_36d59a2546e7-0 to position FetchPosition{offset=0, offsetEpoch=Optional.empty, currentLeader=LeaderAndEpoch{leader=Optional[localhost:32769 (id: 0 rack: null)], epoch=0}}.
2025-08-12 17:29:03,195 INFO  [io.api.tes.ser.api.KafkaSerdesTester] (Thread-744) topic-0af93403_c59f_4bc7_8254_36d59a2546e7 0 0 {"key11755019739778": "value-0"}
2025-08-12 17:29:03,195 INFO  [io.api.tes.ser.api.KafkaSerdesTester] (Thread-744) topic-0af93403_c59f_4bc7_8254_36d59a2546e7 0 1 {"key11755019739778": "value-1"}
2025-08-12 17:29:03,195 INFO  [io.api.tes.ser.api.KafkaSerdesTester] (Thread-744) topic-0af93403_c59f_4bc7_8254_36d59a2546e7 0 2 {"key11755019739778": "value-2"}
2025-08-12 17:29:03,195 INFO  [io.api.tes.ser.api.KafkaSerdesTester] (Thread-744) topic-0af93403_c59f_4bc7_8254_36d59a2546e7 0 3 {"key11755019739778": "value-3"}
2025-08-12 17:29:03,195 INFO  [io.api.tes.ser.api.KafkaSerdesTester] (Thread-744) topic-0af93403_c59f_4bc7_8254_36d59a2546e7 0 4 {"key11755019739778": "value-4"}
2025-08-12 17:29:03,195 INFO  [io.api.tes.ser.api.KafkaSerdesTester] (Thread-744) topic-0af93403_c59f_4bc7_8254_36d59a2546e7 0 5 {"key11755019739778": "value-5"}
2025-08-12 17:29:03,195 INFO  [io.api.tes.ser.api.KafkaSerdesTester] (Thread-744) topic-0af93403_c59f_4bc7_8254_36d59a2546e7 0 6 {"key11755019739778": "value-6"}
2025-08-12 17:29:03,195 INFO  [io.api.tes.ser.api.KafkaSerdesTester] (Thread-744) topic-0af93403_c59f_4bc7_8254_36d59a2546e7 0 7 {"key11755019739778": "value-7"}
2025-08-12 17:29:03,195 INFO  [io.api.tes.ser.api.KafkaSerdesTester] (Thread-744) topic-0af93403_c59f_4bc7_8254_36d59a2546e7 0 8 {"key11755019739778": "value-8"}
2025-08-12 17:29:03,195 INFO  [io.api.tes.ser.api.KafkaSerdesTester] (Thread-744) topic-0af93403_c59f_4bc7_8254_36d59a2546e7 0 9 {"key11755019739778": "value-9"}
2025-08-12 17:29:03,195 INFO  [io.api.tes.ser.api.KafkaSerdesTester] (Thread-744) Consumed 10 messages
2025-08-12 17:29:03,202 INFO  [org.apa.kaf.cli.con.int.ConsumerRebalanceListenerInvoker] (Thread-744) [Consumer clientId=consumer-Consumer-topic-0af93403_c59f_4bc7_8254_36d59a2546e7-18, groupId=Consumer-topic-0af93403_c59f_4bc7_8254_36d59a2546e7] Revoke previously assigned partitions topic-0af93403_c59f_4bc7_8254_36d59a2546e7-0
2025-08-12 17:29:03,202 INFO  [org.apa.kaf.cli.con.int.ConsumerCoordinator] (Thread-744) [Consumer clientId=consumer-Consumer-topic-0af93403_c59f_4bc7_8254_36d59a2546e7-18, groupId=Consumer-topic-0af93403_c59f_4bc7_8254_36d59a2546e7] Member consumer-Consumer-topic-0af93403_c59f_4bc7_8254_36d59a2546e7-18-e8b1f3d2-d955-4977-a624-b259553bc08e sending LeaveGroup request to coordinator localhost:32769 (id: 2147483647 rack: null) due to the consumer is being closed
2025-08-12 17:29:03,202 INFO  [org.apa.kaf.cli.con.int.ConsumerCoordinator] (Thread-744) [Consumer clientId=consumer-Consumer-topic-0af93403_c59f_4bc7_8254_36d59a2546e7-18, groupId=Consumer-topic-0af93403_c59f_4bc7_8254_36d59a2546e7] Resetting generation and member id due to: consumer pro-actively leaving the group
2025-08-12 17:29:03,202 INFO  [org.apa.kaf.cli.con.int.ConsumerCoordinator] (Thread-744) [Consumer clientId=consumer-Consumer-topic-0af93403_c59f_4bc7_8254_36d59a2546e7-18, groupId=Consumer-topic-0af93403_c59f_4bc7_8254_36d59a2546e7] Request joining group due to: consumer pro-actively leaving the group
2025-08-12 17:29:03,697 INFO  [org.apa.kaf.com.met.Metrics] (Thread-744) Metrics scheduler closed
2025-08-12 17:29:03,697 INFO  [org.apa.kaf.com.met.Metrics] (Thread-744) Closing reporter org.apache.kafka.common.metrics.JmxReporter
2025-08-12 17:29:03,697 INFO  [org.apa.kaf.com.met.Metrics] (Thread-744) Closing reporter org.apache.kafka.common.telemetry.internals.ClientTelemetryReporter
2025-08-12 17:29:03,697 INFO  [org.apa.kaf.com.met.Metrics] (Thread-744) Metrics reporters closed
2025-08-12 17:29:03,699 INFO  [org.apa.kaf.com.uti.AppInfoParser] (Thread-744) App info kafka.consumer for consumer-Consumer-topic-0af93403_c59f_4bc7_8254_36d59a2546e7-18 unregistered
2025-08-12 17:29:03,701 INFO  [io.api.tes.uti.TestSeparator] (main) io.apicurio.tests.serdes.apicurio.AvroSerdeIT.testGlobalIdInBody-FINISHED
2025-08-12 17:29:03,701 INFO  [io.api.tes.uti.TestSeparator] (main) ############################################################################
Test passed: testGlobalIdInBody
]]></system-out>
  </testcase>
  <testcase name="testProducerUsesGlobalIdConsumerUsesDefault" classname="io.apicurio.tests.serdes.apicurio.AvroSerdeIT" time="0.0">
    <skipped message="void io.apicurio.tests.serdes.apicurio.AvroSerdeIT.testProducerUsesGlobalIdConsumerUsesDefault() throws java.lang.Exception is @Disabled"/>
  </testcase>
</testsuite>