<?xml version="1.0" encoding="UTF-8"?>
<testsuite xmlns:xsi="http://www.w3.org/2001/XMLSchema-instance" xsi:noNamespaceSchemaLocation="https://maven.apache.org/surefire/maven-failsafe-plugin/xsd/failsafe-test-report.xsd" version="3.0.2" name="io.apicurio.tests.serdes.apicurio.AvroSerdeIT" time="118.244" tests="21" errors="0" skipped="2" failures="0">
  <properties>
    <property name="java.specification.version" value="17"/>
    <property name="sun.jnu.encoding" value="UTF-8"/>
    <property name="java.class.path" value="/home/runner/work/apicurio-testing/apicurio-testing/clusters/ci419/namespaces/mysql/tests/integration/apicurio-registry/integration-tests/target/test-classes:/home/runner/work/apicurio-testing/apicurio-testing/clusters/ci419/namespaces/mysql/tests/integration/apicurio-registry/integration-tests/target/apicurio-registry-integration-tests-3.0.12-SNAPSHOT.jar:/home/runner/.m2/repository/io/quarkus/quarkus-junit5/3.20.2/quarkus-junit5-3.20.2.jar:/home/runner/.m2/repository/io/quarkus/quarkus-bootstrap-core/3.20.2/quarkus-bootstrap-core-3.20.2.jar:/home/runner/.m2/repository/io/quarkus/quarkus-classloader-commons/3.20.2/quarkus-classloader-commons-3.20.2.jar:/home/runner/.m2/repository/io/quarkus/quarkus-bootstrap-app-model/3.20.2/quarkus-bootstrap-app-model-3.20.2.jar:/home/runner/.m2/repository/io/smallrye/common/smallrye-common-io/2.12.0/smallrye-common-io-2.12.0.jar:/home/runner/.m2/repository/org/eclipse/sisu/org.eclipse.sisu.inject/0.9.0.M3/org.eclipse.sisu.inject-0.9.0.M3.jar:/home/runner/.m2/repository/io/quarkus/quarkus-test-common/3.20.2/quarkus-test-common-3.20.2.jar:/home/runner/.m2/repository/io/quarkus/quarkus-core-deployment/3.20.2/quarkus-core-deployment-3.20.2.jar:/home/runner/.m2/repository/org/aesh/readline/2.6/readline-2.6.jar:/home/runner/.m2/repository/org/fusesource/jansi/jansi/2.4.0/jansi-2.4.0.jar:/home/runner/.m2/repository/org/aesh/aesh/2.8.2/aesh-2.8.2.jar:/home/runner/.m2/repository/io/quarkus/gizmo/gizmo/1.8.0/gizmo-1.8.0.jar:/home/runner/.m2/repository/org/ow2/asm/asm-util/9.7.1/asm-util-9.7.1.jar:/home/runner/.m2/repository/org/ow2/asm/asm-analysis/9.7.1/asm-analysis-9.7.1.jar:/home/runner/.m2/repository/org/ow2/asm/asm-commons/9.7.1/asm-commons-9.7.1.jar:/home/runner/.m2/repository/org/ow2/asm/asm-tree/9.7.1/asm-tree-9.7.1.jar:/home/runner/.m2/repository/io/quarkus/quarkus-hibernate-validator-spi/3.20.2/quarkus-hibernate-validator-spi-3.20.2.jar:/home/runner/.m2/repository/io/quarkus/quarkus-class-change-agent/3.20.2/quarkus-class-change-agent-3.20.2.jar:/home/runner/.m2/repository/io/quarkus/quarkus-devtools-utilities/3.20.2/quarkus-devtools-utilities-3.20.2.jar:/home/runner/.m2/repository/io/quarkus/quarkus-builder/3.20.2/quarkus-builder-3.20.2.jar:/home/runner/.m2/repository/org/graalvm/sdk/nativeimage/23.1.2/nativeimage-23.1.2.jar:/home/runner/.m2/repository/org/graalvm/sdk/word/23.1.2/word-23.1.2.jar:/home/runner/.m2/repository/io/quarkus/quarkus-bootstrap-maven-resolver/3.20.2/quarkus-bootstrap-maven-resolver-3.20.2.jar:/home/runner/.m2/repository/io/smallrye/beanbag/smallrye-beanbag-maven/1.5.2/smallrye-beanbag-maven-1.5.2.jar:/home/runner/.m2/repository/io/smallrye/beanbag/smallrye-beanbag-sisu/1.5.2/smallrye-beanbag-sisu-1.5.2.jar:/home/runner/.m2/repository/io/smallrye/beanbag/smallrye-beanbag/1.5.2/smallrye-beanbag-1.5.2.jar:/home/runner/.m2/repository/javax/inject/javax.inject/1/javax.inject-1.jar:/home/runner/.m2/repository/org/apache/maven/maven-artifact/3.9.9/maven-artifact-3.9.9.jar:/home/runner/.m2/repository/org/apache/maven/maven-builder-support/3.9.9/maven-builder-support-3.9.9.jar:/home/runner/.m2/repository/org/apache/maven/maven-model/3.9.9/maven-model-3.9.9.jar:/home/runner/.m2/repository/org/apache/maven/maven-model-builder/3.9.9/maven-model-builder-3.9.9.jar:/home/runner/.m2/repository/org/apache/maven/maven-repository-metadata/3.9.9/maven-repository-metadata-3.9.9.jar:/home/runner/.m2/repository/org/apache/maven/maven-settings/3.9.9/maven-settings-3.9.9.jar:/home/runner/.m2/repository/org/apache/maven/resolver/maven-resolver-api/1.9.22/maven-resolver-api-1.9.22.jar:/home/runner/.m2/repository/org/apache/maven/resolver/maven-resolver-impl/1.9.22/maven-resolver-impl-1.9.22.jar:/home/runner/.m2/repository/org/apache/maven/resolver/maven-resolver-named-locks/1.9.22/maven-resolver-named-locks-1.9.22.jar:/home/runner/.m2/repository/org/apache/maven/resolver/maven-resolver-spi/1.9.22/maven-resolver-spi-1.9.22.jar:/home/runner/.m2/repository/org/apache/maven/resolver/maven-resolver-util/1.9.22/maven-resolver-util-1.9.22.jar:/home/runner/.m2/repository/org/apache/maven/resolver/maven-resolver-transport-http/1.9.20/maven-resolver-transport-http-1.9.20.jar:/home/runner/.m2/repository/org/apache/maven/wagon/wagon-provider-api/3.5.3/wagon-provider-api-3.5.3.jar:/home/runner/.m2/repository/org/apache/maven/wagon/wagon-http-shared/3.5.3/wagon-http-shared-3.5.3.jar:/home/runner/.m2/repository/org/codehaus/plexus/plexus-interpolation/1.26/plexus-interpolation-1.26.jar:/home/runner/.m2/repository/org/codehaus/plexus/plexus-utils/3.5.1/plexus-utils-3.5.1.jar:/home/runner/.m2/repository/org/codehaus/plexus/plexus-xml/4.0.1/plexus-xml-4.0.1.jar:/home/runner/.m2/repository/org/apache/maven/maven-xml-impl/4.0.0-alpha-5/maven-xml-impl-4.0.0-alpha-5.jar:/home/runner/.m2/repository/org/apache/maven/maven-api-xml/4.0.0-alpha-5/maven-api-xml-4.0.0-alpha-5.jar:/home/runner/.m2/repository/org/apache/maven/maven-api-meta/4.0.0-alpha-5/maven-api-meta-4.0.0-alpha-5.jar:/home/runner/.m2/repository/org/codehaus/plexus/plexus-cipher/2.0/plexus-cipher-2.0.jar:/home/runner/.m2/repository/org/codehaus/plexus/plexus-sec-dispatcher/2.0/plexus-sec-dispatcher-2.0.jar:/home/runner/.m2/repository/org/apache/maven/maven-embedder/3.9.9/maven-embedder-3.9.9.jar:/home/runner/.m2/repository/org/apache/maven/maven-core/3.9.9/maven-core-3.9.9.jar:/home/runner/.m2/repository/org/codehaus/plexus/plexus-component-annotations/2.1.0/plexus-component-annotations-2.1.0.jar:/home/runner/.m2/repository/org/apache/maven/maven-plugin-api/3.9.9/maven-plugin-api-3.9.9.jar:/home/runner/.m2/repository/org/apache/maven/shared/maven-shared-utils/3.4.2/maven-shared-utils-3.4.2.jar:/home/runner/.m2/repository/com/google/inject/guice/5.1.0/guice-5.1.0.jar:/home/runner/.m2/repository/aopalliance/aopalliance/1.0/aopalliance-1.0.jar:/home/runner/.m2/repository/org/codehaus/plexus/plexus-classworlds/2.6.0/plexus-classworlds-2.6.0.jar:/home/runner/.m2/repository/commons-cli/commons-cli/1.8.0/commons-cli-1.8.0.jar:/home/runner/.m2/repository/org/eclipse/sisu/org.eclipse.sisu.plexus/0.9.0.M3/org.eclipse.sisu.plexus-0.9.0.M3.jar:/home/runner/.m2/repository/org/apache/maven/maven-settings-builder/3.9.9/maven-settings-builder-3.9.9.jar:/home/runner/.m2/repository/org/apache/maven/maven-resolver-provider/3.9.9/maven-resolver-provider-3.9.9.jar:/home/runner/.m2/repository/org/apache/maven/resolver/maven-resolver-connector-basic/1.9.22/maven-resolver-connector-basic-1.9.22.jar:/home/runner/.m2/repository/org/apache/maven/resolver/maven-resolver-transport-wagon/1.9.22/maven-resolver-transport-wagon-1.9.22.jar:/home/runner/.m2/repository/org/apache/maven/wagon/wagon-http/3.5.3/wagon-http-3.5.3.jar:/home/runner/.m2/repository/org/apache/maven/wagon/wagon-file/3.5.3/wagon-file-3.5.3.jar:/home/runner/.m2/repository/io/quarkus/quarkus-bootstrap-gradle-resolver/3.20.2/quarkus-bootstrap-gradle-resolver-3.20.2.jar:/home/runner/.m2/repository/io/smallrye/jandex/3.3.0/jandex-3.3.0.jar:/home/runner/.m2/repository/org/jboss/logging/commons-logging-jboss-logging/1.0.0.Final/commons-logging-jboss-logging-1.0.0.Final.jar:/home/runner/.m2/repository/io/quarkus/quarkus-junit5-config/3.20.2/quarkus-junit5-config-3.20.2.jar:/home/runner/.m2/repository/org/junit/jupiter/junit-jupiter-api/5.12.1/junit-jupiter-api-5.12.1.jar:/home/runner/.m2/repository/io/smallrye/config/smallrye-config/3.11.4/smallrye-config-3.11.4.jar:/home/runner/.m2/repository/io/smallrye/config/smallrye-config-core/3.11.4/smallrye-config-core-3.11.4.jar:/home/runner/.m2/repository/io/smallrye/common/smallrye-common-classloader/2.12.0/smallrye-common-classloader-2.12.0.jar:/home/runner/.m2/repository/io/smallrye/config/smallrye-config-common/3.11.4/smallrye-config-common-3.11.4.jar:/home/runner/.m2/repository/org/junit/jupiter/junit-jupiter/5.12.1/junit-jupiter-5.12.1.jar:/home/runner/.m2/repository/org/junit/jupiter/junit-jupiter-params/5.12.1/junit-jupiter-params-5.12.1.jar:/home/runner/.m2/repository/org/junit/jupiter/junit-jupiter-engine/5.12.1/junit-jupiter-engine-5.12.1.jar:/home/runner/.m2/repository/io/quarkus/quarkus-core/3.20.2/quarkus-core-3.20.2.jar:/home/runner/.m2/repository/jakarta/enterprise/jakarta.enterprise.cdi-api/4.1.0/jakarta.enterprise.cdi-api-4.1.0.jar:/home/runner/.m2/repository/jakarta/enterprise/jakarta.enterprise.lang-model/4.1.0/jakarta.enterprise.lang-model-4.1.0.jar:/home/runner/.m2/repository/jakarta/el/jakarta.el-api/5.0.1/jakarta.el-api-5.0.1.jar:/home/runner/.m2/repository/jakarta/interceptor/jakarta.interceptor-api/2.2.0/jakarta.interceptor-api-2.2.0.jar:/home/runner/.m2/repository/jakarta/inject/jakarta.inject-api/2.0.1/jakarta.inject-api-2.0.1.jar:/home/runner/.m2/repository/io/smallrye/common/smallrye-common-os/2.12.0/smallrye-common-os-2.12.0.jar:/home/runner/.m2/repository/io/quarkus/quarkus-ide-launcher/3.20.2/quarkus-ide-launcher-3.20.2.jar:/home/runner/.m2/repository/io/quarkus/quarkus-development-mode-spi/3.20.2/quarkus-development-mode-spi-3.20.2.jar:/home/runner/.m2/repository/org/jboss/logging/jboss-logging/3.6.1.Final/jboss-logging-3.6.1.Final.jar:/home/runner/.m2/repository/org/jboss/logmanager/jboss-logmanager/3.1.2.Final/jboss-logmanager-3.1.2.Final.jar:/home/runner/.m2/repository/io/smallrye/common/smallrye-common-constraint/2.12.0/smallrye-common-constraint-2.12.0.jar:/home/runner/.m2/repository/io/smallrye/common/smallrye-common-cpu/2.12.0/smallrye-common-cpu-2.12.0.jar:/home/runner/.m2/repository/io/smallrye/common/smallrye-common-expression/2.12.0/smallrye-common-expression-2.12.0.jar:/home/runner/.m2/repository/io/smallrye/common/smallrye-common-net/2.12.0/smallrye-common-net-2.12.0.jar:/home/runner/.m2/repository/io/smallrye/common/smallrye-common-ref/2.12.0/smallrye-common-ref-2.12.0.jar:/home/runner/.m2/repository/jakarta/json/jakarta.json-api/2.1.3/jakarta.json-api-2.1.3.jar:/home/runner/.m2/repository/org/eclipse/parsson/parsson/1.1.7/parsson-1.1.7.jar:/home/runner/.m2/repository/org/jboss/logging/jboss-logging-annotations/3.0.4.Final/jboss-logging-annotations-3.0.4.Final.jar:/home/runner/.m2/repository/org/jboss/threads/jboss-threads/3.8.0.Final/jboss-threads-3.8.0.Final.jar:/home/runner/.m2/repository/io/smallrye/common/smallrye-common-annotation/2.12.0/smallrye-common-annotation-2.12.0.jar:/home/runner/.m2/repository/io/smallrye/common/smallrye-common-function/2.12.0/smallrye-common-function-2.12.0.jar:/home/runner/.m2/repository/org/jboss/slf4j/slf4j-jboss-logmanager/2.0.0.Final/slf4j-jboss-logmanager-2.0.0.Final.jar:/home/runner/.m2/repository/org/wildfly/common/wildfly-common/2.0.1/wildfly-common-2.0.1.jar:/home/runner/.m2/repository/io/quarkus/quarkus-bootstrap-runner/3.20.2/quarkus-bootstrap-runner-3.20.2.jar:/home/runner/.m2/repository/io/github/crac/org-crac/0.1.3/org-crac-0.1.3.jar:/home/runner/.m2/repository/io/quarkus/quarkus-fs-util/0.0.10/quarkus-fs-util-0.0.10.jar:/home/runner/.m2/repository/org/jboss/marshalling/jboss-marshalling/2.2.2.Final/jboss-marshalling-2.2.2.Final.jar:/home/runner/.m2/repository/io/fabric8/kubernetes-client/7.1.0/kubernetes-client-7.1.0.jar:/home/runner/.m2/repository/io/fabric8/kubernetes-client-api/7.1.0/kubernetes-client-api-7.1.0.jar:/home/runner/.m2/repository/io/fabric8/kubernetes-model-core/7.1.0/kubernetes-model-core-7.1.0.jar:/home/runner/.m2/repository/io/fabric8/kubernetes-model-common/7.1.0/kubernetes-model-common-7.1.0.jar:/home/runner/.m2/repository/javax/annotation/javax.annotation-api/1.3.2/javax.annotation-api-1.3.2.jar:/home/runner/.m2/repository/io/fabric8/kubernetes-model-gatewayapi/7.1.0/kubernetes-model-gatewayapi-7.1.0.jar:/home/runner/.m2/repository/io/fabric8/kubernetes-model-resource/7.1.0/kubernetes-model-resource-7.1.0.jar:/home/runner/.m2/repository/io/fabric8/kubernetes-model-rbac/7.1.0/kubernetes-model-rbac-7.1.0.jar:/home/runner/.m2/repository/io/fabric8/kubernetes-model-admissionregistration/7.1.0/kubernetes-model-admissionregistration-7.1.0.jar:/home/runner/.m2/repository/io/fabric8/kubernetes-model-apps/7.1.0/kubernetes-model-apps-7.1.0.jar:/home/runner/.m2/repository/io/fabric8/kubernetes-model-autoscaling/7.1.0/kubernetes-model-autoscaling-7.1.0.jar:/home/runner/.m2/repository/io/fabric8/kubernetes-model-apiextensions/7.1.0/kubernetes-model-apiextensions-7.1.0.jar:/home/runner/.m2/repository/io/fabric8/kubernetes-model-batch/7.1.0/kubernetes-model-batch-7.1.0.jar:/home/runner/.m2/repository/io/fabric8/kubernetes-model-certificates/7.1.0/kubernetes-model-certificates-7.1.0.jar:/home/runner/.m2/repository/io/fabric8/kubernetes-model-coordination/7.1.0/kubernetes-model-coordination-7.1.0.jar:/home/runner/.m2/repository/io/fabric8/kubernetes-model-discovery/7.1.0/kubernetes-model-discovery-7.1.0.jar:/home/runner/.m2/repository/io/fabric8/kubernetes-model-events/7.1.0/kubernetes-model-events-7.1.0.jar:/home/runner/.m2/repository/io/fabric8/kubernetes-model-extensions/7.1.0/kubernetes-model-extensions-7.1.0.jar:/home/runner/.m2/repository/io/fabric8/kubernetes-model-flowcontrol/7.1.0/kubernetes-model-flowcontrol-7.1.0.jar:/home/runner/.m2/repository/io/fabric8/kubernetes-model-networking/7.1.0/kubernetes-model-networking-7.1.0.jar:/home/runner/.m2/repository/io/fabric8/kubernetes-model-metrics/7.1.0/kubernetes-model-metrics-7.1.0.jar:/home/runner/.m2/repository/io/fabric8/kubernetes-model-policy/7.1.0/kubernetes-model-policy-7.1.0.jar:/home/runner/.m2/repository/io/fabric8/kubernetes-model-scheduling/7.1.0/kubernetes-model-scheduling-7.1.0.jar:/home/runner/.m2/repository/io/fabric8/kubernetes-model-storageclass/7.1.0/kubernetes-model-storageclass-7.1.0.jar:/home/runner/.m2/repository/io/fabric8/kubernetes-model-node/7.1.0/kubernetes-model-node-7.1.0.jar:/home/runner/.m2/repository/org/snakeyaml/snakeyaml-engine/2.9/snakeyaml-engine-2.9.jar:/home/runner/.m2/repository/com/fasterxml/jackson/dataformat/jackson-dataformat-yaml/2.18.2/jackson-dataformat-yaml-2.18.2.jar:/home/runner/.m2/repository/com/fasterxml/jackson/datatype/jackson-datatype-jsr310/2.18.2/jackson-datatype-jsr310-2.18.2.jar:/home/runner/.m2/repository/io/fabric8/zjsonpatch/7.1.0/zjsonpatch-7.1.0.jar:/home/runner/.m2/repository/io/fabric8/kubernetes-httpclient-vertx/7.1.0/kubernetes-httpclient-vertx-7.1.0.jar:/home/runner/.m2/repository/io/vertx/vertx-web-client/4.5.16/vertx-web-client-4.5.16.jar:/home/runner/.m2/repository/io/vertx/vertx-web-common/4.5.16/vertx-web-common-4.5.16.jar:/home/runner/.m2/repository/io/vertx/vertx-auth-common/4.5.16/vertx-auth-common-4.5.16.jar:/home/runner/.m2/repository/io/vertx/vertx-uri-template/4.5.16/vertx-uri-template-4.5.16.jar:/home/runner/.m2/repository/io/fabric8/openshift-client/7.1.0/openshift-client-7.1.0.jar:/home/runner/.m2/repository/io/fabric8/openshift-client-api/7.1.0/openshift-client-api-7.1.0.jar:/home/runner/.m2/repository/io/fabric8/openshift-model/7.1.0/openshift-model-7.1.0.jar:/home/runner/.m2/repository/io/fabric8/openshift-model-autoscaling/7.1.0/openshift-model-autoscaling-7.1.0.jar:/home/runner/.m2/repository/io/fabric8/openshift-model-operator/7.1.0/openshift-model-operator-7.1.0.jar:/home/runner/.m2/repository/io/fabric8/openshift-model-operatorhub/7.1.0/openshift-model-operatorhub-7.1.0.jar:/home/runner/.m2/repository/io/fabric8/openshift-model-machine/7.1.0/openshift-model-machine-7.1.0.jar:/home/runner/.m2/repository/io/fabric8/openshift-model-whereabouts/7.1.0/openshift-model-whereabouts-7.1.0.jar:/home/runner/.m2/repository/io/fabric8/openshift-model-monitoring/7.1.0/openshift-model-monitoring-7.1.0.jar:/home/runner/.m2/repository/io/fabric8/openshift-model-storageversionmigrator/7.1.0/openshift-model-storageversionmigrator-7.1.0.jar:/home/runner/.m2/repository/io/fabric8/openshift-model-tuned/7.1.0/openshift-model-tuned-7.1.0.jar:/home/runner/.m2/repository/io/fabric8/openshift-model-console/7.1.0/openshift-model-console-7.1.0.jar:/home/runner/.m2/repository/io/fabric8/openshift-model-config/7.1.0/openshift-model-config-7.1.0.jar:/home/runner/.m2/repository/io/fabric8/openshift-model-machineconfiguration/7.1.0/openshift-model-machineconfiguration-7.1.0.jar:/home/runner/.m2/repository/io/fabric8/openshift-model-miscellaneous/7.1.0/openshift-model-miscellaneous-7.1.0.jar:/home/runner/.m2/repository/io/fabric8/openshift-model-hive/7.1.0/openshift-model-hive-7.1.0.jar:/home/runner/.m2/repository/io/fabric8/openshift-model-installer/7.1.0/openshift-model-installer-7.1.0.jar:/home/runner/.m2/repository/org/junit/platform/junit-platform-launcher/1.12.1/junit-platform-launcher-1.12.1.jar:/home/runner/.m2/repository/org/junit/platform/junit-platform-engine/1.12.1/junit-platform-engine-1.12.1.jar:/home/runner/.m2/repository/org/opentest4j/opentest4j/1.3.0/opentest4j-1.3.0.jar:/home/runner/.m2/repository/org/junit/platform/junit-platform-commons/1.12.1/junit-platform-commons-1.12.1.jar:/home/runner/.m2/repository/org/apiguardian/apiguardian-api/1.1.2/apiguardian-api-1.1.2.jar:/home/runner/.m2/repository/jakarta/ws/rs/jakarta.ws.rs-api/3.1.0/jakarta.ws.rs-api-3.1.0.jar:/home/runner/work/apicurio-testing/apicurio-testing/clusters/ci419/namespaces/mysql/tests/integration/apicurio-registry/java-sdk/target/apicurio-registry-java-sdk-3.0.12-SNAPSHOT.jar:/home/runner/.m2/repository/com/microsoft/kiota/microsoft-kiota-abstractions/1.8.8/microsoft-kiota-abstractions-1.8.8.jar:/home/runner/.m2/repository/io/github/std-uritemplate/std-uritemplate/2.0.0/std-uritemplate-2.0.0.jar:/home/runner/.m2/repository/io/kiota/kiota-http-jdk/0.0.29/kiota-http-jdk-0.0.29.jar:/home/runner/.m2/repository/io/kiota/kiota-http-vertx/0.0.29/kiota-http-vertx-0.0.29.jar:/home/runner/.m2/repository/io/kiota/kiota-serialization-jackson/0.0.29/kiota-serialization-jackson-0.0.29.jar:/home/runner/.m2/repository/com/microsoft/kiota/microsoft-kiota-serialization-text/1.8.8/microsoft-kiota-serialization-text-1.8.8.jar:/home/runner/.m2/repository/com/microsoft/kiota/microsoft-kiota-serialization-form/1.8.8/microsoft-kiota-serialization-form-1.8.8.jar:/home/runner/.m2/repository/com/microsoft/kiota/microsoft-kiota-serialization-multipart/1.8.8/microsoft-kiota-serialization-multipart-1.8.8.jar:/home/runner/.m2/repository/jakarta/annotation/jakarta.annotation-api/3.0.0/jakarta.annotation-api-3.0.0.jar:/home/runner/.m2/repository/io/vertx/vertx-auth-oauth2/4.5.16/vertx-auth-oauth2-4.5.16.jar:/home/runner/work/apicurio-testing/apicurio-testing/clusters/ci419/namespaces/mysql/tests/integration/apicurio-registry/java-sdk-v2/target/apicurio-registry-v2-java-sdk-3.0.12-SNAPSHOT.jar:/home/runner/work/apicurio-testing/apicurio-testing/clusters/ci419/namespaces/mysql/tests/integration/apicurio-registry/utils/kafka/target/apicurio-registry-utils-kafka-3.0.12-SNAPSHOT-tests.jar:/home/runner/.m2/repository/org/eclipse/microprofile/config/microprofile-config-api/3.1/microprofile-config-api-3.1.jar:/home/runner/.m2/repository/org/apache/kafka/kafka-clients/3.9.1/kafka-clients-3.9.1.jar:/home/runner/.m2/repository/com/github/luben/zstd-jni/1.5.6-4/zstd-jni-1.5.6-4.jar:/home/runner/.m2/repository/org/lz4/lz4-java/1.8.0/lz4-java-1.8.0.jar:/home/runner/.m2/repository/org/xerial/snappy/snappy-java/1.1.10.5/snappy-java-1.1.10.5.jar:/home/runner/.m2/repository/org/slf4j/slf4j-api/2.0.6/slf4j-api-2.0.6.jar:/home/runner/work/apicurio-testing/apicurio-testing/clusters/ci419/namespaces/mysql/tests/integration/apicurio-registry/utils/tests/target/apicurio-registry-utils-tests-3.0.12-SNAPSHOT.jar:/home/runner/work/apicurio-testing/apicurio-testing/clusters/ci419/namespaces/mysql/tests/integration/apicurio-registry/common/target/apicurio-registry-common-3.0.12-SNAPSHOT.jar:/home/runner/.m2/repository/jakarta/validation/jakarta.validation-api/3.0.2/jakarta.validation-api-3.0.2.jar:/home/runner/.m2/repository/com/github/dasniko/testcontainers-keycloak/3.8.0/testcontainers-keycloak-3.8.0.jar:/home/runner/.m2/repository/org/testcontainers/testcontainers/1.20.6/testcontainers-1.20.6.jar:/home/runner/.m2/repository/org/rnorth/duct-tape/duct-tape/1.0.8/duct-tape-1.0.8.jar:/home/runner/.m2/repository/com/github/docker-java/docker-java-transport-zerodep/3.4.1/docker-java-transport-zerodep-3.4.1.jar:/home/runner/.m2/repository/com/github/docker-java/docker-java-transport/3.4.1/docker-java-transport-3.4.1.jar:/home/runner/.m2/repository/net/java/dev/jna/jna/5.8.0/jna-5.8.0.jar:/home/runner/.m2/repository/io/quarkus/quarkus-junit4-mock/3.20.2/quarkus-junit4-mock-3.20.2.jar:/home/runner/.m2/repository/org/jboss/shrinkwrap/shrinkwrap-api/2.0.0-beta-2/shrinkwrap-api-2.0.0-beta-2.jar:/home/runner/.m2/repository/org/jboss/shrinkwrap/shrinkwrap-impl-base/2.0.0-beta-2/shrinkwrap-impl-base-2.0.0-beta-2.jar:/home/runner/.m2/repository/org/jboss/shrinkwrap/shrinkwrap-spi/2.0.0-beta-2/shrinkwrap-spi-2.0.0-beta-2.jar:/home/runner/.m2/repository/org/keycloak/keycloak-admin-client/26.0.4/keycloak-admin-client-26.0.4.jar:/home/runner/.m2/repository/org/keycloak/keycloak-client-common-synced/26.0.4/keycloak-client-common-synced-26.0.4.jar:/home/runner/.m2/repository/jakarta/activation/jakarta.activation-api/2.1.3/jakarta.activation-api-2.1.3.jar:/home/runner/.m2/repository/org/eclipse/microprofile/openapi/microprofile-openapi-api/4.0.2/microprofile-openapi-api-4.0.2.jar:/home/runner/.m2/repository/org/jboss/resteasy/resteasy-client/6.2.12.Final/resteasy-client-6.2.12.Final.jar:/home/runner/.m2/repository/org/jboss/resteasy/resteasy-client-api/6.2.12.Final/resteasy-client-api-6.2.12.Final.jar:/home/runner/.m2/repository/org/jboss/resteasy/resteasy-core-spi/6.2.12.Final/resteasy-core-spi-6.2.12.Final.jar:/home/runner/.m2/repository/org/jboss/resteasy/resteasy-core/6.2.12.Final/resteasy-core-6.2.12.Final.jar:/home/runner/.m2/repository/org/eclipse/angus/angus-activation/2.0.2/angus-activation-2.0.2.jar:/home/runner/.m2/repository/com/ibm/async/asyncutil/0.1.0/asyncutil-0.1.0.jar:/home/runner/.m2/repository/org/reactivestreams/reactive-streams/1.0.4/reactive-streams-1.0.4.jar:/home/runner/.m2/repository/org/jboss/resteasy/resteasy-multipart-provider/6.2.12.Final/resteasy-multipart-provider-6.2.12.Final.jar:/home/runner/.m2/repository/jakarta/mail/jakarta.mail-api/2.1.3/jakarta.mail-api-2.1.3.jar:/home/runner/.m2/repository/org/eclipse/angus/angus-mail/2.0.3/angus-mail-2.0.3.jar:/home/runner/.m2/repository/org/apache/james/apache-mime4j-dom/0.8.12/apache-mime4j-dom-0.8.12.jar:/home/runner/.m2/repository/org/apache/james/apache-mime4j-core/0.8.12/apache-mime4j-core-0.8.12.jar:/home/runner/.m2/repository/org/apache/james/apache-mime4j-storage/0.8.12/apache-mime4j-storage-0.8.12.jar:/home/runner/.m2/repository/org/jboss/resteasy/resteasy-jackson2-provider/6.2.12.Final/resteasy-jackson2-provider-6.2.12.Final.jar:/home/runner/.m2/repository/com/fasterxml/jackson/jakarta/rs/jackson-jakarta-rs-base/2.18.2/jackson-jakarta-rs-base-2.18.2.jar:/home/runner/.m2/repository/com/fasterxml/jackson/jakarta/rs/jackson-jakarta-rs-json-provider/2.18.2/jackson-jakarta-rs-json-provider-2.18.2.jar:/home/runner/.m2/repository/com/fasterxml/jackson/module/jackson-module-jakarta-xmlbind-annotations/2.18.2/jackson-module-jakarta-xmlbind-annotations-2.18.2.jar:/home/runner/.m2/repository/com/github/java-json-tools/json-patch/1.13/json-patch-1.13.jar:/home/runner/.m2/repository/com/github/java-json-tools/msg-simple/1.2/msg-simple-1.2.jar:/home/runner/.m2/repository/com/github/java-json-tools/btf/1.3/btf-1.3.jar:/home/runner/.m2/repository/com/github/java-json-tools/jackson-coreutils/2.0/jackson-coreutils-2.0.jar:/home/runner/.m2/repository/org/jboss/resteasy/resteasy-jaxb-provider/6.2.12.Final/resteasy-jaxb-provider-6.2.12.Final.jar:/home/runner/.m2/repository/org/glassfish/jaxb/codemodel/4.0.5/codemodel-4.0.5.jar:/home/runner/.m2/repository/org/glassfish/jaxb/jaxb-core/4.0.5/jaxb-core-4.0.5.jar:/home/runner/.m2/repository/org/glassfish/jaxb/jaxb-jxc/4.0.5/jaxb-jxc-4.0.5.jar:/home/runner/.m2/repository/org/glassfish/jaxb/jaxb-runtime/4.0.5/jaxb-runtime-4.0.5.jar:/home/runner/.m2/repository/org/glassfish/jaxb/txw2/4.0.5/txw2-4.0.5.jar:/home/runner/.m2/repository/org/glassfish/jaxb/jaxb-xjc/4.0.5/jaxb-xjc-4.0.5.jar:/home/runner/.m2/repository/org/glassfish/jaxb/xsom/4.0.5/xsom-4.0.5.jar:/home/runner/.m2/repository/com/sun/istack/istack-commons-runtime/4.1.2/istack-commons-runtime-4.1.2.jar:/home/runner/.m2/repository/com/sun/istack/istack-commons-tools/4.1.2/istack-commons-tools-4.1.2.jar:/home/runner/.m2/repository/com/sun/xml/bind/external/relaxng-datatype/4.0.5/relaxng-datatype-4.0.5.jar:/home/runner/.m2/repository/com/sun/xml/bind/external/rngom/4.0.5/rngom-4.0.5.jar:/home/runner/.m2/repository/org/testcontainers/mssqlserver/1.20.6/mssqlserver-1.20.6.jar:/home/runner/.m2/repository/org/testcontainers/jdbc/1.20.6/jdbc-1.20.6.jar:/home/runner/.m2/repository/org/testcontainers/database-commons/1.20.6/database-commons-1.20.6.jar:/home/runner/.m2/repository/org/testcontainers/mysql/1.20.6/mysql-1.20.6.jar:/home/runner/.m2/repository/io/strimzi/strimzi-test-container/0.111.0/strimzi-test-container-0.111.0.jar:/home/runner/.m2/repository/org/testcontainers/toxiproxy/1.20.6/toxiproxy-1.20.6.jar:/home/runner/.m2/repository/com/github/docker-java/docker-java-api/3.4.1/docker-java-api-3.4.1.jar:/home/runner/.m2/repository/org/apache/logging/log4j/log4j-slf4j-impl/2.19.0/log4j-slf4j-impl-2.19.0.jar:/home/runner/.m2/repository/org/apache/logging/log4j/log4j-api/2.24.3/log4j-api-2.24.3.jar:/home/runner/.m2/repository/org/apache/logging/log4j/log4j-core/2.19.0/log4j-core-2.19.0.jar:/home/runner/.m2/repository/eu/rekawek/toxiproxy/toxiproxy-java/2.1.7/toxiproxy-java-2.1.7.jar:/home/runner/.m2/repository/org/testcontainers/pulsar/1.21.3/pulsar-1.21.3.jar:/home/runner/.m2/repository/io/debezium/debezium-testing-testcontainers/2.7.4.Final/debezium-testing-testcontainers-2.7.4.Final.jar:/home/runner/.m2/repository/org/testcontainers/kafka/1.20.6/kafka-1.20.6.jar:/home/runner/.m2/repository/com/squareup/okhttp3/okhttp/4.8.1/okhttp-4.8.1.jar:/home/runner/.m2/repository/com/squareup/okio/okio/3.10.2/okio-3.10.2.jar:/home/runner/.m2/repository/com/squareup/okio/okio-jvm/3.10.2/okio-jvm-3.10.2.jar:/home/runner/.m2/repository/org/jetbrains/kotlin/kotlin-stdlib/2.0.21/kotlin-stdlib-2.0.21.jar:/home/runner/.m2/repository/org/awaitility/awaitility/4.3.0/awaitility-4.3.0.jar:/home/runner/.m2/repository/org/testcontainers/mongodb/1.20.6/mongodb-1.20.6.jar:/home/runner/.m2/repository/org/testcontainers/mariadb/1.20.6/mariadb-1.20.6.jar:/home/runner/.m2/repository/org/testcontainers/oracle-xe/1.20.6/oracle-xe-1.20.6.jar:/home/runner/.m2/repository/org/testcontainers/postgresql/1.20.6/postgresql-1.20.6.jar:/home/runner/.m2/repository/org/wiremock/wiremock/3.0.1/wiremock-3.0.1.jar:/home/runner/.m2/repository/org/eclipse/jetty/jetty-server/11.0.15/jetty-server-11.0.15.jar:/home/runner/.m2/repository/org/eclipse/jetty/toolchain/jetty-jakarta-servlet-api/5.0.2/jetty-jakarta-servlet-api-5.0.2.jar:/home/runner/.m2/repository/org/eclipse/jetty/jetty-http/11.0.15/jetty-http-11.0.15.jar:/home/runner/.m2/repository/org/eclipse/jetty/jetty-io/11.0.15/jetty-io-11.0.15.jar:/home/runner/.m2/repository/org/eclipse/jetty/jetty-servlet/11.0.15/jetty-servlet-11.0.15.jar:/home/runner/.m2/repository/org/eclipse/jetty/jetty-security/11.0.15/jetty-security-11.0.15.jar:/home/runner/.m2/repository/org/eclipse/jetty/jetty-servlets/11.0.15/jetty-servlets-11.0.15.jar:/home/runner/.m2/repository/org/eclipse/jetty/jetty-util/11.0.15/jetty-util-11.0.15.jar:/home/runner/.m2/repository/org/eclipse/jetty/jetty-webapp/11.0.15/jetty-webapp-11.0.15.jar:/home/runner/.m2/repository/org/eclipse/jetty/jetty-xml/11.0.15/jetty-xml-11.0.15.jar:/home/runner/.m2/repository/org/eclipse/jetty/jetty-proxy/11.0.15/jetty-proxy-11.0.15.jar:/home/runner/.m2/repository/org/eclipse/jetty/jetty-client/11.0.15/jetty-client-11.0.15.jar:/home/runner/.m2/repository/org/eclipse/jetty/http2/http2-server/11.0.15/http2-server-11.0.15.jar:/home/runner/.m2/repository/org/eclipse/jetty/http2/http2-common/11.0.15/http2-common-11.0.15.jar:/home/runner/.m2/repository/org/eclipse/jetty/http2/http2-hpack/11.0.15/http2-hpack-11.0.15.jar:/home/runner/.m2/repository/org/eclipse/jetty/jetty-alpn-server/11.0.15/jetty-alpn-server-11.0.15.jar:/home/runner/.m2/repository/org/eclipse/jetty/jetty-alpn-java-server/11.0.15/jetty-alpn-java-server-11.0.15.jar:/home/runner/.m2/repository/org/eclipse/jetty/jetty-alpn-java-client/11.0.15/jetty-alpn-java-client-11.0.15.jar:/home/runner/.m2/repository/org/eclipse/jetty/jetty-alpn-client/11.0.15/jetty-alpn-client-11.0.15.jar:/home/runner/.m2/repository/org/apache/httpcomponents/client5/httpclient5/5.2.1/httpclient5-5.2.1.jar:/home/runner/.m2/repository/org/apache/httpcomponents/core5/httpcore5/5.2/httpcore5-5.2.jar:/home/runner/.m2/repository/org/apache/httpcomponents/core5/httpcore5-h2/5.2/httpcore5-h2-5.2.jar:/home/runner/.m2/repository/org/xmlunit/xmlunit-core/2.9.1/xmlunit-core-2.9.1.jar:/home/runner/.m2/repository/jakarta/xml/bind/jakarta.xml.bind-api/4.0.2/jakarta.xml.bind-api-4.0.2.jar:/home/runner/.m2/repository/org/xmlunit/xmlunit-legacy/2.9.1/xmlunit-legacy-2.9.1.jar:/home/runner/.m2/repository/org/xmlunit/xmlunit-placeholders/2.9.1/xmlunit-placeholders-2.9.1.jar:/home/runner/.m2/repository/net/javacrumbs/json-unit/json-unit-core/2.38.0/json-unit-core-2.38.0.jar:/home/runner/.m2/repository/org/hamcrest/hamcrest-core/2.2/hamcrest-core-2.2.jar:/home/runner/.m2/repository/com/jayway/jsonpath/json-path/2.8.0/json-path-2.8.0.jar:/home/runner/.m2/repository/net/minidev/json-smart/2.4.10/json-smart-2.4.10.jar:/home/runner/.m2/repository/net/minidev/accessors-smart/2.4.9/accessors-smart-2.4.9.jar:/home/runner/.m2/repository/org/ow2/asm/asm/9.7.1/asm-9.7.1.jar:/home/runner/.m2/repository/net/sf/jopt-simple/jopt-simple/5.0.4/jopt-simple-5.0.4.jar:/home/runner/.m2/repository/com/github/jknack/handlebars/4.3.1/handlebars-4.3.1.jar:/home/runner/.m2/repository/com/github/jknack/handlebars-helpers/4.3.1/handlebars-helpers-4.3.1.jar:/home/runner/.m2/repository/commons-fileupload/commons-fileupload/1.5/commons-fileupload-1.5.jar:/home/runner/.m2/repository/com/networknt/json-schema-validator/1.5.8/json-schema-validator-1.5.8.jar:/home/runner/.m2/repository/com/ethlo/time/itu/1.10.3/itu-1.10.3.jar:/home/runner/.m2/repository/io/quarkus/quarkus-smallrye-jwt-build/3.20.2/quarkus-smallrye-jwt-build-3.20.2.jar:/home/runner/.m2/repository/io/smallrye/smallrye-jwt-build/4.6.2/smallrye-jwt-build-4.6.2.jar:/home/runner/.m2/repository/org/eclipse/microprofile/jwt/microprofile-jwt-auth-api/2.1/microprofile-jwt-auth-api-2.1.jar:/home/runner/.m2/repository/org/bitbucket/b_c/jose4j/0.9.6/jose4j-0.9.6.jar:/home/runner/.m2/repository/io/smallrye/smallrye-jwt-common/4.6.2/smallrye-jwt-common-4.6.2.jar:/home/runner/.m2/repository/io/quarkus/quarkus-jsonp/3.20.2/quarkus-jsonp-3.20.2.jar:/home/runner/.m2/repository/io/quarkus/quarkus-arc/3.20.2/quarkus-arc-3.20.2.jar:/home/runner/.m2/repository/io/quarkus/arc/arc/3.20.2/arc-3.20.2.jar:/home/runner/.m2/repository/jakarta/transaction/jakarta.transaction-api/2.0.1/jakarta.transaction-api-2.0.1.jar:/home/runner/.m2/repository/io/smallrye/reactive/mutiny/2.9.2/mutiny-2.9.2.jar:/home/runner/.m2/repository/org/jctools/jctools-core/4.0.5/jctools-core-4.0.5.jar:/home/runner/.m2/repository/org/eclipse/microprofile/context-propagation/microprofile-context-propagation-api/1.3/microprofile-context-propagation-api-1.3.jar:/home/runner/.m2/repository/io/apicurio/apicurio-common-rest-client-common/0.1.18.Final/apicurio-common-rest-client-common-0.1.18.Final.jar:/home/runner/work/apicurio-testing/apicurio-testing/clusters/ci419/namespaces/mysql/tests/integration/apicurio-registry/utils/maven-plugin/target/apicurio-registry-maven-plugin-3.0.12-SNAPSHOT.jar:/home/runner/.m2/repository/com/fasterxml/jackson/core/jackson-databind/2.18.2/jackson-databind-2.18.2.jar:/home/runner/.m2/repository/org/apache/avro/avro/1.12.0/avro-1.12.0.jar:/home/runner/.m2/repository/com/google/protobuf/protobuf-java/4.31.1/protobuf-java-4.31.1.jar:/home/runner/.m2/repository/com/google/protobuf/protobuf-java-util/4.31.1/protobuf-java-util-4.31.1.jar:/home/runner/.m2/repository/com/google/code/findbugs/jsr305/3.0.2/jsr305-3.0.2.jar:/home/runner/.m2/repository/com/google/code/gson/gson/2.12.1/gson-2.12.1.jar:/home/runner/.m2/repository/com/google/errorprone/error_prone_annotations/2.36.0/error_prone_annotations-2.36.0.jar:/home/runner/.m2/repository/com/google/j2objc/j2objc-annotations/2.8/j2objc-annotations-2.8.jar:/home/runner/work/apicurio-testing/apicurio-testing/clusters/ci419/namespaces/mysql/tests/integration/apicurio-registry/schema-util/util-provider/target/apicurio-registry-schema-util-provider-3.0.12-SNAPSHOT.jar:/home/runner/work/apicurio-testing/apicurio-testing/clusters/ci419/namespaces/mysql/tests/integration/apicurio-registry/schema-util/common/target/apicurio-registry-schema-util-common-3.0.12-SNAPSHOT.jar:/home/runner/.m2/repository/com/fasterxml/jackson/module/jackson-module-parameter-names/2.18.2/jackson-module-parameter-names-2.18.2.jar:/home/runner/.m2/repository/com/fasterxml/jackson/datatype/jackson-datatype-json-org/2.18.2/jackson-datatype-json-org-2.18.2.jar:/home/runner/work/apicurio-testing/apicurio-testing/clusters/ci419/namespaces/mysql/tests/integration/apicurio-registry/schema-util/json/target/apicurio-registry-schema-util-json-3.0.12-SNAPSHOT.jar:/home/runner/.m2/repository/com/github/erosb/everit-json-schema/1.14.5/everit-json-schema-1.14.5.jar:/home/runner/.m2/repository/commons-validator/commons-validator/1.9.0/commons-validator-1.9.0.jar:/home/runner/.m2/repository/commons-digester/commons-digester/2.1/commons-digester-2.1.jar:/home/runner/.m2/repository/commons-collections/commons-collections/3.2.2/commons-collections-3.2.2.jar:/home/runner/.m2/repository/com/damnhandy/handy-uri-templates/2.1.8/handy-uri-templates-2.1.8.jar:/home/runner/.m2/repository/joda-time/joda-time/2.10.2/joda-time-2.10.2.jar:/home/runner/.m2/repository/com/github/erosb/json-sKema/0.20.0/json-sKema-0.20.0.jar:/home/runner/.m2/repository/io/vertx/vertx-json-schema/4.5.16/vertx-json-schema-4.5.16.jar:/home/runner/work/apicurio-testing/apicurio-testing/clusters/ci419/namespaces/mysql/tests/integration/apicurio-registry/schema-util/protobuf/target/apicurio-registry-schema-util-protobuf-3.0.12-SNAPSHOT.jar:/home/runner/work/apicurio-testing/apicurio-testing/clusters/ci419/namespaces/mysql/tests/integration/apicurio-registry/utils/protobuf-schema-utilities/target/apicurio-registry-protobuf-schema-utilities-3.0.12-SNAPSHOT.jar:/home/runner/.m2/repository/com/google/api/grpc/proto-google-common-protos/2.52.0/proto-google-common-protos-2.52.0.jar:/home/runner/.m2/repository/com/squareup/wire/wire-schema-jvm/5.3.3/wire-schema-jvm-5.3.3.jar:/home/runner/.m2/repository/com/palantir/javapoet/javapoet/0.6.0/javapoet-0.6.0.jar:/home/runner/.m2/repository/com/squareup/kotlinpoet-jvm/2.0.0/kotlinpoet-jvm-2.0.0.jar:/home/runner/.m2/repository/org/jetbrains/kotlin/kotlin-reflect/2.0.21/kotlin-reflect-2.0.21.jar:/home/runner/.m2/repository/com/squareup/wire/wire-runtime-jvm/5.3.3/wire-runtime-jvm-5.3.3.jar:/home/runner/.m2/repository/com/ibm/icu/icu4j/76.1/icu4j-76.1.jar:/home/runner/.m2/repository/com/squareup/okio/okio-fakefilesystem/3.10.2/okio-fakefilesystem-3.10.2.jar:/home/runner/.m2/repository/com/squareup/okio/okio-fakefilesystem-jvm/3.10.2/okio-fakefilesystem-jvm-3.10.2.jar:/home/runner/.m2/repository/org/jetbrains/kotlinx/kotlinx-datetime-jvm/0.6.1/kotlinx-datetime-jvm-0.6.1.jar:/home/runner/work/apicurio-testing/apicurio-testing/clusters/ci419/namespaces/mysql/tests/integration/apicurio-registry/schema-util/asyncapi/target/apicurio-registry-schema-util-asyncapi-3.0.12-SNAPSHOT.jar:/home/runner/work/apicurio-testing/apicurio-testing/clusters/ci419/namespaces/mysql/tests/integration/apicurio-registry/schema-util/avro/target/apicurio-registry-schema-util-avro-3.0.12-SNAPSHOT.jar:/home/runner/work/apicurio-testing/apicurio-testing/clusters/ci419/namespaces/mysql/tests/integration/apicurio-registry/schema-util/graphql/target/apicurio-registry-schema-util-graphql-3.0.12-SNAPSHOT.jar:/home/runner/.m2/repository/com/graphql-java/graphql-java/22.4/graphql-java-22.4.jar:/home/runner/.m2/repository/com/graphql-java/java-dataloader/3.3.0/java-dataloader-3.3.0.jar:/home/runner/work/apicurio-testing/apicurio-testing/clusters/ci419/namespaces/mysql/tests/integration/apicurio-registry/schema-util/kconnect/target/apicurio-registry-schema-util-kconnect-3.0.12-SNAPSHOT.jar:/home/runner/work/apicurio-testing/apicurio-testing/clusters/ci419/namespaces/mysql/tests/integration/apicurio-registry/schema-util/openapi/target/apicurio-registry-schema-util-openapi-3.0.12-SNAPSHOT.jar:/home/runner/.m2/repository/io/apicurio/apicurio-data-models/2.2.2/apicurio-data-models-2.2.2.jar:/home/runner/.m2/repository/org/openapitools/openapidiff/openapi-diff-core/2.1.2/openapi-diff-core-2.1.2.jar:/home/runner/.m2/repository/io/swagger/parser/v3/swagger-parser/2.1.28/swagger-parser-2.1.28.jar:/home/runner/.m2/repository/io/swagger/parser/v3/swagger-parser-v2-converter/2.1.28/swagger-parser-v2-converter-2.1.28.jar:/home/runner/.m2/repository/io/swagger/swagger-core/1.6.16/swagger-core-1.6.16.jar:/home/runner/.m2/repository/io/swagger/swagger-models/1.6.16/swagger-models-1.6.16.jar:/home/runner/.m2/repository/io/swagger/swagger-annotations/1.6.16/swagger-annotations-1.6.16.jar:/home/runner/.m2/repository/io/swagger/swagger-parser/1.0.75/swagger-parser-1.0.75.jar:/home/runner/.m2/repository/io/swagger/swagger-parser-safe-url-resolver/1.0.75/swagger-parser-safe-url-resolver-1.0.75.jar:/home/runner/.m2/repository/io/swagger/swagger-compat-spec-parser/1.0.75/swagger-compat-spec-parser-1.0.75.jar:/home/runner/.m2/repository/com/github/java-json-tools/json-schema-validator/2.2.14/json-schema-validator-2.2.14.jar:/home/runner/.m2/repository/com/github/java-json-tools/jackson-coreutils-equivalence/1.0/jackson-coreutils-equivalence-1.0.jar:/home/runner/.m2/repository/com/github/java-json-tools/json-schema-core/1.2.14/json-schema-core-1.2.14.jar:/home/runner/.m2/repository/com/github/java-json-tools/uri-template/0.10/uri-template-0.10.jar:/home/runner/.m2/repository/com/googlecode/libphonenumber/libphonenumber/8.11.1/libphonenumber-8.11.1.jar:/home/runner/.m2/repository/com/j2html/j2html/1.6.0/j2html-1.6.0.jar:/home/runner/.m2/repository/org/apache/commons/commons-collections4/4.5.0/commons-collections4-4.5.0.jar:/home/runner/.m2/repository/org/slf4j/jcl-over-slf4j/2.0.17/jcl-over-slf4j-2.0.17.jar:/home/runner/.m2/repository/io/swagger/parser/v3/swagger-parser-v3/2.1.31/swagger-parser-v3-2.1.31.jar:/home/runner/.m2/repository/io/swagger/core/v3/swagger-models/2.2.34/swagger-models-2.2.34.jar:/home/runner/.m2/repository/io/swagger/core/v3/swagger-core/2.2.34/swagger-core-2.2.34.jar:/home/runner/.m2/repository/io/swagger/parser/v3/swagger-parser-core/2.1.31/swagger-parser-core-2.1.31.jar:/home/runner/.m2/repository/io/swagger/parser/v3/swagger-parser-safe-url-resolver/2.1.31/swagger-parser-safe-url-resolver-2.1.31.jar:/home/runner/work/apicurio-testing/apicurio-testing/clusters/ci419/namespaces/mysql/tests/integration/apicurio-registry/schema-util/wsdl/target/apicurio-registry-schema-util-wsdl-3.0.12-SNAPSHOT.jar:/home/runner/.m2/repository/wsdl4j/wsdl4j/1.6.3/wsdl4j-1.6.3.jar:/home/runner/work/apicurio-testing/apicurio-testing/clusters/ci419/namespaces/mysql/tests/integration/apicurio-registry/schema-util/xml/target/apicurio-registry-schema-util-xml-3.0.12-SNAPSHOT.jar:/home/runner/.m2/repository/org/apache/santuario/xmlsec/4.0.4/xmlsec-4.0.4.jar:/home/runner/.m2/repository/com/fasterxml/woodstox/woodstox-core/7.1.1/woodstox-core-7.1.1.jar:/home/runner/.m2/repository/org/codehaus/woodstox/stax2-api/4.2.2/stax2-api-4.2.2.jar:/home/runner/work/apicurio-testing/apicurio-testing/clusters/ci419/namespaces/mysql/tests/integration/apicurio-registry/schema-util/xsd/target/apicurio-registry-schema-util-xsd-3.0.12-SNAPSHOT.jar:/home/runner/work/apicurio-testing/apicurio-testing/clusters/ci419/namespaces/mysql/tests/integration/apicurio-registry/serdes/kafka/jsonschema-serde/target/apicurio-registry-jsonschema-serde-kafka-3.0.12-SNAPSHOT.jar:/home/runner/work/apicurio-testing/apicurio-testing/clusters/ci419/namespaces/mysql/tests/integration/apicurio-registry/serdes/kafka/serde-kafka-common/target/apicurio-registry-serde-kafka-common-3.0.12-SNAPSHOT.jar:/home/runner/work/apicurio-testing/apicurio-testing/clusters/ci419/namespaces/mysql/tests/integration/apicurio-registry/serdes/generic/serde-common/target/apicurio-registry-serde-common-3.0.12-SNAPSHOT.jar:/home/runner/work/apicurio-testing/apicurio-testing/clusters/ci419/namespaces/mysql/tests/integration/apicurio-registry/serdes/generic/serde-common-jsonschema/target/apicurio-registry-serde-common-jsonschema-3.0.12-SNAPSHOT.jar:/home/runner/.m2/repository/org/json/json/20250107/json-20250107.jar:/home/runner/work/apicurio-testing/apicurio-testing/clusters/ci419/namespaces/mysql/tests/integration/apicurio-registry/serdes/kafka/avro-serde/target/apicurio-registry-avro-serde-kafka-3.0.12-SNAPSHOT.jar:/home/runner/work/apicurio-testing/apicurio-testing/clusters/ci419/namespaces/mysql/tests/integration/apicurio-registry/serdes/generic/serde-common-avro/target/apicurio-registry-serde-common-avro-3.0.12-SNAPSHOT.jar:/home/runner/work/apicurio-testing/apicurio-testing/clusters/ci419/namespaces/mysql/tests/integration/apicurio-registry/serdes/kafka/protobuf-serde/target/apicurio-registry-protobuf-serde-kafka-3.0.12-SNAPSHOT.jar:/home/runner/work/apicurio-testing/apicurio-testing/clusters/ci419/namespaces/mysql/tests/integration/apicurio-registry/serdes/generic/serde-common-protobuf/target/apicurio-registry-serde-common-protobuf-3.0.12-SNAPSHOT.jar:/home/runner/.m2/repository/com/squareup/wire/wire-schema/5.3.3/wire-schema-5.3.3.jar:/home/runner/.m2/repository/com/squareup/wire/wire-runtime/5.3.3/wire-runtime-5.3.3.jar:/home/runner/work/apicurio-testing/apicurio-testing/clusters/ci419/namespaces/mysql/tests/integration/apicurio-registry/serdes/pulsar/avro-serde/target/apicurio-registry-avro-serde-pulsar-3.0.12-SNAPSHOT.jar:/home/runner/.m2/repository/org/apache/pulsar/pulsar-functions-api/3.3.8/pulsar-functions-api-3.3.8.jar:/home/runner/work/apicurio-testing/apicurio-testing/clusters/ci419/namespaces/mysql/tests/integration/apicurio-registry/serdes/nats/avro-serde/target/apicurio-registry-avro-serde-nats-3.0.12-SNAPSHOT.jar:/home/runner/.m2/repository/io/nats/jnats/2.21.4/jnats-2.21.4.jar:/home/runner/.m2/repository/org/bouncycastle/bcprov-lts8on/2.73.7/bcprov-lts8on-2.73.7.jar:/home/runner/.m2/repository/org/jetbrains/annotations/26.0.2/annotations-26.0.2.jar:/home/runner/work/apicurio-testing/apicurio-testing/clusters/ci419/namespaces/mysql/tests/integration/apicurio-registry/utils/converter/target/apicurio-registry-utils-converter-3.0.12-SNAPSHOT.jar:/home/runner/work/apicurio-testing/apicurio-testing/clusters/ci419/namespaces/mysql/tests/integration/apicurio-registry/schema-resolver/target/apicurio-registry-schema-resolver-3.0.12-SNAPSHOT.jar:/home/runner/.m2/repository/org/apache/kafka/connect-api/3.9.1/connect-api-3.9.1.jar:/home/runner/.m2/repository/javax/ws/rs/javax.ws.rs-api/2.1.1/javax.ws.rs-api-2.1.1.jar:/home/runner/.m2/repository/org/apache/kafka/connect-json/3.9.1/connect-json-3.9.1.jar:/home/runner/.m2/repository/com/fasterxml/jackson/datatype/jackson-datatype-jdk8/2.18.2/jackson-datatype-jdk8-2.18.2.jar:/home/runner/.m2/repository/com/fasterxml/jackson/module/jackson-module-afterburner/2.18.2/jackson-module-afterburner-2.18.2.jar:/home/runner/work/apicurio-testing/apicurio-testing/clusters/ci419/namespaces/mysql/tests/integration/apicurio-registry/utils/kafka/target/apicurio-registry-utils-kafka-3.0.12-SNAPSHOT.jar:/home/runner/.m2/repository/org/apache/pulsar/pulsar-client/3.3.8/pulsar-client-3.3.8.jar:/home/runner/.m2/repository/org/apache/pulsar/pulsar-client-api/3.3.8/pulsar-client-api-3.3.8.jar:/home/runner/.m2/repository/org/apache/pulsar/pulsar-client-admin-api/3.3.8/pulsar-client-admin-api-3.3.8.jar:/home/runner/.m2/repository/org/apache/pulsar/bouncy-castle-bc/3.3.8/bouncy-castle-bc-3.3.8-pkg.jar:/home/runner/.m2/repository/org/bouncycastle/bcpkix-jdk18on/1.81/bcpkix-jdk18on-1.81.jar:/home/runner/.m2/repository/org/bouncycastle/bcutil-jdk18on/1.81/bcutil-jdk18on-1.81.jar:/home/runner/.m2/repository/org/bouncycastle/bcprov-jdk18on/1.81/bcprov-jdk18on-1.81.jar:/home/runner/.m2/repository/io/opentelemetry/opentelemetry-api/1.44.1/opentelemetry-api-1.44.1.jar:/home/runner/.m2/repository/io/opentelemetry/opentelemetry-context/1.44.1/opentelemetry-context-1.44.1.jar:/home/runner/.m2/repository/io/opentelemetry/opentelemetry-api-incubator/1.44.1-alpha/opentelemetry-api-incubator-1.44.1-alpha.jar:/home/runner/.m2/repository/com/fasterxml/jackson/core/jackson-annotations/2.18.2/jackson-annotations-2.18.2.jar:/home/runner/.m2/repository/javax/validation/validation-api/1.1.0.Final/validation-api-1.1.0.Final.jar:/home/runner/.m2/repository/org/jspecify/jspecify/1.0.0/jspecify-1.0.0.jar:/home/runner/.m2/repository/org/apache/commons/commons-configuration2/2.12.0/commons-configuration2-2.12.0.jar:/home/runner/.m2/repository/commons-logging/commons-logging/1.3.5/commons-logging-1.3.5.jar:/home/runner/.m2/repository/org/apache/commons/commons-text/1.13.0/commons-text-1.13.0.jar:/home/runner/.m2/repository/io/confluent/kafka-avro-serializer/8.0.0/kafka-avro-serializer-8.0.0.jar:/home/runner/.m2/repository/org/apache/commons/commons-compress/1.27.1/commons-compress-1.27.1.jar:/home/runner/.m2/repository/io/confluent/kafka-schema-serializer/8.0.0/kafka-schema-serializer-8.0.0.jar:/home/runner/.m2/repository/com/fasterxml/jackson/dataformat/jackson-dataformat-csv/2.18.2/jackson-dataformat-csv-2.18.2.jar:/home/runner/.m2/repository/io/confluent/kafka-schema-registry-client/8.0.0/kafka-schema-registry-client-8.0.0.jar:/home/runner/.m2/repository/org/yaml/snakeyaml/2.3/snakeyaml-2.3.jar:/home/runner/.m2/repository/io/swagger/core/v3/swagger-annotations/2.2.29/swagger-annotations-2.2.29.jar:/home/runner/.m2/repository/com/google/guava/guava/33.4.0-jre/guava-33.4.0-jre.jar:/home/runner/.m2/repository/com/google/guava/failureaccess/1.0.1/failureaccess-1.0.1.jar:/home/runner/.m2/repository/org/checkerframework/checker-qual/3.49.0/checker-qual-3.49.0.jar:/home/runner/.m2/repository/io/confluent/logredactor/1.0.13/logredactor-1.0.13.jar:/home/runner/.m2/repository/com/google/re2j/re2j/1.6/re2j-1.6.jar:/home/runner/.m2/repository/io/confluent/logredactor-metrics/1.0.13/logredactor-metrics-1.0.13.jar:/home/runner/.m2/repository/com/eclipsesource/minimal-json/minimal-json/0.9.5/minimal-json-0.9.5.jar:/home/runner/.m2/repository/io/confluent/common-utils/8.0.0/common-utils-8.0.0.jar:/home/runner/.m2/repository/io/confluent/kafka-connect-avro-converter/8.0.0/kafka-connect-avro-converter-8.0.0.jar:/home/runner/.m2/repository/io/confluent/kafka-connect-avro-data/8.0.0/kafka-connect-avro-data-8.0.0.jar:/home/runner/.m2/repository/io/confluent/kafka-schema-converter/8.0.0/kafka-schema-converter-8.0.0.jar:/home/runner/.m2/repository/io/rest-assured/rest-assured/5.5.1/rest-assured-5.5.1.jar:/home/runner/.m2/repository/org/apache/groovy/groovy/4.0.22/groovy-4.0.22.jar:/home/runner/.m2/repository/org/apache/groovy/groovy-xml/4.0.22/groovy-xml-4.0.22.jar:/home/runner/.m2/repository/org/apache/httpcomponents/httpclient/4.5.14/httpclient-4.5.14.jar:/home/runner/.m2/repository/org/apache/httpcomponents/httpcore/4.4.16/httpcore-4.4.16.jar:/home/runner/.m2/repository/org/apache/httpcomponents/httpmime/4.5.14/httpmime-4.5.14.jar:/home/runner/.m2/repository/org/hamcrest/hamcrest/2.2/hamcrest-2.2.jar:/home/runner/.m2/repository/org/ccil/cowan/tagsoup/tagsoup/1.2.1/tagsoup-1.2.1.jar:/home/runner/.m2/repository/io/rest-assured/json-path/5.5.1/json-path-5.5.1.jar:/home/runner/.m2/repository/org/apache/groovy/groovy-json/4.0.22/groovy-json-4.0.22.jar:/home/runner/.m2/repository/io/rest-assured/rest-assured-common/5.5.1/rest-assured-common-5.5.1.jar:/home/runner/.m2/repository/io/rest-assured/xml-path/5.5.1/xml-path-5.5.1.jar:/home/runner/.m2/repository/io/zonky/test/embedded-postgres/2.1.0/embedded-postgres-2.1.0.jar:/home/runner/.m2/repository/io/zonky/test/postgres/embedded-postgres-binaries-windows-amd64/14.15.0/embedded-postgres-binaries-windows-amd64-14.15.0.jar:/home/runner/.m2/repository/io/zonky/test/postgres/embedded-postgres-binaries-darwin-amd64/14.15.0/embedded-postgres-binaries-darwin-amd64-14.15.0.jar:/home/runner/.m2/repository/io/zonky/test/postgres/embedded-postgres-binaries-linux-amd64/14.15.0/embedded-postgres-binaries-linux-amd64-14.15.0.jar:/home/runner/.m2/repository/io/zonky/test/postgres/embedded-postgres-binaries-linux-amd64-alpine/14.15.0/embedded-postgres-binaries-linux-amd64-alpine-14.15.0.jar:/home/runner/.m2/repository/org/apache/commons/commons-lang3/3.17.0/commons-lang3-3.17.0.jar:/home/runner/.m2/repository/org/tukaani/xz/1.10/xz-1.10.jar:/home/runner/.m2/repository/commons-codec/commons-codec/1.19.0/commons-codec-1.19.0.jar:/home/runner/.m2/repository/org/postgresql/postgresql/42.7.7/postgresql-42.7.7.jar:/home/runner/.m2/repository/commons-io/commons-io/2.18.0/commons-io-2.18.0.jar:/home/runner/work/apicurio-testing/apicurio-testing/clusters/ci419/namespaces/mysql/tests/integration/apicurio-registry/utils/importexport/target/apicurio-registry-utils-import-export-3.0.12-SNAPSHOT.jar:/home/runner/.m2/repository/io/vertx/vertx-core/4.5.16/vertx-core-4.5.16.jar:/home/runner/.m2/repository/io/netty/netty-common/4.1.121.Final/netty-common-4.1.121.Final.jar:/home/runner/.m2/repository/io/netty/netty-buffer/4.1.121.Final/netty-buffer-4.1.121.Final.jar:/home/runner/.m2/repository/io/netty/netty-transport/4.1.121.Final/netty-transport-4.1.121.Final.jar:/home/runner/.m2/repository/io/netty/netty-handler/4.1.121.Final/netty-handler-4.1.121.Final.jar:/home/runner/.m2/repository/io/netty/netty-transport-native-unix-common/4.1.121.Final/netty-transport-native-unix-common-4.1.121.Final.jar:/home/runner/.m2/repository/io/netty/netty-codec/4.1.121.Final/netty-codec-4.1.121.Final.jar:/home/runner/.m2/repository/io/netty/netty-handler-proxy/4.1.121.Final/netty-handler-proxy-4.1.121.Final.jar:/home/runner/.m2/repository/io/netty/netty-codec-socks/4.1.121.Final/netty-codec-socks-4.1.121.Final.jar:/home/runner/.m2/repository/io/netty/netty-codec-http/4.1.121.Final/netty-codec-http-4.1.121.Final.jar:/home/runner/.m2/repository/io/netty/netty-codec-http2/4.1.121.Final/netty-codec-http2-4.1.121.Final.jar:/home/runner/.m2/repository/io/netty/netty-resolver/4.1.121.Final/netty-resolver-4.1.121.Final.jar:/home/runner/.m2/repository/io/netty/netty-resolver-dns/4.1.121.Final/netty-resolver-dns-4.1.121.Final.jar:/home/runner/.m2/repository/io/netty/netty-codec-dns/4.1.121.Final/netty-codec-dns-4.1.121.Final.jar:/home/runner/.m2/repository/com/fasterxml/jackson/core/jackson-core/2.18.2/jackson-core-2.18.2.jar:"/>
    <property name="java.vm.vendor" value="Eclipse Adoptium"/>
    <property name="maven.javadoc.skip" value="true"/>
    <property name="sun.arch.data.model" value="64"/>
    <property name="java.vendor.url" value="https://adoptium.net/"/>
    <property name="user.timezone" value="Etc/UTC"/>
    <property name="os.name" value="Linux"/>
    <property name="java.vm.specification.version" value="17"/>
    <property name="sun.java.launcher" value="SUN_STANDARD"/>
    <property name="quarkus.http.test-port" value="80"/>
    <property name="sun.boot.library.path" value="/usr/lib/jvm/temurin-17-jdk-amd64/lib"/>
    <property name="sun.java.command" value="/home/runner/work/apicurio-testing/apicurio-testing/clusters/ci419/namespaces/mysql/tests/integration/apicurio-registry/integration-tests/target/surefire/surefirebooter-20250806185307154_3.jar /home/runner/work/apicurio-testing/apicurio-testing/clusters/ci419/namespaces/mysql/tests/integration/apicurio-registry/integration-tests/target/surefire 2025-08-06T18-53-07_096-jvmRun1 surefire-20250806185307154_1tmp surefire_0-20250806185307154_2tmp"/>
    <property name="maven.home" value="/home/runner/.m2/wrapper/dists/apache-maven-3.9.8-bin/4fnp1ql35bgk2a0p7m31ovbgb0/apache-maven-3.9.8"/>
    <property name="jdk.debug" value="release"/>
    <property name="surefire.test.class.path" value="/home/runner/work/apicurio-testing/apicurio-testing/clusters/ci419/namespaces/mysql/tests/integration/apicurio-registry/integration-tests/target/test-classes:/home/runner/work/apicurio-testing/apicurio-testing/clusters/ci419/namespaces/mysql/tests/integration/apicurio-registry/integration-tests/target/apicurio-registry-integration-tests-3.0.12-SNAPSHOT.jar:/home/runner/.m2/repository/io/quarkus/quarkus-junit5/3.20.2/quarkus-junit5-3.20.2.jar:/home/runner/.m2/repository/io/quarkus/quarkus-bootstrap-core/3.20.2/quarkus-bootstrap-core-3.20.2.jar:/home/runner/.m2/repository/io/quarkus/quarkus-classloader-commons/3.20.2/quarkus-classloader-commons-3.20.2.jar:/home/runner/.m2/repository/io/quarkus/quarkus-bootstrap-app-model/3.20.2/quarkus-bootstrap-app-model-3.20.2.jar:/home/runner/.m2/repository/io/smallrye/common/smallrye-common-io/2.12.0/smallrye-common-io-2.12.0.jar:/home/runner/.m2/repository/org/eclipse/sisu/org.eclipse.sisu.inject/0.9.0.M3/org.eclipse.sisu.inject-0.9.0.M3.jar:/home/runner/.m2/repository/io/quarkus/quarkus-test-common/3.20.2/quarkus-test-common-3.20.2.jar:/home/runner/.m2/repository/io/quarkus/quarkus-core-deployment/3.20.2/quarkus-core-deployment-3.20.2.jar:/home/runner/.m2/repository/org/aesh/readline/2.6/readline-2.6.jar:/home/runner/.m2/repository/org/fusesource/jansi/jansi/2.4.0/jansi-2.4.0.jar:/home/runner/.m2/repository/org/aesh/aesh/2.8.2/aesh-2.8.2.jar:/home/runner/.m2/repository/io/quarkus/gizmo/gizmo/1.8.0/gizmo-1.8.0.jar:/home/runner/.m2/repository/org/ow2/asm/asm-util/9.7.1/asm-util-9.7.1.jar:/home/runner/.m2/repository/org/ow2/asm/asm-analysis/9.7.1/asm-analysis-9.7.1.jar:/home/runner/.m2/repository/org/ow2/asm/asm-commons/9.7.1/asm-commons-9.7.1.jar:/home/runner/.m2/repository/org/ow2/asm/asm-tree/9.7.1/asm-tree-9.7.1.jar:/home/runner/.m2/repository/io/quarkus/quarkus-hibernate-validator-spi/3.20.2/quarkus-hibernate-validator-spi-3.20.2.jar:/home/runner/.m2/repository/io/quarkus/quarkus-class-change-agent/3.20.2/quarkus-class-change-agent-3.20.2.jar:/home/runner/.m2/repository/io/quarkus/quarkus-devtools-utilities/3.20.2/quarkus-devtools-utilities-3.20.2.jar:/home/runner/.m2/repository/io/quarkus/quarkus-builder/3.20.2/quarkus-builder-3.20.2.jar:/home/runner/.m2/repository/org/graalvm/sdk/nativeimage/23.1.2/nativeimage-23.1.2.jar:/home/runner/.m2/repository/org/graalvm/sdk/word/23.1.2/word-23.1.2.jar:/home/runner/.m2/repository/io/quarkus/quarkus-bootstrap-maven-resolver/3.20.2/quarkus-bootstrap-maven-resolver-3.20.2.jar:/home/runner/.m2/repository/io/smallrye/beanbag/smallrye-beanbag-maven/1.5.2/smallrye-beanbag-maven-1.5.2.jar:/home/runner/.m2/repository/io/smallrye/beanbag/smallrye-beanbag-sisu/1.5.2/smallrye-beanbag-sisu-1.5.2.jar:/home/runner/.m2/repository/io/smallrye/beanbag/smallrye-beanbag/1.5.2/smallrye-beanbag-1.5.2.jar:/home/runner/.m2/repository/javax/inject/javax.inject/1/javax.inject-1.jar:/home/runner/.m2/repository/org/apache/maven/maven-artifact/3.9.9/maven-artifact-3.9.9.jar:/home/runner/.m2/repository/org/apache/maven/maven-builder-support/3.9.9/maven-builder-support-3.9.9.jar:/home/runner/.m2/repository/org/apache/maven/maven-model/3.9.9/maven-model-3.9.9.jar:/home/runner/.m2/repository/org/apache/maven/maven-model-builder/3.9.9/maven-model-builder-3.9.9.jar:/home/runner/.m2/repository/org/apache/maven/maven-repository-metadata/3.9.9/maven-repository-metadata-3.9.9.jar:/home/runner/.m2/repository/org/apache/maven/maven-settings/3.9.9/maven-settings-3.9.9.jar:/home/runner/.m2/repository/org/apache/maven/resolver/maven-resolver-api/1.9.22/maven-resolver-api-1.9.22.jar:/home/runner/.m2/repository/org/apache/maven/resolver/maven-resolver-impl/1.9.22/maven-resolver-impl-1.9.22.jar:/home/runner/.m2/repository/org/apache/maven/resolver/maven-resolver-named-locks/1.9.22/maven-resolver-named-locks-1.9.22.jar:/home/runner/.m2/repository/org/apache/maven/resolver/maven-resolver-spi/1.9.22/maven-resolver-spi-1.9.22.jar:/home/runner/.m2/repository/org/apache/maven/resolver/maven-resolver-util/1.9.22/maven-resolver-util-1.9.22.jar:/home/runner/.m2/repository/org/apache/maven/resolver/maven-resolver-transport-http/1.9.20/maven-resolver-transport-http-1.9.20.jar:/home/runner/.m2/repository/org/apache/maven/wagon/wagon-provider-api/3.5.3/wagon-provider-api-3.5.3.jar:/home/runner/.m2/repository/org/apache/maven/wagon/wagon-http-shared/3.5.3/wagon-http-shared-3.5.3.jar:/home/runner/.m2/repository/org/codehaus/plexus/plexus-interpolation/1.26/plexus-interpolation-1.26.jar:/home/runner/.m2/repository/org/codehaus/plexus/plexus-utils/3.5.1/plexus-utils-3.5.1.jar:/home/runner/.m2/repository/org/codehaus/plexus/plexus-xml/4.0.1/plexus-xml-4.0.1.jar:/home/runner/.m2/repository/org/apache/maven/maven-xml-impl/4.0.0-alpha-5/maven-xml-impl-4.0.0-alpha-5.jar:/home/runner/.m2/repository/org/apache/maven/maven-api-xml/4.0.0-alpha-5/maven-api-xml-4.0.0-alpha-5.jar:/home/runner/.m2/repository/org/apache/maven/maven-api-meta/4.0.0-alpha-5/maven-api-meta-4.0.0-alpha-5.jar:/home/runner/.m2/repository/org/codehaus/plexus/plexus-cipher/2.0/plexus-cipher-2.0.jar:/home/runner/.m2/repository/org/codehaus/plexus/plexus-sec-dispatcher/2.0/plexus-sec-dispatcher-2.0.jar:/home/runner/.m2/repository/org/apache/maven/maven-embedder/3.9.9/maven-embedder-3.9.9.jar:/home/runner/.m2/repository/org/apache/maven/maven-core/3.9.9/maven-core-3.9.9.jar:/home/runner/.m2/repository/org/codehaus/plexus/plexus-component-annotations/2.1.0/plexus-component-annotations-2.1.0.jar:/home/runner/.m2/repository/org/apache/maven/maven-plugin-api/3.9.9/maven-plugin-api-3.9.9.jar:/home/runner/.m2/repository/org/apache/maven/shared/maven-shared-utils/3.4.2/maven-shared-utils-3.4.2.jar:/home/runner/.m2/repository/com/google/inject/guice/5.1.0/guice-5.1.0.jar:/home/runner/.m2/repository/aopalliance/aopalliance/1.0/aopalliance-1.0.jar:/home/runner/.m2/repository/org/codehaus/plexus/plexus-classworlds/2.6.0/plexus-classworlds-2.6.0.jar:/home/runner/.m2/repository/commons-cli/commons-cli/1.8.0/commons-cli-1.8.0.jar:/home/runner/.m2/repository/org/eclipse/sisu/org.eclipse.sisu.plexus/0.9.0.M3/org.eclipse.sisu.plexus-0.9.0.M3.jar:/home/runner/.m2/repository/org/apache/maven/maven-settings-builder/3.9.9/maven-settings-builder-3.9.9.jar:/home/runner/.m2/repository/org/apache/maven/maven-resolver-provider/3.9.9/maven-resolver-provider-3.9.9.jar:/home/runner/.m2/repository/org/apache/maven/resolver/maven-resolver-connector-basic/1.9.22/maven-resolver-connector-basic-1.9.22.jar:/home/runner/.m2/repository/org/apache/maven/resolver/maven-resolver-transport-wagon/1.9.22/maven-resolver-transport-wagon-1.9.22.jar:/home/runner/.m2/repository/org/apache/maven/wagon/wagon-http/3.5.3/wagon-http-3.5.3.jar:/home/runner/.m2/repository/org/apache/maven/wagon/wagon-file/3.5.3/wagon-file-3.5.3.jar:/home/runner/.m2/repository/io/quarkus/quarkus-bootstrap-gradle-resolver/3.20.2/quarkus-bootstrap-gradle-resolver-3.20.2.jar:/home/runner/.m2/repository/io/smallrye/jandex/3.3.0/jandex-3.3.0.jar:/home/runner/.m2/repository/org/jboss/logging/commons-logging-jboss-logging/1.0.0.Final/commons-logging-jboss-logging-1.0.0.Final.jar:/home/runner/.m2/repository/io/quarkus/quarkus-junit5-config/3.20.2/quarkus-junit5-config-3.20.2.jar:/home/runner/.m2/repository/org/junit/jupiter/junit-jupiter-api/5.12.1/junit-jupiter-api-5.12.1.jar:/home/runner/.m2/repository/io/smallrye/config/smallrye-config/3.11.4/smallrye-config-3.11.4.jar:/home/runner/.m2/repository/io/smallrye/config/smallrye-config-core/3.11.4/smallrye-config-core-3.11.4.jar:/home/runner/.m2/repository/io/smallrye/common/smallrye-common-classloader/2.12.0/smallrye-common-classloader-2.12.0.jar:/home/runner/.m2/repository/io/smallrye/config/smallrye-config-common/3.11.4/smallrye-config-common-3.11.4.jar:/home/runner/.m2/repository/org/junit/jupiter/junit-jupiter/5.12.1/junit-jupiter-5.12.1.jar:/home/runner/.m2/repository/org/junit/jupiter/junit-jupiter-params/5.12.1/junit-jupiter-params-5.12.1.jar:/home/runner/.m2/repository/org/junit/jupiter/junit-jupiter-engine/5.12.1/junit-jupiter-engine-5.12.1.jar:/home/runner/.m2/repository/io/quarkus/quarkus-core/3.20.2/quarkus-core-3.20.2.jar:/home/runner/.m2/repository/jakarta/enterprise/jakarta.enterprise.cdi-api/4.1.0/jakarta.enterprise.cdi-api-4.1.0.jar:/home/runner/.m2/repository/jakarta/enterprise/jakarta.enterprise.lang-model/4.1.0/jakarta.enterprise.lang-model-4.1.0.jar:/home/runner/.m2/repository/jakarta/el/jakarta.el-api/5.0.1/jakarta.el-api-5.0.1.jar:/home/runner/.m2/repository/jakarta/interceptor/jakarta.interceptor-api/2.2.0/jakarta.interceptor-api-2.2.0.jar:/home/runner/.m2/repository/jakarta/inject/jakarta.inject-api/2.0.1/jakarta.inject-api-2.0.1.jar:/home/runner/.m2/repository/io/smallrye/common/smallrye-common-os/2.12.0/smallrye-common-os-2.12.0.jar:/home/runner/.m2/repository/io/quarkus/quarkus-ide-launcher/3.20.2/quarkus-ide-launcher-3.20.2.jar:/home/runner/.m2/repository/io/quarkus/quarkus-development-mode-spi/3.20.2/quarkus-development-mode-spi-3.20.2.jar:/home/runner/.m2/repository/org/jboss/logging/jboss-logging/3.6.1.Final/jboss-logging-3.6.1.Final.jar:/home/runner/.m2/repository/org/jboss/logmanager/jboss-logmanager/3.1.2.Final/jboss-logmanager-3.1.2.Final.jar:/home/runner/.m2/repository/io/smallrye/common/smallrye-common-constraint/2.12.0/smallrye-common-constraint-2.12.0.jar:/home/runner/.m2/repository/io/smallrye/common/smallrye-common-cpu/2.12.0/smallrye-common-cpu-2.12.0.jar:/home/runner/.m2/repository/io/smallrye/common/smallrye-common-expression/2.12.0/smallrye-common-expression-2.12.0.jar:/home/runner/.m2/repository/io/smallrye/common/smallrye-common-net/2.12.0/smallrye-common-net-2.12.0.jar:/home/runner/.m2/repository/io/smallrye/common/smallrye-common-ref/2.12.0/smallrye-common-ref-2.12.0.jar:/home/runner/.m2/repository/jakarta/json/jakarta.json-api/2.1.3/jakarta.json-api-2.1.3.jar:/home/runner/.m2/repository/org/eclipse/parsson/parsson/1.1.7/parsson-1.1.7.jar:/home/runner/.m2/repository/org/jboss/logging/jboss-logging-annotations/3.0.4.Final/jboss-logging-annotations-3.0.4.Final.jar:/home/runner/.m2/repository/org/jboss/threads/jboss-threads/3.8.0.Final/jboss-threads-3.8.0.Final.jar:/home/runner/.m2/repository/io/smallrye/common/smallrye-common-annotation/2.12.0/smallrye-common-annotation-2.12.0.jar:/home/runner/.m2/repository/io/smallrye/common/smallrye-common-function/2.12.0/smallrye-common-function-2.12.0.jar:/home/runner/.m2/repository/org/jboss/slf4j/slf4j-jboss-logmanager/2.0.0.Final/slf4j-jboss-logmanager-2.0.0.Final.jar:/home/runner/.m2/repository/org/wildfly/common/wildfly-common/2.0.1/wildfly-common-2.0.1.jar:/home/runner/.m2/repository/io/quarkus/quarkus-bootstrap-runner/3.20.2/quarkus-bootstrap-runner-3.20.2.jar:/home/runner/.m2/repository/io/github/crac/org-crac/0.1.3/org-crac-0.1.3.jar:/home/runner/.m2/repository/io/quarkus/quarkus-fs-util/0.0.10/quarkus-fs-util-0.0.10.jar:/home/runner/.m2/repository/org/jboss/marshalling/jboss-marshalling/2.2.2.Final/jboss-marshalling-2.2.2.Final.jar:/home/runner/.m2/repository/io/fabric8/kubernetes-client/7.1.0/kubernetes-client-7.1.0.jar:/home/runner/.m2/repository/io/fabric8/kubernetes-client-api/7.1.0/kubernetes-client-api-7.1.0.jar:/home/runner/.m2/repository/io/fabric8/kubernetes-model-core/7.1.0/kubernetes-model-core-7.1.0.jar:/home/runner/.m2/repository/io/fabric8/kubernetes-model-common/7.1.0/kubernetes-model-common-7.1.0.jar:/home/runner/.m2/repository/javax/annotation/javax.annotation-api/1.3.2/javax.annotation-api-1.3.2.jar:/home/runner/.m2/repository/io/fabric8/kubernetes-model-gatewayapi/7.1.0/kubernetes-model-gatewayapi-7.1.0.jar:/home/runner/.m2/repository/io/fabric8/kubernetes-model-resource/7.1.0/kubernetes-model-resource-7.1.0.jar:/home/runner/.m2/repository/io/fabric8/kubernetes-model-rbac/7.1.0/kubernetes-model-rbac-7.1.0.jar:/home/runner/.m2/repository/io/fabric8/kubernetes-model-admissionregistration/7.1.0/kubernetes-model-admissionregistration-7.1.0.jar:/home/runner/.m2/repository/io/fabric8/kubernetes-model-apps/7.1.0/kubernetes-model-apps-7.1.0.jar:/home/runner/.m2/repository/io/fabric8/kubernetes-model-autoscaling/7.1.0/kubernetes-model-autoscaling-7.1.0.jar:/home/runner/.m2/repository/io/fabric8/kubernetes-model-apiextensions/7.1.0/kubernetes-model-apiextensions-7.1.0.jar:/home/runner/.m2/repository/io/fabric8/kubernetes-model-batch/7.1.0/kubernetes-model-batch-7.1.0.jar:/home/runner/.m2/repository/io/fabric8/kubernetes-model-certificates/7.1.0/kubernetes-model-certificates-7.1.0.jar:/home/runner/.m2/repository/io/fabric8/kubernetes-model-coordination/7.1.0/kubernetes-model-coordination-7.1.0.jar:/home/runner/.m2/repository/io/fabric8/kubernetes-model-discovery/7.1.0/kubernetes-model-discovery-7.1.0.jar:/home/runner/.m2/repository/io/fabric8/kubernetes-model-events/7.1.0/kubernetes-model-events-7.1.0.jar:/home/runner/.m2/repository/io/fabric8/kubernetes-model-extensions/7.1.0/kubernetes-model-extensions-7.1.0.jar:/home/runner/.m2/repository/io/fabric8/kubernetes-model-flowcontrol/7.1.0/kubernetes-model-flowcontrol-7.1.0.jar:/home/runner/.m2/repository/io/fabric8/kubernetes-model-networking/7.1.0/kubernetes-model-networking-7.1.0.jar:/home/runner/.m2/repository/io/fabric8/kubernetes-model-metrics/7.1.0/kubernetes-model-metrics-7.1.0.jar:/home/runner/.m2/repository/io/fabric8/kubernetes-model-policy/7.1.0/kubernetes-model-policy-7.1.0.jar:/home/runner/.m2/repository/io/fabric8/kubernetes-model-scheduling/7.1.0/kubernetes-model-scheduling-7.1.0.jar:/home/runner/.m2/repository/io/fabric8/kubernetes-model-storageclass/7.1.0/kubernetes-model-storageclass-7.1.0.jar:/home/runner/.m2/repository/io/fabric8/kubernetes-model-node/7.1.0/kubernetes-model-node-7.1.0.jar:/home/runner/.m2/repository/org/snakeyaml/snakeyaml-engine/2.9/snakeyaml-engine-2.9.jar:/home/runner/.m2/repository/com/fasterxml/jackson/dataformat/jackson-dataformat-yaml/2.18.2/jackson-dataformat-yaml-2.18.2.jar:/home/runner/.m2/repository/com/fasterxml/jackson/datatype/jackson-datatype-jsr310/2.18.2/jackson-datatype-jsr310-2.18.2.jar:/home/runner/.m2/repository/io/fabric8/zjsonpatch/7.1.0/zjsonpatch-7.1.0.jar:/home/runner/.m2/repository/io/fabric8/kubernetes-httpclient-vertx/7.1.0/kubernetes-httpclient-vertx-7.1.0.jar:/home/runner/.m2/repository/io/vertx/vertx-web-client/4.5.16/vertx-web-client-4.5.16.jar:/home/runner/.m2/repository/io/vertx/vertx-web-common/4.5.16/vertx-web-common-4.5.16.jar:/home/runner/.m2/repository/io/vertx/vertx-auth-common/4.5.16/vertx-auth-common-4.5.16.jar:/home/runner/.m2/repository/io/vertx/vertx-uri-template/4.5.16/vertx-uri-template-4.5.16.jar:/home/runner/.m2/repository/io/fabric8/openshift-client/7.1.0/openshift-client-7.1.0.jar:/home/runner/.m2/repository/io/fabric8/openshift-client-api/7.1.0/openshift-client-api-7.1.0.jar:/home/runner/.m2/repository/io/fabric8/openshift-model/7.1.0/openshift-model-7.1.0.jar:/home/runner/.m2/repository/io/fabric8/openshift-model-autoscaling/7.1.0/openshift-model-autoscaling-7.1.0.jar:/home/runner/.m2/repository/io/fabric8/openshift-model-operator/7.1.0/openshift-model-operator-7.1.0.jar:/home/runner/.m2/repository/io/fabric8/openshift-model-operatorhub/7.1.0/openshift-model-operatorhub-7.1.0.jar:/home/runner/.m2/repository/io/fabric8/openshift-model-machine/7.1.0/openshift-model-machine-7.1.0.jar:/home/runner/.m2/repository/io/fabric8/openshift-model-whereabouts/7.1.0/openshift-model-whereabouts-7.1.0.jar:/home/runner/.m2/repository/io/fabric8/openshift-model-monitoring/7.1.0/openshift-model-monitoring-7.1.0.jar:/home/runner/.m2/repository/io/fabric8/openshift-model-storageversionmigrator/7.1.0/openshift-model-storageversionmigrator-7.1.0.jar:/home/runner/.m2/repository/io/fabric8/openshift-model-tuned/7.1.0/openshift-model-tuned-7.1.0.jar:/home/runner/.m2/repository/io/fabric8/openshift-model-console/7.1.0/openshift-model-console-7.1.0.jar:/home/runner/.m2/repository/io/fabric8/openshift-model-config/7.1.0/openshift-model-config-7.1.0.jar:/home/runner/.m2/repository/io/fabric8/openshift-model-machineconfiguration/7.1.0/openshift-model-machineconfiguration-7.1.0.jar:/home/runner/.m2/repository/io/fabric8/openshift-model-miscellaneous/7.1.0/openshift-model-miscellaneous-7.1.0.jar:/home/runner/.m2/repository/io/fabric8/openshift-model-hive/7.1.0/openshift-model-hive-7.1.0.jar:/home/runner/.m2/repository/io/fabric8/openshift-model-installer/7.1.0/openshift-model-installer-7.1.0.jar:/home/runner/.m2/repository/org/junit/platform/junit-platform-launcher/1.12.1/junit-platform-launcher-1.12.1.jar:/home/runner/.m2/repository/org/junit/platform/junit-platform-engine/1.12.1/junit-platform-engine-1.12.1.jar:/home/runner/.m2/repository/org/opentest4j/opentest4j/1.3.0/opentest4j-1.3.0.jar:/home/runner/.m2/repository/org/junit/platform/junit-platform-commons/1.12.1/junit-platform-commons-1.12.1.jar:/home/runner/.m2/repository/org/apiguardian/apiguardian-api/1.1.2/apiguardian-api-1.1.2.jar:/home/runner/.m2/repository/jakarta/ws/rs/jakarta.ws.rs-api/3.1.0/jakarta.ws.rs-api-3.1.0.jar:/home/runner/work/apicurio-testing/apicurio-testing/clusters/ci419/namespaces/mysql/tests/integration/apicurio-registry/java-sdk/target/apicurio-registry-java-sdk-3.0.12-SNAPSHOT.jar:/home/runner/.m2/repository/com/microsoft/kiota/microsoft-kiota-abstractions/1.8.8/microsoft-kiota-abstractions-1.8.8.jar:/home/runner/.m2/repository/io/github/std-uritemplate/std-uritemplate/2.0.0/std-uritemplate-2.0.0.jar:/home/runner/.m2/repository/io/kiota/kiota-http-jdk/0.0.29/kiota-http-jdk-0.0.29.jar:/home/runner/.m2/repository/io/kiota/kiota-http-vertx/0.0.29/kiota-http-vertx-0.0.29.jar:/home/runner/.m2/repository/io/kiota/kiota-serialization-jackson/0.0.29/kiota-serialization-jackson-0.0.29.jar:/home/runner/.m2/repository/com/microsoft/kiota/microsoft-kiota-serialization-text/1.8.8/microsoft-kiota-serialization-text-1.8.8.jar:/home/runner/.m2/repository/com/microsoft/kiota/microsoft-kiota-serialization-form/1.8.8/microsoft-kiota-serialization-form-1.8.8.jar:/home/runner/.m2/repository/com/microsoft/kiota/microsoft-kiota-serialization-multipart/1.8.8/microsoft-kiota-serialization-multipart-1.8.8.jar:/home/runner/.m2/repository/jakarta/annotation/jakarta.annotation-api/3.0.0/jakarta.annotation-api-3.0.0.jar:/home/runner/.m2/repository/io/vertx/vertx-auth-oauth2/4.5.16/vertx-auth-oauth2-4.5.16.jar:/home/runner/work/apicurio-testing/apicurio-testing/clusters/ci419/namespaces/mysql/tests/integration/apicurio-registry/java-sdk-v2/target/apicurio-registry-v2-java-sdk-3.0.12-SNAPSHOT.jar:/home/runner/work/apicurio-testing/apicurio-testing/clusters/ci419/namespaces/mysql/tests/integration/apicurio-registry/utils/kafka/target/apicurio-registry-utils-kafka-3.0.12-SNAPSHOT-tests.jar:/home/runner/.m2/repository/org/eclipse/microprofile/config/microprofile-config-api/3.1/microprofile-config-api-3.1.jar:/home/runner/.m2/repository/org/apache/kafka/kafka-clients/3.9.1/kafka-clients-3.9.1.jar:/home/runner/.m2/repository/com/github/luben/zstd-jni/1.5.6-4/zstd-jni-1.5.6-4.jar:/home/runner/.m2/repository/org/lz4/lz4-java/1.8.0/lz4-java-1.8.0.jar:/home/runner/.m2/repository/org/xerial/snappy/snappy-java/1.1.10.5/snappy-java-1.1.10.5.jar:/home/runner/.m2/repository/org/slf4j/slf4j-api/2.0.6/slf4j-api-2.0.6.jar:/home/runner/work/apicurio-testing/apicurio-testing/clusters/ci419/namespaces/mysql/tests/integration/apicurio-registry/utils/tests/target/apicurio-registry-utils-tests-3.0.12-SNAPSHOT.jar:/home/runner/work/apicurio-testing/apicurio-testing/clusters/ci419/namespaces/mysql/tests/integration/apicurio-registry/common/target/apicurio-registry-common-3.0.12-SNAPSHOT.jar:/home/runner/.m2/repository/jakarta/validation/jakarta.validation-api/3.0.2/jakarta.validation-api-3.0.2.jar:/home/runner/.m2/repository/com/github/dasniko/testcontainers-keycloak/3.8.0/testcontainers-keycloak-3.8.0.jar:/home/runner/.m2/repository/org/testcontainers/testcontainers/1.20.6/testcontainers-1.20.6.jar:/home/runner/.m2/repository/org/rnorth/duct-tape/duct-tape/1.0.8/duct-tape-1.0.8.jar:/home/runner/.m2/repository/com/github/docker-java/docker-java-transport-zerodep/3.4.1/docker-java-transport-zerodep-3.4.1.jar:/home/runner/.m2/repository/com/github/docker-java/docker-java-transport/3.4.1/docker-java-transport-3.4.1.jar:/home/runner/.m2/repository/net/java/dev/jna/jna/5.8.0/jna-5.8.0.jar:/home/runner/.m2/repository/io/quarkus/quarkus-junit4-mock/3.20.2/quarkus-junit4-mock-3.20.2.jar:/home/runner/.m2/repository/org/jboss/shrinkwrap/shrinkwrap-api/2.0.0-beta-2/shrinkwrap-api-2.0.0-beta-2.jar:/home/runner/.m2/repository/org/jboss/shrinkwrap/shrinkwrap-impl-base/2.0.0-beta-2/shrinkwrap-impl-base-2.0.0-beta-2.jar:/home/runner/.m2/repository/org/jboss/shrinkwrap/shrinkwrap-spi/2.0.0-beta-2/shrinkwrap-spi-2.0.0-beta-2.jar:/home/runner/.m2/repository/org/keycloak/keycloak-admin-client/26.0.4/keycloak-admin-client-26.0.4.jar:/home/runner/.m2/repository/org/keycloak/keycloak-client-common-synced/26.0.4/keycloak-client-common-synced-26.0.4.jar:/home/runner/.m2/repository/jakarta/activation/jakarta.activation-api/2.1.3/jakarta.activation-api-2.1.3.jar:/home/runner/.m2/repository/org/eclipse/microprofile/openapi/microprofile-openapi-api/4.0.2/microprofile-openapi-api-4.0.2.jar:/home/runner/.m2/repository/org/jboss/resteasy/resteasy-client/6.2.12.Final/resteasy-client-6.2.12.Final.jar:/home/runner/.m2/repository/org/jboss/resteasy/resteasy-client-api/6.2.12.Final/resteasy-client-api-6.2.12.Final.jar:/home/runner/.m2/repository/org/jboss/resteasy/resteasy-core-spi/6.2.12.Final/resteasy-core-spi-6.2.12.Final.jar:/home/runner/.m2/repository/org/jboss/resteasy/resteasy-core/6.2.12.Final/resteasy-core-6.2.12.Final.jar:/home/runner/.m2/repository/org/eclipse/angus/angus-activation/2.0.2/angus-activation-2.0.2.jar:/home/runner/.m2/repository/com/ibm/async/asyncutil/0.1.0/asyncutil-0.1.0.jar:/home/runner/.m2/repository/org/reactivestreams/reactive-streams/1.0.4/reactive-streams-1.0.4.jar:/home/runner/.m2/repository/org/jboss/resteasy/resteasy-multipart-provider/6.2.12.Final/resteasy-multipart-provider-6.2.12.Final.jar:/home/runner/.m2/repository/jakarta/mail/jakarta.mail-api/2.1.3/jakarta.mail-api-2.1.3.jar:/home/runner/.m2/repository/org/eclipse/angus/angus-mail/2.0.3/angus-mail-2.0.3.jar:/home/runner/.m2/repository/org/apache/james/apache-mime4j-dom/0.8.12/apache-mime4j-dom-0.8.12.jar:/home/runner/.m2/repository/org/apache/james/apache-mime4j-core/0.8.12/apache-mime4j-core-0.8.12.jar:/home/runner/.m2/repository/org/apache/james/apache-mime4j-storage/0.8.12/apache-mime4j-storage-0.8.12.jar:/home/runner/.m2/repository/org/jboss/resteasy/resteasy-jackson2-provider/6.2.12.Final/resteasy-jackson2-provider-6.2.12.Final.jar:/home/runner/.m2/repository/com/fasterxml/jackson/jakarta/rs/jackson-jakarta-rs-base/2.18.2/jackson-jakarta-rs-base-2.18.2.jar:/home/runner/.m2/repository/com/fasterxml/jackson/jakarta/rs/jackson-jakarta-rs-json-provider/2.18.2/jackson-jakarta-rs-json-provider-2.18.2.jar:/home/runner/.m2/repository/com/fasterxml/jackson/module/jackson-module-jakarta-xmlbind-annotations/2.18.2/jackson-module-jakarta-xmlbind-annotations-2.18.2.jar:/home/runner/.m2/repository/com/github/java-json-tools/json-patch/1.13/json-patch-1.13.jar:/home/runner/.m2/repository/com/github/java-json-tools/msg-simple/1.2/msg-simple-1.2.jar:/home/runner/.m2/repository/com/github/java-json-tools/btf/1.3/btf-1.3.jar:/home/runner/.m2/repository/com/github/java-json-tools/jackson-coreutils/2.0/jackson-coreutils-2.0.jar:/home/runner/.m2/repository/org/jboss/resteasy/resteasy-jaxb-provider/6.2.12.Final/resteasy-jaxb-provider-6.2.12.Final.jar:/home/runner/.m2/repository/org/glassfish/jaxb/codemodel/4.0.5/codemodel-4.0.5.jar:/home/runner/.m2/repository/org/glassfish/jaxb/jaxb-core/4.0.5/jaxb-core-4.0.5.jar:/home/runner/.m2/repository/org/glassfish/jaxb/jaxb-jxc/4.0.5/jaxb-jxc-4.0.5.jar:/home/runner/.m2/repository/org/glassfish/jaxb/jaxb-runtime/4.0.5/jaxb-runtime-4.0.5.jar:/home/runner/.m2/repository/org/glassfish/jaxb/txw2/4.0.5/txw2-4.0.5.jar:/home/runner/.m2/repository/org/glassfish/jaxb/jaxb-xjc/4.0.5/jaxb-xjc-4.0.5.jar:/home/runner/.m2/repository/org/glassfish/jaxb/xsom/4.0.5/xsom-4.0.5.jar:/home/runner/.m2/repository/com/sun/istack/istack-commons-runtime/4.1.2/istack-commons-runtime-4.1.2.jar:/home/runner/.m2/repository/com/sun/istack/istack-commons-tools/4.1.2/istack-commons-tools-4.1.2.jar:/home/runner/.m2/repository/com/sun/xml/bind/external/relaxng-datatype/4.0.5/relaxng-datatype-4.0.5.jar:/home/runner/.m2/repository/com/sun/xml/bind/external/rngom/4.0.5/rngom-4.0.5.jar:/home/runner/.m2/repository/org/testcontainers/mssqlserver/1.20.6/mssqlserver-1.20.6.jar:/home/runner/.m2/repository/org/testcontainers/jdbc/1.20.6/jdbc-1.20.6.jar:/home/runner/.m2/repository/org/testcontainers/database-commons/1.20.6/database-commons-1.20.6.jar:/home/runner/.m2/repository/org/testcontainers/mysql/1.20.6/mysql-1.20.6.jar:/home/runner/.m2/repository/io/strimzi/strimzi-test-container/0.111.0/strimzi-test-container-0.111.0.jar:/home/runner/.m2/repository/org/testcontainers/toxiproxy/1.20.6/toxiproxy-1.20.6.jar:/home/runner/.m2/repository/com/github/docker-java/docker-java-api/3.4.1/docker-java-api-3.4.1.jar:/home/runner/.m2/repository/org/apache/logging/log4j/log4j-slf4j-impl/2.19.0/log4j-slf4j-impl-2.19.0.jar:/home/runner/.m2/repository/org/apache/logging/log4j/log4j-api/2.24.3/log4j-api-2.24.3.jar:/home/runner/.m2/repository/org/apache/logging/log4j/log4j-core/2.19.0/log4j-core-2.19.0.jar:/home/runner/.m2/repository/eu/rekawek/toxiproxy/toxiproxy-java/2.1.7/toxiproxy-java-2.1.7.jar:/home/runner/.m2/repository/org/testcontainers/pulsar/1.21.3/pulsar-1.21.3.jar:/home/runner/.m2/repository/io/debezium/debezium-testing-testcontainers/2.7.4.Final/debezium-testing-testcontainers-2.7.4.Final.jar:/home/runner/.m2/repository/org/testcontainers/kafka/1.20.6/kafka-1.20.6.jar:/home/runner/.m2/repository/com/squareup/okhttp3/okhttp/4.8.1/okhttp-4.8.1.jar:/home/runner/.m2/repository/com/squareup/okio/okio/3.10.2/okio-3.10.2.jar:/home/runner/.m2/repository/com/squareup/okio/okio-jvm/3.10.2/okio-jvm-3.10.2.jar:/home/runner/.m2/repository/org/jetbrains/kotlin/kotlin-stdlib/2.0.21/kotlin-stdlib-2.0.21.jar:/home/runner/.m2/repository/org/awaitility/awaitility/4.3.0/awaitility-4.3.0.jar:/home/runner/.m2/repository/org/testcontainers/mongodb/1.20.6/mongodb-1.20.6.jar:/home/runner/.m2/repository/org/testcontainers/mariadb/1.20.6/mariadb-1.20.6.jar:/home/runner/.m2/repository/org/testcontainers/oracle-xe/1.20.6/oracle-xe-1.20.6.jar:/home/runner/.m2/repository/org/testcontainers/postgresql/1.20.6/postgresql-1.20.6.jar:/home/runner/.m2/repository/org/wiremock/wiremock/3.0.1/wiremock-3.0.1.jar:/home/runner/.m2/repository/org/eclipse/jetty/jetty-server/11.0.15/jetty-server-11.0.15.jar:/home/runner/.m2/repository/org/eclipse/jetty/toolchain/jetty-jakarta-servlet-api/5.0.2/jetty-jakarta-servlet-api-5.0.2.jar:/home/runner/.m2/repository/org/eclipse/jetty/jetty-http/11.0.15/jetty-http-11.0.15.jar:/home/runner/.m2/repository/org/eclipse/jetty/jetty-io/11.0.15/jetty-io-11.0.15.jar:/home/runner/.m2/repository/org/eclipse/jetty/jetty-servlet/11.0.15/jetty-servlet-11.0.15.jar:/home/runner/.m2/repository/org/eclipse/jetty/jetty-security/11.0.15/jetty-security-11.0.15.jar:/home/runner/.m2/repository/org/eclipse/jetty/jetty-servlets/11.0.15/jetty-servlets-11.0.15.jar:/home/runner/.m2/repository/org/eclipse/jetty/jetty-util/11.0.15/jetty-util-11.0.15.jar:/home/runner/.m2/repository/org/eclipse/jetty/jetty-webapp/11.0.15/jetty-webapp-11.0.15.jar:/home/runner/.m2/repository/org/eclipse/jetty/jetty-xml/11.0.15/jetty-xml-11.0.15.jar:/home/runner/.m2/repository/org/eclipse/jetty/jetty-proxy/11.0.15/jetty-proxy-11.0.15.jar:/home/runner/.m2/repository/org/eclipse/jetty/jetty-client/11.0.15/jetty-client-11.0.15.jar:/home/runner/.m2/repository/org/eclipse/jetty/http2/http2-server/11.0.15/http2-server-11.0.15.jar:/home/runner/.m2/repository/org/eclipse/jetty/http2/http2-common/11.0.15/http2-common-11.0.15.jar:/home/runner/.m2/repository/org/eclipse/jetty/http2/http2-hpack/11.0.15/http2-hpack-11.0.15.jar:/home/runner/.m2/repository/org/eclipse/jetty/jetty-alpn-server/11.0.15/jetty-alpn-server-11.0.15.jar:/home/runner/.m2/repository/org/eclipse/jetty/jetty-alpn-java-server/11.0.15/jetty-alpn-java-server-11.0.15.jar:/home/runner/.m2/repository/org/eclipse/jetty/jetty-alpn-java-client/11.0.15/jetty-alpn-java-client-11.0.15.jar:/home/runner/.m2/repository/org/eclipse/jetty/jetty-alpn-client/11.0.15/jetty-alpn-client-11.0.15.jar:/home/runner/.m2/repository/org/apache/httpcomponents/client5/httpclient5/5.2.1/httpclient5-5.2.1.jar:/home/runner/.m2/repository/org/apache/httpcomponents/core5/httpcore5/5.2/httpcore5-5.2.jar:/home/runner/.m2/repository/org/apache/httpcomponents/core5/httpcore5-h2/5.2/httpcore5-h2-5.2.jar:/home/runner/.m2/repository/org/xmlunit/xmlunit-core/2.9.1/xmlunit-core-2.9.1.jar:/home/runner/.m2/repository/jakarta/xml/bind/jakarta.xml.bind-api/4.0.2/jakarta.xml.bind-api-4.0.2.jar:/home/runner/.m2/repository/org/xmlunit/xmlunit-legacy/2.9.1/xmlunit-legacy-2.9.1.jar:/home/runner/.m2/repository/org/xmlunit/xmlunit-placeholders/2.9.1/xmlunit-placeholders-2.9.1.jar:/home/runner/.m2/repository/net/javacrumbs/json-unit/json-unit-core/2.38.0/json-unit-core-2.38.0.jar:/home/runner/.m2/repository/org/hamcrest/hamcrest-core/2.2/hamcrest-core-2.2.jar:/home/runner/.m2/repository/com/jayway/jsonpath/json-path/2.8.0/json-path-2.8.0.jar:/home/runner/.m2/repository/net/minidev/json-smart/2.4.10/json-smart-2.4.10.jar:/home/runner/.m2/repository/net/minidev/accessors-smart/2.4.9/accessors-smart-2.4.9.jar:/home/runner/.m2/repository/org/ow2/asm/asm/9.7.1/asm-9.7.1.jar:/home/runner/.m2/repository/net/sf/jopt-simple/jopt-simple/5.0.4/jopt-simple-5.0.4.jar:/home/runner/.m2/repository/com/github/jknack/handlebars/4.3.1/handlebars-4.3.1.jar:/home/runner/.m2/repository/com/github/jknack/handlebars-helpers/4.3.1/handlebars-helpers-4.3.1.jar:/home/runner/.m2/repository/commons-fileupload/commons-fileupload/1.5/commons-fileupload-1.5.jar:/home/runner/.m2/repository/com/networknt/json-schema-validator/1.5.8/json-schema-validator-1.5.8.jar:/home/runner/.m2/repository/com/ethlo/time/itu/1.10.3/itu-1.10.3.jar:/home/runner/.m2/repository/io/quarkus/quarkus-smallrye-jwt-build/3.20.2/quarkus-smallrye-jwt-build-3.20.2.jar:/home/runner/.m2/repository/io/smallrye/smallrye-jwt-build/4.6.2/smallrye-jwt-build-4.6.2.jar:/home/runner/.m2/repository/org/eclipse/microprofile/jwt/microprofile-jwt-auth-api/2.1/microprofile-jwt-auth-api-2.1.jar:/home/runner/.m2/repository/org/bitbucket/b_c/jose4j/0.9.6/jose4j-0.9.6.jar:/home/runner/.m2/repository/io/smallrye/smallrye-jwt-common/4.6.2/smallrye-jwt-common-4.6.2.jar:/home/runner/.m2/repository/io/quarkus/quarkus-jsonp/3.20.2/quarkus-jsonp-3.20.2.jar:/home/runner/.m2/repository/io/quarkus/quarkus-arc/3.20.2/quarkus-arc-3.20.2.jar:/home/runner/.m2/repository/io/quarkus/arc/arc/3.20.2/arc-3.20.2.jar:/home/runner/.m2/repository/jakarta/transaction/jakarta.transaction-api/2.0.1/jakarta.transaction-api-2.0.1.jar:/home/runner/.m2/repository/io/smallrye/reactive/mutiny/2.9.2/mutiny-2.9.2.jar:/home/runner/.m2/repository/org/jctools/jctools-core/4.0.5/jctools-core-4.0.5.jar:/home/runner/.m2/repository/org/eclipse/microprofile/context-propagation/microprofile-context-propagation-api/1.3/microprofile-context-propagation-api-1.3.jar:/home/runner/.m2/repository/io/apicurio/apicurio-common-rest-client-common/0.1.18.Final/apicurio-common-rest-client-common-0.1.18.Final.jar:/home/runner/work/apicurio-testing/apicurio-testing/clusters/ci419/namespaces/mysql/tests/integration/apicurio-registry/utils/maven-plugin/target/apicurio-registry-maven-plugin-3.0.12-SNAPSHOT.jar:/home/runner/.m2/repository/com/fasterxml/jackson/core/jackson-databind/2.18.2/jackson-databind-2.18.2.jar:/home/runner/.m2/repository/org/apache/avro/avro/1.12.0/avro-1.12.0.jar:/home/runner/.m2/repository/com/google/protobuf/protobuf-java/4.31.1/protobuf-java-4.31.1.jar:/home/runner/.m2/repository/com/google/protobuf/protobuf-java-util/4.31.1/protobuf-java-util-4.31.1.jar:/home/runner/.m2/repository/com/google/code/findbugs/jsr305/3.0.2/jsr305-3.0.2.jar:/home/runner/.m2/repository/com/google/code/gson/gson/2.12.1/gson-2.12.1.jar:/home/runner/.m2/repository/com/google/errorprone/error_prone_annotations/2.36.0/error_prone_annotations-2.36.0.jar:/home/runner/.m2/repository/com/google/j2objc/j2objc-annotations/2.8/j2objc-annotations-2.8.jar:/home/runner/work/apicurio-testing/apicurio-testing/clusters/ci419/namespaces/mysql/tests/integration/apicurio-registry/schema-util/util-provider/target/apicurio-registry-schema-util-provider-3.0.12-SNAPSHOT.jar:/home/runner/work/apicurio-testing/apicurio-testing/clusters/ci419/namespaces/mysql/tests/integration/apicurio-registry/schema-util/common/target/apicurio-registry-schema-util-common-3.0.12-SNAPSHOT.jar:/home/runner/.m2/repository/com/fasterxml/jackson/module/jackson-module-parameter-names/2.18.2/jackson-module-parameter-names-2.18.2.jar:/home/runner/.m2/repository/com/fasterxml/jackson/datatype/jackson-datatype-json-org/2.18.2/jackson-datatype-json-org-2.18.2.jar:/home/runner/work/apicurio-testing/apicurio-testing/clusters/ci419/namespaces/mysql/tests/integration/apicurio-registry/schema-util/json/target/apicurio-registry-schema-util-json-3.0.12-SNAPSHOT.jar:/home/runner/.m2/repository/com/github/erosb/everit-json-schema/1.14.5/everit-json-schema-1.14.5.jar:/home/runner/.m2/repository/commons-validator/commons-validator/1.9.0/commons-validator-1.9.0.jar:/home/runner/.m2/repository/commons-digester/commons-digester/2.1/commons-digester-2.1.jar:/home/runner/.m2/repository/commons-collections/commons-collections/3.2.2/commons-collections-3.2.2.jar:/home/runner/.m2/repository/com/damnhandy/handy-uri-templates/2.1.8/handy-uri-templates-2.1.8.jar:/home/runner/.m2/repository/joda-time/joda-time/2.10.2/joda-time-2.10.2.jar:/home/runner/.m2/repository/com/github/erosb/json-sKema/0.20.0/json-sKema-0.20.0.jar:/home/runner/.m2/repository/io/vertx/vertx-json-schema/4.5.16/vertx-json-schema-4.5.16.jar:/home/runner/work/apicurio-testing/apicurio-testing/clusters/ci419/namespaces/mysql/tests/integration/apicurio-registry/schema-util/protobuf/target/apicurio-registry-schema-util-protobuf-3.0.12-SNAPSHOT.jar:/home/runner/work/apicurio-testing/apicurio-testing/clusters/ci419/namespaces/mysql/tests/integration/apicurio-registry/utils/protobuf-schema-utilities/target/apicurio-registry-protobuf-schema-utilities-3.0.12-SNAPSHOT.jar:/home/runner/.m2/repository/com/google/api/grpc/proto-google-common-protos/2.52.0/proto-google-common-protos-2.52.0.jar:/home/runner/.m2/repository/com/squareup/wire/wire-schema-jvm/5.3.3/wire-schema-jvm-5.3.3.jar:/home/runner/.m2/repository/com/palantir/javapoet/javapoet/0.6.0/javapoet-0.6.0.jar:/home/runner/.m2/repository/com/squareup/kotlinpoet-jvm/2.0.0/kotlinpoet-jvm-2.0.0.jar:/home/runner/.m2/repository/org/jetbrains/kotlin/kotlin-reflect/2.0.21/kotlin-reflect-2.0.21.jar:/home/runner/.m2/repository/com/squareup/wire/wire-runtime-jvm/5.3.3/wire-runtime-jvm-5.3.3.jar:/home/runner/.m2/repository/com/ibm/icu/icu4j/76.1/icu4j-76.1.jar:/home/runner/.m2/repository/com/squareup/okio/okio-fakefilesystem/3.10.2/okio-fakefilesystem-3.10.2.jar:/home/runner/.m2/repository/com/squareup/okio/okio-fakefilesystem-jvm/3.10.2/okio-fakefilesystem-jvm-3.10.2.jar:/home/runner/.m2/repository/org/jetbrains/kotlinx/kotlinx-datetime-jvm/0.6.1/kotlinx-datetime-jvm-0.6.1.jar:/home/runner/work/apicurio-testing/apicurio-testing/clusters/ci419/namespaces/mysql/tests/integration/apicurio-registry/schema-util/asyncapi/target/apicurio-registry-schema-util-asyncapi-3.0.12-SNAPSHOT.jar:/home/runner/work/apicurio-testing/apicurio-testing/clusters/ci419/namespaces/mysql/tests/integration/apicurio-registry/schema-util/avro/target/apicurio-registry-schema-util-avro-3.0.12-SNAPSHOT.jar:/home/runner/work/apicurio-testing/apicurio-testing/clusters/ci419/namespaces/mysql/tests/integration/apicurio-registry/schema-util/graphql/target/apicurio-registry-schema-util-graphql-3.0.12-SNAPSHOT.jar:/home/runner/.m2/repository/com/graphql-java/graphql-java/22.4/graphql-java-22.4.jar:/home/runner/.m2/repository/com/graphql-java/java-dataloader/3.3.0/java-dataloader-3.3.0.jar:/home/runner/work/apicurio-testing/apicurio-testing/clusters/ci419/namespaces/mysql/tests/integration/apicurio-registry/schema-util/kconnect/target/apicurio-registry-schema-util-kconnect-3.0.12-SNAPSHOT.jar:/home/runner/work/apicurio-testing/apicurio-testing/clusters/ci419/namespaces/mysql/tests/integration/apicurio-registry/schema-util/openapi/target/apicurio-registry-schema-util-openapi-3.0.12-SNAPSHOT.jar:/home/runner/.m2/repository/io/apicurio/apicurio-data-models/2.2.2/apicurio-data-models-2.2.2.jar:/home/runner/.m2/repository/org/openapitools/openapidiff/openapi-diff-core/2.1.2/openapi-diff-core-2.1.2.jar:/home/runner/.m2/repository/io/swagger/parser/v3/swagger-parser/2.1.28/swagger-parser-2.1.28.jar:/home/runner/.m2/repository/io/swagger/parser/v3/swagger-parser-v2-converter/2.1.28/swagger-parser-v2-converter-2.1.28.jar:/home/runner/.m2/repository/io/swagger/swagger-core/1.6.16/swagger-core-1.6.16.jar:/home/runner/.m2/repository/io/swagger/swagger-models/1.6.16/swagger-models-1.6.16.jar:/home/runner/.m2/repository/io/swagger/swagger-annotations/1.6.16/swagger-annotations-1.6.16.jar:/home/runner/.m2/repository/io/swagger/swagger-parser/1.0.75/swagger-parser-1.0.75.jar:/home/runner/.m2/repository/io/swagger/swagger-parser-safe-url-resolver/1.0.75/swagger-parser-safe-url-resolver-1.0.75.jar:/home/runner/.m2/repository/io/swagger/swagger-compat-spec-parser/1.0.75/swagger-compat-spec-parser-1.0.75.jar:/home/runner/.m2/repository/com/github/java-json-tools/json-schema-validator/2.2.14/json-schema-validator-2.2.14.jar:/home/runner/.m2/repository/com/github/java-json-tools/jackson-coreutils-equivalence/1.0/jackson-coreutils-equivalence-1.0.jar:/home/runner/.m2/repository/com/github/java-json-tools/json-schema-core/1.2.14/json-schema-core-1.2.14.jar:/home/runner/.m2/repository/com/github/java-json-tools/uri-template/0.10/uri-template-0.10.jar:/home/runner/.m2/repository/com/googlecode/libphonenumber/libphonenumber/8.11.1/libphonenumber-8.11.1.jar:/home/runner/.m2/repository/com/j2html/j2html/1.6.0/j2html-1.6.0.jar:/home/runner/.m2/repository/org/apache/commons/commons-collections4/4.5.0/commons-collections4-4.5.0.jar:/home/runner/.m2/repository/org/slf4j/jcl-over-slf4j/2.0.17/jcl-over-slf4j-2.0.17.jar:/home/runner/.m2/repository/io/swagger/parser/v3/swagger-parser-v3/2.1.31/swagger-parser-v3-2.1.31.jar:/home/runner/.m2/repository/io/swagger/core/v3/swagger-models/2.2.34/swagger-models-2.2.34.jar:/home/runner/.m2/repository/io/swagger/core/v3/swagger-core/2.2.34/swagger-core-2.2.34.jar:/home/runner/.m2/repository/io/swagger/parser/v3/swagger-parser-core/2.1.31/swagger-parser-core-2.1.31.jar:/home/runner/.m2/repository/io/swagger/parser/v3/swagger-parser-safe-url-resolver/2.1.31/swagger-parser-safe-url-resolver-2.1.31.jar:/home/runner/work/apicurio-testing/apicurio-testing/clusters/ci419/namespaces/mysql/tests/integration/apicurio-registry/schema-util/wsdl/target/apicurio-registry-schema-util-wsdl-3.0.12-SNAPSHOT.jar:/home/runner/.m2/repository/wsdl4j/wsdl4j/1.6.3/wsdl4j-1.6.3.jar:/home/runner/work/apicurio-testing/apicurio-testing/clusters/ci419/namespaces/mysql/tests/integration/apicurio-registry/schema-util/xml/target/apicurio-registry-schema-util-xml-3.0.12-SNAPSHOT.jar:/home/runner/.m2/repository/org/apache/santuario/xmlsec/4.0.4/xmlsec-4.0.4.jar:/home/runner/.m2/repository/com/fasterxml/woodstox/woodstox-core/7.1.1/woodstox-core-7.1.1.jar:/home/runner/.m2/repository/org/codehaus/woodstox/stax2-api/4.2.2/stax2-api-4.2.2.jar:/home/runner/work/apicurio-testing/apicurio-testing/clusters/ci419/namespaces/mysql/tests/integration/apicurio-registry/schema-util/xsd/target/apicurio-registry-schema-util-xsd-3.0.12-SNAPSHOT.jar:/home/runner/work/apicurio-testing/apicurio-testing/clusters/ci419/namespaces/mysql/tests/integration/apicurio-registry/serdes/kafka/jsonschema-serde/target/apicurio-registry-jsonschema-serde-kafka-3.0.12-SNAPSHOT.jar:/home/runner/work/apicurio-testing/apicurio-testing/clusters/ci419/namespaces/mysql/tests/integration/apicurio-registry/serdes/kafka/serde-kafka-common/target/apicurio-registry-serde-kafka-common-3.0.12-SNAPSHOT.jar:/home/runner/work/apicurio-testing/apicurio-testing/clusters/ci419/namespaces/mysql/tests/integration/apicurio-registry/serdes/generic/serde-common/target/apicurio-registry-serde-common-3.0.12-SNAPSHOT.jar:/home/runner/work/apicurio-testing/apicurio-testing/clusters/ci419/namespaces/mysql/tests/integration/apicurio-registry/serdes/generic/serde-common-jsonschema/target/apicurio-registry-serde-common-jsonschema-3.0.12-SNAPSHOT.jar:/home/runner/.m2/repository/org/json/json/20250107/json-20250107.jar:/home/runner/work/apicurio-testing/apicurio-testing/clusters/ci419/namespaces/mysql/tests/integration/apicurio-registry/serdes/kafka/avro-serde/target/apicurio-registry-avro-serde-kafka-3.0.12-SNAPSHOT.jar:/home/runner/work/apicurio-testing/apicurio-testing/clusters/ci419/namespaces/mysql/tests/integration/apicurio-registry/serdes/generic/serde-common-avro/target/apicurio-registry-serde-common-avro-3.0.12-SNAPSHOT.jar:/home/runner/work/apicurio-testing/apicurio-testing/clusters/ci419/namespaces/mysql/tests/integration/apicurio-registry/serdes/kafka/protobuf-serde/target/apicurio-registry-protobuf-serde-kafka-3.0.12-SNAPSHOT.jar:/home/runner/work/apicurio-testing/apicurio-testing/clusters/ci419/namespaces/mysql/tests/integration/apicurio-registry/serdes/generic/serde-common-protobuf/target/apicurio-registry-serde-common-protobuf-3.0.12-SNAPSHOT.jar:/home/runner/.m2/repository/com/squareup/wire/wire-schema/5.3.3/wire-schema-5.3.3.jar:/home/runner/.m2/repository/com/squareup/wire/wire-runtime/5.3.3/wire-runtime-5.3.3.jar:/home/runner/work/apicurio-testing/apicurio-testing/clusters/ci419/namespaces/mysql/tests/integration/apicurio-registry/serdes/pulsar/avro-serde/target/apicurio-registry-avro-serde-pulsar-3.0.12-SNAPSHOT.jar:/home/runner/.m2/repository/org/apache/pulsar/pulsar-functions-api/3.3.8/pulsar-functions-api-3.3.8.jar:/home/runner/work/apicurio-testing/apicurio-testing/clusters/ci419/namespaces/mysql/tests/integration/apicurio-registry/serdes/nats/avro-serde/target/apicurio-registry-avro-serde-nats-3.0.12-SNAPSHOT.jar:/home/runner/.m2/repository/io/nats/jnats/2.21.4/jnats-2.21.4.jar:/home/runner/.m2/repository/org/bouncycastle/bcprov-lts8on/2.73.7/bcprov-lts8on-2.73.7.jar:/home/runner/.m2/repository/org/jetbrains/annotations/26.0.2/annotations-26.0.2.jar:/home/runner/work/apicurio-testing/apicurio-testing/clusters/ci419/namespaces/mysql/tests/integration/apicurio-registry/utils/converter/target/apicurio-registry-utils-converter-3.0.12-SNAPSHOT.jar:/home/runner/work/apicurio-testing/apicurio-testing/clusters/ci419/namespaces/mysql/tests/integration/apicurio-registry/schema-resolver/target/apicurio-registry-schema-resolver-3.0.12-SNAPSHOT.jar:/home/runner/.m2/repository/org/apache/kafka/connect-api/3.9.1/connect-api-3.9.1.jar:/home/runner/.m2/repository/javax/ws/rs/javax.ws.rs-api/2.1.1/javax.ws.rs-api-2.1.1.jar:/home/runner/.m2/repository/org/apache/kafka/connect-json/3.9.1/connect-json-3.9.1.jar:/home/runner/.m2/repository/com/fasterxml/jackson/datatype/jackson-datatype-jdk8/2.18.2/jackson-datatype-jdk8-2.18.2.jar:/home/runner/.m2/repository/com/fasterxml/jackson/module/jackson-module-afterburner/2.18.2/jackson-module-afterburner-2.18.2.jar:/home/runner/work/apicurio-testing/apicurio-testing/clusters/ci419/namespaces/mysql/tests/integration/apicurio-registry/utils/kafka/target/apicurio-registry-utils-kafka-3.0.12-SNAPSHOT.jar:/home/runner/.m2/repository/org/apache/pulsar/pulsar-client/3.3.8/pulsar-client-3.3.8.jar:/home/runner/.m2/repository/org/apache/pulsar/pulsar-client-api/3.3.8/pulsar-client-api-3.3.8.jar:/home/runner/.m2/repository/org/apache/pulsar/pulsar-client-admin-api/3.3.8/pulsar-client-admin-api-3.3.8.jar:/home/runner/.m2/repository/org/apache/pulsar/bouncy-castle-bc/3.3.8/bouncy-castle-bc-3.3.8-pkg.jar:/home/runner/.m2/repository/org/bouncycastle/bcpkix-jdk18on/1.81/bcpkix-jdk18on-1.81.jar:/home/runner/.m2/repository/org/bouncycastle/bcutil-jdk18on/1.81/bcutil-jdk18on-1.81.jar:/home/runner/.m2/repository/org/bouncycastle/bcprov-jdk18on/1.81/bcprov-jdk18on-1.81.jar:/home/runner/.m2/repository/io/opentelemetry/opentelemetry-api/1.44.1/opentelemetry-api-1.44.1.jar:/home/runner/.m2/repository/io/opentelemetry/opentelemetry-context/1.44.1/opentelemetry-context-1.44.1.jar:/home/runner/.m2/repository/io/opentelemetry/opentelemetry-api-incubator/1.44.1-alpha/opentelemetry-api-incubator-1.44.1-alpha.jar:/home/runner/.m2/repository/com/fasterxml/jackson/core/jackson-annotations/2.18.2/jackson-annotations-2.18.2.jar:/home/runner/.m2/repository/javax/validation/validation-api/1.1.0.Final/validation-api-1.1.0.Final.jar:/home/runner/.m2/repository/org/jspecify/jspecify/1.0.0/jspecify-1.0.0.jar:/home/runner/.m2/repository/org/apache/commons/commons-configuration2/2.12.0/commons-configuration2-2.12.0.jar:/home/runner/.m2/repository/commons-logging/commons-logging/1.3.5/commons-logging-1.3.5.jar:/home/runner/.m2/repository/org/apache/commons/commons-text/1.13.0/commons-text-1.13.0.jar:/home/runner/.m2/repository/io/confluent/kafka-avro-serializer/8.0.0/kafka-avro-serializer-8.0.0.jar:/home/runner/.m2/repository/org/apache/commons/commons-compress/1.27.1/commons-compress-1.27.1.jar:/home/runner/.m2/repository/io/confluent/kafka-schema-serializer/8.0.0/kafka-schema-serializer-8.0.0.jar:/home/runner/.m2/repository/com/fasterxml/jackson/dataformat/jackson-dataformat-csv/2.18.2/jackson-dataformat-csv-2.18.2.jar:/home/runner/.m2/repository/io/confluent/kafka-schema-registry-client/8.0.0/kafka-schema-registry-client-8.0.0.jar:/home/runner/.m2/repository/org/yaml/snakeyaml/2.3/snakeyaml-2.3.jar:/home/runner/.m2/repository/io/swagger/core/v3/swagger-annotations/2.2.29/swagger-annotations-2.2.29.jar:/home/runner/.m2/repository/com/google/guava/guava/33.4.0-jre/guava-33.4.0-jre.jar:/home/runner/.m2/repository/com/google/guava/failureaccess/1.0.1/failureaccess-1.0.1.jar:/home/runner/.m2/repository/org/checkerframework/checker-qual/3.49.0/checker-qual-3.49.0.jar:/home/runner/.m2/repository/io/confluent/logredactor/1.0.13/logredactor-1.0.13.jar:/home/runner/.m2/repository/com/google/re2j/re2j/1.6/re2j-1.6.jar:/home/runner/.m2/repository/io/confluent/logredactor-metrics/1.0.13/logredactor-metrics-1.0.13.jar:/home/runner/.m2/repository/com/eclipsesource/minimal-json/minimal-json/0.9.5/minimal-json-0.9.5.jar:/home/runner/.m2/repository/io/confluent/common-utils/8.0.0/common-utils-8.0.0.jar:/home/runner/.m2/repository/io/confluent/kafka-connect-avro-converter/8.0.0/kafka-connect-avro-converter-8.0.0.jar:/home/runner/.m2/repository/io/confluent/kafka-connect-avro-data/8.0.0/kafka-connect-avro-data-8.0.0.jar:/home/runner/.m2/repository/io/confluent/kafka-schema-converter/8.0.0/kafka-schema-converter-8.0.0.jar:/home/runner/.m2/repository/io/rest-assured/rest-assured/5.5.1/rest-assured-5.5.1.jar:/home/runner/.m2/repository/org/apache/groovy/groovy/4.0.22/groovy-4.0.22.jar:/home/runner/.m2/repository/org/apache/groovy/groovy-xml/4.0.22/groovy-xml-4.0.22.jar:/home/runner/.m2/repository/org/apache/httpcomponents/httpclient/4.5.14/httpclient-4.5.14.jar:/home/runner/.m2/repository/org/apache/httpcomponents/httpcore/4.4.16/httpcore-4.4.16.jar:/home/runner/.m2/repository/org/apache/httpcomponents/httpmime/4.5.14/httpmime-4.5.14.jar:/home/runner/.m2/repository/org/hamcrest/hamcrest/2.2/hamcrest-2.2.jar:/home/runner/.m2/repository/org/ccil/cowan/tagsoup/tagsoup/1.2.1/tagsoup-1.2.1.jar:/home/runner/.m2/repository/io/rest-assured/json-path/5.5.1/json-path-5.5.1.jar:/home/runner/.m2/repository/org/apache/groovy/groovy-json/4.0.22/groovy-json-4.0.22.jar:/home/runner/.m2/repository/io/rest-assured/rest-assured-common/5.5.1/rest-assured-common-5.5.1.jar:/home/runner/.m2/repository/io/rest-assured/xml-path/5.5.1/xml-path-5.5.1.jar:/home/runner/.m2/repository/io/zonky/test/embedded-postgres/2.1.0/embedded-postgres-2.1.0.jar:/home/runner/.m2/repository/io/zonky/test/postgres/embedded-postgres-binaries-windows-amd64/14.15.0/embedded-postgres-binaries-windows-amd64-14.15.0.jar:/home/runner/.m2/repository/io/zonky/test/postgres/embedded-postgres-binaries-darwin-amd64/14.15.0/embedded-postgres-binaries-darwin-amd64-14.15.0.jar:/home/runner/.m2/repository/io/zonky/test/postgres/embedded-postgres-binaries-linux-amd64/14.15.0/embedded-postgres-binaries-linux-amd64-14.15.0.jar:/home/runner/.m2/repository/io/zonky/test/postgres/embedded-postgres-binaries-linux-amd64-alpine/14.15.0/embedded-postgres-binaries-linux-amd64-alpine-14.15.0.jar:/home/runner/.m2/repository/org/apache/commons/commons-lang3/3.17.0/commons-lang3-3.17.0.jar:/home/runner/.m2/repository/org/tukaani/xz/1.10/xz-1.10.jar:/home/runner/.m2/repository/commons-codec/commons-codec/1.19.0/commons-codec-1.19.0.jar:/home/runner/.m2/repository/org/postgresql/postgresql/42.7.7/postgresql-42.7.7.jar:/home/runner/.m2/repository/commons-io/commons-io/2.18.0/commons-io-2.18.0.jar:/home/runner/work/apicurio-testing/apicurio-testing/clusters/ci419/namespaces/mysql/tests/integration/apicurio-registry/utils/importexport/target/apicurio-registry-utils-import-export-3.0.12-SNAPSHOT.jar:/home/runner/.m2/repository/io/vertx/vertx-core/4.5.16/vertx-core-4.5.16.jar:/home/runner/.m2/repository/io/netty/netty-common/4.1.121.Final/netty-common-4.1.121.Final.jar:/home/runner/.m2/repository/io/netty/netty-buffer/4.1.121.Final/netty-buffer-4.1.121.Final.jar:/home/runner/.m2/repository/io/netty/netty-transport/4.1.121.Final/netty-transport-4.1.121.Final.jar:/home/runner/.m2/repository/io/netty/netty-handler/4.1.121.Final/netty-handler-4.1.121.Final.jar:/home/runner/.m2/repository/io/netty/netty-transport-native-unix-common/4.1.121.Final/netty-transport-native-unix-common-4.1.121.Final.jar:/home/runner/.m2/repository/io/netty/netty-codec/4.1.121.Final/netty-codec-4.1.121.Final.jar:/home/runner/.m2/repository/io/netty/netty-handler-proxy/4.1.121.Final/netty-handler-proxy-4.1.121.Final.jar:/home/runner/.m2/repository/io/netty/netty-codec-socks/4.1.121.Final/netty-codec-socks-4.1.121.Final.jar:/home/runner/.m2/repository/io/netty/netty-codec-http/4.1.121.Final/netty-codec-http-4.1.121.Final.jar:/home/runner/.m2/repository/io/netty/netty-codec-http2/4.1.121.Final/netty-codec-http2-4.1.121.Final.jar:/home/runner/.m2/repository/io/netty/netty-resolver/4.1.121.Final/netty-resolver-4.1.121.Final.jar:/home/runner/.m2/repository/io/netty/netty-resolver-dns/4.1.121.Final/netty-resolver-dns-4.1.121.Final.jar:/home/runner/.m2/repository/io/netty/netty-codec-dns/4.1.121.Final/netty-codec-dns-4.1.121.Final.jar:/home/runner/.m2/repository/com/fasterxml/jackson/core/jackson-core/2.18.2/jackson-core-2.18.2.jar:"/>
    <property name="sun.cpu.endian" value="little"/>
    <property name="user.home" value="/home/runner"/>
    <property name="user.language" value="en"/>
    <property name="jboss.log-version" value="false"/>
    <property name="java.specification.vendor" value="Oracle Corporation"/>
    <property name="java.version.date" value="2025-07-15"/>
    <property name="java.home" value="/usr/lib/jvm/temurin-17-jdk-amd64"/>
    <property name="file.separator" value="/"/>
    <property name="basedir" value="/home/runner/work/apicurio-testing/apicurio-testing/clusters/ci419/namespaces/mysql/tests/integration/apicurio-registry/integration-tests"/>
    <property name="java.vm.compressedOopsMode" value="32-bit"/>
    <property name="line.separator" value="&#10;"/>
    <property name="java.specification.name" value="Java Platform API Specification"/>
    <property name="java.vm.specification.vendor" value="Oracle Corporation"/>
    <property name="quarkus.http.test-host" value="registry-app-mysql.apps.ci419.apicurio-testing.org"/>
    <property name="surefire.real.class.path" value="/home/runner/work/apicurio-testing/apicurio-testing/clusters/ci419/namespaces/mysql/tests/integration/apicurio-registry/integration-tests/target/surefire/surefirebooter-20250806185307154_3.jar"/>
    <property name="sun.management.compiler" value="HotSpot 64-Bit Tiered Compilers"/>
    <property name="org.eclipse.jetty.http.HttpGenerator.STRICT" value="true"/>
    <property name="java.runtime.version" value="17.0.16+8"/>
    <property name="user.name" value="runner"/>
    <property name="path.separator" value=":"/>
    <property name="os.version" value="6.8.0-1031-azure"/>
    <property name="java.runtime.name" value="OpenJDK Runtime Environment"/>
    <property name="file.encoding" value="UTF-8"/>
    <property name="jnidispatch.path" value="/home/runner/.cache/JNA/temp/jna15405902837126672261.tmp"/>
    <property name="java.vm.name" value="OpenJDK 64-Bit Server VM"/>
    <property name="jna.platform.library.path" value="/usr/lib/x86_64-linux-gnu:/lib/x86_64-linux-gnu:/usr/lib64:/lib64:/usr/lib:/lib:/lib32:/usr/local/lib:/usr/lib/x86_64-linux-gnu/libfakeroot"/>
    <property name="java.vendor.version" value="Temurin-17.0.16+8"/>
    <property name="quarkus.oidc.token-path" value="https://keycloak-mysql.apps.ci419.apicurio-testing.org/realms/registry/protocol/openid-connect/token"/>
    <property name="quarkus.http.host" value="registry-app-mysql.apps.ci419.apicurio-testing.org"/>
    <property name="localRepository" value="/home/runner/.m2/repository"/>
    <property name="javax.xml.xpath.XPathFactory:http://java.sun.com/jaxp/xpath/dom" value="com.sun.org.apache.xpath.internal.jaxp.XPathFactoryImpl"/>
    <property name="jna.loaded" value="true"/>
    <property name="java.vendor.url.bug" value="https://github.com/adoptium/adoptium-support/issues"/>
    <property name="jetty.git.hash" value="5bc5e562c8d05c5862505aebe5cf83a61bdbcb96"/>
    <property name="java.io.tmpdir" value="/tmp"/>
    <property name="quarkus.http.test-protocol" value="http"/>
    <property name="java.version" value="17.0.16"/>
    <property name="user.dir" value="/home/runner/work/apicurio-testing/apicurio-testing/clusters/ci419/namespaces/mysql/tests/integration/apicurio-registry/integration-tests"/>
    <property name="os.arch" value="amd64"/>
    <property name="groups" value="( smoke | serdes | acceptance | ui)"/>
    <property name="java.vm.specification.name" value="Java Virtual Machine Specification"/>
    <property name="native.encoding" value="UTF-8"/>
    <property name="java.util.logging.manager" value="org.jboss.logmanager.LogManager"/>
    <property name="java.library.path" value="/usr/java/packages/lib:/usr/lib64:/lib64:/lib:/usr/lib"/>
    <property name="jdk.console" value="java.base"/>
    <property name="java.vm.info" value="mixed mode, sharing"/>
    <property name="java.vendor" value="Eclipse Adoptium"/>
    <property name="java.vm.version" value="17.0.16+8"/>
    <property name="java.specification.maintenance.version" value="1"/>
    <property name="sun.io.unicode.encoding" value="UnicodeLittle"/>
    <property name="javax.xml.transform.TransformerFactory" value="com.sun.org.apache.xalan.internal.xsltc.trax.TransformerFactoryImpl"/>
    <property name="java.class.version" value="61.0"/>
  </properties>
  <testcase name="testGlobalIdInHeaders" classname="io.apicurio.tests.serdes.apicurio.AvroSerdeIT" time="6.548">
    <system-out><![CDATA[**** Registry Base URL: http://registry-app-mysql.apps.ci419.apicurio-testing.org:80
**** Registry Base URL: http://registry-app-mysql.apps.ci419.apicurio-testing.org:80
2025-08-06 18:53:21,112 INFO  [io.api.tes.ser.api.AvroSerdeIT] (main) RestAssured configured with http://registry-app-mysql.apps.ci419.apicurio-testing.org:80/apis/registry/v3
2025-08-06 18:53:21,112 INFO  [io.api.tes.uti.KafkaFacade] (main) Starting kafka container
2025-08-06 18:53:21,157 INFO  [org.tes.ima.PullPolicy] (main) Image pull policy will be performed by: DefaultPullPolicy()
2025-08-06 18:53:21,159 INFO  [org.tes.uti.ImageNameSubstitutor] (main) Image name substitution will be performed by: DefaultImageNameSubstitutor (composite of 'ConfigurationFileImageNameSubstitutor' and 'PrefixingImageNameSubstitutor')
2025-08-06 18:53:21,168 INFO  [org.tes.DockerClientFactory] (main) Testcontainers version: 1.20.6
2025-08-06 18:53:21,660 INFO  [org.tes.doc.DockerClientProviderStrategy] (main) Found Docker environment with local Unix socket (unix:///var/run/docker.sock)
2025-08-06 18:53:21,668 INFO  [org.tes.DockerClientFactory] (main) Docker host IP address is localhost
2025-08-06 18:53:21,691 INFO  [org.tes.DockerClientFactory] (main) Connected to docker: 
  Server Version: 28.0.4
  API Version: 1.48
  Operating System: Ubuntu 22.04.5 LTS
  Total Memory: 7944 MB
2025-08-06 18:53:21,733 INFO  [tc.tes.11.0] (main) Pulling docker image: testcontainers/ryuk:0.11.0. Please be patient; this may take some time but only needs to be done once.
2025-08-06 18:53:22,811 INFO  [tc.tes.11.0] (docker-java-stream--1295187651) Starting to pull image
2025-08-06 18:53:22,831 INFO  [tc.tes.11.0] (docker-java-stream--1295187651) Pulling image layers:  0 pending,  0 downloaded,  0 extracted, (0 bytes/0 bytes)
2025-08-06 18:53:23,412 INFO  [tc.tes.11.0] (docker-java-stream--1295187651) Pulling image layers:  2 pending,  1 downloaded,  0 extracted, (8 KB/? MB)
2025-08-06 18:53:23,678 INFO  [tc.tes.11.0] (docker-java-stream--1295187651) Pulling image layers:  1 pending,  2 downloaded,  0 extracted, (4 MB/? MB)
2025-08-06 18:53:23,796 INFO  [tc.tes.11.0] (docker-java-stream--1295187651) Pulling image layers:  1 pending,  2 downloaded,  1 extracted, (6 MB/? MB)
2025-08-06 18:53:23,966 INFO  [tc.tes.11.0] (docker-java-stream--1295187651) Pulling image layers:  0 pending,  3 downloaded,  1 extracted, (10 MB/10 MB)
2025-08-06 18:53:24,787 INFO  [tc.tes.11.0] (docker-java-stream--1295187651) Pulling image layers:  0 pending,  3 downloaded,  2 extracted, (10 MB/10 MB)
2025-08-06 18:53:24,847 INFO  [tc.tes.11.0] (docker-java-stream--1295187651) Pulling image layers:  0 pending,  3 downloaded,  3 extracted, (10 MB/10 MB)
2025-08-06 18:53:24,853 INFO  [tc.tes.11.0] (docker-java-stream--1295187651) Pull complete. 3 layers, pulled in 2s (downloaded 10 MB at 5 MB/s)
2025-08-06 18:53:24,853 INFO  [tc.tes.11.0] (main) Image testcontainers/ryuk:0.11.0 pull took PT3.119826145S
2025-08-06 18:53:24,875 INFO  [tc.tes.11.0] (main) Creating container for image: testcontainers/ryuk:0.11.0
2025-08-06 18:53:24,954 INFO  [tc.tes.11.0] (main) Container testcontainers/ryuk:0.11.0 is starting: 6456f3e2d879b9173d1d5dd9480ea67be57c9182b88e665c4c0e31aa2e26aac7
2025-08-06 18:53:25,231 INFO  [tc.tes.11.0] (main) Container testcontainers/ryuk:0.11.0 started in PT0.355547934S
2025-08-06 18:53:25,236 INFO  [org.tes.uti.RyukResourceReaper] (main) Ryuk started - will monitor and terminate Testcontainers containers on JVM exit
2025-08-06 18:53:25,236 INFO  [org.tes.DockerClientFactory] (main) Checking the system...
2025-08-06 18:53:25,237 INFO  [org.tes.DockerClientFactory] (main) ✔︎ Docker server version should be at least 1.6.0
2025-08-06 18:53:25,241 INFO  [io.str.tes.con.KafkaVersionService] (main) Latest release of Kafka is:LogicalKafkaVersionEntity{version='4.0.0', image='quay.io/strimzi-test-container/test-container:0.111.0-kafka-4.0.0'}
2025-08-06 18:53:25,242 INFO  [io.str.tes.con.KafkaVersionService] (main) Latest release of Kafka is:LogicalKafkaVersionEntity{version='4.0.0', image='quay.io/strimzi-test-container/test-container:0.111.0-kafka-4.0.0'}
2025-08-06 18:53:25,242 INFO  [io.str.tes.con.KafkaVersionService] (main) No Kafka version specified. Using latest release: 4.0.0
2025-08-06 18:53:25,248 INFO  [tc.qua.io/.111.0-k.0.0] (main) Pulling docker image: quay.io/strimzi-test-container/test-container:0.111.0-kafka-4.0.0. Please be patient; this may take some time but only needs to be done once.
2025-08-06 18:53:26,427 INFO  [tc.qua.io/.111.0-k.0.0] (docker-java-stream--29267298) Starting to pull image
2025-08-06 18:53:26,428 INFO  [tc.qua.io/.111.0-k.0.0] (docker-java-stream--29267298) Pulling image layers:  0 pending,  0 downloaded,  0 extracted, (0 bytes/0 bytes)
2025-08-06 18:53:27,279 INFO  [tc.qua.io/.111.0-k.0.0] (docker-java-stream--29267298) Pulling image layers:  6 pending,  1 downloaded,  0 extracted, (2 MB/? MB)
2025-08-06 18:53:27,555 INFO  [tc.qua.io/.111.0-k.0.0] (docker-java-stream--29267298) Pulling image layers:  5 pending,  2 downloaded,  0 extracted, (33 MB/? MB)
2025-08-06 18:53:27,604 INFO  [tc.qua.io/.111.0-k.0.0] (docker-java-stream--29267298) Pulling image layers:  4 pending,  3 downloaded,  0 extracted, (46 MB/? MB)
2025-08-06 18:53:27,930 INFO  [tc.qua.io/.111.0-k.0.0] (docker-java-stream--29267298) Pulling image layers:  3 pending,  4 downloaded,  0 extracted, (57 MB/? MB)
2025-08-06 18:53:28,254 INFO  [tc.qua.io/.111.0-k.0.0] (docker-java-stream--29267298) Pulling image layers:  2 pending,  5 downloaded,  0 extracted, (83 MB/? MB)
2025-08-06 18:53:28,784 INFO  [tc.qua.io/.111.0-k.0.0] (docker-java-stream--29267298) Pulling image layers:  1 pending,  6 downloaded,  0 extracted, (157 MB/? MB)
2025-08-06 18:53:28,845 INFO  [tc.qua.io/.111.0-k.0.0] (docker-java-stream--29267298) Pulling image layers:  1 pending,  6 downloaded,  1 extracted, (166 MB/? MB)
2025-08-06 18:53:30,578 INFO  [tc.qua.io/.111.0-k.0.0] (docker-java-stream--29267298) Pulling image layers:  0 pending,  7 downloaded,  1 extracted, (236 MB/249 MB)
2025-08-06 18:53:33,088 INFO  [tc.qua.io/.111.0-k.0.0] (docker-java-stream--29267298) Pulling image layers:  0 pending,  7 downloaded,  2 extracted, (241 MB/249 MB)
2025-08-06 18:53:33,125 INFO  [tc.qua.io/.111.0-k.0.0] (docker-java-stream--29267298) Pulling image layers:  0 pending,  7 downloaded,  3 extracted, (241 MB/249 MB)
2025-08-06 18:53:33,145 INFO  [tc.qua.io/.111.0-k.0.0] (docker-java-stream--29267298) Pulling image layers:  0 pending,  7 downloaded,  4 extracted, (241 MB/249 MB)
2025-08-06 18:53:33,902 INFO  [tc.qua.io/.111.0-k.0.0] (docker-java-stream--29267298) Pulling image layers:  0 pending,  7 downloaded,  5 extracted, (249 MB/249 MB)
2025-08-06 18:53:34,264 INFO  [tc.qua.io/.111.0-k.0.0] (docker-java-stream--29267298) Pulling image layers:  0 pending,  7 downloaded,  6 extracted, (249 MB/249 MB)
2025-08-06 18:53:34,282 INFO  [tc.qua.io/.111.0-k.0.0] (docker-java-stream--29267298) Pulling image layers:  0 pending,  7 downloaded,  7 extracted, (249 MB/249 MB)
2025-08-06 18:53:34,288 INFO  [tc.qua.io/.111.0-k.0.0] (main) Image quay.io/strimzi-test-container/test-container:0.111.0-kafka-4.0.0 pull took PT9.039801808S
2025-08-06 18:53:34,288 INFO  [tc.qua.io/.111.0-k.0.0] (docker-java-stream--29267298) Pull complete. 7 layers, pulled in 7s (downloaded 249 MB at 35 MB/s)
2025-08-06 18:53:34,292 INFO  [tc.qua.io/.111.0-k.0.0] (main) Creating container for image: quay.io/strimzi-test-container/test-container:0.111.0-kafka-4.0.0
2025-08-06 18:53:34,373 INFO  [tc.qua.io/.111.0-k.0.0] (main) Container quay.io/strimzi-test-container/test-container:0.111.0-kafka-4.0.0 is starting: c1b8715d264ae5f72d9b2bdc7c8daa03b2e57696f470f45ba47e9cafe909822f
2025-08-06 18:53:34,542 INFO  [io.str.tes.con.StrimziKafkaContainer] (main) Mapped port: 32769
2025-08-06 18:53:34,542 WARN  [io.str.tes.con.StrimziKafkaContainer] (main) Node ID is not set. Using broker ID 0 as the default node ID.
2025-08-06 18:53:34,543 INFO  [io.str.tes.con.StrimziKafkaContainer] (main) This is all advertised listeners for Kafka PLAINTEXT://localhost:32769,BROKER1://172.18.0.2:9091,CONTROLLER://broker-0:9094
2025-08-06 18:53:34,571 INFO  [io.str.tes.con.StrimziKafkaContainer] (main) New `cluster.id` has been generated: kF8Ua3WQTR-RR3LzMUds4A
2025-08-06 18:53:34,573 INFO  [io.str.tes.con.StrimziKafkaContainer] (main) Copying command to 'STARTER_SCRIPT' script.
2025-08-06 18:53:39,964 INFO  [tc.qua.io/.111.0-k.0.0] (main) Container quay.io/strimzi-test-container/test-container:0.111.0-kafka-4.0.0 started in PT5.672096856S
2025-08-06 18:53:39,966 INFO  [io.api.tes.uti.TestSeparator] (main) ############################################################################
2025-08-06 18:53:39,966 INFO  [io.api.tes.uti.TestSeparator] (main) io.apicurio.tests.serdes.apicurio.AvroSerdeIT.testGlobalIdInHeaders-STARTED
2025-08-06 18:53:39,984 INFO  [org.apa.kaf.cli.adm.AdminClientConfig] (main) AdminClientConfig values: 
	auto.include.jmx.reporter = true
	bootstrap.controllers = []
	bootstrap.servers = [PLAINTEXT://localhost:32769]
	client.dns.lookup = use_all_dns_ips
	client.id = 
	connections.max.idle.ms = 10000
	default.api.timeout.ms = 60000
	enable.metrics.push = true
	metadata.max.age.ms = 300000
	metadata.recovery.strategy = none
	metric.reporters = []
	metrics.num.samples = 2
	metrics.recording.level = INFO
	metrics.sample.window.ms = 30000
	receive.buffer.bytes = 65536
	reconnect.backoff.max.ms = 1000
	reconnect.backoff.ms = 50
	request.timeout.ms = 5000
	retries = 2147483647
	retry.backoff.max.ms = 1000
	retry.backoff.ms = 100
	sasl.client.callback.handler.class = null
	sasl.jaas.config = null
	sasl.kerberos.kinit.cmd = /usr/bin/kinit
	sasl.kerberos.min.time.before.relogin = 60000
	sasl.kerberos.service.name = null
	sasl.kerberos.ticket.renew.jitter = 0.05
	sasl.kerberos.ticket.renew.window.factor = 0.8
	sasl.login.callback.handler.class = null
	sasl.login.class = null
	sasl.login.connect.timeout.ms = null
	sasl.login.read.timeout.ms = null
	sasl.login.refresh.buffer.seconds = 300
	sasl.login.refresh.min.period.seconds = 60
	sasl.login.refresh.window.factor = 0.8
	sasl.login.refresh.window.jitter = 0.05
	sasl.login.retry.backoff.max.ms = 10000
	sasl.login.retry.backoff.ms = 100
	sasl.mechanism = GSSAPI
	sasl.oauthbearer.clock.skew.seconds = 30
	sasl.oauthbearer.expected.audience = null
	sasl.oauthbearer.expected.issuer = null
	sasl.oauthbearer.header.urlencode = false
	sasl.oauthbearer.jwks.endpoint.refresh.ms = 3600000
	sasl.oauthbearer.jwks.endpoint.retry.backoff.max.ms = 10000
	sasl.oauthbearer.jwks.endpoint.retry.backoff.ms = 100
	sasl.oauthbearer.jwks.endpoint.url = null
	sasl.oauthbearer.scope.claim.name = scope
	sasl.oauthbearer.sub.claim.name = sub
	sasl.oauthbearer.token.endpoint.url = null
	security.protocol = PLAINTEXT
	security.providers = null
	send.buffer.bytes = 131072
	socket.connection.setup.timeout.max.ms = 30000
	socket.connection.setup.timeout.ms = 10000
	ssl.cipher.suites = null
	ssl.enabled.protocols = [TLSv1.2, TLSv1.3]
	ssl.endpoint.identification.algorithm = https
	ssl.engine.factory.class = null
	ssl.key.password = null
	ssl.keymanager.algorithm = SunX509
	ssl.keystore.certificate.chain = null
	ssl.keystore.key = null
	ssl.keystore.location = null
	ssl.keystore.password = null
	ssl.keystore.type = JKS
	ssl.protocol = TLSv1.3
	ssl.provider = null
	ssl.secure.random.implementation = null
	ssl.trustmanager.algorithm = PKIX
	ssl.truststore.certificates = null
	ssl.truststore.location = null
	ssl.truststore.password = null
	ssl.truststore.type = JKS

2025-08-06 18:53:40,302 INFO  [org.apa.kaf.com.uti.AppInfoParser] (main) Kafka version: 3.9.1
2025-08-06 18:53:40,302 INFO  [org.apa.kaf.com.uti.AppInfoParser] (main) Kafka commitId: f745dfdcee2b9851
2025-08-06 18:53:40,302 INFO  [org.apa.kaf.com.uti.AppInfoParser] (main) Kafka startTimeMs: 1754506420300
**** Registry Base URL: http://registry-app-mysql.apps.ci419.apicurio-testing.org:80
2025-08-06 18:53:40,366 INFO  [org.apa.kaf.cli.pro.ProducerConfig] (main) ProducerConfig values: 
	acks = -1
	auto.include.jmx.reporter = true
	batch.size = 16384
	bootstrap.servers = [PLAINTEXT://localhost:32769]
	buffer.memory = 33554432
	client.dns.lookup = use_all_dns_ips
	client.id = Producer-topic-672a5eba_697b_4a0e_98f2_31b1427d5b4a
	compression.gzip.level = -1
	compression.lz4.level = 9
	compression.type = none
	compression.zstd.level = 3
	connections.max.idle.ms = 10000
	delivery.timeout.ms = 120000
	enable.idempotence = true
	enable.metrics.push = true
	interceptor.classes = []
	key.serializer = class org.apache.kafka.common.serialization.StringSerializer
	linger.ms = 0
	max.block.ms = 60000
	max.in.flight.requests.per.connection = 5
	max.request.size = 1048576
	metadata.max.age.ms = 300000
	metadata.max.idle.ms = 300000
	metadata.recovery.strategy = none
	metric.reporters = []
	metrics.num.samples = 2
	metrics.recording.level = INFO
	metrics.sample.window.ms = 30000
	partitioner.adaptive.partitioning.enable = true
	partitioner.availability.timeout.ms = 0
	partitioner.class = null
	partitioner.ignore.keys = false
	receive.buffer.bytes = 32768
	reconnect.backoff.max.ms = 1000
	reconnect.backoff.ms = 50
	request.timeout.ms = 5000
	retries = 2147483647
	retry.backoff.max.ms = 1000
	retry.backoff.ms = 100
	sasl.client.callback.handler.class = null
	sasl.jaas.config = null
	sasl.kerberos.kinit.cmd = /usr/bin/kinit
	sasl.kerberos.min.time.before.relogin = 60000
	sasl.kerberos.service.name = null
	sasl.kerberos.ticket.renew.jitter = 0.05
	sasl.kerberos.ticket.renew.window.factor = 0.8
	sasl.login.callback.handler.class = null
	sasl.login.class = null
	sasl.login.connect.timeout.ms = null
	sasl.login.read.timeout.ms = null
	sasl.login.refresh.buffer.seconds = 300
	sasl.login.refresh.min.period.seconds = 60
	sasl.login.refresh.window.factor = 0.8
	sasl.login.refresh.window.jitter = 0.05
	sasl.login.retry.backoff.max.ms = 10000
	sasl.login.retry.backoff.ms = 100
	sasl.mechanism = GSSAPI
	sasl.oauthbearer.clock.skew.seconds = 30
	sasl.oauthbearer.expected.audience = null
	sasl.oauthbearer.expected.issuer = null
	sasl.oauthbearer.header.urlencode = false
	sasl.oauthbearer.jwks.endpoint.refresh.ms = 3600000
	sasl.oauthbearer.jwks.endpoint.retry.backoff.max.ms = 10000
	sasl.oauthbearer.jwks.endpoint.retry.backoff.ms = 100
	sasl.oauthbearer.jwks.endpoint.url = null
	sasl.oauthbearer.scope.claim.name = scope
	sasl.oauthbearer.sub.claim.name = sub
	sasl.oauthbearer.token.endpoint.url = null
	security.protocol = PLAINTEXT
	security.providers = null
	send.buffer.bytes = 131072
	socket.connection.setup.timeout.max.ms = 30000
	socket.connection.setup.timeout.ms = 10000
	ssl.cipher.suites = null
	ssl.enabled.protocols = [TLSv1.2, TLSv1.3]
	ssl.endpoint.identification.algorithm = https
	ssl.engine.factory.class = null
	ssl.key.password = null
	ssl.keymanager.algorithm = SunX509
	ssl.keystore.certificate.chain = null
	ssl.keystore.key = null
	ssl.keystore.location = null
	ssl.keystore.password = null
	ssl.keystore.type = JKS
	ssl.protocol = TLSv1.3
	ssl.provider = null
	ssl.secure.random.implementation = null
	ssl.trustmanager.algorithm = PKIX
	ssl.truststore.certificates = null
	ssl.truststore.location = null
	ssl.truststore.password = null
	ssl.truststore.type = JKS
	transaction.timeout.ms = 60000
	transactional.id = null
	value.serializer = class io.apicurio.registry.serde.avro.AvroKafkaSerializer

2025-08-06 18:53:40,413 INFO  [org.apa.kaf.com.tel.int.KafkaMetricsCollector] (main) initializing Kafka metrics collector
2025-08-06 18:53:40,445 INFO  [org.apa.kaf.cli.pro.KafkaProducer] (main) [Producer clientId=Producer-topic-672a5eba_697b_4a0e_98f2_31b1427d5b4a] Instantiated an idempotent producer.
2025-08-06 18:53:40,478 INFO  [org.apa.kaf.cli.pro.ProducerConfig] (main) These configurations '[apicurio.registry.url, apicurio.registry.auto-register, apicurio.registry.use-id, apicurio.registry.artifact-resolver-strategy]' were supplied but are not used yet.
2025-08-06 18:53:40,478 INFO  [org.apa.kaf.com.uti.AppInfoParser] (main) Kafka version: 3.9.1
2025-08-06 18:53:40,478 INFO  [org.apa.kaf.com.uti.AppInfoParser] (main) Kafka commitId: f745dfdcee2b9851
2025-08-06 18:53:40,478 INFO  [org.apa.kaf.com.uti.AppInfoParser] (main) Kafka startTimeMs: 1754506420478
2025-08-06 18:53:40,479 INFO  [io.api.tes.ser.api.SimpleSerdesTesterBuilder$SimpleSerdesTester] (main) Using producer configuration: {apicurio.registry.url=http://registry-app-mysql.apps.ci419.apicurio-testing.org:80/apis/registry/v3, apicurio.registry.auto-register=true, apicurio.registry.use-id=globalId, apicurio.registry.artifact-resolver-strategy=io.apicurio.registry.serde.strategy.TopicIdStrategy, value.serializer=io.apicurio.registry.serde.avro.AvroKafkaSerializer, request.timeout.ms=5000, acks=all, bootstrap.servers=PLAINTEXT://localhost:32769, connections.max.idle.ms=10000, key.serializer=org.apache.kafka.common.serialization.StringSerializer, client.id=Producer-topic-672a5eba_697b_4a0e_98f2_31b1427d5b4a}
2025-08-06 18:53:40,479 INFO  [io.api.tes.ser.api.SimpleSerdesTesterBuilder$SimpleSerdesTester] (main) Using consumer configuration: {apicurio.registry.use-id=globalId}
2025-08-06 18:53:40,486 INFO  [io.api.tes.ser.api.KafkaSerdesTester] (Thread-600) Sending message {"key11754506420339": "value-0"} to topic topic-672a5eba_697b_4a0e_98f2_31b1427d5b4a
2025-08-06 18:53:40,817 WARN  [org.apa.kaf.cli.NetworkClient] (kafka-producer-network-thread | Producer-topic-672a5eba_697b_4a0e_98f2_31b1427d5b4a) [Producer clientId=Producer-topic-672a5eba_697b_4a0e_98f2_31b1427d5b4a] The metadata response from the cluster reported a recoverable issue with correlation id 1 : {topic-672a5eba_697b_4a0e_98f2_31b1427d5b4a=UNKNOWN_TOPIC_OR_PARTITION}
2025-08-06 18:53:40,823 INFO  [org.apa.kaf.cli.Metadata] (kafka-producer-network-thread | Producer-topic-672a5eba_697b_4a0e_98f2_31b1427d5b4a) [Producer clientId=Producer-topic-672a5eba_697b_4a0e_98f2_31b1427d5b4a] Cluster ID: kF8Ua3WQTR-RR3LzMUds4A
2025-08-06 18:53:40,944 INFO  [org.apa.kaf.cli.pro.int.TransactionManager] (kafka-producer-network-thread | Producer-topic-672a5eba_697b_4a0e_98f2_31b1427d5b4a) [Producer clientId=Producer-topic-672a5eba_697b_4a0e_98f2_31b1427d5b4a] ProducerId set to 0 with epoch 0
2025-08-06 18:53:41,285 INFO  [io.api.tes.ser.api.KafkaSerdesTester] (Thread-600) Sending message {"key11754506420339": "value-1"} to topic topic-672a5eba_697b_4a0e_98f2_31b1427d5b4a
2025-08-06 18:53:41,303 INFO  [io.api.tes.ser.api.KafkaSerdesTester] (Thread-600) Sending message {"key11754506420339": "value-2"} to topic topic-672a5eba_697b_4a0e_98f2_31b1427d5b4a
2025-08-06 18:53:41,312 INFO  [io.api.tes.ser.api.KafkaSerdesTester] (Thread-600) Sending message {"key11754506420339": "value-3"} to topic topic-672a5eba_697b_4a0e_98f2_31b1427d5b4a
2025-08-06 18:53:41,321 INFO  [io.api.tes.ser.api.KafkaSerdesTester] (Thread-600) Sending message {"key11754506420339": "value-4"} to topic topic-672a5eba_697b_4a0e_98f2_31b1427d5b4a
2025-08-06 18:53:41,333 INFO  [io.api.tes.ser.api.KafkaSerdesTester] (Thread-600) Sending message {"key11754506420339": "value-5"} to topic topic-672a5eba_697b_4a0e_98f2_31b1427d5b4a
2025-08-06 18:53:41,346 INFO  [io.api.tes.ser.api.KafkaSerdesTester] (Thread-600) Sending message {"key11754506420339": "value-6"} to topic topic-672a5eba_697b_4a0e_98f2_31b1427d5b4a
2025-08-06 18:53:41,356 INFO  [io.api.tes.ser.api.KafkaSerdesTester] (Thread-600) Sending message {"key11754506420339": "value-7"} to topic topic-672a5eba_697b_4a0e_98f2_31b1427d5b4a
2025-08-06 18:53:41,361 INFO  [io.api.tes.ser.api.KafkaSerdesTester] (Thread-600) Sending message {"key11754506420339": "value-8"} to topic topic-672a5eba_697b_4a0e_98f2_31b1427d5b4a
2025-08-06 18:53:41,369 INFO  [io.api.tes.ser.api.KafkaSerdesTester] (Thread-600) Sending message {"key11754506420339": "value-9"} to topic topic-672a5eba_697b_4a0e_98f2_31b1427d5b4a
2025-08-06 18:53:41,374 INFO  [io.api.tes.ser.api.KafkaSerdesTester] (Thread-600) Produced 10 messages
2025-08-06 18:53:41,377 INFO  [org.apa.kaf.cli.pro.KafkaProducer] (Thread-600) [Producer clientId=Producer-topic-672a5eba_697b_4a0e_98f2_31b1427d5b4a] Closing the Kafka producer with timeoutMillis = 9223372036854775807 ms.
2025-08-06 18:53:41,397 INFO  [org.apa.kaf.com.met.Metrics] (Thread-600) Metrics scheduler closed
2025-08-06 18:53:41,398 INFO  [org.apa.kaf.com.met.Metrics] (Thread-600) Closing reporter org.apache.kafka.common.metrics.JmxReporter
2025-08-06 18:53:41,398 INFO  [org.apa.kaf.com.met.Metrics] (Thread-600) Closing reporter org.apache.kafka.common.telemetry.internals.ClientTelemetryReporter
2025-08-06 18:53:41,399 INFO  [org.apa.kaf.com.met.Metrics] (Thread-600) Metrics reporters closed
2025-08-06 18:53:41,401 INFO  [org.apa.kaf.com.uti.AppInfoParser] (Thread-600) App info kafka.producer for Producer-topic-672a5eba_697b_4a0e_98f2_31b1427d5b4a unregistered
**** Registry Base URL: http://registry-app-mysql.apps.ci419.apicurio-testing.org:80
2025-08-06 18:53:41,705 INFO  [org.apa.kaf.cli.con.ConsumerConfig] (main) ConsumerConfig values: 
	allow.auto.create.topics = true
	auto.commit.interval.ms = 500
	auto.include.jmx.reporter = true
	auto.offset.reset = earliest
	bootstrap.servers = [PLAINTEXT://localhost:32769]
	check.crcs = true
	client.dns.lookup = use_all_dns_ips
	client.id = consumer-Consumer-topic-672a5eba_697b_4a0e_98f2_31b1427d5b4a-1
	client.rack = 
	connections.max.idle.ms = 10000
	default.api.timeout.ms = 60000
	enable.auto.commit = true
	enable.metrics.push = true
	exclude.internal.topics = true
	fetch.max.bytes = 52428800
	fetch.max.wait.ms = 500
	fetch.min.bytes = 1
	group.id = Consumer-topic-672a5eba_697b_4a0e_98f2_31b1427d5b4a
	group.instance.id = null
	group.protocol = classic
	group.remote.assignor = null
	heartbeat.interval.ms = 3000
	interceptor.classes = []
	internal.leave.group.on.close = true
	internal.throw.on.fetch.stable.offset.unsupported = false
	isolation.level = read_uncommitted
	key.deserializer = class org.apache.kafka.common.serialization.StringDeserializer
	max.partition.fetch.bytes = 1048576
	max.poll.interval.ms = 300000
	max.poll.records = 500
	metadata.max.age.ms = 300000
	metadata.recovery.strategy = none
	metric.reporters = []
	metrics.num.samples = 2
	metrics.recording.level = INFO
	metrics.sample.window.ms = 30000
	partition.assignment.strategy = [class org.apache.kafka.clients.consumer.RangeAssignor, class org.apache.kafka.clients.consumer.CooperativeStickyAssignor]
	receive.buffer.bytes = 65536
	reconnect.backoff.max.ms = 1000
	reconnect.backoff.ms = 50
	request.timeout.ms = 5000
	retry.backoff.max.ms = 1000
	retry.backoff.ms = 100
	sasl.client.callback.handler.class = null
	sasl.jaas.config = null
	sasl.kerberos.kinit.cmd = /usr/bin/kinit
	sasl.kerberos.min.time.before.relogin = 60000
	sasl.kerberos.service.name = null
	sasl.kerberos.ticket.renew.jitter = 0.05
	sasl.kerberos.ticket.renew.window.factor = 0.8
	sasl.login.callback.handler.class = null
	sasl.login.class = null
	sasl.login.connect.timeout.ms = null
	sasl.login.read.timeout.ms = null
	sasl.login.refresh.buffer.seconds = 300
	sasl.login.refresh.min.period.seconds = 60
	sasl.login.refresh.window.factor = 0.8
	sasl.login.refresh.window.jitter = 0.05
	sasl.login.retry.backoff.max.ms = 10000
	sasl.login.retry.backoff.ms = 100
	sasl.mechanism = GSSAPI
	sasl.oauthbearer.clock.skew.seconds = 30
	sasl.oauthbearer.expected.audience = null
	sasl.oauthbearer.expected.issuer = null
	sasl.oauthbearer.header.urlencode = false
	sasl.oauthbearer.jwks.endpoint.refresh.ms = 3600000
	sasl.oauthbearer.jwks.endpoint.retry.backoff.max.ms = 10000
	sasl.oauthbearer.jwks.endpoint.retry.backoff.ms = 100
	sasl.oauthbearer.jwks.endpoint.url = null
	sasl.oauthbearer.scope.claim.name = scope
	sasl.oauthbearer.sub.claim.name = sub
	sasl.oauthbearer.token.endpoint.url = null
	security.protocol = PLAINTEXT
	security.providers = null
	send.buffer.bytes = 131072
	session.timeout.ms = 45000
	socket.connection.setup.timeout.max.ms = 30000
	socket.connection.setup.timeout.ms = 10000
	ssl.cipher.suites = null
	ssl.enabled.protocols = [TLSv1.2, TLSv1.3]
	ssl.endpoint.identification.algorithm = https
	ssl.engine.factory.class = null
	ssl.key.password = null
	ssl.keymanager.algorithm = SunX509
	ssl.keystore.certificate.chain = null
	ssl.keystore.key = null
	ssl.keystore.location = null
	ssl.keystore.password = null
	ssl.keystore.type = JKS
	ssl.protocol = TLSv1.3
	ssl.provider = null
	ssl.secure.random.implementation = null
	ssl.trustmanager.algorithm = PKIX
	ssl.truststore.certificates = null
	ssl.truststore.location = null
	ssl.truststore.password = null
	ssl.truststore.type = JKS
	value.deserializer = class io.apicurio.registry.serde.avro.AvroKafkaDeserializer

2025-08-06 18:53:41,715 INFO  [org.apa.kaf.com.tel.int.KafkaMetricsCollector] (main) initializing Kafka metrics collector
2025-08-06 18:53:41,767 INFO  [org.apa.kaf.cli.con.ConsumerConfig] (main) These configurations '[apicurio.registry.url, apicurio.registry.use-id]' were supplied but are not used yet.
2025-08-06 18:53:41,768 INFO  [org.apa.kaf.com.uti.AppInfoParser] (main) Kafka version: 3.9.1
2025-08-06 18:53:41,768 INFO  [org.apa.kaf.com.uti.AppInfoParser] (main) Kafka commitId: f745dfdcee2b9851
2025-08-06 18:53:41,768 INFO  [org.apa.kaf.com.uti.AppInfoParser] (main) Kafka startTimeMs: 1754506421768
2025-08-06 18:53:41,772 INFO  [org.apa.kaf.cli.con.int.ClassicKafkaConsumer] (Thread-603) [Consumer clientId=consumer-Consumer-topic-672a5eba_697b_4a0e_98f2_31b1427d5b4a-1, groupId=Consumer-topic-672a5eba_697b_4a0e_98f2_31b1427d5b4a] Subscribed to topic(s): topic-672a5eba_697b_4a0e_98f2_31b1427d5b4a
2025-08-06 18:53:41,795 INFO  [org.apa.kaf.cli.Metadata] (Thread-603) [Consumer clientId=consumer-Consumer-topic-672a5eba_697b_4a0e_98f2_31b1427d5b4a-1, groupId=Consumer-topic-672a5eba_697b_4a0e_98f2_31b1427d5b4a] Cluster ID: kF8Ua3WQTR-RR3LzMUds4A
2025-08-06 18:53:41,937 INFO  [org.apa.kaf.cli.con.int.ConsumerCoordinator] (Thread-603) [Consumer clientId=consumer-Consumer-topic-672a5eba_697b_4a0e_98f2_31b1427d5b4a-1, groupId=Consumer-topic-672a5eba_697b_4a0e_98f2_31b1427d5b4a] Discovered group coordinator localhost:32769 (id: 2147483647 rack: null)
2025-08-06 18:53:41,961 INFO  [org.apa.kaf.cli.con.int.ConsumerCoordinator] (Thread-603) [Consumer clientId=consumer-Consumer-topic-672a5eba_697b_4a0e_98f2_31b1427d5b4a-1, groupId=Consumer-topic-672a5eba_697b_4a0e_98f2_31b1427d5b4a] (Re-)joining group
2025-08-06 18:53:42,035 INFO  [org.apa.kaf.cli.con.int.ConsumerCoordinator] (Thread-603) [Consumer clientId=consumer-Consumer-topic-672a5eba_697b_4a0e_98f2_31b1427d5b4a-1, groupId=Consumer-topic-672a5eba_697b_4a0e_98f2_31b1427d5b4a] Group coordinator localhost:32769 (id: 2147483647 rack: null) is unavailable or invalid due to cause: error response NOT_COORDINATOR. isDisconnected: false. Rediscovery will be attempted.
2025-08-06 18:53:42,035 INFO  [org.apa.kaf.cli.con.int.ConsumerCoordinator] (Thread-603) [Consumer clientId=consumer-Consumer-topic-672a5eba_697b_4a0e_98f2_31b1427d5b4a-1, groupId=Consumer-topic-672a5eba_697b_4a0e_98f2_31b1427d5b4a] Requesting disconnect from last known coordinator localhost:32769 (id: 2147483647 rack: null)
2025-08-06 18:53:42,036 INFO  [org.apa.kaf.cli.con.int.ConsumerCoordinator] (Thread-603) [Consumer clientId=consumer-Consumer-topic-672a5eba_697b_4a0e_98f2_31b1427d5b4a-1, groupId=Consumer-topic-672a5eba_697b_4a0e_98f2_31b1427d5b4a] JoinGroup failed: This is not the correct coordinator. Marking coordinator unknown. Sent generation was Generation{generationId=-1, memberId='', protocol='null'}
2025-08-06 18:53:42,036 INFO  [org.apa.kaf.cli.NetworkClient] (Thread-603) [Consumer clientId=consumer-Consumer-topic-672a5eba_697b_4a0e_98f2_31b1427d5b4a-1, groupId=Consumer-topic-672a5eba_697b_4a0e_98f2_31b1427d5b4a] Client requested disconnect from node 2147483647
2025-08-06 18:53:42,041 INFO  [org.apa.kaf.cli.con.int.ConsumerCoordinator] (Thread-603) [Consumer clientId=consumer-Consumer-topic-672a5eba_697b_4a0e_98f2_31b1427d5b4a-1, groupId=Consumer-topic-672a5eba_697b_4a0e_98f2_31b1427d5b4a] Discovered group coordinator localhost:32769 (id: 2147483647 rack: null)
2025-08-06 18:53:42,042 INFO  [org.apa.kaf.cli.con.int.ConsumerCoordinator] (Thread-603) [Consumer clientId=consumer-Consumer-topic-672a5eba_697b_4a0e_98f2_31b1427d5b4a-1, groupId=Consumer-topic-672a5eba_697b_4a0e_98f2_31b1427d5b4a] Group coordinator localhost:32769 (id: 2147483647 rack: null) is unavailable or invalid due to cause: coordinator unavailable. isDisconnected: false. Rediscovery will be attempted.
2025-08-06 18:53:42,042 INFO  [org.apa.kaf.cli.con.int.ConsumerCoordinator] (Thread-603) [Consumer clientId=consumer-Consumer-topic-672a5eba_697b_4a0e_98f2_31b1427d5b4a-1, groupId=Consumer-topic-672a5eba_697b_4a0e_98f2_31b1427d5b4a] Requesting disconnect from last known coordinator localhost:32769 (id: 2147483647 rack: null)
2025-08-06 18:53:42,164 INFO  [org.apa.kaf.cli.con.int.ConsumerCoordinator] (Thread-603) [Consumer clientId=consumer-Consumer-topic-672a5eba_697b_4a0e_98f2_31b1427d5b4a-1, groupId=Consumer-topic-672a5eba_697b_4a0e_98f2_31b1427d5b4a] Discovered group coordinator localhost:32769 (id: 2147483647 rack: null)
2025-08-06 18:53:42,166 INFO  [org.apa.kaf.cli.con.int.ConsumerCoordinator] (Thread-603) [Consumer clientId=consumer-Consumer-topic-672a5eba_697b_4a0e_98f2_31b1427d5b4a-1, groupId=Consumer-topic-672a5eba_697b_4a0e_98f2_31b1427d5b4a] Request joining group due to: rebalance failed due to 'This is not the correct coordinator.' (NotCoordinatorException)
2025-08-06 18:53:42,167 INFO  [org.apa.kaf.cli.con.int.ConsumerCoordinator] (Thread-603) [Consumer clientId=consumer-Consumer-topic-672a5eba_697b_4a0e_98f2_31b1427d5b4a-1, groupId=Consumer-topic-672a5eba_697b_4a0e_98f2_31b1427d5b4a] (Re-)joining group
2025-08-06 18:53:42,176 INFO  [org.apa.kaf.cli.con.int.ConsumerCoordinator] (Thread-603) [Consumer clientId=consumer-Consumer-topic-672a5eba_697b_4a0e_98f2_31b1427d5b4a-1, groupId=Consumer-topic-672a5eba_697b_4a0e_98f2_31b1427d5b4a] Group coordinator localhost:32769 (id: 2147483647 rack: null) is unavailable or invalid due to cause: error response NOT_COORDINATOR. isDisconnected: false. Rediscovery will be attempted.
2025-08-06 18:53:42,176 INFO  [org.apa.kaf.cli.con.int.ConsumerCoordinator] (Thread-603) [Consumer clientId=consumer-Consumer-topic-672a5eba_697b_4a0e_98f2_31b1427d5b4a-1, groupId=Consumer-topic-672a5eba_697b_4a0e_98f2_31b1427d5b4a] Requesting disconnect from last known coordinator localhost:32769 (id: 2147483647 rack: null)
2025-08-06 18:53:42,179 INFO  [org.apa.kaf.cli.con.int.ConsumerCoordinator] (Thread-603) [Consumer clientId=consumer-Consumer-topic-672a5eba_697b_4a0e_98f2_31b1427d5b4a-1, groupId=Consumer-topic-672a5eba_697b_4a0e_98f2_31b1427d5b4a] JoinGroup failed: This is not the correct coordinator. Marking coordinator unknown. Sent generation was Generation{generationId=-1, memberId='', protocol='null'}
2025-08-06 18:53:42,180 INFO  [org.apa.kaf.cli.NetworkClient] (Thread-603) [Consumer clientId=consumer-Consumer-topic-672a5eba_697b_4a0e_98f2_31b1427d5b4a-1, groupId=Consumer-topic-672a5eba_697b_4a0e_98f2_31b1427d5b4a] Client requested disconnect from node 2147483647
2025-08-06 18:53:42,188 INFO  [org.apa.kaf.cli.con.int.ConsumerCoordinator] (Thread-603) [Consumer clientId=consumer-Consumer-topic-672a5eba_697b_4a0e_98f2_31b1427d5b4a-1, groupId=Consumer-topic-672a5eba_697b_4a0e_98f2_31b1427d5b4a] Discovered group coordinator localhost:32769 (id: 2147483647 rack: null)
2025-08-06 18:53:42,189 INFO  [org.apa.kaf.cli.con.int.ConsumerCoordinator] (Thread-603) [Consumer clientId=consumer-Consumer-topic-672a5eba_697b_4a0e_98f2_31b1427d5b4a-1, groupId=Consumer-topic-672a5eba_697b_4a0e_98f2_31b1427d5b4a] Group coordinator localhost:32769 (id: 2147483647 rack: null) is unavailable or invalid due to cause: coordinator unavailable. isDisconnected: false. Rediscovery will be attempted.
2025-08-06 18:53:42,189 INFO  [org.apa.kaf.cli.con.int.ConsumerCoordinator] (Thread-603) [Consumer clientId=consumer-Consumer-topic-672a5eba_697b_4a0e_98f2_31b1427d5b4a-1, groupId=Consumer-topic-672a5eba_697b_4a0e_98f2_31b1427d5b4a] Requesting disconnect from last known coordinator localhost:32769 (id: 2147483647 rack: null)
2025-08-06 18:53:42,286 INFO  [org.apa.kaf.cli.con.int.ConsumerCoordinator] (Thread-603) [Consumer clientId=consumer-Consumer-topic-672a5eba_697b_4a0e_98f2_31b1427d5b4a-1, groupId=Consumer-topic-672a5eba_697b_4a0e_98f2_31b1427d5b4a] Discovered group coordinator localhost:32769 (id: 2147483647 rack: null)
2025-08-06 18:53:42,292 INFO  [org.apa.kaf.cli.con.int.ConsumerCoordinator] (Thread-603) [Consumer clientId=consumer-Consumer-topic-672a5eba_697b_4a0e_98f2_31b1427d5b4a-1, groupId=Consumer-topic-672a5eba_697b_4a0e_98f2_31b1427d5b4a] Request joining group due to: rebalance failed due to 'This is not the correct coordinator.' (NotCoordinatorException)
2025-08-06 18:53:42,292 INFO  [org.apa.kaf.cli.con.int.ConsumerCoordinator] (Thread-603) [Consumer clientId=consumer-Consumer-topic-672a5eba_697b_4a0e_98f2_31b1427d5b4a-1, groupId=Consumer-topic-672a5eba_697b_4a0e_98f2_31b1427d5b4a] (Re-)joining group
2025-08-06 18:53:42,301 INFO  [org.apa.kaf.cli.con.int.ConsumerCoordinator] (Thread-603) [Consumer clientId=consumer-Consumer-topic-672a5eba_697b_4a0e_98f2_31b1427d5b4a-1, groupId=Consumer-topic-672a5eba_697b_4a0e_98f2_31b1427d5b4a] Group coordinator localhost:32769 (id: 2147483647 rack: null) is unavailable or invalid due to cause: error response NOT_COORDINATOR. isDisconnected: false. Rediscovery will be attempted.
2025-08-06 18:53:42,301 INFO  [org.apa.kaf.cli.con.int.ConsumerCoordinator] (Thread-603) [Consumer clientId=consumer-Consumer-topic-672a5eba_697b_4a0e_98f2_31b1427d5b4a-1, groupId=Consumer-topic-672a5eba_697b_4a0e_98f2_31b1427d5b4a] Requesting disconnect from last known coordinator localhost:32769 (id: 2147483647 rack: null)
2025-08-06 18:53:42,301 INFO  [org.apa.kaf.cli.con.int.ConsumerCoordinator] (Thread-603) [Consumer clientId=consumer-Consumer-topic-672a5eba_697b_4a0e_98f2_31b1427d5b4a-1, groupId=Consumer-topic-672a5eba_697b_4a0e_98f2_31b1427d5b4a] JoinGroup failed: This is not the correct coordinator. Marking coordinator unknown. Sent generation was Generation{generationId=-1, memberId='', protocol='null'}
2025-08-06 18:53:42,301 INFO  [org.apa.kaf.cli.NetworkClient] (Thread-603) [Consumer clientId=consumer-Consumer-topic-672a5eba_697b_4a0e_98f2_31b1427d5b4a-1, groupId=Consumer-topic-672a5eba_697b_4a0e_98f2_31b1427d5b4a] Client requested disconnect from node 2147483647
2025-08-06 18:53:42,311 INFO  [org.apa.kaf.cli.con.int.ConsumerCoordinator] (Thread-603) [Consumer clientId=consumer-Consumer-topic-672a5eba_697b_4a0e_98f2_31b1427d5b4a-1, groupId=Consumer-topic-672a5eba_697b_4a0e_98f2_31b1427d5b4a] Discovered group coordinator localhost:32769 (id: 2147483647 rack: null)
2025-08-06 18:53:42,311 INFO  [org.apa.kaf.cli.con.int.ConsumerCoordinator] (Thread-603) [Consumer clientId=consumer-Consumer-topic-672a5eba_697b_4a0e_98f2_31b1427d5b4a-1, groupId=Consumer-topic-672a5eba_697b_4a0e_98f2_31b1427d5b4a] Group coordinator localhost:32769 (id: 2147483647 rack: null) is unavailable or invalid due to cause: coordinator unavailable. isDisconnected: false. Rediscovery will be attempted.
2025-08-06 18:53:42,311 INFO  [org.apa.kaf.cli.con.int.ConsumerCoordinator] (Thread-603) [Consumer clientId=consumer-Consumer-topic-672a5eba_697b_4a0e_98f2_31b1427d5b4a-1, groupId=Consumer-topic-672a5eba_697b_4a0e_98f2_31b1427d5b4a] Requesting disconnect from last known coordinator localhost:32769 (id: 2147483647 rack: null)
2025-08-06 18:53:42,418 INFO  [org.apa.kaf.cli.con.int.ConsumerCoordinator] (Thread-603) [Consumer clientId=consumer-Consumer-topic-672a5eba_697b_4a0e_98f2_31b1427d5b4a-1, groupId=Consumer-topic-672a5eba_697b_4a0e_98f2_31b1427d5b4a] Discovered group coordinator localhost:32769 (id: 2147483647 rack: null)
2025-08-06 18:53:42,419 INFO  [org.apa.kaf.cli.con.int.ConsumerCoordinator] (Thread-603) [Consumer clientId=consumer-Consumer-topic-672a5eba_697b_4a0e_98f2_31b1427d5b4a-1, groupId=Consumer-topic-672a5eba_697b_4a0e_98f2_31b1427d5b4a] Request joining group due to: rebalance failed due to 'This is not the correct coordinator.' (NotCoordinatorException)
2025-08-06 18:53:42,421 INFO  [org.apa.kaf.cli.con.int.ConsumerCoordinator] (Thread-603) [Consumer clientId=consumer-Consumer-topic-672a5eba_697b_4a0e_98f2_31b1427d5b4a-1, groupId=Consumer-topic-672a5eba_697b_4a0e_98f2_31b1427d5b4a] (Re-)joining group
2025-08-06 18:53:42,427 INFO  [org.apa.kaf.cli.con.int.ConsumerCoordinator] (Thread-603) [Consumer clientId=consumer-Consumer-topic-672a5eba_697b_4a0e_98f2_31b1427d5b4a-1, groupId=Consumer-topic-672a5eba_697b_4a0e_98f2_31b1427d5b4a] Group coordinator localhost:32769 (id: 2147483647 rack: null) is unavailable or invalid due to cause: error response NOT_COORDINATOR. isDisconnected: false. Rediscovery will be attempted.
2025-08-06 18:53:42,427 INFO  [org.apa.kaf.cli.con.int.ConsumerCoordinator] (Thread-603) [Consumer clientId=consumer-Consumer-topic-672a5eba_697b_4a0e_98f2_31b1427d5b4a-1, groupId=Consumer-topic-672a5eba_697b_4a0e_98f2_31b1427d5b4a] Requesting disconnect from last known coordinator localhost:32769 (id: 2147483647 rack: null)
2025-08-06 18:53:42,428 INFO  [org.apa.kaf.cli.con.int.ConsumerCoordinator] (Thread-603) [Consumer clientId=consumer-Consumer-topic-672a5eba_697b_4a0e_98f2_31b1427d5b4a-1, groupId=Consumer-topic-672a5eba_697b_4a0e_98f2_31b1427d5b4a] JoinGroup failed: This is not the correct coordinator. Marking coordinator unknown. Sent generation was Generation{generationId=-1, memberId='', protocol='null'}
2025-08-06 18:53:42,428 INFO  [org.apa.kaf.cli.NetworkClient] (Thread-603) [Consumer clientId=consumer-Consumer-topic-672a5eba_697b_4a0e_98f2_31b1427d5b4a-1, groupId=Consumer-topic-672a5eba_697b_4a0e_98f2_31b1427d5b4a] Client requested disconnect from node 2147483647
2025-08-06 18:53:42,437 INFO  [org.apa.kaf.cli.con.int.ConsumerCoordinator] (Thread-603) [Consumer clientId=consumer-Consumer-topic-672a5eba_697b_4a0e_98f2_31b1427d5b4a-1, groupId=Consumer-topic-672a5eba_697b_4a0e_98f2_31b1427d5b4a] Discovered group coordinator localhost:32769 (id: 2147483647 rack: null)
2025-08-06 18:53:42,437 INFO  [org.apa.kaf.cli.con.int.ConsumerCoordinator] (Thread-603) [Consumer clientId=consumer-Consumer-topic-672a5eba_697b_4a0e_98f2_31b1427d5b4a-1, groupId=Consumer-topic-672a5eba_697b_4a0e_98f2_31b1427d5b4a] Group coordinator localhost:32769 (id: 2147483647 rack: null) is unavailable or invalid due to cause: coordinator unavailable. isDisconnected: false. Rediscovery will be attempted.
2025-08-06 18:53:42,438 INFO  [org.apa.kaf.cli.con.int.ConsumerCoordinator] (Thread-603) [Consumer clientId=consumer-Consumer-topic-672a5eba_697b_4a0e_98f2_31b1427d5b4a-1, groupId=Consumer-topic-672a5eba_697b_4a0e_98f2_31b1427d5b4a] Requesting disconnect from last known coordinator localhost:32769 (id: 2147483647 rack: null)
2025-08-06 18:53:42,555 INFO  [org.apa.kaf.cli.con.int.ConsumerCoordinator] (Thread-603) [Consumer clientId=consumer-Consumer-topic-672a5eba_697b_4a0e_98f2_31b1427d5b4a-1, groupId=Consumer-topic-672a5eba_697b_4a0e_98f2_31b1427d5b4a] Discovered group coordinator localhost:32769 (id: 2147483647 rack: null)
2025-08-06 18:53:42,557 INFO  [org.apa.kaf.cli.con.int.ConsumerCoordinator] (Thread-603) [Consumer clientId=consumer-Consumer-topic-672a5eba_697b_4a0e_98f2_31b1427d5b4a-1, groupId=Consumer-topic-672a5eba_697b_4a0e_98f2_31b1427d5b4a] Request joining group due to: rebalance failed due to 'This is not the correct coordinator.' (NotCoordinatorException)
2025-08-06 18:53:42,559 INFO  [org.apa.kaf.cli.con.int.ConsumerCoordinator] (Thread-603) [Consumer clientId=consumer-Consumer-topic-672a5eba_697b_4a0e_98f2_31b1427d5b4a-1, groupId=Consumer-topic-672a5eba_697b_4a0e_98f2_31b1427d5b4a] (Re-)joining group
2025-08-06 18:53:42,580 INFO  [org.apa.kaf.cli.con.int.ConsumerCoordinator] (Thread-603) [Consumer clientId=consumer-Consumer-topic-672a5eba_697b_4a0e_98f2_31b1427d5b4a-1, groupId=Consumer-topic-672a5eba_697b_4a0e_98f2_31b1427d5b4a] Request joining group due to: need to re-join with the given member-id: consumer-Consumer-topic-672a5eba_697b_4a0e_98f2_31b1427d5b4a-1-8b7e6adf-cef1-45ec-abe1-cdfb9cab3f8c
2025-08-06 18:53:42,581 INFO  [org.apa.kaf.cli.con.int.ConsumerCoordinator] (Thread-603) [Consumer clientId=consumer-Consumer-topic-672a5eba_697b_4a0e_98f2_31b1427d5b4a-1, groupId=Consumer-topic-672a5eba_697b_4a0e_98f2_31b1427d5b4a] (Re-)joining group
2025-08-06 18:53:42,773 INFO  [io.api.tes.ser.api.KafkaSerdesTester] (Thread-603) None found
2025-08-06 18:53:43,775 INFO  [io.api.tes.ser.api.KafkaSerdesTester] (Thread-603) None found
2025-08-06 18:53:44,776 INFO  [io.api.tes.ser.api.KafkaSerdesTester] (Thread-603) None found
2025-08-06 18:53:45,600 INFO  [org.apa.kaf.cli.con.int.ConsumerCoordinator] (Thread-603) [Consumer clientId=consumer-Consumer-topic-672a5eba_697b_4a0e_98f2_31b1427d5b4a-1, groupId=Consumer-topic-672a5eba_697b_4a0e_98f2_31b1427d5b4a] Successfully joined group with generation Generation{generationId=1, memberId='consumer-Consumer-topic-672a5eba_697b_4a0e_98f2_31b1427d5b4a-1-8b7e6adf-cef1-45ec-abe1-cdfb9cab3f8c', protocol='range'}
2025-08-06 18:53:45,609 INFO  [org.apa.kaf.cli.con.int.ConsumerCoordinator] (Thread-603) [Consumer clientId=consumer-Consumer-topic-672a5eba_697b_4a0e_98f2_31b1427d5b4a-1, groupId=Consumer-topic-672a5eba_697b_4a0e_98f2_31b1427d5b4a] Finished assignment for group at generation 1: {consumer-Consumer-topic-672a5eba_697b_4a0e_98f2_31b1427d5b4a-1-8b7e6adf-cef1-45ec-abe1-cdfb9cab3f8c=Assignment(partitions=[topic-672a5eba_697b_4a0e_98f2_31b1427d5b4a-0])}
2025-08-06 18:53:45,630 INFO  [org.apa.kaf.cli.con.int.ConsumerCoordinator] (kafka-coordinator-heartbeat-thread | Consumer-topic-672a5eba_697b_4a0e_98f2_31b1427d5b4a) [Consumer clientId=consumer-Consumer-topic-672a5eba_697b_4a0e_98f2_31b1427d5b4a-1, groupId=Consumer-topic-672a5eba_697b_4a0e_98f2_31b1427d5b4a] Successfully synced group in generation Generation{generationId=1, memberId='consumer-Consumer-topic-672a5eba_697b_4a0e_98f2_31b1427d5b4a-1-8b7e6adf-cef1-45ec-abe1-cdfb9cab3f8c', protocol='range'}
2025-08-06 18:53:45,634 INFO  [org.apa.kaf.cli.con.int.ConsumerCoordinator] (Thread-603) [Consumer clientId=consumer-Consumer-topic-672a5eba_697b_4a0e_98f2_31b1427d5b4a-1, groupId=Consumer-topic-672a5eba_697b_4a0e_98f2_31b1427d5b4a] Notifying assignor about the new Assignment(partitions=[topic-672a5eba_697b_4a0e_98f2_31b1427d5b4a-0])
2025-08-06 18:53:45,639 INFO  [org.apa.kaf.cli.con.int.ConsumerRebalanceListenerInvoker] (Thread-603) [Consumer clientId=consumer-Consumer-topic-672a5eba_697b_4a0e_98f2_31b1427d5b4a-1, groupId=Consumer-topic-672a5eba_697b_4a0e_98f2_31b1427d5b4a] Adding newly assigned partitions: topic-672a5eba_697b_4a0e_98f2_31b1427d5b4a-0
2025-08-06 18:53:45,659 INFO  [org.apa.kaf.cli.con.int.ConsumerCoordinator] (Thread-603) [Consumer clientId=consumer-Consumer-topic-672a5eba_697b_4a0e_98f2_31b1427d5b4a-1, groupId=Consumer-topic-672a5eba_697b_4a0e_98f2_31b1427d5b4a] Found no committed offset for partition topic-672a5eba_697b_4a0e_98f2_31b1427d5b4a-0
2025-08-06 18:53:45,681 INFO  [org.apa.kaf.cli.con.int.SubscriptionState] (Thread-603) [Consumer clientId=consumer-Consumer-topic-672a5eba_697b_4a0e_98f2_31b1427d5b4a-1, groupId=Consumer-topic-672a5eba_697b_4a0e_98f2_31b1427d5b4a] Resetting offset for partition topic-672a5eba_697b_4a0e_98f2_31b1427d5b4a-0 to position FetchPosition{offset=0, offsetEpoch=Optional.empty, currentLeader=LeaderAndEpoch{leader=Optional[localhost:32769 (id: 0 rack: null)], epoch=0}}.
2025-08-06 18:53:45,987 INFO  [io.api.tes.ser.api.KafkaSerdesTester] (Thread-603) topic-672a5eba_697b_4a0e_98f2_31b1427d5b4a 0 0 {"key11754506420339": "value-0"}
2025-08-06 18:53:45,987 INFO  [io.api.tes.ser.api.KafkaSerdesTester] (Thread-603) topic-672a5eba_697b_4a0e_98f2_31b1427d5b4a 0 1 {"key11754506420339": "value-1"}
2025-08-06 18:53:45,987 INFO  [io.api.tes.ser.api.KafkaSerdesTester] (Thread-603) topic-672a5eba_697b_4a0e_98f2_31b1427d5b4a 0 2 {"key11754506420339": "value-2"}
2025-08-06 18:53:45,987 INFO  [io.api.tes.ser.api.KafkaSerdesTester] (Thread-603) topic-672a5eba_697b_4a0e_98f2_31b1427d5b4a 0 3 {"key11754506420339": "value-3"}
2025-08-06 18:53:45,987 INFO  [io.api.tes.ser.api.KafkaSerdesTester] (Thread-603) topic-672a5eba_697b_4a0e_98f2_31b1427d5b4a 0 4 {"key11754506420339": "value-4"}
2025-08-06 18:53:45,988 INFO  [io.api.tes.ser.api.KafkaSerdesTester] (Thread-603) topic-672a5eba_697b_4a0e_98f2_31b1427d5b4a 0 5 {"key11754506420339": "value-5"}
2025-08-06 18:53:45,988 INFO  [io.api.tes.ser.api.KafkaSerdesTester] (Thread-603) topic-672a5eba_697b_4a0e_98f2_31b1427d5b4a 0 6 {"key11754506420339": "value-6"}
2025-08-06 18:53:45,988 INFO  [io.api.tes.ser.api.KafkaSerdesTester] (Thread-603) topic-672a5eba_697b_4a0e_98f2_31b1427d5b4a 0 7 {"key11754506420339": "value-7"}
2025-08-06 18:53:45,988 INFO  [io.api.tes.ser.api.KafkaSerdesTester] (Thread-603) topic-672a5eba_697b_4a0e_98f2_31b1427d5b4a 0 8 {"key11754506420339": "value-8"}
2025-08-06 18:53:45,988 INFO  [io.api.tes.ser.api.KafkaSerdesTester] (Thread-603) topic-672a5eba_697b_4a0e_98f2_31b1427d5b4a 0 9 {"key11754506420339": "value-9"}
2025-08-06 18:53:45,988 INFO  [io.api.tes.ser.api.KafkaSerdesTester] (Thread-603) Consumed 10 messages
2025-08-06 18:53:46,015 INFO  [org.apa.kaf.cli.con.int.ConsumerRebalanceListenerInvoker] (Thread-603) [Consumer clientId=consumer-Consumer-topic-672a5eba_697b_4a0e_98f2_31b1427d5b4a-1, groupId=Consumer-topic-672a5eba_697b_4a0e_98f2_31b1427d5b4a] Revoke previously assigned partitions topic-672a5eba_697b_4a0e_98f2_31b1427d5b4a-0
2025-08-06 18:53:46,016 INFO  [org.apa.kaf.cli.con.int.ConsumerCoordinator] (Thread-603) [Consumer clientId=consumer-Consumer-topic-672a5eba_697b_4a0e_98f2_31b1427d5b4a-1, groupId=Consumer-topic-672a5eba_697b_4a0e_98f2_31b1427d5b4a] Member consumer-Consumer-topic-672a5eba_697b_4a0e_98f2_31b1427d5b4a-1-8b7e6adf-cef1-45ec-abe1-cdfb9cab3f8c sending LeaveGroup request to coordinator localhost:32769 (id: 2147483647 rack: null) due to the consumer is being closed
2025-08-06 18:53:46,018 INFO  [org.apa.kaf.cli.con.int.ConsumerCoordinator] (Thread-603) [Consumer clientId=consumer-Consumer-topic-672a5eba_697b_4a0e_98f2_31b1427d5b4a-1, groupId=Consumer-topic-672a5eba_697b_4a0e_98f2_31b1427d5b4a] Resetting generation and member id due to: consumer pro-actively leaving the group
2025-08-06 18:53:46,018 INFO  [org.apa.kaf.cli.con.int.ConsumerCoordinator] (Thread-603) [Consumer clientId=consumer-Consumer-topic-672a5eba_697b_4a0e_98f2_31b1427d5b4a-1, groupId=Consumer-topic-672a5eba_697b_4a0e_98f2_31b1427d5b4a] Request joining group due to: consumer pro-actively leaving the group
2025-08-06 18:53:46,500 INFO  [org.apa.kaf.com.met.Metrics] (Thread-603) Metrics scheduler closed
2025-08-06 18:53:46,500 INFO  [org.apa.kaf.com.met.Metrics] (Thread-603) Closing reporter org.apache.kafka.common.metrics.JmxReporter
2025-08-06 18:53:46,500 INFO  [org.apa.kaf.com.met.Metrics] (Thread-603) Closing reporter org.apache.kafka.common.telemetry.internals.ClientTelemetryReporter
2025-08-06 18:53:46,501 INFO  [org.apa.kaf.com.met.Metrics] (Thread-603) Metrics reporters closed
2025-08-06 18:53:46,510 INFO  [org.apa.kaf.com.uti.AppInfoParser] (Thread-603) App info kafka.consumer for consumer-Consumer-topic-672a5eba_697b_4a0e_98f2_31b1427d5b4a-1 unregistered
2025-08-06 18:53:46,511 INFO  [io.api.tes.uti.TestSeparator] (main) io.apicurio.tests.serdes.apicurio.AvroSerdeIT.testGlobalIdInHeaders-FINISHED
2025-08-06 18:53:46,512 INFO  [io.api.tes.uti.TestSeparator] (main) ############################################################################
Test passed: testGlobalIdInHeaders
]]></system-out>
  </testcase>
  <testcase name="testSimpleTopicIdStrategyFindLatest" classname="io.apicurio.tests.serdes.apicurio.AvroSerdeIT" time="5.458">
    <system-out><![CDATA[2025-08-06 18:53:46,517 INFO  [io.api.tes.uti.TestSeparator] (main) ############################################################################
2025-08-06 18:53:46,518 INFO  [io.api.tes.uti.TestSeparator] (main) io.apicurio.tests.serdes.apicurio.AvroSerdeIT.testSimpleTopicIdStrategyFindLatest-STARTED
2025-08-06 18:53:46,519 INFO  [io.api.tes.ser.api.AvroSerdeIT] (main) Registering Avro Schema: {"type":"record","name":"myrecordapicurio1","fields":[{"name":"key11754506426518","type":"string"}]}
**** Registry Base URL: http://registry-app-mysql.apps.ci419.apicurio-testing.org:80
2025-08-06 18:53:47,733 INFO  [org.apa.kaf.cli.pro.ProducerConfig] (main) ProducerConfig values: 
	acks = -1
	auto.include.jmx.reporter = true
	batch.size = 16384
	bootstrap.servers = [PLAINTEXT://localhost:32769]
	buffer.memory = 33554432
	client.dns.lookup = use_all_dns_ips
	client.id = Producer-topic-476f1b48_11d3_4aa2_a595_70c212433f7b
	compression.gzip.level = -1
	compression.lz4.level = 9
	compression.type = none
	compression.zstd.level = 3
	connections.max.idle.ms = 10000
	delivery.timeout.ms = 120000
	enable.idempotence = true
	enable.metrics.push = true
	interceptor.classes = []
	key.serializer = class org.apache.kafka.common.serialization.StringSerializer
	linger.ms = 0
	max.block.ms = 60000
	max.in.flight.requests.per.connection = 5
	max.request.size = 1048576
	metadata.max.age.ms = 300000
	metadata.max.idle.ms = 300000
	metadata.recovery.strategy = none
	metric.reporters = []
	metrics.num.samples = 2
	metrics.recording.level = INFO
	metrics.sample.window.ms = 30000
	partitioner.adaptive.partitioning.enable = true
	partitioner.availability.timeout.ms = 0
	partitioner.class = null
	partitioner.ignore.keys = false
	receive.buffer.bytes = 32768
	reconnect.backoff.max.ms = 1000
	reconnect.backoff.ms = 50
	request.timeout.ms = 5000
	retries = 2147483647
	retry.backoff.max.ms = 1000
	retry.backoff.ms = 100
	sasl.client.callback.handler.class = null
	sasl.jaas.config = null
	sasl.kerberos.kinit.cmd = /usr/bin/kinit
	sasl.kerberos.min.time.before.relogin = 60000
	sasl.kerberos.service.name = null
	sasl.kerberos.ticket.renew.jitter = 0.05
	sasl.kerberos.ticket.renew.window.factor = 0.8
	sasl.login.callback.handler.class = null
	sasl.login.class = null
	sasl.login.connect.timeout.ms = null
	sasl.login.read.timeout.ms = null
	sasl.login.refresh.buffer.seconds = 300
	sasl.login.refresh.min.period.seconds = 60
	sasl.login.refresh.window.factor = 0.8
	sasl.login.refresh.window.jitter = 0.05
	sasl.login.retry.backoff.max.ms = 10000
	sasl.login.retry.backoff.ms = 100
	sasl.mechanism = GSSAPI
	sasl.oauthbearer.clock.skew.seconds = 30
	sasl.oauthbearer.expected.audience = null
	sasl.oauthbearer.expected.issuer = null
	sasl.oauthbearer.header.urlencode = false
	sasl.oauthbearer.jwks.endpoint.refresh.ms = 3600000
	sasl.oauthbearer.jwks.endpoint.retry.backoff.max.ms = 10000
	sasl.oauthbearer.jwks.endpoint.retry.backoff.ms = 100
	sasl.oauthbearer.jwks.endpoint.url = null
	sasl.oauthbearer.scope.claim.name = scope
	sasl.oauthbearer.sub.claim.name = sub
	sasl.oauthbearer.token.endpoint.url = null
	security.protocol = PLAINTEXT
	security.providers = null
	send.buffer.bytes = 131072
	socket.connection.setup.timeout.max.ms = 30000
	socket.connection.setup.timeout.ms = 10000
	ssl.cipher.suites = null
	ssl.enabled.protocols = [TLSv1.2, TLSv1.3]
	ssl.endpoint.identification.algorithm = https
	ssl.engine.factory.class = null
	ssl.key.password = null
	ssl.keymanager.algorithm = SunX509
	ssl.keystore.certificate.chain = null
	ssl.keystore.key = null
	ssl.keystore.location = null
	ssl.keystore.password = null
	ssl.keystore.type = JKS
	ssl.protocol = TLSv1.3
	ssl.provider = null
	ssl.secure.random.implementation = null
	ssl.trustmanager.algorithm = PKIX
	ssl.truststore.certificates = null
	ssl.truststore.location = null
	ssl.truststore.password = null
	ssl.truststore.type = JKS
	transaction.timeout.ms = 60000
	transactional.id = null
	value.serializer = class io.apicurio.registry.serde.avro.AvroKafkaSerializer

2025-08-06 18:53:47,733 INFO  [org.apa.kaf.com.tel.int.KafkaMetricsCollector] (main) initializing Kafka metrics collector
2025-08-06 18:53:47,737 INFO  [org.apa.kaf.cli.pro.KafkaProducer] (main) [Producer clientId=Producer-topic-476f1b48_11d3_4aa2_a595_70c212433f7b] Instantiated an idempotent producer.
2025-08-06 18:53:47,742 INFO  [org.apa.kaf.cli.pro.ProducerConfig] (main) These configurations '[apicurio.registry.find-latest, apicurio.registry.artifact.group-id, apicurio.registry.url, apicurio.registry.artifact-resolver-strategy]' were supplied but are not used yet.
2025-08-06 18:53:47,742 INFO  [org.apa.kaf.com.uti.AppInfoParser] (main) Kafka version: 3.9.1
2025-08-06 18:53:47,742 INFO  [org.apa.kaf.com.uti.AppInfoParser] (main) Kafka commitId: f745dfdcee2b9851
2025-08-06 18:53:47,742 INFO  [org.apa.kaf.com.uti.AppInfoParser] (main) Kafka startTimeMs: 1754506427742
2025-08-06 18:53:47,743 INFO  [io.api.tes.ser.api.SimpleSerdesTesterBuilder$SimpleSerdesTester] (main) Using producer configuration: {apicurio.registry.find-latest=true, apicurio.registry.artifact.group-id=topic-476f1b48_11d3_4aa2_a595_70c212433f7b, apicurio.registry.url=http://registry-app-mysql.apps.ci419.apicurio-testing.org:80/apis/registry/v3, apicurio.registry.artifact-resolver-strategy=io.apicurio.registry.serde.strategy.SimpleTopicIdStrategy, value.serializer=io.apicurio.registry.serde.avro.AvroKafkaSerializer, request.timeout.ms=5000, acks=all, bootstrap.servers=PLAINTEXT://localhost:32769, connections.max.idle.ms=10000, key.serializer=org.apache.kafka.common.serialization.StringSerializer, client.id=Producer-topic-476f1b48_11d3_4aa2_a595_70c212433f7b}
2025-08-06 18:53:47,744 INFO  [io.api.tes.ser.api.SimpleSerdesTesterBuilder$SimpleSerdesTester] (main) Using consumer configuration: {}
2025-08-06 18:53:47,747 INFO  [io.api.tes.ser.api.KafkaSerdesTester] (Thread-606) Sending message {"key11754506426518": "value-0"} to topic topic-476f1b48_11d3_4aa2_a595_70c212433f7b
2025-08-06 18:53:47,765 INFO  [org.apa.kaf.cli.Metadata] (kafka-producer-network-thread | Producer-topic-476f1b48_11d3_4aa2_a595_70c212433f7b) [Producer clientId=Producer-topic-476f1b48_11d3_4aa2_a595_70c212433f7b] Cluster ID: kF8Ua3WQTR-RR3LzMUds4A
2025-08-06 18:53:47,767 INFO  [org.apa.kaf.cli.pro.int.TransactionManager] (kafka-producer-network-thread | Producer-topic-476f1b48_11d3_4aa2_a595_70c212433f7b) [Producer clientId=Producer-topic-476f1b48_11d3_4aa2_a595_70c212433f7b] ProducerId set to 1 with epoch 0
2025-08-06 18:53:48,111 INFO  [io.api.tes.ser.api.KafkaSerdesTester] (Thread-606) Sending message {"key11754506426518": "value-1"} to topic topic-476f1b48_11d3_4aa2_a595_70c212433f7b
2025-08-06 18:53:48,115 INFO  [io.api.tes.ser.api.KafkaSerdesTester] (Thread-606) Sending message {"key11754506426518": "value-2"} to topic topic-476f1b48_11d3_4aa2_a595_70c212433f7b
2025-08-06 18:53:48,118 INFO  [io.api.tes.ser.api.KafkaSerdesTester] (Thread-606) Sending message {"key11754506426518": "value-3"} to topic topic-476f1b48_11d3_4aa2_a595_70c212433f7b
2025-08-06 18:53:48,120 INFO  [io.api.tes.ser.api.KafkaSerdesTester] (Thread-606) Sending message {"key11754506426518": "value-4"} to topic topic-476f1b48_11d3_4aa2_a595_70c212433f7b
2025-08-06 18:53:48,123 INFO  [io.api.tes.ser.api.KafkaSerdesTester] (Thread-606) Sending message {"key11754506426518": "value-5"} to topic topic-476f1b48_11d3_4aa2_a595_70c212433f7b
2025-08-06 18:53:48,126 INFO  [io.api.tes.ser.api.KafkaSerdesTester] (Thread-606) Sending message {"key11754506426518": "value-6"} to topic topic-476f1b48_11d3_4aa2_a595_70c212433f7b
2025-08-06 18:53:48,128 INFO  [io.api.tes.ser.api.KafkaSerdesTester] (Thread-606) Sending message {"key11754506426518": "value-7"} to topic topic-476f1b48_11d3_4aa2_a595_70c212433f7b
2025-08-06 18:53:48,131 INFO  [io.api.tes.ser.api.KafkaSerdesTester] (Thread-606) Sending message {"key11754506426518": "value-8"} to topic topic-476f1b48_11d3_4aa2_a595_70c212433f7b
2025-08-06 18:53:48,134 INFO  [io.api.tes.ser.api.KafkaSerdesTester] (Thread-606) Sending message {"key11754506426518": "value-9"} to topic topic-476f1b48_11d3_4aa2_a595_70c212433f7b
2025-08-06 18:53:48,138 INFO  [io.api.tes.ser.api.KafkaSerdesTester] (Thread-606) Produced 10 messages
2025-08-06 18:53:48,138 INFO  [org.apa.kaf.cli.pro.KafkaProducer] (Thread-606) [Producer clientId=Producer-topic-476f1b48_11d3_4aa2_a595_70c212433f7b] Closing the Kafka producer with timeoutMillis = 9223372036854775807 ms.
2025-08-06 18:53:48,144 INFO  [org.apa.kaf.com.met.Metrics] (Thread-606) Metrics scheduler closed
2025-08-06 18:53:48,144 INFO  [org.apa.kaf.com.met.Metrics] (Thread-606) Closing reporter org.apache.kafka.common.metrics.JmxReporter
2025-08-06 18:53:48,144 INFO  [org.apa.kaf.com.met.Metrics] (Thread-606) Closing reporter org.apache.kafka.common.telemetry.internals.ClientTelemetryReporter
2025-08-06 18:53:48,144 INFO  [org.apa.kaf.com.met.Metrics] (Thread-606) Metrics reporters closed
2025-08-06 18:53:48,145 INFO  [org.apa.kaf.com.uti.AppInfoParser] (Thread-606) App info kafka.producer for Producer-topic-476f1b48_11d3_4aa2_a595_70c212433f7b unregistered
**** Registry Base URL: http://registry-app-mysql.apps.ci419.apicurio-testing.org:80
2025-08-06 18:53:48,146 INFO  [org.apa.kaf.cli.con.ConsumerConfig] (main) ConsumerConfig values: 
	allow.auto.create.topics = true
	auto.commit.interval.ms = 500
	auto.include.jmx.reporter = true
	auto.offset.reset = earliest
	bootstrap.servers = [PLAINTEXT://localhost:32769]
	check.crcs = true
	client.dns.lookup = use_all_dns_ips
	client.id = consumer-Consumer-topic-476f1b48_11d3_4aa2_a595_70c212433f7b-2
	client.rack = 
	connections.max.idle.ms = 10000
	default.api.timeout.ms = 60000
	enable.auto.commit = true
	enable.metrics.push = true
	exclude.internal.topics = true
	fetch.max.bytes = 52428800
	fetch.max.wait.ms = 500
	fetch.min.bytes = 1
	group.id = Consumer-topic-476f1b48_11d3_4aa2_a595_70c212433f7b
	group.instance.id = null
	group.protocol = classic
	group.remote.assignor = null
	heartbeat.interval.ms = 3000
	interceptor.classes = []
	internal.leave.group.on.close = true
	internal.throw.on.fetch.stable.offset.unsupported = false
	isolation.level = read_uncommitted
	key.deserializer = class org.apache.kafka.common.serialization.StringDeserializer
	max.partition.fetch.bytes = 1048576
	max.poll.interval.ms = 300000
	max.poll.records = 500
	metadata.max.age.ms = 300000
	metadata.recovery.strategy = none
	metric.reporters = []
	metrics.num.samples = 2
	metrics.recording.level = INFO
	metrics.sample.window.ms = 30000
	partition.assignment.strategy = [class org.apache.kafka.clients.consumer.RangeAssignor, class org.apache.kafka.clients.consumer.CooperativeStickyAssignor]
	receive.buffer.bytes = 65536
	reconnect.backoff.max.ms = 1000
	reconnect.backoff.ms = 50
	request.timeout.ms = 5000
	retry.backoff.max.ms = 1000
	retry.backoff.ms = 100
	sasl.client.callback.handler.class = null
	sasl.jaas.config = null
	sasl.kerberos.kinit.cmd = /usr/bin/kinit
	sasl.kerberos.min.time.before.relogin = 60000
	sasl.kerberos.service.name = null
	sasl.kerberos.ticket.renew.jitter = 0.05
	sasl.kerberos.ticket.renew.window.factor = 0.8
	sasl.login.callback.handler.class = null
	sasl.login.class = null
	sasl.login.connect.timeout.ms = null
	sasl.login.read.timeout.ms = null
	sasl.login.refresh.buffer.seconds = 300
	sasl.login.refresh.min.period.seconds = 60
	sasl.login.refresh.window.factor = 0.8
	sasl.login.refresh.window.jitter = 0.05
	sasl.login.retry.backoff.max.ms = 10000
	sasl.login.retry.backoff.ms = 100
	sasl.mechanism = GSSAPI
	sasl.oauthbearer.clock.skew.seconds = 30
	sasl.oauthbearer.expected.audience = null
	sasl.oauthbearer.expected.issuer = null
	sasl.oauthbearer.header.urlencode = false
	sasl.oauthbearer.jwks.endpoint.refresh.ms = 3600000
	sasl.oauthbearer.jwks.endpoint.retry.backoff.max.ms = 10000
	sasl.oauthbearer.jwks.endpoint.retry.backoff.ms = 100
	sasl.oauthbearer.jwks.endpoint.url = null
	sasl.oauthbearer.scope.claim.name = scope
	sasl.oauthbearer.sub.claim.name = sub
	sasl.oauthbearer.token.endpoint.url = null
	security.protocol = PLAINTEXT
	security.providers = null
	send.buffer.bytes = 131072
	session.timeout.ms = 45000
	socket.connection.setup.timeout.max.ms = 30000
	socket.connection.setup.timeout.ms = 10000
	ssl.cipher.suites = null
	ssl.enabled.protocols = [TLSv1.2, TLSv1.3]
	ssl.endpoint.identification.algorithm = https
	ssl.engine.factory.class = null
	ssl.key.password = null
	ssl.keymanager.algorithm = SunX509
	ssl.keystore.certificate.chain = null
	ssl.keystore.key = null
	ssl.keystore.location = null
	ssl.keystore.password = null
	ssl.keystore.type = JKS
	ssl.protocol = TLSv1.3
	ssl.provider = null
	ssl.secure.random.implementation = null
	ssl.trustmanager.algorithm = PKIX
	ssl.truststore.certificates = null
	ssl.truststore.location = null
	ssl.truststore.password = null
	ssl.truststore.type = JKS
	value.deserializer = class io.apicurio.registry.serde.avro.AvroKafkaDeserializer

2025-08-06 18:53:48,146 INFO  [org.apa.kaf.com.tel.int.KafkaMetricsCollector] (main) initializing Kafka metrics collector
2025-08-06 18:53:48,161 INFO  [org.apa.kaf.cli.con.ConsumerConfig] (main) These configurations '[apicurio.registry.url]' were supplied but are not used yet.
2025-08-06 18:53:48,162 INFO  [org.apa.kaf.com.uti.AppInfoParser] (main) Kafka version: 3.9.1
2025-08-06 18:53:48,162 INFO  [org.apa.kaf.com.uti.AppInfoParser] (main) Kafka commitId: f745dfdcee2b9851
2025-08-06 18:53:48,162 INFO  [org.apa.kaf.com.uti.AppInfoParser] (main) Kafka startTimeMs: 1754506428162
2025-08-06 18:53:48,162 INFO  [org.apa.kaf.cli.con.int.ClassicKafkaConsumer] (Thread-609) [Consumer clientId=consumer-Consumer-topic-476f1b48_11d3_4aa2_a595_70c212433f7b-2, groupId=Consumer-topic-476f1b48_11d3_4aa2_a595_70c212433f7b] Subscribed to topic(s): topic-476f1b48_11d3_4aa2_a595_70c212433f7b
2025-08-06 18:53:48,174 INFO  [org.apa.kaf.cli.Metadata] (Thread-609) [Consumer clientId=consumer-Consumer-topic-476f1b48_11d3_4aa2_a595_70c212433f7b-2, groupId=Consumer-topic-476f1b48_11d3_4aa2_a595_70c212433f7b] Cluster ID: kF8Ua3WQTR-RR3LzMUds4A
2025-08-06 18:53:48,175 INFO  [org.apa.kaf.cli.con.int.ConsumerCoordinator] (Thread-609) [Consumer clientId=consumer-Consumer-topic-476f1b48_11d3_4aa2_a595_70c212433f7b-2, groupId=Consumer-topic-476f1b48_11d3_4aa2_a595_70c212433f7b] Discovered group coordinator localhost:32769 (id: 2147483647 rack: null)
2025-08-06 18:53:48,180 INFO  [org.apa.kaf.cli.con.int.ConsumerCoordinator] (Thread-609) [Consumer clientId=consumer-Consumer-topic-476f1b48_11d3_4aa2_a595_70c212433f7b-2, groupId=Consumer-topic-476f1b48_11d3_4aa2_a595_70c212433f7b] (Re-)joining group
2025-08-06 18:53:48,185 INFO  [org.apa.kaf.cli.con.int.ConsumerCoordinator] (Thread-609) [Consumer clientId=consumer-Consumer-topic-476f1b48_11d3_4aa2_a595_70c212433f7b-2, groupId=Consumer-topic-476f1b48_11d3_4aa2_a595_70c212433f7b] Request joining group due to: need to re-join with the given member-id: consumer-Consumer-topic-476f1b48_11d3_4aa2_a595_70c212433f7b-2-ab30db5e-5e61-49ef-9c60-fc5c39daf266
2025-08-06 18:53:48,185 INFO  [org.apa.kaf.cli.con.int.ConsumerCoordinator] (Thread-609) [Consumer clientId=consumer-Consumer-topic-476f1b48_11d3_4aa2_a595_70c212433f7b-2, groupId=Consumer-topic-476f1b48_11d3_4aa2_a595_70c212433f7b] (Re-)joining group
2025-08-06 18:53:49,164 INFO  [io.api.tes.ser.api.KafkaSerdesTester] (Thread-609) None found
2025-08-06 18:53:50,164 INFO  [io.api.tes.ser.api.KafkaSerdesTester] (Thread-609) None found
2025-08-06 18:53:51,164 INFO  [io.api.tes.ser.api.KafkaSerdesTester] (Thread-609) None found
2025-08-06 18:53:51,188 INFO  [org.apa.kaf.cli.con.int.ConsumerCoordinator] (Thread-609) [Consumer clientId=consumer-Consumer-topic-476f1b48_11d3_4aa2_a595_70c212433f7b-2, groupId=Consumer-topic-476f1b48_11d3_4aa2_a595_70c212433f7b] Successfully joined group with generation Generation{generationId=1, memberId='consumer-Consumer-topic-476f1b48_11d3_4aa2_a595_70c212433f7b-2-ab30db5e-5e61-49ef-9c60-fc5c39daf266', protocol='range'}
2025-08-06 18:53:51,188 INFO  [org.apa.kaf.cli.con.int.ConsumerCoordinator] (Thread-609) [Consumer clientId=consumer-Consumer-topic-476f1b48_11d3_4aa2_a595_70c212433f7b-2, groupId=Consumer-topic-476f1b48_11d3_4aa2_a595_70c212433f7b] Finished assignment for group at generation 1: {consumer-Consumer-topic-476f1b48_11d3_4aa2_a595_70c212433f7b-2-ab30db5e-5e61-49ef-9c60-fc5c39daf266=Assignment(partitions=[topic-476f1b48_11d3_4aa2_a595_70c212433f7b-0])}
2025-08-06 18:53:51,196 INFO  [org.apa.kaf.cli.con.int.ConsumerCoordinator] (Thread-609) [Consumer clientId=consumer-Consumer-topic-476f1b48_11d3_4aa2_a595_70c212433f7b-2, groupId=Consumer-topic-476f1b48_11d3_4aa2_a595_70c212433f7b] Successfully synced group in generation Generation{generationId=1, memberId='consumer-Consumer-topic-476f1b48_11d3_4aa2_a595_70c212433f7b-2-ab30db5e-5e61-49ef-9c60-fc5c39daf266', protocol='range'}
2025-08-06 18:53:51,197 INFO  [org.apa.kaf.cli.con.int.ConsumerCoordinator] (Thread-609) [Consumer clientId=consumer-Consumer-topic-476f1b48_11d3_4aa2_a595_70c212433f7b-2, groupId=Consumer-topic-476f1b48_11d3_4aa2_a595_70c212433f7b] Notifying assignor about the new Assignment(partitions=[topic-476f1b48_11d3_4aa2_a595_70c212433f7b-0])
2025-08-06 18:53:51,197 INFO  [org.apa.kaf.cli.con.int.ConsumerRebalanceListenerInvoker] (Thread-609) [Consumer clientId=consumer-Consumer-topic-476f1b48_11d3_4aa2_a595_70c212433f7b-2, groupId=Consumer-topic-476f1b48_11d3_4aa2_a595_70c212433f7b] Adding newly assigned partitions: topic-476f1b48_11d3_4aa2_a595_70c212433f7b-0
2025-08-06 18:53:51,199 INFO  [org.apa.kaf.cli.con.int.ConsumerCoordinator] (Thread-609) [Consumer clientId=consumer-Consumer-topic-476f1b48_11d3_4aa2_a595_70c212433f7b-2, groupId=Consumer-topic-476f1b48_11d3_4aa2_a595_70c212433f7b] Found no committed offset for partition topic-476f1b48_11d3_4aa2_a595_70c212433f7b-0
2025-08-06 18:53:51,205 INFO  [org.apa.kaf.cli.con.int.SubscriptionState] (Thread-609) [Consumer clientId=consumer-Consumer-topic-476f1b48_11d3_4aa2_a595_70c212433f7b-2, groupId=Consumer-topic-476f1b48_11d3_4aa2_a595_70c212433f7b] Resetting offset for partition topic-476f1b48_11d3_4aa2_a595_70c212433f7b-0 to position FetchPosition{offset=0, offsetEpoch=Optional.empty, currentLeader=LeaderAndEpoch{leader=Optional[localhost:32769 (id: 0 rack: null)], epoch=0}}.
2025-08-06 18:53:51,459 INFO  [io.api.tes.ser.api.KafkaSerdesTester] (Thread-609) topic-476f1b48_11d3_4aa2_a595_70c212433f7b 0 0 {"key11754506426518": "value-0"}
2025-08-06 18:53:51,459 INFO  [io.api.tes.ser.api.KafkaSerdesTester] (Thread-609) topic-476f1b48_11d3_4aa2_a595_70c212433f7b 0 1 {"key11754506426518": "value-1"}
2025-08-06 18:53:51,459 INFO  [io.api.tes.ser.api.KafkaSerdesTester] (Thread-609) topic-476f1b48_11d3_4aa2_a595_70c212433f7b 0 2 {"key11754506426518": "value-2"}
2025-08-06 18:53:51,459 INFO  [io.api.tes.ser.api.KafkaSerdesTester] (Thread-609) topic-476f1b48_11d3_4aa2_a595_70c212433f7b 0 3 {"key11754506426518": "value-3"}
2025-08-06 18:53:51,459 INFO  [io.api.tes.ser.api.KafkaSerdesTester] (Thread-609) topic-476f1b48_11d3_4aa2_a595_70c212433f7b 0 4 {"key11754506426518": "value-4"}
2025-08-06 18:53:51,460 INFO  [io.api.tes.ser.api.KafkaSerdesTester] (Thread-609) topic-476f1b48_11d3_4aa2_a595_70c212433f7b 0 5 {"key11754506426518": "value-5"}
2025-08-06 18:53:51,460 INFO  [io.api.tes.ser.api.KafkaSerdesTester] (Thread-609) topic-476f1b48_11d3_4aa2_a595_70c212433f7b 0 6 {"key11754506426518": "value-6"}
2025-08-06 18:53:51,460 INFO  [io.api.tes.ser.api.KafkaSerdesTester] (Thread-609) topic-476f1b48_11d3_4aa2_a595_70c212433f7b 0 7 {"key11754506426518": "value-7"}
2025-08-06 18:53:51,460 INFO  [io.api.tes.ser.api.KafkaSerdesTester] (Thread-609) topic-476f1b48_11d3_4aa2_a595_70c212433f7b 0 8 {"key11754506426518": "value-8"}
2025-08-06 18:53:51,460 INFO  [io.api.tes.ser.api.KafkaSerdesTester] (Thread-609) topic-476f1b48_11d3_4aa2_a595_70c212433f7b 0 9 {"key11754506426518": "value-9"}
2025-08-06 18:53:51,460 INFO  [io.api.tes.ser.api.KafkaSerdesTester] (Thread-609) Consumed 10 messages
2025-08-06 18:53:51,470 INFO  [org.apa.kaf.cli.con.int.ConsumerRebalanceListenerInvoker] (Thread-609) [Consumer clientId=consumer-Consumer-topic-476f1b48_11d3_4aa2_a595_70c212433f7b-2, groupId=Consumer-topic-476f1b48_11d3_4aa2_a595_70c212433f7b] Revoke previously assigned partitions topic-476f1b48_11d3_4aa2_a595_70c212433f7b-0
2025-08-06 18:53:51,470 INFO  [org.apa.kaf.cli.con.int.ConsumerCoordinator] (Thread-609) [Consumer clientId=consumer-Consumer-topic-476f1b48_11d3_4aa2_a595_70c212433f7b-2, groupId=Consumer-topic-476f1b48_11d3_4aa2_a595_70c212433f7b] Member consumer-Consumer-topic-476f1b48_11d3_4aa2_a595_70c212433f7b-2-ab30db5e-5e61-49ef-9c60-fc5c39daf266 sending LeaveGroup request to coordinator localhost:32769 (id: 2147483647 rack: null) due to the consumer is being closed
2025-08-06 18:53:51,470 INFO  [org.apa.kaf.cli.con.int.ConsumerCoordinator] (Thread-609) [Consumer clientId=consumer-Consumer-topic-476f1b48_11d3_4aa2_a595_70c212433f7b-2, groupId=Consumer-topic-476f1b48_11d3_4aa2_a595_70c212433f7b] Resetting generation and member id due to: consumer pro-actively leaving the group
2025-08-06 18:53:51,470 INFO  [org.apa.kaf.cli.con.int.ConsumerCoordinator] (Thread-609) [Consumer clientId=consumer-Consumer-topic-476f1b48_11d3_4aa2_a595_70c212433f7b-2, groupId=Consumer-topic-476f1b48_11d3_4aa2_a595_70c212433f7b] Request joining group due to: consumer pro-actively leaving the group
2025-08-06 18:53:51,964 INFO  [org.apa.kaf.com.met.Metrics] (Thread-609) Metrics scheduler closed
2025-08-06 18:53:51,964 INFO  [org.apa.kaf.com.met.Metrics] (Thread-609) Closing reporter org.apache.kafka.common.metrics.JmxReporter
2025-08-06 18:53:51,964 INFO  [org.apa.kaf.com.met.Metrics] (Thread-609) Closing reporter org.apache.kafka.common.telemetry.internals.ClientTelemetryReporter
2025-08-06 18:53:51,964 INFO  [org.apa.kaf.com.met.Metrics] (Thread-609) Metrics reporters closed
2025-08-06 18:53:51,969 INFO  [org.apa.kaf.com.uti.AppInfoParser] (Thread-609) App info kafka.consumer for consumer-Consumer-topic-476f1b48_11d3_4aa2_a595_70c212433f7b-2 unregistered
2025-08-06 18:53:51,970 INFO  [io.api.tes.uti.TestSeparator] (main) io.apicurio.tests.serdes.apicurio.AvroSerdeIT.testSimpleTopicIdStrategyFindLatest-FINISHED
2025-08-06 18:53:51,970 INFO  [io.api.tes.uti.TestSeparator] (main) ############################################################################
Test passed: testSimpleTopicIdStrategyFindLatest
]]></system-out>
  </testcase>
  <testcase name="testWrongSchema" classname="io.apicurio.tests.serdes.apicurio.AvroSerdeIT" time="1.414">
    <system-out><![CDATA[2025-08-06 18:53:51,974 INFO  [io.api.tes.uti.TestSeparator] (main) ############################################################################
2025-08-06 18:53:51,974 INFO  [io.api.tes.uti.TestSeparator] (main) io.apicurio.tests.serdes.apicurio.AvroSerdeIT.testWrongSchema-STARTED
**** Registry Base URL: http://registry-app-mysql.apps.ci419.apicurio-testing.org:80
2025-08-06 18:53:53,192 INFO  [org.apa.kaf.cli.pro.ProducerConfig] (main) ProducerConfig values: 
	acks = -1
	auto.include.jmx.reporter = true
	batch.size = 16384
	bootstrap.servers = [PLAINTEXT://localhost:32769]
	buffer.memory = 33554432
	client.dns.lookup = use_all_dns_ips
	client.id = Producer-s742c24aex04f6x4ff1x85cfxfd927f897c8f
	compression.gzip.level = -1
	compression.lz4.level = 9
	compression.type = none
	compression.zstd.level = 3
	connections.max.idle.ms = 10000
	delivery.timeout.ms = 120000
	enable.idempotence = true
	enable.metrics.push = true
	interceptor.classes = []
	key.serializer = class org.apache.kafka.common.serialization.StringSerializer
	linger.ms = 0
	max.block.ms = 60000
	max.in.flight.requests.per.connection = 5
	max.request.size = 1048576
	metadata.max.age.ms = 300000
	metadata.max.idle.ms = 300000
	metadata.recovery.strategy = none
	metric.reporters = []
	metrics.num.samples = 2
	metrics.recording.level = INFO
	metrics.sample.window.ms = 30000
	partitioner.adaptive.partitioning.enable = true
	partitioner.availability.timeout.ms = 0
	partitioner.class = null
	partitioner.ignore.keys = false
	receive.buffer.bytes = 32768
	reconnect.backoff.max.ms = 1000
	reconnect.backoff.ms = 50
	request.timeout.ms = 5000
	retries = 2147483647
	retry.backoff.max.ms = 1000
	retry.backoff.ms = 100
	sasl.client.callback.handler.class = null
	sasl.jaas.config = null
	sasl.kerberos.kinit.cmd = /usr/bin/kinit
	sasl.kerberos.min.time.before.relogin = 60000
	sasl.kerberos.service.name = null
	sasl.kerberos.ticket.renew.jitter = 0.05
	sasl.kerberos.ticket.renew.window.factor = 0.8
	sasl.login.callback.handler.class = null
	sasl.login.class = null
	sasl.login.connect.timeout.ms = null
	sasl.login.read.timeout.ms = null
	sasl.login.refresh.buffer.seconds = 300
	sasl.login.refresh.min.period.seconds = 60
	sasl.login.refresh.window.factor = 0.8
	sasl.login.refresh.window.jitter = 0.05
	sasl.login.retry.backoff.max.ms = 10000
	sasl.login.retry.backoff.ms = 100
	sasl.mechanism = GSSAPI
	sasl.oauthbearer.clock.skew.seconds = 30
	sasl.oauthbearer.expected.audience = null
	sasl.oauthbearer.expected.issuer = null
	sasl.oauthbearer.header.urlencode = false
	sasl.oauthbearer.jwks.endpoint.refresh.ms = 3600000
	sasl.oauthbearer.jwks.endpoint.retry.backoff.max.ms = 10000
	sasl.oauthbearer.jwks.endpoint.retry.backoff.ms = 100
	sasl.oauthbearer.jwks.endpoint.url = null
	sasl.oauthbearer.scope.claim.name = scope
	sasl.oauthbearer.sub.claim.name = sub
	sasl.oauthbearer.token.endpoint.url = null
	security.protocol = PLAINTEXT
	security.providers = null
	send.buffer.bytes = 131072
	socket.connection.setup.timeout.max.ms = 30000
	socket.connection.setup.timeout.ms = 10000
	ssl.cipher.suites = null
	ssl.enabled.protocols = [TLSv1.2, TLSv1.3]
	ssl.endpoint.identification.algorithm = https
	ssl.engine.factory.class = null
	ssl.key.password = null
	ssl.keymanager.algorithm = SunX509
	ssl.keystore.certificate.chain = null
	ssl.keystore.key = null
	ssl.keystore.location = null
	ssl.keystore.password = null
	ssl.keystore.type = JKS
	ssl.protocol = TLSv1.3
	ssl.provider = null
	ssl.secure.random.implementation = null
	ssl.trustmanager.algorithm = PKIX
	ssl.truststore.certificates = null
	ssl.truststore.location = null
	ssl.truststore.password = null
	ssl.truststore.type = JKS
	transaction.timeout.ms = 60000
	transactional.id = null
	value.serializer = class io.apicurio.registry.serde.avro.AvroKafkaSerializer

2025-08-06 18:53:53,193 INFO  [org.apa.kaf.com.tel.int.KafkaMetricsCollector] (main) initializing Kafka metrics collector
2025-08-06 18:53:53,196 INFO  [org.apa.kaf.cli.pro.KafkaProducer] (main) [Producer clientId=Producer-s742c24aex04f6x4ff1x85cfxfd927f897c8f] Instantiated an idempotent producer.
2025-08-06 18:53:53,200 INFO  [org.apa.kaf.cli.pro.ProducerConfig] (main) These configurations '[apicurio.registry.find-latest, apicurio.registry.url, apicurio.registry.artifact-resolver-strategy]' were supplied but are not used yet.
2025-08-06 18:53:53,201 INFO  [org.apa.kaf.com.uti.AppInfoParser] (main) Kafka version: 3.9.1
2025-08-06 18:53:53,201 INFO  [org.apa.kaf.com.uti.AppInfoParser] (main) Kafka commitId: f745dfdcee2b9851
2025-08-06 18:53:53,201 INFO  [org.apa.kaf.com.uti.AppInfoParser] (main) Kafka startTimeMs: 1754506433201
2025-08-06 18:53:53,205 INFO  [io.api.tes.ser.api.KafkaSerdesTester] (Thread-612) Sending message {"keyB": "value-0"} to topic s742c24aex04f6x4ff1x85cfxfd927f897c8f
2025-08-06 18:53:53,211 INFO  [org.apa.kaf.cli.Metadata] (kafka-producer-network-thread | Producer-s742c24aex04f6x4ff1x85cfxfd927f897c8f) [Producer clientId=Producer-s742c24aex04f6x4ff1x85cfxfd927f897c8f] Cluster ID: kF8Ua3WQTR-RR3LzMUds4A
2025-08-06 18:53:53,212 INFO  [org.apa.kaf.cli.pro.int.TransactionManager] (kafka-producer-network-thread | Producer-s742c24aex04f6x4ff1x85cfxfd927f897c8f) [Producer clientId=Producer-s742c24aex04f6x4ff1x85cfxfd927f897c8f] ProducerId set to 2 with epoch 0
2025-08-06 18:53:53,378 INFO  [org.apa.kaf.cli.pro.KafkaProducer] (Thread-612) [Producer clientId=Producer-s742c24aex04f6x4ff1x85cfxfd927f897c8f] Closing the Kafka producer with timeoutMillis = 9223372036854775807 ms.
2025-08-06 18:53:53,382 INFO  [org.apa.kaf.com.met.Metrics] (Thread-612) Metrics scheduler closed
2025-08-06 18:53:53,382 INFO  [org.apa.kaf.com.met.Metrics] (Thread-612) Closing reporter org.apache.kafka.common.metrics.JmxReporter
2025-08-06 18:53:53,382 INFO  [org.apa.kaf.com.met.Metrics] (Thread-612) Closing reporter org.apache.kafka.common.telemetry.internals.ClientTelemetryReporter
2025-08-06 18:53:53,383 INFO  [org.apa.kaf.com.met.Metrics] (Thread-612) Metrics reporters closed
2025-08-06 18:53:53,383 INFO  [org.apa.kaf.com.uti.AppInfoParser] (Thread-612) App info kafka.producer for Producer-s742c24aex04f6x4ff1x85cfxfd927f897c8f unregistered
2025-08-06 18:53:53,384 INFO  [io.api.tes.uti.TestSeparator] (main) io.apicurio.tests.serdes.apicurio.AvroSerdeIT.testWrongSchema-FINISHED
2025-08-06 18:53:53,384 INFO  [io.api.tes.uti.TestSeparator] (main) ############################################################################
Test passed: testWrongSchema
]]></system-out>
    <system-err><![CDATA[io.apicurio.registry.rest.client.models.ProblemDetails
	at io.apicurio.registry.rest.client.models.ProblemDetails.createFromDiscriminatorValue(ProblemDetails.java:58)
	at io.kiota.serialization.json.JsonParseNode.getObjectValue(JsonParseNode.java:247)
	at io.kiota.http.vertx.VertXRequestAdapter.lambda$throwIfFailedResponse$0(VertXRequestAdapter.java:400)
	at com.microsoft.kiota.ApiExceptionBuilder.<init>(ApiExceptionBuilder.java:26)
	at io.kiota.http.vertx.VertXRequestAdapter.throwIfFailedResponse(VertXRequestAdapter.java:399)
	at io.kiota.http.vertx.VertXRequestAdapter.send(VertXRequestAdapter.java:170)
	at io.apicurio.registry.rest.client.groups.item.artifacts.item.versions.item.WithVersionExpressionItemRequestBuilder.get(WithVersionExpressionItemRequestBuilder.java:128)
	at io.apicurio.registry.rest.client.groups.item.artifacts.item.versions.item.WithVersionExpressionItemRequestBuilder.get(WithVersionExpressionItemRequestBuilder.java:111)
	at io.apicurio.registry.resolver.client.RegistryClientFacadeImpl.getVersionCoordinatesByGAV(RegistryClientFacadeImpl.java:159)
	at io.apicurio.registry.resolver.DefaultSchemaResolver.resolveByCoordinates(DefaultSchemaResolver.java:352)
	at io.apicurio.registry.resolver.DefaultSchemaResolver.lambda$resolveSchemaByArtifactReferenceCached$6(DefaultSchemaResolver.java:340)
	at io.apicurio.registry.resolver.cache.ERCache.lambda$getValue$0(ERCache.java:174)
	at io.apicurio.registry.resolver.cache.ERCache.retry(ERCache.java:227)
	at io.apicurio.registry.resolver.cache.ERCache.getValue(ERCache.java:173)
	at io.apicurio.registry.resolver.cache.ERCache.getByArtifactCoordinates(ERCache.java:158)
	at io.apicurio.registry.resolver.DefaultSchemaResolver.resolveSchemaByArtifactReferenceCached(DefaultSchemaResolver.java:338)
	at io.apicurio.registry.resolver.DefaultSchemaResolver.resolveSchemaByCoordinates(DefaultSchemaResolver.java:193)
	at io.apicurio.registry.resolver.DefaultSchemaResolver.getSchemaFromRegistry(DefaultSchemaResolver.java:130)
	at io.apicurio.registry.resolver.DefaultSchemaResolver.lambda$resolveSchema$0(DefaultSchemaResolver.java:84)
	at java.base/java.util.Optional.orElseGet(Optional.java:364)
	at io.apicurio.registry.resolver.DefaultSchemaResolver.resolveSchema(DefaultSchemaResolver.java:84)
	at io.apicurio.registry.serde.AbstractSerializer.serializeData(AbstractSerializer.java:62)
	at io.apicurio.registry.serde.KafkaSerializer.serialize(KafkaSerializer.java:77)
	at org.apache.kafka.clients.producer.KafkaProducer.doSend(KafkaProducer.java:1046)
	at org.apache.kafka.clients.producer.KafkaProducer.send(KafkaProducer.java:993)
	at org.apache.kafka.clients.producer.KafkaProducer.send(KafkaProducer.java:875)
	at io.apicurio.tests.serdes.apicurio.KafkaSerdesTester.lambda$produceMessages$3(KafkaSerdesTester.java:138)
	at java.base/java.util.concurrent.CompletableFuture$AsyncSupply.run(CompletableFuture.java:1768)
	at java.base/java.lang.Thread.run(Thread.java:840)
]]></system-err>
  </testcase>
  <testcase name="testAvroJSON" classname="io.apicurio.tests.serdes.apicurio.AvroSerdeIT" time="4.377">
    <system-out><![CDATA[2025-08-06 18:53:53,386 INFO  [io.api.tes.uti.TestSeparator] (main) ############################################################################
2025-08-06 18:53:53,386 INFO  [io.api.tes.uti.TestSeparator] (main) io.apicurio.tests.serdes.apicurio.AvroSerdeIT.testAvroJSON-STARTED
**** Registry Base URL: http://registry-app-mysql.apps.ci419.apicurio-testing.org:80
2025-08-06 18:53:53,392 INFO  [org.apa.kaf.cli.pro.ProducerConfig] (main) ProducerConfig values: 
	acks = -1
	auto.include.jmx.reporter = true
	batch.size = 16384
	bootstrap.servers = [PLAINTEXT://localhost:32769]
	buffer.memory = 33554432
	client.dns.lookup = use_all_dns_ips
	client.id = Producer-topic-b527b00d_89bf_4d35_974e_a862f7658a49
	compression.gzip.level = -1
	compression.lz4.level = 9
	compression.type = none
	compression.zstd.level = 3
	connections.max.idle.ms = 10000
	delivery.timeout.ms = 120000
	enable.idempotence = true
	enable.metrics.push = true
	interceptor.classes = []
	key.serializer = class org.apache.kafka.common.serialization.StringSerializer
	linger.ms = 0
	max.block.ms = 60000
	max.in.flight.requests.per.connection = 5
	max.request.size = 1048576
	metadata.max.age.ms = 300000
	metadata.max.idle.ms = 300000
	metadata.recovery.strategy = none
	metric.reporters = []
	metrics.num.samples = 2
	metrics.recording.level = INFO
	metrics.sample.window.ms = 30000
	partitioner.adaptive.partitioning.enable = true
	partitioner.availability.timeout.ms = 0
	partitioner.class = null
	partitioner.ignore.keys = false
	receive.buffer.bytes = 32768
	reconnect.backoff.max.ms = 1000
	reconnect.backoff.ms = 50
	request.timeout.ms = 5000
	retries = 2147483647
	retry.backoff.max.ms = 1000
	retry.backoff.ms = 100
	sasl.client.callback.handler.class = null
	sasl.jaas.config = null
	sasl.kerberos.kinit.cmd = /usr/bin/kinit
	sasl.kerberos.min.time.before.relogin = 60000
	sasl.kerberos.service.name = null
	sasl.kerberos.ticket.renew.jitter = 0.05
	sasl.kerberos.ticket.renew.window.factor = 0.8
	sasl.login.callback.handler.class = null
	sasl.login.class = null
	sasl.login.connect.timeout.ms = null
	sasl.login.read.timeout.ms = null
	sasl.login.refresh.buffer.seconds = 300
	sasl.login.refresh.min.period.seconds = 60
	sasl.login.refresh.window.factor = 0.8
	sasl.login.refresh.window.jitter = 0.05
	sasl.login.retry.backoff.max.ms = 10000
	sasl.login.retry.backoff.ms = 100
	sasl.mechanism = GSSAPI
	sasl.oauthbearer.clock.skew.seconds = 30
	sasl.oauthbearer.expected.audience = null
	sasl.oauthbearer.expected.issuer = null
	sasl.oauthbearer.header.urlencode = false
	sasl.oauthbearer.jwks.endpoint.refresh.ms = 3600000
	sasl.oauthbearer.jwks.endpoint.retry.backoff.max.ms = 10000
	sasl.oauthbearer.jwks.endpoint.retry.backoff.ms = 100
	sasl.oauthbearer.jwks.endpoint.url = null
	sasl.oauthbearer.scope.claim.name = scope
	sasl.oauthbearer.sub.claim.name = sub
	sasl.oauthbearer.token.endpoint.url = null
	security.protocol = PLAINTEXT
	security.providers = null
	send.buffer.bytes = 131072
	socket.connection.setup.timeout.max.ms = 30000
	socket.connection.setup.timeout.ms = 10000
	ssl.cipher.suites = null
	ssl.enabled.protocols = [TLSv1.2, TLSv1.3]
	ssl.endpoint.identification.algorithm = https
	ssl.engine.factory.class = null
	ssl.key.password = null
	ssl.keymanager.algorithm = SunX509
	ssl.keystore.certificate.chain = null
	ssl.keystore.key = null
	ssl.keystore.location = null
	ssl.keystore.password = null
	ssl.keystore.type = JKS
	ssl.protocol = TLSv1.3
	ssl.provider = null
	ssl.secure.random.implementation = null
	ssl.trustmanager.algorithm = PKIX
	ssl.truststore.certificates = null
	ssl.truststore.location = null
	ssl.truststore.password = null
	ssl.truststore.type = JKS
	transaction.timeout.ms = 60000
	transactional.id = null
	value.serializer = class io.apicurio.registry.serde.avro.AvroKafkaSerializer

2025-08-06 18:53:53,396 INFO  [org.apa.kaf.com.tel.int.KafkaMetricsCollector] (main) initializing Kafka metrics collector
2025-08-06 18:53:53,406 INFO  [org.apa.kaf.cli.pro.KafkaProducer] (main) [Producer clientId=Producer-topic-b527b00d_89bf_4d35_974e_a862f7658a49] Instantiated an idempotent producer.
2025-08-06 18:53:53,410 INFO  [org.apa.kaf.cli.pro.ProducerConfig] (main) These configurations '[apicurio.registry.avro.encoding, apicurio.registry.url, apicurio.registry.auto-register, apicurio.registry.artifact-resolver-strategy]' were supplied but are not used yet.
2025-08-06 18:53:53,410 INFO  [org.apa.kaf.com.uti.AppInfoParser] (main) Kafka version: 3.9.1
2025-08-06 18:53:53,412 INFO  [org.apa.kaf.com.uti.AppInfoParser] (main) Kafka commitId: f745dfdcee2b9851
2025-08-06 18:53:53,412 INFO  [org.apa.kaf.com.uti.AppInfoParser] (main) Kafka startTimeMs: 1754506433410
2025-08-06 18:53:53,412 INFO  [io.api.tes.ser.api.SimpleSerdesTesterBuilder$SimpleSerdesTester] (main) Using producer configuration: {apicurio.registry.avro.encoding=JSON, apicurio.registry.url=http://registry-app-mysql.apps.ci419.apicurio-testing.org:80/apis/registry/v3, apicurio.registry.auto-register=true, apicurio.registry.artifact-resolver-strategy=io.apicurio.registry.serde.strategy.TopicIdStrategy, value.serializer=io.apicurio.registry.serde.avro.AvroKafkaSerializer, request.timeout.ms=5000, acks=all, bootstrap.servers=PLAINTEXT://localhost:32769, connections.max.idle.ms=10000, key.serializer=org.apache.kafka.common.serialization.StringSerializer, client.id=Producer-topic-b527b00d_89bf_4d35_974e_a862f7658a49}
2025-08-06 18:53:53,412 INFO  [io.api.tes.ser.api.SimpleSerdesTesterBuilder$SimpleSerdesTester] (main) Using consumer configuration: {apicurio.registry.avro.encoding=JSON}
2025-08-06 18:53:53,413 INFO  [io.api.tes.ser.api.KafkaSerdesTester] (Thread-615) Sending message {"bar": "value-0"} to topic topic-b527b00d_89bf_4d35_974e_a862f7658a49
2025-08-06 18:53:53,418 WARN  [org.apa.kaf.cli.NetworkClient] (kafka-producer-network-thread | Producer-topic-b527b00d_89bf_4d35_974e_a862f7658a49) [Producer clientId=Producer-topic-b527b00d_89bf_4d35_974e_a862f7658a49] The metadata response from the cluster reported a recoverable issue with correlation id 1 : {topic-b527b00d_89bf_4d35_974e_a862f7658a49=UNKNOWN_TOPIC_OR_PARTITION}
2025-08-06 18:53:53,419 INFO  [org.apa.kaf.cli.Metadata] (kafka-producer-network-thread | Producer-topic-b527b00d_89bf_4d35_974e_a862f7658a49) [Producer clientId=Producer-topic-b527b00d_89bf_4d35_974e_a862f7658a49] Cluster ID: kF8Ua3WQTR-RR3LzMUds4A
2025-08-06 18:53:53,419 INFO  [org.apa.kaf.cli.pro.int.TransactionManager] (kafka-producer-network-thread | Producer-topic-b527b00d_89bf_4d35_974e_a862f7658a49) [Producer clientId=Producer-topic-b527b00d_89bf_4d35_974e_a862f7658a49] ProducerId set to 3 with epoch 0
2025-08-06 18:53:53,728 INFO  [io.api.tes.ser.api.KafkaSerdesTester] (Thread-615) Sending message {"bar": "value-1"} to topic topic-b527b00d_89bf_4d35_974e_a862f7658a49
2025-08-06 18:53:53,733 INFO  [io.api.tes.ser.api.KafkaSerdesTester] (Thread-615) Sending message {"bar": "value-2"} to topic topic-b527b00d_89bf_4d35_974e_a862f7658a49
2025-08-06 18:53:53,741 INFO  [io.api.tes.ser.api.KafkaSerdesTester] (Thread-615) Sending message {"bar": "value-3"} to topic topic-b527b00d_89bf_4d35_974e_a862f7658a49
2025-08-06 18:53:53,747 INFO  [io.api.tes.ser.api.KafkaSerdesTester] (Thread-615) Sending message {"bar": "value-4"} to topic topic-b527b00d_89bf_4d35_974e_a862f7658a49
2025-08-06 18:53:53,750 INFO  [io.api.tes.ser.api.KafkaSerdesTester] (Thread-615) Sending message {"bar": "value-5"} to topic topic-b527b00d_89bf_4d35_974e_a862f7658a49
2025-08-06 18:53:53,755 INFO  [io.api.tes.ser.api.KafkaSerdesTester] (Thread-615) Sending message {"bar": "value-6"} to topic topic-b527b00d_89bf_4d35_974e_a862f7658a49
2025-08-06 18:53:53,763 INFO  [io.api.tes.ser.api.KafkaSerdesTester] (Thread-615) Sending message {"bar": "value-7"} to topic topic-b527b00d_89bf_4d35_974e_a862f7658a49
2025-08-06 18:53:53,769 INFO  [io.api.tes.ser.api.KafkaSerdesTester] (Thread-615) Sending message {"bar": "value-8"} to topic topic-b527b00d_89bf_4d35_974e_a862f7658a49
2025-08-06 18:53:53,773 INFO  [io.api.tes.ser.api.KafkaSerdesTester] (Thread-615) Sending message {"bar": "value-9"} to topic topic-b527b00d_89bf_4d35_974e_a862f7658a49
2025-08-06 18:53:53,778 INFO  [io.api.tes.ser.api.KafkaSerdesTester] (Thread-615) Produced 10 messages
2025-08-06 18:53:53,778 INFO  [org.apa.kaf.cli.pro.KafkaProducer] (Thread-615) [Producer clientId=Producer-topic-b527b00d_89bf_4d35_974e_a862f7658a49] Closing the Kafka producer with timeoutMillis = 9223372036854775807 ms.
2025-08-06 18:53:53,784 INFO  [org.apa.kaf.com.met.Metrics] (Thread-615) Metrics scheduler closed
2025-08-06 18:53:53,784 INFO  [org.apa.kaf.com.met.Metrics] (Thread-615) Closing reporter org.apache.kafka.common.metrics.JmxReporter
2025-08-06 18:53:53,784 INFO  [org.apa.kaf.com.met.Metrics] (Thread-615) Closing reporter org.apache.kafka.common.telemetry.internals.ClientTelemetryReporter
2025-08-06 18:53:53,784 INFO  [org.apa.kaf.com.met.Metrics] (Thread-615) Metrics reporters closed
2025-08-06 18:53:53,785 INFO  [org.apa.kaf.com.uti.AppInfoParser] (Thread-615) App info kafka.producer for Producer-topic-b527b00d_89bf_4d35_974e_a862f7658a49 unregistered
**** Registry Base URL: http://registry-app-mysql.apps.ci419.apicurio-testing.org:80
2025-08-06 18:53:53,954 INFO  [org.apa.kaf.cli.con.ConsumerConfig] (main) ConsumerConfig values: 
	allow.auto.create.topics = true
	auto.commit.interval.ms = 500
	auto.include.jmx.reporter = true
	auto.offset.reset = earliest
	bootstrap.servers = [PLAINTEXT://localhost:32769]
	check.crcs = true
	client.dns.lookup = use_all_dns_ips
	client.id = consumer-Consumer-topic-b527b00d_89bf_4d35_974e_a862f7658a49-3
	client.rack = 
	connections.max.idle.ms = 10000
	default.api.timeout.ms = 60000
	enable.auto.commit = true
	enable.metrics.push = true
	exclude.internal.topics = true
	fetch.max.bytes = 52428800
	fetch.max.wait.ms = 500
	fetch.min.bytes = 1
	group.id = Consumer-topic-b527b00d_89bf_4d35_974e_a862f7658a49
	group.instance.id = null
	group.protocol = classic
	group.remote.assignor = null
	heartbeat.interval.ms = 3000
	interceptor.classes = []
	internal.leave.group.on.close = true
	internal.throw.on.fetch.stable.offset.unsupported = false
	isolation.level = read_uncommitted
	key.deserializer = class org.apache.kafka.common.serialization.StringDeserializer
	max.partition.fetch.bytes = 1048576
	max.poll.interval.ms = 300000
	max.poll.records = 500
	metadata.max.age.ms = 300000
	metadata.recovery.strategy = none
	metric.reporters = []
	metrics.num.samples = 2
	metrics.recording.level = INFO
	metrics.sample.window.ms = 30000
	partition.assignment.strategy = [class org.apache.kafka.clients.consumer.RangeAssignor, class org.apache.kafka.clients.consumer.CooperativeStickyAssignor]
	receive.buffer.bytes = 65536
	reconnect.backoff.max.ms = 1000
	reconnect.backoff.ms = 50
	request.timeout.ms = 5000
	retry.backoff.max.ms = 1000
	retry.backoff.ms = 100
	sasl.client.callback.handler.class = null
	sasl.jaas.config = null
	sasl.kerberos.kinit.cmd = /usr/bin/kinit
	sasl.kerberos.min.time.before.relogin = 60000
	sasl.kerberos.service.name = null
	sasl.kerberos.ticket.renew.jitter = 0.05
	sasl.kerberos.ticket.renew.window.factor = 0.8
	sasl.login.callback.handler.class = null
	sasl.login.class = null
	sasl.login.connect.timeout.ms = null
	sasl.login.read.timeout.ms = null
	sasl.login.refresh.buffer.seconds = 300
	sasl.login.refresh.min.period.seconds = 60
	sasl.login.refresh.window.factor = 0.8
	sasl.login.refresh.window.jitter = 0.05
	sasl.login.retry.backoff.max.ms = 10000
	sasl.login.retry.backoff.ms = 100
	sasl.mechanism = GSSAPI
	sasl.oauthbearer.clock.skew.seconds = 30
	sasl.oauthbearer.expected.audience = null
	sasl.oauthbearer.expected.issuer = null
	sasl.oauthbearer.header.urlencode = false
	sasl.oauthbearer.jwks.endpoint.refresh.ms = 3600000
	sasl.oauthbearer.jwks.endpoint.retry.backoff.max.ms = 10000
	sasl.oauthbearer.jwks.endpoint.retry.backoff.ms = 100
	sasl.oauthbearer.jwks.endpoint.url = null
	sasl.oauthbearer.scope.claim.name = scope
	sasl.oauthbearer.sub.claim.name = sub
	sasl.oauthbearer.token.endpoint.url = null
	security.protocol = PLAINTEXT
	security.providers = null
	send.buffer.bytes = 131072
	session.timeout.ms = 45000
	socket.connection.setup.timeout.max.ms = 30000
	socket.connection.setup.timeout.ms = 10000
	ssl.cipher.suites = null
	ssl.enabled.protocols = [TLSv1.2, TLSv1.3]
	ssl.endpoint.identification.algorithm = https
	ssl.engine.factory.class = null
	ssl.key.password = null
	ssl.keymanager.algorithm = SunX509
	ssl.keystore.certificate.chain = null
	ssl.keystore.key = null
	ssl.keystore.location = null
	ssl.keystore.password = null
	ssl.keystore.type = JKS
	ssl.protocol = TLSv1.3
	ssl.provider = null
	ssl.secure.random.implementation = null
	ssl.trustmanager.algorithm = PKIX
	ssl.truststore.certificates = null
	ssl.truststore.location = null
	ssl.truststore.password = null
	ssl.truststore.type = JKS
	value.deserializer = class io.apicurio.registry.serde.avro.AvroKafkaDeserializer

2025-08-06 18:53:53,955 INFO  [org.apa.kaf.com.tel.int.KafkaMetricsCollector] (main) initializing Kafka metrics collector
2025-08-06 18:53:53,963 INFO  [org.apa.kaf.cli.con.ConsumerConfig] (main) These configurations '[apicurio.registry.avro.encoding, apicurio.registry.url]' were supplied but are not used yet.
2025-08-06 18:53:53,964 INFO  [org.apa.kaf.com.uti.AppInfoParser] (main) Kafka version: 3.9.1
2025-08-06 18:53:53,964 INFO  [org.apa.kaf.com.uti.AppInfoParser] (main) Kafka commitId: f745dfdcee2b9851
2025-08-06 18:53:53,964 INFO  [org.apa.kaf.com.uti.AppInfoParser] (main) Kafka startTimeMs: 1754506433963
2025-08-06 18:53:53,964 INFO  [org.apa.kaf.cli.con.int.ClassicKafkaConsumer] (Thread-618) [Consumer clientId=consumer-Consumer-topic-b527b00d_89bf_4d35_974e_a862f7658a49-3, groupId=Consumer-topic-b527b00d_89bf_4d35_974e_a862f7658a49] Subscribed to topic(s): topic-b527b00d_89bf_4d35_974e_a862f7658a49
2025-08-06 18:53:53,977 INFO  [org.apa.kaf.cli.Metadata] (Thread-618) [Consumer clientId=consumer-Consumer-topic-b527b00d_89bf_4d35_974e_a862f7658a49-3, groupId=Consumer-topic-b527b00d_89bf_4d35_974e_a862f7658a49] Cluster ID: kF8Ua3WQTR-RR3LzMUds4A
2025-08-06 18:53:53,983 INFO  [org.apa.kaf.cli.con.int.ConsumerCoordinator] (Thread-618) [Consumer clientId=consumer-Consumer-topic-b527b00d_89bf_4d35_974e_a862f7658a49-3, groupId=Consumer-topic-b527b00d_89bf_4d35_974e_a862f7658a49] Discovered group coordinator localhost:32769 (id: 2147483647 rack: null)
2025-08-06 18:53:53,989 INFO  [org.apa.kaf.cli.con.int.ConsumerCoordinator] (Thread-618) [Consumer clientId=consumer-Consumer-topic-b527b00d_89bf_4d35_974e_a862f7658a49-3, groupId=Consumer-topic-b527b00d_89bf_4d35_974e_a862f7658a49] (Re-)joining group
2025-08-06 18:53:53,994 INFO  [org.apa.kaf.cli.con.int.ConsumerCoordinator] (Thread-618) [Consumer clientId=consumer-Consumer-topic-b527b00d_89bf_4d35_974e_a862f7658a49-3, groupId=Consumer-topic-b527b00d_89bf_4d35_974e_a862f7658a49] Request joining group due to: need to re-join with the given member-id: consumer-Consumer-topic-b527b00d_89bf_4d35_974e_a862f7658a49-3-da23a56f-1d50-42dc-8c94-e1ef1dc9771e
2025-08-06 18:53:53,994 INFO  [org.apa.kaf.cli.con.int.ConsumerCoordinator] (Thread-618) [Consumer clientId=consumer-Consumer-topic-b527b00d_89bf_4d35_974e_a862f7658a49-3, groupId=Consumer-topic-b527b00d_89bf_4d35_974e_a862f7658a49] (Re-)joining group
2025-08-06 18:53:54,964 INFO  [io.api.tes.ser.api.KafkaSerdesTester] (Thread-618) None found
2025-08-06 18:53:55,966 INFO  [io.api.tes.ser.api.KafkaSerdesTester] (Thread-618) None found
2025-08-06 18:53:56,967 INFO  [io.api.tes.ser.api.KafkaSerdesTester] (Thread-618) None found
2025-08-06 18:53:56,997 INFO  [org.apa.kaf.cli.con.int.ConsumerCoordinator] (Thread-618) [Consumer clientId=consumer-Consumer-topic-b527b00d_89bf_4d35_974e_a862f7658a49-3, groupId=Consumer-topic-b527b00d_89bf_4d35_974e_a862f7658a49] Successfully joined group with generation Generation{generationId=1, memberId='consumer-Consumer-topic-b527b00d_89bf_4d35_974e_a862f7658a49-3-da23a56f-1d50-42dc-8c94-e1ef1dc9771e', protocol='range'}
2025-08-06 18:53:56,997 INFO  [org.apa.kaf.cli.con.int.ConsumerCoordinator] (Thread-618) [Consumer clientId=consumer-Consumer-topic-b527b00d_89bf_4d35_974e_a862f7658a49-3, groupId=Consumer-topic-b527b00d_89bf_4d35_974e_a862f7658a49] Finished assignment for group at generation 1: {consumer-Consumer-topic-b527b00d_89bf_4d35_974e_a862f7658a49-3-da23a56f-1d50-42dc-8c94-e1ef1dc9771e=Assignment(partitions=[topic-b527b00d_89bf_4d35_974e_a862f7658a49-0])}
2025-08-06 18:53:57,005 INFO  [org.apa.kaf.cli.con.int.ConsumerCoordinator] (Thread-618) [Consumer clientId=consumer-Consumer-topic-b527b00d_89bf_4d35_974e_a862f7658a49-3, groupId=Consumer-topic-b527b00d_89bf_4d35_974e_a862f7658a49] Successfully synced group in generation Generation{generationId=1, memberId='consumer-Consumer-topic-b527b00d_89bf_4d35_974e_a862f7658a49-3-da23a56f-1d50-42dc-8c94-e1ef1dc9771e', protocol='range'}
2025-08-06 18:53:57,005 INFO  [org.apa.kaf.cli.con.int.ConsumerCoordinator] (Thread-618) [Consumer clientId=consumer-Consumer-topic-b527b00d_89bf_4d35_974e_a862f7658a49-3, groupId=Consumer-topic-b527b00d_89bf_4d35_974e_a862f7658a49] Notifying assignor about the new Assignment(partitions=[topic-b527b00d_89bf_4d35_974e_a862f7658a49-0])
2025-08-06 18:53:57,006 INFO  [org.apa.kaf.cli.con.int.ConsumerRebalanceListenerInvoker] (Thread-618) [Consumer clientId=consumer-Consumer-topic-b527b00d_89bf_4d35_974e_a862f7658a49-3, groupId=Consumer-topic-b527b00d_89bf_4d35_974e_a862f7658a49] Adding newly assigned partitions: topic-b527b00d_89bf_4d35_974e_a862f7658a49-0
2025-08-06 18:53:57,007 INFO  [org.apa.kaf.cli.con.int.ConsumerCoordinator] (Thread-618) [Consumer clientId=consumer-Consumer-topic-b527b00d_89bf_4d35_974e_a862f7658a49-3, groupId=Consumer-topic-b527b00d_89bf_4d35_974e_a862f7658a49] Found no committed offset for partition topic-b527b00d_89bf_4d35_974e_a862f7658a49-0
2025-08-06 18:53:57,009 INFO  [org.apa.kaf.cli.con.int.SubscriptionState] (Thread-618) [Consumer clientId=consumer-Consumer-topic-b527b00d_89bf_4d35_974e_a862f7658a49-3, groupId=Consumer-topic-b527b00d_89bf_4d35_974e_a862f7658a49] Resetting offset for partition topic-b527b00d_89bf_4d35_974e_a862f7658a49-0 to position FetchPosition{offset=0, offsetEpoch=Optional.empty, currentLeader=LeaderAndEpoch{leader=Optional[localhost:32769 (id: 0 rack: null)], epoch=0}}.
2025-08-06 18:53:57,249 INFO  [io.api.tes.ser.api.KafkaSerdesTester] (Thread-618) topic-b527b00d_89bf_4d35_974e_a862f7658a49 0 0 {"bar": "value-0"}
2025-08-06 18:53:57,249 INFO  [io.api.tes.ser.api.KafkaSerdesTester] (Thread-618) topic-b527b00d_89bf_4d35_974e_a862f7658a49 0 1 {"bar": "value-1"}
2025-08-06 18:53:57,250 INFO  [io.api.tes.ser.api.KafkaSerdesTester] (Thread-618) topic-b527b00d_89bf_4d35_974e_a862f7658a49 0 2 {"bar": "value-2"}
2025-08-06 18:53:57,250 INFO  [io.api.tes.ser.api.KafkaSerdesTester] (Thread-618) topic-b527b00d_89bf_4d35_974e_a862f7658a49 0 3 {"bar": "value-3"}
2025-08-06 18:53:57,250 INFO  [io.api.tes.ser.api.KafkaSerdesTester] (Thread-618) topic-b527b00d_89bf_4d35_974e_a862f7658a49 0 4 {"bar": "value-4"}
2025-08-06 18:53:57,250 INFO  [io.api.tes.ser.api.KafkaSerdesTester] (Thread-618) topic-b527b00d_89bf_4d35_974e_a862f7658a49 0 5 {"bar": "value-5"}
2025-08-06 18:53:57,250 INFO  [io.api.tes.ser.api.KafkaSerdesTester] (Thread-618) topic-b527b00d_89bf_4d35_974e_a862f7658a49 0 6 {"bar": "value-6"}
2025-08-06 18:53:57,250 INFO  [io.api.tes.ser.api.KafkaSerdesTester] (Thread-618) topic-b527b00d_89bf_4d35_974e_a862f7658a49 0 7 {"bar": "value-7"}
2025-08-06 18:53:57,250 INFO  [io.api.tes.ser.api.KafkaSerdesTester] (Thread-618) topic-b527b00d_89bf_4d35_974e_a862f7658a49 0 8 {"bar": "value-8"}
2025-08-06 18:53:57,250 INFO  [io.api.tes.ser.api.KafkaSerdesTester] (Thread-618) topic-b527b00d_89bf_4d35_974e_a862f7658a49 0 9 {"bar": "value-9"}
2025-08-06 18:53:57,250 INFO  [io.api.tes.ser.api.KafkaSerdesTester] (Thread-618) Consumed 10 messages
2025-08-06 18:53:57,260 INFO  [org.apa.kaf.cli.con.int.ConsumerRebalanceListenerInvoker] (Thread-618) [Consumer clientId=consumer-Consumer-topic-b527b00d_89bf_4d35_974e_a862f7658a49-3, groupId=Consumer-topic-b527b00d_89bf_4d35_974e_a862f7658a49] Revoke previously assigned partitions topic-b527b00d_89bf_4d35_974e_a862f7658a49-0
2025-08-06 18:53:57,261 INFO  [org.apa.kaf.cli.con.int.ConsumerCoordinator] (Thread-618) [Consumer clientId=consumer-Consumer-topic-b527b00d_89bf_4d35_974e_a862f7658a49-3, groupId=Consumer-topic-b527b00d_89bf_4d35_974e_a862f7658a49] Member consumer-Consumer-topic-b527b00d_89bf_4d35_974e_a862f7658a49-3-da23a56f-1d50-42dc-8c94-e1ef1dc9771e sending LeaveGroup request to coordinator localhost:32769 (id: 2147483647 rack: null) due to the consumer is being closed
2025-08-06 18:53:57,261 INFO  [org.apa.kaf.cli.con.int.ConsumerCoordinator] (Thread-618) [Consumer clientId=consumer-Consumer-topic-b527b00d_89bf_4d35_974e_a862f7658a49-3, groupId=Consumer-topic-b527b00d_89bf_4d35_974e_a862f7658a49] Resetting generation and member id due to: consumer pro-actively leaving the group
2025-08-06 18:53:57,262 INFO  [org.apa.kaf.cli.con.int.ConsumerCoordinator] (Thread-618) [Consumer clientId=consumer-Consumer-topic-b527b00d_89bf_4d35_974e_a862f7658a49-3, groupId=Consumer-topic-b527b00d_89bf_4d35_974e_a862f7658a49] Request joining group due to: consumer pro-actively leaving the group
2025-08-06 18:53:57,756 INFO  [org.apa.kaf.com.met.Metrics] (Thread-618) Metrics scheduler closed
2025-08-06 18:53:57,757 INFO  [org.apa.kaf.com.met.Metrics] (Thread-618) Closing reporter org.apache.kafka.common.metrics.JmxReporter
2025-08-06 18:53:57,757 INFO  [org.apa.kaf.com.met.Metrics] (Thread-618) Closing reporter org.apache.kafka.common.telemetry.internals.ClientTelemetryReporter
2025-08-06 18:53:57,757 INFO  [org.apa.kaf.com.met.Metrics] (Thread-618) Metrics reporters closed
2025-08-06 18:53:57,760 INFO  [org.apa.kaf.com.uti.AppInfoParser] (Thread-618) App info kafka.consumer for consumer-Consumer-topic-b527b00d_89bf_4d35_974e_a862f7658a49-3 unregistered
2025-08-06 18:53:57,761 INFO  [io.api.tes.uti.TestSeparator] (main) io.apicurio.tests.serdes.apicurio.AvroSerdeIT.testAvroJSON-FINISHED
2025-08-06 18:53:57,762 INFO  [io.api.tes.uti.TestSeparator] (main) ############################################################################
Test passed: testAvroJSON
]]></system-out>
  </testcase>
  <testcase name="testTopicIdStrategyAutoRegister" classname="io.apicurio.tests.serdes.apicurio.AvroSerdeIT" time="4.517">
    <system-out><![CDATA[2025-08-06 18:53:57,764 INFO  [io.api.tes.uti.TestSeparator] (main) ############################################################################
2025-08-06 18:53:57,764 INFO  [io.api.tes.uti.TestSeparator] (main) io.apicurio.tests.serdes.apicurio.AvroSerdeIT.testTopicIdStrategyAutoRegister-STARTED
**** Registry Base URL: http://registry-app-mysql.apps.ci419.apicurio-testing.org:80
2025-08-06 18:53:57,768 INFO  [org.apa.kaf.cli.pro.ProducerConfig] (main) ProducerConfig values: 
	acks = -1
	auto.include.jmx.reporter = true
	batch.size = 16384
	bootstrap.servers = [PLAINTEXT://localhost:32769]
	buffer.memory = 33554432
	client.dns.lookup = use_all_dns_ips
	client.id = Producer-topic-532da021_cf4d_468b_a7be_a97c86d34732
	compression.gzip.level = -1
	compression.lz4.level = 9
	compression.type = none
	compression.zstd.level = 3
	connections.max.idle.ms = 10000
	delivery.timeout.ms = 120000
	enable.idempotence = true
	enable.metrics.push = true
	interceptor.classes = []
	key.serializer = class org.apache.kafka.common.serialization.StringSerializer
	linger.ms = 0
	max.block.ms = 60000
	max.in.flight.requests.per.connection = 5
	max.request.size = 1048576
	metadata.max.age.ms = 300000
	metadata.max.idle.ms = 300000
	metadata.recovery.strategy = none
	metric.reporters = []
	metrics.num.samples = 2
	metrics.recording.level = INFO
	metrics.sample.window.ms = 30000
	partitioner.adaptive.partitioning.enable = true
	partitioner.availability.timeout.ms = 0
	partitioner.class = null
	partitioner.ignore.keys = false
	receive.buffer.bytes = 32768
	reconnect.backoff.max.ms = 1000
	reconnect.backoff.ms = 50
	request.timeout.ms = 5000
	retries = 2147483647
	retry.backoff.max.ms = 1000
	retry.backoff.ms = 100
	sasl.client.callback.handler.class = null
	sasl.jaas.config = null
	sasl.kerberos.kinit.cmd = /usr/bin/kinit
	sasl.kerberos.min.time.before.relogin = 60000
	sasl.kerberos.service.name = null
	sasl.kerberos.ticket.renew.jitter = 0.05
	sasl.kerberos.ticket.renew.window.factor = 0.8
	sasl.login.callback.handler.class = null
	sasl.login.class = null
	sasl.login.connect.timeout.ms = null
	sasl.login.read.timeout.ms = null
	sasl.login.refresh.buffer.seconds = 300
	sasl.login.refresh.min.period.seconds = 60
	sasl.login.refresh.window.factor = 0.8
	sasl.login.refresh.window.jitter = 0.05
	sasl.login.retry.backoff.max.ms = 10000
	sasl.login.retry.backoff.ms = 100
	sasl.mechanism = GSSAPI
	sasl.oauthbearer.clock.skew.seconds = 30
	sasl.oauthbearer.expected.audience = null
	sasl.oauthbearer.expected.issuer = null
	sasl.oauthbearer.header.urlencode = false
	sasl.oauthbearer.jwks.endpoint.refresh.ms = 3600000
	sasl.oauthbearer.jwks.endpoint.retry.backoff.max.ms = 10000
	sasl.oauthbearer.jwks.endpoint.retry.backoff.ms = 100
	sasl.oauthbearer.jwks.endpoint.url = null
	sasl.oauthbearer.scope.claim.name = scope
	sasl.oauthbearer.sub.claim.name = sub
	sasl.oauthbearer.token.endpoint.url = null
	security.protocol = PLAINTEXT
	security.providers = null
	send.buffer.bytes = 131072
	socket.connection.setup.timeout.max.ms = 30000
	socket.connection.setup.timeout.ms = 10000
	ssl.cipher.suites = null
	ssl.enabled.protocols = [TLSv1.2, TLSv1.3]
	ssl.endpoint.identification.algorithm = https
	ssl.engine.factory.class = null
	ssl.key.password = null
	ssl.keymanager.algorithm = SunX509
	ssl.keystore.certificate.chain = null
	ssl.keystore.key = null
	ssl.keystore.location = null
	ssl.keystore.password = null
	ssl.keystore.type = JKS
	ssl.protocol = TLSv1.3
	ssl.provider = null
	ssl.secure.random.implementation = null
	ssl.trustmanager.algorithm = PKIX
	ssl.truststore.certificates = null
	ssl.truststore.location = null
	ssl.truststore.password = null
	ssl.truststore.type = JKS
	transaction.timeout.ms = 60000
	transactional.id = null
	value.serializer = class io.apicurio.registry.serde.avro.AvroKafkaSerializer

2025-08-06 18:53:57,769 INFO  [org.apa.kaf.com.tel.int.KafkaMetricsCollector] (main) initializing Kafka metrics collector
2025-08-06 18:53:57,779 INFO  [org.apa.kaf.cli.pro.KafkaProducer] (main) [Producer clientId=Producer-topic-532da021_cf4d_468b_a7be_a97c86d34732] Instantiated an idempotent producer.
2025-08-06 18:53:57,783 INFO  [org.apa.kaf.cli.pro.ProducerConfig] (main) These configurations '[apicurio.registry.url, apicurio.registry.auto-register, apicurio.registry.artifact-resolver-strategy]' were supplied but are not used yet.
2025-08-06 18:53:57,783 INFO  [org.apa.kaf.com.uti.AppInfoParser] (main) Kafka version: 3.9.1
2025-08-06 18:53:57,783 INFO  [org.apa.kaf.com.uti.AppInfoParser] (main) Kafka commitId: f745dfdcee2b9851
2025-08-06 18:53:57,783 INFO  [org.apa.kaf.com.uti.AppInfoParser] (main) Kafka startTimeMs: 1754506437783
2025-08-06 18:53:57,784 INFO  [io.api.tes.ser.api.SimpleSerdesTesterBuilder$SimpleSerdesTester] (main) Using producer configuration: {apicurio.registry.url=http://registry-app-mysql.apps.ci419.apicurio-testing.org:80/apis/registry/v3, apicurio.registry.auto-register=true, apicurio.registry.artifact-resolver-strategy=io.apicurio.registry.serde.strategy.TopicIdStrategy, value.serializer=io.apicurio.registry.serde.avro.AvroKafkaSerializer, request.timeout.ms=5000, acks=all, bootstrap.servers=PLAINTEXT://localhost:32769, connections.max.idle.ms=10000, key.serializer=org.apache.kafka.common.serialization.StringSerializer, client.id=Producer-topic-532da021_cf4d_468b_a7be_a97c86d34732}
2025-08-06 18:53:57,784 INFO  [io.api.tes.ser.api.SimpleSerdesTesterBuilder$SimpleSerdesTester] (main) Using consumer configuration: {}
2025-08-06 18:53:57,785 INFO  [io.api.tes.ser.api.KafkaSerdesTester] (Thread-621) Sending message {"key11754506437767": "value-0"} to topic topic-532da021_cf4d_468b_a7be_a97c86d34732
2025-08-06 18:53:57,796 WARN  [org.apa.kaf.cli.NetworkClient] (kafka-producer-network-thread | Producer-topic-532da021_cf4d_468b_a7be_a97c86d34732) [Producer clientId=Producer-topic-532da021_cf4d_468b_a7be_a97c86d34732] The metadata response from the cluster reported a recoverable issue with correlation id 1 : {topic-532da021_cf4d_468b_a7be_a97c86d34732=UNKNOWN_TOPIC_OR_PARTITION}
2025-08-06 18:53:57,796 INFO  [org.apa.kaf.cli.Metadata] (kafka-producer-network-thread | Producer-topic-532da021_cf4d_468b_a7be_a97c86d34732) [Producer clientId=Producer-topic-532da021_cf4d_468b_a7be_a97c86d34732] Cluster ID: kF8Ua3WQTR-RR3LzMUds4A
2025-08-06 18:53:57,797 INFO  [org.apa.kaf.cli.pro.int.TransactionManager] (kafka-producer-network-thread | Producer-topic-532da021_cf4d_468b_a7be_a97c86d34732) [Producer clientId=Producer-topic-532da021_cf4d_468b_a7be_a97c86d34732] ProducerId set to 4 with epoch 0
2025-08-06 18:53:58,111 INFO  [io.api.tes.ser.api.KafkaSerdesTester] (Thread-621) Sending message {"key11754506437767": "value-1"} to topic topic-532da021_cf4d_468b_a7be_a97c86d34732
2025-08-06 18:53:58,114 INFO  [io.api.tes.ser.api.KafkaSerdesTester] (Thread-621) Sending message {"key11754506437767": "value-2"} to topic topic-532da021_cf4d_468b_a7be_a97c86d34732
2025-08-06 18:53:58,117 INFO  [io.api.tes.ser.api.KafkaSerdesTester] (Thread-621) Sending message {"key11754506437767": "value-3"} to topic topic-532da021_cf4d_468b_a7be_a97c86d34732
2025-08-06 18:53:58,120 INFO  [io.api.tes.ser.api.KafkaSerdesTester] (Thread-621) Sending message {"key11754506437767": "value-4"} to topic topic-532da021_cf4d_468b_a7be_a97c86d34732
2025-08-06 18:53:58,122 INFO  [io.api.tes.ser.api.KafkaSerdesTester] (Thread-621) Sending message {"key11754506437767": "value-5"} to topic topic-532da021_cf4d_468b_a7be_a97c86d34732
2025-08-06 18:53:58,124 INFO  [io.api.tes.ser.api.KafkaSerdesTester] (Thread-621) Sending message {"key11754506437767": "value-6"} to topic topic-532da021_cf4d_468b_a7be_a97c86d34732
2025-08-06 18:53:58,126 INFO  [io.api.tes.ser.api.KafkaSerdesTester] (Thread-621) Sending message {"key11754506437767": "value-7"} to topic topic-532da021_cf4d_468b_a7be_a97c86d34732
2025-08-06 18:53:58,129 INFO  [io.api.tes.ser.api.KafkaSerdesTester] (Thread-621) Sending message {"key11754506437767": "value-8"} to topic topic-532da021_cf4d_468b_a7be_a97c86d34732
2025-08-06 18:53:58,131 INFO  [io.api.tes.ser.api.KafkaSerdesTester] (Thread-621) Sending message {"key11754506437767": "value-9"} to topic topic-532da021_cf4d_468b_a7be_a97c86d34732
2025-08-06 18:53:58,133 INFO  [io.api.tes.ser.api.KafkaSerdesTester] (Thread-621) Produced 10 messages
2025-08-06 18:53:58,133 INFO  [org.apa.kaf.cli.pro.KafkaProducer] (Thread-621) [Producer clientId=Producer-topic-532da021_cf4d_468b_a7be_a97c86d34732] Closing the Kafka producer with timeoutMillis = 9223372036854775807 ms.
2025-08-06 18:53:58,137 INFO  [org.apa.kaf.com.met.Metrics] (Thread-621) Metrics scheduler closed
2025-08-06 18:53:58,137 INFO  [org.apa.kaf.com.met.Metrics] (Thread-621) Closing reporter org.apache.kafka.common.metrics.JmxReporter
2025-08-06 18:53:58,137 INFO  [org.apa.kaf.com.met.Metrics] (Thread-621) Closing reporter org.apache.kafka.common.telemetry.internals.ClientTelemetryReporter
2025-08-06 18:53:58,137 INFO  [org.apa.kaf.com.met.Metrics] (Thread-621) Metrics reporters closed
2025-08-06 18:53:58,137 INFO  [org.apa.kaf.com.uti.AppInfoParser] (Thread-621) App info kafka.producer for Producer-topic-532da021_cf4d_468b_a7be_a97c86d34732 unregistered
**** Registry Base URL: http://registry-app-mysql.apps.ci419.apicurio-testing.org:80
2025-08-06 18:53:58,308 INFO  [org.apa.kaf.cli.con.ConsumerConfig] (main) ConsumerConfig values: 
	allow.auto.create.topics = true
	auto.commit.interval.ms = 500
	auto.include.jmx.reporter = true
	auto.offset.reset = earliest
	bootstrap.servers = [PLAINTEXT://localhost:32769]
	check.crcs = true
	client.dns.lookup = use_all_dns_ips
	client.id = consumer-Consumer-topic-532da021_cf4d_468b_a7be_a97c86d34732-4
	client.rack = 
	connections.max.idle.ms = 10000
	default.api.timeout.ms = 60000
	enable.auto.commit = true
	enable.metrics.push = true
	exclude.internal.topics = true
	fetch.max.bytes = 52428800
	fetch.max.wait.ms = 500
	fetch.min.bytes = 1
	group.id = Consumer-topic-532da021_cf4d_468b_a7be_a97c86d34732
	group.instance.id = null
	group.protocol = classic
	group.remote.assignor = null
	heartbeat.interval.ms = 3000
	interceptor.classes = []
	internal.leave.group.on.close = true
	internal.throw.on.fetch.stable.offset.unsupported = false
	isolation.level = read_uncommitted
	key.deserializer = class org.apache.kafka.common.serialization.StringDeserializer
	max.partition.fetch.bytes = 1048576
	max.poll.interval.ms = 300000
	max.poll.records = 500
	metadata.max.age.ms = 300000
	metadata.recovery.strategy = none
	metric.reporters = []
	metrics.num.samples = 2
	metrics.recording.level = INFO
	metrics.sample.window.ms = 30000
	partition.assignment.strategy = [class org.apache.kafka.clients.consumer.RangeAssignor, class org.apache.kafka.clients.consumer.CooperativeStickyAssignor]
	receive.buffer.bytes = 65536
	reconnect.backoff.max.ms = 1000
	reconnect.backoff.ms = 50
	request.timeout.ms = 5000
	retry.backoff.max.ms = 1000
	retry.backoff.ms = 100
	sasl.client.callback.handler.class = null
	sasl.jaas.config = null
	sasl.kerberos.kinit.cmd = /usr/bin/kinit
	sasl.kerberos.min.time.before.relogin = 60000
	sasl.kerberos.service.name = null
	sasl.kerberos.ticket.renew.jitter = 0.05
	sasl.kerberos.ticket.renew.window.factor = 0.8
	sasl.login.callback.handler.class = null
	sasl.login.class = null
	sasl.login.connect.timeout.ms = null
	sasl.login.read.timeout.ms = null
	sasl.login.refresh.buffer.seconds = 300
	sasl.login.refresh.min.period.seconds = 60
	sasl.login.refresh.window.factor = 0.8
	sasl.login.refresh.window.jitter = 0.05
	sasl.login.retry.backoff.max.ms = 10000
	sasl.login.retry.backoff.ms = 100
	sasl.mechanism = GSSAPI
	sasl.oauthbearer.clock.skew.seconds = 30
	sasl.oauthbearer.expected.audience = null
	sasl.oauthbearer.expected.issuer = null
	sasl.oauthbearer.header.urlencode = false
	sasl.oauthbearer.jwks.endpoint.refresh.ms = 3600000
	sasl.oauthbearer.jwks.endpoint.retry.backoff.max.ms = 10000
	sasl.oauthbearer.jwks.endpoint.retry.backoff.ms = 100
	sasl.oauthbearer.jwks.endpoint.url = null
	sasl.oauthbearer.scope.claim.name = scope
	sasl.oauthbearer.sub.claim.name = sub
	sasl.oauthbearer.token.endpoint.url = null
	security.protocol = PLAINTEXT
	security.providers = null
	send.buffer.bytes = 131072
	session.timeout.ms = 45000
	socket.connection.setup.timeout.max.ms = 30000
	socket.connection.setup.timeout.ms = 10000
	ssl.cipher.suites = null
	ssl.enabled.protocols = [TLSv1.2, TLSv1.3]
	ssl.endpoint.identification.algorithm = https
	ssl.engine.factory.class = null
	ssl.key.password = null
	ssl.keymanager.algorithm = SunX509
	ssl.keystore.certificate.chain = null
	ssl.keystore.key = null
	ssl.keystore.location = null
	ssl.keystore.password = null
	ssl.keystore.type = JKS
	ssl.protocol = TLSv1.3
	ssl.provider = null
	ssl.secure.random.implementation = null
	ssl.trustmanager.algorithm = PKIX
	ssl.truststore.certificates = null
	ssl.truststore.location = null
	ssl.truststore.password = null
	ssl.truststore.type = JKS
	value.deserializer = class io.apicurio.registry.serde.avro.AvroKafkaDeserializer

2025-08-06 18:53:58,309 INFO  [org.apa.kaf.com.tel.int.KafkaMetricsCollector] (main) initializing Kafka metrics collector
2025-08-06 18:53:58,316 INFO  [org.apa.kaf.cli.con.ConsumerConfig] (main) These configurations '[apicurio.registry.url]' were supplied but are not used yet.
2025-08-06 18:53:58,316 INFO  [org.apa.kaf.com.uti.AppInfoParser] (main) Kafka version: 3.9.1
2025-08-06 18:53:58,316 INFO  [org.apa.kaf.com.uti.AppInfoParser] (main) Kafka commitId: f745dfdcee2b9851
2025-08-06 18:53:58,316 INFO  [org.apa.kaf.com.uti.AppInfoParser] (main) Kafka startTimeMs: 1754506438316
2025-08-06 18:53:58,316 INFO  [org.apa.kaf.cli.con.int.ClassicKafkaConsumer] (Thread-624) [Consumer clientId=consumer-Consumer-topic-532da021_cf4d_468b_a7be_a97c86d34732-4, groupId=Consumer-topic-532da021_cf4d_468b_a7be_a97c86d34732] Subscribed to topic(s): topic-532da021_cf4d_468b_a7be_a97c86d34732
2025-08-06 18:53:58,324 INFO  [org.apa.kaf.cli.Metadata] (Thread-624) [Consumer clientId=consumer-Consumer-topic-532da021_cf4d_468b_a7be_a97c86d34732-4, groupId=Consumer-topic-532da021_cf4d_468b_a7be_a97c86d34732] Cluster ID: kF8Ua3WQTR-RR3LzMUds4A
2025-08-06 18:53:58,325 INFO  [org.apa.kaf.cli.con.int.ConsumerCoordinator] (Thread-624) [Consumer clientId=consumer-Consumer-topic-532da021_cf4d_468b_a7be_a97c86d34732-4, groupId=Consumer-topic-532da021_cf4d_468b_a7be_a97c86d34732] Discovered group coordinator localhost:32769 (id: 2147483647 rack: null)
2025-08-06 18:53:58,333 INFO  [org.apa.kaf.cli.con.int.ConsumerCoordinator] (Thread-624) [Consumer clientId=consumer-Consumer-topic-532da021_cf4d_468b_a7be_a97c86d34732-4, groupId=Consumer-topic-532da021_cf4d_468b_a7be_a97c86d34732] (Re-)joining group
2025-08-06 18:53:58,336 INFO  [org.apa.kaf.cli.con.int.ConsumerCoordinator] (Thread-624) [Consumer clientId=consumer-Consumer-topic-532da021_cf4d_468b_a7be_a97c86d34732-4, groupId=Consumer-topic-532da021_cf4d_468b_a7be_a97c86d34732] Request joining group due to: need to re-join with the given member-id: consumer-Consumer-topic-532da021_cf4d_468b_a7be_a97c86d34732-4-62b4ef1d-5a8d-462e-85a6-5aa9d946122c
2025-08-06 18:53:58,336 INFO  [org.apa.kaf.cli.con.int.ConsumerCoordinator] (Thread-624) [Consumer clientId=consumer-Consumer-topic-532da021_cf4d_468b_a7be_a97c86d34732-4, groupId=Consumer-topic-532da021_cf4d_468b_a7be_a97c86d34732] (Re-)joining group
2025-08-06 18:53:59,317 INFO  [io.api.tes.ser.api.KafkaSerdesTester] (Thread-624) None found
2025-08-06 18:54:00,317 INFO  [io.api.tes.ser.api.KafkaSerdesTester] (Thread-624) None found
2025-08-06 18:54:01,318 INFO  [io.api.tes.ser.api.KafkaSerdesTester] (Thread-624) None found
2025-08-06 18:54:01,340 INFO  [org.apa.kaf.cli.con.int.ConsumerCoordinator] (Thread-624) [Consumer clientId=consumer-Consumer-topic-532da021_cf4d_468b_a7be_a97c86d34732-4, groupId=Consumer-topic-532da021_cf4d_468b_a7be_a97c86d34732] Successfully joined group with generation Generation{generationId=1, memberId='consumer-Consumer-topic-532da021_cf4d_468b_a7be_a97c86d34732-4-62b4ef1d-5a8d-462e-85a6-5aa9d946122c', protocol='range'}
2025-08-06 18:54:01,341 INFO  [org.apa.kaf.cli.con.int.ConsumerCoordinator] (Thread-624) [Consumer clientId=consumer-Consumer-topic-532da021_cf4d_468b_a7be_a97c86d34732-4, groupId=Consumer-topic-532da021_cf4d_468b_a7be_a97c86d34732] Finished assignment for group at generation 1: {consumer-Consumer-topic-532da021_cf4d_468b_a7be_a97c86d34732-4-62b4ef1d-5a8d-462e-85a6-5aa9d946122c=Assignment(partitions=[topic-532da021_cf4d_468b_a7be_a97c86d34732-0])}
2025-08-06 18:54:01,348 INFO  [org.apa.kaf.cli.con.int.ConsumerCoordinator] (Thread-624) [Consumer clientId=consumer-Consumer-topic-532da021_cf4d_468b_a7be_a97c86d34732-4, groupId=Consumer-topic-532da021_cf4d_468b_a7be_a97c86d34732] Successfully synced group in generation Generation{generationId=1, memberId='consumer-Consumer-topic-532da021_cf4d_468b_a7be_a97c86d34732-4-62b4ef1d-5a8d-462e-85a6-5aa9d946122c', protocol='range'}
2025-08-06 18:54:01,348 INFO  [org.apa.kaf.cli.con.int.ConsumerCoordinator] (Thread-624) [Consumer clientId=consumer-Consumer-topic-532da021_cf4d_468b_a7be_a97c86d34732-4, groupId=Consumer-topic-532da021_cf4d_468b_a7be_a97c86d34732] Notifying assignor about the new Assignment(partitions=[topic-532da021_cf4d_468b_a7be_a97c86d34732-0])
2025-08-06 18:54:01,348 INFO  [org.apa.kaf.cli.con.int.ConsumerRebalanceListenerInvoker] (Thread-624) [Consumer clientId=consumer-Consumer-topic-532da021_cf4d_468b_a7be_a97c86d34732-4, groupId=Consumer-topic-532da021_cf4d_468b_a7be_a97c86d34732] Adding newly assigned partitions: topic-532da021_cf4d_468b_a7be_a97c86d34732-0
2025-08-06 18:54:01,350 INFO  [org.apa.kaf.cli.con.int.ConsumerCoordinator] (Thread-624) [Consumer clientId=consumer-Consumer-topic-532da021_cf4d_468b_a7be_a97c86d34732-4, groupId=Consumer-topic-532da021_cf4d_468b_a7be_a97c86d34732] Found no committed offset for partition topic-532da021_cf4d_468b_a7be_a97c86d34732-0
2025-08-06 18:54:01,356 INFO  [org.apa.kaf.cli.con.int.SubscriptionState] (Thread-624) [Consumer clientId=consumer-Consumer-topic-532da021_cf4d_468b_a7be_a97c86d34732-4, groupId=Consumer-topic-532da021_cf4d_468b_a7be_a97c86d34732] Resetting offset for partition topic-532da021_cf4d_468b_a7be_a97c86d34732-0 to position FetchPosition{offset=0, offsetEpoch=Optional.empty, currentLeader=LeaderAndEpoch{leader=Optional[localhost:32769 (id: 0 rack: null)], epoch=0}}.
2025-08-06 18:54:01,602 INFO  [io.api.tes.ser.api.KafkaSerdesTester] (Thread-624) topic-532da021_cf4d_468b_a7be_a97c86d34732 0 0 {"key11754506437767": "value-0"}
2025-08-06 18:54:01,603 INFO  [io.api.tes.ser.api.KafkaSerdesTester] (Thread-624) topic-532da021_cf4d_468b_a7be_a97c86d34732 0 1 {"key11754506437767": "value-1"}
2025-08-06 18:54:01,603 INFO  [io.api.tes.ser.api.KafkaSerdesTester] (Thread-624) topic-532da021_cf4d_468b_a7be_a97c86d34732 0 2 {"key11754506437767": "value-2"}
2025-08-06 18:54:01,603 INFO  [io.api.tes.ser.api.KafkaSerdesTester] (Thread-624) topic-532da021_cf4d_468b_a7be_a97c86d34732 0 3 {"key11754506437767": "value-3"}
2025-08-06 18:54:01,603 INFO  [io.api.tes.ser.api.KafkaSerdesTester] (Thread-624) topic-532da021_cf4d_468b_a7be_a97c86d34732 0 4 {"key11754506437767": "value-4"}
2025-08-06 18:54:01,603 INFO  [io.api.tes.ser.api.KafkaSerdesTester] (Thread-624) topic-532da021_cf4d_468b_a7be_a97c86d34732 0 5 {"key11754506437767": "value-5"}
2025-08-06 18:54:01,603 INFO  [io.api.tes.ser.api.KafkaSerdesTester] (Thread-624) topic-532da021_cf4d_468b_a7be_a97c86d34732 0 6 {"key11754506437767": "value-6"}
2025-08-06 18:54:01,603 INFO  [io.api.tes.ser.api.KafkaSerdesTester] (Thread-624) topic-532da021_cf4d_468b_a7be_a97c86d34732 0 7 {"key11754506437767": "value-7"}
2025-08-06 18:54:01,603 INFO  [io.api.tes.ser.api.KafkaSerdesTester] (Thread-624) topic-532da021_cf4d_468b_a7be_a97c86d34732 0 8 {"key11754506437767": "value-8"}
2025-08-06 18:54:01,603 INFO  [io.api.tes.ser.api.KafkaSerdesTester] (Thread-624) topic-532da021_cf4d_468b_a7be_a97c86d34732 0 9 {"key11754506437767": "value-9"}
2025-08-06 18:54:01,603 INFO  [io.api.tes.ser.api.KafkaSerdesTester] (Thread-624) Consumed 10 messages
2025-08-06 18:54:01,611 INFO  [org.apa.kaf.cli.con.int.ConsumerRebalanceListenerInvoker] (Thread-624) [Consumer clientId=consumer-Consumer-topic-532da021_cf4d_468b_a7be_a97c86d34732-4, groupId=Consumer-topic-532da021_cf4d_468b_a7be_a97c86d34732] Revoke previously assigned partitions topic-532da021_cf4d_468b_a7be_a97c86d34732-0
2025-08-06 18:54:01,611 INFO  [org.apa.kaf.cli.con.int.ConsumerCoordinator] (Thread-624) [Consumer clientId=consumer-Consumer-topic-532da021_cf4d_468b_a7be_a97c86d34732-4, groupId=Consumer-topic-532da021_cf4d_468b_a7be_a97c86d34732] Member consumer-Consumer-topic-532da021_cf4d_468b_a7be_a97c86d34732-4-62b4ef1d-5a8d-462e-85a6-5aa9d946122c sending LeaveGroup request to coordinator localhost:32769 (id: 2147483647 rack: null) due to the consumer is being closed
2025-08-06 18:54:01,611 INFO  [org.apa.kaf.cli.con.int.ConsumerCoordinator] (Thread-624) [Consumer clientId=consumer-Consumer-topic-532da021_cf4d_468b_a7be_a97c86d34732-4, groupId=Consumer-topic-532da021_cf4d_468b_a7be_a97c86d34732] Resetting generation and member id due to: consumer pro-actively leaving the group
2025-08-06 18:54:01,611 INFO  [org.apa.kaf.cli.con.int.ConsumerCoordinator] (Thread-624) [Consumer clientId=consumer-Consumer-topic-532da021_cf4d_468b_a7be_a97c86d34732-4, groupId=Consumer-topic-532da021_cf4d_468b_a7be_a97c86d34732] Request joining group due to: consumer pro-actively leaving the group
2025-08-06 18:54:02,108 INFO  [org.apa.kaf.com.met.Metrics] (Thread-624) Metrics scheduler closed
2025-08-06 18:54:02,108 INFO  [org.apa.kaf.com.met.Metrics] (Thread-624) Closing reporter org.apache.kafka.common.metrics.JmxReporter
2025-08-06 18:54:02,108 INFO  [org.apa.kaf.com.met.Metrics] (Thread-624) Closing reporter org.apache.kafka.common.telemetry.internals.ClientTelemetryReporter
2025-08-06 18:54:02,109 INFO  [org.apa.kaf.com.met.Metrics] (Thread-624) Metrics reporters closed
2025-08-06 18:54:02,111 INFO  [org.apa.kaf.com.uti.AppInfoParser] (Thread-624) App info kafka.consumer for consumer-Consumer-topic-532da021_cf4d_468b_a7be_a97c86d34732-4 unregistered
2025-08-06 18:54:02,281 INFO  [io.api.tes.uti.TestSeparator] (main) io.apicurio.tests.serdes.apicurio.AvroSerdeIT.testTopicIdStrategyAutoRegister-FINISHED
2025-08-06 18:54:02,281 INFO  [io.api.tes.uti.TestSeparator] (main) ############################################################################
Test passed: testTopicIdStrategyAutoRegister
]]></system-out>
  </testcase>
  <testcase name="testRecordIdStrategydFindLatest" classname="io.apicurio.tests.serdes.apicurio.AvroSerdeIT" time="5.399">
    <system-out><![CDATA[2025-08-06 18:54:02,282 INFO  [io.api.tes.uti.TestSeparator] (main) ############################################################################
2025-08-06 18:54:02,282 INFO  [io.api.tes.uti.TestSeparator] (main) io.apicurio.tests.serdes.apicurio.AvroSerdeIT.testRecordIdStrategydFindLatest-STARTED
2025-08-06 18:54:02,284 INFO  [io.api.tes.ser.api.AvroSerdeIT] (main) Registering Avro Schema: {"type":"record","name":"sdce98206x6f40x4c0dx9498xc5c559c31bc5","namespace":"s1c6f1532x7702x4504x8eb2x117fdccea927","fields":[{"name":"key11754506442284","type":"string"}]}
**** Registry Base URL: http://registry-app-mysql.apps.ci419.apicurio-testing.org:80
2025-08-06 18:54:03,495 INFO  [org.apa.kaf.cli.pro.ProducerConfig] (main) ProducerConfig values: 
	acks = -1
	auto.include.jmx.reporter = true
	batch.size = 16384
	bootstrap.servers = [PLAINTEXT://localhost:32769]
	buffer.memory = 33554432
	client.dns.lookup = use_all_dns_ips
	client.id = Producer-topic-5b955c40_c56a_46eb_a0bc_dc60e6f9e1bf
	compression.gzip.level = -1
	compression.lz4.level = 9
	compression.type = none
	compression.zstd.level = 3
	connections.max.idle.ms = 10000
	delivery.timeout.ms = 120000
	enable.idempotence = true
	enable.metrics.push = true
	interceptor.classes = []
	key.serializer = class org.apache.kafka.common.serialization.StringSerializer
	linger.ms = 0
	max.block.ms = 60000
	max.in.flight.requests.per.connection = 5
	max.request.size = 1048576
	metadata.max.age.ms = 300000
	metadata.max.idle.ms = 300000
	metadata.recovery.strategy = none
	metric.reporters = []
	metrics.num.samples = 2
	metrics.recording.level = INFO
	metrics.sample.window.ms = 30000
	partitioner.adaptive.partitioning.enable = true
	partitioner.availability.timeout.ms = 0
	partitioner.class = null
	partitioner.ignore.keys = false
	receive.buffer.bytes = 32768
	reconnect.backoff.max.ms = 1000
	reconnect.backoff.ms = 50
	request.timeout.ms = 5000
	retries = 2147483647
	retry.backoff.max.ms = 1000
	retry.backoff.ms = 100
	sasl.client.callback.handler.class = null
	sasl.jaas.config = null
	sasl.kerberos.kinit.cmd = /usr/bin/kinit
	sasl.kerberos.min.time.before.relogin = 60000
	sasl.kerberos.service.name = null
	sasl.kerberos.ticket.renew.jitter = 0.05
	sasl.kerberos.ticket.renew.window.factor = 0.8
	sasl.login.callback.handler.class = null
	sasl.login.class = null
	sasl.login.connect.timeout.ms = null
	sasl.login.read.timeout.ms = null
	sasl.login.refresh.buffer.seconds = 300
	sasl.login.refresh.min.period.seconds = 60
	sasl.login.refresh.window.factor = 0.8
	sasl.login.refresh.window.jitter = 0.05
	sasl.login.retry.backoff.max.ms = 10000
	sasl.login.retry.backoff.ms = 100
	sasl.mechanism = GSSAPI
	sasl.oauthbearer.clock.skew.seconds = 30
	sasl.oauthbearer.expected.audience = null
	sasl.oauthbearer.expected.issuer = null
	sasl.oauthbearer.header.urlencode = false
	sasl.oauthbearer.jwks.endpoint.refresh.ms = 3600000
	sasl.oauthbearer.jwks.endpoint.retry.backoff.max.ms = 10000
	sasl.oauthbearer.jwks.endpoint.retry.backoff.ms = 100
	sasl.oauthbearer.jwks.endpoint.url = null
	sasl.oauthbearer.scope.claim.name = scope
	sasl.oauthbearer.sub.claim.name = sub
	sasl.oauthbearer.token.endpoint.url = null
	security.protocol = PLAINTEXT
	security.providers = null
	send.buffer.bytes = 131072
	socket.connection.setup.timeout.max.ms = 30000
	socket.connection.setup.timeout.ms = 10000
	ssl.cipher.suites = null
	ssl.enabled.protocols = [TLSv1.2, TLSv1.3]
	ssl.endpoint.identification.algorithm = https
	ssl.engine.factory.class = null
	ssl.key.password = null
	ssl.keymanager.algorithm = SunX509
	ssl.keystore.certificate.chain = null
	ssl.keystore.key = null
	ssl.keystore.location = null
	ssl.keystore.password = null
	ssl.keystore.type = JKS
	ssl.protocol = TLSv1.3
	ssl.provider = null
	ssl.secure.random.implementation = null
	ssl.trustmanager.algorithm = PKIX
	ssl.truststore.certificates = null
	ssl.truststore.location = null
	ssl.truststore.password = null
	ssl.truststore.type = JKS
	transaction.timeout.ms = 60000
	transactional.id = null
	value.serializer = class io.apicurio.registry.serde.avro.AvroKafkaSerializer

2025-08-06 18:54:03,495 INFO  [org.apa.kaf.com.tel.int.KafkaMetricsCollector] (main) initializing Kafka metrics collector
2025-08-06 18:54:03,498 INFO  [org.apa.kaf.cli.pro.KafkaProducer] (main) [Producer clientId=Producer-topic-5b955c40_c56a_46eb_a0bc_dc60e6f9e1bf] Instantiated an idempotent producer.
2025-08-06 18:54:03,500 INFO  [org.apa.kaf.cli.pro.ProducerConfig] (main) These configurations '[apicurio.registry.find-latest, apicurio.registry.url, apicurio.registry.artifact-resolver-strategy]' were supplied but are not used yet.
2025-08-06 18:54:03,500 INFO  [org.apa.kaf.com.uti.AppInfoParser] (main) Kafka version: 3.9.1
2025-08-06 18:54:03,500 INFO  [org.apa.kaf.com.uti.AppInfoParser] (main) Kafka commitId: f745dfdcee2b9851
2025-08-06 18:54:03,500 INFO  [org.apa.kaf.com.uti.AppInfoParser] (main) Kafka startTimeMs: 1754506443500
2025-08-06 18:54:03,502 INFO  [io.api.tes.ser.api.SimpleSerdesTesterBuilder$SimpleSerdesTester] (main) Using producer configuration: {apicurio.registry.find-latest=true, apicurio.registry.url=http://registry-app-mysql.apps.ci419.apicurio-testing.org:80/apis/registry/v3, apicurio.registry.artifact-resolver-strategy=io.apicurio.registry.serde.avro.strategy.RecordIdStrategy, value.serializer=io.apicurio.registry.serde.avro.AvroKafkaSerializer, request.timeout.ms=5000, acks=all, bootstrap.servers=PLAINTEXT://localhost:32769, connections.max.idle.ms=10000, key.serializer=org.apache.kafka.common.serialization.StringSerializer, client.id=Producer-topic-5b955c40_c56a_46eb_a0bc_dc60e6f9e1bf}
2025-08-06 18:54:03,502 INFO  [io.api.tes.ser.api.SimpleSerdesTesterBuilder$SimpleSerdesTester] (main) Using consumer configuration: {}
2025-08-06 18:54:03,503 INFO  [io.api.tes.ser.api.KafkaSerdesTester] (Thread-627) Sending message {"key11754506442284": "value-0"} to topic topic-5b955c40_c56a_46eb_a0bc_dc60e6f9e1bf
2025-08-06 18:54:03,507 INFO  [org.apa.kaf.cli.Metadata] (kafka-producer-network-thread | Producer-topic-5b955c40_c56a_46eb_a0bc_dc60e6f9e1bf) [Producer clientId=Producer-topic-5b955c40_c56a_46eb_a0bc_dc60e6f9e1bf] Cluster ID: kF8Ua3WQTR-RR3LzMUds4A
2025-08-06 18:54:03,509 INFO  [org.apa.kaf.cli.pro.int.TransactionManager] (kafka-producer-network-thread | Producer-topic-5b955c40_c56a_46eb_a0bc_dc60e6f9e1bf) [Producer clientId=Producer-topic-5b955c40_c56a_46eb_a0bc_dc60e6f9e1bf] ProducerId set to 5 with epoch 0
2025-08-06 18:54:03,850 INFO  [io.api.tes.ser.api.KafkaSerdesTester] (Thread-627) Sending message {"key11754506442284": "value-1"} to topic topic-5b955c40_c56a_46eb_a0bc_dc60e6f9e1bf
2025-08-06 18:54:03,853 INFO  [io.api.tes.ser.api.KafkaSerdesTester] (Thread-627) Sending message {"key11754506442284": "value-2"} to topic topic-5b955c40_c56a_46eb_a0bc_dc60e6f9e1bf
2025-08-06 18:54:03,856 INFO  [io.api.tes.ser.api.KafkaSerdesTester] (Thread-627) Sending message {"key11754506442284": "value-3"} to topic topic-5b955c40_c56a_46eb_a0bc_dc60e6f9e1bf
2025-08-06 18:54:03,860 INFO  [io.api.tes.ser.api.KafkaSerdesTester] (Thread-627) Sending message {"key11754506442284": "value-4"} to topic topic-5b955c40_c56a_46eb_a0bc_dc60e6f9e1bf
2025-08-06 18:54:03,865 INFO  [io.api.tes.ser.api.KafkaSerdesTester] (Thread-627) Sending message {"key11754506442284": "value-5"} to topic topic-5b955c40_c56a_46eb_a0bc_dc60e6f9e1bf
2025-08-06 18:54:03,867 INFO  [io.api.tes.ser.api.KafkaSerdesTester] (Thread-627) Sending message {"key11754506442284": "value-6"} to topic topic-5b955c40_c56a_46eb_a0bc_dc60e6f9e1bf
2025-08-06 18:54:03,871 INFO  [io.api.tes.ser.api.KafkaSerdesTester] (Thread-627) Sending message {"key11754506442284": "value-7"} to topic topic-5b955c40_c56a_46eb_a0bc_dc60e6f9e1bf
2025-08-06 18:54:03,875 INFO  [io.api.tes.ser.api.KafkaSerdesTester] (Thread-627) Sending message {"key11754506442284": "value-8"} to topic topic-5b955c40_c56a_46eb_a0bc_dc60e6f9e1bf
2025-08-06 18:54:03,877 INFO  [io.api.tes.ser.api.KafkaSerdesTester] (Thread-627) Sending message {"key11754506442284": "value-9"} to topic topic-5b955c40_c56a_46eb_a0bc_dc60e6f9e1bf
2025-08-06 18:54:03,879 INFO  [io.api.tes.ser.api.KafkaSerdesTester] (Thread-627) Produced 10 messages
2025-08-06 18:54:03,879 INFO  [org.apa.kaf.cli.pro.KafkaProducer] (Thread-627) [Producer clientId=Producer-topic-5b955c40_c56a_46eb_a0bc_dc60e6f9e1bf] Closing the Kafka producer with timeoutMillis = 9223372036854775807 ms.
2025-08-06 18:54:03,882 INFO  [org.apa.kaf.com.met.Metrics] (Thread-627) Metrics scheduler closed
2025-08-06 18:54:03,882 INFO  [org.apa.kaf.com.met.Metrics] (Thread-627) Closing reporter org.apache.kafka.common.metrics.JmxReporter
2025-08-06 18:54:03,882 INFO  [org.apa.kaf.com.met.Metrics] (Thread-627) Closing reporter org.apache.kafka.common.telemetry.internals.ClientTelemetryReporter
2025-08-06 18:54:03,882 INFO  [org.apa.kaf.com.met.Metrics] (Thread-627) Metrics reporters closed
2025-08-06 18:54:03,882 INFO  [org.apa.kaf.com.uti.AppInfoParser] (Thread-627) App info kafka.producer for Producer-topic-5b955c40_c56a_46eb_a0bc_dc60e6f9e1bf unregistered
**** Registry Base URL: http://registry-app-mysql.apps.ci419.apicurio-testing.org:80
2025-08-06 18:54:03,883 INFO  [org.apa.kaf.cli.con.ConsumerConfig] (main) ConsumerConfig values: 
	allow.auto.create.topics = true
	auto.commit.interval.ms = 500
	auto.include.jmx.reporter = true
	auto.offset.reset = earliest
	bootstrap.servers = [PLAINTEXT://localhost:32769]
	check.crcs = true
	client.dns.lookup = use_all_dns_ips
	client.id = consumer-Consumer-topic-5b955c40_c56a_46eb_a0bc_dc60e6f9e1bf-5
	client.rack = 
	connections.max.idle.ms = 10000
	default.api.timeout.ms = 60000
	enable.auto.commit = true
	enable.metrics.push = true
	exclude.internal.topics = true
	fetch.max.bytes = 52428800
	fetch.max.wait.ms = 500
	fetch.min.bytes = 1
	group.id = Consumer-topic-5b955c40_c56a_46eb_a0bc_dc60e6f9e1bf
	group.instance.id = null
	group.protocol = classic
	group.remote.assignor = null
	heartbeat.interval.ms = 3000
	interceptor.classes = []
	internal.leave.group.on.close = true
	internal.throw.on.fetch.stable.offset.unsupported = false
	isolation.level = read_uncommitted
	key.deserializer = class org.apache.kafka.common.serialization.StringDeserializer
	max.partition.fetch.bytes = 1048576
	max.poll.interval.ms = 300000
	max.poll.records = 500
	metadata.max.age.ms = 300000
	metadata.recovery.strategy = none
	metric.reporters = []
	metrics.num.samples = 2
	metrics.recording.level = INFO
	metrics.sample.window.ms = 30000
	partition.assignment.strategy = [class org.apache.kafka.clients.consumer.RangeAssignor, class org.apache.kafka.clients.consumer.CooperativeStickyAssignor]
	receive.buffer.bytes = 65536
	reconnect.backoff.max.ms = 1000
	reconnect.backoff.ms = 50
	request.timeout.ms = 5000
	retry.backoff.max.ms = 1000
	retry.backoff.ms = 100
	sasl.client.callback.handler.class = null
	sasl.jaas.config = null
	sasl.kerberos.kinit.cmd = /usr/bin/kinit
	sasl.kerberos.min.time.before.relogin = 60000
	sasl.kerberos.service.name = null
	sasl.kerberos.ticket.renew.jitter = 0.05
	sasl.kerberos.ticket.renew.window.factor = 0.8
	sasl.login.callback.handler.class = null
	sasl.login.class = null
	sasl.login.connect.timeout.ms = null
	sasl.login.read.timeout.ms = null
	sasl.login.refresh.buffer.seconds = 300
	sasl.login.refresh.min.period.seconds = 60
	sasl.login.refresh.window.factor = 0.8
	sasl.login.refresh.window.jitter = 0.05
	sasl.login.retry.backoff.max.ms = 10000
	sasl.login.retry.backoff.ms = 100
	sasl.mechanism = GSSAPI
	sasl.oauthbearer.clock.skew.seconds = 30
	sasl.oauthbearer.expected.audience = null
	sasl.oauthbearer.expected.issuer = null
	sasl.oauthbearer.header.urlencode = false
	sasl.oauthbearer.jwks.endpoint.refresh.ms = 3600000
	sasl.oauthbearer.jwks.endpoint.retry.backoff.max.ms = 10000
	sasl.oauthbearer.jwks.endpoint.retry.backoff.ms = 100
	sasl.oauthbearer.jwks.endpoint.url = null
	sasl.oauthbearer.scope.claim.name = scope
	sasl.oauthbearer.sub.claim.name = sub
	sasl.oauthbearer.token.endpoint.url = null
	security.protocol = PLAINTEXT
	security.providers = null
	send.buffer.bytes = 131072
	session.timeout.ms = 45000
	socket.connection.setup.timeout.max.ms = 30000
	socket.connection.setup.timeout.ms = 10000
	ssl.cipher.suites = null
	ssl.enabled.protocols = [TLSv1.2, TLSv1.3]
	ssl.endpoint.identification.algorithm = https
	ssl.engine.factory.class = null
	ssl.key.password = null
	ssl.keymanager.algorithm = SunX509
	ssl.keystore.certificate.chain = null
	ssl.keystore.key = null
	ssl.keystore.location = null
	ssl.keystore.password = null
	ssl.keystore.type = JKS
	ssl.protocol = TLSv1.3
	ssl.provider = null
	ssl.secure.random.implementation = null
	ssl.trustmanager.algorithm = PKIX
	ssl.truststore.certificates = null
	ssl.truststore.location = null
	ssl.truststore.password = null
	ssl.truststore.type = JKS
	value.deserializer = class io.apicurio.registry.serde.avro.AvroKafkaDeserializer

2025-08-06 18:54:03,883 INFO  [org.apa.kaf.com.tel.int.KafkaMetricsCollector] (main) initializing Kafka metrics collector
2025-08-06 18:54:03,892 INFO  [org.apa.kaf.cli.con.ConsumerConfig] (main) These configurations '[apicurio.registry.url]' were supplied but are not used yet.
2025-08-06 18:54:03,892 INFO  [org.apa.kaf.com.uti.AppInfoParser] (main) Kafka version: 3.9.1
2025-08-06 18:54:03,892 INFO  [org.apa.kaf.com.uti.AppInfoParser] (main) Kafka commitId: f745dfdcee2b9851
2025-08-06 18:54:03,892 INFO  [org.apa.kaf.com.uti.AppInfoParser] (main) Kafka startTimeMs: 1754506443892
2025-08-06 18:54:03,893 INFO  [org.apa.kaf.cli.con.int.ClassicKafkaConsumer] (Thread-630) [Consumer clientId=consumer-Consumer-topic-5b955c40_c56a_46eb_a0bc_dc60e6f9e1bf-5, groupId=Consumer-topic-5b955c40_c56a_46eb_a0bc_dc60e6f9e1bf] Subscribed to topic(s): topic-5b955c40_c56a_46eb_a0bc_dc60e6f9e1bf
2025-08-06 18:54:03,902 INFO  [org.apa.kaf.cli.Metadata] (Thread-630) [Consumer clientId=consumer-Consumer-topic-5b955c40_c56a_46eb_a0bc_dc60e6f9e1bf-5, groupId=Consumer-topic-5b955c40_c56a_46eb_a0bc_dc60e6f9e1bf] Cluster ID: kF8Ua3WQTR-RR3LzMUds4A
2025-08-06 18:54:03,903 INFO  [org.apa.kaf.cli.con.int.ConsumerCoordinator] (Thread-630) [Consumer clientId=consumer-Consumer-topic-5b955c40_c56a_46eb_a0bc_dc60e6f9e1bf-5, groupId=Consumer-topic-5b955c40_c56a_46eb_a0bc_dc60e6f9e1bf] Discovered group coordinator localhost:32769 (id: 2147483647 rack: null)
2025-08-06 18:54:03,906 INFO  [org.apa.kaf.cli.con.int.ConsumerCoordinator] (Thread-630) [Consumer clientId=consumer-Consumer-topic-5b955c40_c56a_46eb_a0bc_dc60e6f9e1bf-5, groupId=Consumer-topic-5b955c40_c56a_46eb_a0bc_dc60e6f9e1bf] (Re-)joining group
2025-08-06 18:54:03,916 INFO  [org.apa.kaf.cli.con.int.ConsumerCoordinator] (Thread-630) [Consumer clientId=consumer-Consumer-topic-5b955c40_c56a_46eb_a0bc_dc60e6f9e1bf-5, groupId=Consumer-topic-5b955c40_c56a_46eb_a0bc_dc60e6f9e1bf] Request joining group due to: need to re-join with the given member-id: consumer-Consumer-topic-5b955c40_c56a_46eb_a0bc_dc60e6f9e1bf-5-3695d7b3-4f23-4e3d-8190-05d46af1b5a8
2025-08-06 18:54:03,916 INFO  [org.apa.kaf.cli.con.int.ConsumerCoordinator] (Thread-630) [Consumer clientId=consumer-Consumer-topic-5b955c40_c56a_46eb_a0bc_dc60e6f9e1bf-5, groupId=Consumer-topic-5b955c40_c56a_46eb_a0bc_dc60e6f9e1bf] (Re-)joining group
2025-08-06 18:54:04,893 INFO  [io.api.tes.ser.api.KafkaSerdesTester] (Thread-630) None found
2025-08-06 18:54:05,893 INFO  [io.api.tes.ser.api.KafkaSerdesTester] (Thread-630) None found
2025-08-06 18:54:06,894 INFO  [io.api.tes.ser.api.KafkaSerdesTester] (Thread-630) None found
2025-08-06 18:54:06,921 INFO  [org.apa.kaf.cli.con.int.ConsumerCoordinator] (Thread-630) [Consumer clientId=consumer-Consumer-topic-5b955c40_c56a_46eb_a0bc_dc60e6f9e1bf-5, groupId=Consumer-topic-5b955c40_c56a_46eb_a0bc_dc60e6f9e1bf] Successfully joined group with generation Generation{generationId=1, memberId='consumer-Consumer-topic-5b955c40_c56a_46eb_a0bc_dc60e6f9e1bf-5-3695d7b3-4f23-4e3d-8190-05d46af1b5a8', protocol='range'}
2025-08-06 18:54:06,921 INFO  [org.apa.kaf.cli.con.int.ConsumerCoordinator] (Thread-630) [Consumer clientId=consumer-Consumer-topic-5b955c40_c56a_46eb_a0bc_dc60e6f9e1bf-5, groupId=Consumer-topic-5b955c40_c56a_46eb_a0bc_dc60e6f9e1bf] Finished assignment for group at generation 1: {consumer-Consumer-topic-5b955c40_c56a_46eb_a0bc_dc60e6f9e1bf-5-3695d7b3-4f23-4e3d-8190-05d46af1b5a8=Assignment(partitions=[topic-5b955c40_c56a_46eb_a0bc_dc60e6f9e1bf-0])}
2025-08-06 18:54:06,929 INFO  [org.apa.kaf.cli.con.int.ConsumerCoordinator] (Thread-630) [Consumer clientId=consumer-Consumer-topic-5b955c40_c56a_46eb_a0bc_dc60e6f9e1bf-5, groupId=Consumer-topic-5b955c40_c56a_46eb_a0bc_dc60e6f9e1bf] Successfully synced group in generation Generation{generationId=1, memberId='consumer-Consumer-topic-5b955c40_c56a_46eb_a0bc_dc60e6f9e1bf-5-3695d7b3-4f23-4e3d-8190-05d46af1b5a8', protocol='range'}
2025-08-06 18:54:06,929 INFO  [org.apa.kaf.cli.con.int.ConsumerCoordinator] (Thread-630) [Consumer clientId=consumer-Consumer-topic-5b955c40_c56a_46eb_a0bc_dc60e6f9e1bf-5, groupId=Consumer-topic-5b955c40_c56a_46eb_a0bc_dc60e6f9e1bf] Notifying assignor about the new Assignment(partitions=[topic-5b955c40_c56a_46eb_a0bc_dc60e6f9e1bf-0])
2025-08-06 18:54:06,929 INFO  [org.apa.kaf.cli.con.int.ConsumerRebalanceListenerInvoker] (Thread-630) [Consumer clientId=consumer-Consumer-topic-5b955c40_c56a_46eb_a0bc_dc60e6f9e1bf-5, groupId=Consumer-topic-5b955c40_c56a_46eb_a0bc_dc60e6f9e1bf] Adding newly assigned partitions: topic-5b955c40_c56a_46eb_a0bc_dc60e6f9e1bf-0
2025-08-06 18:54:06,930 INFO  [org.apa.kaf.cli.con.int.ConsumerCoordinator] (Thread-630) [Consumer clientId=consumer-Consumer-topic-5b955c40_c56a_46eb_a0bc_dc60e6f9e1bf-5, groupId=Consumer-topic-5b955c40_c56a_46eb_a0bc_dc60e6f9e1bf] Found no committed offset for partition topic-5b955c40_c56a_46eb_a0bc_dc60e6f9e1bf-0
2025-08-06 18:54:06,935 INFO  [org.apa.kaf.cli.con.int.SubscriptionState] (Thread-630) [Consumer clientId=consumer-Consumer-topic-5b955c40_c56a_46eb_a0bc_dc60e6f9e1bf-5, groupId=Consumer-topic-5b955c40_c56a_46eb_a0bc_dc60e6f9e1bf] Resetting offset for partition topic-5b955c40_c56a_46eb_a0bc_dc60e6f9e1bf-0 to position FetchPosition{offset=0, offsetEpoch=Optional.empty, currentLeader=LeaderAndEpoch{leader=Optional[localhost:32769 (id: 0 rack: null)], epoch=0}}.
2025-08-06 18:54:07,174 INFO  [io.api.tes.ser.api.KafkaSerdesTester] (Thread-630) topic-5b955c40_c56a_46eb_a0bc_dc60e6f9e1bf 0 0 {"key11754506442284": "value-0"}
2025-08-06 18:54:07,174 INFO  [io.api.tes.ser.api.KafkaSerdesTester] (Thread-630) topic-5b955c40_c56a_46eb_a0bc_dc60e6f9e1bf 0 1 {"key11754506442284": "value-1"}
2025-08-06 18:54:07,174 INFO  [io.api.tes.ser.api.KafkaSerdesTester] (Thread-630) topic-5b955c40_c56a_46eb_a0bc_dc60e6f9e1bf 0 2 {"key11754506442284": "value-2"}
2025-08-06 18:54:07,174 INFO  [io.api.tes.ser.api.KafkaSerdesTester] (Thread-630) topic-5b955c40_c56a_46eb_a0bc_dc60e6f9e1bf 0 3 {"key11754506442284": "value-3"}
2025-08-06 18:54:07,174 INFO  [io.api.tes.ser.api.KafkaSerdesTester] (Thread-630) topic-5b955c40_c56a_46eb_a0bc_dc60e6f9e1bf 0 4 {"key11754506442284": "value-4"}
2025-08-06 18:54:07,174 INFO  [io.api.tes.ser.api.KafkaSerdesTester] (Thread-630) topic-5b955c40_c56a_46eb_a0bc_dc60e6f9e1bf 0 5 {"key11754506442284": "value-5"}
2025-08-06 18:54:07,174 INFO  [io.api.tes.ser.api.KafkaSerdesTester] (Thread-630) topic-5b955c40_c56a_46eb_a0bc_dc60e6f9e1bf 0 6 {"key11754506442284": "value-6"}
2025-08-06 18:54:07,174 INFO  [io.api.tes.ser.api.KafkaSerdesTester] (Thread-630) topic-5b955c40_c56a_46eb_a0bc_dc60e6f9e1bf 0 7 {"key11754506442284": "value-7"}
2025-08-06 18:54:07,174 INFO  [io.api.tes.ser.api.KafkaSerdesTester] (Thread-630) topic-5b955c40_c56a_46eb_a0bc_dc60e6f9e1bf 0 8 {"key11754506442284": "value-8"}
2025-08-06 18:54:07,175 INFO  [io.api.tes.ser.api.KafkaSerdesTester] (Thread-630) topic-5b955c40_c56a_46eb_a0bc_dc60e6f9e1bf 0 9 {"key11754506442284": "value-9"}
2025-08-06 18:54:07,175 INFO  [io.api.tes.ser.api.KafkaSerdesTester] (Thread-630) Consumed 10 messages
2025-08-06 18:54:07,182 INFO  [org.apa.kaf.cli.con.int.ConsumerRebalanceListenerInvoker] (Thread-630) [Consumer clientId=consumer-Consumer-topic-5b955c40_c56a_46eb_a0bc_dc60e6f9e1bf-5, groupId=Consumer-topic-5b955c40_c56a_46eb_a0bc_dc60e6f9e1bf] Revoke previously assigned partitions topic-5b955c40_c56a_46eb_a0bc_dc60e6f9e1bf-0
2025-08-06 18:54:07,182 INFO  [org.apa.kaf.cli.con.int.ConsumerCoordinator] (Thread-630) [Consumer clientId=consumer-Consumer-topic-5b955c40_c56a_46eb_a0bc_dc60e6f9e1bf-5, groupId=Consumer-topic-5b955c40_c56a_46eb_a0bc_dc60e6f9e1bf] Member consumer-Consumer-topic-5b955c40_c56a_46eb_a0bc_dc60e6f9e1bf-5-3695d7b3-4f23-4e3d-8190-05d46af1b5a8 sending LeaveGroup request to coordinator localhost:32769 (id: 2147483647 rack: null) due to the consumer is being closed
2025-08-06 18:54:07,183 INFO  [org.apa.kaf.cli.con.int.ConsumerCoordinator] (Thread-630) [Consumer clientId=consumer-Consumer-topic-5b955c40_c56a_46eb_a0bc_dc60e6f9e1bf-5, groupId=Consumer-topic-5b955c40_c56a_46eb_a0bc_dc60e6f9e1bf] Resetting generation and member id due to: consumer pro-actively leaving the group
2025-08-06 18:54:07,183 INFO  [org.apa.kaf.cli.con.int.ConsumerCoordinator] (Thread-630) [Consumer clientId=consumer-Consumer-topic-5b955c40_c56a_46eb_a0bc_dc60e6f9e1bf-5, groupId=Consumer-topic-5b955c40_c56a_46eb_a0bc_dc60e6f9e1bf] Request joining group due to: consumer pro-actively leaving the group
2025-08-06 18:54:07,677 INFO  [org.apa.kaf.com.met.Metrics] (Thread-630) Metrics scheduler closed
2025-08-06 18:54:07,677 INFO  [org.apa.kaf.com.met.Metrics] (Thread-630) Closing reporter org.apache.kafka.common.metrics.JmxReporter
2025-08-06 18:54:07,678 INFO  [org.apa.kaf.com.met.Metrics] (Thread-630) Closing reporter org.apache.kafka.common.telemetry.internals.ClientTelemetryReporter
2025-08-06 18:54:07,678 INFO  [org.apa.kaf.com.met.Metrics] (Thread-630) Metrics reporters closed
2025-08-06 18:54:07,680 INFO  [org.apa.kaf.com.uti.AppInfoParser] (Thread-630) App info kafka.consumer for consumer-Consumer-topic-5b955c40_c56a_46eb_a0bc_dc60e6f9e1bf-5 unregistered
2025-08-06 18:54:07,681 INFO  [io.api.tes.uti.TestSeparator] (main) io.apicurio.tests.serdes.apicurio.AvroSerdeIT.testRecordIdStrategydFindLatest-FINISHED
2025-08-06 18:54:07,681 INFO  [io.api.tes.uti.TestSeparator] (main) ############################################################################
Test passed: testRecordIdStrategydFindLatest
]]></system-out>
  </testcase>
  <testcase name="testReflectAutoRegister" classname="io.apicurio.tests.serdes.apicurio.AvroSerdeIT" time="4.347">
    <system-out><![CDATA[2025-08-06 18:54:07,686 INFO  [io.api.tes.uti.TestSeparator] (main) ############################################################################
2025-08-06 18:54:07,687 INFO  [io.api.tes.uti.TestSeparator] (main) io.apicurio.tests.serdes.apicurio.AvroSerdeIT.testReflectAutoRegister-STARTED
**** Registry Base URL: http://registry-app-mysql.apps.ci419.apicurio-testing.org:80
2025-08-06 18:54:07,690 INFO  [org.apa.kaf.cli.pro.ProducerConfig] (main) ProducerConfig values: 
	acks = -1
	auto.include.jmx.reporter = true
	batch.size = 16384
	bootstrap.servers = [PLAINTEXT://localhost:32769]
	buffer.memory = 33554432
	client.dns.lookup = use_all_dns_ips
	client.id = Producer-topic-4553c1c1_29c0_4d16_a443_d106093ccddd
	compression.gzip.level = -1
	compression.lz4.level = 9
	compression.type = none
	compression.zstd.level = 3
	connections.max.idle.ms = 10000
	delivery.timeout.ms = 120000
	enable.idempotence = true
	enable.metrics.push = true
	interceptor.classes = []
	key.serializer = class org.apache.kafka.common.serialization.StringSerializer
	linger.ms = 0
	max.block.ms = 60000
	max.in.flight.requests.per.connection = 5
	max.request.size = 1048576
	metadata.max.age.ms = 300000
	metadata.max.idle.ms = 300000
	metadata.recovery.strategy = none
	metric.reporters = []
	metrics.num.samples = 2
	metrics.recording.level = INFO
	metrics.sample.window.ms = 30000
	partitioner.adaptive.partitioning.enable = true
	partitioner.availability.timeout.ms = 0
	partitioner.class = null
	partitioner.ignore.keys = false
	receive.buffer.bytes = 32768
	reconnect.backoff.max.ms = 1000
	reconnect.backoff.ms = 50
	request.timeout.ms = 5000
	retries = 2147483647
	retry.backoff.max.ms = 1000
	retry.backoff.ms = 100
	sasl.client.callback.handler.class = null
	sasl.jaas.config = null
	sasl.kerberos.kinit.cmd = /usr/bin/kinit
	sasl.kerberos.min.time.before.relogin = 60000
	sasl.kerberos.service.name = null
	sasl.kerberos.ticket.renew.jitter = 0.05
	sasl.kerberos.ticket.renew.window.factor = 0.8
	sasl.login.callback.handler.class = null
	sasl.login.class = null
	sasl.login.connect.timeout.ms = null
	sasl.login.read.timeout.ms = null
	sasl.login.refresh.buffer.seconds = 300
	sasl.login.refresh.min.period.seconds = 60
	sasl.login.refresh.window.factor = 0.8
	sasl.login.refresh.window.jitter = 0.05
	sasl.login.retry.backoff.max.ms = 10000
	sasl.login.retry.backoff.ms = 100
	sasl.mechanism = GSSAPI
	sasl.oauthbearer.clock.skew.seconds = 30
	sasl.oauthbearer.expected.audience = null
	sasl.oauthbearer.expected.issuer = null
	sasl.oauthbearer.header.urlencode = false
	sasl.oauthbearer.jwks.endpoint.refresh.ms = 3600000
	sasl.oauthbearer.jwks.endpoint.retry.backoff.max.ms = 10000
	sasl.oauthbearer.jwks.endpoint.retry.backoff.ms = 100
	sasl.oauthbearer.jwks.endpoint.url = null
	sasl.oauthbearer.scope.claim.name = scope
	sasl.oauthbearer.sub.claim.name = sub
	sasl.oauthbearer.token.endpoint.url = null
	security.protocol = PLAINTEXT
	security.providers = null
	send.buffer.bytes = 131072
	socket.connection.setup.timeout.max.ms = 30000
	socket.connection.setup.timeout.ms = 10000
	ssl.cipher.suites = null
	ssl.enabled.protocols = [TLSv1.2, TLSv1.3]
	ssl.endpoint.identification.algorithm = https
	ssl.engine.factory.class = null
	ssl.key.password = null
	ssl.keymanager.algorithm = SunX509
	ssl.keystore.certificate.chain = null
	ssl.keystore.key = null
	ssl.keystore.location = null
	ssl.keystore.password = null
	ssl.keystore.type = JKS
	ssl.protocol = TLSv1.3
	ssl.provider = null
	ssl.secure.random.implementation = null
	ssl.trustmanager.algorithm = PKIX
	ssl.truststore.certificates = null
	ssl.truststore.location = null
	ssl.truststore.password = null
	ssl.truststore.type = JKS
	transaction.timeout.ms = 60000
	transactional.id = null
	value.serializer = class io.apicurio.registry.serde.avro.AvroKafkaSerializer

2025-08-06 18:54:07,690 INFO  [org.apa.kaf.com.tel.int.KafkaMetricsCollector] (main) initializing Kafka metrics collector
2025-08-06 18:54:07,702 INFO  [org.apa.kaf.cli.pro.KafkaProducer] (main) [Producer clientId=Producer-topic-4553c1c1_29c0_4d16_a443_d106093ccddd] Instantiated an idempotent producer.
2025-08-06 18:54:07,705 INFO  [org.apa.kaf.cli.pro.ProducerConfig] (main) These configurations '[apicurio.registry.url, apicurio.registry.auto-register, apicurio.registry.artifact-resolver-strategy, apicurio.registry.avro-datum-provider]' were supplied but are not used yet.
2025-08-06 18:54:07,705 INFO  [org.apa.kaf.com.uti.AppInfoParser] (main) Kafka version: 3.9.1
2025-08-06 18:54:07,705 INFO  [org.apa.kaf.com.uti.AppInfoParser] (main) Kafka commitId: f745dfdcee2b9851
2025-08-06 18:54:07,706 INFO  [org.apa.kaf.com.uti.AppInfoParser] (main) Kafka startTimeMs: 1754506447705
2025-08-06 18:54:07,706 INFO  [io.api.tes.ser.api.SimpleSerdesTesterBuilder$SimpleSerdesTester] (main) Using producer configuration: {apicurio.registry.url=http://registry-app-mysql.apps.ci419.apicurio-testing.org:80/apis/registry/v3, apicurio.registry.auto-register=true, apicurio.registry.artifact-resolver-strategy=io.apicurio.registry.serde.strategy.TopicIdStrategy, value.serializer=io.apicurio.registry.serde.avro.AvroKafkaSerializer, request.timeout.ms=5000, acks=all, bootstrap.servers=PLAINTEXT://localhost:32769, connections.max.idle.ms=10000, key.serializer=org.apache.kafka.common.serialization.StringSerializer, apicurio.registry.avro-datum-provider=io.apicurio.registry.serde.avro.ReflectAvroDatumProvider, client.id=Producer-topic-4553c1c1_29c0_4d16_a443_d106093ccddd}
2025-08-06 18:54:07,706 INFO  [io.api.tes.ser.api.SimpleSerdesTesterBuilder$SimpleSerdesTester] (main) Using consumer configuration: {apicurio.registry.avro-datum-provider=io.apicurio.registry.serde.avro.ReflectAvroDatumProvider}
2025-08-06 18:54:07,706 INFO  [io.api.tes.ser.api.KafkaSerdesTester] (Thread-633) Sending message io.apicurio.tests.common.serdes.TestObject@3dbd29cb to topic topic-4553c1c1_29c0_4d16_a443_d106093ccddd
2025-08-06 18:54:07,711 WARN  [org.apa.kaf.cli.NetworkClient] (kafka-producer-network-thread | Producer-topic-4553c1c1_29c0_4d16_a443_d106093ccddd) [Producer clientId=Producer-topic-4553c1c1_29c0_4d16_a443_d106093ccddd] The metadata response from the cluster reported a recoverable issue with correlation id 1 : {topic-4553c1c1_29c0_4d16_a443_d106093ccddd=UNKNOWN_TOPIC_OR_PARTITION}
2025-08-06 18:54:07,711 INFO  [org.apa.kaf.cli.Metadata] (kafka-producer-network-thread | Producer-topic-4553c1c1_29c0_4d16_a443_d106093ccddd) [Producer clientId=Producer-topic-4553c1c1_29c0_4d16_a443_d106093ccddd] Cluster ID: kF8Ua3WQTR-RR3LzMUds4A
2025-08-06 18:54:07,711 INFO  [org.apa.kaf.cli.pro.int.TransactionManager] (kafka-producer-network-thread | Producer-topic-4553c1c1_29c0_4d16_a443_d106093ccddd) [Producer clientId=Producer-topic-4553c1c1_29c0_4d16_a443_d106093ccddd] ProducerId set to 6 with epoch 0
2025-08-06 18:54:08,036 INFO  [io.api.tes.ser.api.KafkaSerdesTester] (Thread-633) Sending message io.apicurio.tests.common.serdes.TestObject@3dbd29cb to topic topic-4553c1c1_29c0_4d16_a443_d106093ccddd
2025-08-06 18:54:08,039 INFO  [io.api.tes.ser.api.KafkaSerdesTester] (Thread-633) Sending message io.apicurio.tests.common.serdes.TestObject@3dbd29cb to topic topic-4553c1c1_29c0_4d16_a443_d106093ccddd
2025-08-06 18:54:08,042 INFO  [io.api.tes.ser.api.KafkaSerdesTester] (Thread-633) Sending message io.apicurio.tests.common.serdes.TestObject@3dbd29cb to topic topic-4553c1c1_29c0_4d16_a443_d106093ccddd
2025-08-06 18:54:08,044 INFO  [io.api.tes.ser.api.KafkaSerdesTester] (Thread-633) Sending message io.apicurio.tests.common.serdes.TestObject@3dbd29cb to topic topic-4553c1c1_29c0_4d16_a443_d106093ccddd
2025-08-06 18:54:08,046 INFO  [io.api.tes.ser.api.KafkaSerdesTester] (Thread-633) Sending message io.apicurio.tests.common.serdes.TestObject@3dbd29cb to topic topic-4553c1c1_29c0_4d16_a443_d106093ccddd
2025-08-06 18:54:08,048 INFO  [io.api.tes.ser.api.KafkaSerdesTester] (Thread-633) Sending message io.apicurio.tests.common.serdes.TestObject@3dbd29cb to topic topic-4553c1c1_29c0_4d16_a443_d106093ccddd
2025-08-06 18:54:08,051 INFO  [io.api.tes.ser.api.KafkaSerdesTester] (Thread-633) Sending message io.apicurio.tests.common.serdes.TestObject@3dbd29cb to topic topic-4553c1c1_29c0_4d16_a443_d106093ccddd
2025-08-06 18:54:08,053 INFO  [io.api.tes.ser.api.KafkaSerdesTester] (Thread-633) Sending message io.apicurio.tests.common.serdes.TestObject@3dbd29cb to topic topic-4553c1c1_29c0_4d16_a443_d106093ccddd
2025-08-06 18:54:08,057 INFO  [io.api.tes.ser.api.KafkaSerdesTester] (Thread-633) Sending message io.apicurio.tests.common.serdes.TestObject@3dbd29cb to topic topic-4553c1c1_29c0_4d16_a443_d106093ccddd
2025-08-06 18:54:08,063 INFO  [io.api.tes.ser.api.KafkaSerdesTester] (Thread-633) Produced 10 messages
2025-08-06 18:54:08,063 INFO  [org.apa.kaf.cli.pro.KafkaProducer] (Thread-633) [Producer clientId=Producer-topic-4553c1c1_29c0_4d16_a443_d106093ccddd] Closing the Kafka producer with timeoutMillis = 9223372036854775807 ms.
2025-08-06 18:54:08,066 INFO  [org.apa.kaf.com.met.Metrics] (Thread-633) Metrics scheduler closed
2025-08-06 18:54:08,066 INFO  [org.apa.kaf.com.met.Metrics] (Thread-633) Closing reporter org.apache.kafka.common.metrics.JmxReporter
2025-08-06 18:54:08,066 INFO  [org.apa.kaf.com.met.Metrics] (Thread-633) Closing reporter org.apache.kafka.common.telemetry.internals.ClientTelemetryReporter
2025-08-06 18:54:08,066 INFO  [org.apa.kaf.com.met.Metrics] (Thread-633) Metrics reporters closed
2025-08-06 18:54:08,066 INFO  [org.apa.kaf.com.uti.AppInfoParser] (Thread-633) App info kafka.producer for Producer-topic-4553c1c1_29c0_4d16_a443_d106093ccddd unregistered
**** Registry Base URL: http://registry-app-mysql.apps.ci419.apicurio-testing.org:80
2025-08-06 18:54:08,235 INFO  [org.apa.kaf.cli.con.ConsumerConfig] (main) ConsumerConfig values: 
	allow.auto.create.topics = true
	auto.commit.interval.ms = 500
	auto.include.jmx.reporter = true
	auto.offset.reset = earliest
	bootstrap.servers = [PLAINTEXT://localhost:32769]
	check.crcs = true
	client.dns.lookup = use_all_dns_ips
	client.id = consumer-Consumer-topic-4553c1c1_29c0_4d16_a443_d106093ccddd-6
	client.rack = 
	connections.max.idle.ms = 10000
	default.api.timeout.ms = 60000
	enable.auto.commit = true
	enable.metrics.push = true
	exclude.internal.topics = true
	fetch.max.bytes = 52428800
	fetch.max.wait.ms = 500
	fetch.min.bytes = 1
	group.id = Consumer-topic-4553c1c1_29c0_4d16_a443_d106093ccddd
	group.instance.id = null
	group.protocol = classic
	group.remote.assignor = null
	heartbeat.interval.ms = 3000
	interceptor.classes = []
	internal.leave.group.on.close = true
	internal.throw.on.fetch.stable.offset.unsupported = false
	isolation.level = read_uncommitted
	key.deserializer = class org.apache.kafka.common.serialization.StringDeserializer
	max.partition.fetch.bytes = 1048576
	max.poll.interval.ms = 300000
	max.poll.records = 500
	metadata.max.age.ms = 300000
	metadata.recovery.strategy = none
	metric.reporters = []
	metrics.num.samples = 2
	metrics.recording.level = INFO
	metrics.sample.window.ms = 30000
	partition.assignment.strategy = [class org.apache.kafka.clients.consumer.RangeAssignor, class org.apache.kafka.clients.consumer.CooperativeStickyAssignor]
	receive.buffer.bytes = 65536
	reconnect.backoff.max.ms = 1000
	reconnect.backoff.ms = 50
	request.timeout.ms = 5000
	retry.backoff.max.ms = 1000
	retry.backoff.ms = 100
	sasl.client.callback.handler.class = null
	sasl.jaas.config = null
	sasl.kerberos.kinit.cmd = /usr/bin/kinit
	sasl.kerberos.min.time.before.relogin = 60000
	sasl.kerberos.service.name = null
	sasl.kerberos.ticket.renew.jitter = 0.05
	sasl.kerberos.ticket.renew.window.factor = 0.8
	sasl.login.callback.handler.class = null
	sasl.login.class = null
	sasl.login.connect.timeout.ms = null
	sasl.login.read.timeout.ms = null
	sasl.login.refresh.buffer.seconds = 300
	sasl.login.refresh.min.period.seconds = 60
	sasl.login.refresh.window.factor = 0.8
	sasl.login.refresh.window.jitter = 0.05
	sasl.login.retry.backoff.max.ms = 10000
	sasl.login.retry.backoff.ms = 100
	sasl.mechanism = GSSAPI
	sasl.oauthbearer.clock.skew.seconds = 30
	sasl.oauthbearer.expected.audience = null
	sasl.oauthbearer.expected.issuer = null
	sasl.oauthbearer.header.urlencode = false
	sasl.oauthbearer.jwks.endpoint.refresh.ms = 3600000
	sasl.oauthbearer.jwks.endpoint.retry.backoff.max.ms = 10000
	sasl.oauthbearer.jwks.endpoint.retry.backoff.ms = 100
	sasl.oauthbearer.jwks.endpoint.url = null
	sasl.oauthbearer.scope.claim.name = scope
	sasl.oauthbearer.sub.claim.name = sub
	sasl.oauthbearer.token.endpoint.url = null
	security.protocol = PLAINTEXT
	security.providers = null
	send.buffer.bytes = 131072
	session.timeout.ms = 45000
	socket.connection.setup.timeout.max.ms = 30000
	socket.connection.setup.timeout.ms = 10000
	ssl.cipher.suites = null
	ssl.enabled.protocols = [TLSv1.2, TLSv1.3]
	ssl.endpoint.identification.algorithm = https
	ssl.engine.factory.class = null
	ssl.key.password = null
	ssl.keymanager.algorithm = SunX509
	ssl.keystore.certificate.chain = null
	ssl.keystore.key = null
	ssl.keystore.location = null
	ssl.keystore.password = null
	ssl.keystore.type = JKS
	ssl.protocol = TLSv1.3
	ssl.provider = null
	ssl.secure.random.implementation = null
	ssl.trustmanager.algorithm = PKIX
	ssl.truststore.certificates = null
	ssl.truststore.location = null
	ssl.truststore.password = null
	ssl.truststore.type = JKS
	value.deserializer = class io.apicurio.registry.serde.avro.AvroKafkaDeserializer

2025-08-06 18:54:08,235 INFO  [org.apa.kaf.com.tel.int.KafkaMetricsCollector] (main) initializing Kafka metrics collector
2025-08-06 18:54:08,241 INFO  [org.apa.kaf.cli.con.ConsumerConfig] (main) These configurations '[apicurio.registry.url, apicurio.registry.avro-datum-provider]' were supplied but are not used yet.
2025-08-06 18:54:08,241 INFO  [org.apa.kaf.com.uti.AppInfoParser] (main) Kafka version: 3.9.1
2025-08-06 18:54:08,241 INFO  [org.apa.kaf.com.uti.AppInfoParser] (main) Kafka commitId: f745dfdcee2b9851
2025-08-06 18:54:08,241 INFO  [org.apa.kaf.com.uti.AppInfoParser] (main) Kafka startTimeMs: 1754506448241
2025-08-06 18:54:08,241 INFO  [org.apa.kaf.cli.con.int.ClassicKafkaConsumer] (Thread-636) [Consumer clientId=consumer-Consumer-topic-4553c1c1_29c0_4d16_a443_d106093ccddd-6, groupId=Consumer-topic-4553c1c1_29c0_4d16_a443_d106093ccddd] Subscribed to topic(s): topic-4553c1c1_29c0_4d16_a443_d106093ccddd
2025-08-06 18:54:08,246 INFO  [org.apa.kaf.cli.Metadata] (Thread-636) [Consumer clientId=consumer-Consumer-topic-4553c1c1_29c0_4d16_a443_d106093ccddd-6, groupId=Consumer-topic-4553c1c1_29c0_4d16_a443_d106093ccddd] Cluster ID: kF8Ua3WQTR-RR3LzMUds4A
2025-08-06 18:54:08,247 INFO  [org.apa.kaf.cli.con.int.ConsumerCoordinator] (Thread-636) [Consumer clientId=consumer-Consumer-topic-4553c1c1_29c0_4d16_a443_d106093ccddd-6, groupId=Consumer-topic-4553c1c1_29c0_4d16_a443_d106093ccddd] Discovered group coordinator localhost:32769 (id: 2147483647 rack: null)
2025-08-06 18:54:08,248 INFO  [org.apa.kaf.cli.con.int.ConsumerCoordinator] (Thread-636) [Consumer clientId=consumer-Consumer-topic-4553c1c1_29c0_4d16_a443_d106093ccddd-6, groupId=Consumer-topic-4553c1c1_29c0_4d16_a443_d106093ccddd] (Re-)joining group
2025-08-06 18:54:08,252 INFO  [org.apa.kaf.cli.con.int.ConsumerCoordinator] (Thread-636) [Consumer clientId=consumer-Consumer-topic-4553c1c1_29c0_4d16_a443_d106093ccddd-6, groupId=Consumer-topic-4553c1c1_29c0_4d16_a443_d106093ccddd] Request joining group due to: need to re-join with the given member-id: consumer-Consumer-topic-4553c1c1_29c0_4d16_a443_d106093ccddd-6-c41e5281-8a48-47e4-a2e6-969a4317628a
2025-08-06 18:54:08,252 INFO  [org.apa.kaf.cli.con.int.ConsumerCoordinator] (Thread-636) [Consumer clientId=consumer-Consumer-topic-4553c1c1_29c0_4d16_a443_d106093ccddd-6, groupId=Consumer-topic-4553c1c1_29c0_4d16_a443_d106093ccddd] (Re-)joining group
2025-08-06 18:54:09,242 INFO  [io.api.tes.ser.api.KafkaSerdesTester] (Thread-636) None found
2025-08-06 18:54:10,242 INFO  [io.api.tes.ser.api.KafkaSerdesTester] (Thread-636) None found
2025-08-06 18:54:11,243 INFO  [io.api.tes.ser.api.KafkaSerdesTester] (Thread-636) None found
2025-08-06 18:54:11,255 INFO  [org.apa.kaf.cli.con.int.ConsumerCoordinator] (Thread-636) [Consumer clientId=consumer-Consumer-topic-4553c1c1_29c0_4d16_a443_d106093ccddd-6, groupId=Consumer-topic-4553c1c1_29c0_4d16_a443_d106093ccddd] Successfully joined group with generation Generation{generationId=1, memberId='consumer-Consumer-topic-4553c1c1_29c0_4d16_a443_d106093ccddd-6-c41e5281-8a48-47e4-a2e6-969a4317628a', protocol='range'}
2025-08-06 18:54:11,255 INFO  [org.apa.kaf.cli.con.int.ConsumerCoordinator] (Thread-636) [Consumer clientId=consumer-Consumer-topic-4553c1c1_29c0_4d16_a443_d106093ccddd-6, groupId=Consumer-topic-4553c1c1_29c0_4d16_a443_d106093ccddd] Finished assignment for group at generation 1: {consumer-Consumer-topic-4553c1c1_29c0_4d16_a443_d106093ccddd-6-c41e5281-8a48-47e4-a2e6-969a4317628a=Assignment(partitions=[topic-4553c1c1_29c0_4d16_a443_d106093ccddd-0])}
2025-08-06 18:54:11,264 INFO  [org.apa.kaf.cli.con.int.ConsumerCoordinator] (Thread-636) [Consumer clientId=consumer-Consumer-topic-4553c1c1_29c0_4d16_a443_d106093ccddd-6, groupId=Consumer-topic-4553c1c1_29c0_4d16_a443_d106093ccddd] Successfully synced group in generation Generation{generationId=1, memberId='consumer-Consumer-topic-4553c1c1_29c0_4d16_a443_d106093ccddd-6-c41e5281-8a48-47e4-a2e6-969a4317628a', protocol='range'}
2025-08-06 18:54:11,264 INFO  [org.apa.kaf.cli.con.int.ConsumerCoordinator] (Thread-636) [Consumer clientId=consumer-Consumer-topic-4553c1c1_29c0_4d16_a443_d106093ccddd-6, groupId=Consumer-topic-4553c1c1_29c0_4d16_a443_d106093ccddd] Notifying assignor about the new Assignment(partitions=[topic-4553c1c1_29c0_4d16_a443_d106093ccddd-0])
2025-08-06 18:54:11,264 INFO  [org.apa.kaf.cli.con.int.ConsumerRebalanceListenerInvoker] (Thread-636) [Consumer clientId=consumer-Consumer-topic-4553c1c1_29c0_4d16_a443_d106093ccddd-6, groupId=Consumer-topic-4553c1c1_29c0_4d16_a443_d106093ccddd] Adding newly assigned partitions: topic-4553c1c1_29c0_4d16_a443_d106093ccddd-0
2025-08-06 18:54:11,266 INFO  [org.apa.kaf.cli.con.int.ConsumerCoordinator] (Thread-636) [Consumer clientId=consumer-Consumer-topic-4553c1c1_29c0_4d16_a443_d106093ccddd-6, groupId=Consumer-topic-4553c1c1_29c0_4d16_a443_d106093ccddd] Found no committed offset for partition topic-4553c1c1_29c0_4d16_a443_d106093ccddd-0
2025-08-06 18:54:11,273 INFO  [org.apa.kaf.cli.con.int.SubscriptionState] (Thread-636) [Consumer clientId=consumer-Consumer-topic-4553c1c1_29c0_4d16_a443_d106093ccddd-6, groupId=Consumer-topic-4553c1c1_29c0_4d16_a443_d106093ccddd] Resetting offset for partition topic-4553c1c1_29c0_4d16_a443_d106093ccddd-0 to position FetchPosition{offset=0, offsetEpoch=Optional.empty, currentLeader=LeaderAndEpoch{leader=Optional[localhost:32769 (id: 0 rack: null)], epoch=0}}.
2025-08-06 18:54:11,522 INFO  [io.api.tes.ser.api.KafkaSerdesTester] (Thread-636) topic-4553c1c1_29c0_4d16_a443_d106093ccddd 0 0 io.apicurio.tests.common.serdes.TestObject@3dbd29cb
2025-08-06 18:54:11,522 INFO  [io.api.tes.ser.api.KafkaSerdesTester] (Thread-636) topic-4553c1c1_29c0_4d16_a443_d106093ccddd 0 1 io.apicurio.tests.common.serdes.TestObject@3dbd29cb
2025-08-06 18:54:11,522 INFO  [io.api.tes.ser.api.KafkaSerdesTester] (Thread-636) topic-4553c1c1_29c0_4d16_a443_d106093ccddd 0 2 io.apicurio.tests.common.serdes.TestObject@3dbd29cb
2025-08-06 18:54:11,522 INFO  [io.api.tes.ser.api.KafkaSerdesTester] (Thread-636) topic-4553c1c1_29c0_4d16_a443_d106093ccddd 0 3 io.apicurio.tests.common.serdes.TestObject@3dbd29cb
2025-08-06 18:54:11,522 INFO  [io.api.tes.ser.api.KafkaSerdesTester] (Thread-636) topic-4553c1c1_29c0_4d16_a443_d106093ccddd 0 4 io.apicurio.tests.common.serdes.TestObject@3dbd29cb
2025-08-06 18:54:11,522 INFO  [io.api.tes.ser.api.KafkaSerdesTester] (Thread-636) topic-4553c1c1_29c0_4d16_a443_d106093ccddd 0 5 io.apicurio.tests.common.serdes.TestObject@3dbd29cb
2025-08-06 18:54:11,522 INFO  [io.api.tes.ser.api.KafkaSerdesTester] (Thread-636) topic-4553c1c1_29c0_4d16_a443_d106093ccddd 0 6 io.apicurio.tests.common.serdes.TestObject@3dbd29cb
2025-08-06 18:54:11,522 INFO  [io.api.tes.ser.api.KafkaSerdesTester] (Thread-636) topic-4553c1c1_29c0_4d16_a443_d106093ccddd 0 7 io.apicurio.tests.common.serdes.TestObject@3dbd29cb
2025-08-06 18:54:11,522 INFO  [io.api.tes.ser.api.KafkaSerdesTester] (Thread-636) topic-4553c1c1_29c0_4d16_a443_d106093ccddd 0 8 io.apicurio.tests.common.serdes.TestObject@3dbd29cb
2025-08-06 18:54:11,522 INFO  [io.api.tes.ser.api.KafkaSerdesTester] (Thread-636) topic-4553c1c1_29c0_4d16_a443_d106093ccddd 0 9 io.apicurio.tests.common.serdes.TestObject@3dbd29cb
2025-08-06 18:54:11,522 INFO  [io.api.tes.ser.api.KafkaSerdesTester] (Thread-636) Consumed 10 messages
2025-08-06 18:54:11,531 INFO  [org.apa.kaf.cli.con.int.ConsumerRebalanceListenerInvoker] (Thread-636) [Consumer clientId=consumer-Consumer-topic-4553c1c1_29c0_4d16_a443_d106093ccddd-6, groupId=Consumer-topic-4553c1c1_29c0_4d16_a443_d106093ccddd] Revoke previously assigned partitions topic-4553c1c1_29c0_4d16_a443_d106093ccddd-0
2025-08-06 18:54:11,531 INFO  [org.apa.kaf.cli.con.int.ConsumerCoordinator] (Thread-636) [Consumer clientId=consumer-Consumer-topic-4553c1c1_29c0_4d16_a443_d106093ccddd-6, groupId=Consumer-topic-4553c1c1_29c0_4d16_a443_d106093ccddd] Member consumer-Consumer-topic-4553c1c1_29c0_4d16_a443_d106093ccddd-6-c41e5281-8a48-47e4-a2e6-969a4317628a sending LeaveGroup request to coordinator localhost:32769 (id: 2147483647 rack: null) due to the consumer is being closed
2025-08-06 18:54:11,531 INFO  [org.apa.kaf.cli.con.int.ConsumerCoordinator] (Thread-636) [Consumer clientId=consumer-Consumer-topic-4553c1c1_29c0_4d16_a443_d106093ccddd-6, groupId=Consumer-topic-4553c1c1_29c0_4d16_a443_d106093ccddd] Resetting generation and member id due to: consumer pro-actively leaving the group
2025-08-06 18:54:11,531 INFO  [org.apa.kaf.cli.con.int.ConsumerCoordinator] (Thread-636) [Consumer clientId=consumer-Consumer-topic-4553c1c1_29c0_4d16_a443_d106093ccddd-6, groupId=Consumer-topic-4553c1c1_29c0_4d16_a443_d106093ccddd] Request joining group due to: consumer pro-actively leaving the group
2025-08-06 18:54:12,026 INFO  [org.apa.kaf.com.met.Metrics] (Thread-636) Metrics scheduler closed
2025-08-06 18:54:12,026 INFO  [org.apa.kaf.com.met.Metrics] (Thread-636) Closing reporter org.apache.kafka.common.metrics.JmxReporter
2025-08-06 18:54:12,026 INFO  [org.apa.kaf.com.met.Metrics] (Thread-636) Closing reporter org.apache.kafka.common.telemetry.internals.ClientTelemetryReporter
2025-08-06 18:54:12,027 INFO  [org.apa.kaf.com.met.Metrics] (Thread-636) Metrics reporters closed
2025-08-06 18:54:12,030 INFO  [org.apa.kaf.com.uti.AppInfoParser] (Thread-636) App info kafka.consumer for consumer-Consumer-topic-4553c1c1_29c0_4d16_a443_d106093ccddd-6 unregistered
2025-08-06 18:54:12,031 INFO  [io.api.tes.uti.TestSeparator] (main) io.apicurio.tests.serdes.apicurio.AvroSerdeIT.testReflectAutoRegister-FINISHED
2025-08-06 18:54:12,031 INFO  [io.api.tes.uti.TestSeparator] (main) ############################################################################
Test passed: testReflectAutoRegister
]]></system-out>
  </testcase>
  <testcase name="testArtifactNotFound" classname="io.apicurio.tests.serdes.apicurio.AvroSerdeIT" time="0.394">
    <system-out><![CDATA[2025-08-06 18:54:12,034 INFO  [io.api.tes.uti.TestSeparator] (main) ############################################################################
2025-08-06 18:54:12,034 INFO  [io.api.tes.uti.TestSeparator] (main) io.apicurio.tests.serdes.apicurio.AvroSerdeIT.testArtifactNotFound-STARTED
**** Registry Base URL: http://registry-app-mysql.apps.ci419.apicurio-testing.org:80
2025-08-06 18:54:12,036 INFO  [org.apa.kaf.cli.pro.ProducerConfig] (main) ProducerConfig values: 
	acks = -1
	auto.include.jmx.reporter = true
	batch.size = 16384
	bootstrap.servers = [PLAINTEXT://localhost:32769]
	buffer.memory = 33554432
	client.dns.lookup = use_all_dns_ips
	client.id = Producer-s582c9736x6dd0x4f55xbc7ax4e9bb92080f9
	compression.gzip.level = -1
	compression.lz4.level = 9
	compression.type = none
	compression.zstd.level = 3
	connections.max.idle.ms = 10000
	delivery.timeout.ms = 120000
	enable.idempotence = true
	enable.metrics.push = true
	interceptor.classes = []
	key.serializer = class org.apache.kafka.common.serialization.StringSerializer
	linger.ms = 0
	max.block.ms = 60000
	max.in.flight.requests.per.connection = 5
	max.request.size = 1048576
	metadata.max.age.ms = 300000
	metadata.max.idle.ms = 300000
	metadata.recovery.strategy = none
	metric.reporters = []
	metrics.num.samples = 2
	metrics.recording.level = INFO
	metrics.sample.window.ms = 30000
	partitioner.adaptive.partitioning.enable = true
	partitioner.availability.timeout.ms = 0
	partitioner.class = null
	partitioner.ignore.keys = false
	receive.buffer.bytes = 32768
	reconnect.backoff.max.ms = 1000
	reconnect.backoff.ms = 50
	request.timeout.ms = 5000
	retries = 2147483647
	retry.backoff.max.ms = 1000
	retry.backoff.ms = 100
	sasl.client.callback.handler.class = null
	sasl.jaas.config = null
	sasl.kerberos.kinit.cmd = /usr/bin/kinit
	sasl.kerberos.min.time.before.relogin = 60000
	sasl.kerberos.service.name = null
	sasl.kerberos.ticket.renew.jitter = 0.05
	sasl.kerberos.ticket.renew.window.factor = 0.8
	sasl.login.callback.handler.class = null
	sasl.login.class = null
	sasl.login.connect.timeout.ms = null
	sasl.login.read.timeout.ms = null
	sasl.login.refresh.buffer.seconds = 300
	sasl.login.refresh.min.period.seconds = 60
	sasl.login.refresh.window.factor = 0.8
	sasl.login.refresh.window.jitter = 0.05
	sasl.login.retry.backoff.max.ms = 10000
	sasl.login.retry.backoff.ms = 100
	sasl.mechanism = GSSAPI
	sasl.oauthbearer.clock.skew.seconds = 30
	sasl.oauthbearer.expected.audience = null
	sasl.oauthbearer.expected.issuer = null
	sasl.oauthbearer.header.urlencode = false
	sasl.oauthbearer.jwks.endpoint.refresh.ms = 3600000
	sasl.oauthbearer.jwks.endpoint.retry.backoff.max.ms = 10000
	sasl.oauthbearer.jwks.endpoint.retry.backoff.ms = 100
	sasl.oauthbearer.jwks.endpoint.url = null
	sasl.oauthbearer.scope.claim.name = scope
	sasl.oauthbearer.sub.claim.name = sub
	sasl.oauthbearer.token.endpoint.url = null
	security.protocol = PLAINTEXT
	security.providers = null
	send.buffer.bytes = 131072
	socket.connection.setup.timeout.max.ms = 30000
	socket.connection.setup.timeout.ms = 10000
	ssl.cipher.suites = null
	ssl.enabled.protocols = [TLSv1.2, TLSv1.3]
	ssl.endpoint.identification.algorithm = https
	ssl.engine.factory.class = null
	ssl.key.password = null
	ssl.keymanager.algorithm = SunX509
	ssl.keystore.certificate.chain = null
	ssl.keystore.key = null
	ssl.keystore.location = null
	ssl.keystore.password = null
	ssl.keystore.type = JKS
	ssl.protocol = TLSv1.3
	ssl.provider = null
	ssl.secure.random.implementation = null
	ssl.trustmanager.algorithm = PKIX
	ssl.truststore.certificates = null
	ssl.truststore.location = null
	ssl.truststore.password = null
	ssl.truststore.type = JKS
	transaction.timeout.ms = 60000
	transactional.id = null
	value.serializer = class io.apicurio.registry.serde.avro.AvroKafkaSerializer

2025-08-06 18:54:12,036 INFO  [org.apa.kaf.com.tel.int.KafkaMetricsCollector] (main) initializing Kafka metrics collector
2025-08-06 18:54:12,041 INFO  [org.apa.kaf.cli.pro.KafkaProducer] (main) [Producer clientId=Producer-s582c9736x6dd0x4f55xbc7ax4e9bb92080f9] Instantiated an idempotent producer.
2025-08-06 18:54:12,044 INFO  [org.apa.kaf.cli.pro.ProducerConfig] (main) These configurations '[apicurio.registry.url, apicurio.registry.artifact-resolver-strategy]' were supplied but are not used yet.
2025-08-06 18:54:12,044 INFO  [org.apa.kaf.com.uti.AppInfoParser] (main) Kafka version: 3.9.1
2025-08-06 18:54:12,044 INFO  [org.apa.kaf.com.uti.AppInfoParser] (main) Kafka commitId: f745dfdcee2b9851
2025-08-06 18:54:12,044 INFO  [org.apa.kaf.com.uti.AppInfoParser] (main) Kafka startTimeMs: 1754506452044
2025-08-06 18:54:12,047 INFO  [io.api.tes.ser.api.KafkaSerdesTester] (Thread-639) Sending message {"keyB": "value-0"} to topic s582c9736x6dd0x4f55xbc7ax4e9bb92080f9
2025-08-06 18:54:12,051 WARN  [org.apa.kaf.cli.NetworkClient] (kafka-producer-network-thread | Producer-s582c9736x6dd0x4f55xbc7ax4e9bb92080f9) [Producer clientId=Producer-s582c9736x6dd0x4f55xbc7ax4e9bb92080f9] The metadata response from the cluster reported a recoverable issue with correlation id 1 : {s582c9736x6dd0x4f55xbc7ax4e9bb92080f9=UNKNOWN_TOPIC_OR_PARTITION}
2025-08-06 18:54:12,051 INFO  [org.apa.kaf.cli.Metadata] (kafka-producer-network-thread | Producer-s582c9736x6dd0x4f55xbc7ax4e9bb92080f9) [Producer clientId=Producer-s582c9736x6dd0x4f55xbc7ax4e9bb92080f9] Cluster ID: kF8Ua3WQTR-RR3LzMUds4A
2025-08-06 18:54:12,052 INFO  [org.apa.kaf.cli.pro.int.TransactionManager] (kafka-producer-network-thread | Producer-s582c9736x6dd0x4f55xbc7ax4e9bb92080f9) [Producer clientId=Producer-s582c9736x6dd0x4f55xbc7ax4e9bb92080f9] ProducerId set to 7 with epoch 0
2025-08-06 18:54:12,166 INFO  [DefaultSchemaResolver] (Thread-639) Retrieving schema content using string: {"type":"record","name":"myrecord","namespace":"mygroup","fields":[{"name":"keyB","type":"string"}]}
2025-08-06 18:54:12,418 INFO  [org.apa.kaf.cli.pro.KafkaProducer] (Thread-639) [Producer clientId=Producer-s582c9736x6dd0x4f55xbc7ax4e9bb92080f9] Closing the Kafka producer with timeoutMillis = 9223372036854775807 ms.
2025-08-06 18:54:12,423 INFO  [org.apa.kaf.com.met.Metrics] (Thread-639) Metrics scheduler closed
2025-08-06 18:54:12,423 INFO  [org.apa.kaf.com.met.Metrics] (Thread-639) Closing reporter org.apache.kafka.common.metrics.JmxReporter
2025-08-06 18:54:12,423 INFO  [org.apa.kaf.com.met.Metrics] (Thread-639) Closing reporter org.apache.kafka.common.telemetry.internals.ClientTelemetryReporter
2025-08-06 18:54:12,423 INFO  [org.apa.kaf.com.met.Metrics] (Thread-639) Metrics reporters closed
2025-08-06 18:54:12,424 INFO  [org.apa.kaf.com.uti.AppInfoParser] (Thread-639) App info kafka.producer for Producer-s582c9736x6dd0x4f55xbc7ax4e9bb92080f9 unregistered
2025-08-06 18:54:12,426 INFO  [io.api.tes.uti.TestSeparator] (main) io.apicurio.tests.serdes.apicurio.AvroSerdeIT.testArtifactNotFound-FINISHED
2025-08-06 18:54:12,426 INFO  [io.api.tes.uti.TestSeparator] (main) ############################################################################
Test passed: testArtifactNotFound
]]></system-out>
    <system-err><![CDATA[java.lang.RuntimeException: Could not resolve artifact reference by content: {"type":"record","name":"myrecord","namespace":"mygroup","fields":[{"name":"keyB","type":"string"}]}&ArtifactReference [groupId=default, artifactId=s582c9736x6dd0x4f55xbc7ax4e9bb92080f9-value, version=null, globalId=null, contentId=null, contentHash=null]
	at io.apicurio.registry.resolver.DefaultSchemaResolver.lambda$handleResolveSchemaByContent$3(DefaultSchemaResolver.java:265)
	at io.apicurio.registry.resolver.cache.ERCache.lambda$getValue$0(ERCache.java:174)
	at io.apicurio.registry.resolver.cache.ERCache.retry(ERCache.java:227)
	at io.apicurio.registry.resolver.cache.ERCache.getValue(ERCache.java:173)
	at io.apicurio.registry.resolver.cache.ERCache.getByContent(ERCache.java:147)
	at io.apicurio.registry.resolver.DefaultSchemaResolver.handleResolveSchemaByContent(DefaultSchemaResolver.java:253)
	at io.apicurio.registry.resolver.DefaultSchemaResolver.getSchemaFromRegistry(DefaultSchemaResolver.java:138)
	at io.apicurio.registry.resolver.DefaultSchemaResolver.lambda$resolveSchema$0(DefaultSchemaResolver.java:84)
	at java.base/java.util.Optional.orElseGet(Optional.java:364)
	at io.apicurio.registry.resolver.DefaultSchemaResolver.resolveSchema(DefaultSchemaResolver.java:84)
	at io.apicurio.registry.serde.AbstractSerializer.serializeData(AbstractSerializer.java:62)
	at io.apicurio.registry.serde.KafkaSerializer.serialize(KafkaSerializer.java:77)
	at org.apache.kafka.clients.producer.KafkaProducer.doSend(KafkaProducer.java:1046)
	at org.apache.kafka.clients.producer.KafkaProducer.send(KafkaProducer.java:993)
	at org.apache.kafka.clients.producer.KafkaProducer.send(KafkaProducer.java:875)
	at io.apicurio.tests.serdes.apicurio.KafkaSerdesTester.lambda$produceMessages$3(KafkaSerdesTester.java:138)
	at java.base/java.util.concurrent.CompletableFuture$AsyncSupply.run(CompletableFuture.java:1768)
	at java.base/java.lang.Thread.run(Thread.java:840)
]]></system-err>
  </testcase>
  <testcase name="testAvroSerDesFailDifferentSchemaByRecordName" classname="io.apicurio.tests.serdes.apicurio.AvroSerdeIT" time="1.458">
    <system-out><![CDATA[2025-08-06 18:54:12,429 INFO  [io.api.tes.uti.TestSeparator] (main) ############################################################################
2025-08-06 18:54:12,430 INFO  [io.api.tes.uti.TestSeparator] (main) io.apicurio.tests.serdes.apicurio.AvroSerdeIT.testAvroSerDesFailDifferentSchemaByRecordName-STARTED
**** Registry Base URL: http://registry-app-mysql.apps.ci419.apicurio-testing.org:80
2025-08-06 18:54:13,706 INFO  [org.apa.kaf.cli.pro.ProducerConfig] (main) ProducerConfig values: 
	acks = -1
	auto.include.jmx.reporter = true
	batch.size = 16384
	bootstrap.servers = [PLAINTEXT://localhost:32769]
	buffer.memory = 33554432
	client.dns.lookup = use_all_dns_ips
	client.id = Producer-topic-62085147_da1c_4c72_b09f_c8e40610730f
	compression.gzip.level = -1
	compression.lz4.level = 9
	compression.type = none
	compression.zstd.level = 3
	connections.max.idle.ms = 10000
	delivery.timeout.ms = 120000
	enable.idempotence = true
	enable.metrics.push = true
	interceptor.classes = []
	key.serializer = class org.apache.kafka.common.serialization.StringSerializer
	linger.ms = 0
	max.block.ms = 60000
	max.in.flight.requests.per.connection = 5
	max.request.size = 1048576
	metadata.max.age.ms = 300000
	metadata.max.idle.ms = 300000
	metadata.recovery.strategy = none
	metric.reporters = []
	metrics.num.samples = 2
	metrics.recording.level = INFO
	metrics.sample.window.ms = 30000
	partitioner.adaptive.partitioning.enable = true
	partitioner.availability.timeout.ms = 0
	partitioner.class = null
	partitioner.ignore.keys = false
	receive.buffer.bytes = 32768
	reconnect.backoff.max.ms = 1000
	reconnect.backoff.ms = 50
	request.timeout.ms = 5000
	retries = 2147483647
	retry.backoff.max.ms = 1000
	retry.backoff.ms = 100
	sasl.client.callback.handler.class = null
	sasl.jaas.config = null
	sasl.kerberos.kinit.cmd = /usr/bin/kinit
	sasl.kerberos.min.time.before.relogin = 60000
	sasl.kerberos.service.name = null
	sasl.kerberos.ticket.renew.jitter = 0.05
	sasl.kerberos.ticket.renew.window.factor = 0.8
	sasl.login.callback.handler.class = null
	sasl.login.class = null
	sasl.login.connect.timeout.ms = null
	sasl.login.read.timeout.ms = null
	sasl.login.refresh.buffer.seconds = 300
	sasl.login.refresh.min.period.seconds = 60
	sasl.login.refresh.window.factor = 0.8
	sasl.login.refresh.window.jitter = 0.05
	sasl.login.retry.backoff.max.ms = 10000
	sasl.login.retry.backoff.ms = 100
	sasl.mechanism = GSSAPI
	sasl.oauthbearer.clock.skew.seconds = 30
	sasl.oauthbearer.expected.audience = null
	sasl.oauthbearer.expected.issuer = null
	sasl.oauthbearer.header.urlencode = false
	sasl.oauthbearer.jwks.endpoint.refresh.ms = 3600000
	sasl.oauthbearer.jwks.endpoint.retry.backoff.max.ms = 10000
	sasl.oauthbearer.jwks.endpoint.retry.backoff.ms = 100
	sasl.oauthbearer.jwks.endpoint.url = null
	sasl.oauthbearer.scope.claim.name = scope
	sasl.oauthbearer.sub.claim.name = sub
	sasl.oauthbearer.token.endpoint.url = null
	security.protocol = PLAINTEXT
	security.providers = null
	send.buffer.bytes = 131072
	socket.connection.setup.timeout.max.ms = 30000
	socket.connection.setup.timeout.ms = 10000
	ssl.cipher.suites = null
	ssl.enabled.protocols = [TLSv1.2, TLSv1.3]
	ssl.endpoint.identification.algorithm = https
	ssl.engine.factory.class = null
	ssl.key.password = null
	ssl.keymanager.algorithm = SunX509
	ssl.keystore.certificate.chain = null
	ssl.keystore.key = null
	ssl.keystore.location = null
	ssl.keystore.password = null
	ssl.keystore.type = JKS
	ssl.protocol = TLSv1.3
	ssl.provider = null
	ssl.secure.random.implementation = null
	ssl.trustmanager.algorithm = PKIX
	ssl.truststore.certificates = null
	ssl.truststore.location = null
	ssl.truststore.password = null
	ssl.truststore.type = JKS
	transaction.timeout.ms = 60000
	transactional.id = null
	value.serializer = class io.apicurio.registry.serde.avro.AvroKafkaSerializer

2025-08-06 18:54:13,707 INFO  [org.apa.kaf.com.tel.int.KafkaMetricsCollector] (main) initializing Kafka metrics collector
2025-08-06 18:54:13,710 INFO  [org.apa.kaf.cli.pro.KafkaProducer] (main) [Producer clientId=Producer-topic-62085147_da1c_4c72_b09f_c8e40610730f] Instantiated an idempotent producer.
2025-08-06 18:54:13,713 INFO  [org.apa.kaf.cli.pro.ProducerConfig] (main) These configurations '[apicurio.registry.find-latest, apicurio.registry.url, apicurio.registry.artifact-resolver-strategy]' were supplied but are not used yet.
2025-08-06 18:54:13,713 INFO  [org.apa.kaf.com.uti.AppInfoParser] (main) Kafka version: 3.9.1
2025-08-06 18:54:13,713 INFO  [org.apa.kaf.com.uti.AppInfoParser] (main) Kafka commitId: f745dfdcee2b9851
2025-08-06 18:54:13,713 INFO  [org.apa.kaf.com.uti.AppInfoParser] (main) Kafka startTimeMs: 1754506453713
2025-08-06 18:54:13,714 INFO  [io.api.tes.ser.api.KafkaSerdesTester] (Thread-642) Sending message {"keyB": "value-0"} to topic topic-62085147_da1c_4c72_b09f_c8e40610730f
2025-08-06 18:54:13,719 INFO  [org.apa.kaf.cli.Metadata] (kafka-producer-network-thread | Producer-topic-62085147_da1c_4c72_b09f_c8e40610730f) [Producer clientId=Producer-topic-62085147_da1c_4c72_b09f_c8e40610730f] Cluster ID: kF8Ua3WQTR-RR3LzMUds4A
2025-08-06 18:54:13,720 INFO  [org.apa.kaf.cli.pro.int.TransactionManager] (kafka-producer-network-thread | Producer-topic-62085147_da1c_4c72_b09f_c8e40610730f) [Producer clientId=Producer-topic-62085147_da1c_4c72_b09f_c8e40610730f] ProducerId set to 8 with epoch 0
2025-08-06 18:54:13,882 INFO  [org.apa.kaf.cli.pro.KafkaProducer] (Thread-642) [Producer clientId=Producer-topic-62085147_da1c_4c72_b09f_c8e40610730f] Closing the Kafka producer with timeoutMillis = 9223372036854775807 ms.
2025-08-06 18:54:13,884 INFO  [org.apa.kaf.com.met.Metrics] (Thread-642) Metrics scheduler closed
2025-08-06 18:54:13,884 INFO  [org.apa.kaf.com.met.Metrics] (Thread-642) Closing reporter org.apache.kafka.common.metrics.JmxReporter
2025-08-06 18:54:13,884 INFO  [org.apa.kaf.com.met.Metrics] (Thread-642) Closing reporter org.apache.kafka.common.telemetry.internals.ClientTelemetryReporter
2025-08-06 18:54:13,884 INFO  [org.apa.kaf.com.met.Metrics] (Thread-642) Metrics reporters closed
2025-08-06 18:54:13,884 INFO  [org.apa.kaf.com.uti.AppInfoParser] (Thread-642) App info kafka.producer for Producer-topic-62085147_da1c_4c72_b09f_c8e40610730f unregistered
2025-08-06 18:54:13,884 INFO  [io.api.tes.uti.TestSeparator] (main) io.apicurio.tests.serdes.apicurio.AvroSerdeIT.testAvroSerDesFailDifferentSchemaByRecordName-FINISHED
2025-08-06 18:54:13,884 INFO  [io.api.tes.uti.TestSeparator] (main) ############################################################################
Test passed: testAvroSerDesFailDifferentSchemaByRecordName
]]></system-out>
    <system-err><![CDATA[io.apicurio.registry.rest.client.models.ProblemDetails
	at io.apicurio.registry.rest.client.models.ProblemDetails.createFromDiscriminatorValue(ProblemDetails.java:58)
	at io.kiota.serialization.json.JsonParseNode.getObjectValue(JsonParseNode.java:247)
	at io.kiota.http.vertx.VertXRequestAdapter.lambda$throwIfFailedResponse$0(VertXRequestAdapter.java:400)
	at com.microsoft.kiota.ApiExceptionBuilder.<init>(ApiExceptionBuilder.java:26)
	at io.kiota.http.vertx.VertXRequestAdapter.throwIfFailedResponse(VertXRequestAdapter.java:399)
	at io.kiota.http.vertx.VertXRequestAdapter.send(VertXRequestAdapter.java:170)
	at io.apicurio.registry.rest.client.groups.item.artifacts.item.versions.item.WithVersionExpressionItemRequestBuilder.get(WithVersionExpressionItemRequestBuilder.java:128)
	at io.apicurio.registry.rest.client.groups.item.artifacts.item.versions.item.WithVersionExpressionItemRequestBuilder.get(WithVersionExpressionItemRequestBuilder.java:111)
	at io.apicurio.registry.resolver.client.RegistryClientFacadeImpl.getVersionCoordinatesByGAV(RegistryClientFacadeImpl.java:159)
	at io.apicurio.registry.resolver.DefaultSchemaResolver.resolveByCoordinates(DefaultSchemaResolver.java:352)
	at io.apicurio.registry.resolver.DefaultSchemaResolver.lambda$resolveSchemaByArtifactReferenceCached$6(DefaultSchemaResolver.java:340)
	at io.apicurio.registry.resolver.cache.ERCache.lambda$getValue$0(ERCache.java:174)
	at io.apicurio.registry.resolver.cache.ERCache.retry(ERCache.java:227)
	at io.apicurio.registry.resolver.cache.ERCache.getValue(ERCache.java:173)
	at io.apicurio.registry.resolver.cache.ERCache.getByArtifactCoordinates(ERCache.java:158)
	at io.apicurio.registry.resolver.DefaultSchemaResolver.resolveSchemaByArtifactReferenceCached(DefaultSchemaResolver.java:338)
	at io.apicurio.registry.resolver.DefaultSchemaResolver.resolveSchemaByCoordinates(DefaultSchemaResolver.java:193)
	at io.apicurio.registry.resolver.DefaultSchemaResolver.getSchemaFromRegistry(DefaultSchemaResolver.java:130)
	at io.apicurio.registry.resolver.DefaultSchemaResolver.lambda$resolveSchema$0(DefaultSchemaResolver.java:84)
	at java.base/java.util.Optional.orElseGet(Optional.java:364)
	at io.apicurio.registry.resolver.DefaultSchemaResolver.resolveSchema(DefaultSchemaResolver.java:84)
	at io.apicurio.registry.serde.AbstractSerializer.serializeData(AbstractSerializer.java:62)
	at io.apicurio.registry.serde.KafkaSerializer.serialize(KafkaSerializer.java:77)
	at org.apache.kafka.clients.producer.KafkaProducer.doSend(KafkaProducer.java:1046)
	at org.apache.kafka.clients.producer.KafkaProducer.send(KafkaProducer.java:993)
	at org.apache.kafka.clients.producer.KafkaProducer.send(KafkaProducer.java:875)
	at io.apicurio.tests.serdes.apicurio.KafkaSerdesTester.lambda$produceMessages$3(KafkaSerdesTester.java:138)
	at java.base/java.util.concurrent.CompletableFuture$AsyncSupply.run(CompletableFuture.java:1768)
	at java.base/java.lang.Thread.run(Thread.java:840)
]]></system-err>
  </testcase>
  <testcase name="testTopicIdStrategyFindLatest" classname="io.apicurio.tests.serdes.apicurio.AvroSerdeIT" time="5.561">
    <system-out><![CDATA[2025-08-06 18:54:13,887 INFO  [io.api.tes.uti.TestSeparator] (main) ############################################################################
2025-08-06 18:54:13,887 INFO  [io.api.tes.uti.TestSeparator] (main) io.apicurio.tests.serdes.apicurio.AvroSerdeIT.testTopicIdStrategyFindLatest-STARTED
2025-08-06 18:54:13,888 INFO  [io.api.tes.ser.api.AvroSerdeIT] (main) Registering Avro Schema: {"type":"record","name":"myrecordapicurio1","fields":[{"name":"key11754506453887","type":"string"}]}
**** Registry Base URL: http://registry-app-mysql.apps.ci419.apicurio-testing.org:80
2025-08-06 18:54:15,098 INFO  [org.apa.kaf.cli.pro.ProducerConfig] (main) ProducerConfig values: 
	acks = -1
	auto.include.jmx.reporter = true
	batch.size = 16384
	bootstrap.servers = [PLAINTEXT://localhost:32769]
	buffer.memory = 33554432
	client.dns.lookup = use_all_dns_ips
	client.id = Producer-topic-cc24c055_356f_410c_bb2a_0cd644bafd92
	compression.gzip.level = -1
	compression.lz4.level = 9
	compression.type = none
	compression.zstd.level = 3
	connections.max.idle.ms = 10000
	delivery.timeout.ms = 120000
	enable.idempotence = true
	enable.metrics.push = true
	interceptor.classes = []
	key.serializer = class org.apache.kafka.common.serialization.StringSerializer
	linger.ms = 0
	max.block.ms = 60000
	max.in.flight.requests.per.connection = 5
	max.request.size = 1048576
	metadata.max.age.ms = 300000
	metadata.max.idle.ms = 300000
	metadata.recovery.strategy = none
	metric.reporters = []
	metrics.num.samples = 2
	metrics.recording.level = INFO
	metrics.sample.window.ms = 30000
	partitioner.adaptive.partitioning.enable = true
	partitioner.availability.timeout.ms = 0
	partitioner.class = null
	partitioner.ignore.keys = false
	receive.buffer.bytes = 32768
	reconnect.backoff.max.ms = 1000
	reconnect.backoff.ms = 50
	request.timeout.ms = 5000
	retries = 2147483647
	retry.backoff.max.ms = 1000
	retry.backoff.ms = 100
	sasl.client.callback.handler.class = null
	sasl.jaas.config = null
	sasl.kerberos.kinit.cmd = /usr/bin/kinit
	sasl.kerberos.min.time.before.relogin = 60000
	sasl.kerberos.service.name = null
	sasl.kerberos.ticket.renew.jitter = 0.05
	sasl.kerberos.ticket.renew.window.factor = 0.8
	sasl.login.callback.handler.class = null
	sasl.login.class = null
	sasl.login.connect.timeout.ms = null
	sasl.login.read.timeout.ms = null
	sasl.login.refresh.buffer.seconds = 300
	sasl.login.refresh.min.period.seconds = 60
	sasl.login.refresh.window.factor = 0.8
	sasl.login.refresh.window.jitter = 0.05
	sasl.login.retry.backoff.max.ms = 10000
	sasl.login.retry.backoff.ms = 100
	sasl.mechanism = GSSAPI
	sasl.oauthbearer.clock.skew.seconds = 30
	sasl.oauthbearer.expected.audience = null
	sasl.oauthbearer.expected.issuer = null
	sasl.oauthbearer.header.urlencode = false
	sasl.oauthbearer.jwks.endpoint.refresh.ms = 3600000
	sasl.oauthbearer.jwks.endpoint.retry.backoff.max.ms = 10000
	sasl.oauthbearer.jwks.endpoint.retry.backoff.ms = 100
	sasl.oauthbearer.jwks.endpoint.url = null
	sasl.oauthbearer.scope.claim.name = scope
	sasl.oauthbearer.sub.claim.name = sub
	sasl.oauthbearer.token.endpoint.url = null
	security.protocol = PLAINTEXT
	security.providers = null
	send.buffer.bytes = 131072
	socket.connection.setup.timeout.max.ms = 30000
	socket.connection.setup.timeout.ms = 10000
	ssl.cipher.suites = null
	ssl.enabled.protocols = [TLSv1.2, TLSv1.3]
	ssl.endpoint.identification.algorithm = https
	ssl.engine.factory.class = null
	ssl.key.password = null
	ssl.keymanager.algorithm = SunX509
	ssl.keystore.certificate.chain = null
	ssl.keystore.key = null
	ssl.keystore.location = null
	ssl.keystore.password = null
	ssl.keystore.type = JKS
	ssl.protocol = TLSv1.3
	ssl.provider = null
	ssl.secure.random.implementation = null
	ssl.trustmanager.algorithm = PKIX
	ssl.truststore.certificates = null
	ssl.truststore.location = null
	ssl.truststore.password = null
	ssl.truststore.type = JKS
	transaction.timeout.ms = 60000
	transactional.id = null
	value.serializer = class io.apicurio.registry.serde.avro.AvroKafkaSerializer

2025-08-06 18:54:15,099 INFO  [org.apa.kaf.com.tel.int.KafkaMetricsCollector] (main) initializing Kafka metrics collector
2025-08-06 18:54:15,102 INFO  [org.apa.kaf.cli.pro.KafkaProducer] (main) [Producer clientId=Producer-topic-cc24c055_356f_410c_bb2a_0cd644bafd92] Instantiated an idempotent producer.
2025-08-06 18:54:15,104 INFO  [org.apa.kaf.cli.pro.ProducerConfig] (main) These configurations '[apicurio.registry.find-latest, apicurio.registry.url, apicurio.registry.artifact-resolver-strategy]' were supplied but are not used yet.
2025-08-06 18:54:15,104 INFO  [org.apa.kaf.com.uti.AppInfoParser] (main) Kafka version: 3.9.1
2025-08-06 18:54:15,104 INFO  [org.apa.kaf.com.uti.AppInfoParser] (main) Kafka commitId: f745dfdcee2b9851
2025-08-06 18:54:15,104 INFO  [org.apa.kaf.com.uti.AppInfoParser] (main) Kafka startTimeMs: 1754506455104
2025-08-06 18:54:15,104 INFO  [io.api.tes.ser.api.SimpleSerdesTesterBuilder$SimpleSerdesTester] (main) Using producer configuration: {apicurio.registry.find-latest=true, apicurio.registry.url=http://registry-app-mysql.apps.ci419.apicurio-testing.org:80/apis/registry/v3, apicurio.registry.artifact-resolver-strategy=io.apicurio.registry.serde.strategy.TopicIdStrategy, value.serializer=io.apicurio.registry.serde.avro.AvroKafkaSerializer, request.timeout.ms=5000, acks=all, bootstrap.servers=PLAINTEXT://localhost:32769, connections.max.idle.ms=10000, key.serializer=org.apache.kafka.common.serialization.StringSerializer, client.id=Producer-topic-cc24c055_356f_410c_bb2a_0cd644bafd92}
2025-08-06 18:54:15,105 INFO  [io.api.tes.ser.api.SimpleSerdesTesterBuilder$SimpleSerdesTester] (main) Using consumer configuration: {}
2025-08-06 18:54:15,107 INFO  [io.api.tes.ser.api.KafkaSerdesTester] (Thread-645) Sending message {"key11754506453887": "value-0"} to topic topic-cc24c055_356f_410c_bb2a_0cd644bafd92
2025-08-06 18:54:15,113 INFO  [org.apa.kaf.cli.Metadata] (kafka-producer-network-thread | Producer-topic-cc24c055_356f_410c_bb2a_0cd644bafd92) [Producer clientId=Producer-topic-cc24c055_356f_410c_bb2a_0cd644bafd92] Cluster ID: kF8Ua3WQTR-RR3LzMUds4A
2025-08-06 18:54:15,113 INFO  [org.apa.kaf.cli.pro.int.TransactionManager] (kafka-producer-network-thread | Producer-topic-cc24c055_356f_410c_bb2a_0cd644bafd92) [Producer clientId=Producer-topic-cc24c055_356f_410c_bb2a_0cd644bafd92] ProducerId set to 9 with epoch 0
2025-08-06 18:54:15,441 INFO  [io.api.tes.ser.api.KafkaSerdesTester] (Thread-645) Sending message {"key11754506453887": "value-1"} to topic topic-cc24c055_356f_410c_bb2a_0cd644bafd92
2025-08-06 18:54:15,445 INFO  [io.api.tes.ser.api.KafkaSerdesTester] (Thread-645) Sending message {"key11754506453887": "value-2"} to topic topic-cc24c055_356f_410c_bb2a_0cd644bafd92
2025-08-06 18:54:15,448 INFO  [io.api.tes.ser.api.KafkaSerdesTester] (Thread-645) Sending message {"key11754506453887": "value-3"} to topic topic-cc24c055_356f_410c_bb2a_0cd644bafd92
2025-08-06 18:54:15,451 INFO  [io.api.tes.ser.api.KafkaSerdesTester] (Thread-645) Sending message {"key11754506453887": "value-4"} to topic topic-cc24c055_356f_410c_bb2a_0cd644bafd92
2025-08-06 18:54:15,454 INFO  [io.api.tes.ser.api.KafkaSerdesTester] (Thread-645) Sending message {"key11754506453887": "value-5"} to topic topic-cc24c055_356f_410c_bb2a_0cd644bafd92
2025-08-06 18:54:15,455 INFO  [io.api.tes.ser.api.KafkaSerdesTester] (Thread-645) Sending message {"key11754506453887": "value-6"} to topic topic-cc24c055_356f_410c_bb2a_0cd644bafd92
2025-08-06 18:54:15,460 INFO  [io.api.tes.ser.api.KafkaSerdesTester] (Thread-645) Sending message {"key11754506453887": "value-7"} to topic topic-cc24c055_356f_410c_bb2a_0cd644bafd92
2025-08-06 18:54:15,464 INFO  [io.api.tes.ser.api.KafkaSerdesTester] (Thread-645) Sending message {"key11754506453887": "value-8"} to topic topic-cc24c055_356f_410c_bb2a_0cd644bafd92
2025-08-06 18:54:15,469 INFO  [io.api.tes.ser.api.KafkaSerdesTester] (Thread-645) Sending message {"key11754506453887": "value-9"} to topic topic-cc24c055_356f_410c_bb2a_0cd644bafd92
2025-08-06 18:54:15,472 INFO  [io.api.tes.ser.api.KafkaSerdesTester] (Thread-645) Produced 10 messages
2025-08-06 18:54:15,472 INFO  [org.apa.kaf.cli.pro.KafkaProducer] (Thread-645) [Producer clientId=Producer-topic-cc24c055_356f_410c_bb2a_0cd644bafd92] Closing the Kafka producer with timeoutMillis = 9223372036854775807 ms.
2025-08-06 18:54:15,475 INFO  [org.apa.kaf.com.met.Metrics] (Thread-645) Metrics scheduler closed
2025-08-06 18:54:15,475 INFO  [org.apa.kaf.com.met.Metrics] (Thread-645) Closing reporter org.apache.kafka.common.metrics.JmxReporter
2025-08-06 18:54:15,475 INFO  [org.apa.kaf.com.met.Metrics] (Thread-645) Closing reporter org.apache.kafka.common.telemetry.internals.ClientTelemetryReporter
2025-08-06 18:54:15,475 INFO  [org.apa.kaf.com.met.Metrics] (Thread-645) Metrics reporters closed
2025-08-06 18:54:15,475 INFO  [org.apa.kaf.com.uti.AppInfoParser] (Thread-645) App info kafka.producer for Producer-topic-cc24c055_356f_410c_bb2a_0cd644bafd92 unregistered
**** Registry Base URL: http://registry-app-mysql.apps.ci419.apicurio-testing.org:80
2025-08-06 18:54:15,477 INFO  [org.apa.kaf.cli.con.ConsumerConfig] (main) ConsumerConfig values: 
	allow.auto.create.topics = true
	auto.commit.interval.ms = 500
	auto.include.jmx.reporter = true
	auto.offset.reset = earliest
	bootstrap.servers = [PLAINTEXT://localhost:32769]
	check.crcs = true
	client.dns.lookup = use_all_dns_ips
	client.id = consumer-Consumer-topic-cc24c055_356f_410c_bb2a_0cd644bafd92-7
	client.rack = 
	connections.max.idle.ms = 10000
	default.api.timeout.ms = 60000
	enable.auto.commit = true
	enable.metrics.push = true
	exclude.internal.topics = true
	fetch.max.bytes = 52428800
	fetch.max.wait.ms = 500
	fetch.min.bytes = 1
	group.id = Consumer-topic-cc24c055_356f_410c_bb2a_0cd644bafd92
	group.instance.id = null
	group.protocol = classic
	group.remote.assignor = null
	heartbeat.interval.ms = 3000
	interceptor.classes = []
	internal.leave.group.on.close = true
	internal.throw.on.fetch.stable.offset.unsupported = false
	isolation.level = read_uncommitted
	key.deserializer = class org.apache.kafka.common.serialization.StringDeserializer
	max.partition.fetch.bytes = 1048576
	max.poll.interval.ms = 300000
	max.poll.records = 500
	metadata.max.age.ms = 300000
	metadata.recovery.strategy = none
	metric.reporters = []
	metrics.num.samples = 2
	metrics.recording.level = INFO
	metrics.sample.window.ms = 30000
	partition.assignment.strategy = [class org.apache.kafka.clients.consumer.RangeAssignor, class org.apache.kafka.clients.consumer.CooperativeStickyAssignor]
	receive.buffer.bytes = 65536
	reconnect.backoff.max.ms = 1000
	reconnect.backoff.ms = 50
	request.timeout.ms = 5000
	retry.backoff.max.ms = 1000
	retry.backoff.ms = 100
	sasl.client.callback.handler.class = null
	sasl.jaas.config = null
	sasl.kerberos.kinit.cmd = /usr/bin/kinit
	sasl.kerberos.min.time.before.relogin = 60000
	sasl.kerberos.service.name = null
	sasl.kerberos.ticket.renew.jitter = 0.05
	sasl.kerberos.ticket.renew.window.factor = 0.8
	sasl.login.callback.handler.class = null
	sasl.login.class = null
	sasl.login.connect.timeout.ms = null
	sasl.login.read.timeout.ms = null
	sasl.login.refresh.buffer.seconds = 300
	sasl.login.refresh.min.period.seconds = 60
	sasl.login.refresh.window.factor = 0.8
	sasl.login.refresh.window.jitter = 0.05
	sasl.login.retry.backoff.max.ms = 10000
	sasl.login.retry.backoff.ms = 100
	sasl.mechanism = GSSAPI
	sasl.oauthbearer.clock.skew.seconds = 30
	sasl.oauthbearer.expected.audience = null
	sasl.oauthbearer.expected.issuer = null
	sasl.oauthbearer.header.urlencode = false
	sasl.oauthbearer.jwks.endpoint.refresh.ms = 3600000
	sasl.oauthbearer.jwks.endpoint.retry.backoff.max.ms = 10000
	sasl.oauthbearer.jwks.endpoint.retry.backoff.ms = 100
	sasl.oauthbearer.jwks.endpoint.url = null
	sasl.oauthbearer.scope.claim.name = scope
	sasl.oauthbearer.sub.claim.name = sub
	sasl.oauthbearer.token.endpoint.url = null
	security.protocol = PLAINTEXT
	security.providers = null
	send.buffer.bytes = 131072
	session.timeout.ms = 45000
	socket.connection.setup.timeout.max.ms = 30000
	socket.connection.setup.timeout.ms = 10000
	ssl.cipher.suites = null
	ssl.enabled.protocols = [TLSv1.2, TLSv1.3]
	ssl.endpoint.identification.algorithm = https
	ssl.engine.factory.class = null
	ssl.key.password = null
	ssl.keymanager.algorithm = SunX509
	ssl.keystore.certificate.chain = null
	ssl.keystore.key = null
	ssl.keystore.location = null
	ssl.keystore.password = null
	ssl.keystore.type = JKS
	ssl.protocol = TLSv1.3
	ssl.provider = null
	ssl.secure.random.implementation = null
	ssl.trustmanager.algorithm = PKIX
	ssl.truststore.certificates = null
	ssl.truststore.location = null
	ssl.truststore.password = null
	ssl.truststore.type = JKS
	value.deserializer = class io.apicurio.registry.serde.avro.AvroKafkaDeserializer

2025-08-06 18:54:15,477 INFO  [org.apa.kaf.com.tel.int.KafkaMetricsCollector] (main) initializing Kafka metrics collector
2025-08-06 18:54:15,487 INFO  [org.apa.kaf.cli.con.ConsumerConfig] (main) These configurations '[apicurio.registry.url]' were supplied but are not used yet.
2025-08-06 18:54:15,487 INFO  [org.apa.kaf.com.uti.AppInfoParser] (main) Kafka version: 3.9.1
2025-08-06 18:54:15,487 INFO  [org.apa.kaf.com.uti.AppInfoParser] (main) Kafka commitId: f745dfdcee2b9851
2025-08-06 18:54:15,487 INFO  [org.apa.kaf.com.uti.AppInfoParser] (main) Kafka startTimeMs: 1754506455487
2025-08-06 18:54:15,488 INFO  [org.apa.kaf.cli.con.int.ClassicKafkaConsumer] (Thread-648) [Consumer clientId=consumer-Consumer-topic-cc24c055_356f_410c_bb2a_0cd644bafd92-7, groupId=Consumer-topic-cc24c055_356f_410c_bb2a_0cd644bafd92] Subscribed to topic(s): topic-cc24c055_356f_410c_bb2a_0cd644bafd92
2025-08-06 18:54:15,493 INFO  [org.apa.kaf.cli.Metadata] (Thread-648) [Consumer clientId=consumer-Consumer-topic-cc24c055_356f_410c_bb2a_0cd644bafd92-7, groupId=Consumer-topic-cc24c055_356f_410c_bb2a_0cd644bafd92] Cluster ID: kF8Ua3WQTR-RR3LzMUds4A
2025-08-06 18:54:15,494 INFO  [org.apa.kaf.cli.con.int.ConsumerCoordinator] (Thread-648) [Consumer clientId=consumer-Consumer-topic-cc24c055_356f_410c_bb2a_0cd644bafd92-7, groupId=Consumer-topic-cc24c055_356f_410c_bb2a_0cd644bafd92] Discovered group coordinator localhost:32769 (id: 2147483647 rack: null)
2025-08-06 18:54:15,498 INFO  [org.apa.kaf.cli.con.int.ConsumerCoordinator] (Thread-648) [Consumer clientId=consumer-Consumer-topic-cc24c055_356f_410c_bb2a_0cd644bafd92-7, groupId=Consumer-topic-cc24c055_356f_410c_bb2a_0cd644bafd92] (Re-)joining group
2025-08-06 18:54:15,505 INFO  [org.apa.kaf.cli.con.int.ConsumerCoordinator] (Thread-648) [Consumer clientId=consumer-Consumer-topic-cc24c055_356f_410c_bb2a_0cd644bafd92-7, groupId=Consumer-topic-cc24c055_356f_410c_bb2a_0cd644bafd92] Request joining group due to: need to re-join with the given member-id: consumer-Consumer-topic-cc24c055_356f_410c_bb2a_0cd644bafd92-7-9c6e0350-cd3d-4db8-95f0-65b48ee9aaea
2025-08-06 18:54:15,505 INFO  [org.apa.kaf.cli.con.int.ConsumerCoordinator] (Thread-648) [Consumer clientId=consumer-Consumer-topic-cc24c055_356f_410c_bb2a_0cd644bafd92-7, groupId=Consumer-topic-cc24c055_356f_410c_bb2a_0cd644bafd92] (Re-)joining group
2025-08-06 18:54:16,488 INFO  [io.api.tes.ser.api.KafkaSerdesTester] (Thread-648) None found
2025-08-06 18:54:17,489 INFO  [io.api.tes.ser.api.KafkaSerdesTester] (Thread-648) None found
2025-08-06 18:54:18,489 INFO  [io.api.tes.ser.api.KafkaSerdesTester] (Thread-648) None found
2025-08-06 18:54:18,509 INFO  [org.apa.kaf.cli.con.int.ConsumerCoordinator] (Thread-648) [Consumer clientId=consumer-Consumer-topic-cc24c055_356f_410c_bb2a_0cd644bafd92-7, groupId=Consumer-topic-cc24c055_356f_410c_bb2a_0cd644bafd92] Successfully joined group with generation Generation{generationId=1, memberId='consumer-Consumer-topic-cc24c055_356f_410c_bb2a_0cd644bafd92-7-9c6e0350-cd3d-4db8-95f0-65b48ee9aaea', protocol='range'}
2025-08-06 18:54:18,509 INFO  [org.apa.kaf.cli.con.int.ConsumerCoordinator] (Thread-648) [Consumer clientId=consumer-Consumer-topic-cc24c055_356f_410c_bb2a_0cd644bafd92-7, groupId=Consumer-topic-cc24c055_356f_410c_bb2a_0cd644bafd92] Finished assignment for group at generation 1: {consumer-Consumer-topic-cc24c055_356f_410c_bb2a_0cd644bafd92-7-9c6e0350-cd3d-4db8-95f0-65b48ee9aaea=Assignment(partitions=[topic-cc24c055_356f_410c_bb2a_0cd644bafd92-0])}
2025-08-06 18:54:18,517 INFO  [org.apa.kaf.cli.con.int.ConsumerCoordinator] (Thread-648) [Consumer clientId=consumer-Consumer-topic-cc24c055_356f_410c_bb2a_0cd644bafd92-7, groupId=Consumer-topic-cc24c055_356f_410c_bb2a_0cd644bafd92] Successfully synced group in generation Generation{generationId=1, memberId='consumer-Consumer-topic-cc24c055_356f_410c_bb2a_0cd644bafd92-7-9c6e0350-cd3d-4db8-95f0-65b48ee9aaea', protocol='range'}
2025-08-06 18:54:18,517 INFO  [org.apa.kaf.cli.con.int.ConsumerCoordinator] (Thread-648) [Consumer clientId=consumer-Consumer-topic-cc24c055_356f_410c_bb2a_0cd644bafd92-7, groupId=Consumer-topic-cc24c055_356f_410c_bb2a_0cd644bafd92] Notifying assignor about the new Assignment(partitions=[topic-cc24c055_356f_410c_bb2a_0cd644bafd92-0])
2025-08-06 18:54:18,517 INFO  [org.apa.kaf.cli.con.int.ConsumerRebalanceListenerInvoker] (Thread-648) [Consumer clientId=consumer-Consumer-topic-cc24c055_356f_410c_bb2a_0cd644bafd92-7, groupId=Consumer-topic-cc24c055_356f_410c_bb2a_0cd644bafd92] Adding newly assigned partitions: topic-cc24c055_356f_410c_bb2a_0cd644bafd92-0
2025-08-06 18:54:18,518 INFO  [org.apa.kaf.cli.con.int.ConsumerCoordinator] (Thread-648) [Consumer clientId=consumer-Consumer-topic-cc24c055_356f_410c_bb2a_0cd644bafd92-7, groupId=Consumer-topic-cc24c055_356f_410c_bb2a_0cd644bafd92] Found no committed offset for partition topic-cc24c055_356f_410c_bb2a_0cd644bafd92-0
2025-08-06 18:54:18,521 INFO  [org.apa.kaf.cli.con.int.SubscriptionState] (Thread-648) [Consumer clientId=consumer-Consumer-topic-cc24c055_356f_410c_bb2a_0cd644bafd92-7, groupId=Consumer-topic-cc24c055_356f_410c_bb2a_0cd644bafd92] Resetting offset for partition topic-cc24c055_356f_410c_bb2a_0cd644bafd92-0 to position FetchPosition{offset=0, offsetEpoch=Optional.empty, currentLeader=LeaderAndEpoch{leader=Optional[localhost:32769 (id: 0 rack: null)], epoch=0}}.
2025-08-06 18:54:18,940 INFO  [io.api.tes.ser.api.KafkaSerdesTester] (Thread-648) topic-cc24c055_356f_410c_bb2a_0cd644bafd92 0 0 {"key11754506453887": "value-0"}
2025-08-06 18:54:18,940 INFO  [io.api.tes.ser.api.KafkaSerdesTester] (Thread-648) topic-cc24c055_356f_410c_bb2a_0cd644bafd92 0 1 {"key11754506453887": "value-1"}
2025-08-06 18:54:18,940 INFO  [io.api.tes.ser.api.KafkaSerdesTester] (Thread-648) topic-cc24c055_356f_410c_bb2a_0cd644bafd92 0 2 {"key11754506453887": "value-2"}
2025-08-06 18:54:18,940 INFO  [io.api.tes.ser.api.KafkaSerdesTester] (Thread-648) topic-cc24c055_356f_410c_bb2a_0cd644bafd92 0 3 {"key11754506453887": "value-3"}
2025-08-06 18:54:18,940 INFO  [io.api.tes.ser.api.KafkaSerdesTester] (Thread-648) topic-cc24c055_356f_410c_bb2a_0cd644bafd92 0 4 {"key11754506453887": "value-4"}
2025-08-06 18:54:18,940 INFO  [io.api.tes.ser.api.KafkaSerdesTester] (Thread-648) topic-cc24c055_356f_410c_bb2a_0cd644bafd92 0 5 {"key11754506453887": "value-5"}
2025-08-06 18:54:18,941 INFO  [io.api.tes.ser.api.KafkaSerdesTester] (Thread-648) topic-cc24c055_356f_410c_bb2a_0cd644bafd92 0 6 {"key11754506453887": "value-6"}
2025-08-06 18:54:18,941 INFO  [io.api.tes.ser.api.KafkaSerdesTester] (Thread-648) topic-cc24c055_356f_410c_bb2a_0cd644bafd92 0 7 {"key11754506453887": "value-7"}
2025-08-06 18:54:18,941 INFO  [io.api.tes.ser.api.KafkaSerdesTester] (Thread-648) topic-cc24c055_356f_410c_bb2a_0cd644bafd92 0 8 {"key11754506453887": "value-8"}
2025-08-06 18:54:18,941 INFO  [io.api.tes.ser.api.KafkaSerdesTester] (Thread-648) topic-cc24c055_356f_410c_bb2a_0cd644bafd92 0 9 {"key11754506453887": "value-9"}
2025-08-06 18:54:18,941 INFO  [io.api.tes.ser.api.KafkaSerdesTester] (Thread-648) Consumed 10 messages
2025-08-06 18:54:18,948 INFO  [org.apa.kaf.cli.con.int.ConsumerRebalanceListenerInvoker] (Thread-648) [Consumer clientId=consumer-Consumer-topic-cc24c055_356f_410c_bb2a_0cd644bafd92-7, groupId=Consumer-topic-cc24c055_356f_410c_bb2a_0cd644bafd92] Revoke previously assigned partitions topic-cc24c055_356f_410c_bb2a_0cd644bafd92-0
2025-08-06 18:54:18,948 INFO  [org.apa.kaf.cli.con.int.ConsumerCoordinator] (Thread-648) [Consumer clientId=consumer-Consumer-topic-cc24c055_356f_410c_bb2a_0cd644bafd92-7, groupId=Consumer-topic-cc24c055_356f_410c_bb2a_0cd644bafd92] Member consumer-Consumer-topic-cc24c055_356f_410c_bb2a_0cd644bafd92-7-9c6e0350-cd3d-4db8-95f0-65b48ee9aaea sending LeaveGroup request to coordinator localhost:32769 (id: 2147483647 rack: null) due to the consumer is being closed
2025-08-06 18:54:18,949 INFO  [org.apa.kaf.cli.con.int.ConsumerCoordinator] (Thread-648) [Consumer clientId=consumer-Consumer-topic-cc24c055_356f_410c_bb2a_0cd644bafd92-7, groupId=Consumer-topic-cc24c055_356f_410c_bb2a_0cd644bafd92] Resetting generation and member id due to: consumer pro-actively leaving the group
2025-08-06 18:54:18,949 INFO  [org.apa.kaf.cli.con.int.ConsumerCoordinator] (Thread-648) [Consumer clientId=consumer-Consumer-topic-cc24c055_356f_410c_bb2a_0cd644bafd92-7, groupId=Consumer-topic-cc24c055_356f_410c_bb2a_0cd644bafd92] Request joining group due to: consumer pro-actively leaving the group
2025-08-06 18:54:19,443 INFO  [org.apa.kaf.com.met.Metrics] (Thread-648) Metrics scheduler closed
2025-08-06 18:54:19,443 INFO  [org.apa.kaf.com.met.Metrics] (Thread-648) Closing reporter org.apache.kafka.common.metrics.JmxReporter
2025-08-06 18:54:19,443 INFO  [org.apa.kaf.com.met.Metrics] (Thread-648) Closing reporter org.apache.kafka.common.telemetry.internals.ClientTelemetryReporter
2025-08-06 18:54:19,443 INFO  [org.apa.kaf.com.met.Metrics] (Thread-648) Metrics reporters closed
2025-08-06 18:54:19,447 INFO  [org.apa.kaf.com.uti.AppInfoParser] (Thread-648) App info kafka.consumer for consumer-Consumer-topic-cc24c055_356f_410c_bb2a_0cd644bafd92-7 unregistered
2025-08-06 18:54:19,447 INFO  [io.api.tes.uti.TestSeparator] (main) io.apicurio.tests.serdes.apicurio.AvroSerdeIT.testTopicIdStrategyFindLatest-FINISHED
2025-08-06 18:54:19,447 INFO  [io.api.tes.uti.TestSeparator] (main) ############################################################################
Test passed: testTopicIdStrategyFindLatest
]]></system-out>
  </testcase>
  <testcase name="testAvroUnionWithSpecificReader" classname="io.apicurio.tests.serdes.apicurio.AvroSerdeIT" time="4.97">
    <system-out><![CDATA[2025-08-06 18:54:19,448 INFO  [io.api.tes.uti.TestSeparator] (main) ############################################################################
2025-08-06 18:54:19,450 INFO  [io.api.tes.uti.TestSeparator] (main) io.apicurio.tests.serdes.apicurio.AvroSerdeIT.testAvroUnionWithSpecificReader-STARTED
**** Registry Base URL: http://registry-app-mysql.apps.ci419.apicurio-testing.org:80
2025-08-06 18:54:19,456 INFO  [org.apa.kaf.cli.pro.ProducerConfig] (main) ProducerConfig values: 
	acks = -1
	auto.include.jmx.reporter = true
	batch.size = 16384
	bootstrap.servers = [PLAINTEXT://localhost:32769]
	buffer.memory = 33554432
	client.dns.lookup = use_all_dns_ips
	client.id = Producer-topic-24276b77_17b8_43db_b865_e06f2c5b8a44
	compression.gzip.level = -1
	compression.lz4.level = 9
	compression.type = none
	compression.zstd.level = 3
	connections.max.idle.ms = 10000
	delivery.timeout.ms = 120000
	enable.idempotence = true
	enable.metrics.push = true
	interceptor.classes = []
	key.serializer = class org.apache.kafka.common.serialization.StringSerializer
	linger.ms = 0
	max.block.ms = 60000
	max.in.flight.requests.per.connection = 5
	max.request.size = 1048576
	metadata.max.age.ms = 300000
	metadata.max.idle.ms = 300000
	metadata.recovery.strategy = none
	metric.reporters = []
	metrics.num.samples = 2
	metrics.recording.level = INFO
	metrics.sample.window.ms = 30000
	partitioner.adaptive.partitioning.enable = true
	partitioner.availability.timeout.ms = 0
	partitioner.class = null
	partitioner.ignore.keys = false
	receive.buffer.bytes = 32768
	reconnect.backoff.max.ms = 1000
	reconnect.backoff.ms = 50
	request.timeout.ms = 5000
	retries = 2147483647
	retry.backoff.max.ms = 1000
	retry.backoff.ms = 100
	sasl.client.callback.handler.class = null
	sasl.jaas.config = null
	sasl.kerberos.kinit.cmd = /usr/bin/kinit
	sasl.kerberos.min.time.before.relogin = 60000
	sasl.kerberos.service.name = null
	sasl.kerberos.ticket.renew.jitter = 0.05
	sasl.kerberos.ticket.renew.window.factor = 0.8
	sasl.login.callback.handler.class = null
	sasl.login.class = null
	sasl.login.connect.timeout.ms = null
	sasl.login.read.timeout.ms = null
	sasl.login.refresh.buffer.seconds = 300
	sasl.login.refresh.min.period.seconds = 60
	sasl.login.refresh.window.factor = 0.8
	sasl.login.refresh.window.jitter = 0.05
	sasl.login.retry.backoff.max.ms = 10000
	sasl.login.retry.backoff.ms = 100
	sasl.mechanism = GSSAPI
	sasl.oauthbearer.clock.skew.seconds = 30
	sasl.oauthbearer.expected.audience = null
	sasl.oauthbearer.expected.issuer = null
	sasl.oauthbearer.header.urlencode = false
	sasl.oauthbearer.jwks.endpoint.refresh.ms = 3600000
	sasl.oauthbearer.jwks.endpoint.retry.backoff.max.ms = 10000
	sasl.oauthbearer.jwks.endpoint.retry.backoff.ms = 100
	sasl.oauthbearer.jwks.endpoint.url = null
	sasl.oauthbearer.scope.claim.name = scope
	sasl.oauthbearer.sub.claim.name = sub
	sasl.oauthbearer.token.endpoint.url = null
	security.protocol = PLAINTEXT
	security.providers = null
	send.buffer.bytes = 131072
	socket.connection.setup.timeout.max.ms = 30000
	socket.connection.setup.timeout.ms = 10000
	ssl.cipher.suites = null
	ssl.enabled.protocols = [TLSv1.2, TLSv1.3]
	ssl.endpoint.identification.algorithm = https
	ssl.engine.factory.class = null
	ssl.key.password = null
	ssl.keymanager.algorithm = SunX509
	ssl.keystore.certificate.chain = null
	ssl.keystore.key = null
	ssl.keystore.location = null
	ssl.keystore.password = null
	ssl.keystore.type = JKS
	ssl.protocol = TLSv1.3
	ssl.provider = null
	ssl.secure.random.implementation = null
	ssl.trustmanager.algorithm = PKIX
	ssl.truststore.certificates = null
	ssl.truststore.location = null
	ssl.truststore.password = null
	ssl.truststore.type = JKS
	transaction.timeout.ms = 60000
	transactional.id = null
	value.serializer = class io.apicurio.registry.serde.avro.AvroKafkaSerializer

2025-08-06 18:54:19,457 INFO  [org.apa.kaf.com.tel.int.KafkaMetricsCollector] (main) initializing Kafka metrics collector
2025-08-06 18:54:19,461 INFO  [org.apa.kaf.cli.pro.KafkaProducer] (main) [Producer clientId=Producer-topic-24276b77_17b8_43db_b865_e06f2c5b8a44] Instantiated an idempotent producer.
2025-08-06 18:54:19,464 INFO  [org.apa.kaf.cli.pro.ProducerConfig] (main) These configurations '[apicurio.registry.url, apicurio.registry.auto-register, apicurio.registry.artifact-resolver-strategy]' were supplied but are not used yet.
2025-08-06 18:54:19,464 INFO  [org.apa.kaf.com.uti.AppInfoParser] (main) Kafka version: 3.9.1
2025-08-06 18:54:19,464 INFO  [org.apa.kaf.com.uti.AppInfoParser] (main) Kafka commitId: f745dfdcee2b9851
2025-08-06 18:54:19,464 INFO  [org.apa.kaf.com.uti.AppInfoParser] (main) Kafka startTimeMs: 1754506459464
2025-08-06 18:54:19,464 INFO  [io.api.tes.ser.api.SimpleSerdesTesterBuilder$SimpleSerdesTester] (main) Using producer configuration: {apicurio.registry.url=http://registry-app-mysql.apps.ci419.apicurio-testing.org:80/apis/registry/v3, apicurio.registry.auto-register=true, apicurio.registry.artifact-resolver-strategy=io.apicurio.registry.serde.strategy.TopicIdStrategy, value.serializer=io.apicurio.registry.serde.avro.AvroKafkaSerializer, request.timeout.ms=5000, acks=all, bootstrap.servers=PLAINTEXT://localhost:32769, connections.max.idle.ms=10000, key.serializer=org.apache.kafka.common.serialization.StringSerializer, client.id=Producer-topic-24276b77_17b8_43db_b865_e06f2c5b8a44}
2025-08-06 18:54:19,464 INFO  [io.api.tes.ser.api.SimpleSerdesTesterBuilder$SimpleSerdesTester] (main) Using consumer configuration: {}
2025-08-06 18:54:19,465 INFO  [io.api.tes.ser.api.KafkaSerdesTester] (Thread-651) Sending message {"id": "record-0"} to topic topic-24276b77_17b8_43db_b865_e06f2c5b8a44
2025-08-06 18:54:19,469 WARN  [org.apa.kaf.cli.NetworkClient] (kafka-producer-network-thread | Producer-topic-24276b77_17b8_43db_b865_e06f2c5b8a44) [Producer clientId=Producer-topic-24276b77_17b8_43db_b865_e06f2c5b8a44] The metadata response from the cluster reported a recoverable issue with correlation id 1 : {topic-24276b77_17b8_43db_b865_e06f2c5b8a44=UNKNOWN_TOPIC_OR_PARTITION}
2025-08-06 18:54:19,469 INFO  [org.apa.kaf.cli.Metadata] (kafka-producer-network-thread | Producer-topic-24276b77_17b8_43db_b865_e06f2c5b8a44) [Producer clientId=Producer-topic-24276b77_17b8_43db_b865_e06f2c5b8a44] Cluster ID: kF8Ua3WQTR-RR3LzMUds4A
2025-08-06 18:54:19,470 INFO  [org.apa.kaf.cli.pro.int.TransactionManager] (kafka-producer-network-thread | Producer-topic-24276b77_17b8_43db_b865_e06f2c5b8a44) [Producer clientId=Producer-topic-24276b77_17b8_43db_b865_e06f2c5b8a44] ProducerId set to 10 with epoch 0
2025-08-06 18:54:19,791 INFO  [io.api.tes.ser.api.KafkaSerdesTester] (Thread-651) Sending message {"value": 1} to topic topic-24276b77_17b8_43db_b865_e06f2c5b8a44
2025-08-06 18:54:19,962 INFO  [io.api.tes.ser.api.KafkaSerdesTester] (Thread-651) Sending message {"active": true} to topic topic-24276b77_17b8_43db_b865_e06f2c5b8a44
2025-08-06 18:54:20,126 INFO  [io.api.tes.ser.api.KafkaSerdesTester] (Thread-651) Sending message {"id": "record-3"} to topic topic-24276b77_17b8_43db_b865_e06f2c5b8a44
2025-08-06 18:54:20,128 INFO  [io.api.tes.ser.api.KafkaSerdesTester] (Thread-651) Sending message {"value": 4} to topic topic-24276b77_17b8_43db_b865_e06f2c5b8a44
2025-08-06 18:54:20,131 INFO  [io.api.tes.ser.api.KafkaSerdesTester] (Thread-651) Sending message {"active": false} to topic topic-24276b77_17b8_43db_b865_e06f2c5b8a44
2025-08-06 18:54:20,135 INFO  [io.api.tes.ser.api.KafkaSerdesTester] (Thread-651) Sending message {"id": "record-6"} to topic topic-24276b77_17b8_43db_b865_e06f2c5b8a44
2025-08-06 18:54:20,138 INFO  [io.api.tes.ser.api.KafkaSerdesTester] (Thread-651) Sending message {"value": 7} to topic topic-24276b77_17b8_43db_b865_e06f2c5b8a44
2025-08-06 18:54:20,141 INFO  [io.api.tes.ser.api.KafkaSerdesTester] (Thread-651) Sending message {"active": true} to topic topic-24276b77_17b8_43db_b865_e06f2c5b8a44
2025-08-06 18:54:20,144 INFO  [io.api.tes.ser.api.KafkaSerdesTester] (Thread-651) Sending message {"id": "record-9"} to topic topic-24276b77_17b8_43db_b865_e06f2c5b8a44
2025-08-06 18:54:20,148 INFO  [io.api.tes.ser.api.KafkaSerdesTester] (Thread-651) Produced 10 messages
2025-08-06 18:54:20,148 INFO  [org.apa.kaf.cli.pro.KafkaProducer] (Thread-651) [Producer clientId=Producer-topic-24276b77_17b8_43db_b865_e06f2c5b8a44] Closing the Kafka producer with timeoutMillis = 9223372036854775807 ms.
2025-08-06 18:54:20,150 INFO  [org.apa.kaf.com.met.Metrics] (Thread-651) Metrics scheduler closed
2025-08-06 18:54:20,150 INFO  [org.apa.kaf.com.met.Metrics] (Thread-651) Closing reporter org.apache.kafka.common.metrics.JmxReporter
2025-08-06 18:54:20,150 INFO  [org.apa.kaf.com.met.Metrics] (Thread-651) Closing reporter org.apache.kafka.common.telemetry.internals.ClientTelemetryReporter
2025-08-06 18:54:20,150 INFO  [org.apa.kaf.com.met.Metrics] (Thread-651) Metrics reporters closed
2025-08-06 18:54:20,151 INFO  [org.apa.kaf.com.uti.AppInfoParser] (Thread-651) App info kafka.producer for Producer-topic-24276b77_17b8_43db_b865_e06f2c5b8a44 unregistered
2025-08-06 18:54:20,313 INFO  [io.api.tes.ser.api.AvroSerdeIT] (main) Artifact topic-24276b77_17b8_43db_b865_e06f2c5b8a44-value found in registry with globalId 25
**** Registry Base URL: http://registry-app-mysql.apps.ci419.apicurio-testing.org:80
2025-08-06 18:54:20,313 INFO  [org.apa.kaf.cli.con.ConsumerConfig] (main) ConsumerConfig values: 
	allow.auto.create.topics = true
	auto.commit.interval.ms = 500
	auto.include.jmx.reporter = true
	auto.offset.reset = earliest
	bootstrap.servers = [PLAINTEXT://localhost:32769]
	check.crcs = true
	client.dns.lookup = use_all_dns_ips
	client.id = consumer-Consumer-topic-24276b77_17b8_43db_b865_e06f2c5b8a44-8
	client.rack = 
	connections.max.idle.ms = 10000
	default.api.timeout.ms = 60000
	enable.auto.commit = true
	enable.metrics.push = true
	exclude.internal.topics = true
	fetch.max.bytes = 52428800
	fetch.max.wait.ms = 500
	fetch.min.bytes = 1
	group.id = Consumer-topic-24276b77_17b8_43db_b865_e06f2c5b8a44
	group.instance.id = null
	group.protocol = classic
	group.remote.assignor = null
	heartbeat.interval.ms = 3000
	interceptor.classes = []
	internal.leave.group.on.close = true
	internal.throw.on.fetch.stable.offset.unsupported = false
	isolation.level = read_uncommitted
	key.deserializer = class org.apache.kafka.common.serialization.StringDeserializer
	max.partition.fetch.bytes = 1048576
	max.poll.interval.ms = 300000
	max.poll.records = 500
	metadata.max.age.ms = 300000
	metadata.recovery.strategy = none
	metric.reporters = []
	metrics.num.samples = 2
	metrics.recording.level = INFO
	metrics.sample.window.ms = 30000
	partition.assignment.strategy = [class org.apache.kafka.clients.consumer.RangeAssignor, class org.apache.kafka.clients.consumer.CooperativeStickyAssignor]
	receive.buffer.bytes = 65536
	reconnect.backoff.max.ms = 1000
	reconnect.backoff.ms = 50
	request.timeout.ms = 5000
	retry.backoff.max.ms = 1000
	retry.backoff.ms = 100
	sasl.client.callback.handler.class = null
	sasl.jaas.config = null
	sasl.kerberos.kinit.cmd = /usr/bin/kinit
	sasl.kerberos.min.time.before.relogin = 60000
	sasl.kerberos.service.name = null
	sasl.kerberos.ticket.renew.jitter = 0.05
	sasl.kerberos.ticket.renew.window.factor = 0.8
	sasl.login.callback.handler.class = null
	sasl.login.class = null
	sasl.login.connect.timeout.ms = null
	sasl.login.read.timeout.ms = null
	sasl.login.refresh.buffer.seconds = 300
	sasl.login.refresh.min.period.seconds = 60
	sasl.login.refresh.window.factor = 0.8
	sasl.login.refresh.window.jitter = 0.05
	sasl.login.retry.backoff.max.ms = 10000
	sasl.login.retry.backoff.ms = 100
	sasl.mechanism = GSSAPI
	sasl.oauthbearer.clock.skew.seconds = 30
	sasl.oauthbearer.expected.audience = null
	sasl.oauthbearer.expected.issuer = null
	sasl.oauthbearer.header.urlencode = false
	sasl.oauthbearer.jwks.endpoint.refresh.ms = 3600000
	sasl.oauthbearer.jwks.endpoint.retry.backoff.max.ms = 10000
	sasl.oauthbearer.jwks.endpoint.retry.backoff.ms = 100
	sasl.oauthbearer.jwks.endpoint.url = null
	sasl.oauthbearer.scope.claim.name = scope
	sasl.oauthbearer.sub.claim.name = sub
	sasl.oauthbearer.token.endpoint.url = null
	security.protocol = PLAINTEXT
	security.providers = null
	send.buffer.bytes = 131072
	session.timeout.ms = 45000
	socket.connection.setup.timeout.max.ms = 30000
	socket.connection.setup.timeout.ms = 10000
	ssl.cipher.suites = null
	ssl.enabled.protocols = [TLSv1.2, TLSv1.3]
	ssl.endpoint.identification.algorithm = https
	ssl.engine.factory.class = null
	ssl.key.password = null
	ssl.keymanager.algorithm = SunX509
	ssl.keystore.certificate.chain = null
	ssl.keystore.key = null
	ssl.keystore.location = null
	ssl.keystore.password = null
	ssl.keystore.type = JKS
	ssl.protocol = TLSv1.3
	ssl.provider = null
	ssl.secure.random.implementation = null
	ssl.trustmanager.algorithm = PKIX
	ssl.truststore.certificates = null
	ssl.truststore.location = null
	ssl.truststore.password = null
	ssl.truststore.type = JKS
	value.deserializer = class io.apicurio.registry.serde.avro.AvroKafkaDeserializer

2025-08-06 18:54:20,313 INFO  [org.apa.kaf.com.tel.int.KafkaMetricsCollector] (main) initializing Kafka metrics collector
2025-08-06 18:54:20,319 INFO  [org.apa.kaf.cli.con.ConsumerConfig] (main) These configurations '[apicurio.registry.url]' were supplied but are not used yet.
2025-08-06 18:54:20,319 INFO  [org.apa.kaf.com.uti.AppInfoParser] (main) Kafka version: 3.9.1
2025-08-06 18:54:20,319 INFO  [org.apa.kaf.com.uti.AppInfoParser] (main) Kafka commitId: f745dfdcee2b9851
2025-08-06 18:54:20,319 INFO  [org.apa.kaf.com.uti.AppInfoParser] (main) Kafka startTimeMs: 1754506460319
2025-08-06 18:54:20,319 INFO  [org.apa.kaf.cli.con.int.ClassicKafkaConsumer] (Thread-654) [Consumer clientId=consumer-Consumer-topic-24276b77_17b8_43db_b865_e06f2c5b8a44-8, groupId=Consumer-topic-24276b77_17b8_43db_b865_e06f2c5b8a44] Subscribed to topic(s): topic-24276b77_17b8_43db_b865_e06f2c5b8a44
2025-08-06 18:54:20,325 INFO  [org.apa.kaf.cli.Metadata] (Thread-654) [Consumer clientId=consumer-Consumer-topic-24276b77_17b8_43db_b865_e06f2c5b8a44-8, groupId=Consumer-topic-24276b77_17b8_43db_b865_e06f2c5b8a44] Cluster ID: kF8Ua3WQTR-RR3LzMUds4A
2025-08-06 18:54:20,325 INFO  [org.apa.kaf.cli.con.int.ConsumerCoordinator] (Thread-654) [Consumer clientId=consumer-Consumer-topic-24276b77_17b8_43db_b865_e06f2c5b8a44-8, groupId=Consumer-topic-24276b77_17b8_43db_b865_e06f2c5b8a44] Discovered group coordinator localhost:32769 (id: 2147483647 rack: null)
2025-08-06 18:54:20,327 INFO  [org.apa.kaf.cli.con.int.ConsumerCoordinator] (Thread-654) [Consumer clientId=consumer-Consumer-topic-24276b77_17b8_43db_b865_e06f2c5b8a44-8, groupId=Consumer-topic-24276b77_17b8_43db_b865_e06f2c5b8a44] (Re-)joining group
2025-08-06 18:54:20,329 INFO  [org.apa.kaf.cli.con.int.ConsumerCoordinator] (Thread-654) [Consumer clientId=consumer-Consumer-topic-24276b77_17b8_43db_b865_e06f2c5b8a44-8, groupId=Consumer-topic-24276b77_17b8_43db_b865_e06f2c5b8a44] Request joining group due to: need to re-join with the given member-id: consumer-Consumer-topic-24276b77_17b8_43db_b865_e06f2c5b8a44-8-e25502d7-5f93-44b6-8966-b4e73627b85e
2025-08-06 18:54:20,329 INFO  [org.apa.kaf.cli.con.int.ConsumerCoordinator] (Thread-654) [Consumer clientId=consumer-Consumer-topic-24276b77_17b8_43db_b865_e06f2c5b8a44-8, groupId=Consumer-topic-24276b77_17b8_43db_b865_e06f2c5b8a44] (Re-)joining group
2025-08-06 18:54:21,320 INFO  [io.api.tes.ser.api.KafkaSerdesTester] (Thread-654) None found
2025-08-06 18:54:22,321 INFO  [io.api.tes.ser.api.KafkaSerdesTester] (Thread-654) None found
2025-08-06 18:54:23,321 INFO  [io.api.tes.ser.api.KafkaSerdesTester] (Thread-654) None found
2025-08-06 18:54:23,330 INFO  [org.apa.kaf.cli.con.int.ConsumerCoordinator] (Thread-654) [Consumer clientId=consumer-Consumer-topic-24276b77_17b8_43db_b865_e06f2c5b8a44-8, groupId=Consumer-topic-24276b77_17b8_43db_b865_e06f2c5b8a44] Successfully joined group with generation Generation{generationId=1, memberId='consumer-Consumer-topic-24276b77_17b8_43db_b865_e06f2c5b8a44-8-e25502d7-5f93-44b6-8966-b4e73627b85e', protocol='range'}
2025-08-06 18:54:23,331 INFO  [org.apa.kaf.cli.con.int.ConsumerCoordinator] (Thread-654) [Consumer clientId=consumer-Consumer-topic-24276b77_17b8_43db_b865_e06f2c5b8a44-8, groupId=Consumer-topic-24276b77_17b8_43db_b865_e06f2c5b8a44] Finished assignment for group at generation 1: {consumer-Consumer-topic-24276b77_17b8_43db_b865_e06f2c5b8a44-8-e25502d7-5f93-44b6-8966-b4e73627b85e=Assignment(partitions=[topic-24276b77_17b8_43db_b865_e06f2c5b8a44-0])}
2025-08-06 18:54:23,338 INFO  [org.apa.kaf.cli.con.int.ConsumerCoordinator] (Thread-654) [Consumer clientId=consumer-Consumer-topic-24276b77_17b8_43db_b865_e06f2c5b8a44-8, groupId=Consumer-topic-24276b77_17b8_43db_b865_e06f2c5b8a44] Successfully synced group in generation Generation{generationId=1, memberId='consumer-Consumer-topic-24276b77_17b8_43db_b865_e06f2c5b8a44-8-e25502d7-5f93-44b6-8966-b4e73627b85e', protocol='range'}
2025-08-06 18:54:23,338 INFO  [org.apa.kaf.cli.con.int.ConsumerCoordinator] (Thread-654) [Consumer clientId=consumer-Consumer-topic-24276b77_17b8_43db_b865_e06f2c5b8a44-8, groupId=Consumer-topic-24276b77_17b8_43db_b865_e06f2c5b8a44] Notifying assignor about the new Assignment(partitions=[topic-24276b77_17b8_43db_b865_e06f2c5b8a44-0])
2025-08-06 18:54:23,339 INFO  [org.apa.kaf.cli.con.int.ConsumerRebalanceListenerInvoker] (Thread-654) [Consumer clientId=consumer-Consumer-topic-24276b77_17b8_43db_b865_e06f2c5b8a44-8, groupId=Consumer-topic-24276b77_17b8_43db_b865_e06f2c5b8a44] Adding newly assigned partitions: topic-24276b77_17b8_43db_b865_e06f2c5b8a44-0
2025-08-06 18:54:23,340 INFO  [org.apa.kaf.cli.con.int.ConsumerCoordinator] (Thread-654) [Consumer clientId=consumer-Consumer-topic-24276b77_17b8_43db_b865_e06f2c5b8a44-8, groupId=Consumer-topic-24276b77_17b8_43db_b865_e06f2c5b8a44] Found no committed offset for partition topic-24276b77_17b8_43db_b865_e06f2c5b8a44-0
2025-08-06 18:54:23,347 INFO  [org.apa.kaf.cli.con.int.SubscriptionState] (Thread-654) [Consumer clientId=consumer-Consumer-topic-24276b77_17b8_43db_b865_e06f2c5b8a44-8, groupId=Consumer-topic-24276b77_17b8_43db_b865_e06f2c5b8a44] Resetting offset for partition topic-24276b77_17b8_43db_b865_e06f2c5b8a44-0 to position FetchPosition{offset=0, offsetEpoch=Optional.empty, currentLeader=LeaderAndEpoch{leader=Optional[localhost:32769 (id: 0 rack: null)], epoch=0}}.
2025-08-06 18:54:23,911 INFO  [io.api.tes.ser.api.KafkaSerdesTester] (Thread-654) topic-24276b77_17b8_43db_b865_e06f2c5b8a44 0 0 {"id": "record-0"}
2025-08-06 18:54:23,911 INFO  [io.api.tes.ser.api.KafkaSerdesTester] (Thread-654) topic-24276b77_17b8_43db_b865_e06f2c5b8a44 0 1 {"value": 1}
2025-08-06 18:54:23,912 INFO  [io.api.tes.ser.api.KafkaSerdesTester] (Thread-654) topic-24276b77_17b8_43db_b865_e06f2c5b8a44 0 2 {"active": true}
2025-08-06 18:54:23,912 INFO  [io.api.tes.ser.api.KafkaSerdesTester] (Thread-654) topic-24276b77_17b8_43db_b865_e06f2c5b8a44 0 3 {"id": "record-3"}
2025-08-06 18:54:23,912 INFO  [io.api.tes.ser.api.KafkaSerdesTester] (Thread-654) topic-24276b77_17b8_43db_b865_e06f2c5b8a44 0 4 {"value": 4}
2025-08-06 18:54:23,912 INFO  [io.api.tes.ser.api.KafkaSerdesTester] (Thread-654) topic-24276b77_17b8_43db_b865_e06f2c5b8a44 0 5 {"active": false}
2025-08-06 18:54:23,912 INFO  [io.api.tes.ser.api.KafkaSerdesTester] (Thread-654) topic-24276b77_17b8_43db_b865_e06f2c5b8a44 0 6 {"id": "record-6"}
2025-08-06 18:54:23,912 INFO  [io.api.tes.ser.api.KafkaSerdesTester] (Thread-654) topic-24276b77_17b8_43db_b865_e06f2c5b8a44 0 7 {"value": 7}
2025-08-06 18:54:23,912 INFO  [io.api.tes.ser.api.KafkaSerdesTester] (Thread-654) topic-24276b77_17b8_43db_b865_e06f2c5b8a44 0 8 {"active": true}
2025-08-06 18:54:23,912 INFO  [io.api.tes.ser.api.KafkaSerdesTester] (Thread-654) topic-24276b77_17b8_43db_b865_e06f2c5b8a44 0 9 {"id": "record-9"}
2025-08-06 18:54:23,912 INFO  [io.api.tes.ser.api.KafkaSerdesTester] (Thread-654) Consumed 10 messages
2025-08-06 18:54:23,920 INFO  [org.apa.kaf.cli.con.int.ConsumerRebalanceListenerInvoker] (Thread-654) [Consumer clientId=consumer-Consumer-topic-24276b77_17b8_43db_b865_e06f2c5b8a44-8, groupId=Consumer-topic-24276b77_17b8_43db_b865_e06f2c5b8a44] Revoke previously assigned partitions topic-24276b77_17b8_43db_b865_e06f2c5b8a44-0
2025-08-06 18:54:23,920 INFO  [org.apa.kaf.cli.con.int.ConsumerCoordinator] (Thread-654) [Consumer clientId=consumer-Consumer-topic-24276b77_17b8_43db_b865_e06f2c5b8a44-8, groupId=Consumer-topic-24276b77_17b8_43db_b865_e06f2c5b8a44] Member consumer-Consumer-topic-24276b77_17b8_43db_b865_e06f2c5b8a44-8-e25502d7-5f93-44b6-8966-b4e73627b85e sending LeaveGroup request to coordinator localhost:32769 (id: 2147483647 rack: null) due to the consumer is being closed
2025-08-06 18:54:23,920 INFO  [org.apa.kaf.cli.con.int.ConsumerCoordinator] (Thread-654) [Consumer clientId=consumer-Consumer-topic-24276b77_17b8_43db_b865_e06f2c5b8a44-8, groupId=Consumer-topic-24276b77_17b8_43db_b865_e06f2c5b8a44] Resetting generation and member id due to: consumer pro-actively leaving the group
2025-08-06 18:54:23,920 INFO  [org.apa.kaf.cli.con.int.ConsumerCoordinator] (Thread-654) [Consumer clientId=consumer-Consumer-topic-24276b77_17b8_43db_b865_e06f2c5b8a44-8, groupId=Consumer-topic-24276b77_17b8_43db_b865_e06f2c5b8a44] Request joining group due to: consumer pro-actively leaving the group
2025-08-06 18:54:24,414 INFO  [org.apa.kaf.com.met.Metrics] (Thread-654) Metrics scheduler closed
2025-08-06 18:54:24,414 INFO  [org.apa.kaf.com.met.Metrics] (Thread-654) Closing reporter org.apache.kafka.common.metrics.JmxReporter
2025-08-06 18:54:24,414 INFO  [org.apa.kaf.com.met.Metrics] (Thread-654) Closing reporter org.apache.kafka.common.telemetry.internals.ClientTelemetryReporter
2025-08-06 18:54:24,414 INFO  [org.apa.kaf.com.met.Metrics] (Thread-654) Metrics reporters closed
2025-08-06 18:54:24,417 INFO  [org.apa.kaf.com.uti.AppInfoParser] (Thread-654) App info kafka.consumer for consumer-Consumer-topic-24276b77_17b8_43db_b865_e06f2c5b8a44-8 unregistered
2025-08-06 18:54:24,418 INFO  [io.api.tes.uti.TestSeparator] (main) io.apicurio.tests.serdes.apicurio.AvroSerdeIT.testAvroUnionWithSpecificReader-FINISHED
2025-08-06 18:54:24,418 INFO  [io.api.tes.uti.TestSeparator] (main) ############################################################################
Test passed: testAvroUnionWithSpecificReader
]]></system-out>
  </testcase>
  <testcase name="testEvolveAvroApicurioReusingClient" classname="io.apicurio.tests.serdes.apicurio.AvroSerdeIT" time="8.477">
    <system-out><![CDATA[2025-08-06 18:54:24,419 INFO  [io.api.tes.uti.TestSeparator] (main) ############################################################################
2025-08-06 18:54:24,419 INFO  [io.api.tes.uti.TestSeparator] (main) io.apicurio.tests.serdes.apicurio.AvroSerdeIT.testEvolveAvroApicurioReusingClient-STARTED
2025-08-06 18:54:24,420 INFO  [io.api.tes.ser.api.AvroSerdeIT] (main) Registering Avro Schema: {"type":"record","name":"sa9711b30x8280x4001xbd38xbb874392c97e","namespace":"ns_912c281a_79fc_4e19_bf4f_15f1c046dd33","fields":[{"name":"key11754506464420","type":"string"}]}
**** Registry Base URL: http://registry-app-mysql.apps.ci419.apicurio-testing.org:80
2025-08-06 18:54:25,701 INFO  [org.apa.kaf.cli.pro.ProducerConfig] (main) ProducerConfig values: 
	acks = -1
	auto.include.jmx.reporter = true
	batch.size = 16384
	bootstrap.servers = [PLAINTEXT://localhost:32769]
	buffer.memory = 33554432
	client.dns.lookup = use_all_dns_ips
	client.id = Producer-topic-f4ecda15_ad4e_4143_8f30_323308f7e706
	compression.gzip.level = -1
	compression.lz4.level = 9
	compression.type = none
	compression.zstd.level = 3
	connections.max.idle.ms = 10000
	delivery.timeout.ms = 120000
	enable.idempotence = true
	enable.metrics.push = true
	interceptor.classes = []
	key.serializer = class org.apache.kafka.common.serialization.StringSerializer
	linger.ms = 0
	max.block.ms = 60000
	max.in.flight.requests.per.connection = 5
	max.request.size = 1048576
	metadata.max.age.ms = 300000
	metadata.max.idle.ms = 300000
	metadata.recovery.strategy = none
	metric.reporters = []
	metrics.num.samples = 2
	metrics.recording.level = INFO
	metrics.sample.window.ms = 30000
	partitioner.adaptive.partitioning.enable = true
	partitioner.availability.timeout.ms = 0
	partitioner.class = null
	partitioner.ignore.keys = false
	receive.buffer.bytes = 32768
	reconnect.backoff.max.ms = 1000
	reconnect.backoff.ms = 50
	request.timeout.ms = 5000
	retries = 2147483647
	retry.backoff.max.ms = 1000
	retry.backoff.ms = 100
	sasl.client.callback.handler.class = null
	sasl.jaas.config = null
	sasl.kerberos.kinit.cmd = /usr/bin/kinit
	sasl.kerberos.min.time.before.relogin = 60000
	sasl.kerberos.service.name = null
	sasl.kerberos.ticket.renew.jitter = 0.05
	sasl.kerberos.ticket.renew.window.factor = 0.8
	sasl.login.callback.handler.class = null
	sasl.login.class = null
	sasl.login.connect.timeout.ms = null
	sasl.login.read.timeout.ms = null
	sasl.login.refresh.buffer.seconds = 300
	sasl.login.refresh.min.period.seconds = 60
	sasl.login.refresh.window.factor = 0.8
	sasl.login.refresh.window.jitter = 0.05
	sasl.login.retry.backoff.max.ms = 10000
	sasl.login.retry.backoff.ms = 100
	sasl.mechanism = GSSAPI
	sasl.oauthbearer.clock.skew.seconds = 30
	sasl.oauthbearer.expected.audience = null
	sasl.oauthbearer.expected.issuer = null
	sasl.oauthbearer.header.urlencode = false
	sasl.oauthbearer.jwks.endpoint.refresh.ms = 3600000
	sasl.oauthbearer.jwks.endpoint.retry.backoff.max.ms = 10000
	sasl.oauthbearer.jwks.endpoint.retry.backoff.ms = 100
	sasl.oauthbearer.jwks.endpoint.url = null
	sasl.oauthbearer.scope.claim.name = scope
	sasl.oauthbearer.sub.claim.name = sub
	sasl.oauthbearer.token.endpoint.url = null
	security.protocol = PLAINTEXT
	security.providers = null
	send.buffer.bytes = 131072
	socket.connection.setup.timeout.max.ms = 30000
	socket.connection.setup.timeout.ms = 10000
	ssl.cipher.suites = null
	ssl.enabled.protocols = [TLSv1.2, TLSv1.3]
	ssl.endpoint.identification.algorithm = https
	ssl.engine.factory.class = null
	ssl.key.password = null
	ssl.keymanager.algorithm = SunX509
	ssl.keystore.certificate.chain = null
	ssl.keystore.key = null
	ssl.keystore.location = null
	ssl.keystore.password = null
	ssl.keystore.type = JKS
	ssl.protocol = TLSv1.3
	ssl.provider = null
	ssl.secure.random.implementation = null
	ssl.trustmanager.algorithm = PKIX
	ssl.truststore.certificates = null
	ssl.truststore.location = null
	ssl.truststore.password = null
	ssl.truststore.type = JKS
	transaction.timeout.ms = 60000
	transactional.id = null
	value.serializer = class io.apicurio.registry.serde.avro.AvroKafkaSerializer

2025-08-06 18:54:25,701 INFO  [org.apa.kaf.com.tel.int.KafkaMetricsCollector] (main) initializing Kafka metrics collector
2025-08-06 18:54:25,704 INFO  [org.apa.kaf.cli.pro.KafkaProducer] (main) [Producer clientId=Producer-topic-f4ecda15_ad4e_4143_8f30_323308f7e706] Instantiated an idempotent producer.
2025-08-06 18:54:25,706 INFO  [org.apa.kaf.cli.pro.ProducerConfig] (main) These configurations '[apicurio.registry.url, apicurio.registry.artifact-resolver-strategy]' were supplied but are not used yet.
2025-08-06 18:54:25,706 INFO  [org.apa.kaf.com.uti.AppInfoParser] (main) Kafka version: 3.9.1
2025-08-06 18:54:25,706 INFO  [org.apa.kaf.com.uti.AppInfoParser] (main) Kafka commitId: f745dfdcee2b9851
2025-08-06 18:54:25,706 INFO  [org.apa.kaf.com.uti.AppInfoParser] (main) Kafka startTimeMs: 1754506465706
**** Registry Base URL: http://registry-app-mysql.apps.ci419.apicurio-testing.org:80
2025-08-06 18:54:25,706 INFO  [org.apa.kaf.cli.con.ConsumerConfig] (main) ConsumerConfig values: 
	allow.auto.create.topics = true
	auto.commit.interval.ms = 500
	auto.include.jmx.reporter = true
	auto.offset.reset = earliest
	bootstrap.servers = [PLAINTEXT://localhost:32769]
	check.crcs = true
	client.dns.lookup = use_all_dns_ips
	client.id = consumer-Consumer-topic-f4ecda15_ad4e_4143_8f30_323308f7e706-9
	client.rack = 
	connections.max.idle.ms = 10000
	default.api.timeout.ms = 60000
	enable.auto.commit = true
	enable.metrics.push = true
	exclude.internal.topics = true
	fetch.max.bytes = 52428800
	fetch.max.wait.ms = 500
	fetch.min.bytes = 1
	group.id = Consumer-topic-f4ecda15_ad4e_4143_8f30_323308f7e706
	group.instance.id = null
	group.protocol = classic
	group.remote.assignor = null
	heartbeat.interval.ms = 3000
	interceptor.classes = []
	internal.leave.group.on.close = true
	internal.throw.on.fetch.stable.offset.unsupported = false
	isolation.level = read_uncommitted
	key.deserializer = class org.apache.kafka.common.serialization.StringDeserializer
	max.partition.fetch.bytes = 1048576
	max.poll.interval.ms = 300000
	max.poll.records = 500
	metadata.max.age.ms = 300000
	metadata.recovery.strategy = none
	metric.reporters = []
	metrics.num.samples = 2
	metrics.recording.level = INFO
	metrics.sample.window.ms = 30000
	partition.assignment.strategy = [class org.apache.kafka.clients.consumer.RangeAssignor, class org.apache.kafka.clients.consumer.CooperativeStickyAssignor]
	receive.buffer.bytes = 65536
	reconnect.backoff.max.ms = 1000
	reconnect.backoff.ms = 50
	request.timeout.ms = 5000
	retry.backoff.max.ms = 1000
	retry.backoff.ms = 100
	sasl.client.callback.handler.class = null
	sasl.jaas.config = null
	sasl.kerberos.kinit.cmd = /usr/bin/kinit
	sasl.kerberos.min.time.before.relogin = 60000
	sasl.kerberos.service.name = null
	sasl.kerberos.ticket.renew.jitter = 0.05
	sasl.kerberos.ticket.renew.window.factor = 0.8
	sasl.login.callback.handler.class = null
	sasl.login.class = null
	sasl.login.connect.timeout.ms = null
	sasl.login.read.timeout.ms = null
	sasl.login.refresh.buffer.seconds = 300
	sasl.login.refresh.min.period.seconds = 60
	sasl.login.refresh.window.factor = 0.8
	sasl.login.refresh.window.jitter = 0.05
	sasl.login.retry.backoff.max.ms = 10000
	sasl.login.retry.backoff.ms = 100
	sasl.mechanism = GSSAPI
	sasl.oauthbearer.clock.skew.seconds = 30
	sasl.oauthbearer.expected.audience = null
	sasl.oauthbearer.expected.issuer = null
	sasl.oauthbearer.header.urlencode = false
	sasl.oauthbearer.jwks.endpoint.refresh.ms = 3600000
	sasl.oauthbearer.jwks.endpoint.retry.backoff.max.ms = 10000
	sasl.oauthbearer.jwks.endpoint.retry.backoff.ms = 100
	sasl.oauthbearer.jwks.endpoint.url = null
	sasl.oauthbearer.scope.claim.name = scope
	sasl.oauthbearer.sub.claim.name = sub
	sasl.oauthbearer.token.endpoint.url = null
	security.protocol = PLAINTEXT
	security.providers = null
	send.buffer.bytes = 131072
	session.timeout.ms = 45000
	socket.connection.setup.timeout.max.ms = 30000
	socket.connection.setup.timeout.ms = 10000
	ssl.cipher.suites = null
	ssl.enabled.protocols = [TLSv1.2, TLSv1.3]
	ssl.endpoint.identification.algorithm = https
	ssl.engine.factory.class = null
	ssl.key.password = null
	ssl.keymanager.algorithm = SunX509
	ssl.keystore.certificate.chain = null
	ssl.keystore.key = null
	ssl.keystore.location = null
	ssl.keystore.password = null
	ssl.keystore.type = JKS
	ssl.protocol = TLSv1.3
	ssl.provider = null
	ssl.secure.random.implementation = null
	ssl.trustmanager.algorithm = PKIX
	ssl.truststore.certificates = null
	ssl.truststore.location = null
	ssl.truststore.password = null
	ssl.truststore.type = JKS
	value.deserializer = class io.apicurio.registry.serde.avro.AvroKafkaDeserializer

2025-08-06 18:54:25,707 INFO  [org.apa.kaf.com.tel.int.KafkaMetricsCollector] (main) initializing Kafka metrics collector
2025-08-06 18:54:25,714 INFO  [org.apa.kaf.cli.con.ConsumerConfig] (main) These configurations '[apicurio.registry.url]' were supplied but are not used yet.
2025-08-06 18:54:25,714 INFO  [org.apa.kaf.com.uti.AppInfoParser] (main) Kafka version: 3.9.1
2025-08-06 18:54:25,714 INFO  [org.apa.kaf.com.uti.AppInfoParser] (main) Kafka commitId: f745dfdcee2b9851
2025-08-06 18:54:25,714 INFO  [org.apa.kaf.com.uti.AppInfoParser] (main) Kafka startTimeMs: 1754506465714
2025-08-06 18:54:25,717 INFO  [org.apa.kaf.cli.Metadata] (kafka-producer-network-thread | Producer-topic-f4ecda15_ad4e_4143_8f30_323308f7e706) [Producer clientId=Producer-topic-f4ecda15_ad4e_4143_8f30_323308f7e706] Cluster ID: kF8Ua3WQTR-RR3LzMUds4A
2025-08-06 18:54:25,717 INFO  [io.api.tes.ser.api.KafkaSerdesTester] (Thread-659) Sending message {"key11754506464420": "value-0"} to topic topic-f4ecda15_ad4e_4143_8f30_323308f7e706
2025-08-06 18:54:25,717 INFO  [org.apa.kaf.cli.pro.int.TransactionManager] (kafka-producer-network-thread | Producer-topic-f4ecda15_ad4e_4143_8f30_323308f7e706) [Producer clientId=Producer-topic-f4ecda15_ad4e_4143_8f30_323308f7e706] ProducerId set to 11 with epoch 0
2025-08-06 18:54:25,735 INFO  [DefaultSchemaResolver] (Thread-659) Retrieving schema content using string: {"type":"record","name":"sa9711b30x8280x4001xbd38xbb874392c97e","namespace":"ns_912c281a_79fc_4e19_bf4f_15f1c046dd33","fields":[{"name":"key11754506464420","type":"string"}]}
2025-08-06 18:54:25,893 INFO  [io.api.tes.ser.api.KafkaSerdesTester] (Thread-659) Sending message {"key11754506464420": "value-1"} to topic topic-f4ecda15_ad4e_4143_8f30_323308f7e706
2025-08-06 18:54:25,895 INFO  [io.api.tes.ser.api.KafkaSerdesTester] (Thread-659) Sending message {"key11754506464420": "value-2"} to topic topic-f4ecda15_ad4e_4143_8f30_323308f7e706
2025-08-06 18:54:25,897 INFO  [io.api.tes.ser.api.KafkaSerdesTester] (Thread-659) Sending message {"key11754506464420": "value-3"} to topic topic-f4ecda15_ad4e_4143_8f30_323308f7e706
2025-08-06 18:54:25,898 INFO  [io.api.tes.ser.api.KafkaSerdesTester] (Thread-659) Sending message {"key11754506464420": "value-4"} to topic topic-f4ecda15_ad4e_4143_8f30_323308f7e706
2025-08-06 18:54:25,900 INFO  [io.api.tes.ser.api.KafkaSerdesTester] (Thread-659) Sending message {"key11754506464420": "value-5"} to topic topic-f4ecda15_ad4e_4143_8f30_323308f7e706
2025-08-06 18:54:25,902 INFO  [io.api.tes.ser.api.KafkaSerdesTester] (Thread-659) Sending message {"key11754506464420": "value-6"} to topic topic-f4ecda15_ad4e_4143_8f30_323308f7e706
2025-08-06 18:54:25,904 INFO  [io.api.tes.ser.api.KafkaSerdesTester] (Thread-659) Sending message {"key11754506464420": "value-7"} to topic topic-f4ecda15_ad4e_4143_8f30_323308f7e706
2025-08-06 18:54:25,906 INFO  [io.api.tes.ser.api.KafkaSerdesTester] (Thread-659) Sending message {"key11754506464420": "value-8"} to topic topic-f4ecda15_ad4e_4143_8f30_323308f7e706
2025-08-06 18:54:25,909 INFO  [io.api.tes.ser.api.KafkaSerdesTester] (Thread-659) Sending message {"key11754506464420": "value-9"} to topic topic-f4ecda15_ad4e_4143_8f30_323308f7e706
2025-08-06 18:54:25,911 INFO  [io.api.tes.ser.api.KafkaSerdesTester] (Thread-659) Produced 10 messages
2025-08-06 18:54:25,912 INFO  [org.apa.kaf.cli.con.int.ClassicKafkaConsumer] (Thread-660) [Consumer clientId=consumer-Consumer-topic-f4ecda15_ad4e_4143_8f30_323308f7e706-9, groupId=Consumer-topic-f4ecda15_ad4e_4143_8f30_323308f7e706] Subscribed to topic(s): topic-f4ecda15_ad4e_4143_8f30_323308f7e706
2025-08-06 18:54:25,917 INFO  [org.apa.kaf.cli.Metadata] (Thread-660) [Consumer clientId=consumer-Consumer-topic-f4ecda15_ad4e_4143_8f30_323308f7e706-9, groupId=Consumer-topic-f4ecda15_ad4e_4143_8f30_323308f7e706] Cluster ID: kF8Ua3WQTR-RR3LzMUds4A
2025-08-06 18:54:25,918 INFO  [org.apa.kaf.cli.con.int.ConsumerCoordinator] (Thread-660) [Consumer clientId=consumer-Consumer-topic-f4ecda15_ad4e_4143_8f30_323308f7e706-9, groupId=Consumer-topic-f4ecda15_ad4e_4143_8f30_323308f7e706] Discovered group coordinator localhost:32769 (id: 2147483647 rack: null)
2025-08-06 18:54:25,919 INFO  [org.apa.kaf.cli.con.int.ConsumerCoordinator] (Thread-660) [Consumer clientId=consumer-Consumer-topic-f4ecda15_ad4e_4143_8f30_323308f7e706-9, groupId=Consumer-topic-f4ecda15_ad4e_4143_8f30_323308f7e706] (Re-)joining group
2025-08-06 18:54:25,924 INFO  [org.apa.kaf.cli.con.int.ConsumerCoordinator] (Thread-660) [Consumer clientId=consumer-Consumer-topic-f4ecda15_ad4e_4143_8f30_323308f7e706-9, groupId=Consumer-topic-f4ecda15_ad4e_4143_8f30_323308f7e706] Request joining group due to: need to re-join with the given member-id: consumer-Consumer-topic-f4ecda15_ad4e_4143_8f30_323308f7e706-9-ac7d24a1-398d-499d-8b80-046914312340
2025-08-06 18:54:25,925 INFO  [org.apa.kaf.cli.con.int.ConsumerCoordinator] (Thread-660) [Consumer clientId=consumer-Consumer-topic-f4ecda15_ad4e_4143_8f30_323308f7e706-9, groupId=Consumer-topic-f4ecda15_ad4e_4143_8f30_323308f7e706] (Re-)joining group
2025-08-06 18:54:26,912 INFO  [io.api.tes.ser.api.KafkaSerdesTester] (Thread-660) None found
2025-08-06 18:54:27,912 INFO  [io.api.tes.ser.api.KafkaSerdesTester] (Thread-660) None found
2025-08-06 18:54:28,914 INFO  [io.api.tes.ser.api.KafkaSerdesTester] (Thread-660) None found
2025-08-06 18:54:28,927 INFO  [org.apa.kaf.cli.con.int.ConsumerCoordinator] (Thread-660) [Consumer clientId=consumer-Consumer-topic-f4ecda15_ad4e_4143_8f30_323308f7e706-9, groupId=Consumer-topic-f4ecda15_ad4e_4143_8f30_323308f7e706] Successfully joined group with generation Generation{generationId=1, memberId='consumer-Consumer-topic-f4ecda15_ad4e_4143_8f30_323308f7e706-9-ac7d24a1-398d-499d-8b80-046914312340', protocol='range'}
2025-08-06 18:54:28,927 INFO  [org.apa.kaf.cli.con.int.ConsumerCoordinator] (Thread-660) [Consumer clientId=consumer-Consumer-topic-f4ecda15_ad4e_4143_8f30_323308f7e706-9, groupId=Consumer-topic-f4ecda15_ad4e_4143_8f30_323308f7e706] Finished assignment for group at generation 1: {consumer-Consumer-topic-f4ecda15_ad4e_4143_8f30_323308f7e706-9-ac7d24a1-398d-499d-8b80-046914312340=Assignment(partitions=[topic-f4ecda15_ad4e_4143_8f30_323308f7e706-0])}
2025-08-06 18:54:28,935 INFO  [org.apa.kaf.cli.con.int.ConsumerCoordinator] (Thread-660) [Consumer clientId=consumer-Consumer-topic-f4ecda15_ad4e_4143_8f30_323308f7e706-9, groupId=Consumer-topic-f4ecda15_ad4e_4143_8f30_323308f7e706] Successfully synced group in generation Generation{generationId=1, memberId='consumer-Consumer-topic-f4ecda15_ad4e_4143_8f30_323308f7e706-9-ac7d24a1-398d-499d-8b80-046914312340', protocol='range'}
2025-08-06 18:54:28,935 INFO  [org.apa.kaf.cli.con.int.ConsumerCoordinator] (Thread-660) [Consumer clientId=consumer-Consumer-topic-f4ecda15_ad4e_4143_8f30_323308f7e706-9, groupId=Consumer-topic-f4ecda15_ad4e_4143_8f30_323308f7e706] Notifying assignor about the new Assignment(partitions=[topic-f4ecda15_ad4e_4143_8f30_323308f7e706-0])
2025-08-06 18:54:28,935 INFO  [org.apa.kaf.cli.con.int.ConsumerRebalanceListenerInvoker] (Thread-660) [Consumer clientId=consumer-Consumer-topic-f4ecda15_ad4e_4143_8f30_323308f7e706-9, groupId=Consumer-topic-f4ecda15_ad4e_4143_8f30_323308f7e706] Adding newly assigned partitions: topic-f4ecda15_ad4e_4143_8f30_323308f7e706-0
2025-08-06 18:54:28,937 INFO  [org.apa.kaf.cli.con.int.ConsumerCoordinator] (Thread-660) [Consumer clientId=consumer-Consumer-topic-f4ecda15_ad4e_4143_8f30_323308f7e706-9, groupId=Consumer-topic-f4ecda15_ad4e_4143_8f30_323308f7e706] Found no committed offset for partition topic-f4ecda15_ad4e_4143_8f30_323308f7e706-0
2025-08-06 18:54:28,941 INFO  [org.apa.kaf.cli.con.int.SubscriptionState] (Thread-660) [Consumer clientId=consumer-Consumer-topic-f4ecda15_ad4e_4143_8f30_323308f7e706-9, groupId=Consumer-topic-f4ecda15_ad4e_4143_8f30_323308f7e706] Resetting offset for partition topic-f4ecda15_ad4e_4143_8f30_323308f7e706-0 to position FetchPosition{offset=0, offsetEpoch=Optional.empty, currentLeader=LeaderAndEpoch{leader=Optional[localhost:32769 (id: 0 rack: null)], epoch=0}}.
2025-08-06 18:54:29,188 INFO  [io.api.tes.ser.api.KafkaSerdesTester] (Thread-660) topic-f4ecda15_ad4e_4143_8f30_323308f7e706 0 0 {"key11754506464420": "value-0"}
2025-08-06 18:54:29,188 INFO  [io.api.tes.ser.api.KafkaSerdesTester] (Thread-660) topic-f4ecda15_ad4e_4143_8f30_323308f7e706 0 1 {"key11754506464420": "value-1"}
2025-08-06 18:54:29,188 INFO  [io.api.tes.ser.api.KafkaSerdesTester] (Thread-660) topic-f4ecda15_ad4e_4143_8f30_323308f7e706 0 2 {"key11754506464420": "value-2"}
2025-08-06 18:54:29,188 INFO  [io.api.tes.ser.api.KafkaSerdesTester] (Thread-660) topic-f4ecda15_ad4e_4143_8f30_323308f7e706 0 3 {"key11754506464420": "value-3"}
2025-08-06 18:54:29,188 INFO  [io.api.tes.ser.api.KafkaSerdesTester] (Thread-660) topic-f4ecda15_ad4e_4143_8f30_323308f7e706 0 4 {"key11754506464420": "value-4"}
2025-08-06 18:54:29,188 INFO  [io.api.tes.ser.api.KafkaSerdesTester] (Thread-660) topic-f4ecda15_ad4e_4143_8f30_323308f7e706 0 5 {"key11754506464420": "value-5"}
2025-08-06 18:54:29,188 INFO  [io.api.tes.ser.api.KafkaSerdesTester] (Thread-660) topic-f4ecda15_ad4e_4143_8f30_323308f7e706 0 6 {"key11754506464420": "value-6"}
2025-08-06 18:54:29,188 INFO  [io.api.tes.ser.api.KafkaSerdesTester] (Thread-660) topic-f4ecda15_ad4e_4143_8f30_323308f7e706 0 7 {"key11754506464420": "value-7"}
2025-08-06 18:54:29,188 INFO  [io.api.tes.ser.api.KafkaSerdesTester] (Thread-660) topic-f4ecda15_ad4e_4143_8f30_323308f7e706 0 8 {"key11754506464420": "value-8"}
2025-08-06 18:54:29,189 INFO  [io.api.tes.ser.api.KafkaSerdesTester] (Thread-660) topic-f4ecda15_ad4e_4143_8f30_323308f7e706 0 9 {"key11754506464420": "value-9"}
2025-08-06 18:54:29,189 INFO  [io.api.tes.ser.api.KafkaSerdesTester] (Thread-660) Consumed 10 messages
2025-08-06 18:54:29,189 INFO  [io.api.tes.ser.api.AvroSerdeIT] (main) Registering Avro Schema 2: {"type":"record","name":"sa9711b30x8280x4001xbd38xbb874392c97e","namespace":"ns_912c281a_79fc_4e19_bf4f_15f1c046dd33","fields":[{"name":"key11754506464420","type":"string"},{"name":"key21754506469189","type":"string"}]}
2025-08-06 18:54:30,406 INFO  [io.api.tes.ser.api.KafkaSerdesTester] (Thread-661) Sending message {"key11754506464420": "value-0", "key21754506469189": "value-0"} to topic topic-f4ecda15_ad4e_4143_8f30_323308f7e706
2025-08-06 18:54:30,407 INFO  [DefaultSchemaResolver] (Thread-661) Retrieving schema content using string: {"type":"record","name":"sa9711b30x8280x4001xbd38xbb874392c97e","namespace":"ns_912c281a_79fc_4e19_bf4f_15f1c046dd33","fields":[{"name":"key11754506464420","type":"string"},{"name":"key21754506469189","type":"string"}]}
2025-08-06 18:54:30,495 INFO  [io.api.tes.ser.api.KafkaSerdesTester] (Thread-661) Sending message {"key11754506464420": "value-1", "key21754506469189": "value-1"} to topic topic-f4ecda15_ad4e_4143_8f30_323308f7e706
2025-08-06 18:54:30,497 INFO  [io.api.tes.ser.api.KafkaSerdesTester] (Thread-661) Sending message {"key11754506464420": "value-2", "key21754506469189": "value-2"} to topic topic-f4ecda15_ad4e_4143_8f30_323308f7e706
2025-08-06 18:54:30,501 INFO  [io.api.tes.ser.api.KafkaSerdesTester] (Thread-661) Sending message {"key11754506464420": "value-3", "key21754506469189": "value-3"} to topic topic-f4ecda15_ad4e_4143_8f30_323308f7e706
2025-08-06 18:54:30,506 INFO  [io.api.tes.ser.api.KafkaSerdesTester] (Thread-661) Sending message {"key11754506464420": "value-4", "key21754506469189": "value-4"} to topic topic-f4ecda15_ad4e_4143_8f30_323308f7e706
2025-08-06 18:54:30,509 INFO  [io.api.tes.ser.api.KafkaSerdesTester] (Thread-661) Sending message {"key11754506464420": "value-5", "key21754506469189": "value-5"} to topic topic-f4ecda15_ad4e_4143_8f30_323308f7e706
2025-08-06 18:54:30,513 INFO  [io.api.tes.ser.api.KafkaSerdesTester] (Thread-661) Sending message {"key11754506464420": "value-6", "key21754506469189": "value-6"} to topic topic-f4ecda15_ad4e_4143_8f30_323308f7e706
2025-08-06 18:54:30,514 INFO  [io.api.tes.ser.api.KafkaSerdesTester] (Thread-661) Sending message {"key11754506464420": "value-7", "key21754506469189": "value-7"} to topic topic-f4ecda15_ad4e_4143_8f30_323308f7e706
2025-08-06 18:54:30,517 INFO  [io.api.tes.ser.api.KafkaSerdesTester] (Thread-661) Sending message {"key11754506464420": "value-8", "key21754506469189": "value-8"} to topic topic-f4ecda15_ad4e_4143_8f30_323308f7e706
2025-08-06 18:54:30,518 INFO  [io.api.tes.ser.api.KafkaSerdesTester] (Thread-661) Sending message {"key11754506464420": "value-9", "key21754506469189": "value-9"} to topic topic-f4ecda15_ad4e_4143_8f30_323308f7e706
2025-08-06 18:54:30,520 INFO  [io.api.tes.ser.api.KafkaSerdesTester] (Thread-661) Produced 10 messages
2025-08-06 18:54:30,521 INFO  [io.api.tes.ser.api.KafkaSerdesTester] (Thread-662) Sending message {"key11754506464420": "value-0"} to topic topic-f4ecda15_ad4e_4143_8f30_323308f7e706
2025-08-06 18:54:30,523 INFO  [io.api.tes.ser.api.KafkaSerdesTester] (Thread-662) Sending message {"key11754506464420": "value-1"} to topic topic-f4ecda15_ad4e_4143_8f30_323308f7e706
2025-08-06 18:54:30,524 INFO  [io.api.tes.ser.api.KafkaSerdesTester] (Thread-662) Sending message {"key11754506464420": "value-2"} to topic topic-f4ecda15_ad4e_4143_8f30_323308f7e706
2025-08-06 18:54:30,526 INFO  [io.api.tes.ser.api.KafkaSerdesTester] (Thread-662) Sending message {"key11754506464420": "value-3"} to topic topic-f4ecda15_ad4e_4143_8f30_323308f7e706
2025-08-06 18:54:30,529 INFO  [io.api.tes.ser.api.KafkaSerdesTester] (Thread-662) Sending message {"key11754506464420": "value-4"} to topic topic-f4ecda15_ad4e_4143_8f30_323308f7e706
2025-08-06 18:54:30,530 INFO  [io.api.tes.ser.api.KafkaSerdesTester] (Thread-662) Sending message {"key11754506464420": "value-5"} to topic topic-f4ecda15_ad4e_4143_8f30_323308f7e706
2025-08-06 18:54:30,532 INFO  [io.api.tes.ser.api.KafkaSerdesTester] (Thread-662) Sending message {"key11754506464420": "value-6"} to topic topic-f4ecda15_ad4e_4143_8f30_323308f7e706
2025-08-06 18:54:30,534 INFO  [io.api.tes.ser.api.KafkaSerdesTester] (Thread-662) Sending message {"key11754506464420": "value-7"} to topic topic-f4ecda15_ad4e_4143_8f30_323308f7e706
2025-08-06 18:54:30,539 INFO  [io.api.tes.ser.api.KafkaSerdesTester] (Thread-662) Sending message {"key11754506464420": "value-8"} to topic topic-f4ecda15_ad4e_4143_8f30_323308f7e706
2025-08-06 18:54:30,542 INFO  [io.api.tes.ser.api.KafkaSerdesTester] (Thread-662) Sending message {"key11754506464420": "value-9"} to topic topic-f4ecda15_ad4e_4143_8f30_323308f7e706
2025-08-06 18:54:30,544 INFO  [io.api.tes.ser.api.KafkaSerdesTester] (Thread-662) Produced 10 messages
2025-08-06 18:54:30,545 INFO  [org.apa.kaf.cli.con.int.ClassicKafkaConsumer] (Thread-663) [Consumer clientId=consumer-Consumer-topic-f4ecda15_ad4e_4143_8f30_323308f7e706-9, groupId=Consumer-topic-f4ecda15_ad4e_4143_8f30_323308f7e706] Subscribed to topic(s): topic-f4ecda15_ad4e_4143_8f30_323308f7e706
2025-08-06 18:54:30,715 INFO  [io.api.tes.ser.api.KafkaSerdesTester] (Thread-663) topic-f4ecda15_ad4e_4143_8f30_323308f7e706 0 10 {"key11754506464420": "value-0", "key21754506469189": "value-0"}
2025-08-06 18:54:30,715 INFO  [io.api.tes.ser.api.KafkaSerdesTester] (Thread-663) topic-f4ecda15_ad4e_4143_8f30_323308f7e706 0 11 {"key11754506464420": "value-1", "key21754506469189": "value-1"}
2025-08-06 18:54:30,715 INFO  [io.api.tes.ser.api.KafkaSerdesTester] (Thread-663) topic-f4ecda15_ad4e_4143_8f30_323308f7e706 0 12 {"key11754506464420": "value-2", "key21754506469189": "value-2"}
2025-08-06 18:54:30,715 INFO  [io.api.tes.ser.api.KafkaSerdesTester] (Thread-663) topic-f4ecda15_ad4e_4143_8f30_323308f7e706 0 13 {"key11754506464420": "value-3", "key21754506469189": "value-3"}
2025-08-06 18:54:30,715 INFO  [io.api.tes.ser.api.KafkaSerdesTester] (Thread-663) topic-f4ecda15_ad4e_4143_8f30_323308f7e706 0 14 {"key11754506464420": "value-4", "key21754506469189": "value-4"}
2025-08-06 18:54:30,716 INFO  [io.api.tes.ser.api.KafkaSerdesTester] (Thread-663) topic-f4ecda15_ad4e_4143_8f30_323308f7e706 0 15 {"key11754506464420": "value-5", "key21754506469189": "value-5"}
2025-08-06 18:54:30,716 INFO  [io.api.tes.ser.api.KafkaSerdesTester] (Thread-663) topic-f4ecda15_ad4e_4143_8f30_323308f7e706 0 16 {"key11754506464420": "value-6", "key21754506469189": "value-6"}
2025-08-06 18:54:30,716 INFO  [io.api.tes.ser.api.KafkaSerdesTester] (Thread-663) topic-f4ecda15_ad4e_4143_8f30_323308f7e706 0 17 {"key11754506464420": "value-7", "key21754506469189": "value-7"}
2025-08-06 18:54:30,716 INFO  [io.api.tes.ser.api.KafkaSerdesTester] (Thread-663) topic-f4ecda15_ad4e_4143_8f30_323308f7e706 0 18 {"key11754506464420": "value-8", "key21754506469189": "value-8"}
2025-08-06 18:54:30,716 INFO  [io.api.tes.ser.api.KafkaSerdesTester] (Thread-663) topic-f4ecda15_ad4e_4143_8f30_323308f7e706 0 19 {"key11754506464420": "value-9", "key21754506469189": "value-9"}
2025-08-06 18:54:30,716 INFO  [io.api.tes.ser.api.KafkaSerdesTester] (Thread-663) topic-f4ecda15_ad4e_4143_8f30_323308f7e706 0 20 {"key11754506464420": "value-0"}
2025-08-06 18:54:30,716 INFO  [io.api.tes.ser.api.KafkaSerdesTester] (Thread-663) topic-f4ecda15_ad4e_4143_8f30_323308f7e706 0 21 {"key11754506464420": "value-1"}
2025-08-06 18:54:30,716 INFO  [io.api.tes.ser.api.KafkaSerdesTester] (Thread-663) topic-f4ecda15_ad4e_4143_8f30_323308f7e706 0 22 {"key11754506464420": "value-2"}
2025-08-06 18:54:30,716 INFO  [io.api.tes.ser.api.KafkaSerdesTester] (Thread-663) topic-f4ecda15_ad4e_4143_8f30_323308f7e706 0 23 {"key11754506464420": "value-3"}
2025-08-06 18:54:30,716 INFO  [io.api.tes.ser.api.KafkaSerdesTester] (Thread-663) topic-f4ecda15_ad4e_4143_8f30_323308f7e706 0 24 {"key11754506464420": "value-4"}
2025-08-06 18:54:30,716 INFO  [io.api.tes.ser.api.KafkaSerdesTester] (Thread-663) topic-f4ecda15_ad4e_4143_8f30_323308f7e706 0 25 {"key11754506464420": "value-5"}
2025-08-06 18:54:30,716 INFO  [io.api.tes.ser.api.KafkaSerdesTester] (Thread-663) topic-f4ecda15_ad4e_4143_8f30_323308f7e706 0 26 {"key11754506464420": "value-6"}
2025-08-06 18:54:30,716 INFO  [io.api.tes.ser.api.KafkaSerdesTester] (Thread-663) topic-f4ecda15_ad4e_4143_8f30_323308f7e706 0 27 {"key11754506464420": "value-7"}
2025-08-06 18:54:30,716 INFO  [io.api.tes.ser.api.KafkaSerdesTester] (Thread-663) topic-f4ecda15_ad4e_4143_8f30_323308f7e706 0 28 {"key11754506464420": "value-8"}
2025-08-06 18:54:30,717 INFO  [io.api.tes.ser.api.KafkaSerdesTester] (Thread-663) topic-f4ecda15_ad4e_4143_8f30_323308f7e706 0 29 {"key11754506464420": "value-9"}
2025-08-06 18:54:30,717 INFO  [io.api.tes.ser.api.KafkaSerdesTester] (Thread-663) Consumed 20 messages
2025-08-06 18:54:30,718 INFO  [io.api.tes.ser.api.AvroSerdeIT] (main) Registering Avro Schema 3: {"type":"record","name":"sa9711b30x8280x4001xbd38xbb874392c97e","namespace":"ns_912c281a_79fc_4e19_bf4f_15f1c046dd33","fields":[{"name":"key11754506464420","type":"string"},{"name":"key21754506469189","type":"string"},{"name":"key31754506470717","type":"string"}]}
2025-08-06 18:54:31,926 INFO  [io.api.tes.ser.api.KafkaSerdesTester] (Thread-664) Sending message {"key11754506464420": "value-0", "key21754506469189": "value-0", "key31754506470717": "value-0"} to topic topic-f4ecda15_ad4e_4143_8f30_323308f7e706
2025-08-06 18:54:31,926 INFO  [DefaultSchemaResolver] (Thread-664) Retrieving schema content using string: {"type":"record","name":"sa9711b30x8280x4001xbd38xbb874392c97e","namespace":"ns_912c281a_79fc_4e19_bf4f_15f1c046dd33","fields":[{"name":"key11754506464420","type":"string"},{"name":"key21754506469189","type":"string"},{"name":"key31754506470717","type":"string"}]}
2025-08-06 18:54:32,087 INFO  [io.api.tes.ser.api.KafkaSerdesTester] (Thread-664) Sending message {"key11754506464420": "value-1", "key21754506469189": "value-1", "key31754506470717": "value-1"} to topic topic-f4ecda15_ad4e_4143_8f30_323308f7e706
2025-08-06 18:54:32,089 INFO  [io.api.tes.ser.api.KafkaSerdesTester] (Thread-664) Sending message {"key11754506464420": "value-2", "key21754506469189": "value-2", "key31754506470717": "value-2"} to topic topic-f4ecda15_ad4e_4143_8f30_323308f7e706
2025-08-06 18:54:32,091 INFO  [io.api.tes.ser.api.KafkaSerdesTester] (Thread-664) Sending message {"key11754506464420": "value-3", "key21754506469189": "value-3", "key31754506470717": "value-3"} to topic topic-f4ecda15_ad4e_4143_8f30_323308f7e706
2025-08-06 18:54:32,093 INFO  [io.api.tes.ser.api.KafkaSerdesTester] (Thread-664) Sending message {"key11754506464420": "value-4", "key21754506469189": "value-4", "key31754506470717": "value-4"} to topic topic-f4ecda15_ad4e_4143_8f30_323308f7e706
2025-08-06 18:54:32,095 INFO  [io.api.tes.ser.api.KafkaSerdesTester] (Thread-664) Sending message {"key11754506464420": "value-5", "key21754506469189": "value-5", "key31754506470717": "value-5"} to topic topic-f4ecda15_ad4e_4143_8f30_323308f7e706
2025-08-06 18:54:32,097 INFO  [io.api.tes.ser.api.KafkaSerdesTester] (Thread-664) Sending message {"key11754506464420": "value-6", "key21754506469189": "value-6", "key31754506470717": "value-6"} to topic topic-f4ecda15_ad4e_4143_8f30_323308f7e706
2025-08-06 18:54:32,098 INFO  [io.api.tes.ser.api.KafkaSerdesTester] (Thread-664) Sending message {"key11754506464420": "value-7", "key21754506469189": "value-7", "key31754506470717": "value-7"} to topic topic-f4ecda15_ad4e_4143_8f30_323308f7e706
2025-08-06 18:54:32,100 INFO  [io.api.tes.ser.api.KafkaSerdesTester] (Thread-664) Sending message {"key11754506464420": "value-8", "key21754506469189": "value-8", "key31754506470717": "value-8"} to topic topic-f4ecda15_ad4e_4143_8f30_323308f7e706
2025-08-06 18:54:32,101 INFO  [io.api.tes.ser.api.KafkaSerdesTester] (Thread-664) Sending message {"key11754506464420": "value-9", "key21754506469189": "value-9", "key31754506470717": "value-9"} to topic topic-f4ecda15_ad4e_4143_8f30_323308f7e706
2025-08-06 18:54:32,102 INFO  [io.api.tes.ser.api.KafkaSerdesTester] (Thread-664) Produced 10 messages
2025-08-06 18:54:32,103 INFO  [io.api.tes.ser.api.KafkaSerdesTester] (Thread-665) Sending message {"key11754506464420": "value-0", "key21754506469189": "value-0"} to topic topic-f4ecda15_ad4e_4143_8f30_323308f7e706
2025-08-06 18:54:32,105 INFO  [io.api.tes.ser.api.KafkaSerdesTester] (Thread-665) Sending message {"key11754506464420": "value-1", "key21754506469189": "value-1"} to topic topic-f4ecda15_ad4e_4143_8f30_323308f7e706
2025-08-06 18:54:32,106 INFO  [io.api.tes.ser.api.KafkaSerdesTester] (Thread-665) Sending message {"key11754506464420": "value-2", "key21754506469189": "value-2"} to topic topic-f4ecda15_ad4e_4143_8f30_323308f7e706
2025-08-06 18:54:32,107 INFO  [io.api.tes.ser.api.KafkaSerdesTester] (Thread-665) Sending message {"key11754506464420": "value-3", "key21754506469189": "value-3"} to topic topic-f4ecda15_ad4e_4143_8f30_323308f7e706
2025-08-06 18:54:32,108 INFO  [io.api.tes.ser.api.KafkaSerdesTester] (Thread-665) Sending message {"key11754506464420": "value-4", "key21754506469189": "value-4"} to topic topic-f4ecda15_ad4e_4143_8f30_323308f7e706
2025-08-06 18:54:32,110 INFO  [io.api.tes.ser.api.KafkaSerdesTester] (Thread-665) Sending message {"key11754506464420": "value-5", "key21754506469189": "value-5"} to topic topic-f4ecda15_ad4e_4143_8f30_323308f7e706
2025-08-06 18:54:32,112 INFO  [io.api.tes.ser.api.KafkaSerdesTester] (Thread-665) Sending message {"key11754506464420": "value-6", "key21754506469189": "value-6"} to topic topic-f4ecda15_ad4e_4143_8f30_323308f7e706
2025-08-06 18:54:32,117 INFO  [io.api.tes.ser.api.KafkaSerdesTester] (Thread-665) Sending message {"key11754506464420": "value-7", "key21754506469189": "value-7"} to topic topic-f4ecda15_ad4e_4143_8f30_323308f7e706
2025-08-06 18:54:32,122 INFO  [io.api.tes.ser.api.KafkaSerdesTester] (Thread-665) Sending message {"key11754506464420": "value-8", "key21754506469189": "value-8"} to topic topic-f4ecda15_ad4e_4143_8f30_323308f7e706
2025-08-06 18:54:32,124 INFO  [io.api.tes.ser.api.KafkaSerdesTester] (Thread-665) Sending message {"key11754506464420": "value-9", "key21754506469189": "value-9"} to topic topic-f4ecda15_ad4e_4143_8f30_323308f7e706
2025-08-06 18:54:32,126 INFO  [io.api.tes.ser.api.KafkaSerdesTester] (Thread-665) Produced 10 messages
2025-08-06 18:54:32,126 INFO  [io.api.tes.ser.api.KafkaSerdesTester] (Thread-666) Sending message {"key11754506464420": "value-0"} to topic topic-f4ecda15_ad4e_4143_8f30_323308f7e706
2025-08-06 18:54:32,131 INFO  [io.api.tes.ser.api.KafkaSerdesTester] (Thread-666) Sending message {"key11754506464420": "value-1"} to topic topic-f4ecda15_ad4e_4143_8f30_323308f7e706
2025-08-06 18:54:32,133 INFO  [io.api.tes.ser.api.KafkaSerdesTester] (Thread-666) Sending message {"key11754506464420": "value-2"} to topic topic-f4ecda15_ad4e_4143_8f30_323308f7e706
2025-08-06 18:54:32,138 INFO  [io.api.tes.ser.api.KafkaSerdesTester] (Thread-666) Sending message {"key11754506464420": "value-3"} to topic topic-f4ecda15_ad4e_4143_8f30_323308f7e706
2025-08-06 18:54:32,141 INFO  [io.api.tes.ser.api.KafkaSerdesTester] (Thread-666) Sending message {"key11754506464420": "value-4"} to topic topic-f4ecda15_ad4e_4143_8f30_323308f7e706
2025-08-06 18:54:32,142 INFO  [io.api.tes.ser.api.KafkaSerdesTester] (Thread-666) Sending message {"key11754506464420": "value-5"} to topic topic-f4ecda15_ad4e_4143_8f30_323308f7e706
2025-08-06 18:54:32,143 INFO  [io.api.tes.ser.api.KafkaSerdesTester] (Thread-666) Sending message {"key11754506464420": "value-6"} to topic topic-f4ecda15_ad4e_4143_8f30_323308f7e706
2025-08-06 18:54:32,144 INFO  [io.api.tes.ser.api.KafkaSerdesTester] (Thread-666) Sending message {"key11754506464420": "value-7"} to topic topic-f4ecda15_ad4e_4143_8f30_323308f7e706
2025-08-06 18:54:32,146 INFO  [io.api.tes.ser.api.KafkaSerdesTester] (Thread-666) Sending message {"key11754506464420": "value-8"} to topic topic-f4ecda15_ad4e_4143_8f30_323308f7e706
2025-08-06 18:54:32,147 INFO  [io.api.tes.ser.api.KafkaSerdesTester] (Thread-666) Sending message {"key11754506464420": "value-9"} to topic topic-f4ecda15_ad4e_4143_8f30_323308f7e706
2025-08-06 18:54:32,148 INFO  [io.api.tes.ser.api.KafkaSerdesTester] (Thread-666) Produced 10 messages
2025-08-06 18:54:32,150 INFO  [org.apa.kaf.cli.con.int.ClassicKafkaConsumer] (Thread-667) [Consumer clientId=consumer-Consumer-topic-f4ecda15_ad4e_4143_8f30_323308f7e706-9, groupId=Consumer-topic-f4ecda15_ad4e_4143_8f30_323308f7e706] Subscribed to topic(s): topic-f4ecda15_ad4e_4143_8f30_323308f7e706
2025-08-06 18:54:32,389 INFO  [io.api.tes.ser.api.KafkaSerdesTester] (Thread-667) topic-f4ecda15_ad4e_4143_8f30_323308f7e706 0 30 {"key11754506464420": "value-0", "key21754506469189": "value-0", "key31754506470717": "value-0"}
2025-08-06 18:54:32,389 INFO  [io.api.tes.ser.api.KafkaSerdesTester] (Thread-667) topic-f4ecda15_ad4e_4143_8f30_323308f7e706 0 31 {"key11754506464420": "value-1", "key21754506469189": "value-1", "key31754506470717": "value-1"}
2025-08-06 18:54:32,389 INFO  [io.api.tes.ser.api.KafkaSerdesTester] (Thread-667) topic-f4ecda15_ad4e_4143_8f30_323308f7e706 0 32 {"key11754506464420": "value-2", "key21754506469189": "value-2", "key31754506470717": "value-2"}
2025-08-06 18:54:32,389 INFO  [io.api.tes.ser.api.KafkaSerdesTester] (Thread-667) topic-f4ecda15_ad4e_4143_8f30_323308f7e706 0 33 {"key11754506464420": "value-3", "key21754506469189": "value-3", "key31754506470717": "value-3"}
2025-08-06 18:54:32,390 INFO  [io.api.tes.ser.api.KafkaSerdesTester] (Thread-667) topic-f4ecda15_ad4e_4143_8f30_323308f7e706 0 34 {"key11754506464420": "value-4", "key21754506469189": "value-4", "key31754506470717": "value-4"}
2025-08-06 18:54:32,390 INFO  [io.api.tes.ser.api.KafkaSerdesTester] (Thread-667) topic-f4ecda15_ad4e_4143_8f30_323308f7e706 0 35 {"key11754506464420": "value-5", "key21754506469189": "value-5", "key31754506470717": "value-5"}
2025-08-06 18:54:32,390 INFO  [io.api.tes.ser.api.KafkaSerdesTester] (Thread-667) topic-f4ecda15_ad4e_4143_8f30_323308f7e706 0 36 {"key11754506464420": "value-6", "key21754506469189": "value-6", "key31754506470717": "value-6"}
2025-08-06 18:54:32,390 INFO  [io.api.tes.ser.api.KafkaSerdesTester] (Thread-667) topic-f4ecda15_ad4e_4143_8f30_323308f7e706 0 37 {"key11754506464420": "value-7", "key21754506469189": "value-7", "key31754506470717": "value-7"}
2025-08-06 18:54:32,390 INFO  [io.api.tes.ser.api.KafkaSerdesTester] (Thread-667) topic-f4ecda15_ad4e_4143_8f30_323308f7e706 0 38 {"key11754506464420": "value-8", "key21754506469189": "value-8", "key31754506470717": "value-8"}
2025-08-06 18:54:32,390 INFO  [io.api.tes.ser.api.KafkaSerdesTester] (Thread-667) topic-f4ecda15_ad4e_4143_8f30_323308f7e706 0 39 {"key11754506464420": "value-9", "key21754506469189": "value-9", "key31754506470717": "value-9"}
2025-08-06 18:54:32,390 INFO  [io.api.tes.ser.api.KafkaSerdesTester] (Thread-667) topic-f4ecda15_ad4e_4143_8f30_323308f7e706 0 40 {"key11754506464420": "value-0", "key21754506469189": "value-0"}
2025-08-06 18:54:32,390 INFO  [io.api.tes.ser.api.KafkaSerdesTester] (Thread-667) topic-f4ecda15_ad4e_4143_8f30_323308f7e706 0 41 {"key11754506464420": "value-1", "key21754506469189": "value-1"}
2025-08-06 18:54:32,390 INFO  [io.api.tes.ser.api.KafkaSerdesTester] (Thread-667) topic-f4ecda15_ad4e_4143_8f30_323308f7e706 0 42 {"key11754506464420": "value-2", "key21754506469189": "value-2"}
2025-08-06 18:54:32,390 INFO  [io.api.tes.ser.api.KafkaSerdesTester] (Thread-667) topic-f4ecda15_ad4e_4143_8f30_323308f7e706 0 43 {"key11754506464420": "value-3", "key21754506469189": "value-3"}
2025-08-06 18:54:32,390 INFO  [io.api.tes.ser.api.KafkaSerdesTester] (Thread-667) topic-f4ecda15_ad4e_4143_8f30_323308f7e706 0 44 {"key11754506464420": "value-4", "key21754506469189": "value-4"}
2025-08-06 18:54:32,390 INFO  [io.api.tes.ser.api.KafkaSerdesTester] (Thread-667) topic-f4ecda15_ad4e_4143_8f30_323308f7e706 0 45 {"key11754506464420": "value-5", "key21754506469189": "value-5"}
2025-08-06 18:54:32,390 INFO  [io.api.tes.ser.api.KafkaSerdesTester] (Thread-667) topic-f4ecda15_ad4e_4143_8f30_323308f7e706 0 46 {"key11754506464420": "value-6", "key21754506469189": "value-6"}
2025-08-06 18:54:32,391 INFO  [io.api.tes.ser.api.KafkaSerdesTester] (Thread-667) topic-f4ecda15_ad4e_4143_8f30_323308f7e706 0 47 {"key11754506464420": "value-7", "key21754506469189": "value-7"}
2025-08-06 18:54:32,391 INFO  [io.api.tes.ser.api.KafkaSerdesTester] (Thread-667) topic-f4ecda15_ad4e_4143_8f30_323308f7e706 0 48 {"key11754506464420": "value-8", "key21754506469189": "value-8"}
2025-08-06 18:54:32,391 INFO  [io.api.tes.ser.api.KafkaSerdesTester] (Thread-667) topic-f4ecda15_ad4e_4143_8f30_323308f7e706 0 49 {"key11754506464420": "value-9", "key21754506469189": "value-9"}
2025-08-06 18:54:32,391 INFO  [io.api.tes.ser.api.KafkaSerdesTester] (Thread-667) topic-f4ecda15_ad4e_4143_8f30_323308f7e706 0 50 {"key11754506464420": "value-0"}
2025-08-06 18:54:32,391 INFO  [io.api.tes.ser.api.KafkaSerdesTester] (Thread-667) topic-f4ecda15_ad4e_4143_8f30_323308f7e706 0 51 {"key11754506464420": "value-1"}
2025-08-06 18:54:32,391 INFO  [io.api.tes.ser.api.KafkaSerdesTester] (Thread-667) topic-f4ecda15_ad4e_4143_8f30_323308f7e706 0 52 {"key11754506464420": "value-2"}
2025-08-06 18:54:32,391 INFO  [io.api.tes.ser.api.KafkaSerdesTester] (Thread-667) topic-f4ecda15_ad4e_4143_8f30_323308f7e706 0 53 {"key11754506464420": "value-3"}
2025-08-06 18:54:32,391 INFO  [io.api.tes.ser.api.KafkaSerdesTester] (Thread-667) topic-f4ecda15_ad4e_4143_8f30_323308f7e706 0 54 {"key11754506464420": "value-4"}
2025-08-06 18:54:32,391 INFO  [io.api.tes.ser.api.KafkaSerdesTester] (Thread-667) topic-f4ecda15_ad4e_4143_8f30_323308f7e706 0 55 {"key11754506464420": "value-5"}
2025-08-06 18:54:32,391 INFO  [io.api.tes.ser.api.KafkaSerdesTester] (Thread-667) topic-f4ecda15_ad4e_4143_8f30_323308f7e706 0 56 {"key11754506464420": "value-6"}
2025-08-06 18:54:32,391 INFO  [io.api.tes.ser.api.KafkaSerdesTester] (Thread-667) topic-f4ecda15_ad4e_4143_8f30_323308f7e706 0 57 {"key11754506464420": "value-7"}
2025-08-06 18:54:32,391 INFO  [io.api.tes.ser.api.KafkaSerdesTester] (Thread-667) topic-f4ecda15_ad4e_4143_8f30_323308f7e706 0 58 {"key11754506464420": "value-8"}
2025-08-06 18:54:32,391 INFO  [io.api.tes.ser.api.KafkaSerdesTester] (Thread-667) topic-f4ecda15_ad4e_4143_8f30_323308f7e706 0 59 {"key11754506464420": "value-9"}
2025-08-06 18:54:32,391 INFO  [io.api.tes.ser.api.KafkaSerdesTester] (Thread-667) Consumed 30 messages
2025-08-06 18:54:32,391 INFO  [org.apa.kaf.cli.pro.KafkaProducer] (main) [Producer clientId=Producer-topic-f4ecda15_ad4e_4143_8f30_323308f7e706] Closing the Kafka producer with timeoutMillis = 9223372036854775807 ms.
2025-08-06 18:54:32,393 INFO  [org.apa.kaf.com.met.Metrics] (main) Metrics scheduler closed
2025-08-06 18:54:32,393 INFO  [org.apa.kaf.com.met.Metrics] (main) Closing reporter org.apache.kafka.common.metrics.JmxReporter
2025-08-06 18:54:32,393 INFO  [org.apa.kaf.com.met.Metrics] (main) Closing reporter org.apache.kafka.common.telemetry.internals.ClientTelemetryReporter
2025-08-06 18:54:32,393 INFO  [org.apa.kaf.com.met.Metrics] (main) Metrics reporters closed
2025-08-06 18:54:32,394 INFO  [org.apa.kaf.com.uti.AppInfoParser] (main) App info kafka.producer for Producer-topic-f4ecda15_ad4e_4143_8f30_323308f7e706 unregistered
2025-08-06 18:54:32,400 INFO  [org.apa.kaf.cli.con.int.ConsumerRebalanceListenerInvoker] (main) [Consumer clientId=consumer-Consumer-topic-f4ecda15_ad4e_4143_8f30_323308f7e706-9, groupId=Consumer-topic-f4ecda15_ad4e_4143_8f30_323308f7e706] Revoke previously assigned partitions topic-f4ecda15_ad4e_4143_8f30_323308f7e706-0
2025-08-06 18:54:32,400 INFO  [org.apa.kaf.cli.con.int.ConsumerCoordinator] (main) [Consumer clientId=consumer-Consumer-topic-f4ecda15_ad4e_4143_8f30_323308f7e706-9, groupId=Consumer-topic-f4ecda15_ad4e_4143_8f30_323308f7e706] Member consumer-Consumer-topic-f4ecda15_ad4e_4143_8f30_323308f7e706-9-ac7d24a1-398d-499d-8b80-046914312340 sending LeaveGroup request to coordinator localhost:32769 (id: 2147483647 rack: null) due to the consumer is being closed
2025-08-06 18:54:32,401 INFO  [org.apa.kaf.cli.con.int.ConsumerCoordinator] (main) [Consumer clientId=consumer-Consumer-topic-f4ecda15_ad4e_4143_8f30_323308f7e706-9, groupId=Consumer-topic-f4ecda15_ad4e_4143_8f30_323308f7e706] Resetting generation and member id due to: consumer pro-actively leaving the group
2025-08-06 18:54:32,401 INFO  [org.apa.kaf.cli.con.int.ConsumerCoordinator] (main) [Consumer clientId=consumer-Consumer-topic-f4ecda15_ad4e_4143_8f30_323308f7e706-9, groupId=Consumer-topic-f4ecda15_ad4e_4143_8f30_323308f7e706] Request joining group due to: consumer pro-actively leaving the group
2025-08-06 18:54:32,892 INFO  [org.apa.kaf.com.met.Metrics] (main) Metrics scheduler closed
2025-08-06 18:54:32,892 INFO  [org.apa.kaf.com.met.Metrics] (main) Closing reporter org.apache.kafka.common.metrics.JmxReporter
2025-08-06 18:54:32,892 INFO  [org.apa.kaf.com.met.Metrics] (main) Closing reporter org.apache.kafka.common.telemetry.internals.ClientTelemetryReporter
2025-08-06 18:54:32,892 INFO  [org.apa.kaf.com.met.Metrics] (main) Metrics reporters closed
2025-08-06 18:54:32,895 INFO  [org.apa.kaf.com.uti.AppInfoParser] (main) App info kafka.consumer for consumer-Consumer-topic-f4ecda15_ad4e_4143_8f30_323308f7e706-9 unregistered
2025-08-06 18:54:32,895 INFO  [io.api.tes.uti.TestSeparator] (main) io.apicurio.tests.serdes.apicurio.AvroSerdeIT.testEvolveAvroApicurioReusingClient-FINISHED
2025-08-06 18:54:32,895 INFO  [io.api.tes.uti.TestSeparator] (main) ############################################################################
Test passed: testEvolveAvroApicurioReusingClient
]]></system-out>
  </testcase>
  <testcase name="testProducerUsesDefaultConsumerUsesGlobalId" classname="io.apicurio.tests.serdes.apicurio.AvroSerdeIT" time="0.0">
    <skipped message="void io.apicurio.tests.serdes.apicurio.AvroSerdeIT.testProducerUsesDefaultConsumerUsesGlobalId() throws java.lang.Exception is @Disabled"/>
  </testcase>
  <testcase name="testEvolveAvroApicurio" classname="io.apicurio.tests.serdes.apicurio.AvroSerdeIT" time="16.79">
    <system-out><![CDATA[2025-08-06 18:54:32,900 INFO  [io.api.tes.uti.TestSeparator] (main) ############################################################################
2025-08-06 18:54:32,900 INFO  [io.api.tes.uti.TestSeparator] (main) io.apicurio.tests.serdes.apicurio.AvroSerdeIT.testEvolveAvroApicurio-STARTED
2025-08-06 18:54:32,901 INFO  [io.api.tes.ser.api.AvroSerdeIT] (main) Registering Avro Schema: {"type":"record","name":"s8f0884b1x70acx41dbx909ax08209bf89a8a","namespace":"ns_4d3bc967_e906_45b4_b5ed_554dbb75eb35","fields":[{"name":"key11754506472901","type":"string"}]}
**** Registry Base URL: http://registry-app-mysql.apps.ci419.apicurio-testing.org:80
2025-08-06 18:54:34,193 INFO  [org.apa.kaf.cli.pro.ProducerConfig] (main) ProducerConfig values: 
	acks = -1
	auto.include.jmx.reporter = true
	batch.size = 16384
	bootstrap.servers = [PLAINTEXT://localhost:32769]
	buffer.memory = 33554432
	client.dns.lookup = use_all_dns_ips
	client.id = Producer-topic-6add7e88_83a1_4c95_9305_a89fa2fe5f56
	compression.gzip.level = -1
	compression.lz4.level = 9
	compression.type = none
	compression.zstd.level = 3
	connections.max.idle.ms = 10000
	delivery.timeout.ms = 120000
	enable.idempotence = true
	enable.metrics.push = true
	interceptor.classes = []
	key.serializer = class org.apache.kafka.common.serialization.StringSerializer
	linger.ms = 0
	max.block.ms = 60000
	max.in.flight.requests.per.connection = 5
	max.request.size = 1048576
	metadata.max.age.ms = 300000
	metadata.max.idle.ms = 300000
	metadata.recovery.strategy = none
	metric.reporters = []
	metrics.num.samples = 2
	metrics.recording.level = INFO
	metrics.sample.window.ms = 30000
	partitioner.adaptive.partitioning.enable = true
	partitioner.availability.timeout.ms = 0
	partitioner.class = null
	partitioner.ignore.keys = false
	receive.buffer.bytes = 32768
	reconnect.backoff.max.ms = 1000
	reconnect.backoff.ms = 50
	request.timeout.ms = 5000
	retries = 2147483647
	retry.backoff.max.ms = 1000
	retry.backoff.ms = 100
	sasl.client.callback.handler.class = null
	sasl.jaas.config = null
	sasl.kerberos.kinit.cmd = /usr/bin/kinit
	sasl.kerberos.min.time.before.relogin = 60000
	sasl.kerberos.service.name = null
	sasl.kerberos.ticket.renew.jitter = 0.05
	sasl.kerberos.ticket.renew.window.factor = 0.8
	sasl.login.callback.handler.class = null
	sasl.login.class = null
	sasl.login.connect.timeout.ms = null
	sasl.login.read.timeout.ms = null
	sasl.login.refresh.buffer.seconds = 300
	sasl.login.refresh.min.period.seconds = 60
	sasl.login.refresh.window.factor = 0.8
	sasl.login.refresh.window.jitter = 0.05
	sasl.login.retry.backoff.max.ms = 10000
	sasl.login.retry.backoff.ms = 100
	sasl.mechanism = GSSAPI
	sasl.oauthbearer.clock.skew.seconds = 30
	sasl.oauthbearer.expected.audience = null
	sasl.oauthbearer.expected.issuer = null
	sasl.oauthbearer.header.urlencode = false
	sasl.oauthbearer.jwks.endpoint.refresh.ms = 3600000
	sasl.oauthbearer.jwks.endpoint.retry.backoff.max.ms = 10000
	sasl.oauthbearer.jwks.endpoint.retry.backoff.ms = 100
	sasl.oauthbearer.jwks.endpoint.url = null
	sasl.oauthbearer.scope.claim.name = scope
	sasl.oauthbearer.sub.claim.name = sub
	sasl.oauthbearer.token.endpoint.url = null
	security.protocol = PLAINTEXT
	security.providers = null
	send.buffer.bytes = 131072
	socket.connection.setup.timeout.max.ms = 30000
	socket.connection.setup.timeout.ms = 10000
	ssl.cipher.suites = null
	ssl.enabled.protocols = [TLSv1.2, TLSv1.3]
	ssl.endpoint.identification.algorithm = https
	ssl.engine.factory.class = null
	ssl.key.password = null
	ssl.keymanager.algorithm = SunX509
	ssl.keystore.certificate.chain = null
	ssl.keystore.key = null
	ssl.keystore.location = null
	ssl.keystore.password = null
	ssl.keystore.type = JKS
	ssl.protocol = TLSv1.3
	ssl.provider = null
	ssl.secure.random.implementation = null
	ssl.trustmanager.algorithm = PKIX
	ssl.truststore.certificates = null
	ssl.truststore.location = null
	ssl.truststore.password = null
	ssl.truststore.type = JKS
	transaction.timeout.ms = 60000
	transactional.id = null
	value.serializer = class io.apicurio.registry.serde.avro.AvroKafkaSerializer

2025-08-06 18:54:34,194 INFO  [org.apa.kaf.com.tel.int.KafkaMetricsCollector] (main) initializing Kafka metrics collector
2025-08-06 18:54:34,197 INFO  [org.apa.kaf.cli.pro.KafkaProducer] (main) [Producer clientId=Producer-topic-6add7e88_83a1_4c95_9305_a89fa2fe5f56] Instantiated an idempotent producer.
2025-08-06 18:54:34,200 INFO  [org.apa.kaf.cli.pro.ProducerConfig] (main) These configurations '[apicurio.registry.url, apicurio.registry.artifact-resolver-strategy]' were supplied but are not used yet.
2025-08-06 18:54:34,200 INFO  [org.apa.kaf.com.uti.AppInfoParser] (main) Kafka version: 3.9.1
2025-08-06 18:54:34,200 INFO  [org.apa.kaf.com.uti.AppInfoParser] (main) Kafka commitId: f745dfdcee2b9851
2025-08-06 18:54:34,200 INFO  [org.apa.kaf.com.uti.AppInfoParser] (main) Kafka startTimeMs: 1754506474200
**** Registry Base URL: http://registry-app-mysql.apps.ci419.apicurio-testing.org:80
2025-08-06 18:54:34,200 INFO  [org.apa.kaf.cli.con.ConsumerConfig] (main) ConsumerConfig values: 
	allow.auto.create.topics = true
	auto.commit.interval.ms = 500
	auto.include.jmx.reporter = true
	auto.offset.reset = earliest
	bootstrap.servers = [PLAINTEXT://localhost:32769]
	check.crcs = true
	client.dns.lookup = use_all_dns_ips
	client.id = consumer-Consumer-topic-6add7e88_83a1_4c95_9305_a89fa2fe5f56-10
	client.rack = 
	connections.max.idle.ms = 10000
	default.api.timeout.ms = 60000
	enable.auto.commit = true
	enable.metrics.push = true
	exclude.internal.topics = true
	fetch.max.bytes = 52428800
	fetch.max.wait.ms = 500
	fetch.min.bytes = 1
	group.id = Consumer-topic-6add7e88_83a1_4c95_9305_a89fa2fe5f56
	group.instance.id = null
	group.protocol = classic
	group.remote.assignor = null
	heartbeat.interval.ms = 3000
	interceptor.classes = []
	internal.leave.group.on.close = true
	internal.throw.on.fetch.stable.offset.unsupported = false
	isolation.level = read_uncommitted
	key.deserializer = class org.apache.kafka.common.serialization.StringDeserializer
	max.partition.fetch.bytes = 1048576
	max.poll.interval.ms = 300000
	max.poll.records = 500
	metadata.max.age.ms = 300000
	metadata.recovery.strategy = none
	metric.reporters = []
	metrics.num.samples = 2
	metrics.recording.level = INFO
	metrics.sample.window.ms = 30000
	partition.assignment.strategy = [class org.apache.kafka.clients.consumer.RangeAssignor, class org.apache.kafka.clients.consumer.CooperativeStickyAssignor]
	receive.buffer.bytes = 65536
	reconnect.backoff.max.ms = 1000
	reconnect.backoff.ms = 50
	request.timeout.ms = 5000
	retry.backoff.max.ms = 1000
	retry.backoff.ms = 100
	sasl.client.callback.handler.class = null
	sasl.jaas.config = null
	sasl.kerberos.kinit.cmd = /usr/bin/kinit
	sasl.kerberos.min.time.before.relogin = 60000
	sasl.kerberos.service.name = null
	sasl.kerberos.ticket.renew.jitter = 0.05
	sasl.kerberos.ticket.renew.window.factor = 0.8
	sasl.login.callback.handler.class = null
	sasl.login.class = null
	sasl.login.connect.timeout.ms = null
	sasl.login.read.timeout.ms = null
	sasl.login.refresh.buffer.seconds = 300
	sasl.login.refresh.min.period.seconds = 60
	sasl.login.refresh.window.factor = 0.8
	sasl.login.refresh.window.jitter = 0.05
	sasl.login.retry.backoff.max.ms = 10000
	sasl.login.retry.backoff.ms = 100
	sasl.mechanism = GSSAPI
	sasl.oauthbearer.clock.skew.seconds = 30
	sasl.oauthbearer.expected.audience = null
	sasl.oauthbearer.expected.issuer = null
	sasl.oauthbearer.header.urlencode = false
	sasl.oauthbearer.jwks.endpoint.refresh.ms = 3600000
	sasl.oauthbearer.jwks.endpoint.retry.backoff.max.ms = 10000
	sasl.oauthbearer.jwks.endpoint.retry.backoff.ms = 100
	sasl.oauthbearer.jwks.endpoint.url = null
	sasl.oauthbearer.scope.claim.name = scope
	sasl.oauthbearer.sub.claim.name = sub
	sasl.oauthbearer.token.endpoint.url = null
	security.protocol = PLAINTEXT
	security.providers = null
	send.buffer.bytes = 131072
	session.timeout.ms = 45000
	socket.connection.setup.timeout.max.ms = 30000
	socket.connection.setup.timeout.ms = 10000
	ssl.cipher.suites = null
	ssl.enabled.protocols = [TLSv1.2, TLSv1.3]
	ssl.endpoint.identification.algorithm = https
	ssl.engine.factory.class = null
	ssl.key.password = null
	ssl.keymanager.algorithm = SunX509
	ssl.keystore.certificate.chain = null
	ssl.keystore.key = null
	ssl.keystore.location = null
	ssl.keystore.password = null
	ssl.keystore.type = JKS
	ssl.protocol = TLSv1.3
	ssl.provider = null
	ssl.secure.random.implementation = null
	ssl.trustmanager.algorithm = PKIX
	ssl.truststore.certificates = null
	ssl.truststore.location = null
	ssl.truststore.password = null
	ssl.truststore.type = JKS
	value.deserializer = class io.apicurio.registry.serde.avro.AvroKafkaDeserializer

2025-08-06 18:54:34,200 INFO  [org.apa.kaf.com.tel.int.KafkaMetricsCollector] (main) initializing Kafka metrics collector
2025-08-06 18:54:34,208 INFO  [org.apa.kaf.cli.Metadata] (kafka-producer-network-thread | Producer-topic-6add7e88_83a1_4c95_9305_a89fa2fe5f56) [Producer clientId=Producer-topic-6add7e88_83a1_4c95_9305_a89fa2fe5f56] Cluster ID: kF8Ua3WQTR-RR3LzMUds4A
2025-08-06 18:54:34,211 INFO  [org.apa.kaf.cli.con.ConsumerConfig] (main) These configurations '[apicurio.registry.url]' were supplied but are not used yet.
2025-08-06 18:54:34,211 INFO  [org.apa.kaf.com.uti.AppInfoParser] (main) Kafka version: 3.9.1
2025-08-06 18:54:34,211 INFO  [org.apa.kaf.com.uti.AppInfoParser] (main) Kafka commitId: f745dfdcee2b9851
2025-08-06 18:54:34,211 INFO  [org.apa.kaf.com.uti.AppInfoParser] (main) Kafka startTimeMs: 1754506474211
2025-08-06 18:54:34,212 INFO  [org.apa.kaf.cli.pro.int.TransactionManager] (kafka-producer-network-thread | Producer-topic-6add7e88_83a1_4c95_9305_a89fa2fe5f56) [Producer clientId=Producer-topic-6add7e88_83a1_4c95_9305_a89fa2fe5f56] ProducerId set to 12 with epoch 0
2025-08-06 18:54:34,213 INFO  [io.api.tes.ser.api.KafkaSerdesTester] (Thread-672) Sending message {"key11754506472901": "value-0"} to topic topic-6add7e88_83a1_4c95_9305_a89fa2fe5f56
2025-08-06 18:54:34,216 INFO  [DefaultSchemaResolver] (Thread-672) Retrieving schema content using string: {"type":"record","name":"s8f0884b1x70acx41dbx909ax08209bf89a8a","namespace":"ns_4d3bc967_e906_45b4_b5ed_554dbb75eb35","fields":[{"name":"key11754506472901","type":"string"}]}
2025-08-06 18:54:34,378 INFO  [io.api.tes.ser.api.KafkaSerdesTester] (Thread-672) Sending message {"key11754506472901": "value-1"} to topic topic-6add7e88_83a1_4c95_9305_a89fa2fe5f56
2025-08-06 18:54:34,380 INFO  [io.api.tes.ser.api.KafkaSerdesTester] (Thread-672) Sending message {"key11754506472901": "value-2"} to topic topic-6add7e88_83a1_4c95_9305_a89fa2fe5f56
2025-08-06 18:54:34,381 INFO  [io.api.tes.ser.api.KafkaSerdesTester] (Thread-672) Sending message {"key11754506472901": "value-3"} to topic topic-6add7e88_83a1_4c95_9305_a89fa2fe5f56
2025-08-06 18:54:34,383 INFO  [io.api.tes.ser.api.KafkaSerdesTester] (Thread-672) Sending message {"key11754506472901": "value-4"} to topic topic-6add7e88_83a1_4c95_9305_a89fa2fe5f56
2025-08-06 18:54:34,385 INFO  [io.api.tes.ser.api.KafkaSerdesTester] (Thread-672) Sending message {"key11754506472901": "value-5"} to topic topic-6add7e88_83a1_4c95_9305_a89fa2fe5f56
2025-08-06 18:54:34,388 INFO  [io.api.tes.ser.api.KafkaSerdesTester] (Thread-672) Sending message {"key11754506472901": "value-6"} to topic topic-6add7e88_83a1_4c95_9305_a89fa2fe5f56
2025-08-06 18:54:34,389 INFO  [io.api.tes.ser.api.KafkaSerdesTester] (Thread-672) Sending message {"key11754506472901": "value-7"} to topic topic-6add7e88_83a1_4c95_9305_a89fa2fe5f56
2025-08-06 18:54:34,392 INFO  [io.api.tes.ser.api.KafkaSerdesTester] (Thread-672) Sending message {"key11754506472901": "value-8"} to topic topic-6add7e88_83a1_4c95_9305_a89fa2fe5f56
2025-08-06 18:54:34,402 INFO  [io.api.tes.ser.api.KafkaSerdesTester] (Thread-672) Sending message {"key11754506472901": "value-9"} to topic topic-6add7e88_83a1_4c95_9305_a89fa2fe5f56
2025-08-06 18:54:34,405 INFO  [io.api.tes.ser.api.KafkaSerdesTester] (Thread-672) Produced 10 messages
2025-08-06 18:54:34,405 INFO  [org.apa.kaf.cli.pro.KafkaProducer] (Thread-672) [Producer clientId=Producer-topic-6add7e88_83a1_4c95_9305_a89fa2fe5f56] Closing the Kafka producer with timeoutMillis = 9223372036854775807 ms.
2025-08-06 18:54:34,407 INFO  [org.apa.kaf.com.met.Metrics] (Thread-672) Metrics scheduler closed
2025-08-06 18:54:34,407 INFO  [org.apa.kaf.com.met.Metrics] (Thread-672) Closing reporter org.apache.kafka.common.metrics.JmxReporter
2025-08-06 18:54:34,407 INFO  [org.apa.kaf.com.met.Metrics] (Thread-672) Closing reporter org.apache.kafka.common.telemetry.internals.ClientTelemetryReporter
2025-08-06 18:54:34,407 INFO  [org.apa.kaf.com.met.Metrics] (Thread-672) Metrics reporters closed
2025-08-06 18:54:34,408 INFO  [org.apa.kaf.com.uti.AppInfoParser] (Thread-672) App info kafka.producer for Producer-topic-6add7e88_83a1_4c95_9305_a89fa2fe5f56 unregistered
2025-08-06 18:54:34,409 INFO  [org.apa.kaf.cli.con.int.ClassicKafkaConsumer] (Thread-673) [Consumer clientId=consumer-Consumer-topic-6add7e88_83a1_4c95_9305_a89fa2fe5f56-10, groupId=Consumer-topic-6add7e88_83a1_4c95_9305_a89fa2fe5f56] Subscribed to topic(s): topic-6add7e88_83a1_4c95_9305_a89fa2fe5f56
2025-08-06 18:54:34,416 INFO  [org.apa.kaf.cli.Metadata] (Thread-673) [Consumer clientId=consumer-Consumer-topic-6add7e88_83a1_4c95_9305_a89fa2fe5f56-10, groupId=Consumer-topic-6add7e88_83a1_4c95_9305_a89fa2fe5f56] Cluster ID: kF8Ua3WQTR-RR3LzMUds4A
2025-08-06 18:54:34,417 INFO  [org.apa.kaf.cli.con.int.ConsumerCoordinator] (Thread-673) [Consumer clientId=consumer-Consumer-topic-6add7e88_83a1_4c95_9305_a89fa2fe5f56-10, groupId=Consumer-topic-6add7e88_83a1_4c95_9305_a89fa2fe5f56] Discovered group coordinator localhost:32769 (id: 2147483647 rack: null)
2025-08-06 18:54:34,419 INFO  [org.apa.kaf.cli.con.int.ConsumerCoordinator] (Thread-673) [Consumer clientId=consumer-Consumer-topic-6add7e88_83a1_4c95_9305_a89fa2fe5f56-10, groupId=Consumer-topic-6add7e88_83a1_4c95_9305_a89fa2fe5f56] (Re-)joining group
2025-08-06 18:54:34,422 INFO  [org.apa.kaf.cli.con.int.ConsumerCoordinator] (Thread-673) [Consumer clientId=consumer-Consumer-topic-6add7e88_83a1_4c95_9305_a89fa2fe5f56-10, groupId=Consumer-topic-6add7e88_83a1_4c95_9305_a89fa2fe5f56] Request joining group due to: need to re-join with the given member-id: consumer-Consumer-topic-6add7e88_83a1_4c95_9305_a89fa2fe5f56-10-4ad2a359-4983-4d98-9096-d07fe0e4e1f6
2025-08-06 18:54:34,422 INFO  [org.apa.kaf.cli.con.int.ConsumerCoordinator] (Thread-673) [Consumer clientId=consumer-Consumer-topic-6add7e88_83a1_4c95_9305_a89fa2fe5f56-10, groupId=Consumer-topic-6add7e88_83a1_4c95_9305_a89fa2fe5f56] (Re-)joining group
2025-08-06 18:54:35,409 INFO  [io.api.tes.ser.api.KafkaSerdesTester] (Thread-673) None found
2025-08-06 18:54:36,411 INFO  [io.api.tes.ser.api.KafkaSerdesTester] (Thread-673) None found
2025-08-06 18:54:37,411 INFO  [io.api.tes.ser.api.KafkaSerdesTester] (Thread-673) None found
2025-08-06 18:54:37,425 INFO  [org.apa.kaf.cli.con.int.ConsumerCoordinator] (Thread-673) [Consumer clientId=consumer-Consumer-topic-6add7e88_83a1_4c95_9305_a89fa2fe5f56-10, groupId=Consumer-topic-6add7e88_83a1_4c95_9305_a89fa2fe5f56] Successfully joined group with generation Generation{generationId=1, memberId='consumer-Consumer-topic-6add7e88_83a1_4c95_9305_a89fa2fe5f56-10-4ad2a359-4983-4d98-9096-d07fe0e4e1f6', protocol='range'}
2025-08-06 18:54:37,425 INFO  [org.apa.kaf.cli.con.int.ConsumerCoordinator] (Thread-673) [Consumer clientId=consumer-Consumer-topic-6add7e88_83a1_4c95_9305_a89fa2fe5f56-10, groupId=Consumer-topic-6add7e88_83a1_4c95_9305_a89fa2fe5f56] Finished assignment for group at generation 1: {consumer-Consumer-topic-6add7e88_83a1_4c95_9305_a89fa2fe5f56-10-4ad2a359-4983-4d98-9096-d07fe0e4e1f6=Assignment(partitions=[topic-6add7e88_83a1_4c95_9305_a89fa2fe5f56-0])}
2025-08-06 18:54:37,432 INFO  [org.apa.kaf.cli.con.int.ConsumerCoordinator] (Thread-673) [Consumer clientId=consumer-Consumer-topic-6add7e88_83a1_4c95_9305_a89fa2fe5f56-10, groupId=Consumer-topic-6add7e88_83a1_4c95_9305_a89fa2fe5f56] Successfully synced group in generation Generation{generationId=1, memberId='consumer-Consumer-topic-6add7e88_83a1_4c95_9305_a89fa2fe5f56-10-4ad2a359-4983-4d98-9096-d07fe0e4e1f6', protocol='range'}
2025-08-06 18:54:37,432 INFO  [org.apa.kaf.cli.con.int.ConsumerCoordinator] (Thread-673) [Consumer clientId=consumer-Consumer-topic-6add7e88_83a1_4c95_9305_a89fa2fe5f56-10, groupId=Consumer-topic-6add7e88_83a1_4c95_9305_a89fa2fe5f56] Notifying assignor about the new Assignment(partitions=[topic-6add7e88_83a1_4c95_9305_a89fa2fe5f56-0])
2025-08-06 18:54:37,432 INFO  [org.apa.kaf.cli.con.int.ConsumerRebalanceListenerInvoker] (Thread-673) [Consumer clientId=consumer-Consumer-topic-6add7e88_83a1_4c95_9305_a89fa2fe5f56-10, groupId=Consumer-topic-6add7e88_83a1_4c95_9305_a89fa2fe5f56] Adding newly assigned partitions: topic-6add7e88_83a1_4c95_9305_a89fa2fe5f56-0
2025-08-06 18:54:37,433 INFO  [org.apa.kaf.cli.con.int.ConsumerCoordinator] (Thread-673) [Consumer clientId=consumer-Consumer-topic-6add7e88_83a1_4c95_9305_a89fa2fe5f56-10, groupId=Consumer-topic-6add7e88_83a1_4c95_9305_a89fa2fe5f56] Found no committed offset for partition topic-6add7e88_83a1_4c95_9305_a89fa2fe5f56-0
2025-08-06 18:54:37,439 INFO  [org.apa.kaf.cli.con.int.SubscriptionState] (Thread-673) [Consumer clientId=consumer-Consumer-topic-6add7e88_83a1_4c95_9305_a89fa2fe5f56-10, groupId=Consumer-topic-6add7e88_83a1_4c95_9305_a89fa2fe5f56] Resetting offset for partition topic-6add7e88_83a1_4c95_9305_a89fa2fe5f56-0 to position FetchPosition{offset=0, offsetEpoch=Optional.empty, currentLeader=LeaderAndEpoch{leader=Optional[localhost:32769 (id: 0 rack: null)], epoch=0}}.
2025-08-06 18:54:37,679 INFO  [io.api.tes.ser.api.KafkaSerdesTester] (Thread-673) topic-6add7e88_83a1_4c95_9305_a89fa2fe5f56 0 0 {"key11754506472901": "value-0"}
2025-08-06 18:54:37,679 INFO  [io.api.tes.ser.api.KafkaSerdesTester] (Thread-673) topic-6add7e88_83a1_4c95_9305_a89fa2fe5f56 0 1 {"key11754506472901": "value-1"}
2025-08-06 18:54:37,679 INFO  [io.api.tes.ser.api.KafkaSerdesTester] (Thread-673) topic-6add7e88_83a1_4c95_9305_a89fa2fe5f56 0 2 {"key11754506472901": "value-2"}
2025-08-06 18:54:37,679 INFO  [io.api.tes.ser.api.KafkaSerdesTester] (Thread-673) topic-6add7e88_83a1_4c95_9305_a89fa2fe5f56 0 3 {"key11754506472901": "value-3"}
2025-08-06 18:54:37,679 INFO  [io.api.tes.ser.api.KafkaSerdesTester] (Thread-673) topic-6add7e88_83a1_4c95_9305_a89fa2fe5f56 0 4 {"key11754506472901": "value-4"}
2025-08-06 18:54:37,679 INFO  [io.api.tes.ser.api.KafkaSerdesTester] (Thread-673) topic-6add7e88_83a1_4c95_9305_a89fa2fe5f56 0 5 {"key11754506472901": "value-5"}
2025-08-06 18:54:37,679 INFO  [io.api.tes.ser.api.KafkaSerdesTester] (Thread-673) topic-6add7e88_83a1_4c95_9305_a89fa2fe5f56 0 6 {"key11754506472901": "value-6"}
2025-08-06 18:54:37,679 INFO  [io.api.tes.ser.api.KafkaSerdesTester] (Thread-673) topic-6add7e88_83a1_4c95_9305_a89fa2fe5f56 0 7 {"key11754506472901": "value-7"}
2025-08-06 18:54:37,679 INFO  [io.api.tes.ser.api.KafkaSerdesTester] (Thread-673) topic-6add7e88_83a1_4c95_9305_a89fa2fe5f56 0 8 {"key11754506472901": "value-8"}
2025-08-06 18:54:37,679 INFO  [io.api.tes.ser.api.KafkaSerdesTester] (Thread-673) topic-6add7e88_83a1_4c95_9305_a89fa2fe5f56 0 9 {"key11754506472901": "value-9"}
2025-08-06 18:54:37,679 INFO  [io.api.tes.ser.api.KafkaSerdesTester] (Thread-673) Consumed 10 messages
2025-08-06 18:54:37,687 INFO  [org.apa.kaf.cli.con.int.ConsumerRebalanceListenerInvoker] (Thread-673) [Consumer clientId=consumer-Consumer-topic-6add7e88_83a1_4c95_9305_a89fa2fe5f56-10, groupId=Consumer-topic-6add7e88_83a1_4c95_9305_a89fa2fe5f56] Revoke previously assigned partitions topic-6add7e88_83a1_4c95_9305_a89fa2fe5f56-0
2025-08-06 18:54:37,687 INFO  [org.apa.kaf.cli.con.int.ConsumerCoordinator] (Thread-673) [Consumer clientId=consumer-Consumer-topic-6add7e88_83a1_4c95_9305_a89fa2fe5f56-10, groupId=Consumer-topic-6add7e88_83a1_4c95_9305_a89fa2fe5f56] Member consumer-Consumer-topic-6add7e88_83a1_4c95_9305_a89fa2fe5f56-10-4ad2a359-4983-4d98-9096-d07fe0e4e1f6 sending LeaveGroup request to coordinator localhost:32769 (id: 2147483647 rack: null) due to the consumer is being closed
2025-08-06 18:54:37,687 INFO  [org.apa.kaf.cli.con.int.ConsumerCoordinator] (Thread-673) [Consumer clientId=consumer-Consumer-topic-6add7e88_83a1_4c95_9305_a89fa2fe5f56-10, groupId=Consumer-topic-6add7e88_83a1_4c95_9305_a89fa2fe5f56] Resetting generation and member id due to: consumer pro-actively leaving the group
2025-08-06 18:54:37,687 INFO  [org.apa.kaf.cli.con.int.ConsumerCoordinator] (Thread-673) [Consumer clientId=consumer-Consumer-topic-6add7e88_83a1_4c95_9305_a89fa2fe5f56-10, groupId=Consumer-topic-6add7e88_83a1_4c95_9305_a89fa2fe5f56] Request joining group due to: consumer pro-actively leaving the group
2025-08-06 18:54:38,182 INFO  [org.apa.kaf.com.met.Metrics] (Thread-673) Metrics scheduler closed
2025-08-06 18:54:38,182 INFO  [org.apa.kaf.com.met.Metrics] (Thread-673) Closing reporter org.apache.kafka.common.metrics.JmxReporter
2025-08-06 18:54:38,183 INFO  [org.apa.kaf.com.met.Metrics] (Thread-673) Closing reporter org.apache.kafka.common.telemetry.internals.ClientTelemetryReporter
2025-08-06 18:54:38,183 INFO  [org.apa.kaf.com.met.Metrics] (Thread-673) Metrics reporters closed
2025-08-06 18:54:38,185 INFO  [org.apa.kaf.com.uti.AppInfoParser] (Thread-673) App info kafka.consumer for consumer-Consumer-topic-6add7e88_83a1_4c95_9305_a89fa2fe5f56-10 unregistered
2025-08-06 18:54:38,185 INFO  [io.api.tes.ser.api.AvroSerdeIT] (main) Registering Avro Schema 2: {"type":"record","name":"s8f0884b1x70acx41dbx909ax08209bf89a8a","namespace":"ns_4d3bc967_e906_45b4_b5ed_554dbb75eb35","fields":[{"name":"key11754506472901","type":"string"},{"name":"key21754506478185","type":"string"}]}
**** Registry Base URL: http://registry-app-mysql.apps.ci419.apicurio-testing.org:80
2025-08-06 18:54:39,406 INFO  [org.apa.kaf.cli.pro.ProducerConfig] (main) ProducerConfig values: 
	acks = -1
	auto.include.jmx.reporter = true
	batch.size = 16384
	bootstrap.servers = [PLAINTEXT://localhost:32769]
	buffer.memory = 33554432
	client.dns.lookup = use_all_dns_ips
	client.id = Producer-topic-6add7e88_83a1_4c95_9305_a89fa2fe5f56
	compression.gzip.level = -1
	compression.lz4.level = 9
	compression.type = none
	compression.zstd.level = 3
	connections.max.idle.ms = 10000
	delivery.timeout.ms = 120000
	enable.idempotence = true
	enable.metrics.push = true
	interceptor.classes = []
	key.serializer = class org.apache.kafka.common.serialization.StringSerializer
	linger.ms = 0
	max.block.ms = 60000
	max.in.flight.requests.per.connection = 5
	max.request.size = 1048576
	metadata.max.age.ms = 300000
	metadata.max.idle.ms = 300000
	metadata.recovery.strategy = none
	metric.reporters = []
	metrics.num.samples = 2
	metrics.recording.level = INFO
	metrics.sample.window.ms = 30000
	partitioner.adaptive.partitioning.enable = true
	partitioner.availability.timeout.ms = 0
	partitioner.class = null
	partitioner.ignore.keys = false
	receive.buffer.bytes = 32768
	reconnect.backoff.max.ms = 1000
	reconnect.backoff.ms = 50
	request.timeout.ms = 5000
	retries = 2147483647
	retry.backoff.max.ms = 1000
	retry.backoff.ms = 100
	sasl.client.callback.handler.class = null
	sasl.jaas.config = null
	sasl.kerberos.kinit.cmd = /usr/bin/kinit
	sasl.kerberos.min.time.before.relogin = 60000
	sasl.kerberos.service.name = null
	sasl.kerberos.ticket.renew.jitter = 0.05
	sasl.kerberos.ticket.renew.window.factor = 0.8
	sasl.login.callback.handler.class = null
	sasl.login.class = null
	sasl.login.connect.timeout.ms = null
	sasl.login.read.timeout.ms = null
	sasl.login.refresh.buffer.seconds = 300
	sasl.login.refresh.min.period.seconds = 60
	sasl.login.refresh.window.factor = 0.8
	sasl.login.refresh.window.jitter = 0.05
	sasl.login.retry.backoff.max.ms = 10000
	sasl.login.retry.backoff.ms = 100
	sasl.mechanism = GSSAPI
	sasl.oauthbearer.clock.skew.seconds = 30
	sasl.oauthbearer.expected.audience = null
	sasl.oauthbearer.expected.issuer = null
	sasl.oauthbearer.header.urlencode = false
	sasl.oauthbearer.jwks.endpoint.refresh.ms = 3600000
	sasl.oauthbearer.jwks.endpoint.retry.backoff.max.ms = 10000
	sasl.oauthbearer.jwks.endpoint.retry.backoff.ms = 100
	sasl.oauthbearer.jwks.endpoint.url = null
	sasl.oauthbearer.scope.claim.name = scope
	sasl.oauthbearer.sub.claim.name = sub
	sasl.oauthbearer.token.endpoint.url = null
	security.protocol = PLAINTEXT
	security.providers = null
	send.buffer.bytes = 131072
	socket.connection.setup.timeout.max.ms = 30000
	socket.connection.setup.timeout.ms = 10000
	ssl.cipher.suites = null
	ssl.enabled.protocols = [TLSv1.2, TLSv1.3]
	ssl.endpoint.identification.algorithm = https
	ssl.engine.factory.class = null
	ssl.key.password = null
	ssl.keymanager.algorithm = SunX509
	ssl.keystore.certificate.chain = null
	ssl.keystore.key = null
	ssl.keystore.location = null
	ssl.keystore.password = null
	ssl.keystore.type = JKS
	ssl.protocol = TLSv1.3
	ssl.provider = null
	ssl.secure.random.implementation = null
	ssl.trustmanager.algorithm = PKIX
	ssl.truststore.certificates = null
	ssl.truststore.location = null
	ssl.truststore.password = null
	ssl.truststore.type = JKS
	transaction.timeout.ms = 60000
	transactional.id = null
	value.serializer = class io.apicurio.registry.serde.avro.AvroKafkaSerializer

2025-08-06 18:54:39,406 INFO  [org.apa.kaf.com.tel.int.KafkaMetricsCollector] (main) initializing Kafka metrics collector
2025-08-06 18:54:39,409 INFO  [org.apa.kaf.cli.pro.KafkaProducer] (main) [Producer clientId=Producer-topic-6add7e88_83a1_4c95_9305_a89fa2fe5f56] Instantiated an idempotent producer.
2025-08-06 18:54:39,411 INFO  [org.apa.kaf.cli.pro.ProducerConfig] (main) These configurations '[apicurio.registry.url, apicurio.registry.artifact-resolver-strategy]' were supplied but are not used yet.
2025-08-06 18:54:39,411 INFO  [org.apa.kaf.com.uti.AppInfoParser] (main) Kafka version: 3.9.1
2025-08-06 18:54:39,411 INFO  [org.apa.kaf.com.uti.AppInfoParser] (main) Kafka commitId: f745dfdcee2b9851
2025-08-06 18:54:39,411 INFO  [org.apa.kaf.com.uti.AppInfoParser] (main) Kafka startTimeMs: 1754506479411
2025-08-06 18:54:39,412 INFO  [io.api.tes.ser.api.KafkaSerdesTester] (Thread-676) Sending message {"key11754506472901": "value-0", "key21754506478185": "value-0"} to topic topic-6add7e88_83a1_4c95_9305_a89fa2fe5f56
2025-08-06 18:54:39,417 INFO  [org.apa.kaf.cli.Metadata] (kafka-producer-network-thread | Producer-topic-6add7e88_83a1_4c95_9305_a89fa2fe5f56) [Producer clientId=Producer-topic-6add7e88_83a1_4c95_9305_a89fa2fe5f56] Cluster ID: kF8Ua3WQTR-RR3LzMUds4A
2025-08-06 18:54:39,417 INFO  [org.apa.kaf.cli.pro.int.TransactionManager] (kafka-producer-network-thread | Producer-topic-6add7e88_83a1_4c95_9305_a89fa2fe5f56) [Producer clientId=Producer-topic-6add7e88_83a1_4c95_9305_a89fa2fe5f56] ProducerId set to 13 with epoch 0
2025-08-06 18:54:39,417 INFO  [DefaultSchemaResolver] (Thread-676) Retrieving schema content using string: {"type":"record","name":"s8f0884b1x70acx41dbx909ax08209bf89a8a","namespace":"ns_4d3bc967_e906_45b4_b5ed_554dbb75eb35","fields":[{"name":"key11754506472901","type":"string"},{"name":"key21754506478185","type":"string"}]}
2025-08-06 18:54:39,578 INFO  [io.api.tes.ser.api.KafkaSerdesTester] (Thread-676) Sending message {"key11754506472901": "value-1", "key21754506478185": "value-1"} to topic topic-6add7e88_83a1_4c95_9305_a89fa2fe5f56
2025-08-06 18:54:39,580 INFO  [io.api.tes.ser.api.KafkaSerdesTester] (Thread-676) Sending message {"key11754506472901": "value-2", "key21754506478185": "value-2"} to topic topic-6add7e88_83a1_4c95_9305_a89fa2fe5f56
2025-08-06 18:54:39,581 INFO  [io.api.tes.ser.api.KafkaSerdesTester] (Thread-676) Sending message {"key11754506472901": "value-3", "key21754506478185": "value-3"} to topic topic-6add7e88_83a1_4c95_9305_a89fa2fe5f56
2025-08-06 18:54:39,585 INFO  [io.api.tes.ser.api.KafkaSerdesTester] (Thread-676) Sending message {"key11754506472901": "value-4", "key21754506478185": "value-4"} to topic topic-6add7e88_83a1_4c95_9305_a89fa2fe5f56
2025-08-06 18:54:39,590 INFO  [io.api.tes.ser.api.KafkaSerdesTester] (Thread-676) Sending message {"key11754506472901": "value-5", "key21754506478185": "value-5"} to topic topic-6add7e88_83a1_4c95_9305_a89fa2fe5f56
2025-08-06 18:54:39,592 INFO  [io.api.tes.ser.api.KafkaSerdesTester] (Thread-676) Sending message {"key11754506472901": "value-6", "key21754506478185": "value-6"} to topic topic-6add7e88_83a1_4c95_9305_a89fa2fe5f56
2025-08-06 18:54:39,594 INFO  [io.api.tes.ser.api.KafkaSerdesTester] (Thread-676) Sending message {"key11754506472901": "value-7", "key21754506478185": "value-7"} to topic topic-6add7e88_83a1_4c95_9305_a89fa2fe5f56
2025-08-06 18:54:39,597 INFO  [io.api.tes.ser.api.KafkaSerdesTester] (Thread-676) Sending message {"key11754506472901": "value-8", "key21754506478185": "value-8"} to topic topic-6add7e88_83a1_4c95_9305_a89fa2fe5f56
2025-08-06 18:54:39,598 INFO  [io.api.tes.ser.api.KafkaSerdesTester] (Thread-676) Sending message {"key11754506472901": "value-9", "key21754506478185": "value-9"} to topic topic-6add7e88_83a1_4c95_9305_a89fa2fe5f56
2025-08-06 18:54:39,599 INFO  [io.api.tes.ser.api.KafkaSerdesTester] (Thread-676) Produced 10 messages
2025-08-06 18:54:39,600 INFO  [org.apa.kaf.cli.pro.KafkaProducer] (Thread-676) [Producer clientId=Producer-topic-6add7e88_83a1_4c95_9305_a89fa2fe5f56] Closing the Kafka producer with timeoutMillis = 9223372036854775807 ms.
2025-08-06 18:54:39,603 INFO  [org.apa.kaf.com.met.Metrics] (Thread-676) Metrics scheduler closed
2025-08-06 18:54:39,603 INFO  [org.apa.kaf.com.met.Metrics] (Thread-676) Closing reporter org.apache.kafka.common.metrics.JmxReporter
2025-08-06 18:54:39,603 INFO  [org.apa.kaf.com.met.Metrics] (Thread-676) Closing reporter org.apache.kafka.common.telemetry.internals.ClientTelemetryReporter
2025-08-06 18:54:39,603 INFO  [org.apa.kaf.com.met.Metrics] (Thread-676) Metrics reporters closed
2025-08-06 18:54:39,604 INFO  [org.apa.kaf.com.uti.AppInfoParser] (Thread-676) App info kafka.producer for Producer-topic-6add7e88_83a1_4c95_9305_a89fa2fe5f56 unregistered
**** Registry Base URL: http://registry-app-mysql.apps.ci419.apicurio-testing.org:80
2025-08-06 18:54:39,604 INFO  [org.apa.kaf.cli.pro.ProducerConfig] (main) ProducerConfig values: 
	acks = -1
	auto.include.jmx.reporter = true
	batch.size = 16384
	bootstrap.servers = [PLAINTEXT://localhost:32769]
	buffer.memory = 33554432
	client.dns.lookup = use_all_dns_ips
	client.id = Producer-topic-6add7e88_83a1_4c95_9305_a89fa2fe5f56
	compression.gzip.level = -1
	compression.lz4.level = 9
	compression.type = none
	compression.zstd.level = 3
	connections.max.idle.ms = 10000
	delivery.timeout.ms = 120000
	enable.idempotence = true
	enable.metrics.push = true
	interceptor.classes = []
	key.serializer = class org.apache.kafka.common.serialization.StringSerializer
	linger.ms = 0
	max.block.ms = 60000
	max.in.flight.requests.per.connection = 5
	max.request.size = 1048576
	metadata.max.age.ms = 300000
	metadata.max.idle.ms = 300000
	metadata.recovery.strategy = none
	metric.reporters = []
	metrics.num.samples = 2
	metrics.recording.level = INFO
	metrics.sample.window.ms = 30000
	partitioner.adaptive.partitioning.enable = true
	partitioner.availability.timeout.ms = 0
	partitioner.class = null
	partitioner.ignore.keys = false
	receive.buffer.bytes = 32768
	reconnect.backoff.max.ms = 1000
	reconnect.backoff.ms = 50
	request.timeout.ms = 5000
	retries = 2147483647
	retry.backoff.max.ms = 1000
	retry.backoff.ms = 100
	sasl.client.callback.handler.class = null
	sasl.jaas.config = null
	sasl.kerberos.kinit.cmd = /usr/bin/kinit
	sasl.kerberos.min.time.before.relogin = 60000
	sasl.kerberos.service.name = null
	sasl.kerberos.ticket.renew.jitter = 0.05
	sasl.kerberos.ticket.renew.window.factor = 0.8
	sasl.login.callback.handler.class = null
	sasl.login.class = null
	sasl.login.connect.timeout.ms = null
	sasl.login.read.timeout.ms = null
	sasl.login.refresh.buffer.seconds = 300
	sasl.login.refresh.min.period.seconds = 60
	sasl.login.refresh.window.factor = 0.8
	sasl.login.refresh.window.jitter = 0.05
	sasl.login.retry.backoff.max.ms = 10000
	sasl.login.retry.backoff.ms = 100
	sasl.mechanism = GSSAPI
	sasl.oauthbearer.clock.skew.seconds = 30
	sasl.oauthbearer.expected.audience = null
	sasl.oauthbearer.expected.issuer = null
	sasl.oauthbearer.header.urlencode = false
	sasl.oauthbearer.jwks.endpoint.refresh.ms = 3600000
	sasl.oauthbearer.jwks.endpoint.retry.backoff.max.ms = 10000
	sasl.oauthbearer.jwks.endpoint.retry.backoff.ms = 100
	sasl.oauthbearer.jwks.endpoint.url = null
	sasl.oauthbearer.scope.claim.name = scope
	sasl.oauthbearer.sub.claim.name = sub
	sasl.oauthbearer.token.endpoint.url = null
	security.protocol = PLAINTEXT
	security.providers = null
	send.buffer.bytes = 131072
	socket.connection.setup.timeout.max.ms = 30000
	socket.connection.setup.timeout.ms = 10000
	ssl.cipher.suites = null
	ssl.enabled.protocols = [TLSv1.2, TLSv1.3]
	ssl.endpoint.identification.algorithm = https
	ssl.engine.factory.class = null
	ssl.key.password = null
	ssl.keymanager.algorithm = SunX509
	ssl.keystore.certificate.chain = null
	ssl.keystore.key = null
	ssl.keystore.location = null
	ssl.keystore.password = null
	ssl.keystore.type = JKS
	ssl.protocol = TLSv1.3
	ssl.provider = null
	ssl.secure.random.implementation = null
	ssl.trustmanager.algorithm = PKIX
	ssl.truststore.certificates = null
	ssl.truststore.location = null
	ssl.truststore.password = null
	ssl.truststore.type = JKS
	transaction.timeout.ms = 60000
	transactional.id = null
	value.serializer = class io.apicurio.registry.serde.avro.AvroKafkaSerializer

2025-08-06 18:54:39,605 INFO  [org.apa.kaf.com.tel.int.KafkaMetricsCollector] (main) initializing Kafka metrics collector
2025-08-06 18:54:39,611 INFO  [org.apa.kaf.cli.pro.KafkaProducer] (main) [Producer clientId=Producer-topic-6add7e88_83a1_4c95_9305_a89fa2fe5f56] Instantiated an idempotent producer.
2025-08-06 18:54:39,613 INFO  [org.apa.kaf.cli.pro.ProducerConfig] (main) These configurations '[apicurio.registry.url, apicurio.registry.artifact-resolver-strategy]' were supplied but are not used yet.
2025-08-06 18:54:39,613 INFO  [org.apa.kaf.com.uti.AppInfoParser] (main) Kafka version: 3.9.1
2025-08-06 18:54:39,613 INFO  [org.apa.kaf.com.uti.AppInfoParser] (main) Kafka commitId: f745dfdcee2b9851
2025-08-06 18:54:39,613 INFO  [org.apa.kaf.com.uti.AppInfoParser] (main) Kafka startTimeMs: 1754506479613
2025-08-06 18:54:39,613 INFO  [io.api.tes.ser.api.KafkaSerdesTester] (Thread-679) Sending message {"key11754506472901": "value-0"} to topic topic-6add7e88_83a1_4c95_9305_a89fa2fe5f56
2025-08-06 18:54:39,617 INFO  [org.apa.kaf.cli.Metadata] (kafka-producer-network-thread | Producer-topic-6add7e88_83a1_4c95_9305_a89fa2fe5f56) [Producer clientId=Producer-topic-6add7e88_83a1_4c95_9305_a89fa2fe5f56] Cluster ID: kF8Ua3WQTR-RR3LzMUds4A
2025-08-06 18:54:39,617 INFO  [org.apa.kaf.cli.pro.int.TransactionManager] (kafka-producer-network-thread | Producer-topic-6add7e88_83a1_4c95_9305_a89fa2fe5f56) [Producer clientId=Producer-topic-6add7e88_83a1_4c95_9305_a89fa2fe5f56] ProducerId set to 14 with epoch 0
2025-08-06 18:54:39,617 INFO  [DefaultSchemaResolver] (Thread-679) Retrieving schema content using string: {"type":"record","name":"s8f0884b1x70acx41dbx909ax08209bf89a8a","namespace":"ns_4d3bc967_e906_45b4_b5ed_554dbb75eb35","fields":[{"name":"key11754506472901","type":"string"}]}
2025-08-06 18:54:39,782 INFO  [io.api.tes.ser.api.KafkaSerdesTester] (Thread-679) Sending message {"key11754506472901": "value-1"} to topic topic-6add7e88_83a1_4c95_9305_a89fa2fe5f56
2025-08-06 18:54:39,784 INFO  [io.api.tes.ser.api.KafkaSerdesTester] (Thread-679) Sending message {"key11754506472901": "value-2"} to topic topic-6add7e88_83a1_4c95_9305_a89fa2fe5f56
2025-08-06 18:54:39,786 INFO  [io.api.tes.ser.api.KafkaSerdesTester] (Thread-679) Sending message {"key11754506472901": "value-3"} to topic topic-6add7e88_83a1_4c95_9305_a89fa2fe5f56
2025-08-06 18:54:39,787 INFO  [io.api.tes.ser.api.KafkaSerdesTester] (Thread-679) Sending message {"key11754506472901": "value-4"} to topic topic-6add7e88_83a1_4c95_9305_a89fa2fe5f56
2025-08-06 18:54:39,789 INFO  [io.api.tes.ser.api.KafkaSerdesTester] (Thread-679) Sending message {"key11754506472901": "value-5"} to topic topic-6add7e88_83a1_4c95_9305_a89fa2fe5f56
2025-08-06 18:54:39,790 INFO  [io.api.tes.ser.api.KafkaSerdesTester] (Thread-679) Sending message {"key11754506472901": "value-6"} to topic topic-6add7e88_83a1_4c95_9305_a89fa2fe5f56
2025-08-06 18:54:39,791 INFO  [io.api.tes.ser.api.KafkaSerdesTester] (Thread-679) Sending message {"key11754506472901": "value-7"} to topic topic-6add7e88_83a1_4c95_9305_a89fa2fe5f56
2025-08-06 18:54:39,793 INFO  [io.api.tes.ser.api.KafkaSerdesTester] (Thread-679) Sending message {"key11754506472901": "value-8"} to topic topic-6add7e88_83a1_4c95_9305_a89fa2fe5f56
2025-08-06 18:54:39,794 INFO  [io.api.tes.ser.api.KafkaSerdesTester] (Thread-679) Sending message {"key11754506472901": "value-9"} to topic topic-6add7e88_83a1_4c95_9305_a89fa2fe5f56
2025-08-06 18:54:39,796 INFO  [io.api.tes.ser.api.KafkaSerdesTester] (Thread-679) Produced 10 messages
2025-08-06 18:54:39,796 INFO  [org.apa.kaf.cli.pro.KafkaProducer] (Thread-679) [Producer clientId=Producer-topic-6add7e88_83a1_4c95_9305_a89fa2fe5f56] Closing the Kafka producer with timeoutMillis = 9223372036854775807 ms.
2025-08-06 18:54:39,797 INFO  [org.apa.kaf.com.met.Metrics] (Thread-679) Metrics scheduler closed
2025-08-06 18:54:39,797 INFO  [org.apa.kaf.com.met.Metrics] (Thread-679) Closing reporter org.apache.kafka.common.metrics.JmxReporter
2025-08-06 18:54:39,797 INFO  [org.apa.kaf.com.met.Metrics] (Thread-679) Closing reporter org.apache.kafka.common.telemetry.internals.ClientTelemetryReporter
2025-08-06 18:54:39,797 INFO  [org.apa.kaf.com.met.Metrics] (Thread-679) Metrics reporters closed
2025-08-06 18:54:39,798 INFO  [org.apa.kaf.com.uti.AppInfoParser] (Thread-679) App info kafka.producer for Producer-topic-6add7e88_83a1_4c95_9305_a89fa2fe5f56 unregistered
**** Registry Base URL: http://registry-app-mysql.apps.ci419.apicurio-testing.org:80
2025-08-06 18:54:39,799 INFO  [org.apa.kaf.cli.con.ConsumerConfig] (main) ConsumerConfig values: 
	allow.auto.create.topics = true
	auto.commit.interval.ms = 500
	auto.include.jmx.reporter = true
	auto.offset.reset = earliest
	bootstrap.servers = [PLAINTEXT://localhost:32769]
	check.crcs = true
	client.dns.lookup = use_all_dns_ips
	client.id = consumer-Consumer-topic-6add7e88_83a1_4c95_9305_a89fa2fe5f56-11
	client.rack = 
	connections.max.idle.ms = 10000
	default.api.timeout.ms = 60000
	enable.auto.commit = true
	enable.metrics.push = true
	exclude.internal.topics = true
	fetch.max.bytes = 52428800
	fetch.max.wait.ms = 500
	fetch.min.bytes = 1
	group.id = Consumer-topic-6add7e88_83a1_4c95_9305_a89fa2fe5f56
	group.instance.id = null
	group.protocol = classic
	group.remote.assignor = null
	heartbeat.interval.ms = 3000
	interceptor.classes = []
	internal.leave.group.on.close = true
	internal.throw.on.fetch.stable.offset.unsupported = false
	isolation.level = read_uncommitted
	key.deserializer = class org.apache.kafka.common.serialization.StringDeserializer
	max.partition.fetch.bytes = 1048576
	max.poll.interval.ms = 300000
	max.poll.records = 500
	metadata.max.age.ms = 300000
	metadata.recovery.strategy = none
	metric.reporters = []
	metrics.num.samples = 2
	metrics.recording.level = INFO
	metrics.sample.window.ms = 30000
	partition.assignment.strategy = [class org.apache.kafka.clients.consumer.RangeAssignor, class org.apache.kafka.clients.consumer.CooperativeStickyAssignor]
	receive.buffer.bytes = 65536
	reconnect.backoff.max.ms = 1000
	reconnect.backoff.ms = 50
	request.timeout.ms = 5000
	retry.backoff.max.ms = 1000
	retry.backoff.ms = 100
	sasl.client.callback.handler.class = null
	sasl.jaas.config = null
	sasl.kerberos.kinit.cmd = /usr/bin/kinit
	sasl.kerberos.min.time.before.relogin = 60000
	sasl.kerberos.service.name = null
	sasl.kerberos.ticket.renew.jitter = 0.05
	sasl.kerberos.ticket.renew.window.factor = 0.8
	sasl.login.callback.handler.class = null
	sasl.login.class = null
	sasl.login.connect.timeout.ms = null
	sasl.login.read.timeout.ms = null
	sasl.login.refresh.buffer.seconds = 300
	sasl.login.refresh.min.period.seconds = 60
	sasl.login.refresh.window.factor = 0.8
	sasl.login.refresh.window.jitter = 0.05
	sasl.login.retry.backoff.max.ms = 10000
	sasl.login.retry.backoff.ms = 100
	sasl.mechanism = GSSAPI
	sasl.oauthbearer.clock.skew.seconds = 30
	sasl.oauthbearer.expected.audience = null
	sasl.oauthbearer.expected.issuer = null
	sasl.oauthbearer.header.urlencode = false
	sasl.oauthbearer.jwks.endpoint.refresh.ms = 3600000
	sasl.oauthbearer.jwks.endpoint.retry.backoff.max.ms = 10000
	sasl.oauthbearer.jwks.endpoint.retry.backoff.ms = 100
	sasl.oauthbearer.jwks.endpoint.url = null
	sasl.oauthbearer.scope.claim.name = scope
	sasl.oauthbearer.sub.claim.name = sub
	sasl.oauthbearer.token.endpoint.url = null
	security.protocol = PLAINTEXT
	security.providers = null
	send.buffer.bytes = 131072
	session.timeout.ms = 45000
	socket.connection.setup.timeout.max.ms = 30000
	socket.connection.setup.timeout.ms = 10000
	ssl.cipher.suites = null
	ssl.enabled.protocols = [TLSv1.2, TLSv1.3]
	ssl.endpoint.identification.algorithm = https
	ssl.engine.factory.class = null
	ssl.key.password = null
	ssl.keymanager.algorithm = SunX509
	ssl.keystore.certificate.chain = null
	ssl.keystore.key = null
	ssl.keystore.location = null
	ssl.keystore.password = null
	ssl.keystore.type = JKS
	ssl.protocol = TLSv1.3
	ssl.provider = null
	ssl.secure.random.implementation = null
	ssl.trustmanager.algorithm = PKIX
	ssl.truststore.certificates = null
	ssl.truststore.location = null
	ssl.truststore.password = null
	ssl.truststore.type = JKS
	value.deserializer = class io.apicurio.registry.serde.avro.AvroKafkaDeserializer

2025-08-06 18:54:39,799 INFO  [org.apa.kaf.com.tel.int.KafkaMetricsCollector] (main) initializing Kafka metrics collector
2025-08-06 18:54:39,807 INFO  [org.apa.kaf.cli.con.ConsumerConfig] (main) These configurations '[apicurio.registry.url]' were supplied but are not used yet.
2025-08-06 18:54:39,807 INFO  [org.apa.kaf.com.uti.AppInfoParser] (main) Kafka version: 3.9.1
2025-08-06 18:54:39,807 INFO  [org.apa.kaf.com.uti.AppInfoParser] (main) Kafka commitId: f745dfdcee2b9851
2025-08-06 18:54:39,807 INFO  [org.apa.kaf.com.uti.AppInfoParser] (main) Kafka startTimeMs: 1754506479807
2025-08-06 18:54:39,807 INFO  [org.apa.kaf.cli.con.int.ClassicKafkaConsumer] (Thread-682) [Consumer clientId=consumer-Consumer-topic-6add7e88_83a1_4c95_9305_a89fa2fe5f56-11, groupId=Consumer-topic-6add7e88_83a1_4c95_9305_a89fa2fe5f56] Subscribed to topic(s): topic-6add7e88_83a1_4c95_9305_a89fa2fe5f56
2025-08-06 18:54:39,811 INFO  [org.apa.kaf.cli.Metadata] (Thread-682) [Consumer clientId=consumer-Consumer-topic-6add7e88_83a1_4c95_9305_a89fa2fe5f56-11, groupId=Consumer-topic-6add7e88_83a1_4c95_9305_a89fa2fe5f56] Cluster ID: kF8Ua3WQTR-RR3LzMUds4A
2025-08-06 18:54:39,812 INFO  [org.apa.kaf.cli.con.int.ConsumerCoordinator] (Thread-682) [Consumer clientId=consumer-Consumer-topic-6add7e88_83a1_4c95_9305_a89fa2fe5f56-11, groupId=Consumer-topic-6add7e88_83a1_4c95_9305_a89fa2fe5f56] Discovered group coordinator localhost:32769 (id: 2147483647 rack: null)
2025-08-06 18:54:39,813 INFO  [org.apa.kaf.cli.con.int.ConsumerCoordinator] (Thread-682) [Consumer clientId=consumer-Consumer-topic-6add7e88_83a1_4c95_9305_a89fa2fe5f56-11, groupId=Consumer-topic-6add7e88_83a1_4c95_9305_a89fa2fe5f56] (Re-)joining group
2025-08-06 18:54:39,815 INFO  [org.apa.kaf.cli.con.int.ConsumerCoordinator] (Thread-682) [Consumer clientId=consumer-Consumer-topic-6add7e88_83a1_4c95_9305_a89fa2fe5f56-11, groupId=Consumer-topic-6add7e88_83a1_4c95_9305_a89fa2fe5f56] Request joining group due to: need to re-join with the given member-id: consumer-Consumer-topic-6add7e88_83a1_4c95_9305_a89fa2fe5f56-11-9d67687e-e902-4c19-80d6-d59b00fbd7a1
2025-08-06 18:54:39,815 INFO  [org.apa.kaf.cli.con.int.ConsumerCoordinator] (Thread-682) [Consumer clientId=consumer-Consumer-topic-6add7e88_83a1_4c95_9305_a89fa2fe5f56-11, groupId=Consumer-topic-6add7e88_83a1_4c95_9305_a89fa2fe5f56] (Re-)joining group
2025-08-06 18:54:40,807 INFO  [io.api.tes.ser.api.KafkaSerdesTester] (Thread-682) None found
2025-08-06 18:54:41,807 INFO  [io.api.tes.ser.api.KafkaSerdesTester] (Thread-682) None found
2025-08-06 18:54:42,808 INFO  [io.api.tes.ser.api.KafkaSerdesTester] (Thread-682) None found
2025-08-06 18:54:42,817 INFO  [org.apa.kaf.cli.con.int.ConsumerCoordinator] (Thread-682) [Consumer clientId=consumer-Consumer-topic-6add7e88_83a1_4c95_9305_a89fa2fe5f56-11, groupId=Consumer-topic-6add7e88_83a1_4c95_9305_a89fa2fe5f56] Successfully joined group with generation Generation{generationId=3, memberId='consumer-Consumer-topic-6add7e88_83a1_4c95_9305_a89fa2fe5f56-11-9d67687e-e902-4c19-80d6-d59b00fbd7a1', protocol='range'}
2025-08-06 18:54:42,817 INFO  [org.apa.kaf.cli.con.int.ConsumerCoordinator] (Thread-682) [Consumer clientId=consumer-Consumer-topic-6add7e88_83a1_4c95_9305_a89fa2fe5f56-11, groupId=Consumer-topic-6add7e88_83a1_4c95_9305_a89fa2fe5f56] Finished assignment for group at generation 3: {consumer-Consumer-topic-6add7e88_83a1_4c95_9305_a89fa2fe5f56-11-9d67687e-e902-4c19-80d6-d59b00fbd7a1=Assignment(partitions=[topic-6add7e88_83a1_4c95_9305_a89fa2fe5f56-0])}
2025-08-06 18:54:42,824 INFO  [org.apa.kaf.cli.con.int.ConsumerCoordinator] (Thread-682) [Consumer clientId=consumer-Consumer-topic-6add7e88_83a1_4c95_9305_a89fa2fe5f56-11, groupId=Consumer-topic-6add7e88_83a1_4c95_9305_a89fa2fe5f56] Successfully synced group in generation Generation{generationId=3, memberId='consumer-Consumer-topic-6add7e88_83a1_4c95_9305_a89fa2fe5f56-11-9d67687e-e902-4c19-80d6-d59b00fbd7a1', protocol='range'}
2025-08-06 18:54:42,824 INFO  [org.apa.kaf.cli.con.int.ConsumerCoordinator] (Thread-682) [Consumer clientId=consumer-Consumer-topic-6add7e88_83a1_4c95_9305_a89fa2fe5f56-11, groupId=Consumer-topic-6add7e88_83a1_4c95_9305_a89fa2fe5f56] Notifying assignor about the new Assignment(partitions=[topic-6add7e88_83a1_4c95_9305_a89fa2fe5f56-0])
2025-08-06 18:54:42,824 INFO  [org.apa.kaf.cli.con.int.ConsumerRebalanceListenerInvoker] (Thread-682) [Consumer clientId=consumer-Consumer-topic-6add7e88_83a1_4c95_9305_a89fa2fe5f56-11, groupId=Consumer-topic-6add7e88_83a1_4c95_9305_a89fa2fe5f56] Adding newly assigned partitions: topic-6add7e88_83a1_4c95_9305_a89fa2fe5f56-0
2025-08-06 18:54:42,826 INFO  [org.apa.kaf.cli.con.int.ConsumerUtils] (Thread-682) Setting offset for partition topic-6add7e88_83a1_4c95_9305_a89fa2fe5f56-0 to the committed offset FetchPosition{offset=10, offsetEpoch=Optional[0], currentLeader=LeaderAndEpoch{leader=Optional[localhost:32769 (id: 0 rack: null)], epoch=0}}
2025-08-06 18:54:43,245 INFO  [io.api.tes.ser.api.KafkaSerdesTester] (Thread-682) topic-6add7e88_83a1_4c95_9305_a89fa2fe5f56 0 10 {"key11754506472901": "value-0", "key21754506478185": "value-0"}
2025-08-06 18:54:43,245 INFO  [io.api.tes.ser.api.KafkaSerdesTester] (Thread-682) topic-6add7e88_83a1_4c95_9305_a89fa2fe5f56 0 11 {"key11754506472901": "value-1", "key21754506478185": "value-1"}
2025-08-06 18:54:43,245 INFO  [io.api.tes.ser.api.KafkaSerdesTester] (Thread-682) topic-6add7e88_83a1_4c95_9305_a89fa2fe5f56 0 12 {"key11754506472901": "value-2", "key21754506478185": "value-2"}
2025-08-06 18:54:43,245 INFO  [io.api.tes.ser.api.KafkaSerdesTester] (Thread-682) topic-6add7e88_83a1_4c95_9305_a89fa2fe5f56 0 13 {"key11754506472901": "value-3", "key21754506478185": "value-3"}
2025-08-06 18:54:43,245 INFO  [io.api.tes.ser.api.KafkaSerdesTester] (Thread-682) topic-6add7e88_83a1_4c95_9305_a89fa2fe5f56 0 14 {"key11754506472901": "value-4", "key21754506478185": "value-4"}
2025-08-06 18:54:43,245 INFO  [io.api.tes.ser.api.KafkaSerdesTester] (Thread-682) topic-6add7e88_83a1_4c95_9305_a89fa2fe5f56 0 15 {"key11754506472901": "value-5", "key21754506478185": "value-5"}
2025-08-06 18:54:43,245 INFO  [io.api.tes.ser.api.KafkaSerdesTester] (Thread-682) topic-6add7e88_83a1_4c95_9305_a89fa2fe5f56 0 16 {"key11754506472901": "value-6", "key21754506478185": "value-6"}
2025-08-06 18:54:43,245 INFO  [io.api.tes.ser.api.KafkaSerdesTester] (Thread-682) topic-6add7e88_83a1_4c95_9305_a89fa2fe5f56 0 17 {"key11754506472901": "value-7", "key21754506478185": "value-7"}
2025-08-06 18:54:43,245 INFO  [io.api.tes.ser.api.KafkaSerdesTester] (Thread-682) topic-6add7e88_83a1_4c95_9305_a89fa2fe5f56 0 18 {"key11754506472901": "value-8", "key21754506478185": "value-8"}
2025-08-06 18:54:43,245 INFO  [io.api.tes.ser.api.KafkaSerdesTester] (Thread-682) topic-6add7e88_83a1_4c95_9305_a89fa2fe5f56 0 19 {"key11754506472901": "value-9", "key21754506478185": "value-9"}
2025-08-06 18:54:43,245 INFO  [io.api.tes.ser.api.KafkaSerdesTester] (Thread-682) topic-6add7e88_83a1_4c95_9305_a89fa2fe5f56 0 20 {"key11754506472901": "value-0"}
2025-08-06 18:54:43,245 INFO  [io.api.tes.ser.api.KafkaSerdesTester] (Thread-682) topic-6add7e88_83a1_4c95_9305_a89fa2fe5f56 0 21 {"key11754506472901": "value-1"}
2025-08-06 18:54:43,245 INFO  [io.api.tes.ser.api.KafkaSerdesTester] (Thread-682) topic-6add7e88_83a1_4c95_9305_a89fa2fe5f56 0 22 {"key11754506472901": "value-2"}
2025-08-06 18:54:43,245 INFO  [io.api.tes.ser.api.KafkaSerdesTester] (Thread-682) topic-6add7e88_83a1_4c95_9305_a89fa2fe5f56 0 23 {"key11754506472901": "value-3"}
2025-08-06 18:54:43,245 INFO  [io.api.tes.ser.api.KafkaSerdesTester] (Thread-682) topic-6add7e88_83a1_4c95_9305_a89fa2fe5f56 0 24 {"key11754506472901": "value-4"}
2025-08-06 18:54:43,246 INFO  [io.api.tes.ser.api.KafkaSerdesTester] (Thread-682) topic-6add7e88_83a1_4c95_9305_a89fa2fe5f56 0 25 {"key11754506472901": "value-5"}
2025-08-06 18:54:43,246 INFO  [io.api.tes.ser.api.KafkaSerdesTester] (Thread-682) topic-6add7e88_83a1_4c95_9305_a89fa2fe5f56 0 26 {"key11754506472901": "value-6"}
2025-08-06 18:54:43,246 INFO  [io.api.tes.ser.api.KafkaSerdesTester] (Thread-682) topic-6add7e88_83a1_4c95_9305_a89fa2fe5f56 0 27 {"key11754506472901": "value-7"}
2025-08-06 18:54:43,246 INFO  [io.api.tes.ser.api.KafkaSerdesTester] (Thread-682) topic-6add7e88_83a1_4c95_9305_a89fa2fe5f56 0 28 {"key11754506472901": "value-8"}
2025-08-06 18:54:43,246 INFO  [io.api.tes.ser.api.KafkaSerdesTester] (Thread-682) topic-6add7e88_83a1_4c95_9305_a89fa2fe5f56 0 29 {"key11754506472901": "value-9"}
2025-08-06 18:54:43,246 INFO  [io.api.tes.ser.api.KafkaSerdesTester] (Thread-682) Consumed 20 messages
2025-08-06 18:54:43,253 INFO  [org.apa.kaf.cli.con.int.ConsumerRebalanceListenerInvoker] (Thread-682) [Consumer clientId=consumer-Consumer-topic-6add7e88_83a1_4c95_9305_a89fa2fe5f56-11, groupId=Consumer-topic-6add7e88_83a1_4c95_9305_a89fa2fe5f56] Revoke previously assigned partitions topic-6add7e88_83a1_4c95_9305_a89fa2fe5f56-0
2025-08-06 18:54:43,253 INFO  [org.apa.kaf.cli.con.int.ConsumerCoordinator] (Thread-682) [Consumer clientId=consumer-Consumer-topic-6add7e88_83a1_4c95_9305_a89fa2fe5f56-11, groupId=Consumer-topic-6add7e88_83a1_4c95_9305_a89fa2fe5f56] Member consumer-Consumer-topic-6add7e88_83a1_4c95_9305_a89fa2fe5f56-11-9d67687e-e902-4c19-80d6-d59b00fbd7a1 sending LeaveGroup request to coordinator localhost:32769 (id: 2147483647 rack: null) due to the consumer is being closed
2025-08-06 18:54:43,253 INFO  [org.apa.kaf.cli.con.int.ConsumerCoordinator] (Thread-682) [Consumer clientId=consumer-Consumer-topic-6add7e88_83a1_4c95_9305_a89fa2fe5f56-11, groupId=Consumer-topic-6add7e88_83a1_4c95_9305_a89fa2fe5f56] Resetting generation and member id due to: consumer pro-actively leaving the group
2025-08-06 18:54:43,253 INFO  [org.apa.kaf.cli.con.int.ConsumerCoordinator] (Thread-682) [Consumer clientId=consumer-Consumer-topic-6add7e88_83a1_4c95_9305_a89fa2fe5f56-11, groupId=Consumer-topic-6add7e88_83a1_4c95_9305_a89fa2fe5f56] Request joining group due to: consumer pro-actively leaving the group
2025-08-06 18:54:43,747 INFO  [org.apa.kaf.com.met.Metrics] (Thread-682) Metrics scheduler closed
2025-08-06 18:54:43,747 INFO  [org.apa.kaf.com.met.Metrics] (Thread-682) Closing reporter org.apache.kafka.common.metrics.JmxReporter
2025-08-06 18:54:43,747 INFO  [org.apa.kaf.com.met.Metrics] (Thread-682) Closing reporter org.apache.kafka.common.telemetry.internals.ClientTelemetryReporter
2025-08-06 18:54:43,747 INFO  [org.apa.kaf.com.met.Metrics] (Thread-682) Metrics reporters closed
2025-08-06 18:54:43,751 INFO  [org.apa.kaf.com.uti.AppInfoParser] (Thread-682) App info kafka.consumer for consumer-Consumer-topic-6add7e88_83a1_4c95_9305_a89fa2fe5f56-11 unregistered
2025-08-06 18:54:43,753 INFO  [io.api.tes.ser.api.AvroSerdeIT] (main) Registering Avro Schema 3: {"type":"record","name":"s8f0884b1x70acx41dbx909ax08209bf89a8a","namespace":"ns_4d3bc967_e906_45b4_b5ed_554dbb75eb35","fields":[{"name":"key11754506472901","type":"string"},{"name":"key21754506478185","type":"string"},{"name":"key31754506483751","type":"string"}]}
**** Registry Base URL: http://registry-app-mysql.apps.ci419.apicurio-testing.org:80
2025-08-06 18:54:44,977 INFO  [org.apa.kaf.cli.pro.ProducerConfig] (main) ProducerConfig values: 
	acks = -1
	auto.include.jmx.reporter = true
	batch.size = 16384
	bootstrap.servers = [PLAINTEXT://localhost:32769]
	buffer.memory = 33554432
	client.dns.lookup = use_all_dns_ips
	client.id = Producer-topic-6add7e88_83a1_4c95_9305_a89fa2fe5f56
	compression.gzip.level = -1
	compression.lz4.level = 9
	compression.type = none
	compression.zstd.level = 3
	connections.max.idle.ms = 10000
	delivery.timeout.ms = 120000
	enable.idempotence = true
	enable.metrics.push = true
	interceptor.classes = []
	key.serializer = class org.apache.kafka.common.serialization.StringSerializer
	linger.ms = 0
	max.block.ms = 60000
	max.in.flight.requests.per.connection = 5
	max.request.size = 1048576
	metadata.max.age.ms = 300000
	metadata.max.idle.ms = 300000
	metadata.recovery.strategy = none
	metric.reporters = []
	metrics.num.samples = 2
	metrics.recording.level = INFO
	metrics.sample.window.ms = 30000
	partitioner.adaptive.partitioning.enable = true
	partitioner.availability.timeout.ms = 0
	partitioner.class = null
	partitioner.ignore.keys = false
	receive.buffer.bytes = 32768
	reconnect.backoff.max.ms = 1000
	reconnect.backoff.ms = 50
	request.timeout.ms = 5000
	retries = 2147483647
	retry.backoff.max.ms = 1000
	retry.backoff.ms = 100
	sasl.client.callback.handler.class = null
	sasl.jaas.config = null
	sasl.kerberos.kinit.cmd = /usr/bin/kinit
	sasl.kerberos.min.time.before.relogin = 60000
	sasl.kerberos.service.name = null
	sasl.kerberos.ticket.renew.jitter = 0.05
	sasl.kerberos.ticket.renew.window.factor = 0.8
	sasl.login.callback.handler.class = null
	sasl.login.class = null
	sasl.login.connect.timeout.ms = null
	sasl.login.read.timeout.ms = null
	sasl.login.refresh.buffer.seconds = 300
	sasl.login.refresh.min.period.seconds = 60
	sasl.login.refresh.window.factor = 0.8
	sasl.login.refresh.window.jitter = 0.05
	sasl.login.retry.backoff.max.ms = 10000
	sasl.login.retry.backoff.ms = 100
	sasl.mechanism = GSSAPI
	sasl.oauthbearer.clock.skew.seconds = 30
	sasl.oauthbearer.expected.audience = null
	sasl.oauthbearer.expected.issuer = null
	sasl.oauthbearer.header.urlencode = false
	sasl.oauthbearer.jwks.endpoint.refresh.ms = 3600000
	sasl.oauthbearer.jwks.endpoint.retry.backoff.max.ms = 10000
	sasl.oauthbearer.jwks.endpoint.retry.backoff.ms = 100
	sasl.oauthbearer.jwks.endpoint.url = null
	sasl.oauthbearer.scope.claim.name = scope
	sasl.oauthbearer.sub.claim.name = sub
	sasl.oauthbearer.token.endpoint.url = null
	security.protocol = PLAINTEXT
	security.providers = null
	send.buffer.bytes = 131072
	socket.connection.setup.timeout.max.ms = 30000
	socket.connection.setup.timeout.ms = 10000
	ssl.cipher.suites = null
	ssl.enabled.protocols = [TLSv1.2, TLSv1.3]
	ssl.endpoint.identification.algorithm = https
	ssl.engine.factory.class = null
	ssl.key.password = null
	ssl.keymanager.algorithm = SunX509
	ssl.keystore.certificate.chain = null
	ssl.keystore.key = null
	ssl.keystore.location = null
	ssl.keystore.password = null
	ssl.keystore.type = JKS
	ssl.protocol = TLSv1.3
	ssl.provider = null
	ssl.secure.random.implementation = null
	ssl.trustmanager.algorithm = PKIX
	ssl.truststore.certificates = null
	ssl.truststore.location = null
	ssl.truststore.password = null
	ssl.truststore.type = JKS
	transaction.timeout.ms = 60000
	transactional.id = null
	value.serializer = class io.apicurio.registry.serde.avro.AvroKafkaSerializer

2025-08-06 18:54:44,978 INFO  [org.apa.kaf.com.tel.int.KafkaMetricsCollector] (main) initializing Kafka metrics collector
2025-08-06 18:54:44,982 INFO  [org.apa.kaf.cli.pro.KafkaProducer] (main) [Producer clientId=Producer-topic-6add7e88_83a1_4c95_9305_a89fa2fe5f56] Instantiated an idempotent producer.
2025-08-06 18:54:44,984 INFO  [org.apa.kaf.cli.pro.ProducerConfig] (main) These configurations '[apicurio.registry.url, apicurio.registry.artifact-resolver-strategy]' were supplied but are not used yet.
2025-08-06 18:54:44,985 INFO  [org.apa.kaf.com.uti.AppInfoParser] (main) Kafka version: 3.9.1
2025-08-06 18:54:44,985 INFO  [org.apa.kaf.com.uti.AppInfoParser] (main) Kafka commitId: f745dfdcee2b9851
2025-08-06 18:54:44,985 INFO  [org.apa.kaf.com.uti.AppInfoParser] (main) Kafka startTimeMs: 1754506484985
2025-08-06 18:54:44,986 INFO  [io.api.tes.ser.api.KafkaSerdesTester] (Thread-685) Sending message {"key11754506472901": "value-0", "key21754506478185": "value-0", "key31754506483751": "value-0"} to topic topic-6add7e88_83a1_4c95_9305_a89fa2fe5f56
2025-08-06 18:54:44,989 INFO  [org.apa.kaf.cli.Metadata] (kafka-producer-network-thread | Producer-topic-6add7e88_83a1_4c95_9305_a89fa2fe5f56) [Producer clientId=Producer-topic-6add7e88_83a1_4c95_9305_a89fa2fe5f56] Cluster ID: kF8Ua3WQTR-RR3LzMUds4A
2025-08-06 18:54:44,990 INFO  [org.apa.kaf.cli.pro.int.TransactionManager] (kafka-producer-network-thread | Producer-topic-6add7e88_83a1_4c95_9305_a89fa2fe5f56) [Producer clientId=Producer-topic-6add7e88_83a1_4c95_9305_a89fa2fe5f56] ProducerId set to 15 with epoch 0
2025-08-06 18:54:44,990 INFO  [DefaultSchemaResolver] (Thread-685) Retrieving schema content using string: {"type":"record","name":"s8f0884b1x70acx41dbx909ax08209bf89a8a","namespace":"ns_4d3bc967_e906_45b4_b5ed_554dbb75eb35","fields":[{"name":"key11754506472901","type":"string"},{"name":"key21754506478185","type":"string"},{"name":"key31754506483751","type":"string"}]}
2025-08-06 18:54:45,156 INFO  [io.api.tes.ser.api.KafkaSerdesTester] (Thread-685) Sending message {"key11754506472901": "value-1", "key21754506478185": "value-1", "key31754506483751": "value-1"} to topic topic-6add7e88_83a1_4c95_9305_a89fa2fe5f56
2025-08-06 18:54:45,159 INFO  [io.api.tes.ser.api.KafkaSerdesTester] (Thread-685) Sending message {"key11754506472901": "value-2", "key21754506478185": "value-2", "key31754506483751": "value-2"} to topic topic-6add7e88_83a1_4c95_9305_a89fa2fe5f56
2025-08-06 18:54:45,165 INFO  [io.api.tes.ser.api.KafkaSerdesTester] (Thread-685) Sending message {"key11754506472901": "value-3", "key21754506478185": "value-3", "key31754506483751": "value-3"} to topic topic-6add7e88_83a1_4c95_9305_a89fa2fe5f56
2025-08-06 18:54:45,168 INFO  [io.api.tes.ser.api.KafkaSerdesTester] (Thread-685) Sending message {"key11754506472901": "value-4", "key21754506478185": "value-4", "key31754506483751": "value-4"} to topic topic-6add7e88_83a1_4c95_9305_a89fa2fe5f56
2025-08-06 18:54:45,169 INFO  [io.api.tes.ser.api.KafkaSerdesTester] (Thread-685) Sending message {"key11754506472901": "value-5", "key21754506478185": "value-5", "key31754506483751": "value-5"} to topic topic-6add7e88_83a1_4c95_9305_a89fa2fe5f56
2025-08-06 18:54:45,173 INFO  [io.api.tes.ser.api.KafkaSerdesTester] (Thread-685) Sending message {"key11754506472901": "value-6", "key21754506478185": "value-6", "key31754506483751": "value-6"} to topic topic-6add7e88_83a1_4c95_9305_a89fa2fe5f56
2025-08-06 18:54:45,176 INFO  [io.api.tes.ser.api.KafkaSerdesTester] (Thread-685) Sending message {"key11754506472901": "value-7", "key21754506478185": "value-7", "key31754506483751": "value-7"} to topic topic-6add7e88_83a1_4c95_9305_a89fa2fe5f56
2025-08-06 18:54:45,178 INFO  [io.api.tes.ser.api.KafkaSerdesTester] (Thread-685) Sending message {"key11754506472901": "value-8", "key21754506478185": "value-8", "key31754506483751": "value-8"} to topic topic-6add7e88_83a1_4c95_9305_a89fa2fe5f56
2025-08-06 18:54:45,180 INFO  [io.api.tes.ser.api.KafkaSerdesTester] (Thread-685) Sending message {"key11754506472901": "value-9", "key21754506478185": "value-9", "key31754506483751": "value-9"} to topic topic-6add7e88_83a1_4c95_9305_a89fa2fe5f56
2025-08-06 18:54:45,182 INFO  [io.api.tes.ser.api.KafkaSerdesTester] (Thread-685) Produced 10 messages
2025-08-06 18:54:45,182 INFO  [org.apa.kaf.cli.pro.KafkaProducer] (Thread-685) [Producer clientId=Producer-topic-6add7e88_83a1_4c95_9305_a89fa2fe5f56] Closing the Kafka producer with timeoutMillis = 9223372036854775807 ms.
2025-08-06 18:54:45,185 INFO  [org.apa.kaf.com.met.Metrics] (Thread-685) Metrics scheduler closed
2025-08-06 18:54:45,185 INFO  [org.apa.kaf.com.met.Metrics] (Thread-685) Closing reporter org.apache.kafka.common.metrics.JmxReporter
2025-08-06 18:54:45,185 INFO  [org.apa.kaf.com.met.Metrics] (Thread-685) Closing reporter org.apache.kafka.common.telemetry.internals.ClientTelemetryReporter
2025-08-06 18:54:45,185 INFO  [org.apa.kaf.com.met.Metrics] (Thread-685) Metrics reporters closed
2025-08-06 18:54:45,185 INFO  [org.apa.kaf.com.uti.AppInfoParser] (Thread-685) App info kafka.producer for Producer-topic-6add7e88_83a1_4c95_9305_a89fa2fe5f56 unregistered
**** Registry Base URL: http://registry-app-mysql.apps.ci419.apicurio-testing.org:80
2025-08-06 18:54:45,186 INFO  [org.apa.kaf.cli.pro.ProducerConfig] (main) ProducerConfig values: 
	acks = -1
	auto.include.jmx.reporter = true
	batch.size = 16384
	bootstrap.servers = [PLAINTEXT://localhost:32769]
	buffer.memory = 33554432
	client.dns.lookup = use_all_dns_ips
	client.id = Producer-topic-6add7e88_83a1_4c95_9305_a89fa2fe5f56
	compression.gzip.level = -1
	compression.lz4.level = 9
	compression.type = none
	compression.zstd.level = 3
	connections.max.idle.ms = 10000
	delivery.timeout.ms = 120000
	enable.idempotence = true
	enable.metrics.push = true
	interceptor.classes = []
	key.serializer = class org.apache.kafka.common.serialization.StringSerializer
	linger.ms = 0
	max.block.ms = 60000
	max.in.flight.requests.per.connection = 5
	max.request.size = 1048576
	metadata.max.age.ms = 300000
	metadata.max.idle.ms = 300000
	metadata.recovery.strategy = none
	metric.reporters = []
	metrics.num.samples = 2
	metrics.recording.level = INFO
	metrics.sample.window.ms = 30000
	partitioner.adaptive.partitioning.enable = true
	partitioner.availability.timeout.ms = 0
	partitioner.class = null
	partitioner.ignore.keys = false
	receive.buffer.bytes = 32768
	reconnect.backoff.max.ms = 1000
	reconnect.backoff.ms = 50
	request.timeout.ms = 5000
	retries = 2147483647
	retry.backoff.max.ms = 1000
	retry.backoff.ms = 100
	sasl.client.callback.handler.class = null
	sasl.jaas.config = null
	sasl.kerberos.kinit.cmd = /usr/bin/kinit
	sasl.kerberos.min.time.before.relogin = 60000
	sasl.kerberos.service.name = null
	sasl.kerberos.ticket.renew.jitter = 0.05
	sasl.kerberos.ticket.renew.window.factor = 0.8
	sasl.login.callback.handler.class = null
	sasl.login.class = null
	sasl.login.connect.timeout.ms = null
	sasl.login.read.timeout.ms = null
	sasl.login.refresh.buffer.seconds = 300
	sasl.login.refresh.min.period.seconds = 60
	sasl.login.refresh.window.factor = 0.8
	sasl.login.refresh.window.jitter = 0.05
	sasl.login.retry.backoff.max.ms = 10000
	sasl.login.retry.backoff.ms = 100
	sasl.mechanism = GSSAPI
	sasl.oauthbearer.clock.skew.seconds = 30
	sasl.oauthbearer.expected.audience = null
	sasl.oauthbearer.expected.issuer = null
	sasl.oauthbearer.header.urlencode = false
	sasl.oauthbearer.jwks.endpoint.refresh.ms = 3600000
	sasl.oauthbearer.jwks.endpoint.retry.backoff.max.ms = 10000
	sasl.oauthbearer.jwks.endpoint.retry.backoff.ms = 100
	sasl.oauthbearer.jwks.endpoint.url = null
	sasl.oauthbearer.scope.claim.name = scope
	sasl.oauthbearer.sub.claim.name = sub
	sasl.oauthbearer.token.endpoint.url = null
	security.protocol = PLAINTEXT
	security.providers = null
	send.buffer.bytes = 131072
	socket.connection.setup.timeout.max.ms = 30000
	socket.connection.setup.timeout.ms = 10000
	ssl.cipher.suites = null
	ssl.enabled.protocols = [TLSv1.2, TLSv1.3]
	ssl.endpoint.identification.algorithm = https
	ssl.engine.factory.class = null
	ssl.key.password = null
	ssl.keymanager.algorithm = SunX509
	ssl.keystore.certificate.chain = null
	ssl.keystore.key = null
	ssl.keystore.location = null
	ssl.keystore.password = null
	ssl.keystore.type = JKS
	ssl.protocol = TLSv1.3
	ssl.provider = null
	ssl.secure.random.implementation = null
	ssl.trustmanager.algorithm = PKIX
	ssl.truststore.certificates = null
	ssl.truststore.location = null
	ssl.truststore.password = null
	ssl.truststore.type = JKS
	transaction.timeout.ms = 60000
	transactional.id = null
	value.serializer = class io.apicurio.registry.serde.avro.AvroKafkaSerializer

2025-08-06 18:54:45,186 INFO  [org.apa.kaf.com.tel.int.KafkaMetricsCollector] (main) initializing Kafka metrics collector
2025-08-06 18:54:45,192 INFO  [org.apa.kaf.cli.pro.KafkaProducer] (main) [Producer clientId=Producer-topic-6add7e88_83a1_4c95_9305_a89fa2fe5f56] Instantiated an idempotent producer.
2025-08-06 18:54:45,194 INFO  [org.apa.kaf.cli.pro.ProducerConfig] (main) These configurations '[apicurio.registry.url, apicurio.registry.artifact-resolver-strategy]' were supplied but are not used yet.
2025-08-06 18:54:45,194 INFO  [org.apa.kaf.com.uti.AppInfoParser] (main) Kafka version: 3.9.1
2025-08-06 18:54:45,194 INFO  [org.apa.kaf.com.uti.AppInfoParser] (main) Kafka commitId: f745dfdcee2b9851
2025-08-06 18:54:45,194 INFO  [org.apa.kaf.com.uti.AppInfoParser] (main) Kafka startTimeMs: 1754506485194
2025-08-06 18:54:45,197 INFO  [io.api.tes.ser.api.KafkaSerdesTester] (Thread-688) Sending message {"key11754506472901": "value-0", "key21754506478185": "value-0"} to topic topic-6add7e88_83a1_4c95_9305_a89fa2fe5f56
2025-08-06 18:54:45,200 INFO  [org.apa.kaf.cli.Metadata] (kafka-producer-network-thread | Producer-topic-6add7e88_83a1_4c95_9305_a89fa2fe5f56) [Producer clientId=Producer-topic-6add7e88_83a1_4c95_9305_a89fa2fe5f56] Cluster ID: kF8Ua3WQTR-RR3LzMUds4A
2025-08-06 18:54:45,200 INFO  [org.apa.kaf.cli.pro.int.TransactionManager] (kafka-producer-network-thread | Producer-topic-6add7e88_83a1_4c95_9305_a89fa2fe5f56) [Producer clientId=Producer-topic-6add7e88_83a1_4c95_9305_a89fa2fe5f56] ProducerId set to 16 with epoch 0
2025-08-06 18:54:45,201 INFO  [DefaultSchemaResolver] (Thread-688) Retrieving schema content using string: {"type":"record","name":"s8f0884b1x70acx41dbx909ax08209bf89a8a","namespace":"ns_4d3bc967_e906_45b4_b5ed_554dbb75eb35","fields":[{"name":"key11754506472901","type":"string"},{"name":"key21754506478185","type":"string"}]}
2025-08-06 18:54:45,359 INFO  [io.api.tes.ser.api.KafkaSerdesTester] (Thread-688) Sending message {"key11754506472901": "value-1", "key21754506478185": "value-1"} to topic topic-6add7e88_83a1_4c95_9305_a89fa2fe5f56
2025-08-06 18:54:45,361 INFO  [io.api.tes.ser.api.KafkaSerdesTester] (Thread-688) Sending message {"key11754506472901": "value-2", "key21754506478185": "value-2"} to topic topic-6add7e88_83a1_4c95_9305_a89fa2fe5f56
2025-08-06 18:54:45,364 INFO  [io.api.tes.ser.api.KafkaSerdesTester] (Thread-688) Sending message {"key11754506472901": "value-3", "key21754506478185": "value-3"} to topic topic-6add7e88_83a1_4c95_9305_a89fa2fe5f56
2025-08-06 18:54:45,366 INFO  [io.api.tes.ser.api.KafkaSerdesTester] (Thread-688) Sending message {"key11754506472901": "value-4", "key21754506478185": "value-4"} to topic topic-6add7e88_83a1_4c95_9305_a89fa2fe5f56
2025-08-06 18:54:45,367 INFO  [io.api.tes.ser.api.KafkaSerdesTester] (Thread-688) Sending message {"key11754506472901": "value-5", "key21754506478185": "value-5"} to topic topic-6add7e88_83a1_4c95_9305_a89fa2fe5f56
2025-08-06 18:54:45,369 INFO  [io.api.tes.ser.api.KafkaSerdesTester] (Thread-688) Sending message {"key11754506472901": "value-6", "key21754506478185": "value-6"} to topic topic-6add7e88_83a1_4c95_9305_a89fa2fe5f56
2025-08-06 18:54:45,371 INFO  [io.api.tes.ser.api.KafkaSerdesTester] (Thread-688) Sending message {"key11754506472901": "value-7", "key21754506478185": "value-7"} to topic topic-6add7e88_83a1_4c95_9305_a89fa2fe5f56
2025-08-06 18:54:45,375 INFO  [io.api.tes.ser.api.KafkaSerdesTester] (Thread-688) Sending message {"key11754506472901": "value-8", "key21754506478185": "value-8"} to topic topic-6add7e88_83a1_4c95_9305_a89fa2fe5f56
2025-08-06 18:54:45,380 INFO  [io.api.tes.ser.api.KafkaSerdesTester] (Thread-688) Sending message {"key11754506472901": "value-9", "key21754506478185": "value-9"} to topic topic-6add7e88_83a1_4c95_9305_a89fa2fe5f56
2025-08-06 18:54:45,382 INFO  [io.api.tes.ser.api.KafkaSerdesTester] (Thread-688) Produced 10 messages
2025-08-06 18:54:45,382 INFO  [org.apa.kaf.cli.pro.KafkaProducer] (Thread-688) [Producer clientId=Producer-topic-6add7e88_83a1_4c95_9305_a89fa2fe5f56] Closing the Kafka producer with timeoutMillis = 9223372036854775807 ms.
2025-08-06 18:54:45,384 INFO  [org.apa.kaf.com.met.Metrics] (Thread-688) Metrics scheduler closed
2025-08-06 18:54:45,384 INFO  [org.apa.kaf.com.met.Metrics] (Thread-688) Closing reporter org.apache.kafka.common.metrics.JmxReporter
2025-08-06 18:54:45,384 INFO  [org.apa.kaf.com.met.Metrics] (Thread-688) Closing reporter org.apache.kafka.common.telemetry.internals.ClientTelemetryReporter
2025-08-06 18:54:45,384 INFO  [org.apa.kaf.com.met.Metrics] (Thread-688) Metrics reporters closed
2025-08-06 18:54:45,385 INFO  [org.apa.kaf.com.uti.AppInfoParser] (Thread-688) App info kafka.producer for Producer-topic-6add7e88_83a1_4c95_9305_a89fa2fe5f56 unregistered
**** Registry Base URL: http://registry-app-mysql.apps.ci419.apicurio-testing.org:80
2025-08-06 18:54:45,387 INFO  [org.apa.kaf.cli.pro.ProducerConfig] (main) ProducerConfig values: 
	acks = -1
	auto.include.jmx.reporter = true
	batch.size = 16384
	bootstrap.servers = [PLAINTEXT://localhost:32769]
	buffer.memory = 33554432
	client.dns.lookup = use_all_dns_ips
	client.id = Producer-topic-6add7e88_83a1_4c95_9305_a89fa2fe5f56
	compression.gzip.level = -1
	compression.lz4.level = 9
	compression.type = none
	compression.zstd.level = 3
	connections.max.idle.ms = 10000
	delivery.timeout.ms = 120000
	enable.idempotence = true
	enable.metrics.push = true
	interceptor.classes = []
	key.serializer = class org.apache.kafka.common.serialization.StringSerializer
	linger.ms = 0
	max.block.ms = 60000
	max.in.flight.requests.per.connection = 5
	max.request.size = 1048576
	metadata.max.age.ms = 300000
	metadata.max.idle.ms = 300000
	metadata.recovery.strategy = none
	metric.reporters = []
	metrics.num.samples = 2
	metrics.recording.level = INFO
	metrics.sample.window.ms = 30000
	partitioner.adaptive.partitioning.enable = true
	partitioner.availability.timeout.ms = 0
	partitioner.class = null
	partitioner.ignore.keys = false
	receive.buffer.bytes = 32768
	reconnect.backoff.max.ms = 1000
	reconnect.backoff.ms = 50
	request.timeout.ms = 5000
	retries = 2147483647
	retry.backoff.max.ms = 1000
	retry.backoff.ms = 100
	sasl.client.callback.handler.class = null
	sasl.jaas.config = null
	sasl.kerberos.kinit.cmd = /usr/bin/kinit
	sasl.kerberos.min.time.before.relogin = 60000
	sasl.kerberos.service.name = null
	sasl.kerberos.ticket.renew.jitter = 0.05
	sasl.kerberos.ticket.renew.window.factor = 0.8
	sasl.login.callback.handler.class = null
	sasl.login.class = null
	sasl.login.connect.timeout.ms = null
	sasl.login.read.timeout.ms = null
	sasl.login.refresh.buffer.seconds = 300
	sasl.login.refresh.min.period.seconds = 60
	sasl.login.refresh.window.factor = 0.8
	sasl.login.refresh.window.jitter = 0.05
	sasl.login.retry.backoff.max.ms = 10000
	sasl.login.retry.backoff.ms = 100
	sasl.mechanism = GSSAPI
	sasl.oauthbearer.clock.skew.seconds = 30
	sasl.oauthbearer.expected.audience = null
	sasl.oauthbearer.expected.issuer = null
	sasl.oauthbearer.header.urlencode = false
	sasl.oauthbearer.jwks.endpoint.refresh.ms = 3600000
	sasl.oauthbearer.jwks.endpoint.retry.backoff.max.ms = 10000
	sasl.oauthbearer.jwks.endpoint.retry.backoff.ms = 100
	sasl.oauthbearer.jwks.endpoint.url = null
	sasl.oauthbearer.scope.claim.name = scope
	sasl.oauthbearer.sub.claim.name = sub
	sasl.oauthbearer.token.endpoint.url = null
	security.protocol = PLAINTEXT
	security.providers = null
	send.buffer.bytes = 131072
	socket.connection.setup.timeout.max.ms = 30000
	socket.connection.setup.timeout.ms = 10000
	ssl.cipher.suites = null
	ssl.enabled.protocols = [TLSv1.2, TLSv1.3]
	ssl.endpoint.identification.algorithm = https
	ssl.engine.factory.class = null
	ssl.key.password = null
	ssl.keymanager.algorithm = SunX509
	ssl.keystore.certificate.chain = null
	ssl.keystore.key = null
	ssl.keystore.location = null
	ssl.keystore.password = null
	ssl.keystore.type = JKS
	ssl.protocol = TLSv1.3
	ssl.provider = null
	ssl.secure.random.implementation = null
	ssl.trustmanager.algorithm = PKIX
	ssl.truststore.certificates = null
	ssl.truststore.location = null
	ssl.truststore.password = null
	ssl.truststore.type = JKS
	transaction.timeout.ms = 60000
	transactional.id = null
	value.serializer = class io.apicurio.registry.serde.avro.AvroKafkaSerializer

2025-08-06 18:54:45,388 INFO  [org.apa.kaf.com.tel.int.KafkaMetricsCollector] (main) initializing Kafka metrics collector
2025-08-06 18:54:45,394 INFO  [org.apa.kaf.cli.pro.KafkaProducer] (main) [Producer clientId=Producer-topic-6add7e88_83a1_4c95_9305_a89fa2fe5f56] Instantiated an idempotent producer.
2025-08-06 18:54:45,397 INFO  [org.apa.kaf.cli.pro.ProducerConfig] (main) These configurations '[apicurio.registry.url, apicurio.registry.artifact-resolver-strategy]' were supplied but are not used yet.
2025-08-06 18:54:45,397 INFO  [org.apa.kaf.com.uti.AppInfoParser] (main) Kafka version: 3.9.1
2025-08-06 18:54:45,397 INFO  [org.apa.kaf.com.uti.AppInfoParser] (main) Kafka commitId: f745dfdcee2b9851
2025-08-06 18:54:45,397 INFO  [org.apa.kaf.com.uti.AppInfoParser] (main) Kafka startTimeMs: 1754506485397
2025-08-06 18:54:45,400 INFO  [io.api.tes.ser.api.KafkaSerdesTester] (Thread-691) Sending message {"key11754506472901": "value-0"} to topic topic-6add7e88_83a1_4c95_9305_a89fa2fe5f56
2025-08-06 18:54:45,402 INFO  [org.apa.kaf.cli.Metadata] (kafka-producer-network-thread | Producer-topic-6add7e88_83a1_4c95_9305_a89fa2fe5f56) [Producer clientId=Producer-topic-6add7e88_83a1_4c95_9305_a89fa2fe5f56] Cluster ID: kF8Ua3WQTR-RR3LzMUds4A
2025-08-06 18:54:45,402 INFO  [DefaultSchemaResolver] (Thread-691) Retrieving schema content using string: {"type":"record","name":"s8f0884b1x70acx41dbx909ax08209bf89a8a","namespace":"ns_4d3bc967_e906_45b4_b5ed_554dbb75eb35","fields":[{"name":"key11754506472901","type":"string"}]}
2025-08-06 18:54:45,403 INFO  [org.apa.kaf.cli.pro.int.TransactionManager] (kafka-producer-network-thread | Producer-topic-6add7e88_83a1_4c95_9305_a89fa2fe5f56) [Producer clientId=Producer-topic-6add7e88_83a1_4c95_9305_a89fa2fe5f56] ProducerId set to 17 with epoch 0
2025-08-06 18:54:45,567 INFO  [io.api.tes.ser.api.KafkaSerdesTester] (Thread-691) Sending message {"key11754506472901": "value-1"} to topic topic-6add7e88_83a1_4c95_9305_a89fa2fe5f56
2025-08-06 18:54:45,573 INFO  [io.api.tes.ser.api.KafkaSerdesTester] (Thread-691) Sending message {"key11754506472901": "value-2"} to topic topic-6add7e88_83a1_4c95_9305_a89fa2fe5f56
2025-08-06 18:54:45,576 INFO  [io.api.tes.ser.api.KafkaSerdesTester] (Thread-691) Sending message {"key11754506472901": "value-3"} to topic topic-6add7e88_83a1_4c95_9305_a89fa2fe5f56
2025-08-06 18:54:45,578 INFO  [io.api.tes.ser.api.KafkaSerdesTester] (Thread-691) Sending message {"key11754506472901": "value-4"} to topic topic-6add7e88_83a1_4c95_9305_a89fa2fe5f56
2025-08-06 18:54:45,580 INFO  [io.api.tes.ser.api.KafkaSerdesTester] (Thread-691) Sending message {"key11754506472901": "value-5"} to topic topic-6add7e88_83a1_4c95_9305_a89fa2fe5f56
2025-08-06 18:54:45,581 INFO  [io.api.tes.ser.api.KafkaSerdesTester] (Thread-691) Sending message {"key11754506472901": "value-6"} to topic topic-6add7e88_83a1_4c95_9305_a89fa2fe5f56
2025-08-06 18:54:45,582 INFO  [io.api.tes.ser.api.KafkaSerdesTester] (Thread-691) Sending message {"key11754506472901": "value-7"} to topic topic-6add7e88_83a1_4c95_9305_a89fa2fe5f56
2025-08-06 18:54:45,583 INFO  [io.api.tes.ser.api.KafkaSerdesTester] (Thread-691) Sending message {"key11754506472901": "value-8"} to topic topic-6add7e88_83a1_4c95_9305_a89fa2fe5f56
2025-08-06 18:54:45,585 INFO  [io.api.tes.ser.api.KafkaSerdesTester] (Thread-691) Sending message {"key11754506472901": "value-9"} to topic topic-6add7e88_83a1_4c95_9305_a89fa2fe5f56
2025-08-06 18:54:45,586 INFO  [io.api.tes.ser.api.KafkaSerdesTester] (Thread-691) Produced 10 messages
2025-08-06 18:54:45,586 INFO  [org.apa.kaf.cli.pro.KafkaProducer] (Thread-691) [Producer clientId=Producer-topic-6add7e88_83a1_4c95_9305_a89fa2fe5f56] Closing the Kafka producer with timeoutMillis = 9223372036854775807 ms.
2025-08-06 18:54:45,588 INFO  [org.apa.kaf.com.met.Metrics] (Thread-691) Metrics scheduler closed
2025-08-06 18:54:45,588 INFO  [org.apa.kaf.com.met.Metrics] (Thread-691) Closing reporter org.apache.kafka.common.metrics.JmxReporter
2025-08-06 18:54:45,588 INFO  [org.apa.kaf.com.met.Metrics] (Thread-691) Closing reporter org.apache.kafka.common.telemetry.internals.ClientTelemetryReporter
2025-08-06 18:54:45,588 INFO  [org.apa.kaf.com.met.Metrics] (Thread-691) Metrics reporters closed
2025-08-06 18:54:45,588 INFO  [org.apa.kaf.com.uti.AppInfoParser] (Thread-691) App info kafka.producer for Producer-topic-6add7e88_83a1_4c95_9305_a89fa2fe5f56 unregistered
**** Registry Base URL: http://registry-app-mysql.apps.ci419.apicurio-testing.org:80
2025-08-06 18:54:45,589 INFO  [org.apa.kaf.cli.con.ConsumerConfig] (main) ConsumerConfig values: 
	allow.auto.create.topics = true
	auto.commit.interval.ms = 500
	auto.include.jmx.reporter = true
	auto.offset.reset = earliest
	bootstrap.servers = [PLAINTEXT://localhost:32769]
	check.crcs = true
	client.dns.lookup = use_all_dns_ips
	client.id = consumer-Consumer-topic-6add7e88_83a1_4c95_9305_a89fa2fe5f56-12
	client.rack = 
	connections.max.idle.ms = 10000
	default.api.timeout.ms = 60000
	enable.auto.commit = true
	enable.metrics.push = true
	exclude.internal.topics = true
	fetch.max.bytes = 52428800
	fetch.max.wait.ms = 500
	fetch.min.bytes = 1
	group.id = Consumer-topic-6add7e88_83a1_4c95_9305_a89fa2fe5f56
	group.instance.id = null
	group.protocol = classic
	group.remote.assignor = null
	heartbeat.interval.ms = 3000
	interceptor.classes = []
	internal.leave.group.on.close = true
	internal.throw.on.fetch.stable.offset.unsupported = false
	isolation.level = read_uncommitted
	key.deserializer = class org.apache.kafka.common.serialization.StringDeserializer
	max.partition.fetch.bytes = 1048576
	max.poll.interval.ms = 300000
	max.poll.records = 500
	metadata.max.age.ms = 300000
	metadata.recovery.strategy = none
	metric.reporters = []
	metrics.num.samples = 2
	metrics.recording.level = INFO
	metrics.sample.window.ms = 30000
	partition.assignment.strategy = [class org.apache.kafka.clients.consumer.RangeAssignor, class org.apache.kafka.clients.consumer.CooperativeStickyAssignor]
	receive.buffer.bytes = 65536
	reconnect.backoff.max.ms = 1000
	reconnect.backoff.ms = 50
	request.timeout.ms = 5000
	retry.backoff.max.ms = 1000
	retry.backoff.ms = 100
	sasl.client.callback.handler.class = null
	sasl.jaas.config = null
	sasl.kerberos.kinit.cmd = /usr/bin/kinit
	sasl.kerberos.min.time.before.relogin = 60000
	sasl.kerberos.service.name = null
	sasl.kerberos.ticket.renew.jitter = 0.05
	sasl.kerberos.ticket.renew.window.factor = 0.8
	sasl.login.callback.handler.class = null
	sasl.login.class = null
	sasl.login.connect.timeout.ms = null
	sasl.login.read.timeout.ms = null
	sasl.login.refresh.buffer.seconds = 300
	sasl.login.refresh.min.period.seconds = 60
	sasl.login.refresh.window.factor = 0.8
	sasl.login.refresh.window.jitter = 0.05
	sasl.login.retry.backoff.max.ms = 10000
	sasl.login.retry.backoff.ms = 100
	sasl.mechanism = GSSAPI
	sasl.oauthbearer.clock.skew.seconds = 30
	sasl.oauthbearer.expected.audience = null
	sasl.oauthbearer.expected.issuer = null
	sasl.oauthbearer.header.urlencode = false
	sasl.oauthbearer.jwks.endpoint.refresh.ms = 3600000
	sasl.oauthbearer.jwks.endpoint.retry.backoff.max.ms = 10000
	sasl.oauthbearer.jwks.endpoint.retry.backoff.ms = 100
	sasl.oauthbearer.jwks.endpoint.url = null
	sasl.oauthbearer.scope.claim.name = scope
	sasl.oauthbearer.sub.claim.name = sub
	sasl.oauthbearer.token.endpoint.url = null
	security.protocol = PLAINTEXT
	security.providers = null
	send.buffer.bytes = 131072
	session.timeout.ms = 45000
	socket.connection.setup.timeout.max.ms = 30000
	socket.connection.setup.timeout.ms = 10000
	ssl.cipher.suites = null
	ssl.enabled.protocols = [TLSv1.2, TLSv1.3]
	ssl.endpoint.identification.algorithm = https
	ssl.engine.factory.class = null
	ssl.key.password = null
	ssl.keymanager.algorithm = SunX509
	ssl.keystore.certificate.chain = null
	ssl.keystore.key = null
	ssl.keystore.location = null
	ssl.keystore.password = null
	ssl.keystore.type = JKS
	ssl.protocol = TLSv1.3
	ssl.provider = null
	ssl.secure.random.implementation = null
	ssl.trustmanager.algorithm = PKIX
	ssl.truststore.certificates = null
	ssl.truststore.location = null
	ssl.truststore.password = null
	ssl.truststore.type = JKS
	value.deserializer = class io.apicurio.registry.serde.avro.AvroKafkaDeserializer

2025-08-06 18:54:45,589 INFO  [org.apa.kaf.com.tel.int.KafkaMetricsCollector] (main) initializing Kafka metrics collector
2025-08-06 18:54:45,595 INFO  [org.apa.kaf.cli.con.ConsumerConfig] (main) These configurations '[apicurio.registry.url]' were supplied but are not used yet.
2025-08-06 18:54:45,596 INFO  [org.apa.kaf.com.uti.AppInfoParser] (main) Kafka version: 3.9.1
2025-08-06 18:54:45,596 INFO  [org.apa.kaf.com.uti.AppInfoParser] (main) Kafka commitId: f745dfdcee2b9851
2025-08-06 18:54:45,596 INFO  [org.apa.kaf.com.uti.AppInfoParser] (main) Kafka startTimeMs: 1754506485596
2025-08-06 18:54:45,596 INFO  [org.apa.kaf.cli.con.int.ClassicKafkaConsumer] (Thread-694) [Consumer clientId=consumer-Consumer-topic-6add7e88_83a1_4c95_9305_a89fa2fe5f56-12, groupId=Consumer-topic-6add7e88_83a1_4c95_9305_a89fa2fe5f56] Subscribed to topic(s): topic-6add7e88_83a1_4c95_9305_a89fa2fe5f56
2025-08-06 18:54:45,601 INFO  [org.apa.kaf.cli.Metadata] (Thread-694) [Consumer clientId=consumer-Consumer-topic-6add7e88_83a1_4c95_9305_a89fa2fe5f56-12, groupId=Consumer-topic-6add7e88_83a1_4c95_9305_a89fa2fe5f56] Cluster ID: kF8Ua3WQTR-RR3LzMUds4A
2025-08-06 18:54:45,601 INFO  [org.apa.kaf.cli.con.int.ConsumerCoordinator] (Thread-694) [Consumer clientId=consumer-Consumer-topic-6add7e88_83a1_4c95_9305_a89fa2fe5f56-12, groupId=Consumer-topic-6add7e88_83a1_4c95_9305_a89fa2fe5f56] Discovered group coordinator localhost:32769 (id: 2147483647 rack: null)
2025-08-06 18:54:45,603 INFO  [org.apa.kaf.cli.con.int.ConsumerCoordinator] (Thread-694) [Consumer clientId=consumer-Consumer-topic-6add7e88_83a1_4c95_9305_a89fa2fe5f56-12, groupId=Consumer-topic-6add7e88_83a1_4c95_9305_a89fa2fe5f56] (Re-)joining group
2025-08-06 18:54:45,606 INFO  [org.apa.kaf.cli.con.int.ConsumerCoordinator] (Thread-694) [Consumer clientId=consumer-Consumer-topic-6add7e88_83a1_4c95_9305_a89fa2fe5f56-12, groupId=Consumer-topic-6add7e88_83a1_4c95_9305_a89fa2fe5f56] Request joining group due to: need to re-join with the given member-id: consumer-Consumer-topic-6add7e88_83a1_4c95_9305_a89fa2fe5f56-12-112ea4ca-f0f3-4b04-82ed-75e399c99ef6
2025-08-06 18:54:45,606 INFO  [org.apa.kaf.cli.con.int.ConsumerCoordinator] (Thread-694) [Consumer clientId=consumer-Consumer-topic-6add7e88_83a1_4c95_9305_a89fa2fe5f56-12, groupId=Consumer-topic-6add7e88_83a1_4c95_9305_a89fa2fe5f56] (Re-)joining group
2025-08-06 18:54:46,597 INFO  [io.api.tes.ser.api.KafkaSerdesTester] (Thread-694) None found
2025-08-06 18:54:47,598 INFO  [io.api.tes.ser.api.KafkaSerdesTester] (Thread-694) None found
2025-08-06 18:54:48,598 INFO  [io.api.tes.ser.api.KafkaSerdesTester] (Thread-694) None found
2025-08-06 18:54:48,609 INFO  [org.apa.kaf.cli.con.int.ConsumerCoordinator] (Thread-694) [Consumer clientId=consumer-Consumer-topic-6add7e88_83a1_4c95_9305_a89fa2fe5f56-12, groupId=Consumer-topic-6add7e88_83a1_4c95_9305_a89fa2fe5f56] Successfully joined group with generation Generation{generationId=5, memberId='consumer-Consumer-topic-6add7e88_83a1_4c95_9305_a89fa2fe5f56-12-112ea4ca-f0f3-4b04-82ed-75e399c99ef6', protocol='range'}
2025-08-06 18:54:48,610 INFO  [org.apa.kaf.cli.con.int.ConsumerCoordinator] (Thread-694) [Consumer clientId=consumer-Consumer-topic-6add7e88_83a1_4c95_9305_a89fa2fe5f56-12, groupId=Consumer-topic-6add7e88_83a1_4c95_9305_a89fa2fe5f56] Finished assignment for group at generation 5: {consumer-Consumer-topic-6add7e88_83a1_4c95_9305_a89fa2fe5f56-12-112ea4ca-f0f3-4b04-82ed-75e399c99ef6=Assignment(partitions=[topic-6add7e88_83a1_4c95_9305_a89fa2fe5f56-0])}
2025-08-06 18:54:48,617 INFO  [org.apa.kaf.cli.con.int.ConsumerCoordinator] (Thread-694) [Consumer clientId=consumer-Consumer-topic-6add7e88_83a1_4c95_9305_a89fa2fe5f56-12, groupId=Consumer-topic-6add7e88_83a1_4c95_9305_a89fa2fe5f56] Successfully synced group in generation Generation{generationId=5, memberId='consumer-Consumer-topic-6add7e88_83a1_4c95_9305_a89fa2fe5f56-12-112ea4ca-f0f3-4b04-82ed-75e399c99ef6', protocol='range'}
2025-08-06 18:54:48,617 INFO  [org.apa.kaf.cli.con.int.ConsumerCoordinator] (Thread-694) [Consumer clientId=consumer-Consumer-topic-6add7e88_83a1_4c95_9305_a89fa2fe5f56-12, groupId=Consumer-topic-6add7e88_83a1_4c95_9305_a89fa2fe5f56] Notifying assignor about the new Assignment(partitions=[topic-6add7e88_83a1_4c95_9305_a89fa2fe5f56-0])
2025-08-06 18:54:48,617 INFO  [org.apa.kaf.cli.con.int.ConsumerRebalanceListenerInvoker] (Thread-694) [Consumer clientId=consumer-Consumer-topic-6add7e88_83a1_4c95_9305_a89fa2fe5f56-12, groupId=Consumer-topic-6add7e88_83a1_4c95_9305_a89fa2fe5f56] Adding newly assigned partitions: topic-6add7e88_83a1_4c95_9305_a89fa2fe5f56-0
2025-08-06 18:54:48,618 INFO  [org.apa.kaf.cli.con.int.ConsumerUtils] (Thread-694) Setting offset for partition topic-6add7e88_83a1_4c95_9305_a89fa2fe5f56-0 to the committed offset FetchPosition{offset=30, offsetEpoch=Optional[0], currentLeader=LeaderAndEpoch{leader=Optional[localhost:32769 (id: 0 rack: null)], epoch=0}}
2025-08-06 18:54:49,182 INFO  [io.api.tes.ser.api.KafkaSerdesTester] (Thread-694) topic-6add7e88_83a1_4c95_9305_a89fa2fe5f56 0 30 {"key11754506472901": "value-0", "key21754506478185": "value-0", "key31754506483751": "value-0"}
2025-08-06 18:54:49,182 INFO  [io.api.tes.ser.api.KafkaSerdesTester] (Thread-694) topic-6add7e88_83a1_4c95_9305_a89fa2fe5f56 0 31 {"key11754506472901": "value-1", "key21754506478185": "value-1", "key31754506483751": "value-1"}
2025-08-06 18:54:49,182 INFO  [io.api.tes.ser.api.KafkaSerdesTester] (Thread-694) topic-6add7e88_83a1_4c95_9305_a89fa2fe5f56 0 32 {"key11754506472901": "value-2", "key21754506478185": "value-2", "key31754506483751": "value-2"}
2025-08-06 18:54:49,182 INFO  [io.api.tes.ser.api.KafkaSerdesTester] (Thread-694) topic-6add7e88_83a1_4c95_9305_a89fa2fe5f56 0 33 {"key11754506472901": "value-3", "key21754506478185": "value-3", "key31754506483751": "value-3"}
2025-08-06 18:54:49,182 INFO  [io.api.tes.ser.api.KafkaSerdesTester] (Thread-694) topic-6add7e88_83a1_4c95_9305_a89fa2fe5f56 0 34 {"key11754506472901": "value-4", "key21754506478185": "value-4", "key31754506483751": "value-4"}
2025-08-06 18:54:49,182 INFO  [io.api.tes.ser.api.KafkaSerdesTester] (Thread-694) topic-6add7e88_83a1_4c95_9305_a89fa2fe5f56 0 35 {"key11754506472901": "value-5", "key21754506478185": "value-5", "key31754506483751": "value-5"}
2025-08-06 18:54:49,182 INFO  [io.api.tes.ser.api.KafkaSerdesTester] (Thread-694) topic-6add7e88_83a1_4c95_9305_a89fa2fe5f56 0 36 {"key11754506472901": "value-6", "key21754506478185": "value-6", "key31754506483751": "value-6"}
2025-08-06 18:54:49,182 INFO  [io.api.tes.ser.api.KafkaSerdesTester] (Thread-694) topic-6add7e88_83a1_4c95_9305_a89fa2fe5f56 0 37 {"key11754506472901": "value-7", "key21754506478185": "value-7", "key31754506483751": "value-7"}
2025-08-06 18:54:49,182 INFO  [io.api.tes.ser.api.KafkaSerdesTester] (Thread-694) topic-6add7e88_83a1_4c95_9305_a89fa2fe5f56 0 38 {"key11754506472901": "value-8", "key21754506478185": "value-8", "key31754506483751": "value-8"}
2025-08-06 18:54:49,183 INFO  [io.api.tes.ser.api.KafkaSerdesTester] (Thread-694) topic-6add7e88_83a1_4c95_9305_a89fa2fe5f56 0 39 {"key11754506472901": "value-9", "key21754506478185": "value-9", "key31754506483751": "value-9"}
2025-08-06 18:54:49,183 INFO  [io.api.tes.ser.api.KafkaSerdesTester] (Thread-694) topic-6add7e88_83a1_4c95_9305_a89fa2fe5f56 0 40 {"key11754506472901": "value-0", "key21754506478185": "value-0"}
2025-08-06 18:54:49,183 INFO  [io.api.tes.ser.api.KafkaSerdesTester] (Thread-694) topic-6add7e88_83a1_4c95_9305_a89fa2fe5f56 0 41 {"key11754506472901": "value-1", "key21754506478185": "value-1"}
2025-08-06 18:54:49,183 INFO  [io.api.tes.ser.api.KafkaSerdesTester] (Thread-694) topic-6add7e88_83a1_4c95_9305_a89fa2fe5f56 0 42 {"key11754506472901": "value-2", "key21754506478185": "value-2"}
2025-08-06 18:54:49,183 INFO  [io.api.tes.ser.api.KafkaSerdesTester] (Thread-694) topic-6add7e88_83a1_4c95_9305_a89fa2fe5f56 0 43 {"key11754506472901": "value-3", "key21754506478185": "value-3"}
2025-08-06 18:54:49,183 INFO  [io.api.tes.ser.api.KafkaSerdesTester] (Thread-694) topic-6add7e88_83a1_4c95_9305_a89fa2fe5f56 0 44 {"key11754506472901": "value-4", "key21754506478185": "value-4"}
2025-08-06 18:54:49,183 INFO  [io.api.tes.ser.api.KafkaSerdesTester] (Thread-694) topic-6add7e88_83a1_4c95_9305_a89fa2fe5f56 0 45 {"key11754506472901": "value-5", "key21754506478185": "value-5"}
2025-08-06 18:54:49,183 INFO  [io.api.tes.ser.api.KafkaSerdesTester] (Thread-694) topic-6add7e88_83a1_4c95_9305_a89fa2fe5f56 0 46 {"key11754506472901": "value-6", "key21754506478185": "value-6"}
2025-08-06 18:54:49,183 INFO  [io.api.tes.ser.api.KafkaSerdesTester] (Thread-694) topic-6add7e88_83a1_4c95_9305_a89fa2fe5f56 0 47 {"key11754506472901": "value-7", "key21754506478185": "value-7"}
2025-08-06 18:54:49,183 INFO  [io.api.tes.ser.api.KafkaSerdesTester] (Thread-694) topic-6add7e88_83a1_4c95_9305_a89fa2fe5f56 0 48 {"key11754506472901": "value-8", "key21754506478185": "value-8"}
2025-08-06 18:54:49,183 INFO  [io.api.tes.ser.api.KafkaSerdesTester] (Thread-694) topic-6add7e88_83a1_4c95_9305_a89fa2fe5f56 0 49 {"key11754506472901": "value-9", "key21754506478185": "value-9"}
2025-08-06 18:54:49,183 INFO  [io.api.tes.ser.api.KafkaSerdesTester] (Thread-694) topic-6add7e88_83a1_4c95_9305_a89fa2fe5f56 0 50 {"key11754506472901": "value-0"}
2025-08-06 18:54:49,183 INFO  [io.api.tes.ser.api.KafkaSerdesTester] (Thread-694) topic-6add7e88_83a1_4c95_9305_a89fa2fe5f56 0 51 {"key11754506472901": "value-1"}
2025-08-06 18:54:49,183 INFO  [io.api.tes.ser.api.KafkaSerdesTester] (Thread-694) topic-6add7e88_83a1_4c95_9305_a89fa2fe5f56 0 52 {"key11754506472901": "value-2"}
2025-08-06 18:54:49,183 INFO  [io.api.tes.ser.api.KafkaSerdesTester] (Thread-694) topic-6add7e88_83a1_4c95_9305_a89fa2fe5f56 0 53 {"key11754506472901": "value-3"}
2025-08-06 18:54:49,183 INFO  [io.api.tes.ser.api.KafkaSerdesTester] (Thread-694) topic-6add7e88_83a1_4c95_9305_a89fa2fe5f56 0 54 {"key11754506472901": "value-4"}
2025-08-06 18:54:49,183 INFO  [io.api.tes.ser.api.KafkaSerdesTester] (Thread-694) topic-6add7e88_83a1_4c95_9305_a89fa2fe5f56 0 55 {"key11754506472901": "value-5"}
2025-08-06 18:54:49,183 INFO  [io.api.tes.ser.api.KafkaSerdesTester] (Thread-694) topic-6add7e88_83a1_4c95_9305_a89fa2fe5f56 0 56 {"key11754506472901": "value-6"}
2025-08-06 18:54:49,183 INFO  [io.api.tes.ser.api.KafkaSerdesTester] (Thread-694) topic-6add7e88_83a1_4c95_9305_a89fa2fe5f56 0 57 {"key11754506472901": "value-7"}
2025-08-06 18:54:49,183 INFO  [io.api.tes.ser.api.KafkaSerdesTester] (Thread-694) topic-6add7e88_83a1_4c95_9305_a89fa2fe5f56 0 58 {"key11754506472901": "value-8"}
2025-08-06 18:54:49,183 INFO  [io.api.tes.ser.api.KafkaSerdesTester] (Thread-694) topic-6add7e88_83a1_4c95_9305_a89fa2fe5f56 0 59 {"key11754506472901": "value-9"}
2025-08-06 18:54:49,183 INFO  [io.api.tes.ser.api.KafkaSerdesTester] (Thread-694) Consumed 30 messages
2025-08-06 18:54:49,190 INFO  [org.apa.kaf.cli.con.int.ConsumerRebalanceListenerInvoker] (Thread-694) [Consumer clientId=consumer-Consumer-topic-6add7e88_83a1_4c95_9305_a89fa2fe5f56-12, groupId=Consumer-topic-6add7e88_83a1_4c95_9305_a89fa2fe5f56] Revoke previously assigned partitions topic-6add7e88_83a1_4c95_9305_a89fa2fe5f56-0
2025-08-06 18:54:49,190 INFO  [org.apa.kaf.cli.con.int.ConsumerCoordinator] (Thread-694) [Consumer clientId=consumer-Consumer-topic-6add7e88_83a1_4c95_9305_a89fa2fe5f56-12, groupId=Consumer-topic-6add7e88_83a1_4c95_9305_a89fa2fe5f56] Member consumer-Consumer-topic-6add7e88_83a1_4c95_9305_a89fa2fe5f56-12-112ea4ca-f0f3-4b04-82ed-75e399c99ef6 sending LeaveGroup request to coordinator localhost:32769 (id: 2147483647 rack: null) due to the consumer is being closed
2025-08-06 18:54:49,191 INFO  [org.apa.kaf.cli.con.int.ConsumerCoordinator] (Thread-694) [Consumer clientId=consumer-Consumer-topic-6add7e88_83a1_4c95_9305_a89fa2fe5f56-12, groupId=Consumer-topic-6add7e88_83a1_4c95_9305_a89fa2fe5f56] Resetting generation and member id due to: consumer pro-actively leaving the group
2025-08-06 18:54:49,191 INFO  [org.apa.kaf.cli.con.int.ConsumerCoordinator] (Thread-694) [Consumer clientId=consumer-Consumer-topic-6add7e88_83a1_4c95_9305_a89fa2fe5f56-12, groupId=Consumer-topic-6add7e88_83a1_4c95_9305_a89fa2fe5f56] Request joining group due to: consumer pro-actively leaving the group
2025-08-06 18:54:49,685 INFO  [org.apa.kaf.com.met.Metrics] (Thread-694) Metrics scheduler closed
2025-08-06 18:54:49,685 INFO  [org.apa.kaf.com.met.Metrics] (Thread-694) Closing reporter org.apache.kafka.common.metrics.JmxReporter
2025-08-06 18:54:49,685 INFO  [org.apa.kaf.com.met.Metrics] (Thread-694) Closing reporter org.apache.kafka.common.telemetry.internals.ClientTelemetryReporter
2025-08-06 18:54:49,685 INFO  [org.apa.kaf.com.met.Metrics] (Thread-694) Metrics reporters closed
2025-08-06 18:54:49,687 INFO  [org.apa.kaf.com.uti.AppInfoParser] (Thread-694) App info kafka.consumer for consumer-Consumer-topic-6add7e88_83a1_4c95_9305_a89fa2fe5f56-12 unregistered
2025-08-06 18:54:49,687 INFO  [org.apa.kaf.cli.pro.KafkaProducer] (main) [Producer clientId=Producer-topic-6add7e88_83a1_4c95_9305_a89fa2fe5f56] Closing the Kafka producer with timeoutMillis = 9223372036854775807 ms.
2025-08-06 18:54:49,687 INFO  [org.apa.kaf.com.met.Metrics] (main) Metrics scheduler closed
2025-08-06 18:54:49,687 INFO  [org.apa.kaf.com.met.Metrics] (main) Closing reporter org.apache.kafka.common.metrics.JmxReporter
2025-08-06 18:54:49,687 INFO  [org.apa.kaf.com.met.Metrics] (main) Closing reporter org.apache.kafka.common.telemetry.internals.ClientTelemetryReporter
2025-08-06 18:54:49,687 INFO  [org.apa.kaf.com.met.Metrics] (main) Metrics reporters closed
2025-08-06 18:54:49,687 INFO  [org.apa.kaf.com.uti.AppInfoParser] (main) App info kafka.producer for Producer-topic-6add7e88_83a1_4c95_9305_a89fa2fe5f56 unregistered
2025-08-06 18:54:49,687 INFO  [io.api.tes.uti.TestSeparator] (main) io.apicurio.tests.serdes.apicurio.AvroSerdeIT.testEvolveAvroApicurio-FINISHED
2025-08-06 18:54:49,687 INFO  [io.api.tes.uti.TestSeparator] (main) ############################################################################
Test passed: testEvolveAvroApicurio
]]></system-out>
  </testcase>
  <testcase name="testTopicRecordIdStrategydFindLatest" classname="io.apicurio.tests.serdes.apicurio.AvroSerdeIT" time="5.358">
    <system-out><![CDATA[2025-08-06 18:54:49,692 INFO  [io.api.tes.uti.TestSeparator] (main) ############################################################################
2025-08-06 18:54:49,692 INFO  [io.api.tes.uti.TestSeparator] (main) io.apicurio.tests.serdes.apicurio.AvroSerdeIT.testTopicRecordIdStrategydFindLatest-STARTED
2025-08-06 18:54:49,693 INFO  [io.api.tes.ser.api.AvroSerdeIT] (main) Registering Avro Schema: {"type":"record","name":"s3ccf34ffxa5e2x4f04x8dd8x9b72c858b008","namespace":"s890ff23cx857bx4ca2xaccbx3e502987ffe9","fields":[{"name":"key11754506489693","type":"string"}]}
**** Registry Base URL: http://registry-app-mysql.apps.ci419.apicurio-testing.org:80
2025-08-06 18:54:50,908 INFO  [org.apa.kaf.cli.pro.ProducerConfig] (main) ProducerConfig values: 
	acks = -1
	auto.include.jmx.reporter = true
	batch.size = 16384
	bootstrap.servers = [PLAINTEXT://localhost:32769]
	buffer.memory = 33554432
	client.dns.lookup = use_all_dns_ips
	client.id = Producer-topic-bf4ad680_6409_4a31_a36c_b940c4e15ffc
	compression.gzip.level = -1
	compression.lz4.level = 9
	compression.type = none
	compression.zstd.level = 3
	connections.max.idle.ms = 10000
	delivery.timeout.ms = 120000
	enable.idempotence = true
	enable.metrics.push = true
	interceptor.classes = []
	key.serializer = class org.apache.kafka.common.serialization.StringSerializer
	linger.ms = 0
	max.block.ms = 60000
	max.in.flight.requests.per.connection = 5
	max.request.size = 1048576
	metadata.max.age.ms = 300000
	metadata.max.idle.ms = 300000
	metadata.recovery.strategy = none
	metric.reporters = []
	metrics.num.samples = 2
	metrics.recording.level = INFO
	metrics.sample.window.ms = 30000
	partitioner.adaptive.partitioning.enable = true
	partitioner.availability.timeout.ms = 0
	partitioner.class = null
	partitioner.ignore.keys = false
	receive.buffer.bytes = 32768
	reconnect.backoff.max.ms = 1000
	reconnect.backoff.ms = 50
	request.timeout.ms = 5000
	retries = 2147483647
	retry.backoff.max.ms = 1000
	retry.backoff.ms = 100
	sasl.client.callback.handler.class = null
	sasl.jaas.config = null
	sasl.kerberos.kinit.cmd = /usr/bin/kinit
	sasl.kerberos.min.time.before.relogin = 60000
	sasl.kerberos.service.name = null
	sasl.kerberos.ticket.renew.jitter = 0.05
	sasl.kerberos.ticket.renew.window.factor = 0.8
	sasl.login.callback.handler.class = null
	sasl.login.class = null
	sasl.login.connect.timeout.ms = null
	sasl.login.read.timeout.ms = null
	sasl.login.refresh.buffer.seconds = 300
	sasl.login.refresh.min.period.seconds = 60
	sasl.login.refresh.window.factor = 0.8
	sasl.login.refresh.window.jitter = 0.05
	sasl.login.retry.backoff.max.ms = 10000
	sasl.login.retry.backoff.ms = 100
	sasl.mechanism = GSSAPI
	sasl.oauthbearer.clock.skew.seconds = 30
	sasl.oauthbearer.expected.audience = null
	sasl.oauthbearer.expected.issuer = null
	sasl.oauthbearer.header.urlencode = false
	sasl.oauthbearer.jwks.endpoint.refresh.ms = 3600000
	sasl.oauthbearer.jwks.endpoint.retry.backoff.max.ms = 10000
	sasl.oauthbearer.jwks.endpoint.retry.backoff.ms = 100
	sasl.oauthbearer.jwks.endpoint.url = null
	sasl.oauthbearer.scope.claim.name = scope
	sasl.oauthbearer.sub.claim.name = sub
	sasl.oauthbearer.token.endpoint.url = null
	security.protocol = PLAINTEXT
	security.providers = null
	send.buffer.bytes = 131072
	socket.connection.setup.timeout.max.ms = 30000
	socket.connection.setup.timeout.ms = 10000
	ssl.cipher.suites = null
	ssl.enabled.protocols = [TLSv1.2, TLSv1.3]
	ssl.endpoint.identification.algorithm = https
	ssl.engine.factory.class = null
	ssl.key.password = null
	ssl.keymanager.algorithm = SunX509
	ssl.keystore.certificate.chain = null
	ssl.keystore.key = null
	ssl.keystore.location = null
	ssl.keystore.password = null
	ssl.keystore.type = JKS
	ssl.protocol = TLSv1.3
	ssl.provider = null
	ssl.secure.random.implementation = null
	ssl.trustmanager.algorithm = PKIX
	ssl.truststore.certificates = null
	ssl.truststore.location = null
	ssl.truststore.password = null
	ssl.truststore.type = JKS
	transaction.timeout.ms = 60000
	transactional.id = null
	value.serializer = class io.apicurio.registry.serde.avro.AvroKafkaSerializer

2025-08-06 18:54:50,908 INFO  [org.apa.kaf.com.tel.int.KafkaMetricsCollector] (main) initializing Kafka metrics collector
2025-08-06 18:54:50,911 INFO  [org.apa.kaf.cli.pro.KafkaProducer] (main) [Producer clientId=Producer-topic-bf4ad680_6409_4a31_a36c_b940c4e15ffc] Instantiated an idempotent producer.
2025-08-06 18:54:50,913 INFO  [org.apa.kaf.cli.pro.ProducerConfig] (main) These configurations '[apicurio.registry.find-latest, apicurio.registry.url, apicurio.registry.artifact-resolver-strategy]' were supplied but are not used yet.
2025-08-06 18:54:50,913 INFO  [org.apa.kaf.com.uti.AppInfoParser] (main) Kafka version: 3.9.1
2025-08-06 18:54:50,913 INFO  [org.apa.kaf.com.uti.AppInfoParser] (main) Kafka commitId: f745dfdcee2b9851
2025-08-06 18:54:50,913 INFO  [org.apa.kaf.com.uti.AppInfoParser] (main) Kafka startTimeMs: 1754506490913
2025-08-06 18:54:50,913 INFO  [io.api.tes.ser.api.SimpleSerdesTesterBuilder$SimpleSerdesTester] (main) Using producer configuration: {apicurio.registry.find-latest=true, apicurio.registry.url=http://registry-app-mysql.apps.ci419.apicurio-testing.org:80/apis/registry/v3, apicurio.registry.artifact-resolver-strategy=io.apicurio.registry.serde.avro.strategy.TopicRecordIdStrategy, value.serializer=io.apicurio.registry.serde.avro.AvroKafkaSerializer, request.timeout.ms=5000, acks=all, bootstrap.servers=PLAINTEXT://localhost:32769, connections.max.idle.ms=10000, key.serializer=org.apache.kafka.common.serialization.StringSerializer, client.id=Producer-topic-bf4ad680_6409_4a31_a36c_b940c4e15ffc}
2025-08-06 18:54:50,913 INFO  [io.api.tes.ser.api.SimpleSerdesTesterBuilder$SimpleSerdesTester] (main) Using consumer configuration: {}
2025-08-06 18:54:50,915 INFO  [io.api.tes.ser.api.KafkaSerdesTester] (Thread-697) Sending message {"key11754506489693": "value-0"} to topic topic-bf4ad680_6409_4a31_a36c_b940c4e15ffc
2025-08-06 18:54:50,918 INFO  [org.apa.kaf.cli.Metadata] (kafka-producer-network-thread | Producer-topic-bf4ad680_6409_4a31_a36c_b940c4e15ffc) [Producer clientId=Producer-topic-bf4ad680_6409_4a31_a36c_b940c4e15ffc] Cluster ID: kF8Ua3WQTR-RR3LzMUds4A
2025-08-06 18:54:50,918 INFO  [org.apa.kaf.cli.pro.int.TransactionManager] (kafka-producer-network-thread | Producer-topic-bf4ad680_6409_4a31_a36c_b940c4e15ffc) [Producer clientId=Producer-topic-bf4ad680_6409_4a31_a36c_b940c4e15ffc] ProducerId set to 18 with epoch 0
2025-08-06 18:54:51,248 INFO  [io.api.tes.ser.api.KafkaSerdesTester] (Thread-697) Sending message {"key11754506489693": "value-1"} to topic topic-bf4ad680_6409_4a31_a36c_b940c4e15ffc
2025-08-06 18:54:51,249 INFO  [io.api.tes.ser.api.KafkaSerdesTester] (Thread-697) Sending message {"key11754506489693": "value-2"} to topic topic-bf4ad680_6409_4a31_a36c_b940c4e15ffc
2025-08-06 18:54:51,251 INFO  [io.api.tes.ser.api.KafkaSerdesTester] (Thread-697) Sending message {"key11754506489693": "value-3"} to topic topic-bf4ad680_6409_4a31_a36c_b940c4e15ffc
2025-08-06 18:54:51,253 INFO  [io.api.tes.ser.api.KafkaSerdesTester] (Thread-697) Sending message {"key11754506489693": "value-4"} to topic topic-bf4ad680_6409_4a31_a36c_b940c4e15ffc
2025-08-06 18:54:51,256 INFO  [io.api.tes.ser.api.KafkaSerdesTester] (Thread-697) Sending message {"key11754506489693": "value-5"} to topic topic-bf4ad680_6409_4a31_a36c_b940c4e15ffc
2025-08-06 18:54:51,259 INFO  [io.api.tes.ser.api.KafkaSerdesTester] (Thread-697) Sending message {"key11754506489693": "value-6"} to topic topic-bf4ad680_6409_4a31_a36c_b940c4e15ffc
2025-08-06 18:54:51,260 INFO  [io.api.tes.ser.api.KafkaSerdesTester] (Thread-697) Sending message {"key11754506489693": "value-7"} to topic topic-bf4ad680_6409_4a31_a36c_b940c4e15ffc
2025-08-06 18:54:51,262 INFO  [io.api.tes.ser.api.KafkaSerdesTester] (Thread-697) Sending message {"key11754506489693": "value-8"} to topic topic-bf4ad680_6409_4a31_a36c_b940c4e15ffc
2025-08-06 18:54:51,264 INFO  [io.api.tes.ser.api.KafkaSerdesTester] (Thread-697) Sending message {"key11754506489693": "value-9"} to topic topic-bf4ad680_6409_4a31_a36c_b940c4e15ffc
2025-08-06 18:54:51,265 INFO  [io.api.tes.ser.api.KafkaSerdesTester] (Thread-697) Produced 10 messages
2025-08-06 18:54:51,265 INFO  [org.apa.kaf.cli.pro.KafkaProducer] (Thread-697) [Producer clientId=Producer-topic-bf4ad680_6409_4a31_a36c_b940c4e15ffc] Closing the Kafka producer with timeoutMillis = 9223372036854775807 ms.
2025-08-06 18:54:51,268 INFO  [org.apa.kaf.com.met.Metrics] (Thread-697) Metrics scheduler closed
2025-08-06 18:54:51,268 INFO  [org.apa.kaf.com.met.Metrics] (Thread-697) Closing reporter org.apache.kafka.common.metrics.JmxReporter
2025-08-06 18:54:51,268 INFO  [org.apa.kaf.com.met.Metrics] (Thread-697) Closing reporter org.apache.kafka.common.telemetry.internals.ClientTelemetryReporter
2025-08-06 18:54:51,268 INFO  [org.apa.kaf.com.met.Metrics] (Thread-697) Metrics reporters closed
2025-08-06 18:54:51,268 INFO  [org.apa.kaf.com.uti.AppInfoParser] (Thread-697) App info kafka.producer for Producer-topic-bf4ad680_6409_4a31_a36c_b940c4e15ffc unregistered
**** Registry Base URL: http://registry-app-mysql.apps.ci419.apicurio-testing.org:80
2025-08-06 18:54:51,270 INFO  [org.apa.kaf.cli.con.ConsumerConfig] (main) ConsumerConfig values: 
	allow.auto.create.topics = true
	auto.commit.interval.ms = 500
	auto.include.jmx.reporter = true
	auto.offset.reset = earliest
	bootstrap.servers = [PLAINTEXT://localhost:32769]
	check.crcs = true
	client.dns.lookup = use_all_dns_ips
	client.id = consumer-Consumer-topic-bf4ad680_6409_4a31_a36c_b940c4e15ffc-13
	client.rack = 
	connections.max.idle.ms = 10000
	default.api.timeout.ms = 60000
	enable.auto.commit = true
	enable.metrics.push = true
	exclude.internal.topics = true
	fetch.max.bytes = 52428800
	fetch.max.wait.ms = 500
	fetch.min.bytes = 1
	group.id = Consumer-topic-bf4ad680_6409_4a31_a36c_b940c4e15ffc
	group.instance.id = null
	group.protocol = classic
	group.remote.assignor = null
	heartbeat.interval.ms = 3000
	interceptor.classes = []
	internal.leave.group.on.close = true
	internal.throw.on.fetch.stable.offset.unsupported = false
	isolation.level = read_uncommitted
	key.deserializer = class org.apache.kafka.common.serialization.StringDeserializer
	max.partition.fetch.bytes = 1048576
	max.poll.interval.ms = 300000
	max.poll.records = 500
	metadata.max.age.ms = 300000
	metadata.recovery.strategy = none
	metric.reporters = []
	metrics.num.samples = 2
	metrics.recording.level = INFO
	metrics.sample.window.ms = 30000
	partition.assignment.strategy = [class org.apache.kafka.clients.consumer.RangeAssignor, class org.apache.kafka.clients.consumer.CooperativeStickyAssignor]
	receive.buffer.bytes = 65536
	reconnect.backoff.max.ms = 1000
	reconnect.backoff.ms = 50
	request.timeout.ms = 5000
	retry.backoff.max.ms = 1000
	retry.backoff.ms = 100
	sasl.client.callback.handler.class = null
	sasl.jaas.config = null
	sasl.kerberos.kinit.cmd = /usr/bin/kinit
	sasl.kerberos.min.time.before.relogin = 60000
	sasl.kerberos.service.name = null
	sasl.kerberos.ticket.renew.jitter = 0.05
	sasl.kerberos.ticket.renew.window.factor = 0.8
	sasl.login.callback.handler.class = null
	sasl.login.class = null
	sasl.login.connect.timeout.ms = null
	sasl.login.read.timeout.ms = null
	sasl.login.refresh.buffer.seconds = 300
	sasl.login.refresh.min.period.seconds = 60
	sasl.login.refresh.window.factor = 0.8
	sasl.login.refresh.window.jitter = 0.05
	sasl.login.retry.backoff.max.ms = 10000
	sasl.login.retry.backoff.ms = 100
	sasl.mechanism = GSSAPI
	sasl.oauthbearer.clock.skew.seconds = 30
	sasl.oauthbearer.expected.audience = null
	sasl.oauthbearer.expected.issuer = null
	sasl.oauthbearer.header.urlencode = false
	sasl.oauthbearer.jwks.endpoint.refresh.ms = 3600000
	sasl.oauthbearer.jwks.endpoint.retry.backoff.max.ms = 10000
	sasl.oauthbearer.jwks.endpoint.retry.backoff.ms = 100
	sasl.oauthbearer.jwks.endpoint.url = null
	sasl.oauthbearer.scope.claim.name = scope
	sasl.oauthbearer.sub.claim.name = sub
	sasl.oauthbearer.token.endpoint.url = null
	security.protocol = PLAINTEXT
	security.providers = null
	send.buffer.bytes = 131072
	session.timeout.ms = 45000
	socket.connection.setup.timeout.max.ms = 30000
	socket.connection.setup.timeout.ms = 10000
	ssl.cipher.suites = null
	ssl.enabled.protocols = [TLSv1.2, TLSv1.3]
	ssl.endpoint.identification.algorithm = https
	ssl.engine.factory.class = null
	ssl.key.password = null
	ssl.keymanager.algorithm = SunX509
	ssl.keystore.certificate.chain = null
	ssl.keystore.key = null
	ssl.keystore.location = null
	ssl.keystore.password = null
	ssl.keystore.type = JKS
	ssl.protocol = TLSv1.3
	ssl.provider = null
	ssl.secure.random.implementation = null
	ssl.trustmanager.algorithm = PKIX
	ssl.truststore.certificates = null
	ssl.truststore.location = null
	ssl.truststore.password = null
	ssl.truststore.type = JKS
	value.deserializer = class io.apicurio.registry.serde.avro.AvroKafkaDeserializer

2025-08-06 18:54:51,270 INFO  [org.apa.kaf.com.tel.int.KafkaMetricsCollector] (main) initializing Kafka metrics collector
2025-08-06 18:54:51,279 INFO  [org.apa.kaf.cli.con.ConsumerConfig] (main) These configurations '[apicurio.registry.url]' were supplied but are not used yet.
2025-08-06 18:54:51,279 INFO  [org.apa.kaf.com.uti.AppInfoParser] (main) Kafka version: 3.9.1
2025-08-06 18:54:51,279 INFO  [org.apa.kaf.com.uti.AppInfoParser] (main) Kafka commitId: f745dfdcee2b9851
2025-08-06 18:54:51,279 INFO  [org.apa.kaf.com.uti.AppInfoParser] (main) Kafka startTimeMs: 1754506491279
2025-08-06 18:54:51,280 INFO  [org.apa.kaf.cli.con.int.ClassicKafkaConsumer] (Thread-700) [Consumer clientId=consumer-Consumer-topic-bf4ad680_6409_4a31_a36c_b940c4e15ffc-13, groupId=Consumer-topic-bf4ad680_6409_4a31_a36c_b940c4e15ffc] Subscribed to topic(s): topic-bf4ad680_6409_4a31_a36c_b940c4e15ffc
2025-08-06 18:54:51,285 INFO  [org.apa.kaf.cli.Metadata] (Thread-700) [Consumer clientId=consumer-Consumer-topic-bf4ad680_6409_4a31_a36c_b940c4e15ffc-13, groupId=Consumer-topic-bf4ad680_6409_4a31_a36c_b940c4e15ffc] Cluster ID: kF8Ua3WQTR-RR3LzMUds4A
2025-08-06 18:54:51,285 INFO  [org.apa.kaf.cli.con.int.ConsumerCoordinator] (Thread-700) [Consumer clientId=consumer-Consumer-topic-bf4ad680_6409_4a31_a36c_b940c4e15ffc-13, groupId=Consumer-topic-bf4ad680_6409_4a31_a36c_b940c4e15ffc] Discovered group coordinator localhost:32769 (id: 2147483647 rack: null)
2025-08-06 18:54:51,287 INFO  [org.apa.kaf.cli.con.int.ConsumerCoordinator] (Thread-700) [Consumer clientId=consumer-Consumer-topic-bf4ad680_6409_4a31_a36c_b940c4e15ffc-13, groupId=Consumer-topic-bf4ad680_6409_4a31_a36c_b940c4e15ffc] (Re-)joining group
2025-08-06 18:54:51,292 INFO  [org.apa.kaf.cli.con.int.ConsumerCoordinator] (Thread-700) [Consumer clientId=consumer-Consumer-topic-bf4ad680_6409_4a31_a36c_b940c4e15ffc-13, groupId=Consumer-topic-bf4ad680_6409_4a31_a36c_b940c4e15ffc] Request joining group due to: need to re-join with the given member-id: consumer-Consumer-topic-bf4ad680_6409_4a31_a36c_b940c4e15ffc-13-9328e3c5-f0a5-48ec-9cbc-7349e684922d
2025-08-06 18:54:51,292 INFO  [org.apa.kaf.cli.con.int.ConsumerCoordinator] (Thread-700) [Consumer clientId=consumer-Consumer-topic-bf4ad680_6409_4a31_a36c_b940c4e15ffc-13, groupId=Consumer-topic-bf4ad680_6409_4a31_a36c_b940c4e15ffc] (Re-)joining group
2025-08-06 18:54:52,280 INFO  [io.api.tes.ser.api.KafkaSerdesTester] (Thread-700) None found
2025-08-06 18:54:53,281 INFO  [io.api.tes.ser.api.KafkaSerdesTester] (Thread-700) None found
2025-08-06 18:54:54,281 INFO  [io.api.tes.ser.api.KafkaSerdesTester] (Thread-700) None found
2025-08-06 18:54:54,294 INFO  [org.apa.kaf.cli.con.int.ConsumerCoordinator] (Thread-700) [Consumer clientId=consumer-Consumer-topic-bf4ad680_6409_4a31_a36c_b940c4e15ffc-13, groupId=Consumer-topic-bf4ad680_6409_4a31_a36c_b940c4e15ffc] Successfully joined group with generation Generation{generationId=1, memberId='consumer-Consumer-topic-bf4ad680_6409_4a31_a36c_b940c4e15ffc-13-9328e3c5-f0a5-48ec-9cbc-7349e684922d', protocol='range'}
2025-08-06 18:54:54,294 INFO  [org.apa.kaf.cli.con.int.ConsumerCoordinator] (Thread-700) [Consumer clientId=consumer-Consumer-topic-bf4ad680_6409_4a31_a36c_b940c4e15ffc-13, groupId=Consumer-topic-bf4ad680_6409_4a31_a36c_b940c4e15ffc] Finished assignment for group at generation 1: {consumer-Consumer-topic-bf4ad680_6409_4a31_a36c_b940c4e15ffc-13-9328e3c5-f0a5-48ec-9cbc-7349e684922d=Assignment(partitions=[topic-bf4ad680_6409_4a31_a36c_b940c4e15ffc-0])}
2025-08-06 18:54:54,301 INFO  [org.apa.kaf.cli.con.int.ConsumerCoordinator] (Thread-700) [Consumer clientId=consumer-Consumer-topic-bf4ad680_6409_4a31_a36c_b940c4e15ffc-13, groupId=Consumer-topic-bf4ad680_6409_4a31_a36c_b940c4e15ffc] Successfully synced group in generation Generation{generationId=1, memberId='consumer-Consumer-topic-bf4ad680_6409_4a31_a36c_b940c4e15ffc-13-9328e3c5-f0a5-48ec-9cbc-7349e684922d', protocol='range'}
2025-08-06 18:54:54,301 INFO  [org.apa.kaf.cli.con.int.ConsumerCoordinator] (Thread-700) [Consumer clientId=consumer-Consumer-topic-bf4ad680_6409_4a31_a36c_b940c4e15ffc-13, groupId=Consumer-topic-bf4ad680_6409_4a31_a36c_b940c4e15ffc] Notifying assignor about the new Assignment(partitions=[topic-bf4ad680_6409_4a31_a36c_b940c4e15ffc-0])
2025-08-06 18:54:54,301 INFO  [org.apa.kaf.cli.con.int.ConsumerRebalanceListenerInvoker] (Thread-700) [Consumer clientId=consumer-Consumer-topic-bf4ad680_6409_4a31_a36c_b940c4e15ffc-13, groupId=Consumer-topic-bf4ad680_6409_4a31_a36c_b940c4e15ffc] Adding newly assigned partitions: topic-bf4ad680_6409_4a31_a36c_b940c4e15ffc-0
2025-08-06 18:54:54,302 INFO  [org.apa.kaf.cli.con.int.ConsumerCoordinator] (Thread-700) [Consumer clientId=consumer-Consumer-topic-bf4ad680_6409_4a31_a36c_b940c4e15ffc-13, groupId=Consumer-topic-bf4ad680_6409_4a31_a36c_b940c4e15ffc] Found no committed offset for partition topic-bf4ad680_6409_4a31_a36c_b940c4e15ffc-0
2025-08-06 18:54:54,305 INFO  [org.apa.kaf.cli.con.int.SubscriptionState] (Thread-700) [Consumer clientId=consumer-Consumer-topic-bf4ad680_6409_4a31_a36c_b940c4e15ffc-13, groupId=Consumer-topic-bf4ad680_6409_4a31_a36c_b940c4e15ffc] Resetting offset for partition topic-bf4ad680_6409_4a31_a36c_b940c4e15ffc-0 to position FetchPosition{offset=0, offsetEpoch=Optional.empty, currentLeader=LeaderAndEpoch{leader=Optional[localhost:32769 (id: 0 rack: null)], epoch=0}}.
2025-08-06 18:54:54,540 INFO  [io.api.tes.ser.api.KafkaSerdesTester] (Thread-700) topic-bf4ad680_6409_4a31_a36c_b940c4e15ffc 0 0 {"key11754506489693": "value-0"}
2025-08-06 18:54:54,540 INFO  [io.api.tes.ser.api.KafkaSerdesTester] (Thread-700) topic-bf4ad680_6409_4a31_a36c_b940c4e15ffc 0 1 {"key11754506489693": "value-1"}
2025-08-06 18:54:54,540 INFO  [io.api.tes.ser.api.KafkaSerdesTester] (Thread-700) topic-bf4ad680_6409_4a31_a36c_b940c4e15ffc 0 2 {"key11754506489693": "value-2"}
2025-08-06 18:54:54,540 INFO  [io.api.tes.ser.api.KafkaSerdesTester] (Thread-700) topic-bf4ad680_6409_4a31_a36c_b940c4e15ffc 0 3 {"key11754506489693": "value-3"}
2025-08-06 18:54:54,540 INFO  [io.api.tes.ser.api.KafkaSerdesTester] (Thread-700) topic-bf4ad680_6409_4a31_a36c_b940c4e15ffc 0 4 {"key11754506489693": "value-4"}
2025-08-06 18:54:54,540 INFO  [io.api.tes.ser.api.KafkaSerdesTester] (Thread-700) topic-bf4ad680_6409_4a31_a36c_b940c4e15ffc 0 5 {"key11754506489693": "value-5"}
2025-08-06 18:54:54,540 INFO  [io.api.tes.ser.api.KafkaSerdesTester] (Thread-700) topic-bf4ad680_6409_4a31_a36c_b940c4e15ffc 0 6 {"key11754506489693": "value-6"}
2025-08-06 18:54:54,541 INFO  [io.api.tes.ser.api.KafkaSerdesTester] (Thread-700) topic-bf4ad680_6409_4a31_a36c_b940c4e15ffc 0 7 {"key11754506489693": "value-7"}
2025-08-06 18:54:54,541 INFO  [io.api.tes.ser.api.KafkaSerdesTester] (Thread-700) topic-bf4ad680_6409_4a31_a36c_b940c4e15ffc 0 8 {"key11754506489693": "value-8"}
2025-08-06 18:54:54,541 INFO  [io.api.tes.ser.api.KafkaSerdesTester] (Thread-700) topic-bf4ad680_6409_4a31_a36c_b940c4e15ffc 0 9 {"key11754506489693": "value-9"}
2025-08-06 18:54:54,541 INFO  [io.api.tes.ser.api.KafkaSerdesTester] (Thread-700) Consumed 10 messages
2025-08-06 18:54:54,551 INFO  [org.apa.kaf.cli.con.int.ConsumerRebalanceListenerInvoker] (Thread-700) [Consumer clientId=consumer-Consumer-topic-bf4ad680_6409_4a31_a36c_b940c4e15ffc-13, groupId=Consumer-topic-bf4ad680_6409_4a31_a36c_b940c4e15ffc] Revoke previously assigned partitions topic-bf4ad680_6409_4a31_a36c_b940c4e15ffc-0
2025-08-06 18:54:54,551 INFO  [org.apa.kaf.cli.con.int.ConsumerCoordinator] (Thread-700) [Consumer clientId=consumer-Consumer-topic-bf4ad680_6409_4a31_a36c_b940c4e15ffc-13, groupId=Consumer-topic-bf4ad680_6409_4a31_a36c_b940c4e15ffc] Member consumer-Consumer-topic-bf4ad680_6409_4a31_a36c_b940c4e15ffc-13-9328e3c5-f0a5-48ec-9cbc-7349e684922d sending LeaveGroup request to coordinator localhost:32769 (id: 2147483647 rack: null) due to the consumer is being closed
2025-08-06 18:54:54,551 INFO  [org.apa.kaf.cli.con.int.ConsumerCoordinator] (Thread-700) [Consumer clientId=consumer-Consumer-topic-bf4ad680_6409_4a31_a36c_b940c4e15ffc-13, groupId=Consumer-topic-bf4ad680_6409_4a31_a36c_b940c4e15ffc] Resetting generation and member id due to: consumer pro-actively leaving the group
2025-08-06 18:54:54,551 INFO  [org.apa.kaf.cli.con.int.ConsumerCoordinator] (Thread-700) [Consumer clientId=consumer-Consumer-topic-bf4ad680_6409_4a31_a36c_b940c4e15ffc-13, groupId=Consumer-topic-bf4ad680_6409_4a31_a36c_b940c4e15ffc] Request joining group due to: consumer pro-actively leaving the group
2025-08-06 18:54:55,043 INFO  [org.apa.kaf.com.met.Metrics] (Thread-700) Metrics scheduler closed
2025-08-06 18:54:55,043 INFO  [org.apa.kaf.com.met.Metrics] (Thread-700) Closing reporter org.apache.kafka.common.metrics.JmxReporter
2025-08-06 18:54:55,044 INFO  [org.apa.kaf.com.met.Metrics] (Thread-700) Closing reporter org.apache.kafka.common.telemetry.internals.ClientTelemetryReporter
2025-08-06 18:54:55,044 INFO  [org.apa.kaf.com.met.Metrics] (Thread-700) Metrics reporters closed
2025-08-06 18:54:55,046 INFO  [org.apa.kaf.com.uti.AppInfoParser] (Thread-700) App info kafka.consumer for consumer-Consumer-topic-bf4ad680_6409_4a31_a36c_b940c4e15ffc-13 unregistered
2025-08-06 18:54:55,046 INFO  [io.api.tes.uti.TestSeparator] (main) io.apicurio.tests.serdes.apicurio.AvroSerdeIT.testTopicRecordIdStrategydFindLatest-FINISHED
2025-08-06 18:54:55,046 INFO  [io.api.tes.uti.TestSeparator] (main) ############################################################################
Test passed: testTopicRecordIdStrategydFindLatest
]]></system-out>
  </testcase>
  <testcase name="testAvroConfluentForMultipleTopics" classname="io.apicurio.tests.serdes.apicurio.AvroSerdeIT" time="13.14">
    <system-out><![CDATA[2025-08-06 18:54:55,047 INFO  [io.api.tes.uti.TestSeparator] (main) ############################################################################
2025-08-06 18:54:55,047 INFO  [io.api.tes.uti.TestSeparator] (main) io.apicurio.tests.serdes.apicurio.AvroSerdeIT.testAvroConfluentForMultipleTopics-STARTED
2025-08-06 18:54:55,051 INFO  [io.api.tes.ser.api.AvroSerdeIT] (main) Registering Avro Schema: {"type":"record","name":"myrecordconfluent","fields":[{"name":"key11754506495050","type":"string"}]}
**** Registry Base URL: http://registry-app-mysql.apps.ci419.apicurio-testing.org:80
2025-08-06 18:54:56,258 INFO  [org.apa.kaf.cli.pro.ProducerConfig] (main) ProducerConfig values: 
	acks = -1
	auto.include.jmx.reporter = true
	batch.size = 16384
	bootstrap.servers = [PLAINTEXT://localhost:32769]
	buffer.memory = 33554432
	client.dns.lookup = use_all_dns_ips
	client.id = Producer-topic-9b458a1d_2d55_442c_a329_a4132520b12a
	compression.gzip.level = -1
	compression.lz4.level = 9
	compression.type = none
	compression.zstd.level = 3
	connections.max.idle.ms = 10000
	delivery.timeout.ms = 120000
	enable.idempotence = true
	enable.metrics.push = true
	interceptor.classes = []
	key.serializer = class org.apache.kafka.common.serialization.StringSerializer
	linger.ms = 0
	max.block.ms = 60000
	max.in.flight.requests.per.connection = 5
	max.request.size = 1048576
	metadata.max.age.ms = 300000
	metadata.max.idle.ms = 300000
	metadata.recovery.strategy = none
	metric.reporters = []
	metrics.num.samples = 2
	metrics.recording.level = INFO
	metrics.sample.window.ms = 30000
	partitioner.adaptive.partitioning.enable = true
	partitioner.availability.timeout.ms = 0
	partitioner.class = null
	partitioner.ignore.keys = false
	receive.buffer.bytes = 32768
	reconnect.backoff.max.ms = 1000
	reconnect.backoff.ms = 50
	request.timeout.ms = 5000
	retries = 2147483647
	retry.backoff.max.ms = 1000
	retry.backoff.ms = 100
	sasl.client.callback.handler.class = null
	sasl.jaas.config = null
	sasl.kerberos.kinit.cmd = /usr/bin/kinit
	sasl.kerberos.min.time.before.relogin = 60000
	sasl.kerberos.service.name = null
	sasl.kerberos.ticket.renew.jitter = 0.05
	sasl.kerberos.ticket.renew.window.factor = 0.8
	sasl.login.callback.handler.class = null
	sasl.login.class = null
	sasl.login.connect.timeout.ms = null
	sasl.login.read.timeout.ms = null
	sasl.login.refresh.buffer.seconds = 300
	sasl.login.refresh.min.period.seconds = 60
	sasl.login.refresh.window.factor = 0.8
	sasl.login.refresh.window.jitter = 0.05
	sasl.login.retry.backoff.max.ms = 10000
	sasl.login.retry.backoff.ms = 100
	sasl.mechanism = GSSAPI
	sasl.oauthbearer.clock.skew.seconds = 30
	sasl.oauthbearer.expected.audience = null
	sasl.oauthbearer.expected.issuer = null
	sasl.oauthbearer.header.urlencode = false
	sasl.oauthbearer.jwks.endpoint.refresh.ms = 3600000
	sasl.oauthbearer.jwks.endpoint.retry.backoff.max.ms = 10000
	sasl.oauthbearer.jwks.endpoint.retry.backoff.ms = 100
	sasl.oauthbearer.jwks.endpoint.url = null
	sasl.oauthbearer.scope.claim.name = scope
	sasl.oauthbearer.sub.claim.name = sub
	sasl.oauthbearer.token.endpoint.url = null
	security.protocol = PLAINTEXT
	security.providers = null
	send.buffer.bytes = 131072
	socket.connection.setup.timeout.max.ms = 30000
	socket.connection.setup.timeout.ms = 10000
	ssl.cipher.suites = null
	ssl.enabled.protocols = [TLSv1.2, TLSv1.3]
	ssl.endpoint.identification.algorithm = https
	ssl.engine.factory.class = null
	ssl.key.password = null
	ssl.keymanager.algorithm = SunX509
	ssl.keystore.certificate.chain = null
	ssl.keystore.key = null
	ssl.keystore.location = null
	ssl.keystore.password = null
	ssl.keystore.type = JKS
	ssl.protocol = TLSv1.3
	ssl.provider = null
	ssl.secure.random.implementation = null
	ssl.trustmanager.algorithm = PKIX
	ssl.truststore.certificates = null
	ssl.truststore.location = null
	ssl.truststore.password = null
	ssl.truststore.type = JKS
	transaction.timeout.ms = 60000
	transactional.id = null
	value.serializer = class io.apicurio.registry.serde.avro.AvroKafkaSerializer

2025-08-06 18:54:56,258 INFO  [org.apa.kaf.com.tel.int.KafkaMetricsCollector] (main) initializing Kafka metrics collector
2025-08-06 18:54:56,262 INFO  [org.apa.kaf.cli.pro.KafkaProducer] (main) [Producer clientId=Producer-topic-9b458a1d_2d55_442c_a329_a4132520b12a] Instantiated an idempotent producer.
2025-08-06 18:54:56,263 INFO  [org.apa.kaf.cli.pro.ProducerConfig] (main) These configurations '[apicurio.registry.url, apicurio.registry.artifact-resolver-strategy]' were supplied but are not used yet.
2025-08-06 18:54:56,263 INFO  [org.apa.kaf.com.uti.AppInfoParser] (main) Kafka version: 3.9.1
2025-08-06 18:54:56,264 INFO  [org.apa.kaf.com.uti.AppInfoParser] (main) Kafka commitId: f745dfdcee2b9851
2025-08-06 18:54:56,264 INFO  [org.apa.kaf.com.uti.AppInfoParser] (main) Kafka startTimeMs: 1754506496263
**** Registry Base URL: http://registry-app-mysql.apps.ci419.apicurio-testing.org:80
2025-08-06 18:54:56,264 INFO  [org.apa.kaf.cli.pro.ProducerConfig] (main) ProducerConfig values: 
	acks = -1
	auto.include.jmx.reporter = true
	batch.size = 16384
	bootstrap.servers = [PLAINTEXT://localhost:32769]
	buffer.memory = 33554432
	client.dns.lookup = use_all_dns_ips
	client.id = Producer-topic-dbeed0ce_5b39_48b5_bac4_73806392a574
	compression.gzip.level = -1
	compression.lz4.level = 9
	compression.type = none
	compression.zstd.level = 3
	connections.max.idle.ms = 10000
	delivery.timeout.ms = 120000
	enable.idempotence = true
	enable.metrics.push = true
	interceptor.classes = []
	key.serializer = class org.apache.kafka.common.serialization.StringSerializer
	linger.ms = 0
	max.block.ms = 60000
	max.in.flight.requests.per.connection = 5
	max.request.size = 1048576
	metadata.max.age.ms = 300000
	metadata.max.idle.ms = 300000
	metadata.recovery.strategy = none
	metric.reporters = []
	metrics.num.samples = 2
	metrics.recording.level = INFO
	metrics.sample.window.ms = 30000
	partitioner.adaptive.partitioning.enable = true
	partitioner.availability.timeout.ms = 0
	partitioner.class = null
	partitioner.ignore.keys = false
	receive.buffer.bytes = 32768
	reconnect.backoff.max.ms = 1000
	reconnect.backoff.ms = 50
	request.timeout.ms = 5000
	retries = 2147483647
	retry.backoff.max.ms = 1000
	retry.backoff.ms = 100
	sasl.client.callback.handler.class = null
	sasl.jaas.config = null
	sasl.kerberos.kinit.cmd = /usr/bin/kinit
	sasl.kerberos.min.time.before.relogin = 60000
	sasl.kerberos.service.name = null
	sasl.kerberos.ticket.renew.jitter = 0.05
	sasl.kerberos.ticket.renew.window.factor = 0.8
	sasl.login.callback.handler.class = null
	sasl.login.class = null
	sasl.login.connect.timeout.ms = null
	sasl.login.read.timeout.ms = null
	sasl.login.refresh.buffer.seconds = 300
	sasl.login.refresh.min.period.seconds = 60
	sasl.login.refresh.window.factor = 0.8
	sasl.login.refresh.window.jitter = 0.05
	sasl.login.retry.backoff.max.ms = 10000
	sasl.login.retry.backoff.ms = 100
	sasl.mechanism = GSSAPI
	sasl.oauthbearer.clock.skew.seconds = 30
	sasl.oauthbearer.expected.audience = null
	sasl.oauthbearer.expected.issuer = null
	sasl.oauthbearer.header.urlencode = false
	sasl.oauthbearer.jwks.endpoint.refresh.ms = 3600000
	sasl.oauthbearer.jwks.endpoint.retry.backoff.max.ms = 10000
	sasl.oauthbearer.jwks.endpoint.retry.backoff.ms = 100
	sasl.oauthbearer.jwks.endpoint.url = null
	sasl.oauthbearer.scope.claim.name = scope
	sasl.oauthbearer.sub.claim.name = sub
	sasl.oauthbearer.token.endpoint.url = null
	security.protocol = PLAINTEXT
	security.providers = null
	send.buffer.bytes = 131072
	socket.connection.setup.timeout.max.ms = 30000
	socket.connection.setup.timeout.ms = 10000
	ssl.cipher.suites = null
	ssl.enabled.protocols = [TLSv1.2, TLSv1.3]
	ssl.endpoint.identification.algorithm = https
	ssl.engine.factory.class = null
	ssl.key.password = null
	ssl.keymanager.algorithm = SunX509
	ssl.keystore.certificate.chain = null
	ssl.keystore.key = null
	ssl.keystore.location = null
	ssl.keystore.password = null
	ssl.keystore.type = JKS
	ssl.protocol = TLSv1.3
	ssl.provider = null
	ssl.secure.random.implementation = null
	ssl.trustmanager.algorithm = PKIX
	ssl.truststore.certificates = null
	ssl.truststore.location = null
	ssl.truststore.password = null
	ssl.truststore.type = JKS
	transaction.timeout.ms = 60000
	transactional.id = null
	value.serializer = class io.apicurio.registry.serde.avro.AvroKafkaSerializer

2025-08-06 18:54:56,264 INFO  [org.apa.kaf.com.tel.int.KafkaMetricsCollector] (main) initializing Kafka metrics collector
2025-08-06 18:54:56,272 INFO  [org.apa.kaf.cli.Metadata] (kafka-producer-network-thread | Producer-topic-9b458a1d_2d55_442c_a329_a4132520b12a) [Producer clientId=Producer-topic-9b458a1d_2d55_442c_a329_a4132520b12a] Cluster ID: kF8Ua3WQTR-RR3LzMUds4A
2025-08-06 18:54:56,273 INFO  [org.apa.kaf.cli.pro.int.TransactionManager] (kafka-producer-network-thread | Producer-topic-9b458a1d_2d55_442c_a329_a4132520b12a) [Producer clientId=Producer-topic-9b458a1d_2d55_442c_a329_a4132520b12a] ProducerId set to 19 with epoch 0
2025-08-06 18:54:56,274 INFO  [org.apa.kaf.cli.pro.KafkaProducer] (main) [Producer clientId=Producer-topic-dbeed0ce_5b39_48b5_bac4_73806392a574] Instantiated an idempotent producer.
2025-08-06 18:54:56,276 INFO  [org.apa.kaf.cli.pro.ProducerConfig] (main) These configurations '[apicurio.registry.url, apicurio.registry.artifact-resolver-strategy]' were supplied but are not used yet.
2025-08-06 18:54:56,276 INFO  [org.apa.kaf.com.uti.AppInfoParser] (main) Kafka version: 3.9.1
2025-08-06 18:54:56,276 INFO  [org.apa.kaf.com.uti.AppInfoParser] (main) Kafka commitId: f745dfdcee2b9851
2025-08-06 18:54:56,276 INFO  [org.apa.kaf.com.uti.AppInfoParser] (main) Kafka startTimeMs: 1754506496276
**** Registry Base URL: http://registry-app-mysql.apps.ci419.apicurio-testing.org:80
2025-08-06 18:54:56,276 INFO  [org.apa.kaf.cli.pro.ProducerConfig] (main) ProducerConfig values: 
	acks = -1
	auto.include.jmx.reporter = true
	batch.size = 16384
	bootstrap.servers = [PLAINTEXT://localhost:32769]
	buffer.memory = 33554432
	client.dns.lookup = use_all_dns_ips
	client.id = Producer-topic-689179ba_5bf6_4dff_92e0_a64260368b4a
	compression.gzip.level = -1
	compression.lz4.level = 9
	compression.type = none
	compression.zstd.level = 3
	connections.max.idle.ms = 10000
	delivery.timeout.ms = 120000
	enable.idempotence = true
	enable.metrics.push = true
	interceptor.classes = []
	key.serializer = class org.apache.kafka.common.serialization.StringSerializer
	linger.ms = 0
	max.block.ms = 60000
	max.in.flight.requests.per.connection = 5
	max.request.size = 1048576
	metadata.max.age.ms = 300000
	metadata.max.idle.ms = 300000
	metadata.recovery.strategy = none
	metric.reporters = []
	metrics.num.samples = 2
	metrics.recording.level = INFO
	metrics.sample.window.ms = 30000
	partitioner.adaptive.partitioning.enable = true
	partitioner.availability.timeout.ms = 0
	partitioner.class = null
	partitioner.ignore.keys = false
	receive.buffer.bytes = 32768
	reconnect.backoff.max.ms = 1000
	reconnect.backoff.ms = 50
	request.timeout.ms = 5000
	retries = 2147483647
	retry.backoff.max.ms = 1000
	retry.backoff.ms = 100
	sasl.client.callback.handler.class = null
	sasl.jaas.config = null
	sasl.kerberos.kinit.cmd = /usr/bin/kinit
	sasl.kerberos.min.time.before.relogin = 60000
	sasl.kerberos.service.name = null
	sasl.kerberos.ticket.renew.jitter = 0.05
	sasl.kerberos.ticket.renew.window.factor = 0.8
	sasl.login.callback.handler.class = null
	sasl.login.class = null
	sasl.login.connect.timeout.ms = null
	sasl.login.read.timeout.ms = null
	sasl.login.refresh.buffer.seconds = 300
	sasl.login.refresh.min.period.seconds = 60
	sasl.login.refresh.window.factor = 0.8
	sasl.login.refresh.window.jitter = 0.05
	sasl.login.retry.backoff.max.ms = 10000
	sasl.login.retry.backoff.ms = 100
	sasl.mechanism = GSSAPI
	sasl.oauthbearer.clock.skew.seconds = 30
	sasl.oauthbearer.expected.audience = null
	sasl.oauthbearer.expected.issuer = null
	sasl.oauthbearer.header.urlencode = false
	sasl.oauthbearer.jwks.endpoint.refresh.ms = 3600000
	sasl.oauthbearer.jwks.endpoint.retry.backoff.max.ms = 10000
	sasl.oauthbearer.jwks.endpoint.retry.backoff.ms = 100
	sasl.oauthbearer.jwks.endpoint.url = null
	sasl.oauthbearer.scope.claim.name = scope
	sasl.oauthbearer.sub.claim.name = sub
	sasl.oauthbearer.token.endpoint.url = null
	security.protocol = PLAINTEXT
	security.providers = null
	send.buffer.bytes = 131072
	socket.connection.setup.timeout.max.ms = 30000
	socket.connection.setup.timeout.ms = 10000
	ssl.cipher.suites = null
	ssl.enabled.protocols = [TLSv1.2, TLSv1.3]
	ssl.endpoint.identification.algorithm = https
	ssl.engine.factory.class = null
	ssl.key.password = null
	ssl.keymanager.algorithm = SunX509
	ssl.keystore.certificate.chain = null
	ssl.keystore.key = null
	ssl.keystore.location = null
	ssl.keystore.password = null
	ssl.keystore.type = JKS
	ssl.protocol = TLSv1.3
	ssl.provider = null
	ssl.secure.random.implementation = null
	ssl.trustmanager.algorithm = PKIX
	ssl.truststore.certificates = null
	ssl.truststore.location = null
	ssl.truststore.password = null
	ssl.truststore.type = JKS
	transaction.timeout.ms = 60000
	transactional.id = null
	value.serializer = class io.apicurio.registry.serde.avro.AvroKafkaSerializer

2025-08-06 18:54:56,277 INFO  [org.apa.kaf.com.tel.int.KafkaMetricsCollector] (main) initializing Kafka metrics collector
2025-08-06 18:54:56,279 INFO  [org.apa.kaf.cli.Metadata] (kafka-producer-network-thread | Producer-topic-dbeed0ce_5b39_48b5_bac4_73806392a574) [Producer clientId=Producer-topic-dbeed0ce_5b39_48b5_bac4_73806392a574] Cluster ID: kF8Ua3WQTR-RR3LzMUds4A
2025-08-06 18:54:56,282 INFO  [org.apa.kaf.cli.pro.int.TransactionManager] (kafka-producer-network-thread | Producer-topic-dbeed0ce_5b39_48b5_bac4_73806392a574) [Producer clientId=Producer-topic-dbeed0ce_5b39_48b5_bac4_73806392a574] ProducerId set to 20 with epoch 0
2025-08-06 18:54:56,283 INFO  [org.apa.kaf.cli.pro.KafkaProducer] (main) [Producer clientId=Producer-topic-689179ba_5bf6_4dff_92e0_a64260368b4a] Instantiated an idempotent producer.
2025-08-06 18:54:56,289 INFO  [org.apa.kaf.cli.pro.ProducerConfig] (main) These configurations '[apicurio.registry.url, apicurio.registry.artifact-resolver-strategy]' were supplied but are not used yet.
2025-08-06 18:54:56,289 INFO  [org.apa.kaf.com.uti.AppInfoParser] (main) Kafka version: 3.9.1
2025-08-06 18:54:56,289 INFO  [org.apa.kaf.com.uti.AppInfoParser] (main) Kafka commitId: f745dfdcee2b9851
2025-08-06 18:54:56,289 INFO  [org.apa.kaf.com.uti.AppInfoParser] (main) Kafka startTimeMs: 1754506496289
**** Registry Base URL: http://registry-app-mysql.apps.ci419.apicurio-testing.org:80
2025-08-06 18:54:56,289 INFO  [org.apa.kaf.cli.con.ConsumerConfig] (main) ConsumerConfig values: 
	allow.auto.create.topics = true
	auto.commit.interval.ms = 500
	auto.include.jmx.reporter = true
	auto.offset.reset = earliest
	bootstrap.servers = [PLAINTEXT://localhost:32769]
	check.crcs = true
	client.dns.lookup = use_all_dns_ips
	client.id = consumer-Consumer-topic-9b458a1d_2d55_442c_a329_a4132520b12a-14
	client.rack = 
	connections.max.idle.ms = 10000
	default.api.timeout.ms = 60000
	enable.auto.commit = true
	enable.metrics.push = true
	exclude.internal.topics = true
	fetch.max.bytes = 52428800
	fetch.max.wait.ms = 500
	fetch.min.bytes = 1
	group.id = Consumer-topic-9b458a1d_2d55_442c_a329_a4132520b12a
	group.instance.id = null
	group.protocol = classic
	group.remote.assignor = null
	heartbeat.interval.ms = 3000
	interceptor.classes = []
	internal.leave.group.on.close = true
	internal.throw.on.fetch.stable.offset.unsupported = false
	isolation.level = read_uncommitted
	key.deserializer = class org.apache.kafka.common.serialization.StringDeserializer
	max.partition.fetch.bytes = 1048576
	max.poll.interval.ms = 300000
	max.poll.records = 500
	metadata.max.age.ms = 300000
	metadata.recovery.strategy = none
	metric.reporters = []
	metrics.num.samples = 2
	metrics.recording.level = INFO
	metrics.sample.window.ms = 30000
	partition.assignment.strategy = [class org.apache.kafka.clients.consumer.RangeAssignor, class org.apache.kafka.clients.consumer.CooperativeStickyAssignor]
	receive.buffer.bytes = 65536
	reconnect.backoff.max.ms = 1000
	reconnect.backoff.ms = 50
	request.timeout.ms = 5000
	retry.backoff.max.ms = 1000
	retry.backoff.ms = 100
	sasl.client.callback.handler.class = null
	sasl.jaas.config = null
	sasl.kerberos.kinit.cmd = /usr/bin/kinit
	sasl.kerberos.min.time.before.relogin = 60000
	sasl.kerberos.service.name = null
	sasl.kerberos.ticket.renew.jitter = 0.05
	sasl.kerberos.ticket.renew.window.factor = 0.8
	sasl.login.callback.handler.class = null
	sasl.login.class = null
	sasl.login.connect.timeout.ms = null
	sasl.login.read.timeout.ms = null
	sasl.login.refresh.buffer.seconds = 300
	sasl.login.refresh.min.period.seconds = 60
	sasl.login.refresh.window.factor = 0.8
	sasl.login.refresh.window.jitter = 0.05
	sasl.login.retry.backoff.max.ms = 10000
	sasl.login.retry.backoff.ms = 100
	sasl.mechanism = GSSAPI
	sasl.oauthbearer.clock.skew.seconds = 30
	sasl.oauthbearer.expected.audience = null
	sasl.oauthbearer.expected.issuer = null
	sasl.oauthbearer.header.urlencode = false
	sasl.oauthbearer.jwks.endpoint.refresh.ms = 3600000
	sasl.oauthbearer.jwks.endpoint.retry.backoff.max.ms = 10000
	sasl.oauthbearer.jwks.endpoint.retry.backoff.ms = 100
	sasl.oauthbearer.jwks.endpoint.url = null
	sasl.oauthbearer.scope.claim.name = scope
	sasl.oauthbearer.sub.claim.name = sub
	sasl.oauthbearer.token.endpoint.url = null
	security.protocol = PLAINTEXT
	security.providers = null
	send.buffer.bytes = 131072
	session.timeout.ms = 45000
	socket.connection.setup.timeout.max.ms = 30000
	socket.connection.setup.timeout.ms = 10000
	ssl.cipher.suites = null
	ssl.enabled.protocols = [TLSv1.2, TLSv1.3]
	ssl.endpoint.identification.algorithm = https
	ssl.engine.factory.class = null
	ssl.key.password = null
	ssl.keymanager.algorithm = SunX509
	ssl.keystore.certificate.chain = null
	ssl.keystore.key = null
	ssl.keystore.location = null
	ssl.keystore.password = null
	ssl.keystore.type = JKS
	ssl.protocol = TLSv1.3
	ssl.provider = null
	ssl.secure.random.implementation = null
	ssl.trustmanager.algorithm = PKIX
	ssl.truststore.certificates = null
	ssl.truststore.location = null
	ssl.truststore.password = null
	ssl.truststore.type = JKS
	value.deserializer = class io.apicurio.registry.serde.avro.AvroKafkaDeserializer

2025-08-06 18:54:56,290 INFO  [org.apa.kaf.com.tel.int.KafkaMetricsCollector] (main) initializing Kafka metrics collector
2025-08-06 18:54:56,295 INFO  [org.apa.kaf.cli.Metadata] (kafka-producer-network-thread | Producer-topic-689179ba_5bf6_4dff_92e0_a64260368b4a) [Producer clientId=Producer-topic-689179ba_5bf6_4dff_92e0_a64260368b4a] Cluster ID: kF8Ua3WQTR-RR3LzMUds4A
2025-08-06 18:54:56,298 INFO  [org.apa.kaf.cli.pro.int.TransactionManager] (kafka-producer-network-thread | Producer-topic-689179ba_5bf6_4dff_92e0_a64260368b4a) [Producer clientId=Producer-topic-689179ba_5bf6_4dff_92e0_a64260368b4a] ProducerId set to 21 with epoch 0
2025-08-06 18:54:56,299 INFO  [org.apa.kaf.cli.con.ConsumerConfig] (main) These configurations '[apicurio.registry.url]' were supplied but are not used yet.
2025-08-06 18:54:56,299 INFO  [org.apa.kaf.com.uti.AppInfoParser] (main) Kafka version: 3.9.1
2025-08-06 18:54:56,299 INFO  [org.apa.kaf.com.uti.AppInfoParser] (main) Kafka commitId: f745dfdcee2b9851
2025-08-06 18:54:56,299 INFO  [org.apa.kaf.com.uti.AppInfoParser] (main) Kafka startTimeMs: 1754506496299
**** Registry Base URL: http://registry-app-mysql.apps.ci419.apicurio-testing.org:80
2025-08-06 18:54:56,300 INFO  [org.apa.kaf.cli.con.ConsumerConfig] (main) ConsumerConfig values: 
	allow.auto.create.topics = true
	auto.commit.interval.ms = 500
	auto.include.jmx.reporter = true
	auto.offset.reset = earliest
	bootstrap.servers = [PLAINTEXT://localhost:32769]
	check.crcs = true
	client.dns.lookup = use_all_dns_ips
	client.id = consumer-Consumer-topic-dbeed0ce_5b39_48b5_bac4_73806392a574-15
	client.rack = 
	connections.max.idle.ms = 10000
	default.api.timeout.ms = 60000
	enable.auto.commit = true
	enable.metrics.push = true
	exclude.internal.topics = true
	fetch.max.bytes = 52428800
	fetch.max.wait.ms = 500
	fetch.min.bytes = 1
	group.id = Consumer-topic-dbeed0ce_5b39_48b5_bac4_73806392a574
	group.instance.id = null
	group.protocol = classic
	group.remote.assignor = null
	heartbeat.interval.ms = 3000
	interceptor.classes = []
	internal.leave.group.on.close = true
	internal.throw.on.fetch.stable.offset.unsupported = false
	isolation.level = read_uncommitted
	key.deserializer = class org.apache.kafka.common.serialization.StringDeserializer
	max.partition.fetch.bytes = 1048576
	max.poll.interval.ms = 300000
	max.poll.records = 500
	metadata.max.age.ms = 300000
	metadata.recovery.strategy = none
	metric.reporters = []
	metrics.num.samples = 2
	metrics.recording.level = INFO
	metrics.sample.window.ms = 30000
	partition.assignment.strategy = [class org.apache.kafka.clients.consumer.RangeAssignor, class org.apache.kafka.clients.consumer.CooperativeStickyAssignor]
	receive.buffer.bytes = 65536
	reconnect.backoff.max.ms = 1000
	reconnect.backoff.ms = 50
	request.timeout.ms = 5000
	retry.backoff.max.ms = 1000
	retry.backoff.ms = 100
	sasl.client.callback.handler.class = null
	sasl.jaas.config = null
	sasl.kerberos.kinit.cmd = /usr/bin/kinit
	sasl.kerberos.min.time.before.relogin = 60000
	sasl.kerberos.service.name = null
	sasl.kerberos.ticket.renew.jitter = 0.05
	sasl.kerberos.ticket.renew.window.factor = 0.8
	sasl.login.callback.handler.class = null
	sasl.login.class = null
	sasl.login.connect.timeout.ms = null
	sasl.login.read.timeout.ms = null
	sasl.login.refresh.buffer.seconds = 300
	sasl.login.refresh.min.period.seconds = 60
	sasl.login.refresh.window.factor = 0.8
	sasl.login.refresh.window.jitter = 0.05
	sasl.login.retry.backoff.max.ms = 10000
	sasl.login.retry.backoff.ms = 100
	sasl.mechanism = GSSAPI
	sasl.oauthbearer.clock.skew.seconds = 30
	sasl.oauthbearer.expected.audience = null
	sasl.oauthbearer.expected.issuer = null
	sasl.oauthbearer.header.urlencode = false
	sasl.oauthbearer.jwks.endpoint.refresh.ms = 3600000
	sasl.oauthbearer.jwks.endpoint.retry.backoff.max.ms = 10000
	sasl.oauthbearer.jwks.endpoint.retry.backoff.ms = 100
	sasl.oauthbearer.jwks.endpoint.url = null
	sasl.oauthbearer.scope.claim.name = scope
	sasl.oauthbearer.sub.claim.name = sub
	sasl.oauthbearer.token.endpoint.url = null
	security.protocol = PLAINTEXT
	security.providers = null
	send.buffer.bytes = 131072
	session.timeout.ms = 45000
	socket.connection.setup.timeout.max.ms = 30000
	socket.connection.setup.timeout.ms = 10000
	ssl.cipher.suites = null
	ssl.enabled.protocols = [TLSv1.2, TLSv1.3]
	ssl.endpoint.identification.algorithm = https
	ssl.engine.factory.class = null
	ssl.key.password = null
	ssl.keymanager.algorithm = SunX509
	ssl.keystore.certificate.chain = null
	ssl.keystore.key = null
	ssl.keystore.location = null
	ssl.keystore.password = null
	ssl.keystore.type = JKS
	ssl.protocol = TLSv1.3
	ssl.provider = null
	ssl.secure.random.implementation = null
	ssl.trustmanager.algorithm = PKIX
	ssl.truststore.certificates = null
	ssl.truststore.location = null
	ssl.truststore.password = null
	ssl.truststore.type = JKS
	value.deserializer = class io.apicurio.registry.serde.avro.AvroKafkaDeserializer

2025-08-06 18:54:56,300 INFO  [org.apa.kaf.com.tel.int.KafkaMetricsCollector] (main) initializing Kafka metrics collector
2025-08-06 18:54:56,307 INFO  [org.apa.kaf.cli.con.ConsumerConfig] (main) These configurations '[apicurio.registry.url]' were supplied but are not used yet.
2025-08-06 18:54:56,307 INFO  [org.apa.kaf.com.uti.AppInfoParser] (main) Kafka version: 3.9.1
2025-08-06 18:54:56,307 INFO  [org.apa.kaf.com.uti.AppInfoParser] (main) Kafka commitId: f745dfdcee2b9851
2025-08-06 18:54:56,307 INFO  [org.apa.kaf.com.uti.AppInfoParser] (main) Kafka startTimeMs: 1754506496307
**** Registry Base URL: http://registry-app-mysql.apps.ci419.apicurio-testing.org:80
2025-08-06 18:54:56,308 INFO  [org.apa.kaf.cli.con.ConsumerConfig] (main) ConsumerConfig values: 
	allow.auto.create.topics = true
	auto.commit.interval.ms = 500
	auto.include.jmx.reporter = true
	auto.offset.reset = earliest
	bootstrap.servers = [PLAINTEXT://localhost:32769]
	check.crcs = true
	client.dns.lookup = use_all_dns_ips
	client.id = consumer-Consumer-topic-689179ba_5bf6_4dff_92e0_a64260368b4a-16
	client.rack = 
	connections.max.idle.ms = 10000
	default.api.timeout.ms = 60000
	enable.auto.commit = true
	enable.metrics.push = true
	exclude.internal.topics = true
	fetch.max.bytes = 52428800
	fetch.max.wait.ms = 500
	fetch.min.bytes = 1
	group.id = Consumer-topic-689179ba_5bf6_4dff_92e0_a64260368b4a
	group.instance.id = null
	group.protocol = classic
	group.remote.assignor = null
	heartbeat.interval.ms = 3000
	interceptor.classes = []
	internal.leave.group.on.close = true
	internal.throw.on.fetch.stable.offset.unsupported = false
	isolation.level = read_uncommitted
	key.deserializer = class org.apache.kafka.common.serialization.StringDeserializer
	max.partition.fetch.bytes = 1048576
	max.poll.interval.ms = 300000
	max.poll.records = 500
	metadata.max.age.ms = 300000
	metadata.recovery.strategy = none
	metric.reporters = []
	metrics.num.samples = 2
	metrics.recording.level = INFO
	metrics.sample.window.ms = 30000
	partition.assignment.strategy = [class org.apache.kafka.clients.consumer.RangeAssignor, class org.apache.kafka.clients.consumer.CooperativeStickyAssignor]
	receive.buffer.bytes = 65536
	reconnect.backoff.max.ms = 1000
	reconnect.backoff.ms = 50
	request.timeout.ms = 5000
	retry.backoff.max.ms = 1000
	retry.backoff.ms = 100
	sasl.client.callback.handler.class = null
	sasl.jaas.config = null
	sasl.kerberos.kinit.cmd = /usr/bin/kinit
	sasl.kerberos.min.time.before.relogin = 60000
	sasl.kerberos.service.name = null
	sasl.kerberos.ticket.renew.jitter = 0.05
	sasl.kerberos.ticket.renew.window.factor = 0.8
	sasl.login.callback.handler.class = null
	sasl.login.class = null
	sasl.login.connect.timeout.ms = null
	sasl.login.read.timeout.ms = null
	sasl.login.refresh.buffer.seconds = 300
	sasl.login.refresh.min.period.seconds = 60
	sasl.login.refresh.window.factor = 0.8
	sasl.login.refresh.window.jitter = 0.05
	sasl.login.retry.backoff.max.ms = 10000
	sasl.login.retry.backoff.ms = 100
	sasl.mechanism = GSSAPI
	sasl.oauthbearer.clock.skew.seconds = 30
	sasl.oauthbearer.expected.audience = null
	sasl.oauthbearer.expected.issuer = null
	sasl.oauthbearer.header.urlencode = false
	sasl.oauthbearer.jwks.endpoint.refresh.ms = 3600000
	sasl.oauthbearer.jwks.endpoint.retry.backoff.max.ms = 10000
	sasl.oauthbearer.jwks.endpoint.retry.backoff.ms = 100
	sasl.oauthbearer.jwks.endpoint.url = null
	sasl.oauthbearer.scope.claim.name = scope
	sasl.oauthbearer.sub.claim.name = sub
	sasl.oauthbearer.token.endpoint.url = null
	security.protocol = PLAINTEXT
	security.providers = null
	send.buffer.bytes = 131072
	session.timeout.ms = 45000
	socket.connection.setup.timeout.max.ms = 30000
	socket.connection.setup.timeout.ms = 10000
	ssl.cipher.suites = null
	ssl.enabled.protocols = [TLSv1.2, TLSv1.3]
	ssl.endpoint.identification.algorithm = https
	ssl.engine.factory.class = null
	ssl.key.password = null
	ssl.keymanager.algorithm = SunX509
	ssl.keystore.certificate.chain = null
	ssl.keystore.key = null
	ssl.keystore.location = null
	ssl.keystore.password = null
	ssl.keystore.type = JKS
	ssl.protocol = TLSv1.3
	ssl.provider = null
	ssl.secure.random.implementation = null
	ssl.trustmanager.algorithm = PKIX
	ssl.truststore.certificates = null
	ssl.truststore.location = null
	ssl.truststore.password = null
	ssl.truststore.type = JKS
	value.deserializer = class io.apicurio.registry.serde.avro.AvroKafkaDeserializer

2025-08-06 18:54:56,308 INFO  [org.apa.kaf.com.tel.int.KafkaMetricsCollector] (main) initializing Kafka metrics collector
2025-08-06 18:54:56,316 INFO  [org.apa.kaf.cli.con.ConsumerConfig] (main) These configurations '[apicurio.registry.url]' were supplied but are not used yet.
2025-08-06 18:54:56,316 INFO  [org.apa.kaf.com.uti.AppInfoParser] (main) Kafka version: 3.9.1
2025-08-06 18:54:56,316 INFO  [org.apa.kaf.com.uti.AppInfoParser] (main) Kafka commitId: f745dfdcee2b9851
2025-08-06 18:54:56,316 INFO  [org.apa.kaf.com.uti.AppInfoParser] (main) Kafka startTimeMs: 1754506496316
2025-08-06 18:54:56,317 INFO  [io.api.tes.ser.api.KafkaSerdesTester] (Thread-713) Sending message {"key11754506495050": "value-0"} to topic topic-9b458a1d_2d55_442c_a329_a4132520b12a
2025-08-06 18:54:56,322 INFO  [DefaultSchemaResolver] (Thread-713) Retrieving schema content using string: {"type":"record","name":"myrecordconfluent","fields":[{"name":"key11754506495050","type":"string"}]}
2025-08-06 18:54:56,490 INFO  [io.api.tes.ser.api.KafkaSerdesTester] (Thread-713) Sending message {"key11754506495050": "value-1"} to topic topic-9b458a1d_2d55_442c_a329_a4132520b12a
2025-08-06 18:54:56,493 INFO  [io.api.tes.ser.api.KafkaSerdesTester] (Thread-713) Sending message {"key11754506495050": "value-2"} to topic topic-9b458a1d_2d55_442c_a329_a4132520b12a
2025-08-06 18:54:56,495 INFO  [io.api.tes.ser.api.KafkaSerdesTester] (Thread-713) Sending message {"key11754506495050": "value-3"} to topic topic-9b458a1d_2d55_442c_a329_a4132520b12a
2025-08-06 18:54:56,496 INFO  [io.api.tes.ser.api.KafkaSerdesTester] (Thread-713) Sending message {"key11754506495050": "value-4"} to topic topic-9b458a1d_2d55_442c_a329_a4132520b12a
2025-08-06 18:54:56,500 INFO  [io.api.tes.ser.api.KafkaSerdesTester] (Thread-713) Sending message {"key11754506495050": "value-5"} to topic topic-9b458a1d_2d55_442c_a329_a4132520b12a
2025-08-06 18:54:56,502 INFO  [io.api.tes.ser.api.KafkaSerdesTester] (Thread-713) Sending message {"key11754506495050": "value-6"} to topic topic-9b458a1d_2d55_442c_a329_a4132520b12a
2025-08-06 18:54:56,506 INFO  [io.api.tes.ser.api.KafkaSerdesTester] (Thread-713) Sending message {"key11754506495050": "value-7"} to topic topic-9b458a1d_2d55_442c_a329_a4132520b12a
2025-08-06 18:54:56,507 INFO  [io.api.tes.ser.api.KafkaSerdesTester] (Thread-713) Sending message {"key11754506495050": "value-8"} to topic topic-9b458a1d_2d55_442c_a329_a4132520b12a
2025-08-06 18:54:56,508 INFO  [io.api.tes.ser.api.KafkaSerdesTester] (Thread-713) Sending message {"key11754506495050": "value-9"} to topic topic-9b458a1d_2d55_442c_a329_a4132520b12a
2025-08-06 18:54:56,511 INFO  [io.api.tes.ser.api.KafkaSerdesTester] (Thread-713) Produced 10 messages
2025-08-06 18:54:56,511 INFO  [org.apa.kaf.cli.pro.KafkaProducer] (Thread-713) [Producer clientId=Producer-topic-9b458a1d_2d55_442c_a329_a4132520b12a] Closing the Kafka producer with timeoutMillis = 9223372036854775807 ms.
2025-08-06 18:54:56,513 INFO  [org.apa.kaf.com.met.Metrics] (Thread-713) Metrics scheduler closed
2025-08-06 18:54:56,513 INFO  [org.apa.kaf.com.met.Metrics] (Thread-713) Closing reporter org.apache.kafka.common.metrics.JmxReporter
2025-08-06 18:54:56,513 INFO  [org.apa.kaf.com.met.Metrics] (Thread-713) Closing reporter org.apache.kafka.common.telemetry.internals.ClientTelemetryReporter
2025-08-06 18:54:56,514 INFO  [org.apa.kaf.com.met.Metrics] (Thread-713) Metrics reporters closed
2025-08-06 18:54:56,514 INFO  [org.apa.kaf.com.uti.AppInfoParser] (Thread-713) App info kafka.producer for Producer-topic-9b458a1d_2d55_442c_a329_a4132520b12a unregistered
2025-08-06 18:54:56,516 INFO  [io.api.tes.ser.api.KafkaSerdesTester] (Thread-714) Sending message {"key11754506495050": "value-0"} to topic topic-dbeed0ce_5b39_48b5_bac4_73806392a574
2025-08-06 18:54:56,521 INFO  [DefaultSchemaResolver] (Thread-714) Retrieving schema content using string: {"type":"record","name":"myrecordconfluent","fields":[{"name":"key11754506495050","type":"string"}]}
2025-08-06 18:54:56,682 INFO  [io.api.tes.ser.api.KafkaSerdesTester] (Thread-714) Sending message {"key11754506495050": "value-1"} to topic topic-dbeed0ce_5b39_48b5_bac4_73806392a574
2025-08-06 18:54:56,683 INFO  [io.api.tes.ser.api.KafkaSerdesTester] (Thread-714) Sending message {"key11754506495050": "value-2"} to topic topic-dbeed0ce_5b39_48b5_bac4_73806392a574
2025-08-06 18:54:56,684 INFO  [io.api.tes.ser.api.KafkaSerdesTester] (Thread-714) Sending message {"key11754506495050": "value-3"} to topic topic-dbeed0ce_5b39_48b5_bac4_73806392a574
2025-08-06 18:54:56,685 INFO  [io.api.tes.ser.api.KafkaSerdesTester] (Thread-714) Sending message {"key11754506495050": "value-4"} to topic topic-dbeed0ce_5b39_48b5_bac4_73806392a574
2025-08-06 18:54:56,687 INFO  [io.api.tes.ser.api.KafkaSerdesTester] (Thread-714) Sending message {"key11754506495050": "value-5"} to topic topic-dbeed0ce_5b39_48b5_bac4_73806392a574
2025-08-06 18:54:56,689 INFO  [io.api.tes.ser.api.KafkaSerdesTester] (Thread-714) Sending message {"key11754506495050": "value-6"} to topic topic-dbeed0ce_5b39_48b5_bac4_73806392a574
2025-08-06 18:54:56,690 INFO  [io.api.tes.ser.api.KafkaSerdesTester] (Thread-714) Sending message {"key11754506495050": "value-7"} to topic topic-dbeed0ce_5b39_48b5_bac4_73806392a574
2025-08-06 18:54:56,691 INFO  [io.api.tes.ser.api.KafkaSerdesTester] (Thread-714) Sending message {"key11754506495050": "value-8"} to topic topic-dbeed0ce_5b39_48b5_bac4_73806392a574
2025-08-06 18:54:56,693 INFO  [io.api.tes.ser.api.KafkaSerdesTester] (Thread-714) Sending message {"key11754506495050": "value-9"} to topic topic-dbeed0ce_5b39_48b5_bac4_73806392a574
2025-08-06 18:54:56,695 INFO  [io.api.tes.ser.api.KafkaSerdesTester] (Thread-714) Produced 10 messages
2025-08-06 18:54:56,695 INFO  [org.apa.kaf.cli.pro.KafkaProducer] (Thread-714) [Producer clientId=Producer-topic-dbeed0ce_5b39_48b5_bac4_73806392a574] Closing the Kafka producer with timeoutMillis = 9223372036854775807 ms.
2025-08-06 18:54:56,698 INFO  [org.apa.kaf.com.met.Metrics] (Thread-714) Metrics scheduler closed
2025-08-06 18:54:56,698 INFO  [org.apa.kaf.com.met.Metrics] (Thread-714) Closing reporter org.apache.kafka.common.metrics.JmxReporter
2025-08-06 18:54:56,698 INFO  [org.apa.kaf.com.met.Metrics] (Thread-714) Closing reporter org.apache.kafka.common.telemetry.internals.ClientTelemetryReporter
2025-08-06 18:54:56,698 INFO  [org.apa.kaf.com.met.Metrics] (Thread-714) Metrics reporters closed
2025-08-06 18:54:56,699 INFO  [org.apa.kaf.com.uti.AppInfoParser] (Thread-714) App info kafka.producer for Producer-topic-dbeed0ce_5b39_48b5_bac4_73806392a574 unregistered
2025-08-06 18:54:56,703 INFO  [io.api.tes.ser.api.KafkaSerdesTester] (Thread-715) Sending message {"key11754506495050": "value-0"} to topic topic-689179ba_5bf6_4dff_92e0_a64260368b4a
2025-08-06 18:54:56,708 INFO  [DefaultSchemaResolver] (Thread-715) Retrieving schema content using string: {"type":"record","name":"myrecordconfluent","fields":[{"name":"key11754506495050","type":"string"}]}
2025-08-06 18:54:56,867 INFO  [io.api.tes.ser.api.KafkaSerdesTester] (Thread-715) Sending message {"key11754506495050": "value-1"} to topic topic-689179ba_5bf6_4dff_92e0_a64260368b4a
2025-08-06 18:54:56,868 INFO  [io.api.tes.ser.api.KafkaSerdesTester] (Thread-715) Sending message {"key11754506495050": "value-2"} to topic topic-689179ba_5bf6_4dff_92e0_a64260368b4a
2025-08-06 18:54:56,870 INFO  [io.api.tes.ser.api.KafkaSerdesTester] (Thread-715) Sending message {"key11754506495050": "value-3"} to topic topic-689179ba_5bf6_4dff_92e0_a64260368b4a
2025-08-06 18:54:56,871 INFO  [io.api.tes.ser.api.KafkaSerdesTester] (Thread-715) Sending message {"key11754506495050": "value-4"} to topic topic-689179ba_5bf6_4dff_92e0_a64260368b4a
2025-08-06 18:54:56,872 INFO  [io.api.tes.ser.api.KafkaSerdesTester] (Thread-715) Sending message {"key11754506495050": "value-5"} to topic topic-689179ba_5bf6_4dff_92e0_a64260368b4a
2025-08-06 18:54:56,874 INFO  [io.api.tes.ser.api.KafkaSerdesTester] (Thread-715) Sending message {"key11754506495050": "value-6"} to topic topic-689179ba_5bf6_4dff_92e0_a64260368b4a
2025-08-06 18:54:56,875 INFO  [io.api.tes.ser.api.KafkaSerdesTester] (Thread-715) Sending message {"key11754506495050": "value-7"} to topic topic-689179ba_5bf6_4dff_92e0_a64260368b4a
2025-08-06 18:54:56,878 INFO  [io.api.tes.ser.api.KafkaSerdesTester] (Thread-715) Sending message {"key11754506495050": "value-8"} to topic topic-689179ba_5bf6_4dff_92e0_a64260368b4a
2025-08-06 18:54:56,879 INFO  [io.api.tes.ser.api.KafkaSerdesTester] (Thread-715) Sending message {"key11754506495050": "value-9"} to topic topic-689179ba_5bf6_4dff_92e0_a64260368b4a
2025-08-06 18:54:56,881 INFO  [io.api.tes.ser.api.KafkaSerdesTester] (Thread-715) Produced 10 messages
2025-08-06 18:54:56,881 INFO  [org.apa.kaf.cli.pro.KafkaProducer] (Thread-715) [Producer clientId=Producer-topic-689179ba_5bf6_4dff_92e0_a64260368b4a] Closing the Kafka producer with timeoutMillis = 9223372036854775807 ms.
2025-08-06 18:54:56,882 INFO  [org.apa.kaf.com.met.Metrics] (Thread-715) Metrics scheduler closed
2025-08-06 18:54:56,882 INFO  [org.apa.kaf.com.met.Metrics] (Thread-715) Closing reporter org.apache.kafka.common.metrics.JmxReporter
2025-08-06 18:54:56,882 INFO  [org.apa.kaf.com.met.Metrics] (Thread-715) Closing reporter org.apache.kafka.common.telemetry.internals.ClientTelemetryReporter
2025-08-06 18:54:56,882 INFO  [org.apa.kaf.com.met.Metrics] (Thread-715) Metrics reporters closed
2025-08-06 18:54:56,883 INFO  [org.apa.kaf.com.uti.AppInfoParser] (Thread-715) App info kafka.producer for Producer-topic-689179ba_5bf6_4dff_92e0_a64260368b4a unregistered
2025-08-06 18:54:56,884 INFO  [org.apa.kaf.cli.con.int.ClassicKafkaConsumer] (Thread-716) [Consumer clientId=consumer-Consumer-topic-9b458a1d_2d55_442c_a329_a4132520b12a-14, groupId=Consumer-topic-9b458a1d_2d55_442c_a329_a4132520b12a] Subscribed to topic(s): topic-9b458a1d_2d55_442c_a329_a4132520b12a
2025-08-06 18:54:56,888 INFO  [org.apa.kaf.cli.Metadata] (Thread-716) [Consumer clientId=consumer-Consumer-topic-9b458a1d_2d55_442c_a329_a4132520b12a-14, groupId=Consumer-topic-9b458a1d_2d55_442c_a329_a4132520b12a] Cluster ID: kF8Ua3WQTR-RR3LzMUds4A
2025-08-06 18:54:56,888 INFO  [org.apa.kaf.cli.con.int.ConsumerCoordinator] (Thread-716) [Consumer clientId=consumer-Consumer-topic-9b458a1d_2d55_442c_a329_a4132520b12a-14, groupId=Consumer-topic-9b458a1d_2d55_442c_a329_a4132520b12a] Discovered group coordinator localhost:32769 (id: 2147483647 rack: null)
2025-08-06 18:54:56,889 INFO  [org.apa.kaf.cli.con.int.ConsumerCoordinator] (Thread-716) [Consumer clientId=consumer-Consumer-topic-9b458a1d_2d55_442c_a329_a4132520b12a-14, groupId=Consumer-topic-9b458a1d_2d55_442c_a329_a4132520b12a] (Re-)joining group
2025-08-06 18:54:56,891 INFO  [org.apa.kaf.cli.con.int.ConsumerCoordinator] (Thread-716) [Consumer clientId=consumer-Consumer-topic-9b458a1d_2d55_442c_a329_a4132520b12a-14, groupId=Consumer-topic-9b458a1d_2d55_442c_a329_a4132520b12a] Request joining group due to: need to re-join with the given member-id: consumer-Consumer-topic-9b458a1d_2d55_442c_a329_a4132520b12a-14-f70a9e69-0b3c-4660-8eb4-ab482afc450d
2025-08-06 18:54:56,891 INFO  [org.apa.kaf.cli.con.int.ConsumerCoordinator] (Thread-716) [Consumer clientId=consumer-Consumer-topic-9b458a1d_2d55_442c_a329_a4132520b12a-14, groupId=Consumer-topic-9b458a1d_2d55_442c_a329_a4132520b12a] (Re-)joining group
2025-08-06 18:54:57,884 INFO  [io.api.tes.ser.api.KafkaSerdesTester] (Thread-716) None found
2025-08-06 18:54:58,884 INFO  [io.api.tes.ser.api.KafkaSerdesTester] (Thread-716) None found
2025-08-06 18:54:59,884 INFO  [io.api.tes.ser.api.KafkaSerdesTester] (Thread-716) None found
2025-08-06 18:54:59,893 INFO  [org.apa.kaf.cli.con.int.ConsumerCoordinator] (Thread-716) [Consumer clientId=consumer-Consumer-topic-9b458a1d_2d55_442c_a329_a4132520b12a-14, groupId=Consumer-topic-9b458a1d_2d55_442c_a329_a4132520b12a] Successfully joined group with generation Generation{generationId=1, memberId='consumer-Consumer-topic-9b458a1d_2d55_442c_a329_a4132520b12a-14-f70a9e69-0b3c-4660-8eb4-ab482afc450d', protocol='range'}
2025-08-06 18:54:59,893 INFO  [org.apa.kaf.cli.con.int.ConsumerCoordinator] (Thread-716) [Consumer clientId=consumer-Consumer-topic-9b458a1d_2d55_442c_a329_a4132520b12a-14, groupId=Consumer-topic-9b458a1d_2d55_442c_a329_a4132520b12a] Finished assignment for group at generation 1: {consumer-Consumer-topic-9b458a1d_2d55_442c_a329_a4132520b12a-14-f70a9e69-0b3c-4660-8eb4-ab482afc450d=Assignment(partitions=[topic-9b458a1d_2d55_442c_a329_a4132520b12a-0])}
2025-08-06 18:54:59,900 INFO  [org.apa.kaf.cli.con.int.ConsumerCoordinator] (Thread-716) [Consumer clientId=consumer-Consumer-topic-9b458a1d_2d55_442c_a329_a4132520b12a-14, groupId=Consumer-topic-9b458a1d_2d55_442c_a329_a4132520b12a] Successfully synced group in generation Generation{generationId=1, memberId='consumer-Consumer-topic-9b458a1d_2d55_442c_a329_a4132520b12a-14-f70a9e69-0b3c-4660-8eb4-ab482afc450d', protocol='range'}
2025-08-06 18:54:59,900 INFO  [org.apa.kaf.cli.con.int.ConsumerCoordinator] (Thread-716) [Consumer clientId=consumer-Consumer-topic-9b458a1d_2d55_442c_a329_a4132520b12a-14, groupId=Consumer-topic-9b458a1d_2d55_442c_a329_a4132520b12a] Notifying assignor about the new Assignment(partitions=[topic-9b458a1d_2d55_442c_a329_a4132520b12a-0])
2025-08-06 18:54:59,900 INFO  [org.apa.kaf.cli.con.int.ConsumerRebalanceListenerInvoker] (Thread-716) [Consumer clientId=consumer-Consumer-topic-9b458a1d_2d55_442c_a329_a4132520b12a-14, groupId=Consumer-topic-9b458a1d_2d55_442c_a329_a4132520b12a] Adding newly assigned partitions: topic-9b458a1d_2d55_442c_a329_a4132520b12a-0
2025-08-06 18:54:59,901 INFO  [org.apa.kaf.cli.con.int.ConsumerCoordinator] (Thread-716) [Consumer clientId=consumer-Consumer-topic-9b458a1d_2d55_442c_a329_a4132520b12a-14, groupId=Consumer-topic-9b458a1d_2d55_442c_a329_a4132520b12a] Found no committed offset for partition topic-9b458a1d_2d55_442c_a329_a4132520b12a-0
2025-08-06 18:54:59,903 INFO  [org.apa.kaf.cli.con.int.SubscriptionState] (Thread-716) [Consumer clientId=consumer-Consumer-topic-9b458a1d_2d55_442c_a329_a4132520b12a-14, groupId=Consumer-topic-9b458a1d_2d55_442c_a329_a4132520b12a] Resetting offset for partition topic-9b458a1d_2d55_442c_a329_a4132520b12a-0 to position FetchPosition{offset=0, offsetEpoch=Optional.empty, currentLeader=LeaderAndEpoch{leader=Optional[localhost:32769 (id: 0 rack: null)], epoch=0}}.
2025-08-06 18:55:00,143 INFO  [io.api.tes.ser.api.KafkaSerdesTester] (Thread-716) topic-9b458a1d_2d55_442c_a329_a4132520b12a 0 0 {"key11754506495050": "value-0"}
2025-08-06 18:55:00,143 INFO  [io.api.tes.ser.api.KafkaSerdesTester] (Thread-716) topic-9b458a1d_2d55_442c_a329_a4132520b12a 0 1 {"key11754506495050": "value-1"}
2025-08-06 18:55:00,144 INFO  [io.api.tes.ser.api.KafkaSerdesTester] (Thread-716) topic-9b458a1d_2d55_442c_a329_a4132520b12a 0 2 {"key11754506495050": "value-2"}
2025-08-06 18:55:00,144 INFO  [io.api.tes.ser.api.KafkaSerdesTester] (Thread-716) topic-9b458a1d_2d55_442c_a329_a4132520b12a 0 3 {"key11754506495050": "value-3"}
2025-08-06 18:55:00,144 INFO  [io.api.tes.ser.api.KafkaSerdesTester] (Thread-716) topic-9b458a1d_2d55_442c_a329_a4132520b12a 0 4 {"key11754506495050": "value-4"}
2025-08-06 18:55:00,144 INFO  [io.api.tes.ser.api.KafkaSerdesTester] (Thread-716) topic-9b458a1d_2d55_442c_a329_a4132520b12a 0 5 {"key11754506495050": "value-5"}
2025-08-06 18:55:00,144 INFO  [io.api.tes.ser.api.KafkaSerdesTester] (Thread-716) topic-9b458a1d_2d55_442c_a329_a4132520b12a 0 6 {"key11754506495050": "value-6"}
2025-08-06 18:55:00,144 INFO  [io.api.tes.ser.api.KafkaSerdesTester] (Thread-716) topic-9b458a1d_2d55_442c_a329_a4132520b12a 0 7 {"key11754506495050": "value-7"}
2025-08-06 18:55:00,144 INFO  [io.api.tes.ser.api.KafkaSerdesTester] (Thread-716) topic-9b458a1d_2d55_442c_a329_a4132520b12a 0 8 {"key11754506495050": "value-8"}
2025-08-06 18:55:00,144 INFO  [io.api.tes.ser.api.KafkaSerdesTester] (Thread-716) topic-9b458a1d_2d55_442c_a329_a4132520b12a 0 9 {"key11754506495050": "value-9"}
2025-08-06 18:55:00,144 INFO  [io.api.tes.ser.api.KafkaSerdesTester] (Thread-716) Consumed 10 messages
2025-08-06 18:55:00,152 INFO  [org.apa.kaf.cli.con.int.ConsumerRebalanceListenerInvoker] (Thread-716) [Consumer clientId=consumer-Consumer-topic-9b458a1d_2d55_442c_a329_a4132520b12a-14, groupId=Consumer-topic-9b458a1d_2d55_442c_a329_a4132520b12a] Revoke previously assigned partitions topic-9b458a1d_2d55_442c_a329_a4132520b12a-0
2025-08-06 18:55:00,152 INFO  [org.apa.kaf.cli.con.int.ConsumerCoordinator] (Thread-716) [Consumer clientId=consumer-Consumer-topic-9b458a1d_2d55_442c_a329_a4132520b12a-14, groupId=Consumer-topic-9b458a1d_2d55_442c_a329_a4132520b12a] Member consumer-Consumer-topic-9b458a1d_2d55_442c_a329_a4132520b12a-14-f70a9e69-0b3c-4660-8eb4-ab482afc450d sending LeaveGroup request to coordinator localhost:32769 (id: 2147483647 rack: null) due to the consumer is being closed
2025-08-06 18:55:00,152 INFO  [org.apa.kaf.cli.con.int.ConsumerCoordinator] (Thread-716) [Consumer clientId=consumer-Consumer-topic-9b458a1d_2d55_442c_a329_a4132520b12a-14, groupId=Consumer-topic-9b458a1d_2d55_442c_a329_a4132520b12a] Resetting generation and member id due to: consumer pro-actively leaving the group
2025-08-06 18:55:00,152 INFO  [org.apa.kaf.cli.con.int.ConsumerCoordinator] (Thread-716) [Consumer clientId=consumer-Consumer-topic-9b458a1d_2d55_442c_a329_a4132520b12a-14, groupId=Consumer-topic-9b458a1d_2d55_442c_a329_a4132520b12a] Request joining group due to: consumer pro-actively leaving the group
2025-08-06 18:55:00,648 INFO  [org.apa.kaf.com.met.Metrics] (Thread-716) Metrics scheduler closed
2025-08-06 18:55:00,648 INFO  [org.apa.kaf.com.met.Metrics] (Thread-716) Closing reporter org.apache.kafka.common.metrics.JmxReporter
2025-08-06 18:55:00,648 INFO  [org.apa.kaf.com.met.Metrics] (Thread-716) Closing reporter org.apache.kafka.common.telemetry.internals.ClientTelemetryReporter
2025-08-06 18:55:00,648 INFO  [org.apa.kaf.com.met.Metrics] (Thread-716) Metrics reporters closed
2025-08-06 18:55:00,650 INFO  [org.apa.kaf.com.uti.AppInfoParser] (Thread-716) App info kafka.consumer for consumer-Consumer-topic-9b458a1d_2d55_442c_a329_a4132520b12a-14 unregistered
2025-08-06 18:55:00,651 INFO  [org.apa.kaf.cli.con.int.ClassicKafkaConsumer] (Thread-717) [Consumer clientId=consumer-Consumer-topic-dbeed0ce_5b39_48b5_bac4_73806392a574-15, groupId=Consumer-topic-dbeed0ce_5b39_48b5_bac4_73806392a574] Subscribed to topic(s): topic-dbeed0ce_5b39_48b5_bac4_73806392a574
2025-08-06 18:55:00,655 INFO  [org.apa.kaf.cli.Metadata] (Thread-717) [Consumer clientId=consumer-Consumer-topic-dbeed0ce_5b39_48b5_bac4_73806392a574-15, groupId=Consumer-topic-dbeed0ce_5b39_48b5_bac4_73806392a574] Cluster ID: kF8Ua3WQTR-RR3LzMUds4A
2025-08-06 18:55:00,656 INFO  [org.apa.kaf.cli.con.int.ConsumerCoordinator] (Thread-717) [Consumer clientId=consumer-Consumer-topic-dbeed0ce_5b39_48b5_bac4_73806392a574-15, groupId=Consumer-topic-dbeed0ce_5b39_48b5_bac4_73806392a574] Discovered group coordinator localhost:32769 (id: 2147483647 rack: null)
2025-08-06 18:55:00,657 INFO  [org.apa.kaf.cli.con.int.ConsumerCoordinator] (Thread-717) [Consumer clientId=consumer-Consumer-topic-dbeed0ce_5b39_48b5_bac4_73806392a574-15, groupId=Consumer-topic-dbeed0ce_5b39_48b5_bac4_73806392a574] (Re-)joining group
2025-08-06 18:55:00,659 INFO  [org.apa.kaf.cli.con.int.ConsumerCoordinator] (Thread-717) [Consumer clientId=consumer-Consumer-topic-dbeed0ce_5b39_48b5_bac4_73806392a574-15, groupId=Consumer-topic-dbeed0ce_5b39_48b5_bac4_73806392a574] Request joining group due to: need to re-join with the given member-id: consumer-Consumer-topic-dbeed0ce_5b39_48b5_bac4_73806392a574-15-33644ff6-e5ba-49c1-80dd-e941e583801a
2025-08-06 18:55:00,659 INFO  [org.apa.kaf.cli.con.int.ConsumerCoordinator] (Thread-717) [Consumer clientId=consumer-Consumer-topic-dbeed0ce_5b39_48b5_bac4_73806392a574-15, groupId=Consumer-topic-dbeed0ce_5b39_48b5_bac4_73806392a574] (Re-)joining group
2025-08-06 18:55:01,652 INFO  [io.api.tes.ser.api.KafkaSerdesTester] (Thread-717) None found
2025-08-06 18:55:02,652 INFO  [io.api.tes.ser.api.KafkaSerdesTester] (Thread-717) None found
2025-08-06 18:55:03,652 INFO  [io.api.tes.ser.api.KafkaSerdesTester] (Thread-717) None found
2025-08-06 18:55:03,662 INFO  [org.apa.kaf.cli.con.int.ConsumerCoordinator] (Thread-717) [Consumer clientId=consumer-Consumer-topic-dbeed0ce_5b39_48b5_bac4_73806392a574-15, groupId=Consumer-topic-dbeed0ce_5b39_48b5_bac4_73806392a574] Successfully joined group with generation Generation{generationId=1, memberId='consumer-Consumer-topic-dbeed0ce_5b39_48b5_bac4_73806392a574-15-33644ff6-e5ba-49c1-80dd-e941e583801a', protocol='range'}
2025-08-06 18:55:03,662 INFO  [org.apa.kaf.cli.con.int.ConsumerCoordinator] (Thread-717) [Consumer clientId=consumer-Consumer-topic-dbeed0ce_5b39_48b5_bac4_73806392a574-15, groupId=Consumer-topic-dbeed0ce_5b39_48b5_bac4_73806392a574] Finished assignment for group at generation 1: {consumer-Consumer-topic-dbeed0ce_5b39_48b5_bac4_73806392a574-15-33644ff6-e5ba-49c1-80dd-e941e583801a=Assignment(partitions=[topic-dbeed0ce_5b39_48b5_bac4_73806392a574-0])}
2025-08-06 18:55:03,669 INFO  [org.apa.kaf.cli.con.int.ConsumerCoordinator] (Thread-717) [Consumer clientId=consumer-Consumer-topic-dbeed0ce_5b39_48b5_bac4_73806392a574-15, groupId=Consumer-topic-dbeed0ce_5b39_48b5_bac4_73806392a574] Successfully synced group in generation Generation{generationId=1, memberId='consumer-Consumer-topic-dbeed0ce_5b39_48b5_bac4_73806392a574-15-33644ff6-e5ba-49c1-80dd-e941e583801a', protocol='range'}
2025-08-06 18:55:03,669 INFO  [org.apa.kaf.cli.con.int.ConsumerCoordinator] (Thread-717) [Consumer clientId=consumer-Consumer-topic-dbeed0ce_5b39_48b5_bac4_73806392a574-15, groupId=Consumer-topic-dbeed0ce_5b39_48b5_bac4_73806392a574] Notifying assignor about the new Assignment(partitions=[topic-dbeed0ce_5b39_48b5_bac4_73806392a574-0])
2025-08-06 18:55:03,669 INFO  [org.apa.kaf.cli.con.int.ConsumerRebalanceListenerInvoker] (Thread-717) [Consumer clientId=consumer-Consumer-topic-dbeed0ce_5b39_48b5_bac4_73806392a574-15, groupId=Consumer-topic-dbeed0ce_5b39_48b5_bac4_73806392a574] Adding newly assigned partitions: topic-dbeed0ce_5b39_48b5_bac4_73806392a574-0
2025-08-06 18:55:03,672 INFO  [org.apa.kaf.cli.con.int.ConsumerCoordinator] (Thread-717) [Consumer clientId=consumer-Consumer-topic-dbeed0ce_5b39_48b5_bac4_73806392a574-15, groupId=Consumer-topic-dbeed0ce_5b39_48b5_bac4_73806392a574] Found no committed offset for partition topic-dbeed0ce_5b39_48b5_bac4_73806392a574-0
2025-08-06 18:55:03,675 INFO  [org.apa.kaf.cli.con.int.SubscriptionState] (Thread-717) [Consumer clientId=consumer-Consumer-topic-dbeed0ce_5b39_48b5_bac4_73806392a574-15, groupId=Consumer-topic-dbeed0ce_5b39_48b5_bac4_73806392a574] Resetting offset for partition topic-dbeed0ce_5b39_48b5_bac4_73806392a574-0 to position FetchPosition{offset=0, offsetEpoch=Optional.empty, currentLeader=LeaderAndEpoch{leader=Optional[localhost:32769 (id: 0 rack: null)], epoch=0}}.
2025-08-06 18:55:03,911 INFO  [io.api.tes.ser.api.KafkaSerdesTester] (Thread-717) topic-dbeed0ce_5b39_48b5_bac4_73806392a574 0 0 {"key11754506495050": "value-0"}
2025-08-06 18:55:03,911 INFO  [io.api.tes.ser.api.KafkaSerdesTester] (Thread-717) topic-dbeed0ce_5b39_48b5_bac4_73806392a574 0 1 {"key11754506495050": "value-1"}
2025-08-06 18:55:03,911 INFO  [io.api.tes.ser.api.KafkaSerdesTester] (Thread-717) topic-dbeed0ce_5b39_48b5_bac4_73806392a574 0 2 {"key11754506495050": "value-2"}
2025-08-06 18:55:03,911 INFO  [io.api.tes.ser.api.KafkaSerdesTester] (Thread-717) topic-dbeed0ce_5b39_48b5_bac4_73806392a574 0 3 {"key11754506495050": "value-3"}
2025-08-06 18:55:03,911 INFO  [io.api.tes.ser.api.KafkaSerdesTester] (Thread-717) topic-dbeed0ce_5b39_48b5_bac4_73806392a574 0 4 {"key11754506495050": "value-4"}
2025-08-06 18:55:03,911 INFO  [io.api.tes.ser.api.KafkaSerdesTester] (Thread-717) topic-dbeed0ce_5b39_48b5_bac4_73806392a574 0 5 {"key11754506495050": "value-5"}
2025-08-06 18:55:03,911 INFO  [io.api.tes.ser.api.KafkaSerdesTester] (Thread-717) topic-dbeed0ce_5b39_48b5_bac4_73806392a574 0 6 {"key11754506495050": "value-6"}
2025-08-06 18:55:03,911 INFO  [io.api.tes.ser.api.KafkaSerdesTester] (Thread-717) topic-dbeed0ce_5b39_48b5_bac4_73806392a574 0 7 {"key11754506495050": "value-7"}
2025-08-06 18:55:03,911 INFO  [io.api.tes.ser.api.KafkaSerdesTester] (Thread-717) topic-dbeed0ce_5b39_48b5_bac4_73806392a574 0 8 {"key11754506495050": "value-8"}
2025-08-06 18:55:03,911 INFO  [io.api.tes.ser.api.KafkaSerdesTester] (Thread-717) topic-dbeed0ce_5b39_48b5_bac4_73806392a574 0 9 {"key11754506495050": "value-9"}
2025-08-06 18:55:03,911 INFO  [io.api.tes.ser.api.KafkaSerdesTester] (Thread-717) Consumed 10 messages
2025-08-06 18:55:03,919 INFO  [org.apa.kaf.cli.con.int.ConsumerRebalanceListenerInvoker] (Thread-717) [Consumer clientId=consumer-Consumer-topic-dbeed0ce_5b39_48b5_bac4_73806392a574-15, groupId=Consumer-topic-dbeed0ce_5b39_48b5_bac4_73806392a574] Revoke previously assigned partitions topic-dbeed0ce_5b39_48b5_bac4_73806392a574-0
2025-08-06 18:55:03,919 INFO  [org.apa.kaf.cli.con.int.ConsumerCoordinator] (Thread-717) [Consumer clientId=consumer-Consumer-topic-dbeed0ce_5b39_48b5_bac4_73806392a574-15, groupId=Consumer-topic-dbeed0ce_5b39_48b5_bac4_73806392a574] Member consumer-Consumer-topic-dbeed0ce_5b39_48b5_bac4_73806392a574-15-33644ff6-e5ba-49c1-80dd-e941e583801a sending LeaveGroup request to coordinator localhost:32769 (id: 2147483647 rack: null) due to the consumer is being closed
2025-08-06 18:55:03,919 INFO  [org.apa.kaf.cli.con.int.ConsumerCoordinator] (Thread-717) [Consumer clientId=consumer-Consumer-topic-dbeed0ce_5b39_48b5_bac4_73806392a574-15, groupId=Consumer-topic-dbeed0ce_5b39_48b5_bac4_73806392a574] Resetting generation and member id due to: consumer pro-actively leaving the group
2025-08-06 18:55:03,919 INFO  [org.apa.kaf.cli.con.int.ConsumerCoordinator] (Thread-717) [Consumer clientId=consumer-Consumer-topic-dbeed0ce_5b39_48b5_bac4_73806392a574-15, groupId=Consumer-topic-dbeed0ce_5b39_48b5_bac4_73806392a574] Request joining group due to: consumer pro-actively leaving the group
2025-08-06 18:55:04,413 INFO  [org.apa.kaf.com.met.Metrics] (Thread-717) Metrics scheduler closed
2025-08-06 18:55:04,413 INFO  [org.apa.kaf.com.met.Metrics] (Thread-717) Closing reporter org.apache.kafka.common.metrics.JmxReporter
2025-08-06 18:55:04,413 INFO  [org.apa.kaf.com.met.Metrics] (Thread-717) Closing reporter org.apache.kafka.common.telemetry.internals.ClientTelemetryReporter
2025-08-06 18:55:04,413 INFO  [org.apa.kaf.com.met.Metrics] (Thread-717) Metrics reporters closed
2025-08-06 18:55:04,415 INFO  [org.apa.kaf.com.uti.AppInfoParser] (Thread-717) App info kafka.consumer for consumer-Consumer-topic-dbeed0ce_5b39_48b5_bac4_73806392a574-15 unregistered
2025-08-06 18:55:04,416 INFO  [org.apa.kaf.cli.con.int.ClassicKafkaConsumer] (Thread-718) [Consumer clientId=consumer-Consumer-topic-689179ba_5bf6_4dff_92e0_a64260368b4a-16, groupId=Consumer-topic-689179ba_5bf6_4dff_92e0_a64260368b4a] Subscribed to topic(s): topic-689179ba_5bf6_4dff_92e0_a64260368b4a
2025-08-06 18:55:04,421 INFO  [org.apa.kaf.cli.Metadata] (Thread-718) [Consumer clientId=consumer-Consumer-topic-689179ba_5bf6_4dff_92e0_a64260368b4a-16, groupId=Consumer-topic-689179ba_5bf6_4dff_92e0_a64260368b4a] Cluster ID: kF8Ua3WQTR-RR3LzMUds4A
2025-08-06 18:55:04,421 INFO  [org.apa.kaf.cli.con.int.ConsumerCoordinator] (Thread-718) [Consumer clientId=consumer-Consumer-topic-689179ba_5bf6_4dff_92e0_a64260368b4a-16, groupId=Consumer-topic-689179ba_5bf6_4dff_92e0_a64260368b4a] Discovered group coordinator localhost:32769 (id: 2147483647 rack: null)
2025-08-06 18:55:04,424 INFO  [org.apa.kaf.cli.con.int.ConsumerCoordinator] (Thread-718) [Consumer clientId=consumer-Consumer-topic-689179ba_5bf6_4dff_92e0_a64260368b4a-16, groupId=Consumer-topic-689179ba_5bf6_4dff_92e0_a64260368b4a] (Re-)joining group
2025-08-06 18:55:04,426 INFO  [org.apa.kaf.cli.con.int.ConsumerCoordinator] (Thread-718) [Consumer clientId=consumer-Consumer-topic-689179ba_5bf6_4dff_92e0_a64260368b4a-16, groupId=Consumer-topic-689179ba_5bf6_4dff_92e0_a64260368b4a] Request joining group due to: need to re-join with the given member-id: consumer-Consumer-topic-689179ba_5bf6_4dff_92e0_a64260368b4a-16-b77fd4c3-0f8a-4671-9d22-04e06bef09c1
2025-08-06 18:55:04,426 INFO  [org.apa.kaf.cli.con.int.ConsumerCoordinator] (Thread-718) [Consumer clientId=consumer-Consumer-topic-689179ba_5bf6_4dff_92e0_a64260368b4a-16, groupId=Consumer-topic-689179ba_5bf6_4dff_92e0_a64260368b4a] (Re-)joining group
2025-08-06 18:55:05,416 INFO  [io.api.tes.ser.api.KafkaSerdesTester] (Thread-718) None found
2025-08-06 18:55:06,416 INFO  [io.api.tes.ser.api.KafkaSerdesTester] (Thread-718) None found
2025-08-06 18:55:07,416 INFO  [io.api.tes.ser.api.KafkaSerdesTester] (Thread-718) None found
2025-08-06 18:55:07,427 INFO  [org.apa.kaf.cli.con.int.ConsumerCoordinator] (Thread-718) [Consumer clientId=consumer-Consumer-topic-689179ba_5bf6_4dff_92e0_a64260368b4a-16, groupId=Consumer-topic-689179ba_5bf6_4dff_92e0_a64260368b4a] Successfully joined group with generation Generation{generationId=1, memberId='consumer-Consumer-topic-689179ba_5bf6_4dff_92e0_a64260368b4a-16-b77fd4c3-0f8a-4671-9d22-04e06bef09c1', protocol='range'}
2025-08-06 18:55:07,428 INFO  [org.apa.kaf.cli.con.int.ConsumerCoordinator] (Thread-718) [Consumer clientId=consumer-Consumer-topic-689179ba_5bf6_4dff_92e0_a64260368b4a-16, groupId=Consumer-topic-689179ba_5bf6_4dff_92e0_a64260368b4a] Finished assignment for group at generation 1: {consumer-Consumer-topic-689179ba_5bf6_4dff_92e0_a64260368b4a-16-b77fd4c3-0f8a-4671-9d22-04e06bef09c1=Assignment(partitions=[topic-689179ba_5bf6_4dff_92e0_a64260368b4a-0])}
2025-08-06 18:55:07,434 INFO  [org.apa.kaf.cli.con.int.ConsumerCoordinator] (Thread-718) [Consumer clientId=consumer-Consumer-topic-689179ba_5bf6_4dff_92e0_a64260368b4a-16, groupId=Consumer-topic-689179ba_5bf6_4dff_92e0_a64260368b4a] Successfully synced group in generation Generation{generationId=1, memberId='consumer-Consumer-topic-689179ba_5bf6_4dff_92e0_a64260368b4a-16-b77fd4c3-0f8a-4671-9d22-04e06bef09c1', protocol='range'}
2025-08-06 18:55:07,434 INFO  [org.apa.kaf.cli.con.int.ConsumerCoordinator] (Thread-718) [Consumer clientId=consumer-Consumer-topic-689179ba_5bf6_4dff_92e0_a64260368b4a-16, groupId=Consumer-topic-689179ba_5bf6_4dff_92e0_a64260368b4a] Notifying assignor about the new Assignment(partitions=[topic-689179ba_5bf6_4dff_92e0_a64260368b4a-0])
2025-08-06 18:55:07,434 INFO  [org.apa.kaf.cli.con.int.ConsumerRebalanceListenerInvoker] (Thread-718) [Consumer clientId=consumer-Consumer-topic-689179ba_5bf6_4dff_92e0_a64260368b4a-16, groupId=Consumer-topic-689179ba_5bf6_4dff_92e0_a64260368b4a] Adding newly assigned partitions: topic-689179ba_5bf6_4dff_92e0_a64260368b4a-0
2025-08-06 18:55:07,435 INFO  [org.apa.kaf.cli.con.int.ConsumerCoordinator] (Thread-718) [Consumer clientId=consumer-Consumer-topic-689179ba_5bf6_4dff_92e0_a64260368b4a-16, groupId=Consumer-topic-689179ba_5bf6_4dff_92e0_a64260368b4a] Found no committed offset for partition topic-689179ba_5bf6_4dff_92e0_a64260368b4a-0
2025-08-06 18:55:07,438 INFO  [org.apa.kaf.cli.con.int.SubscriptionState] (Thread-718) [Consumer clientId=consumer-Consumer-topic-689179ba_5bf6_4dff_92e0_a64260368b4a-16, groupId=Consumer-topic-689179ba_5bf6_4dff_92e0_a64260368b4a] Resetting offset for partition topic-689179ba_5bf6_4dff_92e0_a64260368b4a-0 to position FetchPosition{offset=0, offsetEpoch=Optional.empty, currentLeader=LeaderAndEpoch{leader=Optional[localhost:32769 (id: 0 rack: null)], epoch=0}}.
2025-08-06 18:55:07,681 INFO  [io.api.tes.ser.api.KafkaSerdesTester] (Thread-718) topic-689179ba_5bf6_4dff_92e0_a64260368b4a 0 0 {"key11754506495050": "value-0"}
2025-08-06 18:55:07,681 INFO  [io.api.tes.ser.api.KafkaSerdesTester] (Thread-718) topic-689179ba_5bf6_4dff_92e0_a64260368b4a 0 1 {"key11754506495050": "value-1"}
2025-08-06 18:55:07,681 INFO  [io.api.tes.ser.api.KafkaSerdesTester] (Thread-718) topic-689179ba_5bf6_4dff_92e0_a64260368b4a 0 2 {"key11754506495050": "value-2"}
2025-08-06 18:55:07,681 INFO  [io.api.tes.ser.api.KafkaSerdesTester] (Thread-718) topic-689179ba_5bf6_4dff_92e0_a64260368b4a 0 3 {"key11754506495050": "value-3"}
2025-08-06 18:55:07,681 INFO  [io.api.tes.ser.api.KafkaSerdesTester] (Thread-718) topic-689179ba_5bf6_4dff_92e0_a64260368b4a 0 4 {"key11754506495050": "value-4"}
2025-08-06 18:55:07,681 INFO  [io.api.tes.ser.api.KafkaSerdesTester] (Thread-718) topic-689179ba_5bf6_4dff_92e0_a64260368b4a 0 5 {"key11754506495050": "value-5"}
2025-08-06 18:55:07,681 INFO  [io.api.tes.ser.api.KafkaSerdesTester] (Thread-718) topic-689179ba_5bf6_4dff_92e0_a64260368b4a 0 6 {"key11754506495050": "value-6"}
2025-08-06 18:55:07,681 INFO  [io.api.tes.ser.api.KafkaSerdesTester] (Thread-718) topic-689179ba_5bf6_4dff_92e0_a64260368b4a 0 7 {"key11754506495050": "value-7"}
2025-08-06 18:55:07,681 INFO  [io.api.tes.ser.api.KafkaSerdesTester] (Thread-718) topic-689179ba_5bf6_4dff_92e0_a64260368b4a 0 8 {"key11754506495050": "value-8"}
2025-08-06 18:55:07,681 INFO  [io.api.tes.ser.api.KafkaSerdesTester] (Thread-718) topic-689179ba_5bf6_4dff_92e0_a64260368b4a 0 9 {"key11754506495050": "value-9"}
2025-08-06 18:55:07,681 INFO  [io.api.tes.ser.api.KafkaSerdesTester] (Thread-718) Consumed 10 messages
2025-08-06 18:55:07,688 INFO  [org.apa.kaf.cli.con.int.ConsumerRebalanceListenerInvoker] (Thread-718) [Consumer clientId=consumer-Consumer-topic-689179ba_5bf6_4dff_92e0_a64260368b4a-16, groupId=Consumer-topic-689179ba_5bf6_4dff_92e0_a64260368b4a] Revoke previously assigned partitions topic-689179ba_5bf6_4dff_92e0_a64260368b4a-0
2025-08-06 18:55:07,689 INFO  [org.apa.kaf.cli.con.int.ConsumerCoordinator] (Thread-718) [Consumer clientId=consumer-Consumer-topic-689179ba_5bf6_4dff_92e0_a64260368b4a-16, groupId=Consumer-topic-689179ba_5bf6_4dff_92e0_a64260368b4a] Member consumer-Consumer-topic-689179ba_5bf6_4dff_92e0_a64260368b4a-16-b77fd4c3-0f8a-4671-9d22-04e06bef09c1 sending LeaveGroup request to coordinator localhost:32769 (id: 2147483647 rack: null) due to the consumer is being closed
2025-08-06 18:55:07,689 INFO  [org.apa.kaf.cli.con.int.ConsumerCoordinator] (Thread-718) [Consumer clientId=consumer-Consumer-topic-689179ba_5bf6_4dff_92e0_a64260368b4a-16, groupId=Consumer-topic-689179ba_5bf6_4dff_92e0_a64260368b4a] Resetting generation and member id due to: consumer pro-actively leaving the group
2025-08-06 18:55:07,689 INFO  [org.apa.kaf.cli.con.int.ConsumerCoordinator] (Thread-718) [Consumer clientId=consumer-Consumer-topic-689179ba_5bf6_4dff_92e0_a64260368b4a-16, groupId=Consumer-topic-689179ba_5bf6_4dff_92e0_a64260368b4a] Request joining group due to: consumer pro-actively leaving the group
2025-08-06 18:55:08,183 INFO  [org.apa.kaf.com.met.Metrics] (Thread-718) Metrics scheduler closed
2025-08-06 18:55:08,183 INFO  [org.apa.kaf.com.met.Metrics] (Thread-718) Closing reporter org.apache.kafka.common.metrics.JmxReporter
2025-08-06 18:55:08,183 INFO  [org.apa.kaf.com.met.Metrics] (Thread-718) Closing reporter org.apache.kafka.common.telemetry.internals.ClientTelemetryReporter
2025-08-06 18:55:08,183 INFO  [org.apa.kaf.com.met.Metrics] (Thread-718) Metrics reporters closed
2025-08-06 18:55:08,186 INFO  [org.apa.kaf.com.uti.AppInfoParser] (Thread-718) App info kafka.consumer for consumer-Consumer-topic-689179ba_5bf6_4dff_92e0_a64260368b4a-16 unregistered
2025-08-06 18:55:08,187 INFO  [io.api.tes.uti.TestSeparator] (main) io.apicurio.tests.serdes.apicurio.AvroSerdeIT.testAvroConfluentForMultipleTopics-FINISHED
2025-08-06 18:55:08,187 INFO  [io.api.tes.uti.TestSeparator] (main) ############################################################################
Test passed: testAvroConfluentForMultipleTopics
]]></system-out>
  </testcase>
  <testcase name="testFirstRequestFailsRateLimited" classname="io.apicurio.tests.serdes.apicurio.AvroSerdeIT" time="0.979">
    <system-out><![CDATA[2025-08-06 18:55:08,188 INFO  [io.api.tes.uti.TestSeparator] (main) ############################################################################
2025-08-06 18:55:08,188 INFO  [io.api.tes.uti.TestSeparator] (main) io.apicurio.tests.serdes.apicurio.AvroSerdeIT.testFirstRequestFailsRateLimited-STARTED
2025-08-06 18:55:08,632 WARN  [org.ecl.jet.ser.AbstractConnector] (main) Acceptors should be <= availableProcessors: NetworkTrafficServerConnector@71bc7d1e{HTTP/1.1, (http/1.1, h2c)}{0.0.0.0:0} 
2025-08-06 18:55:08,749 INFO  [org.ecl.jet.ser.Server] (main) jetty-11.0.15; built: 2023-04-11T18:37:53.775Z; git: 5bc5e562c8d05c5862505aebe5cf83a61bdbcb96; jvm 17.0.16+8
2025-08-06 18:55:08,785 INFO  [org.ecl.jet.ser.han.ContextHandler] (main) Started o.e.j.s.ServletContextHandler@7c095332{/__admin,null,AVAILABLE}
2025-08-06 18:55:08,794 INFO  [org.ecl.jet.ser.han.Con.ROOT] (main) RequestHandlerClass from context returned com.github.tomakehurst.wiremock.http.StubRequestHandler. Normalized mapped under returned 'null'
2025-08-06 18:55:08,795 INFO  [org.ecl.jet.ser.han.ContextHandler] (main) Started o.e.j.s.ServletContextHandler@ba59da9{/,null,AVAILABLE}
2025-08-06 18:55:08,805 INFO  [org.ecl.jet.ser.AbstractConnector] (main) Started NetworkTrafficServerConnector@71bc7d1e{HTTP/1.1, (http/1.1, h2c)}{0.0.0.0:44939}
2025-08-06 18:55:08,807 INFO  [org.ecl.jet.ser.Server] (main) Started Server@b41c538{STARTING}[11.0.15,sto=1000] @121589ms
**** Registry Base URL: http://registry-app-mysql.apps.ci419.apicurio-testing.org:80
2025-08-06 18:55:08,817 INFO  [org.apa.kaf.cli.pro.ProducerConfig] (main) ProducerConfig values: 
	acks = -1
	auto.include.jmx.reporter = true
	batch.size = 16384
	bootstrap.servers = [PLAINTEXT://localhost:32769]
	buffer.memory = 33554432
	client.dns.lookup = use_all_dns_ips
	client.id = Producer-topic-d7b13adb_f095_4e2e_9a0e_c0710e6d3d28
	compression.gzip.level = -1
	compression.lz4.level = 9
	compression.type = none
	compression.zstd.level = 3
	connections.max.idle.ms = 10000
	delivery.timeout.ms = 120000
	enable.idempotence = true
	enable.metrics.push = true
	interceptor.classes = []
	key.serializer = class org.apache.kafka.common.serialization.StringSerializer
	linger.ms = 0
	max.block.ms = 60000
	max.in.flight.requests.per.connection = 5
	max.request.size = 1048576
	metadata.max.age.ms = 300000
	metadata.max.idle.ms = 300000
	metadata.recovery.strategy = none
	metric.reporters = []
	metrics.num.samples = 2
	metrics.recording.level = INFO
	metrics.sample.window.ms = 30000
	partitioner.adaptive.partitioning.enable = true
	partitioner.availability.timeout.ms = 0
	partitioner.class = null
	partitioner.ignore.keys = false
	receive.buffer.bytes = 32768
	reconnect.backoff.max.ms = 1000
	reconnect.backoff.ms = 50
	request.timeout.ms = 5000
	retries = 2147483647
	retry.backoff.max.ms = 1000
	retry.backoff.ms = 100
	sasl.client.callback.handler.class = null
	sasl.jaas.config = null
	sasl.kerberos.kinit.cmd = /usr/bin/kinit
	sasl.kerberos.min.time.before.relogin = 60000
	sasl.kerberos.service.name = null
	sasl.kerberos.ticket.renew.jitter = 0.05
	sasl.kerberos.ticket.renew.window.factor = 0.8
	sasl.login.callback.handler.class = null
	sasl.login.class = null
	sasl.login.connect.timeout.ms = null
	sasl.login.read.timeout.ms = null
	sasl.login.refresh.buffer.seconds = 300
	sasl.login.refresh.min.period.seconds = 60
	sasl.login.refresh.window.factor = 0.8
	sasl.login.refresh.window.jitter = 0.05
	sasl.login.retry.backoff.max.ms = 10000
	sasl.login.retry.backoff.ms = 100
	sasl.mechanism = GSSAPI
	sasl.oauthbearer.clock.skew.seconds = 30
	sasl.oauthbearer.expected.audience = null
	sasl.oauthbearer.expected.issuer = null
	sasl.oauthbearer.header.urlencode = false
	sasl.oauthbearer.jwks.endpoint.refresh.ms = 3600000
	sasl.oauthbearer.jwks.endpoint.retry.backoff.max.ms = 10000
	sasl.oauthbearer.jwks.endpoint.retry.backoff.ms = 100
	sasl.oauthbearer.jwks.endpoint.url = null
	sasl.oauthbearer.scope.claim.name = scope
	sasl.oauthbearer.sub.claim.name = sub
	sasl.oauthbearer.token.endpoint.url = null
	security.protocol = PLAINTEXT
	security.providers = null
	send.buffer.bytes = 131072
	socket.connection.setup.timeout.max.ms = 30000
	socket.connection.setup.timeout.ms = 10000
	ssl.cipher.suites = null
	ssl.enabled.protocols = [TLSv1.2, TLSv1.3]
	ssl.endpoint.identification.algorithm = https
	ssl.engine.factory.class = null
	ssl.key.password = null
	ssl.keymanager.algorithm = SunX509
	ssl.keystore.certificate.chain = null
	ssl.keystore.key = null
	ssl.keystore.location = null
	ssl.keystore.password = null
	ssl.keystore.type = JKS
	ssl.protocol = TLSv1.3
	ssl.provider = null
	ssl.secure.random.implementation = null
	ssl.trustmanager.algorithm = PKIX
	ssl.truststore.certificates = null
	ssl.truststore.location = null
	ssl.truststore.password = null
	ssl.truststore.type = JKS
	transaction.timeout.ms = 60000
	transactional.id = null
	value.serializer = class io.apicurio.registry.serde.avro.AvroKafkaSerializer

2025-08-06 18:55:08,818 INFO  [org.apa.kaf.com.tel.int.KafkaMetricsCollector] (main) initializing Kafka metrics collector
2025-08-06 18:55:08,821 INFO  [org.apa.kaf.cli.pro.KafkaProducer] (main) [Producer clientId=Producer-topic-d7b13adb_f095_4e2e_9a0e_c0710e6d3d28] Instantiated an idempotent producer.
2025-08-06 18:55:08,825 INFO  [org.apa.kaf.cli.pro.ProducerConfig] (main) These configurations '[apicurio.registry.url, apicurio.registry.artifact-resolver-strategy]' were supplied but are not used yet.
2025-08-06 18:55:08,825 INFO  [org.apa.kaf.com.uti.AppInfoParser] (main) Kafka version: 3.9.1
2025-08-06 18:55:08,825 INFO  [org.apa.kaf.com.uti.AppInfoParser] (main) Kafka commitId: f745dfdcee2b9851
2025-08-06 18:55:08,825 INFO  [org.apa.kaf.com.uti.AppInfoParser] (main) Kafka startTimeMs: 1754506508825
2025-08-06 18:55:08,828 INFO  [io.api.tes.ser.api.KafkaSerdesTester] (Thread-729) Sending message {"keyB": "value-0"} to topic topic-d7b13adb_f095_4e2e_9a0e_c0710e6d3d28
2025-08-06 18:55:08,830 WARN  [org.apa.kaf.cli.NetworkClient] (kafka-producer-network-thread | Producer-topic-d7b13adb_f095_4e2e_9a0e_c0710e6d3d28) [Producer clientId=Producer-topic-d7b13adb_f095_4e2e_9a0e_c0710e6d3d28] The metadata response from the cluster reported a recoverable issue with correlation id 1 : {topic-d7b13adb_f095_4e2e_9a0e_c0710e6d3d28=UNKNOWN_TOPIC_OR_PARTITION}
2025-08-06 18:55:08,830 INFO  [org.apa.kaf.cli.Metadata] (kafka-producer-network-thread | Producer-topic-d7b13adb_f095_4e2e_9a0e_c0710e6d3d28) [Producer clientId=Producer-topic-d7b13adb_f095_4e2e_9a0e_c0710e6d3d28] Cluster ID: kF8Ua3WQTR-RR3LzMUds4A
2025-08-06 18:55:08,831 INFO  [org.apa.kaf.cli.pro.int.TransactionManager] (kafka-producer-network-thread | Producer-topic-d7b13adb_f095_4e2e_9a0e_c0710e6d3d28) [Producer clientId=Producer-topic-d7b13adb_f095_4e2e_9a0e_c0710e6d3d28] ProducerId set to 22 with epoch 0
2025-08-06 18:55:08,953 INFO  [DefaultSchemaResolver] (Thread-729) Retrieving schema content using string: {"type":"record","name":"myrecord","namespace":"mygroup","fields":[{"name":"keyB","type":"string"}]}
2025-08-06 18:55:09,149 INFO  [org.apa.kaf.cli.pro.KafkaProducer] (Thread-729) [Producer clientId=Producer-topic-d7b13adb_f095_4e2e_9a0e_c0710e6d3d28] Closing the Kafka producer with timeoutMillis = 9223372036854775807 ms.
2025-08-06 18:55:09,152 INFO  [org.apa.kaf.com.met.Metrics] (Thread-729) Metrics scheduler closed
2025-08-06 18:55:09,153 INFO  [org.apa.kaf.com.met.Metrics] (Thread-729) Closing reporter org.apache.kafka.common.metrics.JmxReporter
2025-08-06 18:55:09,153 INFO  [org.apa.kaf.com.met.Metrics] (Thread-729) Closing reporter org.apache.kafka.common.telemetry.internals.ClientTelemetryReporter
2025-08-06 18:55:09,153 INFO  [org.apa.kaf.com.met.Metrics] (Thread-729) Metrics reporters closed
2025-08-06 18:55:09,153 INFO  [org.apa.kaf.com.uti.AppInfoParser] (Thread-729) App info kafka.producer for Producer-topic-d7b13adb_f095_4e2e_9a0e_c0710e6d3d28 unregistered
2025-08-06 18:55:09,158 INFO  [org.ecl.jet.ser.Server] (main) Stopped Server@b41c538{STOPPING}[11.0.15,sto=1000]
2025-08-06 18:55:09,158 INFO  [org.ecl.jet.ser.Server] (main) Shutdown Server@b41c538{STOPPING}[11.0.15,sto=1000]
2025-08-06 18:55:09,162 INFO  [org.ecl.jet.ser.AbstractConnector] (main) Stopped NetworkTrafficServerConnector@71bc7d1e{HTTP/1.1, (http/1.1, h2c)}{0.0.0.0:0}
2025-08-06 18:55:09,163 INFO  [org.ecl.jet.ser.han.ContextHandler] (main) Stopped o.e.j.s.ServletContextHandler@ba59da9{/,null,STOPPED}
2025-08-06 18:55:09,164 INFO  [org.ecl.jet.ser.han.ContextHandler] (main) Stopped o.e.j.s.ServletContextHandler@7c095332{/__admin,null,STOPPED}
2025-08-06 18:55:09,167 INFO  [io.api.tes.uti.TestSeparator] (main) io.apicurio.tests.serdes.apicurio.AvroSerdeIT.testFirstRequestFailsRateLimited-FINISHED
2025-08-06 18:55:09,167 INFO  [io.api.tes.uti.TestSeparator] (main) ############################################################################
Test passed: testFirstRequestFailsRateLimited
]]></system-out>
    <system-err><![CDATA[com.microsoft.kiota.ApiException: the server returned an unexpected status code and no error class is registered for this code 429
	at com.microsoft.kiota.ApiExceptionBuilder.withMessage(ApiExceptionBuilder.java:45)
	at io.kiota.http.vertx.VertXRequestAdapter.throwIfFailedResponse(VertXRequestAdapter.java:370)
	at io.kiota.http.vertx.VertXRequestAdapter.send(VertXRequestAdapter.java:170)
	at io.apicurio.registry.rest.client.search.versions.VersionsRequestBuilder.post(VersionsRequestBuilder.java:94)
	at io.apicurio.registry.resolver.client.RegistryClientFacadeImpl.searchVersionsByContent(RegistryClientFacadeImpl.java:106)
	at io.apicurio.registry.resolver.DefaultSchemaResolver.lambda$handleResolveSchemaByContent$3(DefaultSchemaResolver.java:258)
	at io.apicurio.registry.resolver.cache.ERCache.lambda$getValue$0(ERCache.java:174)
	at io.apicurio.registry.resolver.cache.ERCache.retry(ERCache.java:227)
	at io.apicurio.registry.resolver.cache.ERCache.getValue(ERCache.java:173)
	at io.apicurio.registry.resolver.cache.ERCache.getByContent(ERCache.java:147)
	at io.apicurio.registry.resolver.DefaultSchemaResolver.handleResolveSchemaByContent(DefaultSchemaResolver.java:253)
	at io.apicurio.registry.resolver.DefaultSchemaResolver.getSchemaFromRegistry(DefaultSchemaResolver.java:138)
	at io.apicurio.registry.resolver.DefaultSchemaResolver.lambda$resolveSchema$0(DefaultSchemaResolver.java:84)
	at java.base/java.util.Optional.orElseGet(Optional.java:364)
	at io.apicurio.registry.resolver.DefaultSchemaResolver.resolveSchema(DefaultSchemaResolver.java:84)
	at io.apicurio.registry.serde.AbstractSerializer.serializeData(AbstractSerializer.java:62)
	at io.apicurio.registry.serde.KafkaSerializer.serialize(KafkaSerializer.java:77)
	at org.apache.kafka.clients.producer.KafkaProducer.doSend(KafkaProducer.java:1046)
	at org.apache.kafka.clients.producer.KafkaProducer.send(KafkaProducer.java:993)
	at org.apache.kafka.clients.producer.KafkaProducer.send(KafkaProducer.java:875)
	at io.apicurio.tests.serdes.apicurio.KafkaSerdesTester.lambda$produceMessages$3(KafkaSerdesTester.java:138)
	at java.base/java.util.concurrent.CompletableFuture$AsyncSupply.run(CompletableFuture.java:1768)
	at java.base/java.lang.Thread.run(Thread.java:840)
]]></system-err>
  </testcase>
  <testcase name="testFirstEmptyFieldConfusedAsMagicByte" classname="io.apicurio.tests.serdes.apicurio.AvroSerdeIT" time="4.3">
    <system-out><![CDATA[2025-08-06 18:55:09,170 INFO  [io.api.tes.uti.TestSeparator] (main) ############################################################################
2025-08-06 18:55:09,170 INFO  [io.api.tes.uti.TestSeparator] (main) io.apicurio.tests.serdes.apicurio.AvroSerdeIT.testFirstEmptyFieldConfusedAsMagicByte-STARTED
**** Registry Base URL: http://registry-app-mysql.apps.ci419.apicurio-testing.org:80
2025-08-06 18:55:09,172 INFO  [org.apa.kaf.cli.pro.ProducerConfig] (main) ProducerConfig values: 
	acks = -1
	auto.include.jmx.reporter = true
	batch.size = 16384
	bootstrap.servers = [PLAINTEXT://localhost:32769]
	buffer.memory = 33554432
	client.dns.lookup = use_all_dns_ips
	client.id = Producer-topic-2fd893a5_3d08_4bdc_9cd3_fcdee6632dcd
	compression.gzip.level = -1
	compression.lz4.level = 9
	compression.type = none
	compression.zstd.level = 3
	connections.max.idle.ms = 10000
	delivery.timeout.ms = 120000
	enable.idempotence = true
	enable.metrics.push = true
	interceptor.classes = []
	key.serializer = class org.apache.kafka.common.serialization.StringSerializer
	linger.ms = 0
	max.block.ms = 60000
	max.in.flight.requests.per.connection = 5
	max.request.size = 1048576
	metadata.max.age.ms = 300000
	metadata.max.idle.ms = 300000
	metadata.recovery.strategy = none
	metric.reporters = []
	metrics.num.samples = 2
	metrics.recording.level = INFO
	metrics.sample.window.ms = 30000
	partitioner.adaptive.partitioning.enable = true
	partitioner.availability.timeout.ms = 0
	partitioner.class = null
	partitioner.ignore.keys = false
	receive.buffer.bytes = 32768
	reconnect.backoff.max.ms = 1000
	reconnect.backoff.ms = 50
	request.timeout.ms = 5000
	retries = 2147483647
	retry.backoff.max.ms = 1000
	retry.backoff.ms = 100
	sasl.client.callback.handler.class = null
	sasl.jaas.config = null
	sasl.kerberos.kinit.cmd = /usr/bin/kinit
	sasl.kerberos.min.time.before.relogin = 60000
	sasl.kerberos.service.name = null
	sasl.kerberos.ticket.renew.jitter = 0.05
	sasl.kerberos.ticket.renew.window.factor = 0.8
	sasl.login.callback.handler.class = null
	sasl.login.class = null
	sasl.login.connect.timeout.ms = null
	sasl.login.read.timeout.ms = null
	sasl.login.refresh.buffer.seconds = 300
	sasl.login.refresh.min.period.seconds = 60
	sasl.login.refresh.window.factor = 0.8
	sasl.login.refresh.window.jitter = 0.05
	sasl.login.retry.backoff.max.ms = 10000
	sasl.login.retry.backoff.ms = 100
	sasl.mechanism = GSSAPI
	sasl.oauthbearer.clock.skew.seconds = 30
	sasl.oauthbearer.expected.audience = null
	sasl.oauthbearer.expected.issuer = null
	sasl.oauthbearer.header.urlencode = false
	sasl.oauthbearer.jwks.endpoint.refresh.ms = 3600000
	sasl.oauthbearer.jwks.endpoint.retry.backoff.max.ms = 10000
	sasl.oauthbearer.jwks.endpoint.retry.backoff.ms = 100
	sasl.oauthbearer.jwks.endpoint.url = null
	sasl.oauthbearer.scope.claim.name = scope
	sasl.oauthbearer.sub.claim.name = sub
	sasl.oauthbearer.token.endpoint.url = null
	security.protocol = PLAINTEXT
	security.providers = null
	send.buffer.bytes = 131072
	socket.connection.setup.timeout.max.ms = 30000
	socket.connection.setup.timeout.ms = 10000
	ssl.cipher.suites = null
	ssl.enabled.protocols = [TLSv1.2, TLSv1.3]
	ssl.endpoint.identification.algorithm = https
	ssl.engine.factory.class = null
	ssl.key.password = null
	ssl.keymanager.algorithm = SunX509
	ssl.keystore.certificate.chain = null
	ssl.keystore.key = null
	ssl.keystore.location = null
	ssl.keystore.password = null
	ssl.keystore.type = JKS
	ssl.protocol = TLSv1.3
	ssl.provider = null
	ssl.secure.random.implementation = null
	ssl.trustmanager.algorithm = PKIX
	ssl.truststore.certificates = null
	ssl.truststore.location = null
	ssl.truststore.password = null
	ssl.truststore.type = JKS
	transaction.timeout.ms = 60000
	transactional.id = null
	value.serializer = class io.apicurio.registry.serde.avro.AvroKafkaSerializer

2025-08-06 18:55:09,173 INFO  [org.apa.kaf.com.tel.int.KafkaMetricsCollector] (main) initializing Kafka metrics collector
2025-08-06 18:55:09,180 INFO  [org.apa.kaf.cli.pro.KafkaProducer] (main) [Producer clientId=Producer-topic-2fd893a5_3d08_4bdc_9cd3_fcdee6632dcd] Instantiated an idempotent producer.
2025-08-06 18:55:09,182 INFO  [org.apa.kaf.cli.pro.ProducerConfig] (main) These configurations '[apicurio.registry.url, apicurio.registry.auto-register, apicurio.registry.artifact-resolver-strategy]' were supplied but are not used yet.
2025-08-06 18:55:09,182 INFO  [org.apa.kaf.com.uti.AppInfoParser] (main) Kafka version: 3.9.1
2025-08-06 18:55:09,182 INFO  [org.apa.kaf.com.uti.AppInfoParser] (main) Kafka commitId: f745dfdcee2b9851
2025-08-06 18:55:09,182 INFO  [org.apa.kaf.com.uti.AppInfoParser] (main) Kafka startTimeMs: 1754506509182
2025-08-06 18:55:09,182 INFO  [io.api.tes.ser.api.SimpleSerdesTesterBuilder$SimpleSerdesTester] (main) Using producer configuration: {apicurio.registry.url=http://registry-app-mysql.apps.ci419.apicurio-testing.org:80/apis/registry/v3, apicurio.registry.auto-register=true, apicurio.registry.artifact-resolver-strategy=io.apicurio.registry.serde.strategy.SimpleTopicIdStrategy, value.serializer=io.apicurio.registry.serde.avro.AvroKafkaSerializer, request.timeout.ms=5000, acks=all, bootstrap.servers=PLAINTEXT://localhost:32769, connections.max.idle.ms=10000, key.serializer=org.apache.kafka.common.serialization.StringSerializer, client.id=Producer-topic-2fd893a5_3d08_4bdc_9cd3_fcdee6632dcd}
2025-08-06 18:55:09,182 INFO  [io.api.tes.ser.api.SimpleSerdesTesterBuilder$SimpleSerdesTester] (main) Using consumer configuration: {}
2025-08-06 18:55:09,183 INFO  [io.api.tes.ser.api.KafkaSerdesTester] (Thread-732) Sending message {"username": null} to topic topic-2fd893a5_3d08_4bdc_9cd3_fcdee6632dcd
2025-08-06 18:55:09,190 WARN  [org.apa.kaf.cli.NetworkClient] (kafka-producer-network-thread | Producer-topic-2fd893a5_3d08_4bdc_9cd3_fcdee6632dcd) [Producer clientId=Producer-topic-2fd893a5_3d08_4bdc_9cd3_fcdee6632dcd] The metadata response from the cluster reported a recoverable issue with correlation id 1 : {topic-2fd893a5_3d08_4bdc_9cd3_fcdee6632dcd=UNKNOWN_TOPIC_OR_PARTITION}
2025-08-06 18:55:09,190 INFO  [org.apa.kaf.cli.Metadata] (kafka-producer-network-thread | Producer-topic-2fd893a5_3d08_4bdc_9cd3_fcdee6632dcd) [Producer clientId=Producer-topic-2fd893a5_3d08_4bdc_9cd3_fcdee6632dcd] Cluster ID: kF8Ua3WQTR-RR3LzMUds4A
2025-08-06 18:55:09,190 INFO  [org.apa.kaf.cli.pro.int.TransactionManager] (kafka-producer-network-thread | Producer-topic-2fd893a5_3d08_4bdc_9cd3_fcdee6632dcd) [Producer clientId=Producer-topic-2fd893a5_3d08_4bdc_9cd3_fcdee6632dcd] ProducerId set to 23 with epoch 0
2025-08-06 18:55:09,500 INFO  [io.api.tes.ser.api.KafkaSerdesTester] (Thread-732) Sending message {"username": null} to topic topic-2fd893a5_3d08_4bdc_9cd3_fcdee6632dcd
2025-08-06 18:55:09,502 INFO  [io.api.tes.ser.api.KafkaSerdesTester] (Thread-732) Sending message {"username": "value-2"} to topic topic-2fd893a5_3d08_4bdc_9cd3_fcdee6632dcd
2025-08-06 18:55:09,506 INFO  [io.api.tes.ser.api.KafkaSerdesTester] (Thread-732) Sending message {"username": null} to topic topic-2fd893a5_3d08_4bdc_9cd3_fcdee6632dcd
2025-08-06 18:55:09,511 INFO  [io.api.tes.ser.api.KafkaSerdesTester] (Thread-732) Sending message {"username": "value-4"} to topic topic-2fd893a5_3d08_4bdc_9cd3_fcdee6632dcd
2025-08-06 18:55:09,518 INFO  [io.api.tes.ser.api.KafkaSerdesTester] (Thread-732) Sending message {"username": null} to topic topic-2fd893a5_3d08_4bdc_9cd3_fcdee6632dcd
2025-08-06 18:55:09,520 INFO  [io.api.tes.ser.api.KafkaSerdesTester] (Thread-732) Sending message {"username": "value-6"} to topic topic-2fd893a5_3d08_4bdc_9cd3_fcdee6632dcd
2025-08-06 18:55:09,523 INFO  [io.api.tes.ser.api.KafkaSerdesTester] (Thread-732) Sending message {"username": null} to topic topic-2fd893a5_3d08_4bdc_9cd3_fcdee6632dcd
2025-08-06 18:55:09,525 INFO  [io.api.tes.ser.api.KafkaSerdesTester] (Thread-732) Sending message {"username": "value-8"} to topic topic-2fd893a5_3d08_4bdc_9cd3_fcdee6632dcd
2025-08-06 18:55:09,527 INFO  [io.api.tes.ser.api.KafkaSerdesTester] (Thread-732) Sending message {"username": null} to topic topic-2fd893a5_3d08_4bdc_9cd3_fcdee6632dcd
2025-08-06 18:55:09,529 INFO  [io.api.tes.ser.api.KafkaSerdesTester] (Thread-732) Produced 10 messages
2025-08-06 18:55:09,529 INFO  [org.apa.kaf.cli.pro.KafkaProducer] (Thread-732) [Producer clientId=Producer-topic-2fd893a5_3d08_4bdc_9cd3_fcdee6632dcd] Closing the Kafka producer with timeoutMillis = 9223372036854775807 ms.
2025-08-06 18:55:09,531 INFO  [org.apa.kaf.com.met.Metrics] (Thread-732) Metrics scheduler closed
2025-08-06 18:55:09,531 INFO  [org.apa.kaf.com.met.Metrics] (Thread-732) Closing reporter org.apache.kafka.common.metrics.JmxReporter
2025-08-06 18:55:09,531 INFO  [org.apa.kaf.com.met.Metrics] (Thread-732) Closing reporter org.apache.kafka.common.telemetry.internals.ClientTelemetryReporter
2025-08-06 18:55:09,531 INFO  [org.apa.kaf.com.met.Metrics] (Thread-732) Metrics reporters closed
2025-08-06 18:55:09,531 INFO  [org.apa.kaf.com.uti.AppInfoParser] (Thread-732) App info kafka.producer for Producer-topic-2fd893a5_3d08_4bdc_9cd3_fcdee6632dcd unregistered
**** Registry Base URL: http://registry-app-mysql.apps.ci419.apicurio-testing.org:80
2025-08-06 18:55:09,702 INFO  [org.apa.kaf.cli.con.ConsumerConfig] (main) ConsumerConfig values: 
	allow.auto.create.topics = true
	auto.commit.interval.ms = 500
	auto.include.jmx.reporter = true
	auto.offset.reset = earliest
	bootstrap.servers = [PLAINTEXT://localhost:32769]
	check.crcs = true
	client.dns.lookup = use_all_dns_ips
	client.id = consumer-Consumer-topic-2fd893a5_3d08_4bdc_9cd3_fcdee6632dcd-17
	client.rack = 
	connections.max.idle.ms = 10000
	default.api.timeout.ms = 60000
	enable.auto.commit = true
	enable.metrics.push = true
	exclude.internal.topics = true
	fetch.max.bytes = 52428800
	fetch.max.wait.ms = 500
	fetch.min.bytes = 1
	group.id = Consumer-topic-2fd893a5_3d08_4bdc_9cd3_fcdee6632dcd
	group.instance.id = null
	group.protocol = classic
	group.remote.assignor = null
	heartbeat.interval.ms = 3000
	interceptor.classes = []
	internal.leave.group.on.close = true
	internal.throw.on.fetch.stable.offset.unsupported = false
	isolation.level = read_uncommitted
	key.deserializer = class org.apache.kafka.common.serialization.StringDeserializer
	max.partition.fetch.bytes = 1048576
	max.poll.interval.ms = 300000
	max.poll.records = 500
	metadata.max.age.ms = 300000
	metadata.recovery.strategy = none
	metric.reporters = []
	metrics.num.samples = 2
	metrics.recording.level = INFO
	metrics.sample.window.ms = 30000
	partition.assignment.strategy = [class org.apache.kafka.clients.consumer.RangeAssignor, class org.apache.kafka.clients.consumer.CooperativeStickyAssignor]
	receive.buffer.bytes = 65536
	reconnect.backoff.max.ms = 1000
	reconnect.backoff.ms = 50
	request.timeout.ms = 5000
	retry.backoff.max.ms = 1000
	retry.backoff.ms = 100
	sasl.client.callback.handler.class = null
	sasl.jaas.config = null
	sasl.kerberos.kinit.cmd = /usr/bin/kinit
	sasl.kerberos.min.time.before.relogin = 60000
	sasl.kerberos.service.name = null
	sasl.kerberos.ticket.renew.jitter = 0.05
	sasl.kerberos.ticket.renew.window.factor = 0.8
	sasl.login.callback.handler.class = null
	sasl.login.class = null
	sasl.login.connect.timeout.ms = null
	sasl.login.read.timeout.ms = null
	sasl.login.refresh.buffer.seconds = 300
	sasl.login.refresh.min.period.seconds = 60
	sasl.login.refresh.window.factor = 0.8
	sasl.login.refresh.window.jitter = 0.05
	sasl.login.retry.backoff.max.ms = 10000
	sasl.login.retry.backoff.ms = 100
	sasl.mechanism = GSSAPI
	sasl.oauthbearer.clock.skew.seconds = 30
	sasl.oauthbearer.expected.audience = null
	sasl.oauthbearer.expected.issuer = null
	sasl.oauthbearer.header.urlencode = false
	sasl.oauthbearer.jwks.endpoint.refresh.ms = 3600000
	sasl.oauthbearer.jwks.endpoint.retry.backoff.max.ms = 10000
	sasl.oauthbearer.jwks.endpoint.retry.backoff.ms = 100
	sasl.oauthbearer.jwks.endpoint.url = null
	sasl.oauthbearer.scope.claim.name = scope
	sasl.oauthbearer.sub.claim.name = sub
	sasl.oauthbearer.token.endpoint.url = null
	security.protocol = PLAINTEXT
	security.providers = null
	send.buffer.bytes = 131072
	session.timeout.ms = 45000
	socket.connection.setup.timeout.max.ms = 30000
	socket.connection.setup.timeout.ms = 10000
	ssl.cipher.suites = null
	ssl.enabled.protocols = [TLSv1.2, TLSv1.3]
	ssl.endpoint.identification.algorithm = https
	ssl.engine.factory.class = null
	ssl.key.password = null
	ssl.keymanager.algorithm = SunX509
	ssl.keystore.certificate.chain = null
	ssl.keystore.key = null
	ssl.keystore.location = null
	ssl.keystore.password = null
	ssl.keystore.type = JKS
	ssl.protocol = TLSv1.3
	ssl.provider = null
	ssl.secure.random.implementation = null
	ssl.trustmanager.algorithm = PKIX
	ssl.truststore.certificates = null
	ssl.truststore.location = null
	ssl.truststore.password = null
	ssl.truststore.type = JKS
	value.deserializer = class io.apicurio.registry.serde.avro.AvroKafkaDeserializer

2025-08-06 18:55:09,703 INFO  [org.apa.kaf.com.tel.int.KafkaMetricsCollector] (main) initializing Kafka metrics collector
2025-08-06 18:55:09,708 INFO  [org.apa.kaf.cli.con.ConsumerConfig] (main) These configurations '[apicurio.registry.url]' were supplied but are not used yet.
2025-08-06 18:55:09,708 INFO  [org.apa.kaf.com.uti.AppInfoParser] (main) Kafka version: 3.9.1
2025-08-06 18:55:09,708 INFO  [org.apa.kaf.com.uti.AppInfoParser] (main) Kafka commitId: f745dfdcee2b9851
2025-08-06 18:55:09,708 INFO  [org.apa.kaf.com.uti.AppInfoParser] (main) Kafka startTimeMs: 1754506509708
2025-08-06 18:55:09,708 INFO  [org.apa.kaf.cli.con.int.ClassicKafkaConsumer] (Thread-735) [Consumer clientId=consumer-Consumer-topic-2fd893a5_3d08_4bdc_9cd3_fcdee6632dcd-17, groupId=Consumer-topic-2fd893a5_3d08_4bdc_9cd3_fcdee6632dcd] Subscribed to topic(s): topic-2fd893a5_3d08_4bdc_9cd3_fcdee6632dcd
2025-08-06 18:55:09,713 INFO  [org.apa.kaf.cli.Metadata] (Thread-735) [Consumer clientId=consumer-Consumer-topic-2fd893a5_3d08_4bdc_9cd3_fcdee6632dcd-17, groupId=Consumer-topic-2fd893a5_3d08_4bdc_9cd3_fcdee6632dcd] Cluster ID: kF8Ua3WQTR-RR3LzMUds4A
2025-08-06 18:55:09,713 INFO  [org.apa.kaf.cli.con.int.ConsumerCoordinator] (Thread-735) [Consumer clientId=consumer-Consumer-topic-2fd893a5_3d08_4bdc_9cd3_fcdee6632dcd-17, groupId=Consumer-topic-2fd893a5_3d08_4bdc_9cd3_fcdee6632dcd] Discovered group coordinator localhost:32769 (id: 2147483647 rack: null)
2025-08-06 18:55:09,715 INFO  [org.apa.kaf.cli.con.int.ConsumerCoordinator] (Thread-735) [Consumer clientId=consumer-Consumer-topic-2fd893a5_3d08_4bdc_9cd3_fcdee6632dcd-17, groupId=Consumer-topic-2fd893a5_3d08_4bdc_9cd3_fcdee6632dcd] (Re-)joining group
2025-08-06 18:55:09,718 INFO  [org.apa.kaf.cli.con.int.ConsumerCoordinator] (Thread-735) [Consumer clientId=consumer-Consumer-topic-2fd893a5_3d08_4bdc_9cd3_fcdee6632dcd-17, groupId=Consumer-topic-2fd893a5_3d08_4bdc_9cd3_fcdee6632dcd] Request joining group due to: need to re-join with the given member-id: consumer-Consumer-topic-2fd893a5_3d08_4bdc_9cd3_fcdee6632dcd-17-7cfb13f8-7c9b-49ac-9a40-75a1bfaea54e
2025-08-06 18:55:09,719 INFO  [org.apa.kaf.cli.con.int.ConsumerCoordinator] (Thread-735) [Consumer clientId=consumer-Consumer-topic-2fd893a5_3d08_4bdc_9cd3_fcdee6632dcd-17, groupId=Consumer-topic-2fd893a5_3d08_4bdc_9cd3_fcdee6632dcd] (Re-)joining group
2025-08-06 18:55:10,708 INFO  [io.api.tes.ser.api.KafkaSerdesTester] (Thread-735) None found
2025-08-06 18:55:11,709 INFO  [io.api.tes.ser.api.KafkaSerdesTester] (Thread-735) None found
2025-08-06 18:55:12,709 INFO  [io.api.tes.ser.api.KafkaSerdesTester] (Thread-735) None found
2025-08-06 18:55:12,721 INFO  [org.apa.kaf.cli.con.int.ConsumerCoordinator] (Thread-735) [Consumer clientId=consumer-Consumer-topic-2fd893a5_3d08_4bdc_9cd3_fcdee6632dcd-17, groupId=Consumer-topic-2fd893a5_3d08_4bdc_9cd3_fcdee6632dcd] Successfully joined group with generation Generation{generationId=1, memberId='consumer-Consumer-topic-2fd893a5_3d08_4bdc_9cd3_fcdee6632dcd-17-7cfb13f8-7c9b-49ac-9a40-75a1bfaea54e', protocol='range'}
2025-08-06 18:55:12,721 INFO  [org.apa.kaf.cli.con.int.ConsumerCoordinator] (Thread-735) [Consumer clientId=consumer-Consumer-topic-2fd893a5_3d08_4bdc_9cd3_fcdee6632dcd-17, groupId=Consumer-topic-2fd893a5_3d08_4bdc_9cd3_fcdee6632dcd] Finished assignment for group at generation 1: {consumer-Consumer-topic-2fd893a5_3d08_4bdc_9cd3_fcdee6632dcd-17-7cfb13f8-7c9b-49ac-9a40-75a1bfaea54e=Assignment(partitions=[topic-2fd893a5_3d08_4bdc_9cd3_fcdee6632dcd-0])}
2025-08-06 18:55:12,728 INFO  [org.apa.kaf.cli.con.int.ConsumerCoordinator] (Thread-735) [Consumer clientId=consumer-Consumer-topic-2fd893a5_3d08_4bdc_9cd3_fcdee6632dcd-17, groupId=Consumer-topic-2fd893a5_3d08_4bdc_9cd3_fcdee6632dcd] Successfully synced group in generation Generation{generationId=1, memberId='consumer-Consumer-topic-2fd893a5_3d08_4bdc_9cd3_fcdee6632dcd-17-7cfb13f8-7c9b-49ac-9a40-75a1bfaea54e', protocol='range'}
2025-08-06 18:55:12,728 INFO  [org.apa.kaf.cli.con.int.ConsumerCoordinator] (Thread-735) [Consumer clientId=consumer-Consumer-topic-2fd893a5_3d08_4bdc_9cd3_fcdee6632dcd-17, groupId=Consumer-topic-2fd893a5_3d08_4bdc_9cd3_fcdee6632dcd] Notifying assignor about the new Assignment(partitions=[topic-2fd893a5_3d08_4bdc_9cd3_fcdee6632dcd-0])
2025-08-06 18:55:12,728 INFO  [org.apa.kaf.cli.con.int.ConsumerRebalanceListenerInvoker] (Thread-735) [Consumer clientId=consumer-Consumer-topic-2fd893a5_3d08_4bdc_9cd3_fcdee6632dcd-17, groupId=Consumer-topic-2fd893a5_3d08_4bdc_9cd3_fcdee6632dcd] Adding newly assigned partitions: topic-2fd893a5_3d08_4bdc_9cd3_fcdee6632dcd-0
2025-08-06 18:55:12,729 INFO  [org.apa.kaf.cli.con.int.ConsumerCoordinator] (Thread-735) [Consumer clientId=consumer-Consumer-topic-2fd893a5_3d08_4bdc_9cd3_fcdee6632dcd-17, groupId=Consumer-topic-2fd893a5_3d08_4bdc_9cd3_fcdee6632dcd] Found no committed offset for partition topic-2fd893a5_3d08_4bdc_9cd3_fcdee6632dcd-0
2025-08-06 18:55:12,732 INFO  [org.apa.kaf.cli.con.int.SubscriptionState] (Thread-735) [Consumer clientId=consumer-Consumer-topic-2fd893a5_3d08_4bdc_9cd3_fcdee6632dcd-17, groupId=Consumer-topic-2fd893a5_3d08_4bdc_9cd3_fcdee6632dcd] Resetting offset for partition topic-2fd893a5_3d08_4bdc_9cd3_fcdee6632dcd-0 to position FetchPosition{offset=0, offsetEpoch=Optional.empty, currentLeader=LeaderAndEpoch{leader=Optional[localhost:32769 (id: 0 rack: null)], epoch=0}}.
2025-08-06 18:55:12,965 INFO  [io.api.tes.ser.api.KafkaSerdesTester] (Thread-735) topic-2fd893a5_3d08_4bdc_9cd3_fcdee6632dcd 0 0 {"username": null}
2025-08-06 18:55:12,965 INFO  [io.api.tes.ser.api.KafkaSerdesTester] (Thread-735) topic-2fd893a5_3d08_4bdc_9cd3_fcdee6632dcd 0 1 {"username": null}
2025-08-06 18:55:12,965 INFO  [io.api.tes.ser.api.KafkaSerdesTester] (Thread-735) topic-2fd893a5_3d08_4bdc_9cd3_fcdee6632dcd 0 2 {"username": "value-2"}
2025-08-06 18:55:12,965 INFO  [io.api.tes.ser.api.KafkaSerdesTester] (Thread-735) topic-2fd893a5_3d08_4bdc_9cd3_fcdee6632dcd 0 3 {"username": null}
2025-08-06 18:55:12,965 INFO  [io.api.tes.ser.api.KafkaSerdesTester] (Thread-735) topic-2fd893a5_3d08_4bdc_9cd3_fcdee6632dcd 0 4 {"username": "value-4"}
2025-08-06 18:55:12,965 INFO  [io.api.tes.ser.api.KafkaSerdesTester] (Thread-735) topic-2fd893a5_3d08_4bdc_9cd3_fcdee6632dcd 0 5 {"username": null}
2025-08-06 18:55:12,965 INFO  [io.api.tes.ser.api.KafkaSerdesTester] (Thread-735) topic-2fd893a5_3d08_4bdc_9cd3_fcdee6632dcd 0 6 {"username": "value-6"}
2025-08-06 18:55:12,965 INFO  [io.api.tes.ser.api.KafkaSerdesTester] (Thread-735) topic-2fd893a5_3d08_4bdc_9cd3_fcdee6632dcd 0 7 {"username": null}
2025-08-06 18:55:12,965 INFO  [io.api.tes.ser.api.KafkaSerdesTester] (Thread-735) topic-2fd893a5_3d08_4bdc_9cd3_fcdee6632dcd 0 8 {"username": "value-8"}
2025-08-06 18:55:12,965 INFO  [io.api.tes.ser.api.KafkaSerdesTester] (Thread-735) topic-2fd893a5_3d08_4bdc_9cd3_fcdee6632dcd 0 9 {"username": null}
2025-08-06 18:55:12,965 INFO  [io.api.tes.ser.api.KafkaSerdesTester] (Thread-735) Consumed 10 messages
2025-08-06 18:55:12,971 INFO  [org.apa.kaf.cli.con.int.ConsumerRebalanceListenerInvoker] (Thread-735) [Consumer clientId=consumer-Consumer-topic-2fd893a5_3d08_4bdc_9cd3_fcdee6632dcd-17, groupId=Consumer-topic-2fd893a5_3d08_4bdc_9cd3_fcdee6632dcd] Revoke previously assigned partitions topic-2fd893a5_3d08_4bdc_9cd3_fcdee6632dcd-0
2025-08-06 18:55:12,971 INFO  [org.apa.kaf.cli.con.int.ConsumerCoordinator] (Thread-735) [Consumer clientId=consumer-Consumer-topic-2fd893a5_3d08_4bdc_9cd3_fcdee6632dcd-17, groupId=Consumer-topic-2fd893a5_3d08_4bdc_9cd3_fcdee6632dcd] Member consumer-Consumer-topic-2fd893a5_3d08_4bdc_9cd3_fcdee6632dcd-17-7cfb13f8-7c9b-49ac-9a40-75a1bfaea54e sending LeaveGroup request to coordinator localhost:32769 (id: 2147483647 rack: null) due to the consumer is being closed
2025-08-06 18:55:12,972 INFO  [org.apa.kaf.cli.con.int.ConsumerCoordinator] (Thread-735) [Consumer clientId=consumer-Consumer-topic-2fd893a5_3d08_4bdc_9cd3_fcdee6632dcd-17, groupId=Consumer-topic-2fd893a5_3d08_4bdc_9cd3_fcdee6632dcd] Resetting generation and member id due to: consumer pro-actively leaving the group
2025-08-06 18:55:12,972 INFO  [org.apa.kaf.cli.con.int.ConsumerCoordinator] (Thread-735) [Consumer clientId=consumer-Consumer-topic-2fd893a5_3d08_4bdc_9cd3_fcdee6632dcd-17, groupId=Consumer-topic-2fd893a5_3d08_4bdc_9cd3_fcdee6632dcd] Request joining group due to: consumer pro-actively leaving the group
2025-08-06 18:55:13,466 INFO  [org.apa.kaf.com.met.Metrics] (Thread-735) Metrics scheduler closed
2025-08-06 18:55:13,466 INFO  [org.apa.kaf.com.met.Metrics] (Thread-735) Closing reporter org.apache.kafka.common.metrics.JmxReporter
2025-08-06 18:55:13,466 INFO  [org.apa.kaf.com.met.Metrics] (Thread-735) Closing reporter org.apache.kafka.common.telemetry.internals.ClientTelemetryReporter
2025-08-06 18:55:13,466 INFO  [org.apa.kaf.com.met.Metrics] (Thread-735) Metrics reporters closed
2025-08-06 18:55:13,468 INFO  [org.apa.kaf.com.uti.AppInfoParser] (Thread-735) App info kafka.consumer for consumer-Consumer-topic-2fd893a5_3d08_4bdc_9cd3_fcdee6632dcd-17 unregistered
2025-08-06 18:55:13,469 INFO  [io.api.tes.uti.TestSeparator] (main) io.apicurio.tests.serdes.apicurio.AvroSerdeIT.testFirstEmptyFieldConfusedAsMagicByte-FINISHED
2025-08-06 18:55:13,469 INFO  [io.api.tes.uti.TestSeparator] (main) ############################################################################
Test passed: testFirstEmptyFieldConfusedAsMagicByte
]]></system-out>
  </testcase>
  <testcase name="testAvroSerDesFailDifferentSchemaByContent" classname="io.apicurio.tests.serdes.apicurio.AvroSerdeIT" time="1.469">
    <system-out><![CDATA[2025-08-06 18:55:13,470 INFO  [io.api.tes.uti.TestSeparator] (main) ############################################################################
2025-08-06 18:55:13,470 INFO  [io.api.tes.uti.TestSeparator] (main) io.apicurio.tests.serdes.apicurio.AvroSerdeIT.testAvroSerDesFailDifferentSchemaByContent-STARTED
**** Registry Base URL: http://registry-app-mysql.apps.ci419.apicurio-testing.org:80
2025-08-06 18:55:14,682 INFO  [org.apa.kaf.cli.pro.ProducerConfig] (main) ProducerConfig values: 
	acks = -1
	auto.include.jmx.reporter = true
	batch.size = 16384
	bootstrap.servers = [PLAINTEXT://localhost:32769]
	buffer.memory = 33554432
	client.dns.lookup = use_all_dns_ips
	client.id = Producer-topic-3756683c_30da_4ddd_b075_e899e7707d54
	compression.gzip.level = -1
	compression.lz4.level = 9
	compression.type = none
	compression.zstd.level = 3
	connections.max.idle.ms = 10000
	delivery.timeout.ms = 120000
	enable.idempotence = true
	enable.metrics.push = true
	interceptor.classes = []
	key.serializer = class org.apache.kafka.common.serialization.StringSerializer
	linger.ms = 0
	max.block.ms = 60000
	max.in.flight.requests.per.connection = 5
	max.request.size = 1048576
	metadata.max.age.ms = 300000
	metadata.max.idle.ms = 300000
	metadata.recovery.strategy = none
	metric.reporters = []
	metrics.num.samples = 2
	metrics.recording.level = INFO
	metrics.sample.window.ms = 30000
	partitioner.adaptive.partitioning.enable = true
	partitioner.availability.timeout.ms = 0
	partitioner.class = null
	partitioner.ignore.keys = false
	receive.buffer.bytes = 32768
	reconnect.backoff.max.ms = 1000
	reconnect.backoff.ms = 50
	request.timeout.ms = 5000
	retries = 2147483647
	retry.backoff.max.ms = 1000
	retry.backoff.ms = 100
	sasl.client.callback.handler.class = null
	sasl.jaas.config = null
	sasl.kerberos.kinit.cmd = /usr/bin/kinit
	sasl.kerberos.min.time.before.relogin = 60000
	sasl.kerberos.service.name = null
	sasl.kerberos.ticket.renew.jitter = 0.05
	sasl.kerberos.ticket.renew.window.factor = 0.8
	sasl.login.callback.handler.class = null
	sasl.login.class = null
	sasl.login.connect.timeout.ms = null
	sasl.login.read.timeout.ms = null
	sasl.login.refresh.buffer.seconds = 300
	sasl.login.refresh.min.period.seconds = 60
	sasl.login.refresh.window.factor = 0.8
	sasl.login.refresh.window.jitter = 0.05
	sasl.login.retry.backoff.max.ms = 10000
	sasl.login.retry.backoff.ms = 100
	sasl.mechanism = GSSAPI
	sasl.oauthbearer.clock.skew.seconds = 30
	sasl.oauthbearer.expected.audience = null
	sasl.oauthbearer.expected.issuer = null
	sasl.oauthbearer.header.urlencode = false
	sasl.oauthbearer.jwks.endpoint.refresh.ms = 3600000
	sasl.oauthbearer.jwks.endpoint.retry.backoff.max.ms = 10000
	sasl.oauthbearer.jwks.endpoint.retry.backoff.ms = 100
	sasl.oauthbearer.jwks.endpoint.url = null
	sasl.oauthbearer.scope.claim.name = scope
	sasl.oauthbearer.sub.claim.name = sub
	sasl.oauthbearer.token.endpoint.url = null
	security.protocol = PLAINTEXT
	security.providers = null
	send.buffer.bytes = 131072
	socket.connection.setup.timeout.max.ms = 30000
	socket.connection.setup.timeout.ms = 10000
	ssl.cipher.suites = null
	ssl.enabled.protocols = [TLSv1.2, TLSv1.3]
	ssl.endpoint.identification.algorithm = https
	ssl.engine.factory.class = null
	ssl.key.password = null
	ssl.keymanager.algorithm = SunX509
	ssl.keystore.certificate.chain = null
	ssl.keystore.key = null
	ssl.keystore.location = null
	ssl.keystore.password = null
	ssl.keystore.type = JKS
	ssl.protocol = TLSv1.3
	ssl.provider = null
	ssl.secure.random.implementation = null
	ssl.trustmanager.algorithm = PKIX
	ssl.truststore.certificates = null
	ssl.truststore.location = null
	ssl.truststore.password = null
	ssl.truststore.type = JKS
	transaction.timeout.ms = 60000
	transactional.id = null
	value.serializer = class io.apicurio.registry.serde.avro.AvroKafkaSerializer

2025-08-06 18:55:14,682 INFO  [org.apa.kaf.com.tel.int.KafkaMetricsCollector] (main) initializing Kafka metrics collector
2025-08-06 18:55:14,685 INFO  [org.apa.kaf.cli.pro.KafkaProducer] (main) [Producer clientId=Producer-topic-3756683c_30da_4ddd_b075_e899e7707d54] Instantiated an idempotent producer.
2025-08-06 18:55:14,687 INFO  [org.apa.kaf.cli.pro.ProducerConfig] (main) These configurations '[apicurio.registry.url, apicurio.registry.artifact-resolver-strategy]' were supplied but are not used yet.
2025-08-06 18:55:14,687 INFO  [org.apa.kaf.com.uti.AppInfoParser] (main) Kafka version: 3.9.1
2025-08-06 18:55:14,687 INFO  [org.apa.kaf.com.uti.AppInfoParser] (main) Kafka commitId: f745dfdcee2b9851
2025-08-06 18:55:14,687 INFO  [org.apa.kaf.com.uti.AppInfoParser] (main) Kafka startTimeMs: 1754506514687
2025-08-06 18:55:14,688 INFO  [io.api.tes.ser.api.KafkaSerdesTester] (Thread-738) Sending message {"keyB": "value-0"} to topic topic-3756683c_30da_4ddd_b075_e899e7707d54
2025-08-06 18:55:14,691 INFO  [org.apa.kaf.cli.Metadata] (kafka-producer-network-thread | Producer-topic-3756683c_30da_4ddd_b075_e899e7707d54) [Producer clientId=Producer-topic-3756683c_30da_4ddd_b075_e899e7707d54] Cluster ID: kF8Ua3WQTR-RR3LzMUds4A
2025-08-06 18:55:14,692 INFO  [DefaultSchemaResolver] (Thread-738) Retrieving schema content using string: {"type":"record","name":"s4d2ec91bxa0d3x4689xb07exfe03688acb51","namespace":"s964f1aedx2db1x433dx8d5ex2def4edc4299","fields":[{"name":"keyB","type":"string"}]}
2025-08-06 18:55:14,694 INFO  [org.apa.kaf.cli.pro.int.TransactionManager] (kafka-producer-network-thread | Producer-topic-3756683c_30da_4ddd_b075_e899e7707d54) [Producer clientId=Producer-topic-3756683c_30da_4ddd_b075_e899e7707d54] ProducerId set to 24 with epoch 0
2025-08-06 18:55:14,935 INFO  [org.apa.kaf.cli.pro.KafkaProducer] (Thread-738) [Producer clientId=Producer-topic-3756683c_30da_4ddd_b075_e899e7707d54] Closing the Kafka producer with timeoutMillis = 9223372036854775807 ms.
2025-08-06 18:55:14,937 INFO  [org.apa.kaf.com.met.Metrics] (Thread-738) Metrics scheduler closed
2025-08-06 18:55:14,937 INFO  [org.apa.kaf.com.met.Metrics] (Thread-738) Closing reporter org.apache.kafka.common.metrics.JmxReporter
2025-08-06 18:55:14,938 INFO  [org.apa.kaf.com.met.Metrics] (Thread-738) Closing reporter org.apache.kafka.common.telemetry.internals.ClientTelemetryReporter
2025-08-06 18:55:14,938 INFO  [org.apa.kaf.com.met.Metrics] (Thread-738) Metrics reporters closed
2025-08-06 18:55:14,938 INFO  [org.apa.kaf.com.uti.AppInfoParser] (Thread-738) App info kafka.producer for Producer-topic-3756683c_30da_4ddd_b075_e899e7707d54 unregistered
2025-08-06 18:55:14,938 INFO  [io.api.tes.uti.TestSeparator] (main) io.apicurio.tests.serdes.apicurio.AvroSerdeIT.testAvroSerDesFailDifferentSchemaByContent-FINISHED
2025-08-06 18:55:14,938 INFO  [io.api.tes.uti.TestSeparator] (main) ############################################################################
Test passed: testAvroSerDesFailDifferentSchemaByContent
]]></system-out>
    <system-err><![CDATA[java.lang.RuntimeException: Could not resolve artifact reference by content: {"type":"record","name":"s4d2ec91bxa0d3x4689xb07exfe03688acb51","namespace":"s964f1aedx2db1x433dx8d5ex2def4edc4299","fields":[{"name":"keyB","type":"string"}]}&ArtifactReference [groupId=s964f1aedx2db1x433dx8d5ex2def4edc4299, artifactId=s4d2ec91bxa0d3x4689xb07exfe03688acb51, version=null, globalId=null, contentId=null, contentHash=null]
	at io.apicurio.registry.resolver.DefaultSchemaResolver.lambda$handleResolveSchemaByContent$3(DefaultSchemaResolver.java:265)
	at io.apicurio.registry.resolver.cache.ERCache.lambda$getValue$0(ERCache.java:174)
	at io.apicurio.registry.resolver.cache.ERCache.retry(ERCache.java:227)
	at io.apicurio.registry.resolver.cache.ERCache.getValue(ERCache.java:173)
	at io.apicurio.registry.resolver.cache.ERCache.getByContent(ERCache.java:147)
	at io.apicurio.registry.resolver.DefaultSchemaResolver.handleResolveSchemaByContent(DefaultSchemaResolver.java:253)
	at io.apicurio.registry.resolver.DefaultSchemaResolver.getSchemaFromRegistry(DefaultSchemaResolver.java:138)
	at io.apicurio.registry.resolver.DefaultSchemaResolver.lambda$resolveSchema$0(DefaultSchemaResolver.java:84)
	at java.base/java.util.Optional.orElseGet(Optional.java:364)
	at io.apicurio.registry.resolver.DefaultSchemaResolver.resolveSchema(DefaultSchemaResolver.java:84)
	at io.apicurio.registry.serde.AbstractSerializer.serializeData(AbstractSerializer.java:62)
	at io.apicurio.registry.serde.KafkaSerializer.serialize(KafkaSerializer.java:77)
	at org.apache.kafka.clients.producer.KafkaProducer.doSend(KafkaProducer.java:1046)
	at org.apache.kafka.clients.producer.KafkaProducer.send(KafkaProducer.java:993)
	at org.apache.kafka.clients.producer.KafkaProducer.send(KafkaProducer.java:875)
	at io.apicurio.tests.serdes.apicurio.KafkaSerdesTester.lambda$produceMessages$3(KafkaSerdesTester.java:138)
	at java.base/java.util.concurrent.CompletableFuture$AsyncSupply.run(CompletableFuture.java:1768)
	at java.base/java.lang.Thread.run(Thread.java:840)
]]></system-err>
  </testcase>
  <testcase name="testGlobalIdInBody" classname="io.apicurio.tests.serdes.apicurio.AvroSerdeIT" time="4.287">
    <system-out><![CDATA[2025-08-06 18:55:14,940 INFO  [io.api.tes.uti.TestSeparator] (main) ############################################################################
2025-08-06 18:55:14,940 INFO  [io.api.tes.uti.TestSeparator] (main) io.apicurio.tests.serdes.apicurio.AvroSerdeIT.testGlobalIdInBody-STARTED
**** Registry Base URL: http://registry-app-mysql.apps.ci419.apicurio-testing.org:80
2025-08-06 18:55:14,942 INFO  [org.apa.kaf.cli.pro.ProducerConfig] (main) ProducerConfig values: 
	acks = -1
	auto.include.jmx.reporter = true
	batch.size = 16384
	bootstrap.servers = [PLAINTEXT://localhost:32769]
	buffer.memory = 33554432
	client.dns.lookup = use_all_dns_ips
	client.id = Producer-topic-83691728_2b81_4bdf_99b8_053385cb86b1
	compression.gzip.level = -1
	compression.lz4.level = 9
	compression.type = none
	compression.zstd.level = 3
	connections.max.idle.ms = 10000
	delivery.timeout.ms = 120000
	enable.idempotence = true
	enable.metrics.push = true
	interceptor.classes = []
	key.serializer = class org.apache.kafka.common.serialization.StringSerializer
	linger.ms = 0
	max.block.ms = 60000
	max.in.flight.requests.per.connection = 5
	max.request.size = 1048576
	metadata.max.age.ms = 300000
	metadata.max.idle.ms = 300000
	metadata.recovery.strategy = none
	metric.reporters = []
	metrics.num.samples = 2
	metrics.recording.level = INFO
	metrics.sample.window.ms = 30000
	partitioner.adaptive.partitioning.enable = true
	partitioner.availability.timeout.ms = 0
	partitioner.class = null
	partitioner.ignore.keys = false
	receive.buffer.bytes = 32768
	reconnect.backoff.max.ms = 1000
	reconnect.backoff.ms = 50
	request.timeout.ms = 5000
	retries = 2147483647
	retry.backoff.max.ms = 1000
	retry.backoff.ms = 100
	sasl.client.callback.handler.class = null
	sasl.jaas.config = null
	sasl.kerberos.kinit.cmd = /usr/bin/kinit
	sasl.kerberos.min.time.before.relogin = 60000
	sasl.kerberos.service.name = null
	sasl.kerberos.ticket.renew.jitter = 0.05
	sasl.kerberos.ticket.renew.window.factor = 0.8
	sasl.login.callback.handler.class = null
	sasl.login.class = null
	sasl.login.connect.timeout.ms = null
	sasl.login.read.timeout.ms = null
	sasl.login.refresh.buffer.seconds = 300
	sasl.login.refresh.min.period.seconds = 60
	sasl.login.refresh.window.factor = 0.8
	sasl.login.refresh.window.jitter = 0.05
	sasl.login.retry.backoff.max.ms = 10000
	sasl.login.retry.backoff.ms = 100
	sasl.mechanism = GSSAPI
	sasl.oauthbearer.clock.skew.seconds = 30
	sasl.oauthbearer.expected.audience = null
	sasl.oauthbearer.expected.issuer = null
	sasl.oauthbearer.header.urlencode = false
	sasl.oauthbearer.jwks.endpoint.refresh.ms = 3600000
	sasl.oauthbearer.jwks.endpoint.retry.backoff.max.ms = 10000
	sasl.oauthbearer.jwks.endpoint.retry.backoff.ms = 100
	sasl.oauthbearer.jwks.endpoint.url = null
	sasl.oauthbearer.scope.claim.name = scope
	sasl.oauthbearer.sub.claim.name = sub
	sasl.oauthbearer.token.endpoint.url = null
	security.protocol = PLAINTEXT
	security.providers = null
	send.buffer.bytes = 131072
	socket.connection.setup.timeout.max.ms = 30000
	socket.connection.setup.timeout.ms = 10000
	ssl.cipher.suites = null
	ssl.enabled.protocols = [TLSv1.2, TLSv1.3]
	ssl.endpoint.identification.algorithm = https
	ssl.engine.factory.class = null
	ssl.key.password = null
	ssl.keymanager.algorithm = SunX509
	ssl.keystore.certificate.chain = null
	ssl.keystore.key = null
	ssl.keystore.location = null
	ssl.keystore.password = null
	ssl.keystore.type = JKS
	ssl.protocol = TLSv1.3
	ssl.provider = null
	ssl.secure.random.implementation = null
	ssl.trustmanager.algorithm = PKIX
	ssl.truststore.certificates = null
	ssl.truststore.location = null
	ssl.truststore.password = null
	ssl.truststore.type = JKS
	transaction.timeout.ms = 60000
	transactional.id = null
	value.serializer = class io.apicurio.registry.serde.avro.AvroKafkaSerializer

2025-08-06 18:55:14,943 INFO  [org.apa.kaf.com.tel.int.KafkaMetricsCollector] (main) initializing Kafka metrics collector
2025-08-06 18:55:14,951 INFO  [org.apa.kaf.cli.pro.KafkaProducer] (main) [Producer clientId=Producer-topic-83691728_2b81_4bdf_99b8_053385cb86b1] Instantiated an idempotent producer.
2025-08-06 18:55:14,953 INFO  [org.apa.kaf.cli.pro.ProducerConfig] (main) These configurations '[apicurio.registry.url, apicurio.registry.auto-register, apicurio.registry.use-id, apicurio.registry.artifact-resolver-strategy]' were supplied but are not used yet.
2025-08-06 18:55:14,953 INFO  [org.apa.kaf.com.uti.AppInfoParser] (main) Kafka version: 3.9.1
2025-08-06 18:55:14,953 INFO  [org.apa.kaf.com.uti.AppInfoParser] (main) Kafka commitId: f745dfdcee2b9851
2025-08-06 18:55:14,953 INFO  [org.apa.kaf.com.uti.AppInfoParser] (main) Kafka startTimeMs: 1754506514953
2025-08-06 18:55:14,953 INFO  [io.api.tes.ser.api.SimpleSerdesTesterBuilder$SimpleSerdesTester] (main) Using producer configuration: {apicurio.registry.url=http://registry-app-mysql.apps.ci419.apicurio-testing.org:80/apis/registry/v3, apicurio.registry.auto-register=true, apicurio.registry.use-id=globalId, apicurio.registry.artifact-resolver-strategy=io.apicurio.registry.serde.strategy.TopicIdStrategy, value.serializer=io.apicurio.registry.serde.avro.AvroKafkaSerializer, request.timeout.ms=5000, acks=all, bootstrap.servers=PLAINTEXT://localhost:32769, connections.max.idle.ms=10000, key.serializer=org.apache.kafka.common.serialization.StringSerializer, client.id=Producer-topic-83691728_2b81_4bdf_99b8_053385cb86b1}
2025-08-06 18:55:14,953 INFO  [io.api.tes.ser.api.SimpleSerdesTesterBuilder$SimpleSerdesTester] (main) Using consumer configuration: {apicurio.registry.use-id=globalId}
2025-08-06 18:55:14,956 INFO  [io.api.tes.ser.api.KafkaSerdesTester] (Thread-741) Sending message {"key11754506514941": "value-0"} to topic topic-83691728_2b81_4bdf_99b8_053385cb86b1
2025-08-06 18:55:14,958 WARN  [org.apa.kaf.cli.NetworkClient] (kafka-producer-network-thread | Producer-topic-83691728_2b81_4bdf_99b8_053385cb86b1) [Producer clientId=Producer-topic-83691728_2b81_4bdf_99b8_053385cb86b1] The metadata response from the cluster reported a recoverable issue with correlation id 1 : {topic-83691728_2b81_4bdf_99b8_053385cb86b1=UNKNOWN_TOPIC_OR_PARTITION}
2025-08-06 18:55:14,958 INFO  [org.apa.kaf.cli.Metadata] (kafka-producer-network-thread | Producer-topic-83691728_2b81_4bdf_99b8_053385cb86b1) [Producer clientId=Producer-topic-83691728_2b81_4bdf_99b8_053385cb86b1] Cluster ID: kF8Ua3WQTR-RR3LzMUds4A
2025-08-06 18:55:14,959 INFO  [org.apa.kaf.cli.pro.int.TransactionManager] (kafka-producer-network-thread | Producer-topic-83691728_2b81_4bdf_99b8_053385cb86b1) [Producer clientId=Producer-topic-83691728_2b81_4bdf_99b8_053385cb86b1] ProducerId set to 25 with epoch 0
2025-08-06 18:55:15,254 INFO  [io.api.tes.ser.api.KafkaSerdesTester] (Thread-741) Sending message {"key11754506514941": "value-1"} to topic topic-83691728_2b81_4bdf_99b8_053385cb86b1
2025-08-06 18:55:15,256 INFO  [io.api.tes.ser.api.KafkaSerdesTester] (Thread-741) Sending message {"key11754506514941": "value-2"} to topic topic-83691728_2b81_4bdf_99b8_053385cb86b1
2025-08-06 18:55:15,257 INFO  [io.api.tes.ser.api.KafkaSerdesTester] (Thread-741) Sending message {"key11754506514941": "value-3"} to topic topic-83691728_2b81_4bdf_99b8_053385cb86b1
2025-08-06 18:55:15,259 INFO  [io.api.tes.ser.api.KafkaSerdesTester] (Thread-741) Sending message {"key11754506514941": "value-4"} to topic topic-83691728_2b81_4bdf_99b8_053385cb86b1
2025-08-06 18:55:15,260 INFO  [io.api.tes.ser.api.KafkaSerdesTester] (Thread-741) Sending message {"key11754506514941": "value-5"} to topic topic-83691728_2b81_4bdf_99b8_053385cb86b1
2025-08-06 18:55:15,265 INFO  [io.api.tes.ser.api.KafkaSerdesTester] (Thread-741) Sending message {"key11754506514941": "value-6"} to topic topic-83691728_2b81_4bdf_99b8_053385cb86b1
2025-08-06 18:55:15,268 INFO  [io.api.tes.ser.api.KafkaSerdesTester] (Thread-741) Sending message {"key11754506514941": "value-7"} to topic topic-83691728_2b81_4bdf_99b8_053385cb86b1
2025-08-06 18:55:15,269 INFO  [io.api.tes.ser.api.KafkaSerdesTester] (Thread-741) Sending message {"key11754506514941": "value-8"} to topic topic-83691728_2b81_4bdf_99b8_053385cb86b1
2025-08-06 18:55:15,271 INFO  [io.api.tes.ser.api.KafkaSerdesTester] (Thread-741) Sending message {"key11754506514941": "value-9"} to topic topic-83691728_2b81_4bdf_99b8_053385cb86b1
2025-08-06 18:55:15,275 INFO  [io.api.tes.ser.api.KafkaSerdesTester] (Thread-741) Produced 10 messages
2025-08-06 18:55:15,275 INFO  [org.apa.kaf.cli.pro.KafkaProducer] (Thread-741) [Producer clientId=Producer-topic-83691728_2b81_4bdf_99b8_053385cb86b1] Closing the Kafka producer with timeoutMillis = 9223372036854775807 ms.
2025-08-06 18:55:15,277 INFO  [org.apa.kaf.com.met.Metrics] (Thread-741) Metrics scheduler closed
2025-08-06 18:55:15,277 INFO  [org.apa.kaf.com.met.Metrics] (Thread-741) Closing reporter org.apache.kafka.common.metrics.JmxReporter
2025-08-06 18:55:15,277 INFO  [org.apa.kaf.com.met.Metrics] (Thread-741) Closing reporter org.apache.kafka.common.telemetry.internals.ClientTelemetryReporter
2025-08-06 18:55:15,277 INFO  [org.apa.kaf.com.met.Metrics] (Thread-741) Metrics reporters closed
2025-08-06 18:55:15,278 INFO  [org.apa.kaf.com.uti.AppInfoParser] (Thread-741) App info kafka.producer for Producer-topic-83691728_2b81_4bdf_99b8_053385cb86b1 unregistered
**** Registry Base URL: http://registry-app-mysql.apps.ci419.apicurio-testing.org:80
2025-08-06 18:55:15,449 INFO  [org.apa.kaf.cli.con.ConsumerConfig] (main) ConsumerConfig values: 
	allow.auto.create.topics = true
	auto.commit.interval.ms = 500
	auto.include.jmx.reporter = true
	auto.offset.reset = earliest
	bootstrap.servers = [PLAINTEXT://localhost:32769]
	check.crcs = true
	client.dns.lookup = use_all_dns_ips
	client.id = consumer-Consumer-topic-83691728_2b81_4bdf_99b8_053385cb86b1-18
	client.rack = 
	connections.max.idle.ms = 10000
	default.api.timeout.ms = 60000
	enable.auto.commit = true
	enable.metrics.push = true
	exclude.internal.topics = true
	fetch.max.bytes = 52428800
	fetch.max.wait.ms = 500
	fetch.min.bytes = 1
	group.id = Consumer-topic-83691728_2b81_4bdf_99b8_053385cb86b1
	group.instance.id = null
	group.protocol = classic
	group.remote.assignor = null
	heartbeat.interval.ms = 3000
	interceptor.classes = []
	internal.leave.group.on.close = true
	internal.throw.on.fetch.stable.offset.unsupported = false
	isolation.level = read_uncommitted
	key.deserializer = class org.apache.kafka.common.serialization.StringDeserializer
	max.partition.fetch.bytes = 1048576
	max.poll.interval.ms = 300000
	max.poll.records = 500
	metadata.max.age.ms = 300000
	metadata.recovery.strategy = none
	metric.reporters = []
	metrics.num.samples = 2
	metrics.recording.level = INFO
	metrics.sample.window.ms = 30000
	partition.assignment.strategy = [class org.apache.kafka.clients.consumer.RangeAssignor, class org.apache.kafka.clients.consumer.CooperativeStickyAssignor]
	receive.buffer.bytes = 65536
	reconnect.backoff.max.ms = 1000
	reconnect.backoff.ms = 50
	request.timeout.ms = 5000
	retry.backoff.max.ms = 1000
	retry.backoff.ms = 100
	sasl.client.callback.handler.class = null
	sasl.jaas.config = null
	sasl.kerberos.kinit.cmd = /usr/bin/kinit
	sasl.kerberos.min.time.before.relogin = 60000
	sasl.kerberos.service.name = null
	sasl.kerberos.ticket.renew.jitter = 0.05
	sasl.kerberos.ticket.renew.window.factor = 0.8
	sasl.login.callback.handler.class = null
	sasl.login.class = null
	sasl.login.connect.timeout.ms = null
	sasl.login.read.timeout.ms = null
	sasl.login.refresh.buffer.seconds = 300
	sasl.login.refresh.min.period.seconds = 60
	sasl.login.refresh.window.factor = 0.8
	sasl.login.refresh.window.jitter = 0.05
	sasl.login.retry.backoff.max.ms = 10000
	sasl.login.retry.backoff.ms = 100
	sasl.mechanism = GSSAPI
	sasl.oauthbearer.clock.skew.seconds = 30
	sasl.oauthbearer.expected.audience = null
	sasl.oauthbearer.expected.issuer = null
	sasl.oauthbearer.header.urlencode = false
	sasl.oauthbearer.jwks.endpoint.refresh.ms = 3600000
	sasl.oauthbearer.jwks.endpoint.retry.backoff.max.ms = 10000
	sasl.oauthbearer.jwks.endpoint.retry.backoff.ms = 100
	sasl.oauthbearer.jwks.endpoint.url = null
	sasl.oauthbearer.scope.claim.name = scope
	sasl.oauthbearer.sub.claim.name = sub
	sasl.oauthbearer.token.endpoint.url = null
	security.protocol = PLAINTEXT
	security.providers = null
	send.buffer.bytes = 131072
	session.timeout.ms = 45000
	socket.connection.setup.timeout.max.ms = 30000
	socket.connection.setup.timeout.ms = 10000
	ssl.cipher.suites = null
	ssl.enabled.protocols = [TLSv1.2, TLSv1.3]
	ssl.endpoint.identification.algorithm = https
	ssl.engine.factory.class = null
	ssl.key.password = null
	ssl.keymanager.algorithm = SunX509
	ssl.keystore.certificate.chain = null
	ssl.keystore.key = null
	ssl.keystore.location = null
	ssl.keystore.password = null
	ssl.keystore.type = JKS
	ssl.protocol = TLSv1.3
	ssl.provider = null
	ssl.secure.random.implementation = null
	ssl.trustmanager.algorithm = PKIX
	ssl.truststore.certificates = null
	ssl.truststore.location = null
	ssl.truststore.password = null
	ssl.truststore.type = JKS
	value.deserializer = class io.apicurio.registry.serde.avro.AvroKafkaDeserializer

2025-08-06 18:55:15,450 INFO  [org.apa.kaf.com.tel.int.KafkaMetricsCollector] (main) initializing Kafka metrics collector
2025-08-06 18:55:15,454 INFO  [org.apa.kaf.cli.con.ConsumerConfig] (main) These configurations '[apicurio.registry.url, apicurio.registry.use-id]' were supplied but are not used yet.
2025-08-06 18:55:15,455 INFO  [org.apa.kaf.com.uti.AppInfoParser] (main) Kafka version: 3.9.1
2025-08-06 18:55:15,455 INFO  [org.apa.kaf.com.uti.AppInfoParser] (main) Kafka commitId: f745dfdcee2b9851
2025-08-06 18:55:15,455 INFO  [org.apa.kaf.com.uti.AppInfoParser] (main) Kafka startTimeMs: 1754506515455
2025-08-06 18:55:15,455 INFO  [org.apa.kaf.cli.con.int.ClassicKafkaConsumer] (Thread-744) [Consumer clientId=consumer-Consumer-topic-83691728_2b81_4bdf_99b8_053385cb86b1-18, groupId=Consumer-topic-83691728_2b81_4bdf_99b8_053385cb86b1] Subscribed to topic(s): topic-83691728_2b81_4bdf_99b8_053385cb86b1
2025-08-06 18:55:15,459 INFO  [org.apa.kaf.cli.Metadata] (Thread-744) [Consumer clientId=consumer-Consumer-topic-83691728_2b81_4bdf_99b8_053385cb86b1-18, groupId=Consumer-topic-83691728_2b81_4bdf_99b8_053385cb86b1] Cluster ID: kF8Ua3WQTR-RR3LzMUds4A
2025-08-06 18:55:15,460 INFO  [org.apa.kaf.cli.con.int.ConsumerCoordinator] (Thread-744) [Consumer clientId=consumer-Consumer-topic-83691728_2b81_4bdf_99b8_053385cb86b1-18, groupId=Consumer-topic-83691728_2b81_4bdf_99b8_053385cb86b1] Discovered group coordinator localhost:32769 (id: 2147483647 rack: null)
2025-08-06 18:55:15,461 INFO  [org.apa.kaf.cli.con.int.ConsumerCoordinator] (Thread-744) [Consumer clientId=consumer-Consumer-topic-83691728_2b81_4bdf_99b8_053385cb86b1-18, groupId=Consumer-topic-83691728_2b81_4bdf_99b8_053385cb86b1] (Re-)joining group
2025-08-06 18:55:15,464 INFO  [org.apa.kaf.cli.con.int.ConsumerCoordinator] (Thread-744) [Consumer clientId=consumer-Consumer-topic-83691728_2b81_4bdf_99b8_053385cb86b1-18, groupId=Consumer-topic-83691728_2b81_4bdf_99b8_053385cb86b1] Request joining group due to: need to re-join with the given member-id: consumer-Consumer-topic-83691728_2b81_4bdf_99b8_053385cb86b1-18-a0b31c18-cc2b-4c21-86f3-64aa41eb51e3
2025-08-06 18:55:15,464 INFO  [org.apa.kaf.cli.con.int.ConsumerCoordinator] (Thread-744) [Consumer clientId=consumer-Consumer-topic-83691728_2b81_4bdf_99b8_053385cb86b1-18, groupId=Consumer-topic-83691728_2b81_4bdf_99b8_053385cb86b1] (Re-)joining group
2025-08-06 18:55:16,455 INFO  [io.api.tes.ser.api.KafkaSerdesTester] (Thread-744) None found
2025-08-06 18:55:17,455 INFO  [io.api.tes.ser.api.KafkaSerdesTester] (Thread-744) None found
2025-08-06 18:55:18,455 INFO  [io.api.tes.ser.api.KafkaSerdesTester] (Thread-744) None found
2025-08-06 18:55:18,466 INFO  [org.apa.kaf.cli.con.int.ConsumerCoordinator] (Thread-744) [Consumer clientId=consumer-Consumer-topic-83691728_2b81_4bdf_99b8_053385cb86b1-18, groupId=Consumer-topic-83691728_2b81_4bdf_99b8_053385cb86b1] Successfully joined group with generation Generation{generationId=1, memberId='consumer-Consumer-topic-83691728_2b81_4bdf_99b8_053385cb86b1-18-a0b31c18-cc2b-4c21-86f3-64aa41eb51e3', protocol='range'}
2025-08-06 18:55:18,466 INFO  [org.apa.kaf.cli.con.int.ConsumerCoordinator] (Thread-744) [Consumer clientId=consumer-Consumer-topic-83691728_2b81_4bdf_99b8_053385cb86b1-18, groupId=Consumer-topic-83691728_2b81_4bdf_99b8_053385cb86b1] Finished assignment for group at generation 1: {consumer-Consumer-topic-83691728_2b81_4bdf_99b8_053385cb86b1-18-a0b31c18-cc2b-4c21-86f3-64aa41eb51e3=Assignment(partitions=[topic-83691728_2b81_4bdf_99b8_053385cb86b1-0])}
2025-08-06 18:55:18,473 INFO  [org.apa.kaf.cli.con.int.ConsumerCoordinator] (Thread-744) [Consumer clientId=consumer-Consumer-topic-83691728_2b81_4bdf_99b8_053385cb86b1-18, groupId=Consumer-topic-83691728_2b81_4bdf_99b8_053385cb86b1] Successfully synced group in generation Generation{generationId=1, memberId='consumer-Consumer-topic-83691728_2b81_4bdf_99b8_053385cb86b1-18-a0b31c18-cc2b-4c21-86f3-64aa41eb51e3', protocol='range'}
2025-08-06 18:55:18,473 INFO  [org.apa.kaf.cli.con.int.ConsumerCoordinator] (Thread-744) [Consumer clientId=consumer-Consumer-topic-83691728_2b81_4bdf_99b8_053385cb86b1-18, groupId=Consumer-topic-83691728_2b81_4bdf_99b8_053385cb86b1] Notifying assignor about the new Assignment(partitions=[topic-83691728_2b81_4bdf_99b8_053385cb86b1-0])
2025-08-06 18:55:18,473 INFO  [org.apa.kaf.cli.con.int.ConsumerRebalanceListenerInvoker] (Thread-744) [Consumer clientId=consumer-Consumer-topic-83691728_2b81_4bdf_99b8_053385cb86b1-18, groupId=Consumer-topic-83691728_2b81_4bdf_99b8_053385cb86b1] Adding newly assigned partitions: topic-83691728_2b81_4bdf_99b8_053385cb86b1-0
2025-08-06 18:55:18,474 INFO  [org.apa.kaf.cli.con.int.ConsumerCoordinator] (Thread-744) [Consumer clientId=consumer-Consumer-topic-83691728_2b81_4bdf_99b8_053385cb86b1-18, groupId=Consumer-topic-83691728_2b81_4bdf_99b8_053385cb86b1] Found no committed offset for partition topic-83691728_2b81_4bdf_99b8_053385cb86b1-0
2025-08-06 18:55:18,477 INFO  [org.apa.kaf.cli.con.int.SubscriptionState] (Thread-744) [Consumer clientId=consumer-Consumer-topic-83691728_2b81_4bdf_99b8_053385cb86b1-18, groupId=Consumer-topic-83691728_2b81_4bdf_99b8_053385cb86b1] Resetting offset for partition topic-83691728_2b81_4bdf_99b8_053385cb86b1-0 to position FetchPosition{offset=0, offsetEpoch=Optional.empty, currentLeader=LeaderAndEpoch{leader=Optional[localhost:32769 (id: 0 rack: null)], epoch=0}}.
2025-08-06 18:55:18,722 INFO  [io.api.tes.ser.api.KafkaSerdesTester] (Thread-744) topic-83691728_2b81_4bdf_99b8_053385cb86b1 0 0 {"key11754506514941": "value-0"}
2025-08-06 18:55:18,722 INFO  [io.api.tes.ser.api.KafkaSerdesTester] (Thread-744) topic-83691728_2b81_4bdf_99b8_053385cb86b1 0 1 {"key11754506514941": "value-1"}
2025-08-06 18:55:18,722 INFO  [io.api.tes.ser.api.KafkaSerdesTester] (Thread-744) topic-83691728_2b81_4bdf_99b8_053385cb86b1 0 2 {"key11754506514941": "value-2"}
2025-08-06 18:55:18,722 INFO  [io.api.tes.ser.api.KafkaSerdesTester] (Thread-744) topic-83691728_2b81_4bdf_99b8_053385cb86b1 0 3 {"key11754506514941": "value-3"}
2025-08-06 18:55:18,722 INFO  [io.api.tes.ser.api.KafkaSerdesTester] (Thread-744) topic-83691728_2b81_4bdf_99b8_053385cb86b1 0 4 {"key11754506514941": "value-4"}
2025-08-06 18:55:18,722 INFO  [io.api.tes.ser.api.KafkaSerdesTester] (Thread-744) topic-83691728_2b81_4bdf_99b8_053385cb86b1 0 5 {"key11754506514941": "value-5"}
2025-08-06 18:55:18,722 INFO  [io.api.tes.ser.api.KafkaSerdesTester] (Thread-744) topic-83691728_2b81_4bdf_99b8_053385cb86b1 0 6 {"key11754506514941": "value-6"}
2025-08-06 18:55:18,722 INFO  [io.api.tes.ser.api.KafkaSerdesTester] (Thread-744) topic-83691728_2b81_4bdf_99b8_053385cb86b1 0 7 {"key11754506514941": "value-7"}
2025-08-06 18:55:18,722 INFO  [io.api.tes.ser.api.KafkaSerdesTester] (Thread-744) topic-83691728_2b81_4bdf_99b8_053385cb86b1 0 8 {"key11754506514941": "value-8"}
2025-08-06 18:55:18,722 INFO  [io.api.tes.ser.api.KafkaSerdesTester] (Thread-744) topic-83691728_2b81_4bdf_99b8_053385cb86b1 0 9 {"key11754506514941": "value-9"}
2025-08-06 18:55:18,722 INFO  [io.api.tes.ser.api.KafkaSerdesTester] (Thread-744) Consumed 10 messages
2025-08-06 18:55:18,730 INFO  [org.apa.kaf.cli.con.int.ConsumerRebalanceListenerInvoker] (Thread-744) [Consumer clientId=consumer-Consumer-topic-83691728_2b81_4bdf_99b8_053385cb86b1-18, groupId=Consumer-topic-83691728_2b81_4bdf_99b8_053385cb86b1] Revoke previously assigned partitions topic-83691728_2b81_4bdf_99b8_053385cb86b1-0
2025-08-06 18:55:18,730 INFO  [org.apa.kaf.cli.con.int.ConsumerCoordinator] (Thread-744) [Consumer clientId=consumer-Consumer-topic-83691728_2b81_4bdf_99b8_053385cb86b1-18, groupId=Consumer-topic-83691728_2b81_4bdf_99b8_053385cb86b1] Member consumer-Consumer-topic-83691728_2b81_4bdf_99b8_053385cb86b1-18-a0b31c18-cc2b-4c21-86f3-64aa41eb51e3 sending LeaveGroup request to coordinator localhost:32769 (id: 2147483647 rack: null) due to the consumer is being closed
2025-08-06 18:55:18,730 INFO  [org.apa.kaf.cli.con.int.ConsumerCoordinator] (Thread-744) [Consumer clientId=consumer-Consumer-topic-83691728_2b81_4bdf_99b8_053385cb86b1-18, groupId=Consumer-topic-83691728_2b81_4bdf_99b8_053385cb86b1] Resetting generation and member id due to: consumer pro-actively leaving the group
2025-08-06 18:55:18,730 INFO  [org.apa.kaf.cli.con.int.ConsumerCoordinator] (Thread-744) [Consumer clientId=consumer-Consumer-topic-83691728_2b81_4bdf_99b8_053385cb86b1-18, groupId=Consumer-topic-83691728_2b81_4bdf_99b8_053385cb86b1] Request joining group due to: consumer pro-actively leaving the group
2025-08-06 18:55:19,224 INFO  [org.apa.kaf.com.met.Metrics] (Thread-744) Metrics scheduler closed
2025-08-06 18:55:19,224 INFO  [org.apa.kaf.com.met.Metrics] (Thread-744) Closing reporter org.apache.kafka.common.metrics.JmxReporter
2025-08-06 18:55:19,224 INFO  [org.apa.kaf.com.met.Metrics] (Thread-744) Closing reporter org.apache.kafka.common.telemetry.internals.ClientTelemetryReporter
2025-08-06 18:55:19,224 INFO  [org.apa.kaf.com.met.Metrics] (Thread-744) Metrics reporters closed
2025-08-06 18:55:19,226 INFO  [org.apa.kaf.com.uti.AppInfoParser] (Thread-744) App info kafka.consumer for consumer-Consumer-topic-83691728_2b81_4bdf_99b8_053385cb86b1-18 unregistered
2025-08-06 18:55:19,226 INFO  [io.api.tes.uti.TestSeparator] (main) io.apicurio.tests.serdes.apicurio.AvroSerdeIT.testGlobalIdInBody-FINISHED
2025-08-06 18:55:19,226 INFO  [io.api.tes.uti.TestSeparator] (main) ############################################################################
Test passed: testGlobalIdInBody
]]></system-out>
  </testcase>
  <testcase name="testProducerUsesGlobalIdConsumerUsesDefault" classname="io.apicurio.tests.serdes.apicurio.AvroSerdeIT" time="0.0">
    <skipped message="void io.apicurio.tests.serdes.apicurio.AvroSerdeIT.testProducerUsesGlobalIdConsumerUsesDefault() throws java.lang.Exception is @Disabled"/>
  </testcase>
</testsuite>