<?xml version="1.0" encoding="UTF-8"?>
<testsuite xmlns:xsi="http://www.w3.org/2001/XMLSchema-instance" xsi:noNamespaceSchemaLocation="https://maven.apache.org/surefire/maven-failsafe-plugin/xsd/failsafe-test-report.xsd" version="3.0.2" name="io.apicurio.tests.serdes.confluent.BasicConfluentSerDesIT" time="46.694" tests="8" errors="0" skipped="0" failures="0">
  <properties>
    <property name="java.specification.version" value="17"/>
    <property name="sun.jnu.encoding" value="UTF-8"/>
    <property name="java.class.path" value="/home/runner/work/apicurio-testing/apicurio-testing/clusters/ci419/namespaces/mysql/tests/integration/apicurio-registry/integration-tests/target/test-classes:/home/runner/work/apicurio-testing/apicurio-testing/clusters/ci419/namespaces/mysql/tests/integration/apicurio-registry/integration-tests/target/apicurio-registry-integration-tests-3.0.12-SNAPSHOT.jar:/home/runner/.m2/repository/io/quarkus/quarkus-junit5/3.20.2/quarkus-junit5-3.20.2.jar:/home/runner/.m2/repository/io/quarkus/quarkus-bootstrap-core/3.20.2/quarkus-bootstrap-core-3.20.2.jar:/home/runner/.m2/repository/io/quarkus/quarkus-classloader-commons/3.20.2/quarkus-classloader-commons-3.20.2.jar:/home/runner/.m2/repository/io/quarkus/quarkus-bootstrap-app-model/3.20.2/quarkus-bootstrap-app-model-3.20.2.jar:/home/runner/.m2/repository/io/smallrye/common/smallrye-common-io/2.12.0/smallrye-common-io-2.12.0.jar:/home/runner/.m2/repository/org/eclipse/sisu/org.eclipse.sisu.inject/0.9.0.M3/org.eclipse.sisu.inject-0.9.0.M3.jar:/home/runner/.m2/repository/io/quarkus/quarkus-test-common/3.20.2/quarkus-test-common-3.20.2.jar:/home/runner/.m2/repository/io/quarkus/quarkus-core-deployment/3.20.2/quarkus-core-deployment-3.20.2.jar:/home/runner/.m2/repository/org/aesh/readline/2.6/readline-2.6.jar:/home/runner/.m2/repository/org/fusesource/jansi/jansi/2.4.0/jansi-2.4.0.jar:/home/runner/.m2/repository/org/aesh/aesh/2.8.2/aesh-2.8.2.jar:/home/runner/.m2/repository/io/quarkus/gizmo/gizmo/1.8.0/gizmo-1.8.0.jar:/home/runner/.m2/repository/org/ow2/asm/asm-util/9.7.1/asm-util-9.7.1.jar:/home/runner/.m2/repository/org/ow2/asm/asm-analysis/9.7.1/asm-analysis-9.7.1.jar:/home/runner/.m2/repository/org/ow2/asm/asm-commons/9.7.1/asm-commons-9.7.1.jar:/home/runner/.m2/repository/org/ow2/asm/asm-tree/9.7.1/asm-tree-9.7.1.jar:/home/runner/.m2/repository/io/quarkus/quarkus-hibernate-validator-spi/3.20.2/quarkus-hibernate-validator-spi-3.20.2.jar:/home/runner/.m2/repository/io/quarkus/quarkus-class-change-agent/3.20.2/quarkus-class-change-agent-3.20.2.jar:/home/runner/.m2/repository/io/quarkus/quarkus-devtools-utilities/3.20.2/quarkus-devtools-utilities-3.20.2.jar:/home/runner/.m2/repository/io/quarkus/quarkus-builder/3.20.2/quarkus-builder-3.20.2.jar:/home/runner/.m2/repository/org/graalvm/sdk/nativeimage/23.1.2/nativeimage-23.1.2.jar:/home/runner/.m2/repository/org/graalvm/sdk/word/23.1.2/word-23.1.2.jar:/home/runner/.m2/repository/io/quarkus/quarkus-bootstrap-maven-resolver/3.20.2/quarkus-bootstrap-maven-resolver-3.20.2.jar:/home/runner/.m2/repository/io/smallrye/beanbag/smallrye-beanbag-maven/1.5.2/smallrye-beanbag-maven-1.5.2.jar:/home/runner/.m2/repository/io/smallrye/beanbag/smallrye-beanbag-sisu/1.5.2/smallrye-beanbag-sisu-1.5.2.jar:/home/runner/.m2/repository/io/smallrye/beanbag/smallrye-beanbag/1.5.2/smallrye-beanbag-1.5.2.jar:/home/runner/.m2/repository/javax/inject/javax.inject/1/javax.inject-1.jar:/home/runner/.m2/repository/org/apache/maven/maven-artifact/3.9.9/maven-artifact-3.9.9.jar:/home/runner/.m2/repository/org/apache/maven/maven-builder-support/3.9.9/maven-builder-support-3.9.9.jar:/home/runner/.m2/repository/org/apache/maven/maven-model/3.9.9/maven-model-3.9.9.jar:/home/runner/.m2/repository/org/apache/maven/maven-model-builder/3.9.9/maven-model-builder-3.9.9.jar:/home/runner/.m2/repository/org/apache/maven/maven-repository-metadata/3.9.9/maven-repository-metadata-3.9.9.jar:/home/runner/.m2/repository/org/apache/maven/maven-settings/3.9.9/maven-settings-3.9.9.jar:/home/runner/.m2/repository/org/apache/maven/resolver/maven-resolver-api/1.9.22/maven-resolver-api-1.9.22.jar:/home/runner/.m2/repository/org/apache/maven/resolver/maven-resolver-impl/1.9.22/maven-resolver-impl-1.9.22.jar:/home/runner/.m2/repository/org/apache/maven/resolver/maven-resolver-named-locks/1.9.22/maven-resolver-named-locks-1.9.22.jar:/home/runner/.m2/repository/org/apache/maven/resolver/maven-resolver-spi/1.9.22/maven-resolver-spi-1.9.22.jar:/home/runner/.m2/repository/org/apache/maven/resolver/maven-resolver-util/1.9.22/maven-resolver-util-1.9.22.jar:/home/runner/.m2/repository/org/apache/maven/resolver/maven-resolver-transport-http/1.9.20/maven-resolver-transport-http-1.9.20.jar:/home/runner/.m2/repository/org/apache/maven/wagon/wagon-provider-api/3.5.3/wagon-provider-api-3.5.3.jar:/home/runner/.m2/repository/org/apache/maven/wagon/wagon-http-shared/3.5.3/wagon-http-shared-3.5.3.jar:/home/runner/.m2/repository/org/codehaus/plexus/plexus-interpolation/1.26/plexus-interpolation-1.26.jar:/home/runner/.m2/repository/org/codehaus/plexus/plexus-utils/3.5.1/plexus-utils-3.5.1.jar:/home/runner/.m2/repository/org/codehaus/plexus/plexus-xml/4.0.1/plexus-xml-4.0.1.jar:/home/runner/.m2/repository/org/apache/maven/maven-xml-impl/4.0.0-alpha-5/maven-xml-impl-4.0.0-alpha-5.jar:/home/runner/.m2/repository/org/apache/maven/maven-api-xml/4.0.0-alpha-5/maven-api-xml-4.0.0-alpha-5.jar:/home/runner/.m2/repository/org/apache/maven/maven-api-meta/4.0.0-alpha-5/maven-api-meta-4.0.0-alpha-5.jar:/home/runner/.m2/repository/org/codehaus/plexus/plexus-cipher/2.0/plexus-cipher-2.0.jar:/home/runner/.m2/repository/org/codehaus/plexus/plexus-sec-dispatcher/2.0/plexus-sec-dispatcher-2.0.jar:/home/runner/.m2/repository/org/apache/maven/maven-embedder/3.9.9/maven-embedder-3.9.9.jar:/home/runner/.m2/repository/org/apache/maven/maven-core/3.9.9/maven-core-3.9.9.jar:/home/runner/.m2/repository/org/codehaus/plexus/plexus-component-annotations/2.1.0/plexus-component-annotations-2.1.0.jar:/home/runner/.m2/repository/org/apache/maven/maven-plugin-api/3.9.9/maven-plugin-api-3.9.9.jar:/home/runner/.m2/repository/org/apache/maven/shared/maven-shared-utils/3.4.2/maven-shared-utils-3.4.2.jar:/home/runner/.m2/repository/com/google/inject/guice/5.1.0/guice-5.1.0.jar:/home/runner/.m2/repository/aopalliance/aopalliance/1.0/aopalliance-1.0.jar:/home/runner/.m2/repository/org/codehaus/plexus/plexus-classworlds/2.6.0/plexus-classworlds-2.6.0.jar:/home/runner/.m2/repository/commons-cli/commons-cli/1.8.0/commons-cli-1.8.0.jar:/home/runner/.m2/repository/org/eclipse/sisu/org.eclipse.sisu.plexus/0.9.0.M3/org.eclipse.sisu.plexus-0.9.0.M3.jar:/home/runner/.m2/repository/org/apache/maven/maven-settings-builder/3.9.9/maven-settings-builder-3.9.9.jar:/home/runner/.m2/repository/org/apache/maven/maven-resolver-provider/3.9.9/maven-resolver-provider-3.9.9.jar:/home/runner/.m2/repository/org/apache/maven/resolver/maven-resolver-connector-basic/1.9.22/maven-resolver-connector-basic-1.9.22.jar:/home/runner/.m2/repository/org/apache/maven/resolver/maven-resolver-transport-wagon/1.9.22/maven-resolver-transport-wagon-1.9.22.jar:/home/runner/.m2/repository/org/apache/maven/wagon/wagon-http/3.5.3/wagon-http-3.5.3.jar:/home/runner/.m2/repository/org/apache/maven/wagon/wagon-file/3.5.3/wagon-file-3.5.3.jar:/home/runner/.m2/repository/io/quarkus/quarkus-bootstrap-gradle-resolver/3.20.2/quarkus-bootstrap-gradle-resolver-3.20.2.jar:/home/runner/.m2/repository/io/smallrye/jandex/3.3.0/jandex-3.3.0.jar:/home/runner/.m2/repository/org/jboss/logging/commons-logging-jboss-logging/1.0.0.Final/commons-logging-jboss-logging-1.0.0.Final.jar:/home/runner/.m2/repository/io/quarkus/quarkus-junit5-config/3.20.2/quarkus-junit5-config-3.20.2.jar:/home/runner/.m2/repository/org/junit/jupiter/junit-jupiter-api/5.12.1/junit-jupiter-api-5.12.1.jar:/home/runner/.m2/repository/io/smallrye/config/smallrye-config/3.11.4/smallrye-config-3.11.4.jar:/home/runner/.m2/repository/io/smallrye/config/smallrye-config-core/3.11.4/smallrye-config-core-3.11.4.jar:/home/runner/.m2/repository/io/smallrye/common/smallrye-common-classloader/2.12.0/smallrye-common-classloader-2.12.0.jar:/home/runner/.m2/repository/io/smallrye/config/smallrye-config-common/3.11.4/smallrye-config-common-3.11.4.jar:/home/runner/.m2/repository/org/junit/jupiter/junit-jupiter/5.12.1/junit-jupiter-5.12.1.jar:/home/runner/.m2/repository/org/junit/jupiter/junit-jupiter-params/5.12.1/junit-jupiter-params-5.12.1.jar:/home/runner/.m2/repository/org/junit/jupiter/junit-jupiter-engine/5.12.1/junit-jupiter-engine-5.12.1.jar:/home/runner/.m2/repository/io/quarkus/quarkus-core/3.20.2/quarkus-core-3.20.2.jar:/home/runner/.m2/repository/jakarta/enterprise/jakarta.enterprise.cdi-api/4.1.0/jakarta.enterprise.cdi-api-4.1.0.jar:/home/runner/.m2/repository/jakarta/enterprise/jakarta.enterprise.lang-model/4.1.0/jakarta.enterprise.lang-model-4.1.0.jar:/home/runner/.m2/repository/jakarta/el/jakarta.el-api/5.0.1/jakarta.el-api-5.0.1.jar:/home/runner/.m2/repository/jakarta/interceptor/jakarta.interceptor-api/2.2.0/jakarta.interceptor-api-2.2.0.jar:/home/runner/.m2/repository/jakarta/inject/jakarta.inject-api/2.0.1/jakarta.inject-api-2.0.1.jar:/home/runner/.m2/repository/io/smallrye/common/smallrye-common-os/2.12.0/smallrye-common-os-2.12.0.jar:/home/runner/.m2/repository/io/quarkus/quarkus-ide-launcher/3.20.2/quarkus-ide-launcher-3.20.2.jar:/home/runner/.m2/repository/io/quarkus/quarkus-development-mode-spi/3.20.2/quarkus-development-mode-spi-3.20.2.jar:/home/runner/.m2/repository/org/jboss/logging/jboss-logging/3.6.1.Final/jboss-logging-3.6.1.Final.jar:/home/runner/.m2/repository/org/jboss/logmanager/jboss-logmanager/3.1.2.Final/jboss-logmanager-3.1.2.Final.jar:/home/runner/.m2/repository/io/smallrye/common/smallrye-common-constraint/2.12.0/smallrye-common-constraint-2.12.0.jar:/home/runner/.m2/repository/io/smallrye/common/smallrye-common-cpu/2.12.0/smallrye-common-cpu-2.12.0.jar:/home/runner/.m2/repository/io/smallrye/common/smallrye-common-expression/2.12.0/smallrye-common-expression-2.12.0.jar:/home/runner/.m2/repository/io/smallrye/common/smallrye-common-net/2.12.0/smallrye-common-net-2.12.0.jar:/home/runner/.m2/repository/io/smallrye/common/smallrye-common-ref/2.12.0/smallrye-common-ref-2.12.0.jar:/home/runner/.m2/repository/jakarta/json/jakarta.json-api/2.1.3/jakarta.json-api-2.1.3.jar:/home/runner/.m2/repository/org/eclipse/parsson/parsson/1.1.7/parsson-1.1.7.jar:/home/runner/.m2/repository/org/jboss/logging/jboss-logging-annotations/3.0.4.Final/jboss-logging-annotations-3.0.4.Final.jar:/home/runner/.m2/repository/org/jboss/threads/jboss-threads/3.8.0.Final/jboss-threads-3.8.0.Final.jar:/home/runner/.m2/repository/io/smallrye/common/smallrye-common-annotation/2.12.0/smallrye-common-annotation-2.12.0.jar:/home/runner/.m2/repository/io/smallrye/common/smallrye-common-function/2.12.0/smallrye-common-function-2.12.0.jar:/home/runner/.m2/repository/org/jboss/slf4j/slf4j-jboss-logmanager/2.0.0.Final/slf4j-jboss-logmanager-2.0.0.Final.jar:/home/runner/.m2/repository/org/wildfly/common/wildfly-common/2.0.1/wildfly-common-2.0.1.jar:/home/runner/.m2/repository/io/quarkus/quarkus-bootstrap-runner/3.20.2/quarkus-bootstrap-runner-3.20.2.jar:/home/runner/.m2/repository/io/github/crac/org-crac/0.1.3/org-crac-0.1.3.jar:/home/runner/.m2/repository/io/quarkus/quarkus-fs-util/0.0.10/quarkus-fs-util-0.0.10.jar:/home/runner/.m2/repository/org/jboss/marshalling/jboss-marshalling/2.2.2.Final/jboss-marshalling-2.2.2.Final.jar:/home/runner/.m2/repository/io/fabric8/kubernetes-client/7.1.0/kubernetes-client-7.1.0.jar:/home/runner/.m2/repository/io/fabric8/kubernetes-client-api/7.1.0/kubernetes-client-api-7.1.0.jar:/home/runner/.m2/repository/io/fabric8/kubernetes-model-core/7.1.0/kubernetes-model-core-7.1.0.jar:/home/runner/.m2/repository/io/fabric8/kubernetes-model-common/7.1.0/kubernetes-model-common-7.1.0.jar:/home/runner/.m2/repository/javax/annotation/javax.annotation-api/1.3.2/javax.annotation-api-1.3.2.jar:/home/runner/.m2/repository/io/fabric8/kubernetes-model-gatewayapi/7.1.0/kubernetes-model-gatewayapi-7.1.0.jar:/home/runner/.m2/repository/io/fabric8/kubernetes-model-resource/7.1.0/kubernetes-model-resource-7.1.0.jar:/home/runner/.m2/repository/io/fabric8/kubernetes-model-rbac/7.1.0/kubernetes-model-rbac-7.1.0.jar:/home/runner/.m2/repository/io/fabric8/kubernetes-model-admissionregistration/7.1.0/kubernetes-model-admissionregistration-7.1.0.jar:/home/runner/.m2/repository/io/fabric8/kubernetes-model-apps/7.1.0/kubernetes-model-apps-7.1.0.jar:/home/runner/.m2/repository/io/fabric8/kubernetes-model-autoscaling/7.1.0/kubernetes-model-autoscaling-7.1.0.jar:/home/runner/.m2/repository/io/fabric8/kubernetes-model-apiextensions/7.1.0/kubernetes-model-apiextensions-7.1.0.jar:/home/runner/.m2/repository/io/fabric8/kubernetes-model-batch/7.1.0/kubernetes-model-batch-7.1.0.jar:/home/runner/.m2/repository/io/fabric8/kubernetes-model-certificates/7.1.0/kubernetes-model-certificates-7.1.0.jar:/home/runner/.m2/repository/io/fabric8/kubernetes-model-coordination/7.1.0/kubernetes-model-coordination-7.1.0.jar:/home/runner/.m2/repository/io/fabric8/kubernetes-model-discovery/7.1.0/kubernetes-model-discovery-7.1.0.jar:/home/runner/.m2/repository/io/fabric8/kubernetes-model-events/7.1.0/kubernetes-model-events-7.1.0.jar:/home/runner/.m2/repository/io/fabric8/kubernetes-model-extensions/7.1.0/kubernetes-model-extensions-7.1.0.jar:/home/runner/.m2/repository/io/fabric8/kubernetes-model-flowcontrol/7.1.0/kubernetes-model-flowcontrol-7.1.0.jar:/home/runner/.m2/repository/io/fabric8/kubernetes-model-networking/7.1.0/kubernetes-model-networking-7.1.0.jar:/home/runner/.m2/repository/io/fabric8/kubernetes-model-metrics/7.1.0/kubernetes-model-metrics-7.1.0.jar:/home/runner/.m2/repository/io/fabric8/kubernetes-model-policy/7.1.0/kubernetes-model-policy-7.1.0.jar:/home/runner/.m2/repository/io/fabric8/kubernetes-model-scheduling/7.1.0/kubernetes-model-scheduling-7.1.0.jar:/home/runner/.m2/repository/io/fabric8/kubernetes-model-storageclass/7.1.0/kubernetes-model-storageclass-7.1.0.jar:/home/runner/.m2/repository/io/fabric8/kubernetes-model-node/7.1.0/kubernetes-model-node-7.1.0.jar:/home/runner/.m2/repository/org/snakeyaml/snakeyaml-engine/2.9/snakeyaml-engine-2.9.jar:/home/runner/.m2/repository/com/fasterxml/jackson/dataformat/jackson-dataformat-yaml/2.18.2/jackson-dataformat-yaml-2.18.2.jar:/home/runner/.m2/repository/com/fasterxml/jackson/datatype/jackson-datatype-jsr310/2.18.2/jackson-datatype-jsr310-2.18.2.jar:/home/runner/.m2/repository/io/fabric8/zjsonpatch/7.1.0/zjsonpatch-7.1.0.jar:/home/runner/.m2/repository/io/fabric8/kubernetes-httpclient-vertx/7.1.0/kubernetes-httpclient-vertx-7.1.0.jar:/home/runner/.m2/repository/io/vertx/vertx-web-client/4.5.16/vertx-web-client-4.5.16.jar:/home/runner/.m2/repository/io/vertx/vertx-web-common/4.5.16/vertx-web-common-4.5.16.jar:/home/runner/.m2/repository/io/vertx/vertx-auth-common/4.5.16/vertx-auth-common-4.5.16.jar:/home/runner/.m2/repository/io/vertx/vertx-uri-template/4.5.16/vertx-uri-template-4.5.16.jar:/home/runner/.m2/repository/io/fabric8/openshift-client/7.1.0/openshift-client-7.1.0.jar:/home/runner/.m2/repository/io/fabric8/openshift-client-api/7.1.0/openshift-client-api-7.1.0.jar:/home/runner/.m2/repository/io/fabric8/openshift-model/7.1.0/openshift-model-7.1.0.jar:/home/runner/.m2/repository/io/fabric8/openshift-model-autoscaling/7.1.0/openshift-model-autoscaling-7.1.0.jar:/home/runner/.m2/repository/io/fabric8/openshift-model-operator/7.1.0/openshift-model-operator-7.1.0.jar:/home/runner/.m2/repository/io/fabric8/openshift-model-operatorhub/7.1.0/openshift-model-operatorhub-7.1.0.jar:/home/runner/.m2/repository/io/fabric8/openshift-model-machine/7.1.0/openshift-model-machine-7.1.0.jar:/home/runner/.m2/repository/io/fabric8/openshift-model-whereabouts/7.1.0/openshift-model-whereabouts-7.1.0.jar:/home/runner/.m2/repository/io/fabric8/openshift-model-monitoring/7.1.0/openshift-model-monitoring-7.1.0.jar:/home/runner/.m2/repository/io/fabric8/openshift-model-storageversionmigrator/7.1.0/openshift-model-storageversionmigrator-7.1.0.jar:/home/runner/.m2/repository/io/fabric8/openshift-model-tuned/7.1.0/openshift-model-tuned-7.1.0.jar:/home/runner/.m2/repository/io/fabric8/openshift-model-console/7.1.0/openshift-model-console-7.1.0.jar:/home/runner/.m2/repository/io/fabric8/openshift-model-config/7.1.0/openshift-model-config-7.1.0.jar:/home/runner/.m2/repository/io/fabric8/openshift-model-machineconfiguration/7.1.0/openshift-model-machineconfiguration-7.1.0.jar:/home/runner/.m2/repository/io/fabric8/openshift-model-miscellaneous/7.1.0/openshift-model-miscellaneous-7.1.0.jar:/home/runner/.m2/repository/io/fabric8/openshift-model-hive/7.1.0/openshift-model-hive-7.1.0.jar:/home/runner/.m2/repository/io/fabric8/openshift-model-installer/7.1.0/openshift-model-installer-7.1.0.jar:/home/runner/.m2/repository/org/junit/platform/junit-platform-launcher/1.12.1/junit-platform-launcher-1.12.1.jar:/home/runner/.m2/repository/org/junit/platform/junit-platform-engine/1.12.1/junit-platform-engine-1.12.1.jar:/home/runner/.m2/repository/org/opentest4j/opentest4j/1.3.0/opentest4j-1.3.0.jar:/home/runner/.m2/repository/org/junit/platform/junit-platform-commons/1.12.1/junit-platform-commons-1.12.1.jar:/home/runner/.m2/repository/org/apiguardian/apiguardian-api/1.1.2/apiguardian-api-1.1.2.jar:/home/runner/.m2/repository/jakarta/ws/rs/jakarta.ws.rs-api/3.1.0/jakarta.ws.rs-api-3.1.0.jar:/home/runner/work/apicurio-testing/apicurio-testing/clusters/ci419/namespaces/mysql/tests/integration/apicurio-registry/java-sdk/target/apicurio-registry-java-sdk-3.0.12-SNAPSHOT.jar:/home/runner/.m2/repository/com/microsoft/kiota/microsoft-kiota-abstractions/1.8.8/microsoft-kiota-abstractions-1.8.8.jar:/home/runner/.m2/repository/io/github/std-uritemplate/std-uritemplate/2.0.0/std-uritemplate-2.0.0.jar:/home/runner/.m2/repository/io/kiota/kiota-http-jdk/0.0.29/kiota-http-jdk-0.0.29.jar:/home/runner/.m2/repository/io/kiota/kiota-http-vertx/0.0.29/kiota-http-vertx-0.0.29.jar:/home/runner/.m2/repository/io/kiota/kiota-serialization-jackson/0.0.29/kiota-serialization-jackson-0.0.29.jar:/home/runner/.m2/repository/com/microsoft/kiota/microsoft-kiota-serialization-text/1.8.8/microsoft-kiota-serialization-text-1.8.8.jar:/home/runner/.m2/repository/com/microsoft/kiota/microsoft-kiota-serialization-form/1.8.8/microsoft-kiota-serialization-form-1.8.8.jar:/home/runner/.m2/repository/com/microsoft/kiota/microsoft-kiota-serialization-multipart/1.8.8/microsoft-kiota-serialization-multipart-1.8.8.jar:/home/runner/.m2/repository/jakarta/annotation/jakarta.annotation-api/3.0.0/jakarta.annotation-api-3.0.0.jar:/home/runner/.m2/repository/io/vertx/vertx-auth-oauth2/4.5.16/vertx-auth-oauth2-4.5.16.jar:/home/runner/work/apicurio-testing/apicurio-testing/clusters/ci419/namespaces/mysql/tests/integration/apicurio-registry/java-sdk-v2/target/apicurio-registry-v2-java-sdk-3.0.12-SNAPSHOT.jar:/home/runner/work/apicurio-testing/apicurio-testing/clusters/ci419/namespaces/mysql/tests/integration/apicurio-registry/utils/kafka/target/apicurio-registry-utils-kafka-3.0.12-SNAPSHOT-tests.jar:/home/runner/.m2/repository/org/eclipse/microprofile/config/microprofile-config-api/3.1/microprofile-config-api-3.1.jar:/home/runner/.m2/repository/org/apache/kafka/kafka-clients/3.9.1/kafka-clients-3.9.1.jar:/home/runner/.m2/repository/com/github/luben/zstd-jni/1.5.6-4/zstd-jni-1.5.6-4.jar:/home/runner/.m2/repository/org/lz4/lz4-java/1.8.0/lz4-java-1.8.0.jar:/home/runner/.m2/repository/org/xerial/snappy/snappy-java/1.1.10.5/snappy-java-1.1.10.5.jar:/home/runner/.m2/repository/org/slf4j/slf4j-api/2.0.6/slf4j-api-2.0.6.jar:/home/runner/work/apicurio-testing/apicurio-testing/clusters/ci419/namespaces/mysql/tests/integration/apicurio-registry/utils/tests/target/apicurio-registry-utils-tests-3.0.12-SNAPSHOT.jar:/home/runner/work/apicurio-testing/apicurio-testing/clusters/ci419/namespaces/mysql/tests/integration/apicurio-registry/common/target/apicurio-registry-common-3.0.12-SNAPSHOT.jar:/home/runner/.m2/repository/jakarta/validation/jakarta.validation-api/3.0.2/jakarta.validation-api-3.0.2.jar:/home/runner/.m2/repository/com/github/dasniko/testcontainers-keycloak/3.8.0/testcontainers-keycloak-3.8.0.jar:/home/runner/.m2/repository/org/testcontainers/testcontainers/1.20.6/testcontainers-1.20.6.jar:/home/runner/.m2/repository/org/rnorth/duct-tape/duct-tape/1.0.8/duct-tape-1.0.8.jar:/home/runner/.m2/repository/com/github/docker-java/docker-java-transport-zerodep/3.4.1/docker-java-transport-zerodep-3.4.1.jar:/home/runner/.m2/repository/com/github/docker-java/docker-java-transport/3.4.1/docker-java-transport-3.4.1.jar:/home/runner/.m2/repository/net/java/dev/jna/jna/5.8.0/jna-5.8.0.jar:/home/runner/.m2/repository/io/quarkus/quarkus-junit4-mock/3.20.2/quarkus-junit4-mock-3.20.2.jar:/home/runner/.m2/repository/org/jboss/shrinkwrap/shrinkwrap-api/2.0.0-beta-2/shrinkwrap-api-2.0.0-beta-2.jar:/home/runner/.m2/repository/org/jboss/shrinkwrap/shrinkwrap-impl-base/2.0.0-beta-2/shrinkwrap-impl-base-2.0.0-beta-2.jar:/home/runner/.m2/repository/org/jboss/shrinkwrap/shrinkwrap-spi/2.0.0-beta-2/shrinkwrap-spi-2.0.0-beta-2.jar:/home/runner/.m2/repository/org/keycloak/keycloak-admin-client/26.0.4/keycloak-admin-client-26.0.4.jar:/home/runner/.m2/repository/org/keycloak/keycloak-client-common-synced/26.0.4/keycloak-client-common-synced-26.0.4.jar:/home/runner/.m2/repository/jakarta/activation/jakarta.activation-api/2.1.3/jakarta.activation-api-2.1.3.jar:/home/runner/.m2/repository/org/eclipse/microprofile/openapi/microprofile-openapi-api/4.0.2/microprofile-openapi-api-4.0.2.jar:/home/runner/.m2/repository/org/jboss/resteasy/resteasy-client/6.2.12.Final/resteasy-client-6.2.12.Final.jar:/home/runner/.m2/repository/org/jboss/resteasy/resteasy-client-api/6.2.12.Final/resteasy-client-api-6.2.12.Final.jar:/home/runner/.m2/repository/org/jboss/resteasy/resteasy-core-spi/6.2.12.Final/resteasy-core-spi-6.2.12.Final.jar:/home/runner/.m2/repository/org/jboss/resteasy/resteasy-core/6.2.12.Final/resteasy-core-6.2.12.Final.jar:/home/runner/.m2/repository/org/eclipse/angus/angus-activation/2.0.2/angus-activation-2.0.2.jar:/home/runner/.m2/repository/com/ibm/async/asyncutil/0.1.0/asyncutil-0.1.0.jar:/home/runner/.m2/repository/org/reactivestreams/reactive-streams/1.0.4/reactive-streams-1.0.4.jar:/home/runner/.m2/repository/org/jboss/resteasy/resteasy-multipart-provider/6.2.12.Final/resteasy-multipart-provider-6.2.12.Final.jar:/home/runner/.m2/repository/jakarta/mail/jakarta.mail-api/2.1.3/jakarta.mail-api-2.1.3.jar:/home/runner/.m2/repository/org/eclipse/angus/angus-mail/2.0.3/angus-mail-2.0.3.jar:/home/runner/.m2/repository/org/apache/james/apache-mime4j-dom/0.8.12/apache-mime4j-dom-0.8.12.jar:/home/runner/.m2/repository/org/apache/james/apache-mime4j-core/0.8.12/apache-mime4j-core-0.8.12.jar:/home/runner/.m2/repository/org/apache/james/apache-mime4j-storage/0.8.12/apache-mime4j-storage-0.8.12.jar:/home/runner/.m2/repository/org/jboss/resteasy/resteasy-jackson2-provider/6.2.12.Final/resteasy-jackson2-provider-6.2.12.Final.jar:/home/runner/.m2/repository/com/fasterxml/jackson/jakarta/rs/jackson-jakarta-rs-base/2.18.2/jackson-jakarta-rs-base-2.18.2.jar:/home/runner/.m2/repository/com/fasterxml/jackson/jakarta/rs/jackson-jakarta-rs-json-provider/2.18.2/jackson-jakarta-rs-json-provider-2.18.2.jar:/home/runner/.m2/repository/com/fasterxml/jackson/module/jackson-module-jakarta-xmlbind-annotations/2.18.2/jackson-module-jakarta-xmlbind-annotations-2.18.2.jar:/home/runner/.m2/repository/com/github/java-json-tools/json-patch/1.13/json-patch-1.13.jar:/home/runner/.m2/repository/com/github/java-json-tools/msg-simple/1.2/msg-simple-1.2.jar:/home/runner/.m2/repository/com/github/java-json-tools/btf/1.3/btf-1.3.jar:/home/runner/.m2/repository/com/github/java-json-tools/jackson-coreutils/2.0/jackson-coreutils-2.0.jar:/home/runner/.m2/repository/org/jboss/resteasy/resteasy-jaxb-provider/6.2.12.Final/resteasy-jaxb-provider-6.2.12.Final.jar:/home/runner/.m2/repository/org/glassfish/jaxb/codemodel/4.0.5/codemodel-4.0.5.jar:/home/runner/.m2/repository/org/glassfish/jaxb/jaxb-core/4.0.5/jaxb-core-4.0.5.jar:/home/runner/.m2/repository/org/glassfish/jaxb/jaxb-jxc/4.0.5/jaxb-jxc-4.0.5.jar:/home/runner/.m2/repository/org/glassfish/jaxb/jaxb-runtime/4.0.5/jaxb-runtime-4.0.5.jar:/home/runner/.m2/repository/org/glassfish/jaxb/txw2/4.0.5/txw2-4.0.5.jar:/home/runner/.m2/repository/org/glassfish/jaxb/jaxb-xjc/4.0.5/jaxb-xjc-4.0.5.jar:/home/runner/.m2/repository/org/glassfish/jaxb/xsom/4.0.5/xsom-4.0.5.jar:/home/runner/.m2/repository/com/sun/istack/istack-commons-runtime/4.1.2/istack-commons-runtime-4.1.2.jar:/home/runner/.m2/repository/com/sun/istack/istack-commons-tools/4.1.2/istack-commons-tools-4.1.2.jar:/home/runner/.m2/repository/com/sun/xml/bind/external/relaxng-datatype/4.0.5/relaxng-datatype-4.0.5.jar:/home/runner/.m2/repository/com/sun/xml/bind/external/rngom/4.0.5/rngom-4.0.5.jar:/home/runner/.m2/repository/org/testcontainers/mssqlserver/1.20.6/mssqlserver-1.20.6.jar:/home/runner/.m2/repository/org/testcontainers/jdbc/1.20.6/jdbc-1.20.6.jar:/home/runner/.m2/repository/org/testcontainers/database-commons/1.20.6/database-commons-1.20.6.jar:/home/runner/.m2/repository/org/testcontainers/mysql/1.20.6/mysql-1.20.6.jar:/home/runner/.m2/repository/io/strimzi/strimzi-test-container/0.111.0/strimzi-test-container-0.111.0.jar:/home/runner/.m2/repository/org/testcontainers/toxiproxy/1.20.6/toxiproxy-1.20.6.jar:/home/runner/.m2/repository/com/github/docker-java/docker-java-api/3.4.1/docker-java-api-3.4.1.jar:/home/runner/.m2/repository/org/apache/logging/log4j/log4j-slf4j-impl/2.19.0/log4j-slf4j-impl-2.19.0.jar:/home/runner/.m2/repository/org/apache/logging/log4j/log4j-api/2.24.3/log4j-api-2.24.3.jar:/home/runner/.m2/repository/org/apache/logging/log4j/log4j-core/2.19.0/log4j-core-2.19.0.jar:/home/runner/.m2/repository/eu/rekawek/toxiproxy/toxiproxy-java/2.1.7/toxiproxy-java-2.1.7.jar:/home/runner/.m2/repository/org/testcontainers/pulsar/1.21.3/pulsar-1.21.3.jar:/home/runner/.m2/repository/io/debezium/debezium-testing-testcontainers/2.7.4.Final/debezium-testing-testcontainers-2.7.4.Final.jar:/home/runner/.m2/repository/org/testcontainers/kafka/1.20.6/kafka-1.20.6.jar:/home/runner/.m2/repository/com/squareup/okhttp3/okhttp/4.8.1/okhttp-4.8.1.jar:/home/runner/.m2/repository/com/squareup/okio/okio/3.10.2/okio-3.10.2.jar:/home/runner/.m2/repository/com/squareup/okio/okio-jvm/3.10.2/okio-jvm-3.10.2.jar:/home/runner/.m2/repository/org/jetbrains/kotlin/kotlin-stdlib/2.0.21/kotlin-stdlib-2.0.21.jar:/home/runner/.m2/repository/org/awaitility/awaitility/4.3.0/awaitility-4.3.0.jar:/home/runner/.m2/repository/org/testcontainers/mongodb/1.20.6/mongodb-1.20.6.jar:/home/runner/.m2/repository/org/testcontainers/mariadb/1.20.6/mariadb-1.20.6.jar:/home/runner/.m2/repository/org/testcontainers/oracle-xe/1.20.6/oracle-xe-1.20.6.jar:/home/runner/.m2/repository/org/testcontainers/postgresql/1.20.6/postgresql-1.20.6.jar:/home/runner/.m2/repository/org/wiremock/wiremock/3.0.1/wiremock-3.0.1.jar:/home/runner/.m2/repository/org/eclipse/jetty/jetty-server/11.0.15/jetty-server-11.0.15.jar:/home/runner/.m2/repository/org/eclipse/jetty/toolchain/jetty-jakarta-servlet-api/5.0.2/jetty-jakarta-servlet-api-5.0.2.jar:/home/runner/.m2/repository/org/eclipse/jetty/jetty-http/11.0.15/jetty-http-11.0.15.jar:/home/runner/.m2/repository/org/eclipse/jetty/jetty-io/11.0.15/jetty-io-11.0.15.jar:/home/runner/.m2/repository/org/eclipse/jetty/jetty-servlet/11.0.15/jetty-servlet-11.0.15.jar:/home/runner/.m2/repository/org/eclipse/jetty/jetty-security/11.0.15/jetty-security-11.0.15.jar:/home/runner/.m2/repository/org/eclipse/jetty/jetty-servlets/11.0.15/jetty-servlets-11.0.15.jar:/home/runner/.m2/repository/org/eclipse/jetty/jetty-util/11.0.15/jetty-util-11.0.15.jar:/home/runner/.m2/repository/org/eclipse/jetty/jetty-webapp/11.0.15/jetty-webapp-11.0.15.jar:/home/runner/.m2/repository/org/eclipse/jetty/jetty-xml/11.0.15/jetty-xml-11.0.15.jar:/home/runner/.m2/repository/org/eclipse/jetty/jetty-proxy/11.0.15/jetty-proxy-11.0.15.jar:/home/runner/.m2/repository/org/eclipse/jetty/jetty-client/11.0.15/jetty-client-11.0.15.jar:/home/runner/.m2/repository/org/eclipse/jetty/http2/http2-server/11.0.15/http2-server-11.0.15.jar:/home/runner/.m2/repository/org/eclipse/jetty/http2/http2-common/11.0.15/http2-common-11.0.15.jar:/home/runner/.m2/repository/org/eclipse/jetty/http2/http2-hpack/11.0.15/http2-hpack-11.0.15.jar:/home/runner/.m2/repository/org/eclipse/jetty/jetty-alpn-server/11.0.15/jetty-alpn-server-11.0.15.jar:/home/runner/.m2/repository/org/eclipse/jetty/jetty-alpn-java-server/11.0.15/jetty-alpn-java-server-11.0.15.jar:/home/runner/.m2/repository/org/eclipse/jetty/jetty-alpn-java-client/11.0.15/jetty-alpn-java-client-11.0.15.jar:/home/runner/.m2/repository/org/eclipse/jetty/jetty-alpn-client/11.0.15/jetty-alpn-client-11.0.15.jar:/home/runner/.m2/repository/org/apache/httpcomponents/client5/httpclient5/5.2.1/httpclient5-5.2.1.jar:/home/runner/.m2/repository/org/apache/httpcomponents/core5/httpcore5/5.2/httpcore5-5.2.jar:/home/runner/.m2/repository/org/apache/httpcomponents/core5/httpcore5-h2/5.2/httpcore5-h2-5.2.jar:/home/runner/.m2/repository/org/xmlunit/xmlunit-core/2.9.1/xmlunit-core-2.9.1.jar:/home/runner/.m2/repository/jakarta/xml/bind/jakarta.xml.bind-api/4.0.2/jakarta.xml.bind-api-4.0.2.jar:/home/runner/.m2/repository/org/xmlunit/xmlunit-legacy/2.9.1/xmlunit-legacy-2.9.1.jar:/home/runner/.m2/repository/org/xmlunit/xmlunit-placeholders/2.9.1/xmlunit-placeholders-2.9.1.jar:/home/runner/.m2/repository/net/javacrumbs/json-unit/json-unit-core/2.38.0/json-unit-core-2.38.0.jar:/home/runner/.m2/repository/org/hamcrest/hamcrest-core/2.2/hamcrest-core-2.2.jar:/home/runner/.m2/repository/com/jayway/jsonpath/json-path/2.8.0/json-path-2.8.0.jar:/home/runner/.m2/repository/net/minidev/json-smart/2.4.10/json-smart-2.4.10.jar:/home/runner/.m2/repository/net/minidev/accessors-smart/2.4.9/accessors-smart-2.4.9.jar:/home/runner/.m2/repository/org/ow2/asm/asm/9.7.1/asm-9.7.1.jar:/home/runner/.m2/repository/net/sf/jopt-simple/jopt-simple/5.0.4/jopt-simple-5.0.4.jar:/home/runner/.m2/repository/com/github/jknack/handlebars/4.3.1/handlebars-4.3.1.jar:/home/runner/.m2/repository/com/github/jknack/handlebars-helpers/4.3.1/handlebars-helpers-4.3.1.jar:/home/runner/.m2/repository/commons-fileupload/commons-fileupload/1.5/commons-fileupload-1.5.jar:/home/runner/.m2/repository/com/networknt/json-schema-validator/1.5.8/json-schema-validator-1.5.8.jar:/home/runner/.m2/repository/com/ethlo/time/itu/1.10.3/itu-1.10.3.jar:/home/runner/.m2/repository/io/quarkus/quarkus-smallrye-jwt-build/3.20.2/quarkus-smallrye-jwt-build-3.20.2.jar:/home/runner/.m2/repository/io/smallrye/smallrye-jwt-build/4.6.2/smallrye-jwt-build-4.6.2.jar:/home/runner/.m2/repository/org/eclipse/microprofile/jwt/microprofile-jwt-auth-api/2.1/microprofile-jwt-auth-api-2.1.jar:/home/runner/.m2/repository/org/bitbucket/b_c/jose4j/0.9.6/jose4j-0.9.6.jar:/home/runner/.m2/repository/io/smallrye/smallrye-jwt-common/4.6.2/smallrye-jwt-common-4.6.2.jar:/home/runner/.m2/repository/io/quarkus/quarkus-jsonp/3.20.2/quarkus-jsonp-3.20.2.jar:/home/runner/.m2/repository/io/quarkus/quarkus-arc/3.20.2/quarkus-arc-3.20.2.jar:/home/runner/.m2/repository/io/quarkus/arc/arc/3.20.2/arc-3.20.2.jar:/home/runner/.m2/repository/jakarta/transaction/jakarta.transaction-api/2.0.1/jakarta.transaction-api-2.0.1.jar:/home/runner/.m2/repository/io/smallrye/reactive/mutiny/2.9.2/mutiny-2.9.2.jar:/home/runner/.m2/repository/org/jctools/jctools-core/4.0.5/jctools-core-4.0.5.jar:/home/runner/.m2/repository/org/eclipse/microprofile/context-propagation/microprofile-context-propagation-api/1.3/microprofile-context-propagation-api-1.3.jar:/home/runner/.m2/repository/io/apicurio/apicurio-common-rest-client-common/0.1.18.Final/apicurio-common-rest-client-common-0.1.18.Final.jar:/home/runner/work/apicurio-testing/apicurio-testing/clusters/ci419/namespaces/mysql/tests/integration/apicurio-registry/utils/maven-plugin/target/apicurio-registry-maven-plugin-3.0.12-SNAPSHOT.jar:/home/runner/.m2/repository/com/fasterxml/jackson/core/jackson-databind/2.18.2/jackson-databind-2.18.2.jar:/home/runner/.m2/repository/org/apache/avro/avro/1.12.0/avro-1.12.0.jar:/home/runner/.m2/repository/com/google/protobuf/protobuf-java/4.31.1/protobuf-java-4.31.1.jar:/home/runner/.m2/repository/com/google/protobuf/protobuf-java-util/4.31.1/protobuf-java-util-4.31.1.jar:/home/runner/.m2/repository/com/google/code/findbugs/jsr305/3.0.2/jsr305-3.0.2.jar:/home/runner/.m2/repository/com/google/code/gson/gson/2.12.1/gson-2.12.1.jar:/home/runner/.m2/repository/com/google/errorprone/error_prone_annotations/2.36.0/error_prone_annotations-2.36.0.jar:/home/runner/.m2/repository/com/google/j2objc/j2objc-annotations/2.8/j2objc-annotations-2.8.jar:/home/runner/work/apicurio-testing/apicurio-testing/clusters/ci419/namespaces/mysql/tests/integration/apicurio-registry/schema-util/util-provider/target/apicurio-registry-schema-util-provider-3.0.12-SNAPSHOT.jar:/home/runner/work/apicurio-testing/apicurio-testing/clusters/ci419/namespaces/mysql/tests/integration/apicurio-registry/schema-util/common/target/apicurio-registry-schema-util-common-3.0.12-SNAPSHOT.jar:/home/runner/.m2/repository/com/fasterxml/jackson/module/jackson-module-parameter-names/2.18.2/jackson-module-parameter-names-2.18.2.jar:/home/runner/.m2/repository/com/fasterxml/jackson/datatype/jackson-datatype-json-org/2.18.2/jackson-datatype-json-org-2.18.2.jar:/home/runner/work/apicurio-testing/apicurio-testing/clusters/ci419/namespaces/mysql/tests/integration/apicurio-registry/schema-util/json/target/apicurio-registry-schema-util-json-3.0.12-SNAPSHOT.jar:/home/runner/.m2/repository/com/github/erosb/everit-json-schema/1.14.5/everit-json-schema-1.14.5.jar:/home/runner/.m2/repository/commons-validator/commons-validator/1.9.0/commons-validator-1.9.0.jar:/home/runner/.m2/repository/commons-digester/commons-digester/2.1/commons-digester-2.1.jar:/home/runner/.m2/repository/commons-collections/commons-collections/3.2.2/commons-collections-3.2.2.jar:/home/runner/.m2/repository/com/damnhandy/handy-uri-templates/2.1.8/handy-uri-templates-2.1.8.jar:/home/runner/.m2/repository/joda-time/joda-time/2.10.2/joda-time-2.10.2.jar:/home/runner/.m2/repository/com/github/erosb/json-sKema/0.20.0/json-sKema-0.20.0.jar:/home/runner/.m2/repository/io/vertx/vertx-json-schema/4.5.16/vertx-json-schema-4.5.16.jar:/home/runner/work/apicurio-testing/apicurio-testing/clusters/ci419/namespaces/mysql/tests/integration/apicurio-registry/schema-util/protobuf/target/apicurio-registry-schema-util-protobuf-3.0.12-SNAPSHOT.jar:/home/runner/work/apicurio-testing/apicurio-testing/clusters/ci419/namespaces/mysql/tests/integration/apicurio-registry/utils/protobuf-schema-utilities/target/apicurio-registry-protobuf-schema-utilities-3.0.12-SNAPSHOT.jar:/home/runner/.m2/repository/com/google/api/grpc/proto-google-common-protos/2.52.0/proto-google-common-protos-2.52.0.jar:/home/runner/.m2/repository/com/squareup/wire/wire-schema-jvm/5.3.3/wire-schema-jvm-5.3.3.jar:/home/runner/.m2/repository/com/palantir/javapoet/javapoet/0.6.0/javapoet-0.6.0.jar:/home/runner/.m2/repository/com/squareup/kotlinpoet-jvm/2.0.0/kotlinpoet-jvm-2.0.0.jar:/home/runner/.m2/repository/org/jetbrains/kotlin/kotlin-reflect/2.0.21/kotlin-reflect-2.0.21.jar:/home/runner/.m2/repository/com/squareup/wire/wire-runtime-jvm/5.3.3/wire-runtime-jvm-5.3.3.jar:/home/runner/.m2/repository/com/ibm/icu/icu4j/76.1/icu4j-76.1.jar:/home/runner/.m2/repository/com/squareup/okio/okio-fakefilesystem/3.10.2/okio-fakefilesystem-3.10.2.jar:/home/runner/.m2/repository/com/squareup/okio/okio-fakefilesystem-jvm/3.10.2/okio-fakefilesystem-jvm-3.10.2.jar:/home/runner/.m2/repository/org/jetbrains/kotlinx/kotlinx-datetime-jvm/0.6.1/kotlinx-datetime-jvm-0.6.1.jar:/home/runner/work/apicurio-testing/apicurio-testing/clusters/ci419/namespaces/mysql/tests/integration/apicurio-registry/schema-util/asyncapi/target/apicurio-registry-schema-util-asyncapi-3.0.12-SNAPSHOT.jar:/home/runner/work/apicurio-testing/apicurio-testing/clusters/ci419/namespaces/mysql/tests/integration/apicurio-registry/schema-util/avro/target/apicurio-registry-schema-util-avro-3.0.12-SNAPSHOT.jar:/home/runner/work/apicurio-testing/apicurio-testing/clusters/ci419/namespaces/mysql/tests/integration/apicurio-registry/schema-util/graphql/target/apicurio-registry-schema-util-graphql-3.0.12-SNAPSHOT.jar:/home/runner/.m2/repository/com/graphql-java/graphql-java/22.4/graphql-java-22.4.jar:/home/runner/.m2/repository/com/graphql-java/java-dataloader/3.3.0/java-dataloader-3.3.0.jar:/home/runner/work/apicurio-testing/apicurio-testing/clusters/ci419/namespaces/mysql/tests/integration/apicurio-registry/schema-util/kconnect/target/apicurio-registry-schema-util-kconnect-3.0.12-SNAPSHOT.jar:/home/runner/work/apicurio-testing/apicurio-testing/clusters/ci419/namespaces/mysql/tests/integration/apicurio-registry/schema-util/openapi/target/apicurio-registry-schema-util-openapi-3.0.12-SNAPSHOT.jar:/home/runner/.m2/repository/io/apicurio/apicurio-data-models/2.2.2/apicurio-data-models-2.2.2.jar:/home/runner/.m2/repository/org/openapitools/openapidiff/openapi-diff-core/2.1.2/openapi-diff-core-2.1.2.jar:/home/runner/.m2/repository/io/swagger/parser/v3/swagger-parser/2.1.28/swagger-parser-2.1.28.jar:/home/runner/.m2/repository/io/swagger/parser/v3/swagger-parser-v2-converter/2.1.28/swagger-parser-v2-converter-2.1.28.jar:/home/runner/.m2/repository/io/swagger/swagger-core/1.6.16/swagger-core-1.6.16.jar:/home/runner/.m2/repository/io/swagger/swagger-models/1.6.16/swagger-models-1.6.16.jar:/home/runner/.m2/repository/io/swagger/swagger-annotations/1.6.16/swagger-annotations-1.6.16.jar:/home/runner/.m2/repository/io/swagger/swagger-parser/1.0.75/swagger-parser-1.0.75.jar:/home/runner/.m2/repository/io/swagger/swagger-parser-safe-url-resolver/1.0.75/swagger-parser-safe-url-resolver-1.0.75.jar:/home/runner/.m2/repository/io/swagger/swagger-compat-spec-parser/1.0.75/swagger-compat-spec-parser-1.0.75.jar:/home/runner/.m2/repository/com/github/java-json-tools/json-schema-validator/2.2.14/json-schema-validator-2.2.14.jar:/home/runner/.m2/repository/com/github/java-json-tools/jackson-coreutils-equivalence/1.0/jackson-coreutils-equivalence-1.0.jar:/home/runner/.m2/repository/com/github/java-json-tools/json-schema-core/1.2.14/json-schema-core-1.2.14.jar:/home/runner/.m2/repository/com/github/java-json-tools/uri-template/0.10/uri-template-0.10.jar:/home/runner/.m2/repository/com/googlecode/libphonenumber/libphonenumber/8.11.1/libphonenumber-8.11.1.jar:/home/runner/.m2/repository/com/j2html/j2html/1.6.0/j2html-1.6.0.jar:/home/runner/.m2/repository/org/apache/commons/commons-collections4/4.5.0/commons-collections4-4.5.0.jar:/home/runner/.m2/repository/org/slf4j/jcl-over-slf4j/2.0.17/jcl-over-slf4j-2.0.17.jar:/home/runner/.m2/repository/io/swagger/parser/v3/swagger-parser-v3/2.1.31/swagger-parser-v3-2.1.31.jar:/home/runner/.m2/repository/io/swagger/core/v3/swagger-models/2.2.34/swagger-models-2.2.34.jar:/home/runner/.m2/repository/io/swagger/core/v3/swagger-core/2.2.34/swagger-core-2.2.34.jar:/home/runner/.m2/repository/io/swagger/parser/v3/swagger-parser-core/2.1.31/swagger-parser-core-2.1.31.jar:/home/runner/.m2/repository/io/swagger/parser/v3/swagger-parser-safe-url-resolver/2.1.31/swagger-parser-safe-url-resolver-2.1.31.jar:/home/runner/work/apicurio-testing/apicurio-testing/clusters/ci419/namespaces/mysql/tests/integration/apicurio-registry/schema-util/wsdl/target/apicurio-registry-schema-util-wsdl-3.0.12-SNAPSHOT.jar:/home/runner/.m2/repository/wsdl4j/wsdl4j/1.6.3/wsdl4j-1.6.3.jar:/home/runner/work/apicurio-testing/apicurio-testing/clusters/ci419/namespaces/mysql/tests/integration/apicurio-registry/schema-util/xml/target/apicurio-registry-schema-util-xml-3.0.12-SNAPSHOT.jar:/home/runner/.m2/repository/org/apache/santuario/xmlsec/4.0.4/xmlsec-4.0.4.jar:/home/runner/.m2/repository/com/fasterxml/woodstox/woodstox-core/7.1.1/woodstox-core-7.1.1.jar:/home/runner/.m2/repository/org/codehaus/woodstox/stax2-api/4.2.2/stax2-api-4.2.2.jar:/home/runner/work/apicurio-testing/apicurio-testing/clusters/ci419/namespaces/mysql/tests/integration/apicurio-registry/schema-util/xsd/target/apicurio-registry-schema-util-xsd-3.0.12-SNAPSHOT.jar:/home/runner/work/apicurio-testing/apicurio-testing/clusters/ci419/namespaces/mysql/tests/integration/apicurio-registry/serdes/kafka/jsonschema-serde/target/apicurio-registry-jsonschema-serde-kafka-3.0.12-SNAPSHOT.jar:/home/runner/work/apicurio-testing/apicurio-testing/clusters/ci419/namespaces/mysql/tests/integration/apicurio-registry/serdes/kafka/serde-kafka-common/target/apicurio-registry-serde-kafka-common-3.0.12-SNAPSHOT.jar:/home/runner/work/apicurio-testing/apicurio-testing/clusters/ci419/namespaces/mysql/tests/integration/apicurio-registry/serdes/generic/serde-common/target/apicurio-registry-serde-common-3.0.12-SNAPSHOT.jar:/home/runner/work/apicurio-testing/apicurio-testing/clusters/ci419/namespaces/mysql/tests/integration/apicurio-registry/serdes/generic/serde-common-jsonschema/target/apicurio-registry-serde-common-jsonschema-3.0.12-SNAPSHOT.jar:/home/runner/.m2/repository/org/json/json/20250107/json-20250107.jar:/home/runner/work/apicurio-testing/apicurio-testing/clusters/ci419/namespaces/mysql/tests/integration/apicurio-registry/serdes/kafka/avro-serde/target/apicurio-registry-avro-serde-kafka-3.0.12-SNAPSHOT.jar:/home/runner/work/apicurio-testing/apicurio-testing/clusters/ci419/namespaces/mysql/tests/integration/apicurio-registry/serdes/generic/serde-common-avro/target/apicurio-registry-serde-common-avro-3.0.12-SNAPSHOT.jar:/home/runner/work/apicurio-testing/apicurio-testing/clusters/ci419/namespaces/mysql/tests/integration/apicurio-registry/serdes/kafka/protobuf-serde/target/apicurio-registry-protobuf-serde-kafka-3.0.12-SNAPSHOT.jar:/home/runner/work/apicurio-testing/apicurio-testing/clusters/ci419/namespaces/mysql/tests/integration/apicurio-registry/serdes/generic/serde-common-protobuf/target/apicurio-registry-serde-common-protobuf-3.0.12-SNAPSHOT.jar:/home/runner/.m2/repository/com/squareup/wire/wire-schema/5.3.3/wire-schema-5.3.3.jar:/home/runner/.m2/repository/com/squareup/wire/wire-runtime/5.3.3/wire-runtime-5.3.3.jar:/home/runner/work/apicurio-testing/apicurio-testing/clusters/ci419/namespaces/mysql/tests/integration/apicurio-registry/serdes/pulsar/avro-serde/target/apicurio-registry-avro-serde-pulsar-3.0.12-SNAPSHOT.jar:/home/runner/.m2/repository/org/apache/pulsar/pulsar-functions-api/3.3.8/pulsar-functions-api-3.3.8.jar:/home/runner/work/apicurio-testing/apicurio-testing/clusters/ci419/namespaces/mysql/tests/integration/apicurio-registry/serdes/nats/avro-serde/target/apicurio-registry-avro-serde-nats-3.0.12-SNAPSHOT.jar:/home/runner/.m2/repository/io/nats/jnats/2.21.4/jnats-2.21.4.jar:/home/runner/.m2/repository/org/bouncycastle/bcprov-lts8on/2.73.7/bcprov-lts8on-2.73.7.jar:/home/runner/.m2/repository/org/jetbrains/annotations/26.0.2/annotations-26.0.2.jar:/home/runner/work/apicurio-testing/apicurio-testing/clusters/ci419/namespaces/mysql/tests/integration/apicurio-registry/utils/converter/target/apicurio-registry-utils-converter-3.0.12-SNAPSHOT.jar:/home/runner/work/apicurio-testing/apicurio-testing/clusters/ci419/namespaces/mysql/tests/integration/apicurio-registry/schema-resolver/target/apicurio-registry-schema-resolver-3.0.12-SNAPSHOT.jar:/home/runner/.m2/repository/org/apache/kafka/connect-api/3.9.1/connect-api-3.9.1.jar:/home/runner/.m2/repository/javax/ws/rs/javax.ws.rs-api/2.1.1/javax.ws.rs-api-2.1.1.jar:/home/runner/.m2/repository/org/apache/kafka/connect-json/3.9.1/connect-json-3.9.1.jar:/home/runner/.m2/repository/com/fasterxml/jackson/datatype/jackson-datatype-jdk8/2.18.2/jackson-datatype-jdk8-2.18.2.jar:/home/runner/.m2/repository/com/fasterxml/jackson/module/jackson-module-afterburner/2.18.2/jackson-module-afterburner-2.18.2.jar:/home/runner/work/apicurio-testing/apicurio-testing/clusters/ci419/namespaces/mysql/tests/integration/apicurio-registry/utils/kafka/target/apicurio-registry-utils-kafka-3.0.12-SNAPSHOT.jar:/home/runner/.m2/repository/org/apache/pulsar/pulsar-client/3.3.8/pulsar-client-3.3.8.jar:/home/runner/.m2/repository/org/apache/pulsar/pulsar-client-api/3.3.8/pulsar-client-api-3.3.8.jar:/home/runner/.m2/repository/org/apache/pulsar/pulsar-client-admin-api/3.3.8/pulsar-client-admin-api-3.3.8.jar:/home/runner/.m2/repository/org/apache/pulsar/bouncy-castle-bc/3.3.8/bouncy-castle-bc-3.3.8-pkg.jar:/home/runner/.m2/repository/org/bouncycastle/bcpkix-jdk18on/1.81/bcpkix-jdk18on-1.81.jar:/home/runner/.m2/repository/org/bouncycastle/bcutil-jdk18on/1.81/bcutil-jdk18on-1.81.jar:/home/runner/.m2/repository/org/bouncycastle/bcprov-jdk18on/1.81/bcprov-jdk18on-1.81.jar:/home/runner/.m2/repository/io/opentelemetry/opentelemetry-api/1.44.1/opentelemetry-api-1.44.1.jar:/home/runner/.m2/repository/io/opentelemetry/opentelemetry-context/1.44.1/opentelemetry-context-1.44.1.jar:/home/runner/.m2/repository/io/opentelemetry/opentelemetry-api-incubator/1.44.1-alpha/opentelemetry-api-incubator-1.44.1-alpha.jar:/home/runner/.m2/repository/com/fasterxml/jackson/core/jackson-annotations/2.18.2/jackson-annotations-2.18.2.jar:/home/runner/.m2/repository/javax/validation/validation-api/1.1.0.Final/validation-api-1.1.0.Final.jar:/home/runner/.m2/repository/org/jspecify/jspecify/1.0.0/jspecify-1.0.0.jar:/home/runner/.m2/repository/org/apache/commons/commons-configuration2/2.12.0/commons-configuration2-2.12.0.jar:/home/runner/.m2/repository/commons-logging/commons-logging/1.3.5/commons-logging-1.3.5.jar:/home/runner/.m2/repository/org/apache/commons/commons-text/1.13.0/commons-text-1.13.0.jar:/home/runner/.m2/repository/io/confluent/kafka-avro-serializer/8.0.0/kafka-avro-serializer-8.0.0.jar:/home/runner/.m2/repository/org/apache/commons/commons-compress/1.27.1/commons-compress-1.27.1.jar:/home/runner/.m2/repository/io/confluent/kafka-schema-serializer/8.0.0/kafka-schema-serializer-8.0.0.jar:/home/runner/.m2/repository/com/fasterxml/jackson/dataformat/jackson-dataformat-csv/2.18.2/jackson-dataformat-csv-2.18.2.jar:/home/runner/.m2/repository/io/confluent/kafka-schema-registry-client/8.0.0/kafka-schema-registry-client-8.0.0.jar:/home/runner/.m2/repository/org/yaml/snakeyaml/2.3/snakeyaml-2.3.jar:/home/runner/.m2/repository/io/swagger/core/v3/swagger-annotations/2.2.29/swagger-annotations-2.2.29.jar:/home/runner/.m2/repository/com/google/guava/guava/33.4.0-jre/guava-33.4.0-jre.jar:/home/runner/.m2/repository/com/google/guava/failureaccess/1.0.1/failureaccess-1.0.1.jar:/home/runner/.m2/repository/org/checkerframework/checker-qual/3.49.0/checker-qual-3.49.0.jar:/home/runner/.m2/repository/io/confluent/logredactor/1.0.13/logredactor-1.0.13.jar:/home/runner/.m2/repository/com/google/re2j/re2j/1.6/re2j-1.6.jar:/home/runner/.m2/repository/io/confluent/logredactor-metrics/1.0.13/logredactor-metrics-1.0.13.jar:/home/runner/.m2/repository/com/eclipsesource/minimal-json/minimal-json/0.9.5/minimal-json-0.9.5.jar:/home/runner/.m2/repository/io/confluent/common-utils/8.0.0/common-utils-8.0.0.jar:/home/runner/.m2/repository/io/confluent/kafka-connect-avro-converter/8.0.0/kafka-connect-avro-converter-8.0.0.jar:/home/runner/.m2/repository/io/confluent/kafka-connect-avro-data/8.0.0/kafka-connect-avro-data-8.0.0.jar:/home/runner/.m2/repository/io/confluent/kafka-schema-converter/8.0.0/kafka-schema-converter-8.0.0.jar:/home/runner/.m2/repository/io/rest-assured/rest-assured/5.5.1/rest-assured-5.5.1.jar:/home/runner/.m2/repository/org/apache/groovy/groovy/4.0.22/groovy-4.0.22.jar:/home/runner/.m2/repository/org/apache/groovy/groovy-xml/4.0.22/groovy-xml-4.0.22.jar:/home/runner/.m2/repository/org/apache/httpcomponents/httpclient/4.5.14/httpclient-4.5.14.jar:/home/runner/.m2/repository/org/apache/httpcomponents/httpcore/4.4.16/httpcore-4.4.16.jar:/home/runner/.m2/repository/org/apache/httpcomponents/httpmime/4.5.14/httpmime-4.5.14.jar:/home/runner/.m2/repository/org/hamcrest/hamcrest/2.2/hamcrest-2.2.jar:/home/runner/.m2/repository/org/ccil/cowan/tagsoup/tagsoup/1.2.1/tagsoup-1.2.1.jar:/home/runner/.m2/repository/io/rest-assured/json-path/5.5.1/json-path-5.5.1.jar:/home/runner/.m2/repository/org/apache/groovy/groovy-json/4.0.22/groovy-json-4.0.22.jar:/home/runner/.m2/repository/io/rest-assured/rest-assured-common/5.5.1/rest-assured-common-5.5.1.jar:/home/runner/.m2/repository/io/rest-assured/xml-path/5.5.1/xml-path-5.5.1.jar:/home/runner/.m2/repository/io/zonky/test/embedded-postgres/2.1.0/embedded-postgres-2.1.0.jar:/home/runner/.m2/repository/io/zonky/test/postgres/embedded-postgres-binaries-windows-amd64/14.15.0/embedded-postgres-binaries-windows-amd64-14.15.0.jar:/home/runner/.m2/repository/io/zonky/test/postgres/embedded-postgres-binaries-darwin-amd64/14.15.0/embedded-postgres-binaries-darwin-amd64-14.15.0.jar:/home/runner/.m2/repository/io/zonky/test/postgres/embedded-postgres-binaries-linux-amd64/14.15.0/embedded-postgres-binaries-linux-amd64-14.15.0.jar:/home/runner/.m2/repository/io/zonky/test/postgres/embedded-postgres-binaries-linux-amd64-alpine/14.15.0/embedded-postgres-binaries-linux-amd64-alpine-14.15.0.jar:/home/runner/.m2/repository/org/apache/commons/commons-lang3/3.17.0/commons-lang3-3.17.0.jar:/home/runner/.m2/repository/org/tukaani/xz/1.10/xz-1.10.jar:/home/runner/.m2/repository/commons-codec/commons-codec/1.19.0/commons-codec-1.19.0.jar:/home/runner/.m2/repository/org/postgresql/postgresql/42.7.7/postgresql-42.7.7.jar:/home/runner/.m2/repository/commons-io/commons-io/2.18.0/commons-io-2.18.0.jar:/home/runner/work/apicurio-testing/apicurio-testing/clusters/ci419/namespaces/mysql/tests/integration/apicurio-registry/utils/importexport/target/apicurio-registry-utils-import-export-3.0.12-SNAPSHOT.jar:/home/runner/.m2/repository/io/vertx/vertx-core/4.5.16/vertx-core-4.5.16.jar:/home/runner/.m2/repository/io/netty/netty-common/4.1.121.Final/netty-common-4.1.121.Final.jar:/home/runner/.m2/repository/io/netty/netty-buffer/4.1.121.Final/netty-buffer-4.1.121.Final.jar:/home/runner/.m2/repository/io/netty/netty-transport/4.1.121.Final/netty-transport-4.1.121.Final.jar:/home/runner/.m2/repository/io/netty/netty-handler/4.1.121.Final/netty-handler-4.1.121.Final.jar:/home/runner/.m2/repository/io/netty/netty-transport-native-unix-common/4.1.121.Final/netty-transport-native-unix-common-4.1.121.Final.jar:/home/runner/.m2/repository/io/netty/netty-codec/4.1.121.Final/netty-codec-4.1.121.Final.jar:/home/runner/.m2/repository/io/netty/netty-handler-proxy/4.1.121.Final/netty-handler-proxy-4.1.121.Final.jar:/home/runner/.m2/repository/io/netty/netty-codec-socks/4.1.121.Final/netty-codec-socks-4.1.121.Final.jar:/home/runner/.m2/repository/io/netty/netty-codec-http/4.1.121.Final/netty-codec-http-4.1.121.Final.jar:/home/runner/.m2/repository/io/netty/netty-codec-http2/4.1.121.Final/netty-codec-http2-4.1.121.Final.jar:/home/runner/.m2/repository/io/netty/netty-resolver/4.1.121.Final/netty-resolver-4.1.121.Final.jar:/home/runner/.m2/repository/io/netty/netty-resolver-dns/4.1.121.Final/netty-resolver-dns-4.1.121.Final.jar:/home/runner/.m2/repository/io/netty/netty-codec-dns/4.1.121.Final/netty-codec-dns-4.1.121.Final.jar:/home/runner/.m2/repository/com/fasterxml/jackson/core/jackson-core/2.18.2/jackson-core-2.18.2.jar:"/>
    <property name="java.vm.vendor" value="Eclipse Adoptium"/>
    <property name="maven.javadoc.skip" value="true"/>
    <property name="sun.arch.data.model" value="64"/>
    <property name="java.vendor.url" value="https://adoptium.net/"/>
    <property name="user.timezone" value="Etc/UTC"/>
    <property name="os.name" value="Linux"/>
    <property name="java.vm.specification.version" value="17"/>
    <property name="sun.java.launcher" value="SUN_STANDARD"/>
    <property name="quarkus.http.test-port" value="80"/>
    <property name="sun.boot.library.path" value="/usr/lib/jvm/temurin-17-jdk-amd64/lib"/>
    <property name="sun.java.command" value="/home/runner/work/apicurio-testing/apicurio-testing/clusters/ci419/namespaces/mysql/tests/integration/apicurio-registry/integration-tests/target/surefire/surefirebooter-20250806185307154_3.jar /home/runner/work/apicurio-testing/apicurio-testing/clusters/ci419/namespaces/mysql/tests/integration/apicurio-registry/integration-tests/target/surefire 2025-08-06T18-53-07_096-jvmRun1 surefire-20250806185307154_1tmp surefire_0-20250806185307154_2tmp"/>
    <property name="maven.home" value="/home/runner/.m2/wrapper/dists/apache-maven-3.9.8-bin/4fnp1ql35bgk2a0p7m31ovbgb0/apache-maven-3.9.8"/>
    <property name="jdk.debug" value="release"/>
    <property name="surefire.test.class.path" value="/home/runner/work/apicurio-testing/apicurio-testing/clusters/ci419/namespaces/mysql/tests/integration/apicurio-registry/integration-tests/target/test-classes:/home/runner/work/apicurio-testing/apicurio-testing/clusters/ci419/namespaces/mysql/tests/integration/apicurio-registry/integration-tests/target/apicurio-registry-integration-tests-3.0.12-SNAPSHOT.jar:/home/runner/.m2/repository/io/quarkus/quarkus-junit5/3.20.2/quarkus-junit5-3.20.2.jar:/home/runner/.m2/repository/io/quarkus/quarkus-bootstrap-core/3.20.2/quarkus-bootstrap-core-3.20.2.jar:/home/runner/.m2/repository/io/quarkus/quarkus-classloader-commons/3.20.2/quarkus-classloader-commons-3.20.2.jar:/home/runner/.m2/repository/io/quarkus/quarkus-bootstrap-app-model/3.20.2/quarkus-bootstrap-app-model-3.20.2.jar:/home/runner/.m2/repository/io/smallrye/common/smallrye-common-io/2.12.0/smallrye-common-io-2.12.0.jar:/home/runner/.m2/repository/org/eclipse/sisu/org.eclipse.sisu.inject/0.9.0.M3/org.eclipse.sisu.inject-0.9.0.M3.jar:/home/runner/.m2/repository/io/quarkus/quarkus-test-common/3.20.2/quarkus-test-common-3.20.2.jar:/home/runner/.m2/repository/io/quarkus/quarkus-core-deployment/3.20.2/quarkus-core-deployment-3.20.2.jar:/home/runner/.m2/repository/org/aesh/readline/2.6/readline-2.6.jar:/home/runner/.m2/repository/org/fusesource/jansi/jansi/2.4.0/jansi-2.4.0.jar:/home/runner/.m2/repository/org/aesh/aesh/2.8.2/aesh-2.8.2.jar:/home/runner/.m2/repository/io/quarkus/gizmo/gizmo/1.8.0/gizmo-1.8.0.jar:/home/runner/.m2/repository/org/ow2/asm/asm-util/9.7.1/asm-util-9.7.1.jar:/home/runner/.m2/repository/org/ow2/asm/asm-analysis/9.7.1/asm-analysis-9.7.1.jar:/home/runner/.m2/repository/org/ow2/asm/asm-commons/9.7.1/asm-commons-9.7.1.jar:/home/runner/.m2/repository/org/ow2/asm/asm-tree/9.7.1/asm-tree-9.7.1.jar:/home/runner/.m2/repository/io/quarkus/quarkus-hibernate-validator-spi/3.20.2/quarkus-hibernate-validator-spi-3.20.2.jar:/home/runner/.m2/repository/io/quarkus/quarkus-class-change-agent/3.20.2/quarkus-class-change-agent-3.20.2.jar:/home/runner/.m2/repository/io/quarkus/quarkus-devtools-utilities/3.20.2/quarkus-devtools-utilities-3.20.2.jar:/home/runner/.m2/repository/io/quarkus/quarkus-builder/3.20.2/quarkus-builder-3.20.2.jar:/home/runner/.m2/repository/org/graalvm/sdk/nativeimage/23.1.2/nativeimage-23.1.2.jar:/home/runner/.m2/repository/org/graalvm/sdk/word/23.1.2/word-23.1.2.jar:/home/runner/.m2/repository/io/quarkus/quarkus-bootstrap-maven-resolver/3.20.2/quarkus-bootstrap-maven-resolver-3.20.2.jar:/home/runner/.m2/repository/io/smallrye/beanbag/smallrye-beanbag-maven/1.5.2/smallrye-beanbag-maven-1.5.2.jar:/home/runner/.m2/repository/io/smallrye/beanbag/smallrye-beanbag-sisu/1.5.2/smallrye-beanbag-sisu-1.5.2.jar:/home/runner/.m2/repository/io/smallrye/beanbag/smallrye-beanbag/1.5.2/smallrye-beanbag-1.5.2.jar:/home/runner/.m2/repository/javax/inject/javax.inject/1/javax.inject-1.jar:/home/runner/.m2/repository/org/apache/maven/maven-artifact/3.9.9/maven-artifact-3.9.9.jar:/home/runner/.m2/repository/org/apache/maven/maven-builder-support/3.9.9/maven-builder-support-3.9.9.jar:/home/runner/.m2/repository/org/apache/maven/maven-model/3.9.9/maven-model-3.9.9.jar:/home/runner/.m2/repository/org/apache/maven/maven-model-builder/3.9.9/maven-model-builder-3.9.9.jar:/home/runner/.m2/repository/org/apache/maven/maven-repository-metadata/3.9.9/maven-repository-metadata-3.9.9.jar:/home/runner/.m2/repository/org/apache/maven/maven-settings/3.9.9/maven-settings-3.9.9.jar:/home/runner/.m2/repository/org/apache/maven/resolver/maven-resolver-api/1.9.22/maven-resolver-api-1.9.22.jar:/home/runner/.m2/repository/org/apache/maven/resolver/maven-resolver-impl/1.9.22/maven-resolver-impl-1.9.22.jar:/home/runner/.m2/repository/org/apache/maven/resolver/maven-resolver-named-locks/1.9.22/maven-resolver-named-locks-1.9.22.jar:/home/runner/.m2/repository/org/apache/maven/resolver/maven-resolver-spi/1.9.22/maven-resolver-spi-1.9.22.jar:/home/runner/.m2/repository/org/apache/maven/resolver/maven-resolver-util/1.9.22/maven-resolver-util-1.9.22.jar:/home/runner/.m2/repository/org/apache/maven/resolver/maven-resolver-transport-http/1.9.20/maven-resolver-transport-http-1.9.20.jar:/home/runner/.m2/repository/org/apache/maven/wagon/wagon-provider-api/3.5.3/wagon-provider-api-3.5.3.jar:/home/runner/.m2/repository/org/apache/maven/wagon/wagon-http-shared/3.5.3/wagon-http-shared-3.5.3.jar:/home/runner/.m2/repository/org/codehaus/plexus/plexus-interpolation/1.26/plexus-interpolation-1.26.jar:/home/runner/.m2/repository/org/codehaus/plexus/plexus-utils/3.5.1/plexus-utils-3.5.1.jar:/home/runner/.m2/repository/org/codehaus/plexus/plexus-xml/4.0.1/plexus-xml-4.0.1.jar:/home/runner/.m2/repository/org/apache/maven/maven-xml-impl/4.0.0-alpha-5/maven-xml-impl-4.0.0-alpha-5.jar:/home/runner/.m2/repository/org/apache/maven/maven-api-xml/4.0.0-alpha-5/maven-api-xml-4.0.0-alpha-5.jar:/home/runner/.m2/repository/org/apache/maven/maven-api-meta/4.0.0-alpha-5/maven-api-meta-4.0.0-alpha-5.jar:/home/runner/.m2/repository/org/codehaus/plexus/plexus-cipher/2.0/plexus-cipher-2.0.jar:/home/runner/.m2/repository/org/codehaus/plexus/plexus-sec-dispatcher/2.0/plexus-sec-dispatcher-2.0.jar:/home/runner/.m2/repository/org/apache/maven/maven-embedder/3.9.9/maven-embedder-3.9.9.jar:/home/runner/.m2/repository/org/apache/maven/maven-core/3.9.9/maven-core-3.9.9.jar:/home/runner/.m2/repository/org/codehaus/plexus/plexus-component-annotations/2.1.0/plexus-component-annotations-2.1.0.jar:/home/runner/.m2/repository/org/apache/maven/maven-plugin-api/3.9.9/maven-plugin-api-3.9.9.jar:/home/runner/.m2/repository/org/apache/maven/shared/maven-shared-utils/3.4.2/maven-shared-utils-3.4.2.jar:/home/runner/.m2/repository/com/google/inject/guice/5.1.0/guice-5.1.0.jar:/home/runner/.m2/repository/aopalliance/aopalliance/1.0/aopalliance-1.0.jar:/home/runner/.m2/repository/org/codehaus/plexus/plexus-classworlds/2.6.0/plexus-classworlds-2.6.0.jar:/home/runner/.m2/repository/commons-cli/commons-cli/1.8.0/commons-cli-1.8.0.jar:/home/runner/.m2/repository/org/eclipse/sisu/org.eclipse.sisu.plexus/0.9.0.M3/org.eclipse.sisu.plexus-0.9.0.M3.jar:/home/runner/.m2/repository/org/apache/maven/maven-settings-builder/3.9.9/maven-settings-builder-3.9.9.jar:/home/runner/.m2/repository/org/apache/maven/maven-resolver-provider/3.9.9/maven-resolver-provider-3.9.9.jar:/home/runner/.m2/repository/org/apache/maven/resolver/maven-resolver-connector-basic/1.9.22/maven-resolver-connector-basic-1.9.22.jar:/home/runner/.m2/repository/org/apache/maven/resolver/maven-resolver-transport-wagon/1.9.22/maven-resolver-transport-wagon-1.9.22.jar:/home/runner/.m2/repository/org/apache/maven/wagon/wagon-http/3.5.3/wagon-http-3.5.3.jar:/home/runner/.m2/repository/org/apache/maven/wagon/wagon-file/3.5.3/wagon-file-3.5.3.jar:/home/runner/.m2/repository/io/quarkus/quarkus-bootstrap-gradle-resolver/3.20.2/quarkus-bootstrap-gradle-resolver-3.20.2.jar:/home/runner/.m2/repository/io/smallrye/jandex/3.3.0/jandex-3.3.0.jar:/home/runner/.m2/repository/org/jboss/logging/commons-logging-jboss-logging/1.0.0.Final/commons-logging-jboss-logging-1.0.0.Final.jar:/home/runner/.m2/repository/io/quarkus/quarkus-junit5-config/3.20.2/quarkus-junit5-config-3.20.2.jar:/home/runner/.m2/repository/org/junit/jupiter/junit-jupiter-api/5.12.1/junit-jupiter-api-5.12.1.jar:/home/runner/.m2/repository/io/smallrye/config/smallrye-config/3.11.4/smallrye-config-3.11.4.jar:/home/runner/.m2/repository/io/smallrye/config/smallrye-config-core/3.11.4/smallrye-config-core-3.11.4.jar:/home/runner/.m2/repository/io/smallrye/common/smallrye-common-classloader/2.12.0/smallrye-common-classloader-2.12.0.jar:/home/runner/.m2/repository/io/smallrye/config/smallrye-config-common/3.11.4/smallrye-config-common-3.11.4.jar:/home/runner/.m2/repository/org/junit/jupiter/junit-jupiter/5.12.1/junit-jupiter-5.12.1.jar:/home/runner/.m2/repository/org/junit/jupiter/junit-jupiter-params/5.12.1/junit-jupiter-params-5.12.1.jar:/home/runner/.m2/repository/org/junit/jupiter/junit-jupiter-engine/5.12.1/junit-jupiter-engine-5.12.1.jar:/home/runner/.m2/repository/io/quarkus/quarkus-core/3.20.2/quarkus-core-3.20.2.jar:/home/runner/.m2/repository/jakarta/enterprise/jakarta.enterprise.cdi-api/4.1.0/jakarta.enterprise.cdi-api-4.1.0.jar:/home/runner/.m2/repository/jakarta/enterprise/jakarta.enterprise.lang-model/4.1.0/jakarta.enterprise.lang-model-4.1.0.jar:/home/runner/.m2/repository/jakarta/el/jakarta.el-api/5.0.1/jakarta.el-api-5.0.1.jar:/home/runner/.m2/repository/jakarta/interceptor/jakarta.interceptor-api/2.2.0/jakarta.interceptor-api-2.2.0.jar:/home/runner/.m2/repository/jakarta/inject/jakarta.inject-api/2.0.1/jakarta.inject-api-2.0.1.jar:/home/runner/.m2/repository/io/smallrye/common/smallrye-common-os/2.12.0/smallrye-common-os-2.12.0.jar:/home/runner/.m2/repository/io/quarkus/quarkus-ide-launcher/3.20.2/quarkus-ide-launcher-3.20.2.jar:/home/runner/.m2/repository/io/quarkus/quarkus-development-mode-spi/3.20.2/quarkus-development-mode-spi-3.20.2.jar:/home/runner/.m2/repository/org/jboss/logging/jboss-logging/3.6.1.Final/jboss-logging-3.6.1.Final.jar:/home/runner/.m2/repository/org/jboss/logmanager/jboss-logmanager/3.1.2.Final/jboss-logmanager-3.1.2.Final.jar:/home/runner/.m2/repository/io/smallrye/common/smallrye-common-constraint/2.12.0/smallrye-common-constraint-2.12.0.jar:/home/runner/.m2/repository/io/smallrye/common/smallrye-common-cpu/2.12.0/smallrye-common-cpu-2.12.0.jar:/home/runner/.m2/repository/io/smallrye/common/smallrye-common-expression/2.12.0/smallrye-common-expression-2.12.0.jar:/home/runner/.m2/repository/io/smallrye/common/smallrye-common-net/2.12.0/smallrye-common-net-2.12.0.jar:/home/runner/.m2/repository/io/smallrye/common/smallrye-common-ref/2.12.0/smallrye-common-ref-2.12.0.jar:/home/runner/.m2/repository/jakarta/json/jakarta.json-api/2.1.3/jakarta.json-api-2.1.3.jar:/home/runner/.m2/repository/org/eclipse/parsson/parsson/1.1.7/parsson-1.1.7.jar:/home/runner/.m2/repository/org/jboss/logging/jboss-logging-annotations/3.0.4.Final/jboss-logging-annotations-3.0.4.Final.jar:/home/runner/.m2/repository/org/jboss/threads/jboss-threads/3.8.0.Final/jboss-threads-3.8.0.Final.jar:/home/runner/.m2/repository/io/smallrye/common/smallrye-common-annotation/2.12.0/smallrye-common-annotation-2.12.0.jar:/home/runner/.m2/repository/io/smallrye/common/smallrye-common-function/2.12.0/smallrye-common-function-2.12.0.jar:/home/runner/.m2/repository/org/jboss/slf4j/slf4j-jboss-logmanager/2.0.0.Final/slf4j-jboss-logmanager-2.0.0.Final.jar:/home/runner/.m2/repository/org/wildfly/common/wildfly-common/2.0.1/wildfly-common-2.0.1.jar:/home/runner/.m2/repository/io/quarkus/quarkus-bootstrap-runner/3.20.2/quarkus-bootstrap-runner-3.20.2.jar:/home/runner/.m2/repository/io/github/crac/org-crac/0.1.3/org-crac-0.1.3.jar:/home/runner/.m2/repository/io/quarkus/quarkus-fs-util/0.0.10/quarkus-fs-util-0.0.10.jar:/home/runner/.m2/repository/org/jboss/marshalling/jboss-marshalling/2.2.2.Final/jboss-marshalling-2.2.2.Final.jar:/home/runner/.m2/repository/io/fabric8/kubernetes-client/7.1.0/kubernetes-client-7.1.0.jar:/home/runner/.m2/repository/io/fabric8/kubernetes-client-api/7.1.0/kubernetes-client-api-7.1.0.jar:/home/runner/.m2/repository/io/fabric8/kubernetes-model-core/7.1.0/kubernetes-model-core-7.1.0.jar:/home/runner/.m2/repository/io/fabric8/kubernetes-model-common/7.1.0/kubernetes-model-common-7.1.0.jar:/home/runner/.m2/repository/javax/annotation/javax.annotation-api/1.3.2/javax.annotation-api-1.3.2.jar:/home/runner/.m2/repository/io/fabric8/kubernetes-model-gatewayapi/7.1.0/kubernetes-model-gatewayapi-7.1.0.jar:/home/runner/.m2/repository/io/fabric8/kubernetes-model-resource/7.1.0/kubernetes-model-resource-7.1.0.jar:/home/runner/.m2/repository/io/fabric8/kubernetes-model-rbac/7.1.0/kubernetes-model-rbac-7.1.0.jar:/home/runner/.m2/repository/io/fabric8/kubernetes-model-admissionregistration/7.1.0/kubernetes-model-admissionregistration-7.1.0.jar:/home/runner/.m2/repository/io/fabric8/kubernetes-model-apps/7.1.0/kubernetes-model-apps-7.1.0.jar:/home/runner/.m2/repository/io/fabric8/kubernetes-model-autoscaling/7.1.0/kubernetes-model-autoscaling-7.1.0.jar:/home/runner/.m2/repository/io/fabric8/kubernetes-model-apiextensions/7.1.0/kubernetes-model-apiextensions-7.1.0.jar:/home/runner/.m2/repository/io/fabric8/kubernetes-model-batch/7.1.0/kubernetes-model-batch-7.1.0.jar:/home/runner/.m2/repository/io/fabric8/kubernetes-model-certificates/7.1.0/kubernetes-model-certificates-7.1.0.jar:/home/runner/.m2/repository/io/fabric8/kubernetes-model-coordination/7.1.0/kubernetes-model-coordination-7.1.0.jar:/home/runner/.m2/repository/io/fabric8/kubernetes-model-discovery/7.1.0/kubernetes-model-discovery-7.1.0.jar:/home/runner/.m2/repository/io/fabric8/kubernetes-model-events/7.1.0/kubernetes-model-events-7.1.0.jar:/home/runner/.m2/repository/io/fabric8/kubernetes-model-extensions/7.1.0/kubernetes-model-extensions-7.1.0.jar:/home/runner/.m2/repository/io/fabric8/kubernetes-model-flowcontrol/7.1.0/kubernetes-model-flowcontrol-7.1.0.jar:/home/runner/.m2/repository/io/fabric8/kubernetes-model-networking/7.1.0/kubernetes-model-networking-7.1.0.jar:/home/runner/.m2/repository/io/fabric8/kubernetes-model-metrics/7.1.0/kubernetes-model-metrics-7.1.0.jar:/home/runner/.m2/repository/io/fabric8/kubernetes-model-policy/7.1.0/kubernetes-model-policy-7.1.0.jar:/home/runner/.m2/repository/io/fabric8/kubernetes-model-scheduling/7.1.0/kubernetes-model-scheduling-7.1.0.jar:/home/runner/.m2/repository/io/fabric8/kubernetes-model-storageclass/7.1.0/kubernetes-model-storageclass-7.1.0.jar:/home/runner/.m2/repository/io/fabric8/kubernetes-model-node/7.1.0/kubernetes-model-node-7.1.0.jar:/home/runner/.m2/repository/org/snakeyaml/snakeyaml-engine/2.9/snakeyaml-engine-2.9.jar:/home/runner/.m2/repository/com/fasterxml/jackson/dataformat/jackson-dataformat-yaml/2.18.2/jackson-dataformat-yaml-2.18.2.jar:/home/runner/.m2/repository/com/fasterxml/jackson/datatype/jackson-datatype-jsr310/2.18.2/jackson-datatype-jsr310-2.18.2.jar:/home/runner/.m2/repository/io/fabric8/zjsonpatch/7.1.0/zjsonpatch-7.1.0.jar:/home/runner/.m2/repository/io/fabric8/kubernetes-httpclient-vertx/7.1.0/kubernetes-httpclient-vertx-7.1.0.jar:/home/runner/.m2/repository/io/vertx/vertx-web-client/4.5.16/vertx-web-client-4.5.16.jar:/home/runner/.m2/repository/io/vertx/vertx-web-common/4.5.16/vertx-web-common-4.5.16.jar:/home/runner/.m2/repository/io/vertx/vertx-auth-common/4.5.16/vertx-auth-common-4.5.16.jar:/home/runner/.m2/repository/io/vertx/vertx-uri-template/4.5.16/vertx-uri-template-4.5.16.jar:/home/runner/.m2/repository/io/fabric8/openshift-client/7.1.0/openshift-client-7.1.0.jar:/home/runner/.m2/repository/io/fabric8/openshift-client-api/7.1.0/openshift-client-api-7.1.0.jar:/home/runner/.m2/repository/io/fabric8/openshift-model/7.1.0/openshift-model-7.1.0.jar:/home/runner/.m2/repository/io/fabric8/openshift-model-autoscaling/7.1.0/openshift-model-autoscaling-7.1.0.jar:/home/runner/.m2/repository/io/fabric8/openshift-model-operator/7.1.0/openshift-model-operator-7.1.0.jar:/home/runner/.m2/repository/io/fabric8/openshift-model-operatorhub/7.1.0/openshift-model-operatorhub-7.1.0.jar:/home/runner/.m2/repository/io/fabric8/openshift-model-machine/7.1.0/openshift-model-machine-7.1.0.jar:/home/runner/.m2/repository/io/fabric8/openshift-model-whereabouts/7.1.0/openshift-model-whereabouts-7.1.0.jar:/home/runner/.m2/repository/io/fabric8/openshift-model-monitoring/7.1.0/openshift-model-monitoring-7.1.0.jar:/home/runner/.m2/repository/io/fabric8/openshift-model-storageversionmigrator/7.1.0/openshift-model-storageversionmigrator-7.1.0.jar:/home/runner/.m2/repository/io/fabric8/openshift-model-tuned/7.1.0/openshift-model-tuned-7.1.0.jar:/home/runner/.m2/repository/io/fabric8/openshift-model-console/7.1.0/openshift-model-console-7.1.0.jar:/home/runner/.m2/repository/io/fabric8/openshift-model-config/7.1.0/openshift-model-config-7.1.0.jar:/home/runner/.m2/repository/io/fabric8/openshift-model-machineconfiguration/7.1.0/openshift-model-machineconfiguration-7.1.0.jar:/home/runner/.m2/repository/io/fabric8/openshift-model-miscellaneous/7.1.0/openshift-model-miscellaneous-7.1.0.jar:/home/runner/.m2/repository/io/fabric8/openshift-model-hive/7.1.0/openshift-model-hive-7.1.0.jar:/home/runner/.m2/repository/io/fabric8/openshift-model-installer/7.1.0/openshift-model-installer-7.1.0.jar:/home/runner/.m2/repository/org/junit/platform/junit-platform-launcher/1.12.1/junit-platform-launcher-1.12.1.jar:/home/runner/.m2/repository/org/junit/platform/junit-platform-engine/1.12.1/junit-platform-engine-1.12.1.jar:/home/runner/.m2/repository/org/opentest4j/opentest4j/1.3.0/opentest4j-1.3.0.jar:/home/runner/.m2/repository/org/junit/platform/junit-platform-commons/1.12.1/junit-platform-commons-1.12.1.jar:/home/runner/.m2/repository/org/apiguardian/apiguardian-api/1.1.2/apiguardian-api-1.1.2.jar:/home/runner/.m2/repository/jakarta/ws/rs/jakarta.ws.rs-api/3.1.0/jakarta.ws.rs-api-3.1.0.jar:/home/runner/work/apicurio-testing/apicurio-testing/clusters/ci419/namespaces/mysql/tests/integration/apicurio-registry/java-sdk/target/apicurio-registry-java-sdk-3.0.12-SNAPSHOT.jar:/home/runner/.m2/repository/com/microsoft/kiota/microsoft-kiota-abstractions/1.8.8/microsoft-kiota-abstractions-1.8.8.jar:/home/runner/.m2/repository/io/github/std-uritemplate/std-uritemplate/2.0.0/std-uritemplate-2.0.0.jar:/home/runner/.m2/repository/io/kiota/kiota-http-jdk/0.0.29/kiota-http-jdk-0.0.29.jar:/home/runner/.m2/repository/io/kiota/kiota-http-vertx/0.0.29/kiota-http-vertx-0.0.29.jar:/home/runner/.m2/repository/io/kiota/kiota-serialization-jackson/0.0.29/kiota-serialization-jackson-0.0.29.jar:/home/runner/.m2/repository/com/microsoft/kiota/microsoft-kiota-serialization-text/1.8.8/microsoft-kiota-serialization-text-1.8.8.jar:/home/runner/.m2/repository/com/microsoft/kiota/microsoft-kiota-serialization-form/1.8.8/microsoft-kiota-serialization-form-1.8.8.jar:/home/runner/.m2/repository/com/microsoft/kiota/microsoft-kiota-serialization-multipart/1.8.8/microsoft-kiota-serialization-multipart-1.8.8.jar:/home/runner/.m2/repository/jakarta/annotation/jakarta.annotation-api/3.0.0/jakarta.annotation-api-3.0.0.jar:/home/runner/.m2/repository/io/vertx/vertx-auth-oauth2/4.5.16/vertx-auth-oauth2-4.5.16.jar:/home/runner/work/apicurio-testing/apicurio-testing/clusters/ci419/namespaces/mysql/tests/integration/apicurio-registry/java-sdk-v2/target/apicurio-registry-v2-java-sdk-3.0.12-SNAPSHOT.jar:/home/runner/work/apicurio-testing/apicurio-testing/clusters/ci419/namespaces/mysql/tests/integration/apicurio-registry/utils/kafka/target/apicurio-registry-utils-kafka-3.0.12-SNAPSHOT-tests.jar:/home/runner/.m2/repository/org/eclipse/microprofile/config/microprofile-config-api/3.1/microprofile-config-api-3.1.jar:/home/runner/.m2/repository/org/apache/kafka/kafka-clients/3.9.1/kafka-clients-3.9.1.jar:/home/runner/.m2/repository/com/github/luben/zstd-jni/1.5.6-4/zstd-jni-1.5.6-4.jar:/home/runner/.m2/repository/org/lz4/lz4-java/1.8.0/lz4-java-1.8.0.jar:/home/runner/.m2/repository/org/xerial/snappy/snappy-java/1.1.10.5/snappy-java-1.1.10.5.jar:/home/runner/.m2/repository/org/slf4j/slf4j-api/2.0.6/slf4j-api-2.0.6.jar:/home/runner/work/apicurio-testing/apicurio-testing/clusters/ci419/namespaces/mysql/tests/integration/apicurio-registry/utils/tests/target/apicurio-registry-utils-tests-3.0.12-SNAPSHOT.jar:/home/runner/work/apicurio-testing/apicurio-testing/clusters/ci419/namespaces/mysql/tests/integration/apicurio-registry/common/target/apicurio-registry-common-3.0.12-SNAPSHOT.jar:/home/runner/.m2/repository/jakarta/validation/jakarta.validation-api/3.0.2/jakarta.validation-api-3.0.2.jar:/home/runner/.m2/repository/com/github/dasniko/testcontainers-keycloak/3.8.0/testcontainers-keycloak-3.8.0.jar:/home/runner/.m2/repository/org/testcontainers/testcontainers/1.20.6/testcontainers-1.20.6.jar:/home/runner/.m2/repository/org/rnorth/duct-tape/duct-tape/1.0.8/duct-tape-1.0.8.jar:/home/runner/.m2/repository/com/github/docker-java/docker-java-transport-zerodep/3.4.1/docker-java-transport-zerodep-3.4.1.jar:/home/runner/.m2/repository/com/github/docker-java/docker-java-transport/3.4.1/docker-java-transport-3.4.1.jar:/home/runner/.m2/repository/net/java/dev/jna/jna/5.8.0/jna-5.8.0.jar:/home/runner/.m2/repository/io/quarkus/quarkus-junit4-mock/3.20.2/quarkus-junit4-mock-3.20.2.jar:/home/runner/.m2/repository/org/jboss/shrinkwrap/shrinkwrap-api/2.0.0-beta-2/shrinkwrap-api-2.0.0-beta-2.jar:/home/runner/.m2/repository/org/jboss/shrinkwrap/shrinkwrap-impl-base/2.0.0-beta-2/shrinkwrap-impl-base-2.0.0-beta-2.jar:/home/runner/.m2/repository/org/jboss/shrinkwrap/shrinkwrap-spi/2.0.0-beta-2/shrinkwrap-spi-2.0.0-beta-2.jar:/home/runner/.m2/repository/org/keycloak/keycloak-admin-client/26.0.4/keycloak-admin-client-26.0.4.jar:/home/runner/.m2/repository/org/keycloak/keycloak-client-common-synced/26.0.4/keycloak-client-common-synced-26.0.4.jar:/home/runner/.m2/repository/jakarta/activation/jakarta.activation-api/2.1.3/jakarta.activation-api-2.1.3.jar:/home/runner/.m2/repository/org/eclipse/microprofile/openapi/microprofile-openapi-api/4.0.2/microprofile-openapi-api-4.0.2.jar:/home/runner/.m2/repository/org/jboss/resteasy/resteasy-client/6.2.12.Final/resteasy-client-6.2.12.Final.jar:/home/runner/.m2/repository/org/jboss/resteasy/resteasy-client-api/6.2.12.Final/resteasy-client-api-6.2.12.Final.jar:/home/runner/.m2/repository/org/jboss/resteasy/resteasy-core-spi/6.2.12.Final/resteasy-core-spi-6.2.12.Final.jar:/home/runner/.m2/repository/org/jboss/resteasy/resteasy-core/6.2.12.Final/resteasy-core-6.2.12.Final.jar:/home/runner/.m2/repository/org/eclipse/angus/angus-activation/2.0.2/angus-activation-2.0.2.jar:/home/runner/.m2/repository/com/ibm/async/asyncutil/0.1.0/asyncutil-0.1.0.jar:/home/runner/.m2/repository/org/reactivestreams/reactive-streams/1.0.4/reactive-streams-1.0.4.jar:/home/runner/.m2/repository/org/jboss/resteasy/resteasy-multipart-provider/6.2.12.Final/resteasy-multipart-provider-6.2.12.Final.jar:/home/runner/.m2/repository/jakarta/mail/jakarta.mail-api/2.1.3/jakarta.mail-api-2.1.3.jar:/home/runner/.m2/repository/org/eclipse/angus/angus-mail/2.0.3/angus-mail-2.0.3.jar:/home/runner/.m2/repository/org/apache/james/apache-mime4j-dom/0.8.12/apache-mime4j-dom-0.8.12.jar:/home/runner/.m2/repository/org/apache/james/apache-mime4j-core/0.8.12/apache-mime4j-core-0.8.12.jar:/home/runner/.m2/repository/org/apache/james/apache-mime4j-storage/0.8.12/apache-mime4j-storage-0.8.12.jar:/home/runner/.m2/repository/org/jboss/resteasy/resteasy-jackson2-provider/6.2.12.Final/resteasy-jackson2-provider-6.2.12.Final.jar:/home/runner/.m2/repository/com/fasterxml/jackson/jakarta/rs/jackson-jakarta-rs-base/2.18.2/jackson-jakarta-rs-base-2.18.2.jar:/home/runner/.m2/repository/com/fasterxml/jackson/jakarta/rs/jackson-jakarta-rs-json-provider/2.18.2/jackson-jakarta-rs-json-provider-2.18.2.jar:/home/runner/.m2/repository/com/fasterxml/jackson/module/jackson-module-jakarta-xmlbind-annotations/2.18.2/jackson-module-jakarta-xmlbind-annotations-2.18.2.jar:/home/runner/.m2/repository/com/github/java-json-tools/json-patch/1.13/json-patch-1.13.jar:/home/runner/.m2/repository/com/github/java-json-tools/msg-simple/1.2/msg-simple-1.2.jar:/home/runner/.m2/repository/com/github/java-json-tools/btf/1.3/btf-1.3.jar:/home/runner/.m2/repository/com/github/java-json-tools/jackson-coreutils/2.0/jackson-coreutils-2.0.jar:/home/runner/.m2/repository/org/jboss/resteasy/resteasy-jaxb-provider/6.2.12.Final/resteasy-jaxb-provider-6.2.12.Final.jar:/home/runner/.m2/repository/org/glassfish/jaxb/codemodel/4.0.5/codemodel-4.0.5.jar:/home/runner/.m2/repository/org/glassfish/jaxb/jaxb-core/4.0.5/jaxb-core-4.0.5.jar:/home/runner/.m2/repository/org/glassfish/jaxb/jaxb-jxc/4.0.5/jaxb-jxc-4.0.5.jar:/home/runner/.m2/repository/org/glassfish/jaxb/jaxb-runtime/4.0.5/jaxb-runtime-4.0.5.jar:/home/runner/.m2/repository/org/glassfish/jaxb/txw2/4.0.5/txw2-4.0.5.jar:/home/runner/.m2/repository/org/glassfish/jaxb/jaxb-xjc/4.0.5/jaxb-xjc-4.0.5.jar:/home/runner/.m2/repository/org/glassfish/jaxb/xsom/4.0.5/xsom-4.0.5.jar:/home/runner/.m2/repository/com/sun/istack/istack-commons-runtime/4.1.2/istack-commons-runtime-4.1.2.jar:/home/runner/.m2/repository/com/sun/istack/istack-commons-tools/4.1.2/istack-commons-tools-4.1.2.jar:/home/runner/.m2/repository/com/sun/xml/bind/external/relaxng-datatype/4.0.5/relaxng-datatype-4.0.5.jar:/home/runner/.m2/repository/com/sun/xml/bind/external/rngom/4.0.5/rngom-4.0.5.jar:/home/runner/.m2/repository/org/testcontainers/mssqlserver/1.20.6/mssqlserver-1.20.6.jar:/home/runner/.m2/repository/org/testcontainers/jdbc/1.20.6/jdbc-1.20.6.jar:/home/runner/.m2/repository/org/testcontainers/database-commons/1.20.6/database-commons-1.20.6.jar:/home/runner/.m2/repository/org/testcontainers/mysql/1.20.6/mysql-1.20.6.jar:/home/runner/.m2/repository/io/strimzi/strimzi-test-container/0.111.0/strimzi-test-container-0.111.0.jar:/home/runner/.m2/repository/org/testcontainers/toxiproxy/1.20.6/toxiproxy-1.20.6.jar:/home/runner/.m2/repository/com/github/docker-java/docker-java-api/3.4.1/docker-java-api-3.4.1.jar:/home/runner/.m2/repository/org/apache/logging/log4j/log4j-slf4j-impl/2.19.0/log4j-slf4j-impl-2.19.0.jar:/home/runner/.m2/repository/org/apache/logging/log4j/log4j-api/2.24.3/log4j-api-2.24.3.jar:/home/runner/.m2/repository/org/apache/logging/log4j/log4j-core/2.19.0/log4j-core-2.19.0.jar:/home/runner/.m2/repository/eu/rekawek/toxiproxy/toxiproxy-java/2.1.7/toxiproxy-java-2.1.7.jar:/home/runner/.m2/repository/org/testcontainers/pulsar/1.21.3/pulsar-1.21.3.jar:/home/runner/.m2/repository/io/debezium/debezium-testing-testcontainers/2.7.4.Final/debezium-testing-testcontainers-2.7.4.Final.jar:/home/runner/.m2/repository/org/testcontainers/kafka/1.20.6/kafka-1.20.6.jar:/home/runner/.m2/repository/com/squareup/okhttp3/okhttp/4.8.1/okhttp-4.8.1.jar:/home/runner/.m2/repository/com/squareup/okio/okio/3.10.2/okio-3.10.2.jar:/home/runner/.m2/repository/com/squareup/okio/okio-jvm/3.10.2/okio-jvm-3.10.2.jar:/home/runner/.m2/repository/org/jetbrains/kotlin/kotlin-stdlib/2.0.21/kotlin-stdlib-2.0.21.jar:/home/runner/.m2/repository/org/awaitility/awaitility/4.3.0/awaitility-4.3.0.jar:/home/runner/.m2/repository/org/testcontainers/mongodb/1.20.6/mongodb-1.20.6.jar:/home/runner/.m2/repository/org/testcontainers/mariadb/1.20.6/mariadb-1.20.6.jar:/home/runner/.m2/repository/org/testcontainers/oracle-xe/1.20.6/oracle-xe-1.20.6.jar:/home/runner/.m2/repository/org/testcontainers/postgresql/1.20.6/postgresql-1.20.6.jar:/home/runner/.m2/repository/org/wiremock/wiremock/3.0.1/wiremock-3.0.1.jar:/home/runner/.m2/repository/org/eclipse/jetty/jetty-server/11.0.15/jetty-server-11.0.15.jar:/home/runner/.m2/repository/org/eclipse/jetty/toolchain/jetty-jakarta-servlet-api/5.0.2/jetty-jakarta-servlet-api-5.0.2.jar:/home/runner/.m2/repository/org/eclipse/jetty/jetty-http/11.0.15/jetty-http-11.0.15.jar:/home/runner/.m2/repository/org/eclipse/jetty/jetty-io/11.0.15/jetty-io-11.0.15.jar:/home/runner/.m2/repository/org/eclipse/jetty/jetty-servlet/11.0.15/jetty-servlet-11.0.15.jar:/home/runner/.m2/repository/org/eclipse/jetty/jetty-security/11.0.15/jetty-security-11.0.15.jar:/home/runner/.m2/repository/org/eclipse/jetty/jetty-servlets/11.0.15/jetty-servlets-11.0.15.jar:/home/runner/.m2/repository/org/eclipse/jetty/jetty-util/11.0.15/jetty-util-11.0.15.jar:/home/runner/.m2/repository/org/eclipse/jetty/jetty-webapp/11.0.15/jetty-webapp-11.0.15.jar:/home/runner/.m2/repository/org/eclipse/jetty/jetty-xml/11.0.15/jetty-xml-11.0.15.jar:/home/runner/.m2/repository/org/eclipse/jetty/jetty-proxy/11.0.15/jetty-proxy-11.0.15.jar:/home/runner/.m2/repository/org/eclipse/jetty/jetty-client/11.0.15/jetty-client-11.0.15.jar:/home/runner/.m2/repository/org/eclipse/jetty/http2/http2-server/11.0.15/http2-server-11.0.15.jar:/home/runner/.m2/repository/org/eclipse/jetty/http2/http2-common/11.0.15/http2-common-11.0.15.jar:/home/runner/.m2/repository/org/eclipse/jetty/http2/http2-hpack/11.0.15/http2-hpack-11.0.15.jar:/home/runner/.m2/repository/org/eclipse/jetty/jetty-alpn-server/11.0.15/jetty-alpn-server-11.0.15.jar:/home/runner/.m2/repository/org/eclipse/jetty/jetty-alpn-java-server/11.0.15/jetty-alpn-java-server-11.0.15.jar:/home/runner/.m2/repository/org/eclipse/jetty/jetty-alpn-java-client/11.0.15/jetty-alpn-java-client-11.0.15.jar:/home/runner/.m2/repository/org/eclipse/jetty/jetty-alpn-client/11.0.15/jetty-alpn-client-11.0.15.jar:/home/runner/.m2/repository/org/apache/httpcomponents/client5/httpclient5/5.2.1/httpclient5-5.2.1.jar:/home/runner/.m2/repository/org/apache/httpcomponents/core5/httpcore5/5.2/httpcore5-5.2.jar:/home/runner/.m2/repository/org/apache/httpcomponents/core5/httpcore5-h2/5.2/httpcore5-h2-5.2.jar:/home/runner/.m2/repository/org/xmlunit/xmlunit-core/2.9.1/xmlunit-core-2.9.1.jar:/home/runner/.m2/repository/jakarta/xml/bind/jakarta.xml.bind-api/4.0.2/jakarta.xml.bind-api-4.0.2.jar:/home/runner/.m2/repository/org/xmlunit/xmlunit-legacy/2.9.1/xmlunit-legacy-2.9.1.jar:/home/runner/.m2/repository/org/xmlunit/xmlunit-placeholders/2.9.1/xmlunit-placeholders-2.9.1.jar:/home/runner/.m2/repository/net/javacrumbs/json-unit/json-unit-core/2.38.0/json-unit-core-2.38.0.jar:/home/runner/.m2/repository/org/hamcrest/hamcrest-core/2.2/hamcrest-core-2.2.jar:/home/runner/.m2/repository/com/jayway/jsonpath/json-path/2.8.0/json-path-2.8.0.jar:/home/runner/.m2/repository/net/minidev/json-smart/2.4.10/json-smart-2.4.10.jar:/home/runner/.m2/repository/net/minidev/accessors-smart/2.4.9/accessors-smart-2.4.9.jar:/home/runner/.m2/repository/org/ow2/asm/asm/9.7.1/asm-9.7.1.jar:/home/runner/.m2/repository/net/sf/jopt-simple/jopt-simple/5.0.4/jopt-simple-5.0.4.jar:/home/runner/.m2/repository/com/github/jknack/handlebars/4.3.1/handlebars-4.3.1.jar:/home/runner/.m2/repository/com/github/jknack/handlebars-helpers/4.3.1/handlebars-helpers-4.3.1.jar:/home/runner/.m2/repository/commons-fileupload/commons-fileupload/1.5/commons-fileupload-1.5.jar:/home/runner/.m2/repository/com/networknt/json-schema-validator/1.5.8/json-schema-validator-1.5.8.jar:/home/runner/.m2/repository/com/ethlo/time/itu/1.10.3/itu-1.10.3.jar:/home/runner/.m2/repository/io/quarkus/quarkus-smallrye-jwt-build/3.20.2/quarkus-smallrye-jwt-build-3.20.2.jar:/home/runner/.m2/repository/io/smallrye/smallrye-jwt-build/4.6.2/smallrye-jwt-build-4.6.2.jar:/home/runner/.m2/repository/org/eclipse/microprofile/jwt/microprofile-jwt-auth-api/2.1/microprofile-jwt-auth-api-2.1.jar:/home/runner/.m2/repository/org/bitbucket/b_c/jose4j/0.9.6/jose4j-0.9.6.jar:/home/runner/.m2/repository/io/smallrye/smallrye-jwt-common/4.6.2/smallrye-jwt-common-4.6.2.jar:/home/runner/.m2/repository/io/quarkus/quarkus-jsonp/3.20.2/quarkus-jsonp-3.20.2.jar:/home/runner/.m2/repository/io/quarkus/quarkus-arc/3.20.2/quarkus-arc-3.20.2.jar:/home/runner/.m2/repository/io/quarkus/arc/arc/3.20.2/arc-3.20.2.jar:/home/runner/.m2/repository/jakarta/transaction/jakarta.transaction-api/2.0.1/jakarta.transaction-api-2.0.1.jar:/home/runner/.m2/repository/io/smallrye/reactive/mutiny/2.9.2/mutiny-2.9.2.jar:/home/runner/.m2/repository/org/jctools/jctools-core/4.0.5/jctools-core-4.0.5.jar:/home/runner/.m2/repository/org/eclipse/microprofile/context-propagation/microprofile-context-propagation-api/1.3/microprofile-context-propagation-api-1.3.jar:/home/runner/.m2/repository/io/apicurio/apicurio-common-rest-client-common/0.1.18.Final/apicurio-common-rest-client-common-0.1.18.Final.jar:/home/runner/work/apicurio-testing/apicurio-testing/clusters/ci419/namespaces/mysql/tests/integration/apicurio-registry/utils/maven-plugin/target/apicurio-registry-maven-plugin-3.0.12-SNAPSHOT.jar:/home/runner/.m2/repository/com/fasterxml/jackson/core/jackson-databind/2.18.2/jackson-databind-2.18.2.jar:/home/runner/.m2/repository/org/apache/avro/avro/1.12.0/avro-1.12.0.jar:/home/runner/.m2/repository/com/google/protobuf/protobuf-java/4.31.1/protobuf-java-4.31.1.jar:/home/runner/.m2/repository/com/google/protobuf/protobuf-java-util/4.31.1/protobuf-java-util-4.31.1.jar:/home/runner/.m2/repository/com/google/code/findbugs/jsr305/3.0.2/jsr305-3.0.2.jar:/home/runner/.m2/repository/com/google/code/gson/gson/2.12.1/gson-2.12.1.jar:/home/runner/.m2/repository/com/google/errorprone/error_prone_annotations/2.36.0/error_prone_annotations-2.36.0.jar:/home/runner/.m2/repository/com/google/j2objc/j2objc-annotations/2.8/j2objc-annotations-2.8.jar:/home/runner/work/apicurio-testing/apicurio-testing/clusters/ci419/namespaces/mysql/tests/integration/apicurio-registry/schema-util/util-provider/target/apicurio-registry-schema-util-provider-3.0.12-SNAPSHOT.jar:/home/runner/work/apicurio-testing/apicurio-testing/clusters/ci419/namespaces/mysql/tests/integration/apicurio-registry/schema-util/common/target/apicurio-registry-schema-util-common-3.0.12-SNAPSHOT.jar:/home/runner/.m2/repository/com/fasterxml/jackson/module/jackson-module-parameter-names/2.18.2/jackson-module-parameter-names-2.18.2.jar:/home/runner/.m2/repository/com/fasterxml/jackson/datatype/jackson-datatype-json-org/2.18.2/jackson-datatype-json-org-2.18.2.jar:/home/runner/work/apicurio-testing/apicurio-testing/clusters/ci419/namespaces/mysql/tests/integration/apicurio-registry/schema-util/json/target/apicurio-registry-schema-util-json-3.0.12-SNAPSHOT.jar:/home/runner/.m2/repository/com/github/erosb/everit-json-schema/1.14.5/everit-json-schema-1.14.5.jar:/home/runner/.m2/repository/commons-validator/commons-validator/1.9.0/commons-validator-1.9.0.jar:/home/runner/.m2/repository/commons-digester/commons-digester/2.1/commons-digester-2.1.jar:/home/runner/.m2/repository/commons-collections/commons-collections/3.2.2/commons-collections-3.2.2.jar:/home/runner/.m2/repository/com/damnhandy/handy-uri-templates/2.1.8/handy-uri-templates-2.1.8.jar:/home/runner/.m2/repository/joda-time/joda-time/2.10.2/joda-time-2.10.2.jar:/home/runner/.m2/repository/com/github/erosb/json-sKema/0.20.0/json-sKema-0.20.0.jar:/home/runner/.m2/repository/io/vertx/vertx-json-schema/4.5.16/vertx-json-schema-4.5.16.jar:/home/runner/work/apicurio-testing/apicurio-testing/clusters/ci419/namespaces/mysql/tests/integration/apicurio-registry/schema-util/protobuf/target/apicurio-registry-schema-util-protobuf-3.0.12-SNAPSHOT.jar:/home/runner/work/apicurio-testing/apicurio-testing/clusters/ci419/namespaces/mysql/tests/integration/apicurio-registry/utils/protobuf-schema-utilities/target/apicurio-registry-protobuf-schema-utilities-3.0.12-SNAPSHOT.jar:/home/runner/.m2/repository/com/google/api/grpc/proto-google-common-protos/2.52.0/proto-google-common-protos-2.52.0.jar:/home/runner/.m2/repository/com/squareup/wire/wire-schema-jvm/5.3.3/wire-schema-jvm-5.3.3.jar:/home/runner/.m2/repository/com/palantir/javapoet/javapoet/0.6.0/javapoet-0.6.0.jar:/home/runner/.m2/repository/com/squareup/kotlinpoet-jvm/2.0.0/kotlinpoet-jvm-2.0.0.jar:/home/runner/.m2/repository/org/jetbrains/kotlin/kotlin-reflect/2.0.21/kotlin-reflect-2.0.21.jar:/home/runner/.m2/repository/com/squareup/wire/wire-runtime-jvm/5.3.3/wire-runtime-jvm-5.3.3.jar:/home/runner/.m2/repository/com/ibm/icu/icu4j/76.1/icu4j-76.1.jar:/home/runner/.m2/repository/com/squareup/okio/okio-fakefilesystem/3.10.2/okio-fakefilesystem-3.10.2.jar:/home/runner/.m2/repository/com/squareup/okio/okio-fakefilesystem-jvm/3.10.2/okio-fakefilesystem-jvm-3.10.2.jar:/home/runner/.m2/repository/org/jetbrains/kotlinx/kotlinx-datetime-jvm/0.6.1/kotlinx-datetime-jvm-0.6.1.jar:/home/runner/work/apicurio-testing/apicurio-testing/clusters/ci419/namespaces/mysql/tests/integration/apicurio-registry/schema-util/asyncapi/target/apicurio-registry-schema-util-asyncapi-3.0.12-SNAPSHOT.jar:/home/runner/work/apicurio-testing/apicurio-testing/clusters/ci419/namespaces/mysql/tests/integration/apicurio-registry/schema-util/avro/target/apicurio-registry-schema-util-avro-3.0.12-SNAPSHOT.jar:/home/runner/work/apicurio-testing/apicurio-testing/clusters/ci419/namespaces/mysql/tests/integration/apicurio-registry/schema-util/graphql/target/apicurio-registry-schema-util-graphql-3.0.12-SNAPSHOT.jar:/home/runner/.m2/repository/com/graphql-java/graphql-java/22.4/graphql-java-22.4.jar:/home/runner/.m2/repository/com/graphql-java/java-dataloader/3.3.0/java-dataloader-3.3.0.jar:/home/runner/work/apicurio-testing/apicurio-testing/clusters/ci419/namespaces/mysql/tests/integration/apicurio-registry/schema-util/kconnect/target/apicurio-registry-schema-util-kconnect-3.0.12-SNAPSHOT.jar:/home/runner/work/apicurio-testing/apicurio-testing/clusters/ci419/namespaces/mysql/tests/integration/apicurio-registry/schema-util/openapi/target/apicurio-registry-schema-util-openapi-3.0.12-SNAPSHOT.jar:/home/runner/.m2/repository/io/apicurio/apicurio-data-models/2.2.2/apicurio-data-models-2.2.2.jar:/home/runner/.m2/repository/org/openapitools/openapidiff/openapi-diff-core/2.1.2/openapi-diff-core-2.1.2.jar:/home/runner/.m2/repository/io/swagger/parser/v3/swagger-parser/2.1.28/swagger-parser-2.1.28.jar:/home/runner/.m2/repository/io/swagger/parser/v3/swagger-parser-v2-converter/2.1.28/swagger-parser-v2-converter-2.1.28.jar:/home/runner/.m2/repository/io/swagger/swagger-core/1.6.16/swagger-core-1.6.16.jar:/home/runner/.m2/repository/io/swagger/swagger-models/1.6.16/swagger-models-1.6.16.jar:/home/runner/.m2/repository/io/swagger/swagger-annotations/1.6.16/swagger-annotations-1.6.16.jar:/home/runner/.m2/repository/io/swagger/swagger-parser/1.0.75/swagger-parser-1.0.75.jar:/home/runner/.m2/repository/io/swagger/swagger-parser-safe-url-resolver/1.0.75/swagger-parser-safe-url-resolver-1.0.75.jar:/home/runner/.m2/repository/io/swagger/swagger-compat-spec-parser/1.0.75/swagger-compat-spec-parser-1.0.75.jar:/home/runner/.m2/repository/com/github/java-json-tools/json-schema-validator/2.2.14/json-schema-validator-2.2.14.jar:/home/runner/.m2/repository/com/github/java-json-tools/jackson-coreutils-equivalence/1.0/jackson-coreutils-equivalence-1.0.jar:/home/runner/.m2/repository/com/github/java-json-tools/json-schema-core/1.2.14/json-schema-core-1.2.14.jar:/home/runner/.m2/repository/com/github/java-json-tools/uri-template/0.10/uri-template-0.10.jar:/home/runner/.m2/repository/com/googlecode/libphonenumber/libphonenumber/8.11.1/libphonenumber-8.11.1.jar:/home/runner/.m2/repository/com/j2html/j2html/1.6.0/j2html-1.6.0.jar:/home/runner/.m2/repository/org/apache/commons/commons-collections4/4.5.0/commons-collections4-4.5.0.jar:/home/runner/.m2/repository/org/slf4j/jcl-over-slf4j/2.0.17/jcl-over-slf4j-2.0.17.jar:/home/runner/.m2/repository/io/swagger/parser/v3/swagger-parser-v3/2.1.31/swagger-parser-v3-2.1.31.jar:/home/runner/.m2/repository/io/swagger/core/v3/swagger-models/2.2.34/swagger-models-2.2.34.jar:/home/runner/.m2/repository/io/swagger/core/v3/swagger-core/2.2.34/swagger-core-2.2.34.jar:/home/runner/.m2/repository/io/swagger/parser/v3/swagger-parser-core/2.1.31/swagger-parser-core-2.1.31.jar:/home/runner/.m2/repository/io/swagger/parser/v3/swagger-parser-safe-url-resolver/2.1.31/swagger-parser-safe-url-resolver-2.1.31.jar:/home/runner/work/apicurio-testing/apicurio-testing/clusters/ci419/namespaces/mysql/tests/integration/apicurio-registry/schema-util/wsdl/target/apicurio-registry-schema-util-wsdl-3.0.12-SNAPSHOT.jar:/home/runner/.m2/repository/wsdl4j/wsdl4j/1.6.3/wsdl4j-1.6.3.jar:/home/runner/work/apicurio-testing/apicurio-testing/clusters/ci419/namespaces/mysql/tests/integration/apicurio-registry/schema-util/xml/target/apicurio-registry-schema-util-xml-3.0.12-SNAPSHOT.jar:/home/runner/.m2/repository/org/apache/santuario/xmlsec/4.0.4/xmlsec-4.0.4.jar:/home/runner/.m2/repository/com/fasterxml/woodstox/woodstox-core/7.1.1/woodstox-core-7.1.1.jar:/home/runner/.m2/repository/org/codehaus/woodstox/stax2-api/4.2.2/stax2-api-4.2.2.jar:/home/runner/work/apicurio-testing/apicurio-testing/clusters/ci419/namespaces/mysql/tests/integration/apicurio-registry/schema-util/xsd/target/apicurio-registry-schema-util-xsd-3.0.12-SNAPSHOT.jar:/home/runner/work/apicurio-testing/apicurio-testing/clusters/ci419/namespaces/mysql/tests/integration/apicurio-registry/serdes/kafka/jsonschema-serde/target/apicurio-registry-jsonschema-serde-kafka-3.0.12-SNAPSHOT.jar:/home/runner/work/apicurio-testing/apicurio-testing/clusters/ci419/namespaces/mysql/tests/integration/apicurio-registry/serdes/kafka/serde-kafka-common/target/apicurio-registry-serde-kafka-common-3.0.12-SNAPSHOT.jar:/home/runner/work/apicurio-testing/apicurio-testing/clusters/ci419/namespaces/mysql/tests/integration/apicurio-registry/serdes/generic/serde-common/target/apicurio-registry-serde-common-3.0.12-SNAPSHOT.jar:/home/runner/work/apicurio-testing/apicurio-testing/clusters/ci419/namespaces/mysql/tests/integration/apicurio-registry/serdes/generic/serde-common-jsonschema/target/apicurio-registry-serde-common-jsonschema-3.0.12-SNAPSHOT.jar:/home/runner/.m2/repository/org/json/json/20250107/json-20250107.jar:/home/runner/work/apicurio-testing/apicurio-testing/clusters/ci419/namespaces/mysql/tests/integration/apicurio-registry/serdes/kafka/avro-serde/target/apicurio-registry-avro-serde-kafka-3.0.12-SNAPSHOT.jar:/home/runner/work/apicurio-testing/apicurio-testing/clusters/ci419/namespaces/mysql/tests/integration/apicurio-registry/serdes/generic/serde-common-avro/target/apicurio-registry-serde-common-avro-3.0.12-SNAPSHOT.jar:/home/runner/work/apicurio-testing/apicurio-testing/clusters/ci419/namespaces/mysql/tests/integration/apicurio-registry/serdes/kafka/protobuf-serde/target/apicurio-registry-protobuf-serde-kafka-3.0.12-SNAPSHOT.jar:/home/runner/work/apicurio-testing/apicurio-testing/clusters/ci419/namespaces/mysql/tests/integration/apicurio-registry/serdes/generic/serde-common-protobuf/target/apicurio-registry-serde-common-protobuf-3.0.12-SNAPSHOT.jar:/home/runner/.m2/repository/com/squareup/wire/wire-schema/5.3.3/wire-schema-5.3.3.jar:/home/runner/.m2/repository/com/squareup/wire/wire-runtime/5.3.3/wire-runtime-5.3.3.jar:/home/runner/work/apicurio-testing/apicurio-testing/clusters/ci419/namespaces/mysql/tests/integration/apicurio-registry/serdes/pulsar/avro-serde/target/apicurio-registry-avro-serde-pulsar-3.0.12-SNAPSHOT.jar:/home/runner/.m2/repository/org/apache/pulsar/pulsar-functions-api/3.3.8/pulsar-functions-api-3.3.8.jar:/home/runner/work/apicurio-testing/apicurio-testing/clusters/ci419/namespaces/mysql/tests/integration/apicurio-registry/serdes/nats/avro-serde/target/apicurio-registry-avro-serde-nats-3.0.12-SNAPSHOT.jar:/home/runner/.m2/repository/io/nats/jnats/2.21.4/jnats-2.21.4.jar:/home/runner/.m2/repository/org/bouncycastle/bcprov-lts8on/2.73.7/bcprov-lts8on-2.73.7.jar:/home/runner/.m2/repository/org/jetbrains/annotations/26.0.2/annotations-26.0.2.jar:/home/runner/work/apicurio-testing/apicurio-testing/clusters/ci419/namespaces/mysql/tests/integration/apicurio-registry/utils/converter/target/apicurio-registry-utils-converter-3.0.12-SNAPSHOT.jar:/home/runner/work/apicurio-testing/apicurio-testing/clusters/ci419/namespaces/mysql/tests/integration/apicurio-registry/schema-resolver/target/apicurio-registry-schema-resolver-3.0.12-SNAPSHOT.jar:/home/runner/.m2/repository/org/apache/kafka/connect-api/3.9.1/connect-api-3.9.1.jar:/home/runner/.m2/repository/javax/ws/rs/javax.ws.rs-api/2.1.1/javax.ws.rs-api-2.1.1.jar:/home/runner/.m2/repository/org/apache/kafka/connect-json/3.9.1/connect-json-3.9.1.jar:/home/runner/.m2/repository/com/fasterxml/jackson/datatype/jackson-datatype-jdk8/2.18.2/jackson-datatype-jdk8-2.18.2.jar:/home/runner/.m2/repository/com/fasterxml/jackson/module/jackson-module-afterburner/2.18.2/jackson-module-afterburner-2.18.2.jar:/home/runner/work/apicurio-testing/apicurio-testing/clusters/ci419/namespaces/mysql/tests/integration/apicurio-registry/utils/kafka/target/apicurio-registry-utils-kafka-3.0.12-SNAPSHOT.jar:/home/runner/.m2/repository/org/apache/pulsar/pulsar-client/3.3.8/pulsar-client-3.3.8.jar:/home/runner/.m2/repository/org/apache/pulsar/pulsar-client-api/3.3.8/pulsar-client-api-3.3.8.jar:/home/runner/.m2/repository/org/apache/pulsar/pulsar-client-admin-api/3.3.8/pulsar-client-admin-api-3.3.8.jar:/home/runner/.m2/repository/org/apache/pulsar/bouncy-castle-bc/3.3.8/bouncy-castle-bc-3.3.8-pkg.jar:/home/runner/.m2/repository/org/bouncycastle/bcpkix-jdk18on/1.81/bcpkix-jdk18on-1.81.jar:/home/runner/.m2/repository/org/bouncycastle/bcutil-jdk18on/1.81/bcutil-jdk18on-1.81.jar:/home/runner/.m2/repository/org/bouncycastle/bcprov-jdk18on/1.81/bcprov-jdk18on-1.81.jar:/home/runner/.m2/repository/io/opentelemetry/opentelemetry-api/1.44.1/opentelemetry-api-1.44.1.jar:/home/runner/.m2/repository/io/opentelemetry/opentelemetry-context/1.44.1/opentelemetry-context-1.44.1.jar:/home/runner/.m2/repository/io/opentelemetry/opentelemetry-api-incubator/1.44.1-alpha/opentelemetry-api-incubator-1.44.1-alpha.jar:/home/runner/.m2/repository/com/fasterxml/jackson/core/jackson-annotations/2.18.2/jackson-annotations-2.18.2.jar:/home/runner/.m2/repository/javax/validation/validation-api/1.1.0.Final/validation-api-1.1.0.Final.jar:/home/runner/.m2/repository/org/jspecify/jspecify/1.0.0/jspecify-1.0.0.jar:/home/runner/.m2/repository/org/apache/commons/commons-configuration2/2.12.0/commons-configuration2-2.12.0.jar:/home/runner/.m2/repository/commons-logging/commons-logging/1.3.5/commons-logging-1.3.5.jar:/home/runner/.m2/repository/org/apache/commons/commons-text/1.13.0/commons-text-1.13.0.jar:/home/runner/.m2/repository/io/confluent/kafka-avro-serializer/8.0.0/kafka-avro-serializer-8.0.0.jar:/home/runner/.m2/repository/org/apache/commons/commons-compress/1.27.1/commons-compress-1.27.1.jar:/home/runner/.m2/repository/io/confluent/kafka-schema-serializer/8.0.0/kafka-schema-serializer-8.0.0.jar:/home/runner/.m2/repository/com/fasterxml/jackson/dataformat/jackson-dataformat-csv/2.18.2/jackson-dataformat-csv-2.18.2.jar:/home/runner/.m2/repository/io/confluent/kafka-schema-registry-client/8.0.0/kafka-schema-registry-client-8.0.0.jar:/home/runner/.m2/repository/org/yaml/snakeyaml/2.3/snakeyaml-2.3.jar:/home/runner/.m2/repository/io/swagger/core/v3/swagger-annotations/2.2.29/swagger-annotations-2.2.29.jar:/home/runner/.m2/repository/com/google/guava/guava/33.4.0-jre/guava-33.4.0-jre.jar:/home/runner/.m2/repository/com/google/guava/failureaccess/1.0.1/failureaccess-1.0.1.jar:/home/runner/.m2/repository/org/checkerframework/checker-qual/3.49.0/checker-qual-3.49.0.jar:/home/runner/.m2/repository/io/confluent/logredactor/1.0.13/logredactor-1.0.13.jar:/home/runner/.m2/repository/com/google/re2j/re2j/1.6/re2j-1.6.jar:/home/runner/.m2/repository/io/confluent/logredactor-metrics/1.0.13/logredactor-metrics-1.0.13.jar:/home/runner/.m2/repository/com/eclipsesource/minimal-json/minimal-json/0.9.5/minimal-json-0.9.5.jar:/home/runner/.m2/repository/io/confluent/common-utils/8.0.0/common-utils-8.0.0.jar:/home/runner/.m2/repository/io/confluent/kafka-connect-avro-converter/8.0.0/kafka-connect-avro-converter-8.0.0.jar:/home/runner/.m2/repository/io/confluent/kafka-connect-avro-data/8.0.0/kafka-connect-avro-data-8.0.0.jar:/home/runner/.m2/repository/io/confluent/kafka-schema-converter/8.0.0/kafka-schema-converter-8.0.0.jar:/home/runner/.m2/repository/io/rest-assured/rest-assured/5.5.1/rest-assured-5.5.1.jar:/home/runner/.m2/repository/org/apache/groovy/groovy/4.0.22/groovy-4.0.22.jar:/home/runner/.m2/repository/org/apache/groovy/groovy-xml/4.0.22/groovy-xml-4.0.22.jar:/home/runner/.m2/repository/org/apache/httpcomponents/httpclient/4.5.14/httpclient-4.5.14.jar:/home/runner/.m2/repository/org/apache/httpcomponents/httpcore/4.4.16/httpcore-4.4.16.jar:/home/runner/.m2/repository/org/apache/httpcomponents/httpmime/4.5.14/httpmime-4.5.14.jar:/home/runner/.m2/repository/org/hamcrest/hamcrest/2.2/hamcrest-2.2.jar:/home/runner/.m2/repository/org/ccil/cowan/tagsoup/tagsoup/1.2.1/tagsoup-1.2.1.jar:/home/runner/.m2/repository/io/rest-assured/json-path/5.5.1/json-path-5.5.1.jar:/home/runner/.m2/repository/org/apache/groovy/groovy-json/4.0.22/groovy-json-4.0.22.jar:/home/runner/.m2/repository/io/rest-assured/rest-assured-common/5.5.1/rest-assured-common-5.5.1.jar:/home/runner/.m2/repository/io/rest-assured/xml-path/5.5.1/xml-path-5.5.1.jar:/home/runner/.m2/repository/io/zonky/test/embedded-postgres/2.1.0/embedded-postgres-2.1.0.jar:/home/runner/.m2/repository/io/zonky/test/postgres/embedded-postgres-binaries-windows-amd64/14.15.0/embedded-postgres-binaries-windows-amd64-14.15.0.jar:/home/runner/.m2/repository/io/zonky/test/postgres/embedded-postgres-binaries-darwin-amd64/14.15.0/embedded-postgres-binaries-darwin-amd64-14.15.0.jar:/home/runner/.m2/repository/io/zonky/test/postgres/embedded-postgres-binaries-linux-amd64/14.15.0/embedded-postgres-binaries-linux-amd64-14.15.0.jar:/home/runner/.m2/repository/io/zonky/test/postgres/embedded-postgres-binaries-linux-amd64-alpine/14.15.0/embedded-postgres-binaries-linux-amd64-alpine-14.15.0.jar:/home/runner/.m2/repository/org/apache/commons/commons-lang3/3.17.0/commons-lang3-3.17.0.jar:/home/runner/.m2/repository/org/tukaani/xz/1.10/xz-1.10.jar:/home/runner/.m2/repository/commons-codec/commons-codec/1.19.0/commons-codec-1.19.0.jar:/home/runner/.m2/repository/org/postgresql/postgresql/42.7.7/postgresql-42.7.7.jar:/home/runner/.m2/repository/commons-io/commons-io/2.18.0/commons-io-2.18.0.jar:/home/runner/work/apicurio-testing/apicurio-testing/clusters/ci419/namespaces/mysql/tests/integration/apicurio-registry/utils/importexport/target/apicurio-registry-utils-import-export-3.0.12-SNAPSHOT.jar:/home/runner/.m2/repository/io/vertx/vertx-core/4.5.16/vertx-core-4.5.16.jar:/home/runner/.m2/repository/io/netty/netty-common/4.1.121.Final/netty-common-4.1.121.Final.jar:/home/runner/.m2/repository/io/netty/netty-buffer/4.1.121.Final/netty-buffer-4.1.121.Final.jar:/home/runner/.m2/repository/io/netty/netty-transport/4.1.121.Final/netty-transport-4.1.121.Final.jar:/home/runner/.m2/repository/io/netty/netty-handler/4.1.121.Final/netty-handler-4.1.121.Final.jar:/home/runner/.m2/repository/io/netty/netty-transport-native-unix-common/4.1.121.Final/netty-transport-native-unix-common-4.1.121.Final.jar:/home/runner/.m2/repository/io/netty/netty-codec/4.1.121.Final/netty-codec-4.1.121.Final.jar:/home/runner/.m2/repository/io/netty/netty-handler-proxy/4.1.121.Final/netty-handler-proxy-4.1.121.Final.jar:/home/runner/.m2/repository/io/netty/netty-codec-socks/4.1.121.Final/netty-codec-socks-4.1.121.Final.jar:/home/runner/.m2/repository/io/netty/netty-codec-http/4.1.121.Final/netty-codec-http-4.1.121.Final.jar:/home/runner/.m2/repository/io/netty/netty-codec-http2/4.1.121.Final/netty-codec-http2-4.1.121.Final.jar:/home/runner/.m2/repository/io/netty/netty-resolver/4.1.121.Final/netty-resolver-4.1.121.Final.jar:/home/runner/.m2/repository/io/netty/netty-resolver-dns/4.1.121.Final/netty-resolver-dns-4.1.121.Final.jar:/home/runner/.m2/repository/io/netty/netty-codec-dns/4.1.121.Final/netty-codec-dns-4.1.121.Final.jar:/home/runner/.m2/repository/com/fasterxml/jackson/core/jackson-core/2.18.2/jackson-core-2.18.2.jar:"/>
    <property name="sun.cpu.endian" value="little"/>
    <property name="user.home" value="/home/runner"/>
    <property name="user.language" value="en"/>
    <property name="jboss.log-version" value="false"/>
    <property name="java.specification.vendor" value="Oracle Corporation"/>
    <property name="java.version.date" value="2025-07-15"/>
    <property name="java.home" value="/usr/lib/jvm/temurin-17-jdk-amd64"/>
    <property name="file.separator" value="/"/>
    <property name="basedir" value="/home/runner/work/apicurio-testing/apicurio-testing/clusters/ci419/namespaces/mysql/tests/integration/apicurio-registry/integration-tests"/>
    <property name="java.vm.compressedOopsMode" value="32-bit"/>
    <property name="line.separator" value="&#10;"/>
    <property name="java.specification.name" value="Java Platform API Specification"/>
    <property name="java.vm.specification.vendor" value="Oracle Corporation"/>
    <property name="quarkus.http.test-host" value="registry-app-mysql.apps.ci419.apicurio-testing.org"/>
    <property name="surefire.real.class.path" value="/home/runner/work/apicurio-testing/apicurio-testing/clusters/ci419/namespaces/mysql/tests/integration/apicurio-registry/integration-tests/target/surefire/surefirebooter-20250806185307154_3.jar"/>
    <property name="sun.management.compiler" value="HotSpot 64-Bit Tiered Compilers"/>
    <property name="org.eclipse.jetty.http.HttpGenerator.STRICT" value="true"/>
    <property name="java.runtime.version" value="17.0.16+8"/>
    <property name="user.name" value="runner"/>
    <property name="path.separator" value=":"/>
    <property name="os.version" value="6.8.0-1031-azure"/>
    <property name="java.runtime.name" value="OpenJDK Runtime Environment"/>
    <property name="file.encoding" value="UTF-8"/>
    <property name="jnidispatch.path" value="/home/runner/.cache/JNA/temp/jna15405902837126672261.tmp"/>
    <property name="java.vm.name" value="OpenJDK 64-Bit Server VM"/>
    <property name="jna.platform.library.path" value="/usr/lib/x86_64-linux-gnu:/lib/x86_64-linux-gnu:/usr/lib64:/lib64:/usr/lib:/lib:/lib32:/usr/local/lib:/usr/lib/x86_64-linux-gnu/libfakeroot"/>
    <property name="java.vendor.version" value="Temurin-17.0.16+8"/>
    <property name="quarkus.oidc.token-path" value="https://keycloak-mysql.apps.ci419.apicurio-testing.org/realms/registry/protocol/openid-connect/token"/>
    <property name="quarkus.http.host" value="registry-app-mysql.apps.ci419.apicurio-testing.org"/>
    <property name="localRepository" value="/home/runner/.m2/repository"/>
    <property name="javax.xml.xpath.XPathFactory:http://java.sun.com/jaxp/xpath/dom" value="com.sun.org.apache.xpath.internal.jaxp.XPathFactoryImpl"/>
    <property name="jna.loaded" value="true"/>
    <property name="java.vendor.url.bug" value="https://github.com/adoptium/adoptium-support/issues"/>
    <property name="jetty.git.hash" value="5bc5e562c8d05c5862505aebe5cf83a61bdbcb96"/>
    <property name="java.io.tmpdir" value="/tmp"/>
    <property name="quarkus.http.test-protocol" value="http"/>
    <property name="java.version" value="17.0.16"/>
    <property name="user.dir" value="/home/runner/work/apicurio-testing/apicurio-testing/clusters/ci419/namespaces/mysql/tests/integration/apicurio-registry/integration-tests"/>
    <property name="os.arch" value="amd64"/>
    <property name="groups" value="( smoke | serdes | acceptance | ui)"/>
    <property name="java.vm.specification.name" value="Java Virtual Machine Specification"/>
    <property name="native.encoding" value="UTF-8"/>
    <property name="java.util.logging.manager" value="org.jboss.logmanager.LogManager"/>
    <property name="java.library.path" value="/usr/java/packages/lib:/usr/lib64:/lib64:/lib:/usr/lib"/>
    <property name="jdk.console" value="java.base"/>
    <property name="java.vm.info" value="mixed mode, sharing"/>
    <property name="java.vendor" value="Eclipse Adoptium"/>
    <property name="java.vm.version" value="17.0.16+8"/>
    <property name="java.specification.maintenance.version" value="1"/>
    <property name="sun.io.unicode.encoding" value="UnicodeLittle"/>
    <property name="javax.xml.transform.TransformerFactory" value="com.sun.org.apache.xalan.internal.xsltc.trax.TransformerFactoryImpl"/>
    <property name="java.class.version" value="61.0"/>
  </properties>
  <testcase name="testEvolveAvroConfluent" classname="io.apicurio.tests.serdes.confluent.BasicConfluentSerDesIT" time="14.902">
    <system-out><![CDATA[**** Registry Base URL: http://registry-app-mysql.apps.ci419.apicurio-testing.org:80
**** Registry Base URL: http://registry-app-mysql.apps.ci419.apicurio-testing.org:80
2025-08-06 18:57:24,784 INFO  [io.api.tes.ser.con.BasicConfluentSerDesIT] (main) RestAssured configured with http://registry-app-mysql.apps.ci419.apicurio-testing.org:80/apis/registry/v3
**** Registry Base URL: http://registry-app-mysql.apps.ci419.apicurio-testing.org:80
2025-08-06 18:57:25,197 INFO  [io.api.tes.ser.con.BasicConfluentSerDesIT] (main) Deleting confluent schema subj_425cbc7f_a4b9_4100_8054_34df74f8f7a1-value
2025-08-06 18:57:25,360 INFO  [io.api.tes.ser.con.BasicConfluentSerDesIT] (main) Deleting confluent schema subj_b4901d46_d815_4fa8_8e88_27d683c73435-value
2025-08-06 18:57:25,444 INFO  [io.api.tes.ser.con.BasicConfluentSerDesIT] (main) Deleting confluent schema CUSTOMERS-value
2025-08-06 18:57:25,531 INFO  [io.api.tes.ser.con.BasicConfluentSerDesIT] (main) Deleting confluent schema CUSTOMERS.Value
2025-08-06 18:57:25,617 INFO  [io.api.tes.ser.con.BasicConfluentSerDesIT] (main) Deleting confluent schema CUSTOMERS-key
2025-08-06 18:57:25,703 INFO  [io.api.tes.ser.con.BasicConfluentSerDesIT] (main) Deleting confluent schema subj_ef3f1249_2c73_4c98_9f79_7a0bd22f40a6-value
2025-08-06 18:57:25,788 INFO  [io.api.tes.ser.con.BasicConfluentSerDesIT] (main) Deleting confluent schema topic-672a5eba_697b_4a0e_98f2_31b1427d5b4a-value
2025-08-06 18:57:25,873 INFO  [io.api.tes.ser.con.BasicConfluentSerDesIT] (main) Deleting confluent schema topic-b527b00d_89bf_4d35_974e_a862f7658a49-value
2025-08-06 18:57:25,959 INFO  [io.api.tes.ser.con.BasicConfluentSerDesIT] (main) Deleting confluent schema topic-532da021_cf4d_468b_a7be_a97c86d34732-value
2025-08-06 18:57:26,045 INFO  [io.api.tes.ser.con.BasicConfluentSerDesIT] (main) Deleting confluent schema topic-4553c1c1_29c0_4d16_a443_d106093ccddd-value
2025-08-06 18:57:26,130 INFO  [io.api.tes.ser.con.BasicConfluentSerDesIT] (main) Deleting confluent schema topic-cc24c055_356f_410c_bb2a_0cd644bafd92-value
2025-08-06 18:57:26,216 INFO  [io.api.tes.ser.con.BasicConfluentSerDesIT] (main) Deleting confluent schema topic-24276b77_17b8_43db_b865_e06f2c5b8a44-value
2025-08-06 18:57:26,300 INFO  [io.api.tes.ser.con.BasicConfluentSerDesIT] (main) Deleting confluent schema myrecordconfluent
2025-08-06 18:57:26,384 INFO  [io.api.tes.ser.con.BasicConfluentSerDesIT] (main) Deleting confluent schema topic-2fd893a5_3d08_4bdc_9cd3_fcdee6632dcd
2025-08-06 18:57:26,471 INFO  [io.api.tes.ser.con.BasicConfluentSerDesIT] (main) Deleting confluent schema topic-83691728_2b81_4bdf_99b8_053385cb86b1-value
2025-08-06 18:57:26,559 INFO  [io.api.tes.ser.con.BasicConfluentSerDesIT] (main) Deleting confluent schema topic-ba20abb1_be01_474e_8873_12d1ac6148e7
2025-08-06 18:57:26,644 INFO  [io.api.tes.ser.con.BasicConfluentSerDesIT] (main) Deleting confluent schema topic-0fe90710_a9ff_44a7_8b0b_daff11d14150-value
2025-08-06 18:57:26,728 INFO  [io.api.tes.ser.con.BasicConfluentSerDesIT] (main) Deleting confluent schema topic-af0728cd_e252_437f_96e4_a2712f1dd4e6
2025-08-06 18:57:26,815 INFO  [io.api.tes.ser.con.BasicConfluentSerDesIT] (main) Deleting confluent schema topic-3a23ce72_8bc7_4f80_9c86_1f18b96799a7
2025-08-06 18:57:26,902 INFO  [io.api.tes.ser.con.BasicConfluentSerDesIT] (main) Deleting confluent schema topic-fd6c7b58_ca0a_44d7_827d_4a891eb72fb1-value
2025-08-06 18:57:26,987 INFO  [io.api.tes.ser.con.BasicConfluentSerDesIT] (main) Deleting confluent schema s1329e779x22f3x4c83xbaa1xe7365ebfea2e-value
2025-08-06 18:57:27,072 INFO  [io.api.tes.ser.con.BasicConfluentSerDesIT] (main) Deleting confluent schema topic-424b05f8_0534_40a2_8107_d16cae7496a9-value
2025-08-06 18:57:27,159 INFO  [io.api.tes.ser.con.BasicConfluentSerDesIT] (main) Deleting confluent schema google/protobuf/timestamp.proto
2025-08-06 18:57:27,244 INFO  [io.api.tes.ser.con.BasicConfluentSerDesIT] (main) Deleting confluent schema topic-e84bd33a_53d0_4db7_b289_d5eb7f7554d2-value
2025-08-06 18:57:27,329 INFO  [io.api.tes.ser.con.BasicConfluentSerDesIT] (main) Deleting confluent schema s22509079x1721x4d88xaf7exd8d494fbbbc9-value
2025-08-06 18:57:27,414 INFO  [io.api.tes.ser.con.BasicConfluentSerDesIT] (main) Deleting confluent schema topic-3ec85c62_6912_4cc5_85cf_e2ce9734fef2-value
2025-08-06 18:57:27,499 INFO  [io.api.tes.ser.con.BasicConfluentSerDesIT] (main) Deleting confluent schema se3f57dacx96d3x411cx917ex3d053194b6bf-value
2025-08-06 18:57:27,584 INFO  [io.api.tes.ser.con.BasicConfluentSerDesIT] (main) Deleting confluent schema topic-1d7801ba_4238_4914_b42c_ad70ce7b3df4-value
2025-08-06 18:57:27,669 INFO  [io.api.tes.ser.con.BasicConfluentSerDesIT] (main) Deleting confluent schema topic-16ab64eb_39f6_4709_8094_16ce343a2d46-value
2025-08-06 18:57:27,754 INFO  [io.api.tes.ser.con.BasicConfluentSerDesIT] (main) Deleting confluent schema topic-1485abe7_e409_45c4_af5d_aff84816fd4a
2025-08-06 18:57:27,841 INFO  [io.api.tes.ser.con.BasicConfluentSerDesIT] (main) Deleting confluent schema topic-3e815007_4140_47b5_80af_d9f6ca17d07e
2025-08-06 18:57:27,925 INFO  [io.api.tes.ser.con.BasicConfluentSerDesIT] (main) Deleting confluent schema topic-c960236b_f8b3_409b_9e5e_f1b19bfbbb90-value
2025-08-06 18:57:28,009 INFO  [io.api.tes.ser.con.BasicConfluentSerDesIT] (main) Deleting confluent schema topic-a37bc354_fc95_4572_bf62_0401e6daed65-value
2025-08-06 18:57:28,094 INFO  [io.api.tes.ser.con.BasicConfluentSerDesIT] (main) Deleting confluent schema topic-70d44064_f566_4ade_8dea_5a98659bdacf-value
2025-08-06 18:57:28,183 INFO  [io.api.tes.uti.KafkaFacade] (main) Skipping deployment of kafka, because it's already deployed
2025-08-06 18:57:28,184 INFO  [io.api.tes.uti.TestSeparator] (main) ############################################################################
2025-08-06 18:57:28,184 INFO  [io.api.tes.uti.TestSeparator] (main) io.apicurio.tests.serdes.confluent.BasicConfluentSerDesIT.testEvolveAvroConfluent-STARTED
2025-08-06 18:57:28,185 INFO  [org.apa.kaf.cli.adm.AdminClientConfig] (main) AdminClientConfig values: 
	auto.include.jmx.reporter = true
	bootstrap.controllers = []
	bootstrap.servers = [PLAINTEXT://localhost:32769]
	client.dns.lookup = use_all_dns_ips
	client.id = 
	connections.max.idle.ms = 10000
	default.api.timeout.ms = 60000
	enable.metrics.push = true
	metadata.max.age.ms = 300000
	metadata.recovery.strategy = none
	metric.reporters = []
	metrics.num.samples = 2
	metrics.recording.level = INFO
	metrics.sample.window.ms = 30000
	receive.buffer.bytes = 65536
	reconnect.backoff.max.ms = 1000
	reconnect.backoff.ms = 50
	request.timeout.ms = 5000
	retries = 2147483647
	retry.backoff.max.ms = 1000
	retry.backoff.ms = 100
	sasl.client.callback.handler.class = null
	sasl.jaas.config = null
	sasl.kerberos.kinit.cmd = /usr/bin/kinit
	sasl.kerberos.min.time.before.relogin = 60000
	sasl.kerberos.service.name = null
	sasl.kerberos.ticket.renew.jitter = 0.05
	sasl.kerberos.ticket.renew.window.factor = 0.8
	sasl.login.callback.handler.class = null
	sasl.login.class = null
	sasl.login.connect.timeout.ms = null
	sasl.login.read.timeout.ms = null
	sasl.login.refresh.buffer.seconds = 300
	sasl.login.refresh.min.period.seconds = 60
	sasl.login.refresh.window.factor = 0.8
	sasl.login.refresh.window.jitter = 0.05
	sasl.login.retry.backoff.max.ms = 10000
	sasl.login.retry.backoff.ms = 100
	sasl.mechanism = GSSAPI
	sasl.oauthbearer.clock.skew.seconds = 30
	sasl.oauthbearer.expected.audience = null
	sasl.oauthbearer.expected.issuer = null
	sasl.oauthbearer.header.urlencode = false
	sasl.oauthbearer.jwks.endpoint.refresh.ms = 3600000
	sasl.oauthbearer.jwks.endpoint.retry.backoff.max.ms = 10000
	sasl.oauthbearer.jwks.endpoint.retry.backoff.ms = 100
	sasl.oauthbearer.jwks.endpoint.url = null
	sasl.oauthbearer.scope.claim.name = scope
	sasl.oauthbearer.sub.claim.name = sub
	sasl.oauthbearer.token.endpoint.url = null
	security.protocol = PLAINTEXT
	security.providers = null
	send.buffer.bytes = 131072
	socket.connection.setup.timeout.max.ms = 30000
	socket.connection.setup.timeout.ms = 10000
	ssl.cipher.suites = null
	ssl.enabled.protocols = [TLSv1.2, TLSv1.3]
	ssl.endpoint.identification.algorithm = https
	ssl.engine.factory.class = null
	ssl.key.password = null
	ssl.keymanager.algorithm = SunX509
	ssl.keystore.certificate.chain = null
	ssl.keystore.key = null
	ssl.keystore.location = null
	ssl.keystore.password = null
	ssl.keystore.type = JKS
	ssl.protocol = TLSv1.3
	ssl.provider = null
	ssl.secure.random.implementation = null
	ssl.trustmanager.algorithm = PKIX
	ssl.truststore.certificates = null
	ssl.truststore.location = null
	ssl.truststore.password = null
	ssl.truststore.type = JKS

2025-08-06 18:57:28,186 INFO  [org.apa.kaf.com.uti.AppInfoParser] (main) Kafka version: 3.9.1
2025-08-06 18:57:28,186 INFO  [org.apa.kaf.com.uti.AppInfoParser] (main) Kafka commitId: f745dfdcee2b9851
2025-08-06 18:57:28,186 INFO  [org.apa.kaf.com.uti.AppInfoParser] (main) Kafka startTimeMs: 1754506648186
2025-08-06 18:57:28,489 INFO  [io.api.tes.ser.con.BasicConfluentSerDesIT] (main) Checking that created schema is equal to the get schema
2025-08-06 18:57:28,588 INFO  [io.api.tes.ser.con.BasicConfluentSerDesIT] (main) Created schema with id:108 and name:s1fc4f61cxe41fx478bx8444x3d6345d141d1
**** Registry Base URL: http://registry-app-mysql.apps.ci419.apicurio-testing.org:80
2025-08-06 18:57:28,596 INFO  [org.apa.kaf.cli.pro.ProducerConfig] (main) ProducerConfig values: 
	acks = -1
	auto.include.jmx.reporter = true
	batch.size = 16384
	bootstrap.servers = [PLAINTEXT://localhost:32769]
	buffer.memory = 33554432
	client.dns.lookup = use_all_dns_ips
	client.id = Producer-topic-0d5fef94_416b_4f42_ad4b_476c09589f84
	compression.gzip.level = -1
	compression.lz4.level = 9
	compression.type = none
	compression.zstd.level = 3
	connections.max.idle.ms = 10000
	delivery.timeout.ms = 120000
	enable.idempotence = true
	enable.metrics.push = true
	interceptor.classes = []
	key.serializer = class org.apache.kafka.common.serialization.StringSerializer
	linger.ms = 0
	max.block.ms = 60000
	max.in.flight.requests.per.connection = 5
	max.request.size = 1048576
	metadata.max.age.ms = 300000
	metadata.max.idle.ms = 300000
	metadata.recovery.strategy = none
	metric.reporters = []
	metrics.num.samples = 2
	metrics.recording.level = INFO
	metrics.sample.window.ms = 30000
	partitioner.adaptive.partitioning.enable = true
	partitioner.availability.timeout.ms = 0
	partitioner.class = null
	partitioner.ignore.keys = false
	receive.buffer.bytes = 32768
	reconnect.backoff.max.ms = 1000
	reconnect.backoff.ms = 50
	request.timeout.ms = 5000
	retries = 2147483647
	retry.backoff.max.ms = 1000
	retry.backoff.ms = 100
	sasl.client.callback.handler.class = null
	sasl.jaas.config = null
	sasl.kerberos.kinit.cmd = /usr/bin/kinit
	sasl.kerberos.min.time.before.relogin = 60000
	sasl.kerberos.service.name = null
	sasl.kerberos.ticket.renew.jitter = 0.05
	sasl.kerberos.ticket.renew.window.factor = 0.8
	sasl.login.callback.handler.class = null
	sasl.login.class = null
	sasl.login.connect.timeout.ms = null
	sasl.login.read.timeout.ms = null
	sasl.login.refresh.buffer.seconds = 300
	sasl.login.refresh.min.period.seconds = 60
	sasl.login.refresh.window.factor = 0.8
	sasl.login.refresh.window.jitter = 0.05
	sasl.login.retry.backoff.max.ms = 10000
	sasl.login.retry.backoff.ms = 100
	sasl.mechanism = GSSAPI
	sasl.oauthbearer.clock.skew.seconds = 30
	sasl.oauthbearer.expected.audience = null
	sasl.oauthbearer.expected.issuer = null
	sasl.oauthbearer.header.urlencode = false
	sasl.oauthbearer.jwks.endpoint.refresh.ms = 3600000
	sasl.oauthbearer.jwks.endpoint.retry.backoff.max.ms = 10000
	sasl.oauthbearer.jwks.endpoint.retry.backoff.ms = 100
	sasl.oauthbearer.jwks.endpoint.url = null
	sasl.oauthbearer.scope.claim.name = scope
	sasl.oauthbearer.sub.claim.name = sub
	sasl.oauthbearer.token.endpoint.url = null
	security.protocol = PLAINTEXT
	security.providers = null
	send.buffer.bytes = 131072
	socket.connection.setup.timeout.max.ms = 30000
	socket.connection.setup.timeout.ms = 10000
	ssl.cipher.suites = null
	ssl.enabled.protocols = [TLSv1.2, TLSv1.3]
	ssl.endpoint.identification.algorithm = https
	ssl.engine.factory.class = null
	ssl.key.password = null
	ssl.keymanager.algorithm = SunX509
	ssl.keystore.certificate.chain = null
	ssl.keystore.key = null
	ssl.keystore.location = null
	ssl.keystore.password = null
	ssl.keystore.type = JKS
	ssl.protocol = TLSv1.3
	ssl.provider = null
	ssl.secure.random.implementation = null
	ssl.trustmanager.algorithm = PKIX
	ssl.truststore.certificates = null
	ssl.truststore.location = null
	ssl.truststore.password = null
	ssl.truststore.type = JKS
	transaction.timeout.ms = 60000
	transactional.id = null
	value.serializer = class io.confluent.kafka.serializers.KafkaAvroSerializer

2025-08-06 18:57:28,596 INFO  [org.apa.kaf.com.tel.int.KafkaMetricsCollector] (main) initializing Kafka metrics collector
2025-08-06 18:57:28,598 INFO  [io.con.kaf.ser.KafkaAvroSerializerConfig] (main) KafkaAvroSerializerConfig values: 
	auto.register.schemas = false
	avro.reflection.allow.null = false
	avro.remove.java.properties = false
	avro.use.logical.type.converters = false
	basic.auth.credentials.source = URL
	basic.auth.user.info = [hidden]
	bearer.auth.cache.expiry.buffer.seconds = 300
	bearer.auth.client.id = null
	bearer.auth.client.secret = null
	bearer.auth.credentials.source = STATIC_TOKEN
	bearer.auth.custom.provider.class = null
	bearer.auth.identity.pool.id = null
	bearer.auth.issuer.endpoint.url = null
	bearer.auth.logical.cluster = null
	bearer.auth.scope = null
	bearer.auth.scope.claim.name = scope
	bearer.auth.sub.claim.name = sub
	bearer.auth.token = [hidden]
	context.name.strategy = class io.confluent.kafka.serializers.context.NullContextNameStrategy
	http.connect.timeout.ms = 60000
	http.read.timeout.ms = 60000
	id.compatibility.strict = true
	key.schema.id.deserializer = class io.confluent.kafka.serializers.schema.id.DualSchemaIdDeserializer
	key.schema.id.serializer = class io.confluent.kafka.serializers.schema.id.PrefixSchemaIdSerializer
	key.subject.name.strategy = class io.confluent.kafka.serializers.subject.TopicNameStrategy
	latest.cache.size = 1000
	latest.cache.ttl.sec = -1
	latest.compatibility.strict = true
	max.retries = 3
	max.schemas.per.subject = 1000
	normalize.schemas = false
	propagate.schema.tags = false
	proxy.host = 
	proxy.port = -1
	retries.max.wait.ms = 20000
	retries.wait.ms = 1000
	rule.actions = []
	rule.executors = []
	rule.service.loader.enable = true
	schema.format = null
	schema.reflection = false
	schema.registry.basic.auth.user.info = [hidden]
	schema.registry.ssl.cipher.suites = null
	schema.registry.ssl.enabled.protocols = [TLSv1.2, TLSv1.3]
	schema.registry.ssl.endpoint.identification.algorithm = https
	schema.registry.ssl.engine.factory.class = null
	schema.registry.ssl.key.password = null
	schema.registry.ssl.keymanager.algorithm = SunX509
	schema.registry.ssl.keystore.certificate.chain = null
	schema.registry.ssl.keystore.key = null
	schema.registry.ssl.keystore.location = null
	schema.registry.ssl.keystore.password = null
	schema.registry.ssl.keystore.type = JKS
	schema.registry.ssl.protocol = TLSv1.3
	schema.registry.ssl.provider = null
	schema.registry.ssl.secure.random.implementation = null
	schema.registry.ssl.trustmanager.algorithm = PKIX
	schema.registry.ssl.truststore.certificates = null
	schema.registry.ssl.truststore.location = null
	schema.registry.ssl.truststore.password = null
	schema.registry.ssl.truststore.type = JKS
	schema.registry.url = [http://registry-app-mysql.apps.ci419.apicurio-testing.org:80/apis/ccompat/v7]
	schema.registry.url.randomize = false
	use.latest.version = false
	use.latest.with.metadata = null
	use.schema.id = -1
	value.schema.id.deserializer = class io.confluent.kafka.serializers.schema.id.DualSchemaIdDeserializer
	value.schema.id.serializer = class io.confluent.kafka.serializers.schema.id.PrefixSchemaIdSerializer
	value.subject.name.strategy = class io.confluent.kafka.serializers.subject.TopicRecordNameStrategy

2025-08-06 18:57:28,609 INFO  [org.apa.kaf.cli.pro.KafkaProducer] (main) [Producer clientId=Producer-topic-0d5fef94_416b_4f42_ad4b_476c09589f84] Instantiated an idempotent producer.
2025-08-06 18:57:28,614 INFO  [org.apa.kaf.cli.pro.ProducerConfig] (main) These configurations '[schema.registry.url, auto.register.schemas, value.subject.name.strategy]' were supplied but are not used yet.
2025-08-06 18:57:28,614 INFO  [org.apa.kaf.com.uti.AppInfoParser] (main) Kafka version: 3.9.1
2025-08-06 18:57:28,614 INFO  [org.apa.kaf.com.uti.AppInfoParser] (main) Kafka commitId: f745dfdcee2b9851
2025-08-06 18:57:28,614 INFO  [org.apa.kaf.com.uti.AppInfoParser] (main) Kafka startTimeMs: 1754506648614
**** Registry Base URL: http://registry-app-mysql.apps.ci419.apicurio-testing.org:80
2025-08-06 18:57:28,617 INFO  [org.apa.kaf.cli.con.ConsumerConfig] (main) ConsumerConfig values: 
	allow.auto.create.topics = true
	auto.commit.interval.ms = 500
	auto.include.jmx.reporter = true
	auto.offset.reset = earliest
	bootstrap.servers = [PLAINTEXT://localhost:32769]
	check.crcs = true
	client.dns.lookup = use_all_dns_ips
	client.id = consumer-Consumer-topic-0d5fef94_416b_4f42_ad4b_476c09589f84-34
	client.rack = 
	connections.max.idle.ms = 10000
	default.api.timeout.ms = 60000
	enable.auto.commit = true
	enable.metrics.push = true
	exclude.internal.topics = true
	fetch.max.bytes = 52428800
	fetch.max.wait.ms = 500
	fetch.min.bytes = 1
	group.id = Consumer-topic-0d5fef94_416b_4f42_ad4b_476c09589f84
	group.instance.id = null
	group.protocol = classic
	group.remote.assignor = null
	heartbeat.interval.ms = 3000
	interceptor.classes = []
	internal.leave.group.on.close = true
	internal.throw.on.fetch.stable.offset.unsupported = false
	isolation.level = read_uncommitted
	key.deserializer = class org.apache.kafka.common.serialization.StringDeserializer
	max.partition.fetch.bytes = 1048576
	max.poll.interval.ms = 300000
	max.poll.records = 500
	metadata.max.age.ms = 300000
	metadata.recovery.strategy = none
	metric.reporters = []
	metrics.num.samples = 2
	metrics.recording.level = INFO
	metrics.sample.window.ms = 30000
	partition.assignment.strategy = [class org.apache.kafka.clients.consumer.RangeAssignor, class org.apache.kafka.clients.consumer.CooperativeStickyAssignor]
	receive.buffer.bytes = 65536
	reconnect.backoff.max.ms = 1000
	reconnect.backoff.ms = 50
	request.timeout.ms = 5000
	retry.backoff.max.ms = 1000
	retry.backoff.ms = 100
	sasl.client.callback.handler.class = null
	sasl.jaas.config = null
	sasl.kerberos.kinit.cmd = /usr/bin/kinit
	sasl.kerberos.min.time.before.relogin = 60000
	sasl.kerberos.service.name = null
	sasl.kerberos.ticket.renew.jitter = 0.05
	sasl.kerberos.ticket.renew.window.factor = 0.8
	sasl.login.callback.handler.class = null
	sasl.login.class = null
	sasl.login.connect.timeout.ms = null
	sasl.login.read.timeout.ms = null
	sasl.login.refresh.buffer.seconds = 300
	sasl.login.refresh.min.period.seconds = 60
	sasl.login.refresh.window.factor = 0.8
	sasl.login.refresh.window.jitter = 0.05
	sasl.login.retry.backoff.max.ms = 10000
	sasl.login.retry.backoff.ms = 100
	sasl.mechanism = GSSAPI
	sasl.oauthbearer.clock.skew.seconds = 30
	sasl.oauthbearer.expected.audience = null
	sasl.oauthbearer.expected.issuer = null
	sasl.oauthbearer.header.urlencode = false
	sasl.oauthbearer.jwks.endpoint.refresh.ms = 3600000
	sasl.oauthbearer.jwks.endpoint.retry.backoff.max.ms = 10000
	sasl.oauthbearer.jwks.endpoint.retry.backoff.ms = 100
	sasl.oauthbearer.jwks.endpoint.url = null
	sasl.oauthbearer.scope.claim.name = scope
	sasl.oauthbearer.sub.claim.name = sub
	sasl.oauthbearer.token.endpoint.url = null
	security.protocol = PLAINTEXT
	security.providers = null
	send.buffer.bytes = 131072
	session.timeout.ms = 45000
	socket.connection.setup.timeout.max.ms = 30000
	socket.connection.setup.timeout.ms = 10000
	ssl.cipher.suites = null
	ssl.enabled.protocols = [TLSv1.2, TLSv1.3]
	ssl.endpoint.identification.algorithm = https
	ssl.engine.factory.class = null
	ssl.key.password = null
	ssl.keymanager.algorithm = SunX509
	ssl.keystore.certificate.chain = null
	ssl.keystore.key = null
	ssl.keystore.location = null
	ssl.keystore.password = null
	ssl.keystore.type = JKS
	ssl.protocol = TLSv1.3
	ssl.provider = null
	ssl.secure.random.implementation = null
	ssl.trustmanager.algorithm = PKIX
	ssl.truststore.certificates = null
	ssl.truststore.location = null
	ssl.truststore.password = null
	ssl.truststore.type = JKS
	value.deserializer = class io.confluent.kafka.serializers.KafkaAvroDeserializer

2025-08-06 18:57:28,619 INFO  [org.apa.kaf.cli.Metadata] (kafka-producer-network-thread | Producer-topic-0d5fef94_416b_4f42_ad4b_476c09589f84) [Producer clientId=Producer-topic-0d5fef94_416b_4f42_ad4b_476c09589f84] Cluster ID: kF8Ua3WQTR-RR3LzMUds4A
2025-08-06 18:57:28,619 INFO  [org.apa.kaf.cli.pro.int.TransactionManager] (kafka-producer-network-thread | Producer-topic-0d5fef94_416b_4f42_ad4b_476c09589f84) [Producer clientId=Producer-topic-0d5fef94_416b_4f42_ad4b_476c09589f84] ProducerId set to 44 with epoch 0
2025-08-06 18:57:28,618 INFO  [org.apa.kaf.com.tel.int.KafkaMetricsCollector] (main) initializing Kafka metrics collector
2025-08-06 18:57:28,620 INFO  [io.con.kaf.ser.KafkaAvroDeserializerConfig] (main) KafkaAvroDeserializerConfig values: 
	auto.register.schemas = true
	avro.reflection.allow.null = false
	avro.use.logical.type.converters = false
	basic.auth.credentials.source = URL
	basic.auth.user.info = [hidden]
	bearer.auth.cache.expiry.buffer.seconds = 300
	bearer.auth.client.id = null
	bearer.auth.client.secret = null
	bearer.auth.credentials.source = STATIC_TOKEN
	bearer.auth.custom.provider.class = null
	bearer.auth.identity.pool.id = null
	bearer.auth.issuer.endpoint.url = null
	bearer.auth.logical.cluster = null
	bearer.auth.scope = null
	bearer.auth.scope.claim.name = scope
	bearer.auth.sub.claim.name = sub
	bearer.auth.token = [hidden]
	context.name.strategy = class io.confluent.kafka.serializers.context.NullContextNameStrategy
	http.connect.timeout.ms = 60000
	http.read.timeout.ms = 60000
	id.compatibility.strict = true
	key.schema.id.deserializer = class io.confluent.kafka.serializers.schema.id.DualSchemaIdDeserializer
	key.schema.id.serializer = class io.confluent.kafka.serializers.schema.id.PrefixSchemaIdSerializer
	key.subject.name.strategy = class io.confluent.kafka.serializers.subject.TopicNameStrategy
	latest.cache.size = 1000
	latest.cache.ttl.sec = -1
	latest.compatibility.strict = true
	max.retries = 3
	max.schemas.per.subject = 1000
	normalize.schemas = false
	propagate.schema.tags = false
	proxy.host = 
	proxy.port = -1
	retries.max.wait.ms = 20000
	retries.wait.ms = 1000
	rule.actions = []
	rule.executors = []
	rule.service.loader.enable = true
	schema.format = null
	schema.reflection = false
	schema.registry.basic.auth.user.info = [hidden]
	schema.registry.ssl.cipher.suites = null
	schema.registry.ssl.enabled.protocols = [TLSv1.2, TLSv1.3]
	schema.registry.ssl.endpoint.identification.algorithm = https
	schema.registry.ssl.engine.factory.class = null
	schema.registry.ssl.key.password = null
	schema.registry.ssl.keymanager.algorithm = SunX509
	schema.registry.ssl.keystore.certificate.chain = null
	schema.registry.ssl.keystore.key = null
	schema.registry.ssl.keystore.location = null
	schema.registry.ssl.keystore.password = null
	schema.registry.ssl.keystore.type = JKS
	schema.registry.ssl.protocol = TLSv1.3
	schema.registry.ssl.provider = null
	schema.registry.ssl.secure.random.implementation = null
	schema.registry.ssl.trustmanager.algorithm = PKIX
	schema.registry.ssl.truststore.certificates = null
	schema.registry.ssl.truststore.location = null
	schema.registry.ssl.truststore.password = null
	schema.registry.ssl.truststore.type = JKS
	schema.registry.url = [http://registry-app-mysql.apps.ci419.apicurio-testing.org:80/apis/ccompat/v7]
	schema.registry.url.randomize = false
	specific.avro.key.type = null
	specific.avro.reader = false
	specific.avro.value.type = null
	use.latest.version = false
	use.latest.with.metadata = null
	use.schema.id = -1
	value.schema.id.deserializer = class io.confluent.kafka.serializers.schema.id.DualSchemaIdDeserializer
	value.schema.id.serializer = class io.confluent.kafka.serializers.schema.id.PrefixSchemaIdSerializer
	value.subject.name.strategy = class io.confluent.kafka.serializers.subject.TopicNameStrategy

2025-08-06 18:57:28,623 INFO  [org.apa.kaf.cli.con.ConsumerConfig] (main) These configurations '[schema.registry.url]' were supplied but are not used yet.
2025-08-06 18:57:28,623 INFO  [org.apa.kaf.com.uti.AppInfoParser] (main) Kafka version: 3.9.1
2025-08-06 18:57:28,623 INFO  [org.apa.kaf.com.uti.AppInfoParser] (main) Kafka commitId: f745dfdcee2b9851
2025-08-06 18:57:28,623 INFO  [org.apa.kaf.com.uti.AppInfoParser] (main) Kafka startTimeMs: 1754506648623
2025-08-06 18:57:28,624 INFO  [io.api.tes.ser.api.KafkaSerdesTester] (Thread-870) Sending message {"key1": "value-0"} to topic topic-0d5fef94_416b_4f42_ad4b_476c09589f84
2025-08-06 18:57:28,736 INFO  [io.api.tes.ser.api.KafkaSerdesTester] (Thread-870) Sending message {"key1": "value-1"} to topic topic-0d5fef94_416b_4f42_ad4b_476c09589f84
2025-08-06 18:57:28,737 INFO  [io.api.tes.ser.api.KafkaSerdesTester] (Thread-870) Sending message {"key1": "value-2"} to topic topic-0d5fef94_416b_4f42_ad4b_476c09589f84
2025-08-06 18:57:28,738 INFO  [io.api.tes.ser.api.KafkaSerdesTester] (Thread-870) Sending message {"key1": "value-3"} to topic topic-0d5fef94_416b_4f42_ad4b_476c09589f84
2025-08-06 18:57:28,739 INFO  [io.api.tes.ser.api.KafkaSerdesTester] (Thread-870) Sending message {"key1": "value-4"} to topic topic-0d5fef94_416b_4f42_ad4b_476c09589f84
2025-08-06 18:57:28,740 INFO  [io.api.tes.ser.api.KafkaSerdesTester] (Thread-870) Sending message {"key1": "value-5"} to topic topic-0d5fef94_416b_4f42_ad4b_476c09589f84
2025-08-06 18:57:28,740 INFO  [io.api.tes.ser.api.KafkaSerdesTester] (Thread-870) Sending message {"key1": "value-6"} to topic topic-0d5fef94_416b_4f42_ad4b_476c09589f84
2025-08-06 18:57:28,741 INFO  [io.api.tes.ser.api.KafkaSerdesTester] (Thread-870) Sending message {"key1": "value-7"} to topic topic-0d5fef94_416b_4f42_ad4b_476c09589f84
2025-08-06 18:57:28,742 INFO  [io.api.tes.ser.api.KafkaSerdesTester] (Thread-870) Sending message {"key1": "value-8"} to topic topic-0d5fef94_416b_4f42_ad4b_476c09589f84
2025-08-06 18:57:28,743 INFO  [io.api.tes.ser.api.KafkaSerdesTester] (Thread-870) Sending message {"key1": "value-9"} to topic topic-0d5fef94_416b_4f42_ad4b_476c09589f84
2025-08-06 18:57:28,744 INFO  [io.api.tes.ser.api.KafkaSerdesTester] (Thread-870) Produced 10 messages
2025-08-06 18:57:28,744 INFO  [org.apa.kaf.cli.pro.KafkaProducer] (Thread-870) [Producer clientId=Producer-topic-0d5fef94_416b_4f42_ad4b_476c09589f84] Closing the Kafka producer with timeoutMillis = 9223372036854775807 ms.
2025-08-06 18:57:28,746 INFO  [org.apa.kaf.com.met.Metrics] (Thread-870) Metrics scheduler closed
2025-08-06 18:57:28,746 INFO  [org.apa.kaf.com.met.Metrics] (Thread-870) Closing reporter org.apache.kafka.common.metrics.JmxReporter
2025-08-06 18:57:28,746 INFO  [org.apa.kaf.com.met.Metrics] (Thread-870) Closing reporter org.apache.kafka.common.telemetry.internals.ClientTelemetryReporter
2025-08-06 18:57:28,746 INFO  [org.apa.kaf.com.met.Metrics] (Thread-870) Metrics reporters closed
2025-08-06 18:57:28,747 INFO  [org.apa.kaf.com.uti.AppInfoParser] (Thread-870) App info kafka.producer for Producer-topic-0d5fef94_416b_4f42_ad4b_476c09589f84 unregistered
2025-08-06 18:57:28,748 INFO  [org.apa.kaf.cli.con.int.ClassicKafkaConsumer] (Thread-871) [Consumer clientId=consumer-Consumer-topic-0d5fef94_416b_4f42_ad4b_476c09589f84-34, groupId=Consumer-topic-0d5fef94_416b_4f42_ad4b_476c09589f84] Subscribed to topic(s): topic-0d5fef94_416b_4f42_ad4b_476c09589f84
2025-08-06 18:57:28,753 INFO  [org.apa.kaf.cli.Metadata] (Thread-871) [Consumer clientId=consumer-Consumer-topic-0d5fef94_416b_4f42_ad4b_476c09589f84-34, groupId=Consumer-topic-0d5fef94_416b_4f42_ad4b_476c09589f84] Cluster ID: kF8Ua3WQTR-RR3LzMUds4A
2025-08-06 18:57:28,754 INFO  [org.apa.kaf.cli.con.int.ConsumerCoordinator] (Thread-871) [Consumer clientId=consumer-Consumer-topic-0d5fef94_416b_4f42_ad4b_476c09589f84-34, groupId=Consumer-topic-0d5fef94_416b_4f42_ad4b_476c09589f84] Discovered group coordinator localhost:32769 (id: 2147483647 rack: null)
2025-08-06 18:57:28,755 INFO  [org.apa.kaf.cli.con.int.ConsumerCoordinator] (Thread-871) [Consumer clientId=consumer-Consumer-topic-0d5fef94_416b_4f42_ad4b_476c09589f84-34, groupId=Consumer-topic-0d5fef94_416b_4f42_ad4b_476c09589f84] (Re-)joining group
2025-08-06 18:57:28,758 INFO  [org.apa.kaf.cli.con.int.ConsumerCoordinator] (Thread-871) [Consumer clientId=consumer-Consumer-topic-0d5fef94_416b_4f42_ad4b_476c09589f84-34, groupId=Consumer-topic-0d5fef94_416b_4f42_ad4b_476c09589f84] Request joining group due to: need to re-join with the given member-id: consumer-Consumer-topic-0d5fef94_416b_4f42_ad4b_476c09589f84-34-aaa6a3b2-1082-4673-bf91-e52e7773e4a5
2025-08-06 18:57:28,758 INFO  [org.apa.kaf.cli.con.int.ConsumerCoordinator] (Thread-871) [Consumer clientId=consumer-Consumer-topic-0d5fef94_416b_4f42_ad4b_476c09589f84-34, groupId=Consumer-topic-0d5fef94_416b_4f42_ad4b_476c09589f84] (Re-)joining group
2025-08-06 18:57:29,748 INFO  [io.api.tes.ser.api.KafkaSerdesTester] (Thread-871) None found
2025-08-06 18:57:30,748 INFO  [io.api.tes.ser.api.KafkaSerdesTester] (Thread-871) None found
2025-08-06 18:57:31,749 INFO  [io.api.tes.ser.api.KafkaSerdesTester] (Thread-871) None found
2025-08-06 18:57:31,759 INFO  [org.apa.kaf.cli.con.int.ConsumerCoordinator] (Thread-871) [Consumer clientId=consumer-Consumer-topic-0d5fef94_416b_4f42_ad4b_476c09589f84-34, groupId=Consumer-topic-0d5fef94_416b_4f42_ad4b_476c09589f84] Successfully joined group with generation Generation{generationId=1, memberId='consumer-Consumer-topic-0d5fef94_416b_4f42_ad4b_476c09589f84-34-aaa6a3b2-1082-4673-bf91-e52e7773e4a5', protocol='range'}
2025-08-06 18:57:31,760 INFO  [org.apa.kaf.cli.con.int.ConsumerCoordinator] (Thread-871) [Consumer clientId=consumer-Consumer-topic-0d5fef94_416b_4f42_ad4b_476c09589f84-34, groupId=Consumer-topic-0d5fef94_416b_4f42_ad4b_476c09589f84] Finished assignment for group at generation 1: {consumer-Consumer-topic-0d5fef94_416b_4f42_ad4b_476c09589f84-34-aaa6a3b2-1082-4673-bf91-e52e7773e4a5=Assignment(partitions=[topic-0d5fef94_416b_4f42_ad4b_476c09589f84-0])}
2025-08-06 18:57:31,766 INFO  [org.apa.kaf.cli.con.int.ConsumerCoordinator] (Thread-871) [Consumer clientId=consumer-Consumer-topic-0d5fef94_416b_4f42_ad4b_476c09589f84-34, groupId=Consumer-topic-0d5fef94_416b_4f42_ad4b_476c09589f84] Successfully synced group in generation Generation{generationId=1, memberId='consumer-Consumer-topic-0d5fef94_416b_4f42_ad4b_476c09589f84-34-aaa6a3b2-1082-4673-bf91-e52e7773e4a5', protocol='range'}
2025-08-06 18:57:31,766 INFO  [org.apa.kaf.cli.con.int.ConsumerCoordinator] (Thread-871) [Consumer clientId=consumer-Consumer-topic-0d5fef94_416b_4f42_ad4b_476c09589f84-34, groupId=Consumer-topic-0d5fef94_416b_4f42_ad4b_476c09589f84] Notifying assignor about the new Assignment(partitions=[topic-0d5fef94_416b_4f42_ad4b_476c09589f84-0])
2025-08-06 18:57:31,766 INFO  [org.apa.kaf.cli.con.int.ConsumerRebalanceListenerInvoker] (Thread-871) [Consumer clientId=consumer-Consumer-topic-0d5fef94_416b_4f42_ad4b_476c09589f84-34, groupId=Consumer-topic-0d5fef94_416b_4f42_ad4b_476c09589f84] Adding newly assigned partitions: topic-0d5fef94_416b_4f42_ad4b_476c09589f84-0
2025-08-06 18:57:31,767 INFO  [org.apa.kaf.cli.con.int.ConsumerCoordinator] (Thread-871) [Consumer clientId=consumer-Consumer-topic-0d5fef94_416b_4f42_ad4b_476c09589f84-34, groupId=Consumer-topic-0d5fef94_416b_4f42_ad4b_476c09589f84] Found no committed offset for partition topic-0d5fef94_416b_4f42_ad4b_476c09589f84-0
2025-08-06 18:57:31,770 INFO  [org.apa.kaf.cli.con.int.SubscriptionState] (Thread-871) [Consumer clientId=consumer-Consumer-topic-0d5fef94_416b_4f42_ad4b_476c09589f84-34, groupId=Consumer-topic-0d5fef94_416b_4f42_ad4b_476c09589f84] Resetting offset for partition topic-0d5fef94_416b_4f42_ad4b_476c09589f84-0 to position FetchPosition{offset=0, offsetEpoch=Optional.empty, currentLeader=LeaderAndEpoch{leader=Optional[localhost:32769 (id: 0 rack: null)], epoch=0}}.
2025-08-06 18:57:31,856 INFO  [io.api.tes.ser.api.KafkaSerdesTester] (Thread-871) topic-0d5fef94_416b_4f42_ad4b_476c09589f84 0 0 {"key1": "value-0"}
2025-08-06 18:57:31,856 INFO  [io.api.tes.ser.api.KafkaSerdesTester] (Thread-871) topic-0d5fef94_416b_4f42_ad4b_476c09589f84 0 1 {"key1": "value-1"}
2025-08-06 18:57:31,856 INFO  [io.api.tes.ser.api.KafkaSerdesTester] (Thread-871) topic-0d5fef94_416b_4f42_ad4b_476c09589f84 0 2 {"key1": "value-2"}
2025-08-06 18:57:31,856 INFO  [io.api.tes.ser.api.KafkaSerdesTester] (Thread-871) topic-0d5fef94_416b_4f42_ad4b_476c09589f84 0 3 {"key1": "value-3"}
2025-08-06 18:57:31,856 INFO  [io.api.tes.ser.api.KafkaSerdesTester] (Thread-871) topic-0d5fef94_416b_4f42_ad4b_476c09589f84 0 4 {"key1": "value-4"}
2025-08-06 18:57:31,856 INFO  [io.api.tes.ser.api.KafkaSerdesTester] (Thread-871) topic-0d5fef94_416b_4f42_ad4b_476c09589f84 0 5 {"key1": "value-5"}
2025-08-06 18:57:31,856 INFO  [io.api.tes.ser.api.KafkaSerdesTester] (Thread-871) topic-0d5fef94_416b_4f42_ad4b_476c09589f84 0 6 {"key1": "value-6"}
2025-08-06 18:57:31,856 INFO  [io.api.tes.ser.api.KafkaSerdesTester] (Thread-871) topic-0d5fef94_416b_4f42_ad4b_476c09589f84 0 7 {"key1": "value-7"}
2025-08-06 18:57:31,856 INFO  [io.api.tes.ser.api.KafkaSerdesTester] (Thread-871) topic-0d5fef94_416b_4f42_ad4b_476c09589f84 0 8 {"key1": "value-8"}
2025-08-06 18:57:31,856 INFO  [io.api.tes.ser.api.KafkaSerdesTester] (Thread-871) topic-0d5fef94_416b_4f42_ad4b_476c09589f84 0 9 {"key1": "value-9"}
2025-08-06 18:57:31,856 INFO  [io.api.tes.ser.api.KafkaSerdesTester] (Thread-871) Consumed 10 messages
2025-08-06 18:57:31,863 INFO  [org.apa.kaf.cli.con.int.ConsumerRebalanceListenerInvoker] (Thread-871) [Consumer clientId=consumer-Consumer-topic-0d5fef94_416b_4f42_ad4b_476c09589f84-34, groupId=Consumer-topic-0d5fef94_416b_4f42_ad4b_476c09589f84] Revoke previously assigned partitions topic-0d5fef94_416b_4f42_ad4b_476c09589f84-0
2025-08-06 18:57:31,864 INFO  [org.apa.kaf.cli.con.int.ConsumerCoordinator] (Thread-871) [Consumer clientId=consumer-Consumer-topic-0d5fef94_416b_4f42_ad4b_476c09589f84-34, groupId=Consumer-topic-0d5fef94_416b_4f42_ad4b_476c09589f84] Member consumer-Consumer-topic-0d5fef94_416b_4f42_ad4b_476c09589f84-34-aaa6a3b2-1082-4673-bf91-e52e7773e4a5 sending LeaveGroup request to coordinator localhost:32769 (id: 2147483647 rack: null) due to the consumer is being closed
2025-08-06 18:57:31,864 INFO  [org.apa.kaf.cli.con.int.ConsumerCoordinator] (Thread-871) [Consumer clientId=consumer-Consumer-topic-0d5fef94_416b_4f42_ad4b_476c09589f84-34, groupId=Consumer-topic-0d5fef94_416b_4f42_ad4b_476c09589f84] Resetting generation and member id due to: consumer pro-actively leaving the group
2025-08-06 18:57:31,864 INFO  [org.apa.kaf.cli.con.int.ConsumerCoordinator] (Thread-871) [Consumer clientId=consumer-Consumer-topic-0d5fef94_416b_4f42_ad4b_476c09589f84-34, groupId=Consumer-topic-0d5fef94_416b_4f42_ad4b_476c09589f84] Request joining group due to: consumer pro-actively leaving the group
2025-08-06 18:57:32,358 INFO  [org.apa.kaf.com.met.Metrics] (Thread-871) Metrics scheduler closed
2025-08-06 18:57:32,358 INFO  [org.apa.kaf.com.met.Metrics] (Thread-871) Closing reporter org.apache.kafka.common.metrics.JmxReporter
2025-08-06 18:57:32,358 INFO  [org.apa.kaf.com.met.Metrics] (Thread-871) Closing reporter org.apache.kafka.common.telemetry.internals.ClientTelemetryReporter
2025-08-06 18:57:32,358 INFO  [org.apa.kaf.com.met.Metrics] (Thread-871) Metrics reporters closed
2025-08-06 18:57:32,359 INFO  [org.apa.kaf.com.uti.AppInfoParser] (Thread-871) App info kafka.consumer for consumer-Consumer-topic-0d5fef94_416b_4f42_ad4b_476c09589f84-34 unregistered
**** Registry Base URL: http://registry-app-mysql.apps.ci419.apicurio-testing.org:80
2025-08-06 18:57:33,560 INFO  [org.apa.kaf.cli.pro.ProducerConfig] (main) ProducerConfig values: 
	acks = -1
	auto.include.jmx.reporter = true
	batch.size = 16384
	bootstrap.servers = [PLAINTEXT://localhost:32769]
	buffer.memory = 33554432
	client.dns.lookup = use_all_dns_ips
	client.id = Producer-topic-0d5fef94_416b_4f42_ad4b_476c09589f84
	compression.gzip.level = -1
	compression.lz4.level = 9
	compression.type = none
	compression.zstd.level = 3
	connections.max.idle.ms = 10000
	delivery.timeout.ms = 120000
	enable.idempotence = true
	enable.metrics.push = true
	interceptor.classes = []
	key.serializer = class org.apache.kafka.common.serialization.StringSerializer
	linger.ms = 0
	max.block.ms = 60000
	max.in.flight.requests.per.connection = 5
	max.request.size = 1048576
	metadata.max.age.ms = 300000
	metadata.max.idle.ms = 300000
	metadata.recovery.strategy = none
	metric.reporters = []
	metrics.num.samples = 2
	metrics.recording.level = INFO
	metrics.sample.window.ms = 30000
	partitioner.adaptive.partitioning.enable = true
	partitioner.availability.timeout.ms = 0
	partitioner.class = null
	partitioner.ignore.keys = false
	receive.buffer.bytes = 32768
	reconnect.backoff.max.ms = 1000
	reconnect.backoff.ms = 50
	request.timeout.ms = 5000
	retries = 2147483647
	retry.backoff.max.ms = 1000
	retry.backoff.ms = 100
	sasl.client.callback.handler.class = null
	sasl.jaas.config = null
	sasl.kerberos.kinit.cmd = /usr/bin/kinit
	sasl.kerberos.min.time.before.relogin = 60000
	sasl.kerberos.service.name = null
	sasl.kerberos.ticket.renew.jitter = 0.05
	sasl.kerberos.ticket.renew.window.factor = 0.8
	sasl.login.callback.handler.class = null
	sasl.login.class = null
	sasl.login.connect.timeout.ms = null
	sasl.login.read.timeout.ms = null
	sasl.login.refresh.buffer.seconds = 300
	sasl.login.refresh.min.period.seconds = 60
	sasl.login.refresh.window.factor = 0.8
	sasl.login.refresh.window.jitter = 0.05
	sasl.login.retry.backoff.max.ms = 10000
	sasl.login.retry.backoff.ms = 100
	sasl.mechanism = GSSAPI
	sasl.oauthbearer.clock.skew.seconds = 30
	sasl.oauthbearer.expected.audience = null
	sasl.oauthbearer.expected.issuer = null
	sasl.oauthbearer.header.urlencode = false
	sasl.oauthbearer.jwks.endpoint.refresh.ms = 3600000
	sasl.oauthbearer.jwks.endpoint.retry.backoff.max.ms = 10000
	sasl.oauthbearer.jwks.endpoint.retry.backoff.ms = 100
	sasl.oauthbearer.jwks.endpoint.url = null
	sasl.oauthbearer.scope.claim.name = scope
	sasl.oauthbearer.sub.claim.name = sub
	sasl.oauthbearer.token.endpoint.url = null
	security.protocol = PLAINTEXT
	security.providers = null
	send.buffer.bytes = 131072
	socket.connection.setup.timeout.max.ms = 30000
	socket.connection.setup.timeout.ms = 10000
	ssl.cipher.suites = null
	ssl.enabled.protocols = [TLSv1.2, TLSv1.3]
	ssl.endpoint.identification.algorithm = https
	ssl.engine.factory.class = null
	ssl.key.password = null
	ssl.keymanager.algorithm = SunX509
	ssl.keystore.certificate.chain = null
	ssl.keystore.key = null
	ssl.keystore.location = null
	ssl.keystore.password = null
	ssl.keystore.type = JKS
	ssl.protocol = TLSv1.3
	ssl.provider = null
	ssl.secure.random.implementation = null
	ssl.trustmanager.algorithm = PKIX
	ssl.truststore.certificates = null
	ssl.truststore.location = null
	ssl.truststore.password = null
	ssl.truststore.type = JKS
	transaction.timeout.ms = 60000
	transactional.id = null
	value.serializer = class io.confluent.kafka.serializers.KafkaAvroSerializer

2025-08-06 18:57:33,561 INFO  [org.apa.kaf.com.tel.int.KafkaMetricsCollector] (main) initializing Kafka metrics collector
2025-08-06 18:57:33,561 INFO  [io.con.kaf.ser.KafkaAvroSerializerConfig] (main) KafkaAvroSerializerConfig values: 
	auto.register.schemas = false
	avro.reflection.allow.null = false
	avro.remove.java.properties = false
	avro.use.logical.type.converters = false
	basic.auth.credentials.source = URL
	basic.auth.user.info = [hidden]
	bearer.auth.cache.expiry.buffer.seconds = 300
	bearer.auth.client.id = null
	bearer.auth.client.secret = null
	bearer.auth.credentials.source = STATIC_TOKEN
	bearer.auth.custom.provider.class = null
	bearer.auth.identity.pool.id = null
	bearer.auth.issuer.endpoint.url = null
	bearer.auth.logical.cluster = null
	bearer.auth.scope = null
	bearer.auth.scope.claim.name = scope
	bearer.auth.sub.claim.name = sub
	bearer.auth.token = [hidden]
	context.name.strategy = class io.confluent.kafka.serializers.context.NullContextNameStrategy
	http.connect.timeout.ms = 60000
	http.read.timeout.ms = 60000
	id.compatibility.strict = true
	key.schema.id.deserializer = class io.confluent.kafka.serializers.schema.id.DualSchemaIdDeserializer
	key.schema.id.serializer = class io.confluent.kafka.serializers.schema.id.PrefixSchemaIdSerializer
	key.subject.name.strategy = class io.confluent.kafka.serializers.subject.TopicNameStrategy
	latest.cache.size = 1000
	latest.cache.ttl.sec = -1
	latest.compatibility.strict = true
	max.retries = 3
	max.schemas.per.subject = 1000
	normalize.schemas = false
	propagate.schema.tags = false
	proxy.host = 
	proxy.port = -1
	retries.max.wait.ms = 20000
	retries.wait.ms = 1000
	rule.actions = []
	rule.executors = []
	rule.service.loader.enable = true
	schema.format = null
	schema.reflection = false
	schema.registry.basic.auth.user.info = [hidden]
	schema.registry.ssl.cipher.suites = null
	schema.registry.ssl.enabled.protocols = [TLSv1.2, TLSv1.3]
	schema.registry.ssl.endpoint.identification.algorithm = https
	schema.registry.ssl.engine.factory.class = null
	schema.registry.ssl.key.password = null
	schema.registry.ssl.keymanager.algorithm = SunX509
	schema.registry.ssl.keystore.certificate.chain = null
	schema.registry.ssl.keystore.key = null
	schema.registry.ssl.keystore.location = null
	schema.registry.ssl.keystore.password = null
	schema.registry.ssl.keystore.type = JKS
	schema.registry.ssl.protocol = TLSv1.3
	schema.registry.ssl.provider = null
	schema.registry.ssl.secure.random.implementation = null
	schema.registry.ssl.trustmanager.algorithm = PKIX
	schema.registry.ssl.truststore.certificates = null
	schema.registry.ssl.truststore.location = null
	schema.registry.ssl.truststore.password = null
	schema.registry.ssl.truststore.type = JKS
	schema.registry.url = [http://registry-app-mysql.apps.ci419.apicurio-testing.org:80/apis/ccompat/v7]
	schema.registry.url.randomize = false
	use.latest.version = false
	use.latest.with.metadata = null
	use.schema.id = -1
	value.schema.id.deserializer = class io.confluent.kafka.serializers.schema.id.DualSchemaIdDeserializer
	value.schema.id.serializer = class io.confluent.kafka.serializers.schema.id.PrefixSchemaIdSerializer
	value.subject.name.strategy = class io.confluent.kafka.serializers.subject.TopicRecordNameStrategy

2025-08-06 18:57:33,563 INFO  [org.apa.kaf.cli.pro.KafkaProducer] (main) [Producer clientId=Producer-topic-0d5fef94_416b_4f42_ad4b_476c09589f84] Instantiated an idempotent producer.
2025-08-06 18:57:33,565 INFO  [org.apa.kaf.cli.pro.ProducerConfig] (main) These configurations '[schema.registry.url, auto.register.schemas, value.subject.name.strategy]' were supplied but are not used yet.
2025-08-06 18:57:33,565 INFO  [org.apa.kaf.com.uti.AppInfoParser] (main) Kafka version: 3.9.1
2025-08-06 18:57:33,565 INFO  [org.apa.kaf.com.uti.AppInfoParser] (main) Kafka commitId: f745dfdcee2b9851
2025-08-06 18:57:33,565 INFO  [org.apa.kaf.com.uti.AppInfoParser] (main) Kafka startTimeMs: 1754506653565
2025-08-06 18:57:33,568 INFO  [io.api.tes.ser.api.KafkaSerdesTester] (Thread-872) Sending message {"key1": "value-0", "key2": "value-0"} to topic topic-0d5fef94_416b_4f42_ad4b_476c09589f84
2025-08-06 18:57:33,570 INFO  [org.apa.kaf.cli.Metadata] (kafka-producer-network-thread | Producer-topic-0d5fef94_416b_4f42_ad4b_476c09589f84) [Producer clientId=Producer-topic-0d5fef94_416b_4f42_ad4b_476c09589f84] Cluster ID: kF8Ua3WQTR-RR3LzMUds4A
2025-08-06 18:57:33,570 INFO  [org.apa.kaf.cli.pro.int.TransactionManager] (kafka-producer-network-thread | Producer-topic-0d5fef94_416b_4f42_ad4b_476c09589f84) [Producer clientId=Producer-topic-0d5fef94_416b_4f42_ad4b_476c09589f84] ProducerId set to 45 with epoch 0
2025-08-06 18:57:33,663 INFO  [io.api.tes.ser.api.KafkaSerdesTester] (Thread-872) Sending message {"key1": "value-1", "key2": "value-1"} to topic topic-0d5fef94_416b_4f42_ad4b_476c09589f84
2025-08-06 18:57:33,666 INFO  [io.api.tes.ser.api.KafkaSerdesTester] (Thread-872) Sending message {"key1": "value-2", "key2": "value-2"} to topic topic-0d5fef94_416b_4f42_ad4b_476c09589f84
2025-08-06 18:57:33,668 INFO  [io.api.tes.ser.api.KafkaSerdesTester] (Thread-872) Sending message {"key1": "value-3", "key2": "value-3"} to topic topic-0d5fef94_416b_4f42_ad4b_476c09589f84
2025-08-06 18:57:33,669 INFO  [io.api.tes.ser.api.KafkaSerdesTester] (Thread-872) Sending message {"key1": "value-4", "key2": "value-4"} to topic topic-0d5fef94_416b_4f42_ad4b_476c09589f84
2025-08-06 18:57:33,670 INFO  [io.api.tes.ser.api.KafkaSerdesTester] (Thread-872) Sending message {"key1": "value-5", "key2": "value-5"} to topic topic-0d5fef94_416b_4f42_ad4b_476c09589f84
2025-08-06 18:57:33,671 INFO  [io.api.tes.ser.api.KafkaSerdesTester] (Thread-872) Sending message {"key1": "value-6", "key2": "value-6"} to topic topic-0d5fef94_416b_4f42_ad4b_476c09589f84
2025-08-06 18:57:33,673 INFO  [io.api.tes.ser.api.KafkaSerdesTester] (Thread-872) Sending message {"key1": "value-7", "key2": "value-7"} to topic topic-0d5fef94_416b_4f42_ad4b_476c09589f84
2025-08-06 18:57:33,675 INFO  [io.api.tes.ser.api.KafkaSerdesTester] (Thread-872) Sending message {"key1": "value-8", "key2": "value-8"} to topic topic-0d5fef94_416b_4f42_ad4b_476c09589f84
2025-08-06 18:57:33,676 INFO  [io.api.tes.ser.api.KafkaSerdesTester] (Thread-872) Sending message {"key1": "value-9", "key2": "value-9"} to topic topic-0d5fef94_416b_4f42_ad4b_476c09589f84
2025-08-06 18:57:33,677 INFO  [io.api.tes.ser.api.KafkaSerdesTester] (Thread-872) Produced 10 messages
2025-08-06 18:57:33,677 INFO  [org.apa.kaf.cli.pro.KafkaProducer] (Thread-872) [Producer clientId=Producer-topic-0d5fef94_416b_4f42_ad4b_476c09589f84] Closing the Kafka producer with timeoutMillis = 9223372036854775807 ms.
2025-08-06 18:57:33,680 INFO  [org.apa.kaf.com.met.Metrics] (Thread-872) Metrics scheduler closed
2025-08-06 18:57:33,680 INFO  [org.apa.kaf.com.met.Metrics] (Thread-872) Closing reporter org.apache.kafka.common.metrics.JmxReporter
2025-08-06 18:57:33,680 INFO  [org.apa.kaf.com.met.Metrics] (Thread-872) Closing reporter org.apache.kafka.common.telemetry.internals.ClientTelemetryReporter
2025-08-06 18:57:33,680 INFO  [org.apa.kaf.com.met.Metrics] (Thread-872) Metrics reporters closed
2025-08-06 18:57:33,680 INFO  [org.apa.kaf.com.uti.AppInfoParser] (Thread-872) App info kafka.producer for Producer-topic-0d5fef94_416b_4f42_ad4b_476c09589f84 unregistered
**** Registry Base URL: http://registry-app-mysql.apps.ci419.apicurio-testing.org:80
2025-08-06 18:57:33,681 INFO  [org.apa.kaf.cli.pro.ProducerConfig] (main) ProducerConfig values: 
	acks = -1
	auto.include.jmx.reporter = true
	batch.size = 16384
	bootstrap.servers = [PLAINTEXT://localhost:32769]
	buffer.memory = 33554432
	client.dns.lookup = use_all_dns_ips
	client.id = Producer-topic-0d5fef94_416b_4f42_ad4b_476c09589f84
	compression.gzip.level = -1
	compression.lz4.level = 9
	compression.type = none
	compression.zstd.level = 3
	connections.max.idle.ms = 10000
	delivery.timeout.ms = 120000
	enable.idempotence = true
	enable.metrics.push = true
	interceptor.classes = []
	key.serializer = class org.apache.kafka.common.serialization.StringSerializer
	linger.ms = 0
	max.block.ms = 60000
	max.in.flight.requests.per.connection = 5
	max.request.size = 1048576
	metadata.max.age.ms = 300000
	metadata.max.idle.ms = 300000
	metadata.recovery.strategy = none
	metric.reporters = []
	metrics.num.samples = 2
	metrics.recording.level = INFO
	metrics.sample.window.ms = 30000
	partitioner.adaptive.partitioning.enable = true
	partitioner.availability.timeout.ms = 0
	partitioner.class = null
	partitioner.ignore.keys = false
	receive.buffer.bytes = 32768
	reconnect.backoff.max.ms = 1000
	reconnect.backoff.ms = 50
	request.timeout.ms = 5000
	retries = 2147483647
	retry.backoff.max.ms = 1000
	retry.backoff.ms = 100
	sasl.client.callback.handler.class = null
	sasl.jaas.config = null
	sasl.kerberos.kinit.cmd = /usr/bin/kinit
	sasl.kerberos.min.time.before.relogin = 60000
	sasl.kerberos.service.name = null
	sasl.kerberos.ticket.renew.jitter = 0.05
	sasl.kerberos.ticket.renew.window.factor = 0.8
	sasl.login.callback.handler.class = null
	sasl.login.class = null
	sasl.login.connect.timeout.ms = null
	sasl.login.read.timeout.ms = null
	sasl.login.refresh.buffer.seconds = 300
	sasl.login.refresh.min.period.seconds = 60
	sasl.login.refresh.window.factor = 0.8
	sasl.login.refresh.window.jitter = 0.05
	sasl.login.retry.backoff.max.ms = 10000
	sasl.login.retry.backoff.ms = 100
	sasl.mechanism = GSSAPI
	sasl.oauthbearer.clock.skew.seconds = 30
	sasl.oauthbearer.expected.audience = null
	sasl.oauthbearer.expected.issuer = null
	sasl.oauthbearer.header.urlencode = false
	sasl.oauthbearer.jwks.endpoint.refresh.ms = 3600000
	sasl.oauthbearer.jwks.endpoint.retry.backoff.max.ms = 10000
	sasl.oauthbearer.jwks.endpoint.retry.backoff.ms = 100
	sasl.oauthbearer.jwks.endpoint.url = null
	sasl.oauthbearer.scope.claim.name = scope
	sasl.oauthbearer.sub.claim.name = sub
	sasl.oauthbearer.token.endpoint.url = null
	security.protocol = PLAINTEXT
	security.providers = null
	send.buffer.bytes = 131072
	socket.connection.setup.timeout.max.ms = 30000
	socket.connection.setup.timeout.ms = 10000
	ssl.cipher.suites = null
	ssl.enabled.protocols = [TLSv1.2, TLSv1.3]
	ssl.endpoint.identification.algorithm = https
	ssl.engine.factory.class = null
	ssl.key.password = null
	ssl.keymanager.algorithm = SunX509
	ssl.keystore.certificate.chain = null
	ssl.keystore.key = null
	ssl.keystore.location = null
	ssl.keystore.password = null
	ssl.keystore.type = JKS
	ssl.protocol = TLSv1.3
	ssl.provider = null
	ssl.secure.random.implementation = null
	ssl.trustmanager.algorithm = PKIX
	ssl.truststore.certificates = null
	ssl.truststore.location = null
	ssl.truststore.password = null
	ssl.truststore.type = JKS
	transaction.timeout.ms = 60000
	transactional.id = null
	value.serializer = class io.confluent.kafka.serializers.KafkaAvroSerializer

2025-08-06 18:57:33,681 INFO  [org.apa.kaf.com.tel.int.KafkaMetricsCollector] (main) initializing Kafka metrics collector
2025-08-06 18:57:33,681 INFO  [io.con.kaf.ser.KafkaAvroSerializerConfig] (main) KafkaAvroSerializerConfig values: 
	auto.register.schemas = false
	avro.reflection.allow.null = false
	avro.remove.java.properties = false
	avro.use.logical.type.converters = false
	basic.auth.credentials.source = URL
	basic.auth.user.info = [hidden]
	bearer.auth.cache.expiry.buffer.seconds = 300
	bearer.auth.client.id = null
	bearer.auth.client.secret = null
	bearer.auth.credentials.source = STATIC_TOKEN
	bearer.auth.custom.provider.class = null
	bearer.auth.identity.pool.id = null
	bearer.auth.issuer.endpoint.url = null
	bearer.auth.logical.cluster = null
	bearer.auth.scope = null
	bearer.auth.scope.claim.name = scope
	bearer.auth.sub.claim.name = sub
	bearer.auth.token = [hidden]
	context.name.strategy = class io.confluent.kafka.serializers.context.NullContextNameStrategy
	http.connect.timeout.ms = 60000
	http.read.timeout.ms = 60000
	id.compatibility.strict = true
	key.schema.id.deserializer = class io.confluent.kafka.serializers.schema.id.DualSchemaIdDeserializer
	key.schema.id.serializer = class io.confluent.kafka.serializers.schema.id.PrefixSchemaIdSerializer
	key.subject.name.strategy = class io.confluent.kafka.serializers.subject.TopicNameStrategy
	latest.cache.size = 1000
	latest.cache.ttl.sec = -1
	latest.compatibility.strict = true
	max.retries = 3
	max.schemas.per.subject = 1000
	normalize.schemas = false
	propagate.schema.tags = false
	proxy.host = 
	proxy.port = -1
	retries.max.wait.ms = 20000
	retries.wait.ms = 1000
	rule.actions = []
	rule.executors = []
	rule.service.loader.enable = true
	schema.format = null
	schema.reflection = false
	schema.registry.basic.auth.user.info = [hidden]
	schema.registry.ssl.cipher.suites = null
	schema.registry.ssl.enabled.protocols = [TLSv1.2, TLSv1.3]
	schema.registry.ssl.endpoint.identification.algorithm = https
	schema.registry.ssl.engine.factory.class = null
	schema.registry.ssl.key.password = null
	schema.registry.ssl.keymanager.algorithm = SunX509
	schema.registry.ssl.keystore.certificate.chain = null
	schema.registry.ssl.keystore.key = null
	schema.registry.ssl.keystore.location = null
	schema.registry.ssl.keystore.password = null
	schema.registry.ssl.keystore.type = JKS
	schema.registry.ssl.protocol = TLSv1.3
	schema.registry.ssl.provider = null
	schema.registry.ssl.secure.random.implementation = null
	schema.registry.ssl.trustmanager.algorithm = PKIX
	schema.registry.ssl.truststore.certificates = null
	schema.registry.ssl.truststore.location = null
	schema.registry.ssl.truststore.password = null
	schema.registry.ssl.truststore.type = JKS
	schema.registry.url = [http://registry-app-mysql.apps.ci419.apicurio-testing.org:80/apis/ccompat/v7]
	schema.registry.url.randomize = false
	use.latest.version = false
	use.latest.with.metadata = null
	use.schema.id = -1
	value.schema.id.deserializer = class io.confluent.kafka.serializers.schema.id.DualSchemaIdDeserializer
	value.schema.id.serializer = class io.confluent.kafka.serializers.schema.id.PrefixSchemaIdSerializer
	value.subject.name.strategy = class io.confluent.kafka.serializers.subject.TopicRecordNameStrategy

2025-08-06 18:57:33,683 INFO  [org.apa.kaf.cli.pro.KafkaProducer] (main) [Producer clientId=Producer-topic-0d5fef94_416b_4f42_ad4b_476c09589f84] Instantiated an idempotent producer.
2025-08-06 18:57:33,685 INFO  [org.apa.kaf.cli.pro.ProducerConfig] (main) These configurations '[schema.registry.url, auto.register.schemas, value.subject.name.strategy]' were supplied but are not used yet.
2025-08-06 18:57:33,685 INFO  [org.apa.kaf.com.uti.AppInfoParser] (main) Kafka version: 3.9.1
2025-08-06 18:57:33,685 INFO  [org.apa.kaf.com.uti.AppInfoParser] (main) Kafka commitId: f745dfdcee2b9851
2025-08-06 18:57:33,685 INFO  [org.apa.kaf.com.uti.AppInfoParser] (main) Kafka startTimeMs: 1754506653685
2025-08-06 18:57:33,687 INFO  [io.api.tes.ser.api.KafkaSerdesTester] (Thread-873) Sending message {"key1": "value-0"} to topic topic-0d5fef94_416b_4f42_ad4b_476c09589f84
2025-08-06 18:57:33,690 INFO  [org.apa.kaf.cli.Metadata] (kafka-producer-network-thread | Producer-topic-0d5fef94_416b_4f42_ad4b_476c09589f84) [Producer clientId=Producer-topic-0d5fef94_416b_4f42_ad4b_476c09589f84] Cluster ID: kF8Ua3WQTR-RR3LzMUds4A
2025-08-06 18:57:33,692 INFO  [org.apa.kaf.cli.pro.int.TransactionManager] (kafka-producer-network-thread | Producer-topic-0d5fef94_416b_4f42_ad4b_476c09589f84) [Producer clientId=Producer-topic-0d5fef94_416b_4f42_ad4b_476c09589f84] ProducerId set to 46 with epoch 0
2025-08-06 18:57:33,782 INFO  [io.api.tes.ser.api.KafkaSerdesTester] (Thread-873) Sending message {"key1": "value-1"} to topic topic-0d5fef94_416b_4f42_ad4b_476c09589f84
2025-08-06 18:57:33,784 INFO  [io.api.tes.ser.api.KafkaSerdesTester] (Thread-873) Sending message {"key1": "value-2"} to topic topic-0d5fef94_416b_4f42_ad4b_476c09589f84
2025-08-06 18:57:33,788 INFO  [io.api.tes.ser.api.KafkaSerdesTester] (Thread-873) Sending message {"key1": "value-3"} to topic topic-0d5fef94_416b_4f42_ad4b_476c09589f84
2025-08-06 18:57:33,789 INFO  [io.api.tes.ser.api.KafkaSerdesTester] (Thread-873) Sending message {"key1": "value-4"} to topic topic-0d5fef94_416b_4f42_ad4b_476c09589f84
2025-08-06 18:57:33,790 INFO  [io.api.tes.ser.api.KafkaSerdesTester] (Thread-873) Sending message {"key1": "value-5"} to topic topic-0d5fef94_416b_4f42_ad4b_476c09589f84
2025-08-06 18:57:33,791 INFO  [io.api.tes.ser.api.KafkaSerdesTester] (Thread-873) Sending message {"key1": "value-6"} to topic topic-0d5fef94_416b_4f42_ad4b_476c09589f84
2025-08-06 18:57:33,792 INFO  [io.api.tes.ser.api.KafkaSerdesTester] (Thread-873) Sending message {"key1": "value-7"} to topic topic-0d5fef94_416b_4f42_ad4b_476c09589f84
2025-08-06 18:57:33,794 INFO  [io.api.tes.ser.api.KafkaSerdesTester] (Thread-873) Sending message {"key1": "value-8"} to topic topic-0d5fef94_416b_4f42_ad4b_476c09589f84
2025-08-06 18:57:33,796 INFO  [io.api.tes.ser.api.KafkaSerdesTester] (Thread-873) Sending message {"key1": "value-9"} to topic topic-0d5fef94_416b_4f42_ad4b_476c09589f84
2025-08-06 18:57:33,797 INFO  [io.api.tes.ser.api.KafkaSerdesTester] (Thread-873) Produced 10 messages
2025-08-06 18:57:33,797 INFO  [org.apa.kaf.cli.pro.KafkaProducer] (Thread-873) [Producer clientId=Producer-topic-0d5fef94_416b_4f42_ad4b_476c09589f84] Closing the Kafka producer with timeoutMillis = 9223372036854775807 ms.
2025-08-06 18:57:33,800 INFO  [org.apa.kaf.com.met.Metrics] (Thread-873) Metrics scheduler closed
2025-08-06 18:57:33,800 INFO  [org.apa.kaf.com.met.Metrics] (Thread-873) Closing reporter org.apache.kafka.common.metrics.JmxReporter
2025-08-06 18:57:33,800 INFO  [org.apa.kaf.com.met.Metrics] (Thread-873) Closing reporter org.apache.kafka.common.telemetry.internals.ClientTelemetryReporter
2025-08-06 18:57:33,800 INFO  [org.apa.kaf.com.met.Metrics] (Thread-873) Metrics reporters closed
2025-08-06 18:57:33,800 INFO  [org.apa.kaf.com.uti.AppInfoParser] (Thread-873) App info kafka.producer for Producer-topic-0d5fef94_416b_4f42_ad4b_476c09589f84 unregistered
**** Registry Base URL: http://registry-app-mysql.apps.ci419.apicurio-testing.org:80
2025-08-06 18:57:33,801 INFO  [org.apa.kaf.cli.con.ConsumerConfig] (main) ConsumerConfig values: 
	allow.auto.create.topics = true
	auto.commit.interval.ms = 500
	auto.include.jmx.reporter = true
	auto.offset.reset = earliest
	bootstrap.servers = [PLAINTEXT://localhost:32769]
	check.crcs = true
	client.dns.lookup = use_all_dns_ips
	client.id = consumer-Consumer-topic-0d5fef94_416b_4f42_ad4b_476c09589f84-35
	client.rack = 
	connections.max.idle.ms = 10000
	default.api.timeout.ms = 60000
	enable.auto.commit = true
	enable.metrics.push = true
	exclude.internal.topics = true
	fetch.max.bytes = 52428800
	fetch.max.wait.ms = 500
	fetch.min.bytes = 1
	group.id = Consumer-topic-0d5fef94_416b_4f42_ad4b_476c09589f84
	group.instance.id = null
	group.protocol = classic
	group.remote.assignor = null
	heartbeat.interval.ms = 3000
	interceptor.classes = []
	internal.leave.group.on.close = true
	internal.throw.on.fetch.stable.offset.unsupported = false
	isolation.level = read_uncommitted
	key.deserializer = class org.apache.kafka.common.serialization.StringDeserializer
	max.partition.fetch.bytes = 1048576
	max.poll.interval.ms = 300000
	max.poll.records = 500
	metadata.max.age.ms = 300000
	metadata.recovery.strategy = none
	metric.reporters = []
	metrics.num.samples = 2
	metrics.recording.level = INFO
	metrics.sample.window.ms = 30000
	partition.assignment.strategy = [class org.apache.kafka.clients.consumer.RangeAssignor, class org.apache.kafka.clients.consumer.CooperativeStickyAssignor]
	receive.buffer.bytes = 65536
	reconnect.backoff.max.ms = 1000
	reconnect.backoff.ms = 50
	request.timeout.ms = 5000
	retry.backoff.max.ms = 1000
	retry.backoff.ms = 100
	sasl.client.callback.handler.class = null
	sasl.jaas.config = null
	sasl.kerberos.kinit.cmd = /usr/bin/kinit
	sasl.kerberos.min.time.before.relogin = 60000
	sasl.kerberos.service.name = null
	sasl.kerberos.ticket.renew.jitter = 0.05
	sasl.kerberos.ticket.renew.window.factor = 0.8
	sasl.login.callback.handler.class = null
	sasl.login.class = null
	sasl.login.connect.timeout.ms = null
	sasl.login.read.timeout.ms = null
	sasl.login.refresh.buffer.seconds = 300
	sasl.login.refresh.min.period.seconds = 60
	sasl.login.refresh.window.factor = 0.8
	sasl.login.refresh.window.jitter = 0.05
	sasl.login.retry.backoff.max.ms = 10000
	sasl.login.retry.backoff.ms = 100
	sasl.mechanism = GSSAPI
	sasl.oauthbearer.clock.skew.seconds = 30
	sasl.oauthbearer.expected.audience = null
	sasl.oauthbearer.expected.issuer = null
	sasl.oauthbearer.header.urlencode = false
	sasl.oauthbearer.jwks.endpoint.refresh.ms = 3600000
	sasl.oauthbearer.jwks.endpoint.retry.backoff.max.ms = 10000
	sasl.oauthbearer.jwks.endpoint.retry.backoff.ms = 100
	sasl.oauthbearer.jwks.endpoint.url = null
	sasl.oauthbearer.scope.claim.name = scope
	sasl.oauthbearer.sub.claim.name = sub
	sasl.oauthbearer.token.endpoint.url = null
	security.protocol = PLAINTEXT
	security.providers = null
	send.buffer.bytes = 131072
	session.timeout.ms = 45000
	socket.connection.setup.timeout.max.ms = 30000
	socket.connection.setup.timeout.ms = 10000
	ssl.cipher.suites = null
	ssl.enabled.protocols = [TLSv1.2, TLSv1.3]
	ssl.endpoint.identification.algorithm = https
	ssl.engine.factory.class = null
	ssl.key.password = null
	ssl.keymanager.algorithm = SunX509
	ssl.keystore.certificate.chain = null
	ssl.keystore.key = null
	ssl.keystore.location = null
	ssl.keystore.password = null
	ssl.keystore.type = JKS
	ssl.protocol = TLSv1.3
	ssl.provider = null
	ssl.secure.random.implementation = null
	ssl.trustmanager.algorithm = PKIX
	ssl.truststore.certificates = null
	ssl.truststore.location = null
	ssl.truststore.password = null
	ssl.truststore.type = JKS
	value.deserializer = class io.confluent.kafka.serializers.KafkaAvroDeserializer

2025-08-06 18:57:33,801 INFO  [org.apa.kaf.com.tel.int.KafkaMetricsCollector] (main) initializing Kafka metrics collector
2025-08-06 18:57:33,801 INFO  [io.con.kaf.ser.KafkaAvroDeserializerConfig] (main) KafkaAvroDeserializerConfig values: 
	auto.register.schemas = true
	avro.reflection.allow.null = false
	avro.use.logical.type.converters = false
	basic.auth.credentials.source = URL
	basic.auth.user.info = [hidden]
	bearer.auth.cache.expiry.buffer.seconds = 300
	bearer.auth.client.id = null
	bearer.auth.client.secret = null
	bearer.auth.credentials.source = STATIC_TOKEN
	bearer.auth.custom.provider.class = null
	bearer.auth.identity.pool.id = null
	bearer.auth.issuer.endpoint.url = null
	bearer.auth.logical.cluster = null
	bearer.auth.scope = null
	bearer.auth.scope.claim.name = scope
	bearer.auth.sub.claim.name = sub
	bearer.auth.token = [hidden]
	context.name.strategy = class io.confluent.kafka.serializers.context.NullContextNameStrategy
	http.connect.timeout.ms = 60000
	http.read.timeout.ms = 60000
	id.compatibility.strict = true
	key.schema.id.deserializer = class io.confluent.kafka.serializers.schema.id.DualSchemaIdDeserializer
	key.schema.id.serializer = class io.confluent.kafka.serializers.schema.id.PrefixSchemaIdSerializer
	key.subject.name.strategy = class io.confluent.kafka.serializers.subject.TopicNameStrategy
	latest.cache.size = 1000
	latest.cache.ttl.sec = -1
	latest.compatibility.strict = true
	max.retries = 3
	max.schemas.per.subject = 1000
	normalize.schemas = false
	propagate.schema.tags = false
	proxy.host = 
	proxy.port = -1
	retries.max.wait.ms = 20000
	retries.wait.ms = 1000
	rule.actions = []
	rule.executors = []
	rule.service.loader.enable = true
	schema.format = null
	schema.reflection = false
	schema.registry.basic.auth.user.info = [hidden]
	schema.registry.ssl.cipher.suites = null
	schema.registry.ssl.enabled.protocols = [TLSv1.2, TLSv1.3]
	schema.registry.ssl.endpoint.identification.algorithm = https
	schema.registry.ssl.engine.factory.class = null
	schema.registry.ssl.key.password = null
	schema.registry.ssl.keymanager.algorithm = SunX509
	schema.registry.ssl.keystore.certificate.chain = null
	schema.registry.ssl.keystore.key = null
	schema.registry.ssl.keystore.location = null
	schema.registry.ssl.keystore.password = null
	schema.registry.ssl.keystore.type = JKS
	schema.registry.ssl.protocol = TLSv1.3
	schema.registry.ssl.provider = null
	schema.registry.ssl.secure.random.implementation = null
	schema.registry.ssl.trustmanager.algorithm = PKIX
	schema.registry.ssl.truststore.certificates = null
	schema.registry.ssl.truststore.location = null
	schema.registry.ssl.truststore.password = null
	schema.registry.ssl.truststore.type = JKS
	schema.registry.url = [http://registry-app-mysql.apps.ci419.apicurio-testing.org:80/apis/ccompat/v7]
	schema.registry.url.randomize = false
	specific.avro.key.type = null
	specific.avro.reader = false
	specific.avro.value.type = null
	use.latest.version = false
	use.latest.with.metadata = null
	use.schema.id = -1
	value.schema.id.deserializer = class io.confluent.kafka.serializers.schema.id.DualSchemaIdDeserializer
	value.schema.id.serializer = class io.confluent.kafka.serializers.schema.id.PrefixSchemaIdSerializer
	value.subject.name.strategy = class io.confluent.kafka.serializers.subject.TopicNameStrategy

2025-08-06 18:57:33,805 INFO  [org.apa.kaf.cli.con.ConsumerConfig] (main) These configurations '[schema.registry.url]' were supplied but are not used yet.
2025-08-06 18:57:33,805 INFO  [org.apa.kaf.com.uti.AppInfoParser] (main) Kafka version: 3.9.1
2025-08-06 18:57:33,805 INFO  [org.apa.kaf.com.uti.AppInfoParser] (main) Kafka commitId: f745dfdcee2b9851
2025-08-06 18:57:33,805 INFO  [org.apa.kaf.com.uti.AppInfoParser] (main) Kafka startTimeMs: 1754506653805
2025-08-06 18:57:33,807 INFO  [org.apa.kaf.cli.con.int.ClassicKafkaConsumer] (Thread-874) [Consumer clientId=consumer-Consumer-topic-0d5fef94_416b_4f42_ad4b_476c09589f84-35, groupId=Consumer-topic-0d5fef94_416b_4f42_ad4b_476c09589f84] Subscribed to topic(s): topic-0d5fef94_416b_4f42_ad4b_476c09589f84
2025-08-06 18:57:33,811 INFO  [org.apa.kaf.cli.Metadata] (Thread-874) [Consumer clientId=consumer-Consumer-topic-0d5fef94_416b_4f42_ad4b_476c09589f84-35, groupId=Consumer-topic-0d5fef94_416b_4f42_ad4b_476c09589f84] Cluster ID: kF8Ua3WQTR-RR3LzMUds4A
2025-08-06 18:57:33,811 INFO  [org.apa.kaf.cli.con.int.ConsumerCoordinator] (Thread-874) [Consumer clientId=consumer-Consumer-topic-0d5fef94_416b_4f42_ad4b_476c09589f84-35, groupId=Consumer-topic-0d5fef94_416b_4f42_ad4b_476c09589f84] Discovered group coordinator localhost:32769 (id: 2147483647 rack: null)
2025-08-06 18:57:33,814 INFO  [org.apa.kaf.cli.con.int.ConsumerCoordinator] (Thread-874) [Consumer clientId=consumer-Consumer-topic-0d5fef94_416b_4f42_ad4b_476c09589f84-35, groupId=Consumer-topic-0d5fef94_416b_4f42_ad4b_476c09589f84] (Re-)joining group
2025-08-06 18:57:33,819 INFO  [org.apa.kaf.cli.con.int.ConsumerCoordinator] (Thread-874) [Consumer clientId=consumer-Consumer-topic-0d5fef94_416b_4f42_ad4b_476c09589f84-35, groupId=Consumer-topic-0d5fef94_416b_4f42_ad4b_476c09589f84] Request joining group due to: need to re-join with the given member-id: consumer-Consumer-topic-0d5fef94_416b_4f42_ad4b_476c09589f84-35-b1fac1b2-a068-4539-aac7-aac8e0b4ca59
2025-08-06 18:57:33,819 INFO  [org.apa.kaf.cli.con.int.ConsumerCoordinator] (Thread-874) [Consumer clientId=consumer-Consumer-topic-0d5fef94_416b_4f42_ad4b_476c09589f84-35, groupId=Consumer-topic-0d5fef94_416b_4f42_ad4b_476c09589f84] (Re-)joining group
2025-08-06 18:57:34,807 INFO  [io.api.tes.ser.api.KafkaSerdesTester] (Thread-874) None found
2025-08-06 18:57:35,807 INFO  [io.api.tes.ser.api.KafkaSerdesTester] (Thread-874) None found
2025-08-06 18:57:36,808 INFO  [io.api.tes.ser.api.KafkaSerdesTester] (Thread-874) None found
2025-08-06 18:57:36,823 INFO  [org.apa.kaf.cli.con.int.ConsumerCoordinator] (Thread-874) [Consumer clientId=consumer-Consumer-topic-0d5fef94_416b_4f42_ad4b_476c09589f84-35, groupId=Consumer-topic-0d5fef94_416b_4f42_ad4b_476c09589f84] Successfully joined group with generation Generation{generationId=3, memberId='consumer-Consumer-topic-0d5fef94_416b_4f42_ad4b_476c09589f84-35-b1fac1b2-a068-4539-aac7-aac8e0b4ca59', protocol='range'}
2025-08-06 18:57:36,824 INFO  [org.apa.kaf.cli.con.int.ConsumerCoordinator] (Thread-874) [Consumer clientId=consumer-Consumer-topic-0d5fef94_416b_4f42_ad4b_476c09589f84-35, groupId=Consumer-topic-0d5fef94_416b_4f42_ad4b_476c09589f84] Finished assignment for group at generation 3: {consumer-Consumer-topic-0d5fef94_416b_4f42_ad4b_476c09589f84-35-b1fac1b2-a068-4539-aac7-aac8e0b4ca59=Assignment(partitions=[topic-0d5fef94_416b_4f42_ad4b_476c09589f84-0])}
2025-08-06 18:57:36,830 INFO  [org.apa.kaf.cli.con.int.ConsumerCoordinator] (Thread-874) [Consumer clientId=consumer-Consumer-topic-0d5fef94_416b_4f42_ad4b_476c09589f84-35, groupId=Consumer-topic-0d5fef94_416b_4f42_ad4b_476c09589f84] Successfully synced group in generation Generation{generationId=3, memberId='consumer-Consumer-topic-0d5fef94_416b_4f42_ad4b_476c09589f84-35-b1fac1b2-a068-4539-aac7-aac8e0b4ca59', protocol='range'}
2025-08-06 18:57:36,830 INFO  [org.apa.kaf.cli.con.int.ConsumerCoordinator] (Thread-874) [Consumer clientId=consumer-Consumer-topic-0d5fef94_416b_4f42_ad4b_476c09589f84-35, groupId=Consumer-topic-0d5fef94_416b_4f42_ad4b_476c09589f84] Notifying assignor about the new Assignment(partitions=[topic-0d5fef94_416b_4f42_ad4b_476c09589f84-0])
2025-08-06 18:57:36,830 INFO  [org.apa.kaf.cli.con.int.ConsumerRebalanceListenerInvoker] (Thread-874) [Consumer clientId=consumer-Consumer-topic-0d5fef94_416b_4f42_ad4b_476c09589f84-35, groupId=Consumer-topic-0d5fef94_416b_4f42_ad4b_476c09589f84] Adding newly assigned partitions: topic-0d5fef94_416b_4f42_ad4b_476c09589f84-0
2025-08-06 18:57:36,832 INFO  [org.apa.kaf.cli.con.int.ConsumerUtils] (Thread-874) Setting offset for partition topic-0d5fef94_416b_4f42_ad4b_476c09589f84-0 to the committed offset FetchPosition{offset=10, offsetEpoch=Optional[0], currentLeader=LeaderAndEpoch{leader=Optional[localhost:32769 (id: 0 rack: null)], epoch=0}}
2025-08-06 18:57:36,999 INFO  [io.api.tes.ser.api.KafkaSerdesTester] (Thread-874) topic-0d5fef94_416b_4f42_ad4b_476c09589f84 0 10 {"key1": "value-0", "key2": "value-0"}
2025-08-06 18:57:36,999 INFO  [io.api.tes.ser.api.KafkaSerdesTester] (Thread-874) topic-0d5fef94_416b_4f42_ad4b_476c09589f84 0 11 {"key1": "value-1", "key2": "value-1"}
2025-08-06 18:57:36,999 INFO  [io.api.tes.ser.api.KafkaSerdesTester] (Thread-874) topic-0d5fef94_416b_4f42_ad4b_476c09589f84 0 12 {"key1": "value-2", "key2": "value-2"}
2025-08-06 18:57:36,999 INFO  [io.api.tes.ser.api.KafkaSerdesTester] (Thread-874) topic-0d5fef94_416b_4f42_ad4b_476c09589f84 0 13 {"key1": "value-3", "key2": "value-3"}
2025-08-06 18:57:36,999 INFO  [io.api.tes.ser.api.KafkaSerdesTester] (Thread-874) topic-0d5fef94_416b_4f42_ad4b_476c09589f84 0 14 {"key1": "value-4", "key2": "value-4"}
2025-08-06 18:57:36,999 INFO  [io.api.tes.ser.api.KafkaSerdesTester] (Thread-874) topic-0d5fef94_416b_4f42_ad4b_476c09589f84 0 15 {"key1": "value-5", "key2": "value-5"}
2025-08-06 18:57:36,999 INFO  [io.api.tes.ser.api.KafkaSerdesTester] (Thread-874) topic-0d5fef94_416b_4f42_ad4b_476c09589f84 0 16 {"key1": "value-6", "key2": "value-6"}
2025-08-06 18:57:36,999 INFO  [io.api.tes.ser.api.KafkaSerdesTester] (Thread-874) topic-0d5fef94_416b_4f42_ad4b_476c09589f84 0 17 {"key1": "value-7", "key2": "value-7"}
2025-08-06 18:57:36,999 INFO  [io.api.tes.ser.api.KafkaSerdesTester] (Thread-874) topic-0d5fef94_416b_4f42_ad4b_476c09589f84 0 18 {"key1": "value-8", "key2": "value-8"}
2025-08-06 18:57:36,999 INFO  [io.api.tes.ser.api.KafkaSerdesTester] (Thread-874) topic-0d5fef94_416b_4f42_ad4b_476c09589f84 0 19 {"key1": "value-9", "key2": "value-9"}
2025-08-06 18:57:36,999 INFO  [io.api.tes.ser.api.KafkaSerdesTester] (Thread-874) topic-0d5fef94_416b_4f42_ad4b_476c09589f84 0 20 {"key1": "value-0"}
2025-08-06 18:57:36,999 INFO  [io.api.tes.ser.api.KafkaSerdesTester] (Thread-874) topic-0d5fef94_416b_4f42_ad4b_476c09589f84 0 21 {"key1": "value-1"}
2025-08-06 18:57:36,999 INFO  [io.api.tes.ser.api.KafkaSerdesTester] (Thread-874) topic-0d5fef94_416b_4f42_ad4b_476c09589f84 0 22 {"key1": "value-2"}
2025-08-06 18:57:36,999 INFO  [io.api.tes.ser.api.KafkaSerdesTester] (Thread-874) topic-0d5fef94_416b_4f42_ad4b_476c09589f84 0 23 {"key1": "value-3"}
2025-08-06 18:57:36,999 INFO  [io.api.tes.ser.api.KafkaSerdesTester] (Thread-874) topic-0d5fef94_416b_4f42_ad4b_476c09589f84 0 24 {"key1": "value-4"}
2025-08-06 18:57:37,000 INFO  [io.api.tes.ser.api.KafkaSerdesTester] (Thread-874) topic-0d5fef94_416b_4f42_ad4b_476c09589f84 0 25 {"key1": "value-5"}
2025-08-06 18:57:37,000 INFO  [io.api.tes.ser.api.KafkaSerdesTester] (Thread-874) topic-0d5fef94_416b_4f42_ad4b_476c09589f84 0 26 {"key1": "value-6"}
2025-08-06 18:57:37,000 INFO  [io.api.tes.ser.api.KafkaSerdesTester] (Thread-874) topic-0d5fef94_416b_4f42_ad4b_476c09589f84 0 27 {"key1": "value-7"}
2025-08-06 18:57:37,000 INFO  [io.api.tes.ser.api.KafkaSerdesTester] (Thread-874) topic-0d5fef94_416b_4f42_ad4b_476c09589f84 0 28 {"key1": "value-8"}
2025-08-06 18:57:37,000 INFO  [io.api.tes.ser.api.KafkaSerdesTester] (Thread-874) topic-0d5fef94_416b_4f42_ad4b_476c09589f84 0 29 {"key1": "value-9"}
2025-08-06 18:57:37,000 INFO  [io.api.tes.ser.api.KafkaSerdesTester] (Thread-874) Consumed 20 messages
2025-08-06 18:57:37,006 INFO  [org.apa.kaf.cli.con.int.ConsumerRebalanceListenerInvoker] (Thread-874) [Consumer clientId=consumer-Consumer-topic-0d5fef94_416b_4f42_ad4b_476c09589f84-35, groupId=Consumer-topic-0d5fef94_416b_4f42_ad4b_476c09589f84] Revoke previously assigned partitions topic-0d5fef94_416b_4f42_ad4b_476c09589f84-0
2025-08-06 18:57:37,006 INFO  [org.apa.kaf.cli.con.int.ConsumerCoordinator] (Thread-874) [Consumer clientId=consumer-Consumer-topic-0d5fef94_416b_4f42_ad4b_476c09589f84-35, groupId=Consumer-topic-0d5fef94_416b_4f42_ad4b_476c09589f84] Member consumer-Consumer-topic-0d5fef94_416b_4f42_ad4b_476c09589f84-35-b1fac1b2-a068-4539-aac7-aac8e0b4ca59 sending LeaveGroup request to coordinator localhost:32769 (id: 2147483647 rack: null) due to the consumer is being closed
2025-08-06 18:57:37,006 INFO  [org.apa.kaf.cli.con.int.ConsumerCoordinator] (Thread-874) [Consumer clientId=consumer-Consumer-topic-0d5fef94_416b_4f42_ad4b_476c09589f84-35, groupId=Consumer-topic-0d5fef94_416b_4f42_ad4b_476c09589f84] Resetting generation and member id due to: consumer pro-actively leaving the group
2025-08-06 18:57:37,006 INFO  [org.apa.kaf.cli.con.int.ConsumerCoordinator] (Thread-874) [Consumer clientId=consumer-Consumer-topic-0d5fef94_416b_4f42_ad4b_476c09589f84-35, groupId=Consumer-topic-0d5fef94_416b_4f42_ad4b_476c09589f84] Request joining group due to: consumer pro-actively leaving the group
2025-08-06 18:57:37,501 INFO  [org.apa.kaf.com.met.Metrics] (Thread-874) Metrics scheduler closed
2025-08-06 18:57:37,501 INFO  [org.apa.kaf.com.met.Metrics] (Thread-874) Closing reporter org.apache.kafka.common.metrics.JmxReporter
2025-08-06 18:57:37,501 INFO  [org.apa.kaf.com.met.Metrics] (Thread-874) Closing reporter org.apache.kafka.common.telemetry.internals.ClientTelemetryReporter
2025-08-06 18:57:37,501 INFO  [org.apa.kaf.com.met.Metrics] (Thread-874) Metrics reporters closed
2025-08-06 18:57:37,502 INFO  [org.apa.kaf.com.uti.AppInfoParser] (Thread-874) App info kafka.consumer for consumer-Consumer-topic-0d5fef94_416b_4f42_ad4b_476c09589f84-35 unregistered
**** Registry Base URL: http://registry-app-mysql.apps.ci419.apicurio-testing.org:80
2025-08-06 18:57:38,702 INFO  [org.apa.kaf.cli.pro.ProducerConfig] (main) ProducerConfig values: 
	acks = -1
	auto.include.jmx.reporter = true
	batch.size = 16384
	bootstrap.servers = [PLAINTEXT://localhost:32769]
	buffer.memory = 33554432
	client.dns.lookup = use_all_dns_ips
	client.id = Producer-topic-0d5fef94_416b_4f42_ad4b_476c09589f84
	compression.gzip.level = -1
	compression.lz4.level = 9
	compression.type = none
	compression.zstd.level = 3
	connections.max.idle.ms = 10000
	delivery.timeout.ms = 120000
	enable.idempotence = true
	enable.metrics.push = true
	interceptor.classes = []
	key.serializer = class org.apache.kafka.common.serialization.StringSerializer
	linger.ms = 0
	max.block.ms = 60000
	max.in.flight.requests.per.connection = 5
	max.request.size = 1048576
	metadata.max.age.ms = 300000
	metadata.max.idle.ms = 300000
	metadata.recovery.strategy = none
	metric.reporters = []
	metrics.num.samples = 2
	metrics.recording.level = INFO
	metrics.sample.window.ms = 30000
	partitioner.adaptive.partitioning.enable = true
	partitioner.availability.timeout.ms = 0
	partitioner.class = null
	partitioner.ignore.keys = false
	receive.buffer.bytes = 32768
	reconnect.backoff.max.ms = 1000
	reconnect.backoff.ms = 50
	request.timeout.ms = 5000
	retries = 2147483647
	retry.backoff.max.ms = 1000
	retry.backoff.ms = 100
	sasl.client.callback.handler.class = null
	sasl.jaas.config = null
	sasl.kerberos.kinit.cmd = /usr/bin/kinit
	sasl.kerberos.min.time.before.relogin = 60000
	sasl.kerberos.service.name = null
	sasl.kerberos.ticket.renew.jitter = 0.05
	sasl.kerberos.ticket.renew.window.factor = 0.8
	sasl.login.callback.handler.class = null
	sasl.login.class = null
	sasl.login.connect.timeout.ms = null
	sasl.login.read.timeout.ms = null
	sasl.login.refresh.buffer.seconds = 300
	sasl.login.refresh.min.period.seconds = 60
	sasl.login.refresh.window.factor = 0.8
	sasl.login.refresh.window.jitter = 0.05
	sasl.login.retry.backoff.max.ms = 10000
	sasl.login.retry.backoff.ms = 100
	sasl.mechanism = GSSAPI
	sasl.oauthbearer.clock.skew.seconds = 30
	sasl.oauthbearer.expected.audience = null
	sasl.oauthbearer.expected.issuer = null
	sasl.oauthbearer.header.urlencode = false
	sasl.oauthbearer.jwks.endpoint.refresh.ms = 3600000
	sasl.oauthbearer.jwks.endpoint.retry.backoff.max.ms = 10000
	sasl.oauthbearer.jwks.endpoint.retry.backoff.ms = 100
	sasl.oauthbearer.jwks.endpoint.url = null
	sasl.oauthbearer.scope.claim.name = scope
	sasl.oauthbearer.sub.claim.name = sub
	sasl.oauthbearer.token.endpoint.url = null
	security.protocol = PLAINTEXT
	security.providers = null
	send.buffer.bytes = 131072
	socket.connection.setup.timeout.max.ms = 30000
	socket.connection.setup.timeout.ms = 10000
	ssl.cipher.suites = null
	ssl.enabled.protocols = [TLSv1.2, TLSv1.3]
	ssl.endpoint.identification.algorithm = https
	ssl.engine.factory.class = null
	ssl.key.password = null
	ssl.keymanager.algorithm = SunX509
	ssl.keystore.certificate.chain = null
	ssl.keystore.key = null
	ssl.keystore.location = null
	ssl.keystore.password = null
	ssl.keystore.type = JKS
	ssl.protocol = TLSv1.3
	ssl.provider = null
	ssl.secure.random.implementation = null
	ssl.trustmanager.algorithm = PKIX
	ssl.truststore.certificates = null
	ssl.truststore.location = null
	ssl.truststore.password = null
	ssl.truststore.type = JKS
	transaction.timeout.ms = 60000
	transactional.id = null
	value.serializer = class io.confluent.kafka.serializers.KafkaAvroSerializer

2025-08-06 18:57:38,702 INFO  [org.apa.kaf.com.tel.int.KafkaMetricsCollector] (main) initializing Kafka metrics collector
2025-08-06 18:57:38,702 INFO  [io.con.kaf.ser.KafkaAvroSerializerConfig] (main) KafkaAvroSerializerConfig values: 
	auto.register.schemas = false
	avro.reflection.allow.null = false
	avro.remove.java.properties = false
	avro.use.logical.type.converters = false
	basic.auth.credentials.source = URL
	basic.auth.user.info = [hidden]
	bearer.auth.cache.expiry.buffer.seconds = 300
	bearer.auth.client.id = null
	bearer.auth.client.secret = null
	bearer.auth.credentials.source = STATIC_TOKEN
	bearer.auth.custom.provider.class = null
	bearer.auth.identity.pool.id = null
	bearer.auth.issuer.endpoint.url = null
	bearer.auth.logical.cluster = null
	bearer.auth.scope = null
	bearer.auth.scope.claim.name = scope
	bearer.auth.sub.claim.name = sub
	bearer.auth.token = [hidden]
	context.name.strategy = class io.confluent.kafka.serializers.context.NullContextNameStrategy
	http.connect.timeout.ms = 60000
	http.read.timeout.ms = 60000
	id.compatibility.strict = true
	key.schema.id.deserializer = class io.confluent.kafka.serializers.schema.id.DualSchemaIdDeserializer
	key.schema.id.serializer = class io.confluent.kafka.serializers.schema.id.PrefixSchemaIdSerializer
	key.subject.name.strategy = class io.confluent.kafka.serializers.subject.TopicNameStrategy
	latest.cache.size = 1000
	latest.cache.ttl.sec = -1
	latest.compatibility.strict = true
	max.retries = 3
	max.schemas.per.subject = 1000
	normalize.schemas = false
	propagate.schema.tags = false
	proxy.host = 
	proxy.port = -1
	retries.max.wait.ms = 20000
	retries.wait.ms = 1000
	rule.actions = []
	rule.executors = []
	rule.service.loader.enable = true
	schema.format = null
	schema.reflection = false
	schema.registry.basic.auth.user.info = [hidden]
	schema.registry.ssl.cipher.suites = null
	schema.registry.ssl.enabled.protocols = [TLSv1.2, TLSv1.3]
	schema.registry.ssl.endpoint.identification.algorithm = https
	schema.registry.ssl.engine.factory.class = null
	schema.registry.ssl.key.password = null
	schema.registry.ssl.keymanager.algorithm = SunX509
	schema.registry.ssl.keystore.certificate.chain = null
	schema.registry.ssl.keystore.key = null
	schema.registry.ssl.keystore.location = null
	schema.registry.ssl.keystore.password = null
	schema.registry.ssl.keystore.type = JKS
	schema.registry.ssl.protocol = TLSv1.3
	schema.registry.ssl.provider = null
	schema.registry.ssl.secure.random.implementation = null
	schema.registry.ssl.trustmanager.algorithm = PKIX
	schema.registry.ssl.truststore.certificates = null
	schema.registry.ssl.truststore.location = null
	schema.registry.ssl.truststore.password = null
	schema.registry.ssl.truststore.type = JKS
	schema.registry.url = [http://registry-app-mysql.apps.ci419.apicurio-testing.org:80/apis/ccompat/v7]
	schema.registry.url.randomize = false
	use.latest.version = false
	use.latest.with.metadata = null
	use.schema.id = -1
	value.schema.id.deserializer = class io.confluent.kafka.serializers.schema.id.DualSchemaIdDeserializer
	value.schema.id.serializer = class io.confluent.kafka.serializers.schema.id.PrefixSchemaIdSerializer
	value.subject.name.strategy = class io.confluent.kafka.serializers.subject.TopicRecordNameStrategy

2025-08-06 18:57:38,704 INFO  [org.apa.kaf.cli.pro.KafkaProducer] (main) [Producer clientId=Producer-topic-0d5fef94_416b_4f42_ad4b_476c09589f84] Instantiated an idempotent producer.
2025-08-06 18:57:38,705 INFO  [org.apa.kaf.cli.pro.ProducerConfig] (main) These configurations '[schema.registry.url, auto.register.schemas, value.subject.name.strategy]' were supplied but are not used yet.
2025-08-06 18:57:38,705 INFO  [org.apa.kaf.com.uti.AppInfoParser] (main) Kafka version: 3.9.1
2025-08-06 18:57:38,705 INFO  [org.apa.kaf.com.uti.AppInfoParser] (main) Kafka commitId: f745dfdcee2b9851
2025-08-06 18:57:38,705 INFO  [org.apa.kaf.com.uti.AppInfoParser] (main) Kafka startTimeMs: 1754506658705
2025-08-06 18:57:38,707 INFO  [io.api.tes.ser.api.KafkaSerdesTester] (Thread-875) Sending message {"key1": "value-0", "key2": "value-0", "key3": "value-0"} to topic topic-0d5fef94_416b_4f42_ad4b_476c09589f84
2025-08-06 18:57:38,709 INFO  [org.apa.kaf.cli.Metadata] (kafka-producer-network-thread | Producer-topic-0d5fef94_416b_4f42_ad4b_476c09589f84) [Producer clientId=Producer-topic-0d5fef94_416b_4f42_ad4b_476c09589f84] Cluster ID: kF8Ua3WQTR-RR3LzMUds4A
2025-08-06 18:57:38,709 INFO  [org.apa.kaf.cli.pro.int.TransactionManager] (kafka-producer-network-thread | Producer-topic-0d5fef94_416b_4f42_ad4b_476c09589f84) [Producer clientId=Producer-topic-0d5fef94_416b_4f42_ad4b_476c09589f84] ProducerId set to 47 with epoch 0
2025-08-06 18:57:38,803 INFO  [io.api.tes.ser.api.KafkaSerdesTester] (Thread-875) Sending message {"key1": "value-1", "key2": "value-1", "key3": "value-1"} to topic topic-0d5fef94_416b_4f42_ad4b_476c09589f84
2025-08-06 18:57:38,805 INFO  [io.api.tes.ser.api.KafkaSerdesTester] (Thread-875) Sending message {"key1": "value-2", "key2": "value-2", "key3": "value-2"} to topic topic-0d5fef94_416b_4f42_ad4b_476c09589f84
2025-08-06 18:57:38,808 INFO  [io.api.tes.ser.api.KafkaSerdesTester] (Thread-875) Sending message {"key1": "value-3", "key2": "value-3", "key3": "value-3"} to topic topic-0d5fef94_416b_4f42_ad4b_476c09589f84
2025-08-06 18:57:38,813 INFO  [io.api.tes.ser.api.KafkaSerdesTester] (Thread-875) Sending message {"key1": "value-4", "key2": "value-4", "key3": "value-4"} to topic topic-0d5fef94_416b_4f42_ad4b_476c09589f84
2025-08-06 18:57:38,815 INFO  [io.api.tes.ser.api.KafkaSerdesTester] (Thread-875) Sending message {"key1": "value-5", "key2": "value-5", "key3": "value-5"} to topic topic-0d5fef94_416b_4f42_ad4b_476c09589f84
2025-08-06 18:57:38,818 INFO  [io.api.tes.ser.api.KafkaSerdesTester] (Thread-875) Sending message {"key1": "value-6", "key2": "value-6", "key3": "value-6"} to topic topic-0d5fef94_416b_4f42_ad4b_476c09589f84
2025-08-06 18:57:38,820 INFO  [io.api.tes.ser.api.KafkaSerdesTester] (Thread-875) Sending message {"key1": "value-7", "key2": "value-7", "key3": "value-7"} to topic topic-0d5fef94_416b_4f42_ad4b_476c09589f84
2025-08-06 18:57:38,821 INFO  [io.api.tes.ser.api.KafkaSerdesTester] (Thread-875) Sending message {"key1": "value-8", "key2": "value-8", "key3": "value-8"} to topic topic-0d5fef94_416b_4f42_ad4b_476c09589f84
2025-08-06 18:57:38,822 INFO  [io.api.tes.ser.api.KafkaSerdesTester] (Thread-875) Sending message {"key1": "value-9", "key2": "value-9", "key3": "value-9"} to topic topic-0d5fef94_416b_4f42_ad4b_476c09589f84
2025-08-06 18:57:38,825 INFO  [io.api.tes.ser.api.KafkaSerdesTester] (Thread-875) Produced 10 messages
2025-08-06 18:57:38,825 INFO  [org.apa.kaf.cli.pro.KafkaProducer] (Thread-875) [Producer clientId=Producer-topic-0d5fef94_416b_4f42_ad4b_476c09589f84] Closing the Kafka producer with timeoutMillis = 9223372036854775807 ms.
2025-08-06 18:57:38,829 INFO  [org.apa.kaf.com.met.Metrics] (Thread-875) Metrics scheduler closed
2025-08-06 18:57:38,829 INFO  [org.apa.kaf.com.met.Metrics] (Thread-875) Closing reporter org.apache.kafka.common.metrics.JmxReporter
2025-08-06 18:57:38,829 INFO  [org.apa.kaf.com.met.Metrics] (Thread-875) Closing reporter org.apache.kafka.common.telemetry.internals.ClientTelemetryReporter
2025-08-06 18:57:38,829 INFO  [org.apa.kaf.com.met.Metrics] (Thread-875) Metrics reporters closed
2025-08-06 18:57:38,829 INFO  [org.apa.kaf.com.uti.AppInfoParser] (Thread-875) App info kafka.producer for Producer-topic-0d5fef94_416b_4f42_ad4b_476c09589f84 unregistered
**** Registry Base URL: http://registry-app-mysql.apps.ci419.apicurio-testing.org:80
2025-08-06 18:57:38,831 INFO  [org.apa.kaf.cli.pro.ProducerConfig] (main) ProducerConfig values: 
	acks = -1
	auto.include.jmx.reporter = true
	batch.size = 16384
	bootstrap.servers = [PLAINTEXT://localhost:32769]
	buffer.memory = 33554432
	client.dns.lookup = use_all_dns_ips
	client.id = Producer-topic-0d5fef94_416b_4f42_ad4b_476c09589f84
	compression.gzip.level = -1
	compression.lz4.level = 9
	compression.type = none
	compression.zstd.level = 3
	connections.max.idle.ms = 10000
	delivery.timeout.ms = 120000
	enable.idempotence = true
	enable.metrics.push = true
	interceptor.classes = []
	key.serializer = class org.apache.kafka.common.serialization.StringSerializer
	linger.ms = 0
	max.block.ms = 60000
	max.in.flight.requests.per.connection = 5
	max.request.size = 1048576
	metadata.max.age.ms = 300000
	metadata.max.idle.ms = 300000
	metadata.recovery.strategy = none
	metric.reporters = []
	metrics.num.samples = 2
	metrics.recording.level = INFO
	metrics.sample.window.ms = 30000
	partitioner.adaptive.partitioning.enable = true
	partitioner.availability.timeout.ms = 0
	partitioner.class = null
	partitioner.ignore.keys = false
	receive.buffer.bytes = 32768
	reconnect.backoff.max.ms = 1000
	reconnect.backoff.ms = 50
	request.timeout.ms = 5000
	retries = 2147483647
	retry.backoff.max.ms = 1000
	retry.backoff.ms = 100
	sasl.client.callback.handler.class = null
	sasl.jaas.config = null
	sasl.kerberos.kinit.cmd = /usr/bin/kinit
	sasl.kerberos.min.time.before.relogin = 60000
	sasl.kerberos.service.name = null
	sasl.kerberos.ticket.renew.jitter = 0.05
	sasl.kerberos.ticket.renew.window.factor = 0.8
	sasl.login.callback.handler.class = null
	sasl.login.class = null
	sasl.login.connect.timeout.ms = null
	sasl.login.read.timeout.ms = null
	sasl.login.refresh.buffer.seconds = 300
	sasl.login.refresh.min.period.seconds = 60
	sasl.login.refresh.window.factor = 0.8
	sasl.login.refresh.window.jitter = 0.05
	sasl.login.retry.backoff.max.ms = 10000
	sasl.login.retry.backoff.ms = 100
	sasl.mechanism = GSSAPI
	sasl.oauthbearer.clock.skew.seconds = 30
	sasl.oauthbearer.expected.audience = null
	sasl.oauthbearer.expected.issuer = null
	sasl.oauthbearer.header.urlencode = false
	sasl.oauthbearer.jwks.endpoint.refresh.ms = 3600000
	sasl.oauthbearer.jwks.endpoint.retry.backoff.max.ms = 10000
	sasl.oauthbearer.jwks.endpoint.retry.backoff.ms = 100
	sasl.oauthbearer.jwks.endpoint.url = null
	sasl.oauthbearer.scope.claim.name = scope
	sasl.oauthbearer.sub.claim.name = sub
	sasl.oauthbearer.token.endpoint.url = null
	security.protocol = PLAINTEXT
	security.providers = null
	send.buffer.bytes = 131072
	socket.connection.setup.timeout.max.ms = 30000
	socket.connection.setup.timeout.ms = 10000
	ssl.cipher.suites = null
	ssl.enabled.protocols = [TLSv1.2, TLSv1.3]
	ssl.endpoint.identification.algorithm = https
	ssl.engine.factory.class = null
	ssl.key.password = null
	ssl.keymanager.algorithm = SunX509
	ssl.keystore.certificate.chain = null
	ssl.keystore.key = null
	ssl.keystore.location = null
	ssl.keystore.password = null
	ssl.keystore.type = JKS
	ssl.protocol = TLSv1.3
	ssl.provider = null
	ssl.secure.random.implementation = null
	ssl.trustmanager.algorithm = PKIX
	ssl.truststore.certificates = null
	ssl.truststore.location = null
	ssl.truststore.password = null
	ssl.truststore.type = JKS
	transaction.timeout.ms = 60000
	transactional.id = null
	value.serializer = class io.confluent.kafka.serializers.KafkaAvroSerializer

2025-08-06 18:57:38,832 INFO  [org.apa.kaf.com.tel.int.KafkaMetricsCollector] (main) initializing Kafka metrics collector
2025-08-06 18:57:38,832 INFO  [io.con.kaf.ser.KafkaAvroSerializerConfig] (main) KafkaAvroSerializerConfig values: 
	auto.register.schemas = false
	avro.reflection.allow.null = false
	avro.remove.java.properties = false
	avro.use.logical.type.converters = false
	basic.auth.credentials.source = URL
	basic.auth.user.info = [hidden]
	bearer.auth.cache.expiry.buffer.seconds = 300
	bearer.auth.client.id = null
	bearer.auth.client.secret = null
	bearer.auth.credentials.source = STATIC_TOKEN
	bearer.auth.custom.provider.class = null
	bearer.auth.identity.pool.id = null
	bearer.auth.issuer.endpoint.url = null
	bearer.auth.logical.cluster = null
	bearer.auth.scope = null
	bearer.auth.scope.claim.name = scope
	bearer.auth.sub.claim.name = sub
	bearer.auth.token = [hidden]
	context.name.strategy = class io.confluent.kafka.serializers.context.NullContextNameStrategy
	http.connect.timeout.ms = 60000
	http.read.timeout.ms = 60000
	id.compatibility.strict = true
	key.schema.id.deserializer = class io.confluent.kafka.serializers.schema.id.DualSchemaIdDeserializer
	key.schema.id.serializer = class io.confluent.kafka.serializers.schema.id.PrefixSchemaIdSerializer
	key.subject.name.strategy = class io.confluent.kafka.serializers.subject.TopicNameStrategy
	latest.cache.size = 1000
	latest.cache.ttl.sec = -1
	latest.compatibility.strict = true
	max.retries = 3
	max.schemas.per.subject = 1000
	normalize.schemas = false
	propagate.schema.tags = false
	proxy.host = 
	proxy.port = -1
	retries.max.wait.ms = 20000
	retries.wait.ms = 1000
	rule.actions = []
	rule.executors = []
	rule.service.loader.enable = true
	schema.format = null
	schema.reflection = false
	schema.registry.basic.auth.user.info = [hidden]
	schema.registry.ssl.cipher.suites = null
	schema.registry.ssl.enabled.protocols = [TLSv1.2, TLSv1.3]
	schema.registry.ssl.endpoint.identification.algorithm = https
	schema.registry.ssl.engine.factory.class = null
	schema.registry.ssl.key.password = null
	schema.registry.ssl.keymanager.algorithm = SunX509
	schema.registry.ssl.keystore.certificate.chain = null
	schema.registry.ssl.keystore.key = null
	schema.registry.ssl.keystore.location = null
	schema.registry.ssl.keystore.password = null
	schema.registry.ssl.keystore.type = JKS
	schema.registry.ssl.protocol = TLSv1.3
	schema.registry.ssl.provider = null
	schema.registry.ssl.secure.random.implementation = null
	schema.registry.ssl.trustmanager.algorithm = PKIX
	schema.registry.ssl.truststore.certificates = null
	schema.registry.ssl.truststore.location = null
	schema.registry.ssl.truststore.password = null
	schema.registry.ssl.truststore.type = JKS
	schema.registry.url = [http://registry-app-mysql.apps.ci419.apicurio-testing.org:80/apis/ccompat/v7]
	schema.registry.url.randomize = false
	use.latest.version = false
	use.latest.with.metadata = null
	use.schema.id = -1
	value.schema.id.deserializer = class io.confluent.kafka.serializers.schema.id.DualSchemaIdDeserializer
	value.schema.id.serializer = class io.confluent.kafka.serializers.schema.id.PrefixSchemaIdSerializer
	value.subject.name.strategy = class io.confluent.kafka.serializers.subject.TopicRecordNameStrategy

2025-08-06 18:57:38,835 INFO  [org.apa.kaf.cli.pro.KafkaProducer] (main) [Producer clientId=Producer-topic-0d5fef94_416b_4f42_ad4b_476c09589f84] Instantiated an idempotent producer.
2025-08-06 18:57:38,836 INFO  [org.apa.kaf.cli.pro.ProducerConfig] (main) These configurations '[schema.registry.url, auto.register.schemas, value.subject.name.strategy]' were supplied but are not used yet.
2025-08-06 18:57:38,836 INFO  [org.apa.kaf.com.uti.AppInfoParser] (main) Kafka version: 3.9.1
2025-08-06 18:57:38,836 INFO  [org.apa.kaf.com.uti.AppInfoParser] (main) Kafka commitId: f745dfdcee2b9851
2025-08-06 18:57:38,837 INFO  [org.apa.kaf.com.uti.AppInfoParser] (main) Kafka startTimeMs: 1754506658836
2025-08-06 18:57:38,838 INFO  [io.api.tes.ser.api.KafkaSerdesTester] (Thread-876) Sending message {"key1": "value-0", "key2": "value-0"} to topic topic-0d5fef94_416b_4f42_ad4b_476c09589f84
2025-08-06 18:57:38,840 INFO  [org.apa.kaf.cli.Metadata] (kafka-producer-network-thread | Producer-topic-0d5fef94_416b_4f42_ad4b_476c09589f84) [Producer clientId=Producer-topic-0d5fef94_416b_4f42_ad4b_476c09589f84] Cluster ID: kF8Ua3WQTR-RR3LzMUds4A
2025-08-06 18:57:38,840 INFO  [org.apa.kaf.cli.pro.int.TransactionManager] (kafka-producer-network-thread | Producer-topic-0d5fef94_416b_4f42_ad4b_476c09589f84) [Producer clientId=Producer-topic-0d5fef94_416b_4f42_ad4b_476c09589f84] ProducerId set to 48 with epoch 0
2025-08-06 18:57:38,930 INFO  [io.api.tes.ser.api.KafkaSerdesTester] (Thread-876) Sending message {"key1": "value-1", "key2": "value-1"} to topic topic-0d5fef94_416b_4f42_ad4b_476c09589f84
2025-08-06 18:57:38,932 INFO  [io.api.tes.ser.api.KafkaSerdesTester] (Thread-876) Sending message {"key1": "value-2", "key2": "value-2"} to topic topic-0d5fef94_416b_4f42_ad4b_476c09589f84
2025-08-06 18:57:38,932 INFO  [io.api.tes.ser.api.KafkaSerdesTester] (Thread-876) Sending message {"key1": "value-3", "key2": "value-3"} to topic topic-0d5fef94_416b_4f42_ad4b_476c09589f84
2025-08-06 18:57:38,933 INFO  [io.api.tes.ser.api.KafkaSerdesTester] (Thread-876) Sending message {"key1": "value-4", "key2": "value-4"} to topic topic-0d5fef94_416b_4f42_ad4b_476c09589f84
2025-08-06 18:57:38,937 INFO  [io.api.tes.ser.api.KafkaSerdesTester] (Thread-876) Sending message {"key1": "value-5", "key2": "value-5"} to topic topic-0d5fef94_416b_4f42_ad4b_476c09589f84
2025-08-06 18:57:38,938 INFO  [io.api.tes.ser.api.KafkaSerdesTester] (Thread-876) Sending message {"key1": "value-6", "key2": "value-6"} to topic topic-0d5fef94_416b_4f42_ad4b_476c09589f84
2025-08-06 18:57:38,940 INFO  [io.api.tes.ser.api.KafkaSerdesTester] (Thread-876) Sending message {"key1": "value-7", "key2": "value-7"} to topic topic-0d5fef94_416b_4f42_ad4b_476c09589f84
2025-08-06 18:57:38,942 INFO  [io.api.tes.ser.api.KafkaSerdesTester] (Thread-876) Sending message {"key1": "value-8", "key2": "value-8"} to topic topic-0d5fef94_416b_4f42_ad4b_476c09589f84
2025-08-06 18:57:38,943 INFO  [io.api.tes.ser.api.KafkaSerdesTester] (Thread-876) Sending message {"key1": "value-9", "key2": "value-9"} to topic topic-0d5fef94_416b_4f42_ad4b_476c09589f84
2025-08-06 18:57:38,944 INFO  [io.api.tes.ser.api.KafkaSerdesTester] (Thread-876) Produced 10 messages
2025-08-06 18:57:38,944 INFO  [org.apa.kaf.cli.pro.KafkaProducer] (Thread-876) [Producer clientId=Producer-topic-0d5fef94_416b_4f42_ad4b_476c09589f84] Closing the Kafka producer with timeoutMillis = 9223372036854775807 ms.
2025-08-06 18:57:38,946 INFO  [org.apa.kaf.com.met.Metrics] (Thread-876) Metrics scheduler closed
2025-08-06 18:57:38,946 INFO  [org.apa.kaf.com.met.Metrics] (Thread-876) Closing reporter org.apache.kafka.common.metrics.JmxReporter
2025-08-06 18:57:38,946 INFO  [org.apa.kaf.com.met.Metrics] (Thread-876) Closing reporter org.apache.kafka.common.telemetry.internals.ClientTelemetryReporter
2025-08-06 18:57:38,946 INFO  [org.apa.kaf.com.met.Metrics] (Thread-876) Metrics reporters closed
2025-08-06 18:57:38,946 INFO  [org.apa.kaf.com.uti.AppInfoParser] (Thread-876) App info kafka.producer for Producer-topic-0d5fef94_416b_4f42_ad4b_476c09589f84 unregistered
**** Registry Base URL: http://registry-app-mysql.apps.ci419.apicurio-testing.org:80
2025-08-06 18:57:38,946 INFO  [org.apa.kaf.cli.pro.ProducerConfig] (main) ProducerConfig values: 
	acks = -1
	auto.include.jmx.reporter = true
	batch.size = 16384
	bootstrap.servers = [PLAINTEXT://localhost:32769]
	buffer.memory = 33554432
	client.dns.lookup = use_all_dns_ips
	client.id = Producer-topic-0d5fef94_416b_4f42_ad4b_476c09589f84
	compression.gzip.level = -1
	compression.lz4.level = 9
	compression.type = none
	compression.zstd.level = 3
	connections.max.idle.ms = 10000
	delivery.timeout.ms = 120000
	enable.idempotence = true
	enable.metrics.push = true
	interceptor.classes = []
	key.serializer = class org.apache.kafka.common.serialization.StringSerializer
	linger.ms = 0
	max.block.ms = 60000
	max.in.flight.requests.per.connection = 5
	max.request.size = 1048576
	metadata.max.age.ms = 300000
	metadata.max.idle.ms = 300000
	metadata.recovery.strategy = none
	metric.reporters = []
	metrics.num.samples = 2
	metrics.recording.level = INFO
	metrics.sample.window.ms = 30000
	partitioner.adaptive.partitioning.enable = true
	partitioner.availability.timeout.ms = 0
	partitioner.class = null
	partitioner.ignore.keys = false
	receive.buffer.bytes = 32768
	reconnect.backoff.max.ms = 1000
	reconnect.backoff.ms = 50
	request.timeout.ms = 5000
	retries = 2147483647
	retry.backoff.max.ms = 1000
	retry.backoff.ms = 100
	sasl.client.callback.handler.class = null
	sasl.jaas.config = null
	sasl.kerberos.kinit.cmd = /usr/bin/kinit
	sasl.kerberos.min.time.before.relogin = 60000
	sasl.kerberos.service.name = null
	sasl.kerberos.ticket.renew.jitter = 0.05
	sasl.kerberos.ticket.renew.window.factor = 0.8
	sasl.login.callback.handler.class = null
	sasl.login.class = null
	sasl.login.connect.timeout.ms = null
	sasl.login.read.timeout.ms = null
	sasl.login.refresh.buffer.seconds = 300
	sasl.login.refresh.min.period.seconds = 60
	sasl.login.refresh.window.factor = 0.8
	sasl.login.refresh.window.jitter = 0.05
	sasl.login.retry.backoff.max.ms = 10000
	sasl.login.retry.backoff.ms = 100
	sasl.mechanism = GSSAPI
	sasl.oauthbearer.clock.skew.seconds = 30
	sasl.oauthbearer.expected.audience = null
	sasl.oauthbearer.expected.issuer = null
	sasl.oauthbearer.header.urlencode = false
	sasl.oauthbearer.jwks.endpoint.refresh.ms = 3600000
	sasl.oauthbearer.jwks.endpoint.retry.backoff.max.ms = 10000
	sasl.oauthbearer.jwks.endpoint.retry.backoff.ms = 100
	sasl.oauthbearer.jwks.endpoint.url = null
	sasl.oauthbearer.scope.claim.name = scope
	sasl.oauthbearer.sub.claim.name = sub
	sasl.oauthbearer.token.endpoint.url = null
	security.protocol = PLAINTEXT
	security.providers = null
	send.buffer.bytes = 131072
	socket.connection.setup.timeout.max.ms = 30000
	socket.connection.setup.timeout.ms = 10000
	ssl.cipher.suites = null
	ssl.enabled.protocols = [TLSv1.2, TLSv1.3]
	ssl.endpoint.identification.algorithm = https
	ssl.engine.factory.class = null
	ssl.key.password = null
	ssl.keymanager.algorithm = SunX509
	ssl.keystore.certificate.chain = null
	ssl.keystore.key = null
	ssl.keystore.location = null
	ssl.keystore.password = null
	ssl.keystore.type = JKS
	ssl.protocol = TLSv1.3
	ssl.provider = null
	ssl.secure.random.implementation = null
	ssl.trustmanager.algorithm = PKIX
	ssl.truststore.certificates = null
	ssl.truststore.location = null
	ssl.truststore.password = null
	ssl.truststore.type = JKS
	transaction.timeout.ms = 60000
	transactional.id = null
	value.serializer = class io.confluent.kafka.serializers.KafkaAvroSerializer

2025-08-06 18:57:38,947 INFO  [org.apa.kaf.com.tel.int.KafkaMetricsCollector] (main) initializing Kafka metrics collector
2025-08-06 18:57:38,947 INFO  [io.con.kaf.ser.KafkaAvroSerializerConfig] (main) KafkaAvroSerializerConfig values: 
	auto.register.schemas = false
	avro.reflection.allow.null = false
	avro.remove.java.properties = false
	avro.use.logical.type.converters = false
	basic.auth.credentials.source = URL
	basic.auth.user.info = [hidden]
	bearer.auth.cache.expiry.buffer.seconds = 300
	bearer.auth.client.id = null
	bearer.auth.client.secret = null
	bearer.auth.credentials.source = STATIC_TOKEN
	bearer.auth.custom.provider.class = null
	bearer.auth.identity.pool.id = null
	bearer.auth.issuer.endpoint.url = null
	bearer.auth.logical.cluster = null
	bearer.auth.scope = null
	bearer.auth.scope.claim.name = scope
	bearer.auth.sub.claim.name = sub
	bearer.auth.token = [hidden]
	context.name.strategy = class io.confluent.kafka.serializers.context.NullContextNameStrategy
	http.connect.timeout.ms = 60000
	http.read.timeout.ms = 60000
	id.compatibility.strict = true
	key.schema.id.deserializer = class io.confluent.kafka.serializers.schema.id.DualSchemaIdDeserializer
	key.schema.id.serializer = class io.confluent.kafka.serializers.schema.id.PrefixSchemaIdSerializer
	key.subject.name.strategy = class io.confluent.kafka.serializers.subject.TopicNameStrategy
	latest.cache.size = 1000
	latest.cache.ttl.sec = -1
	latest.compatibility.strict = true
	max.retries = 3
	max.schemas.per.subject = 1000
	normalize.schemas = false
	propagate.schema.tags = false
	proxy.host = 
	proxy.port = -1
	retries.max.wait.ms = 20000
	retries.wait.ms = 1000
	rule.actions = []
	rule.executors = []
	rule.service.loader.enable = true
	schema.format = null
	schema.reflection = false
	schema.registry.basic.auth.user.info = [hidden]
	schema.registry.ssl.cipher.suites = null
	schema.registry.ssl.enabled.protocols = [TLSv1.2, TLSv1.3]
	schema.registry.ssl.endpoint.identification.algorithm = https
	schema.registry.ssl.engine.factory.class = null
	schema.registry.ssl.key.password = null
	schema.registry.ssl.keymanager.algorithm = SunX509
	schema.registry.ssl.keystore.certificate.chain = null
	schema.registry.ssl.keystore.key = null
	schema.registry.ssl.keystore.location = null
	schema.registry.ssl.keystore.password = null
	schema.registry.ssl.keystore.type = JKS
	schema.registry.ssl.protocol = TLSv1.3
	schema.registry.ssl.provider = null
	schema.registry.ssl.secure.random.implementation = null
	schema.registry.ssl.trustmanager.algorithm = PKIX
	schema.registry.ssl.truststore.certificates = null
	schema.registry.ssl.truststore.location = null
	schema.registry.ssl.truststore.password = null
	schema.registry.ssl.truststore.type = JKS
	schema.registry.url = [http://registry-app-mysql.apps.ci419.apicurio-testing.org:80/apis/ccompat/v7]
	schema.registry.url.randomize = false
	use.latest.version = false
	use.latest.with.metadata = null
	use.schema.id = -1
	value.schema.id.deserializer = class io.confluent.kafka.serializers.schema.id.DualSchemaIdDeserializer
	value.schema.id.serializer = class io.confluent.kafka.serializers.schema.id.PrefixSchemaIdSerializer
	value.subject.name.strategy = class io.confluent.kafka.serializers.subject.TopicRecordNameStrategy

2025-08-06 18:57:38,949 INFO  [org.apa.kaf.cli.pro.KafkaProducer] (main) [Producer clientId=Producer-topic-0d5fef94_416b_4f42_ad4b_476c09589f84] Instantiated an idempotent producer.
2025-08-06 18:57:38,950 INFO  [org.apa.kaf.cli.pro.ProducerConfig] (main) These configurations '[schema.registry.url, auto.register.schemas, value.subject.name.strategy]' were supplied but are not used yet.
2025-08-06 18:57:38,950 INFO  [org.apa.kaf.com.uti.AppInfoParser] (main) Kafka version: 3.9.1
2025-08-06 18:57:38,950 INFO  [org.apa.kaf.com.uti.AppInfoParser] (main) Kafka commitId: f745dfdcee2b9851
2025-08-06 18:57:38,950 INFO  [org.apa.kaf.com.uti.AppInfoParser] (main) Kafka startTimeMs: 1754506658950
2025-08-06 18:57:38,952 INFO  [io.api.tes.ser.api.KafkaSerdesTester] (Thread-877) Sending message {"key1": "value-0"} to topic topic-0d5fef94_416b_4f42_ad4b_476c09589f84
2025-08-06 18:57:38,955 INFO  [org.apa.kaf.cli.Metadata] (kafka-producer-network-thread | Producer-topic-0d5fef94_416b_4f42_ad4b_476c09589f84) [Producer clientId=Producer-topic-0d5fef94_416b_4f42_ad4b_476c09589f84] Cluster ID: kF8Ua3WQTR-RR3LzMUds4A
2025-08-06 18:57:38,955 INFO  [org.apa.kaf.cli.pro.int.TransactionManager] (kafka-producer-network-thread | Producer-topic-0d5fef94_416b_4f42_ad4b_476c09589f84) [Producer clientId=Producer-topic-0d5fef94_416b_4f42_ad4b_476c09589f84] ProducerId set to 49 with epoch 0
2025-08-06 18:57:39,047 INFO  [io.api.tes.ser.api.KafkaSerdesTester] (Thread-877) Sending message {"key1": "value-1"} to topic topic-0d5fef94_416b_4f42_ad4b_476c09589f84
2025-08-06 18:57:39,048 INFO  [io.api.tes.ser.api.KafkaSerdesTester] (Thread-877) Sending message {"key1": "value-2"} to topic topic-0d5fef94_416b_4f42_ad4b_476c09589f84
2025-08-06 18:57:39,049 INFO  [io.api.tes.ser.api.KafkaSerdesTester] (Thread-877) Sending message {"key1": "value-3"} to topic topic-0d5fef94_416b_4f42_ad4b_476c09589f84
2025-08-06 18:57:39,050 INFO  [io.api.tes.ser.api.KafkaSerdesTester] (Thread-877) Sending message {"key1": "value-4"} to topic topic-0d5fef94_416b_4f42_ad4b_476c09589f84
2025-08-06 18:57:39,051 INFO  [io.api.tes.ser.api.KafkaSerdesTester] (Thread-877) Sending message {"key1": "value-5"} to topic topic-0d5fef94_416b_4f42_ad4b_476c09589f84
2025-08-06 18:57:39,052 INFO  [io.api.tes.ser.api.KafkaSerdesTester] (Thread-877) Sending message {"key1": "value-6"} to topic topic-0d5fef94_416b_4f42_ad4b_476c09589f84
2025-08-06 18:57:39,052 INFO  [io.api.tes.ser.api.KafkaSerdesTester] (Thread-877) Sending message {"key1": "value-7"} to topic topic-0d5fef94_416b_4f42_ad4b_476c09589f84
2025-08-06 18:57:39,053 INFO  [io.api.tes.ser.api.KafkaSerdesTester] (Thread-877) Sending message {"key1": "value-8"} to topic topic-0d5fef94_416b_4f42_ad4b_476c09589f84
2025-08-06 18:57:39,054 INFO  [io.api.tes.ser.api.KafkaSerdesTester] (Thread-877) Sending message {"key1": "value-9"} to topic topic-0d5fef94_416b_4f42_ad4b_476c09589f84
2025-08-06 18:57:39,055 INFO  [io.api.tes.ser.api.KafkaSerdesTester] (Thread-877) Produced 10 messages
2025-08-06 18:57:39,055 INFO  [org.apa.kaf.cli.pro.KafkaProducer] (Thread-877) [Producer clientId=Producer-topic-0d5fef94_416b_4f42_ad4b_476c09589f84] Closing the Kafka producer with timeoutMillis = 9223372036854775807 ms.
2025-08-06 18:57:39,056 INFO  [org.apa.kaf.com.met.Metrics] (Thread-877) Metrics scheduler closed
2025-08-06 18:57:39,056 INFO  [org.apa.kaf.com.met.Metrics] (Thread-877) Closing reporter org.apache.kafka.common.metrics.JmxReporter
2025-08-06 18:57:39,056 INFO  [org.apa.kaf.com.met.Metrics] (Thread-877) Closing reporter org.apache.kafka.common.telemetry.internals.ClientTelemetryReporter
2025-08-06 18:57:39,056 INFO  [org.apa.kaf.com.met.Metrics] (Thread-877) Metrics reporters closed
2025-08-06 18:57:39,056 INFO  [org.apa.kaf.com.uti.AppInfoParser] (Thread-877) App info kafka.producer for Producer-topic-0d5fef94_416b_4f42_ad4b_476c09589f84 unregistered
**** Registry Base URL: http://registry-app-mysql.apps.ci419.apicurio-testing.org:80
2025-08-06 18:57:39,057 INFO  [org.apa.kaf.cli.con.ConsumerConfig] (main) ConsumerConfig values: 
	allow.auto.create.topics = true
	auto.commit.interval.ms = 500
	auto.include.jmx.reporter = true
	auto.offset.reset = earliest
	bootstrap.servers = [PLAINTEXT://localhost:32769]
	check.crcs = true
	client.dns.lookup = use_all_dns_ips
	client.id = consumer-Consumer-topic-0d5fef94_416b_4f42_ad4b_476c09589f84-36
	client.rack = 
	connections.max.idle.ms = 10000
	default.api.timeout.ms = 60000
	enable.auto.commit = true
	enable.metrics.push = true
	exclude.internal.topics = true
	fetch.max.bytes = 52428800
	fetch.max.wait.ms = 500
	fetch.min.bytes = 1
	group.id = Consumer-topic-0d5fef94_416b_4f42_ad4b_476c09589f84
	group.instance.id = null
	group.protocol = classic
	group.remote.assignor = null
	heartbeat.interval.ms = 3000
	interceptor.classes = []
	internal.leave.group.on.close = true
	internal.throw.on.fetch.stable.offset.unsupported = false
	isolation.level = read_uncommitted
	key.deserializer = class org.apache.kafka.common.serialization.StringDeserializer
	max.partition.fetch.bytes = 1048576
	max.poll.interval.ms = 300000
	max.poll.records = 500
	metadata.max.age.ms = 300000
	metadata.recovery.strategy = none
	metric.reporters = []
	metrics.num.samples = 2
	metrics.recording.level = INFO
	metrics.sample.window.ms = 30000
	partition.assignment.strategy = [class org.apache.kafka.clients.consumer.RangeAssignor, class org.apache.kafka.clients.consumer.CooperativeStickyAssignor]
	receive.buffer.bytes = 65536
	reconnect.backoff.max.ms = 1000
	reconnect.backoff.ms = 50
	request.timeout.ms = 5000
	retry.backoff.max.ms = 1000
	retry.backoff.ms = 100
	sasl.client.callback.handler.class = null
	sasl.jaas.config = null
	sasl.kerberos.kinit.cmd = /usr/bin/kinit
	sasl.kerberos.min.time.before.relogin = 60000
	sasl.kerberos.service.name = null
	sasl.kerberos.ticket.renew.jitter = 0.05
	sasl.kerberos.ticket.renew.window.factor = 0.8
	sasl.login.callback.handler.class = null
	sasl.login.class = null
	sasl.login.connect.timeout.ms = null
	sasl.login.read.timeout.ms = null
	sasl.login.refresh.buffer.seconds = 300
	sasl.login.refresh.min.period.seconds = 60
	sasl.login.refresh.window.factor = 0.8
	sasl.login.refresh.window.jitter = 0.05
	sasl.login.retry.backoff.max.ms = 10000
	sasl.login.retry.backoff.ms = 100
	sasl.mechanism = GSSAPI
	sasl.oauthbearer.clock.skew.seconds = 30
	sasl.oauthbearer.expected.audience = null
	sasl.oauthbearer.expected.issuer = null
	sasl.oauthbearer.header.urlencode = false
	sasl.oauthbearer.jwks.endpoint.refresh.ms = 3600000
	sasl.oauthbearer.jwks.endpoint.retry.backoff.max.ms = 10000
	sasl.oauthbearer.jwks.endpoint.retry.backoff.ms = 100
	sasl.oauthbearer.jwks.endpoint.url = null
	sasl.oauthbearer.scope.claim.name = scope
	sasl.oauthbearer.sub.claim.name = sub
	sasl.oauthbearer.token.endpoint.url = null
	security.protocol = PLAINTEXT
	security.providers = null
	send.buffer.bytes = 131072
	session.timeout.ms = 45000
	socket.connection.setup.timeout.max.ms = 30000
	socket.connection.setup.timeout.ms = 10000
	ssl.cipher.suites = null
	ssl.enabled.protocols = [TLSv1.2, TLSv1.3]
	ssl.endpoint.identification.algorithm = https
	ssl.engine.factory.class = null
	ssl.key.password = null
	ssl.keymanager.algorithm = SunX509
	ssl.keystore.certificate.chain = null
	ssl.keystore.key = null
	ssl.keystore.location = null
	ssl.keystore.password = null
	ssl.keystore.type = JKS
	ssl.protocol = TLSv1.3
	ssl.provider = null
	ssl.secure.random.implementation = null
	ssl.trustmanager.algorithm = PKIX
	ssl.truststore.certificates = null
	ssl.truststore.location = null
	ssl.truststore.password = null
	ssl.truststore.type = JKS
	value.deserializer = class io.confluent.kafka.serializers.KafkaAvroDeserializer

2025-08-06 18:57:39,057 INFO  [org.apa.kaf.com.tel.int.KafkaMetricsCollector] (main) initializing Kafka metrics collector
2025-08-06 18:57:39,057 INFO  [io.con.kaf.ser.KafkaAvroDeserializerConfig] (main) KafkaAvroDeserializerConfig values: 
	auto.register.schemas = true
	avro.reflection.allow.null = false
	avro.use.logical.type.converters = false
	basic.auth.credentials.source = URL
	basic.auth.user.info = [hidden]
	bearer.auth.cache.expiry.buffer.seconds = 300
	bearer.auth.client.id = null
	bearer.auth.client.secret = null
	bearer.auth.credentials.source = STATIC_TOKEN
	bearer.auth.custom.provider.class = null
	bearer.auth.identity.pool.id = null
	bearer.auth.issuer.endpoint.url = null
	bearer.auth.logical.cluster = null
	bearer.auth.scope = null
	bearer.auth.scope.claim.name = scope
	bearer.auth.sub.claim.name = sub
	bearer.auth.token = [hidden]
	context.name.strategy = class io.confluent.kafka.serializers.context.NullContextNameStrategy
	http.connect.timeout.ms = 60000
	http.read.timeout.ms = 60000
	id.compatibility.strict = true
	key.schema.id.deserializer = class io.confluent.kafka.serializers.schema.id.DualSchemaIdDeserializer
	key.schema.id.serializer = class io.confluent.kafka.serializers.schema.id.PrefixSchemaIdSerializer
	key.subject.name.strategy = class io.confluent.kafka.serializers.subject.TopicNameStrategy
	latest.cache.size = 1000
	latest.cache.ttl.sec = -1
	latest.compatibility.strict = true
	max.retries = 3
	max.schemas.per.subject = 1000
	normalize.schemas = false
	propagate.schema.tags = false
	proxy.host = 
	proxy.port = -1
	retries.max.wait.ms = 20000
	retries.wait.ms = 1000
	rule.actions = []
	rule.executors = []
	rule.service.loader.enable = true
	schema.format = null
	schema.reflection = false
	schema.registry.basic.auth.user.info = [hidden]
	schema.registry.ssl.cipher.suites = null
	schema.registry.ssl.enabled.protocols = [TLSv1.2, TLSv1.3]
	schema.registry.ssl.endpoint.identification.algorithm = https
	schema.registry.ssl.engine.factory.class = null
	schema.registry.ssl.key.password = null
	schema.registry.ssl.keymanager.algorithm = SunX509
	schema.registry.ssl.keystore.certificate.chain = null
	schema.registry.ssl.keystore.key = null
	schema.registry.ssl.keystore.location = null
	schema.registry.ssl.keystore.password = null
	schema.registry.ssl.keystore.type = JKS
	schema.registry.ssl.protocol = TLSv1.3
	schema.registry.ssl.provider = null
	schema.registry.ssl.secure.random.implementation = null
	schema.registry.ssl.trustmanager.algorithm = PKIX
	schema.registry.ssl.truststore.certificates = null
	schema.registry.ssl.truststore.location = null
	schema.registry.ssl.truststore.password = null
	schema.registry.ssl.truststore.type = JKS
	schema.registry.url = [http://registry-app-mysql.apps.ci419.apicurio-testing.org:80/apis/ccompat/v7]
	schema.registry.url.randomize = false
	specific.avro.key.type = null
	specific.avro.reader = false
	specific.avro.value.type = null
	use.latest.version = false
	use.latest.with.metadata = null
	use.schema.id = -1
	value.schema.id.deserializer = class io.confluent.kafka.serializers.schema.id.DualSchemaIdDeserializer
	value.schema.id.serializer = class io.confluent.kafka.serializers.schema.id.PrefixSchemaIdSerializer
	value.subject.name.strategy = class io.confluent.kafka.serializers.subject.TopicNameStrategy

2025-08-06 18:57:39,061 INFO  [org.apa.kaf.cli.con.ConsumerConfig] (main) These configurations '[schema.registry.url]' were supplied but are not used yet.
2025-08-06 18:57:39,061 INFO  [org.apa.kaf.com.uti.AppInfoParser] (main) Kafka version: 3.9.1
2025-08-06 18:57:39,061 INFO  [org.apa.kaf.com.uti.AppInfoParser] (main) Kafka commitId: f745dfdcee2b9851
2025-08-06 18:57:39,061 INFO  [org.apa.kaf.com.uti.AppInfoParser] (main) Kafka startTimeMs: 1754506659061
2025-08-06 18:57:39,062 INFO  [org.apa.kaf.cli.con.int.ClassicKafkaConsumer] (Thread-878) [Consumer clientId=consumer-Consumer-topic-0d5fef94_416b_4f42_ad4b_476c09589f84-36, groupId=Consumer-topic-0d5fef94_416b_4f42_ad4b_476c09589f84] Subscribed to topic(s): topic-0d5fef94_416b_4f42_ad4b_476c09589f84
2025-08-06 18:57:39,066 INFO  [org.apa.kaf.cli.Metadata] (Thread-878) [Consumer clientId=consumer-Consumer-topic-0d5fef94_416b_4f42_ad4b_476c09589f84-36, groupId=Consumer-topic-0d5fef94_416b_4f42_ad4b_476c09589f84] Cluster ID: kF8Ua3WQTR-RR3LzMUds4A
2025-08-06 18:57:39,066 INFO  [org.apa.kaf.cli.con.int.ConsumerCoordinator] (Thread-878) [Consumer clientId=consumer-Consumer-topic-0d5fef94_416b_4f42_ad4b_476c09589f84-36, groupId=Consumer-topic-0d5fef94_416b_4f42_ad4b_476c09589f84] Discovered group coordinator localhost:32769 (id: 2147483647 rack: null)
2025-08-06 18:57:39,068 INFO  [org.apa.kaf.cli.con.int.ConsumerCoordinator] (Thread-878) [Consumer clientId=consumer-Consumer-topic-0d5fef94_416b_4f42_ad4b_476c09589f84-36, groupId=Consumer-topic-0d5fef94_416b_4f42_ad4b_476c09589f84] (Re-)joining group
2025-08-06 18:57:39,069 INFO  [org.apa.kaf.cli.con.int.ConsumerCoordinator] (Thread-878) [Consumer clientId=consumer-Consumer-topic-0d5fef94_416b_4f42_ad4b_476c09589f84-36, groupId=Consumer-topic-0d5fef94_416b_4f42_ad4b_476c09589f84] Request joining group due to: need to re-join with the given member-id: consumer-Consumer-topic-0d5fef94_416b_4f42_ad4b_476c09589f84-36-80f0d7b9-1248-4549-a652-05e403296d73
2025-08-06 18:57:39,069 INFO  [org.apa.kaf.cli.con.int.ConsumerCoordinator] (Thread-878) [Consumer clientId=consumer-Consumer-topic-0d5fef94_416b_4f42_ad4b_476c09589f84-36, groupId=Consumer-topic-0d5fef94_416b_4f42_ad4b_476c09589f84] (Re-)joining group
2025-08-06 18:57:40,062 INFO  [io.api.tes.ser.api.KafkaSerdesTester] (Thread-878) None found
2025-08-06 18:57:41,062 INFO  [io.api.tes.ser.api.KafkaSerdesTester] (Thread-878) None found
2025-08-06 18:57:42,063 INFO  [io.api.tes.ser.api.KafkaSerdesTester] (Thread-878) None found
2025-08-06 18:57:42,073 INFO  [org.apa.kaf.cli.con.int.ConsumerCoordinator] (Thread-878) [Consumer clientId=consumer-Consumer-topic-0d5fef94_416b_4f42_ad4b_476c09589f84-36, groupId=Consumer-topic-0d5fef94_416b_4f42_ad4b_476c09589f84] Successfully joined group with generation Generation{generationId=5, memberId='consumer-Consumer-topic-0d5fef94_416b_4f42_ad4b_476c09589f84-36-80f0d7b9-1248-4549-a652-05e403296d73', protocol='range'}
2025-08-06 18:57:42,073 INFO  [org.apa.kaf.cli.con.int.ConsumerCoordinator] (Thread-878) [Consumer clientId=consumer-Consumer-topic-0d5fef94_416b_4f42_ad4b_476c09589f84-36, groupId=Consumer-topic-0d5fef94_416b_4f42_ad4b_476c09589f84] Finished assignment for group at generation 5: {consumer-Consumer-topic-0d5fef94_416b_4f42_ad4b_476c09589f84-36-80f0d7b9-1248-4549-a652-05e403296d73=Assignment(partitions=[topic-0d5fef94_416b_4f42_ad4b_476c09589f84-0])}
2025-08-06 18:57:42,079 INFO  [org.apa.kaf.cli.con.int.ConsumerCoordinator] (Thread-878) [Consumer clientId=consumer-Consumer-topic-0d5fef94_416b_4f42_ad4b_476c09589f84-36, groupId=Consumer-topic-0d5fef94_416b_4f42_ad4b_476c09589f84] Successfully synced group in generation Generation{generationId=5, memberId='consumer-Consumer-topic-0d5fef94_416b_4f42_ad4b_476c09589f84-36-80f0d7b9-1248-4549-a652-05e403296d73', protocol='range'}
2025-08-06 18:57:42,080 INFO  [org.apa.kaf.cli.con.int.ConsumerCoordinator] (Thread-878) [Consumer clientId=consumer-Consumer-topic-0d5fef94_416b_4f42_ad4b_476c09589f84-36, groupId=Consumer-topic-0d5fef94_416b_4f42_ad4b_476c09589f84] Notifying assignor about the new Assignment(partitions=[topic-0d5fef94_416b_4f42_ad4b_476c09589f84-0])
2025-08-06 18:57:42,080 INFO  [org.apa.kaf.cli.con.int.ConsumerRebalanceListenerInvoker] (Thread-878) [Consumer clientId=consumer-Consumer-topic-0d5fef94_416b_4f42_ad4b_476c09589f84-36, groupId=Consumer-topic-0d5fef94_416b_4f42_ad4b_476c09589f84] Adding newly assigned partitions: topic-0d5fef94_416b_4f42_ad4b_476c09589f84-0
2025-08-06 18:57:42,080 INFO  [org.apa.kaf.cli.con.int.ConsumerUtils] (Thread-878) Setting offset for partition topic-0d5fef94_416b_4f42_ad4b_476c09589f84-0 to the committed offset FetchPosition{offset=30, offsetEpoch=Optional[0], currentLeader=LeaderAndEpoch{leader=Optional[localhost:32769 (id: 0 rack: null)], epoch=0}}
2025-08-06 18:57:42,331 INFO  [io.api.tes.ser.api.KafkaSerdesTester] (Thread-878) topic-0d5fef94_416b_4f42_ad4b_476c09589f84 0 30 {"key1": "value-0", "key2": "value-0", "key3": "value-0"}
2025-08-06 18:57:42,332 INFO  [io.api.tes.ser.api.KafkaSerdesTester] (Thread-878) topic-0d5fef94_416b_4f42_ad4b_476c09589f84 0 31 {"key1": "value-1", "key2": "value-1", "key3": "value-1"}
2025-08-06 18:57:42,332 INFO  [io.api.tes.ser.api.KafkaSerdesTester] (Thread-878) topic-0d5fef94_416b_4f42_ad4b_476c09589f84 0 32 {"key1": "value-2", "key2": "value-2", "key3": "value-2"}
2025-08-06 18:57:42,332 INFO  [io.api.tes.ser.api.KafkaSerdesTester] (Thread-878) topic-0d5fef94_416b_4f42_ad4b_476c09589f84 0 33 {"key1": "value-3", "key2": "value-3", "key3": "value-3"}
2025-08-06 18:57:42,332 INFO  [io.api.tes.ser.api.KafkaSerdesTester] (Thread-878) topic-0d5fef94_416b_4f42_ad4b_476c09589f84 0 34 {"key1": "value-4", "key2": "value-4", "key3": "value-4"}
2025-08-06 18:57:42,332 INFO  [io.api.tes.ser.api.KafkaSerdesTester] (Thread-878) topic-0d5fef94_416b_4f42_ad4b_476c09589f84 0 35 {"key1": "value-5", "key2": "value-5", "key3": "value-5"}
2025-08-06 18:57:42,332 INFO  [io.api.tes.ser.api.KafkaSerdesTester] (Thread-878) topic-0d5fef94_416b_4f42_ad4b_476c09589f84 0 36 {"key1": "value-6", "key2": "value-6", "key3": "value-6"}
2025-08-06 18:57:42,332 INFO  [io.api.tes.ser.api.KafkaSerdesTester] (Thread-878) topic-0d5fef94_416b_4f42_ad4b_476c09589f84 0 37 {"key1": "value-7", "key2": "value-7", "key3": "value-7"}
2025-08-06 18:57:42,332 INFO  [io.api.tes.ser.api.KafkaSerdesTester] (Thread-878) topic-0d5fef94_416b_4f42_ad4b_476c09589f84 0 38 {"key1": "value-8", "key2": "value-8", "key3": "value-8"}
2025-08-06 18:57:42,332 INFO  [io.api.tes.ser.api.KafkaSerdesTester] (Thread-878) topic-0d5fef94_416b_4f42_ad4b_476c09589f84 0 39 {"key1": "value-9", "key2": "value-9", "key3": "value-9"}
2025-08-06 18:57:42,332 INFO  [io.api.tes.ser.api.KafkaSerdesTester] (Thread-878) topic-0d5fef94_416b_4f42_ad4b_476c09589f84 0 40 {"key1": "value-0", "key2": "value-0"}
2025-08-06 18:57:42,332 INFO  [io.api.tes.ser.api.KafkaSerdesTester] (Thread-878) topic-0d5fef94_416b_4f42_ad4b_476c09589f84 0 41 {"key1": "value-1", "key2": "value-1"}
2025-08-06 18:57:42,332 INFO  [io.api.tes.ser.api.KafkaSerdesTester] (Thread-878) topic-0d5fef94_416b_4f42_ad4b_476c09589f84 0 42 {"key1": "value-2", "key2": "value-2"}
2025-08-06 18:57:42,332 INFO  [io.api.tes.ser.api.KafkaSerdesTester] (Thread-878) topic-0d5fef94_416b_4f42_ad4b_476c09589f84 0 43 {"key1": "value-3", "key2": "value-3"}
2025-08-06 18:57:42,332 INFO  [io.api.tes.ser.api.KafkaSerdesTester] (Thread-878) topic-0d5fef94_416b_4f42_ad4b_476c09589f84 0 44 {"key1": "value-4", "key2": "value-4"}
2025-08-06 18:57:42,332 INFO  [io.api.tes.ser.api.KafkaSerdesTester] (Thread-878) topic-0d5fef94_416b_4f42_ad4b_476c09589f84 0 45 {"key1": "value-5", "key2": "value-5"}
2025-08-06 18:57:42,332 INFO  [io.api.tes.ser.api.KafkaSerdesTester] (Thread-878) topic-0d5fef94_416b_4f42_ad4b_476c09589f84 0 46 {"key1": "value-6", "key2": "value-6"}
2025-08-06 18:57:42,332 INFO  [io.api.tes.ser.api.KafkaSerdesTester] (Thread-878) topic-0d5fef94_416b_4f42_ad4b_476c09589f84 0 47 {"key1": "value-7", "key2": "value-7"}
2025-08-06 18:57:42,332 INFO  [io.api.tes.ser.api.KafkaSerdesTester] (Thread-878) topic-0d5fef94_416b_4f42_ad4b_476c09589f84 0 48 {"key1": "value-8", "key2": "value-8"}
2025-08-06 18:57:42,332 INFO  [io.api.tes.ser.api.KafkaSerdesTester] (Thread-878) topic-0d5fef94_416b_4f42_ad4b_476c09589f84 0 49 {"key1": "value-9", "key2": "value-9"}
2025-08-06 18:57:42,332 INFO  [io.api.tes.ser.api.KafkaSerdesTester] (Thread-878) topic-0d5fef94_416b_4f42_ad4b_476c09589f84 0 50 {"key1": "value-0"}
2025-08-06 18:57:42,332 INFO  [io.api.tes.ser.api.KafkaSerdesTester] (Thread-878) topic-0d5fef94_416b_4f42_ad4b_476c09589f84 0 51 {"key1": "value-1"}
2025-08-06 18:57:42,332 INFO  [io.api.tes.ser.api.KafkaSerdesTester] (Thread-878) topic-0d5fef94_416b_4f42_ad4b_476c09589f84 0 52 {"key1": "value-2"}
2025-08-06 18:57:42,332 INFO  [io.api.tes.ser.api.KafkaSerdesTester] (Thread-878) topic-0d5fef94_416b_4f42_ad4b_476c09589f84 0 53 {"key1": "value-3"}
2025-08-06 18:57:42,332 INFO  [io.api.tes.ser.api.KafkaSerdesTester] (Thread-878) topic-0d5fef94_416b_4f42_ad4b_476c09589f84 0 54 {"key1": "value-4"}
2025-08-06 18:57:42,332 INFO  [io.api.tes.ser.api.KafkaSerdesTester] (Thread-878) topic-0d5fef94_416b_4f42_ad4b_476c09589f84 0 55 {"key1": "value-5"}
2025-08-06 18:57:42,332 INFO  [io.api.tes.ser.api.KafkaSerdesTester] (Thread-878) topic-0d5fef94_416b_4f42_ad4b_476c09589f84 0 56 {"key1": "value-6"}
2025-08-06 18:57:42,332 INFO  [io.api.tes.ser.api.KafkaSerdesTester] (Thread-878) topic-0d5fef94_416b_4f42_ad4b_476c09589f84 0 57 {"key1": "value-7"}
2025-08-06 18:57:42,332 INFO  [io.api.tes.ser.api.KafkaSerdesTester] (Thread-878) topic-0d5fef94_416b_4f42_ad4b_476c09589f84 0 58 {"key1": "value-8"}
2025-08-06 18:57:42,332 INFO  [io.api.tes.ser.api.KafkaSerdesTester] (Thread-878) topic-0d5fef94_416b_4f42_ad4b_476c09589f84 0 59 {"key1": "value-9"}
2025-08-06 18:57:42,332 INFO  [io.api.tes.ser.api.KafkaSerdesTester] (Thread-878) Consumed 30 messages
2025-08-06 18:57:42,340 INFO  [org.apa.kaf.cli.con.int.ConsumerRebalanceListenerInvoker] (Thread-878) [Consumer clientId=consumer-Consumer-topic-0d5fef94_416b_4f42_ad4b_476c09589f84-36, groupId=Consumer-topic-0d5fef94_416b_4f42_ad4b_476c09589f84] Revoke previously assigned partitions topic-0d5fef94_416b_4f42_ad4b_476c09589f84-0
2025-08-06 18:57:42,340 INFO  [org.apa.kaf.cli.con.int.ConsumerCoordinator] (Thread-878) [Consumer clientId=consumer-Consumer-topic-0d5fef94_416b_4f42_ad4b_476c09589f84-36, groupId=Consumer-topic-0d5fef94_416b_4f42_ad4b_476c09589f84] Member consumer-Consumer-topic-0d5fef94_416b_4f42_ad4b_476c09589f84-36-80f0d7b9-1248-4549-a652-05e403296d73 sending LeaveGroup request to coordinator localhost:32769 (id: 2147483647 rack: null) due to the consumer is being closed
2025-08-06 18:57:42,340 INFO  [org.apa.kaf.cli.con.int.ConsumerCoordinator] (Thread-878) [Consumer clientId=consumer-Consumer-topic-0d5fef94_416b_4f42_ad4b_476c09589f84-36, groupId=Consumer-topic-0d5fef94_416b_4f42_ad4b_476c09589f84] Resetting generation and member id due to: consumer pro-actively leaving the group
2025-08-06 18:57:42,340 INFO  [org.apa.kaf.cli.con.int.ConsumerCoordinator] (Thread-878) [Consumer clientId=consumer-Consumer-topic-0d5fef94_416b_4f42_ad4b_476c09589f84-36, groupId=Consumer-topic-0d5fef94_416b_4f42_ad4b_476c09589f84] Request joining group due to: consumer pro-actively leaving the group
2025-08-06 18:57:42,834 INFO  [org.apa.kaf.com.met.Metrics] (Thread-878) Metrics scheduler closed
2025-08-06 18:57:42,834 INFO  [org.apa.kaf.com.met.Metrics] (Thread-878) Closing reporter org.apache.kafka.common.metrics.JmxReporter
2025-08-06 18:57:42,834 INFO  [org.apa.kaf.com.met.Metrics] (Thread-878) Closing reporter org.apache.kafka.common.telemetry.internals.ClientTelemetryReporter
2025-08-06 18:57:42,834 INFO  [org.apa.kaf.com.met.Metrics] (Thread-878) Metrics reporters closed
2025-08-06 18:57:42,836 INFO  [org.apa.kaf.com.uti.AppInfoParser] (Thread-878) App info kafka.consumer for consumer-Consumer-topic-0d5fef94_416b_4f42_ad4b_476c09589f84-36 unregistered
2025-08-06 18:57:42,836 INFO  [org.apa.kaf.cli.pro.KafkaProducer] (main) [Producer clientId=Producer-topic-0d5fef94_416b_4f42_ad4b_476c09589f84] Closing the Kafka producer with timeoutMillis = 9223372036854775807 ms.
2025-08-06 18:57:42,836 INFO  [org.apa.kaf.com.met.Metrics] (main) Metrics scheduler closed
2025-08-06 18:57:42,836 INFO  [org.apa.kaf.com.met.Metrics] (main) Closing reporter org.apache.kafka.common.metrics.JmxReporter
2025-08-06 18:57:42,836 INFO  [org.apa.kaf.com.met.Metrics] (main) Closing reporter org.apache.kafka.common.telemetry.internals.ClientTelemetryReporter
2025-08-06 18:57:42,836 INFO  [org.apa.kaf.com.met.Metrics] (main) Metrics reporters closed
2025-08-06 18:57:42,836 INFO  [org.apa.kaf.com.uti.AppInfoParser] (main) App info kafka.producer for Producer-topic-0d5fef94_416b_4f42_ad4b_476c09589f84 unregistered
2025-08-06 18:57:42,998 INFO  [io.api.tes.ser.con.BasicConfluentSerDesIT] (main) Deleting confluent schema topic-0d5fef94_416b_4f42_ad4b_476c09589f84-s1fc4f61cxe41fx478bx8444x3d6345d141d1
2025-08-06 18:57:43,085 INFO  [io.api.tes.uti.TestSeparator] (main) io.apicurio.tests.serdes.confluent.BasicConfluentSerDesIT.testEvolveAvroConfluent-FINISHED
2025-08-06 18:57:43,085 INFO  [io.api.tes.uti.TestSeparator] (main) ############################################################################
Test passed: testEvolveAvroConfluent
]]></system-out>
  </testcase>
  <testcase name="testAvroConfluentSerDes" classname="io.apicurio.tests.serdes.confluent.BasicConfluentSerDesIT" time="4.274">
    <system-out><![CDATA[2025-08-06 18:57:43,086 INFO  [io.api.tes.uti.TestSeparator] (main) ############################################################################
2025-08-06 18:57:43,086 INFO  [io.api.tes.uti.TestSeparator] (main) io.apicurio.tests.serdes.confluent.BasicConfluentSerDesIT.testAvroConfluentSerDes-STARTED
2025-08-06 18:57:43,291 INFO  [io.api.tes.ser.con.BasicConfluentSerDesIT] (main) Checking that created schema is equal to the get schema
2025-08-06 18:57:43,379 INFO  [io.api.tes.ser.con.BasicConfluentSerDesIT] (main) Created schema with id:111 and name:myrecordconfluent1
**** Registry Base URL: http://registry-app-mysql.apps.ci419.apicurio-testing.org:80
2025-08-06 18:57:43,380 INFO  [org.apa.kaf.cli.pro.ProducerConfig] (main) ProducerConfig values: 
	acks = -1
	auto.include.jmx.reporter = true
	batch.size = 16384
	bootstrap.servers = [PLAINTEXT://localhost:32769]
	buffer.memory = 33554432
	client.dns.lookup = use_all_dns_ips
	client.id = Producer-topic-38293ed1_5705_4a66_9f7f_51ca62effb3a
	compression.gzip.level = -1
	compression.lz4.level = 9
	compression.type = none
	compression.zstd.level = 3
	connections.max.idle.ms = 10000
	delivery.timeout.ms = 120000
	enable.idempotence = true
	enable.metrics.push = true
	interceptor.classes = []
	key.serializer = class org.apache.kafka.common.serialization.StringSerializer
	linger.ms = 0
	max.block.ms = 60000
	max.in.flight.requests.per.connection = 5
	max.request.size = 1048576
	metadata.max.age.ms = 300000
	metadata.max.idle.ms = 300000
	metadata.recovery.strategy = none
	metric.reporters = []
	metrics.num.samples = 2
	metrics.recording.level = INFO
	metrics.sample.window.ms = 30000
	partitioner.adaptive.partitioning.enable = true
	partitioner.availability.timeout.ms = 0
	partitioner.class = null
	partitioner.ignore.keys = false
	receive.buffer.bytes = 32768
	reconnect.backoff.max.ms = 1000
	reconnect.backoff.ms = 50
	request.timeout.ms = 5000
	retries = 2147483647
	retry.backoff.max.ms = 1000
	retry.backoff.ms = 100
	sasl.client.callback.handler.class = null
	sasl.jaas.config = null
	sasl.kerberos.kinit.cmd = /usr/bin/kinit
	sasl.kerberos.min.time.before.relogin = 60000
	sasl.kerberos.service.name = null
	sasl.kerberos.ticket.renew.jitter = 0.05
	sasl.kerberos.ticket.renew.window.factor = 0.8
	sasl.login.callback.handler.class = null
	sasl.login.class = null
	sasl.login.connect.timeout.ms = null
	sasl.login.read.timeout.ms = null
	sasl.login.refresh.buffer.seconds = 300
	sasl.login.refresh.min.period.seconds = 60
	sasl.login.refresh.window.factor = 0.8
	sasl.login.refresh.window.jitter = 0.05
	sasl.login.retry.backoff.max.ms = 10000
	sasl.login.retry.backoff.ms = 100
	sasl.mechanism = GSSAPI
	sasl.oauthbearer.clock.skew.seconds = 30
	sasl.oauthbearer.expected.audience = null
	sasl.oauthbearer.expected.issuer = null
	sasl.oauthbearer.header.urlencode = false
	sasl.oauthbearer.jwks.endpoint.refresh.ms = 3600000
	sasl.oauthbearer.jwks.endpoint.retry.backoff.max.ms = 10000
	sasl.oauthbearer.jwks.endpoint.retry.backoff.ms = 100
	sasl.oauthbearer.jwks.endpoint.url = null
	sasl.oauthbearer.scope.claim.name = scope
	sasl.oauthbearer.sub.claim.name = sub
	sasl.oauthbearer.token.endpoint.url = null
	security.protocol = PLAINTEXT
	security.providers = null
	send.buffer.bytes = 131072
	socket.connection.setup.timeout.max.ms = 30000
	socket.connection.setup.timeout.ms = 10000
	ssl.cipher.suites = null
	ssl.enabled.protocols = [TLSv1.2, TLSv1.3]
	ssl.endpoint.identification.algorithm = https
	ssl.engine.factory.class = null
	ssl.key.password = null
	ssl.keymanager.algorithm = SunX509
	ssl.keystore.certificate.chain = null
	ssl.keystore.key = null
	ssl.keystore.location = null
	ssl.keystore.password = null
	ssl.keystore.type = JKS
	ssl.protocol = TLSv1.3
	ssl.provider = null
	ssl.secure.random.implementation = null
	ssl.trustmanager.algorithm = PKIX
	ssl.truststore.certificates = null
	ssl.truststore.location = null
	ssl.truststore.password = null
	ssl.truststore.type = JKS
	transaction.timeout.ms = 60000
	transactional.id = null
	value.serializer = class io.confluent.kafka.serializers.KafkaAvroSerializer

2025-08-06 18:57:43,380 INFO  [org.apa.kaf.com.tel.int.KafkaMetricsCollector] (main) initializing Kafka metrics collector
2025-08-06 18:57:43,381 INFO  [io.con.kaf.ser.KafkaAvroSerializerConfig] (main) KafkaAvroSerializerConfig values: 
	auto.register.schemas = false
	avro.reflection.allow.null = false
	avro.remove.java.properties = false
	avro.use.logical.type.converters = false
	basic.auth.credentials.source = URL
	basic.auth.user.info = [hidden]
	bearer.auth.cache.expiry.buffer.seconds = 300
	bearer.auth.client.id = null
	bearer.auth.client.secret = null
	bearer.auth.credentials.source = STATIC_TOKEN
	bearer.auth.custom.provider.class = null
	bearer.auth.identity.pool.id = null
	bearer.auth.issuer.endpoint.url = null
	bearer.auth.logical.cluster = null
	bearer.auth.scope = null
	bearer.auth.scope.claim.name = scope
	bearer.auth.sub.claim.name = sub
	bearer.auth.token = [hidden]
	context.name.strategy = class io.confluent.kafka.serializers.context.NullContextNameStrategy
	http.connect.timeout.ms = 60000
	http.read.timeout.ms = 60000
	id.compatibility.strict = true
	key.schema.id.deserializer = class io.confluent.kafka.serializers.schema.id.DualSchemaIdDeserializer
	key.schema.id.serializer = class io.confluent.kafka.serializers.schema.id.PrefixSchemaIdSerializer
	key.subject.name.strategy = class io.confluent.kafka.serializers.subject.TopicNameStrategy
	latest.cache.size = 1000
	latest.cache.ttl.sec = -1
	latest.compatibility.strict = true
	max.retries = 3
	max.schemas.per.subject = 1000
	normalize.schemas = false
	propagate.schema.tags = false
	proxy.host = 
	proxy.port = -1
	retries.max.wait.ms = 20000
	retries.wait.ms = 1000
	rule.actions = []
	rule.executors = []
	rule.service.loader.enable = true
	schema.format = null
	schema.reflection = false
	schema.registry.basic.auth.user.info = [hidden]
	schema.registry.ssl.cipher.suites = null
	schema.registry.ssl.enabled.protocols = [TLSv1.2, TLSv1.3]
	schema.registry.ssl.endpoint.identification.algorithm = https
	schema.registry.ssl.engine.factory.class = null
	schema.registry.ssl.key.password = null
	schema.registry.ssl.keymanager.algorithm = SunX509
	schema.registry.ssl.keystore.certificate.chain = null
	schema.registry.ssl.keystore.key = null
	schema.registry.ssl.keystore.location = null
	schema.registry.ssl.keystore.password = null
	schema.registry.ssl.keystore.type = JKS
	schema.registry.ssl.protocol = TLSv1.3
	schema.registry.ssl.provider = null
	schema.registry.ssl.secure.random.implementation = null
	schema.registry.ssl.trustmanager.algorithm = PKIX
	schema.registry.ssl.truststore.certificates = null
	schema.registry.ssl.truststore.location = null
	schema.registry.ssl.truststore.password = null
	schema.registry.ssl.truststore.type = JKS
	schema.registry.url = [http://registry-app-mysql.apps.ci419.apicurio-testing.org:80/apis/ccompat/v7]
	schema.registry.url.randomize = false
	use.latest.version = false
	use.latest.with.metadata = null
	use.schema.id = -1
	value.schema.id.deserializer = class io.confluent.kafka.serializers.schema.id.DualSchemaIdDeserializer
	value.schema.id.serializer = class io.confluent.kafka.serializers.schema.id.PrefixSchemaIdSerializer
	value.subject.name.strategy = class io.confluent.kafka.serializers.subject.TopicNameStrategy

2025-08-06 18:57:43,382 INFO  [org.apa.kaf.cli.pro.KafkaProducer] (main) [Producer clientId=Producer-topic-38293ed1_5705_4a66_9f7f_51ca62effb3a] Instantiated an idempotent producer.
2025-08-06 18:57:43,383 INFO  [org.apa.kaf.cli.pro.ProducerConfig] (main) These configurations '[schema.registry.url, auto.register.schemas, value.subject.name.strategy]' were supplied but are not used yet.
2025-08-06 18:57:43,383 INFO  [org.apa.kaf.com.uti.AppInfoParser] (main) Kafka version: 3.9.1
2025-08-06 18:57:43,383 INFO  [org.apa.kaf.com.uti.AppInfoParser] (main) Kafka commitId: f745dfdcee2b9851
2025-08-06 18:57:43,383 INFO  [org.apa.kaf.com.uti.AppInfoParser] (main) Kafka startTimeMs: 1754506663383
2025-08-06 18:57:43,383 INFO  [io.api.tes.ser.api.SimpleSerdesTesterBuilder$SimpleSerdesTester] (main) Using producer configuration: {schema.registry.url=http://registry-app-mysql.apps.ci419.apicurio-testing.org:80/apis/ccompat/v7, value.serializer=io.confluent.kafka.serializers.KafkaAvroSerializer, request.timeout.ms=5000, auto.register.schemas=false, acks=all, bootstrap.servers=PLAINTEXT://localhost:32769, connections.max.idle.ms=10000, key.serializer=org.apache.kafka.common.serialization.StringSerializer, value.subject.name.strategy=io.confluent.kafka.serializers.subject.TopicNameStrategy, client.id=Producer-topic-38293ed1_5705_4a66_9f7f_51ca62effb3a}
2025-08-06 18:57:43,383 INFO  [io.api.tes.ser.api.SimpleSerdesTesterBuilder$SimpleSerdesTester] (main) Using consumer configuration: {}
2025-08-06 18:57:43,384 INFO  [io.api.tes.ser.api.KafkaSerdesTester] (Thread-879) Sending message {"key1": "value-0"} to topic topic-38293ed1_5705_4a66_9f7f_51ca62effb3a
2025-08-06 18:57:43,386 INFO  [org.apa.kaf.cli.Metadata] (kafka-producer-network-thread | Producer-topic-38293ed1_5705_4a66_9f7f_51ca62effb3a) [Producer clientId=Producer-topic-38293ed1_5705_4a66_9f7f_51ca62effb3a] Cluster ID: kF8Ua3WQTR-RR3LzMUds4A
2025-08-06 18:57:43,386 INFO  [org.apa.kaf.cli.pro.int.TransactionManager] (kafka-producer-network-thread | Producer-topic-38293ed1_5705_4a66_9f7f_51ca62effb3a) [Producer clientId=Producer-topic-38293ed1_5705_4a66_9f7f_51ca62effb3a] ProducerId set to 50 with epoch 0
2025-08-06 18:57:43,478 INFO  [io.api.tes.ser.api.KafkaSerdesTester] (Thread-879) Sending message {"key1": "value-1"} to topic topic-38293ed1_5705_4a66_9f7f_51ca62effb3a
2025-08-06 18:57:43,479 INFO  [io.api.tes.ser.api.KafkaSerdesTester] (Thread-879) Sending message {"key1": "value-2"} to topic topic-38293ed1_5705_4a66_9f7f_51ca62effb3a
2025-08-06 18:57:43,480 INFO  [io.api.tes.ser.api.KafkaSerdesTester] (Thread-879) Sending message {"key1": "value-3"} to topic topic-38293ed1_5705_4a66_9f7f_51ca62effb3a
2025-08-06 18:57:43,481 INFO  [io.api.tes.ser.api.KafkaSerdesTester] (Thread-879) Sending message {"key1": "value-4"} to topic topic-38293ed1_5705_4a66_9f7f_51ca62effb3a
2025-08-06 18:57:43,482 INFO  [io.api.tes.ser.api.KafkaSerdesTester] (Thread-879) Sending message {"key1": "value-5"} to topic topic-38293ed1_5705_4a66_9f7f_51ca62effb3a
2025-08-06 18:57:43,483 INFO  [io.api.tes.ser.api.KafkaSerdesTester] (Thread-879) Sending message {"key1": "value-6"} to topic topic-38293ed1_5705_4a66_9f7f_51ca62effb3a
2025-08-06 18:57:43,483 INFO  [io.api.tes.ser.api.KafkaSerdesTester] (Thread-879) Sending message {"key1": "value-7"} to topic topic-38293ed1_5705_4a66_9f7f_51ca62effb3a
2025-08-06 18:57:43,484 INFO  [io.api.tes.ser.api.KafkaSerdesTester] (Thread-879) Sending message {"key1": "value-8"} to topic topic-38293ed1_5705_4a66_9f7f_51ca62effb3a
2025-08-06 18:57:43,485 INFO  [io.api.tes.ser.api.KafkaSerdesTester] (Thread-879) Sending message {"key1": "value-9"} to topic topic-38293ed1_5705_4a66_9f7f_51ca62effb3a
2025-08-06 18:57:43,486 INFO  [io.api.tes.ser.api.KafkaSerdesTester] (Thread-879) Produced 10 messages
2025-08-06 18:57:43,486 INFO  [org.apa.kaf.cli.pro.KafkaProducer] (Thread-879) [Producer clientId=Producer-topic-38293ed1_5705_4a66_9f7f_51ca62effb3a] Closing the Kafka producer with timeoutMillis = 9223372036854775807 ms.
2025-08-06 18:57:43,490 INFO  [org.apa.kaf.com.met.Metrics] (Thread-879) Metrics scheduler closed
2025-08-06 18:57:43,490 INFO  [org.apa.kaf.com.met.Metrics] (Thread-879) Closing reporter org.apache.kafka.common.metrics.JmxReporter
2025-08-06 18:57:43,490 INFO  [org.apa.kaf.com.met.Metrics] (Thread-879) Closing reporter org.apache.kafka.common.telemetry.internals.ClientTelemetryReporter
2025-08-06 18:57:43,490 INFO  [org.apa.kaf.com.met.Metrics] (Thread-879) Metrics reporters closed
2025-08-06 18:57:43,491 INFO  [org.apa.kaf.com.uti.AppInfoParser] (Thread-879) App info kafka.producer for Producer-topic-38293ed1_5705_4a66_9f7f_51ca62effb3a unregistered
**** Registry Base URL: http://registry-app-mysql.apps.ci419.apicurio-testing.org:80
2025-08-06 18:57:43,491 INFO  [org.apa.kaf.cli.con.ConsumerConfig] (main) ConsumerConfig values: 
	allow.auto.create.topics = true
	auto.commit.interval.ms = 500
	auto.include.jmx.reporter = true
	auto.offset.reset = earliest
	bootstrap.servers = [PLAINTEXT://localhost:32769]
	check.crcs = true
	client.dns.lookup = use_all_dns_ips
	client.id = consumer-Consumer-topic-38293ed1_5705_4a66_9f7f_51ca62effb3a-37
	client.rack = 
	connections.max.idle.ms = 10000
	default.api.timeout.ms = 60000
	enable.auto.commit = true
	enable.metrics.push = true
	exclude.internal.topics = true
	fetch.max.bytes = 52428800
	fetch.max.wait.ms = 500
	fetch.min.bytes = 1
	group.id = Consumer-topic-38293ed1_5705_4a66_9f7f_51ca62effb3a
	group.instance.id = null
	group.protocol = classic
	group.remote.assignor = null
	heartbeat.interval.ms = 3000
	interceptor.classes = []
	internal.leave.group.on.close = true
	internal.throw.on.fetch.stable.offset.unsupported = false
	isolation.level = read_uncommitted
	key.deserializer = class org.apache.kafka.common.serialization.StringDeserializer
	max.partition.fetch.bytes = 1048576
	max.poll.interval.ms = 300000
	max.poll.records = 500
	metadata.max.age.ms = 300000
	metadata.recovery.strategy = none
	metric.reporters = []
	metrics.num.samples = 2
	metrics.recording.level = INFO
	metrics.sample.window.ms = 30000
	partition.assignment.strategy = [class org.apache.kafka.clients.consumer.RangeAssignor, class org.apache.kafka.clients.consumer.CooperativeStickyAssignor]
	receive.buffer.bytes = 65536
	reconnect.backoff.max.ms = 1000
	reconnect.backoff.ms = 50
	request.timeout.ms = 5000
	retry.backoff.max.ms = 1000
	retry.backoff.ms = 100
	sasl.client.callback.handler.class = null
	sasl.jaas.config = null
	sasl.kerberos.kinit.cmd = /usr/bin/kinit
	sasl.kerberos.min.time.before.relogin = 60000
	sasl.kerberos.service.name = null
	sasl.kerberos.ticket.renew.jitter = 0.05
	sasl.kerberos.ticket.renew.window.factor = 0.8
	sasl.login.callback.handler.class = null
	sasl.login.class = null
	sasl.login.connect.timeout.ms = null
	sasl.login.read.timeout.ms = null
	sasl.login.refresh.buffer.seconds = 300
	sasl.login.refresh.min.period.seconds = 60
	sasl.login.refresh.window.factor = 0.8
	sasl.login.refresh.window.jitter = 0.05
	sasl.login.retry.backoff.max.ms = 10000
	sasl.login.retry.backoff.ms = 100
	sasl.mechanism = GSSAPI
	sasl.oauthbearer.clock.skew.seconds = 30
	sasl.oauthbearer.expected.audience = null
	sasl.oauthbearer.expected.issuer = null
	sasl.oauthbearer.header.urlencode = false
	sasl.oauthbearer.jwks.endpoint.refresh.ms = 3600000
	sasl.oauthbearer.jwks.endpoint.retry.backoff.max.ms = 10000
	sasl.oauthbearer.jwks.endpoint.retry.backoff.ms = 100
	sasl.oauthbearer.jwks.endpoint.url = null
	sasl.oauthbearer.scope.claim.name = scope
	sasl.oauthbearer.sub.claim.name = sub
	sasl.oauthbearer.token.endpoint.url = null
	security.protocol = PLAINTEXT
	security.providers = null
	send.buffer.bytes = 131072
	session.timeout.ms = 45000
	socket.connection.setup.timeout.max.ms = 30000
	socket.connection.setup.timeout.ms = 10000
	ssl.cipher.suites = null
	ssl.enabled.protocols = [TLSv1.2, TLSv1.3]
	ssl.endpoint.identification.algorithm = https
	ssl.engine.factory.class = null
	ssl.key.password = null
	ssl.keymanager.algorithm = SunX509
	ssl.keystore.certificate.chain = null
	ssl.keystore.key = null
	ssl.keystore.location = null
	ssl.keystore.password = null
	ssl.keystore.type = JKS
	ssl.protocol = TLSv1.3
	ssl.provider = null
	ssl.secure.random.implementation = null
	ssl.trustmanager.algorithm = PKIX
	ssl.truststore.certificates = null
	ssl.truststore.location = null
	ssl.truststore.password = null
	ssl.truststore.type = JKS
	value.deserializer = class io.confluent.kafka.serializers.KafkaAvroDeserializer

2025-08-06 18:57:43,492 INFO  [org.apa.kaf.com.tel.int.KafkaMetricsCollector] (main) initializing Kafka metrics collector
2025-08-06 18:57:43,493 INFO  [io.con.kaf.ser.KafkaAvroDeserializerConfig] (main) KafkaAvroDeserializerConfig values: 
	auto.register.schemas = true
	avro.reflection.allow.null = false
	avro.use.logical.type.converters = false
	basic.auth.credentials.source = URL
	basic.auth.user.info = [hidden]
	bearer.auth.cache.expiry.buffer.seconds = 300
	bearer.auth.client.id = null
	bearer.auth.client.secret = null
	bearer.auth.credentials.source = STATIC_TOKEN
	bearer.auth.custom.provider.class = null
	bearer.auth.identity.pool.id = null
	bearer.auth.issuer.endpoint.url = null
	bearer.auth.logical.cluster = null
	bearer.auth.scope = null
	bearer.auth.scope.claim.name = scope
	bearer.auth.sub.claim.name = sub
	bearer.auth.token = [hidden]
	context.name.strategy = class io.confluent.kafka.serializers.context.NullContextNameStrategy
	http.connect.timeout.ms = 60000
	http.read.timeout.ms = 60000
	id.compatibility.strict = true
	key.schema.id.deserializer = class io.confluent.kafka.serializers.schema.id.DualSchemaIdDeserializer
	key.schema.id.serializer = class io.confluent.kafka.serializers.schema.id.PrefixSchemaIdSerializer
	key.subject.name.strategy = class io.confluent.kafka.serializers.subject.TopicNameStrategy
	latest.cache.size = 1000
	latest.cache.ttl.sec = -1
	latest.compatibility.strict = true
	max.retries = 3
	max.schemas.per.subject = 1000
	normalize.schemas = false
	propagate.schema.tags = false
	proxy.host = 
	proxy.port = -1
	retries.max.wait.ms = 20000
	retries.wait.ms = 1000
	rule.actions = []
	rule.executors = []
	rule.service.loader.enable = true
	schema.format = null
	schema.reflection = false
	schema.registry.basic.auth.user.info = [hidden]
	schema.registry.ssl.cipher.suites = null
	schema.registry.ssl.enabled.protocols = [TLSv1.2, TLSv1.3]
	schema.registry.ssl.endpoint.identification.algorithm = https
	schema.registry.ssl.engine.factory.class = null
	schema.registry.ssl.key.password = null
	schema.registry.ssl.keymanager.algorithm = SunX509
	schema.registry.ssl.keystore.certificate.chain = null
	schema.registry.ssl.keystore.key = null
	schema.registry.ssl.keystore.location = null
	schema.registry.ssl.keystore.password = null
	schema.registry.ssl.keystore.type = JKS
	schema.registry.ssl.protocol = TLSv1.3
	schema.registry.ssl.provider = null
	schema.registry.ssl.secure.random.implementation = null
	schema.registry.ssl.trustmanager.algorithm = PKIX
	schema.registry.ssl.truststore.certificates = null
	schema.registry.ssl.truststore.location = null
	schema.registry.ssl.truststore.password = null
	schema.registry.ssl.truststore.type = JKS
	schema.registry.url = [http://registry-app-mysql.apps.ci419.apicurio-testing.org:80/apis/ccompat/v7]
	schema.registry.url.randomize = false
	specific.avro.key.type = null
	specific.avro.reader = false
	specific.avro.value.type = null
	use.latest.version = false
	use.latest.with.metadata = null
	use.schema.id = -1
	value.schema.id.deserializer = class io.confluent.kafka.serializers.schema.id.DualSchemaIdDeserializer
	value.schema.id.serializer = class io.confluent.kafka.serializers.schema.id.PrefixSchemaIdSerializer
	value.subject.name.strategy = class io.confluent.kafka.serializers.subject.TopicNameStrategy

2025-08-06 18:57:43,496 INFO  [org.apa.kaf.cli.con.ConsumerConfig] (main) These configurations '[schema.registry.url]' were supplied but are not used yet.
2025-08-06 18:57:43,496 INFO  [org.apa.kaf.com.uti.AppInfoParser] (main) Kafka version: 3.9.1
2025-08-06 18:57:43,496 INFO  [org.apa.kaf.com.uti.AppInfoParser] (main) Kafka commitId: f745dfdcee2b9851
2025-08-06 18:57:43,496 INFO  [org.apa.kaf.com.uti.AppInfoParser] (main) Kafka startTimeMs: 1754506663496
2025-08-06 18:57:43,497 INFO  [org.apa.kaf.cli.con.int.ClassicKafkaConsumer] (Thread-880) [Consumer clientId=consumer-Consumer-topic-38293ed1_5705_4a66_9f7f_51ca62effb3a-37, groupId=Consumer-topic-38293ed1_5705_4a66_9f7f_51ca62effb3a] Subscribed to topic(s): topic-38293ed1_5705_4a66_9f7f_51ca62effb3a
2025-08-06 18:57:43,503 INFO  [org.apa.kaf.cli.Metadata] (Thread-880) [Consumer clientId=consumer-Consumer-topic-38293ed1_5705_4a66_9f7f_51ca62effb3a-37, groupId=Consumer-topic-38293ed1_5705_4a66_9f7f_51ca62effb3a] Cluster ID: kF8Ua3WQTR-RR3LzMUds4A
2025-08-06 18:57:43,503 INFO  [org.apa.kaf.cli.con.int.ConsumerCoordinator] (Thread-880) [Consumer clientId=consumer-Consumer-topic-38293ed1_5705_4a66_9f7f_51ca62effb3a-37, groupId=Consumer-topic-38293ed1_5705_4a66_9f7f_51ca62effb3a] Discovered group coordinator localhost:32769 (id: 2147483647 rack: null)
2025-08-06 18:57:43,505 INFO  [org.apa.kaf.cli.con.int.ConsumerCoordinator] (Thread-880) [Consumer clientId=consumer-Consumer-topic-38293ed1_5705_4a66_9f7f_51ca62effb3a-37, groupId=Consumer-topic-38293ed1_5705_4a66_9f7f_51ca62effb3a] (Re-)joining group
2025-08-06 18:57:43,508 INFO  [org.apa.kaf.cli.con.int.ConsumerCoordinator] (Thread-880) [Consumer clientId=consumer-Consumer-topic-38293ed1_5705_4a66_9f7f_51ca62effb3a-37, groupId=Consumer-topic-38293ed1_5705_4a66_9f7f_51ca62effb3a] Request joining group due to: need to re-join with the given member-id: consumer-Consumer-topic-38293ed1_5705_4a66_9f7f_51ca62effb3a-37-60d71477-a6da-41e7-829b-9dc591435485
2025-08-06 18:57:43,508 INFO  [org.apa.kaf.cli.con.int.ConsumerCoordinator] (Thread-880) [Consumer clientId=consumer-Consumer-topic-38293ed1_5705_4a66_9f7f_51ca62effb3a-37, groupId=Consumer-topic-38293ed1_5705_4a66_9f7f_51ca62effb3a] (Re-)joining group
2025-08-06 18:57:44,497 INFO  [io.api.tes.ser.api.KafkaSerdesTester] (Thread-880) None found
2025-08-06 18:57:45,497 INFO  [io.api.tes.ser.api.KafkaSerdesTester] (Thread-880) None found
2025-08-06 18:57:46,498 INFO  [io.api.tes.ser.api.KafkaSerdesTester] (Thread-880) None found
2025-08-06 18:57:46,509 INFO  [org.apa.kaf.cli.con.int.ConsumerCoordinator] (Thread-880) [Consumer clientId=consumer-Consumer-topic-38293ed1_5705_4a66_9f7f_51ca62effb3a-37, groupId=Consumer-topic-38293ed1_5705_4a66_9f7f_51ca62effb3a] Successfully joined group with generation Generation{generationId=1, memberId='consumer-Consumer-topic-38293ed1_5705_4a66_9f7f_51ca62effb3a-37-60d71477-a6da-41e7-829b-9dc591435485', protocol='range'}
2025-08-06 18:57:46,510 INFO  [org.apa.kaf.cli.con.int.ConsumerCoordinator] (Thread-880) [Consumer clientId=consumer-Consumer-topic-38293ed1_5705_4a66_9f7f_51ca62effb3a-37, groupId=Consumer-topic-38293ed1_5705_4a66_9f7f_51ca62effb3a] Finished assignment for group at generation 1: {consumer-Consumer-topic-38293ed1_5705_4a66_9f7f_51ca62effb3a-37-60d71477-a6da-41e7-829b-9dc591435485=Assignment(partitions=[topic-38293ed1_5705_4a66_9f7f_51ca62effb3a-0])}
2025-08-06 18:57:46,516 INFO  [org.apa.kaf.cli.con.int.ConsumerCoordinator] (Thread-880) [Consumer clientId=consumer-Consumer-topic-38293ed1_5705_4a66_9f7f_51ca62effb3a-37, groupId=Consumer-topic-38293ed1_5705_4a66_9f7f_51ca62effb3a] Successfully synced group in generation Generation{generationId=1, memberId='consumer-Consumer-topic-38293ed1_5705_4a66_9f7f_51ca62effb3a-37-60d71477-a6da-41e7-829b-9dc591435485', protocol='range'}
2025-08-06 18:57:46,517 INFO  [org.apa.kaf.cli.con.int.ConsumerCoordinator] (Thread-880) [Consumer clientId=consumer-Consumer-topic-38293ed1_5705_4a66_9f7f_51ca62effb3a-37, groupId=Consumer-topic-38293ed1_5705_4a66_9f7f_51ca62effb3a] Notifying assignor about the new Assignment(partitions=[topic-38293ed1_5705_4a66_9f7f_51ca62effb3a-0])
2025-08-06 18:57:46,517 INFO  [org.apa.kaf.cli.con.int.ConsumerRebalanceListenerInvoker] (Thread-880) [Consumer clientId=consumer-Consumer-topic-38293ed1_5705_4a66_9f7f_51ca62effb3a-37, groupId=Consumer-topic-38293ed1_5705_4a66_9f7f_51ca62effb3a] Adding newly assigned partitions: topic-38293ed1_5705_4a66_9f7f_51ca62effb3a-0
2025-08-06 18:57:46,517 INFO  [org.apa.kaf.cli.con.int.ConsumerCoordinator] (Thread-880) [Consumer clientId=consumer-Consumer-topic-38293ed1_5705_4a66_9f7f_51ca62effb3a-37, groupId=Consumer-topic-38293ed1_5705_4a66_9f7f_51ca62effb3a] Found no committed offset for partition topic-38293ed1_5705_4a66_9f7f_51ca62effb3a-0
2025-08-06 18:57:46,520 INFO  [org.apa.kaf.cli.con.int.SubscriptionState] (Thread-880) [Consumer clientId=consumer-Consumer-topic-38293ed1_5705_4a66_9f7f_51ca62effb3a-37, groupId=Consumer-topic-38293ed1_5705_4a66_9f7f_51ca62effb3a] Resetting offset for partition topic-38293ed1_5705_4a66_9f7f_51ca62effb3a-0 to position FetchPosition{offset=0, offsetEpoch=Optional.empty, currentLeader=LeaderAndEpoch{leader=Optional[localhost:32769 (id: 0 rack: null)], epoch=0}}.
2025-08-06 18:57:46,606 INFO  [io.api.tes.ser.api.KafkaSerdesTester] (Thread-880) topic-38293ed1_5705_4a66_9f7f_51ca62effb3a 0 0 {"key1": "value-0"}
2025-08-06 18:57:46,606 INFO  [io.api.tes.ser.api.KafkaSerdesTester] (Thread-880) topic-38293ed1_5705_4a66_9f7f_51ca62effb3a 0 1 {"key1": "value-1"}
2025-08-06 18:57:46,606 INFO  [io.api.tes.ser.api.KafkaSerdesTester] (Thread-880) topic-38293ed1_5705_4a66_9f7f_51ca62effb3a 0 2 {"key1": "value-2"}
2025-08-06 18:57:46,606 INFO  [io.api.tes.ser.api.KafkaSerdesTester] (Thread-880) topic-38293ed1_5705_4a66_9f7f_51ca62effb3a 0 3 {"key1": "value-3"}
2025-08-06 18:57:46,606 INFO  [io.api.tes.ser.api.KafkaSerdesTester] (Thread-880) topic-38293ed1_5705_4a66_9f7f_51ca62effb3a 0 4 {"key1": "value-4"}
2025-08-06 18:57:46,606 INFO  [io.api.tes.ser.api.KafkaSerdesTester] (Thread-880) topic-38293ed1_5705_4a66_9f7f_51ca62effb3a 0 5 {"key1": "value-5"}
2025-08-06 18:57:46,606 INFO  [io.api.tes.ser.api.KafkaSerdesTester] (Thread-880) topic-38293ed1_5705_4a66_9f7f_51ca62effb3a 0 6 {"key1": "value-6"}
2025-08-06 18:57:46,606 INFO  [io.api.tes.ser.api.KafkaSerdesTester] (Thread-880) topic-38293ed1_5705_4a66_9f7f_51ca62effb3a 0 7 {"key1": "value-7"}
2025-08-06 18:57:46,606 INFO  [io.api.tes.ser.api.KafkaSerdesTester] (Thread-880) topic-38293ed1_5705_4a66_9f7f_51ca62effb3a 0 8 {"key1": "value-8"}
2025-08-06 18:57:46,606 INFO  [io.api.tes.ser.api.KafkaSerdesTester] (Thread-880) topic-38293ed1_5705_4a66_9f7f_51ca62effb3a 0 9 {"key1": "value-9"}
2025-08-06 18:57:46,606 INFO  [io.api.tes.ser.api.KafkaSerdesTester] (Thread-880) Consumed 10 messages
2025-08-06 18:57:46,613 INFO  [org.apa.kaf.cli.con.int.ConsumerRebalanceListenerInvoker] (Thread-880) [Consumer clientId=consumer-Consumer-topic-38293ed1_5705_4a66_9f7f_51ca62effb3a-37, groupId=Consumer-topic-38293ed1_5705_4a66_9f7f_51ca62effb3a] Revoke previously assigned partitions topic-38293ed1_5705_4a66_9f7f_51ca62effb3a-0
2025-08-06 18:57:46,613 INFO  [org.apa.kaf.cli.con.int.ConsumerCoordinator] (Thread-880) [Consumer clientId=consumer-Consumer-topic-38293ed1_5705_4a66_9f7f_51ca62effb3a-37, groupId=Consumer-topic-38293ed1_5705_4a66_9f7f_51ca62effb3a] Member consumer-Consumer-topic-38293ed1_5705_4a66_9f7f_51ca62effb3a-37-60d71477-a6da-41e7-829b-9dc591435485 sending LeaveGroup request to coordinator localhost:32769 (id: 2147483647 rack: null) due to the consumer is being closed
2025-08-06 18:57:46,613 INFO  [org.apa.kaf.cli.con.int.ConsumerCoordinator] (Thread-880) [Consumer clientId=consumer-Consumer-topic-38293ed1_5705_4a66_9f7f_51ca62effb3a-37, groupId=Consumer-topic-38293ed1_5705_4a66_9f7f_51ca62effb3a] Resetting generation and member id due to: consumer pro-actively leaving the group
2025-08-06 18:57:46,613 INFO  [org.apa.kaf.cli.con.int.ConsumerCoordinator] (Thread-880) [Consumer clientId=consumer-Consumer-topic-38293ed1_5705_4a66_9f7f_51ca62effb3a-37, groupId=Consumer-topic-38293ed1_5705_4a66_9f7f_51ca62effb3a] Request joining group due to: consumer pro-actively leaving the group
2025-08-06 18:57:47,109 INFO  [org.apa.kaf.com.met.Metrics] (Thread-880) Metrics scheduler closed
2025-08-06 18:57:47,109 INFO  [org.apa.kaf.com.met.Metrics] (Thread-880) Closing reporter org.apache.kafka.common.metrics.JmxReporter
2025-08-06 18:57:47,109 INFO  [org.apa.kaf.com.met.Metrics] (Thread-880) Closing reporter org.apache.kafka.common.telemetry.internals.ClientTelemetryReporter
2025-08-06 18:57:47,109 INFO  [org.apa.kaf.com.met.Metrics] (Thread-880) Metrics reporters closed
2025-08-06 18:57:47,111 INFO  [org.apa.kaf.com.uti.AppInfoParser] (Thread-880) App info kafka.consumer for consumer-Consumer-topic-38293ed1_5705_4a66_9f7f_51ca62effb3a-37 unregistered
2025-08-06 18:57:47,273 INFO  [io.api.tes.ser.con.BasicConfluentSerDesIT] (main) Deleting confluent schema topic-38293ed1_5705_4a66_9f7f_51ca62effb3a-value
2025-08-06 18:57:47,360 INFO  [io.api.tes.uti.TestSeparator] (main) io.apicurio.tests.serdes.confluent.BasicConfluentSerDesIT.testAvroConfluentSerDes-FINISHED
2025-08-06 18:57:47,360 INFO  [io.api.tes.uti.TestSeparator] (main) ############################################################################
Test passed: testAvroConfluentSerDes
]]></system-out>
  </testcase>
  <testcase name="testAvroConfluentForMultipleTopics" classname="io.apicurio.tests.serdes.confluent.BasicConfluentSerDesIT" time="12.497">
    <system-out><![CDATA[2025-08-06 18:57:47,362 INFO  [io.api.tes.uti.TestSeparator] (main) ############################################################################
2025-08-06 18:57:47,362 INFO  [io.api.tes.uti.TestSeparator] (main) io.apicurio.tests.serdes.confluent.BasicConfluentSerDesIT.testAvroConfluentForMultipleTopics-STARTED
2025-08-06 18:57:47,569 INFO  [io.api.tes.ser.con.BasicConfluentSerDesIT] (main) Checking that created schema is equal to the get schema
2025-08-06 18:57:47,656 INFO  [io.api.tes.ser.con.BasicConfluentSerDesIT] (main) Created schema with id:112 and name:myrecordconfluent6
**** Registry Base URL: http://registry-app-mysql.apps.ci419.apicurio-testing.org:80
2025-08-06 18:57:47,657 INFO  [org.apa.kaf.cli.pro.ProducerConfig] (main) ProducerConfig values: 
	acks = -1
	auto.include.jmx.reporter = true
	batch.size = 16384
	bootstrap.servers = [PLAINTEXT://localhost:32769]
	buffer.memory = 33554432
	client.dns.lookup = use_all_dns_ips
	client.id = Producer-topic-9d07dd56_bb66_4086_aa45_92537e684158
	compression.gzip.level = -1
	compression.lz4.level = 9
	compression.type = none
	compression.zstd.level = 3
	connections.max.idle.ms = 10000
	delivery.timeout.ms = 120000
	enable.idempotence = true
	enable.metrics.push = true
	interceptor.classes = []
	key.serializer = class org.apache.kafka.common.serialization.StringSerializer
	linger.ms = 0
	max.block.ms = 60000
	max.in.flight.requests.per.connection = 5
	max.request.size = 1048576
	metadata.max.age.ms = 300000
	metadata.max.idle.ms = 300000
	metadata.recovery.strategy = none
	metric.reporters = []
	metrics.num.samples = 2
	metrics.recording.level = INFO
	metrics.sample.window.ms = 30000
	partitioner.adaptive.partitioning.enable = true
	partitioner.availability.timeout.ms = 0
	partitioner.class = null
	partitioner.ignore.keys = false
	receive.buffer.bytes = 32768
	reconnect.backoff.max.ms = 1000
	reconnect.backoff.ms = 50
	request.timeout.ms = 5000
	retries = 2147483647
	retry.backoff.max.ms = 1000
	retry.backoff.ms = 100
	sasl.client.callback.handler.class = null
	sasl.jaas.config = null
	sasl.kerberos.kinit.cmd = /usr/bin/kinit
	sasl.kerberos.min.time.before.relogin = 60000
	sasl.kerberos.service.name = null
	sasl.kerberos.ticket.renew.jitter = 0.05
	sasl.kerberos.ticket.renew.window.factor = 0.8
	sasl.login.callback.handler.class = null
	sasl.login.class = null
	sasl.login.connect.timeout.ms = null
	sasl.login.read.timeout.ms = null
	sasl.login.refresh.buffer.seconds = 300
	sasl.login.refresh.min.period.seconds = 60
	sasl.login.refresh.window.factor = 0.8
	sasl.login.refresh.window.jitter = 0.05
	sasl.login.retry.backoff.max.ms = 10000
	sasl.login.retry.backoff.ms = 100
	sasl.mechanism = GSSAPI
	sasl.oauthbearer.clock.skew.seconds = 30
	sasl.oauthbearer.expected.audience = null
	sasl.oauthbearer.expected.issuer = null
	sasl.oauthbearer.header.urlencode = false
	sasl.oauthbearer.jwks.endpoint.refresh.ms = 3600000
	sasl.oauthbearer.jwks.endpoint.retry.backoff.max.ms = 10000
	sasl.oauthbearer.jwks.endpoint.retry.backoff.ms = 100
	sasl.oauthbearer.jwks.endpoint.url = null
	sasl.oauthbearer.scope.claim.name = scope
	sasl.oauthbearer.sub.claim.name = sub
	sasl.oauthbearer.token.endpoint.url = null
	security.protocol = PLAINTEXT
	security.providers = null
	send.buffer.bytes = 131072
	socket.connection.setup.timeout.max.ms = 30000
	socket.connection.setup.timeout.ms = 10000
	ssl.cipher.suites = null
	ssl.enabled.protocols = [TLSv1.2, TLSv1.3]
	ssl.endpoint.identification.algorithm = https
	ssl.engine.factory.class = null
	ssl.key.password = null
	ssl.keymanager.algorithm = SunX509
	ssl.keystore.certificate.chain = null
	ssl.keystore.key = null
	ssl.keystore.location = null
	ssl.keystore.password = null
	ssl.keystore.type = JKS
	ssl.protocol = TLSv1.3
	ssl.provider = null
	ssl.secure.random.implementation = null
	ssl.trustmanager.algorithm = PKIX
	ssl.truststore.certificates = null
	ssl.truststore.location = null
	ssl.truststore.password = null
	ssl.truststore.type = JKS
	transaction.timeout.ms = 60000
	transactional.id = null
	value.serializer = class io.apicurio.registry.serde.avro.AvroKafkaSerializer

2025-08-06 18:57:47,657 INFO  [org.apa.kaf.com.tel.int.KafkaMetricsCollector] (main) initializing Kafka metrics collector
2025-08-06 18:57:47,660 INFO  [org.apa.kaf.cli.pro.KafkaProducer] (main) [Producer clientId=Producer-topic-9d07dd56_bb66_4086_aa45_92537e684158] Instantiated an idempotent producer.
2025-08-06 18:57:47,662 INFO  [org.apa.kaf.cli.pro.ProducerConfig] (main) These configurations '[apicurio.registry.url, apicurio.registry.artifact-resolver-strategy]' were supplied but are not used yet.
2025-08-06 18:57:47,662 INFO  [org.apa.kaf.com.uti.AppInfoParser] (main) Kafka version: 3.9.1
2025-08-06 18:57:47,662 INFO  [org.apa.kaf.com.uti.AppInfoParser] (main) Kafka commitId: f745dfdcee2b9851
2025-08-06 18:57:47,662 INFO  [org.apa.kaf.com.uti.AppInfoParser] (main) Kafka startTimeMs: 1754506667662
**** Registry Base URL: http://registry-app-mysql.apps.ci419.apicurio-testing.org:80
2025-08-06 18:57:47,662 INFO  [org.apa.kaf.cli.pro.ProducerConfig] (main) ProducerConfig values: 
	acks = -1
	auto.include.jmx.reporter = true
	batch.size = 16384
	bootstrap.servers = [PLAINTEXT://localhost:32769]
	buffer.memory = 33554432
	client.dns.lookup = use_all_dns_ips
	client.id = Producer-topic-0aed2c19_4453_4b31_8c4c_b7f53098438e
	compression.gzip.level = -1
	compression.lz4.level = 9
	compression.type = none
	compression.zstd.level = 3
	connections.max.idle.ms = 10000
	delivery.timeout.ms = 120000
	enable.idempotence = true
	enable.metrics.push = true
	interceptor.classes = []
	key.serializer = class org.apache.kafka.common.serialization.StringSerializer
	linger.ms = 0
	max.block.ms = 60000
	max.in.flight.requests.per.connection = 5
	max.request.size = 1048576
	metadata.max.age.ms = 300000
	metadata.max.idle.ms = 300000
	metadata.recovery.strategy = none
	metric.reporters = []
	metrics.num.samples = 2
	metrics.recording.level = INFO
	metrics.sample.window.ms = 30000
	partitioner.adaptive.partitioning.enable = true
	partitioner.availability.timeout.ms = 0
	partitioner.class = null
	partitioner.ignore.keys = false
	receive.buffer.bytes = 32768
	reconnect.backoff.max.ms = 1000
	reconnect.backoff.ms = 50
	request.timeout.ms = 5000
	retries = 2147483647
	retry.backoff.max.ms = 1000
	retry.backoff.ms = 100
	sasl.client.callback.handler.class = null
	sasl.jaas.config = null
	sasl.kerberos.kinit.cmd = /usr/bin/kinit
	sasl.kerberos.min.time.before.relogin = 60000
	sasl.kerberos.service.name = null
	sasl.kerberos.ticket.renew.jitter = 0.05
	sasl.kerberos.ticket.renew.window.factor = 0.8
	sasl.login.callback.handler.class = null
	sasl.login.class = null
	sasl.login.connect.timeout.ms = null
	sasl.login.read.timeout.ms = null
	sasl.login.refresh.buffer.seconds = 300
	sasl.login.refresh.min.period.seconds = 60
	sasl.login.refresh.window.factor = 0.8
	sasl.login.refresh.window.jitter = 0.05
	sasl.login.retry.backoff.max.ms = 10000
	sasl.login.retry.backoff.ms = 100
	sasl.mechanism = GSSAPI
	sasl.oauthbearer.clock.skew.seconds = 30
	sasl.oauthbearer.expected.audience = null
	sasl.oauthbearer.expected.issuer = null
	sasl.oauthbearer.header.urlencode = false
	sasl.oauthbearer.jwks.endpoint.refresh.ms = 3600000
	sasl.oauthbearer.jwks.endpoint.retry.backoff.max.ms = 10000
	sasl.oauthbearer.jwks.endpoint.retry.backoff.ms = 100
	sasl.oauthbearer.jwks.endpoint.url = null
	sasl.oauthbearer.scope.claim.name = scope
	sasl.oauthbearer.sub.claim.name = sub
	sasl.oauthbearer.token.endpoint.url = null
	security.protocol = PLAINTEXT
	security.providers = null
	send.buffer.bytes = 131072
	socket.connection.setup.timeout.max.ms = 30000
	socket.connection.setup.timeout.ms = 10000
	ssl.cipher.suites = null
	ssl.enabled.protocols = [TLSv1.2, TLSv1.3]
	ssl.endpoint.identification.algorithm = https
	ssl.engine.factory.class = null
	ssl.key.password = null
	ssl.keymanager.algorithm = SunX509
	ssl.keystore.certificate.chain = null
	ssl.keystore.key = null
	ssl.keystore.location = null
	ssl.keystore.password = null
	ssl.keystore.type = JKS
	ssl.protocol = TLSv1.3
	ssl.provider = null
	ssl.secure.random.implementation = null
	ssl.trustmanager.algorithm = PKIX
	ssl.truststore.certificates = null
	ssl.truststore.location = null
	ssl.truststore.password = null
	ssl.truststore.type = JKS
	transaction.timeout.ms = 60000
	transactional.id = null
	value.serializer = class io.apicurio.registry.serde.avro.AvroKafkaSerializer

2025-08-06 18:57:47,663 INFO  [org.apa.kaf.com.tel.int.KafkaMetricsCollector] (main) initializing Kafka metrics collector
2025-08-06 18:57:47,668 INFO  [org.apa.kaf.cli.Metadata] (kafka-producer-network-thread | Producer-topic-9d07dd56_bb66_4086_aa45_92537e684158) [Producer clientId=Producer-topic-9d07dd56_bb66_4086_aa45_92537e684158] Cluster ID: kF8Ua3WQTR-RR3LzMUds4A
2025-08-06 18:57:47,668 INFO  [org.apa.kaf.cli.pro.int.TransactionManager] (kafka-producer-network-thread | Producer-topic-9d07dd56_bb66_4086_aa45_92537e684158) [Producer clientId=Producer-topic-9d07dd56_bb66_4086_aa45_92537e684158] ProducerId set to 51 with epoch 0
2025-08-06 18:57:47,669 INFO  [org.apa.kaf.cli.pro.KafkaProducer] (main) [Producer clientId=Producer-topic-0aed2c19_4453_4b31_8c4c_b7f53098438e] Instantiated an idempotent producer.
2025-08-06 18:57:47,670 INFO  [org.apa.kaf.cli.pro.ProducerConfig] (main) These configurations '[apicurio.registry.url, apicurio.registry.artifact-resolver-strategy]' were supplied but are not used yet.
2025-08-06 18:57:47,670 INFO  [org.apa.kaf.com.uti.AppInfoParser] (main) Kafka version: 3.9.1
2025-08-06 18:57:47,670 INFO  [org.apa.kaf.com.uti.AppInfoParser] (main) Kafka commitId: f745dfdcee2b9851
2025-08-06 18:57:47,670 INFO  [org.apa.kaf.com.uti.AppInfoParser] (main) Kafka startTimeMs: 1754506667670
**** Registry Base URL: http://registry-app-mysql.apps.ci419.apicurio-testing.org:80
2025-08-06 18:57:47,671 INFO  [org.apa.kaf.cli.pro.ProducerConfig] (main) ProducerConfig values: 
	acks = -1
	auto.include.jmx.reporter = true
	batch.size = 16384
	bootstrap.servers = [PLAINTEXT://localhost:32769]
	buffer.memory = 33554432
	client.dns.lookup = use_all_dns_ips
	client.id = Producer-topic-e287c0b2_c035_497b_a773_2c9d3eccd390
	compression.gzip.level = -1
	compression.lz4.level = 9
	compression.type = none
	compression.zstd.level = 3
	connections.max.idle.ms = 10000
	delivery.timeout.ms = 120000
	enable.idempotence = true
	enable.metrics.push = true
	interceptor.classes = []
	key.serializer = class org.apache.kafka.common.serialization.StringSerializer
	linger.ms = 0
	max.block.ms = 60000
	max.in.flight.requests.per.connection = 5
	max.request.size = 1048576
	metadata.max.age.ms = 300000
	metadata.max.idle.ms = 300000
	metadata.recovery.strategy = none
	metric.reporters = []
	metrics.num.samples = 2
	metrics.recording.level = INFO
	metrics.sample.window.ms = 30000
	partitioner.adaptive.partitioning.enable = true
	partitioner.availability.timeout.ms = 0
	partitioner.class = null
	partitioner.ignore.keys = false
	receive.buffer.bytes = 32768
	reconnect.backoff.max.ms = 1000
	reconnect.backoff.ms = 50
	request.timeout.ms = 5000
	retries = 2147483647
	retry.backoff.max.ms = 1000
	retry.backoff.ms = 100
	sasl.client.callback.handler.class = null
	sasl.jaas.config = null
	sasl.kerberos.kinit.cmd = /usr/bin/kinit
	sasl.kerberos.min.time.before.relogin = 60000
	sasl.kerberos.service.name = null
	sasl.kerberos.ticket.renew.jitter = 0.05
	sasl.kerberos.ticket.renew.window.factor = 0.8
	sasl.login.callback.handler.class = null
	sasl.login.class = null
	sasl.login.connect.timeout.ms = null
	sasl.login.read.timeout.ms = null
	sasl.login.refresh.buffer.seconds = 300
	sasl.login.refresh.min.period.seconds = 60
	sasl.login.refresh.window.factor = 0.8
	sasl.login.refresh.window.jitter = 0.05
	sasl.login.retry.backoff.max.ms = 10000
	sasl.login.retry.backoff.ms = 100
	sasl.mechanism = GSSAPI
	sasl.oauthbearer.clock.skew.seconds = 30
	sasl.oauthbearer.expected.audience = null
	sasl.oauthbearer.expected.issuer = null
	sasl.oauthbearer.header.urlencode = false
	sasl.oauthbearer.jwks.endpoint.refresh.ms = 3600000
	sasl.oauthbearer.jwks.endpoint.retry.backoff.max.ms = 10000
	sasl.oauthbearer.jwks.endpoint.retry.backoff.ms = 100
	sasl.oauthbearer.jwks.endpoint.url = null
	sasl.oauthbearer.scope.claim.name = scope
	sasl.oauthbearer.sub.claim.name = sub
	sasl.oauthbearer.token.endpoint.url = null
	security.protocol = PLAINTEXT
	security.providers = null
	send.buffer.bytes = 131072
	socket.connection.setup.timeout.max.ms = 30000
	socket.connection.setup.timeout.ms = 10000
	ssl.cipher.suites = null
	ssl.enabled.protocols = [TLSv1.2, TLSv1.3]
	ssl.endpoint.identification.algorithm = https
	ssl.engine.factory.class = null
	ssl.key.password = null
	ssl.keymanager.algorithm = SunX509
	ssl.keystore.certificate.chain = null
	ssl.keystore.key = null
	ssl.keystore.location = null
	ssl.keystore.password = null
	ssl.keystore.type = JKS
	ssl.protocol = TLSv1.3
	ssl.provider = null
	ssl.secure.random.implementation = null
	ssl.trustmanager.algorithm = PKIX
	ssl.truststore.certificates = null
	ssl.truststore.location = null
	ssl.truststore.password = null
	ssl.truststore.type = JKS
	transaction.timeout.ms = 60000
	transactional.id = null
	value.serializer = class io.apicurio.registry.serde.avro.AvroKafkaSerializer

2025-08-06 18:57:47,671 INFO  [org.apa.kaf.com.tel.int.KafkaMetricsCollector] (main) initializing Kafka metrics collector
2025-08-06 18:57:47,674 INFO  [org.apa.kaf.cli.pro.KafkaProducer] (main) [Producer clientId=Producer-topic-e287c0b2_c035_497b_a773_2c9d3eccd390] Instantiated an idempotent producer.
2025-08-06 18:57:47,675 INFO  [org.apa.kaf.cli.Metadata] (kafka-producer-network-thread | Producer-topic-0aed2c19_4453_4b31_8c4c_b7f53098438e) [Producer clientId=Producer-topic-0aed2c19_4453_4b31_8c4c_b7f53098438e] Cluster ID: kF8Ua3WQTR-RR3LzMUds4A
2025-08-06 18:57:47,675 INFO  [org.apa.kaf.cli.pro.int.TransactionManager] (kafka-producer-network-thread | Producer-topic-0aed2c19_4453_4b31_8c4c_b7f53098438e) [Producer clientId=Producer-topic-0aed2c19_4453_4b31_8c4c_b7f53098438e] ProducerId set to 52 with epoch 0
2025-08-06 18:57:47,676 INFO  [org.apa.kaf.cli.pro.ProducerConfig] (main) These configurations '[apicurio.registry.url, apicurio.registry.artifact-resolver-strategy]' were supplied but are not used yet.
2025-08-06 18:57:47,676 INFO  [org.apa.kaf.com.uti.AppInfoParser] (main) Kafka version: 3.9.1
2025-08-06 18:57:47,676 INFO  [org.apa.kaf.com.uti.AppInfoParser] (main) Kafka commitId: f745dfdcee2b9851
2025-08-06 18:57:47,676 INFO  [org.apa.kaf.com.uti.AppInfoParser] (main) Kafka startTimeMs: 1754506667676
**** Registry Base URL: http://registry-app-mysql.apps.ci419.apicurio-testing.org:80
2025-08-06 18:57:47,676 INFO  [org.apa.kaf.cli.con.ConsumerConfig] (main) ConsumerConfig values: 
	allow.auto.create.topics = true
	auto.commit.interval.ms = 500
	auto.include.jmx.reporter = true
	auto.offset.reset = earliest
	bootstrap.servers = [PLAINTEXT://localhost:32769]
	check.crcs = true
	client.dns.lookup = use_all_dns_ips
	client.id = consumer-Consumer-topic-9d07dd56_bb66_4086_aa45_92537e684158-38
	client.rack = 
	connections.max.idle.ms = 10000
	default.api.timeout.ms = 60000
	enable.auto.commit = true
	enable.metrics.push = true
	exclude.internal.topics = true
	fetch.max.bytes = 52428800
	fetch.max.wait.ms = 500
	fetch.min.bytes = 1
	group.id = Consumer-topic-9d07dd56_bb66_4086_aa45_92537e684158
	group.instance.id = null
	group.protocol = classic
	group.remote.assignor = null
	heartbeat.interval.ms = 3000
	interceptor.classes = []
	internal.leave.group.on.close = true
	internal.throw.on.fetch.stable.offset.unsupported = false
	isolation.level = read_uncommitted
	key.deserializer = class org.apache.kafka.common.serialization.StringDeserializer
	max.partition.fetch.bytes = 1048576
	max.poll.interval.ms = 300000
	max.poll.records = 500
	metadata.max.age.ms = 300000
	metadata.recovery.strategy = none
	metric.reporters = []
	metrics.num.samples = 2
	metrics.recording.level = INFO
	metrics.sample.window.ms = 30000
	partition.assignment.strategy = [class org.apache.kafka.clients.consumer.RangeAssignor, class org.apache.kafka.clients.consumer.CooperativeStickyAssignor]
	receive.buffer.bytes = 65536
	reconnect.backoff.max.ms = 1000
	reconnect.backoff.ms = 50
	request.timeout.ms = 5000
	retry.backoff.max.ms = 1000
	retry.backoff.ms = 100
	sasl.client.callback.handler.class = null
	sasl.jaas.config = null
	sasl.kerberos.kinit.cmd = /usr/bin/kinit
	sasl.kerberos.min.time.before.relogin = 60000
	sasl.kerberos.service.name = null
	sasl.kerberos.ticket.renew.jitter = 0.05
	sasl.kerberos.ticket.renew.window.factor = 0.8
	sasl.login.callback.handler.class = null
	sasl.login.class = null
	sasl.login.connect.timeout.ms = null
	sasl.login.read.timeout.ms = null
	sasl.login.refresh.buffer.seconds = 300
	sasl.login.refresh.min.period.seconds = 60
	sasl.login.refresh.window.factor = 0.8
	sasl.login.refresh.window.jitter = 0.05
	sasl.login.retry.backoff.max.ms = 10000
	sasl.login.retry.backoff.ms = 100
	sasl.mechanism = GSSAPI
	sasl.oauthbearer.clock.skew.seconds = 30
	sasl.oauthbearer.expected.audience = null
	sasl.oauthbearer.expected.issuer = null
	sasl.oauthbearer.header.urlencode = false
	sasl.oauthbearer.jwks.endpoint.refresh.ms = 3600000
	sasl.oauthbearer.jwks.endpoint.retry.backoff.max.ms = 10000
	sasl.oauthbearer.jwks.endpoint.retry.backoff.ms = 100
	sasl.oauthbearer.jwks.endpoint.url = null
	sasl.oauthbearer.scope.claim.name = scope
	sasl.oauthbearer.sub.claim.name = sub
	sasl.oauthbearer.token.endpoint.url = null
	security.protocol = PLAINTEXT
	security.providers = null
	send.buffer.bytes = 131072
	session.timeout.ms = 45000
	socket.connection.setup.timeout.max.ms = 30000
	socket.connection.setup.timeout.ms = 10000
	ssl.cipher.suites = null
	ssl.enabled.protocols = [TLSv1.2, TLSv1.3]
	ssl.endpoint.identification.algorithm = https
	ssl.engine.factory.class = null
	ssl.key.password = null
	ssl.keymanager.algorithm = SunX509
	ssl.keystore.certificate.chain = null
	ssl.keystore.key = null
	ssl.keystore.location = null
	ssl.keystore.password = null
	ssl.keystore.type = JKS
	ssl.protocol = TLSv1.3
	ssl.provider = null
	ssl.secure.random.implementation = null
	ssl.trustmanager.algorithm = PKIX
	ssl.truststore.certificates = null
	ssl.truststore.location = null
	ssl.truststore.password = null
	ssl.truststore.type = JKS
	value.deserializer = class io.apicurio.registry.serde.avro.AvroKafkaDeserializer

2025-08-06 18:57:47,677 INFO  [org.apa.kaf.com.tel.int.KafkaMetricsCollector] (main) initializing Kafka metrics collector
2025-08-06 18:57:47,680 INFO  [org.apa.kaf.cli.Metadata] (kafka-producer-network-thread | Producer-topic-e287c0b2_c035_497b_a773_2c9d3eccd390) [Producer clientId=Producer-topic-e287c0b2_c035_497b_a773_2c9d3eccd390] Cluster ID: kF8Ua3WQTR-RR3LzMUds4A
2025-08-06 18:57:47,681 INFO  [org.apa.kaf.cli.pro.int.TransactionManager] (kafka-producer-network-thread | Producer-topic-e287c0b2_c035_497b_a773_2c9d3eccd390) [Producer clientId=Producer-topic-e287c0b2_c035_497b_a773_2c9d3eccd390] ProducerId set to 53 with epoch 0
2025-08-06 18:57:47,683 INFO  [org.apa.kaf.cli.con.ConsumerConfig] (main) These configurations '[apicurio.registry.url]' were supplied but are not used yet.
2025-08-06 18:57:47,684 INFO  [org.apa.kaf.com.uti.AppInfoParser] (main) Kafka version: 3.9.1
2025-08-06 18:57:47,684 INFO  [org.apa.kaf.com.uti.AppInfoParser] (main) Kafka commitId: f745dfdcee2b9851
2025-08-06 18:57:47,684 INFO  [org.apa.kaf.com.uti.AppInfoParser] (main) Kafka startTimeMs: 1754506667683
**** Registry Base URL: http://registry-app-mysql.apps.ci419.apicurio-testing.org:80
2025-08-06 18:57:47,684 INFO  [org.apa.kaf.cli.con.ConsumerConfig] (main) ConsumerConfig values: 
	allow.auto.create.topics = true
	auto.commit.interval.ms = 500
	auto.include.jmx.reporter = true
	auto.offset.reset = earliest
	bootstrap.servers = [PLAINTEXT://localhost:32769]
	check.crcs = true
	client.dns.lookup = use_all_dns_ips
	client.id = consumer-Consumer-topic-0aed2c19_4453_4b31_8c4c_b7f53098438e-39
	client.rack = 
	connections.max.idle.ms = 10000
	default.api.timeout.ms = 60000
	enable.auto.commit = true
	enable.metrics.push = true
	exclude.internal.topics = true
	fetch.max.bytes = 52428800
	fetch.max.wait.ms = 500
	fetch.min.bytes = 1
	group.id = Consumer-topic-0aed2c19_4453_4b31_8c4c_b7f53098438e
	group.instance.id = null
	group.protocol = classic
	group.remote.assignor = null
	heartbeat.interval.ms = 3000
	interceptor.classes = []
	internal.leave.group.on.close = true
	internal.throw.on.fetch.stable.offset.unsupported = false
	isolation.level = read_uncommitted
	key.deserializer = class org.apache.kafka.common.serialization.StringDeserializer
	max.partition.fetch.bytes = 1048576
	max.poll.interval.ms = 300000
	max.poll.records = 500
	metadata.max.age.ms = 300000
	metadata.recovery.strategy = none
	metric.reporters = []
	metrics.num.samples = 2
	metrics.recording.level = INFO
	metrics.sample.window.ms = 30000
	partition.assignment.strategy = [class org.apache.kafka.clients.consumer.RangeAssignor, class org.apache.kafka.clients.consumer.CooperativeStickyAssignor]
	receive.buffer.bytes = 65536
	reconnect.backoff.max.ms = 1000
	reconnect.backoff.ms = 50
	request.timeout.ms = 5000
	retry.backoff.max.ms = 1000
	retry.backoff.ms = 100
	sasl.client.callback.handler.class = null
	sasl.jaas.config = null
	sasl.kerberos.kinit.cmd = /usr/bin/kinit
	sasl.kerberos.min.time.before.relogin = 60000
	sasl.kerberos.service.name = null
	sasl.kerberos.ticket.renew.jitter = 0.05
	sasl.kerberos.ticket.renew.window.factor = 0.8
	sasl.login.callback.handler.class = null
	sasl.login.class = null
	sasl.login.connect.timeout.ms = null
	sasl.login.read.timeout.ms = null
	sasl.login.refresh.buffer.seconds = 300
	sasl.login.refresh.min.period.seconds = 60
	sasl.login.refresh.window.factor = 0.8
	sasl.login.refresh.window.jitter = 0.05
	sasl.login.retry.backoff.max.ms = 10000
	sasl.login.retry.backoff.ms = 100
	sasl.mechanism = GSSAPI
	sasl.oauthbearer.clock.skew.seconds = 30
	sasl.oauthbearer.expected.audience = null
	sasl.oauthbearer.expected.issuer = null
	sasl.oauthbearer.header.urlencode = false
	sasl.oauthbearer.jwks.endpoint.refresh.ms = 3600000
	sasl.oauthbearer.jwks.endpoint.retry.backoff.max.ms = 10000
	sasl.oauthbearer.jwks.endpoint.retry.backoff.ms = 100
	sasl.oauthbearer.jwks.endpoint.url = null
	sasl.oauthbearer.scope.claim.name = scope
	sasl.oauthbearer.sub.claim.name = sub
	sasl.oauthbearer.token.endpoint.url = null
	security.protocol = PLAINTEXT
	security.providers = null
	send.buffer.bytes = 131072
	session.timeout.ms = 45000
	socket.connection.setup.timeout.max.ms = 30000
	socket.connection.setup.timeout.ms = 10000
	ssl.cipher.suites = null
	ssl.enabled.protocols = [TLSv1.2, TLSv1.3]
	ssl.endpoint.identification.algorithm = https
	ssl.engine.factory.class = null
	ssl.key.password = null
	ssl.keymanager.algorithm = SunX509
	ssl.keystore.certificate.chain = null
	ssl.keystore.key = null
	ssl.keystore.location = null
	ssl.keystore.password = null
	ssl.keystore.type = JKS
	ssl.protocol = TLSv1.3
	ssl.provider = null
	ssl.secure.random.implementation = null
	ssl.trustmanager.algorithm = PKIX
	ssl.truststore.certificates = null
	ssl.truststore.location = null
	ssl.truststore.password = null
	ssl.truststore.type = JKS
	value.deserializer = class io.apicurio.registry.serde.avro.AvroKafkaDeserializer

2025-08-06 18:57:47,684 INFO  [org.apa.kaf.com.tel.int.KafkaMetricsCollector] (main) initializing Kafka metrics collector
2025-08-06 18:57:47,688 INFO  [org.apa.kaf.cli.con.ConsumerConfig] (main) These configurations '[apicurio.registry.url]' were supplied but are not used yet.
2025-08-06 18:57:47,688 INFO  [org.apa.kaf.com.uti.AppInfoParser] (main) Kafka version: 3.9.1
2025-08-06 18:57:47,688 INFO  [org.apa.kaf.com.uti.AppInfoParser] (main) Kafka commitId: f745dfdcee2b9851
2025-08-06 18:57:47,688 INFO  [org.apa.kaf.com.uti.AppInfoParser] (main) Kafka startTimeMs: 1754506667688
**** Registry Base URL: http://registry-app-mysql.apps.ci419.apicurio-testing.org:80
2025-08-06 18:57:47,688 INFO  [org.apa.kaf.cli.con.ConsumerConfig] (main) ConsumerConfig values: 
	allow.auto.create.topics = true
	auto.commit.interval.ms = 500
	auto.include.jmx.reporter = true
	auto.offset.reset = earliest
	bootstrap.servers = [PLAINTEXT://localhost:32769]
	check.crcs = true
	client.dns.lookup = use_all_dns_ips
	client.id = consumer-Consumer-topic-e287c0b2_c035_497b_a773_2c9d3eccd390-40
	client.rack = 
	connections.max.idle.ms = 10000
	default.api.timeout.ms = 60000
	enable.auto.commit = true
	enable.metrics.push = true
	exclude.internal.topics = true
	fetch.max.bytes = 52428800
	fetch.max.wait.ms = 500
	fetch.min.bytes = 1
	group.id = Consumer-topic-e287c0b2_c035_497b_a773_2c9d3eccd390
	group.instance.id = null
	group.protocol = classic
	group.remote.assignor = null
	heartbeat.interval.ms = 3000
	interceptor.classes = []
	internal.leave.group.on.close = true
	internal.throw.on.fetch.stable.offset.unsupported = false
	isolation.level = read_uncommitted
	key.deserializer = class org.apache.kafka.common.serialization.StringDeserializer
	max.partition.fetch.bytes = 1048576
	max.poll.interval.ms = 300000
	max.poll.records = 500
	metadata.max.age.ms = 300000
	metadata.recovery.strategy = none
	metric.reporters = []
	metrics.num.samples = 2
	metrics.recording.level = INFO
	metrics.sample.window.ms = 30000
	partition.assignment.strategy = [class org.apache.kafka.clients.consumer.RangeAssignor, class org.apache.kafka.clients.consumer.CooperativeStickyAssignor]
	receive.buffer.bytes = 65536
	reconnect.backoff.max.ms = 1000
	reconnect.backoff.ms = 50
	request.timeout.ms = 5000
	retry.backoff.max.ms = 1000
	retry.backoff.ms = 100
	sasl.client.callback.handler.class = null
	sasl.jaas.config = null
	sasl.kerberos.kinit.cmd = /usr/bin/kinit
	sasl.kerberos.min.time.before.relogin = 60000
	sasl.kerberos.service.name = null
	sasl.kerberos.ticket.renew.jitter = 0.05
	sasl.kerberos.ticket.renew.window.factor = 0.8
	sasl.login.callback.handler.class = null
	sasl.login.class = null
	sasl.login.connect.timeout.ms = null
	sasl.login.read.timeout.ms = null
	sasl.login.refresh.buffer.seconds = 300
	sasl.login.refresh.min.period.seconds = 60
	sasl.login.refresh.window.factor = 0.8
	sasl.login.refresh.window.jitter = 0.05
	sasl.login.retry.backoff.max.ms = 10000
	sasl.login.retry.backoff.ms = 100
	sasl.mechanism = GSSAPI
	sasl.oauthbearer.clock.skew.seconds = 30
	sasl.oauthbearer.expected.audience = null
	sasl.oauthbearer.expected.issuer = null
	sasl.oauthbearer.header.urlencode = false
	sasl.oauthbearer.jwks.endpoint.refresh.ms = 3600000
	sasl.oauthbearer.jwks.endpoint.retry.backoff.max.ms = 10000
	sasl.oauthbearer.jwks.endpoint.retry.backoff.ms = 100
	sasl.oauthbearer.jwks.endpoint.url = null
	sasl.oauthbearer.scope.claim.name = scope
	sasl.oauthbearer.sub.claim.name = sub
	sasl.oauthbearer.token.endpoint.url = null
	security.protocol = PLAINTEXT
	security.providers = null
	send.buffer.bytes = 131072
	session.timeout.ms = 45000
	socket.connection.setup.timeout.max.ms = 30000
	socket.connection.setup.timeout.ms = 10000
	ssl.cipher.suites = null
	ssl.enabled.protocols = [TLSv1.2, TLSv1.3]
	ssl.endpoint.identification.algorithm = https
	ssl.engine.factory.class = null
	ssl.key.password = null
	ssl.keymanager.algorithm = SunX509
	ssl.keystore.certificate.chain = null
	ssl.keystore.key = null
	ssl.keystore.location = null
	ssl.keystore.password = null
	ssl.keystore.type = JKS
	ssl.protocol = TLSv1.3
	ssl.provider = null
	ssl.secure.random.implementation = null
	ssl.trustmanager.algorithm = PKIX
	ssl.truststore.certificates = null
	ssl.truststore.location = null
	ssl.truststore.password = null
	ssl.truststore.type = JKS
	value.deserializer = class io.apicurio.registry.serde.avro.AvroKafkaDeserializer

2025-08-06 18:57:47,689 INFO  [org.apa.kaf.com.tel.int.KafkaMetricsCollector] (main) initializing Kafka metrics collector
2025-08-06 18:57:47,693 INFO  [org.apa.kaf.cli.con.ConsumerConfig] (main) These configurations '[apicurio.registry.url]' were supplied but are not used yet.
2025-08-06 18:57:47,693 INFO  [org.apa.kaf.com.uti.AppInfoParser] (main) Kafka version: 3.9.1
2025-08-06 18:57:47,693 INFO  [org.apa.kaf.com.uti.AppInfoParser] (main) Kafka commitId: f745dfdcee2b9851
2025-08-06 18:57:47,693 INFO  [org.apa.kaf.com.uti.AppInfoParser] (main) Kafka startTimeMs: 1754506667693
2025-08-06 18:57:47,695 INFO  [io.api.tes.ser.api.KafkaSerdesTester] (Thread-893) Sending message {"key1": "value-0"} to topic topic-9d07dd56_bb66_4086_aa45_92537e684158
2025-08-06 18:57:47,698 INFO  [DefaultSchemaResolver] (Thread-893) Retrieving schema content using string: {"type":"record","name":"myrecordconfluent6","fields":[{"name":"key1","type":"string"}]}
2025-08-06 18:57:47,854 INFO  [io.api.tes.ser.api.KafkaSerdesTester] (Thread-893) Sending message {"key1": "value-1"} to topic topic-9d07dd56_bb66_4086_aa45_92537e684158
2025-08-06 18:57:47,855 INFO  [io.api.tes.ser.api.KafkaSerdesTester] (Thread-893) Sending message {"key1": "value-2"} to topic topic-9d07dd56_bb66_4086_aa45_92537e684158
2025-08-06 18:57:47,857 INFO  [io.api.tes.ser.api.KafkaSerdesTester] (Thread-893) Sending message {"key1": "value-3"} to topic topic-9d07dd56_bb66_4086_aa45_92537e684158
2025-08-06 18:57:47,858 INFO  [io.api.tes.ser.api.KafkaSerdesTester] (Thread-893) Sending message {"key1": "value-4"} to topic topic-9d07dd56_bb66_4086_aa45_92537e684158
2025-08-06 18:57:47,858 INFO  [io.api.tes.ser.api.KafkaSerdesTester] (Thread-893) Sending message {"key1": "value-5"} to topic topic-9d07dd56_bb66_4086_aa45_92537e684158
2025-08-06 18:57:47,860 INFO  [io.api.tes.ser.api.KafkaSerdesTester] (Thread-893) Sending message {"key1": "value-6"} to topic topic-9d07dd56_bb66_4086_aa45_92537e684158
2025-08-06 18:57:47,861 INFO  [io.api.tes.ser.api.KafkaSerdesTester] (Thread-893) Sending message {"key1": "value-7"} to topic topic-9d07dd56_bb66_4086_aa45_92537e684158
2025-08-06 18:57:47,862 INFO  [io.api.tes.ser.api.KafkaSerdesTester] (Thread-893) Sending message {"key1": "value-8"} to topic topic-9d07dd56_bb66_4086_aa45_92537e684158
2025-08-06 18:57:47,863 INFO  [io.api.tes.ser.api.KafkaSerdesTester] (Thread-893) Sending message {"key1": "value-9"} to topic topic-9d07dd56_bb66_4086_aa45_92537e684158
2025-08-06 18:57:47,865 INFO  [io.api.tes.ser.api.KafkaSerdesTester] (Thread-893) Produced 10 messages
2025-08-06 18:57:47,865 INFO  [org.apa.kaf.cli.pro.KafkaProducer] (Thread-893) [Producer clientId=Producer-topic-9d07dd56_bb66_4086_aa45_92537e684158] Closing the Kafka producer with timeoutMillis = 9223372036854775807 ms.
2025-08-06 18:57:47,868 INFO  [org.apa.kaf.com.met.Metrics] (Thread-893) Metrics scheduler closed
2025-08-06 18:57:47,868 INFO  [org.apa.kaf.com.met.Metrics] (Thread-893) Closing reporter org.apache.kafka.common.metrics.JmxReporter
2025-08-06 18:57:47,868 INFO  [org.apa.kaf.com.met.Metrics] (Thread-893) Closing reporter org.apache.kafka.common.telemetry.internals.ClientTelemetryReporter
2025-08-06 18:57:47,868 INFO  [org.apa.kaf.com.met.Metrics] (Thread-893) Metrics reporters closed
2025-08-06 18:57:47,868 INFO  [org.apa.kaf.com.uti.AppInfoParser] (Thread-893) App info kafka.producer for Producer-topic-9d07dd56_bb66_4086_aa45_92537e684158 unregistered
2025-08-06 18:57:47,870 INFO  [io.api.tes.ser.api.KafkaSerdesTester] (Thread-894) Sending message {"key1": "value-0"} to topic topic-0aed2c19_4453_4b31_8c4c_b7f53098438e
2025-08-06 18:57:47,873 INFO  [DefaultSchemaResolver] (Thread-894) Retrieving schema content using string: {"type":"record","name":"myrecordconfluent6","fields":[{"name":"key1","type":"string"}]}
2025-08-06 18:57:48,029 INFO  [io.api.tes.ser.api.KafkaSerdesTester] (Thread-894) Sending message {"key1": "value-1"} to topic topic-0aed2c19_4453_4b31_8c4c_b7f53098438e
2025-08-06 18:57:48,030 INFO  [io.api.tes.ser.api.KafkaSerdesTester] (Thread-894) Sending message {"key1": "value-2"} to topic topic-0aed2c19_4453_4b31_8c4c_b7f53098438e
2025-08-06 18:57:48,031 INFO  [io.api.tes.ser.api.KafkaSerdesTester] (Thread-894) Sending message {"key1": "value-3"} to topic topic-0aed2c19_4453_4b31_8c4c_b7f53098438e
2025-08-06 18:57:48,032 INFO  [io.api.tes.ser.api.KafkaSerdesTester] (Thread-894) Sending message {"key1": "value-4"} to topic topic-0aed2c19_4453_4b31_8c4c_b7f53098438e
2025-08-06 18:57:48,033 INFO  [io.api.tes.ser.api.KafkaSerdesTester] (Thread-894) Sending message {"key1": "value-5"} to topic topic-0aed2c19_4453_4b31_8c4c_b7f53098438e
2025-08-06 18:57:48,034 INFO  [io.api.tes.ser.api.KafkaSerdesTester] (Thread-894) Sending message {"key1": "value-6"} to topic topic-0aed2c19_4453_4b31_8c4c_b7f53098438e
2025-08-06 18:57:48,035 INFO  [io.api.tes.ser.api.KafkaSerdesTester] (Thread-894) Sending message {"key1": "value-7"} to topic topic-0aed2c19_4453_4b31_8c4c_b7f53098438e
2025-08-06 18:57:48,036 INFO  [io.api.tes.ser.api.KafkaSerdesTester] (Thread-894) Sending message {"key1": "value-8"} to topic topic-0aed2c19_4453_4b31_8c4c_b7f53098438e
2025-08-06 18:57:48,036 INFO  [io.api.tes.ser.api.KafkaSerdesTester] (Thread-894) Sending message {"key1": "value-9"} to topic topic-0aed2c19_4453_4b31_8c4c_b7f53098438e
2025-08-06 18:57:48,038 INFO  [io.api.tes.ser.api.KafkaSerdesTester] (Thread-894) Produced 10 messages
2025-08-06 18:57:48,040 INFO  [org.apa.kaf.cli.pro.KafkaProducer] (Thread-894) [Producer clientId=Producer-topic-0aed2c19_4453_4b31_8c4c_b7f53098438e] Closing the Kafka producer with timeoutMillis = 9223372036854775807 ms.
2025-08-06 18:57:48,043 INFO  [org.apa.kaf.com.met.Metrics] (Thread-894) Metrics scheduler closed
2025-08-06 18:57:48,043 INFO  [org.apa.kaf.com.met.Metrics] (Thread-894) Closing reporter org.apache.kafka.common.metrics.JmxReporter
2025-08-06 18:57:48,043 INFO  [org.apa.kaf.com.met.Metrics] (Thread-894) Closing reporter org.apache.kafka.common.telemetry.internals.ClientTelemetryReporter
2025-08-06 18:57:48,043 INFO  [org.apa.kaf.com.met.Metrics] (Thread-894) Metrics reporters closed
2025-08-06 18:57:48,043 INFO  [org.apa.kaf.com.uti.AppInfoParser] (Thread-894) App info kafka.producer for Producer-topic-0aed2c19_4453_4b31_8c4c_b7f53098438e unregistered
2025-08-06 18:57:48,044 INFO  [io.api.tes.ser.api.KafkaSerdesTester] (Thread-895) Sending message {"key1": "value-0"} to topic topic-e287c0b2_c035_497b_a773_2c9d3eccd390
2025-08-06 18:57:48,047 INFO  [DefaultSchemaResolver] (Thread-895) Retrieving schema content using string: {"type":"record","name":"myrecordconfluent6","fields":[{"name":"key1","type":"string"}]}
2025-08-06 18:57:48,202 INFO  [io.api.tes.ser.api.KafkaSerdesTester] (Thread-895) Sending message {"key1": "value-1"} to topic topic-e287c0b2_c035_497b_a773_2c9d3eccd390
2025-08-06 18:57:48,204 INFO  [io.api.tes.ser.api.KafkaSerdesTester] (Thread-895) Sending message {"key1": "value-2"} to topic topic-e287c0b2_c035_497b_a773_2c9d3eccd390
2025-08-06 18:57:48,205 INFO  [io.api.tes.ser.api.KafkaSerdesTester] (Thread-895) Sending message {"key1": "value-3"} to topic topic-e287c0b2_c035_497b_a773_2c9d3eccd390
2025-08-06 18:57:48,206 INFO  [io.api.tes.ser.api.KafkaSerdesTester] (Thread-895) Sending message {"key1": "value-4"} to topic topic-e287c0b2_c035_497b_a773_2c9d3eccd390
2025-08-06 18:57:48,207 INFO  [io.api.tes.ser.api.KafkaSerdesTester] (Thread-895) Sending message {"key1": "value-5"} to topic topic-e287c0b2_c035_497b_a773_2c9d3eccd390
2025-08-06 18:57:48,209 INFO  [io.api.tes.ser.api.KafkaSerdesTester] (Thread-895) Sending message {"key1": "value-6"} to topic topic-e287c0b2_c035_497b_a773_2c9d3eccd390
2025-08-06 18:57:48,210 INFO  [io.api.tes.ser.api.KafkaSerdesTester] (Thread-895) Sending message {"key1": "value-7"} to topic topic-e287c0b2_c035_497b_a773_2c9d3eccd390
2025-08-06 18:57:48,211 INFO  [io.api.tes.ser.api.KafkaSerdesTester] (Thread-895) Sending message {"key1": "value-8"} to topic topic-e287c0b2_c035_497b_a773_2c9d3eccd390
2025-08-06 18:57:48,212 INFO  [io.api.tes.ser.api.KafkaSerdesTester] (Thread-895) Sending message {"key1": "value-9"} to topic topic-e287c0b2_c035_497b_a773_2c9d3eccd390
2025-08-06 18:57:48,213 INFO  [io.api.tes.ser.api.KafkaSerdesTester] (Thread-895) Produced 10 messages
2025-08-06 18:57:48,213 INFO  [org.apa.kaf.cli.pro.KafkaProducer] (Thread-895) [Producer clientId=Producer-topic-e287c0b2_c035_497b_a773_2c9d3eccd390] Closing the Kafka producer with timeoutMillis = 9223372036854775807 ms.
2025-08-06 18:57:48,215 INFO  [org.apa.kaf.com.met.Metrics] (Thread-895) Metrics scheduler closed
2025-08-06 18:57:48,215 INFO  [org.apa.kaf.com.met.Metrics] (Thread-895) Closing reporter org.apache.kafka.common.metrics.JmxReporter
2025-08-06 18:57:48,215 INFO  [org.apa.kaf.com.met.Metrics] (Thread-895) Closing reporter org.apache.kafka.common.telemetry.internals.ClientTelemetryReporter
2025-08-06 18:57:48,215 INFO  [org.apa.kaf.com.met.Metrics] (Thread-895) Metrics reporters closed
2025-08-06 18:57:48,216 INFO  [org.apa.kaf.com.uti.AppInfoParser] (Thread-895) App info kafka.producer for Producer-topic-e287c0b2_c035_497b_a773_2c9d3eccd390 unregistered
2025-08-06 18:57:48,217 INFO  [org.apa.kaf.cli.con.int.ClassicKafkaConsumer] (Thread-896) [Consumer clientId=consumer-Consumer-topic-9d07dd56_bb66_4086_aa45_92537e684158-38, groupId=Consumer-topic-9d07dd56_bb66_4086_aa45_92537e684158] Subscribed to topic(s): topic-9d07dd56_bb66_4086_aa45_92537e684158
2025-08-06 18:57:48,220 INFO  [org.apa.kaf.cli.Metadata] (Thread-896) [Consumer clientId=consumer-Consumer-topic-9d07dd56_bb66_4086_aa45_92537e684158-38, groupId=Consumer-topic-9d07dd56_bb66_4086_aa45_92537e684158] Cluster ID: kF8Ua3WQTR-RR3LzMUds4A
2025-08-06 18:57:48,221 INFO  [org.apa.kaf.cli.con.int.ConsumerCoordinator] (Thread-896) [Consumer clientId=consumer-Consumer-topic-9d07dd56_bb66_4086_aa45_92537e684158-38, groupId=Consumer-topic-9d07dd56_bb66_4086_aa45_92537e684158] Discovered group coordinator localhost:32769 (id: 2147483647 rack: null)
2025-08-06 18:57:48,222 INFO  [org.apa.kaf.cli.con.int.ConsumerCoordinator] (Thread-896) [Consumer clientId=consumer-Consumer-topic-9d07dd56_bb66_4086_aa45_92537e684158-38, groupId=Consumer-topic-9d07dd56_bb66_4086_aa45_92537e684158] (Re-)joining group
2025-08-06 18:57:48,223 INFO  [org.apa.kaf.cli.con.int.ConsumerCoordinator] (Thread-896) [Consumer clientId=consumer-Consumer-topic-9d07dd56_bb66_4086_aa45_92537e684158-38, groupId=Consumer-topic-9d07dd56_bb66_4086_aa45_92537e684158] Request joining group due to: need to re-join with the given member-id: consumer-Consumer-topic-9d07dd56_bb66_4086_aa45_92537e684158-38-faa6c3a9-b54d-4b95-b7aa-f443b8d0f231
2025-08-06 18:57:48,224 INFO  [org.apa.kaf.cli.con.int.ConsumerCoordinator] (Thread-896) [Consumer clientId=consumer-Consumer-topic-9d07dd56_bb66_4086_aa45_92537e684158-38, groupId=Consumer-topic-9d07dd56_bb66_4086_aa45_92537e684158] (Re-)joining group
2025-08-06 18:57:49,217 INFO  [io.api.tes.ser.api.KafkaSerdesTester] (Thread-896) None found
2025-08-06 18:57:50,217 INFO  [io.api.tes.ser.api.KafkaSerdesTester] (Thread-896) None found
2025-08-06 18:57:51,217 INFO  [io.api.tes.ser.api.KafkaSerdesTester] (Thread-896) None found
2025-08-06 18:57:51,225 INFO  [org.apa.kaf.cli.con.int.ConsumerCoordinator] (Thread-896) [Consumer clientId=consumer-Consumer-topic-9d07dd56_bb66_4086_aa45_92537e684158-38, groupId=Consumer-topic-9d07dd56_bb66_4086_aa45_92537e684158] Successfully joined group with generation Generation{generationId=1, memberId='consumer-Consumer-topic-9d07dd56_bb66_4086_aa45_92537e684158-38-faa6c3a9-b54d-4b95-b7aa-f443b8d0f231', protocol='range'}
2025-08-06 18:57:51,226 INFO  [org.apa.kaf.cli.con.int.ConsumerCoordinator] (Thread-896) [Consumer clientId=consumer-Consumer-topic-9d07dd56_bb66_4086_aa45_92537e684158-38, groupId=Consumer-topic-9d07dd56_bb66_4086_aa45_92537e684158] Finished assignment for group at generation 1: {consumer-Consumer-topic-9d07dd56_bb66_4086_aa45_92537e684158-38-faa6c3a9-b54d-4b95-b7aa-f443b8d0f231=Assignment(partitions=[topic-9d07dd56_bb66_4086_aa45_92537e684158-0])}
2025-08-06 18:57:51,232 INFO  [org.apa.kaf.cli.con.int.ConsumerCoordinator] (Thread-896) [Consumer clientId=consumer-Consumer-topic-9d07dd56_bb66_4086_aa45_92537e684158-38, groupId=Consumer-topic-9d07dd56_bb66_4086_aa45_92537e684158] Successfully synced group in generation Generation{generationId=1, memberId='consumer-Consumer-topic-9d07dd56_bb66_4086_aa45_92537e684158-38-faa6c3a9-b54d-4b95-b7aa-f443b8d0f231', protocol='range'}
2025-08-06 18:57:51,232 INFO  [org.apa.kaf.cli.con.int.ConsumerCoordinator] (Thread-896) [Consumer clientId=consumer-Consumer-topic-9d07dd56_bb66_4086_aa45_92537e684158-38, groupId=Consumer-topic-9d07dd56_bb66_4086_aa45_92537e684158] Notifying assignor about the new Assignment(partitions=[topic-9d07dd56_bb66_4086_aa45_92537e684158-0])
2025-08-06 18:57:51,232 INFO  [org.apa.kaf.cli.con.int.ConsumerRebalanceListenerInvoker] (Thread-896) [Consumer clientId=consumer-Consumer-topic-9d07dd56_bb66_4086_aa45_92537e684158-38, groupId=Consumer-topic-9d07dd56_bb66_4086_aa45_92537e684158] Adding newly assigned partitions: topic-9d07dd56_bb66_4086_aa45_92537e684158-0
2025-08-06 18:57:51,233 INFO  [org.apa.kaf.cli.con.int.ConsumerCoordinator] (Thread-896) [Consumer clientId=consumer-Consumer-topic-9d07dd56_bb66_4086_aa45_92537e684158-38, groupId=Consumer-topic-9d07dd56_bb66_4086_aa45_92537e684158] Found no committed offset for partition topic-9d07dd56_bb66_4086_aa45_92537e684158-0
2025-08-06 18:57:51,235 INFO  [org.apa.kaf.cli.con.int.SubscriptionState] (Thread-896) [Consumer clientId=consumer-Consumer-topic-9d07dd56_bb66_4086_aa45_92537e684158-38, groupId=Consumer-topic-9d07dd56_bb66_4086_aa45_92537e684158] Resetting offset for partition topic-9d07dd56_bb66_4086_aa45_92537e684158-0 to position FetchPosition{offset=0, offsetEpoch=Optional.empty, currentLeader=LeaderAndEpoch{leader=Optional[localhost:32769 (id: 0 rack: null)], epoch=0}}.
2025-08-06 18:57:51,473 INFO  [io.api.tes.ser.api.KafkaSerdesTester] (Thread-896) topic-9d07dd56_bb66_4086_aa45_92537e684158 0 0 {"key1": "value-0"}
2025-08-06 18:57:51,473 INFO  [io.api.tes.ser.api.KafkaSerdesTester] (Thread-896) topic-9d07dd56_bb66_4086_aa45_92537e684158 0 1 {"key1": "value-1"}
2025-08-06 18:57:51,473 INFO  [io.api.tes.ser.api.KafkaSerdesTester] (Thread-896) topic-9d07dd56_bb66_4086_aa45_92537e684158 0 2 {"key1": "value-2"}
2025-08-06 18:57:51,473 INFO  [io.api.tes.ser.api.KafkaSerdesTester] (Thread-896) topic-9d07dd56_bb66_4086_aa45_92537e684158 0 3 {"key1": "value-3"}
2025-08-06 18:57:51,473 INFO  [io.api.tes.ser.api.KafkaSerdesTester] (Thread-896) topic-9d07dd56_bb66_4086_aa45_92537e684158 0 4 {"key1": "value-4"}
2025-08-06 18:57:51,473 INFO  [io.api.tes.ser.api.KafkaSerdesTester] (Thread-896) topic-9d07dd56_bb66_4086_aa45_92537e684158 0 5 {"key1": "value-5"}
2025-08-06 18:57:51,473 INFO  [io.api.tes.ser.api.KafkaSerdesTester] (Thread-896) topic-9d07dd56_bb66_4086_aa45_92537e684158 0 6 {"key1": "value-6"}
2025-08-06 18:57:51,473 INFO  [io.api.tes.ser.api.KafkaSerdesTester] (Thread-896) topic-9d07dd56_bb66_4086_aa45_92537e684158 0 7 {"key1": "value-7"}
2025-08-06 18:57:51,473 INFO  [io.api.tes.ser.api.KafkaSerdesTester] (Thread-896) topic-9d07dd56_bb66_4086_aa45_92537e684158 0 8 {"key1": "value-8"}
2025-08-06 18:57:51,474 INFO  [io.api.tes.ser.api.KafkaSerdesTester] (Thread-896) topic-9d07dd56_bb66_4086_aa45_92537e684158 0 9 {"key1": "value-9"}
2025-08-06 18:57:51,474 INFO  [io.api.tes.ser.api.KafkaSerdesTester] (Thread-896) Consumed 10 messages
2025-08-06 18:57:51,480 INFO  [org.apa.kaf.cli.con.int.ConsumerRebalanceListenerInvoker] (Thread-896) [Consumer clientId=consumer-Consumer-topic-9d07dd56_bb66_4086_aa45_92537e684158-38, groupId=Consumer-topic-9d07dd56_bb66_4086_aa45_92537e684158] Revoke previously assigned partitions topic-9d07dd56_bb66_4086_aa45_92537e684158-0
2025-08-06 18:57:51,480 INFO  [org.apa.kaf.cli.con.int.ConsumerCoordinator] (Thread-896) [Consumer clientId=consumer-Consumer-topic-9d07dd56_bb66_4086_aa45_92537e684158-38, groupId=Consumer-topic-9d07dd56_bb66_4086_aa45_92537e684158] Member consumer-Consumer-topic-9d07dd56_bb66_4086_aa45_92537e684158-38-faa6c3a9-b54d-4b95-b7aa-f443b8d0f231 sending LeaveGroup request to coordinator localhost:32769 (id: 2147483647 rack: null) due to the consumer is being closed
2025-08-06 18:57:51,480 INFO  [org.apa.kaf.cli.con.int.ConsumerCoordinator] (Thread-896) [Consumer clientId=consumer-Consumer-topic-9d07dd56_bb66_4086_aa45_92537e684158-38, groupId=Consumer-topic-9d07dd56_bb66_4086_aa45_92537e684158] Resetting generation and member id due to: consumer pro-actively leaving the group
2025-08-06 18:57:51,480 INFO  [org.apa.kaf.cli.con.int.ConsumerCoordinator] (Thread-896) [Consumer clientId=consumer-Consumer-topic-9d07dd56_bb66_4086_aa45_92537e684158-38, groupId=Consumer-topic-9d07dd56_bb66_4086_aa45_92537e684158] Request joining group due to: consumer pro-actively leaving the group
2025-08-06 18:57:51,976 INFO  [org.apa.kaf.com.met.Metrics] (Thread-896) Metrics scheduler closed
2025-08-06 18:57:51,976 INFO  [org.apa.kaf.com.met.Metrics] (Thread-896) Closing reporter org.apache.kafka.common.metrics.JmxReporter
2025-08-06 18:57:51,976 INFO  [org.apa.kaf.com.met.Metrics] (Thread-896) Closing reporter org.apache.kafka.common.telemetry.internals.ClientTelemetryReporter
2025-08-06 18:57:51,976 INFO  [org.apa.kaf.com.met.Metrics] (Thread-896) Metrics reporters closed
2025-08-06 18:57:51,978 INFO  [org.apa.kaf.com.uti.AppInfoParser] (Thread-896) App info kafka.consumer for consumer-Consumer-topic-9d07dd56_bb66_4086_aa45_92537e684158-38 unregistered
2025-08-06 18:57:51,982 INFO  [org.apa.kaf.cli.con.int.ClassicKafkaConsumer] (Thread-897) [Consumer clientId=consumer-Consumer-topic-0aed2c19_4453_4b31_8c4c_b7f53098438e-39, groupId=Consumer-topic-0aed2c19_4453_4b31_8c4c_b7f53098438e] Subscribed to topic(s): topic-0aed2c19_4453_4b31_8c4c_b7f53098438e
2025-08-06 18:57:51,987 INFO  [org.apa.kaf.cli.Metadata] (Thread-897) [Consumer clientId=consumer-Consumer-topic-0aed2c19_4453_4b31_8c4c_b7f53098438e-39, groupId=Consumer-topic-0aed2c19_4453_4b31_8c4c_b7f53098438e] Cluster ID: kF8Ua3WQTR-RR3LzMUds4A
2025-08-06 18:57:51,987 INFO  [org.apa.kaf.cli.con.int.ConsumerCoordinator] (Thread-897) [Consumer clientId=consumer-Consumer-topic-0aed2c19_4453_4b31_8c4c_b7f53098438e-39, groupId=Consumer-topic-0aed2c19_4453_4b31_8c4c_b7f53098438e] Discovered group coordinator localhost:32769 (id: 2147483647 rack: null)
2025-08-06 18:57:51,989 INFO  [org.apa.kaf.cli.con.int.ConsumerCoordinator] (Thread-897) [Consumer clientId=consumer-Consumer-topic-0aed2c19_4453_4b31_8c4c_b7f53098438e-39, groupId=Consumer-topic-0aed2c19_4453_4b31_8c4c_b7f53098438e] (Re-)joining group
2025-08-06 18:57:51,991 INFO  [org.apa.kaf.cli.con.int.ConsumerCoordinator] (Thread-897) [Consumer clientId=consumer-Consumer-topic-0aed2c19_4453_4b31_8c4c_b7f53098438e-39, groupId=Consumer-topic-0aed2c19_4453_4b31_8c4c_b7f53098438e] Request joining group due to: need to re-join with the given member-id: consumer-Consumer-topic-0aed2c19_4453_4b31_8c4c_b7f53098438e-39-3aaef771-0b59-446b-9b47-1be70a53b886
2025-08-06 18:57:51,991 INFO  [org.apa.kaf.cli.con.int.ConsumerCoordinator] (Thread-897) [Consumer clientId=consumer-Consumer-topic-0aed2c19_4453_4b31_8c4c_b7f53098438e-39, groupId=Consumer-topic-0aed2c19_4453_4b31_8c4c_b7f53098438e] (Re-)joining group
2025-08-06 18:57:52,983 INFO  [io.api.tes.ser.api.KafkaSerdesTester] (Thread-897) None found
2025-08-06 18:57:53,983 INFO  [io.api.tes.ser.api.KafkaSerdesTester] (Thread-897) None found
2025-08-06 18:57:54,984 INFO  [io.api.tes.ser.api.KafkaSerdesTester] (Thread-897) None found
2025-08-06 18:57:54,993 INFO  [org.apa.kaf.cli.con.int.ConsumerCoordinator] (Thread-897) [Consumer clientId=consumer-Consumer-topic-0aed2c19_4453_4b31_8c4c_b7f53098438e-39, groupId=Consumer-topic-0aed2c19_4453_4b31_8c4c_b7f53098438e] Successfully joined group with generation Generation{generationId=1, memberId='consumer-Consumer-topic-0aed2c19_4453_4b31_8c4c_b7f53098438e-39-3aaef771-0b59-446b-9b47-1be70a53b886', protocol='range'}
2025-08-06 18:57:54,993 INFO  [org.apa.kaf.cli.con.int.ConsumerCoordinator] (Thread-897) [Consumer clientId=consumer-Consumer-topic-0aed2c19_4453_4b31_8c4c_b7f53098438e-39, groupId=Consumer-topic-0aed2c19_4453_4b31_8c4c_b7f53098438e] Finished assignment for group at generation 1: {consumer-Consumer-topic-0aed2c19_4453_4b31_8c4c_b7f53098438e-39-3aaef771-0b59-446b-9b47-1be70a53b886=Assignment(partitions=[topic-0aed2c19_4453_4b31_8c4c_b7f53098438e-0])}
2025-08-06 18:57:54,999 INFO  [org.apa.kaf.cli.con.int.ConsumerCoordinator] (Thread-897) [Consumer clientId=consumer-Consumer-topic-0aed2c19_4453_4b31_8c4c_b7f53098438e-39, groupId=Consumer-topic-0aed2c19_4453_4b31_8c4c_b7f53098438e] Successfully synced group in generation Generation{generationId=1, memberId='consumer-Consumer-topic-0aed2c19_4453_4b31_8c4c_b7f53098438e-39-3aaef771-0b59-446b-9b47-1be70a53b886', protocol='range'}
2025-08-06 18:57:54,999 INFO  [org.apa.kaf.cli.con.int.ConsumerCoordinator] (Thread-897) [Consumer clientId=consumer-Consumer-topic-0aed2c19_4453_4b31_8c4c_b7f53098438e-39, groupId=Consumer-topic-0aed2c19_4453_4b31_8c4c_b7f53098438e] Notifying assignor about the new Assignment(partitions=[topic-0aed2c19_4453_4b31_8c4c_b7f53098438e-0])
2025-08-06 18:57:54,999 INFO  [org.apa.kaf.cli.con.int.ConsumerRebalanceListenerInvoker] (Thread-897) [Consumer clientId=consumer-Consumer-topic-0aed2c19_4453_4b31_8c4c_b7f53098438e-39, groupId=Consumer-topic-0aed2c19_4453_4b31_8c4c_b7f53098438e] Adding newly assigned partitions: topic-0aed2c19_4453_4b31_8c4c_b7f53098438e-0
2025-08-06 18:57:55,000 INFO  [org.apa.kaf.cli.con.int.ConsumerCoordinator] (Thread-897) [Consumer clientId=consumer-Consumer-topic-0aed2c19_4453_4b31_8c4c_b7f53098438e-39, groupId=Consumer-topic-0aed2c19_4453_4b31_8c4c_b7f53098438e] Found no committed offset for partition topic-0aed2c19_4453_4b31_8c4c_b7f53098438e-0
2025-08-06 18:57:55,002 INFO  [org.apa.kaf.cli.con.int.SubscriptionState] (Thread-897) [Consumer clientId=consumer-Consumer-topic-0aed2c19_4453_4b31_8c4c_b7f53098438e-39, groupId=Consumer-topic-0aed2c19_4453_4b31_8c4c_b7f53098438e] Resetting offset for partition topic-0aed2c19_4453_4b31_8c4c_b7f53098438e-0 to position FetchPosition{offset=0, offsetEpoch=Optional.empty, currentLeader=LeaderAndEpoch{leader=Optional[localhost:32769 (id: 0 rack: null)], epoch=0}}.
2025-08-06 18:57:55,231 INFO  [io.api.tes.ser.api.KafkaSerdesTester] (Thread-897) topic-0aed2c19_4453_4b31_8c4c_b7f53098438e 0 0 {"key1": "value-0"}
2025-08-06 18:57:55,231 INFO  [io.api.tes.ser.api.KafkaSerdesTester] (Thread-897) topic-0aed2c19_4453_4b31_8c4c_b7f53098438e 0 1 {"key1": "value-1"}
2025-08-06 18:57:55,231 INFO  [io.api.tes.ser.api.KafkaSerdesTester] (Thread-897) topic-0aed2c19_4453_4b31_8c4c_b7f53098438e 0 2 {"key1": "value-2"}
2025-08-06 18:57:55,231 INFO  [io.api.tes.ser.api.KafkaSerdesTester] (Thread-897) topic-0aed2c19_4453_4b31_8c4c_b7f53098438e 0 3 {"key1": "value-3"}
2025-08-06 18:57:55,231 INFO  [io.api.tes.ser.api.KafkaSerdesTester] (Thread-897) topic-0aed2c19_4453_4b31_8c4c_b7f53098438e 0 4 {"key1": "value-4"}
2025-08-06 18:57:55,231 INFO  [io.api.tes.ser.api.KafkaSerdesTester] (Thread-897) topic-0aed2c19_4453_4b31_8c4c_b7f53098438e 0 5 {"key1": "value-5"}
2025-08-06 18:57:55,231 INFO  [io.api.tes.ser.api.KafkaSerdesTester] (Thread-897) topic-0aed2c19_4453_4b31_8c4c_b7f53098438e 0 6 {"key1": "value-6"}
2025-08-06 18:57:55,231 INFO  [io.api.tes.ser.api.KafkaSerdesTester] (Thread-897) topic-0aed2c19_4453_4b31_8c4c_b7f53098438e 0 7 {"key1": "value-7"}
2025-08-06 18:57:55,231 INFO  [io.api.tes.ser.api.KafkaSerdesTester] (Thread-897) topic-0aed2c19_4453_4b31_8c4c_b7f53098438e 0 8 {"key1": "value-8"}
2025-08-06 18:57:55,231 INFO  [io.api.tes.ser.api.KafkaSerdesTester] (Thread-897) topic-0aed2c19_4453_4b31_8c4c_b7f53098438e 0 9 {"key1": "value-9"}
2025-08-06 18:57:55,231 INFO  [io.api.tes.ser.api.KafkaSerdesTester] (Thread-897) Consumed 10 messages
2025-08-06 18:57:55,238 INFO  [org.apa.kaf.cli.con.int.ConsumerRebalanceListenerInvoker] (Thread-897) [Consumer clientId=consumer-Consumer-topic-0aed2c19_4453_4b31_8c4c_b7f53098438e-39, groupId=Consumer-topic-0aed2c19_4453_4b31_8c4c_b7f53098438e] Revoke previously assigned partitions topic-0aed2c19_4453_4b31_8c4c_b7f53098438e-0
2025-08-06 18:57:55,238 INFO  [org.apa.kaf.cli.con.int.ConsumerCoordinator] (Thread-897) [Consumer clientId=consumer-Consumer-topic-0aed2c19_4453_4b31_8c4c_b7f53098438e-39, groupId=Consumer-topic-0aed2c19_4453_4b31_8c4c_b7f53098438e] Member consumer-Consumer-topic-0aed2c19_4453_4b31_8c4c_b7f53098438e-39-3aaef771-0b59-446b-9b47-1be70a53b886 sending LeaveGroup request to coordinator localhost:32769 (id: 2147483647 rack: null) due to the consumer is being closed
2025-08-06 18:57:55,239 INFO  [org.apa.kaf.cli.con.int.ConsumerCoordinator] (Thread-897) [Consumer clientId=consumer-Consumer-topic-0aed2c19_4453_4b31_8c4c_b7f53098438e-39, groupId=Consumer-topic-0aed2c19_4453_4b31_8c4c_b7f53098438e] Resetting generation and member id due to: consumer pro-actively leaving the group
2025-08-06 18:57:55,239 INFO  [org.apa.kaf.cli.con.int.ConsumerCoordinator] (Thread-897) [Consumer clientId=consumer-Consumer-topic-0aed2c19_4453_4b31_8c4c_b7f53098438e-39, groupId=Consumer-topic-0aed2c19_4453_4b31_8c4c_b7f53098438e] Request joining group due to: consumer pro-actively leaving the group
2025-08-06 18:57:55,733 INFO  [org.apa.kaf.com.met.Metrics] (Thread-897) Metrics scheduler closed
2025-08-06 18:57:55,733 INFO  [org.apa.kaf.com.met.Metrics] (Thread-897) Closing reporter org.apache.kafka.common.metrics.JmxReporter
2025-08-06 18:57:55,733 INFO  [org.apa.kaf.com.met.Metrics] (Thread-897) Closing reporter org.apache.kafka.common.telemetry.internals.ClientTelemetryReporter
2025-08-06 18:57:55,733 INFO  [org.apa.kaf.com.met.Metrics] (Thread-897) Metrics reporters closed
2025-08-06 18:57:55,735 INFO  [org.apa.kaf.com.uti.AppInfoParser] (Thread-897) App info kafka.consumer for consumer-Consumer-topic-0aed2c19_4453_4b31_8c4c_b7f53098438e-39 unregistered
2025-08-06 18:57:55,737 INFO  [org.apa.kaf.cli.con.int.ClassicKafkaConsumer] (Thread-898) [Consumer clientId=consumer-Consumer-topic-e287c0b2_c035_497b_a773_2c9d3eccd390-40, groupId=Consumer-topic-e287c0b2_c035_497b_a773_2c9d3eccd390] Subscribed to topic(s): topic-e287c0b2_c035_497b_a773_2c9d3eccd390
2025-08-06 18:57:55,742 INFO  [org.apa.kaf.cli.Metadata] (Thread-898) [Consumer clientId=consumer-Consumer-topic-e287c0b2_c035_497b_a773_2c9d3eccd390-40, groupId=Consumer-topic-e287c0b2_c035_497b_a773_2c9d3eccd390] Cluster ID: kF8Ua3WQTR-RR3LzMUds4A
2025-08-06 18:57:55,743 INFO  [org.apa.kaf.cli.con.int.ConsumerCoordinator] (Thread-898) [Consumer clientId=consumer-Consumer-topic-e287c0b2_c035_497b_a773_2c9d3eccd390-40, groupId=Consumer-topic-e287c0b2_c035_497b_a773_2c9d3eccd390] Discovered group coordinator localhost:32769 (id: 2147483647 rack: null)
2025-08-06 18:57:55,744 INFO  [org.apa.kaf.cli.con.int.ConsumerCoordinator] (Thread-898) [Consumer clientId=consumer-Consumer-topic-e287c0b2_c035_497b_a773_2c9d3eccd390-40, groupId=Consumer-topic-e287c0b2_c035_497b_a773_2c9d3eccd390] (Re-)joining group
2025-08-06 18:57:55,747 INFO  [org.apa.kaf.cli.con.int.ConsumerCoordinator] (Thread-898) [Consumer clientId=consumer-Consumer-topic-e287c0b2_c035_497b_a773_2c9d3eccd390-40, groupId=Consumer-topic-e287c0b2_c035_497b_a773_2c9d3eccd390] Request joining group due to: need to re-join with the given member-id: consumer-Consumer-topic-e287c0b2_c035_497b_a773_2c9d3eccd390-40-69d11c8d-a462-432b-b98a-85d7cfc895ba
2025-08-06 18:57:55,747 INFO  [org.apa.kaf.cli.con.int.ConsumerCoordinator] (Thread-898) [Consumer clientId=consumer-Consumer-topic-e287c0b2_c035_497b_a773_2c9d3eccd390-40, groupId=Consumer-topic-e287c0b2_c035_497b_a773_2c9d3eccd390] (Re-)joining group
2025-08-06 18:57:56,737 INFO  [io.api.tes.ser.api.KafkaSerdesTester] (Thread-898) None found
2025-08-06 18:57:57,737 INFO  [io.api.tes.ser.api.KafkaSerdesTester] (Thread-898) None found
2025-08-06 18:57:58,737 INFO  [io.api.tes.ser.api.KafkaSerdesTester] (Thread-898) None found
2025-08-06 18:57:58,749 INFO  [org.apa.kaf.cli.con.int.ConsumerCoordinator] (Thread-898) [Consumer clientId=consumer-Consumer-topic-e287c0b2_c035_497b_a773_2c9d3eccd390-40, groupId=Consumer-topic-e287c0b2_c035_497b_a773_2c9d3eccd390] Successfully joined group with generation Generation{generationId=1, memberId='consumer-Consumer-topic-e287c0b2_c035_497b_a773_2c9d3eccd390-40-69d11c8d-a462-432b-b98a-85d7cfc895ba', protocol='range'}
2025-08-06 18:57:58,749 INFO  [org.apa.kaf.cli.con.int.ConsumerCoordinator] (Thread-898) [Consumer clientId=consumer-Consumer-topic-e287c0b2_c035_497b_a773_2c9d3eccd390-40, groupId=Consumer-topic-e287c0b2_c035_497b_a773_2c9d3eccd390] Finished assignment for group at generation 1: {consumer-Consumer-topic-e287c0b2_c035_497b_a773_2c9d3eccd390-40-69d11c8d-a462-432b-b98a-85d7cfc895ba=Assignment(partitions=[topic-e287c0b2_c035_497b_a773_2c9d3eccd390-0])}
2025-08-06 18:57:58,756 INFO  [org.apa.kaf.cli.con.int.ConsumerCoordinator] (Thread-898) [Consumer clientId=consumer-Consumer-topic-e287c0b2_c035_497b_a773_2c9d3eccd390-40, groupId=Consumer-topic-e287c0b2_c035_497b_a773_2c9d3eccd390] Successfully synced group in generation Generation{generationId=1, memberId='consumer-Consumer-topic-e287c0b2_c035_497b_a773_2c9d3eccd390-40-69d11c8d-a462-432b-b98a-85d7cfc895ba', protocol='range'}
2025-08-06 18:57:58,756 INFO  [org.apa.kaf.cli.con.int.ConsumerCoordinator] (Thread-898) [Consumer clientId=consumer-Consumer-topic-e287c0b2_c035_497b_a773_2c9d3eccd390-40, groupId=Consumer-topic-e287c0b2_c035_497b_a773_2c9d3eccd390] Notifying assignor about the new Assignment(partitions=[topic-e287c0b2_c035_497b_a773_2c9d3eccd390-0])
2025-08-06 18:57:58,756 INFO  [org.apa.kaf.cli.con.int.ConsumerRebalanceListenerInvoker] (Thread-898) [Consumer clientId=consumer-Consumer-topic-e287c0b2_c035_497b_a773_2c9d3eccd390-40, groupId=Consumer-topic-e287c0b2_c035_497b_a773_2c9d3eccd390] Adding newly assigned partitions: topic-e287c0b2_c035_497b_a773_2c9d3eccd390-0
2025-08-06 18:57:58,756 INFO  [org.apa.kaf.cli.con.int.ConsumerCoordinator] (Thread-898) [Consumer clientId=consumer-Consumer-topic-e287c0b2_c035_497b_a773_2c9d3eccd390-40, groupId=Consumer-topic-e287c0b2_c035_497b_a773_2c9d3eccd390] Found no committed offset for partition topic-e287c0b2_c035_497b_a773_2c9d3eccd390-0
2025-08-06 18:57:58,760 INFO  [org.apa.kaf.cli.con.int.SubscriptionState] (Thread-898) [Consumer clientId=consumer-Consumer-topic-e287c0b2_c035_497b_a773_2c9d3eccd390-40, groupId=Consumer-topic-e287c0b2_c035_497b_a773_2c9d3eccd390] Resetting offset for partition topic-e287c0b2_c035_497b_a773_2c9d3eccd390-0 to position FetchPosition{offset=0, offsetEpoch=Optional.empty, currentLeader=LeaderAndEpoch{leader=Optional[localhost:32769 (id: 0 rack: null)], epoch=0}}.
2025-08-06 18:57:58,991 INFO  [io.api.tes.ser.api.KafkaSerdesTester] (Thread-898) topic-e287c0b2_c035_497b_a773_2c9d3eccd390 0 0 {"key1": "value-0"}
2025-08-06 18:57:58,991 INFO  [io.api.tes.ser.api.KafkaSerdesTester] (Thread-898) topic-e287c0b2_c035_497b_a773_2c9d3eccd390 0 1 {"key1": "value-1"}
2025-08-06 18:57:58,991 INFO  [io.api.tes.ser.api.KafkaSerdesTester] (Thread-898) topic-e287c0b2_c035_497b_a773_2c9d3eccd390 0 2 {"key1": "value-2"}
2025-08-06 18:57:58,991 INFO  [io.api.tes.ser.api.KafkaSerdesTester] (Thread-898) topic-e287c0b2_c035_497b_a773_2c9d3eccd390 0 3 {"key1": "value-3"}
2025-08-06 18:57:58,991 INFO  [io.api.tes.ser.api.KafkaSerdesTester] (Thread-898) topic-e287c0b2_c035_497b_a773_2c9d3eccd390 0 4 {"key1": "value-4"}
2025-08-06 18:57:58,991 INFO  [io.api.tes.ser.api.KafkaSerdesTester] (Thread-898) topic-e287c0b2_c035_497b_a773_2c9d3eccd390 0 5 {"key1": "value-5"}
2025-08-06 18:57:58,991 INFO  [io.api.tes.ser.api.KafkaSerdesTester] (Thread-898) topic-e287c0b2_c035_497b_a773_2c9d3eccd390 0 6 {"key1": "value-6"}
2025-08-06 18:57:58,991 INFO  [io.api.tes.ser.api.KafkaSerdesTester] (Thread-898) topic-e287c0b2_c035_497b_a773_2c9d3eccd390 0 7 {"key1": "value-7"}
2025-08-06 18:57:58,991 INFO  [io.api.tes.ser.api.KafkaSerdesTester] (Thread-898) topic-e287c0b2_c035_497b_a773_2c9d3eccd390 0 8 {"key1": "value-8"}
2025-08-06 18:57:58,991 INFO  [io.api.tes.ser.api.KafkaSerdesTester] (Thread-898) topic-e287c0b2_c035_497b_a773_2c9d3eccd390 0 9 {"key1": "value-9"}
2025-08-06 18:57:58,991 INFO  [io.api.tes.ser.api.KafkaSerdesTester] (Thread-898) Consumed 10 messages
2025-08-06 18:57:58,998 INFO  [org.apa.kaf.cli.con.int.ConsumerRebalanceListenerInvoker] (Thread-898) [Consumer clientId=consumer-Consumer-topic-e287c0b2_c035_497b_a773_2c9d3eccd390-40, groupId=Consumer-topic-e287c0b2_c035_497b_a773_2c9d3eccd390] Revoke previously assigned partitions topic-e287c0b2_c035_497b_a773_2c9d3eccd390-0
2025-08-06 18:57:58,998 INFO  [org.apa.kaf.cli.con.int.ConsumerCoordinator] (Thread-898) [Consumer clientId=consumer-Consumer-topic-e287c0b2_c035_497b_a773_2c9d3eccd390-40, groupId=Consumer-topic-e287c0b2_c035_497b_a773_2c9d3eccd390] Member consumer-Consumer-topic-e287c0b2_c035_497b_a773_2c9d3eccd390-40-69d11c8d-a462-432b-b98a-85d7cfc895ba sending LeaveGroup request to coordinator localhost:32769 (id: 2147483647 rack: null) due to the consumer is being closed
2025-08-06 18:57:58,999 INFO  [org.apa.kaf.cli.con.int.ConsumerCoordinator] (Thread-898) [Consumer clientId=consumer-Consumer-topic-e287c0b2_c035_497b_a773_2c9d3eccd390-40, groupId=Consumer-topic-e287c0b2_c035_497b_a773_2c9d3eccd390] Resetting generation and member id due to: consumer pro-actively leaving the group
2025-08-06 18:57:58,999 INFO  [org.apa.kaf.cli.con.int.ConsumerCoordinator] (Thread-898) [Consumer clientId=consumer-Consumer-topic-e287c0b2_c035_497b_a773_2c9d3eccd390-40, groupId=Consumer-topic-e287c0b2_c035_497b_a773_2c9d3eccd390] Request joining group due to: consumer pro-actively leaving the group
2025-08-06 18:57:59,494 INFO  [org.apa.kaf.com.met.Metrics] (Thread-898) Metrics scheduler closed
2025-08-06 18:57:59,494 INFO  [org.apa.kaf.com.met.Metrics] (Thread-898) Closing reporter org.apache.kafka.common.metrics.JmxReporter
2025-08-06 18:57:59,494 INFO  [org.apa.kaf.com.met.Metrics] (Thread-898) Closing reporter org.apache.kafka.common.telemetry.internals.ClientTelemetryReporter
2025-08-06 18:57:59,494 INFO  [org.apa.kaf.com.met.Metrics] (Thread-898) Metrics reporters closed
2025-08-06 18:57:59,495 INFO  [org.apa.kaf.com.uti.AppInfoParser] (Thread-898) App info kafka.consumer for consumer-Consumer-topic-e287c0b2_c035_497b_a773_2c9d3eccd390-40 unregistered
2025-08-06 18:57:59,772 INFO  [io.api.tes.ser.con.BasicConfluentSerDesIT] (main) Deleting confluent schema myrecordconfluent6
2025-08-06 18:57:59,857 INFO  [io.api.tes.uti.TestSeparator] (main) io.apicurio.tests.serdes.confluent.BasicConfluentSerDesIT.testAvroConfluentForMultipleTopics-FINISHED
2025-08-06 18:57:59,857 INFO  [io.api.tes.uti.TestSeparator] (main) ############################################################################
Test passed: testAvroConfluentForMultipleTopics
]]></system-out>
  </testcase>
  <testcase name="testAvroConfluentApicurio" classname="io.apicurio.tests.serdes.confluent.BasicConfluentSerDesIT" time="4.419">
    <system-out><![CDATA[2025-08-06 18:57:59,859 INFO  [io.api.tes.uti.TestSeparator] (main) ############################################################################
2025-08-06 18:57:59,859 INFO  [io.api.tes.uti.TestSeparator] (main) io.apicurio.tests.serdes.confluent.BasicConfluentSerDesIT.testAvroConfluentApicurio-STARTED
2025-08-06 18:58:00,062 INFO  [io.api.tes.ser.con.BasicConfluentSerDesIT] (main) Checking that created schema is equal to the get schema
2025-08-06 18:58:00,149 INFO  [io.api.tes.ser.con.BasicConfluentSerDesIT] (main) Created schema with id:113 and name:myrecordconfluent1
**** Registry Base URL: http://registry-app-mysql.apps.ci419.apicurio-testing.org:80
2025-08-06 18:58:00,150 INFO  [org.apa.kaf.cli.pro.ProducerConfig] (main) ProducerConfig values: 
	acks = -1
	auto.include.jmx.reporter = true
	batch.size = 16384
	bootstrap.servers = [PLAINTEXT://localhost:32769]
	buffer.memory = 33554432
	client.dns.lookup = use_all_dns_ips
	client.id = Producer-topic-56d32977_e15c_4513_98ac_624a8efbfd4a
	compression.gzip.level = -1
	compression.lz4.level = 9
	compression.type = none
	compression.zstd.level = 3
	connections.max.idle.ms = 10000
	delivery.timeout.ms = 120000
	enable.idempotence = true
	enable.metrics.push = true
	interceptor.classes = []
	key.serializer = class org.apache.kafka.common.serialization.StringSerializer
	linger.ms = 0
	max.block.ms = 60000
	max.in.flight.requests.per.connection = 5
	max.request.size = 1048576
	metadata.max.age.ms = 300000
	metadata.max.idle.ms = 300000
	metadata.recovery.strategy = none
	metric.reporters = []
	metrics.num.samples = 2
	metrics.recording.level = INFO
	metrics.sample.window.ms = 30000
	partitioner.adaptive.partitioning.enable = true
	partitioner.availability.timeout.ms = 0
	partitioner.class = null
	partitioner.ignore.keys = false
	receive.buffer.bytes = 32768
	reconnect.backoff.max.ms = 1000
	reconnect.backoff.ms = 50
	request.timeout.ms = 5000
	retries = 2147483647
	retry.backoff.max.ms = 1000
	retry.backoff.ms = 100
	sasl.client.callback.handler.class = null
	sasl.jaas.config = null
	sasl.kerberos.kinit.cmd = /usr/bin/kinit
	sasl.kerberos.min.time.before.relogin = 60000
	sasl.kerberos.service.name = null
	sasl.kerberos.ticket.renew.jitter = 0.05
	sasl.kerberos.ticket.renew.window.factor = 0.8
	sasl.login.callback.handler.class = null
	sasl.login.class = null
	sasl.login.connect.timeout.ms = null
	sasl.login.read.timeout.ms = null
	sasl.login.refresh.buffer.seconds = 300
	sasl.login.refresh.min.period.seconds = 60
	sasl.login.refresh.window.factor = 0.8
	sasl.login.refresh.window.jitter = 0.05
	sasl.login.retry.backoff.max.ms = 10000
	sasl.login.retry.backoff.ms = 100
	sasl.mechanism = GSSAPI
	sasl.oauthbearer.clock.skew.seconds = 30
	sasl.oauthbearer.expected.audience = null
	sasl.oauthbearer.expected.issuer = null
	sasl.oauthbearer.header.urlencode = false
	sasl.oauthbearer.jwks.endpoint.refresh.ms = 3600000
	sasl.oauthbearer.jwks.endpoint.retry.backoff.max.ms = 10000
	sasl.oauthbearer.jwks.endpoint.retry.backoff.ms = 100
	sasl.oauthbearer.jwks.endpoint.url = null
	sasl.oauthbearer.scope.claim.name = scope
	sasl.oauthbearer.sub.claim.name = sub
	sasl.oauthbearer.token.endpoint.url = null
	security.protocol = PLAINTEXT
	security.providers = null
	send.buffer.bytes = 131072
	socket.connection.setup.timeout.max.ms = 30000
	socket.connection.setup.timeout.ms = 10000
	ssl.cipher.suites = null
	ssl.enabled.protocols = [TLSv1.2, TLSv1.3]
	ssl.endpoint.identification.algorithm = https
	ssl.engine.factory.class = null
	ssl.key.password = null
	ssl.keymanager.algorithm = SunX509
	ssl.keystore.certificate.chain = null
	ssl.keystore.key = null
	ssl.keystore.location = null
	ssl.keystore.password = null
	ssl.keystore.type = JKS
	ssl.protocol = TLSv1.3
	ssl.provider = null
	ssl.secure.random.implementation = null
	ssl.trustmanager.algorithm = PKIX
	ssl.truststore.certificates = null
	ssl.truststore.location = null
	ssl.truststore.password = null
	ssl.truststore.type = JKS
	transaction.timeout.ms = 60000
	transactional.id = null
	value.serializer = class io.confluent.kafka.serializers.KafkaAvroSerializer

2025-08-06 18:58:00,150 INFO  [org.apa.kaf.com.tel.int.KafkaMetricsCollector] (main) initializing Kafka metrics collector
2025-08-06 18:58:00,151 INFO  [io.con.kaf.ser.KafkaAvroSerializerConfig] (main) KafkaAvroSerializerConfig values: 
	auto.register.schemas = false
	avro.reflection.allow.null = false
	avro.remove.java.properties = false
	avro.use.logical.type.converters = false
	basic.auth.credentials.source = URL
	basic.auth.user.info = [hidden]
	bearer.auth.cache.expiry.buffer.seconds = 300
	bearer.auth.client.id = null
	bearer.auth.client.secret = null
	bearer.auth.credentials.source = STATIC_TOKEN
	bearer.auth.custom.provider.class = null
	bearer.auth.identity.pool.id = null
	bearer.auth.issuer.endpoint.url = null
	bearer.auth.logical.cluster = null
	bearer.auth.scope = null
	bearer.auth.scope.claim.name = scope
	bearer.auth.sub.claim.name = sub
	bearer.auth.token = [hidden]
	context.name.strategy = class io.confluent.kafka.serializers.context.NullContextNameStrategy
	http.connect.timeout.ms = 60000
	http.read.timeout.ms = 60000
	id.compatibility.strict = true
	key.schema.id.deserializer = class io.confluent.kafka.serializers.schema.id.DualSchemaIdDeserializer
	key.schema.id.serializer = class io.confluent.kafka.serializers.schema.id.PrefixSchemaIdSerializer
	key.subject.name.strategy = class io.confluent.kafka.serializers.subject.TopicNameStrategy
	latest.cache.size = 1000
	latest.cache.ttl.sec = -1
	latest.compatibility.strict = true
	max.retries = 3
	max.schemas.per.subject = 1000
	normalize.schemas = false
	propagate.schema.tags = false
	proxy.host = 
	proxy.port = -1
	retries.max.wait.ms = 20000
	retries.wait.ms = 1000
	rule.actions = []
	rule.executors = []
	rule.service.loader.enable = true
	schema.format = null
	schema.reflection = false
	schema.registry.basic.auth.user.info = [hidden]
	schema.registry.ssl.cipher.suites = null
	schema.registry.ssl.enabled.protocols = [TLSv1.2, TLSv1.3]
	schema.registry.ssl.endpoint.identification.algorithm = https
	schema.registry.ssl.engine.factory.class = null
	schema.registry.ssl.key.password = null
	schema.registry.ssl.keymanager.algorithm = SunX509
	schema.registry.ssl.keystore.certificate.chain = null
	schema.registry.ssl.keystore.key = null
	schema.registry.ssl.keystore.location = null
	schema.registry.ssl.keystore.password = null
	schema.registry.ssl.keystore.type = JKS
	schema.registry.ssl.protocol = TLSv1.3
	schema.registry.ssl.provider = null
	schema.registry.ssl.secure.random.implementation = null
	schema.registry.ssl.trustmanager.algorithm = PKIX
	schema.registry.ssl.truststore.certificates = null
	schema.registry.ssl.truststore.location = null
	schema.registry.ssl.truststore.password = null
	schema.registry.ssl.truststore.type = JKS
	schema.registry.url = [http://registry-app-mysql.apps.ci419.apicurio-testing.org:80/apis/ccompat/v7]
	schema.registry.url.randomize = false
	use.latest.version = false
	use.latest.with.metadata = null
	use.schema.id = -1
	value.schema.id.deserializer = class io.confluent.kafka.serializers.schema.id.DualSchemaIdDeserializer
	value.schema.id.serializer = class io.confluent.kafka.serializers.schema.id.PrefixSchemaIdSerializer
	value.subject.name.strategy = class io.confluent.kafka.serializers.subject.TopicNameStrategy

2025-08-06 18:58:00,152 INFO  [org.apa.kaf.cli.pro.KafkaProducer] (main) [Producer clientId=Producer-topic-56d32977_e15c_4513_98ac_624a8efbfd4a] Instantiated an idempotent producer.
2025-08-06 18:58:00,154 INFO  [org.apa.kaf.cli.pro.ProducerConfig] (main) These configurations '[schema.registry.url, auto.register.schemas, value.subject.name.strategy]' were supplied but are not used yet.
2025-08-06 18:58:00,154 INFO  [org.apa.kaf.com.uti.AppInfoParser] (main) Kafka version: 3.9.1
2025-08-06 18:58:00,154 INFO  [org.apa.kaf.com.uti.AppInfoParser] (main) Kafka commitId: f745dfdcee2b9851
2025-08-06 18:58:00,154 INFO  [org.apa.kaf.com.uti.AppInfoParser] (main) Kafka startTimeMs: 1754506680154
2025-08-06 18:58:00,154 INFO  [io.api.tes.ser.api.SimpleSerdesTesterBuilder$SimpleSerdesTester] (main) Using producer configuration: {schema.registry.url=http://registry-app-mysql.apps.ci419.apicurio-testing.org:80/apis/ccompat/v7, value.serializer=io.confluent.kafka.serializers.KafkaAvroSerializer, request.timeout.ms=5000, auto.register.schemas=false, acks=all, bootstrap.servers=PLAINTEXT://localhost:32769, connections.max.idle.ms=10000, key.serializer=org.apache.kafka.common.serialization.StringSerializer, value.subject.name.strategy=io.confluent.kafka.serializers.subject.TopicNameStrategy, client.id=Producer-topic-56d32977_e15c_4513_98ac_624a8efbfd4a}
2025-08-06 18:58:00,154 INFO  [io.api.tes.ser.api.SimpleSerdesTesterBuilder$SimpleSerdesTester] (main) Using consumer configuration: {}
2025-08-06 18:58:00,154 INFO  [io.api.tes.ser.api.KafkaSerdesTester] (Thread-899) Sending message {"key1": "value-0"} to topic topic-56d32977_e15c_4513_98ac_624a8efbfd4a
2025-08-06 18:58:00,156 INFO  [org.apa.kaf.cli.Metadata] (kafka-producer-network-thread | Producer-topic-56d32977_e15c_4513_98ac_624a8efbfd4a) [Producer clientId=Producer-topic-56d32977_e15c_4513_98ac_624a8efbfd4a] Cluster ID: kF8Ua3WQTR-RR3LzMUds4A
2025-08-06 18:58:00,157 INFO  [org.apa.kaf.cli.pro.int.TransactionManager] (kafka-producer-network-thread | Producer-topic-56d32977_e15c_4513_98ac_624a8efbfd4a) [Producer clientId=Producer-topic-56d32977_e15c_4513_98ac_624a8efbfd4a] ProducerId set to 54 with epoch 0
2025-08-06 18:58:00,249 INFO  [io.api.tes.ser.api.KafkaSerdesTester] (Thread-899) Sending message {"key1": "value-1"} to topic topic-56d32977_e15c_4513_98ac_624a8efbfd4a
2025-08-06 18:58:00,252 INFO  [io.api.tes.ser.api.KafkaSerdesTester] (Thread-899) Sending message {"key1": "value-2"} to topic topic-56d32977_e15c_4513_98ac_624a8efbfd4a
2025-08-06 18:58:00,255 INFO  [io.api.tes.ser.api.KafkaSerdesTester] (Thread-899) Sending message {"key1": "value-3"} to topic topic-56d32977_e15c_4513_98ac_624a8efbfd4a
2025-08-06 18:58:00,257 INFO  [io.api.tes.ser.api.KafkaSerdesTester] (Thread-899) Sending message {"key1": "value-4"} to topic topic-56d32977_e15c_4513_98ac_624a8efbfd4a
2025-08-06 18:58:00,258 INFO  [io.api.tes.ser.api.KafkaSerdesTester] (Thread-899) Sending message {"key1": "value-5"} to topic topic-56d32977_e15c_4513_98ac_624a8efbfd4a
2025-08-06 18:58:00,259 INFO  [io.api.tes.ser.api.KafkaSerdesTester] (Thread-899) Sending message {"key1": "value-6"} to topic topic-56d32977_e15c_4513_98ac_624a8efbfd4a
2025-08-06 18:58:00,260 INFO  [io.api.tes.ser.api.KafkaSerdesTester] (Thread-899) Sending message {"key1": "value-7"} to topic topic-56d32977_e15c_4513_98ac_624a8efbfd4a
2025-08-06 18:58:00,261 INFO  [io.api.tes.ser.api.KafkaSerdesTester] (Thread-899) Sending message {"key1": "value-8"} to topic topic-56d32977_e15c_4513_98ac_624a8efbfd4a
2025-08-06 18:58:00,262 INFO  [io.api.tes.ser.api.KafkaSerdesTester] (Thread-899) Sending message {"key1": "value-9"} to topic topic-56d32977_e15c_4513_98ac_624a8efbfd4a
2025-08-06 18:58:00,262 INFO  [io.api.tes.ser.api.KafkaSerdesTester] (Thread-899) Produced 10 messages
2025-08-06 18:58:00,262 INFO  [org.apa.kaf.cli.pro.KafkaProducer] (Thread-899) [Producer clientId=Producer-topic-56d32977_e15c_4513_98ac_624a8efbfd4a] Closing the Kafka producer with timeoutMillis = 9223372036854775807 ms.
2025-08-06 18:58:00,264 INFO  [org.apa.kaf.com.met.Metrics] (Thread-899) Metrics scheduler closed
2025-08-06 18:58:00,264 INFO  [org.apa.kaf.com.met.Metrics] (Thread-899) Closing reporter org.apache.kafka.common.metrics.JmxReporter
2025-08-06 18:58:00,264 INFO  [org.apa.kaf.com.met.Metrics] (Thread-899) Closing reporter org.apache.kafka.common.telemetry.internals.ClientTelemetryReporter
2025-08-06 18:58:00,264 INFO  [org.apa.kaf.com.met.Metrics] (Thread-899) Metrics reporters closed
2025-08-06 18:58:00,264 INFO  [org.apa.kaf.com.uti.AppInfoParser] (Thread-899) App info kafka.producer for Producer-topic-56d32977_e15c_4513_98ac_624a8efbfd4a unregistered
**** Registry Base URL: http://registry-app-mysql.apps.ci419.apicurio-testing.org:80
2025-08-06 18:58:00,264 INFO  [org.apa.kaf.cli.con.ConsumerConfig] (main) ConsumerConfig values: 
	allow.auto.create.topics = true
	auto.commit.interval.ms = 500
	auto.include.jmx.reporter = true
	auto.offset.reset = earliest
	bootstrap.servers = [PLAINTEXT://localhost:32769]
	check.crcs = true
	client.dns.lookup = use_all_dns_ips
	client.id = consumer-Consumer-topic-56d32977_e15c_4513_98ac_624a8efbfd4a-41
	client.rack = 
	connections.max.idle.ms = 10000
	default.api.timeout.ms = 60000
	enable.auto.commit = true
	enable.metrics.push = true
	exclude.internal.topics = true
	fetch.max.bytes = 52428800
	fetch.max.wait.ms = 500
	fetch.min.bytes = 1
	group.id = Consumer-topic-56d32977_e15c_4513_98ac_624a8efbfd4a
	group.instance.id = null
	group.protocol = classic
	group.remote.assignor = null
	heartbeat.interval.ms = 3000
	interceptor.classes = []
	internal.leave.group.on.close = true
	internal.throw.on.fetch.stable.offset.unsupported = false
	isolation.level = read_uncommitted
	key.deserializer = class org.apache.kafka.common.serialization.StringDeserializer
	max.partition.fetch.bytes = 1048576
	max.poll.interval.ms = 300000
	max.poll.records = 500
	metadata.max.age.ms = 300000
	metadata.recovery.strategy = none
	metric.reporters = []
	metrics.num.samples = 2
	metrics.recording.level = INFO
	metrics.sample.window.ms = 30000
	partition.assignment.strategy = [class org.apache.kafka.clients.consumer.RangeAssignor, class org.apache.kafka.clients.consumer.CooperativeStickyAssignor]
	receive.buffer.bytes = 65536
	reconnect.backoff.max.ms = 1000
	reconnect.backoff.ms = 50
	request.timeout.ms = 5000
	retry.backoff.max.ms = 1000
	retry.backoff.ms = 100
	sasl.client.callback.handler.class = null
	sasl.jaas.config = null
	sasl.kerberos.kinit.cmd = /usr/bin/kinit
	sasl.kerberos.min.time.before.relogin = 60000
	sasl.kerberos.service.name = null
	sasl.kerberos.ticket.renew.jitter = 0.05
	sasl.kerberos.ticket.renew.window.factor = 0.8
	sasl.login.callback.handler.class = null
	sasl.login.class = null
	sasl.login.connect.timeout.ms = null
	sasl.login.read.timeout.ms = null
	sasl.login.refresh.buffer.seconds = 300
	sasl.login.refresh.min.period.seconds = 60
	sasl.login.refresh.window.factor = 0.8
	sasl.login.refresh.window.jitter = 0.05
	sasl.login.retry.backoff.max.ms = 10000
	sasl.login.retry.backoff.ms = 100
	sasl.mechanism = GSSAPI
	sasl.oauthbearer.clock.skew.seconds = 30
	sasl.oauthbearer.expected.audience = null
	sasl.oauthbearer.expected.issuer = null
	sasl.oauthbearer.header.urlencode = false
	sasl.oauthbearer.jwks.endpoint.refresh.ms = 3600000
	sasl.oauthbearer.jwks.endpoint.retry.backoff.max.ms = 10000
	sasl.oauthbearer.jwks.endpoint.retry.backoff.ms = 100
	sasl.oauthbearer.jwks.endpoint.url = null
	sasl.oauthbearer.scope.claim.name = scope
	sasl.oauthbearer.sub.claim.name = sub
	sasl.oauthbearer.token.endpoint.url = null
	security.protocol = PLAINTEXT
	security.providers = null
	send.buffer.bytes = 131072
	session.timeout.ms = 45000
	socket.connection.setup.timeout.max.ms = 30000
	socket.connection.setup.timeout.ms = 10000
	ssl.cipher.suites = null
	ssl.enabled.protocols = [TLSv1.2, TLSv1.3]
	ssl.endpoint.identification.algorithm = https
	ssl.engine.factory.class = null
	ssl.key.password = null
	ssl.keymanager.algorithm = SunX509
	ssl.keystore.certificate.chain = null
	ssl.keystore.key = null
	ssl.keystore.location = null
	ssl.keystore.password = null
	ssl.keystore.type = JKS
	ssl.protocol = TLSv1.3
	ssl.provider = null
	ssl.secure.random.implementation = null
	ssl.trustmanager.algorithm = PKIX
	ssl.truststore.certificates = null
	ssl.truststore.location = null
	ssl.truststore.password = null
	ssl.truststore.type = JKS
	value.deserializer = class io.apicurio.registry.serde.avro.AvroKafkaDeserializer

2025-08-06 18:58:00,264 INFO  [org.apa.kaf.com.tel.int.KafkaMetricsCollector] (main) initializing Kafka metrics collector
2025-08-06 18:58:00,268 INFO  [org.apa.kaf.cli.con.ConsumerConfig] (main) These configurations '[apicurio.registry.url]' were supplied but are not used yet.
2025-08-06 18:58:00,268 INFO  [org.apa.kaf.com.uti.AppInfoParser] (main) Kafka version: 3.9.1
2025-08-06 18:58:00,268 INFO  [org.apa.kaf.com.uti.AppInfoParser] (main) Kafka commitId: f745dfdcee2b9851
2025-08-06 18:58:00,268 INFO  [org.apa.kaf.com.uti.AppInfoParser] (main) Kafka startTimeMs: 1754506680268
2025-08-06 18:58:00,268 INFO  [org.apa.kaf.cli.con.int.ClassicKafkaConsumer] (Thread-902) [Consumer clientId=consumer-Consumer-topic-56d32977_e15c_4513_98ac_624a8efbfd4a-41, groupId=Consumer-topic-56d32977_e15c_4513_98ac_624a8efbfd4a] Subscribed to topic(s): topic-56d32977_e15c_4513_98ac_624a8efbfd4a
2025-08-06 18:58:00,273 INFO  [org.apa.kaf.cli.Metadata] (Thread-902) [Consumer clientId=consumer-Consumer-topic-56d32977_e15c_4513_98ac_624a8efbfd4a-41, groupId=Consumer-topic-56d32977_e15c_4513_98ac_624a8efbfd4a] Cluster ID: kF8Ua3WQTR-RR3LzMUds4A
2025-08-06 18:58:00,273 INFO  [org.apa.kaf.cli.con.int.ConsumerCoordinator] (Thread-902) [Consumer clientId=consumer-Consumer-topic-56d32977_e15c_4513_98ac_624a8efbfd4a-41, groupId=Consumer-topic-56d32977_e15c_4513_98ac_624a8efbfd4a] Discovered group coordinator localhost:32769 (id: 2147483647 rack: null)
2025-08-06 18:58:00,275 INFO  [org.apa.kaf.cli.con.int.ConsumerCoordinator] (Thread-902) [Consumer clientId=consumer-Consumer-topic-56d32977_e15c_4513_98ac_624a8efbfd4a-41, groupId=Consumer-topic-56d32977_e15c_4513_98ac_624a8efbfd4a] (Re-)joining group
2025-08-06 18:58:00,278 INFO  [org.apa.kaf.cli.con.int.ConsumerCoordinator] (Thread-902) [Consumer clientId=consumer-Consumer-topic-56d32977_e15c_4513_98ac_624a8efbfd4a-41, groupId=Consumer-topic-56d32977_e15c_4513_98ac_624a8efbfd4a] Request joining group due to: need to re-join with the given member-id: consumer-Consumer-topic-56d32977_e15c_4513_98ac_624a8efbfd4a-41-39285395-34db-488e-8d10-f435e566a5a4
2025-08-06 18:58:00,278 INFO  [org.apa.kaf.cli.con.int.ConsumerCoordinator] (Thread-902) [Consumer clientId=consumer-Consumer-topic-56d32977_e15c_4513_98ac_624a8efbfd4a-41, groupId=Consumer-topic-56d32977_e15c_4513_98ac_624a8efbfd4a] (Re-)joining group
2025-08-06 18:58:01,269 INFO  [io.api.tes.ser.api.KafkaSerdesTester] (Thread-902) None found
2025-08-06 18:58:02,269 INFO  [io.api.tes.ser.api.KafkaSerdesTester] (Thread-902) None found
2025-08-06 18:58:03,269 INFO  [io.api.tes.ser.api.KafkaSerdesTester] (Thread-902) None found
2025-08-06 18:58:03,282 INFO  [org.apa.kaf.cli.con.int.ConsumerCoordinator] (Thread-902) [Consumer clientId=consumer-Consumer-topic-56d32977_e15c_4513_98ac_624a8efbfd4a-41, groupId=Consumer-topic-56d32977_e15c_4513_98ac_624a8efbfd4a] Successfully joined group with generation Generation{generationId=1, memberId='consumer-Consumer-topic-56d32977_e15c_4513_98ac_624a8efbfd4a-41-39285395-34db-488e-8d10-f435e566a5a4', protocol='range'}
2025-08-06 18:58:03,282 INFO  [org.apa.kaf.cli.con.int.ConsumerCoordinator] (Thread-902) [Consumer clientId=consumer-Consumer-topic-56d32977_e15c_4513_98ac_624a8efbfd4a-41, groupId=Consumer-topic-56d32977_e15c_4513_98ac_624a8efbfd4a] Finished assignment for group at generation 1: {consumer-Consumer-topic-56d32977_e15c_4513_98ac_624a8efbfd4a-41-39285395-34db-488e-8d10-f435e566a5a4=Assignment(partitions=[topic-56d32977_e15c_4513_98ac_624a8efbfd4a-0])}
2025-08-06 18:58:03,289 INFO  [org.apa.kaf.cli.con.int.ConsumerCoordinator] (Thread-902) [Consumer clientId=consumer-Consumer-topic-56d32977_e15c_4513_98ac_624a8efbfd4a-41, groupId=Consumer-topic-56d32977_e15c_4513_98ac_624a8efbfd4a] Successfully synced group in generation Generation{generationId=1, memberId='consumer-Consumer-topic-56d32977_e15c_4513_98ac_624a8efbfd4a-41-39285395-34db-488e-8d10-f435e566a5a4', protocol='range'}
2025-08-06 18:58:03,289 INFO  [org.apa.kaf.cli.con.int.ConsumerCoordinator] (Thread-902) [Consumer clientId=consumer-Consumer-topic-56d32977_e15c_4513_98ac_624a8efbfd4a-41, groupId=Consumer-topic-56d32977_e15c_4513_98ac_624a8efbfd4a] Notifying assignor about the new Assignment(partitions=[topic-56d32977_e15c_4513_98ac_624a8efbfd4a-0])
2025-08-06 18:58:03,289 INFO  [org.apa.kaf.cli.con.int.ConsumerRebalanceListenerInvoker] (Thread-902) [Consumer clientId=consumer-Consumer-topic-56d32977_e15c_4513_98ac_624a8efbfd4a-41, groupId=Consumer-topic-56d32977_e15c_4513_98ac_624a8efbfd4a] Adding newly assigned partitions: topic-56d32977_e15c_4513_98ac_624a8efbfd4a-0
2025-08-06 18:58:03,290 INFO  [org.apa.kaf.cli.con.int.ConsumerCoordinator] (Thread-902) [Consumer clientId=consumer-Consumer-topic-56d32977_e15c_4513_98ac_624a8efbfd4a-41, groupId=Consumer-topic-56d32977_e15c_4513_98ac_624a8efbfd4a] Found no committed offset for partition topic-56d32977_e15c_4513_98ac_624a8efbfd4a-0
2025-08-06 18:58:03,292 INFO  [org.apa.kaf.cli.con.int.SubscriptionState] (Thread-902) [Consumer clientId=consumer-Consumer-topic-56d32977_e15c_4513_98ac_624a8efbfd4a-41, groupId=Consumer-topic-56d32977_e15c_4513_98ac_624a8efbfd4a] Resetting offset for partition topic-56d32977_e15c_4513_98ac_624a8efbfd4a-0 to position FetchPosition{offset=0, offsetEpoch=Optional.empty, currentLeader=LeaderAndEpoch{leader=Optional[localhost:32769 (id: 0 rack: null)], epoch=0}}.
2025-08-06 18:58:03,525 INFO  [io.api.tes.ser.api.KafkaSerdesTester] (Thread-902) topic-56d32977_e15c_4513_98ac_624a8efbfd4a 0 0 {"key1": "value-0"}
2025-08-06 18:58:03,525 INFO  [io.api.tes.ser.api.KafkaSerdesTester] (Thread-902) topic-56d32977_e15c_4513_98ac_624a8efbfd4a 0 1 {"key1": "value-1"}
2025-08-06 18:58:03,525 INFO  [io.api.tes.ser.api.KafkaSerdesTester] (Thread-902) topic-56d32977_e15c_4513_98ac_624a8efbfd4a 0 2 {"key1": "value-2"}
2025-08-06 18:58:03,525 INFO  [io.api.tes.ser.api.KafkaSerdesTester] (Thread-902) topic-56d32977_e15c_4513_98ac_624a8efbfd4a 0 3 {"key1": "value-3"}
2025-08-06 18:58:03,525 INFO  [io.api.tes.ser.api.KafkaSerdesTester] (Thread-902) topic-56d32977_e15c_4513_98ac_624a8efbfd4a 0 4 {"key1": "value-4"}
2025-08-06 18:58:03,525 INFO  [io.api.tes.ser.api.KafkaSerdesTester] (Thread-902) topic-56d32977_e15c_4513_98ac_624a8efbfd4a 0 5 {"key1": "value-5"}
2025-08-06 18:58:03,525 INFO  [io.api.tes.ser.api.KafkaSerdesTester] (Thread-902) topic-56d32977_e15c_4513_98ac_624a8efbfd4a 0 6 {"key1": "value-6"}
2025-08-06 18:58:03,525 INFO  [io.api.tes.ser.api.KafkaSerdesTester] (Thread-902) topic-56d32977_e15c_4513_98ac_624a8efbfd4a 0 7 {"key1": "value-7"}
2025-08-06 18:58:03,525 INFO  [io.api.tes.ser.api.KafkaSerdesTester] (Thread-902) topic-56d32977_e15c_4513_98ac_624a8efbfd4a 0 8 {"key1": "value-8"}
2025-08-06 18:58:03,525 INFO  [io.api.tes.ser.api.KafkaSerdesTester] (Thread-902) topic-56d32977_e15c_4513_98ac_624a8efbfd4a 0 9 {"key1": "value-9"}
2025-08-06 18:58:03,525 INFO  [io.api.tes.ser.api.KafkaSerdesTester] (Thread-902) Consumed 10 messages
2025-08-06 18:58:03,532 INFO  [org.apa.kaf.cli.con.int.ConsumerRebalanceListenerInvoker] (Thread-902) [Consumer clientId=consumer-Consumer-topic-56d32977_e15c_4513_98ac_624a8efbfd4a-41, groupId=Consumer-topic-56d32977_e15c_4513_98ac_624a8efbfd4a] Revoke previously assigned partitions topic-56d32977_e15c_4513_98ac_624a8efbfd4a-0
2025-08-06 18:58:03,532 INFO  [org.apa.kaf.cli.con.int.ConsumerCoordinator] (Thread-902) [Consumer clientId=consumer-Consumer-topic-56d32977_e15c_4513_98ac_624a8efbfd4a-41, groupId=Consumer-topic-56d32977_e15c_4513_98ac_624a8efbfd4a] Member consumer-Consumer-topic-56d32977_e15c_4513_98ac_624a8efbfd4a-41-39285395-34db-488e-8d10-f435e566a5a4 sending LeaveGroup request to coordinator localhost:32769 (id: 2147483647 rack: null) due to the consumer is being closed
2025-08-06 18:58:03,533 INFO  [org.apa.kaf.cli.con.int.ConsumerCoordinator] (Thread-902) [Consumer clientId=consumer-Consumer-topic-56d32977_e15c_4513_98ac_624a8efbfd4a-41, groupId=Consumer-topic-56d32977_e15c_4513_98ac_624a8efbfd4a] Resetting generation and member id due to: consumer pro-actively leaving the group
2025-08-06 18:58:03,533 INFO  [org.apa.kaf.cli.con.int.ConsumerCoordinator] (Thread-902) [Consumer clientId=consumer-Consumer-topic-56d32977_e15c_4513_98ac_624a8efbfd4a-41, groupId=Consumer-topic-56d32977_e15c_4513_98ac_624a8efbfd4a] Request joining group due to: consumer pro-actively leaving the group
2025-08-06 18:58:04,027 INFO  [org.apa.kaf.com.met.Metrics] (Thread-902) Metrics scheduler closed
2025-08-06 18:58:04,028 INFO  [org.apa.kaf.com.met.Metrics] (Thread-902) Closing reporter org.apache.kafka.common.metrics.JmxReporter
2025-08-06 18:58:04,028 INFO  [org.apa.kaf.com.met.Metrics] (Thread-902) Closing reporter org.apache.kafka.common.telemetry.internals.ClientTelemetryReporter
2025-08-06 18:58:04,028 INFO  [org.apa.kaf.com.met.Metrics] (Thread-902) Metrics reporters closed
2025-08-06 18:58:04,029 INFO  [org.apa.kaf.com.uti.AppInfoParser] (Thread-902) App info kafka.consumer for consumer-Consumer-topic-56d32977_e15c_4513_98ac_624a8efbfd4a-41 unregistered
2025-08-06 18:58:04,191 INFO  [io.api.tes.ser.con.BasicConfluentSerDesIT] (main) Deleting confluent schema topic-56d32977_e15c_4513_98ac_624a8efbfd4a-value
2025-08-06 18:58:04,277 INFO  [io.api.tes.uti.TestSeparator] (main) io.apicurio.tests.serdes.confluent.BasicConfluentSerDesIT.testAvroConfluentApicurio-FINISHED
2025-08-06 18:58:04,277 INFO  [io.api.tes.uti.TestSeparator] (main) ############################################################################
Test passed: testAvroConfluentApicurio
]]></system-out>
  </testcase>
  <testcase name="testAvroConfluentSerDesWrongStrategyTopic" classname="io.apicurio.tests.serdes.confluent.BasicConfluentSerDesIT" time="0.639">
    <system-out><![CDATA[2025-08-06 18:58:04,278 INFO  [io.api.tes.uti.TestSeparator] (main) ############################################################################
2025-08-06 18:58:04,278 INFO  [io.api.tes.uti.TestSeparator] (main) io.apicurio.tests.serdes.confluent.BasicConfluentSerDesIT.testAvroConfluentSerDesWrongStrategyTopic-STARTED
2025-08-06 18:58:04,488 INFO  [io.api.tes.ser.con.BasicConfluentSerDesIT] (main) Checking that created schema is equal to the get schema
2025-08-06 18:58:04,575 INFO  [io.api.tes.ser.con.BasicConfluentSerDesIT] (main) Created schema with id:114 and name:myrecordconfluent3
**** Registry Base URL: http://registry-app-mysql.apps.ci419.apicurio-testing.org:80
2025-08-06 18:58:04,576 INFO  [org.apa.kaf.cli.pro.ProducerConfig] (main) ProducerConfig values: 
	acks = -1
	auto.include.jmx.reporter = true
	batch.size = 16384
	bootstrap.servers = [PLAINTEXT://localhost:32769]
	buffer.memory = 33554432
	client.dns.lookup = use_all_dns_ips
	client.id = Producer-topic-7542e231_26a8_4de1_8df9_a10371b4718b
	compression.gzip.level = -1
	compression.lz4.level = 9
	compression.type = none
	compression.zstd.level = 3
	connections.max.idle.ms = 10000
	delivery.timeout.ms = 120000
	enable.idempotence = true
	enable.metrics.push = true
	interceptor.classes = []
	key.serializer = class org.apache.kafka.common.serialization.StringSerializer
	linger.ms = 0
	max.block.ms = 60000
	max.in.flight.requests.per.connection = 5
	max.request.size = 1048576
	metadata.max.age.ms = 300000
	metadata.max.idle.ms = 300000
	metadata.recovery.strategy = none
	metric.reporters = []
	metrics.num.samples = 2
	metrics.recording.level = INFO
	metrics.sample.window.ms = 30000
	partitioner.adaptive.partitioning.enable = true
	partitioner.availability.timeout.ms = 0
	partitioner.class = null
	partitioner.ignore.keys = false
	receive.buffer.bytes = 32768
	reconnect.backoff.max.ms = 1000
	reconnect.backoff.ms = 50
	request.timeout.ms = 5000
	retries = 2147483647
	retry.backoff.max.ms = 1000
	retry.backoff.ms = 100
	sasl.client.callback.handler.class = null
	sasl.jaas.config = null
	sasl.kerberos.kinit.cmd = /usr/bin/kinit
	sasl.kerberos.min.time.before.relogin = 60000
	sasl.kerberos.service.name = null
	sasl.kerberos.ticket.renew.jitter = 0.05
	sasl.kerberos.ticket.renew.window.factor = 0.8
	sasl.login.callback.handler.class = null
	sasl.login.class = null
	sasl.login.connect.timeout.ms = null
	sasl.login.read.timeout.ms = null
	sasl.login.refresh.buffer.seconds = 300
	sasl.login.refresh.min.period.seconds = 60
	sasl.login.refresh.window.factor = 0.8
	sasl.login.refresh.window.jitter = 0.05
	sasl.login.retry.backoff.max.ms = 10000
	sasl.login.retry.backoff.ms = 100
	sasl.mechanism = GSSAPI
	sasl.oauthbearer.clock.skew.seconds = 30
	sasl.oauthbearer.expected.audience = null
	sasl.oauthbearer.expected.issuer = null
	sasl.oauthbearer.header.urlencode = false
	sasl.oauthbearer.jwks.endpoint.refresh.ms = 3600000
	sasl.oauthbearer.jwks.endpoint.retry.backoff.max.ms = 10000
	sasl.oauthbearer.jwks.endpoint.retry.backoff.ms = 100
	sasl.oauthbearer.jwks.endpoint.url = null
	sasl.oauthbearer.scope.claim.name = scope
	sasl.oauthbearer.sub.claim.name = sub
	sasl.oauthbearer.token.endpoint.url = null
	security.protocol = PLAINTEXT
	security.providers = null
	send.buffer.bytes = 131072
	socket.connection.setup.timeout.max.ms = 30000
	socket.connection.setup.timeout.ms = 10000
	ssl.cipher.suites = null
	ssl.enabled.protocols = [TLSv1.2, TLSv1.3]
	ssl.endpoint.identification.algorithm = https
	ssl.engine.factory.class = null
	ssl.key.password = null
	ssl.keymanager.algorithm = SunX509
	ssl.keystore.certificate.chain = null
	ssl.keystore.key = null
	ssl.keystore.location = null
	ssl.keystore.password = null
	ssl.keystore.type = JKS
	ssl.protocol = TLSv1.3
	ssl.provider = null
	ssl.secure.random.implementation = null
	ssl.trustmanager.algorithm = PKIX
	ssl.truststore.certificates = null
	ssl.truststore.location = null
	ssl.truststore.password = null
	ssl.truststore.type = JKS
	transaction.timeout.ms = 60000
	transactional.id = null
	value.serializer = class io.confluent.kafka.serializers.KafkaAvroSerializer

2025-08-06 18:58:04,576 INFO  [org.apa.kaf.com.tel.int.KafkaMetricsCollector] (main) initializing Kafka metrics collector
2025-08-06 18:58:04,577 INFO  [io.con.kaf.ser.KafkaAvroSerializerConfig] (main) KafkaAvroSerializerConfig values: 
	auto.register.schemas = false
	avro.reflection.allow.null = false
	avro.remove.java.properties = false
	avro.use.logical.type.converters = false
	basic.auth.credentials.source = URL
	basic.auth.user.info = [hidden]
	bearer.auth.cache.expiry.buffer.seconds = 300
	bearer.auth.client.id = null
	bearer.auth.client.secret = null
	bearer.auth.credentials.source = STATIC_TOKEN
	bearer.auth.custom.provider.class = null
	bearer.auth.identity.pool.id = null
	bearer.auth.issuer.endpoint.url = null
	bearer.auth.logical.cluster = null
	bearer.auth.scope = null
	bearer.auth.scope.claim.name = scope
	bearer.auth.sub.claim.name = sub
	bearer.auth.token = [hidden]
	context.name.strategy = class io.confluent.kafka.serializers.context.NullContextNameStrategy
	http.connect.timeout.ms = 60000
	http.read.timeout.ms = 60000
	id.compatibility.strict = true
	key.schema.id.deserializer = class io.confluent.kafka.serializers.schema.id.DualSchemaIdDeserializer
	key.schema.id.serializer = class io.confluent.kafka.serializers.schema.id.PrefixSchemaIdSerializer
	key.subject.name.strategy = class io.confluent.kafka.serializers.subject.TopicNameStrategy
	latest.cache.size = 1000
	latest.cache.ttl.sec = -1
	latest.compatibility.strict = true
	max.retries = 3
	max.schemas.per.subject = 1000
	normalize.schemas = false
	propagate.schema.tags = false
	proxy.host = 
	proxy.port = -1
	retries.max.wait.ms = 20000
	retries.wait.ms = 1000
	rule.actions = []
	rule.executors = []
	rule.service.loader.enable = true
	schema.format = null
	schema.reflection = false
	schema.registry.basic.auth.user.info = [hidden]
	schema.registry.ssl.cipher.suites = null
	schema.registry.ssl.enabled.protocols = [TLSv1.2, TLSv1.3]
	schema.registry.ssl.endpoint.identification.algorithm = https
	schema.registry.ssl.engine.factory.class = null
	schema.registry.ssl.key.password = null
	schema.registry.ssl.keymanager.algorithm = SunX509
	schema.registry.ssl.keystore.certificate.chain = null
	schema.registry.ssl.keystore.key = null
	schema.registry.ssl.keystore.location = null
	schema.registry.ssl.keystore.password = null
	schema.registry.ssl.keystore.type = JKS
	schema.registry.ssl.protocol = TLSv1.3
	schema.registry.ssl.provider = null
	schema.registry.ssl.secure.random.implementation = null
	schema.registry.ssl.trustmanager.algorithm = PKIX
	schema.registry.ssl.truststore.certificates = null
	schema.registry.ssl.truststore.location = null
	schema.registry.ssl.truststore.password = null
	schema.registry.ssl.truststore.type = JKS
	schema.registry.url = [http://registry-app-mysql.apps.ci419.apicurio-testing.org:80/apis/ccompat/v7]
	schema.registry.url.randomize = false
	use.latest.version = false
	use.latest.with.metadata = null
	use.schema.id = -1
	value.schema.id.deserializer = class io.confluent.kafka.serializers.schema.id.DualSchemaIdDeserializer
	value.schema.id.serializer = class io.confluent.kafka.serializers.schema.id.PrefixSchemaIdSerializer
	value.subject.name.strategy = class io.confluent.kafka.serializers.subject.TopicNameStrategy

2025-08-06 18:58:04,578 INFO  [org.apa.kaf.cli.pro.KafkaProducer] (main) [Producer clientId=Producer-topic-7542e231_26a8_4de1_8df9_a10371b4718b] Instantiated an idempotent producer.
2025-08-06 18:58:04,579 INFO  [org.apa.kaf.cli.pro.ProducerConfig] (main) These configurations '[schema.registry.url, auto.register.schemas, value.subject.name.strategy]' were supplied but are not used yet.
2025-08-06 18:58:04,579 INFO  [org.apa.kaf.com.uti.AppInfoParser] (main) Kafka version: 3.9.1
2025-08-06 18:58:04,579 INFO  [org.apa.kaf.com.uti.AppInfoParser] (main) Kafka commitId: f745dfdcee2b9851
2025-08-06 18:58:04,579 INFO  [org.apa.kaf.com.uti.AppInfoParser] (main) Kafka startTimeMs: 1754506684579
2025-08-06 18:58:04,580 INFO  [io.api.tes.ser.api.KafkaSerdesTester] (Thread-903) Sending message {"key1": "value-0"} to topic topic-7542e231_26a8_4de1_8df9_a10371b4718b
2025-08-06 18:58:04,582 INFO  [org.apa.kaf.cli.Metadata] (kafka-producer-network-thread | Producer-topic-7542e231_26a8_4de1_8df9_a10371b4718b) [Producer clientId=Producer-topic-7542e231_26a8_4de1_8df9_a10371b4718b] Cluster ID: kF8Ua3WQTR-RR3LzMUds4A
2025-08-06 18:58:04,583 INFO  [org.apa.kaf.cli.pro.int.TransactionManager] (kafka-producer-network-thread | Producer-topic-7542e231_26a8_4de1_8df9_a10371b4718b) [Producer clientId=Producer-topic-7542e231_26a8_4de1_8df9_a10371b4718b] ProducerId set to 55 with epoch 0
2025-08-06 18:58:04,668 INFO  [org.apa.kaf.cli.pro.KafkaProducer] (Thread-903) [Producer clientId=Producer-topic-7542e231_26a8_4de1_8df9_a10371b4718b] Closing the Kafka producer with timeoutMillis = 9223372036854775807 ms.
2025-08-06 18:58:04,670 INFO  [org.apa.kaf.com.met.Metrics] (Thread-903) Metrics scheduler closed
2025-08-06 18:58:04,670 INFO  [org.apa.kaf.com.met.Metrics] (Thread-903) Closing reporter org.apache.kafka.common.metrics.JmxReporter
2025-08-06 18:58:04,670 INFO  [org.apa.kaf.com.met.Metrics] (Thread-903) Closing reporter org.apache.kafka.common.telemetry.internals.ClientTelemetryReporter
2025-08-06 18:58:04,670 INFO  [org.apa.kaf.com.met.Metrics] (Thread-903) Metrics reporters closed
2025-08-06 18:58:04,670 INFO  [org.apa.kaf.com.uti.AppInfoParser] (Thread-903) App info kafka.producer for Producer-topic-7542e231_26a8_4de1_8df9_a10371b4718b unregistered
2025-08-06 18:58:04,832 INFO  [io.api.tes.ser.con.BasicConfluentSerDesIT] (main) Deleting confluent schema myrecordconfluent3
2025-08-06 18:58:04,916 INFO  [io.api.tes.uti.TestSeparator] (main) io.apicurio.tests.serdes.confluent.BasicConfluentSerDesIT.testAvroConfluentSerDesWrongStrategyTopic-FINISHED
2025-08-06 18:58:04,916 INFO  [io.api.tes.uti.TestSeparator] (main) ############################################################################
Test passed: testAvroConfluentSerDesWrongStrategyTopic
]]></system-out>
  </testcase>
  <testcase name="testAvroApicurioConfluent" classname="io.apicurio.tests.serdes.confluent.BasicConfluentSerDesIT" time="5.252">
    <system-out><![CDATA[2025-08-06 18:58:04,918 INFO  [io.api.tes.uti.TestSeparator] (main) ############################################################################
2025-08-06 18:58:04,918 INFO  [io.api.tes.uti.TestSeparator] (main) io.apicurio.tests.serdes.confluent.BasicConfluentSerDesIT.testAvroApicurioConfluent-STARTED
**** Registry Base URL: http://registry-app-mysql.apps.ci419.apicurio-testing.org:80
2025-08-06 18:58:06,113 INFO  [org.apa.kaf.cli.pro.ProducerConfig] (main) ProducerConfig values: 
	acks = -1
	auto.include.jmx.reporter = true
	batch.size = 16384
	bootstrap.servers = [PLAINTEXT://localhost:32769]
	buffer.memory = 33554432
	client.dns.lookup = use_all_dns_ips
	client.id = Producer-topic-25cb72eb_2000_4864_8fec_ca766b407a68
	compression.gzip.level = -1
	compression.lz4.level = 9
	compression.type = none
	compression.zstd.level = 3
	connections.max.idle.ms = 10000
	delivery.timeout.ms = 120000
	enable.idempotence = true
	enable.metrics.push = true
	interceptor.classes = []
	key.serializer = class org.apache.kafka.common.serialization.StringSerializer
	linger.ms = 0
	max.block.ms = 60000
	max.in.flight.requests.per.connection = 5
	max.request.size = 1048576
	metadata.max.age.ms = 300000
	metadata.max.idle.ms = 300000
	metadata.recovery.strategy = none
	metric.reporters = []
	metrics.num.samples = 2
	metrics.recording.level = INFO
	metrics.sample.window.ms = 30000
	partitioner.adaptive.partitioning.enable = true
	partitioner.availability.timeout.ms = 0
	partitioner.class = null
	partitioner.ignore.keys = false
	receive.buffer.bytes = 32768
	reconnect.backoff.max.ms = 1000
	reconnect.backoff.ms = 50
	request.timeout.ms = 5000
	retries = 2147483647
	retry.backoff.max.ms = 1000
	retry.backoff.ms = 100
	sasl.client.callback.handler.class = null
	sasl.jaas.config = null
	sasl.kerberos.kinit.cmd = /usr/bin/kinit
	sasl.kerberos.min.time.before.relogin = 60000
	sasl.kerberos.service.name = null
	sasl.kerberos.ticket.renew.jitter = 0.05
	sasl.kerberos.ticket.renew.window.factor = 0.8
	sasl.login.callback.handler.class = null
	sasl.login.class = null
	sasl.login.connect.timeout.ms = null
	sasl.login.read.timeout.ms = null
	sasl.login.refresh.buffer.seconds = 300
	sasl.login.refresh.min.period.seconds = 60
	sasl.login.refresh.window.factor = 0.8
	sasl.login.refresh.window.jitter = 0.05
	sasl.login.retry.backoff.max.ms = 10000
	sasl.login.retry.backoff.ms = 100
	sasl.mechanism = GSSAPI
	sasl.oauthbearer.clock.skew.seconds = 30
	sasl.oauthbearer.expected.audience = null
	sasl.oauthbearer.expected.issuer = null
	sasl.oauthbearer.header.urlencode = false
	sasl.oauthbearer.jwks.endpoint.refresh.ms = 3600000
	sasl.oauthbearer.jwks.endpoint.retry.backoff.max.ms = 10000
	sasl.oauthbearer.jwks.endpoint.retry.backoff.ms = 100
	sasl.oauthbearer.jwks.endpoint.url = null
	sasl.oauthbearer.scope.claim.name = scope
	sasl.oauthbearer.sub.claim.name = sub
	sasl.oauthbearer.token.endpoint.url = null
	security.protocol = PLAINTEXT
	security.providers = null
	send.buffer.bytes = 131072
	socket.connection.setup.timeout.max.ms = 30000
	socket.connection.setup.timeout.ms = 10000
	ssl.cipher.suites = null
	ssl.enabled.protocols = [TLSv1.2, TLSv1.3]
	ssl.endpoint.identification.algorithm = https
	ssl.engine.factory.class = null
	ssl.key.password = null
	ssl.keymanager.algorithm = SunX509
	ssl.keystore.certificate.chain = null
	ssl.keystore.key = null
	ssl.keystore.location = null
	ssl.keystore.password = null
	ssl.keystore.type = JKS
	ssl.protocol = TLSv1.3
	ssl.provider = null
	ssl.secure.random.implementation = null
	ssl.trustmanager.algorithm = PKIX
	ssl.truststore.certificates = null
	ssl.truststore.location = null
	ssl.truststore.password = null
	ssl.truststore.type = JKS
	transaction.timeout.ms = 60000
	transactional.id = null
	value.serializer = class io.apicurio.registry.serde.avro.AvroKafkaSerializer

2025-08-06 18:58:06,113 INFO  [org.apa.kaf.com.tel.int.KafkaMetricsCollector] (main) initializing Kafka metrics collector
2025-08-06 18:58:06,116 INFO  [org.apa.kaf.cli.pro.KafkaProducer] (main) [Producer clientId=Producer-topic-25cb72eb_2000_4864_8fec_ca766b407a68] Instantiated an idempotent producer.
2025-08-06 18:58:06,119 INFO  [org.apa.kaf.cli.pro.ProducerConfig] (main) These configurations '[apicurio.registry.url, apicurio.registry.artifact-resolver-strategy]' were supplied but are not used yet.
2025-08-06 18:58:06,119 INFO  [org.apa.kaf.com.uti.AppInfoParser] (main) Kafka version: 3.9.1
2025-08-06 18:58:06,119 INFO  [org.apa.kaf.com.uti.AppInfoParser] (main) Kafka commitId: f745dfdcee2b9851
2025-08-06 18:58:06,119 INFO  [org.apa.kaf.com.uti.AppInfoParser] (main) Kafka startTimeMs: 1754506686119
2025-08-06 18:58:06,119 INFO  [io.api.tes.ser.api.SimpleSerdesTesterBuilder$SimpleSerdesTester] (main) Using producer configuration: {apicurio.registry.url=http://registry-app-mysql.apps.ci419.apicurio-testing.org:80/apis/registry/v3, apicurio.registry.artifact-resolver-strategy=io.apicurio.registry.serde.strategy.TopicIdStrategy, value.serializer=io.apicurio.registry.serde.avro.AvroKafkaSerializer, request.timeout.ms=5000, acks=all, bootstrap.servers=PLAINTEXT://localhost:32769, connections.max.idle.ms=10000, key.serializer=org.apache.kafka.common.serialization.StringSerializer, client.id=Producer-topic-25cb72eb_2000_4864_8fec_ca766b407a68}
2025-08-06 18:58:06,119 INFO  [io.api.tes.ser.api.SimpleSerdesTesterBuilder$SimpleSerdesTester] (main) Using consumer configuration: {}
2025-08-06 18:58:06,119 INFO  [io.api.tes.ser.api.KafkaSerdesTester] (Thread-906) Sending message {"key1": "value-0"} to topic topic-25cb72eb_2000_4864_8fec_ca766b407a68
2025-08-06 18:58:06,127 INFO  [org.apa.kaf.cli.Metadata] (kafka-producer-network-thread | Producer-topic-25cb72eb_2000_4864_8fec_ca766b407a68) [Producer clientId=Producer-topic-25cb72eb_2000_4864_8fec_ca766b407a68] Cluster ID: kF8Ua3WQTR-RR3LzMUds4A
2025-08-06 18:58:06,127 INFO  [DefaultSchemaResolver] (Thread-906) Retrieving schema content using string: {"type":"record","name":"myrecordconfluent1","fields":[{"name":"key1","type":"string"}]}
2025-08-06 18:58:06,127 INFO  [org.apa.kaf.cli.pro.int.TransactionManager] (kafka-producer-network-thread | Producer-topic-25cb72eb_2000_4864_8fec_ca766b407a68) [Producer clientId=Producer-topic-25cb72eb_2000_4864_8fec_ca766b407a68] ProducerId set to 56 with epoch 0
2025-08-06 18:58:06,291 INFO  [io.api.tes.ser.api.KafkaSerdesTester] (Thread-906) Sending message {"key1": "value-1"} to topic topic-25cb72eb_2000_4864_8fec_ca766b407a68
2025-08-06 18:58:06,292 INFO  [io.api.tes.ser.api.KafkaSerdesTester] (Thread-906) Sending message {"key1": "value-2"} to topic topic-25cb72eb_2000_4864_8fec_ca766b407a68
2025-08-06 18:58:06,293 INFO  [io.api.tes.ser.api.KafkaSerdesTester] (Thread-906) Sending message {"key1": "value-3"} to topic topic-25cb72eb_2000_4864_8fec_ca766b407a68
2025-08-06 18:58:06,294 INFO  [io.api.tes.ser.api.KafkaSerdesTester] (Thread-906) Sending message {"key1": "value-4"} to topic topic-25cb72eb_2000_4864_8fec_ca766b407a68
2025-08-06 18:58:06,295 INFO  [io.api.tes.ser.api.KafkaSerdesTester] (Thread-906) Sending message {"key1": "value-5"} to topic topic-25cb72eb_2000_4864_8fec_ca766b407a68
2025-08-06 18:58:06,296 INFO  [io.api.tes.ser.api.KafkaSerdesTester] (Thread-906) Sending message {"key1": "value-6"} to topic topic-25cb72eb_2000_4864_8fec_ca766b407a68
2025-08-06 18:58:06,298 INFO  [io.api.tes.ser.api.KafkaSerdesTester] (Thread-906) Sending message {"key1": "value-7"} to topic topic-25cb72eb_2000_4864_8fec_ca766b407a68
2025-08-06 18:58:06,299 INFO  [io.api.tes.ser.api.KafkaSerdesTester] (Thread-906) Sending message {"key1": "value-8"} to topic topic-25cb72eb_2000_4864_8fec_ca766b407a68
2025-08-06 18:58:06,299 INFO  [io.api.tes.ser.api.KafkaSerdesTester] (Thread-906) Sending message {"key1": "value-9"} to topic topic-25cb72eb_2000_4864_8fec_ca766b407a68
2025-08-06 18:58:06,300 INFO  [io.api.tes.ser.api.KafkaSerdesTester] (Thread-906) Produced 10 messages
2025-08-06 18:58:06,300 INFO  [org.apa.kaf.cli.pro.KafkaProducer] (Thread-906) [Producer clientId=Producer-topic-25cb72eb_2000_4864_8fec_ca766b407a68] Closing the Kafka producer with timeoutMillis = 9223372036854775807 ms.
2025-08-06 18:58:06,302 INFO  [org.apa.kaf.com.met.Metrics] (Thread-906) Metrics scheduler closed
2025-08-06 18:58:06,302 INFO  [org.apa.kaf.com.met.Metrics] (Thread-906) Closing reporter org.apache.kafka.common.metrics.JmxReporter
2025-08-06 18:58:06,303 INFO  [org.apa.kaf.com.met.Metrics] (Thread-906) Closing reporter org.apache.kafka.common.telemetry.internals.ClientTelemetryReporter
2025-08-06 18:58:06,303 INFO  [org.apa.kaf.com.met.Metrics] (Thread-906) Metrics reporters closed
2025-08-06 18:58:06,303 INFO  [org.apa.kaf.com.uti.AppInfoParser] (Thread-906) App info kafka.producer for Producer-topic-25cb72eb_2000_4864_8fec_ca766b407a68 unregistered
**** Registry Base URL: http://registry-app-mysql.apps.ci419.apicurio-testing.org:80
2025-08-06 18:58:06,304 INFO  [org.apa.kaf.cli.con.ConsumerConfig] (main) ConsumerConfig values: 
	allow.auto.create.topics = true
	auto.commit.interval.ms = 500
	auto.include.jmx.reporter = true
	auto.offset.reset = earliest
	bootstrap.servers = [PLAINTEXT://localhost:32769]
	check.crcs = true
	client.dns.lookup = use_all_dns_ips
	client.id = consumer-Consumer-topic-25cb72eb_2000_4864_8fec_ca766b407a68-42
	client.rack = 
	connections.max.idle.ms = 10000
	default.api.timeout.ms = 60000
	enable.auto.commit = true
	enable.metrics.push = true
	exclude.internal.topics = true
	fetch.max.bytes = 52428800
	fetch.max.wait.ms = 500
	fetch.min.bytes = 1
	group.id = Consumer-topic-25cb72eb_2000_4864_8fec_ca766b407a68
	group.instance.id = null
	group.protocol = classic
	group.remote.assignor = null
	heartbeat.interval.ms = 3000
	interceptor.classes = []
	internal.leave.group.on.close = true
	internal.throw.on.fetch.stable.offset.unsupported = false
	isolation.level = read_uncommitted
	key.deserializer = class org.apache.kafka.common.serialization.StringDeserializer
	max.partition.fetch.bytes = 1048576
	max.poll.interval.ms = 300000
	max.poll.records = 500
	metadata.max.age.ms = 300000
	metadata.recovery.strategy = none
	metric.reporters = []
	metrics.num.samples = 2
	metrics.recording.level = INFO
	metrics.sample.window.ms = 30000
	partition.assignment.strategy = [class org.apache.kafka.clients.consumer.RangeAssignor, class org.apache.kafka.clients.consumer.CooperativeStickyAssignor]
	receive.buffer.bytes = 65536
	reconnect.backoff.max.ms = 1000
	reconnect.backoff.ms = 50
	request.timeout.ms = 5000
	retry.backoff.max.ms = 1000
	retry.backoff.ms = 100
	sasl.client.callback.handler.class = null
	sasl.jaas.config = null
	sasl.kerberos.kinit.cmd = /usr/bin/kinit
	sasl.kerberos.min.time.before.relogin = 60000
	sasl.kerberos.service.name = null
	sasl.kerberos.ticket.renew.jitter = 0.05
	sasl.kerberos.ticket.renew.window.factor = 0.8
	sasl.login.callback.handler.class = null
	sasl.login.class = null
	sasl.login.connect.timeout.ms = null
	sasl.login.read.timeout.ms = null
	sasl.login.refresh.buffer.seconds = 300
	sasl.login.refresh.min.period.seconds = 60
	sasl.login.refresh.window.factor = 0.8
	sasl.login.refresh.window.jitter = 0.05
	sasl.login.retry.backoff.max.ms = 10000
	sasl.login.retry.backoff.ms = 100
	sasl.mechanism = GSSAPI
	sasl.oauthbearer.clock.skew.seconds = 30
	sasl.oauthbearer.expected.audience = null
	sasl.oauthbearer.expected.issuer = null
	sasl.oauthbearer.header.urlencode = false
	sasl.oauthbearer.jwks.endpoint.refresh.ms = 3600000
	sasl.oauthbearer.jwks.endpoint.retry.backoff.max.ms = 10000
	sasl.oauthbearer.jwks.endpoint.retry.backoff.ms = 100
	sasl.oauthbearer.jwks.endpoint.url = null
	sasl.oauthbearer.scope.claim.name = scope
	sasl.oauthbearer.sub.claim.name = sub
	sasl.oauthbearer.token.endpoint.url = null
	security.protocol = PLAINTEXT
	security.providers = null
	send.buffer.bytes = 131072
	session.timeout.ms = 45000
	socket.connection.setup.timeout.max.ms = 30000
	socket.connection.setup.timeout.ms = 10000
	ssl.cipher.suites = null
	ssl.enabled.protocols = [TLSv1.2, TLSv1.3]
	ssl.endpoint.identification.algorithm = https
	ssl.engine.factory.class = null
	ssl.key.password = null
	ssl.keymanager.algorithm = SunX509
	ssl.keystore.certificate.chain = null
	ssl.keystore.key = null
	ssl.keystore.location = null
	ssl.keystore.password = null
	ssl.keystore.type = JKS
	ssl.protocol = TLSv1.3
	ssl.provider = null
	ssl.secure.random.implementation = null
	ssl.trustmanager.algorithm = PKIX
	ssl.truststore.certificates = null
	ssl.truststore.location = null
	ssl.truststore.password = null
	ssl.truststore.type = JKS
	value.deserializer = class io.confluent.kafka.serializers.KafkaAvroDeserializer

2025-08-06 18:58:06,304 INFO  [org.apa.kaf.com.tel.int.KafkaMetricsCollector] (main) initializing Kafka metrics collector
2025-08-06 18:58:06,304 INFO  [io.con.kaf.ser.KafkaAvroDeserializerConfig] (main) KafkaAvroDeserializerConfig values: 
	auto.register.schemas = true
	avro.reflection.allow.null = false
	avro.use.logical.type.converters = false
	basic.auth.credentials.source = URL
	basic.auth.user.info = [hidden]
	bearer.auth.cache.expiry.buffer.seconds = 300
	bearer.auth.client.id = null
	bearer.auth.client.secret = null
	bearer.auth.credentials.source = STATIC_TOKEN
	bearer.auth.custom.provider.class = null
	bearer.auth.identity.pool.id = null
	bearer.auth.issuer.endpoint.url = null
	bearer.auth.logical.cluster = null
	bearer.auth.scope = null
	bearer.auth.scope.claim.name = scope
	bearer.auth.sub.claim.name = sub
	bearer.auth.token = [hidden]
	context.name.strategy = class io.confluent.kafka.serializers.context.NullContextNameStrategy
	http.connect.timeout.ms = 60000
	http.read.timeout.ms = 60000
	id.compatibility.strict = true
	key.schema.id.deserializer = class io.confluent.kafka.serializers.schema.id.DualSchemaIdDeserializer
	key.schema.id.serializer = class io.confluent.kafka.serializers.schema.id.PrefixSchemaIdSerializer
	key.subject.name.strategy = class io.confluent.kafka.serializers.subject.TopicNameStrategy
	latest.cache.size = 1000
	latest.cache.ttl.sec = -1
	latest.compatibility.strict = true
	max.retries = 3
	max.schemas.per.subject = 1000
	normalize.schemas = false
	propagate.schema.tags = false
	proxy.host = 
	proxy.port = -1
	retries.max.wait.ms = 20000
	retries.wait.ms = 1000
	rule.actions = []
	rule.executors = []
	rule.service.loader.enable = true
	schema.format = null
	schema.reflection = false
	schema.registry.basic.auth.user.info = [hidden]
	schema.registry.ssl.cipher.suites = null
	schema.registry.ssl.enabled.protocols = [TLSv1.2, TLSv1.3]
	schema.registry.ssl.endpoint.identification.algorithm = https
	schema.registry.ssl.engine.factory.class = null
	schema.registry.ssl.key.password = null
	schema.registry.ssl.keymanager.algorithm = SunX509
	schema.registry.ssl.keystore.certificate.chain = null
	schema.registry.ssl.keystore.key = null
	schema.registry.ssl.keystore.location = null
	schema.registry.ssl.keystore.password = null
	schema.registry.ssl.keystore.type = JKS
	schema.registry.ssl.protocol = TLSv1.3
	schema.registry.ssl.provider = null
	schema.registry.ssl.secure.random.implementation = null
	schema.registry.ssl.trustmanager.algorithm = PKIX
	schema.registry.ssl.truststore.certificates = null
	schema.registry.ssl.truststore.location = null
	schema.registry.ssl.truststore.password = null
	schema.registry.ssl.truststore.type = JKS
	schema.registry.url = [http://registry-app-mysql.apps.ci419.apicurio-testing.org:80/apis/ccompat/v7]
	schema.registry.url.randomize = false
	specific.avro.key.type = null
	specific.avro.reader = false
	specific.avro.value.type = null
	use.latest.version = false
	use.latest.with.metadata = null
	use.schema.id = -1
	value.schema.id.deserializer = class io.confluent.kafka.serializers.schema.id.DualSchemaIdDeserializer
	value.schema.id.serializer = class io.confluent.kafka.serializers.schema.id.PrefixSchemaIdSerializer
	value.subject.name.strategy = class io.confluent.kafka.serializers.subject.TopicNameStrategy

2025-08-06 18:58:06,308 INFO  [org.apa.kaf.cli.con.ConsumerConfig] (main) These configurations '[schema.registry.url]' were supplied but are not used yet.
2025-08-06 18:58:06,308 INFO  [org.apa.kaf.com.uti.AppInfoParser] (main) Kafka version: 3.9.1
2025-08-06 18:58:06,308 INFO  [org.apa.kaf.com.uti.AppInfoParser] (main) Kafka commitId: f745dfdcee2b9851
2025-08-06 18:58:06,308 INFO  [org.apa.kaf.com.uti.AppInfoParser] (main) Kafka startTimeMs: 1754506686308
2025-08-06 18:58:06,309 INFO  [org.apa.kaf.cli.con.int.ClassicKafkaConsumer] (Thread-907) [Consumer clientId=consumer-Consumer-topic-25cb72eb_2000_4864_8fec_ca766b407a68-42, groupId=Consumer-topic-25cb72eb_2000_4864_8fec_ca766b407a68] Subscribed to topic(s): topic-25cb72eb_2000_4864_8fec_ca766b407a68
2025-08-06 18:58:06,313 INFO  [org.apa.kaf.cli.Metadata] (Thread-907) [Consumer clientId=consumer-Consumer-topic-25cb72eb_2000_4864_8fec_ca766b407a68-42, groupId=Consumer-topic-25cb72eb_2000_4864_8fec_ca766b407a68] Cluster ID: kF8Ua3WQTR-RR3LzMUds4A
2025-08-06 18:58:06,314 INFO  [org.apa.kaf.cli.con.int.ConsumerCoordinator] (Thread-907) [Consumer clientId=consumer-Consumer-topic-25cb72eb_2000_4864_8fec_ca766b407a68-42, groupId=Consumer-topic-25cb72eb_2000_4864_8fec_ca766b407a68] Discovered group coordinator localhost:32769 (id: 2147483647 rack: null)
2025-08-06 18:58:06,318 INFO  [org.apa.kaf.cli.con.int.ConsumerCoordinator] (Thread-907) [Consumer clientId=consumer-Consumer-topic-25cb72eb_2000_4864_8fec_ca766b407a68-42, groupId=Consumer-topic-25cb72eb_2000_4864_8fec_ca766b407a68] (Re-)joining group
2025-08-06 18:58:06,319 INFO  [org.apa.kaf.cli.con.int.ConsumerCoordinator] (Thread-907) [Consumer clientId=consumer-Consumer-topic-25cb72eb_2000_4864_8fec_ca766b407a68-42, groupId=Consumer-topic-25cb72eb_2000_4864_8fec_ca766b407a68] Request joining group due to: need to re-join with the given member-id: consumer-Consumer-topic-25cb72eb_2000_4864_8fec_ca766b407a68-42-33faf632-03ec-4af6-b68e-30252f460c8b
2025-08-06 18:58:06,319 INFO  [org.apa.kaf.cli.con.int.ConsumerCoordinator] (Thread-907) [Consumer clientId=consumer-Consumer-topic-25cb72eb_2000_4864_8fec_ca766b407a68-42, groupId=Consumer-topic-25cb72eb_2000_4864_8fec_ca766b407a68] (Re-)joining group
2025-08-06 18:58:07,309 INFO  [io.api.tes.ser.api.KafkaSerdesTester] (Thread-907) None found
2025-08-06 18:58:08,309 INFO  [io.api.tes.ser.api.KafkaSerdesTester] (Thread-907) None found
2025-08-06 18:58:09,309 INFO  [io.api.tes.ser.api.KafkaSerdesTester] (Thread-907) None found
2025-08-06 18:58:09,321 INFO  [org.apa.kaf.cli.con.int.ConsumerCoordinator] (Thread-907) [Consumer clientId=consumer-Consumer-topic-25cb72eb_2000_4864_8fec_ca766b407a68-42, groupId=Consumer-topic-25cb72eb_2000_4864_8fec_ca766b407a68] Successfully joined group with generation Generation{generationId=1, memberId='consumer-Consumer-topic-25cb72eb_2000_4864_8fec_ca766b407a68-42-33faf632-03ec-4af6-b68e-30252f460c8b', protocol='range'}
2025-08-06 18:58:09,321 INFO  [org.apa.kaf.cli.con.int.ConsumerCoordinator] (Thread-907) [Consumer clientId=consumer-Consumer-topic-25cb72eb_2000_4864_8fec_ca766b407a68-42, groupId=Consumer-topic-25cb72eb_2000_4864_8fec_ca766b407a68] Finished assignment for group at generation 1: {consumer-Consumer-topic-25cb72eb_2000_4864_8fec_ca766b407a68-42-33faf632-03ec-4af6-b68e-30252f460c8b=Assignment(partitions=[topic-25cb72eb_2000_4864_8fec_ca766b407a68-0])}
2025-08-06 18:58:09,327 INFO  [org.apa.kaf.cli.con.int.ConsumerCoordinator] (Thread-907) [Consumer clientId=consumer-Consumer-topic-25cb72eb_2000_4864_8fec_ca766b407a68-42, groupId=Consumer-topic-25cb72eb_2000_4864_8fec_ca766b407a68] Successfully synced group in generation Generation{generationId=1, memberId='consumer-Consumer-topic-25cb72eb_2000_4864_8fec_ca766b407a68-42-33faf632-03ec-4af6-b68e-30252f460c8b', protocol='range'}
2025-08-06 18:58:09,327 INFO  [org.apa.kaf.cli.con.int.ConsumerCoordinator] (Thread-907) [Consumer clientId=consumer-Consumer-topic-25cb72eb_2000_4864_8fec_ca766b407a68-42, groupId=Consumer-topic-25cb72eb_2000_4864_8fec_ca766b407a68] Notifying assignor about the new Assignment(partitions=[topic-25cb72eb_2000_4864_8fec_ca766b407a68-0])
2025-08-06 18:58:09,327 INFO  [org.apa.kaf.cli.con.int.ConsumerRebalanceListenerInvoker] (Thread-907) [Consumer clientId=consumer-Consumer-topic-25cb72eb_2000_4864_8fec_ca766b407a68-42, groupId=Consumer-topic-25cb72eb_2000_4864_8fec_ca766b407a68] Adding newly assigned partitions: topic-25cb72eb_2000_4864_8fec_ca766b407a68-0
2025-08-06 18:58:09,328 INFO  [org.apa.kaf.cli.con.int.ConsumerCoordinator] (Thread-907) [Consumer clientId=consumer-Consumer-topic-25cb72eb_2000_4864_8fec_ca766b407a68-42, groupId=Consumer-topic-25cb72eb_2000_4864_8fec_ca766b407a68] Found no committed offset for partition topic-25cb72eb_2000_4864_8fec_ca766b407a68-0
2025-08-06 18:58:09,331 INFO  [org.apa.kaf.cli.con.int.SubscriptionState] (Thread-907) [Consumer clientId=consumer-Consumer-topic-25cb72eb_2000_4864_8fec_ca766b407a68-42, groupId=Consumer-topic-25cb72eb_2000_4864_8fec_ca766b407a68] Resetting offset for partition topic-25cb72eb_2000_4864_8fec_ca766b407a68-0 to position FetchPosition{offset=0, offsetEpoch=Optional.empty, currentLeader=LeaderAndEpoch{leader=Optional[localhost:32769 (id: 0 rack: null)], epoch=0}}.
2025-08-06 18:58:09,417 INFO  [io.api.tes.ser.api.KafkaSerdesTester] (Thread-907) topic-25cb72eb_2000_4864_8fec_ca766b407a68 0 0 {"key1": "value-0"}
2025-08-06 18:58:09,417 INFO  [io.api.tes.ser.api.KafkaSerdesTester] (Thread-907) topic-25cb72eb_2000_4864_8fec_ca766b407a68 0 1 {"key1": "value-1"}
2025-08-06 18:58:09,417 INFO  [io.api.tes.ser.api.KafkaSerdesTester] (Thread-907) topic-25cb72eb_2000_4864_8fec_ca766b407a68 0 2 {"key1": "value-2"}
2025-08-06 18:58:09,417 INFO  [io.api.tes.ser.api.KafkaSerdesTester] (Thread-907) topic-25cb72eb_2000_4864_8fec_ca766b407a68 0 3 {"key1": "value-3"}
2025-08-06 18:58:09,417 INFO  [io.api.tes.ser.api.KafkaSerdesTester] (Thread-907) topic-25cb72eb_2000_4864_8fec_ca766b407a68 0 4 {"key1": "value-4"}
2025-08-06 18:58:09,417 INFO  [io.api.tes.ser.api.KafkaSerdesTester] (Thread-907) topic-25cb72eb_2000_4864_8fec_ca766b407a68 0 5 {"key1": "value-5"}
2025-08-06 18:58:09,417 INFO  [io.api.tes.ser.api.KafkaSerdesTester] (Thread-907) topic-25cb72eb_2000_4864_8fec_ca766b407a68 0 6 {"key1": "value-6"}
2025-08-06 18:58:09,417 INFO  [io.api.tes.ser.api.KafkaSerdesTester] (Thread-907) topic-25cb72eb_2000_4864_8fec_ca766b407a68 0 7 {"key1": "value-7"}
2025-08-06 18:58:09,417 INFO  [io.api.tes.ser.api.KafkaSerdesTester] (Thread-907) topic-25cb72eb_2000_4864_8fec_ca766b407a68 0 8 {"key1": "value-8"}
2025-08-06 18:58:09,417 INFO  [io.api.tes.ser.api.KafkaSerdesTester] (Thread-907) topic-25cb72eb_2000_4864_8fec_ca766b407a68 0 9 {"key1": "value-9"}
2025-08-06 18:58:09,417 INFO  [io.api.tes.ser.api.KafkaSerdesTester] (Thread-907) Consumed 10 messages
2025-08-06 18:58:09,423 INFO  [org.apa.kaf.cli.con.int.ConsumerRebalanceListenerInvoker] (Thread-907) [Consumer clientId=consumer-Consumer-topic-25cb72eb_2000_4864_8fec_ca766b407a68-42, groupId=Consumer-topic-25cb72eb_2000_4864_8fec_ca766b407a68] Revoke previously assigned partitions topic-25cb72eb_2000_4864_8fec_ca766b407a68-0
2025-08-06 18:58:09,423 INFO  [org.apa.kaf.cli.con.int.ConsumerCoordinator] (Thread-907) [Consumer clientId=consumer-Consumer-topic-25cb72eb_2000_4864_8fec_ca766b407a68-42, groupId=Consumer-topic-25cb72eb_2000_4864_8fec_ca766b407a68] Member consumer-Consumer-topic-25cb72eb_2000_4864_8fec_ca766b407a68-42-33faf632-03ec-4af6-b68e-30252f460c8b sending LeaveGroup request to coordinator localhost:32769 (id: 2147483647 rack: null) due to the consumer is being closed
2025-08-06 18:58:09,423 INFO  [org.apa.kaf.cli.con.int.ConsumerCoordinator] (Thread-907) [Consumer clientId=consumer-Consumer-topic-25cb72eb_2000_4864_8fec_ca766b407a68-42, groupId=Consumer-topic-25cb72eb_2000_4864_8fec_ca766b407a68] Resetting generation and member id due to: consumer pro-actively leaving the group
2025-08-06 18:58:09,423 INFO  [org.apa.kaf.cli.con.int.ConsumerCoordinator] (Thread-907) [Consumer clientId=consumer-Consumer-topic-25cb72eb_2000_4864_8fec_ca766b407a68-42, groupId=Consumer-topic-25cb72eb_2000_4864_8fec_ca766b407a68] Request joining group due to: consumer pro-actively leaving the group
2025-08-06 18:58:09,918 INFO  [org.apa.kaf.com.met.Metrics] (Thread-907) Metrics scheduler closed
2025-08-06 18:58:09,918 INFO  [org.apa.kaf.com.met.Metrics] (Thread-907) Closing reporter org.apache.kafka.common.metrics.JmxReporter
2025-08-06 18:58:09,918 INFO  [org.apa.kaf.com.met.Metrics] (Thread-907) Closing reporter org.apache.kafka.common.telemetry.internals.ClientTelemetryReporter
2025-08-06 18:58:09,919 INFO  [org.apa.kaf.com.met.Metrics] (Thread-907) Metrics reporters closed
2025-08-06 18:58:09,920 INFO  [org.apa.kaf.com.uti.AppInfoParser] (Thread-907) App info kafka.consumer for consumer-Consumer-topic-25cb72eb_2000_4864_8fec_ca766b407a68-42 unregistered
2025-08-06 18:58:10,082 INFO  [io.api.tes.ser.con.BasicConfluentSerDesIT] (main) Deleting confluent schema topic-25cb72eb_2000_4864_8fec_ca766b407a68-value
2025-08-06 18:58:10,169 INFO  [io.api.tes.uti.TestSeparator] (main) io.apicurio.tests.serdes.confluent.BasicConfluentSerDesIT.testAvroApicurioConfluent-FINISHED
2025-08-06 18:58:10,169 INFO  [io.api.tes.uti.TestSeparator] (main) ############################################################################
Test passed: testAvroApicurioConfluent
]]></system-out>
  </testcase>
  <testcase name="testAvroConfluentSerDesFail" classname="io.apicurio.tests.serdes.confluent.BasicConfluentSerDesIT" time="0.634">
    <system-out><![CDATA[2025-08-06 18:58:10,170 INFO  [io.api.tes.uti.TestSeparator] (main) ############################################################################
2025-08-06 18:58:10,170 INFO  [io.api.tes.uti.TestSeparator] (main) io.apicurio.tests.serdes.confluent.BasicConfluentSerDesIT.testAvroConfluentSerDesFail-STARTED
2025-08-06 18:58:10,373 INFO  [io.api.tes.ser.con.BasicConfluentSerDesIT] (main) Checking that created schema is equal to the get schema
2025-08-06 18:58:10,462 INFO  [io.api.tes.ser.con.BasicConfluentSerDesIT] (main) Created schema with id:116 and name:myrecordconfluent2
**** Registry Base URL: http://registry-app-mysql.apps.ci419.apicurio-testing.org:80
2025-08-06 18:58:10,463 INFO  [org.apa.kaf.cli.pro.ProducerConfig] (main) ProducerConfig values: 
	acks = -1
	auto.include.jmx.reporter = true
	batch.size = 16384
	bootstrap.servers = [PLAINTEXT://localhost:32769]
	buffer.memory = 33554432
	client.dns.lookup = use_all_dns_ips
	client.id = Producer-topic-e7708f98_d681_4fd5_8361_eded8f99f0fa
	compression.gzip.level = -1
	compression.lz4.level = 9
	compression.type = none
	compression.zstd.level = 3
	connections.max.idle.ms = 10000
	delivery.timeout.ms = 120000
	enable.idempotence = true
	enable.metrics.push = true
	interceptor.classes = []
	key.serializer = class org.apache.kafka.common.serialization.StringSerializer
	linger.ms = 0
	max.block.ms = 60000
	max.in.flight.requests.per.connection = 5
	max.request.size = 1048576
	metadata.max.age.ms = 300000
	metadata.max.idle.ms = 300000
	metadata.recovery.strategy = none
	metric.reporters = []
	metrics.num.samples = 2
	metrics.recording.level = INFO
	metrics.sample.window.ms = 30000
	partitioner.adaptive.partitioning.enable = true
	partitioner.availability.timeout.ms = 0
	partitioner.class = null
	partitioner.ignore.keys = false
	receive.buffer.bytes = 32768
	reconnect.backoff.max.ms = 1000
	reconnect.backoff.ms = 50
	request.timeout.ms = 5000
	retries = 2147483647
	retry.backoff.max.ms = 1000
	retry.backoff.ms = 100
	sasl.client.callback.handler.class = null
	sasl.jaas.config = null
	sasl.kerberos.kinit.cmd = /usr/bin/kinit
	sasl.kerberos.min.time.before.relogin = 60000
	sasl.kerberos.service.name = null
	sasl.kerberos.ticket.renew.jitter = 0.05
	sasl.kerberos.ticket.renew.window.factor = 0.8
	sasl.login.callback.handler.class = null
	sasl.login.class = null
	sasl.login.connect.timeout.ms = null
	sasl.login.read.timeout.ms = null
	sasl.login.refresh.buffer.seconds = 300
	sasl.login.refresh.min.period.seconds = 60
	sasl.login.refresh.window.factor = 0.8
	sasl.login.refresh.window.jitter = 0.05
	sasl.login.retry.backoff.max.ms = 10000
	sasl.login.retry.backoff.ms = 100
	sasl.mechanism = GSSAPI
	sasl.oauthbearer.clock.skew.seconds = 30
	sasl.oauthbearer.expected.audience = null
	sasl.oauthbearer.expected.issuer = null
	sasl.oauthbearer.header.urlencode = false
	sasl.oauthbearer.jwks.endpoint.refresh.ms = 3600000
	sasl.oauthbearer.jwks.endpoint.retry.backoff.max.ms = 10000
	sasl.oauthbearer.jwks.endpoint.retry.backoff.ms = 100
	sasl.oauthbearer.jwks.endpoint.url = null
	sasl.oauthbearer.scope.claim.name = scope
	sasl.oauthbearer.sub.claim.name = sub
	sasl.oauthbearer.token.endpoint.url = null
	security.protocol = PLAINTEXT
	security.providers = null
	send.buffer.bytes = 131072
	socket.connection.setup.timeout.max.ms = 30000
	socket.connection.setup.timeout.ms = 10000
	ssl.cipher.suites = null
	ssl.enabled.protocols = [TLSv1.2, TLSv1.3]
	ssl.endpoint.identification.algorithm = https
	ssl.engine.factory.class = null
	ssl.key.password = null
	ssl.keymanager.algorithm = SunX509
	ssl.keystore.certificate.chain = null
	ssl.keystore.key = null
	ssl.keystore.location = null
	ssl.keystore.password = null
	ssl.keystore.type = JKS
	ssl.protocol = TLSv1.3
	ssl.provider = null
	ssl.secure.random.implementation = null
	ssl.trustmanager.algorithm = PKIX
	ssl.truststore.certificates = null
	ssl.truststore.location = null
	ssl.truststore.password = null
	ssl.truststore.type = JKS
	transaction.timeout.ms = 60000
	transactional.id = null
	value.serializer = class io.confluent.kafka.serializers.KafkaAvroSerializer

2025-08-06 18:58:10,463 INFO  [org.apa.kaf.com.tel.int.KafkaMetricsCollector] (main) initializing Kafka metrics collector
2025-08-06 18:58:10,463 INFO  [io.con.kaf.ser.KafkaAvroSerializerConfig] (main) KafkaAvroSerializerConfig values: 
	auto.register.schemas = false
	avro.reflection.allow.null = false
	avro.remove.java.properties = false
	avro.use.logical.type.converters = false
	basic.auth.credentials.source = URL
	basic.auth.user.info = [hidden]
	bearer.auth.cache.expiry.buffer.seconds = 300
	bearer.auth.client.id = null
	bearer.auth.client.secret = null
	bearer.auth.credentials.source = STATIC_TOKEN
	bearer.auth.custom.provider.class = null
	bearer.auth.identity.pool.id = null
	bearer.auth.issuer.endpoint.url = null
	bearer.auth.logical.cluster = null
	bearer.auth.scope = null
	bearer.auth.scope.claim.name = scope
	bearer.auth.sub.claim.name = sub
	bearer.auth.token = [hidden]
	context.name.strategy = class io.confluent.kafka.serializers.context.NullContextNameStrategy
	http.connect.timeout.ms = 60000
	http.read.timeout.ms = 60000
	id.compatibility.strict = true
	key.schema.id.deserializer = class io.confluent.kafka.serializers.schema.id.DualSchemaIdDeserializer
	key.schema.id.serializer = class io.confluent.kafka.serializers.schema.id.PrefixSchemaIdSerializer
	key.subject.name.strategy = class io.confluent.kafka.serializers.subject.TopicNameStrategy
	latest.cache.size = 1000
	latest.cache.ttl.sec = -1
	latest.compatibility.strict = true
	max.retries = 3
	max.schemas.per.subject = 1000
	normalize.schemas = false
	propagate.schema.tags = false
	proxy.host = 
	proxy.port = -1
	retries.max.wait.ms = 20000
	retries.wait.ms = 1000
	rule.actions = []
	rule.executors = []
	rule.service.loader.enable = true
	schema.format = null
	schema.reflection = false
	schema.registry.basic.auth.user.info = [hidden]
	schema.registry.ssl.cipher.suites = null
	schema.registry.ssl.enabled.protocols = [TLSv1.2, TLSv1.3]
	schema.registry.ssl.endpoint.identification.algorithm = https
	schema.registry.ssl.engine.factory.class = null
	schema.registry.ssl.key.password = null
	schema.registry.ssl.keymanager.algorithm = SunX509
	schema.registry.ssl.keystore.certificate.chain = null
	schema.registry.ssl.keystore.key = null
	schema.registry.ssl.keystore.location = null
	schema.registry.ssl.keystore.password = null
	schema.registry.ssl.keystore.type = JKS
	schema.registry.ssl.protocol = TLSv1.3
	schema.registry.ssl.provider = null
	schema.registry.ssl.secure.random.implementation = null
	schema.registry.ssl.trustmanager.algorithm = PKIX
	schema.registry.ssl.truststore.certificates = null
	schema.registry.ssl.truststore.location = null
	schema.registry.ssl.truststore.password = null
	schema.registry.ssl.truststore.type = JKS
	schema.registry.url = [http://registry-app-mysql.apps.ci419.apicurio-testing.org:80/apis/ccompat/v7]
	schema.registry.url.randomize = false
	use.latest.version = false
	use.latest.with.metadata = null
	use.schema.id = -1
	value.schema.id.deserializer = class io.confluent.kafka.serializers.schema.id.DualSchemaIdDeserializer
	value.schema.id.serializer = class io.confluent.kafka.serializers.schema.id.PrefixSchemaIdSerializer
	value.subject.name.strategy = class io.confluent.kafka.serializers.subject.RecordNameStrategy

2025-08-06 18:58:10,465 INFO  [org.apa.kaf.cli.pro.KafkaProducer] (main) [Producer clientId=Producer-topic-e7708f98_d681_4fd5_8361_eded8f99f0fa] Instantiated an idempotent producer.
2025-08-06 18:58:10,466 INFO  [org.apa.kaf.cli.pro.ProducerConfig] (main) These configurations '[schema.registry.url, auto.register.schemas, value.subject.name.strategy]' were supplied but are not used yet.
2025-08-06 18:58:10,466 INFO  [org.apa.kaf.com.uti.AppInfoParser] (main) Kafka version: 3.9.1
2025-08-06 18:58:10,466 INFO  [org.apa.kaf.com.uti.AppInfoParser] (main) Kafka commitId: f745dfdcee2b9851
2025-08-06 18:58:10,466 INFO  [org.apa.kaf.com.uti.AppInfoParser] (main) Kafka startTimeMs: 1754506690466
2025-08-06 18:58:10,466 INFO  [io.api.tes.ser.api.KafkaSerdesTester] (Thread-908) Sending message {"wrongkey": "value-0"} to topic topic-e7708f98_d681_4fd5_8361_eded8f99f0fa
2025-08-06 18:58:10,469 INFO  [org.apa.kaf.cli.Metadata] (kafka-producer-network-thread | Producer-topic-e7708f98_d681_4fd5_8361_eded8f99f0fa) [Producer clientId=Producer-topic-e7708f98_d681_4fd5_8361_eded8f99f0fa] Cluster ID: kF8Ua3WQTR-RR3LzMUds4A
2025-08-06 18:58:10,470 INFO  [org.apa.kaf.cli.pro.int.TransactionManager] (kafka-producer-network-thread | Producer-topic-e7708f98_d681_4fd5_8361_eded8f99f0fa) [Producer clientId=Producer-topic-e7708f98_d681_4fd5_8361_eded8f99f0fa] ProducerId set to 57 with epoch 0
2025-08-06 18:58:10,554 INFO  [org.apa.kaf.cli.pro.KafkaProducer] (Thread-908) [Producer clientId=Producer-topic-e7708f98_d681_4fd5_8361_eded8f99f0fa] Closing the Kafka producer with timeoutMillis = 9223372036854775807 ms.
2025-08-06 18:58:10,556 INFO  [org.apa.kaf.com.met.Metrics] (Thread-908) Metrics scheduler closed
2025-08-06 18:58:10,556 INFO  [org.apa.kaf.com.met.Metrics] (Thread-908) Closing reporter org.apache.kafka.common.metrics.JmxReporter
2025-08-06 18:58:10,556 INFO  [org.apa.kaf.com.met.Metrics] (Thread-908) Closing reporter org.apache.kafka.common.telemetry.internals.ClientTelemetryReporter
2025-08-06 18:58:10,556 INFO  [org.apa.kaf.com.met.Metrics] (Thread-908) Metrics reporters closed
2025-08-06 18:58:10,556 INFO  [org.apa.kaf.com.uti.AppInfoParser] (Thread-908) App info kafka.producer for Producer-topic-e7708f98_d681_4fd5_8361_eded8f99f0fa unregistered
2025-08-06 18:58:10,718 INFO  [io.api.tes.ser.con.BasicConfluentSerDesIT] (main) Deleting confluent schema myrecordconfluent2
2025-08-06 18:58:10,803 INFO  [io.api.tes.uti.TestSeparator] (main) io.apicurio.tests.serdes.confluent.BasicConfluentSerDesIT.testAvroConfluentSerDesFail-FINISHED
2025-08-06 18:58:10,803 INFO  [io.api.tes.uti.TestSeparator] (main) ############################################################################
Test passed: testAvroConfluentSerDesFail
]]></system-out>
  </testcase>
  <testcase name="testAvroConfluentSerDesWrongStrategyRecord" classname="io.apicurio.tests.serdes.confluent.BasicConfluentSerDesIT" time="0.632">
    <system-out><![CDATA[2025-08-06 18:58:10,804 INFO  [io.api.tes.uti.TestSeparator] (main) ############################################################################
2025-08-06 18:58:10,804 INFO  [io.api.tes.uti.TestSeparator] (main) io.apicurio.tests.serdes.confluent.BasicConfluentSerDesIT.testAvroConfluentSerDesWrongStrategyRecord-STARTED
2025-08-06 18:58:11,009 INFO  [io.api.tes.ser.con.BasicConfluentSerDesIT] (main) Checking that created schema is equal to the get schema
2025-08-06 18:58:11,096 INFO  [io.api.tes.ser.con.BasicConfluentSerDesIT] (main) Created schema with id:117 and name:myrecordconfluent4
**** Registry Base URL: http://registry-app-mysql.apps.ci419.apicurio-testing.org:80
2025-08-06 18:58:11,097 INFO  [org.apa.kaf.cli.pro.ProducerConfig] (main) ProducerConfig values: 
	acks = -1
	auto.include.jmx.reporter = true
	batch.size = 16384
	bootstrap.servers = [PLAINTEXT://localhost:32769]
	buffer.memory = 33554432
	client.dns.lookup = use_all_dns_ips
	client.id = Producer-topic-4e83d3ed_a1ea_49ab_9b46_08734ea321b3
	compression.gzip.level = -1
	compression.lz4.level = 9
	compression.type = none
	compression.zstd.level = 3
	connections.max.idle.ms = 10000
	delivery.timeout.ms = 120000
	enable.idempotence = true
	enable.metrics.push = true
	interceptor.classes = []
	key.serializer = class org.apache.kafka.common.serialization.StringSerializer
	linger.ms = 0
	max.block.ms = 60000
	max.in.flight.requests.per.connection = 5
	max.request.size = 1048576
	metadata.max.age.ms = 300000
	metadata.max.idle.ms = 300000
	metadata.recovery.strategy = none
	metric.reporters = []
	metrics.num.samples = 2
	metrics.recording.level = INFO
	metrics.sample.window.ms = 30000
	partitioner.adaptive.partitioning.enable = true
	partitioner.availability.timeout.ms = 0
	partitioner.class = null
	partitioner.ignore.keys = false
	receive.buffer.bytes = 32768
	reconnect.backoff.max.ms = 1000
	reconnect.backoff.ms = 50
	request.timeout.ms = 5000
	retries = 2147483647
	retry.backoff.max.ms = 1000
	retry.backoff.ms = 100
	sasl.client.callback.handler.class = null
	sasl.jaas.config = null
	sasl.kerberos.kinit.cmd = /usr/bin/kinit
	sasl.kerberos.min.time.before.relogin = 60000
	sasl.kerberos.service.name = null
	sasl.kerberos.ticket.renew.jitter = 0.05
	sasl.kerberos.ticket.renew.window.factor = 0.8
	sasl.login.callback.handler.class = null
	sasl.login.class = null
	sasl.login.connect.timeout.ms = null
	sasl.login.read.timeout.ms = null
	sasl.login.refresh.buffer.seconds = 300
	sasl.login.refresh.min.period.seconds = 60
	sasl.login.refresh.window.factor = 0.8
	sasl.login.refresh.window.jitter = 0.05
	sasl.login.retry.backoff.max.ms = 10000
	sasl.login.retry.backoff.ms = 100
	sasl.mechanism = GSSAPI
	sasl.oauthbearer.clock.skew.seconds = 30
	sasl.oauthbearer.expected.audience = null
	sasl.oauthbearer.expected.issuer = null
	sasl.oauthbearer.header.urlencode = false
	sasl.oauthbearer.jwks.endpoint.refresh.ms = 3600000
	sasl.oauthbearer.jwks.endpoint.retry.backoff.max.ms = 10000
	sasl.oauthbearer.jwks.endpoint.retry.backoff.ms = 100
	sasl.oauthbearer.jwks.endpoint.url = null
	sasl.oauthbearer.scope.claim.name = scope
	sasl.oauthbearer.sub.claim.name = sub
	sasl.oauthbearer.token.endpoint.url = null
	security.protocol = PLAINTEXT
	security.providers = null
	send.buffer.bytes = 131072
	socket.connection.setup.timeout.max.ms = 30000
	socket.connection.setup.timeout.ms = 10000
	ssl.cipher.suites = null
	ssl.enabled.protocols = [TLSv1.2, TLSv1.3]
	ssl.endpoint.identification.algorithm = https
	ssl.engine.factory.class = null
	ssl.key.password = null
	ssl.keymanager.algorithm = SunX509
	ssl.keystore.certificate.chain = null
	ssl.keystore.key = null
	ssl.keystore.location = null
	ssl.keystore.password = null
	ssl.keystore.type = JKS
	ssl.protocol = TLSv1.3
	ssl.provider = null
	ssl.secure.random.implementation = null
	ssl.trustmanager.algorithm = PKIX
	ssl.truststore.certificates = null
	ssl.truststore.location = null
	ssl.truststore.password = null
	ssl.truststore.type = JKS
	transaction.timeout.ms = 60000
	transactional.id = null
	value.serializer = class io.confluent.kafka.serializers.KafkaAvroSerializer

2025-08-06 18:58:11,097 INFO  [org.apa.kaf.com.tel.int.KafkaMetricsCollector] (main) initializing Kafka metrics collector
2025-08-06 18:58:11,098 INFO  [io.con.kaf.ser.KafkaAvroSerializerConfig] (main) KafkaAvroSerializerConfig values: 
	auto.register.schemas = false
	avro.reflection.allow.null = false
	avro.remove.java.properties = false
	avro.use.logical.type.converters = false
	basic.auth.credentials.source = URL
	basic.auth.user.info = [hidden]
	bearer.auth.cache.expiry.buffer.seconds = 300
	bearer.auth.client.id = null
	bearer.auth.client.secret = null
	bearer.auth.credentials.source = STATIC_TOKEN
	bearer.auth.custom.provider.class = null
	bearer.auth.identity.pool.id = null
	bearer.auth.issuer.endpoint.url = null
	bearer.auth.logical.cluster = null
	bearer.auth.scope = null
	bearer.auth.scope.claim.name = scope
	bearer.auth.sub.claim.name = sub
	bearer.auth.token = [hidden]
	context.name.strategy = class io.confluent.kafka.serializers.context.NullContextNameStrategy
	http.connect.timeout.ms = 60000
	http.read.timeout.ms = 60000
	id.compatibility.strict = true
	key.schema.id.deserializer = class io.confluent.kafka.serializers.schema.id.DualSchemaIdDeserializer
	key.schema.id.serializer = class io.confluent.kafka.serializers.schema.id.PrefixSchemaIdSerializer
	key.subject.name.strategy = class io.confluent.kafka.serializers.subject.TopicNameStrategy
	latest.cache.size = 1000
	latest.cache.ttl.sec = -1
	latest.compatibility.strict = true
	max.retries = 3
	max.schemas.per.subject = 1000
	normalize.schemas = false
	propagate.schema.tags = false
	proxy.host = 
	proxy.port = -1
	retries.max.wait.ms = 20000
	retries.wait.ms = 1000
	rule.actions = []
	rule.executors = []
	rule.service.loader.enable = true
	schema.format = null
	schema.reflection = false
	schema.registry.basic.auth.user.info = [hidden]
	schema.registry.ssl.cipher.suites = null
	schema.registry.ssl.enabled.protocols = [TLSv1.2, TLSv1.3]
	schema.registry.ssl.endpoint.identification.algorithm = https
	schema.registry.ssl.engine.factory.class = null
	schema.registry.ssl.key.password = null
	schema.registry.ssl.keymanager.algorithm = SunX509
	schema.registry.ssl.keystore.certificate.chain = null
	schema.registry.ssl.keystore.key = null
	schema.registry.ssl.keystore.location = null
	schema.registry.ssl.keystore.password = null
	schema.registry.ssl.keystore.type = JKS
	schema.registry.ssl.protocol = TLSv1.3
	schema.registry.ssl.provider = null
	schema.registry.ssl.secure.random.implementation = null
	schema.registry.ssl.trustmanager.algorithm = PKIX
	schema.registry.ssl.truststore.certificates = null
	schema.registry.ssl.truststore.location = null
	schema.registry.ssl.truststore.password = null
	schema.registry.ssl.truststore.type = JKS
	schema.registry.url = [http://registry-app-mysql.apps.ci419.apicurio-testing.org:80/apis/ccompat/v7]
	schema.registry.url.randomize = false
	use.latest.version = false
	use.latest.with.metadata = null
	use.schema.id = -1
	value.schema.id.deserializer = class io.confluent.kafka.serializers.schema.id.DualSchemaIdDeserializer
	value.schema.id.serializer = class io.confluent.kafka.serializers.schema.id.PrefixSchemaIdSerializer
	value.subject.name.strategy = class io.confluent.kafka.serializers.subject.RecordNameStrategy

2025-08-06 18:58:11,100 INFO  [org.apa.kaf.cli.pro.KafkaProducer] (main) [Producer clientId=Producer-topic-4e83d3ed_a1ea_49ab_9b46_08734ea321b3] Instantiated an idempotent producer.
2025-08-06 18:58:11,101 INFO  [org.apa.kaf.cli.pro.ProducerConfig] (main) These configurations '[schema.registry.url, auto.register.schemas, value.subject.name.strategy]' were supplied but are not used yet.
2025-08-06 18:58:11,101 INFO  [org.apa.kaf.com.uti.AppInfoParser] (main) Kafka version: 3.9.1
2025-08-06 18:58:11,101 INFO  [org.apa.kaf.com.uti.AppInfoParser] (main) Kafka commitId: f745dfdcee2b9851
2025-08-06 18:58:11,101 INFO  [org.apa.kaf.com.uti.AppInfoParser] (main) Kafka startTimeMs: 1754506691101
2025-08-06 18:58:11,101 INFO  [io.api.tes.ser.api.KafkaSerdesTester] (Thread-909) Sending message {"wrongkey": "value-0"} to topic topic-4e83d3ed_a1ea_49ab_9b46_08734ea321b3
2025-08-06 18:58:11,104 INFO  [org.apa.kaf.cli.Metadata] (kafka-producer-network-thread | Producer-topic-4e83d3ed_a1ea_49ab_9b46_08734ea321b3) [Producer clientId=Producer-topic-4e83d3ed_a1ea_49ab_9b46_08734ea321b3] Cluster ID: kF8Ua3WQTR-RR3LzMUds4A
2025-08-06 18:58:11,104 INFO  [org.apa.kaf.cli.pro.int.TransactionManager] (kafka-producer-network-thread | Producer-topic-4e83d3ed_a1ea_49ab_9b46_08734ea321b3) [Producer clientId=Producer-topic-4e83d3ed_a1ea_49ab_9b46_08734ea321b3] ProducerId set to 58 with epoch 0
2025-08-06 18:58:11,185 INFO  [org.apa.kaf.cli.pro.KafkaProducer] (Thread-909) [Producer clientId=Producer-topic-4e83d3ed_a1ea_49ab_9b46_08734ea321b3] Closing the Kafka producer with timeoutMillis = 9223372036854775807 ms.
2025-08-06 18:58:11,186 INFO  [org.apa.kaf.com.met.Metrics] (Thread-909) Metrics scheduler closed
2025-08-06 18:58:11,186 INFO  [org.apa.kaf.com.met.Metrics] (Thread-909) Closing reporter org.apache.kafka.common.metrics.JmxReporter
2025-08-06 18:58:11,186 INFO  [org.apa.kaf.com.met.Metrics] (Thread-909) Closing reporter org.apache.kafka.common.telemetry.internals.ClientTelemetryReporter
2025-08-06 18:58:11,186 INFO  [org.apa.kaf.com.met.Metrics] (Thread-909) Metrics reporters closed
2025-08-06 18:58:11,186 INFO  [org.apa.kaf.com.uti.AppInfoParser] (Thread-909) App info kafka.producer for Producer-topic-4e83d3ed_a1ea_49ab_9b46_08734ea321b3 unregistered
2025-08-06 18:58:11,348 INFO  [io.api.tes.ser.con.BasicConfluentSerDesIT] (main) Deleting confluent schema topic-4e83d3ed_a1ea_49ab_9b46_08734ea321b3-value
2025-08-06 18:58:11,436 INFO  [io.api.tes.uti.TestSeparator] (main) io.apicurio.tests.serdes.confluent.BasicConfluentSerDesIT.testAvroConfluentSerDesWrongStrategyRecord-FINISHED
2025-08-06 18:58:11,436 INFO  [io.api.tes.uti.TestSeparator] (main) ############################################################################
Test passed: testAvroConfluentSerDesWrongStrategyRecord
]]></system-out>
  </testcase>
</testsuite>